<?xml version="1.0" encoding="UTF-8"?>
<robot generator="Robot 7.0.1 (Python 3.12.4 on linux)" generated="2024-06-30T18:19:44.457256" rpa="false" schemaversion="5">
<suite id="s1" name="Tests" source="/home/runner/work/ApiRandomUser/ApiRandomUser/RamdonUser/tests">
<suite id="s1-s1" name="Random-User-Test" source="/home/runner/work/ApiRandomUser/ApiRandomUser/RamdonUser/tests/random-user-test.robot">
<test id="s1-s1-t1" name="Conectar" line="13">
<kw name="Conectar API" owner="random-user-service">
<kw name="Create Session" owner="RequestsLibrary">
<msg time="2024-06-30T18:19:44.858484" level="INFO">Creating Session using : alias=consultarAPI, url=https://randomuser.me/, headers={},                     cookies={}, auth=None, timeout=None, proxies=None, verify=False,                     debug=0 </msg>
<arg>consultarAPI</arg>
<arg>${URL}</arg>
<doc>Create Session: create a HTTP session to a server</doc>
<status status="PASS" start="2024-06-30T18:19:44.858274" elapsed="0.000401"/>
</kw>
<status status="PASS" start="2024-06-30T18:19:44.857281" elapsed="0.001761"/>
</kw>
<status status="PASS" start="2024-06-30T18:19:44.856701" elapsed="0.002537"/>
</test>
<test id="s1-s1-t2" name="Validar retorno 200 e JSON Válido" line="16">
<kw name="Teste de Requisicao Basica" owner="random-user-service">
<kw name="GET On Session" owner="RequestsLibrary">
<msg time="2024-06-30T18:19:45.027197" level="INFO">GET Request : url=https://randomuser.me/api 
 path_url=/api 
 headers={'User-Agent': 'python-requests/2.32.3', 'Accept-Encoding': 'gzip, deflate', 'Accept': '*/*', 'Connection': 'keep-alive'} 
 body=None 
 </msg>
<msg time="2024-06-30T18:19:45.027369" level="INFO">GET Response : url=https://randomuser.me/api 
 status=200, reason=OK 
 headers={'Date': 'Sun, 30 Jun 2024 18:19:45 GMT', 'Content-Type': 'application/json; charset=utf-8', 'Transfer-Encoding': 'chunked', 'Connection': 'keep-alive', 'X-Powered-By': 'Express', 'Access-Control-Allow-Origin': '*', 'Cache-Control': 'no-cache', 'ETag': 'W/"47d-AnfBnFMkchYIvN3AQF3/xD7Iy/o"', 'Vary': 'Accept-Encoding', 'Content-Encoding': 'gzip', 'CF-Cache-Status': 'DYNAMIC', 'Report-To': '{"endpoints":[{"url":"https:\\/\\/a.nel.cloudflare.com\\/report\\/v4?s=zJMEWlo0invSqxgIc06hBMUylF9gNiwzqj61uNX46kfAYjKbU9TvXSY1TIOTJBY3I%2Fpc3qGYNuVj%2FuFJ%2FUEytaxWmQ6dJ8Lry%2FdEul8%2BulhiQ66MDeDSvTOOt%2ByjjaFk"}],"group":"cf-nel","max_age":604800}', 'NEL': '{"success_fraction":0,"report_to":"cf-nel","max_age":604800}', 'Server': 'cloudflare', 'CF-RAY': '89c02a95d8b82f26-LAX', 'alt-svc': 'h3=":443"; ma=86400'} 
 body={"results":[{"gender":"male","name":{"title":"Mr","first":"Evan","last":"Renaud"},"location":{"street":{"number":7323,"name":"Place de L'Abbé-Jean-Lebeuf"},"city":"Rennes","state":"Gers","country":"France","postcode":13685,"coordinates":{"latitude":"-20.0043","longitude":"-162.8848"},"timezone":{"offset":"+3:30","description":"Tehran"}},"email":"evan.renaud@example.com","login":{"uuid":"4d9b3c50-f749-4676-88e1-78aeb7b46f63","username":"tinycat507","password":"kissing","salt":"8CsLyCzd","md5":"23b03eb528c48158f0dd51528f8bf010","sha1":"c9b0120b4c62188a538cee0a502706df46dfce31","sha256":"ccf92c25ca1d009928367152e5546e930591aedb007b7d34ac18649f45952dff"},"dob":{"date":"1975-02-11T13:00:11.088Z","age":49},"registered":{"date":"2015-08-24T05:01:48.402Z","age":8},"phone":"04-47-24-93-26","cell":"06-65-05-70-26","id":{"name":"INSEE","value":"1750118942702 17"},"picture":{"large":"https://randomuser.me/api/portraits/men/91.jpg","medium":"https://randomuser.me/api/portraits/med/men/91.jpg","thumbnail":"https://randomuser.me/api/portraits/thumb/men/91.jpg"},"nat":"FR"}],"info":{"seed":"2db80469d0732746","results":1,"page":1,"version":"1.4"}} 
 </msg>
<msg time="2024-06-30T18:19:45.027466" level="INFO">/opt/hostedtoolcache/Python/3.12.4/x64/lib/python3.12/site-packages/urllib3/connectionpool.py:1099: InsecureRequestWarning: Unverified HTTPS request is being made to host 'randomuser.me'. Adding certificate verification is strongly advised. See: https://urllib3.readthedocs.io/en/latest/advanced-usage.html#tls-warnings
  warnings.warn(</msg>
<msg time="2024-06-30T18:19:45.027612" level="INFO">${response} = &lt;Response [200]&gt;</msg>
<var>${response}</var>
<arg>consultarAPI</arg>
<arg>/api</arg>
<doc>Sends a GET request on a previously created HTTP Session.</doc>
<status status="PASS" start="2024-06-30T18:19:44.861810" elapsed="0.165848"/>
</kw>
<kw name="Should Be Equal As Numbers" owner="BuiltIn">
<msg time="2024-06-30T18:19:45.028703" level="INFO">Argument types are:
&lt;class 'int'&gt;
&lt;class 'str'&gt;</msg>
<arg>${response.status_code}</arg>
<arg>200</arg>
<doc>Fails if objects are unequal after converting them to real numbers.</doc>
<status status="PASS" start="2024-06-30T18:19:45.028215" elapsed="0.000557"/>
</kw>
<kw name="Log" owner="BuiltIn">
<msg time="2024-06-30T18:19:45.029497" level="INFO">200</msg>
<arg>${response.status_code}</arg>
<doc>Logs the given message with the given level.</doc>
<status status="PASS" start="2024-06-30T18:19:45.029128" elapsed="0.000413"/>
</kw>
<kw name="Set Variable" owner="BuiltIn">
<msg time="2024-06-30T18:19:45.030357" level="INFO">${json_data} = {'results': [{'gender': 'male', 'name': {'title': 'Mr', 'first': 'Evan', 'last': 'Renaud'}, 'location': {'street': {'number': 7323, 'name': "Place de L'Abbé-Jean-Lebeuf"}, 'city': 'Rennes', 'state': '...</msg>
<var>${json_data}</var>
<arg>${response.json()}</arg>
<doc>Returns the given values which can then be assigned to a variables.</doc>
<status status="PASS" start="2024-06-30T18:19:45.029857" elapsed="0.000530"/>
</kw>
<kw name="Dictionary Should Contain Key" owner="Collections">
<arg>${json_data}</arg>
<arg>results</arg>
<doc>Fails if ``key`` is not found from ``dictionary``.</doc>
<status status="PASS" start="2024-06-30T18:19:45.030699" elapsed="0.000168"/>
</kw>
<status status="PASS" start="2024-06-30T18:19:44.861561" elapsed="0.169470"/>
</kw>
<doc>Testa se a API responde corretamente e retorna um objeto JSON válido.</doc>
<tag>testeRequisicaoBasica</tag>
<status status="PASS" start="2024-06-30T18:19:44.861079" elapsed="0.170136"/>
</test>
<test id="s1-s1-t3" name="Validar estrutura de resposta" line="22">
<kw name="Teste de Estrutura de Resposta" owner="random-user-service">
<kw name="GET On Session" owner="RequestsLibrary">
<msg time="2024-06-30T18:19:45.129683" level="INFO">GET Request : url=https://randomuser.me/api 
 path_url=/api 
 headers={'User-Agent': 'python-requests/2.32.3', 'Accept-Encoding': 'gzip, deflate', 'Accept': '*/*', 'Connection': 'keep-alive'} 
 body=None 
 </msg>
<msg time="2024-06-30T18:19:45.129764" level="INFO">GET Response : url=https://randomuser.me/api 
 status=200, reason=OK 
 headers={'Date': 'Sun, 30 Jun 2024 18:19:45 GMT', 'Content-Type': 'application/json; charset=utf-8', 'Transfer-Encoding': 'chunked', 'Connection': 'keep-alive', 'X-Powered-By': 'Express', 'Access-Control-Allow-Origin': '*', 'Cache-Control': 'no-cache', 'ETag': 'W/"485-6ckp8XYlEhskf4588adpv5fB46k"', 'Vary': 'Accept-Encoding', 'Content-Encoding': 'gzip', 'CF-Cache-Status': 'DYNAMIC', 'Report-To': '{"endpoints":[{"url":"https:\\/\\/a.nel.cloudflare.com\\/report\\/v4?s=bShu%2BQKyXsSPQz%2Fq3NVHz4ELZQ%2BdY50xw81izjSBYcwWT9x5NDLQaF%2BcwvONQANZBKuwo%2FGMNiegDHOLeDG%2FWK9Tk86f23OxMf34XkdRYc2jlZK8EGWsw2wr64tGx0eb"}],"group":"cf-nel","max_age":604800}', 'NEL': '{"success_fraction":0,"report_to":"cf-nel","max_age":604800}', 'Server': 'cloudflare', 'CF-RAY': '89c02a96796d2f26-LAX', 'alt-svc': 'h3=":443"; ma=86400'} 
 body={"results":[{"gender":"female","name":{"title":"Mrs","first":"Beverley","last":"Garza"},"location":{"street":{"number":6254,"name":"Poplar Dr"},"city":"Albany","state":"Queensland","country":"Australia","postcode":9337,"coordinates":{"latitude":"-88.8077","longitude":"173.7079"},"timezone":{"offset":"-12:00","description":"Eniwetok, Kwajalein"}},"email":"beverley.garza@example.com","login":{"uuid":"1450aa06-0132-4bda-af62-aaca7e6c7569","username":"blackmouse672","password":"golfball","salt":"hmkT2Q38","md5":"85e18da5453f82dfdc9dc2a585df899c","sha1":"310bc90e76cc29c17c959d719a8207306106a746","sha256":"beb1022987213217db041cd44b2b108f2e0bb26870b11adc84d5d4f1a5ea4a60"},"dob":{"date":"1989-08-18T20:01:18.432Z","age":34},"registered":{"date":"2014-12-18T06:16:09.322Z","age":9},"phone":"09-3743-3629","cell":"0477-799-539","id":{"name":"TFN","value":"457526602"},"picture":{"large":"https://randomuser.me/api/portraits/women/45.jpg","medium":"https://randomuser.me/api/portraits/med/women/45.jpg","thumbnail":"https://randomuser.me/api/portraits/thumb/women/45.jpg"},"nat":"AU"}],"info":{"seed":"e70e994c439e4132","results":1,"page":1,"version":"1.4"}} 
 </msg>
<msg time="2024-06-30T18:19:45.129887" level="INFO">/opt/hostedtoolcache/Python/3.12.4/x64/lib/python3.12/site-packages/urllib3/connectionpool.py:1099: InsecureRequestWarning: Unverified HTTPS request is being made to host 'randomuser.me'. Adding certificate verification is strongly advised. See: https://urllib3.readthedocs.io/en/latest/advanced-usage.html#tls-warnings
  warnings.warn(</msg>
<msg time="2024-06-30T18:19:45.129991" level="INFO">${response} = &lt;Response [200]&gt;</msg>
<var>${response}</var>
<arg>consultarAPI</arg>
<arg>/api</arg>
<doc>Sends a GET request on a previously created HTTP Session.</doc>
<status status="PASS" start="2024-06-30T18:19:45.033843" elapsed="0.096209"/>
</kw>
<kw name="Set Variable" owner="BuiltIn">
<msg time="2024-06-30T18:19:45.130977" level="INFO">${json_data} = {'results': [{'gender': 'female', 'name': {'title': 'Mrs', 'first': 'Beverley', 'last': 'Garza'}, 'location': {'street': {'number': 6254, 'name': 'Poplar Dr'}, 'city': 'Albany', 'state': 'Queensland',...</msg>
<var>${json_data}</var>
<arg>${response.json()}</arg>
<doc>Returns the given values which can then be assigned to a variables.</doc>
<status status="PASS" start="2024-06-30T18:19:45.130490" elapsed="0.000515"/>
</kw>
<kw name="Log" owner="BuiltIn">
<msg time="2024-06-30T18:19:45.131492" level="INFO">{'results': [{'gender': 'female', 'name': {'title': 'Mrs', 'first': 'Beverley', 'last': 'Garza'}, 'location': {'street': {'number': 6254, 'name': 'Poplar Dr'}, 'city': 'Albany', 'state': 'Queensland', 'country': 'Australia', 'postcode': 9337, 'coordinates': {'latitude': '-88.8077', 'longitude': '173.7079'}, 'timezone': {'offset': '-12:00', 'description': 'Eniwetok, Kwajalein'}}, 'email': 'beverley.garza@example.com', 'login': {'uuid': '1450aa06-0132-4bda-af62-aaca7e6c7569', 'username': 'blackmouse672', 'password': 'golfball', 'salt': 'hmkT2Q38', 'md5': '85e18da5453f82dfdc9dc2a585df899c', 'sha1': '310bc90e76cc29c17c959d719a8207306106a746', 'sha256': 'beb1022987213217db041cd44b2b108f2e0bb26870b11adc84d5d4f1a5ea4a60'}, 'dob': {'date': '1989-08-18T20:01:18.432Z', 'age': 34}, 'registered': {'date': '2014-12-18T06:16:09.322Z', 'age': 9}, 'phone': '09-3743-3629', 'cell': '0477-799-539', 'id': {'name': 'TFN', 'value': '457526602'}, 'picture': {'large': 'https://randomuser.me/api/portraits/women/45.jpg', 'medium': 'https://randomuser.me/api/portraits/med/women/45.jpg', 'thumbnail': 'https://randomuser.me/api/portraits/thumb/women/45.jpg'}, 'nat': 'AU'}], 'info': {'seed': 'e70e994c439e4132', 'results': 1, 'page': 1, 'version': '1.4'}}</msg>
<arg>${json_data}</arg>
<doc>Logs the given message with the given level.</doc>
<status status="PASS" start="2024-06-30T18:19:45.131331" elapsed="0.000209"/>
</kw>
<kw name="Dictionary Should Contain Key" owner="Collections">
<arg>${json_data}</arg>
<arg>results</arg>
<doc>Fails if ``key`` is not found from ``dictionary``.</doc>
<status status="PASS" start="2024-06-30T18:19:45.131839" elapsed="0.000157"/>
</kw>
<kw name="Should Not Be Empty" owner="BuiltIn">
<msg time="2024-06-30T18:19:45.132316" level="INFO">Length is 2.</msg>
<arg>${json_data}</arg>
<doc>Verifies that the given item is not empty.</doc>
<status status="PASS" start="2024-06-30T18:19:45.132181" elapsed="0.000173"/>
</kw>
<kw name="Create List" owner="BuiltIn">
<msg time="2024-06-30T18:19:45.132992" level="INFO">${expected_keys} = ['gender', 'name', 'location', 'email', 'login']</msg>
<var>${expected_keys}</var>
<arg>gender</arg>
<arg>name</arg>
<arg>location</arg>
<arg>email</arg>
<arg>login</arg>
<doc>Returns a list containing given items.</doc>
<status status="PASS" start="2024-06-30T18:19:45.132665" elapsed="0.000353"/>
</kw>
<for flavor="IN">
<iter>
<kw name="Dictionary Should Contain Key" owner="Collections">
<arg>${json_data['results'][0]}</arg>
<arg>${key}</arg>
<doc>Fails if ``key`` is not found from ``dictionary``.</doc>
<status status="PASS" start="2024-06-30T18:19:45.133604" elapsed="0.000439"/>
</kw>
<kw name="Log" owner="BuiltIn">
<msg time="2024-06-30T18:19:45.134615" level="INFO">{'gender': 'female', 'name': {'title': 'Mrs', 'first': 'Beverley', 'last': 'Garza'}, 'location': {'street': {'number': 6254, 'name': 'Poplar Dr'}, 'city': 'Albany', 'state': 'Queensland', 'country': 'Australia', 'postcode': 9337, 'coordinates': {'latitude': '-88.8077', 'longitude': '173.7079'}, 'timezone': {'offset': '-12:00', 'description': 'Eniwetok, Kwajalein'}}, 'email': 'beverley.garza@example.com', 'login': {'uuid': '1450aa06-0132-4bda-af62-aaca7e6c7569', 'username': 'blackmouse672', 'password': 'golfball', 'salt': 'hmkT2Q38', 'md5': '85e18da5453f82dfdc9dc2a585df899c', 'sha1': '310bc90e76cc29c17c959d719a8207306106a746', 'sha256': 'beb1022987213217db041cd44b2b108f2e0bb26870b11adc84d5d4f1a5ea4a60'}, 'dob': {'date': '1989-08-18T20:01:18.432Z', 'age': 34}, 'registered': {'date': '2014-12-18T06:16:09.322Z', 'age': 9}, 'phone': '09-3743-3629', 'cell': '0477-799-539', 'id': {'name': 'TFN', 'value': '457526602'}, 'picture': {'large': 'https://randomuser.me/api/portraits/women/45.jpg', 'medium': 'https://randomuser.me/api/portraits/med/women/45.jpg', 'thumbnail': 'https://randomuser.me/api/portraits/thumb/women/45.jpg'}, 'nat': 'AU'}</msg>
<arg>${json_data['results'][0]}</arg>
<doc>Logs the given message with the given level.</doc>
<status status="PASS" start="2024-06-30T18:19:45.134244" elapsed="0.000422"/>
</kw>
<kw name="Log" owner="BuiltIn">
<msg time="2024-06-30T18:19:45.135097" level="INFO">gender</msg>
<arg>${key}</arg>
<doc>Logs the given message with the given level.</doc>
<status status="PASS" start="2024-06-30T18:19:45.134969" elapsed="0.000167"/>
</kw>
<var name="${key}">gender</var>
<status status="PASS" start="2024-06-30T18:19:45.133477" elapsed="0.001878"/>
</iter>
<iter>
<kw name="Dictionary Should Contain Key" owner="Collections">
<arg>${json_data['results'][0]}</arg>
<arg>${key}</arg>
<doc>Fails if ``key`` is not found from ``dictionary``.</doc>
<status status="PASS" start="2024-06-30T18:19:45.135657" elapsed="0.000396"/>
</kw>
<kw name="Log" owner="BuiltIn">
<msg time="2024-06-30T18:19:45.136587" level="INFO">{'gender': 'female', 'name': {'title': 'Mrs', 'first': 'Beverley', 'last': 'Garza'}, 'location': {'street': {'number': 6254, 'name': 'Poplar Dr'}, 'city': 'Albany', 'state': 'Queensland', 'country': 'Australia', 'postcode': 9337, 'coordinates': {'latitude': '-88.8077', 'longitude': '173.7079'}, 'timezone': {'offset': '-12:00', 'description': 'Eniwetok, Kwajalein'}}, 'email': 'beverley.garza@example.com', 'login': {'uuid': '1450aa06-0132-4bda-af62-aaca7e6c7569', 'username': 'blackmouse672', 'password': 'golfball', 'salt': 'hmkT2Q38', 'md5': '85e18da5453f82dfdc9dc2a585df899c', 'sha1': '310bc90e76cc29c17c959d719a8207306106a746', 'sha256': 'beb1022987213217db041cd44b2b108f2e0bb26870b11adc84d5d4f1a5ea4a60'}, 'dob': {'date': '1989-08-18T20:01:18.432Z', 'age': 34}, 'registered': {'date': '2014-12-18T06:16:09.322Z', 'age': 9}, 'phone': '09-3743-3629', 'cell': '0477-799-539', 'id': {'name': 'TFN', 'value': '457526602'}, 'picture': {'large': 'https://randomuser.me/api/portraits/women/45.jpg', 'medium': 'https://randomuser.me/api/portraits/med/women/45.jpg', 'thumbnail': 'https://randomuser.me/api/portraits/thumb/women/45.jpg'}, 'nat': 'AU'}</msg>
<arg>${json_data['results'][0]}</arg>
<doc>Logs the given message with the given level.</doc>
<status status="PASS" start="2024-06-30T18:19:45.136235" elapsed="0.000433"/>
</kw>
<kw name="Log" owner="BuiltIn">
<msg time="2024-06-30T18:19:45.137093" level="INFO">name</msg>
<arg>${key}</arg>
<doc>Logs the given message with the given level.</doc>
<status status="PASS" start="2024-06-30T18:19:45.136963" elapsed="0.000168"/>
</kw>
<var name="${key}">name</var>
<status status="PASS" start="2024-06-30T18:19:45.135543" elapsed="0.001806"/>
</iter>
<iter>
<kw name="Dictionary Should Contain Key" owner="Collections">
<arg>${json_data['results'][0]}</arg>
<arg>${key}</arg>
<doc>Fails if ``key`` is not found from ``dictionary``.</doc>
<status status="PASS" start="2024-06-30T18:19:45.137634" elapsed="0.000398"/>
</kw>
<kw name="Log" owner="BuiltIn">
<msg time="2024-06-30T18:19:45.138565" level="INFO">{'gender': 'female', 'name': {'title': 'Mrs', 'first': 'Beverley', 'last': 'Garza'}, 'location': {'street': {'number': 6254, 'name': 'Poplar Dr'}, 'city': 'Albany', 'state': 'Queensland', 'country': 'Australia', 'postcode': 9337, 'coordinates': {'latitude': '-88.8077', 'longitude': '173.7079'}, 'timezone': {'offset': '-12:00', 'description': 'Eniwetok, Kwajalein'}}, 'email': 'beverley.garza@example.com', 'login': {'uuid': '1450aa06-0132-4bda-af62-aaca7e6c7569', 'username': 'blackmouse672', 'password': 'golfball', 'salt': 'hmkT2Q38', 'md5': '85e18da5453f82dfdc9dc2a585df899c', 'sha1': '310bc90e76cc29c17c959d719a8207306106a746', 'sha256': 'beb1022987213217db041cd44b2b108f2e0bb26870b11adc84d5d4f1a5ea4a60'}, 'dob': {'date': '1989-08-18T20:01:18.432Z', 'age': 34}, 'registered': {'date': '2014-12-18T06:16:09.322Z', 'age': 9}, 'phone': '09-3743-3629', 'cell': '0477-799-539', 'id': {'name': 'TFN', 'value': '457526602'}, 'picture': {'large': 'https://randomuser.me/api/portraits/women/45.jpg', 'medium': 'https://randomuser.me/api/portraits/med/women/45.jpg', 'thumbnail': 'https://randomuser.me/api/portraits/thumb/women/45.jpg'}, 'nat': 'AU'}</msg>
<arg>${json_data['results'][0]}</arg>
<doc>Logs the given message with the given level.</doc>
<status status="PASS" start="2024-06-30T18:19:45.138216" elapsed="0.000395"/>
</kw>
<kw name="Log" owner="BuiltIn">
<msg time="2024-06-30T18:19:45.139035" level="INFO">location</msg>
<arg>${key}</arg>
<doc>Logs the given message with the given level.</doc>
<status status="PASS" start="2024-06-30T18:19:45.138909" elapsed="0.000163"/>
</kw>
<var name="${key}">location</var>
<status status="PASS" start="2024-06-30T18:19:45.137524" elapsed="0.001762"/>
</iter>
<iter>
<kw name="Dictionary Should Contain Key" owner="Collections">
<arg>${json_data['results'][0]}</arg>
<arg>${key}</arg>
<doc>Fails if ``key`` is not found from ``dictionary``.</doc>
<status status="PASS" start="2024-06-30T18:19:45.139564" elapsed="0.000398"/>
</kw>
<kw name="Log" owner="BuiltIn">
<msg time="2024-06-30T18:19:45.140584" level="INFO">{'gender': 'female', 'name': {'title': 'Mrs', 'first': 'Beverley', 'last': 'Garza'}, 'location': {'street': {'number': 6254, 'name': 'Poplar Dr'}, 'city': 'Albany', 'state': 'Queensland', 'country': 'Australia', 'postcode': 9337, 'coordinates': {'latitude': '-88.8077', 'longitude': '173.7079'}, 'timezone': {'offset': '-12:00', 'description': 'Eniwetok, Kwajalein'}}, 'email': 'beverley.garza@example.com', 'login': {'uuid': '1450aa06-0132-4bda-af62-aaca7e6c7569', 'username': 'blackmouse672', 'password': 'golfball', 'salt': 'hmkT2Q38', 'md5': '85e18da5453f82dfdc9dc2a585df899c', 'sha1': '310bc90e76cc29c17c959d719a8207306106a746', 'sha256': 'beb1022987213217db041cd44b2b108f2e0bb26870b11adc84d5d4f1a5ea4a60'}, 'dob': {'date': '1989-08-18T20:01:18.432Z', 'age': 34}, 'registered': {'date': '2014-12-18T06:16:09.322Z', 'age': 9}, 'phone': '09-3743-3629', 'cell': '0477-799-539', 'id': {'name': 'TFN', 'value': '457526602'}, 'picture': {'large': 'https://randomuser.me/api/portraits/women/45.jpg', 'medium': 'https://randomuser.me/api/portraits/med/women/45.jpg', 'thumbnail': 'https://randomuser.me/api/portraits/thumb/women/45.jpg'}, 'nat': 'AU'}</msg>
<arg>${json_data['results'][0]}</arg>
<doc>Logs the given message with the given level.</doc>
<status status="PASS" start="2024-06-30T18:19:45.140144" elapsed="0.000489"/>
</kw>
<kw name="Log" owner="BuiltIn">
<msg time="2024-06-30T18:19:45.141211" level="INFO">email</msg>
<arg>${key}</arg>
<doc>Logs the given message with the given level.</doc>
<status status="PASS" start="2024-06-30T18:19:45.141020" elapsed="0.000258"/>
</kw>
<var name="${key}">email</var>
<status status="PASS" start="2024-06-30T18:19:45.139457" elapsed="0.002156"/>
</iter>
<iter>
<kw name="Dictionary Should Contain Key" owner="Collections">
<arg>${json_data['results'][0]}</arg>
<arg>${key}</arg>
<doc>Fails if ``key`` is not found from ``dictionary``.</doc>
<status status="PASS" start="2024-06-30T18:19:45.142099" elapsed="0.000647"/>
</kw>
<kw name="Log" owner="BuiltIn">
<msg time="2024-06-30T18:19:45.143667" level="INFO">{'gender': 'female', 'name': {'title': 'Mrs', 'first': 'Beverley', 'last': 'Garza'}, 'location': {'street': {'number': 6254, 'name': 'Poplar Dr'}, 'city': 'Albany', 'state': 'Queensland', 'country': 'Australia', 'postcode': 9337, 'coordinates': {'latitude': '-88.8077', 'longitude': '173.7079'}, 'timezone': {'offset': '-12:00', 'description': 'Eniwetok, Kwajalein'}}, 'email': 'beverley.garza@example.com', 'login': {'uuid': '1450aa06-0132-4bda-af62-aaca7e6c7569', 'username': 'blackmouse672', 'password': 'golfball', 'salt': 'hmkT2Q38', 'md5': '85e18da5453f82dfdc9dc2a585df899c', 'sha1': '310bc90e76cc29c17c959d719a8207306106a746', 'sha256': 'beb1022987213217db041cd44b2b108f2e0bb26870b11adc84d5d4f1a5ea4a60'}, 'dob': {'date': '1989-08-18T20:01:18.432Z', 'age': 34}, 'registered': {'date': '2014-12-18T06:16:09.322Z', 'age': 9}, 'phone': '09-3743-3629', 'cell': '0477-799-539', 'id': {'name': 'TFN', 'value': '457526602'}, 'picture': {'large': 'https://randomuser.me/api/portraits/women/45.jpg', 'medium': 'https://randomuser.me/api/portraits/med/women/45.jpg', 'thumbnail': 'https://randomuser.me/api/portraits/thumb/women/45.jpg'}, 'nat': 'AU'}</msg>
<arg>${json_data['results'][0]}</arg>
<doc>Logs the given message with the given level.</doc>
<status status="PASS" start="2024-06-30T18:19:45.143061" elapsed="0.000682"/>
</kw>
<kw name="Log" owner="BuiltIn">
<msg time="2024-06-30T18:19:45.144333" level="INFO">login</msg>
<arg>${key}</arg>
<doc>Logs the given message with the given level.</doc>
<status status="PASS" start="2024-06-30T18:19:45.144188" elapsed="0.000186"/>
</kw>
<var name="${key}">login</var>
<status status="PASS" start="2024-06-30T18:19:45.141872" elapsed="0.002740"/>
</iter>
<var>${key}</var>
<value>@{expected_keys}</value>
<status status="PASS" start="2024-06-30T18:19:45.133284" elapsed="0.011462"/>
</for>
<kw name="Create List" owner="BuiltIn">
<msg time="2024-06-30T18:19:45.145085" level="INFO">${expected_keysTwo} = ['username', 'password']</msg>
<var>${expected_keysTwo}</var>
<arg>username</arg>
<arg>password</arg>
<doc>Returns a list containing given items.</doc>
<status status="PASS" start="2024-06-30T18:19:45.144940" elapsed="0.000169"/>
</kw>
<for flavor="IN">
<iter>
<kw name="Dictionary Should Contain Key" owner="Collections">
<arg>${json_data['results'][0]['login']}</arg>
<arg>${keyTwo}</arg>
<doc>Fails if ``key`` is not found from ``dictionary``.</doc>
<status status="PASS" start="2024-06-30T18:19:45.145650" elapsed="0.000425"/>
</kw>
<kw name="Dictionary Should Contain Key" owner="Collections">
<arg>${json_data['results'][0]['login']}</arg>
<arg>${keyTwo}</arg>
<doc>Fails if ``key`` is not found from ``dictionary``.</doc>
<status status="PASS" start="2024-06-30T18:19:45.146273" elapsed="0.000393"/>
</kw>
<kw name="Log" owner="BuiltIn">
<msg time="2024-06-30T18:19:45.146977" level="INFO">username</msg>
<arg>${keyTwo}</arg>
<doc>Logs the given message with the given level.</doc>
<status status="PASS" start="2024-06-30T18:19:45.146853" elapsed="0.000161"/>
</kw>
<var name="${keyTwo}">username</var>
<status status="PASS" start="2024-06-30T18:19:45.145538" elapsed="0.001701"/>
</iter>
<iter>
<kw name="Dictionary Should Contain Key" owner="Collections">
<arg>${json_data['results'][0]['login']}</arg>
<arg>${keyTwo}</arg>
<doc>Fails if ``key`` is not found from ``dictionary``.</doc>
<status status="PASS" start="2024-06-30T18:19:45.147522" elapsed="0.000391"/>
</kw>
<kw name="Dictionary Should Contain Key" owner="Collections">
<arg>${json_data['results'][0]['login']}</arg>
<arg>${keyTwo}</arg>
<doc>Fails if ``key`` is not found from ``dictionary``.</doc>
<status status="PASS" start="2024-06-30T18:19:45.148090" elapsed="0.000370"/>
</kw>
<kw name="Log" owner="BuiltIn">
<msg time="2024-06-30T18:19:45.148753" level="INFO">password</msg>
<arg>${keyTwo}</arg>
<doc>Logs the given message with the given level.</doc>
<status status="PASS" start="2024-06-30T18:19:45.148635" elapsed="0.000160"/>
</kw>
<var name="${keyTwo}">password</var>
<status status="PASS" start="2024-06-30T18:19:45.147416" elapsed="0.001693"/>
</iter>
<var>${keyTwo}</var>
<value>@{expected_keysTwo}</value>
<status status="PASS" start="2024-06-30T18:19:45.145379" elapsed="0.003850"/>
</for>
<status status="PASS" start="2024-06-30T18:19:45.033602" elapsed="0.115768"/>
</kw>
<doc>Testa a estrutura da resposta da API.</doc>
<tag>testeEstruturaResposta</tag>
<status status="PASS" start="2024-06-30T18:19:45.033066" elapsed="0.116458"/>
</test>
<test id="s1-s1-t4" name="Validar tipos de dados" line="28">
<kw name="Teste de Tipos de Dados" owner="random-user-service">
<kw name="GET On Session" owner="RequestsLibrary">
<msg time="2024-06-30T18:19:45.263640" level="INFO">GET Request : url=https://randomuser.me/api 
 path_url=/api 
 headers={'User-Agent': 'python-requests/2.32.3', 'Accept-Encoding': 'gzip, deflate', 'Accept': '*/*', 'Connection': 'keep-alive'} 
 body=None 
 </msg>
<msg time="2024-06-30T18:19:45.263732" level="INFO">GET Response : url=https://randomuser.me/api 
 status=200, reason=OK 
 headers={'Date': 'Sun, 30 Jun 2024 18:19:45 GMT', 'Content-Type': 'application/json; charset=utf-8', 'Transfer-Encoding': 'chunked', 'Connection': 'keep-alive', 'X-Powered-By': 'Express', 'Access-Control-Allow-Origin': '*', 'Cache-Control': 'no-cache', 'ETag': 'W/"4a8-4myEyIWB6lLO3O2NrDSUoMDcxNw"', 'Vary': 'Accept-Encoding', 'Content-Encoding': 'gzip', 'CF-Cache-Status': 'DYNAMIC', 'Report-To': '{"endpoints":[{"url":"https:\\/\\/a.nel.cloudflare.com\\/report\\/v4?s=5eQWIfAMrGBkORoOjAaGfBZ2g0G4m2xZBa1WD0CP4Wrz2Lgl%2Bcn220fza6O6b5FDgmbXiACx7CoMrnFHL9Gw7RRAAHv5mXc3u5IoxhhgUWHb6y8Ois4RslIKrKD1%2FoWx"}],"group":"cf-nel","max_age":604800}', 'NEL': '{"success_fraction":0,"report_to":"cf-nel","max_age":604800}', 'Server': 'cloudflare', 'CF-RAY': '89c02a973a3d2f26-LAX', 'alt-svc': 'h3=":443"; ma=86400'} 
 body={"results":[{"gender":"female","name":{"title":"Mrs","first":"Nora","last":"Perrin"},"location":{"street":{"number":1728,"name":"Rue Duguesclin"},"city":"Villeurbanne","state":"Pas-de-Calais","country":"France","postcode":98297,"coordinates":{"latitude":"-17.0077","longitude":"153.2513"},"timezone":{"offset":"-4:00","description":"Atlantic Time (Canada), Caracas, La Paz"}},"email":"nora.perrin@example.com","login":{"uuid":"dc542dfc-fa11-4408-9e43-fed40ac6e999","username":"brownzebra940","password":"dogface","salt":"NhhtaHv3","md5":"0661c5df00a7c6c3fda4abf2df1f8b0e","sha1":"1880ed4cf66fc25073a81a9fa2e2d3409bd79722","sha256":"5b1fc078862d447cfb40cf2ff0aea72e50fe1c7871c191c9a3c2d5f99f845c7e"},"dob":{"date":"1990-11-26T15:47:44.613Z","age":33},"registered":{"date":"2008-07-03T19:42:40.605Z","age":15},"phone":"04-73-95-66-15","cell":"06-34-45-90-59","id":{"name":"INSEE","value":"2901049798680 68"},"picture":{"large":"https://randomuser.me/api/portraits/women/1.jpg","medium":"https://randomuser.me/api/portraits/med/women/1.jpg","thumbnail":"https://randomuser.me/api/portraits/thumb/women/1.jpg"},"nat":"FR"}],"info":{"seed":"538ff20f679d2b4c","results":1,"page":1,"version":"1.4"}} 
 </msg>
<msg time="2024-06-30T18:19:45.263807" level="INFO">/opt/hostedtoolcache/Python/3.12.4/x64/lib/python3.12/site-packages/urllib3/connectionpool.py:1099: InsecureRequestWarning: Unverified HTTPS request is being made to host 'randomuser.me'. Adding certificate verification is strongly advised. See: https://urllib3.readthedocs.io/en/latest/advanced-usage.html#tls-warnings
  warnings.warn(</msg>
<msg time="2024-06-30T18:19:45.263922" level="INFO">${response} = &lt;Response [200]&gt;</msg>
<var>${response}</var>
<arg>consultarAPI</arg>
<arg>/api</arg>
<doc>Sends a GET request on a previously created HTTP Session.</doc>
<status status="PASS" start="2024-06-30T18:19:45.152007" elapsed="0.111956"/>
</kw>
<kw name="Set Variable" owner="BuiltIn">
<msg time="2024-06-30T18:19:45.265058" level="INFO">${json_data} = {'results': [{'gender': 'female', 'name': {'title': 'Mrs', 'first': 'Nora', 'last': 'Perrin'}, 'location': {'street': {'number': 1728, 'name': 'Rue Duguesclin'}, 'city': 'Villeurbanne', 'state': 'Pas-...</msg>
<var>${json_data}</var>
<arg>${response.json()}</arg>
<doc>Returns the given values which can then be assigned to a variables.</doc>
<status status="PASS" start="2024-06-30T18:19:45.264484" elapsed="0.000603"/>
</kw>
<kw name="Log" owner="BuiltIn">
<msg time="2024-06-30T18:19:45.265580" level="INFO">{'results': [{'gender': 'female', 'name': {'title': 'Mrs', 'first': 'Nora', 'last': 'Perrin'}, 'location': {'street': {'number': 1728, 'name': 'Rue Duguesclin'}, 'city': 'Villeurbanne', 'state': 'Pas-de-Calais', 'country': 'France', 'postcode': 98297, 'coordinates': {'latitude': '-17.0077', 'longitude': '153.2513'}, 'timezone': {'offset': '-4:00', 'description': 'Atlantic Time (Canada), Caracas, La Paz'}}, 'email': 'nora.perrin@example.com', 'login': {'uuid': 'dc542dfc-fa11-4408-9e43-fed40ac6e999', 'username': 'brownzebra940', 'password': 'dogface', 'salt': 'NhhtaHv3', 'md5': '0661c5df00a7c6c3fda4abf2df1f8b0e', 'sha1': '1880ed4cf66fc25073a81a9fa2e2d3409bd79722', 'sha256': '5b1fc078862d447cfb40cf2ff0aea72e50fe1c7871c191c9a3c2d5f99f845c7e'}, 'dob': {'date': '1990-11-26T15:47:44.613Z', 'age': 33}, 'registered': {'date': '2008-07-03T19:42:40.605Z', 'age': 15}, 'phone': '04-73-95-66-15', 'cell': '06-34-45-90-59', 'id': {'name': 'INSEE', 'value': '2901049798680 68'}, 'picture': {'large': 'https://randomuser.me/api/portraits/women/1.jpg', 'medium': 'https://randomuser.me/api/portraits/med/women/1.jpg', 'thumbnail': 'https://randomuser.me/api/portraits/thumb/women/1.jpg'}, 'nat': 'FR'}], 'info': {'seed': '538ff20f679d2b4c', 'results': 1, 'page': 1, 'version': '1.4'}}</msg>
<arg>${json_data}</arg>
<doc>Logs the given message with the given level.</doc>
<status status="PASS" start="2024-06-30T18:19:45.265414" elapsed="0.000215"/>
</kw>
<kw name="Should Be String" owner="String">
<arg>${json_data['results'][0]['gender']}</arg>
<doc>Fails if the given ``item`` is not a string.</doc>
<status status="PASS" start="2024-06-30T18:19:45.265933" elapsed="0.000411"/>
</kw>
<kw name="Should Match Regexp" owner="BuiltIn">
<arg>${json_data['results'][0]['email']}</arg>
<arg>^[a-zA-Z0-9._%+-]+@[a-zA-Z0-9.-]+\.[a-zA-Z]{2,}$</arg>
<doc>Fails if ``string`` does not match ``pattern`` as a regular expression.</doc>
<status status="PASS" start="2024-06-30T18:19:45.266536" elapsed="0.000512"/>
</kw>
<kw name="Should Match Regexp" owner="BuiltIn">
<arg>${json_data['results'][0]['dob']['date']}</arg>
<arg>\\d{4}-\\d{2}-\\d{2}T\\d{2}:\\d{2}:\\d{2}\\.\\d{3}Z</arg>
<doc>Fails if ``string`` does not match ``pattern`` as a regular expression.</doc>
<status status="PASS" start="2024-06-30T18:19:45.267282" elapsed="0.000493"/>
</kw>
<kw name="Should Match Regexp" owner="BuiltIn">
<arg>${json_data['results'][0]['registered']['date']}</arg>
<arg>\\d{4}-\\d{2}-\\d{2}T\\d{2}:\\d{2}:\\d{2}\\.\\d{3}Z</arg>
<doc>Fails if ``string`` does not match ``pattern`` as a regular expression.</doc>
<status status="PASS" start="2024-06-30T18:19:45.267964" elapsed="0.000366"/>
</kw>
<kw name="Should Match Regexp" owner="BuiltIn">
<arg>${json_data['results'][0]['picture']['large']}</arg>
<arg>^https?://.*\.(?:png|jpe?g|gif|bmp)$</arg>
<doc>Fails if ``string`` does not match ``pattern`` as a regular expression.</doc>
<status status="PASS" start="2024-06-30T18:19:45.268512" elapsed="0.000456"/>
</kw>
<kw name="Should Match Regexp" owner="BuiltIn">
<arg>${json_data['results'][0]['picture']['medium']}</arg>
<arg>^https?://.*\.(?:png|jpe?g|gif|bmp)$</arg>
<doc>Fails if ``string`` does not match ``pattern`` as a regular expression.</doc>
<status status="PASS" start="2024-06-30T18:19:45.269154" elapsed="0.000357"/>
</kw>
<kw name="Should Match Regexp" owner="BuiltIn">
<arg>${json_data['results'][0]['picture']['thumbnail']}</arg>
<arg>^https?://.*\.(?:png|jpe?g|gif|bmp)$</arg>
<doc>Fails if ``string`` does not match ``pattern`` as a regular expression.</doc>
<status status="PASS" start="2024-06-30T18:19:45.269692" elapsed="0.000375"/>
</kw>
<kw name="Log" owner="BuiltIn">
<msg time="2024-06-30T18:19:45.270592" level="INFO">{'large': 'https://randomuser.me/api/portraits/women/1.jpg', 'medium': 'https://randomuser.me/api/portraits/med/women/1.jpg', 'thumbnail': 'https://randomuser.me/api/portraits/thumb/women/1.jpg'}</msg>
<arg>${json_data['results'][0]['picture']}</arg>
<doc>Logs the given message with the given level.</doc>
<status status="PASS" start="2024-06-30T18:19:45.270259" elapsed="0.000377"/>
</kw>
<status status="PASS" start="2024-06-30T18:19:45.151785" elapsed="0.119108"/>
</kw>
<kw name="Teste de Tipos de Dados - Postcode" owner="random-user-service">
<kw name="GET On Session" owner="RequestsLibrary">
<msg time="2024-06-30T18:19:45.388379" level="INFO">GET Request : url=https://randomuser.me/api 
 path_url=/api 
 headers={'User-Agent': 'python-requests/2.32.3', 'Accept-Encoding': 'gzip, deflate', 'Accept': '*/*', 'Connection': 'keep-alive'} 
 body=None 
 </msg>
<msg time="2024-06-30T18:19:45.388476" level="INFO">GET Response : url=https://randomuser.me/api 
 status=200, reason=OK 
 headers={'Date': 'Sun, 30 Jun 2024 18:19:45 GMT', 'Content-Type': 'application/json; charset=utf-8', 'Transfer-Encoding': 'chunked', 'Connection': 'keep-alive', 'X-Powered-By': 'Express', 'Access-Control-Allow-Origin': '*', 'Cache-Control': 'no-cache', 'ETag': 'W/"48e-miWsayDP2naTfDuZNiyp8SZ8Ovw"', 'Vary': 'Accept-Encoding', 'Content-Encoding': 'gzip', 'CF-Cache-Status': 'DYNAMIC', 'Report-To': '{"endpoints":[{"url":"https:\\/\\/a.nel.cloudflare.com\\/report\\/v4?s=zLUSblM17uviFmXDon0GVLzcKqRGXLQCmYw75KnknKi4etG1PhhJyfi4z%2FxAM2%2FBA7C9ZZ9BZAMRenJGfH75pdrrNj1%2FLNNMM9CK68ntoMdYcwzqxdyB1kMnlNUzAMVz"}],"group":"cf-nel","max_age":604800}', 'NEL': '{"success_fraction":0,"report_to":"cf-nel","max_age":604800}', 'Server': 'cloudflare', 'CF-RAY': '89c02a97faf82f26-LAX', 'alt-svc': 'h3=":443"; ma=86400'} 
 body={"results":[{"gender":"female","name":{"title":"Ms","first":"Kamila","last":"Fosshaug"},"location":{"street":{"number":7558,"name":"Skullerudstubben"},"city":"Hålandsmarka","state":"Hedmark","country":"Norway","postcode":"0855","coordinates":{"latitude":"40.1086","longitude":"97.5667"},"timezone":{"offset":"-7:00","description":"Mountain Time (US &amp; Canada)"}},"email":"kamila.fosshaug@example.com","login":{"uuid":"73b3cc55-8fc5-419a-a580-5521e4e8d133","username":"beautifulfrog409","password":"life","salt":"8YwhMPiu","md5":"973175bbfb3afd20fde47e1914ae242c","sha1":"b837bb2aed66570cb7d018476a0cab78e072d6e9","sha256":"9d260e23c519cf09c38b54371510588818835cec5547e38c3935d85a6b870fdf"},"dob":{"date":"1952-05-07T07:25:06.021Z","age":72},"registered":{"date":"2003-11-10T02:49:21.612Z","age":20},"phone":"39581228","cell":"97332790","id":{"name":"FN","value":"07055216678"},"picture":{"large":"https://randomuser.me/api/portraits/women/90.jpg","medium":"https://randomuser.me/api/portraits/med/women/90.jpg","thumbnail":"https://randomuser.me/api/portraits/thumb/women/90.jpg"},"nat":"NO"}],"info":{"seed":"99a0d1ae4ad3197d","results":1,"page":1,"version":"1.4"}} 
 </msg>
<msg time="2024-06-30T18:19:45.388549" level="INFO">/opt/hostedtoolcache/Python/3.12.4/x64/lib/python3.12/site-packages/urllib3/connectionpool.py:1099: InsecureRequestWarning: Unverified HTTPS request is being made to host 'randomuser.me'. Adding certificate verification is strongly advised. See: https://urllib3.readthedocs.io/en/latest/advanced-usage.html#tls-warnings
  warnings.warn(</msg>
<msg time="2024-06-30T18:19:45.388674" level="INFO">${response} = &lt;Response [200]&gt;</msg>
<var>${response}</var>
<arg>consultarAPI</arg>
<arg>/api</arg>
<doc>Sends a GET request on a previously created HTTP Session.</doc>
<status status="PASS" start="2024-06-30T18:19:45.271350" elapsed="0.117372"/>
</kw>
<kw name="Set Variable" owner="BuiltIn">
<msg time="2024-06-30T18:19:45.389929" level="INFO">${json_data} = {'results': [{'gender': 'female', 'name': {'title': 'Ms', 'first': 'Kamila', 'last': 'Fosshaug'}, 'location': {'street': {'number': 7558, 'name': 'Skullerudstubben'}, 'city': 'Hålandsmarka', 'state': ...</msg>
<var>${json_data}</var>
<arg>${response.json()}</arg>
<doc>Returns the given values which can then be assigned to a variables.</doc>
<status status="PASS" start="2024-06-30T18:19:45.389371" elapsed="0.000587"/>
</kw>
<kw name="Log" owner="BuiltIn">
<msg time="2024-06-30T18:19:45.390474" level="INFO">{'results': [{'gender': 'female', 'name': {'title': 'Ms', 'first': 'Kamila', 'last': 'Fosshaug'}, 'location': {'street': {'number': 7558, 'name': 'Skullerudstubben'}, 'city': 'Hålandsmarka', 'state': 'Hedmark', 'country': 'Norway', 'postcode': '0855', 'coordinates': {'latitude': '40.1086', 'longitude': '97.5667'}, 'timezone': {'offset': '-7:00', 'description': 'Mountain Time (US &amp; Canada)'}}, 'email': 'kamila.fosshaug@example.com', 'login': {'uuid': '73b3cc55-8fc5-419a-a580-5521e4e8d133', 'username': 'beautifulfrog409', 'password': 'life', 'salt': '8YwhMPiu', 'md5': '973175bbfb3afd20fde47e1914ae242c', 'sha1': 'b837bb2aed66570cb7d018476a0cab78e072d6e9', 'sha256': '9d260e23c519cf09c38b54371510588818835cec5547e38c3935d85a6b870fdf'}, 'dob': {'date': '1952-05-07T07:25:06.021Z', 'age': 72}, 'registered': {'date': '2003-11-10T02:49:21.612Z', 'age': 20}, 'phone': '39581228', 'cell': '97332790', 'id': {'name': 'FN', 'value': '07055216678'}, 'picture': {'large': 'https://randomuser.me/api/portraits/women/90.jpg', 'medium': 'https://randomuser.me/api/portraits/med/women/90.jpg', 'thumbnail': 'https://randomuser.me/api/portraits/thumb/women/90.jpg'}, 'nat': 'NO'}], 'info': {'seed': '99a0d1ae4ad3197d', 'results': 1, 'page': 1, 'version': '1.4'}}</msg>
<arg>${json_data}</arg>
<doc>Logs the given message with the given level.</doc>
<status status="PASS" start="2024-06-30T18:19:45.390310" elapsed="0.000214"/>
</kw>
<kw name="Should Be Equal As Numbers" owner="BuiltIn">
<arg>${json_data['results'][0]['location']['postcode']}</arg>
<arg>${json_data['results'][0]['location']['postcode']}</arg>
<doc>Fails if objects are unequal after converting them to real numbers.</doc>
<status status="PASS" start="2024-06-30T18:19:45.390813" elapsed="0.000623"/>
</kw>
<kw name="Log" owner="BuiltIn">
<msg time="2024-06-30T18:19:45.392133" level="INFO">0855</msg>
<arg>${json_data['results'][0]['location']['postcode']}</arg>
<doc>Logs the given message with the given level.</doc>
<status status="PASS" start="2024-06-30T18:19:45.391627" elapsed="0.000547"/>
</kw>
<status status="PASS" start="2024-06-30T18:19:45.271126" elapsed="0.121328"/>
</kw>
<doc>Testa se os tipos de dados na resposta da API estão corretos.</doc>
<tag>testeTiposDados</tag>
<status status="PASS" start="2024-06-30T18:19:45.151338" elapsed="0.241283"/>
</test>
<test id="s1-s1-t5" name="Validar conteudo" line="35">
<kw name="Teste de Tipos de Conteudo" owner="random-user-service">
<kw name="GET On Session" owner="RequestsLibrary">
<msg time="2024-06-30T18:19:45.579050" level="INFO">GET Request : url=https://randomuser.me/api 
 path_url=/api 
 headers={'User-Agent': 'python-requests/2.32.3', 'Accept-Encoding': 'gzip, deflate', 'Accept': '*/*', 'Connection': 'keep-alive'} 
 body=None 
 </msg>
<msg time="2024-06-30T18:19:45.579162" level="INFO">GET Response : url=https://randomuser.me/api 
 status=200, reason=OK 
 headers={'Date': 'Sun, 30 Jun 2024 18:19:45 GMT', 'Content-Type': 'application/json; charset=utf-8', 'Transfer-Encoding': 'chunked', 'Connection': 'keep-alive', 'X-Powered-By': 'Express', 'Access-Control-Allow-Origin': '*', 'Cache-Control': 'no-cache', 'ETag': 'W/"47f-iw8LNqgk8iflzgBJl88BbQ5Z6Gk"', 'Vary': 'Accept-Encoding', 'Content-Encoding': 'gzip', 'CF-Cache-Status': 'DYNAMIC', 'Report-To': '{"endpoints":[{"url":"https:\\/\\/a.nel.cloudflare.com\\/report\\/v4?s=dZ4xZ7IVcewLZeYjH%2FEwuS1%2FeY2gTgApA5LiyE1YeWZe4pKJnJlDYrKXtLCVtUWjk6ZEomQggpttxwgnH7EvA%2F53JR7TTgEu45RmF0KYDGfc42CgDZP0strpXzx2piIC"}],"group":"cf-nel","max_age":604800}', 'NEL': '{"success_fraction":0,"report_to":"cf-nel","max_age":604800}', 'Server': 'cloudflare', 'CF-RAY': '89c02a98bbc52f26-LAX', 'alt-svc': 'h3=":443"; ma=86400'} 
 body={"results":[{"gender":"male","name":{"title":"Mr","first":"Vukan","last":"Dinčić"},"location":{"street":{"number":764,"name":"Beogradska"},"city":"Knjaževac","state":"South Banat","country":"Serbia","postcode":54146,"coordinates":{"latitude":"60.4788","longitude":"-151.9778"},"timezone":{"offset":"+6:00","description":"Almaty, Dhaka, Colombo"}},"email":"vukan.dincic@example.com","login":{"uuid":"e1c115c7-c219-40fe-bf59-05ef3dca4db1","username":"goldenlion113","password":"waterloo","salt":"UkhKa047","md5":"645a3d86de51670e5ab42fe1e4c72187","sha1":"3136441943b0a36abb6b7509663d122c2a1d5dff","sha256":"647b964edd8cc75364a6e9c74d66feaa0525115118ca8f3727c890b9c0b5a78e"},"dob":{"date":"1962-07-16T03:17:09.210Z","age":61},"registered":{"date":"2020-04-26T14:05:14.509Z","age":4},"phone":"018-7628-704","cell":"061-8043-162","id":{"name":"SID","value":"830446490"},"picture":{"large":"https://randomuser.me/api/portraits/men/96.jpg","medium":"https://randomuser.me/api/portraits/med/men/96.jpg","thumbnail":"https://randomuser.me/api/portraits/thumb/men/96.jpg"},"nat":"RS"}],"info":{"seed":"178410bad60ae20f","results":1,"page":1,"version":"1.4"}} 
 </msg>
<msg time="2024-06-30T18:19:45.579248" level="INFO">/opt/hostedtoolcache/Python/3.12.4/x64/lib/python3.12/site-packages/urllib3/connectionpool.py:1099: InsecureRequestWarning: Unverified HTTPS request is being made to host 'randomuser.me'. Adding certificate verification is strongly advised. See: https://urllib3.readthedocs.io/en/latest/advanced-usage.html#tls-warnings
  warnings.warn(</msg>
<msg time="2024-06-30T18:19:45.579394" level="INFO">${response} = &lt;Response [200]&gt;</msg>
<var>${response}</var>
<arg>consultarAPI</arg>
<arg>/api</arg>
<doc>Sends a GET request on a previously created HTTP Session.</doc>
<status status="PASS" start="2024-06-30T18:19:45.395134" elapsed="0.184310"/>
</kw>
<kw name="Set Variable" owner="BuiltIn">
<msg time="2024-06-30T18:19:45.580616" level="INFO">${json_data} = {'results': [{'gender': 'male', 'name': {'title': 'Mr', 'first': 'Vukan', 'last': 'Dinčić'}, 'location': {'street': {'number': 764, 'name': 'Beogradska'}, 'city': 'Knjaževac', 'state': 'South Banat', ...</msg>
<var>${json_data}</var>
<arg>${response.json()}</arg>
<doc>Returns the given values which can then be assigned to a variables.</doc>
<status status="PASS" start="2024-06-30T18:19:45.580059" elapsed="0.000589"/>
</kw>
<kw name="Set Variable" owner="BuiltIn">
<msg time="2024-06-30T18:19:45.581355" level="INFO">${name_title} = Mr</msg>
<var>${name_title}</var>
<arg>${json_data["results"][0]["name"]["title"]}</arg>
<doc>Returns the given values which can then be assigned to a variables.</doc>
<status status="PASS" start="2024-06-30T18:19:45.580962" elapsed="0.000419"/>
</kw>
<kw name="Create List" owner="BuiltIn">
<msg time="2024-06-30T18:19:45.581833" level="INFO">${allowed_titles} = ['Mr', 'Ms', 'Miss', 'Mrs', 'Madame', 'Monsieur']</msg>
<var>${allowed_titles}</var>
<arg>Mr</arg>
<arg>Ms</arg>
<arg>Miss</arg>
<arg>Mrs</arg>
<arg>Madame</arg>
<arg>Monsieur</arg>
<doc>Returns a list containing given items.</doc>
<status status="PASS" start="2024-06-30T18:19:45.581682" elapsed="0.000176"/>
</kw>
<kw name="List Should Contain Value" owner="Collections">
<arg>${allowed_titles}</arg>
<arg>${name_title}</arg>
<doc>Fails if the ``value`` is not found from ``list``.</doc>
<status status="PASS" start="2024-06-30T18:19:45.582201" elapsed="0.000188"/>
</kw>
<kw name="Set Variable" owner="BuiltIn">
<msg time="2024-06-30T18:19:45.582952" level="INFO">${name_country} = RS</msg>
<var>${name_country}</var>
<arg>${json_data["results"][0]["nat"]}</arg>
<doc>Returns the given values which can then be assigned to a variables.</doc>
<status status="PASS" start="2024-06-30T18:19:45.582576" elapsed="0.000401"/>
</kw>
<kw name="Create List" owner="BuiltIn">
<msg time="2024-06-30T18:19:45.583866" level="INFO">${list_country} = ['AD', 'AE', 'AF', 'AG', 'AI', 'AL', 'AM', 'AO', 'AQ', 'AR', 'AS', 'AT', 'AU', 'AW', 'AX', 'AZ', 'BA', 'BB', 'BD', 'BE', 'BF', 'BG', 'BH', 'BI', 'BJ', 'BL', 'BM', 'BN', 'BO', 'BQ', 'BR', 'BS', 'BT', '...</msg>
<var>${list_country}</var>
<arg>AD</arg>
<arg>AE</arg>
<arg>AF</arg>
<arg>AG</arg>
<arg>AI</arg>
<arg>AL</arg>
<arg>AM</arg>
<arg>AO</arg>
<arg>AQ</arg>
<arg>AR</arg>
<arg>AS</arg>
<arg>AT</arg>
<arg>AU</arg>
<arg>AW</arg>
<arg>AX</arg>
<arg>AZ</arg>
<arg>BA</arg>
<arg>BB</arg>
<arg>BD</arg>
<arg>BE</arg>
<arg>BF</arg>
<arg>BG</arg>
<arg>BH</arg>
<arg>BI</arg>
<arg>BJ</arg>
<arg>BL</arg>
<arg>BM</arg>
<arg>BN</arg>
<arg>BO</arg>
<arg>BQ</arg>
<arg>BR</arg>
<arg>BS</arg>
<arg>BT</arg>
<arg>BV</arg>
<arg>BW</arg>
<arg>BY</arg>
<arg>BZ</arg>
<arg>CA</arg>
<arg>CC</arg>
<arg>CD</arg>
<arg>CF</arg>
<arg>CG</arg>
<arg>CH</arg>
<arg>CI</arg>
<arg>CK</arg>
<arg>CL</arg>
<arg>CM</arg>
<arg>CN</arg>
<arg>CO</arg>
<arg>CR</arg>
<arg>CU</arg>
<arg>CV</arg>
<arg>CW</arg>
<arg>CX</arg>
<arg>CY</arg>
<arg>CZ</arg>
<arg>DE</arg>
<arg>DJ</arg>
<arg>DK</arg>
<arg>DM</arg>
<arg>DO</arg>
<arg>DZ</arg>
<arg>EC</arg>
<arg>EE</arg>
<arg>EG</arg>
<arg>EH</arg>
<arg>ER</arg>
<arg>ES</arg>
<arg>ET</arg>
<arg>FI</arg>
<arg>FJ</arg>
<arg>FK</arg>
<arg>FM</arg>
<arg>FO</arg>
<arg>FR</arg>
<arg>GA</arg>
<arg>GB</arg>
<arg>GD</arg>
<arg>GE</arg>
<arg>GF</arg>
<arg>GG</arg>
<arg>GH</arg>
<arg>GI</arg>
<arg>GL</arg>
<arg>GM</arg>
<arg>GN</arg>
<arg>GP</arg>
<arg>GQ</arg>
<arg>GR</arg>
<arg>GS</arg>
<arg>GT</arg>
<arg>GU</arg>
<arg>GW</arg>
<arg>GY</arg>
<arg>HK</arg>
<arg>HM</arg>
<arg>HN</arg>
<arg>HR</arg>
<arg>HT</arg>
<arg>HU</arg>
<arg>ID</arg>
<arg>IE</arg>
<arg>IL</arg>
<arg>IM</arg>
<arg>IN</arg>
<arg>IO</arg>
<arg>IQ</arg>
<arg>IR</arg>
<arg>IS</arg>
<arg>IT</arg>
<arg>JE</arg>
<arg>JM</arg>
<arg>JO</arg>
<arg>JP</arg>
<arg>KE</arg>
<arg>KG</arg>
<arg>KH</arg>
<arg>KI</arg>
<arg>KM</arg>
<arg>KN</arg>
<arg>KP</arg>
<arg>KR</arg>
<arg>KW</arg>
<arg>KY</arg>
<arg>KZ</arg>
<arg>LA</arg>
<arg>LB</arg>
<arg>LC</arg>
<arg>LI</arg>
<arg>LK</arg>
<arg>LR</arg>
<arg>LS</arg>
<arg>LT</arg>
<arg>LU</arg>
<arg>LV</arg>
<arg>LY</arg>
<arg>MA</arg>
<arg>MC</arg>
<arg>MD</arg>
<arg>ME</arg>
<arg>MF</arg>
<arg>MG</arg>
<arg>MH</arg>
<arg>MK</arg>
<arg>ML</arg>
<arg>MM</arg>
<arg>MN</arg>
<arg>MO</arg>
<arg>MP</arg>
<arg>MQ</arg>
<arg>MR</arg>
<arg>MS</arg>
<arg>MT</arg>
<arg>MU</arg>
<arg>MV</arg>
<arg>MW</arg>
<arg>MX</arg>
<arg>MY</arg>
<arg>MZ</arg>
<arg>NA</arg>
<arg>NC</arg>
<arg>NE</arg>
<arg>NF</arg>
<arg>NG</arg>
<arg>NI</arg>
<arg>NL</arg>
<arg>NO</arg>
<arg>NP</arg>
<arg>NR</arg>
<arg>NU</arg>
<arg>NZ</arg>
<arg>OM</arg>
<arg>PA</arg>
<arg>PE</arg>
<arg>PF</arg>
<arg>PG</arg>
<arg>PH</arg>
<arg>PK</arg>
<arg>PL</arg>
<arg>PM</arg>
<arg>PN</arg>
<arg>PR</arg>
<arg>PS</arg>
<arg>PT</arg>
<arg>PW</arg>
<arg>PY</arg>
<arg>QA</arg>
<arg>RE</arg>
<arg>RO</arg>
<arg>RS</arg>
<arg>RU</arg>
<arg>RW</arg>
<arg>SA</arg>
<arg>SB</arg>
<arg>SC</arg>
<arg>SD</arg>
<arg>SE</arg>
<arg>SG</arg>
<arg>SH</arg>
<arg>SI</arg>
<arg>SJ</arg>
<arg>SK</arg>
<arg>SL</arg>
<arg>SM</arg>
<arg>SN</arg>
<arg>SO</arg>
<arg>SR</arg>
<arg>SS</arg>
<arg>ST</arg>
<arg>SV</arg>
<arg>SX</arg>
<arg>SY</arg>
<arg>SZ</arg>
<arg>TC</arg>
<arg>TD</arg>
<arg>TF</arg>
<arg>TG</arg>
<arg>TH</arg>
<arg>TJ</arg>
<arg>TK</arg>
<arg>TL</arg>
<arg>TM</arg>
<arg>TN</arg>
<arg>TO</arg>
<arg>TR</arg>
<arg>TT</arg>
<arg>TV</arg>
<arg>TW</arg>
<arg>TZ</arg>
<arg>UA</arg>
<arg>UG</arg>
<arg>UM</arg>
<arg>US</arg>
<arg>UY</arg>
<arg>UZ</arg>
<arg>VA</arg>
<arg>VC</arg>
<arg>VE</arg>
<arg>VG</arg>
<arg>VI</arg>
<arg>VN</arg>
<arg>VU</arg>
<arg>WF</arg>
<arg>WS</arg>
<arg>XK</arg>
<arg>YE</arg>
<arg>YT</arg>
<arg>ZA</arg>
<arg>ZM</arg>
<arg>ZW</arg>
<doc>Returns a list containing given items.</doc>
<status status="PASS" start="2024-06-30T18:19:45.583271" elapsed="0.000620"/>
</kw>
<kw name="List Should Contain Value" owner="Collections">
<arg>${list_country}</arg>
<arg>${name_country}</arg>
<doc>Fails if the ``value`` is not found from ``list``.</doc>
<status status="PASS" start="2024-06-30T18:19:45.584687" elapsed="0.000205"/>
</kw>
<kw name="Run Keyword If" owner="BuiltIn">
<kw name="Should Be True" owner="BuiltIn">
<arg>${True}</arg>
<doc>Fails if the given condition is not true.</doc>
<status status="PASS" start="2024-06-30T18:19:45.585832" elapsed="0.000143"/>
</kw>
<arg>${json_data["results"][0]["location"]["coordinates"]["latitude"]} &gt;= -90 and ${json_data["results"][0]["location"]["coordinates"]["latitude"]} &lt;= 90</arg>
<arg>Should Be True</arg>
<arg>${True}</arg>
<doc>Runs the given keyword with the given arguments, if ``condition`` is true.</doc>
<status status="PASS" start="2024-06-30T18:19:45.585089" elapsed="0.001045"/>
</kw>
<kw name="Run Keyword If" owner="BuiltIn">
<kw name="Should Be True" owner="BuiltIn">
<arg>${True}</arg>
<doc>Fails if the given condition is not true.</doc>
<status status="PASS" start="2024-06-30T18:19:45.587016" elapsed="0.000239"/>
</kw>
<arg>${json_data["results"][0]["location"]["coordinates"]["longitude"]} &gt;= -180 and ${json_data["results"][0]["location"]["coordinates"]["longitude"]} &lt;= 180</arg>
<arg>Should Be True</arg>
<arg>${True}</arg>
<doc>Runs the given keyword with the given arguments, if ``condition`` is true.</doc>
<status status="PASS" start="2024-06-30T18:19:45.586318" elapsed="0.001067"/>
</kw>
<status status="PASS" start="2024-06-30T18:19:45.394915" elapsed="0.192605"/>
</kw>
<doc>Testa o conteúdo específico dos campos retornados pela API.</doc>
<tag>testeConteudo</tag>
<status status="PASS" start="2024-06-30T18:19:45.394395" elapsed="0.193281"/>
</test>
<status status="PASS" start="2024-06-30T18:19:44.515575" elapsed="1.074101"/>
</suite>
<status status="PASS" start="2024-06-30T18:19:44.501267" elapsed="1.093541"/>
</suite>
<statistics>
<total>
<stat pass="5" fail="0" skip="0">All Tests</stat>
</total>
<tag>
<stat pass="1" fail="0" skip="0">testeConteudo</stat>
<stat pass="1" fail="0" skip="0">testeEstruturaResposta</stat>
<stat pass="1" fail="0" skip="0">testeRequisicaoBasica</stat>
<stat pass="1" fail="0" skip="0">testeTiposDados</stat>
</tag>
<suite>
<stat pass="5" fail="0" skip="0" id="s1" name="Tests">Tests</stat>
<stat pass="5" fail="0" skip="0" id="s1-s1" name="Random-User-Test">Tests.Random-User-Test</stat>
</suite>
</statistics>
<errors>
</errors>
</robot>
