<?xml version="1.0" encoding="UTF-8"?>
<robot generator="Robot 7.0 (Python 3.12.3 on linux)" generated="2024-06-10T13:18:16.790395" rpa="false" schemaversion="5">
<suite id="s1" name="Tests" source="/home/runner/work/ApiRandomUser/ApiRandomUser/RamdonUser/tests">
<suite id="s1-s1" name="Random-User-Test" source="/home/runner/work/ApiRandomUser/ApiRandomUser/RamdonUser/tests/random-user-test.robot">
<test id="s1-s1-t1" name="Conectar" line="13">
<kw name="Conectar API" owner="random-user-service">
<kw name="Create Session" owner="RequestsLibrary">
<msg time="2024-06-10T13:18:17.228828" level="INFO">Creating Session using : alias=consultarAPI, url=https://randomuser.me/, headers={},                     cookies={}, auth=None, timeout=None, proxies=None, verify=False,                     debug=0 </msg>
<arg>consultarAPI</arg>
<arg>${URL}</arg>
<doc>Create Session: create a HTTP session to a server</doc>
<status status="PASS" start="2024-06-10T13:18:17.228616" elapsed="0.000389"/>
</kw>
<status status="PASS" start="2024-06-10T13:18:17.227537" elapsed="0.001881"/>
</kw>
<status status="PASS" start="2024-06-10T13:18:17.226976" elapsed="0.002640"/>
</test>
<test id="s1-s1-t2" name="Validar retorno 200 e JSON Válido" line="16">
<kw name="Teste de Requisicao Basica" owner="random-user-service">
<kw name="GET On Session" owner="RequestsLibrary">
<msg time="2024-06-10T13:18:17.881677" level="INFO">GET Request : url=https://randomuser.me/api 
 path_url=/api 
 headers={'User-Agent': 'python-requests/2.32.3', 'Accept-Encoding': 'gzip, deflate', 'Accept': '*/*', 'Connection': 'keep-alive'} 
 body=None 
 </msg>
<msg time="2024-06-10T13:18:17.881846" level="INFO">GET Response : url=https://randomuser.me/api 
 status=200, reason=OK 
 headers={'Date': 'Mon, 10 Jun 2024 13:18:17 GMT', 'Content-Type': 'application/json; charset=utf-8', 'Transfer-Encoding': 'chunked', 'Connection': 'keep-alive', 'X-Powered-By': 'Express', 'Access-Control-Allow-Origin': '*', 'Cache-Control': 'no-cache', 'ETag': 'W/"496-9s6/gQ9I6H4CIx2fKTfIanPLPpI"', 'Vary': 'Accept-Encoding', 'Content-Encoding': 'gzip', 'CF-Cache-Status': 'DYNAMIC', 'Report-To': '{"endpoints":[{"url":"https:\\/\\/a.nel.cloudflare.com\\/report\\/v4?s=rL5Bep1ohn%2FSAKAB78WGYcBhH0B3PUP5CRsswKG03XfVE9f0YkCHBpndYeq6ghCy6KO24%2Fo89Bzk%2BHbDFjhnGxaGQPDY8QOQjQSRsY214CvUWKSCx3FdlcYka9PGFox8"}],"group":"cf-nel","max_age":604800}', 'NEL': '{"success_fraction":0,"report_to":"cf-nel","max_age":604800}', 'Server': 'cloudflare', 'CF-RAY': '8919a57fa8e89453-SJC', 'alt-svc': 'h3=":443"; ma=86400'} 
 body={"results":[{"gender":"female","name":{"title":"Ms","first":"Iben","last":"Wiklund"},"location":{"street":{"number":5762,"name":"Gabbi Lunds vei"},"city":"Rubbestadneset","state":"Nord-Trøndelag","country":"Norway","postcode":"1314","coordinates":{"latitude":"45.7357","longitude":"46.7413"},"timezone":{"offset":"-5:00","description":"Eastern Time (US &amp; Canada), Bogota, Lima"}},"email":"iben.wiklund@example.com","login":{"uuid":"6fb493a7-2c16-469e-bbff-24ee0baa26be","username":"yellowdog343","password":"vegas","salt":"WeAAM69U","md5":"45bcbacace94d30bd630437a1ff9b678","sha1":"1fec44ecbc38bc1dcd76a92e76f7184df2c22d1b","sha256":"da6455a54ffa302bd0bd6902463289b48b8c425a1f5d97f20a9108cbaeaa0d47"},"dob":{"date":"1994-11-14T14:48:10.561Z","age":29},"registered":{"date":"2020-02-28T03:45:13.065Z","age":4},"phone":"76614785","cell":"46933264","id":{"name":"FN","value":"14119449457"},"picture":{"large":"https://randomuser.me/api/portraits/women/4.jpg","medium":"https://randomuser.me/api/portraits/med/women/4.jpg","thumbnail":"https://randomuser.me/api/portraits/thumb/women/4.jpg"},"nat":"NO"}],"info":{"seed":"8e5df105f176c8d0","results":1,"page":1,"version":"1.4"}} 
 </msg>
<msg time="2024-06-10T13:18:17.881941" level="INFO">/opt/hostedtoolcache/Python/3.12.3/x64/lib/python3.12/site-packages/urllib3/connectionpool.py:1103: InsecureRequestWarning: Unverified HTTPS request is being made to host 'randomuser.me'. Adding certificate verification is strongly advised. See: https://urllib3.readthedocs.io/en/latest/advanced-usage.html#tls-warnings
  warnings.warn(</msg>
<msg time="2024-06-10T13:18:17.882081" level="INFO">${response} = &lt;Response [200]&gt;</msg>
<var>${response}</var>
<arg>consultarAPI</arg>
<arg>/api</arg>
<doc>Sends a GET request on a previously created HTTP Session.</doc>
<status status="PASS" start="2024-06-10T13:18:17.232213" elapsed="0.649911"/>
</kw>
<kw name="Should Be Equal As Numbers" owner="BuiltIn">
<msg time="2024-06-10T13:18:17.883190" level="INFO">Argument types are:
&lt;class 'int'&gt;
&lt;class 'str'&gt;</msg>
<arg>${response.status_code}</arg>
<arg>200</arg>
<doc>Fails if objects are unequal after converting them to real numbers.</doc>
<status status="PASS" start="2024-06-10T13:18:17.882709" elapsed="0.000546"/>
</kw>
<kw name="Log" owner="BuiltIn">
<msg time="2024-06-10T13:18:17.883964" level="INFO">200</msg>
<arg>${response.status_code}</arg>
<doc>Logs the given message with the given level.</doc>
<status status="PASS" start="2024-06-10T13:18:17.883614" elapsed="0.000397"/>
</kw>
<kw name="Set Variable" owner="BuiltIn">
<msg time="2024-06-10T13:18:17.884754" level="INFO">${json_data} = {'results': [{'gender': 'female', 'name': {'title': 'Ms', 'first': 'Iben', 'last': 'Wiklund'}, 'location': {'street': {'number': 5762, 'name': 'Gabbi Lunds vei'}, 'city': 'Rubbestadneset', 'state': 'N...</msg>
<var>${json_data}</var>
<arg>${response.json()}</arg>
<doc>Returns the given values which can then be assigned to a variables.</doc>
<status status="PASS" start="2024-06-10T13:18:17.884317" elapsed="0.000465"/>
</kw>
<kw name="Dictionary Should Contain Key" owner="Collections">
<msg time="2024-06-10T13:18:17.885300" level="INFO">False</msg>
<arg>${json_data}</arg>
<arg>results</arg>
<doc>Fails if ``key`` is not found from ``dictionary``.</doc>
<status status="PASS" start="2024-06-10T13:18:17.885129" elapsed="0.000210"/>
</kw>
<status status="PASS" start="2024-06-10T13:18:17.231963" elapsed="0.653642"/>
</kw>
<doc>Testa se a API responde corretamente e retorna um objeto JSON válido.</doc>
<tag>testeRequisicaoBasica</tag>
<status status="PASS" start="2024-06-10T13:18:17.231488" elapsed="0.654304"/>
</test>
<test id="s1-s1-t3" name="Validar estrutura de resposta" line="22">
<kw name="Teste de Estrutura de Resposta" owner="random-user-service">
<kw name="GET On Session" owner="RequestsLibrary">
<msg time="2024-06-10T13:18:18.173757" level="INFO">GET Request : url=https://randomuser.me/api 
 path_url=/api 
 headers={'User-Agent': 'python-requests/2.32.3', 'Accept-Encoding': 'gzip, deflate', 'Accept': '*/*', 'Connection': 'keep-alive'} 
 body=None 
 </msg>
<msg time="2024-06-10T13:18:18.173856" level="INFO">GET Response : url=https://randomuser.me/api 
 status=200, reason=OK 
 headers={'Date': 'Mon, 10 Jun 2024 13:18:18 GMT', 'Content-Type': 'application/json; charset=utf-8', 'Transfer-Encoding': 'chunked', 'Connection': 'keep-alive', 'X-Powered-By': 'Express', 'Access-Control-Allow-Origin': '*', 'Cache-Control': 'no-cache', 'ETag': 'W/"48f-toItvcXY4DO1FjC66sUEiax81fU"', 'Vary': 'Accept-Encoding', 'Content-Encoding': 'gzip', 'CF-Cache-Status': 'DYNAMIC', 'Report-To': '{"endpoints":[{"url":"https:\\/\\/a.nel.cloudflare.com\\/report\\/v4?s=TxbK9PrWx0nXEvtEhay%2BZNdms56P0UN%2BIs2hhgVHLJiJeihRSyZ%2FVeXpSIRAQ59GPSzPov0iLNyq4Mt0sswzVID6mtji6Er4DA85qRrXFEAP0UfLRRKdeJxWfFj6TcOK"}],"group":"cf-nel","max_age":604800}', 'NEL': '{"success_fraction":0,"report_to":"cf-nel","max_age":604800}', 'Server': 'cloudflare', 'CF-RAY': '8919a581da059453-SJC', 'alt-svc': 'h3=":443"; ma=86400'} 
 body={"results":[{"gender":"female","name":{"title":"Miss","first":"Alexis","last":"Lee"},"location":{"street":{"number":7470,"name":"Oxford Terrace"},"city":"Invercargill","state":"Canterbury","country":"New Zealand","postcode":25703,"coordinates":{"latitude":"49.6999","longitude":"45.4665"},"timezone":{"offset":"-3:00","description":"Brazil, Buenos Aires, Georgetown"}},"email":"alexis.lee@example.com","login":{"uuid":"0615ba52-2e13-4787-9bab-17b124ecce66","username":"silverbird515","password":"onions","salt":"5emEGBLT","md5":"2a9c5c5d0d037134790fbf81d13808d2","sha1":"3e82bedc1c2fee4069c735a3c9320665f73a8175","sha256":"3c0fb7531fe828c27dbf2c96ab8174b1e531778536eb80e272a4b1f0fc3fb2c6"},"dob":{"date":"1983-11-07T17:15:47.575Z","age":40},"registered":{"date":"2003-12-03T01:43:26.444Z","age":20},"phone":"(297)-794-4614","cell":"(499)-660-0788","id":{"name":"","value":null},"picture":{"large":"https://randomuser.me/api/portraits/women/15.jpg","medium":"https://randomuser.me/api/portraits/med/women/15.jpg","thumbnail":"https://randomuser.me/api/portraits/thumb/women/15.jpg"},"nat":"NZ"}],"info":{"seed":"3901ab1557c108cb","results":1,"page":1,"version":"1.4"}} 
 </msg>
<msg time="2024-06-10T13:18:18.173996" level="INFO">/opt/hostedtoolcache/Python/3.12.3/x64/lib/python3.12/site-packages/urllib3/connectionpool.py:1103: InsecureRequestWarning: Unverified HTTPS request is being made to host 'randomuser.me'. Adding certificate verification is strongly advised. See: https://urllib3.readthedocs.io/en/latest/advanced-usage.html#tls-warnings
  warnings.warn(</msg>
<msg time="2024-06-10T13:18:18.174125" level="INFO">${response} = &lt;Response [200]&gt;</msg>
<var>${response}</var>
<arg>consultarAPI</arg>
<arg>/api</arg>
<doc>Sends a GET request on a previously created HTTP Session.</doc>
<status status="PASS" start="2024-06-10T13:18:17.888526" elapsed="0.285642"/>
</kw>
<kw name="Set Variable" owner="BuiltIn">
<msg time="2024-06-10T13:18:18.175178" level="INFO">${json_data} = {'results': [{'gender': 'female', 'name': {'title': 'Miss', 'first': 'Alexis', 'last': 'Lee'}, 'location': {'street': {'number': 7470, 'name': 'Oxford Terrace'}, 'city': 'Invercargill', 'state': 'Cant...</msg>
<var>${json_data}</var>
<arg>${response.json()}</arg>
<doc>Returns the given values which can then be assigned to a variables.</doc>
<status status="PASS" start="2024-06-10T13:18:18.174662" elapsed="0.000545"/>
</kw>
<kw name="Log" owner="BuiltIn">
<msg time="2024-06-10T13:18:18.175670" level="INFO">{'results': [{'gender': 'female', 'name': {'title': 'Miss', 'first': 'Alexis', 'last': 'Lee'}, 'location': {'street': {'number': 7470, 'name': 'Oxford Terrace'}, 'city': 'Invercargill', 'state': 'Canterbury', 'country': 'New Zealand', 'postcode': 25703, 'coordinates': {'latitude': '49.6999', 'longitude': '45.4665'}, 'timezone': {'offset': '-3:00', 'description': 'Brazil, Buenos Aires, Georgetown'}}, 'email': 'alexis.lee@example.com', 'login': {'uuid': '0615ba52-2e13-4787-9bab-17b124ecce66', 'username': 'silverbird515', 'password': 'onions', 'salt': '5emEGBLT', 'md5': '2a9c5c5d0d037134790fbf81d13808d2', 'sha1': '3e82bedc1c2fee4069c735a3c9320665f73a8175', 'sha256': '3c0fb7531fe828c27dbf2c96ab8174b1e531778536eb80e272a4b1f0fc3fb2c6'}, 'dob': {'date': '1983-11-07T17:15:47.575Z', 'age': 40}, 'registered': {'date': '2003-12-03T01:43:26.444Z', 'age': 20}, 'phone': '(297)-794-4614', 'cell': '(499)-660-0788', 'id': {'name': '', 'value': None}, 'picture': {'large': 'https://randomuser.me/api/portraits/women/15.jpg', 'medium': 'https://randomuser.me/api/portraits/med/women/15.jpg', 'thumbnail': 'https://randomuser.me/api/portraits/thumb/women/15.jpg'}, 'nat': 'NZ'}], 'info': {'seed': '3901ab1557c108cb', 'results': 1, 'page': 1, 'version': '1.4'}}</msg>
<arg>${json_data}</arg>
<doc>Logs the given message with the given level.</doc>
<status status="PASS" start="2024-06-10T13:18:18.175513" elapsed="0.000204"/>
</kw>
<kw name="Dictionary Should Contain Key" owner="Collections">
<msg time="2024-06-10T13:18:18.176172" level="INFO">False</msg>
<arg>${json_data}</arg>
<arg>results</arg>
<doc>Fails if ``key`` is not found from ``dictionary``.</doc>
<status status="PASS" start="2024-06-10T13:18:18.176013" elapsed="0.000197"/>
</kw>
<kw name="Should Not Be Empty" owner="BuiltIn">
<msg time="2024-06-10T13:18:18.176643" level="INFO">Length is 2.</msg>
<arg>${json_data}</arg>
<doc>Verifies that the given item is not empty.</doc>
<status status="PASS" start="2024-06-10T13:18:18.176512" elapsed="0.000169"/>
</kw>
<kw name="Create List" owner="BuiltIn">
<msg time="2024-06-10T13:18:18.177154" level="INFO">${expected_keys} = ['gender', 'name', 'location', 'email', 'login']</msg>
<var>${expected_keys}</var>
<arg>gender</arg>
<arg>name</arg>
<arg>location</arg>
<arg>email</arg>
<arg>login</arg>
<doc>Returns a list containing given items.</doc>
<status status="PASS" start="2024-06-10T13:18:18.176969" elapsed="0.000209"/>
</kw>
<for flavor="IN">
<iter>
<kw name="Dictionary Should Contain Key" owner="Collections">
<msg time="2024-06-10T13:18:18.178166" level="INFO">False</msg>
<arg>${json_data['results'][0]}</arg>
<arg>${key}</arg>
<doc>Fails if ``key`` is not found from ``dictionary``.</doc>
<status status="PASS" start="2024-06-10T13:18:18.177765" elapsed="0.000440"/>
</kw>
<kw name="Log" owner="BuiltIn">
<msg time="2024-06-10T13:18:18.178874" level="INFO">{'gender': 'female', 'name': {'title': 'Miss', 'first': 'Alexis', 'last': 'Lee'}, 'location': {'street': {'number': 7470, 'name': 'Oxford Terrace'}, 'city': 'Invercargill', 'state': 'Canterbury', 'country': 'New Zealand', 'postcode': 25703, 'coordinates': {'latitude': '49.6999', 'longitude': '45.4665'}, 'timezone': {'offset': '-3:00', 'description': 'Brazil, Buenos Aires, Georgetown'}}, 'email': 'alexis.lee@example.com', 'login': {'uuid': '0615ba52-2e13-4787-9bab-17b124ecce66', 'username': 'silverbird515', 'password': 'onions', 'salt': '5emEGBLT', 'md5': '2a9c5c5d0d037134790fbf81d13808d2', 'sha1': '3e82bedc1c2fee4069c735a3c9320665f73a8175', 'sha256': '3c0fb7531fe828c27dbf2c96ab8174b1e531778536eb80e272a4b1f0fc3fb2c6'}, 'dob': {'date': '1983-11-07T17:15:47.575Z', 'age': 40}, 'registered': {'date': '2003-12-03T01:43:26.444Z', 'age': 20}, 'phone': '(297)-794-4614', 'cell': '(499)-660-0788', 'id': {'name': '', 'value': None}, 'picture': {'large': 'https://randomuser.me/api/portraits/women/15.jpg', 'medium': 'https://randomuser.me/api/portraits/med/women/15.jpg', 'thumbnail': 'https://randomuser.me/api/portraits/thumb/women/15.jpg'}, 'nat': 'NZ'}</msg>
<arg>${json_data['results'][0]}</arg>
<doc>Logs the given message with the given level.</doc>
<status status="PASS" start="2024-06-10T13:18:18.178509" elapsed="0.000414"/>
</kw>
<kw name="Log" owner="BuiltIn">
<msg time="2024-06-10T13:18:18.179344" level="INFO">gender</msg>
<arg>${key}</arg>
<doc>Logs the given message with the given level.</doc>
<status status="PASS" start="2024-06-10T13:18:18.179218" elapsed="0.000162"/>
</kw>
<var name="${key}">gender</var>
<status status="PASS" start="2024-06-10T13:18:18.177640" elapsed="0.001950"/>
</iter>
<iter>
<kw name="Dictionary Should Contain Key" owner="Collections">
<msg time="2024-06-10T13:18:18.180266" level="INFO">False</msg>
<arg>${json_data['results'][0]}</arg>
<arg>${key}</arg>
<doc>Fails if ``key`` is not found from ``dictionary``.</doc>
<status status="PASS" start="2024-06-10T13:18:18.179890" elapsed="0.000414"/>
</kw>
<kw name="Log" owner="BuiltIn">
<msg time="2024-06-10T13:18:18.180984" level="INFO">{'gender': 'female', 'name': {'title': 'Miss', 'first': 'Alexis', 'last': 'Lee'}, 'location': {'street': {'number': 7470, 'name': 'Oxford Terrace'}, 'city': 'Invercargill', 'state': 'Canterbury', 'country': 'New Zealand', 'postcode': 25703, 'coordinates': {'latitude': '49.6999', 'longitude': '45.4665'}, 'timezone': {'offset': '-3:00', 'description': 'Brazil, Buenos Aires, Georgetown'}}, 'email': 'alexis.lee@example.com', 'login': {'uuid': '0615ba52-2e13-4787-9bab-17b124ecce66', 'username': 'silverbird515', 'password': 'onions', 'salt': '5emEGBLT', 'md5': '2a9c5c5d0d037134790fbf81d13808d2', 'sha1': '3e82bedc1c2fee4069c735a3c9320665f73a8175', 'sha256': '3c0fb7531fe828c27dbf2c96ab8174b1e531778536eb80e272a4b1f0fc3fb2c6'}, 'dob': {'date': '1983-11-07T17:15:47.575Z', 'age': 40}, 'registered': {'date': '2003-12-03T01:43:26.444Z', 'age': 20}, 'phone': '(297)-794-4614', 'cell': '(499)-660-0788', 'id': {'name': '', 'value': None}, 'picture': {'large': 'https://randomuser.me/api/portraits/women/15.jpg', 'medium': 'https://randomuser.me/api/portraits/med/women/15.jpg', 'thumbnail': 'https://randomuser.me/api/portraits/thumb/women/15.jpg'}, 'nat': 'NZ'}</msg>
<arg>${json_data['results'][0]}</arg>
<doc>Logs the given message with the given level.</doc>
<status status="PASS" start="2024-06-10T13:18:18.180626" elapsed="0.000431"/>
</kw>
<kw name="Log" owner="BuiltIn">
<msg time="2024-06-10T13:18:18.181484" level="INFO">name</msg>
<arg>${key}</arg>
<doc>Logs the given message with the given level.</doc>
<status status="PASS" start="2024-06-10T13:18:18.181359" elapsed="0.000162"/>
</kw>
<var name="${key}">name</var>
<status status="PASS" start="2024-06-10T13:18:18.179770" elapsed="0.001963"/>
</iter>
<iter>
<kw name="Dictionary Should Contain Key" owner="Collections">
<msg time="2024-06-10T13:18:18.182407" level="INFO">False</msg>
<arg>${json_data['results'][0]}</arg>
<arg>${key}</arg>
<doc>Fails if ``key`` is not found from ``dictionary``.</doc>
<status status="PASS" start="2024-06-10T13:18:18.182026" elapsed="0.000419"/>
</kw>
<kw name="Log" owner="BuiltIn">
<msg time="2024-06-10T13:18:18.183090" level="INFO">{'gender': 'female', 'name': {'title': 'Miss', 'first': 'Alexis', 'last': 'Lee'}, 'location': {'street': {'number': 7470, 'name': 'Oxford Terrace'}, 'city': 'Invercargill', 'state': 'Canterbury', 'country': 'New Zealand', 'postcode': 25703, 'coordinates': {'latitude': '49.6999', 'longitude': '45.4665'}, 'timezone': {'offset': '-3:00', 'description': 'Brazil, Buenos Aires, Georgetown'}}, 'email': 'alexis.lee@example.com', 'login': {'uuid': '0615ba52-2e13-4787-9bab-17b124ecce66', 'username': 'silverbird515', 'password': 'onions', 'salt': '5emEGBLT', 'md5': '2a9c5c5d0d037134790fbf81d13808d2', 'sha1': '3e82bedc1c2fee4069c735a3c9320665f73a8175', 'sha256': '3c0fb7531fe828c27dbf2c96ab8174b1e531778536eb80e272a4b1f0fc3fb2c6'}, 'dob': {'date': '1983-11-07T17:15:47.575Z', 'age': 40}, 'registered': {'date': '2003-12-03T01:43:26.444Z', 'age': 20}, 'phone': '(297)-794-4614', 'cell': '(499)-660-0788', 'id': {'name': '', 'value': None}, 'picture': {'large': 'https://randomuser.me/api/portraits/women/15.jpg', 'medium': 'https://randomuser.me/api/portraits/med/women/15.jpg', 'thumbnail': 'https://randomuser.me/api/portraits/thumb/women/15.jpg'}, 'nat': 'NZ'}</msg>
<arg>${json_data['results'][0]}</arg>
<doc>Logs the given message with the given level.</doc>
<status status="PASS" start="2024-06-10T13:18:18.182738" elapsed="0.000399"/>
</kw>
<kw name="Log" owner="BuiltIn">
<msg time="2024-06-10T13:18:18.183552" level="INFO">location</msg>
<arg>${key}</arg>
<doc>Logs the given message with the given level.</doc>
<status status="PASS" start="2024-06-10T13:18:18.183431" elapsed="0.000163"/>
</kw>
<var name="${key}">location</var>
<status status="PASS" start="2024-06-10T13:18:18.181908" elapsed="0.001912"/>
</iter>
<iter>
<kw name="Dictionary Should Contain Key" owner="Collections">
<msg time="2024-06-10T13:18:18.184478" level="INFO">False</msg>
<arg>${json_data['results'][0]}</arg>
<arg>${key}</arg>
<doc>Fails if ``key`` is not found from ``dictionary``.</doc>
<status status="PASS" start="2024-06-10T13:18:18.184100" elapsed="0.000420"/>
</kw>
<kw name="Log" owner="BuiltIn">
<msg time="2024-06-10T13:18:18.185211" level="INFO">{'gender': 'female', 'name': {'title': 'Miss', 'first': 'Alexis', 'last': 'Lee'}, 'location': {'street': {'number': 7470, 'name': 'Oxford Terrace'}, 'city': 'Invercargill', 'state': 'Canterbury', 'country': 'New Zealand', 'postcode': 25703, 'coordinates': {'latitude': '49.6999', 'longitude': '45.4665'}, 'timezone': {'offset': '-3:00', 'description': 'Brazil, Buenos Aires, Georgetown'}}, 'email': 'alexis.lee@example.com', 'login': {'uuid': '0615ba52-2e13-4787-9bab-17b124ecce66', 'username': 'silverbird515', 'password': 'onions', 'salt': '5emEGBLT', 'md5': '2a9c5c5d0d037134790fbf81d13808d2', 'sha1': '3e82bedc1c2fee4069c735a3c9320665f73a8175', 'sha256': '3c0fb7531fe828c27dbf2c96ab8174b1e531778536eb80e272a4b1f0fc3fb2c6'}, 'dob': {'date': '1983-11-07T17:15:47.575Z', 'age': 40}, 'registered': {'date': '2003-12-03T01:43:26.444Z', 'age': 20}, 'phone': '(297)-794-4614', 'cell': '(499)-660-0788', 'id': {'name': '', 'value': None}, 'picture': {'large': 'https://randomuser.me/api/portraits/women/15.jpg', 'medium': 'https://randomuser.me/api/portraits/med/women/15.jpg', 'thumbnail': 'https://randomuser.me/api/portraits/thumb/women/15.jpg'}, 'nat': 'NZ'}</msg>
<arg>${json_data['results'][0]}</arg>
<doc>Logs the given message with the given level.</doc>
<status status="PASS" start="2024-06-10T13:18:18.184817" elapsed="0.000442"/>
</kw>
<kw name="Log" owner="BuiltIn">
<msg time="2024-06-10T13:18:18.185675" level="INFO">email</msg>
<arg>${key}</arg>
<doc>Logs the given message with the given level.</doc>
<status status="PASS" start="2024-06-10T13:18:18.185553" elapsed="0.000159"/>
</kw>
<var name="${key}">email</var>
<status status="PASS" start="2024-06-10T13:18:18.183991" elapsed="0.001929"/>
</iter>
<iter>
<kw name="Dictionary Should Contain Key" owner="Collections">
<msg time="2024-06-10T13:18:18.186592" level="INFO">False</msg>
<arg>${json_data['results'][0]}</arg>
<arg>${key}</arg>
<doc>Fails if ``key`` is not found from ``dictionary``.</doc>
<status status="PASS" start="2024-06-10T13:18:18.186198" elapsed="0.000431"/>
</kw>
<kw name="Log" owner="BuiltIn">
<msg time="2024-06-10T13:18:18.187266" level="INFO">{'gender': 'female', 'name': {'title': 'Miss', 'first': 'Alexis', 'last': 'Lee'}, 'location': {'street': {'number': 7470, 'name': 'Oxford Terrace'}, 'city': 'Invercargill', 'state': 'Canterbury', 'country': 'New Zealand', 'postcode': 25703, 'coordinates': {'latitude': '49.6999', 'longitude': '45.4665'}, 'timezone': {'offset': '-3:00', 'description': 'Brazil, Buenos Aires, Georgetown'}}, 'email': 'alexis.lee@example.com', 'login': {'uuid': '0615ba52-2e13-4787-9bab-17b124ecce66', 'username': 'silverbird515', 'password': 'onions', 'salt': '5emEGBLT', 'md5': '2a9c5c5d0d037134790fbf81d13808d2', 'sha1': '3e82bedc1c2fee4069c735a3c9320665f73a8175', 'sha256': '3c0fb7531fe828c27dbf2c96ab8174b1e531778536eb80e272a4b1f0fc3fb2c6'}, 'dob': {'date': '1983-11-07T17:15:47.575Z', 'age': 40}, 'registered': {'date': '2003-12-03T01:43:26.444Z', 'age': 20}, 'phone': '(297)-794-4614', 'cell': '(499)-660-0788', 'id': {'name': '', 'value': None}, 'picture': {'large': 'https://randomuser.me/api/portraits/women/15.jpg', 'medium': 'https://randomuser.me/api/portraits/med/women/15.jpg', 'thumbnail': 'https://randomuser.me/api/portraits/thumb/women/15.jpg'}, 'nat': 'NZ'}</msg>
<arg>${json_data['results'][0]}</arg>
<doc>Logs the given message with the given level.</doc>
<status status="PASS" start="2024-06-10T13:18:18.186921" elapsed="0.000391"/>
</kw>
<kw name="Log" owner="BuiltIn">
<msg time="2024-06-10T13:18:18.187727" level="INFO">login</msg>
<arg>${key}</arg>
<doc>Logs the given message with the given level.</doc>
<status status="PASS" start="2024-06-10T13:18:18.187603" elapsed="0.000162"/>
</kw>
<var name="${key}">login</var>
<status status="PASS" start="2024-06-10T13:18:18.186088" elapsed="0.001919"/>
</iter>
<var>${key}</var>
<value>@{expected_keys}</value>
<status status="PASS" start="2024-06-10T13:18:18.177445" elapsed="0.010686"/>
</for>
<kw name="Create List" owner="BuiltIn">
<msg time="2024-06-10T13:18:18.188458" level="INFO">${expected_keysTwo} = ['username', 'password']</msg>
<var>${expected_keysTwo}</var>
<arg>username</arg>
<arg>password</arg>
<doc>Returns a list containing given items.</doc>
<status status="PASS" start="2024-06-10T13:18:18.188325" elapsed="0.000156"/>
</kw>
<for flavor="IN">
<iter>
<kw name="Dictionary Should Contain Key" owner="Collections">
<msg time="2024-06-10T13:18:18.189502" level="INFO">False</msg>
<arg>${json_data['results'][0]['login']}</arg>
<arg>${keyTwo}</arg>
<doc>Fails if ``key`` is not found from ``dictionary``.</doc>
<status status="PASS" start="2024-06-10T13:18:18.188967" elapsed="0.000572"/>
</kw>
<kw name="Dictionary Should Contain Key" owner="Collections">
<msg time="2024-06-10T13:18:18.190217" level="INFO">False</msg>
<arg>${json_data['results'][0]['login']}</arg>
<arg>${keyTwo}</arg>
<doc>Fails if ``key`` is not found from ``dictionary``.</doc>
<status status="PASS" start="2024-06-10T13:18:18.189837" elapsed="0.000417"/>
</kw>
<kw name="Log" owner="BuiltIn">
<msg time="2024-06-10T13:18:18.190670" level="INFO">username</msg>
<arg>${keyTwo}</arg>
<doc>Logs the given message with the given level.</doc>
<status status="PASS" start="2024-06-10T13:18:18.190543" elapsed="0.000164"/>
</kw>
<var name="${keyTwo}">username</var>
<status status="PASS" start="2024-06-10T13:18:18.188858" elapsed="0.002068"/>
</iter>
<iter>
<kw name="Dictionary Should Contain Key" owner="Collections">
<msg time="2024-06-10T13:18:18.191576" level="INFO">False</msg>
<arg>${json_data['results'][0]['login']}</arg>
<arg>${keyTwo}</arg>
<doc>Fails if ``key`` is not found from ``dictionary``.</doc>
<status status="PASS" start="2024-06-10T13:18:18.191207" elapsed="0.000406"/>
</kw>
<kw name="Dictionary Should Contain Key" owner="Collections">
<msg time="2024-06-10T13:18:18.192286" level="INFO">False</msg>
<arg>${json_data['results'][0]['login']}</arg>
<arg>${keyTwo}</arg>
<doc>Fails if ``key`` is not found from ``dictionary``.</doc>
<status status="PASS" start="2024-06-10T13:18:18.191902" elapsed="0.000421"/>
</kw>
<kw name="Log" owner="BuiltIn">
<msg time="2024-06-10T13:18:18.192740" level="INFO">password</msg>
<arg>${keyTwo}</arg>
<doc>Logs the given message with the given level.</doc>
<status status="PASS" start="2024-06-10T13:18:18.192618" elapsed="0.000158"/>
</kw>
<var name="${keyTwo}">password</var>
<status status="PASS" start="2024-06-10T13:18:18.191097" elapsed="0.001892"/>
</iter>
<var>${keyTwo}</var>
<value>@{expected_keysTwo}</value>
<status status="PASS" start="2024-06-10T13:18:18.188712" elapsed="0.004418"/>
</for>
<status status="PASS" start="2024-06-10T13:18:17.888129" elapsed="0.305151"/>
</kw>
<doc>Testa a estrutura da resposta da API.</doc>
<tag>testeEstruturaResposta</tag>
<status status="PASS" start="2024-06-10T13:18:17.887628" elapsed="0.305813"/>
</test>
<test id="s1-s1-t4" name="Validar tipos de dados" line="28">
<kw name="Teste de Tipos de Dados" owner="random-user-service">
<kw name="GET On Session" owner="RequestsLibrary">
<msg time="2024-06-10T13:18:18.280942" level="INFO">GET Request : url=https://randomuser.me/api 
 path_url=/api 
 headers={'User-Agent': 'python-requests/2.32.3', 'Accept-Encoding': 'gzip, deflate', 'Accept': '*/*', 'Connection': 'keep-alive'} 
 body=None 
 </msg>
<msg time="2024-06-10T13:18:18.281007" level="INFO">GET Response : url=https://randomuser.me/api 
 status=200, reason=OK 
 headers={'Date': 'Mon, 10 Jun 2024 13:18:18 GMT', 'Content-Type': 'application/json; charset=utf-8', 'Transfer-Encoding': 'chunked', 'Connection': 'keep-alive', 'X-Powered-By': 'Express', 'Access-Control-Allow-Origin': '*', 'Cache-Control': 'no-cache', 'ETag': 'W/"472-WmjbzU5NoQTXhgvHrSHwj0XBp7c"', 'Vary': 'Accept-Encoding', 'Content-Encoding': 'gzip', 'CF-Cache-Status': 'DYNAMIC', 'Report-To': '{"endpoints":[{"url":"https:\\/\\/a.nel.cloudflare.com\\/report\\/v4?s=75vYwgxvTI2q%2F9qRzGNJtksJTFPmZs%2BrMdD9JlD27VLk1duNcb67Fv3KmEUCeYRytaO5ZS9zUwz60XaBUP%2B0Bzn4mhrI%2BZO%2BL2fTY%2BZF%2Fq5VdXW3YV%2F%2FEmlpketmKoPh"}],"group":"cf-nel","max_age":604800}', 'NEL': '{"success_fraction":0,"report_to":"cf-nel","max_age":604800}', 'Server': 'cloudflare', 'CF-RAY': '8919a583bb1c9453-SJC', 'alt-svc': 'h3=":443"; ma=86400'} 
 body={"results":[{"gender":"male","name":{"title":"Mr","first":"Lado","last":"Kozyar"},"location":{"street":{"number":1050,"name":"Muzeyna"},"city":"Rovenki","state":"Avtonomna Respublika Krim","country":"Ukraine","postcode":42637,"coordinates":{"latitude":"80.6780","longitude":"-165.0528"},"timezone":{"offset":"-10:00","description":"Hawaii"}},"email":"lado.kozyar@example.com","login":{"uuid":"76113b05-b600-4efa-88dc-98baac3826c5","username":"ticklishrabbit648","password":"kaylee","salt":"Szbd49NY","md5":"e25bc44fc11bf82ce84d7c6d43dcb246","sha1":"ad3dab6b1bf2efcb5cff4a7c3aa4aa66e8794406","sha256":"72fa7d6fb8d305225dc9e291bde2a52d16443ddfaf0dd62e8d9ccf864027471e"},"dob":{"date":"1974-10-20T06:47:50.836Z","age":49},"registered":{"date":"2016-09-11T15:05:42.214Z","age":7},"phone":"(097) U25-1373","cell":"(066) C22-3823","id":{"name":"","value":null},"picture":{"large":"https://randomuser.me/api/portraits/men/67.jpg","medium":"https://randomuser.me/api/portraits/med/men/67.jpg","thumbnail":"https://randomuser.me/api/portraits/thumb/men/67.jpg"},"nat":"UA"}],"info":{"seed":"93ff0d39a230e0c6","results":1,"page":1,"version":"1.4"}} 
 </msg>
<msg time="2024-06-10T13:18:18.281096" level="INFO">/opt/hostedtoolcache/Python/3.12.3/x64/lib/python3.12/site-packages/urllib3/connectionpool.py:1103: InsecureRequestWarning: Unverified HTTPS request is being made to host 'randomuser.me'. Adding certificate verification is strongly advised. See: https://urllib3.readthedocs.io/en/latest/advanced-usage.html#tls-warnings
  warnings.warn(</msg>
<msg time="2024-06-10T13:18:18.281179" level="INFO">${response} = &lt;Response [200]&gt;</msg>
<var>${response}</var>
<arg>consultarAPI</arg>
<arg>/api</arg>
<doc>Sends a GET request on a previously created HTTP Session.</doc>
<status status="PASS" start="2024-06-10T13:18:18.195895" elapsed="0.085314"/>
</kw>
<kw name="Set Variable" owner="BuiltIn">
<msg time="2024-06-10T13:18:18.282057" level="INFO">${json_data} = {'results': [{'gender': 'male', 'name': {'title': 'Mr', 'first': 'Lado', 'last': 'Kozyar'}, 'location': {'street': {'number': 1050, 'name': 'Muzeyna'}, 'city': 'Rovenki', 'state': 'Avtonomna Respublik...</msg>
<var>${json_data}</var>
<arg>${response.json()}</arg>
<doc>Returns the given values which can then be assigned to a variables.</doc>
<status status="PASS" start="2024-06-10T13:18:18.281599" elapsed="0.000487"/>
</kw>
<kw name="Log" owner="BuiltIn">
<msg time="2024-06-10T13:18:18.282546" level="INFO">{'results': [{'gender': 'male', 'name': {'title': 'Mr', 'first': 'Lado', 'last': 'Kozyar'}, 'location': {'street': {'number': 1050, 'name': 'Muzeyna'}, 'city': 'Rovenki', 'state': 'Avtonomna Respublika Krim', 'country': 'Ukraine', 'postcode': 42637, 'coordinates': {'latitude': '80.6780', 'longitude': '-165.0528'}, 'timezone': {'offset': '-10:00', 'description': 'Hawaii'}}, 'email': 'lado.kozyar@example.com', 'login': {'uuid': '76113b05-b600-4efa-88dc-98baac3826c5', 'username': 'ticklishrabbit648', 'password': 'kaylee', 'salt': 'Szbd49NY', 'md5': 'e25bc44fc11bf82ce84d7c6d43dcb246', 'sha1': 'ad3dab6b1bf2efcb5cff4a7c3aa4aa66e8794406', 'sha256': '72fa7d6fb8d305225dc9e291bde2a52d16443ddfaf0dd62e8d9ccf864027471e'}, 'dob': {'date': '1974-10-20T06:47:50.836Z', 'age': 49}, 'registered': {'date': '2016-09-11T15:05:42.214Z', 'age': 7}, 'phone': '(097) U25-1373', 'cell': '(066) C22-3823', 'id': {'name': '', 'value': None}, 'picture': {'large': 'https://randomuser.me/api/portraits/men/67.jpg', 'medium': 'https://randomuser.me/api/portraits/med/men/67.jpg', 'thumbnail': 'https://randomuser.me/api/portraits/thumb/men/67.jpg'}, 'nat': 'UA'}], 'info': {'seed': '93ff0d39a230e0c6', 'results': 1, 'page': 1, 'version': '1.4'}}</msg>
<arg>${json_data}</arg>
<doc>Logs the given message with the given level.</doc>
<status status="PASS" start="2024-06-10T13:18:18.282394" elapsed="0.000232"/>
</kw>
<kw name="Should Be String" owner="String">
<arg>${json_data['results'][0]['gender']}</arg>
<doc>Fails if the given ``item`` is not a string.</doc>
<status status="PASS" start="2024-06-10T13:18:18.282921" elapsed="0.000357"/>
</kw>
<kw name="Should Match Regexp" owner="BuiltIn">
<arg>${json_data['results'][0]['email']}</arg>
<arg>^[a-zA-Z0-9._%+-]+@[a-zA-Z0-9.-]+\.[a-zA-Z]{2,}$</arg>
<doc>Fails if ``string`` does not match ``pattern`` as a regular expression.</doc>
<status status="PASS" start="2024-06-10T13:18:18.283482" elapsed="0.000523"/>
</kw>
<kw name="Should Match Regexp" owner="BuiltIn">
<arg>${json_data['results'][0]['dob']['date']}</arg>
<arg>\\d{4}-\\d{2}-\\d{2}T\\d{2}:\\d{2}:\\d{2}\\.\\d{3}Z</arg>
<doc>Fails if ``string`` does not match ``pattern`` as a regular expression.</doc>
<status status="PASS" start="2024-06-10T13:18:18.284203" elapsed="0.000485"/>
</kw>
<kw name="Should Match Regexp" owner="BuiltIn">
<arg>${json_data['results'][0]['registered']['date']}</arg>
<arg>\\d{4}-\\d{2}-\\d{2}T\\d{2}:\\d{2}:\\d{2}\\.\\d{3}Z</arg>
<doc>Fails if ``string`` does not match ``pattern`` as a regular expression.</doc>
<status status="PASS" start="2024-06-10T13:18:18.284880" elapsed="0.000391"/>
</kw>
<kw name="Should Match Regexp" owner="BuiltIn">
<arg>${json_data['results'][0]['picture']['large']}</arg>
<arg>^https?://.*\.(?:png|jpe?g|gif|bmp)$</arg>
<doc>Fails if ``string`` does not match ``pattern`` as a regular expression.</doc>
<status status="PASS" start="2024-06-10T13:18:18.285475" elapsed="0.000569"/>
</kw>
<kw name="Should Match Regexp" owner="BuiltIn">
<arg>${json_data['results'][0]['picture']['medium']}</arg>
<arg>^https?://.*\.(?:png|jpe?g|gif|bmp)$</arg>
<doc>Fails if ``string`` does not match ``pattern`` as a regular expression.</doc>
<status status="PASS" start="2024-06-10T13:18:18.286249" elapsed="0.000363"/>
</kw>
<kw name="Should Match Regexp" owner="BuiltIn">
<arg>${json_data['results'][0]['picture']['thumbnail']}</arg>
<arg>^https?://.*\.(?:png|jpe?g|gif|bmp)$</arg>
<doc>Fails if ``string`` does not match ``pattern`` as a regular expression.</doc>
<status status="PASS" start="2024-06-10T13:18:18.286801" elapsed="0.000357"/>
</kw>
<kw name="Log" owner="BuiltIn">
<msg time="2024-06-10T13:18:18.287673" level="INFO">{'large': 'https://randomuser.me/api/portraits/men/67.jpg', 'medium': 'https://randomuser.me/api/portraits/med/men/67.jpg', 'thumbnail': 'https://randomuser.me/api/portraits/thumb/men/67.jpg'}</msg>
<arg>${json_data['results'][0]['picture']}</arg>
<doc>Logs the given message with the given level.</doc>
<status status="PASS" start="2024-06-10T13:18:18.287343" elapsed="0.000371"/>
</kw>
<status status="PASS" start="2024-06-10T13:18:18.195667" elapsed="0.092306"/>
</kw>
<kw name="Teste de Tipos de Dados - Postcode" owner="random-user-service">
<kw name="GET On Session" owner="RequestsLibrary">
<msg time="2024-06-10T13:18:18.567019" level="INFO">GET Request : url=https://randomuser.me/api 
 path_url=/api 
 headers={'User-Agent': 'python-requests/2.32.3', 'Accept-Encoding': 'gzip, deflate', 'Accept': '*/*', 'Connection': 'keep-alive'} 
 body=None 
 </msg>
<msg time="2024-06-10T13:18:18.567140" level="INFO">GET Response : url=https://randomuser.me/api 
 status=200, reason=OK 
 headers={'Date': 'Mon, 10 Jun 2024 13:18:18 GMT', 'Content-Type': 'application/json; charset=utf-8', 'Transfer-Encoding': 'chunked', 'Connection': 'keep-alive', 'X-Powered-By': 'Express', 'Access-Control-Allow-Origin': '*', 'Cache-Control': 'no-cache', 'ETag': 'W/"48a-qGnbhN9NOe4AS0Tytd7PVN6JgFA"', 'Vary': 'Accept-Encoding', 'Content-Encoding': 'gzip', 'CF-Cache-Status': 'DYNAMIC', 'Report-To': '{"endpoints":[{"url":"https:\\/\\/a.nel.cloudflare.com\\/report\\/v4?s=F4egiZ5Vj%2FecJ8HNFbHWKqmGtTONjk8enU9qXkusvo1lLHgJqNVY6IDSSzt987qEBTSp7ZLFiD4krlK2Cb4IU5xUesNkwpEeL5VZ%2BZq%2Bfr5rS%2BBtrFxmBeOMdf1oW%2BVr"}],"group":"cf-nel","max_age":604800}', 'NEL': '{"success_fraction":0,"report_to":"cf-nel","max_age":604800}', 'Server': 'cloudflare', 'CF-RAY': '8919a5845b6f9453-SJC', 'alt-svc': 'h3=":443"; ma=86400'} 
 body={"results":[{"gender":"female","name":{"title":"Mrs","first":"Ege","last":"Kulaksızoğlu"},"location":{"street":{"number":9033,"name":"Kushimoto Sk"},"city":"Kırıkkale","state":"Çankırı","country":"Turkey","postcode":19070,"coordinates":{"latitude":"65.9498","longitude":"22.1584"},"timezone":{"offset":"+6:00","description":"Almaty, Dhaka, Colombo"}},"email":"ege.kulaksizoglu@example.com","login":{"uuid":"486ce3e3-10d8-4049-8790-67e04676f222","username":"angrykoala520","password":"marvel","salt":"aYGdrKdD","md5":"6eaf7c33e26e4aa3b7b609e17cb709bb","sha1":"77e5cbca3b8fe76be15fe4eb43e108dfa9e0706f","sha256":"43bf32122b56cf054925bd7b2fa6dc35cae3b808568bfd5e5a739b121526344d"},"dob":{"date":"1995-09-24T07:41:10.948Z","age":28},"registered":{"date":"2003-04-05T19:23:36.590Z","age":21},"phone":"(443)-911-1105","cell":"(130)-013-1570","id":{"name":"","value":null},"picture":{"large":"https://randomuser.me/api/portraits/women/26.jpg","medium":"https://randomuser.me/api/portraits/med/women/26.jpg","thumbnail":"https://randomuser.me/api/portraits/thumb/women/26.jpg"},"nat":"TR"}],"info":{"seed":"a6e10b5ac5d8fe6b","results":1,"page":1,"version":"1.4"}} 
 </msg>
<msg time="2024-06-10T13:18:18.567257" level="INFO">/opt/hostedtoolcache/Python/3.12.3/x64/lib/python3.12/site-packages/urllib3/connectionpool.py:1103: InsecureRequestWarning: Unverified HTTPS request is being made to host 'randomuser.me'. Adding certificate verification is strongly advised. See: https://urllib3.readthedocs.io/en/latest/advanced-usage.html#tls-warnings
  warnings.warn(</msg>
<msg time="2024-06-10T13:18:18.567405" level="INFO">${response} = &lt;Response [200]&gt;</msg>
<var>${response}</var>
<arg>consultarAPI</arg>
<arg>/api</arg>
<doc>Sends a GET request on a previously created HTTP Session.</doc>
<status status="PASS" start="2024-06-10T13:18:18.288419" elapsed="0.279040"/>
</kw>
<kw name="Set Variable" owner="BuiltIn">
<msg time="2024-06-10T13:18:18.568505" level="INFO">${json_data} = {'results': [{'gender': 'female', 'name': {'title': 'Mrs', 'first': 'Ege', 'last': 'Kulaksızoğlu'}, 'location': {'street': {'number': 9033, 'name': 'Kushimoto Sk'}, 'city': 'Kırıkkale', 'state': 'Çank...</msg>
<var>${json_data}</var>
<arg>${response.json()}</arg>
<doc>Returns the given values which can then be assigned to a variables.</doc>
<status status="PASS" start="2024-06-10T13:18:18.567985" elapsed="0.000550"/>
</kw>
<kw name="Log" owner="BuiltIn">
<msg time="2024-06-10T13:18:18.569004" level="INFO">{'results': [{'gender': 'female', 'name': {'title': 'Mrs', 'first': 'Ege', 'last': 'Kulaksızoğlu'}, 'location': {'street': {'number': 9033, 'name': 'Kushimoto Sk'}, 'city': 'Kırıkkale', 'state': 'Çankırı', 'country': 'Turkey', 'postcode': 19070, 'coordinates': {'latitude': '65.9498', 'longitude': '22.1584'}, 'timezone': {'offset': '+6:00', 'description': 'Almaty, Dhaka, Colombo'}}, 'email': 'ege.kulaksizoglu@example.com', 'login': {'uuid': '486ce3e3-10d8-4049-8790-67e04676f222', 'username': 'angrykoala520', 'password': 'marvel', 'salt': 'aYGdrKdD', 'md5': '6eaf7c33e26e4aa3b7b609e17cb709bb', 'sha1': '77e5cbca3b8fe76be15fe4eb43e108dfa9e0706f', 'sha256': '43bf32122b56cf054925bd7b2fa6dc35cae3b808568bfd5e5a739b121526344d'}, 'dob': {'date': '1995-09-24T07:41:10.948Z', 'age': 28}, 'registered': {'date': '2003-04-05T19:23:36.590Z', 'age': 21}, 'phone': '(443)-911-1105', 'cell': '(130)-013-1570', 'id': {'name': '', 'value': None}, 'picture': {'large': 'https://randomuser.me/api/portraits/women/26.jpg', 'medium': 'https://randomuser.me/api/portraits/med/women/26.jpg', 'thumbnail': 'https://randomuser.me/api/portraits/thumb/women/26.jpg'}, 'nat': 'TR'}], 'info': {'seed': 'a6e10b5ac5d8fe6b', 'results': 1, 'page': 1, 'version': '1.4'}}</msg>
<arg>${json_data}</arg>
<doc>Logs the given message with the given level.</doc>
<status status="PASS" start="2024-06-10T13:18:18.568846" elapsed="0.000306"/>
</kw>
<kw name="Should Be Equal As Numbers" owner="BuiltIn">
<arg>${json_data['results'][0]['location']['postcode']}</arg>
<arg>${json_data['results'][0]['location']['postcode']}</arg>
<doc>Fails if objects are unequal after converting them to real numbers.</doc>
<status status="PASS" start="2024-06-10T13:18:18.569461" elapsed="0.000640"/>
</kw>
<kw name="Log" owner="BuiltIn">
<msg time="2024-06-10T13:18:18.570630" level="INFO">19070</msg>
<arg>${json_data['results'][0]['location']['postcode']}</arg>
<doc>Logs the given message with the given level.</doc>
<status status="PASS" start="2024-06-10T13:18:18.570294" elapsed="0.000383"/>
</kw>
<status status="PASS" start="2024-06-10T13:18:18.288190" elapsed="0.282745"/>
</kw>
<doc>Testa se os tipos de dados na resposta da API estão corretos.</doc>
<tag>testeTiposDados</tag>
<status status="PASS" start="2024-06-10T13:18:18.195199" elapsed="0.375906"/>
</test>
<test id="s1-s1-t5" name="Validar conteudo" line="35">
<kw name="Teste de Tipos de Conteudo" owner="random-user-service">
<kw name="GET On Session" owner="RequestsLibrary">
<msg time="2024-06-10T13:18:18.715044" level="INFO">GET Request : url=https://randomuser.me/api 
 path_url=/api 
 headers={'User-Agent': 'python-requests/2.32.3', 'Accept-Encoding': 'gzip, deflate', 'Accept': '*/*', 'Connection': 'keep-alive'} 
 body=None 
 </msg>
<msg time="2024-06-10T13:18:18.715131" level="INFO">GET Response : url=https://randomuser.me/api 
 status=200, reason=OK 
 headers={'Date': 'Mon, 10 Jun 2024 13:18:18 GMT', 'Content-Type': 'application/json; charset=utf-8', 'Transfer-Encoding': 'chunked', 'Connection': 'keep-alive', 'X-Powered-By': 'Express', 'Access-Control-Allow-Origin': '*', 'Cache-Control': 'no-cache', 'ETag': 'W/"49f-CQYtDrxNpuRQ9NNORRSEdZLLm3A"', 'Vary': 'Accept-Encoding', 'Content-Encoding': 'gzip', 'CF-Cache-Status': 'DYNAMIC', 'Report-To': '{"endpoints":[{"url":"https:\\/\\/a.nel.cloudflare.com\\/report\\/v4?s=hBcnfqXLLBjnuaSoql4Yv91RakgvYU%2FIUBxgz57z0sA7u8D9rqcpBIbK41UQw5%2Fw4Xfdlfsed2Ook3Yhd1c01PQL314rDhXKSz%2Bis%2F7IMDvkJhfeElXkrtYZ02ADMzpI"}],"group":"cf-nel","max_age":604800}', 'NEL': '{"success_fraction":0,"report_to":"cf-nel","max_age":604800}', 'Server': 'cloudflare', 'CF-RAY': '8919a5861c949453-SJC', 'alt-svc': 'h3=":443"; ma=86400'} 
 body={"results":[{"gender":"male","name":{"title":"Mr","first":"Perelyub","last":"Petranovskiy"},"location":{"street":{"number":114,"name":"Vokzalniy provulok"},"city":"Pustomiti","state":"Ternopilska","country":"Ukraine","postcode":29732,"coordinates":{"latitude":"78.9360","longitude":"-114.4111"},"timezone":{"offset":"+8:00","description":"Beijing, Perth, Singapore, Hong Kong"}},"email":"perelyub.petranovskiy@example.com","login":{"uuid":"aad02bc3-adea-44a1-ac96-e7505e30b18d","username":"organicgorilla932","password":"shark1","salt":"O25PpPeN","md5":"c18ab50af3f1ed0e5b11c440a215d1da","sha1":"d985e09b1271a9bfc4dbf68a82092c93569ee5e4","sha256":"a0a4cdf174e5b6723e51e936158532ba5b526f5d26f84a311f811ba71162ebf6"},"dob":{"date":"1972-03-28T11:57:58.538Z","age":52},"registered":{"date":"2008-11-03T21:02:26.154Z","age":15},"phone":"(068) X20-7058","cell":"(097) T98-7279","id":{"name":"","value":null},"picture":{"large":"https://randomuser.me/api/portraits/men/5.jpg","medium":"https://randomuser.me/api/portraits/med/men/5.jpg","thumbnail":"https://randomuser.me/api/portraits/thumb/men/5.jpg"},"nat":"UA"}],"info":{"seed":"2dbe04f38d8a4600","results":1,"page":1,"version":"1.4"}} 
 </msg>
<msg time="2024-06-10T13:18:18.715206" level="INFO">/opt/hostedtoolcache/Python/3.12.3/x64/lib/python3.12/site-packages/urllib3/connectionpool.py:1103: InsecureRequestWarning: Unverified HTTPS request is being made to host 'randomuser.me'. Adding certificate verification is strongly advised. See: https://urllib3.readthedocs.io/en/latest/advanced-usage.html#tls-warnings
  warnings.warn(</msg>
<msg time="2024-06-10T13:18:18.715320" level="INFO">${response} = &lt;Response [200]&gt;</msg>
<var>${response}</var>
<arg>consultarAPI</arg>
<arg>/api</arg>
<doc>Sends a GET request on a previously created HTTP Session.</doc>
<status status="PASS" start="2024-06-10T13:18:18.574061" elapsed="0.141300"/>
</kw>
<kw name="Set Variable" owner="BuiltIn">
<msg time="2024-06-10T13:18:18.716330" level="INFO">${json_data} = {'results': [{'gender': 'male', 'name': {'title': 'Mr', 'first': 'Perelyub', 'last': 'Petranovskiy'}, 'location': {'street': {'number': 114, 'name': 'Vokzalniy provulok'}, 'city': 'Pustomiti', 'state'...</msg>
<var>${json_data}</var>
<arg>${response.json()}</arg>
<doc>Returns the given values which can then be assigned to a variables.</doc>
<status status="PASS" start="2024-06-10T13:18:18.715860" elapsed="0.000499"/>
</kw>
<kw name="Set Variable" owner="BuiltIn">
<msg time="2024-06-10T13:18:18.717084" level="INFO">${name_title} = Mr</msg>
<var>${name_title}</var>
<arg>${json_data["results"][0]["name"]["title"]}</arg>
<doc>Returns the given values which can then be assigned to a variables.</doc>
<status status="PASS" start="2024-06-10T13:18:18.716661" elapsed="0.000456"/>
</kw>
<kw name="Create List" owner="BuiltIn">
<msg time="2024-06-10T13:18:18.717571" level="INFO">${allowed_titles} = ['Mr', 'Ms', 'Miss', 'Mrs', 'Madame', 'Monsieur']</msg>
<var>${allowed_titles}</var>
<arg>Mr</arg>
<arg>Ms</arg>
<arg>Miss</arg>
<arg>Mrs</arg>
<arg>Madame</arg>
<arg>Monsieur</arg>
<doc>Returns a list containing given items.</doc>
<status status="PASS" start="2024-06-10T13:18:18.717423" elapsed="0.000172"/>
</kw>
<kw name="List Should Contain Value" owner="Collections">
<msg time="2024-06-10T13:18:18.718092" level="INFO">False</msg>
<arg>${allowed_titles}</arg>
<arg>${name_title}</arg>
<doc>Fails if the ``value`` is not found from ``list``.</doc>
<status status="PASS" start="2024-06-10T13:18:18.717920" elapsed="0.000209"/>
</kw>
<kw name="Set Variable" owner="BuiltIn">
<msg time="2024-06-10T13:18:18.718790" level="INFO">${name_country} = UA</msg>
<var>${name_country}</var>
<arg>${json_data["results"][0]["nat"]}</arg>
<doc>Returns the given values which can then be assigned to a variables.</doc>
<status status="PASS" start="2024-06-10T13:18:18.718414" elapsed="0.000401"/>
</kw>
<kw name="Create List" owner="BuiltIn">
<msg time="2024-06-10T13:18:18.719712" level="INFO">${list_country} = ['AD', 'AE', 'AF', 'AG', 'AI', 'AL', 'AM', 'AO', 'AQ', 'AR', 'AS', 'AT', 'AU', 'AW', 'AX', 'AZ', 'BA', 'BB', 'BD', 'BE', 'BF', 'BG', 'BH', 'BI', 'BJ', 'BL', 'BM', 'BN', 'BO', 'BQ', 'BR', 'BS', 'BT', '...</msg>
<var>${list_country}</var>
<arg>AD</arg>
<arg>AE</arg>
<arg>AF</arg>
<arg>AG</arg>
<arg>AI</arg>
<arg>AL</arg>
<arg>AM</arg>
<arg>AO</arg>
<arg>AQ</arg>
<arg>AR</arg>
<arg>AS</arg>
<arg>AT</arg>
<arg>AU</arg>
<arg>AW</arg>
<arg>AX</arg>
<arg>AZ</arg>
<arg>BA</arg>
<arg>BB</arg>
<arg>BD</arg>
<arg>BE</arg>
<arg>BF</arg>
<arg>BG</arg>
<arg>BH</arg>
<arg>BI</arg>
<arg>BJ</arg>
<arg>BL</arg>
<arg>BM</arg>
<arg>BN</arg>
<arg>BO</arg>
<arg>BQ</arg>
<arg>BR</arg>
<arg>BS</arg>
<arg>BT</arg>
<arg>BV</arg>
<arg>BW</arg>
<arg>BY</arg>
<arg>BZ</arg>
<arg>CA</arg>
<arg>CC</arg>
<arg>CD</arg>
<arg>CF</arg>
<arg>CG</arg>
<arg>CH</arg>
<arg>CI</arg>
<arg>CK</arg>
<arg>CL</arg>
<arg>CM</arg>
<arg>CN</arg>
<arg>CO</arg>
<arg>CR</arg>
<arg>CU</arg>
<arg>CV</arg>
<arg>CW</arg>
<arg>CX</arg>
<arg>CY</arg>
<arg>CZ</arg>
<arg>DE</arg>
<arg>DJ</arg>
<arg>DK</arg>
<arg>DM</arg>
<arg>DO</arg>
<arg>DZ</arg>
<arg>EC</arg>
<arg>EE</arg>
<arg>EG</arg>
<arg>EH</arg>
<arg>ER</arg>
<arg>ES</arg>
<arg>ET</arg>
<arg>FI</arg>
<arg>FJ</arg>
<arg>FK</arg>
<arg>FM</arg>
<arg>FO</arg>
<arg>FR</arg>
<arg>GA</arg>
<arg>GB</arg>
<arg>GD</arg>
<arg>GE</arg>
<arg>GF</arg>
<arg>GG</arg>
<arg>GH</arg>
<arg>GI</arg>
<arg>GL</arg>
<arg>GM</arg>
<arg>GN</arg>
<arg>GP</arg>
<arg>GQ</arg>
<arg>GR</arg>
<arg>GS</arg>
<arg>GT</arg>
<arg>GU</arg>
<arg>GW</arg>
<arg>GY</arg>
<arg>HK</arg>
<arg>HM</arg>
<arg>HN</arg>
<arg>HR</arg>
<arg>HT</arg>
<arg>HU</arg>
<arg>ID</arg>
<arg>IE</arg>
<arg>IL</arg>
<arg>IM</arg>
<arg>IN</arg>
<arg>IO</arg>
<arg>IQ</arg>
<arg>IR</arg>
<arg>IS</arg>
<arg>IT</arg>
<arg>JE</arg>
<arg>JM</arg>
<arg>JO</arg>
<arg>JP</arg>
<arg>KE</arg>
<arg>KG</arg>
<arg>KH</arg>
<arg>KI</arg>
<arg>KM</arg>
<arg>KN</arg>
<arg>KP</arg>
<arg>KR</arg>
<arg>KW</arg>
<arg>KY</arg>
<arg>KZ</arg>
<arg>LA</arg>
<arg>LB</arg>
<arg>LC</arg>
<arg>LI</arg>
<arg>LK</arg>
<arg>LR</arg>
<arg>LS</arg>
<arg>LT</arg>
<arg>LU</arg>
<arg>LV</arg>
<arg>LY</arg>
<arg>MA</arg>
<arg>MC</arg>
<arg>MD</arg>
<arg>ME</arg>
<arg>MF</arg>
<arg>MG</arg>
<arg>MH</arg>
<arg>MK</arg>
<arg>ML</arg>
<arg>MM</arg>
<arg>MN</arg>
<arg>MO</arg>
<arg>MP</arg>
<arg>MQ</arg>
<arg>MR</arg>
<arg>MS</arg>
<arg>MT</arg>
<arg>MU</arg>
<arg>MV</arg>
<arg>MW</arg>
<arg>MX</arg>
<arg>MY</arg>
<arg>MZ</arg>
<arg>NA</arg>
<arg>NC</arg>
<arg>NE</arg>
<arg>NF</arg>
<arg>NG</arg>
<arg>NI</arg>
<arg>NL</arg>
<arg>NO</arg>
<arg>NP</arg>
<arg>NR</arg>
<arg>NU</arg>
<arg>NZ</arg>
<arg>OM</arg>
<arg>PA</arg>
<arg>PE</arg>
<arg>PF</arg>
<arg>PG</arg>
<arg>PH</arg>
<arg>PK</arg>
<arg>PL</arg>
<arg>PM</arg>
<arg>PN</arg>
<arg>PR</arg>
<arg>PS</arg>
<arg>PT</arg>
<arg>PW</arg>
<arg>PY</arg>
<arg>QA</arg>
<arg>RE</arg>
<arg>RO</arg>
<arg>RS</arg>
<arg>RU</arg>
<arg>RW</arg>
<arg>SA</arg>
<arg>SB</arg>
<arg>SC</arg>
<arg>SD</arg>
<arg>SE</arg>
<arg>SG</arg>
<arg>SH</arg>
<arg>SI</arg>
<arg>SJ</arg>
<arg>SK</arg>
<arg>SL</arg>
<arg>SM</arg>
<arg>SN</arg>
<arg>SO</arg>
<arg>SR</arg>
<arg>SS</arg>
<arg>ST</arg>
<arg>SV</arg>
<arg>SX</arg>
<arg>SY</arg>
<arg>SZ</arg>
<arg>TC</arg>
<arg>TD</arg>
<arg>TF</arg>
<arg>TG</arg>
<arg>TH</arg>
<arg>TJ</arg>
<arg>TK</arg>
<arg>TL</arg>
<arg>TM</arg>
<arg>TN</arg>
<arg>TO</arg>
<arg>TR</arg>
<arg>TT</arg>
<arg>TV</arg>
<arg>TW</arg>
<arg>TZ</arg>
<arg>UA</arg>
<arg>UG</arg>
<arg>UM</arg>
<arg>US</arg>
<arg>UY</arg>
<arg>UZ</arg>
<arg>VA</arg>
<arg>VC</arg>
<arg>VE</arg>
<arg>VG</arg>
<arg>VI</arg>
<arg>VN</arg>
<arg>VU</arg>
<arg>WF</arg>
<arg>WS</arg>
<arg>XK</arg>
<arg>YE</arg>
<arg>YT</arg>
<arg>ZA</arg>
<arg>ZM</arg>
<arg>ZW</arg>
<doc>Returns a list containing given items.</doc>
<status status="PASS" start="2024-06-10T13:18:18.719114" elapsed="0.000622"/>
</kw>
<kw name="List Should Contain Value" owner="Collections">
<msg time="2024-06-10T13:18:18.720714" level="INFO">False</msg>
<arg>${list_country}</arg>
<arg>${name_country}</arg>
<doc>Fails if the ``value`` is not found from ``list``.</doc>
<status status="PASS" start="2024-06-10T13:18:18.720513" elapsed="0.000237"/>
</kw>
<kw name="Run Keyword If" owner="BuiltIn">
<kw name="Should Be True" owner="BuiltIn">
<arg>${True}</arg>
<doc>Fails if the given condition is not true.</doc>
<status status="PASS" start="2024-06-10T13:18:18.721963" elapsed="0.000143"/>
</kw>
<arg>${json_data["results"][0]["location"]["coordinates"]["latitude"]} &gt;= -90 and ${json_data["results"][0]["location"]["coordinates"]["latitude"]} &lt;= 90</arg>
<arg>Should Be True</arg>
<arg>${True}</arg>
<doc>Runs the given keyword with the given arguments, if ``condition`` is true.</doc>
<status status="PASS" start="2024-06-10T13:18:18.721089" elapsed="0.001143"/>
</kw>
<kw name="Run Keyword If" owner="BuiltIn">
<kw name="Should Be True" owner="BuiltIn">
<arg>${True}</arg>
<doc>Fails if the given condition is not true.</doc>
<status status="PASS" start="2024-06-10T13:18:18.723117" elapsed="0.000137"/>
</kw>
<arg>${json_data["results"][0]["location"]["coordinates"]["longitude"]} &gt;= -180 and ${json_data["results"][0]["location"]["coordinates"]["longitude"]} &lt;= 180</arg>
<arg>Should Be True</arg>
<arg>${True}</arg>
<doc>Runs the given keyword with the given arguments, if ``condition`` is true.</doc>
<status status="PASS" start="2024-06-10T13:18:18.722420" elapsed="0.000957"/>
</kw>
<status status="PASS" start="2024-06-10T13:18:18.573686" elapsed="0.149819"/>
</kw>
<doc>Testa o conteúdo específico dos campos retornados pela API.</doc>
<tag>testeConteudo</tag>
<status status="PASS" start="2024-06-10T13:18:18.572951" elapsed="0.150697"/>
</test>
<status status="PASS" start="2024-06-10T13:18:16.848517" elapsed="1.877063"/>
</suite>
<status status="PASS" start="2024-06-10T13:18:16.834202" elapsed="1.896516"/>
</suite>
<statistics>
<total>
<stat pass="5" fail="0" skip="0">All Tests</stat>
</total>
<tag>
<stat pass="1" fail="0" skip="0">testeConteudo</stat>
<stat pass="1" fail="0" skip="0">testeEstruturaResposta</stat>
<stat pass="1" fail="0" skip="0">testeRequisicaoBasica</stat>
<stat pass="1" fail="0" skip="0">testeTiposDados</stat>
</tag>
<suite>
<stat pass="5" fail="0" skip="0" id="s1" name="Tests">Tests</stat>
<stat pass="5" fail="0" skip="0" id="s1-s1" name="Random-User-Test">Tests.Random-User-Test</stat>
</suite>
</statistics>
<errors>
</errors>
</robot>
