<?xml version="1.0" encoding="UTF-8"?>
<robot generator="Robot 7.0.1 (Python 3.12.4 on linux)" generated="2024-07-09T11:13:29.221007" rpa="false" schemaversion="5">
<suite id="s1" name="Tests" source="/home/runner/work/ApiRandomUser/ApiRandomUser/RamdonUser/tests">
<suite id="s1-s1" name="Random-User-Test" source="/home/runner/work/ApiRandomUser/ApiRandomUser/RamdonUser/tests/random-user-test.robot">
<test id="s1-s1-t1" name="Conectar" line="13">
<kw name="Conectar API" owner="random-user-service">
<kw name="Create Session" owner="RequestsLibrary">
<msg time="2024-07-09T11:13:29.609520" level="INFO">Creating Session using : alias=consultarAPI, url=https://randomuser.me/, headers={},                     cookies={}, auth=None, timeout=None, proxies=None, verify=False,                     debug=0 </msg>
<arg>consultarAPI</arg>
<arg>${URL}</arg>
<doc>Create Session: create a HTTP session to a server</doc>
<status status="PASS" start="2024-07-09T11:13:29.609307" elapsed="0.000396"/>
</kw>
<status status="PASS" start="2024-07-09T11:13:29.608331" elapsed="0.001738"/>
</kw>
<status status="PASS" start="2024-07-09T11:13:29.607706" elapsed="0.002554"/>
</test>
<test id="s1-s1-t2" name="Validar retorno 200 e JSON Válido" line="16">
<kw name="Teste de Requisicao Basica" owner="random-user-service">
<kw name="GET On Session" owner="RequestsLibrary">
<msg time="2024-07-09T11:13:29.786730" level="INFO">GET Request : url=https://randomuser.me/api 
 path_url=/api 
 headers={'User-Agent': 'python-requests/2.32.3', 'Accept-Encoding': 'gzip, deflate', 'Accept': '*/*', 'Connection': 'keep-alive'} 
 body=None 
 </msg>
<msg time="2024-07-09T11:13:29.786872" level="INFO">GET Response : url=https://randomuser.me/api 
 status=200, reason=OK 
 headers={'Date': 'Tue, 09 Jul 2024 11:13:29 GMT', 'Content-Type': 'application/json; charset=utf-8', 'Transfer-Encoding': 'chunked', 'Connection': 'keep-alive', 'X-Powered-By': 'Express', 'Access-Control-Allow-Origin': '*', 'Cache-Control': 'no-cache', 'ETag': 'W/"47f-VwB3HjvMN5ZQkGCRFqovCZRc1QQ"', 'Vary': 'Accept-Encoding', 'Content-Encoding': 'gzip', 'CF-Cache-Status': 'DYNAMIC', 'Report-To': '{"endpoints":[{"url":"https:\\/\\/a.nel.cloudflare.com\\/report\\/v4?s=%2FbVKYqHC%2FHa6EAPONCvlPPn5lK%2BA%2B36JBTgvuAce9VsOM0zmlpLmFXNkga7HMaxtIacDqDUj8jTFEj9EatTAZ5euexfmnOZgs06xAzjVhyS8rKnaJI90iA%2Bz7bzHRJdj"}],"group":"cf-nel","max_age":604800}', 'NEL': '{"success_fraction":0,"report_to":"cf-nel","max_age":604800}', 'Server': 'cloudflare', 'CF-RAY': '8a07e290fb075803-IAD', 'alt-svc': 'h3=":443"; ma=86400'} 
 body={"results":[{"gender":"male","name":{"title":"Mr","first":"Diedrich","last":"Klemm"},"location":{"street":{"number":7169,"name":"Wiesenweg"},"city":"Bad Liebenzell","state":"Sachsen-Anhalt","country":"Germany","postcode":51408,"coordinates":{"latitude":"-50.9666","longitude":"-17.7643"},"timezone":{"offset":"+4:30","description":"Kabul"}},"email":"diedrich.klemm@example.com","login":{"uuid":"27abf0d7-a64e-4d64-a80d-4f66a53f7b9c","username":"angryswan332","password":"killer1","salt":"Nxt52Atj","md5":"6cbeb674d35a10f14adf6661343e5528","sha1":"d278bcc2bb810c25639c499cb2ffdf002140b0b0","sha256":"24560b78f7920be0ca0bc4da7fc680692bf4eeabb4d3190c584885d163c20e3d"},"dob":{"date":"2001-05-24T08:17:12.059Z","age":23},"registered":{"date":"2009-10-19T04:39:11.184Z","age":14},"phone":"0632-9476819","cell":"0171-9872191","id":{"name":"SVNR","value":"04 2405101 K 142"},"picture":{"large":"https://randomuser.me/api/portraits/men/37.jpg","medium":"https://randomuser.me/api/portraits/med/men/37.jpg","thumbnail":"https://randomuser.me/api/portraits/thumb/men/37.jpg"},"nat":"DE"}],"info":{"seed":"ec1209e16c45ab0e","results":1,"page":1,"version":"1.4"}} 
 </msg>
<msg time="2024-07-09T11:13:29.786954" level="INFO">/opt/hostedtoolcache/Python/3.12.4/x64/lib/python3.12/site-packages/urllib3/connectionpool.py:1099: InsecureRequestWarning: Unverified HTTPS request is being made to host 'randomuser.me'. Adding certificate verification is strongly advised. See: https://urllib3.readthedocs.io/en/latest/advanced-usage.html#tls-warnings
  warnings.warn(</msg>
<msg time="2024-07-09T11:13:29.787109" level="INFO">${response} = &lt;Response [200]&gt;</msg>
<var>${response}</var>
<arg>consultarAPI</arg>
<arg>/api</arg>
<doc>Sends a GET request on a previously created HTTP Session.</doc>
<status status="PASS" start="2024-07-09T11:13:29.612927" elapsed="0.174228"/>
</kw>
<kw name="Should Be Equal As Numbers" owner="BuiltIn">
<msg time="2024-07-09T11:13:29.788152" level="INFO">Argument types are:
&lt;class 'int'&gt;
&lt;class 'str'&gt;</msg>
<arg>${response.status_code}</arg>
<arg>200</arg>
<doc>Fails if objects are unequal after converting them to real numbers.</doc>
<status status="PASS" start="2024-07-09T11:13:29.787688" elapsed="0.000530"/>
</kw>
<kw name="Log" owner="BuiltIn">
<msg time="2024-07-09T11:13:29.788883" level="INFO">200</msg>
<arg>${response.status_code}</arg>
<doc>Logs the given message with the given level.</doc>
<status status="PASS" start="2024-07-09T11:13:29.788533" elapsed="0.000393"/>
</kw>
<kw name="Set Variable" owner="BuiltIn">
<msg time="2024-07-09T11:13:29.789654" level="INFO">${json_data} = {'results': [{'gender': 'male', 'name': {'title': 'Mr', 'first': 'Diedrich', 'last': 'Klemm'}, 'location': {'street': {'number': 7169, 'name': 'Wiesenweg'}, 'city': 'Bad Liebenzell', 'state': 'Sachsen...</msg>
<var>${json_data}</var>
<arg>${response.json()}</arg>
<doc>Returns the given values which can then be assigned to a variables.</doc>
<status status="PASS" start="2024-07-09T11:13:29.789225" elapsed="0.000457"/>
</kw>
<kw name="Dictionary Should Contain Key" owner="Collections">
<arg>${json_data}</arg>
<arg>results</arg>
<doc>Fails if ``key`` is not found from ``dictionary``.</doc>
<status status="PASS" start="2024-07-09T11:13:29.789975" elapsed="0.000163"/>
</kw>
<status status="PASS" start="2024-07-09T11:13:29.612686" elapsed="0.177631"/>
</kw>
<doc>Testa se a API responde corretamente e retorna um objeto JSON válido.</doc>
<tag>testeRequisicaoBasica</tag>
<status status="PASS" start="2024-07-09T11:13:29.612175" elapsed="0.178322"/>
</test>
<test id="s1-s1-t3" name="Validar estrutura de resposta" line="22">
<kw name="Teste de Estrutura de Resposta" owner="random-user-service">
<kw name="GET On Session" owner="RequestsLibrary">
<msg time="2024-07-09T11:13:29.886031" level="INFO">GET Request : url=https://randomuser.me/api 
 path_url=/api 
 headers={'User-Agent': 'python-requests/2.32.3', 'Accept-Encoding': 'gzip, deflate', 'Accept': '*/*', 'Connection': 'keep-alive'} 
 body=None 
 </msg>
<msg time="2024-07-09T11:13:29.886142" level="INFO">GET Response : url=https://randomuser.me/api 
 status=200, reason=OK 
 headers={'Date': 'Tue, 09 Jul 2024 11:13:29 GMT', 'Content-Type': 'application/json; charset=utf-8', 'Transfer-Encoding': 'chunked', 'Connection': 'keep-alive', 'X-Powered-By': 'Express', 'Access-Control-Allow-Origin': '*', 'Cache-Control': 'no-cache', 'ETag': 'W/"499-9okkBlcPOxo6oY9u9EfmEcwfYbU"', 'Vary': 'Accept-Encoding', 'Content-Encoding': 'gzip', 'CF-Cache-Status': 'DYNAMIC', 'Report-To': '{"endpoints":[{"url":"https:\\/\\/a.nel.cloudflare.com\\/report\\/v4?s=ES304y%2FStckhP%2FBlEh%2F5%2BvGJCItgwz8PRMTiuwiwyuZ57rxj587r0zI8hqRQMhyF49RSvbkzGbCYotG6Lq2VoSRJFiYbe8gGjRAtEaW2wuwN9MgU%2FJ%2FZYkz%2BTxLbByfL"}],"group":"cf-nel","max_age":604800}', 'NEL': '{"success_fraction":0,"report_to":"cf-nel","max_age":604800}', 'Server': 'cloudflare', 'CF-RAY': '8a07e2913b245803-IAD', 'alt-svc': 'h3=":443"; ma=86400'} 
 body={"results":[{"gender":"female","name":{"title":"Madame","first":"Sylviane","last":"Gonzalez"},"location":{"street":{"number":4878,"name":"Rue de la Fontaine"},"city":"Bettwiesen","state":"Genève","country":"Switzerland","postcode":2139,"coordinates":{"latitude":"-56.5768","longitude":"65.5820"},"timezone":{"offset":"-2:00","description":"Mid-Atlantic"}},"email":"sylviane.gonzalez@example.com","login":{"uuid":"e6057a14-bb84-48a4-b5be-537299234d15","username":"tinyfrog324","password":"porsche9","salt":"RItHOtnv","md5":"655117312fac7876a7b8ce87ac158c3d","sha1":"b6b613dee88776a4122b2b22f791d7f59de40bf7","sha256":"32e8e0aff54e4cab97e21d3a1db747a017b1b961a6ff960a586ef94da3bb61a0"},"dob":{"date":"1969-10-10T01:04:01.692Z","age":54},"registered":{"date":"2005-08-20T21:46:44.417Z","age":18},"phone":"076 280 38 37","cell":"079 314 93 33","id":{"name":"AVS","value":"756.8158.0668.25"},"picture":{"large":"https://randomuser.me/api/portraits/women/58.jpg","medium":"https://randomuser.me/api/portraits/med/women/58.jpg","thumbnail":"https://randomuser.me/api/portraits/thumb/women/58.jpg"},"nat":"CH"}],"info":{"seed":"e17df5f94aec4176","results":1,"page":1,"version":"1.4"}} 
 </msg>
<msg time="2024-07-09T11:13:29.886288" level="INFO">/opt/hostedtoolcache/Python/3.12.4/x64/lib/python3.12/site-packages/urllib3/connectionpool.py:1099: InsecureRequestWarning: Unverified HTTPS request is being made to host 'randomuser.me'. Adding certificate verification is strongly advised. See: https://urllib3.readthedocs.io/en/latest/advanced-usage.html#tls-warnings
  warnings.warn(</msg>
<msg time="2024-07-09T11:13:29.886449" level="INFO">${response} = &lt;Response [200]&gt;</msg>
<var>${response}</var>
<arg>consultarAPI</arg>
<arg>/api</arg>
<doc>Sends a GET request on a previously created HTTP Session.</doc>
<status status="PASS" start="2024-07-09T11:13:29.793259" elapsed="0.093233"/>
</kw>
<kw name="Set Variable" owner="BuiltIn">
<msg time="2024-07-09T11:13:29.887509" level="INFO">${json_data} = {'results': [{'gender': 'female', 'name': {'title': 'Madame', 'first': 'Sylviane', 'last': 'Gonzalez'}, 'location': {'street': {'number': 4878, 'name': 'Rue de la Fontaine'}, 'city': 'Bettwiesen', 'st...</msg>
<var>${json_data}</var>
<arg>${response.json()}</arg>
<doc>Returns the given values which can then be assigned to a variables.</doc>
<status status="PASS" start="2024-07-09T11:13:29.886987" elapsed="0.000553"/>
</kw>
<kw name="Log" owner="BuiltIn">
<msg time="2024-07-09T11:13:29.888093" level="INFO">{'results': [{'gender': 'female', 'name': {'title': 'Madame', 'first': 'Sylviane', 'last': 'Gonzalez'}, 'location': {'street': {'number': 4878, 'name': 'Rue de la Fontaine'}, 'city': 'Bettwiesen', 'state': 'Genève', 'country': 'Switzerland', 'postcode': 2139, 'coordinates': {'latitude': '-56.5768', 'longitude': '65.5820'}, 'timezone': {'offset': '-2:00', 'description': 'Mid-Atlantic'}}, 'email': 'sylviane.gonzalez@example.com', 'login': {'uuid': 'e6057a14-bb84-48a4-b5be-537299234d15', 'username': 'tinyfrog324', 'password': 'porsche9', 'salt': 'RItHOtnv', 'md5': '655117312fac7876a7b8ce87ac158c3d', 'sha1': 'b6b613dee88776a4122b2b22f791d7f59de40bf7', 'sha256': '32e8e0aff54e4cab97e21d3a1db747a017b1b961a6ff960a586ef94da3bb61a0'}, 'dob': {'date': '1969-10-10T01:04:01.692Z', 'age': 54}, 'registered': {'date': '2005-08-20T21:46:44.417Z', 'age': 18}, 'phone': '076 280 38 37', 'cell': '079 314 93 33', 'id': {'name': 'AVS', 'value': '756.8158.0668.25'}, 'picture': {'large': 'https://randomuser.me/api/portraits/women/58.jpg', 'medium': 'https://randomuser.me/api/portraits/med/women/58.jpg', 'thumbnail': 'https://randomuser.me/api/portraits/thumb/women/58.jpg'}, 'nat': 'CH'}], 'info': {'seed': 'e17df5f94aec4176', 'results': 1, 'page': 1, 'version': '1.4'}}</msg>
<arg>${json_data}</arg>
<doc>Logs the given message with the given level.</doc>
<status status="PASS" start="2024-07-09T11:13:29.887930" elapsed="0.000215"/>
</kw>
<kw name="Dictionary Should Contain Key" owner="Collections">
<arg>${json_data}</arg>
<arg>results</arg>
<doc>Fails if ``key`` is not found from ``dictionary``.</doc>
<status status="PASS" start="2024-07-09T11:13:29.888438" elapsed="0.000157"/>
</kw>
<kw name="Should Not Be Empty" owner="BuiltIn">
<msg time="2024-07-09T11:13:29.888911" level="INFO">Length is 2.</msg>
<arg>${json_data}</arg>
<doc>Verifies that the given item is not empty.</doc>
<status status="PASS" start="2024-07-09T11:13:29.888782" elapsed="0.000168"/>
</kw>
<kw name="Create List" owner="BuiltIn">
<msg time="2024-07-09T11:13:29.889545" level="INFO">${expected_keys} = ['gender', 'name', 'location', 'email', 'login']</msg>
<var>${expected_keys}</var>
<arg>gender</arg>
<arg>name</arg>
<arg>location</arg>
<arg>email</arg>
<arg>login</arg>
<doc>Returns a list containing given items.</doc>
<status status="PASS" start="2024-07-09T11:13:29.889240" elapsed="0.000331"/>
</kw>
<for flavor="IN">
<iter>
<kw name="Dictionary Should Contain Key" owner="Collections">
<arg>${json_data['results'][0]}</arg>
<arg>${key}</arg>
<doc>Fails if ``key`` is not found from ``dictionary``.</doc>
<status status="PASS" start="2024-07-09T11:13:29.890153" elapsed="0.000401"/>
</kw>
<kw name="Log" owner="BuiltIn">
<msg time="2024-07-09T11:13:29.891099" level="INFO">{'gender': 'female', 'name': {'title': 'Madame', 'first': 'Sylviane', 'last': 'Gonzalez'}, 'location': {'street': {'number': 4878, 'name': 'Rue de la Fontaine'}, 'city': 'Bettwiesen', 'state': 'Genève', 'country': 'Switzerland', 'postcode': 2139, 'coordinates': {'latitude': '-56.5768', 'longitude': '65.5820'}, 'timezone': {'offset': '-2:00', 'description': 'Mid-Atlantic'}}, 'email': 'sylviane.gonzalez@example.com', 'login': {'uuid': 'e6057a14-bb84-48a4-b5be-537299234d15', 'username': 'tinyfrog324', 'password': 'porsche9', 'salt': 'RItHOtnv', 'md5': '655117312fac7876a7b8ce87ac158c3d', 'sha1': 'b6b613dee88776a4122b2b22f791d7f59de40bf7', 'sha256': '32e8e0aff54e4cab97e21d3a1db747a017b1b961a6ff960a586ef94da3bb61a0'}, 'dob': {'date': '1969-10-10T01:04:01.692Z', 'age': 54}, 'registered': {'date': '2005-08-20T21:46:44.417Z', 'age': 18}, 'phone': '076 280 38 37', 'cell': '079 314 93 33', 'id': {'name': 'AVS', 'value': '756.8158.0668.25'}, 'picture': {'large': 'https://randomuser.me/api/portraits/women/58.jpg', 'medium': 'https://randomuser.me/api/portraits/med/women/58.jpg', 'thumbnail': 'https://randomuser.me/api/portraits/thumb/women/58.jpg'}, 'nat': 'CH'}</msg>
<arg>${json_data['results'][0]}</arg>
<doc>Logs the given message with the given level.</doc>
<status status="PASS" start="2024-07-09T11:13:29.890740" elapsed="0.000410"/>
</kw>
<kw name="Log" owner="BuiltIn">
<msg time="2024-07-09T11:13:29.891583" level="INFO">gender</msg>
<arg>${key}</arg>
<doc>Logs the given message with the given level.</doc>
<status status="PASS" start="2024-07-09T11:13:29.891453" elapsed="0.000204"/>
</kw>
<var name="${key}">gender</var>
<status status="PASS" start="2024-07-09T11:13:29.890030" elapsed="0.001858"/>
</iter>
<iter>
<kw name="Dictionary Should Contain Key" owner="Collections">
<arg>${json_data['results'][0]}</arg>
<arg>${key}</arg>
<doc>Fails if ``key`` is not found from ``dictionary``.</doc>
<status status="PASS" start="2024-07-09T11:13:29.892186" elapsed="0.000389"/>
</kw>
<kw name="Log" owner="BuiltIn">
<msg time="2024-07-09T11:13:29.893108" level="INFO">{'gender': 'female', 'name': {'title': 'Madame', 'first': 'Sylviane', 'last': 'Gonzalez'}, 'location': {'street': {'number': 4878, 'name': 'Rue de la Fontaine'}, 'city': 'Bettwiesen', 'state': 'Genève', 'country': 'Switzerland', 'postcode': 2139, 'coordinates': {'latitude': '-56.5768', 'longitude': '65.5820'}, 'timezone': {'offset': '-2:00', 'description': 'Mid-Atlantic'}}, 'email': 'sylviane.gonzalez@example.com', 'login': {'uuid': 'e6057a14-bb84-48a4-b5be-537299234d15', 'username': 'tinyfrog324', 'password': 'porsche9', 'salt': 'RItHOtnv', 'md5': '655117312fac7876a7b8ce87ac158c3d', 'sha1': 'b6b613dee88776a4122b2b22f791d7f59de40bf7', 'sha256': '32e8e0aff54e4cab97e21d3a1db747a017b1b961a6ff960a586ef94da3bb61a0'}, 'dob': {'date': '1969-10-10T01:04:01.692Z', 'age': 54}, 'registered': {'date': '2005-08-20T21:46:44.417Z', 'age': 18}, 'phone': '076 280 38 37', 'cell': '079 314 93 33', 'id': {'name': 'AVS', 'value': '756.8158.0668.25'}, 'picture': {'large': 'https://randomuser.me/api/portraits/women/58.jpg', 'medium': 'https://randomuser.me/api/portraits/med/women/58.jpg', 'thumbnail': 'https://randomuser.me/api/portraits/thumb/women/58.jpg'}, 'nat': 'CH'}</msg>
<arg>${json_data['results'][0]}</arg>
<doc>Logs the given message with the given level.</doc>
<status status="PASS" start="2024-07-09T11:13:29.892756" elapsed="0.000434"/>
</kw>
<kw name="Log" owner="BuiltIn">
<msg time="2024-07-09T11:13:29.893620" level="INFO">name</msg>
<arg>${key}</arg>
<doc>Logs the given message with the given level.</doc>
<status status="PASS" start="2024-07-09T11:13:29.893492" elapsed="0.000166"/>
</kw>
<var name="${key}">name</var>
<status status="PASS" start="2024-07-09T11:13:29.892075" elapsed="0.001798"/>
</iter>
<iter>
<kw name="Dictionary Should Contain Key" owner="Collections">
<arg>${json_data['results'][0]}</arg>
<arg>${key}</arg>
<doc>Fails if ``key`` is not found from ``dictionary``.</doc>
<status status="PASS" start="2024-07-09T11:13:29.894153" elapsed="0.000378"/>
</kw>
<kw name="Log" owner="BuiltIn">
<msg time="2024-07-09T11:13:29.895060" level="INFO">{'gender': 'female', 'name': {'title': 'Madame', 'first': 'Sylviane', 'last': 'Gonzalez'}, 'location': {'street': {'number': 4878, 'name': 'Rue de la Fontaine'}, 'city': 'Bettwiesen', 'state': 'Genève', 'country': 'Switzerland', 'postcode': 2139, 'coordinates': {'latitude': '-56.5768', 'longitude': '65.5820'}, 'timezone': {'offset': '-2:00', 'description': 'Mid-Atlantic'}}, 'email': 'sylviane.gonzalez@example.com', 'login': {'uuid': 'e6057a14-bb84-48a4-b5be-537299234d15', 'username': 'tinyfrog324', 'password': 'porsche9', 'salt': 'RItHOtnv', 'md5': '655117312fac7876a7b8ce87ac158c3d', 'sha1': 'b6b613dee88776a4122b2b22f791d7f59de40bf7', 'sha256': '32e8e0aff54e4cab97e21d3a1db747a017b1b961a6ff960a586ef94da3bb61a0'}, 'dob': {'date': '1969-10-10T01:04:01.692Z', 'age': 54}, 'registered': {'date': '2005-08-20T21:46:44.417Z', 'age': 18}, 'phone': '076 280 38 37', 'cell': '079 314 93 33', 'id': {'name': 'AVS', 'value': '756.8158.0668.25'}, 'picture': {'large': 'https://randomuser.me/api/portraits/women/58.jpg', 'medium': 'https://randomuser.me/api/portraits/med/women/58.jpg', 'thumbnail': 'https://randomuser.me/api/portraits/thumb/women/58.jpg'}, 'nat': 'CH'}</msg>
<arg>${json_data['results'][0]}</arg>
<doc>Logs the given message with the given level.</doc>
<status status="PASS" start="2024-07-09T11:13:29.894710" elapsed="0.000399"/>
</kw>
<kw name="Log" owner="BuiltIn">
<msg time="2024-07-09T11:13:29.895533" level="INFO">location</msg>
<arg>${key}</arg>
<doc>Logs the given message with the given level.</doc>
<status status="PASS" start="2024-07-09T11:13:29.895406" elapsed="0.000164"/>
</kw>
<var name="${key}">location</var>
<status status="PASS" start="2024-07-09T11:13:29.894046" elapsed="0.001803"/>
</iter>
<iter>
<kw name="Dictionary Should Contain Key" owner="Collections">
<arg>${json_data['results'][0]}</arg>
<arg>${key}</arg>
<doc>Fails if ``key`` is not found from ``dictionary``.</doc>
<status status="PASS" start="2024-07-09T11:13:29.896126" elapsed="0.000387"/>
</kw>
<kw name="Log" owner="BuiltIn">
<msg time="2024-07-09T11:13:29.897048" level="INFO">{'gender': 'female', 'name': {'title': 'Madame', 'first': 'Sylviane', 'last': 'Gonzalez'}, 'location': {'street': {'number': 4878, 'name': 'Rue de la Fontaine'}, 'city': 'Bettwiesen', 'state': 'Genève', 'country': 'Switzerland', 'postcode': 2139, 'coordinates': {'latitude': '-56.5768', 'longitude': '65.5820'}, 'timezone': {'offset': '-2:00', 'description': 'Mid-Atlantic'}}, 'email': 'sylviane.gonzalez@example.com', 'login': {'uuid': 'e6057a14-bb84-48a4-b5be-537299234d15', 'username': 'tinyfrog324', 'password': 'porsche9', 'salt': 'RItHOtnv', 'md5': '655117312fac7876a7b8ce87ac158c3d', 'sha1': 'b6b613dee88776a4122b2b22f791d7f59de40bf7', 'sha256': '32e8e0aff54e4cab97e21d3a1db747a017b1b961a6ff960a586ef94da3bb61a0'}, 'dob': {'date': '1969-10-10T01:04:01.692Z', 'age': 54}, 'registered': {'date': '2005-08-20T21:46:44.417Z', 'age': 18}, 'phone': '076 280 38 37', 'cell': '079 314 93 33', 'id': {'name': 'AVS', 'value': '756.8158.0668.25'}, 'picture': {'large': 'https://randomuser.me/api/portraits/women/58.jpg', 'medium': 'https://randomuser.me/api/portraits/med/women/58.jpg', 'thumbnail': 'https://randomuser.me/api/portraits/thumb/women/58.jpg'}, 'nat': 'CH'}</msg>
<arg>${json_data['results'][0]}</arg>
<doc>Logs the given message with the given level.</doc>
<status status="PASS" start="2024-07-09T11:13:29.896694" elapsed="0.000405"/>
</kw>
<kw name="Log" owner="BuiltIn">
<msg time="2024-07-09T11:13:29.897518" level="INFO">email</msg>
<arg>${key}</arg>
<doc>Logs the given message with the given level.</doc>
<status status="PASS" start="2024-07-09T11:13:29.897393" elapsed="0.000162"/>
</kw>
<var name="${key}">email</var>
<status status="PASS" start="2024-07-09T11:13:29.896019" elapsed="0.001753"/>
</iter>
<iter>
<kw name="Dictionary Should Contain Key" owner="Collections">
<arg>${json_data['results'][0]}</arg>
<arg>${key}</arg>
<doc>Fails if ``key`` is not found from ``dictionary``.</doc>
<status status="PASS" start="2024-07-09T11:13:29.898057" elapsed="0.000381"/>
</kw>
<kw name="Log" owner="BuiltIn">
<msg time="2024-07-09T11:13:29.898971" level="INFO">{'gender': 'female', 'name': {'title': 'Madame', 'first': 'Sylviane', 'last': 'Gonzalez'}, 'location': {'street': {'number': 4878, 'name': 'Rue de la Fontaine'}, 'city': 'Bettwiesen', 'state': 'Genève', 'country': 'Switzerland', 'postcode': 2139, 'coordinates': {'latitude': '-56.5768', 'longitude': '65.5820'}, 'timezone': {'offset': '-2:00', 'description': 'Mid-Atlantic'}}, 'email': 'sylviane.gonzalez@example.com', 'login': {'uuid': 'e6057a14-bb84-48a4-b5be-537299234d15', 'username': 'tinyfrog324', 'password': 'porsche9', 'salt': 'RItHOtnv', 'md5': '655117312fac7876a7b8ce87ac158c3d', 'sha1': 'b6b613dee88776a4122b2b22f791d7f59de40bf7', 'sha256': '32e8e0aff54e4cab97e21d3a1db747a017b1b961a6ff960a586ef94da3bb61a0'}, 'dob': {'date': '1969-10-10T01:04:01.692Z', 'age': 54}, 'registered': {'date': '2005-08-20T21:46:44.417Z', 'age': 18}, 'phone': '076 280 38 37', 'cell': '079 314 93 33', 'id': {'name': 'AVS', 'value': '756.8158.0668.25'}, 'picture': {'large': 'https://randomuser.me/api/portraits/women/58.jpg', 'medium': 'https://randomuser.me/api/portraits/med/women/58.jpg', 'thumbnail': 'https://randomuser.me/api/portraits/thumb/women/58.jpg'}, 'nat': 'CH'}</msg>
<arg>${json_data['results'][0]}</arg>
<doc>Logs the given message with the given level.</doc>
<status status="PASS" start="2024-07-09T11:13:29.898618" elapsed="0.000403"/>
</kw>
<kw name="Log" owner="BuiltIn">
<msg time="2024-07-09T11:13:29.899437" level="INFO">login</msg>
<arg>${key}</arg>
<doc>Logs the given message with the given level.</doc>
<status status="PASS" start="2024-07-09T11:13:29.899311" elapsed="0.000164"/>
</kw>
<var name="${key}">login</var>
<status status="PASS" start="2024-07-09T11:13:29.897941" elapsed="0.001787"/>
</iter>
<var>${key}</var>
<value>@{expected_keys}</value>
<status status="PASS" start="2024-07-09T11:13:29.889836" elapsed="0.010016"/>
</for>
<kw name="Create List" owner="BuiltIn">
<msg time="2024-07-09T11:13:29.900221" level="INFO">${expected_keysTwo} = ['username', 'password']</msg>
<var>${expected_keysTwo}</var>
<arg>username</arg>
<arg>password</arg>
<doc>Returns a list containing given items.</doc>
<status status="PASS" start="2024-07-09T11:13:29.900040" elapsed="0.000206"/>
</kw>
<for flavor="IN">
<iter>
<kw name="Dictionary Should Contain Key" owner="Collections">
<arg>${json_data['results'][0]['login']}</arg>
<arg>${keyTwo}</arg>
<doc>Fails if ``key`` is not found from ``dictionary``.</doc>
<status status="PASS" start="2024-07-09T11:13:29.900740" elapsed="0.000385"/>
</kw>
<kw name="Dictionary Should Contain Key" owner="Collections">
<arg>${json_data['results'][0]['login']}</arg>
<arg>${keyTwo}</arg>
<doc>Fails if ``key`` is not found from ``dictionary``.</doc>
<status status="PASS" start="2024-07-09T11:13:29.901305" elapsed="0.000378"/>
</kw>
<kw name="Log" owner="BuiltIn">
<msg time="2024-07-09T11:13:29.901982" level="INFO">username</msg>
<arg>${keyTwo}</arg>
<doc>Logs the given message with the given level.</doc>
<status status="PASS" start="2024-07-09T11:13:29.901863" elapsed="0.000156"/>
</kw>
<var name="${keyTwo}">username</var>
<status status="PASS" start="2024-07-09T11:13:29.900635" elapsed="0.001601"/>
</iter>
<iter>
<kw name="Dictionary Should Contain Key" owner="Collections">
<arg>${json_data['results'][0]['login']}</arg>
<arg>${keyTwo}</arg>
<doc>Fails if ``key`` is not found from ``dictionary``.</doc>
<status status="PASS" start="2024-07-09T11:13:29.902509" elapsed="0.000387"/>
</kw>
<kw name="Dictionary Should Contain Key" owner="Collections">
<arg>${json_data['results'][0]['login']}</arg>
<arg>${keyTwo}</arg>
<doc>Fails if ``key`` is not found from ``dictionary``.</doc>
<status status="PASS" start="2024-07-09T11:13:29.903073" elapsed="0.000365"/>
</kw>
<kw name="Log" owner="BuiltIn">
<msg time="2024-07-09T11:13:29.903773" level="INFO">password</msg>
<arg>${keyTwo}</arg>
<doc>Logs the given message with the given level.</doc>
<status status="PASS" start="2024-07-09T11:13:29.903636" elapsed="0.000179"/>
</kw>
<var name="${keyTwo}">password</var>
<status status="PASS" start="2024-07-09T11:13:29.902405" elapsed="0.001719"/>
</iter>
<var>${keyTwo}</var>
<value>@{expected_keysTwo}</value>
<status status="PASS" start="2024-07-09T11:13:29.900487" elapsed="0.003757"/>
</for>
<status status="PASS" start="2024-07-09T11:13:29.793025" elapsed="0.111360"/>
</kw>
<doc>Testa a estrutura da resposta da API.</doc>
<tag>testeEstruturaResposta</tag>
<status status="PASS" start="2024-07-09T11:13:29.792433" elapsed="0.112105"/>
</test>
<test id="s1-s1-t4" name="Validar tipos de dados" line="28">
<kw name="Teste de Tipos de Dados" owner="random-user-service">
<kw name="GET On Session" owner="RequestsLibrary">
<msg time="2024-07-09T11:13:29.993684" level="INFO">GET Request : url=https://randomuser.me/api 
 path_url=/api 
 headers={'User-Agent': 'python-requests/2.32.3', 'Accept-Encoding': 'gzip, deflate', 'Accept': '*/*', 'Connection': 'keep-alive'} 
 body=None 
 </msg>
<msg time="2024-07-09T11:13:29.993791" level="INFO">GET Response : url=https://randomuser.me/api 
 status=200, reason=OK 
 headers={'Date': 'Tue, 09 Jul 2024 11:13:29 GMT', 'Content-Type': 'application/json; charset=utf-8', 'Transfer-Encoding': 'chunked', 'Connection': 'keep-alive', 'X-Powered-By': 'Express', 'Access-Control-Allow-Origin': '*', 'Cache-Control': 'no-cache', 'ETag': 'W/"473-3Vd/9z7Afx952ZzKJyNXtRVEdII"', 'Vary': 'Accept-Encoding', 'Content-Encoding': 'gzip', 'CF-Cache-Status': 'DYNAMIC', 'Report-To': '{"endpoints":[{"url":"https:\\/\\/a.nel.cloudflare.com\\/report\\/v4?s=JoZobC5B5EYBs8hn%2FLkSxtwby%2BLmXxGP%2BoM4mNf80uYV9ZeKqAotbTG9iZ4NTWvqNynbYdFRX3QJT%2BRHEth42zt7t3JEmqzcBgUnFKFtikxEG8knYsXODvYhnYcY9db9"}],"group":"cf-nel","max_age":604800}', 'NEL': '{"success_fraction":0,"report_to":"cf-nel","max_age":604800}', 'Server': 'cloudflare', 'CF-RAY': '8a07e291fb825803-IAD', 'alt-svc': 'h3=":443"; ma=86400'} 
 body={"results":[{"gender":"male","name":{"title":"Mr","first":"George","last":"Jackson"},"location":{"street":{"number":4209,"name":"Cobham Drive"},"city":"Auckland","state":"Taranaki","country":"New Zealand","postcode":25817,"coordinates":{"latitude":"55.1413","longitude":"-52.5224"},"timezone":{"offset":"-2:00","description":"Mid-Atlantic"}},"email":"george.jackson@example.com","login":{"uuid":"656620b2-000d-4d19-8a57-2cd1ffc5e2c8","username":"goldenkoala250","password":"pegasus","salt":"aaaYYeKb","md5":"c1fc39f33f77826a45866feca7fdd769","sha1":"90b17fa3ff752edc0a3105c0f96129e38b10af11","sha256":"8b473150da3ec39b6a9944338cfd30fb726cc59f4cde28a3d8b05514cadb9681"},"dob":{"date":"1989-09-06T22:26:25.894Z","age":34},"registered":{"date":"2019-09-05T19:57:57.780Z","age":4},"phone":"(997)-391-7530","cell":"(613)-973-6960","id":{"name":"","value":null},"picture":{"large":"https://randomuser.me/api/portraits/men/11.jpg","medium":"https://randomuser.me/api/portraits/med/men/11.jpg","thumbnail":"https://randomuser.me/api/portraits/thumb/men/11.jpg"},"nat":"NZ"}],"info":{"seed":"e930484fcb84ee7d","results":1,"page":1,"version":"1.4"}} 
 </msg>
<msg time="2024-07-09T11:13:29.993871" level="INFO">/opt/hostedtoolcache/Python/3.12.4/x64/lib/python3.12/site-packages/urllib3/connectionpool.py:1099: InsecureRequestWarning: Unverified HTTPS request is being made to host 'randomuser.me'. Adding certificate verification is strongly advised. See: https://urllib3.readthedocs.io/en/latest/advanced-usage.html#tls-warnings
  warnings.warn(</msg>
<msg time="2024-07-09T11:13:29.994006" level="INFO">${response} = &lt;Response [200]&gt;</msg>
<var>${response}</var>
<arg>consultarAPI</arg>
<arg>/api</arg>
<doc>Sends a GET request on a previously created HTTP Session.</doc>
<status status="PASS" start="2024-07-09T11:13:29.907102" elapsed="0.086945"/>
</kw>
<kw name="Set Variable" owner="BuiltIn">
<msg time="2024-07-09T11:13:29.995238" level="INFO">${json_data} = {'results': [{'gender': 'male', 'name': {'title': 'Mr', 'first': 'George', 'last': 'Jackson'}, 'location': {'street': {'number': 4209, 'name': 'Cobham Drive'}, 'city': 'Auckland', 'state': 'Taranaki',...</msg>
<var>${json_data}</var>
<arg>${response.json()}</arg>
<doc>Returns the given values which can then be assigned to a variables.</doc>
<status status="PASS" start="2024-07-09T11:13:29.994665" elapsed="0.000602"/>
</kw>
<kw name="Log" owner="BuiltIn">
<msg time="2024-07-09T11:13:29.995787" level="INFO">{'results': [{'gender': 'male', 'name': {'title': 'Mr', 'first': 'George', 'last': 'Jackson'}, 'location': {'street': {'number': 4209, 'name': 'Cobham Drive'}, 'city': 'Auckland', 'state': 'Taranaki', 'country': 'New Zealand', 'postcode': 25817, 'coordinates': {'latitude': '55.1413', 'longitude': '-52.5224'}, 'timezone': {'offset': '-2:00', 'description': 'Mid-Atlantic'}}, 'email': 'george.jackson@example.com', 'login': {'uuid': '656620b2-000d-4d19-8a57-2cd1ffc5e2c8', 'username': 'goldenkoala250', 'password': 'pegasus', 'salt': 'aaaYYeKb', 'md5': 'c1fc39f33f77826a45866feca7fdd769', 'sha1': '90b17fa3ff752edc0a3105c0f96129e38b10af11', 'sha256': '8b473150da3ec39b6a9944338cfd30fb726cc59f4cde28a3d8b05514cadb9681'}, 'dob': {'date': '1989-09-06T22:26:25.894Z', 'age': 34}, 'registered': {'date': '2019-09-05T19:57:57.780Z', 'age': 4}, 'phone': '(997)-391-7530', 'cell': '(613)-973-6960', 'id': {'name': '', 'value': None}, 'picture': {'large': 'https://randomuser.me/api/portraits/men/11.jpg', 'medium': 'https://randomuser.me/api/portraits/med/men/11.jpg', 'thumbnail': 'https://randomuser.me/api/portraits/thumb/men/11.jpg'}, 'nat': 'NZ'}], 'info': {'seed': 'e930484fcb84ee7d', 'results': 1, 'page': 1, 'version': '1.4'}}</msg>
<arg>${json_data}</arg>
<doc>Logs the given message with the given level.</doc>
<status status="PASS" start="2024-07-09T11:13:29.995580" elapsed="0.000257"/>
</kw>
<kw name="Should Be String" owner="String">
<arg>${json_data['results'][0]['gender']}</arg>
<doc>Fails if the given ``item`` is not a string.</doc>
<status status="PASS" start="2024-07-09T11:13:29.996130" elapsed="0.000362"/>
</kw>
<kw name="Should Match Regexp" owner="BuiltIn">
<arg>${json_data['results'][0]['email']}</arg>
<arg>^[a-zA-Z0-9._%+-]+@[a-zA-Z0-9.-]+\.[a-zA-Z]{2,}$</arg>
<doc>Fails if ``string`` does not match ``pattern`` as a regular expression.</doc>
<status status="PASS" start="2024-07-09T11:13:29.996678" elapsed="0.000512"/>
</kw>
<kw name="Should Match Regexp" owner="BuiltIn">
<arg>${json_data['results'][0]['dob']['date']}</arg>
<arg>\\d{4}-\\d{2}-\\d{2}T\\d{2}:\\d{2}:\\d{2}\\.\\d{3}Z</arg>
<doc>Fails if ``string`` does not match ``pattern`` as a regular expression.</doc>
<status status="PASS" start="2024-07-09T11:13:29.997420" elapsed="0.000484"/>
</kw>
<kw name="Should Match Regexp" owner="BuiltIn">
<arg>${json_data['results'][0]['registered']['date']}</arg>
<arg>\\d{4}-\\d{2}-\\d{2}T\\d{2}:\\d{2}:\\d{2}\\.\\d{3}Z</arg>
<doc>Fails if ``string`` does not match ``pattern`` as a regular expression.</doc>
<status status="PASS" start="2024-07-09T11:13:29.998092" elapsed="0.000362"/>
</kw>
<kw name="Should Match Regexp" owner="BuiltIn">
<arg>${json_data['results'][0]['picture']['large']}</arg>
<arg>^https?://.*\.(?:png|jpe?g|gif|bmp)$</arg>
<doc>Fails if ``string`` does not match ``pattern`` as a regular expression.</doc>
<status status="PASS" start="2024-07-09T11:13:29.998645" elapsed="0.000456"/>
</kw>
<kw name="Should Match Regexp" owner="BuiltIn">
<arg>${json_data['results'][0]['picture']['medium']}</arg>
<arg>^https?://.*\.(?:png|jpe?g|gif|bmp)$</arg>
<doc>Fails if ``string`` does not match ``pattern`` as a regular expression.</doc>
<status status="PASS" start="2024-07-09T11:13:29.999286" elapsed="0.000385"/>
</kw>
<kw name="Should Match Regexp" owner="BuiltIn">
<arg>${json_data['results'][0]['picture']['thumbnail']}</arg>
<arg>^https?://.*\.(?:png|jpe?g|gif|bmp)$</arg>
<doc>Fails if ``string`` does not match ``pattern`` as a regular expression.</doc>
<status status="PASS" start="2024-07-09T11:13:29.999858" elapsed="0.000353"/>
</kw>
<kw name="Log" owner="BuiltIn">
<msg time="2024-07-09T11:13:30.000729" level="INFO">{'large': 'https://randomuser.me/api/portraits/men/11.jpg', 'medium': 'https://randomuser.me/api/portraits/med/men/11.jpg', 'thumbnail': 'https://randomuser.me/api/portraits/thumb/men/11.jpg'}</msg>
<arg>${json_data['results'][0]['picture']}</arg>
<doc>Logs the given message with the given level.</doc>
<status status="PASS" start="2024-07-09T11:13:30.000395" elapsed="0.000376"/>
</kw>
<status status="PASS" start="2024-07-09T11:13:29.906878" elapsed="0.094152"/>
</kw>
<kw name="Teste de Tipos de Dados - Postcode" owner="random-user-service">
<kw name="GET On Session" owner="RequestsLibrary">
<msg time="2024-07-09T11:13:30.091770" level="INFO">GET Request : url=https://randomuser.me/api 
 path_url=/api 
 headers={'User-Agent': 'python-requests/2.32.3', 'Accept-Encoding': 'gzip, deflate', 'Accept': '*/*', 'Connection': 'keep-alive'} 
 body=None 
 </msg>
<msg time="2024-07-09T11:13:30.091878" level="INFO">GET Response : url=https://randomuser.me/api 
 status=200, reason=OK 
 headers={'Date': 'Tue, 09 Jul 2024 11:13:30 GMT', 'Content-Type': 'application/json; charset=utf-8', 'Transfer-Encoding': 'chunked', 'Connection': 'keep-alive', 'X-Powered-By': 'Express', 'Access-Control-Allow-Origin': '*', 'Cache-Control': 'no-cache', 'ETag': 'W/"48c-YAX9A8tGsJ3gV5HW4XFazunTA1g"', 'Vary': 'Accept-Encoding', 'Content-Encoding': 'gzip', 'CF-Cache-Status': 'DYNAMIC', 'Report-To': '{"endpoints":[{"url":"https:\\/\\/a.nel.cloudflare.com\\/report\\/v4?s=8saDlrXd75EAaHWdWqSmdcIsqrGQZSRH1%2BySBk00bHf3iq9nswXaah7yTaOR5dQ6n5PSmkSCPe47z3aUq%2BIiMFAMIecaPj2bWO3FhvwxIiTni8GzhSJMH%2FUC53BE6HuZ"}],"group":"cf-nel","max_age":604800}', 'NEL': '{"success_fraction":0,"report_to":"cf-nel","max_age":604800}', 'Server': 'cloudflare', 'CF-RAY': '8a07e2928bdb5803-IAD', 'alt-svc': 'h3=":443"; ma=86400'} 
 body={"results":[{"gender":"female","name":{"title":"Ms","first":"Cecilie","last":"Madsen"},"location":{"street":{"number":4716,"name":"Damgårdsvej"},"city":"Overby Lyng","state":"Midtjylland","country":"Denmark","postcode":44081,"coordinates":{"latitude":"-41.0271","longitude":"87.6989"},"timezone":{"offset":"-1:00","description":"Azores, Cape Verde Islands"}},"email":"cecilie.madsen@example.com","login":{"uuid":"27b67196-69f7-4e46-8cc5-dc343d3f3994","username":"greensnake827","password":"sealteam","salt":"L8D5rzrX","md5":"1ec17cc2cdca90ce9c3c4a7d5926c7d5","sha1":"684c609f48e9554744d9a43a00ea65e6dd76db9a","sha256":"5d165332499f620c460edce8a2bf1d3e2e37fcb7f2ce04f2bf9f0fcc45fcf760"},"dob":{"date":"1956-02-24T12:18:31.269Z","age":68},"registered":{"date":"2007-04-25T00:45:02.064Z","age":17},"phone":"81925629","cell":"19282477","id":{"name":"CPR","value":"240256-4347"},"picture":{"large":"https://randomuser.me/api/portraits/women/20.jpg","medium":"https://randomuser.me/api/portraits/med/women/20.jpg","thumbnail":"https://randomuser.me/api/portraits/thumb/women/20.jpg"},"nat":"DK"}],"info":{"seed":"f72e1dc150510c48","results":1,"page":1,"version":"1.4"}} 
 </msg>
<msg time="2024-07-09T11:13:30.091961" level="INFO">/opt/hostedtoolcache/Python/3.12.4/x64/lib/python3.12/site-packages/urllib3/connectionpool.py:1099: InsecureRequestWarning: Unverified HTTPS request is being made to host 'randomuser.me'. Adding certificate verification is strongly advised. See: https://urllib3.readthedocs.io/en/latest/advanced-usage.html#tls-warnings
  warnings.warn(</msg>
<msg time="2024-07-09T11:13:30.092099" level="INFO">${response} = &lt;Response [200]&gt;</msg>
<var>${response}</var>
<arg>consultarAPI</arg>
<arg>/api</arg>
<doc>Sends a GET request on a previously created HTTP Session.</doc>
<status status="PASS" start="2024-07-09T11:13:30.001481" elapsed="0.090666"/>
</kw>
<kw name="Set Variable" owner="BuiltIn">
<msg time="2024-07-09T11:13:30.093328" level="INFO">${json_data} = {'results': [{'gender': 'female', 'name': {'title': 'Ms', 'first': 'Cecilie', 'last': 'Madsen'}, 'location': {'street': {'number': 4716, 'name': 'Damgårdsvej'}, 'city': 'Overby Lyng', 'state': 'Midtjy...</msg>
<var>${json_data}</var>
<arg>${response.json()}</arg>
<doc>Returns the given values which can then be assigned to a variables.</doc>
<status status="PASS" start="2024-07-09T11:13:30.092756" elapsed="0.000601"/>
</kw>
<kw name="Log" owner="BuiltIn">
<msg time="2024-07-09T11:13:30.093815" level="INFO">{'results': [{'gender': 'female', 'name': {'title': 'Ms', 'first': 'Cecilie', 'last': 'Madsen'}, 'location': {'street': {'number': 4716, 'name': 'Damgårdsvej'}, 'city': 'Overby Lyng', 'state': 'Midtjylland', 'country': 'Denmark', 'postcode': 44081, 'coordinates': {'latitude': '-41.0271', 'longitude': '87.6989'}, 'timezone': {'offset': '-1:00', 'description': 'Azores, Cape Verde Islands'}}, 'email': 'cecilie.madsen@example.com', 'login': {'uuid': '27b67196-69f7-4e46-8cc5-dc343d3f3994', 'username': 'greensnake827', 'password': 'sealteam', 'salt': 'L8D5rzrX', 'md5': '1ec17cc2cdca90ce9c3c4a7d5926c7d5', 'sha1': '684c609f48e9554744d9a43a00ea65e6dd76db9a', 'sha256': '5d165332499f620c460edce8a2bf1d3e2e37fcb7f2ce04f2bf9f0fcc45fcf760'}, 'dob': {'date': '1956-02-24T12:18:31.269Z', 'age': 68}, 'registered': {'date': '2007-04-25T00:45:02.064Z', 'age': 17}, 'phone': '81925629', 'cell': '19282477', 'id': {'name': 'CPR', 'value': '240256-4347'}, 'picture': {'large': 'https://randomuser.me/api/portraits/women/20.jpg', 'medium': 'https://randomuser.me/api/portraits/med/women/20.jpg', 'thumbnail': 'https://randomuser.me/api/portraits/thumb/women/20.jpg'}, 'nat': 'DK'}], 'info': {'seed': 'f72e1dc150510c48', 'results': 1, 'page': 1, 'version': '1.4'}}</msg>
<arg>${json_data}</arg>
<doc>Logs the given message with the given level.</doc>
<status status="PASS" start="2024-07-09T11:13:30.093658" elapsed="0.000206"/>
</kw>
<kw name="Should Be Equal As Numbers" owner="BuiltIn">
<arg>${json_data['results'][0]['location']['postcode']}</arg>
<arg>${json_data['results'][0]['location']['postcode']}</arg>
<doc>Fails if objects are unequal after converting them to real numbers.</doc>
<status status="PASS" start="2024-07-09T11:13:30.094153" elapsed="0.000626"/>
</kw>
<kw name="Log" owner="BuiltIn">
<msg time="2024-07-09T11:13:30.095478" level="INFO">44081</msg>
<arg>${json_data['results'][0]['location']['postcode']}</arg>
<doc>Logs the given message with the given level.</doc>
<status status="PASS" start="2024-07-09T11:13:30.094970" elapsed="0.000549"/>
</kw>
<status status="PASS" start="2024-07-09T11:13:30.001257" elapsed="0.094584"/>
</kw>
<doc>Testa se os tipos de dados na resposta da API estão corretos.</doc>
<tag>testeTiposDados</tag>
<status status="PASS" start="2024-07-09T11:13:29.906313" elapsed="0.189696"/>
</test>
<test id="s1-s1-t5" name="Validar conteudo" line="35">
<kw name="Teste de Tipos de Conteudo" owner="random-user-service">
<kw name="GET On Session" owner="RequestsLibrary">
<msg time="2024-07-09T11:13:30.189417" level="INFO">GET Request : url=https://randomuser.me/api 
 path_url=/api 
 headers={'User-Agent': 'python-requests/2.32.3', 'Accept-Encoding': 'gzip, deflate', 'Accept': '*/*', 'Connection': 'keep-alive'} 
 body=None 
 </msg>
<msg time="2024-07-09T11:13:30.189512" level="INFO">GET Response : url=https://randomuser.me/api 
 status=200, reason=OK 
 headers={'Date': 'Tue, 09 Jul 2024 11:13:30 GMT', 'Content-Type': 'application/json; charset=utf-8', 'Transfer-Encoding': 'chunked', 'Connection': 'keep-alive', 'X-Powered-By': 'Express', 'Access-Control-Allow-Origin': '*', 'Cache-Control': 'no-cache', 'ETag': 'W/"48d-d9TVSSLkaTHw05iRv0BsQzbBcUI"', 'Vary': 'Accept-Encoding', 'Content-Encoding': 'gzip', 'CF-Cache-Status': 'DYNAMIC', 'Report-To': '{"endpoints":[{"url":"https:\\/\\/a.nel.cloudflare.com\\/report\\/v4?s=pna25MLHAWri2NqZAyMVPCAFtcOO%2BNqlqlnGt8VaPxBAuY7WjWx2hSNebxHEYBjaRqYoZVXyHuoDDLU9w7HlpCAg9vHeThsS%2FwOO9jk9qDJw8ouqvA1vKUnxejRG%2BgsB"}],"group":"cf-nel","max_age":604800}', 'NEL': '{"success_fraction":0,"report_to":"cf-nel","max_age":604800}', 'Server': 'cloudflare', 'CF-RAY': '8a07e2932c505803-IAD', 'alt-svc': 'h3=":443"; ma=86400'} 
 body={"results":[{"gender":"male","name":{"title":"Mr","first":"Julius","last":"Heinonen"},"location":{"street":{"number":1160,"name":"Mechelininkatu"},"city":"Suomussalmi","state":"Central Ostrobothnia","country":"Finland","postcode":12088,"coordinates":{"latitude":"-27.9158","longitude":"-174.4287"},"timezone":{"offset":"+5:45","description":"Kathmandu"}},"email":"julius.heinonen@example.com","login":{"uuid":"62b16d10-768d-41fd-a8c0-8364c767a99a","username":"silverbear559","password":"lewis","salt":"DyG2e82O","md5":"54f06f234f373678b6c283a0bddb8c1d","sha1":"a74540057affdbc90ed40fa750cad65ca5d08466","sha256":"307db01d52b39d992a1f8cb581cccc60071bdd0fad150b0d03da66391c2e01ad"},"dob":{"date":"1956-01-03T13:19:35.802Z","age":68},"registered":{"date":"2010-04-24T19:09:45.247Z","age":14},"phone":"08-444-655","cell":"046-126-17-05","id":{"name":"HETU","value":"NaNNA763undefined"},"picture":{"large":"https://randomuser.me/api/portraits/men/30.jpg","medium":"https://randomuser.me/api/portraits/med/men/30.jpg","thumbnail":"https://randomuser.me/api/portraits/thumb/men/30.jpg"},"nat":"FI"}],"info":{"seed":"7fd639db92e1c68a","results":1,"page":1,"version":"1.4"}} 
 </msg>
<msg time="2024-07-09T11:13:30.189579" level="INFO">/opt/hostedtoolcache/Python/3.12.4/x64/lib/python3.12/site-packages/urllib3/connectionpool.py:1099: InsecureRequestWarning: Unverified HTTPS request is being made to host 'randomuser.me'. Adding certificate verification is strongly advised. See: https://urllib3.readthedocs.io/en/latest/advanced-usage.html#tls-warnings
  warnings.warn(</msg>
<msg time="2024-07-09T11:13:30.189698" level="INFO">${response} = &lt;Response [200]&gt;</msg>
<var>${response}</var>
<arg>consultarAPI</arg>
<arg>/api</arg>
<doc>Sends a GET request on a previously created HTTP Session.</doc>
<status status="PASS" start="2024-07-09T11:13:30.098493" elapsed="0.091245"/>
</kw>
<kw name="Set Variable" owner="BuiltIn">
<msg time="2024-07-09T11:13:30.190921" level="INFO">${json_data} = {'results': [{'gender': 'male', 'name': {'title': 'Mr', 'first': 'Julius', 'last': 'Heinonen'}, 'location': {'street': {'number': 1160, 'name': 'Mechelininkatu'}, 'city': 'Suomussalmi', 'state': 'Cent...</msg>
<var>${json_data}</var>
<arg>${response.json()}</arg>
<doc>Returns the given values which can then be assigned to a variables.</doc>
<status status="PASS" start="2024-07-09T11:13:30.190357" elapsed="0.000593"/>
</kw>
<kw name="Set Variable" owner="BuiltIn">
<msg time="2024-07-09T11:13:30.191672" level="INFO">${name_title} = Mr</msg>
<var>${name_title}</var>
<arg>${json_data["results"][0]["name"]["title"]}</arg>
<doc>Returns the given values which can then be assigned to a variables.</doc>
<status status="PASS" start="2024-07-09T11:13:30.191250" elapsed="0.000450"/>
</kw>
<kw name="Create List" owner="BuiltIn">
<msg time="2024-07-09T11:13:30.192147" level="INFO">${allowed_titles} = ['Mr', 'Ms', 'Miss', 'Mrs', 'Madame', 'Monsieur']</msg>
<var>${allowed_titles}</var>
<arg>Mr</arg>
<arg>Ms</arg>
<arg>Miss</arg>
<arg>Mrs</arg>
<arg>Madame</arg>
<arg>Monsieur</arg>
<doc>Returns a list containing given items.</doc>
<status status="PASS" start="2024-07-09T11:13:30.192000" elapsed="0.000171"/>
</kw>
<kw name="List Should Contain Value" owner="Collections">
<arg>${allowed_titles}</arg>
<arg>${name_title}</arg>
<doc>Fails if the ``value`` is not found from ``list``.</doc>
<status status="PASS" start="2024-07-09T11:13:30.192472" elapsed="0.000174"/>
</kw>
<kw name="Set Variable" owner="BuiltIn">
<msg time="2024-07-09T11:13:30.193187" level="INFO">${name_country} = FI</msg>
<var>${name_country}</var>
<arg>${json_data["results"][0]["nat"]}</arg>
<doc>Returns the given values which can then be assigned to a variables.</doc>
<status status="PASS" start="2024-07-09T11:13:30.192826" elapsed="0.000386"/>
</kw>
<kw name="Create List" owner="BuiltIn">
<msg time="2024-07-09T11:13:30.194085" level="INFO">${list_country} = ['AD', 'AE', 'AF', 'AG', 'AI', 'AL', 'AM', 'AO', 'AQ', 'AR', 'AS', 'AT', 'AU', 'AW', 'AX', 'AZ', 'BA', 'BB', 'BD', 'BE', 'BF', 'BG', 'BH', 'BI', 'BJ', 'BL', 'BM', 'BN', 'BO', 'BQ', 'BR', 'BS', 'BT', '...</msg>
<var>${list_country}</var>
<arg>AD</arg>
<arg>AE</arg>
<arg>AF</arg>
<arg>AG</arg>
<arg>AI</arg>
<arg>AL</arg>
<arg>AM</arg>
<arg>AO</arg>
<arg>AQ</arg>
<arg>AR</arg>
<arg>AS</arg>
<arg>AT</arg>
<arg>AU</arg>
<arg>AW</arg>
<arg>AX</arg>
<arg>AZ</arg>
<arg>BA</arg>
<arg>BB</arg>
<arg>BD</arg>
<arg>BE</arg>
<arg>BF</arg>
<arg>BG</arg>
<arg>BH</arg>
<arg>BI</arg>
<arg>BJ</arg>
<arg>BL</arg>
<arg>BM</arg>
<arg>BN</arg>
<arg>BO</arg>
<arg>BQ</arg>
<arg>BR</arg>
<arg>BS</arg>
<arg>BT</arg>
<arg>BV</arg>
<arg>BW</arg>
<arg>BY</arg>
<arg>BZ</arg>
<arg>CA</arg>
<arg>CC</arg>
<arg>CD</arg>
<arg>CF</arg>
<arg>CG</arg>
<arg>CH</arg>
<arg>CI</arg>
<arg>CK</arg>
<arg>CL</arg>
<arg>CM</arg>
<arg>CN</arg>
<arg>CO</arg>
<arg>CR</arg>
<arg>CU</arg>
<arg>CV</arg>
<arg>CW</arg>
<arg>CX</arg>
<arg>CY</arg>
<arg>CZ</arg>
<arg>DE</arg>
<arg>DJ</arg>
<arg>DK</arg>
<arg>DM</arg>
<arg>DO</arg>
<arg>DZ</arg>
<arg>EC</arg>
<arg>EE</arg>
<arg>EG</arg>
<arg>EH</arg>
<arg>ER</arg>
<arg>ES</arg>
<arg>ET</arg>
<arg>FI</arg>
<arg>FJ</arg>
<arg>FK</arg>
<arg>FM</arg>
<arg>FO</arg>
<arg>FR</arg>
<arg>GA</arg>
<arg>GB</arg>
<arg>GD</arg>
<arg>GE</arg>
<arg>GF</arg>
<arg>GG</arg>
<arg>GH</arg>
<arg>GI</arg>
<arg>GL</arg>
<arg>GM</arg>
<arg>GN</arg>
<arg>GP</arg>
<arg>GQ</arg>
<arg>GR</arg>
<arg>GS</arg>
<arg>GT</arg>
<arg>GU</arg>
<arg>GW</arg>
<arg>GY</arg>
<arg>HK</arg>
<arg>HM</arg>
<arg>HN</arg>
<arg>HR</arg>
<arg>HT</arg>
<arg>HU</arg>
<arg>ID</arg>
<arg>IE</arg>
<arg>IL</arg>
<arg>IM</arg>
<arg>IN</arg>
<arg>IO</arg>
<arg>IQ</arg>
<arg>IR</arg>
<arg>IS</arg>
<arg>IT</arg>
<arg>JE</arg>
<arg>JM</arg>
<arg>JO</arg>
<arg>JP</arg>
<arg>KE</arg>
<arg>KG</arg>
<arg>KH</arg>
<arg>KI</arg>
<arg>KM</arg>
<arg>KN</arg>
<arg>KP</arg>
<arg>KR</arg>
<arg>KW</arg>
<arg>KY</arg>
<arg>KZ</arg>
<arg>LA</arg>
<arg>LB</arg>
<arg>LC</arg>
<arg>LI</arg>
<arg>LK</arg>
<arg>LR</arg>
<arg>LS</arg>
<arg>LT</arg>
<arg>LU</arg>
<arg>LV</arg>
<arg>LY</arg>
<arg>MA</arg>
<arg>MC</arg>
<arg>MD</arg>
<arg>ME</arg>
<arg>MF</arg>
<arg>MG</arg>
<arg>MH</arg>
<arg>MK</arg>
<arg>ML</arg>
<arg>MM</arg>
<arg>MN</arg>
<arg>MO</arg>
<arg>MP</arg>
<arg>MQ</arg>
<arg>MR</arg>
<arg>MS</arg>
<arg>MT</arg>
<arg>MU</arg>
<arg>MV</arg>
<arg>MW</arg>
<arg>MX</arg>
<arg>MY</arg>
<arg>MZ</arg>
<arg>NA</arg>
<arg>NC</arg>
<arg>NE</arg>
<arg>NF</arg>
<arg>NG</arg>
<arg>NI</arg>
<arg>NL</arg>
<arg>NO</arg>
<arg>NP</arg>
<arg>NR</arg>
<arg>NU</arg>
<arg>NZ</arg>
<arg>OM</arg>
<arg>PA</arg>
<arg>PE</arg>
<arg>PF</arg>
<arg>PG</arg>
<arg>PH</arg>
<arg>PK</arg>
<arg>PL</arg>
<arg>PM</arg>
<arg>PN</arg>
<arg>PR</arg>
<arg>PS</arg>
<arg>PT</arg>
<arg>PW</arg>
<arg>PY</arg>
<arg>QA</arg>
<arg>RE</arg>
<arg>RO</arg>
<arg>RS</arg>
<arg>RU</arg>
<arg>RW</arg>
<arg>SA</arg>
<arg>SB</arg>
<arg>SC</arg>
<arg>SD</arg>
<arg>SE</arg>
<arg>SG</arg>
<arg>SH</arg>
<arg>SI</arg>
<arg>SJ</arg>
<arg>SK</arg>
<arg>SL</arg>
<arg>SM</arg>
<arg>SN</arg>
<arg>SO</arg>
<arg>SR</arg>
<arg>SS</arg>
<arg>ST</arg>
<arg>SV</arg>
<arg>SX</arg>
<arg>SY</arg>
<arg>SZ</arg>
<arg>TC</arg>
<arg>TD</arg>
<arg>TF</arg>
<arg>TG</arg>
<arg>TH</arg>
<arg>TJ</arg>
<arg>TK</arg>
<arg>TL</arg>
<arg>TM</arg>
<arg>TN</arg>
<arg>TO</arg>
<arg>TR</arg>
<arg>TT</arg>
<arg>TV</arg>
<arg>TW</arg>
<arg>TZ</arg>
<arg>UA</arg>
<arg>UG</arg>
<arg>UM</arg>
<arg>US</arg>
<arg>UY</arg>
<arg>UZ</arg>
<arg>VA</arg>
<arg>VC</arg>
<arg>VE</arg>
<arg>VG</arg>
<arg>VI</arg>
<arg>VN</arg>
<arg>VU</arg>
<arg>WF</arg>
<arg>WS</arg>
<arg>XK</arg>
<arg>YE</arg>
<arg>YT</arg>
<arg>ZA</arg>
<arg>ZM</arg>
<arg>ZW</arg>
<doc>Returns a list containing given items.</doc>
<status status="PASS" start="2024-07-09T11:13:30.193499" elapsed="0.000611"/>
</kw>
<kw name="List Should Contain Value" owner="Collections">
<arg>${list_country}</arg>
<arg>${name_country}</arg>
<doc>Fails if the ``value`` is not found from ``list``.</doc>
<status status="PASS" start="2024-07-09T11:13:30.194903" elapsed="0.000198"/>
</kw>
<kw name="Run Keyword If" owner="BuiltIn">
<kw name="Should Be True" owner="BuiltIn">
<arg>${True}</arg>
<doc>Fails if the given condition is not true.</doc>
<status status="PASS" start="2024-07-09T11:13:30.196059" elapsed="0.000140"/>
</kw>
<arg>${json_data["results"][0]["location"]["coordinates"]["latitude"]} &gt;= -90 and ${json_data["results"][0]["location"]["coordinates"]["latitude"]} &lt;= 90</arg>
<arg>Should Be True</arg>
<arg>${True}</arg>
<doc>Runs the given keyword with the given arguments, if ``condition`` is true.</doc>
<status status="PASS" start="2024-07-09T11:13:30.195293" elapsed="0.001029"/>
</kw>
<kw name="Run Keyword If" owner="BuiltIn">
<kw name="Should Be True" owner="BuiltIn">
<arg>${True}</arg>
<doc>Fails if the given condition is not true.</doc>
<status status="PASS" start="2024-07-09T11:13:30.197188" elapsed="0.000238"/>
</kw>
<arg>${json_data["results"][0]["location"]["coordinates"]["longitude"]} &gt;= -180 and ${json_data["results"][0]["location"]["coordinates"]["longitude"]} &lt;= 180</arg>
<arg>Should Be True</arg>
<arg>${True}</arg>
<doc>Runs the given keyword with the given arguments, if ``condition`` is true.</doc>
<status status="PASS" start="2024-07-09T11:13:30.196499" elapsed="0.001052"/>
</kw>
<status status="PASS" start="2024-07-09T11:13:30.098275" elapsed="0.099408"/>
</kw>
<doc>Testa o conteúdo específico dos campos retornados pela API.</doc>
<tag>testeConteudo</tag>
<status status="PASS" start="2024-07-09T11:13:30.097747" elapsed="0.100094"/>
</test>
<status status="PASS" start="2024-07-09T11:13:29.279657" elapsed="0.920201"/>
</suite>
<status status="PASS" start="2024-07-09T11:13:29.265009" elapsed="0.939995"/>
</suite>
<statistics>
<total>
<stat pass="5" fail="0" skip="0">All Tests</stat>
</total>
<tag>
<stat pass="1" fail="0" skip="0">testeConteudo</stat>
<stat pass="1" fail="0" skip="0">testeEstruturaResposta</stat>
<stat pass="1" fail="0" skip="0">testeRequisicaoBasica</stat>
<stat pass="1" fail="0" skip="0">testeTiposDados</stat>
</tag>
<suite>
<stat pass="5" fail="0" skip="0" id="s1" name="Tests">Tests</stat>
<stat pass="5" fail="0" skip="0" id="s1-s1" name="Random-User-Test">Tests.Random-User-Test</stat>
</suite>
</statistics>
<errors>
</errors>
</robot>
