<?xml version="1.0" encoding="UTF-8"?>
<robot generator="Robot 7.0 (Python 3.12.3 on linux)" generated="2024-05-03T08:17:14.440808" rpa="false" schemaversion="5">
<suite id="s1" name="Tests" source="/home/runner/work/DesafioQAItauRogerioJordao/DesafioQAItauRogerioJordao/RamdonUser/tests">
<suite id="s1-s1" name="Random-User-Test" source="/home/runner/work/DesafioQAItauRogerioJordao/DesafioQAItauRogerioJordao/RamdonUser/tests/random-user-test.robot">
<test id="s1-s1-t1" name="Conectar" line="13">
<kw name="Conectar API" owner="random-user-service">
<kw name="Create Session" owner="RequestsLibrary">
<msg time="2024-05-03T08:17:14.775286" level="INFO">Creating Session using : alias=consultarAPI, url=https://randomuser.me/, headers={},                     cookies={}, auth=None, timeout=None, proxies=None, verify=False,                     debug=0 </msg>
<arg>consultarAPI</arg>
<arg>${URL}</arg>
<doc>Create Session: create a HTTP session to a server</doc>
<status status="PASS" start="2024-05-03T08:17:14.775094" elapsed="0.000363"/>
</kw>
<status status="PASS" start="2024-05-03T08:17:14.774197" elapsed="0.001600"/>
</kw>
<status status="PASS" start="2024-05-03T08:17:14.773667" elapsed="0.002305"/>
</test>
<test id="s1-s1-t2" name="Validar retorno 200 e JSON Válido" line="16">
<kw name="Teste de Requisicao Basica" owner="random-user-service">
<kw name="GET On Session" owner="RequestsLibrary">
<msg time="2024-05-03T08:17:14.979245" level="INFO">GET Request : url=https://randomuser.me/api 
 path_url=/api 
 headers={'User-Agent': 'python-requests/2.31.0', 'Accept-Encoding': 'gzip, deflate', 'Accept': '*/*', 'Connection': 'keep-alive'} 
 body=None 
 </msg>
<msg time="2024-05-03T08:17:14.979350" level="INFO">GET Response : url=https://randomuser.me/api 
 status=200, reason=OK 
 headers={'Date': 'Fri, 03 May 2024 08:17:14 GMT', 'Content-Type': 'application/json; charset=utf-8', 'Transfer-Encoding': 'chunked', 'Connection': 'keep-alive', 'X-Powered-By': 'Express', 'Access-Control-Allow-Origin': '*', 'Cache-Control': 'no-cache', 'ETag': 'W/"48d-gldnvi+5mewjsniLH6QSSokviGg"', 'Vary': 'Accept-Encoding', 'Content-Encoding': 'gzip', 'CF-Cache-Status': 'DYNAMIC', 'Report-To': '{"endpoints":[{"url":"https:\\/\\/a.nel.cloudflare.com\\/report\\/v4?s=OeWCx7QyOuzYZt1gheSrzt4cKrVXsP5o1%2Fm%2BqvGdchNrOMEJb5IZ%2BqUWA5CFXnxW5wi1fpBfNXKxvY1eT2nTBhBdEdh7ZqRlQDaWxD7uONqw7s2p2kBTtgfPadk7G%2FKt"}],"group":"cf-nel","max_age":604800}', 'NEL': '{"success_fraction":0,"report_to":"cf-nel","max_age":604800}', 'Server': 'cloudflare', 'CF-RAY': '87ded0444a7322cd-ORD', 'alt-svc': 'h3=":443"; ma=86400'} 
 body={"results":[{"gender":"female","name":{"title":"Mrs","first":"Kenzi","last":"Elliott"},"location":{"street":{"number":3110,"name":"Spring St"},"city":"Shepparton","state":"Victoria","country":"Australia","postcode":3400,"coordinates":{"latitude":"-86.0322","longitude":"49.4374"},"timezone":{"offset":"-3:00","description":"Brazil, Buenos Aires, Georgetown"}},"email":"kenzi.elliott@example.com","login":{"uuid":"83754ccc-3100-4605-acac-7fabe32e7c31","username":"smallkoala957","password":"pedro","salt":"eadzctyV","md5":"48b8f51bde2921d8f6231e8f509a0ce6","sha1":"dc0849eb0ba7e6eaa7b8ca21d8863b61bedac3e4","sha256":"d3f289ab6fad7283fdead81678dddd6887fa615b33a4ef5ca9719c54ce9aa571"},"dob":{"date":"1980-05-01T14:25:52.506Z","age":44},"registered":{"date":"2016-03-25T15:12:46.984Z","age":8},"phone":"02-1948-2019","cell":"0483-233-404","id":{"name":"TFN","value":"463457536"},"picture":{"large":"https://randomuser.me/api/portraits/women/90.jpg","medium":"https://randomuser.me/api/portraits/med/women/90.jpg","thumbnail":"https://randomuser.me/api/portraits/thumb/women/90.jpg"},"nat":"AU"}],"info":{"seed":"be3c42af5a1fd142","results":1,"page":1,"version":"1.4"}} 
 </msg>
<msg time="2024-05-03T08:17:14.979415" level="INFO">/opt/hostedtoolcache/Python/3.12.3/x64/lib/python3.12/site-packages/urllib3/connectionpool.py:1103: InsecureRequestWarning: Unverified HTTPS request is being made to host 'randomuser.me'. Adding certificate verification is strongly advised. See: https://urllib3.readthedocs.io/en/latest/advanced-usage.html#tls-warnings
  warnings.warn(</msg>
<msg time="2024-05-03T08:17:14.979527" level="INFO">${response} = &lt;Response [200]&gt;</msg>
<var>${response}</var>
<arg>consultarAPI</arg>
<arg>/api</arg>
<doc>Sends a GET request on a previously created HTTP Session.</doc>
<status status="PASS" start="2024-05-03T08:17:14.778395" elapsed="0.201170"/>
</kw>
<kw name="Should Be Equal As Numbers" owner="BuiltIn">
<msg time="2024-05-03T08:17:14.980346" level="INFO">Argument types are:
&lt;class 'int'&gt;
&lt;class 'str'&gt;</msg>
<arg>${response.status_code}</arg>
<arg>200</arg>
<doc>Fails if objects are unequal after converting them to real numbers.</doc>
<status status="PASS" start="2024-05-03T08:17:14.979966" elapsed="0.000439"/>
</kw>
<kw name="Log" owner="BuiltIn">
<msg time="2024-05-03T08:17:14.981102" level="INFO">200</msg>
<arg>${response.status_code}</arg>
<doc>Logs the given message with the given level.</doc>
<status status="PASS" start="2024-05-03T08:17:14.980766" elapsed="0.000376"/>
</kw>
<kw name="Set Variable" owner="BuiltIn">
<msg time="2024-05-03T08:17:14.981825" level="INFO">${json_data} = {'results': [{'gender': 'female', 'name': {'title': 'Mrs', 'first': 'Kenzi', 'last': 'Elliott'}, 'location': {'street': {'number': 3110, 'name': 'Spring St'}, 'city': 'Shepparton', 'state': 'Victoria'...</msg>
<var>${json_data}</var>
<arg>${response.json()}</arg>
<doc>Returns the given values which can then be assigned to a variables.</doc>
<status status="PASS" start="2024-05-03T08:17:14.981428" elapsed="0.000423"/>
</kw>
<kw name="Dictionary Should Contain Key" owner="Collections">
<msg time="2024-05-03T08:17:14.982290" level="INFO">False</msg>
<arg>${json_data}</arg>
<arg>results</arg>
<doc>Fails if ``key`` is not found from ``dictionary``.</doc>
<status status="PASS" start="2024-05-03T08:17:14.982131" elapsed="0.000197"/>
</kw>
<status status="PASS" start="2024-05-03T08:17:14.778170" elapsed="0.204392"/>
</kw>
<doc>Testa se a API responde corretamente e retorna um objeto JSON válido.</doc>
<tag>testeRequisicaoBasica</tag>
<status status="PASS" start="2024-05-03T08:17:14.777742" elapsed="0.204980"/>
</test>
<test id="s1-s1-t3" name="Validar estrutura de resposta" line="22">
<kw name="Teste de Estrutura de Resposta" owner="random-user-service">
<kw name="GET On Session" owner="RequestsLibrary">
<msg time="2024-05-03T08:17:15.066749" level="INFO">GET Request : url=https://randomuser.me/api 
 path_url=/api 
 headers={'User-Agent': 'python-requests/2.31.0', 'Accept-Encoding': 'gzip, deflate', 'Accept': '*/*', 'Connection': 'keep-alive'} 
 body=None 
 </msg>
<msg time="2024-05-03T08:17:15.066839" level="INFO">GET Response : url=https://randomuser.me/api 
 status=200, reason=OK 
 headers={'Date': 'Fri, 03 May 2024 08:17:15 GMT', 'Content-Type': 'application/json; charset=utf-8', 'Transfer-Encoding': 'chunked', 'Connection': 'keep-alive', 'X-Powered-By': 'Express', 'Access-Control-Allow-Origin': '*', 'Cache-Control': 'no-cache', 'ETag': 'W/"493-C8slVjvRF0wzIntPWS8Q5nhTKwk"', 'Vary': 'Accept-Encoding', 'Content-Encoding': 'gzip', 'CF-Cache-Status': 'DYNAMIC', 'Report-To': '{"endpoints":[{"url":"https:\\/\\/a.nel.cloudflare.com\\/report\\/v4?s=3mnOTlcsUmebocykushKL0v21mpoH1RTZDcI3ATDkMOpp%2FaWDvkoW1L7AHqo6iFWSmBrk8A64C3HBdOeatjb7itAblCRZkoakSuZ5YngOKvujX8%2FwMAjwcC8pY9bJPhR"}],"group":"cf-nel","max_age":604800}', 'NEL': '{"success_fraction":0,"report_to":"cf-nel","max_age":604800}', 'Server': 'cloudflare', 'CF-RAY': '87ded044aad422cd-ORD', 'alt-svc': 'h3=":443"; ma=86400'} 
 body={"results":[{"gender":"female","name":{"title":"Ms","first":"Rosa","last":"Hernández"},"location":{"street":{"number":3646,"name":"Avenida de Andalucía"},"city":"Gijón","state":"Castilla y León","country":"Spain","postcode":17828,"coordinates":{"latitude":"-30.8889","longitude":"23.8008"},"timezone":{"offset":"+6:00","description":"Almaty, Dhaka, Colombo"}},"email":"rosa.hernandez@example.com","login":{"uuid":"d6ec5055-1fd8-40da-9781-78a8add2946c","username":"bigkoala567","password":"macaroni","salt":"0YFd2QhE","md5":"69b23dc2eb1b8b241d23980ca0b7dd27","sha1":"35533a8ff21a87066d2f29ddeed03d10c8428064","sha256":"dc3336e23a72aa7e990886eb25a91dadee20d21aff859c304a0cd083ef3a0702"},"dob":{"date":"1981-02-27T07:33:39.648Z","age":43},"registered":{"date":"2012-08-05T01:08:38.529Z","age":11},"phone":"988-163-487","cell":"652-046-002","id":{"name":"DNI","value":"15105399-T"},"picture":{"large":"https://randomuser.me/api/portraits/women/60.jpg","medium":"https://randomuser.me/api/portraits/med/women/60.jpg","thumbnail":"https://randomuser.me/api/portraits/thumb/women/60.jpg"},"nat":"ES"}],"info":{"seed":"19b614da8c3ce2d3","results":1,"page":1,"version":"1.4"}} 
 </msg>
<msg time="2024-05-03T08:17:15.066964" level="INFO">/opt/hostedtoolcache/Python/3.12.3/x64/lib/python3.12/site-packages/urllib3/connectionpool.py:1103: InsecureRequestWarning: Unverified HTTPS request is being made to host 'randomuser.me'. Adding certificate verification is strongly advised. See: https://urllib3.readthedocs.io/en/latest/advanced-usage.html#tls-warnings
  warnings.warn(</msg>
<msg time="2024-05-03T08:17:15.067088" level="INFO">${response} = &lt;Response [200]&gt;</msg>
<var>${response}</var>
<arg>consultarAPI</arg>
<arg>/api</arg>
<doc>Sends a GET request on a previously created HTTP Session.</doc>
<status status="PASS" start="2024-05-03T08:17:14.985229" elapsed="0.081893"/>
</kw>
<kw name="Set Variable" owner="BuiltIn">
<msg time="2024-05-03T08:17:15.068034" level="INFO">${json_data} = {'results': [{'gender': 'female', 'name': {'title': 'Ms', 'first': 'Rosa', 'last': 'Hernández'}, 'location': {'street': {'number': 3646, 'name': 'Avenida de Andalucía'}, 'city': 'Gijón', 'state': 'Cas...</msg>
<var>${json_data}</var>
<arg>${response.json()}</arg>
<doc>Returns the given values which can then be assigned to a variables.</doc>
<status status="PASS" start="2024-05-03T08:17:15.067507" elapsed="0.000570"/>
</kw>
<kw name="Log" owner="BuiltIn">
<msg time="2024-05-03T08:17:15.068649" level="INFO">{'results': [{'gender': 'female', 'name': {'title': 'Ms', 'first': 'Rosa', 'last': 'Hernández'}, 'location': {'street': {'number': 3646, 'name': 'Avenida de Andalucía'}, 'city': 'Gijón', 'state': 'Castilla y León', 'country': 'Spain', 'postcode': 17828, 'coordinates': {'latitude': '-30.8889', 'longitude': '23.8008'}, 'timezone': {'offset': '+6:00', 'description': 'Almaty, Dhaka, Colombo'}}, 'email': 'rosa.hernandez@example.com', 'login': {'uuid': 'd6ec5055-1fd8-40da-9781-78a8add2946c', 'username': 'bigkoala567', 'password': 'macaroni', 'salt': '0YFd2QhE', 'md5': '69b23dc2eb1b8b241d23980ca0b7dd27', 'sha1': '35533a8ff21a87066d2f29ddeed03d10c8428064', 'sha256': 'dc3336e23a72aa7e990886eb25a91dadee20d21aff859c304a0cd083ef3a0702'}, 'dob': {'date': '1981-02-27T07:33:39.648Z', 'age': 43}, 'registered': {'date': '2012-08-05T01:08:38.529Z', 'age': 11}, 'phone': '988-163-487', 'cell': '652-046-002', 'id': {'name': 'DNI', 'value': '15105399-T'}, 'picture': {'large': 'https://randomuser.me/api/portraits/women/60.jpg', 'medium': 'https://randomuser.me/api/portraits/med/women/60.jpg', 'thumbnail': 'https://randomuser.me/api/portraits/thumb/women/60.jpg'}, 'nat': 'ES'}], 'info': {'seed': '19b614da8c3ce2d3', 'results': 1, 'page': 1, 'version': '1.4'}}</msg>
<arg>${json_data}</arg>
<doc>Logs the given message with the given level.</doc>
<status status="PASS" start="2024-05-03T08:17:15.068447" elapsed="0.000266"/>
</kw>
<kw name="Dictionary Should Contain Key" owner="Collections">
<msg time="2024-05-03T08:17:15.069177" level="INFO">False</msg>
<arg>${json_data}</arg>
<arg>results</arg>
<doc>Fails if ``key`` is not found from ``dictionary``.</doc>
<status status="PASS" start="2024-05-03T08:17:15.069019" elapsed="0.000195"/>
</kw>
<kw name="Should Not Be Empty" owner="BuiltIn">
<msg time="2024-05-03T08:17:15.069640" level="INFO">Length is 2.</msg>
<arg>${json_data}</arg>
<doc>Verifies that the given item is not empty.</doc>
<status status="PASS" start="2024-05-03T08:17:15.069508" elapsed="0.000295"/>
</kw>
<kw name="Create List" owner="BuiltIn">
<msg time="2024-05-03T08:17:15.070256" level="INFO">${expected_keys} = ['gender', 'name', 'location', 'email', 'login']</msg>
<var>${expected_keys}</var>
<arg>gender</arg>
<arg>name</arg>
<arg>location</arg>
<arg>email</arg>
<arg>login</arg>
<doc>Returns a list containing given items.</doc>
<status status="PASS" start="2024-05-03T08:17:15.070101" elapsed="0.000179"/>
</kw>
<for flavor="IN">
<iter>
<kw name="Dictionary Should Contain Key" owner="Collections">
<msg time="2024-05-03T08:17:15.071177" level="INFO">False</msg>
<arg>${json_data['results'][0]}</arg>
<arg>${key}</arg>
<doc>Fails if ``key`` is not found from ``dictionary``.</doc>
<status status="PASS" start="2024-05-03T08:17:15.070804" elapsed="0.000409"/>
</kw>
<kw name="Log" owner="BuiltIn">
<msg time="2024-05-03T08:17:15.071831" level="INFO">{'gender': 'female', 'name': {'title': 'Ms', 'first': 'Rosa', 'last': 'Hernández'}, 'location': {'street': {'number': 3646, 'name': 'Avenida de Andalucía'}, 'city': 'Gijón', 'state': 'Castilla y León', 'country': 'Spain', 'postcode': 17828, 'coordinates': {'latitude': '-30.8889', 'longitude': '23.8008'}, 'timezone': {'offset': '+6:00', 'description': 'Almaty, Dhaka, Colombo'}}, 'email': 'rosa.hernandez@example.com', 'login': {'uuid': 'd6ec5055-1fd8-40da-9781-78a8add2946c', 'username': 'bigkoala567', 'password': 'macaroni', 'salt': '0YFd2QhE', 'md5': '69b23dc2eb1b8b241d23980ca0b7dd27', 'sha1': '35533a8ff21a87066d2f29ddeed03d10c8428064', 'sha256': 'dc3336e23a72aa7e990886eb25a91dadee20d21aff859c304a0cd083ef3a0702'}, 'dob': {'date': '1981-02-27T07:33:39.648Z', 'age': 43}, 'registered': {'date': '2012-08-05T01:08:38.529Z', 'age': 11}, 'phone': '988-163-487', 'cell': '652-046-002', 'id': {'name': 'DNI', 'value': '15105399-T'}, 'picture': {'large': 'https://randomuser.me/api/portraits/women/60.jpg', 'medium': 'https://randomuser.me/api/portraits/med/women/60.jpg', 'thumbnail': 'https://randomuser.me/api/portraits/thumb/women/60.jpg'}, 'nat': 'ES'}</msg>
<arg>${json_data['results'][0]}</arg>
<doc>Logs the given message with the given level.</doc>
<status status="PASS" start="2024-05-03T08:17:15.071489" elapsed="0.000395"/>
</kw>
<kw name="Log" owner="BuiltIn">
<msg time="2024-05-03T08:17:15.072282" level="INFO">gender</msg>
<arg>${key}</arg>
<doc>Logs the given message with the given level.</doc>
<status status="PASS" start="2024-05-03T08:17:15.072162" elapsed="0.000155"/>
</kw>
<var name="${key}">gender</var>
<status status="PASS" start="2024-05-03T08:17:15.070685" elapsed="0.001833"/>
</iter>
<iter>
<kw name="Dictionary Should Contain Key" owner="Collections">
<msg time="2024-05-03T08:17:15.073212" level="INFO">False</msg>
<arg>${json_data['results'][0]}</arg>
<arg>${key}</arg>
<doc>Fails if ``key`` is not found from ``dictionary``.</doc>
<status status="PASS" start="2024-05-03T08:17:15.072822" elapsed="0.000428"/>
</kw>
<kw name="Log" owner="BuiltIn">
<msg time="2024-05-03T08:17:15.073954" level="INFO">{'gender': 'female', 'name': {'title': 'Ms', 'first': 'Rosa', 'last': 'Hernández'}, 'location': {'street': {'number': 3646, 'name': 'Avenida de Andalucía'}, 'city': 'Gijón', 'state': 'Castilla y León', 'country': 'Spain', 'postcode': 17828, 'coordinates': {'latitude': '-30.8889', 'longitude': '23.8008'}, 'timezone': {'offset': '+6:00', 'description': 'Almaty, Dhaka, Colombo'}}, 'email': 'rosa.hernandez@example.com', 'login': {'uuid': 'd6ec5055-1fd8-40da-9781-78a8add2946c', 'username': 'bigkoala567', 'password': 'macaroni', 'salt': '0YFd2QhE', 'md5': '69b23dc2eb1b8b241d23980ca0b7dd27', 'sha1': '35533a8ff21a87066d2f29ddeed03d10c8428064', 'sha256': 'dc3336e23a72aa7e990886eb25a91dadee20d21aff859c304a0cd083ef3a0702'}, 'dob': {'date': '1981-02-27T07:33:39.648Z', 'age': 43}, 'registered': {'date': '2012-08-05T01:08:38.529Z', 'age': 11}, 'phone': '988-163-487', 'cell': '652-046-002', 'id': {'name': 'DNI', 'value': '15105399-T'}, 'picture': {'large': 'https://randomuser.me/api/portraits/women/60.jpg', 'medium': 'https://randomuser.me/api/portraits/med/women/60.jpg', 'thumbnail': 'https://randomuser.me/api/portraits/thumb/women/60.jpg'}, 'nat': 'ES'}</msg>
<arg>${json_data['results'][0]}</arg>
<doc>Logs the given message with the given level.</doc>
<status status="PASS" start="2024-05-03T08:17:15.073578" elapsed="0.000427"/>
</kw>
<kw name="Log" owner="BuiltIn">
<msg time="2024-05-03T08:17:15.074422" level="INFO">name</msg>
<arg>${key}</arg>
<doc>Logs the given message with the given level.</doc>
<status status="PASS" start="2024-05-03T08:17:15.074304" elapsed="0.000154"/>
</kw>
<var name="${key}">name</var>
<status status="PASS" start="2024-05-03T08:17:15.072713" elapsed="0.001941"/>
</iter>
<iter>
<kw name="Dictionary Should Contain Key" owner="Collections">
<msg time="2024-05-03T08:17:15.075278" level="INFO">False</msg>
<arg>${json_data['results'][0]}</arg>
<arg>${key}</arg>
<doc>Fails if ``key`` is not found from ``dictionary``.</doc>
<status status="PASS" start="2024-05-03T08:17:15.074921" elapsed="0.000391"/>
</kw>
<kw name="Log" owner="BuiltIn">
<msg time="2024-05-03T08:17:15.075924" level="INFO">{'gender': 'female', 'name': {'title': 'Ms', 'first': 'Rosa', 'last': 'Hernández'}, 'location': {'street': {'number': 3646, 'name': 'Avenida de Andalucía'}, 'city': 'Gijón', 'state': 'Castilla y León', 'country': 'Spain', 'postcode': 17828, 'coordinates': {'latitude': '-30.8889', 'longitude': '23.8008'}, 'timezone': {'offset': '+6:00', 'description': 'Almaty, Dhaka, Colombo'}}, 'email': 'rosa.hernandez@example.com', 'login': {'uuid': 'd6ec5055-1fd8-40da-9781-78a8add2946c', 'username': 'bigkoala567', 'password': 'macaroni', 'salt': '0YFd2QhE', 'md5': '69b23dc2eb1b8b241d23980ca0b7dd27', 'sha1': '35533a8ff21a87066d2f29ddeed03d10c8428064', 'sha256': 'dc3336e23a72aa7e990886eb25a91dadee20d21aff859c304a0cd083ef3a0702'}, 'dob': {'date': '1981-02-27T07:33:39.648Z', 'age': 43}, 'registered': {'date': '2012-08-05T01:08:38.529Z', 'age': 11}, 'phone': '988-163-487', 'cell': '652-046-002', 'id': {'name': 'DNI', 'value': '15105399-T'}, 'picture': {'large': 'https://randomuser.me/api/portraits/women/60.jpg', 'medium': 'https://randomuser.me/api/portraits/med/women/60.jpg', 'thumbnail': 'https://randomuser.me/api/portraits/thumb/women/60.jpg'}, 'nat': 'ES'}</msg>
<arg>${json_data['results'][0]}</arg>
<doc>Logs the given message with the given level.</doc>
<status status="PASS" start="2024-05-03T08:17:15.075586" elapsed="0.000383"/>
</kw>
<kw name="Log" owner="BuiltIn">
<msg time="2024-05-03T08:17:15.076355" level="INFO">location</msg>
<arg>${key}</arg>
<doc>Logs the given message with the given level.</doc>
<status status="PASS" start="2024-05-03T08:17:15.076241" elapsed="0.000149"/>
</kw>
<var name="${key}">location</var>
<status status="PASS" start="2024-05-03T08:17:15.074818" elapsed="0.001787"/>
</iter>
<iter>
<kw name="Dictionary Should Contain Key" owner="Collections">
<msg time="2024-05-03T08:17:15.077283" level="INFO">False</msg>
<arg>${json_data['results'][0]}</arg>
<arg>${key}</arg>
<doc>Fails if ``key`` is not found from ``dictionary``.</doc>
<status status="PASS" start="2024-05-03T08:17:15.076892" elapsed="0.000428"/>
</kw>
<kw name="Log" owner="BuiltIn">
<msg time="2024-05-03T08:17:15.077986" level="INFO">{'gender': 'female', 'name': {'title': 'Ms', 'first': 'Rosa', 'last': 'Hernández'}, 'location': {'street': {'number': 3646, 'name': 'Avenida de Andalucía'}, 'city': 'Gijón', 'state': 'Castilla y León', 'country': 'Spain', 'postcode': 17828, 'coordinates': {'latitude': '-30.8889', 'longitude': '23.8008'}, 'timezone': {'offset': '+6:00', 'description': 'Almaty, Dhaka, Colombo'}}, 'email': 'rosa.hernandez@example.com', 'login': {'uuid': 'd6ec5055-1fd8-40da-9781-78a8add2946c', 'username': 'bigkoala567', 'password': 'macaroni', 'salt': '0YFd2QhE', 'md5': '69b23dc2eb1b8b241d23980ca0b7dd27', 'sha1': '35533a8ff21a87066d2f29ddeed03d10c8428064', 'sha256': 'dc3336e23a72aa7e990886eb25a91dadee20d21aff859c304a0cd083ef3a0702'}, 'dob': {'date': '1981-02-27T07:33:39.648Z', 'age': 43}, 'registered': {'date': '2012-08-05T01:08:38.529Z', 'age': 11}, 'phone': '988-163-487', 'cell': '652-046-002', 'id': {'name': 'DNI', 'value': '15105399-T'}, 'picture': {'large': 'https://randomuser.me/api/portraits/women/60.jpg', 'medium': 'https://randomuser.me/api/portraits/med/women/60.jpg', 'thumbnail': 'https://randomuser.me/api/portraits/thumb/women/60.jpg'}, 'nat': 'ES'}</msg>
<arg>${json_data['results'][0]}</arg>
<doc>Logs the given message with the given level.</doc>
<status status="PASS" start="2024-05-03T08:17:15.077619" elapsed="0.000417"/>
</kw>
<kw name="Log" owner="BuiltIn">
<msg time="2024-05-03T08:17:15.078447" level="INFO">email</msg>
<arg>${key}</arg>
<doc>Logs the given message with the given level.</doc>
<status status="PASS" start="2024-05-03T08:17:15.078328" elapsed="0.000153"/>
</kw>
<var name="${key}">email</var>
<status status="PASS" start="2024-05-03T08:17:15.076782" elapsed="0.001896"/>
</iter>
<iter>
<kw name="Dictionary Should Contain Key" owner="Collections">
<msg time="2024-05-03T08:17:15.079293" level="INFO">False</msg>
<arg>${json_data['results'][0]}</arg>
<arg>${key}</arg>
<doc>Fails if ``key`` is not found from ``dictionary``.</doc>
<status status="PASS" start="2024-05-03T08:17:15.078941" elapsed="0.000386"/>
</kw>
<kw name="Log" owner="BuiltIn">
<msg time="2024-05-03T08:17:15.079935" level="INFO">{'gender': 'female', 'name': {'title': 'Ms', 'first': 'Rosa', 'last': 'Hernández'}, 'location': {'street': {'number': 3646, 'name': 'Avenida de Andalucía'}, 'city': 'Gijón', 'state': 'Castilla y León', 'country': 'Spain', 'postcode': 17828, 'coordinates': {'latitude': '-30.8889', 'longitude': '23.8008'}, 'timezone': {'offset': '+6:00', 'description': 'Almaty, Dhaka, Colombo'}}, 'email': 'rosa.hernandez@example.com', 'login': {'uuid': 'd6ec5055-1fd8-40da-9781-78a8add2946c', 'username': 'bigkoala567', 'password': 'macaroni', 'salt': '0YFd2QhE', 'md5': '69b23dc2eb1b8b241d23980ca0b7dd27', 'sha1': '35533a8ff21a87066d2f29ddeed03d10c8428064', 'sha256': 'dc3336e23a72aa7e990886eb25a91dadee20d21aff859c304a0cd083ef3a0702'}, 'dob': {'date': '1981-02-27T07:33:39.648Z', 'age': 43}, 'registered': {'date': '2012-08-05T01:08:38.529Z', 'age': 11}, 'phone': '988-163-487', 'cell': '652-046-002', 'id': {'name': 'DNI', 'value': '15105399-T'}, 'picture': {'large': 'https://randomuser.me/api/portraits/women/60.jpg', 'medium': 'https://randomuser.me/api/portraits/med/women/60.jpg', 'thumbnail': 'https://randomuser.me/api/portraits/thumb/women/60.jpg'}, 'nat': 'ES'}</msg>
<arg>${json_data['results'][0]}</arg>
<doc>Logs the given message with the given level.</doc>
<status status="PASS" start="2024-05-03T08:17:15.079595" elapsed="0.000386"/>
</kw>
<kw name="Log" owner="BuiltIn">
<msg time="2024-05-03T08:17:15.080366" level="INFO">login</msg>
<arg>${key}</arg>
<doc>Logs the given message with the given level.</doc>
<status status="PASS" start="2024-05-03T08:17:15.080251" elapsed="0.000150"/>
</kw>
<var name="${key}">login</var>
<status status="PASS" start="2024-05-03T08:17:15.078839" elapsed="0.001803"/>
</iter>
<var>${key}</var>
<value>@{expected_keys}</value>
<status status="PASS" start="2024-05-03T08:17:15.070515" elapsed="0.010246"/>
</for>
<kw name="Create List" owner="BuiltIn">
<msg time="2024-05-03T08:17:15.081065" level="INFO">${expected_keysTwo} = ['username', 'password']</msg>
<var>${expected_keysTwo}</var>
<arg>username</arg>
<arg>password</arg>
<doc>Returns a list containing given items.</doc>
<status status="PASS" start="2024-05-03T08:17:15.080941" elapsed="0.000145"/>
</kw>
<for flavor="IN">
<iter>
<kw name="Dictionary Should Contain Key" owner="Collections">
<msg time="2024-05-03T08:17:15.081908" level="INFO">False</msg>
<arg>${json_data['results'][0]['login']}</arg>
<arg>${keyTwo}</arg>
<doc>Fails if ``key`` is not found from ``dictionary``.</doc>
<status status="PASS" start="2024-05-03T08:17:15.081540" elapsed="0.000402"/>
</kw>
<kw name="Dictionary Should Contain Key" owner="Collections">
<msg time="2024-05-03T08:17:15.082566" level="INFO">False</msg>
<arg>${json_data['results'][0]['login']}</arg>
<arg>${keyTwo}</arg>
<doc>Fails if ``key`` is not found from ``dictionary``.</doc>
<status status="PASS" start="2024-05-03T08:17:15.082211" elapsed="0.000388"/>
</kw>
<kw name="Log" owner="BuiltIn">
<msg time="2024-05-03T08:17:15.082977" level="INFO">username</msg>
<arg>${keyTwo}</arg>
<doc>Logs the given message with the given level.</doc>
<status status="PASS" start="2024-05-03T08:17:15.082863" elapsed="0.000152"/>
</kw>
<var name="${keyTwo}">username</var>
<status status="PASS" start="2024-05-03T08:17:15.081440" elapsed="0.001768"/>
</iter>
<iter>
<kw name="Dictionary Should Contain Key" owner="Collections">
<msg time="2024-05-03T08:17:15.083894" level="INFO">False</msg>
<arg>${json_data['results'][0]['login']}</arg>
<arg>${keyTwo}</arg>
<doc>Fails if ``key`` is not found from ``dictionary``.</doc>
<status status="PASS" start="2024-05-03T08:17:15.083465" elapsed="0.000466"/>
</kw>
<kw name="Dictionary Should Contain Key" owner="Collections">
<msg time="2024-05-03T08:17:15.084552" level="INFO">False</msg>
<arg>${json_data['results'][0]['login']}</arg>
<arg>${keyTwo}</arg>
<doc>Fails if ``key`` is not found from ``dictionary``.</doc>
<status status="PASS" start="2024-05-03T08:17:15.084201" elapsed="0.000408"/>
</kw>
<kw name="Log" owner="BuiltIn">
<msg time="2024-05-03T08:17:15.085034" level="INFO">password</msg>
<arg>${keyTwo}</arg>
<doc>Logs the given message with the given level.</doc>
<status status="PASS" start="2024-05-03T08:17:15.084906" elapsed="0.000165"/>
</kw>
<var name="${keyTwo}">password</var>
<status status="PASS" start="2024-05-03T08:17:15.083365" elapsed="0.001925"/>
</iter>
<var>${keyTwo}</var>
<value>@{expected_keysTwo}</value>
<status status="PASS" start="2024-05-03T08:17:15.081300" elapsed="0.004111"/>
</for>
<status status="PASS" start="2024-05-03T08:17:14.984993" elapsed="0.100557"/>
</kw>
<doc>Testa a estrutura da resposta da API.</doc>
<tag>testeEstruturaResposta</tag>
<status status="PASS" start="2024-05-03T08:17:14.984417" elapsed="0.101280"/>
</test>
<test id="s1-s1-t4" name="Validar tipos de dados" line="28">
<kw name="Teste de Tipos de Dados" owner="random-user-service">
<kw name="GET On Session" owner="RequestsLibrary">
<msg time="2024-05-03T08:17:15.452519" level="INFO">GET Request : url=https://randomuser.me/api 
 path_url=/api 
 headers={'User-Agent': 'python-requests/2.31.0', 'Accept-Encoding': 'gzip, deflate', 'Accept': '*/*', 'Connection': 'keep-alive'} 
 body=None 
 </msg>
<msg time="2024-05-03T08:17:15.452656" level="INFO">GET Response : url=https://randomuser.me/api 
 status=200, reason=OK 
 headers={'Date': 'Fri, 03 May 2024 08:17:15 GMT', 'Content-Type': 'application/json; charset=utf-8', 'Transfer-Encoding': 'chunked', 'Connection': 'keep-alive', 'X-Powered-By': 'Express', 'Access-Control-Allow-Origin': '*', 'Cache-Control': 'no-cache', 'ETag': 'W/"47a-MZxlPIHObItDwY0wJSElrhk7jxc"', 'Vary': 'Accept-Encoding', 'Content-Encoding': 'gzip', 'CF-Cache-Status': 'DYNAMIC', 'Report-To': '{"endpoints":[{"url":"https:\\/\\/a.nel.cloudflare.com\\/report\\/v4?s=xc2k09MK6ClisMSYNxWofrRap5Rne%2FthRGCZY19CYQiKj6FupSOsZjoE1wt%2FeVubvwrS%2F0z7kwOXctvGJ%2BI6hLwQFwEcl0giwrFhoa83XOej53Hs%2B5GrpnepIKrVh%2BXd"}],"group":"cf-nel","max_age":604800}', 'NEL': '{"success_fraction":0,"report_to":"cf-nel","max_age":604800}', 'Server': 'cloudflare', 'CF-RAY': '87ded0455b3622cd-ORD', 'alt-svc': 'h3=":443"; ma=86400'} 
 body={"results":[{"gender":"male","name":{"title":"Mr","first":"Carl","last":"Andersen"},"location":{"street":{"number":4049,"name":"Søgade"},"city":"Jystrup","state":"Danmark","country":"Denmark","postcode":23695,"coordinates":{"latitude":"-43.5254","longitude":"-37.1997"},"timezone":{"offset":"+8:00","description":"Beijing, Perth, Singapore, Hong Kong"}},"email":"carl.andersen@example.com","login":{"uuid":"30d6d502-7439-436e-9741-55ec242f2998","username":"crazybird426","password":"iiii","salt":"EspJoz5K","md5":"b12c799bcc88b630f14612c2bfc3e6eb","sha1":"97db5f18d03675c7490700c772184a861eda18d2","sha256":"1f6a8eee734725d1180a25c1d085136e656c13ee5f2a4072ba16beff6dc39532"},"dob":{"date":"1964-05-16T13:17:50.890Z","age":59},"registered":{"date":"2020-07-13T16:35:34.024Z","age":3},"phone":"12191665","cell":"22120230","id":{"name":"CPR","value":"160564-6932"},"picture":{"large":"https://randomuser.me/api/portraits/men/79.jpg","medium":"https://randomuser.me/api/portraits/med/men/79.jpg","thumbnail":"https://randomuser.me/api/portraits/thumb/men/79.jpg"},"nat":"DK"}],"info":{"seed":"9cb70d5e833558ab","results":1,"page":1,"version":"1.4"}} 
 </msg>
<msg time="2024-05-03T08:17:15.452757" level="INFO">/opt/hostedtoolcache/Python/3.12.3/x64/lib/python3.12/site-packages/urllib3/connectionpool.py:1103: InsecureRequestWarning: Unverified HTTPS request is being made to host 'randomuser.me'. Adding certificate verification is strongly advised. See: https://urllib3.readthedocs.io/en/latest/advanced-usage.html#tls-warnings
  warnings.warn(</msg>
<msg time="2024-05-03T08:17:15.452870" level="INFO">${response} = &lt;Response [200]&gt;</msg>
<var>${response}</var>
<arg>consultarAPI</arg>
<arg>/api</arg>
<doc>Sends a GET request on a previously created HTTP Session.</doc>
<status status="PASS" start="2024-05-03T08:17:15.087995" elapsed="0.364916"/>
</kw>
<kw name="Set Variable" owner="BuiltIn">
<msg time="2024-05-03T08:17:15.453921" level="INFO">${json_data} = {'results': [{'gender': 'male', 'name': {'title': 'Mr', 'first': 'Carl', 'last': 'Andersen'}, 'location': {'street': {'number': 4049, 'name': 'Søgade'}, 'city': 'Jystrup', 'state': 'Danmark', 'country...</msg>
<var>${json_data}</var>
<arg>${response.json()}</arg>
<doc>Returns the given values which can then be assigned to a variables.</doc>
<status status="PASS" start="2024-05-03T08:17:15.453506" elapsed="0.000442"/>
</kw>
<kw name="Log" owner="BuiltIn">
<msg time="2024-05-03T08:17:15.454365" level="INFO">{'results': [{'gender': 'male', 'name': {'title': 'Mr', 'first': 'Carl', 'last': 'Andersen'}, 'location': {'street': {'number': 4049, 'name': 'Søgade'}, 'city': 'Jystrup', 'state': 'Danmark', 'country': 'Denmark', 'postcode': 23695, 'coordinates': {'latitude': '-43.5254', 'longitude': '-37.1997'}, 'timezone': {'offset': '+8:00', 'description': 'Beijing, Perth, Singapore, Hong Kong'}}, 'email': 'carl.andersen@example.com', 'login': {'uuid': '30d6d502-7439-436e-9741-55ec242f2998', 'username': 'crazybird426', 'password': 'iiii', 'salt': 'EspJoz5K', 'md5': 'b12c799bcc88b630f14612c2bfc3e6eb', 'sha1': '97db5f18d03675c7490700c772184a861eda18d2', 'sha256': '1f6a8eee734725d1180a25c1d085136e656c13ee5f2a4072ba16beff6dc39532'}, 'dob': {'date': '1964-05-16T13:17:50.890Z', 'age': 59}, 'registered': {'date': '2020-07-13T16:35:34.024Z', 'age': 3}, 'phone': '12191665', 'cell': '22120230', 'id': {'name': 'CPR', 'value': '160564-6932'}, 'picture': {'large': 'https://randomuser.me/api/portraits/men/79.jpg', 'medium': 'https://randomuser.me/api/portraits/med/men/79.jpg', 'thumbnail': 'https://randomuser.me/api/portraits/thumb/men/79.jpg'}, 'nat': 'DK'}], 'info': {'seed': '9cb70d5e833558ab', 'results': 1, 'page': 1, 'version': '1.4'}}</msg>
<arg>${json_data}</arg>
<doc>Logs the given message with the given level.</doc>
<status status="PASS" start="2024-05-03T08:17:15.454223" elapsed="0.000214"/>
</kw>
<kw name="Should Be String" owner="String">
<arg>${json_data['results'][0]['gender']}</arg>
<doc>Fails if the given ``item`` is not a string.</doc>
<status status="PASS" start="2024-05-03T08:17:15.454708" elapsed="0.000328"/>
</kw>
<kw name="Should Match Regexp" owner="BuiltIn">
<arg>${json_data['results'][0]['email']}</arg>
<arg>^[a-zA-Z0-9._%+-]+@[a-zA-Z0-9.-]+\.[a-zA-Z]{2,}$</arg>
<doc>Fails if ``string`` does not match ``pattern`` as a regular expression.</doc>
<status status="PASS" start="2024-05-03T08:17:15.455210" elapsed="0.000460"/>
</kw>
<kw name="Should Match Regexp" owner="BuiltIn">
<arg>${json_data['results'][0]['dob']['date']}</arg>
<arg>\\d{4}-\\d{2}-\\d{2}T\\d{2}:\\d{2}:\\d{2}\\.\\d{3}Z</arg>
<doc>Fails if ``string`` does not match ``pattern`` as a regular expression.</doc>
<status status="PASS" start="2024-05-03T08:17:15.455845" elapsed="0.000443"/>
</kw>
<kw name="Should Match Regexp" owner="BuiltIn">
<arg>${json_data['results'][0]['registered']['date']}</arg>
<arg>\\d{4}-\\d{2}-\\d{2}T\\d{2}:\\d{2}:\\d{2}\\.\\d{3}Z</arg>
<doc>Fails if ``string`` does not match ``pattern`` as a regular expression.</doc>
<status status="PASS" start="2024-05-03T08:17:15.456463" elapsed="0.000377"/>
</kw>
<kw name="Should Match Regexp" owner="BuiltIn">
<arg>${json_data['results'][0]['picture']['large']}</arg>
<arg>^https?://.*\.(?:png|jpe?g|gif|bmp)$</arg>
<doc>Fails if ``string`` does not match ``pattern`` as a regular expression.</doc>
<status status="PASS" start="2024-05-03T08:17:15.457018" elapsed="0.000417"/>
</kw>
<kw name="Should Match Regexp" owner="BuiltIn">
<arg>${json_data['results'][0]['picture']['medium']}</arg>
<arg>^https?://.*\.(?:png|jpe?g|gif|bmp)$</arg>
<doc>Fails if ``string`` does not match ``pattern`` as a regular expression.</doc>
<status status="PASS" start="2024-05-03T08:17:15.457605" elapsed="0.000325"/>
</kw>
<kw name="Should Match Regexp" owner="BuiltIn">
<arg>${json_data['results'][0]['picture']['thumbnail']}</arg>
<arg>^https?://.*\.(?:png|jpe?g|gif|bmp)$</arg>
<doc>Fails if ``string`` does not match ``pattern`` as a regular expression.</doc>
<status status="PASS" start="2024-05-03T08:17:15.458102" elapsed="0.000331"/>
</kw>
<kw name="Log" owner="BuiltIn">
<msg time="2024-05-03T08:17:15.458895" level="INFO">{'large': 'https://randomuser.me/api/portraits/men/79.jpg', 'medium': 'https://randomuser.me/api/portraits/med/men/79.jpg', 'thumbnail': 'https://randomuser.me/api/portraits/thumb/men/79.jpg'}</msg>
<arg>${json_data['results'][0]['picture']}</arg>
<doc>Logs the given message with the given level.</doc>
<status status="PASS" start="2024-05-03T08:17:15.458599" elapsed="0.000334"/>
</kw>
<status status="PASS" start="2024-05-03T08:17:15.087759" elapsed="0.371405"/>
</kw>
<kw name="Teste de Tipos de Dados - Postcode" owner="random-user-service">
<kw name="GET On Session" owner="RequestsLibrary">
<msg time="2024-05-03T08:17:15.502026" level="INFO">GET Request : url=https://randomuser.me/api 
 path_url=/api 
 headers={'User-Agent': 'python-requests/2.31.0', 'Accept-Encoding': 'gzip, deflate', 'Accept': '*/*', 'Connection': 'keep-alive'} 
 body=None 
 </msg>
<msg time="2024-05-03T08:17:15.502123" level="INFO">GET Response : url=https://randomuser.me/api 
 status=200, reason=OK 
 headers={'Date': 'Fri, 03 May 2024 08:17:15 GMT', 'Content-Type': 'application/json; charset=utf-8', 'Transfer-Encoding': 'chunked', 'Connection': 'keep-alive', 'X-Powered-By': 'Express', 'Access-Control-Allow-Origin': '*', 'Cache-Control': 'no-cache', 'ETag': 'W/"483-h+qvpRVBSTTBRm0Bqj2NsWAKJ8I"', 'Vary': 'Accept-Encoding', 'Content-Encoding': 'gzip', 'CF-Cache-Status': 'DYNAMIC', 'Report-To': '{"endpoints":[{"url":"https:\\/\\/a.nel.cloudflare.com\\/report\\/v4?s=P2LIw66jUw08KR12J0%2BAANOhsJOKSNqAm70EejtuQrvewWsqVCiABsEu9Sti4sbEDOcqPxOxuaq8XdelXONwZ%2BiNHR1Uoyd%2FqnP9T9pyabZAObQtxhi%2BIZgvAYFcwOf3"}],"group":"cf-nel","max_age":604800}', 'NEL': '{"success_fraction":0,"report_to":"cf-nel","max_age":604800}', 'Server': 'cloudflare', 'CF-RAY': '87ded047acef22cd-ORD', 'alt-svc': 'h3=":443"; ma=86400'} 
 body={"results":[{"gender":"female","name":{"title":"Mrs","first":"Yashodha","last":"Mendonsa"},"location":{"street":{"number":6799,"name":"Linking Rd"},"city":"Khammam","state":"Assam","country":"India","postcode":13134,"coordinates":{"latitude":"11.1111","longitude":"113.2060"},"timezone":{"offset":"+9:30","description":"Adelaide, Darwin"}},"email":"yashodha.mendonsa@example.com","login":{"uuid":"f85ea771-0273-48e6-8688-b765b22b50f8","username":"orangepeacock502","password":"lionel","salt":"hDpG5yYz","md5":"013d8fa8ca1413f581585220eccc7d99","sha1":"6a5ac2c04e273e08382c4adbc62844dd1c3aad3c","sha256":"929ec48cefd10b94b24e486fc84a09087e69c65b2b10c22d84896bc928914132"},"dob":{"date":"1968-01-27T01:19:31.096Z","age":56},"registered":{"date":"2009-06-02T01:04:27.957Z","age":14},"phone":"7173095283","cell":"8656724266","id":{"name":"UIDAI","value":"667466295553"},"picture":{"large":"https://randomuser.me/api/portraits/women/68.jpg","medium":"https://randomuser.me/api/portraits/med/women/68.jpg","thumbnail":"https://randomuser.me/api/portraits/thumb/women/68.jpg"},"nat":"IN"}],"info":{"seed":"385727a01adee7ff","results":1,"page":1,"version":"1.4"}} 
 </msg>
<msg time="2024-05-03T08:17:15.502206" level="INFO">/opt/hostedtoolcache/Python/3.12.3/x64/lib/python3.12/site-packages/urllib3/connectionpool.py:1103: InsecureRequestWarning: Unverified HTTPS request is being made to host 'randomuser.me'. Adding certificate verification is strongly advised. See: https://urllib3.readthedocs.io/en/latest/advanced-usage.html#tls-warnings
  warnings.warn(</msg>
<msg time="2024-05-03T08:17:15.502337" level="INFO">${response} = &lt;Response [200]&gt;</msg>
<var>${response}</var>
<arg>consultarAPI</arg>
<arg>/api</arg>
<doc>Sends a GET request on a previously created HTTP Session.</doc>
<status status="PASS" start="2024-05-03T08:17:15.459560" elapsed="0.042826"/>
</kw>
<kw name="Set Variable" owner="BuiltIn">
<msg time="2024-05-03T08:17:15.503207" level="INFO">${json_data} = {'results': [{'gender': 'female', 'name': {'title': 'Mrs', 'first': 'Yashodha', 'last': 'Mendonsa'}, 'location': {'street': {'number': 6799, 'name': 'Linking Rd'}, 'city': 'Khammam', 'state': 'Assam',...</msg>
<var>${json_data}</var>
<arg>${response.json()}</arg>
<doc>Returns the given values which can then be assigned to a variables.</doc>
<status status="PASS" start="2024-05-03T08:17:15.502745" elapsed="0.000490"/>
</kw>
<kw name="Log" owner="BuiltIn">
<msg time="2024-05-03T08:17:15.503689" level="INFO">{'results': [{'gender': 'female', 'name': {'title': 'Mrs', 'first': 'Yashodha', 'last': 'Mendonsa'}, 'location': {'street': {'number': 6799, 'name': 'Linking Rd'}, 'city': 'Khammam', 'state': 'Assam', 'country': 'India', 'postcode': 13134, 'coordinates': {'latitude': '11.1111', 'longitude': '113.2060'}, 'timezone': {'offset': '+9:30', 'description': 'Adelaide, Darwin'}}, 'email': 'yashodha.mendonsa@example.com', 'login': {'uuid': 'f85ea771-0273-48e6-8688-b765b22b50f8', 'username': 'orangepeacock502', 'password': 'lionel', 'salt': 'hDpG5yYz', 'md5': '013d8fa8ca1413f581585220eccc7d99', 'sha1': '6a5ac2c04e273e08382c4adbc62844dd1c3aad3c', 'sha256': '929ec48cefd10b94b24e486fc84a09087e69c65b2b10c22d84896bc928914132'}, 'dob': {'date': '1968-01-27T01:19:31.096Z', 'age': 56}, 'registered': {'date': '2009-06-02T01:04:27.957Z', 'age': 14}, 'phone': '7173095283', 'cell': '8656724266', 'id': {'name': 'UIDAI', 'value': '667466295553'}, 'picture': {'large': 'https://randomuser.me/api/portraits/women/68.jpg', 'medium': 'https://randomuser.me/api/portraits/med/women/68.jpg', 'thumbnail': 'https://randomuser.me/api/portraits/thumb/women/68.jpg'}, 'nat': 'IN'}], 'info': {'seed': '385727a01adee7ff', 'results': 1, 'page': 1, 'version': '1.4'}}</msg>
<arg>${json_data}</arg>
<doc>Logs the given message with the given level.</doc>
<status status="PASS" start="2024-05-03T08:17:15.503535" elapsed="0.000230"/>
</kw>
<kw name="Should Be Equal As Numbers" owner="BuiltIn">
<arg>${json_data['results'][0]['location']['postcode']}</arg>
<arg>${json_data['results'][0]['location']['postcode']}</arg>
<doc>Fails if objects are unequal after converting them to real numbers.</doc>
<status status="PASS" start="2024-05-03T08:17:15.504175" elapsed="0.000617"/>
</kw>
<kw name="Log" owner="BuiltIn">
<msg time="2024-05-03T08:17:15.505276" level="INFO">13134</msg>
<arg>${json_data['results'][0]['location']['postcode']}</arg>
<doc>Logs the given message with the given level.</doc>
<status status="PASS" start="2024-05-03T08:17:15.504969" elapsed="0.000343"/>
</kw>
<status status="PASS" start="2024-05-03T08:17:15.459359" elapsed="0.046182"/>
</kw>
<doc>Testa se os tipos de dados na resposta da API estão corretos.</doc>
<tag>testeTiposDados</tag>
<status status="PASS" start="2024-05-03T08:17:15.087336" elapsed="0.418347"/>
</test>
<test id="s1-s1-t5" name="Validar conteudo" line="35">
<kw name="Teste de Tipos de Conteudo" owner="random-user-service">
<kw name="GET On Session" owner="RequestsLibrary">
<msg time="2024-05-03T08:17:15.601145" level="INFO">GET Request : url=https://randomuser.me/api 
 path_url=/api 
 headers={'User-Agent': 'python-requests/2.31.0', 'Accept-Encoding': 'gzip, deflate', 'Accept': '*/*', 'Connection': 'keep-alive'} 
 body=None 
 </msg>
<msg time="2024-05-03T08:17:15.601238" level="INFO">GET Response : url=https://randomuser.me/api 
 status=200, reason=OK 
 headers={'Date': 'Fri, 03 May 2024 08:17:15 GMT', 'Content-Type': 'application/json; charset=utf-8', 'Transfer-Encoding': 'chunked', 'Connection': 'keep-alive', 'X-Powered-By': 'Express', 'Access-Control-Allow-Origin': '*', 'Cache-Control': 'no-cache', 'ETag': 'W/"49f-Lp66DVYt2ZA1w8nUoWDZx23CUls"', 'Vary': 'Accept-Encoding', 'Content-Encoding': 'gzip', 'CF-Cache-Status': 'DYNAMIC', 'Report-To': '{"endpoints":[{"url":"https:\\/\\/a.nel.cloudflare.com\\/report\\/v4?s=3ZFfWe7HORPoT4mOwoKMeBjPSLSymlPy19sy%2FoYTlqq6qf6uyWJvysUp%2F18sEBUPiP8aTtX7bSmJXhYml7CvMkvnBNzeUNT68H6aO%2BmAHu9YXRzJzkWpAP%2F2XQsYpyNV"}],"group":"cf-nel","max_age":604800}', 'NEL': '{"success_fraction":0,"report_to":"cf-nel","max_age":604800}', 'Server': 'cloudflare', 'CF-RAY': '87ded047fd4522cd-ORD', 'alt-svc': 'h3=":443"; ma=86400'} 
 body={"results":[{"gender":"female","name":{"title":"Miss","first":"Avreliya","last":"Lebedinskiy"},"location":{"street":{"number":4809,"name":"Slavi Stecko"},"city":"Zbarazh","state":"Mikolayivska","country":"Ukraine","postcode":68664,"coordinates":{"latitude":"76.9699","longitude":"157.6938"},"timezone":{"offset":"-3:00","description":"Brazil, Buenos Aires, Georgetown"}},"email":"avreliya.lebedinskiy@example.com","login":{"uuid":"07457d59-a8aa-4a60-bcd6-43a65adf9479","username":"happyelephant287","password":"stinger","salt":"GOQNzc9V","md5":"65e73c876a5d129c3612bb07bf70b6e4","sha1":"cfe1a100fa4979ddea1cd6904975d6b8c8987348","sha256":"b1193d317dcd8fd18650f66e758f0847ce3ca001c2000f0e3f3940fcf7383e9a"},"dob":{"date":"1980-04-06T19:25:35.674Z","age":44},"registered":{"date":"2010-07-21T22:00:54.945Z","age":13},"phone":"(097) V96-3452","cell":"(098) K29-0021","id":{"name":"","value":null},"picture":{"large":"https://randomuser.me/api/portraits/women/32.jpg","medium":"https://randomuser.me/api/portraits/med/women/32.jpg","thumbnail":"https://randomuser.me/api/portraits/thumb/women/32.jpg"},"nat":"UA"}],"info":{"seed":"395dfc57b44bc040","results":1,"page":1,"version":"1.4"}} 
 </msg>
<msg time="2024-05-03T08:17:15.601322" level="INFO">/opt/hostedtoolcache/Python/3.12.3/x64/lib/python3.12/site-packages/urllib3/connectionpool.py:1103: InsecureRequestWarning: Unverified HTTPS request is being made to host 'randomuser.me'. Adding certificate verification is strongly advised. See: https://urllib3.readthedocs.io/en/latest/advanced-usage.html#tls-warnings
  warnings.warn(</msg>
<msg time="2024-05-03T08:17:15.601454" level="INFO">${response} = &lt;Response [200]&gt;</msg>
<var>${response}</var>
<arg>consultarAPI</arg>
<arg>/api</arg>
<doc>Sends a GET request on a previously created HTTP Session.</doc>
<status status="PASS" start="2024-05-03T08:17:15.508294" elapsed="0.093207"/>
</kw>
<kw name="Set Variable" owner="BuiltIn">
<msg time="2024-05-03T08:17:15.602301" level="INFO">${json_data} = {'results': [{'gender': 'female', 'name': {'title': 'Miss', 'first': 'Avreliya', 'last': 'Lebedinskiy'}, 'location': {'street': {'number': 4809, 'name': 'Slavi Stecko'}, 'city': 'Zbarazh', 'state': 'M...</msg>
<var>${json_data}</var>
<arg>${response.json()}</arg>
<doc>Returns the given values which can then be assigned to a variables.</doc>
<status status="PASS" start="2024-05-03T08:17:15.601897" elapsed="0.000429"/>
</kw>
<kw name="Set Variable" owner="BuiltIn">
<msg time="2024-05-03T08:17:15.602954" level="INFO">${name_title} = Miss</msg>
<var>${name_title}</var>
<arg>${json_data["results"][0]["name"]["title"]}</arg>
<doc>Returns the given values which can then be assigned to a variables.</doc>
<status status="PASS" start="2024-05-03T08:17:15.602603" elapsed="0.000373"/>
</kw>
<kw name="Create List" owner="BuiltIn">
<msg time="2024-05-03T08:17:15.603384" level="INFO">${allowed_titles} = ['Mr', 'Ms', 'Miss', 'Mrs', 'Madame', 'Monsieur']</msg>
<var>${allowed_titles}</var>
<arg>Mr</arg>
<arg>Ms</arg>
<arg>Miss</arg>
<arg>Mrs</arg>
<arg>Madame</arg>
<arg>Monsieur</arg>
<doc>Returns a list containing given items.</doc>
<status status="PASS" start="2024-05-03T08:17:15.603249" elapsed="0.000156"/>
</kw>
<kw name="List Should Contain Value" owner="Collections">
<msg time="2024-05-03T08:17:15.603830" level="INFO">False</msg>
<arg>${allowed_titles}</arg>
<arg>${name_title}</arg>
<doc>Fails if the ``value`` is not found from ``list``.</doc>
<status status="PASS" start="2024-05-03T08:17:15.603676" elapsed="0.000186"/>
</kw>
<kw name="Set Variable" owner="BuiltIn">
<msg time="2024-05-03T08:17:15.604478" level="INFO">${name_country} = UA</msg>
<var>${name_country}</var>
<arg>${json_data["results"][0]["nat"]}</arg>
<doc>Returns the given values which can then be assigned to a variables.</doc>
<status status="PASS" start="2024-05-03T08:17:15.604127" elapsed="0.000373"/>
</kw>
<kw name="Create List" owner="BuiltIn">
<msg time="2024-05-03T08:17:15.605364" level="INFO">${list_country} = ['AD', 'AE', 'AF', 'AG', 'AI', 'AL', 'AM', 'AO', 'AQ', 'AR', 'AS', 'AT', 'AU', 'AW', 'AX', 'AZ', 'BA', 'BB', 'BD', 'BE', 'BF', 'BG', 'BH', 'BI', 'BJ', 'BL', 'BM', 'BN', 'BO', 'BQ', 'BR', 'BS', 'BT', '...</msg>
<var>${list_country}</var>
<arg>AD</arg>
<arg>AE</arg>
<arg>AF</arg>
<arg>AG</arg>
<arg>AI</arg>
<arg>AL</arg>
<arg>AM</arg>
<arg>AO</arg>
<arg>AQ</arg>
<arg>AR</arg>
<arg>AS</arg>
<arg>AT</arg>
<arg>AU</arg>
<arg>AW</arg>
<arg>AX</arg>
<arg>AZ</arg>
<arg>BA</arg>
<arg>BB</arg>
<arg>BD</arg>
<arg>BE</arg>
<arg>BF</arg>
<arg>BG</arg>
<arg>BH</arg>
<arg>BI</arg>
<arg>BJ</arg>
<arg>BL</arg>
<arg>BM</arg>
<arg>BN</arg>
<arg>BO</arg>
<arg>BQ</arg>
<arg>BR</arg>
<arg>BS</arg>
<arg>BT</arg>
<arg>BV</arg>
<arg>BW</arg>
<arg>BY</arg>
<arg>BZ</arg>
<arg>CA</arg>
<arg>CC</arg>
<arg>CD</arg>
<arg>CF</arg>
<arg>CG</arg>
<arg>CH</arg>
<arg>CI</arg>
<arg>CK</arg>
<arg>CL</arg>
<arg>CM</arg>
<arg>CN</arg>
<arg>CO</arg>
<arg>CR</arg>
<arg>CU</arg>
<arg>CV</arg>
<arg>CW</arg>
<arg>CX</arg>
<arg>CY</arg>
<arg>CZ</arg>
<arg>DE</arg>
<arg>DJ</arg>
<arg>DK</arg>
<arg>DM</arg>
<arg>DO</arg>
<arg>DZ</arg>
<arg>EC</arg>
<arg>EE</arg>
<arg>EG</arg>
<arg>EH</arg>
<arg>ER</arg>
<arg>ES</arg>
<arg>ET</arg>
<arg>FI</arg>
<arg>FJ</arg>
<arg>FK</arg>
<arg>FM</arg>
<arg>FO</arg>
<arg>FR</arg>
<arg>GA</arg>
<arg>GB</arg>
<arg>GD</arg>
<arg>GE</arg>
<arg>GF</arg>
<arg>GG</arg>
<arg>GH</arg>
<arg>GI</arg>
<arg>GL</arg>
<arg>GM</arg>
<arg>GN</arg>
<arg>GP</arg>
<arg>GQ</arg>
<arg>GR</arg>
<arg>GS</arg>
<arg>GT</arg>
<arg>GU</arg>
<arg>GW</arg>
<arg>GY</arg>
<arg>HK</arg>
<arg>HM</arg>
<arg>HN</arg>
<arg>HR</arg>
<arg>HT</arg>
<arg>HU</arg>
<arg>ID</arg>
<arg>IE</arg>
<arg>IL</arg>
<arg>IM</arg>
<arg>IN</arg>
<arg>IO</arg>
<arg>IQ</arg>
<arg>IR</arg>
<arg>IS</arg>
<arg>IT</arg>
<arg>JE</arg>
<arg>JM</arg>
<arg>JO</arg>
<arg>JP</arg>
<arg>KE</arg>
<arg>KG</arg>
<arg>KH</arg>
<arg>KI</arg>
<arg>KM</arg>
<arg>KN</arg>
<arg>KP</arg>
<arg>KR</arg>
<arg>KW</arg>
<arg>KY</arg>
<arg>KZ</arg>
<arg>LA</arg>
<arg>LB</arg>
<arg>LC</arg>
<arg>LI</arg>
<arg>LK</arg>
<arg>LR</arg>
<arg>LS</arg>
<arg>LT</arg>
<arg>LU</arg>
<arg>LV</arg>
<arg>LY</arg>
<arg>MA</arg>
<arg>MC</arg>
<arg>MD</arg>
<arg>ME</arg>
<arg>MF</arg>
<arg>MG</arg>
<arg>MH</arg>
<arg>MK</arg>
<arg>ML</arg>
<arg>MM</arg>
<arg>MN</arg>
<arg>MO</arg>
<arg>MP</arg>
<arg>MQ</arg>
<arg>MR</arg>
<arg>MS</arg>
<arg>MT</arg>
<arg>MU</arg>
<arg>MV</arg>
<arg>MW</arg>
<arg>MX</arg>
<arg>MY</arg>
<arg>MZ</arg>
<arg>NA</arg>
<arg>NC</arg>
<arg>NE</arg>
<arg>NF</arg>
<arg>NG</arg>
<arg>NI</arg>
<arg>NL</arg>
<arg>NO</arg>
<arg>NP</arg>
<arg>NR</arg>
<arg>NU</arg>
<arg>NZ</arg>
<arg>OM</arg>
<arg>PA</arg>
<arg>PE</arg>
<arg>PF</arg>
<arg>PG</arg>
<arg>PH</arg>
<arg>PK</arg>
<arg>PL</arg>
<arg>PM</arg>
<arg>PN</arg>
<arg>PR</arg>
<arg>PS</arg>
<arg>PT</arg>
<arg>PW</arg>
<arg>PY</arg>
<arg>QA</arg>
<arg>RE</arg>
<arg>RO</arg>
<arg>RS</arg>
<arg>RU</arg>
<arg>RW</arg>
<arg>SA</arg>
<arg>SB</arg>
<arg>SC</arg>
<arg>SD</arg>
<arg>SE</arg>
<arg>SG</arg>
<arg>SH</arg>
<arg>SI</arg>
<arg>SJ</arg>
<arg>SK</arg>
<arg>SL</arg>
<arg>SM</arg>
<arg>SN</arg>
<arg>SO</arg>
<arg>SR</arg>
<arg>SS</arg>
<arg>ST</arg>
<arg>SV</arg>
<arg>SX</arg>
<arg>SY</arg>
<arg>SZ</arg>
<arg>TC</arg>
<arg>TD</arg>
<arg>TF</arg>
<arg>TG</arg>
<arg>TH</arg>
<arg>TJ</arg>
<arg>TK</arg>
<arg>TL</arg>
<arg>TM</arg>
<arg>TN</arg>
<arg>TO</arg>
<arg>TR</arg>
<arg>TT</arg>
<arg>TV</arg>
<arg>TW</arg>
<arg>TZ</arg>
<arg>UA</arg>
<arg>UG</arg>
<arg>UM</arg>
<arg>US</arg>
<arg>UY</arg>
<arg>UZ</arg>
<arg>VA</arg>
<arg>VC</arg>
<arg>VE</arg>
<arg>VG</arg>
<arg>VI</arg>
<arg>VN</arg>
<arg>VU</arg>
<arg>WF</arg>
<arg>WS</arg>
<arg>XK</arg>
<arg>YE</arg>
<arg>YT</arg>
<arg>ZA</arg>
<arg>ZM</arg>
<arg>ZW</arg>
<doc>Returns a list containing given items.</doc>
<status status="PASS" start="2024-05-03T08:17:15.604824" elapsed="0.000563"/>
</kw>
<kw name="List Should Contain Value" owner="Collections">
<msg time="2024-05-03T08:17:15.606317" level="INFO">False</msg>
<arg>${list_country}</arg>
<arg>${name_country}</arg>
<doc>Fails if the ``value`` is not found from ``list``.</doc>
<status status="PASS" start="2024-05-03T08:17:15.606111" elapsed="0.000240"/>
</kw>
<kw name="Run Keyword If" owner="BuiltIn">
<kw name="Should Be True" owner="BuiltIn">
<arg>${True}</arg>
<doc>Fails if the given condition is not true.</doc>
<status status="PASS" start="2024-05-03T08:17:15.607325" elapsed="0.000222"/>
</kw>
<arg>${json_data["results"][0]["location"]["coordinates"]["latitude"]} &gt;= -90 and ${json_data["results"][0]["location"]["coordinates"]["latitude"]} &lt;= 90</arg>
<arg>Should Be True</arg>
<arg>${True}</arg>
<doc>Runs the given keyword with the given arguments, if ``condition`` is true.</doc>
<status status="PASS" start="2024-05-03T08:17:15.606635" elapsed="0.001033"/>
</kw>
<kw name="Run Keyword If" owner="BuiltIn">
<kw name="Should Be True" owner="BuiltIn">
<arg>${True}</arg>
<doc>Fails if the given condition is not true.</doc>
<status status="PASS" start="2024-05-03T08:17:15.608506" elapsed="0.000147"/>
</kw>
<arg>${json_data["results"][0]["location"]["coordinates"]["longitude"]} &gt;= -180 and ${json_data["results"][0]["location"]["coordinates"]["longitude"]} &lt;= 180</arg>
<arg>Should Be True</arg>
<arg>${True}</arg>
<doc>Runs the given keyword with the given arguments, if ``condition`` is true.</doc>
<status status="PASS" start="2024-05-03T08:17:15.607849" elapsed="0.000926"/>
</kw>
<status status="PASS" start="2024-05-03T08:17:15.507957" elapsed="0.100934"/>
</kw>
<doc>Testa o conteúdo específico dos campos retornados pela API.</doc>
<tag>testeConteudo</tag>
<status status="PASS" start="2024-05-03T08:17:15.507350" elapsed="0.101668"/>
</test>
<status status="PASS" start="2024-05-03T08:17:14.493768" elapsed="1.117034"/>
</suite>
<status status="PASS" start="2024-05-03T08:17:14.481478" elapsed="1.134027"/>
</suite>
<statistics>
<total>
<stat pass="5" fail="0" skip="0">All Tests</stat>
</total>
<tag>
<stat pass="1" fail="0" skip="0">testeConteudo</stat>
<stat pass="1" fail="0" skip="0">testeEstruturaResposta</stat>
<stat pass="1" fail="0" skip="0">testeRequisicaoBasica</stat>
<stat pass="1" fail="0" skip="0">testeTiposDados</stat>
</tag>
<suite>
<stat pass="5" fail="0" skip="0" id="s1" name="Tests">Tests</stat>
<stat pass="5" fail="0" skip="0" id="s1-s1" name="Random-User-Test">Tests.Random-User-Test</stat>
</suite>
</statistics>
<errors>
</errors>
</robot>
