<?xml version="1.0" encoding="UTF-8"?>
<robot generator="Robot 7.0 (Python 3.12.2 on linux)" generated="2024-03-31T07:12:49.220629" rpa="false" schemaversion="5">
<suite id="s1" name="Tests" source="/home/runner/work/DesafioQAItauRogerioJordao/DesafioQAItauRogerioJordao/RamdonUser/tests">
<suite id="s1-s1" name="Random-User-Test" source="/home/runner/work/DesafioQAItauRogerioJordao/DesafioQAItauRogerioJordao/RamdonUser/tests/random-user-test.robot">
<test id="s1-s1-t1" name="Conectar" line="13">
<kw name="Conectar API" owner="random-user-service">
<kw name="Create Session" owner="RequestsLibrary">
<msg time="2024-03-31T07:12:49.587246" level="INFO">Creating Session using : alias=consultarAPI, url=https://randomuser.me/, headers={},                     cookies={}, auth=None, timeout=None, proxies=None, verify=False,                     debug=0 </msg>
<arg>consultarAPI</arg>
<arg>${URL}</arg>
<doc>Create Session: create a HTTP session to a server</doc>
<status status="PASS" start="2024-03-31T07:12:49.587013" elapsed="0.000444"/>
</kw>
<status status="PASS" start="2024-03-31T07:12:49.585880" elapsed="0.001978"/>
</kw>
<status status="PASS" start="2024-03-31T07:12:49.585223" elapsed="0.002853"/>
</test>
<test id="s1-s1-t2" name="Validar retorno 200 e JSON Válido" line="16">
<kw name="Teste de Requisicao Basica" owner="random-user-service">
<kw name="GET On Session" owner="RequestsLibrary">
<msg time="2024-03-31T07:12:49.675308" level="INFO">GET Request : url=https://randomuser.me/api 
 path_url=/api 
 headers={'User-Agent': 'python-requests/2.31.0', 'Accept-Encoding': 'gzip, deflate', 'Accept': '*/*', 'Connection': 'keep-alive'} 
 body=None 
 </msg>
<msg time="2024-03-31T07:12:49.675490" level="INFO">GET Response : url=https://randomuser.me/api 
 status=200, reason=OK 
 headers={'Date': 'Sun, 31 Mar 2024 07:12:49 GMT', 'Content-Type': 'application/json; charset=utf-8', 'Transfer-Encoding': 'chunked', 'Connection': 'keep-alive', 'X-Powered-By': 'Express', 'Access-Control-Allow-Origin': '*', 'Cache-Control': 'no-cache', 'ETag': 'W/"474-HSm9Vyte/q34fS6sZ5o/oJWkYwQ"', 'Vary': 'Accept-Encoding', 'Content-Encoding': 'gzip', 'CF-Cache-Status': 'DYNAMIC', 'Report-To': '{"endpoints":[{"url":"https:\\/\\/a.nel.cloudflare.com\\/report\\/v4?s=7kqMVrVQwTj5Db7roKVUF%2FxBadog9UzhxpieFXyslPpvzlEbz%2FsAKRYaUgzN8eFjbByDJBdvnUw4CMS7UX3v4CLYqZTeTxbuE2CrA04BVwHhxdVydNQx3Wjhqj3RHrNv"}],"group":"cf-nel","max_age":604800}', 'NEL': '{"success_fraction":0,"report_to":"cf-nel","max_age":604800}', 'Server': 'cloudflare', 'CF-RAY': '86ce88862b9c2094-IAD', 'alt-svc': 'h3=":443"; ma=86400'} 
 body={"results":[{"gender":"male","name":{"title":"Mr","first":"Simon","last":"Rasmussen"},"location":{"street":{"number":7963,"name":"Rougsøvej"},"city":"Nørrebro","state":"Danmark","country":"Denmark","postcode":71521,"coordinates":{"latitude":"-39.3732","longitude":"-97.7807"},"timezone":{"offset":"-2:00","description":"Mid-Atlantic"}},"email":"simon.rasmussen@example.com","login":{"uuid":"dd6ca90a-dc0e-4a44-a691-5bc136c4ea27","username":"organicbutterfly381","password":"helmet","salt":"ZWb5Ntsk","md5":"c5faccc364dbae82cae6344bd691f37f","sha1":"5e212c83a9a591a7c51b063af70d17f0fbc38767","sha256":"bdc3a37c5a5582f03758c4a239e0d820048f3afba6c5a10ddac8b484050285fc"},"dob":{"date":"1986-11-09T22:56:41.960Z","age":37},"registered":{"date":"2018-07-25T22:02:57.452Z","age":5},"phone":"24728614","cell":"06551435","id":{"name":"CPR","value":"091186-2374"},"picture":{"large":"https://randomuser.me/api/portraits/men/11.jpg","medium":"https://randomuser.me/api/portraits/med/men/11.jpg","thumbnail":"https://randomuser.me/api/portraits/thumb/men/11.jpg"},"nat":"DK"}],"info":{"seed":"844edaccfda566c3","results":1,"page":1,"version":"1.4"}} 
 </msg>
<msg time="2024-03-31T07:12:49.675614" level="INFO">/opt/hostedtoolcache/Python/3.12.2/x64/lib/python3.12/site-packages/urllib3/connectionpool.py:1103: InsecureRequestWarning: Unverified HTTPS request is being made to host 'randomuser.me'. Adding certificate verification is strongly advised. See: https://urllib3.readthedocs.io/en/latest/advanced-usage.html#tls-warnings
  warnings.warn(</msg>
<msg time="2024-03-31T07:12:49.675782" level="INFO">${response} = &lt;Response [200]&gt;</msg>
<var>${response}</var>
<arg>consultarAPI</arg>
<arg>/api</arg>
<doc>Sends a GET request on a previously created HTTP Session.</doc>
<status status="PASS" start="2024-03-31T07:12:49.590778" elapsed="0.085048"/>
</kw>
<kw name="Should Be Equal As Numbers" owner="BuiltIn">
<msg time="2024-03-31T07:12:49.677074" level="INFO">Argument types are:
&lt;class 'int'&gt;
&lt;class 'str'&gt;</msg>
<arg>${response.status_code}</arg>
<arg>200</arg>
<doc>Fails if objects are unequal after converting them to real numbers.</doc>
<status status="PASS" start="2024-03-31T07:12:49.676557" elapsed="0.000588"/>
</kw>
<kw name="Log" owner="BuiltIn">
<msg time="2024-03-31T07:12:49.677957" level="INFO">200</msg>
<arg>${response.status_code}</arg>
<doc>Logs the given message with the given level.</doc>
<status status="PASS" start="2024-03-31T07:12:49.677524" elapsed="0.000479"/>
</kw>
<kw name="Set Variable" owner="BuiltIn">
<msg time="2024-03-31T07:12:49.678837" level="INFO">${json_data} = {'results': [{'gender': 'male', 'name': {'title': 'Mr', 'first': 'Simon', 'last': 'Rasmussen'}, 'location': {'street': {'number': 7963, 'name': 'Rougsøvej'}, 'city': 'Nørrebro', 'state': 'Danmark', 'c...</msg>
<var>${json_data}</var>
<arg>${response.json()}</arg>
<doc>Returns the given values which can then be assigned to a variables.</doc>
<status status="PASS" start="2024-03-31T07:12:49.678365" elapsed="0.000501"/>
</kw>
<kw name="Dictionary Should Contain Key" owner="Collections">
<msg time="2024-03-31T07:12:49.679366" level="INFO">False</msg>
<arg>${json_data}</arg>
<arg>results</arg>
<doc>Fails if ``key`` is not found from ``dictionary``.</doc>
<status status="PASS" start="2024-03-31T07:12:49.679187" elapsed="0.000220"/>
</kw>
<status status="PASS" start="2024-03-31T07:12:49.590507" elapsed="0.089173"/>
</kw>
<doc>Testa se a API responde corretamente e retorna um objeto JSON válido.</doc>
<tag>testeRequisicaoBasica</tag>
<status status="PASS" start="2024-03-31T07:12:49.590002" elapsed="0.089876"/>
</test>
<test id="s1-s1-t3" name="Validar estrutura de resposta" line="22">
<kw name="Teste de Estrutura de Resposta" owner="random-user-service">
<kw name="GET On Session" owner="RequestsLibrary">
<msg time="2024-03-31T07:12:49.779677" level="INFO">GET Request : url=https://randomuser.me/api 
 path_url=/api 
 headers={'User-Agent': 'python-requests/2.31.0', 'Accept-Encoding': 'gzip, deflate', 'Accept': '*/*', 'Connection': 'keep-alive'} 
 body=None 
 </msg>
<msg time="2024-03-31T07:12:49.779788" level="INFO">GET Response : url=https://randomuser.me/api 
 status=200, reason=OK 
 headers={'Date': 'Sun, 31 Mar 2024 07:12:49 GMT', 'Content-Type': 'application/json; charset=utf-8', 'Transfer-Encoding': 'chunked', 'Connection': 'keep-alive', 'X-Powered-By': 'Express', 'Access-Control-Allow-Origin': '*', 'Cache-Control': 'no-cache', 'ETag': 'W/"48b-CIYp56rB5ZJ9oqzYpVVzZv9Jw0U"', 'Vary': 'Accept-Encoding', 'Content-Encoding': 'gzip', 'CF-Cache-Status': 'DYNAMIC', 'Report-To': '{"endpoints":[{"url":"https:\\/\\/a.nel.cloudflare.com\\/report\\/v4?s=cyc7MYUuetGw6cHFD%2BCvZ7GlOEga7kYybCJDtWZrjLhLUP7gR2aQKDGsLf%2FnlB6M8qr5GzXVK1CWQacJeDPHMVYdhDSXo1dQEUeEWodSbPBXsS8omARDtkNhwF2vT6QM"}],"group":"cf-nel","max_age":604800}', 'NEL': '{"success_fraction":0,"report_to":"cf-nel","max_age":604800}', 'Server': 'cloudflare', 'CF-RAY': '86ce88868bef2094-IAD', 'alt-svc': 'h3=":443"; ma=86400'} 
 body={"results":[{"gender":"male","name":{"title":"Mr","first":"Granislav","last":"Beregoviy"},"location":{"street":{"number":5143,"name":"Lomonosova"},"city":"Bilgorod-Dnistrovskiy","state":"Rivnenska","country":"Ukraine","postcode":71298,"coordinates":{"latitude":"81.3457","longitude":"-85.8413"},"timezone":{"offset":"-12:00","description":"Eniwetok, Kwajalein"}},"email":"granislav.beregoviy@example.com","login":{"uuid":"400881aa-c59a-4fc4-9f64-c76bd5280a00","username":"greenfish817","password":"xxx123","salt":"UwJN8Uru","md5":"54fa363dc6003fe57ad012eb40673e79","sha1":"5e845ed67326a872c138d649dae7df34eb5f5e8f","sha256":"5bb941dc2b09959b24123a2385b24f4a9ddb6fb6f723bda540374cdfa250d914"},"dob":{"date":"1971-11-21T20:50:41.326Z","age":52},"registered":{"date":"2010-09-26T15:21:09.264Z","age":13},"phone":"(098) I15-0600","cell":"(068) I65-3521","id":{"name":"","value":null},"picture":{"large":"https://randomuser.me/api/portraits/men/70.jpg","medium":"https://randomuser.me/api/portraits/med/men/70.jpg","thumbnail":"https://randomuser.me/api/portraits/thumb/men/70.jpg"},"nat":"UA"}],"info":{"seed":"11791b2a47a0cf74","results":1,"page":1,"version":"1.4"}} 
 </msg>
<msg time="2024-03-31T07:12:49.779938" level="INFO">/opt/hostedtoolcache/Python/3.12.2/x64/lib/python3.12/site-packages/urllib3/connectionpool.py:1103: InsecureRequestWarning: Unverified HTTPS request is being made to host 'randomuser.me'. Adding certificate verification is strongly advised. See: https://urllib3.readthedocs.io/en/latest/advanced-usage.html#tls-warnings
  warnings.warn(</msg>
<msg time="2024-03-31T07:12:49.780081" level="INFO">${response} = &lt;Response [200]&gt;</msg>
<var>${response}</var>
<arg>consultarAPI</arg>
<arg>/api</arg>
<doc>Sends a GET request on a previously created HTTP Session.</doc>
<status status="PASS" start="2024-03-31T07:12:49.682771" elapsed="0.097354"/>
</kw>
<kw name="Set Variable" owner="BuiltIn">
<msg time="2024-03-31T07:12:49.781372" level="INFO">${json_data} = {'results': [{'gender': 'male', 'name': {'title': 'Mr', 'first': 'Granislav', 'last': 'Beregoviy'}, 'location': {'street': {'number': 5143, 'name': 'Lomonosova'}, 'city': 'Bilgorod-Dnistrovskiy', 'sta...</msg>
<var>${json_data}</var>
<arg>${response.json()}</arg>
<doc>Returns the given values which can then be assigned to a variables.</doc>
<status status="PASS" start="2024-03-31T07:12:49.780789" elapsed="0.000613"/>
</kw>
<kw name="Log" owner="BuiltIn">
<msg time="2024-03-31T07:12:49.781942" level="INFO">{'results': [{'gender': 'male', 'name': {'title': 'Mr', 'first': 'Granislav', 'last': 'Beregoviy'}, 'location': {'street': {'number': 5143, 'name': 'Lomonosova'}, 'city': 'Bilgorod-Dnistrovskiy', 'state': 'Rivnenska', 'country': 'Ukraine', 'postcode': 71298, 'coordinates': {'latitude': '81.3457', 'longitude': '-85.8413'}, 'timezone': {'offset': '-12:00', 'description': 'Eniwetok, Kwajalein'}}, 'email': 'granislav.beregoviy@example.com', 'login': {'uuid': '400881aa-c59a-4fc4-9f64-c76bd5280a00', 'username': 'greenfish817', 'password': 'xxx123', 'salt': 'UwJN8Uru', 'md5': '54fa363dc6003fe57ad012eb40673e79', 'sha1': '5e845ed67326a872c138d649dae7df34eb5f5e8f', 'sha256': '5bb941dc2b09959b24123a2385b24f4a9ddb6fb6f723bda540374cdfa250d914'}, 'dob': {'date': '1971-11-21T20:50:41.326Z', 'age': 52}, 'registered': {'date': '2010-09-26T15:21:09.264Z', 'age': 13}, 'phone': '(098) I15-0600', 'cell': '(068) I65-3521', 'id': {'name': '', 'value': None}, 'picture': {'large': 'https://randomuser.me/api/portraits/men/70.jpg', 'medium': 'https://randomuser.me/api/portraits/med/men/70.jpg', 'thumbnail': 'https://randomuser.me/api/portraits/thumb/men/70.jpg'}, 'nat': 'UA'}], 'info': {'seed': '11791b2a47a0cf74', 'results': 1, 'page': 1, 'version': '1.4'}}</msg>
<arg>${json_data}</arg>
<doc>Logs the given message with the given level.</doc>
<status status="PASS" start="2024-03-31T07:12:49.781765" elapsed="0.000225"/>
</kw>
<kw name="Dictionary Should Contain Key" owner="Collections">
<msg time="2024-03-31T07:12:49.782456" level="INFO">False</msg>
<arg>${json_data}</arg>
<arg>results</arg>
<doc>Fails if ``key`` is not found from ``dictionary``.</doc>
<status status="PASS" start="2024-03-31T07:12:49.782294" elapsed="0.000200"/>
</kw>
<kw name="Should Not Be Empty" owner="BuiltIn">
<msg time="2024-03-31T07:12:49.782926" level="INFO">Length is 2.</msg>
<arg>${json_data}</arg>
<doc>Verifies that the given item is not empty.</doc>
<status status="PASS" start="2024-03-31T07:12:49.782793" elapsed="0.000172"/>
</kw>
<kw name="Create List" owner="BuiltIn">
<msg time="2024-03-31T07:12:49.783412" level="INFO">${expected_keys} = ['gender', 'name', 'location', 'email', 'login']</msg>
<var>${expected_keys}</var>
<arg>gender</arg>
<arg>name</arg>
<arg>location</arg>
<arg>email</arg>
<arg>login</arg>
<doc>Returns a list containing given items.</doc>
<status status="PASS" start="2024-03-31T07:12:49.783261" elapsed="0.000176"/>
</kw>
<for flavor="IN">
<iter>
<kw name="Dictionary Should Contain Key" owner="Collections">
<msg time="2024-03-31T07:12:49.784456" level="INFO">False</msg>
<arg>${json_data['results'][0]}</arg>
<arg>${key}</arg>
<doc>Fails if ``key`` is not found from ``dictionary``.</doc>
<status status="PASS" start="2024-03-31T07:12:49.784037" elapsed="0.000459"/>
</kw>
<kw name="Log" owner="BuiltIn">
<msg time="2024-03-31T07:12:49.785184" level="INFO">{'gender': 'male', 'name': {'title': 'Mr', 'first': 'Granislav', 'last': 'Beregoviy'}, 'location': {'street': {'number': 5143, 'name': 'Lomonosova'}, 'city': 'Bilgorod-Dnistrovskiy', 'state': 'Rivnenska', 'country': 'Ukraine', 'postcode': 71298, 'coordinates': {'latitude': '81.3457', 'longitude': '-85.8413'}, 'timezone': {'offset': '-12:00', 'description': 'Eniwetok, Kwajalein'}}, 'email': 'granislav.beregoviy@example.com', 'login': {'uuid': '400881aa-c59a-4fc4-9f64-c76bd5280a00', 'username': 'greenfish817', 'password': 'xxx123', 'salt': 'UwJN8Uru', 'md5': '54fa363dc6003fe57ad012eb40673e79', 'sha1': '5e845ed67326a872c138d649dae7df34eb5f5e8f', 'sha256': '5bb941dc2b09959b24123a2385b24f4a9ddb6fb6f723bda540374cdfa250d914'}, 'dob': {'date': '1971-11-21T20:50:41.326Z', 'age': 52}, 'registered': {'date': '2010-09-26T15:21:09.264Z', 'age': 13}, 'phone': '(098) I15-0600', 'cell': '(068) I65-3521', 'id': {'name': '', 'value': None}, 'picture': {'large': 'https://randomuser.me/api/portraits/men/70.jpg', 'medium': 'https://randomuser.me/api/portraits/med/men/70.jpg', 'thumbnail': 'https://randomuser.me/api/portraits/thumb/men/70.jpg'}, 'nat': 'UA'}</msg>
<arg>${json_data['results'][0]}</arg>
<doc>Logs the given message with the given level.</doc>
<status status="PASS" start="2024-03-31T07:12:49.784806" elapsed="0.000433"/>
</kw>
<kw name="Log" owner="BuiltIn">
<msg time="2024-03-31T07:12:49.785682" level="INFO">gender</msg>
<arg>${key}</arg>
<doc>Logs the given message with the given level.</doc>
<status status="PASS" start="2024-03-31T07:12:49.785548" elapsed="0.000194"/>
</kw>
<var name="${key}">gender</var>
<status status="PASS" start="2024-03-31T07:12:49.783909" elapsed="0.002065"/>
</iter>
<iter>
<kw name="Dictionary Should Contain Key" owner="Collections">
<msg time="2024-03-31T07:12:49.786675" level="INFO">False</msg>
<arg>${json_data['results'][0]}</arg>
<arg>${key}</arg>
<doc>Fails if ``key`` is not found from ``dictionary``.</doc>
<status status="PASS" start="2024-03-31T07:12:49.786285" elapsed="0.000429"/>
</kw>
<kw name="Log" owner="BuiltIn">
<msg time="2024-03-31T07:12:49.787412" level="INFO">{'gender': 'male', 'name': {'title': 'Mr', 'first': 'Granislav', 'last': 'Beregoviy'}, 'location': {'street': {'number': 5143, 'name': 'Lomonosova'}, 'city': 'Bilgorod-Dnistrovskiy', 'state': 'Rivnenska', 'country': 'Ukraine', 'postcode': 71298, 'coordinates': {'latitude': '81.3457', 'longitude': '-85.8413'}, 'timezone': {'offset': '-12:00', 'description': 'Eniwetok, Kwajalein'}}, 'email': 'granislav.beregoviy@example.com', 'login': {'uuid': '400881aa-c59a-4fc4-9f64-c76bd5280a00', 'username': 'greenfish817', 'password': 'xxx123', 'salt': 'UwJN8Uru', 'md5': '54fa363dc6003fe57ad012eb40673e79', 'sha1': '5e845ed67326a872c138d649dae7df34eb5f5e8f', 'sha256': '5bb941dc2b09959b24123a2385b24f4a9ddb6fb6f723bda540374cdfa250d914'}, 'dob': {'date': '1971-11-21T20:50:41.326Z', 'age': 52}, 'registered': {'date': '2010-09-26T15:21:09.264Z', 'age': 13}, 'phone': '(098) I15-0600', 'cell': '(068) I65-3521', 'id': {'name': '', 'value': None}, 'picture': {'large': 'https://randomuser.me/api/portraits/men/70.jpg', 'medium': 'https://randomuser.me/api/portraits/med/men/70.jpg', 'thumbnail': 'https://randomuser.me/api/portraits/thumb/men/70.jpg'}, 'nat': 'UA'}</msg>
<arg>${json_data['results'][0]}</arg>
<doc>Logs the given message with the given level.</doc>
<status status="PASS" start="2024-03-31T07:12:49.787047" elapsed="0.000413"/>
</kw>
<kw name="Log" owner="BuiltIn">
<msg time="2024-03-31T07:12:49.787888" level="INFO">name</msg>
<arg>${key}</arg>
<doc>Logs the given message with the given level.</doc>
<status status="PASS" start="2024-03-31T07:12:49.787759" elapsed="0.000167"/>
</kw>
<var name="${key}">name</var>
<status status="PASS" start="2024-03-31T07:12:49.786168" elapsed="0.001977"/>
</iter>
<iter>
<kw name="Dictionary Should Contain Key" owner="Collections">
<msg time="2024-03-31T07:12:49.788817" level="INFO">False</msg>
<arg>${json_data['results'][0]}</arg>
<arg>${key}</arg>
<doc>Fails if ``key`` is not found from ``dictionary``.</doc>
<status status="PASS" start="2024-03-31T07:12:49.788438" elapsed="0.000417"/>
</kw>
<kw name="Log" owner="BuiltIn">
<msg time="2024-03-31T07:12:49.789522" level="INFO">{'gender': 'male', 'name': {'title': 'Mr', 'first': 'Granislav', 'last': 'Beregoviy'}, 'location': {'street': {'number': 5143, 'name': 'Lomonosova'}, 'city': 'Bilgorod-Dnistrovskiy', 'state': 'Rivnenska', 'country': 'Ukraine', 'postcode': 71298, 'coordinates': {'latitude': '81.3457', 'longitude': '-85.8413'}, 'timezone': {'offset': '-12:00', 'description': 'Eniwetok, Kwajalein'}}, 'email': 'granislav.beregoviy@example.com', 'login': {'uuid': '400881aa-c59a-4fc4-9f64-c76bd5280a00', 'username': 'greenfish817', 'password': 'xxx123', 'salt': 'UwJN8Uru', 'md5': '54fa363dc6003fe57ad012eb40673e79', 'sha1': '5e845ed67326a872c138d649dae7df34eb5f5e8f', 'sha256': '5bb941dc2b09959b24123a2385b24f4a9ddb6fb6f723bda540374cdfa250d914'}, 'dob': {'date': '1971-11-21T20:50:41.326Z', 'age': 52}, 'registered': {'date': '2010-09-26T15:21:09.264Z', 'age': 13}, 'phone': '(098) I15-0600', 'cell': '(068) I65-3521', 'id': {'name': '', 'value': None}, 'picture': {'large': 'https://randomuser.me/api/portraits/men/70.jpg', 'medium': 'https://randomuser.me/api/portraits/med/men/70.jpg', 'thumbnail': 'https://randomuser.me/api/portraits/thumb/men/70.jpg'}, 'nat': 'UA'}</msg>
<arg>${json_data['results'][0]}</arg>
<doc>Logs the given message with the given level.</doc>
<status status="PASS" start="2024-03-31T07:12:49.789157" elapsed="0.000416"/>
</kw>
<kw name="Log" owner="BuiltIn">
<msg time="2024-03-31T07:12:49.790026" level="INFO">location</msg>
<arg>${key}</arg>
<doc>Logs the given message with the given level.</doc>
<status status="PASS" start="2024-03-31T07:12:49.789895" elapsed="0.000169"/>
</kw>
<var name="${key}">location</var>
<status status="PASS" start="2024-03-31T07:12:49.788326" elapsed="0.001958"/>
</iter>
<iter>
<kw name="Dictionary Should Contain Key" owner="Collections">
<msg time="2024-03-31T07:12:49.790946" level="INFO">False</msg>
<arg>${json_data['results'][0]}</arg>
<arg>${key}</arg>
<doc>Fails if ``key`` is not found from ``dictionary``.</doc>
<status status="PASS" start="2024-03-31T07:12:49.790570" elapsed="0.000414"/>
</kw>
<kw name="Log" owner="BuiltIn">
<msg time="2024-03-31T07:12:49.791640" level="INFO">{'gender': 'male', 'name': {'title': 'Mr', 'first': 'Granislav', 'last': 'Beregoviy'}, 'location': {'street': {'number': 5143, 'name': 'Lomonosova'}, 'city': 'Bilgorod-Dnistrovskiy', 'state': 'Rivnenska', 'country': 'Ukraine', 'postcode': 71298, 'coordinates': {'latitude': '81.3457', 'longitude': '-85.8413'}, 'timezone': {'offset': '-12:00', 'description': 'Eniwetok, Kwajalein'}}, 'email': 'granislav.beregoviy@example.com', 'login': {'uuid': '400881aa-c59a-4fc4-9f64-c76bd5280a00', 'username': 'greenfish817', 'password': 'xxx123', 'salt': 'UwJN8Uru', 'md5': '54fa363dc6003fe57ad012eb40673e79', 'sha1': '5e845ed67326a872c138d649dae7df34eb5f5e8f', 'sha256': '5bb941dc2b09959b24123a2385b24f4a9ddb6fb6f723bda540374cdfa250d914'}, 'dob': {'date': '1971-11-21T20:50:41.326Z', 'age': 52}, 'registered': {'date': '2010-09-26T15:21:09.264Z', 'age': 13}, 'phone': '(098) I15-0600', 'cell': '(068) I65-3521', 'id': {'name': '', 'value': None}, 'picture': {'large': 'https://randomuser.me/api/portraits/men/70.jpg', 'medium': 'https://randomuser.me/api/portraits/med/men/70.jpg', 'thumbnail': 'https://randomuser.me/api/portraits/thumb/men/70.jpg'}, 'nat': 'UA'}</msg>
<arg>${json_data['results'][0]}</arg>
<doc>Logs the given message with the given level.</doc>
<status status="PASS" start="2024-03-31T07:12:49.791286" elapsed="0.000401"/>
</kw>
<kw name="Log" owner="BuiltIn">
<msg time="2024-03-31T07:12:49.792107" level="INFO">email</msg>
<arg>${key}</arg>
<doc>Logs the given message with the given level.</doc>
<status status="PASS" start="2024-03-31T07:12:49.791980" elapsed="0.000164"/>
</kw>
<var name="${key}">email</var>
<status status="PASS" start="2024-03-31T07:12:49.790459" elapsed="0.001896"/>
</iter>
<iter>
<kw name="Dictionary Should Contain Key" owner="Collections">
<msg time="2024-03-31T07:12:49.793053" level="INFO">False</msg>
<arg>${json_data['results'][0]}</arg>
<arg>${key}</arg>
<doc>Fails if ``key`` is not found from ``dictionary``.</doc>
<status status="PASS" start="2024-03-31T07:12:49.792664" elapsed="0.000427"/>
</kw>
<kw name="Log" owner="BuiltIn">
<msg time="2024-03-31T07:12:49.793766" level="INFO">{'gender': 'male', 'name': {'title': 'Mr', 'first': 'Granislav', 'last': 'Beregoviy'}, 'location': {'street': {'number': 5143, 'name': 'Lomonosova'}, 'city': 'Bilgorod-Dnistrovskiy', 'state': 'Rivnenska', 'country': 'Ukraine', 'postcode': 71298, 'coordinates': {'latitude': '81.3457', 'longitude': '-85.8413'}, 'timezone': {'offset': '-12:00', 'description': 'Eniwetok, Kwajalein'}}, 'email': 'granislav.beregoviy@example.com', 'login': {'uuid': '400881aa-c59a-4fc4-9f64-c76bd5280a00', 'username': 'greenfish817', 'password': 'xxx123', 'salt': 'UwJN8Uru', 'md5': '54fa363dc6003fe57ad012eb40673e79', 'sha1': '5e845ed67326a872c138d649dae7df34eb5f5e8f', 'sha256': '5bb941dc2b09959b24123a2385b24f4a9ddb6fb6f723bda540374cdfa250d914'}, 'dob': {'date': '1971-11-21T20:50:41.326Z', 'age': 52}, 'registered': {'date': '2010-09-26T15:21:09.264Z', 'age': 13}, 'phone': '(098) I15-0600', 'cell': '(068) I65-3521', 'id': {'name': '', 'value': None}, 'picture': {'large': 'https://randomuser.me/api/portraits/men/70.jpg', 'medium': 'https://randomuser.me/api/portraits/med/men/70.jpg', 'thumbnail': 'https://randomuser.me/api/portraits/thumb/men/70.jpg'}, 'nat': 'UA'}</msg>
<arg>${json_data['results'][0]}</arg>
<doc>Logs the given message with the given level.</doc>
<status status="PASS" start="2024-03-31T07:12:49.793387" elapsed="0.000427"/>
</kw>
<kw name="Log" owner="BuiltIn">
<msg time="2024-03-31T07:12:49.794234" level="INFO">login</msg>
<arg>${key}</arg>
<doc>Logs the given message with the given level.</doc>
<status status="PASS" start="2024-03-31T07:12:49.794107" elapsed="0.000281"/>
</kw>
<var name="${key}">login</var>
<status status="PASS" start="2024-03-31T07:12:49.792533" elapsed="0.002103"/>
</iter>
<var>${key}</var>
<value>@{expected_keys}</value>
<status status="PASS" start="2024-03-31T07:12:49.783704" elapsed="0.011063"/>
</for>
<kw name="Create List" owner="BuiltIn">
<msg time="2024-03-31T07:12:49.795115" level="INFO">${expected_keysTwo} = ['username', 'password']</msg>
<var>${expected_keysTwo}</var>
<arg>username</arg>
<arg>password</arg>
<doc>Returns a list containing given items.</doc>
<status status="PASS" start="2024-03-31T07:12:49.794976" elapsed="0.000163"/>
</kw>
<for flavor="IN">
<iter>
<kw name="Dictionary Should Contain Key" owner="Collections">
<msg time="2024-03-31T07:12:49.796034" level="INFO">False</msg>
<arg>${json_data['results'][0]['login']}</arg>
<arg>${keyTwo}</arg>
<doc>Fails if ``key`` is not found from ``dictionary``.</doc>
<status status="PASS" start="2024-03-31T07:12:49.795643" elapsed="0.000429"/>
</kw>
<kw name="Dictionary Should Contain Key" owner="Collections">
<msg time="2024-03-31T07:12:49.796751" level="INFO">False</msg>
<arg>${json_data['results'][0]['login']}</arg>
<arg>${keyTwo}</arg>
<doc>Fails if ``key`` is not found from ``dictionary``.</doc>
<status status="PASS" start="2024-03-31T07:12:49.796369" elapsed="0.000419"/>
</kw>
<kw name="Log" owner="BuiltIn">
<msg time="2024-03-31T07:12:49.797213" level="INFO">username</msg>
<arg>${keyTwo}</arg>
<doc>Logs the given message with the given level.</doc>
<status status="PASS" start="2024-03-31T07:12:49.797085" elapsed="0.000166"/>
</kw>
<var name="${keyTwo}">username</var>
<status status="PASS" start="2024-03-31T07:12:49.795534" elapsed="0.001931"/>
</iter>
<iter>
<kw name="Dictionary Should Contain Key" owner="Collections">
<msg time="2024-03-31T07:12:49.798169" level="INFO">False</msg>
<arg>${json_data['results'][0]['login']}</arg>
<arg>${keyTwo}</arg>
<doc>Fails if ``key`` is not found from ``dictionary``.</doc>
<status status="PASS" start="2024-03-31T07:12:49.797773" elapsed="0.000434"/>
</kw>
<kw name="Dictionary Should Contain Key" owner="Collections">
<msg time="2024-03-31T07:12:49.798885" level="INFO">False</msg>
<arg>${json_data['results'][0]['login']}</arg>
<arg>${keyTwo}</arg>
<doc>Fails if ``key`` is not found from ``dictionary``.</doc>
<status status="PASS" start="2024-03-31T07:12:49.798499" elapsed="0.000423"/>
</kw>
<kw name="Log" owner="BuiltIn">
<msg time="2024-03-31T07:12:49.799343" level="INFO">password</msg>
<arg>${keyTwo}</arg>
<doc>Logs the given message with the given level.</doc>
<status status="PASS" start="2024-03-31T07:12:49.799215" elapsed="0.000166"/>
</kw>
<var name="${keyTwo}">password</var>
<status status="PASS" start="2024-03-31T07:12:49.797638" elapsed="0.001962"/>
</iter>
<var>${keyTwo}</var>
<value>@{expected_keysTwo}</value>
<status status="PASS" start="2024-03-31T07:12:49.795379" elapsed="0.004342"/>
</for>
<status status="PASS" start="2024-03-31T07:12:49.682519" elapsed="0.117347"/>
</kw>
<doc>Testa a estrutura da resposta da API.</doc>
<tag>testeEstruturaResposta</tag>
<status status="PASS" start="2024-03-31T07:12:49.681802" elapsed="0.118235"/>
</test>
<test id="s1-s1-t4" name="Validar tipos de dados" line="28">
<kw name="Teste de Tipos de Dados" owner="random-user-service">
<kw name="GET On Session" owner="RequestsLibrary">
<msg time="2024-03-31T07:12:49.868491" level="INFO">GET Request : url=https://randomuser.me/api 
 path_url=/api 
 headers={'User-Agent': 'python-requests/2.31.0', 'Accept-Encoding': 'gzip, deflate', 'Accept': '*/*', 'Connection': 'keep-alive'} 
 body=None 
 </msg>
<msg time="2024-03-31T07:12:49.868609" level="INFO">GET Response : url=https://randomuser.me/api 
 status=200, reason=OK 
 headers={'Date': 'Sun, 31 Mar 2024 07:12:49 GMT', 'Content-Type': 'application/json; charset=utf-8', 'Transfer-Encoding': 'chunked', 'Connection': 'keep-alive', 'X-Powered-By': 'Express', 'Access-Control-Allow-Origin': '*', 'Cache-Control': 'no-cache', 'ETag': 'W/"4a5-fF4xyNUp40wtJy0/2mGUhhpqaKY"', 'Vary': 'Accept-Encoding', 'Content-Encoding': 'gzip', 'CF-Cache-Status': 'DYNAMIC', 'Report-To': '{"endpoints":[{"url":"https:\\/\\/a.nel.cloudflare.com\\/report\\/v4?s=cc8G3QZ3VBtI8ChajE9jJaK0WULzaHo1JvPUHxU%2BXVAmiEXEbazhbbdrcZKpRkOu0cTFQ9BTF%2FGiM2LxuLG4z44CmeLCQnzFy3vdXX%2Fh1r0xJg0gap6vcMJp5aswuHKA"}],"group":"cf-nel","max_age":604800}', 'NEL': '{"success_fraction":0,"report_to":"cf-nel","max_age":604800}', 'Server': 'cloudflare', 'CF-RAY': '86ce88874c8b2094-IAD', 'alt-svc': 'h3=":443"; ma=86400'} 
 body={"results":[{"gender":"female","name":{"title":"Mrs","first":"Esparta","last":"Rivas"},"location":{"street":{"number":4800,"name":"Calzada Myanmar"},"city":"Colonia Campesina","state":"Estado de Mexico","country":"Mexico","postcode":81550,"coordinates":{"latitude":"29.5416","longitude":"107.6252"},"timezone":{"offset":"-1:00","description":"Azores, Cape Verde Islands"}},"email":"esparta.rivas@example.com","login":{"uuid":"5c867425-cbfa-4f4f-a36c-5888d199ff93","username":"smallgoose586","password":"goofy","salt":"Q8N0p8in","md5":"466197542a45466189eddc46937cab5d","sha1":"ee809561b8ce95e85d1f3769ac83a4cfb415df6c","sha256":"431e8330c431be18e8de840f6aae3021855c207ea28cc0f2546654a60c1e4939"},"dob":{"date":"1976-02-24T19:58:05.359Z","age":48},"registered":{"date":"2012-07-28T01:38:22.434Z","age":11},"phone":"(615) 599 5263","cell":"(615) 179 6675","id":{"name":"NSS","value":"86 22 93 5155 7"},"picture":{"large":"https://randomuser.me/api/portraits/women/83.jpg","medium":"https://randomuser.me/api/portraits/med/women/83.jpg","thumbnail":"https://randomuser.me/api/portraits/thumb/women/83.jpg"},"nat":"MX"}],"info":{"seed":"bf144f4ed88d3669","results":1,"page":1,"version":"1.4"}} 
 </msg>
<msg time="2024-03-31T07:12:49.868689" level="INFO">/opt/hostedtoolcache/Python/3.12.2/x64/lib/python3.12/site-packages/urllib3/connectionpool.py:1103: InsecureRequestWarning: Unverified HTTPS request is being made to host 'randomuser.me'. Adding certificate verification is strongly advised. See: https://urllib3.readthedocs.io/en/latest/advanced-usage.html#tls-warnings
  warnings.warn(</msg>
<msg time="2024-03-31T07:12:49.868839" level="INFO">${response} = &lt;Response [200]&gt;</msg>
<var>${response}</var>
<arg>consultarAPI</arg>
<arg>/api</arg>
<doc>Sends a GET request on a previously created HTTP Session.</doc>
<status status="PASS" start="2024-03-31T07:12:49.802621" elapsed="0.066256"/>
</kw>
<kw name="Set Variable" owner="BuiltIn">
<msg time="2024-03-31T07:12:49.870068" level="INFO">${json_data} = {'results': [{'gender': 'female', 'name': {'title': 'Mrs', 'first': 'Esparta', 'last': 'Rivas'}, 'location': {'street': {'number': 4800, 'name': 'Calzada Myanmar'}, 'city': 'Colonia Campesina', 'state...</msg>
<var>${json_data}</var>
<arg>${response.json()}</arg>
<doc>Returns the given values which can then be assigned to a variables.</doc>
<status status="PASS" start="2024-03-31T07:12:49.869442" elapsed="0.000656"/>
</kw>
<kw name="Log" owner="BuiltIn">
<msg time="2024-03-31T07:12:49.870662" level="INFO">{'results': [{'gender': 'female', 'name': {'title': 'Mrs', 'first': 'Esparta', 'last': 'Rivas'}, 'location': {'street': {'number': 4800, 'name': 'Calzada Myanmar'}, 'city': 'Colonia Campesina', 'state': 'Estado de Mexico', 'country': 'Mexico', 'postcode': 81550, 'coordinates': {'latitude': '29.5416', 'longitude': '107.6252'}, 'timezone': {'offset': '-1:00', 'description': 'Azores, Cape Verde Islands'}}, 'email': 'esparta.rivas@example.com', 'login': {'uuid': '5c867425-cbfa-4f4f-a36c-5888d199ff93', 'username': 'smallgoose586', 'password': 'goofy', 'salt': 'Q8N0p8in', 'md5': '466197542a45466189eddc46937cab5d', 'sha1': 'ee809561b8ce95e85d1f3769ac83a4cfb415df6c', 'sha256': '431e8330c431be18e8de840f6aae3021855c207ea28cc0f2546654a60c1e4939'}, 'dob': {'date': '1976-02-24T19:58:05.359Z', 'age': 48}, 'registered': {'date': '2012-07-28T01:38:22.434Z', 'age': 11}, 'phone': '(615) 599 5263', 'cell': '(615) 179 6675', 'id': {'name': 'NSS', 'value': '86 22 93 5155 7'}, 'picture': {'large': 'https://randomuser.me/api/portraits/women/83.jpg', 'medium': 'https://randomuser.me/api/portraits/med/women/83.jpg', 'thumbnail': 'https://randomuser.me/api/portraits/thumb/women/83.jpg'}, 'nat': 'MX'}], 'info': {'seed': 'bf144f4ed88d3669', 'results': 1, 'page': 1, 'version': '1.4'}}</msg>
<arg>${json_data}</arg>
<doc>Logs the given message with the given level.</doc>
<status status="PASS" start="2024-03-31T07:12:49.870481" elapsed="0.000274"/>
</kw>
<kw name="Should Be String" owner="String">
<arg>${json_data['results'][0]['gender']}</arg>
<doc>Fails if the given ``item`` is not a string.</doc>
<status status="PASS" start="2024-03-31T07:12:49.871091" elapsed="0.000397"/>
</kw>
<kw name="Should Match Regexp" owner="BuiltIn">
<arg>${json_data['results'][0]['email']}</arg>
<arg>^[a-zA-Z0-9._%+-]+@[a-zA-Z0-9.-]+\.[a-zA-Z]{2,}$</arg>
<doc>Fails if ``string`` does not match ``pattern`` as a regular expression.</doc>
<status status="PASS" start="2024-03-31T07:12:49.871694" elapsed="0.000544"/>
</kw>
<kw name="Should Match Regexp" owner="BuiltIn">
<arg>${json_data['results'][0]['dob']['date']}</arg>
<arg>\\d{4}-\\d{2}-\\d{2}T\\d{2}:\\d{2}:\\d{2}\\.\\d{3}Z</arg>
<doc>Fails if ``string`` does not match ``pattern`` as a regular expression.</doc>
<status status="PASS" start="2024-03-31T07:12:49.872443" elapsed="0.000510"/>
</kw>
<kw name="Should Match Regexp" owner="BuiltIn">
<arg>${json_data['results'][0]['registered']['date']}</arg>
<arg>\\d{4}-\\d{2}-\\d{2}T\\d{2}:\\d{2}:\\d{2}\\.\\d{3}Z</arg>
<doc>Fails if ``string`` does not match ``pattern`` as a regular expression.</doc>
<status status="PASS" start="2024-03-31T07:12:49.873152" elapsed="0.000383"/>
</kw>
<kw name="Should Match Regexp" owner="BuiltIn">
<arg>${json_data['results'][0]['picture']['large']}</arg>
<arg>^https?://.*\.(?:png|jpe?g|gif|bmp)$</arg>
<doc>Fails if ``string`` does not match ``pattern`` as a regular expression.</doc>
<status status="PASS" start="2024-03-31T07:12:49.873749" elapsed="0.000471"/>
</kw>
<kw name="Should Match Regexp" owner="BuiltIn">
<arg>${json_data['results'][0]['picture']['medium']}</arg>
<arg>^https?://.*\.(?:png|jpe?g|gif|bmp)$</arg>
<doc>Fails if ``string`` does not match ``pattern`` as a regular expression.</doc>
<status status="PASS" start="2024-03-31T07:12:49.874413" elapsed="0.000362"/>
</kw>
<kw name="Should Match Regexp" owner="BuiltIn">
<arg>${json_data['results'][0]['picture']['thumbnail']}</arg>
<arg>^https?://.*\.(?:png|jpe?g|gif|bmp)$</arg>
<doc>Fails if ``string`` does not match ``pattern`` as a regular expression.</doc>
<status status="PASS" start="2024-03-31T07:12:49.874961" elapsed="0.000355"/>
</kw>
<kw name="Log" owner="BuiltIn">
<msg time="2024-03-31T07:12:49.875835" level="INFO">{'large': 'https://randomuser.me/api/portraits/women/83.jpg', 'medium': 'https://randomuser.me/api/portraits/med/women/83.jpg', 'thumbnail': 'https://randomuser.me/api/portraits/thumb/women/83.jpg'}</msg>
<arg>${json_data['results'][0]['picture']}</arg>
<doc>Logs the given message with the given level.</doc>
<status status="PASS" start="2024-03-31T07:12:49.875500" elapsed="0.000382"/>
</kw>
<status status="PASS" start="2024-03-31T07:12:49.802382" elapsed="0.073768"/>
</kw>
<kw name="Teste de Tipos de Dados - Postcode" owner="random-user-service">
<kw name="GET On Session" owner="RequestsLibrary">
<msg time="2024-03-31T07:12:49.972632" level="INFO">GET Request : url=https://randomuser.me/api 
 path_url=/api 
 headers={'User-Agent': 'python-requests/2.31.0', 'Accept-Encoding': 'gzip, deflate', 'Accept': '*/*', 'Connection': 'keep-alive'} 
 body=None 
 </msg>
<msg time="2024-03-31T07:12:49.972748" level="INFO">GET Response : url=https://randomuser.me/api 
 status=200, reason=OK 
 headers={'Date': 'Sun, 31 Mar 2024 07:12:49 GMT', 'Content-Type': 'application/json; charset=utf-8', 'Transfer-Encoding': 'chunked', 'Connection': 'keep-alive', 'X-Powered-By': 'Express', 'Access-Control-Allow-Origin': '*', 'Cache-Control': 'no-cache', 'ETag': 'W/"4a7-nhcl40LiiveyblJ7swww2MtGuFI"', 'Vary': 'Accept-Encoding', 'Content-Encoding': 'gzip', 'CF-Cache-Status': 'DYNAMIC', 'Report-To': '{"endpoints":[{"url":"https:\\/\\/a.nel.cloudflare.com\\/report\\/v4?s=5D3ETmtWqG5OhmlCJO0%2Fq%2BPR%2B8vEXysUiUEKSTDMf2ynqkBoFNlovRBj5UFHqepCSaRfzQmmlwlNwK9fYqZglpliWJez6Lp0g3Jhgs0SZXXyqsAKcri34u9Eje3LDMJc"}],"group":"cf-nel","max_age":604800}', 'NEL': '{"success_fraction":0,"report_to":"cf-nel","max_age":604800}', 'Server': 'cloudflare', 'CF-RAY': '86ce8887bceb2094-IAD', 'alt-svc': 'h3=":443"; ma=86400'} 
 body={"results":[{"gender":"female","name":{"title":"Miss","first":"Carolyn","last":"Franklin"},"location":{"street":{"number":3783,"name":"Wycliff Ave"},"city":"Cambridge","state":"Nebraska","country":"United States","postcode":82622,"coordinates":{"latitude":"86.2307","longitude":"61.0571"},"timezone":{"offset":"-5:00","description":"Eastern Time (US &amp; Canada), Bogota, Lima"}},"email":"carolyn.franklin@example.com","login":{"uuid":"24236f28-ce40-4c58-ad5e-7ecde70a2397","username":"tinyladybug932","password":"ffff","salt":"6raWxF4Y","md5":"87e3f12b1a7137ace5a894895ca9301d","sha1":"9409b2c24cf69b1bdf1ff4edf21a5beeecf32ba5","sha256":"040f6c6ea58fb45f7b0c639a9cdcab330b992f4a9dd53d91e87bdae209fd2db5"},"dob":{"date":"1988-06-02T15:22:15.737Z","age":35},"registered":{"date":"2019-11-11T00:18:10.505Z","age":4},"phone":"(506) 325-4245","cell":"(324) 539-1952","id":{"name":"SSN","value":"655-93-1411"},"picture":{"large":"https://randomuser.me/api/portraits/women/88.jpg","medium":"https://randomuser.me/api/portraits/med/women/88.jpg","thumbnail":"https://randomuser.me/api/portraits/thumb/women/88.jpg"},"nat":"US"}],"info":{"seed":"d55a4f18f06b8473","results":1,"page":1,"version":"1.4"}} 
 </msg>
<msg time="2024-03-31T07:12:49.972857" level="INFO">/opt/hostedtoolcache/Python/3.12.2/x64/lib/python3.12/site-packages/urllib3/connectionpool.py:1103: InsecureRequestWarning: Unverified HTTPS request is being made to host 'randomuser.me'. Adding certificate verification is strongly advised. See: https://urllib3.readthedocs.io/en/latest/advanced-usage.html#tls-warnings
  warnings.warn(</msg>
<msg time="2024-03-31T07:12:49.973014" level="INFO">${response} = &lt;Response [200]&gt;</msg>
<var>${response}</var>
<arg>consultarAPI</arg>
<arg>/api</arg>
<doc>Sends a GET request on a previously created HTTP Session.</doc>
<status status="PASS" start="2024-03-31T07:12:49.876785" elapsed="0.096273"/>
</kw>
<kw name="Set Variable" owner="BuiltIn">
<msg time="2024-03-31T07:12:49.974154" level="INFO">${json_data} = {'results': [{'gender': 'female', 'name': {'title': 'Miss', 'first': 'Carolyn', 'last': 'Franklin'}, 'location': {'street': {'number': 3783, 'name': 'Wycliff Ave'}, 'city': 'Cambridge', 'state': 'Nebr...</msg>
<var>${json_data}</var>
<arg>${response.json()}</arg>
<doc>Returns the given values which can then be assigned to a variables.</doc>
<status status="PASS" start="2024-03-31T07:12:49.973594" elapsed="0.000589"/>
</kw>
<kw name="Log" owner="BuiltIn">
<msg time="2024-03-31T07:12:49.974672" level="INFO">{'results': [{'gender': 'female', 'name': {'title': 'Miss', 'first': 'Carolyn', 'last': 'Franklin'}, 'location': {'street': {'number': 3783, 'name': 'Wycliff Ave'}, 'city': 'Cambridge', 'state': 'Nebraska', 'country': 'United States', 'postcode': 82622, 'coordinates': {'latitude': '86.2307', 'longitude': '61.0571'}, 'timezone': {'offset': '-5:00', 'description': 'Eastern Time (US &amp; Canada), Bogota, Lima'}}, 'email': 'carolyn.franklin@example.com', 'login': {'uuid': '24236f28-ce40-4c58-ad5e-7ecde70a2397', 'username': 'tinyladybug932', 'password': 'ffff', 'salt': '6raWxF4Y', 'md5': '87e3f12b1a7137ace5a894895ca9301d', 'sha1': '9409b2c24cf69b1bdf1ff4edf21a5beeecf32ba5', 'sha256': '040f6c6ea58fb45f7b0c639a9cdcab330b992f4a9dd53d91e87bdae209fd2db5'}, 'dob': {'date': '1988-06-02T15:22:15.737Z', 'age': 35}, 'registered': {'date': '2019-11-11T00:18:10.505Z', 'age': 4}, 'phone': '(506) 325-4245', 'cell': '(324) 539-1952', 'id': {'name': 'SSN', 'value': '655-93-1411'}, 'picture': {'large': 'https://randomuser.me/api/portraits/women/88.jpg', 'medium': 'https://randomuser.me/api/portraits/med/women/88.jpg', 'thumbnail': 'https://randomuser.me/api/portraits/thumb/women/88.jpg'}, 'nat': 'US'}], 'info': {'seed': 'd55a4f18f06b8473', 'results': 1, 'page': 1, 'version': '1.4'}}</msg>
<arg>${json_data}</arg>
<doc>Logs the given message with the given level.</doc>
<status status="PASS" start="2024-03-31T07:12:49.974508" elapsed="0.000248"/>
</kw>
<kw name="Should Be Equal As Numbers" owner="BuiltIn">
<arg>${json_data['results'][0]['location']['postcode']}</arg>
<arg>${json_data['results'][0]['location']['postcode']}</arg>
<doc>Fails if objects are unequal after converting them to real numbers.</doc>
<status status="PASS" start="2024-03-31T07:12:49.975063" elapsed="0.000640"/>
</kw>
<kw name="Log" owner="BuiltIn">
<msg time="2024-03-31T07:12:49.976235" level="INFO">82622</msg>
<arg>${json_data['results'][0]['location']['postcode']}</arg>
<doc>Logs the given message with the given level.</doc>
<status status="PASS" start="2024-03-31T07:12:49.975899" elapsed="0.000378"/>
</kw>
<status status="PASS" start="2024-03-31T07:12:49.876386" elapsed="0.100150"/>
</kw>
<doc>Testa se os tipos de dados na resposta da API estão corretos.</doc>
<tag>testeTiposDados</tag>
<status status="PASS" start="2024-03-31T07:12:49.801878" elapsed="0.174835"/>
</test>
<test id="s1-s1-t5" name="Validar conteudo" line="35">
<kw name="Teste de Tipos de Conteudo" owner="random-user-service">
<kw name="GET On Session" owner="RequestsLibrary">
<msg time="2024-03-31T07:12:50.093100" level="INFO">GET Request : url=https://randomuser.me/api 
 path_url=/api 
 headers={'User-Agent': 'python-requests/2.31.0', 'Accept-Encoding': 'gzip, deflate', 'Accept': '*/*', 'Connection': 'keep-alive'} 
 body=None 
 </msg>
<msg time="2024-03-31T07:12:50.093213" level="INFO">GET Response : url=https://randomuser.me/api 
 status=200, reason=OK 
 headers={'Date': 'Sun, 31 Mar 2024 07:12:50 GMT', 'Content-Type': 'application/json; charset=utf-8', 'Transfer-Encoding': 'chunked', 'Connection': 'keep-alive', 'X-Powered-By': 'Express', 'Access-Control-Allow-Origin': '*', 'Cache-Control': 'no-cache', 'ETag': 'W/"47f-KCbNfRxxsRvv9tjGK18U+upyihM"', 'Vary': 'Accept-Encoding', 'Content-Encoding': 'gzip', 'CF-Cache-Status': 'DYNAMIC', 'Report-To': '{"endpoints":[{"url":"https:\\/\\/a.nel.cloudflare.com\\/report\\/v4?s=MkvalFOTIqp6uhYz2AHrgjw00JIHscygsFQii106a6y3xjxHbeAxyGy30L3WZAqwhV3JgYQqBSo8x2%2BBcV1Q3ZIq6%2Bd3%2FV2gcAByBUI%2FmHJ0kf9FbcbyA%2BqDorPCOJeN"}],"group":"cf-nel","max_age":604800}', 'NEL': '{"success_fraction":0,"report_to":"cf-nel","max_age":604800}', 'Server': 'cloudflare', 'CF-RAY': '86ce88886d6c2094-IAD', 'alt-svc': 'h3=":443"; ma=86400'} 
 body={"results":[{"gender":"male","name":{"title":"Mr","first":"Leo","last":"Turner"},"location":{"street":{"number":8417,"name":"Wellesley Street"},"city":"Greymouth","state":"Otago","country":"New Zealand","postcode":89259,"coordinates":{"latitude":"47.9939","longitude":"-124.9791"},"timezone":{"offset":"+8:00","description":"Beijing, Perth, Singapore, Hong Kong"}},"email":"leo.turner@example.com","login":{"uuid":"9cddf39e-c067-4cd3-8912-76a3cda689ef","username":"bigcat526","password":"mdogg","salt":"XazEWYpH","md5":"f3f83bb3b24407d988e002afac5c2728","sha1":"fe8b2c6289b01d3cc602d16500ebfda3987e8b7b","sha256":"b239589e4779457011b0f6b8faf999faa22278a284e1888b40b74f60f523e5b9"},"dob":{"date":"1968-05-17T14:51:38.553Z","age":55},"registered":{"date":"2015-10-09T01:39:33.723Z","age":8},"phone":"(786)-355-9983","cell":"(479)-480-2007","id":{"name":"","value":null},"picture":{"large":"https://randomuser.me/api/portraits/men/22.jpg","medium":"https://randomuser.me/api/portraits/med/men/22.jpg","thumbnail":"https://randomuser.me/api/portraits/thumb/men/22.jpg"},"nat":"NZ"}],"info":{"seed":"faf8ce3ba62cfdab","results":1,"page":1,"version":"1.4"}} 
 </msg>
<msg time="2024-03-31T07:12:50.093286" level="INFO">/opt/hostedtoolcache/Python/3.12.2/x64/lib/python3.12/site-packages/urllib3/connectionpool.py:1103: InsecureRequestWarning: Unverified HTTPS request is being made to host 'randomuser.me'. Adding certificate verification is strongly advised. See: https://urllib3.readthedocs.io/en/latest/advanced-usage.html#tls-warnings
  warnings.warn(</msg>
<msg time="2024-03-31T07:12:50.093408" level="INFO">${response} = &lt;Response [200]&gt;</msg>
<var>${response}</var>
<arg>consultarAPI</arg>
<arg>/api</arg>
<doc>Sends a GET request on a previously created HTTP Session.</doc>
<status status="PASS" start="2024-03-31T07:12:49.979288" elapsed="0.114153"/>
</kw>
<kw name="Set Variable" owner="BuiltIn">
<msg time="2024-03-31T07:12:50.094559" level="INFO">${json_data} = {'results': [{'gender': 'male', 'name': {'title': 'Mr', 'first': 'Leo', 'last': 'Turner'}, 'location': {'street': {'number': 8417, 'name': 'Wellesley Street'}, 'city': 'Greymouth', 'state': 'Otago', '...</msg>
<var>${json_data}</var>
<arg>${response.json()}</arg>
<doc>Returns the given values which can then be assigned to a variables.</doc>
<status status="PASS" start="2024-03-31T07:12:50.094006" elapsed="0.000581"/>
</kw>
<kw name="Set Variable" owner="BuiltIn">
<msg time="2024-03-31T07:12:50.095277" level="INFO">${name_title} = Mr</msg>
<var>${name_title}</var>
<arg>${json_data["results"][0]["name"]["title"]}</arg>
<doc>Returns the given values which can then be assigned to a variables.</doc>
<status status="PASS" start="2024-03-31T07:12:50.094897" elapsed="0.000405"/>
</kw>
<kw name="Create List" owner="BuiltIn">
<msg time="2024-03-31T07:12:50.095750" level="INFO">${allowed_titles} = ['Mr', 'Ms', 'Miss', 'Mrs', 'Madame', 'Monsieur']</msg>
<var>${allowed_titles}</var>
<arg>Mr</arg>
<arg>Ms</arg>
<arg>Miss</arg>
<arg>Mrs</arg>
<arg>Madame</arg>
<arg>Monsieur</arg>
<doc>Returns a list containing given items.</doc>
<status status="PASS" start="2024-03-31T07:12:50.095600" elapsed="0.000173"/>
</kw>
<kw name="List Should Contain Value" owner="Collections">
<msg time="2024-03-31T07:12:50.096252" level="INFO">False</msg>
<arg>${allowed_titles}</arg>
<arg>${name_title}</arg>
<doc>Fails if the ``value`` is not found from ``list``.</doc>
<status status="PASS" start="2024-03-31T07:12:50.096076" elapsed="0.000212"/>
</kw>
<kw name="Set Variable" owner="BuiltIn">
<msg time="2024-03-31T07:12:50.096951" level="INFO">${name_country} = NZ</msg>
<var>${name_country}</var>
<arg>${json_data["results"][0]["nat"]}</arg>
<doc>Returns the given values which can then be assigned to a variables.</doc>
<status status="PASS" start="2024-03-31T07:12:50.096576" elapsed="0.000401"/>
</kw>
<kw name="Create List" owner="BuiltIn">
<msg time="2024-03-31T07:12:50.097926" level="INFO">${list_country} = ['AD', 'AE', 'AF', 'AG', 'AI', 'AL', 'AM', 'AO', 'AQ', 'AR', 'AS', 'AT', 'AU', 'AW', 'AX', 'AZ', 'BA', 'BB', 'BD', 'BE', 'BF', 'BG', 'BH', 'BI', 'BJ', 'BL', 'BM', 'BN', 'BO', 'BQ', 'BR', 'BS', 'BT', '...</msg>
<var>${list_country}</var>
<arg>AD</arg>
<arg>AE</arg>
<arg>AF</arg>
<arg>AG</arg>
<arg>AI</arg>
<arg>AL</arg>
<arg>AM</arg>
<arg>AO</arg>
<arg>AQ</arg>
<arg>AR</arg>
<arg>AS</arg>
<arg>AT</arg>
<arg>AU</arg>
<arg>AW</arg>
<arg>AX</arg>
<arg>AZ</arg>
<arg>BA</arg>
<arg>BB</arg>
<arg>BD</arg>
<arg>BE</arg>
<arg>BF</arg>
<arg>BG</arg>
<arg>BH</arg>
<arg>BI</arg>
<arg>BJ</arg>
<arg>BL</arg>
<arg>BM</arg>
<arg>BN</arg>
<arg>BO</arg>
<arg>BQ</arg>
<arg>BR</arg>
<arg>BS</arg>
<arg>BT</arg>
<arg>BV</arg>
<arg>BW</arg>
<arg>BY</arg>
<arg>BZ</arg>
<arg>CA</arg>
<arg>CC</arg>
<arg>CD</arg>
<arg>CF</arg>
<arg>CG</arg>
<arg>CH</arg>
<arg>CI</arg>
<arg>CK</arg>
<arg>CL</arg>
<arg>CM</arg>
<arg>CN</arg>
<arg>CO</arg>
<arg>CR</arg>
<arg>CU</arg>
<arg>CV</arg>
<arg>CW</arg>
<arg>CX</arg>
<arg>CY</arg>
<arg>CZ</arg>
<arg>DE</arg>
<arg>DJ</arg>
<arg>DK</arg>
<arg>DM</arg>
<arg>DO</arg>
<arg>DZ</arg>
<arg>EC</arg>
<arg>EE</arg>
<arg>EG</arg>
<arg>EH</arg>
<arg>ER</arg>
<arg>ES</arg>
<arg>ET</arg>
<arg>FI</arg>
<arg>FJ</arg>
<arg>FK</arg>
<arg>FM</arg>
<arg>FO</arg>
<arg>FR</arg>
<arg>GA</arg>
<arg>GB</arg>
<arg>GD</arg>
<arg>GE</arg>
<arg>GF</arg>
<arg>GG</arg>
<arg>GH</arg>
<arg>GI</arg>
<arg>GL</arg>
<arg>GM</arg>
<arg>GN</arg>
<arg>GP</arg>
<arg>GQ</arg>
<arg>GR</arg>
<arg>GS</arg>
<arg>GT</arg>
<arg>GU</arg>
<arg>GW</arg>
<arg>GY</arg>
<arg>HK</arg>
<arg>HM</arg>
<arg>HN</arg>
<arg>HR</arg>
<arg>HT</arg>
<arg>HU</arg>
<arg>ID</arg>
<arg>IE</arg>
<arg>IL</arg>
<arg>IM</arg>
<arg>IN</arg>
<arg>IO</arg>
<arg>IQ</arg>
<arg>IR</arg>
<arg>IS</arg>
<arg>IT</arg>
<arg>JE</arg>
<arg>JM</arg>
<arg>JO</arg>
<arg>JP</arg>
<arg>KE</arg>
<arg>KG</arg>
<arg>KH</arg>
<arg>KI</arg>
<arg>KM</arg>
<arg>KN</arg>
<arg>KP</arg>
<arg>KR</arg>
<arg>KW</arg>
<arg>KY</arg>
<arg>KZ</arg>
<arg>LA</arg>
<arg>LB</arg>
<arg>LC</arg>
<arg>LI</arg>
<arg>LK</arg>
<arg>LR</arg>
<arg>LS</arg>
<arg>LT</arg>
<arg>LU</arg>
<arg>LV</arg>
<arg>LY</arg>
<arg>MA</arg>
<arg>MC</arg>
<arg>MD</arg>
<arg>ME</arg>
<arg>MF</arg>
<arg>MG</arg>
<arg>MH</arg>
<arg>MK</arg>
<arg>ML</arg>
<arg>MM</arg>
<arg>MN</arg>
<arg>MO</arg>
<arg>MP</arg>
<arg>MQ</arg>
<arg>MR</arg>
<arg>MS</arg>
<arg>MT</arg>
<arg>MU</arg>
<arg>MV</arg>
<arg>MW</arg>
<arg>MX</arg>
<arg>MY</arg>
<arg>MZ</arg>
<arg>NA</arg>
<arg>NC</arg>
<arg>NE</arg>
<arg>NF</arg>
<arg>NG</arg>
<arg>NI</arg>
<arg>NL</arg>
<arg>NO</arg>
<arg>NP</arg>
<arg>NR</arg>
<arg>NU</arg>
<arg>NZ</arg>
<arg>OM</arg>
<arg>PA</arg>
<arg>PE</arg>
<arg>PF</arg>
<arg>PG</arg>
<arg>PH</arg>
<arg>PK</arg>
<arg>PL</arg>
<arg>PM</arg>
<arg>PN</arg>
<arg>PR</arg>
<arg>PS</arg>
<arg>PT</arg>
<arg>PW</arg>
<arg>PY</arg>
<arg>QA</arg>
<arg>RE</arg>
<arg>RO</arg>
<arg>RS</arg>
<arg>RU</arg>
<arg>RW</arg>
<arg>SA</arg>
<arg>SB</arg>
<arg>SC</arg>
<arg>SD</arg>
<arg>SE</arg>
<arg>SG</arg>
<arg>SH</arg>
<arg>SI</arg>
<arg>SJ</arg>
<arg>SK</arg>
<arg>SL</arg>
<arg>SM</arg>
<arg>SN</arg>
<arg>SO</arg>
<arg>SR</arg>
<arg>SS</arg>
<arg>ST</arg>
<arg>SV</arg>
<arg>SX</arg>
<arg>SY</arg>
<arg>SZ</arg>
<arg>TC</arg>
<arg>TD</arg>
<arg>TF</arg>
<arg>TG</arg>
<arg>TH</arg>
<arg>TJ</arg>
<arg>TK</arg>
<arg>TL</arg>
<arg>TM</arg>
<arg>TN</arg>
<arg>TO</arg>
<arg>TR</arg>
<arg>TT</arg>
<arg>TV</arg>
<arg>TW</arg>
<arg>TZ</arg>
<arg>UA</arg>
<arg>UG</arg>
<arg>UM</arg>
<arg>US</arg>
<arg>UY</arg>
<arg>UZ</arg>
<arg>VA</arg>
<arg>VC</arg>
<arg>VE</arg>
<arg>VG</arg>
<arg>VI</arg>
<arg>VN</arg>
<arg>VU</arg>
<arg>WF</arg>
<arg>WS</arg>
<arg>XK</arg>
<arg>YE</arg>
<arg>YT</arg>
<arg>ZA</arg>
<arg>ZM</arg>
<arg>ZW</arg>
<doc>Returns a list containing given items.</doc>
<status status="PASS" start="2024-03-31T07:12:50.097284" elapsed="0.000667"/>
</kw>
<kw name="List Should Contain Value" owner="Collections">
<msg time="2024-03-31T07:12:50.099089" level="INFO">False</msg>
<arg>${list_country}</arg>
<arg>${name_country}</arg>
<doc>Fails if the ``value`` is not found from ``list``.</doc>
<status status="PASS" start="2024-03-31T07:12:50.098882" elapsed="0.000244"/>
</kw>
<kw name="Run Keyword If" owner="BuiltIn">
<kw name="Should Be True" owner="BuiltIn">
<arg>${True}</arg>
<doc>Fails if the given condition is not true.</doc>
<status status="PASS" start="2024-03-31T07:12:50.100233" elapsed="0.000149"/>
</kw>
<arg>${json_data["results"][0]["location"]["coordinates"]["latitude"]} &gt;= -90 and ${json_data["results"][0]["location"]["coordinates"]["latitude"]} &lt;= 90</arg>
<arg>Should Be True</arg>
<arg>${True}</arg>
<doc>Runs the given keyword with the given arguments, if ``condition`` is true.</doc>
<status status="PASS" start="2024-03-31T07:12:50.099445" elapsed="0.001065"/>
</kw>
<kw name="Run Keyword If" owner="BuiltIn">
<kw name="Should Be True" owner="BuiltIn">
<arg>${True}</arg>
<doc>Fails if the given condition is not true.</doc>
<status status="PASS" start="2024-03-31T07:12:50.101390" elapsed="0.000138"/>
</kw>
<arg>${json_data["results"][0]["location"]["coordinates"]["longitude"]} &gt;= -180 and ${json_data["results"][0]["location"]["coordinates"]["longitude"]} &lt;= 180</arg>
<arg>Should Be True</arg>
<arg>${True}</arg>
<doc>Runs the given keyword with the given arguments, if ``condition`` is true.</doc>
<status status="PASS" start="2024-03-31T07:12:50.100695" elapsed="0.000957"/>
</kw>
<status status="PASS" start="2024-03-31T07:12:49.979055" elapsed="0.122755"/>
</kw>
<doc>Testa o conteúdo específico dos campos retornados pela API.</doc>
<tag>testeConteudo</tag>
<status status="PASS" start="2024-03-31T07:12:49.978578" elapsed="0.123391"/>
</test>
<status status="PASS" start="2024-03-31T07:12:49.273740" elapsed="0.830196"/>
</suite>
<status status="PASS" start="2024-03-31T07:12:49.259913" elapsed="0.849445"/>
</suite>
<statistics>
<total>
<stat pass="5" fail="0" skip="0">All Tests</stat>
</total>
<tag>
<stat pass="1" fail="0" skip="0">testeConteudo</stat>
<stat pass="1" fail="0" skip="0">testeEstruturaResposta</stat>
<stat pass="1" fail="0" skip="0">testeRequisicaoBasica</stat>
<stat pass="1" fail="0" skip="0">testeTiposDados</stat>
</tag>
<suite>
<stat pass="5" fail="0" skip="0" id="s1" name="Tests">Tests</stat>
<stat pass="5" fail="0" skip="0" id="s1-s1" name="Random-User-Test">Tests.Random-User-Test</stat>
</suite>
</statistics>
<errors>
</errors>
</robot>
