<?xml version="1.0" encoding="UTF-8"?>
<robot generator="Robot 7.0.1 (Python 3.12.4 on linux)" generated="2024-07-13T03:16:06.035586" rpa="false" schemaversion="5">
<suite id="s1" name="Tests" source="/home/runner/work/ApiRandomUser/ApiRandomUser/RamdonUser/tests">
<suite id="s1-s1" name="Random-User-Test" source="/home/runner/work/ApiRandomUser/ApiRandomUser/RamdonUser/tests/random-user-test.robot">
<test id="s1-s1-t1" name="Conectar" line="13">
<kw name="Conectar API" owner="random-user-service">
<kw name="Create Session" owner="RequestsLibrary">
<msg time="2024-07-13T03:16:06.421254" level="INFO">Creating Session using : alias=consultarAPI, url=https://randomuser.me/, headers={},                     cookies={}, auth=None, timeout=None, proxies=None, verify=False,                     debug=0 </msg>
<arg>consultarAPI</arg>
<arg>${URL}</arg>
<doc>Create Session: create a HTTP session to a server</doc>
<status status="PASS" start="2024-07-13T03:16:06.421060" elapsed="0.000353"/>
</kw>
<status status="PASS" start="2024-07-13T03:16:06.420139" elapsed="0.001617"/>
</kw>
<status status="PASS" start="2024-07-13T03:16:06.419554" elapsed="0.002389"/>
</test>
<test id="s1-s1-t2" name="Validar retorno 200 e JSON Válido" line="16">
<kw name="Teste de Requisicao Basica" owner="random-user-service">
<kw name="GET On Session" owner="RequestsLibrary">
<msg time="2024-07-13T03:16:06.609326" level="INFO">GET Request : url=https://randomuser.me/api 
 path_url=/api 
 headers={'User-Agent': 'python-requests/2.32.3', 'Accept-Encoding': 'gzip, deflate', 'Accept': '*/*', 'Connection': 'keep-alive'} 
 body=None 
 </msg>
<msg time="2024-07-13T03:16:06.609466" level="INFO">GET Response : url=https://randomuser.me/api 
 status=200, reason=OK 
 headers={'Date': 'Sat, 13 Jul 2024 03:16:06 GMT', 'Content-Type': 'application/json; charset=utf-8', 'Transfer-Encoding': 'chunked', 'Connection': 'keep-alive', 'X-Powered-By': 'Express', 'Access-Control-Allow-Origin': '*', 'Cache-Control': 'no-cache', 'ETag': 'W/"47b-fPgMUHSLjkTUJ2CGbwmlcxv/U+U"', 'Vary': 'Accept-Encoding', 'Content-Encoding': 'gzip', 'CF-Cache-Status': 'DYNAMIC', 'Report-To': '{"endpoints":[{"url":"https:\\/\\/a.nel.cloudflare.com\\/report\\/v4?s=%2FGjo7mD%2FpDbrhfVSkV8DELP6UKKp68cqJV4IKJqkRG8B0nm303vaDk9Hd35Y2LtWfJYygmMp9JN0OYhfp1JU34Xlz5gXPk4kfPMqgaUZF%2Bv4PVjFcTu1J8wgsQ19QQV4"}],"group":"cf-nel","max_age":604800}', 'NEL': '{"success_fraction":0,"report_to":"cf-nel","max_age":604800}', 'Server': 'cloudflare', 'CF-RAY': '8a261cc50bb182a8-IAD', 'alt-svc': 'h3=":443"; ma=86400'} 
 body={"results":[{"gender":"male","name":{"title":"Mr","first":"Walter","last":"Reyes"},"location":{"street":{"number":388,"name":"Ormond Quay"},"city":"Galway","state":"Cork","country":"Ireland","postcode":12325,"coordinates":{"latitude":"1.2340","longitude":"-157.0841"},"timezone":{"offset":"+3:00","description":"Baghdad, Riyadh, Moscow, St. Petersburg"}},"email":"walter.reyes@example.com","login":{"uuid":"fc809610-a2ba-4cf0-a629-7db01b5d5f07","username":"bluelion506","password":"heidi","salt":"PiSOW0c4","md5":"7ac8f163afcc6c238a56d4905a0e9b6e","sha1":"3f05ac2329f654e4aa665b6e53687a495e389886","sha256":"d9b040eb3da5444f47222e273af073d7822d971dab86dbcd7a5295b8036599b8"},"dob":{"date":"1991-03-05T15:05:42.122Z","age":33},"registered":{"date":"2016-04-30T09:54:27.444Z","age":8},"phone":"011-638-3904","cell":"081-006-8460","id":{"name":"PPS","value":"4307671T"},"picture":{"large":"https://randomuser.me/api/portraits/men/3.jpg","medium":"https://randomuser.me/api/portraits/med/men/3.jpg","thumbnail":"https://randomuser.me/api/portraits/thumb/men/3.jpg"},"nat":"IE"}],"info":{"seed":"fe64f1b5eca6e84f","results":1,"page":1,"version":"1.4"}} 
 </msg>
<msg time="2024-07-13T03:16:06.609561" level="INFO">/opt/hostedtoolcache/Python/3.12.4/x64/lib/python3.12/site-packages/urllib3/connectionpool.py:1099: InsecureRequestWarning: Unverified HTTPS request is being made to host 'randomuser.me'. Adding certificate verification is strongly advised. See: https://urllib3.readthedocs.io/en/latest/advanced-usage.html#tls-warnings
  warnings.warn(</msg>
<msg time="2024-07-13T03:16:06.609768" level="INFO">${response} = &lt;Response [200]&gt;</msg>
<var>${response}</var>
<arg>consultarAPI</arg>
<arg>/api</arg>
<doc>Sends a GET request on a previously created HTTP Session.</doc>
<status status="PASS" start="2024-07-13T03:16:06.424608" elapsed="0.185209"/>
</kw>
<kw name="Should Be Equal As Numbers" owner="BuiltIn">
<msg time="2024-07-13T03:16:06.610635" level="INFO">Argument types are:
&lt;class 'int'&gt;
&lt;class 'str'&gt;</msg>
<arg>${response.status_code}</arg>
<arg>200</arg>
<doc>Fails if objects are unequal after converting them to real numbers.</doc>
<status status="PASS" start="2024-07-13T03:16:06.610226" elapsed="0.000474"/>
</kw>
<kw name="Log" owner="BuiltIn">
<msg time="2024-07-13T03:16:06.611362" level="INFO">200</msg>
<arg>${response.status_code}</arg>
<doc>Logs the given message with the given level.</doc>
<status status="PASS" start="2024-07-13T03:16:06.611019" elapsed="0.000386"/>
</kw>
<kw name="Set Variable" owner="BuiltIn">
<msg time="2024-07-13T03:16:06.612131" level="INFO">${json_data} = {'results': [{'gender': 'male', 'name': {'title': 'Mr', 'first': 'Walter', 'last': 'Reyes'}, 'location': {'street': {'number': 388, 'name': 'Ormond Quay'}, 'city': 'Galway', 'state': 'Cork', 'country'...</msg>
<var>${json_data}</var>
<arg>${response.json()}</arg>
<doc>Returns the given values which can then be assigned to a variables.</doc>
<status status="PASS" start="2024-07-13T03:16:06.611706" elapsed="0.000454"/>
</kw>
<kw name="Dictionary Should Contain Key" owner="Collections">
<arg>${json_data}</arg>
<arg>results</arg>
<doc>Fails if ``key`` is not found from ``dictionary``.</doc>
<status status="PASS" start="2024-07-13T03:16:06.612489" elapsed="0.000171"/>
</kw>
<status status="PASS" start="2024-07-13T03:16:06.424328" elapsed="0.188479"/>
</kw>
<doc>Testa se a API responde corretamente e retorna um objeto JSON válido.</doc>
<tag>testeRequisicaoBasica</tag>
<status status="PASS" start="2024-07-13T03:16:06.423783" elapsed="0.189194"/>
</test>
<test id="s1-s1-t3" name="Validar estrutura de resposta" line="22">
<kw name="Teste de Estrutura de Resposta" owner="random-user-service">
<kw name="GET On Session" owner="RequestsLibrary">
<msg time="2024-07-13T03:16:06.709195" level="INFO">GET Request : url=https://randomuser.me/api 
 path_url=/api 
 headers={'User-Agent': 'python-requests/2.32.3', 'Accept-Encoding': 'gzip, deflate', 'Accept': '*/*', 'Connection': 'keep-alive'} 
 body=None 
 </msg>
<msg time="2024-07-13T03:16:06.709261" level="INFO">GET Response : url=https://randomuser.me/api 
 status=200, reason=OK 
 headers={'Date': 'Sat, 13 Jul 2024 03:16:06 GMT', 'Content-Type': 'application/json; charset=utf-8', 'Transfer-Encoding': 'chunked', 'Connection': 'keep-alive', 'X-Powered-By': 'Express', 'Access-Control-Allow-Origin': '*', 'Cache-Control': 'no-cache', 'ETag': 'W/"49d-GXuYPrIRA/ed8sj64WA0y9077bo"', 'Vary': 'Accept-Encoding', 'Content-Encoding': 'gzip', 'CF-Cache-Status': 'DYNAMIC', 'Report-To': '{"endpoints":[{"url":"https:\\/\\/a.nel.cloudflare.com\\/report\\/v4?s=rf5XkEcgdggtGrobnYszq%2BebN65m6VIRpx%2BRY1OYyQdMvs1duvCLFzOC9C%2FCHNNMaIl9XFy6JilerAXc4hI5m7YEgCHdQOqp5yB2lO93CSVKTib6McPXo18%2Bpyys5bjy"}],"group":"cf-nel","max_age":604800}', 'NEL': '{"success_fraction":0,"report_to":"cf-nel","max_age":604800}', 'Server': 'cloudflare', 'CF-RAY': '8a261cc55bf082a8-IAD', 'alt-svc': 'h3=":443"; ma=86400'} 
 body={"results":[{"gender":"female","name":{"title":"Miss","first":"Lola","last":"Michel"},"location":{"street":{"number":3471,"name":"Place du 8 Février 1962"},"city":"Rueil-Malmaison","state":"Gard","country":"France","postcode":91425,"coordinates":{"latitude":"-14.3382","longitude":"2.6800"},"timezone":{"offset":"+7:00","description":"Bangkok, Hanoi, Jakarta"}},"email":"lola.michel@example.com","login":{"uuid":"9b2c54c5-e561-4875-b9d8-70fcfc8d6b33","username":"lazyladybug128","password":"strip","salt":"wAgIDwSM","md5":"30e25a1a23547569ae24fe8c54626128","sha1":"0e1c162324f138ec3d327a96789fe9d1e6cc7c93","sha256":"31a771143753d7db473066572f2dc32b268b1adffff64eebc1ee1e593d88ef54"},"dob":{"date":"2000-07-09T18:29:31.933Z","age":24},"registered":{"date":"2017-10-29T20:07:59.455Z","age":6},"phone":"04-58-47-22-99","cell":"06-56-14-60-81","id":{"name":"INSEE","value":"21000624324839 61"},"picture":{"large":"https://randomuser.me/api/portraits/women/94.jpg","medium":"https://randomuser.me/api/portraits/med/women/94.jpg","thumbnail":"https://randomuser.me/api/portraits/thumb/women/94.jpg"},"nat":"FR"}],"info":{"seed":"acc45813a8a59c3e","results":1,"page":1,"version":"1.4"}} 
 </msg>
<msg time="2024-07-13T03:16:06.709356" level="INFO">/opt/hostedtoolcache/Python/3.12.4/x64/lib/python3.12/site-packages/urllib3/connectionpool.py:1099: InsecureRequestWarning: Unverified HTTPS request is being made to host 'randomuser.me'. Adding certificate verification is strongly advised. See: https://urllib3.readthedocs.io/en/latest/advanced-usage.html#tls-warnings
  warnings.warn(</msg>
<msg time="2024-07-13T03:16:06.709469" level="INFO">${response} = &lt;Response [200]&gt;</msg>
<var>${response}</var>
<arg>consultarAPI</arg>
<arg>/api</arg>
<doc>Sends a GET request on a previously created HTTP Session.</doc>
<status status="PASS" start="2024-07-13T03:16:06.615928" elapsed="0.093581"/>
</kw>
<kw name="Set Variable" owner="BuiltIn">
<msg time="2024-07-13T03:16:06.710315" level="INFO">${json_data} = {'results': [{'gender': 'female', 'name': {'title': 'Miss', 'first': 'Lola', 'last': 'Michel'}, 'location': {'street': {'number': 3471, 'name': 'Place du 8 Février 1962'}, 'city': 'Rueil-Malmaison', '...</msg>
<var>${json_data}</var>
<arg>${response.json()}</arg>
<doc>Returns the given values which can then be assigned to a variables.</doc>
<status status="PASS" start="2024-07-13T03:16:06.709877" elapsed="0.000467"/>
</kw>
<kw name="Log" owner="BuiltIn">
<msg time="2024-07-13T03:16:06.710805" level="INFO">{'results': [{'gender': 'female', 'name': {'title': 'Miss', 'first': 'Lola', 'last': 'Michel'}, 'location': {'street': {'number': 3471, 'name': 'Place du 8 Février 1962'}, 'city': 'Rueil-Malmaison', 'state': 'Gard', 'country': 'France', 'postcode': 91425, 'coordinates': {'latitude': '-14.3382', 'longitude': '2.6800'}, 'timezone': {'offset': '+7:00', 'description': 'Bangkok, Hanoi, Jakarta'}}, 'email': 'lola.michel@example.com', 'login': {'uuid': '9b2c54c5-e561-4875-b9d8-70fcfc8d6b33', 'username': 'lazyladybug128', 'password': 'strip', 'salt': 'wAgIDwSM', 'md5': '30e25a1a23547569ae24fe8c54626128', 'sha1': '0e1c162324f138ec3d327a96789fe9d1e6cc7c93', 'sha256': '31a771143753d7db473066572f2dc32b268b1adffff64eebc1ee1e593d88ef54'}, 'dob': {'date': '2000-07-09T18:29:31.933Z', 'age': 24}, 'registered': {'date': '2017-10-29T20:07:59.455Z', 'age': 6}, 'phone': '04-58-47-22-99', 'cell': '06-56-14-60-81', 'id': {'name': 'INSEE', 'value': '21000624324839 61'}, 'picture': {'large': 'https://randomuser.me/api/portraits/women/94.jpg', 'medium': 'https://randomuser.me/api/portraits/med/women/94.jpg', 'thumbnail': 'https://randomuser.me/api/portraits/thumb/women/94.jpg'}, 'nat': 'FR'}], 'info': {'seed': 'acc45813a8a59c3e', 'results': 1, 'page': 1, 'version': '1.4'}}</msg>
<arg>${json_data}</arg>
<doc>Logs the given message with the given level.</doc>
<status status="PASS" start="2024-07-13T03:16:06.710648" elapsed="0.000207"/>
</kw>
<kw name="Dictionary Should Contain Key" owner="Collections">
<arg>${json_data}</arg>
<arg>results</arg>
<doc>Fails if ``key`` is not found from ``dictionary``.</doc>
<status status="PASS" start="2024-07-13T03:16:06.711154" elapsed="0.000154"/>
</kw>
<kw name="Should Not Be Empty" owner="BuiltIn">
<msg time="2024-07-13T03:16:06.711620" level="INFO">Length is 2.</msg>
<arg>${json_data}</arg>
<doc>Verifies that the given item is not empty.</doc>
<status status="PASS" start="2024-07-13T03:16:06.711494" elapsed="0.000164"/>
</kw>
<kw name="Create List" owner="BuiltIn">
<msg time="2024-07-13T03:16:06.712204" level="INFO">${expected_keys} = ['gender', 'name', 'location', 'email', 'login']</msg>
<var>${expected_keys}</var>
<arg>gender</arg>
<arg>name</arg>
<arg>location</arg>
<arg>email</arg>
<arg>login</arg>
<doc>Returns a list containing given items.</doc>
<status status="PASS" start="2024-07-13T03:16:06.711938" elapsed="0.000291"/>
</kw>
<for flavor="IN">
<iter>
<kw name="Dictionary Should Contain Key" owner="Collections">
<arg>${json_data['results'][0]}</arg>
<arg>${key}</arg>
<doc>Fails if ``key`` is not found from ``dictionary``.</doc>
<status status="PASS" start="2024-07-13T03:16:06.712883" elapsed="0.000398"/>
</kw>
<kw name="Log" owner="BuiltIn">
<msg time="2024-07-13T03:16:06.713833" level="INFO">{'gender': 'female', 'name': {'title': 'Miss', 'first': 'Lola', 'last': 'Michel'}, 'location': {'street': {'number': 3471, 'name': 'Place du 8 Février 1962'}, 'city': 'Rueil-Malmaison', 'state': 'Gard', 'country': 'France', 'postcode': 91425, 'coordinates': {'latitude': '-14.3382', 'longitude': '2.6800'}, 'timezone': {'offset': '+7:00', 'description': 'Bangkok, Hanoi, Jakarta'}}, 'email': 'lola.michel@example.com', 'login': {'uuid': '9b2c54c5-e561-4875-b9d8-70fcfc8d6b33', 'username': 'lazyladybug128', 'password': 'strip', 'salt': 'wAgIDwSM', 'md5': '30e25a1a23547569ae24fe8c54626128', 'sha1': '0e1c162324f138ec3d327a96789fe9d1e6cc7c93', 'sha256': '31a771143753d7db473066572f2dc32b268b1adffff64eebc1ee1e593d88ef54'}, 'dob': {'date': '2000-07-09T18:29:31.933Z', 'age': 24}, 'registered': {'date': '2017-10-29T20:07:59.455Z', 'age': 6}, 'phone': '04-58-47-22-99', 'cell': '06-56-14-60-81', 'id': {'name': 'INSEE', 'value': '21000624324839 61'}, 'picture': {'large': 'https://randomuser.me/api/portraits/women/94.jpg', 'medium': 'https://randomuser.me/api/portraits/med/women/94.jpg', 'thumbnail': 'https://randomuser.me/api/portraits/thumb/women/94.jpg'}, 'nat': 'FR'}</msg>
<arg>${json_data['results'][0]}</arg>
<doc>Logs the given message with the given level.</doc>
<status status="PASS" start="2024-07-13T03:16:06.713470" elapsed="0.000423"/>
</kw>
<kw name="Log" owner="BuiltIn">
<msg time="2024-07-13T03:16:06.714320" level="INFO">gender</msg>
<arg>${key}</arg>
<doc>Logs the given message with the given level.</doc>
<status status="PASS" start="2024-07-13T03:16:06.714193" elapsed="0.000165"/>
</kw>
<var name="${key}">gender</var>
<status status="PASS" start="2024-07-13T03:16:06.712759" elapsed="0.001814"/>
</iter>
<iter>
<kw name="Dictionary Should Contain Key" owner="Collections">
<arg>${json_data['results'][0]}</arg>
<arg>${key}</arg>
<doc>Fails if ``key`` is not found from ``dictionary``.</doc>
<status status="PASS" start="2024-07-13T03:16:06.714866" elapsed="0.000386"/>
</kw>
<kw name="Log" owner="BuiltIn">
<msg time="2024-07-13T03:16:06.715821" level="INFO">{'gender': 'female', 'name': {'title': 'Miss', 'first': 'Lola', 'last': 'Michel'}, 'location': {'street': {'number': 3471, 'name': 'Place du 8 Février 1962'}, 'city': 'Rueil-Malmaison', 'state': 'Gard', 'country': 'France', 'postcode': 91425, 'coordinates': {'latitude': '-14.3382', 'longitude': '2.6800'}, 'timezone': {'offset': '+7:00', 'description': 'Bangkok, Hanoi, Jakarta'}}, 'email': 'lola.michel@example.com', 'login': {'uuid': '9b2c54c5-e561-4875-b9d8-70fcfc8d6b33', 'username': 'lazyladybug128', 'password': 'strip', 'salt': 'wAgIDwSM', 'md5': '30e25a1a23547569ae24fe8c54626128', 'sha1': '0e1c162324f138ec3d327a96789fe9d1e6cc7c93', 'sha256': '31a771143753d7db473066572f2dc32b268b1adffff64eebc1ee1e593d88ef54'}, 'dob': {'date': '2000-07-09T18:29:31.933Z', 'age': 24}, 'registered': {'date': '2017-10-29T20:07:59.455Z', 'age': 6}, 'phone': '04-58-47-22-99', 'cell': '06-56-14-60-81', 'id': {'name': 'INSEE', 'value': '21000624324839 61'}, 'picture': {'large': 'https://randomuser.me/api/portraits/women/94.jpg', 'medium': 'https://randomuser.me/api/portraits/med/women/94.jpg', 'thumbnail': 'https://randomuser.me/api/portraits/thumb/women/94.jpg'}, 'nat': 'FR'}</msg>
<arg>${json_data['results'][0]}</arg>
<doc>Logs the given message with the given level.</doc>
<status status="PASS" start="2024-07-13T03:16:06.715433" elapsed="0.000439"/>
</kw>
<kw name="Log" owner="BuiltIn">
<msg time="2024-07-13T03:16:06.716298" level="INFO">name</msg>
<arg>${key}</arg>
<doc>Logs the given message with the given level.</doc>
<status status="PASS" start="2024-07-13T03:16:06.716172" elapsed="0.000162"/>
</kw>
<var name="${key}">name</var>
<status status="PASS" start="2024-07-13T03:16:06.714755" elapsed="0.001837"/>
</iter>
<iter>
<kw name="Dictionary Should Contain Key" owner="Collections">
<arg>${json_data['results'][0]}</arg>
<arg>${key}</arg>
<doc>Fails if ``key`` is not found from ``dictionary``.</doc>
<status status="PASS" start="2024-07-13T03:16:06.716876" elapsed="0.000373"/>
</kw>
<kw name="Log" owner="BuiltIn">
<msg time="2024-07-13T03:16:06.717778" level="INFO">{'gender': 'female', 'name': {'title': 'Miss', 'first': 'Lola', 'last': 'Michel'}, 'location': {'street': {'number': 3471, 'name': 'Place du 8 Février 1962'}, 'city': 'Rueil-Malmaison', 'state': 'Gard', 'country': 'France', 'postcode': 91425, 'coordinates': {'latitude': '-14.3382', 'longitude': '2.6800'}, 'timezone': {'offset': '+7:00', 'description': 'Bangkok, Hanoi, Jakarta'}}, 'email': 'lola.michel@example.com', 'login': {'uuid': '9b2c54c5-e561-4875-b9d8-70fcfc8d6b33', 'username': 'lazyladybug128', 'password': 'strip', 'salt': 'wAgIDwSM', 'md5': '30e25a1a23547569ae24fe8c54626128', 'sha1': '0e1c162324f138ec3d327a96789fe9d1e6cc7c93', 'sha256': '31a771143753d7db473066572f2dc32b268b1adffff64eebc1ee1e593d88ef54'}, 'dob': {'date': '2000-07-09T18:29:31.933Z', 'age': 24}, 'registered': {'date': '2017-10-29T20:07:59.455Z', 'age': 6}, 'phone': '04-58-47-22-99', 'cell': '06-56-14-60-81', 'id': {'name': 'INSEE', 'value': '21000624324839 61'}, 'picture': {'large': 'https://randomuser.me/api/portraits/women/94.jpg', 'medium': 'https://randomuser.me/api/portraits/med/women/94.jpg', 'thumbnail': 'https://randomuser.me/api/portraits/thumb/women/94.jpg'}, 'nat': 'FR'}</msg>
<arg>${json_data['results'][0]}</arg>
<doc>Logs the given message with the given level.</doc>
<status status="PASS" start="2024-07-13T03:16:06.717429" elapsed="0.000398"/>
</kw>
<kw name="Log" owner="BuiltIn">
<msg time="2024-07-13T03:16:06.718258" level="INFO">location</msg>
<arg>${key}</arg>
<doc>Logs the given message with the given level.</doc>
<status status="PASS" start="2024-07-13T03:16:06.718121" elapsed="0.000175"/>
</kw>
<var name="${key}">location</var>
<status status="PASS" start="2024-07-13T03:16:06.716769" elapsed="0.001743"/>
</iter>
<iter>
<kw name="Dictionary Should Contain Key" owner="Collections">
<arg>${json_data['results'][0]}</arg>
<arg>${key}</arg>
<doc>Fails if ``key`` is not found from ``dictionary``.</doc>
<status status="PASS" start="2024-07-13T03:16:06.718789" elapsed="0.000388"/>
</kw>
<kw name="Log" owner="BuiltIn">
<msg time="2024-07-13T03:16:06.719713" level="INFO">{'gender': 'female', 'name': {'title': 'Miss', 'first': 'Lola', 'last': 'Michel'}, 'location': {'street': {'number': 3471, 'name': 'Place du 8 Février 1962'}, 'city': 'Rueil-Malmaison', 'state': 'Gard', 'country': 'France', 'postcode': 91425, 'coordinates': {'latitude': '-14.3382', 'longitude': '2.6800'}, 'timezone': {'offset': '+7:00', 'description': 'Bangkok, Hanoi, Jakarta'}}, 'email': 'lola.michel@example.com', 'login': {'uuid': '9b2c54c5-e561-4875-b9d8-70fcfc8d6b33', 'username': 'lazyladybug128', 'password': 'strip', 'salt': 'wAgIDwSM', 'md5': '30e25a1a23547569ae24fe8c54626128', 'sha1': '0e1c162324f138ec3d327a96789fe9d1e6cc7c93', 'sha256': '31a771143753d7db473066572f2dc32b268b1adffff64eebc1ee1e593d88ef54'}, 'dob': {'date': '2000-07-09T18:29:31.933Z', 'age': 24}, 'registered': {'date': '2017-10-29T20:07:59.455Z', 'age': 6}, 'phone': '04-58-47-22-99', 'cell': '06-56-14-60-81', 'id': {'name': 'INSEE', 'value': '21000624324839 61'}, 'picture': {'large': 'https://randomuser.me/api/portraits/women/94.jpg', 'medium': 'https://randomuser.me/api/portraits/med/women/94.jpg', 'thumbnail': 'https://randomuser.me/api/portraits/thumb/women/94.jpg'}, 'nat': 'FR'}</msg>
<arg>${json_data['results'][0]}</arg>
<doc>Logs the given message with the given level.</doc>
<status status="PASS" start="2024-07-13T03:16:06.719364" elapsed="0.000408"/>
</kw>
<kw name="Log" owner="BuiltIn">
<msg time="2024-07-13T03:16:06.720193" level="INFO">email</msg>
<arg>${key}</arg>
<doc>Logs the given message with the given level.</doc>
<status status="PASS" start="2024-07-13T03:16:06.720064" elapsed="0.000168"/>
</kw>
<var name="${key}">email</var>
<status status="PASS" start="2024-07-13T03:16:06.718682" elapsed="0.001794"/>
</iter>
<iter>
<kw name="Dictionary Should Contain Key" owner="Collections">
<arg>${json_data['results'][0]}</arg>
<arg>${key}</arg>
<doc>Fails if ``key`` is not found from ``dictionary``.</doc>
<status status="PASS" start="2024-07-13T03:16:06.720769" elapsed="0.000392"/>
</kw>
<kw name="Log" owner="BuiltIn">
<msg time="2024-07-13T03:16:06.721698" level="INFO">{'gender': 'female', 'name': {'title': 'Miss', 'first': 'Lola', 'last': 'Michel'}, 'location': {'street': {'number': 3471, 'name': 'Place du 8 Février 1962'}, 'city': 'Rueil-Malmaison', 'state': 'Gard', 'country': 'France', 'postcode': 91425, 'coordinates': {'latitude': '-14.3382', 'longitude': '2.6800'}, 'timezone': {'offset': '+7:00', 'description': 'Bangkok, Hanoi, Jakarta'}}, 'email': 'lola.michel@example.com', 'login': {'uuid': '9b2c54c5-e561-4875-b9d8-70fcfc8d6b33', 'username': 'lazyladybug128', 'password': 'strip', 'salt': 'wAgIDwSM', 'md5': '30e25a1a23547569ae24fe8c54626128', 'sha1': '0e1c162324f138ec3d327a96789fe9d1e6cc7c93', 'sha256': '31a771143753d7db473066572f2dc32b268b1adffff64eebc1ee1e593d88ef54'}, 'dob': {'date': '2000-07-09T18:29:31.933Z', 'age': 24}, 'registered': {'date': '2017-10-29T20:07:59.455Z', 'age': 6}, 'phone': '04-58-47-22-99', 'cell': '06-56-14-60-81', 'id': {'name': 'INSEE', 'value': '21000624324839 61'}, 'picture': {'large': 'https://randomuser.me/api/portraits/women/94.jpg', 'medium': 'https://randomuser.me/api/portraits/med/women/94.jpg', 'thumbnail': 'https://randomuser.me/api/portraits/thumb/women/94.jpg'}, 'nat': 'FR'}</msg>
<arg>${json_data['results'][0]}</arg>
<doc>Logs the given message with the given level.</doc>
<status status="PASS" start="2024-07-13T03:16:06.721346" elapsed="0.000413"/>
</kw>
<kw name="Log" owner="BuiltIn">
<msg time="2024-07-13T03:16:06.722183" level="INFO">login</msg>
<arg>${key}</arg>
<doc>Logs the given message with the given level.</doc>
<status status="PASS" start="2024-07-13T03:16:06.722058" elapsed="0.000162"/>
</kw>
<var name="${key}">login</var>
<status status="PASS" start="2024-07-13T03:16:06.720653" elapsed="0.001781"/>
</iter>
<var>${key}</var>
<value>@{expected_keys}</value>
<status status="PASS" start="2024-07-13T03:16:06.712545" elapsed="0.010012"/>
</for>
<kw name="Create List" owner="BuiltIn">
<msg time="2024-07-13T03:16:06.722916" level="INFO">${expected_keysTwo} = ['username', 'password']</msg>
<var>${expected_keysTwo}</var>
<arg>username</arg>
<arg>password</arg>
<doc>Returns a list containing given items.</doc>
<status status="PASS" start="2024-07-13T03:16:06.722774" elapsed="0.000167"/>
</kw>
<for flavor="IN">
<iter>
<kw name="Dictionary Should Contain Key" owner="Collections">
<arg>${json_data['results'][0]['login']}</arg>
<arg>${keyTwo}</arg>
<doc>Fails if ``key`` is not found from ``dictionary``.</doc>
<status status="PASS" start="2024-07-13T03:16:06.723432" elapsed="0.000393"/>
</kw>
<kw name="Dictionary Should Contain Key" owner="Collections">
<arg>${json_data['results'][0]['login']}</arg>
<arg>${keyTwo}</arg>
<doc>Fails if ``key`` is not found from ``dictionary``.</doc>
<status status="PASS" start="2024-07-13T03:16:06.724009" elapsed="0.000394"/>
</kw>
<kw name="Log" owner="BuiltIn">
<msg time="2024-07-13T03:16:06.724712" level="INFO">username</msg>
<arg>${keyTwo}</arg>
<doc>Logs the given message with the given level.</doc>
<status status="PASS" start="2024-07-13T03:16:06.724592" elapsed="0.000159"/>
</kw>
<var name="${keyTwo}">username</var>
<status status="PASS" start="2024-07-13T03:16:06.723325" elapsed="0.001644"/>
</iter>
<iter>
<kw name="Dictionary Should Contain Key" owner="Collections">
<arg>${json_data['results'][0]['login']}</arg>
<arg>${keyTwo}</arg>
<doc>Fails if ``key`` is not found from ``dictionary``.</doc>
<status status="PASS" start="2024-07-13T03:16:06.725249" elapsed="0.000392"/>
</kw>
<kw name="Dictionary Should Contain Key" owner="Collections">
<arg>${json_data['results'][0]['login']}</arg>
<arg>${keyTwo}</arg>
<doc>Fails if ``key`` is not found from ``dictionary``.</doc>
<status status="PASS" start="2024-07-13T03:16:06.725820" elapsed="0.000374"/>
</kw>
<kw name="Log" owner="BuiltIn">
<msg time="2024-07-13T03:16:06.726500" level="INFO">password</msg>
<arg>${keyTwo}</arg>
<doc>Logs the given message with the given level.</doc>
<status status="PASS" start="2024-07-13T03:16:06.726378" elapsed="0.000165"/>
</kw>
<var name="${keyTwo}">password</var>
<status status="PASS" start="2024-07-13T03:16:06.725141" elapsed="0.001715"/>
</iter>
<var>${keyTwo}</var>
<value>@{expected_keysTwo}</value>
<status status="PASS" start="2024-07-13T03:16:06.723176" elapsed="0.003803"/>
</for>
<status status="PASS" start="2024-07-13T03:16:06.615591" elapsed="0.111526"/>
</kw>
<doc>Testa a estrutura da resposta da API.</doc>
<tag>testeEstruturaResposta</tag>
<status status="PASS" start="2024-07-13T03:16:06.614819" elapsed="0.112443"/>
</test>
<test id="s1-s1-t4" name="Validar tipos de dados" line="28">
<kw name="Teste de Tipos de Dados" owner="random-user-service">
<kw name="GET On Session" owner="RequestsLibrary">
<msg time="2024-07-13T03:16:06.821140" level="INFO">GET Request : url=https://randomuser.me/api 
 path_url=/api 
 headers={'User-Agent': 'python-requests/2.32.3', 'Accept-Encoding': 'gzip, deflate', 'Accept': '*/*', 'Connection': 'keep-alive'} 
 body=None 
 </msg>
<msg time="2024-07-13T03:16:06.821223" level="INFO">GET Response : url=https://randomuser.me/api 
 status=200, reason=OK 
 headers={'Date': 'Sat, 13 Jul 2024 03:16:06 GMT', 'Content-Type': 'application/json; charset=utf-8', 'Transfer-Encoding': 'chunked', 'Connection': 'keep-alive', 'X-Powered-By': 'Express', 'Access-Control-Allow-Origin': '*', 'Cache-Control': 'no-cache', 'ETag': 'W/"47a-GGGTxzldIvdGg8coRDjOdtU3X1U"', 'Vary': 'Accept-Encoding', 'Content-Encoding': 'gzip', 'CF-Cache-Status': 'DYNAMIC', 'Report-To': '{"endpoints":[{"url":"https:\\/\\/a.nel.cloudflare.com\\/report\\/v4?s=Paia54CDar2FlB1M7XVrdGuTVWe4MVqPS943IG6QfvqxD4MPjU%2FJ0%2BnhRR%2BbsJb8D9PNlB65EpAadixkXZdv3xQtONYXykwpocHq%2F4vgWoNA3vlavLDdB3J8g7WQvPu7"}],"group":"cf-nel","max_age":604800}', 'NEL': '{"success_fraction":0,"report_to":"cf-nel","max_age":604800}', 'Server': 'cloudflare', 'CF-RAY': '8a261cc61c7e82a8-IAD', 'alt-svc': 'h3=":443"; ma=86400'} 
 body={"results":[{"gender":"male","name":{"title":"Mr","first":"Vistan","last":"Golovko"},"location":{"street":{"number":6744,"name":"Kushevicha"},"city":"Vinniki","state":"Poltavska","country":"Ukraine","postcode":64814,"coordinates":{"latitude":"72.8576","longitude":"-119.6417"},"timezone":{"offset":"+2:00","description":"Kaliningrad, South Africa"}},"email":"vistan.golovko@example.com","login":{"uuid":"238a72a9-55b7-45b1-9722-0e395a813e03","username":"blackdog152","password":"justdoit","salt":"wwSCwSeL","md5":"e20da4b8a17fc009c3b17a9edf0027e9","sha1":"a6f1177e3cdb307ca43cd637b9ab0aad9e65b316","sha256":"6bb5e9441077e95134f7845c3e218276c61a7af137b9d036c5a157facde7c68b"},"dob":{"date":"1997-04-27T23:06:32.410Z","age":27},"registered":{"date":"2007-03-19T21:27:23.002Z","age":17},"phone":"(068) R50-2902","cell":"(066) Z14-9100","id":{"name":"","value":null},"picture":{"large":"https://randomuser.me/api/portraits/men/61.jpg","medium":"https://randomuser.me/api/portraits/med/men/61.jpg","thumbnail":"https://randomuser.me/api/portraits/thumb/men/61.jpg"},"nat":"UA"}],"info":{"seed":"21e7f5992fe9b0d6","results":1,"page":1,"version":"1.4"}} 
 </msg>
<msg time="2024-07-13T03:16:06.821275" level="INFO">/opt/hostedtoolcache/Python/3.12.4/x64/lib/python3.12/site-packages/urllib3/connectionpool.py:1099: InsecureRequestWarning: Unverified HTTPS request is being made to host 'randomuser.me'. Adding certificate verification is strongly advised. See: https://urllib3.readthedocs.io/en/latest/advanced-usage.html#tls-warnings
  warnings.warn(</msg>
<msg time="2024-07-13T03:16:06.821356" level="INFO">${response} = &lt;Response [200]&gt;</msg>
<var>${response}</var>
<arg>consultarAPI</arg>
<arg>/api</arg>
<doc>Sends a GET request on a previously created HTTP Session.</doc>
<status status="PASS" start="2024-07-13T03:16:06.729651" elapsed="0.091738"/>
</kw>
<kw name="Set Variable" owner="BuiltIn">
<msg time="2024-07-13T03:16:06.822197" level="INFO">${json_data} = {'results': [{'gender': 'male', 'name': {'title': 'Mr', 'first': 'Vistan', 'last': 'Golovko'}, 'location': {'street': {'number': 6744, 'name': 'Kushevicha'}, 'city': 'Vinniki', 'state': 'Poltavska', '...</msg>
<var>${json_data}</var>
<arg>${response.json()}</arg>
<doc>Returns the given values which can then be assigned to a variables.</doc>
<status status="PASS" start="2024-07-13T03:16:06.821761" elapsed="0.000465"/>
</kw>
<kw name="Log" owner="BuiltIn">
<msg time="2024-07-13T03:16:06.822684" level="INFO">{'results': [{'gender': 'male', 'name': {'title': 'Mr', 'first': 'Vistan', 'last': 'Golovko'}, 'location': {'street': {'number': 6744, 'name': 'Kushevicha'}, 'city': 'Vinniki', 'state': 'Poltavska', 'country': 'Ukraine', 'postcode': 64814, 'coordinates': {'latitude': '72.8576', 'longitude': '-119.6417'}, 'timezone': {'offset': '+2:00', 'description': 'Kaliningrad, South Africa'}}, 'email': 'vistan.golovko@example.com', 'login': {'uuid': '238a72a9-55b7-45b1-9722-0e395a813e03', 'username': 'blackdog152', 'password': 'justdoit', 'salt': 'wwSCwSeL', 'md5': 'e20da4b8a17fc009c3b17a9edf0027e9', 'sha1': 'a6f1177e3cdb307ca43cd637b9ab0aad9e65b316', 'sha256': '6bb5e9441077e95134f7845c3e218276c61a7af137b9d036c5a157facde7c68b'}, 'dob': {'date': '1997-04-27T23:06:32.410Z', 'age': 27}, 'registered': {'date': '2007-03-19T21:27:23.002Z', 'age': 17}, 'phone': '(068) R50-2902', 'cell': '(066) Z14-9100', 'id': {'name': '', 'value': None}, 'picture': {'large': 'https://randomuser.me/api/portraits/men/61.jpg', 'medium': 'https://randomuser.me/api/portraits/med/men/61.jpg', 'thumbnail': 'https://randomuser.me/api/portraits/thumb/men/61.jpg'}, 'nat': 'UA'}], 'info': {'seed': '21e7f5992fe9b0d6', 'results': 1, 'page': 1, 'version': '1.4'}}</msg>
<arg>${json_data}</arg>
<doc>Logs the given message with the given level.</doc>
<status status="PASS" start="2024-07-13T03:16:06.822529" elapsed="0.000203"/>
</kw>
<kw name="Should Be String" owner="String">
<arg>${json_data['results'][0]['gender']}</arg>
<doc>Fails if the given ``item`` is not a string.</doc>
<status status="PASS" start="2024-07-13T03:16:06.823019" elapsed="0.000361"/>
</kw>
<kw name="Should Match Regexp" owner="BuiltIn">
<arg>${json_data['results'][0]['email']}</arg>
<arg>^[a-zA-Z0-9._%+-]+@[a-zA-Z0-9.-]+\.[a-zA-Z]{2,}$</arg>
<doc>Fails if ``string`` does not match ``pattern`` as a regular expression.</doc>
<status status="PASS" start="2024-07-13T03:16:06.823568" elapsed="0.000542"/>
</kw>
<kw name="Should Match Regexp" owner="BuiltIn">
<arg>${json_data['results'][0]['dob']['date']}</arg>
<arg>\\d{4}-\\d{2}-\\d{2}T\\d{2}:\\d{2}:\\d{2}\\.\\d{3}Z</arg>
<doc>Fails if ``string`` does not match ``pattern`` as a regular expression.</doc>
<status status="PASS" start="2024-07-13T03:16:06.824307" elapsed="0.000789"/>
</kw>
<kw name="Should Match Regexp" owner="BuiltIn">
<arg>${json_data['results'][0]['registered']['date']}</arg>
<arg>\\d{4}-\\d{2}-\\d{2}T\\d{2}:\\d{2}:\\d{2}\\.\\d{3}Z</arg>
<doc>Fails if ``string`` does not match ``pattern`` as a regular expression.</doc>
<status status="PASS" start="2024-07-13T03:16:06.825435" elapsed="0.000648"/>
</kw>
<kw name="Should Match Regexp" owner="BuiltIn">
<arg>${json_data['results'][0]['picture']['large']}</arg>
<arg>^https?://.*\.(?:png|jpe?g|gif|bmp)$</arg>
<doc>Fails if ``string`` does not match ``pattern`` as a regular expression.</doc>
<status status="PASS" start="2024-07-13T03:16:06.826412" elapsed="0.000796"/>
</kw>
<kw name="Should Match Regexp" owner="BuiltIn">
<arg>${json_data['results'][0]['picture']['medium']}</arg>
<arg>^https?://.*\.(?:png|jpe?g|gif|bmp)$</arg>
<doc>Fails if ``string`` does not match ``pattern`` as a regular expression.</doc>
<status status="PASS" start="2024-07-13T03:16:06.827525" elapsed="0.000588"/>
</kw>
<kw name="Should Match Regexp" owner="BuiltIn">
<arg>${json_data['results'][0]['picture']['thumbnail']}</arg>
<arg>^https?://.*\.(?:png|jpe?g|gif|bmp)$</arg>
<doc>Fails if ``string`` does not match ``pattern`` as a regular expression.</doc>
<status status="PASS" start="2024-07-13T03:16:06.828456" elapsed="0.000417"/>
</kw>
<kw name="Log" owner="BuiltIn">
<msg time="2024-07-13T03:16:06.829410" level="INFO">{'large': 'https://randomuser.me/api/portraits/men/61.jpg', 'medium': 'https://randomuser.me/api/portraits/med/men/61.jpg', 'thumbnail': 'https://randomuser.me/api/portraits/thumb/men/61.jpg'}</msg>
<arg>${json_data['results'][0]['picture']}</arg>
<doc>Logs the given message with the given level.</doc>
<status status="PASS" start="2024-07-13T03:16:06.829070" elapsed="0.000385"/>
</kw>
<status status="PASS" start="2024-07-13T03:16:06.729436" elapsed="0.100277"/>
</kw>
<kw name="Teste de Tipos de Dados - Postcode" owner="random-user-service">
<kw name="GET On Session" owner="RequestsLibrary">
<msg time="2024-07-13T03:16:06.900744" level="INFO">GET Request : url=https://randomuser.me/api 
 path_url=/api 
 headers={'User-Agent': 'python-requests/2.32.3', 'Accept-Encoding': 'gzip, deflate', 'Accept': '*/*', 'Connection': 'keep-alive'} 
 body=None 
 </msg>
<msg time="2024-07-13T03:16:06.900828" level="INFO">GET Response : url=https://randomuser.me/api 
 status=200, reason=OK 
 headers={'Date': 'Sat, 13 Jul 2024 03:16:06 GMT', 'Content-Type': 'application/json; charset=utf-8', 'Transfer-Encoding': 'chunked', 'Connection': 'keep-alive', 'X-Powered-By': 'Express', 'Access-Control-Allow-Origin': '*', 'Cache-Control': 'no-cache', 'ETag': 'W/"498-RK+3xXvWN5RMw3wC3pU7OmDdl0w"', 'Vary': 'Accept-Encoding', 'Content-Encoding': 'gzip', 'CF-Cache-Status': 'DYNAMIC', 'Report-To': '{"endpoints":[{"url":"https:\\/\\/a.nel.cloudflare.com\\/report\\/v4?s=aGijyzDv3rFXsAkqSZewfvP3z3KBe51sJtEBSd%2BsboSO1YN5QqE2W9kdCLrIP4Y8kT4%2Fnw2HmIrjFf4EINJptWUBourFrZT9zXVANSFoWHgSXO7llTn5Yzb8jmW%2FEKTS"}],"group":"cf-nel","max_age":604800}', 'NEL': '{"success_fraction":0,"report_to":"cf-nel","max_age":604800}', 'Server': 'cloudflare', 'CF-RAY': '8a261cc6bd1982a8-IAD', 'alt-svc': 'h3=":443"; ma=86400'} 
 body={"results":[{"gender":"male","name":{"title":"Mr","first":"Ken","last":"Farragher"},"location":{"street":{"number":6992,"name":"Jones Road"},"city":"Laytown-Bettystown-Mornington","state":"Cavan","country":"Ireland","postcode":41359,"coordinates":{"latitude":"-3.0169","longitude":"-23.2727"},"timezone":{"offset":"+1:00","description":"Brussels, Copenhagen, Madrid, Paris"}},"email":"ken.farragher@example.com","login":{"uuid":"937b5805-ffc1-4b3c-8ad4-1fccbc037965","username":"ticklishfish170","password":"pepsi","salt":"87YfTmVa","md5":"0961dd4333af37682d4c728aa48397af","sha1":"affa16305dde42157c5abb1f8fa4f089fce42650","sha256":"a8af07fb307b698f3cd3cf81a13680d3452a21784eed6caa1e23f36a0dcc544a"},"dob":{"date":"2000-08-22T23:53:50.589Z","age":23},"registered":{"date":"2017-06-18T07:18:04.003Z","age":7},"phone":"061-701-4543","cell":"081-394-1743","id":{"name":"PPS","value":"4850420T"},"picture":{"large":"https://randomuser.me/api/portraits/men/77.jpg","medium":"https://randomuser.me/api/portraits/med/men/77.jpg","thumbnail":"https://randomuser.me/api/portraits/thumb/men/77.jpg"},"nat":"IE"}],"info":{"seed":"d5342e6cc8cfa65f","results":1,"page":1,"version":"1.4"}} 
 </msg>
<msg time="2024-07-13T03:16:06.900901" level="INFO">/opt/hostedtoolcache/Python/3.12.4/x64/lib/python3.12/site-packages/urllib3/connectionpool.py:1099: InsecureRequestWarning: Unverified HTTPS request is being made to host 'randomuser.me'. Adding certificate verification is strongly advised. See: https://urllib3.readthedocs.io/en/latest/advanced-usage.html#tls-warnings
  warnings.warn(</msg>
<msg time="2024-07-13T03:16:06.901019" level="INFO">${response} = &lt;Response [200]&gt;</msg>
<var>${response}</var>
<arg>consultarAPI</arg>
<arg>/api</arg>
<doc>Sends a GET request on a previously created HTTP Session.</doc>
<status status="PASS" start="2024-07-13T03:16:06.830142" elapsed="0.070933"/>
</kw>
<kw name="Set Variable" owner="BuiltIn">
<msg time="2024-07-13T03:16:06.902143" level="INFO">${json_data} = {'results': [{'gender': 'male', 'name': {'title': 'Mr', 'first': 'Ken', 'last': 'Farragher'}, 'location': {'street': {'number': 6992, 'name': 'Jones Road'}, 'city': 'Laytown-Bettystown-Mornington', 's...</msg>
<var>${json_data}</var>
<arg>${response.json()}</arg>
<doc>Returns the given values which can then be assigned to a variables.</doc>
<status status="PASS" start="2024-07-13T03:16:06.901581" elapsed="0.000591"/>
</kw>
<kw name="Log" owner="BuiltIn">
<msg time="2024-07-13T03:16:06.902631" level="INFO">{'results': [{'gender': 'male', 'name': {'title': 'Mr', 'first': 'Ken', 'last': 'Farragher'}, 'location': {'street': {'number': 6992, 'name': 'Jones Road'}, 'city': 'Laytown-Bettystown-Mornington', 'state': 'Cavan', 'country': 'Ireland', 'postcode': 41359, 'coordinates': {'latitude': '-3.0169', 'longitude': '-23.2727'}, 'timezone': {'offset': '+1:00', 'description': 'Brussels, Copenhagen, Madrid, Paris'}}, 'email': 'ken.farragher@example.com', 'login': {'uuid': '937b5805-ffc1-4b3c-8ad4-1fccbc037965', 'username': 'ticklishfish170', 'password': 'pepsi', 'salt': '87YfTmVa', 'md5': '0961dd4333af37682d4c728aa48397af', 'sha1': 'affa16305dde42157c5abb1f8fa4f089fce42650', 'sha256': 'a8af07fb307b698f3cd3cf81a13680d3452a21784eed6caa1e23f36a0dcc544a'}, 'dob': {'date': '2000-08-22T23:53:50.589Z', 'age': 23}, 'registered': {'date': '2017-06-18T07:18:04.003Z', 'age': 7}, 'phone': '061-701-4543', 'cell': '081-394-1743', 'id': {'name': 'PPS', 'value': '4850420T'}, 'picture': {'large': 'https://randomuser.me/api/portraits/men/77.jpg', 'medium': 'https://randomuser.me/api/portraits/med/men/77.jpg', 'thumbnail': 'https://randomuser.me/api/portraits/thumb/men/77.jpg'}, 'nat': 'IE'}], 'info': {'seed': 'd5342e6cc8cfa65f', 'results': 1, 'page': 1, 'version': '1.4'}}</msg>
<arg>${json_data}</arg>
<doc>Logs the given message with the given level.</doc>
<status status="PASS" start="2024-07-13T03:16:06.902480" elapsed="0.000198"/>
</kw>
<kw name="Should Be Equal As Numbers" owner="BuiltIn">
<arg>${json_data['results'][0]['location']['postcode']}</arg>
<arg>${json_data['results'][0]['location']['postcode']}</arg>
<doc>Fails if objects are unequal after converting them to real numbers.</doc>
<status status="PASS" start="2024-07-13T03:16:06.902980" elapsed="0.000629"/>
</kw>
<kw name="Log" owner="BuiltIn">
<msg time="2024-07-13T03:16:06.904265" level="INFO">41359</msg>
<arg>${json_data['results'][0]['location']['postcode']}</arg>
<doc>Logs the given message with the given level.</doc>
<status status="PASS" start="2024-07-13T03:16:06.903801" elapsed="0.000541"/>
</kw>
<status status="PASS" start="2024-07-13T03:16:06.829924" elapsed="0.074724"/>
</kw>
<doc>Testa se os tipos de dados na resposta da API estão corretos.</doc>
<tag>testeTiposDados</tag>
<status status="PASS" start="2024-07-13T03:16:06.729032" elapsed="0.175777"/>
</test>
<test id="s1-s1-t5" name="Validar conteudo" line="35">
<kw name="Teste de Tipos de Conteudo" owner="random-user-service">
<kw name="GET On Session" owner="RequestsLibrary">
<msg time="2024-07-13T03:16:07.010322" level="INFO">GET Request : url=https://randomuser.me/api 
 path_url=/api 
 headers={'User-Agent': 'python-requests/2.32.3', 'Accept-Encoding': 'gzip, deflate', 'Accept': '*/*', 'Connection': 'keep-alive'} 
 body=None 
 </msg>
<msg time="2024-07-13T03:16:07.010385" level="INFO">GET Response : url=https://randomuser.me/api 
 status=200, reason=OK 
 headers={'Date': 'Sat, 13 Jul 2024 03:16:07 GMT', 'Content-Type': 'application/json; charset=utf-8', 'Transfer-Encoding': 'chunked', 'Connection': 'keep-alive', 'X-Powered-By': 'Express', 'Access-Control-Allow-Origin': '*', 'Cache-Control': 'no-cache', 'ETag': 'W/"47b-GAulUHsczA4MTLX3ECdYv1DpjCw"', 'Vary': 'Accept-Encoding', 'Content-Encoding': 'gzip', 'CF-Cache-Status': 'DYNAMIC', 'Report-To': '{"endpoints":[{"url":"https:\\/\\/a.nel.cloudflare.com\\/report\\/v4?s=Pyk4Czv4n4CX5o08%2Fe4GvEcXIbj9v0bCFgBSIEBEqJOx7s7hu8BvX%2FkF4cOY8Ai%2BToOMNGmsXrqsLBZl%2B8rjkTPv7wZdp%2B1ET8124y0sW0ojPL65zVPHZni9Z3Hf0L7V"}],"group":"cf-nel","max_age":604800}', 'NEL': '{"success_fraction":0,"report_to":"cf-nel","max_age":604800}', 'Server': 'cloudflare', 'CF-RAY': '8a261cc72da382a8-IAD', 'alt-svc': 'h3=":443"; ma=86400'} 
 body={"results":[{"gender":"male","name":{"title":"Mr","first":"Aiden","last":"Grewal"},"location":{"street":{"number":3567,"name":"Parliament St"},"city":"Aylmer","state":"Prince Edward Island","country":"Canada","postcode":"F7N 2R7","coordinates":{"latitude":"-64.6340","longitude":"-43.2185"},"timezone":{"offset":"-2:00","description":"Mid-Atlantic"}},"email":"aiden.grewal@example.com","login":{"uuid":"0665b0b7-5b0d-4574-a5e8-a0a08e93c9e1","username":"tinyleopard693","password":"freak","salt":"vSd1wEsy","md5":"80fd7ad021afd8e6d435c5d0bcf27395","sha1":"a4e976a9168bbf5b0ca4e53b0329f4382fb9b411","sha256":"834abce12260de34b0b920634d119d0fddb27e0c9192d4f6072463d08bcfdc3e"},"dob":{"date":"1947-09-19T10:46:59.274Z","age":76},"registered":{"date":"2014-12-10T00:36:20.244Z","age":9},"phone":"O86 F75-9147","cell":"Q22 D60-8492","id":{"name":"SIN","value":"369930136"},"picture":{"large":"https://randomuser.me/api/portraits/men/5.jpg","medium":"https://randomuser.me/api/portraits/med/men/5.jpg","thumbnail":"https://randomuser.me/api/portraits/thumb/men/5.jpg"},"nat":"CA"}],"info":{"seed":"f17b3d979f68a90f","results":1,"page":1,"version":"1.4"}} 
 </msg>
<msg time="2024-07-13T03:16:07.010440" level="INFO">/opt/hostedtoolcache/Python/3.12.4/x64/lib/python3.12/site-packages/urllib3/connectionpool.py:1099: InsecureRequestWarning: Unverified HTTPS request is being made to host 'randomuser.me'. Adding certificate verification is strongly advised. See: https://urllib3.readthedocs.io/en/latest/advanced-usage.html#tls-warnings
  warnings.warn(</msg>
<msg time="2024-07-13T03:16:07.010543" level="INFO">${response} = &lt;Response [200]&gt;</msg>
<var>${response}</var>
<arg>consultarAPI</arg>
<arg>/api</arg>
<doc>Sends a GET request on a previously created HTTP Session.</doc>
<status status="PASS" start="2024-07-13T03:16:06.907251" elapsed="0.103334"/>
</kw>
<kw name="Set Variable" owner="BuiltIn">
<msg time="2024-07-13T03:16:07.011406" level="INFO">${json_data} = {'results': [{'gender': 'male', 'name': {'title': 'Mr', 'first': 'Aiden', 'last': 'Grewal'}, 'location': {'street': {'number': 3567, 'name': 'Parliament St'}, 'city': 'Aylmer', 'state': 'Prince Edward...</msg>
<var>${json_data}</var>
<arg>${response.json()}</arg>
<doc>Returns the given values which can then be assigned to a variables.</doc>
<status status="PASS" start="2024-07-13T03:16:07.010979" elapsed="0.000456"/>
</kw>
<kw name="Set Variable" owner="BuiltIn">
<msg time="2024-07-13T03:16:07.012118" level="INFO">${name_title} = Mr</msg>
<var>${name_title}</var>
<arg>${json_data["results"][0]["name"]["title"]}</arg>
<doc>Returns the given values which can then be assigned to a variables.</doc>
<status status="PASS" start="2024-07-13T03:16:07.011738" elapsed="0.000406"/>
</kw>
<kw name="Create List" owner="BuiltIn">
<msg time="2024-07-13T03:16:07.012614" level="INFO">${allowed_titles} = ['Mr', 'Ms', 'Miss', 'Mrs', 'Madame', 'Monsieur']</msg>
<var>${allowed_titles}</var>
<arg>Mr</arg>
<arg>Ms</arg>
<arg>Miss</arg>
<arg>Mrs</arg>
<arg>Madame</arg>
<arg>Monsieur</arg>
<doc>Returns a list containing given items.</doc>
<status status="PASS" start="2024-07-13T03:16:07.012464" elapsed="0.000175"/>
</kw>
<kw name="List Should Contain Value" owner="Collections">
<arg>${allowed_titles}</arg>
<arg>${name_title}</arg>
<doc>Fails if the ``value`` is not found from ``list``.</doc>
<status status="PASS" start="2024-07-13T03:16:07.012937" elapsed="0.000171"/>
</kw>
<kw name="Set Variable" owner="BuiltIn">
<msg time="2024-07-13T03:16:07.013654" level="INFO">${name_country} = CA</msg>
<var>${name_country}</var>
<arg>${json_data["results"][0]["nat"]}</arg>
<doc>Returns the given values which can then be assigned to a variables.</doc>
<status status="PASS" start="2024-07-13T03:16:07.013287" elapsed="0.000394"/>
</kw>
<kw name="Create List" owner="BuiltIn">
<msg time="2024-07-13T03:16:07.014562" level="INFO">${list_country} = ['AD', 'AE', 'AF', 'AG', 'AI', 'AL', 'AM', 'AO', 'AQ', 'AR', 'AS', 'AT', 'AU', 'AW', 'AX', 'AZ', 'BA', 'BB', 'BD', 'BE', 'BF', 'BG', 'BH', 'BI', 'BJ', 'BL', 'BM', 'BN', 'BO', 'BQ', 'BR', 'BS', 'BT', '...</msg>
<var>${list_country}</var>
<arg>AD</arg>
<arg>AE</arg>
<arg>AF</arg>
<arg>AG</arg>
<arg>AI</arg>
<arg>AL</arg>
<arg>AM</arg>
<arg>AO</arg>
<arg>AQ</arg>
<arg>AR</arg>
<arg>AS</arg>
<arg>AT</arg>
<arg>AU</arg>
<arg>AW</arg>
<arg>AX</arg>
<arg>AZ</arg>
<arg>BA</arg>
<arg>BB</arg>
<arg>BD</arg>
<arg>BE</arg>
<arg>BF</arg>
<arg>BG</arg>
<arg>BH</arg>
<arg>BI</arg>
<arg>BJ</arg>
<arg>BL</arg>
<arg>BM</arg>
<arg>BN</arg>
<arg>BO</arg>
<arg>BQ</arg>
<arg>BR</arg>
<arg>BS</arg>
<arg>BT</arg>
<arg>BV</arg>
<arg>BW</arg>
<arg>BY</arg>
<arg>BZ</arg>
<arg>CA</arg>
<arg>CC</arg>
<arg>CD</arg>
<arg>CF</arg>
<arg>CG</arg>
<arg>CH</arg>
<arg>CI</arg>
<arg>CK</arg>
<arg>CL</arg>
<arg>CM</arg>
<arg>CN</arg>
<arg>CO</arg>
<arg>CR</arg>
<arg>CU</arg>
<arg>CV</arg>
<arg>CW</arg>
<arg>CX</arg>
<arg>CY</arg>
<arg>CZ</arg>
<arg>DE</arg>
<arg>DJ</arg>
<arg>DK</arg>
<arg>DM</arg>
<arg>DO</arg>
<arg>DZ</arg>
<arg>EC</arg>
<arg>EE</arg>
<arg>EG</arg>
<arg>EH</arg>
<arg>ER</arg>
<arg>ES</arg>
<arg>ET</arg>
<arg>FI</arg>
<arg>FJ</arg>
<arg>FK</arg>
<arg>FM</arg>
<arg>FO</arg>
<arg>FR</arg>
<arg>GA</arg>
<arg>GB</arg>
<arg>GD</arg>
<arg>GE</arg>
<arg>GF</arg>
<arg>GG</arg>
<arg>GH</arg>
<arg>GI</arg>
<arg>GL</arg>
<arg>GM</arg>
<arg>GN</arg>
<arg>GP</arg>
<arg>GQ</arg>
<arg>GR</arg>
<arg>GS</arg>
<arg>GT</arg>
<arg>GU</arg>
<arg>GW</arg>
<arg>GY</arg>
<arg>HK</arg>
<arg>HM</arg>
<arg>HN</arg>
<arg>HR</arg>
<arg>HT</arg>
<arg>HU</arg>
<arg>ID</arg>
<arg>IE</arg>
<arg>IL</arg>
<arg>IM</arg>
<arg>IN</arg>
<arg>IO</arg>
<arg>IQ</arg>
<arg>IR</arg>
<arg>IS</arg>
<arg>IT</arg>
<arg>JE</arg>
<arg>JM</arg>
<arg>JO</arg>
<arg>JP</arg>
<arg>KE</arg>
<arg>KG</arg>
<arg>KH</arg>
<arg>KI</arg>
<arg>KM</arg>
<arg>KN</arg>
<arg>KP</arg>
<arg>KR</arg>
<arg>KW</arg>
<arg>KY</arg>
<arg>KZ</arg>
<arg>LA</arg>
<arg>LB</arg>
<arg>LC</arg>
<arg>LI</arg>
<arg>LK</arg>
<arg>LR</arg>
<arg>LS</arg>
<arg>LT</arg>
<arg>LU</arg>
<arg>LV</arg>
<arg>LY</arg>
<arg>MA</arg>
<arg>MC</arg>
<arg>MD</arg>
<arg>ME</arg>
<arg>MF</arg>
<arg>MG</arg>
<arg>MH</arg>
<arg>MK</arg>
<arg>ML</arg>
<arg>MM</arg>
<arg>MN</arg>
<arg>MO</arg>
<arg>MP</arg>
<arg>MQ</arg>
<arg>MR</arg>
<arg>MS</arg>
<arg>MT</arg>
<arg>MU</arg>
<arg>MV</arg>
<arg>MW</arg>
<arg>MX</arg>
<arg>MY</arg>
<arg>MZ</arg>
<arg>NA</arg>
<arg>NC</arg>
<arg>NE</arg>
<arg>NF</arg>
<arg>NG</arg>
<arg>NI</arg>
<arg>NL</arg>
<arg>NO</arg>
<arg>NP</arg>
<arg>NR</arg>
<arg>NU</arg>
<arg>NZ</arg>
<arg>OM</arg>
<arg>PA</arg>
<arg>PE</arg>
<arg>PF</arg>
<arg>PG</arg>
<arg>PH</arg>
<arg>PK</arg>
<arg>PL</arg>
<arg>PM</arg>
<arg>PN</arg>
<arg>PR</arg>
<arg>PS</arg>
<arg>PT</arg>
<arg>PW</arg>
<arg>PY</arg>
<arg>QA</arg>
<arg>RE</arg>
<arg>RO</arg>
<arg>RS</arg>
<arg>RU</arg>
<arg>RW</arg>
<arg>SA</arg>
<arg>SB</arg>
<arg>SC</arg>
<arg>SD</arg>
<arg>SE</arg>
<arg>SG</arg>
<arg>SH</arg>
<arg>SI</arg>
<arg>SJ</arg>
<arg>SK</arg>
<arg>SL</arg>
<arg>SM</arg>
<arg>SN</arg>
<arg>SO</arg>
<arg>SR</arg>
<arg>SS</arg>
<arg>ST</arg>
<arg>SV</arg>
<arg>SX</arg>
<arg>SY</arg>
<arg>SZ</arg>
<arg>TC</arg>
<arg>TD</arg>
<arg>TF</arg>
<arg>TG</arg>
<arg>TH</arg>
<arg>TJ</arg>
<arg>TK</arg>
<arg>TL</arg>
<arg>TM</arg>
<arg>TN</arg>
<arg>TO</arg>
<arg>TR</arg>
<arg>TT</arg>
<arg>TV</arg>
<arg>TW</arg>
<arg>TZ</arg>
<arg>UA</arg>
<arg>UG</arg>
<arg>UM</arg>
<arg>US</arg>
<arg>UY</arg>
<arg>UZ</arg>
<arg>VA</arg>
<arg>VC</arg>
<arg>VE</arg>
<arg>VG</arg>
<arg>VI</arg>
<arg>VN</arg>
<arg>VU</arg>
<arg>WF</arg>
<arg>WS</arg>
<arg>XK</arg>
<arg>YE</arg>
<arg>YT</arg>
<arg>ZA</arg>
<arg>ZM</arg>
<arg>ZW</arg>
<doc>Returns a list containing given items.</doc>
<status status="PASS" start="2024-07-13T03:16:07.013971" elapsed="0.000616"/>
</kw>
<kw name="List Should Contain Value" owner="Collections">
<arg>${list_country}</arg>
<arg>${name_country}</arg>
<doc>Fails if the ``value`` is not found from ``list``.</doc>
<status status="PASS" start="2024-07-13T03:16:07.015374" elapsed="0.000201"/>
</kw>
<kw name="Run Keyword If" owner="BuiltIn">
<kw name="Should Be True" owner="BuiltIn">
<arg>${True}</arg>
<doc>Fails if the given condition is not true.</doc>
<status status="PASS" start="2024-07-13T03:16:07.016533" elapsed="0.000142"/>
</kw>
<arg>${json_data["results"][0]["location"]["coordinates"]["latitude"]} &gt;= -90 and ${json_data["results"][0]["location"]["coordinates"]["latitude"]} &lt;= 90</arg>
<arg>Should Be True</arg>
<arg>${True}</arg>
<doc>Runs the given keyword with the given arguments, if ``condition`` is true.</doc>
<status status="PASS" start="2024-07-13T03:16:07.015769" elapsed="0.001033"/>
</kw>
<kw name="Run Keyword If" owner="BuiltIn">
<kw name="Should Be True" owner="BuiltIn">
<arg>${True}</arg>
<doc>Fails if the given condition is not true.</doc>
<status status="PASS" start="2024-07-13T03:16:07.017695" elapsed="0.000229"/>
</kw>
<arg>${json_data["results"][0]["location"]["coordinates"]["longitude"]} &gt;= -180 and ${json_data["results"][0]["location"]["coordinates"]["longitude"]} &lt;= 180</arg>
<arg>Should Be True</arg>
<arg>${True}</arg>
<doc>Runs the given keyword with the given arguments, if ``condition`` is true.</doc>
<status status="PASS" start="2024-07-13T03:16:07.016997" elapsed="0.001059"/>
</kw>
<status status="PASS" start="2024-07-13T03:16:06.907036" elapsed="0.111153"/>
</kw>
<doc>Testa o conteúdo específico dos campos retornados pela API.</doc>
<tag>testeConteudo</tag>
<status status="PASS" start="2024-07-13T03:16:06.906556" elapsed="0.111775"/>
</test>
<status status="PASS" start="2024-07-13T03:16:06.093869" elapsed="0.926360"/>
</suite>
<status status="PASS" start="2024-07-13T03:16:06.079397" elapsed="0.945775"/>
</suite>
<statistics>
<total>
<stat pass="5" fail="0" skip="0">All Tests</stat>
</total>
<tag>
<stat pass="1" fail="0" skip="0">testeConteudo</stat>
<stat pass="1" fail="0" skip="0">testeEstruturaResposta</stat>
<stat pass="1" fail="0" skip="0">testeRequisicaoBasica</stat>
<stat pass="1" fail="0" skip="0">testeTiposDados</stat>
</tag>
<suite>
<stat pass="5" fail="0" skip="0" id="s1" name="Tests">Tests</stat>
<stat pass="5" fail="0" skip="0" id="s1-s1" name="Random-User-Test">Tests.Random-User-Test</stat>
</suite>
</statistics>
<errors>
</errors>
</robot>
