<?xml version="1.0" encoding="UTF-8"?>
<robot generator="Robot 7.0 (Python 3.12.3 on linux)" generated="2024-05-07T03:16:49.954385" rpa="false" schemaversion="5">
<suite id="s1" name="Tests" source="/home/runner/work/DesafioQAItauRogerioJordao/DesafioQAItauRogerioJordao/RamdonUser/tests">
<suite id="s1-s1" name="Random-User-Test" source="/home/runner/work/DesafioQAItauRogerioJordao/DesafioQAItauRogerioJordao/RamdonUser/tests/random-user-test.robot">
<test id="s1-s1-t1" name="Conectar" line="13">
<kw name="Conectar API" owner="random-user-service">
<kw name="Create Session" owner="RequestsLibrary">
<msg time="2024-05-07T03:16:50.320628" level="INFO">Creating Session using : alias=consultarAPI, url=https://randomuser.me/, headers={},                     cookies={}, auth=None, timeout=None, proxies=None, verify=False,                     debug=0 </msg>
<arg>consultarAPI</arg>
<arg>${URL}</arg>
<doc>Create Session: create a HTTP session to a server</doc>
<status status="PASS" start="2024-05-07T03:16:50.320425" elapsed="0.000389"/>
</kw>
<status status="PASS" start="2024-05-07T03:16:50.319457" elapsed="0.001721"/>
</kw>
<status status="PASS" start="2024-05-07T03:16:50.318888" elapsed="0.002483"/>
</test>
<test id="s1-s1-t2" name="Validar retorno 200 e JSON Válido" line="16">
<kw name="Teste de Requisicao Basica" owner="random-user-service">
<kw name="GET On Session" owner="RequestsLibrary">
<msg time="2024-05-07T03:16:50.586812" level="INFO">GET Request : url=https://randomuser.me/api 
 path_url=/api 
 headers={'User-Agent': 'python-requests/2.31.0', 'Accept-Encoding': 'gzip, deflate', 'Accept': '*/*', 'Connection': 'keep-alive'} 
 body=None 
 </msg>
<msg time="2024-05-07T03:16:50.586967" level="INFO">GET Response : url=https://randomuser.me/api 
 status=200, reason=OK 
 headers={'Date': 'Tue, 07 May 2024 03:16:50 GMT', 'Content-Type': 'application/json; charset=utf-8', 'Transfer-Encoding': 'chunked', 'Connection': 'keep-alive', 'X-Powered-By': 'Express', 'Access-Control-Allow-Origin': '*', 'Cache-Control': 'no-cache', 'ETag': 'W/"473-iKRzCeHzisNJgbI1Jz4S9ZEIdBk"', 'Vary': 'Accept-Encoding', 'Content-Encoding': 'gzip', 'CF-Cache-Status': 'DYNAMIC', 'Report-To': '{"endpoints":[{"url":"https:\\/\\/a.nel.cloudflare.com\\/report\\/v4?s=lZ9b4MB6UQz5phQSIkhSXiOhlYzVR1uMYfToPhqH9rdohsWuOoTzK3hSZBlkc2kD%2Btp1DzdLu6Q4Z9nlElqsp%2B2J1JIAW5wAq2%2FocC72Zd57hEt4rYv%2Bk%2B4oPo7eGkJs"}],"group":"cf-nel","max_age":604800}', 'NEL': '{"success_fraction":0,"report_to":"cf-nel","max_age":604800}', 'Server': 'cloudflare', 'CF-RAY': '87fe0db79ce47aee-SJC', 'alt-svc': 'h3=":443"; ma=86400'} 
 body={"results":[{"gender":"female","name":{"title":"Mrs","first":"Veronica","last":"Nese"},"location":{"street":{"number":5849,"name":"Fjellknattveien"},"city":"Høylandet","state":"Trøndelag","country":"Norway","postcode":"0876","coordinates":{"latitude":"43.4632","longitude":"139.0681"},"timezone":{"offset":"-3:30","description":"Newfoundland"}},"email":"veronica.nese@example.com","login":{"uuid":"f995935e-e403-4784-860a-d123050d92e9","username":"redswan193","password":"1948","salt":"sdmCIqGy","md5":"0bfa15a65656f229b0df38aa8d8610b0","sha1":"406be68a5828d11fa71a3018612a699fb7f46bce","sha256":"016197ee828ab9c900b3d44a557af4c5308416d77e82b066132183d93db7fa58"},"dob":{"date":"1954-06-06T16:56:30.778Z","age":69},"registered":{"date":"2006-12-25T07:52:13.234Z","age":17},"phone":"50851956","cell":"92234196","id":{"name":"FN","value":"06065418248"},"picture":{"large":"https://randomuser.me/api/portraits/women/2.jpg","medium":"https://randomuser.me/api/portraits/med/women/2.jpg","thumbnail":"https://randomuser.me/api/portraits/thumb/women/2.jpg"},"nat":"NO"}],"info":{"seed":"98543a589bbb7e13","results":1,"page":1,"version":"1.4"}} 
 </msg>
<msg time="2024-05-07T03:16:50.587053" level="INFO">/opt/hostedtoolcache/Python/3.12.3/x64/lib/python3.12/site-packages/urllib3/connectionpool.py:1103: InsecureRequestWarning: Unverified HTTPS request is being made to host 'randomuser.me'. Adding certificate verification is strongly advised. See: https://urllib3.readthedocs.io/en/latest/advanced-usage.html#tls-warnings
  warnings.warn(</msg>
<msg time="2024-05-07T03:16:50.587208" level="INFO">${response} = &lt;Response [200]&gt;</msg>
<var>${response}</var>
<arg>consultarAPI</arg>
<arg>/api</arg>
<doc>Sends a GET request on a previously created HTTP Session.</doc>
<status status="PASS" start="2024-05-07T03:16:50.323989" elapsed="0.263260"/>
</kw>
<kw name="Should Be Equal As Numbers" owner="BuiltIn">
<msg time="2024-05-07T03:16:50.588243" level="INFO">Argument types are:
&lt;class 'int'&gt;
&lt;class 'str'&gt;</msg>
<arg>${response.status_code}</arg>
<arg>200</arg>
<doc>Fails if objects are unequal after converting them to real numbers.</doc>
<status status="PASS" start="2024-05-07T03:16:50.587783" elapsed="0.000526"/>
</kw>
<kw name="Log" owner="BuiltIn">
<msg time="2024-05-07T03:16:50.589019" level="INFO">200</msg>
<arg>${response.status_code}</arg>
<doc>Logs the given message with the given level.</doc>
<status status="PASS" start="2024-05-07T03:16:50.588664" elapsed="0.000398"/>
</kw>
<kw name="Set Variable" owner="BuiltIn">
<msg time="2024-05-07T03:16:50.589873" level="INFO">${json_data} = {'results': [{'gender': 'female', 'name': {'title': 'Mrs', 'first': 'Veronica', 'last': 'Nese'}, 'location': {'street': {'number': 5849, 'name': 'Fjellknattveien'}, 'city': 'Høylandet', 'state': 'Trøn...</msg>
<var>${json_data}</var>
<arg>${response.json()}</arg>
<doc>Returns the given values which can then be assigned to a variables.</doc>
<status status="PASS" start="2024-05-07T03:16:50.589368" elapsed="0.000535"/>
</kw>
<kw name="Dictionary Should Contain Key" owner="Collections">
<msg time="2024-05-07T03:16:50.590387" level="INFO">False</msg>
<arg>${json_data}</arg>
<arg>results</arg>
<doc>Fails if ``key`` is not found from ``dictionary``.</doc>
<status status="PASS" start="2024-05-07T03:16:50.590214" elapsed="0.000214"/>
</kw>
<status status="PASS" start="2024-05-07T03:16:50.323746" elapsed="0.266943"/>
</kw>
<doc>Testa se a API responde corretamente e retorna um objeto JSON válido.</doc>
<tag>testeRequisicaoBasica</tag>
<status status="PASS" start="2024-05-07T03:16:50.323282" elapsed="0.267596"/>
</test>
<test id="s1-s1-t3" name="Validar estrutura de resposta" line="22">
<kw name="Teste de Estrutura de Resposta" owner="random-user-service">
<kw name="GET On Session" owner="RequestsLibrary">
<msg time="2024-05-07T03:16:51.739011" level="INFO">GET Request : url=https://randomuser.me/api 
 path_url=/api 
 headers={'User-Agent': 'python-requests/2.31.0', 'Accept-Encoding': 'gzip, deflate', 'Accept': '*/*', 'Connection': 'keep-alive'} 
 body=None 
 </msg>
<msg time="2024-05-07T03:16:51.739112" level="INFO">GET Response : url=https://randomuser.me/api 
 status=200, reason=OK 
 headers={'Date': 'Tue, 07 May 2024 03:16:51 GMT', 'Content-Type': 'application/json; charset=utf-8', 'Transfer-Encoding': 'chunked', 'Connection': 'keep-alive', 'X-Powered-By': 'Express', 'Access-Control-Allow-Origin': '*', 'Cache-Control': 'no-cache', 'ETag': 'W/"471-6U7DGgu3KX6TURwa097q2UbZsX4"', 'Vary': 'Accept-Encoding', 'Content-Encoding': 'gzip', 'CF-Cache-Status': 'DYNAMIC', 'Report-To': '{"endpoints":[{"url":"https:\\/\\/a.nel.cloudflare.com\\/report\\/v4?s=ninBF0Hze570nBrINCLjcWVrAtQsWJYgiLuo7ou%2BnaHhWywEzkqWlEY%2Bw45jWF607fADBFBs%2Fx9l1CBY9S8NupeDR7hwiZf5H4fCjvTtOcxWFpzj%2BGosbAPKx4UNLDJx"}],"group":"cf-nel","max_age":604800}', 'NEL': '{"success_fraction":0,"report_to":"cf-nel","max_age":604800}', 'Server': 'cloudflare', 'CF-RAY': '87fe0db83d527aee-SJC', 'alt-svc': 'h3=":443"; ma=86400'} 
 body={"results":[{"gender":"male","name":{"title":"Mr","first":"Arman","last":"Rønneberg"},"location":{"street":{"number":8768,"name":"Lille Grensen"},"city":"Byrkjelo","state":"Vest-Agder","country":"Norway","postcode":"3528","coordinates":{"latitude":"46.7788","longitude":"-171.3613"},"timezone":{"offset":"+3:30","description":"Tehran"}},"email":"arman.ronneberg@example.com","login":{"uuid":"1b9e81f2-d1c5-49da-8417-bd83bfddbd93","username":"beautifulkoala760","password":"dante","salt":"2eWvK1OF","md5":"f329e7febbdba0102f48dc92dce79961","sha1":"7c592247cb962ff2cb4f846b07b92bd7ed8ebe88","sha256":"be37d0c4117772e6d2bd15a13e63d5a4381d2b2b347db4819a882b9d70f934bd"},"dob":{"date":"1994-01-01T05:38:01.969Z","age":30},"registered":{"date":"2013-03-12T21:01:29.450Z","age":11},"phone":"79887862","cell":"49912082","id":{"name":"FN","value":"01019408333"},"picture":{"large":"https://randomuser.me/api/portraits/men/20.jpg","medium":"https://randomuser.me/api/portraits/med/men/20.jpg","thumbnail":"https://randomuser.me/api/portraits/thumb/men/20.jpg"},"nat":"NO"}],"info":{"seed":"314d76640483d7dd","results":1,"page":1,"version":"1.4"}} 
 </msg>
<msg time="2024-05-07T03:16:51.739246" level="INFO">/opt/hostedtoolcache/Python/3.12.3/x64/lib/python3.12/site-packages/urllib3/connectionpool.py:1103: InsecureRequestWarning: Unverified HTTPS request is being made to host 'randomuser.me'. Adding certificate verification is strongly advised. See: https://urllib3.readthedocs.io/en/latest/advanced-usage.html#tls-warnings
  warnings.warn(</msg>
<msg time="2024-05-07T03:16:51.739372" level="INFO">${response} = &lt;Response [200]&gt;</msg>
<var>${response}</var>
<arg>consultarAPI</arg>
<arg>/api</arg>
<doc>Sends a GET request on a previously created HTTP Session.</doc>
<status status="PASS" start="2024-05-07T03:16:50.593475" elapsed="1.145937"/>
</kw>
<kw name="Set Variable" owner="BuiltIn">
<msg time="2024-05-07T03:16:51.740464" level="INFO">${json_data} = {'results': [{'gender': 'male', 'name': {'title': 'Mr', 'first': 'Arman', 'last': 'Rønneberg'}, 'location': {'street': {'number': 8768, 'name': 'Lille Grensen'}, 'city': 'Byrkjelo', 'state': 'Vest-Agd...</msg>
<var>${json_data}</var>
<arg>${response.json()}</arg>
<doc>Returns the given values which can then be assigned to a variables.</doc>
<status status="PASS" start="2024-05-07T03:16:51.739926" elapsed="0.000568"/>
</kw>
<kw name="Log" owner="BuiltIn">
<msg time="2024-05-07T03:16:51.740968" level="INFO">{'results': [{'gender': 'male', 'name': {'title': 'Mr', 'first': 'Arman', 'last': 'Rønneberg'}, 'location': {'street': {'number': 8768, 'name': 'Lille Grensen'}, 'city': 'Byrkjelo', 'state': 'Vest-Agder', 'country': 'Norway', 'postcode': '3528', 'coordinates': {'latitude': '46.7788', 'longitude': '-171.3613'}, 'timezone': {'offset': '+3:30', 'description': 'Tehran'}}, 'email': 'arman.ronneberg@example.com', 'login': {'uuid': '1b9e81f2-d1c5-49da-8417-bd83bfddbd93', 'username': 'beautifulkoala760', 'password': 'dante', 'salt': '2eWvK1OF', 'md5': 'f329e7febbdba0102f48dc92dce79961', 'sha1': '7c592247cb962ff2cb4f846b07b92bd7ed8ebe88', 'sha256': 'be37d0c4117772e6d2bd15a13e63d5a4381d2b2b347db4819a882b9d70f934bd'}, 'dob': {'date': '1994-01-01T05:38:01.969Z', 'age': 30}, 'registered': {'date': '2013-03-12T21:01:29.450Z', 'age': 11}, 'phone': '79887862', 'cell': '49912082', 'id': {'name': 'FN', 'value': '01019408333'}, 'picture': {'large': 'https://randomuser.me/api/portraits/men/20.jpg', 'medium': 'https://randomuser.me/api/portraits/med/men/20.jpg', 'thumbnail': 'https://randomuser.me/api/portraits/thumb/men/20.jpg'}, 'nat': 'NO'}], 'info': {'seed': '314d76640483d7dd', 'results': 1, 'page': 1, 'version': '1.4'}}</msg>
<arg>${json_data}</arg>
<doc>Logs the given message with the given level.</doc>
<status status="PASS" start="2024-05-07T03:16:51.740805" elapsed="0.000215"/>
</kw>
<kw name="Dictionary Should Contain Key" owner="Collections">
<msg time="2024-05-07T03:16:51.741509" level="INFO">False</msg>
<arg>${json_data}</arg>
<arg>results</arg>
<doc>Fails if ``key`` is not found from ``dictionary``.</doc>
<status status="PASS" start="2024-05-07T03:16:51.741317" elapsed="0.000235"/>
</kw>
<kw name="Should Not Be Empty" owner="BuiltIn">
<msg time="2024-05-07T03:16:51.741988" level="INFO">Length is 2.</msg>
<arg>${json_data}</arg>
<doc>Verifies that the given item is not empty.</doc>
<status status="PASS" start="2024-05-07T03:16:51.741854" elapsed="0.000331"/>
</kw>
<kw name="Create List" owner="BuiltIn">
<msg time="2024-05-07T03:16:51.742637" level="INFO">${expected_keys} = ['gender', 'name', 'location', 'email', 'login']</msg>
<var>${expected_keys}</var>
<arg>gender</arg>
<arg>name</arg>
<arg>location</arg>
<arg>email</arg>
<arg>login</arg>
<doc>Returns a list containing given items.</doc>
<status status="PASS" start="2024-05-07T03:16:51.742483" elapsed="0.000179"/>
</kw>
<for flavor="IN">
<iter>
<kw name="Dictionary Should Contain Key" owner="Collections">
<msg time="2024-05-07T03:16:51.743659" level="INFO">False</msg>
<arg>${json_data['results'][0]}</arg>
<arg>${key}</arg>
<doc>Fails if ``key`` is not found from ``dictionary``.</doc>
<status status="PASS" start="2024-05-07T03:16:51.743254" elapsed="0.000443"/>
</kw>
<kw name="Log" owner="BuiltIn">
<msg time="2024-05-07T03:16:51.744360" level="INFO">{'gender': 'male', 'name': {'title': 'Mr', 'first': 'Arman', 'last': 'Rønneberg'}, 'location': {'street': {'number': 8768, 'name': 'Lille Grensen'}, 'city': 'Byrkjelo', 'state': 'Vest-Agder', 'country': 'Norway', 'postcode': '3528', 'coordinates': {'latitude': '46.7788', 'longitude': '-171.3613'}, 'timezone': {'offset': '+3:30', 'description': 'Tehran'}}, 'email': 'arman.ronneberg@example.com', 'login': {'uuid': '1b9e81f2-d1c5-49da-8417-bd83bfddbd93', 'username': 'beautifulkoala760', 'password': 'dante', 'salt': '2eWvK1OF', 'md5': 'f329e7febbdba0102f48dc92dce79961', 'sha1': '7c592247cb962ff2cb4f846b07b92bd7ed8ebe88', 'sha256': 'be37d0c4117772e6d2bd15a13e63d5a4381d2b2b347db4819a882b9d70f934bd'}, 'dob': {'date': '1994-01-01T05:38:01.969Z', 'age': 30}, 'registered': {'date': '2013-03-12T21:01:29.450Z', 'age': 11}, 'phone': '79887862', 'cell': '49912082', 'id': {'name': 'FN', 'value': '01019408333'}, 'picture': {'large': 'https://randomuser.me/api/portraits/men/20.jpg', 'medium': 'https://randomuser.me/api/portraits/med/men/20.jpg', 'thumbnail': 'https://randomuser.me/api/portraits/thumb/men/20.jpg'}, 'nat': 'NO'}</msg>
<arg>${json_data['results'][0]}</arg>
<doc>Logs the given message with the given level.</doc>
<status status="PASS" start="2024-05-07T03:16:51.743996" elapsed="0.000416"/>
</kw>
<kw name="Log" owner="BuiltIn">
<msg time="2024-05-07T03:16:51.744836" level="INFO">gender</msg>
<arg>${key}</arg>
<doc>Logs the given message with the given level.</doc>
<status status="PASS" start="2024-05-07T03:16:51.744709" elapsed="0.000165"/>
</kw>
<var name="${key}">gender</var>
<status status="PASS" start="2024-05-07T03:16:51.743127" elapsed="0.001963"/>
</iter>
<iter>
<kw name="Dictionary Should Contain Key" owner="Collections">
<msg time="2024-05-07T03:16:51.745805" level="INFO">False</msg>
<arg>${json_data['results'][0]}</arg>
<arg>${key}</arg>
<doc>Fails if ``key`` is not found from ``dictionary``.</doc>
<status status="PASS" start="2024-05-07T03:16:51.745390" elapsed="0.000452"/>
</kw>
<kw name="Log" owner="BuiltIn">
<msg time="2024-05-07T03:16:51.746539" level="INFO">{'gender': 'male', 'name': {'title': 'Mr', 'first': 'Arman', 'last': 'Rønneberg'}, 'location': {'street': {'number': 8768, 'name': 'Lille Grensen'}, 'city': 'Byrkjelo', 'state': 'Vest-Agder', 'country': 'Norway', 'postcode': '3528', 'coordinates': {'latitude': '46.7788', 'longitude': '-171.3613'}, 'timezone': {'offset': '+3:30', 'description': 'Tehran'}}, 'email': 'arman.ronneberg@example.com', 'login': {'uuid': '1b9e81f2-d1c5-49da-8417-bd83bfddbd93', 'username': 'beautifulkoala760', 'password': 'dante', 'salt': '2eWvK1OF', 'md5': 'f329e7febbdba0102f48dc92dce79961', 'sha1': '7c592247cb962ff2cb4f846b07b92bd7ed8ebe88', 'sha256': 'be37d0c4117772e6d2bd15a13e63d5a4381d2b2b347db4819a882b9d70f934bd'}, 'dob': {'date': '1994-01-01T05:38:01.969Z', 'age': 30}, 'registered': {'date': '2013-03-12T21:01:29.450Z', 'age': 11}, 'phone': '79887862', 'cell': '49912082', 'id': {'name': 'FN', 'value': '01019408333'}, 'picture': {'large': 'https://randomuser.me/api/portraits/men/20.jpg', 'medium': 'https://randomuser.me/api/portraits/med/men/20.jpg', 'thumbnail': 'https://randomuser.me/api/portraits/thumb/men/20.jpg'}, 'nat': 'NO'}</msg>
<arg>${json_data['results'][0]}</arg>
<doc>Logs the given message with the given level.</doc>
<status status="PASS" start="2024-05-07T03:16:51.746169" elapsed="0.000420"/>
</kw>
<kw name="Log" owner="BuiltIn">
<msg time="2024-05-07T03:16:51.747011" level="INFO">name</msg>
<arg>${key}</arg>
<doc>Logs the given message with the given level.</doc>
<status status="PASS" start="2024-05-07T03:16:51.746885" elapsed="0.000163"/>
</kw>
<var name="${key}">name</var>
<status status="PASS" start="2024-05-07T03:16:51.745277" elapsed="0.001985"/>
</iter>
<iter>
<kw name="Dictionary Should Contain Key" owner="Collections">
<msg time="2024-05-07T03:16:51.747940" level="INFO">False</msg>
<arg>${json_data['results'][0]}</arg>
<arg>${key}</arg>
<doc>Fails if ``key`` is not found from ``dictionary``.</doc>
<status status="PASS" start="2024-05-07T03:16:51.747553" elapsed="0.000424"/>
</kw>
<kw name="Log" owner="BuiltIn">
<msg time="2024-05-07T03:16:51.748639" level="INFO">{'gender': 'male', 'name': {'title': 'Mr', 'first': 'Arman', 'last': 'Rønneberg'}, 'location': {'street': {'number': 8768, 'name': 'Lille Grensen'}, 'city': 'Byrkjelo', 'state': 'Vest-Agder', 'country': 'Norway', 'postcode': '3528', 'coordinates': {'latitude': '46.7788', 'longitude': '-171.3613'}, 'timezone': {'offset': '+3:30', 'description': 'Tehran'}}, 'email': 'arman.ronneberg@example.com', 'login': {'uuid': '1b9e81f2-d1c5-49da-8417-bd83bfddbd93', 'username': 'beautifulkoala760', 'password': 'dante', 'salt': '2eWvK1OF', 'md5': 'f329e7febbdba0102f48dc92dce79961', 'sha1': '7c592247cb962ff2cb4f846b07b92bd7ed8ebe88', 'sha256': 'be37d0c4117772e6d2bd15a13e63d5a4381d2b2b347db4819a882b9d70f934bd'}, 'dob': {'date': '1994-01-01T05:38:01.969Z', 'age': 30}, 'registered': {'date': '2013-03-12T21:01:29.450Z', 'age': 11}, 'phone': '79887862', 'cell': '49912082', 'id': {'name': 'FN', 'value': '01019408333'}, 'picture': {'large': 'https://randomuser.me/api/portraits/men/20.jpg', 'medium': 'https://randomuser.me/api/portraits/med/men/20.jpg', 'thumbnail': 'https://randomuser.me/api/portraits/thumb/men/20.jpg'}, 'nat': 'NO'}</msg>
<arg>${json_data['results'][0]}</arg>
<doc>Logs the given message with the given level.</doc>
<status status="PASS" start="2024-05-07T03:16:51.748281" elapsed="0.000406"/>
</kw>
<kw name="Log" owner="BuiltIn">
<msg time="2024-05-07T03:16:51.749104" level="INFO">location</msg>
<arg>${key}</arg>
<doc>Logs the given message with the given level.</doc>
<status status="PASS" start="2024-05-07T03:16:51.748980" elapsed="0.000162"/>
</kw>
<var name="${key}">location</var>
<status status="PASS" start="2024-05-07T03:16:51.747442" elapsed="0.001912"/>
</iter>
<iter>
<kw name="Dictionary Should Contain Key" owner="Collections">
<msg time="2024-05-07T03:16:51.750059" level="INFO">False</msg>
<arg>${json_data['results'][0]}</arg>
<arg>${key}</arg>
<doc>Fails if ``key`` is not found from ``dictionary``.</doc>
<status status="PASS" start="2024-05-07T03:16:51.749674" elapsed="0.000422"/>
</kw>
<kw name="Log" owner="BuiltIn">
<msg time="2024-05-07T03:16:51.750747" level="INFO">{'gender': 'male', 'name': {'title': 'Mr', 'first': 'Arman', 'last': 'Rønneberg'}, 'location': {'street': {'number': 8768, 'name': 'Lille Grensen'}, 'city': 'Byrkjelo', 'state': 'Vest-Agder', 'country': 'Norway', 'postcode': '3528', 'coordinates': {'latitude': '46.7788', 'longitude': '-171.3613'}, 'timezone': {'offset': '+3:30', 'description': 'Tehran'}}, 'email': 'arman.ronneberg@example.com', 'login': {'uuid': '1b9e81f2-d1c5-49da-8417-bd83bfddbd93', 'username': 'beautifulkoala760', 'password': 'dante', 'salt': '2eWvK1OF', 'md5': 'f329e7febbdba0102f48dc92dce79961', 'sha1': '7c592247cb962ff2cb4f846b07b92bd7ed8ebe88', 'sha256': 'be37d0c4117772e6d2bd15a13e63d5a4381d2b2b347db4819a882b9d70f934bd'}, 'dob': {'date': '1994-01-01T05:38:01.969Z', 'age': 30}, 'registered': {'date': '2013-03-12T21:01:29.450Z', 'age': 11}, 'phone': '79887862', 'cell': '49912082', 'id': {'name': 'FN', 'value': '01019408333'}, 'picture': {'large': 'https://randomuser.me/api/portraits/men/20.jpg', 'medium': 'https://randomuser.me/api/portraits/med/men/20.jpg', 'thumbnail': 'https://randomuser.me/api/portraits/thumb/men/20.jpg'}, 'nat': 'NO'}</msg>
<arg>${json_data['results'][0]}</arg>
<doc>Logs the given message with the given level.</doc>
<status status="PASS" start="2024-05-07T03:16:51.750391" elapsed="0.000405"/>
</kw>
<kw name="Log" owner="BuiltIn">
<msg time="2024-05-07T03:16:51.751215" level="INFO">email</msg>
<arg>${key}</arg>
<doc>Logs the given message with the given level.</doc>
<status status="PASS" start="2024-05-07T03:16:51.751090" elapsed="0.000162"/>
</kw>
<var name="${key}">email</var>
<status status="PASS" start="2024-05-07T03:16:51.749552" elapsed="0.001911"/>
</iter>
<iter>
<kw name="Dictionary Should Contain Key" owner="Collections">
<msg time="2024-05-07T03:16:51.752120" level="INFO">False</msg>
<arg>${json_data['results'][0]}</arg>
<arg>${key}</arg>
<doc>Fails if ``key`` is not found from ``dictionary``.</doc>
<status status="PASS" start="2024-05-07T03:16:51.751742" elapsed="0.000415"/>
</kw>
<kw name="Log" owner="BuiltIn">
<msg time="2024-05-07T03:16:51.752811" level="INFO">{'gender': 'male', 'name': {'title': 'Mr', 'first': 'Arman', 'last': 'Rønneberg'}, 'location': {'street': {'number': 8768, 'name': 'Lille Grensen'}, 'city': 'Byrkjelo', 'state': 'Vest-Agder', 'country': 'Norway', 'postcode': '3528', 'coordinates': {'latitude': '46.7788', 'longitude': '-171.3613'}, 'timezone': {'offset': '+3:30', 'description': 'Tehran'}}, 'email': 'arman.ronneberg@example.com', 'login': {'uuid': '1b9e81f2-d1c5-49da-8417-bd83bfddbd93', 'username': 'beautifulkoala760', 'password': 'dante', 'salt': '2eWvK1OF', 'md5': 'f329e7febbdba0102f48dc92dce79961', 'sha1': '7c592247cb962ff2cb4f846b07b92bd7ed8ebe88', 'sha256': 'be37d0c4117772e6d2bd15a13e63d5a4381d2b2b347db4819a882b9d70f934bd'}, 'dob': {'date': '1994-01-01T05:38:01.969Z', 'age': 30}, 'registered': {'date': '2013-03-12T21:01:29.450Z', 'age': 11}, 'phone': '79887862', 'cell': '49912082', 'id': {'name': 'FN', 'value': '01019408333'}, 'picture': {'large': 'https://randomuser.me/api/portraits/men/20.jpg', 'medium': 'https://randomuser.me/api/portraits/med/men/20.jpg', 'thumbnail': 'https://randomuser.me/api/portraits/thumb/men/20.jpg'}, 'nat': 'NO'}</msg>
<arg>${json_data['results'][0]}</arg>
<doc>Logs the given message with the given level.</doc>
<status status="PASS" start="2024-05-07T03:16:51.752447" elapsed="0.000412"/>
</kw>
<kw name="Log" owner="BuiltIn">
<msg time="2024-05-07T03:16:51.753276" level="INFO">login</msg>
<arg>${key}</arg>
<doc>Logs the given message with the given level.</doc>
<status status="PASS" start="2024-05-07T03:16:51.753152" elapsed="0.000161"/>
</kw>
<var name="${key}">login</var>
<status status="PASS" start="2024-05-07T03:16:51.751633" elapsed="0.001924"/>
</iter>
<var>${key}</var>
<value>@{expected_keys}</value>
<status status="PASS" start="2024-05-07T03:16:51.742924" elapsed="0.010759"/>
</for>
<kw name="Create List" owner="BuiltIn">
<msg time="2024-05-07T03:16:51.754045" level="INFO">${expected_keysTwo} = ['username', 'password']</msg>
<var>${expected_keysTwo}</var>
<arg>username</arg>
<arg>password</arg>
<doc>Returns a list containing given items.</doc>
<status status="PASS" start="2024-05-07T03:16:51.753907" elapsed="0.000161"/>
</kw>
<for flavor="IN">
<iter>
<kw name="Dictionary Should Contain Key" owner="Collections">
<msg time="2024-05-07T03:16:51.754944" level="INFO">False</msg>
<arg>${json_data['results'][0]['login']}</arg>
<arg>${keyTwo}</arg>
<doc>Fails if ``key`` is not found from ``dictionary``.</doc>
<status status="PASS" start="2024-05-07T03:16:51.754559" elapsed="0.000422"/>
</kw>
<kw name="Dictionary Should Contain Key" owner="Collections">
<msg time="2024-05-07T03:16:51.755653" level="INFO">False</msg>
<arg>${json_data['results'][0]['login']}</arg>
<arg>${keyTwo}</arg>
<doc>Fails if ``key`` is not found from ``dictionary``.</doc>
<status status="PASS" start="2024-05-07T03:16:51.755272" elapsed="0.000418"/>
</kw>
<kw name="Log" owner="BuiltIn">
<msg time="2024-05-07T03:16:51.756101" level="INFO">username</msg>
<arg>${keyTwo}</arg>
<doc>Logs the given message with the given level.</doc>
<status status="PASS" start="2024-05-07T03:16:51.755977" elapsed="0.000166"/>
</kw>
<var name="${keyTwo}">username</var>
<status status="PASS" start="2024-05-07T03:16:51.754450" elapsed="0.001904"/>
</iter>
<iter>
<kw name="Dictionary Should Contain Key" owner="Collections">
<msg time="2024-05-07T03:16:51.757094" level="INFO">False</msg>
<arg>${json_data['results'][0]['login']}</arg>
<arg>${keyTwo}</arg>
<doc>Fails if ``key`` is not found from ``dictionary``.</doc>
<status status="PASS" start="2024-05-07T03:16:51.756631" elapsed="0.000503"/>
</kw>
<kw name="Dictionary Should Contain Key" owner="Collections">
<msg time="2024-05-07T03:16:51.757834" level="INFO">False</msg>
<arg>${json_data['results'][0]['login']}</arg>
<arg>${keyTwo}</arg>
<doc>Fails if ``key`` is not found from ``dictionary``.</doc>
<status status="PASS" start="2024-05-07T03:16:51.757428" elapsed="0.000442"/>
</kw>
<kw name="Log" owner="BuiltIn">
<msg time="2024-05-07T03:16:51.758295" level="INFO">password</msg>
<arg>${keyTwo}</arg>
<doc>Logs the given message with the given level.</doc>
<status status="PASS" start="2024-05-07T03:16:51.758168" elapsed="0.000163"/>
</kw>
<var name="${keyTwo}">password</var>
<status status="PASS" start="2024-05-07T03:16:51.756522" elapsed="0.002021"/>
</iter>
<var>${keyTwo}</var>
<value>@{expected_keysTwo}</value>
<status status="PASS" start="2024-05-07T03:16:51.754302" elapsed="0.004361"/>
</for>
<status status="PASS" start="2024-05-07T03:16:50.593232" elapsed="1.165569"/>
</kw>
<doc>Testa a estrutura da resposta da API.</doc>
<tag>testeEstruturaResposta</tag>
<status status="PASS" start="2024-05-07T03:16:50.592724" elapsed="1.166234"/>
</test>
<test id="s1-s1-t4" name="Validar tipos de dados" line="28">
<kw name="Teste de Tipos de Dados" owner="random-user-service">
<kw name="GET On Session" owner="RequestsLibrary">
<msg time="2024-05-07T03:16:52.097942" level="INFO">GET Request : url=https://randomuser.me/api 
 path_url=/api 
 headers={'User-Agent': 'python-requests/2.31.0', 'Accept-Encoding': 'gzip, deflate', 'Accept': '*/*', 'Connection': 'keep-alive'} 
 body=None 
 </msg>
<msg time="2024-05-07T03:16:52.098038" level="INFO">GET Response : url=https://randomuser.me/api 
 status=200, reason=OK 
 headers={'Date': 'Tue, 07 May 2024 03:16:52 GMT', 'Content-Type': 'application/json; charset=utf-8', 'Transfer-Encoding': 'chunked', 'Connection': 'keep-alive', 'X-Powered-By': 'Express', 'Access-Control-Allow-Origin': '*', 'Cache-Control': 'no-cache', 'ETag': 'W/"4a6-htRyiblsWHzvvLaYTK4PZbilQ8w"', 'Vary': 'Accept-Encoding', 'Content-Encoding': 'gzip', 'CF-Cache-Status': 'DYNAMIC', 'Report-To': '{"endpoints":[{"url":"https:\\/\\/a.nel.cloudflare.com\\/report\\/v4?s=t0RVHR7Dfq7GXk%2Fg4S66GVvN%2FlH06x5K0RVDwzd%2Btx%2FKio5ylrCB%2B8%2B48tZadpMi9mHdgiyeixrdXQ%2BXQmMNlHB2jci8DqljZE7DaxS%2F2Yxjr2ROuLoPdUtgsC%2FxtRe0"}],"group":"cf-nel","max_age":604800}', 'NEL': '{"success_fraction":0,"report_to":"cf-nel","max_age":604800}', 'Server': 'cloudflare', 'CF-RAY': '87fe0dbf8aed7aee-SJC', 'alt-svc': 'h3=":443"; ma=86400'} 
 body={"results":[{"gender":"female","name":{"title":"Mrs","first":"Pieta","last":"Molleman"},"location":{"street":{"number":514,"name":"Achterweteringseweg"},"city":"Wellerlooi","state":"Groningen","country":"Netherlands","postcode":"0208 SN","coordinates":{"latitude":"37.0469","longitude":"43.4102"},"timezone":{"offset":"+4:00","description":"Abu Dhabi, Muscat, Baku, Tbilisi"}},"email":"pieta.molleman@example.com","login":{"uuid":"b78900e5-158f-4aef-b869-7196b5854fdf","username":"purpleladybug173","password":"hamburg","salt":"vH9O30EH","md5":"e3150b93fcfc59717dafd12c7bf0bff2","sha1":"96ff283577542a26ef928737655d9e28a2772430","sha256":"d993f9f046be0289dda2c74006955c4595774ba8b0cfb297e49d472c8bf5a320"},"dob":{"date":"1977-02-12T14:13:23.258Z","age":47},"registered":{"date":"2010-01-25T00:51:57.858Z","age":14},"phone":"(0910) 912661","cell":"(06) 82417947","id":{"name":"BSN","value":"48359954"},"picture":{"large":"https://randomuser.me/api/portraits/women/68.jpg","medium":"https://randomuser.me/api/portraits/med/women/68.jpg","thumbnail":"https://randomuser.me/api/portraits/thumb/women/68.jpg"},"nat":"NL"}],"info":{"seed":"8d13ee046ccb50d4","results":1,"page":1,"version":"1.4"}} 
 </msg>
<msg time="2024-05-07T03:16:52.098108" level="INFO">/opt/hostedtoolcache/Python/3.12.3/x64/lib/python3.12/site-packages/urllib3/connectionpool.py:1103: InsecureRequestWarning: Unverified HTTPS request is being made to host 'randomuser.me'. Adding certificate verification is strongly advised. See: https://urllib3.readthedocs.io/en/latest/advanced-usage.html#tls-warnings
  warnings.warn(</msg>
<msg time="2024-05-07T03:16:52.098223" level="INFO">${response} = &lt;Response [200]&gt;</msg>
<var>${response}</var>
<arg>consultarAPI</arg>
<arg>/api</arg>
<doc>Sends a GET request on a previously created HTTP Session.</doc>
<status status="PASS" start="2024-05-07T03:16:51.761395" elapsed="0.336868"/>
</kw>
<kw name="Set Variable" owner="BuiltIn">
<msg time="2024-05-07T03:16:52.099295" level="INFO">${json_data} = {'results': [{'gender': 'female', 'name': {'title': 'Mrs', 'first': 'Pieta', 'last': 'Molleman'}, 'location': {'street': {'number': 514, 'name': 'Achterweteringseweg'}, 'city': 'Wellerlooi', 'state': ...</msg>
<var>${json_data}</var>
<arg>${response.json()}</arg>
<doc>Returns the given values which can then be assigned to a variables.</doc>
<status status="PASS" start="2024-05-07T03:16:52.098773" elapsed="0.000550"/>
</kw>
<kw name="Log" owner="BuiltIn">
<msg time="2024-05-07T03:16:52.099786" level="INFO">{'results': [{'gender': 'female', 'name': {'title': 'Mrs', 'first': 'Pieta', 'last': 'Molleman'}, 'location': {'street': {'number': 514, 'name': 'Achterweteringseweg'}, 'city': 'Wellerlooi', 'state': 'Groningen', 'country': 'Netherlands', 'postcode': '0208 SN', 'coordinates': {'latitude': '37.0469', 'longitude': '43.4102'}, 'timezone': {'offset': '+4:00', 'description': 'Abu Dhabi, Muscat, Baku, Tbilisi'}}, 'email': 'pieta.molleman@example.com', 'login': {'uuid': 'b78900e5-158f-4aef-b869-7196b5854fdf', 'username': 'purpleladybug173', 'password': 'hamburg', 'salt': 'vH9O30EH', 'md5': 'e3150b93fcfc59717dafd12c7bf0bff2', 'sha1': '96ff283577542a26ef928737655d9e28a2772430', 'sha256': 'd993f9f046be0289dda2c74006955c4595774ba8b0cfb297e49d472c8bf5a320'}, 'dob': {'date': '1977-02-12T14:13:23.258Z', 'age': 47}, 'registered': {'date': '2010-01-25T00:51:57.858Z', 'age': 14}, 'phone': '(0910) 912661', 'cell': '(06) 82417947', 'id': {'name': 'BSN', 'value': '48359954'}, 'picture': {'large': 'https://randomuser.me/api/portraits/women/68.jpg', 'medium': 'https://randomuser.me/api/portraits/med/women/68.jpg', 'thumbnail': 'https://randomuser.me/api/portraits/thumb/women/68.jpg'}, 'nat': 'NL'}], 'info': {'seed': '8d13ee046ccb50d4', 'results': 1, 'page': 1, 'version': '1.4'}}</msg>
<arg>${json_data}</arg>
<doc>Logs the given message with the given level.</doc>
<status status="PASS" start="2024-05-07T03:16:52.099632" elapsed="0.000237"/>
</kw>
<kw name="Should Be String" owner="String">
<arg>${json_data['results'][0]['gender']}</arg>
<doc>Fails if the given ``item`` is not a string.</doc>
<status status="PASS" start="2024-05-07T03:16:52.100168" elapsed="0.000366"/>
</kw>
<kw name="Should Match Regexp" owner="BuiltIn">
<arg>${json_data['results'][0]['email']}</arg>
<arg>^[a-zA-Z0-9._%+-]+@[a-zA-Z0-9.-]+\.[a-zA-Z]{2,}$</arg>
<doc>Fails if ``string`` does not match ``pattern`` as a regular expression.</doc>
<status status="PASS" start="2024-05-07T03:16:52.100723" elapsed="0.000504"/>
</kw>
<kw name="Should Match Regexp" owner="BuiltIn">
<arg>${json_data['results'][0]['dob']['date']}</arg>
<arg>\\d{4}-\\d{2}-\\d{2}T\\d{2}:\\d{2}:\\d{2}\\.\\d{3}Z</arg>
<doc>Fails if ``string`` does not match ``pattern`` as a regular expression.</doc>
<status status="PASS" start="2024-05-07T03:16:52.101418" elapsed="0.000528"/>
</kw>
<kw name="Should Match Regexp" owner="BuiltIn">
<arg>${json_data['results'][0]['registered']['date']}</arg>
<arg>\\d{4}-\\d{2}-\\d{2}T\\d{2}:\\d{2}:\\d{2}\\.\\d{3}Z</arg>
<doc>Fails if ``string`` does not match ``pattern`` as a regular expression.</doc>
<status status="PASS" start="2024-05-07T03:16:52.102145" elapsed="0.000367"/>
</kw>
<kw name="Should Match Regexp" owner="BuiltIn">
<arg>${json_data['results'][0]['picture']['large']}</arg>
<arg>^https?://.*\.(?:png|jpe?g|gif|bmp)$</arg>
<doc>Fails if ``string`` does not match ``pattern`` as a regular expression.</doc>
<status status="PASS" start="2024-05-07T03:16:52.102700" elapsed="0.000469"/>
</kw>
<kw name="Should Match Regexp" owner="BuiltIn">
<arg>${json_data['results'][0]['picture']['medium']}</arg>
<arg>^https?://.*\.(?:png|jpe?g|gif|bmp)$</arg>
<doc>Fails if ``string`` does not match ``pattern`` as a regular expression.</doc>
<status status="PASS" start="2024-05-07T03:16:52.103356" elapsed="0.000353"/>
</kw>
<kw name="Should Match Regexp" owner="BuiltIn">
<arg>${json_data['results'][0]['picture']['thumbnail']}</arg>
<arg>^https?://.*\.(?:png|jpe?g|gif|bmp)$</arg>
<doc>Fails if ``string`` does not match ``pattern`` as a regular expression.</doc>
<status status="PASS" start="2024-05-07T03:16:52.103896" elapsed="0.000346"/>
</kw>
<kw name="Log" owner="BuiltIn">
<msg time="2024-05-07T03:16:52.104737" level="INFO">{'large': 'https://randomuser.me/api/portraits/women/68.jpg', 'medium': 'https://randomuser.me/api/portraits/med/women/68.jpg', 'thumbnail': 'https://randomuser.me/api/portraits/thumb/women/68.jpg'}</msg>
<arg>${json_data['results'][0]['picture']}</arg>
<doc>Logs the given message with the given level.</doc>
<status status="PASS" start="2024-05-07T03:16:52.104421" elapsed="0.000357"/>
</kw>
<status status="PASS" start="2024-05-07T03:16:51.761172" elapsed="0.343860"/>
</kw>
<kw name="Teste de Tipos de Dados - Postcode" owner="random-user-service">
<kw name="GET On Session" owner="RequestsLibrary">
<msg time="2024-05-07T03:16:52.189941" level="INFO">GET Request : url=https://randomuser.me/api 
 path_url=/api 
 headers={'User-Agent': 'python-requests/2.31.0', 'Accept-Encoding': 'gzip, deflate', 'Accept': '*/*', 'Connection': 'keep-alive'} 
 body=None 
 </msg>
<msg time="2024-05-07T03:16:52.190032" level="INFO">GET Response : url=https://randomuser.me/api 
 status=200, reason=OK 
 headers={'Date': 'Tue, 07 May 2024 03:16:52 GMT', 'Content-Type': 'application/json; charset=utf-8', 'Transfer-Encoding': 'chunked', 'Connection': 'keep-alive', 'X-Powered-By': 'Express', 'Access-Control-Allow-Origin': '*', 'Cache-Control': 'no-cache', 'ETag': 'W/"49a-RPMgp7ZICwzWBZA+BMqJcjgmLTY"', 'Vary': 'Accept-Encoding', 'Content-Encoding': 'gzip', 'CF-Cache-Status': 'DYNAMIC', 'Report-To': '{"endpoints":[{"url":"https:\\/\\/a.nel.cloudflare.com\\/report\\/v4?s=O4cWa9H62HD%2FfpdqmnR77Pl7Tsa9xD5x5fE4O%2FL8fN6PKaD7anMSqnity17xUqbGQbxkvUqboqflSW2RpDhtXbq4loBl4EL0eCdttnt1Qqv%2FWkl0OMZrno6AUbfZ%2FSjW"}],"group":"cf-nel","max_age":604800}', 'NEL': '{"success_fraction":0,"report_to":"cf-nel","max_age":604800}', 'Server': 'cloudflare', 'CF-RAY': '87fe0dc1acf17aee-SJC', 'alt-svc': 'h3=":443"; ma=86400'} 
 body={"results":[{"gender":"male","name":{"title":"Mr","first":"Rolf-Dieter","last":"Hengst"},"location":{"street":{"number":6655,"name":"Poststraße"},"city":"Augsburg","state":"Brandenburg","country":"Germany","postcode":36418,"coordinates":{"latitude":"-48.7420","longitude":"-139.8386"},"timezone":{"offset":"-3:00","description":"Brazil, Buenos Aires, Georgetown"}},"email":"rolf-dieter.hengst@example.com","login":{"uuid":"d55ac034-45ec-46bf-96d3-99a6d351b6b9","username":"tinyduck616","password":"gilligan","salt":"rx3WyT9w","md5":"9c24333f487efc354851ff1799362c92","sha1":"18deb539719a6ba57f86282c68171f35a03cff3e","sha256":"0a91943f1d9bb7de57e8635e43560a1de9842a23bb16a797cd2e2ba9c20733c3"},"dob":{"date":"1978-10-14T03:16:45.242Z","age":45},"registered":{"date":"2015-09-12T00:17:57.195Z","age":8},"phone":"0823-1746562","cell":"0170-2756988","id":{"name":"SVNR","value":"53 131078 H 272"},"picture":{"large":"https://randomuser.me/api/portraits/men/42.jpg","medium":"https://randomuser.me/api/portraits/med/men/42.jpg","thumbnail":"https://randomuser.me/api/portraits/thumb/men/42.jpg"},"nat":"DE"}],"info":{"seed":"cd06504dd6acf00d","results":1,"page":1,"version":"1.4"}} 
 </msg>
<msg time="2024-05-07T03:16:52.190111" level="INFO">/opt/hostedtoolcache/Python/3.12.3/x64/lib/python3.12/site-packages/urllib3/connectionpool.py:1103: InsecureRequestWarning: Unverified HTTPS request is being made to host 'randomuser.me'. Adding certificate verification is strongly advised. See: https://urllib3.readthedocs.io/en/latest/advanced-usage.html#tls-warnings
  warnings.warn(</msg>
<msg time="2024-05-07T03:16:52.190228" level="INFO">${response} = &lt;Response [200]&gt;</msg>
<var>${response}</var>
<arg>consultarAPI</arg>
<arg>/api</arg>
<doc>Sends a GET request on a previously created HTTP Session.</doc>
<status status="PASS" start="2024-05-07T03:16:52.105517" elapsed="0.084752"/>
</kw>
<kw name="Set Variable" owner="BuiltIn">
<msg time="2024-05-07T03:16:52.191362" level="INFO">${json_data} = {'results': [{'gender': 'male', 'name': {'title': 'Mr', 'first': 'Rolf-Dieter', 'last': 'Hengst'}, 'location': {'street': {'number': 6655, 'name': 'Poststraße'}, 'city': 'Augsburg', 'state': 'Brandenb...</msg>
<var>${json_data}</var>
<arg>${response.json()}</arg>
<doc>Returns the given values which can then be assigned to a variables.</doc>
<status status="PASS" start="2024-05-07T03:16:52.190817" elapsed="0.000574"/>
</kw>
<kw name="Log" owner="BuiltIn">
<msg time="2024-05-07T03:16:52.191859" level="INFO">{'results': [{'gender': 'male', 'name': {'title': 'Mr', 'first': 'Rolf-Dieter', 'last': 'Hengst'}, 'location': {'street': {'number': 6655, 'name': 'Poststraße'}, 'city': 'Augsburg', 'state': 'Brandenburg', 'country': 'Germany', 'postcode': 36418, 'coordinates': {'latitude': '-48.7420', 'longitude': '-139.8386'}, 'timezone': {'offset': '-3:00', 'description': 'Brazil, Buenos Aires, Georgetown'}}, 'email': 'rolf-dieter.hengst@example.com', 'login': {'uuid': 'd55ac034-45ec-46bf-96d3-99a6d351b6b9', 'username': 'tinyduck616', 'password': 'gilligan', 'salt': 'rx3WyT9w', 'md5': '9c24333f487efc354851ff1799362c92', 'sha1': '18deb539719a6ba57f86282c68171f35a03cff3e', 'sha256': '0a91943f1d9bb7de57e8635e43560a1de9842a23bb16a797cd2e2ba9c20733c3'}, 'dob': {'date': '1978-10-14T03:16:45.242Z', 'age': 45}, 'registered': {'date': '2015-09-12T00:17:57.195Z', 'age': 8}, 'phone': '0823-1746562', 'cell': '0170-2756988', 'id': {'name': 'SVNR', 'value': '53 131078 H 272'}, 'picture': {'large': 'https://randomuser.me/api/portraits/men/42.jpg', 'medium': 'https://randomuser.me/api/portraits/med/men/42.jpg', 'thumbnail': 'https://randomuser.me/api/portraits/thumb/men/42.jpg'}, 'nat': 'DE'}], 'info': {'seed': 'cd06504dd6acf00d', 'results': 1, 'page': 1, 'version': '1.4'}}</msg>
<arg>${json_data}</arg>
<doc>Logs the given message with the given level.</doc>
<status status="PASS" start="2024-05-07T03:16:52.191702" elapsed="0.000241"/>
</kw>
<kw name="Should Be Equal As Numbers" owner="BuiltIn">
<arg>${json_data['results'][0]['location']['postcode']}</arg>
<arg>${json_data['results'][0]['location']['postcode']}</arg>
<doc>Fails if objects are unequal after converting them to real numbers.</doc>
<status status="PASS" start="2024-05-07T03:16:52.192404" elapsed="0.000623"/>
</kw>
<kw name="Log" owner="BuiltIn">
<msg time="2024-05-07T03:16:52.193590" level="INFO">36418</msg>
<arg>${json_data['results'][0]['location']['postcode']}</arg>
<doc>Logs the given message with the given level.</doc>
<status status="PASS" start="2024-05-07T03:16:52.193218" elapsed="0.000413"/>
</kw>
<status status="PASS" start="2024-05-07T03:16:52.105262" elapsed="0.088628"/>
</kw>
<doc>Testa se os tipos de dados na resposta da API estão corretos.</doc>
<tag>testeTiposDados</tag>
<status status="PASS" start="2024-05-07T03:16:51.760713" elapsed="0.433344"/>
</test>
<test id="s1-s1-t5" name="Validar conteudo" line="35">
<kw name="Teste de Tipos de Conteudo" owner="random-user-service">
<kw name="GET On Session" owner="RequestsLibrary">
<msg time="2024-05-07T03:16:52.293868" level="INFO">GET Request : url=https://randomuser.me/api 
 path_url=/api 
 headers={'User-Agent': 'python-requests/2.31.0', 'Accept-Encoding': 'gzip, deflate', 'Accept': '*/*', 'Connection': 'keep-alive'} 
 body=None 
 </msg>
<msg time="2024-05-07T03:16:52.293958" level="INFO">GET Response : url=https://randomuser.me/api 
 status=200, reason=OK 
 headers={'Date': 'Tue, 07 May 2024 03:16:52 GMT', 'Content-Type': 'application/json; charset=utf-8', 'Transfer-Encoding': 'chunked', 'Connection': 'keep-alive', 'X-Powered-By': 'Express', 'Access-Control-Allow-Origin': '*', 'Cache-Control': 'no-cache', 'ETag': 'W/"490-paTkM+MgDw4rXEvL8oipYkONrC4"', 'Vary': 'Accept-Encoding', 'Content-Encoding': 'gzip', 'CF-Cache-Status': 'DYNAMIC', 'Report-To': '{"endpoints":[{"url":"https:\\/\\/a.nel.cloudflare.com\\/report\\/v4?s=ON1%2BnoCTTVFY%2F7E525eLYbTBzUImoGXSBicp5E%2BKvXal5av3D5o%2F1PGGtTotCrryDs5oJAMsXL8FeFwYoR2ULLYijPjqEl1e9YKq5jn5usBnA7GHQ1BQNxIHjdOQ8%2BBb"}],"group":"cf-nel","max_age":604800}', 'NEL': '{"success_fraction":0,"report_to":"cf-nel","max_age":604800}', 'Server': 'cloudflare', 'CF-RAY': '87fe0dc23d697aee-SJC', 'alt-svc': 'h3=":443"; ma=86400'} 
 body={"results":[{"gender":"female","name":{"title":"Miss","first":"Ditta","last":"Emmens"},"location":{"street":{"number":8527,"name":"Klokhusdyk"},"city":"Ten Arlo","state":"Utrecht","country":"Netherlands","postcode":"3870 TF","coordinates":{"latitude":"32.4824","longitude":"110.9997"},"timezone":{"offset":"+2:00","description":"Kaliningrad, South Africa"}},"email":"ditta.emmens@example.com","login":{"uuid":"3338decc-2dce-4858-ad44-79bb43df9a6b","username":"goldenladybug629","password":"coolguy","salt":"ZX5GvHjY","md5":"d589d899e22aba6ecf94dec453ec4b3b","sha1":"e3c0032f7e590605869bd572e74e742ce585c889","sha256":"0c04cef41cb202928923ba255e3c3190b9369eae6e3d354674866be428a7055a"},"dob":{"date":"1985-11-28T08:08:12.329Z","age":38},"registered":{"date":"2016-09-19T07:05:41.220Z","age":7},"phone":"(018) 9663748","cell":"(06) 91011000","id":{"name":"BSN","value":"08278053"},"picture":{"large":"https://randomuser.me/api/portraits/women/28.jpg","medium":"https://randomuser.me/api/portraits/med/women/28.jpg","thumbnail":"https://randomuser.me/api/portraits/thumb/women/28.jpg"},"nat":"NL"}],"info":{"seed":"7d0435c3eaf508aa","results":1,"page":1,"version":"1.4"}} 
 </msg>
<msg time="2024-05-07T03:16:52.294027" level="INFO">/opt/hostedtoolcache/Python/3.12.3/x64/lib/python3.12/site-packages/urllib3/connectionpool.py:1103: InsecureRequestWarning: Unverified HTTPS request is being made to host 'randomuser.me'. Adding certificate verification is strongly advised. See: https://urllib3.readthedocs.io/en/latest/advanced-usage.html#tls-warnings
  warnings.warn(</msg>
<msg time="2024-05-07T03:16:52.294134" level="INFO">${response} = &lt;Response [200]&gt;</msg>
<var>${response}</var>
<arg>consultarAPI</arg>
<arg>/api</arg>
<doc>Sends a GET request on a previously created HTTP Session.</doc>
<status status="PASS" start="2024-05-07T03:16:52.196576" elapsed="0.097589"/>
</kw>
<kw name="Set Variable" owner="BuiltIn">
<msg time="2024-05-07T03:16:52.295173" level="INFO">${json_data} = {'results': [{'gender': 'female', 'name': {'title': 'Miss', 'first': 'Ditta', 'last': 'Emmens'}, 'location': {'street': {'number': 8527, 'name': 'Klokhusdyk'}, 'city': 'Ten Arlo', 'state': 'Utrecht', ...</msg>
<var>${json_data}</var>
<arg>${response.json()}</arg>
<doc>Returns the given values which can then be assigned to a variables.</doc>
<status status="PASS" start="2024-05-07T03:16:52.294673" elapsed="0.000528"/>
</kw>
<kw name="Set Variable" owner="BuiltIn">
<msg time="2024-05-07T03:16:52.295887" level="INFO">${name_title} = Miss</msg>
<var>${name_title}</var>
<arg>${json_data["results"][0]["name"]["title"]}</arg>
<doc>Returns the given values which can then be assigned to a variables.</doc>
<status status="PASS" start="2024-05-07T03:16:52.295503" elapsed="0.000408"/>
</kw>
<kw name="Create List" owner="BuiltIn">
<msg time="2024-05-07T03:16:52.296356" level="INFO">${allowed_titles} = ['Mr', 'Ms', 'Miss', 'Mrs', 'Madame', 'Monsieur']</msg>
<var>${allowed_titles}</var>
<arg>Mr</arg>
<arg>Ms</arg>
<arg>Miss</arg>
<arg>Mrs</arg>
<arg>Madame</arg>
<arg>Monsieur</arg>
<doc>Returns a list containing given items.</doc>
<status status="PASS" start="2024-05-07T03:16:52.296207" elapsed="0.000172"/>
</kw>
<kw name="List Should Contain Value" owner="Collections">
<msg time="2024-05-07T03:16:52.296848" level="INFO">False</msg>
<arg>${allowed_titles}</arg>
<arg>${name_title}</arg>
<doc>Fails if the ``value`` is not found from ``list``.</doc>
<status status="PASS" start="2024-05-07T03:16:52.296676" elapsed="0.000209"/>
</kw>
<kw name="Set Variable" owner="BuiltIn">
<msg time="2024-05-07T03:16:52.297580" level="INFO">${name_country} = NL</msg>
<var>${name_country}</var>
<arg>${json_data["results"][0]["nat"]}</arg>
<doc>Returns the given values which can then be assigned to a variables.</doc>
<status status="PASS" start="2024-05-07T03:16:52.297172" elapsed="0.000442"/>
</kw>
<kw name="Create List" owner="BuiltIn">
<msg time="2024-05-07T03:16:52.298501" level="INFO">${list_country} = ['AD', 'AE', 'AF', 'AG', 'AI', 'AL', 'AM', 'AO', 'AQ', 'AR', 'AS', 'AT', 'AU', 'AW', 'AX', 'AZ', 'BA', 'BB', 'BD', 'BE', 'BF', 'BG', 'BH', 'BI', 'BJ', 'BL', 'BM', 'BN', 'BO', 'BQ', 'BR', 'BS', 'BT', '...</msg>
<var>${list_country}</var>
<arg>AD</arg>
<arg>AE</arg>
<arg>AF</arg>
<arg>AG</arg>
<arg>AI</arg>
<arg>AL</arg>
<arg>AM</arg>
<arg>AO</arg>
<arg>AQ</arg>
<arg>AR</arg>
<arg>AS</arg>
<arg>AT</arg>
<arg>AU</arg>
<arg>AW</arg>
<arg>AX</arg>
<arg>AZ</arg>
<arg>BA</arg>
<arg>BB</arg>
<arg>BD</arg>
<arg>BE</arg>
<arg>BF</arg>
<arg>BG</arg>
<arg>BH</arg>
<arg>BI</arg>
<arg>BJ</arg>
<arg>BL</arg>
<arg>BM</arg>
<arg>BN</arg>
<arg>BO</arg>
<arg>BQ</arg>
<arg>BR</arg>
<arg>BS</arg>
<arg>BT</arg>
<arg>BV</arg>
<arg>BW</arg>
<arg>BY</arg>
<arg>BZ</arg>
<arg>CA</arg>
<arg>CC</arg>
<arg>CD</arg>
<arg>CF</arg>
<arg>CG</arg>
<arg>CH</arg>
<arg>CI</arg>
<arg>CK</arg>
<arg>CL</arg>
<arg>CM</arg>
<arg>CN</arg>
<arg>CO</arg>
<arg>CR</arg>
<arg>CU</arg>
<arg>CV</arg>
<arg>CW</arg>
<arg>CX</arg>
<arg>CY</arg>
<arg>CZ</arg>
<arg>DE</arg>
<arg>DJ</arg>
<arg>DK</arg>
<arg>DM</arg>
<arg>DO</arg>
<arg>DZ</arg>
<arg>EC</arg>
<arg>EE</arg>
<arg>EG</arg>
<arg>EH</arg>
<arg>ER</arg>
<arg>ES</arg>
<arg>ET</arg>
<arg>FI</arg>
<arg>FJ</arg>
<arg>FK</arg>
<arg>FM</arg>
<arg>FO</arg>
<arg>FR</arg>
<arg>GA</arg>
<arg>GB</arg>
<arg>GD</arg>
<arg>GE</arg>
<arg>GF</arg>
<arg>GG</arg>
<arg>GH</arg>
<arg>GI</arg>
<arg>GL</arg>
<arg>GM</arg>
<arg>GN</arg>
<arg>GP</arg>
<arg>GQ</arg>
<arg>GR</arg>
<arg>GS</arg>
<arg>GT</arg>
<arg>GU</arg>
<arg>GW</arg>
<arg>GY</arg>
<arg>HK</arg>
<arg>HM</arg>
<arg>HN</arg>
<arg>HR</arg>
<arg>HT</arg>
<arg>HU</arg>
<arg>ID</arg>
<arg>IE</arg>
<arg>IL</arg>
<arg>IM</arg>
<arg>IN</arg>
<arg>IO</arg>
<arg>IQ</arg>
<arg>IR</arg>
<arg>IS</arg>
<arg>IT</arg>
<arg>JE</arg>
<arg>JM</arg>
<arg>JO</arg>
<arg>JP</arg>
<arg>KE</arg>
<arg>KG</arg>
<arg>KH</arg>
<arg>KI</arg>
<arg>KM</arg>
<arg>KN</arg>
<arg>KP</arg>
<arg>KR</arg>
<arg>KW</arg>
<arg>KY</arg>
<arg>KZ</arg>
<arg>LA</arg>
<arg>LB</arg>
<arg>LC</arg>
<arg>LI</arg>
<arg>LK</arg>
<arg>LR</arg>
<arg>LS</arg>
<arg>LT</arg>
<arg>LU</arg>
<arg>LV</arg>
<arg>LY</arg>
<arg>MA</arg>
<arg>MC</arg>
<arg>MD</arg>
<arg>ME</arg>
<arg>MF</arg>
<arg>MG</arg>
<arg>MH</arg>
<arg>MK</arg>
<arg>ML</arg>
<arg>MM</arg>
<arg>MN</arg>
<arg>MO</arg>
<arg>MP</arg>
<arg>MQ</arg>
<arg>MR</arg>
<arg>MS</arg>
<arg>MT</arg>
<arg>MU</arg>
<arg>MV</arg>
<arg>MW</arg>
<arg>MX</arg>
<arg>MY</arg>
<arg>MZ</arg>
<arg>NA</arg>
<arg>NC</arg>
<arg>NE</arg>
<arg>NF</arg>
<arg>NG</arg>
<arg>NI</arg>
<arg>NL</arg>
<arg>NO</arg>
<arg>NP</arg>
<arg>NR</arg>
<arg>NU</arg>
<arg>NZ</arg>
<arg>OM</arg>
<arg>PA</arg>
<arg>PE</arg>
<arg>PF</arg>
<arg>PG</arg>
<arg>PH</arg>
<arg>PK</arg>
<arg>PL</arg>
<arg>PM</arg>
<arg>PN</arg>
<arg>PR</arg>
<arg>PS</arg>
<arg>PT</arg>
<arg>PW</arg>
<arg>PY</arg>
<arg>QA</arg>
<arg>RE</arg>
<arg>RO</arg>
<arg>RS</arg>
<arg>RU</arg>
<arg>RW</arg>
<arg>SA</arg>
<arg>SB</arg>
<arg>SC</arg>
<arg>SD</arg>
<arg>SE</arg>
<arg>SG</arg>
<arg>SH</arg>
<arg>SI</arg>
<arg>SJ</arg>
<arg>SK</arg>
<arg>SL</arg>
<arg>SM</arg>
<arg>SN</arg>
<arg>SO</arg>
<arg>SR</arg>
<arg>SS</arg>
<arg>ST</arg>
<arg>SV</arg>
<arg>SX</arg>
<arg>SY</arg>
<arg>SZ</arg>
<arg>TC</arg>
<arg>TD</arg>
<arg>TF</arg>
<arg>TG</arg>
<arg>TH</arg>
<arg>TJ</arg>
<arg>TK</arg>
<arg>TL</arg>
<arg>TM</arg>
<arg>TN</arg>
<arg>TO</arg>
<arg>TR</arg>
<arg>TT</arg>
<arg>TV</arg>
<arg>TW</arg>
<arg>TZ</arg>
<arg>UA</arg>
<arg>UG</arg>
<arg>UM</arg>
<arg>US</arg>
<arg>UY</arg>
<arg>UZ</arg>
<arg>VA</arg>
<arg>VC</arg>
<arg>VE</arg>
<arg>VG</arg>
<arg>VI</arg>
<arg>VN</arg>
<arg>VU</arg>
<arg>WF</arg>
<arg>WS</arg>
<arg>XK</arg>
<arg>YE</arg>
<arg>YT</arg>
<arg>ZA</arg>
<arg>ZM</arg>
<arg>ZW</arg>
<doc>Returns a list containing given items.</doc>
<status status="PASS" start="2024-05-07T03:16:52.297916" elapsed="0.000610"/>
</kw>
<kw name="List Should Contain Value" owner="Collections">
<msg time="2024-05-07T03:16:52.299526" level="INFO">False</msg>
<arg>${list_country}</arg>
<arg>${name_country}</arg>
<doc>Fails if the ``value`` is not found from ``list``.</doc>
<status status="PASS" start="2024-05-07T03:16:52.299326" elapsed="0.000236"/>
</kw>
<kw name="Run Keyword If" owner="BuiltIn">
<kw name="Should Be True" owner="BuiltIn">
<arg>${True}</arg>
<doc>Fails if the given condition is not true.</doc>
<status status="PASS" start="2024-05-07T03:16:52.300642" elapsed="0.000254"/>
</kw>
<arg>${json_data["results"][0]["location"]["coordinates"]["latitude"]} &gt;= -90 and ${json_data["results"][0]["location"]["coordinates"]["latitude"]} &lt;= 90</arg>
<arg>Should Be True</arg>
<arg>${True}</arg>
<doc>Runs the given keyword with the given arguments, if ``condition`` is true.</doc>
<status status="PASS" start="2024-05-07T03:16:52.299873" elapsed="0.001154"/>
</kw>
<kw name="Run Keyword If" owner="BuiltIn">
<kw name="Should Be True" owner="BuiltIn">
<arg>${True}</arg>
<doc>Fails if the given condition is not true.</doc>
<status status="PASS" start="2024-05-07T03:16:52.301951" elapsed="0.000139"/>
</kw>
<arg>${json_data["results"][0]["location"]["coordinates"]["longitude"]} &gt;= -180 and ${json_data["results"][0]["location"]["coordinates"]["longitude"]} &lt;= 180</arg>
<arg>Should Be True</arg>
<arg>${True}</arg>
<doc>Runs the given keyword with the given arguments, if ``condition`` is true.</doc>
<status status="PASS" start="2024-05-07T03:16:52.301215" elapsed="0.000998"/>
</kw>
<status status="PASS" start="2024-05-07T03:16:52.196351" elapsed="0.105993"/>
</kw>
<doc>Testa o conteúdo específico dos campos retornados pela API.</doc>
<tag>testeConteudo</tag>
<status status="PASS" start="2024-05-07T03:16:52.195812" elapsed="0.106683"/>
</test>
<status status="PASS" start="2024-05-07T03:16:50.013019" elapsed="2.291420"/>
</suite>
<status status="PASS" start="2024-05-07T03:16:49.999504" elapsed="2.310041"/>
</suite>
<statistics>
<total>
<stat pass="5" fail="0" skip="0">All Tests</stat>
</total>
<tag>
<stat pass="1" fail="0" skip="0">testeConteudo</stat>
<stat pass="1" fail="0" skip="0">testeEstruturaResposta</stat>
<stat pass="1" fail="0" skip="0">testeRequisicaoBasica</stat>
<stat pass="1" fail="0" skip="0">testeTiposDados</stat>
</tag>
<suite>
<stat pass="5" fail="0" skip="0" id="s1" name="Tests">Tests</stat>
<stat pass="5" fail="0" skip="0" id="s1-s1" name="Random-User-Test">Tests.Random-User-Test</stat>
</suite>
</statistics>
<errors>
</errors>
</robot>
