<?xml version="1.0" encoding="UTF-8"?>
<robot generator="Robot 7.0 (Python 3.12.3 on linux)" generated="2024-06-08T01:04:54.658588" rpa="false" schemaversion="5">
<suite id="s1" name="Tests" source="/home/runner/work/ApiRandomUser/ApiRandomUser/RamdonUser/tests">
<suite id="s1-s1" name="Random-User-Test" source="/home/runner/work/ApiRandomUser/ApiRandomUser/RamdonUser/tests/random-user-test.robot">
<test id="s1-s1-t1" name="Conectar" line="13">
<kw name="Conectar API" owner="random-user-service">
<kw name="Create Session" owner="RequestsLibrary">
<msg time="2024-06-08T01:04:55.094621" level="INFO">Creating Session using : alias=consultarAPI, url=https://randomuser.me/, headers={},                     cookies={}, auth=None, timeout=None, proxies=None, verify=False,                     debug=0 </msg>
<arg>consultarAPI</arg>
<arg>${URL}</arg>
<doc>Create Session: create a HTTP session to a server</doc>
<status status="PASS" start="2024-06-08T01:04:55.094416" elapsed="0.000370"/>
</kw>
<status status="PASS" start="2024-06-08T01:04:55.093411" elapsed="0.001717"/>
</kw>
<status status="PASS" start="2024-06-08T01:04:55.092830" elapsed="0.002493"/>
</test>
<test id="s1-s1-t2" name="Validar retorno 200 e JSON Válido" line="16">
<kw name="Teste de Requisicao Basica" owner="random-user-service">
<kw name="GET On Session" owner="RequestsLibrary">
<msg time="2024-06-08T01:04:55.255017" level="INFO">GET Request : url=https://randomuser.me/api 
 path_url=/api 
 headers={'User-Agent': 'python-requests/2.32.3', 'Accept-Encoding': 'gzip, deflate', 'Accept': '*/*', 'Connection': 'keep-alive'} 
 body=None 
 </msg>
<msg time="2024-06-08T01:04:55.255132" level="INFO">GET Response : url=https://randomuser.me/api 
 status=200, reason=OK 
 headers={'Date': 'Sat, 08 Jun 2024 01:04:55 GMT', 'Content-Type': 'application/json; charset=utf-8', 'Transfer-Encoding': 'chunked', 'Connection': 'keep-alive', 'X-Powered-By': 'Express', 'Access-Control-Allow-Origin': '*', 'Cache-Control': 'no-cache', 'ETag': 'W/"4a6-cAXHmQf/6kEBZqF77GvzG6S+JI4"', 'Vary': 'Accept-Encoding', 'Content-Encoding': 'gzip', 'CF-Cache-Status': 'DYNAMIC', 'Report-To': '{"endpoints":[{"url":"https:\\/\\/a.nel.cloudflare.com\\/report\\/v4?s=2Q0F%2FxlBgNlK2%2FkSxeGgXl0nTzh%2BAC5IKLYoE3AtJdfjY3CDVLMSvSiB4X8D4gCYYZe%2Bsk0UHfZ7Yvn934TjialUYVnVspzRZcVHmtoEL%2F1JK1lbcbgVStlblfWL8hvX"}],"group":"cf-nel","max_age":604800}', 'NEL': '{"success_fraction":0,"report_to":"cf-nel","max_age":604800}', 'Server': 'cloudflare', 'CF-RAY': '8904f878bc813157-LAX', 'alt-svc': 'h3=":443"; ma=86400'} 
 body={"results":[{"gender":"male","name":{"title":"Mr","first":"Rogelio","last":"Gallegos"},"location":{"street":{"number":1926,"name":"Continuación Norte Arce"},"city":"Chunhuhub","state":"Nuevo Leon","country":"Mexico","postcode":36346,"coordinates":{"latitude":"23.8696","longitude":"-158.3463"},"timezone":{"offset":"+8:00","description":"Beijing, Perth, Singapore, Hong Kong"}},"email":"rogelio.gallegos@example.com","login":{"uuid":"d5d37294-be0a-4ada-aa60-7df98ec1b5e9","username":"happybear529","password":"ocean","salt":"S5aPNZMN","md5":"316fe61b9abf2866801cc7eaf0fb5c3a","sha1":"ba13812344697df55cecc83ce3cb7966181b1bad","sha256":"6822f9dd7fad3f6a34965496c51b9f7a0a4b63f88140fb85f576e93cbcf72bf9"},"dob":{"date":"1992-05-08T08:40:36.619Z","age":32},"registered":{"date":"2021-02-21T02:16:09.566Z","age":3},"phone":"(659) 816 3869","cell":"(672) 982 5295","id":{"name":"NSS","value":"06 15 75 7248 9"},"picture":{"large":"https://randomuser.me/api/portraits/men/57.jpg","medium":"https://randomuser.me/api/portraits/med/men/57.jpg","thumbnail":"https://randomuser.me/api/portraits/thumb/men/57.jpg"},"nat":"MX"}],"info":{"seed":"6230e90f43e43fc0","results":1,"page":1,"version":"1.4"}} 
 </msg>
<msg time="2024-06-08T01:04:55.255208" level="INFO">/opt/hostedtoolcache/Python/3.12.3/x64/lib/python3.12/site-packages/urllib3/connectionpool.py:1103: InsecureRequestWarning: Unverified HTTPS request is being made to host 'randomuser.me'. Adding certificate verification is strongly advised. See: https://urllib3.readthedocs.io/en/latest/advanced-usage.html#tls-warnings
  warnings.warn(</msg>
<msg time="2024-06-08T01:04:55.255325" level="INFO">${response} = &lt;Response [200]&gt;</msg>
<var>${response}</var>
<arg>consultarAPI</arg>
<arg>/api</arg>
<doc>Sends a GET request on a previously created HTTP Session.</doc>
<status status="PASS" start="2024-06-08T01:04:55.098013" elapsed="0.157371"/>
</kw>
<kw name="Should Be Equal As Numbers" owner="BuiltIn">
<msg time="2024-06-08T01:04:55.256242" level="INFO">Argument types are:
&lt;class 'int'&gt;
&lt;class 'str'&gt;</msg>
<arg>${response.status_code}</arg>
<arg>200</arg>
<doc>Fails if objects are unequal after converting them to real numbers.</doc>
<status status="PASS" start="2024-06-08T01:04:55.255825" elapsed="0.000481"/>
</kw>
<kw name="Log" owner="BuiltIn">
<msg time="2024-06-08T01:04:55.257012" level="INFO">200</msg>
<arg>${response.status_code}</arg>
<doc>Logs the given message with the given level.</doc>
<status status="PASS" start="2024-06-08T01:04:55.256660" elapsed="0.000400"/>
</kw>
<kw name="Set Variable" owner="BuiltIn">
<msg time="2024-06-08T01:04:55.257804" level="INFO">${json_data} = {'results': [{'gender': 'male', 'name': {'title': 'Mr', 'first': 'Rogelio', 'last': 'Gallegos'}, 'location': {'street': {'number': 1926, 'name': 'Continuación Norte Arce'}, 'city': 'Chunhuhub', 'state...</msg>
<var>${json_data}</var>
<arg>${response.json()}</arg>
<doc>Returns the given values which can then be assigned to a variables.</doc>
<status status="PASS" start="2024-06-08T01:04:55.257369" elapsed="0.000465"/>
</kw>
<kw name="Dictionary Should Contain Key" owner="Collections">
<msg time="2024-06-08T01:04:55.258309" level="INFO">False</msg>
<arg>${json_data}</arg>
<arg>results</arg>
<doc>Fails if ``key`` is not found from ``dictionary``.</doc>
<status status="PASS" start="2024-06-08T01:04:55.258142" elapsed="0.000349"/>
</kw>
<status status="PASS" start="2024-06-08T01:04:55.097765" elapsed="0.160999"/>
</kw>
<doc>Testa se a API responde corretamente e retorna um objeto JSON válido.</doc>
<tag>testeRequisicaoBasica</tag>
<status status="PASS" start="2024-06-08T01:04:55.097226" elapsed="0.161712"/>
</test>
<test id="s1-s1-t3" name="Validar estrutura de resposta" line="22">
<kw name="Teste de Estrutura de Resposta" owner="random-user-service">
<kw name="GET On Session" owner="RequestsLibrary">
<msg time="2024-06-08T01:04:55.358840" level="INFO">GET Request : url=https://randomuser.me/api 
 path_url=/api 
 headers={'User-Agent': 'python-requests/2.32.3', 'Accept-Encoding': 'gzip, deflate', 'Accept': '*/*', 'Connection': 'keep-alive'} 
 body=None 
 </msg>
<msg time="2024-06-08T01:04:55.358927" level="INFO">GET Response : url=https://randomuser.me/api 
 status=200, reason=OK 
 headers={'Date': 'Sat, 08 Jun 2024 01:04:55 GMT', 'Content-Type': 'application/json; charset=utf-8', 'Transfer-Encoding': 'chunked', 'Connection': 'keep-alive', 'X-Powered-By': 'Express', 'Access-Control-Allow-Origin': '*', 'Cache-Control': 'no-cache', 'ETag': 'W/"46d-IvBVmGGVRGht1+8rhxNwwZXFoFY"', 'Vary': 'Accept-Encoding', 'Content-Encoding': 'gzip', 'CF-Cache-Status': 'DYNAMIC', 'Report-To': '{"endpoints":[{"url":"https:\\/\\/a.nel.cloudflare.com\\/report\\/v4?s=f8mqWZ07bEAguM1x9Pp2%2FxrdoJReIITbQd7tNbxrllxqTj1ghdSdiCuM7kSGrwvrhC6FMJs8a1Kpfk%2BC898F4HcEw7mMGaJUrMn8R5MbjGqIqoGD2K5F0fUpgCrgbdsi"}],"group":"cf-nel","max_age":604800}', 'NEL': '{"success_fraction":0,"report_to":"cf-nel","max_age":604800}', 'Server': 'cloudflare', 'CF-RAY': '8904f8796d1f3157-LAX', 'alt-svc': 'h3=":443"; ma=86400'} 
 body={"results":[{"gender":"female","name":{"title":"Miss","first":"Luz","last":"Medina"},"location":{"street":{"number":1654,"name":"Calle de Ferraz"},"city":"Valencia","state":"Aragón","country":"Spain","postcode":22035,"coordinates":{"latitude":"-32.4356","longitude":"6.8831"},"timezone":{"offset":"+4:30","description":"Kabul"}},"email":"luz.medina@example.com","login":{"uuid":"983a27e1-2a95-4d77-95a6-696527f5218e","username":"happygorilla623","password":"pete","salt":"PJt2EBuw","md5":"2457762e1958cae14cbc30cebaf289f3","sha1":"746111a1f64cfa6d32b0e6e8cb4e56ff30b216f1","sha256":"760c630becec314511bbe313c9e6b86f7dcb99673a0c825927a8ab7af9d3bffe"},"dob":{"date":"1966-06-03T12:36:14.216Z","age":58},"registered":{"date":"2009-05-24T16:18:21.076Z","age":15},"phone":"949-310-585","cell":"687-616-689","id":{"name":"DNI","value":"80166263-Y"},"picture":{"large":"https://randomuser.me/api/portraits/women/14.jpg","medium":"https://randomuser.me/api/portraits/med/women/14.jpg","thumbnail":"https://randomuser.me/api/portraits/thumb/women/14.jpg"},"nat":"ES"}],"info":{"seed":"ef41e554d75014f4","results":1,"page":1,"version":"1.4"}} 
 </msg>
<msg time="2024-06-08T01:04:55.359030" level="INFO">/opt/hostedtoolcache/Python/3.12.3/x64/lib/python3.12/site-packages/urllib3/connectionpool.py:1103: InsecureRequestWarning: Unverified HTTPS request is being made to host 'randomuser.me'. Adding certificate verification is strongly advised. See: https://urllib3.readthedocs.io/en/latest/advanced-usage.html#tls-warnings
  warnings.warn(</msg>
<msg time="2024-06-08T01:04:55.359122" level="INFO">${response} = &lt;Response [200]&gt;</msg>
<var>${response}</var>
<arg>consultarAPI</arg>
<arg>/api</arg>
<doc>Sends a GET request on a previously created HTTP Session.</doc>
<status status="PASS" start="2024-06-08T01:04:55.261584" elapsed="0.097564"/>
</kw>
<kw name="Set Variable" owner="BuiltIn">
<msg time="2024-06-08T01:04:55.360035" level="INFO">${json_data} = {'results': [{'gender': 'female', 'name': {'title': 'Miss', 'first': 'Luz', 'last': 'Medina'}, 'location': {'street': {'number': 1654, 'name': 'Calle de Ferraz'}, 'city': 'Valencia', 'state': 'Aragón'...</msg>
<var>${json_data}</var>
<arg>${response.json()}</arg>
<doc>Returns the given values which can then be assigned to a variables.</doc>
<status status="PASS" start="2024-06-08T01:04:55.359571" elapsed="0.000494"/>
</kw>
<kw name="Log" owner="BuiltIn">
<msg time="2024-06-08T01:04:55.360530" level="INFO">{'results': [{'gender': 'female', 'name': {'title': 'Miss', 'first': 'Luz', 'last': 'Medina'}, 'location': {'street': {'number': 1654, 'name': 'Calle de Ferraz'}, 'city': 'Valencia', 'state': 'Aragón', 'country': 'Spain', 'postcode': 22035, 'coordinates': {'latitude': '-32.4356', 'longitude': '6.8831'}, 'timezone': {'offset': '+4:30', 'description': 'Kabul'}}, 'email': 'luz.medina@example.com', 'login': {'uuid': '983a27e1-2a95-4d77-95a6-696527f5218e', 'username': 'happygorilla623', 'password': 'pete', 'salt': 'PJt2EBuw', 'md5': '2457762e1958cae14cbc30cebaf289f3', 'sha1': '746111a1f64cfa6d32b0e6e8cb4e56ff30b216f1', 'sha256': '760c630becec314511bbe313c9e6b86f7dcb99673a0c825927a8ab7af9d3bffe'}, 'dob': {'date': '1966-06-03T12:36:14.216Z', 'age': 58}, 'registered': {'date': '2009-05-24T16:18:21.076Z', 'age': 15}, 'phone': '949-310-585', 'cell': '687-616-689', 'id': {'name': 'DNI', 'value': '80166263-Y'}, 'picture': {'large': 'https://randomuser.me/api/portraits/women/14.jpg', 'medium': 'https://randomuser.me/api/portraits/med/women/14.jpg', 'thumbnail': 'https://randomuser.me/api/portraits/thumb/women/14.jpg'}, 'nat': 'ES'}], 'info': {'seed': 'ef41e554d75014f4', 'results': 1, 'page': 1, 'version': '1.4'}}</msg>
<arg>${json_data}</arg>
<doc>Logs the given message with the given level.</doc>
<status status="PASS" start="2024-06-08T01:04:55.360373" elapsed="0.000205"/>
</kw>
<kw name="Dictionary Should Contain Key" owner="Collections">
<msg time="2024-06-08T01:04:55.361029" level="INFO">False</msg>
<arg>${json_data}</arg>
<arg>results</arg>
<doc>Fails if ``key`` is not found from ``dictionary``.</doc>
<status status="PASS" start="2024-06-08T01:04:55.360876" elapsed="0.000195"/>
</kw>
<kw name="Should Not Be Empty" owner="BuiltIn">
<msg time="2024-06-08T01:04:55.361494" level="INFO">Length is 2.</msg>
<arg>${json_data}</arg>
<doc>Verifies that the given item is not empty.</doc>
<status status="PASS" start="2024-06-08T01:04:55.361365" elapsed="0.000167"/>
</kw>
<kw name="Create List" owner="BuiltIn">
<msg time="2024-06-08T01:04:55.361971" level="INFO">${expected_keys} = ['gender', 'name', 'location', 'email', 'login']</msg>
<var>${expected_keys}</var>
<arg>gender</arg>
<arg>name</arg>
<arg>location</arg>
<arg>email</arg>
<arg>login</arg>
<doc>Returns a list containing given items.</doc>
<status status="PASS" start="2024-06-08T01:04:55.361825" elapsed="0.000170"/>
</kw>
<for flavor="IN">
<iter>
<kw name="Dictionary Should Contain Key" owner="Collections">
<msg time="2024-06-08T01:04:55.362965" level="INFO">False</msg>
<arg>${json_data['results'][0]}</arg>
<arg>${key}</arg>
<doc>Fails if ``key`` is not found from ``dictionary``.</doc>
<status status="PASS" start="2024-06-08T01:04:55.362558" elapsed="0.000450"/>
</kw>
<kw name="Log" owner="BuiltIn">
<msg time="2024-06-08T01:04:55.363714" level="INFO">{'gender': 'female', 'name': {'title': 'Miss', 'first': 'Luz', 'last': 'Medina'}, 'location': {'street': {'number': 1654, 'name': 'Calle de Ferraz'}, 'city': 'Valencia', 'state': 'Aragón', 'country': 'Spain', 'postcode': 22035, 'coordinates': {'latitude': '-32.4356', 'longitude': '6.8831'}, 'timezone': {'offset': '+4:30', 'description': 'Kabul'}}, 'email': 'luz.medina@example.com', 'login': {'uuid': '983a27e1-2a95-4d77-95a6-696527f5218e', 'username': 'happygorilla623', 'password': 'pete', 'salt': 'PJt2EBuw', 'md5': '2457762e1958cae14cbc30cebaf289f3', 'sha1': '746111a1f64cfa6d32b0e6e8cb4e56ff30b216f1', 'sha256': '760c630becec314511bbe313c9e6b86f7dcb99673a0c825927a8ab7af9d3bffe'}, 'dob': {'date': '1966-06-03T12:36:14.216Z', 'age': 58}, 'registered': {'date': '2009-05-24T16:18:21.076Z', 'age': 15}, 'phone': '949-310-585', 'cell': '687-616-689', 'id': {'name': 'DNI', 'value': '80166263-Y'}, 'picture': {'large': 'https://randomuser.me/api/portraits/women/14.jpg', 'medium': 'https://randomuser.me/api/portraits/med/women/14.jpg', 'thumbnail': 'https://randomuser.me/api/portraits/thumb/women/14.jpg'}, 'nat': 'ES'}</msg>
<arg>${json_data['results'][0]}</arg>
<doc>Logs the given message with the given level.</doc>
<status status="PASS" start="2024-06-08T01:04:55.363313" elapsed="0.000452"/>
</kw>
<kw name="Log" owner="BuiltIn">
<msg time="2024-06-08T01:04:55.364204" level="INFO">gender</msg>
<arg>${key}</arg>
<doc>Logs the given message with the given level.</doc>
<status status="PASS" start="2024-06-08T01:04:55.364075" elapsed="0.000167"/>
</kw>
<var name="${key}">gender</var>
<status status="PASS" start="2024-06-08T01:04:55.362433" elapsed="0.002031"/>
</iter>
<iter>
<kw name="Dictionary Should Contain Key" owner="Collections">
<msg time="2024-06-08T01:04:55.365150" level="INFO">False</msg>
<arg>${json_data['results'][0]}</arg>
<arg>${key}</arg>
<doc>Fails if ``key`` is not found from ``dictionary``.</doc>
<status status="PASS" start="2024-06-08T01:04:55.364770" elapsed="0.000417"/>
</kw>
<kw name="Log" owner="BuiltIn">
<msg time="2024-06-08T01:04:55.365877" level="INFO">{'gender': 'female', 'name': {'title': 'Miss', 'first': 'Luz', 'last': 'Medina'}, 'location': {'street': {'number': 1654, 'name': 'Calle de Ferraz'}, 'city': 'Valencia', 'state': 'Aragón', 'country': 'Spain', 'postcode': 22035, 'coordinates': {'latitude': '-32.4356', 'longitude': '6.8831'}, 'timezone': {'offset': '+4:30', 'description': 'Kabul'}}, 'email': 'luz.medina@example.com', 'login': {'uuid': '983a27e1-2a95-4d77-95a6-696527f5218e', 'username': 'happygorilla623', 'password': 'pete', 'salt': 'PJt2EBuw', 'md5': '2457762e1958cae14cbc30cebaf289f3', 'sha1': '746111a1f64cfa6d32b0e6e8cb4e56ff30b216f1', 'sha256': '760c630becec314511bbe313c9e6b86f7dcb99673a0c825927a8ab7af9d3bffe'}, 'dob': {'date': '1966-06-03T12:36:14.216Z', 'age': 58}, 'registered': {'date': '2009-05-24T16:18:21.076Z', 'age': 15}, 'phone': '949-310-585', 'cell': '687-616-689', 'id': {'name': 'DNI', 'value': '80166263-Y'}, 'picture': {'large': 'https://randomuser.me/api/portraits/women/14.jpg', 'medium': 'https://randomuser.me/api/portraits/med/women/14.jpg', 'thumbnail': 'https://randomuser.me/api/portraits/thumb/women/14.jpg'}, 'nat': 'ES'}</msg>
<arg>${json_data['results'][0]}</arg>
<doc>Logs the given message with the given level.</doc>
<status status="PASS" start="2024-06-08T01:04:55.365516" elapsed="0.000415"/>
</kw>
<kw name="Log" owner="BuiltIn">
<msg time="2024-06-08T01:04:55.366358" level="INFO">name</msg>
<arg>${key}</arg>
<doc>Logs the given message with the given level.</doc>
<status status="PASS" start="2024-06-08T01:04:55.366227" elapsed="0.000169"/>
</kw>
<var name="${key}">name</var>
<status status="PASS" start="2024-06-08T01:04:55.364653" elapsed="0.001957"/>
</iter>
<iter>
<kw name="Dictionary Should Contain Key" owner="Collections">
<msg time="2024-06-08T01:04:55.367280" level="INFO">False</msg>
<arg>${json_data['results'][0]}</arg>
<arg>${key}</arg>
<doc>Fails if ``key`` is not found from ``dictionary``.</doc>
<status status="PASS" start="2024-06-08T01:04:55.366903" elapsed="0.000415"/>
</kw>
<kw name="Log" owner="BuiltIn">
<msg time="2024-06-08T01:04:55.368023" level="INFO">{'gender': 'female', 'name': {'title': 'Miss', 'first': 'Luz', 'last': 'Medina'}, 'location': {'street': {'number': 1654, 'name': 'Calle de Ferraz'}, 'city': 'Valencia', 'state': 'Aragón', 'country': 'Spain', 'postcode': 22035, 'coordinates': {'latitude': '-32.4356', 'longitude': '6.8831'}, 'timezone': {'offset': '+4:30', 'description': 'Kabul'}}, 'email': 'luz.medina@example.com', 'login': {'uuid': '983a27e1-2a95-4d77-95a6-696527f5218e', 'username': 'happygorilla623', 'password': 'pete', 'salt': 'PJt2EBuw', 'md5': '2457762e1958cae14cbc30cebaf289f3', 'sha1': '746111a1f64cfa6d32b0e6e8cb4e56ff30b216f1', 'sha256': '760c630becec314511bbe313c9e6b86f7dcb99673a0c825927a8ab7af9d3bffe'}, 'dob': {'date': '1966-06-03T12:36:14.216Z', 'age': 58}, 'registered': {'date': '2009-05-24T16:18:21.076Z', 'age': 15}, 'phone': '949-310-585', 'cell': '687-616-689', 'id': {'name': 'DNI', 'value': '80166263-Y'}, 'picture': {'large': 'https://randomuser.me/api/portraits/women/14.jpg', 'medium': 'https://randomuser.me/api/portraits/med/women/14.jpg', 'thumbnail': 'https://randomuser.me/api/portraits/thumb/women/14.jpg'}, 'nat': 'ES'}</msg>
<arg>${json_data['results'][0]}</arg>
<doc>Logs the given message with the given level.</doc>
<status status="PASS" start="2024-06-08T01:04:55.367657" elapsed="0.000418"/>
</kw>
<kw name="Log" owner="BuiltIn">
<msg time="2024-06-08T01:04:55.368521" level="INFO">location</msg>
<arg>${key}</arg>
<doc>Logs the given message with the given level.</doc>
<status status="PASS" start="2024-06-08T01:04:55.368394" elapsed="0.000164"/>
</kw>
<var name="${key}">location</var>
<status status="PASS" start="2024-06-08T01:04:55.366789" elapsed="0.001989"/>
</iter>
<iter>
<kw name="Dictionary Should Contain Key" owner="Collections">
<msg time="2024-06-08T01:04:55.369556" level="INFO">False</msg>
<arg>${json_data['results'][0]}</arg>
<arg>${key}</arg>
<doc>Fails if ``key`` is not found from ``dictionary``.</doc>
<status status="PASS" start="2024-06-08T01:04:55.369067" elapsed="0.000527"/>
</kw>
<kw name="Log" owner="BuiltIn">
<msg time="2024-06-08T01:04:55.370253" level="INFO">{'gender': 'female', 'name': {'title': 'Miss', 'first': 'Luz', 'last': 'Medina'}, 'location': {'street': {'number': 1654, 'name': 'Calle de Ferraz'}, 'city': 'Valencia', 'state': 'Aragón', 'country': 'Spain', 'postcode': 22035, 'coordinates': {'latitude': '-32.4356', 'longitude': '6.8831'}, 'timezone': {'offset': '+4:30', 'description': 'Kabul'}}, 'email': 'luz.medina@example.com', 'login': {'uuid': '983a27e1-2a95-4d77-95a6-696527f5218e', 'username': 'happygorilla623', 'password': 'pete', 'salt': 'PJt2EBuw', 'md5': '2457762e1958cae14cbc30cebaf289f3', 'sha1': '746111a1f64cfa6d32b0e6e8cb4e56ff30b216f1', 'sha256': '760c630becec314511bbe313c9e6b86f7dcb99673a0c825927a8ab7af9d3bffe'}, 'dob': {'date': '1966-06-03T12:36:14.216Z', 'age': 58}, 'registered': {'date': '2009-05-24T16:18:21.076Z', 'age': 15}, 'phone': '949-310-585', 'cell': '687-616-689', 'id': {'name': 'DNI', 'value': '80166263-Y'}, 'picture': {'large': 'https://randomuser.me/api/portraits/women/14.jpg', 'medium': 'https://randomuser.me/api/portraits/med/women/14.jpg', 'thumbnail': 'https://randomuser.me/api/portraits/thumb/women/14.jpg'}, 'nat': 'ES'}</msg>
<arg>${json_data['results'][0]}</arg>
<doc>Logs the given message with the given level.</doc>
<status status="PASS" start="2024-06-08T01:04:55.369895" elapsed="0.000407"/>
</kw>
<kw name="Log" owner="BuiltIn">
<msg time="2024-06-08T01:04:55.370726" level="INFO">email</msg>
<arg>${key}</arg>
<doc>Logs the given message with the given level.</doc>
<status status="PASS" start="2024-06-08T01:04:55.370600" elapsed="0.000163"/>
</kw>
<var name="${key}">email</var>
<status status="PASS" start="2024-06-08T01:04:55.368954" elapsed="0.002028"/>
</iter>
<iter>
<kw name="Dictionary Should Contain Key" owner="Collections">
<msg time="2024-06-08T01:04:55.371694" level="INFO">False</msg>
<arg>${json_data['results'][0]}</arg>
<arg>${key}</arg>
<doc>Fails if ``key`` is not found from ``dictionary``.</doc>
<status status="PASS" start="2024-06-08T01:04:55.371273" elapsed="0.000459"/>
</kw>
<kw name="Log" owner="BuiltIn">
<msg time="2024-06-08T01:04:55.372398" level="INFO">{'gender': 'female', 'name': {'title': 'Miss', 'first': 'Luz', 'last': 'Medina'}, 'location': {'street': {'number': 1654, 'name': 'Calle de Ferraz'}, 'city': 'Valencia', 'state': 'Aragón', 'country': 'Spain', 'postcode': 22035, 'coordinates': {'latitude': '-32.4356', 'longitude': '6.8831'}, 'timezone': {'offset': '+4:30', 'description': 'Kabul'}}, 'email': 'luz.medina@example.com', 'login': {'uuid': '983a27e1-2a95-4d77-95a6-696527f5218e', 'username': 'happygorilla623', 'password': 'pete', 'salt': 'PJt2EBuw', 'md5': '2457762e1958cae14cbc30cebaf289f3', 'sha1': '746111a1f64cfa6d32b0e6e8cb4e56ff30b216f1', 'sha256': '760c630becec314511bbe313c9e6b86f7dcb99673a0c825927a8ab7af9d3bffe'}, 'dob': {'date': '1966-06-03T12:36:14.216Z', 'age': 58}, 'registered': {'date': '2009-05-24T16:18:21.076Z', 'age': 15}, 'phone': '949-310-585', 'cell': '687-616-689', 'id': {'name': 'DNI', 'value': '80166263-Y'}, 'picture': {'large': 'https://randomuser.me/api/portraits/women/14.jpg', 'medium': 'https://randomuser.me/api/portraits/med/women/14.jpg', 'thumbnail': 'https://randomuser.me/api/portraits/thumb/women/14.jpg'}, 'nat': 'ES'}</msg>
<arg>${json_data['results'][0]}</arg>
<doc>Logs the given message with the given level.</doc>
<status status="PASS" start="2024-06-08T01:04:55.372031" elapsed="0.000415"/>
</kw>
<kw name="Log" owner="BuiltIn">
<msg time="2024-06-08T01:04:55.372865" level="INFO">login</msg>
<arg>${key}</arg>
<doc>Logs the given message with the given level.</doc>
<status status="PASS" start="2024-06-08T01:04:55.372739" elapsed="0.000163"/>
</kw>
<var name="${key}">login</var>
<status status="PASS" start="2024-06-08T01:04:55.371159" elapsed="0.001964"/>
</iter>
<var>${key}</var>
<value>@{expected_keys}</value>
<status status="PASS" start="2024-06-08T01:04:55.362251" elapsed="0.010992"/>
</for>
<kw name="Create List" owner="BuiltIn">
<msg time="2024-06-08T01:04:55.373609" level="INFO">${expected_keysTwo} = ['username', 'password']</msg>
<var>${expected_keysTwo}</var>
<arg>username</arg>
<arg>password</arg>
<doc>Returns a list containing given items.</doc>
<status status="PASS" start="2024-06-08T01:04:55.373470" elapsed="0.000161"/>
</kw>
<for flavor="IN">
<iter>
<kw name="Dictionary Should Contain Key" owner="Collections">
<msg time="2024-06-08T01:04:55.374516" level="INFO">False</msg>
<arg>${json_data['results'][0]['login']}</arg>
<arg>${keyTwo}</arg>
<doc>Fails if ``key`` is not found from ``dictionary``.</doc>
<status status="PASS" start="2024-06-08T01:04:55.374132" elapsed="0.000422"/>
</kw>
<kw name="Dictionary Should Contain Key" owner="Collections">
<msg time="2024-06-08T01:04:55.375231" level="INFO">False</msg>
<arg>${json_data['results'][0]['login']}</arg>
<arg>${keyTwo}</arg>
<doc>Fails if ``key`` is not found from ``dictionary``.</doc>
<status status="PASS" start="2024-06-08T01:04:55.374849" elapsed="0.000420"/>
</kw>
<kw name="Log" owner="BuiltIn">
<msg time="2024-06-08T01:04:55.375720" level="INFO">username</msg>
<arg>${keyTwo}</arg>
<doc>Logs the given message with the given level.</doc>
<status status="PASS" start="2024-06-08T01:04:55.375594" elapsed="0.000162"/>
</kw>
<var name="${keyTwo}">username</var>
<status status="PASS" start="2024-06-08T01:04:55.374022" elapsed="0.001949"/>
</iter>
<iter>
<kw name="Dictionary Should Contain Key" owner="Collections">
<msg time="2024-06-08T01:04:55.376636" level="INFO">False</msg>
<arg>${json_data['results'][0]['login']}</arg>
<arg>${keyTwo}</arg>
<doc>Fails if ``key`` is not found from ``dictionary``.</doc>
<status status="PASS" start="2024-06-08T01:04:55.376256" elapsed="0.000416"/>
</kw>
<kw name="Dictionary Should Contain Key" owner="Collections">
<msg time="2024-06-08T01:04:55.377357" level="INFO">False</msg>
<arg>${json_data['results'][0]['login']}</arg>
<arg>${keyTwo}</arg>
<doc>Fails if ``key`` is not found from ``dictionary``.</doc>
<status status="PASS" start="2024-06-08T01:04:55.376979" elapsed="0.000414"/>
</kw>
<kw name="Log" owner="BuiltIn">
<msg time="2024-06-08T01:04:55.377809" level="INFO">password</msg>
<arg>${keyTwo}</arg>
<doc>Logs the given message with the given level.</doc>
<status status="PASS" start="2024-06-08T01:04:55.377684" elapsed="0.000161"/>
</kw>
<var name="${keyTwo}">password</var>
<status status="PASS" start="2024-06-08T01:04:55.376145" elapsed="0.001914"/>
</iter>
<var>${keyTwo}</var>
<value>@{expected_keysTwo}</value>
<status status="PASS" start="2024-06-08T01:04:55.373869" elapsed="0.004311"/>
</for>
<status status="PASS" start="2024-06-08T01:04:55.261345" elapsed="0.116973"/>
</kw>
<doc>Testa a estrutura da resposta da API.</doc>
<tag>testeEstruturaResposta</tag>
<status status="PASS" start="2024-06-08T01:04:55.260782" elapsed="0.117687"/>
</test>
<test id="s1-s1-t4" name="Validar tipos de dados" line="28">
<kw name="Teste de Tipos de Dados" owner="random-user-service">
<kw name="GET On Session" owner="RequestsLibrary">
<msg time="2024-06-08T01:04:55.676739" level="INFO">GET Request : url=https://randomuser.me/api 
 path_url=/api 
 headers={'User-Agent': 'python-requests/2.32.3', 'Accept-Encoding': 'gzip, deflate', 'Accept': '*/*', 'Connection': 'keep-alive'} 
 body=None 
 </msg>
<msg time="2024-06-08T01:04:55.676812" level="INFO">GET Response : url=https://randomuser.me/api 
 status=200, reason=OK 
 headers={'Date': 'Sat, 08 Jun 2024 01:04:55 GMT', 'Content-Type': 'application/json; charset=utf-8', 'Transfer-Encoding': 'chunked', 'Connection': 'keep-alive', 'X-Powered-By': 'Express', 'Access-Control-Allow-Origin': '*', 'Cache-Control': 'no-cache', 'ETag': 'W/"495-Y+z9oNyhBrYljxCklhluQ99TV/s"', 'Vary': 'Accept-Encoding', 'Content-Encoding': 'gzip', 'CF-Cache-Status': 'DYNAMIC', 'Report-To': '{"endpoints":[{"url":"https:\\/\\/a.nel.cloudflare.com\\/report\\/v4?s=ZqTHPDsxTT24%2BMyuCisO1OCQgbTLeN8oS0pUbJulQ9a%2FLXxTVoHYlOuSbNC3DwJvSEP10QyMQOzt3foIShm%2B%2FcCDqF6OhOJecAFIEeILCM5yFfCcVmDs8JH%2BscOF4Axv"}],"group":"cf-nel","max_age":604800}', 'NEL': '{"success_fraction":0,"report_to":"cf-nel","max_age":604800}', 'Server': 'cloudflare', 'CF-RAY': '8904f87a2de53157-LAX', 'alt-svc': 'h3=":443"; ma=86400'} 
 body={"results":[{"gender":"female","name":{"title":"Mrs","first":"Sophie","last":"Hanson"},"location":{"street":{"number":4125,"name":"Albert Road"},"city":"Chester","state":"Lancashire","country":"United Kingdom","postcode":"SJ6W 5QZ","coordinates":{"latitude":"-7.8452","longitude":"124.8702"},"timezone":{"offset":"-12:00","description":"Eniwetok, Kwajalein"}},"email":"sophie.hanson@example.com","login":{"uuid":"e5906038-14e3-4a9e-b896-85035343a3fd","username":"happyleopard432","password":"meadow","salt":"p6lNL68G","md5":"361dec05a933745a86c3081cae80d6e2","sha1":"897fb949356548d2fd76580c0f1ddf6fcfbe51a8","sha256":"38c6a515c9ac7c65acde11b151b45cedb23314f9018e6f3a9a334ab7947a9c92"},"dob":{"date":"1947-01-24T03:25:49.628Z","age":77},"registered":{"date":"2006-09-26T06:01:17.103Z","age":17},"phone":"016977 1883","cell":"07795 272799","id":{"name":"NINO","value":"NW 76 19 82 W"},"picture":{"large":"https://randomuser.me/api/portraits/women/34.jpg","medium":"https://randomuser.me/api/portraits/med/women/34.jpg","thumbnail":"https://randomuser.me/api/portraits/thumb/women/34.jpg"},"nat":"GB"}],"info":{"seed":"a54397797934ac09","results":1,"page":1,"version":"1.4"}} 
 </msg>
<msg time="2024-06-08T01:04:55.676870" level="INFO">/opt/hostedtoolcache/Python/3.12.3/x64/lib/python3.12/site-packages/urllib3/connectionpool.py:1103: InsecureRequestWarning: Unverified HTTPS request is being made to host 'randomuser.me'. Adding certificate verification is strongly advised. See: https://urllib3.readthedocs.io/en/latest/advanced-usage.html#tls-warnings
  warnings.warn(</msg>
<msg time="2024-06-08T01:04:55.676967" level="INFO">${response} = &lt;Response [200]&gt;</msg>
<var>${response}</var>
<arg>consultarAPI</arg>
<arg>/api</arg>
<doc>Sends a GET request on a previously created HTTP Session.</doc>
<status status="PASS" start="2024-06-08T01:04:55.381036" elapsed="0.295971"/>
</kw>
<kw name="Set Variable" owner="BuiltIn">
<msg time="2024-06-08T01:04:55.678039" level="INFO">${json_data} = {'results': [{'gender': 'female', 'name': {'title': 'Mrs', 'first': 'Sophie', 'last': 'Hanson'}, 'location': {'street': {'number': 4125, 'name': 'Albert Road'}, 'city': 'Chester', 'state': 'Lancashire...</msg>
<var>${json_data}</var>
<arg>${response.json()}</arg>
<doc>Returns the given values which can then be assigned to a variables.</doc>
<status status="PASS" start="2024-06-08T01:04:55.677496" elapsed="0.000572"/>
</kw>
<kw name="Log" owner="BuiltIn">
<msg time="2024-06-08T01:04:55.678541" level="INFO">{'results': [{'gender': 'female', 'name': {'title': 'Mrs', 'first': 'Sophie', 'last': 'Hanson'}, 'location': {'street': {'number': 4125, 'name': 'Albert Road'}, 'city': 'Chester', 'state': 'Lancashire', 'country': 'United Kingdom', 'postcode': 'SJ6W 5QZ', 'coordinates': {'latitude': '-7.8452', 'longitude': '124.8702'}, 'timezone': {'offset': '-12:00', 'description': 'Eniwetok, Kwajalein'}}, 'email': 'sophie.hanson@example.com', 'login': {'uuid': 'e5906038-14e3-4a9e-b896-85035343a3fd', 'username': 'happyleopard432', 'password': 'meadow', 'salt': 'p6lNL68G', 'md5': '361dec05a933745a86c3081cae80d6e2', 'sha1': '897fb949356548d2fd76580c0f1ddf6fcfbe51a8', 'sha256': '38c6a515c9ac7c65acde11b151b45cedb23314f9018e6f3a9a334ab7947a9c92'}, 'dob': {'date': '1947-01-24T03:25:49.628Z', 'age': 77}, 'registered': {'date': '2006-09-26T06:01:17.103Z', 'age': 17}, 'phone': '016977 1883', 'cell': '07795 272799', 'id': {'name': 'NINO', 'value': 'NW 76 19 82 W'}, 'picture': {'large': 'https://randomuser.me/api/portraits/women/34.jpg', 'medium': 'https://randomuser.me/api/portraits/med/women/34.jpg', 'thumbnail': 'https://randomuser.me/api/portraits/thumb/women/34.jpg'}, 'nat': 'GB'}], 'info': {'seed': 'a54397797934ac09', 'results': 1, 'page': 1, 'version': '1.4'}}</msg>
<arg>${json_data}</arg>
<doc>Logs the given message with the given level.</doc>
<status status="PASS" start="2024-06-08T01:04:55.678388" elapsed="0.000199"/>
</kw>
<kw name="Should Be String" owner="String">
<arg>${json_data['results'][0]['gender']}</arg>
<doc>Fails if the given ``item`` is not a string.</doc>
<status status="PASS" start="2024-06-08T01:04:55.678907" elapsed="0.000358"/>
</kw>
<kw name="Should Match Regexp" owner="BuiltIn">
<arg>${json_data['results'][0]['email']}</arg>
<arg>^[a-zA-Z0-9._%+-]+@[a-zA-Z0-9.-]+\.[a-zA-Z]{2,}$</arg>
<doc>Fails if ``string`` does not match ``pattern`` as a regular expression.</doc>
<status status="PASS" start="2024-06-08T01:04:55.679506" elapsed="0.000636"/>
</kw>
<kw name="Should Match Regexp" owner="BuiltIn">
<arg>${json_data['results'][0]['dob']['date']}</arg>
<arg>\\d{4}-\\d{2}-\\d{2}T\\d{2}:\\d{2}:\\d{2}\\.\\d{3}Z</arg>
<doc>Fails if ``string`` does not match ``pattern`` as a regular expression.</doc>
<status status="PASS" start="2024-06-08T01:04:55.680341" elapsed="0.000487"/>
</kw>
<kw name="Should Match Regexp" owner="BuiltIn">
<arg>${json_data['results'][0]['registered']['date']}</arg>
<arg>\\d{4}-\\d{2}-\\d{2}T\\d{2}:\\d{2}:\\d{2}\\.\\d{3}Z</arg>
<doc>Fails if ``string`` does not match ``pattern`` as a regular expression.</doc>
<status status="PASS" start="2024-06-08T01:04:55.681020" elapsed="0.000367"/>
</kw>
<kw name="Should Match Regexp" owner="BuiltIn">
<arg>${json_data['results'][0]['picture']['large']}</arg>
<arg>^https?://.*\.(?:png|jpe?g|gif|bmp)$</arg>
<doc>Fails if ``string`` does not match ``pattern`` as a regular expression.</doc>
<status status="PASS" start="2024-06-08T01:04:55.681574" elapsed="0.000456"/>
</kw>
<kw name="Should Match Regexp" owner="BuiltIn">
<arg>${json_data['results'][0]['picture']['medium']}</arg>
<arg>^https?://.*\.(?:png|jpe?g|gif|bmp)$</arg>
<doc>Fails if ``string`` does not match ``pattern`` as a regular expression.</doc>
<status status="PASS" start="2024-06-08T01:04:55.682219" elapsed="0.000348"/>
</kw>
<kw name="Should Match Regexp" owner="BuiltIn">
<arg>${json_data['results'][0]['picture']['thumbnail']}</arg>
<arg>^https?://.*\.(?:png|jpe?g|gif|bmp)$</arg>
<doc>Fails if ``string`` does not match ``pattern`` as a regular expression.</doc>
<status status="PASS" start="2024-06-08T01:04:55.682752" elapsed="0.000343"/>
</kw>
<kw name="Log" owner="BuiltIn">
<msg time="2024-06-08T01:04:55.683652" level="INFO">{'large': 'https://randomuser.me/api/portraits/women/34.jpg', 'medium': 'https://randomuser.me/api/portraits/med/women/34.jpg', 'thumbnail': 'https://randomuser.me/api/portraits/thumb/women/34.jpg'}</msg>
<arg>${json_data['results'][0]['picture']}</arg>
<doc>Logs the given message with the given level.</doc>
<status status="PASS" start="2024-06-08T01:04:55.683276" elapsed="0.000418"/>
</kw>
<status status="PASS" start="2024-06-08T01:04:55.380806" elapsed="0.303145"/>
</kw>
<kw name="Teste de Tipos de Dados - Postcode" owner="random-user-service">
<kw name="GET On Session" owner="RequestsLibrary">
<msg time="2024-06-08T01:04:55.778273" level="INFO">GET Request : url=https://randomuser.me/api 
 path_url=/api 
 headers={'User-Agent': 'python-requests/2.32.3', 'Accept-Encoding': 'gzip, deflate', 'Accept': '*/*', 'Connection': 'keep-alive'} 
 body=None 
 </msg>
<msg time="2024-06-08T01:04:55.778350" level="INFO">GET Response : url=https://randomuser.me/api 
 status=200, reason=OK 
 headers={'Date': 'Sat, 08 Jun 2024 01:04:55 GMT', 'Content-Type': 'application/json; charset=utf-8', 'Transfer-Encoding': 'chunked', 'Connection': 'keep-alive', 'X-Powered-By': 'Express', 'Access-Control-Allow-Origin': '*', 'Cache-Control': 'no-cache', 'ETag': 'W/"47d-i/lnPAmOb9JSKMkLH351pP9WLFg"', 'Vary': 'Accept-Encoding', 'Content-Encoding': 'gzip', 'CF-Cache-Status': 'DYNAMIC', 'Report-To': '{"endpoints":[{"url":"https:\\/\\/a.nel.cloudflare.com\\/report\\/v4?s=OYWOFqr%2BBH9rlLn0AyCFOq4xjp3TfebKrbkgDR%2FFu22Yq34Vn3Kl%2BiqzMmX8mucAZKGncTRP0en7m6Gb11KJxc4zEV8G2EzZFyabpJRaTEgkzNzQtS3989i59ZFolYBu"}],"group":"cf-nel","max_age":604800}', 'NEL': '{"success_fraction":0,"report_to":"cf-nel","max_age":604800}', 'Server': 'cloudflare', 'CF-RAY': '8904f87c0f973157-LAX', 'alt-svc': 'h3=":443"; ma=86400'} 
 body={"results":[{"gender":"male","name":{"title":"Mr","first":"Tony","last":"Larson"},"location":{"street":{"number":7836,"name":"Pecan Acres Ln"},"city":"Bunbury","state":"Australian Capital Territory","country":"Australia","postcode":3566,"coordinates":{"latitude":"-83.0962","longitude":"-56.3918"},"timezone":{"offset":"+3:30","description":"Tehran"}},"email":"tony.larson@example.com","login":{"uuid":"e89c9302-9c10-46f0-851c-e1af7a0bb38d","username":"bigsnake923","password":"eduardo","salt":"MWebA7aH","md5":"9bf5a3bd4b24e467e10e74406d07111c","sha1":"e21432567201191b2812b368863acf5e81dceb4d","sha256":"9aec4befaf6fc268c7569b6bc571bb8743bfb0aeb9c9e62912a65a7ab8ac5656"},"dob":{"date":"1950-02-25T13:20:40.675Z","age":74},"registered":{"date":"2015-01-29T15:30:10.862Z","age":9},"phone":"04-6077-1582","cell":"0459-460-469","id":{"name":"TFN","value":"374103589"},"picture":{"large":"https://randomuser.me/api/portraits/men/99.jpg","medium":"https://randomuser.me/api/portraits/med/men/99.jpg","thumbnail":"https://randomuser.me/api/portraits/thumb/men/99.jpg"},"nat":"AU"}],"info":{"seed":"9ba0d16fa764c061","results":1,"page":1,"version":"1.4"}} 
 </msg>
<msg time="2024-06-08T01:04:55.778418" level="INFO">/opt/hostedtoolcache/Python/3.12.3/x64/lib/python3.12/site-packages/urllib3/connectionpool.py:1103: InsecureRequestWarning: Unverified HTTPS request is being made to host 'randomuser.me'. Adding certificate verification is strongly advised. See: https://urllib3.readthedocs.io/en/latest/advanced-usage.html#tls-warnings
  warnings.warn(</msg>
<msg time="2024-06-08T01:04:55.778524" level="INFO">${response} = &lt;Response [200]&gt;</msg>
<var>${response}</var>
<arg>consultarAPI</arg>
<arg>/api</arg>
<doc>Sends a GET request on a previously created HTTP Session.</doc>
<status status="PASS" start="2024-06-08T01:04:55.684397" elapsed="0.094175"/>
</kw>
<kw name="Set Variable" owner="BuiltIn">
<msg time="2024-06-08T01:04:55.779686" level="INFO">${json_data} = {'results': [{'gender': 'male', 'name': {'title': 'Mr', 'first': 'Tony', 'last': 'Larson'}, 'location': {'street': {'number': 7836, 'name': 'Pecan Acres Ln'}, 'city': 'Bunbury', 'state': 'Australian C...</msg>
<var>${json_data}</var>
<arg>${response.json()}</arg>
<doc>Returns the given values which can then be assigned to a variables.</doc>
<status status="PASS" start="2024-06-08T01:04:55.779071" elapsed="0.000643"/>
</kw>
<kw name="Log" owner="BuiltIn">
<msg time="2024-06-08T01:04:55.780173" level="INFO">{'results': [{'gender': 'male', 'name': {'title': 'Mr', 'first': 'Tony', 'last': 'Larson'}, 'location': {'street': {'number': 7836, 'name': 'Pecan Acres Ln'}, 'city': 'Bunbury', 'state': 'Australian Capital Territory', 'country': 'Australia', 'postcode': 3566, 'coordinates': {'latitude': '-83.0962', 'longitude': '-56.3918'}, 'timezone': {'offset': '+3:30', 'description': 'Tehran'}}, 'email': 'tony.larson@example.com', 'login': {'uuid': 'e89c9302-9c10-46f0-851c-e1af7a0bb38d', 'username': 'bigsnake923', 'password': 'eduardo', 'salt': 'MWebA7aH', 'md5': '9bf5a3bd4b24e467e10e74406d07111c', 'sha1': 'e21432567201191b2812b368863acf5e81dceb4d', 'sha256': '9aec4befaf6fc268c7569b6bc571bb8743bfb0aeb9c9e62912a65a7ab8ac5656'}, 'dob': {'date': '1950-02-25T13:20:40.675Z', 'age': 74}, 'registered': {'date': '2015-01-29T15:30:10.862Z', 'age': 9}, 'phone': '04-6077-1582', 'cell': '0459-460-469', 'id': {'name': 'TFN', 'value': '374103589'}, 'picture': {'large': 'https://randomuser.me/api/portraits/men/99.jpg', 'medium': 'https://randomuser.me/api/portraits/med/men/99.jpg', 'thumbnail': 'https://randomuser.me/api/portraits/thumb/men/99.jpg'}, 'nat': 'AU'}], 'info': {'seed': '9ba0d16fa764c061', 'results': 1, 'page': 1, 'version': '1.4'}}</msg>
<arg>${json_data}</arg>
<doc>Logs the given message with the given level.</doc>
<status status="PASS" start="2024-06-08T01:04:55.780024" elapsed="0.000195"/>
</kw>
<kw name="Should Be Equal As Numbers" owner="BuiltIn">
<arg>${json_data['results'][0]['location']['postcode']}</arg>
<arg>${json_data['results'][0]['location']['postcode']}</arg>
<doc>Fails if objects are unequal after converting them to real numbers.</doc>
<status status="PASS" start="2024-06-08T01:04:55.780511" elapsed="0.000615"/>
</kw>
<kw name="Log" owner="BuiltIn">
<msg time="2024-06-08T01:04:55.781685" level="INFO">3566</msg>
<arg>${json_data['results'][0]['location']['postcode']}</arg>
<doc>Logs the given message with the given level.</doc>
<status status="PASS" start="2024-06-08T01:04:55.781350" elapsed="0.000376"/>
</kw>
<status status="PASS" start="2024-06-08T01:04:55.684171" elapsed="0.097804"/>
</kw>
<doc>Testa se os tipos de dados na resposta da API estão corretos.</doc>
<tag>testeTiposDados</tag>
<status status="PASS" start="2024-06-08T01:04:55.380261" elapsed="0.401878"/>
</test>
<test id="s1-s1-t5" name="Validar conteudo" line="35">
<kw name="Teste de Tipos de Conteudo" owner="random-user-service">
<kw name="GET On Session" owner="RequestsLibrary">
<msg time="2024-06-08T01:04:55.878522" level="INFO">GET Request : url=https://randomuser.me/api 
 path_url=/api 
 headers={'User-Agent': 'python-requests/2.32.3', 'Accept-Encoding': 'gzip, deflate', 'Accept': '*/*', 'Connection': 'keep-alive'} 
 body=None 
 </msg>
<msg time="2024-06-08T01:04:55.878601" level="INFO">GET Response : url=https://randomuser.me/api 
 status=200, reason=OK 
 headers={'Date': 'Sat, 08 Jun 2024 01:04:55 GMT', 'Content-Type': 'application/json; charset=utf-8', 'Transfer-Encoding': 'chunked', 'Connection': 'keep-alive', 'X-Powered-By': 'Express', 'Access-Control-Allow-Origin': '*', 'Cache-Control': 'no-cache', 'ETag': 'W/"492-gUArbLXlRqInFsxUpLRmVNoQgCQ"', 'Vary': 'Accept-Encoding', 'Content-Encoding': 'gzip', 'CF-Cache-Status': 'DYNAMIC', 'Report-To': '{"endpoints":[{"url":"https:\\/\\/a.nel.cloudflare.com\\/report\\/v4?s=AXmYuNV6RfUReUI7zaEPJVa0ASCJF6LXbz3ZzlFFkF0pjgbDF26QMXu5s21xDdsIZptt0O2X9gDUX%2F3P7iWq%2B8F%2FVt%2Fpd6Z%2Fv8Q35ZhnHAsh5KXeg0jD9YjkCm1IDhvv"}],"group":"cf-nel","max_age":604800}', 'NEL': '{"success_fraction":0,"report_to":"cf-nel","max_age":604800}', 'Server': 'cloudflare', 'CF-RAY': '8904f87ca8253157-LAX', 'alt-svc': 'h3=":443"; ma=86400'} 
 body={"results":[{"gender":"female","name":{"title":"Miss","first":"Aubree","last":"Clark"},"location":{"street":{"number":7876,"name":"Peel St"},"city":"Cornwall","state":"Nunavut","country":"Canada","postcode":"K4Q 3C3","coordinates":{"latitude":"-67.1681","longitude":"26.7568"},"timezone":{"offset":"+11:00","description":"Magadan, Solomon Islands, New Caledonia"}},"email":"aubree.clark@example.com","login":{"uuid":"233fcb39-a5a4-4788-8bfc-37a7c38edf30","username":"smallduck526","password":"zxc123","salt":"wPrEGHaS","md5":"36581efffeea59195bd6c4a5d1e2c712","sha1":"4d6abb45276bbed42c01a7d8c32906cf3e8f96ff","sha256":"595ed3306e9279c935cc61713ccfb152d0132d169cb1ac3a6b43a01f7b00ee9f"},"dob":{"date":"1981-02-25T20:18:34.558Z","age":43},"registered":{"date":"2012-01-19T09:31:13.044Z","age":12},"phone":"F59 W92-0169","cell":"Z14 B03-8305","id":{"name":"SIN","value":"146947593"},"picture":{"large":"https://randomuser.me/api/portraits/women/75.jpg","medium":"https://randomuser.me/api/portraits/med/women/75.jpg","thumbnail":"https://randomuser.me/api/portraits/thumb/women/75.jpg"},"nat":"CA"}],"info":{"seed":"493b1a8b068227d3","results":1,"page":1,"version":"1.4"}} 
 </msg>
<msg time="2024-06-08T01:04:55.878669" level="INFO">/opt/hostedtoolcache/Python/3.12.3/x64/lib/python3.12/site-packages/urllib3/connectionpool.py:1103: InsecureRequestWarning: Unverified HTTPS request is being made to host 'randomuser.me'. Adding certificate verification is strongly advised. See: https://urllib3.readthedocs.io/en/latest/advanced-usage.html#tls-warnings
  warnings.warn(</msg>
<msg time="2024-06-08T01:04:55.878790" level="INFO">${response} = &lt;Response [200]&gt;</msg>
<var>${response}</var>
<arg>consultarAPI</arg>
<arg>/api</arg>
<doc>Sends a GET request on a previously created HTTP Session.</doc>
<status status="PASS" start="2024-06-08T01:04:55.784677" elapsed="0.094163"/>
</kw>
<kw name="Set Variable" owner="BuiltIn">
<msg time="2024-06-08T01:04:55.879884" level="INFO">${json_data} = {'results': [{'gender': 'female', 'name': {'title': 'Miss', 'first': 'Aubree', 'last': 'Clark'}, 'location': {'street': {'number': 7876, 'name': 'Peel St'}, 'city': 'Cornwall', 'state': 'Nunavut', 'co...</msg>
<var>${json_data}</var>
<arg>${response.json()}</arg>
<doc>Returns the given values which can then be assigned to a variables.</doc>
<status status="PASS" start="2024-06-08T01:04:55.879309" elapsed="0.000603"/>
</kw>
<kw name="Set Variable" owner="BuiltIn">
<msg time="2024-06-08T01:04:55.880595" level="INFO">${name_title} = Miss</msg>
<var>${name_title}</var>
<arg>${json_data["results"][0]["name"]["title"]}</arg>
<doc>Returns the given values which can then be assigned to a variables.</doc>
<status status="PASS" start="2024-06-08T01:04:55.880217" elapsed="0.000403"/>
</kw>
<kw name="Create List" owner="BuiltIn">
<msg time="2024-06-08T01:04:55.881066" level="INFO">${allowed_titles} = ['Mr', 'Ms', 'Miss', 'Mrs', 'Madame', 'Monsieur']</msg>
<var>${allowed_titles}</var>
<arg>Mr</arg>
<arg>Ms</arg>
<arg>Miss</arg>
<arg>Mrs</arg>
<arg>Madame</arg>
<arg>Monsieur</arg>
<doc>Returns a list containing given items.</doc>
<status status="PASS" start="2024-06-08T01:04:55.880919" elapsed="0.000171"/>
</kw>
<kw name="List Should Contain Value" owner="Collections">
<msg time="2024-06-08T01:04:55.881566" level="INFO">False</msg>
<arg>${allowed_titles}</arg>
<arg>${name_title}</arg>
<doc>Fails if the ``value`` is not found from ``list``.</doc>
<status status="PASS" start="2024-06-08T01:04:55.881394" elapsed="0.000207"/>
</kw>
<kw name="Set Variable" owner="BuiltIn">
<msg time="2024-06-08T01:04:55.882411" level="INFO">${name_country} = CA</msg>
<var>${name_country}</var>
<arg>${json_data["results"][0]["nat"]}</arg>
<doc>Returns the given values which can then be assigned to a variables.</doc>
<status status="PASS" start="2024-06-08T01:04:55.881893" elapsed="0.000543"/>
</kw>
<kw name="Create List" owner="BuiltIn">
<msg time="2024-06-08T01:04:55.883334" level="INFO">${list_country} = ['AD', 'AE', 'AF', 'AG', 'AI', 'AL', 'AM', 'AO', 'AQ', 'AR', 'AS', 'AT', 'AU', 'AW', 'AX', 'AZ', 'BA', 'BB', 'BD', 'BE', 'BF', 'BG', 'BH', 'BI', 'BJ', 'BL', 'BM', 'BN', 'BO', 'BQ', 'BR', 'BS', 'BT', '...</msg>
<var>${list_country}</var>
<arg>AD</arg>
<arg>AE</arg>
<arg>AF</arg>
<arg>AG</arg>
<arg>AI</arg>
<arg>AL</arg>
<arg>AM</arg>
<arg>AO</arg>
<arg>AQ</arg>
<arg>AR</arg>
<arg>AS</arg>
<arg>AT</arg>
<arg>AU</arg>
<arg>AW</arg>
<arg>AX</arg>
<arg>AZ</arg>
<arg>BA</arg>
<arg>BB</arg>
<arg>BD</arg>
<arg>BE</arg>
<arg>BF</arg>
<arg>BG</arg>
<arg>BH</arg>
<arg>BI</arg>
<arg>BJ</arg>
<arg>BL</arg>
<arg>BM</arg>
<arg>BN</arg>
<arg>BO</arg>
<arg>BQ</arg>
<arg>BR</arg>
<arg>BS</arg>
<arg>BT</arg>
<arg>BV</arg>
<arg>BW</arg>
<arg>BY</arg>
<arg>BZ</arg>
<arg>CA</arg>
<arg>CC</arg>
<arg>CD</arg>
<arg>CF</arg>
<arg>CG</arg>
<arg>CH</arg>
<arg>CI</arg>
<arg>CK</arg>
<arg>CL</arg>
<arg>CM</arg>
<arg>CN</arg>
<arg>CO</arg>
<arg>CR</arg>
<arg>CU</arg>
<arg>CV</arg>
<arg>CW</arg>
<arg>CX</arg>
<arg>CY</arg>
<arg>CZ</arg>
<arg>DE</arg>
<arg>DJ</arg>
<arg>DK</arg>
<arg>DM</arg>
<arg>DO</arg>
<arg>DZ</arg>
<arg>EC</arg>
<arg>EE</arg>
<arg>EG</arg>
<arg>EH</arg>
<arg>ER</arg>
<arg>ES</arg>
<arg>ET</arg>
<arg>FI</arg>
<arg>FJ</arg>
<arg>FK</arg>
<arg>FM</arg>
<arg>FO</arg>
<arg>FR</arg>
<arg>GA</arg>
<arg>GB</arg>
<arg>GD</arg>
<arg>GE</arg>
<arg>GF</arg>
<arg>GG</arg>
<arg>GH</arg>
<arg>GI</arg>
<arg>GL</arg>
<arg>GM</arg>
<arg>GN</arg>
<arg>GP</arg>
<arg>GQ</arg>
<arg>GR</arg>
<arg>GS</arg>
<arg>GT</arg>
<arg>GU</arg>
<arg>GW</arg>
<arg>GY</arg>
<arg>HK</arg>
<arg>HM</arg>
<arg>HN</arg>
<arg>HR</arg>
<arg>HT</arg>
<arg>HU</arg>
<arg>ID</arg>
<arg>IE</arg>
<arg>IL</arg>
<arg>IM</arg>
<arg>IN</arg>
<arg>IO</arg>
<arg>IQ</arg>
<arg>IR</arg>
<arg>IS</arg>
<arg>IT</arg>
<arg>JE</arg>
<arg>JM</arg>
<arg>JO</arg>
<arg>JP</arg>
<arg>KE</arg>
<arg>KG</arg>
<arg>KH</arg>
<arg>KI</arg>
<arg>KM</arg>
<arg>KN</arg>
<arg>KP</arg>
<arg>KR</arg>
<arg>KW</arg>
<arg>KY</arg>
<arg>KZ</arg>
<arg>LA</arg>
<arg>LB</arg>
<arg>LC</arg>
<arg>LI</arg>
<arg>LK</arg>
<arg>LR</arg>
<arg>LS</arg>
<arg>LT</arg>
<arg>LU</arg>
<arg>LV</arg>
<arg>LY</arg>
<arg>MA</arg>
<arg>MC</arg>
<arg>MD</arg>
<arg>ME</arg>
<arg>MF</arg>
<arg>MG</arg>
<arg>MH</arg>
<arg>MK</arg>
<arg>ML</arg>
<arg>MM</arg>
<arg>MN</arg>
<arg>MO</arg>
<arg>MP</arg>
<arg>MQ</arg>
<arg>MR</arg>
<arg>MS</arg>
<arg>MT</arg>
<arg>MU</arg>
<arg>MV</arg>
<arg>MW</arg>
<arg>MX</arg>
<arg>MY</arg>
<arg>MZ</arg>
<arg>NA</arg>
<arg>NC</arg>
<arg>NE</arg>
<arg>NF</arg>
<arg>NG</arg>
<arg>NI</arg>
<arg>NL</arg>
<arg>NO</arg>
<arg>NP</arg>
<arg>NR</arg>
<arg>NU</arg>
<arg>NZ</arg>
<arg>OM</arg>
<arg>PA</arg>
<arg>PE</arg>
<arg>PF</arg>
<arg>PG</arg>
<arg>PH</arg>
<arg>PK</arg>
<arg>PL</arg>
<arg>PM</arg>
<arg>PN</arg>
<arg>PR</arg>
<arg>PS</arg>
<arg>PT</arg>
<arg>PW</arg>
<arg>PY</arg>
<arg>QA</arg>
<arg>RE</arg>
<arg>RO</arg>
<arg>RS</arg>
<arg>RU</arg>
<arg>RW</arg>
<arg>SA</arg>
<arg>SB</arg>
<arg>SC</arg>
<arg>SD</arg>
<arg>SE</arg>
<arg>SG</arg>
<arg>SH</arg>
<arg>SI</arg>
<arg>SJ</arg>
<arg>SK</arg>
<arg>SL</arg>
<arg>SM</arg>
<arg>SN</arg>
<arg>SO</arg>
<arg>SR</arg>
<arg>SS</arg>
<arg>ST</arg>
<arg>SV</arg>
<arg>SX</arg>
<arg>SY</arg>
<arg>SZ</arg>
<arg>TC</arg>
<arg>TD</arg>
<arg>TF</arg>
<arg>TG</arg>
<arg>TH</arg>
<arg>TJ</arg>
<arg>TK</arg>
<arg>TL</arg>
<arg>TM</arg>
<arg>TN</arg>
<arg>TO</arg>
<arg>TR</arg>
<arg>TT</arg>
<arg>TV</arg>
<arg>TW</arg>
<arg>TZ</arg>
<arg>UA</arg>
<arg>UG</arg>
<arg>UM</arg>
<arg>US</arg>
<arg>UY</arg>
<arg>UZ</arg>
<arg>VA</arg>
<arg>VC</arg>
<arg>VE</arg>
<arg>VG</arg>
<arg>VI</arg>
<arg>VN</arg>
<arg>VU</arg>
<arg>WF</arg>
<arg>WS</arg>
<arg>XK</arg>
<arg>YE</arg>
<arg>YT</arg>
<arg>ZA</arg>
<arg>ZM</arg>
<arg>ZW</arg>
<doc>Returns a list containing given items.</doc>
<status status="PASS" start="2024-06-08T01:04:55.882738" elapsed="0.000620"/>
</kw>
<kw name="List Should Contain Value" owner="Collections">
<msg time="2024-06-08T01:04:55.884382" level="INFO">False</msg>
<arg>${list_country}</arg>
<arg>${name_country}</arg>
<doc>Fails if the ``value`` is not found from ``list``.</doc>
<status status="PASS" start="2024-06-08T01:04:55.884183" elapsed="0.000234"/>
</kw>
<kw name="Run Keyword If" owner="BuiltIn">
<kw name="Should Be True" owner="BuiltIn">
<arg>${True}</arg>
<doc>Fails if the given condition is not true.</doc>
<status status="PASS" start="2024-06-08T01:04:55.885474" elapsed="0.000142"/>
</kw>
<arg>${json_data["results"][0]["location"]["coordinates"]["latitude"]} &gt;= -90 and ${json_data["results"][0]["location"]["coordinates"]["latitude"]} &lt;= 90</arg>
<arg>Should Be True</arg>
<arg>${True}</arg>
<doc>Runs the given keyword with the given arguments, if ``condition`` is true.</doc>
<status status="PASS" start="2024-06-08T01:04:55.884727" elapsed="0.001014"/>
</kw>
<kw name="Run Keyword If" owner="BuiltIn">
<kw name="Should Be True" owner="BuiltIn">
<arg>${True}</arg>
<doc>Fails if the given condition is not true.</doc>
<status status="PASS" start="2024-06-08T01:04:55.886617" elapsed="0.000135"/>
</kw>
<arg>${json_data["results"][0]["location"]["coordinates"]["longitude"]} &gt;= -180 and ${json_data["results"][0]["location"]["coordinates"]["longitude"]} &lt;= 180</arg>
<arg>Should Be True</arg>
<arg>${True}</arg>
<doc>Runs the given keyword with the given arguments, if ``condition`` is true.</doc>
<status status="PASS" start="2024-06-08T01:04:55.885930" elapsed="0.000942"/>
</kw>
<status status="PASS" start="2024-06-08T01:04:55.784451" elapsed="0.102549"/>
</kw>
<doc>Testa o conteúdo específico dos campos retornados pela API.</doc>
<tag>testeConteudo</tag>
<status status="PASS" start="2024-06-08T01:04:55.783910" elapsed="0.103232"/>
</test>
<status status="PASS" start="2024-06-08T01:04:54.725149" elapsed="1.163950"/>
</suite>
<status status="PASS" start="2024-06-08T01:04:54.707394" elapsed="1.186885"/>
</suite>
<statistics>
<total>
<stat pass="5" fail="0" skip="0">All Tests</stat>
</total>
<tag>
<stat pass="1" fail="0" skip="0">testeConteudo</stat>
<stat pass="1" fail="0" skip="0">testeEstruturaResposta</stat>
<stat pass="1" fail="0" skip="0">testeRequisicaoBasica</stat>
<stat pass="1" fail="0" skip="0">testeTiposDados</stat>
</tag>
<suite>
<stat pass="5" fail="0" skip="0" id="s1" name="Tests">Tests</stat>
<stat pass="5" fail="0" skip="0" id="s1-s1" name="Random-User-Test">Tests.Random-User-Test</stat>
</suite>
</statistics>
<errors>
</errors>
</robot>
