<?xml version="1.0" encoding="UTF-8"?>
<robot generator="Robot 7.0 (Python 3.12.3 on linux)" generated="2024-05-15T15:13:56.003713" rpa="false" schemaversion="5">
<suite id="s1" name="Tests" source="/home/runner/work/DesafioQAItauRogerioJordao/DesafioQAItauRogerioJordao/RamdonUser/tests">
<suite id="s1-s1" name="Random-User-Test" source="/home/runner/work/DesafioQAItauRogerioJordao/DesafioQAItauRogerioJordao/RamdonUser/tests/random-user-test.robot">
<test id="s1-s1-t1" name="Conectar" line="13">
<kw name="Conectar API" owner="random-user-service">
<kw name="Create Session" owner="RequestsLibrary">
<msg time="2024-05-15T15:13:56.359610" level="INFO">Creating Session using : alias=consultarAPI, url=https://randomuser.me/, headers={},                     cookies={}, auth=None, timeout=None, proxies=None, verify=False,                     debug=0 </msg>
<arg>consultarAPI</arg>
<arg>${URL}</arg>
<doc>Create Session: create a HTTP session to a server</doc>
<status status="PASS" start="2024-05-15T15:13:56.359436" elapsed="0.000326"/>
</kw>
<status status="PASS" start="2024-05-15T15:13:56.358555" elapsed="0.001522"/>
</kw>
<status status="PASS" start="2024-05-15T15:13:56.357954" elapsed="0.002299"/>
</test>
<test id="s1-s1-t2" name="Validar retorno 200 e JSON Válido" line="16">
<kw name="Teste de Requisicao Basica" owner="random-user-service">
<kw name="GET On Session" owner="RequestsLibrary">
<msg time="2024-05-15T15:13:56.458590" level="INFO">GET Request : url=https://randomuser.me/api 
 path_url=/api 
 headers={'User-Agent': 'python-requests/2.31.0', 'Accept-Encoding': 'gzip, deflate', 'Accept': '*/*', 'Connection': 'keep-alive'} 
 body=None 
 </msg>
<msg time="2024-05-15T15:13:56.458739" level="INFO">GET Response : url=https://randomuser.me/api 
 status=200, reason=OK 
 headers={'Date': 'Wed, 15 May 2024 15:13:56 GMT', 'Content-Type': 'application/json; charset=utf-8', 'Transfer-Encoding': 'chunked', 'Connection': 'keep-alive', 'X-Powered-By': 'Express', 'Access-Control-Allow-Origin': '*', 'Cache-Control': 'no-cache', 'ETag': 'W/"47c-pUjZrmtUnxsOFpevib3Dp34ifPs"', 'Vary': 'Accept-Encoding', 'Content-Encoding': 'gzip', 'CF-Cache-Status': 'DYNAMIC', 'Report-To': '{"endpoints":[{"url":"https:\\/\\/a.nel.cloudflare.com\\/report\\/v4?s=22jVADiUvyeDKaawVSMOLkU3pCeLdkCMbROIbDwIBeWhaamevc2MuX61cGSvmJk9uvLSe%2FNwu4%2Bxt9Kqz8rntS7d4E3TKKRleC7A%2FSgdM6wqHHRUet4nadVx0Ee4bqAt"}],"group":"cf-nel","max_age":604800}', 'NEL': '{"success_fraction":0,"report_to":"cf-nel","max_age":604800}', 'Server': 'cloudflare', 'CF-RAY': '884413277c425b46-IAD', 'alt-svc': 'h3=":443"; ma=86400'} 
 body={"results":[{"gender":"male","name":{"title":"Mr","first":"Coşkun","last":"Yeşilkaya"},"location":{"street":{"number":8550,"name":"Anafartalar Cd"},"city":"Kırklareli","state":"Ağrı","country":"Turkey","postcode":50401,"coordinates":{"latitude":"71.6266","longitude":"-21.9582"},"timezone":{"offset":"-11:00","description":"Midway Island, Samoa"}},"email":"coskun.yesilkaya@example.com","login":{"uuid":"2d0d1707-7bcc-48cd-a21f-d55b92a74e9d","username":"bigzebra847","password":"betsy","salt":"EUWYHV1y","md5":"12eb97b8294ec32a5b520e7fb24f71d5","sha1":"f887425f0128c5a7431d3ca181432ee871139586","sha256":"1b4c26989583e5fe552aab84443b71f0ab98ef50a10865ab5a60d86e12719893"},"dob":{"date":"1965-04-23T21:12:18.544Z","age":59},"registered":{"date":"2009-08-07T16:47:08.111Z","age":14},"phone":"(516)-428-6840","cell":"(068)-994-3617","id":{"name":"","value":null},"picture":{"large":"https://randomuser.me/api/portraits/men/73.jpg","medium":"https://randomuser.me/api/portraits/med/men/73.jpg","thumbnail":"https://randomuser.me/api/portraits/thumb/men/73.jpg"},"nat":"TR"}],"info":{"seed":"79a7e15db221f5f0","results":1,"page":1,"version":"1.4"}} 
 </msg>
<msg time="2024-05-15T15:13:56.458845" level="INFO">/opt/hostedtoolcache/Python/3.12.3/x64/lib/python3.12/site-packages/urllib3/connectionpool.py:1103: InsecureRequestWarning: Unverified HTTPS request is being made to host 'randomuser.me'. Adding certificate verification is strongly advised. See: https://urllib3.readthedocs.io/en/latest/advanced-usage.html#tls-warnings
  warnings.warn(</msg>
<msg time="2024-05-15T15:13:56.459003" level="INFO">${response} = &lt;Response [200]&gt;</msg>
<var>${response}</var>
<arg>consultarAPI</arg>
<arg>/api</arg>
<doc>Sends a GET request on a previously created HTTP Session.</doc>
<status status="PASS" start="2024-05-15T15:13:56.362716" elapsed="0.096328"/>
</kw>
<kw name="Should Be Equal As Numbers" owner="BuiltIn">
<msg time="2024-05-15T15:13:56.459807" level="INFO">Argument types are:
&lt;class 'int'&gt;
&lt;class 'str'&gt;</msg>
<arg>${response.status_code}</arg>
<arg>200</arg>
<doc>Fails if objects are unequal after converting them to real numbers.</doc>
<status status="PASS" start="2024-05-15T15:13:56.459431" elapsed="0.000434"/>
</kw>
<kw name="Log" owner="BuiltIn">
<msg time="2024-05-15T15:13:56.460471" level="INFO">200</msg>
<arg>${response.status_code}</arg>
<doc>Logs the given message with the given level.</doc>
<status status="PASS" start="2024-05-15T15:13:56.460152" elapsed="0.000358"/>
</kw>
<kw name="Set Variable" owner="BuiltIn">
<msg time="2024-05-15T15:13:56.461236" level="INFO">${json_data} = {'results': [{'gender': 'male', 'name': {'title': 'Mr', 'first': 'Coşkun', 'last': 'Yeşilkaya'}, 'location': {'street': {'number': 8550, 'name': 'Anafartalar Cd'}, 'city': 'Kırklareli', 'state': 'Ağrı...</msg>
<var>${json_data}</var>
<arg>${response.json()}</arg>
<doc>Returns the given values which can then be assigned to a variables.</doc>
<status status="PASS" start="2024-05-15T15:13:56.460788" elapsed="0.000476"/>
</kw>
<kw name="Dictionary Should Contain Key" owner="Collections">
<msg time="2024-05-15T15:13:56.461701" level="INFO">False</msg>
<arg>${json_data}</arg>
<arg>results</arg>
<doc>Fails if ``key`` is not found from ``dictionary``.</doc>
<status status="PASS" start="2024-05-15T15:13:56.461546" elapsed="0.000191"/>
</kw>
<status status="PASS" start="2024-05-15T15:13:56.362494" elapsed="0.099474"/>
</kw>
<doc>Testa se a API responde corretamente e retorna um objeto JSON válido.</doc>
<tag>testeRequisicaoBasica</tag>
<status status="PASS" start="2024-05-15T15:13:56.362024" elapsed="0.100109"/>
</test>
<test id="s1-s1-t3" name="Validar estrutura de resposta" line="22">
<kw name="Teste de Estrutura de Resposta" owner="random-user-service">
<kw name="GET On Session" owner="RequestsLibrary">
<msg time="2024-05-15T15:13:56.555167" level="INFO">GET Request : url=https://randomuser.me/api 
 path_url=/api 
 headers={'User-Agent': 'python-requests/2.31.0', 'Accept-Encoding': 'gzip, deflate', 'Accept': '*/*', 'Connection': 'keep-alive'} 
 body=None 
 </msg>
<msg time="2024-05-15T15:13:56.555252" level="INFO">GET Response : url=https://randomuser.me/api 
 status=200, reason=OK 
 headers={'Date': 'Wed, 15 May 2024 15:13:56 GMT', 'Content-Type': 'application/json; charset=utf-8', 'Transfer-Encoding': 'chunked', 'Connection': 'keep-alive', 'X-Powered-By': 'Express', 'Access-Control-Allow-Origin': '*', 'Cache-Control': 'no-cache', 'ETag': 'W/"485-U+hpXr2GvrH5F9JxuWZY+G3jm0c"', 'Vary': 'Accept-Encoding', 'Content-Encoding': 'gzip', 'CF-Cache-Status': 'DYNAMIC', 'Report-To': '{"endpoints":[{"url":"https:\\/\\/a.nel.cloudflare.com\\/report\\/v4?s=76WLy42xIansKI6sqRtABD%2F5Rx5H5NaUEWkKWr0BY0IVjEJNOEfkvfDEj1p4MevFoFUSceaYsEkKXWCmtOtci3%2BIsStuwYHLb9My6MQRFzHnxqz6NHhyAfvaayk5BnPW"}],"group":"cf-nel","max_age":604800}', 'NEL': '{"success_fraction":0,"report_to":"cf-nel","max_age":604800}', 'Server': 'cloudflare', 'CF-RAY': '88441327ecce5b46-IAD', 'alt-svc': 'h3=":443"; ma=86400'} 
 body={"results":[{"gender":"male","name":{"title":"Mr","first":"Arthur","last":"Park"},"location":{"street":{"number":7457,"name":"Wellington St"},"city":"Elgin","state":"Québec","country":"Canada","postcode":"F6H 4B3","coordinates":{"latitude":"-67.0748","longitude":"-115.7673"},"timezone":{"offset":"+4:00","description":"Abu Dhabi, Muscat, Baku, Tbilisi"}},"email":"arthur.park@example.com","login":{"uuid":"2babf4c5-e135-49ff-8380-e8ce5bf86929","username":"orangebear889","password":"commande","salt":"6fnuK78p","md5":"b13e356a2d5dba15ad32462dfd74e6f2","sha1":"8ec8024b905b146c38e8ae0248d4e93523a8052b","sha256":"be22b342946aa72515cdf4ee4c3cd30baee130b2d53d52d7c4c9ce9c883311e2"},"dob":{"date":"1973-05-31T03:27:55.095Z","age":50},"registered":{"date":"2018-04-25T01:49:28.998Z","age":6},"phone":"J79 O45-1520","cell":"R03 V38-1944","id":{"name":"SIN","value":"752461939"},"picture":{"large":"https://randomuser.me/api/portraits/men/88.jpg","medium":"https://randomuser.me/api/portraits/med/men/88.jpg","thumbnail":"https://randomuser.me/api/portraits/thumb/men/88.jpg"},"nat":"CA"}],"info":{"seed":"3d373ebcfc27f801","results":1,"page":1,"version":"1.4"}} 
 </msg>
<msg time="2024-05-15T15:13:56.555374" level="INFO">/opt/hostedtoolcache/Python/3.12.3/x64/lib/python3.12/site-packages/urllib3/connectionpool.py:1103: InsecureRequestWarning: Unverified HTTPS request is being made to host 'randomuser.me'. Adding certificate verification is strongly advised. See: https://urllib3.readthedocs.io/en/latest/advanced-usage.html#tls-warnings
  warnings.warn(</msg>
<msg time="2024-05-15T15:13:56.555536" level="INFO">${response} = &lt;Response [200]&gt;</msg>
<var>${response}</var>
<arg>consultarAPI</arg>
<arg>/api</arg>
<doc>Sends a GET request on a previously created HTTP Session.</doc>
<status status="PASS" start="2024-05-15T15:13:56.464705" elapsed="0.090888"/>
</kw>
<kw name="Set Variable" owner="BuiltIn">
<msg time="2024-05-15T15:13:56.556431" level="INFO">${json_data} = {'results': [{'gender': 'male', 'name': {'title': 'Mr', 'first': 'Arthur', 'last': 'Park'}, 'location': {'street': {'number': 7457, 'name': 'Wellington St'}, 'city': 'Elgin', 'state': 'Québec', 'count...</msg>
<var>${json_data}</var>
<arg>${response.json()}</arg>
<doc>Returns the given values which can then be assigned to a variables.</doc>
<status status="PASS" start="2024-05-15T15:13:56.555974" elapsed="0.000486"/>
</kw>
<kw name="Log" owner="BuiltIn">
<msg time="2024-05-15T15:13:56.556923" level="INFO">{'results': [{'gender': 'male', 'name': {'title': 'Mr', 'first': 'Arthur', 'last': 'Park'}, 'location': {'street': {'number': 7457, 'name': 'Wellington St'}, 'city': 'Elgin', 'state': 'Québec', 'country': 'Canada', 'postcode': 'F6H 4B3', 'coordinates': {'latitude': '-67.0748', 'longitude': '-115.7673'}, 'timezone': {'offset': '+4:00', 'description': 'Abu Dhabi, Muscat, Baku, Tbilisi'}}, 'email': 'arthur.park@example.com', 'login': {'uuid': '2babf4c5-e135-49ff-8380-e8ce5bf86929', 'username': 'orangebear889', 'password': 'commande', 'salt': '6fnuK78p', 'md5': 'b13e356a2d5dba15ad32462dfd74e6f2', 'sha1': '8ec8024b905b146c38e8ae0248d4e93523a8052b', 'sha256': 'be22b342946aa72515cdf4ee4c3cd30baee130b2d53d52d7c4c9ce9c883311e2'}, 'dob': {'date': '1973-05-31T03:27:55.095Z', 'age': 50}, 'registered': {'date': '2018-04-25T01:49:28.998Z', 'age': 6}, 'phone': 'J79 O45-1520', 'cell': 'R03 V38-1944', 'id': {'name': 'SIN', 'value': '752461939'}, 'picture': {'large': 'https://randomuser.me/api/portraits/men/88.jpg', 'medium': 'https://randomuser.me/api/portraits/med/men/88.jpg', 'thumbnail': 'https://randomuser.me/api/portraits/thumb/men/88.jpg'}, 'nat': 'CA'}], 'info': {'seed': '3d373ebcfc27f801', 'results': 1, 'page': 1, 'version': '1.4'}}</msg>
<arg>${json_data}</arg>
<doc>Logs the given message with the given level.</doc>
<status status="PASS" start="2024-05-15T15:13:56.556766" elapsed="0.000204"/>
</kw>
<kw name="Dictionary Should Contain Key" owner="Collections">
<msg time="2024-05-15T15:13:56.557461" level="INFO">False</msg>
<arg>${json_data}</arg>
<arg>results</arg>
<doc>Fails if ``key`` is not found from ``dictionary``.</doc>
<status status="PASS" start="2024-05-15T15:13:56.557304" elapsed="0.000193"/>
</kw>
<kw name="Should Not Be Empty" owner="BuiltIn">
<msg time="2024-05-15T15:13:56.557892" level="INFO">Length is 2.</msg>
<arg>${json_data}</arg>
<doc>Verifies that the given item is not empty.</doc>
<status status="PASS" start="2024-05-15T15:13:56.557773" elapsed="0.000266"/>
</kw>
<kw name="Create List" owner="BuiltIn">
<msg time="2024-05-15T15:13:56.558462" level="INFO">${expected_keys} = ['gender', 'name', 'location', 'email', 'login']</msg>
<var>${expected_keys}</var>
<arg>gender</arg>
<arg>name</arg>
<arg>location</arg>
<arg>email</arg>
<arg>login</arg>
<doc>Returns a list containing given items.</doc>
<status status="PASS" start="2024-05-15T15:13:56.558310" elapsed="0.000176"/>
</kw>
<for flavor="IN">
<iter>
<kw name="Dictionary Should Contain Key" owner="Collections">
<msg time="2024-05-15T15:13:56.559443" level="INFO">False</msg>
<arg>${json_data['results'][0]}</arg>
<arg>${key}</arg>
<doc>Fails if ``key`` is not found from ``dictionary``.</doc>
<status status="PASS" start="2024-05-15T15:13:56.559044" elapsed="0.000437"/>
</kw>
<kw name="Log" owner="BuiltIn">
<msg time="2024-05-15T15:13:56.560136" level="INFO">{'gender': 'male', 'name': {'title': 'Mr', 'first': 'Arthur', 'last': 'Park'}, 'location': {'street': {'number': 7457, 'name': 'Wellington St'}, 'city': 'Elgin', 'state': 'Québec', 'country': 'Canada', 'postcode': 'F6H 4B3', 'coordinates': {'latitude': '-67.0748', 'longitude': '-115.7673'}, 'timezone': {'offset': '+4:00', 'description': 'Abu Dhabi, Muscat, Baku, Tbilisi'}}, 'email': 'arthur.park@example.com', 'login': {'uuid': '2babf4c5-e135-49ff-8380-e8ce5bf86929', 'username': 'orangebear889', 'password': 'commande', 'salt': '6fnuK78p', 'md5': 'b13e356a2d5dba15ad32462dfd74e6f2', 'sha1': '8ec8024b905b146c38e8ae0248d4e93523a8052b', 'sha256': 'be22b342946aa72515cdf4ee4c3cd30baee130b2d53d52d7c4c9ce9c883311e2'}, 'dob': {'date': '1973-05-31T03:27:55.095Z', 'age': 50}, 'registered': {'date': '2018-04-25T01:49:28.998Z', 'age': 6}, 'phone': 'J79 O45-1520', 'cell': 'R03 V38-1944', 'id': {'name': 'SIN', 'value': '752461939'}, 'picture': {'large': 'https://randomuser.me/api/portraits/men/88.jpg', 'medium': 'https://randomuser.me/api/portraits/med/men/88.jpg', 'thumbnail': 'https://randomuser.me/api/portraits/thumb/men/88.jpg'}, 'nat': 'CA'}</msg>
<arg>${json_data['results'][0]}</arg>
<doc>Logs the given message with the given level.</doc>
<status status="PASS" start="2024-05-15T15:13:56.559773" elapsed="0.000413"/>
</kw>
<kw name="Log" owner="BuiltIn">
<msg time="2024-05-15T15:13:56.560613" level="INFO">gender</msg>
<arg>${key}</arg>
<doc>Logs the given message with the given level.</doc>
<status status="PASS" start="2024-05-15T15:13:56.560485" elapsed="0.000165"/>
</kw>
<var name="${key}">gender</var>
<status status="PASS" start="2024-05-15T15:13:56.558916" elapsed="0.001932"/>
</iter>
<iter>
<kw name="Dictionary Should Contain Key" owner="Collections">
<msg time="2024-05-15T15:13:56.561511" level="INFO">False</msg>
<arg>${json_data['results'][0]}</arg>
<arg>${key}</arg>
<doc>Fails if ``key`` is not found from ``dictionary``.</doc>
<status status="PASS" start="2024-05-15T15:13:56.561149" elapsed="0.000397"/>
</kw>
<kw name="Log" owner="BuiltIn">
<msg time="2024-05-15T15:13:56.562175" level="INFO">{'gender': 'male', 'name': {'title': 'Mr', 'first': 'Arthur', 'last': 'Park'}, 'location': {'street': {'number': 7457, 'name': 'Wellington St'}, 'city': 'Elgin', 'state': 'Québec', 'country': 'Canada', 'postcode': 'F6H 4B3', 'coordinates': {'latitude': '-67.0748', 'longitude': '-115.7673'}, 'timezone': {'offset': '+4:00', 'description': 'Abu Dhabi, Muscat, Baku, Tbilisi'}}, 'email': 'arthur.park@example.com', 'login': {'uuid': '2babf4c5-e135-49ff-8380-e8ce5bf86929', 'username': 'orangebear889', 'password': 'commande', 'salt': '6fnuK78p', 'md5': 'b13e356a2d5dba15ad32462dfd74e6f2', 'sha1': '8ec8024b905b146c38e8ae0248d4e93523a8052b', 'sha256': 'be22b342946aa72515cdf4ee4c3cd30baee130b2d53d52d7c4c9ce9c883311e2'}, 'dob': {'date': '1973-05-31T03:27:55.095Z', 'age': 50}, 'registered': {'date': '2018-04-25T01:49:28.998Z', 'age': 6}, 'phone': 'J79 O45-1520', 'cell': 'R03 V38-1944', 'id': {'name': 'SIN', 'value': '752461939'}, 'picture': {'large': 'https://randomuser.me/api/portraits/men/88.jpg', 'medium': 'https://randomuser.me/api/portraits/med/men/88.jpg', 'thumbnail': 'https://randomuser.me/api/portraits/thumb/men/88.jpg'}, 'nat': 'CA'}</msg>
<arg>${json_data['results'][0]}</arg>
<doc>Logs the given message with the given level.</doc>
<status status="PASS" start="2024-05-15T15:13:56.561841" elapsed="0.000379"/>
</kw>
<kw name="Log" owner="BuiltIn">
<msg time="2024-05-15T15:13:56.562610" level="INFO">name</msg>
<arg>${key}</arg>
<doc>Logs the given message with the given level.</doc>
<status status="PASS" start="2024-05-15T15:13:56.562493" elapsed="0.000152"/>
</kw>
<var name="${key}">name</var>
<status status="PASS" start="2024-05-15T15:13:56.561020" elapsed="0.001821"/>
</iter>
<iter>
<kw name="Dictionary Should Contain Key" owner="Collections">
<msg time="2024-05-15T15:13:56.563460" level="INFO">False</msg>
<arg>${json_data['results'][0]}</arg>
<arg>${key}</arg>
<doc>Fails if ``key`` is not found from ``dictionary``.</doc>
<status status="PASS" start="2024-05-15T15:13:56.563108" elapsed="0.000391"/>
</kw>
<kw name="Log" owner="BuiltIn">
<msg time="2024-05-15T15:13:56.564101" level="INFO">{'gender': 'male', 'name': {'title': 'Mr', 'first': 'Arthur', 'last': 'Park'}, 'location': {'street': {'number': 7457, 'name': 'Wellington St'}, 'city': 'Elgin', 'state': 'Québec', 'country': 'Canada', 'postcode': 'F6H 4B3', 'coordinates': {'latitude': '-67.0748', 'longitude': '-115.7673'}, 'timezone': {'offset': '+4:00', 'description': 'Abu Dhabi, Muscat, Baku, Tbilisi'}}, 'email': 'arthur.park@example.com', 'login': {'uuid': '2babf4c5-e135-49ff-8380-e8ce5bf86929', 'username': 'orangebear889', 'password': 'commande', 'salt': '6fnuK78p', 'md5': 'b13e356a2d5dba15ad32462dfd74e6f2', 'sha1': '8ec8024b905b146c38e8ae0248d4e93523a8052b', 'sha256': 'be22b342946aa72515cdf4ee4c3cd30baee130b2d53d52d7c4c9ce9c883311e2'}, 'dob': {'date': '1973-05-31T03:27:55.095Z', 'age': 50}, 'registered': {'date': '2018-04-25T01:49:28.998Z', 'age': 6}, 'phone': 'J79 O45-1520', 'cell': 'R03 V38-1944', 'id': {'name': 'SIN', 'value': '752461939'}, 'picture': {'large': 'https://randomuser.me/api/portraits/men/88.jpg', 'medium': 'https://randomuser.me/api/portraits/med/men/88.jpg', 'thumbnail': 'https://randomuser.me/api/portraits/thumb/men/88.jpg'}, 'nat': 'CA'}</msg>
<arg>${json_data['results'][0]}</arg>
<doc>Logs the given message with the given level.</doc>
<status status="PASS" start="2024-05-15T15:13:56.563769" elapsed="0.000377"/>
</kw>
<kw name="Log" owner="BuiltIn">
<msg time="2024-05-15T15:13:56.564558" level="INFO">location</msg>
<arg>${key}</arg>
<doc>Logs the given message with the given level.</doc>
<status status="PASS" start="2024-05-15T15:13:56.564432" elapsed="0.000164"/>
</kw>
<var name="${key}">location</var>
<status status="PASS" start="2024-05-15T15:13:56.563006" elapsed="0.001802"/>
</iter>
<iter>
<kw name="Dictionary Should Contain Key" owner="Collections">
<msg time="2024-05-15T15:13:56.565530" level="INFO">False</msg>
<arg>${json_data['results'][0]}</arg>
<arg>${key}</arg>
<doc>Fails if ``key`` is not found from ``dictionary``.</doc>
<status status="PASS" start="2024-05-15T15:13:56.565127" elapsed="0.000440"/>
</kw>
<kw name="Log" owner="BuiltIn">
<msg time="2024-05-15T15:13:56.566220" level="INFO">{'gender': 'male', 'name': {'title': 'Mr', 'first': 'Arthur', 'last': 'Park'}, 'location': {'street': {'number': 7457, 'name': 'Wellington St'}, 'city': 'Elgin', 'state': 'Québec', 'country': 'Canada', 'postcode': 'F6H 4B3', 'coordinates': {'latitude': '-67.0748', 'longitude': '-115.7673'}, 'timezone': {'offset': '+4:00', 'description': 'Abu Dhabi, Muscat, Baku, Tbilisi'}}, 'email': 'arthur.park@example.com', 'login': {'uuid': '2babf4c5-e135-49ff-8380-e8ce5bf86929', 'username': 'orangebear889', 'password': 'commande', 'salt': '6fnuK78p', 'md5': 'b13e356a2d5dba15ad32462dfd74e6f2', 'sha1': '8ec8024b905b146c38e8ae0248d4e93523a8052b', 'sha256': 'be22b342946aa72515cdf4ee4c3cd30baee130b2d53d52d7c4c9ce9c883311e2'}, 'dob': {'date': '1973-05-31T03:27:55.095Z', 'age': 50}, 'registered': {'date': '2018-04-25T01:49:28.998Z', 'age': 6}, 'phone': 'J79 O45-1520', 'cell': 'R03 V38-1944', 'id': {'name': 'SIN', 'value': '752461939'}, 'picture': {'large': 'https://randomuser.me/api/portraits/men/88.jpg', 'medium': 'https://randomuser.me/api/portraits/med/men/88.jpg', 'thumbnail': 'https://randomuser.me/api/portraits/thumb/men/88.jpg'}, 'nat': 'CA'}</msg>
<arg>${json_data['results'][0]}</arg>
<doc>Logs the given message with the given level.</doc>
<status status="PASS" start="2024-05-15T15:13:56.565864" elapsed="0.000404"/>
</kw>
<kw name="Log" owner="BuiltIn">
<msg time="2024-05-15T15:13:56.566681" level="INFO">email</msg>
<arg>${key}</arg>
<doc>Logs the given message with the given level.</doc>
<status status="PASS" start="2024-05-15T15:13:56.566559" elapsed="0.000156"/>
</kw>
<var name="${key}">email</var>
<status status="PASS" start="2024-05-15T15:13:56.564996" elapsed="0.001912"/>
</iter>
<iter>
<kw name="Dictionary Should Contain Key" owner="Collections">
<msg time="2024-05-15T15:13:56.567720" level="INFO">False</msg>
<arg>${json_data['results'][0]}</arg>
<arg>${key}</arg>
<doc>Fails if ``key`` is not found from ``dictionary``.</doc>
<status status="PASS" start="2024-05-15T15:13:56.567289" elapsed="0.000466"/>
</kw>
<kw name="Log" owner="BuiltIn">
<msg time="2024-05-15T15:13:56.568403" level="INFO">{'gender': 'male', 'name': {'title': 'Mr', 'first': 'Arthur', 'last': 'Park'}, 'location': {'street': {'number': 7457, 'name': 'Wellington St'}, 'city': 'Elgin', 'state': 'Québec', 'country': 'Canada', 'postcode': 'F6H 4B3', 'coordinates': {'latitude': '-67.0748', 'longitude': '-115.7673'}, 'timezone': {'offset': '+4:00', 'description': 'Abu Dhabi, Muscat, Baku, Tbilisi'}}, 'email': 'arthur.park@example.com', 'login': {'uuid': '2babf4c5-e135-49ff-8380-e8ce5bf86929', 'username': 'orangebear889', 'password': 'commande', 'salt': '6fnuK78p', 'md5': 'b13e356a2d5dba15ad32462dfd74e6f2', 'sha1': '8ec8024b905b146c38e8ae0248d4e93523a8052b', 'sha256': 'be22b342946aa72515cdf4ee4c3cd30baee130b2d53d52d7c4c9ce9c883311e2'}, 'dob': {'date': '1973-05-31T03:27:55.095Z', 'age': 50}, 'registered': {'date': '2018-04-25T01:49:28.998Z', 'age': 6}, 'phone': 'J79 O45-1520', 'cell': 'R03 V38-1944', 'id': {'name': 'SIN', 'value': '752461939'}, 'picture': {'large': 'https://randomuser.me/api/portraits/men/88.jpg', 'medium': 'https://randomuser.me/api/portraits/med/men/88.jpg', 'thumbnail': 'https://randomuser.me/api/portraits/thumb/men/88.jpg'}, 'nat': 'CA'}</msg>
<arg>${json_data['results'][0]}</arg>
<doc>Logs the given message with the given level.</doc>
<status status="PASS" start="2024-05-15T15:13:56.568033" elapsed="0.000419"/>
</kw>
<kw name="Log" owner="BuiltIn">
<msg time="2024-05-15T15:13:56.568867" level="INFO">login</msg>
<arg>${key}</arg>
<doc>Logs the given message with the given level.</doc>
<status status="PASS" start="2024-05-15T15:13:56.568743" elapsed="0.000162"/>
</kw>
<var name="${key}">login</var>
<status status="PASS" start="2024-05-15T15:13:56.567124" elapsed="0.002035"/>
</iter>
<var>${key}</var>
<value>@{expected_keys}</value>
<status status="PASS" start="2024-05-15T15:13:56.558735" elapsed="0.010592"/>
</for>
<kw name="Create List" owner="BuiltIn">
<msg time="2024-05-15T15:13:56.569665" level="INFO">${expected_keysTwo} = ['username', 'password']</msg>
<var>${expected_keysTwo}</var>
<arg>username</arg>
<arg>password</arg>
<doc>Returns a list containing given items.</doc>
<status status="PASS" start="2024-05-15T15:13:56.569527" elapsed="0.000162"/>
</kw>
<for flavor="IN">
<iter>
<kw name="Dictionary Should Contain Key" owner="Collections">
<msg time="2024-05-15T15:13:56.570584" level="INFO">False</msg>
<arg>${json_data['results'][0]['login']}</arg>
<arg>${keyTwo}</arg>
<doc>Fails if ``key`` is not found from ``dictionary``.</doc>
<status status="PASS" start="2024-05-15T15:13:56.570196" elapsed="0.000425"/>
</kw>
<kw name="Dictionary Should Contain Key" owner="Collections">
<msg time="2024-05-15T15:13:56.571295" level="INFO">False</msg>
<arg>${json_data['results'][0]['login']}</arg>
<arg>${keyTwo}</arg>
<doc>Fails if ``key`` is not found from ``dictionary``.</doc>
<status status="PASS" start="2024-05-15T15:13:56.570912" elapsed="0.000420"/>
</kw>
<kw name="Log" owner="BuiltIn">
<msg time="2024-05-15T15:13:56.571743" level="INFO">username</msg>
<arg>${keyTwo}</arg>
<doc>Logs the given message with the given level.</doc>
<status status="PASS" start="2024-05-15T15:13:56.571617" elapsed="0.000168"/>
</kw>
<var name="${keyTwo}">username</var>
<status status="PASS" start="2024-05-15T15:13:56.570088" elapsed="0.001909"/>
</iter>
<iter>
<kw name="Dictionary Should Contain Key" owner="Collections">
<msg time="2024-05-15T15:13:56.572738" level="INFO">False</msg>
<arg>${json_data['results'][0]['login']}</arg>
<arg>${keyTwo}</arg>
<doc>Fails if ``key`` is not found from ``dictionary``.</doc>
<status status="PASS" start="2024-05-15T15:13:56.572277" elapsed="0.000501"/>
</kw>
<kw name="Dictionary Should Contain Key" owner="Collections">
<msg time="2024-05-15T15:13:56.573498" level="INFO">False</msg>
<arg>${json_data['results'][0]['login']}</arg>
<arg>${keyTwo}</arg>
<doc>Fails if ``key`` is not found from ``dictionary``.</doc>
<status status="PASS" start="2024-05-15T15:13:56.573098" elapsed="0.000438"/>
</kw>
<kw name="Log" owner="BuiltIn">
<msg time="2024-05-15T15:13:56.573935" level="INFO">password</msg>
<arg>${keyTwo}</arg>
<doc>Logs the given message with the given level.</doc>
<status status="PASS" start="2024-05-15T15:13:56.573817" elapsed="0.000152"/>
</kw>
<var name="${keyTwo}">password</var>
<status status="PASS" start="2024-05-15T15:13:56.572167" elapsed="0.001999"/>
</iter>
<var>${keyTwo}</var>
<value>@{expected_keysTwo}</value>
<status status="PASS" start="2024-05-15T15:13:56.569935" elapsed="0.004342"/>
</for>
<status status="PASS" start="2024-05-15T15:13:56.464487" elapsed="0.109914"/>
</kw>
<doc>Testa a estrutura da resposta da API.</doc>
<tag>testeEstruturaResposta</tag>
<status status="PASS" start="2024-05-15T15:13:56.463910" elapsed="0.110633"/>
</test>
<test id="s1-s1-t4" name="Validar tipos de dados" line="28">
<kw name="Teste de Tipos de Dados" owner="random-user-service">
<kw name="GET On Session" owner="RequestsLibrary">
<msg time="2024-05-15T15:13:56.652799" level="INFO">GET Request : url=https://randomuser.me/api 
 path_url=/api 
 headers={'User-Agent': 'python-requests/2.31.0', 'Accept-Encoding': 'gzip, deflate', 'Accept': '*/*', 'Connection': 'keep-alive'} 
 body=None 
 </msg>
<msg time="2024-05-15T15:13:56.652860" level="INFO">GET Response : url=https://randomuser.me/api 
 status=200, reason=OK 
 headers={'Date': 'Wed, 15 May 2024 15:13:56 GMT', 'Content-Type': 'application/json; charset=utf-8', 'Transfer-Encoding': 'chunked', 'Connection': 'keep-alive', 'X-Powered-By': 'Express', 'Access-Control-Allow-Origin': '*', 'Cache-Control': 'no-cache', 'ETag': 'W/"488-x88e6X+PXAA3QV1sbNMmuOQx2/w"', 'Vary': 'Accept-Encoding', 'Content-Encoding': 'gzip', 'CF-Cache-Status': 'DYNAMIC', 'Report-To': '{"endpoints":[{"url":"https:\\/\\/a.nel.cloudflare.com\\/report\\/v4?s=6THQ43RkcTNDBCQNi7SEiatk8Z2KOpUb3WcMEjMMVpun3O1v608Xp3MjSb3qSEh7JeYLDPIIpbb6V7Xz%2By8H%2FiQWTWiVkwBPXTrmQBcd%2BL4sD%2BwKqX6Th0CT%2B0tAu8qU"}],"group":"cf-nel","max_age":604800}', 'NEL': '{"success_fraction":0,"report_to":"cf-nel","max_age":604800}', 'Server': 'cloudflare', 'CF-RAY': '884413289da95b46-IAD', 'alt-svc': 'h3=":443"; ma=86400'} 
 body={"results":[{"gender":"female","name":{"title":"Ms","first":"Jade","last":"Riviere"},"location":{"street":{"number":5240,"name":"Place du 22 Novembre 1943"},"city":"Roubaix","state":"Aube","country":"France","postcode":16007,"coordinates":{"latitude":"-16.9076","longitude":"97.0503"},"timezone":{"offset":"-9:00","description":"Alaska"}},"email":"jade.riviere@example.com","login":{"uuid":"7dd184c1-12e9-41b3-b27f-c93ca28a9638","username":"yellowsnake655","password":"hopeless","salt":"l5KeUnmj","md5":"b2d7b2dbc9cdccc02979f6206d74e65e","sha1":"d943c7dbbc24f341ebef9caed4612befb7de45d3","sha256":"cf034efc146c24b72d87bc43ec65b5d2b5566b17df918246791ce51892a4d387"},"dob":{"date":"1956-03-24T16:59:59.832Z","age":68},"registered":{"date":"2018-03-17T16:57:53.970Z","age":6},"phone":"01-56-63-25-63","cell":"06-85-28-95-12","id":{"name":"INSEE","value":"2560235801228 18"},"picture":{"large":"https://randomuser.me/api/portraits/women/61.jpg","medium":"https://randomuser.me/api/portraits/med/women/61.jpg","thumbnail":"https://randomuser.me/api/portraits/thumb/women/61.jpg"},"nat":"FR"}],"info":{"seed":"e929de775c6fb0f9","results":1,"page":1,"version":"1.4"}} 
 </msg>
<msg time="2024-05-15T15:13:56.652913" level="INFO">/opt/hostedtoolcache/Python/3.12.3/x64/lib/python3.12/site-packages/urllib3/connectionpool.py:1103: InsecureRequestWarning: Unverified HTTPS request is being made to host 'randomuser.me'. Adding certificate verification is strongly advised. See: https://urllib3.readthedocs.io/en/latest/advanced-usage.html#tls-warnings
  warnings.warn(</msg>
<msg time="2024-05-15T15:13:56.653017" level="INFO">${response} = &lt;Response [200]&gt;</msg>
<var>${response}</var>
<arg>consultarAPI</arg>
<arg>/api</arg>
<doc>Sends a GET request on a previously created HTTP Session.</doc>
<status status="PASS" start="2024-05-15T15:13:56.576992" elapsed="0.076067"/>
</kw>
<kw name="Set Variable" owner="BuiltIn">
<msg time="2024-05-15T15:13:56.653915" level="INFO">${json_data} = {'results': [{'gender': 'female', 'name': {'title': 'Ms', 'first': 'Jade', 'last': 'Riviere'}, 'location': {'street': {'number': 5240, 'name': 'Place du 22 Novembre 1943'}, 'city': 'Roubaix', 'state':...</msg>
<var>${json_data}</var>
<arg>${response.json()}</arg>
<doc>Returns the given values which can then be assigned to a variables.</doc>
<status status="PASS" start="2024-05-15T15:13:56.653464" elapsed="0.000478"/>
</kw>
<kw name="Log" owner="BuiltIn">
<msg time="2024-05-15T15:13:56.654389" level="INFO">{'results': [{'gender': 'female', 'name': {'title': 'Ms', 'first': 'Jade', 'last': 'Riviere'}, 'location': {'street': {'number': 5240, 'name': 'Place du 22 Novembre 1943'}, 'city': 'Roubaix', 'state': 'Aube', 'country': 'France', 'postcode': 16007, 'coordinates': {'latitude': '-16.9076', 'longitude': '97.0503'}, 'timezone': {'offset': '-9:00', 'description': 'Alaska'}}, 'email': 'jade.riviere@example.com', 'login': {'uuid': '7dd184c1-12e9-41b3-b27f-c93ca28a9638', 'username': 'yellowsnake655', 'password': 'hopeless', 'salt': 'l5KeUnmj', 'md5': 'b2d7b2dbc9cdccc02979f6206d74e65e', 'sha1': 'd943c7dbbc24f341ebef9caed4612befb7de45d3', 'sha256': 'cf034efc146c24b72d87bc43ec65b5d2b5566b17df918246791ce51892a4d387'}, 'dob': {'date': '1956-03-24T16:59:59.832Z', 'age': 68}, 'registered': {'date': '2018-03-17T16:57:53.970Z', 'age': 6}, 'phone': '01-56-63-25-63', 'cell': '06-85-28-95-12', 'id': {'name': 'INSEE', 'value': '2560235801228 18'}, 'picture': {'large': 'https://randomuser.me/api/portraits/women/61.jpg', 'medium': 'https://randomuser.me/api/portraits/med/women/61.jpg', 'thumbnail': 'https://randomuser.me/api/portraits/thumb/women/61.jpg'}, 'nat': 'FR'}], 'info': {'seed': 'e929de775c6fb0f9', 'results': 1, 'page': 1, 'version': '1.4'}}</msg>
<arg>${json_data}</arg>
<doc>Logs the given message with the given level.</doc>
<status status="PASS" start="2024-05-15T15:13:56.654241" elapsed="0.000225"/>
</kw>
<kw name="Should Be String" owner="String">
<arg>${json_data['results'][0]['gender']}</arg>
<doc>Fails if the given ``item`` is not a string.</doc>
<status status="PASS" start="2024-05-15T15:13:56.654760" elapsed="0.000354"/>
</kw>
<kw name="Should Match Regexp" owner="BuiltIn">
<arg>${json_data['results'][0]['email']}</arg>
<arg>^[a-zA-Z0-9._%+-]+@[a-zA-Z0-9.-]+\.[a-zA-Z]{2,}$</arg>
<doc>Fails if ``string`` does not match ``pattern`` as a regular expression.</doc>
<status status="PASS" start="2024-05-15T15:13:56.655301" elapsed="0.000495"/>
</kw>
<kw name="Should Match Regexp" owner="BuiltIn">
<arg>${json_data['results'][0]['dob']['date']}</arg>
<arg>\\d{4}-\\d{2}-\\d{2}T\\d{2}:\\d{2}:\\d{2}\\.\\d{3}Z</arg>
<doc>Fails if ``string`` does not match ``pattern`` as a regular expression.</doc>
<status status="PASS" start="2024-05-15T15:13:56.655988" elapsed="0.000481"/>
</kw>
<kw name="Should Match Regexp" owner="BuiltIn">
<arg>${json_data['results'][0]['registered']['date']}</arg>
<arg>\\d{4}-\\d{2}-\\d{2}T\\d{2}:\\d{2}:\\d{2}\\.\\d{3}Z</arg>
<doc>Fails if ``string`` does not match ``pattern`` as a regular expression.</doc>
<status status="PASS" start="2024-05-15T15:13:56.656657" elapsed="0.000361"/>
</kw>
<kw name="Should Match Regexp" owner="BuiltIn">
<arg>${json_data['results'][0]['picture']['large']}</arg>
<arg>^https?://.*\.(?:png|jpe?g|gif|bmp)$</arg>
<doc>Fails if ``string`` does not match ``pattern`` as a regular expression.</doc>
<status status="PASS" start="2024-05-15T15:13:56.657257" elapsed="0.000463"/>
</kw>
<kw name="Should Match Regexp" owner="BuiltIn">
<arg>${json_data['results'][0]['picture']['medium']}</arg>
<arg>^https?://.*\.(?:png|jpe?g|gif|bmp)$</arg>
<doc>Fails if ``string`` does not match ``pattern`` as a regular expression.</doc>
<status status="PASS" start="2024-05-15T15:13:56.657907" elapsed="0.000361"/>
</kw>
<kw name="Should Match Regexp" owner="BuiltIn">
<arg>${json_data['results'][0]['picture']['thumbnail']}</arg>
<arg>^https?://.*\.(?:png|jpe?g|gif|bmp)$</arg>
<doc>Fails if ``string`` does not match ``pattern`` as a regular expression.</doc>
<status status="PASS" start="2024-05-15T15:13:56.658454" elapsed="0.000345"/>
</kw>
<kw name="Log" owner="BuiltIn">
<msg time="2024-05-15T15:13:56.659298" level="INFO">{'large': 'https://randomuser.me/api/portraits/women/61.jpg', 'medium': 'https://randomuser.me/api/portraits/med/women/61.jpg', 'thumbnail': 'https://randomuser.me/api/portraits/thumb/women/61.jpg'}</msg>
<arg>${json_data['results'][0]['picture']}</arg>
<doc>Logs the given message with the given level.</doc>
<status status="PASS" start="2024-05-15T15:13:56.658978" elapsed="0.000361"/>
</kw>
<status status="PASS" start="2024-05-15T15:13:56.576789" elapsed="0.082799"/>
</kw>
<kw name="Teste de Tipos de Dados - Postcode" owner="random-user-service">
<kw name="GET On Session" owner="RequestsLibrary">
<msg time="2024-05-15T15:13:56.749908" level="INFO">GET Request : url=https://randomuser.me/api 
 path_url=/api 
 headers={'User-Agent': 'python-requests/2.31.0', 'Accept-Encoding': 'gzip, deflate', 'Accept': '*/*', 'Connection': 'keep-alive'} 
 body=None 
 </msg>
<msg time="2024-05-15T15:13:56.749985" level="INFO">GET Response : url=https://randomuser.me/api 
 status=200, reason=OK 
 headers={'Date': 'Wed, 15 May 2024 15:13:56 GMT', 'Content-Type': 'application/json; charset=utf-8', 'Transfer-Encoding': 'chunked', 'Connection': 'keep-alive', 'X-Powered-By': 'Express', 'Access-Control-Allow-Origin': '*', 'Cache-Control': 'no-cache', 'ETag': 'W/"47c-fKJTgi9YDHgTftD7NoZWKUOjYYU"', 'Vary': 'Accept-Encoding', 'Content-Encoding': 'gzip', 'CF-Cache-Status': 'DYNAMIC', 'Report-To': '{"endpoints":[{"url":"https:\\/\\/a.nel.cloudflare.com\\/report\\/v4?s=XVgUJb1ZME1%2Fut28xiEu0LibzaMI%2B5X%2FksoY7wHZe41mp%2BM0yKQYkZbTocGAU8hSwrY5jPdGxmmdRyMcvHstZ2jvdKLK0GA3szVNMkrF3Eb5G8ENfQqJRSqQDSUyj%2Fvf"}],"group":"cf-nel","max_age":604800}', 'NEL': '{"success_fraction":0,"report_to":"cf-nel","max_age":604800}', 'Server': 'cloudflare', 'CF-RAY': '884413292e3f5b46-IAD', 'alt-svc': 'h3=":443"; ma=86400'} 
 body={"results":[{"gender":"female","name":{"title":"Ms","first":"Linda","last":"Leine"},"location":{"street":{"number":2227,"name":"Hjelms gate"},"city":"Gran","state":"Sogn og Fjordane","country":"Norway","postcode":"4460","coordinates":{"latitude":"46.3871","longitude":"45.6899"},"timezone":{"offset":"+6:00","description":"Almaty, Dhaka, Colombo"}},"email":"linda.leine@example.com","login":{"uuid":"87ac353a-dde3-42a8-854d-4d1e34db1f16","username":"ticklishfish856","password":"divers","salt":"Y4pjPGbt","md5":"b98c7387f74ad3d3acbfde4e1326511e","sha1":"c808f5160897ae5e9229a786e3fb18bd48535453","sha256":"64a5fb3a6caa949048c5637c24aac0e2a83511ac889febb7816239bddc768433"},"dob":{"date":"1949-09-01T20:34:06.256Z","age":74},"registered":{"date":"2020-04-15T07:02:41.544Z","age":4},"phone":"38709049","cell":"94503006","id":{"name":"FN","value":"01094909615"},"picture":{"large":"https://randomuser.me/api/portraits/women/19.jpg","medium":"https://randomuser.me/api/portraits/med/women/19.jpg","thumbnail":"https://randomuser.me/api/portraits/thumb/women/19.jpg"},"nat":"NO"}],"info":{"seed":"db59c4040bb01acb","results":1,"page":1,"version":"1.4"}} 
 </msg>
<msg time="2024-05-15T15:13:56.750040" level="INFO">/opt/hostedtoolcache/Python/3.12.3/x64/lib/python3.12/site-packages/urllib3/connectionpool.py:1103: InsecureRequestWarning: Unverified HTTPS request is being made to host 'randomuser.me'. Adding certificate verification is strongly advised. See: https://urllib3.readthedocs.io/en/latest/advanced-usage.html#tls-warnings
  warnings.warn(</msg>
<msg time="2024-05-15T15:13:56.750145" level="INFO">${response} = &lt;Response [200]&gt;</msg>
<var>${response}</var>
<arg>consultarAPI</arg>
<arg>/api</arg>
<doc>Sends a GET request on a previously created HTTP Session.</doc>
<status status="PASS" start="2024-05-15T15:13:56.660011" elapsed="0.090175"/>
</kw>
<kw name="Set Variable" owner="BuiltIn">
<msg time="2024-05-15T15:13:56.750972" level="INFO">${json_data} = {'results': [{'gender': 'female', 'name': {'title': 'Ms', 'first': 'Linda', 'last': 'Leine'}, 'location': {'street': {'number': 2227, 'name': 'Hjelms gate'}, 'city': 'Gran', 'state': 'Sogn og Fjordane...</msg>
<var>${json_data}</var>
<arg>${response.json()}</arg>
<doc>Returns the given values which can then be assigned to a variables.</doc>
<status status="PASS" start="2024-05-15T15:13:56.750524" elapsed="0.000475"/>
</kw>
<kw name="Log" owner="BuiltIn">
<msg time="2024-05-15T15:13:56.751447" level="INFO">{'results': [{'gender': 'female', 'name': {'title': 'Ms', 'first': 'Linda', 'last': 'Leine'}, 'location': {'street': {'number': 2227, 'name': 'Hjelms gate'}, 'city': 'Gran', 'state': 'Sogn og Fjordane', 'country': 'Norway', 'postcode': '4460', 'coordinates': {'latitude': '46.3871', 'longitude': '45.6899'}, 'timezone': {'offset': '+6:00', 'description': 'Almaty, Dhaka, Colombo'}}, 'email': 'linda.leine@example.com', 'login': {'uuid': '87ac353a-dde3-42a8-854d-4d1e34db1f16', 'username': 'ticklishfish856', 'password': 'divers', 'salt': 'Y4pjPGbt', 'md5': 'b98c7387f74ad3d3acbfde4e1326511e', 'sha1': 'c808f5160897ae5e9229a786e3fb18bd48535453', 'sha256': '64a5fb3a6caa949048c5637c24aac0e2a83511ac889febb7816239bddc768433'}, 'dob': {'date': '1949-09-01T20:34:06.256Z', 'age': 74}, 'registered': {'date': '2020-04-15T07:02:41.544Z', 'age': 4}, 'phone': '38709049', 'cell': '94503006', 'id': {'name': 'FN', 'value': '01094909615'}, 'picture': {'large': 'https://randomuser.me/api/portraits/women/19.jpg', 'medium': 'https://randomuser.me/api/portraits/med/women/19.jpg', 'thumbnail': 'https://randomuser.me/api/portraits/thumb/women/19.jpg'}, 'nat': 'NO'}], 'info': {'seed': 'db59c4040bb01acb', 'results': 1, 'page': 1, 'version': '1.4'}}</msg>
<arg>${json_data}</arg>
<doc>Logs the given message with the given level.</doc>
<status status="PASS" start="2024-05-15T15:13:56.751297" elapsed="0.000225"/>
</kw>
<kw name="Should Be Equal As Numbers" owner="BuiltIn">
<arg>${json_data['results'][0]['location']['postcode']}</arg>
<arg>${json_data['results'][0]['location']['postcode']}</arg>
<doc>Fails if objects are unequal after converting them to real numbers.</doc>
<status status="PASS" start="2024-05-15T15:13:56.751944" elapsed="0.000640"/>
</kw>
<kw name="Log" owner="BuiltIn">
<msg time="2024-05-15T15:13:56.753158" level="INFO">4460</msg>
<arg>${json_data['results'][0]['location']['postcode']}</arg>
<doc>Logs the given message with the given level.</doc>
<status status="PASS" start="2024-05-15T15:13:56.752775" elapsed="0.000426"/>
</kw>
<status status="PASS" start="2024-05-15T15:13:56.659796" elapsed="0.093658"/>
</kw>
<doc>Testa se os tipos de dados na resposta da API estão corretos.</doc>
<tag>testeTiposDados</tag>
<status status="PASS" start="2024-05-15T15:13:56.576275" elapsed="0.177334"/>
</test>
<test id="s1-s1-t5" name="Validar conteudo" line="35">
<kw name="Teste de Tipos de Conteudo" owner="random-user-service">
<kw name="GET On Session" owner="RequestsLibrary">
<msg time="2024-05-15T15:13:56.876602" level="INFO">GET Request : url=https://randomuser.me/api 
 path_url=/api 
 headers={'User-Agent': 'python-requests/2.31.0', 'Accept-Encoding': 'gzip, deflate', 'Accept': '*/*', 'Connection': 'keep-alive'} 
 body=None 
 </msg>
<msg time="2024-05-15T15:13:56.876664" level="INFO">GET Response : url=https://randomuser.me/api 
 status=200, reason=OK 
 headers={'Date': 'Wed, 15 May 2024 15:13:56 GMT', 'Content-Type': 'application/json; charset=utf-8', 'Transfer-Encoding': 'chunked', 'Connection': 'keep-alive', 'X-Powered-By': 'Express', 'Access-Control-Allow-Origin': '*', 'Cache-Control': 'no-cache', 'ETag': 'W/"485-AnjmuQhaGtVuYA0Jdn2JHOEQLdE"', 'Vary': 'Accept-Encoding', 'Content-Encoding': 'gzip', 'CF-Cache-Status': 'DYNAMIC', 'Report-To': '{"endpoints":[{"url":"https:\\/\\/a.nel.cloudflare.com\\/report\\/v4?s=n4XZzzaaSMo%2FF1kPZUOMrmdaGiPO%2Fs%2BqSHc0hBLrWSLNrdgSJ%2F09fZo%2FNSOqdVXS6PAk8lM0TBnxFXmsJJU7EvvweD9hoSNjuEtm74bVEkEsCREKtGrgpZjagVnFwZFX"}],"group":"cf-nel","max_age":604800}', 'NEL': '{"success_fraction":0,"report_to":"cf-nel","max_age":604800}', 'Server': 'cloudflare', 'CF-RAY': '88441329bf175b46-IAD', 'alt-svc': 'h3=":443"; ma=86400'} 
 body={"results":[{"gender":"male","name":{"title":"Mr","first":"Svitovid","last":"Getmanchuk"},"location":{"street":{"number":6737,"name":"Geroyiv Viyni"},"city":"Mena","state":"Donecka","country":"Ukraine","postcode":82397,"coordinates":{"latitude":"74.0522","longitude":"-41.0174"},"timezone":{"offset":"+2:00","description":"Kaliningrad, South Africa"}},"email":"svitovid.getmanchuk@example.com","login":{"uuid":"c28a382c-db7c-4663-a5c6-9947e688b9b4","username":"smallgorilla627","password":"fishfish","salt":"ZRBWzymk","md5":"451cd67af9cf34589be1ebf6492f3a3f","sha1":"76c89459fb7ccd089413735298939b02605f4ebf","sha256":"317e0c348c73dfeec8928986633ccd01e4745fee24190c872266c572d25d14af"},"dob":{"date":"1978-08-03T10:46:15.788Z","age":45},"registered":{"date":"2007-06-11T14:04:15.053Z","age":16},"phone":"(099) J55-7572","cell":"(098) P02-5558","id":{"name":"","value":null},"picture":{"large":"https://randomuser.me/api/portraits/men/49.jpg","medium":"https://randomuser.me/api/portraits/med/men/49.jpg","thumbnail":"https://randomuser.me/api/portraits/thumb/men/49.jpg"},"nat":"UA"}],"info":{"seed":"05c7767d120b6f83","results":1,"page":1,"version":"1.4"}} 
 </msg>
<msg time="2024-05-15T15:13:56.876717" level="INFO">/opt/hostedtoolcache/Python/3.12.3/x64/lib/python3.12/site-packages/urllib3/connectionpool.py:1103: InsecureRequestWarning: Unverified HTTPS request is being made to host 'randomuser.me'. Adding certificate verification is strongly advised. See: https://urllib3.readthedocs.io/en/latest/advanced-usage.html#tls-warnings
  warnings.warn(</msg>
<msg time="2024-05-15T15:13:56.876820" level="INFO">${response} = &lt;Response [200]&gt;</msg>
<var>${response}</var>
<arg>consultarAPI</arg>
<arg>/api</arg>
<doc>Sends a GET request on a previously created HTTP Session.</doc>
<status status="PASS" start="2024-05-15T15:13:56.756082" elapsed="0.120779"/>
</kw>
<kw name="Set Variable" owner="BuiltIn">
<msg time="2024-05-15T15:13:56.877664" level="INFO">${json_data} = {'results': [{'gender': 'male', 'name': {'title': 'Mr', 'first': 'Svitovid', 'last': 'Getmanchuk'}, 'location': {'street': {'number': 6737, 'name': 'Geroyiv Viyni'}, 'city': 'Mena', 'state': 'Donecka'...</msg>
<var>${json_data}</var>
<arg>${response.json()}</arg>
<doc>Returns the given values which can then be assigned to a variables.</doc>
<status status="PASS" start="2024-05-15T15:13:56.877233" elapsed="0.000458"/>
</kw>
<kw name="Set Variable" owner="BuiltIn">
<msg time="2024-05-15T15:13:56.878369" level="INFO">${name_title} = Mr</msg>
<var>${name_title}</var>
<arg>${json_data["results"][0]["name"]["title"]}</arg>
<doc>Returns the given values which can then be assigned to a variables.</doc>
<status status="PASS" start="2024-05-15T15:13:56.877988" elapsed="0.000406"/>
</kw>
<kw name="Create List" owner="BuiltIn">
<msg time="2024-05-15T15:13:56.878832" level="INFO">${allowed_titles} = ['Mr', 'Ms', 'Miss', 'Mrs', 'Madame', 'Monsieur']</msg>
<var>${allowed_titles}</var>
<arg>Mr</arg>
<arg>Ms</arg>
<arg>Miss</arg>
<arg>Mrs</arg>
<arg>Madame</arg>
<arg>Monsieur</arg>
<doc>Returns a list containing given items.</doc>
<status status="PASS" start="2024-05-15T15:13:56.878685" elapsed="0.000171"/>
</kw>
<kw name="List Should Contain Value" owner="Collections">
<msg time="2024-05-15T15:13:56.879315" level="INFO">False</msg>
<arg>${allowed_titles}</arg>
<arg>${name_title}</arg>
<doc>Fails if the ``value`` is not found from ``list``.</doc>
<status status="PASS" start="2024-05-15T15:13:56.879150" elapsed="0.000201"/>
</kw>
<kw name="Set Variable" owner="BuiltIn">
<msg time="2024-05-15T15:13:56.880013" level="INFO">${name_country} = UA</msg>
<var>${name_country}</var>
<arg>${json_data["results"][0]["nat"]}</arg>
<doc>Returns the given values which can then be assigned to a variables.</doc>
<status status="PASS" start="2024-05-15T15:13:56.879639" elapsed="0.000398"/>
</kw>
<kw name="Create List" owner="BuiltIn">
<msg time="2024-05-15T15:13:56.880911" level="INFO">${list_country} = ['AD', 'AE', 'AF', 'AG', 'AI', 'AL', 'AM', 'AO', 'AQ', 'AR', 'AS', 'AT', 'AU', 'AW', 'AX', 'AZ', 'BA', 'BB', 'BD', 'BE', 'BF', 'BG', 'BH', 'BI', 'BJ', 'BL', 'BM', 'BN', 'BO', 'BQ', 'BR', 'BS', 'BT', '...</msg>
<var>${list_country}</var>
<arg>AD</arg>
<arg>AE</arg>
<arg>AF</arg>
<arg>AG</arg>
<arg>AI</arg>
<arg>AL</arg>
<arg>AM</arg>
<arg>AO</arg>
<arg>AQ</arg>
<arg>AR</arg>
<arg>AS</arg>
<arg>AT</arg>
<arg>AU</arg>
<arg>AW</arg>
<arg>AX</arg>
<arg>AZ</arg>
<arg>BA</arg>
<arg>BB</arg>
<arg>BD</arg>
<arg>BE</arg>
<arg>BF</arg>
<arg>BG</arg>
<arg>BH</arg>
<arg>BI</arg>
<arg>BJ</arg>
<arg>BL</arg>
<arg>BM</arg>
<arg>BN</arg>
<arg>BO</arg>
<arg>BQ</arg>
<arg>BR</arg>
<arg>BS</arg>
<arg>BT</arg>
<arg>BV</arg>
<arg>BW</arg>
<arg>BY</arg>
<arg>BZ</arg>
<arg>CA</arg>
<arg>CC</arg>
<arg>CD</arg>
<arg>CF</arg>
<arg>CG</arg>
<arg>CH</arg>
<arg>CI</arg>
<arg>CK</arg>
<arg>CL</arg>
<arg>CM</arg>
<arg>CN</arg>
<arg>CO</arg>
<arg>CR</arg>
<arg>CU</arg>
<arg>CV</arg>
<arg>CW</arg>
<arg>CX</arg>
<arg>CY</arg>
<arg>CZ</arg>
<arg>DE</arg>
<arg>DJ</arg>
<arg>DK</arg>
<arg>DM</arg>
<arg>DO</arg>
<arg>DZ</arg>
<arg>EC</arg>
<arg>EE</arg>
<arg>EG</arg>
<arg>EH</arg>
<arg>ER</arg>
<arg>ES</arg>
<arg>ET</arg>
<arg>FI</arg>
<arg>FJ</arg>
<arg>FK</arg>
<arg>FM</arg>
<arg>FO</arg>
<arg>FR</arg>
<arg>GA</arg>
<arg>GB</arg>
<arg>GD</arg>
<arg>GE</arg>
<arg>GF</arg>
<arg>GG</arg>
<arg>GH</arg>
<arg>GI</arg>
<arg>GL</arg>
<arg>GM</arg>
<arg>GN</arg>
<arg>GP</arg>
<arg>GQ</arg>
<arg>GR</arg>
<arg>GS</arg>
<arg>GT</arg>
<arg>GU</arg>
<arg>GW</arg>
<arg>GY</arg>
<arg>HK</arg>
<arg>HM</arg>
<arg>HN</arg>
<arg>HR</arg>
<arg>HT</arg>
<arg>HU</arg>
<arg>ID</arg>
<arg>IE</arg>
<arg>IL</arg>
<arg>IM</arg>
<arg>IN</arg>
<arg>IO</arg>
<arg>IQ</arg>
<arg>IR</arg>
<arg>IS</arg>
<arg>IT</arg>
<arg>JE</arg>
<arg>JM</arg>
<arg>JO</arg>
<arg>JP</arg>
<arg>KE</arg>
<arg>KG</arg>
<arg>KH</arg>
<arg>KI</arg>
<arg>KM</arg>
<arg>KN</arg>
<arg>KP</arg>
<arg>KR</arg>
<arg>KW</arg>
<arg>KY</arg>
<arg>KZ</arg>
<arg>LA</arg>
<arg>LB</arg>
<arg>LC</arg>
<arg>LI</arg>
<arg>LK</arg>
<arg>LR</arg>
<arg>LS</arg>
<arg>LT</arg>
<arg>LU</arg>
<arg>LV</arg>
<arg>LY</arg>
<arg>MA</arg>
<arg>MC</arg>
<arg>MD</arg>
<arg>ME</arg>
<arg>MF</arg>
<arg>MG</arg>
<arg>MH</arg>
<arg>MK</arg>
<arg>ML</arg>
<arg>MM</arg>
<arg>MN</arg>
<arg>MO</arg>
<arg>MP</arg>
<arg>MQ</arg>
<arg>MR</arg>
<arg>MS</arg>
<arg>MT</arg>
<arg>MU</arg>
<arg>MV</arg>
<arg>MW</arg>
<arg>MX</arg>
<arg>MY</arg>
<arg>MZ</arg>
<arg>NA</arg>
<arg>NC</arg>
<arg>NE</arg>
<arg>NF</arg>
<arg>NG</arg>
<arg>NI</arg>
<arg>NL</arg>
<arg>NO</arg>
<arg>NP</arg>
<arg>NR</arg>
<arg>NU</arg>
<arg>NZ</arg>
<arg>OM</arg>
<arg>PA</arg>
<arg>PE</arg>
<arg>PF</arg>
<arg>PG</arg>
<arg>PH</arg>
<arg>PK</arg>
<arg>PL</arg>
<arg>PM</arg>
<arg>PN</arg>
<arg>PR</arg>
<arg>PS</arg>
<arg>PT</arg>
<arg>PW</arg>
<arg>PY</arg>
<arg>QA</arg>
<arg>RE</arg>
<arg>RO</arg>
<arg>RS</arg>
<arg>RU</arg>
<arg>RW</arg>
<arg>SA</arg>
<arg>SB</arg>
<arg>SC</arg>
<arg>SD</arg>
<arg>SE</arg>
<arg>SG</arg>
<arg>SH</arg>
<arg>SI</arg>
<arg>SJ</arg>
<arg>SK</arg>
<arg>SL</arg>
<arg>SM</arg>
<arg>SN</arg>
<arg>SO</arg>
<arg>SR</arg>
<arg>SS</arg>
<arg>ST</arg>
<arg>SV</arg>
<arg>SX</arg>
<arg>SY</arg>
<arg>SZ</arg>
<arg>TC</arg>
<arg>TD</arg>
<arg>TF</arg>
<arg>TG</arg>
<arg>TH</arg>
<arg>TJ</arg>
<arg>TK</arg>
<arg>TL</arg>
<arg>TM</arg>
<arg>TN</arg>
<arg>TO</arg>
<arg>TR</arg>
<arg>TT</arg>
<arg>TV</arg>
<arg>TW</arg>
<arg>TZ</arg>
<arg>UA</arg>
<arg>UG</arg>
<arg>UM</arg>
<arg>US</arg>
<arg>UY</arg>
<arg>UZ</arg>
<arg>VA</arg>
<arg>VC</arg>
<arg>VE</arg>
<arg>VG</arg>
<arg>VI</arg>
<arg>VN</arg>
<arg>VU</arg>
<arg>WF</arg>
<arg>WS</arg>
<arg>XK</arg>
<arg>YE</arg>
<arg>YT</arg>
<arg>ZA</arg>
<arg>ZM</arg>
<arg>ZW</arg>
<doc>Returns a list containing given items.</doc>
<status status="PASS" start="2024-05-15T15:13:56.880331" elapsed="0.000605"/>
</kw>
<kw name="List Should Contain Value" owner="Collections">
<msg time="2024-05-15T15:13:56.881954" level="INFO">False</msg>
<arg>${list_country}</arg>
<arg>${name_country}</arg>
<doc>Fails if the ``value`` is not found from ``list``.</doc>
<status status="PASS" start="2024-05-15T15:13:56.881752" elapsed="0.000238"/>
</kw>
<kw name="Run Keyword If" owner="BuiltIn">
<kw name="Should Be True" owner="BuiltIn">
<arg>${True}</arg>
<doc>Fails if the given condition is not true.</doc>
<status status="PASS" start="2024-05-15T15:13:56.883032" elapsed="0.000239"/>
</kw>
<arg>${json_data["results"][0]["location"]["coordinates"]["latitude"]} &gt;= -90 and ${json_data["results"][0]["location"]["coordinates"]["latitude"]} &lt;= 90</arg>
<arg>Should Be True</arg>
<arg>${True}</arg>
<doc>Runs the given keyword with the given arguments, if ``condition`` is true.</doc>
<status status="PASS" start="2024-05-15T15:13:56.882300" elapsed="0.001111"/>
</kw>
<kw name="Run Keyword If" owner="BuiltIn">
<kw name="Should Be True" owner="BuiltIn">
<arg>${True}</arg>
<doc>Fails if the given condition is not true.</doc>
<status status="PASS" start="2024-05-15T15:13:56.884295" elapsed="0.000136"/>
</kw>
<arg>${json_data["results"][0]["location"]["coordinates"]["longitude"]} &gt;= -180 and ${json_data["results"][0]["location"]["coordinates"]["longitude"]} &lt;= 180</arg>
<arg>Should Be True</arg>
<arg>${True}</arg>
<doc>Runs the given keyword with the given arguments, if ``condition`` is true.</doc>
<status status="PASS" start="2024-05-15T15:13:56.883599" elapsed="0.000953"/>
</kw>
<status status="PASS" start="2024-05-15T15:13:56.755865" elapsed="0.128812"/>
</kw>
<doc>Testa o conteúdo específico dos campos retornados pela API.</doc>
<tag>testeConteudo</tag>
<status status="PASS" start="2024-05-15T15:13:56.755355" elapsed="0.129461"/>
</test>
<status status="PASS" start="2024-05-15T15:13:56.059394" elapsed="0.827363"/>
</suite>
<status status="PASS" start="2024-05-15T15:13:56.046054" elapsed="0.845782"/>
</suite>
<statistics>
<total>
<stat pass="5" fail="0" skip="0">All Tests</stat>
</total>
<tag>
<stat pass="1" fail="0" skip="0">testeConteudo</stat>
<stat pass="1" fail="0" skip="0">testeEstruturaResposta</stat>
<stat pass="1" fail="0" skip="0">testeRequisicaoBasica</stat>
<stat pass="1" fail="0" skip="0">testeTiposDados</stat>
</tag>
<suite>
<stat pass="5" fail="0" skip="0" id="s1" name="Tests">Tests</stat>
<stat pass="5" fail="0" skip="0" id="s1-s1" name="Random-User-Test">Tests.Random-User-Test</stat>
</suite>
</statistics>
<errors>
</errors>
</robot>
