<?xml version="1.0" encoding="UTF-8"?>
<robot generator="Robot 7.0.1 (Python 3.12.4 on linux)" generated="2024-07-31T10:12:54.629105" rpa="false" schemaversion="5">
<suite id="s1" name="Tests" source="/home/runner/work/ApiRandomUser/ApiRandomUser/RamdonUser/tests">
<suite id="s1-s1" name="Random-User-Test" source="/home/runner/work/ApiRandomUser/ApiRandomUser/RamdonUser/tests/random-user-test.robot">
<test id="s1-s1-t1" name="Conectar" line="13">
<kw name="Conectar API" owner="random-user-service">
<kw name="Create Session" owner="RequestsLibrary">
<msg time="2024-07-31T10:12:55.053770" level="INFO">Creating Session using : alias=consultarAPI, url=https://randomuser.me/, headers={},                     cookies={}, auth=None, timeout=None, proxies=None, verify=False,                     debug=0 </msg>
<arg>consultarAPI</arg>
<arg>${URL}</arg>
<doc>Create Session: create a HTTP session to a server</doc>
<status status="PASS" start="2024-07-31T10:12:55.053548" elapsed="0.000434"/>
</kw>
<status status="PASS" start="2024-07-31T10:12:55.052418" elapsed="0.001969"/>
</kw>
<status status="PASS" start="2024-07-31T10:12:55.051639" elapsed="0.002960"/>
</test>
<test id="s1-s1-t2" name="Validar retorno 200 e JSON Válido" line="16">
<kw name="Teste de Requisicao Basica" owner="random-user-service">
<kw name="GET On Session" owner="RequestsLibrary">
<msg time="2024-07-31T10:12:56.198297" level="INFO">GET Request : url=https://randomuser.me/api 
 path_url=/api 
 headers={'User-Agent': 'python-requests/2.32.3', 'Accept-Encoding': 'gzip, deflate', 'Accept': '*/*', 'Connection': 'keep-alive'} 
 body=None 
 </msg>
<msg time="2024-07-31T10:12:56.198455" level="INFO">GET Response : url=https://randomuser.me/api 
 status=200, reason=OK 
 headers={'Date': 'Wed, 31 Jul 2024 10:12:56 GMT', 'Content-Type': 'application/json; charset=utf-8', 'Transfer-Encoding': 'chunked', 'Connection': 'keep-alive', 'X-Powered-By': 'Express', 'Access-Control-Allow-Origin': '*', 'Cache-Control': 'no-cache', 'ETag': 'W/"470-W70tcV+e6TjOyXGoys9dl68cA/8"', 'Vary': 'Accept-Encoding', 'Content-Encoding': 'gzip', 'CF-Cache-Status': 'DYNAMIC', 'Report-To': '{"endpoints":[{"url":"https:\\/\\/a.nel.cloudflare.com\\/report\\/v4?s=DNLeoEkqhVzo9jWJZtVO%2F8MCsOVDsdiHN0MoatAZZ4TwnmlSIdbwdwIXXaJhzLB%2BBaupHiGMMNNpFXX1gc3M%2BE760talBOHHEsRBBGAm5iauz3mhVILtDMmaiCjDUJw0"}],"group":"cf-nel","max_age":604800}', 'NEL': '{"success_fraction":0,"report_to":"cf-nel","max_age":604800}', 'Server': 'cloudflare', 'CF-RAY': '8abcd0150d301107-ORD', 'alt-svc': 'h3=":443"; ma=86400'} 
 body={"results":[{"gender":"male","name":{"title":"Mr","first":"Hunter","last":"Bennett"},"location":{"street":{"number":7492,"name":"Westheimer Rd"},"city":"Tamworth","state":"Victoria","country":"Australia","postcode":5006,"coordinates":{"latitude":"-83.8492","longitude":"-101.8820"},"timezone":{"offset":"+4:30","description":"Kabul"}},"email":"hunter.bennett@example.com","login":{"uuid":"60abfcda-1098-45d4-9b83-46499bf0c4b7","username":"orangedog375","password":"probes","salt":"ecKHv2te","md5":"f8d9746bea1ea551ba37ab7200fc4809","sha1":"f3f4d20035d1d3dfdcf7c8531ae0fc70f097fc85","sha256":"b569ab7ced50e3a60b4c73b30bcffd887f9d1e9b9f9e06a429bbff26cc853dec"},"dob":{"date":"1967-01-09T20:25:40.554Z","age":57},"registered":{"date":"2008-03-17T02:24:10.492Z","age":16},"phone":"06-6907-2746","cell":"0494-377-741","id":{"name":"TFN","value":"027330434"},"picture":{"large":"https://randomuser.me/api/portraits/men/60.jpg","medium":"https://randomuser.me/api/portraits/med/men/60.jpg","thumbnail":"https://randomuser.me/api/portraits/thumb/men/60.jpg"},"nat":"AU"}],"info":{"seed":"2f1e4d5d2aa1850e","results":1,"page":1,"version":"1.4"}} 
 </msg>
<msg time="2024-07-31T10:12:56.198539" level="INFO">/opt/hostedtoolcache/Python/3.12.4/x64/lib/python3.12/site-packages/urllib3/connectionpool.py:1099: InsecureRequestWarning: Unverified HTTPS request is being made to host 'randomuser.me'. Adding certificate verification is strongly advised. See: https://urllib3.readthedocs.io/en/latest/advanced-usage.html#tls-warnings
  warnings.warn(</msg>
<msg time="2024-07-31T10:12:56.198698" level="INFO">${response} = &lt;Response [200]&gt;</msg>
<var>${response}</var>
<arg>consultarAPI</arg>
<arg>/api</arg>
<doc>Sends a GET request on a previously created HTTP Session.</doc>
<status status="PASS" start="2024-07-31T10:12:55.057427" elapsed="1.141316"/>
</kw>
<kw name="Should Be Equal As Numbers" owner="BuiltIn">
<msg time="2024-07-31T10:12:56.199764" level="INFO">Argument types are:
&lt;class 'int'&gt;
&lt;class 'str'&gt;</msg>
<arg>${response.status_code}</arg>
<arg>200</arg>
<doc>Fails if objects are unequal after converting them to real numbers.</doc>
<status status="PASS" start="2024-07-31T10:12:56.199309" elapsed="0.000585"/>
</kw>
<kw name="Log" owner="BuiltIn">
<msg time="2024-07-31T10:12:56.200570" level="INFO">200</msg>
<arg>${response.status_code}</arg>
<doc>Logs the given message with the given level.</doc>
<status status="PASS" start="2024-07-31T10:12:56.200216" elapsed="0.000397"/>
</kw>
<kw name="Set Variable" owner="BuiltIn">
<msg time="2024-07-31T10:12:56.201566" level="INFO">${json_data} = {'results': [{'gender': 'male', 'name': {'title': 'Mr', 'first': 'Hunter', 'last': 'Bennett'}, 'location': {'street': {'number': 7492, 'name': 'Westheimer Rd'}, 'city': 'Tamworth', 'state': 'Victoria'...</msg>
<var>${json_data}</var>
<arg>${response.json()}</arg>
<doc>Returns the given values which can then be assigned to a variables.</doc>
<status status="PASS" start="2024-07-31T10:12:56.200916" elapsed="0.000697"/>
</kw>
<kw name="Dictionary Should Contain Key" owner="Collections">
<arg>${json_data}</arg>
<arg>results</arg>
<doc>Fails if ``key`` is not found from ``dictionary``.</doc>
<status status="PASS" start="2024-07-31T10:12:56.202007" elapsed="0.000331"/>
</kw>
<status status="PASS" start="2024-07-31T10:12:55.057144" elapsed="1.145348"/>
</kw>
<doc>Testa se a API responde corretamente e retorna um objeto JSON válido.</doc>
<tag>testeRequisicaoBasica</tag>
<status status="PASS" start="2024-07-31T10:12:55.056570" elapsed="1.146103"/>
</test>
<test id="s1-s1-t3" name="Validar estrutura de resposta" line="22">
<kw name="Teste de Estrutura de Resposta" owner="random-user-service">
<kw name="GET On Session" owner="RequestsLibrary">
<msg time="2024-07-31T10:12:56.805620" level="INFO">GET Request : url=https://randomuser.me/api 
 path_url=/api 
 headers={'User-Agent': 'python-requests/2.32.3', 'Accept-Encoding': 'gzip, deflate', 'Accept': '*/*', 'Connection': 'keep-alive'} 
 body=None 
 </msg>
<msg time="2024-07-31T10:12:56.805725" level="INFO">GET Response : url=https://randomuser.me/api 
 status=200, reason=OK 
 headers={'Date': 'Wed, 31 Jul 2024 10:12:56 GMT', 'Content-Type': 'application/json; charset=utf-8', 'Transfer-Encoding': 'chunked', 'Connection': 'keep-alive', 'X-Powered-By': 'Express', 'Access-Control-Allow-Origin': '*', 'Cache-Control': 'no-cache', 'ETag': 'W/"489-H3SDjJ0OqEWLP0COADxFACdSUzA"', 'Vary': 'Accept-Encoding', 'Content-Encoding': 'gzip', 'CF-Cache-Status': 'DYNAMIC', 'Report-To': '{"endpoints":[{"url":"https:\\/\\/a.nel.cloudflare.com\\/report\\/v4?s=ql1CYg1ub1MrV0qgEKun%2FbYXOZVAGbhonOZi515WwDvXRUlZHuQ0Mk5iQ7ru7%2BtTwuw8oidCnZigzMHIqqOF2RZVzTIDjU6PKR58Fn6ve7FdQ61CMoP7u%2FX9q0RiVix0"}],"group":"cf-nel","max_age":604800}', 'NEL': '{"success_fraction":0,"report_to":"cf-nel","max_age":604800}', 'Server': 'cloudflare', 'CF-RAY': '8abcd01b49fb1107-ORD', 'alt-svc': 'h3=":443"; ma=86400'} 
 body={"results":[{"gender":"male","name":{"title":"Mr","first":"Saksham","last":"Chiplunkar"},"location":{"street":{"number":3219,"name":"College St"},"city":"Chennai","state":"Bihar","country":"India","postcode":14251,"coordinates":{"latitude":"11.0446","longitude":"-35.9254"},"timezone":{"offset":"-3:00","description":"Brazil, Buenos Aires, Georgetown"}},"email":"saksham.chiplunkar@example.com","login":{"uuid":"d3553320-85ad-433b-94dd-2af02eae699b","username":"ticklishswan233","password":"downtown","salt":"GuPZomTh","md5":"cc516baa97a1abdec51f8b70799b4dae","sha1":"00710e134a1d9fd763763ba1bfda9858b161299f","sha256":"fe9acca4b0118c8a57179517082a3d783634b312c45cc2a97e3588bd06614183"},"dob":{"date":"1982-01-18T19:08:24.510Z","age":42},"registered":{"date":"2021-02-26T21:21:51.781Z","age":3},"phone":"7869356797","cell":"7586596014","id":{"name":"UIDAI","value":"428328862354"},"picture":{"large":"https://randomuser.me/api/portraits/men/3.jpg","medium":"https://randomuser.me/api/portraits/med/men/3.jpg","thumbnail":"https://randomuser.me/api/portraits/thumb/men/3.jpg"},"nat":"IN"}],"info":{"seed":"da11473be1a1a37a","results":1,"page":1,"version":"1.4"}} 
 </msg>
<msg time="2024-07-31T10:12:56.805864" level="INFO">/opt/hostedtoolcache/Python/3.12.4/x64/lib/python3.12/site-packages/urllib3/connectionpool.py:1099: InsecureRequestWarning: Unverified HTTPS request is being made to host 'randomuser.me'. Adding certificate verification is strongly advised. See: https://urllib3.readthedocs.io/en/latest/advanced-usage.html#tls-warnings
  warnings.warn(</msg>
<msg time="2024-07-31T10:12:56.806019" level="INFO">${response} = &lt;Response [200]&gt;</msg>
<var>${response}</var>
<arg>consultarAPI</arg>
<arg>/api</arg>
<doc>Sends a GET request on a previously created HTTP Session.</doc>
<status status="PASS" start="2024-07-31T10:12:56.205265" elapsed="0.600804"/>
</kw>
<kw name="Set Variable" owner="BuiltIn">
<msg time="2024-07-31T10:12:56.807346" level="INFO">${json_data} = {'results': [{'gender': 'male', 'name': {'title': 'Mr', 'first': 'Saksham', 'last': 'Chiplunkar'}, 'location': {'street': {'number': 3219, 'name': 'College St'}, 'city': 'Chennai', 'state': 'Bihar', '...</msg>
<var>${json_data}</var>
<arg>${response.json()}</arg>
<doc>Returns the given values which can then be assigned to a variables.</doc>
<status status="PASS" start="2024-07-31T10:12:56.806606" elapsed="0.000774"/>
</kw>
<kw name="Log" owner="BuiltIn">
<msg time="2024-07-31T10:12:56.807908" level="INFO">{'results': [{'gender': 'male', 'name': {'title': 'Mr', 'first': 'Saksham', 'last': 'Chiplunkar'}, 'location': {'street': {'number': 3219, 'name': 'College St'}, 'city': 'Chennai', 'state': 'Bihar', 'country': 'India', 'postcode': 14251, 'coordinates': {'latitude': '11.0446', 'longitude': '-35.9254'}, 'timezone': {'offset': '-3:00', 'description': 'Brazil, Buenos Aires, Georgetown'}}, 'email': 'saksham.chiplunkar@example.com', 'login': {'uuid': 'd3553320-85ad-433b-94dd-2af02eae699b', 'username': 'ticklishswan233', 'password': 'downtown', 'salt': 'GuPZomTh', 'md5': 'cc516baa97a1abdec51f8b70799b4dae', 'sha1': '00710e134a1d9fd763763ba1bfda9858b161299f', 'sha256': 'fe9acca4b0118c8a57179517082a3d783634b312c45cc2a97e3588bd06614183'}, 'dob': {'date': '1982-01-18T19:08:24.510Z', 'age': 42}, 'registered': {'date': '2021-02-26T21:21:51.781Z', 'age': 3}, 'phone': '7869356797', 'cell': '7586596014', 'id': {'name': 'UIDAI', 'value': '428328862354'}, 'picture': {'large': 'https://randomuser.me/api/portraits/men/3.jpg', 'medium': 'https://randomuser.me/api/portraits/med/men/3.jpg', 'thumbnail': 'https://randomuser.me/api/portraits/thumb/men/3.jpg'}, 'nat': 'IN'}], 'info': {'seed': 'da11473be1a1a37a', 'results': 1, 'page': 1, 'version': '1.4'}}</msg>
<arg>${json_data}</arg>
<doc>Logs the given message with the given level.</doc>
<status status="PASS" start="2024-07-31T10:12:56.807696" elapsed="0.000267"/>
</kw>
<kw name="Dictionary Should Contain Key" owner="Collections">
<arg>${json_data}</arg>
<arg>results</arg>
<doc>Fails if ``key`` is not found from ``dictionary``.</doc>
<status status="PASS" start="2024-07-31T10:12:56.808267" elapsed="0.000165"/>
</kw>
<kw name="Should Not Be Empty" owner="BuiltIn">
<msg time="2024-07-31T10:12:56.808750" level="INFO">Length is 2.</msg>
<arg>${json_data}</arg>
<doc>Verifies that the given item is not empty.</doc>
<status status="PASS" start="2024-07-31T10:12:56.808618" elapsed="0.000174"/>
</kw>
<kw name="Create List" owner="BuiltIn">
<msg time="2024-07-31T10:12:56.809230" level="INFO">${expected_keys} = ['gender', 'name', 'location', 'email', 'login']</msg>
<var>${expected_keys}</var>
<arg>gender</arg>
<arg>name</arg>
<arg>location</arg>
<arg>email</arg>
<arg>login</arg>
<doc>Returns a list containing given items.</doc>
<status status="PASS" start="2024-07-31T10:12:56.809079" elapsed="0.000175"/>
</kw>
<for flavor="IN">
<iter>
<kw name="Dictionary Should Contain Key" owner="Collections">
<arg>${json_data['results'][0]}</arg>
<arg>${key}</arg>
<doc>Fails if ``key`` is not found from ``dictionary``.</doc>
<status status="PASS" start="2024-07-31T10:12:56.809835" elapsed="0.000409"/>
</kw>
<kw name="Log" owner="BuiltIn">
<msg time="2024-07-31T10:12:56.810785" level="INFO">{'gender': 'male', 'name': {'title': 'Mr', 'first': 'Saksham', 'last': 'Chiplunkar'}, 'location': {'street': {'number': 3219, 'name': 'College St'}, 'city': 'Chennai', 'state': 'Bihar', 'country': 'India', 'postcode': 14251, 'coordinates': {'latitude': '11.0446', 'longitude': '-35.9254'}, 'timezone': {'offset': '-3:00', 'description': 'Brazil, Buenos Aires, Georgetown'}}, 'email': 'saksham.chiplunkar@example.com', 'login': {'uuid': 'd3553320-85ad-433b-94dd-2af02eae699b', 'username': 'ticklishswan233', 'password': 'downtown', 'salt': 'GuPZomTh', 'md5': 'cc516baa97a1abdec51f8b70799b4dae', 'sha1': '00710e134a1d9fd763763ba1bfda9858b161299f', 'sha256': 'fe9acca4b0118c8a57179517082a3d783634b312c45cc2a97e3588bd06614183'}, 'dob': {'date': '1982-01-18T19:08:24.510Z', 'age': 42}, 'registered': {'date': '2021-02-26T21:21:51.781Z', 'age': 3}, 'phone': '7869356797', 'cell': '7586596014', 'id': {'name': 'UIDAI', 'value': '428328862354'}, 'picture': {'large': 'https://randomuser.me/api/portraits/men/3.jpg', 'medium': 'https://randomuser.me/api/portraits/med/men/3.jpg', 'thumbnail': 'https://randomuser.me/api/portraits/thumb/men/3.jpg'}, 'nat': 'IN'}</msg>
<arg>${json_data['results'][0]}</arg>
<doc>Logs the given message with the given level.</doc>
<status status="PASS" start="2024-07-31T10:12:56.810434" elapsed="0.000399"/>
</kw>
<kw name="Log" owner="BuiltIn">
<msg time="2024-07-31T10:12:56.811267" level="INFO">gender</msg>
<arg>${key}</arg>
<doc>Logs the given message with the given level.</doc>
<status status="PASS" start="2024-07-31T10:12:56.811135" elapsed="0.000172"/>
</kw>
<var name="${key}">gender</var>
<status status="PASS" start="2024-07-31T10:12:56.809709" elapsed="0.001818"/>
</iter>
<iter>
<kw name="Dictionary Should Contain Key" owner="Collections">
<arg>${json_data['results'][0]}</arg>
<arg>${key}</arg>
<doc>Fails if ``key`` is not found from ``dictionary``.</doc>
<status status="PASS" start="2024-07-31T10:12:56.811852" elapsed="0.000403"/>
</kw>
<kw name="Log" owner="BuiltIn">
<msg time="2024-07-31T10:12:56.812797" level="INFO">{'gender': 'male', 'name': {'title': 'Mr', 'first': 'Saksham', 'last': 'Chiplunkar'}, 'location': {'street': {'number': 3219, 'name': 'College St'}, 'city': 'Chennai', 'state': 'Bihar', 'country': 'India', 'postcode': 14251, 'coordinates': {'latitude': '11.0446', 'longitude': '-35.9254'}, 'timezone': {'offset': '-3:00', 'description': 'Brazil, Buenos Aires, Georgetown'}}, 'email': 'saksham.chiplunkar@example.com', 'login': {'uuid': 'd3553320-85ad-433b-94dd-2af02eae699b', 'username': 'ticklishswan233', 'password': 'downtown', 'salt': 'GuPZomTh', 'md5': 'cc516baa97a1abdec51f8b70799b4dae', 'sha1': '00710e134a1d9fd763763ba1bfda9858b161299f', 'sha256': 'fe9acca4b0118c8a57179517082a3d783634b312c45cc2a97e3588bd06614183'}, 'dob': {'date': '1982-01-18T19:08:24.510Z', 'age': 42}, 'registered': {'date': '2021-02-26T21:21:51.781Z', 'age': 3}, 'phone': '7869356797', 'cell': '7586596014', 'id': {'name': 'UIDAI', 'value': '428328862354'}, 'picture': {'large': 'https://randomuser.me/api/portraits/men/3.jpg', 'medium': 'https://randomuser.me/api/portraits/med/men/3.jpg', 'thumbnail': 'https://randomuser.me/api/portraits/thumb/men/3.jpg'}, 'nat': 'IN'}</msg>
<arg>${json_data['results'][0]}</arg>
<doc>Logs the given message with the given level.</doc>
<status status="PASS" start="2024-07-31T10:12:56.812439" elapsed="0.000445"/>
</kw>
<kw name="Log" owner="BuiltIn">
<msg time="2024-07-31T10:12:56.813313" level="INFO">name</msg>
<arg>${key}</arg>
<doc>Logs the given message with the given level.</doc>
<status status="PASS" start="2024-07-31T10:12:56.813182" elapsed="0.000169"/>
</kw>
<var name="${key}">name</var>
<status status="PASS" start="2024-07-31T10:12:56.811713" elapsed="0.001858"/>
</iter>
<iter>
<kw name="Dictionary Should Contain Key" owner="Collections">
<arg>${json_data['results'][0]}</arg>
<arg>${key}</arg>
<doc>Fails if ``key`` is not found from ``dictionary``.</doc>
<status status="PASS" start="2024-07-31T10:12:56.813854" elapsed="0.000389"/>
</kw>
<kw name="Log" owner="BuiltIn">
<msg time="2024-07-31T10:12:56.814781" level="INFO">{'gender': 'male', 'name': {'title': 'Mr', 'first': 'Saksham', 'last': 'Chiplunkar'}, 'location': {'street': {'number': 3219, 'name': 'College St'}, 'city': 'Chennai', 'state': 'Bihar', 'country': 'India', 'postcode': 14251, 'coordinates': {'latitude': '11.0446', 'longitude': '-35.9254'}, 'timezone': {'offset': '-3:00', 'description': 'Brazil, Buenos Aires, Georgetown'}}, 'email': 'saksham.chiplunkar@example.com', 'login': {'uuid': 'd3553320-85ad-433b-94dd-2af02eae699b', 'username': 'ticklishswan233', 'password': 'downtown', 'salt': 'GuPZomTh', 'md5': 'cc516baa97a1abdec51f8b70799b4dae', 'sha1': '00710e134a1d9fd763763ba1bfda9858b161299f', 'sha256': 'fe9acca4b0118c8a57179517082a3d783634b312c45cc2a97e3588bd06614183'}, 'dob': {'date': '1982-01-18T19:08:24.510Z', 'age': 42}, 'registered': {'date': '2021-02-26T21:21:51.781Z', 'age': 3}, 'phone': '7869356797', 'cell': '7586596014', 'id': {'name': 'UIDAI', 'value': '428328862354'}, 'picture': {'large': 'https://randomuser.me/api/portraits/men/3.jpg', 'medium': 'https://randomuser.me/api/portraits/med/men/3.jpg', 'thumbnail': 'https://randomuser.me/api/portraits/thumb/men/3.jpg'}, 'nat': 'IN'}</msg>
<arg>${json_data['results'][0]}</arg>
<doc>Logs the given message with the given level.</doc>
<status status="PASS" start="2024-07-31T10:12:56.814431" elapsed="0.000408"/>
</kw>
<kw name="Log" owner="BuiltIn">
<msg time="2024-07-31T10:12:56.815262" level="INFO">location</msg>
<arg>${key}</arg>
<doc>Logs the given message with the given level.</doc>
<status status="PASS" start="2024-07-31T10:12:56.815132" elapsed="0.000169"/>
</kw>
<var name="${key}">location</var>
<status status="PASS" start="2024-07-31T10:12:56.813747" elapsed="0.001778"/>
</iter>
<iter>
<kw name="Dictionary Should Contain Key" owner="Collections">
<arg>${json_data['results'][0]}</arg>
<arg>${key}</arg>
<doc>Fails if ``key`` is not found from ``dictionary``.</doc>
<status status="PASS" start="2024-07-31T10:12:56.815831" elapsed="0.000403"/>
</kw>
<kw name="Log" owner="BuiltIn">
<msg time="2024-07-31T10:12:56.816903" level="INFO">{'gender': 'male', 'name': {'title': 'Mr', 'first': 'Saksham', 'last': 'Chiplunkar'}, 'location': {'street': {'number': 3219, 'name': 'College St'}, 'city': 'Chennai', 'state': 'Bihar', 'country': 'India', 'postcode': 14251, 'coordinates': {'latitude': '11.0446', 'longitude': '-35.9254'}, 'timezone': {'offset': '-3:00', 'description': 'Brazil, Buenos Aires, Georgetown'}}, 'email': 'saksham.chiplunkar@example.com', 'login': {'uuid': 'd3553320-85ad-433b-94dd-2af02eae699b', 'username': 'ticklishswan233', 'password': 'downtown', 'salt': 'GuPZomTh', 'md5': 'cc516baa97a1abdec51f8b70799b4dae', 'sha1': '00710e134a1d9fd763763ba1bfda9858b161299f', 'sha256': 'fe9acca4b0118c8a57179517082a3d783634b312c45cc2a97e3588bd06614183'}, 'dob': {'date': '1982-01-18T19:08:24.510Z', 'age': 42}, 'registered': {'date': '2021-02-26T21:21:51.781Z', 'age': 3}, 'phone': '7869356797', 'cell': '7586596014', 'id': {'name': 'UIDAI', 'value': '428328862354'}, 'picture': {'large': 'https://randomuser.me/api/portraits/men/3.jpg', 'medium': 'https://randomuser.me/api/portraits/med/men/3.jpg', 'thumbnail': 'https://randomuser.me/api/portraits/thumb/men/3.jpg'}, 'nat': 'IN'}</msg>
<arg>${json_data['results'][0]}</arg>
<doc>Logs the given message with the given level.</doc>
<status status="PASS" start="2024-07-31T10:12:56.816551" elapsed="0.000409"/>
</kw>
<kw name="Log" owner="BuiltIn">
<msg time="2024-07-31T10:12:56.817388" level="INFO">email</msg>
<arg>${key}</arg>
<doc>Logs the given message with the given level.</doc>
<status status="PASS" start="2024-07-31T10:12:56.817256" elapsed="0.000171"/>
</kw>
<var name="${key}">email</var>
<status status="PASS" start="2024-07-31T10:12:56.815698" elapsed="0.001947"/>
</iter>
<iter>
<kw name="Dictionary Should Contain Key" owner="Collections">
<arg>${json_data['results'][0]}</arg>
<arg>${key}</arg>
<doc>Fails if ``key`` is not found from ``dictionary``.</doc>
<status status="PASS" start="2024-07-31T10:12:56.817925" elapsed="0.000381"/>
</kw>
<kw name="Log" owner="BuiltIn">
<msg time="2024-07-31T10:12:56.818835" level="INFO">{'gender': 'male', 'name': {'title': 'Mr', 'first': 'Saksham', 'last': 'Chiplunkar'}, 'location': {'street': {'number': 3219, 'name': 'College St'}, 'city': 'Chennai', 'state': 'Bihar', 'country': 'India', 'postcode': 14251, 'coordinates': {'latitude': '11.0446', 'longitude': '-35.9254'}, 'timezone': {'offset': '-3:00', 'description': 'Brazil, Buenos Aires, Georgetown'}}, 'email': 'saksham.chiplunkar@example.com', 'login': {'uuid': 'd3553320-85ad-433b-94dd-2af02eae699b', 'username': 'ticklishswan233', 'password': 'downtown', 'salt': 'GuPZomTh', 'md5': 'cc516baa97a1abdec51f8b70799b4dae', 'sha1': '00710e134a1d9fd763763ba1bfda9858b161299f', 'sha256': 'fe9acca4b0118c8a57179517082a3d783634b312c45cc2a97e3588bd06614183'}, 'dob': {'date': '1982-01-18T19:08:24.510Z', 'age': 42}, 'registered': {'date': '2021-02-26T21:21:51.781Z', 'age': 3}, 'phone': '7869356797', 'cell': '7586596014', 'id': {'name': 'UIDAI', 'value': '428328862354'}, 'picture': {'large': 'https://randomuser.me/api/portraits/men/3.jpg', 'medium': 'https://randomuser.me/api/portraits/med/men/3.jpg', 'thumbnail': 'https://randomuser.me/api/portraits/thumb/men/3.jpg'}, 'nat': 'IN'}</msg>
<arg>${json_data['results'][0]}</arg>
<doc>Logs the given message with the given level.</doc>
<status status="PASS" start="2024-07-31T10:12:56.818487" elapsed="0.000396"/>
</kw>
<kw name="Log" owner="BuiltIn">
<msg time="2024-07-31T10:12:56.819302" level="INFO">login</msg>
<arg>${key}</arg>
<doc>Logs the given message with the given level.</doc>
<status status="PASS" start="2024-07-31T10:12:56.819172" elapsed="0.000167"/>
</kw>
<var name="${key}">login</var>
<status status="PASS" start="2024-07-31T10:12:56.817817" elapsed="0.001736"/>
</iter>
<var>${key}</var>
<value>@{expected_keys}</value>
<status status="PASS" start="2024-07-31T10:12:56.809516" elapsed="0.010156"/>
</for>
<kw name="Create List" owner="BuiltIn">
<msg time="2024-07-31T10:12:56.820051" level="INFO">${expected_keysTwo} = ['username', 'password']</msg>
<var>${expected_keysTwo}</var>
<arg>username</arg>
<arg>password</arg>
<doc>Returns a list containing given items.</doc>
<status status="PASS" start="2024-07-31T10:12:56.819903" elapsed="0.000173"/>
</kw>
<for flavor="IN">
<iter>
<kw name="Dictionary Should Contain Key" owner="Collections">
<arg>${json_data['results'][0]['login']}</arg>
<arg>${keyTwo}</arg>
<doc>Fails if ``key`` is not found from ``dictionary``.</doc>
<status status="PASS" start="2024-07-31T10:12:56.820613" elapsed="0.000387"/>
</kw>
<kw name="Dictionary Should Contain Key" owner="Collections">
<arg>${json_data['results'][0]['login']}</arg>
<arg>${keyTwo}</arg>
<doc>Fails if ``key`` is not found from ``dictionary``.</doc>
<status status="PASS" start="2024-07-31T10:12:56.821182" elapsed="0.000377"/>
</kw>
<kw name="Log" owner="BuiltIn">
<msg time="2024-07-31T10:12:56.821852" level="INFO">username</msg>
<arg>${keyTwo}</arg>
<doc>Logs the given message with the given level.</doc>
<status status="PASS" start="2024-07-31T10:12:56.821734" elapsed="0.000157"/>
</kw>
<var name="${keyTwo}">username</var>
<status status="PASS" start="2024-07-31T10:12:56.820503" elapsed="0.001614"/>
</iter>
<iter>
<kw name="Dictionary Should Contain Key" owner="Collections">
<arg>${json_data['results'][0]['login']}</arg>
<arg>${keyTwo}</arg>
<doc>Fails if ``key`` is not found from ``dictionary``.</doc>
<status status="PASS" start="2024-07-31T10:12:56.822402" elapsed="0.000378"/>
</kw>
<kw name="Dictionary Should Contain Key" owner="Collections">
<arg>${json_data['results'][0]['login']}</arg>
<arg>${keyTwo}</arg>
<doc>Fails if ``key`` is not found from ``dictionary``.</doc>
<status status="PASS" start="2024-07-31T10:12:56.822958" elapsed="0.000375"/>
</kw>
<kw name="Log" owner="BuiltIn">
<msg time="2024-07-31T10:12:56.823637" level="INFO">password</msg>
<arg>${keyTwo}</arg>
<doc>Logs the given message with the given level.</doc>
<status status="PASS" start="2024-07-31T10:12:56.823510" elapsed="0.000166"/>
</kw>
<var name="${keyTwo}">password</var>
<status status="PASS" start="2024-07-31T10:12:56.822288" elapsed="0.001636"/>
</iter>
<var>${keyTwo}</var>
<value>@{expected_keysTwo}</value>
<status status="PASS" start="2024-07-31T10:12:56.820344" elapsed="0.003712"/>
</for>
<status status="PASS" start="2024-07-31T10:12:56.205030" elapsed="0.619169"/>
</kw>
<doc>Testa a estrutura da resposta da API.</doc>
<tag>testeEstruturaResposta</tag>
<status status="PASS" start="2024-07-31T10:12:56.204510" elapsed="0.619851"/>
</test>
<test id="s1-s1-t4" name="Validar tipos de dados" line="28">
<kw name="Teste de Tipos de Dados" owner="random-user-service">
<kw name="GET On Session" owner="RequestsLibrary">
<msg time="2024-07-31T10:12:57.031778" level="INFO">GET Request : url=https://randomuser.me/api 
 path_url=/api 
 headers={'User-Agent': 'python-requests/2.32.3', 'Accept-Encoding': 'gzip, deflate', 'Accept': '*/*', 'Connection': 'keep-alive'} 
 body=None 
 </msg>
<msg time="2024-07-31T10:12:57.031937" level="INFO">GET Response : url=https://randomuser.me/api 
 status=200, reason=OK 
 headers={'Date': 'Wed, 31 Jul 2024 10:12:57 GMT', 'Content-Type': 'application/json; charset=utf-8', 'Transfer-Encoding': 'chunked', 'Connection': 'keep-alive', 'X-Powered-By': 'Express', 'Access-Control-Allow-Origin': '*', 'Cache-Control': 'no-cache', 'ETag': 'W/"49e-ryq5xF+8LaF0AputlNNpWAMnhRM"', 'Vary': 'Accept-Encoding', 'Content-Encoding': 'gzip', 'CF-Cache-Status': 'DYNAMIC', 'Report-To': '{"endpoints":[{"url":"https:\\/\\/a.nel.cloudflare.com\\/report\\/v4?s=hY4alTtaBpvRrxbfrFMxhVphADp6DpVSzP542LiVvD3euvR8IV%2FMsync5O3fJlcR4VRl8NLn9Rb1lgaj1PKOnDjVUi8XNGzcaXC%2BHl5rCtXFulnDd1aQnXusAT8Xiv%2FX"}],"group":"cf-nel","max_age":604800}', 'NEL': '{"success_fraction":0,"report_to":"cf-nel","max_age":604800}', 'Server': 'cloudflare', 'CF-RAY': '8abcd01f2cf31107-ORD', 'alt-svc': 'h3=":443"; ma=86400'} 
 body={"results":[{"gender":"female","name":{"title":"Miss","first":"Vienna","last":"Reints"},"location":{"street":{"number":3627,"name":"Hobelmansdijk"},"city":"Rasquert","state":"Limburg","country":"Netherlands","postcode":"1700 AX","coordinates":{"latitude":"33.2952","longitude":"8.2079"},"timezone":{"offset":"+5:00","description":"Ekaterinburg, Islamabad, Karachi, Tashkent"}},"email":"vienna.reints@example.com","login":{"uuid":"f93a5bb7-1627-432e-a92c-2ba7c7093c83","username":"smallcat741","password":"brent","salt":"AjBoh3PK","md5":"c88a4eaeb6d293ef8e3e5443a5909e0f","sha1":"e1fea19d1dd9ed20ec3bc4d3742fb66f8dc34850","sha256":"bbbbcceae76a8bb2a411be6246e9b70e7d6d5b82d30a2839d94808c1a356d9f4"},"dob":{"date":"1983-08-01T18:11:47.359Z","age":40},"registered":{"date":"2011-02-24T02:26:45.540Z","age":13},"phone":"(040) 6285209","cell":"(06) 42182862","id":{"name":"BSN","value":"42012281"},"picture":{"large":"https://randomuser.me/api/portraits/women/75.jpg","medium":"https://randomuser.me/api/portraits/med/women/75.jpg","thumbnail":"https://randomuser.me/api/portraits/thumb/women/75.jpg"},"nat":"NL"}],"info":{"seed":"3063ddc1da9bba3e","results":1,"page":1,"version":"1.4"}} 
 </msg>
<msg time="2024-07-31T10:12:57.032015" level="INFO">/opt/hostedtoolcache/Python/3.12.4/x64/lib/python3.12/site-packages/urllib3/connectionpool.py:1099: InsecureRequestWarning: Unverified HTTPS request is being made to host 'randomuser.me'. Adding certificate verification is strongly advised. See: https://urllib3.readthedocs.io/en/latest/advanced-usage.html#tls-warnings
  warnings.warn(</msg>
<msg time="2024-07-31T10:12:57.032153" level="INFO">${response} = &lt;Response [200]&gt;</msg>
<var>${response}</var>
<arg>consultarAPI</arg>
<arg>/api</arg>
<doc>Sends a GET request on a previously created HTTP Session.</doc>
<status status="PASS" start="2024-07-31T10:12:56.826841" elapsed="0.205358"/>
</kw>
<kw name="Set Variable" owner="BuiltIn">
<msg time="2024-07-31T10:12:57.033272" level="INFO">${json_data} = {'results': [{'gender': 'female', 'name': {'title': 'Miss', 'first': 'Vienna', 'last': 'Reints'}, 'location': {'street': {'number': 3627, 'name': 'Hobelmansdijk'}, 'city': 'Rasquert', 'state': 'Limbur...</msg>
<var>${json_data}</var>
<arg>${response.json()}</arg>
<doc>Returns the given values which can then be assigned to a variables.</doc>
<status status="PASS" start="2024-07-31T10:12:57.032741" elapsed="0.000560"/>
</kw>
<kw name="Log" owner="BuiltIn">
<msg time="2024-07-31T10:12:57.033776" level="INFO">{'results': [{'gender': 'female', 'name': {'title': 'Miss', 'first': 'Vienna', 'last': 'Reints'}, 'location': {'street': {'number': 3627, 'name': 'Hobelmansdijk'}, 'city': 'Rasquert', 'state': 'Limburg', 'country': 'Netherlands', 'postcode': '1700 AX', 'coordinates': {'latitude': '33.2952', 'longitude': '8.2079'}, 'timezone': {'offset': '+5:00', 'description': 'Ekaterinburg, Islamabad, Karachi, Tashkent'}}, 'email': 'vienna.reints@example.com', 'login': {'uuid': 'f93a5bb7-1627-432e-a92c-2ba7c7093c83', 'username': 'smallcat741', 'password': 'brent', 'salt': 'AjBoh3PK', 'md5': 'c88a4eaeb6d293ef8e3e5443a5909e0f', 'sha1': 'e1fea19d1dd9ed20ec3bc4d3742fb66f8dc34850', 'sha256': 'bbbbcceae76a8bb2a411be6246e9b70e7d6d5b82d30a2839d94808c1a356d9f4'}, 'dob': {'date': '1983-08-01T18:11:47.359Z', 'age': 40}, 'registered': {'date': '2011-02-24T02:26:45.540Z', 'age': 13}, 'phone': '(040) 6285209', 'cell': '(06) 42182862', 'id': {'name': 'BSN', 'value': '42012281'}, 'picture': {'large': 'https://randomuser.me/api/portraits/women/75.jpg', 'medium': 'https://randomuser.me/api/portraits/med/women/75.jpg', 'thumbnail': 'https://randomuser.me/api/portraits/thumb/women/75.jpg'}, 'nat': 'NL'}], 'info': {'seed': '3063ddc1da9bba3e', 'results': 1, 'page': 1, 'version': '1.4'}}</msg>
<arg>${json_data}</arg>
<doc>Logs the given message with the given level.</doc>
<status status="PASS" start="2024-07-31T10:12:57.033617" elapsed="0.000209"/>
</kw>
<kw name="Should Be String" owner="String">
<arg>${json_data['results'][0]['gender']}</arg>
<doc>Fails if the given ``item`` is not a string.</doc>
<status status="PASS" start="2024-07-31T10:12:57.034126" elapsed="0.000367"/>
</kw>
<kw name="Should Match Regexp" owner="BuiltIn">
<arg>${json_data['results'][0]['email']}</arg>
<arg>^[a-zA-Z0-9._%+-]+@[a-zA-Z0-9.-]+\.[a-zA-Z]{2,}$</arg>
<doc>Fails if ``string`` does not match ``pattern`` as a regular expression.</doc>
<status status="PASS" start="2024-07-31T10:12:57.034681" elapsed="0.000519"/>
</kw>
<kw name="Should Match Regexp" owner="BuiltIn">
<arg>${json_data['results'][0]['dob']['date']}</arg>
<arg>\\d{4}-\\d{2}-\\d{2}T\\d{2}:\\d{2}:\\d{2}\\.\\d{3}Z</arg>
<doc>Fails if ``string`` does not match ``pattern`` as a regular expression.</doc>
<status status="PASS" start="2024-07-31T10:12:57.035433" elapsed="0.000672"/>
</kw>
<kw name="Should Match Regexp" owner="BuiltIn">
<arg>${json_data['results'][0]['registered']['date']}</arg>
<arg>\\d{4}-\\d{2}-\\d{2}T\\d{2}:\\d{2}:\\d{2}\\.\\d{3}Z</arg>
<doc>Fails if ``string`` does not match ``pattern`` as a regular expression.</doc>
<status status="PASS" start="2024-07-31T10:12:57.036299" elapsed="0.000373"/>
</kw>
<kw name="Should Match Regexp" owner="BuiltIn">
<arg>${json_data['results'][0]['picture']['large']}</arg>
<arg>^https?://.*\.(?:png|jpe?g|gif|bmp)$</arg>
<doc>Fails if ``string`` does not match ``pattern`` as a regular expression.</doc>
<status status="PASS" start="2024-07-31T10:12:57.036858" elapsed="0.000456"/>
</kw>
<kw name="Should Match Regexp" owner="BuiltIn">
<arg>${json_data['results'][0]['picture']['medium']}</arg>
<arg>^https?://.*\.(?:png|jpe?g|gif|bmp)$</arg>
<doc>Fails if ``string`` does not match ``pattern`` as a regular expression.</doc>
<status status="PASS" start="2024-07-31T10:12:57.037497" elapsed="0.000349"/>
</kw>
<kw name="Should Match Regexp" owner="BuiltIn">
<arg>${json_data['results'][0]['picture']['thumbnail']}</arg>
<arg>^https?://.*\.(?:png|jpe?g|gif|bmp)$</arg>
<doc>Fails if ``string`` does not match ``pattern`` as a regular expression.</doc>
<status status="PASS" start="2024-07-31T10:12:57.038027" elapsed="0.000347"/>
</kw>
<kw name="Log" owner="BuiltIn">
<msg time="2024-07-31T10:12:57.038872" level="INFO">{'large': 'https://randomuser.me/api/portraits/women/75.jpg', 'medium': 'https://randomuser.me/api/portraits/med/women/75.jpg', 'thumbnail': 'https://randomuser.me/api/portraits/thumb/women/75.jpg'}</msg>
<arg>${json_data['results'][0]['picture']}</arg>
<doc>Logs the given message with the given level.</doc>
<status status="PASS" start="2024-07-31T10:12:57.038552" elapsed="0.000364"/>
</kw>
<status status="PASS" start="2024-07-31T10:12:56.826601" elapsed="0.212577"/>
</kw>
<kw name="Teste de Tipos de Dados - Postcode" owner="random-user-service">
<kw name="GET On Session" owner="RequestsLibrary">
<msg time="2024-07-31T10:12:57.157031" level="INFO">GET Request : url=https://randomuser.me/api 
 path_url=/api 
 headers={'User-Agent': 'python-requests/2.32.3', 'Accept-Encoding': 'gzip, deflate', 'Accept': '*/*', 'Connection': 'keep-alive'} 
 body=None 
 </msg>
<msg time="2024-07-31T10:12:57.157139" level="INFO">GET Response : url=https://randomuser.me/api 
 status=200, reason=OK 
 headers={'Date': 'Wed, 31 Jul 2024 10:12:57 GMT', 'Content-Type': 'application/json; charset=utf-8', 'Transfer-Encoding': 'chunked', 'Connection': 'keep-alive', 'X-Powered-By': 'Express', 'Access-Control-Allow-Origin': '*', 'Cache-Control': 'no-cache', 'ETag': 'W/"495-HPbeMSeklqmk3uhAp4LQ7eInyKY"', 'Vary': 'Accept-Encoding', 'Content-Encoding': 'gzip', 'CF-Cache-Status': 'DYNAMIC', 'Report-To': '{"endpoints":[{"url":"https:\\/\\/a.nel.cloudflare.com\\/report\\/v4?s=zK6U60cmr8zuw8Y5J%2FHYUx2ewos3O3P9i1%2F%2BIu3RwjpPBnp4BCtCu2102Mge7Qevk0P0ZoFtkL0k6%2FHnCeIrIzLGJHMD0SIa0f%2F1a0v2X5dd9lmMnTyD2GCe9InZHkaf"}],"group":"cf-nel","max_age":604800}', 'NEL': '{"success_fraction":0,"report_to":"cf-nel","max_age":604800}', 'Server': 'cloudflare', 'CF-RAY': '8abcd0208dde1107-ORD', 'alt-svc': 'h3=":443"; ma=86400'} 
 body={"results":[{"gender":"male","name":{"title":"Monsieur","first":"Dirk","last":"Muller"},"location":{"street":{"number":8045,"name":"Quai Chauveau"},"city":"Les Verrières","state":"Glarus","country":"Switzerland","postcode":9975,"coordinates":{"latitude":"-61.4736","longitude":"-41.4009"},"timezone":{"offset":"-7:00","description":"Mountain Time (US &amp; Canada)"}},"email":"dirk.muller@example.com","login":{"uuid":"3b3c575a-fc6e-4f4f-99e6-e3eaf5c1f65b","username":"tinygorilla899","password":"middle","salt":"8Wz49r01","md5":"25ad45bc907df3c341cf87cd167d6fc8","sha1":"2599bc19b9b2d6d51d8404fe268f0b9b58f78b79","sha256":"bb7f07aaa71e0026ca50574a72e18949362422a485c757fc5ad0c9595ff2db81"},"dob":{"date":"1956-02-02T07:49:53.609Z","age":68},"registered":{"date":"2020-07-21T02:33:54.689Z","age":4},"phone":"076 709 43 73","cell":"076 528 45 44","id":{"name":"AVS","value":"756.0060.1523.61"},"picture":{"large":"https://randomuser.me/api/portraits/men/67.jpg","medium":"https://randomuser.me/api/portraits/med/men/67.jpg","thumbnail":"https://randomuser.me/api/portraits/thumb/men/67.jpg"},"nat":"CH"}],"info":{"seed":"e31b52ed34fbfb3f","results":1,"page":1,"version":"1.4"}} 
 </msg>
<msg time="2024-07-31T10:12:57.157220" level="INFO">/opt/hostedtoolcache/Python/3.12.4/x64/lib/python3.12/site-packages/urllib3/connectionpool.py:1099: InsecureRequestWarning: Unverified HTTPS request is being made to host 'randomuser.me'. Adding certificate verification is strongly advised. See: https://urllib3.readthedocs.io/en/latest/advanced-usage.html#tls-warnings
  warnings.warn(</msg>
<msg time="2024-07-31T10:12:57.157363" level="INFO">${response} = &lt;Response [200]&gt;</msg>
<var>${response}</var>
<arg>consultarAPI</arg>
<arg>/api</arg>
<doc>Sends a GET request on a previously created HTTP Session.</doc>
<status status="PASS" start="2024-07-31T10:12:57.039650" elapsed="0.117759"/>
</kw>
<kw name="Set Variable" owner="BuiltIn">
<msg time="2024-07-31T10:12:57.158502" level="INFO">${json_data} = {'results': [{'gender': 'male', 'name': {'title': 'Monsieur', 'first': 'Dirk', 'last': 'Muller'}, 'location': {'street': {'number': 8045, 'name': 'Quai Chauveau'}, 'city': 'Les Verrières', 'state': 'G...</msg>
<var>${json_data}</var>
<arg>${response.json()}</arg>
<doc>Returns the given values which can then be assigned to a variables.</doc>
<status status="PASS" start="2024-07-31T10:12:57.157965" elapsed="0.000566"/>
</kw>
<kw name="Log" owner="BuiltIn">
<msg time="2024-07-31T10:12:57.159006" level="INFO">{'results': [{'gender': 'male', 'name': {'title': 'Monsieur', 'first': 'Dirk', 'last': 'Muller'}, 'location': {'street': {'number': 8045, 'name': 'Quai Chauveau'}, 'city': 'Les Verrières', 'state': 'Glarus', 'country': 'Switzerland', 'postcode': 9975, 'coordinates': {'latitude': '-61.4736', 'longitude': '-41.4009'}, 'timezone': {'offset': '-7:00', 'description': 'Mountain Time (US &amp; Canada)'}}, 'email': 'dirk.muller@example.com', 'login': {'uuid': '3b3c575a-fc6e-4f4f-99e6-e3eaf5c1f65b', 'username': 'tinygorilla899', 'password': 'middle', 'salt': '8Wz49r01', 'md5': '25ad45bc907df3c341cf87cd167d6fc8', 'sha1': '2599bc19b9b2d6d51d8404fe268f0b9b58f78b79', 'sha256': 'bb7f07aaa71e0026ca50574a72e18949362422a485c757fc5ad0c9595ff2db81'}, 'dob': {'date': '1956-02-02T07:49:53.609Z', 'age': 68}, 'registered': {'date': '2020-07-21T02:33:54.689Z', 'age': 4}, 'phone': '076 709 43 73', 'cell': '076 528 45 44', 'id': {'name': 'AVS', 'value': '756.0060.1523.61'}, 'picture': {'large': 'https://randomuser.me/api/portraits/men/67.jpg', 'medium': 'https://randomuser.me/api/portraits/med/men/67.jpg', 'thumbnail': 'https://randomuser.me/api/portraits/thumb/men/67.jpg'}, 'nat': 'CH'}], 'info': {'seed': 'e31b52ed34fbfb3f', 'results': 1, 'page': 1, 'version': '1.4'}}</msg>
<arg>${json_data}</arg>
<doc>Logs the given message with the given level.</doc>
<status status="PASS" start="2024-07-31T10:12:57.158843" elapsed="0.000222"/>
</kw>
<kw name="Should Be Equal As Numbers" owner="BuiltIn">
<arg>${json_data['results'][0]['location']['postcode']}</arg>
<arg>${json_data['results'][0]['location']['postcode']}</arg>
<doc>Fails if objects are unequal after converting them to real numbers.</doc>
<status status="PASS" start="2024-07-31T10:12:57.159361" elapsed="0.000690"/>
</kw>
<kw name="Log" owner="BuiltIn">
<msg time="2024-07-31T10:12:57.160584" level="INFO">9975</msg>
<arg>${json_data['results'][0]['location']['postcode']}</arg>
<doc>Logs the given message with the given level.</doc>
<status status="PASS" start="2024-07-31T10:12:57.160248" elapsed="0.000376"/>
</kw>
<status status="PASS" start="2024-07-31T10:12:57.039411" elapsed="0.121504"/>
</kw>
<doc>Testa se os tipos de dados na resposta da API estão corretos.</doc>
<tag>testeTiposDados</tag>
<status status="PASS" start="2024-07-31T10:12:56.826101" elapsed="0.334989"/>
</test>
<test id="s1-s1-t5" name="Validar conteudo" line="35">
<kw name="Teste de Tipos de Conteudo" owner="random-user-service">
<kw name="GET On Session" owner="RequestsLibrary">
<msg time="2024-07-31T10:12:57.224843" level="INFO">GET Request : url=https://randomuser.me/api 
 path_url=/api 
 headers={'User-Agent': 'python-requests/2.32.3', 'Accept-Encoding': 'gzip, deflate', 'Accept': '*/*', 'Connection': 'keep-alive'} 
 body=None 
 </msg>
<msg time="2024-07-31T10:12:57.224966" level="INFO">GET Response : url=https://randomuser.me/api 
 status=200, reason=OK 
 headers={'Date': 'Wed, 31 Jul 2024 10:12:57 GMT', 'Content-Type': 'application/json; charset=utf-8', 'Transfer-Encoding': 'chunked', 'Connection': 'keep-alive', 'X-Powered-By': 'Express', 'Access-Control-Allow-Origin': '*', 'Cache-Control': 'no-cache', 'ETag': 'W/"490-VAkcM4ckT05Bd742pXgrK99rpB8"', 'Vary': 'Accept-Encoding', 'Content-Encoding': 'gzip', 'CF-Cache-Status': 'DYNAMIC', 'Report-To': '{"endpoints":[{"url":"https:\\/\\/a.nel.cloudflare.com\\/report\\/v4?s=xWH%2BvgIrXRm23vkXeCUx1udmAxHIeyKaZP5GoUB95XakbSKaDXq1ny8ycdqZyCI5ZQLnxwOxTzr4SrwlSHznvY5ZuANVbD4F112yVg%2BC1xGmg4lYyOJcaPMHBfVy9C9m"}],"group":"cf-nel","max_age":604800}', 'NEL': '{"success_fraction":0,"report_to":"cf-nel","max_age":604800}', 'Server': 'cloudflare', 'CF-RAY': '8abcd0214e6f1107-ORD', 'alt-svc': 'h3=":443"; ma=86400'} 
 body={"results":[{"gender":"male","name":{"title":"Mr","first":"Storm","last":"Robbe"},"location":{"street":{"number":3032,"name":"Harmenkokslaan"},"city":"Stede Broec","state":"Zuid-Holland","country":"Netherlands","postcode":"6095 WU","coordinates":{"latitude":"36.5499","longitude":"-10.3978"},"timezone":{"offset":"-8:00","description":"Pacific Time (US &amp; Canada)"}},"email":"storm.robbe@example.com","login":{"uuid":"d924acf7-769f-41ae-969f-feccd9005b6e","username":"organiczebra952","password":"germany","salt":"EAJ8hN61","md5":"2f7f1e19449712d5ebaf808d3a169a85","sha1":"8af9e0a2a8f2a17df3f0bde6620ea23a2a660bb1","sha256":"d05ecda416d40ed0ce27f8dfca9dfc1c434092099cb55397f106729309c61f8e"},"dob":{"date":"1995-08-20T14:57:18.556Z","age":28},"registered":{"date":"2017-07-11T22:34:50.571Z","age":7},"phone":"(085) 0036388","cell":"(06) 13059001","id":{"name":"BSN","value":"67051631"},"picture":{"large":"https://randomuser.me/api/portraits/men/80.jpg","medium":"https://randomuser.me/api/portraits/med/men/80.jpg","thumbnail":"https://randomuser.me/api/portraits/thumb/men/80.jpg"},"nat":"NL"}],"info":{"seed":"47ba000e5dc33f54","results":1,"page":1,"version":"1.4"}} 
 </msg>
<msg time="2024-07-31T10:12:57.225056" level="INFO">/opt/hostedtoolcache/Python/3.12.4/x64/lib/python3.12/site-packages/urllib3/connectionpool.py:1099: InsecureRequestWarning: Unverified HTTPS request is being made to host 'randomuser.me'. Adding certificate verification is strongly advised. See: https://urllib3.readthedocs.io/en/latest/advanced-usage.html#tls-warnings
  warnings.warn(</msg>
<msg time="2024-07-31T10:12:57.225207" level="INFO">${response} = &lt;Response [200]&gt;</msg>
<var>${response}</var>
<arg>consultarAPI</arg>
<arg>/api</arg>
<doc>Sends a GET request on a previously created HTTP Session.</doc>
<status status="PASS" start="2024-07-31T10:12:57.163568" elapsed="0.061684"/>
</kw>
<kw name="Set Variable" owner="BuiltIn">
<msg time="2024-07-31T10:12:57.226323" level="INFO">${json_data} = {'results': [{'gender': 'male', 'name': {'title': 'Mr', 'first': 'Storm', 'last': 'Robbe'}, 'location': {'street': {'number': 3032, 'name': 'Harmenkokslaan'}, 'city': 'Stede Broec', 'state': 'Zuid-Hol...</msg>
<var>${json_data}</var>
<arg>${response.json()}</arg>
<doc>Returns the given values which can then be assigned to a variables.</doc>
<status status="PASS" start="2024-07-31T10:12:57.225802" elapsed="0.000551"/>
</kw>
<kw name="Set Variable" owner="BuiltIn">
<msg time="2024-07-31T10:12:57.227059" level="INFO">${name_title} = Mr</msg>
<var>${name_title}</var>
<arg>${json_data["results"][0]["name"]["title"]}</arg>
<doc>Returns the given values which can then be assigned to a variables.</doc>
<status status="PASS" start="2024-07-31T10:12:57.226671" elapsed="0.000414"/>
</kw>
<kw name="Create List" owner="BuiltIn">
<msg time="2024-07-31T10:12:57.227530" level="INFO">${allowed_titles} = ['Mr', 'Ms', 'Miss', 'Mrs', 'Madame', 'Monsieur']</msg>
<var>${allowed_titles}</var>
<arg>Mr</arg>
<arg>Ms</arg>
<arg>Miss</arg>
<arg>Mrs</arg>
<arg>Madame</arg>
<arg>Monsieur</arg>
<doc>Returns a list containing given items.</doc>
<status status="PASS" start="2024-07-31T10:12:57.227381" elapsed="0.000175"/>
</kw>
<kw name="List Should Contain Value" owner="Collections">
<arg>${allowed_titles}</arg>
<arg>${name_title}</arg>
<doc>Fails if the ``value`` is not found from ``list``.</doc>
<status status="PASS" start="2024-07-31T10:12:57.227899" elapsed="0.000198"/>
</kw>
<kw name="Set Variable" owner="BuiltIn">
<msg time="2024-07-31T10:12:57.228664" level="INFO">${name_country} = NL</msg>
<var>${name_country}</var>
<arg>${json_data["results"][0]["nat"]}</arg>
<doc>Returns the given values which can then be assigned to a variables.</doc>
<status status="PASS" start="2024-07-31T10:12:57.228283" elapsed="0.000406"/>
</kw>
<kw name="Create List" owner="BuiltIn">
<msg time="2024-07-31T10:12:57.229562" level="INFO">${list_country} = ['AD', 'AE', 'AF', 'AG', 'AI', 'AL', 'AM', 'AO', 'AQ', 'AR', 'AS', 'AT', 'AU', 'AW', 'AX', 'AZ', 'BA', 'BB', 'BD', 'BE', 'BF', 'BG', 'BH', 'BI', 'BJ', 'BL', 'BM', 'BN', 'BO', 'BQ', 'BR', 'BS', 'BT', '...</msg>
<var>${list_country}</var>
<arg>AD</arg>
<arg>AE</arg>
<arg>AF</arg>
<arg>AG</arg>
<arg>AI</arg>
<arg>AL</arg>
<arg>AM</arg>
<arg>AO</arg>
<arg>AQ</arg>
<arg>AR</arg>
<arg>AS</arg>
<arg>AT</arg>
<arg>AU</arg>
<arg>AW</arg>
<arg>AX</arg>
<arg>AZ</arg>
<arg>BA</arg>
<arg>BB</arg>
<arg>BD</arg>
<arg>BE</arg>
<arg>BF</arg>
<arg>BG</arg>
<arg>BH</arg>
<arg>BI</arg>
<arg>BJ</arg>
<arg>BL</arg>
<arg>BM</arg>
<arg>BN</arg>
<arg>BO</arg>
<arg>BQ</arg>
<arg>BR</arg>
<arg>BS</arg>
<arg>BT</arg>
<arg>BV</arg>
<arg>BW</arg>
<arg>BY</arg>
<arg>BZ</arg>
<arg>CA</arg>
<arg>CC</arg>
<arg>CD</arg>
<arg>CF</arg>
<arg>CG</arg>
<arg>CH</arg>
<arg>CI</arg>
<arg>CK</arg>
<arg>CL</arg>
<arg>CM</arg>
<arg>CN</arg>
<arg>CO</arg>
<arg>CR</arg>
<arg>CU</arg>
<arg>CV</arg>
<arg>CW</arg>
<arg>CX</arg>
<arg>CY</arg>
<arg>CZ</arg>
<arg>DE</arg>
<arg>DJ</arg>
<arg>DK</arg>
<arg>DM</arg>
<arg>DO</arg>
<arg>DZ</arg>
<arg>EC</arg>
<arg>EE</arg>
<arg>EG</arg>
<arg>EH</arg>
<arg>ER</arg>
<arg>ES</arg>
<arg>ET</arg>
<arg>FI</arg>
<arg>FJ</arg>
<arg>FK</arg>
<arg>FM</arg>
<arg>FO</arg>
<arg>FR</arg>
<arg>GA</arg>
<arg>GB</arg>
<arg>GD</arg>
<arg>GE</arg>
<arg>GF</arg>
<arg>GG</arg>
<arg>GH</arg>
<arg>GI</arg>
<arg>GL</arg>
<arg>GM</arg>
<arg>GN</arg>
<arg>GP</arg>
<arg>GQ</arg>
<arg>GR</arg>
<arg>GS</arg>
<arg>GT</arg>
<arg>GU</arg>
<arg>GW</arg>
<arg>GY</arg>
<arg>HK</arg>
<arg>HM</arg>
<arg>HN</arg>
<arg>HR</arg>
<arg>HT</arg>
<arg>HU</arg>
<arg>ID</arg>
<arg>IE</arg>
<arg>IL</arg>
<arg>IM</arg>
<arg>IN</arg>
<arg>IO</arg>
<arg>IQ</arg>
<arg>IR</arg>
<arg>IS</arg>
<arg>IT</arg>
<arg>JE</arg>
<arg>JM</arg>
<arg>JO</arg>
<arg>JP</arg>
<arg>KE</arg>
<arg>KG</arg>
<arg>KH</arg>
<arg>KI</arg>
<arg>KM</arg>
<arg>KN</arg>
<arg>KP</arg>
<arg>KR</arg>
<arg>KW</arg>
<arg>KY</arg>
<arg>KZ</arg>
<arg>LA</arg>
<arg>LB</arg>
<arg>LC</arg>
<arg>LI</arg>
<arg>LK</arg>
<arg>LR</arg>
<arg>LS</arg>
<arg>LT</arg>
<arg>LU</arg>
<arg>LV</arg>
<arg>LY</arg>
<arg>MA</arg>
<arg>MC</arg>
<arg>MD</arg>
<arg>ME</arg>
<arg>MF</arg>
<arg>MG</arg>
<arg>MH</arg>
<arg>MK</arg>
<arg>ML</arg>
<arg>MM</arg>
<arg>MN</arg>
<arg>MO</arg>
<arg>MP</arg>
<arg>MQ</arg>
<arg>MR</arg>
<arg>MS</arg>
<arg>MT</arg>
<arg>MU</arg>
<arg>MV</arg>
<arg>MW</arg>
<arg>MX</arg>
<arg>MY</arg>
<arg>MZ</arg>
<arg>NA</arg>
<arg>NC</arg>
<arg>NE</arg>
<arg>NF</arg>
<arg>NG</arg>
<arg>NI</arg>
<arg>NL</arg>
<arg>NO</arg>
<arg>NP</arg>
<arg>NR</arg>
<arg>NU</arg>
<arg>NZ</arg>
<arg>OM</arg>
<arg>PA</arg>
<arg>PE</arg>
<arg>PF</arg>
<arg>PG</arg>
<arg>PH</arg>
<arg>PK</arg>
<arg>PL</arg>
<arg>PM</arg>
<arg>PN</arg>
<arg>PR</arg>
<arg>PS</arg>
<arg>PT</arg>
<arg>PW</arg>
<arg>PY</arg>
<arg>QA</arg>
<arg>RE</arg>
<arg>RO</arg>
<arg>RS</arg>
<arg>RU</arg>
<arg>RW</arg>
<arg>SA</arg>
<arg>SB</arg>
<arg>SC</arg>
<arg>SD</arg>
<arg>SE</arg>
<arg>SG</arg>
<arg>SH</arg>
<arg>SI</arg>
<arg>SJ</arg>
<arg>SK</arg>
<arg>SL</arg>
<arg>SM</arg>
<arg>SN</arg>
<arg>SO</arg>
<arg>SR</arg>
<arg>SS</arg>
<arg>ST</arg>
<arg>SV</arg>
<arg>SX</arg>
<arg>SY</arg>
<arg>SZ</arg>
<arg>TC</arg>
<arg>TD</arg>
<arg>TF</arg>
<arg>TG</arg>
<arg>TH</arg>
<arg>TJ</arg>
<arg>TK</arg>
<arg>TL</arg>
<arg>TM</arg>
<arg>TN</arg>
<arg>TO</arg>
<arg>TR</arg>
<arg>TT</arg>
<arg>TV</arg>
<arg>TW</arg>
<arg>TZ</arg>
<arg>UA</arg>
<arg>UG</arg>
<arg>UM</arg>
<arg>US</arg>
<arg>UY</arg>
<arg>UZ</arg>
<arg>VA</arg>
<arg>VC</arg>
<arg>VE</arg>
<arg>VG</arg>
<arg>VI</arg>
<arg>VN</arg>
<arg>VU</arg>
<arg>WF</arg>
<arg>WS</arg>
<arg>XK</arg>
<arg>YE</arg>
<arg>YT</arg>
<arg>ZA</arg>
<arg>ZM</arg>
<arg>ZW</arg>
<doc>Returns a list containing given items.</doc>
<status status="PASS" start="2024-07-31T10:12:57.228974" elapsed="0.000613"/>
</kw>
<kw name="List Should Contain Value" owner="Collections">
<arg>${list_country}</arg>
<arg>${name_country}</arg>
<doc>Fails if the ``value`` is not found from ``list``.</doc>
<status status="PASS" start="2024-07-31T10:12:57.230574" elapsed="0.000214"/>
</kw>
<kw name="Run Keyword If" owner="BuiltIn">
<kw name="Should Be True" owner="BuiltIn">
<arg>${True}</arg>
<doc>Fails if the given condition is not true.</doc>
<status status="PASS" start="2024-07-31T10:12:57.231744" elapsed="0.000189"/>
</kw>
<arg>${json_data["results"][0]["location"]["coordinates"]["latitude"]} &gt;= -90 and ${json_data["results"][0]["location"]["coordinates"]["latitude"]} &lt;= 90</arg>
<arg>Should Be True</arg>
<arg>${True}</arg>
<doc>Runs the given keyword with the given arguments, if ``condition`` is true.</doc>
<status status="PASS" start="2024-07-31T10:12:57.230991" elapsed="0.001075"/>
</kw>
<kw name="Run Keyword If" owner="BuiltIn">
<kw name="Should Be True" owner="BuiltIn">
<arg>${True}</arg>
<doc>Fails if the given condition is not true.</doc>
<status status="PASS" start="2024-07-31T10:12:57.232946" elapsed="0.000137"/>
</kw>
<arg>${json_data["results"][0]["location"]["coordinates"]["longitude"]} &gt;= -180 and ${json_data["results"][0]["location"]["coordinates"]["longitude"]} &lt;= 180</arg>
<arg>Should Be True</arg>
<arg>${True}</arg>
<doc>Runs the given keyword with the given arguments, if ``condition`` is true.</doc>
<status status="PASS" start="2024-07-31T10:12:57.232249" elapsed="0.000957"/>
</kw>
<status status="PASS" start="2024-07-31T10:12:57.163341" elapsed="0.069996"/>
</kw>
<doc>Testa o conteúdo específico dos campos retornados pela API.</doc>
<tag>testeConteudo</tag>
<status status="PASS" start="2024-07-31T10:12:57.162870" elapsed="0.070658"/>
</test>
<status status="PASS" start="2024-07-31T10:12:54.693473" elapsed="2.542005"/>
</suite>
<status status="PASS" start="2024-07-31T10:12:54.675936" elapsed="2.564763"/>
</suite>
<statistics>
<total>
<stat pass="5" fail="0" skip="0">All Tests</stat>
</total>
<tag>
<stat pass="1" fail="0" skip="0">testeConteudo</stat>
<stat pass="1" fail="0" skip="0">testeEstruturaResposta</stat>
<stat pass="1" fail="0" skip="0">testeRequisicaoBasica</stat>
<stat pass="1" fail="0" skip="0">testeTiposDados</stat>
</tag>
<suite>
<stat pass="5" fail="0" skip="0" id="s1" name="Tests">Tests</stat>
<stat pass="5" fail="0" skip="0" id="s1-s1" name="Random-User-Test">Tests.Random-User-Test</stat>
</suite>
</statistics>
<errors>
</errors>
</robot>
