<?xml version="1.0" encoding="UTF-8"?>
<robot generator="Robot 7.0 (Python 3.12.2 on linux)" generated="2024-04-02T02:23:21.709636" rpa="false" schemaversion="5">
<suite id="s1" name="Tests" source="/home/runner/work/DesafioQAItauRogerioJordao/DesafioQAItauRogerioJordao/RamdonUser/tests">
<suite id="s1-s1" name="Random-User-Test" source="/home/runner/work/DesafioQAItauRogerioJordao/DesafioQAItauRogerioJordao/RamdonUser/tests/random-user-test.robot">
<test id="s1-s1-t1" name="Conectar" line="13">
<kw name="Conectar API" owner="random-user-service">
<kw name="Create Session" owner="RequestsLibrary">
<msg time="2024-04-02T02:23:22.059499" level="INFO">Creating Session using : alias=consultarAPI, url=https://randomuser.me/, headers={},                     cookies={}, auth=None, timeout=None, proxies=None, verify=False,                     debug=0 </msg>
<arg>consultarAPI</arg>
<arg>${URL}</arg>
<doc>Create Session: create a HTTP session to a server</doc>
<status status="PASS" start="2024-04-02T02:23:22.059300" elapsed="0.000364"/>
</kw>
<status status="PASS" start="2024-04-02T02:23:22.058300" elapsed="0.001704"/>
</kw>
<status status="PASS" start="2024-04-02T02:23:22.057763" elapsed="0.002443"/>
</test>
<test id="s1-s1-t2" name="Validar retorno 200 e JSON Válido" line="16">
<kw name="Teste de Requisicao Basica" owner="random-user-service">
<kw name="GET On Session" owner="RequestsLibrary">
<msg time="2024-04-02T02:23:22.377263" level="INFO">GET Request : url=https://randomuser.me/api 
 path_url=/api 
 headers={'User-Agent': 'python-requests/2.31.0', 'Accept-Encoding': 'gzip, deflate', 'Accept': '*/*', 'Connection': 'keep-alive'} 
 body=None 
 </msg>
<msg time="2024-04-02T02:23:22.377415" level="INFO">GET Response : url=https://randomuser.me/api 
 status=200, reason=OK 
 headers={'Date': 'Tue, 02 Apr 2024 02:23:22 GMT', 'Content-Type': 'application/json; charset=utf-8', 'Transfer-Encoding': 'chunked', 'Connection': 'keep-alive', 'X-Powered-By': 'Express', 'Access-Control-Allow-Origin': '*', 'Cache-Control': 'no-cache', 'ETag': 'W/"495-ib1AoM2BQ5HrUjg510NSuGysZ74"', 'Vary': 'Accept-Encoding', 'Content-Encoding': 'gzip', 'CF-Cache-Status': 'DYNAMIC', 'Report-To': '{"endpoints":[{"url":"https:\\/\\/a.nel.cloudflare.com\\/report\\/v4?s=hcmAHWW09JoOJ6af2trKwG9oKMfzzgvZypcJB464bxdSph43WivMYBbyqLn87tMfHqspivNi3Dy%2B6%2Fmm%2BqM4pzrdGykDtN02jtsBC0EUxqzvbWkuYEBR18v5dUWbhuub"}],"group":"cf-nel","max_age":604800}', 'NEL': '{"success_fraction":0,"report_to":"cf-nel","max_age":604800}', 'Server': 'cloudflare', 'CF-RAY': '86dd5b43bbbe67d1-SJC', 'alt-svc': 'h3=":443"; ma=86400'} 
 body={"results":[{"gender":"female","name":{"title":"Miss","first":"Magdalena","last":"Adamović"},"location":{"street":{"number":6336,"name":"Labljanska"},"city":"Malo Crniće","state":"North Banat","country":"Serbia","postcode":39365,"coordinates":{"latitude":"57.0777","longitude":"16.1216"},"timezone":{"offset":"-12:00","description":"Eniwetok, Kwajalein"}},"email":"magdalena.adamovic@example.com","login":{"uuid":"7020a676-5b7b-4c5d-b107-10bba5939621","username":"heavybutterfly139","password":"159753","salt":"TBTXwY8e","md5":"7af9ca1de355b3fc21f680fb3a35795f","sha1":"0eb27a9f92a2e79a0031c18243ec32129ca46ea5","sha256":"a9f446b25e3936a7d91236e6512b37475c28f6c0bf394b29fa837bb626f0c2e1"},"dob":{"date":"1984-07-04T18:41:02.700Z","age":39},"registered":{"date":"2017-03-16T09:36:45.959Z","age":7},"phone":"025-2541-031","cell":"061-8771-558","id":{"name":"SID","value":"236366253"},"picture":{"large":"https://randomuser.me/api/portraits/women/60.jpg","medium":"https://randomuser.me/api/portraits/med/women/60.jpg","thumbnail":"https://randomuser.me/api/portraits/thumb/women/60.jpg"},"nat":"RS"}],"info":{"seed":"e2c3e5022f2d2faf","results":1,"page":1,"version":"1.4"}} 
 </msg>
<msg time="2024-04-02T02:23:22.377528" level="INFO">/opt/hostedtoolcache/Python/3.12.2/x64/lib/python3.12/site-packages/urllib3/connectionpool.py:1103: InsecureRequestWarning: Unverified HTTPS request is being made to host 'randomuser.me'. Adding certificate verification is strongly advised. See: https://urllib3.readthedocs.io/en/latest/advanced-usage.html#tls-warnings
  warnings.warn(</msg>
<msg time="2024-04-02T02:23:22.377673" level="INFO">${response} = &lt;Response [200]&gt;</msg>
<var>${response}</var>
<arg>consultarAPI</arg>
<arg>/api</arg>
<doc>Sends a GET request on a previously created HTTP Session.</doc>
<status status="PASS" start="2024-04-02T02:23:22.062786" elapsed="0.314928"/>
</kw>
<kw name="Should Be Equal As Numbers" owner="BuiltIn">
<msg time="2024-04-02T02:23:22.378923" level="INFO">Argument types are:
&lt;class 'int'&gt;
&lt;class 'str'&gt;</msg>
<arg>${response.status_code}</arg>
<arg>200</arg>
<doc>Fails if objects are unequal after converting them to real numbers.</doc>
<status status="PASS" start="2024-04-02T02:23:22.378393" elapsed="0.000601"/>
</kw>
<kw name="Log" owner="BuiltIn">
<msg time="2024-04-02T02:23:22.379675" level="INFO">200</msg>
<arg>${response.status_code}</arg>
<doc>Logs the given message with the given level.</doc>
<status status="PASS" start="2024-04-02T02:23:22.379313" elapsed="0.000405"/>
</kw>
<kw name="Set Variable" owner="BuiltIn">
<msg time="2024-04-02T02:23:22.380490" level="INFO">${json_data} = {'results': [{'gender': 'female', 'name': {'title': 'Miss', 'first': 'Magdalena', 'last': 'Adamović'}, 'location': {'street': {'number': 6336, 'name': 'Labljanska'}, 'city': 'Malo Crniće', 'state': 'N...</msg>
<var>${json_data}</var>
<arg>${response.json()}</arg>
<doc>Returns the given values which can then be assigned to a variables.</doc>
<status status="PASS" start="2024-04-02T02:23:22.380040" elapsed="0.000479"/>
</kw>
<kw name="Dictionary Should Contain Key" owner="Collections">
<msg time="2024-04-02T02:23:22.380990" level="INFO">False</msg>
<arg>${json_data}</arg>
<arg>results</arg>
<doc>Fails if ``key`` is not found from ``dictionary``.</doc>
<status status="PASS" start="2024-04-02T02:23:22.380822" elapsed="0.000207"/>
</kw>
<status status="PASS" start="2024-04-02T02:23:22.062538" elapsed="0.318752"/>
</kw>
<doc>Testa se a API responde corretamente e retorna um objeto JSON válido.</doc>
<tag>testeRequisicaoBasica</tag>
<status status="PASS" start="2024-04-02T02:23:22.062055" elapsed="0.319423"/>
</test>
<test id="s1-s1-t3" name="Validar estrutura de resposta" line="22">
<kw name="Teste de Estrutura de Resposta" owner="random-user-service">
<kw name="GET On Session" owner="RequestsLibrary">
<msg time="2024-04-02T02:23:22.611438" level="INFO">GET Request : url=https://randomuser.me/api 
 path_url=/api 
 headers={'User-Agent': 'python-requests/2.31.0', 'Accept-Encoding': 'gzip, deflate', 'Accept': '*/*', 'Connection': 'keep-alive'} 
 body=None 
 </msg>
<msg time="2024-04-02T02:23:22.611520" level="INFO">GET Response : url=https://randomuser.me/api 
 status=200, reason=OK 
 headers={'Date': 'Tue, 02 Apr 2024 02:23:22 GMT', 'Content-Type': 'application/json; charset=utf-8', 'Transfer-Encoding': 'chunked', 'Connection': 'keep-alive', 'X-Powered-By': 'Express', 'Access-Control-Allow-Origin': '*', 'Cache-Control': 'no-cache', 'ETag': 'W/"474-IyIuz7UhwUYJU/x8WjFUudbO/Kk"', 'Vary': 'Accept-Encoding', 'Content-Encoding': 'gzip', 'CF-Cache-Status': 'DYNAMIC', 'Report-To': '{"endpoints":[{"url":"https:\\/\\/a.nel.cloudflare.com\\/report\\/v4?s=SZQUd6fFSyk93GKHpDiXmCI4SpMrFKZcJtXdBhV2f21ly8dywkLgZ7ZvU04UYoyvn8N%2FFRAtmttwW1Yv8sCn53wQT%2F6WBMpB4NddtaBO31faTY8VUeRDvRm2U89rXlj3"}],"group":"cf-nel","max_age":604800}', 'NEL': '{"success_fraction":0,"report_to":"cf-nel","max_age":604800}', 'Server': 'cloudflare', 'CF-RAY': '86dd5b44ed2567d1-SJC', 'alt-svc': 'h3=":443"; ma=86400'} 
 body={"results":[{"gender":"male","name":{"title":"Mr","first":"Benjamin","last":"Lo"},"location":{"street":{"number":1452,"name":"Pierre Ave"},"city":"Westport","state":"British Columbia","country":"Canada","postcode":"A7Y 4Q9","coordinates":{"latitude":"-67.4773","longitude":"-96.4438"},"timezone":{"offset":"+3:30","description":"Tehran"}},"email":"benjamin.lo@example.com","login":{"uuid":"2892bf2f-f163-490f-8973-d20f7d33fee0","username":"heavyelephant849","password":"marie","salt":"9gzoLd7I","md5":"a327250dea1ad3c3b360b48b1e8613d0","sha1":"ddf1f007c1ca5fc46eb3eef8570ab1a75d55b82f","sha256":"17670cb015592fd575ecf8ca1d6eb564462b27cfbbca3369e1eb233a7494085c"},"dob":{"date":"1953-12-22T08:13:24.700Z","age":70},"registered":{"date":"2002-11-14T22:23:22.302Z","age":21},"phone":"M82 F99-9090","cell":"T33 Z97-3690","id":{"name":"SIN","value":"338210016"},"picture":{"large":"https://randomuser.me/api/portraits/men/99.jpg","medium":"https://randomuser.me/api/portraits/med/men/99.jpg","thumbnail":"https://randomuser.me/api/portraits/thumb/men/99.jpg"},"nat":"CA"}],"info":{"seed":"be8274fa774d92a5","results":1,"page":1,"version":"1.4"}} 
 </msg>
<msg time="2024-04-02T02:23:22.611646" level="INFO">/opt/hostedtoolcache/Python/3.12.2/x64/lib/python3.12/site-packages/urllib3/connectionpool.py:1103: InsecureRequestWarning: Unverified HTTPS request is being made to host 'randomuser.me'. Adding certificate verification is strongly advised. See: https://urllib3.readthedocs.io/en/latest/advanced-usage.html#tls-warnings
  warnings.warn(</msg>
<msg time="2024-04-02T02:23:22.611758" level="INFO">${response} = &lt;Response [200]&gt;</msg>
<var>${response}</var>
<arg>consultarAPI</arg>
<arg>/api</arg>
<doc>Sends a GET request on a previously created HTTP Session.</doc>
<status status="PASS" start="2024-04-02T02:23:22.384196" elapsed="0.227603"/>
</kw>
<kw name="Set Variable" owner="BuiltIn">
<msg time="2024-04-02T02:23:22.612905" level="INFO">${json_data} = {'results': [{'gender': 'male', 'name': {'title': 'Mr', 'first': 'Benjamin', 'last': 'Lo'}, 'location': {'street': {'number': 1452, 'name': 'Pierre Ave'}, 'city': 'Westport', 'state': 'British Columbi...</msg>
<var>${json_data}</var>
<arg>${response.json()}</arg>
<doc>Returns the given values which can then be assigned to a variables.</doc>
<status status="PASS" start="2024-04-02T02:23:22.612345" elapsed="0.000589"/>
</kw>
<kw name="Log" owner="BuiltIn">
<msg time="2024-04-02T02:23:22.613413" level="INFO">{'results': [{'gender': 'male', 'name': {'title': 'Mr', 'first': 'Benjamin', 'last': 'Lo'}, 'location': {'street': {'number': 1452, 'name': 'Pierre Ave'}, 'city': 'Westport', 'state': 'British Columbia', 'country': 'Canada', 'postcode': 'A7Y 4Q9', 'coordinates': {'latitude': '-67.4773', 'longitude': '-96.4438'}, 'timezone': {'offset': '+3:30', 'description': 'Tehran'}}, 'email': 'benjamin.lo@example.com', 'login': {'uuid': '2892bf2f-f163-490f-8973-d20f7d33fee0', 'username': 'heavyelephant849', 'password': 'marie', 'salt': '9gzoLd7I', 'md5': 'a327250dea1ad3c3b360b48b1e8613d0', 'sha1': 'ddf1f007c1ca5fc46eb3eef8570ab1a75d55b82f', 'sha256': '17670cb015592fd575ecf8ca1d6eb564462b27cfbbca3369e1eb233a7494085c'}, 'dob': {'date': '1953-12-22T08:13:24.700Z', 'age': 70}, 'registered': {'date': '2002-11-14T22:23:22.302Z', 'age': 21}, 'phone': 'M82 F99-9090', 'cell': 'T33 Z97-3690', 'id': {'name': 'SIN', 'value': '338210016'}, 'picture': {'large': 'https://randomuser.me/api/portraits/men/99.jpg', 'medium': 'https://randomuser.me/api/portraits/med/men/99.jpg', 'thumbnail': 'https://randomuser.me/api/portraits/thumb/men/99.jpg'}, 'nat': 'CA'}], 'info': {'seed': 'be8274fa774d92a5', 'results': 1, 'page': 1, 'version': '1.4'}}</msg>
<arg>${json_data}</arg>
<doc>Logs the given message with the given level.</doc>
<status status="PASS" start="2024-04-02T02:23:22.613244" elapsed="0.000216"/>
</kw>
<kw name="Dictionary Should Contain Key" owner="Collections">
<msg time="2024-04-02T02:23:22.613912" level="INFO">False</msg>
<arg>${json_data}</arg>
<arg>results</arg>
<doc>Fails if ``key`` is not found from ``dictionary``.</doc>
<status status="PASS" start="2024-04-02T02:23:22.613751" elapsed="0.000197"/>
</kw>
<kw name="Should Not Be Empty" owner="BuiltIn">
<msg time="2024-04-02T02:23:22.614386" level="INFO">Length is 2.</msg>
<arg>${json_data}</arg>
<doc>Verifies that the given item is not empty.</doc>
<status status="PASS" start="2024-04-02T02:23:22.614254" elapsed="0.000170"/>
</kw>
<kw name="Create List" owner="BuiltIn">
<msg time="2024-04-02T02:23:22.614914" level="INFO">${expected_keys} = ['gender', 'name', 'location', 'email', 'login']</msg>
<var>${expected_keys}</var>
<arg>gender</arg>
<arg>name</arg>
<arg>location</arg>
<arg>email</arg>
<arg>login</arg>
<doc>Returns a list containing given items.</doc>
<status status="PASS" start="2024-04-02T02:23:22.614715" elapsed="0.000225"/>
</kw>
<for flavor="IN">
<iter>
<kw name="Dictionary Should Contain Key" owner="Collections">
<msg time="2024-04-02T02:23:22.615928" level="INFO">False</msg>
<arg>${json_data['results'][0]}</arg>
<arg>${key}</arg>
<doc>Fails if ``key`` is not found from ``dictionary``.</doc>
<status status="PASS" start="2024-04-02T02:23:22.615528" elapsed="0.000439"/>
</kw>
<kw name="Log" owner="BuiltIn">
<msg time="2024-04-02T02:23:22.616635" level="INFO">{'gender': 'male', 'name': {'title': 'Mr', 'first': 'Benjamin', 'last': 'Lo'}, 'location': {'street': {'number': 1452, 'name': 'Pierre Ave'}, 'city': 'Westport', 'state': 'British Columbia', 'country': 'Canada', 'postcode': 'A7Y 4Q9', 'coordinates': {'latitude': '-67.4773', 'longitude': '-96.4438'}, 'timezone': {'offset': '+3:30', 'description': 'Tehran'}}, 'email': 'benjamin.lo@example.com', 'login': {'uuid': '2892bf2f-f163-490f-8973-d20f7d33fee0', 'username': 'heavyelephant849', 'password': 'marie', 'salt': '9gzoLd7I', 'md5': 'a327250dea1ad3c3b360b48b1e8613d0', 'sha1': 'ddf1f007c1ca5fc46eb3eef8570ab1a75d55b82f', 'sha256': '17670cb015592fd575ecf8ca1d6eb564462b27cfbbca3369e1eb233a7494085c'}, 'dob': {'date': '1953-12-22T08:13:24.700Z', 'age': 70}, 'registered': {'date': '2002-11-14T22:23:22.302Z', 'age': 21}, 'phone': 'M82 F99-9090', 'cell': 'T33 Z97-3690', 'id': {'name': 'SIN', 'value': '338210016'}, 'picture': {'large': 'https://randomuser.me/api/portraits/men/99.jpg', 'medium': 'https://randomuser.me/api/portraits/med/men/99.jpg', 'thumbnail': 'https://randomuser.me/api/portraits/thumb/men/99.jpg'}, 'nat': 'CA'}</msg>
<arg>${json_data['results'][0]}</arg>
<doc>Logs the given message with the given level.</doc>
<status status="PASS" start="2024-04-02T02:23:22.616269" elapsed="0.000419"/>
</kw>
<kw name="Log" owner="BuiltIn">
<msg time="2024-04-02T02:23:22.617110" level="INFO">gender</msg>
<arg>${key}</arg>
<doc>Logs the given message with the given level.</doc>
<status status="PASS" start="2024-04-02T02:23:22.616983" elapsed="0.000165"/>
</kw>
<var name="${key}">gender</var>
<status status="PASS" start="2024-04-02T02:23:22.615400" elapsed="0.001965"/>
</iter>
<iter>
<kw name="Dictionary Should Contain Key" owner="Collections">
<msg time="2024-04-02T02:23:22.618031" level="INFO">False</msg>
<arg>${json_data['results'][0]}</arg>
<arg>${key}</arg>
<doc>Fails if ``key`` is not found from ``dictionary``.</doc>
<status status="PASS" start="2024-04-02T02:23:22.617660" elapsed="0.000407"/>
</kw>
<kw name="Log" owner="BuiltIn">
<msg time="2024-04-02T02:23:22.618752" level="INFO">{'gender': 'male', 'name': {'title': 'Mr', 'first': 'Benjamin', 'last': 'Lo'}, 'location': {'street': {'number': 1452, 'name': 'Pierre Ave'}, 'city': 'Westport', 'state': 'British Columbia', 'country': 'Canada', 'postcode': 'A7Y 4Q9', 'coordinates': {'latitude': '-67.4773', 'longitude': '-96.4438'}, 'timezone': {'offset': '+3:30', 'description': 'Tehran'}}, 'email': 'benjamin.lo@example.com', 'login': {'uuid': '2892bf2f-f163-490f-8973-d20f7d33fee0', 'username': 'heavyelephant849', 'password': 'marie', 'salt': '9gzoLd7I', 'md5': 'a327250dea1ad3c3b360b48b1e8613d0', 'sha1': 'ddf1f007c1ca5fc46eb3eef8570ab1a75d55b82f', 'sha256': '17670cb015592fd575ecf8ca1d6eb564462b27cfbbca3369e1eb233a7494085c'}, 'dob': {'date': '1953-12-22T08:13:24.700Z', 'age': 70}, 'registered': {'date': '2002-11-14T22:23:22.302Z', 'age': 21}, 'phone': 'M82 F99-9090', 'cell': 'T33 Z97-3690', 'id': {'name': 'SIN', 'value': '338210016'}, 'picture': {'large': 'https://randomuser.me/api/portraits/men/99.jpg', 'medium': 'https://randomuser.me/api/portraits/med/men/99.jpg', 'thumbnail': 'https://randomuser.me/api/portraits/thumb/men/99.jpg'}, 'nat': 'CA'}</msg>
<arg>${json_data['results'][0]}</arg>
<doc>Logs the given message with the given level.</doc>
<status status="PASS" start="2024-04-02T02:23:22.618389" elapsed="0.000410"/>
</kw>
<kw name="Log" owner="BuiltIn">
<msg time="2024-04-02T02:23:22.619254" level="INFO">name</msg>
<arg>${key}</arg>
<doc>Logs the given message with the given level.</doc>
<status status="PASS" start="2024-04-02T02:23:22.619126" elapsed="0.000166"/>
</kw>
<var name="${key}">name</var>
<status status="PASS" start="2024-04-02T02:23:22.617549" elapsed="0.001956"/>
</iter>
<iter>
<kw name="Dictionary Should Contain Key" owner="Collections">
<msg time="2024-04-02T02:23:22.620175" level="INFO">False</msg>
<arg>${json_data['results'][0]}</arg>
<arg>${key}</arg>
<doc>Fails if ``key`` is not found from ``dictionary``.</doc>
<status status="PASS" start="2024-04-02T02:23:22.619791" elapsed="0.000421"/>
</kw>
<kw name="Log" owner="BuiltIn">
<msg time="2024-04-02T02:23:22.620861" level="INFO">{'gender': 'male', 'name': {'title': 'Mr', 'first': 'Benjamin', 'last': 'Lo'}, 'location': {'street': {'number': 1452, 'name': 'Pierre Ave'}, 'city': 'Westport', 'state': 'British Columbia', 'country': 'Canada', 'postcode': 'A7Y 4Q9', 'coordinates': {'latitude': '-67.4773', 'longitude': '-96.4438'}, 'timezone': {'offset': '+3:30', 'description': 'Tehran'}}, 'email': 'benjamin.lo@example.com', 'login': {'uuid': '2892bf2f-f163-490f-8973-d20f7d33fee0', 'username': 'heavyelephant849', 'password': 'marie', 'salt': '9gzoLd7I', 'md5': 'a327250dea1ad3c3b360b48b1e8613d0', 'sha1': 'ddf1f007c1ca5fc46eb3eef8570ab1a75d55b82f', 'sha256': '17670cb015592fd575ecf8ca1d6eb564462b27cfbbca3369e1eb233a7494085c'}, 'dob': {'date': '1953-12-22T08:13:24.700Z', 'age': 70}, 'registered': {'date': '2002-11-14T22:23:22.302Z', 'age': 21}, 'phone': 'M82 F99-9090', 'cell': 'T33 Z97-3690', 'id': {'name': 'SIN', 'value': '338210016'}, 'picture': {'large': 'https://randomuser.me/api/portraits/men/99.jpg', 'medium': 'https://randomuser.me/api/portraits/med/men/99.jpg', 'thumbnail': 'https://randomuser.me/api/portraits/thumb/men/99.jpg'}, 'nat': 'CA'}</msg>
<arg>${json_data['results'][0]}</arg>
<doc>Logs the given message with the given level.</doc>
<status status="PASS" start="2024-04-02T02:23:22.620505" elapsed="0.000407"/>
</kw>
<kw name="Log" owner="BuiltIn">
<msg time="2024-04-02T02:23:22.621329" level="INFO">location</msg>
<arg>${key}</arg>
<doc>Logs the given message with the given level.</doc>
<status status="PASS" start="2024-04-02T02:23:22.621200" elapsed="0.000168"/>
</kw>
<var name="${key}">location</var>
<status status="PASS" start="2024-04-02T02:23:22.619682" elapsed="0.001897"/>
</iter>
<iter>
<kw name="Dictionary Should Contain Key" owner="Collections">
<msg time="2024-04-02T02:23:22.622234" level="INFO">False</msg>
<arg>${json_data['results'][0]}</arg>
<arg>${key}</arg>
<doc>Fails if ``key`` is not found from ``dictionary``.</doc>
<status status="PASS" start="2024-04-02T02:23:22.621861" elapsed="0.000409"/>
</kw>
<kw name="Log" owner="BuiltIn">
<msg time="2024-04-02T02:23:22.622948" level="INFO">{'gender': 'male', 'name': {'title': 'Mr', 'first': 'Benjamin', 'last': 'Lo'}, 'location': {'street': {'number': 1452, 'name': 'Pierre Ave'}, 'city': 'Westport', 'state': 'British Columbia', 'country': 'Canada', 'postcode': 'A7Y 4Q9', 'coordinates': {'latitude': '-67.4773', 'longitude': '-96.4438'}, 'timezone': {'offset': '+3:30', 'description': 'Tehran'}}, 'email': 'benjamin.lo@example.com', 'login': {'uuid': '2892bf2f-f163-490f-8973-d20f7d33fee0', 'username': 'heavyelephant849', 'password': 'marie', 'salt': '9gzoLd7I', 'md5': 'a327250dea1ad3c3b360b48b1e8613d0', 'sha1': 'ddf1f007c1ca5fc46eb3eef8570ab1a75d55b82f', 'sha256': '17670cb015592fd575ecf8ca1d6eb564462b27cfbbca3369e1eb233a7494085c'}, 'dob': {'date': '1953-12-22T08:13:24.700Z', 'age': 70}, 'registered': {'date': '2002-11-14T22:23:22.302Z', 'age': 21}, 'phone': 'M82 F99-9090', 'cell': 'T33 Z97-3690', 'id': {'name': 'SIN', 'value': '338210016'}, 'picture': {'large': 'https://randomuser.me/api/portraits/men/99.jpg', 'medium': 'https://randomuser.me/api/portraits/med/men/99.jpg', 'thumbnail': 'https://randomuser.me/api/portraits/thumb/men/99.jpg'}, 'nat': 'CA'}</msg>
<arg>${json_data['results'][0]}</arg>
<doc>Logs the given message with the given level.</doc>
<status status="PASS" start="2024-04-02T02:23:22.622562" elapsed="0.000434"/>
</kw>
<kw name="Log" owner="BuiltIn">
<msg time="2024-04-02T02:23:22.623416" level="INFO">email</msg>
<arg>${key}</arg>
<doc>Logs the given message with the given level.</doc>
<status status="PASS" start="2024-04-02T02:23:22.623290" elapsed="0.000163"/>
</kw>
<var name="${key}">email</var>
<status status="PASS" start="2024-04-02T02:23:22.621749" elapsed="0.001917"/>
</iter>
<iter>
<kw name="Dictionary Should Contain Key" owner="Collections">
<msg time="2024-04-02T02:23:22.624335" level="INFO">False</msg>
<arg>${json_data['results'][0]}</arg>
<arg>${key}</arg>
<doc>Fails if ``key`` is not found from ``dictionary``.</doc>
<status status="PASS" start="2024-04-02T02:23:22.623947" elapsed="0.000424"/>
</kw>
<kw name="Log" owner="BuiltIn">
<msg time="2024-04-02T02:23:22.625009" level="INFO">{'gender': 'male', 'name': {'title': 'Mr', 'first': 'Benjamin', 'last': 'Lo'}, 'location': {'street': {'number': 1452, 'name': 'Pierre Ave'}, 'city': 'Westport', 'state': 'British Columbia', 'country': 'Canada', 'postcode': 'A7Y 4Q9', 'coordinates': {'latitude': '-67.4773', 'longitude': '-96.4438'}, 'timezone': {'offset': '+3:30', 'description': 'Tehran'}}, 'email': 'benjamin.lo@example.com', 'login': {'uuid': '2892bf2f-f163-490f-8973-d20f7d33fee0', 'username': 'heavyelephant849', 'password': 'marie', 'salt': '9gzoLd7I', 'md5': 'a327250dea1ad3c3b360b48b1e8613d0', 'sha1': 'ddf1f007c1ca5fc46eb3eef8570ab1a75d55b82f', 'sha256': '17670cb015592fd575ecf8ca1d6eb564462b27cfbbca3369e1eb233a7494085c'}, 'dob': {'date': '1953-12-22T08:13:24.700Z', 'age': 70}, 'registered': {'date': '2002-11-14T22:23:22.302Z', 'age': 21}, 'phone': 'M82 F99-9090', 'cell': 'T33 Z97-3690', 'id': {'name': 'SIN', 'value': '338210016'}, 'picture': {'large': 'https://randomuser.me/api/portraits/men/99.jpg', 'medium': 'https://randomuser.me/api/portraits/med/men/99.jpg', 'thumbnail': 'https://randomuser.me/api/portraits/thumb/men/99.jpg'}, 'nat': 'CA'}</msg>
<arg>${json_data['results'][0]}</arg>
<doc>Logs the given message with the given level.</doc>
<status status="PASS" start="2024-04-02T02:23:22.624658" elapsed="0.000396"/>
</kw>
<kw name="Log" owner="BuiltIn">
<msg time="2024-04-02T02:23:22.625468" level="INFO">login</msg>
<arg>${key}</arg>
<doc>Logs the given message with the given level.</doc>
<status status="PASS" start="2024-04-02T02:23:22.625337" elapsed="0.000272"/>
</kw>
<var name="${key}">login</var>
<status status="PASS" start="2024-04-02T02:23:22.623837" elapsed="0.002008"/>
</iter>
<var>${key}</var>
<value>@{expected_keys}</value>
<status status="PASS" start="2024-04-02T02:23:22.615208" elapsed="0.010757"/>
</for>
<kw name="Create List" owner="BuiltIn">
<msg time="2024-04-02T02:23:22.626320" level="INFO">${expected_keysTwo} = ['username', 'password']</msg>
<var>${expected_keysTwo}</var>
<arg>username</arg>
<arg>password</arg>
<doc>Returns a list containing given items.</doc>
<status status="PASS" start="2024-04-02T02:23:22.626183" elapsed="0.000161"/>
</kw>
<for flavor="IN">
<iter>
<kw name="Dictionary Should Contain Key" owner="Collections">
<msg time="2024-04-02T02:23:22.627273" level="INFO">False</msg>
<arg>${json_data['results'][0]['login']}</arg>
<arg>${keyTwo}</arg>
<doc>Fails if ``key`` is not found from ``dictionary``.</doc>
<status status="PASS" start="2024-04-02T02:23:22.626870" elapsed="0.000441"/>
</kw>
<kw name="Dictionary Should Contain Key" owner="Collections">
<msg time="2024-04-02T02:23:22.627977" level="INFO">False</msg>
<arg>${json_data['results'][0]['login']}</arg>
<arg>${keyTwo}</arg>
<doc>Fails if ``key`` is not found from ``dictionary``.</doc>
<status status="PASS" start="2024-04-02T02:23:22.627604" elapsed="0.000410"/>
</kw>
<kw name="Log" owner="BuiltIn">
<msg time="2024-04-02T02:23:22.628442" level="INFO">username</msg>
<arg>${keyTwo}</arg>
<doc>Logs the given message with the given level.</doc>
<status status="PASS" start="2024-04-02T02:23:22.628304" elapsed="0.000174"/>
</kw>
<var name="${keyTwo}">username</var>
<status status="PASS" start="2024-04-02T02:23:22.626727" elapsed="0.001962"/>
</iter>
<iter>
<kw name="Dictionary Should Contain Key" owner="Collections">
<msg time="2024-04-02T02:23:22.629338" level="INFO">False</msg>
<arg>${json_data['results'][0]['login']}</arg>
<arg>${keyTwo}</arg>
<doc>Fails if ``key`` is not found from ``dictionary``.</doc>
<status status="PASS" start="2024-04-02T02:23:22.628969" elapsed="0.000406"/>
</kw>
<kw name="Dictionary Should Contain Key" owner="Collections">
<msg time="2024-04-02T02:23:22.630036" level="INFO">False</msg>
<arg>${json_data['results'][0]['login']}</arg>
<arg>${keyTwo}</arg>
<doc>Fails if ``key`` is not found from ``dictionary``.</doc>
<status status="PASS" start="2024-04-02T02:23:22.629664" elapsed="0.000410"/>
</kw>
<kw name="Log" owner="BuiltIn">
<msg time="2024-04-02T02:23:22.630485" level="INFO">password</msg>
<arg>${keyTwo}</arg>
<doc>Logs the given message with the given level.</doc>
<status status="PASS" start="2024-04-02T02:23:22.630361" elapsed="0.000160"/>
</kw>
<var name="${keyTwo}">password</var>
<status status="PASS" start="2024-04-02T02:23:22.628861" elapsed="0.001870"/>
</iter>
<var>${keyTwo}</var>
<value>@{expected_keysTwo}</value>
<status status="PASS" start="2024-04-02T02:23:22.626578" elapsed="0.004293"/>
</for>
<status status="PASS" start="2024-04-02T02:23:22.383958" elapsed="0.247061"/>
</kw>
<doc>Testa a estrutura da resposta da API.</doc>
<tag>testeEstruturaResposta</tag>
<status status="PASS" start="2024-04-02T02:23:22.383305" elapsed="0.247873"/>
</test>
<test id="s1-s1-t4" name="Validar tipos de dados" line="28">
<kw name="Teste de Tipos de Dados" owner="random-user-service">
<kw name="GET On Session" owner="RequestsLibrary">
<msg time="2024-04-02T02:23:22.718279" level="INFO">GET Request : url=https://randomuser.me/api 
 path_url=/api 
 headers={'User-Agent': 'python-requests/2.31.0', 'Accept-Encoding': 'gzip, deflate', 'Accept': '*/*', 'Connection': 'keep-alive'} 
 body=None 
 </msg>
<msg time="2024-04-02T02:23:22.718364" level="INFO">GET Response : url=https://randomuser.me/api 
 status=200, reason=OK 
 headers={'Date': 'Tue, 02 Apr 2024 02:23:22 GMT', 'Content-Type': 'application/json; charset=utf-8', 'Transfer-Encoding': 'chunked', 'Connection': 'keep-alive', 'X-Powered-By': 'Express', 'Access-Control-Allow-Origin': '*', 'Cache-Control': 'no-cache', 'ETag': 'W/"495-oTrfuaexMDHH5yWep5Rs/uGLjPA"', 'Vary': 'Accept-Encoding', 'Content-Encoding': 'gzip', 'CF-Cache-Status': 'DYNAMIC', 'Report-To': '{"endpoints":[{"url":"https:\\/\\/a.nel.cloudflare.com\\/report\\/v4?s=kBLMgn%2FEH82HgvTgJvQMnb0f%2B1Fc73U4UJVvfneuhfSTlQsg9JJuxVTEet6OD2XfCevU6yPk7jVMf93JBH42k%2BSXPeBcowJ%2Bu8gNnZD2X7EeF4tAJEr6QsHnVV1bL5fz"}],"group":"cf-nel","max_age":604800}', 'NEL': '{"success_fraction":0,"report_to":"cf-nel","max_age":604800}', 'Server': 'cloudflare', 'CF-RAY': '86dd5b467e9767d1-SJC', 'alt-svc': 'h3=":443"; ma=86400'} 
 body={"results":[{"gender":"female","name":{"title":"Mademoiselle","first":"Andreia","last":"Jean"},"location":{"street":{"number":4613,"name":"Rue Baraban"},"city":"Jaun","state":"Valais","country":"Switzerland","postcode":4025,"coordinates":{"latitude":"-61.0002","longitude":"4.9593"},"timezone":{"offset":"+2:00","description":"Kaliningrad, South Africa"}},"email":"andreia.jean@example.com","login":{"uuid":"07f8766d-3dfb-4304-a469-4b8f675b0a64","username":"organicfish756","password":"getmoney","salt":"38QoasBq","md5":"cbbf6ed6b61f9bbda52102a42836c5bc","sha1":"ce646612f729dcfb3d7e60e284e10197d1341a21","sha256":"89ea72c0b9a5b9626d7acea45a9d1c4a09f94a17a837fe0af253c6ed8d4cd40a"},"dob":{"date":"1973-05-09T10:31:23.891Z","age":50},"registered":{"date":"2021-03-05T20:36:46.653Z","age":3},"phone":"078 064 20 15","cell":"077 706 70 04","id":{"name":"AVS","value":"756.3026.6747.26"},"picture":{"large":"https://randomuser.me/api/portraits/women/38.jpg","medium":"https://randomuser.me/api/portraits/med/women/38.jpg","thumbnail":"https://randomuser.me/api/portraits/thumb/women/38.jpg"},"nat":"CH"}],"info":{"seed":"50288d3833d95f5e","results":1,"page":1,"version":"1.4"}} 
 </msg>
<msg time="2024-04-02T02:23:22.718435" level="INFO">/opt/hostedtoolcache/Python/3.12.2/x64/lib/python3.12/site-packages/urllib3/connectionpool.py:1103: InsecureRequestWarning: Unverified HTTPS request is being made to host 'randomuser.me'. Adding certificate verification is strongly advised. See: https://urllib3.readthedocs.io/en/latest/advanced-usage.html#tls-warnings
  warnings.warn(</msg>
<msg time="2024-04-02T02:23:22.718557" level="INFO">${response} = &lt;Response [200]&gt;</msg>
<var>${response}</var>
<arg>consultarAPI</arg>
<arg>/api</arg>
<doc>Sends a GET request on a previously created HTTP Session.</doc>
<status status="PASS" start="2024-04-02T02:23:22.633576" elapsed="0.085012"/>
</kw>
<kw name="Set Variable" owner="BuiltIn">
<msg time="2024-04-02T02:23:22.719516" level="INFO">${json_data} = {'results': [{'gender': 'female', 'name': {'title': 'Mademoiselle', 'first': 'Andreia', 'last': 'Jean'}, 'location': {'street': {'number': 4613, 'name': 'Rue Baraban'}, 'city': 'Jaun', 'state': 'Valai...</msg>
<var>${json_data}</var>
<arg>${response.json()}</arg>
<doc>Returns the given values which can then be assigned to a variables.</doc>
<status status="PASS" start="2024-04-02T02:23:22.719053" elapsed="0.000491"/>
</kw>
<kw name="Log" owner="BuiltIn">
<msg time="2024-04-02T02:23:22.720000" level="INFO">{'results': [{'gender': 'female', 'name': {'title': 'Mademoiselle', 'first': 'Andreia', 'last': 'Jean'}, 'location': {'street': {'number': 4613, 'name': 'Rue Baraban'}, 'city': 'Jaun', 'state': 'Valais', 'country': 'Switzerland', 'postcode': 4025, 'coordinates': {'latitude': '-61.0002', 'longitude': '4.9593'}, 'timezone': {'offset': '+2:00', 'description': 'Kaliningrad, South Africa'}}, 'email': 'andreia.jean@example.com', 'login': {'uuid': '07f8766d-3dfb-4304-a469-4b8f675b0a64', 'username': 'organicfish756', 'password': 'getmoney', 'salt': '38QoasBq', 'md5': 'cbbf6ed6b61f9bbda52102a42836c5bc', 'sha1': 'ce646612f729dcfb3d7e60e284e10197d1341a21', 'sha256': '89ea72c0b9a5b9626d7acea45a9d1c4a09f94a17a837fe0af253c6ed8d4cd40a'}, 'dob': {'date': '1973-05-09T10:31:23.891Z', 'age': 50}, 'registered': {'date': '2021-03-05T20:36:46.653Z', 'age': 3}, 'phone': '078 064 20 15', 'cell': '077 706 70 04', 'id': {'name': 'AVS', 'value': '756.3026.6747.26'}, 'picture': {'large': 'https://randomuser.me/api/portraits/women/38.jpg', 'medium': 'https://randomuser.me/api/portraits/med/women/38.jpg', 'thumbnail': 'https://randomuser.me/api/portraits/thumb/women/38.jpg'}, 'nat': 'CH'}], 'info': {'seed': '50288d3833d95f5e', 'results': 1, 'page': 1, 'version': '1.4'}}</msg>
<arg>${json_data}</arg>
<doc>Logs the given message with the given level.</doc>
<status status="PASS" start="2024-04-02T02:23:22.719849" elapsed="0.000198"/>
</kw>
<kw name="Should Be String" owner="String">
<arg>${json_data['results'][0]['gender']}</arg>
<doc>Fails if the given ``item`` is not a string.</doc>
<status status="PASS" start="2024-04-02T02:23:22.720366" elapsed="0.000355"/>
</kw>
<kw name="Should Match Regexp" owner="BuiltIn">
<arg>${json_data['results'][0]['email']}</arg>
<arg>^[a-zA-Z0-9._%+-]+@[a-zA-Z0-9.-]+\.[a-zA-Z]{2,}$</arg>
<doc>Fails if ``string`` does not match ``pattern`` as a regular expression.</doc>
<status status="PASS" start="2024-04-02T02:23:22.720923" elapsed="0.000522"/>
</kw>
<kw name="Should Match Regexp" owner="BuiltIn">
<arg>${json_data['results'][0]['dob']['date']}</arg>
<arg>\\d{4}-\\d{2}-\\d{2}T\\d{2}:\\d{2}:\\d{2}\\.\\d{3}Z</arg>
<doc>Fails if ``string`` does not match ``pattern`` as a regular expression.</doc>
<status status="PASS" start="2024-04-02T02:23:22.721649" elapsed="0.000476"/>
</kw>
<kw name="Should Match Regexp" owner="BuiltIn">
<arg>${json_data['results'][0]['registered']['date']}</arg>
<arg>\\d{4}-\\d{2}-\\d{2}T\\d{2}:\\d{2}:\\d{2}\\.\\d{3}Z</arg>
<doc>Fails if ``string`` does not match ``pattern`` as a regular expression.</doc>
<status status="PASS" start="2024-04-02T02:23:22.722314" elapsed="0.000363"/>
</kw>
<kw name="Should Match Regexp" owner="BuiltIn">
<arg>${json_data['results'][0]['picture']['large']}</arg>
<arg>^https?://.*\.(?:png|jpe?g|gif|bmp)$</arg>
<doc>Fails if ``string`` does not match ``pattern`` as a regular expression.</doc>
<status status="PASS" start="2024-04-02T02:23:22.722886" elapsed="0.000471"/>
</kw>
<kw name="Should Match Regexp" owner="BuiltIn">
<arg>${json_data['results'][0]['picture']['medium']}</arg>
<arg>^https?://.*\.(?:png|jpe?g|gif|bmp)$</arg>
<doc>Fails if ``string`` does not match ``pattern`` as a regular expression.</doc>
<status status="PASS" start="2024-04-02T02:23:22.723544" elapsed="0.000352"/>
</kw>
<kw name="Should Match Regexp" owner="BuiltIn">
<arg>${json_data['results'][0]['picture']['thumbnail']}</arg>
<arg>^https?://.*\.(?:png|jpe?g|gif|bmp)$</arg>
<doc>Fails if ``string`` does not match ``pattern`` as a regular expression.</doc>
<status status="PASS" start="2024-04-02T02:23:22.724077" elapsed="0.000338"/>
</kw>
<kw name="Log" owner="BuiltIn">
<msg time="2024-04-02T02:23:22.724918" level="INFO">{'large': 'https://randomuser.me/api/portraits/women/38.jpg', 'medium': 'https://randomuser.me/api/portraits/med/women/38.jpg', 'thumbnail': 'https://randomuser.me/api/portraits/thumb/women/38.jpg'}</msg>
<arg>${json_data['results'][0]['picture']}</arg>
<doc>Logs the given message with the given level.</doc>
<status status="PASS" start="2024-04-02T02:23:22.724593" elapsed="0.000372"/>
</kw>
<status status="PASS" start="2024-04-02T02:23:22.633351" elapsed="0.091875"/>
</kw>
<kw name="Teste de Tipos de Dados - Postcode" owner="random-user-service">
<kw name="GET On Session" owner="RequestsLibrary">
<msg time="2024-04-02T02:23:22.847413" level="INFO">GET Request : url=https://randomuser.me/api 
 path_url=/api 
 headers={'User-Agent': 'python-requests/2.31.0', 'Accept-Encoding': 'gzip, deflate', 'Accept': '*/*', 'Connection': 'keep-alive'} 
 body=None 
 </msg>
<msg time="2024-04-02T02:23:22.847526" level="INFO">GET Response : url=https://randomuser.me/api 
 status=200, reason=OK 
 headers={'Date': 'Tue, 02 Apr 2024 02:23:22 GMT', 'Content-Type': 'application/json; charset=utf-8', 'Transfer-Encoding': 'chunked', 'Connection': 'keep-alive', 'X-Powered-By': 'Express', 'Access-Control-Allow-Origin': '*', 'Cache-Control': 'no-cache', 'ETag': 'W/"474-2bce/lAifcbRwwbLBBQsOwsGsCQ"', 'Vary': 'Accept-Encoding', 'Content-Encoding': 'gzip', 'CF-Cache-Status': 'DYNAMIC', 'Report-To': '{"endpoints":[{"url":"https:\\/\\/a.nel.cloudflare.com\\/report\\/v4?s=m6GqViK%2FRySm4aEd6dWLI1h7RIskl5M5jx49jWPLIu49eKaGE1iBXHL%2FBQnlg20lVG5onbyPg3CN8vc6kBAxsjLRADPJhV1KE9V1sr8wvpDnsVb5CQoKHuc0GpYFVGWJ"}],"group":"cf-nel","max_age":604800}', 'NEL': '{"success_fraction":0,"report_to":"cf-nel","max_age":604800}', 'Server': 'cloudflare', 'CF-RAY': '86dd5b470f1b67d1-SJC', 'alt-svc': 'h3=":443"; ma=86400'} 
 body={"results":[{"gender":"male","name":{"title":"Mr","first":"Necati","last":"Çağıran"},"location":{"street":{"number":4659,"name":"Bağdat Cd"},"city":"Gaziantep","state":"Van","country":"Turkey","postcode":32284,"coordinates":{"latitude":"67.0655","longitude":"-152.0593"},"timezone":{"offset":"-7:00","description":"Mountain Time (US &amp; Canada)"}},"email":"necati.cagiran@example.com","login":{"uuid":"be27d5c3-309f-491b-93d6-72b0574d3f02","username":"tinykoala510","password":"celeb","salt":"lbL0KfSf","md5":"64ea77647b99b441c6b4d079a7ba4a14","sha1":"f191640d75c75f4248b35ed8b632b5901171e068","sha256":"6610894427ea3318ed7347c342882ccd2b04e416dec075e6d99c4da0acf6dfda"},"dob":{"date":"1953-03-31T22:44:11.211Z","age":71},"registered":{"date":"2016-07-14T00:42:48.774Z","age":7},"phone":"(342)-829-0182","cell":"(584)-707-6210","id":{"name":"","value":null},"picture":{"large":"https://randomuser.me/api/portraits/men/4.jpg","medium":"https://randomuser.me/api/portraits/med/men/4.jpg","thumbnail":"https://randomuser.me/api/portraits/thumb/men/4.jpg"},"nat":"TR"}],"info":{"seed":"5488fbe71864eb64","results":1,"page":1,"version":"1.4"}} 
 </msg>
<msg time="2024-04-02T02:23:22.847635" level="INFO">/opt/hostedtoolcache/Python/3.12.2/x64/lib/python3.12/site-packages/urllib3/connectionpool.py:1103: InsecureRequestWarning: Unverified HTTPS request is being made to host 'randomuser.me'. Adding certificate verification is strongly advised. See: https://urllib3.readthedocs.io/en/latest/advanced-usage.html#tls-warnings
  warnings.warn(</msg>
<msg time="2024-04-02T02:23:22.847779" level="INFO">${response} = &lt;Response [200]&gt;</msg>
<var>${response}</var>
<arg>consultarAPI</arg>
<arg>/api</arg>
<doc>Sends a GET request on a previously created HTTP Session.</doc>
<status status="PASS" start="2024-04-02T02:23:22.725783" elapsed="0.122037"/>
</kw>
<kw name="Set Variable" owner="BuiltIn">
<msg time="2024-04-02T02:23:22.848869" level="INFO">${json_data} = {'results': [{'gender': 'male', 'name': {'title': 'Mr', 'first': 'Necati', 'last': 'Çağıran'}, 'location': {'street': {'number': 4659, 'name': 'Bağdat Cd'}, 'city': 'Gaziantep', 'state': 'Van', 'count...</msg>
<var>${json_data}</var>
<arg>${response.json()}</arg>
<doc>Returns the given values which can then be assigned to a variables.</doc>
<status status="PASS" start="2024-04-02T02:23:22.848339" elapsed="0.000561"/>
</kw>
<kw name="Log" owner="BuiltIn">
<msg time="2024-04-02T02:23:22.849366" level="INFO">{'results': [{'gender': 'male', 'name': {'title': 'Mr', 'first': 'Necati', 'last': 'Çağıran'}, 'location': {'street': {'number': 4659, 'name': 'Bağdat Cd'}, 'city': 'Gaziantep', 'state': 'Van', 'country': 'Turkey', 'postcode': 32284, 'coordinates': {'latitude': '67.0655', 'longitude': '-152.0593'}, 'timezone': {'offset': '-7:00', 'description': 'Mountain Time (US &amp; Canada)'}}, 'email': 'necati.cagiran@example.com', 'login': {'uuid': 'be27d5c3-309f-491b-93d6-72b0574d3f02', 'username': 'tinykoala510', 'password': 'celeb', 'salt': 'lbL0KfSf', 'md5': '64ea77647b99b441c6b4d079a7ba4a14', 'sha1': 'f191640d75c75f4248b35ed8b632b5901171e068', 'sha256': '6610894427ea3318ed7347c342882ccd2b04e416dec075e6d99c4da0acf6dfda'}, 'dob': {'date': '1953-03-31T22:44:11.211Z', 'age': 71}, 'registered': {'date': '2016-07-14T00:42:48.774Z', 'age': 7}, 'phone': '(342)-829-0182', 'cell': '(584)-707-6210', 'id': {'name': '', 'value': None}, 'picture': {'large': 'https://randomuser.me/api/portraits/men/4.jpg', 'medium': 'https://randomuser.me/api/portraits/med/men/4.jpg', 'thumbnail': 'https://randomuser.me/api/portraits/thumb/men/4.jpg'}, 'nat': 'TR'}], 'info': {'seed': '5488fbe71864eb64', 'results': 1, 'page': 1, 'version': '1.4'}}</msg>
<arg>${json_data}</arg>
<doc>Logs the given message with the given level.</doc>
<status status="PASS" start="2024-04-02T02:23:22.849207" elapsed="0.000211"/>
</kw>
<kw name="Should Be Equal As Numbers" owner="BuiltIn">
<arg>${json_data['results'][0]['location']['postcode']}</arg>
<arg>${json_data['results'][0]['location']['postcode']}</arg>
<doc>Fails if objects are unequal after converting them to real numbers.</doc>
<status status="PASS" start="2024-04-02T02:23:22.849718" elapsed="0.000619"/>
</kw>
<kw name="Log" owner="BuiltIn">
<msg time="2024-04-02T02:23:22.850962" level="INFO">32284</msg>
<arg>${json_data['results'][0]['location']['postcode']}</arg>
<doc>Logs the given message with the given level.</doc>
<status status="PASS" start="2024-04-02T02:23:22.850573" elapsed="0.000432"/>
</kw>
<status status="PASS" start="2024-04-02T02:23:22.725439" elapsed="0.125827"/>
</kw>
<doc>Testa se os tipos de dados na resposta da API estão corretos.</doc>
<tag>testeTiposDados</tag>
<status status="PASS" start="2024-04-02T02:23:22.632897" elapsed="0.218542"/>
</test>
<test id="s1-s1-t5" name="Validar conteudo" line="35">
<kw name="Teste de Tipos de Conteudo" owner="random-user-service">
<kw name="GET On Session" owner="RequestsLibrary">
<msg time="2024-04-02T02:23:22.943084" level="INFO">GET Request : url=https://randomuser.me/api 
 path_url=/api 
 headers={'User-Agent': 'python-requests/2.31.0', 'Accept-Encoding': 'gzip, deflate', 'Accept': '*/*', 'Connection': 'keep-alive'} 
 body=None 
 </msg>
<msg time="2024-04-02T02:23:22.943159" level="INFO">GET Response : url=https://randomuser.me/api 
 status=200, reason=OK 
 headers={'Date': 'Tue, 02 Apr 2024 02:23:22 GMT', 'Content-Type': 'application/json; charset=utf-8', 'Transfer-Encoding': 'chunked', 'Connection': 'keep-alive', 'X-Powered-By': 'Express', 'Access-Control-Allow-Origin': '*', 'Cache-Control': 'no-cache', 'ETag': 'W/"4ac-7/hM4+XqeKO4Cibz4f9nhNOqWY0"', 'Vary': 'Accept-Encoding', 'Content-Encoding': 'gzip', 'CF-Cache-Status': 'DYNAMIC', 'Report-To': '{"endpoints":[{"url":"https:\\/\\/a.nel.cloudflare.com\\/report\\/v4?s=qCeuEilk3R%2BGHhxc3pN5eFoXPOQeF7L7ke2ni%2FBXpR6gAMe768L8a0kjjiXZa%2Fk%2BdUFZJJ6pEZybFhjWEBEHvwkKr0QmjDa%2B5vu7bSFrLiDsjzAVKhLnTuuXTXzDytbB"}],"group":"cf-nel","max_age":604800}', 'NEL': '{"success_fraction":0,"report_to":"cf-nel","max_age":604800}', 'Server': 'cloudflare', 'CF-RAY': '86dd5b47dfc567d1-SJC', 'alt-svc': 'h3=":443"; ma=86400'} 
 body={"results":[{"gender":"female","name":{"title":"Ms","first":"Franca","last":"Jahnke"},"location":{"street":{"number":6676,"name":"Im Winkel"},"city":"Steinbach-Hallenberg","state":"Nordrhein-Westfalen","country":"Germany","postcode":40712,"coordinates":{"latitude":"-48.6207","longitude":"14.5142"},"timezone":{"offset":"+1:00","description":"Brussels, Copenhagen, Madrid, Paris"}},"email":"franca.jahnke@example.com","login":{"uuid":"46c7a6d9-5f7a-44aa-9193-6daf65db2224","username":"bluegorilla848","password":"marble","salt":"7CNqONwe","md5":"fc2c8998cd48d68c182e4d9a34450232","sha1":"407cc6964784234f3310541a64e01ae9a4afc3af","sha256":"36a4a4c2ec240f65c2d334b73c28eb7ba23ff32c154b7a7a5f57b89507ee2bc0"},"dob":{"date":"1982-03-11T22:22:42.968Z","age":42},"registered":{"date":"2021-06-15T16:38:43.142Z","age":2},"phone":"0386-1112879","cell":"0175-3033728","id":{"name":"SVNR","value":"39 110382 J 790"},"picture":{"large":"https://randomuser.me/api/portraits/women/41.jpg","medium":"https://randomuser.me/api/portraits/med/women/41.jpg","thumbnail":"https://randomuser.me/api/portraits/thumb/women/41.jpg"},"nat":"DE"}],"info":{"seed":"9a0be807370329e2","results":1,"page":1,"version":"1.4"}} 
 </msg>
<msg time="2024-04-02T02:23:22.943224" level="INFO">/opt/hostedtoolcache/Python/3.12.2/x64/lib/python3.12/site-packages/urllib3/connectionpool.py:1103: InsecureRequestWarning: Unverified HTTPS request is being made to host 'randomuser.me'. Adding certificate verification is strongly advised. See: https://urllib3.readthedocs.io/en/latest/advanced-usage.html#tls-warnings
  warnings.warn(</msg>
<msg time="2024-04-02T02:23:22.943324" level="INFO">${response} = &lt;Response [200]&gt;</msg>
<var>${response}</var>
<arg>consultarAPI</arg>
<arg>/api</arg>
<doc>Sends a GET request on a previously created HTTP Session.</doc>
<status status="PASS" start="2024-04-02T02:23:22.853886" elapsed="0.089479"/>
</kw>
<kw name="Set Variable" owner="BuiltIn">
<msg time="2024-04-02T02:23:22.944245" level="INFO">${json_data} = {'results': [{'gender': 'female', 'name': {'title': 'Ms', 'first': 'Franca', 'last': 'Jahnke'}, 'location': {'street': {'number': 6676, 'name': 'Im Winkel'}, 'city': 'Steinbach-Hallenberg', 'state': '...</msg>
<var>${json_data}</var>
<arg>${response.json()}</arg>
<doc>Returns the given values which can then be assigned to a variables.</doc>
<status status="PASS" start="2024-04-02T02:23:22.943798" elapsed="0.000475"/>
</kw>
<kw name="Set Variable" owner="BuiltIn">
<msg time="2024-04-02T02:23:22.944952" level="INFO">${name_title} = Ms</msg>
<var>${name_title}</var>
<arg>${json_data["results"][0]["name"]["title"]}</arg>
<doc>Returns the given values which can then be assigned to a variables.</doc>
<status status="PASS" start="2024-04-02T02:23:22.944571" elapsed="0.000406"/>
</kw>
<kw name="Create List" owner="BuiltIn">
<msg time="2024-04-02T02:23:22.945424" level="INFO">${allowed_titles} = ['Mr', 'Ms', 'Miss', 'Mrs', 'Madame', 'Monsieur']</msg>
<var>${allowed_titles}</var>
<arg>Mr</arg>
<arg>Ms</arg>
<arg>Miss</arg>
<arg>Mrs</arg>
<arg>Madame</arg>
<arg>Monsieur</arg>
<doc>Returns a list containing given items.</doc>
<status status="PASS" start="2024-04-02T02:23:22.945274" elapsed="0.000175"/>
</kw>
<kw name="List Should Contain Value" owner="Collections">
<msg time="2024-04-02T02:23:22.945916" level="INFO">False</msg>
<arg>${allowed_titles}</arg>
<arg>${name_title}</arg>
<doc>Fails if the ``value`` is not found from ``list``.</doc>
<status status="PASS" start="2024-04-02T02:23:22.945745" elapsed="0.000207"/>
</kw>
<kw name="Set Variable" owner="BuiltIn">
<msg time="2024-04-02T02:23:22.946608" level="INFO">${name_country} = DE</msg>
<var>${name_country}</var>
<arg>${json_data["results"][0]["nat"]}</arg>
<doc>Returns the given values which can then be assigned to a variables.</doc>
<status status="PASS" start="2024-04-02T02:23:22.946240" elapsed="0.000394"/>
</kw>
<kw name="Create List" owner="BuiltIn">
<msg time="2024-04-02T02:23:22.947588" level="INFO">${list_country} = ['AD', 'AE', 'AF', 'AG', 'AI', 'AL', 'AM', 'AO', 'AQ', 'AR', 'AS', 'AT', 'AU', 'AW', 'AX', 'AZ', 'BA', 'BB', 'BD', 'BE', 'BF', 'BG', 'BH', 'BI', 'BJ', 'BL', 'BM', 'BN', 'BO', 'BQ', 'BR', 'BS', 'BT', '...</msg>
<var>${list_country}</var>
<arg>AD</arg>
<arg>AE</arg>
<arg>AF</arg>
<arg>AG</arg>
<arg>AI</arg>
<arg>AL</arg>
<arg>AM</arg>
<arg>AO</arg>
<arg>AQ</arg>
<arg>AR</arg>
<arg>AS</arg>
<arg>AT</arg>
<arg>AU</arg>
<arg>AW</arg>
<arg>AX</arg>
<arg>AZ</arg>
<arg>BA</arg>
<arg>BB</arg>
<arg>BD</arg>
<arg>BE</arg>
<arg>BF</arg>
<arg>BG</arg>
<arg>BH</arg>
<arg>BI</arg>
<arg>BJ</arg>
<arg>BL</arg>
<arg>BM</arg>
<arg>BN</arg>
<arg>BO</arg>
<arg>BQ</arg>
<arg>BR</arg>
<arg>BS</arg>
<arg>BT</arg>
<arg>BV</arg>
<arg>BW</arg>
<arg>BY</arg>
<arg>BZ</arg>
<arg>CA</arg>
<arg>CC</arg>
<arg>CD</arg>
<arg>CF</arg>
<arg>CG</arg>
<arg>CH</arg>
<arg>CI</arg>
<arg>CK</arg>
<arg>CL</arg>
<arg>CM</arg>
<arg>CN</arg>
<arg>CO</arg>
<arg>CR</arg>
<arg>CU</arg>
<arg>CV</arg>
<arg>CW</arg>
<arg>CX</arg>
<arg>CY</arg>
<arg>CZ</arg>
<arg>DE</arg>
<arg>DJ</arg>
<arg>DK</arg>
<arg>DM</arg>
<arg>DO</arg>
<arg>DZ</arg>
<arg>EC</arg>
<arg>EE</arg>
<arg>EG</arg>
<arg>EH</arg>
<arg>ER</arg>
<arg>ES</arg>
<arg>ET</arg>
<arg>FI</arg>
<arg>FJ</arg>
<arg>FK</arg>
<arg>FM</arg>
<arg>FO</arg>
<arg>FR</arg>
<arg>GA</arg>
<arg>GB</arg>
<arg>GD</arg>
<arg>GE</arg>
<arg>GF</arg>
<arg>GG</arg>
<arg>GH</arg>
<arg>GI</arg>
<arg>GL</arg>
<arg>GM</arg>
<arg>GN</arg>
<arg>GP</arg>
<arg>GQ</arg>
<arg>GR</arg>
<arg>GS</arg>
<arg>GT</arg>
<arg>GU</arg>
<arg>GW</arg>
<arg>GY</arg>
<arg>HK</arg>
<arg>HM</arg>
<arg>HN</arg>
<arg>HR</arg>
<arg>HT</arg>
<arg>HU</arg>
<arg>ID</arg>
<arg>IE</arg>
<arg>IL</arg>
<arg>IM</arg>
<arg>IN</arg>
<arg>IO</arg>
<arg>IQ</arg>
<arg>IR</arg>
<arg>IS</arg>
<arg>IT</arg>
<arg>JE</arg>
<arg>JM</arg>
<arg>JO</arg>
<arg>JP</arg>
<arg>KE</arg>
<arg>KG</arg>
<arg>KH</arg>
<arg>KI</arg>
<arg>KM</arg>
<arg>KN</arg>
<arg>KP</arg>
<arg>KR</arg>
<arg>KW</arg>
<arg>KY</arg>
<arg>KZ</arg>
<arg>LA</arg>
<arg>LB</arg>
<arg>LC</arg>
<arg>LI</arg>
<arg>LK</arg>
<arg>LR</arg>
<arg>LS</arg>
<arg>LT</arg>
<arg>LU</arg>
<arg>LV</arg>
<arg>LY</arg>
<arg>MA</arg>
<arg>MC</arg>
<arg>MD</arg>
<arg>ME</arg>
<arg>MF</arg>
<arg>MG</arg>
<arg>MH</arg>
<arg>MK</arg>
<arg>ML</arg>
<arg>MM</arg>
<arg>MN</arg>
<arg>MO</arg>
<arg>MP</arg>
<arg>MQ</arg>
<arg>MR</arg>
<arg>MS</arg>
<arg>MT</arg>
<arg>MU</arg>
<arg>MV</arg>
<arg>MW</arg>
<arg>MX</arg>
<arg>MY</arg>
<arg>MZ</arg>
<arg>NA</arg>
<arg>NC</arg>
<arg>NE</arg>
<arg>NF</arg>
<arg>NG</arg>
<arg>NI</arg>
<arg>NL</arg>
<arg>NO</arg>
<arg>NP</arg>
<arg>NR</arg>
<arg>NU</arg>
<arg>NZ</arg>
<arg>OM</arg>
<arg>PA</arg>
<arg>PE</arg>
<arg>PF</arg>
<arg>PG</arg>
<arg>PH</arg>
<arg>PK</arg>
<arg>PL</arg>
<arg>PM</arg>
<arg>PN</arg>
<arg>PR</arg>
<arg>PS</arg>
<arg>PT</arg>
<arg>PW</arg>
<arg>PY</arg>
<arg>QA</arg>
<arg>RE</arg>
<arg>RO</arg>
<arg>RS</arg>
<arg>RU</arg>
<arg>RW</arg>
<arg>SA</arg>
<arg>SB</arg>
<arg>SC</arg>
<arg>SD</arg>
<arg>SE</arg>
<arg>SG</arg>
<arg>SH</arg>
<arg>SI</arg>
<arg>SJ</arg>
<arg>SK</arg>
<arg>SL</arg>
<arg>SM</arg>
<arg>SN</arg>
<arg>SO</arg>
<arg>SR</arg>
<arg>SS</arg>
<arg>ST</arg>
<arg>SV</arg>
<arg>SX</arg>
<arg>SY</arg>
<arg>SZ</arg>
<arg>TC</arg>
<arg>TD</arg>
<arg>TF</arg>
<arg>TG</arg>
<arg>TH</arg>
<arg>TJ</arg>
<arg>TK</arg>
<arg>TL</arg>
<arg>TM</arg>
<arg>TN</arg>
<arg>TO</arg>
<arg>TR</arg>
<arg>TT</arg>
<arg>TV</arg>
<arg>TW</arg>
<arg>TZ</arg>
<arg>UA</arg>
<arg>UG</arg>
<arg>UM</arg>
<arg>US</arg>
<arg>UY</arg>
<arg>UZ</arg>
<arg>VA</arg>
<arg>VC</arg>
<arg>VE</arg>
<arg>VG</arg>
<arg>VI</arg>
<arg>VN</arg>
<arg>VU</arg>
<arg>WF</arg>
<arg>WS</arg>
<arg>XK</arg>
<arg>YE</arg>
<arg>YT</arg>
<arg>ZA</arg>
<arg>ZM</arg>
<arg>ZW</arg>
<doc>Returns a list containing given items.</doc>
<status status="PASS" start="2024-04-02T02:23:22.946984" elapsed="0.000629"/>
</kw>
<kw name="List Should Contain Value" owner="Collections">
<msg time="2024-04-02T02:23:22.948712" level="INFO">False</msg>
<arg>${list_country}</arg>
<arg>${name_country}</arg>
<doc>Fails if the ``value`` is not found from ``list``.</doc>
<status status="PASS" start="2024-04-02T02:23:22.948507" elapsed="0.000242"/>
</kw>
<kw name="Run Keyword If" owner="BuiltIn">
<kw name="Should Be True" owner="BuiltIn">
<arg>${True}</arg>
<doc>Fails if the given condition is not true.</doc>
<status status="PASS" start="2024-04-02T02:23:22.949803" elapsed="0.000144"/>
</kw>
<arg>${json_data["results"][0]["location"]["coordinates"]["latitude"]} &gt;= -90 and ${json_data["results"][0]["location"]["coordinates"]["latitude"]} &lt;= 90</arg>
<arg>Should Be True</arg>
<arg>${True}</arg>
<doc>Runs the given keyword with the given arguments, if ``condition`` is true.</doc>
<status status="PASS" start="2024-04-02T02:23:22.949059" elapsed="0.001015"/>
</kw>
<kw name="Run Keyword If" owner="BuiltIn">
<kw name="Should Be True" owner="BuiltIn">
<arg>${True}</arg>
<doc>Fails if the given condition is not true.</doc>
<status status="PASS" start="2024-04-02T02:23:22.950995" elapsed="0.000142"/>
</kw>
<arg>${json_data["results"][0]["location"]["coordinates"]["longitude"]} &gt;= -180 and ${json_data["results"][0]["location"]["coordinates"]["longitude"]} &lt;= 180</arg>
<arg>Should Be True</arg>
<arg>${True}</arg>
<doc>Runs the given keyword with the given arguments, if ``condition`` is true.</doc>
<status status="PASS" start="2024-04-02T02:23:22.950258" elapsed="0.001003"/>
</kw>
<status status="PASS" start="2024-04-02T02:23:22.853658" elapsed="0.097731"/>
</kw>
<doc>Testa o conteúdo específico dos campos retornados pela API.</doc>
<tag>testeConteudo</tag>
<status status="PASS" start="2024-04-02T02:23:22.853187" elapsed="0.098347"/>
</test>
<status status="PASS" start="2024-04-02T02:23:21.762571" elapsed="1.190857"/>
</suite>
<status status="PASS" start="2024-04-02T02:23:21.748899" elapsed="1.209830"/>
</suite>
<statistics>
<total>
<stat pass="5" fail="0" skip="0">All Tests</stat>
</total>
<tag>
<stat pass="1" fail="0" skip="0">testeConteudo</stat>
<stat pass="1" fail="0" skip="0">testeEstruturaResposta</stat>
<stat pass="1" fail="0" skip="0">testeRequisicaoBasica</stat>
<stat pass="1" fail="0" skip="0">testeTiposDados</stat>
</tag>
<suite>
<stat pass="5" fail="0" skip="0" id="s1" name="Tests">Tests</stat>
<stat pass="5" fail="0" skip="0" id="s1-s1" name="Random-User-Test">Tests.Random-User-Test</stat>
</suite>
</statistics>
<errors>
</errors>
</robot>
