<?xml version="1.0" encoding="UTF-8"?>
<robot generator="Robot 7.0.1 (Python 3.12.3 on linux)" generated="2024-06-15T10:16:12.990638" rpa="false" schemaversion="5">
<suite id="s1" name="Tests" source="/home/runner/work/ApiRandomUser/ApiRandomUser/RamdonUser/tests">
<suite id="s1-s1" name="Random-User-Test" source="/home/runner/work/ApiRandomUser/ApiRandomUser/RamdonUser/tests/random-user-test.robot">
<test id="s1-s1-t1" name="Conectar" line="13">
<kw name="Conectar API" owner="random-user-service">
<kw name="Create Session" owner="RequestsLibrary">
<msg time="2024-06-15T10:16:13.376216" level="INFO">Creating Session using : alias=consultarAPI, url=https://randomuser.me/, headers={},                     cookies={}, auth=None, timeout=None, proxies=None, verify=False,                     debug=0 </msg>
<arg>consultarAPI</arg>
<arg>${URL}</arg>
<doc>Create Session: create a HTTP session to a server</doc>
<status status="PASS" start="2024-06-15T10:16:13.375986" elapsed="0.000401"/>
</kw>
<status status="PASS" start="2024-06-15T10:16:13.374961" elapsed="0.001777"/>
</kw>
<status status="PASS" start="2024-06-15T10:16:13.374404" elapsed="0.002526"/>
</test>
<test id="s1-s1-t2" name="Validar retorno 200 e JSON Válido" line="16">
<kw name="Teste de Requisicao Basica" owner="random-user-service">
<kw name="GET On Session" owner="RequestsLibrary">
<msg time="2024-06-15T10:16:13.561502" level="INFO">GET Request : url=https://randomuser.me/api 
 path_url=/api 
 headers={'User-Agent': 'python-requests/2.32.3', 'Accept-Encoding': 'gzip, deflate', 'Accept': '*/*', 'Connection': 'keep-alive'} 
 body=None 
 </msg>
<msg time="2024-06-15T10:16:13.561646" level="INFO">GET Response : url=https://randomuser.me/api 
 status=200, reason=OK 
 headers={'Date': 'Sat, 15 Jun 2024 10:16:13 GMT', 'Content-Type': 'application/json; charset=utf-8', 'Transfer-Encoding': 'chunked', 'Connection': 'keep-alive', 'X-Powered-By': 'Express', 'Access-Control-Allow-Origin': '*', 'Cache-Control': 'no-cache', 'ETag': 'W/"46f-ENcKvZr4RTQsd0w8hzukKSzBQKg"', 'Vary': 'Accept-Encoding', 'Content-Encoding': 'gzip', 'CF-Cache-Status': 'DYNAMIC', 'Report-To': '{"endpoints":[{"url":"https:\\/\\/a.nel.cloudflare.com\\/report\\/v4?s=rz7IDmq0s5DsBXYF3ef%2BPge8LAuWqIszKe8y8PaPBTreMh1VrnXMCqmYUVB9nH3hKsWzuFNoByp0foE6XAaMFT8UHZzbmpSEcLrfiXmO4CoiQ8OQoroaAeEBTlbEPTR4"}],"group":"cf-nel","max_age":604800}', 'NEL': '{"success_fraction":0,"report_to":"cf-nel","max_age":604800}', 'Server': 'cloudflare', 'CF-RAY': '8941cdac888e6208-ORD', 'alt-svc': 'h3=":443"; ma=86400'} 
 body={"results":[{"gender":"female","name":{"title":"Ms","first":"Marit","last":"Seldal"},"location":{"street":{"number":2084,"name":"Keysers gate"},"city":"Åmot","state":"Troms - Romsa","country":"Norway","postcode":"4619","coordinates":{"latitude":"41.5043","longitude":"178.9354"},"timezone":{"offset":"+5:45","description":"Kathmandu"}},"email":"marit.seldal@example.com","login":{"uuid":"abfb36fd-9e80-488e-a859-de373dab40e0","username":"organicswan927","password":"fang","salt":"4HaHG3iH","md5":"052745c5e297211f3181ec40bf72cbef","sha1":"b609d38fc6feb5c852104dd554f71b021e418a14","sha256":"e41d67d0ecef3909ed4ce48da8bce25623226f0ac492bd8c2fc7e66878e9d096"},"dob":{"date":"1957-03-26T14:17:20.072Z","age":67},"registered":{"date":"2012-01-04T07:51:30.456Z","age":12},"phone":"86620802","cell":"49172895","id":{"name":"FN","value":"26035730264"},"picture":{"large":"https://randomuser.me/api/portraits/women/19.jpg","medium":"https://randomuser.me/api/portraits/med/women/19.jpg","thumbnail":"https://randomuser.me/api/portraits/thumb/women/19.jpg"},"nat":"NO"}],"info":{"seed":"36a7068d2f21cf47","results":1,"page":1,"version":"1.4"}} 
 </msg>
<msg time="2024-06-15T10:16:13.561729" level="INFO">/opt/hostedtoolcache/Python/3.12.3/x64/lib/python3.12/site-packages/urllib3/connectionpool.py:1103: InsecureRequestWarning: Unverified HTTPS request is being made to host 'randomuser.me'. Adding certificate verification is strongly advised. See: https://urllib3.readthedocs.io/en/latest/advanced-usage.html#tls-warnings
  warnings.warn(</msg>
<msg time="2024-06-15T10:16:13.561872" level="INFO">${response} = &lt;Response [200]&gt;</msg>
<var>${response}</var>
<arg>consultarAPI</arg>
<arg>/api</arg>
<doc>Sends a GET request on a previously created HTTP Session.</doc>
<status status="PASS" start="2024-06-15T10:16:13.379557" elapsed="0.182356"/>
</kw>
<kw name="Should Be Equal As Numbers" owner="BuiltIn">
<msg time="2024-06-15T10:16:13.563051" level="INFO">Argument types are:
&lt;class 'int'&gt;
&lt;class 'str'&gt;</msg>
<arg>${response.status_code}</arg>
<arg>200</arg>
<doc>Fails if objects are unequal after converting them to real numbers.</doc>
<status status="PASS" start="2024-06-15T10:16:13.562543" elapsed="0.000576"/>
</kw>
<kw name="Log" owner="BuiltIn">
<msg time="2024-06-15T10:16:13.563773" level="INFO">200</msg>
<arg>${response.status_code}</arg>
<doc>Logs the given message with the given level.</doc>
<status status="PASS" start="2024-06-15T10:16:13.563432" elapsed="0.000388"/>
</kw>
<kw name="Set Variable" owner="BuiltIn">
<msg time="2024-06-15T10:16:13.564595" level="INFO">${json_data} = {'results': [{'gender': 'female', 'name': {'title': 'Ms', 'first': 'Marit', 'last': 'Seldal'}, 'location': {'street': {'number': 2084, 'name': 'Keysers gate'}, 'city': 'Åmot', 'state': 'Troms - Romsa'...</msg>
<var>${json_data}</var>
<arg>${response.json()}</arg>
<doc>Returns the given values which can then be assigned to a variables.</doc>
<status status="PASS" start="2024-06-15T10:16:13.564122" elapsed="0.000502"/>
</kw>
<kw name="Dictionary Should Contain Key" owner="Collections">
<arg>${json_data}</arg>
<arg>results</arg>
<doc>Fails if ``key`` is not found from ``dictionary``.</doc>
<status status="PASS" start="2024-06-15T10:16:13.564922" elapsed="0.000170"/>
</kw>
<status status="PASS" start="2024-06-15T10:16:13.379320" elapsed="0.185919"/>
</kw>
<doc>Testa se a API responde corretamente e retorna um objeto JSON válido.</doc>
<tag>testeRequisicaoBasica</tag>
<status status="PASS" start="2024-06-15T10:16:13.378793" elapsed="0.186623"/>
</test>
<test id="s1-s1-t3" name="Validar estrutura de resposta" line="22">
<kw name="Teste de Estrutura de Resposta" owner="random-user-service">
<kw name="GET On Session" owner="RequestsLibrary">
<msg time="2024-06-15T10:16:13.663649" level="INFO">GET Request : url=https://randomuser.me/api 
 path_url=/api 
 headers={'User-Agent': 'python-requests/2.32.3', 'Accept-Encoding': 'gzip, deflate', 'Accept': '*/*', 'Connection': 'keep-alive'} 
 body=None 
 </msg>
<msg time="2024-06-15T10:16:13.663715" level="INFO">GET Response : url=https://randomuser.me/api 
 status=200, reason=OK 
 headers={'Date': 'Sat, 15 Jun 2024 10:16:13 GMT', 'Content-Type': 'application/json; charset=utf-8', 'Transfer-Encoding': 'chunked', 'Connection': 'keep-alive', 'X-Powered-By': 'Express', 'Access-Control-Allow-Origin': '*', 'Cache-Control': 'no-cache', 'ETag': 'W/"499-gY6jJoZPLzjOQGxlfgJBVjpUF7c"', 'Vary': 'Accept-Encoding', 'Content-Encoding': 'gzip', 'CF-Cache-Status': 'DYNAMIC', 'Report-To': '{"endpoints":[{"url":"https:\\/\\/a.nel.cloudflare.com\\/report\\/v4?s=Z%2BfPw6ns3oQUNs0jeCqBv8E9nRz4JVkYVmqPpyTEAusYUFhgYrem9Pfq3JHES7S6thHEEEvSSZSFGfdg5Frgl8TVVZ2CVZFBLodq9RJs2tD8yMOmlFtQuJ6KMpH9lqsh"}],"group":"cf-nel","max_age":604800}', 'NEL': '{"success_fraction":0,"report_to":"cf-nel","max_age":604800}', 'Server': 'cloudflare', 'CF-RAY': '8941cdacd8d66208-ORD', 'alt-svc': 'h3=":443"; ma=86400'} 
 body={"results":[{"gender":"male","name":{"title":"Mr","first":"Ronnie","last":"Lynch"},"location":{"street":{"number":7688,"name":"Cackson St"},"city":"Red Oak","state":"Kansas","country":"United States","postcode":91062,"coordinates":{"latitude":"86.0998","longitude":"-126.1334"},"timezone":{"offset":"0:00","description":"Western Europe Time, London, Lisbon, Casablanca"}},"email":"ronnie.lynch@example.com","login":{"uuid":"d87c1b4e-3c68-4875-8981-10a9c49f8bdd","username":"lazybird187","password":"mississi","salt":"mXAHHBws","md5":"c218534b84f8704be79ed698bef7ca48","sha1":"e3214045e76071725f2c3cd41035517b3c927870","sha256":"86c83e8e2b416a615ef38ac9842010f20d0df8f62677d480345f33aeebc5ffae"},"dob":{"date":"1945-06-19T23:15:56.860Z","age":78},"registered":{"date":"2016-01-12T15:14:39.428Z","age":8},"phone":"(825) 957-8844","cell":"(519) 781-8733","id":{"name":"SSN","value":"429-91-8538"},"picture":{"large":"https://randomuser.me/api/portraits/men/61.jpg","medium":"https://randomuser.me/api/portraits/med/men/61.jpg","thumbnail":"https://randomuser.me/api/portraits/thumb/men/61.jpg"},"nat":"US"}],"info":{"seed":"d764905d5fc6f0c5","results":1,"page":1,"version":"1.4"}} 
 </msg>
<msg time="2024-06-15T10:16:13.663823" level="INFO">/opt/hostedtoolcache/Python/3.12.3/x64/lib/python3.12/site-packages/urllib3/connectionpool.py:1103: InsecureRequestWarning: Unverified HTTPS request is being made to host 'randomuser.me'. Adding certificate verification is strongly advised. See: https://urllib3.readthedocs.io/en/latest/advanced-usage.html#tls-warnings
  warnings.warn(</msg>
<msg time="2024-06-15T10:16:13.663921" level="INFO">${response} = &lt;Response [200]&gt;</msg>
<var>${response}</var>
<arg>consultarAPI</arg>
<arg>/api</arg>
<doc>Sends a GET request on a previously created HTTP Session.</doc>
<status status="PASS" start="2024-06-15T10:16:13.568249" elapsed="0.095712"/>
</kw>
<kw name="Set Variable" owner="BuiltIn">
<msg time="2024-06-15T10:16:13.664997" level="INFO">${json_data} = {'results': [{'gender': 'male', 'name': {'title': 'Mr', 'first': 'Ronnie', 'last': 'Lynch'}, 'location': {'street': {'number': 7688, 'name': 'Cackson St'}, 'city': 'Red Oak', 'state': 'Kansas', 'count...</msg>
<var>${json_data}</var>
<arg>${response.json()}</arg>
<doc>Returns the given values which can then be assigned to a variables.</doc>
<status status="PASS" start="2024-06-15T10:16:13.664434" elapsed="0.000592"/>
</kw>
<kw name="Log" owner="BuiltIn">
<msg time="2024-06-15T10:16:13.665496" level="INFO">{'results': [{'gender': 'male', 'name': {'title': 'Mr', 'first': 'Ronnie', 'last': 'Lynch'}, 'location': {'street': {'number': 7688, 'name': 'Cackson St'}, 'city': 'Red Oak', 'state': 'Kansas', 'country': 'United States', 'postcode': 91062, 'coordinates': {'latitude': '86.0998', 'longitude': '-126.1334'}, 'timezone': {'offset': '0:00', 'description': 'Western Europe Time, London, Lisbon, Casablanca'}}, 'email': 'ronnie.lynch@example.com', 'login': {'uuid': 'd87c1b4e-3c68-4875-8981-10a9c49f8bdd', 'username': 'lazybird187', 'password': 'mississi', 'salt': 'mXAHHBws', 'md5': 'c218534b84f8704be79ed698bef7ca48', 'sha1': 'e3214045e76071725f2c3cd41035517b3c927870', 'sha256': '86c83e8e2b416a615ef38ac9842010f20d0df8f62677d480345f33aeebc5ffae'}, 'dob': {'date': '1945-06-19T23:15:56.860Z', 'age': 78}, 'registered': {'date': '2016-01-12T15:14:39.428Z', 'age': 8}, 'phone': '(825) 957-8844', 'cell': '(519) 781-8733', 'id': {'name': 'SSN', 'value': '429-91-8538'}, 'picture': {'large': 'https://randomuser.me/api/portraits/men/61.jpg', 'medium': 'https://randomuser.me/api/portraits/med/men/61.jpg', 'thumbnail': 'https://randomuser.me/api/portraits/thumb/men/61.jpg'}, 'nat': 'US'}], 'info': {'seed': 'd764905d5fc6f0c5', 'results': 1, 'page': 1, 'version': '1.4'}}</msg>
<arg>${json_data}</arg>
<doc>Logs the given message with the given level.</doc>
<status status="PASS" start="2024-06-15T10:16:13.665338" elapsed="0.000206"/>
</kw>
<kw name="Dictionary Should Contain Key" owner="Collections">
<arg>${json_data}</arg>
<arg>results</arg>
<doc>Fails if ``key`` is not found from ``dictionary``.</doc>
<status status="PASS" start="2024-06-15T10:16:13.665839" elapsed="0.000157"/>
</kw>
<kw name="Should Not Be Empty" owner="BuiltIn">
<msg time="2024-06-15T10:16:13.666309" level="INFO">Length is 2.</msg>
<arg>${json_data}</arg>
<doc>Verifies that the given item is not empty.</doc>
<status status="PASS" start="2024-06-15T10:16:13.666183" elapsed="0.000165"/>
</kw>
<kw name="Create List" owner="BuiltIn">
<msg time="2024-06-15T10:16:13.666795" level="INFO">${expected_keys} = ['gender', 'name', 'location', 'email', 'login']</msg>
<var>${expected_keys}</var>
<arg>gender</arg>
<arg>name</arg>
<arg>location</arg>
<arg>email</arg>
<arg>login</arg>
<doc>Returns a list containing given items.</doc>
<status status="PASS" start="2024-06-15T10:16:13.666647" elapsed="0.000172"/>
</kw>
<for flavor="IN">
<iter>
<kw name="Dictionary Should Contain Key" owner="Collections">
<arg>${json_data['results'][0]}</arg>
<arg>${key}</arg>
<doc>Fails if ``key`` is not found from ``dictionary``.</doc>
<status status="PASS" start="2024-06-15T10:16:13.667390" elapsed="0.000403"/>
</kw>
<kw name="Log" owner="BuiltIn">
<msg time="2024-06-15T10:16:13.668380" level="INFO">{'gender': 'male', 'name': {'title': 'Mr', 'first': 'Ronnie', 'last': 'Lynch'}, 'location': {'street': {'number': 7688, 'name': 'Cackson St'}, 'city': 'Red Oak', 'state': 'Kansas', 'country': 'United States', 'postcode': 91062, 'coordinates': {'latitude': '86.0998', 'longitude': '-126.1334'}, 'timezone': {'offset': '0:00', 'description': 'Western Europe Time, London, Lisbon, Casablanca'}}, 'email': 'ronnie.lynch@example.com', 'login': {'uuid': 'd87c1b4e-3c68-4875-8981-10a9c49f8bdd', 'username': 'lazybird187', 'password': 'mississi', 'salt': 'mXAHHBws', 'md5': 'c218534b84f8704be79ed698bef7ca48', 'sha1': 'e3214045e76071725f2c3cd41035517b3c927870', 'sha256': '86c83e8e2b416a615ef38ac9842010f20d0df8f62677d480345f33aeebc5ffae'}, 'dob': {'date': '1945-06-19T23:15:56.860Z', 'age': 78}, 'registered': {'date': '2016-01-12T15:14:39.428Z', 'age': 8}, 'phone': '(825) 957-8844', 'cell': '(519) 781-8733', 'id': {'name': 'SSN', 'value': '429-91-8538'}, 'picture': {'large': 'https://randomuser.me/api/portraits/men/61.jpg', 'medium': 'https://randomuser.me/api/portraits/med/men/61.jpg', 'thumbnail': 'https://randomuser.me/api/portraits/thumb/men/61.jpg'}, 'nat': 'US'}</msg>
<arg>${json_data['results'][0]}</arg>
<doc>Logs the given message with the given level.</doc>
<status status="PASS" start="2024-06-15T10:16:13.667986" elapsed="0.000452"/>
</kw>
<kw name="Log" owner="BuiltIn">
<msg time="2024-06-15T10:16:13.668864" level="INFO">gender</msg>
<arg>${key}</arg>
<doc>Logs the given message with the given level.</doc>
<status status="PASS" start="2024-06-15T10:16:13.668736" elapsed="0.000166"/>
</kw>
<var name="${key}">gender</var>
<status status="PASS" start="2024-06-15T10:16:13.667260" elapsed="0.001865"/>
</iter>
<iter>
<kw name="Dictionary Should Contain Key" owner="Collections">
<arg>${json_data['results'][0]}</arg>
<arg>${key}</arg>
<doc>Fails if ``key`` is not found from ``dictionary``.</doc>
<status status="PASS" start="2024-06-15T10:16:13.669423" elapsed="0.000384"/>
</kw>
<kw name="Log" owner="BuiltIn">
<msg time="2024-06-15T10:16:13.670341" level="INFO">{'gender': 'male', 'name': {'title': 'Mr', 'first': 'Ronnie', 'last': 'Lynch'}, 'location': {'street': {'number': 7688, 'name': 'Cackson St'}, 'city': 'Red Oak', 'state': 'Kansas', 'country': 'United States', 'postcode': 91062, 'coordinates': {'latitude': '86.0998', 'longitude': '-126.1334'}, 'timezone': {'offset': '0:00', 'description': 'Western Europe Time, London, Lisbon, Casablanca'}}, 'email': 'ronnie.lynch@example.com', 'login': {'uuid': 'd87c1b4e-3c68-4875-8981-10a9c49f8bdd', 'username': 'lazybird187', 'password': 'mississi', 'salt': 'mXAHHBws', 'md5': 'c218534b84f8704be79ed698bef7ca48', 'sha1': 'e3214045e76071725f2c3cd41035517b3c927870', 'sha256': '86c83e8e2b416a615ef38ac9842010f20d0df8f62677d480345f33aeebc5ffae'}, 'dob': {'date': '1945-06-19T23:15:56.860Z', 'age': 78}, 'registered': {'date': '2016-01-12T15:14:39.428Z', 'age': 8}, 'phone': '(825) 957-8844', 'cell': '(519) 781-8733', 'id': {'name': 'SSN', 'value': '429-91-8538'}, 'picture': {'large': 'https://randomuser.me/api/portraits/men/61.jpg', 'medium': 'https://randomuser.me/api/portraits/med/men/61.jpg', 'thumbnail': 'https://randomuser.me/api/portraits/thumb/men/61.jpg'}, 'nat': 'US'}</msg>
<arg>${json_data['results'][0]}</arg>
<doc>Logs the given message with the given level.</doc>
<status status="PASS" start="2024-06-15T10:16:13.669990" elapsed="0.000442"/>
</kw>
<kw name="Log" owner="BuiltIn">
<msg time="2024-06-15T10:16:13.670865" level="INFO">name</msg>
<arg>${key}</arg>
<doc>Logs the given message with the given level.</doc>
<status status="PASS" start="2024-06-15T10:16:13.670732" elapsed="0.000171"/>
</kw>
<var name="${key}">name</var>
<status status="PASS" start="2024-06-15T10:16:13.669311" elapsed="0.001811"/>
</iter>
<iter>
<kw name="Dictionary Should Contain Key" owner="Collections">
<arg>${json_data['results'][0]}</arg>
<arg>${key}</arg>
<doc>Fails if ``key`` is not found from ``dictionary``.</doc>
<status status="PASS" start="2024-06-15T10:16:13.671412" elapsed="0.000378"/>
</kw>
<kw name="Log" owner="BuiltIn">
<msg time="2024-06-15T10:16:13.672362" level="INFO">{'gender': 'male', 'name': {'title': 'Mr', 'first': 'Ronnie', 'last': 'Lynch'}, 'location': {'street': {'number': 7688, 'name': 'Cackson St'}, 'city': 'Red Oak', 'state': 'Kansas', 'country': 'United States', 'postcode': 91062, 'coordinates': {'latitude': '86.0998', 'longitude': '-126.1334'}, 'timezone': {'offset': '0:00', 'description': 'Western Europe Time, London, Lisbon, Casablanca'}}, 'email': 'ronnie.lynch@example.com', 'login': {'uuid': 'd87c1b4e-3c68-4875-8981-10a9c49f8bdd', 'username': 'lazybird187', 'password': 'mississi', 'salt': 'mXAHHBws', 'md5': 'c218534b84f8704be79ed698bef7ca48', 'sha1': 'e3214045e76071725f2c3cd41035517b3c927870', 'sha256': '86c83e8e2b416a615ef38ac9842010f20d0df8f62677d480345f33aeebc5ffae'}, 'dob': {'date': '1945-06-19T23:15:56.860Z', 'age': 78}, 'registered': {'date': '2016-01-12T15:14:39.428Z', 'age': 8}, 'phone': '(825) 957-8844', 'cell': '(519) 781-8733', 'id': {'name': 'SSN', 'value': '429-91-8538'}, 'picture': {'large': 'https://randomuser.me/api/portraits/men/61.jpg', 'medium': 'https://randomuser.me/api/portraits/med/men/61.jpg', 'thumbnail': 'https://randomuser.me/api/portraits/thumb/men/61.jpg'}, 'nat': 'US'}</msg>
<arg>${json_data['results'][0]}</arg>
<doc>Logs the given message with the given level.</doc>
<status status="PASS" start="2024-06-15T10:16:13.671978" elapsed="0.000432"/>
</kw>
<kw name="Log" owner="BuiltIn">
<msg time="2024-06-15T10:16:13.672832" level="INFO">location</msg>
<arg>${key}</arg>
<doc>Logs the given message with the given level.</doc>
<status status="PASS" start="2024-06-15T10:16:13.672706" elapsed="0.000163"/>
</kw>
<var name="${key}">location</var>
<status status="PASS" start="2024-06-15T10:16:13.671303" elapsed="0.001785"/>
</iter>
<iter>
<kw name="Dictionary Should Contain Key" owner="Collections">
<arg>${json_data['results'][0]}</arg>
<arg>${key}</arg>
<doc>Fails if ``key`` is not found from ``dictionary``.</doc>
<status status="PASS" start="2024-06-15T10:16:13.673369" elapsed="0.000372"/>
</kw>
<kw name="Log" owner="BuiltIn">
<msg time="2024-06-15T10:16:13.674281" level="INFO">{'gender': 'male', 'name': {'title': 'Mr', 'first': 'Ronnie', 'last': 'Lynch'}, 'location': {'street': {'number': 7688, 'name': 'Cackson St'}, 'city': 'Red Oak', 'state': 'Kansas', 'country': 'United States', 'postcode': 91062, 'coordinates': {'latitude': '86.0998', 'longitude': '-126.1334'}, 'timezone': {'offset': '0:00', 'description': 'Western Europe Time, London, Lisbon, Casablanca'}}, 'email': 'ronnie.lynch@example.com', 'login': {'uuid': 'd87c1b4e-3c68-4875-8981-10a9c49f8bdd', 'username': 'lazybird187', 'password': 'mississi', 'salt': 'mXAHHBws', 'md5': 'c218534b84f8704be79ed698bef7ca48', 'sha1': 'e3214045e76071725f2c3cd41035517b3c927870', 'sha256': '86c83e8e2b416a615ef38ac9842010f20d0df8f62677d480345f33aeebc5ffae'}, 'dob': {'date': '1945-06-19T23:15:56.860Z', 'age': 78}, 'registered': {'date': '2016-01-12T15:14:39.428Z', 'age': 8}, 'phone': '(825) 957-8844', 'cell': '(519) 781-8733', 'id': {'name': 'SSN', 'value': '429-91-8538'}, 'picture': {'large': 'https://randomuser.me/api/portraits/men/61.jpg', 'medium': 'https://randomuser.me/api/portraits/med/men/61.jpg', 'thumbnail': 'https://randomuser.me/api/portraits/thumb/men/61.jpg'}, 'nat': 'US'}</msg>
<arg>${json_data['results'][0]}</arg>
<doc>Logs the given message with the given level.</doc>
<status status="PASS" start="2024-06-15T10:16:13.673921" elapsed="0.000408"/>
</kw>
<kw name="Log" owner="BuiltIn">
<msg time="2024-06-15T10:16:13.674751" level="INFO">email</msg>
<arg>${key}</arg>
<doc>Logs the given message with the given level.</doc>
<status status="PASS" start="2024-06-15T10:16:13.674623" elapsed="0.000165"/>
</kw>
<var name="${key}">email</var>
<status status="PASS" start="2024-06-15T10:16:13.673262" elapsed="0.001740"/>
</iter>
<iter>
<kw name="Dictionary Should Contain Key" owner="Collections">
<arg>${json_data['results'][0]}</arg>
<arg>${key}</arg>
<doc>Fails if ``key`` is not found from ``dictionary``.</doc>
<status status="PASS" start="2024-06-15T10:16:13.675285" elapsed="0.000391"/>
</kw>
<kw name="Log" owner="BuiltIn">
<msg time="2024-06-15T10:16:13.676226" level="INFO">{'gender': 'male', 'name': {'title': 'Mr', 'first': 'Ronnie', 'last': 'Lynch'}, 'location': {'street': {'number': 7688, 'name': 'Cackson St'}, 'city': 'Red Oak', 'state': 'Kansas', 'country': 'United States', 'postcode': 91062, 'coordinates': {'latitude': '86.0998', 'longitude': '-126.1334'}, 'timezone': {'offset': '0:00', 'description': 'Western Europe Time, London, Lisbon, Casablanca'}}, 'email': 'ronnie.lynch@example.com', 'login': {'uuid': 'd87c1b4e-3c68-4875-8981-10a9c49f8bdd', 'username': 'lazybird187', 'password': 'mississi', 'salt': 'mXAHHBws', 'md5': 'c218534b84f8704be79ed698bef7ca48', 'sha1': 'e3214045e76071725f2c3cd41035517b3c927870', 'sha256': '86c83e8e2b416a615ef38ac9842010f20d0df8f62677d480345f33aeebc5ffae'}, 'dob': {'date': '1945-06-19T23:15:56.860Z', 'age': 78}, 'registered': {'date': '2016-01-12T15:14:39.428Z', 'age': 8}, 'phone': '(825) 957-8844', 'cell': '(519) 781-8733', 'id': {'name': 'SSN', 'value': '429-91-8538'}, 'picture': {'large': 'https://randomuser.me/api/portraits/men/61.jpg', 'medium': 'https://randomuser.me/api/portraits/med/men/61.jpg', 'thumbnail': 'https://randomuser.me/api/portraits/thumb/men/61.jpg'}, 'nat': 'US'}</msg>
<arg>${json_data['results'][0]}</arg>
<doc>Logs the given message with the given level.</doc>
<status status="PASS" start="2024-06-15T10:16:13.675859" elapsed="0.000421"/>
</kw>
<kw name="Log" owner="BuiltIn">
<msg time="2024-06-15T10:16:13.676816" level="INFO">login</msg>
<arg>${key}</arg>
<doc>Logs the given message with the given level.</doc>
<status status="PASS" start="2024-06-15T10:16:13.676573" elapsed="0.000284"/>
</kw>
<var name="${key}">login</var>
<status status="PASS" start="2024-06-15T10:16:13.675175" elapsed="0.001903"/>
</iter>
<var>${key}</var>
<value>@{expected_keys}</value>
<status status="PASS" start="2024-06-15T10:16:13.667073" elapsed="0.010144"/>
</for>
<kw name="Create List" owner="BuiltIn">
<msg time="2024-06-15T10:16:13.677598" level="INFO">${expected_keysTwo} = ['username', 'password']</msg>
<var>${expected_keysTwo}</var>
<arg>username</arg>
<arg>password</arg>
<doc>Returns a list containing given items.</doc>
<status status="PASS" start="2024-06-15T10:16:13.677408" elapsed="0.000214"/>
</kw>
<for flavor="IN">
<iter>
<kw name="Dictionary Should Contain Key" owner="Collections">
<arg>${json_data['results'][0]['login']}</arg>
<arg>${keyTwo}</arg>
<doc>Fails if ``key`` is not found from ``dictionary``.</doc>
<status status="PASS" start="2024-06-15T10:16:13.678121" elapsed="0.000383"/>
</kw>
<kw name="Dictionary Should Contain Key" owner="Collections">
<arg>${json_data['results'][0]['login']}</arg>
<arg>${keyTwo}</arg>
<doc>Fails if ``key`` is not found from ``dictionary``.</doc>
<status status="PASS" start="2024-06-15T10:16:13.678685" elapsed="0.000368"/>
</kw>
<kw name="Log" owner="BuiltIn">
<msg time="2024-06-15T10:16:13.679349" level="INFO">username</msg>
<arg>${keyTwo}</arg>
<doc>Logs the given message with the given level.</doc>
<status status="PASS" start="2024-06-15T10:16:13.679228" elapsed="0.000158"/>
</kw>
<var name="${keyTwo}">username</var>
<status status="PASS" start="2024-06-15T10:16:13.678015" elapsed="0.001590"/>
</iter>
<iter>
<kw name="Dictionary Should Contain Key" owner="Collections">
<arg>${json_data['results'][0]['login']}</arg>
<arg>${keyTwo}</arg>
<doc>Fails if ``key`` is not found from ``dictionary``.</doc>
<status status="PASS" start="2024-06-15T10:16:13.679889" elapsed="0.000411"/>
</kw>
<kw name="Dictionary Should Contain Key" owner="Collections">
<arg>${json_data['results'][0]['login']}</arg>
<arg>${keyTwo}</arg>
<doc>Fails if ``key`` is not found from ``dictionary``.</doc>
<status status="PASS" start="2024-06-15T10:16:13.680481" elapsed="0.000366"/>
</kw>
<kw name="Log" owner="BuiltIn">
<msg time="2024-06-15T10:16:13.681145" level="INFO">password</msg>
<arg>${keyTwo}</arg>
<doc>Logs the given message with the given level.</doc>
<status status="PASS" start="2024-06-15T10:16:13.681026" elapsed="0.000155"/>
</kw>
<var name="${keyTwo}">password</var>
<status status="PASS" start="2024-06-15T10:16:13.679783" elapsed="0.001618"/>
</iter>
<var>${keyTwo}</var>
<value>@{expected_keysTwo}</value>
<status status="PASS" start="2024-06-15T10:16:13.677864" elapsed="0.003658"/>
</for>
<status status="PASS" start="2024-06-15T10:16:13.567991" elapsed="0.113672"/>
</kw>
<doc>Testa a estrutura da resposta da API.</doc>
<tag>testeEstruturaResposta</tag>
<status status="PASS" start="2024-06-15T10:16:13.567232" elapsed="0.114598"/>
</test>
<test id="s1-s1-t4" name="Validar tipos de dados" line="28">
<kw name="Teste de Tipos de Dados" owner="random-user-service">
<kw name="GET On Session" owner="RequestsLibrary">
<msg time="2024-06-15T10:16:13.758462" level="INFO">GET Request : url=https://randomuser.me/api 
 path_url=/api 
 headers={'User-Agent': 'python-requests/2.32.3', 'Accept-Encoding': 'gzip, deflate', 'Accept': '*/*', 'Connection': 'keep-alive'} 
 body=None 
 </msg>
<msg time="2024-06-15T10:16:13.758542" level="INFO">GET Response : url=https://randomuser.me/api 
 status=200, reason=OK 
 headers={'Date': 'Sat, 15 Jun 2024 10:16:13 GMT', 'Content-Type': 'application/json; charset=utf-8', 'Transfer-Encoding': 'chunked', 'Connection': 'keep-alive', 'X-Powered-By': 'Express', 'Access-Control-Allow-Origin': '*', 'Cache-Control': 'no-cache', 'ETag': 'W/"49d-1gf6ofjA109uhx69foYCszlPWj0"', 'Vary': 'Accept-Encoding', 'Content-Encoding': 'gzip', 'CF-Cache-Status': 'DYNAMIC', 'Report-To': '{"endpoints":[{"url":"https:\\/\\/a.nel.cloudflare.com\\/report\\/v4?s=TghtJ0f%2FbpC%2Bbnj%2BFqXdXwhwy7wXLC1bO7yU79htcXI0M%2FYAL29%2FCK8iDRmKO%2BJWX1UAeE1xTuNnCO5%2B3OSiiFoIoMqsDl2anzJLxRJgUq%2BysyRBvvDUv8BuuoauIJOj"}],"group":"cf-nel","max_age":604800}', 'NEL': '{"success_fraction":0,"report_to":"cf-nel","max_age":604800}', 'Server': 'cloudflare', 'CF-RAY': '8941cdad89606208-ORD', 'alt-svc': 'h3=":443"; ma=86400'} 
 body={"results":[{"gender":"male","name":{"title":"Mr","first":"Lukas","last":"Lucas"},"location":{"street":{"number":46,"name":"Route de Genas"},"city":"Dunkerque","state":"Gers","country":"France","postcode":17115,"coordinates":{"latitude":"-14.3975","longitude":"-114.9073"},"timezone":{"offset":"0:00","description":"Western Europe Time, London, Lisbon, Casablanca"}},"email":"lukas.lucas@example.com","login":{"uuid":"89705551-0503-4bba-ab6b-b3215ada3df7","username":"happypeacock759","password":"redhot","salt":"dwdnRSN3","md5":"f107741d1f43e9f048af6d5e6f22fc38","sha1":"fb7a63ed811170ffd8a865a90e54e469ac872529","sha256":"e66936989cfa0c30bfb779434826cddd0afceab8aa7725b9dabcc55c71d7d722"},"dob":{"date":"1958-06-17T00:24:42.801Z","age":65},"registered":{"date":"2005-09-09T17:08:25.205Z","age":18},"phone":"02-68-61-89-45","cell":"06-09-19-03-88","id":{"name":"INSEE","value":"1580584487294 95"},"picture":{"large":"https://randomuser.me/api/portraits/men/11.jpg","medium":"https://randomuser.me/api/portraits/med/men/11.jpg","thumbnail":"https://randomuser.me/api/portraits/thumb/men/11.jpg"},"nat":"FR"}],"info":{"seed":"867826e0836a2e5d","results":1,"page":1,"version":"1.4"}} 
 </msg>
<msg time="2024-06-15T10:16:13.758614" level="INFO">/opt/hostedtoolcache/Python/3.12.3/x64/lib/python3.12/site-packages/urllib3/connectionpool.py:1103: InsecureRequestWarning: Unverified HTTPS request is being made to host 'randomuser.me'. Adding certificate verification is strongly advised. See: https://urllib3.readthedocs.io/en/latest/advanced-usage.html#tls-warnings
  warnings.warn(</msg>
<msg time="2024-06-15T10:16:13.758726" level="INFO">${response} = &lt;Response [200]&gt;</msg>
<var>${response}</var>
<arg>consultarAPI</arg>
<arg>/api</arg>
<doc>Sends a GET request on a previously created HTTP Session.</doc>
<status status="PASS" start="2024-06-15T10:16:13.684679" elapsed="0.074102"/>
</kw>
<kw name="Set Variable" owner="BuiltIn">
<msg time="2024-06-15T10:16:13.759818" level="INFO">${json_data} = {'results': [{'gender': 'male', 'name': {'title': 'Mr', 'first': 'Lukas', 'last': 'Lucas'}, 'location': {'street': {'number': 46, 'name': 'Route de Genas'}, 'city': 'Dunkerque', 'state': 'Gers', 'coun...</msg>
<var>${json_data}</var>
<arg>${response.json()}</arg>
<doc>Returns the given values which can then be assigned to a variables.</doc>
<status status="PASS" start="2024-06-15T10:16:13.759237" elapsed="0.000609"/>
</kw>
<kw name="Log" owner="BuiltIn">
<msg time="2024-06-15T10:16:13.760340" level="INFO">{'results': [{'gender': 'male', 'name': {'title': 'Mr', 'first': 'Lukas', 'last': 'Lucas'}, 'location': {'street': {'number': 46, 'name': 'Route de Genas'}, 'city': 'Dunkerque', 'state': 'Gers', 'country': 'France', 'postcode': 17115, 'coordinates': {'latitude': '-14.3975', 'longitude': '-114.9073'}, 'timezone': {'offset': '0:00', 'description': 'Western Europe Time, London, Lisbon, Casablanca'}}, 'email': 'lukas.lucas@example.com', 'login': {'uuid': '89705551-0503-4bba-ab6b-b3215ada3df7', 'username': 'happypeacock759', 'password': 'redhot', 'salt': 'dwdnRSN3', 'md5': 'f107741d1f43e9f048af6d5e6f22fc38', 'sha1': 'fb7a63ed811170ffd8a865a90e54e469ac872529', 'sha256': 'e66936989cfa0c30bfb779434826cddd0afceab8aa7725b9dabcc55c71d7d722'}, 'dob': {'date': '1958-06-17T00:24:42.801Z', 'age': 65}, 'registered': {'date': '2005-09-09T17:08:25.205Z', 'age': 18}, 'phone': '02-68-61-89-45', 'cell': '06-09-19-03-88', 'id': {'name': 'INSEE', 'value': '1580584487294 95'}, 'picture': {'large': 'https://randomuser.me/api/portraits/men/11.jpg', 'medium': 'https://randomuser.me/api/portraits/med/men/11.jpg', 'thumbnail': 'https://randomuser.me/api/portraits/thumb/men/11.jpg'}, 'nat': 'FR'}], 'info': {'seed': '867826e0836a2e5d', 'results': 1, 'page': 1, 'version': '1.4'}}</msg>
<arg>${json_data}</arg>
<doc>Logs the given message with the given level.</doc>
<status status="PASS" start="2024-06-15T10:16:13.760178" elapsed="0.000208"/>
</kw>
<kw name="Should Be String" owner="String">
<arg>${json_data['results'][0]['gender']}</arg>
<doc>Fails if the given ``item`` is not a string.</doc>
<status status="PASS" start="2024-06-15T10:16:13.760671" elapsed="0.000356"/>
</kw>
<kw name="Should Match Regexp" owner="BuiltIn">
<arg>${json_data['results'][0]['email']}</arg>
<arg>^[a-zA-Z0-9._%+-]+@[a-zA-Z0-9.-]+\.[a-zA-Z]{2,}$</arg>
<doc>Fails if ``string`` does not match ``pattern`` as a regular expression.</doc>
<status status="PASS" start="2024-06-15T10:16:13.761214" elapsed="0.000550"/>
</kw>
<kw name="Should Match Regexp" owner="BuiltIn">
<arg>${json_data['results'][0]['dob']['date']}</arg>
<arg>\\d{4}-\\d{2}-\\d{2}T\\d{2}:\\d{2}:\\d{2}\\.\\d{3}Z</arg>
<doc>Fails if ``string`` does not match ``pattern`` as a regular expression.</doc>
<status status="PASS" start="2024-06-15T10:16:13.761960" elapsed="0.000484"/>
</kw>
<kw name="Should Match Regexp" owner="BuiltIn">
<arg>${json_data['results'][0]['registered']['date']}</arg>
<arg>\\d{4}-\\d{2}-\\d{2}T\\d{2}:\\d{2}:\\d{2}\\.\\d{3}Z</arg>
<doc>Fails if ``string`` does not match ``pattern`` as a regular expression.</doc>
<status status="PASS" start="2024-06-15T10:16:13.762634" elapsed="0.000357"/>
</kw>
<kw name="Should Match Regexp" owner="BuiltIn">
<arg>${json_data['results'][0]['picture']['large']}</arg>
<arg>^https?://.*\.(?:png|jpe?g|gif|bmp)$</arg>
<doc>Fails if ``string`` does not match ``pattern`` as a regular expression.</doc>
<status status="PASS" start="2024-06-15T10:16:13.763172" elapsed="0.000449"/>
</kw>
<kw name="Should Match Regexp" owner="BuiltIn">
<arg>${json_data['results'][0]['picture']['medium']}</arg>
<arg>^https?://.*\.(?:png|jpe?g|gif|bmp)$</arg>
<doc>Fails if ``string`` does not match ``pattern`` as a regular expression.</doc>
<status status="PASS" start="2024-06-15T10:16:13.763808" elapsed="0.000382"/>
</kw>
<kw name="Should Match Regexp" owner="BuiltIn">
<arg>${json_data['results'][0]['picture']['thumbnail']}</arg>
<arg>^https?://.*\.(?:png|jpe?g|gif|bmp)$</arg>
<doc>Fails if ``string`` does not match ``pattern`` as a regular expression.</doc>
<status status="PASS" start="2024-06-15T10:16:13.764384" elapsed="0.000348"/>
</kw>
<kw name="Log" owner="BuiltIn">
<msg time="2024-06-15T10:16:13.765237" level="INFO">{'large': 'https://randomuser.me/api/portraits/men/11.jpg', 'medium': 'https://randomuser.me/api/portraits/med/men/11.jpg', 'thumbnail': 'https://randomuser.me/api/portraits/thumb/men/11.jpg'}</msg>
<arg>${json_data['results'][0]['picture']}</arg>
<doc>Logs the given message with the given level.</doc>
<status status="PASS" start="2024-06-15T10:16:13.764911" elapsed="0.000367"/>
</kw>
<status status="PASS" start="2024-06-15T10:16:13.684452" elapsed="0.081073"/>
</kw>
<kw name="Teste de Tipos de Dados - Postcode" owner="random-user-service">
<kw name="GET On Session" owner="RequestsLibrary">
<msg time="2024-06-15T10:16:13.864899" level="INFO">GET Request : url=https://randomuser.me/api 
 path_url=/api 
 headers={'User-Agent': 'python-requests/2.32.3', 'Accept-Encoding': 'gzip, deflate', 'Accept': '*/*', 'Connection': 'keep-alive'} 
 body=None 
 </msg>
<msg time="2024-06-15T10:16:13.864992" level="INFO">GET Response : url=https://randomuser.me/api 
 status=200, reason=OK 
 headers={'Date': 'Sat, 15 Jun 2024 10:16:13 GMT', 'Content-Type': 'application/json; charset=utf-8', 'Transfer-Encoding': 'chunked', 'Connection': 'keep-alive', 'X-Powered-By': 'Express', 'Access-Control-Allow-Origin': '*', 'Cache-Control': 'no-cache', 'ETag': 'W/"45d-j8ssloVN5Irh/MO0lf07CcBSivo"', 'Vary': 'Accept-Encoding', 'Content-Encoding': 'gzip', 'CF-Cache-Status': 'DYNAMIC', 'Report-To': '{"endpoints":[{"url":"https:\\/\\/a.nel.cloudflare.com\\/report\\/v4?s=yHlc79rRqGvHulRzk0buBHmzsAhpdkVw9564m%2FHXJSiA8ZVuHGhLSl0e8K%2BjLKFHf9F1tGHDik%2FjY4bT%2FgTsbzNz1hL1rWCnVyKp1%2BmahCn%2BojdIAOiPW49gnHyv4TvH"}],"group":"cf-nel","max_age":604800}', 'NEL': '{"success_fraction":0,"report_to":"cf-nel","max_age":604800}', 'Server': 'cloudflare', 'CF-RAY': '8941cdae0a086208-ORD', 'alt-svc': 'h3=":443"; ma=86400'} 
 body={"results":[{"gender":"male","name":{"title":"Mr","first":"سینا","last":"کریمی"},"location":{"street":{"number":4724,"name":"حجاب"},"city":"آمل","state":"بوشهر","country":"Iran","postcode":60701,"coordinates":{"latitude":"14.7540","longitude":"-105.6902"},"timezone":{"offset":"+4:30","description":"Kabul"}},"email":"syn.khrymy@example.com","login":{"uuid":"8da73039-9b0f-4a83-93ea-e706a5e3ac05","username":"tinymouse938","password":"carol","salt":"LSc8NHpZ","md5":"f2390434209c857b469d4f915ca886de","sha1":"4655fddb822716585e4e3455d3d40c6de77a9955","sha256":"a2ad173748e4207d7bfb24cd751ef586fbba830e8d9486a9df36823ca7a2d366"},"dob":{"date":"1971-09-30T18:58:27.878Z","age":52},"registered":{"date":"2002-12-16T00:11:37.042Z","age":21},"phone":"063-92670337","cell":"0946-000-9116","id":{"name":"","value":null},"picture":{"large":"https://randomuser.me/api/portraits/men/41.jpg","medium":"https://randomuser.me/api/portraits/med/men/41.jpg","thumbnail":"https://randomuser.me/api/portraits/thumb/men/41.jpg"},"nat":"IR"}],"info":{"seed":"4b4620c5ce68cc6f","results":1,"page":1,"version":"1.4"}} 
 </msg>
<msg time="2024-06-15T10:16:13.865079" level="INFO">/opt/hostedtoolcache/Python/3.12.3/x64/lib/python3.12/site-packages/urllib3/connectionpool.py:1103: InsecureRequestWarning: Unverified HTTPS request is being made to host 'randomuser.me'. Adding certificate verification is strongly advised. See: https://urllib3.readthedocs.io/en/latest/advanced-usage.html#tls-warnings
  warnings.warn(</msg>
<msg time="2024-06-15T10:16:13.865189" level="INFO">${response} = &lt;Response [200]&gt;</msg>
<var>${response}</var>
<arg>consultarAPI</arg>
<arg>/api</arg>
<doc>Sends a GET request on a previously created HTTP Session.</doc>
<status status="PASS" start="2024-06-15T10:16:13.765959" elapsed="0.099273"/>
</kw>
<kw name="Set Variable" owner="BuiltIn">
<msg time="2024-06-15T10:16:13.866217" level="INFO">${json_data} = {'results': [{'gender': 'male', 'name': {'title': 'Mr', 'first': 'سینا', 'last': 'کریمی'}, 'location': {'street': {'number': 4724, 'name': 'حجاب'}, 'city': 'آمل', 'state': 'بوشهر', 'country': 'Iran', ...</msg>
<var>${json_data}</var>
<arg>${response.json()}</arg>
<doc>Returns the given values which can then be assigned to a variables.</doc>
<status status="PASS" start="2024-06-15T10:16:13.865701" elapsed="0.000550"/>
</kw>
<kw name="Log" owner="BuiltIn">
<msg time="2024-06-15T10:16:13.866746" level="INFO">{'results': [{'gender': 'male', 'name': {'title': 'Mr', 'first': 'سینا', 'last': 'کریمی'}, 'location': {'street': {'number': 4724, 'name': 'حجاب'}, 'city': 'آمل', 'state': 'بوشهر', 'country': 'Iran', 'postcode': 60701, 'coordinates': {'latitude': '14.7540', 'longitude': '-105.6902'}, 'timezone': {'offset': '+4:30', 'description': 'Kabul'}}, 'email': 'syn.khrymy@example.com', 'login': {'uuid': '8da73039-9b0f-4a83-93ea-e706a5e3ac05', 'username': 'tinymouse938', 'password': 'carol', 'salt': 'LSc8NHpZ', 'md5': 'f2390434209c857b469d4f915ca886de', 'sha1': '4655fddb822716585e4e3455d3d40c6de77a9955', 'sha256': 'a2ad173748e4207d7bfb24cd751ef586fbba830e8d9486a9df36823ca7a2d366'}, 'dob': {'date': '1971-09-30T18:58:27.878Z', 'age': 52}, 'registered': {'date': '2002-12-16T00:11:37.042Z', 'age': 21}, 'phone': '063-92670337', 'cell': '0946-000-9116', 'id': {'name': '', 'value': None}, 'picture': {'large': 'https://randomuser.me/api/portraits/men/41.jpg', 'medium': 'https://randomuser.me/api/portraits/med/men/41.jpg', 'thumbnail': 'https://randomuser.me/api/portraits/thumb/men/41.jpg'}, 'nat': 'IR'}], 'info': {'seed': '4b4620c5ce68cc6f', 'results': 1, 'page': 1, 'version': '1.4'}}</msg>
<arg>${json_data}</arg>
<doc>Logs the given message with the given level.</doc>
<status status="PASS" start="2024-06-15T10:16:13.866579" elapsed="0.000220"/>
</kw>
<kw name="Should Be Equal As Numbers" owner="BuiltIn">
<arg>${json_data['results'][0]['location']['postcode']}</arg>
<arg>${json_data['results'][0]['location']['postcode']}</arg>
<doc>Fails if objects are unequal after converting them to real numbers.</doc>
<status status="PASS" start="2024-06-15T10:16:13.867105" elapsed="0.000636"/>
</kw>
<kw name="Log" owner="BuiltIn">
<msg time="2024-06-15T10:16:13.868317" level="INFO">60701</msg>
<arg>${json_data['results'][0]['location']['postcode']}</arg>
<doc>Logs the given message with the given level.</doc>
<status status="PASS" start="2024-06-15T10:16:13.867935" elapsed="0.000423"/>
</kw>
<status status="PASS" start="2024-06-15T10:16:13.765735" elapsed="0.102910"/>
</kw>
<doc>Testa se os tipos de dados na resposta da API estão corretos.</doc>
<tag>testeTiposDados</tag>
<status status="PASS" start="2024-06-15T10:16:13.683914" elapsed="0.184902"/>
</test>
<test id="s1-s1-t5" name="Validar conteudo" line="35">
<kw name="Teste de Tipos de Conteudo" owner="random-user-service">
<kw name="GET On Session" owner="RequestsLibrary">
<msg time="2024-06-15T10:16:13.957798" level="INFO">GET Request : url=https://randomuser.me/api 
 path_url=/api 
 headers={'User-Agent': 'python-requests/2.32.3', 'Accept-Encoding': 'gzip, deflate', 'Accept': '*/*', 'Connection': 'keep-alive'} 
 body=None 
 </msg>
<msg time="2024-06-15T10:16:13.957879" level="INFO">GET Response : url=https://randomuser.me/api 
 status=200, reason=OK 
 headers={'Date': 'Sat, 15 Jun 2024 10:16:13 GMT', 'Content-Type': 'application/json; charset=utf-8', 'Transfer-Encoding': 'chunked', 'Connection': 'keep-alive', 'X-Powered-By': 'Express', 'Access-Control-Allow-Origin': '*', 'Cache-Control': 'no-cache', 'ETag': 'W/"49f-rvSMySFIGFOd6e0K9i9G4nSxTMA"', 'Vary': 'Accept-Encoding', 'Content-Encoding': 'gzip', 'CF-Cache-Status': 'DYNAMIC', 'Report-To': '{"endpoints":[{"url":"https:\\/\\/a.nel.cloudflare.com\\/report\\/v4?s=0YgWc5NIczrtSD%2BzEsbUqj53ID%2B8wGU8aC39WmYCgnVC65zqQfwDT0e37kf7KaDNURS3upqDt0r9czXftXH7PBO9M9mfLVQwWFhkh49adcjNFTsF39XaVdkVhBp2AFAW"}],"group":"cf-nel","max_age":604800}', 'NEL': '{"success_fraction":0,"report_to":"cf-nel","max_age":604800}', 'Server': 'cloudflare', 'CF-RAY': '8941cdaebac26208-ORD', 'alt-svc': 'h3=":443"; ma=86400'} 
 body={"results":[{"gender":"female","name":{"title":"Ms","first":"مریم","last":"قاسمی"},"location":{"street":{"number":8577,"name":"میدان دکتر فاطمی / جهاد"},"city":"گرگان","state":"چهارمحال و بختیاری","country":"Iran","postcode":45717,"coordinates":{"latitude":"18.7148","longitude":"33.3846"},"timezone":{"offset":"+4:30","description":"Kabul"}},"email":"mrym.qsmy@example.com","login":{"uuid":"a8cadbfc-6b56-4f51-8e9b-9f8bb31ab2d3","username":"sadmouse966","password":"morales","salt":"Ruy0ugr4","md5":"b7e1e6543d710c1c2d127172fa04c32f","sha1":"1a4e2073e79b3dc950ca45b3a60c1c61e284c60d","sha256":"547ac63a44eeedb90071fe415f4d618a363d0fe3942d92ec734c2d23af74eced"},"dob":{"date":"1973-04-16T05:55:05.506Z","age":51},"registered":{"date":"2016-09-01T09:13:51.334Z","age":7},"phone":"020-67181623","cell":"0958-117-5477","id":{"name":"","value":null},"picture":{"large":"https://randomuser.me/api/portraits/women/71.jpg","medium":"https://randomuser.me/api/portraits/med/women/71.jpg","thumbnail":"https://randomuser.me/api/portraits/thumb/women/71.jpg"},"nat":"IR"}],"info":{"seed":"4b045880bc274e76","results":1,"page":1,"version":"1.4"}} 
 </msg>
<msg time="2024-06-15T10:16:13.957957" level="INFO">/opt/hostedtoolcache/Python/3.12.3/x64/lib/python3.12/site-packages/urllib3/connectionpool.py:1103: InsecureRequestWarning: Unverified HTTPS request is being made to host 'randomuser.me'. Adding certificate verification is strongly advised. See: https://urllib3.readthedocs.io/en/latest/advanced-usage.html#tls-warnings
  warnings.warn(</msg>
<msg time="2024-06-15T10:16:13.958066" level="INFO">${response} = &lt;Response [200]&gt;</msg>
<var>${response}</var>
<arg>consultarAPI</arg>
<arg>/api</arg>
<doc>Sends a GET request on a previously created HTTP Session.</doc>
<status status="PASS" start="2024-06-15T10:16:13.871233" elapsed="0.086884"/>
</kw>
<kw name="Set Variable" owner="BuiltIn">
<msg time="2024-06-15T10:16:13.959194" level="INFO">${json_data} = {'results': [{'gender': 'female', 'name': {'title': 'Ms', 'first': 'مریم', 'last': 'قاسمی'}, 'location': {'street': {'number': 8577, 'name': 'میدان دکتر فاطمی / جهاد'}, 'city': 'گرگان', 'state': 'چهار...</msg>
<var>${json_data}</var>
<arg>${response.json()}</arg>
<doc>Returns the given values which can then be assigned to a variables.</doc>
<status status="PASS" start="2024-06-15T10:16:13.958594" elapsed="0.000633"/>
</kw>
<kw name="Set Variable" owner="BuiltIn">
<msg time="2024-06-15T10:16:13.959921" level="INFO">${name_title} = Ms</msg>
<var>${name_title}</var>
<arg>${json_data["results"][0]["name"]["title"]}</arg>
<doc>Returns the given values which can then be assigned to a variables.</doc>
<status status="PASS" start="2024-06-15T10:16:13.959535" elapsed="0.000412"/>
</kw>
<kw name="Create List" owner="BuiltIn">
<msg time="2024-06-15T10:16:13.960445" level="INFO">${allowed_titles} = ['Mr', 'Ms', 'Miss', 'Mrs', 'Madame', 'Monsieur']</msg>
<var>${allowed_titles}</var>
<arg>Mr</arg>
<arg>Ms</arg>
<arg>Miss</arg>
<arg>Mrs</arg>
<arg>Madame</arg>
<arg>Monsieur</arg>
<doc>Returns a list containing given items.</doc>
<status status="PASS" start="2024-06-15T10:16:13.960291" elapsed="0.000178"/>
</kw>
<kw name="List Should Contain Value" owner="Collections">
<arg>${allowed_titles}</arg>
<arg>${name_title}</arg>
<doc>Fails if the ``value`` is not found from ``list``.</doc>
<status status="PASS" start="2024-06-15T10:16:13.960771" elapsed="0.000186"/>
</kw>
<kw name="Set Variable" owner="BuiltIn">
<msg time="2024-06-15T10:16:13.961513" level="INFO">${name_country} = IR</msg>
<var>${name_country}</var>
<arg>${json_data["results"][0]["nat"]}</arg>
<doc>Returns the given values which can then be assigned to a variables.</doc>
<status status="PASS" start="2024-06-15T10:16:13.961136" elapsed="0.000402"/>
</kw>
<kw name="Create List" owner="BuiltIn">
<msg time="2024-06-15T10:16:13.962438" level="INFO">${list_country} = ['AD', 'AE', 'AF', 'AG', 'AI', 'AL', 'AM', 'AO', 'AQ', 'AR', 'AS', 'AT', 'AU', 'AW', 'AX', 'AZ', 'BA', 'BB', 'BD', 'BE', 'BF', 'BG', 'BH', 'BI', 'BJ', 'BL', 'BM', 'BN', 'BO', 'BQ', 'BR', 'BS', 'BT', '...</msg>
<var>${list_country}</var>
<arg>AD</arg>
<arg>AE</arg>
<arg>AF</arg>
<arg>AG</arg>
<arg>AI</arg>
<arg>AL</arg>
<arg>AM</arg>
<arg>AO</arg>
<arg>AQ</arg>
<arg>AR</arg>
<arg>AS</arg>
<arg>AT</arg>
<arg>AU</arg>
<arg>AW</arg>
<arg>AX</arg>
<arg>AZ</arg>
<arg>BA</arg>
<arg>BB</arg>
<arg>BD</arg>
<arg>BE</arg>
<arg>BF</arg>
<arg>BG</arg>
<arg>BH</arg>
<arg>BI</arg>
<arg>BJ</arg>
<arg>BL</arg>
<arg>BM</arg>
<arg>BN</arg>
<arg>BO</arg>
<arg>BQ</arg>
<arg>BR</arg>
<arg>BS</arg>
<arg>BT</arg>
<arg>BV</arg>
<arg>BW</arg>
<arg>BY</arg>
<arg>BZ</arg>
<arg>CA</arg>
<arg>CC</arg>
<arg>CD</arg>
<arg>CF</arg>
<arg>CG</arg>
<arg>CH</arg>
<arg>CI</arg>
<arg>CK</arg>
<arg>CL</arg>
<arg>CM</arg>
<arg>CN</arg>
<arg>CO</arg>
<arg>CR</arg>
<arg>CU</arg>
<arg>CV</arg>
<arg>CW</arg>
<arg>CX</arg>
<arg>CY</arg>
<arg>CZ</arg>
<arg>DE</arg>
<arg>DJ</arg>
<arg>DK</arg>
<arg>DM</arg>
<arg>DO</arg>
<arg>DZ</arg>
<arg>EC</arg>
<arg>EE</arg>
<arg>EG</arg>
<arg>EH</arg>
<arg>ER</arg>
<arg>ES</arg>
<arg>ET</arg>
<arg>FI</arg>
<arg>FJ</arg>
<arg>FK</arg>
<arg>FM</arg>
<arg>FO</arg>
<arg>FR</arg>
<arg>GA</arg>
<arg>GB</arg>
<arg>GD</arg>
<arg>GE</arg>
<arg>GF</arg>
<arg>GG</arg>
<arg>GH</arg>
<arg>GI</arg>
<arg>GL</arg>
<arg>GM</arg>
<arg>GN</arg>
<arg>GP</arg>
<arg>GQ</arg>
<arg>GR</arg>
<arg>GS</arg>
<arg>GT</arg>
<arg>GU</arg>
<arg>GW</arg>
<arg>GY</arg>
<arg>HK</arg>
<arg>HM</arg>
<arg>HN</arg>
<arg>HR</arg>
<arg>HT</arg>
<arg>HU</arg>
<arg>ID</arg>
<arg>IE</arg>
<arg>IL</arg>
<arg>IM</arg>
<arg>IN</arg>
<arg>IO</arg>
<arg>IQ</arg>
<arg>IR</arg>
<arg>IS</arg>
<arg>IT</arg>
<arg>JE</arg>
<arg>JM</arg>
<arg>JO</arg>
<arg>JP</arg>
<arg>KE</arg>
<arg>KG</arg>
<arg>KH</arg>
<arg>KI</arg>
<arg>KM</arg>
<arg>KN</arg>
<arg>KP</arg>
<arg>KR</arg>
<arg>KW</arg>
<arg>KY</arg>
<arg>KZ</arg>
<arg>LA</arg>
<arg>LB</arg>
<arg>LC</arg>
<arg>LI</arg>
<arg>LK</arg>
<arg>LR</arg>
<arg>LS</arg>
<arg>LT</arg>
<arg>LU</arg>
<arg>LV</arg>
<arg>LY</arg>
<arg>MA</arg>
<arg>MC</arg>
<arg>MD</arg>
<arg>ME</arg>
<arg>MF</arg>
<arg>MG</arg>
<arg>MH</arg>
<arg>MK</arg>
<arg>ML</arg>
<arg>MM</arg>
<arg>MN</arg>
<arg>MO</arg>
<arg>MP</arg>
<arg>MQ</arg>
<arg>MR</arg>
<arg>MS</arg>
<arg>MT</arg>
<arg>MU</arg>
<arg>MV</arg>
<arg>MW</arg>
<arg>MX</arg>
<arg>MY</arg>
<arg>MZ</arg>
<arg>NA</arg>
<arg>NC</arg>
<arg>NE</arg>
<arg>NF</arg>
<arg>NG</arg>
<arg>NI</arg>
<arg>NL</arg>
<arg>NO</arg>
<arg>NP</arg>
<arg>NR</arg>
<arg>NU</arg>
<arg>NZ</arg>
<arg>OM</arg>
<arg>PA</arg>
<arg>PE</arg>
<arg>PF</arg>
<arg>PG</arg>
<arg>PH</arg>
<arg>PK</arg>
<arg>PL</arg>
<arg>PM</arg>
<arg>PN</arg>
<arg>PR</arg>
<arg>PS</arg>
<arg>PT</arg>
<arg>PW</arg>
<arg>PY</arg>
<arg>QA</arg>
<arg>RE</arg>
<arg>RO</arg>
<arg>RS</arg>
<arg>RU</arg>
<arg>RW</arg>
<arg>SA</arg>
<arg>SB</arg>
<arg>SC</arg>
<arg>SD</arg>
<arg>SE</arg>
<arg>SG</arg>
<arg>SH</arg>
<arg>SI</arg>
<arg>SJ</arg>
<arg>SK</arg>
<arg>SL</arg>
<arg>SM</arg>
<arg>SN</arg>
<arg>SO</arg>
<arg>SR</arg>
<arg>SS</arg>
<arg>ST</arg>
<arg>SV</arg>
<arg>SX</arg>
<arg>SY</arg>
<arg>SZ</arg>
<arg>TC</arg>
<arg>TD</arg>
<arg>TF</arg>
<arg>TG</arg>
<arg>TH</arg>
<arg>TJ</arg>
<arg>TK</arg>
<arg>TL</arg>
<arg>TM</arg>
<arg>TN</arg>
<arg>TO</arg>
<arg>TR</arg>
<arg>TT</arg>
<arg>TV</arg>
<arg>TW</arg>
<arg>TZ</arg>
<arg>UA</arg>
<arg>UG</arg>
<arg>UM</arg>
<arg>US</arg>
<arg>UY</arg>
<arg>UZ</arg>
<arg>VA</arg>
<arg>VC</arg>
<arg>VE</arg>
<arg>VG</arg>
<arg>VI</arg>
<arg>VN</arg>
<arg>VU</arg>
<arg>WF</arg>
<arg>WS</arg>
<arg>XK</arg>
<arg>YE</arg>
<arg>YT</arg>
<arg>ZA</arg>
<arg>ZM</arg>
<arg>ZW</arg>
<doc>Returns a list containing given items.</doc>
<status status="PASS" start="2024-06-15T10:16:13.961835" elapsed="0.000628"/>
</kw>
<kw name="List Should Contain Value" owner="Collections">
<arg>${list_country}</arg>
<arg>${name_country}</arg>
<doc>Fails if the ``value`` is not found from ``list``.</doc>
<status status="PASS" start="2024-06-15T10:16:13.963254" elapsed="0.000207"/>
</kw>
<kw name="Run Keyword If" owner="BuiltIn">
<kw name="Should Be True" owner="BuiltIn">
<arg>${True}</arg>
<doc>Fails if the given condition is not true.</doc>
<status status="PASS" start="2024-06-15T10:16:13.964558" elapsed="0.000147"/>
</kw>
<arg>${json_data["results"][0]["location"]["coordinates"]["latitude"]} &gt;= -90 and ${json_data["results"][0]["location"]["coordinates"]["latitude"]} &lt;= 90</arg>
<arg>Should Be True</arg>
<arg>${True}</arg>
<doc>Runs the given keyword with the given arguments, if ``condition`` is true.</doc>
<status status="PASS" start="2024-06-15T10:16:13.963663" elapsed="0.001170"/>
</kw>
<kw name="Run Keyword If" owner="BuiltIn">
<kw name="Should Be True" owner="BuiltIn">
<arg>${True}</arg>
<doc>Fails if the given condition is not true.</doc>
<status status="PASS" start="2024-06-15T10:16:13.965716" elapsed="0.000140"/>
</kw>
<arg>${json_data["results"][0]["location"]["coordinates"]["longitude"]} &gt;= -180 and ${json_data["results"][0]["location"]["coordinates"]["longitude"]} &lt;= 180</arg>
<arg>Should Be True</arg>
<arg>${True}</arg>
<doc>Runs the given keyword with the given arguments, if ``condition`` is true.</doc>
<status status="PASS" start="2024-06-15T10:16:13.965020" elapsed="0.000961"/>
</kw>
<status status="PASS" start="2024-06-15T10:16:13.871008" elapsed="0.095103"/>
</kw>
<doc>Testa o conteúdo específico dos campos retornados pela API.</doc>
<tag>testeConteudo</tag>
<status status="PASS" start="2024-06-15T10:16:13.870538" elapsed="0.095728"/>
</test>
<status status="PASS" start="2024-06-15T10:16:13.047656" elapsed="0.920549"/>
</suite>
<status status="PASS" start="2024-06-15T10:16:13.034268" elapsed="0.938966"/>
</suite>
<statistics>
<total>
<stat pass="5" fail="0" skip="0">All Tests</stat>
</total>
<tag>
<stat pass="1" fail="0" skip="0">testeConteudo</stat>
<stat pass="1" fail="0" skip="0">testeEstruturaResposta</stat>
<stat pass="1" fail="0" skip="0">testeRequisicaoBasica</stat>
<stat pass="1" fail="0" skip="0">testeTiposDados</stat>
</tag>
<suite>
<stat pass="5" fail="0" skip="0" id="s1" name="Tests">Tests</stat>
<stat pass="5" fail="0" skip="0" id="s1-s1" name="Random-User-Test">Tests.Random-User-Test</stat>
</suite>
</statistics>
<errors>
</errors>
</robot>
