<?xml version="1.0" encoding="UTF-8"?>
<robot generator="Robot 7.0 (Python 3.12.3 on linux)" generated="2024-05-05T12:24:47.714081" rpa="false" schemaversion="5">
<suite id="s1" name="Tests" source="/home/runner/work/DesafioQAItauRogerioJordao/DesafioQAItauRogerioJordao/RamdonUser/tests">
<suite id="s1-s1" name="Random-User-Test" source="/home/runner/work/DesafioQAItauRogerioJordao/DesafioQAItauRogerioJordao/RamdonUser/tests/random-user-test.robot">
<test id="s1-s1-t1" name="Conectar" line="13">
<kw name="Conectar API" owner="random-user-service">
<kw name="Create Session" owner="RequestsLibrary">
<msg time="2024-05-05T12:24:48.152195" level="INFO">Creating Session using : alias=consultarAPI, url=https://randomuser.me/, headers={},                     cookies={}, auth=None, timeout=None, proxies=None, verify=False,                     debug=0 </msg>
<arg>consultarAPI</arg>
<arg>${URL}</arg>
<doc>Create Session: create a HTTP session to a server</doc>
<status status="PASS" start="2024-05-05T12:24:48.151977" elapsed="0.000484"/>
</kw>
<status status="PASS" start="2024-05-05T12:24:48.150769" elapsed="0.002073"/>
</kw>
<status status="PASS" start="2024-05-05T12:24:48.150182" elapsed="0.002853"/>
</test>
<test id="s1-s1-t2" name="Validar retorno 200 e JSON Válido" line="16">
<kw name="Teste de Requisicao Basica" owner="random-user-service">
<kw name="GET On Session" owner="RequestsLibrary">
<msg time="2024-05-05T12:24:48.238849" level="INFO">GET Request : url=https://randomuser.me/api 
 path_url=/api 
 headers={'User-Agent': 'python-requests/2.31.0', 'Accept-Encoding': 'gzip, deflate', 'Accept': '*/*', 'Connection': 'keep-alive'} 
 body=None 
 </msg>
<msg time="2024-05-05T12:24:48.239004" level="INFO">GET Response : url=https://randomuser.me/api 
 status=200, reason=OK 
 headers={'Date': 'Sun, 05 May 2024 12:24:48 GMT', 'Content-Type': 'application/json; charset=utf-8', 'Transfer-Encoding': 'chunked', 'Connection': 'keep-alive', 'X-Powered-By': 'Express', 'Access-Control-Allow-Origin': '*', 'Cache-Control': 'no-cache', 'ETag': 'W/"4a4-we2UYAKxC60X1jXnshLxjiqW8mY"', 'Vary': 'Accept-Encoding', 'Content-Encoding': 'gzip', 'CF-Cache-Status': 'DYNAMIC', 'Report-To': '{"endpoints":[{"url":"https:\\/\\/a.nel.cloudflare.com\\/report\\/v4?s=SMb8gVGKVxuVLh9HafsjrUBpRY1l6ncrwIGbth1NUOZ56lSge3uJwKdNPEonJTNZ22AbSxkTTP4zgSpMjPBlk2jI8u%2FloWnshEKeSoh%2FxqXNMmEBtVsnujM0Qh1jecRS"}],"group":"cf-nel","max_age":604800}', 'NEL': '{"success_fraction":0,"report_to":"cf-nel","max_age":604800}', 'Server': 'cloudflare', 'CF-RAY': '87f0b5a53b4d61df-ORD', 'alt-svc': 'h3=":443"; ma=86400'} 
 body={"results":[{"gender":"female","name":{"title":"Ms","first":"Guadalupe","last":"Mayorga"},"location":{"street":{"number":7349,"name":"Andador Soria"},"city":"Benito Juárez","state":"Ciudad de Mexico","country":"Mexico","postcode":36862,"coordinates":{"latitude":"27.9261","longitude":"77.3157"},"timezone":{"offset":"+7:00","description":"Bangkok, Hanoi, Jakarta"}},"email":"guadalupe.mayorga@example.com","login":{"uuid":"78fcb113-477e-4790-872f-f28fc1d98ffc","username":"yellowzebra217","password":"benton","salt":"BB3BMdIE","md5":"9f72fc0011ac3b65c56eae5d60f8cf17","sha1":"2d3c7f3bff9046991ce5d44ef8d419a060d3d371","sha256":"00a8b95097e62bd95514729c87e646f5d0688a7e8f62e0a728ac3b89c1b0477e"},"dob":{"date":"1975-05-31T12:13:00.001Z","age":48},"registered":{"date":"2021-03-28T09:27:22.026Z","age":3},"phone":"(608) 559 9866","cell":"(643) 940 0523","id":{"name":"NSS","value":"29 88 50 6775 8"},"picture":{"large":"https://randomuser.me/api/portraits/women/76.jpg","medium":"https://randomuser.me/api/portraits/med/women/76.jpg","thumbnail":"https://randomuser.me/api/portraits/thumb/women/76.jpg"},"nat":"MX"}],"info":{"seed":"a88e71bbb98acd45","results":1,"page":1,"version":"1.4"}} 
 </msg>
<msg time="2024-05-05T12:24:48.239091" level="INFO">/opt/hostedtoolcache/Python/3.12.3/x64/lib/python3.12/site-packages/urllib3/connectionpool.py:1103: InsecureRequestWarning: Unverified HTTPS request is being made to host 'randomuser.me'. Adding certificate verification is strongly advised. See: https://urllib3.readthedocs.io/en/latest/advanced-usage.html#tls-warnings
  warnings.warn(</msg>
<msg time="2024-05-05T12:24:48.239234" level="INFO">${response} = &lt;Response [200]&gt;</msg>
<var>${response}</var>
<arg>consultarAPI</arg>
<arg>/api</arg>
<doc>Sends a GET request on a previously created HTTP Session.</doc>
<status status="PASS" start="2024-05-05T12:24:48.156370" elapsed="0.082906"/>
</kw>
<kw name="Should Be Equal As Numbers" owner="BuiltIn">
<msg time="2024-05-05T12:24:48.240291" level="INFO">Argument types are:
&lt;class 'int'&gt;
&lt;class 'str'&gt;</msg>
<arg>${response.status_code}</arg>
<arg>200</arg>
<doc>Fails if objects are unequal after converting them to real numbers.</doc>
<status status="PASS" start="2024-05-05T12:24:48.239827" elapsed="0.000531"/>
</kw>
<kw name="Log" owner="BuiltIn">
<msg time="2024-05-05T12:24:48.241053" level="INFO">200</msg>
<arg>${response.status_code}</arg>
<doc>Logs the given message with the given level.</doc>
<status status="PASS" start="2024-05-05T12:24:48.240704" elapsed="0.000392"/>
</kw>
<kw name="Set Variable" owner="BuiltIn">
<msg time="2024-05-05T12:24:48.241902" level="INFO">${json_data} = {'results': [{'gender': 'female', 'name': {'title': 'Ms', 'first': 'Guadalupe', 'last': 'Mayorga'}, 'location': {'street': {'number': 7349, 'name': 'Andador Soria'}, 'city': 'Benito Juárez', 'state': ...</msg>
<var>${json_data}</var>
<arg>${response.json()}</arg>
<doc>Returns the given values which can then be assigned to a variables.</doc>
<status status="PASS" start="2024-05-05T12:24:48.241399" elapsed="0.000542"/>
</kw>
<kw name="Dictionary Should Contain Key" owner="Collections">
<msg time="2024-05-05T12:24:48.242457" level="INFO">False</msg>
<arg>${json_data}</arg>
<arg>results</arg>
<doc>Fails if ``key`` is not found from ``dictionary``.</doc>
<status status="PASS" start="2024-05-05T12:24:48.242276" elapsed="0.000224"/>
</kw>
<status status="PASS" start="2024-05-05T12:24:48.156122" elapsed="0.086641"/>
</kw>
<doc>Testa se a API responde corretamente e retorna um objeto JSON válido.</doc>
<tag>testeRequisicaoBasica</tag>
<status status="PASS" start="2024-05-05T12:24:48.155646" elapsed="0.087300"/>
</test>
<test id="s1-s1-t3" name="Validar estrutura de resposta" line="22">
<kw name="Teste de Estrutura de Resposta" owner="random-user-service">
<kw name="GET On Session" owner="RequestsLibrary">
<msg time="2024-05-05T12:24:48.368165" level="INFO">GET Request : url=https://randomuser.me/api 
 path_url=/api 
 headers={'User-Agent': 'python-requests/2.31.0', 'Accept-Encoding': 'gzip, deflate', 'Accept': '*/*', 'Connection': 'keep-alive'} 
 body=None 
 </msg>
<msg time="2024-05-05T12:24:48.368272" level="INFO">GET Response : url=https://randomuser.me/api 
 status=200, reason=OK 
 headers={'Date': 'Sun, 05 May 2024 12:24:48 GMT', 'Content-Type': 'application/json; charset=utf-8', 'Transfer-Encoding': 'chunked', 'Connection': 'keep-alive', 'X-Powered-By': 'Express', 'Access-Control-Allow-Origin': '*', 'Cache-Control': 'no-cache', 'ETag': 'W/"491-1lplcQOBC13S06nTFSrriK1afp4"', 'Vary': 'Accept-Encoding', 'Content-Encoding': 'gzip', 'CF-Cache-Status': 'DYNAMIC', 'Report-To': '{"endpoints":[{"url":"https:\\/\\/a.nel.cloudflare.com\\/report\\/v4?s=ruesgfHnV40BIXxiZtUsyiMAo0Oh0I%2F7tdzBI%2FQ0LC7ctA4TVmSsK0Km%2FP9HrLce2qYwGG%2BJoo1WtNnLzse5PGy%2BjWL%2F5%2B3cj7ktVri8GgyMysokghpxit1X8eymuLEo"}],"group":"cf-nel","max_age":604800}', 'NEL': '{"success_fraction":0,"report_to":"cf-nel","max_age":604800}', 'Server': 'cloudflare', 'CF-RAY': '87f0b5a58ba961df-ORD', 'alt-svc': 'h3=":443"; ma=86400'} 
 body={"results":[{"gender":"male","name":{"title":"Mr","first":"Rayaan","last":"Holla"},"location":{"street":{"number":7561,"name":"Racecource Rd"},"city":"Kamarhati","state":"Meghalaya","country":"India","postcode":31670,"coordinates":{"latitude":"10.0943","longitude":"-69.4274"},"timezone":{"offset":"-4:00","description":"Atlantic Time (Canada), Caracas, La Paz"}},"email":"rayaan.holla@example.com","login":{"uuid":"c54ca7a3-56a1-46e7-a3b1-ef4b128c5a2a","username":"redbutterfly931","password":"chewbacc","salt":"uxOfz6BO","md5":"8034e937e1dd9cfd093742234603d3b4","sha1":"6ff60a7fe03afca849516873d6c63da25537f734","sha256":"969934d4630c328fb51b9ee023e72660ae19d2c19e31574210c37afc63d3da70"},"dob":{"date":"1998-02-26T04:43:54.598Z","age":26},"registered":{"date":"2008-04-26T19:10:45.290Z","age":16},"phone":"7157361672","cell":"7173521867","id":{"name":"UIDAI","value":"900708818589"},"picture":{"large":"https://randomuser.me/api/portraits/men/73.jpg","medium":"https://randomuser.me/api/portraits/med/men/73.jpg","thumbnail":"https://randomuser.me/api/portraits/thumb/men/73.jpg"},"nat":"IN"}],"info":{"seed":"b1fb54662156e94b","results":1,"page":1,"version":"1.4"}} 
 </msg>
<msg time="2024-05-05T12:24:48.368404" level="INFO">/opt/hostedtoolcache/Python/3.12.3/x64/lib/python3.12/site-packages/urllib3/connectionpool.py:1103: InsecureRequestWarning: Unverified HTTPS request is being made to host 'randomuser.me'. Adding certificate verification is strongly advised. See: https://urllib3.readthedocs.io/en/latest/advanced-usage.html#tls-warnings
  warnings.warn(</msg>
<msg time="2024-05-05T12:24:48.368538" level="INFO">${response} = &lt;Response [200]&gt;</msg>
<var>${response}</var>
<arg>consultarAPI</arg>
<arg>/api</arg>
<doc>Sends a GET request on a previously created HTTP Session.</doc>
<status status="PASS" start="2024-05-05T12:24:48.245531" elapsed="0.123047"/>
</kw>
<kw name="Set Variable" owner="BuiltIn">
<msg time="2024-05-05T12:24:48.369662" level="INFO">${json_data} = {'results': [{'gender': 'male', 'name': {'title': 'Mr', 'first': 'Rayaan', 'last': 'Holla'}, 'location': {'street': {'number': 7561, 'name': 'Racecource Rd'}, 'city': 'Kamarhati', 'state': 'Meghalaya'...</msg>
<var>${json_data}</var>
<arg>${response.json()}</arg>
<doc>Returns the given values which can then be assigned to a variables.</doc>
<status status="PASS" start="2024-05-05T12:24:48.369123" elapsed="0.000596"/>
</kw>
<kw name="Log" owner="BuiltIn">
<msg time="2024-05-05T12:24:48.370214" level="INFO">{'results': [{'gender': 'male', 'name': {'title': 'Mr', 'first': 'Rayaan', 'last': 'Holla'}, 'location': {'street': {'number': 7561, 'name': 'Racecource Rd'}, 'city': 'Kamarhati', 'state': 'Meghalaya', 'country': 'India', 'postcode': 31670, 'coordinates': {'latitude': '10.0943', 'longitude': '-69.4274'}, 'timezone': {'offset': '-4:00', 'description': 'Atlantic Time (Canada), Caracas, La Paz'}}, 'email': 'rayaan.holla@example.com', 'login': {'uuid': 'c54ca7a3-56a1-46e7-a3b1-ef4b128c5a2a', 'username': 'redbutterfly931', 'password': 'chewbacc', 'salt': 'uxOfz6BO', 'md5': '8034e937e1dd9cfd093742234603d3b4', 'sha1': '6ff60a7fe03afca849516873d6c63da25537f734', 'sha256': '969934d4630c328fb51b9ee023e72660ae19d2c19e31574210c37afc63d3da70'}, 'dob': {'date': '1998-02-26T04:43:54.598Z', 'age': 26}, 'registered': {'date': '2008-04-26T19:10:45.290Z', 'age': 16}, 'phone': '7157361672', 'cell': '7173521867', 'id': {'name': 'UIDAI', 'value': '900708818589'}, 'picture': {'large': 'https://randomuser.me/api/portraits/men/73.jpg', 'medium': 'https://randomuser.me/api/portraits/med/men/73.jpg', 'thumbnail': 'https://randomuser.me/api/portraits/thumb/men/73.jpg'}, 'nat': 'IN'}], 'info': {'seed': 'b1fb54662156e94b', 'results': 1, 'page': 1, 'version': '1.4'}}</msg>
<arg>${json_data}</arg>
<doc>Logs the given message with the given level.</doc>
<status status="PASS" start="2024-05-05T12:24:48.370054" elapsed="0.000209"/>
</kw>
<kw name="Dictionary Should Contain Key" owner="Collections">
<msg time="2024-05-05T12:24:48.370725" level="INFO">False</msg>
<arg>${json_data}</arg>
<arg>results</arg>
<doc>Fails if ``key`` is not found from ``dictionary``.</doc>
<status status="PASS" start="2024-05-05T12:24:48.370556" elapsed="0.000208"/>
</kw>
<kw name="Should Not Be Empty" owner="BuiltIn">
<msg time="2024-05-05T12:24:48.371288" level="INFO">Length is 2.</msg>
<arg>${json_data}</arg>
<doc>Verifies that the given item is not empty.</doc>
<status status="PASS" start="2024-05-05T12:24:48.371140" elapsed="0.000361"/>
</kw>
<kw name="Create List" owner="BuiltIn">
<msg time="2024-05-05T12:24:48.371973" level="INFO">${expected_keys} = ['gender', 'name', 'location', 'email', 'login']</msg>
<var>${expected_keys}</var>
<arg>gender</arg>
<arg>name</arg>
<arg>location</arg>
<arg>email</arg>
<arg>login</arg>
<doc>Returns a list containing given items.</doc>
<status status="PASS" start="2024-05-05T12:24:48.371815" elapsed="0.000183"/>
</kw>
<for flavor="IN">
<iter>
<kw name="Dictionary Should Contain Key" owner="Collections">
<msg time="2024-05-05T12:24:48.375332" level="INFO">False</msg>
<arg>${json_data['results'][0]}</arg>
<arg>${key}</arg>
<doc>Fails if ``key`` is not found from ``dictionary``.</doc>
<status status="PASS" start="2024-05-05T12:24:48.374899" elapsed="0.000473"/>
</kw>
<kw name="Log" owner="BuiltIn">
<msg time="2024-05-05T12:24:48.376055" level="INFO">{'gender': 'male', 'name': {'title': 'Mr', 'first': 'Rayaan', 'last': 'Holla'}, 'location': {'street': {'number': 7561, 'name': 'Racecource Rd'}, 'city': 'Kamarhati', 'state': 'Meghalaya', 'country': 'India', 'postcode': 31670, 'coordinates': {'latitude': '10.0943', 'longitude': '-69.4274'}, 'timezone': {'offset': '-4:00', 'description': 'Atlantic Time (Canada), Caracas, La Paz'}}, 'email': 'rayaan.holla@example.com', 'login': {'uuid': 'c54ca7a3-56a1-46e7-a3b1-ef4b128c5a2a', 'username': 'redbutterfly931', 'password': 'chewbacc', 'salt': 'uxOfz6BO', 'md5': '8034e937e1dd9cfd093742234603d3b4', 'sha1': '6ff60a7fe03afca849516873d6c63da25537f734', 'sha256': '969934d4630c328fb51b9ee023e72660ae19d2c19e31574210c37afc63d3da70'}, 'dob': {'date': '1998-02-26T04:43:54.598Z', 'age': 26}, 'registered': {'date': '2008-04-26T19:10:45.290Z', 'age': 16}, 'phone': '7157361672', 'cell': '7173521867', 'id': {'name': 'UIDAI', 'value': '900708818589'}, 'picture': {'large': 'https://randomuser.me/api/portraits/men/73.jpg', 'medium': 'https://randomuser.me/api/portraits/med/men/73.jpg', 'thumbnail': 'https://randomuser.me/api/portraits/thumb/men/73.jpg'}, 'nat': 'IN'}</msg>
<arg>${json_data['results'][0]}</arg>
<doc>Logs the given message with the given level.</doc>
<status status="PASS" start="2024-05-05T12:24:48.375681" elapsed="0.000423"/>
</kw>
<kw name="Log" owner="BuiltIn">
<msg time="2024-05-05T12:24:48.376543" level="INFO">gender</msg>
<arg>${key}</arg>
<doc>Logs the given message with the given level.</doc>
<status status="PASS" start="2024-05-05T12:24:48.376414" elapsed="0.000167"/>
</kw>
<var name="${key}">gender</var>
<status status="PASS" start="2024-05-05T12:24:48.374720" elapsed="0.002076"/>
</iter>
<iter>
<kw name="Dictionary Should Contain Key" owner="Collections">
<msg time="2024-05-05T12:24:48.377480" level="INFO">False</msg>
<arg>${json_data['results'][0]}</arg>
<arg>${key}</arg>
<doc>Fails if ``key`` is not found from ``dictionary``.</doc>
<status status="PASS" start="2024-05-05T12:24:48.377097" elapsed="0.000420"/>
</kw>
<kw name="Log" owner="BuiltIn">
<msg time="2024-05-05T12:24:48.379411" level="INFO">{'gender': 'male', 'name': {'title': 'Mr', 'first': 'Rayaan', 'last': 'Holla'}, 'location': {'street': {'number': 7561, 'name': 'Racecource Rd'}, 'city': 'Kamarhati', 'state': 'Meghalaya', 'country': 'India', 'postcode': 31670, 'coordinates': {'latitude': '10.0943', 'longitude': '-69.4274'}, 'timezone': {'offset': '-4:00', 'description': 'Atlantic Time (Canada), Caracas, La Paz'}}, 'email': 'rayaan.holla@example.com', 'login': {'uuid': 'c54ca7a3-56a1-46e7-a3b1-ef4b128c5a2a', 'username': 'redbutterfly931', 'password': 'chewbacc', 'salt': 'uxOfz6BO', 'md5': '8034e937e1dd9cfd093742234603d3b4', 'sha1': '6ff60a7fe03afca849516873d6c63da25537f734', 'sha256': '969934d4630c328fb51b9ee023e72660ae19d2c19e31574210c37afc63d3da70'}, 'dob': {'date': '1998-02-26T04:43:54.598Z', 'age': 26}, 'registered': {'date': '2008-04-26T19:10:45.290Z', 'age': 16}, 'phone': '7157361672', 'cell': '7173521867', 'id': {'name': 'UIDAI', 'value': '900708818589'}, 'picture': {'large': 'https://randomuser.me/api/portraits/men/73.jpg', 'medium': 'https://randomuser.me/api/portraits/med/men/73.jpg', 'thumbnail': 'https://randomuser.me/api/portraits/thumb/men/73.jpg'}, 'nat': 'IN'}</msg>
<arg>${json_data['results'][0]}</arg>
<doc>Logs the given message with the given level.</doc>
<status status="PASS" start="2024-05-05T12:24:48.377944" elapsed="0.001519"/>
</kw>
<kw name="Log" owner="BuiltIn">
<msg time="2024-05-05T12:24:48.379924" level="INFO">name</msg>
<arg>${key}</arg>
<doc>Logs the given message with the given level.</doc>
<status status="PASS" start="2024-05-05T12:24:48.379774" elapsed="0.000188"/>
</kw>
<var name="${key}">name</var>
<status status="PASS" start="2024-05-05T12:24:48.376982" elapsed="0.003197"/>
</iter>
<iter>
<kw name="Dictionary Should Contain Key" owner="Collections">
<msg time="2024-05-05T12:24:48.380922" level="INFO">False</msg>
<arg>${json_data['results'][0]}</arg>
<arg>${key}</arg>
<doc>Fails if ``key`` is not found from ``dictionary``.</doc>
<status status="PASS" start="2024-05-05T12:24:48.380481" elapsed="0.000482"/>
</kw>
<kw name="Log" owner="BuiltIn">
<msg time="2024-05-05T12:24:48.381768" level="INFO">{'gender': 'male', 'name': {'title': 'Mr', 'first': 'Rayaan', 'last': 'Holla'}, 'location': {'street': {'number': 7561, 'name': 'Racecource Rd'}, 'city': 'Kamarhati', 'state': 'Meghalaya', 'country': 'India', 'postcode': 31670, 'coordinates': {'latitude': '10.0943', 'longitude': '-69.4274'}, 'timezone': {'offset': '-4:00', 'description': 'Atlantic Time (Canada), Caracas, La Paz'}}, 'email': 'rayaan.holla@example.com', 'login': {'uuid': 'c54ca7a3-56a1-46e7-a3b1-ef4b128c5a2a', 'username': 'redbutterfly931', 'password': 'chewbacc', 'salt': 'uxOfz6BO', 'md5': '8034e937e1dd9cfd093742234603d3b4', 'sha1': '6ff60a7fe03afca849516873d6c63da25537f734', 'sha256': '969934d4630c328fb51b9ee023e72660ae19d2c19e31574210c37afc63d3da70'}, 'dob': {'date': '1998-02-26T04:43:54.598Z', 'age': 26}, 'registered': {'date': '2008-04-26T19:10:45.290Z', 'age': 16}, 'phone': '7157361672', 'cell': '7173521867', 'id': {'name': 'UIDAI', 'value': '900708818589'}, 'picture': {'large': 'https://randomuser.me/api/portraits/men/73.jpg', 'medium': 'https://randomuser.me/api/portraits/med/men/73.jpg', 'thumbnail': 'https://randomuser.me/api/portraits/thumb/men/73.jpg'}, 'nat': 'IN'}</msg>
<arg>${json_data['results'][0]}</arg>
<doc>Logs the given message with the given level.</doc>
<status status="PASS" start="2024-05-05T12:24:48.381277" elapsed="0.000589"/>
</kw>
<kw name="Log" owner="BuiltIn">
<msg time="2024-05-05T12:24:48.382317" level="INFO">location</msg>
<arg>${key}</arg>
<doc>Logs the given message with the given level.</doc>
<status status="PASS" start="2024-05-05T12:24:48.382184" elapsed="0.000173"/>
</kw>
<var name="${key}">location</var>
<status status="PASS" start="2024-05-05T12:24:48.380356" elapsed="0.002222"/>
</iter>
<iter>
<kw name="Dictionary Should Contain Key" owner="Collections">
<msg time="2024-05-05T12:24:48.383257" level="INFO">False</msg>
<arg>${json_data['results'][0]}</arg>
<arg>${key}</arg>
<doc>Fails if ``key`` is not found from ``dictionary``.</doc>
<status status="PASS" start="2024-05-05T12:24:48.382865" elapsed="0.000431"/>
</kw>
<kw name="Log" owner="BuiltIn">
<msg time="2024-05-05T12:24:48.384029" level="INFO">{'gender': 'male', 'name': {'title': 'Mr', 'first': 'Rayaan', 'last': 'Holla'}, 'location': {'street': {'number': 7561, 'name': 'Racecource Rd'}, 'city': 'Kamarhati', 'state': 'Meghalaya', 'country': 'India', 'postcode': 31670, 'coordinates': {'latitude': '10.0943', 'longitude': '-69.4274'}, 'timezone': {'offset': '-4:00', 'description': 'Atlantic Time (Canada), Caracas, La Paz'}}, 'email': 'rayaan.holla@example.com', 'login': {'uuid': 'c54ca7a3-56a1-46e7-a3b1-ef4b128c5a2a', 'username': 'redbutterfly931', 'password': 'chewbacc', 'salt': 'uxOfz6BO', 'md5': '8034e937e1dd9cfd093742234603d3b4', 'sha1': '6ff60a7fe03afca849516873d6c63da25537f734', 'sha256': '969934d4630c328fb51b9ee023e72660ae19d2c19e31574210c37afc63d3da70'}, 'dob': {'date': '1998-02-26T04:43:54.598Z', 'age': 26}, 'registered': {'date': '2008-04-26T19:10:45.290Z', 'age': 16}, 'phone': '7157361672', 'cell': '7173521867', 'id': {'name': 'UIDAI', 'value': '900708818589'}, 'picture': {'large': 'https://randomuser.me/api/portraits/men/73.jpg', 'medium': 'https://randomuser.me/api/portraits/med/men/73.jpg', 'thumbnail': 'https://randomuser.me/api/portraits/thumb/men/73.jpg'}, 'nat': 'IN'}</msg>
<arg>${json_data['results'][0]}</arg>
<doc>Logs the given message with the given level.</doc>
<status status="PASS" start="2024-05-05T12:24:48.383600" elapsed="0.000482"/>
</kw>
<kw name="Log" owner="BuiltIn">
<msg time="2024-05-05T12:24:48.384517" level="INFO">email</msg>
<arg>${key}</arg>
<doc>Logs the given message with the given level.</doc>
<status status="PASS" start="2024-05-05T12:24:48.384389" elapsed="0.000171"/>
</kw>
<var name="${key}">email</var>
<status status="PASS" start="2024-05-05T12:24:48.382752" elapsed="0.002193"/>
</iter>
<iter>
<kw name="Dictionary Should Contain Key" owner="Collections">
<msg time="2024-05-05T12:24:48.385660" level="INFO">False</msg>
<arg>${json_data['results'][0]}</arg>
<arg>${key}</arg>
<doc>Fails if ``key`` is not found from ``dictionary``.</doc>
<status status="PASS" start="2024-05-05T12:24:48.385239" elapsed="0.000488"/>
</kw>
<kw name="Log" owner="BuiltIn">
<msg time="2024-05-05T12:24:48.386459" level="INFO">{'gender': 'male', 'name': {'title': 'Mr', 'first': 'Rayaan', 'last': 'Holla'}, 'location': {'street': {'number': 7561, 'name': 'Racecource Rd'}, 'city': 'Kamarhati', 'state': 'Meghalaya', 'country': 'India', 'postcode': 31670, 'coordinates': {'latitude': '10.0943', 'longitude': '-69.4274'}, 'timezone': {'offset': '-4:00', 'description': 'Atlantic Time (Canada), Caracas, La Paz'}}, 'email': 'rayaan.holla@example.com', 'login': {'uuid': 'c54ca7a3-56a1-46e7-a3b1-ef4b128c5a2a', 'username': 'redbutterfly931', 'password': 'chewbacc', 'salt': 'uxOfz6BO', 'md5': '8034e937e1dd9cfd093742234603d3b4', 'sha1': '6ff60a7fe03afca849516873d6c63da25537f734', 'sha256': '969934d4630c328fb51b9ee023e72660ae19d2c19e31574210c37afc63d3da70'}, 'dob': {'date': '1998-02-26T04:43:54.598Z', 'age': 26}, 'registered': {'date': '2008-04-26T19:10:45.290Z', 'age': 16}, 'phone': '7157361672', 'cell': '7173521867', 'id': {'name': 'UIDAI', 'value': '900708818589'}, 'picture': {'large': 'https://randomuser.me/api/portraits/men/73.jpg', 'medium': 'https://randomuser.me/api/portraits/med/men/73.jpg', 'thumbnail': 'https://randomuser.me/api/portraits/thumb/men/73.jpg'}, 'nat': 'IN'}</msg>
<arg>${json_data['results'][0]}</arg>
<doc>Logs the given message with the given level.</doc>
<status status="PASS" start="2024-05-05T12:24:48.386076" elapsed="0.000432"/>
</kw>
<kw name="Log" owner="BuiltIn">
<msg time="2024-05-05T12:24:48.386938" level="INFO">login</msg>
<arg>${key}</arg>
<doc>Logs the given message with the given level.</doc>
<status status="PASS" start="2024-05-05T12:24:48.386809" elapsed="0.000167"/>
</kw>
<var name="${key}">login</var>
<status status="PASS" start="2024-05-05T12:24:48.385124" elapsed="0.002097"/>
</iter>
<var>${key}</var>
<value>@{expected_keys}</value>
<status status="PASS" start="2024-05-05T12:24:48.374461" elapsed="0.012884"/>
</for>
<kw name="Create List" owner="BuiltIn">
<msg time="2024-05-05T12:24:48.387767" level="INFO">${expected_keysTwo} = ['username', 'password']</msg>
<var>${expected_keysTwo}</var>
<arg>username</arg>
<arg>password</arg>
<doc>Returns a list containing given items.</doc>
<status status="PASS" start="2024-05-05T12:24:48.387619" elapsed="0.000173"/>
</kw>
<for flavor="IN">
<iter>
<kw name="Dictionary Should Contain Key" owner="Collections">
<msg time="2024-05-05T12:24:48.388693" level="INFO">False</msg>
<arg>${json_data['results'][0]['login']}</arg>
<arg>${keyTwo}</arg>
<doc>Fails if ``key`` is not found from ``dictionary``.</doc>
<status status="PASS" start="2024-05-05T12:24:48.388298" elapsed="0.000431"/>
</kw>
<kw name="Dictionary Should Contain Key" owner="Collections">
<msg time="2024-05-05T12:24:48.389405" level="INFO">False</msg>
<arg>${json_data['results'][0]['login']}</arg>
<arg>${keyTwo}</arg>
<doc>Fails if ``key`` is not found from ``dictionary``.</doc>
<status status="PASS" start="2024-05-05T12:24:48.389027" elapsed="0.000415"/>
</kw>
<kw name="Log" owner="BuiltIn">
<msg time="2024-05-05T12:24:48.389884" level="INFO">username</msg>
<arg>${keyTwo}</arg>
<doc>Logs the given message with the given level.</doc>
<status status="PASS" start="2024-05-05T12:24:48.389754" elapsed="0.000233"/>
</kw>
<var name="${keyTwo}">username</var>
<status status="PASS" start="2024-05-05T12:24:48.388188" elapsed="0.002040"/>
</iter>
<iter>
<kw name="Dictionary Should Contain Key" owner="Collections">
<msg time="2024-05-05T12:24:48.391042" level="INFO">False</msg>
<arg>${json_data['results'][0]['login']}</arg>
<arg>${keyTwo}</arg>
<doc>Fails if ``key`` is not found from ``dictionary``.</doc>
<status status="PASS" start="2024-05-05T12:24:48.390517" elapsed="0.000570"/>
</kw>
<kw name="Dictionary Should Contain Key" owner="Collections">
<msg time="2024-05-05T12:24:48.391784" level="INFO">False</msg>
<arg>${json_data['results'][0]['login']}</arg>
<arg>${keyTwo}</arg>
<doc>Fails if ``key`` is not found from ``dictionary``.</doc>
<status status="PASS" start="2024-05-05T12:24:48.391397" elapsed="0.000425"/>
</kw>
<kw name="Log" owner="BuiltIn">
<msg time="2024-05-05T12:24:48.392309" level="INFO">password</msg>
<arg>${keyTwo}</arg>
<doc>Logs the given message with the given level.</doc>
<status status="PASS" start="2024-05-05T12:24:48.392174" elapsed="0.000176"/>
</kw>
<var name="${keyTwo}">password</var>
<status status="PASS" start="2024-05-05T12:24:48.390403" elapsed="0.002222"/>
</iter>
<var>${keyTwo}</var>
<value>@{expected_keysTwo}</value>
<status status="PASS" start="2024-05-05T12:24:48.388031" elapsed="0.004721"/>
</for>
<status status="PASS" start="2024-05-05T12:24:48.245295" elapsed="0.147676"/>
</kw>
<doc>Testa a estrutura da resposta da API.</doc>
<tag>testeEstruturaResposta</tag>
<status status="PASS" start="2024-05-05T12:24:48.244774" elapsed="0.148368"/>
</test>
<test id="s1-s1-t4" name="Validar tipos de dados" line="28">
<kw name="Teste de Tipos de Dados" owner="random-user-service">
<kw name="GET On Session" owner="RequestsLibrary">
<msg time="2024-05-05T12:24:48.451011" level="INFO">GET Request : url=https://randomuser.me/api 
 path_url=/api 
 headers={'User-Agent': 'python-requests/2.31.0', 'Accept-Encoding': 'gzip, deflate', 'Accept': '*/*', 'Connection': 'keep-alive'} 
 body=None 
 </msg>
<msg time="2024-05-05T12:24:48.451113" level="INFO">GET Response : url=https://randomuser.me/api 
 status=200, reason=OK 
 headers={'Date': 'Sun, 05 May 2024 12:24:48 GMT', 'Content-Type': 'application/json; charset=utf-8', 'Transfer-Encoding': 'chunked', 'Connection': 'keep-alive', 'X-Powered-By': 'Express', 'Access-Control-Allow-Origin': '*', 'Cache-Control': 'no-cache', 'ETag': 'W/"48f-MMtd22EDZgxJaX51G74XqN5LqAI"', 'Vary': 'Accept-Encoding', 'Content-Encoding': 'gzip', 'CF-Cache-Status': 'DYNAMIC', 'Report-To': '{"endpoints":[{"url":"https:\\/\\/a.nel.cloudflare.com\\/report\\/v4?s=8CfOACgWpDNubI3m4Udmgbf3N5m2XT4%2BRnUnu7d%2FaYOt%2FTW7vOZ%2FNhAUZauQSM0VohI1cRfq4s7Y8szoILrxomgmcc1v1EyYZ5zOGIUfmrYM1GB8kBwn0JLMYJiWolwt"}],"group":"cf-nel","max_age":604800}', 'NEL': '{"success_fraction":0,"report_to":"cf-nel","max_age":604800}', 'Server': 'cloudflare', 'CF-RAY': '87f0b5a67c5c61df-ORD', 'alt-svc': 'h3=":443"; ma=86400'} 
 body={"results":[{"gender":"female","name":{"title":"Mrs","first":"Sara","last":"León"},"location":{"street":{"number":6553,"name":"Calle de Toledo"},"city":"Burgos","state":"Cantabria","country":"Spain","postcode":99205,"coordinates":{"latitude":"-30.4709","longitude":"155.8681"},"timezone":{"offset":"+10:00","description":"Eastern Australia, Guam, Vladivostok"}},"email":"sara.leon@example.com","login":{"uuid":"d75faa24-f094-4b7a-a640-83cfbfb8ff7d","username":"angryleopard287","password":"cowboy1","salt":"cLrTDQky","md5":"d254a33e83dd7a1815f120888528a192","sha1":"e2ba0b9016a995d82f925d41c05005933abe7baa","sha256":"d4f671a8f711aa2d13409ec8ce4855b26124a6936bf68806b82480675e6a2944"},"dob":{"date":"1989-08-21T20:52:12.020Z","age":34},"registered":{"date":"2022-01-05T01:13:04.540Z","age":2},"phone":"997-599-487","cell":"604-642-793","id":{"name":"DNI","value":"23050087-Y"},"picture":{"large":"https://randomuser.me/api/portraits/women/69.jpg","medium":"https://randomuser.me/api/portraits/med/women/69.jpg","thumbnail":"https://randomuser.me/api/portraits/thumb/women/69.jpg"},"nat":"ES"}],"info":{"seed":"8560e9faca7d084d","results":1,"page":1,"version":"1.4"}} 
 </msg>
<msg time="2024-05-05T12:24:48.451188" level="INFO">/opt/hostedtoolcache/Python/3.12.3/x64/lib/python3.12/site-packages/urllib3/connectionpool.py:1103: InsecureRequestWarning: Unverified HTTPS request is being made to host 'randomuser.me'. Adding certificate verification is strongly advised. See: https://urllib3.readthedocs.io/en/latest/advanced-usage.html#tls-warnings
  warnings.warn(</msg>
<msg time="2024-05-05T12:24:48.451312" level="INFO">${response} = &lt;Response [200]&gt;</msg>
<var>${response}</var>
<arg>consultarAPI</arg>
<arg>/api</arg>
<doc>Sends a GET request on a previously created HTTP Session.</doc>
<status status="PASS" start="2024-05-05T12:24:48.396709" elapsed="0.054637"/>
</kw>
<kw name="Set Variable" owner="BuiltIn">
<msg time="2024-05-05T12:24:48.452448" level="INFO">${json_data} = {'results': [{'gender': 'female', 'name': {'title': 'Mrs', 'first': 'Sara', 'last': 'León'}, 'location': {'street': {'number': 6553, 'name': 'Calle de Toledo'}, 'city': 'Burgos', 'state': 'Cantabria',...</msg>
<var>${json_data}</var>
<arg>${response.json()}</arg>
<doc>Returns the given values which can then be assigned to a variables.</doc>
<status status="PASS" start="2024-05-05T12:24:48.451896" elapsed="0.000582"/>
</kw>
<kw name="Log" owner="BuiltIn">
<msg time="2024-05-05T12:24:48.452957" level="INFO">{'results': [{'gender': 'female', 'name': {'title': 'Mrs', 'first': 'Sara', 'last': 'León'}, 'location': {'street': {'number': 6553, 'name': 'Calle de Toledo'}, 'city': 'Burgos', 'state': 'Cantabria', 'country': 'Spain', 'postcode': 99205, 'coordinates': {'latitude': '-30.4709', 'longitude': '155.8681'}, 'timezone': {'offset': '+10:00', 'description': 'Eastern Australia, Guam, Vladivostok'}}, 'email': 'sara.leon@example.com', 'login': {'uuid': 'd75faa24-f094-4b7a-a640-83cfbfb8ff7d', 'username': 'angryleopard287', 'password': 'cowboy1', 'salt': 'cLrTDQky', 'md5': 'd254a33e83dd7a1815f120888528a192', 'sha1': 'e2ba0b9016a995d82f925d41c05005933abe7baa', 'sha256': 'd4f671a8f711aa2d13409ec8ce4855b26124a6936bf68806b82480675e6a2944'}, 'dob': {'date': '1989-08-21T20:52:12.020Z', 'age': 34}, 'registered': {'date': '2022-01-05T01:13:04.540Z', 'age': 2}, 'phone': '997-599-487', 'cell': '604-642-793', 'id': {'name': 'DNI', 'value': '23050087-Y'}, 'picture': {'large': 'https://randomuser.me/api/portraits/women/69.jpg', 'medium': 'https://randomuser.me/api/portraits/med/women/69.jpg', 'thumbnail': 'https://randomuser.me/api/portraits/thumb/women/69.jpg'}, 'nat': 'ES'}], 'info': {'seed': '8560e9faca7d084d', 'results': 1, 'page': 1, 'version': '1.4'}}</msg>
<arg>${json_data}</arg>
<doc>Logs the given message with the given level.</doc>
<status status="PASS" start="2024-05-05T12:24:48.452796" elapsed="0.000249"/>
</kw>
<kw name="Should Be String" owner="String">
<arg>${json_data['results'][0]['gender']}</arg>
<doc>Fails if the given ``item`` is not a string.</doc>
<status status="PASS" start="2024-05-05T12:24:48.453348" elapsed="0.000448"/>
</kw>
<kw name="Should Match Regexp" owner="BuiltIn">
<arg>${json_data['results'][0]['email']}</arg>
<arg>^[a-zA-Z0-9._%+-]+@[a-zA-Z0-9.-]+\.[a-zA-Z]{2,}$</arg>
<doc>Fails if ``string`` does not match ``pattern`` as a regular expression.</doc>
<status status="PASS" start="2024-05-05T12:24:48.454060" elapsed="0.000585"/>
</kw>
<kw name="Should Match Regexp" owner="BuiltIn">
<arg>${json_data['results'][0]['dob']['date']}</arg>
<arg>\\d{4}-\\d{2}-\\d{2}T\\d{2}:\\d{2}:\\d{2}\\.\\d{3}Z</arg>
<doc>Fails if ``string`` does not match ``pattern`` as a regular expression.</doc>
<status status="PASS" start="2024-05-05T12:24:48.454846" elapsed="0.000494"/>
</kw>
<kw name="Should Match Regexp" owner="BuiltIn">
<arg>${json_data['results'][0]['registered']['date']}</arg>
<arg>\\d{4}-\\d{2}-\\d{2}T\\d{2}:\\d{2}:\\d{2}\\.\\d{3}Z</arg>
<doc>Fails if ``string`` does not match ``pattern`` as a regular expression.</doc>
<status status="PASS" start="2024-05-05T12:24:48.455538" elapsed="0.000375"/>
</kw>
<kw name="Should Match Regexp" owner="BuiltIn">
<arg>${json_data['results'][0]['picture']['large']}</arg>
<arg>^https?://.*\.(?:png|jpe?g|gif|bmp)$</arg>
<doc>Fails if ``string`` does not match ``pattern`` as a regular expression.</doc>
<status status="PASS" start="2024-05-05T12:24:48.456103" elapsed="0.000459"/>
</kw>
<kw name="Should Match Regexp" owner="BuiltIn">
<arg>${json_data['results'][0]['picture']['medium']}</arg>
<arg>^https?://.*\.(?:png|jpe?g|gif|bmp)$</arg>
<doc>Fails if ``string`` does not match ``pattern`` as a regular expression.</doc>
<status status="PASS" start="2024-05-05T12:24:48.456748" elapsed="0.000357"/>
</kw>
<kw name="Should Match Regexp" owner="BuiltIn">
<arg>${json_data['results'][0]['picture']['thumbnail']}</arg>
<arg>^https?://.*\.(?:png|jpe?g|gif|bmp)$</arg>
<doc>Fails if ``string`` does not match ``pattern`` as a regular expression.</doc>
<status status="PASS" start="2024-05-05T12:24:48.457296" elapsed="0.000351"/>
</kw>
<kw name="Log" owner="BuiltIn">
<msg time="2024-05-05T12:24:48.458295" level="INFO">{'large': 'https://randomuser.me/api/portraits/women/69.jpg', 'medium': 'https://randomuser.me/api/portraits/med/women/69.jpg', 'thumbnail': 'https://randomuser.me/api/portraits/thumb/women/69.jpg'}</msg>
<arg>${json_data['results'][0]['picture']}</arg>
<doc>Logs the given message with the given level.</doc>
<status status="PASS" start="2024-05-05T12:24:48.457923" elapsed="0.000417"/>
</kw>
<status status="PASS" start="2024-05-05T12:24:48.396407" elapsed="0.062213"/>
</kw>
<kw name="Teste de Tipos de Dados - Postcode" owner="random-user-service">
<kw name="GET On Session" owner="RequestsLibrary">
<msg time="2024-05-05T12:24:48.544408" level="INFO">GET Request : url=https://randomuser.me/api 
 path_url=/api 
 headers={'User-Agent': 'python-requests/2.31.0', 'Accept-Encoding': 'gzip, deflate', 'Accept': '*/*', 'Connection': 'keep-alive'} 
 body=None 
 </msg>
<msg time="2024-05-05T12:24:48.544516" level="INFO">GET Response : url=https://randomuser.me/api 
 status=200, reason=OK 
 headers={'Date': 'Sun, 05 May 2024 12:24:48 GMT', 'Content-Type': 'application/json; charset=utf-8', 'Transfer-Encoding': 'chunked', 'Connection': 'keep-alive', 'X-Powered-By': 'Express', 'Access-Control-Allow-Origin': '*', 'Cache-Control': 'no-cache', 'ETag': 'W/"48c-SC+Zf3dsCODCUfW3S9SoYT+61T8"', 'Vary': 'Accept-Encoding', 'Content-Encoding': 'gzip', 'CF-Cache-Status': 'DYNAMIC', 'Report-To': '{"endpoints":[{"url":"https:\\/\\/a.nel.cloudflare.com\\/report\\/v4?s=rB9fb0udwSgddOIPozHoC6rrnj7YTVFbArzvF20GkvRzfIIdmCurrE4MxJPE5iy9sAjNYazzCnPyrmJzoW1mZbdTNLondy2cOsh2QGnr8FrT0LZTZOs%2BPCH%2Bj2CJ%2BjIQ"}],"group":"cf-nel","max_age":604800}', 'NEL': '{"success_fraction":0,"report_to":"cf-nel","max_age":604800}', 'Server': 'cloudflare', 'CF-RAY': '87f0b5a6ec9a61df-ORD', 'alt-svc': 'h3=":443"; ma=86400'} 
 body={"results":[{"gender":"male","name":{"title":"Monsieur","first":"Miroslav","last":"Morel"},"location":{"street":{"number":9968,"name":"Avenue Jean-Jaurès"},"city":"Penthaz","state":"Luzern","country":"Switzerland","postcode":4618,"coordinates":{"latitude":"-62.2478","longitude":"-67.6191"},"timezone":{"offset":"+5:45","description":"Kathmandu"}},"email":"miroslav.morel@example.com","login":{"uuid":"bbbf1a74-85c9-4159-8171-8e1863b619f9","username":"heavybutterfly556","password":"barker","salt":"HuWJftMa","md5":"dba13e602b6082c1124048e6cd361ac5","sha1":"89365841e4a73a246702dbdba3570e811a172d05","sha256":"ff652eecdccd2221abc9eff658994295db96b932041d842ac53a06eaa32be30b"},"dob":{"date":"1996-03-04T10:29:17.219Z","age":28},"registered":{"date":"2004-04-21T15:06:46.574Z","age":20},"phone":"076 731 59 64","cell":"078 946 45 20","id":{"name":"AVS","value":"756.9140.3009.98"},"picture":{"large":"https://randomuser.me/api/portraits/men/52.jpg","medium":"https://randomuser.me/api/portraits/med/men/52.jpg","thumbnail":"https://randomuser.me/api/portraits/thumb/men/52.jpg"},"nat":"CH"}],"info":{"seed":"fb67a3bed3bc0b36","results":1,"page":1,"version":"1.4"}} 
 </msg>
<msg time="2024-05-05T12:24:48.544591" level="INFO">/opt/hostedtoolcache/Python/3.12.3/x64/lib/python3.12/site-packages/urllib3/connectionpool.py:1103: InsecureRequestWarning: Unverified HTTPS request is being made to host 'randomuser.me'. Adding certificate verification is strongly advised. See: https://urllib3.readthedocs.io/en/latest/advanced-usage.html#tls-warnings
  warnings.warn(</msg>
<msg time="2024-05-05T12:24:48.544772" level="INFO">${response} = &lt;Response [200]&gt;</msg>
<var>${response}</var>
<arg>consultarAPI</arg>
<arg>/api</arg>
<doc>Sends a GET request on a previously created HTTP Session.</doc>
<status status="PASS" start="2024-05-05T12:24:48.459088" elapsed="0.085731"/>
</kw>
<kw name="Set Variable" owner="BuiltIn">
<msg time="2024-05-05T12:24:48.546516" level="INFO">${json_data} = {'results': [{'gender': 'male', 'name': {'title': 'Monsieur', 'first': 'Miroslav', 'last': 'Morel'}, 'location': {'street': {'number': 9968, 'name': 'Avenue Jean-Jaurès'}, 'city': 'Penthaz', 'state': ...</msg>
<var>${json_data}</var>
<arg>${response.json()}</arg>
<doc>Returns the given values which can then be assigned to a variables.</doc>
<status status="PASS" start="2024-05-05T12:24:48.545709" elapsed="0.000902"/>
</kw>
<kw name="Log" owner="BuiltIn">
<msg time="2024-05-05T12:24:48.547691" level="INFO">{'results': [{'gender': 'male', 'name': {'title': 'Monsieur', 'first': 'Miroslav', 'last': 'Morel'}, 'location': {'street': {'number': 9968, 'name': 'Avenue Jean-Jaurès'}, 'city': 'Penthaz', 'state': 'Luzern', 'country': 'Switzerland', 'postcode': 4618, 'coordinates': {'latitude': '-62.2478', 'longitude': '-67.6191'}, 'timezone': {'offset': '+5:45', 'description': 'Kathmandu'}}, 'email': 'miroslav.morel@example.com', 'login': {'uuid': 'bbbf1a74-85c9-4159-8171-8e1863b619f9', 'username': 'heavybutterfly556', 'password': 'barker', 'salt': 'HuWJftMa', 'md5': 'dba13e602b6082c1124048e6cd361ac5', 'sha1': '89365841e4a73a246702dbdba3570e811a172d05', 'sha256': 'ff652eecdccd2221abc9eff658994295db96b932041d842ac53a06eaa32be30b'}, 'dob': {'date': '1996-03-04T10:29:17.219Z', 'age': 28}, 'registered': {'date': '2004-04-21T15:06:46.574Z', 'age': 20}, 'phone': '076 731 59 64', 'cell': '078 946 45 20', 'id': {'name': 'AVS', 'value': '756.9140.3009.98'}, 'picture': {'large': 'https://randomuser.me/api/portraits/men/52.jpg', 'medium': 'https://randomuser.me/api/portraits/med/men/52.jpg', 'thumbnail': 'https://randomuser.me/api/portraits/thumb/men/52.jpg'}, 'nat': 'CH'}], 'info': {'seed': 'fb67a3bed3bc0b36', 'results': 1, 'page': 1, 'version': '1.4'}}</msg>
<arg>${json_data}</arg>
<doc>Logs the given message with the given level.</doc>
<status status="PASS" start="2024-05-05T12:24:48.547475" elapsed="0.000309"/>
</kw>
<kw name="Should Be Equal As Numbers" owner="BuiltIn">
<arg>${json_data['results'][0]['location']['postcode']}</arg>
<arg>${json_data['results'][0]['location']['postcode']}</arg>
<doc>Fails if objects are unequal after converting them to real numbers.</doc>
<status status="PASS" start="2024-05-05T12:24:48.548705" elapsed="0.000809"/>
</kw>
<kw name="Log" owner="BuiltIn">
<msg time="2024-05-05T12:24:48.550321" level="INFO">4618</msg>
<arg>${json_data['results'][0]['location']['postcode']}</arg>
<doc>Logs the given message with the given level.</doc>
<status status="PASS" start="2024-05-05T12:24:48.549956" elapsed="0.000408"/>
</kw>
<status status="PASS" start="2024-05-05T12:24:48.458854" elapsed="0.091778"/>
</kw>
<doc>Testa se os tipos de dados na resposta da API estão corretos.</doc>
<tag>testeTiposDados</tag>
<status status="PASS" start="2024-05-05T12:24:48.395614" elapsed="0.155192"/>
</test>
<test id="s1-s1-t5" name="Validar conteudo" line="35">
<kw name="Teste de Tipos de Conteudo" owner="random-user-service">
<kw name="GET On Session" owner="RequestsLibrary">
<msg time="2024-05-05T12:24:48.639413" level="INFO">GET Request : url=https://randomuser.me/api 
 path_url=/api 
 headers={'User-Agent': 'python-requests/2.31.0', 'Accept-Encoding': 'gzip, deflate', 'Accept': '*/*', 'Connection': 'keep-alive'} 
 body=None 
 </msg>
<msg time="2024-05-05T12:24:48.639517" level="INFO">GET Response : url=https://randomuser.me/api 
 status=200, reason=OK 
 headers={'Date': 'Sun, 05 May 2024 12:24:48 GMT', 'Content-Type': 'application/json; charset=utf-8', 'Transfer-Encoding': 'chunked', 'Connection': 'keep-alive', 'X-Powered-By': 'Express', 'Access-Control-Allow-Origin': '*', 'Cache-Control': 'no-cache', 'ETag': 'W/"48d-Zkf7m13F+ga/t+j2AoSCKgasOPA"', 'Vary': 'Accept-Encoding', 'Content-Encoding': 'gzip', 'CF-Cache-Status': 'DYNAMIC', 'Report-To': '{"endpoints":[{"url":"https:\\/\\/a.nel.cloudflare.com\\/report\\/v4?s=NQsopCjxcyfO3%2FVbCzT5PfNQwdvOsIuifu2kAD%2Bz8ndAC7he1Gt6oqQo5%2BkuE9Sa6M6tJs5bzLynRgLuWERu8%2BPBOoZTsiTgyll9rrhwNJNHWTD7pZKyGW9iUEPGHGee"}],"group":"cf-nel","max_age":604800}', 'NEL': '{"success_fraction":0,"report_to":"cf-nel","max_age":604800}', 'Server': 'cloudflare', 'CF-RAY': '87f0b5a77d1361df-ORD', 'alt-svc': 'h3=":443"; ma=86400'} 
 body={"results":[{"gender":"male","name":{"title":"Mr","first":"Marius","last":"Hansen"},"location":{"street":{"number":2473,"name":"Lodsvej"},"city":"Vipperød","state":"Syddanmark","country":"Denmark","postcode":96451,"coordinates":{"latitude":"-44.2961","longitude":"-53.3810"},"timezone":{"offset":"0:00","description":"Western Europe Time, London, Lisbon, Casablanca"}},"email":"marius.hansen@example.com","login":{"uuid":"92737fdf-da69-4093-b436-88588c1d1f64","username":"browngoose598","password":"dogman","salt":"1QzJdKp0","md5":"5a9225a17e3162d24b4487f212fdd746","sha1":"fc99f83790e84f3fa6bd8dee058ce54e2892f39d","sha256":"5505a945f11d499ef909ec2037ded251eb0f084217057efea1eba6ad719f72c8"},"dob":{"date":"1973-09-11T16:27:17.804Z","age":50},"registered":{"date":"2009-06-30T11:00:37.214Z","age":14},"phone":"57180942","cell":"41485221","id":{"name":"CPR","value":"110973-1998"},"picture":{"large":"https://randomuser.me/api/portraits/men/55.jpg","medium":"https://randomuser.me/api/portraits/med/men/55.jpg","thumbnail":"https://randomuser.me/api/portraits/thumb/men/55.jpg"},"nat":"DK"}],"info":{"seed":"c38dcfa159eb7bfe","results":1,"page":1,"version":"1.4"}} 
 </msg>
<msg time="2024-05-05T12:24:48.639595" level="INFO">/opt/hostedtoolcache/Python/3.12.3/x64/lib/python3.12/site-packages/urllib3/connectionpool.py:1103: InsecureRequestWarning: Unverified HTTPS request is being made to host 'randomuser.me'. Adding certificate verification is strongly advised. See: https://urllib3.readthedocs.io/en/latest/advanced-usage.html#tls-warnings
  warnings.warn(</msg>
<msg time="2024-05-05T12:24:48.639744" level="INFO">${response} = &lt;Response [200]&gt;</msg>
<var>${response}</var>
<arg>consultarAPI</arg>
<arg>/api</arg>
<doc>Sends a GET request on a previously created HTTP Session.</doc>
<status status="PASS" start="2024-05-05T12:24:48.556450" elapsed="0.083341"/>
</kw>
<kw name="Set Variable" owner="BuiltIn">
<msg time="2024-05-05T12:24:48.641158" level="INFO">${json_data} = {'results': [{'gender': 'male', 'name': {'title': 'Mr', 'first': 'Marius', 'last': 'Hansen'}, 'location': {'street': {'number': 2473, 'name': 'Lodsvej'}, 'city': 'Vipperød', 'state': 'Syddanmark', 'co...</msg>
<var>${json_data}</var>
<arg>${response.json()}</arg>
<doc>Returns the given values which can then be assigned to a variables.</doc>
<status status="PASS" start="2024-05-05T12:24:48.640384" elapsed="0.000810"/>
</kw>
<kw name="Set Variable" owner="BuiltIn">
<msg time="2024-05-05T12:24:48.642473" level="INFO">${name_title} = Mr</msg>
<var>${name_title}</var>
<arg>${json_data["results"][0]["name"]["title"]}</arg>
<doc>Returns the given values which can then be assigned to a variables.</doc>
<status status="PASS" start="2024-05-05T12:24:48.641902" elapsed="0.000599"/>
</kw>
<kw name="Create List" owner="BuiltIn">
<msg time="2024-05-05T12:24:48.643251" level="INFO">${allowed_titles} = ['Mr', 'Ms', 'Miss', 'Mrs', 'Madame', 'Monsieur']</msg>
<var>${allowed_titles}</var>
<arg>Mr</arg>
<arg>Ms</arg>
<arg>Miss</arg>
<arg>Mrs</arg>
<arg>Madame</arg>
<arg>Monsieur</arg>
<doc>Returns a list containing given items.</doc>
<status status="PASS" start="2024-05-05T12:24:48.643085" elapsed="0.000194"/>
</kw>
<kw name="List Should Contain Value" owner="Collections">
<msg time="2024-05-05T12:24:48.644388" level="INFO">False</msg>
<arg>${allowed_titles}</arg>
<arg>${name_title}</arg>
<doc>Fails if the ``value`` is not found from ``list``.</doc>
<status status="PASS" start="2024-05-05T12:24:48.643804" elapsed="0.000637"/>
</kw>
<kw name="Set Variable" owner="BuiltIn">
<msg time="2024-05-05T12:24:48.645425" level="INFO">${name_country} = DK</msg>
<var>${name_country}</var>
<arg>${json_data["results"][0]["nat"]}</arg>
<doc>Returns the given values which can then be assigned to a variables.</doc>
<status status="PASS" start="2024-05-05T12:24:48.644964" elapsed="0.000495"/>
</kw>
<kw name="Create List" owner="BuiltIn">
<msg time="2024-05-05T12:24:48.646799" level="INFO">${list_country} = ['AD', 'AE', 'AF', 'AG', 'AI', 'AL', 'AM', 'AO', 'AQ', 'AR', 'AS', 'AT', 'AU', 'AW', 'AX', 'AZ', 'BA', 'BB', 'BD', 'BE', 'BF', 'BG', 'BH', 'BI', 'BJ', 'BL', 'BM', 'BN', 'BO', 'BQ', 'BR', 'BS', 'BT', '...</msg>
<var>${list_country}</var>
<arg>AD</arg>
<arg>AE</arg>
<arg>AF</arg>
<arg>AG</arg>
<arg>AI</arg>
<arg>AL</arg>
<arg>AM</arg>
<arg>AO</arg>
<arg>AQ</arg>
<arg>AR</arg>
<arg>AS</arg>
<arg>AT</arg>
<arg>AU</arg>
<arg>AW</arg>
<arg>AX</arg>
<arg>AZ</arg>
<arg>BA</arg>
<arg>BB</arg>
<arg>BD</arg>
<arg>BE</arg>
<arg>BF</arg>
<arg>BG</arg>
<arg>BH</arg>
<arg>BI</arg>
<arg>BJ</arg>
<arg>BL</arg>
<arg>BM</arg>
<arg>BN</arg>
<arg>BO</arg>
<arg>BQ</arg>
<arg>BR</arg>
<arg>BS</arg>
<arg>BT</arg>
<arg>BV</arg>
<arg>BW</arg>
<arg>BY</arg>
<arg>BZ</arg>
<arg>CA</arg>
<arg>CC</arg>
<arg>CD</arg>
<arg>CF</arg>
<arg>CG</arg>
<arg>CH</arg>
<arg>CI</arg>
<arg>CK</arg>
<arg>CL</arg>
<arg>CM</arg>
<arg>CN</arg>
<arg>CO</arg>
<arg>CR</arg>
<arg>CU</arg>
<arg>CV</arg>
<arg>CW</arg>
<arg>CX</arg>
<arg>CY</arg>
<arg>CZ</arg>
<arg>DE</arg>
<arg>DJ</arg>
<arg>DK</arg>
<arg>DM</arg>
<arg>DO</arg>
<arg>DZ</arg>
<arg>EC</arg>
<arg>EE</arg>
<arg>EG</arg>
<arg>EH</arg>
<arg>ER</arg>
<arg>ES</arg>
<arg>ET</arg>
<arg>FI</arg>
<arg>FJ</arg>
<arg>FK</arg>
<arg>FM</arg>
<arg>FO</arg>
<arg>FR</arg>
<arg>GA</arg>
<arg>GB</arg>
<arg>GD</arg>
<arg>GE</arg>
<arg>GF</arg>
<arg>GG</arg>
<arg>GH</arg>
<arg>GI</arg>
<arg>GL</arg>
<arg>GM</arg>
<arg>GN</arg>
<arg>GP</arg>
<arg>GQ</arg>
<arg>GR</arg>
<arg>GS</arg>
<arg>GT</arg>
<arg>GU</arg>
<arg>GW</arg>
<arg>GY</arg>
<arg>HK</arg>
<arg>HM</arg>
<arg>HN</arg>
<arg>HR</arg>
<arg>HT</arg>
<arg>HU</arg>
<arg>ID</arg>
<arg>IE</arg>
<arg>IL</arg>
<arg>IM</arg>
<arg>IN</arg>
<arg>IO</arg>
<arg>IQ</arg>
<arg>IR</arg>
<arg>IS</arg>
<arg>IT</arg>
<arg>JE</arg>
<arg>JM</arg>
<arg>JO</arg>
<arg>JP</arg>
<arg>KE</arg>
<arg>KG</arg>
<arg>KH</arg>
<arg>KI</arg>
<arg>KM</arg>
<arg>KN</arg>
<arg>KP</arg>
<arg>KR</arg>
<arg>KW</arg>
<arg>KY</arg>
<arg>KZ</arg>
<arg>LA</arg>
<arg>LB</arg>
<arg>LC</arg>
<arg>LI</arg>
<arg>LK</arg>
<arg>LR</arg>
<arg>LS</arg>
<arg>LT</arg>
<arg>LU</arg>
<arg>LV</arg>
<arg>LY</arg>
<arg>MA</arg>
<arg>MC</arg>
<arg>MD</arg>
<arg>ME</arg>
<arg>MF</arg>
<arg>MG</arg>
<arg>MH</arg>
<arg>MK</arg>
<arg>ML</arg>
<arg>MM</arg>
<arg>MN</arg>
<arg>MO</arg>
<arg>MP</arg>
<arg>MQ</arg>
<arg>MR</arg>
<arg>MS</arg>
<arg>MT</arg>
<arg>MU</arg>
<arg>MV</arg>
<arg>MW</arg>
<arg>MX</arg>
<arg>MY</arg>
<arg>MZ</arg>
<arg>NA</arg>
<arg>NC</arg>
<arg>NE</arg>
<arg>NF</arg>
<arg>NG</arg>
<arg>NI</arg>
<arg>NL</arg>
<arg>NO</arg>
<arg>NP</arg>
<arg>NR</arg>
<arg>NU</arg>
<arg>NZ</arg>
<arg>OM</arg>
<arg>PA</arg>
<arg>PE</arg>
<arg>PF</arg>
<arg>PG</arg>
<arg>PH</arg>
<arg>PK</arg>
<arg>PL</arg>
<arg>PM</arg>
<arg>PN</arg>
<arg>PR</arg>
<arg>PS</arg>
<arg>PT</arg>
<arg>PW</arg>
<arg>PY</arg>
<arg>QA</arg>
<arg>RE</arg>
<arg>RO</arg>
<arg>RS</arg>
<arg>RU</arg>
<arg>RW</arg>
<arg>SA</arg>
<arg>SB</arg>
<arg>SC</arg>
<arg>SD</arg>
<arg>SE</arg>
<arg>SG</arg>
<arg>SH</arg>
<arg>SI</arg>
<arg>SJ</arg>
<arg>SK</arg>
<arg>SL</arg>
<arg>SM</arg>
<arg>SN</arg>
<arg>SO</arg>
<arg>SR</arg>
<arg>SS</arg>
<arg>ST</arg>
<arg>SV</arg>
<arg>SX</arg>
<arg>SY</arg>
<arg>SZ</arg>
<arg>TC</arg>
<arg>TD</arg>
<arg>TF</arg>
<arg>TG</arg>
<arg>TH</arg>
<arg>TJ</arg>
<arg>TK</arg>
<arg>TL</arg>
<arg>TM</arg>
<arg>TN</arg>
<arg>TO</arg>
<arg>TR</arg>
<arg>TT</arg>
<arg>TV</arg>
<arg>TW</arg>
<arg>TZ</arg>
<arg>UA</arg>
<arg>UG</arg>
<arg>UM</arg>
<arg>US</arg>
<arg>UY</arg>
<arg>UZ</arg>
<arg>VA</arg>
<arg>VC</arg>
<arg>VE</arg>
<arg>VG</arg>
<arg>VI</arg>
<arg>VN</arg>
<arg>VU</arg>
<arg>WF</arg>
<arg>WS</arg>
<arg>XK</arg>
<arg>YE</arg>
<arg>YT</arg>
<arg>ZA</arg>
<arg>ZM</arg>
<arg>ZW</arg>
<doc>Returns a list containing given items.</doc>
<status status="PASS" start="2024-05-05T12:24:48.646018" elapsed="0.000813"/>
</kw>
<kw name="List Should Contain Value" owner="Collections">
<msg time="2024-05-05T12:24:48.648690" level="INFO">False</msg>
<arg>${list_country}</arg>
<arg>${name_country}</arg>
<doc>Fails if the ``value`` is not found from ``list``.</doc>
<status status="PASS" start="2024-05-05T12:24:48.648392" elapsed="0.000342"/>
</kw>
<kw name="Run Keyword If" owner="BuiltIn">
<kw name="Should Be True" owner="BuiltIn">
<arg>${True}</arg>
<doc>Fails if the given condition is not true.</doc>
<status status="PASS" start="2024-05-05T12:24:48.649933" elapsed="0.000280"/>
</kw>
<arg>${json_data["results"][0]["location"]["coordinates"]["latitude"]} &gt;= -90 and ${json_data["results"][0]["location"]["coordinates"]["latitude"]} &lt;= 90</arg>
<arg>Should Be True</arg>
<arg>${True}</arg>
<doc>Runs the given keyword with the given arguments, if ``condition`` is true.</doc>
<status status="PASS" start="2024-05-05T12:24:48.649072" elapsed="0.001279"/>
</kw>
<kw name="Run Keyword If" owner="BuiltIn">
<kw name="Should Be True" owner="BuiltIn">
<arg>${True}</arg>
<doc>Fails if the given condition is not true.</doc>
<status status="PASS" start="2024-05-05T12:24:48.651250" elapsed="0.000590"/>
</kw>
<arg>${json_data["results"][0]["location"]["coordinates"]["longitude"]} &gt;= -180 and ${json_data["results"][0]["location"]["coordinates"]["longitude"]} &lt;= 180</arg>
<arg>Should Be True</arg>
<arg>${True}</arg>
<doc>Runs the given keyword with the given arguments, if ``condition`` is true.</doc>
<status status="PASS" start="2024-05-05T12:24:48.650542" elapsed="0.001670"/>
</kw>
<status status="PASS" start="2024-05-05T12:24:48.556046" elapsed="0.096331"/>
</kw>
<doc>Testa o conteúdo específico dos campos retornados pela API.</doc>
<tag>testeConteudo</tag>
<status status="PASS" start="2024-05-05T12:24:48.555308" elapsed="0.097232"/>
</test>
<status status="PASS" start="2024-05-05T12:24:47.788627" elapsed="0.866052"/>
</suite>
<status status="PASS" start="2024-05-05T12:24:47.774553" elapsed="0.885364"/>
</suite>
<statistics>
<total>
<stat pass="5" fail="0" skip="0">All Tests</stat>
</total>
<tag>
<stat pass="1" fail="0" skip="0">testeConteudo</stat>
<stat pass="1" fail="0" skip="0">testeEstruturaResposta</stat>
<stat pass="1" fail="0" skip="0">testeRequisicaoBasica</stat>
<stat pass="1" fail="0" skip="0">testeTiposDados</stat>
</tag>
<suite>
<stat pass="5" fail="0" skip="0" id="s1" name="Tests">Tests</stat>
<stat pass="5" fail="0" skip="0" id="s1-s1" name="Random-User-Test">Tests.Random-User-Test</stat>
</suite>
</statistics>
<errors>
</errors>
</robot>
