<?xml version="1.0" encoding="UTF-8"?>
<robot generator="Robot 7.0 (Python 3.12.3 on linux)" generated="2024-05-06T09:15:53.474441" rpa="false" schemaversion="5">
<suite id="s1" name="Tests" source="/home/runner/work/DesafioQAItauRogerioJordao/DesafioQAItauRogerioJordao/RamdonUser/tests">
<suite id="s1-s1" name="Random-User-Test" source="/home/runner/work/DesafioQAItauRogerioJordao/DesafioQAItauRogerioJordao/RamdonUser/tests/random-user-test.robot">
<test id="s1-s1-t1" name="Conectar" line="13">
<kw name="Conectar API" owner="random-user-service">
<kw name="Create Session" owner="RequestsLibrary">
<msg time="2024-05-06T09:15:53.839018" level="INFO">Creating Session using : alias=consultarAPI, url=https://randomuser.me/, headers={},                     cookies={}, auth=None, timeout=None, proxies=None, verify=False,                     debug=0 </msg>
<arg>consultarAPI</arg>
<arg>${URL}</arg>
<doc>Create Session: create a HTTP session to a server</doc>
<status status="PASS" start="2024-05-06T09:15:53.838816" elapsed="0.000391"/>
</kw>
<status status="PASS" start="2024-05-06T09:15:53.837782" elapsed="0.001820"/>
</kw>
<status status="PASS" start="2024-05-06T09:15:53.837103" elapsed="0.002695"/>
</test>
<test id="s1-s1-t2" name="Validar retorno 200 e JSON Válido" line="16">
<kw name="Teste de Requisicao Basica" owner="random-user-service">
<kw name="GET On Session" owner="RequestsLibrary">
<msg time="2024-05-06T09:15:54.070853" level="INFO">GET Request : url=https://randomuser.me/api 
 path_url=/api 
 headers={'User-Agent': 'python-requests/2.31.0', 'Accept-Encoding': 'gzip, deflate', 'Accept': '*/*', 'Connection': 'keep-alive'} 
 body=None 
 </msg>
<msg time="2024-05-06T09:15:54.071006" level="INFO">GET Response : url=https://randomuser.me/api 
 status=200, reason=OK 
 headers={'Date': 'Mon, 06 May 2024 09:15:54 GMT', 'Content-Type': 'application/json; charset=utf-8', 'Transfer-Encoding': 'chunked', 'Connection': 'keep-alive', 'X-Powered-By': 'Express', 'Access-Control-Allow-Origin': '*', 'Cache-Control': 'no-cache', 'ETag': 'W/"497-MaTTjegHvSbXrJ0yp3rNTEXDeVo"', 'Vary': 'Accept-Encoding', 'Content-Encoding': 'gzip', 'CF-Cache-Status': 'DYNAMIC', 'Report-To': '{"endpoints":[{"url":"https:\\/\\/a.nel.cloudflare.com\\/report\\/v4?s=7cltZLgVQ6lMMQhlyEah%2BYap8AzvPmyp862XIx2eaR%2BaW3X1uaQCNahbyhAqQozBBB17ngRu18YiDIEKENdJmJ049ky2vmCzjpWtw5NhCGj5s3XBI7J0r%2F6PZ8DgbXHz"}],"group":"cf-nel","max_age":604800}', 'NEL': '{"success_fraction":0,"report_to":"cf-nel","max_age":604800}', 'Server': 'cloudflare', 'CF-RAY': '87f7de4ebed80660-IAD', 'alt-svc': 'h3=":443"; ma=86400'} 
 body={"results":[{"gender":"female","name":{"title":"Mrs","first":"Magadara","last":"Makuh"},"location":{"street":{"number":3842,"name":"Nizhnoyurkivska"},"city":"Berezivka","state":"Kirovogradska","country":"Ukraine","postcode":85857,"coordinates":{"latitude":"77.9594","longitude":"165.8141"},"timezone":{"offset":"-3:00","description":"Brazil, Buenos Aires, Georgetown"}},"email":"magadara.makuh@example.com","login":{"uuid":"78856907-d3e3-44c3-a702-6f343b337185","username":"blackgoose973","password":"123123123","salt":"o6npVpOD","md5":"b164386d6c40fdc2d4d9f0f64306bb82","sha1":"852ceff2ac3320638a1640c67156376ea197cddc","sha256":"7f2d2447e168c5cb95ca1f6969254eb62f64dad61e014b6498a9df3736967ad3"},"dob":{"date":"1956-02-09T16:03:38.974Z","age":68},"registered":{"date":"2007-04-21T22:01:35.998Z","age":17},"phone":"(097) F24-0534","cell":"(096) X26-8154","id":{"name":"","value":null},"picture":{"large":"https://randomuser.me/api/portraits/women/19.jpg","medium":"https://randomuser.me/api/portraits/med/women/19.jpg","thumbnail":"https://randomuser.me/api/portraits/thumb/women/19.jpg"},"nat":"UA"}],"info":{"seed":"f708f2b31e7b7f26","results":1,"page":1,"version":"1.4"}} 
 </msg>
<msg time="2024-05-06T09:15:54.071091" level="INFO">/opt/hostedtoolcache/Python/3.12.3/x64/lib/python3.12/site-packages/urllib3/connectionpool.py:1103: InsecureRequestWarning: Unverified HTTPS request is being made to host 'randomuser.me'. Adding certificate verification is strongly advised. See: https://urllib3.readthedocs.io/en/latest/advanced-usage.html#tls-warnings
  warnings.warn(</msg>
<msg time="2024-05-06T09:15:54.071249" level="INFO">${response} = &lt;Response [200]&gt;</msg>
<var>${response}</var>
<arg>consultarAPI</arg>
<arg>/api</arg>
<doc>Sends a GET request on a previously created HTTP Session.</doc>
<status status="PASS" start="2024-05-06T09:15:53.842473" elapsed="0.228818"/>
</kw>
<kw name="Should Be Equal As Numbers" owner="BuiltIn">
<msg time="2024-05-06T09:15:54.072506" level="INFO">Argument types are:
&lt;class 'int'&gt;
&lt;class 'str'&gt;</msg>
<arg>${response.status_code}</arg>
<arg>200</arg>
<doc>Fails if objects are unequal after converting them to real numbers.</doc>
<status status="PASS" start="2024-05-06T09:15:54.072008" elapsed="0.000566"/>
</kw>
<kw name="Log" owner="BuiltIn">
<msg time="2024-05-06T09:15:54.073281" level="INFO">200</msg>
<arg>${response.status_code}</arg>
<doc>Logs the given message with the given level.</doc>
<status status="PASS" start="2024-05-06T09:15:54.072928" elapsed="0.000396"/>
</kw>
<kw name="Set Variable" owner="BuiltIn">
<msg time="2024-05-06T09:15:54.074064" level="INFO">${json_data} = {'results': [{'gender': 'female', 'name': {'title': 'Mrs', 'first': 'Magadara', 'last': 'Makuh'}, 'location': {'street': {'number': 3842, 'name': 'Nizhnoyurkivska'}, 'city': 'Berezivka', 'state': 'Kir...</msg>
<var>${json_data}</var>
<arg>${response.json()}</arg>
<doc>Returns the given values which can then be assigned to a variables.</doc>
<status status="PASS" start="2024-05-06T09:15:54.073629" elapsed="0.000465"/>
</kw>
<kw name="Dictionary Should Contain Key" owner="Collections">
<msg time="2024-05-06T09:15:54.074568" level="INFO">False</msg>
<arg>${json_data}</arg>
<arg>results</arg>
<doc>Fails if ``key`` is not found from ``dictionary``.</doc>
<status status="PASS" start="2024-05-06T09:15:54.074398" elapsed="0.000211"/>
</kw>
<status status="PASS" start="2024-05-06T09:15:53.842229" elapsed="0.232638"/>
</kw>
<doc>Testa se a API responde corretamente e retorna um objeto JSON válido.</doc>
<tag>testeRequisicaoBasica</tag>
<status status="PASS" start="2024-05-06T09:15:53.841708" elapsed="0.233348"/>
</test>
<test id="s1-s1-t3" name="Validar estrutura de resposta" line="22">
<kw name="Teste de Estrutura de Resposta" owner="random-user-service">
<kw name="GET On Session" owner="RequestsLibrary">
<msg time="2024-05-06T09:15:54.172885" level="INFO">GET Request : url=https://randomuser.me/api 
 path_url=/api 
 headers={'User-Agent': 'python-requests/2.31.0', 'Accept-Encoding': 'gzip, deflate', 'Accept': '*/*', 'Connection': 'keep-alive'} 
 body=None 
 </msg>
<msg time="2024-05-06T09:15:54.172986" level="INFO">GET Response : url=https://randomuser.me/api 
 status=200, reason=OK 
 headers={'Date': 'Mon, 06 May 2024 09:15:54 GMT', 'Content-Type': 'application/json; charset=utf-8', 'Transfer-Encoding': 'chunked', 'Connection': 'keep-alive', 'X-Powered-By': 'Express', 'Access-Control-Allow-Origin': '*', 'Cache-Control': 'no-cache', 'ETag': 'W/"495-9eFnIerxJTfQt8WJUvjFAdRfpxo"', 'Vary': 'Accept-Encoding', 'Content-Encoding': 'gzip', 'CF-Cache-Status': 'DYNAMIC', 'Report-To': '{"endpoints":[{"url":"https:\\/\\/a.nel.cloudflare.com\\/report\\/v4?s=MYUOOUeJ4ZjUgMirLXLBxl1xPbdpiuNeObJSH%2B1Qoz9Ie%2FaNFHb7iiJv5CfIadQQBPVyxRKp25Uf5hYiepkqjlSGemTm9V3hk0ZGDkJmMd3D74hsG1HeoWKIpKdoGTUg"}],"group":"cf-nel","max_age":604800}', 'NEL': '{"success_fraction":0,"report_to":"cf-nel","max_age":604800}', 'Server': 'cloudflare', 'CF-RAY': '87f7de4f0f140660-IAD', 'alt-svc': 'h3=":443"; ma=86400'} 
 body={"results":[{"gender":"male","name":{"title":"Mr","first":"Eli","last":"Robinson"},"location":{"street":{"number":5205,"name":"Blenheim Road"},"city":"Upper Hutt","state":"Wellington","country":"New Zealand","postcode":49808,"coordinates":{"latitude":"54.8244","longitude":"-127.3878"},"timezone":{"offset":"+5:00","description":"Ekaterinburg, Islamabad, Karachi, Tashkent"}},"email":"eli.robinson@example.com","login":{"uuid":"49a81de7-e69c-4d02-a50d-772601653935","username":"beautifulswan499","password":"enigma","salt":"5AKW2ajA","md5":"fd0150bf9003702e578fc7bbd700ef35","sha1":"f9e285bc9e94563fd120b7d803e51f04bcc9e60c","sha256":"578d381b09522b8def4436542696dd9f4220b6c17c8e520e5834758dadb11119"},"dob":{"date":"1971-11-26T03:20:31.239Z","age":52},"registered":{"date":"2005-04-11T03:58:56.277Z","age":19},"phone":"(013)-325-2372","cell":"(931)-262-4849","id":{"name":"","value":null},"picture":{"large":"https://randomuser.me/api/portraits/men/41.jpg","medium":"https://randomuser.me/api/portraits/med/men/41.jpg","thumbnail":"https://randomuser.me/api/portraits/thumb/men/41.jpg"},"nat":"NZ"}],"info":{"seed":"1bd73afd5105a0cf","results":1,"page":1,"version":"1.4"}} 
 </msg>
<msg time="2024-05-06T09:15:54.173111" level="INFO">/opt/hostedtoolcache/Python/3.12.3/x64/lib/python3.12/site-packages/urllib3/connectionpool.py:1103: InsecureRequestWarning: Unverified HTTPS request is being made to host 'randomuser.me'. Adding certificate verification is strongly advised. See: https://urllib3.readthedocs.io/en/latest/advanced-usage.html#tls-warnings
  warnings.warn(</msg>
<msg time="2024-05-06T09:15:54.173240" level="INFO">${response} = &lt;Response [200]&gt;</msg>
<var>${response}</var>
<arg>consultarAPI</arg>
<arg>/api</arg>
<doc>Sends a GET request on a previously created HTTP Session.</doc>
<status status="PASS" start="2024-05-06T09:15:54.077862" elapsed="0.095418"/>
</kw>
<kw name="Set Variable" owner="BuiltIn">
<msg time="2024-05-06T09:15:54.174467" level="INFO">${json_data} = {'results': [{'gender': 'male', 'name': {'title': 'Mr', 'first': 'Eli', 'last': 'Robinson'}, 'location': {'street': {'number': 5205, 'name': 'Blenheim Road'}, 'city': 'Upper Hutt', 'state': 'Wellingto...</msg>
<var>${json_data}</var>
<arg>${response.json()}</arg>
<doc>Returns the given values which can then be assigned to a variables.</doc>
<status status="PASS" start="2024-05-06T09:15:54.173887" elapsed="0.000608"/>
</kw>
<kw name="Log" owner="BuiltIn">
<msg time="2024-05-06T09:15:54.174954" level="INFO">{'results': [{'gender': 'male', 'name': {'title': 'Mr', 'first': 'Eli', 'last': 'Robinson'}, 'location': {'street': {'number': 5205, 'name': 'Blenheim Road'}, 'city': 'Upper Hutt', 'state': 'Wellington', 'country': 'New Zealand', 'postcode': 49808, 'coordinates': {'latitude': '54.8244', 'longitude': '-127.3878'}, 'timezone': {'offset': '+5:00', 'description': 'Ekaterinburg, Islamabad, Karachi, Tashkent'}}, 'email': 'eli.robinson@example.com', 'login': {'uuid': '49a81de7-e69c-4d02-a50d-772601653935', 'username': 'beautifulswan499', 'password': 'enigma', 'salt': '5AKW2ajA', 'md5': 'fd0150bf9003702e578fc7bbd700ef35', 'sha1': 'f9e285bc9e94563fd120b7d803e51f04bcc9e60c', 'sha256': '578d381b09522b8def4436542696dd9f4220b6c17c8e520e5834758dadb11119'}, 'dob': {'date': '1971-11-26T03:20:31.239Z', 'age': 52}, 'registered': {'date': '2005-04-11T03:58:56.277Z', 'age': 19}, 'phone': '(013)-325-2372', 'cell': '(931)-262-4849', 'id': {'name': '', 'value': None}, 'picture': {'large': 'https://randomuser.me/api/portraits/men/41.jpg', 'medium': 'https://randomuser.me/api/portraits/med/men/41.jpg', 'thumbnail': 'https://randomuser.me/api/portraits/thumb/men/41.jpg'}, 'nat': 'NZ'}], 'info': {'seed': '1bd73afd5105a0cf', 'results': 1, 'page': 1, 'version': '1.4'}}</msg>
<arg>${json_data}</arg>
<doc>Logs the given message with the given level.</doc>
<status status="PASS" start="2024-05-06T09:15:54.174798" elapsed="0.000203"/>
</kw>
<kw name="Dictionary Should Contain Key" owner="Collections">
<msg time="2024-05-06T09:15:54.175453" level="INFO">False</msg>
<arg>${json_data}</arg>
<arg>results</arg>
<doc>Fails if ``key`` is not found from ``dictionary``.</doc>
<status status="PASS" start="2024-05-06T09:15:54.175293" elapsed="0.000197"/>
</kw>
<kw name="Should Not Be Empty" owner="BuiltIn">
<msg time="2024-05-06T09:15:54.175964" level="INFO">Length is 2.</msg>
<arg>${json_data}</arg>
<doc>Verifies that the given item is not empty.</doc>
<status status="PASS" start="2024-05-06T09:15:54.175832" elapsed="0.000329"/>
</kw>
<kw name="Create List" owner="BuiltIn">
<msg time="2024-05-06T09:15:54.176607" level="INFO">${expected_keys} = ['gender', 'name', 'location', 'email', 'login']</msg>
<var>${expected_keys}</var>
<arg>gender</arg>
<arg>name</arg>
<arg>location</arg>
<arg>email</arg>
<arg>login</arg>
<doc>Returns a list containing given items.</doc>
<status status="PASS" start="2024-05-06T09:15:54.176455" elapsed="0.000176"/>
</kw>
<for flavor="IN">
<iter>
<kw name="Dictionary Should Contain Key" owner="Collections">
<msg time="2024-05-06T09:15:54.177606" level="INFO">False</msg>
<arg>${json_data['results'][0]}</arg>
<arg>${key}</arg>
<doc>Fails if ``key`` is not found from ``dictionary``.</doc>
<status status="PASS" start="2024-05-06T09:15:54.177211" elapsed="0.000432"/>
</kw>
<kw name="Log" owner="BuiltIn">
<msg time="2024-05-06T09:15:54.178289" level="INFO">{'gender': 'male', 'name': {'title': 'Mr', 'first': 'Eli', 'last': 'Robinson'}, 'location': {'street': {'number': 5205, 'name': 'Blenheim Road'}, 'city': 'Upper Hutt', 'state': 'Wellington', 'country': 'New Zealand', 'postcode': 49808, 'coordinates': {'latitude': '54.8244', 'longitude': '-127.3878'}, 'timezone': {'offset': '+5:00', 'description': 'Ekaterinburg, Islamabad, Karachi, Tashkent'}}, 'email': 'eli.robinson@example.com', 'login': {'uuid': '49a81de7-e69c-4d02-a50d-772601653935', 'username': 'beautifulswan499', 'password': 'enigma', 'salt': '5AKW2ajA', 'md5': 'fd0150bf9003702e578fc7bbd700ef35', 'sha1': 'f9e285bc9e94563fd120b7d803e51f04bcc9e60c', 'sha256': '578d381b09522b8def4436542696dd9f4220b6c17c8e520e5834758dadb11119'}, 'dob': {'date': '1971-11-26T03:20:31.239Z', 'age': 52}, 'registered': {'date': '2005-04-11T03:58:56.277Z', 'age': 19}, 'phone': '(013)-325-2372', 'cell': '(931)-262-4849', 'id': {'name': '', 'value': None}, 'picture': {'large': 'https://randomuser.me/api/portraits/men/41.jpg', 'medium': 'https://randomuser.me/api/portraits/med/men/41.jpg', 'thumbnail': 'https://randomuser.me/api/portraits/thumb/men/41.jpg'}, 'nat': 'NZ'}</msg>
<arg>${json_data['results'][0]}</arg>
<doc>Logs the given message with the given level.</doc>
<status status="PASS" start="2024-05-06T09:15:54.177934" elapsed="0.000402"/>
</kw>
<kw name="Log" owner="BuiltIn">
<msg time="2024-05-06T09:15:54.178750" level="INFO">gender</msg>
<arg>${key}</arg>
<doc>Logs the given message with the given level.</doc>
<status status="PASS" start="2024-05-06T09:15:54.178627" elapsed="0.000159"/>
</kw>
<var name="${key}">gender</var>
<status status="PASS" start="2024-05-06T09:15:54.177083" elapsed="0.001915"/>
</iter>
<iter>
<kw name="Dictionary Should Contain Key" owner="Collections">
<msg time="2024-05-06T09:15:54.179701" level="INFO">False</msg>
<arg>${json_data['results'][0]}</arg>
<arg>${key}</arg>
<doc>Fails if ``key`` is not found from ``dictionary``.</doc>
<status status="PASS" start="2024-05-06T09:15:54.179293" elapsed="0.000446"/>
</kw>
<kw name="Log" owner="BuiltIn">
<msg time="2024-05-06T09:15:54.180457" level="INFO">{'gender': 'male', 'name': {'title': 'Mr', 'first': 'Eli', 'last': 'Robinson'}, 'location': {'street': {'number': 5205, 'name': 'Blenheim Road'}, 'city': 'Upper Hutt', 'state': 'Wellington', 'country': 'New Zealand', 'postcode': 49808, 'coordinates': {'latitude': '54.8244', 'longitude': '-127.3878'}, 'timezone': {'offset': '+5:00', 'description': 'Ekaterinburg, Islamabad, Karachi, Tashkent'}}, 'email': 'eli.robinson@example.com', 'login': {'uuid': '49a81de7-e69c-4d02-a50d-772601653935', 'username': 'beautifulswan499', 'password': 'enigma', 'salt': '5AKW2ajA', 'md5': 'fd0150bf9003702e578fc7bbd700ef35', 'sha1': 'f9e285bc9e94563fd120b7d803e51f04bcc9e60c', 'sha256': '578d381b09522b8def4436542696dd9f4220b6c17c8e520e5834758dadb11119'}, 'dob': {'date': '1971-11-26T03:20:31.239Z', 'age': 52}, 'registered': {'date': '2005-04-11T03:58:56.277Z', 'age': 19}, 'phone': '(013)-325-2372', 'cell': '(931)-262-4849', 'id': {'name': '', 'value': None}, 'picture': {'large': 'https://randomuser.me/api/portraits/men/41.jpg', 'medium': 'https://randomuser.me/api/portraits/med/men/41.jpg', 'thumbnail': 'https://randomuser.me/api/portraits/thumb/men/41.jpg'}, 'nat': 'NZ'}</msg>
<arg>${json_data['results'][0]}</arg>
<doc>Logs the given message with the given level.</doc>
<status status="PASS" start="2024-05-06T09:15:54.180078" elapsed="0.000431"/>
</kw>
<kw name="Log" owner="BuiltIn">
<msg time="2024-05-06T09:15:54.180927" level="INFO">name</msg>
<arg>${key}</arg>
<doc>Logs the given message with the given level.</doc>
<status status="PASS" start="2024-05-06T09:15:54.180802" elapsed="0.000161"/>
</kw>
<var name="${key}">name</var>
<status status="PASS" start="2024-05-06T09:15:54.179180" elapsed="0.001995"/>
</iter>
<iter>
<kw name="Dictionary Should Contain Key" owner="Collections">
<msg time="2024-05-06T09:15:54.181847" level="INFO">False</msg>
<arg>${json_data['results'][0]}</arg>
<arg>${key}</arg>
<doc>Fails if ``key`` is not found from ``dictionary``.</doc>
<status status="PASS" start="2024-05-06T09:15:54.181464" elapsed="0.000419"/>
</kw>
<kw name="Log" owner="BuiltIn">
<msg time="2024-05-06T09:15:54.182535" level="INFO">{'gender': 'male', 'name': {'title': 'Mr', 'first': 'Eli', 'last': 'Robinson'}, 'location': {'street': {'number': 5205, 'name': 'Blenheim Road'}, 'city': 'Upper Hutt', 'state': 'Wellington', 'country': 'New Zealand', 'postcode': 49808, 'coordinates': {'latitude': '54.8244', 'longitude': '-127.3878'}, 'timezone': {'offset': '+5:00', 'description': 'Ekaterinburg, Islamabad, Karachi, Tashkent'}}, 'email': 'eli.robinson@example.com', 'login': {'uuid': '49a81de7-e69c-4d02-a50d-772601653935', 'username': 'beautifulswan499', 'password': 'enigma', 'salt': '5AKW2ajA', 'md5': 'fd0150bf9003702e578fc7bbd700ef35', 'sha1': 'f9e285bc9e94563fd120b7d803e51f04bcc9e60c', 'sha256': '578d381b09522b8def4436542696dd9f4220b6c17c8e520e5834758dadb11119'}, 'dob': {'date': '1971-11-26T03:20:31.239Z', 'age': 52}, 'registered': {'date': '2005-04-11T03:58:56.277Z', 'age': 19}, 'phone': '(013)-325-2372', 'cell': '(931)-262-4849', 'id': {'name': '', 'value': None}, 'picture': {'large': 'https://randomuser.me/api/portraits/men/41.jpg', 'medium': 'https://randomuser.me/api/portraits/med/men/41.jpg', 'thumbnail': 'https://randomuser.me/api/portraits/thumb/men/41.jpg'}, 'nat': 'NZ'}</msg>
<arg>${json_data['results'][0]}</arg>
<doc>Logs the given message with the given level.</doc>
<status status="PASS" start="2024-05-06T09:15:54.182176" elapsed="0.000417"/>
</kw>
<kw name="Log" owner="BuiltIn">
<msg time="2024-05-06T09:15:54.183009" level="INFO">location</msg>
<arg>${key}</arg>
<doc>Logs the given message with the given level.</doc>
<status status="PASS" start="2024-05-06T09:15:54.182886" elapsed="0.000159"/>
</kw>
<var name="${key}">location</var>
<status status="PASS" start="2024-05-06T09:15:54.181354" elapsed="0.001898"/>
</iter>
<iter>
<kw name="Dictionary Should Contain Key" owner="Collections">
<msg time="2024-05-06T09:15:54.183942" level="INFO">False</msg>
<arg>${json_data['results'][0]}</arg>
<arg>${key}</arg>
<doc>Fails if ``key`` is not found from ``dictionary``.</doc>
<status status="PASS" start="2024-05-06T09:15:54.183529" elapsed="0.000449"/>
</kw>
<kw name="Log" owner="BuiltIn">
<msg time="2024-05-06T09:15:54.184623" level="INFO">{'gender': 'male', 'name': {'title': 'Mr', 'first': 'Eli', 'last': 'Robinson'}, 'location': {'street': {'number': 5205, 'name': 'Blenheim Road'}, 'city': 'Upper Hutt', 'state': 'Wellington', 'country': 'New Zealand', 'postcode': 49808, 'coordinates': {'latitude': '54.8244', 'longitude': '-127.3878'}, 'timezone': {'offset': '+5:00', 'description': 'Ekaterinburg, Islamabad, Karachi, Tashkent'}}, 'email': 'eli.robinson@example.com', 'login': {'uuid': '49a81de7-e69c-4d02-a50d-772601653935', 'username': 'beautifulswan499', 'password': 'enigma', 'salt': '5AKW2ajA', 'md5': 'fd0150bf9003702e578fc7bbd700ef35', 'sha1': 'f9e285bc9e94563fd120b7d803e51f04bcc9e60c', 'sha256': '578d381b09522b8def4436542696dd9f4220b6c17c8e520e5834758dadb11119'}, 'dob': {'date': '1971-11-26T03:20:31.239Z', 'age': 52}, 'registered': {'date': '2005-04-11T03:58:56.277Z', 'age': 19}, 'phone': '(013)-325-2372', 'cell': '(931)-262-4849', 'id': {'name': '', 'value': None}, 'picture': {'large': 'https://randomuser.me/api/portraits/men/41.jpg', 'medium': 'https://randomuser.me/api/portraits/med/men/41.jpg', 'thumbnail': 'https://randomuser.me/api/portraits/thumb/men/41.jpg'}, 'nat': 'NZ'}</msg>
<arg>${json_data['results'][0]}</arg>
<doc>Logs the given message with the given level.</doc>
<status status="PASS" start="2024-05-06T09:15:54.184271" elapsed="0.000398"/>
</kw>
<kw name="Log" owner="BuiltIn">
<msg time="2024-05-06T09:15:54.185082" level="INFO">email</msg>
<arg>${key}</arg>
<doc>Logs the given message with the given level.</doc>
<status status="PASS" start="2024-05-06T09:15:54.184959" elapsed="0.000160"/>
</kw>
<var name="${key}">email</var>
<status status="PASS" start="2024-05-06T09:15:54.183421" elapsed="0.001910"/>
</iter>
<iter>
<kw name="Dictionary Should Contain Key" owner="Collections">
<msg time="2024-05-06T09:15:54.185993" level="INFO">False</msg>
<arg>${json_data['results'][0]}</arg>
<arg>${key}</arg>
<doc>Fails if ``key`` is not found from ``dictionary``.</doc>
<status status="PASS" start="2024-05-06T09:15:54.185609" elapsed="0.000420"/>
</kw>
<kw name="Log" owner="BuiltIn">
<msg time="2024-05-06T09:15:54.186691" level="INFO">{'gender': 'male', 'name': {'title': 'Mr', 'first': 'Eli', 'last': 'Robinson'}, 'location': {'street': {'number': 5205, 'name': 'Blenheim Road'}, 'city': 'Upper Hutt', 'state': 'Wellington', 'country': 'New Zealand', 'postcode': 49808, 'coordinates': {'latitude': '54.8244', 'longitude': '-127.3878'}, 'timezone': {'offset': '+5:00', 'description': 'Ekaterinburg, Islamabad, Karachi, Tashkent'}}, 'email': 'eli.robinson@example.com', 'login': {'uuid': '49a81de7-e69c-4d02-a50d-772601653935', 'username': 'beautifulswan499', 'password': 'enigma', 'salt': '5AKW2ajA', 'md5': 'fd0150bf9003702e578fc7bbd700ef35', 'sha1': 'f9e285bc9e94563fd120b7d803e51f04bcc9e60c', 'sha256': '578d381b09522b8def4436542696dd9f4220b6c17c8e520e5834758dadb11119'}, 'dob': {'date': '1971-11-26T03:20:31.239Z', 'age': 52}, 'registered': {'date': '2005-04-11T03:58:56.277Z', 'age': 19}, 'phone': '(013)-325-2372', 'cell': '(931)-262-4849', 'id': {'name': '', 'value': None}, 'picture': {'large': 'https://randomuser.me/api/portraits/men/41.jpg', 'medium': 'https://randomuser.me/api/portraits/med/men/41.jpg', 'thumbnail': 'https://randomuser.me/api/portraits/thumb/men/41.jpg'}, 'nat': 'NZ'}</msg>
<arg>${json_data['results'][0]}</arg>
<doc>Logs the given message with the given level.</doc>
<status status="PASS" start="2024-05-06T09:15:54.186328" elapsed="0.000408"/>
</kw>
<kw name="Log" owner="BuiltIn">
<msg time="2024-05-06T09:15:54.187153" level="INFO">login</msg>
<arg>${key}</arg>
<doc>Logs the given message with the given level.</doc>
<status status="PASS" start="2024-05-06T09:15:54.187029" elapsed="0.000162"/>
</kw>
<var name="${key}">login</var>
<status status="PASS" start="2024-05-06T09:15:54.185501" elapsed="0.001929"/>
</iter>
<var>${key}</var>
<value>@{expected_keys}</value>
<status status="PASS" start="2024-05-06T09:15:54.176890" elapsed="0.010695"/>
</for>
<kw name="Create List" owner="BuiltIn">
<msg time="2024-05-06T09:15:54.187924" level="INFO">${expected_keysTwo} = ['username', 'password']</msg>
<var>${expected_keysTwo}</var>
<arg>username</arg>
<arg>password</arg>
<doc>Returns a list containing given items.</doc>
<status status="PASS" start="2024-05-06T09:15:54.187788" elapsed="0.000160"/>
</kw>
<for flavor="IN">
<iter>
<kw name="Dictionary Should Contain Key" owner="Collections">
<msg time="2024-05-06T09:15:54.189001" level="INFO">False</msg>
<arg>${json_data['results'][0]['login']}</arg>
<arg>${keyTwo}</arg>
<doc>Fails if ``key`` is not found from ``dictionary``.</doc>
<status status="PASS" start="2024-05-06T09:15:54.188592" elapsed="0.000445"/>
</kw>
<kw name="Dictionary Should Contain Key" owner="Collections">
<msg time="2024-05-06T09:15:54.189707" level="INFO">False</msg>
<arg>${json_data['results'][0]['login']}</arg>
<arg>${keyTwo}</arg>
<doc>Fails if ``key`` is not found from ``dictionary``.</doc>
<status status="PASS" start="2024-05-06T09:15:54.189330" elapsed="0.000414"/>
</kw>
<kw name="Log" owner="BuiltIn">
<msg time="2024-05-06T09:15:54.190161" level="INFO">username</msg>
<arg>${keyTwo}</arg>
<doc>Logs the given message with the given level.</doc>
<status status="PASS" start="2024-05-06T09:15:54.190034" elapsed="0.000169"/>
</kw>
<var name="${keyTwo}">username</var>
<status status="PASS" start="2024-05-06T09:15:54.188431" elapsed="0.001985"/>
</iter>
<iter>
<kw name="Dictionary Should Contain Key" owner="Collections">
<msg time="2024-05-06T09:15:54.191155" level="INFO">False</msg>
<arg>${json_data['results'][0]['login']}</arg>
<arg>${keyTwo}</arg>
<doc>Fails if ``key`` is not found from ``dictionary``.</doc>
<status status="PASS" start="2024-05-06T09:15:54.190695" elapsed="0.000500"/>
</kw>
<kw name="Dictionary Should Contain Key" owner="Collections">
<msg time="2024-05-06T09:15:54.191910" level="INFO">False</msg>
<arg>${json_data['results'][0]['login']}</arg>
<arg>${keyTwo}</arg>
<doc>Fails if ``key`` is not found from ``dictionary``.</doc>
<status status="PASS" start="2024-05-06T09:15:54.191489" elapsed="0.000457"/>
</kw>
<kw name="Log" owner="BuiltIn">
<msg time="2024-05-06T09:15:54.192362" level="INFO">password</msg>
<arg>${keyTwo}</arg>
<doc>Logs the given message with the given level.</doc>
<status status="PASS" start="2024-05-06T09:15:54.192237" elapsed="0.000162"/>
</kw>
<var name="${keyTwo}">password</var>
<status status="PASS" start="2024-05-06T09:15:54.190587" elapsed="0.002021"/>
</iter>
<var>${keyTwo}</var>
<value>@{expected_keysTwo}</value>
<status status="PASS" start="2024-05-06T09:15:54.188208" elapsed="0.004519"/>
</for>
<status status="PASS" start="2024-05-06T09:15:54.077623" elapsed="0.115248"/>
</kw>
<doc>Testa a estrutura da resposta da API.</doc>
<tag>testeEstruturaResposta</tag>
<status status="PASS" start="2024-05-06T09:15:54.077002" elapsed="0.116031"/>
</test>
<test id="s1-s1-t4" name="Validar tipos de dados" line="28">
<kw name="Teste de Tipos de Dados" owner="random-user-service">
<kw name="GET On Session" owner="RequestsLibrary">
<msg time="2024-05-06T09:15:54.270707" level="INFO">GET Request : url=https://randomuser.me/api 
 path_url=/api 
 headers={'User-Agent': 'python-requests/2.31.0', 'Accept-Encoding': 'gzip, deflate', 'Accept': '*/*', 'Connection': 'keep-alive'} 
 body=None 
 </msg>
<msg time="2024-05-06T09:15:54.270819" level="INFO">GET Response : url=https://randomuser.me/api 
 status=200, reason=OK 
 headers={'Date': 'Mon, 06 May 2024 09:15:54 GMT', 'Content-Type': 'application/json; charset=utf-8', 'Transfer-Encoding': 'chunked', 'Connection': 'keep-alive', 'X-Powered-By': 'Express', 'Access-Control-Allow-Origin': '*', 'Cache-Control': 'no-cache', 'ETag': 'W/"47f-WB+ztij0imkJyY0N4nwHZ6Py7aY"', 'Vary': 'Accept-Encoding', 'Content-Encoding': 'gzip', 'CF-Cache-Status': 'DYNAMIC', 'Report-To': '{"endpoints":[{"url":"https:\\/\\/a.nel.cloudflare.com\\/report\\/v4?s=SAN9eDsCvCYxzhrXRFlT3bz7gaY8nNz5Xqlqo2QUeI4SwJVwIXbyitKHvIvRcByfzpm9W0wUEH1BmRcFdTkbFy7bocviwFPHy3PLaDw4g6dgDli4%2FAG4Lc4ALKZOVm8D"}],"group":"cf-nel","max_age":604800}', 'NEL': '{"success_fraction":0,"report_to":"cf-nel","max_age":604800}', 'Server': 'cloudflare', 'CF-RAY': '87f7de4fbf7c0660-IAD', 'alt-svc': 'h3=":443"; ma=86400'} 
 body={"results":[{"gender":"male","name":{"title":"Mr","first":"Einar","last":"Innvær"},"location":{"street":{"number":7760,"name":"Norbygata"},"city":"Ørnes","state":"Akershus","country":"Norway","postcode":"3721","coordinates":{"latitude":"42.7077","longitude":"-109.9839"},"timezone":{"offset":"+1:00","description":"Brussels, Copenhagen, Madrid, Paris"}},"email":"einar.innvaer@example.com","login":{"uuid":"367c9f07-e0bc-4687-ad2d-cf8946195254","username":"blacksnake802","password":"stupid1","salt":"3bQVyFBx","md5":"674f4a146bc71b84ae43542d5f0ae692","sha1":"6a94e4616c3e7b0bb84307d6018fc09097ea4cac","sha256":"73a298a85911613215309537d2ff4d1177b36ffeb83b92bc75513923e3035710"},"dob":{"date":"1998-07-16T06:10:05.205Z","age":25},"registered":{"date":"2012-12-31T22:09:35.336Z","age":11},"phone":"34053132","cell":"92428175","id":{"name":"FN","value":"16079821784"},"picture":{"large":"https://randomuser.me/api/portraits/men/62.jpg","medium":"https://randomuser.me/api/portraits/med/men/62.jpg","thumbnail":"https://randomuser.me/api/portraits/thumb/men/62.jpg"},"nat":"NO"}],"info":{"seed":"3253b373aea0e717","results":1,"page":1,"version":"1.4"}} 
 </msg>
<msg time="2024-05-06T09:15:54.270905" level="INFO">/opt/hostedtoolcache/Python/3.12.3/x64/lib/python3.12/site-packages/urllib3/connectionpool.py:1103: InsecureRequestWarning: Unverified HTTPS request is being made to host 'randomuser.me'. Adding certificate verification is strongly advised. See: https://urllib3.readthedocs.io/en/latest/advanced-usage.html#tls-warnings
  warnings.warn(</msg>
<msg time="2024-05-06T09:15:54.271040" level="INFO">${response} = &lt;Response [200]&gt;</msg>
<var>${response}</var>
<arg>consultarAPI</arg>
<arg>/api</arg>
<doc>Sends a GET request on a previously created HTTP Session.</doc>
<status status="PASS" start="2024-05-06T09:15:54.195659" elapsed="0.075419"/>
</kw>
<kw name="Set Variable" owner="BuiltIn">
<msg time="2024-05-06T09:15:54.272324" level="INFO">${json_data} = {'results': [{'gender': 'male', 'name': {'title': 'Mr', 'first': 'Einar', 'last': 'Innvær'}, 'location': {'street': {'number': 7760, 'name': 'Norbygata'}, 'city': 'Ørnes', 'state': 'Akershus', 'countr...</msg>
<var>${json_data}</var>
<arg>${response.json()}</arg>
<doc>Returns the given values which can then be assigned to a variables.</doc>
<status status="PASS" start="2024-05-06T09:15:54.271751" elapsed="0.000603"/>
</kw>
<kw name="Log" owner="BuiltIn">
<msg time="2024-05-06T09:15:54.272820" level="INFO">{'results': [{'gender': 'male', 'name': {'title': 'Mr', 'first': 'Einar', 'last': 'Innvær'}, 'location': {'street': {'number': 7760, 'name': 'Norbygata'}, 'city': 'Ørnes', 'state': 'Akershus', 'country': 'Norway', 'postcode': '3721', 'coordinates': {'latitude': '42.7077', 'longitude': '-109.9839'}, 'timezone': {'offset': '+1:00', 'description': 'Brussels, Copenhagen, Madrid, Paris'}}, 'email': 'einar.innvaer@example.com', 'login': {'uuid': '367c9f07-e0bc-4687-ad2d-cf8946195254', 'username': 'blacksnake802', 'password': 'stupid1', 'salt': '3bQVyFBx', 'md5': '674f4a146bc71b84ae43542d5f0ae692', 'sha1': '6a94e4616c3e7b0bb84307d6018fc09097ea4cac', 'sha256': '73a298a85911613215309537d2ff4d1177b36ffeb83b92bc75513923e3035710'}, 'dob': {'date': '1998-07-16T06:10:05.205Z', 'age': 25}, 'registered': {'date': '2012-12-31T22:09:35.336Z', 'age': 11}, 'phone': '34053132', 'cell': '92428175', 'id': {'name': 'FN', 'value': '16079821784'}, 'picture': {'large': 'https://randomuser.me/api/portraits/men/62.jpg', 'medium': 'https://randomuser.me/api/portraits/med/men/62.jpg', 'thumbnail': 'https://randomuser.me/api/portraits/thumb/men/62.jpg'}, 'nat': 'NO'}], 'info': {'seed': '3253b373aea0e717', 'results': 1, 'page': 1, 'version': '1.4'}}</msg>
<arg>${json_data}</arg>
<doc>Logs the given message with the given level.</doc>
<status status="PASS" start="2024-05-06T09:15:54.272664" elapsed="0.000242"/>
</kw>
<kw name="Should Be String" owner="String">
<arg>${json_data['results'][0]['gender']}</arg>
<doc>Fails if the given ``item`` is not a string.</doc>
<status status="PASS" start="2024-05-06T09:15:54.273203" elapsed="0.000362"/>
</kw>
<kw name="Should Match Regexp" owner="BuiltIn">
<arg>${json_data['results'][0]['email']}</arg>
<arg>^[a-zA-Z0-9._%+-]+@[a-zA-Z0-9.-]+\.[a-zA-Z]{2,}$</arg>
<doc>Fails if ``string`` does not match ``pattern`` as a regular expression.</doc>
<status status="PASS" start="2024-05-06T09:15:54.273763" elapsed="0.000516"/>
</kw>
<kw name="Should Match Regexp" owner="BuiltIn">
<arg>${json_data['results'][0]['dob']['date']}</arg>
<arg>\\d{4}-\\d{2}-\\d{2}T\\d{2}:\\d{2}:\\d{2}\\.\\d{3}Z</arg>
<doc>Fails if ``string`` does not match ``pattern`` as a regular expression.</doc>
<status status="PASS" start="2024-05-06T09:15:54.274471" elapsed="0.000486"/>
</kw>
<kw name="Should Match Regexp" owner="BuiltIn">
<arg>${json_data['results'][0]['registered']['date']}</arg>
<arg>\\d{4}-\\d{2}-\\d{2}T\\d{2}:\\d{2}:\\d{2}\\.\\d{3}Z</arg>
<doc>Fails if ``string`` does not match ``pattern`` as a regular expression.</doc>
<status status="PASS" start="2024-05-06T09:15:54.275147" elapsed="0.000366"/>
</kw>
<kw name="Should Match Regexp" owner="BuiltIn">
<arg>${json_data['results'][0]['picture']['large']}</arg>
<arg>^https?://.*\.(?:png|jpe?g|gif|bmp)$</arg>
<doc>Fails if ``string`` does not match ``pattern`` as a regular expression.</doc>
<status status="PASS" start="2024-05-06T09:15:54.275742" elapsed="0.000464"/>
</kw>
<kw name="Should Match Regexp" owner="BuiltIn">
<arg>${json_data['results'][0]['picture']['medium']}</arg>
<arg>^https?://.*\.(?:png|jpe?g|gif|bmp)$</arg>
<doc>Fails if ``string`` does not match ``pattern`` as a regular expression.</doc>
<status status="PASS" start="2024-05-06T09:15:54.276405" elapsed="0.000353"/>
</kw>
<kw name="Should Match Regexp" owner="BuiltIn">
<arg>${json_data['results'][0]['picture']['thumbnail']}</arg>
<arg>^https?://.*\.(?:png|jpe?g|gif|bmp)$</arg>
<doc>Fails if ``string`` does not match ``pattern`` as a regular expression.</doc>
<status status="PASS" start="2024-05-06T09:15:54.276943" elapsed="0.000345"/>
</kw>
<kw name="Log" owner="BuiltIn">
<msg time="2024-05-06T09:15:54.277779" level="INFO">{'large': 'https://randomuser.me/api/portraits/men/62.jpg', 'medium': 'https://randomuser.me/api/portraits/med/men/62.jpg', 'thumbnail': 'https://randomuser.me/api/portraits/thumb/men/62.jpg'}</msg>
<arg>${json_data['results'][0]['picture']}</arg>
<doc>Logs the given message with the given level.</doc>
<status status="PASS" start="2024-05-06T09:15:54.277465" elapsed="0.000354"/>
</kw>
<status status="PASS" start="2024-05-06T09:15:54.195397" elapsed="0.082676"/>
</kw>
<kw name="Teste de Tipos de Dados - Postcode" owner="random-user-service">
<kw name="GET On Session" owner="RequestsLibrary">
<msg time="2024-05-06T09:15:54.371436" level="INFO">GET Request : url=https://randomuser.me/api 
 path_url=/api 
 headers={'User-Agent': 'python-requests/2.31.0', 'Accept-Encoding': 'gzip, deflate', 'Accept': '*/*', 'Connection': 'keep-alive'} 
 body=None 
 </msg>
<msg time="2024-05-06T09:15:54.371576" level="INFO">GET Response : url=https://randomuser.me/api 
 status=200, reason=OK 
 headers={'Date': 'Mon, 06 May 2024 09:15:54 GMT', 'Content-Type': 'application/json; charset=utf-8', 'Transfer-Encoding': 'chunked', 'Connection': 'keep-alive', 'X-Powered-By': 'Express', 'Access-Control-Allow-Origin': '*', 'Cache-Control': 'no-cache', 'ETag': 'W/"47c-FmaD3uPBnAn5K++NjOSqU18JMVo"', 'Vary': 'Accept-Encoding', 'Content-Encoding': 'gzip', 'CF-Cache-Status': 'DYNAMIC', 'Report-To': '{"endpoints":[{"url":"https:\\/\\/a.nel.cloudflare.com\\/report\\/v4?s=B8vvh3iuGXe2%2B10w%2FpeXE5FJrT%2FsiMFQdtK84rM99I8zx%2FZQBhjEgEgBGPS71%2FS4IJ1uQZCia6exKxmdHwVOsLQXPNCbKU3nJJRIFbROlG%2FJoanrn90nMivWioGZ7Tfb"}],"group":"cf-nel","max_age":604800}', 'NEL': '{"success_fraction":0,"report_to":"cf-nel","max_age":604800}', 'Server': 'cloudflare', 'CF-RAY': '87f7de504fd40660-IAD', 'alt-svc': 'h3=":443"; ma=86400'} 
 body={"results":[{"gender":"female","name":{"title":"Mrs","first":"Lou","last":"Laurent"},"location":{"street":{"number":9947,"name":"Rue de L'Église"},"city":"Pau","state":"Guadeloupe","country":"France","postcode":63784,"coordinates":{"latitude":"-16.0767","longitude":"140.5770"},"timezone":{"offset":"+4:30","description":"Kabul"}},"email":"lou.laurent@example.com","login":{"uuid":"97aaf9b5-9212-4c7b-9181-285c19619080","username":"beautifulcat566","password":"living","salt":"ihjXDSMe","md5":"39c45c9b155476f73c72f830522caa74","sha1":"83915d7a468e7f2055cf520b4a7cae1bfc8daf5a","sha256":"502de048d3021dbc99ba1352a3dbea20f569bfff9488544b131c08219df5a651"},"dob":{"date":"1965-07-08T16:06:25.386Z","age":58},"registered":{"date":"2018-03-03T22:33:41.547Z","age":6},"phone":"03-40-60-50-93","cell":"06-18-09-74-63","id":{"name":"INSEE","value":"2650646597595 53"},"picture":{"large":"https://randomuser.me/api/portraits/women/6.jpg","medium":"https://randomuser.me/api/portraits/med/women/6.jpg","thumbnail":"https://randomuser.me/api/portraits/thumb/women/6.jpg"},"nat":"FR"}],"info":{"seed":"8a26ee4916a9d0c8","results":1,"page":1,"version":"1.4"}} 
 </msg>
<msg time="2024-05-06T09:15:54.371670" level="INFO">/opt/hostedtoolcache/Python/3.12.3/x64/lib/python3.12/site-packages/urllib3/connectionpool.py:1103: InsecureRequestWarning: Unverified HTTPS request is being made to host 'randomuser.me'. Adding certificate verification is strongly advised. See: https://urllib3.readthedocs.io/en/latest/advanced-usage.html#tls-warnings
  warnings.warn(</msg>
<msg time="2024-05-06T09:15:54.371812" level="INFO">${response} = &lt;Response [200]&gt;</msg>
<var>${response}</var>
<arg>consultarAPI</arg>
<arg>/api</arg>
<doc>Sends a GET request on a previously created HTTP Session.</doc>
<status status="PASS" start="2024-05-06T09:15:54.278536" elapsed="0.093315"/>
</kw>
<kw name="Set Variable" owner="BuiltIn">
<msg time="2024-05-06T09:15:54.373130" level="INFO">${json_data} = {'results': [{'gender': 'female', 'name': {'title': 'Mrs', 'first': 'Lou', 'last': 'Laurent'}, 'location': {'street': {'number': 9947, 'name': "Rue de L'Église"}, 'city': 'Pau', 'state': 'Guadeloupe',...</msg>
<var>${json_data}</var>
<arg>${response.json()}</arg>
<doc>Returns the given values which can then be assigned to a variables.</doc>
<status status="PASS" start="2024-05-06T09:15:54.372480" elapsed="0.000679"/>
</kw>
<kw name="Log" owner="BuiltIn">
<msg time="2024-05-06T09:15:54.373624" level="INFO">{'results': [{'gender': 'female', 'name': {'title': 'Mrs', 'first': 'Lou', 'last': 'Laurent'}, 'location': {'street': {'number': 9947, 'name': "Rue de L'Église"}, 'city': 'Pau', 'state': 'Guadeloupe', 'country': 'France', 'postcode': 63784, 'coordinates': {'latitude': '-16.0767', 'longitude': '140.5770'}, 'timezone': {'offset': '+4:30', 'description': 'Kabul'}}, 'email': 'lou.laurent@example.com', 'login': {'uuid': '97aaf9b5-9212-4c7b-9181-285c19619080', 'username': 'beautifulcat566', 'password': 'living', 'salt': 'ihjXDSMe', 'md5': '39c45c9b155476f73c72f830522caa74', 'sha1': '83915d7a468e7f2055cf520b4a7cae1bfc8daf5a', 'sha256': '502de048d3021dbc99ba1352a3dbea20f569bfff9488544b131c08219df5a651'}, 'dob': {'date': '1965-07-08T16:06:25.386Z', 'age': 58}, 'registered': {'date': '2018-03-03T22:33:41.547Z', 'age': 6}, 'phone': '03-40-60-50-93', 'cell': '06-18-09-74-63', 'id': {'name': 'INSEE', 'value': '2650646597595 53'}, 'picture': {'large': 'https://randomuser.me/api/portraits/women/6.jpg', 'medium': 'https://randomuser.me/api/portraits/med/women/6.jpg', 'thumbnail': 'https://randomuser.me/api/portraits/thumb/women/6.jpg'}, 'nat': 'FR'}], 'info': {'seed': '8a26ee4916a9d0c8', 'results': 1, 'page': 1, 'version': '1.4'}}</msg>
<arg>${json_data}</arg>
<doc>Logs the given message with the given level.</doc>
<status status="PASS" start="2024-05-06T09:15:54.373467" elapsed="0.000241"/>
</kw>
<kw name="Should Be Equal As Numbers" owner="BuiltIn">
<arg>${json_data['results'][0]['location']['postcode']}</arg>
<arg>${json_data['results'][0]['location']['postcode']}</arg>
<doc>Fails if objects are unequal after converting them to real numbers.</doc>
<status status="PASS" start="2024-05-06T09:15:54.374181" elapsed="0.000619"/>
</kw>
<kw name="Log" owner="BuiltIn">
<msg time="2024-05-06T09:15:54.375332" level="INFO">63784</msg>
<arg>${json_data['results'][0]['location']['postcode']}</arg>
<doc>Logs the given message with the given level.</doc>
<status status="PASS" start="2024-05-06T09:15:54.374999" elapsed="0.000371"/>
</kw>
<status status="PASS" start="2024-05-06T09:15:54.278305" elapsed="0.097351"/>
</kw>
<doc>Testa se os tipos de dados na resposta da API estão corretos.</doc>
<tag>testeTiposDados</tag>
<status status="PASS" start="2024-05-06T09:15:54.194833" elapsed="0.180998"/>
</test>
<test id="s1-s1-t5" name="Validar conteudo" line="35">
<kw name="Teste de Tipos de Conteudo" owner="random-user-service">
<kw name="GET On Session" owner="RequestsLibrary">
<msg time="2024-05-06T09:15:54.472487" level="INFO">GET Request : url=https://randomuser.me/api 
 path_url=/api 
 headers={'User-Agent': 'python-requests/2.31.0', 'Accept-Encoding': 'gzip, deflate', 'Accept': '*/*', 'Connection': 'keep-alive'} 
 body=None 
 </msg>
<msg time="2024-05-06T09:15:54.472587" level="INFO">GET Response : url=https://randomuser.me/api 
 status=200, reason=OK 
 headers={'Date': 'Mon, 06 May 2024 09:15:54 GMT', 'Content-Type': 'application/json; charset=utf-8', 'Transfer-Encoding': 'chunked', 'Connection': 'keep-alive', 'X-Powered-By': 'Express', 'Access-Control-Allow-Origin': '*', 'Cache-Control': 'no-cache', 'ETag': 'W/"488-c0cKq/SMSfbJK55vPMuyuXdCKU4"', 'Vary': 'Accept-Encoding', 'Content-Encoding': 'gzip', 'CF-Cache-Status': 'DYNAMIC', 'Report-To': '{"endpoints":[{"url":"https:\\/\\/a.nel.cloudflare.com\\/report\\/v4?s=UeGeLAmjfn8HhZBPs%2FL2qJADYZDO8z7DZrxuI7a%2FVsUR6AdW6oMMspEiksRAyScixVLdkebE1t2lWQTlmjy4Mah7NU0h0mkvACTOt2Va5Lht2JtYo53wiolCIqvbXroy"}],"group":"cf-nel","max_age":604800}', 'NEL': '{"success_fraction":0,"report_to":"cf-nel","max_age":604800}', 'Server': 'cloudflare', 'CF-RAY': '87f7de50e8290660-IAD', 'alt-svc': 'h3=":443"; ma=86400'} 
 body={"results":[{"gender":"female","name":{"title":"Mrs","first":"Venera","last":"Radchenko"},"location":{"street":{"number":9000,"name":"Vadima Getmana"},"city":"Pokrov","state":"Poltavska","country":"Ukraine","postcode":79403,"coordinates":{"latitude":"78.1158","longitude":"117.1700"},"timezone":{"offset":"+7:00","description":"Bangkok, Hanoi, Jakarta"}},"email":"venera.radchenko@example.com","login":{"uuid":"2b5de3aa-c2bb-455d-9e8b-38312c42c19d","username":"sadelephant555","password":"leslie","salt":"iTTwvZx3","md5":"24eaa2ec38cbd0f23e565c70c9ec49e8","sha1":"0a858aded39356fa123d34f76be562cf832f9e72","sha256":"a8f5f3f9022233f5c4e2f623e979b1ef8362c3af988023888ea85a28302d6001"},"dob":{"date":"1957-08-14T12:51:39.354Z","age":66},"registered":{"date":"2004-02-14T02:52:22.652Z","age":20},"phone":"(098) H17-0680","cell":"(068) R07-2560","id":{"name":"","value":null},"picture":{"large":"https://randomuser.me/api/portraits/women/16.jpg","medium":"https://randomuser.me/api/portraits/med/women/16.jpg","thumbnail":"https://randomuser.me/api/portraits/thumb/women/16.jpg"},"nat":"UA"}],"info":{"seed":"77c6a51f9d4ee755","results":1,"page":1,"version":"1.4"}} 
 </msg>
<msg time="2024-05-06T09:15:54.472657" level="INFO">/opt/hostedtoolcache/Python/3.12.3/x64/lib/python3.12/site-packages/urllib3/connectionpool.py:1103: InsecureRequestWarning: Unverified HTTPS request is being made to host 'randomuser.me'. Adding certificate verification is strongly advised. See: https://urllib3.readthedocs.io/en/latest/advanced-usage.html#tls-warnings
  warnings.warn(</msg>
<msg time="2024-05-06T09:15:54.472775" level="INFO">${response} = &lt;Response [200]&gt;</msg>
<var>${response}</var>
<arg>consultarAPI</arg>
<arg>/api</arg>
<doc>Sends a GET request on a previously created HTTP Session.</doc>
<status status="PASS" start="2024-05-06T09:15:54.378357" elapsed="0.094445"/>
</kw>
<kw name="Set Variable" owner="BuiltIn">
<msg time="2024-05-06T09:15:54.473841" level="INFO">${json_data} = {'results': [{'gender': 'female', 'name': {'title': 'Mrs', 'first': 'Venera', 'last': 'Radchenko'}, 'location': {'street': {'number': 9000, 'name': 'Vadima Getmana'}, 'city': 'Pokrov', 'state': 'Polta...</msg>
<var>${json_data}</var>
<arg>${response.json()}</arg>
<doc>Returns the given values which can then be assigned to a variables.</doc>
<status status="PASS" start="2024-05-06T09:15:54.473329" elapsed="0.000540"/>
</kw>
<kw name="Set Variable" owner="BuiltIn">
<msg time="2024-05-06T09:15:54.474551" level="INFO">${name_title} = Mrs</msg>
<var>${name_title}</var>
<arg>${json_data["results"][0]["name"]["title"]}</arg>
<doc>Returns the given values which can then be assigned to a variables.</doc>
<status status="PASS" start="2024-05-06T09:15:54.474167" elapsed="0.000409"/>
</kw>
<kw name="Create List" owner="BuiltIn">
<msg time="2024-05-06T09:15:54.475019" level="INFO">${allowed_titles} = ['Mr', 'Ms', 'Miss', 'Mrs', 'Madame', 'Monsieur']</msg>
<var>${allowed_titles}</var>
<arg>Mr</arg>
<arg>Ms</arg>
<arg>Miss</arg>
<arg>Mrs</arg>
<arg>Madame</arg>
<arg>Monsieur</arg>
<doc>Returns a list containing given items.</doc>
<status status="PASS" start="2024-05-06T09:15:54.474873" elapsed="0.000170"/>
</kw>
<kw name="List Should Contain Value" owner="Collections">
<msg time="2024-05-06T09:15:54.475509" level="INFO">False</msg>
<arg>${allowed_titles}</arg>
<arg>${name_title}</arg>
<doc>Fails if the ``value`` is not found from ``list``.</doc>
<status status="PASS" start="2024-05-06T09:15:54.475336" elapsed="0.000241"/>
</kw>
<kw name="Set Variable" owner="BuiltIn">
<msg time="2024-05-06T09:15:54.476269" level="INFO">${name_country} = UA</msg>
<var>${name_country}</var>
<arg>${json_data["results"][0]["nat"]}</arg>
<doc>Returns the given values which can then be assigned to a variables.</doc>
<status status="PASS" start="2024-05-06T09:15:54.475895" elapsed="0.000398"/>
</kw>
<kw name="Create List" owner="BuiltIn">
<msg time="2024-05-06T09:15:54.477167" level="INFO">${list_country} = ['AD', 'AE', 'AF', 'AG', 'AI', 'AL', 'AM', 'AO', 'AQ', 'AR', 'AS', 'AT', 'AU', 'AW', 'AX', 'AZ', 'BA', 'BB', 'BD', 'BE', 'BF', 'BG', 'BH', 'BI', 'BJ', 'BL', 'BM', 'BN', 'BO', 'BQ', 'BR', 'BS', 'BT', '...</msg>
<var>${list_country}</var>
<arg>AD</arg>
<arg>AE</arg>
<arg>AF</arg>
<arg>AG</arg>
<arg>AI</arg>
<arg>AL</arg>
<arg>AM</arg>
<arg>AO</arg>
<arg>AQ</arg>
<arg>AR</arg>
<arg>AS</arg>
<arg>AT</arg>
<arg>AU</arg>
<arg>AW</arg>
<arg>AX</arg>
<arg>AZ</arg>
<arg>BA</arg>
<arg>BB</arg>
<arg>BD</arg>
<arg>BE</arg>
<arg>BF</arg>
<arg>BG</arg>
<arg>BH</arg>
<arg>BI</arg>
<arg>BJ</arg>
<arg>BL</arg>
<arg>BM</arg>
<arg>BN</arg>
<arg>BO</arg>
<arg>BQ</arg>
<arg>BR</arg>
<arg>BS</arg>
<arg>BT</arg>
<arg>BV</arg>
<arg>BW</arg>
<arg>BY</arg>
<arg>BZ</arg>
<arg>CA</arg>
<arg>CC</arg>
<arg>CD</arg>
<arg>CF</arg>
<arg>CG</arg>
<arg>CH</arg>
<arg>CI</arg>
<arg>CK</arg>
<arg>CL</arg>
<arg>CM</arg>
<arg>CN</arg>
<arg>CO</arg>
<arg>CR</arg>
<arg>CU</arg>
<arg>CV</arg>
<arg>CW</arg>
<arg>CX</arg>
<arg>CY</arg>
<arg>CZ</arg>
<arg>DE</arg>
<arg>DJ</arg>
<arg>DK</arg>
<arg>DM</arg>
<arg>DO</arg>
<arg>DZ</arg>
<arg>EC</arg>
<arg>EE</arg>
<arg>EG</arg>
<arg>EH</arg>
<arg>ER</arg>
<arg>ES</arg>
<arg>ET</arg>
<arg>FI</arg>
<arg>FJ</arg>
<arg>FK</arg>
<arg>FM</arg>
<arg>FO</arg>
<arg>FR</arg>
<arg>GA</arg>
<arg>GB</arg>
<arg>GD</arg>
<arg>GE</arg>
<arg>GF</arg>
<arg>GG</arg>
<arg>GH</arg>
<arg>GI</arg>
<arg>GL</arg>
<arg>GM</arg>
<arg>GN</arg>
<arg>GP</arg>
<arg>GQ</arg>
<arg>GR</arg>
<arg>GS</arg>
<arg>GT</arg>
<arg>GU</arg>
<arg>GW</arg>
<arg>GY</arg>
<arg>HK</arg>
<arg>HM</arg>
<arg>HN</arg>
<arg>HR</arg>
<arg>HT</arg>
<arg>HU</arg>
<arg>ID</arg>
<arg>IE</arg>
<arg>IL</arg>
<arg>IM</arg>
<arg>IN</arg>
<arg>IO</arg>
<arg>IQ</arg>
<arg>IR</arg>
<arg>IS</arg>
<arg>IT</arg>
<arg>JE</arg>
<arg>JM</arg>
<arg>JO</arg>
<arg>JP</arg>
<arg>KE</arg>
<arg>KG</arg>
<arg>KH</arg>
<arg>KI</arg>
<arg>KM</arg>
<arg>KN</arg>
<arg>KP</arg>
<arg>KR</arg>
<arg>KW</arg>
<arg>KY</arg>
<arg>KZ</arg>
<arg>LA</arg>
<arg>LB</arg>
<arg>LC</arg>
<arg>LI</arg>
<arg>LK</arg>
<arg>LR</arg>
<arg>LS</arg>
<arg>LT</arg>
<arg>LU</arg>
<arg>LV</arg>
<arg>LY</arg>
<arg>MA</arg>
<arg>MC</arg>
<arg>MD</arg>
<arg>ME</arg>
<arg>MF</arg>
<arg>MG</arg>
<arg>MH</arg>
<arg>MK</arg>
<arg>ML</arg>
<arg>MM</arg>
<arg>MN</arg>
<arg>MO</arg>
<arg>MP</arg>
<arg>MQ</arg>
<arg>MR</arg>
<arg>MS</arg>
<arg>MT</arg>
<arg>MU</arg>
<arg>MV</arg>
<arg>MW</arg>
<arg>MX</arg>
<arg>MY</arg>
<arg>MZ</arg>
<arg>NA</arg>
<arg>NC</arg>
<arg>NE</arg>
<arg>NF</arg>
<arg>NG</arg>
<arg>NI</arg>
<arg>NL</arg>
<arg>NO</arg>
<arg>NP</arg>
<arg>NR</arg>
<arg>NU</arg>
<arg>NZ</arg>
<arg>OM</arg>
<arg>PA</arg>
<arg>PE</arg>
<arg>PF</arg>
<arg>PG</arg>
<arg>PH</arg>
<arg>PK</arg>
<arg>PL</arg>
<arg>PM</arg>
<arg>PN</arg>
<arg>PR</arg>
<arg>PS</arg>
<arg>PT</arg>
<arg>PW</arg>
<arg>PY</arg>
<arg>QA</arg>
<arg>RE</arg>
<arg>RO</arg>
<arg>RS</arg>
<arg>RU</arg>
<arg>RW</arg>
<arg>SA</arg>
<arg>SB</arg>
<arg>SC</arg>
<arg>SD</arg>
<arg>SE</arg>
<arg>SG</arg>
<arg>SH</arg>
<arg>SI</arg>
<arg>SJ</arg>
<arg>SK</arg>
<arg>SL</arg>
<arg>SM</arg>
<arg>SN</arg>
<arg>SO</arg>
<arg>SR</arg>
<arg>SS</arg>
<arg>ST</arg>
<arg>SV</arg>
<arg>SX</arg>
<arg>SY</arg>
<arg>SZ</arg>
<arg>TC</arg>
<arg>TD</arg>
<arg>TF</arg>
<arg>TG</arg>
<arg>TH</arg>
<arg>TJ</arg>
<arg>TK</arg>
<arg>TL</arg>
<arg>TM</arg>
<arg>TN</arg>
<arg>TO</arg>
<arg>TR</arg>
<arg>TT</arg>
<arg>TV</arg>
<arg>TW</arg>
<arg>TZ</arg>
<arg>UA</arg>
<arg>UG</arg>
<arg>UM</arg>
<arg>US</arg>
<arg>UY</arg>
<arg>UZ</arg>
<arg>VA</arg>
<arg>VC</arg>
<arg>VE</arg>
<arg>VG</arg>
<arg>VI</arg>
<arg>VN</arg>
<arg>VU</arg>
<arg>WF</arg>
<arg>WS</arg>
<arg>XK</arg>
<arg>YE</arg>
<arg>YT</arg>
<arg>ZA</arg>
<arg>ZM</arg>
<arg>ZW</arg>
<doc>Returns a list containing given items.</doc>
<status status="PASS" start="2024-05-06T09:15:54.476586" elapsed="0.000607"/>
</kw>
<kw name="List Should Contain Value" owner="Collections">
<msg time="2024-05-06T09:15:54.478182" level="INFO">False</msg>
<arg>${list_country}</arg>
<arg>${name_country}</arg>
<doc>Fails if the ``value`` is not found from ``list``.</doc>
<status status="PASS" start="2024-05-06T09:15:54.477984" elapsed="0.000234"/>
</kw>
<kw name="Run Keyword If" owner="BuiltIn">
<kw name="Should Be True" owner="BuiltIn">
<arg>${True}</arg>
<doc>Fails if the given condition is not true.</doc>
<status status="PASS" start="2024-05-06T09:15:54.479283" elapsed="0.000323"/>
</kw>
<arg>${json_data["results"][0]["location"]["coordinates"]["latitude"]} &gt;= -90 and ${json_data["results"][0]["location"]["coordinates"]["latitude"]} &lt;= 90</arg>
<arg>Should Be True</arg>
<arg>${True}</arg>
<doc>Runs the given keyword with the given arguments, if ``condition`` is true.</doc>
<status status="PASS" start="2024-05-06T09:15:54.478527" elapsed="0.001241"/>
</kw>
<kw name="Run Keyword If" owner="BuiltIn">
<kw name="Should Be True" owner="BuiltIn">
<arg>${True}</arg>
<doc>Fails if the given condition is not true.</doc>
<status status="PASS" start="2024-05-06T09:15:54.480675" elapsed="0.000137"/>
</kw>
<arg>${json_data["results"][0]["location"]["coordinates"]["longitude"]} &gt;= -180 and ${json_data["results"][0]["location"]["coordinates"]["longitude"]} &lt;= 180</arg>
<arg>Should Be True</arg>
<arg>${True}</arg>
<doc>Runs the given keyword with the given arguments, if ``condition`` is true.</doc>
<status status="PASS" start="2024-05-06T09:15:54.479964" elapsed="0.000970"/>
</kw>
<status status="PASS" start="2024-05-06T09:15:54.378131" elapsed="0.102934"/>
</kw>
<doc>Testa o conteúdo específico dos campos retornados pela API.</doc>
<tag>testeConteudo</tag>
<status status="PASS" start="2024-05-06T09:15:54.377587" elapsed="0.103631"/>
</test>
<status status="PASS" start="2024-05-06T09:15:53.534759" elapsed="0.948454"/>
</suite>
<status status="PASS" start="2024-05-06T09:15:53.520878" elapsed="0.967512"/>
</suite>
<statistics>
<total>
<stat pass="5" fail="0" skip="0">All Tests</stat>
</total>
<tag>
<stat pass="1" fail="0" skip="0">testeConteudo</stat>
<stat pass="1" fail="0" skip="0">testeEstruturaResposta</stat>
<stat pass="1" fail="0" skip="0">testeRequisicaoBasica</stat>
<stat pass="1" fail="0" skip="0">testeTiposDados</stat>
</tag>
<suite>
<stat pass="5" fail="0" skip="0" id="s1" name="Tests">Tests</stat>
<stat pass="5" fail="0" skip="0" id="s1-s1" name="Random-User-Test">Tests.Random-User-Test</stat>
</suite>
</statistics>
<errors>
</errors>
</robot>
