<?xml version="1.0" encoding="UTF-8"?>
<robot generator="Robot 7.0 (Python 3.12.3 on linux)" generated="2024-05-24T08:18:18.718705" rpa="false" schemaversion="5">
<suite id="s1" name="Tests" source="/home/runner/work/DesafioQAItauRogerioJordao/DesafioQAItauRogerioJordao/RamdonUser/tests">
<suite id="s1-s1" name="Random-User-Test" source="/home/runner/work/DesafioQAItauRogerioJordao/DesafioQAItauRogerioJordao/RamdonUser/tests/random-user-test.robot">
<test id="s1-s1-t1" name="Conectar" line="13">
<kw name="Conectar API" owner="random-user-service">
<kw name="Create Session" owner="RequestsLibrary">
<msg time="2024-05-24T08:18:19.106952" level="INFO">Creating Session using : alias=consultarAPI, url=https://randomuser.me/, headers={},                     cookies={}, auth=None, timeout=None, proxies=None, verify=False,                     debug=0 </msg>
<arg>consultarAPI</arg>
<arg>${URL}</arg>
<doc>Create Session: create a HTTP session to a server</doc>
<status status="PASS" start="2024-05-24T08:18:19.106738" elapsed="0.000397"/>
</kw>
<status status="PASS" start="2024-05-24T08:18:19.105622" elapsed="0.001885"/>
</kw>
<status status="PASS" start="2024-05-24T08:18:19.105047" elapsed="0.002659"/>
</test>
<test id="s1-s1-t2" name="Validar retorno 200 e JSON Válido" line="16">
<kw name="Teste de Requisicao Basica" owner="random-user-service">
<kw name="GET On Session" owner="RequestsLibrary">
<msg time="2024-05-24T08:18:19.289870" level="INFO">GET Request : url=https://randomuser.me/api 
 path_url=/api 
 headers={'User-Agent': 'python-requests/2.32.2', 'Accept-Encoding': 'gzip, deflate', 'Accept': '*/*', 'Connection': 'keep-alive'} 
 body=None 
 </msg>
<msg time="2024-05-24T08:18:19.290049" level="INFO">GET Response : url=https://randomuser.me/api 
 status=200, reason=OK 
 headers={'Date': 'Fri, 24 May 2024 08:18:19 GMT', 'Content-Type': 'application/json; charset=utf-8', 'Transfer-Encoding': 'chunked', 'Connection': 'keep-alive', 'X-Powered-By': 'Express', 'Access-Control-Allow-Origin': '*', 'Cache-Control': 'no-cache', 'ETag': 'W/"47e-ihjvYQ5htJdNFDy192ggAt0sOLI"', 'Vary': 'Accept-Encoding', 'Content-Encoding': 'gzip', 'CF-Cache-Status': 'DYNAMIC', 'Report-To': '{"endpoints":[{"url":"https:\\/\\/a.nel.cloudflare.com\\/report\\/v4?s=asbVnF%2FW4OpcDP1ShdFUziOmJHR1K3Fwf6K2Ur2h6B%2BGGhTMEsnBfTcHXsf0vIT8J7L%2BxzQtGITsT3FAzW7NQUoXBZxKSyK11nLIH82%2FdPWGL42f1HSaCa6pPb2nQNT4"}],"group":"cf-nel","max_age":604800}', 'NEL': '{"success_fraction":0,"report_to":"cf-nel","max_age":604800}', 'Server': 'cloudflare', 'CF-RAY': '888bdab64e75073d-IAD', 'alt-svc': 'h3=":443"; ma=86400'} 
 body={"results":[{"gender":"male","name":{"title":"Mr","first":"Udarsh","last":"Salian"},"location":{"street":{"number":6009,"name":"S.A Rd"},"city":"Bhagalpur","state":"Andhra Pradesh","country":"India","postcode":87044,"coordinates":{"latitude":"9.8905","longitude":"-168.9024"},"timezone":{"offset":"+7:00","description":"Bangkok, Hanoi, Jakarta"}},"email":"udarsh.salian@example.com","login":{"uuid":"ecd9c20d-6997-4050-86d5-de39ae1e1cde","username":"ticklishgoose840","password":"geng","salt":"AILBavcF","md5":"448a17b35c5919b39bcc3e81e4687777","sha1":"9be83eb6676f52584e14308bd104e22ff7cc2be8","sha256":"7dedf3a3f1405d531b1b24c51e9c65e1855b29d6b85c3c022cca8288413944c8"},"dob":{"date":"1997-01-19T00:25:31.780Z","age":27},"registered":{"date":"2006-06-23T18:23:46.648Z","age":17},"phone":"8919188927","cell":"9200549821","id":{"name":"UIDAI","value":"078657054681"},"picture":{"large":"https://randomuser.me/api/portraits/men/59.jpg","medium":"https://randomuser.me/api/portraits/med/men/59.jpg","thumbnail":"https://randomuser.me/api/portraits/thumb/men/59.jpg"},"nat":"IN"}],"info":{"seed":"4258cecfbc08aaa4","results":1,"page":1,"version":"1.4"}} 
 </msg>
<msg time="2024-05-24T08:18:19.290142" level="INFO">/opt/hostedtoolcache/Python/3.12.3/x64/lib/python3.12/site-packages/urllib3/connectionpool.py:1103: InsecureRequestWarning: Unverified HTTPS request is being made to host 'randomuser.me'. Adding certificate verification is strongly advised. See: https://urllib3.readthedocs.io/en/latest/advanced-usage.html#tls-warnings
  warnings.warn(</msg>
<msg time="2024-05-24T08:18:19.290337" level="INFO">${response} = &lt;Response [200]&gt;</msg>
<var>${response}</var>
<arg>consultarAPI</arg>
<arg>/api</arg>
<doc>Sends a GET request on a previously created HTTP Session.</doc>
<status status="PASS" start="2024-05-24T08:18:19.110378" elapsed="0.180003"/>
</kw>
<kw name="Should Be Equal As Numbers" owner="BuiltIn">
<msg time="2024-05-24T08:18:19.291561" level="INFO">Argument types are:
&lt;class 'int'&gt;
&lt;class 'str'&gt;</msg>
<arg>${response.status_code}</arg>
<arg>200</arg>
<doc>Fails if objects are unequal after converting them to real numbers.</doc>
<status status="PASS" start="2024-05-24T08:18:19.291037" elapsed="0.000592"/>
</kw>
<kw name="Log" owner="BuiltIn">
<msg time="2024-05-24T08:18:19.292307" level="INFO">200</msg>
<arg>${response.status_code}</arg>
<doc>Logs the given message with the given level.</doc>
<status status="PASS" start="2024-05-24T08:18:19.291957" elapsed="0.000397"/>
</kw>
<kw name="Set Variable" owner="BuiltIn">
<msg time="2024-05-24T08:18:19.293095" level="INFO">${json_data} = {'results': [{'gender': 'male', 'name': {'title': 'Mr', 'first': 'Udarsh', 'last': 'Salian'}, 'location': {'street': {'number': 6009, 'name': 'S.A Rd'}, 'city': 'Bhagalpur', 'state': 'Andhra Pradesh',...</msg>
<var>${json_data}</var>
<arg>${response.json()}</arg>
<doc>Returns the given values which can then be assigned to a variables.</doc>
<status status="PASS" start="2024-05-24T08:18:19.292663" elapsed="0.000461"/>
</kw>
<kw name="Dictionary Should Contain Key" owner="Collections">
<msg time="2024-05-24T08:18:19.293592" level="INFO">False</msg>
<arg>${json_data}</arg>
<arg>results</arg>
<doc>Fails if ``key`` is not found from ``dictionary``.</doc>
<status status="PASS" start="2024-05-24T08:18:19.293426" elapsed="0.000372"/>
</kw>
<status status="PASS" start="2024-05-24T08:18:19.110078" elapsed="0.183987"/>
</kw>
<doc>Testa se a API responde corretamente e retorna um objeto JSON válido.</doc>
<tag>testeRequisicaoBasica</tag>
<status status="PASS" start="2024-05-24T08:18:19.109590" elapsed="0.184664"/>
</test>
<test id="s1-s1-t3" name="Validar estrutura de resposta" line="22">
<kw name="Teste de Estrutura de Resposta" owner="random-user-service">
<kw name="GET On Session" owner="RequestsLibrary">
<msg time="2024-05-24T08:18:19.387379" level="INFO">GET Request : url=https://randomuser.me/api 
 path_url=/api 
 headers={'User-Agent': 'python-requests/2.32.2', 'Accept-Encoding': 'gzip, deflate', 'Accept': '*/*', 'Connection': 'keep-alive'} 
 body=None 
 </msg>
<msg time="2024-05-24T08:18:19.387482" level="INFO">GET Response : url=https://randomuser.me/api 
 status=200, reason=OK 
 headers={'Date': 'Fri, 24 May 2024 08:18:19 GMT', 'Content-Type': 'application/json; charset=utf-8', 'Transfer-Encoding': 'chunked', 'Connection': 'keep-alive', 'X-Powered-By': 'Express', 'Access-Control-Allow-Origin': '*', 'Cache-Control': 'no-cache', 'ETag': 'W/"475-6gSzjDc1bYHxXySMTDsep3LRjIw"', 'Vary': 'Accept-Encoding', 'Content-Encoding': 'gzip', 'CF-Cache-Status': 'DYNAMIC', 'Report-To': '{"endpoints":[{"url":"https:\\/\\/a.nel.cloudflare.com\\/report\\/v4?s=yAbA9YzmacXGUiZ0wPTfI7ET6jSxjr0Zd7ikaDlnpcRmr2J5Tpudcb%2BobG4y32wUG9EEoZgbN41PpGkBVGDx9SfmazvVuvv%2BUbXXyzSmKeZphSoCria57sd6ZSe72Wef"}],"group":"cf-nel","max_age":604800}', 'NEL': '{"success_fraction":0,"report_to":"cf-nel","max_age":604800}', 'Server': 'cloudflare', 'CF-RAY': '888bdab69eeb073d-IAD', 'alt-svc': 'h3=":443"; ma=86400'} 
 body={"results":[{"gender":"female","name":{"title":"Mrs","first":"Rose","last":"Green"},"location":{"street":{"number":3241,"name":"Richmond Park"},"city":"Portarlington","state":"Donegal","country":"Ireland","postcode":28417,"coordinates":{"latitude":"0.9244","longitude":"149.7254"},"timezone":{"offset":"+3:30","description":"Tehran"}},"email":"rose.green@example.com","login":{"uuid":"d5595ac2-3648-45a6-b3f0-0dbaf21d7aa5","username":"beautifulbird839","password":"wildcat","salt":"zrIvOAEm","md5":"df22e2d6bb0d6a1abbe1bf0c809e726c","sha1":"bbf85d60fc13a66959f7a9f1c0645b3219797e52","sha256":"7d49eb4e1acf3bcd91b867f2e1e95deb9e889d30c20554945a02cf221966ee53"},"dob":{"date":"1986-02-24T18:37:49.507Z","age":38},"registered":{"date":"2015-08-10T07:47:44.814Z","age":8},"phone":"021-084-6637","cell":"081-094-7556","id":{"name":"PPS","value":"3077170T"},"picture":{"large":"https://randomuser.me/api/portraits/women/92.jpg","medium":"https://randomuser.me/api/portraits/med/women/92.jpg","thumbnail":"https://randomuser.me/api/portraits/thumb/women/92.jpg"},"nat":"IE"}],"info":{"seed":"0e3e57cb119ea5ae","results":1,"page":1,"version":"1.4"}} 
 </msg>
<msg time="2024-05-24T08:18:19.387603" level="INFO">/opt/hostedtoolcache/Python/3.12.3/x64/lib/python3.12/site-packages/urllib3/connectionpool.py:1103: InsecureRequestWarning: Unverified HTTPS request is being made to host 'randomuser.me'. Adding certificate verification is strongly advised. See: https://urllib3.readthedocs.io/en/latest/advanced-usage.html#tls-warnings
  warnings.warn(</msg>
<msg time="2024-05-24T08:18:19.387742" level="INFO">${response} = &lt;Response [200]&gt;</msg>
<var>${response}</var>
<arg>consultarAPI</arg>
<arg>/api</arg>
<doc>Sends a GET request on a previously created HTTP Session.</doc>
<status status="PASS" start="2024-05-24T08:18:19.297276" elapsed="0.090506"/>
</kw>
<kw name="Set Variable" owner="BuiltIn">
<msg time="2024-05-24T08:18:19.388812" level="INFO">${json_data} = {'results': [{'gender': 'female', 'name': {'title': 'Mrs', 'first': 'Rose', 'last': 'Green'}, 'location': {'street': {'number': 3241, 'name': 'Richmond Park'}, 'city': 'Portarlington', 'state': 'Doneg...</msg>
<var>${json_data}</var>
<arg>${response.json()}</arg>
<doc>Returns the given values which can then be assigned to a variables.</doc>
<status status="PASS" start="2024-05-24T08:18:19.388274" elapsed="0.000569"/>
</kw>
<kw name="Log" owner="BuiltIn">
<msg time="2024-05-24T08:18:19.389322" level="INFO">{'results': [{'gender': 'female', 'name': {'title': 'Mrs', 'first': 'Rose', 'last': 'Green'}, 'location': {'street': {'number': 3241, 'name': 'Richmond Park'}, 'city': 'Portarlington', 'state': 'Donegal', 'country': 'Ireland', 'postcode': 28417, 'coordinates': {'latitude': '0.9244', 'longitude': '149.7254'}, 'timezone': {'offset': '+3:30', 'description': 'Tehran'}}, 'email': 'rose.green@example.com', 'login': {'uuid': 'd5595ac2-3648-45a6-b3f0-0dbaf21d7aa5', 'username': 'beautifulbird839', 'password': 'wildcat', 'salt': 'zrIvOAEm', 'md5': 'df22e2d6bb0d6a1abbe1bf0c809e726c', 'sha1': 'bbf85d60fc13a66959f7a9f1c0645b3219797e52', 'sha256': '7d49eb4e1acf3bcd91b867f2e1e95deb9e889d30c20554945a02cf221966ee53'}, 'dob': {'date': '1986-02-24T18:37:49.507Z', 'age': 38}, 'registered': {'date': '2015-08-10T07:47:44.814Z', 'age': 8}, 'phone': '021-084-6637', 'cell': '081-094-7556', 'id': {'name': 'PPS', 'value': '3077170T'}, 'picture': {'large': 'https://randomuser.me/api/portraits/women/92.jpg', 'medium': 'https://randomuser.me/api/portraits/med/women/92.jpg', 'thumbnail': 'https://randomuser.me/api/portraits/thumb/women/92.jpg'}, 'nat': 'IE'}], 'info': {'seed': '0e3e57cb119ea5ae', 'results': 1, 'page': 1, 'version': '1.4'}}</msg>
<arg>${json_data}</arg>
<doc>Logs the given message with the given level.</doc>
<status status="PASS" start="2024-05-24T08:18:19.389159" elapsed="0.000213"/>
</kw>
<kw name="Dictionary Should Contain Key" owner="Collections">
<msg time="2024-05-24T08:18:19.389831" level="INFO">False</msg>
<arg>${json_data}</arg>
<arg>results</arg>
<doc>Fails if ``key`` is not found from ``dictionary``.</doc>
<status status="PASS" start="2024-05-24T08:18:19.389672" elapsed="0.000197"/>
</kw>
<kw name="Should Not Be Empty" owner="BuiltIn">
<msg time="2024-05-24T08:18:19.390343" level="INFO">Length is 2.</msg>
<arg>${json_data}</arg>
<doc>Verifies that the given item is not empty.</doc>
<status status="PASS" start="2024-05-24T08:18:19.390173" elapsed="0.000212"/>
</kw>
<kw name="Create List" owner="BuiltIn">
<msg time="2024-05-24T08:18:19.390853" level="INFO">${expected_keys} = ['gender', 'name', 'location', 'email', 'login']</msg>
<var>${expected_keys}</var>
<arg>gender</arg>
<arg>name</arg>
<arg>location</arg>
<arg>email</arg>
<arg>login</arg>
<doc>Returns a list containing given items.</doc>
<status status="PASS" start="2024-05-24T08:18:19.390692" elapsed="0.000186"/>
</kw>
<for flavor="IN">
<iter>
<kw name="Dictionary Should Contain Key" owner="Collections">
<msg time="2024-05-24T08:18:19.391916" level="INFO">False</msg>
<arg>${json_data['results'][0]}</arg>
<arg>${key}</arg>
<doc>Fails if ``key`` is not found from ``dictionary``.</doc>
<status status="PASS" start="2024-05-24T08:18:19.391500" elapsed="0.000459"/>
</kw>
<kw name="Log" owner="BuiltIn">
<msg time="2024-05-24T08:18:19.392657" level="INFO">{'gender': 'female', 'name': {'title': 'Mrs', 'first': 'Rose', 'last': 'Green'}, 'location': {'street': {'number': 3241, 'name': 'Richmond Park'}, 'city': 'Portarlington', 'state': 'Donegal', 'country': 'Ireland', 'postcode': 28417, 'coordinates': {'latitude': '0.9244', 'longitude': '149.7254'}, 'timezone': {'offset': '+3:30', 'description': 'Tehran'}}, 'email': 'rose.green@example.com', 'login': {'uuid': 'd5595ac2-3648-45a6-b3f0-0dbaf21d7aa5', 'username': 'beautifulbird839', 'password': 'wildcat', 'salt': 'zrIvOAEm', 'md5': 'df22e2d6bb0d6a1abbe1bf0c809e726c', 'sha1': 'bbf85d60fc13a66959f7a9f1c0645b3219797e52', 'sha256': '7d49eb4e1acf3bcd91b867f2e1e95deb9e889d30c20554945a02cf221966ee53'}, 'dob': {'date': '1986-02-24T18:37:49.507Z', 'age': 38}, 'registered': {'date': '2015-08-10T07:47:44.814Z', 'age': 8}, 'phone': '021-084-6637', 'cell': '081-094-7556', 'id': {'name': 'PPS', 'value': '3077170T'}, 'picture': {'large': 'https://randomuser.me/api/portraits/women/92.jpg', 'medium': 'https://randomuser.me/api/portraits/med/women/92.jpg', 'thumbnail': 'https://randomuser.me/api/portraits/thumb/women/92.jpg'}, 'nat': 'IE'}</msg>
<arg>${json_data['results'][0]}</arg>
<doc>Logs the given message with the given level.</doc>
<status status="PASS" start="2024-05-24T08:18:19.392266" elapsed="0.000479"/>
</kw>
<kw name="Log" owner="BuiltIn">
<msg time="2024-05-24T08:18:19.393236" level="INFO">gender</msg>
<arg>${key}</arg>
<doc>Logs the given message with the given level.</doc>
<status status="PASS" start="2024-05-24T08:18:19.393096" elapsed="0.000180"/>
</kw>
<var name="${key}">gender</var>
<status status="PASS" start="2024-05-24T08:18:19.391351" elapsed="0.002146"/>
</iter>
<iter>
<kw name="Dictionary Should Contain Key" owner="Collections">
<msg time="2024-05-24T08:18:19.394200" level="INFO">False</msg>
<arg>${json_data['results'][0]}</arg>
<arg>${key}</arg>
<doc>Fails if ``key`` is not found from ``dictionary``.</doc>
<status status="PASS" start="2024-05-24T08:18:19.393807" elapsed="0.000431"/>
</kw>
<kw name="Log" owner="BuiltIn">
<msg time="2024-05-24T08:18:19.394979" level="INFO">{'gender': 'female', 'name': {'title': 'Mrs', 'first': 'Rose', 'last': 'Green'}, 'location': {'street': {'number': 3241, 'name': 'Richmond Park'}, 'city': 'Portarlington', 'state': 'Donegal', 'country': 'Ireland', 'postcode': 28417, 'coordinates': {'latitude': '0.9244', 'longitude': '149.7254'}, 'timezone': {'offset': '+3:30', 'description': 'Tehran'}}, 'email': 'rose.green@example.com', 'login': {'uuid': 'd5595ac2-3648-45a6-b3f0-0dbaf21d7aa5', 'username': 'beautifulbird839', 'password': 'wildcat', 'salt': 'zrIvOAEm', 'md5': 'df22e2d6bb0d6a1abbe1bf0c809e726c', 'sha1': 'bbf85d60fc13a66959f7a9f1c0645b3219797e52', 'sha256': '7d49eb4e1acf3bcd91b867f2e1e95deb9e889d30c20554945a02cf221966ee53'}, 'dob': {'date': '1986-02-24T18:37:49.507Z', 'age': 38}, 'registered': {'date': '2015-08-10T07:47:44.814Z', 'age': 8}, 'phone': '021-084-6637', 'cell': '081-094-7556', 'id': {'name': 'PPS', 'value': '3077170T'}, 'picture': {'large': 'https://randomuser.me/api/portraits/women/92.jpg', 'medium': 'https://randomuser.me/api/portraits/med/women/92.jpg', 'thumbnail': 'https://randomuser.me/api/portraits/thumb/women/92.jpg'}, 'nat': 'IE'}</msg>
<arg>${json_data['results'][0]}</arg>
<doc>Logs the given message with the given level.</doc>
<status status="PASS" start="2024-05-24T08:18:19.394613" elapsed="0.000417"/>
</kw>
<kw name="Log" owner="BuiltIn">
<msg time="2024-05-24T08:18:19.395465" level="INFO">name</msg>
<arg>${key}</arg>
<doc>Logs the given message with the given level.</doc>
<status status="PASS" start="2024-05-24T08:18:19.395333" elapsed="0.000171"/>
</kw>
<var name="${key}">name</var>
<status status="PASS" start="2024-05-24T08:18:19.393690" elapsed="0.002030"/>
</iter>
<iter>
<kw name="Dictionary Should Contain Key" owner="Collections">
<msg time="2024-05-24T08:18:19.396391" level="INFO">False</msg>
<arg>${json_data['results'][0]}</arg>
<arg>${key}</arg>
<doc>Fails if ``key`` is not found from ``dictionary``.</doc>
<status status="PASS" start="2024-05-24T08:18:19.396011" elapsed="0.000419"/>
</kw>
<kw name="Log" owner="BuiltIn">
<msg time="2024-05-24T08:18:19.397092" level="INFO">{'gender': 'female', 'name': {'title': 'Mrs', 'first': 'Rose', 'last': 'Green'}, 'location': {'street': {'number': 3241, 'name': 'Richmond Park'}, 'city': 'Portarlington', 'state': 'Donegal', 'country': 'Ireland', 'postcode': 28417, 'coordinates': {'latitude': '0.9244', 'longitude': '149.7254'}, 'timezone': {'offset': '+3:30', 'description': 'Tehran'}}, 'email': 'rose.green@example.com', 'login': {'uuid': 'd5595ac2-3648-45a6-b3f0-0dbaf21d7aa5', 'username': 'beautifulbird839', 'password': 'wildcat', 'salt': 'zrIvOAEm', 'md5': 'df22e2d6bb0d6a1abbe1bf0c809e726c', 'sha1': 'bbf85d60fc13a66959f7a9f1c0645b3219797e52', 'sha256': '7d49eb4e1acf3bcd91b867f2e1e95deb9e889d30c20554945a02cf221966ee53'}, 'dob': {'date': '1986-02-24T18:37:49.507Z', 'age': 38}, 'registered': {'date': '2015-08-10T07:47:44.814Z', 'age': 8}, 'phone': '021-084-6637', 'cell': '081-094-7556', 'id': {'name': 'PPS', 'value': '3077170T'}, 'picture': {'large': 'https://randomuser.me/api/portraits/women/92.jpg', 'medium': 'https://randomuser.me/api/portraits/med/women/92.jpg', 'thumbnail': 'https://randomuser.me/api/portraits/thumb/women/92.jpg'}, 'nat': 'IE'}</msg>
<arg>${json_data['results'][0]}</arg>
<doc>Logs the given message with the given level.</doc>
<status status="PASS" start="2024-05-24T08:18:19.396727" elapsed="0.000414"/>
</kw>
<kw name="Log" owner="BuiltIn">
<msg time="2024-05-24T08:18:19.397563" level="INFO">location</msg>
<arg>${key}</arg>
<doc>Logs the given message with the given level.</doc>
<status status="PASS" start="2024-05-24T08:18:19.397437" elapsed="0.000165"/>
</kw>
<var name="${key}">location</var>
<status status="PASS" start="2024-05-24T08:18:19.395901" elapsed="0.001920"/>
</iter>
<iter>
<kw name="Dictionary Should Contain Key" owner="Collections">
<msg time="2024-05-24T08:18:19.398646" level="INFO">False</msg>
<arg>${json_data['results'][0]}</arg>
<arg>${key}</arg>
<doc>Fails if ``key`` is not found from ``dictionary``.</doc>
<status status="PASS" start="2024-05-24T08:18:19.398107" elapsed="0.000578"/>
</kw>
<kw name="Log" owner="BuiltIn">
<msg time="2024-05-24T08:18:19.399350" level="INFO">{'gender': 'female', 'name': {'title': 'Mrs', 'first': 'Rose', 'last': 'Green'}, 'location': {'street': {'number': 3241, 'name': 'Richmond Park'}, 'city': 'Portarlington', 'state': 'Donegal', 'country': 'Ireland', 'postcode': 28417, 'coordinates': {'latitude': '0.9244', 'longitude': '149.7254'}, 'timezone': {'offset': '+3:30', 'description': 'Tehran'}}, 'email': 'rose.green@example.com', 'login': {'uuid': 'd5595ac2-3648-45a6-b3f0-0dbaf21d7aa5', 'username': 'beautifulbird839', 'password': 'wildcat', 'salt': 'zrIvOAEm', 'md5': 'df22e2d6bb0d6a1abbe1bf0c809e726c', 'sha1': 'bbf85d60fc13a66959f7a9f1c0645b3219797e52', 'sha256': '7d49eb4e1acf3bcd91b867f2e1e95deb9e889d30c20554945a02cf221966ee53'}, 'dob': {'date': '1986-02-24T18:37:49.507Z', 'age': 38}, 'registered': {'date': '2015-08-10T07:47:44.814Z', 'age': 8}, 'phone': '021-084-6637', 'cell': '081-094-7556', 'id': {'name': 'PPS', 'value': '3077170T'}, 'picture': {'large': 'https://randomuser.me/api/portraits/women/92.jpg', 'medium': 'https://randomuser.me/api/portraits/med/women/92.jpg', 'thumbnail': 'https://randomuser.me/api/portraits/thumb/women/92.jpg'}, 'nat': 'IE'}</msg>
<arg>${json_data['results'][0]}</arg>
<doc>Logs the given message with the given level.</doc>
<status status="PASS" start="2024-05-24T08:18:19.398989" elapsed="0.000412"/>
</kw>
<kw name="Log" owner="BuiltIn">
<msg time="2024-05-24T08:18:19.399833" level="INFO">email</msg>
<arg>${key}</arg>
<doc>Logs the given message with the given level.</doc>
<status status="PASS" start="2024-05-24T08:18:19.399703" elapsed="0.000167"/>
</kw>
<var name="${key}">email</var>
<status status="PASS" start="2024-05-24T08:18:19.397996" elapsed="0.002089"/>
</iter>
<iter>
<kw name="Dictionary Should Contain Key" owner="Collections">
<msg time="2024-05-24T08:18:19.400751" level="INFO">False</msg>
<arg>${json_data['results'][0]}</arg>
<arg>${key}</arg>
<doc>Fails if ``key`` is not found from ``dictionary``.</doc>
<status status="PASS" start="2024-05-24T08:18:19.400374" elapsed="0.000415"/>
</kw>
<kw name="Log" owner="BuiltIn">
<msg time="2024-05-24T08:18:19.401461" level="INFO">{'gender': 'female', 'name': {'title': 'Mrs', 'first': 'Rose', 'last': 'Green'}, 'location': {'street': {'number': 3241, 'name': 'Richmond Park'}, 'city': 'Portarlington', 'state': 'Donegal', 'country': 'Ireland', 'postcode': 28417, 'coordinates': {'latitude': '0.9244', 'longitude': '149.7254'}, 'timezone': {'offset': '+3:30', 'description': 'Tehran'}}, 'email': 'rose.green@example.com', 'login': {'uuid': 'd5595ac2-3648-45a6-b3f0-0dbaf21d7aa5', 'username': 'beautifulbird839', 'password': 'wildcat', 'salt': 'zrIvOAEm', 'md5': 'df22e2d6bb0d6a1abbe1bf0c809e726c', 'sha1': 'bbf85d60fc13a66959f7a9f1c0645b3219797e52', 'sha256': '7d49eb4e1acf3bcd91b867f2e1e95deb9e889d30c20554945a02cf221966ee53'}, 'dob': {'date': '1986-02-24T18:37:49.507Z', 'age': 38}, 'registered': {'date': '2015-08-10T07:47:44.814Z', 'age': 8}, 'phone': '021-084-6637', 'cell': '081-094-7556', 'id': {'name': 'PPS', 'value': '3077170T'}, 'picture': {'large': 'https://randomuser.me/api/portraits/women/92.jpg', 'medium': 'https://randomuser.me/api/portraits/med/women/92.jpg', 'thumbnail': 'https://randomuser.me/api/portraits/thumb/women/92.jpg'}, 'nat': 'IE'}</msg>
<arg>${json_data['results'][0]}</arg>
<doc>Logs the given message with the given level.</doc>
<status status="PASS" start="2024-05-24T08:18:19.401092" elapsed="0.000417"/>
</kw>
<kw name="Log" owner="BuiltIn">
<msg time="2024-05-24T08:18:19.401941" level="INFO">login</msg>
<arg>${key}</arg>
<doc>Logs the given message with the given level.</doc>
<status status="PASS" start="2024-05-24T08:18:19.401814" elapsed="0.000164"/>
</kw>
<var name="${key}">login</var>
<status status="PASS" start="2024-05-24T08:18:19.400261" elapsed="0.001932"/>
</iter>
<var>${key}</var>
<value>@{expected_keys}</value>
<status status="PASS" start="2024-05-24T08:18:19.391146" elapsed="0.011194"/>
</for>
<kw name="Create List" owner="BuiltIn">
<msg time="2024-05-24T08:18:19.402710" level="INFO">${expected_keysTwo} = ['username', 'password']</msg>
<var>${expected_keysTwo}</var>
<arg>username</arg>
<arg>password</arg>
<doc>Returns a list containing given items.</doc>
<status status="PASS" start="2024-05-24T08:18:19.402571" elapsed="0.000163"/>
</kw>
<for flavor="IN">
<iter>
<kw name="Dictionary Should Contain Key" owner="Collections">
<msg time="2024-05-24T08:18:19.403611" level="INFO">False</msg>
<arg>${json_data['results'][0]['login']}</arg>
<arg>${keyTwo}</arg>
<doc>Fails if ``key`` is not found from ``dictionary``.</doc>
<status status="PASS" start="2024-05-24T08:18:19.403234" elapsed="0.000414"/>
</kw>
<kw name="Dictionary Should Contain Key" owner="Collections">
<msg time="2024-05-24T08:18:19.404315" level="INFO">False</msg>
<arg>${json_data['results'][0]['login']}</arg>
<arg>${keyTwo}</arg>
<doc>Fails if ``key`` is not found from ``dictionary``.</doc>
<status status="PASS" start="2024-05-24T08:18:19.403940" elapsed="0.000412"/>
</kw>
<kw name="Log" owner="BuiltIn">
<msg time="2024-05-24T08:18:19.404795" level="INFO">username</msg>
<arg>${keyTwo}</arg>
<doc>Logs the given message with the given level.</doc>
<status status="PASS" start="2024-05-24T08:18:19.404667" elapsed="0.000164"/>
</kw>
<var name="${keyTwo}">username</var>
<status status="PASS" start="2024-05-24T08:18:19.403123" elapsed="0.001921"/>
</iter>
<iter>
<kw name="Dictionary Should Contain Key" owner="Collections">
<msg time="2024-05-24T08:18:19.405712" level="INFO">False</msg>
<arg>${json_data['results'][0]['login']}</arg>
<arg>${keyTwo}</arg>
<doc>Fails if ``key`` is not found from ``dictionary``.</doc>
<status status="PASS" start="2024-05-24T08:18:19.405325" elapsed="0.000424"/>
</kw>
<kw name="Dictionary Should Contain Key" owner="Collections">
<msg time="2024-05-24T08:18:19.406442" level="INFO">False</msg>
<arg>${json_data['results'][0]['login']}</arg>
<arg>${keyTwo}</arg>
<doc>Fails if ``key`` is not found from ``dictionary``.</doc>
<status status="PASS" start="2024-05-24T08:18:19.406041" elapsed="0.000440"/>
</kw>
<kw name="Log" owner="BuiltIn">
<msg time="2024-05-24T08:18:19.406926" level="INFO">password</msg>
<arg>${keyTwo}</arg>
<doc>Logs the given message with the given level.</doc>
<status status="PASS" start="2024-05-24T08:18:19.406798" elapsed="0.000165"/>
</kw>
<var name="${keyTwo}">password</var>
<status status="PASS" start="2024-05-24T08:18:19.405216" elapsed="0.001962"/>
</iter>
<var>${keyTwo}</var>
<value>@{expected_keysTwo}</value>
<status status="PASS" start="2024-05-24T08:18:19.402970" elapsed="0.004328"/>
</for>
<status status="PASS" start="2024-05-24T08:18:19.296925" elapsed="0.110516"/>
</kw>
<doc>Testa a estrutura da resposta da API.</doc>
<tag>testeEstruturaResposta</tag>
<status status="PASS" start="2024-05-24T08:18:19.296136" elapsed="0.111462"/>
</test>
<test id="s1-s1-t4" name="Validar tipos de dados" line="28">
<kw name="Teste de Tipos de Dados" owner="random-user-service">
<kw name="GET On Session" owner="RequestsLibrary">
<msg time="2024-05-24T08:18:19.489381" level="INFO">GET Request : url=https://randomuser.me/api 
 path_url=/api 
 headers={'User-Agent': 'python-requests/2.32.2', 'Accept-Encoding': 'gzip, deflate', 'Accept': '*/*', 'Connection': 'keep-alive'} 
 body=None 
 </msg>
<msg time="2024-05-24T08:18:19.489491" level="INFO">GET Response : url=https://randomuser.me/api 
 status=200, reason=OK 
 headers={'Date': 'Fri, 24 May 2024 08:18:19 GMT', 'Content-Type': 'application/json; charset=utf-8', 'Transfer-Encoding': 'chunked', 'Connection': 'keep-alive', 'X-Powered-By': 'Express', 'Access-Control-Allow-Origin': '*', 'Cache-Control': 'no-cache', 'ETag': 'W/"49c-OSB6nuPL8y7xxuqIlwGCiTlwbEQ"', 'Vary': 'Accept-Encoding', 'Content-Encoding': 'gzip', 'CF-Cache-Status': 'DYNAMIC', 'Report-To': '{"endpoints":[{"url":"https:\\/\\/a.nel.cloudflare.com\\/report\\/v4?s=90kdobVHFZyG22dI00VaIQKOX1MUmkJmAj%2B4f6%2F0M9mmZ4%2FxXveEimW5jC1ytI8MgLsZGI5a4S5VJtCM1iUZwb6nP6j%2BThFFkGsw0%2BQTpMytrVBDnl4bl2YCs4vBVw%2Fl"}],"group":"cf-nel","max_age":604800}', 'NEL': '{"success_fraction":0,"report_to":"cf-nel","max_age":604800}', 'Server': 'cloudflare', 'CF-RAY': '888bdab75fe4073d-IAD', 'alt-svc': 'h3=":443"; ma=86400'} 
 body={"results":[{"gender":"male","name":{"title":"Mr","first":"Damien","last":"Boyer"},"location":{"street":{"number":286,"name":"Place de L'Abbé-Franz-Stock"},"city":"Asnières-sur-Seine","state":"Aube","country":"France","postcode":67896,"coordinates":{"latitude":"-18.7135","longitude":"-125.8098"},"timezone":{"offset":"-11:00","description":"Midway Island, Samoa"}},"email":"damien.boyer@example.com","login":{"uuid":"2100311a-2ddf-4011-adc6-f1557f26fb74","username":"smallgoose948","password":"spice","salt":"kZ18cffP","md5":"16d599c7c299d9afeec16b15d0394662","sha1":"52f1b63230a8fab0cc13d2ff8020520e3093e293","sha256":"69d40aac21345cc70f9372aa4bdd67cd2c5f88eff4ec5c11ea7ecf0d98955070"},"dob":{"date":"1948-08-05T06:43:09.645Z","age":75},"registered":{"date":"2008-07-29T15:04:23.045Z","age":15},"phone":"03-91-39-74-26","cell":"06-40-22-46-28","id":{"name":"INSEE","value":"1480719538967 72"},"picture":{"large":"https://randomuser.me/api/portraits/men/31.jpg","medium":"https://randomuser.me/api/portraits/med/men/31.jpg","thumbnail":"https://randomuser.me/api/portraits/thumb/men/31.jpg"},"nat":"FR"}],"info":{"seed":"06eb5eb0a950aa52","results":1,"page":1,"version":"1.4"}} 
 </msg>
<msg time="2024-05-24T08:18:19.489576" level="INFO">/opt/hostedtoolcache/Python/3.12.3/x64/lib/python3.12/site-packages/urllib3/connectionpool.py:1103: InsecureRequestWarning: Unverified HTTPS request is being made to host 'randomuser.me'. Adding certificate verification is strongly advised. See: https://urllib3.readthedocs.io/en/latest/advanced-usage.html#tls-warnings
  warnings.warn(</msg>
<msg time="2024-05-24T08:18:19.489706" level="INFO">${response} = &lt;Response [200]&gt;</msg>
<var>${response}</var>
<arg>consultarAPI</arg>
<arg>/api</arg>
<doc>Sends a GET request on a previously created HTTP Session.</doc>
<status status="PASS" start="2024-05-24T08:18:19.410026" elapsed="0.079719"/>
</kw>
<kw name="Set Variable" owner="BuiltIn">
<msg time="2024-05-24T08:18:19.490811" level="INFO">${json_data} = {'results': [{'gender': 'male', 'name': {'title': 'Mr', 'first': 'Damien', 'last': 'Boyer'}, 'location': {'street': {'number': 286, 'name': "Place de L'Abbé-Franz-Stock"}, 'city': 'Asnières-sur-Seine'...</msg>
<var>${json_data}</var>
<arg>${response.json()}</arg>
<doc>Returns the given values which can then be assigned to a variables.</doc>
<status status="PASS" start="2024-05-24T08:18:19.490252" elapsed="0.000590"/>
</kw>
<kw name="Log" owner="BuiltIn">
<msg time="2024-05-24T08:18:19.491316" level="INFO">{'results': [{'gender': 'male', 'name': {'title': 'Mr', 'first': 'Damien', 'last': 'Boyer'}, 'location': {'street': {'number': 286, 'name': "Place de L'Abbé-Franz-Stock"}, 'city': 'Asnières-sur-Seine', 'state': 'Aube', 'country': 'France', 'postcode': 67896, 'coordinates': {'latitude': '-18.7135', 'longitude': '-125.8098'}, 'timezone': {'offset': '-11:00', 'description': 'Midway Island, Samoa'}}, 'email': 'damien.boyer@example.com', 'login': {'uuid': '2100311a-2ddf-4011-adc6-f1557f26fb74', 'username': 'smallgoose948', 'password': 'spice', 'salt': 'kZ18cffP', 'md5': '16d599c7c299d9afeec16b15d0394662', 'sha1': '52f1b63230a8fab0cc13d2ff8020520e3093e293', 'sha256': '69d40aac21345cc70f9372aa4bdd67cd2c5f88eff4ec5c11ea7ecf0d98955070'}, 'dob': {'date': '1948-08-05T06:43:09.645Z', 'age': 75}, 'registered': {'date': '2008-07-29T15:04:23.045Z', 'age': 15}, 'phone': '03-91-39-74-26', 'cell': '06-40-22-46-28', 'id': {'name': 'INSEE', 'value': '1480719538967 72'}, 'picture': {'large': 'https://randomuser.me/api/portraits/men/31.jpg', 'medium': 'https://randomuser.me/api/portraits/med/men/31.jpg', 'thumbnail': 'https://randomuser.me/api/portraits/thumb/men/31.jpg'}, 'nat': 'FR'}], 'info': {'seed': '06eb5eb0a950aa52', 'results': 1, 'page': 1, 'version': '1.4'}}</msg>
<arg>${json_data}</arg>
<doc>Logs the given message with the given level.</doc>
<status status="PASS" start="2024-05-24T08:18:19.491151" elapsed="0.000253"/>
</kw>
<kw name="Should Be String" owner="String">
<arg>${json_data['results'][0]['gender']}</arg>
<doc>Fails if the given ``item`` is not a string.</doc>
<status status="PASS" start="2024-05-24T08:18:19.491706" elapsed="0.000376"/>
</kw>
<kw name="Should Match Regexp" owner="BuiltIn">
<arg>${json_data['results'][0]['email']}</arg>
<arg>^[a-zA-Z0-9._%+-]+@[a-zA-Z0-9.-]+\.[a-zA-Z]{2,}$</arg>
<doc>Fails if ``string`` does not match ``pattern`` as a regular expression.</doc>
<status status="PASS" start="2024-05-24T08:18:19.492275" elapsed="0.000686"/>
</kw>
<kw name="Should Match Regexp" owner="BuiltIn">
<arg>${json_data['results'][0]['dob']['date']}</arg>
<arg>\\d{4}-\\d{2}-\\d{2}T\\d{2}:\\d{2}:\\d{2}\\.\\d{3}Z</arg>
<doc>Fails if ``string`` does not match ``pattern`` as a regular expression.</doc>
<status status="PASS" start="2024-05-24T08:18:19.493168" elapsed="0.000487"/>
</kw>
<kw name="Should Match Regexp" owner="BuiltIn">
<arg>${json_data['results'][0]['registered']['date']}</arg>
<arg>\\d{4}-\\d{2}-\\d{2}T\\d{2}:\\d{2}:\\d{2}\\.\\d{3}Z</arg>
<doc>Fails if ``string`` does not match ``pattern`` as a regular expression.</doc>
<status status="PASS" start="2024-05-24T08:18:19.493848" elapsed="0.000369"/>
</kw>
<kw name="Should Match Regexp" owner="BuiltIn">
<arg>${json_data['results'][0]['picture']['large']}</arg>
<arg>^https?://.*\.(?:png|jpe?g|gif|bmp)$</arg>
<doc>Fails if ``string`` does not match ``pattern`` as a regular expression.</doc>
<status status="PASS" start="2024-05-24T08:18:19.494438" elapsed="0.000466"/>
</kw>
<kw name="Should Match Regexp" owner="BuiltIn">
<arg>${json_data['results'][0]['picture']['medium']}</arg>
<arg>^https?://.*\.(?:png|jpe?g|gif|bmp)$</arg>
<doc>Fails if ``string`` does not match ``pattern`` as a regular expression.</doc>
<status status="PASS" start="2024-05-24T08:18:19.495121" elapsed="0.000382"/>
</kw>
<kw name="Should Match Regexp" owner="BuiltIn">
<arg>${json_data['results'][0]['picture']['thumbnail']}</arg>
<arg>^https?://.*\.(?:png|jpe?g|gif|bmp)$</arg>
<doc>Fails if ``string`` does not match ``pattern`` as a regular expression.</doc>
<status status="PASS" start="2024-05-24T08:18:19.495693" elapsed="0.000349"/>
</kw>
<kw name="Log" owner="BuiltIn">
<msg time="2024-05-24T08:18:19.496554" level="INFO">{'large': 'https://randomuser.me/api/portraits/men/31.jpg', 'medium': 'https://randomuser.me/api/portraits/med/men/31.jpg', 'thumbnail': 'https://randomuser.me/api/portraits/thumb/men/31.jpg'}</msg>
<arg>${json_data['results'][0]['picture']}</arg>
<doc>Logs the given message with the given level.</doc>
<status status="PASS" start="2024-05-24T08:18:19.496230" elapsed="0.000366"/>
</kw>
<status status="PASS" start="2024-05-24T08:18:19.409789" elapsed="0.087065"/>
</kw>
<kw name="Teste de Tipos de Dados - Postcode" owner="random-user-service">
<kw name="GET On Session" owner="RequestsLibrary">
<msg time="2024-05-24T08:18:19.592718" level="INFO">GET Request : url=https://randomuser.me/api 
 path_url=/api 
 headers={'User-Agent': 'python-requests/2.32.2', 'Accept-Encoding': 'gzip, deflate', 'Accept': '*/*', 'Connection': 'keep-alive'} 
 body=None 
 </msg>
<msg time="2024-05-24T08:18:19.592819" level="INFO">GET Response : url=https://randomuser.me/api 
 status=200, reason=OK 
 headers={'Date': 'Fri, 24 May 2024 08:18:19 GMT', 'Content-Type': 'application/json; charset=utf-8', 'Transfer-Encoding': 'chunked', 'Connection': 'keep-alive', 'X-Powered-By': 'Express', 'Access-Control-Allow-Origin': '*', 'Cache-Control': 'no-cache', 'ETag': 'W/"497-4HqUX+xc3S5sds3DUuWwMrSlTGQ"', 'Vary': 'Accept-Encoding', 'Content-Encoding': 'gzip', 'CF-Cache-Status': 'DYNAMIC', 'Report-To': '{"endpoints":[{"url":"https:\\/\\/a.nel.cloudflare.com\\/report\\/v4?s=h6CtEF0wjGzVia3y9VWHPkaFlM8pcKDwHTXDnNFCdhvtmf4aq%2BR8IlMJSy5PJjKUgr%2F8iv1ZBEB%2B9UW0Bq3K0mw7fDZWKJIvl5Ma6Yik5RubIm26P98mxFyY6EteoVj6"}],"group":"cf-nel","max_age":604800}', 'NEL': '{"success_fraction":0,"report_to":"cf-nel","max_age":604800}', 'Server': 'cloudflare', 'CF-RAY': '888bdab7d88c073d-IAD', 'alt-svc': 'h3=":443"; ma=86400'} 
 body={"results":[{"gender":"female","name":{"title":"Miss","first":"Yashodha","last":"Patil"},"location":{"street":{"number":363,"name":"Shivajinagar"},"city":"Hubli–Dharwad","state":"Bihar","country":"India","postcode":34473,"coordinates":{"latitude":"9.9872","longitude":"154.8199"},"timezone":{"offset":"+9:00","description":"Tokyo, Seoul, Osaka, Sapporo, Yakutsk"}},"email":"yashodha.patil@example.com","login":{"uuid":"fa3e0e61-4988-46de-ae76-f26ed2eda4b1","username":"greenzebra250","password":"hotrod","salt":"KFFzZ4h6","md5":"c995758384a3c743a66aaff96c90f3fe","sha1":"5ff4ade4d164e9a19554b4c54410be0c700886ad","sha256":"4ca915c19548590bb51dff25f85a5c219ca33fbd0c78b23297f3e9fd9d84cba8"},"dob":{"date":"1966-06-18T05:15:30.961Z","age":57},"registered":{"date":"2020-03-30T19:19:47.730Z","age":4},"phone":"7986260148","cell":"7314733185","id":{"name":"UIDAI","value":"165336674256"},"picture":{"large":"https://randomuser.me/api/portraits/women/79.jpg","medium":"https://randomuser.me/api/portraits/med/women/79.jpg","thumbnail":"https://randomuser.me/api/portraits/thumb/women/79.jpg"},"nat":"IN"}],"info":{"seed":"dd2ab355e5bd1b7b","results":1,"page":1,"version":"1.4"}} 
 </msg>
<msg time="2024-05-24T08:18:19.592893" level="INFO">/opt/hostedtoolcache/Python/3.12.3/x64/lib/python3.12/site-packages/urllib3/connectionpool.py:1103: InsecureRequestWarning: Unverified HTTPS request is being made to host 'randomuser.me'. Adding certificate verification is strongly advised. See: https://urllib3.readthedocs.io/en/latest/advanced-usage.html#tls-warnings
  warnings.warn(</msg>
<msg time="2024-05-24T08:18:19.593014" level="INFO">${response} = &lt;Response [200]&gt;</msg>
<var>${response}</var>
<arg>consultarAPI</arg>
<arg>/api</arg>
<doc>Sends a GET request on a previously created HTTP Session.</doc>
<status status="PASS" start="2024-05-24T08:18:19.497313" elapsed="0.095740"/>
</kw>
<kw name="Set Variable" owner="BuiltIn">
<msg time="2024-05-24T08:18:19.594142" level="INFO">${json_data} = {'results': [{'gender': 'female', 'name': {'title': 'Miss', 'first': 'Yashodha', 'last': 'Patil'}, 'location': {'street': {'number': 363, 'name': 'Shivajinagar'}, 'city': 'Hubli–Dharwad', 'state': 'Bi...</msg>
<var>${json_data}</var>
<arg>${response.json()}</arg>
<doc>Returns the given values which can then be assigned to a variables.</doc>
<status status="PASS" start="2024-05-24T08:18:19.593601" elapsed="0.000578"/>
</kw>
<kw name="Log" owner="BuiltIn">
<msg time="2024-05-24T08:18:19.594695" level="INFO">{'results': [{'gender': 'female', 'name': {'title': 'Miss', 'first': 'Yashodha', 'last': 'Patil'}, 'location': {'street': {'number': 363, 'name': 'Shivajinagar'}, 'city': 'Hubli–Dharwad', 'state': 'Bihar', 'country': 'India', 'postcode': 34473, 'coordinates': {'latitude': '9.9872', 'longitude': '154.8199'}, 'timezone': {'offset': '+9:00', 'description': 'Tokyo, Seoul, Osaka, Sapporo, Yakutsk'}}, 'email': 'yashodha.patil@example.com', 'login': {'uuid': 'fa3e0e61-4988-46de-ae76-f26ed2eda4b1', 'username': 'greenzebra250', 'password': 'hotrod', 'salt': 'KFFzZ4h6', 'md5': 'c995758384a3c743a66aaff96c90f3fe', 'sha1': '5ff4ade4d164e9a19554b4c54410be0c700886ad', 'sha256': '4ca915c19548590bb51dff25f85a5c219ca33fbd0c78b23297f3e9fd9d84cba8'}, 'dob': {'date': '1966-06-18T05:15:30.961Z', 'age': 57}, 'registered': {'date': '2020-03-30T19:19:47.730Z', 'age': 4}, 'phone': '7986260148', 'cell': '7314733185', 'id': {'name': 'UIDAI', 'value': '165336674256'}, 'picture': {'large': 'https://randomuser.me/api/portraits/women/79.jpg', 'medium': 'https://randomuser.me/api/portraits/med/women/79.jpg', 'thumbnail': 'https://randomuser.me/api/portraits/thumb/women/79.jpg'}, 'nat': 'IN'}], 'info': {'seed': 'dd2ab355e5bd1b7b', 'results': 1, 'page': 1, 'version': '1.4'}}</msg>
<arg>${json_data}</arg>
<doc>Logs the given message with the given level.</doc>
<status status="PASS" start="2024-05-24T08:18:19.594530" elapsed="0.000254"/>
</kw>
<kw name="Should Be Equal As Numbers" owner="BuiltIn">
<arg>${json_data['results'][0]['location']['postcode']}</arg>
<arg>${json_data['results'][0]['location']['postcode']}</arg>
<doc>Fails if objects are unequal after converting them to real numbers.</doc>
<status status="PASS" start="2024-05-24T08:18:19.595096" elapsed="0.000633"/>
</kw>
<kw name="Log" owner="BuiltIn">
<msg time="2024-05-24T08:18:19.596263" level="INFO">34473</msg>
<arg>${json_data['results'][0]['location']['postcode']}</arg>
<doc>Logs the given message with the given level.</doc>
<status status="PASS" start="2024-05-24T08:18:19.595925" elapsed="0.000381"/>
</kw>
<status status="PASS" start="2024-05-24T08:18:19.497081" elapsed="0.099487"/>
</kw>
<doc>Testa se os tipos de dados na resposta da API estão corretos.</doc>
<tag>testeTiposDados</tag>
<status status="PASS" start="2024-05-24T08:18:19.409331" elapsed="0.187416"/>
</test>
<test id="s1-s1-t5" name="Validar conteudo" line="35">
<kw name="Teste de Tipos de Conteudo" owner="random-user-service">
<kw name="GET On Session" owner="RequestsLibrary">
<msg time="2024-05-24T08:18:19.686690" level="INFO">GET Request : url=https://randomuser.me/api 
 path_url=/api 
 headers={'User-Agent': 'python-requests/2.32.2', 'Accept-Encoding': 'gzip, deflate', 'Accept': '*/*', 'Connection': 'keep-alive'} 
 body=None 
 </msg>
<msg time="2024-05-24T08:18:19.686788" level="INFO">GET Response : url=https://randomuser.me/api 
 status=200, reason=OK 
 headers={'Date': 'Fri, 24 May 2024 08:18:19 GMT', 'Content-Type': 'application/json; charset=utf-8', 'Transfer-Encoding': 'chunked', 'Connection': 'keep-alive', 'X-Powered-By': 'Express', 'Access-Control-Allow-Origin': '*', 'Cache-Control': 'no-cache', 'ETag': 'W/"48f-xxsym3g83jrDdY+JTxJqBu2/Eos"', 'Vary': 'Accept-Encoding', 'Content-Encoding': 'gzip', 'CF-Cache-Status': 'DYNAMIC', 'Report-To': '{"endpoints":[{"url":"https:\\/\\/a.nel.cloudflare.com\\/report\\/v4?s=80hvXnZ4WxD2gfns9%2BrnZ4Lfu4y7n7CxtESxHv1y%2FXJXz0phjI%2F%2FTWimFHuWI7qiX4SFh9E0h%2Fgt0D4NgLEkoeka7DbqpCRa46mDw%2FuziJfeugXKDC9mX10Nkx92Ibdu"}],"group":"cf-nel","max_age":604800}', 'NEL': '{"success_fraction":0,"report_to":"cf-nel","max_age":604800}', 'Server': 'cloudflare', 'CF-RAY': '888bdab8893b073d-IAD', 'alt-svc': 'h3=":443"; ma=86400'} 
 body={"results":[{"gender":"male","name":{"title":"Mr","first":"Jeen","last":"Eisinga"},"location":{"street":{"number":5162,"name":"Havezathenlaan"},"city":"Olst-Wijhe","state":"Friesland","country":"Netherlands","postcode":"3081 CG","coordinates":{"latitude":"33.2321","longitude":"-12.4985"},"timezone":{"offset":"+4:00","description":"Abu Dhabi, Muscat, Baku, Tbilisi"}},"email":"jeen.eisinga@example.com","login":{"uuid":"6398aa34-d8b7-462c-9983-eea73cc94ab4","username":"lazyduck923","password":"mmmmmm","salt":"3FSCAkVL","md5":"5a4021dac4db7c585531fa22a7908e71","sha1":"c81c15d6e8f350a34ca520967f6e68b46247568e","sha256":"4d2a1e9dab2f03a58ec916b1d808a72d838d84a4b8aa14675c6bdaa036bfdc4b"},"dob":{"date":"1994-05-13T10:01:47.277Z","age":30},"registered":{"date":"2015-04-21T04:35:34.115Z","age":9},"phone":"(027) 8526728","cell":"(06) 10080528","id":{"name":"BSN","value":"33336303"},"picture":{"large":"https://randomuser.me/api/portraits/men/49.jpg","medium":"https://randomuser.me/api/portraits/med/men/49.jpg","thumbnail":"https://randomuser.me/api/portraits/thumb/men/49.jpg"},"nat":"NL"}],"info":{"seed":"e7d79d21d71a64ba","results":1,"page":1,"version":"1.4"}} 
 </msg>
<msg time="2024-05-24T08:18:19.686867" level="INFO">/opt/hostedtoolcache/Python/3.12.3/x64/lib/python3.12/site-packages/urllib3/connectionpool.py:1103: InsecureRequestWarning: Unverified HTTPS request is being made to host 'randomuser.me'. Adding certificate verification is strongly advised. See: https://urllib3.readthedocs.io/en/latest/advanced-usage.html#tls-warnings
  warnings.warn(</msg>
<msg time="2024-05-24T08:18:19.686991" level="INFO">${response} = &lt;Response [200]&gt;</msg>
<var>${response}</var>
<arg>consultarAPI</arg>
<arg>/api</arg>
<doc>Sends a GET request on a previously created HTTP Session.</doc>
<status status="PASS" start="2024-05-24T08:18:19.599636" elapsed="0.087395"/>
</kw>
<kw name="Set Variable" owner="BuiltIn">
<msg time="2024-05-24T08:18:19.687980" level="INFO">${json_data} = {'results': [{'gender': 'male', 'name': {'title': 'Mr', 'first': 'Jeen', 'last': 'Eisinga'}, 'location': {'street': {'number': 5162, 'name': 'Havezathenlaan'}, 'city': 'Olst-Wijhe', 'state': 'Frieslan...</msg>
<var>${json_data}</var>
<arg>${response.json()}</arg>
<doc>Returns the given values which can then be assigned to a variables.</doc>
<status status="PASS" start="2024-05-24T08:18:19.687483" elapsed="0.000528"/>
</kw>
<kw name="Set Variable" owner="BuiltIn">
<msg time="2024-05-24T08:18:19.688712" level="INFO">${name_title} = Mr</msg>
<var>${name_title}</var>
<arg>${json_data["results"][0]["name"]["title"]}</arg>
<doc>Returns the given values which can then be assigned to a variables.</doc>
<status status="PASS" start="2024-05-24T08:18:19.688322" elapsed="0.000416"/>
</kw>
<kw name="Create List" owner="BuiltIn">
<msg time="2024-05-24T08:18:19.689198" level="INFO">${allowed_titles} = ['Mr', 'Ms', 'Miss', 'Mrs', 'Madame', 'Monsieur']</msg>
<var>${allowed_titles}</var>
<arg>Mr</arg>
<arg>Ms</arg>
<arg>Miss</arg>
<arg>Mrs</arg>
<arg>Madame</arg>
<arg>Monsieur</arg>
<doc>Returns a list containing given items.</doc>
<status status="PASS" start="2024-05-24T08:18:19.689045" elapsed="0.000177"/>
</kw>
<kw name="List Should Contain Value" owner="Collections">
<msg time="2024-05-24T08:18:19.689712" level="INFO">False</msg>
<arg>${allowed_titles}</arg>
<arg>${name_title}</arg>
<doc>Fails if the ``value`` is not found from ``list``.</doc>
<status status="PASS" start="2024-05-24T08:18:19.689530" elapsed="0.000221"/>
</kw>
<kw name="Set Variable" owner="BuiltIn">
<msg time="2024-05-24T08:18:19.690635" level="INFO">${name_country} = NL</msg>
<var>${name_country}</var>
<arg>${json_data["results"][0]["nat"]}</arg>
<doc>Returns the given values which can then be assigned to a variables.</doc>
<status status="PASS" start="2024-05-24T08:18:19.690045" elapsed="0.000618"/>
</kw>
<kw name="Create List" owner="BuiltIn">
<msg time="2024-05-24T08:18:19.691583" level="INFO">${list_country} = ['AD', 'AE', 'AF', 'AG', 'AI', 'AL', 'AM', 'AO', 'AQ', 'AR', 'AS', 'AT', 'AU', 'AW', 'AX', 'AZ', 'BA', 'BB', 'BD', 'BE', 'BF', 'BG', 'BH', 'BI', 'BJ', 'BL', 'BM', 'BN', 'BO', 'BQ', 'BR', 'BS', 'BT', '...</msg>
<var>${list_country}</var>
<arg>AD</arg>
<arg>AE</arg>
<arg>AF</arg>
<arg>AG</arg>
<arg>AI</arg>
<arg>AL</arg>
<arg>AM</arg>
<arg>AO</arg>
<arg>AQ</arg>
<arg>AR</arg>
<arg>AS</arg>
<arg>AT</arg>
<arg>AU</arg>
<arg>AW</arg>
<arg>AX</arg>
<arg>AZ</arg>
<arg>BA</arg>
<arg>BB</arg>
<arg>BD</arg>
<arg>BE</arg>
<arg>BF</arg>
<arg>BG</arg>
<arg>BH</arg>
<arg>BI</arg>
<arg>BJ</arg>
<arg>BL</arg>
<arg>BM</arg>
<arg>BN</arg>
<arg>BO</arg>
<arg>BQ</arg>
<arg>BR</arg>
<arg>BS</arg>
<arg>BT</arg>
<arg>BV</arg>
<arg>BW</arg>
<arg>BY</arg>
<arg>BZ</arg>
<arg>CA</arg>
<arg>CC</arg>
<arg>CD</arg>
<arg>CF</arg>
<arg>CG</arg>
<arg>CH</arg>
<arg>CI</arg>
<arg>CK</arg>
<arg>CL</arg>
<arg>CM</arg>
<arg>CN</arg>
<arg>CO</arg>
<arg>CR</arg>
<arg>CU</arg>
<arg>CV</arg>
<arg>CW</arg>
<arg>CX</arg>
<arg>CY</arg>
<arg>CZ</arg>
<arg>DE</arg>
<arg>DJ</arg>
<arg>DK</arg>
<arg>DM</arg>
<arg>DO</arg>
<arg>DZ</arg>
<arg>EC</arg>
<arg>EE</arg>
<arg>EG</arg>
<arg>EH</arg>
<arg>ER</arg>
<arg>ES</arg>
<arg>ET</arg>
<arg>FI</arg>
<arg>FJ</arg>
<arg>FK</arg>
<arg>FM</arg>
<arg>FO</arg>
<arg>FR</arg>
<arg>GA</arg>
<arg>GB</arg>
<arg>GD</arg>
<arg>GE</arg>
<arg>GF</arg>
<arg>GG</arg>
<arg>GH</arg>
<arg>GI</arg>
<arg>GL</arg>
<arg>GM</arg>
<arg>GN</arg>
<arg>GP</arg>
<arg>GQ</arg>
<arg>GR</arg>
<arg>GS</arg>
<arg>GT</arg>
<arg>GU</arg>
<arg>GW</arg>
<arg>GY</arg>
<arg>HK</arg>
<arg>HM</arg>
<arg>HN</arg>
<arg>HR</arg>
<arg>HT</arg>
<arg>HU</arg>
<arg>ID</arg>
<arg>IE</arg>
<arg>IL</arg>
<arg>IM</arg>
<arg>IN</arg>
<arg>IO</arg>
<arg>IQ</arg>
<arg>IR</arg>
<arg>IS</arg>
<arg>IT</arg>
<arg>JE</arg>
<arg>JM</arg>
<arg>JO</arg>
<arg>JP</arg>
<arg>KE</arg>
<arg>KG</arg>
<arg>KH</arg>
<arg>KI</arg>
<arg>KM</arg>
<arg>KN</arg>
<arg>KP</arg>
<arg>KR</arg>
<arg>KW</arg>
<arg>KY</arg>
<arg>KZ</arg>
<arg>LA</arg>
<arg>LB</arg>
<arg>LC</arg>
<arg>LI</arg>
<arg>LK</arg>
<arg>LR</arg>
<arg>LS</arg>
<arg>LT</arg>
<arg>LU</arg>
<arg>LV</arg>
<arg>LY</arg>
<arg>MA</arg>
<arg>MC</arg>
<arg>MD</arg>
<arg>ME</arg>
<arg>MF</arg>
<arg>MG</arg>
<arg>MH</arg>
<arg>MK</arg>
<arg>ML</arg>
<arg>MM</arg>
<arg>MN</arg>
<arg>MO</arg>
<arg>MP</arg>
<arg>MQ</arg>
<arg>MR</arg>
<arg>MS</arg>
<arg>MT</arg>
<arg>MU</arg>
<arg>MV</arg>
<arg>MW</arg>
<arg>MX</arg>
<arg>MY</arg>
<arg>MZ</arg>
<arg>NA</arg>
<arg>NC</arg>
<arg>NE</arg>
<arg>NF</arg>
<arg>NG</arg>
<arg>NI</arg>
<arg>NL</arg>
<arg>NO</arg>
<arg>NP</arg>
<arg>NR</arg>
<arg>NU</arg>
<arg>NZ</arg>
<arg>OM</arg>
<arg>PA</arg>
<arg>PE</arg>
<arg>PF</arg>
<arg>PG</arg>
<arg>PH</arg>
<arg>PK</arg>
<arg>PL</arg>
<arg>PM</arg>
<arg>PN</arg>
<arg>PR</arg>
<arg>PS</arg>
<arg>PT</arg>
<arg>PW</arg>
<arg>PY</arg>
<arg>QA</arg>
<arg>RE</arg>
<arg>RO</arg>
<arg>RS</arg>
<arg>RU</arg>
<arg>RW</arg>
<arg>SA</arg>
<arg>SB</arg>
<arg>SC</arg>
<arg>SD</arg>
<arg>SE</arg>
<arg>SG</arg>
<arg>SH</arg>
<arg>SI</arg>
<arg>SJ</arg>
<arg>SK</arg>
<arg>SL</arg>
<arg>SM</arg>
<arg>SN</arg>
<arg>SO</arg>
<arg>SR</arg>
<arg>SS</arg>
<arg>ST</arg>
<arg>SV</arg>
<arg>SX</arg>
<arg>SY</arg>
<arg>SZ</arg>
<arg>TC</arg>
<arg>TD</arg>
<arg>TF</arg>
<arg>TG</arg>
<arg>TH</arg>
<arg>TJ</arg>
<arg>TK</arg>
<arg>TL</arg>
<arg>TM</arg>
<arg>TN</arg>
<arg>TO</arg>
<arg>TR</arg>
<arg>TT</arg>
<arg>TV</arg>
<arg>TW</arg>
<arg>TZ</arg>
<arg>UA</arg>
<arg>UG</arg>
<arg>UM</arg>
<arg>US</arg>
<arg>UY</arg>
<arg>UZ</arg>
<arg>VA</arg>
<arg>VC</arg>
<arg>VE</arg>
<arg>VG</arg>
<arg>VI</arg>
<arg>VN</arg>
<arg>VU</arg>
<arg>WF</arg>
<arg>WS</arg>
<arg>XK</arg>
<arg>YE</arg>
<arg>YT</arg>
<arg>ZA</arg>
<arg>ZM</arg>
<arg>ZW</arg>
<doc>Returns a list containing given items.</doc>
<status status="PASS" start="2024-05-24T08:18:19.690980" elapsed="0.000630"/>
</kw>
<kw name="List Should Contain Value" owner="Collections">
<msg time="2024-05-24T08:18:19.692606" level="INFO">False</msg>
<arg>${list_country}</arg>
<arg>${name_country}</arg>
<doc>Fails if the ``value`` is not found from ``list``.</doc>
<status status="PASS" start="2024-05-24T08:18:19.692399" elapsed="0.000244"/>
</kw>
<kw name="Run Keyword If" owner="BuiltIn">
<kw name="Should Be True" owner="BuiltIn">
<arg>${True}</arg>
<doc>Fails if the given condition is not true.</doc>
<status status="PASS" start="2024-05-24T08:18:19.693717" elapsed="0.000146"/>
</kw>
<arg>${json_data["results"][0]["location"]["coordinates"]["latitude"]} &gt;= -90 and ${json_data["results"][0]["location"]["coordinates"]["latitude"]} &lt;= 90</arg>
<arg>Should Be True</arg>
<arg>${True}</arg>
<doc>Runs the given keyword with the given arguments, if ``condition`` is true.</doc>
<status status="PASS" start="2024-05-24T08:18:19.692957" elapsed="0.001034"/>
</kw>
<kw name="Run Keyword If" owner="BuiltIn">
<kw name="Should Be True" owner="BuiltIn">
<arg>${True}</arg>
<doc>Fails if the given condition is not true.</doc>
<status status="PASS" start="2024-05-24T08:18:19.694910" elapsed="0.000142"/>
</kw>
<arg>${json_data["results"][0]["location"]["coordinates"]["longitude"]} &gt;= -180 and ${json_data["results"][0]["location"]["coordinates"]["longitude"]} &lt;= 180</arg>
<arg>Should Be True</arg>
<arg>${True}</arg>
<doc>Runs the given keyword with the given arguments, if ``condition`` is true.</doc>
<status status="PASS" start="2024-05-24T08:18:19.694176" elapsed="0.001002"/>
</kw>
<status status="PASS" start="2024-05-24T08:18:19.599256" elapsed="0.096053"/>
</kw>
<doc>Testa o conteúdo específico dos campos retornados pela API.</doc>
<tag>testeConteudo</tag>
<status status="PASS" start="2024-05-24T08:18:19.598545" elapsed="0.096916"/>
</test>
<status status="PASS" start="2024-05-24T08:18:18.776272" elapsed="0.921124"/>
</suite>
<status status="PASS" start="2024-05-24T08:18:18.762734" elapsed="0.939777"/>
</suite>
<statistics>
<total>
<stat pass="5" fail="0" skip="0">All Tests</stat>
</total>
<tag>
<stat pass="1" fail="0" skip="0">testeConteudo</stat>
<stat pass="1" fail="0" skip="0">testeEstruturaResposta</stat>
<stat pass="1" fail="0" skip="0">testeRequisicaoBasica</stat>
<stat pass="1" fail="0" skip="0">testeTiposDados</stat>
</tag>
<suite>
<stat pass="5" fail="0" skip="0" id="s1" name="Tests">Tests</stat>
<stat pass="5" fail="0" skip="0" id="s1-s1" name="Random-User-Test">Tests.Random-User-Test</stat>
</suite>
</statistics>
<errors>
</errors>
</robot>
