<?xml version="1.0" encoding="UTF-8"?>
<robot generator="Robot 7.0.1 (Python 3.12.4 on linux)" generated="2024-07-12T05:14:19.428982" rpa="false" schemaversion="5">
<suite id="s1" name="Tests" source="/home/runner/work/ApiRandomUser/ApiRandomUser/RamdonUser/tests">
<suite id="s1-s1" name="Random-User-Test" source="/home/runner/work/ApiRandomUser/ApiRandomUser/RamdonUser/tests/random-user-test.robot">
<test id="s1-s1-t1" name="Conectar" line="13">
<kw name="Conectar API" owner="random-user-service">
<kw name="Create Session" owner="RequestsLibrary">
<msg time="2024-07-12T05:14:19.813761" level="INFO">Creating Session using : alias=consultarAPI, url=https://randomuser.me/, headers={},                     cookies={}, auth=None, timeout=None, proxies=None, verify=False,                     debug=0 </msg>
<arg>consultarAPI</arg>
<arg>${URL}</arg>
<doc>Create Session: create a HTTP session to a server</doc>
<status status="PASS" start="2024-07-12T05:14:19.813561" elapsed="0.000364"/>
</kw>
<status status="PASS" start="2024-07-12T05:14:19.812640" elapsed="0.001622"/>
</kw>
<status status="PASS" start="2024-07-12T05:14:19.812131" elapsed="0.002319"/>
</test>
<test id="s1-s1-t2" name="Validar retorno 200 e JSON Válido" line="16">
<kw name="Teste de Requisicao Basica" owner="random-user-service">
<kw name="GET On Session" owner="RequestsLibrary">
<msg time="2024-07-12T05:14:20.174926" level="INFO">GET Request : url=https://randomuser.me/api 
 path_url=/api 
 headers={'User-Agent': 'python-requests/2.32.3', 'Accept-Encoding': 'gzip, deflate', 'Accept': '*/*', 'Connection': 'keep-alive'} 
 body=None 
 </msg>
<msg time="2024-07-12T05:14:20.175073" level="INFO">GET Response : url=https://randomuser.me/api 
 status=200, reason=OK 
 headers={'Date': 'Fri, 12 Jul 2024 05:14:20 GMT', 'Content-Type': 'application/json; charset=utf-8', 'Transfer-Encoding': 'chunked', 'Connection': 'keep-alive', 'X-Powered-By': 'Express', 'Access-Control-Allow-Origin': '*', 'Cache-Control': 'no-cache', 'ETag': 'W/"4a0-0c4o037Z4k5bLfFO9uaS3iL2Dtc"', 'Vary': 'Accept-Encoding', 'Content-Encoding': 'gzip', 'CF-Cache-Status': 'DYNAMIC', 'Report-To': '{"endpoints":[{"url":"https:\\/\\/a.nel.cloudflare.com\\/report\\/v4?s=XyGvdjdtYobMeI6CDupFJ%2FWPSIC8LYcDeqHDkBFONO33JtNKiF2buwF%2FguP2KmD0HdhPw2qZaZgE9wrhgTnTGafRQwB5N4zi%2F9v%2F6GttFFKgTOdzIlo%2F9lsWPbEuI3rU"}],"group":"cf-nel","max_age":604800}', 'NEL': '{"success_fraction":0,"report_to":"cf-nel","max_age":604800}', 'Server': 'cloudflare', 'CF-RAY': '8a1e8c9219b838a0-IAD', 'alt-svc': 'h3=":443"; ma=86400'} 
 body={"results":[{"gender":"female","name":{"title":"Miss","first":"Daisi","last":"Rezende"},"location":{"street":{"number":9390,"name":"Rua José Bonifácio "},"city":"Franca","state":"Roraima","country":"Brazil","postcode":50274,"coordinates":{"latitude":"-77.1768","longitude":"123.0851"},"timezone":{"offset":"+1:00","description":"Brussels, Copenhagen, Madrid, Paris"}},"email":"daisi.rezende@example.com","login":{"uuid":"3d37f55d-7a4c-40e0-aa36-35bc2f6fdd62","username":"happyduck409","password":"carbon","salt":"NrWa5c3N","md5":"04769d29df936260b00722eb86f981bb","sha1":"d6aad05c977fd712a211bb93f092e5ac121a031c","sha256":"722c34481b41489a18ff304f52139a97b2993a6a46a944c4397ebf4b55abec72"},"dob":{"date":"1986-03-27T17:09:57.031Z","age":38},"registered":{"date":"2018-06-10T07:16:06.549Z","age":6},"phone":"(93) 9884-1367","cell":"(66) 1857-7249","id":{"name":"CPF","value":"166.123.150-00"},"picture":{"large":"https://randomuser.me/api/portraits/women/16.jpg","medium":"https://randomuser.me/api/portraits/med/women/16.jpg","thumbnail":"https://randomuser.me/api/portraits/thumb/women/16.jpg"},"nat":"BR"}],"info":{"seed":"5767f3fd3dddced6","results":1,"page":1,"version":"1.4"}} 
 </msg>
<msg time="2024-07-12T05:14:20.175157" level="INFO">/opt/hostedtoolcache/Python/3.12.4/x64/lib/python3.12/site-packages/urllib3/connectionpool.py:1099: InsecureRequestWarning: Unverified HTTPS request is being made to host 'randomuser.me'. Adding certificate verification is strongly advised. See: https://urllib3.readthedocs.io/en/latest/advanced-usage.html#tls-warnings
  warnings.warn(</msg>
<msg time="2024-07-12T05:14:20.175330" level="INFO">${response} = &lt;Response [200]&gt;</msg>
<var>${response}</var>
<arg>consultarAPI</arg>
<arg>/api</arg>
<doc>Sends a GET request on a previously created HTTP Session.</doc>
<status status="PASS" start="2024-07-12T05:14:19.817019" elapsed="0.358355"/>
</kw>
<kw name="Should Be Equal As Numbers" owner="BuiltIn">
<msg time="2024-07-12T05:14:20.176514" level="INFO">Argument types are:
&lt;class 'int'&gt;
&lt;class 'str'&gt;</msg>
<arg>${response.status_code}</arg>
<arg>200</arg>
<doc>Fails if objects are unequal after converting them to real numbers.</doc>
<status status="PASS" start="2024-07-12T05:14:20.176046" elapsed="0.000531"/>
</kw>
<kw name="Log" owner="BuiltIn">
<msg time="2024-07-12T05:14:20.177231" level="INFO">200</msg>
<arg>${response.status_code}</arg>
<doc>Logs the given message with the given level.</doc>
<status status="PASS" start="2024-07-12T05:14:20.176890" elapsed="0.000383"/>
</kw>
<kw name="Set Variable" owner="BuiltIn">
<msg time="2024-07-12T05:14:20.178000" level="INFO">${json_data} = {'results': [{'gender': 'female', 'name': {'title': 'Miss', 'first': 'Daisi', 'last': 'Rezende'}, 'location': {'street': {'number': 9390, 'name': 'Rua José Bonifácio '}, 'city': 'Franca', 'state': 'Ro...</msg>
<var>${json_data}</var>
<arg>${response.json()}</arg>
<doc>Returns the given values which can then be assigned to a variables.</doc>
<status status="PASS" start="2024-07-12T05:14:20.177573" elapsed="0.000456"/>
</kw>
<kw name="Dictionary Should Contain Key" owner="Collections">
<arg>${json_data}</arg>
<arg>results</arg>
<doc>Fails if ``key`` is not found from ``dictionary``.</doc>
<status status="PASS" start="2024-07-12T05:14:20.178321" elapsed="0.000164"/>
</kw>
<status status="PASS" start="2024-07-12T05:14:19.816774" elapsed="0.361857"/>
</kw>
<doc>Testa se a API responde corretamente e retorna um objeto JSON válido.</doc>
<tag>testeRequisicaoBasica</tag>
<status status="PASS" start="2024-07-12T05:14:19.816331" elapsed="0.362478"/>
</test>
<test id="s1-s1-t3" name="Validar estrutura de resposta" line="22">
<kw name="Teste de Estrutura de Resposta" owner="random-user-service">
<kw name="GET On Session" owner="RequestsLibrary">
<msg time="2024-07-12T05:14:20.302010" level="INFO">GET Request : url=https://randomuser.me/api 
 path_url=/api 
 headers={'User-Agent': 'python-requests/2.32.3', 'Accept-Encoding': 'gzip, deflate', 'Accept': '*/*', 'Connection': 'keep-alive'} 
 body=None 
 </msg>
<msg time="2024-07-12T05:14:20.302091" level="INFO">GET Response : url=https://randomuser.me/api 
 status=200, reason=OK 
 headers={'Date': 'Fri, 12 Jul 2024 05:14:20 GMT', 'Content-Type': 'application/json; charset=utf-8', 'Transfer-Encoding': 'chunked', 'Connection': 'keep-alive', 'X-Powered-By': 'Express', 'Access-Control-Allow-Origin': '*', 'Cache-Control': 'no-cache', 'ETag': 'W/"4a3-FrfBN2JeCBPdVLFIR843Ens/sLE"', 'Vary': 'Accept-Encoding', 'Content-Encoding': 'gzip', 'CF-Cache-Status': 'DYNAMIC', 'Report-To': '{"endpoints":[{"url":"https:\\/\\/a.nel.cloudflare.com\\/report\\/v4?s=Zzz0LzzZipNy0mwSx82vtGpFgs%2BDmfbITrNJQlmXn3XF1ooBtdRRT%2FDEjogw4TudLDilg8i48BHUCWabX8HaX35BUtbxO%2FbaqEjxhqv2heBxcqmJ%2FRLrfEmo6mF4a4Eb"}],"group":"cf-nel","max_age":604800}', 'NEL': '{"success_fraction":0,"report_to":"cf-nel","max_age":604800}', 'Server': 'cloudflare', 'CF-RAY': '8a1e8c942bf338a0-IAD', 'alt-svc': 'h3=":443"; ma=86400'} 
 body={"results":[{"gender":"female","name":{"title":"Ms","first":"Erin","last":"Silva"},"location":{"street":{"number":2549,"name":"W Campbell Ave"},"city":"Fountain Valley","state":"Idaho","country":"United States","postcode":12028,"coordinates":{"latitude":"89.1406","longitude":"63.7613"},"timezone":{"offset":"+3:00","description":"Baghdad, Riyadh, Moscow, St. Petersburg"}},"email":"erin.silva@example.com","login":{"uuid":"5de84e53-0fc5-4807-a2ae-be76d059fd72","username":"tinypeacock921","password":"peterbil","salt":"0UvHbBjk","md5":"ab5e6506400e4eea08465fe3ad8318a1","sha1":"ff5b6ca6d24d6c3e2f7f2e5a5a8965e54fcfa778","sha256":"5360828af061ff04e46f5c54ad6bed268f7e5ee82191703ee4d7d2581fc555c6"},"dob":{"date":"1970-06-22T16:11:15.710Z","age":54},"registered":{"date":"2009-12-16T18:57:11.465Z","age":14},"phone":"(236) 984-1190","cell":"(210) 336-7176","id":{"name":"SSN","value":"324-12-5116"},"picture":{"large":"https://randomuser.me/api/portraits/women/84.jpg","medium":"https://randomuser.me/api/portraits/med/women/84.jpg","thumbnail":"https://randomuser.me/api/portraits/thumb/women/84.jpg"},"nat":"US"}],"info":{"seed":"3350f284baed0abd","results":1,"page":1,"version":"1.4"}} 
 </msg>
<msg time="2024-07-12T05:14:20.302206" level="INFO">/opt/hostedtoolcache/Python/3.12.4/x64/lib/python3.12/site-packages/urllib3/connectionpool.py:1099: InsecureRequestWarning: Unverified HTTPS request is being made to host 'randomuser.me'. Adding certificate verification is strongly advised. See: https://urllib3.readthedocs.io/en/latest/advanced-usage.html#tls-warnings
  warnings.warn(</msg>
<msg time="2024-07-12T05:14:20.302328" level="INFO">${response} = &lt;Response [200]&gt;</msg>
<var>${response}</var>
<arg>consultarAPI</arg>
<arg>/api</arg>
<doc>Sends a GET request on a previously created HTTP Session.</doc>
<status status="PASS" start="2024-07-12T05:14:20.181805" elapsed="0.120573"/>
</kw>
<kw name="Set Variable" owner="BuiltIn">
<msg time="2024-07-12T05:14:20.303426" level="INFO">${json_data} = {'results': [{'gender': 'female', 'name': {'title': 'Ms', 'first': 'Erin', 'last': 'Silva'}, 'location': {'street': {'number': 2549, 'name': 'W Campbell Ave'}, 'city': 'Fountain Valley', 'state': 'Ida...</msg>
<var>${json_data}</var>
<arg>${response.json()}</arg>
<doc>Returns the given values which can then be assigned to a variables.</doc>
<status status="PASS" start="2024-07-12T05:14:20.302876" elapsed="0.000580"/>
</kw>
<kw name="Log" owner="BuiltIn">
<msg time="2024-07-12T05:14:20.303953" level="INFO">{'results': [{'gender': 'female', 'name': {'title': 'Ms', 'first': 'Erin', 'last': 'Silva'}, 'location': {'street': {'number': 2549, 'name': 'W Campbell Ave'}, 'city': 'Fountain Valley', 'state': 'Idaho', 'country': 'United States', 'postcode': 12028, 'coordinates': {'latitude': '89.1406', 'longitude': '63.7613'}, 'timezone': {'offset': '+3:00', 'description': 'Baghdad, Riyadh, Moscow, St. Petersburg'}}, 'email': 'erin.silva@example.com', 'login': {'uuid': '5de84e53-0fc5-4807-a2ae-be76d059fd72', 'username': 'tinypeacock921', 'password': 'peterbil', 'salt': '0UvHbBjk', 'md5': 'ab5e6506400e4eea08465fe3ad8318a1', 'sha1': 'ff5b6ca6d24d6c3e2f7f2e5a5a8965e54fcfa778', 'sha256': '5360828af061ff04e46f5c54ad6bed268f7e5ee82191703ee4d7d2581fc555c6'}, 'dob': {'date': '1970-06-22T16:11:15.710Z', 'age': 54}, 'registered': {'date': '2009-12-16T18:57:11.465Z', 'age': 14}, 'phone': '(236) 984-1190', 'cell': '(210) 336-7176', 'id': {'name': 'SSN', 'value': '324-12-5116'}, 'picture': {'large': 'https://randomuser.me/api/portraits/women/84.jpg', 'medium': 'https://randomuser.me/api/portraits/med/women/84.jpg', 'thumbnail': 'https://randomuser.me/api/portraits/thumb/women/84.jpg'}, 'nat': 'US'}], 'info': {'seed': '3350f284baed0abd', 'results': 1, 'page': 1, 'version': '1.4'}}</msg>
<arg>${json_data}</arg>
<doc>Logs the given message with the given level.</doc>
<status status="PASS" start="2024-07-12T05:14:20.303787" elapsed="0.000214"/>
</kw>
<kw name="Dictionary Should Contain Key" owner="Collections">
<arg>${json_data}</arg>
<arg>results</arg>
<doc>Fails if ``key`` is not found from ``dictionary``.</doc>
<status status="PASS" start="2024-07-12T05:14:20.304286" elapsed="0.000162"/>
</kw>
<kw name="Should Not Be Empty" owner="BuiltIn">
<msg time="2024-07-12T05:14:20.304759" level="INFO">Length is 2.</msg>
<arg>${json_data}</arg>
<doc>Verifies that the given item is not empty.</doc>
<status status="PASS" start="2024-07-12T05:14:20.304630" elapsed="0.000166"/>
</kw>
<kw name="Create List" owner="BuiltIn">
<msg time="2024-07-12T05:14:20.305353" level="INFO">${expected_keys} = ['gender', 'name', 'location', 'email', 'login']</msg>
<var>${expected_keys}</var>
<arg>gender</arg>
<arg>name</arg>
<arg>location</arg>
<arg>email</arg>
<arg>login</arg>
<doc>Returns a list containing given items.</doc>
<status status="PASS" start="2024-07-12T05:14:20.305079" elapsed="0.000298"/>
</kw>
<for flavor="IN">
<iter>
<kw name="Dictionary Should Contain Key" owner="Collections">
<arg>${json_data['results'][0]}</arg>
<arg>${key}</arg>
<doc>Fails if ``key`` is not found from ``dictionary``.</doc>
<status status="PASS" start="2024-07-12T05:14:20.305933" elapsed="0.000394"/>
</kw>
<kw name="Log" owner="BuiltIn">
<msg time="2024-07-12T05:14:20.306855" level="INFO">{'gender': 'female', 'name': {'title': 'Ms', 'first': 'Erin', 'last': 'Silva'}, 'location': {'street': {'number': 2549, 'name': 'W Campbell Ave'}, 'city': 'Fountain Valley', 'state': 'Idaho', 'country': 'United States', 'postcode': 12028, 'coordinates': {'latitude': '89.1406', 'longitude': '63.7613'}, 'timezone': {'offset': '+3:00', 'description': 'Baghdad, Riyadh, Moscow, St. Petersburg'}}, 'email': 'erin.silva@example.com', 'login': {'uuid': '5de84e53-0fc5-4807-a2ae-be76d059fd72', 'username': 'tinypeacock921', 'password': 'peterbil', 'salt': '0UvHbBjk', 'md5': 'ab5e6506400e4eea08465fe3ad8318a1', 'sha1': 'ff5b6ca6d24d6c3e2f7f2e5a5a8965e54fcfa778', 'sha256': '5360828af061ff04e46f5c54ad6bed268f7e5ee82191703ee4d7d2581fc555c6'}, 'dob': {'date': '1970-06-22T16:11:15.710Z', 'age': 54}, 'registered': {'date': '2009-12-16T18:57:11.465Z', 'age': 14}, 'phone': '(236) 984-1190', 'cell': '(210) 336-7176', 'id': {'name': 'SSN', 'value': '324-12-5116'}, 'picture': {'large': 'https://randomuser.me/api/portraits/women/84.jpg', 'medium': 'https://randomuser.me/api/portraits/med/women/84.jpg', 'thumbnail': 'https://randomuser.me/api/portraits/thumb/women/84.jpg'}, 'nat': 'US'}</msg>
<arg>${json_data['results'][0]}</arg>
<doc>Logs the given message with the given level.</doc>
<status status="PASS" start="2024-07-12T05:14:20.306511" elapsed="0.000392"/>
</kw>
<kw name="Log" owner="BuiltIn">
<msg time="2024-07-12T05:14:20.307326" level="INFO">gender</msg>
<arg>${key}</arg>
<doc>Logs the given message with the given level.</doc>
<status status="PASS" start="2024-07-12T05:14:20.307199" elapsed="0.000165"/>
</kw>
<var name="${key}">gender</var>
<status status="PASS" start="2024-07-12T05:14:20.305814" elapsed="0.001763"/>
</iter>
<iter>
<kw name="Dictionary Should Contain Key" owner="Collections">
<arg>${json_data['results'][0]}</arg>
<arg>${key}</arg>
<doc>Fails if ``key`` is not found from ``dictionary``.</doc>
<status status="PASS" start="2024-07-12T05:14:20.307904" elapsed="0.000386"/>
</kw>
<kw name="Log" owner="BuiltIn">
<msg time="2024-07-12T05:14:20.308855" level="INFO">{'gender': 'female', 'name': {'title': 'Ms', 'first': 'Erin', 'last': 'Silva'}, 'location': {'street': {'number': 2549, 'name': 'W Campbell Ave'}, 'city': 'Fountain Valley', 'state': 'Idaho', 'country': 'United States', 'postcode': 12028, 'coordinates': {'latitude': '89.1406', 'longitude': '63.7613'}, 'timezone': {'offset': '+3:00', 'description': 'Baghdad, Riyadh, Moscow, St. Petersburg'}}, 'email': 'erin.silva@example.com', 'login': {'uuid': '5de84e53-0fc5-4807-a2ae-be76d059fd72', 'username': 'tinypeacock921', 'password': 'peterbil', 'salt': '0UvHbBjk', 'md5': 'ab5e6506400e4eea08465fe3ad8318a1', 'sha1': 'ff5b6ca6d24d6c3e2f7f2e5a5a8965e54fcfa778', 'sha256': '5360828af061ff04e46f5c54ad6bed268f7e5ee82191703ee4d7d2581fc555c6'}, 'dob': {'date': '1970-06-22T16:11:15.710Z', 'age': 54}, 'registered': {'date': '2009-12-16T18:57:11.465Z', 'age': 14}, 'phone': '(236) 984-1190', 'cell': '(210) 336-7176', 'id': {'name': 'SSN', 'value': '324-12-5116'}, 'picture': {'large': 'https://randomuser.me/api/portraits/women/84.jpg', 'medium': 'https://randomuser.me/api/portraits/med/women/84.jpg', 'thumbnail': 'https://randomuser.me/api/portraits/thumb/women/84.jpg'}, 'nat': 'US'}</msg>
<arg>${json_data['results'][0]}</arg>
<doc>Logs the given message with the given level.</doc>
<status status="PASS" start="2024-07-12T05:14:20.308471" elapsed="0.000432"/>
</kw>
<kw name="Log" owner="BuiltIn">
<msg time="2024-07-12T05:14:20.309320" level="INFO">name</msg>
<arg>${key}</arg>
<doc>Logs the given message with the given level.</doc>
<status status="PASS" start="2024-07-12T05:14:20.309195" elapsed="0.000161"/>
</kw>
<var name="${key}">name</var>
<status status="PASS" start="2024-07-12T05:14:20.307785" elapsed="0.001784"/>
</iter>
<iter>
<kw name="Dictionary Should Contain Key" owner="Collections">
<arg>${json_data['results'][0]}</arg>
<arg>${key}</arg>
<doc>Fails if ``key`` is not found from ``dictionary``.</doc>
<status status="PASS" start="2024-07-12T05:14:20.309851" elapsed="0.000372"/>
</kw>
<kw name="Log" owner="BuiltIn">
<msg time="2024-07-12T05:14:20.310748" level="INFO">{'gender': 'female', 'name': {'title': 'Ms', 'first': 'Erin', 'last': 'Silva'}, 'location': {'street': {'number': 2549, 'name': 'W Campbell Ave'}, 'city': 'Fountain Valley', 'state': 'Idaho', 'country': 'United States', 'postcode': 12028, 'coordinates': {'latitude': '89.1406', 'longitude': '63.7613'}, 'timezone': {'offset': '+3:00', 'description': 'Baghdad, Riyadh, Moscow, St. Petersburg'}}, 'email': 'erin.silva@example.com', 'login': {'uuid': '5de84e53-0fc5-4807-a2ae-be76d059fd72', 'username': 'tinypeacock921', 'password': 'peterbil', 'salt': '0UvHbBjk', 'md5': 'ab5e6506400e4eea08465fe3ad8318a1', 'sha1': 'ff5b6ca6d24d6c3e2f7f2e5a5a8965e54fcfa778', 'sha256': '5360828af061ff04e46f5c54ad6bed268f7e5ee82191703ee4d7d2581fc555c6'}, 'dob': {'date': '1970-06-22T16:11:15.710Z', 'age': 54}, 'registered': {'date': '2009-12-16T18:57:11.465Z', 'age': 14}, 'phone': '(236) 984-1190', 'cell': '(210) 336-7176', 'id': {'name': 'SSN', 'value': '324-12-5116'}, 'picture': {'large': 'https://randomuser.me/api/portraits/women/84.jpg', 'medium': 'https://randomuser.me/api/portraits/med/women/84.jpg', 'thumbnail': 'https://randomuser.me/api/portraits/thumb/women/84.jpg'}, 'nat': 'US'}</msg>
<arg>${json_data['results'][0]}</arg>
<doc>Logs the given message with the given level.</doc>
<status status="PASS" start="2024-07-12T05:14:20.310403" elapsed="0.000393"/>
</kw>
<kw name="Log" owner="BuiltIn">
<msg time="2024-07-12T05:14:20.311212" level="INFO">location</msg>
<arg>${key}</arg>
<doc>Logs the given message with the given level.</doc>
<status status="PASS" start="2024-07-12T05:14:20.311088" elapsed="0.000160"/>
</kw>
<var name="${key}">location</var>
<status status="PASS" start="2024-07-12T05:14:20.309745" elapsed="0.001712"/>
</iter>
<iter>
<kw name="Dictionary Should Contain Key" owner="Collections">
<arg>${json_data['results'][0]}</arg>
<arg>${key}</arg>
<doc>Fails if ``key`` is not found from ``dictionary``.</doc>
<status status="PASS" start="2024-07-12T05:14:20.311746" elapsed="0.000417"/>
</kw>
<kw name="Log" owner="BuiltIn">
<msg time="2024-07-12T05:14:20.312689" level="INFO">{'gender': 'female', 'name': {'title': 'Ms', 'first': 'Erin', 'last': 'Silva'}, 'location': {'street': {'number': 2549, 'name': 'W Campbell Ave'}, 'city': 'Fountain Valley', 'state': 'Idaho', 'country': 'United States', 'postcode': 12028, 'coordinates': {'latitude': '89.1406', 'longitude': '63.7613'}, 'timezone': {'offset': '+3:00', 'description': 'Baghdad, Riyadh, Moscow, St. Petersburg'}}, 'email': 'erin.silva@example.com', 'login': {'uuid': '5de84e53-0fc5-4807-a2ae-be76d059fd72', 'username': 'tinypeacock921', 'password': 'peterbil', 'salt': '0UvHbBjk', 'md5': 'ab5e6506400e4eea08465fe3ad8318a1', 'sha1': 'ff5b6ca6d24d6c3e2f7f2e5a5a8965e54fcfa778', 'sha256': '5360828af061ff04e46f5c54ad6bed268f7e5ee82191703ee4d7d2581fc555c6'}, 'dob': {'date': '1970-06-22T16:11:15.710Z', 'age': 54}, 'registered': {'date': '2009-12-16T18:57:11.465Z', 'age': 14}, 'phone': '(236) 984-1190', 'cell': '(210) 336-7176', 'id': {'name': 'SSN', 'value': '324-12-5116'}, 'picture': {'large': 'https://randomuser.me/api/portraits/women/84.jpg', 'medium': 'https://randomuser.me/api/portraits/med/women/84.jpg', 'thumbnail': 'https://randomuser.me/api/portraits/thumb/women/84.jpg'}, 'nat': 'US'}</msg>
<arg>${json_data['results'][0]}</arg>
<doc>Logs the given message with the given level.</doc>
<status status="PASS" start="2024-07-12T05:14:20.312347" elapsed="0.000390"/>
</kw>
<kw name="Log" owner="BuiltIn">
<msg time="2024-07-12T05:14:20.313161" level="INFO">email</msg>
<arg>${key}</arg>
<doc>Logs the given message with the given level.</doc>
<status status="PASS" start="2024-07-12T05:14:20.313032" elapsed="0.000167"/>
</kw>
<var name="${key}">email</var>
<status status="PASS" start="2024-07-12T05:14:20.311624" elapsed="0.001793"/>
</iter>
<iter>
<kw name="Dictionary Should Contain Key" owner="Collections">
<arg>${json_data['results'][0]}</arg>
<arg>${key}</arg>
<doc>Fails if ``key`` is not found from ``dictionary``.</doc>
<status status="PASS" start="2024-07-12T05:14:20.313698" elapsed="0.000400"/>
</kw>
<kw name="Log" owner="BuiltIn">
<msg time="2024-07-12T05:14:20.314629" level="INFO">{'gender': 'female', 'name': {'title': 'Ms', 'first': 'Erin', 'last': 'Silva'}, 'location': {'street': {'number': 2549, 'name': 'W Campbell Ave'}, 'city': 'Fountain Valley', 'state': 'Idaho', 'country': 'United States', 'postcode': 12028, 'coordinates': {'latitude': '89.1406', 'longitude': '63.7613'}, 'timezone': {'offset': '+3:00', 'description': 'Baghdad, Riyadh, Moscow, St. Petersburg'}}, 'email': 'erin.silva@example.com', 'login': {'uuid': '5de84e53-0fc5-4807-a2ae-be76d059fd72', 'username': 'tinypeacock921', 'password': 'peterbil', 'salt': '0UvHbBjk', 'md5': 'ab5e6506400e4eea08465fe3ad8318a1', 'sha1': 'ff5b6ca6d24d6c3e2f7f2e5a5a8965e54fcfa778', 'sha256': '5360828af061ff04e46f5c54ad6bed268f7e5ee82191703ee4d7d2581fc555c6'}, 'dob': {'date': '1970-06-22T16:11:15.710Z', 'age': 54}, 'registered': {'date': '2009-12-16T18:57:11.465Z', 'age': 14}, 'phone': '(236) 984-1190', 'cell': '(210) 336-7176', 'id': {'name': 'SSN', 'value': '324-12-5116'}, 'picture': {'large': 'https://randomuser.me/api/portraits/women/84.jpg', 'medium': 'https://randomuser.me/api/portraits/med/women/84.jpg', 'thumbnail': 'https://randomuser.me/api/portraits/thumb/women/84.jpg'}, 'nat': 'US'}</msg>
<arg>${json_data['results'][0]}</arg>
<doc>Logs the given message with the given level.</doc>
<status status="PASS" start="2024-07-12T05:14:20.314278" elapsed="0.000399"/>
</kw>
<kw name="Log" owner="BuiltIn">
<msg time="2024-07-12T05:14:20.315105" level="INFO">login</msg>
<arg>${key}</arg>
<doc>Logs the given message with the given level.</doc>
<status status="PASS" start="2024-07-12T05:14:20.314982" elapsed="0.000160"/>
</kw>
<var name="${key}">login</var>
<status status="PASS" start="2024-07-12T05:14:20.313586" elapsed="0.001766"/>
</iter>
<var>${key}</var>
<value>@{expected_keys}</value>
<status status="PASS" start="2024-07-12T05:14:20.305633" elapsed="0.009836"/>
</for>
<kw name="Create List" owner="BuiltIn">
<msg time="2024-07-12T05:14:20.315839" level="INFO">${expected_keysTwo} = ['username', 'password']</msg>
<var>${expected_keysTwo}</var>
<arg>username</arg>
<arg>password</arg>
<doc>Returns a list containing given items.</doc>
<status status="PASS" start="2024-07-12T05:14:20.315679" elapsed="0.000184"/>
</kw>
<for flavor="IN">
<iter>
<kw name="Dictionary Should Contain Key" owner="Collections">
<arg>${json_data['results'][0]['login']}</arg>
<arg>${keyTwo}</arg>
<doc>Fails if ``key`` is not found from ``dictionary``.</doc>
<status status="PASS" start="2024-07-12T05:14:20.316347" elapsed="0.000380"/>
</kw>
<kw name="Dictionary Should Contain Key" owner="Collections">
<arg>${json_data['results'][0]['login']}</arg>
<arg>${keyTwo}</arg>
<doc>Fails if ``key`` is not found from ``dictionary``.</doc>
<status status="PASS" start="2024-07-12T05:14:20.316903" elapsed="0.000363"/>
</kw>
<kw name="Log" owner="BuiltIn">
<msg time="2024-07-12T05:14:20.317564" level="INFO">username</msg>
<arg>${keyTwo}</arg>
<doc>Logs the given message with the given level.</doc>
<status status="PASS" start="2024-07-12T05:14:20.317445" elapsed="0.000157"/>
</kw>
<var name="${keyTwo}">username</var>
<status status="PASS" start="2024-07-12T05:14:20.316243" elapsed="0.001577"/>
</iter>
<iter>
<kw name="Dictionary Should Contain Key" owner="Collections">
<arg>${json_data['results'][0]['login']}</arg>
<arg>${keyTwo}</arg>
<doc>Fails if ``key`` is not found from ``dictionary``.</doc>
<status status="PASS" start="2024-07-12T05:14:20.318091" elapsed="0.000379"/>
</kw>
<kw name="Dictionary Should Contain Key" owner="Collections">
<arg>${json_data['results'][0]['login']}</arg>
<arg>${keyTwo}</arg>
<doc>Fails if ``key`` is not found from ``dictionary``.</doc>
<status status="PASS" start="2024-07-12T05:14:20.318647" elapsed="0.000366"/>
</kw>
<kw name="Log" owner="BuiltIn">
<msg time="2024-07-12T05:14:20.319301" level="INFO">password</msg>
<arg>${keyTwo}</arg>
<doc>Logs the given message with the given level.</doc>
<status status="PASS" start="2024-07-12T05:14:20.319186" elapsed="0.000155"/>
</kw>
<var name="${keyTwo}">password</var>
<status status="PASS" start="2024-07-12T05:14:20.317987" elapsed="0.001660"/>
</iter>
<var>${keyTwo}</var>
<value>@{expected_keysTwo}</value>
<status status="PASS" start="2024-07-12T05:14:20.316094" elapsed="0.003693"/>
</for>
<status status="PASS" start="2024-07-12T05:14:20.181466" elapsed="0.138465"/>
</kw>
<doc>Testa a estrutura da resposta da API.</doc>
<tag>testeEstruturaResposta</tag>
<status status="PASS" start="2024-07-12T05:14:20.180696" elapsed="0.139380"/>
</test>
<test id="s1-s1-t4" name="Validar tipos de dados" line="28">
<kw name="Teste de Tipos de Dados" owner="random-user-service">
<kw name="GET On Session" owner="RequestsLibrary">
<msg time="2024-07-12T05:14:20.356594" level="INFO">GET Request : url=https://randomuser.me/api 
 path_url=/api 
 headers={'User-Agent': 'python-requests/2.32.3', 'Accept-Encoding': 'gzip, deflate', 'Accept': '*/*', 'Connection': 'keep-alive'} 
 body=None 
 </msg>
<msg time="2024-07-12T05:14:20.356682" level="INFO">GET Response : url=https://randomuser.me/api 
 status=200, reason=OK 
 headers={'Date': 'Fri, 12 Jul 2024 05:14:20 GMT', 'Content-Type': 'application/json; charset=utf-8', 'Transfer-Encoding': 'chunked', 'Connection': 'keep-alive', 'X-Powered-By': 'Express', 'Access-Control-Allow-Origin': '*', 'Cache-Control': 'no-cache', 'ETag': 'W/"4a1-MvRg2yudA6sfsR11f9K8nmWr14Q"', 'Vary': 'Accept-Encoding', 'Content-Encoding': 'gzip', 'CF-Cache-Status': 'DYNAMIC', 'Report-To': '{"endpoints":[{"url":"https:\\/\\/a.nel.cloudflare.com\\/report\\/v4?s=ncpMoRsKyrTYA0USOlrfELoSxQ6bXvYKNmsYeyIj1D7MWZAoud9l9xEp1ibe4ui0bRWYB1nNNAYaMkS2IgR2hzdFoTIfPXuMD2AGXP9BsmWlQYcrpjo1xSABRSM1IrQ8"}],"group":"cf-nel","max_age":604800}', 'NEL': '{"success_fraction":0,"report_to":"cf-nel","max_age":604800}', 'Server': 'cloudflare', 'CF-RAY': '8a1e8c950cb038a0-IAD', 'alt-svc': 'h3=":443"; ma=86400'} 
 body={"results":[{"gender":"male","name":{"title":"Mr","first":"Marcio","last":"Romme"},"location":{"street":{"number":1483,"name":"Alfred Doblinstraat"},"city":"Meliskerke","state":"Drenthe","country":"Netherlands","postcode":"6511 OA","coordinates":{"latitude":"31.7022","longitude":"-73.0918"},"timezone":{"offset":"0:00","description":"Western Europe Time, London, Lisbon, Casablanca"}},"email":"marcio.romme@example.com","login":{"uuid":"9972081c-bab1-4ddc-80a3-226f3bba1708","username":"purpleduck222","password":"1965","salt":"SQTe1ZUc","md5":"6d961d0529f2790db25c10e10cc8ae22","sha1":"1bd56c3c93b9381f1968d6deead2373086163bdb","sha256":"3794748265833f63589c31ad819f38158f9601cff2dda79ba497aa1c22c4e614"},"dob":{"date":"1954-01-25T23:33:47.011Z","age":70},"registered":{"date":"2009-11-30T06:49:12.094Z","age":14},"phone":"(027) 7604058","cell":"(06) 01176036","id":{"name":"BSN","value":"64427238"},"picture":{"large":"https://randomuser.me/api/portraits/men/95.jpg","medium":"https://randomuser.me/api/portraits/med/men/95.jpg","thumbnail":"https://randomuser.me/api/portraits/thumb/men/95.jpg"},"nat":"NL"}],"info":{"seed":"ceb13080400b8f87","results":1,"page":1,"version":"1.4"}} 
 </msg>
<msg time="2024-07-12T05:14:20.356753" level="INFO">/opt/hostedtoolcache/Python/3.12.4/x64/lib/python3.12/site-packages/urllib3/connectionpool.py:1099: InsecureRequestWarning: Unverified HTTPS request is being made to host 'randomuser.me'. Adding certificate verification is strongly advised. See: https://urllib3.readthedocs.io/en/latest/advanced-usage.html#tls-warnings
  warnings.warn(</msg>
<msg time="2024-07-12T05:14:20.356852" level="INFO">${response} = &lt;Response [200]&gt;</msg>
<var>${response}</var>
<arg>consultarAPI</arg>
<arg>/api</arg>
<doc>Sends a GET request on a previously created HTTP Session.</doc>
<status status="PASS" start="2024-07-12T05:14:20.322546" elapsed="0.034347"/>
</kw>
<kw name="Set Variable" owner="BuiltIn">
<msg time="2024-07-12T05:14:20.357877" level="INFO">${json_data} = {'results': [{'gender': 'male', 'name': {'title': 'Mr', 'first': 'Marcio', 'last': 'Romme'}, 'location': {'street': {'number': 1483, 'name': 'Alfred Doblinstraat'}, 'city': 'Meliskerke', 'state': 'Dre...</msg>
<var>${json_data}</var>
<arg>${response.json()}</arg>
<doc>Returns the given values which can then be assigned to a variables.</doc>
<status status="PASS" start="2024-07-12T05:14:20.357333" elapsed="0.000574"/>
</kw>
<kw name="Log" owner="BuiltIn">
<msg time="2024-07-12T05:14:20.358383" level="INFO">{'results': [{'gender': 'male', 'name': {'title': 'Mr', 'first': 'Marcio', 'last': 'Romme'}, 'location': {'street': {'number': 1483, 'name': 'Alfred Doblinstraat'}, 'city': 'Meliskerke', 'state': 'Drenthe', 'country': 'Netherlands', 'postcode': '6511 OA', 'coordinates': {'latitude': '31.7022', 'longitude': '-73.0918'}, 'timezone': {'offset': '0:00', 'description': 'Western Europe Time, London, Lisbon, Casablanca'}}, 'email': 'marcio.romme@example.com', 'login': {'uuid': '9972081c-bab1-4ddc-80a3-226f3bba1708', 'username': 'purpleduck222', 'password': '1965', 'salt': 'SQTe1ZUc', 'md5': '6d961d0529f2790db25c10e10cc8ae22', 'sha1': '1bd56c3c93b9381f1968d6deead2373086163bdb', 'sha256': '3794748265833f63589c31ad819f38158f9601cff2dda79ba497aa1c22c4e614'}, 'dob': {'date': '1954-01-25T23:33:47.011Z', 'age': 70}, 'registered': {'date': '2009-11-30T06:49:12.094Z', 'age': 14}, 'phone': '(027) 7604058', 'cell': '(06) 01176036', 'id': {'name': 'BSN', 'value': '64427238'}, 'picture': {'large': 'https://randomuser.me/api/portraits/men/95.jpg', 'medium': 'https://randomuser.me/api/portraits/med/men/95.jpg', 'thumbnail': 'https://randomuser.me/api/portraits/thumb/men/95.jpg'}, 'nat': 'NL'}], 'info': {'seed': 'ceb13080400b8f87', 'results': 1, 'page': 1, 'version': '1.4'}}</msg>
<arg>${json_data}</arg>
<doc>Logs the given message with the given level.</doc>
<status status="PASS" start="2024-07-12T05:14:20.358215" elapsed="0.000215"/>
</kw>
<kw name="Should Be String" owner="String">
<arg>${json_data['results'][0]['gender']}</arg>
<doc>Fails if the given ``item`` is not a string.</doc>
<status status="PASS" start="2024-07-12T05:14:20.358712" elapsed="0.000344"/>
</kw>
<kw name="Should Match Regexp" owner="BuiltIn">
<arg>${json_data['results'][0]['email']}</arg>
<arg>^[a-zA-Z0-9._%+-]+@[a-zA-Z0-9.-]+\.[a-zA-Z]{2,}$</arg>
<doc>Fails if ``string`` does not match ``pattern`` as a regular expression.</doc>
<status status="PASS" start="2024-07-12T05:14:20.359273" elapsed="0.000543"/>
</kw>
<kw name="Should Match Regexp" owner="BuiltIn">
<arg>${json_data['results'][0]['dob']['date']}</arg>
<arg>\\d{4}-\\d{2}-\\d{2}T\\d{2}:\\d{2}:\\d{2}\\.\\d{3}Z</arg>
<doc>Fails if ``string`` does not match ``pattern`` as a regular expression.</doc>
<status status="PASS" start="2024-07-12T05:14:20.360023" elapsed="0.000479"/>
</kw>
<kw name="Should Match Regexp" owner="BuiltIn">
<arg>${json_data['results'][0]['registered']['date']}</arg>
<arg>\\d{4}-\\d{2}-\\d{2}T\\d{2}:\\d{2}:\\d{2}\\.\\d{3}Z</arg>
<doc>Fails if ``string`` does not match ``pattern`` as a regular expression.</doc>
<status status="PASS" start="2024-07-12T05:14:20.360692" elapsed="0.000372"/>
</kw>
<kw name="Should Match Regexp" owner="BuiltIn">
<arg>${json_data['results'][0]['picture']['large']}</arg>
<arg>^https?://.*\.(?:png|jpe?g|gif|bmp)$</arg>
<doc>Fails if ``string`` does not match ``pattern`` as a regular expression.</doc>
<status status="PASS" start="2024-07-12T05:14:20.361247" elapsed="0.000465"/>
</kw>
<kw name="Should Match Regexp" owner="BuiltIn">
<arg>${json_data['results'][0]['picture']['medium']}</arg>
<arg>^https?://.*\.(?:png|jpe?g|gif|bmp)$</arg>
<doc>Fails if ``string`` does not match ``pattern`` as a regular expression.</doc>
<status status="PASS" start="2024-07-12T05:14:20.361899" elapsed="0.000360"/>
</kw>
<kw name="Should Match Regexp" owner="BuiltIn">
<arg>${json_data['results'][0]['picture']['thumbnail']}</arg>
<arg>^https?://.*\.(?:png|jpe?g|gif|bmp)$</arg>
<doc>Fails if ``string`` does not match ``pattern`` as a regular expression.</doc>
<status status="PASS" start="2024-07-12T05:14:20.362440" elapsed="0.000352"/>
</kw>
<kw name="Log" owner="BuiltIn">
<msg time="2024-07-12T05:14:20.363294" level="INFO">{'large': 'https://randomuser.me/api/portraits/men/95.jpg', 'medium': 'https://randomuser.me/api/portraits/med/men/95.jpg', 'thumbnail': 'https://randomuser.me/api/portraits/thumb/men/95.jpg'}</msg>
<arg>${json_data['results'][0]['picture']}</arg>
<doc>Logs the given message with the given level.</doc>
<status status="PASS" start="2024-07-12T05:14:20.362975" elapsed="0.000361"/>
</kw>
<status status="PASS" start="2024-07-12T05:14:20.322332" elapsed="0.041255"/>
</kw>
<kw name="Teste de Tipos de Dados - Postcode" owner="random-user-service">
<kw name="GET On Session" owner="RequestsLibrary">
<msg time="2024-07-12T05:14:20.466876" level="INFO">GET Request : url=https://randomuser.me/api 
 path_url=/api 
 headers={'User-Agent': 'python-requests/2.32.3', 'Accept-Encoding': 'gzip, deflate', 'Accept': '*/*', 'Connection': 'keep-alive'} 
 body=None 
 </msg>
<msg time="2024-07-12T05:14:20.466970" level="INFO">GET Response : url=https://randomuser.me/api 
 status=200, reason=OK 
 headers={'Date': 'Fri, 12 Jul 2024 05:14:20 GMT', 'Content-Type': 'application/json; charset=utf-8', 'Transfer-Encoding': 'chunked', 'Connection': 'keep-alive', 'X-Powered-By': 'Express', 'Access-Control-Allow-Origin': '*', 'Cache-Control': 'no-cache', 'ETag': 'W/"4a7-7GHzr98uDaH5iNfqv8CSx5RJ5CU"', 'Vary': 'Accept-Encoding', 'Content-Encoding': 'gzip', 'CF-Cache-Status': 'DYNAMIC', 'Report-To': '{"endpoints":[{"url":"https:\\/\\/a.nel.cloudflare.com\\/report\\/v4?s=EehI92jS%2FDHzPnax2o3h%2Fgwf5fP3JzAFtqUSOhDMF2%2BDt9XS9VNFRwrkHzmTSD8E2%2FwnmkPrl3pK0H980JHYlxixQ3JC%2F9mggjNYy8OR50rZ5I14iyMAr4GGSkGi5TJU"}],"group":"cf-nel","max_age":604800}', 'NEL': '{"success_fraction":0,"report_to":"cf-nel","max_age":604800}', 'Server': 'cloudflare', 'CF-RAY': '8a1e8c954cee38a0-IAD', 'alt-svc': 'h3=":443"; ma=86400'} 
 body={"results":[{"gender":"female","name":{"title":"Mrs","first":"رونیکا","last":"زارعی"},"location":{"street":{"number":5928,"name":"شیخ فضل الله نوری"},"city":"ارومیه","state":"خراسان شمالی","country":"Iran","postcode":79878,"coordinates":{"latitude":"13.7024","longitude":"31.4776"},"timezone":{"offset":"+6:00","description":"Almaty, Dhaka, Colombo"}},"email":"rwnykh.zraay@example.com","login":{"uuid":"647c9815-c459-4881-9104-73b13f024cc4","username":"crazyladybug286","password":"0420","salt":"qvLGIeJf","md5":"1133b8b039f242a6dd68f7a59f91b608","sha1":"3ab672f32ba6aec11ffd8a82bc9a0c5501bba3ec","sha256":"b0b19f71ec164be0f281ab756d4855b62d3b22e397db36c9356e7dc2460c904d"},"dob":{"date":"1984-09-30T18:57:11.171Z","age":39},"registered":{"date":"2004-04-23T09:10:07.275Z","age":20},"phone":"090-12772527","cell":"0962-055-2772","id":{"name":"","value":null},"picture":{"large":"https://randomuser.me/api/portraits/women/22.jpg","medium":"https://randomuser.me/api/portraits/med/women/22.jpg","thumbnail":"https://randomuser.me/api/portraits/thumb/women/22.jpg"},"nat":"IR"}],"info":{"seed":"80847322f5cdeb87","results":1,"page":1,"version":"1.4"}} 
 </msg>
<msg time="2024-07-12T05:14:20.467045" level="INFO">/opt/hostedtoolcache/Python/3.12.4/x64/lib/python3.12/site-packages/urllib3/connectionpool.py:1099: InsecureRequestWarning: Unverified HTTPS request is being made to host 'randomuser.me'. Adding certificate verification is strongly advised. See: https://urllib3.readthedocs.io/en/latest/advanced-usage.html#tls-warnings
  warnings.warn(</msg>
<msg time="2024-07-12T05:14:20.467132" level="INFO">${response} = &lt;Response [200]&gt;</msg>
<var>${response}</var>
<arg>consultarAPI</arg>
<arg>/api</arg>
<doc>Sends a GET request on a previously created HTTP Session.</doc>
<status status="PASS" start="2024-07-12T05:14:20.364052" elapsed="0.103120"/>
</kw>
<kw name="Set Variable" owner="BuiltIn">
<msg time="2024-07-12T05:14:20.468232" level="INFO">${json_data} = {'results': [{'gender': 'female', 'name': {'title': 'Mrs', 'first': 'رونیکا', 'last': 'زارعی'}, 'location': {'street': {'number': 5928, 'name': 'شیخ فضل الله نوری'}, 'city': 'ارومیه', 'state': 'خراسان...</msg>
<var>${json_data}</var>
<arg>${response.json()}</arg>
<doc>Returns the given values which can then be assigned to a variables.</doc>
<status status="PASS" start="2024-07-12T05:14:20.467608" elapsed="0.000655"/>
</kw>
<kw name="Log" owner="BuiltIn">
<msg time="2024-07-12T05:14:20.468730" level="INFO">{'results': [{'gender': 'female', 'name': {'title': 'Mrs', 'first': 'رونیکا', 'last': 'زارعی'}, 'location': {'street': {'number': 5928, 'name': 'شیخ فضل الله نوری'}, 'city': 'ارومیه', 'state': 'خراسان شمالی', 'country': 'Iran', 'postcode': 79878, 'coordinates': {'latitude': '13.7024', 'longitude': '31.4776'}, 'timezone': {'offset': '+6:00', 'description': 'Almaty, Dhaka, Colombo'}}, 'email': 'rwnykh.zraay@example.com', 'login': {'uuid': '647c9815-c459-4881-9104-73b13f024cc4', 'username': 'crazyladybug286', 'password': '0420', 'salt': 'qvLGIeJf', 'md5': '1133b8b039f242a6dd68f7a59f91b608', 'sha1': '3ab672f32ba6aec11ffd8a82bc9a0c5501bba3ec', 'sha256': 'b0b19f71ec164be0f281ab756d4855b62d3b22e397db36c9356e7dc2460c904d'}, 'dob': {'date': '1984-09-30T18:57:11.171Z', 'age': 39}, 'registered': {'date': '2004-04-23T09:10:07.275Z', 'age': 20}, 'phone': '090-12772527', 'cell': '0962-055-2772', 'id': {'name': '', 'value': None}, 'picture': {'large': 'https://randomuser.me/api/portraits/women/22.jpg', 'medium': 'https://randomuser.me/api/portraits/med/women/22.jpg', 'thumbnail': 'https://randomuser.me/api/portraits/thumb/women/22.jpg'}, 'nat': 'IR'}], 'info': {'seed': '80847322f5cdeb87', 'results': 1, 'page': 1, 'version': '1.4'}}</msg>
<arg>${json_data}</arg>
<doc>Logs the given message with the given level.</doc>
<status status="PASS" start="2024-07-12T05:14:20.468575" elapsed="0.000204"/>
</kw>
<kw name="Should Be Equal As Numbers" owner="BuiltIn">
<arg>${json_data['results'][0]['location']['postcode']}</arg>
<arg>${json_data['results'][0]['location']['postcode']}</arg>
<doc>Fails if objects are unequal after converting them to real numbers.</doc>
<status status="PASS" start="2024-07-12T05:14:20.469071" elapsed="0.000704"/>
</kw>
<kw name="Log" owner="BuiltIn">
<msg time="2024-07-12T05:14:20.470444" level="INFO">79878</msg>
<arg>${json_data['results'][0]['location']['postcode']}</arg>
<doc>Logs the given message with the given level.</doc>
<status status="PASS" start="2024-07-12T05:14:20.469995" elapsed="0.000489"/>
</kw>
<status status="PASS" start="2024-07-12T05:14:20.363836" elapsed="0.106896"/>
</kw>
<doc>Testa se os tipos de dados na resposta da API estão corretos.</doc>
<tag>testeTiposDados</tag>
<status status="PASS" start="2024-07-12T05:14:20.321801" elapsed="0.149085"/>
</test>
<test id="s1-s1-t5" name="Validar conteudo" line="35">
<kw name="Teste de Tipos de Conteudo" owner="random-user-service">
<kw name="GET On Session" owner="RequestsLibrary">
<msg time="2024-07-12T05:14:20.557402" level="INFO">GET Request : url=https://randomuser.me/api 
 path_url=/api 
 headers={'User-Agent': 'python-requests/2.32.3', 'Accept-Encoding': 'gzip, deflate', 'Accept': '*/*', 'Connection': 'keep-alive'} 
 body=None 
 </msg>
<msg time="2024-07-12T05:14:20.557488" level="INFO">GET Response : url=https://randomuser.me/api 
 status=200, reason=OK 
 headers={'Date': 'Fri, 12 Jul 2024 05:14:20 GMT', 'Content-Type': 'application/json; charset=utf-8', 'Transfer-Encoding': 'chunked', 'Connection': 'keep-alive', 'X-Powered-By': 'Express', 'Access-Control-Allow-Origin': '*', 'Cache-Control': 'no-cache', 'ETag': 'W/"477-d8ADa2NswVwGuxKPDMycMtFsE1M"', 'Vary': 'Accept-Encoding', 'Content-Encoding': 'gzip', 'CF-Cache-Status': 'DYNAMIC', 'Report-To': '{"endpoints":[{"url":"https:\\/\\/a.nel.cloudflare.com\\/report\\/v4?s=VCA1Dbc9Xr%2F1iHWw6shRGXubKuStQ8RgCYPLGiMvlns00lF7voKKXCs9rD2BikkR2HNmNXnA5wxNoJCnqr81dSWEvclh6yhv5Fic84B8vs%2FbbUde%2BspT2mogX0Mnr5L%2B"}],"group":"cf-nel","max_age":604800}', 'NEL': '{"success_fraction":0,"report_to":"cf-nel","max_age":604800}', 'Server': 'cloudflare', 'CF-RAY': '8a1e8c95fd9138a0-IAD', 'alt-svc': 'h3=":443"; ma=86400'} 
 body={"results":[{"gender":"male","name":{"title":"Mr","first":"Felix","last":"Andersen"},"location":{"street":{"number":7337,"name":"Slagelsevej"},"city":"Ølstykke","state":"Syddanmark","country":"Denmark","postcode":11774,"coordinates":{"latitude":"-44.4426","longitude":"-76.4418"},"timezone":{"offset":"+9:30","description":"Adelaide, Darwin"}},"email":"felix.andersen@example.com","login":{"uuid":"40ebbff0-7a73-4ddd-bf6c-84383ed00ef2","username":"happyrabbit565","password":"working","salt":"BNCoZ229","md5":"bf07abf32024ee5af2427968c79d49dc","sha1":"e7a7b87404bb4b00fcc6d3f76224f7c0b49b568e","sha256":"479a9ee80c14ee272efff324edc5466d8dbc2d9bcc9b2288f3f507972b766df6"},"dob":{"date":"1961-10-10T09:22:34.016Z","age":62},"registered":{"date":"2006-08-21T10:25:39.087Z","age":17},"phone":"29800991","cell":"44715406","id":{"name":"CPR","value":"101061-1982"},"picture":{"large":"https://randomuser.me/api/portraits/men/51.jpg","medium":"https://randomuser.me/api/portraits/med/men/51.jpg","thumbnail":"https://randomuser.me/api/portraits/thumb/men/51.jpg"},"nat":"DK"}],"info":{"seed":"63e7c4ad0770b10c","results":1,"page":1,"version":"1.4"}} 
 </msg>
<msg time="2024-07-12T05:14:20.557562" level="INFO">/opt/hostedtoolcache/Python/3.12.4/x64/lib/python3.12/site-packages/urllib3/connectionpool.py:1099: InsecureRequestWarning: Unverified HTTPS request is being made to host 'randomuser.me'. Adding certificate verification is strongly advised. See: https://urllib3.readthedocs.io/en/latest/advanced-usage.html#tls-warnings
  warnings.warn(</msg>
<msg time="2024-07-12T05:14:20.557674" level="INFO">${response} = &lt;Response [200]&gt;</msg>
<var>${response}</var>
<arg>consultarAPI</arg>
<arg>/api</arg>
<doc>Sends a GET request on a previously created HTTP Session.</doc>
<status status="PASS" start="2024-07-12T05:14:20.473594" elapsed="0.084117"/>
</kw>
<kw name="Set Variable" owner="BuiltIn">
<msg time="2024-07-12T05:14:20.558635" level="INFO">${json_data} = {'results': [{'gender': 'male', 'name': {'title': 'Mr', 'first': 'Felix', 'last': 'Andersen'}, 'location': {'street': {'number': 7337, 'name': 'Slagelsevej'}, 'city': 'Ølstykke', 'state': 'Syddanmark'...</msg>
<var>${json_data}</var>
<arg>${response.json()}</arg>
<doc>Returns the given values which can then be assigned to a variables.</doc>
<status status="PASS" start="2024-07-12T05:14:20.558199" elapsed="0.000467"/>
</kw>
<kw name="Set Variable" owner="BuiltIn">
<msg time="2024-07-12T05:14:20.559337" level="INFO">${name_title} = Mr</msg>
<var>${name_title}</var>
<arg>${json_data["results"][0]["name"]["title"]}</arg>
<doc>Returns the given values which can then be assigned to a variables.</doc>
<status status="PASS" start="2024-07-12T05:14:20.558962" elapsed="0.000401"/>
</kw>
<kw name="Create List" owner="BuiltIn">
<msg time="2024-07-12T05:14:20.559829" level="INFO">${allowed_titles} = ['Mr', 'Ms', 'Miss', 'Mrs', 'Madame', 'Monsieur']</msg>
<var>${allowed_titles}</var>
<arg>Mr</arg>
<arg>Ms</arg>
<arg>Miss</arg>
<arg>Mrs</arg>
<arg>Madame</arg>
<arg>Monsieur</arg>
<doc>Returns a list containing given items.</doc>
<status status="PASS" start="2024-07-12T05:14:20.559650" elapsed="0.000205"/>
</kw>
<kw name="List Should Contain Value" owner="Collections">
<arg>${allowed_titles}</arg>
<arg>${name_title}</arg>
<doc>Fails if the ``value`` is not found from ``list``.</doc>
<status status="PASS" start="2024-07-12T05:14:20.560150" elapsed="0.000168"/>
</kw>
<kw name="Set Variable" owner="BuiltIn">
<msg time="2024-07-12T05:14:20.560852" level="INFO">${name_country} = DK</msg>
<var>${name_country}</var>
<arg>${json_data["results"][0]["nat"]}</arg>
<doc>Returns the given values which can then be assigned to a variables.</doc>
<status status="PASS" start="2024-07-12T05:14:20.560494" elapsed="0.000383"/>
</kw>
<kw name="Create List" owner="BuiltIn">
<msg time="2024-07-12T05:14:20.561750" level="INFO">${list_country} = ['AD', 'AE', 'AF', 'AG', 'AI', 'AL', 'AM', 'AO', 'AQ', 'AR', 'AS', 'AT', 'AU', 'AW', 'AX', 'AZ', 'BA', 'BB', 'BD', 'BE', 'BF', 'BG', 'BH', 'BI', 'BJ', 'BL', 'BM', 'BN', 'BO', 'BQ', 'BR', 'BS', 'BT', '...</msg>
<var>${list_country}</var>
<arg>AD</arg>
<arg>AE</arg>
<arg>AF</arg>
<arg>AG</arg>
<arg>AI</arg>
<arg>AL</arg>
<arg>AM</arg>
<arg>AO</arg>
<arg>AQ</arg>
<arg>AR</arg>
<arg>AS</arg>
<arg>AT</arg>
<arg>AU</arg>
<arg>AW</arg>
<arg>AX</arg>
<arg>AZ</arg>
<arg>BA</arg>
<arg>BB</arg>
<arg>BD</arg>
<arg>BE</arg>
<arg>BF</arg>
<arg>BG</arg>
<arg>BH</arg>
<arg>BI</arg>
<arg>BJ</arg>
<arg>BL</arg>
<arg>BM</arg>
<arg>BN</arg>
<arg>BO</arg>
<arg>BQ</arg>
<arg>BR</arg>
<arg>BS</arg>
<arg>BT</arg>
<arg>BV</arg>
<arg>BW</arg>
<arg>BY</arg>
<arg>BZ</arg>
<arg>CA</arg>
<arg>CC</arg>
<arg>CD</arg>
<arg>CF</arg>
<arg>CG</arg>
<arg>CH</arg>
<arg>CI</arg>
<arg>CK</arg>
<arg>CL</arg>
<arg>CM</arg>
<arg>CN</arg>
<arg>CO</arg>
<arg>CR</arg>
<arg>CU</arg>
<arg>CV</arg>
<arg>CW</arg>
<arg>CX</arg>
<arg>CY</arg>
<arg>CZ</arg>
<arg>DE</arg>
<arg>DJ</arg>
<arg>DK</arg>
<arg>DM</arg>
<arg>DO</arg>
<arg>DZ</arg>
<arg>EC</arg>
<arg>EE</arg>
<arg>EG</arg>
<arg>EH</arg>
<arg>ER</arg>
<arg>ES</arg>
<arg>ET</arg>
<arg>FI</arg>
<arg>FJ</arg>
<arg>FK</arg>
<arg>FM</arg>
<arg>FO</arg>
<arg>FR</arg>
<arg>GA</arg>
<arg>GB</arg>
<arg>GD</arg>
<arg>GE</arg>
<arg>GF</arg>
<arg>GG</arg>
<arg>GH</arg>
<arg>GI</arg>
<arg>GL</arg>
<arg>GM</arg>
<arg>GN</arg>
<arg>GP</arg>
<arg>GQ</arg>
<arg>GR</arg>
<arg>GS</arg>
<arg>GT</arg>
<arg>GU</arg>
<arg>GW</arg>
<arg>GY</arg>
<arg>HK</arg>
<arg>HM</arg>
<arg>HN</arg>
<arg>HR</arg>
<arg>HT</arg>
<arg>HU</arg>
<arg>ID</arg>
<arg>IE</arg>
<arg>IL</arg>
<arg>IM</arg>
<arg>IN</arg>
<arg>IO</arg>
<arg>IQ</arg>
<arg>IR</arg>
<arg>IS</arg>
<arg>IT</arg>
<arg>JE</arg>
<arg>JM</arg>
<arg>JO</arg>
<arg>JP</arg>
<arg>KE</arg>
<arg>KG</arg>
<arg>KH</arg>
<arg>KI</arg>
<arg>KM</arg>
<arg>KN</arg>
<arg>KP</arg>
<arg>KR</arg>
<arg>KW</arg>
<arg>KY</arg>
<arg>KZ</arg>
<arg>LA</arg>
<arg>LB</arg>
<arg>LC</arg>
<arg>LI</arg>
<arg>LK</arg>
<arg>LR</arg>
<arg>LS</arg>
<arg>LT</arg>
<arg>LU</arg>
<arg>LV</arg>
<arg>LY</arg>
<arg>MA</arg>
<arg>MC</arg>
<arg>MD</arg>
<arg>ME</arg>
<arg>MF</arg>
<arg>MG</arg>
<arg>MH</arg>
<arg>MK</arg>
<arg>ML</arg>
<arg>MM</arg>
<arg>MN</arg>
<arg>MO</arg>
<arg>MP</arg>
<arg>MQ</arg>
<arg>MR</arg>
<arg>MS</arg>
<arg>MT</arg>
<arg>MU</arg>
<arg>MV</arg>
<arg>MW</arg>
<arg>MX</arg>
<arg>MY</arg>
<arg>MZ</arg>
<arg>NA</arg>
<arg>NC</arg>
<arg>NE</arg>
<arg>NF</arg>
<arg>NG</arg>
<arg>NI</arg>
<arg>NL</arg>
<arg>NO</arg>
<arg>NP</arg>
<arg>NR</arg>
<arg>NU</arg>
<arg>NZ</arg>
<arg>OM</arg>
<arg>PA</arg>
<arg>PE</arg>
<arg>PF</arg>
<arg>PG</arg>
<arg>PH</arg>
<arg>PK</arg>
<arg>PL</arg>
<arg>PM</arg>
<arg>PN</arg>
<arg>PR</arg>
<arg>PS</arg>
<arg>PT</arg>
<arg>PW</arg>
<arg>PY</arg>
<arg>QA</arg>
<arg>RE</arg>
<arg>RO</arg>
<arg>RS</arg>
<arg>RU</arg>
<arg>RW</arg>
<arg>SA</arg>
<arg>SB</arg>
<arg>SC</arg>
<arg>SD</arg>
<arg>SE</arg>
<arg>SG</arg>
<arg>SH</arg>
<arg>SI</arg>
<arg>SJ</arg>
<arg>SK</arg>
<arg>SL</arg>
<arg>SM</arg>
<arg>SN</arg>
<arg>SO</arg>
<arg>SR</arg>
<arg>SS</arg>
<arg>ST</arg>
<arg>SV</arg>
<arg>SX</arg>
<arg>SY</arg>
<arg>SZ</arg>
<arg>TC</arg>
<arg>TD</arg>
<arg>TF</arg>
<arg>TG</arg>
<arg>TH</arg>
<arg>TJ</arg>
<arg>TK</arg>
<arg>TL</arg>
<arg>TM</arg>
<arg>TN</arg>
<arg>TO</arg>
<arg>TR</arg>
<arg>TT</arg>
<arg>TV</arg>
<arg>TW</arg>
<arg>TZ</arg>
<arg>UA</arg>
<arg>UG</arg>
<arg>UM</arg>
<arg>US</arg>
<arg>UY</arg>
<arg>UZ</arg>
<arg>VA</arg>
<arg>VC</arg>
<arg>VE</arg>
<arg>VG</arg>
<arg>VI</arg>
<arg>VN</arg>
<arg>VU</arg>
<arg>WF</arg>
<arg>WS</arg>
<arg>XK</arg>
<arg>YE</arg>
<arg>YT</arg>
<arg>ZA</arg>
<arg>ZM</arg>
<arg>ZW</arg>
<doc>Returns a list containing given items.</doc>
<status status="PASS" start="2024-07-12T05:14:20.561164" elapsed="0.000611"/>
</kw>
<kw name="List Should Contain Value" owner="Collections">
<arg>${list_country}</arg>
<arg>${name_country}</arg>
<doc>Fails if the ``value`` is not found from ``list``.</doc>
<status status="PASS" start="2024-07-12T05:14:20.562566" elapsed="0.000200"/>
</kw>
<kw name="Run Keyword If" owner="BuiltIn">
<kw name="Should Be True" owner="BuiltIn">
<arg>${True}</arg>
<doc>Fails if the given condition is not true.</doc>
<status status="PASS" start="2024-07-12T05:14:20.563687" elapsed="0.000169"/>
</kw>
<arg>${json_data["results"][0]["location"]["coordinates"]["latitude"]} &gt;= -90 and ${json_data["results"][0]["location"]["coordinates"]["latitude"]} &lt;= 90</arg>
<arg>Should Be True</arg>
<arg>${True}</arg>
<doc>Runs the given keyword with the given arguments, if ``condition`` is true.</doc>
<status status="PASS" start="2024-07-12T05:14:20.562961" elapsed="0.001020"/>
</kw>
<kw name="Run Keyword If" owner="BuiltIn">
<kw name="Should Be True" owner="BuiltIn">
<arg>${True}</arg>
<doc>Fails if the given condition is not true.</doc>
<status status="PASS" start="2024-07-12T05:14:20.564841" elapsed="0.000227"/>
</kw>
<arg>${json_data["results"][0]["location"]["coordinates"]["longitude"]} &gt;= -180 and ${json_data["results"][0]["location"]["coordinates"]["longitude"]} &lt;= 180</arg>
<arg>Should Be True</arg>
<arg>${True}</arg>
<doc>Runs the given keyword with the given arguments, if ``condition`` is true.</doc>
<status status="PASS" start="2024-07-12T05:14:20.564158" elapsed="0.001038"/>
</kw>
<status status="PASS" start="2024-07-12T05:14:20.473241" elapsed="0.092084"/>
</kw>
<doc>Testa o conteúdo específico dos campos retornados pela API.</doc>
<tag>testeConteudo</tag>
<status status="PASS" start="2024-07-12T05:14:20.472635" elapsed="0.092832"/>
</test>
<status status="PASS" start="2024-07-12T05:14:19.486698" elapsed="1.080631"/>
</suite>
<status status="PASS" start="2024-07-12T05:14:19.472557" elapsed="1.099662"/>
</suite>
<statistics>
<total>
<stat pass="5" fail="0" skip="0">All Tests</stat>
</total>
<tag>
<stat pass="1" fail="0" skip="0">testeConteudo</stat>
<stat pass="1" fail="0" skip="0">testeEstruturaResposta</stat>
<stat pass="1" fail="0" skip="0">testeRequisicaoBasica</stat>
<stat pass="1" fail="0" skip="0">testeTiposDados</stat>
</tag>
<suite>
<stat pass="5" fail="0" skip="0" id="s1" name="Tests">Tests</stat>
<stat pass="5" fail="0" skip="0" id="s1-s1" name="Random-User-Test">Tests.Random-User-Test</stat>
</suite>
</statistics>
<errors>
</errors>
</robot>
