<?xml version="1.0" encoding="UTF-8"?>
<robot generator="Robot 7.0.1 (Python 3.12.4 on linux)" generated="2024-07-19T04:19:55.063771" rpa="false" schemaversion="5">
<suite id="s1" name="Tests" source="/home/runner/work/ApiRandomUser/ApiRandomUser/RamdonUser/tests">
<suite id="s1-s1" name="Random-User-Test" source="/home/runner/work/ApiRandomUser/ApiRandomUser/RamdonUser/tests/random-user-test.robot">
<test id="s1-s1-t1" name="Conectar" line="13">
<kw name="Conectar API" owner="random-user-service">
<kw name="Create Session" owner="RequestsLibrary">
<msg time="2024-07-19T04:19:55.454775" level="INFO">Creating Session using : alias=consultarAPI, url=https://randomuser.me/, headers={},                     cookies={}, auth=None, timeout=None, proxies=None, verify=False,                     debug=0 </msg>
<arg>consultarAPI</arg>
<arg>${URL}</arg>
<doc>Create Session: create a HTTP session to a server</doc>
<status status="PASS" start="2024-07-19T04:19:55.454579" elapsed="0.000406"/>
</kw>
<status status="PASS" start="2024-07-19T04:19:55.453536" elapsed="0.001804"/>
</kw>
<status status="PASS" start="2024-07-19T04:19:55.452988" elapsed="0.002544"/>
</test>
<test id="s1-s1-t2" name="Validar retorno 200 e JSON Válido" line="16">
<kw name="Teste de Requisicao Basica" owner="random-user-service">
<kw name="GET On Session" owner="RequestsLibrary">
<msg time="2024-07-19T04:19:55.533469" level="INFO">GET Request : url=https://randomuser.me/api 
 path_url=/api 
 headers={'User-Agent': 'python-requests/2.32.3', 'Accept-Encoding': 'gzip, deflate', 'Accept': '*/*', 'Connection': 'keep-alive'} 
 body=None 
 </msg>
<msg time="2024-07-19T04:19:55.533576" level="INFO">GET Response : url=https://randomuser.me/api 
 status=200, reason=OK 
 headers={'Date': 'Fri, 19 Jul 2024 04:19:55 GMT', 'Content-Type': 'application/json; charset=utf-8', 'Transfer-Encoding': 'chunked', 'Connection': 'keep-alive', 'X-Powered-By': 'Express', 'Access-Control-Allow-Origin': '*', 'Cache-Control': 'no-cache', 'ETag': 'W/"486-Rmz7fiSYWmamku7tyOJlapw1yw0"', 'Vary': 'Accept-Encoding', 'Content-Encoding': 'gzip', 'CF-Cache-Status': 'DYNAMIC', 'Report-To': '{"endpoints":[{"url":"https:\\/\\/a.nel.cloudflare.com\\/report\\/v4?s=z4RV2qdmhRu0NUwr3eNwbCqfRXy9NqB%2BWJ7j3wDGBy7XSfeKnsZ19Kr%2BlSYhATbCgdeqMm7uNQHNzxDP%2FGhZv24%2Bx9SSCZNMC13jRiV754ViBOj%2B6oP7YR5FAycQXoaJ"}],"group":"cf-nel","max_age":604800}', 'NEL': '{"success_fraction":0,"report_to":"cf-nel","max_age":604800}', 'Server': 'cloudflare', 'CF-RAY': '8a57ea7fde95636f-ORD', 'alt-svc': 'h3=":443"; ma=86400'} 
 body={"results":[{"gender":"male","name":{"title":"Mr","first":"Okan","last":"Sandalcı"},"location":{"street":{"number":7296,"name":"Vatan Cd"},"city":"Balıkesir","state":"Bilecik","country":"Turkey","postcode":66331,"coordinates":{"latitude":"72.1853","longitude":"-108.9430"},"timezone":{"offset":"+11:00","description":"Magadan, Solomon Islands, New Caledonia"}},"email":"okan.sandalci@example.com","login":{"uuid":"dbfbf12a-7951-4106-b43a-c11b816cbfc2","username":"brownmouse810","password":"doodle","salt":"ELwgeaz0","md5":"4cca077346d3f764a09f75e6dfc1ae12","sha1":"dcefc446dbee4791b5f7107e6ca5ef37e18b5751","sha256":"7281fc2b640acc0dca7f9776be4653eca6637599eb830e55b5227f780a5d654a"},"dob":{"date":"1949-08-09T02:58:29.063Z","age":74},"registered":{"date":"2003-12-02T01:57:46.389Z","age":20},"phone":"(504)-769-7174","cell":"(541)-132-4753","id":{"name":"","value":null},"picture":{"large":"https://randomuser.me/api/portraits/men/71.jpg","medium":"https://randomuser.me/api/portraits/med/men/71.jpg","thumbnail":"https://randomuser.me/api/portraits/thumb/men/71.jpg"},"nat":"TR"}],"info":{"seed":"9084d573783b2bca","results":1,"page":1,"version":"1.4"}} 
 </msg>
<msg time="2024-07-19T04:19:55.533655" level="INFO">/opt/hostedtoolcache/Python/3.12.4/x64/lib/python3.12/site-packages/urllib3/connectionpool.py:1099: InsecureRequestWarning: Unverified HTTPS request is being made to host 'randomuser.me'. Adding certificate verification is strongly advised. See: https://urllib3.readthedocs.io/en/latest/advanced-usage.html#tls-warnings
  warnings.warn(</msg>
<msg time="2024-07-19T04:19:55.533778" level="INFO">${response} = &lt;Response [200]&gt;</msg>
<var>${response}</var>
<arg>consultarAPI</arg>
<arg>/api</arg>
<doc>Sends a GET request on a previously created HTTP Session.</doc>
<status status="PASS" start="2024-07-19T04:19:55.458137" elapsed="0.075687"/>
</kw>
<kw name="Should Be Equal As Numbers" owner="BuiltIn">
<msg time="2024-07-19T04:19:55.534938" level="INFO">Argument types are:
&lt;class 'int'&gt;
&lt;class 'str'&gt;</msg>
<arg>${response.status_code}</arg>
<arg>200</arg>
<doc>Fails if objects are unequal after converting them to real numbers.</doc>
<status status="PASS" start="2024-07-19T04:19:55.534375" elapsed="0.000629"/>
</kw>
<kw name="Log" owner="BuiltIn">
<msg time="2024-07-19T04:19:55.535674" level="INFO">200</msg>
<arg>${response.status_code}</arg>
<doc>Logs the given message with the given level.</doc>
<status status="PASS" start="2024-07-19T04:19:55.535323" elapsed="0.000395"/>
</kw>
<kw name="Set Variable" owner="BuiltIn">
<msg time="2024-07-19T04:19:55.536454" level="INFO">${json_data} = {'results': [{'gender': 'male', 'name': {'title': 'Mr', 'first': 'Okan', 'last': 'Sandalcı'}, 'location': {'street': {'number': 7296, 'name': 'Vatan Cd'}, 'city': 'Balıkesir', 'state': 'Bilecik', 'cou...</msg>
<var>${json_data}</var>
<arg>${response.json()}</arg>
<doc>Returns the given values which can then be assigned to a variables.</doc>
<status status="PASS" start="2024-07-19T04:19:55.536019" elapsed="0.000465"/>
</kw>
<kw name="Dictionary Should Contain Key" owner="Collections">
<arg>${json_data}</arg>
<arg>results</arg>
<doc>Fails if ``key`` is not found from ``dictionary``.</doc>
<status status="PASS" start="2024-07-19T04:19:55.536778" elapsed="0.000291"/>
</kw>
<status status="PASS" start="2024-07-19T04:19:55.457876" elapsed="0.079337"/>
</kw>
<doc>Testa se a API responde corretamente e retorna um objeto JSON válido.</doc>
<tag>testeRequisicaoBasica</tag>
<status status="PASS" start="2024-07-19T04:19:55.457407" elapsed="0.079964"/>
</test>
<test id="s1-s1-t3" name="Validar estrutura de resposta" line="22">
<kw name="Teste de Estrutura de Resposta" owner="random-user-service">
<kw name="GET On Session" owner="RequestsLibrary">
<msg time="2024-07-19T04:19:55.630743" level="INFO">GET Request : url=https://randomuser.me/api 
 path_url=/api 
 headers={'User-Agent': 'python-requests/2.32.3', 'Accept-Encoding': 'gzip, deflate', 'Accept': '*/*', 'Connection': 'keep-alive'} 
 body=None 
 </msg>
<msg time="2024-07-19T04:19:55.630824" level="INFO">GET Response : url=https://randomuser.me/api 
 status=200, reason=OK 
 headers={'Date': 'Fri, 19 Jul 2024 04:19:55 GMT', 'Content-Type': 'application/json; charset=utf-8', 'Transfer-Encoding': 'chunked', 'Connection': 'keep-alive', 'X-Powered-By': 'Express', 'Access-Control-Allow-Origin': '*', 'Cache-Control': 'no-cache', 'ETag': 'W/"496-U2c8M/tWBlq/0dJHwC6kLFZy8tE"', 'Vary': 'Accept-Encoding', 'Content-Encoding': 'gzip', 'CF-Cache-Status': 'DYNAMIC', 'Report-To': '{"endpoints":[{"url":"https:\\/\\/a.nel.cloudflare.com\\/report\\/v4?s=AnP693Qy7mGDet7wXsMq6INiBT68rfByN1qn5xsFiIny7zKWAtIhXZ32W0JfjieHoRaP07Ib08DNEIG%2FA83rTNo9eEnQ0aOVelnUuSI8TAQ%2FS0E3wU31v3nxcNZ56dg6"}],"group":"cf-nel","max_age":604800}', 'NEL': '{"success_fraction":0,"report_to":"cf-nel","max_age":604800}', 'Server': 'cloudflare', 'CF-RAY': '8a57ea802ec3636f-ORD', 'alt-svc': 'h3=":443"; ma=86400'} 
 body={"results":[{"gender":"male","name":{"title":"Mr","first":"Owen","last":"Campbell"},"location":{"street":{"number":5605,"name":"Brock Rd"},"city":"Cornwall","state":"Saskatchewan","country":"Canada","postcode":"G5T 2F5","coordinates":{"latitude":"-69.0042","longitude":"-143.6186"},"timezone":{"offset":"-4:00","description":"Atlantic Time (Canada), Caracas, La Paz"}},"email":"owen.campbell@example.com","login":{"uuid":"c24833e6-16b3-4540-b473-1a6dad8576b8","username":"heavyelephant200","password":"dimples","salt":"gxQntqcC","md5":"957084b313e96ed801cdcc569039970c","sha1":"cf5eace883f5b409d05e575efab45584fe2bb642","sha256":"e6f8e38824f565e754ff0230a95e3f57b0a8c7f9de4a5048add9ec1f45ec6a89"},"dob":{"date":"1982-03-10T05:02:53.491Z","age":42},"registered":{"date":"2010-09-21T23:16:34.258Z","age":13},"phone":"R85 J44-7534","cell":"G50 J61-6844","id":{"name":"SIN","value":"028423838"},"picture":{"large":"https://randomuser.me/api/portraits/men/85.jpg","medium":"https://randomuser.me/api/portraits/med/men/85.jpg","thumbnail":"https://randomuser.me/api/portraits/thumb/men/85.jpg"},"nat":"CA"}],"info":{"seed":"4840d922aa505d8a","results":1,"page":1,"version":"1.4"}} 
 </msg>
<msg time="2024-07-19T04:19:55.630960" level="INFO">/opt/hostedtoolcache/Python/3.12.4/x64/lib/python3.12/site-packages/urllib3/connectionpool.py:1099: InsecureRequestWarning: Unverified HTTPS request is being made to host 'randomuser.me'. Adding certificate verification is strongly advised. See: https://urllib3.readthedocs.io/en/latest/advanced-usage.html#tls-warnings
  warnings.warn(</msg>
<msg time="2024-07-19T04:19:55.631084" level="INFO">${response} = &lt;Response [200]&gt;</msg>
<var>${response}</var>
<arg>consultarAPI</arg>
<arg>/api</arg>
<doc>Sends a GET request on a previously created HTTP Session.</doc>
<status status="PASS" start="2024-07-19T04:19:55.539993" elapsed="0.091138"/>
</kw>
<kw name="Set Variable" owner="BuiltIn">
<msg time="2024-07-19T04:19:55.632283" level="INFO">${json_data} = {'results': [{'gender': 'male', 'name': {'title': 'Mr', 'first': 'Owen', 'last': 'Campbell'}, 'location': {'street': {'number': 5605, 'name': 'Brock Rd'}, 'city': 'Cornwall', 'state': 'Saskatchewan', ...</msg>
<var>${json_data}</var>
<arg>${response.json()}</arg>
<doc>Returns the given values which can then be assigned to a variables.</doc>
<status status="PASS" start="2024-07-19T04:19:55.631694" elapsed="0.000617"/>
</kw>
<kw name="Log" owner="BuiltIn">
<msg time="2024-07-19T04:19:55.632784" level="INFO">{'results': [{'gender': 'male', 'name': {'title': 'Mr', 'first': 'Owen', 'last': 'Campbell'}, 'location': {'street': {'number': 5605, 'name': 'Brock Rd'}, 'city': 'Cornwall', 'state': 'Saskatchewan', 'country': 'Canada', 'postcode': 'G5T 2F5', 'coordinates': {'latitude': '-69.0042', 'longitude': '-143.6186'}, 'timezone': {'offset': '-4:00', 'description': 'Atlantic Time (Canada), Caracas, La Paz'}}, 'email': 'owen.campbell@example.com', 'login': {'uuid': 'c24833e6-16b3-4540-b473-1a6dad8576b8', 'username': 'heavyelephant200', 'password': 'dimples', 'salt': 'gxQntqcC', 'md5': '957084b313e96ed801cdcc569039970c', 'sha1': 'cf5eace883f5b409d05e575efab45584fe2bb642', 'sha256': 'e6f8e38824f565e754ff0230a95e3f57b0a8c7f9de4a5048add9ec1f45ec6a89'}, 'dob': {'date': '1982-03-10T05:02:53.491Z', 'age': 42}, 'registered': {'date': '2010-09-21T23:16:34.258Z', 'age': 13}, 'phone': 'R85 J44-7534', 'cell': 'G50 J61-6844', 'id': {'name': 'SIN', 'value': '028423838'}, 'picture': {'large': 'https://randomuser.me/api/portraits/men/85.jpg', 'medium': 'https://randomuser.me/api/portraits/med/men/85.jpg', 'thumbnail': 'https://randomuser.me/api/portraits/thumb/men/85.jpg'}, 'nat': 'CA'}], 'info': {'seed': '4840d922aa505d8a', 'results': 1, 'page': 1, 'version': '1.4'}}</msg>
<arg>${json_data}</arg>
<doc>Logs the given message with the given level.</doc>
<status status="PASS" start="2024-07-19T04:19:55.632620" elapsed="0.000213"/>
</kw>
<kw name="Dictionary Should Contain Key" owner="Collections">
<arg>${json_data}</arg>
<arg>results</arg>
<doc>Fails if ``key`` is not found from ``dictionary``.</doc>
<status status="PASS" start="2024-07-19T04:19:55.633124" elapsed="0.000160"/>
</kw>
<kw name="Should Not Be Empty" owner="BuiltIn">
<msg time="2024-07-19T04:19:55.633590" level="INFO">Length is 2.</msg>
<arg>${json_data}</arg>
<doc>Verifies that the given item is not empty.</doc>
<status status="PASS" start="2024-07-19T04:19:55.633465" elapsed="0.000162"/>
</kw>
<kw name="Create List" owner="BuiltIn">
<msg time="2024-07-19T04:19:55.634055" level="INFO">${expected_keys} = ['gender', 'name', 'location', 'email', 'login']</msg>
<var>${expected_keys}</var>
<arg>gender</arg>
<arg>name</arg>
<arg>location</arg>
<arg>email</arg>
<arg>login</arg>
<doc>Returns a list containing given items.</doc>
<status status="PASS" start="2024-07-19T04:19:55.633908" elapsed="0.000171"/>
</kw>
<for flavor="IN">
<iter>
<kw name="Dictionary Should Contain Key" owner="Collections">
<arg>${json_data['results'][0]}</arg>
<arg>${key}</arg>
<doc>Fails if ``key`` is not found from ``dictionary``.</doc>
<status status="PASS" start="2024-07-19T04:19:55.634655" elapsed="0.000448"/>
</kw>
<kw name="Log" owner="BuiltIn">
<msg time="2024-07-19T04:19:55.635645" level="INFO">{'gender': 'male', 'name': {'title': 'Mr', 'first': 'Owen', 'last': 'Campbell'}, 'location': {'street': {'number': 5605, 'name': 'Brock Rd'}, 'city': 'Cornwall', 'state': 'Saskatchewan', 'country': 'Canada', 'postcode': 'G5T 2F5', 'coordinates': {'latitude': '-69.0042', 'longitude': '-143.6186'}, 'timezone': {'offset': '-4:00', 'description': 'Atlantic Time (Canada), Caracas, La Paz'}}, 'email': 'owen.campbell@example.com', 'login': {'uuid': 'c24833e6-16b3-4540-b473-1a6dad8576b8', 'username': 'heavyelephant200', 'password': 'dimples', 'salt': 'gxQntqcC', 'md5': '957084b313e96ed801cdcc569039970c', 'sha1': 'cf5eace883f5b409d05e575efab45584fe2bb642', 'sha256': 'e6f8e38824f565e754ff0230a95e3f57b0a8c7f9de4a5048add9ec1f45ec6a89'}, 'dob': {'date': '1982-03-10T05:02:53.491Z', 'age': 42}, 'registered': {'date': '2010-09-21T23:16:34.258Z', 'age': 13}, 'phone': 'R85 J44-7534', 'cell': 'G50 J61-6844', 'id': {'name': 'SIN', 'value': '028423838'}, 'picture': {'large': 'https://randomuser.me/api/portraits/men/85.jpg', 'medium': 'https://randomuser.me/api/portraits/med/men/85.jpg', 'thumbnail': 'https://randomuser.me/api/portraits/thumb/men/85.jpg'}, 'nat': 'CA'}</msg>
<arg>${json_data['results'][0]}</arg>
<doc>Logs the given message with the given level.</doc>
<status status="PASS" start="2024-07-19T04:19:55.635293" elapsed="0.000399"/>
</kw>
<kw name="Log" owner="BuiltIn">
<msg time="2024-07-19T04:19:55.636120" level="INFO">gender</msg>
<arg>${key}</arg>
<doc>Logs the given message with the given level.</doc>
<status status="PASS" start="2024-07-19T04:19:55.635994" elapsed="0.000165"/>
</kw>
<var name="${key}">gender</var>
<status status="PASS" start="2024-07-19T04:19:55.634528" elapsed="0.001844"/>
</iter>
<iter>
<kw name="Dictionary Should Contain Key" owner="Collections">
<arg>${json_data['results'][0]}</arg>
<arg>${key}</arg>
<doc>Fails if ``key`` is not found from ``dictionary``.</doc>
<status status="PASS" start="2024-07-19T04:19:55.636665" elapsed="0.000386"/>
</kw>
<kw name="Log" owner="BuiltIn">
<msg time="2024-07-19T04:19:55.637587" level="INFO">{'gender': 'male', 'name': {'title': 'Mr', 'first': 'Owen', 'last': 'Campbell'}, 'location': {'street': {'number': 5605, 'name': 'Brock Rd'}, 'city': 'Cornwall', 'state': 'Saskatchewan', 'country': 'Canada', 'postcode': 'G5T 2F5', 'coordinates': {'latitude': '-69.0042', 'longitude': '-143.6186'}, 'timezone': {'offset': '-4:00', 'description': 'Atlantic Time (Canada), Caracas, La Paz'}}, 'email': 'owen.campbell@example.com', 'login': {'uuid': 'c24833e6-16b3-4540-b473-1a6dad8576b8', 'username': 'heavyelephant200', 'password': 'dimples', 'salt': 'gxQntqcC', 'md5': '957084b313e96ed801cdcc569039970c', 'sha1': 'cf5eace883f5b409d05e575efab45584fe2bb642', 'sha256': 'e6f8e38824f565e754ff0230a95e3f57b0a8c7f9de4a5048add9ec1f45ec6a89'}, 'dob': {'date': '1982-03-10T05:02:53.491Z', 'age': 42}, 'registered': {'date': '2010-09-21T23:16:34.258Z', 'age': 13}, 'phone': 'R85 J44-7534', 'cell': 'G50 J61-6844', 'id': {'name': 'SIN', 'value': '028423838'}, 'picture': {'large': 'https://randomuser.me/api/portraits/men/85.jpg', 'medium': 'https://randomuser.me/api/portraits/med/men/85.jpg', 'thumbnail': 'https://randomuser.me/api/portraits/thumb/men/85.jpg'}, 'nat': 'CA'}</msg>
<arg>${json_data['results'][0]}</arg>
<doc>Logs the given message with the given level.</doc>
<status status="PASS" start="2024-07-19T04:19:55.637231" elapsed="0.000436"/>
</kw>
<kw name="Log" owner="BuiltIn">
<msg time="2024-07-19T04:19:55.638087" level="INFO">name</msg>
<arg>${key}</arg>
<doc>Logs the given message with the given level.</doc>
<status status="PASS" start="2024-07-19T04:19:55.637961" elapsed="0.000164"/>
</kw>
<var name="${key}">name</var>
<status status="PASS" start="2024-07-19T04:19:55.636553" elapsed="0.001786"/>
</iter>
<iter>
<kw name="Dictionary Should Contain Key" owner="Collections">
<arg>${json_data['results'][0]}</arg>
<arg>${key}</arg>
<doc>Fails if ``key`` is not found from ``dictionary``.</doc>
<status status="PASS" start="2024-07-19T04:19:55.638622" elapsed="0.000396"/>
</kw>
<kw name="Log" owner="BuiltIn">
<msg time="2024-07-19T04:19:55.639560" level="INFO">{'gender': 'male', 'name': {'title': 'Mr', 'first': 'Owen', 'last': 'Campbell'}, 'location': {'street': {'number': 5605, 'name': 'Brock Rd'}, 'city': 'Cornwall', 'state': 'Saskatchewan', 'country': 'Canada', 'postcode': 'G5T 2F5', 'coordinates': {'latitude': '-69.0042', 'longitude': '-143.6186'}, 'timezone': {'offset': '-4:00', 'description': 'Atlantic Time (Canada), Caracas, La Paz'}}, 'email': 'owen.campbell@example.com', 'login': {'uuid': 'c24833e6-16b3-4540-b473-1a6dad8576b8', 'username': 'heavyelephant200', 'password': 'dimples', 'salt': 'gxQntqcC', 'md5': '957084b313e96ed801cdcc569039970c', 'sha1': 'cf5eace883f5b409d05e575efab45584fe2bb642', 'sha256': 'e6f8e38824f565e754ff0230a95e3f57b0a8c7f9de4a5048add9ec1f45ec6a89'}, 'dob': {'date': '1982-03-10T05:02:53.491Z', 'age': 42}, 'registered': {'date': '2010-09-21T23:16:34.258Z', 'age': 13}, 'phone': 'R85 J44-7534', 'cell': 'G50 J61-6844', 'id': {'name': 'SIN', 'value': '028423838'}, 'picture': {'large': 'https://randomuser.me/api/portraits/men/85.jpg', 'medium': 'https://randomuser.me/api/portraits/med/men/85.jpg', 'thumbnail': 'https://randomuser.me/api/portraits/thumb/men/85.jpg'}, 'nat': 'CA'}</msg>
<arg>${json_data['results'][0]}</arg>
<doc>Logs the given message with the given level.</doc>
<status status="PASS" start="2024-07-19T04:19:55.639210" elapsed="0.000398"/>
</kw>
<kw name="Log" owner="BuiltIn">
<msg time="2024-07-19T04:19:55.640024" level="INFO">location</msg>
<arg>${key}</arg>
<doc>Logs the given message with the given level.</doc>
<status status="PASS" start="2024-07-19T04:19:55.639899" elapsed="0.000163"/>
</kw>
<var name="${key}">location</var>
<status status="PASS" start="2024-07-19T04:19:55.638515" elapsed="0.001758"/>
</iter>
<iter>
<kw name="Dictionary Should Contain Key" owner="Collections">
<arg>${json_data['results'][0]}</arg>
<arg>${key}</arg>
<doc>Fails if ``key`` is not found from ``dictionary``.</doc>
<status status="PASS" start="2024-07-19T04:19:55.640551" elapsed="0.000373"/>
</kw>
<kw name="Log" owner="BuiltIn">
<msg time="2024-07-19T04:19:55.641580" level="INFO">{'gender': 'male', 'name': {'title': 'Mr', 'first': 'Owen', 'last': 'Campbell'}, 'location': {'street': {'number': 5605, 'name': 'Brock Rd'}, 'city': 'Cornwall', 'state': 'Saskatchewan', 'country': 'Canada', 'postcode': 'G5T 2F5', 'coordinates': {'latitude': '-69.0042', 'longitude': '-143.6186'}, 'timezone': {'offset': '-4:00', 'description': 'Atlantic Time (Canada), Caracas, La Paz'}}, 'email': 'owen.campbell@example.com', 'login': {'uuid': 'c24833e6-16b3-4540-b473-1a6dad8576b8', 'username': 'heavyelephant200', 'password': 'dimples', 'salt': 'gxQntqcC', 'md5': '957084b313e96ed801cdcc569039970c', 'sha1': 'cf5eace883f5b409d05e575efab45584fe2bb642', 'sha256': 'e6f8e38824f565e754ff0230a95e3f57b0a8c7f9de4a5048add9ec1f45ec6a89'}, 'dob': {'date': '1982-03-10T05:02:53.491Z', 'age': 42}, 'registered': {'date': '2010-09-21T23:16:34.258Z', 'age': 13}, 'phone': 'R85 J44-7534', 'cell': 'G50 J61-6844', 'id': {'name': 'SIN', 'value': '028423838'}, 'picture': {'large': 'https://randomuser.me/api/portraits/men/85.jpg', 'medium': 'https://randomuser.me/api/portraits/med/men/85.jpg', 'thumbnail': 'https://randomuser.me/api/portraits/thumb/men/85.jpg'}, 'nat': 'CA'}</msg>
<arg>${json_data['results'][0]}</arg>
<doc>Logs the given message with the given level.</doc>
<status status="PASS" start="2024-07-19T04:19:55.641228" elapsed="0.000402"/>
</kw>
<kw name="Log" owner="BuiltIn">
<msg time="2024-07-19T04:19:55.642050" level="INFO">email</msg>
<arg>${key}</arg>
<doc>Logs the given message with the given level.</doc>
<status status="PASS" start="2024-07-19T04:19:55.641924" elapsed="0.000164"/>
</kw>
<var name="${key}">email</var>
<status status="PASS" start="2024-07-19T04:19:55.640443" elapsed="0.001857"/>
</iter>
<iter>
<kw name="Dictionary Should Contain Key" owner="Collections">
<arg>${json_data['results'][0]}</arg>
<arg>${key}</arg>
<doc>Fails if ``key`` is not found from ``dictionary``.</doc>
<status status="PASS" start="2024-07-19T04:19:55.642580" elapsed="0.000409"/>
</kw>
<kw name="Log" owner="BuiltIn">
<msg time="2024-07-19T04:19:55.643523" level="INFO">{'gender': 'male', 'name': {'title': 'Mr', 'first': 'Owen', 'last': 'Campbell'}, 'location': {'street': {'number': 5605, 'name': 'Brock Rd'}, 'city': 'Cornwall', 'state': 'Saskatchewan', 'country': 'Canada', 'postcode': 'G5T 2F5', 'coordinates': {'latitude': '-69.0042', 'longitude': '-143.6186'}, 'timezone': {'offset': '-4:00', 'description': 'Atlantic Time (Canada), Caracas, La Paz'}}, 'email': 'owen.campbell@example.com', 'login': {'uuid': 'c24833e6-16b3-4540-b473-1a6dad8576b8', 'username': 'heavyelephant200', 'password': 'dimples', 'salt': 'gxQntqcC', 'md5': '957084b313e96ed801cdcc569039970c', 'sha1': 'cf5eace883f5b409d05e575efab45584fe2bb642', 'sha256': 'e6f8e38824f565e754ff0230a95e3f57b0a8c7f9de4a5048add9ec1f45ec6a89'}, 'dob': {'date': '1982-03-10T05:02:53.491Z', 'age': 42}, 'registered': {'date': '2010-09-21T23:16:34.258Z', 'age': 13}, 'phone': 'R85 J44-7534', 'cell': 'G50 J61-6844', 'id': {'name': 'SIN', 'value': '028423838'}, 'picture': {'large': 'https://randomuser.me/api/portraits/men/85.jpg', 'medium': 'https://randomuser.me/api/portraits/med/men/85.jpg', 'thumbnail': 'https://randomuser.me/api/portraits/thumb/men/85.jpg'}, 'nat': 'CA'}</msg>
<arg>${json_data['results'][0]}</arg>
<doc>Logs the given message with the given level.</doc>
<status status="PASS" start="2024-07-19T04:19:55.643177" elapsed="0.000393"/>
</kw>
<kw name="Log" owner="BuiltIn">
<msg time="2024-07-19T04:19:55.643989" level="INFO">login</msg>
<arg>${key}</arg>
<doc>Logs the given message with the given level.</doc>
<status status="PASS" start="2024-07-19T04:19:55.643865" elapsed="0.000161"/>
</kw>
<var name="${key}">login</var>
<status status="PASS" start="2024-07-19T04:19:55.642472" elapsed="0.001769"/>
</iter>
<var>${key}</var>
<value>@{expected_keys}</value>
<status status="PASS" start="2024-07-19T04:19:55.634336" elapsed="0.010023"/>
</for>
<kw name="Create List" owner="BuiltIn">
<msg time="2024-07-19T04:19:55.644727" level="INFO">${expected_keysTwo} = ['username', 'password']</msg>
<var>${expected_keysTwo}</var>
<arg>username</arg>
<arg>password</arg>
<doc>Returns a list containing given items.</doc>
<status status="PASS" start="2024-07-19T04:19:55.644590" elapsed="0.000190"/>
</kw>
<for flavor="IN">
<iter>
<kw name="Dictionary Should Contain Key" owner="Collections">
<arg>${json_data['results'][0]['login']}</arg>
<arg>${keyTwo}</arg>
<doc>Fails if ``key`` is not found from ``dictionary``.</doc>
<status status="PASS" start="2024-07-19T04:19:55.645281" elapsed="0.000383"/>
</kw>
<kw name="Dictionary Should Contain Key" owner="Collections">
<arg>${json_data['results'][0]['login']}</arg>
<arg>${keyTwo}</arg>
<doc>Fails if ``key`` is not found from ``dictionary``.</doc>
<status status="PASS" start="2024-07-19T04:19:55.645845" elapsed="0.000371"/>
</kw>
<kw name="Log" owner="BuiltIn">
<msg time="2024-07-19T04:19:55.646508" level="INFO">username</msg>
<arg>${keyTwo}</arg>
<doc>Logs the given message with the given level.</doc>
<status status="PASS" start="2024-07-19T04:19:55.646392" elapsed="0.000152"/>
</kw>
<var name="${keyTwo}">username</var>
<status status="PASS" start="2024-07-19T04:19:55.645173" elapsed="0.001588"/>
</iter>
<iter>
<kw name="Dictionary Should Contain Key" owner="Collections">
<arg>${json_data['results'][0]['login']}</arg>
<arg>${keyTwo}</arg>
<doc>Fails if ``key`` is not found from ``dictionary``.</doc>
<status status="PASS" start="2024-07-19T04:19:55.647070" elapsed="0.000377"/>
</kw>
<kw name="Dictionary Should Contain Key" owner="Collections">
<arg>${json_data['results'][0]['login']}</arg>
<arg>${keyTwo}</arg>
<doc>Fails if ``key`` is not found from ``dictionary``.</doc>
<status status="PASS" start="2024-07-19T04:19:55.647624" elapsed="0.000360"/>
</kw>
<kw name="Log" owner="BuiltIn">
<msg time="2024-07-19T04:19:55.648279" level="INFO">password</msg>
<arg>${keyTwo}</arg>
<doc>Logs the given message with the given level.</doc>
<status status="PASS" start="2024-07-19T04:19:55.648157" elapsed="0.000159"/>
</kw>
<var name="${keyTwo}">password</var>
<status status="PASS" start="2024-07-19T04:19:55.646957" elapsed="0.001576"/>
</iter>
<var>${keyTwo}</var>
<value>@{expected_keysTwo}</value>
<status status="PASS" start="2024-07-19T04:19:55.645023" elapsed="0.003627"/>
</for>
<status status="PASS" start="2024-07-19T04:19:55.539764" elapsed="0.109024"/>
</kw>
<doc>Testa a estrutura da resposta da API.</doc>
<tag>testeEstruturaResposta</tag>
<status status="PASS" start="2024-07-19T04:19:55.539207" elapsed="0.109731"/>
</test>
<test id="s1-s1-t4" name="Validar tipos de dados" line="28">
<kw name="Teste de Tipos de Dados" owner="random-user-service">
<kw name="GET On Session" owner="RequestsLibrary">
<msg time="2024-07-19T04:19:55.732829" level="INFO">GET Request : url=https://randomuser.me/api 
 path_url=/api 
 headers={'User-Agent': 'python-requests/2.32.3', 'Accept-Encoding': 'gzip, deflate', 'Accept': '*/*', 'Connection': 'keep-alive'} 
 body=None 
 </msg>
<msg time="2024-07-19T04:19:55.732931" level="INFO">GET Response : url=https://randomuser.me/api 
 status=200, reason=OK 
 headers={'Date': 'Fri, 19 Jul 2024 04:19:55 GMT', 'Content-Type': 'application/json; charset=utf-8', 'Transfer-Encoding': 'chunked', 'Connection': 'keep-alive', 'X-Powered-By': 'Express', 'Access-Control-Allow-Origin': '*', 'Cache-Control': 'no-cache', 'ETag': 'W/"490-I7u2AzoGi4ElwW3ig6oZHRoz8U8"', 'Vary': 'Accept-Encoding', 'Content-Encoding': 'gzip', 'CF-Cache-Status': 'DYNAMIC', 'Report-To': '{"endpoints":[{"url":"https:\\/\\/a.nel.cloudflare.com\\/report\\/v4?s=lS%2Fmiuzk4rBDmttxJGI6r4ACYiJiTa6t6ENWvDf0whtzAO%2BuTkDwVd8%2FM0O11v2%2BCOgA5O79X3eEgR%2F7qOwiUujS1tFM%2BKOUdGGHZdm5xUcQn2gskKM%2Fhr1uxch5qASR"}],"group":"cf-nel","max_age":604800}', 'NEL': '{"success_fraction":0,"report_to":"cf-nel","max_age":604800}', 'Server': 'cloudflare', 'CF-RAY': '8a57ea80df31636f-ORD', 'alt-svc': 'h3=":443"; ma=86400'} 
 body={"results":[{"gender":"female","name":{"title":"Ms","first":"Sophia","last":"Miller"},"location":{"street":{"number":4041,"name":"Tecumseh Rd"},"city":"Chelsea","state":"Québec","country":"Canada","postcode":"P1L 2Y1","coordinates":{"latitude":"-65.0383","longitude":"162.5872"},"timezone":{"offset":"-3:00","description":"Brazil, Buenos Aires, Georgetown"}},"email":"sophia.miller@example.com","login":{"uuid":"fac56e2d-e07b-4621-9c94-f351d7dc7293","username":"crazywolf293","password":"mandrake","salt":"dBSykftV","md5":"542d0d0529220214855c198458d5b5f6","sha1":"4203f46eb011f9a5dfd51fcb944d325bd114496d","sha256":"0907535ff4fa66873a0216d0dddd49e90856661a80b6fda0b8b7740e304b2eb1"},"dob":{"date":"1965-09-18T07:26:06.656Z","age":58},"registered":{"date":"2004-07-13T22:35:26.472Z","age":20},"phone":"M87 M15-2341","cell":"E47 X33-9329","id":{"name":"SIN","value":"881667356"},"picture":{"large":"https://randomuser.me/api/portraits/women/81.jpg","medium":"https://randomuser.me/api/portraits/med/women/81.jpg","thumbnail":"https://randomuser.me/api/portraits/thumb/women/81.jpg"},"nat":"CA"}],"info":{"seed":"808fc7cd1d229498","results":1,"page":1,"version":"1.4"}} 
 </msg>
<msg time="2024-07-19T04:19:55.733037" level="INFO">/opt/hostedtoolcache/Python/3.12.4/x64/lib/python3.12/site-packages/urllib3/connectionpool.py:1099: InsecureRequestWarning: Unverified HTTPS request is being made to host 'randomuser.me'. Adding certificate verification is strongly advised. See: https://urllib3.readthedocs.io/en/latest/advanced-usage.html#tls-warnings
  warnings.warn(</msg>
<msg time="2024-07-19T04:19:55.733166" level="INFO">${response} = &lt;Response [200]&gt;</msg>
<var>${response}</var>
<arg>consultarAPI</arg>
<arg>/api</arg>
<doc>Sends a GET request on a previously created HTTP Session.</doc>
<status status="PASS" start="2024-07-19T04:19:55.651398" elapsed="0.081809"/>
</kw>
<kw name="Set Variable" owner="BuiltIn">
<msg time="2024-07-19T04:19:55.734386" level="INFO">${json_data} = {'results': [{'gender': 'female', 'name': {'title': 'Ms', 'first': 'Sophia', 'last': 'Miller'}, 'location': {'street': {'number': 4041, 'name': 'Tecumseh Rd'}, 'city': 'Chelsea', 'state': 'Québec', 'c...</msg>
<var>${json_data}</var>
<arg>${response.json()}</arg>
<doc>Returns the given values which can then be assigned to a variables.</doc>
<status status="PASS" start="2024-07-19T04:19:55.733679" elapsed="0.000754"/>
</kw>
<kw name="Log" owner="BuiltIn">
<msg time="2024-07-19T04:19:55.735171" level="INFO">{'results': [{'gender': 'female', 'name': {'title': 'Ms', 'first': 'Sophia', 'last': 'Miller'}, 'location': {'street': {'number': 4041, 'name': 'Tecumseh Rd'}, 'city': 'Chelsea', 'state': 'Québec', 'country': 'Canada', 'postcode': 'P1L 2Y1', 'coordinates': {'latitude': '-65.0383', 'longitude': '162.5872'}, 'timezone': {'offset': '-3:00', 'description': 'Brazil, Buenos Aires, Georgetown'}}, 'email': 'sophia.miller@example.com', 'login': {'uuid': 'fac56e2d-e07b-4621-9c94-f351d7dc7293', 'username': 'crazywolf293', 'password': 'mandrake', 'salt': 'dBSykftV', 'md5': '542d0d0529220214855c198458d5b5f6', 'sha1': '4203f46eb011f9a5dfd51fcb944d325bd114496d', 'sha256': '0907535ff4fa66873a0216d0dddd49e90856661a80b6fda0b8b7740e304b2eb1'}, 'dob': {'date': '1965-09-18T07:26:06.656Z', 'age': 58}, 'registered': {'date': '2004-07-13T22:35:26.472Z', 'age': 20}, 'phone': 'M87 M15-2341', 'cell': 'E47 X33-9329', 'id': {'name': 'SIN', 'value': '881667356'}, 'picture': {'large': 'https://randomuser.me/api/portraits/women/81.jpg', 'medium': 'https://randomuser.me/api/portraits/med/women/81.jpg', 'thumbnail': 'https://randomuser.me/api/portraits/thumb/women/81.jpg'}, 'nat': 'CA'}], 'info': {'seed': '808fc7cd1d229498', 'results': 1, 'page': 1, 'version': '1.4'}}</msg>
<arg>${json_data}</arg>
<doc>Logs the given message with the given level.</doc>
<status status="PASS" start="2024-07-19T04:19:55.734922" elapsed="0.000340"/>
</kw>
<kw name="Should Be String" owner="String">
<arg>${json_data['results'][0]['gender']}</arg>
<doc>Fails if the given ``item`` is not a string.</doc>
<status status="PASS" start="2024-07-19T04:19:55.735746" elapsed="0.000629"/>
</kw>
<kw name="Should Match Regexp" owner="BuiltIn">
<arg>${json_data['results'][0]['email']}</arg>
<arg>^[a-zA-Z0-9._%+-]+@[a-zA-Z0-9.-]+\.[a-zA-Z]{2,}$</arg>
<doc>Fails if ``string`` does not match ``pattern`` as a regular expression.</doc>
<status status="PASS" start="2024-07-19T04:19:55.736678" elapsed="0.000827"/>
</kw>
<kw name="Should Match Regexp" owner="BuiltIn">
<arg>${json_data['results'][0]['dob']['date']}</arg>
<arg>\\d{4}-\\d{2}-\\d{2}T\\d{2}:\\d{2}:\\d{2}\\.\\d{3}Z</arg>
<doc>Fails if ``string`` does not match ``pattern`` as a regular expression.</doc>
<status status="PASS" start="2024-07-19T04:19:55.737789" elapsed="0.000903"/>
</kw>
<kw name="Should Match Regexp" owner="BuiltIn">
<arg>${json_data['results'][0]['registered']['date']}</arg>
<arg>\\d{4}-\\d{2}-\\d{2}T\\d{2}:\\d{2}:\\d{2}\\.\\d{3}Z</arg>
<doc>Fails if ``string`` does not match ``pattern`` as a regular expression.</doc>
<status status="PASS" start="2024-07-19T04:19:55.739027" elapsed="0.000573"/>
</kw>
<kw name="Should Match Regexp" owner="BuiltIn">
<arg>${json_data['results'][0]['picture']['large']}</arg>
<arg>^https?://.*\.(?:png|jpe?g|gif|bmp)$</arg>
<doc>Fails if ``string`` does not match ``pattern`` as a regular expression.</doc>
<status status="PASS" start="2024-07-19T04:19:55.739880" elapsed="0.000715"/>
</kw>
<kw name="Should Match Regexp" owner="BuiltIn">
<arg>${json_data['results'][0]['picture']['medium']}</arg>
<arg>^https?://.*\.(?:png|jpe?g|gif|bmp)$</arg>
<doc>Fails if ``string`` does not match ``pattern`` as a regular expression.</doc>
<status status="PASS" start="2024-07-19T04:19:55.740883" elapsed="0.000554"/>
</kw>
<kw name="Should Match Regexp" owner="BuiltIn">
<arg>${json_data['results'][0]['picture']['thumbnail']}</arg>
<arg>^https?://.*\.(?:png|jpe?g|gif|bmp)$</arg>
<doc>Fails if ``string`` does not match ``pattern`` as a regular expression.</doc>
<status status="PASS" start="2024-07-19T04:19:55.741731" elapsed="0.000566"/>
</kw>
<kw name="Log" owner="BuiltIn">
<msg time="2024-07-19T04:19:55.743132" level="INFO">{'large': 'https://randomuser.me/api/portraits/women/81.jpg', 'medium': 'https://randomuser.me/api/portraits/med/women/81.jpg', 'thumbnail': 'https://randomuser.me/api/portraits/thumb/women/81.jpg'}</msg>
<arg>${json_data['results'][0]['picture']}</arg>
<doc>Logs the given message with the given level.</doc>
<status status="PASS" start="2024-07-19T04:19:55.742571" elapsed="0.000630"/>
</kw>
<status status="PASS" start="2024-07-19T04:19:55.651178" elapsed="0.092394"/>
</kw>
<kw name="Teste de Tipos de Dados - Postcode" owner="random-user-service">
<kw name="GET On Session" owner="RequestsLibrary">
<msg time="2024-07-19T04:19:55.827469" level="INFO">GET Request : url=https://randomuser.me/api 
 path_url=/api 
 headers={'User-Agent': 'python-requests/2.32.3', 'Accept-Encoding': 'gzip, deflate', 'Accept': '*/*', 'Connection': 'keep-alive'} 
 body=None 
 </msg>
<msg time="2024-07-19T04:19:55.827560" level="INFO">GET Response : url=https://randomuser.me/api 
 status=200, reason=OK 
 headers={'Date': 'Fri, 19 Jul 2024 04:19:55 GMT', 'Content-Type': 'application/json; charset=utf-8', 'Transfer-Encoding': 'chunked', 'Connection': 'keep-alive', 'X-Powered-By': 'Express', 'Access-Control-Allow-Origin': '*', 'Cache-Control': 'no-cache', 'ETag': 'W/"49a-C0ng9o1jTmJGDzthFkm4x5lpoEQ"', 'Vary': 'Accept-Encoding', 'Content-Encoding': 'gzip', 'CF-Cache-Status': 'DYNAMIC', 'Report-To': '{"endpoints":[{"url":"https:\\/\\/a.nel.cloudflare.com\\/report\\/v4?s=tX74ccZo7I9%2FwWevb%2B3XM2fxg1YHjK6whE7Y%2B5dMpIy4EDwedPFN4VAi9LyGQThv2rhBck7bBuzO5Qy8CPVKhVkqEG6QVLpB7gdfEljBH%2Bv6cOivHjuqBY5npZ5ZuPov"}],"group":"cf-nel","max_age":604800}', 'NEL': '{"success_fraction":0,"report_to":"cf-nel","max_age":604800}', 'Server': 'cloudflare', 'CF-RAY': '8a57ea817f9a636f-ORD', 'alt-svc': 'h3=":443"; ma=86400'} 
 body={"results":[{"gender":"female","name":{"title":"Miss","first":"Beatriz","last":"Llamas"},"location":{"street":{"number":2620,"name":"Pasaje Ruelas"},"city":"Bochil","state":"Guerrero","country":"Mexico","postcode":61263,"coordinates":{"latitude":"25.0202","longitude":"52.9594"},"timezone":{"offset":"+4:00","description":"Abu Dhabi, Muscat, Baku, Tbilisi"}},"email":"beatriz.llamas@example.com","login":{"uuid":"271a4a16-9605-4b83-8858-509dd88f70ee","username":"orangegoose100","password":"estelle","salt":"AbwTFpbG","md5":"3646b3ac5165e5cab76d6ae54a3f97d4","sha1":"eb576c3472b38cf41d9071b488d36e0a3b5994ea","sha256":"f27464513fb0c68110ab3e9fa235a38975024dc70b394bb540ab58126a309f0a"},"dob":{"date":"1979-01-01T21:08:28.577Z","age":45},"registered":{"date":"2019-09-26T12:46:04.362Z","age":4},"phone":"(655) 940 8841","cell":"(692) 277 0466","id":{"name":"NSS","value":"74 58 53 8287 7"},"picture":{"large":"https://randomuser.me/api/portraits/women/79.jpg","medium":"https://randomuser.me/api/portraits/med/women/79.jpg","thumbnail":"https://randomuser.me/api/portraits/thumb/women/79.jpg"},"nat":"MX"}],"info":{"seed":"113348cd14ae8e32","results":1,"page":1,"version":"1.4"}} 
 </msg>
<msg time="2024-07-19T04:19:55.827643" level="INFO">/opt/hostedtoolcache/Python/3.12.4/x64/lib/python3.12/site-packages/urllib3/connectionpool.py:1099: InsecureRequestWarning: Unverified HTTPS request is being made to host 'randomuser.me'. Adding certificate verification is strongly advised. See: https://urllib3.readthedocs.io/en/latest/advanced-usage.html#tls-warnings
  warnings.warn(</msg>
<msg time="2024-07-19T04:19:55.827762" level="INFO">${response} = &lt;Response [200]&gt;</msg>
<var>${response}</var>
<arg>consultarAPI</arg>
<arg>/api</arg>
<doc>Sends a GET request on a previously created HTTP Session.</doc>
<status status="PASS" start="2024-07-19T04:19:55.744246" elapsed="0.083552"/>
</kw>
<kw name="Set Variable" owner="BuiltIn">
<msg time="2024-07-19T04:19:55.828774" level="INFO">${json_data} = {'results': [{'gender': 'female', 'name': {'title': 'Miss', 'first': 'Beatriz', 'last': 'Llamas'}, 'location': {'street': {'number': 2620, 'name': 'Pasaje Ruelas'}, 'city': 'Bochil', 'state': 'Guerrer...</msg>
<var>${json_data}</var>
<arg>${response.json()}</arg>
<doc>Returns the given values which can then be assigned to a variables.</doc>
<status status="PASS" start="2024-07-19T04:19:55.828267" elapsed="0.000537"/>
</kw>
<kw name="Log" owner="BuiltIn">
<msg time="2024-07-19T04:19:55.829283" level="INFO">{'results': [{'gender': 'female', 'name': {'title': 'Miss', 'first': 'Beatriz', 'last': 'Llamas'}, 'location': {'street': {'number': 2620, 'name': 'Pasaje Ruelas'}, 'city': 'Bochil', 'state': 'Guerrero', 'country': 'Mexico', 'postcode': 61263, 'coordinates': {'latitude': '25.0202', 'longitude': '52.9594'}, 'timezone': {'offset': '+4:00', 'description': 'Abu Dhabi, Muscat, Baku, Tbilisi'}}, 'email': 'beatriz.llamas@example.com', 'login': {'uuid': '271a4a16-9605-4b83-8858-509dd88f70ee', 'username': 'orangegoose100', 'password': 'estelle', 'salt': 'AbwTFpbG', 'md5': '3646b3ac5165e5cab76d6ae54a3f97d4', 'sha1': 'eb576c3472b38cf41d9071b488d36e0a3b5994ea', 'sha256': 'f27464513fb0c68110ab3e9fa235a38975024dc70b394bb540ab58126a309f0a'}, 'dob': {'date': '1979-01-01T21:08:28.577Z', 'age': 45}, 'registered': {'date': '2019-09-26T12:46:04.362Z', 'age': 4}, 'phone': '(655) 940 8841', 'cell': '(692) 277 0466', 'id': {'name': 'NSS', 'value': '74 58 53 8287 7'}, 'picture': {'large': 'https://randomuser.me/api/portraits/women/79.jpg', 'medium': 'https://randomuser.me/api/portraits/med/women/79.jpg', 'thumbnail': 'https://randomuser.me/api/portraits/thumb/women/79.jpg'}, 'nat': 'MX'}], 'info': {'seed': '113348cd14ae8e32', 'results': 1, 'page': 1, 'version': '1.4'}}</msg>
<arg>${json_data}</arg>
<doc>Logs the given message with the given level.</doc>
<status status="PASS" start="2024-07-19T04:19:55.829125" elapsed="0.000207"/>
</kw>
<kw name="Should Be Equal As Numbers" owner="BuiltIn">
<arg>${json_data['results'][0]['location']['postcode']}</arg>
<arg>${json_data['results'][0]['location']['postcode']}</arg>
<doc>Fails if objects are unequal after converting them to real numbers.</doc>
<status status="PASS" start="2024-07-19T04:19:55.829631" elapsed="0.000630"/>
</kw>
<kw name="Log" owner="BuiltIn">
<msg time="2024-07-19T04:19:55.830802" level="INFO">61263</msg>
<arg>${json_data['results'][0]['location']['postcode']}</arg>
<doc>Logs the given message with the given level.</doc>
<status status="PASS" start="2024-07-19T04:19:55.830460" elapsed="0.000447"/>
</kw>
<status status="PASS" start="2024-07-19T04:19:55.743877" elapsed="0.087299"/>
</kw>
<doc>Testa se os tipos de dados na resposta da API estão corretos.</doc>
<tag>testeTiposDados</tag>
<status status="PASS" start="2024-07-19T04:19:55.650706" elapsed="0.180641"/>
</test>
<test id="s1-s1-t5" name="Validar conteudo" line="35">
<kw name="Teste de Tipos de Conteudo" owner="random-user-service">
<kw name="GET On Session" owner="RequestsLibrary">
<msg time="2024-07-19T04:19:55.929247" level="INFO">GET Request : url=https://randomuser.me/api 
 path_url=/api 
 headers={'User-Agent': 'python-requests/2.32.3', 'Accept-Encoding': 'gzip, deflate', 'Accept': '*/*', 'Connection': 'keep-alive'} 
 body=None 
 </msg>
<msg time="2024-07-19T04:19:55.929312" level="INFO">GET Response : url=https://randomuser.me/api 
 status=200, reason=OK 
 headers={'Date': 'Fri, 19 Jul 2024 04:19:55 GMT', 'Content-Type': 'application/json; charset=utf-8', 'Transfer-Encoding': 'chunked', 'Connection': 'keep-alive', 'X-Powered-By': 'Express', 'Access-Control-Allow-Origin': '*', 'Cache-Control': 'no-cache', 'ETag': 'W/"47e-Ffxrt3fvso/pqoE9CKei25oAkEM"', 'Vary': 'Accept-Encoding', 'Content-Encoding': 'gzip', 'CF-Cache-Status': 'DYNAMIC', 'Report-To': '{"endpoints":[{"url":"https:\\/\\/a.nel.cloudflare.com\\/report\\/v4?s=dUMP%2FmSoDP%2Bp3vvuFo47nFP%2FEIcBwFSawkk%2FBoEnfiZQZgUrA8q2Gu0AmKnOxiecIxI2I8sfzksM%2BsPMzkPmiBe2arwfFVTjsDv1hcvaZcsLneFatzwNXgMappWUfPcs"}],"group":"cf-nel","max_age":604800}', 'NEL': '{"success_fraction":0,"report_to":"cf-nel","max_age":604800}', 'Server': 'cloudflare', 'CF-RAY': '8a57ea820806636f-ORD', 'alt-svc': 'h3=":443"; ma=86400'} 
 body={"results":[{"gender":"male","name":{"title":"Mr","first":"Terry","last":"Little"},"location":{"street":{"number":711,"name":"Pockrus Page Rd"},"city":"Gladstone","state":"Victoria","country":"Australia","postcode":3060,"coordinates":{"latitude":"-82.7308","longitude":"-18.8442"},"timezone":{"offset":"+6:00","description":"Almaty, Dhaka, Colombo"}},"email":"terry.little@example.com","login":{"uuid":"e8c1a6c4-bdc5-434d-a65e-15515caa0dc6","username":"goldenwolf173","password":"goats","salt":"U1XtmqYO","md5":"b7dce182ccd5bac8850852988d4ca9ef","sha1":"c9ca7ba1d8c0fcf54c37a7023c7787469482f0d9","sha256":"18f530f500b18d863f63134a1781f661e4226764fa54a4af606331df1dccd171"},"dob":{"date":"1965-09-08T09:56:45.154Z","age":58},"registered":{"date":"2009-09-15T05:05:04.297Z","age":14},"phone":"03-8660-8744","cell":"0403-860-547","id":{"name":"TFN","value":"870975949"},"picture":{"large":"https://randomuser.me/api/portraits/men/10.jpg","medium":"https://randomuser.me/api/portraits/med/men/10.jpg","thumbnail":"https://randomuser.me/api/portraits/thumb/men/10.jpg"},"nat":"AU"}],"info":{"seed":"ae7a78a8557b9a2d","results":1,"page":1,"version":"1.4"}} 
 </msg>
<msg time="2024-07-19T04:19:55.929375" level="INFO">/opt/hostedtoolcache/Python/3.12.4/x64/lib/python3.12/site-packages/urllib3/connectionpool.py:1099: InsecureRequestWarning: Unverified HTTPS request is being made to host 'randomuser.me'. Adding certificate verification is strongly advised. See: https://urllib3.readthedocs.io/en/latest/advanced-usage.html#tls-warnings
  warnings.warn(</msg>
<msg time="2024-07-19T04:19:55.929463" level="INFO">${response} = &lt;Response [200]&gt;</msg>
<var>${response}</var>
<arg>consultarAPI</arg>
<arg>/api</arg>
<doc>Sends a GET request on a previously created HTTP Session.</doc>
<status status="PASS" start="2024-07-19T04:19:55.833955" elapsed="0.095548"/>
</kw>
<kw name="Set Variable" owner="BuiltIn">
<msg time="2024-07-19T04:19:55.930649" level="INFO">${json_data} = {'results': [{'gender': 'male', 'name': {'title': 'Mr', 'first': 'Terry', 'last': 'Little'}, 'location': {'street': {'number': 711, 'name': 'Pockrus Page Rd'}, 'city': 'Gladstone', 'state': 'Victoria'...</msg>
<var>${json_data}</var>
<arg>${response.json()}</arg>
<doc>Returns the given values which can then be assigned to a variables.</doc>
<status status="PASS" start="2024-07-19T04:19:55.930019" elapsed="0.000660"/>
</kw>
<kw name="Set Variable" owner="BuiltIn">
<msg time="2024-07-19T04:19:55.931411" level="INFO">${name_title} = Mr</msg>
<var>${name_title}</var>
<arg>${json_data["results"][0]["name"]["title"]}</arg>
<doc>Returns the given values which can then be assigned to a variables.</doc>
<status status="PASS" start="2024-07-19T04:19:55.931016" elapsed="0.000421"/>
</kw>
<kw name="Create List" owner="BuiltIn">
<msg time="2024-07-19T04:19:55.931883" level="INFO">${allowed_titles} = ['Mr', 'Ms', 'Miss', 'Mrs', 'Madame', 'Monsieur']</msg>
<var>${allowed_titles}</var>
<arg>Mr</arg>
<arg>Ms</arg>
<arg>Miss</arg>
<arg>Mrs</arg>
<arg>Madame</arg>
<arg>Monsieur</arg>
<doc>Returns a list containing given items.</doc>
<status status="PASS" start="2024-07-19T04:19:55.931734" elapsed="0.000174"/>
</kw>
<kw name="List Should Contain Value" owner="Collections">
<arg>${allowed_titles}</arg>
<arg>${name_title}</arg>
<doc>Fails if the ``value`` is not found from ``list``.</doc>
<status status="PASS" start="2024-07-19T04:19:55.932202" elapsed="0.000175"/>
</kw>
<kw name="Set Variable" owner="BuiltIn">
<msg time="2024-07-19T04:19:55.932936" level="INFO">${name_country} = AU</msg>
<var>${name_country}</var>
<arg>${json_data["results"][0]["nat"]}</arg>
<doc>Returns the given values which can then be assigned to a variables.</doc>
<status status="PASS" start="2024-07-19T04:19:55.932558" elapsed="0.000403"/>
</kw>
<kw name="Create List" owner="BuiltIn">
<msg time="2024-07-19T04:19:55.933837" level="INFO">${list_country} = ['AD', 'AE', 'AF', 'AG', 'AI', 'AL', 'AM', 'AO', 'AQ', 'AR', 'AS', 'AT', 'AU', 'AW', 'AX', 'AZ', 'BA', 'BB', 'BD', 'BE', 'BF', 'BG', 'BH', 'BI', 'BJ', 'BL', 'BM', 'BN', 'BO', 'BQ', 'BR', 'BS', 'BT', '...</msg>
<var>${list_country}</var>
<arg>AD</arg>
<arg>AE</arg>
<arg>AF</arg>
<arg>AG</arg>
<arg>AI</arg>
<arg>AL</arg>
<arg>AM</arg>
<arg>AO</arg>
<arg>AQ</arg>
<arg>AR</arg>
<arg>AS</arg>
<arg>AT</arg>
<arg>AU</arg>
<arg>AW</arg>
<arg>AX</arg>
<arg>AZ</arg>
<arg>BA</arg>
<arg>BB</arg>
<arg>BD</arg>
<arg>BE</arg>
<arg>BF</arg>
<arg>BG</arg>
<arg>BH</arg>
<arg>BI</arg>
<arg>BJ</arg>
<arg>BL</arg>
<arg>BM</arg>
<arg>BN</arg>
<arg>BO</arg>
<arg>BQ</arg>
<arg>BR</arg>
<arg>BS</arg>
<arg>BT</arg>
<arg>BV</arg>
<arg>BW</arg>
<arg>BY</arg>
<arg>BZ</arg>
<arg>CA</arg>
<arg>CC</arg>
<arg>CD</arg>
<arg>CF</arg>
<arg>CG</arg>
<arg>CH</arg>
<arg>CI</arg>
<arg>CK</arg>
<arg>CL</arg>
<arg>CM</arg>
<arg>CN</arg>
<arg>CO</arg>
<arg>CR</arg>
<arg>CU</arg>
<arg>CV</arg>
<arg>CW</arg>
<arg>CX</arg>
<arg>CY</arg>
<arg>CZ</arg>
<arg>DE</arg>
<arg>DJ</arg>
<arg>DK</arg>
<arg>DM</arg>
<arg>DO</arg>
<arg>DZ</arg>
<arg>EC</arg>
<arg>EE</arg>
<arg>EG</arg>
<arg>EH</arg>
<arg>ER</arg>
<arg>ES</arg>
<arg>ET</arg>
<arg>FI</arg>
<arg>FJ</arg>
<arg>FK</arg>
<arg>FM</arg>
<arg>FO</arg>
<arg>FR</arg>
<arg>GA</arg>
<arg>GB</arg>
<arg>GD</arg>
<arg>GE</arg>
<arg>GF</arg>
<arg>GG</arg>
<arg>GH</arg>
<arg>GI</arg>
<arg>GL</arg>
<arg>GM</arg>
<arg>GN</arg>
<arg>GP</arg>
<arg>GQ</arg>
<arg>GR</arg>
<arg>GS</arg>
<arg>GT</arg>
<arg>GU</arg>
<arg>GW</arg>
<arg>GY</arg>
<arg>HK</arg>
<arg>HM</arg>
<arg>HN</arg>
<arg>HR</arg>
<arg>HT</arg>
<arg>HU</arg>
<arg>ID</arg>
<arg>IE</arg>
<arg>IL</arg>
<arg>IM</arg>
<arg>IN</arg>
<arg>IO</arg>
<arg>IQ</arg>
<arg>IR</arg>
<arg>IS</arg>
<arg>IT</arg>
<arg>JE</arg>
<arg>JM</arg>
<arg>JO</arg>
<arg>JP</arg>
<arg>KE</arg>
<arg>KG</arg>
<arg>KH</arg>
<arg>KI</arg>
<arg>KM</arg>
<arg>KN</arg>
<arg>KP</arg>
<arg>KR</arg>
<arg>KW</arg>
<arg>KY</arg>
<arg>KZ</arg>
<arg>LA</arg>
<arg>LB</arg>
<arg>LC</arg>
<arg>LI</arg>
<arg>LK</arg>
<arg>LR</arg>
<arg>LS</arg>
<arg>LT</arg>
<arg>LU</arg>
<arg>LV</arg>
<arg>LY</arg>
<arg>MA</arg>
<arg>MC</arg>
<arg>MD</arg>
<arg>ME</arg>
<arg>MF</arg>
<arg>MG</arg>
<arg>MH</arg>
<arg>MK</arg>
<arg>ML</arg>
<arg>MM</arg>
<arg>MN</arg>
<arg>MO</arg>
<arg>MP</arg>
<arg>MQ</arg>
<arg>MR</arg>
<arg>MS</arg>
<arg>MT</arg>
<arg>MU</arg>
<arg>MV</arg>
<arg>MW</arg>
<arg>MX</arg>
<arg>MY</arg>
<arg>MZ</arg>
<arg>NA</arg>
<arg>NC</arg>
<arg>NE</arg>
<arg>NF</arg>
<arg>NG</arg>
<arg>NI</arg>
<arg>NL</arg>
<arg>NO</arg>
<arg>NP</arg>
<arg>NR</arg>
<arg>NU</arg>
<arg>NZ</arg>
<arg>OM</arg>
<arg>PA</arg>
<arg>PE</arg>
<arg>PF</arg>
<arg>PG</arg>
<arg>PH</arg>
<arg>PK</arg>
<arg>PL</arg>
<arg>PM</arg>
<arg>PN</arg>
<arg>PR</arg>
<arg>PS</arg>
<arg>PT</arg>
<arg>PW</arg>
<arg>PY</arg>
<arg>QA</arg>
<arg>RE</arg>
<arg>RO</arg>
<arg>RS</arg>
<arg>RU</arg>
<arg>RW</arg>
<arg>SA</arg>
<arg>SB</arg>
<arg>SC</arg>
<arg>SD</arg>
<arg>SE</arg>
<arg>SG</arg>
<arg>SH</arg>
<arg>SI</arg>
<arg>SJ</arg>
<arg>SK</arg>
<arg>SL</arg>
<arg>SM</arg>
<arg>SN</arg>
<arg>SO</arg>
<arg>SR</arg>
<arg>SS</arg>
<arg>ST</arg>
<arg>SV</arg>
<arg>SX</arg>
<arg>SY</arg>
<arg>SZ</arg>
<arg>TC</arg>
<arg>TD</arg>
<arg>TF</arg>
<arg>TG</arg>
<arg>TH</arg>
<arg>TJ</arg>
<arg>TK</arg>
<arg>TL</arg>
<arg>TM</arg>
<arg>TN</arg>
<arg>TO</arg>
<arg>TR</arg>
<arg>TT</arg>
<arg>TV</arg>
<arg>TW</arg>
<arg>TZ</arg>
<arg>UA</arg>
<arg>UG</arg>
<arg>UM</arg>
<arg>US</arg>
<arg>UY</arg>
<arg>UZ</arg>
<arg>VA</arg>
<arg>VC</arg>
<arg>VE</arg>
<arg>VG</arg>
<arg>VI</arg>
<arg>VN</arg>
<arg>VU</arg>
<arg>WF</arg>
<arg>WS</arg>
<arg>XK</arg>
<arg>YE</arg>
<arg>YT</arg>
<arg>ZA</arg>
<arg>ZM</arg>
<arg>ZW</arg>
<doc>Returns a list containing given items.</doc>
<status status="PASS" start="2024-07-19T04:19:55.933247" elapsed="0.000615"/>
</kw>
<kw name="List Should Contain Value" owner="Collections">
<arg>${list_country}</arg>
<arg>${name_country}</arg>
<doc>Fails if the ``value`` is not found from ``list``.</doc>
<status status="PASS" start="2024-07-19T04:19:55.934800" elapsed="0.000247"/>
</kw>
<kw name="Run Keyword If" owner="BuiltIn">
<kw name="Should Be True" owner="BuiltIn">
<arg>${True}</arg>
<doc>Fails if the given condition is not true.</doc>
<status status="PASS" start="2024-07-19T04:19:55.935997" elapsed="0.000140"/>
</kw>
<arg>${json_data["results"][0]["location"]["coordinates"]["latitude"]} &gt;= -90 and ${json_data["results"][0]["location"]["coordinates"]["latitude"]} &lt;= 90</arg>
<arg>Should Be True</arg>
<arg>${True}</arg>
<doc>Runs the given keyword with the given arguments, if ``condition`` is true.</doc>
<status status="PASS" start="2024-07-19T04:19:55.935252" elapsed="0.001017"/>
</kw>
<kw name="Run Keyword If" owner="BuiltIn">
<kw name="Should Be True" owner="BuiltIn">
<arg>${True}</arg>
<doc>Fails if the given condition is not true.</doc>
<status status="PASS" start="2024-07-19T04:19:55.937148" elapsed="0.000134"/>
</kw>
<arg>${json_data["results"][0]["location"]["coordinates"]["longitude"]} &gt;= -180 and ${json_data["results"][0]["location"]["coordinates"]["longitude"]} &lt;= 180</arg>
<arg>Should Be True</arg>
<arg>${True}</arg>
<doc>Runs the given keyword with the given arguments, if ``condition`` is true.</doc>
<status status="PASS" start="2024-07-19T04:19:55.936464" elapsed="0.000942"/>
</kw>
<status status="PASS" start="2024-07-19T04:19:55.833730" elapsed="0.103804"/>
</kw>
<doc>Testa o conteúdo específico dos campos retornados pela API.</doc>
<tag>testeConteudo</tag>
<status status="PASS" start="2024-07-19T04:19:55.833192" elapsed="0.104485"/>
</test>
<status status="PASS" start="2024-07-19T04:19:55.122753" elapsed="0.816978"/>
</suite>
<status status="PASS" start="2024-07-19T04:19:55.108177" elapsed="0.836718"/>
</suite>
<statistics>
<total>
<stat pass="5" fail="0" skip="0">All Tests</stat>
</total>
<tag>
<stat pass="1" fail="0" skip="0">testeConteudo</stat>
<stat pass="1" fail="0" skip="0">testeEstruturaResposta</stat>
<stat pass="1" fail="0" skip="0">testeRequisicaoBasica</stat>
<stat pass="1" fail="0" skip="0">testeTiposDados</stat>
</tag>
<suite>
<stat pass="5" fail="0" skip="0" id="s1" name="Tests">Tests</stat>
<stat pass="5" fail="0" skip="0" id="s1-s1" name="Random-User-Test">Tests.Random-User-Test</stat>
</suite>
</statistics>
<errors>
</errors>
</robot>
