<?xml version="1.0" encoding="UTF-8"?>
<robot generator="Robot 7.0 (Python 3.12.3 on linux)" generated="2024-04-24T01:01:15.429995" rpa="false" schemaversion="5">
<suite id="s1" name="Tests" source="/home/runner/work/DesafioQAItauRogerioJordao/DesafioQAItauRogerioJordao/RamdonUser/tests">
<suite id="s1-s1" name="Random-User-Test" source="/home/runner/work/DesafioQAItauRogerioJordao/DesafioQAItauRogerioJordao/RamdonUser/tests/random-user-test.robot">
<test id="s1-s1-t1" name="Conectar" line="13">
<kw name="Conectar API" owner="random-user-service">
<kw name="Create Session" owner="RequestsLibrary">
<msg time="2024-04-24T01:01:15.834209" level="INFO">Creating Session using : alias=consultarAPI, url=https://randomuser.me/, headers={},                     cookies={}, auth=None, timeout=None, proxies=None, verify=False,                     debug=0 </msg>
<arg>consultarAPI</arg>
<arg>${URL}</arg>
<doc>Create Session: create a HTTP session to a server</doc>
<status status="PASS" start="2024-04-24T01:01:15.834003" elapsed="0.000398"/>
</kw>
<status status="PASS" start="2024-04-24T01:01:15.832925" elapsed="0.001837"/>
</kw>
<status status="PASS" start="2024-04-24T01:01:15.832223" elapsed="0.002727"/>
</test>
<test id="s1-s1-t2" name="Validar retorno 200 e JSON Válido" line="16">
<kw name="Teste de Requisicao Basica" owner="random-user-service">
<kw name="GET On Session" owner="RequestsLibrary">
<msg time="2024-04-24T01:01:20.472723" level="INFO">GET Request : url=https://randomuser.me/api 
 path_url=/api 
 headers={'User-Agent': 'python-requests/2.31.0', 'Accept-Encoding': 'gzip, deflate', 'Accept': '*/*', 'Connection': 'keep-alive'} 
 body=None 
 </msg>
<msg time="2024-04-24T01:01:20.472871" level="INFO">GET Response : url=https://randomuser.me/api 
 status=200, reason=OK 
 headers={'Date': 'Wed, 24 Apr 2024 01:01:20 GMT', 'Content-Type': 'application/json; charset=utf-8', 'Transfer-Encoding': 'chunked', 'Connection': 'keep-alive', 'X-Powered-By': 'Express', 'Access-Control-Allow-Origin': '*', 'Cache-Control': 'no-cache', 'ETag': 'W/"493-9ReKN/XKkzXBH1I5WaR5JuRrMKI"', 'Vary': 'Accept-Encoding', 'Content-Encoding': 'gzip', 'CF-Cache-Status': 'DYNAMIC', 'Report-To': '{"endpoints":[{"url":"https:\\/\\/a.nel.cloudflare.com\\/report\\/v4?s=vrA1eEpZhAmQAMVE5zwKbFIJmlUyIg%2Bf8EadX1D4KTFSFcvORi1TWek7E8NIC2hVbr1NvzQqxuU36Gz1VwI6DujldDxeaeIKehrQYM%2B%2FKt5zfsenw4WCyUrBgkFpHQy1"}],"group":"cf-nel","max_age":604800}', 'NEL': '{"success_fraction":0,"report_to":"cf-nel","max_age":604800}', 'Server': 'cloudflare', 'CF-RAY': '8792295a9f0f1060-ORD', 'alt-svc': 'h3=":443"; ma=86400'} 
 body={"results":[{"gender":"male","name":{"title":"Mr","first":"Homero","last":"Uribe"},"location":{"street":{"number":7430,"name":"Calzada Sur Alva"},"city":"Zamora","state":"Nuevo Leon","country":"Mexico","postcode":96579,"coordinates":{"latitude":"28.6407","longitude":"-10.5391"},"timezone":{"offset":"+4:00","description":"Abu Dhabi, Muscat, Baku, Tbilisi"}},"email":"homero.uribe@example.com","login":{"uuid":"6e9b4f9f-1025-4da3-b115-ab8c471d3188","username":"beautifulgoose684","password":"bear","salt":"fcjuYOo8","md5":"4bff46e5e3d0f957fb8798b0456ac9e2","sha1":"36929669f5141d3de1e832ab2986d2196c0c735e","sha256":"30406ea1ae03d216163676a92e240b9913f016900504b0ab86f52a76614d1d1e"},"dob":{"date":"1984-12-12T22:59:40.326Z","age":39},"registered":{"date":"2012-08-05T04:01:16.752Z","age":11},"phone":"(624) 081 0557","cell":"(640) 233 9264","id":{"name":"NSS","value":"59 57 68 6213 4"},"picture":{"large":"https://randomuser.me/api/portraits/men/81.jpg","medium":"https://randomuser.me/api/portraits/med/men/81.jpg","thumbnail":"https://randomuser.me/api/portraits/thumb/men/81.jpg"},"nat":"MX"}],"info":{"seed":"c7e558cad1e45bea","results":1,"page":1,"version":"1.4"}} 
 </msg>
<msg time="2024-04-24T01:01:20.472952" level="INFO">/opt/hostedtoolcache/Python/3.12.3/x64/lib/python3.12/site-packages/urllib3/connectionpool.py:1103: InsecureRequestWarning: Unverified HTTPS request is being made to host 'randomuser.me'. Adding certificate verification is strongly advised. See: https://urllib3.readthedocs.io/en/latest/advanced-usage.html#tls-warnings
  warnings.warn(</msg>
<msg time="2024-04-24T01:01:20.473117" level="INFO">${response} = &lt;Response [200]&gt;</msg>
<var>${response}</var>
<arg>consultarAPI</arg>
<arg>/api</arg>
<doc>Sends a GET request on a previously created HTTP Session.</doc>
<status status="PASS" start="2024-04-24T01:01:15.837569" elapsed="4.635588"/>
</kw>
<kw name="Should Be Equal As Numbers" owner="BuiltIn">
<msg time="2024-04-24T01:01:20.474301" level="INFO">Argument types are:
&lt;class 'int'&gt;
&lt;class 'str'&gt;</msg>
<arg>${response.status_code}</arg>
<arg>200</arg>
<doc>Fails if objects are unequal after converting them to real numbers.</doc>
<status status="PASS" start="2024-04-24T01:01:20.473787" elapsed="0.000578"/>
</kw>
<kw name="Log" owner="BuiltIn">
<msg time="2024-04-24T01:01:20.475041" level="INFO">200</msg>
<arg>${response.status_code}</arg>
<doc>Logs the given message with the given level.</doc>
<status status="PASS" start="2024-04-24T01:01:20.474688" elapsed="0.000393"/>
</kw>
<kw name="Set Variable" owner="BuiltIn">
<msg time="2024-04-24T01:01:20.475806" level="INFO">${json_data} = {'results': [{'gender': 'male', 'name': {'title': 'Mr', 'first': 'Homero', 'last': 'Uribe'}, 'location': {'street': {'number': 7430, 'name': 'Calzada Sur Alva'}, 'city': 'Zamora', 'state': 'Nuevo Leon...</msg>
<var>${json_data}</var>
<arg>${response.json()}</arg>
<doc>Returns the given values which can then be assigned to a variables.</doc>
<status status="PASS" start="2024-04-24T01:01:20.475381" elapsed="0.000451"/>
</kw>
<kw name="Dictionary Should Contain Key" owner="Collections">
<msg time="2024-04-24T01:01:20.476295" level="INFO">False</msg>
<arg>${json_data}</arg>
<arg>results</arg>
<doc>Fails if ``key`` is not found from ``dictionary``.</doc>
<status status="PASS" start="2024-04-24T01:01:20.476126" elapsed="0.000208"/>
</kw>
<status status="PASS" start="2024-04-24T01:01:15.837329" elapsed="4.639262"/>
</kw>
<doc>Testa se a API responde corretamente e retorna um objeto JSON válido.</doc>
<tag>testeRequisicaoBasica</tag>
<status status="PASS" start="2024-04-24T01:01:15.836844" elapsed="4.639928"/>
</test>
<test id="s1-s1-t3" name="Validar estrutura de resposta" line="22">
<kw name="Teste de Estrutura de Resposta" owner="random-user-service">
<kw name="GET On Session" owner="RequestsLibrary">
<msg time="2024-04-24T01:01:20.573554" level="INFO">GET Request : url=https://randomuser.me/api 
 path_url=/api 
 headers={'User-Agent': 'python-requests/2.31.0', 'Accept-Encoding': 'gzip, deflate', 'Accept': '*/*', 'Connection': 'keep-alive'} 
 body=None 
 </msg>
<msg time="2024-04-24T01:01:20.573655" level="INFO">GET Response : url=https://randomuser.me/api 
 status=200, reason=OK 
 headers={'Date': 'Wed, 24 Apr 2024 01:01:20 GMT', 'Content-Type': 'application/json; charset=utf-8', 'Transfer-Encoding': 'chunked', 'Connection': 'keep-alive', 'X-Powered-By': 'Express', 'Access-Control-Allow-Origin': '*', 'Cache-Control': 'no-cache', 'ETag': 'W/"48a-Fj18N5RAkfIxdKsTw+bMu/u2uBw"', 'Vary': 'Accept-Encoding', 'Content-Encoding': 'gzip', 'CF-Cache-Status': 'DYNAMIC', 'Report-To': '{"endpoints":[{"url":"https:\\/\\/a.nel.cloudflare.com\\/report\\/v4?s=KqAfgIAdu5HHSPczz8aLrxqCy6dltcXRjacDvQgf3UoIKt8uRLcCy88Nn91ElrCSTHK30Refv2hW1b5gVSFwF3COlq8wPuQoT37%2Ff4zr3XMnzx%2BePUgN%2FYHEuf53G5TY"}],"group":"cf-nel","max_age":604800}', 'NEL': '{"success_fraction":0,"report_to":"cf-nel","max_age":604800}', 'Server': 'cloudflare', 'CF-RAY': '8792295b0fa51060-ORD', 'alt-svc': 'h3=":443"; ma=86400'} 
 body={"results":[{"gender":"female","name":{"title":"Miss","first":"Dolores","last":"Blanco"},"location":{"street":{"number":7926,"name":"Paseo de Extremadura"},"city":"Orense","state":"Castilla y León","country":"Spain","postcode":48213,"coordinates":{"latitude":"-37.0514","longitude":"126.4148"},"timezone":{"offset":"+5:45","description":"Kathmandu"}},"email":"dolores.blanco@example.com","login":{"uuid":"400cce95-65d4-41b7-9a3f-9bf0ace3675c","username":"yellowmeercat743","password":"cannon","salt":"u2pgRCgN","md5":"afd8112f9ef73e045e6ed95f7721ab4f","sha1":"8968d4f2b87ba4097332ca38acb99636861861a7","sha256":"8f4cc896c0aa2dd3b5bd6efe5bbb198a57ce3715a1c6f41d2065cc4924a19226"},"dob":{"date":"1999-04-29T00:59:32.104Z","age":24},"registered":{"date":"2003-06-05T18:15:25.678Z","age":20},"phone":"979-234-371","cell":"640-588-658","id":{"name":"DNI","value":"49273126-O"},"picture":{"large":"https://randomuser.me/api/portraits/women/64.jpg","medium":"https://randomuser.me/api/portraits/med/women/64.jpg","thumbnail":"https://randomuser.me/api/portraits/thumb/women/64.jpg"},"nat":"ES"}],"info":{"seed":"07fda47612563f55","results":1,"page":1,"version":"1.4"}} 
 </msg>
<msg time="2024-04-24T01:01:20.573793" level="INFO">/opt/hostedtoolcache/Python/3.12.3/x64/lib/python3.12/site-packages/urllib3/connectionpool.py:1103: InsecureRequestWarning: Unverified HTTPS request is being made to host 'randomuser.me'. Adding certificate verification is strongly advised. See: https://urllib3.readthedocs.io/en/latest/advanced-usage.html#tls-warnings
  warnings.warn(</msg>
<msg time="2024-04-24T01:01:20.573956" level="INFO">${response} = &lt;Response [200]&gt;</msg>
<var>${response}</var>
<arg>consultarAPI</arg>
<arg>/api</arg>
<doc>Sends a GET request on a previously created HTTP Session.</doc>
<status status="PASS" start="2024-04-24T01:01:20.479379" elapsed="0.094616"/>
</kw>
<kw name="Set Variable" owner="BuiltIn">
<msg time="2024-04-24T01:01:20.575060" level="INFO">${json_data} = {'results': [{'gender': 'female', 'name': {'title': 'Miss', 'first': 'Dolores', 'last': 'Blanco'}, 'location': {'street': {'number': 7926, 'name': 'Paseo de Extremadura'}, 'city': 'Orense', 'state': '...</msg>
<var>${json_data}</var>
<arg>${response.json()}</arg>
<doc>Returns the given values which can then be assigned to a variables.</doc>
<status status="PASS" start="2024-04-24T01:01:20.574517" elapsed="0.000571"/>
</kw>
<kw name="Log" owner="BuiltIn">
<msg time="2024-04-24T01:01:20.575559" level="INFO">{'results': [{'gender': 'female', 'name': {'title': 'Miss', 'first': 'Dolores', 'last': 'Blanco'}, 'location': {'street': {'number': 7926, 'name': 'Paseo de Extremadura'}, 'city': 'Orense', 'state': 'Castilla y León', 'country': 'Spain', 'postcode': 48213, 'coordinates': {'latitude': '-37.0514', 'longitude': '126.4148'}, 'timezone': {'offset': '+5:45', 'description': 'Kathmandu'}}, 'email': 'dolores.blanco@example.com', 'login': {'uuid': '400cce95-65d4-41b7-9a3f-9bf0ace3675c', 'username': 'yellowmeercat743', 'password': 'cannon', 'salt': 'u2pgRCgN', 'md5': 'afd8112f9ef73e045e6ed95f7721ab4f', 'sha1': '8968d4f2b87ba4097332ca38acb99636861861a7', 'sha256': '8f4cc896c0aa2dd3b5bd6efe5bbb198a57ce3715a1c6f41d2065cc4924a19226'}, 'dob': {'date': '1999-04-29T00:59:32.104Z', 'age': 24}, 'registered': {'date': '2003-06-05T18:15:25.678Z', 'age': 20}, 'phone': '979-234-371', 'cell': '640-588-658', 'id': {'name': 'DNI', 'value': '49273126-O'}, 'picture': {'large': 'https://randomuser.me/api/portraits/women/64.jpg', 'medium': 'https://randomuser.me/api/portraits/med/women/64.jpg', 'thumbnail': 'https://randomuser.me/api/portraits/thumb/women/64.jpg'}, 'nat': 'ES'}], 'info': {'seed': '07fda47612563f55', 'results': 1, 'page': 1, 'version': '1.4'}}</msg>
<arg>${json_data}</arg>
<doc>Logs the given message with the given level.</doc>
<status status="PASS" start="2024-04-24T01:01:20.575395" elapsed="0.000215"/>
</kw>
<kw name="Dictionary Should Contain Key" owner="Collections">
<msg time="2024-04-24T01:01:20.576060" level="INFO">False</msg>
<arg>${json_data}</arg>
<arg>results</arg>
<doc>Fails if ``key`` is not found from ``dictionary``.</doc>
<status status="PASS" start="2024-04-24T01:01:20.575900" elapsed="0.000196"/>
</kw>
<kw name="Should Not Be Empty" owner="BuiltIn">
<msg time="2024-04-24T01:01:20.576522" level="INFO">Length is 2.</msg>
<arg>${json_data}</arg>
<doc>Verifies that the given item is not empty.</doc>
<status status="PASS" start="2024-04-24T01:01:20.576386" elapsed="0.000334"/>
</kw>
<kw name="Create List" owner="BuiltIn">
<msg time="2024-04-24T01:01:20.577168" level="INFO">${expected_keys} = ['gender', 'name', 'location', 'email', 'login']</msg>
<var>${expected_keys}</var>
<arg>gender</arg>
<arg>name</arg>
<arg>location</arg>
<arg>email</arg>
<arg>login</arg>
<doc>Returns a list containing given items.</doc>
<status status="PASS" start="2024-04-24T01:01:20.577016" elapsed="0.000176"/>
</kw>
<for flavor="IN">
<iter>
<kw name="Dictionary Should Contain Key" owner="Collections">
<msg time="2024-04-24T01:01:20.578203" level="INFO">False</msg>
<arg>${json_data['results'][0]}</arg>
<arg>${key}</arg>
<doc>Fails if ``key`` is not found from ``dictionary``.</doc>
<status status="PASS" start="2024-04-24T01:01:20.577762" elapsed="0.000478"/>
</kw>
<kw name="Log" owner="BuiltIn">
<msg time="2024-04-24T01:01:20.578917" level="INFO">{'gender': 'female', 'name': {'title': 'Miss', 'first': 'Dolores', 'last': 'Blanco'}, 'location': {'street': {'number': 7926, 'name': 'Paseo de Extremadura'}, 'city': 'Orense', 'state': 'Castilla y León', 'country': 'Spain', 'postcode': 48213, 'coordinates': {'latitude': '-37.0514', 'longitude': '126.4148'}, 'timezone': {'offset': '+5:45', 'description': 'Kathmandu'}}, 'email': 'dolores.blanco@example.com', 'login': {'uuid': '400cce95-65d4-41b7-9a3f-9bf0ace3675c', 'username': 'yellowmeercat743', 'password': 'cannon', 'salt': 'u2pgRCgN', 'md5': 'afd8112f9ef73e045e6ed95f7721ab4f', 'sha1': '8968d4f2b87ba4097332ca38acb99636861861a7', 'sha256': '8f4cc896c0aa2dd3b5bd6efe5bbb198a57ce3715a1c6f41d2065cc4924a19226'}, 'dob': {'date': '1999-04-29T00:59:32.104Z', 'age': 24}, 'registered': {'date': '2003-06-05T18:15:25.678Z', 'age': 20}, 'phone': '979-234-371', 'cell': '640-588-658', 'id': {'name': 'DNI', 'value': '49273126-O'}, 'picture': {'large': 'https://randomuser.me/api/portraits/women/64.jpg', 'medium': 'https://randomuser.me/api/portraits/med/women/64.jpg', 'thumbnail': 'https://randomuser.me/api/portraits/thumb/women/64.jpg'}, 'nat': 'ES'}</msg>
<arg>${json_data['results'][0]}</arg>
<doc>Logs the given message with the given level.</doc>
<status status="PASS" start="2024-04-24T01:01:20.578543" elapsed="0.000422"/>
</kw>
<kw name="Log" owner="BuiltIn">
<msg time="2024-04-24T01:01:20.579382" level="INFO">gender</msg>
<arg>${key}</arg>
<doc>Logs the given message with the given level.</doc>
<status status="PASS" start="2024-04-24T01:01:20.579256" elapsed="0.000163"/>
</kw>
<var name="${key}">gender</var>
<status status="PASS" start="2024-04-24T01:01:20.577638" elapsed="0.001993"/>
</iter>
<iter>
<kw name="Dictionary Should Contain Key" owner="Collections">
<msg time="2024-04-24T01:01:20.580302" level="INFO">False</msg>
<arg>${json_data['results'][0]}</arg>
<arg>${key}</arg>
<doc>Fails if ``key`` is not found from ``dictionary``.</doc>
<status status="PASS" start="2024-04-24T01:01:20.579928" elapsed="0.000410"/>
</kw>
<kw name="Log" owner="BuiltIn">
<msg time="2024-04-24T01:01:20.581022" level="INFO">{'gender': 'female', 'name': {'title': 'Miss', 'first': 'Dolores', 'last': 'Blanco'}, 'location': {'street': {'number': 7926, 'name': 'Paseo de Extremadura'}, 'city': 'Orense', 'state': 'Castilla y León', 'country': 'Spain', 'postcode': 48213, 'coordinates': {'latitude': '-37.0514', 'longitude': '126.4148'}, 'timezone': {'offset': '+5:45', 'description': 'Kathmandu'}}, 'email': 'dolores.blanco@example.com', 'login': {'uuid': '400cce95-65d4-41b7-9a3f-9bf0ace3675c', 'username': 'yellowmeercat743', 'password': 'cannon', 'salt': 'u2pgRCgN', 'md5': 'afd8112f9ef73e045e6ed95f7721ab4f', 'sha1': '8968d4f2b87ba4097332ca38acb99636861861a7', 'sha256': '8f4cc896c0aa2dd3b5bd6efe5bbb198a57ce3715a1c6f41d2065cc4924a19226'}, 'dob': {'date': '1999-04-29T00:59:32.104Z', 'age': 24}, 'registered': {'date': '2003-06-05T18:15:25.678Z', 'age': 20}, 'phone': '979-234-371', 'cell': '640-588-658', 'id': {'name': 'DNI', 'value': '49273126-O'}, 'picture': {'large': 'https://randomuser.me/api/portraits/women/64.jpg', 'medium': 'https://randomuser.me/api/portraits/med/women/64.jpg', 'thumbnail': 'https://randomuser.me/api/portraits/thumb/women/64.jpg'}, 'nat': 'ES'}</msg>
<arg>${json_data['results'][0]}</arg>
<doc>Logs the given message with the given level.</doc>
<status status="PASS" start="2024-04-24T01:01:20.580655" elapsed="0.000414"/>
</kw>
<kw name="Log" owner="BuiltIn">
<msg time="2024-04-24T01:01:20.581485" level="INFO">name</msg>
<arg>${key}</arg>
<doc>Logs the given message with the given level.</doc>
<status status="PASS" start="2024-04-24T01:01:20.581360" elapsed="0.000161"/>
</kw>
<var name="${key}">name</var>
<status status="PASS" start="2024-04-24T01:01:20.579815" elapsed="0.001919"/>
</iter>
<iter>
<kw name="Dictionary Should Contain Key" owner="Collections">
<msg time="2024-04-24T01:01:20.582432" level="INFO">False</msg>
<arg>${json_data['results'][0]}</arg>
<arg>${key}</arg>
<doc>Fails if ``key`` is not found from ``dictionary``.</doc>
<status status="PASS" start="2024-04-24T01:01:20.582050" elapsed="0.000418"/>
</kw>
<kw name="Log" owner="BuiltIn">
<msg time="2024-04-24T01:01:20.583124" level="INFO">{'gender': 'female', 'name': {'title': 'Miss', 'first': 'Dolores', 'last': 'Blanco'}, 'location': {'street': {'number': 7926, 'name': 'Paseo de Extremadura'}, 'city': 'Orense', 'state': 'Castilla y León', 'country': 'Spain', 'postcode': 48213, 'coordinates': {'latitude': '-37.0514', 'longitude': '126.4148'}, 'timezone': {'offset': '+5:45', 'description': 'Kathmandu'}}, 'email': 'dolores.blanco@example.com', 'login': {'uuid': '400cce95-65d4-41b7-9a3f-9bf0ace3675c', 'username': 'yellowmeercat743', 'password': 'cannon', 'salt': 'u2pgRCgN', 'md5': 'afd8112f9ef73e045e6ed95f7721ab4f', 'sha1': '8968d4f2b87ba4097332ca38acb99636861861a7', 'sha256': '8f4cc896c0aa2dd3b5bd6efe5bbb198a57ce3715a1c6f41d2065cc4924a19226'}, 'dob': {'date': '1999-04-29T00:59:32.104Z', 'age': 24}, 'registered': {'date': '2003-06-05T18:15:25.678Z', 'age': 20}, 'phone': '979-234-371', 'cell': '640-588-658', 'id': {'name': 'DNI', 'value': '49273126-O'}, 'picture': {'large': 'https://randomuser.me/api/portraits/women/64.jpg', 'medium': 'https://randomuser.me/api/portraits/med/women/64.jpg', 'thumbnail': 'https://randomuser.me/api/portraits/thumb/women/64.jpg'}, 'nat': 'ES'}</msg>
<arg>${json_data['results'][0]}</arg>
<doc>Logs the given message with the given level.</doc>
<status status="PASS" start="2024-04-24T01:01:20.582764" elapsed="0.000409"/>
</kw>
<kw name="Log" owner="BuiltIn">
<msg time="2024-04-24T01:01:20.583581" level="INFO">location</msg>
<arg>${key}</arg>
<doc>Logs the given message with the given level.</doc>
<status status="PASS" start="2024-04-24T01:01:20.583459" elapsed="0.000159"/>
</kw>
<var name="${key}">location</var>
<status status="PASS" start="2024-04-24T01:01:20.581939" elapsed="0.001892"/>
</iter>
<iter>
<kw name="Dictionary Should Contain Key" owner="Collections">
<msg time="2024-04-24T01:01:20.584493" level="INFO">False</msg>
<arg>${json_data['results'][0]}</arg>
<arg>${key}</arg>
<doc>Fails if ``key`` is not found from ``dictionary``.</doc>
<status status="PASS" start="2024-04-24T01:01:20.584109" elapsed="0.000420"/>
</kw>
<kw name="Log" owner="BuiltIn">
<msg time="2024-04-24T01:01:20.585183" level="INFO">{'gender': 'female', 'name': {'title': 'Miss', 'first': 'Dolores', 'last': 'Blanco'}, 'location': {'street': {'number': 7926, 'name': 'Paseo de Extremadura'}, 'city': 'Orense', 'state': 'Castilla y León', 'country': 'Spain', 'postcode': 48213, 'coordinates': {'latitude': '-37.0514', 'longitude': '126.4148'}, 'timezone': {'offset': '+5:45', 'description': 'Kathmandu'}}, 'email': 'dolores.blanco@example.com', 'login': {'uuid': '400cce95-65d4-41b7-9a3f-9bf0ace3675c', 'username': 'yellowmeercat743', 'password': 'cannon', 'salt': 'u2pgRCgN', 'md5': 'afd8112f9ef73e045e6ed95f7721ab4f', 'sha1': '8968d4f2b87ba4097332ca38acb99636861861a7', 'sha256': '8f4cc896c0aa2dd3b5bd6efe5bbb198a57ce3715a1c6f41d2065cc4924a19226'}, 'dob': {'date': '1999-04-29T00:59:32.104Z', 'age': 24}, 'registered': {'date': '2003-06-05T18:15:25.678Z', 'age': 20}, 'phone': '979-234-371', 'cell': '640-588-658', 'id': {'name': 'DNI', 'value': '49273126-O'}, 'picture': {'large': 'https://randomuser.me/api/portraits/women/64.jpg', 'medium': 'https://randomuser.me/api/portraits/med/women/64.jpg', 'thumbnail': 'https://randomuser.me/api/portraits/thumb/women/64.jpg'}, 'nat': 'ES'}</msg>
<arg>${json_data['results'][0]}</arg>
<doc>Logs the given message with the given level.</doc>
<status status="PASS" start="2024-04-24T01:01:20.584828" elapsed="0.000404"/>
</kw>
<kw name="Log" owner="BuiltIn">
<msg time="2024-04-24T01:01:20.585647" level="INFO">email</msg>
<arg>${key}</arg>
<doc>Logs the given message with the given level.</doc>
<status status="PASS" start="2024-04-24T01:01:20.585523" elapsed="0.000161"/>
</kw>
<var name="${key}">email</var>
<status status="PASS" start="2024-04-24T01:01:20.584001" elapsed="0.001937"/>
</iter>
<iter>
<kw name="Dictionary Should Contain Key" owner="Collections">
<msg time="2024-04-24T01:01:20.586614" level="INFO">False</msg>
<arg>${json_data['results'][0]}</arg>
<arg>${key}</arg>
<doc>Fails if ``key`` is not found from ``dictionary``.</doc>
<status status="PASS" start="2024-04-24T01:01:20.586224" elapsed="0.000428"/>
</kw>
<kw name="Log" owner="BuiltIn">
<msg time="2024-04-24T01:01:20.587310" level="INFO">{'gender': 'female', 'name': {'title': 'Miss', 'first': 'Dolores', 'last': 'Blanco'}, 'location': {'street': {'number': 7926, 'name': 'Paseo de Extremadura'}, 'city': 'Orense', 'state': 'Castilla y León', 'country': 'Spain', 'postcode': 48213, 'coordinates': {'latitude': '-37.0514', 'longitude': '126.4148'}, 'timezone': {'offset': '+5:45', 'description': 'Kathmandu'}}, 'email': 'dolores.blanco@example.com', 'login': {'uuid': '400cce95-65d4-41b7-9a3f-9bf0ace3675c', 'username': 'yellowmeercat743', 'password': 'cannon', 'salt': 'u2pgRCgN', 'md5': 'afd8112f9ef73e045e6ed95f7721ab4f', 'sha1': '8968d4f2b87ba4097332ca38acb99636861861a7', 'sha256': '8f4cc896c0aa2dd3b5bd6efe5bbb198a57ce3715a1c6f41d2065cc4924a19226'}, 'dob': {'date': '1999-04-29T00:59:32.104Z', 'age': 24}, 'registered': {'date': '2003-06-05T18:15:25.678Z', 'age': 20}, 'phone': '979-234-371', 'cell': '640-588-658', 'id': {'name': 'DNI', 'value': '49273126-O'}, 'picture': {'large': 'https://randomuser.me/api/portraits/women/64.jpg', 'medium': 'https://randomuser.me/api/portraits/med/women/64.jpg', 'thumbnail': 'https://randomuser.me/api/portraits/thumb/women/64.jpg'}, 'nat': 'ES'}</msg>
<arg>${json_data['results'][0]}</arg>
<doc>Logs the given message with the given level.</doc>
<status status="PASS" start="2024-04-24T01:01:20.586943" elapsed="0.000415"/>
</kw>
<kw name="Log" owner="BuiltIn">
<msg time="2024-04-24T01:01:20.587775" level="INFO">login</msg>
<arg>${key}</arg>
<doc>Logs the given message with the given level.</doc>
<status status="PASS" start="2024-04-24T01:01:20.587652" elapsed="0.000160"/>
</kw>
<var name="${key}">login</var>
<status status="PASS" start="2024-04-24T01:01:20.586114" elapsed="0.001935"/>
</iter>
<var>${key}</var>
<value>@{expected_keys}</value>
<status status="PASS" start="2024-04-24T01:01:20.577448" elapsed="0.010723"/>
</for>
<kw name="Create List" owner="BuiltIn">
<msg time="2024-04-24T01:01:20.588499" level="INFO">${expected_keysTwo} = ['username', 'password']</msg>
<var>${expected_keysTwo}</var>
<arg>username</arg>
<arg>password</arg>
<doc>Returns a list containing given items.</doc>
<status status="PASS" start="2024-04-24T01:01:20.588362" elapsed="0.000161"/>
</kw>
<for flavor="IN">
<iter>
<kw name="Dictionary Should Contain Key" owner="Collections">
<msg time="2024-04-24T01:01:20.589412" level="INFO">False</msg>
<arg>${json_data['results'][0]['login']}</arg>
<arg>${keyTwo}</arg>
<doc>Fails if ``key`` is not found from ``dictionary``.</doc>
<status status="PASS" start="2024-04-24T01:01:20.589026" elapsed="0.000423"/>
</kw>
<kw name="Dictionary Should Contain Key" owner="Collections">
<msg time="2024-04-24T01:01:20.590179" level="INFO">False</msg>
<arg>${json_data['results'][0]['login']}</arg>
<arg>${keyTwo}</arg>
<doc>Fails if ``key`` is not found from ``dictionary``.</doc>
<status status="PASS" start="2024-04-24T01:01:20.589750" elapsed="0.000466"/>
</kw>
<kw name="Log" owner="BuiltIn">
<msg time="2024-04-24T01:01:20.590630" level="INFO">username</msg>
<arg>${keyTwo}</arg>
<doc>Logs the given message with the given level.</doc>
<status status="PASS" start="2024-04-24T01:01:20.590506" elapsed="0.000168"/>
</kw>
<var name="${keyTwo}">username</var>
<status status="PASS" start="2024-04-24T01:01:20.588917" elapsed="0.001979"/>
</iter>
<iter>
<kw name="Dictionary Should Contain Key" owner="Collections">
<msg time="2024-04-24T01:01:20.591640" level="INFO">False</msg>
<arg>${json_data['results'][0]['login']}</arg>
<arg>${keyTwo}</arg>
<doc>Fails if ``key`` is not found from ``dictionary``.</doc>
<status status="PASS" start="2024-04-24T01:01:20.591181" elapsed="0.000506"/>
</kw>
<kw name="Dictionary Should Contain Key" owner="Collections">
<msg time="2024-04-24T01:01:20.592359" level="INFO">False</msg>
<arg>${json_data['results'][0]['login']}</arg>
<arg>${keyTwo}</arg>
<doc>Fails if ``key`` is not found from ``dictionary``.</doc>
<status status="PASS" start="2024-04-24T01:01:20.591980" elapsed="0.000416"/>
</kw>
<kw name="Log" owner="BuiltIn">
<msg time="2024-04-24T01:01:20.592809" level="INFO">password</msg>
<arg>${keyTwo}</arg>
<doc>Logs the given message with the given level.</doc>
<status status="PASS" start="2024-04-24T01:01:20.592685" elapsed="0.000161"/>
</kw>
<var name="${keyTwo}">password</var>
<status status="PASS" start="2024-04-24T01:01:20.591068" elapsed="0.001986"/>
</iter>
<var>${keyTwo}</var>
<value>@{expected_keysTwo}</value>
<status status="PASS" start="2024-04-24T01:01:20.588763" elapsed="0.004411"/>
</for>
<status status="PASS" start="2024-04-24T01:01:20.479143" elapsed="0.114170"/>
</kw>
<doc>Testa a estrutura da resposta da API.</doc>
<tag>testeEstruturaResposta</tag>
<status status="PASS" start="2024-04-24T01:01:20.478648" elapsed="0.114826"/>
</test>
<test id="s1-s1-t4" name="Validar tipos de dados" line="28">
<kw name="Teste de Tipos de Dados" owner="random-user-service">
<kw name="GET On Session" owner="RequestsLibrary">
<msg time="2024-04-24T01:01:20.697792" level="INFO">GET Request : url=https://randomuser.me/api 
 path_url=/api 
 headers={'User-Agent': 'python-requests/2.31.0', 'Accept-Encoding': 'gzip, deflate', 'Accept': '*/*', 'Connection': 'keep-alive'} 
 body=None 
 </msg>
<msg time="2024-04-24T01:01:20.697929" level="INFO">GET Response : url=https://randomuser.me/api 
 status=200, reason=OK 
 headers={'Date': 'Wed, 24 Apr 2024 01:01:20 GMT', 'Content-Type': 'application/json; charset=utf-8', 'Transfer-Encoding': 'chunked', 'Connection': 'keep-alive', 'X-Powered-By': 'Express', 'Access-Control-Allow-Origin': '*', 'Cache-Control': 'no-cache', 'ETag': 'W/"47a-eiZFoRoIOZmghWP9cLbhUxy5y+A"', 'Vary': 'Accept-Encoding', 'Content-Encoding': 'gzip', 'CF-Cache-Status': 'DYNAMIC', 'Report-To': '{"endpoints":[{"url":"https:\\/\\/a.nel.cloudflare.com\\/report\\/v4?s=cpregyDnyXBN4TmLf6gePa25m1NLnUPGa6JSZT%2BVmjXiEnDnPnha49hxfvW5ptaDkoDrY3U42PdeGOehC%2BEeiYOHEg8%2FHCgysn%2BejRxZPjhF3dukGY2qf4JO%2BpUrTIe5"}],"group":"cf-nel","max_age":604800}', 'NEL': '{"success_fraction":0,"report_to":"cf-nel","max_age":604800}', 'Server': 'cloudflare', 'CF-RAY': '8792295bb8d51060-ORD', 'alt-svc': 'h3=":443"; ma=86400'} 
 body={"results":[{"gender":"female","name":{"title":"Mrs","first":"Snizhana","last":"Kurchenko"},"location":{"street":{"number":8332,"name":"Kocyubinskogo"},"city":"Kovel","state":"Donecka","country":"Ukraine","postcode":43574,"coordinates":{"latitude":"76.4741","longitude":"43.5345"},"timezone":{"offset":"-2:00","description":"Mid-Atlantic"}},"email":"snizhana.kurchenko@example.com","login":{"uuid":"d796d763-5b22-4a28-8712-9bf1c6943306","username":"blackmouse769","password":"aside","salt":"SjiNlFWD","md5":"05a7d69557b652a2d0e8f6b3820fb9d6","sha1":"56e800353fd9b38731812d68998e0df86af36aa0","sha256":"ca53d2c5fd372da1a9557734520a8d8dadf6732d82692e089534c78191082558"},"dob":{"date":"2000-11-11T15:01:29.661Z","age":23},"registered":{"date":"2004-05-05T06:04:50.587Z","age":19},"phone":"(068) P22-1035","cell":"(099) J02-5360","id":{"name":"","value":null},"picture":{"large":"https://randomuser.me/api/portraits/women/78.jpg","medium":"https://randomuser.me/api/portraits/med/women/78.jpg","thumbnail":"https://randomuser.me/api/portraits/thumb/women/78.jpg"},"nat":"UA"}],"info":{"seed":"47602c138b45982c","results":1,"page":1,"version":"1.4"}} 
 </msg>
<msg time="2024-04-24T01:01:20.698002" level="INFO">/opt/hostedtoolcache/Python/3.12.3/x64/lib/python3.12/site-packages/urllib3/connectionpool.py:1103: InsecureRequestWarning: Unverified HTTPS request is being made to host 'randomuser.me'. Adding certificate verification is strongly advised. See: https://urllib3.readthedocs.io/en/latest/advanced-usage.html#tls-warnings
  warnings.warn(</msg>
<msg time="2024-04-24T01:01:20.698120" level="INFO">${response} = &lt;Response [200]&gt;</msg>
<var>${response}</var>
<arg>consultarAPI</arg>
<arg>/api</arg>
<doc>Sends a GET request on a previously created HTTP Session.</doc>
<status status="PASS" start="2024-04-24T01:01:20.595981" elapsed="0.102178"/>
</kw>
<kw name="Set Variable" owner="BuiltIn">
<msg time="2024-04-24T01:01:20.699182" level="INFO">${json_data} = {'results': [{'gender': 'female', 'name': {'title': 'Mrs', 'first': 'Snizhana', 'last': 'Kurchenko'}, 'location': {'street': {'number': 8332, 'name': 'Kocyubinskogo'}, 'city': 'Kovel', 'state': 'Donec...</msg>
<var>${json_data}</var>
<arg>${response.json()}</arg>
<doc>Returns the given values which can then be assigned to a variables.</doc>
<status status="PASS" start="2024-04-24T01:01:20.698662" elapsed="0.000548"/>
</kw>
<kw name="Log" owner="BuiltIn">
<msg time="2024-04-24T01:01:20.699667" level="INFO">{'results': [{'gender': 'female', 'name': {'title': 'Mrs', 'first': 'Snizhana', 'last': 'Kurchenko'}, 'location': {'street': {'number': 8332, 'name': 'Kocyubinskogo'}, 'city': 'Kovel', 'state': 'Donecka', 'country': 'Ukraine', 'postcode': 43574, 'coordinates': {'latitude': '76.4741', 'longitude': '43.5345'}, 'timezone': {'offset': '-2:00', 'description': 'Mid-Atlantic'}}, 'email': 'snizhana.kurchenko@example.com', 'login': {'uuid': 'd796d763-5b22-4a28-8712-9bf1c6943306', 'username': 'blackmouse769', 'password': 'aside', 'salt': 'SjiNlFWD', 'md5': '05a7d69557b652a2d0e8f6b3820fb9d6', 'sha1': '56e800353fd9b38731812d68998e0df86af36aa0', 'sha256': 'ca53d2c5fd372da1a9557734520a8d8dadf6732d82692e089534c78191082558'}, 'dob': {'date': '2000-11-11T15:01:29.661Z', 'age': 23}, 'registered': {'date': '2004-05-05T06:04:50.587Z', 'age': 19}, 'phone': '(068) P22-1035', 'cell': '(099) J02-5360', 'id': {'name': '', 'value': None}, 'picture': {'large': 'https://randomuser.me/api/portraits/women/78.jpg', 'medium': 'https://randomuser.me/api/portraits/med/women/78.jpg', 'thumbnail': 'https://randomuser.me/api/portraits/thumb/women/78.jpg'}, 'nat': 'UA'}], 'info': {'seed': '47602c138b45982c', 'results': 1, 'page': 1, 'version': '1.4'}}</msg>
<arg>${json_data}</arg>
<doc>Logs the given message with the given level.</doc>
<status status="PASS" start="2024-04-24T01:01:20.699513" elapsed="0.000243"/>
</kw>
<kw name="Should Be String" owner="String">
<arg>${json_data['results'][0]['gender']}</arg>
<doc>Fails if the given ``item`` is not a string.</doc>
<status status="PASS" start="2024-04-24T01:01:20.700049" elapsed="0.000361"/>
</kw>
<kw name="Should Match Regexp" owner="BuiltIn">
<arg>${json_data['results'][0]['email']}</arg>
<arg>^[a-zA-Z0-9._%+-]+@[a-zA-Z0-9.-]+\.[a-zA-Z]{2,}$</arg>
<doc>Fails if ``string`` does not match ``pattern`` as a regular expression.</doc>
<status status="PASS" start="2024-04-24T01:01:20.700600" elapsed="0.000518"/>
</kw>
<kw name="Should Match Regexp" owner="BuiltIn">
<arg>${json_data['results'][0]['dob']['date']}</arg>
<arg>\\d{4}-\\d{2}-\\d{2}T\\d{2}:\\d{2}:\\d{2}\\.\\d{3}Z</arg>
<doc>Fails if ``string`` does not match ``pattern`` as a regular expression.</doc>
<status status="PASS" start="2024-04-24T01:01:20.701310" elapsed="0.000481"/>
</kw>
<kw name="Should Match Regexp" owner="BuiltIn">
<arg>${json_data['results'][0]['registered']['date']}</arg>
<arg>\\d{4}-\\d{2}-\\d{2}T\\d{2}:\\d{2}:\\d{2}\\.\\d{3}Z</arg>
<doc>Fails if ``string`` does not match ``pattern`` as a regular expression.</doc>
<status status="PASS" start="2024-04-24T01:01:20.702023" elapsed="0.000413"/>
</kw>
<kw name="Should Match Regexp" owner="BuiltIn">
<arg>${json_data['results'][0]['picture']['large']}</arg>
<arg>^https?://.*\.(?:png|jpe?g|gif|bmp)$</arg>
<doc>Fails if ``string`` does not match ``pattern`` as a regular expression.</doc>
<status status="PASS" start="2024-04-24T01:01:20.702623" elapsed="0.000467"/>
</kw>
<kw name="Should Match Regexp" owner="BuiltIn">
<arg>${json_data['results'][0]['picture']['medium']}</arg>
<arg>^https?://.*\.(?:png|jpe?g|gif|bmp)$</arg>
<doc>Fails if ``string`` does not match ``pattern`` as a regular expression.</doc>
<status status="PASS" start="2024-04-24T01:01:20.703275" elapsed="0.000362"/>
</kw>
<kw name="Should Match Regexp" owner="BuiltIn">
<arg>${json_data['results'][0]['picture']['thumbnail']}</arg>
<arg>^https?://.*\.(?:png|jpe?g|gif|bmp)$</arg>
<doc>Fails if ``string`` does not match ``pattern`` as a regular expression.</doc>
<status status="PASS" start="2024-04-24T01:01:20.703825" elapsed="0.000348"/>
</kw>
<kw name="Log" owner="BuiltIn">
<msg time="2024-04-24T01:01:20.704673" level="INFO">{'large': 'https://randomuser.me/api/portraits/women/78.jpg', 'medium': 'https://randomuser.me/api/portraits/med/women/78.jpg', 'thumbnail': 'https://randomuser.me/api/portraits/thumb/women/78.jpg'}</msg>
<arg>${json_data['results'][0]['picture']}</arg>
<doc>Logs the given message with the given level.</doc>
<status status="PASS" start="2024-04-24T01:01:20.704352" elapsed="0.000367"/>
</kw>
<status status="PASS" start="2024-04-24T01:01:20.595752" elapsed="0.109227"/>
</kw>
<kw name="Teste de Tipos de Dados - Postcode" owner="random-user-service">
<kw name="GET On Session" owner="RequestsLibrary">
<msg time="2024-04-24T01:01:21.390702" level="INFO">GET Request : url=https://randomuser.me/api 
 path_url=/api 
 headers={'User-Agent': 'python-requests/2.31.0', 'Accept-Encoding': 'gzip, deflate', 'Accept': '*/*', 'Connection': 'keep-alive'} 
 body=None 
 </msg>
<msg time="2024-04-24T01:01:21.390814" level="INFO">GET Response : url=https://randomuser.me/api 
 status=200, reason=OK 
 headers={'Date': 'Wed, 24 Apr 2024 01:01:21 GMT', 'Content-Type': 'application/json; charset=utf-8', 'Transfer-Encoding': 'chunked', 'Connection': 'keep-alive', 'X-Powered-By': 'Express', 'Access-Control-Allow-Origin': '*', 'Cache-Control': 'no-cache', 'ETag': 'W/"48e-bM2mLZ4WLqYCQl1EW04L2tC2pg4"', 'Vary': 'Accept-Encoding', 'Content-Encoding': 'gzip', 'CF-Cache-Status': 'DYNAMIC', 'Report-To': '{"endpoints":[{"url":"https:\\/\\/a.nel.cloudflare.com\\/report\\/v4?s=DEcKPMGmy62jTFvnnDaZJJh8AH3nGFhfKmm0F8vyvGkuUktmtECj%2F11JAfdc%2Ftqn%2BLf4apxj6CJkqTJuQov7UXYTA%2FY7XBbkratKzqKjEpUxHuK1nVlvvyIxYzuZLKZ7"}],"group":"cf-nel","max_age":604800}', 'NEL': '{"success_fraction":0,"report_to":"cf-nel","max_age":604800}', 'Server': 'cloudflare', 'CF-RAY': '8792295c6a191060-ORD', 'alt-svc': 'h3=":443"; ma=86400'} 
 body={"results":[{"gender":"female","name":{"title":"Madame","first":"Hélène","last":"Dupuis"},"location":{"street":{"number":8969,"name":"Quai Charles-De-Gaulle"},"city":"Lens","state":"Luzern","country":"Switzerland","postcode":3974,"coordinates":{"latitude":"-56.7060","longitude":"113.3834"},"timezone":{"offset":"-3:30","description":"Newfoundland"}},"email":"helene.dupuis@example.com","login":{"uuid":"64f4e577-adac-48c9-8c27-58cf4a57a025","username":"lazyfrog566","password":"berlin","salt":"1OWFYLcX","md5":"0c63693ff398eccb7c2150130e39f302","sha1":"b2838a058fc1e1a111e3172adb6ca88ca5655455","sha256":"3f5cb4c29206f76077ffa69b0cb6e8f7030189c0ebd058f8cdc85031429dccad"},"dob":{"date":"1989-07-29T12:10:46.167Z","age":34},"registered":{"date":"2021-09-21T23:40:49.441Z","age":2},"phone":"077 601 34 59","cell":"077 981 46 19","id":{"name":"AVS","value":"756.4311.6419.24"},"picture":{"large":"https://randomuser.me/api/portraits/women/28.jpg","medium":"https://randomuser.me/api/portraits/med/women/28.jpg","thumbnail":"https://randomuser.me/api/portraits/thumb/women/28.jpg"},"nat":"CH"}],"info":{"seed":"481ff906b9d93848","results":1,"page":1,"version":"1.4"}} 
 </msg>
<msg time="2024-04-24T01:01:21.390900" level="INFO">/opt/hostedtoolcache/Python/3.12.3/x64/lib/python3.12/site-packages/urllib3/connectionpool.py:1103: InsecureRequestWarning: Unverified HTTPS request is being made to host 'randomuser.me'. Adding certificate verification is strongly advised. See: https://urllib3.readthedocs.io/en/latest/advanced-usage.html#tls-warnings
  warnings.warn(</msg>
<msg time="2024-04-24T01:01:21.391038" level="INFO">${response} = &lt;Response [200]&gt;</msg>
<var>${response}</var>
<arg>consultarAPI</arg>
<arg>/api</arg>
<doc>Sends a GET request on a previously created HTTP Session.</doc>
<status status="PASS" start="2024-04-24T01:01:20.705451" elapsed="0.685620"/>
</kw>
<kw name="Set Variable" owner="BuiltIn">
<msg time="2024-04-24T01:01:21.392149" level="INFO">${json_data} = {'results': [{'gender': 'female', 'name': {'title': 'Madame', 'first': 'Hélène', 'last': 'Dupuis'}, 'location': {'street': {'number': 8969, 'name': 'Quai Charles-De-Gaulle'}, 'city': 'Lens', 'state': ...</msg>
<var>${json_data}</var>
<arg>${response.json()}</arg>
<doc>Returns the given values which can then be assigned to a variables.</doc>
<status status="PASS" start="2024-04-24T01:01:21.391612" elapsed="0.000566"/>
</kw>
<kw name="Log" owner="BuiltIn">
<msg time="2024-04-24T01:01:21.392656" level="INFO">{'results': [{'gender': 'female', 'name': {'title': 'Madame', 'first': 'Hélène', 'last': 'Dupuis'}, 'location': {'street': {'number': 8969, 'name': 'Quai Charles-De-Gaulle'}, 'city': 'Lens', 'state': 'Luzern', 'country': 'Switzerland', 'postcode': 3974, 'coordinates': {'latitude': '-56.7060', 'longitude': '113.3834'}, 'timezone': {'offset': '-3:30', 'description': 'Newfoundland'}}, 'email': 'helene.dupuis@example.com', 'login': {'uuid': '64f4e577-adac-48c9-8c27-58cf4a57a025', 'username': 'lazyfrog566', 'password': 'berlin', 'salt': '1OWFYLcX', 'md5': '0c63693ff398eccb7c2150130e39f302', 'sha1': 'b2838a058fc1e1a111e3172adb6ca88ca5655455', 'sha256': '3f5cb4c29206f76077ffa69b0cb6e8f7030189c0ebd058f8cdc85031429dccad'}, 'dob': {'date': '1989-07-29T12:10:46.167Z', 'age': 34}, 'registered': {'date': '2021-09-21T23:40:49.441Z', 'age': 2}, 'phone': '077 601 34 59', 'cell': '077 981 46 19', 'id': {'name': 'AVS', 'value': '756.4311.6419.24'}, 'picture': {'large': 'https://randomuser.me/api/portraits/women/28.jpg', 'medium': 'https://randomuser.me/api/portraits/med/women/28.jpg', 'thumbnail': 'https://randomuser.me/api/portraits/thumb/women/28.jpg'}, 'nat': 'CH'}], 'info': {'seed': '481ff906b9d93848', 'results': 1, 'page': 1, 'version': '1.4'}}</msg>
<arg>${json_data}</arg>
<doc>Logs the given message with the given level.</doc>
<status status="PASS" start="2024-04-24T01:01:21.392494" elapsed="0.000245"/>
</kw>
<kw name="Should Be Equal As Numbers" owner="BuiltIn">
<arg>${json_data['results'][0]['location']['postcode']}</arg>
<arg>${json_data['results'][0]['location']['postcode']}</arg>
<doc>Fails if objects are unequal after converting them to real numbers.</doc>
<status status="PASS" start="2024-04-24T01:01:21.393219" elapsed="0.000670"/>
</kw>
<kw name="Log" owner="BuiltIn">
<msg time="2024-04-24T01:01:21.394434" level="INFO">3974</msg>
<arg>${json_data['results'][0]['location']['postcode']}</arg>
<doc>Logs the given message with the given level.</doc>
<status status="PASS" start="2024-04-24T01:01:21.394089" elapsed="0.000386"/>
</kw>
<status status="PASS" start="2024-04-24T01:01:20.705211" elapsed="0.689522"/>
</kw>
<doc>Testa se os tipos de dados na resposta da API estão corretos.</doc>
<tag>testeTiposDados</tag>
<status status="PASS" start="2024-04-24T01:01:20.595287" elapsed="0.799611"/>
</test>
<test id="s1-s1-t5" name="Validar conteudo" line="35">
<kw name="Teste de Tipos de Conteudo" owner="random-user-service">
<kw name="GET On Session" owner="RequestsLibrary">
<msg time="2024-04-24T01:01:21.713435" level="INFO">GET Request : url=https://randomuser.me/api 
 path_url=/api 
 headers={'User-Agent': 'python-requests/2.31.0', 'Accept-Encoding': 'gzip, deflate', 'Accept': '*/*', 'Connection': 'keep-alive'} 
 body=None 
 </msg>
<msg time="2024-04-24T01:01:21.713543" level="INFO">GET Response : url=https://randomuser.me/api 
 status=200, reason=OK 
 headers={'Date': 'Wed, 24 Apr 2024 01:01:21 GMT', 'Content-Type': 'application/json; charset=utf-8', 'Transfer-Encoding': 'chunked', 'Connection': 'keep-alive', 'X-Powered-By': 'Express', 'Access-Control-Allow-Origin': '*', 'Cache-Control': 'no-cache', 'ETag': 'W/"491-ye89GNuuINeeFh8mnyCpSjNWD1k"', 'Vary': 'Accept-Encoding', 'Content-Encoding': 'gzip', 'CF-Cache-Status': 'DYNAMIC', 'Report-To': '{"endpoints":[{"url":"https:\\/\\/a.nel.cloudflare.com\\/report\\/v4?s=6nm0YFws63WuXvZtE1penWCEAdtizh1gWIhcW7pjtd0sInTR1vDEG%2Fg6%2BHt0OONt2jpeZXakFHxuq9OjbCnH7PmX9KPwUzYBT4g0nbsFSCHRVY4bdx%2FrMwo%2Fbs9YngCU"}],"group":"cf-nel","max_age":604800}', 'NEL': '{"success_fraction":0,"report_to":"cf-nel","max_age":604800}', 'Server': 'cloudflare', 'CF-RAY': '87922960b9c91060-ORD', 'alt-svc': 'h3=":443"; ma=86400'} 
 body={"results":[{"gender":"male","name":{"title":"Mr","first":"Nicolas","last":"Girard"},"location":{"street":{"number":1905,"name":"Rue Victor-Hugo"},"city":"Metz","state":"Maine-et-Loire","country":"France","postcode":28364,"coordinates":{"latitude":"-16.8931","longitude":"-94.8210"},"timezone":{"offset":"-11:00","description":"Midway Island, Samoa"}},"email":"nicolas.girard@example.com","login":{"uuid":"b603f793-d639-49e5-94de-7da4ed393629","username":"ticklishtiger542","password":"deejay","salt":"2xnJJ4vu","md5":"99991291add0832fa76db2ade9f18a33","sha1":"771b441b567fb16e232c4d7dfe96a22c56568b7e","sha256":"edf479641f0df27c9feb55304b7e6b0fcdec4da4bdd840eb49f9f486d9a938ed"},"dob":{"date":"1992-08-05T14:50:50.936Z","age":31},"registered":{"date":"2015-10-22T09:09:15.677Z","age":8},"phone":"05-82-52-31-61","cell":"06-01-86-98-55","id":{"name":"INSEE","value":"1920711601036 83"},"picture":{"large":"https://randomuser.me/api/portraits/men/29.jpg","medium":"https://randomuser.me/api/portraits/med/men/29.jpg","thumbnail":"https://randomuser.me/api/portraits/thumb/men/29.jpg"},"nat":"FR"}],"info":{"seed":"6a84557b1126fb05","results":1,"page":1,"version":"1.4"}} 
 </msg>
<msg time="2024-04-24T01:01:21.713632" level="INFO">/opt/hostedtoolcache/Python/3.12.3/x64/lib/python3.12/site-packages/urllib3/connectionpool.py:1103: InsecureRequestWarning: Unverified HTTPS request is being made to host 'randomuser.me'. Adding certificate verification is strongly advised. See: https://urllib3.readthedocs.io/en/latest/advanced-usage.html#tls-warnings
  warnings.warn(</msg>
<msg time="2024-04-24T01:01:21.713756" level="INFO">${response} = &lt;Response [200]&gt;</msg>
<var>${response}</var>
<arg>consultarAPI</arg>
<arg>/api</arg>
<doc>Sends a GET request on a previously created HTTP Session.</doc>
<status status="PASS" start="2024-04-24T01:01:21.397340" elapsed="0.316456"/>
</kw>
<kw name="Set Variable" owner="BuiltIn">
<msg time="2024-04-24T01:01:21.714843" level="INFO">${json_data} = {'results': [{'gender': 'male', 'name': {'title': 'Mr', 'first': 'Nicolas', 'last': 'Girard'}, 'location': {'street': {'number': 1905, 'name': 'Rue Victor-Hugo'}, 'city': 'Metz', 'state': 'Maine-et-Lo...</msg>
<var>${json_data}</var>
<arg>${response.json()}</arg>
<doc>Returns the given values which can then be assigned to a variables.</doc>
<status status="PASS" start="2024-04-24T01:01:21.714329" elapsed="0.000541"/>
</kw>
<kw name="Set Variable" owner="BuiltIn">
<msg time="2024-04-24T01:01:21.715555" level="INFO">${name_title} = Mr</msg>
<var>${name_title}</var>
<arg>${json_data["results"][0]["name"]["title"]}</arg>
<doc>Returns the given values which can then be assigned to a variables.</doc>
<status status="PASS" start="2024-04-24T01:01:21.715171" elapsed="0.000408"/>
</kw>
<kw name="Create List" owner="BuiltIn">
<msg time="2024-04-24T01:01:21.716017" level="INFO">${allowed_titles} = ['Mr', 'Ms', 'Miss', 'Mrs', 'Madame', 'Monsieur']</msg>
<var>${allowed_titles}</var>
<arg>Mr</arg>
<arg>Ms</arg>
<arg>Miss</arg>
<arg>Mrs</arg>
<arg>Madame</arg>
<arg>Monsieur</arg>
<doc>Returns a list containing given items.</doc>
<status status="PASS" start="2024-04-24T01:01:21.715872" elapsed="0.000169"/>
</kw>
<kw name="List Should Contain Value" owner="Collections">
<msg time="2024-04-24T01:01:21.716503" level="INFO">False</msg>
<arg>${allowed_titles}</arg>
<arg>${name_title}</arg>
<doc>Fails if the ``value`` is not found from ``list``.</doc>
<status status="PASS" start="2024-04-24T01:01:21.716333" elapsed="0.000204"/>
</kw>
<kw name="Set Variable" owner="BuiltIn">
<msg time="2024-04-24T01:01:21.717192" level="INFO">${name_country} = FR</msg>
<var>${name_country}</var>
<arg>${json_data["results"][0]["nat"]}</arg>
<doc>Returns the given values which can then be assigned to a variables.</doc>
<status status="PASS" start="2024-04-24T01:01:21.716820" elapsed="0.000396"/>
</kw>
<kw name="Create List" owner="BuiltIn">
<msg time="2024-04-24T01:01:21.718139" level="INFO">${list_country} = ['AD', 'AE', 'AF', 'AG', 'AI', 'AL', 'AM', 'AO', 'AQ', 'AR', 'AS', 'AT', 'AU', 'AW', 'AX', 'AZ', 'BA', 'BB', 'BD', 'BE', 'BF', 'BG', 'BH', 'BI', 'BJ', 'BL', 'BM', 'BN', 'BO', 'BQ', 'BR', 'BS', 'BT', '...</msg>
<var>${list_country}</var>
<arg>AD</arg>
<arg>AE</arg>
<arg>AF</arg>
<arg>AG</arg>
<arg>AI</arg>
<arg>AL</arg>
<arg>AM</arg>
<arg>AO</arg>
<arg>AQ</arg>
<arg>AR</arg>
<arg>AS</arg>
<arg>AT</arg>
<arg>AU</arg>
<arg>AW</arg>
<arg>AX</arg>
<arg>AZ</arg>
<arg>BA</arg>
<arg>BB</arg>
<arg>BD</arg>
<arg>BE</arg>
<arg>BF</arg>
<arg>BG</arg>
<arg>BH</arg>
<arg>BI</arg>
<arg>BJ</arg>
<arg>BL</arg>
<arg>BM</arg>
<arg>BN</arg>
<arg>BO</arg>
<arg>BQ</arg>
<arg>BR</arg>
<arg>BS</arg>
<arg>BT</arg>
<arg>BV</arg>
<arg>BW</arg>
<arg>BY</arg>
<arg>BZ</arg>
<arg>CA</arg>
<arg>CC</arg>
<arg>CD</arg>
<arg>CF</arg>
<arg>CG</arg>
<arg>CH</arg>
<arg>CI</arg>
<arg>CK</arg>
<arg>CL</arg>
<arg>CM</arg>
<arg>CN</arg>
<arg>CO</arg>
<arg>CR</arg>
<arg>CU</arg>
<arg>CV</arg>
<arg>CW</arg>
<arg>CX</arg>
<arg>CY</arg>
<arg>CZ</arg>
<arg>DE</arg>
<arg>DJ</arg>
<arg>DK</arg>
<arg>DM</arg>
<arg>DO</arg>
<arg>DZ</arg>
<arg>EC</arg>
<arg>EE</arg>
<arg>EG</arg>
<arg>EH</arg>
<arg>ER</arg>
<arg>ES</arg>
<arg>ET</arg>
<arg>FI</arg>
<arg>FJ</arg>
<arg>FK</arg>
<arg>FM</arg>
<arg>FO</arg>
<arg>FR</arg>
<arg>GA</arg>
<arg>GB</arg>
<arg>GD</arg>
<arg>GE</arg>
<arg>GF</arg>
<arg>GG</arg>
<arg>GH</arg>
<arg>GI</arg>
<arg>GL</arg>
<arg>GM</arg>
<arg>GN</arg>
<arg>GP</arg>
<arg>GQ</arg>
<arg>GR</arg>
<arg>GS</arg>
<arg>GT</arg>
<arg>GU</arg>
<arg>GW</arg>
<arg>GY</arg>
<arg>HK</arg>
<arg>HM</arg>
<arg>HN</arg>
<arg>HR</arg>
<arg>HT</arg>
<arg>HU</arg>
<arg>ID</arg>
<arg>IE</arg>
<arg>IL</arg>
<arg>IM</arg>
<arg>IN</arg>
<arg>IO</arg>
<arg>IQ</arg>
<arg>IR</arg>
<arg>IS</arg>
<arg>IT</arg>
<arg>JE</arg>
<arg>JM</arg>
<arg>JO</arg>
<arg>JP</arg>
<arg>KE</arg>
<arg>KG</arg>
<arg>KH</arg>
<arg>KI</arg>
<arg>KM</arg>
<arg>KN</arg>
<arg>KP</arg>
<arg>KR</arg>
<arg>KW</arg>
<arg>KY</arg>
<arg>KZ</arg>
<arg>LA</arg>
<arg>LB</arg>
<arg>LC</arg>
<arg>LI</arg>
<arg>LK</arg>
<arg>LR</arg>
<arg>LS</arg>
<arg>LT</arg>
<arg>LU</arg>
<arg>LV</arg>
<arg>LY</arg>
<arg>MA</arg>
<arg>MC</arg>
<arg>MD</arg>
<arg>ME</arg>
<arg>MF</arg>
<arg>MG</arg>
<arg>MH</arg>
<arg>MK</arg>
<arg>ML</arg>
<arg>MM</arg>
<arg>MN</arg>
<arg>MO</arg>
<arg>MP</arg>
<arg>MQ</arg>
<arg>MR</arg>
<arg>MS</arg>
<arg>MT</arg>
<arg>MU</arg>
<arg>MV</arg>
<arg>MW</arg>
<arg>MX</arg>
<arg>MY</arg>
<arg>MZ</arg>
<arg>NA</arg>
<arg>NC</arg>
<arg>NE</arg>
<arg>NF</arg>
<arg>NG</arg>
<arg>NI</arg>
<arg>NL</arg>
<arg>NO</arg>
<arg>NP</arg>
<arg>NR</arg>
<arg>NU</arg>
<arg>NZ</arg>
<arg>OM</arg>
<arg>PA</arg>
<arg>PE</arg>
<arg>PF</arg>
<arg>PG</arg>
<arg>PH</arg>
<arg>PK</arg>
<arg>PL</arg>
<arg>PM</arg>
<arg>PN</arg>
<arg>PR</arg>
<arg>PS</arg>
<arg>PT</arg>
<arg>PW</arg>
<arg>PY</arg>
<arg>QA</arg>
<arg>RE</arg>
<arg>RO</arg>
<arg>RS</arg>
<arg>RU</arg>
<arg>RW</arg>
<arg>SA</arg>
<arg>SB</arg>
<arg>SC</arg>
<arg>SD</arg>
<arg>SE</arg>
<arg>SG</arg>
<arg>SH</arg>
<arg>SI</arg>
<arg>SJ</arg>
<arg>SK</arg>
<arg>SL</arg>
<arg>SM</arg>
<arg>SN</arg>
<arg>SO</arg>
<arg>SR</arg>
<arg>SS</arg>
<arg>ST</arg>
<arg>SV</arg>
<arg>SX</arg>
<arg>SY</arg>
<arg>SZ</arg>
<arg>TC</arg>
<arg>TD</arg>
<arg>TF</arg>
<arg>TG</arg>
<arg>TH</arg>
<arg>TJ</arg>
<arg>TK</arg>
<arg>TL</arg>
<arg>TM</arg>
<arg>TN</arg>
<arg>TO</arg>
<arg>TR</arg>
<arg>TT</arg>
<arg>TV</arg>
<arg>TW</arg>
<arg>TZ</arg>
<arg>UA</arg>
<arg>UG</arg>
<arg>UM</arg>
<arg>US</arg>
<arg>UY</arg>
<arg>UZ</arg>
<arg>VA</arg>
<arg>VC</arg>
<arg>VE</arg>
<arg>VG</arg>
<arg>VI</arg>
<arg>VN</arg>
<arg>VU</arg>
<arg>WF</arg>
<arg>WS</arg>
<arg>XK</arg>
<arg>YE</arg>
<arg>YT</arg>
<arg>ZA</arg>
<arg>ZM</arg>
<arg>ZW</arg>
<doc>Returns a list containing given items.</doc>
<status status="PASS" start="2024-04-24T01:01:21.717513" elapsed="0.000652"/>
</kw>
<kw name="List Should Contain Value" owner="Collections">
<msg time="2024-04-24T01:01:21.719160" level="INFO">False</msg>
<arg>${list_country}</arg>
<arg>${name_country}</arg>
<doc>Fails if the ``value`` is not found from ``list``.</doc>
<status status="PASS" start="2024-04-24T01:01:21.718959" elapsed="0.000238"/>
</kw>
<kw name="Run Keyword If" owner="BuiltIn">
<kw name="Should Be True" owner="BuiltIn">
<arg>${True}</arg>
<doc>Fails if the given condition is not true.</doc>
<status status="PASS" start="2024-04-24T01:01:21.720259" elapsed="0.000255"/>
</kw>
<arg>${json_data["results"][0]["location"]["coordinates"]["latitude"]} &gt;= -90 and ${json_data["results"][0]["location"]["coordinates"]["latitude"]} &lt;= 90</arg>
<arg>Should Be True</arg>
<arg>${True}</arg>
<doc>Runs the given keyword with the given arguments, if ``condition`` is true.</doc>
<status status="PASS" start="2024-04-24T01:01:21.719512" elapsed="0.001133"/>
</kw>
<kw name="Run Keyword If" owner="BuiltIn">
<kw name="Should Be True" owner="BuiltIn">
<arg>${True}</arg>
<doc>Fails if the given condition is not true.</doc>
<status status="PASS" start="2024-04-24T01:01:21.721532" elapsed="0.000135"/>
</kw>
<arg>${json_data["results"][0]["location"]["coordinates"]["longitude"]} &gt;= -180 and ${json_data["results"][0]["location"]["coordinates"]["longitude"]} &lt;= 180</arg>
<arg>Should Be True</arg>
<arg>${True}</arg>
<doc>Runs the given keyword with the given arguments, if ``condition`` is true.</doc>
<status status="PASS" start="2024-04-24T01:01:21.720832" elapsed="0.000956"/>
</kw>
<status status="PASS" start="2024-04-24T01:01:21.397113" elapsed="0.324857"/>
</kw>
<doc>Testa o conteúdo específico dos campos retornados pela API.</doc>
<tag>testeConteudo</tag>
<status status="PASS" start="2024-04-24T01:01:21.396656" elapsed="0.325468"/>
</test>
<status status="PASS" start="2024-04-24T01:01:15.488397" elapsed="6.235677"/>
</suite>
<status status="PASS" start="2024-04-24T01:01:15.474821" elapsed="6.254358"/>
</suite>
<statistics>
<total>
<stat pass="5" fail="0" skip="0">All Tests</stat>
</total>
<tag>
<stat pass="1" fail="0" skip="0">testeConteudo</stat>
<stat pass="1" fail="0" skip="0">testeEstruturaResposta</stat>
<stat pass="1" fail="0" skip="0">testeRequisicaoBasica</stat>
<stat pass="1" fail="0" skip="0">testeTiposDados</stat>
</tag>
<suite>
<stat pass="5" fail="0" skip="0" id="s1" name="Tests">Tests</stat>
<stat pass="5" fail="0" skip="0" id="s1-s1" name="Random-User-Test">Tests.Random-User-Test</stat>
</suite>
</statistics>
<errors>
</errors>
</robot>
