<?xml version="1.0" encoding="UTF-8"?>
<robot generator="Robot 7.0 (Python 3.12.2 on linux)" generated="2024-04-08T23:14:26.318252" rpa="false" schemaversion="5">
<suite id="s1" name="Tests" source="/home/runner/work/DesafioQAItauRogerioJordao/DesafioQAItauRogerioJordao/RamdonUser/tests">
<suite id="s1-s1" name="Random-User-Test" source="/home/runner/work/DesafioQAItauRogerioJordao/DesafioQAItauRogerioJordao/RamdonUser/tests/random-user-test.robot">
<test id="s1-s1-t1" name="Conectar" line="13">
<kw name="Conectar API" owner="random-user-service">
<kw name="Create Session" owner="RequestsLibrary">
<msg time="2024-04-08T23:14:26.667306" level="INFO">Creating Session using : alias=consultarAPI, url=https://randomuser.me/, headers={},                     cookies={}, auth=None, timeout=None, proxies=None, verify=False,                     debug=0 </msg>
<arg>consultarAPI</arg>
<arg>${URL}</arg>
<doc>Create Session: create a HTTP session to a server</doc>
<status status="PASS" start="2024-04-08T23:14:26.667101" elapsed="0.000357"/>
</kw>
<status status="PASS" start="2024-04-08T23:14:26.666100" elapsed="0.001702"/>
</kw>
<status status="PASS" start="2024-04-08T23:14:26.665585" elapsed="0.002419"/>
</test>
<test id="s1-s1-t2" name="Validar retorno 200 e JSON Válido" line="16">
<kw name="Teste de Requisicao Basica" owner="random-user-service">
<kw name="GET On Session" owner="RequestsLibrary">
<msg time="2024-04-08T23:14:26.750100" level="INFO">GET Request : url=https://randomuser.me/api 
 path_url=/api 
 headers={'User-Agent': 'python-requests/2.31.0', 'Accept-Encoding': 'gzip, deflate', 'Accept': '*/*', 'Connection': 'keep-alive'} 
 body=None 
 </msg>
<msg time="2024-04-08T23:14:26.750214" level="INFO">GET Response : url=https://randomuser.me/api 
 status=200, reason=OK 
 headers={'Date': 'Mon, 08 Apr 2024 23:14:26 GMT', 'Content-Type': 'application/json; charset=utf-8', 'Transfer-Encoding': 'chunked', 'Connection': 'keep-alive', 'X-Powered-By': 'Express', 'Access-Control-Allow-Origin': '*', 'Cache-Control': 'no-cache', 'ETag': 'W/"491-jaTlkI1DzSXiD1eEM3ByRz41enQ"', 'Vary': 'Accept-Encoding', 'Content-Encoding': 'gzip', 'CF-Cache-Status': 'DYNAMIC', 'Report-To': '{"endpoints":[{"url":"https:\\/\\/a.nel.cloudflare.com\\/report\\/v4?s=20JMr4RSgYPTITriA8YvU1BB3bQRdakFr5DxbDeOswWwv6A7WEl5GZK7u6webDGXDYWBAclrwnWDKPTiTt2xt%2BJsFAQLCXRnOXT5J5Ez6Sp%2FH0My9wGt8eGptvjwzT8g"}],"group":"cf-nel","max_age":604800}', 'NEL': '{"success_fraction":0,"report_to":"cf-nel","max_age":604800}', 'Server': 'cloudflare', 'CF-RAY': '8715f424eec56197-ORD', 'alt-svc': 'h3=":443"; ma=86400'} 
 body={"results":[{"gender":"female","name":{"title":"Miss","first":"Katrine","last":"Rasmussen"},"location":{"street":{"number":388,"name":"Vestre Alle"},"city":"Juelsminde","state":"Midtjylland","country":"Denmark","postcode":56871,"coordinates":{"latitude":"-41.4201","longitude":"90.5364"},"timezone":{"offset":"-8:00","description":"Pacific Time (US &amp; Canada)"}},"email":"katrine.rasmussen@example.com","login":{"uuid":"7d220e55-8e66-4a83-b8ad-341dab40c680","username":"ticklishduck341","password":"oatmeal","salt":"3zxOGomG","md5":"01d641173074e57b9cc550dd26c4ccc2","sha1":"450ae897215c443628c80d59428381e2a69d2b88","sha256":"e3517e2cf17d136d731c0b523dcab7ac6423bcd9a8da880d7b1a86ea888ff5fa"},"dob":{"date":"1949-05-17T05:31:00.087Z","age":74},"registered":{"date":"2018-11-20T22:35:04.854Z","age":5},"phone":"72084506","cell":"34599820","id":{"name":"CPR","value":"170549-7777"},"picture":{"large":"https://randomuser.me/api/portraits/women/64.jpg","medium":"https://randomuser.me/api/portraits/med/women/64.jpg","thumbnail":"https://randomuser.me/api/portraits/thumb/women/64.jpg"},"nat":"DK"}],"info":{"seed":"7c9cd48df9d9e7d8","results":1,"page":1,"version":"1.4"}} 
 </msg>
<msg time="2024-04-08T23:14:26.750281" level="INFO">/opt/hostedtoolcache/Python/3.12.2/x64/lib/python3.12/site-packages/urllib3/connectionpool.py:1103: InsecureRequestWarning: Unverified HTTPS request is being made to host 'randomuser.me'. Adding certificate verification is strongly advised. See: https://urllib3.readthedocs.io/en/latest/advanced-usage.html#tls-warnings
  warnings.warn(</msg>
<msg time="2024-04-08T23:14:26.750404" level="INFO">${response} = &lt;Response [200]&gt;</msg>
<var>${response}</var>
<arg>consultarAPI</arg>
<arg>/api</arg>
<doc>Sends a GET request on a previously created HTTP Session.</doc>
<status status="PASS" start="2024-04-08T23:14:26.670565" elapsed="0.079883"/>
</kw>
<kw name="Should Be Equal As Numbers" owner="BuiltIn">
<msg time="2024-04-08T23:14:26.751261" level="INFO">Argument types are:
&lt;class 'int'&gt;
&lt;class 'str'&gt;</msg>
<arg>${response.status_code}</arg>
<arg>200</arg>
<doc>Fails if objects are unequal after converting them to real numbers.</doc>
<status status="PASS" start="2024-04-08T23:14:26.750866" elapsed="0.000457"/>
</kw>
<kw name="Log" owner="BuiltIn">
<msg time="2024-04-08T23:14:26.751998" level="INFO">200</msg>
<arg>${response.status_code}</arg>
<doc>Logs the given message with the given level.</doc>
<status status="PASS" start="2024-04-08T23:14:26.751642" elapsed="0.000399"/>
</kw>
<kw name="Set Variable" owner="BuiltIn">
<msg time="2024-04-08T23:14:26.752799" level="INFO">${json_data} = {'results': [{'gender': 'female', 'name': {'title': 'Miss', 'first': 'Katrine', 'last': 'Rasmussen'}, 'location': {'street': {'number': 388, 'name': 'Vestre Alle'}, 'city': 'Juelsminde', 'state': 'Mid...</msg>
<var>${json_data}</var>
<arg>${response.json()}</arg>
<doc>Returns the given values which can then be assigned to a variables.</doc>
<status status="PASS" start="2024-04-08T23:14:26.752367" elapsed="0.000460"/>
</kw>
<kw name="Dictionary Should Contain Key" owner="Collections">
<msg time="2024-04-08T23:14:26.753288" level="INFO">False</msg>
<arg>${json_data}</arg>
<arg>results</arg>
<doc>Fails if ``key`` is not found from ``dictionary``.</doc>
<status status="PASS" start="2024-04-08T23:14:26.753125" elapsed="0.000203"/>
</kw>
<status status="PASS" start="2024-04-08T23:14:26.670294" elapsed="0.083294"/>
</kw>
<doc>Testa se a API responde corretamente e retorna um objeto JSON válido.</doc>
<tag>testeRequisicaoBasica</tag>
<status status="PASS" start="2024-04-08T23:14:26.669824" elapsed="0.083936"/>
</test>
<test id="s1-s1-t3" name="Validar estrutura de resposta" line="22">
<kw name="Teste de Estrutura de Resposta" owner="random-user-service">
<kw name="GET On Session" owner="RequestsLibrary">
<msg time="2024-04-08T23:14:26.852153" level="INFO">GET Request : url=https://randomuser.me/api 
 path_url=/api 
 headers={'User-Agent': 'python-requests/2.31.0', 'Accept-Encoding': 'gzip, deflate', 'Accept': '*/*', 'Connection': 'keep-alive'} 
 body=None 
 </msg>
<msg time="2024-04-08T23:14:26.852241" level="INFO">GET Response : url=https://randomuser.me/api 
 status=200, reason=OK 
 headers={'Date': 'Mon, 08 Apr 2024 23:14:26 GMT', 'Content-Type': 'application/json; charset=utf-8', 'Transfer-Encoding': 'chunked', 'Connection': 'keep-alive', 'X-Powered-By': 'Express', 'Access-Control-Allow-Origin': '*', 'Cache-Control': 'no-cache', 'ETag': 'W/"4a7-/wQPoxNrOS3AUWKq6rtPCS270U8"', 'Vary': 'Accept-Encoding', 'Content-Encoding': 'gzip', 'CF-Cache-Status': 'DYNAMIC', 'Report-To': '{"endpoints":[{"url":"https:\\/\\/a.nel.cloudflare.com\\/report\\/v4?s=PiMlt0%2FcxUdH2zblYX9rvRCGz6otMVCOwbuV1CoVfp1p5bFxvwui8OcXlUVVuYne2hdgk7dvdyzphLJmxLfug6Tba3fxMcpFGsuhDakLd7X02MXcbaD2B%2F5LuGP%2BVYpq"}],"group":"cf-nel","max_age":604800}', 'NEL': '{"success_fraction":0,"report_to":"cf-nel","max_age":604800}', 'Server': 'cloudflare', 'CF-RAY': '8715f4253f1e6197-ORD', 'alt-svc': 'h3=":443"; ma=86400'} 
 body={"results":[{"gender":"female","name":{"title":"Mrs","first":"Paulina","last":"Zamora"},"location":{"street":{"number":2572,"name":"Callejón Sur Vaca"},"city":"Paso de Cuarenta","state":"Chihuahua","country":"Mexico","postcode":51264,"coordinates":{"latitude":"29.2257","longitude":"106.0667"},"timezone":{"offset":"-8:00","description":"Pacific Time (US &amp; Canada)"}},"email":"paulina.zamora@example.com","login":{"uuid":"df724492-768e-45e1-af6f-8e443c915c5f","username":"whiteleopard915","password":"greatone","salt":"zH3w5f50","md5":"4e45dcf94588f56dd2b851d2aa6da090","sha1":"96e5a8489b4f99c77b80e5082fae12a14bc09ab8","sha256":"0107dc9531c93ed1c3ecebd16a3d1ab410b63c9cd4aee82a8ffd2739382c66e5"},"dob":{"date":"1959-11-27T13:03:01.859Z","age":64},"registered":{"date":"2007-07-14T19:02:55.943Z","age":16},"phone":"(675) 037 3951","cell":"(630) 001 0816","id":{"name":"NSS","value":"77 55 88 9791 6"},"picture":{"large":"https://randomuser.me/api/portraits/women/20.jpg","medium":"https://randomuser.me/api/portraits/med/women/20.jpg","thumbnail":"https://randomuser.me/api/portraits/thumb/women/20.jpg"},"nat":"MX"}],"info":{"seed":"aacd790495c7c045","results":1,"page":1,"version":"1.4"}} 
 </msg>
<msg time="2024-04-08T23:14:26.852373" level="INFO">/opt/hostedtoolcache/Python/3.12.2/x64/lib/python3.12/site-packages/urllib3/connectionpool.py:1103: InsecureRequestWarning: Unverified HTTPS request is being made to host 'randomuser.me'. Adding certificate verification is strongly advised. See: https://urllib3.readthedocs.io/en/latest/advanced-usage.html#tls-warnings
  warnings.warn(</msg>
<msg time="2024-04-08T23:14:26.852464" level="INFO">${response} = &lt;Response [200]&gt;</msg>
<var>${response}</var>
<arg>consultarAPI</arg>
<arg>/api</arg>
<doc>Sends a GET request on a previously created HTTP Session.</doc>
<status status="PASS" start="2024-04-08T23:14:26.756452" elapsed="0.096039"/>
</kw>
<kw name="Set Variable" owner="BuiltIn">
<msg time="2024-04-08T23:14:26.853339" level="INFO">${json_data} = {'results': [{'gender': 'female', 'name': {'title': 'Mrs', 'first': 'Paulina', 'last': 'Zamora'}, 'location': {'street': {'number': 2572, 'name': 'Callejón Sur Vaca'}, 'city': 'Paso de Cuarenta', 'sta...</msg>
<var>${json_data}</var>
<arg>${response.json()}</arg>
<doc>Returns the given values which can then be assigned to a variables.</doc>
<status status="PASS" start="2024-04-08T23:14:26.852876" elapsed="0.000492"/>
</kw>
<kw name="Log" owner="BuiltIn">
<msg time="2024-04-08T23:14:26.853851" level="INFO">{'results': [{'gender': 'female', 'name': {'title': 'Mrs', 'first': 'Paulina', 'last': 'Zamora'}, 'location': {'street': {'number': 2572, 'name': 'Callejón Sur Vaca'}, 'city': 'Paso de Cuarenta', 'state': 'Chihuahua', 'country': 'Mexico', 'postcode': 51264, 'coordinates': {'latitude': '29.2257', 'longitude': '106.0667'}, 'timezone': {'offset': '-8:00', 'description': 'Pacific Time (US &amp; Canada)'}}, 'email': 'paulina.zamora@example.com', 'login': {'uuid': 'df724492-768e-45e1-af6f-8e443c915c5f', 'username': 'whiteleopard915', 'password': 'greatone', 'salt': 'zH3w5f50', 'md5': '4e45dcf94588f56dd2b851d2aa6da090', 'sha1': '96e5a8489b4f99c77b80e5082fae12a14bc09ab8', 'sha256': '0107dc9531c93ed1c3ecebd16a3d1ab410b63c9cd4aee82a8ffd2739382c66e5'}, 'dob': {'date': '1959-11-27T13:03:01.859Z', 'age': 64}, 'registered': {'date': '2007-07-14T19:02:55.943Z', 'age': 16}, 'phone': '(675) 037 3951', 'cell': '(630) 001 0816', 'id': {'name': 'NSS', 'value': '77 55 88 9791 6'}, 'picture': {'large': 'https://randomuser.me/api/portraits/women/20.jpg', 'medium': 'https://randomuser.me/api/portraits/med/women/20.jpg', 'thumbnail': 'https://randomuser.me/api/portraits/thumb/women/20.jpg'}, 'nat': 'MX'}], 'info': {'seed': 'aacd790495c7c045', 'results': 1, 'page': 1, 'version': '1.4'}}</msg>
<arg>${json_data}</arg>
<doc>Logs the given message with the given level.</doc>
<status status="PASS" start="2024-04-08T23:14:26.853689" elapsed="0.000214"/>
</kw>
<kw name="Dictionary Should Contain Key" owner="Collections">
<msg time="2024-04-08T23:14:26.854356" level="INFO">False</msg>
<arg>${json_data}</arg>
<arg>results</arg>
<doc>Fails if ``key`` is not found from ``dictionary``.</doc>
<status status="PASS" start="2024-04-08T23:14:26.854203" elapsed="0.000191"/>
</kw>
<kw name="Should Not Be Empty" owner="BuiltIn">
<msg time="2024-04-08T23:14:26.854872" level="INFO">Length is 2.</msg>
<arg>${json_data}</arg>
<doc>Verifies that the given item is not empty.</doc>
<status status="PASS" start="2024-04-08T23:14:26.854732" elapsed="0.000181"/>
</kw>
<kw name="Create List" owner="BuiltIn">
<msg time="2024-04-08T23:14:26.855360" level="INFO">${expected_keys} = ['gender', 'name', 'location', 'email', 'login']</msg>
<var>${expected_keys}</var>
<arg>gender</arg>
<arg>name</arg>
<arg>location</arg>
<arg>email</arg>
<arg>login</arg>
<doc>Returns a list containing given items.</doc>
<status status="PASS" start="2024-04-08T23:14:26.855210" elapsed="0.000175"/>
</kw>
<for flavor="IN">
<iter>
<kw name="Dictionary Should Contain Key" owner="Collections">
<msg time="2024-04-08T23:14:26.856331" level="INFO">False</msg>
<arg>${json_data['results'][0]}</arg>
<arg>${key}</arg>
<doc>Fails if ``key`` is not found from ``dictionary``.</doc>
<status status="PASS" start="2024-04-08T23:14:26.855933" elapsed="0.000439"/>
</kw>
<kw name="Log" owner="BuiltIn">
<msg time="2024-04-08T23:14:26.857047" level="INFO">{'gender': 'female', 'name': {'title': 'Mrs', 'first': 'Paulina', 'last': 'Zamora'}, 'location': {'street': {'number': 2572, 'name': 'Callejón Sur Vaca'}, 'city': 'Paso de Cuarenta', 'state': 'Chihuahua', 'country': 'Mexico', 'postcode': 51264, 'coordinates': {'latitude': '29.2257', 'longitude': '106.0667'}, 'timezone': {'offset': '-8:00', 'description': 'Pacific Time (US &amp; Canada)'}}, 'email': 'paulina.zamora@example.com', 'login': {'uuid': 'df724492-768e-45e1-af6f-8e443c915c5f', 'username': 'whiteleopard915', 'password': 'greatone', 'salt': 'zH3w5f50', 'md5': '4e45dcf94588f56dd2b851d2aa6da090', 'sha1': '96e5a8489b4f99c77b80e5082fae12a14bc09ab8', 'sha256': '0107dc9531c93ed1c3ecebd16a3d1ab410b63c9cd4aee82a8ffd2739382c66e5'}, 'dob': {'date': '1959-11-27T13:03:01.859Z', 'age': 64}, 'registered': {'date': '2007-07-14T19:02:55.943Z', 'age': 16}, 'phone': '(675) 037 3951', 'cell': '(630) 001 0816', 'id': {'name': 'NSS', 'value': '77 55 88 9791 6'}, 'picture': {'large': 'https://randomuser.me/api/portraits/women/20.jpg', 'medium': 'https://randomuser.me/api/portraits/med/women/20.jpg', 'thumbnail': 'https://randomuser.me/api/portraits/thumb/women/20.jpg'}, 'nat': 'MX'}</msg>
<arg>${json_data['results'][0]}</arg>
<doc>Logs the given message with the given level.</doc>
<status status="PASS" start="2024-04-08T23:14:26.856679" elapsed="0.000426"/>
</kw>
<kw name="Log" owner="BuiltIn">
<msg time="2024-04-08T23:14:26.857543" level="INFO">gender</msg>
<arg>${key}</arg>
<doc>Logs the given message with the given level.</doc>
<status status="PASS" start="2024-04-08T23:14:26.857411" elapsed="0.000171"/>
</kw>
<var name="${key}">gender</var>
<status status="PASS" start="2024-04-08T23:14:26.855812" elapsed="0.001991"/>
</iter>
<iter>
<kw name="Dictionary Should Contain Key" owner="Collections">
<msg time="2024-04-08T23:14:26.858488" level="INFO">False</msg>
<arg>${json_data['results'][0]}</arg>
<arg>${key}</arg>
<doc>Fails if ``key`` is not found from ``dictionary``.</doc>
<status status="PASS" start="2024-04-08T23:14:26.858103" elapsed="0.000476"/>
</kw>
<kw name="Log" owner="BuiltIn">
<msg time="2024-04-08T23:14:26.859262" level="INFO">{'gender': 'female', 'name': {'title': 'Mrs', 'first': 'Paulina', 'last': 'Zamora'}, 'location': {'street': {'number': 2572, 'name': 'Callejón Sur Vaca'}, 'city': 'Paso de Cuarenta', 'state': 'Chihuahua', 'country': 'Mexico', 'postcode': 51264, 'coordinates': {'latitude': '29.2257', 'longitude': '106.0667'}, 'timezone': {'offset': '-8:00', 'description': 'Pacific Time (US &amp; Canada)'}}, 'email': 'paulina.zamora@example.com', 'login': {'uuid': 'df724492-768e-45e1-af6f-8e443c915c5f', 'username': 'whiteleopard915', 'password': 'greatone', 'salt': 'zH3w5f50', 'md5': '4e45dcf94588f56dd2b851d2aa6da090', 'sha1': '96e5a8489b4f99c77b80e5082fae12a14bc09ab8', 'sha256': '0107dc9531c93ed1c3ecebd16a3d1ab410b63c9cd4aee82a8ffd2739382c66e5'}, 'dob': {'date': '1959-11-27T13:03:01.859Z', 'age': 64}, 'registered': {'date': '2007-07-14T19:02:55.943Z', 'age': 16}, 'phone': '(675) 037 3951', 'cell': '(630) 001 0816', 'id': {'name': 'NSS', 'value': '77 55 88 9791 6'}, 'picture': {'large': 'https://randomuser.me/api/portraits/women/20.jpg', 'medium': 'https://randomuser.me/api/portraits/med/women/20.jpg', 'thumbnail': 'https://randomuser.me/api/portraits/thumb/women/20.jpg'}, 'nat': 'MX'}</msg>
<arg>${json_data['results'][0]}</arg>
<doc>Logs the given message with the given level.</doc>
<status status="PASS" start="2024-04-08T23:14:26.858897" elapsed="0.000417"/>
</kw>
<kw name="Log" owner="BuiltIn">
<msg time="2024-04-08T23:14:26.859738" level="INFO">name</msg>
<arg>${key}</arg>
<doc>Logs the given message with the given level.</doc>
<status status="PASS" start="2024-04-08T23:14:26.859610" elapsed="0.000166"/>
</kw>
<var name="${key}">name</var>
<status status="PASS" start="2024-04-08T23:14:26.857988" elapsed="0.002003"/>
</iter>
<iter>
<kw name="Dictionary Should Contain Key" owner="Collections">
<msg time="2024-04-08T23:14:26.860665" level="INFO">False</msg>
<arg>${json_data['results'][0]}</arg>
<arg>${key}</arg>
<doc>Fails if ``key`` is not found from ``dictionary``.</doc>
<status status="PASS" start="2024-04-08T23:14:26.860283" elapsed="0.000420"/>
</kw>
<kw name="Log" owner="BuiltIn">
<msg time="2024-04-08T23:14:26.861368" level="INFO">{'gender': 'female', 'name': {'title': 'Mrs', 'first': 'Paulina', 'last': 'Zamora'}, 'location': {'street': {'number': 2572, 'name': 'Callejón Sur Vaca'}, 'city': 'Paso de Cuarenta', 'state': 'Chihuahua', 'country': 'Mexico', 'postcode': 51264, 'coordinates': {'latitude': '29.2257', 'longitude': '106.0667'}, 'timezone': {'offset': '-8:00', 'description': 'Pacific Time (US &amp; Canada)'}}, 'email': 'paulina.zamora@example.com', 'login': {'uuid': 'df724492-768e-45e1-af6f-8e443c915c5f', 'username': 'whiteleopard915', 'password': 'greatone', 'salt': 'zH3w5f50', 'md5': '4e45dcf94588f56dd2b851d2aa6da090', 'sha1': '96e5a8489b4f99c77b80e5082fae12a14bc09ab8', 'sha256': '0107dc9531c93ed1c3ecebd16a3d1ab410b63c9cd4aee82a8ffd2739382c66e5'}, 'dob': {'date': '1959-11-27T13:03:01.859Z', 'age': 64}, 'registered': {'date': '2007-07-14T19:02:55.943Z', 'age': 16}, 'phone': '(675) 037 3951', 'cell': '(630) 001 0816', 'id': {'name': 'NSS', 'value': '77 55 88 9791 6'}, 'picture': {'large': 'https://randomuser.me/api/portraits/women/20.jpg', 'medium': 'https://randomuser.me/api/portraits/med/women/20.jpg', 'thumbnail': 'https://randomuser.me/api/portraits/thumb/women/20.jpg'}, 'nat': 'MX'}</msg>
<arg>${json_data['results'][0]}</arg>
<doc>Logs the given message with the given level.</doc>
<status status="PASS" start="2024-04-08T23:14:26.861007" elapsed="0.000417"/>
</kw>
<kw name="Log" owner="BuiltIn">
<msg time="2024-04-08T23:14:26.861848" level="INFO">location</msg>
<arg>${key}</arg>
<doc>Logs the given message with the given level.</doc>
<status status="PASS" start="2024-04-08T23:14:26.861721" elapsed="0.000164"/>
</kw>
<var name="${key}">location</var>
<status status="PASS" start="2024-04-08T23:14:26.860171" elapsed="0.001927"/>
</iter>
<iter>
<kw name="Dictionary Should Contain Key" owner="Collections">
<msg time="2024-04-08T23:14:26.862780" level="INFO">False</msg>
<arg>${json_data['results'][0]}</arg>
<arg>${key}</arg>
<doc>Fails if ``key`` is not found from ``dictionary``.</doc>
<status status="PASS" start="2024-04-08T23:14:26.862380" elapsed="0.000438"/>
</kw>
<kw name="Log" owner="BuiltIn">
<msg time="2024-04-08T23:14:26.863486" level="INFO">{'gender': 'female', 'name': {'title': 'Mrs', 'first': 'Paulina', 'last': 'Zamora'}, 'location': {'street': {'number': 2572, 'name': 'Callejón Sur Vaca'}, 'city': 'Paso de Cuarenta', 'state': 'Chihuahua', 'country': 'Mexico', 'postcode': 51264, 'coordinates': {'latitude': '29.2257', 'longitude': '106.0667'}, 'timezone': {'offset': '-8:00', 'description': 'Pacific Time (US &amp; Canada)'}}, 'email': 'paulina.zamora@example.com', 'login': {'uuid': 'df724492-768e-45e1-af6f-8e443c915c5f', 'username': 'whiteleopard915', 'password': 'greatone', 'salt': 'zH3w5f50', 'md5': '4e45dcf94588f56dd2b851d2aa6da090', 'sha1': '96e5a8489b4f99c77b80e5082fae12a14bc09ab8', 'sha256': '0107dc9531c93ed1c3ecebd16a3d1ab410b63c9cd4aee82a8ffd2739382c66e5'}, 'dob': {'date': '1959-11-27T13:03:01.859Z', 'age': 64}, 'registered': {'date': '2007-07-14T19:02:55.943Z', 'age': 16}, 'phone': '(675) 037 3951', 'cell': '(630) 001 0816', 'id': {'name': 'NSS', 'value': '77 55 88 9791 6'}, 'picture': {'large': 'https://randomuser.me/api/portraits/women/20.jpg', 'medium': 'https://randomuser.me/api/portraits/med/women/20.jpg', 'thumbnail': 'https://randomuser.me/api/portraits/thumb/women/20.jpg'}, 'nat': 'MX'}</msg>
<arg>${json_data['results'][0]}</arg>
<doc>Logs the given message with the given level.</doc>
<status status="PASS" start="2024-04-08T23:14:26.863118" elapsed="0.000419"/>
</kw>
<kw name="Log" owner="BuiltIn">
<msg time="2024-04-08T23:14:26.863963" level="INFO">email</msg>
<arg>${key}</arg>
<doc>Logs the given message with the given level.</doc>
<status status="PASS" start="2024-04-08T23:14:26.863836" elapsed="0.000165"/>
</kw>
<var name="${key}">email</var>
<status status="PASS" start="2024-04-08T23:14:26.862270" elapsed="0.001944"/>
</iter>
<iter>
<kw name="Dictionary Should Contain Key" owner="Collections">
<msg time="2024-04-08T23:14:26.864883" level="INFO">False</msg>
<arg>${json_data['results'][0]}</arg>
<arg>${key}</arg>
<doc>Fails if ``key`` is not found from ``dictionary``.</doc>
<status status="PASS" start="2024-04-08T23:14:26.864501" elapsed="0.000418"/>
</kw>
<kw name="Log" owner="BuiltIn">
<msg time="2024-04-08T23:14:26.865574" level="INFO">{'gender': 'female', 'name': {'title': 'Mrs', 'first': 'Paulina', 'last': 'Zamora'}, 'location': {'street': {'number': 2572, 'name': 'Callejón Sur Vaca'}, 'city': 'Paso de Cuarenta', 'state': 'Chihuahua', 'country': 'Mexico', 'postcode': 51264, 'coordinates': {'latitude': '29.2257', 'longitude': '106.0667'}, 'timezone': {'offset': '-8:00', 'description': 'Pacific Time (US &amp; Canada)'}}, 'email': 'paulina.zamora@example.com', 'login': {'uuid': 'df724492-768e-45e1-af6f-8e443c915c5f', 'username': 'whiteleopard915', 'password': 'greatone', 'salt': 'zH3w5f50', 'md5': '4e45dcf94588f56dd2b851d2aa6da090', 'sha1': '96e5a8489b4f99c77b80e5082fae12a14bc09ab8', 'sha256': '0107dc9531c93ed1c3ecebd16a3d1ab410b63c9cd4aee82a8ffd2739382c66e5'}, 'dob': {'date': '1959-11-27T13:03:01.859Z', 'age': 64}, 'registered': {'date': '2007-07-14T19:02:55.943Z', 'age': 16}, 'phone': '(675) 037 3951', 'cell': '(630) 001 0816', 'id': {'name': 'NSS', 'value': '77 55 88 9791 6'}, 'picture': {'large': 'https://randomuser.me/api/portraits/women/20.jpg', 'medium': 'https://randomuser.me/api/portraits/med/women/20.jpg', 'thumbnail': 'https://randomuser.me/api/portraits/thumb/women/20.jpg'}, 'nat': 'MX'}</msg>
<arg>${json_data['results'][0]}</arg>
<doc>Logs the given message with the given level.</doc>
<status status="PASS" start="2024-04-08T23:14:26.865209" elapsed="0.000415"/>
</kw>
<kw name="Log" owner="BuiltIn">
<msg time="2024-04-08T23:14:26.866048" level="INFO">login</msg>
<arg>${key}</arg>
<doc>Logs the given message with the given level.</doc>
<status status="PASS" start="2024-04-08T23:14:26.865920" elapsed="0.000200"/>
</kw>
<var name="${key}">login</var>
<status status="PASS" start="2024-04-08T23:14:26.864390" elapsed="0.001954"/>
</iter>
<var>${key}</var>
<value>@{expected_keys}</value>
<status status="PASS" start="2024-04-08T23:14:26.855636" elapsed="0.010831"/>
</for>
<kw name="Create List" owner="BuiltIn">
<msg time="2024-04-08T23:14:26.866830" level="INFO">${expected_keysTwo} = ['username', 'password']</msg>
<var>${expected_keysTwo}</var>
<arg>username</arg>
<arg>password</arg>
<doc>Returns a list containing given items.</doc>
<status status="PASS" start="2024-04-08T23:14:26.866692" elapsed="0.000162"/>
</kw>
<for flavor="IN">
<iter>
<kw name="Dictionary Should Contain Key" owner="Collections">
<msg time="2024-04-08T23:14:26.867849" level="INFO">False</msg>
<arg>${json_data['results'][0]['login']}</arg>
<arg>${keyTwo}</arg>
<doc>Fails if ``key`` is not found from ``dictionary``.</doc>
<status status="PASS" start="2024-04-08T23:14:26.867466" elapsed="0.000421"/>
</kw>
<kw name="Dictionary Should Contain Key" owner="Collections">
<msg time="2024-04-08T23:14:26.868560" level="INFO">False</msg>
<arg>${json_data['results'][0]['login']}</arg>
<arg>${keyTwo}</arg>
<doc>Fails if ``key`` is not found from ``dictionary``.</doc>
<status status="PASS" start="2024-04-08T23:14:26.868183" elapsed="0.000414"/>
</kw>
<kw name="Log" owner="BuiltIn">
<msg time="2024-04-08T23:14:26.869014" level="INFO">username</msg>
<arg>${keyTwo}</arg>
<doc>Logs the given message with the given level.</doc>
<status status="PASS" start="2024-04-08T23:14:26.868886" elapsed="0.000166"/>
</kw>
<var name="${keyTwo}">username</var>
<status status="PASS" start="2024-04-08T23:14:26.867344" elapsed="0.001922"/>
</iter>
<iter>
<kw name="Dictionary Should Contain Key" owner="Collections">
<msg time="2024-04-08T23:14:26.869922" level="INFO">False</msg>
<arg>${json_data['results'][0]['login']}</arg>
<arg>${keyTwo}</arg>
<doc>Fails if ``key`` is not found from ``dictionary``.</doc>
<status status="PASS" start="2024-04-08T23:14:26.869548" elapsed="0.000413"/>
</kw>
<kw name="Dictionary Should Contain Key" owner="Collections">
<msg time="2024-04-08T23:14:26.870661" level="INFO">False</msg>
<arg>${json_data['results'][0]['login']}</arg>
<arg>${keyTwo}</arg>
<doc>Fails if ``key`` is not found from ``dictionary``.</doc>
<status status="PASS" start="2024-04-08T23:14:26.870253" elapsed="0.000445"/>
</kw>
<kw name="Log" owner="BuiltIn">
<msg time="2024-04-08T23:14:26.871116" level="INFO">password</msg>
<arg>${keyTwo}</arg>
<doc>Logs the given message with the given level.</doc>
<status status="PASS" start="2024-04-08T23:14:26.870988" elapsed="0.000167"/>
</kw>
<var name="${keyTwo}">password</var>
<status status="PASS" start="2024-04-08T23:14:26.869439" elapsed="0.001929"/>
</iter>
<var>${keyTwo}</var>
<value>@{expected_keysTwo}</value>
<status status="PASS" start="2024-04-08T23:14:26.867089" elapsed="0.004400"/>
</for>
<status status="PASS" start="2024-04-08T23:14:26.756219" elapsed="0.115406"/>
</kw>
<doc>Testa a estrutura da resposta da API.</doc>
<tag>testeEstruturaResposta</tag>
<status status="PASS" start="2024-04-08T23:14:26.755605" elapsed="0.116169"/>
</test>
<test id="s1-s1-t4" name="Validar tipos de dados" line="28">
<kw name="Teste de Tipos de Dados" owner="random-user-service">
<kw name="GET On Session" owner="RequestsLibrary">
<msg time="2024-04-08T23:14:26.952866" level="INFO">GET Request : url=https://randomuser.me/api 
 path_url=/api 
 headers={'User-Agent': 'python-requests/2.31.0', 'Accept-Encoding': 'gzip, deflate', 'Accept': '*/*', 'Connection': 'keep-alive'} 
 body=None 
 </msg>
<msg time="2024-04-08T23:14:26.952949" level="INFO">GET Response : url=https://randomuser.me/api 
 status=200, reason=OK 
 headers={'Date': 'Mon, 08 Apr 2024 23:14:26 GMT', 'Content-Type': 'application/json; charset=utf-8', 'Transfer-Encoding': 'chunked', 'Connection': 'keep-alive', 'X-Powered-By': 'Express', 'Access-Control-Allow-Origin': '*', 'Cache-Control': 'no-cache', 'ETag': 'W/"474-P236oKaLPt0H2U5LJCtkJ8KJAHw"', 'Vary': 'Accept-Encoding', 'Content-Encoding': 'gzip', 'CF-Cache-Status': 'DYNAMIC', 'Report-To': '{"endpoints":[{"url":"https:\\/\\/a.nel.cloudflare.com\\/report\\/v4?s=n%2B61NwXELZbrlnMxjrGvShGBzX4TOebsASdKYlmYqEiWneqp75XbFx6n%2F5OXMl%2BSseV15BP9oZAgVavXODAB9g%2BXq4R5cMVVYvxVODrZOMtMxYHp6AXKA64IhliVrtY0"}],"group":"cf-nel","max_age":604800}', 'NEL': '{"success_fraction":0,"report_to":"cf-nel","max_age":604800}', 'Server': 'cloudflare', 'CF-RAY': '8715f425f8396197-ORD', 'alt-svc': 'h3=":443"; ma=86400'} 
 body={"results":[{"gender":"female","name":{"title":"Miss","first":"Tilia","last":"Norman"},"location":{"street":{"number":7278,"name":"Fetsundgata"},"city":"Skien","state":"Finnmark - Finnmárku","country":"Norway","postcode":"3120","coordinates":{"latitude":"43.3755","longitude":"9.1606"},"timezone":{"offset":"+4:30","description":"Kabul"}},"email":"tilia.norman@example.com","login":{"uuid":"e94ab3b3-bd58-4c0f-b936-552dd6b34527","username":"greengoose400","password":"catwoman","salt":"2wGWc8EK","md5":"83bf5bb2838b202896e97701b074abe6","sha1":"b8249450dd9caf222d102fd070c6cb519f45a8cd","sha256":"41285b964b8644ae5471832f62bd24cc152bd6b935c893383032c5bcb2e08154"},"dob":{"date":"1952-05-11T22:09:59.866Z","age":71},"registered":{"date":"2019-06-21T01:21:51.685Z","age":4},"phone":"57123147","cell":"43177324","id":{"name":"FN","value":"11055247678"},"picture":{"large":"https://randomuser.me/api/portraits/women/79.jpg","medium":"https://randomuser.me/api/portraits/med/women/79.jpg","thumbnail":"https://randomuser.me/api/portraits/thumb/women/79.jpg"},"nat":"NO"}],"info":{"seed":"aa47b5ba135908a3","results":1,"page":1,"version":"1.4"}} 
 </msg>
<msg time="2024-04-08T23:14:26.953023" level="INFO">/opt/hostedtoolcache/Python/3.12.2/x64/lib/python3.12/site-packages/urllib3/connectionpool.py:1103: InsecureRequestWarning: Unverified HTTPS request is being made to host 'randomuser.me'. Adding certificate verification is strongly advised. See: https://urllib3.readthedocs.io/en/latest/advanced-usage.html#tls-warnings
  warnings.warn(</msg>
<msg time="2024-04-08T23:14:26.953134" level="INFO">${response} = &lt;Response [200]&gt;</msg>
<var>${response}</var>
<arg>consultarAPI</arg>
<arg>/api</arg>
<doc>Sends a GET request on a previously created HTTP Session.</doc>
<status status="PASS" start="2024-04-08T23:14:26.874169" elapsed="0.079005"/>
</kw>
<kw name="Set Variable" owner="BuiltIn">
<msg time="2024-04-08T23:14:26.954081" level="INFO">${json_data} = {'results': [{'gender': 'female', 'name': {'title': 'Miss', 'first': 'Tilia', 'last': 'Norman'}, 'location': {'street': {'number': 7278, 'name': 'Fetsundgata'}, 'city': 'Skien', 'state': 'Finnmark - F...</msg>
<var>${json_data}</var>
<arg>${response.json()}</arg>
<doc>Returns the given values which can then be assigned to a variables.</doc>
<status status="PASS" start="2024-04-08T23:14:26.953633" elapsed="0.000475"/>
</kw>
<kw name="Log" owner="BuiltIn">
<msg time="2024-04-08T23:14:26.954627" level="INFO">{'results': [{'gender': 'female', 'name': {'title': 'Miss', 'first': 'Tilia', 'last': 'Norman'}, 'location': {'street': {'number': 7278, 'name': 'Fetsundgata'}, 'city': 'Skien', 'state': 'Finnmark - Finnmárku', 'country': 'Norway', 'postcode': '3120', 'coordinates': {'latitude': '43.3755', 'longitude': '9.1606'}, 'timezone': {'offset': '+4:30', 'description': 'Kabul'}}, 'email': 'tilia.norman@example.com', 'login': {'uuid': 'e94ab3b3-bd58-4c0f-b936-552dd6b34527', 'username': 'greengoose400', 'password': 'catwoman', 'salt': '2wGWc8EK', 'md5': '83bf5bb2838b202896e97701b074abe6', 'sha1': 'b8249450dd9caf222d102fd070c6cb519f45a8cd', 'sha256': '41285b964b8644ae5471832f62bd24cc152bd6b935c893383032c5bcb2e08154'}, 'dob': {'date': '1952-05-11T22:09:59.866Z', 'age': 71}, 'registered': {'date': '2019-06-21T01:21:51.685Z', 'age': 4}, 'phone': '57123147', 'cell': '43177324', 'id': {'name': 'FN', 'value': '11055247678'}, 'picture': {'large': 'https://randomuser.me/api/portraits/women/79.jpg', 'medium': 'https://randomuser.me/api/portraits/med/women/79.jpg', 'thumbnail': 'https://randomuser.me/api/portraits/thumb/women/79.jpg'}, 'nat': 'NO'}], 'info': {'seed': 'aa47b5ba135908a3', 'results': 1, 'page': 1, 'version': '1.4'}}</msg>
<arg>${json_data}</arg>
<doc>Logs the given message with the given level.</doc>
<status status="PASS" start="2024-04-08T23:14:26.954415" elapsed="0.000298"/>
</kw>
<kw name="Should Be String" owner="String">
<arg>${json_data['results'][0]['gender']}</arg>
<doc>Fails if the given ``item`` is not a string.</doc>
<status status="PASS" start="2024-04-08T23:14:26.955017" elapsed="0.000359"/>
</kw>
<kw name="Should Match Regexp" owner="BuiltIn">
<arg>${json_data['results'][0]['email']}</arg>
<arg>^[a-zA-Z0-9._%+-]+@[a-zA-Z0-9.-]+\.[a-zA-Z]{2,}$</arg>
<doc>Fails if ``string`` does not match ``pattern`` as a regular expression.</doc>
<status status="PASS" start="2024-04-08T23:14:26.955569" elapsed="0.000480"/>
</kw>
<kw name="Should Match Regexp" owner="BuiltIn">
<arg>${json_data['results'][0]['dob']['date']}</arg>
<arg>\\d{4}-\\d{2}-\\d{2}T\\d{2}:\\d{2}:\\d{2}\\.\\d{3}Z</arg>
<doc>Fails if ``string`` does not match ``pattern`` as a regular expression.</doc>
<status status="PASS" start="2024-04-08T23:14:26.956245" elapsed="0.000490"/>
</kw>
<kw name="Should Match Regexp" owner="BuiltIn">
<arg>${json_data['results'][0]['registered']['date']}</arg>
<arg>\\d{4}-\\d{2}-\\d{2}T\\d{2}:\\d{2}:\\d{2}\\.\\d{3}Z</arg>
<doc>Fails if ``string`` does not match ``pattern`` as a regular expression.</doc>
<status status="PASS" start="2024-04-08T23:14:26.956934" elapsed="0.000366"/>
</kw>
<kw name="Should Match Regexp" owner="BuiltIn">
<arg>${json_data['results'][0]['picture']['large']}</arg>
<arg>^https?://.*\.(?:png|jpe?g|gif|bmp)$</arg>
<doc>Fails if ``string`` does not match ``pattern`` as a regular expression.</doc>
<status status="PASS" start="2024-04-08T23:14:26.957487" elapsed="0.000451"/>
</kw>
<kw name="Should Match Regexp" owner="BuiltIn">
<arg>${json_data['results'][0]['picture']['medium']}</arg>
<arg>^https?://.*\.(?:png|jpe?g|gif|bmp)$</arg>
<doc>Fails if ``string`` does not match ``pattern`` as a regular expression.</doc>
<status status="PASS" start="2024-04-08T23:14:26.958125" elapsed="0.000355"/>
</kw>
<kw name="Should Match Regexp" owner="BuiltIn">
<arg>${json_data['results'][0]['picture']['thumbnail']}</arg>
<arg>^https?://.*\.(?:png|jpe?g|gif|bmp)$</arg>
<doc>Fails if ``string`` does not match ``pattern`` as a regular expression.</doc>
<status status="PASS" start="2024-04-08T23:14:26.958696" elapsed="0.000354"/>
</kw>
<kw name="Log" owner="BuiltIn">
<msg time="2024-04-08T23:14:26.959550" level="INFO">{'large': 'https://randomuser.me/api/portraits/women/79.jpg', 'medium': 'https://randomuser.me/api/portraits/med/women/79.jpg', 'thumbnail': 'https://randomuser.me/api/portraits/thumb/women/79.jpg'}</msg>
<arg>${json_data['results'][0]['picture']}</arg>
<doc>Logs the given message with the given level.</doc>
<status status="PASS" start="2024-04-08T23:14:26.959229" elapsed="0.000363"/>
</kw>
<status status="PASS" start="2024-04-08T23:14:26.873943" elapsed="0.085900"/>
</kw>
<kw name="Teste de Tipos de Dados - Postcode" owner="random-user-service">
<kw name="GET On Session" owner="RequestsLibrary">
<msg time="2024-04-08T23:14:27.048203" level="INFO">GET Request : url=https://randomuser.me/api 
 path_url=/api 
 headers={'User-Agent': 'python-requests/2.31.0', 'Accept-Encoding': 'gzip, deflate', 'Accept': '*/*', 'Connection': 'keep-alive'} 
 body=None 
 </msg>
<msg time="2024-04-08T23:14:27.048280" level="INFO">GET Response : url=https://randomuser.me/api 
 status=200, reason=OK 
 headers={'Date': 'Mon, 08 Apr 2024 23:14:27 GMT', 'Content-Type': 'application/json; charset=utf-8', 'Transfer-Encoding': 'chunked', 'Connection': 'keep-alive', 'X-Powered-By': 'Express', 'Access-Control-Allow-Origin': '*', 'Cache-Control': 'no-cache', 'ETag': 'W/"47d-ILn2Od+MetMlUtV4qw/JynrB+cY"', 'Vary': 'Accept-Encoding', 'Content-Encoding': 'gzip', 'CF-Cache-Status': 'DYNAMIC', 'Report-To': '{"endpoints":[{"url":"https:\\/\\/a.nel.cloudflare.com\\/report\\/v4?s=spaZuakQvQiIa4PUJ4ms88Gim3l%2BFIrNex4bmh%2BrwYmApzTmw%2FmlVsYY872UGQUrPpTHJAlIgzDU0tz%2FzMQNZx0BJE9qjttjsfeLD9M3X7ejGE5PlPzFjQ7ZfNq5H1Sr"}],"group":"cf-nel","max_age":604800}', 'NEL': '{"success_fraction":0,"report_to":"cf-nel","max_age":604800}', 'Server': 'cloudflare', 'CF-RAY': '8715f42688e76197-ORD', 'alt-svc': 'h3=":443"; ma=86400'} 
 body={"results":[{"gender":"female","name":{"title":"Mrs","first":"Lourdes","last":"Núñez"},"location":{"street":{"number":8288,"name":"Paseo de Zorrilla"},"city":"Oviedo","state":"Asturias","country":"Spain","postcode":64371,"coordinates":{"latitude":"-32.3614","longitude":"60.4236"},"timezone":{"offset":"-2:00","description":"Mid-Atlantic"}},"email":"lourdes.nunez@example.com","login":{"uuid":"8a96df92-9d0a-4c2a-b0d4-0e6394234d5c","username":"brownbird892","password":"stalker","salt":"2cNViNDc","md5":"ca367a906bd949a74f90540145b6287f","sha1":"a6ef76b9a46a062068fc9f4eb5bb86480db6bc82","sha256":"0e273d5cb190c53a3519e95bad6f4ea2f9941f6c9b886e3618558a40326d30d3"},"dob":{"date":"1966-10-01T20:17:38.498Z","age":57},"registered":{"date":"2006-07-02T16:41:33.986Z","age":17},"phone":"921-228-388","cell":"630-185-219","id":{"name":"DNI","value":"84022204-S"},"picture":{"large":"https://randomuser.me/api/portraits/women/56.jpg","medium":"https://randomuser.me/api/portraits/med/women/56.jpg","thumbnail":"https://randomuser.me/api/portraits/thumb/women/56.jpg"},"nat":"ES"}],"info":{"seed":"df127ac016f20a55","results":1,"page":1,"version":"1.4"}} 
 </msg>
<msg time="2024-04-08T23:14:27.048361" level="INFO">/opt/hostedtoolcache/Python/3.12.2/x64/lib/python3.12/site-packages/urllib3/connectionpool.py:1103: InsecureRequestWarning: Unverified HTTPS request is being made to host 'randomuser.me'. Adding certificate verification is strongly advised. See: https://urllib3.readthedocs.io/en/latest/advanced-usage.html#tls-warnings
  warnings.warn(</msg>
<msg time="2024-04-08T23:14:27.048465" level="INFO">${response} = &lt;Response [200]&gt;</msg>
<var>${response}</var>
<arg>consultarAPI</arg>
<arg>/api</arg>
<doc>Sends a GET request on a previously created HTTP Session.</doc>
<status status="PASS" start="2024-04-08T23:14:26.960287" elapsed="0.088222"/>
</kw>
<kw name="Set Variable" owner="BuiltIn">
<msg time="2024-04-08T23:14:27.049403" level="INFO">${json_data} = {'results': [{'gender': 'female', 'name': {'title': 'Mrs', 'first': 'Lourdes', 'last': 'Núñez'}, 'location': {'street': {'number': 8288, 'name': 'Paseo de Zorrilla'}, 'city': 'Oviedo', 'state': 'Astur...</msg>
<var>${json_data}</var>
<arg>${response.json()}</arg>
<doc>Returns the given values which can then be assigned to a variables.</doc>
<status status="PASS" start="2024-04-08T23:14:27.048963" elapsed="0.000468"/>
</kw>
<kw name="Log" owner="BuiltIn">
<msg time="2024-04-08T23:14:27.049888" level="INFO">{'results': [{'gender': 'female', 'name': {'title': 'Mrs', 'first': 'Lourdes', 'last': 'Núñez'}, 'location': {'street': {'number': 8288, 'name': 'Paseo de Zorrilla'}, 'city': 'Oviedo', 'state': 'Asturias', 'country': 'Spain', 'postcode': 64371, 'coordinates': {'latitude': '-32.3614', 'longitude': '60.4236'}, 'timezone': {'offset': '-2:00', 'description': 'Mid-Atlantic'}}, 'email': 'lourdes.nunez@example.com', 'login': {'uuid': '8a96df92-9d0a-4c2a-b0d4-0e6394234d5c', 'username': 'brownbird892', 'password': 'stalker', 'salt': '2cNViNDc', 'md5': 'ca367a906bd949a74f90540145b6287f', 'sha1': 'a6ef76b9a46a062068fc9f4eb5bb86480db6bc82', 'sha256': '0e273d5cb190c53a3519e95bad6f4ea2f9941f6c9b886e3618558a40326d30d3'}, 'dob': {'date': '1966-10-01T20:17:38.498Z', 'age': 57}, 'registered': {'date': '2006-07-02T16:41:33.986Z', 'age': 17}, 'phone': '921-228-388', 'cell': '630-185-219', 'id': {'name': 'DNI', 'value': '84022204-S'}, 'picture': {'large': 'https://randomuser.me/api/portraits/women/56.jpg', 'medium': 'https://randomuser.me/api/portraits/med/women/56.jpg', 'thumbnail': 'https://randomuser.me/api/portraits/thumb/women/56.jpg'}, 'nat': 'ES'}], 'info': {'seed': 'df127ac016f20a55', 'results': 1, 'page': 1, 'version': '1.4'}}</msg>
<arg>${json_data}</arg>
<doc>Logs the given message with the given level.</doc>
<status status="PASS" start="2024-04-08T23:14:27.049734" elapsed="0.000234"/>
</kw>
<kw name="Should Be Equal As Numbers" owner="BuiltIn">
<arg>${json_data['results'][0]['location']['postcode']}</arg>
<arg>${json_data['results'][0]['location']['postcode']}</arg>
<doc>Fails if objects are unequal after converting them to real numbers.</doc>
<status status="PASS" start="2024-04-08T23:14:27.050271" elapsed="0.000664"/>
</kw>
<kw name="Log" owner="BuiltIn">
<msg time="2024-04-08T23:14:27.051459" level="INFO">64371</msg>
<arg>${json_data['results'][0]['location']['postcode']}</arg>
<doc>Logs the given message with the given level.</doc>
<status status="PASS" start="2024-04-08T23:14:27.051127" elapsed="0.000373"/>
</kw>
<status status="PASS" start="2024-04-08T23:14:26.960053" elapsed="0.091697"/>
</kw>
<doc>Testa se os tipos de dados na resposta da API estão corretos.</doc>
<tag>testeTiposDados</tag>
<status status="PASS" start="2024-04-08T23:14:26.873500" elapsed="0.178410"/>
</test>
<test id="s1-s1-t5" name="Validar conteudo" line="35">
<kw name="Teste de Tipos de Conteudo" owner="random-user-service">
<kw name="GET On Session" owner="RequestsLibrary">
<msg time="2024-04-08T23:14:27.151281" level="INFO">GET Request : url=https://randomuser.me/api 
 path_url=/api 
 headers={'User-Agent': 'python-requests/2.31.0', 'Accept-Encoding': 'gzip, deflate', 'Accept': '*/*', 'Connection': 'keep-alive'} 
 body=None 
 </msg>
<msg time="2024-04-08T23:14:27.151345" level="INFO">GET Response : url=https://randomuser.me/api 
 status=200, reason=OK 
 headers={'Date': 'Mon, 08 Apr 2024 23:14:27 GMT', 'Content-Type': 'application/json; charset=utf-8', 'Transfer-Encoding': 'chunked', 'Connection': 'keep-alive', 'X-Powered-By': 'Express', 'Access-Control-Allow-Origin': '*', 'Cache-Control': 'no-cache', 'ETag': 'W/"4ab-t/QhsCmKDls5fVRJwstOp+cygPs"', 'Vary': 'Accept-Encoding', 'Content-Encoding': 'gzip', 'CF-Cache-Status': 'DYNAMIC', 'Report-To': '{"endpoints":[{"url":"https:\\/\\/a.nel.cloudflare.com\\/report\\/v4?s=YzExrnrWs6%2FKstdJKnzJXDXya3R%2BIhCFYkQe5O3Yg%2F9iCwwShUGT4OcdvkIsLIxsoZS%2F381P8Rhpb5dOWI4sU3g2bZgGYHE4z3tD3zjns7QE%2BujdYBhHXqhOu19tPpSa"}],"group":"cf-nel","max_age":604800}', 'NEL': '{"success_fraction":0,"report_to":"cf-nel","max_age":604800}', 'Server': 'cloudflare', 'CF-RAY': '8715f427199a6197-ORD', 'alt-svc': 'h3=":443"; ma=86400'} 
 body={"results":[{"gender":"female","name":{"title":"Miss","first":"Nastasija","last":"Milutinović"},"location":{"street":{"number":5924,"name":"Petrovića Brdo"},"city":"Požega","state":"West Bačka","country":"Serbia","postcode":65525,"coordinates":{"latitude":"58.6326","longitude":"161.5167"},"timezone":{"offset":"+10:00","description":"Eastern Australia, Guam, Vladivostok"}},"email":"nastasija.milutinovic@example.com","login":{"uuid":"a62e9aaf-959d-4783-ac16-e4c820fcebcb","username":"greentiger348","password":"barrett","salt":"wK1BFmNV","md5":"9b6b038704175b846c5f31612659fbc0","sha1":"d62da8c2480a58df9a066e74a1d4ea7750175c4f","sha256":"fd918f09ad454eb2fb0590317860d0f0319d9aa9243d7a367334a81982b456ba"},"dob":{"date":"1988-09-17T01:26:17.609Z","age":35},"registered":{"date":"2013-07-20T07:41:27.882Z","age":10},"phone":"019-7978-798","cell":"065-8617-012","id":{"name":"SID","value":"051804830"},"picture":{"large":"https://randomuser.me/api/portraits/women/15.jpg","medium":"https://randomuser.me/api/portraits/med/women/15.jpg","thumbnail":"https://randomuser.me/api/portraits/thumb/women/15.jpg"},"nat":"RS"}],"info":{"seed":"1fa95c45068b6de9","results":1,"page":1,"version":"1.4"}} 
 </msg>
<msg time="2024-04-08T23:14:27.151403" level="INFO">/opt/hostedtoolcache/Python/3.12.2/x64/lib/python3.12/site-packages/urllib3/connectionpool.py:1103: InsecureRequestWarning: Unverified HTTPS request is being made to host 'randomuser.me'. Adding certificate verification is strongly advised. See: https://urllib3.readthedocs.io/en/latest/advanced-usage.html#tls-warnings
  warnings.warn(</msg>
<msg time="2024-04-08T23:14:27.151490" level="INFO">${response} = &lt;Response [200]&gt;</msg>
<var>${response}</var>
<arg>consultarAPI</arg>
<arg>/api</arg>
<doc>Sends a GET request on a previously created HTTP Session.</doc>
<status status="PASS" start="2024-04-08T23:14:27.054335" elapsed="0.097195"/>
</kw>
<kw name="Set Variable" owner="BuiltIn">
<msg time="2024-04-08T23:14:27.152544" level="INFO">${json_data} = {'results': [{'gender': 'female', 'name': {'title': 'Miss', 'first': 'Nastasija', 'last': 'Milutinović'}, 'location': {'street': {'number': 5924, 'name': 'Petrovića Brdo'}, 'city': 'Požega', 'state': ...</msg>
<var>${json_data}</var>
<arg>${response.json()}</arg>
<doc>Returns the given values which can then be assigned to a variables.</doc>
<status status="PASS" start="2024-04-08T23:14:27.151977" elapsed="0.000597"/>
</kw>
<kw name="Set Variable" owner="BuiltIn">
<msg time="2024-04-08T23:14:27.153270" level="INFO">${name_title} = Miss</msg>
<var>${name_title}</var>
<arg>${json_data["results"][0]["name"]["title"]}</arg>
<doc>Returns the given values which can then be assigned to a variables.</doc>
<status status="PASS" start="2024-04-08T23:14:27.152882" elapsed="0.000413"/>
</kw>
<kw name="Create List" owner="BuiltIn">
<msg time="2024-04-08T23:14:27.153738" level="INFO">${allowed_titles} = ['Mr', 'Ms', 'Miss', 'Mrs', 'Madame', 'Monsieur']</msg>
<var>${allowed_titles}</var>
<arg>Mr</arg>
<arg>Ms</arg>
<arg>Miss</arg>
<arg>Mrs</arg>
<arg>Madame</arg>
<arg>Monsieur</arg>
<doc>Returns a list containing given items.</doc>
<status status="PASS" start="2024-04-08T23:14:27.153590" elapsed="0.000172"/>
</kw>
<kw name="List Should Contain Value" owner="Collections">
<msg time="2024-04-08T23:14:27.154236" level="INFO">False</msg>
<arg>${allowed_titles}</arg>
<arg>${name_title}</arg>
<doc>Fails if the ``value`` is not found from ``list``.</doc>
<status status="PASS" start="2024-04-08T23:14:27.154069" elapsed="0.000204"/>
</kw>
<kw name="Set Variable" owner="BuiltIn">
<msg time="2024-04-08T23:14:27.154976" level="INFO">${name_country} = RS</msg>
<var>${name_country}</var>
<arg>${json_data["results"][0]["nat"]}</arg>
<doc>Returns the given values which can then be assigned to a variables.</doc>
<status status="PASS" start="2024-04-08T23:14:27.154601" elapsed="0.000400"/>
</kw>
<kw name="Create List" owner="BuiltIn">
<msg time="2024-04-08T23:14:27.155900" level="INFO">${list_country} = ['AD', 'AE', 'AF', 'AG', 'AI', 'AL', 'AM', 'AO', 'AQ', 'AR', 'AS', 'AT', 'AU', 'AW', 'AX', 'AZ', 'BA', 'BB', 'BD', 'BE', 'BF', 'BG', 'BH', 'BI', 'BJ', 'BL', 'BM', 'BN', 'BO', 'BQ', 'BR', 'BS', 'BT', '...</msg>
<var>${list_country}</var>
<arg>AD</arg>
<arg>AE</arg>
<arg>AF</arg>
<arg>AG</arg>
<arg>AI</arg>
<arg>AL</arg>
<arg>AM</arg>
<arg>AO</arg>
<arg>AQ</arg>
<arg>AR</arg>
<arg>AS</arg>
<arg>AT</arg>
<arg>AU</arg>
<arg>AW</arg>
<arg>AX</arg>
<arg>AZ</arg>
<arg>BA</arg>
<arg>BB</arg>
<arg>BD</arg>
<arg>BE</arg>
<arg>BF</arg>
<arg>BG</arg>
<arg>BH</arg>
<arg>BI</arg>
<arg>BJ</arg>
<arg>BL</arg>
<arg>BM</arg>
<arg>BN</arg>
<arg>BO</arg>
<arg>BQ</arg>
<arg>BR</arg>
<arg>BS</arg>
<arg>BT</arg>
<arg>BV</arg>
<arg>BW</arg>
<arg>BY</arg>
<arg>BZ</arg>
<arg>CA</arg>
<arg>CC</arg>
<arg>CD</arg>
<arg>CF</arg>
<arg>CG</arg>
<arg>CH</arg>
<arg>CI</arg>
<arg>CK</arg>
<arg>CL</arg>
<arg>CM</arg>
<arg>CN</arg>
<arg>CO</arg>
<arg>CR</arg>
<arg>CU</arg>
<arg>CV</arg>
<arg>CW</arg>
<arg>CX</arg>
<arg>CY</arg>
<arg>CZ</arg>
<arg>DE</arg>
<arg>DJ</arg>
<arg>DK</arg>
<arg>DM</arg>
<arg>DO</arg>
<arg>DZ</arg>
<arg>EC</arg>
<arg>EE</arg>
<arg>EG</arg>
<arg>EH</arg>
<arg>ER</arg>
<arg>ES</arg>
<arg>ET</arg>
<arg>FI</arg>
<arg>FJ</arg>
<arg>FK</arg>
<arg>FM</arg>
<arg>FO</arg>
<arg>FR</arg>
<arg>GA</arg>
<arg>GB</arg>
<arg>GD</arg>
<arg>GE</arg>
<arg>GF</arg>
<arg>GG</arg>
<arg>GH</arg>
<arg>GI</arg>
<arg>GL</arg>
<arg>GM</arg>
<arg>GN</arg>
<arg>GP</arg>
<arg>GQ</arg>
<arg>GR</arg>
<arg>GS</arg>
<arg>GT</arg>
<arg>GU</arg>
<arg>GW</arg>
<arg>GY</arg>
<arg>HK</arg>
<arg>HM</arg>
<arg>HN</arg>
<arg>HR</arg>
<arg>HT</arg>
<arg>HU</arg>
<arg>ID</arg>
<arg>IE</arg>
<arg>IL</arg>
<arg>IM</arg>
<arg>IN</arg>
<arg>IO</arg>
<arg>IQ</arg>
<arg>IR</arg>
<arg>IS</arg>
<arg>IT</arg>
<arg>JE</arg>
<arg>JM</arg>
<arg>JO</arg>
<arg>JP</arg>
<arg>KE</arg>
<arg>KG</arg>
<arg>KH</arg>
<arg>KI</arg>
<arg>KM</arg>
<arg>KN</arg>
<arg>KP</arg>
<arg>KR</arg>
<arg>KW</arg>
<arg>KY</arg>
<arg>KZ</arg>
<arg>LA</arg>
<arg>LB</arg>
<arg>LC</arg>
<arg>LI</arg>
<arg>LK</arg>
<arg>LR</arg>
<arg>LS</arg>
<arg>LT</arg>
<arg>LU</arg>
<arg>LV</arg>
<arg>LY</arg>
<arg>MA</arg>
<arg>MC</arg>
<arg>MD</arg>
<arg>ME</arg>
<arg>MF</arg>
<arg>MG</arg>
<arg>MH</arg>
<arg>MK</arg>
<arg>ML</arg>
<arg>MM</arg>
<arg>MN</arg>
<arg>MO</arg>
<arg>MP</arg>
<arg>MQ</arg>
<arg>MR</arg>
<arg>MS</arg>
<arg>MT</arg>
<arg>MU</arg>
<arg>MV</arg>
<arg>MW</arg>
<arg>MX</arg>
<arg>MY</arg>
<arg>MZ</arg>
<arg>NA</arg>
<arg>NC</arg>
<arg>NE</arg>
<arg>NF</arg>
<arg>NG</arg>
<arg>NI</arg>
<arg>NL</arg>
<arg>NO</arg>
<arg>NP</arg>
<arg>NR</arg>
<arg>NU</arg>
<arg>NZ</arg>
<arg>OM</arg>
<arg>PA</arg>
<arg>PE</arg>
<arg>PF</arg>
<arg>PG</arg>
<arg>PH</arg>
<arg>PK</arg>
<arg>PL</arg>
<arg>PM</arg>
<arg>PN</arg>
<arg>PR</arg>
<arg>PS</arg>
<arg>PT</arg>
<arg>PW</arg>
<arg>PY</arg>
<arg>QA</arg>
<arg>RE</arg>
<arg>RO</arg>
<arg>RS</arg>
<arg>RU</arg>
<arg>RW</arg>
<arg>SA</arg>
<arg>SB</arg>
<arg>SC</arg>
<arg>SD</arg>
<arg>SE</arg>
<arg>SG</arg>
<arg>SH</arg>
<arg>SI</arg>
<arg>SJ</arg>
<arg>SK</arg>
<arg>SL</arg>
<arg>SM</arg>
<arg>SN</arg>
<arg>SO</arg>
<arg>SR</arg>
<arg>SS</arg>
<arg>ST</arg>
<arg>SV</arg>
<arg>SX</arg>
<arg>SY</arg>
<arg>SZ</arg>
<arg>TC</arg>
<arg>TD</arg>
<arg>TF</arg>
<arg>TG</arg>
<arg>TH</arg>
<arg>TJ</arg>
<arg>TK</arg>
<arg>TL</arg>
<arg>TM</arg>
<arg>TN</arg>
<arg>TO</arg>
<arg>TR</arg>
<arg>TT</arg>
<arg>TV</arg>
<arg>TW</arg>
<arg>TZ</arg>
<arg>UA</arg>
<arg>UG</arg>
<arg>UM</arg>
<arg>US</arg>
<arg>UY</arg>
<arg>UZ</arg>
<arg>VA</arg>
<arg>VC</arg>
<arg>VE</arg>
<arg>VG</arg>
<arg>VI</arg>
<arg>VN</arg>
<arg>VU</arg>
<arg>WF</arg>
<arg>WS</arg>
<arg>XK</arg>
<arg>YE</arg>
<arg>YT</arg>
<arg>ZA</arg>
<arg>ZM</arg>
<arg>ZW</arg>
<doc>Returns a list containing given items.</doc>
<status status="PASS" start="2024-04-08T23:14:27.155302" elapsed="0.000624"/>
</kw>
<kw name="List Should Contain Value" owner="Collections">
<msg time="2024-04-08T23:14:27.156905" level="INFO">False</msg>
<arg>${list_country}</arg>
<arg>${name_country}</arg>
<doc>Fails if the ``value`` is not found from ``list``.</doc>
<status status="PASS" start="2024-04-08T23:14:27.156704" elapsed="0.000237"/>
</kw>
<kw name="Run Keyword If" owner="BuiltIn">
<kw name="Should Be True" owner="BuiltIn">
<arg>${True}</arg>
<doc>Fails if the given condition is not true.</doc>
<status status="PASS" start="2024-04-08T23:14:27.158108" elapsed="0.000147"/>
</kw>
<arg>${json_data["results"][0]["location"]["coordinates"]["latitude"]} &gt;= -90 and ${json_data["results"][0]["location"]["coordinates"]["latitude"]} &lt;= 90</arg>
<arg>Should Be True</arg>
<arg>${True}</arg>
<doc>Runs the given keyword with the given arguments, if ``condition`` is true.</doc>
<status status="PASS" start="2024-04-08T23:14:27.157243" elapsed="0.001141"/>
</kw>
<kw name="Run Keyword If" owner="BuiltIn">
<kw name="Should Be True" owner="BuiltIn">
<arg>${True}</arg>
<doc>Fails if the given condition is not true.</doc>
<status status="PASS" start="2024-04-08T23:14:27.159313" elapsed="0.000141"/>
</kw>
<arg>${json_data["results"][0]["location"]["coordinates"]["longitude"]} &gt;= -180 and ${json_data["results"][0]["location"]["coordinates"]["longitude"]} &lt;= 180</arg>
<arg>Should Be True</arg>
<arg>${True}</arg>
<doc>Runs the given keyword with the given arguments, if ``condition`` is true.</doc>
<status status="PASS" start="2024-04-08T23:14:27.158601" elapsed="0.000983"/>
</kw>
<status status="PASS" start="2024-04-08T23:14:27.054115" elapsed="0.105599"/>
</kw>
<doc>Testa o conteúdo específico dos campos retornados pela API.</doc>
<tag>testeConteudo</tag>
<status status="PASS" start="2024-04-08T23:14:27.053617" elapsed="0.106242"/>
</test>
<status status="PASS" start="2024-04-08T23:14:26.370177" elapsed="0.791580"/>
</suite>
<status status="PASS" start="2024-04-08T23:14:26.356644" elapsed="0.810568"/>
</suite>
<statistics>
<total>
<stat pass="5" fail="0" skip="0">All Tests</stat>
</total>
<tag>
<stat pass="1" fail="0" skip="0">testeConteudo</stat>
<stat pass="1" fail="0" skip="0">testeEstruturaResposta</stat>
<stat pass="1" fail="0" skip="0">testeRequisicaoBasica</stat>
<stat pass="1" fail="0" skip="0">testeTiposDados</stat>
</tag>
<suite>
<stat pass="5" fail="0" skip="0" id="s1" name="Tests">Tests</stat>
<stat pass="5" fail="0" skip="0" id="s1-s1" name="Random-User-Test">Tests.Random-User-Test</stat>
</suite>
</statistics>
<errors>
</errors>
</robot>
