<?xml version="1.0" encoding="UTF-8"?>
<robot generator="Robot 7.0.1 (Python 3.12.4 on linux)" generated="2024-07-01T01:13:40.063477" rpa="false" schemaversion="5">
<suite id="s1" name="Tests" source="/home/runner/work/ApiRandomUser/ApiRandomUser/RamdonUser/tests">
<suite id="s1-s1" name="Random-User-Test" source="/home/runner/work/ApiRandomUser/ApiRandomUser/RamdonUser/tests/random-user-test.robot">
<test id="s1-s1-t1" name="Conectar" line="13">
<kw name="Conectar API" owner="random-user-service">
<kw name="Create Session" owner="RequestsLibrary">
<msg time="2024-07-01T01:13:40.485198" level="INFO">Creating Session using : alias=consultarAPI, url=https://randomuser.me/, headers={},                     cookies={}, auth=None, timeout=None, proxies=None, verify=False,                     debug=0 </msg>
<arg>consultarAPI</arg>
<arg>${URL}</arg>
<doc>Create Session: create a HTTP session to a server</doc>
<status status="PASS" start="2024-07-01T01:13:40.484995" elapsed="0.000380"/>
</kw>
<status status="PASS" start="2024-07-01T01:13:40.484018" elapsed="0.001720"/>
</kw>
<status status="PASS" start="2024-07-01T01:13:40.483401" elapsed="0.002549"/>
</test>
<test id="s1-s1-t2" name="Validar retorno 200 e JSON Válido" line="16">
<kw name="Teste de Requisicao Basica" owner="random-user-service">
<kw name="GET On Session" owner="RequestsLibrary">
<msg time="2024-07-01T01:13:40.570567" level="INFO">GET Request : url=https://randomuser.me/api 
 path_url=/api 
 headers={'User-Agent': 'python-requests/2.32.3', 'Accept-Encoding': 'gzip, deflate', 'Accept': '*/*', 'Connection': 'keep-alive'} 
 body=None 
 </msg>
<msg time="2024-07-01T01:13:40.570708" level="INFO">GET Response : url=https://randomuser.me/api 
 status=200, reason=OK 
 headers={'Date': 'Mon, 01 Jul 2024 01:13:40 GMT', 'Content-Type': 'application/json; charset=utf-8', 'Transfer-Encoding': 'chunked', 'Connection': 'keep-alive', 'X-Powered-By': 'Express', 'Access-Control-Allow-Origin': '*', 'Cache-Control': 'no-cache', 'ETag': 'W/"485-5W61QuiAK+p8GXDY3NMTT35255w"', 'Vary': 'Accept-Encoding', 'Content-Encoding': 'gzip', 'CF-Cache-Status': 'DYNAMIC', 'Report-To': '{"endpoints":[{"url":"https:\\/\\/a.nel.cloudflare.com\\/report\\/v4?s=DztuvL%2F9DOnftHC5kUWv%2Fnxx2E3wQReKhUpaVulYyBNcUKkT4oGbZ4tnPHKyaf6VjvbTpw6aJz%2FVSkmmc6VhZMYk%2FI927QjPJTJ6nL3BWQk8872auP3ypiB3Ovt53Cnd"}],"group":"cf-nel","max_age":604800}', 'NEL': '{"success_fraction":0,"report_to":"cf-nel","max_age":604800}', 'Server': 'cloudflare', 'CF-RAY': '89c288ec48842bc4-ORD', 'alt-svc': 'h3=":443"; ma=86400'} 
 body={"results":[{"gender":"female","name":{"title":"Miss","first":"Nalan","last":"Erbulak"},"location":{"street":{"number":7475,"name":"Vatan Cd"},"city":"Amasya","state":"Osmaniye","country":"Turkey","postcode":56206,"coordinates":{"latitude":"70.5444","longitude":"131.0425"},"timezone":{"offset":"-3:00","description":"Brazil, Buenos Aires, Georgetown"}},"email":"nalan.erbulak@example.com","login":{"uuid":"b505bf0f-8317-49eb-a6da-198c69153d4d","username":"redbutterfly628","password":"stefano","salt":"ohDL6Rxx","md5":"ca030d183fc92cdda459c7796f6138e4","sha1":"30bc73563b832552ed24fd5d1056c78b3e3ee9f6","sha256":"a6cf792162960674eb7fea857a70030f586d4cc3dbb7835b338097769f86bc1d"},"dob":{"date":"1975-07-08T19:33:33.404Z","age":48},"registered":{"date":"2018-01-08T04:51:17.473Z","age":6},"phone":"(503)-182-8278","cell":"(949)-541-1590","id":{"name":"","value":null},"picture":{"large":"https://randomuser.me/api/portraits/women/41.jpg","medium":"https://randomuser.me/api/portraits/med/women/41.jpg","thumbnail":"https://randomuser.me/api/portraits/thumb/women/41.jpg"},"nat":"TR"}],"info":{"seed":"9fb23570175c11db","results":1,"page":1,"version":"1.4"}} 
 </msg>
<msg time="2024-07-01T01:13:40.570791" level="INFO">/opt/hostedtoolcache/Python/3.12.4/x64/lib/python3.12/site-packages/urllib3/connectionpool.py:1099: InsecureRequestWarning: Unverified HTTPS request is being made to host 'randomuser.me'. Adding certificate verification is strongly advised. See: https://urllib3.readthedocs.io/en/latest/advanced-usage.html#tls-warnings
  warnings.warn(</msg>
<msg time="2024-07-01T01:13:40.570988" level="INFO">${response} = &lt;Response [200]&gt;</msg>
<var>${response}</var>
<arg>consultarAPI</arg>
<arg>/api</arg>
<doc>Sends a GET request on a previously created HTTP Session.</doc>
<status status="PASS" start="2024-07-01T01:13:40.488797" elapsed="0.082237"/>
</kw>
<kw name="Should Be Equal As Numbers" owner="BuiltIn">
<msg time="2024-07-01T01:13:40.572022" level="INFO">Argument types are:
&lt;class 'int'&gt;
&lt;class 'str'&gt;</msg>
<arg>${response.status_code}</arg>
<arg>200</arg>
<doc>Fails if objects are unequal after converting them to real numbers.</doc>
<status status="PASS" start="2024-07-01T01:13:40.571520" elapsed="0.000565"/>
</kw>
<kw name="Log" owner="BuiltIn">
<msg time="2024-07-01T01:13:40.572745" level="INFO">200</msg>
<arg>${response.status_code}</arg>
<doc>Logs the given message with the given level.</doc>
<status status="PASS" start="2024-07-01T01:13:40.572400" elapsed="0.000387"/>
</kw>
<kw name="Set Variable" owner="BuiltIn">
<msg time="2024-07-01T01:13:40.573515" level="INFO">${json_data} = {'results': [{'gender': 'female', 'name': {'title': 'Miss', 'first': 'Nalan', 'last': 'Erbulak'}, 'location': {'street': {'number': 7475, 'name': 'Vatan Cd'}, 'city': 'Amasya', 'state': 'Osmaniye', 'c...</msg>
<var>${json_data}</var>
<arg>${response.json()}</arg>
<doc>Returns the given values which can then be assigned to a variables.</doc>
<status status="PASS" start="2024-07-01T01:13:40.573085" elapsed="0.000458"/>
</kw>
<kw name="Dictionary Should Contain Key" owner="Collections">
<arg>${json_data}</arg>
<arg>results</arg>
<doc>Fails if ``key`` is not found from ``dictionary``.</doc>
<status status="PASS" start="2024-07-01T01:13:40.573833" elapsed="0.000169"/>
</kw>
<status status="PASS" start="2024-07-01T01:13:40.488478" elapsed="0.085678"/>
</kw>
<doc>Testa se a API responde corretamente e retorna um objeto JSON válido.</doc>
<tag>testeRequisicaoBasica</tag>
<status status="PASS" start="2024-07-01T01:13:40.487898" elapsed="0.086466"/>
</test>
<test id="s1-s1-t3" name="Validar estrutura de resposta" line="22">
<kw name="Teste de Estrutura de Resposta" owner="random-user-service">
<kw name="GET On Session" owner="RequestsLibrary">
<msg time="2024-07-01T01:13:40.676700" level="INFO">GET Request : url=https://randomuser.me/api 
 path_url=/api 
 headers={'User-Agent': 'python-requests/2.32.3', 'Accept-Encoding': 'gzip, deflate', 'Accept': '*/*', 'Connection': 'keep-alive'} 
 body=None 
 </msg>
<msg time="2024-07-01T01:13:40.676802" level="INFO">GET Response : url=https://randomuser.me/api 
 status=200, reason=OK 
 headers={'Date': 'Mon, 01 Jul 2024 01:13:40 GMT', 'Content-Type': 'application/json; charset=utf-8', 'Transfer-Encoding': 'chunked', 'Connection': 'keep-alive', 'X-Powered-By': 'Express', 'Access-Control-Allow-Origin': '*', 'Cache-Control': 'no-cache', 'ETag': 'W/"488-x2WTMy9Loe7Tz0QSF1JGIKS7Dlg"', 'Vary': 'Accept-Encoding', 'Content-Encoding': 'gzip', 'CF-Cache-Status': 'DYNAMIC', 'Report-To': '{"endpoints":[{"url":"https:\\/\\/a.nel.cloudflare.com\\/report\\/v4?s=BJui3MT1dVXXkCKyMy7oIO9e%2Fd%2BGDJFG12KP%2BPtZYQBrCxk02lN74MAkE0uA1CzATmsUkS2ewz%2BTeBXKzcRQPOhw%2BOLSfvf%2F6ooq0OJ%2FtMzBvoGEqNYP5D6CiwVLiAwc"}],"group":"cf-nel","max_age":604800}', 'NEL': '{"success_fraction":0,"report_to":"cf-nel","max_age":604800}', 'Server': 'cloudflare', 'CF-RAY': '89c288ec98ee2bc4-ORD', 'alt-svc': 'h3=":443"; ma=86400'} 
 body={"results":[{"gender":"male","name":{"title":"Mr","first":"Mile","last":"Sakić"},"location":{"street":{"number":4595,"name":"Vinogradarska"},"city":"Golubac","state":"Raška","country":"Serbia","postcode":97025,"coordinates":{"latitude":"56.6769","longitude":"-132.7557"},"timezone":{"offset":"+11:00","description":"Magadan, Solomon Islands, New Caledonia"}},"email":"mile.sakic@example.com","login":{"uuid":"7af7e4bf-9bd8-4de8-aa48-f698d9745fa3","username":"crazyleopard956","password":"nasty1","salt":"KTZFY3FN","md5":"aff3515d171c1671c0ba77cd21121735","sha1":"3b0714f23eace8add940e14f5f7cafb6b885c453","sha256":"15071b18b3cbe115cb1125564812d582d0e9af0ac3a9ec54f82471dc46980d30"},"dob":{"date":"1969-05-03T11:40:12.416Z","age":55},"registered":{"date":"2014-10-07T16:33:16.916Z","age":9},"phone":"035-4239-622","cell":"065-1616-395","id":{"name":"SID","value":"382165147"},"picture":{"large":"https://randomuser.me/api/portraits/men/50.jpg","medium":"https://randomuser.me/api/portraits/med/men/50.jpg","thumbnail":"https://randomuser.me/api/portraits/thumb/men/50.jpg"},"nat":"RS"}],"info":{"seed":"c4af4691bbcd636f","results":1,"page":1,"version":"1.4"}} 
 </msg>
<msg time="2024-07-01T01:13:40.676937" level="INFO">/opt/hostedtoolcache/Python/3.12.4/x64/lib/python3.12/site-packages/urllib3/connectionpool.py:1099: InsecureRequestWarning: Unverified HTTPS request is being made to host 'randomuser.me'. Adding certificate verification is strongly advised. See: https://urllib3.readthedocs.io/en/latest/advanced-usage.html#tls-warnings
  warnings.warn(</msg>
<msg time="2024-07-01T01:13:40.677061" level="INFO">${response} = &lt;Response [200]&gt;</msg>
<var>${response}</var>
<arg>consultarAPI</arg>
<arg>/api</arg>
<doc>Sends a GET request on a previously created HTTP Session.</doc>
<status status="PASS" start="2024-07-01T01:13:40.577326" elapsed="0.099774"/>
</kw>
<kw name="Set Variable" owner="BuiltIn">
<msg time="2024-07-01T01:13:40.678132" level="INFO">${json_data} = {'results': [{'gender': 'male', 'name': {'title': 'Mr', 'first': 'Mile', 'last': 'Sakić'}, 'location': {'street': {'number': 4595, 'name': 'Vinogradarska'}, 'city': 'Golubac', 'state': 'Raška', 'count...</msg>
<var>${json_data}</var>
<arg>${response.json()}</arg>
<doc>Returns the given values which can then be assigned to a variables.</doc>
<status status="PASS" start="2024-07-01T01:13:40.677613" elapsed="0.000550"/>
</kw>
<kw name="Log" owner="BuiltIn">
<msg time="2024-07-01T01:13:40.678682" level="INFO">{'results': [{'gender': 'male', 'name': {'title': 'Mr', 'first': 'Mile', 'last': 'Sakić'}, 'location': {'street': {'number': 4595, 'name': 'Vinogradarska'}, 'city': 'Golubac', 'state': 'Raška', 'country': 'Serbia', 'postcode': 97025, 'coordinates': {'latitude': '56.6769', 'longitude': '-132.7557'}, 'timezone': {'offset': '+11:00', 'description': 'Magadan, Solomon Islands, New Caledonia'}}, 'email': 'mile.sakic@example.com', 'login': {'uuid': '7af7e4bf-9bd8-4de8-aa48-f698d9745fa3', 'username': 'crazyleopard956', 'password': 'nasty1', 'salt': 'KTZFY3FN', 'md5': 'aff3515d171c1671c0ba77cd21121735', 'sha1': '3b0714f23eace8add940e14f5f7cafb6b885c453', 'sha256': '15071b18b3cbe115cb1125564812d582d0e9af0ac3a9ec54f82471dc46980d30'}, 'dob': {'date': '1969-05-03T11:40:12.416Z', 'age': 55}, 'registered': {'date': '2014-10-07T16:33:16.916Z', 'age': 9}, 'phone': '035-4239-622', 'cell': '065-1616-395', 'id': {'name': 'SID', 'value': '382165147'}, 'picture': {'large': 'https://randomuser.me/api/portraits/men/50.jpg', 'medium': 'https://randomuser.me/api/portraits/med/men/50.jpg', 'thumbnail': 'https://randomuser.me/api/portraits/thumb/men/50.jpg'}, 'nat': 'RS'}], 'info': {'seed': 'c4af4691bbcd636f', 'results': 1, 'page': 1, 'version': '1.4'}}</msg>
<arg>${json_data}</arg>
<doc>Logs the given message with the given level.</doc>
<status status="PASS" start="2024-07-01T01:13:40.678514" elapsed="0.000219"/>
</kw>
<kw name="Dictionary Should Contain Key" owner="Collections">
<arg>${json_data}</arg>
<arg>results</arg>
<doc>Fails if ``key`` is not found from ``dictionary``.</doc>
<status status="PASS" start="2024-07-01T01:13:40.679025" elapsed="0.000158"/>
</kw>
<kw name="Should Not Be Empty" owner="BuiltIn">
<msg time="2024-07-01T01:13:40.679489" level="INFO">Length is 2.</msg>
<arg>${json_data}</arg>
<doc>Verifies that the given item is not empty.</doc>
<status status="PASS" start="2024-07-01T01:13:40.679363" elapsed="0.000164"/>
</kw>
<kw name="Create List" owner="BuiltIn">
<msg time="2024-07-01T01:13:40.680113" level="INFO">${expected_keys} = ['gender', 'name', 'location', 'email', 'login']</msg>
<var>${expected_keys}</var>
<arg>gender</arg>
<arg>name</arg>
<arg>location</arg>
<arg>email</arg>
<arg>login</arg>
<doc>Returns a list containing given items.</doc>
<status status="PASS" start="2024-07-01T01:13:40.679815" elapsed="0.000323"/>
</kw>
<for flavor="IN">
<iter>
<kw name="Dictionary Should Contain Key" owner="Collections">
<arg>${json_data['results'][0]}</arg>
<arg>${key}</arg>
<doc>Fails if ``key`` is not found from ``dictionary``.</doc>
<status status="PASS" start="2024-07-01T01:13:40.680714" elapsed="0.000400"/>
</kw>
<kw name="Log" owner="BuiltIn">
<msg time="2024-07-01T01:13:40.681659" level="INFO">{'gender': 'male', 'name': {'title': 'Mr', 'first': 'Mile', 'last': 'Sakić'}, 'location': {'street': {'number': 4595, 'name': 'Vinogradarska'}, 'city': 'Golubac', 'state': 'Raška', 'country': 'Serbia', 'postcode': 97025, 'coordinates': {'latitude': '56.6769', 'longitude': '-132.7557'}, 'timezone': {'offset': '+11:00', 'description': 'Magadan, Solomon Islands, New Caledonia'}}, 'email': 'mile.sakic@example.com', 'login': {'uuid': '7af7e4bf-9bd8-4de8-aa48-f698d9745fa3', 'username': 'crazyleopard956', 'password': 'nasty1', 'salt': 'KTZFY3FN', 'md5': 'aff3515d171c1671c0ba77cd21121735', 'sha1': '3b0714f23eace8add940e14f5f7cafb6b885c453', 'sha256': '15071b18b3cbe115cb1125564812d582d0e9af0ac3a9ec54f82471dc46980d30'}, 'dob': {'date': '1969-05-03T11:40:12.416Z', 'age': 55}, 'registered': {'date': '2014-10-07T16:33:16.916Z', 'age': 9}, 'phone': '035-4239-622', 'cell': '065-1616-395', 'id': {'name': 'SID', 'value': '382165147'}, 'picture': {'large': 'https://randomuser.me/api/portraits/men/50.jpg', 'medium': 'https://randomuser.me/api/portraits/med/men/50.jpg', 'thumbnail': 'https://randomuser.me/api/portraits/thumb/men/50.jpg'}, 'nat': 'RS'}</msg>
<arg>${json_data['results'][0]}</arg>
<doc>Logs the given message with the given level.</doc>
<status status="PASS" start="2024-07-01T01:13:40.681298" elapsed="0.000413"/>
</kw>
<kw name="Log" owner="BuiltIn">
<msg time="2024-07-01T01:13:40.682142" level="INFO">gender</msg>
<arg>${key}</arg>
<doc>Logs the given message with the given level.</doc>
<status status="PASS" start="2024-07-01T01:13:40.682015" elapsed="0.000165"/>
</kw>
<var name="${key}">gender</var>
<status status="PASS" start="2024-07-01T01:13:40.680591" elapsed="0.001823"/>
</iter>
<iter>
<kw name="Dictionary Should Contain Key" owner="Collections">
<arg>${json_data['results'][0]}</arg>
<arg>${key}</arg>
<doc>Fails if ``key`` is not found from ``dictionary``.</doc>
<status status="PASS" start="2024-07-01T01:13:40.682702" elapsed="0.000392"/>
</kw>
<kw name="Log" owner="BuiltIn">
<msg time="2024-07-01T01:13:40.683636" level="INFO">{'gender': 'male', 'name': {'title': 'Mr', 'first': 'Mile', 'last': 'Sakić'}, 'location': {'street': {'number': 4595, 'name': 'Vinogradarska'}, 'city': 'Golubac', 'state': 'Raška', 'country': 'Serbia', 'postcode': 97025, 'coordinates': {'latitude': '56.6769', 'longitude': '-132.7557'}, 'timezone': {'offset': '+11:00', 'description': 'Magadan, Solomon Islands, New Caledonia'}}, 'email': 'mile.sakic@example.com', 'login': {'uuid': '7af7e4bf-9bd8-4de8-aa48-f698d9745fa3', 'username': 'crazyleopard956', 'password': 'nasty1', 'salt': 'KTZFY3FN', 'md5': 'aff3515d171c1671c0ba77cd21121735', 'sha1': '3b0714f23eace8add940e14f5f7cafb6b885c453', 'sha256': '15071b18b3cbe115cb1125564812d582d0e9af0ac3a9ec54f82471dc46980d30'}, 'dob': {'date': '1969-05-03T11:40:12.416Z', 'age': 55}, 'registered': {'date': '2014-10-07T16:33:16.916Z', 'age': 9}, 'phone': '035-4239-622', 'cell': '065-1616-395', 'id': {'name': 'SID', 'value': '382165147'}, 'picture': {'large': 'https://randomuser.me/api/portraits/men/50.jpg', 'medium': 'https://randomuser.me/api/portraits/med/men/50.jpg', 'thumbnail': 'https://randomuser.me/api/portraits/thumb/men/50.jpg'}, 'nat': 'RS'}</msg>
<arg>${json_data['results'][0]}</arg>
<doc>Logs the given message with the given level.</doc>
<status status="PASS" start="2024-07-01T01:13:40.683275" elapsed="0.000442"/>
</kw>
<kw name="Log" owner="BuiltIn">
<msg time="2024-07-01T01:13:40.684139" level="INFO">name</msg>
<arg>${key}</arg>
<doc>Logs the given message with the given level.</doc>
<status status="PASS" start="2024-07-01T01:13:40.684014" elapsed="0.000163"/>
</kw>
<var name="${key}">name</var>
<status status="PASS" start="2024-07-01T01:13:40.682592" elapsed="0.001799"/>
</iter>
<iter>
<kw name="Dictionary Should Contain Key" owner="Collections">
<arg>${json_data['results'][0]}</arg>
<arg>${key}</arg>
<doc>Fails if ``key`` is not found from ``dictionary``.</doc>
<status status="PASS" start="2024-07-01T01:13:40.684672" elapsed="0.000374"/>
</kw>
<kw name="Log" owner="BuiltIn">
<msg time="2024-07-01T01:13:40.685611" level="INFO">{'gender': 'male', 'name': {'title': 'Mr', 'first': 'Mile', 'last': 'Sakić'}, 'location': {'street': {'number': 4595, 'name': 'Vinogradarska'}, 'city': 'Golubac', 'state': 'Raška', 'country': 'Serbia', 'postcode': 97025, 'coordinates': {'latitude': '56.6769', 'longitude': '-132.7557'}, 'timezone': {'offset': '+11:00', 'description': 'Magadan, Solomon Islands, New Caledonia'}}, 'email': 'mile.sakic@example.com', 'login': {'uuid': '7af7e4bf-9bd8-4de8-aa48-f698d9745fa3', 'username': 'crazyleopard956', 'password': 'nasty1', 'salt': 'KTZFY3FN', 'md5': 'aff3515d171c1671c0ba77cd21121735', 'sha1': '3b0714f23eace8add940e14f5f7cafb6b885c453', 'sha256': '15071b18b3cbe115cb1125564812d582d0e9af0ac3a9ec54f82471dc46980d30'}, 'dob': {'date': '1969-05-03T11:40:12.416Z', 'age': 55}, 'registered': {'date': '2014-10-07T16:33:16.916Z', 'age': 9}, 'phone': '035-4239-622', 'cell': '065-1616-395', 'id': {'name': 'SID', 'value': '382165147'}, 'picture': {'large': 'https://randomuser.me/api/portraits/men/50.jpg', 'medium': 'https://randomuser.me/api/portraits/med/men/50.jpg', 'thumbnail': 'https://randomuser.me/api/portraits/thumb/men/50.jpg'}, 'nat': 'RS'}</msg>
<arg>${json_data['results'][0]}</arg>
<doc>Logs the given message with the given level.</doc>
<status status="PASS" start="2024-07-01T01:13:40.685245" elapsed="0.000419"/>
</kw>
<kw name="Log" owner="BuiltIn">
<msg time="2024-07-01T01:13:40.686094" level="INFO">location</msg>
<arg>${key}</arg>
<doc>Logs the given message with the given level.</doc>
<status status="PASS" start="2024-07-01T01:13:40.685966" elapsed="0.000168"/>
</kw>
<var name="${key}">location</var>
<status status="PASS" start="2024-07-01T01:13:40.684566" elapsed="0.001829"/>
</iter>
<iter>
<kw name="Dictionary Should Contain Key" owner="Collections">
<arg>${json_data['results'][0]}</arg>
<arg>${key}</arg>
<doc>Fails if ``key`` is not found from ``dictionary``.</doc>
<status status="PASS" start="2024-07-01T01:13:40.686676" elapsed="0.000383"/>
</kw>
<kw name="Log" owner="BuiltIn">
<msg time="2024-07-01T01:13:40.687595" level="INFO">{'gender': 'male', 'name': {'title': 'Mr', 'first': 'Mile', 'last': 'Sakić'}, 'location': {'street': {'number': 4595, 'name': 'Vinogradarska'}, 'city': 'Golubac', 'state': 'Raška', 'country': 'Serbia', 'postcode': 97025, 'coordinates': {'latitude': '56.6769', 'longitude': '-132.7557'}, 'timezone': {'offset': '+11:00', 'description': 'Magadan, Solomon Islands, New Caledonia'}}, 'email': 'mile.sakic@example.com', 'login': {'uuid': '7af7e4bf-9bd8-4de8-aa48-f698d9745fa3', 'username': 'crazyleopard956', 'password': 'nasty1', 'salt': 'KTZFY3FN', 'md5': 'aff3515d171c1671c0ba77cd21121735', 'sha1': '3b0714f23eace8add940e14f5f7cafb6b885c453', 'sha256': '15071b18b3cbe115cb1125564812d582d0e9af0ac3a9ec54f82471dc46980d30'}, 'dob': {'date': '1969-05-03T11:40:12.416Z', 'age': 55}, 'registered': {'date': '2014-10-07T16:33:16.916Z', 'age': 9}, 'phone': '035-4239-622', 'cell': '065-1616-395', 'id': {'name': 'SID', 'value': '382165147'}, 'picture': {'large': 'https://randomuser.me/api/portraits/men/50.jpg', 'medium': 'https://randomuser.me/api/portraits/med/men/50.jpg', 'thumbnail': 'https://randomuser.me/api/portraits/thumb/men/50.jpg'}, 'nat': 'RS'}</msg>
<arg>${json_data['results'][0]}</arg>
<doc>Logs the given message with the given level.</doc>
<status status="PASS" start="2024-07-01T01:13:40.687242" elapsed="0.000410"/>
</kw>
<kw name="Log" owner="BuiltIn">
<msg time="2024-07-01T01:13:40.688247" level="INFO">email</msg>
<arg>${key}</arg>
<doc>Logs the given message with the given level.</doc>
<status status="PASS" start="2024-07-01T01:13:40.688074" elapsed="0.000233"/>
</kw>
<var name="${key}">email</var>
<status status="PASS" start="2024-07-01T01:13:40.686569" elapsed="0.002065"/>
</iter>
<iter>
<kw name="Dictionary Should Contain Key" owner="Collections">
<arg>${json_data['results'][0]}</arg>
<arg>${key}</arg>
<doc>Fails if ``key`` is not found from ``dictionary``.</doc>
<status status="PASS" start="2024-07-01T01:13:40.688962" elapsed="0.000398"/>
</kw>
<kw name="Log" owner="BuiltIn">
<msg time="2024-07-01T01:13:40.689894" level="INFO">{'gender': 'male', 'name': {'title': 'Mr', 'first': 'Mile', 'last': 'Sakić'}, 'location': {'street': {'number': 4595, 'name': 'Vinogradarska'}, 'city': 'Golubac', 'state': 'Raška', 'country': 'Serbia', 'postcode': 97025, 'coordinates': {'latitude': '56.6769', 'longitude': '-132.7557'}, 'timezone': {'offset': '+11:00', 'description': 'Magadan, Solomon Islands, New Caledonia'}}, 'email': 'mile.sakic@example.com', 'login': {'uuid': '7af7e4bf-9bd8-4de8-aa48-f698d9745fa3', 'username': 'crazyleopard956', 'password': 'nasty1', 'salt': 'KTZFY3FN', 'md5': 'aff3515d171c1671c0ba77cd21121735', 'sha1': '3b0714f23eace8add940e14f5f7cafb6b885c453', 'sha256': '15071b18b3cbe115cb1125564812d582d0e9af0ac3a9ec54f82471dc46980d30'}, 'dob': {'date': '1969-05-03T11:40:12.416Z', 'age': 55}, 'registered': {'date': '2014-10-07T16:33:16.916Z', 'age': 9}, 'phone': '035-4239-622', 'cell': '065-1616-395', 'id': {'name': 'SID', 'value': '382165147'}, 'picture': {'large': 'https://randomuser.me/api/portraits/men/50.jpg', 'medium': 'https://randomuser.me/api/portraits/med/men/50.jpg', 'thumbnail': 'https://randomuser.me/api/portraits/thumb/men/50.jpg'}, 'nat': 'RS'}</msg>
<arg>${json_data['results'][0]}</arg>
<doc>Logs the given message with the given level.</doc>
<status status="PASS" start="2024-07-01T01:13:40.689546" elapsed="0.000397"/>
</kw>
<kw name="Log" owner="BuiltIn">
<msg time="2024-07-01T01:13:40.690402" level="INFO">login</msg>
<arg>${key}</arg>
<doc>Logs the given message with the given level.</doc>
<status status="PASS" start="2024-07-01T01:13:40.690241" elapsed="0.000200"/>
</kw>
<var name="${key}">login</var>
<status status="PASS" start="2024-07-01T01:13:40.688841" elapsed="0.001818"/>
</iter>
<var>${key}</var>
<value>@{expected_keys}</value>
<status status="PASS" start="2024-07-01T01:13:40.680398" elapsed="0.010383"/>
</for>
<kw name="Create List" owner="BuiltIn">
<msg time="2024-07-01T01:13:40.691110" level="INFO">${expected_keysTwo} = ['username', 'password']</msg>
<var>${expected_keysTwo}</var>
<arg>username</arg>
<arg>password</arg>
<doc>Returns a list containing given items.</doc>
<status status="PASS" start="2024-07-01T01:13:40.690969" elapsed="0.000193"/>
</kw>
<for flavor="IN">
<iter>
<kw name="Dictionary Should Contain Key" owner="Collections">
<arg>${json_data['results'][0]['login']}</arg>
<arg>${keyTwo}</arg>
<doc>Fails if ``key`` is not found from ``dictionary``.</doc>
<status status="PASS" start="2024-07-01T01:13:40.691671" elapsed="0.000389"/>
</kw>
<kw name="Dictionary Should Contain Key" owner="Collections">
<arg>${json_data['results'][0]['login']}</arg>
<arg>${keyTwo}</arg>
<doc>Fails if ``key`` is not found from ``dictionary``.</doc>
<status status="PASS" start="2024-07-01T01:13:40.692242" elapsed="0.000379"/>
</kw>
<kw name="Log" owner="BuiltIn">
<msg time="2024-07-01T01:13:40.692925" level="INFO">username</msg>
<arg>${keyTwo}</arg>
<doc>Logs the given message with the given level.</doc>
<status status="PASS" start="2024-07-01T01:13:40.692804" elapsed="0.000158"/>
</kw>
<var name="${keyTwo}">username</var>
<status status="PASS" start="2024-07-01T01:13:40.691558" elapsed="0.001627"/>
</iter>
<iter>
<kw name="Dictionary Should Contain Key" owner="Collections">
<arg>${json_data['results'][0]['login']}</arg>
<arg>${keyTwo}</arg>
<doc>Fails if ``key`` is not found from ``dictionary``.</doc>
<status status="PASS" start="2024-07-01T01:13:40.693457" elapsed="0.000378"/>
</kw>
<kw name="Dictionary Should Contain Key" owner="Collections">
<arg>${json_data['results'][0]['login']}</arg>
<arg>${keyTwo}</arg>
<doc>Fails if ``key`` is not found from ``dictionary``.</doc>
<status status="PASS" start="2024-07-01T01:13:40.694012" elapsed="0.000399"/>
</kw>
<kw name="Log" owner="BuiltIn">
<msg time="2024-07-01T01:13:40.694709" level="INFO">password</msg>
<arg>${keyTwo}</arg>
<doc>Logs the given message with the given level.</doc>
<status status="PASS" start="2024-07-01T01:13:40.694589" elapsed="0.000162"/>
</kw>
<var name="${keyTwo}">password</var>
<status status="PASS" start="2024-07-01T01:13:40.693352" elapsed="0.001711"/>
</iter>
<var>${keyTwo}</var>
<value>@{expected_keysTwo}</value>
<status status="PASS" start="2024-07-01T01:13:40.691405" elapsed="0.003782"/>
</for>
<status status="PASS" start="2024-07-01T01:13:40.576983" elapsed="0.118347"/>
</kw>
<doc>Testa a estrutura da resposta da API.</doc>
<tag>testeEstruturaResposta</tag>
<status status="PASS" start="2024-07-01T01:13:40.576201" elapsed="0.119283"/>
</test>
<test id="s1-s1-t4" name="Validar tipos de dados" line="28">
<kw name="Teste de Tipos de Dados" owner="random-user-service">
<kw name="GET On Session" owner="RequestsLibrary">
<msg time="2024-07-01T01:13:40.772514" level="INFO">GET Request : url=https://randomuser.me/api 
 path_url=/api 
 headers={'User-Agent': 'python-requests/2.32.3', 'Accept-Encoding': 'gzip, deflate', 'Accept': '*/*', 'Connection': 'keep-alive'} 
 body=None 
 </msg>
<msg time="2024-07-01T01:13:40.772582" level="INFO">GET Response : url=https://randomuser.me/api 
 status=200, reason=OK 
 headers={'Date': 'Mon, 01 Jul 2024 01:13:40 GMT', 'Content-Type': 'application/json; charset=utf-8', 'Transfer-Encoding': 'chunked', 'Connection': 'keep-alive', 'X-Powered-By': 'Express', 'Access-Control-Allow-Origin': '*', 'Cache-Control': 'no-cache', 'ETag': 'W/"471-1fYWDjD/bjQND+rRDsZ9n2ubtvE"', 'Vary': 'Accept-Encoding', 'Content-Encoding': 'gzip', 'CF-Cache-Status': 'DYNAMIC', 'Report-To': '{"endpoints":[{"url":"https:\\/\\/a.nel.cloudflare.com\\/report\\/v4?s=qK6aPxY7CvEKSY%2F1P2fSfuCgNauWAqj9sl4hMy9AABFWov7IXNuL6YHXUDmlMMU5G%2B0qm5VOyLewjtJTNE4BAx01NZK6nvTsU22qcw3cHdEFgMVb5n2dOAzDbTnfDz3g"}],"group":"cf-nel","max_age":604800}', 'NEL': '{"success_fraction":0,"report_to":"cf-nel","max_age":604800}', 'Server': 'cloudflare', 'CF-RAY': '89c288ed59d82bc4-ORD', 'alt-svc': 'h3=":443"; ma=86400'} 
 body={"results":[{"gender":"male","name":{"title":"Mr","first":"Vincent","last":"Morris"},"location":{"street":{"number":7477,"name":"Theodosia Street"},"city":"Invercargill","state":"Northland","country":"New Zealand","postcode":50442,"coordinates":{"latitude":"49.4990","longitude":"-48.9496"},"timezone":{"offset":"-10:00","description":"Hawaii"}},"email":"vincent.morris@example.com","login":{"uuid":"f81be587-76ca-4d6b-9d22-07ea81663380","username":"blackcat143","password":"solo","salt":"EAWPYzUw","md5":"0bc19786d0cbea294b91668650c12368","sha1":"b15b1e05c7be38f8a3c709c083b0a08f1d9f7813","sha256":"e69b72e0ae4cfb872fda9f9b9715f376b5551d7a77f59c555a50200710b6e08d"},"dob":{"date":"1970-10-12T12:52:50.012Z","age":53},"registered":{"date":"2020-01-26T01:20:38.354Z","age":4},"phone":"(514)-421-5055","cell":"(464)-991-7899","id":{"name":"","value":null},"picture":{"large":"https://randomuser.me/api/portraits/men/65.jpg","medium":"https://randomuser.me/api/portraits/med/men/65.jpg","thumbnail":"https://randomuser.me/api/portraits/thumb/men/65.jpg"},"nat":"NZ"}],"info":{"seed":"de32e0446b18e995","results":1,"page":1,"version":"1.4"}} 
 </msg>
<msg time="2024-07-01T01:13:40.772639" level="INFO">/opt/hostedtoolcache/Python/3.12.4/x64/lib/python3.12/site-packages/urllib3/connectionpool.py:1099: InsecureRequestWarning: Unverified HTTPS request is being made to host 'randomuser.me'. Adding certificate verification is strongly advised. See: https://urllib3.readthedocs.io/en/latest/advanced-usage.html#tls-warnings
  warnings.warn(</msg>
<msg time="2024-07-01T01:13:40.772727" level="INFO">${response} = &lt;Response [200]&gt;</msg>
<var>${response}</var>
<arg>consultarAPI</arg>
<arg>/api</arg>
<doc>Sends a GET request on a previously created HTTP Session.</doc>
<status status="PASS" start="2024-07-01T01:13:40.698038" elapsed="0.074713"/>
</kw>
<kw name="Set Variable" owner="BuiltIn">
<msg time="2024-07-01T01:13:40.773596" level="INFO">${json_data} = {'results': [{'gender': 'male', 'name': {'title': 'Mr', 'first': 'Vincent', 'last': 'Morris'}, 'location': {'street': {'number': 7477, 'name': 'Theodosia Street'}, 'city': 'Invercargill', 'state': 'No...</msg>
<var>${json_data}</var>
<arg>${response.json()}</arg>
<doc>Returns the given values which can then be assigned to a variables.</doc>
<status status="PASS" start="2024-07-01T01:13:40.773138" elapsed="0.000487"/>
</kw>
<kw name="Log" owner="BuiltIn">
<msg time="2024-07-01T01:13:40.774097" level="INFO">{'results': [{'gender': 'male', 'name': {'title': 'Mr', 'first': 'Vincent', 'last': 'Morris'}, 'location': {'street': {'number': 7477, 'name': 'Theodosia Street'}, 'city': 'Invercargill', 'state': 'Northland', 'country': 'New Zealand', 'postcode': 50442, 'coordinates': {'latitude': '49.4990', 'longitude': '-48.9496'}, 'timezone': {'offset': '-10:00', 'description': 'Hawaii'}}, 'email': 'vincent.morris@example.com', 'login': {'uuid': 'f81be587-76ca-4d6b-9d22-07ea81663380', 'username': 'blackcat143', 'password': 'solo', 'salt': 'EAWPYzUw', 'md5': '0bc19786d0cbea294b91668650c12368', 'sha1': 'b15b1e05c7be38f8a3c709c083b0a08f1d9f7813', 'sha256': 'e69b72e0ae4cfb872fda9f9b9715f376b5551d7a77f59c555a50200710b6e08d'}, 'dob': {'date': '1970-10-12T12:52:50.012Z', 'age': 53}, 'registered': {'date': '2020-01-26T01:20:38.354Z', 'age': 4}, 'phone': '(514)-421-5055', 'cell': '(464)-991-7899', 'id': {'name': '', 'value': None}, 'picture': {'large': 'https://randomuser.me/api/portraits/men/65.jpg', 'medium': 'https://randomuser.me/api/portraits/med/men/65.jpg', 'thumbnail': 'https://randomuser.me/api/portraits/thumb/men/65.jpg'}, 'nat': 'NZ'}], 'info': {'seed': 'de32e0446b18e995', 'results': 1, 'page': 1, 'version': '1.4'}}</msg>
<arg>${json_data}</arg>
<doc>Logs the given message with the given level.</doc>
<status status="PASS" start="2024-07-01T01:13:40.773942" elapsed="0.000201"/>
</kw>
<kw name="Should Be String" owner="String">
<arg>${json_data['results'][0]['gender']}</arg>
<doc>Fails if the given ``item`` is not a string.</doc>
<status status="PASS" start="2024-07-01T01:13:40.774473" elapsed="0.000355"/>
</kw>
<kw name="Should Match Regexp" owner="BuiltIn">
<arg>${json_data['results'][0]['email']}</arg>
<arg>^[a-zA-Z0-9._%+-]+@[a-zA-Z0-9.-]+\.[a-zA-Z]{2,}$</arg>
<doc>Fails if ``string`` does not match ``pattern`` as a regular expression.</doc>
<status status="PASS" start="2024-07-01T01:13:40.775015" elapsed="0.000507"/>
</kw>
<kw name="Should Match Regexp" owner="BuiltIn">
<arg>${json_data['results'][0]['dob']['date']}</arg>
<arg>\\d{4}-\\d{2}-\\d{2}T\\d{2}:\\d{2}:\\d{2}\\.\\d{3}Z</arg>
<doc>Fails if ``string`` does not match ``pattern`` as a regular expression.</doc>
<status status="PASS" start="2024-07-01T01:13:40.775749" elapsed="0.000482"/>
</kw>
<kw name="Should Match Regexp" owner="BuiltIn">
<arg>${json_data['results'][0]['registered']['date']}</arg>
<arg>\\d{4}-\\d{2}-\\d{2}T\\d{2}:\\d{2}:\\d{2}\\.\\d{3}Z</arg>
<doc>Fails if ``string`` does not match ``pattern`` as a regular expression.</doc>
<status status="PASS" start="2024-07-01T01:13:40.776419" elapsed="0.000362"/>
</kw>
<kw name="Should Match Regexp" owner="BuiltIn">
<arg>${json_data['results'][0]['picture']['large']}</arg>
<arg>^https?://.*\.(?:png|jpe?g|gif|bmp)$</arg>
<doc>Fails if ``string`` does not match ``pattern`` as a regular expression.</doc>
<status status="PASS" start="2024-07-01T01:13:40.776966" elapsed="0.000449"/>
</kw>
<kw name="Should Match Regexp" owner="BuiltIn">
<arg>${json_data['results'][0]['picture']['medium']}</arg>
<arg>^https?://.*\.(?:png|jpe?g|gif|bmp)$</arg>
<doc>Fails if ``string`` does not match ``pattern`` as a regular expression.</doc>
<status status="PASS" start="2024-07-01T01:13:40.777598" elapsed="0.000352"/>
</kw>
<kw name="Should Match Regexp" owner="BuiltIn">
<arg>${json_data['results'][0]['picture']['thumbnail']}</arg>
<arg>^https?://.*\.(?:png|jpe?g|gif|bmp)$</arg>
<doc>Fails if ``string`` does not match ``pattern`` as a regular expression.</doc>
<status status="PASS" start="2024-07-01T01:13:40.778130" elapsed="0.000381"/>
</kw>
<kw name="Log" owner="BuiltIn">
<msg time="2024-07-01T01:13:40.779016" level="INFO">{'large': 'https://randomuser.me/api/portraits/men/65.jpg', 'medium': 'https://randomuser.me/api/portraits/med/men/65.jpg', 'thumbnail': 'https://randomuser.me/api/portraits/thumb/men/65.jpg'}</msg>
<arg>${json_data['results'][0]['picture']}</arg>
<doc>Logs the given message with the given level.</doc>
<status status="PASS" start="2024-07-01T01:13:40.778696" elapsed="0.000362"/>
</kw>
<status status="PASS" start="2024-07-01T01:13:40.697814" elapsed="0.081500"/>
</kw>
<kw name="Teste de Tipos de Dados - Postcode" owner="random-user-service">
<kw name="GET On Session" owner="RequestsLibrary">
<msg time="2024-07-01T01:13:40.872541" level="INFO">GET Request : url=https://randomuser.me/api 
 path_url=/api 
 headers={'User-Agent': 'python-requests/2.32.3', 'Accept-Encoding': 'gzip, deflate', 'Accept': '*/*', 'Connection': 'keep-alive'} 
 body=None 
 </msg>
<msg time="2024-07-01T01:13:40.872619" level="INFO">GET Response : url=https://randomuser.me/api 
 status=200, reason=OK 
 headers={'Date': 'Mon, 01 Jul 2024 01:13:40 GMT', 'Content-Type': 'application/json; charset=utf-8', 'Transfer-Encoding': 'chunked', 'Connection': 'keep-alive', 'X-Powered-By': 'Express', 'Access-Control-Allow-Origin': '*', 'Cache-Control': 'no-cache', 'ETag': 'W/"489-qHdo7+6+SJauiIMh7B8gQtU+CuM"', 'Vary': 'Accept-Encoding', 'Content-Encoding': 'gzip', 'CF-Cache-Status': 'DYNAMIC', 'Report-To': '{"endpoints":[{"url":"https:\\/\\/a.nel.cloudflare.com\\/report\\/v4?s=PrK19vbyvVgZSyusQyRM39hRhe%2FMsldA00Bgs99iu7cTHJy3a3HeStTuXXlqh91HnW9PztHb808CnL8ETGYeSNXnWQrBmI6WY8kvXEA4s6hHDW%2FXL5USabrKVdw8%2FSgB"}],"group":"cf-nel","max_age":604800}', 'NEL': '{"success_fraction":0,"report_to":"cf-nel","max_age":604800}', 'Server': 'cloudflare', 'CF-RAY': '89c288edda5d2bc4-ORD', 'alt-svc': 'h3=":443"; ma=86400'} 
 body={"results":[{"gender":"female","name":{"title":"Mademoiselle","first":"Noelia","last":"Riviere"},"location":{"street":{"number":8072,"name":"Rue Duquesne"},"city":"Bonaduz","state":"Thurgau","country":"Switzerland","postcode":6213,"coordinates":{"latitude":"-63.3203","longitude":"12.6517"},"timezone":{"offset":"+3:30","description":"Tehran"}},"email":"noelia.riviere@example.com","login":{"uuid":"cd19ce1c-377e-4d4b-bb0b-865f50998f41","username":"redleopard455","password":"353535","salt":"BE42sRES","md5":"51b6c29e3f6fed44f766f10fad257d3d","sha1":"1282a3822e6a8b64e0b49b47f83c393cc85879b3","sha256":"57bad97e60acea1ec0e91663f9c87cff507e26cc6fadcba904426879a0319ae4"},"dob":{"date":"1963-10-01T07:50:27.863Z","age":60},"registered":{"date":"2021-06-11T02:57:38.693Z","age":3},"phone":"078 592 13 04","cell":"079 973 93 66","id":{"name":"AVS","value":"756.3690.8521.88"},"picture":{"large":"https://randomuser.me/api/portraits/women/33.jpg","medium":"https://randomuser.me/api/portraits/med/women/33.jpg","thumbnail":"https://randomuser.me/api/portraits/thumb/women/33.jpg"},"nat":"CH"}],"info":{"seed":"3c656dc456860ffe","results":1,"page":1,"version":"1.4"}} 
 </msg>
<msg time="2024-07-01T01:13:40.872686" level="INFO">/opt/hostedtoolcache/Python/3.12.4/x64/lib/python3.12/site-packages/urllib3/connectionpool.py:1099: InsecureRequestWarning: Unverified HTTPS request is being made to host 'randomuser.me'. Adding certificate verification is strongly advised. See: https://urllib3.readthedocs.io/en/latest/advanced-usage.html#tls-warnings
  warnings.warn(</msg>
<msg time="2024-07-01T01:13:40.872779" level="INFO">${response} = &lt;Response [200]&gt;</msg>
<var>${response}</var>
<arg>consultarAPI</arg>
<arg>/api</arg>
<doc>Sends a GET request on a previously created HTTP Session.</doc>
<status status="PASS" start="2024-07-01T01:13:40.779746" elapsed="0.093057"/>
</kw>
<kw name="Set Variable" owner="BuiltIn">
<msg time="2024-07-01T01:13:40.873618" level="INFO">${json_data} = {'results': [{'gender': 'female', 'name': {'title': 'Mademoiselle', 'first': 'Noelia', 'last': 'Riviere'}, 'location': {'street': {'number': 8072, 'name': 'Rue Duquesne'}, 'city': 'Bonaduz', 'state': ...</msg>
<var>${json_data}</var>
<arg>${response.json()}</arg>
<doc>Returns the given values which can then be assigned to a variables.</doc>
<status status="PASS" start="2024-07-01T01:13:40.873174" elapsed="0.000472"/>
</kw>
<kw name="Log" owner="BuiltIn">
<msg time="2024-07-01T01:13:40.874093" level="INFO">{'results': [{'gender': 'female', 'name': {'title': 'Mademoiselle', 'first': 'Noelia', 'last': 'Riviere'}, 'location': {'street': {'number': 8072, 'name': 'Rue Duquesne'}, 'city': 'Bonaduz', 'state': 'Thurgau', 'country': 'Switzerland', 'postcode': 6213, 'coordinates': {'latitude': '-63.3203', 'longitude': '12.6517'}, 'timezone': {'offset': '+3:30', 'description': 'Tehran'}}, 'email': 'noelia.riviere@example.com', 'login': {'uuid': 'cd19ce1c-377e-4d4b-bb0b-865f50998f41', 'username': 'redleopard455', 'password': '353535', 'salt': 'BE42sRES', 'md5': '51b6c29e3f6fed44f766f10fad257d3d', 'sha1': '1282a3822e6a8b64e0b49b47f83c393cc85879b3', 'sha256': '57bad97e60acea1ec0e91663f9c87cff507e26cc6fadcba904426879a0319ae4'}, 'dob': {'date': '1963-10-01T07:50:27.863Z', 'age': 60}, 'registered': {'date': '2021-06-11T02:57:38.693Z', 'age': 3}, 'phone': '078 592 13 04', 'cell': '079 973 93 66', 'id': {'name': 'AVS', 'value': '756.3690.8521.88'}, 'picture': {'large': 'https://randomuser.me/api/portraits/women/33.jpg', 'medium': 'https://randomuser.me/api/portraits/med/women/33.jpg', 'thumbnail': 'https://randomuser.me/api/portraits/thumb/women/33.jpg'}, 'nat': 'CH'}], 'info': {'seed': '3c656dc456860ffe', 'results': 1, 'page': 1, 'version': '1.4'}}</msg>
<arg>${json_data}</arg>
<doc>Logs the given message with the given level.</doc>
<status status="PASS" start="2024-07-01T01:13:40.873942" elapsed="0.000198"/>
</kw>
<kw name="Should Be Equal As Numbers" owner="BuiltIn">
<arg>${json_data['results'][0]['location']['postcode']}</arg>
<arg>${json_data['results'][0]['location']['postcode']}</arg>
<doc>Fails if objects are unequal after converting them to real numbers.</doc>
<status status="PASS" start="2024-07-01T01:13:40.874473" elapsed="0.000618"/>
</kw>
<kw name="Log" owner="BuiltIn">
<msg time="2024-07-01T01:13:40.875746" level="INFO">6213</msg>
<arg>${json_data['results'][0]['location']['postcode']}</arg>
<doc>Logs the given message with the given level.</doc>
<status status="PASS" start="2024-07-01T01:13:40.875293" elapsed="0.000493"/>
</kw>
<status status="PASS" start="2024-07-01T01:13:40.779528" elapsed="0.096534"/>
</kw>
<doc>Testa se os tipos de dados na resposta da API estão corretos.</doc>
<tag>testeTiposDados</tag>
<status status="PASS" start="2024-07-01T01:13:40.697263" elapsed="0.178961"/>
</test>
<test id="s1-s1-t5" name="Validar conteudo" line="35">
<kw name="Teste de Tipos de Conteudo" owner="random-user-service">
<kw name="GET On Session" owner="RequestsLibrary">
<msg time="2024-07-01T01:13:40.964175" level="INFO">GET Request : url=https://randomuser.me/api 
 path_url=/api 
 headers={'User-Agent': 'python-requests/2.32.3', 'Accept-Encoding': 'gzip, deflate', 'Accept': '*/*', 'Connection': 'keep-alive'} 
 body=None 
 </msg>
<msg time="2024-07-01T01:13:40.964257" level="INFO">GET Response : url=https://randomuser.me/api 
 status=200, reason=OK 
 headers={'Date': 'Mon, 01 Jul 2024 01:13:40 GMT', 'Content-Type': 'application/json; charset=utf-8', 'Transfer-Encoding': 'chunked', 'Connection': 'keep-alive', 'X-Powered-By': 'Express', 'Access-Control-Allow-Origin': '*', 'Cache-Control': 'no-cache', 'ETag': 'W/"485-gppsF15LQu1Md5swN0hbo3vloVk"', 'Vary': 'Accept-Encoding', 'Content-Encoding': 'gzip', 'CF-Cache-Status': 'DYNAMIC', 'Report-To': '{"endpoints":[{"url":"https:\\/\\/a.nel.cloudflare.com\\/report\\/v4?s=CADrwpEmQyxtNIO5DwgVOhzsc%2BlYPZ3Iurgt4d0ZK0AcqEEWnK5cya0LlDMMhiEeN5cjFsd4IYN58Y%2BhRZYM988WbMF5ohSqimtgNSM1MROXhAXVHt5RmP0oM9WKDqWo"}],"group":"cf-nel","max_age":604800}', 'NEL': '{"success_fraction":0,"report_to":"cf-nel","max_age":604800}', 'Server': 'cloudflare', 'CF-RAY': '89c288ee7b012bc4-ORD', 'alt-svc': 'h3=":443"; ma=86400'} 
 body={"results":[{"gender":"female","name":{"title":"Ms","first":"Teunie","last":"Sijbrandij"},"location":{"street":{"number":8267,"name":"Jutestraat"},"city":"Bladel","state":"Utrecht","country":"Netherlands","postcode":"6762 XT","coordinates":{"latitude":"34.1982","longitude":"86.0551"},"timezone":{"offset":"+9:30","description":"Adelaide, Darwin"}},"email":"teunie.sijbrandij@example.com","login":{"uuid":"eaaedd1c-d279-49d8-8572-21eb426f0d79","username":"bluedog177","password":"iomega","salt":"jEKJ2HHt","md5":"992a7c08c6713a1190985e7058e6d71f","sha1":"736549c979838d6d52b9c71cd5be81095aff81e0","sha256":"c179c9272f3bf4aeeacfdb7b83f5dffae52c8d1e81ff0d2bd53667cdd1c49583"},"dob":{"date":"1995-12-30T03:31:56.835Z","age":28},"registered":{"date":"2016-08-08T17:02:35.932Z","age":7},"phone":"(013) 9084678","cell":"(06) 43791323","id":{"name":"BSN","value":"95138436"},"picture":{"large":"https://randomuser.me/api/portraits/women/24.jpg","medium":"https://randomuser.me/api/portraits/med/women/24.jpg","thumbnail":"https://randomuser.me/api/portraits/thumb/women/24.jpg"},"nat":"NL"}],"info":{"seed":"65d568e59a8d9934","results":1,"page":1,"version":"1.4"}} 
 </msg>
<msg time="2024-07-01T01:13:40.964330" level="INFO">/opt/hostedtoolcache/Python/3.12.4/x64/lib/python3.12/site-packages/urllib3/connectionpool.py:1099: InsecureRequestWarning: Unverified HTTPS request is being made to host 'randomuser.me'. Adding certificate verification is strongly advised. See: https://urllib3.readthedocs.io/en/latest/advanced-usage.html#tls-warnings
  warnings.warn(</msg>
<msg time="2024-07-01T01:13:40.964440" level="INFO">${response} = &lt;Response [200]&gt;</msg>
<var>${response}</var>
<arg>consultarAPI</arg>
<arg>/api</arg>
<doc>Sends a GET request on a previously created HTTP Session.</doc>
<status status="PASS" start="2024-07-01T01:13:40.878602" elapsed="0.085880"/>
</kw>
<kw name="Set Variable" owner="BuiltIn">
<msg time="2024-07-01T01:13:40.965399" level="INFO">${json_data} = {'results': [{'gender': 'female', 'name': {'title': 'Ms', 'first': 'Teunie', 'last': 'Sijbrandij'}, 'location': {'street': {'number': 8267, 'name': 'Jutestraat'}, 'city': 'Bladel', 'state': 'Utrecht',...</msg>
<var>${json_data}</var>
<arg>${response.json()}</arg>
<doc>Returns the given values which can then be assigned to a variables.</doc>
<status status="PASS" start="2024-07-01T01:13:40.964946" elapsed="0.000480"/>
</kw>
<kw name="Set Variable" owner="BuiltIn">
<msg time="2024-07-01T01:13:40.966101" level="INFO">${name_title} = Ms</msg>
<var>${name_title}</var>
<arg>${json_data["results"][0]["name"]["title"]}</arg>
<doc>Returns the given values which can then be assigned to a variables.</doc>
<status status="PASS" start="2024-07-01T01:13:40.965723" elapsed="0.000402"/>
</kw>
<kw name="Create List" owner="BuiltIn">
<msg time="2024-07-01T01:13:40.966609" level="INFO">${allowed_titles} = ['Mr', 'Ms', 'Miss', 'Mrs', 'Madame', 'Monsieur']</msg>
<var>${allowed_titles}</var>
<arg>Mr</arg>
<arg>Ms</arg>
<arg>Miss</arg>
<arg>Mrs</arg>
<arg>Madame</arg>
<arg>Monsieur</arg>
<doc>Returns a list containing given items.</doc>
<status status="PASS" start="2024-07-01T01:13:40.966453" elapsed="0.000181"/>
</kw>
<kw name="List Should Contain Value" owner="Collections">
<arg>${allowed_titles}</arg>
<arg>${name_title}</arg>
<doc>Fails if the ``value`` is not found from ``list``.</doc>
<status status="PASS" start="2024-07-01T01:13:40.966929" elapsed="0.000173"/>
</kw>
<kw name="Set Variable" owner="BuiltIn">
<msg time="2024-07-01T01:13:40.967645" level="INFO">${name_country} = NL</msg>
<var>${name_country}</var>
<arg>${json_data["results"][0]["nat"]}</arg>
<doc>Returns the given values which can then be assigned to a variables.</doc>
<status status="PASS" start="2024-07-01T01:13:40.967277" elapsed="0.000392"/>
</kw>
<kw name="Create List" owner="BuiltIn">
<msg time="2024-07-01T01:13:40.968552" level="INFO">${list_country} = ['AD', 'AE', 'AF', 'AG', 'AI', 'AL', 'AM', 'AO', 'AQ', 'AR', 'AS', 'AT', 'AU', 'AW', 'AX', 'AZ', 'BA', 'BB', 'BD', 'BE', 'BF', 'BG', 'BH', 'BI', 'BJ', 'BL', 'BM', 'BN', 'BO', 'BQ', 'BR', 'BS', 'BT', '...</msg>
<var>${list_country}</var>
<arg>AD</arg>
<arg>AE</arg>
<arg>AF</arg>
<arg>AG</arg>
<arg>AI</arg>
<arg>AL</arg>
<arg>AM</arg>
<arg>AO</arg>
<arg>AQ</arg>
<arg>AR</arg>
<arg>AS</arg>
<arg>AT</arg>
<arg>AU</arg>
<arg>AW</arg>
<arg>AX</arg>
<arg>AZ</arg>
<arg>BA</arg>
<arg>BB</arg>
<arg>BD</arg>
<arg>BE</arg>
<arg>BF</arg>
<arg>BG</arg>
<arg>BH</arg>
<arg>BI</arg>
<arg>BJ</arg>
<arg>BL</arg>
<arg>BM</arg>
<arg>BN</arg>
<arg>BO</arg>
<arg>BQ</arg>
<arg>BR</arg>
<arg>BS</arg>
<arg>BT</arg>
<arg>BV</arg>
<arg>BW</arg>
<arg>BY</arg>
<arg>BZ</arg>
<arg>CA</arg>
<arg>CC</arg>
<arg>CD</arg>
<arg>CF</arg>
<arg>CG</arg>
<arg>CH</arg>
<arg>CI</arg>
<arg>CK</arg>
<arg>CL</arg>
<arg>CM</arg>
<arg>CN</arg>
<arg>CO</arg>
<arg>CR</arg>
<arg>CU</arg>
<arg>CV</arg>
<arg>CW</arg>
<arg>CX</arg>
<arg>CY</arg>
<arg>CZ</arg>
<arg>DE</arg>
<arg>DJ</arg>
<arg>DK</arg>
<arg>DM</arg>
<arg>DO</arg>
<arg>DZ</arg>
<arg>EC</arg>
<arg>EE</arg>
<arg>EG</arg>
<arg>EH</arg>
<arg>ER</arg>
<arg>ES</arg>
<arg>ET</arg>
<arg>FI</arg>
<arg>FJ</arg>
<arg>FK</arg>
<arg>FM</arg>
<arg>FO</arg>
<arg>FR</arg>
<arg>GA</arg>
<arg>GB</arg>
<arg>GD</arg>
<arg>GE</arg>
<arg>GF</arg>
<arg>GG</arg>
<arg>GH</arg>
<arg>GI</arg>
<arg>GL</arg>
<arg>GM</arg>
<arg>GN</arg>
<arg>GP</arg>
<arg>GQ</arg>
<arg>GR</arg>
<arg>GS</arg>
<arg>GT</arg>
<arg>GU</arg>
<arg>GW</arg>
<arg>GY</arg>
<arg>HK</arg>
<arg>HM</arg>
<arg>HN</arg>
<arg>HR</arg>
<arg>HT</arg>
<arg>HU</arg>
<arg>ID</arg>
<arg>IE</arg>
<arg>IL</arg>
<arg>IM</arg>
<arg>IN</arg>
<arg>IO</arg>
<arg>IQ</arg>
<arg>IR</arg>
<arg>IS</arg>
<arg>IT</arg>
<arg>JE</arg>
<arg>JM</arg>
<arg>JO</arg>
<arg>JP</arg>
<arg>KE</arg>
<arg>KG</arg>
<arg>KH</arg>
<arg>KI</arg>
<arg>KM</arg>
<arg>KN</arg>
<arg>KP</arg>
<arg>KR</arg>
<arg>KW</arg>
<arg>KY</arg>
<arg>KZ</arg>
<arg>LA</arg>
<arg>LB</arg>
<arg>LC</arg>
<arg>LI</arg>
<arg>LK</arg>
<arg>LR</arg>
<arg>LS</arg>
<arg>LT</arg>
<arg>LU</arg>
<arg>LV</arg>
<arg>LY</arg>
<arg>MA</arg>
<arg>MC</arg>
<arg>MD</arg>
<arg>ME</arg>
<arg>MF</arg>
<arg>MG</arg>
<arg>MH</arg>
<arg>MK</arg>
<arg>ML</arg>
<arg>MM</arg>
<arg>MN</arg>
<arg>MO</arg>
<arg>MP</arg>
<arg>MQ</arg>
<arg>MR</arg>
<arg>MS</arg>
<arg>MT</arg>
<arg>MU</arg>
<arg>MV</arg>
<arg>MW</arg>
<arg>MX</arg>
<arg>MY</arg>
<arg>MZ</arg>
<arg>NA</arg>
<arg>NC</arg>
<arg>NE</arg>
<arg>NF</arg>
<arg>NG</arg>
<arg>NI</arg>
<arg>NL</arg>
<arg>NO</arg>
<arg>NP</arg>
<arg>NR</arg>
<arg>NU</arg>
<arg>NZ</arg>
<arg>OM</arg>
<arg>PA</arg>
<arg>PE</arg>
<arg>PF</arg>
<arg>PG</arg>
<arg>PH</arg>
<arg>PK</arg>
<arg>PL</arg>
<arg>PM</arg>
<arg>PN</arg>
<arg>PR</arg>
<arg>PS</arg>
<arg>PT</arg>
<arg>PW</arg>
<arg>PY</arg>
<arg>QA</arg>
<arg>RE</arg>
<arg>RO</arg>
<arg>RS</arg>
<arg>RU</arg>
<arg>RW</arg>
<arg>SA</arg>
<arg>SB</arg>
<arg>SC</arg>
<arg>SD</arg>
<arg>SE</arg>
<arg>SG</arg>
<arg>SH</arg>
<arg>SI</arg>
<arg>SJ</arg>
<arg>SK</arg>
<arg>SL</arg>
<arg>SM</arg>
<arg>SN</arg>
<arg>SO</arg>
<arg>SR</arg>
<arg>SS</arg>
<arg>ST</arg>
<arg>SV</arg>
<arg>SX</arg>
<arg>SY</arg>
<arg>SZ</arg>
<arg>TC</arg>
<arg>TD</arg>
<arg>TF</arg>
<arg>TG</arg>
<arg>TH</arg>
<arg>TJ</arg>
<arg>TK</arg>
<arg>TL</arg>
<arg>TM</arg>
<arg>TN</arg>
<arg>TO</arg>
<arg>TR</arg>
<arg>TT</arg>
<arg>TV</arg>
<arg>TW</arg>
<arg>TZ</arg>
<arg>UA</arg>
<arg>UG</arg>
<arg>UM</arg>
<arg>US</arg>
<arg>UY</arg>
<arg>UZ</arg>
<arg>VA</arg>
<arg>VC</arg>
<arg>VE</arg>
<arg>VG</arg>
<arg>VI</arg>
<arg>VN</arg>
<arg>VU</arg>
<arg>WF</arg>
<arg>WS</arg>
<arg>XK</arg>
<arg>YE</arg>
<arg>YT</arg>
<arg>ZA</arg>
<arg>ZM</arg>
<arg>ZW</arg>
<doc>Returns a list containing given items.</doc>
<status status="PASS" start="2024-07-01T01:13:40.967958" elapsed="0.000620"/>
</kw>
<kw name="List Should Contain Value" owner="Collections">
<arg>${list_country}</arg>
<arg>${name_country}</arg>
<doc>Fails if the ``value`` is not found from ``list``.</doc>
<status status="PASS" start="2024-07-01T01:13:40.969381" elapsed="0.000204"/>
</kw>
<kw name="Run Keyword If" owner="BuiltIn">
<kw name="Should Be True" owner="BuiltIn">
<arg>${True}</arg>
<doc>Fails if the given condition is not true.</doc>
<status status="PASS" start="2024-07-01T01:13:40.970548" elapsed="0.000143"/>
</kw>
<arg>${json_data["results"][0]["location"]["coordinates"]["latitude"]} &gt;= -90 and ${json_data["results"][0]["location"]["coordinates"]["latitude"]} &lt;= 90</arg>
<arg>Should Be True</arg>
<arg>${True}</arg>
<doc>Runs the given keyword with the given arguments, if ``condition`` is true.</doc>
<status status="PASS" start="2024-07-01T01:13:40.969780" elapsed="0.001035"/>
</kw>
<kw name="Run Keyword If" owner="BuiltIn">
<kw name="Should Be True" owner="BuiltIn">
<arg>${True}</arg>
<doc>Fails if the given condition is not true.</doc>
<status status="PASS" start="2024-07-01T01:13:40.971679" elapsed="0.000229"/>
</kw>
<arg>${json_data["results"][0]["location"]["coordinates"]["longitude"]} &gt;= -180 and ${json_data["results"][0]["location"]["coordinates"]["longitude"]} &lt;= 180</arg>
<arg>Should Be True</arg>
<arg>${True}</arg>
<doc>Runs the given keyword with the given arguments, if ``condition`` is true.</doc>
<status status="PASS" start="2024-07-01T01:13:40.970992" elapsed="0.001042"/>
</kw>
<status status="PASS" start="2024-07-01T01:13:40.878374" elapsed="0.093788"/>
</kw>
<doc>Testa o conteúdo específico dos campos retornados pela API.</doc>
<tag>testeConteudo</tag>
<status status="PASS" start="2024-07-01T01:13:40.877936" elapsed="0.094369"/>
</test>
<status status="PASS" start="2024-07-01T01:13:40.125577" elapsed="0.848625"/>
</suite>
<status status="PASS" start="2024-07-01T01:13:40.110735" elapsed="0.868508"/>
</suite>
<statistics>
<total>
<stat pass="5" fail="0" skip="0">All Tests</stat>
</total>
<tag>
<stat pass="1" fail="0" skip="0">testeConteudo</stat>
<stat pass="1" fail="0" skip="0">testeEstruturaResposta</stat>
<stat pass="1" fail="0" skip="0">testeRequisicaoBasica</stat>
<stat pass="1" fail="0" skip="0">testeTiposDados</stat>
</tag>
<suite>
<stat pass="5" fail="0" skip="0" id="s1" name="Tests">Tests</stat>
<stat pass="5" fail="0" skip="0" id="s1-s1" name="Random-User-Test">Tests.Random-User-Test</stat>
</suite>
</statistics>
<errors>
</errors>
</robot>
