<?xml version="1.0" encoding="UTF-8"?>
<robot generator="Robot 7.0 (Python 3.12.2 on linux)" generated="2024-03-23T19:10:39.136825" rpa="false" schemaversion="5">
<suite id="s1" name="Tests" source="/home/runner/work/DesafioQAItauRogerioJordao/DesafioQAItauRogerioJordao/RamdonUser/tests">
<suite id="s1-s1" name="Random-User-Test" source="/home/runner/work/DesafioQAItauRogerioJordao/DesafioQAItauRogerioJordao/RamdonUser/tests/random-user-test.robot">
<test id="s1-s1-t1" name="Conectar" line="13">
<kw name="Conectar API" owner="random-user-service">
<kw name="Create Session" owner="RequestsLibrary">
<msg time="2024-03-23T19:10:39.515282" level="INFO">Creating Session using : alias=consultarAPI, url=https://randomuser.me/, headers={},                     cookies={}, auth=None, timeout=None, proxies=None, verify=False,                     debug=0 </msg>
<arg>consultarAPI</arg>
<arg>${URL}</arg>
<doc>Create Session: create a HTTP session to a server</doc>
<status status="PASS" start="2024-03-23T19:10:39.515066" elapsed="0.000392"/>
</kw>
<status status="PASS" start="2024-03-23T19:10:39.513983" elapsed="0.001845"/>
</kw>
<status status="PASS" start="2024-03-23T19:10:39.513333" elapsed="0.002701"/>
</test>
<test id="s1-s1-t2" name="Validar retorno 200 e JSON Válido" line="16">
<kw name="Teste de Requisicao Basica" owner="random-user-service">
<kw name="GET On Session" owner="RequestsLibrary">
<msg time="2024-03-23T19:10:39.758587" level="INFO">GET Request : url=https://randomuser.me/api 
 path_url=/api 
 headers={'User-Agent': 'python-requests/2.31.0', 'Accept-Encoding': 'gzip, deflate', 'Accept': '*/*', 'Connection': 'keep-alive'} 
 body=None 
 </msg>
<msg time="2024-03-23T19:10:39.758758" level="INFO">GET Response : url=https://randomuser.me/api 
 status=200, reason=OK 
 headers={'Date': 'Sat, 23 Mar 2024 19:10:39 GMT', 'Content-Type': 'application/json; charset=utf-8', 'Transfer-Encoding': 'chunked', 'Connection': 'keep-alive', 'X-Powered-By': 'Express', 'Access-Control-Allow-Origin': '*', 'Cache-Control': 'no-cache', 'ETag': 'W/"4a9-6vvp3FKfV6dHYy6ldayy7uUs2E8"', 'Vary': 'Accept-Encoding', 'Content-Encoding': 'gzip', 'CF-Cache-Status': 'DYNAMIC', 'Report-To': '{"endpoints":[{"url":"https:\\/\\/a.nel.cloudflare.com\\/report\\/v4?s=NwkG0b%2Fs9EV%2BMU9TVrow5Twol5xyeQmCXQypRywfhHB9fApUMJKpiQxZG1iUr55pi0zQ4t3ELjJj1bYp%2FtTnnyPJFLEEzlUQ6ORTLLjfNpH%2B8VO8Q7KdYjXa8InVd7y3"}],"group":"cf-nel","max_age":604800}', 'NEL': '{"success_fraction":0,"report_to":"cf-nel","max_age":604800}', 'Server': 'cloudflare', 'CF-RAY': '8690b90a3eb22db2-ORD', 'alt-svc': 'h3=":443"; ma=86400'} 
 body={"results":[{"gender":"female","name":{"title":"Miss","first":"Rose","last":"Knight"},"location":{"street":{"number":5455,"name":"Concession Road 23"},"city":"Woodstock","state":"Northwest Territories","country":"Canada","postcode":"N8Z 2Z2","coordinates":{"latitude":"-71.6836","longitude":"89.3165"},"timezone":{"offset":"+11:00","description":"Magadan, Solomon Islands, New Caledonia"}},"email":"rose.knight@example.com","login":{"uuid":"e74f85f6-56fe-41cd-83e6-88701d80ff78","username":"happyleopard605","password":"ttttt","salt":"x74hY2Ip","md5":"a0cae56116eb927b31966f46fee4b7e1","sha1":"21e7d2358acdb056cd64fbc9902b4d0ec690a109","sha256":"e165ed96487416a2190422464caa821ae12524ebf2cb1f59bb3462dd40d4ff04"},"dob":{"date":"1971-05-15T21:14:55.929Z","age":52},"registered":{"date":"2002-05-01T17:54:58.406Z","age":21},"phone":"V50 Y94-5110","cell":"U69 I35-0743","id":{"name":"SIN","value":"388329930"},"picture":{"large":"https://randomuser.me/api/portraits/women/9.jpg","medium":"https://randomuser.me/api/portraits/med/women/9.jpg","thumbnail":"https://randomuser.me/api/portraits/thumb/women/9.jpg"},"nat":"CA"}],"info":{"seed":"3fe7fd19e84cd09c","results":1,"page":1,"version":"1.4"}} 
 </msg>
<msg time="2024-03-23T19:10:39.758879" level="INFO">/opt/hostedtoolcache/Python/3.12.2/x64/lib/python3.12/site-packages/urllib3/connectionpool.py:1103: InsecureRequestWarning: Unverified HTTPS request is being made to host 'randomuser.me'. Adding certificate verification is strongly advised. See: https://urllib3.readthedocs.io/en/latest/advanced-usage.html#tls-warnings
  warnings.warn(</msg>
<msg time="2024-03-23T19:10:39.759056" level="INFO">${response} = &lt;Response [200]&gt;</msg>
<var>${response}</var>
<arg>consultarAPI</arg>
<arg>/api</arg>
<doc>Sends a GET request on a previously created HTTP Session.</doc>
<status status="PASS" start="2024-03-23T19:10:39.518710" elapsed="0.240389"/>
</kw>
<kw name="Should Be Equal As Numbers" owner="BuiltIn">
<msg time="2024-03-23T19:10:39.760307" level="INFO">Argument types are:
&lt;class 'int'&gt;
&lt;class 'str'&gt;</msg>
<arg>${response.status_code}</arg>
<arg>200</arg>
<doc>Fails if objects are unequal after converting them to real numbers.</doc>
<status status="PASS" start="2024-03-23T19:10:39.759787" elapsed="0.000590"/>
</kw>
<kw name="Log" owner="BuiltIn">
<msg time="2024-03-23T19:10:39.761133" level="INFO">200</msg>
<arg>${response.status_code}</arg>
<doc>Logs the given message with the given level.</doc>
<status status="PASS" start="2024-03-23T19:10:39.760749" elapsed="0.000429"/>
</kw>
<kw name="Set Variable" owner="BuiltIn">
<msg time="2024-03-23T19:10:39.761990" level="INFO">${json_data} = {'results': [{'gender': 'female', 'name': {'title': 'Miss', 'first': 'Rose', 'last': 'Knight'}, 'location': {'street': {'number': 5455, 'name': 'Concession Road 23'}, 'city': 'Woodstock', 'state': 'No...</msg>
<var>${json_data}</var>
<arg>${response.json()}</arg>
<doc>Returns the given values which can then be assigned to a variables.</doc>
<status status="PASS" start="2024-03-23T19:10:39.761528" elapsed="0.000490"/>
</kw>
<kw name="Dictionary Should Contain Key" owner="Collections">
<msg time="2024-03-23T19:10:39.762506" level="INFO">False</msg>
<arg>${json_data}</arg>
<arg>results</arg>
<doc>Fails if ``key`` is not found from ``dictionary``.</doc>
<status status="PASS" start="2024-03-23T19:10:39.762330" elapsed="0.000217"/>
</kw>
<status status="PASS" start="2024-03-23T19:10:39.518451" elapsed="0.244364"/>
</kw>
<doc>Testa se a API responde corretamente e retorna um objeto JSON válido.</doc>
<tag>testeRequisicaoBasica</tag>
<status status="PASS" start="2024-03-23T19:10:39.517898" elapsed="0.245154"/>
</test>
<test id="s1-s1-t3" name="Validar estrutura de resposta" line="22">
<kw name="Teste de Estrutura de Resposta" owner="random-user-service">
<kw name="GET On Session" owner="RequestsLibrary">
<msg time="2024-03-23T19:10:39.868850" level="INFO">GET Request : url=https://randomuser.me/api 
 path_url=/api 
 headers={'User-Agent': 'python-requests/2.31.0', 'Accept-Encoding': 'gzip, deflate', 'Accept': '*/*', 'Connection': 'keep-alive'} 
 body=None 
 </msg>
<msg time="2024-03-23T19:10:39.868945" level="INFO">GET Response : url=https://randomuser.me/api 
 status=200, reason=OK 
 headers={'Date': 'Sat, 23 Mar 2024 19:10:39 GMT', 'Content-Type': 'application/json; charset=utf-8', 'Transfer-Encoding': 'chunked', 'Connection': 'keep-alive', 'X-Powered-By': 'Express', 'Access-Control-Allow-Origin': '*', 'Cache-Control': 'no-cache', 'ETag': 'W/"48e-Gjk+dTzd/l0RBHTFBBdnDpPyORU"', 'Vary': 'Accept-Encoding', 'Content-Encoding': 'gzip', 'CF-Cache-Status': 'DYNAMIC', 'Report-To': '{"endpoints":[{"url":"https:\\/\\/a.nel.cloudflare.com\\/report\\/v4?s=AAEoI6hVo7j%2Fhe73oGxF%2BO13d9T1roZKQZeAcJ4B6glTC1Ew1Ncx1%2FtCHjXHNcXy%2B1V7LdQrsWeEuo03SwIILTR82rZJVu%2BzTaZq9qYWvqK%2F%2FNBZto2Cl9bvTiMqc721"}],"group":"cf-nel","max_age":604800}', 'NEL': '{"success_fraction":0,"report_to":"cf-nel","max_age":604800}', 'Server': 'cloudflare', 'CF-RAY': '8690b90a8f0a2db2-ORD', 'alt-svc': 'h3=":443"; ma=86400'} 
 body={"results":[{"gender":"female","name":{"title":"Mrs","first":"Julie","last":"Poulsen"},"location":{"street":{"number":2592,"name":"Thistedvej"},"city":"Jystrup","state":"Midtjylland","country":"Denmark","postcode":31741,"coordinates":{"latitude":"-46.5977","longitude":"32.2191"},"timezone":{"offset":"+5:30","description":"Bombay, Calcutta, Madras, New Delhi"}},"email":"julie.poulsen@example.com","login":{"uuid":"7c9b4d56-3b7d-4105-8dce-89a5a4436035","username":"whiteleopard608","password":"salope","salt":"UB2fbwXZ","md5":"e748bf464c0dcdb23757e391624e99d4","sha1":"b5d353936d817dfc165ceef75ae0d43fc6b811d6","sha256":"1dfa2ffe98db071b0184a31baffb6f7915392f131f97e0181aa3c11acff13b23"},"dob":{"date":"1982-09-20T05:03:59.010Z","age":41},"registered":{"date":"2009-04-07T21:59:00.701Z","age":14},"phone":"22240237","cell":"44105927","id":{"name":"CPR","value":"200982-4278"},"picture":{"large":"https://randomuser.me/api/portraits/women/63.jpg","medium":"https://randomuser.me/api/portraits/med/women/63.jpg","thumbnail":"https://randomuser.me/api/portraits/thumb/women/63.jpg"},"nat":"DK"}],"info":{"seed":"6504254558049a17","results":1,"page":1,"version":"1.4"}} 
 </msg>
<msg time="2024-03-23T19:10:39.869087" level="INFO">/opt/hostedtoolcache/Python/3.12.2/x64/lib/python3.12/site-packages/urllib3/connectionpool.py:1103: InsecureRequestWarning: Unverified HTTPS request is being made to host 'randomuser.me'. Adding certificate verification is strongly advised. See: https://urllib3.readthedocs.io/en/latest/advanced-usage.html#tls-warnings
  warnings.warn(</msg>
<msg time="2024-03-23T19:10:39.869198" level="INFO">${response} = &lt;Response [200]&gt;</msg>
<var>${response}</var>
<arg>consultarAPI</arg>
<arg>/api</arg>
<doc>Sends a GET request on a previously created HTTP Session.</doc>
<status status="PASS" start="2024-03-23T19:10:39.765962" elapsed="0.103276"/>
</kw>
<kw name="Set Variable" owner="BuiltIn">
<msg time="2024-03-23T19:10:39.870169" level="INFO">${json_data} = {'results': [{'gender': 'female', 'name': {'title': 'Mrs', 'first': 'Julie', 'last': 'Poulsen'}, 'location': {'street': {'number': 2592, 'name': 'Thistedvej'}, 'city': 'Jystrup', 'state': 'Midtjylland...</msg>
<var>${json_data}</var>
<arg>${response.json()}</arg>
<doc>Returns the given values which can then be assigned to a variables.</doc>
<status status="PASS" start="2024-03-23T19:10:39.869681" elapsed="0.000516"/>
</kw>
<kw name="Log" owner="BuiltIn">
<msg time="2024-03-23T19:10:39.870677" level="INFO">{'results': [{'gender': 'female', 'name': {'title': 'Mrs', 'first': 'Julie', 'last': 'Poulsen'}, 'location': {'street': {'number': 2592, 'name': 'Thistedvej'}, 'city': 'Jystrup', 'state': 'Midtjylland', 'country': 'Denmark', 'postcode': 31741, 'coordinates': {'latitude': '-46.5977', 'longitude': '32.2191'}, 'timezone': {'offset': '+5:30', 'description': 'Bombay, Calcutta, Madras, New Delhi'}}, 'email': 'julie.poulsen@example.com', 'login': {'uuid': '7c9b4d56-3b7d-4105-8dce-89a5a4436035', 'username': 'whiteleopard608', 'password': 'salope', 'salt': 'UB2fbwXZ', 'md5': 'e748bf464c0dcdb23757e391624e99d4', 'sha1': 'b5d353936d817dfc165ceef75ae0d43fc6b811d6', 'sha256': '1dfa2ffe98db071b0184a31baffb6f7915392f131f97e0181aa3c11acff13b23'}, 'dob': {'date': '1982-09-20T05:03:59.010Z', 'age': 41}, 'registered': {'date': '2009-04-07T21:59:00.701Z', 'age': 14}, 'phone': '22240237', 'cell': '44105927', 'id': {'name': 'CPR', 'value': '200982-4278'}, 'picture': {'large': 'https://randomuser.me/api/portraits/women/63.jpg', 'medium': 'https://randomuser.me/api/portraits/med/women/63.jpg', 'thumbnail': 'https://randomuser.me/api/portraits/thumb/women/63.jpg'}, 'nat': 'DK'}], 'info': {'seed': '6504254558049a17', 'results': 1, 'page': 1, 'version': '1.4'}}</msg>
<arg>${json_data}</arg>
<doc>Logs the given message with the given level.</doc>
<status status="PASS" start="2024-03-23T19:10:39.870516" elapsed="0.000209"/>
</kw>
<kw name="Dictionary Should Contain Key" owner="Collections">
<msg time="2024-03-23T19:10:39.871215" level="INFO">False</msg>
<arg>${json_data}</arg>
<arg>results</arg>
<doc>Fails if ``key`` is not found from ``dictionary``.</doc>
<status status="PASS" start="2024-03-23T19:10:39.871056" elapsed="0.000196"/>
</kw>
<kw name="Should Not Be Empty" owner="BuiltIn">
<msg time="2024-03-23T19:10:39.871680" level="INFO">Length is 2.</msg>
<arg>${json_data}</arg>
<doc>Verifies that the given item is not empty.</doc>
<status status="PASS" start="2024-03-23T19:10:39.871547" elapsed="0.000170"/>
</kw>
<kw name="Create List" owner="BuiltIn">
<msg time="2024-03-23T19:10:39.872155" level="INFO">${expected_keys} = ['gender', 'name', 'location', 'email', 'login']</msg>
<var>${expected_keys}</var>
<arg>gender</arg>
<arg>name</arg>
<arg>location</arg>
<arg>email</arg>
<arg>login</arg>
<doc>Returns a list containing given items.</doc>
<status status="PASS" start="2024-03-23T19:10:39.872009" elapsed="0.000170"/>
</kw>
<for flavor="IN">
<iter>
<kw name="Dictionary Should Contain Key" owner="Collections">
<msg time="2024-03-23T19:10:39.873161" level="INFO">False</msg>
<arg>${json_data['results'][0]}</arg>
<arg>${key}</arg>
<doc>Fails if ``key`` is not found from ``dictionary``.</doc>
<status status="PASS" start="2024-03-23T19:10:39.872761" elapsed="0.000440"/>
</kw>
<kw name="Log" owner="BuiltIn">
<msg time="2024-03-23T19:10:39.873871" level="INFO">{'gender': 'female', 'name': {'title': 'Mrs', 'first': 'Julie', 'last': 'Poulsen'}, 'location': {'street': {'number': 2592, 'name': 'Thistedvej'}, 'city': 'Jystrup', 'state': 'Midtjylland', 'country': 'Denmark', 'postcode': 31741, 'coordinates': {'latitude': '-46.5977', 'longitude': '32.2191'}, 'timezone': {'offset': '+5:30', 'description': 'Bombay, Calcutta, Madras, New Delhi'}}, 'email': 'julie.poulsen@example.com', 'login': {'uuid': '7c9b4d56-3b7d-4105-8dce-89a5a4436035', 'username': 'whiteleopard608', 'password': 'salope', 'salt': 'UB2fbwXZ', 'md5': 'e748bf464c0dcdb23757e391624e99d4', 'sha1': 'b5d353936d817dfc165ceef75ae0d43fc6b811d6', 'sha256': '1dfa2ffe98db071b0184a31baffb6f7915392f131f97e0181aa3c11acff13b23'}, 'dob': {'date': '1982-09-20T05:03:59.010Z', 'age': 41}, 'registered': {'date': '2009-04-07T21:59:00.701Z', 'age': 14}, 'phone': '22240237', 'cell': '44105927', 'id': {'name': 'CPR', 'value': '200982-4278'}, 'picture': {'large': 'https://randomuser.me/api/portraits/women/63.jpg', 'medium': 'https://randomuser.me/api/portraits/med/women/63.jpg', 'thumbnail': 'https://randomuser.me/api/portraits/thumb/women/63.jpg'}, 'nat': 'DK'}</msg>
<arg>${json_data['results'][0]}</arg>
<doc>Logs the given message with the given level.</doc>
<status status="PASS" start="2024-03-23T19:10:39.873507" elapsed="0.000419"/>
</kw>
<kw name="Log" owner="BuiltIn">
<msg time="2024-03-23T19:10:39.874365" level="INFO">gender</msg>
<arg>${key}</arg>
<doc>Logs the given message with the given level.</doc>
<status status="PASS" start="2024-03-23T19:10:39.874233" elapsed="0.000170"/>
</kw>
<var name="${key}">gender</var>
<status status="PASS" start="2024-03-23T19:10:39.872635" elapsed="0.001988"/>
</iter>
<iter>
<kw name="Dictionary Should Contain Key" owner="Collections">
<msg time="2024-03-23T19:10:39.875351" level="INFO">False</msg>
<arg>${json_data['results'][0]}</arg>
<arg>${key}</arg>
<doc>Fails if ``key`` is not found from ``dictionary``.</doc>
<status status="PASS" start="2024-03-23T19:10:39.874953" elapsed="0.000435"/>
</kw>
<kw name="Log" owner="BuiltIn">
<msg time="2024-03-23T19:10:39.876086" level="INFO">{'gender': 'female', 'name': {'title': 'Mrs', 'first': 'Julie', 'last': 'Poulsen'}, 'location': {'street': {'number': 2592, 'name': 'Thistedvej'}, 'city': 'Jystrup', 'state': 'Midtjylland', 'country': 'Denmark', 'postcode': 31741, 'coordinates': {'latitude': '-46.5977', 'longitude': '32.2191'}, 'timezone': {'offset': '+5:30', 'description': 'Bombay, Calcutta, Madras, New Delhi'}}, 'email': 'julie.poulsen@example.com', 'login': {'uuid': '7c9b4d56-3b7d-4105-8dce-89a5a4436035', 'username': 'whiteleopard608', 'password': 'salope', 'salt': 'UB2fbwXZ', 'md5': 'e748bf464c0dcdb23757e391624e99d4', 'sha1': 'b5d353936d817dfc165ceef75ae0d43fc6b811d6', 'sha256': '1dfa2ffe98db071b0184a31baffb6f7915392f131f97e0181aa3c11acff13b23'}, 'dob': {'date': '1982-09-20T05:03:59.010Z', 'age': 41}, 'registered': {'date': '2009-04-07T21:59:00.701Z', 'age': 14}, 'phone': '22240237', 'cell': '44105927', 'id': {'name': 'CPR', 'value': '200982-4278'}, 'picture': {'large': 'https://randomuser.me/api/portraits/women/63.jpg', 'medium': 'https://randomuser.me/api/portraits/med/women/63.jpg', 'thumbnail': 'https://randomuser.me/api/portraits/thumb/women/63.jpg'}, 'nat': 'DK'}</msg>
<arg>${json_data['results'][0]}</arg>
<doc>Logs the given message with the given level.</doc>
<status status="PASS" start="2024-03-23T19:10:39.875724" elapsed="0.000410"/>
</kw>
<kw name="Log" owner="BuiltIn">
<msg time="2024-03-23T19:10:39.876564" level="INFO">name</msg>
<arg>${key}</arg>
<doc>Logs the given message with the given level.</doc>
<status status="PASS" start="2024-03-23T19:10:39.876435" elapsed="0.000166"/>
</kw>
<var name="${key}">name</var>
<status status="PASS" start="2024-03-23T19:10:39.874812" elapsed="0.002005"/>
</iter>
<iter>
<kw name="Dictionary Should Contain Key" owner="Collections">
<msg time="2024-03-23T19:10:39.877483" level="INFO">False</msg>
<arg>${json_data['results'][0]}</arg>
<arg>${key}</arg>
<doc>Fails if ``key`` is not found from ``dictionary``.</doc>
<status status="PASS" start="2024-03-23T19:10:39.877108" elapsed="0.000413"/>
</kw>
<kw name="Log" owner="BuiltIn">
<msg time="2024-03-23T19:10:39.878183" level="INFO">{'gender': 'female', 'name': {'title': 'Mrs', 'first': 'Julie', 'last': 'Poulsen'}, 'location': {'street': {'number': 2592, 'name': 'Thistedvej'}, 'city': 'Jystrup', 'state': 'Midtjylland', 'country': 'Denmark', 'postcode': 31741, 'coordinates': {'latitude': '-46.5977', 'longitude': '32.2191'}, 'timezone': {'offset': '+5:30', 'description': 'Bombay, Calcutta, Madras, New Delhi'}}, 'email': 'julie.poulsen@example.com', 'login': {'uuid': '7c9b4d56-3b7d-4105-8dce-89a5a4436035', 'username': 'whiteleopard608', 'password': 'salope', 'salt': 'UB2fbwXZ', 'md5': 'e748bf464c0dcdb23757e391624e99d4', 'sha1': 'b5d353936d817dfc165ceef75ae0d43fc6b811d6', 'sha256': '1dfa2ffe98db071b0184a31baffb6f7915392f131f97e0181aa3c11acff13b23'}, 'dob': {'date': '1982-09-20T05:03:59.010Z', 'age': 41}, 'registered': {'date': '2009-04-07T21:59:00.701Z', 'age': 14}, 'phone': '22240237', 'cell': '44105927', 'id': {'name': 'CPR', 'value': '200982-4278'}, 'picture': {'large': 'https://randomuser.me/api/portraits/women/63.jpg', 'medium': 'https://randomuser.me/api/portraits/med/women/63.jpg', 'thumbnail': 'https://randomuser.me/api/portraits/thumb/women/63.jpg'}, 'nat': 'DK'}</msg>
<arg>${json_data['results'][0]}</arg>
<doc>Logs the given message with the given level.</doc>
<status status="PASS" start="2024-03-23T19:10:39.877819" elapsed="0.000416"/>
</kw>
<kw name="Log" owner="BuiltIn">
<msg time="2024-03-23T19:10:39.878664" level="INFO">location</msg>
<arg>${key}</arg>
<doc>Logs the given message with the given level.</doc>
<status status="PASS" start="2024-03-23T19:10:39.878536" elapsed="0.000166"/>
</kw>
<var name="${key}">location</var>
<status status="PASS" start="2024-03-23T19:10:39.876996" elapsed="0.001942"/>
</iter>
<iter>
<kw name="Dictionary Should Contain Key" owner="Collections">
<msg time="2024-03-23T19:10:39.879607" level="INFO">False</msg>
<arg>${json_data['results'][0]}</arg>
<arg>${key}</arg>
<doc>Fails if ``key`` is not found from ``dictionary``.</doc>
<status status="PASS" start="2024-03-23T19:10:39.879233" elapsed="0.000411"/>
</kw>
<kw name="Log" owner="BuiltIn">
<msg time="2024-03-23T19:10:39.880298" level="INFO">{'gender': 'female', 'name': {'title': 'Mrs', 'first': 'Julie', 'last': 'Poulsen'}, 'location': {'street': {'number': 2592, 'name': 'Thistedvej'}, 'city': 'Jystrup', 'state': 'Midtjylland', 'country': 'Denmark', 'postcode': 31741, 'coordinates': {'latitude': '-46.5977', 'longitude': '32.2191'}, 'timezone': {'offset': '+5:30', 'description': 'Bombay, Calcutta, Madras, New Delhi'}}, 'email': 'julie.poulsen@example.com', 'login': {'uuid': '7c9b4d56-3b7d-4105-8dce-89a5a4436035', 'username': 'whiteleopard608', 'password': 'salope', 'salt': 'UB2fbwXZ', 'md5': 'e748bf464c0dcdb23757e391624e99d4', 'sha1': 'b5d353936d817dfc165ceef75ae0d43fc6b811d6', 'sha256': '1dfa2ffe98db071b0184a31baffb6f7915392f131f97e0181aa3c11acff13b23'}, 'dob': {'date': '1982-09-20T05:03:59.010Z', 'age': 41}, 'registered': {'date': '2009-04-07T21:59:00.701Z', 'age': 14}, 'phone': '22240237', 'cell': '44105927', 'id': {'name': 'CPR', 'value': '200982-4278'}, 'picture': {'large': 'https://randomuser.me/api/portraits/women/63.jpg', 'medium': 'https://randomuser.me/api/portraits/med/women/63.jpg', 'thumbnail': 'https://randomuser.me/api/portraits/thumb/women/63.jpg'}, 'nat': 'DK'}</msg>
<arg>${json_data['results'][0]}</arg>
<doc>Logs the given message with the given level.</doc>
<status status="PASS" start="2024-03-23T19:10:39.879941" elapsed="0.000405"/>
</kw>
<kw name="Log" owner="BuiltIn">
<msg time="2024-03-23T19:10:39.880775" level="INFO">email</msg>
<arg>${key}</arg>
<doc>Logs the given message with the given level.</doc>
<status status="PASS" start="2024-03-23T19:10:39.880648" elapsed="0.000165"/>
</kw>
<var name="${key}">email</var>
<status status="PASS" start="2024-03-23T19:10:39.879123" elapsed="0.001906"/>
</iter>
<iter>
<kw name="Dictionary Should Contain Key" owner="Collections">
<msg time="2024-03-23T19:10:39.881698" level="INFO">False</msg>
<arg>${json_data['results'][0]}</arg>
<arg>${key}</arg>
<doc>Fails if ``key`` is not found from ``dictionary``.</doc>
<status status="PASS" start="2024-03-23T19:10:39.881320" elapsed="0.000417"/>
</kw>
<kw name="Log" owner="BuiltIn">
<msg time="2024-03-23T19:10:39.882392" level="INFO">{'gender': 'female', 'name': {'title': 'Mrs', 'first': 'Julie', 'last': 'Poulsen'}, 'location': {'street': {'number': 2592, 'name': 'Thistedvej'}, 'city': 'Jystrup', 'state': 'Midtjylland', 'country': 'Denmark', 'postcode': 31741, 'coordinates': {'latitude': '-46.5977', 'longitude': '32.2191'}, 'timezone': {'offset': '+5:30', 'description': 'Bombay, Calcutta, Madras, New Delhi'}}, 'email': 'julie.poulsen@example.com', 'login': {'uuid': '7c9b4d56-3b7d-4105-8dce-89a5a4436035', 'username': 'whiteleopard608', 'password': 'salope', 'salt': 'UB2fbwXZ', 'md5': 'e748bf464c0dcdb23757e391624e99d4', 'sha1': 'b5d353936d817dfc165ceef75ae0d43fc6b811d6', 'sha256': '1dfa2ffe98db071b0184a31baffb6f7915392f131f97e0181aa3c11acff13b23'}, 'dob': {'date': '1982-09-20T05:03:59.010Z', 'age': 41}, 'registered': {'date': '2009-04-07T21:59:00.701Z', 'age': 14}, 'phone': '22240237', 'cell': '44105927', 'id': {'name': 'CPR', 'value': '200982-4278'}, 'picture': {'large': 'https://randomuser.me/api/portraits/women/63.jpg', 'medium': 'https://randomuser.me/api/portraits/med/women/63.jpg', 'thumbnail': 'https://randomuser.me/api/portraits/thumb/women/63.jpg'}, 'nat': 'DK'}</msg>
<arg>${json_data['results'][0]}</arg>
<doc>Logs the given message with the given level.</doc>
<status status="PASS" start="2024-03-23T19:10:39.882031" elapsed="0.000407"/>
</kw>
<kw name="Log" owner="BuiltIn">
<msg time="2024-03-23T19:10:39.882857" level="INFO">login</msg>
<arg>${key}</arg>
<doc>Logs the given message with the given level.</doc>
<status status="PASS" start="2024-03-23T19:10:39.882729" elapsed="0.000303"/>
</kw>
<var name="${key}">login</var>
<status status="PASS" start="2024-03-23T19:10:39.881204" elapsed="0.002092"/>
</iter>
<var>${key}</var>
<value>@{expected_keys}</value>
<status status="PASS" start="2024-03-23T19:10:39.872444" elapsed="0.010981"/>
</for>
<kw name="Create List" owner="BuiltIn">
<msg time="2024-03-23T19:10:39.883761" level="INFO">${expected_keysTwo} = ['username', 'password']</msg>
<var>${expected_keysTwo}</var>
<arg>username</arg>
<arg>password</arg>
<doc>Returns a list containing given items.</doc>
<status status="PASS" start="2024-03-23T19:10:39.883621" elapsed="0.000163"/>
</kw>
<for flavor="IN">
<iter>
<kw name="Dictionary Should Contain Key" owner="Collections">
<msg time="2024-03-23T19:10:39.884671" level="INFO">False</msg>
<arg>${json_data['results'][0]['login']}</arg>
<arg>${keyTwo}</arg>
<doc>Fails if ``key`` is not found from ``dictionary``.</doc>
<status status="PASS" start="2024-03-23T19:10:39.884287" elapsed="0.000422"/>
</kw>
<kw name="Dictionary Should Contain Key" owner="Collections">
<msg time="2024-03-23T19:10:39.885385" level="INFO">False</msg>
<arg>${json_data['results'][0]['login']}</arg>
<arg>${keyTwo}</arg>
<doc>Fails if ``key`` is not found from ``dictionary``.</doc>
<status status="PASS" start="2024-03-23T19:10:39.885005" elapsed="0.000418"/>
</kw>
<kw name="Log" owner="BuiltIn">
<msg time="2024-03-23T19:10:39.885850" level="INFO">username</msg>
<arg>${keyTwo}</arg>
<doc>Logs the given message with the given level.</doc>
<status status="PASS" start="2024-03-23T19:10:39.885720" elapsed="0.000167"/>
</kw>
<var name="${keyTwo}">username</var>
<status status="PASS" start="2024-03-23T19:10:39.884175" elapsed="0.001928"/>
</iter>
<iter>
<kw name="Dictionary Should Contain Key" owner="Collections">
<msg time="2024-03-23T19:10:39.886768" level="INFO">False</msg>
<arg>${json_data['results'][0]['login']}</arg>
<arg>${keyTwo}</arg>
<doc>Fails if ``key`` is not found from ``dictionary``.</doc>
<status status="PASS" start="2024-03-23T19:10:39.886388" elapsed="0.000417"/>
</kw>
<kw name="Dictionary Should Contain Key" owner="Collections">
<msg time="2024-03-23T19:10:39.887505" level="INFO">False</msg>
<arg>${json_data['results'][0]['login']}</arg>
<arg>${keyTwo}</arg>
<doc>Fails if ``key`` is not found from ``dictionary``.</doc>
<status status="PASS" start="2024-03-23T19:10:39.887125" elapsed="0.000416"/>
</kw>
<kw name="Log" owner="BuiltIn">
<msg time="2024-03-23T19:10:39.887962" level="INFO">password</msg>
<arg>${keyTwo}</arg>
<doc>Logs the given message with the given level.</doc>
<status status="PASS" start="2024-03-23T19:10:39.887835" elapsed="0.000166"/>
</kw>
<var name="${keyTwo}">password</var>
<status status="PASS" start="2024-03-23T19:10:39.886277" elapsed="0.001940"/>
</iter>
<var>${keyTwo}</var>
<value>@{expected_keysTwo}</value>
<status status="PASS" start="2024-03-23T19:10:39.884022" elapsed="0.004323"/>
</for>
<status status="PASS" start="2024-03-23T19:10:39.765712" elapsed="0.122777"/>
</kw>
<doc>Testa a estrutura da resposta da API.</doc>
<tag>testeEstruturaResposta</tag>
<status status="PASS" start="2024-03-23T19:10:39.764918" elapsed="0.123734"/>
</test>
<test id="s1-s1-t4" name="Validar tipos de dados" line="28">
<kw name="Teste de Tipos de Dados" owner="random-user-service">
<kw name="GET On Session" owner="RequestsLibrary">
<msg time="2024-03-23T19:10:39.963524" level="INFO">GET Request : url=https://randomuser.me/api 
 path_url=/api 
 headers={'User-Agent': 'python-requests/2.31.0', 'Accept-Encoding': 'gzip, deflate', 'Accept': '*/*', 'Connection': 'keep-alive'} 
 body=None 
 </msg>
<msg time="2024-03-23T19:10:39.963603" level="INFO">GET Response : url=https://randomuser.me/api 
 status=200, reason=OK 
 headers={'Date': 'Sat, 23 Mar 2024 19:10:39 GMT', 'Content-Type': 'application/json; charset=utf-8', 'Transfer-Encoding': 'chunked', 'Connection': 'keep-alive', 'X-Powered-By': 'Express', 'Access-Control-Allow-Origin': '*', 'Cache-Control': 'no-cache', 'ETag': 'W/"4a1-RY7JeRK6PgQtOe6I3GJN61eWWDs"', 'Vary': 'Accept-Encoding', 'Content-Encoding': 'gzip', 'CF-Cache-Status': 'DYNAMIC', 'Report-To': '{"endpoints":[{"url":"https:\\/\\/a.nel.cloudflare.com\\/report\\/v4?s=tiTOo7dtiB%2BO9sQb59wOLsexkQNB18cBHxfze3mTnTtAW9Zswmy1TpSZmbgdCF4cvDriu%2FpKhdK8Pc%2B7cswrfld30VUup21PH%2FT1ERKTp%2FZCdEnf8MfuEUF5HNT%2BxR76"}],"group":"cf-nel","max_age":604800}', 'NEL': '{"success_fraction":0,"report_to":"cf-nel","max_age":604800}', 'Server': 'cloudflare', 'CF-RAY': '8690b90b58102db2-ORD', 'alt-svc': 'h3=":443"; ma=86400'} 
 body={"results":[{"gender":"female","name":{"title":"Miss","first":"Priscilla","last":"Thomas"},"location":{"street":{"number":4004,"name":"Lone Wolf Trail"},"city":"Wollongong","state":"Northern Territory","country":"Australia","postcode":9587,"coordinates":{"latitude":"-85.4470","longitude":"5.3866"},"timezone":{"offset":"-8:00","description":"Pacific Time (US &amp; Canada)"}},"email":"priscilla.thomas@example.com","login":{"uuid":"ce4267f4-e75f-471e-ad88-bba0efa3d171","username":"orangepanda727","password":"macross","salt":"Cv8Ed4NZ","md5":"4d4061998e51c4c67ee538267f54a794","sha1":"755a3e41fb8453e3793a7be318b5bee968b6bf8f","sha256":"d7b4f35d8adf3cae2e2fd1609dbca9fea150cddf2e3a52703d5f3cc8e505f9f6"},"dob":{"date":"1983-04-03T13:14:42.269Z","age":40},"registered":{"date":"2003-01-13T12:16:00.184Z","age":21},"phone":"09-6280-4121","cell":"0447-584-741","id":{"name":"TFN","value":"215847805"},"picture":{"large":"https://randomuser.me/api/portraits/women/89.jpg","medium":"https://randomuser.me/api/portraits/med/women/89.jpg","thumbnail":"https://randomuser.me/api/portraits/thumb/women/89.jpg"},"nat":"AU"}],"info":{"seed":"da2f31e75876ce47","results":1,"page":1,"version":"1.4"}} 
 </msg>
<msg time="2024-03-23T19:10:39.963673" level="INFO">/opt/hostedtoolcache/Python/3.12.2/x64/lib/python3.12/site-packages/urllib3/connectionpool.py:1103: InsecureRequestWarning: Unverified HTTPS request is being made to host 'randomuser.me'. Adding certificate verification is strongly advised. See: https://urllib3.readthedocs.io/en/latest/advanced-usage.html#tls-warnings
  warnings.warn(</msg>
<msg time="2024-03-23T19:10:39.963776" level="INFO">${response} = &lt;Response [200]&gt;</msg>
<var>${response}</var>
<arg>consultarAPI</arg>
<arg>/api</arg>
<doc>Sends a GET request on a previously created HTTP Session.</doc>
<status status="PASS" start="2024-03-23T19:10:39.891280" elapsed="0.072533"/>
</kw>
<kw name="Set Variable" owner="BuiltIn">
<msg time="2024-03-23T19:10:39.964726" level="INFO">${json_data} = {'results': [{'gender': 'female', 'name': {'title': 'Miss', 'first': 'Priscilla', 'last': 'Thomas'}, 'location': {'street': {'number': 4004, 'name': 'Lone Wolf Trail'}, 'city': 'Wollongong', 'state': ...</msg>
<var>${json_data}</var>
<arg>${response.json()}</arg>
<doc>Returns the given values which can then be assigned to a variables.</doc>
<status status="PASS" start="2024-03-23T19:10:39.964275" elapsed="0.000479"/>
</kw>
<kw name="Log" owner="BuiltIn">
<msg time="2024-03-23T19:10:39.965217" level="INFO">{'results': [{'gender': 'female', 'name': {'title': 'Miss', 'first': 'Priscilla', 'last': 'Thomas'}, 'location': {'street': {'number': 4004, 'name': 'Lone Wolf Trail'}, 'city': 'Wollongong', 'state': 'Northern Territory', 'country': 'Australia', 'postcode': 9587, 'coordinates': {'latitude': '-85.4470', 'longitude': '5.3866'}, 'timezone': {'offset': '-8:00', 'description': 'Pacific Time (US &amp; Canada)'}}, 'email': 'priscilla.thomas@example.com', 'login': {'uuid': 'ce4267f4-e75f-471e-ad88-bba0efa3d171', 'username': 'orangepanda727', 'password': 'macross', 'salt': 'Cv8Ed4NZ', 'md5': '4d4061998e51c4c67ee538267f54a794', 'sha1': '755a3e41fb8453e3793a7be318b5bee968b6bf8f', 'sha256': 'd7b4f35d8adf3cae2e2fd1609dbca9fea150cddf2e3a52703d5f3cc8e505f9f6'}, 'dob': {'date': '1983-04-03T13:14:42.269Z', 'age': 40}, 'registered': {'date': '2003-01-13T12:16:00.184Z', 'age': 21}, 'phone': '09-6280-4121', 'cell': '0447-584-741', 'id': {'name': 'TFN', 'value': '215847805'}, 'picture': {'large': 'https://randomuser.me/api/portraits/women/89.jpg', 'medium': 'https://randomuser.me/api/portraits/med/women/89.jpg', 'thumbnail': 'https://randomuser.me/api/portraits/thumb/women/89.jpg'}, 'nat': 'AU'}], 'info': {'seed': 'da2f31e75876ce47', 'results': 1, 'page': 1, 'version': '1.4'}}</msg>
<arg>${json_data}</arg>
<doc>Logs the given message with the given level.</doc>
<status status="PASS" start="2024-03-23T19:10:39.965066" elapsed="0.000235"/>
</kw>
<kw name="Should Be String" owner="String">
<arg>${json_data['results'][0]['gender']}</arg>
<doc>Fails if the given ``item`` is not a string.</doc>
<status status="PASS" start="2024-03-23T19:10:39.965604" elapsed="0.000362"/>
</kw>
<kw name="Should Match Regexp" owner="BuiltIn">
<arg>${json_data['results'][0]['email']}</arg>
<arg>^[a-zA-Z0-9._%+-]+@[a-zA-Z0-9.-]+\.[a-zA-Z]{2,}$</arg>
<doc>Fails if ``string`` does not match ``pattern`` as a regular expression.</doc>
<status status="PASS" start="2024-03-23T19:10:39.966158" elapsed="0.000526"/>
</kw>
<kw name="Should Match Regexp" owner="BuiltIn">
<arg>${json_data['results'][0]['dob']['date']}</arg>
<arg>\\d{4}-\\d{2}-\\d{2}T\\d{2}:\\d{2}:\\d{2}\\.\\d{3}Z</arg>
<doc>Fails if ``string`` does not match ``pattern`` as a regular expression.</doc>
<status status="PASS" start="2024-03-23T19:10:39.966885" elapsed="0.000528"/>
</kw>
<kw name="Should Match Regexp" owner="BuiltIn">
<arg>${json_data['results'][0]['registered']['date']}</arg>
<arg>\\d{4}-\\d{2}-\\d{2}T\\d{2}:\\d{2}:\\d{2}\\.\\d{3}Z</arg>
<doc>Fails if ``string`` does not match ``pattern`` as a regular expression.</doc>
<status status="PASS" start="2024-03-23T19:10:39.967606" elapsed="0.000377"/>
</kw>
<kw name="Should Match Regexp" owner="BuiltIn">
<arg>${json_data['results'][0]['picture']['large']}</arg>
<arg>^https?://.*\.(?:png|jpe?g|gif|bmp)$</arg>
<doc>Fails if ``string`` does not match ``pattern`` as a regular expression.</doc>
<status status="PASS" start="2024-03-23T19:10:39.968173" elapsed="0.000459"/>
</kw>
<kw name="Should Match Regexp" owner="BuiltIn">
<arg>${json_data['results'][0]['picture']['medium']}</arg>
<arg>^https?://.*\.(?:png|jpe?g|gif|bmp)$</arg>
<doc>Fails if ``string`` does not match ``pattern`` as a regular expression.</doc>
<status status="PASS" start="2024-03-23T19:10:39.968821" elapsed="0.000367"/>
</kw>
<kw name="Should Match Regexp" owner="BuiltIn">
<arg>${json_data['results'][0]['picture']['thumbnail']}</arg>
<arg>^https?://.*\.(?:png|jpe?g|gif|bmp)$</arg>
<doc>Fails if ``string`` does not match ``pattern`` as a regular expression.</doc>
<status status="PASS" start="2024-03-23T19:10:39.969373" elapsed="0.000347"/>
</kw>
<kw name="Log" owner="BuiltIn">
<msg time="2024-03-23T19:10:39.970226" level="INFO">{'large': 'https://randomuser.me/api/portraits/women/89.jpg', 'medium': 'https://randomuser.me/api/portraits/med/women/89.jpg', 'thumbnail': 'https://randomuser.me/api/portraits/thumb/women/89.jpg'}</msg>
<arg>${json_data['results'][0]['picture']}</arg>
<doc>Logs the given message with the given level.</doc>
<status status="PASS" start="2024-03-23T19:10:39.969900" elapsed="0.000372"/>
</kw>
<status status="PASS" start="2024-03-23T19:10:39.891034" elapsed="0.079495"/>
</kw>
<kw name="Teste de Tipos de Dados - Postcode" owner="random-user-service">
<kw name="GET On Session" owner="RequestsLibrary">
<msg time="2024-03-23T19:10:40.069788" level="INFO">GET Request : url=https://randomuser.me/api 
 path_url=/api 
 headers={'User-Agent': 'python-requests/2.31.0', 'Accept-Encoding': 'gzip, deflate', 'Accept': '*/*', 'Connection': 'keep-alive'} 
 body=None 
 </msg>
<msg time="2024-03-23T19:10:40.069878" level="INFO">GET Response : url=https://randomuser.me/api 
 status=200, reason=OK 
 headers={'Date': 'Sat, 23 Mar 2024 19:10:40 GMT', 'Content-Type': 'application/json; charset=utf-8', 'Transfer-Encoding': 'chunked', 'Connection': 'keep-alive', 'X-Powered-By': 'Express', 'Access-Control-Allow-Origin': '*', 'Cache-Control': 'no-cache', 'ETag': 'W/"4a1-V7bqzHW12a4NMRTagCZNnCzA0cM"', 'Vary': 'Accept-Encoding', 'Content-Encoding': 'gzip', 'CF-Cache-Status': 'DYNAMIC', 'Report-To': '{"endpoints":[{"url":"https:\\/\\/a.nel.cloudflare.com\\/report\\/v4?s=53NAePALlBF2O3h%2Bg3gQ%2Bq3FS7VH8%2BzU6Pz3jI2KnRNu0E651XbfGLemUTGRRI%2F1jOU8d1Uo7pLYSDzo3jHTB2aZRdKKAEHNZTcmsnaLkOcX2EtS1mclDrX7LTuYy8FO"}],"group":"cf-nel","max_age":604800}', 'NEL': '{"success_fraction":0,"report_to":"cf-nel","max_age":604800}', 'Server': 'cloudflare', 'CF-RAY': '8690b90bd8a12db2-ORD', 'alt-svc': 'h3=":443"; ma=86400'} 
 body={"results":[{"gender":"male","name":{"title":"Mr","first":"Patricio","last":"Páez"},"location":{"street":{"number":4910,"name":"Eje vial Sur Romero"},"city":"Jaltenango de la Paz","state":"Puebla","country":"Mexico","postcode":42842,"coordinates":{"latitude":"27.0945","longitude":"-91.3909"},"timezone":{"offset":"+1:00","description":"Brussels, Copenhagen, Madrid, Paris"}},"email":"patricio.paez@example.com","login":{"uuid":"ca77a6a5-29cc-4e17-9fc9-b1b1615ad87e","username":"smallmouse731","password":"wolf","salt":"iLXX5eEf","md5":"cda3c38a319649d62d2cd4a4bbe5a6de","sha1":"ef8aa070dfb5c2c62075977a4fab162ad32abc42","sha256":"5062bc927d5792d27274194da514366682e58b71befb8408e8b9bcaefc796aa7"},"dob":{"date":"1951-07-09T08:04:25.411Z","age":72},"registered":{"date":"2016-09-18T04:19:45.940Z","age":7},"phone":"(630) 368 5493","cell":"(688) 191 0207","id":{"name":"NSS","value":"03 08 65 3874 8"},"picture":{"large":"https://randomuser.me/api/portraits/men/10.jpg","medium":"https://randomuser.me/api/portraits/med/men/10.jpg","thumbnail":"https://randomuser.me/api/portraits/thumb/men/10.jpg"},"nat":"MX"}],"info":{"seed":"f10c0f851a33f832","results":1,"page":1,"version":"1.4"}} 
 </msg>
<msg time="2024-03-23T19:10:40.069969" level="INFO">/opt/hostedtoolcache/Python/3.12.2/x64/lib/python3.12/site-packages/urllib3/connectionpool.py:1103: InsecureRequestWarning: Unverified HTTPS request is being made to host 'randomuser.me'. Adding certificate verification is strongly advised. See: https://urllib3.readthedocs.io/en/latest/advanced-usage.html#tls-warnings
  warnings.warn(</msg>
<msg time="2024-03-23T19:10:40.070086" level="INFO">${response} = &lt;Response [200]&gt;</msg>
<var>${response}</var>
<arg>consultarAPI</arg>
<arg>/api</arg>
<doc>Sends a GET request on a previously created HTTP Session.</doc>
<status status="PASS" start="2024-03-23T19:10:39.971125" elapsed="0.099004"/>
</kw>
<kw name="Set Variable" owner="BuiltIn">
<msg time="2024-03-23T19:10:40.071138" level="INFO">${json_data} = {'results': [{'gender': 'male', 'name': {'title': 'Mr', 'first': 'Patricio', 'last': 'Páez'}, 'location': {'street': {'number': 4910, 'name': 'Eje vial Sur Romero'}, 'city': 'Jaltenango de la Paz', 's...</msg>
<var>${json_data}</var>
<arg>${response.json()}</arg>
<doc>Returns the given values which can then be assigned to a variables.</doc>
<status status="PASS" start="2024-03-23T19:10:40.070612" elapsed="0.000555"/>
</kw>
<kw name="Log" owner="BuiltIn">
<msg time="2024-03-23T19:10:40.071634" level="INFO">{'results': [{'gender': 'male', 'name': {'title': 'Mr', 'first': 'Patricio', 'last': 'Páez'}, 'location': {'street': {'number': 4910, 'name': 'Eje vial Sur Romero'}, 'city': 'Jaltenango de la Paz', 'state': 'Puebla', 'country': 'Mexico', 'postcode': 42842, 'coordinates': {'latitude': '27.0945', 'longitude': '-91.3909'}, 'timezone': {'offset': '+1:00', 'description': 'Brussels, Copenhagen, Madrid, Paris'}}, 'email': 'patricio.paez@example.com', 'login': {'uuid': 'ca77a6a5-29cc-4e17-9fc9-b1b1615ad87e', 'username': 'smallmouse731', 'password': 'wolf', 'salt': 'iLXX5eEf', 'md5': 'cda3c38a319649d62d2cd4a4bbe5a6de', 'sha1': 'ef8aa070dfb5c2c62075977a4fab162ad32abc42', 'sha256': '5062bc927d5792d27274194da514366682e58b71befb8408e8b9bcaefc796aa7'}, 'dob': {'date': '1951-07-09T08:04:25.411Z', 'age': 72}, 'registered': {'date': '2016-09-18T04:19:45.940Z', 'age': 7}, 'phone': '(630) 368 5493', 'cell': '(688) 191 0207', 'id': {'name': 'NSS', 'value': '03 08 65 3874 8'}, 'picture': {'large': 'https://randomuser.me/api/portraits/men/10.jpg', 'medium': 'https://randomuser.me/api/portraits/med/men/10.jpg', 'thumbnail': 'https://randomuser.me/api/portraits/thumb/men/10.jpg'}, 'nat': 'MX'}], 'info': {'seed': 'f10c0f851a33f832', 'results': 1, 'page': 1, 'version': '1.4'}}</msg>
<arg>${json_data}</arg>
<doc>Logs the given message with the given level.</doc>
<status status="PASS" start="2024-03-23T19:10:40.071478" elapsed="0.000237"/>
</kw>
<kw name="Should Be Equal As Numbers" owner="BuiltIn">
<arg>${json_data['results'][0]['location']['postcode']}</arg>
<arg>${json_data['results'][0]['location']['postcode']}</arg>
<doc>Fails if objects are unequal after converting them to real numbers.</doc>
<status status="PASS" start="2024-03-23T19:10:40.072019" elapsed="0.000628"/>
</kw>
<kw name="Log" owner="BuiltIn">
<msg time="2024-03-23T19:10:40.073177" level="INFO">42842</msg>
<arg>${json_data['results'][0]['location']['postcode']}</arg>
<doc>Logs the given message with the given level.</doc>
<status status="PASS" start="2024-03-23T19:10:40.072843" elapsed="0.000375"/>
</kw>
<status status="PASS" start="2024-03-23T19:10:39.970750" elapsed="0.102726"/>
</kw>
<doc>Testa se os tipos de dados na resposta da API estão corretos.</doc>
<tag>testeTiposDados</tag>
<status status="PASS" start="2024-03-23T19:10:39.890416" elapsed="0.183230"/>
</test>
<test id="s1-s1-t5" name="Validar conteudo" line="35">
<kw name="Teste de Tipos de Conteudo" owner="random-user-service">
<kw name="GET On Session" owner="RequestsLibrary">
<msg time="2024-03-23T19:10:40.169628" level="INFO">GET Request : url=https://randomuser.me/api 
 path_url=/api 
 headers={'User-Agent': 'python-requests/2.31.0', 'Accept-Encoding': 'gzip, deflate', 'Accept': '*/*', 'Connection': 'keep-alive'} 
 body=None 
 </msg>
<msg time="2024-03-23T19:10:40.169708" level="INFO">GET Response : url=https://randomuser.me/api 
 status=200, reason=OK 
 headers={'Date': 'Sat, 23 Mar 2024 19:10:40 GMT', 'Content-Type': 'application/json; charset=utf-8', 'Transfer-Encoding': 'chunked', 'Connection': 'keep-alive', 'X-Powered-By': 'Express', 'Access-Control-Allow-Origin': '*', 'Cache-Control': 'no-cache', 'ETag': 'W/"499-jsJezTpPgsXHcgbiuvaKwPMJ2DU"', 'Vary': 'Accept-Encoding', 'Content-Encoding': 'gzip', 'CF-Cache-Status': 'DYNAMIC', 'Report-To': '{"endpoints":[{"url":"https:\\/\\/a.nel.cloudflare.com\\/report\\/v4?s=2fOaT2TDOICzYpZ7UiW4rGtnaWSsvVWb6Dbu%2BTg%2FGEbXCF%2FREUCkinr9u0nR8eGcPPdgL3ITCMhHsC6UxebY087cq2sBGzf8ej7g%2BMq5p5gRl%2FUPNO6KDMsfZhqaZApZ"}],"group":"cf-nel","max_age":604800}', 'NEL': '{"success_fraction":0,"report_to":"cf-nel","max_age":604800}', 'Server': 'cloudflare', 'CF-RAY': '8690b90c79492db2-ORD', 'alt-svc': 'h3=":443"; ma=86400'} 
 body={"results":[{"gender":"female","name":{"title":"Ms","first":"Lily","last":"Dupuis"},"location":{"street":{"number":9740,"name":"Place de L'Abbé-Franz-Stock"},"city":"Nice","state":"Ille-et-Vilaine","country":"France","postcode":58010,"coordinates":{"latitude":"-13.6657","longitude":"116.6452"},"timezone":{"offset":"-12:00","description":"Eniwetok, Kwajalein"}},"email":"lily.dupuis@example.com","login":{"uuid":"84c0f397-8486-43a4-882b-8aa05fb889be","username":"sadlion680","password":"bird","salt":"sIAoOpFF","md5":"68fc694451b5daf786d44658fbcdd86b","sha1":"e6ff89e81270fbe3e6c2f10c98a52cdc56b0fb06","sha256":"c63396c1046655c66038d9b998b514f281e7995994d76e00d437836b00c205a0"},"dob":{"date":"1980-10-16T15:27:42.870Z","age":43},"registered":{"date":"2002-05-10T07:35:06.640Z","age":21},"phone":"05-75-55-69-36","cell":"06-88-77-79-68","id":{"name":"INSEE","value":"2800972675773 26"},"picture":{"large":"https://randomuser.me/api/portraits/women/31.jpg","medium":"https://randomuser.me/api/portraits/med/women/31.jpg","thumbnail":"https://randomuser.me/api/portraits/thumb/women/31.jpg"},"nat":"FR"}],"info":{"seed":"5272ccf043fe58d3","results":1,"page":1,"version":"1.4"}} 
 </msg>
<msg time="2024-03-23T19:10:40.169772" level="INFO">/opt/hostedtoolcache/Python/3.12.2/x64/lib/python3.12/site-packages/urllib3/connectionpool.py:1103: InsecureRequestWarning: Unverified HTTPS request is being made to host 'randomuser.me'. Adding certificate verification is strongly advised. See: https://urllib3.readthedocs.io/en/latest/advanced-usage.html#tls-warnings
  warnings.warn(</msg>
<msg time="2024-03-23T19:10:40.169869" level="INFO">${response} = &lt;Response [200]&gt;</msg>
<var>${response}</var>
<arg>consultarAPI</arg>
<arg>/api</arg>
<doc>Sends a GET request on a previously created HTTP Session.</doc>
<status status="PASS" start="2024-03-23T19:10:40.076116" elapsed="0.093784"/>
</kw>
<kw name="Set Variable" owner="BuiltIn">
<msg time="2024-03-23T19:10:40.170860" level="INFO">${json_data} = {'results': [{'gender': 'female', 'name': {'title': 'Ms', 'first': 'Lily', 'last': 'Dupuis'}, 'location': {'street': {'number': 9740, 'name': "Place de L'Abbé-Franz-Stock"}, 'city': 'Nice', 'state': '...</msg>
<var>${json_data}</var>
<arg>${response.json()}</arg>
<doc>Returns the given values which can then be assigned to a variables.</doc>
<status status="PASS" start="2024-03-23T19:10:40.170338" elapsed="0.000551"/>
</kw>
<kw name="Set Variable" owner="BuiltIn">
<msg time="2024-03-23T19:10:40.171616" level="INFO">${name_title} = Ms</msg>
<var>${name_title}</var>
<arg>${json_data["results"][0]["name"]["title"]}</arg>
<doc>Returns the given values which can then be assigned to a variables.</doc>
<status status="PASS" start="2024-03-23T19:10:40.171233" elapsed="0.000407"/>
</kw>
<kw name="Create List" owner="BuiltIn">
<msg time="2024-03-23T19:10:40.172099" level="INFO">${allowed_titles} = ['Mr', 'Ms', 'Miss', 'Mrs', 'Madame', 'Monsieur']</msg>
<var>${allowed_titles}</var>
<arg>Mr</arg>
<arg>Ms</arg>
<arg>Miss</arg>
<arg>Mrs</arg>
<arg>Madame</arg>
<arg>Monsieur</arg>
<doc>Returns a list containing given items.</doc>
<status status="PASS" start="2024-03-23T19:10:40.171949" elapsed="0.000174"/>
</kw>
<kw name="List Should Contain Value" owner="Collections">
<msg time="2024-03-23T19:10:40.172611" level="INFO">False</msg>
<arg>${allowed_titles}</arg>
<arg>${name_title}</arg>
<doc>Fails if the ``value`` is not found from ``list``.</doc>
<status status="PASS" start="2024-03-23T19:10:40.172434" elapsed="0.000215"/>
</kw>
<kw name="Set Variable" owner="BuiltIn">
<msg time="2024-03-23T19:10:40.173312" level="INFO">${name_country} = FR</msg>
<var>${name_country}</var>
<arg>${json_data["results"][0]["nat"]}</arg>
<doc>Returns the given values which can then be assigned to a variables.</doc>
<status status="PASS" start="2024-03-23T19:10:40.172940" elapsed="0.000396"/>
</kw>
<kw name="Create List" owner="BuiltIn">
<msg time="2024-03-23T19:10:40.174247" level="INFO">${list_country} = ['AD', 'AE', 'AF', 'AG', 'AI', 'AL', 'AM', 'AO', 'AQ', 'AR', 'AS', 'AT', 'AU', 'AW', 'AX', 'AZ', 'BA', 'BB', 'BD', 'BE', 'BF', 'BG', 'BH', 'BI', 'BJ', 'BL', 'BM', 'BN', 'BO', 'BQ', 'BR', 'BS', 'BT', '...</msg>
<var>${list_country}</var>
<arg>AD</arg>
<arg>AE</arg>
<arg>AF</arg>
<arg>AG</arg>
<arg>AI</arg>
<arg>AL</arg>
<arg>AM</arg>
<arg>AO</arg>
<arg>AQ</arg>
<arg>AR</arg>
<arg>AS</arg>
<arg>AT</arg>
<arg>AU</arg>
<arg>AW</arg>
<arg>AX</arg>
<arg>AZ</arg>
<arg>BA</arg>
<arg>BB</arg>
<arg>BD</arg>
<arg>BE</arg>
<arg>BF</arg>
<arg>BG</arg>
<arg>BH</arg>
<arg>BI</arg>
<arg>BJ</arg>
<arg>BL</arg>
<arg>BM</arg>
<arg>BN</arg>
<arg>BO</arg>
<arg>BQ</arg>
<arg>BR</arg>
<arg>BS</arg>
<arg>BT</arg>
<arg>BV</arg>
<arg>BW</arg>
<arg>BY</arg>
<arg>BZ</arg>
<arg>CA</arg>
<arg>CC</arg>
<arg>CD</arg>
<arg>CF</arg>
<arg>CG</arg>
<arg>CH</arg>
<arg>CI</arg>
<arg>CK</arg>
<arg>CL</arg>
<arg>CM</arg>
<arg>CN</arg>
<arg>CO</arg>
<arg>CR</arg>
<arg>CU</arg>
<arg>CV</arg>
<arg>CW</arg>
<arg>CX</arg>
<arg>CY</arg>
<arg>CZ</arg>
<arg>DE</arg>
<arg>DJ</arg>
<arg>DK</arg>
<arg>DM</arg>
<arg>DO</arg>
<arg>DZ</arg>
<arg>EC</arg>
<arg>EE</arg>
<arg>EG</arg>
<arg>EH</arg>
<arg>ER</arg>
<arg>ES</arg>
<arg>ET</arg>
<arg>FI</arg>
<arg>FJ</arg>
<arg>FK</arg>
<arg>FM</arg>
<arg>FO</arg>
<arg>FR</arg>
<arg>GA</arg>
<arg>GB</arg>
<arg>GD</arg>
<arg>GE</arg>
<arg>GF</arg>
<arg>GG</arg>
<arg>GH</arg>
<arg>GI</arg>
<arg>GL</arg>
<arg>GM</arg>
<arg>GN</arg>
<arg>GP</arg>
<arg>GQ</arg>
<arg>GR</arg>
<arg>GS</arg>
<arg>GT</arg>
<arg>GU</arg>
<arg>GW</arg>
<arg>GY</arg>
<arg>HK</arg>
<arg>HM</arg>
<arg>HN</arg>
<arg>HR</arg>
<arg>HT</arg>
<arg>HU</arg>
<arg>ID</arg>
<arg>IE</arg>
<arg>IL</arg>
<arg>IM</arg>
<arg>IN</arg>
<arg>IO</arg>
<arg>IQ</arg>
<arg>IR</arg>
<arg>IS</arg>
<arg>IT</arg>
<arg>JE</arg>
<arg>JM</arg>
<arg>JO</arg>
<arg>JP</arg>
<arg>KE</arg>
<arg>KG</arg>
<arg>KH</arg>
<arg>KI</arg>
<arg>KM</arg>
<arg>KN</arg>
<arg>KP</arg>
<arg>KR</arg>
<arg>KW</arg>
<arg>KY</arg>
<arg>KZ</arg>
<arg>LA</arg>
<arg>LB</arg>
<arg>LC</arg>
<arg>LI</arg>
<arg>LK</arg>
<arg>LR</arg>
<arg>LS</arg>
<arg>LT</arg>
<arg>LU</arg>
<arg>LV</arg>
<arg>LY</arg>
<arg>MA</arg>
<arg>MC</arg>
<arg>MD</arg>
<arg>ME</arg>
<arg>MF</arg>
<arg>MG</arg>
<arg>MH</arg>
<arg>MK</arg>
<arg>ML</arg>
<arg>MM</arg>
<arg>MN</arg>
<arg>MO</arg>
<arg>MP</arg>
<arg>MQ</arg>
<arg>MR</arg>
<arg>MS</arg>
<arg>MT</arg>
<arg>MU</arg>
<arg>MV</arg>
<arg>MW</arg>
<arg>MX</arg>
<arg>MY</arg>
<arg>MZ</arg>
<arg>NA</arg>
<arg>NC</arg>
<arg>NE</arg>
<arg>NF</arg>
<arg>NG</arg>
<arg>NI</arg>
<arg>NL</arg>
<arg>NO</arg>
<arg>NP</arg>
<arg>NR</arg>
<arg>NU</arg>
<arg>NZ</arg>
<arg>OM</arg>
<arg>PA</arg>
<arg>PE</arg>
<arg>PF</arg>
<arg>PG</arg>
<arg>PH</arg>
<arg>PK</arg>
<arg>PL</arg>
<arg>PM</arg>
<arg>PN</arg>
<arg>PR</arg>
<arg>PS</arg>
<arg>PT</arg>
<arg>PW</arg>
<arg>PY</arg>
<arg>QA</arg>
<arg>RE</arg>
<arg>RO</arg>
<arg>RS</arg>
<arg>RU</arg>
<arg>RW</arg>
<arg>SA</arg>
<arg>SB</arg>
<arg>SC</arg>
<arg>SD</arg>
<arg>SE</arg>
<arg>SG</arg>
<arg>SH</arg>
<arg>SI</arg>
<arg>SJ</arg>
<arg>SK</arg>
<arg>SL</arg>
<arg>SM</arg>
<arg>SN</arg>
<arg>SO</arg>
<arg>SR</arg>
<arg>SS</arg>
<arg>ST</arg>
<arg>SV</arg>
<arg>SX</arg>
<arg>SY</arg>
<arg>SZ</arg>
<arg>TC</arg>
<arg>TD</arg>
<arg>TF</arg>
<arg>TG</arg>
<arg>TH</arg>
<arg>TJ</arg>
<arg>TK</arg>
<arg>TL</arg>
<arg>TM</arg>
<arg>TN</arg>
<arg>TO</arg>
<arg>TR</arg>
<arg>TT</arg>
<arg>TV</arg>
<arg>TW</arg>
<arg>TZ</arg>
<arg>UA</arg>
<arg>UG</arg>
<arg>UM</arg>
<arg>US</arg>
<arg>UY</arg>
<arg>UZ</arg>
<arg>VA</arg>
<arg>VC</arg>
<arg>VE</arg>
<arg>VG</arg>
<arg>VI</arg>
<arg>VN</arg>
<arg>VU</arg>
<arg>WF</arg>
<arg>WS</arg>
<arg>XK</arg>
<arg>YE</arg>
<arg>YT</arg>
<arg>ZA</arg>
<arg>ZM</arg>
<arg>ZW</arg>
<doc>Returns a list containing given items.</doc>
<status status="PASS" start="2024-03-23T19:10:40.173646" elapsed="0.000627"/>
</kw>
<kw name="List Should Contain Value" owner="Collections">
<msg time="2024-03-23T19:10:40.175424" level="INFO">False</msg>
<arg>${list_country}</arg>
<arg>${name_country}</arg>
<doc>Fails if the ``value`` is not found from ``list``.</doc>
<status status="PASS" start="2024-03-23T19:10:40.175217" elapsed="0.000245"/>
</kw>
<kw name="Run Keyword If" owner="BuiltIn">
<kw name="Should Be True" owner="BuiltIn">
<arg>${True}</arg>
<doc>Fails if the given condition is not true.</doc>
<status status="PASS" start="2024-03-23T19:10:40.176541" elapsed="0.000146"/>
</kw>
<arg>${json_data["results"][0]["location"]["coordinates"]["latitude"]} &gt;= -90 and ${json_data["results"][0]["location"]["coordinates"]["latitude"]} &lt;= 90</arg>
<arg>Should Be True</arg>
<arg>${True}</arg>
<doc>Runs the given keyword with the given arguments, if ``condition`` is true.</doc>
<status status="PASS" start="2024-03-23T19:10:40.175778" elapsed="0.001037"/>
</kw>
<kw name="Run Keyword If" owner="BuiltIn">
<kw name="Should Be True" owner="BuiltIn">
<arg>${True}</arg>
<doc>Fails if the given condition is not true.</doc>
<status status="PASS" start="2024-03-23T19:10:40.177705" elapsed="0.000141"/>
</kw>
<arg>${json_data["results"][0]["location"]["coordinates"]["longitude"]} &gt;= -180 and ${json_data["results"][0]["location"]["coordinates"]["longitude"]} &lt;= 180</arg>
<arg>Should Be True</arg>
<arg>${True}</arg>
<doc>Runs the given keyword with the given arguments, if ``condition`` is true.</doc>
<status status="PASS" start="2024-03-23T19:10:40.177001" elapsed="0.000969"/>
</kw>
<status status="PASS" start="2024-03-23T19:10:40.075885" elapsed="0.102225"/>
</kw>
<doc>Testa o conteúdo específico dos campos retornados pela API.</doc>
<tag>testeConteudo</tag>
<status status="PASS" start="2024-03-23T19:10:40.075415" elapsed="0.102851"/>
</test>
<status status="PASS" start="2024-03-23T19:10:39.189627" elapsed="0.990656"/>
</suite>
<status status="PASS" start="2024-03-23T19:10:39.175848" elapsed="1.009843"/>
</suite>
<statistics>
<total>
<stat pass="5" fail="0" skip="0">All Tests</stat>
</total>
<tag>
<stat pass="1" fail="0" skip="0">testeConteudo</stat>
<stat pass="1" fail="0" skip="0">testeEstruturaResposta</stat>
<stat pass="1" fail="0" skip="0">testeRequisicaoBasica</stat>
<stat pass="1" fail="0" skip="0">testeTiposDados</stat>
</tag>
<suite>
<stat pass="5" fail="0" skip="0" id="s1" name="Tests">Tests</stat>
<stat pass="5" fail="0" skip="0" id="s1-s1" name="Random-User-Test">Tests.Random-User-Test</stat>
</suite>
</statistics>
<errors>
</errors>
</robot>
