<?xml version="1.0" encoding="UTF-8"?>
<robot generator="Robot 7.0 (Python 3.12.2 on linux)" generated="2024-04-10T21:13:12.233077" rpa="false" schemaversion="5">
<suite id="s1" name="Tests" source="/home/runner/work/DesafioQAItauRogerioJordao/DesafioQAItauRogerioJordao/RamdonUser/tests">
<suite id="s1-s1" name="Random-User-Test" source="/home/runner/work/DesafioQAItauRogerioJordao/DesafioQAItauRogerioJordao/RamdonUser/tests/random-user-test.robot">
<test id="s1-s1-t1" name="Conectar" line="13">
<kw name="Conectar API" owner="random-user-service">
<kw name="Create Session" owner="RequestsLibrary">
<msg time="2024-04-10T21:13:12.592604" level="INFO">Creating Session using : alias=consultarAPI, url=https://randomuser.me/, headers={},                     cookies={}, auth=None, timeout=None, proxies=None, verify=False,                     debug=0 </msg>
<arg>consultarAPI</arg>
<arg>${URL}</arg>
<doc>Create Session: create a HTTP session to a server</doc>
<status status="PASS" start="2024-04-10T21:13:12.592395" elapsed="0.000397"/>
</kw>
<status status="PASS" start="2024-04-10T21:13:12.591314" elapsed="0.001874"/>
</kw>
<status status="PASS" start="2024-04-10T21:13:12.590631" elapsed="0.002764"/>
</test>
<test id="s1-s1-t2" name="Validar retorno 200 e JSON Válido" line="16">
<kw name="Teste de Requisicao Basica" owner="random-user-service">
<kw name="GET On Session" owner="RequestsLibrary">
<msg time="2024-04-10T21:13:12.800754" level="INFO">GET Request : url=https://randomuser.me/api 
 path_url=/api 
 headers={'User-Agent': 'python-requests/2.31.0', 'Accept-Encoding': 'gzip, deflate', 'Accept': '*/*', 'Connection': 'keep-alive'} 
 body=None 
 </msg>
<msg time="2024-04-10T21:13:12.800915" level="INFO">GET Response : url=https://randomuser.me/api 
 status=200, reason=OK 
 headers={'Date': 'Wed, 10 Apr 2024 21:13:12 GMT', 'Content-Type': 'application/json; charset=utf-8', 'Transfer-Encoding': 'chunked', 'Connection': 'keep-alive', 'X-Powered-By': 'Express', 'Access-Control-Allow-Origin': '*', 'Cache-Control': 'no-cache', 'ETag': 'W/"49f-P7vzLB7CRhdzQhMscmNOc8GaCOQ"', 'Vary': 'Accept-Encoding', 'Content-Encoding': 'gzip', 'CF-Cache-Status': 'DYNAMIC', 'Report-To': '{"endpoints":[{"url":"https:\\/\\/a.nel.cloudflare.com\\/report\\/v4?s=9E%2BDdVAj79P5vJVpiUfON48GAOCnbCnemxmhW8rVQxVsvWWyZQyDHeaXF2P17VkMePdwp%2FITpxpzudCvWvYN%2FWcZHURlIyxYwTsdExY8JVGe54Y6HMX6pariIs4pmOxp"}],"group":"cf-nel","max_age":604800}', 'NEL': '{"success_fraction":0,"report_to":"cf-nel","max_age":604800}', 'Server': 'cloudflare', 'CF-RAY': '8725bd4ead37e1cb-ORD', 'alt-svc': 'h3=":443"; ma=86400'} 
 body={"results":[{"gender":"male","name":{"title":"Monsieur","first":"Jürgen","last":"Leclercq"},"location":{"street":{"number":3141,"name":"Avenue de L'Abbé-Roussel"},"city":"Mönthal","state":"Appenzell Ausserrhoden","country":"Switzerland","postcode":3756,"coordinates":{"latitude":"-58.2124","longitude":"-34.7890"},"timezone":{"offset":"-10:00","description":"Hawaii"}},"email":"jurgen.leclercq@example.com","login":{"uuid":"88150912-41a4-42be-bcb3-f1134d85d9eb","username":"sadelephant966","password":"ring","salt":"tfNrjT4S","md5":"be875d9091877449d1a4f2947ad79b84","sha1":"e91651aeda68af086f3985d87c95677a0a061433","sha256":"f458931f37a28772feb4033ebfa869b95091659b715ac2cc298b9fa739a26aa7"},"dob":{"date":"1949-08-06T11:59:13.070Z","age":74},"registered":{"date":"2004-07-11T14:21:39.389Z","age":19},"phone":"079 538 69 70","cell":"079 835 86 21","id":{"name":"AVS","value":"756.1653.7912.45"},"picture":{"large":"https://randomuser.me/api/portraits/men/23.jpg","medium":"https://randomuser.me/api/portraits/med/men/23.jpg","thumbnail":"https://randomuser.me/api/portraits/thumb/men/23.jpg"},"nat":"CH"}],"info":{"seed":"c53a5fdae9189fe8","results":1,"page":1,"version":"1.4"}} 
 </msg>
<msg time="2024-04-10T21:13:12.801002" level="INFO">/opt/hostedtoolcache/Python/3.12.2/x64/lib/python3.12/site-packages/urllib3/connectionpool.py:1103: InsecureRequestWarning: Unverified HTTPS request is being made to host 'randomuser.me'. Adding certificate verification is strongly advised. See: https://urllib3.readthedocs.io/en/latest/advanced-usage.html#tls-warnings
  warnings.warn(</msg>
<msg time="2024-04-10T21:13:12.801153" level="INFO">${response} = &lt;Response [200]&gt;</msg>
<var>${response}</var>
<arg>consultarAPI</arg>
<arg>/api</arg>
<doc>Sends a GET request on a previously created HTTP Session.</doc>
<status status="PASS" start="2024-04-10T21:13:12.596118" elapsed="0.205077"/>
</kw>
<kw name="Should Be Equal As Numbers" owner="BuiltIn">
<msg time="2024-04-10T21:13:12.802427" level="INFO">Argument types are:
&lt;class 'int'&gt;
&lt;class 'str'&gt;</msg>
<arg>${response.status_code}</arg>
<arg>200</arg>
<doc>Fails if objects are unequal after converting them to real numbers.</doc>
<status status="PASS" start="2024-04-10T21:13:12.801901" elapsed="0.000631"/>
</kw>
<kw name="Log" owner="BuiltIn">
<msg time="2024-04-10T21:13:12.803237" level="INFO">200</msg>
<arg>${response.status_code}</arg>
<doc>Logs the given message with the given level.</doc>
<status status="PASS" start="2024-04-10T21:13:12.802873" elapsed="0.000408"/>
</kw>
<kw name="Set Variable" owner="BuiltIn">
<msg time="2024-04-10T21:13:12.804113" level="INFO">${json_data} = {'results': [{'gender': 'male', 'name': {'title': 'Monsieur', 'first': 'Jürgen', 'last': 'Leclercq'}, 'location': {'street': {'number': 3141, 'name': "Avenue de L'Abbé-Roussel"}, 'city': 'Mönthal', 's...</msg>
<var>${json_data}</var>
<arg>${response.json()}</arg>
<doc>Returns the given values which can then be assigned to a variables.</doc>
<status status="PASS" start="2024-04-10T21:13:12.803616" elapsed="0.000529"/>
</kw>
<kw name="Dictionary Should Contain Key" owner="Collections">
<msg time="2024-04-10T21:13:12.804658" level="INFO">False</msg>
<arg>${json_data}</arg>
<arg>results</arg>
<doc>Fails if ``key`` is not found from ``dictionary``.</doc>
<status status="PASS" start="2024-04-10T21:13:12.804484" elapsed="0.000214"/>
</kw>
<status status="PASS" start="2024-04-10T21:13:12.595864" elapsed="0.209103"/>
</kw>
<doc>Testa se a API responde corretamente e retorna um objeto JSON válido.</doc>
<tag>testeRequisicaoBasica</tag>
<status status="PASS" start="2024-04-10T21:13:12.595309" elapsed="0.209855"/>
</test>
<test id="s1-s1-t3" name="Validar estrutura de resposta" line="22">
<kw name="Teste de Estrutura de Resposta" owner="random-user-service">
<kw name="GET On Session" owner="RequestsLibrary">
<msg time="2024-04-10T21:13:12.911825" level="INFO">GET Request : url=https://randomuser.me/api 
 path_url=/api 
 headers={'User-Agent': 'python-requests/2.31.0', 'Accept-Encoding': 'gzip, deflate', 'Accept': '*/*', 'Connection': 'keep-alive'} 
 body=None 
 </msg>
<msg time="2024-04-10T21:13:12.911936" level="INFO">GET Response : url=https://randomuser.me/api 
 status=200, reason=OK 
 headers={'Date': 'Wed, 10 Apr 2024 21:13:12 GMT', 'Content-Type': 'application/json; charset=utf-8', 'Transfer-Encoding': 'chunked', 'Connection': 'keep-alive', 'X-Powered-By': 'Express', 'Access-Control-Allow-Origin': '*', 'Cache-Control': 'no-cache', 'ETag': 'W/"4a4-FoGJ9Nv9lwUHHGrzF+YDyJ/idvs"', 'Vary': 'Accept-Encoding', 'Content-Encoding': 'gzip', 'CF-Cache-Status': 'DYNAMIC', 'Report-To': '{"endpoints":[{"url":"https:\\/\\/a.nel.cloudflare.com\\/report\\/v4?s=aHhkOGN81bVsluxgBSsSCTraoDsFO%2FPpyxcLATKK6vZPcVQjPsuTZ7HZTv56hffYyb9Kvd%2BFTrTy6qE3vT%2BBYJdO0Ms044TyVCkRWBNBGBlGYGbXasJR44nyz17LRjh2"}],"group":"cf-nel","max_age":604800}', 'NEL': '{"success_fraction":0,"report_to":"cf-nel","max_age":604800}', 'Server': 'cloudflare', 'CF-RAY': '8725bd4f1dade1cb-ORD', 'alt-svc': 'h3=":443"; ma=86400'} 
 body={"results":[{"gender":"male","name":{"title":"Mr","first":"Jurij","last":"Wimmer"},"location":{"street":{"number":8770,"name":"Lessingstraße"},"city":"Gundelsheim","state":"Nordrhein-Westfalen","country":"Germany","postcode":67420,"coordinates":{"latitude":"-54.4026","longitude":"-103.7695"},"timezone":{"offset":"+3:00","description":"Baghdad, Riyadh, Moscow, St. Petersburg"}},"email":"jurij.wimmer@example.com","login":{"uuid":"8f9e959a-aa67-4947-a864-9431aaf141c0","username":"greenelephant611","password":"leslie","salt":"OOxBLsD4","md5":"58d4c150bbb5c1480e773024dea7141e","sha1":"57cc86a3c47b820900f28f92e9cc53aeda55c43a","sha256":"104f6bf8c1d2a2a7bc34b1782ad0c63494dc4b512f012b6994c33984b013f0cd"},"dob":{"date":"1959-08-30T06:40:41.093Z","age":64},"registered":{"date":"2006-09-12T18:12:26.549Z","age":17},"phone":"0669-0207000","cell":"0178-7543739","id":{"name":"SVNR","value":"09 300859 W 006"},"picture":{"large":"https://randomuser.me/api/portraits/men/8.jpg","medium":"https://randomuser.me/api/portraits/med/men/8.jpg","thumbnail":"https://randomuser.me/api/portraits/thumb/men/8.jpg"},"nat":"DE"}],"info":{"seed":"36ef09e25a985392","results":1,"page":1,"version":"1.4"}} 
 </msg>
<msg time="2024-04-10T21:13:12.912089" level="INFO">/opt/hostedtoolcache/Python/3.12.2/x64/lib/python3.12/site-packages/urllib3/connectionpool.py:1103: InsecureRequestWarning: Unverified HTTPS request is being made to host 'randomuser.me'. Adding certificate verification is strongly advised. See: https://urllib3.readthedocs.io/en/latest/advanced-usage.html#tls-warnings
  warnings.warn(</msg>
<msg time="2024-04-10T21:13:12.912245" level="INFO">${response} = &lt;Response [200]&gt;</msg>
<var>${response}</var>
<arg>consultarAPI</arg>
<arg>/api</arg>
<doc>Sends a GET request on a previously created HTTP Session.</doc>
<status status="PASS" start="2024-04-10T21:13:12.808119" elapsed="0.104173"/>
</kw>
<kw name="Set Variable" owner="BuiltIn">
<msg time="2024-04-10T21:13:12.913373" level="INFO">${json_data} = {'results': [{'gender': 'male', 'name': {'title': 'Mr', 'first': 'Jurij', 'last': 'Wimmer'}, 'location': {'street': {'number': 8770, 'name': 'Lessingstraße'}, 'city': 'Gundelsheim', 'state': 'Nordrhei...</msg>
<var>${json_data}</var>
<arg>${response.json()}</arg>
<doc>Returns the given values which can then be assigned to a variables.</doc>
<status status="PASS" start="2024-04-10T21:13:12.912823" elapsed="0.000581"/>
</kw>
<kw name="Log" owner="BuiltIn">
<msg time="2024-04-10T21:13:12.913900" level="INFO">{'results': [{'gender': 'male', 'name': {'title': 'Mr', 'first': 'Jurij', 'last': 'Wimmer'}, 'location': {'street': {'number': 8770, 'name': 'Lessingstraße'}, 'city': 'Gundelsheim', 'state': 'Nordrhein-Westfalen', 'country': 'Germany', 'postcode': 67420, 'coordinates': {'latitude': '-54.4026', 'longitude': '-103.7695'}, 'timezone': {'offset': '+3:00', 'description': 'Baghdad, Riyadh, Moscow, St. Petersburg'}}, 'email': 'jurij.wimmer@example.com', 'login': {'uuid': '8f9e959a-aa67-4947-a864-9431aaf141c0', 'username': 'greenelephant611', 'password': 'leslie', 'salt': 'OOxBLsD4', 'md5': '58d4c150bbb5c1480e773024dea7141e', 'sha1': '57cc86a3c47b820900f28f92e9cc53aeda55c43a', 'sha256': '104f6bf8c1d2a2a7bc34b1782ad0c63494dc4b512f012b6994c33984b013f0cd'}, 'dob': {'date': '1959-08-30T06:40:41.093Z', 'age': 64}, 'registered': {'date': '2006-09-12T18:12:26.549Z', 'age': 17}, 'phone': '0669-0207000', 'cell': '0178-7543739', 'id': {'name': 'SVNR', 'value': '09 300859 W 006'}, 'picture': {'large': 'https://randomuser.me/api/portraits/men/8.jpg', 'medium': 'https://randomuser.me/api/portraits/med/men/8.jpg', 'thumbnail': 'https://randomuser.me/api/portraits/thumb/men/8.jpg'}, 'nat': 'DE'}], 'info': {'seed': '36ef09e25a985392', 'results': 1, 'page': 1, 'version': '1.4'}}</msg>
<arg>${json_data}</arg>
<doc>Logs the given message with the given level.</doc>
<status status="PASS" start="2024-04-10T21:13:12.913730" elapsed="0.000222"/>
</kw>
<kw name="Dictionary Should Contain Key" owner="Collections">
<msg time="2024-04-10T21:13:12.914433" level="INFO">False</msg>
<arg>${json_data}</arg>
<arg>results</arg>
<doc>Fails if ``key`` is not found from ``dictionary``.</doc>
<status status="PASS" start="2024-04-10T21:13:12.914271" elapsed="0.000235"/>
</kw>
<kw name="Should Not Be Empty" owner="BuiltIn">
<msg time="2024-04-10T21:13:12.914956" level="INFO">Length is 2.</msg>
<arg>${json_data}</arg>
<doc>Verifies that the given item is not empty.</doc>
<status status="PASS" start="2024-04-10T21:13:12.914816" elapsed="0.000180"/>
</kw>
<kw name="Create List" owner="BuiltIn">
<msg time="2024-04-10T21:13:12.915456" level="INFO">${expected_keys} = ['gender', 'name', 'location', 'email', 'login']</msg>
<var>${expected_keys}</var>
<arg>gender</arg>
<arg>name</arg>
<arg>location</arg>
<arg>email</arg>
<arg>login</arg>
<doc>Returns a list containing given items.</doc>
<status status="PASS" start="2024-04-10T21:13:12.915295" elapsed="0.000186"/>
</kw>
<for flavor="IN">
<iter>
<kw name="Dictionary Should Contain Key" owner="Collections">
<msg time="2024-04-10T21:13:12.916506" level="INFO">False</msg>
<arg>${json_data['results'][0]}</arg>
<arg>${key}</arg>
<doc>Fails if ``key`` is not found from ``dictionary``.</doc>
<status status="PASS" start="2024-04-10T21:13:12.916091" elapsed="0.000458"/>
</kw>
<kw name="Log" owner="BuiltIn">
<msg time="2024-04-10T21:13:12.917251" level="INFO">{'gender': 'male', 'name': {'title': 'Mr', 'first': 'Jurij', 'last': 'Wimmer'}, 'location': {'street': {'number': 8770, 'name': 'Lessingstraße'}, 'city': 'Gundelsheim', 'state': 'Nordrhein-Westfalen', 'country': 'Germany', 'postcode': 67420, 'coordinates': {'latitude': '-54.4026', 'longitude': '-103.7695'}, 'timezone': {'offset': '+3:00', 'description': 'Baghdad, Riyadh, Moscow, St. Petersburg'}}, 'email': 'jurij.wimmer@example.com', 'login': {'uuid': '8f9e959a-aa67-4947-a864-9431aaf141c0', 'username': 'greenelephant611', 'password': 'leslie', 'salt': 'OOxBLsD4', 'md5': '58d4c150bbb5c1480e773024dea7141e', 'sha1': '57cc86a3c47b820900f28f92e9cc53aeda55c43a', 'sha256': '104f6bf8c1d2a2a7bc34b1782ad0c63494dc4b512f012b6994c33984b013f0cd'}, 'dob': {'date': '1959-08-30T06:40:41.093Z', 'age': 64}, 'registered': {'date': '2006-09-12T18:12:26.549Z', 'age': 17}, 'phone': '0669-0207000', 'cell': '0178-7543739', 'id': {'name': 'SVNR', 'value': '09 300859 W 006'}, 'picture': {'large': 'https://randomuser.me/api/portraits/men/8.jpg', 'medium': 'https://randomuser.me/api/portraits/med/men/8.jpg', 'thumbnail': 'https://randomuser.me/api/portraits/thumb/men/8.jpg'}, 'nat': 'DE'}</msg>
<arg>${json_data['results'][0]}</arg>
<doc>Logs the given message with the given level.</doc>
<status status="PASS" start="2024-04-10T21:13:12.916869" elapsed="0.000439"/>
</kw>
<kw name="Log" owner="BuiltIn">
<msg time="2024-04-10T21:13:12.917749" level="INFO">gender</msg>
<arg>${key}</arg>
<doc>Logs the given message with the given level.</doc>
<status status="PASS" start="2024-04-10T21:13:12.917618" elapsed="0.000169"/>
</kw>
<var name="${key}">gender</var>
<status status="PASS" start="2024-04-10T21:13:12.915960" elapsed="0.002052"/>
</iter>
<iter>
<kw name="Dictionary Should Contain Key" owner="Collections">
<msg time="2024-04-10T21:13:12.918784" level="INFO">False</msg>
<arg>${json_data['results'][0]}</arg>
<arg>${key}</arg>
<doc>Fails if ``key`` is not found from ``dictionary``.</doc>
<status status="PASS" start="2024-04-10T21:13:12.918348" elapsed="0.000476"/>
</kw>
<kw name="Log" owner="BuiltIn">
<msg time="2024-04-10T21:13:12.919561" level="INFO">{'gender': 'male', 'name': {'title': 'Mr', 'first': 'Jurij', 'last': 'Wimmer'}, 'location': {'street': {'number': 8770, 'name': 'Lessingstraße'}, 'city': 'Gundelsheim', 'state': 'Nordrhein-Westfalen', 'country': 'Germany', 'postcode': 67420, 'coordinates': {'latitude': '-54.4026', 'longitude': '-103.7695'}, 'timezone': {'offset': '+3:00', 'description': 'Baghdad, Riyadh, Moscow, St. Petersburg'}}, 'email': 'jurij.wimmer@example.com', 'login': {'uuid': '8f9e959a-aa67-4947-a864-9431aaf141c0', 'username': 'greenelephant611', 'password': 'leslie', 'salt': 'OOxBLsD4', 'md5': '58d4c150bbb5c1480e773024dea7141e', 'sha1': '57cc86a3c47b820900f28f92e9cc53aeda55c43a', 'sha256': '104f6bf8c1d2a2a7bc34b1782ad0c63494dc4b512f012b6994c33984b013f0cd'}, 'dob': {'date': '1959-08-30T06:40:41.093Z', 'age': 64}, 'registered': {'date': '2006-09-12T18:12:26.549Z', 'age': 17}, 'phone': '0669-0207000', 'cell': '0178-7543739', 'id': {'name': 'SVNR', 'value': '09 300859 W 006'}, 'picture': {'large': 'https://randomuser.me/api/portraits/men/8.jpg', 'medium': 'https://randomuser.me/api/portraits/med/men/8.jpg', 'thumbnail': 'https://randomuser.me/api/portraits/thumb/men/8.jpg'}, 'nat': 'DE'}</msg>
<arg>${json_data['results'][0]}</arg>
<doc>Logs the given message with the given level.</doc>
<status status="PASS" start="2024-04-10T21:13:12.919186" elapsed="0.000425"/>
</kw>
<kw name="Log" owner="BuiltIn">
<msg time="2024-04-10T21:13:12.920047" level="INFO">name</msg>
<arg>${key}</arg>
<doc>Logs the given message with the given level.</doc>
<status status="PASS" start="2024-04-10T21:13:12.919916" elapsed="0.000170"/>
</kw>
<var name="${key}">name</var>
<status status="PASS" start="2024-04-10T21:13:12.918220" elapsed="0.002091"/>
</iter>
<iter>
<kw name="Dictionary Should Contain Key" owner="Collections">
<msg time="2024-04-10T21:13:12.920997" level="INFO">False</msg>
<arg>${json_data['results'][0]}</arg>
<arg>${key}</arg>
<doc>Fails if ``key`` is not found from ``dictionary``.</doc>
<status status="PASS" start="2024-04-10T21:13:12.920617" elapsed="0.000418"/>
</kw>
<kw name="Log" owner="BuiltIn">
<msg time="2024-04-10T21:13:12.921748" level="INFO">{'gender': 'male', 'name': {'title': 'Mr', 'first': 'Jurij', 'last': 'Wimmer'}, 'location': {'street': {'number': 8770, 'name': 'Lessingstraße'}, 'city': 'Gundelsheim', 'state': 'Nordrhein-Westfalen', 'country': 'Germany', 'postcode': 67420, 'coordinates': {'latitude': '-54.4026', 'longitude': '-103.7695'}, 'timezone': {'offset': '+3:00', 'description': 'Baghdad, Riyadh, Moscow, St. Petersburg'}}, 'email': 'jurij.wimmer@example.com', 'login': {'uuid': '8f9e959a-aa67-4947-a864-9431aaf141c0', 'username': 'greenelephant611', 'password': 'leslie', 'salt': 'OOxBLsD4', 'md5': '58d4c150bbb5c1480e773024dea7141e', 'sha1': '57cc86a3c47b820900f28f92e9cc53aeda55c43a', 'sha256': '104f6bf8c1d2a2a7bc34b1782ad0c63494dc4b512f012b6994c33984b013f0cd'}, 'dob': {'date': '1959-08-30T06:40:41.093Z', 'age': 64}, 'registered': {'date': '2006-09-12T18:12:26.549Z', 'age': 17}, 'phone': '0669-0207000', 'cell': '0178-7543739', 'id': {'name': 'SVNR', 'value': '09 300859 W 006'}, 'picture': {'large': 'https://randomuser.me/api/portraits/men/8.jpg', 'medium': 'https://randomuser.me/api/portraits/med/men/8.jpg', 'thumbnail': 'https://randomuser.me/api/portraits/thumb/men/8.jpg'}, 'nat': 'DE'}</msg>
<arg>${json_data['results'][0]}</arg>
<doc>Logs the given message with the given level.</doc>
<status status="PASS" start="2024-04-10T21:13:12.921366" elapsed="0.000435"/>
</kw>
<kw name="Log" owner="BuiltIn">
<msg time="2024-04-10T21:13:12.922229" level="INFO">location</msg>
<arg>${key}</arg>
<doc>Logs the given message with the given level.</doc>
<status status="PASS" start="2024-04-10T21:13:12.922100" elapsed="0.000167"/>
</kw>
<var name="${key}">location</var>
<status status="PASS" start="2024-04-10T21:13:12.920501" elapsed="0.002007"/>
</iter>
<iter>
<kw name="Dictionary Should Contain Key" owner="Collections">
<msg time="2024-04-10T21:13:12.923200" level="INFO">False</msg>
<arg>${json_data['results'][0]}</arg>
<arg>${key}</arg>
<doc>Fails if ``key`` is not found from ``dictionary``.</doc>
<status status="PASS" start="2024-04-10T21:13:12.922810" elapsed="0.000428"/>
</kw>
<kw name="Log" owner="BuiltIn">
<msg time="2024-04-10T21:13:12.923905" level="INFO">{'gender': 'male', 'name': {'title': 'Mr', 'first': 'Jurij', 'last': 'Wimmer'}, 'location': {'street': {'number': 8770, 'name': 'Lessingstraße'}, 'city': 'Gundelsheim', 'state': 'Nordrhein-Westfalen', 'country': 'Germany', 'postcode': 67420, 'coordinates': {'latitude': '-54.4026', 'longitude': '-103.7695'}, 'timezone': {'offset': '+3:00', 'description': 'Baghdad, Riyadh, Moscow, St. Petersburg'}}, 'email': 'jurij.wimmer@example.com', 'login': {'uuid': '8f9e959a-aa67-4947-a864-9431aaf141c0', 'username': 'greenelephant611', 'password': 'leslie', 'salt': 'OOxBLsD4', 'md5': '58d4c150bbb5c1480e773024dea7141e', 'sha1': '57cc86a3c47b820900f28f92e9cc53aeda55c43a', 'sha256': '104f6bf8c1d2a2a7bc34b1782ad0c63494dc4b512f012b6994c33984b013f0cd'}, 'dob': {'date': '1959-08-30T06:40:41.093Z', 'age': 64}, 'registered': {'date': '2006-09-12T18:12:26.549Z', 'age': 17}, 'phone': '0669-0207000', 'cell': '0178-7543739', 'id': {'name': 'SVNR', 'value': '09 300859 W 006'}, 'picture': {'large': 'https://randomuser.me/api/portraits/men/8.jpg', 'medium': 'https://randomuser.me/api/portraits/med/men/8.jpg', 'thumbnail': 'https://randomuser.me/api/portraits/thumb/men/8.jpg'}, 'nat': 'DE'}</msg>
<arg>${json_data['results'][0]}</arg>
<doc>Logs the given message with the given level.</doc>
<status status="PASS" start="2024-04-10T21:13:12.923541" elapsed="0.000413"/>
</kw>
<kw name="Log" owner="BuiltIn">
<msg time="2024-04-10T21:13:12.924383" level="INFO">email</msg>
<arg>${key}</arg>
<doc>Logs the given message with the given level.</doc>
<status status="PASS" start="2024-04-10T21:13:12.924254" elapsed="0.000167"/>
</kw>
<var name="${key}">email</var>
<status status="PASS" start="2024-04-10T21:13:12.922696" elapsed="0.001940"/>
</iter>
<iter>
<kw name="Dictionary Should Contain Key" owner="Collections">
<msg time="2024-04-10T21:13:12.925334" level="INFO">False</msg>
<arg>${json_data['results'][0]}</arg>
<arg>${key}</arg>
<doc>Fails if ``key`` is not found from ``dictionary``.</doc>
<status status="PASS" start="2024-04-10T21:13:12.924927" elapsed="0.000444"/>
</kw>
<kw name="Log" owner="BuiltIn">
<msg time="2024-04-10T21:13:12.926041" level="INFO">{'gender': 'male', 'name': {'title': 'Mr', 'first': 'Jurij', 'last': 'Wimmer'}, 'location': {'street': {'number': 8770, 'name': 'Lessingstraße'}, 'city': 'Gundelsheim', 'state': 'Nordrhein-Westfalen', 'country': 'Germany', 'postcode': 67420, 'coordinates': {'latitude': '-54.4026', 'longitude': '-103.7695'}, 'timezone': {'offset': '+3:00', 'description': 'Baghdad, Riyadh, Moscow, St. Petersburg'}}, 'email': 'jurij.wimmer@example.com', 'login': {'uuid': '8f9e959a-aa67-4947-a864-9431aaf141c0', 'username': 'greenelephant611', 'password': 'leslie', 'salt': 'OOxBLsD4', 'md5': '58d4c150bbb5c1480e773024dea7141e', 'sha1': '57cc86a3c47b820900f28f92e9cc53aeda55c43a', 'sha256': '104f6bf8c1d2a2a7bc34b1782ad0c63494dc4b512f012b6994c33984b013f0cd'}, 'dob': {'date': '1959-08-30T06:40:41.093Z', 'age': 64}, 'registered': {'date': '2006-09-12T18:12:26.549Z', 'age': 17}, 'phone': '0669-0207000', 'cell': '0178-7543739', 'id': {'name': 'SVNR', 'value': '09 300859 W 006'}, 'picture': {'large': 'https://randomuser.me/api/portraits/men/8.jpg', 'medium': 'https://randomuser.me/api/portraits/med/men/8.jpg', 'thumbnail': 'https://randomuser.me/api/portraits/thumb/men/8.jpg'}, 'nat': 'DE'}</msg>
<arg>${json_data['results'][0]}</arg>
<doc>Logs the given message with the given level.</doc>
<status status="PASS" start="2024-04-10T21:13:12.925671" elapsed="0.000419"/>
</kw>
<kw name="Log" owner="BuiltIn">
<msg time="2024-04-10T21:13:12.926541" level="INFO">login</msg>
<arg>${key}</arg>
<doc>Logs the given message with the given level.</doc>
<status status="PASS" start="2024-04-10T21:13:12.926385" elapsed="0.000236"/>
</kw>
<var name="${key}">login</var>
<status status="PASS" start="2024-04-10T21:13:12.924815" elapsed="0.002037"/>
</iter>
<var>${key}</var>
<value>@{expected_keys}</value>
<status status="PASS" start="2024-04-10T21:13:12.915753" elapsed="0.011225"/>
</for>
<kw name="Create List" owner="BuiltIn">
<msg time="2024-04-10T21:13:12.927330" level="INFO">${expected_keysTwo} = ['username', 'password']</msg>
<var>${expected_keysTwo}</var>
<arg>username</arg>
<arg>password</arg>
<doc>Returns a list containing given items.</doc>
<status status="PASS" start="2024-04-10T21:13:12.927185" elapsed="0.000169"/>
</kw>
<for flavor="IN">
<iter>
<kw name="Dictionary Should Contain Key" owner="Collections">
<msg time="2024-04-10T21:13:12.928423" level="INFO">False</msg>
<arg>${json_data['results'][0]['login']}</arg>
<arg>${keyTwo}</arg>
<doc>Fails if ``key`` is not found from ``dictionary``.</doc>
<status status="PASS" start="2024-04-10T21:13:12.928027" elapsed="0.000434"/>
</kw>
<kw name="Dictionary Should Contain Key" owner="Collections">
<msg time="2024-04-10T21:13:12.929150" level="INFO">False</msg>
<arg>${json_data['results'][0]['login']}</arg>
<arg>${keyTwo}</arg>
<doc>Fails if ``key`` is not found from ``dictionary``.</doc>
<status status="PASS" start="2024-04-10T21:13:12.928766" elapsed="0.000422"/>
</kw>
<kw name="Log" owner="BuiltIn">
<msg time="2024-04-10T21:13:12.929658" level="INFO">username</msg>
<arg>${keyTwo}</arg>
<doc>Logs the given message with the given level.</doc>
<status status="PASS" start="2024-04-10T21:13:12.929489" elapsed="0.000228"/>
</kw>
<var name="${keyTwo}">username</var>
<status status="PASS" start="2024-04-10T21:13:12.927912" elapsed="0.002059"/>
</iter>
<iter>
<kw name="Dictionary Should Contain Key" owner="Collections">
<msg time="2024-04-10T21:13:12.930959" level="INFO">False</msg>
<arg>${json_data['results'][0]['login']}</arg>
<arg>${keyTwo}</arg>
<doc>Fails if ``key`` is not found from ``dictionary``.</doc>
<status status="PASS" start="2024-04-10T21:13:12.930325" elapsed="0.000694"/>
</kw>
<kw name="Dictionary Should Contain Key" owner="Collections">
<msg time="2024-04-10T21:13:12.932156" level="INFO">False</msg>
<arg>${json_data['results'][0]['login']}</arg>
<arg>${keyTwo}</arg>
<doc>Fails if ``key`` is not found from ``dictionary``.</doc>
<status status="PASS" start="2024-04-10T21:13:12.931496" elapsed="0.000728"/>
</kw>
<kw name="Log" owner="BuiltIn">
<msg time="2024-04-10T21:13:12.932860" level="INFO">password</msg>
<arg>${keyTwo}</arg>
<doc>Logs the given message with the given level.</doc>
<status status="PASS" start="2024-04-10T21:13:12.932671" elapsed="0.000248"/>
</kw>
<var name="${keyTwo}">password</var>
<status status="PASS" start="2024-04-10T21:13:12.930167" elapsed="0.003098"/>
</iter>
<var>${keyTwo}</var>
<value>@{expected_keysTwo}</value>
<status status="PASS" start="2024-04-10T21:13:12.927612" elapsed="0.005848"/>
</for>
<status status="PASS" start="2024-04-10T21:13:12.807875" elapsed="0.125851"/>
</kw>
<doc>Testa a estrutura da resposta da API.</doc>
<tag>testeEstruturaResposta</tag>
<status status="PASS" start="2024-04-10T21:13:12.807079" elapsed="0.126946"/>
</test>
<test id="s1-s1-t4" name="Validar tipos de dados" line="28">
<kw name="Teste de Tipos de Dados" owner="random-user-service">
<kw name="GET On Session" owner="RequestsLibrary">
<msg time="2024-04-10T21:13:12.995394" level="INFO">GET Request : url=https://randomuser.me/api 
 path_url=/api 
 headers={'User-Agent': 'python-requests/2.31.0', 'Accept-Encoding': 'gzip, deflate', 'Accept': '*/*', 'Connection': 'keep-alive'} 
 body=None 
 </msg>
<msg time="2024-04-10T21:13:12.995510" level="INFO">GET Response : url=https://randomuser.me/api 
 status=200, reason=OK 
 headers={'Date': 'Wed, 10 Apr 2024 21:13:12 GMT', 'Content-Type': 'application/json; charset=utf-8', 'Transfer-Encoding': 'chunked', 'Connection': 'keep-alive', 'X-Powered-By': 'Express', 'Access-Control-Allow-Origin': '*', 'Cache-Control': 'no-cache', 'ETag': 'W/"489-W8xcaiq6ZLc+1tY00UMXRx09OF8"', 'Vary': 'Accept-Encoding', 'Content-Encoding': 'gzip', 'CF-Cache-Status': 'DYNAMIC', 'Report-To': '{"endpoints":[{"url":"https:\\/\\/a.nel.cloudflare.com\\/report\\/v4?s=H67S797pN8eWF73A4VFKYhwIJCEorimLTjCg2mi5%2F0BjZkcu57XXNga0G1K0qOMVt%2Foq22fbqAxtr1Qd167xZGEofX57w%2FvSjwsPVcmIQwgXVKBsW9JRfXYO%2Fi%2B8gDgA"}],"group":"cf-nel","max_age":604800}', 'NEL': '{"success_fraction":0,"report_to":"cf-nel","max_age":604800}', 'Server': 'cloudflare', 'CF-RAY': '8725bd4fee8de1cb-ORD', 'alt-svc': 'h3=":443"; ma=86400'} 
 body={"results":[{"gender":"female","name":{"title":"Miss","first":"Sofia","last":"Andersen"},"location":{"street":{"number":5657,"name":"Tranevej"},"city":"Gjerlev","state":"Syddanmark","country":"Denmark","postcode":38938,"coordinates":{"latitude":"-44.2918","longitude":"48.8129"},"timezone":{"offset":"+2:00","description":"Kaliningrad, South Africa"}},"email":"sofia.andersen@example.com","login":{"uuid":"e0389e3d-5869-487b-becd-18c6db9d1b9f","username":"ticklishbutterfly585","password":"rugby1","salt":"GzLFDUT6","md5":"8c9a33ccf601ae39440f5993e2b88d7a","sha1":"60ae1977e9c049f25de163e9deb015a7e3776bd4","sha256":"4b1d6699aa914d91701628ffd9d08cae9090e9c7ad8d7da522741905ffe82af3"},"dob":{"date":"1990-01-23T06:56:41.991Z","age":34},"registered":{"date":"2010-01-11T21:32:06.111Z","age":14},"phone":"76806693","cell":"07484821","id":{"name":"CPR","value":"230190-5737"},"picture":{"large":"https://randomuser.me/api/portraits/women/80.jpg","medium":"https://randomuser.me/api/portraits/med/women/80.jpg","thumbnail":"https://randomuser.me/api/portraits/thumb/women/80.jpg"},"nat":"DK"}],"info":{"seed":"606861f4a2a9d6bc","results":1,"page":1,"version":"1.4"}} 
 </msg>
<msg time="2024-04-10T21:13:12.995595" level="INFO">/opt/hostedtoolcache/Python/3.12.2/x64/lib/python3.12/site-packages/urllib3/connectionpool.py:1103: InsecureRequestWarning: Unverified HTTPS request is being made to host 'randomuser.me'. Adding certificate verification is strongly advised. See: https://urllib3.readthedocs.io/en/latest/advanced-usage.html#tls-warnings
  warnings.warn(</msg>
<msg time="2024-04-10T21:13:12.995740" level="INFO">${response} = &lt;Response [200]&gt;</msg>
<var>${response}</var>
<arg>consultarAPI</arg>
<arg>/api</arg>
<doc>Sends a GET request on a previously created HTTP Session.</doc>
<status status="PASS" start="2024-04-10T21:13:12.936897" elapsed="0.058886"/>
</kw>
<kw name="Set Variable" owner="BuiltIn">
<msg time="2024-04-10T21:13:12.997014" level="INFO">${json_data} = {'results': [{'gender': 'female', 'name': {'title': 'Miss', 'first': 'Sofia', 'last': 'Andersen'}, 'location': {'street': {'number': 5657, 'name': 'Tranevej'}, 'city': 'Gjerlev', 'state': 'Syddanmark'...</msg>
<var>${json_data}</var>
<arg>${response.json()}</arg>
<doc>Returns the given values which can then be assigned to a variables.</doc>
<status status="PASS" start="2024-04-10T21:13:12.996432" elapsed="0.000610"/>
</kw>
<kw name="Log" owner="BuiltIn">
<msg time="2024-04-10T21:13:12.997527" level="INFO">{'results': [{'gender': 'female', 'name': {'title': 'Miss', 'first': 'Sofia', 'last': 'Andersen'}, 'location': {'street': {'number': 5657, 'name': 'Tranevej'}, 'city': 'Gjerlev', 'state': 'Syddanmark', 'country': 'Denmark', 'postcode': 38938, 'coordinates': {'latitude': '-44.2918', 'longitude': '48.8129'}, 'timezone': {'offset': '+2:00', 'description': 'Kaliningrad, South Africa'}}, 'email': 'sofia.andersen@example.com', 'login': {'uuid': 'e0389e3d-5869-487b-becd-18c6db9d1b9f', 'username': 'ticklishbutterfly585', 'password': 'rugby1', 'salt': 'GzLFDUT6', 'md5': '8c9a33ccf601ae39440f5993e2b88d7a', 'sha1': '60ae1977e9c049f25de163e9deb015a7e3776bd4', 'sha256': '4b1d6699aa914d91701628ffd9d08cae9090e9c7ad8d7da522741905ffe82af3'}, 'dob': {'date': '1990-01-23T06:56:41.991Z', 'age': 34}, 'registered': {'date': '2010-01-11T21:32:06.111Z', 'age': 14}, 'phone': '76806693', 'cell': '07484821', 'id': {'name': 'CPR', 'value': '230190-5737'}, 'picture': {'large': 'https://randomuser.me/api/portraits/women/80.jpg', 'medium': 'https://randomuser.me/api/portraits/med/women/80.jpg', 'thumbnail': 'https://randomuser.me/api/portraits/thumb/women/80.jpg'}, 'nat': 'DK'}], 'info': {'seed': '606861f4a2a9d6bc', 'results': 1, 'page': 1, 'version': '1.4'}}</msg>
<arg>${json_data}</arg>
<doc>Logs the given message with the given level.</doc>
<status status="PASS" start="2024-04-10T21:13:12.997367" elapsed="0.000247"/>
</kw>
<kw name="Should Be String" owner="String">
<arg>${json_data['results'][0]['gender']}</arg>
<doc>Fails if the given ``item`` is not a string.</doc>
<status status="PASS" start="2024-04-10T21:13:12.997922" elapsed="0.000374"/>
</kw>
<kw name="Should Match Regexp" owner="BuiltIn">
<arg>${json_data['results'][0]['email']}</arg>
<arg>^[a-zA-Z0-9._%+-]+@[a-zA-Z0-9.-]+\.[a-zA-Z]{2,}$</arg>
<doc>Fails if ``string`` does not match ``pattern`` as a regular expression.</doc>
<status status="PASS" start="2024-04-10T21:13:12.998533" elapsed="0.000566"/>
</kw>
<kw name="Should Match Regexp" owner="BuiltIn">
<arg>${json_data['results'][0]['dob']['date']}</arg>
<arg>\\d{4}-\\d{2}-\\d{2}T\\d{2}:\\d{2}:\\d{2}\\.\\d{3}Z</arg>
<doc>Fails if ``string`` does not match ``pattern`` as a regular expression.</doc>
<status status="PASS" start="2024-04-10T21:13:12.999303" elapsed="0.000504"/>
</kw>
<kw name="Should Match Regexp" owner="BuiltIn">
<arg>${json_data['results'][0]['registered']['date']}</arg>
<arg>\\d{4}-\\d{2}-\\d{2}T\\d{2}:\\d{2}:\\d{2}\\.\\d{3}Z</arg>
<doc>Fails if ``string`` does not match ``pattern`` as a regular expression.</doc>
<status status="PASS" start="2024-04-10T21:13:13.000011" elapsed="0.000376"/>
</kw>
<kw name="Should Match Regexp" owner="BuiltIn">
<arg>${json_data['results'][0]['picture']['large']}</arg>
<arg>^https?://.*\.(?:png|jpe?g|gif|bmp)$</arg>
<doc>Fails if ``string`` does not match ``pattern`` as a regular expression.</doc>
<status status="PASS" start="2024-04-10T21:13:13.000581" elapsed="0.000466"/>
</kw>
<kw name="Should Match Regexp" owner="BuiltIn">
<arg>${json_data['results'][0]['picture']['medium']}</arg>
<arg>^https?://.*\.(?:png|jpe?g|gif|bmp)$</arg>
<doc>Fails if ``string`` does not match ``pattern`` as a regular expression.</doc>
<status status="PASS" start="2024-04-10T21:13:13.001239" elapsed="0.000380"/>
</kw>
<kw name="Should Match Regexp" owner="BuiltIn">
<arg>${json_data['results'][0]['picture']['thumbnail']}</arg>
<arg>^https?://.*\.(?:png|jpe?g|gif|bmp)$</arg>
<doc>Fails if ``string`` does not match ``pattern`` as a regular expression.</doc>
<status status="PASS" start="2024-04-10T21:13:13.001807" elapsed="0.000362"/>
</kw>
<kw name="Log" owner="BuiltIn">
<msg time="2024-04-10T21:13:13.002711" level="INFO">{'large': 'https://randomuser.me/api/portraits/women/80.jpg', 'medium': 'https://randomuser.me/api/portraits/med/women/80.jpg', 'thumbnail': 'https://randomuser.me/api/portraits/thumb/women/80.jpg'}</msg>
<arg>${json_data['results'][0]['picture']}</arg>
<doc>Logs the given message with the given level.</doc>
<status status="PASS" start="2024-04-10T21:13:13.002351" elapsed="0.000402"/>
</kw>
<status status="PASS" start="2024-04-10T21:13:12.936644" elapsed="0.066376"/>
</kw>
<kw name="Teste de Tipos de Dados - Postcode" owner="random-user-service">
<kw name="GET On Session" owner="RequestsLibrary">
<msg time="2024-04-10T21:13:13.103553" level="INFO">GET Request : url=https://randomuser.me/api 
 path_url=/api 
 headers={'User-Agent': 'python-requests/2.31.0', 'Accept-Encoding': 'gzip, deflate', 'Accept': '*/*', 'Connection': 'keep-alive'} 
 body=None 
 </msg>
<msg time="2024-04-10T21:13:13.103671" level="INFO">GET Response : url=https://randomuser.me/api 
 status=200, reason=OK 
 headers={'Date': 'Wed, 10 Apr 2024 21:13:13 GMT', 'Content-Type': 'application/json; charset=utf-8', 'Transfer-Encoding': 'chunked', 'Connection': 'keep-alive', 'X-Powered-By': 'Express', 'Access-Control-Allow-Origin': '*', 'Cache-Control': 'no-cache', 'ETag': 'W/"49e-B4oNDuJah7x7KSL/EeiruBbyTt4"', 'Vary': 'Accept-Encoding', 'Content-Encoding': 'gzip', 'CF-Cache-Status': 'DYNAMIC', 'Report-To': '{"endpoints":[{"url":"https:\\/\\/a.nel.cloudflare.com\\/report\\/v4?s=CrYNDdX4RutviQiLA6EA8c7BTFe5RoIfi23nSx5DiukuDqU%2FyFhFg%2F%2F4KwIg46r2it4UbT%2B%2BXJT%2B3SIqzatBiRCsKTNq4puy6LL02G1MxCLIIRRrWWgnrq9QcOr31bxG"}],"group":"cf-nel","max_age":604800}', 'NEL': '{"success_fraction":0,"report_to":"cf-nel","max_age":604800}', 'Server': 'cloudflare', 'CF-RAY': '8725bd504f14e1cb-ORD', 'alt-svc': 'h3=":443"; ma=86400'} 
 body={"results":[{"gender":"female","name":{"title":"Ms","first":"Encarnación","last":"Pastor"},"location":{"street":{"number":6221,"name":"Calle de La Almudena"},"city":"San Sebastián de Los Reyes","state":"Navarra","country":"Spain","postcode":87112,"coordinates":{"latitude":"-35.7090","longitude":"171.1053"},"timezone":{"offset":"+9:30","description":"Adelaide, Darwin"}},"email":"encarnacion.pastor@example.com","login":{"uuid":"5bfe97cd-de78-4d88-bbaa-59aed828f0eb","username":"redfrog647","password":"oedipus","salt":"6CIZFGDS","md5":"a60731e3ae5f41121904e44f639d4715","sha1":"1e3289fe378c139b9102a4dfe1e8d00cf3caf682","sha256":"0dbbf33c63303c58dcd2d8818ad3fe84ac1ed2441de8803b3f212bc8148c7a59"},"dob":{"date":"1983-01-13T14:39:26.595Z","age":41},"registered":{"date":"2020-04-15T01:57:06.164Z","age":3},"phone":"951-590-963","cell":"686-702-032","id":{"name":"DNI","value":"54386177-T"},"picture":{"large":"https://randomuser.me/api/portraits/women/81.jpg","medium":"https://randomuser.me/api/portraits/med/women/81.jpg","thumbnail":"https://randomuser.me/api/portraits/thumb/women/81.jpg"},"nat":"ES"}],"info":{"seed":"f0912ec9608f3926","results":1,"page":1,"version":"1.4"}} 
 </msg>
<msg time="2024-04-10T21:13:13.103782" level="INFO">/opt/hostedtoolcache/Python/3.12.2/x64/lib/python3.12/site-packages/urllib3/connectionpool.py:1103: InsecureRequestWarning: Unverified HTTPS request is being made to host 'randomuser.me'. Adding certificate verification is strongly advised. See: https://urllib3.readthedocs.io/en/latest/advanced-usage.html#tls-warnings
  warnings.warn(</msg>
<msg time="2024-04-10T21:13:13.103935" level="INFO">${response} = &lt;Response [200]&gt;</msg>
<var>${response}</var>
<arg>consultarAPI</arg>
<arg>/api</arg>
<doc>Sends a GET request on a previously created HTTP Session.</doc>
<status status="PASS" start="2024-04-10T21:13:13.003531" elapsed="0.100445"/>
</kw>
<kw name="Set Variable" owner="BuiltIn">
<msg time="2024-04-10T21:13:13.105242" level="INFO">${json_data} = {'results': [{'gender': 'female', 'name': {'title': 'Ms', 'first': 'Encarnación', 'last': 'Pastor'}, 'location': {'street': {'number': 6221, 'name': 'Calle de La Almudena'}, 'city': 'San Sebastián de ...</msg>
<var>${json_data}</var>
<arg>${response.json()}</arg>
<doc>Returns the given values which can then be assigned to a variables.</doc>
<status status="PASS" start="2024-04-10T21:13:13.104633" elapsed="0.000642"/>
</kw>
<kw name="Log" owner="BuiltIn">
<msg time="2024-04-10T21:13:13.105833" level="INFO">{'results': [{'gender': 'female', 'name': {'title': 'Ms', 'first': 'Encarnación', 'last': 'Pastor'}, 'location': {'street': {'number': 6221, 'name': 'Calle de La Almudena'}, 'city': 'San Sebastián de Los Reyes', 'state': 'Navarra', 'country': 'Spain', 'postcode': 87112, 'coordinates': {'latitude': '-35.7090', 'longitude': '171.1053'}, 'timezone': {'offset': '+9:30', 'description': 'Adelaide, Darwin'}}, 'email': 'encarnacion.pastor@example.com', 'login': {'uuid': '5bfe97cd-de78-4d88-bbaa-59aed828f0eb', 'username': 'redfrog647', 'password': 'oedipus', 'salt': '6CIZFGDS', 'md5': 'a60731e3ae5f41121904e44f639d4715', 'sha1': '1e3289fe378c139b9102a4dfe1e8d00cf3caf682', 'sha256': '0dbbf33c63303c58dcd2d8818ad3fe84ac1ed2441de8803b3f212bc8148c7a59'}, 'dob': {'date': '1983-01-13T14:39:26.595Z', 'age': 41}, 'registered': {'date': '2020-04-15T01:57:06.164Z', 'age': 3}, 'phone': '951-590-963', 'cell': '686-702-032', 'id': {'name': 'DNI', 'value': '54386177-T'}, 'picture': {'large': 'https://randomuser.me/api/portraits/women/81.jpg', 'medium': 'https://randomuser.me/api/portraits/med/women/81.jpg', 'thumbnail': 'https://randomuser.me/api/portraits/thumb/women/81.jpg'}, 'nat': 'ES'}], 'info': {'seed': 'f0912ec9608f3926', 'results': 1, 'page': 1, 'version': '1.4'}}</msg>
<arg>${json_data}</arg>
<doc>Logs the given message with the given level.</doc>
<status status="PASS" start="2024-04-10T21:13:13.105648" elapsed="0.000277"/>
</kw>
<kw name="Should Be Equal As Numbers" owner="BuiltIn">
<arg>${json_data['results'][0]['location']['postcode']}</arg>
<arg>${json_data['results'][0]['location']['postcode']}</arg>
<doc>Fails if objects are unequal after converting them to real numbers.</doc>
<status status="PASS" start="2024-04-10T21:13:13.106241" elapsed="0.000710"/>
</kw>
<kw name="Log" owner="BuiltIn">
<msg time="2024-04-10T21:13:13.107503" level="INFO">87112</msg>
<arg>${json_data['results'][0]['location']['postcode']}</arg>
<doc>Logs the given message with the given level.</doc>
<status status="PASS" start="2024-04-10T21:13:13.107158" elapsed="0.000386"/>
</kw>
<status status="PASS" start="2024-04-10T21:13:13.003276" elapsed="0.104536"/>
</kw>
<doc>Testa se os tipos de dados na resposta da API estão corretos.</doc>
<tag>testeTiposDados</tag>
<status status="PASS" start="2024-04-10T21:13:12.936180" elapsed="0.171816"/>
</test>
<test id="s1-s1-t5" name="Validar conteudo" line="35">
<kw name="Teste de Tipos de Conteudo" owner="random-user-service">
<kw name="GET On Session" owner="RequestsLibrary">
<msg time="2024-04-10T21:13:13.456904" level="INFO">GET Request : url=https://randomuser.me/api 
 path_url=/api 
 headers={'User-Agent': 'python-requests/2.31.0', 'Accept-Encoding': 'gzip, deflate', 'Accept': '*/*', 'Connection': 'keep-alive'} 
 body=None 
 </msg>
<msg time="2024-04-10T21:13:13.457031" level="INFO">GET Response : url=https://randomuser.me/api 
 status=200, reason=OK 
 headers={'Date': 'Wed, 10 Apr 2024 21:13:13 GMT', 'Content-Type': 'application/json; charset=utf-8', 'Transfer-Encoding': 'chunked', 'Connection': 'keep-alive', 'X-Powered-By': 'Express', 'Access-Control-Allow-Origin': '*', 'Cache-Control': 'no-cache', 'ETag': 'W/"499-/wLIzosSjGg5oPn8/yDcJL3g83U"', 'Vary': 'Accept-Encoding', 'Content-Encoding': 'gzip', 'CF-Cache-Status': 'DYNAMIC', 'Report-To': '{"endpoints":[{"url":"https:\\/\\/a.nel.cloudflare.com\\/report\\/v4?s=Twb3NoeP0Gw05VTnxUCEIiivSaeHTvgcZYWVwi3AffZDIDogKoS0iQqaTfe%2B%2BECx30XNC2112ohA%2Ftbn2WHD9AyTKxrrBwA3kPXCZH1T8gbw3d1hjXTMmrUnlphGKgPa"}],"group":"cf-nel","max_age":604800}', 'NEL': '{"success_fraction":0,"report_to":"cf-nel","max_age":604800}', 'Server': 'cloudflare', 'CF-RAY': '8725bd50ffcde1cb-ORD', 'alt-svc': 'h3=":443"; ma=86400'} 
 body={"results":[{"gender":"male","name":{"title":"Mr","first":"Troy","last":"Hanson"},"location":{"street":{"number":785,"name":"Crockett St"},"city":"Evansville","state":"Tennessee","country":"United States","postcode":53444,"coordinates":{"latitude":"88.3792","longitude":"-172.3841"},"timezone":{"offset":"-6:00","description":"Central Time (US &amp; Canada), Mexico City"}},"email":"troy.hanson@example.com","login":{"uuid":"f53124d7-3966-4c03-b84a-4a990058eea5","username":"crazyostrich361","password":"laguna","salt":"mMyBYcmo","md5":"4fe769f5359138528b4d949a6d13588d","sha1":"e1bebe9987270c4efe65c0aa62832898345fa65f","sha256":"5e1b898da0128b79e2cf62eba660ba00a3259778569ef5d277bb48999b027c91"},"dob":{"date":"1983-09-01T00:24:50.079Z","age":40},"registered":{"date":"2013-11-26T12:06:12.100Z","age":10},"phone":"(203) 699-6369","cell":"(615) 555-0594","id":{"name":"SSN","value":"100-44-3933"},"picture":{"large":"https://randomuser.me/api/portraits/men/58.jpg","medium":"https://randomuser.me/api/portraits/med/men/58.jpg","thumbnail":"https://randomuser.me/api/portraits/thumb/men/58.jpg"},"nat":"US"}],"info":{"seed":"ef476b54f226d3bb","results":1,"page":1,"version":"1.4"}} 
 </msg>
<msg time="2024-04-10T21:13:13.457119" level="INFO">/opt/hostedtoolcache/Python/3.12.2/x64/lib/python3.12/site-packages/urllib3/connectionpool.py:1103: InsecureRequestWarning: Unverified HTTPS request is being made to host 'randomuser.me'. Adding certificate verification is strongly advised. See: https://urllib3.readthedocs.io/en/latest/advanced-usage.html#tls-warnings
  warnings.warn(</msg>
<msg time="2024-04-10T21:13:13.457272" level="INFO">${response} = &lt;Response [200]&gt;</msg>
<var>${response}</var>
<arg>consultarAPI</arg>
<arg>/api</arg>
<doc>Sends a GET request on a previously created HTTP Session.</doc>
<status status="PASS" start="2024-04-10T21:13:13.110616" elapsed="0.346706"/>
</kw>
<kw name="Set Variable" owner="BuiltIn">
<msg time="2024-04-10T21:13:13.458612" level="INFO">${json_data} = {'results': [{'gender': 'male', 'name': {'title': 'Mr', 'first': 'Troy', 'last': 'Hanson'}, 'location': {'street': {'number': 785, 'name': 'Crockett St'}, 'city': 'Evansville', 'state': 'Tennessee', '...</msg>
<var>${json_data}</var>
<arg>${response.json()}</arg>
<doc>Returns the given values which can then be assigned to a variables.</doc>
<status status="PASS" start="2024-04-10T21:13:13.458006" elapsed="0.000634"/>
</kw>
<kw name="Set Variable" owner="BuiltIn">
<msg time="2024-04-10T21:13:13.459378" level="INFO">${name_title} = Mr</msg>
<var>${name_title}</var>
<arg>${json_data["results"][0]["name"]["title"]}</arg>
<doc>Returns the given values which can then be assigned to a variables.</doc>
<status status="PASS" start="2024-04-10T21:13:13.458978" elapsed="0.000425"/>
</kw>
<kw name="Create List" owner="BuiltIn">
<msg time="2024-04-10T21:13:13.459859" level="INFO">${allowed_titles} = ['Mr', 'Ms', 'Miss', 'Mrs', 'Madame', 'Monsieur']</msg>
<var>${allowed_titles}</var>
<arg>Mr</arg>
<arg>Ms</arg>
<arg>Miss</arg>
<arg>Mrs</arg>
<arg>Madame</arg>
<arg>Monsieur</arg>
<doc>Returns a list containing given items.</doc>
<status status="PASS" start="2024-04-10T21:13:13.459709" elapsed="0.000174"/>
</kw>
<kw name="List Should Contain Value" owner="Collections">
<msg time="2024-04-10T21:13:13.460367" level="INFO">False</msg>
<arg>${allowed_titles}</arg>
<arg>${name_title}</arg>
<doc>Fails if the ``value`` is not found from ``list``.</doc>
<status status="PASS" start="2024-04-10T21:13:13.460191" elapsed="0.000215"/>
</kw>
<kw name="Set Variable" owner="BuiltIn">
<msg time="2024-04-10T21:13:13.461082" level="INFO">${name_country} = US</msg>
<var>${name_country}</var>
<arg>${json_data["results"][0]["nat"]}</arg>
<doc>Returns the given values which can then be assigned to a variables.</doc>
<status status="PASS" start="2024-04-10T21:13:13.460702" elapsed="0.000405"/>
</kw>
<kw name="Create List" owner="BuiltIn">
<msg time="2024-04-10T21:13:13.462006" level="INFO">${list_country} = ['AD', 'AE', 'AF', 'AG', 'AI', 'AL', 'AM', 'AO', 'AQ', 'AR', 'AS', 'AT', 'AU', 'AW', 'AX', 'AZ', 'BA', 'BB', 'BD', 'BE', 'BF', 'BG', 'BH', 'BI', 'BJ', 'BL', 'BM', 'BN', 'BO', 'BQ', 'BR', 'BS', 'BT', '...</msg>
<var>${list_country}</var>
<arg>AD</arg>
<arg>AE</arg>
<arg>AF</arg>
<arg>AG</arg>
<arg>AI</arg>
<arg>AL</arg>
<arg>AM</arg>
<arg>AO</arg>
<arg>AQ</arg>
<arg>AR</arg>
<arg>AS</arg>
<arg>AT</arg>
<arg>AU</arg>
<arg>AW</arg>
<arg>AX</arg>
<arg>AZ</arg>
<arg>BA</arg>
<arg>BB</arg>
<arg>BD</arg>
<arg>BE</arg>
<arg>BF</arg>
<arg>BG</arg>
<arg>BH</arg>
<arg>BI</arg>
<arg>BJ</arg>
<arg>BL</arg>
<arg>BM</arg>
<arg>BN</arg>
<arg>BO</arg>
<arg>BQ</arg>
<arg>BR</arg>
<arg>BS</arg>
<arg>BT</arg>
<arg>BV</arg>
<arg>BW</arg>
<arg>BY</arg>
<arg>BZ</arg>
<arg>CA</arg>
<arg>CC</arg>
<arg>CD</arg>
<arg>CF</arg>
<arg>CG</arg>
<arg>CH</arg>
<arg>CI</arg>
<arg>CK</arg>
<arg>CL</arg>
<arg>CM</arg>
<arg>CN</arg>
<arg>CO</arg>
<arg>CR</arg>
<arg>CU</arg>
<arg>CV</arg>
<arg>CW</arg>
<arg>CX</arg>
<arg>CY</arg>
<arg>CZ</arg>
<arg>DE</arg>
<arg>DJ</arg>
<arg>DK</arg>
<arg>DM</arg>
<arg>DO</arg>
<arg>DZ</arg>
<arg>EC</arg>
<arg>EE</arg>
<arg>EG</arg>
<arg>EH</arg>
<arg>ER</arg>
<arg>ES</arg>
<arg>ET</arg>
<arg>FI</arg>
<arg>FJ</arg>
<arg>FK</arg>
<arg>FM</arg>
<arg>FO</arg>
<arg>FR</arg>
<arg>GA</arg>
<arg>GB</arg>
<arg>GD</arg>
<arg>GE</arg>
<arg>GF</arg>
<arg>GG</arg>
<arg>GH</arg>
<arg>GI</arg>
<arg>GL</arg>
<arg>GM</arg>
<arg>GN</arg>
<arg>GP</arg>
<arg>GQ</arg>
<arg>GR</arg>
<arg>GS</arg>
<arg>GT</arg>
<arg>GU</arg>
<arg>GW</arg>
<arg>GY</arg>
<arg>HK</arg>
<arg>HM</arg>
<arg>HN</arg>
<arg>HR</arg>
<arg>HT</arg>
<arg>HU</arg>
<arg>ID</arg>
<arg>IE</arg>
<arg>IL</arg>
<arg>IM</arg>
<arg>IN</arg>
<arg>IO</arg>
<arg>IQ</arg>
<arg>IR</arg>
<arg>IS</arg>
<arg>IT</arg>
<arg>JE</arg>
<arg>JM</arg>
<arg>JO</arg>
<arg>JP</arg>
<arg>KE</arg>
<arg>KG</arg>
<arg>KH</arg>
<arg>KI</arg>
<arg>KM</arg>
<arg>KN</arg>
<arg>KP</arg>
<arg>KR</arg>
<arg>KW</arg>
<arg>KY</arg>
<arg>KZ</arg>
<arg>LA</arg>
<arg>LB</arg>
<arg>LC</arg>
<arg>LI</arg>
<arg>LK</arg>
<arg>LR</arg>
<arg>LS</arg>
<arg>LT</arg>
<arg>LU</arg>
<arg>LV</arg>
<arg>LY</arg>
<arg>MA</arg>
<arg>MC</arg>
<arg>MD</arg>
<arg>ME</arg>
<arg>MF</arg>
<arg>MG</arg>
<arg>MH</arg>
<arg>MK</arg>
<arg>ML</arg>
<arg>MM</arg>
<arg>MN</arg>
<arg>MO</arg>
<arg>MP</arg>
<arg>MQ</arg>
<arg>MR</arg>
<arg>MS</arg>
<arg>MT</arg>
<arg>MU</arg>
<arg>MV</arg>
<arg>MW</arg>
<arg>MX</arg>
<arg>MY</arg>
<arg>MZ</arg>
<arg>NA</arg>
<arg>NC</arg>
<arg>NE</arg>
<arg>NF</arg>
<arg>NG</arg>
<arg>NI</arg>
<arg>NL</arg>
<arg>NO</arg>
<arg>NP</arg>
<arg>NR</arg>
<arg>NU</arg>
<arg>NZ</arg>
<arg>OM</arg>
<arg>PA</arg>
<arg>PE</arg>
<arg>PF</arg>
<arg>PG</arg>
<arg>PH</arg>
<arg>PK</arg>
<arg>PL</arg>
<arg>PM</arg>
<arg>PN</arg>
<arg>PR</arg>
<arg>PS</arg>
<arg>PT</arg>
<arg>PW</arg>
<arg>PY</arg>
<arg>QA</arg>
<arg>RE</arg>
<arg>RO</arg>
<arg>RS</arg>
<arg>RU</arg>
<arg>RW</arg>
<arg>SA</arg>
<arg>SB</arg>
<arg>SC</arg>
<arg>SD</arg>
<arg>SE</arg>
<arg>SG</arg>
<arg>SH</arg>
<arg>SI</arg>
<arg>SJ</arg>
<arg>SK</arg>
<arg>SL</arg>
<arg>SM</arg>
<arg>SN</arg>
<arg>SO</arg>
<arg>SR</arg>
<arg>SS</arg>
<arg>ST</arg>
<arg>SV</arg>
<arg>SX</arg>
<arg>SY</arg>
<arg>SZ</arg>
<arg>TC</arg>
<arg>TD</arg>
<arg>TF</arg>
<arg>TG</arg>
<arg>TH</arg>
<arg>TJ</arg>
<arg>TK</arg>
<arg>TL</arg>
<arg>TM</arg>
<arg>TN</arg>
<arg>TO</arg>
<arg>TR</arg>
<arg>TT</arg>
<arg>TV</arg>
<arg>TW</arg>
<arg>TZ</arg>
<arg>UA</arg>
<arg>UG</arg>
<arg>UM</arg>
<arg>US</arg>
<arg>UY</arg>
<arg>UZ</arg>
<arg>VA</arg>
<arg>VC</arg>
<arg>VE</arg>
<arg>VG</arg>
<arg>VI</arg>
<arg>VN</arg>
<arg>VU</arg>
<arg>WF</arg>
<arg>WS</arg>
<arg>XK</arg>
<arg>YE</arg>
<arg>YT</arg>
<arg>ZA</arg>
<arg>ZM</arg>
<arg>ZW</arg>
<doc>Returns a list containing given items.</doc>
<status status="PASS" start="2024-04-10T21:13:13.461409" elapsed="0.000623"/>
</kw>
<kw name="List Should Contain Value" owner="Collections">
<msg time="2024-04-10T21:13:13.463088" level="INFO">False</msg>
<arg>${list_country}</arg>
<arg>${name_country}</arg>
<doc>Fails if the ``value`` is not found from ``list``.</doc>
<status status="PASS" start="2024-04-10T21:13:13.462855" elapsed="0.000276"/>
</kw>
<kw name="Run Keyword If" owner="BuiltIn">
<kw name="Should Be True" owner="BuiltIn">
<arg>${True}</arg>
<doc>Fails if the given condition is not true.</doc>
<status status="PASS" start="2024-04-10T21:13:13.464562" elapsed="0.000189"/>
</kw>
<arg>${json_data["results"][0]["location"]["coordinates"]["latitude"]} &gt;= -90 and ${json_data["results"][0]["location"]["coordinates"]["latitude"]} &lt;= 90</arg>
<arg>Should Be True</arg>
<arg>${True}</arg>
<doc>Runs the given keyword with the given arguments, if ``condition`` is true.</doc>
<status status="PASS" start="2024-04-10T21:13:13.463474" elapsed="0.001434"/>
</kw>
<kw name="Run Keyword If" owner="BuiltIn">
<kw name="Should Be True" owner="BuiltIn">
<arg>${True}</arg>
<doc>Fails if the given condition is not true.</doc>
<status status="PASS" start="2024-04-10T21:13:13.465993" elapsed="0.000169"/>
</kw>
<arg>${json_data["results"][0]["location"]["coordinates"]["longitude"]} &gt;= -180 and ${json_data["results"][0]["location"]["coordinates"]["longitude"]} &lt;= 180</arg>
<arg>Should Be True</arg>
<arg>${True}</arg>
<doc>Runs the given keyword with the given arguments, if ``condition`` is true.</doc>
<status status="PASS" start="2024-04-10T21:13:13.465135" elapsed="0.001180"/>
</kw>
<status status="PASS" start="2024-04-10T21:13:13.110346" elapsed="0.356168"/>
</kw>
<doc>Testa o conteúdo específico dos campos retornados pela API.</doc>
<tag>testeConteudo</tag>
<status status="PASS" start="2024-04-10T21:13:13.109781" elapsed="0.356926"/>
</test>
<status status="PASS" start="2024-04-10T21:13:12.286625" elapsed="1.182035"/>
</suite>
<status status="PASS" start="2024-04-10T21:13:12.272426" elapsed="1.201930"/>
</suite>
<statistics>
<total>
<stat pass="5" fail="0" skip="0">All Tests</stat>
</total>
<tag>
<stat pass="1" fail="0" skip="0">testeConteudo</stat>
<stat pass="1" fail="0" skip="0">testeEstruturaResposta</stat>
<stat pass="1" fail="0" skip="0">testeRequisicaoBasica</stat>
<stat pass="1" fail="0" skip="0">testeTiposDados</stat>
</tag>
<suite>
<stat pass="5" fail="0" skip="0" id="s1" name="Tests">Tests</stat>
<stat pass="5" fail="0" skip="0" id="s1-s1" name="Random-User-Test">Tests.Random-User-Test</stat>
</suite>
</statistics>
<errors>
</errors>
</robot>
