<?xml version="1.0" encoding="UTF-8"?>
<robot generator="Robot 7.0.1 (Python 3.12.4 on linux)" generated="2024-07-26T16:19:26.497162" rpa="false" schemaversion="5">
<suite id="s1" name="Tests" source="/home/runner/work/ApiRandomUser/ApiRandomUser/RamdonUser/tests">
<suite id="s1-s1" name="Random-User-Test" source="/home/runner/work/ApiRandomUser/ApiRandomUser/RamdonUser/tests/random-user-test.robot">
<test id="s1-s1-t1" name="Conectar" line="13">
<kw name="Conectar API" owner="random-user-service">
<kw name="Create Session" owner="RequestsLibrary">
<msg time="2024-07-26T16:19:26.984729" level="INFO">Creating Session using : alias=consultarAPI, url=https://randomuser.me/, headers={},                     cookies={}, auth=None, timeout=None, proxies=None, verify=False,                     debug=0 </msg>
<arg>consultarAPI</arg>
<arg>${URL}</arg>
<doc>Create Session: create a HTTP session to a server</doc>
<status status="PASS" start="2024-07-26T16:19:26.984529" elapsed="0.000401"/>
</kw>
<status status="PASS" start="2024-07-26T16:19:26.983477" elapsed="0.001859"/>
</kw>
<status status="PASS" start="2024-07-26T16:19:26.982913" elapsed="0.002619"/>
</test>
<test id="s1-s1-t2" name="Validar retorno 200 e JSON Válido" line="16">
<kw name="Teste de Requisicao Basica" owner="random-user-service">
<kw name="GET On Session" owner="RequestsLibrary">
<msg time="2024-07-26T16:19:27.148040" level="INFO">GET Request : url=https://randomuser.me/api 
 path_url=/api 
 headers={'User-Agent': 'python-requests/2.32.3', 'Accept-Encoding': 'gzip, deflate', 'Accept': '*/*', 'Connection': 'keep-alive'} 
 body=None 
 </msg>
<msg time="2024-07-26T16:19:27.148229" level="INFO">GET Response : url=https://randomuser.me/api 
 status=200, reason=OK 
 headers={'Date': 'Fri, 26 Jul 2024 16:19:27 GMT', 'Content-Type': 'application/json; charset=utf-8', 'Transfer-Encoding': 'chunked', 'Connection': 'keep-alive', 'X-Powered-By': 'Express', 'Access-Control-Allow-Origin': '*', 'Cache-Control': 'no-cache', 'ETag': 'W/"47f-+ZvjxWoLNqH+DP/MZ/X2G4MJ7Xg"', 'Vary': 'Accept-Encoding', 'Content-Encoding': 'gzip', 'CF-Cache-Status': 'DYNAMIC', 'Report-To': '{"endpoints":[{"url":"https:\\/\\/a.nel.cloudflare.com\\/report\\/v4?s=wyx%2Ff3BL2hIgvll90toqVliFJIoywOIILFljWOkWbIttKcDvFsZ9ZN5kM7QUzxyeB0R0cmnw2QpJ4vv%2BnZidGW5UPG5UL8ZRfpTrpU9V5mTEmcNHyyXsoPHpTyKZDzj1"}],"group":"cf-nel","max_age":604800}', 'NEL': '{"success_fraction":0,"report_to":"cf-nel","max_age":604800}', 'Server': 'cloudflare', 'CF-RAY': '8a95b61e08733143-LAX', 'alt-svc': 'h3=":443"; ma=86400'} 
 body={"results":[{"gender":"male","name":{"title":"Mr","first":"Jonathan","last":"Olsen"},"location":{"street":{"number":1882,"name":"Solvangsvej"},"city":"Branderup J","state":"Syddanmark","country":"Denmark","postcode":86103,"coordinates":{"latitude":"-46.5924","longitude":"-155.0036"},"timezone":{"offset":"-12:00","description":"Eniwetok, Kwajalein"}},"email":"jonathan.olsen@example.com","login":{"uuid":"7b03c2fd-80f3-4430-8b71-eb2df367a635","username":"lazybutterfly892","password":"pizzas","salt":"Gb0ntpdF","md5":"d491292fafde3c7190005cdd90b4cffb","sha1":"b07ca44f880a9ff214670ad2cd7bb198c8c7a6a7","sha256":"3f2fe2bae22c3bc814fdd83cfca47b171fad5eab7a512ca8908050f5b03a1fbd"},"dob":{"date":"1986-09-14T07:43:43.113Z","age":37},"registered":{"date":"2005-07-24T20:07:11.866Z","age":19},"phone":"92446313","cell":"41944784","id":{"name":"CPR","value":"140986-9475"},"picture":{"large":"https://randomuser.me/api/portraits/men/84.jpg","medium":"https://randomuser.me/api/portraits/med/men/84.jpg","thumbnail":"https://randomuser.me/api/portraits/thumb/men/84.jpg"},"nat":"DK"}],"info":{"seed":"7763cc334f1d9f03","results":1,"page":1,"version":"1.4"}} 
 </msg>
<msg time="2024-07-26T16:19:27.148327" level="INFO">/opt/hostedtoolcache/Python/3.12.4/x64/lib/python3.12/site-packages/urllib3/connectionpool.py:1099: InsecureRequestWarning: Unverified HTTPS request is being made to host 'randomuser.me'. Adding certificate verification is strongly advised. See: https://urllib3.readthedocs.io/en/latest/advanced-usage.html#tls-warnings
  warnings.warn(</msg>
<msg time="2024-07-26T16:19:27.148485" level="INFO">${response} = &lt;Response [200]&gt;</msg>
<var>${response}</var>
<arg>consultarAPI</arg>
<arg>/api</arg>
<doc>Sends a GET request on a previously created HTTP Session.</doc>
<status status="PASS" start="2024-07-26T16:19:26.988176" elapsed="0.160353"/>
</kw>
<kw name="Should Be Equal As Numbers" owner="BuiltIn">
<msg time="2024-07-26T16:19:27.149570" level="INFO">Argument types are:
&lt;class 'int'&gt;
&lt;class 'str'&gt;</msg>
<arg>${response.status_code}</arg>
<arg>200</arg>
<doc>Fails if objects are unequal after converting them to real numbers.</doc>
<status status="PASS" start="2024-07-26T16:19:27.149094" elapsed="0.000540"/>
</kw>
<kw name="Log" owner="BuiltIn">
<msg time="2024-07-26T16:19:27.150328" level="INFO">200</msg>
<arg>${response.status_code}</arg>
<doc>Logs the given message with the given level.</doc>
<status status="PASS" start="2024-07-26T16:19:27.149957" elapsed="0.000415"/>
</kw>
<kw name="Set Variable" owner="BuiltIn">
<msg time="2024-07-26T16:19:27.151161" level="INFO">${json_data} = {'results': [{'gender': 'male', 'name': {'title': 'Mr', 'first': 'Jonathan', 'last': 'Olsen'}, 'location': {'street': {'number': 1882, 'name': 'Solvangsvej'}, 'city': 'Branderup J', 'state': 'Syddanma...</msg>
<var>${json_data}</var>
<arg>${response.json()}</arg>
<doc>Returns the given values which can then be assigned to a variables.</doc>
<status status="PASS" start="2024-07-26T16:19:27.150684" elapsed="0.000505"/>
</kw>
<kw name="Dictionary Should Contain Key" owner="Collections">
<arg>${json_data}</arg>
<arg>results</arg>
<doc>Fails if ``key`` is not found from ``dictionary``.</doc>
<status status="PASS" start="2024-07-26T16:19:27.151503" elapsed="0.000331"/>
</kw>
<status status="PASS" start="2024-07-26T16:19:26.987931" elapsed="0.164059"/>
</kw>
<doc>Testa se a API responde corretamente e retorna um objeto JSON válido.</doc>
<tag>testeRequisicaoBasica</tag>
<status status="PASS" start="2024-07-26T16:19:26.987466" elapsed="0.164702"/>
</test>
<test id="s1-s1-t3" name="Validar estrutura de resposta" line="22">
<kw name="Teste de Estrutura de Resposta" owner="random-user-service">
<kw name="GET On Session" owner="RequestsLibrary">
<msg time="2024-07-26T16:19:27.257510" level="INFO">GET Request : url=https://randomuser.me/api 
 path_url=/api 
 headers={'User-Agent': 'python-requests/2.32.3', 'Accept-Encoding': 'gzip, deflate', 'Accept': '*/*', 'Connection': 'keep-alive'} 
 body=None 
 </msg>
<msg time="2024-07-26T16:19:27.257622" level="INFO">GET Response : url=https://randomuser.me/api 
 status=200, reason=OK 
 headers={'Date': 'Fri, 26 Jul 2024 16:19:27 GMT', 'Content-Type': 'application/json; charset=utf-8', 'Transfer-Encoding': 'chunked', 'Connection': 'keep-alive', 'X-Powered-By': 'Express', 'Access-Control-Allow-Origin': '*', 'Cache-Control': 'no-cache', 'ETag': 'W/"4a5-95AUF5kaZSQayNdVjVOz175yHE4"', 'Vary': 'Accept-Encoding', 'Content-Encoding': 'gzip', 'CF-Cache-Status': 'DYNAMIC', 'Report-To': '{"endpoints":[{"url":"https:\\/\\/a.nel.cloudflare.com\\/report\\/v4?s=mE1NMcB%2BxkAu3g%2F6gdTZlimuJhf5RnR40kN%2BzAOOn%2F80bfAlcLms5Am6dcTo38%2Fe2SnHEunEfLwCVl71OR8GbH%2B0HZagFu0kcN1e9mTqFmLRAJwqeVJZbGlOzSEp%2FA44"}],"group":"cf-nel","max_age":604800}', 'NEL': '{"success_fraction":0,"report_to":"cf-nel","max_age":604800}', 'Server': 'cloudflare', 'CF-RAY': '8a95b61eb8f33143-LAX', 'alt-svc': 'h3=":443"; ma=86400'} 
 body={"results":[{"gender":"female","name":{"title":"Mrs","first":"José","last":"Moya"},"location":{"street":{"number":2209,"name":"Calle de Bravo Murillo"},"city":"Parla","state":"Extremadura","country":"Spain","postcode":41426,"coordinates":{"latitude":"-37.8646","longitude":"179.9632"},"timezone":{"offset":"0:00","description":"Western Europe Time, London, Lisbon, Casablanca"}},"email":"jose.moya@example.com","login":{"uuid":"79a736a9-5820-4762-a1a1-6eb3b2536a81","username":"beautifulgorilla932","password":"noodles","salt":"FjaCBl5e","md5":"4fd0be9fe5f02edb1aea0f6e509f2080","sha1":"d4a71869f347216442ffdd74d43cac96b687790f","sha256":"837b2db68e68c732b6c84e6f5f81029a1c06e24bbc1c452bfd4fb056c4a0a43c"},"dob":{"date":"1984-03-25T05:09:29.437Z","age":40},"registered":{"date":"2007-03-02T05:05:42.968Z","age":17},"phone":"913-236-509","cell":"605-187-909","id":{"name":"DNI","value":"36409341-P"},"picture":{"large":"https://randomuser.me/api/portraits/women/68.jpg","medium":"https://randomuser.me/api/portraits/med/women/68.jpg","thumbnail":"https://randomuser.me/api/portraits/thumb/women/68.jpg"},"nat":"ES"}],"info":{"seed":"ac5a380aa1065ad1","results":1,"page":1,"version":"1.4"}} 
 </msg>
<msg time="2024-07-26T16:19:27.257747" level="INFO">/opt/hostedtoolcache/Python/3.12.4/x64/lib/python3.12/site-packages/urllib3/connectionpool.py:1099: InsecureRequestWarning: Unverified HTTPS request is being made to host 'randomuser.me'. Adding certificate verification is strongly advised. See: https://urllib3.readthedocs.io/en/latest/advanced-usage.html#tls-warnings
  warnings.warn(</msg>
<msg time="2024-07-26T16:19:27.257860" level="INFO">${response} = &lt;Response [200]&gt;</msg>
<var>${response}</var>
<arg>consultarAPI</arg>
<arg>/api</arg>
<doc>Sends a GET request on a previously created HTTP Session.</doc>
<status status="PASS" start="2024-07-26T16:19:27.154792" elapsed="0.103107"/>
</kw>
<kw name="Set Variable" owner="BuiltIn">
<msg time="2024-07-26T16:19:27.258960" level="INFO">${json_data} = {'results': [{'gender': 'female', 'name': {'title': 'Mrs', 'first': 'José', 'last': 'Moya'}, 'location': {'street': {'number': 2209, 'name': 'Calle de Bravo Murillo'}, 'city': 'Parla', 'state': 'Extre...</msg>
<var>${json_data}</var>
<arg>${response.json()}</arg>
<doc>Returns the given values which can then be assigned to a variables.</doc>
<status status="PASS" start="2024-07-26T16:19:27.258384" elapsed="0.000613"/>
</kw>
<kw name="Log" owner="BuiltIn">
<msg time="2024-07-26T16:19:27.259489" level="INFO">{'results': [{'gender': 'female', 'name': {'title': 'Mrs', 'first': 'José', 'last': 'Moya'}, 'location': {'street': {'number': 2209, 'name': 'Calle de Bravo Murillo'}, 'city': 'Parla', 'state': 'Extremadura', 'country': 'Spain', 'postcode': 41426, 'coordinates': {'latitude': '-37.8646', 'longitude': '179.9632'}, 'timezone': {'offset': '0:00', 'description': 'Western Europe Time, London, Lisbon, Casablanca'}}, 'email': 'jose.moya@example.com', 'login': {'uuid': '79a736a9-5820-4762-a1a1-6eb3b2536a81', 'username': 'beautifulgorilla932', 'password': 'noodles', 'salt': 'FjaCBl5e', 'md5': '4fd0be9fe5f02edb1aea0f6e509f2080', 'sha1': 'd4a71869f347216442ffdd74d43cac96b687790f', 'sha256': '837b2db68e68c732b6c84e6f5f81029a1c06e24bbc1c452bfd4fb056c4a0a43c'}, 'dob': {'date': '1984-03-25T05:09:29.437Z', 'age': 40}, 'registered': {'date': '2007-03-02T05:05:42.968Z', 'age': 17}, 'phone': '913-236-509', 'cell': '605-187-909', 'id': {'name': 'DNI', 'value': '36409341-P'}, 'picture': {'large': 'https://randomuser.me/api/portraits/women/68.jpg', 'medium': 'https://randomuser.me/api/portraits/med/women/68.jpg', 'thumbnail': 'https://randomuser.me/api/portraits/thumb/women/68.jpg'}, 'nat': 'ES'}], 'info': {'seed': 'ac5a380aa1065ad1', 'results': 1, 'page': 1, 'version': '1.4'}}</msg>
<arg>${json_data}</arg>
<doc>Logs the given message with the given level.</doc>
<status status="PASS" start="2024-07-26T16:19:27.259316" elapsed="0.000225"/>
</kw>
<kw name="Dictionary Should Contain Key" owner="Collections">
<arg>${json_data}</arg>
<arg>results</arg>
<doc>Fails if ``key`` is not found from ``dictionary``.</doc>
<status status="PASS" start="2024-07-26T16:19:27.259852" elapsed="0.000167"/>
</kw>
<kw name="Should Not Be Empty" owner="BuiltIn">
<msg time="2024-07-26T16:19:27.260334" level="INFO">Length is 2.</msg>
<arg>${json_data}</arg>
<doc>Verifies that the given item is not empty.</doc>
<status status="PASS" start="2024-07-26T16:19:27.260206" elapsed="0.000167"/>
</kw>
<kw name="Create List" owner="BuiltIn">
<msg time="2024-07-26T16:19:27.260823" level="INFO">${expected_keys} = ['gender', 'name', 'location', 'email', 'login']</msg>
<var>${expected_keys}</var>
<arg>gender</arg>
<arg>name</arg>
<arg>location</arg>
<arg>email</arg>
<arg>login</arg>
<doc>Returns a list containing given items.</doc>
<status status="PASS" start="2024-07-26T16:19:27.260662" elapsed="0.000186"/>
</kw>
<for flavor="IN">
<iter>
<kw name="Dictionary Should Contain Key" owner="Collections">
<arg>${json_data['results'][0]}</arg>
<arg>${key}</arg>
<doc>Fails if ``key`` is not found from ``dictionary``.</doc>
<status status="PASS" start="2024-07-26T16:19:27.261443" elapsed="0.000410"/>
</kw>
<kw name="Log" owner="BuiltIn">
<msg time="2024-07-26T16:19:27.262401" level="INFO">{'gender': 'female', 'name': {'title': 'Mrs', 'first': 'José', 'last': 'Moya'}, 'location': {'street': {'number': 2209, 'name': 'Calle de Bravo Murillo'}, 'city': 'Parla', 'state': 'Extremadura', 'country': 'Spain', 'postcode': 41426, 'coordinates': {'latitude': '-37.8646', 'longitude': '179.9632'}, 'timezone': {'offset': '0:00', 'description': 'Western Europe Time, London, Lisbon, Casablanca'}}, 'email': 'jose.moya@example.com', 'login': {'uuid': '79a736a9-5820-4762-a1a1-6eb3b2536a81', 'username': 'beautifulgorilla932', 'password': 'noodles', 'salt': 'FjaCBl5e', 'md5': '4fd0be9fe5f02edb1aea0f6e509f2080', 'sha1': 'd4a71869f347216442ffdd74d43cac96b687790f', 'sha256': '837b2db68e68c732b6c84e6f5f81029a1c06e24bbc1c452bfd4fb056c4a0a43c'}, 'dob': {'date': '1984-03-25T05:09:29.437Z', 'age': 40}, 'registered': {'date': '2007-03-02T05:05:42.968Z', 'age': 17}, 'phone': '913-236-509', 'cell': '605-187-909', 'id': {'name': 'DNI', 'value': '36409341-P'}, 'picture': {'large': 'https://randomuser.me/api/portraits/women/68.jpg', 'medium': 'https://randomuser.me/api/portraits/med/women/68.jpg', 'thumbnail': 'https://randomuser.me/api/portraits/thumb/women/68.jpg'}, 'nat': 'ES'}</msg>
<arg>${json_data['results'][0]}</arg>
<doc>Logs the given message with the given level.</doc>
<status status="PASS" start="2024-07-26T16:19:27.262042" elapsed="0.000411"/>
</kw>
<kw name="Log" owner="BuiltIn">
<msg time="2024-07-26T16:19:27.262919" level="INFO">gender</msg>
<arg>${key}</arg>
<doc>Logs the given message with the given level.</doc>
<status status="PASS" start="2024-07-26T16:19:27.262757" elapsed="0.000202"/>
</kw>
<var name="${key}">gender</var>
<status status="PASS" start="2024-07-26T16:19:27.261314" elapsed="0.001868"/>
</iter>
<iter>
<kw name="Dictionary Should Contain Key" owner="Collections">
<arg>${json_data['results'][0]}</arg>
<arg>${key}</arg>
<doc>Fails if ``key`` is not found from ``dictionary``.</doc>
<status status="PASS" start="2024-07-26T16:19:27.263487" elapsed="0.000405"/>
</kw>
<kw name="Log" owner="BuiltIn">
<msg time="2024-07-26T16:19:27.264491" level="INFO">{'gender': 'female', 'name': {'title': 'Mrs', 'first': 'José', 'last': 'Moya'}, 'location': {'street': {'number': 2209, 'name': 'Calle de Bravo Murillo'}, 'city': 'Parla', 'state': 'Extremadura', 'country': 'Spain', 'postcode': 41426, 'coordinates': {'latitude': '-37.8646', 'longitude': '179.9632'}, 'timezone': {'offset': '0:00', 'description': 'Western Europe Time, London, Lisbon, Casablanca'}}, 'email': 'jose.moya@example.com', 'login': {'uuid': '79a736a9-5820-4762-a1a1-6eb3b2536a81', 'username': 'beautifulgorilla932', 'password': 'noodles', 'salt': 'FjaCBl5e', 'md5': '4fd0be9fe5f02edb1aea0f6e509f2080', 'sha1': 'd4a71869f347216442ffdd74d43cac96b687790f', 'sha256': '837b2db68e68c732b6c84e6f5f81029a1c06e24bbc1c452bfd4fb056c4a0a43c'}, 'dob': {'date': '1984-03-25T05:09:29.437Z', 'age': 40}, 'registered': {'date': '2007-03-02T05:05:42.968Z', 'age': 17}, 'phone': '913-236-509', 'cell': '605-187-909', 'id': {'name': 'DNI', 'value': '36409341-P'}, 'picture': {'large': 'https://randomuser.me/api/portraits/women/68.jpg', 'medium': 'https://randomuser.me/api/portraits/med/women/68.jpg', 'thumbnail': 'https://randomuser.me/api/portraits/thumb/women/68.jpg'}, 'nat': 'ES'}</msg>
<arg>${json_data['results'][0]}</arg>
<doc>Logs the given message with the given level.</doc>
<status status="PASS" start="2024-07-26T16:19:27.264113" elapsed="0.000428"/>
</kw>
<kw name="Log" owner="BuiltIn">
<msg time="2024-07-26T16:19:27.264971" level="INFO">name</msg>
<arg>${key}</arg>
<doc>Logs the given message with the given level.</doc>
<status status="PASS" start="2024-07-26T16:19:27.264841" elapsed="0.000169"/>
</kw>
<var name="${key}">name</var>
<status status="PASS" start="2024-07-26T16:19:27.263374" elapsed="0.001866"/>
</iter>
<iter>
<kw name="Dictionary Should Contain Key" owner="Collections">
<arg>${json_data['results'][0]}</arg>
<arg>${key}</arg>
<doc>Fails if ``key`` is not found from ``dictionary``.</doc>
<status status="PASS" start="2024-07-26T16:19:27.265531" elapsed="0.000379"/>
</kw>
<kw name="Log" owner="BuiltIn">
<msg time="2024-07-26T16:19:27.266458" level="INFO">{'gender': 'female', 'name': {'title': 'Mrs', 'first': 'José', 'last': 'Moya'}, 'location': {'street': {'number': 2209, 'name': 'Calle de Bravo Murillo'}, 'city': 'Parla', 'state': 'Extremadura', 'country': 'Spain', 'postcode': 41426, 'coordinates': {'latitude': '-37.8646', 'longitude': '179.9632'}, 'timezone': {'offset': '0:00', 'description': 'Western Europe Time, London, Lisbon, Casablanca'}}, 'email': 'jose.moya@example.com', 'login': {'uuid': '79a736a9-5820-4762-a1a1-6eb3b2536a81', 'username': 'beautifulgorilla932', 'password': 'noodles', 'salt': 'FjaCBl5e', 'md5': '4fd0be9fe5f02edb1aea0f6e509f2080', 'sha1': 'd4a71869f347216442ffdd74d43cac96b687790f', 'sha256': '837b2db68e68c732b6c84e6f5f81029a1c06e24bbc1c452bfd4fb056c4a0a43c'}, 'dob': {'date': '1984-03-25T05:09:29.437Z', 'age': 40}, 'registered': {'date': '2007-03-02T05:05:42.968Z', 'age': 17}, 'phone': '913-236-509', 'cell': '605-187-909', 'id': {'name': 'DNI', 'value': '36409341-P'}, 'picture': {'large': 'https://randomuser.me/api/portraits/women/68.jpg', 'medium': 'https://randomuser.me/api/portraits/med/women/68.jpg', 'thumbnail': 'https://randomuser.me/api/portraits/thumb/women/68.jpg'}, 'nat': 'ES'}</msg>
<arg>${json_data['results'][0]}</arg>
<doc>Logs the given message with the given level.</doc>
<status status="PASS" start="2024-07-26T16:19:27.266101" elapsed="0.000408"/>
</kw>
<kw name="Log" owner="BuiltIn">
<msg time="2024-07-26T16:19:27.266980" level="INFO">location</msg>
<arg>${key}</arg>
<doc>Logs the given message with the given level.</doc>
<status status="PASS" start="2024-07-26T16:19:27.266841" elapsed="0.000179"/>
</kw>
<var name="${key}">location</var>
<status status="PASS" start="2024-07-26T16:19:27.265422" elapsed="0.001818"/>
</iter>
<iter>
<kw name="Dictionary Should Contain Key" owner="Collections">
<arg>${json_data['results'][0]}</arg>
<arg>${key}</arg>
<doc>Fails if ``key`` is not found from ``dictionary``.</doc>
<status status="PASS" start="2024-07-26T16:19:27.267527" elapsed="0.000398"/>
</kw>
<kw name="Log" owner="BuiltIn">
<msg time="2024-07-26T16:19:27.268601" level="INFO">{'gender': 'female', 'name': {'title': 'Mrs', 'first': 'José', 'last': 'Moya'}, 'location': {'street': {'number': 2209, 'name': 'Calle de Bravo Murillo'}, 'city': 'Parla', 'state': 'Extremadura', 'country': 'Spain', 'postcode': 41426, 'coordinates': {'latitude': '-37.8646', 'longitude': '179.9632'}, 'timezone': {'offset': '0:00', 'description': 'Western Europe Time, London, Lisbon, Casablanca'}}, 'email': 'jose.moya@example.com', 'login': {'uuid': '79a736a9-5820-4762-a1a1-6eb3b2536a81', 'username': 'beautifulgorilla932', 'password': 'noodles', 'salt': 'FjaCBl5e', 'md5': '4fd0be9fe5f02edb1aea0f6e509f2080', 'sha1': 'd4a71869f347216442ffdd74d43cac96b687790f', 'sha256': '837b2db68e68c732b6c84e6f5f81029a1c06e24bbc1c452bfd4fb056c4a0a43c'}, 'dob': {'date': '1984-03-25T05:09:29.437Z', 'age': 40}, 'registered': {'date': '2007-03-02T05:05:42.968Z', 'age': 17}, 'phone': '913-236-509', 'cell': '605-187-909', 'id': {'name': 'DNI', 'value': '36409341-P'}, 'picture': {'large': 'https://randomuser.me/api/portraits/women/68.jpg', 'medium': 'https://randomuser.me/api/portraits/med/women/68.jpg', 'thumbnail': 'https://randomuser.me/api/portraits/thumb/women/68.jpg'}, 'nat': 'ES'}</msg>
<arg>${json_data['results'][0]}</arg>
<doc>Logs the given message with the given level.</doc>
<status status="PASS" start="2024-07-26T16:19:27.268232" elapsed="0.000420"/>
</kw>
<kw name="Log" owner="BuiltIn">
<msg time="2024-07-26T16:19:27.269098" level="INFO">email</msg>
<arg>${key}</arg>
<doc>Logs the given message with the given level.</doc>
<status status="PASS" start="2024-07-26T16:19:27.268953" elapsed="0.000184"/>
</kw>
<var name="${key}">email</var>
<status status="PASS" start="2024-07-26T16:19:27.267417" elapsed="0.001954"/>
</iter>
<iter>
<kw name="Dictionary Should Contain Key" owner="Collections">
<arg>${json_data['results'][0]}</arg>
<arg>${key}</arg>
<doc>Fails if ``key`` is not found from ``dictionary``.</doc>
<status status="PASS" start="2024-07-26T16:19:27.269665" elapsed="0.000382"/>
</kw>
<kw name="Log" owner="BuiltIn">
<msg time="2024-07-26T16:19:27.270587" level="INFO">{'gender': 'female', 'name': {'title': 'Mrs', 'first': 'José', 'last': 'Moya'}, 'location': {'street': {'number': 2209, 'name': 'Calle de Bravo Murillo'}, 'city': 'Parla', 'state': 'Extremadura', 'country': 'Spain', 'postcode': 41426, 'coordinates': {'latitude': '-37.8646', 'longitude': '179.9632'}, 'timezone': {'offset': '0:00', 'description': 'Western Europe Time, London, Lisbon, Casablanca'}}, 'email': 'jose.moya@example.com', 'login': {'uuid': '79a736a9-5820-4762-a1a1-6eb3b2536a81', 'username': 'beautifulgorilla932', 'password': 'noodles', 'salt': 'FjaCBl5e', 'md5': '4fd0be9fe5f02edb1aea0f6e509f2080', 'sha1': 'd4a71869f347216442ffdd74d43cac96b687790f', 'sha256': '837b2db68e68c732b6c84e6f5f81029a1c06e24bbc1c452bfd4fb056c4a0a43c'}, 'dob': {'date': '1984-03-25T05:09:29.437Z', 'age': 40}, 'registered': {'date': '2007-03-02T05:05:42.968Z', 'age': 17}, 'phone': '913-236-509', 'cell': '605-187-909', 'id': {'name': 'DNI', 'value': '36409341-P'}, 'picture': {'large': 'https://randomuser.me/api/portraits/women/68.jpg', 'medium': 'https://randomuser.me/api/portraits/med/women/68.jpg', 'thumbnail': 'https://randomuser.me/api/portraits/thumb/women/68.jpg'}, 'nat': 'ES'}</msg>
<arg>${json_data['results'][0]}</arg>
<doc>Logs the given message with the given level.</doc>
<status status="PASS" start="2024-07-26T16:19:27.270238" elapsed="0.000401"/>
</kw>
<kw name="Log" owner="BuiltIn">
<msg time="2024-07-26T16:19:27.271111" level="INFO">login</msg>
<arg>${key}</arg>
<doc>Logs the given message with the given level.</doc>
<status status="PASS" start="2024-07-26T16:19:27.270977" elapsed="0.000173"/>
</kw>
<var name="${key}">login</var>
<status status="PASS" start="2024-07-26T16:19:27.269547" elapsed="0.001821"/>
</iter>
<var>${key}</var>
<value>@{expected_keys}</value>
<status status="PASS" start="2024-07-26T16:19:27.261119" elapsed="0.010373"/>
</for>
<kw name="Create List" owner="BuiltIn">
<msg time="2024-07-26T16:19:27.271849" level="INFO">${expected_keysTwo} = ['username', 'password']</msg>
<var>${expected_keysTwo}</var>
<arg>username</arg>
<arg>password</arg>
<doc>Returns a list containing given items.</doc>
<status status="PASS" start="2024-07-26T16:19:27.271709" elapsed="0.000164"/>
</kw>
<for flavor="IN">
<iter>
<kw name="Dictionary Should Contain Key" owner="Collections">
<arg>${json_data['results'][0]['login']}</arg>
<arg>${keyTwo}</arg>
<doc>Fails if ``key`` is not found from ``dictionary``.</doc>
<status status="PASS" start="2024-07-26T16:19:27.272404" elapsed="0.000394"/>
</kw>
<kw name="Dictionary Should Contain Key" owner="Collections">
<arg>${json_data['results'][0]['login']}</arg>
<arg>${keyTwo}</arg>
<doc>Fails if ``key`` is not found from ``dictionary``.</doc>
<status status="PASS" start="2024-07-26T16:19:27.272980" elapsed="0.000396"/>
</kw>
<kw name="Log" owner="BuiltIn">
<msg time="2024-07-26T16:19:27.273674" level="INFO">username</msg>
<arg>${keyTwo}</arg>
<doc>Logs the given message with the given level.</doc>
<status status="PASS" start="2024-07-26T16:19:27.273554" elapsed="0.000158"/>
</kw>
<var name="${keyTwo}">username</var>
<status status="PASS" start="2024-07-26T16:19:27.272296" elapsed="0.001634"/>
</iter>
<iter>
<kw name="Dictionary Should Contain Key" owner="Collections">
<arg>${json_data['results'][0]['login']}</arg>
<arg>${keyTwo}</arg>
<doc>Fails if ``key`` is not found from ``dictionary``.</doc>
<status status="PASS" start="2024-07-26T16:19:27.274213" elapsed="0.000378"/>
</kw>
<kw name="Dictionary Should Contain Key" owner="Collections">
<arg>${json_data['results'][0]['login']}</arg>
<arg>${keyTwo}</arg>
<doc>Fails if ``key`` is not found from ``dictionary``.</doc>
<status status="PASS" start="2024-07-26T16:19:27.274782" elapsed="0.000426"/>
</kw>
<kw name="Log" owner="BuiltIn">
<msg time="2024-07-26T16:19:27.275513" level="INFO">password</msg>
<arg>${keyTwo}</arg>
<doc>Logs the given message with the given level.</doc>
<status status="PASS" start="2024-07-26T16:19:27.275386" elapsed="0.000164"/>
</kw>
<var name="${keyTwo}">password</var>
<status status="PASS" start="2024-07-26T16:19:27.274101" elapsed="0.001681"/>
</iter>
<var>${keyTwo}</var>
<value>@{expected_keysTwo}</value>
<status status="PASS" start="2024-07-26T16:19:27.272131" elapsed="0.003773"/>
</for>
<status status="PASS" start="2024-07-26T16:19:27.154556" elapsed="0.121494"/>
</kw>
<doc>Testa a estrutura da resposta da API.</doc>
<tag>testeEstruturaResposta</tag>
<status status="PASS" start="2024-07-26T16:19:27.154042" elapsed="0.122165"/>
</test>
<test id="s1-s1-t4" name="Validar tipos de dados" line="28">
<kw name="Teste de Tipos de Dados" owner="random-user-service">
<kw name="GET On Session" owner="RequestsLibrary">
<msg time="2024-07-26T16:19:27.397391" level="INFO">GET Request : url=https://randomuser.me/api 
 path_url=/api 
 headers={'User-Agent': 'python-requests/2.32.3', 'Accept-Encoding': 'gzip, deflate', 'Accept': '*/*', 'Connection': 'keep-alive'} 
 body=None 
 </msg>
<msg time="2024-07-26T16:19:27.397480" level="INFO">GET Response : url=https://randomuser.me/api 
 status=200, reason=OK 
 headers={'Date': 'Fri, 26 Jul 2024 16:19:27 GMT', 'Content-Type': 'application/json; charset=utf-8', 'Transfer-Encoding': 'chunked', 'Connection': 'keep-alive', 'X-Powered-By': 'Express', 'Access-Control-Allow-Origin': '*', 'Cache-Control': 'no-cache', 'ETag': 'W/"4a6-JnPPyRQtbf8Ics3Ugw+DK8Iz49c"', 'Vary': 'Accept-Encoding', 'Content-Encoding': 'gzip', 'CF-Cache-Status': 'DYNAMIC', 'Report-To': '{"endpoints":[{"url":"https:\\/\\/a.nel.cloudflare.com\\/report\\/v4?s=lXYCzD2DSDMAhsTjsvnTFoFVr%2BLt7qVVP%2FUHl452QYl5uEGj3pU39t8e8fDK5kzZhtfvjoW4LQaGzjff1Y6rtNhf1H4n8iLHc3YBoaANs6iSYSMiAJG8bSZiZAwfB5KS"}],"group":"cf-nel","max_age":604800}', 'NEL': '{"success_fraction":0,"report_to":"cf-nel","max_age":604800}', 'Server': 'cloudflare', 'CF-RAY': '8a95b61f89b73143-LAX', 'alt-svc': 'h3=":443"; ma=86400'} 
 body={"results":[{"gender":"female","name":{"title":"Mrs","first":"Elisa","last":"Lemoine"},"location":{"street":{"number":3505,"name":"Rue du Stade"},"city":"Strasbourg","state":"Guadeloupe","country":"France","postcode":27381,"coordinates":{"latitude":"-17.4170","longitude":"154.0703"},"timezone":{"offset":"+11:00","description":"Magadan, Solomon Islands, New Caledonia"}},"email":"elisa.lemoine@example.com","login":{"uuid":"487f5dd5-3bec-44ee-b786-4b49d4e27f36","username":"happyfish772","password":"killa","salt":"T5Wp53RE","md5":"a642dfdcb0452485088124e600837ef0","sha1":"61d84bb22d70fd99544f00fed13344f04a7d96b4","sha256":"fc8f845f49c7ee3d86feb8acc4810287d55d0105457cc0693015e08f20f281e2"},"dob":{"date":"1961-07-19T06:54:09.649Z","age":63},"registered":{"date":"2014-05-24T02:45:00.933Z","age":10},"phone":"02-91-49-23-48","cell":"06-93-96-07-21","id":{"name":"INSEE","value":"2610684356792 48"},"picture":{"large":"https://randomuser.me/api/portraits/women/82.jpg","medium":"https://randomuser.me/api/portraits/med/women/82.jpg","thumbnail":"https://randomuser.me/api/portraits/thumb/women/82.jpg"},"nat":"FR"}],"info":{"seed":"4f210f297924d34e","results":1,"page":1,"version":"1.4"}} 
 </msg>
<msg time="2024-07-26T16:19:27.397555" level="INFO">/opt/hostedtoolcache/Python/3.12.4/x64/lib/python3.12/site-packages/urllib3/connectionpool.py:1099: InsecureRequestWarning: Unverified HTTPS request is being made to host 'randomuser.me'. Adding certificate verification is strongly advised. See: https://urllib3.readthedocs.io/en/latest/advanced-usage.html#tls-warnings
  warnings.warn(</msg>
<msg time="2024-07-26T16:19:27.397668" level="INFO">${response} = &lt;Response [200]&gt;</msg>
<var>${response}</var>
<arg>consultarAPI</arg>
<arg>/api</arg>
<doc>Sends a GET request on a previously created HTTP Session.</doc>
<status status="PASS" start="2024-07-26T16:19:27.278670" elapsed="0.119034"/>
</kw>
<kw name="Set Variable" owner="BuiltIn">
<msg time="2024-07-26T16:19:27.398654" level="INFO">${json_data} = {'results': [{'gender': 'female', 'name': {'title': 'Mrs', 'first': 'Elisa', 'last': 'Lemoine'}, 'location': {'street': {'number': 3505, 'name': 'Rue du Stade'}, 'city': 'Strasbourg', 'state': 'Guadel...</msg>
<var>${json_data}</var>
<arg>${response.json()}</arg>
<doc>Returns the given values which can then be assigned to a variables.</doc>
<status status="PASS" start="2024-07-26T16:19:27.398176" elapsed="0.000506"/>
</kw>
<kw name="Log" owner="BuiltIn">
<msg time="2024-07-26T16:19:27.399176" level="INFO">{'results': [{'gender': 'female', 'name': {'title': 'Mrs', 'first': 'Elisa', 'last': 'Lemoine'}, 'location': {'street': {'number': 3505, 'name': 'Rue du Stade'}, 'city': 'Strasbourg', 'state': 'Guadeloupe', 'country': 'France', 'postcode': 27381, 'coordinates': {'latitude': '-17.4170', 'longitude': '154.0703'}, 'timezone': {'offset': '+11:00', 'description': 'Magadan, Solomon Islands, New Caledonia'}}, 'email': 'elisa.lemoine@example.com', 'login': {'uuid': '487f5dd5-3bec-44ee-b786-4b49d4e27f36', 'username': 'happyfish772', 'password': 'killa', 'salt': 'T5Wp53RE', 'md5': 'a642dfdcb0452485088124e600837ef0', 'sha1': '61d84bb22d70fd99544f00fed13344f04a7d96b4', 'sha256': 'fc8f845f49c7ee3d86feb8acc4810287d55d0105457cc0693015e08f20f281e2'}, 'dob': {'date': '1961-07-19T06:54:09.649Z', 'age': 63}, 'registered': {'date': '2014-05-24T02:45:00.933Z', 'age': 10}, 'phone': '02-91-49-23-48', 'cell': '06-93-96-07-21', 'id': {'name': 'INSEE', 'value': '2610684356792 48'}, 'picture': {'large': 'https://randomuser.me/api/portraits/women/82.jpg', 'medium': 'https://randomuser.me/api/portraits/med/women/82.jpg', 'thumbnail': 'https://randomuser.me/api/portraits/thumb/women/82.jpg'}, 'nat': 'FR'}], 'info': {'seed': '4f210f297924d34e', 'results': 1, 'page': 1, 'version': '1.4'}}</msg>
<arg>${json_data}</arg>
<doc>Logs the given message with the given level.</doc>
<status status="PASS" start="2024-07-26T16:19:27.399022" elapsed="0.000201"/>
</kw>
<kw name="Should Be String" owner="String">
<arg>${json_data['results'][0]['gender']}</arg>
<doc>Fails if the given ``item`` is not a string.</doc>
<status status="PASS" start="2024-07-26T16:19:27.399514" elapsed="0.000371"/>
</kw>
<kw name="Should Match Regexp" owner="BuiltIn">
<arg>${json_data['results'][0]['email']}</arg>
<arg>^[a-zA-Z0-9._%+-]+@[a-zA-Z0-9.-]+\.[a-zA-Z]{2,}$</arg>
<doc>Fails if ``string`` does not match ``pattern`` as a regular expression.</doc>
<status status="PASS" start="2024-07-26T16:19:27.400109" elapsed="0.000520"/>
</kw>
<kw name="Should Match Regexp" owner="BuiltIn">
<arg>${json_data['results'][0]['dob']['date']}</arg>
<arg>\\d{4}-\\d{2}-\\d{2}T\\d{2}:\\d{2}:\\d{2}\\.\\d{3}Z</arg>
<doc>Fails if ``string`` does not match ``pattern`` as a regular expression.</doc>
<status status="PASS" start="2024-07-26T16:19:27.400824" elapsed="0.000634"/>
</kw>
<kw name="Should Match Regexp" owner="BuiltIn">
<arg>${json_data['results'][0]['registered']['date']}</arg>
<arg>\\d{4}-\\d{2}-\\d{2}T\\d{2}:\\d{2}:\\d{2}\\.\\d{3}Z</arg>
<doc>Fails if ``string`` does not match ``pattern`` as a regular expression.</doc>
<status status="PASS" start="2024-07-26T16:19:27.401647" elapsed="0.000369"/>
</kw>
<kw name="Should Match Regexp" owner="BuiltIn">
<arg>${json_data['results'][0]['picture']['large']}</arg>
<arg>^https?://.*\.(?:png|jpe?g|gif|bmp)$</arg>
<doc>Fails if ``string`` does not match ``pattern`` as a regular expression.</doc>
<status status="PASS" start="2024-07-26T16:19:27.402202" elapsed="0.000459"/>
</kw>
<kw name="Should Match Regexp" owner="BuiltIn">
<arg>${json_data['results'][0]['picture']['medium']}</arg>
<arg>^https?://.*\.(?:png|jpe?g|gif|bmp)$</arg>
<doc>Fails if ``string`` does not match ``pattern`` as a regular expression.</doc>
<status status="PASS" start="2024-07-26T16:19:27.402871" elapsed="0.000364"/>
</kw>
<kw name="Should Match Regexp" owner="BuiltIn">
<arg>${json_data['results'][0]['picture']['thumbnail']}</arg>
<arg>^https?://.*\.(?:png|jpe?g|gif|bmp)$</arg>
<doc>Fails if ``string`` does not match ``pattern`` as a regular expression.</doc>
<status status="PASS" start="2024-07-26T16:19:27.403418" elapsed="0.000348"/>
</kw>
<kw name="Log" owner="BuiltIn">
<msg time="2024-07-26T16:19:27.404269" level="INFO">{'large': 'https://randomuser.me/api/portraits/women/82.jpg', 'medium': 'https://randomuser.me/api/portraits/med/women/82.jpg', 'thumbnail': 'https://randomuser.me/api/portraits/thumb/women/82.jpg'}</msg>
<arg>${json_data['results'][0]['picture']}</arg>
<doc>Logs the given message with the given level.</doc>
<status status="PASS" start="2024-07-26T16:19:27.403946" elapsed="0.000366"/>
</kw>
<status status="PASS" start="2024-07-26T16:19:27.278427" elapsed="0.126151"/>
</kw>
<kw name="Teste de Tipos de Dados - Postcode" owner="random-user-service">
<kw name="GET On Session" owner="RequestsLibrary">
<msg time="2024-07-26T16:19:27.541458" level="INFO">GET Request : url=https://randomuser.me/api 
 path_url=/api 
 headers={'User-Agent': 'python-requests/2.32.3', 'Accept-Encoding': 'gzip, deflate', 'Accept': '*/*', 'Connection': 'keep-alive'} 
 body=None 
 </msg>
<msg time="2024-07-26T16:19:27.541558" level="INFO">GET Response : url=https://randomuser.me/api 
 status=200, reason=OK 
 headers={'Date': 'Fri, 26 Jul 2024 16:19:27 GMT', 'Content-Type': 'application/json; charset=utf-8', 'Transfer-Encoding': 'chunked', 'Connection': 'keep-alive', 'X-Powered-By': 'Express', 'Access-Control-Allow-Origin': '*', 'Cache-Control': 'no-cache', 'ETag': 'W/"4a2-ybIZHrDYpVsZ83azYZL9W2KCGYg"', 'Vary': 'Accept-Encoding', 'Content-Encoding': 'gzip', 'CF-Cache-Status': 'DYNAMIC', 'Report-To': '{"endpoints":[{"url":"https:\\/\\/a.nel.cloudflare.com\\/report\\/v4?s=kdXNfSdzW98JNYJEppFF6S6FyOZlv779lqJW7qSFE5uWdvhj70jqZ1xh1QhB0e69c%2F5cY6s593RoYj%2FyohseVzyQ%2BG4ClRRzI9sew%2BJ8Z9iVRowKUQMiWbCE3%2FfA23kq"}],"group":"cf-nel","max_age":604800}', 'NEL': '{"success_fraction":0,"report_to":"cf-nel","max_age":604800}', 'Server': 'cloudflare', 'CF-RAY': '8a95b6204a433143-LAX', 'alt-svc': 'h3=":443"; ma=86400'} 
 body={"results":[{"gender":"male","name":{"title":"Mr","first":"Valtteri","last":"Raisanen"},"location":{"street":{"number":7653,"name":"Siilitie"},"city":"Konnevesi","state":"Tavastia Proper","country":"Finland","postcode":35828,"coordinates":{"latitude":"-28.1268","longitude":"-176.7774"},"timezone":{"offset":"-4:00","description":"Atlantic Time (Canada), Caracas, La Paz"}},"email":"valtteri.raisanen@example.com","login":{"uuid":"ec4cd5e4-abd5-4020-b2ac-3f732c06c9c8","username":"redrabbit318","password":"bridge","salt":"OTYxajcS","md5":"948737a91a90d18d744f61d3c89871f5","sha1":"9d83b9e29c92a8eb103008084d003a1ffd008e34","sha256":"17d5e86408288fe1ed7453e2b8eb18d9f34b3d778f1ef640e135aeeacacc4749"},"dob":{"date":"1999-01-08T14:48:44.388Z","age":25},"registered":{"date":"2012-02-05T18:18:39.707Z","age":12},"phone":"03-704-757","cell":"045-754-53-45","id":{"name":"HETU","value":"NaNNA485undefined"},"picture":{"large":"https://randomuser.me/api/portraits/men/23.jpg","medium":"https://randomuser.me/api/portraits/med/men/23.jpg","thumbnail":"https://randomuser.me/api/portraits/thumb/men/23.jpg"},"nat":"FI"}],"info":{"seed":"db58a814db6f67c7","results":1,"page":1,"version":"1.4"}} 
 </msg>
<msg time="2024-07-26T16:19:27.541635" level="INFO">/opt/hostedtoolcache/Python/3.12.4/x64/lib/python3.12/site-packages/urllib3/connectionpool.py:1099: InsecureRequestWarning: Unverified HTTPS request is being made to host 'randomuser.me'. Adding certificate verification is strongly advised. See: https://urllib3.readthedocs.io/en/latest/advanced-usage.html#tls-warnings
  warnings.warn(</msg>
<msg time="2024-07-26T16:19:27.541751" level="INFO">${response} = &lt;Response [200]&gt;</msg>
<var>${response}</var>
<arg>consultarAPI</arg>
<arg>/api</arg>
<doc>Sends a GET request on a previously created HTTP Session.</doc>
<status status="PASS" start="2024-07-26T16:19:27.405023" elapsed="0.136768"/>
</kw>
<kw name="Set Variable" owner="BuiltIn">
<msg time="2024-07-26T16:19:27.542879" level="INFO">${json_data} = {'results': [{'gender': 'male', 'name': {'title': 'Mr', 'first': 'Valtteri', 'last': 'Raisanen'}, 'location': {'street': {'number': 7653, 'name': 'Siilitie'}, 'city': 'Konnevesi', 'state': 'Tavastia P...</msg>
<var>${json_data}</var>
<arg>${response.json()}</arg>
<doc>Returns the given values which can then be assigned to a variables.</doc>
<status status="PASS" start="2024-07-26T16:19:27.542339" elapsed="0.000569"/>
</kw>
<kw name="Log" owner="BuiltIn">
<msg time="2024-07-26T16:19:27.543372" level="INFO">{'results': [{'gender': 'male', 'name': {'title': 'Mr', 'first': 'Valtteri', 'last': 'Raisanen'}, 'location': {'street': {'number': 7653, 'name': 'Siilitie'}, 'city': 'Konnevesi', 'state': 'Tavastia Proper', 'country': 'Finland', 'postcode': 35828, 'coordinates': {'latitude': '-28.1268', 'longitude': '-176.7774'}, 'timezone': {'offset': '-4:00', 'description': 'Atlantic Time (Canada), Caracas, La Paz'}}, 'email': 'valtteri.raisanen@example.com', 'login': {'uuid': 'ec4cd5e4-abd5-4020-b2ac-3f732c06c9c8', 'username': 'redrabbit318', 'password': 'bridge', 'salt': 'OTYxajcS', 'md5': '948737a91a90d18d744f61d3c89871f5', 'sha1': '9d83b9e29c92a8eb103008084d003a1ffd008e34', 'sha256': '17d5e86408288fe1ed7453e2b8eb18d9f34b3d778f1ef640e135aeeacacc4749'}, 'dob': {'date': '1999-01-08T14:48:44.388Z', 'age': 25}, 'registered': {'date': '2012-02-05T18:18:39.707Z', 'age': 12}, 'phone': '03-704-757', 'cell': '045-754-53-45', 'id': {'name': 'HETU', 'value': 'NaNNA485undefined'}, 'picture': {'large': 'https://randomuser.me/api/portraits/men/23.jpg', 'medium': 'https://randomuser.me/api/portraits/med/men/23.jpg', 'thumbnail': 'https://randomuser.me/api/portraits/thumb/men/23.jpg'}, 'nat': 'FI'}], 'info': {'seed': 'db58a814db6f67c7', 'results': 1, 'page': 1, 'version': '1.4'}}</msg>
<arg>${json_data}</arg>
<doc>Logs the given message with the given level.</doc>
<status status="PASS" start="2024-07-26T16:19:27.543217" elapsed="0.000201"/>
</kw>
<kw name="Should Be Equal As Numbers" owner="BuiltIn">
<arg>${json_data['results'][0]['location']['postcode']}</arg>
<arg>${json_data['results'][0]['location']['postcode']}</arg>
<doc>Fails if objects are unequal after converting them to real numbers.</doc>
<status status="PASS" start="2024-07-26T16:19:27.543711" elapsed="0.000624"/>
</kw>
<kw name="Log" owner="BuiltIn">
<msg time="2024-07-26T16:19:27.544909" level="INFO">35828</msg>
<arg>${json_data['results'][0]['location']['postcode']}</arg>
<doc>Logs the given message with the given level.</doc>
<status status="PASS" start="2024-07-26T16:19:27.544560" elapsed="0.000390"/>
</kw>
<status status="PASS" start="2024-07-26T16:19:27.404800" elapsed="0.140407"/>
</kw>
<doc>Testa se os tipos de dados na resposta da API estão corretos.</doc>
<tag>testeTiposDados</tag>
<status status="PASS" start="2024-07-26T16:19:27.277962" elapsed="0.267421"/>
</test>
<test id="s1-s1-t5" name="Validar conteudo" line="35">
<kw name="Teste de Tipos de Conteudo" owner="random-user-service">
<kw name="GET On Session" owner="RequestsLibrary">
<msg time="2024-07-26T16:19:27.661820" level="INFO">GET Request : url=https://randomuser.me/api 
 path_url=/api 
 headers={'User-Agent': 'python-requests/2.32.3', 'Accept-Encoding': 'gzip, deflate', 'Accept': '*/*', 'Connection': 'keep-alive'} 
 body=None 
 </msg>
<msg time="2024-07-26T16:19:27.661915" level="INFO">GET Response : url=https://randomuser.me/api 
 status=200, reason=OK 
 headers={'Date': 'Fri, 26 Jul 2024 16:19:27 GMT', 'Content-Type': 'application/json; charset=utf-8', 'Transfer-Encoding': 'chunked', 'Connection': 'keep-alive', 'X-Powered-By': 'Express', 'Access-Control-Allow-Origin': '*', 'Cache-Control': 'no-cache', 'ETag': 'W/"487-qV6NEAAnRGn1C1q3iOFe37+5CtE"', 'Vary': 'Accept-Encoding', 'Content-Encoding': 'gzip', 'CF-Cache-Status': 'DYNAMIC', 'Report-To': '{"endpoints":[{"url":"https:\\/\\/a.nel.cloudflare.com\\/report\\/v4?s=WirHZGW3R9FTDZx08GVMDTlkcTJSu%2Fj6H5zmgA4WZHOMiZiTZAj1y1p9r7s2hlTRkCRxshz461fhaimRnZe58WjkhaYIK%2BQN89j3wTFEu2%2F4lxEbjW5K2vndKmOA1Av8"}],"group":"cf-nel","max_age":604800}', 'NEL': '{"success_fraction":0,"report_to":"cf-nel","max_age":604800}', 'Server': 'cloudflare', 'CF-RAY': '8a95b6213ad53143-LAX', 'alt-svc': 'h3=":443"; ma=86400'} 
 body={"results":[{"gender":"male","name":{"title":"Mr","first":"Charlie","last":"Gaup"},"location":{"street":{"number":8115,"name":"Benneches gate"},"city":"Eltonåsen","state":"Oppland","country":"Norway","postcode":"1805","coordinates":{"latitude":"42.3007","longitude":"-79.5270"},"timezone":{"offset":"+9:00","description":"Tokyo, Seoul, Osaka, Sapporo, Yakutsk"}},"email":"charlie.gaup@example.com","login":{"uuid":"23ec028e-fd34-49e3-8259-2029d4a930da","username":"goldenmeercat251","password":"blink","salt":"7ZnpI5nI","md5":"35c81f995886af557adacf2f70b257b6","sha1":"7b89f39fbdf7f973d3f1af3c1429160a6bebe433","sha256":"4ee34b68d57f208d88693db9b0a09f3d09bfb182c35a939e0006f8d102a06811"},"dob":{"date":"1947-07-02T08:10:52.098Z","age":77},"registered":{"date":"2005-08-29T10:50:10.946Z","age":18},"phone":"83662086","cell":"98952696","id":{"name":"FN","value":"02074704908"},"picture":{"large":"https://randomuser.me/api/portraits/men/61.jpg","medium":"https://randomuser.me/api/portraits/med/men/61.jpg","thumbnail":"https://randomuser.me/api/portraits/thumb/men/61.jpg"},"nat":"NO"}],"info":{"seed":"28356e1945bf54e1","results":1,"page":1,"version":"1.4"}} 
 </msg>
<msg time="2024-07-26T16:19:27.661998" level="INFO">/opt/hostedtoolcache/Python/3.12.4/x64/lib/python3.12/site-packages/urllib3/connectionpool.py:1099: InsecureRequestWarning: Unverified HTTPS request is being made to host 'randomuser.me'. Adding certificate verification is strongly advised. See: https://urllib3.readthedocs.io/en/latest/advanced-usage.html#tls-warnings
  warnings.warn(</msg>
<msg time="2024-07-26T16:19:27.662129" level="INFO">${response} = &lt;Response [200]&gt;</msg>
<var>${response}</var>
<arg>consultarAPI</arg>
<arg>/api</arg>
<doc>Sends a GET request on a previously created HTTP Session.</doc>
<status status="PASS" start="2024-07-26T16:19:27.548232" elapsed="0.113947"/>
</kw>
<kw name="Set Variable" owner="BuiltIn">
<msg time="2024-07-26T16:19:27.663510" level="INFO">${json_data} = {'results': [{'gender': 'male', 'name': {'title': 'Mr', 'first': 'Charlie', 'last': 'Gaup'}, 'location': {'street': {'number': 8115, 'name': 'Benneches gate'}, 'city': 'Eltonåsen', 'state': 'Oppland',...</msg>
<var>${json_data}</var>
<arg>${response.json()}</arg>
<doc>Returns the given values which can then be assigned to a variables.</doc>
<status status="PASS" start="2024-07-26T16:19:27.662843" elapsed="0.000696"/>
</kw>
<kw name="Set Variable" owner="BuiltIn">
<msg time="2024-07-26T16:19:27.664237" level="INFO">${name_title} = Mr</msg>
<var>${name_title}</var>
<arg>${json_data["results"][0]["name"]["title"]}</arg>
<doc>Returns the given values which can then be assigned to a variables.</doc>
<status status="PASS" start="2024-07-26T16:19:27.663851" elapsed="0.000414"/>
</kw>
<kw name="Create List" owner="BuiltIn">
<msg time="2024-07-26T16:19:27.664715" level="INFO">${allowed_titles} = ['Mr', 'Ms', 'Miss', 'Mrs', 'Madame', 'Monsieur']</msg>
<var>${allowed_titles}</var>
<arg>Mr</arg>
<arg>Ms</arg>
<arg>Miss</arg>
<arg>Mrs</arg>
<arg>Madame</arg>
<arg>Monsieur</arg>
<doc>Returns a list containing given items.</doc>
<status status="PASS" start="2024-07-26T16:19:27.664562" elapsed="0.000178"/>
</kw>
<kw name="List Should Contain Value" owner="Collections">
<arg>${allowed_titles}</arg>
<arg>${name_title}</arg>
<doc>Fails if the ``value`` is not found from ``list``.</doc>
<status status="PASS" start="2024-07-26T16:19:27.665041" elapsed="0.000181"/>
</kw>
<kw name="Set Variable" owner="BuiltIn">
<msg time="2024-07-26T16:19:27.665804" level="INFO">${name_country} = NO</msg>
<var>${name_country}</var>
<arg>${json_data["results"][0]["nat"]}</arg>
<doc>Returns the given values which can then be assigned to a variables.</doc>
<status status="PASS" start="2024-07-26T16:19:27.665405" elapsed="0.000426"/>
</kw>
<kw name="Create List" owner="BuiltIn">
<msg time="2024-07-26T16:19:27.666760" level="INFO">${list_country} = ['AD', 'AE', 'AF', 'AG', 'AI', 'AL', 'AM', 'AO', 'AQ', 'AR', 'AS', 'AT', 'AU', 'AW', 'AX', 'AZ', 'BA', 'BB', 'BD', 'BE', 'BF', 'BG', 'BH', 'BI', 'BJ', 'BL', 'BM', 'BN', 'BO', 'BQ', 'BR', 'BS', 'BT', '...</msg>
<var>${list_country}</var>
<arg>AD</arg>
<arg>AE</arg>
<arg>AF</arg>
<arg>AG</arg>
<arg>AI</arg>
<arg>AL</arg>
<arg>AM</arg>
<arg>AO</arg>
<arg>AQ</arg>
<arg>AR</arg>
<arg>AS</arg>
<arg>AT</arg>
<arg>AU</arg>
<arg>AW</arg>
<arg>AX</arg>
<arg>AZ</arg>
<arg>BA</arg>
<arg>BB</arg>
<arg>BD</arg>
<arg>BE</arg>
<arg>BF</arg>
<arg>BG</arg>
<arg>BH</arg>
<arg>BI</arg>
<arg>BJ</arg>
<arg>BL</arg>
<arg>BM</arg>
<arg>BN</arg>
<arg>BO</arg>
<arg>BQ</arg>
<arg>BR</arg>
<arg>BS</arg>
<arg>BT</arg>
<arg>BV</arg>
<arg>BW</arg>
<arg>BY</arg>
<arg>BZ</arg>
<arg>CA</arg>
<arg>CC</arg>
<arg>CD</arg>
<arg>CF</arg>
<arg>CG</arg>
<arg>CH</arg>
<arg>CI</arg>
<arg>CK</arg>
<arg>CL</arg>
<arg>CM</arg>
<arg>CN</arg>
<arg>CO</arg>
<arg>CR</arg>
<arg>CU</arg>
<arg>CV</arg>
<arg>CW</arg>
<arg>CX</arg>
<arg>CY</arg>
<arg>CZ</arg>
<arg>DE</arg>
<arg>DJ</arg>
<arg>DK</arg>
<arg>DM</arg>
<arg>DO</arg>
<arg>DZ</arg>
<arg>EC</arg>
<arg>EE</arg>
<arg>EG</arg>
<arg>EH</arg>
<arg>ER</arg>
<arg>ES</arg>
<arg>ET</arg>
<arg>FI</arg>
<arg>FJ</arg>
<arg>FK</arg>
<arg>FM</arg>
<arg>FO</arg>
<arg>FR</arg>
<arg>GA</arg>
<arg>GB</arg>
<arg>GD</arg>
<arg>GE</arg>
<arg>GF</arg>
<arg>GG</arg>
<arg>GH</arg>
<arg>GI</arg>
<arg>GL</arg>
<arg>GM</arg>
<arg>GN</arg>
<arg>GP</arg>
<arg>GQ</arg>
<arg>GR</arg>
<arg>GS</arg>
<arg>GT</arg>
<arg>GU</arg>
<arg>GW</arg>
<arg>GY</arg>
<arg>HK</arg>
<arg>HM</arg>
<arg>HN</arg>
<arg>HR</arg>
<arg>HT</arg>
<arg>HU</arg>
<arg>ID</arg>
<arg>IE</arg>
<arg>IL</arg>
<arg>IM</arg>
<arg>IN</arg>
<arg>IO</arg>
<arg>IQ</arg>
<arg>IR</arg>
<arg>IS</arg>
<arg>IT</arg>
<arg>JE</arg>
<arg>JM</arg>
<arg>JO</arg>
<arg>JP</arg>
<arg>KE</arg>
<arg>KG</arg>
<arg>KH</arg>
<arg>KI</arg>
<arg>KM</arg>
<arg>KN</arg>
<arg>KP</arg>
<arg>KR</arg>
<arg>KW</arg>
<arg>KY</arg>
<arg>KZ</arg>
<arg>LA</arg>
<arg>LB</arg>
<arg>LC</arg>
<arg>LI</arg>
<arg>LK</arg>
<arg>LR</arg>
<arg>LS</arg>
<arg>LT</arg>
<arg>LU</arg>
<arg>LV</arg>
<arg>LY</arg>
<arg>MA</arg>
<arg>MC</arg>
<arg>MD</arg>
<arg>ME</arg>
<arg>MF</arg>
<arg>MG</arg>
<arg>MH</arg>
<arg>MK</arg>
<arg>ML</arg>
<arg>MM</arg>
<arg>MN</arg>
<arg>MO</arg>
<arg>MP</arg>
<arg>MQ</arg>
<arg>MR</arg>
<arg>MS</arg>
<arg>MT</arg>
<arg>MU</arg>
<arg>MV</arg>
<arg>MW</arg>
<arg>MX</arg>
<arg>MY</arg>
<arg>MZ</arg>
<arg>NA</arg>
<arg>NC</arg>
<arg>NE</arg>
<arg>NF</arg>
<arg>NG</arg>
<arg>NI</arg>
<arg>NL</arg>
<arg>NO</arg>
<arg>NP</arg>
<arg>NR</arg>
<arg>NU</arg>
<arg>NZ</arg>
<arg>OM</arg>
<arg>PA</arg>
<arg>PE</arg>
<arg>PF</arg>
<arg>PG</arg>
<arg>PH</arg>
<arg>PK</arg>
<arg>PL</arg>
<arg>PM</arg>
<arg>PN</arg>
<arg>PR</arg>
<arg>PS</arg>
<arg>PT</arg>
<arg>PW</arg>
<arg>PY</arg>
<arg>QA</arg>
<arg>RE</arg>
<arg>RO</arg>
<arg>RS</arg>
<arg>RU</arg>
<arg>RW</arg>
<arg>SA</arg>
<arg>SB</arg>
<arg>SC</arg>
<arg>SD</arg>
<arg>SE</arg>
<arg>SG</arg>
<arg>SH</arg>
<arg>SI</arg>
<arg>SJ</arg>
<arg>SK</arg>
<arg>SL</arg>
<arg>SM</arg>
<arg>SN</arg>
<arg>SO</arg>
<arg>SR</arg>
<arg>SS</arg>
<arg>ST</arg>
<arg>SV</arg>
<arg>SX</arg>
<arg>SY</arg>
<arg>SZ</arg>
<arg>TC</arg>
<arg>TD</arg>
<arg>TF</arg>
<arg>TG</arg>
<arg>TH</arg>
<arg>TJ</arg>
<arg>TK</arg>
<arg>TL</arg>
<arg>TM</arg>
<arg>TN</arg>
<arg>TO</arg>
<arg>TR</arg>
<arg>TT</arg>
<arg>TV</arg>
<arg>TW</arg>
<arg>TZ</arg>
<arg>UA</arg>
<arg>UG</arg>
<arg>UM</arg>
<arg>US</arg>
<arg>UY</arg>
<arg>UZ</arg>
<arg>VA</arg>
<arg>VC</arg>
<arg>VE</arg>
<arg>VG</arg>
<arg>VI</arg>
<arg>VN</arg>
<arg>VU</arg>
<arg>WF</arg>
<arg>WS</arg>
<arg>XK</arg>
<arg>YE</arg>
<arg>YT</arg>
<arg>ZA</arg>
<arg>ZM</arg>
<arg>ZW</arg>
<doc>Returns a list containing given items.</doc>
<status status="PASS" start="2024-07-26T16:19:27.666131" elapsed="0.000655"/>
</kw>
<kw name="List Should Contain Value" owner="Collections">
<arg>${list_country}</arg>
<arg>${name_country}</arg>
<doc>Fails if the ``value`` is not found from ``list``.</doc>
<status status="PASS" start="2024-07-26T16:19:27.667831" elapsed="0.000231"/>
</kw>
<kw name="Run Keyword If" owner="BuiltIn">
<kw name="Should Be True" owner="BuiltIn">
<arg>${True}</arg>
<doc>Fails if the given condition is not true.</doc>
<status status="PASS" start="2024-07-26T16:19:27.669021" elapsed="0.000144"/>
</kw>
<arg>${json_data["results"][0]["location"]["coordinates"]["latitude"]} &gt;= -90 and ${json_data["results"][0]["location"]["coordinates"]["latitude"]} &lt;= 90</arg>
<arg>Should Be True</arg>
<arg>${True}</arg>
<doc>Runs the given keyword with the given arguments, if ``condition`` is true.</doc>
<status status="PASS" start="2024-07-26T16:19:27.668266" elapsed="0.001025"/>
</kw>
<kw name="Run Keyword If" owner="BuiltIn">
<kw name="Should Be True" owner="BuiltIn">
<arg>${True}</arg>
<doc>Fails if the given condition is not true.</doc>
<status status="PASS" start="2024-07-26T16:19:27.670162" elapsed="0.000137"/>
</kw>
<arg>${json_data["results"][0]["location"]["coordinates"]["longitude"]} &gt;= -180 and ${json_data["results"][0]["location"]["coordinates"]["longitude"]} &lt;= 180</arg>
<arg>Should Be True</arg>
<arg>${True}</arg>
<doc>Runs the given keyword with the given arguments, if ``condition`` is true.</doc>
<status status="PASS" start="2024-07-26T16:19:27.669471" elapsed="0.000951"/>
</kw>
<status status="PASS" start="2024-07-26T16:19:27.547843" elapsed="0.122711"/>
</kw>
<doc>Testa o conteúdo específico dos campos retornados pela API.</doc>
<tag>testeConteudo</tag>
<status status="PASS" start="2024-07-26T16:19:27.547182" elapsed="0.123525"/>
</test>
<status status="PASS" start="2024-07-26T16:19:26.565835" elapsed="1.106797"/>
</suite>
<status status="PASS" start="2024-07-26T16:19:26.543928" elapsed="1.133752"/>
</suite>
<statistics>
<total>
<stat pass="5" fail="0" skip="0">All Tests</stat>
</total>
<tag>
<stat pass="1" fail="0" skip="0">testeConteudo</stat>
<stat pass="1" fail="0" skip="0">testeEstruturaResposta</stat>
<stat pass="1" fail="0" skip="0">testeRequisicaoBasica</stat>
<stat pass="1" fail="0" skip="0">testeTiposDados</stat>
</tag>
<suite>
<stat pass="5" fail="0" skip="0" id="s1" name="Tests">Tests</stat>
<stat pass="5" fail="0" skip="0" id="s1-s1" name="Random-User-Test">Tests.Random-User-Test</stat>
</suite>
</statistics>
<errors>
</errors>
</robot>
