<?xml version="1.0" encoding="UTF-8"?>
<robot generator="Robot 7.0 (Python 3.12.3 on linux)" generated="2024-04-23T23:13:22.246558" rpa="false" schemaversion="5">
<suite id="s1" name="Tests" source="/home/runner/work/DesafioQAItauRogerioJordao/DesafioQAItauRogerioJordao/RamdonUser/tests">
<suite id="s1-s1" name="Random-User-Test" source="/home/runner/work/DesafioQAItauRogerioJordao/DesafioQAItauRogerioJordao/RamdonUser/tests/random-user-test.robot">
<test id="s1-s1-t1" name="Conectar" line="13">
<kw name="Conectar API" owner="random-user-service">
<kw name="Create Session" owner="RequestsLibrary">
<msg time="2024-04-23T23:13:22.628671" level="INFO">Creating Session using : alias=consultarAPI, url=https://randomuser.me/, headers={},                     cookies={}, auth=None, timeout=None, proxies=None, verify=False,                     debug=0 </msg>
<arg>consultarAPI</arg>
<arg>${URL}</arg>
<doc>Create Session: create a HTTP session to a server</doc>
<status status="PASS" start="2024-04-23T23:13:22.628477" elapsed="0.000364"/>
</kw>
<status status="PASS" start="2024-04-23T23:13:22.627547" elapsed="0.001678"/>
</kw>
<status status="PASS" start="2024-04-23T23:13:22.627018" elapsed="0.002412"/>
</test>
<test id="s1-s1-t2" name="Validar retorno 200 e JSON Válido" line="16">
<kw name="Teste de Requisicao Basica" owner="random-user-service">
<kw name="GET On Session" owner="RequestsLibrary">
<msg time="2024-04-23T23:13:22.718096" level="INFO">GET Request : url=https://randomuser.me/api 
 path_url=/api 
 headers={'User-Agent': 'python-requests/2.31.0', 'Accept-Encoding': 'gzip, deflate', 'Accept': '*/*', 'Connection': 'keep-alive'} 
 body=None 
 </msg>
<msg time="2024-04-23T23:13:22.718196" level="INFO">GET Response : url=https://randomuser.me/api 
 status=200, reason=OK 
 headers={'Date': 'Tue, 23 Apr 2024 23:13:22 GMT', 'Content-Type': 'application/json; charset=utf-8', 'Transfer-Encoding': 'chunked', 'Connection': 'keep-alive', 'X-Powered-By': 'Express', 'Access-Control-Allow-Origin': '*', 'Cache-Control': 'no-cache', 'ETag': 'W/"476-xKXvvn22Li32OFfqGMbyQevd0sk"', 'Vary': 'Accept-Encoding', 'Content-Encoding': 'gzip', 'CF-Cache-Status': 'DYNAMIC', 'Report-To': '{"endpoints":[{"url":"https:\\/\\/a.nel.cloudflare.com\\/report\\/v4?s=%2B11SY%2FQM%2Bp%2BgQ8cdymIpvNvX95bGWPUUugk6slyV7K6sBqmvPbqUEdp9MJ4rlKJYewulIUmLswt9I5Qtuwyq47egrWq6P%2F%2Bl4G5LJV2BXcqq%2BHjJjUC8x4ZqezBdltGp"}],"group":"cf-nel","max_age":604800}', 'NEL': '{"success_fraction":0,"report_to":"cf-nel","max_age":604800}', 'Server': 'cloudflare', 'CF-RAY': '87918b34bfd5812d-ORD', 'alt-svc': 'h3=":443"; ma=86400'} 
 body={"results":[{"gender":"female","name":{"title":"Mrs","first":"Irene","last":"Diez"},"location":{"street":{"number":4475,"name":"Calle del Prado"},"city":"Sevilla","state":"La Rioja","country":"Spain","postcode":53368,"coordinates":{"latitude":"-37.4091","longitude":"58.7037"},"timezone":{"offset":"+5:45","description":"Kathmandu"}},"email":"irene.diez@example.com","login":{"uuid":"63ac7ddc-7555-4ac8-992a-1507c5a7cb0b","username":"purplebutterfly403","password":"biggie","salt":"vwuOXHYI","md5":"6e50f1be80b3b7bb4672ffc8b74ecd4b","sha1":"21bfb3889824d1d40eb19d340b20b5d04fcc9374","sha256":"3f4b0e5d074524b902821797bc7f730a579e1b3c4effb4696af028727ddef812"},"dob":{"date":"1945-09-04T14:23:40.854Z","age":78},"registered":{"date":"2011-09-18T23:42:09.669Z","age":12},"phone":"936-477-072","cell":"699-751-406","id":{"name":"DNI","value":"66424199-R"},"picture":{"large":"https://randomuser.me/api/portraits/women/74.jpg","medium":"https://randomuser.me/api/portraits/med/women/74.jpg","thumbnail":"https://randomuser.me/api/portraits/thumb/women/74.jpg"},"nat":"ES"}],"info":{"seed":"713b99cf4e215fa2","results":1,"page":1,"version":"1.4"}} 
 </msg>
<msg time="2024-04-23T23:13:22.718266" level="INFO">/opt/hostedtoolcache/Python/3.12.3/x64/lib/python3.12/site-packages/urllib3/connectionpool.py:1103: InsecureRequestWarning: Unverified HTTPS request is being made to host 'randomuser.me'. Adding certificate verification is strongly advised. See: https://urllib3.readthedocs.io/en/latest/advanced-usage.html#tls-warnings
  warnings.warn(</msg>
<msg time="2024-04-23T23:13:22.718379" level="INFO">${response} = &lt;Response [200]&gt;</msg>
<var>${response}</var>
<arg>consultarAPI</arg>
<arg>/api</arg>
<doc>Sends a GET request on a previously created HTTP Session.</doc>
<status status="PASS" start="2024-04-23T23:13:22.632048" elapsed="0.086376"/>
</kw>
<kw name="Should Be Equal As Numbers" owner="BuiltIn">
<msg time="2024-04-23T23:13:22.719481" level="INFO">Argument types are:
&lt;class 'int'&gt;
&lt;class 'str'&gt;</msg>
<arg>${response.status_code}</arg>
<arg>200</arg>
<doc>Fails if objects are unequal after converting them to real numbers.</doc>
<status status="PASS" start="2024-04-23T23:13:22.718951" elapsed="0.000594"/>
</kw>
<kw name="Log" owner="BuiltIn">
<msg time="2024-04-23T23:13:22.720245" level="INFO">200</msg>
<arg>${response.status_code}</arg>
<doc>Logs the given message with the given level.</doc>
<status status="PASS" start="2024-04-23T23:13:22.719891" elapsed="0.000397"/>
</kw>
<kw name="Set Variable" owner="BuiltIn">
<msg time="2024-04-23T23:13:22.721060" level="INFO">${json_data} = {'results': [{'gender': 'female', 'name': {'title': 'Mrs', 'first': 'Irene', 'last': 'Diez'}, 'location': {'street': {'number': 4475, 'name': 'Calle del Prado'}, 'city': 'Sevilla', 'state': 'La Rioja'...</msg>
<var>${json_data}</var>
<arg>${response.json()}</arg>
<doc>Returns the given values which can then be assigned to a variables.</doc>
<status status="PASS" start="2024-04-23T23:13:22.720592" elapsed="0.000500"/>
</kw>
<kw name="Dictionary Should Contain Key" owner="Collections">
<msg time="2024-04-23T23:13:22.721575" level="INFO">False</msg>
<arg>${json_data}</arg>
<arg>results</arg>
<doc>Fails if ``key`` is not found from ``dictionary``.</doc>
<status status="PASS" start="2024-04-23T23:13:22.721407" elapsed="0.000208"/>
</kw>
<status status="PASS" start="2024-04-23T23:13:22.631800" elapsed="0.090067"/>
</kw>
<doc>Testa se a API responde corretamente e retorna um objeto JSON válido.</doc>
<tag>testeRequisicaoBasica</tag>
<status status="PASS" start="2024-04-23T23:13:22.631328" elapsed="0.090707"/>
</test>
<test id="s1-s1-t3" name="Validar estrutura de resposta" line="22">
<kw name="Teste de Estrutura de Resposta" owner="random-user-service">
<kw name="GET On Session" owner="RequestsLibrary">
<msg time="2024-04-23T23:13:22.821237" level="INFO">GET Request : url=https://randomuser.me/api 
 path_url=/api 
 headers={'User-Agent': 'python-requests/2.31.0', 'Accept-Encoding': 'gzip, deflate', 'Accept': '*/*', 'Connection': 'keep-alive'} 
 body=None 
 </msg>
<msg time="2024-04-23T23:13:22.821304" level="INFO">GET Response : url=https://randomuser.me/api 
 status=200, reason=OK 
 headers={'Date': 'Tue, 23 Apr 2024 23:13:22 GMT', 'Content-Type': 'application/json; charset=utf-8', 'Transfer-Encoding': 'chunked', 'Connection': 'keep-alive', 'X-Powered-By': 'Express', 'Access-Control-Allow-Origin': '*', 'Cache-Control': 'no-cache', 'ETag': 'W/"476-tHjkgV4IwEEl2i9PCIVOOW3vcTw"', 'Vary': 'Accept-Encoding', 'Content-Encoding': 'gzip', 'CF-Cache-Status': 'DYNAMIC', 'Report-To': '{"endpoints":[{"url":"https:\\/\\/a.nel.cloudflare.com\\/report\\/v4?s=c%2FulkMWZNaB39%2BfrR5wB%2F0JdsVtqISqT3ClfED4uZ7djtq5rXdZB5NTSSCYNdro4hSvXUDZ8puxuko0Vh06XLcbgAour%2FSwaLyIJEhHdg45MOr84Gv0UKkAhooqoQ9RL"}],"group":"cf-nel","max_age":604800}', 'NEL': '{"success_fraction":0,"report_to":"cf-nel","max_age":604800}', 'Server': 'cloudflare', 'CF-RAY': '87918b350842812d-ORD', 'alt-svc': 'h3=":443"; ma=86400'} 
 body={"results":[{"gender":"male","name":{"title":"Mr","first":"عباس","last":"رضایی"},"location":{"street":{"number":7127,"name":"پارک ولیعصر"},"city":"پاکدشت","state":"بوشهر","country":"Iran","postcode":40750,"coordinates":{"latitude":"19.0039","longitude":"-164.2595"},"timezone":{"offset":"-3:30","description":"Newfoundland"}},"email":"aabs.rdyy@example.com","login":{"uuid":"925bed35-f6db-4f83-81f8-f8b8703a2595","username":"yellowlion984","password":"andre","salt":"0yZQ7GnF","md5":"8ca0f28c6a0f1b6c63320799d63e35e7","sha1":"40b42c0aba2cddc39b0b9dcacc309ce9912b840d","sha256":"5e8b03cf772c63c2d0cda4599d61c4798123171345061004c88b5c57665d7b67"},"dob":{"date":"1974-12-29T00:04:24.885Z","age":49},"registered":{"date":"2016-07-02T07:27:37.295Z","age":7},"phone":"040-26136336","cell":"0923-340-6910","id":{"name":"","value":null},"picture":{"large":"https://randomuser.me/api/portraits/men/51.jpg","medium":"https://randomuser.me/api/portraits/med/men/51.jpg","thumbnail":"https://randomuser.me/api/portraits/thumb/men/51.jpg"},"nat":"IR"}],"info":{"seed":"ab34ee04375b71a9","results":1,"page":1,"version":"1.4"}} 
 </msg>
<msg time="2024-04-23T23:13:22.821402" level="INFO">/opt/hostedtoolcache/Python/3.12.3/x64/lib/python3.12/site-packages/urllib3/connectionpool.py:1103: InsecureRequestWarning: Unverified HTTPS request is being made to host 'randomuser.me'. Adding certificate verification is strongly advised. See: https://urllib3.readthedocs.io/en/latest/advanced-usage.html#tls-warnings
  warnings.warn(</msg>
<msg time="2024-04-23T23:13:22.821498" level="INFO">${response} = &lt;Response [200]&gt;</msg>
<var>${response}</var>
<arg>consultarAPI</arg>
<arg>/api</arg>
<doc>Sends a GET request on a previously created HTTP Session.</doc>
<status status="PASS" start="2024-04-23T23:13:22.724694" elapsed="0.096844"/>
</kw>
<kw name="Set Variable" owner="BuiltIn">
<msg time="2024-04-23T23:13:22.822596" level="INFO">${json_data} = {'results': [{'gender': 'male', 'name': {'title': 'Mr', 'first': 'عباس', 'last': 'رضایی'}, 'location': {'street': {'number': 7127, 'name': 'پارک ولیعصر'}, 'city': 'پاکدشت', 'state': 'بوشهر', 'country'...</msg>
<var>${json_data}</var>
<arg>${response.json()}</arg>
<doc>Returns the given values which can then be assigned to a variables.</doc>
<status status="PASS" start="2024-04-23T23:13:22.822005" elapsed="0.000622"/>
</kw>
<kw name="Log" owner="BuiltIn">
<msg time="2024-04-23T23:13:22.823092" level="INFO">{'results': [{'gender': 'male', 'name': {'title': 'Mr', 'first': 'عباس', 'last': 'رضایی'}, 'location': {'street': {'number': 7127, 'name': 'پارک ولیعصر'}, 'city': 'پاکدشت', 'state': 'بوشهر', 'country': 'Iran', 'postcode': 40750, 'coordinates': {'latitude': '19.0039', 'longitude': '-164.2595'}, 'timezone': {'offset': '-3:30', 'description': 'Newfoundland'}}, 'email': 'aabs.rdyy@example.com', 'login': {'uuid': '925bed35-f6db-4f83-81f8-f8b8703a2595', 'username': 'yellowlion984', 'password': 'andre', 'salt': '0yZQ7GnF', 'md5': '8ca0f28c6a0f1b6c63320799d63e35e7', 'sha1': '40b42c0aba2cddc39b0b9dcacc309ce9912b840d', 'sha256': '5e8b03cf772c63c2d0cda4599d61c4798123171345061004c88b5c57665d7b67'}, 'dob': {'date': '1974-12-29T00:04:24.885Z', 'age': 49}, 'registered': {'date': '2016-07-02T07:27:37.295Z', 'age': 7}, 'phone': '040-26136336', 'cell': '0923-340-6910', 'id': {'name': '', 'value': None}, 'picture': {'large': 'https://randomuser.me/api/portraits/men/51.jpg', 'medium': 'https://randomuser.me/api/portraits/med/men/51.jpg', 'thumbnail': 'https://randomuser.me/api/portraits/thumb/men/51.jpg'}, 'nat': 'IR'}], 'info': {'seed': 'ab34ee04375b71a9', 'results': 1, 'page': 1, 'version': '1.4'}}</msg>
<arg>${json_data}</arg>
<doc>Logs the given message with the given level.</doc>
<status status="PASS" start="2024-04-23T23:13:22.822932" elapsed="0.000210"/>
</kw>
<kw name="Dictionary Should Contain Key" owner="Collections">
<msg time="2024-04-23T23:13:22.823604" level="INFO">False</msg>
<arg>${json_data}</arg>
<arg>results</arg>
<doc>Fails if ``key`` is not found from ``dictionary``.</doc>
<status status="PASS" start="2024-04-23T23:13:22.823447" elapsed="0.000195"/>
</kw>
<kw name="Should Not Be Empty" owner="BuiltIn">
<msg time="2024-04-23T23:13:22.824064" level="INFO">Length is 2.</msg>
<arg>${json_data}</arg>
<doc>Verifies that the given item is not empty.</doc>
<status status="PASS" start="2024-04-23T23:13:22.823934" elapsed="0.000296"/>
</kw>
<kw name="Create List" owner="BuiltIn">
<msg time="2024-04-23T23:13:22.824679" level="INFO">${expected_keys} = ['gender', 'name', 'location', 'email', 'login']</msg>
<var>${expected_keys}</var>
<arg>gender</arg>
<arg>name</arg>
<arg>location</arg>
<arg>email</arg>
<arg>login</arg>
<doc>Returns a list containing given items.</doc>
<status status="PASS" start="2024-04-23T23:13:22.824525" elapsed="0.000179"/>
</kw>
<for flavor="IN">
<iter>
<kw name="Dictionary Should Contain Key" owner="Collections">
<msg time="2024-04-23T23:13:22.825708" level="INFO">False</msg>
<arg>${json_data['results'][0]}</arg>
<arg>${key}</arg>
<doc>Fails if ``key`` is not found from ``dictionary``.</doc>
<status status="PASS" start="2024-04-23T23:13:22.825305" elapsed="0.000442"/>
</kw>
<kw name="Log" owner="BuiltIn">
<msg time="2024-04-23T23:13:22.826429" level="INFO">{'gender': 'male', 'name': {'title': 'Mr', 'first': 'عباس', 'last': 'رضایی'}, 'location': {'street': {'number': 7127, 'name': 'پارک ولیعصر'}, 'city': 'پاکدشت', 'state': 'بوشهر', 'country': 'Iran', 'postcode': 40750, 'coordinates': {'latitude': '19.0039', 'longitude': '-164.2595'}, 'timezone': {'offset': '-3:30', 'description': 'Newfoundland'}}, 'email': 'aabs.rdyy@example.com', 'login': {'uuid': '925bed35-f6db-4f83-81f8-f8b8703a2595', 'username': 'yellowlion984', 'password': 'andre', 'salt': '0yZQ7GnF', 'md5': '8ca0f28c6a0f1b6c63320799d63e35e7', 'sha1': '40b42c0aba2cddc39b0b9dcacc309ce9912b840d', 'sha256': '5e8b03cf772c63c2d0cda4599d61c4798123171345061004c88b5c57665d7b67'}, 'dob': {'date': '1974-12-29T00:04:24.885Z', 'age': 49}, 'registered': {'date': '2016-07-02T07:27:37.295Z', 'age': 7}, 'phone': '040-26136336', 'cell': '0923-340-6910', 'id': {'name': '', 'value': None}, 'picture': {'large': 'https://randomuser.me/api/portraits/men/51.jpg', 'medium': 'https://randomuser.me/api/portraits/med/men/51.jpg', 'thumbnail': 'https://randomuser.me/api/portraits/thumb/men/51.jpg'}, 'nat': 'IR'}</msg>
<arg>${json_data['results'][0]}</arg>
<doc>Logs the given message with the given level.</doc>
<status status="PASS" start="2024-04-23T23:13:22.826052" elapsed="0.000430"/>
</kw>
<kw name="Log" owner="BuiltIn">
<msg time="2024-04-23T23:13:22.826905" level="INFO">gender</msg>
<arg>${key}</arg>
<doc>Logs the given message with the given level.</doc>
<status status="PASS" start="2024-04-23T23:13:22.826778" elapsed="0.000166"/>
</kw>
<var name="${key}">gender</var>
<status status="PASS" start="2024-04-23T23:13:22.825180" elapsed="0.001979"/>
</iter>
<iter>
<kw name="Dictionary Should Contain Key" owner="Collections">
<msg time="2024-04-23T23:13:22.827849" level="INFO">False</msg>
<arg>${json_data['results'][0]}</arg>
<arg>${key}</arg>
<doc>Fails if ``key`` is not found from ``dictionary``.</doc>
<status status="PASS" start="2024-04-23T23:13:22.827466" elapsed="0.000421"/>
</kw>
<kw name="Log" owner="BuiltIn">
<msg time="2024-04-23T23:13:22.828576" level="INFO">{'gender': 'male', 'name': {'title': 'Mr', 'first': 'عباس', 'last': 'رضایی'}, 'location': {'street': {'number': 7127, 'name': 'پارک ولیعصر'}, 'city': 'پاکدشت', 'state': 'بوشهر', 'country': 'Iran', 'postcode': 40750, 'coordinates': {'latitude': '19.0039', 'longitude': '-164.2595'}, 'timezone': {'offset': '-3:30', 'description': 'Newfoundland'}}, 'email': 'aabs.rdyy@example.com', 'login': {'uuid': '925bed35-f6db-4f83-81f8-f8b8703a2595', 'username': 'yellowlion984', 'password': 'andre', 'salt': '0yZQ7GnF', 'md5': '8ca0f28c6a0f1b6c63320799d63e35e7', 'sha1': '40b42c0aba2cddc39b0b9dcacc309ce9912b840d', 'sha256': '5e8b03cf772c63c2d0cda4599d61c4798123171345061004c88b5c57665d7b67'}, 'dob': {'date': '1974-12-29T00:04:24.885Z', 'age': 49}, 'registered': {'date': '2016-07-02T07:27:37.295Z', 'age': 7}, 'phone': '040-26136336', 'cell': '0923-340-6910', 'id': {'name': '', 'value': None}, 'picture': {'large': 'https://randomuser.me/api/portraits/men/51.jpg', 'medium': 'https://randomuser.me/api/portraits/med/men/51.jpg', 'thumbnail': 'https://randomuser.me/api/portraits/thumb/men/51.jpg'}, 'nat': 'IR'}</msg>
<arg>${json_data['results'][0]}</arg>
<doc>Logs the given message with the given level.</doc>
<status status="PASS" start="2024-04-23T23:13:22.828210" elapsed="0.000418"/>
</kw>
<kw name="Log" owner="BuiltIn">
<msg time="2024-04-23T23:13:22.829076" level="INFO">name</msg>
<arg>${key}</arg>
<doc>Logs the given message with the given level.</doc>
<status status="PASS" start="2024-04-23T23:13:22.828926" elapsed="0.000190"/>
</kw>
<var name="${key}">name</var>
<status status="PASS" start="2024-04-23T23:13:22.827347" elapsed="0.001988"/>
</iter>
<iter>
<kw name="Dictionary Should Contain Key" owner="Collections">
<msg time="2024-04-23T23:13:22.830016" level="INFO">False</msg>
<arg>${json_data['results'][0]}</arg>
<arg>${key}</arg>
<doc>Fails if ``key`` is not found from ``dictionary``.</doc>
<status status="PASS" start="2024-04-23T23:13:22.829626" elapsed="0.000428"/>
</kw>
<kw name="Log" owner="BuiltIn">
<msg time="2024-04-23T23:13:22.830716" level="INFO">{'gender': 'male', 'name': {'title': 'Mr', 'first': 'عباس', 'last': 'رضایی'}, 'location': {'street': {'number': 7127, 'name': 'پارک ولیعصر'}, 'city': 'پاکدشت', 'state': 'بوشهر', 'country': 'Iran', 'postcode': 40750, 'coordinates': {'latitude': '19.0039', 'longitude': '-164.2595'}, 'timezone': {'offset': '-3:30', 'description': 'Newfoundland'}}, 'email': 'aabs.rdyy@example.com', 'login': {'uuid': '925bed35-f6db-4f83-81f8-f8b8703a2595', 'username': 'yellowlion984', 'password': 'andre', 'salt': '0yZQ7GnF', 'md5': '8ca0f28c6a0f1b6c63320799d63e35e7', 'sha1': '40b42c0aba2cddc39b0b9dcacc309ce9912b840d', 'sha256': '5e8b03cf772c63c2d0cda4599d61c4798123171345061004c88b5c57665d7b67'}, 'dob': {'date': '1974-12-29T00:04:24.885Z', 'age': 49}, 'registered': {'date': '2016-07-02T07:27:37.295Z', 'age': 7}, 'phone': '040-26136336', 'cell': '0923-340-6910', 'id': {'name': '', 'value': None}, 'picture': {'large': 'https://randomuser.me/api/portraits/men/51.jpg', 'medium': 'https://randomuser.me/api/portraits/med/men/51.jpg', 'thumbnail': 'https://randomuser.me/api/portraits/thumb/men/51.jpg'}, 'nat': 'IR'}</msg>
<arg>${json_data['results'][0]}</arg>
<doc>Logs the given message with the given level.</doc>
<status status="PASS" start="2024-04-23T23:13:22.830354" elapsed="0.000413"/>
</kw>
<kw name="Log" owner="BuiltIn">
<msg time="2024-04-23T23:13:22.831186" level="INFO">location</msg>
<arg>${key}</arg>
<doc>Logs the given message with the given level.</doc>
<status status="PASS" start="2024-04-23T23:13:22.831061" elapsed="0.000164"/>
</kw>
<var name="${key}">location</var>
<status status="PASS" start="2024-04-23T23:13:22.829514" elapsed="0.001922"/>
</iter>
<iter>
<kw name="Dictionary Should Contain Key" owner="Collections">
<msg time="2024-04-23T23:13:22.832109" level="INFO">False</msg>
<arg>${json_data['results'][0]}</arg>
<arg>${key}</arg>
<doc>Fails if ``key`` is not found from ``dictionary``.</doc>
<status status="PASS" start="2024-04-23T23:13:22.831721" elapsed="0.000426"/>
</kw>
<kw name="Log" owner="BuiltIn">
<msg time="2024-04-23T23:13:22.832849" level="INFO">{'gender': 'male', 'name': {'title': 'Mr', 'first': 'عباس', 'last': 'رضایی'}, 'location': {'street': {'number': 7127, 'name': 'پارک ولیعصر'}, 'city': 'پاکدشت', 'state': 'بوشهر', 'country': 'Iran', 'postcode': 40750, 'coordinates': {'latitude': '19.0039', 'longitude': '-164.2595'}, 'timezone': {'offset': '-3:30', 'description': 'Newfoundland'}}, 'email': 'aabs.rdyy@example.com', 'login': {'uuid': '925bed35-f6db-4f83-81f8-f8b8703a2595', 'username': 'yellowlion984', 'password': 'andre', 'salt': '0yZQ7GnF', 'md5': '8ca0f28c6a0f1b6c63320799d63e35e7', 'sha1': '40b42c0aba2cddc39b0b9dcacc309ce9912b840d', 'sha256': '5e8b03cf772c63c2d0cda4599d61c4798123171345061004c88b5c57665d7b67'}, 'dob': {'date': '1974-12-29T00:04:24.885Z', 'age': 49}, 'registered': {'date': '2016-07-02T07:27:37.295Z', 'age': 7}, 'phone': '040-26136336', 'cell': '0923-340-6910', 'id': {'name': '', 'value': None}, 'picture': {'large': 'https://randomuser.me/api/portraits/men/51.jpg', 'medium': 'https://randomuser.me/api/portraits/med/men/51.jpg', 'thumbnail': 'https://randomuser.me/api/portraits/thumb/men/51.jpg'}, 'nat': 'IR'}</msg>
<arg>${json_data['results'][0]}</arg>
<doc>Logs the given message with the given level.</doc>
<status status="PASS" start="2024-04-23T23:13:22.832482" elapsed="0.000417"/>
</kw>
<kw name="Log" owner="BuiltIn">
<msg time="2024-04-23T23:13:22.833355" level="INFO">email</msg>
<arg>${key}</arg>
<doc>Logs the given message with the given level.</doc>
<status status="PASS" start="2024-04-23T23:13:22.833228" elapsed="0.000165"/>
</kw>
<var name="${key}">email</var>
<status status="PASS" start="2024-04-23T23:13:22.831610" elapsed="0.001999"/>
</iter>
<iter>
<kw name="Dictionary Should Contain Key" owner="Collections">
<msg time="2024-04-23T23:13:22.834281" level="INFO">False</msg>
<arg>${json_data['results'][0]}</arg>
<arg>${key}</arg>
<doc>Fails if ``key`` is not found from ``dictionary``.</doc>
<status status="PASS" start="2024-04-23T23:13:22.833892" elapsed="0.000427"/>
</kw>
<kw name="Log" owner="BuiltIn">
<msg time="2024-04-23T23:13:22.834978" level="INFO">{'gender': 'male', 'name': {'title': 'Mr', 'first': 'عباس', 'last': 'رضایی'}, 'location': {'street': {'number': 7127, 'name': 'پارک ولیعصر'}, 'city': 'پاکدشت', 'state': 'بوشهر', 'country': 'Iran', 'postcode': 40750, 'coordinates': {'latitude': '19.0039', 'longitude': '-164.2595'}, 'timezone': {'offset': '-3:30', 'description': 'Newfoundland'}}, 'email': 'aabs.rdyy@example.com', 'login': {'uuid': '925bed35-f6db-4f83-81f8-f8b8703a2595', 'username': 'yellowlion984', 'password': 'andre', 'salt': '0yZQ7GnF', 'md5': '8ca0f28c6a0f1b6c63320799d63e35e7', 'sha1': '40b42c0aba2cddc39b0b9dcacc309ce9912b840d', 'sha256': '5e8b03cf772c63c2d0cda4599d61c4798123171345061004c88b5c57665d7b67'}, 'dob': {'date': '1974-12-29T00:04:24.885Z', 'age': 49}, 'registered': {'date': '2016-07-02T07:27:37.295Z', 'age': 7}, 'phone': '040-26136336', 'cell': '0923-340-6910', 'id': {'name': '', 'value': None}, 'picture': {'large': 'https://randomuser.me/api/portraits/men/51.jpg', 'medium': 'https://randomuser.me/api/portraits/med/men/51.jpg', 'thumbnail': 'https://randomuser.me/api/portraits/thumb/men/51.jpg'}, 'nat': 'IR'}</msg>
<arg>${json_data['results'][0]}</arg>
<doc>Logs the given message with the given level.</doc>
<status status="PASS" start="2024-04-23T23:13:22.834612" elapsed="0.000416"/>
</kw>
<kw name="Log" owner="BuiltIn">
<msg time="2024-04-23T23:13:22.835445" level="INFO">login</msg>
<arg>${key}</arg>
<doc>Logs the given message with the given level.</doc>
<status status="PASS" start="2024-04-23T23:13:22.835321" elapsed="0.000163"/>
</kw>
<var name="${key}">login</var>
<status status="PASS" start="2024-04-23T23:13:22.833782" elapsed="0.001915"/>
</iter>
<var>${key}</var>
<value>@{expected_keys}</value>
<status status="PASS" start="2024-04-23T23:13:22.824959" elapsed="0.010857"/>
</for>
<kw name="Create List" owner="BuiltIn">
<msg time="2024-04-23T23:13:22.836176" level="INFO">${expected_keysTwo} = ['username', 'password']</msg>
<var>${expected_keysTwo}</var>
<arg>username</arg>
<arg>password</arg>
<doc>Returns a list containing given items.</doc>
<status status="PASS" start="2024-04-23T23:13:22.836038" elapsed="0.000172"/>
</kw>
<for flavor="IN">
<iter>
<kw name="Dictionary Should Contain Key" owner="Collections">
<msg time="2024-04-23T23:13:22.837269" level="INFO">False</msg>
<arg>${json_data['results'][0]['login']}</arg>
<arg>${keyTwo}</arg>
<doc>Fails if ``key`` is not found from ``dictionary``.</doc>
<status status="PASS" start="2024-04-23T23:13:22.836769" elapsed="0.000549"/>
</kw>
<kw name="Dictionary Should Contain Key" owner="Collections">
<msg time="2024-04-23T23:13:22.838011" level="INFO">False</msg>
<arg>${json_data['results'][0]['login']}</arg>
<arg>${keyTwo}</arg>
<doc>Fails if ``key`` is not found from ``dictionary``.</doc>
<status status="PASS" start="2024-04-23T23:13:22.837618" elapsed="0.000432"/>
</kw>
<kw name="Log" owner="BuiltIn">
<msg time="2024-04-23T23:13:22.838472" level="INFO">username</msg>
<arg>${keyTwo}</arg>
<doc>Logs the given message with the given level.</doc>
<status status="PASS" start="2024-04-23T23:13:22.838347" elapsed="0.000168"/>
</kw>
<var name="${keyTwo}">username</var>
<status status="PASS" start="2024-04-23T23:13:22.836636" elapsed="0.002094"/>
</iter>
<iter>
<kw name="Dictionary Should Contain Key" owner="Collections">
<msg time="2024-04-23T23:13:22.839481" level="INFO">False</msg>
<arg>${json_data['results'][0]['login']}</arg>
<arg>${keyTwo}</arg>
<doc>Fails if ``key`` is not found from ``dictionary``.</doc>
<status status="PASS" start="2024-04-23T23:13:22.839012" elapsed="0.000513"/>
</kw>
<kw name="Dictionary Should Contain Key" owner="Collections">
<msg time="2024-04-23T23:13:22.840204" level="INFO">False</msg>
<arg>${json_data['results'][0]['login']}</arg>
<arg>${keyTwo}</arg>
<doc>Fails if ``key`` is not found from ``dictionary``.</doc>
<status status="PASS" start="2024-04-23T23:13:22.839823" elapsed="0.000418"/>
</kw>
<kw name="Log" owner="BuiltIn">
<msg time="2024-04-23T23:13:22.840660" level="INFO">password</msg>
<arg>${keyTwo}</arg>
<doc>Logs the given message with the given level.</doc>
<status status="PASS" start="2024-04-23T23:13:22.840533" elapsed="0.000165"/>
</kw>
<var name="${keyTwo}">password</var>
<status status="PASS" start="2024-04-23T23:13:22.838903" elapsed="0.002008"/>
</iter>
<var>${keyTwo}</var>
<value>@{expected_keysTwo}</value>
<status status="PASS" start="2024-04-23T23:13:22.836447" elapsed="0.004607"/>
</for>
<status status="PASS" start="2024-04-23T23:13:22.724463" elapsed="0.116743"/>
</kw>
<doc>Testa a estrutura da resposta da API.</doc>
<tag>testeEstruturaResposta</tag>
<status status="PASS" start="2024-04-23T23:13:22.723860" elapsed="0.117495"/>
</test>
<test id="s1-s1-t4" name="Validar tipos de dados" line="28">
<kw name="Teste de Tipos de Dados" owner="random-user-service">
<kw name="GET On Session" owner="RequestsLibrary">
<msg time="2024-04-23T23:13:22.916953" level="INFO">GET Request : url=https://randomuser.me/api 
 path_url=/api 
 headers={'User-Agent': 'python-requests/2.31.0', 'Accept-Encoding': 'gzip, deflate', 'Accept': '*/*', 'Connection': 'keep-alive'} 
 body=None 
 </msg>
<msg time="2024-04-23T23:13:22.917075" level="INFO">GET Response : url=https://randomuser.me/api 
 status=200, reason=OK 
 headers={'Date': 'Tue, 23 Apr 2024 23:13:22 GMT', 'Content-Type': 'application/json; charset=utf-8', 'Transfer-Encoding': 'chunked', 'Connection': 'keep-alive', 'X-Powered-By': 'Express', 'Access-Control-Allow-Origin': '*', 'Cache-Control': 'no-cache', 'ETag': 'W/"488-BtuEXMBdOl7LG/LcaB3Emm+vC1E"', 'Vary': 'Accept-Encoding', 'Content-Encoding': 'gzip', 'CF-Cache-Status': 'DYNAMIC', 'Report-To': '{"endpoints":[{"url":"https:\\/\\/a.nel.cloudflare.com\\/report\\/v4?s=n9k2RNDoU852af2k%2BIfZv7om97HI5OG8kaPeAw7tNj1ZFpjKGlprBEfXbwoZnlJUu4d3QJMJQeHW9VrHDTUUY4XWJ2NSXmgpAuHjeN95jhusLecBAJ2TN0LWn7DlhJZS"}],"group":"cf-nel","max_age":604800}', 'NEL': '{"success_fraction":0,"report_to":"cf-nel","max_age":604800}', 'Server': 'cloudflare', 'CF-RAY': '87918b35c926812d-ORD', 'alt-svc': 'h3=":443"; ma=86400'} 
 body={"results":[{"gender":"male","name":{"title":"Mr","first":"Mohamoud","last":"Ivens"},"location":{"street":{"number":838,"name":"Heliotrooplaan"},"city":"De Goorn","state":"Gelderland","country":"Netherlands","postcode":"4494 NO","coordinates":{"latitude":"32.5351","longitude":"-132.7336"},"timezone":{"offset":"-12:00","description":"Eniwetok, Kwajalein"}},"email":"mohamoud.ivens@example.com","login":{"uuid":"a501b241-1697-40dd-8d8c-792bd5726d29","username":"lazysnake511","password":"snuffy","salt":"exJCdZ1d","md5":"bfb81634bba8b7742e62a41c35ce374e","sha1":"83c162c09f8e1a431c41e6de0e50dea170d3d318","sha256":"60cc983c2db238ce22a1bbef443dd5af8a6dcc598ba1cbdbe66328cafb2a0025"},"dob":{"date":"1977-07-03T05:03:02.653Z","age":46},"registered":{"date":"2005-05-05T20:47:52.037Z","age":18},"phone":"(083) 4148163","cell":"(06) 16086403","id":{"name":"BSN","value":"23661720"},"picture":{"large":"https://randomuser.me/api/portraits/men/74.jpg","medium":"https://randomuser.me/api/portraits/med/men/74.jpg","thumbnail":"https://randomuser.me/api/portraits/thumb/men/74.jpg"},"nat":"NL"}],"info":{"seed":"f451421682ad06f6","results":1,"page":1,"version":"1.4"}} 
 </msg>
<msg time="2024-04-23T23:13:22.917155" level="INFO">/opt/hostedtoolcache/Python/3.12.3/x64/lib/python3.12/site-packages/urllib3/connectionpool.py:1103: InsecureRequestWarning: Unverified HTTPS request is being made to host 'randomuser.me'. Adding certificate verification is strongly advised. See: https://urllib3.readthedocs.io/en/latest/advanced-usage.html#tls-warnings
  warnings.warn(</msg>
<msg time="2024-04-23T23:13:22.917272" level="INFO">${response} = &lt;Response [200]&gt;</msg>
<var>${response}</var>
<arg>consultarAPI</arg>
<arg>/api</arg>
<doc>Sends a GET request on a previously created HTTP Session.</doc>
<status status="PASS" start="2024-04-23T23:13:22.843864" elapsed="0.073459"/>
</kw>
<kw name="Set Variable" owner="BuiltIn">
<msg time="2024-04-23T23:13:22.918377" level="INFO">${json_data} = {'results': [{'gender': 'male', 'name': {'title': 'Mr', 'first': 'Mohamoud', 'last': 'Ivens'}, 'location': {'street': {'number': 838, 'name': 'Heliotrooplaan'}, 'city': 'De Goorn', 'state': 'Gelderlan...</msg>
<var>${json_data}</var>
<arg>${response.json()}</arg>
<doc>Returns the given values which can then be assigned to a variables.</doc>
<status status="PASS" start="2024-04-23T23:13:22.917779" elapsed="0.000627"/>
</kw>
<kw name="Log" owner="BuiltIn">
<msg time="2024-04-23T23:13:22.918860" level="INFO">{'results': [{'gender': 'male', 'name': {'title': 'Mr', 'first': 'Mohamoud', 'last': 'Ivens'}, 'location': {'street': {'number': 838, 'name': 'Heliotrooplaan'}, 'city': 'De Goorn', 'state': 'Gelderland', 'country': 'Netherlands', 'postcode': '4494 NO', 'coordinates': {'latitude': '32.5351', 'longitude': '-132.7336'}, 'timezone': {'offset': '-12:00', 'description': 'Eniwetok, Kwajalein'}}, 'email': 'mohamoud.ivens@example.com', 'login': {'uuid': 'a501b241-1697-40dd-8d8c-792bd5726d29', 'username': 'lazysnake511', 'password': 'snuffy', 'salt': 'exJCdZ1d', 'md5': 'bfb81634bba8b7742e62a41c35ce374e', 'sha1': '83c162c09f8e1a431c41e6de0e50dea170d3d318', 'sha256': '60cc983c2db238ce22a1bbef443dd5af8a6dcc598ba1cbdbe66328cafb2a0025'}, 'dob': {'date': '1977-07-03T05:03:02.653Z', 'age': 46}, 'registered': {'date': '2005-05-05T20:47:52.037Z', 'age': 18}, 'phone': '(083) 4148163', 'cell': '(06) 16086403', 'id': {'name': 'BSN', 'value': '23661720'}, 'picture': {'large': 'https://randomuser.me/api/portraits/men/74.jpg', 'medium': 'https://randomuser.me/api/portraits/med/men/74.jpg', 'thumbnail': 'https://randomuser.me/api/portraits/thumb/men/74.jpg'}, 'nat': 'NL'}], 'info': {'seed': 'f451421682ad06f6', 'results': 1, 'page': 1, 'version': '1.4'}}</msg>
<arg>${json_data}</arg>
<doc>Logs the given message with the given level.</doc>
<status status="PASS" start="2024-04-23T23:13:22.918710" elapsed="0.000198"/>
</kw>
<kw name="Should Be String" owner="String">
<arg>${json_data['results'][0]['gender']}</arg>
<doc>Fails if the given ``item`` is not a string.</doc>
<status status="PASS" start="2024-04-23T23:13:22.919236" elapsed="0.000362"/>
</kw>
<kw name="Should Match Regexp" owner="BuiltIn">
<arg>${json_data['results'][0]['email']}</arg>
<arg>^[a-zA-Z0-9._%+-]+@[a-zA-Z0-9.-]+\.[a-zA-Z]{2,}$</arg>
<doc>Fails if ``string`` does not match ``pattern`` as a regular expression.</doc>
<status status="PASS" start="2024-04-23T23:13:22.919787" elapsed="0.000500"/>
</kw>
<kw name="Should Match Regexp" owner="BuiltIn">
<arg>${json_data['results'][0]['dob']['date']}</arg>
<arg>\\d{4}-\\d{2}-\\d{2}T\\d{2}:\\d{2}:\\d{2}\\.\\d{3}Z</arg>
<doc>Fails if ``string`` does not match ``pattern`` as a regular expression.</doc>
<status status="PASS" start="2024-04-23T23:13:22.920482" elapsed="0.000493"/>
</kw>
<kw name="Should Match Regexp" owner="BuiltIn">
<arg>${json_data['results'][0]['registered']['date']}</arg>
<arg>\\d{4}-\\d{2}-\\d{2}T\\d{2}:\\d{2}:\\d{2}\\.\\d{3}Z</arg>
<doc>Fails if ``string`` does not match ``pattern`` as a regular expression.</doc>
<status status="PASS" start="2024-04-23T23:13:22.921213" elapsed="0.000378"/>
</kw>
<kw name="Should Match Regexp" owner="BuiltIn">
<arg>${json_data['results'][0]['picture']['large']}</arg>
<arg>^https?://.*\.(?:png|jpe?g|gif|bmp)$</arg>
<doc>Fails if ``string`` does not match ``pattern`` as a regular expression.</doc>
<status status="PASS" start="2024-04-23T23:13:22.921778" elapsed="0.000466"/>
</kw>
<kw name="Should Match Regexp" owner="BuiltIn">
<arg>${json_data['results'][0]['picture']['medium']}</arg>
<arg>^https?://.*\.(?:png|jpe?g|gif|bmp)$</arg>
<doc>Fails if ``string`` does not match ``pattern`` as a regular expression.</doc>
<status status="PASS" start="2024-04-23T23:13:22.922433" elapsed="0.000365"/>
</kw>
<kw name="Should Match Regexp" owner="BuiltIn">
<arg>${json_data['results'][0]['picture']['thumbnail']}</arg>
<arg>^https?://.*\.(?:png|jpe?g|gif|bmp)$</arg>
<doc>Fails if ``string`` does not match ``pattern`` as a regular expression.</doc>
<status status="PASS" start="2024-04-23T23:13:22.922989" elapsed="0.000351"/>
</kw>
<kw name="Log" owner="BuiltIn">
<msg time="2024-04-23T23:13:22.923838" level="INFO">{'large': 'https://randomuser.me/api/portraits/men/74.jpg', 'medium': 'https://randomuser.me/api/portraits/med/men/74.jpg', 'thumbnail': 'https://randomuser.me/api/portraits/thumb/men/74.jpg'}</msg>
<arg>${json_data['results'][0]['picture']}</arg>
<doc>Logs the given message with the given level.</doc>
<status status="PASS" start="2024-04-23T23:13:22.923517" elapsed="0.000363"/>
</kw>
<status status="PASS" start="2024-04-23T23:13:22.843641" elapsed="0.080498"/>
</kw>
<kw name="Teste de Tipos de Dados - Postcode" owner="random-user-service">
<kw name="GET On Session" owner="RequestsLibrary">
<msg time="2024-04-23T23:13:23.026460" level="INFO">GET Request : url=https://randomuser.me/api 
 path_url=/api 
 headers={'User-Agent': 'python-requests/2.31.0', 'Accept-Encoding': 'gzip, deflate', 'Accept': '*/*', 'Connection': 'keep-alive'} 
 body=None 
 </msg>
<msg time="2024-04-23T23:13:23.026539" level="INFO">GET Response : url=https://randomuser.me/api 
 status=200, reason=OK 
 headers={'Date': 'Tue, 23 Apr 2024 23:13:23 GMT', 'Content-Type': 'application/json; charset=utf-8', 'Transfer-Encoding': 'chunked', 'Connection': 'keep-alive', 'X-Powered-By': 'Express', 'Access-Control-Allow-Origin': '*', 'Cache-Control': 'no-cache', 'ETag': 'W/"4a3-WlPCoOr/feJHxpXhthP9jMJ/UzY"', 'Vary': 'Accept-Encoding', 'Content-Encoding': 'gzip', 'CF-Cache-Status': 'DYNAMIC', 'Report-To': '{"endpoints":[{"url":"https:\\/\\/a.nel.cloudflare.com\\/report\\/v4?s=96wrJagQktZrN1SN9LRtHTq%2BlJDIp5lAIgdaRINY9IBl43TRXui25Fc3rlm5jcWzZ85QzMDN5ysoRD2NSaKzoOqSD7BeFQ7DpmFrZDVPe0PmVxZ%2FqZcGmYlkDjoUnNCC"}],"group":"cf-nel","max_age":604800}', 'NEL': '{"success_fraction":0,"report_to":"cf-nel","max_age":604800}', 'Server': 'cloudflare', 'CF-RAY': '87918b3649c0812d-ORD', 'alt-svc': 'h3=":443"; ma=86400'} 
 body={"results":[{"gender":"male","name":{"title":"Mr","first":"Airton","last":"Fernandes"},"location":{"street":{"number":7300,"name":"Rua Belo Horizonte "},"city":"Bragança Paulista","state":"Rio de Janeiro","country":"Brazil","postcode":13979,"coordinates":{"latitude":"-75.9352","longitude":"-117.6979"},"timezone":{"offset":"+6:00","description":"Almaty, Dhaka, Colombo"}},"email":"airton.fernandes@example.com","login":{"uuid":"06cb22b0-d969-48d3-b72f-9e346a1d47fb","username":"blackwolf643","password":"hithere","salt":"2MAJG2mC","md5":"8e6e8189abd5a6321a651befb4787e5e","sha1":"74677a03d32e7b24f2124ed9344b4b6d4f511e8f","sha256":"44d224dfa7528241a20c595077458c893d56e5266a3bde1853d514029a0b191c"},"dob":{"date":"1996-01-30T00:58:04.752Z","age":28},"registered":{"date":"2006-07-22T01:25:38.663Z","age":17},"phone":"(46) 1834-9702","cell":"(22) 6138-8676","id":{"name":"CPF","value":"778.215.873-89"},"picture":{"large":"https://randomuser.me/api/portraits/men/25.jpg","medium":"https://randomuser.me/api/portraits/med/men/25.jpg","thumbnail":"https://randomuser.me/api/portraits/thumb/men/25.jpg"},"nat":"BR"}],"info":{"seed":"ccfeac88f76c8112","results":1,"page":1,"version":"1.4"}} 
 </msg>
<msg time="2024-04-23T23:13:23.026597" level="INFO">/opt/hostedtoolcache/Python/3.12.3/x64/lib/python3.12/site-packages/urllib3/connectionpool.py:1103: InsecureRequestWarning: Unverified HTTPS request is being made to host 'randomuser.me'. Adding certificate verification is strongly advised. See: https://urllib3.readthedocs.io/en/latest/advanced-usage.html#tls-warnings
  warnings.warn(</msg>
<msg time="2024-04-23T23:13:23.026683" level="INFO">${response} = &lt;Response [200]&gt;</msg>
<var>${response}</var>
<arg>consultarAPI</arg>
<arg>/api</arg>
<doc>Sends a GET request on a previously created HTTP Session.</doc>
<status status="PASS" start="2024-04-23T23:13:22.924573" elapsed="0.102150"/>
</kw>
<kw name="Set Variable" owner="BuiltIn">
<msg time="2024-04-23T23:13:23.027783" level="INFO">${json_data} = {'results': [{'gender': 'male', 'name': {'title': 'Mr', 'first': 'Airton', 'last': 'Fernandes'}, 'location': {'street': {'number': 7300, 'name': 'Rua Belo Horizonte '}, 'city': 'Bragança Paulista', 's...</msg>
<var>${json_data}</var>
<arg>${response.json()}</arg>
<doc>Returns the given values which can then be assigned to a variables.</doc>
<status status="PASS" start="2024-04-23T23:13:23.027186" elapsed="0.000627"/>
</kw>
<kw name="Log" owner="BuiltIn">
<msg time="2024-04-23T23:13:23.028280" level="INFO">{'results': [{'gender': 'male', 'name': {'title': 'Mr', 'first': 'Airton', 'last': 'Fernandes'}, 'location': {'street': {'number': 7300, 'name': 'Rua Belo Horizonte '}, 'city': 'Bragança Paulista', 'state': 'Rio de Janeiro', 'country': 'Brazil', 'postcode': 13979, 'coordinates': {'latitude': '-75.9352', 'longitude': '-117.6979'}, 'timezone': {'offset': '+6:00', 'description': 'Almaty, Dhaka, Colombo'}}, 'email': 'airton.fernandes@example.com', 'login': {'uuid': '06cb22b0-d969-48d3-b72f-9e346a1d47fb', 'username': 'blackwolf643', 'password': 'hithere', 'salt': '2MAJG2mC', 'md5': '8e6e8189abd5a6321a651befb4787e5e', 'sha1': '74677a03d32e7b24f2124ed9344b4b6d4f511e8f', 'sha256': '44d224dfa7528241a20c595077458c893d56e5266a3bde1853d514029a0b191c'}, 'dob': {'date': '1996-01-30T00:58:04.752Z', 'age': 28}, 'registered': {'date': '2006-07-22T01:25:38.663Z', 'age': 17}, 'phone': '(46) 1834-9702', 'cell': '(22) 6138-8676', 'id': {'name': 'CPF', 'value': '778.215.873-89'}, 'picture': {'large': 'https://randomuser.me/api/portraits/men/25.jpg', 'medium': 'https://randomuser.me/api/portraits/med/men/25.jpg', 'thumbnail': 'https://randomuser.me/api/portraits/thumb/men/25.jpg'}, 'nat': 'BR'}], 'info': {'seed': 'ccfeac88f76c8112', 'results': 1, 'page': 1, 'version': '1.4'}}</msg>
<arg>${json_data}</arg>
<doc>Logs the given message with the given level.</doc>
<status status="PASS" start="2024-04-23T23:13:23.028124" elapsed="0.000205"/>
</kw>
<kw name="Should Be Equal As Numbers" owner="BuiltIn">
<arg>${json_data['results'][0]['location']['postcode']}</arg>
<arg>${json_data['results'][0]['location']['postcode']}</arg>
<doc>Fails if objects are unequal after converting them to real numbers.</doc>
<status status="PASS" start="2024-04-23T23:13:23.028756" elapsed="0.000699"/>
</kw>
<kw name="Log" owner="BuiltIn">
<msg time="2024-04-23T23:13:23.029988" level="INFO">13979</msg>
<arg>${json_data['results'][0]['location']['postcode']}</arg>
<doc>Logs the given message with the given level.</doc>
<status status="PASS" start="2024-04-23T23:13:23.029651" elapsed="0.000378"/>
</kw>
<status status="PASS" start="2024-04-23T23:13:22.924350" elapsed="0.105930"/>
</kw>
<doc>Testa se os tipos de dados na resposta da API estão corretos.</doc>
<tag>testeTiposDados</tag>
<status status="PASS" start="2024-04-23T23:13:22.843109" elapsed="0.187329"/>
</test>
<test id="s1-s1-t5" name="Validar conteudo" line="35">
<kw name="Teste de Tipos de Conteudo" owner="random-user-service">
<kw name="GET On Session" owner="RequestsLibrary">
<msg time="2024-04-23T23:13:23.125892" level="INFO">GET Request : url=https://randomuser.me/api 
 path_url=/api 
 headers={'User-Agent': 'python-requests/2.31.0', 'Accept-Encoding': 'gzip, deflate', 'Accept': '*/*', 'Connection': 'keep-alive'} 
 body=None 
 </msg>
<msg time="2024-04-23T23:13:23.125970" level="INFO">GET Response : url=https://randomuser.me/api 
 status=200, reason=OK 
 headers={'Date': 'Tue, 23 Apr 2024 23:13:23 GMT', 'Content-Type': 'application/json; charset=utf-8', 'Transfer-Encoding': 'chunked', 'Connection': 'keep-alive', 'X-Powered-By': 'Express', 'Access-Control-Allow-Origin': '*', 'Cache-Control': 'no-cache', 'ETag': 'W/"481-BEe1X7mi/5qnYoelJNY+ipibTmw"', 'Vary': 'Accept-Encoding', 'Content-Encoding': 'gzip', 'CF-Cache-Status': 'DYNAMIC', 'Report-To': '{"endpoints":[{"url":"https:\\/\\/a.nel.cloudflare.com\\/report\\/v4?s=we9mnuE6ButOWg7UHqfG2afhIkOhswwCi9xHG34B1S4DZIAp7YhLNKDm0rLwUExWl6r06zKShMfufHl1Kte1UqslIinTVgtpnqdUDPGOCWCjfXuHhwBm9YlFWP1e9jQE"}],"group":"cf-nel","max_age":604800}', 'NEL': '{"success_fraction":0,"report_to":"cf-nel","max_age":604800}', 'Server': 'cloudflare', 'CF-RAY': '87918b36fa9a812d-ORD', 'alt-svc': 'h3=":443"; ma=86400'} 
 body={"results":[{"gender":"female","name":{"title":"Ms","first":"Latife","last":"Sepetçi"},"location":{"street":{"number":3492,"name":"Anafartalar Cd"},"city":"Bilecik","state":"Balıkesir","country":"Turkey","postcode":94585,"coordinates":{"latitude":"68.1995","longitude":"68.2391"},"timezone":{"offset":"-11:00","description":"Midway Island, Samoa"}},"email":"latife.sepetci@example.com","login":{"uuid":"8be05121-f696-4c86-877a-bbe70e984e27","username":"purplepeacock723","password":"impala","salt":"yJxWHzXE","md5":"4f434969fdd43d8760c4fed5d45dca20","sha1":"fdfc1b95ab1b798d8e893b8242419faf400be55e","sha256":"535f35e17945d0cb67f142c59d5db8764a166108c92b34d49f7c4c2495793573"},"dob":{"date":"1995-08-15T17:22:30.110Z","age":28},"registered":{"date":"2012-02-04T21:16:32.377Z","age":12},"phone":"(955)-281-4608","cell":"(722)-173-1242","id":{"name":"","value":null},"picture":{"large":"https://randomuser.me/api/portraits/women/1.jpg","medium":"https://randomuser.me/api/portraits/med/women/1.jpg","thumbnail":"https://randomuser.me/api/portraits/thumb/women/1.jpg"},"nat":"TR"}],"info":{"seed":"a604f38c476bb36d","results":1,"page":1,"version":"1.4"}} 
 </msg>
<msg time="2024-04-23T23:13:23.126040" level="INFO">/opt/hostedtoolcache/Python/3.12.3/x64/lib/python3.12/site-packages/urllib3/connectionpool.py:1103: InsecureRequestWarning: Unverified HTTPS request is being made to host 'randomuser.me'. Adding certificate verification is strongly advised. See: https://urllib3.readthedocs.io/en/latest/advanced-usage.html#tls-warnings
  warnings.warn(</msg>
<msg time="2024-04-23T23:13:23.126149" level="INFO">${response} = &lt;Response [200]&gt;</msg>
<var>${response}</var>
<arg>consultarAPI</arg>
<arg>/api</arg>
<doc>Sends a GET request on a previously created HTTP Session.</doc>
<status status="PASS" start="2024-04-23T23:13:23.032877" elapsed="0.093321"/>
</kw>
<kw name="Set Variable" owner="BuiltIn">
<msg time="2024-04-23T23:13:23.127283" level="INFO">${json_data} = {'results': [{'gender': 'female', 'name': {'title': 'Ms', 'first': 'Latife', 'last': 'Sepetçi'}, 'location': {'street': {'number': 3492, 'name': 'Anafartalar Cd'}, 'city': 'Bilecik', 'state': 'Balıkes...</msg>
<var>${json_data}</var>
<arg>${response.json()}</arg>
<doc>Returns the given values which can then be assigned to a variables.</doc>
<status status="PASS" start="2024-04-23T23:13:23.126728" elapsed="0.000585"/>
</kw>
<kw name="Set Variable" owner="BuiltIn">
<msg time="2024-04-23T23:13:23.128006" level="INFO">${name_title} = Ms</msg>
<var>${name_title}</var>
<arg>${json_data["results"][0]["name"]["title"]}</arg>
<doc>Returns the given values which can then be assigned to a variables.</doc>
<status status="PASS" start="2024-04-23T23:13:23.127625" elapsed="0.000405"/>
</kw>
<kw name="Create List" owner="BuiltIn">
<msg time="2024-04-23T23:13:23.128468" level="INFO">${allowed_titles} = ['Mr', 'Ms', 'Miss', 'Mrs', 'Madame', 'Monsieur']</msg>
<var>${allowed_titles}</var>
<arg>Mr</arg>
<arg>Ms</arg>
<arg>Miss</arg>
<arg>Mrs</arg>
<arg>Madame</arg>
<arg>Monsieur</arg>
<doc>Returns a list containing given items.</doc>
<status status="PASS" start="2024-04-23T23:13:23.128324" elapsed="0.000168"/>
</kw>
<kw name="List Should Contain Value" owner="Collections">
<msg time="2024-04-23T23:13:23.128951" level="INFO">False</msg>
<arg>${allowed_titles}</arg>
<arg>${name_title}</arg>
<doc>Fails if the ``value`` is not found from ``list``.</doc>
<status status="PASS" start="2024-04-23T23:13:23.128785" elapsed="0.000201"/>
</kw>
<kw name="Set Variable" owner="BuiltIn">
<msg time="2024-04-23T23:13:23.129726" level="INFO">${name_country} = TR</msg>
<var>${name_country}</var>
<arg>${json_data["results"][0]["nat"]}</arg>
<doc>Returns the given values which can then be assigned to a variables.</doc>
<status status="PASS" start="2024-04-23T23:13:23.129343" elapsed="0.000408"/>
</kw>
<kw name="Create List" owner="BuiltIn">
<msg time="2024-04-23T23:13:23.130634" level="INFO">${list_country} = ['AD', 'AE', 'AF', 'AG', 'AI', 'AL', 'AM', 'AO', 'AQ', 'AR', 'AS', 'AT', 'AU', 'AW', 'AX', 'AZ', 'BA', 'BB', 'BD', 'BE', 'BF', 'BG', 'BH', 'BI', 'BJ', 'BL', 'BM', 'BN', 'BO', 'BQ', 'BR', 'BS', 'BT', '...</msg>
<var>${list_country}</var>
<arg>AD</arg>
<arg>AE</arg>
<arg>AF</arg>
<arg>AG</arg>
<arg>AI</arg>
<arg>AL</arg>
<arg>AM</arg>
<arg>AO</arg>
<arg>AQ</arg>
<arg>AR</arg>
<arg>AS</arg>
<arg>AT</arg>
<arg>AU</arg>
<arg>AW</arg>
<arg>AX</arg>
<arg>AZ</arg>
<arg>BA</arg>
<arg>BB</arg>
<arg>BD</arg>
<arg>BE</arg>
<arg>BF</arg>
<arg>BG</arg>
<arg>BH</arg>
<arg>BI</arg>
<arg>BJ</arg>
<arg>BL</arg>
<arg>BM</arg>
<arg>BN</arg>
<arg>BO</arg>
<arg>BQ</arg>
<arg>BR</arg>
<arg>BS</arg>
<arg>BT</arg>
<arg>BV</arg>
<arg>BW</arg>
<arg>BY</arg>
<arg>BZ</arg>
<arg>CA</arg>
<arg>CC</arg>
<arg>CD</arg>
<arg>CF</arg>
<arg>CG</arg>
<arg>CH</arg>
<arg>CI</arg>
<arg>CK</arg>
<arg>CL</arg>
<arg>CM</arg>
<arg>CN</arg>
<arg>CO</arg>
<arg>CR</arg>
<arg>CU</arg>
<arg>CV</arg>
<arg>CW</arg>
<arg>CX</arg>
<arg>CY</arg>
<arg>CZ</arg>
<arg>DE</arg>
<arg>DJ</arg>
<arg>DK</arg>
<arg>DM</arg>
<arg>DO</arg>
<arg>DZ</arg>
<arg>EC</arg>
<arg>EE</arg>
<arg>EG</arg>
<arg>EH</arg>
<arg>ER</arg>
<arg>ES</arg>
<arg>ET</arg>
<arg>FI</arg>
<arg>FJ</arg>
<arg>FK</arg>
<arg>FM</arg>
<arg>FO</arg>
<arg>FR</arg>
<arg>GA</arg>
<arg>GB</arg>
<arg>GD</arg>
<arg>GE</arg>
<arg>GF</arg>
<arg>GG</arg>
<arg>GH</arg>
<arg>GI</arg>
<arg>GL</arg>
<arg>GM</arg>
<arg>GN</arg>
<arg>GP</arg>
<arg>GQ</arg>
<arg>GR</arg>
<arg>GS</arg>
<arg>GT</arg>
<arg>GU</arg>
<arg>GW</arg>
<arg>GY</arg>
<arg>HK</arg>
<arg>HM</arg>
<arg>HN</arg>
<arg>HR</arg>
<arg>HT</arg>
<arg>HU</arg>
<arg>ID</arg>
<arg>IE</arg>
<arg>IL</arg>
<arg>IM</arg>
<arg>IN</arg>
<arg>IO</arg>
<arg>IQ</arg>
<arg>IR</arg>
<arg>IS</arg>
<arg>IT</arg>
<arg>JE</arg>
<arg>JM</arg>
<arg>JO</arg>
<arg>JP</arg>
<arg>KE</arg>
<arg>KG</arg>
<arg>KH</arg>
<arg>KI</arg>
<arg>KM</arg>
<arg>KN</arg>
<arg>KP</arg>
<arg>KR</arg>
<arg>KW</arg>
<arg>KY</arg>
<arg>KZ</arg>
<arg>LA</arg>
<arg>LB</arg>
<arg>LC</arg>
<arg>LI</arg>
<arg>LK</arg>
<arg>LR</arg>
<arg>LS</arg>
<arg>LT</arg>
<arg>LU</arg>
<arg>LV</arg>
<arg>LY</arg>
<arg>MA</arg>
<arg>MC</arg>
<arg>MD</arg>
<arg>ME</arg>
<arg>MF</arg>
<arg>MG</arg>
<arg>MH</arg>
<arg>MK</arg>
<arg>ML</arg>
<arg>MM</arg>
<arg>MN</arg>
<arg>MO</arg>
<arg>MP</arg>
<arg>MQ</arg>
<arg>MR</arg>
<arg>MS</arg>
<arg>MT</arg>
<arg>MU</arg>
<arg>MV</arg>
<arg>MW</arg>
<arg>MX</arg>
<arg>MY</arg>
<arg>MZ</arg>
<arg>NA</arg>
<arg>NC</arg>
<arg>NE</arg>
<arg>NF</arg>
<arg>NG</arg>
<arg>NI</arg>
<arg>NL</arg>
<arg>NO</arg>
<arg>NP</arg>
<arg>NR</arg>
<arg>NU</arg>
<arg>NZ</arg>
<arg>OM</arg>
<arg>PA</arg>
<arg>PE</arg>
<arg>PF</arg>
<arg>PG</arg>
<arg>PH</arg>
<arg>PK</arg>
<arg>PL</arg>
<arg>PM</arg>
<arg>PN</arg>
<arg>PR</arg>
<arg>PS</arg>
<arg>PT</arg>
<arg>PW</arg>
<arg>PY</arg>
<arg>QA</arg>
<arg>RE</arg>
<arg>RO</arg>
<arg>RS</arg>
<arg>RU</arg>
<arg>RW</arg>
<arg>SA</arg>
<arg>SB</arg>
<arg>SC</arg>
<arg>SD</arg>
<arg>SE</arg>
<arg>SG</arg>
<arg>SH</arg>
<arg>SI</arg>
<arg>SJ</arg>
<arg>SK</arg>
<arg>SL</arg>
<arg>SM</arg>
<arg>SN</arg>
<arg>SO</arg>
<arg>SR</arg>
<arg>SS</arg>
<arg>ST</arg>
<arg>SV</arg>
<arg>SX</arg>
<arg>SY</arg>
<arg>SZ</arg>
<arg>TC</arg>
<arg>TD</arg>
<arg>TF</arg>
<arg>TG</arg>
<arg>TH</arg>
<arg>TJ</arg>
<arg>TK</arg>
<arg>TL</arg>
<arg>TM</arg>
<arg>TN</arg>
<arg>TO</arg>
<arg>TR</arg>
<arg>TT</arg>
<arg>TV</arg>
<arg>TW</arg>
<arg>TZ</arg>
<arg>UA</arg>
<arg>UG</arg>
<arg>UM</arg>
<arg>US</arg>
<arg>UY</arg>
<arg>UZ</arg>
<arg>VA</arg>
<arg>VC</arg>
<arg>VE</arg>
<arg>VG</arg>
<arg>VI</arg>
<arg>VN</arg>
<arg>VU</arg>
<arg>WF</arg>
<arg>WS</arg>
<arg>XK</arg>
<arg>YE</arg>
<arg>YT</arg>
<arg>ZA</arg>
<arg>ZM</arg>
<arg>ZW</arg>
<doc>Returns a list containing given items.</doc>
<status status="PASS" start="2024-04-23T23:13:23.130048" elapsed="0.000611"/>
</kw>
<kw name="List Should Contain Value" owner="Collections">
<msg time="2024-04-23T23:13:23.131638" level="INFO">False</msg>
<arg>${list_country}</arg>
<arg>${name_country}</arg>
<doc>Fails if the ``value`` is not found from ``list``.</doc>
<status status="PASS" start="2024-04-23T23:13:23.131441" elapsed="0.000233"/>
</kw>
<kw name="Run Keyword If" owner="BuiltIn">
<kw name="Should Be True" owner="BuiltIn">
<arg>${True}</arg>
<doc>Fails if the given condition is not true.</doc>
<status status="PASS" start="2024-04-23T23:13:23.132724" elapsed="0.000238"/>
</kw>
<arg>${json_data["results"][0]["location"]["coordinates"]["latitude"]} &gt;= -90 and ${json_data["results"][0]["location"]["coordinates"]["latitude"]} &lt;= 90</arg>
<arg>Should Be True</arg>
<arg>${True}</arg>
<doc>Runs the given keyword with the given arguments, if ``condition`` is true.</doc>
<status status="PASS" start="2024-04-23T23:13:23.131977" elapsed="0.001140"/>
</kw>
<kw name="Run Keyword If" owner="BuiltIn">
<kw name="Should Be True" owner="BuiltIn">
<arg>${True}</arg>
<doc>Fails if the given condition is not true.</doc>
<status status="PASS" start="2024-04-23T23:13:23.134005" elapsed="0.000135"/>
</kw>
<arg>${json_data["results"][0]["location"]["coordinates"]["longitude"]} &gt;= -180 and ${json_data["results"][0]["location"]["coordinates"]["longitude"]} &lt;= 180</arg>
<arg>Should Be True</arg>
<arg>${True}</arg>
<doc>Runs the given keyword with the given arguments, if ``condition`` is true.</doc>
<status status="PASS" start="2024-04-23T23:13:23.133303" elapsed="0.000960"/>
</kw>
<status status="PASS" start="2024-04-23T23:13:23.032653" elapsed="0.101737"/>
</kw>
<doc>Testa o conteúdo específico dos campos retornados pela API.</doc>
<tag>testeConteudo</tag>
<status status="PASS" start="2024-04-23T23:13:23.032154" elapsed="0.102374"/>
</test>
<status status="PASS" start="2024-04-23T23:13:22.303240" elapsed="0.833253"/>
</suite>
<status status="PASS" start="2024-04-23T23:13:22.289890" elapsed="0.851714"/>
</suite>
<statistics>
<total>
<stat pass="5" fail="0" skip="0">All Tests</stat>
</total>
<tag>
<stat pass="1" fail="0" skip="0">testeConteudo</stat>
<stat pass="1" fail="0" skip="0">testeEstruturaResposta</stat>
<stat pass="1" fail="0" skip="0">testeRequisicaoBasica</stat>
<stat pass="1" fail="0" skip="0">testeTiposDados</stat>
</tag>
<suite>
<stat pass="5" fail="0" skip="0" id="s1" name="Tests">Tests</stat>
<stat pass="5" fail="0" skip="0" id="s1-s1" name="Random-User-Test">Tests.Random-User-Test</stat>
</suite>
</statistics>
<errors>
</errors>
</robot>
