<?xml version="1.0" encoding="UTF-8"?>
<robot generator="Robot 7.0 (Python 3.12.3 on linux)" generated="2024-06-03T09:16:11.985918" rpa="false" schemaversion="5">
<suite id="s1" name="Tests" source="/home/runner/work/ApiRandomUser/ApiRandomUser/RamdonUser/tests">
<suite id="s1-s1" name="Random-User-Test" source="/home/runner/work/ApiRandomUser/ApiRandomUser/RamdonUser/tests/random-user-test.robot">
<test id="s1-s1-t1" name="Conectar" line="13">
<kw name="Conectar API" owner="random-user-service">
<kw name="Create Session" owner="RequestsLibrary">
<msg time="2024-06-03T09:16:12.368968" level="INFO">Creating Session using : alias=consultarAPI, url=https://randomuser.me/, headers={},                     cookies={}, auth=None, timeout=None, proxies=None, verify=False,                     debug=0 </msg>
<arg>consultarAPI</arg>
<arg>${URL}</arg>
<doc>Create Session: create a HTTP session to a server</doc>
<status status="PASS" start="2024-06-03T09:16:12.368773" elapsed="0.000387"/>
</kw>
<status status="PASS" start="2024-06-03T09:16:12.367768" elapsed="0.001758"/>
</kw>
<status status="PASS" start="2024-06-03T09:16:12.367160" elapsed="0.002555"/>
</test>
<test id="s1-s1-t2" name="Validar retorno 200 e JSON Válido" line="16">
<kw name="Teste de Requisicao Basica" owner="random-user-service">
<kw name="GET On Session" owner="RequestsLibrary">
<msg time="2024-06-03T09:16:12.556806" level="INFO">GET Request : url=https://randomuser.me/api 
 path_url=/api 
 headers={'User-Agent': 'python-requests/2.32.3', 'Accept-Encoding': 'gzip, deflate', 'Accept': '*/*', 'Connection': 'keep-alive'} 
 body=None 
 </msg>
<msg time="2024-06-03T09:16:12.556967" level="INFO">GET Response : url=https://randomuser.me/api 
 status=200, reason=OK 
 headers={'Date': 'Mon, 03 Jun 2024 09:16:12 GMT', 'Content-Type': 'application/json; charset=utf-8', 'Transfer-Encoding': 'chunked', 'Connection': 'keep-alive', 'X-Powered-By': 'Express', 'Access-Control-Allow-Origin': '*', 'Cache-Control': 'no-cache', 'ETag': 'W/"48a-4QjrzDEcWBxQzvKHozFNF5llEdg"', 'Vary': 'Accept-Encoding', 'Content-Encoding': 'gzip', 'CF-Cache-Status': 'DYNAMIC', 'Report-To': '{"endpoints":[{"url":"https:\\/\\/a.nel.cloudflare.com\\/report\\/v4?s=ap4J8iIHpzf4ZLs3c7dodA3GYM1VdDm1vLKcmzY1%2FlxUXPGm6U3rRHhHMGCKBK5zAllgyJ%2BZ%2FFvviA2j3Y%2FVWRGgM9fMKmtP%2BfNlbp3plm9MNmt5DIo6opJgCy9KtPQc"}],"group":"cf-nel","max_age":604800}', 'NEL': '{"success_fraction":0,"report_to":"cf-nel","max_age":604800}', 'Server': 'cloudflare', 'CF-RAY': '88de95423e091fd4-IAD', 'alt-svc': 'h3=":443"; ma=86400'} 
 body={"results":[{"gender":"female","name":{"title":"Miss","first":"Tess","last":"Perez"},"location":{"street":{"number":9204,"name":"Rue André-Gide"},"city":"Reims","state":"Pyrénées-Orientales","country":"France","postcode":16935,"coordinates":{"latitude":"-15.5063","longitude":"13.9158"},"timezone":{"offset":"-9:00","description":"Alaska"}},"email":"tess.perez@example.com","login":{"uuid":"fc01e6bc-14ea-411a-a65e-5f0423a882f8","username":"whitegoose966","password":"drummer","salt":"r5PgeM4y","md5":"e6dba6aea243d613e90dd809187db6aa","sha1":"5e7424b96040d7c6e88a84680da85687b990d034","sha256":"31f4a36cf235a777a42ac3c20ead2c4446923cee5bf3c4c2d0236dd5f45a4a65"},"dob":{"date":"1945-05-22T21:24:33.116Z","age":79},"registered":{"date":"2007-05-17T03:24:26.678Z","age":17},"phone":"02-65-51-95-58","cell":"06-43-97-41-41","id":{"name":"INSEE","value":"2450480079577 24"},"picture":{"large":"https://randomuser.me/api/portraits/women/18.jpg","medium":"https://randomuser.me/api/portraits/med/women/18.jpg","thumbnail":"https://randomuser.me/api/portraits/thumb/women/18.jpg"},"nat":"FR"}],"info":{"seed":"e33fcc5de30249a5","results":1,"page":1,"version":"1.4"}} 
 </msg>
<msg time="2024-06-03T09:16:12.557050" level="INFO">/opt/hostedtoolcache/Python/3.12.3/x64/lib/python3.12/site-packages/urllib3/connectionpool.py:1103: InsecureRequestWarning: Unverified HTTPS request is being made to host 'randomuser.me'. Adding certificate verification is strongly advised. See: https://urllib3.readthedocs.io/en/latest/advanced-usage.html#tls-warnings
  warnings.warn(</msg>
<msg time="2024-06-03T09:16:12.557205" level="INFO">${response} = &lt;Response [200]&gt;</msg>
<var>${response}</var>
<arg>consultarAPI</arg>
<arg>/api</arg>
<doc>Sends a GET request on a previously created HTTP Session.</doc>
<status status="PASS" start="2024-06-03T09:16:12.372347" elapsed="0.184901"/>
</kw>
<kw name="Should Be Equal As Numbers" owner="BuiltIn">
<msg time="2024-06-03T09:16:12.558427" level="INFO">Argument types are:
&lt;class 'int'&gt;
&lt;class 'str'&gt;</msg>
<arg>${response.status_code}</arg>
<arg>200</arg>
<doc>Fails if objects are unequal after converting them to real numbers.</doc>
<status status="PASS" start="2024-06-03T09:16:12.557918" elapsed="0.000598"/>
</kw>
<kw name="Log" owner="BuiltIn">
<msg time="2024-06-03T09:16:12.559267" level="INFO">200</msg>
<arg>${response.status_code}</arg>
<doc>Logs the given message with the given level.</doc>
<status status="PASS" start="2024-06-03T09:16:12.558888" elapsed="0.000428"/>
</kw>
<kw name="Set Variable" owner="BuiltIn">
<msg time="2024-06-03T09:16:12.560124" level="INFO">${json_data} = {'results': [{'gender': 'female', 'name': {'title': 'Miss', 'first': 'Tess', 'last': 'Perez'}, 'location': {'street': {'number': 9204, 'name': 'Rue André-Gide'}, 'city': 'Reims', 'state': 'Pyrénées-Or...</msg>
<var>${json_data}</var>
<arg>${response.json()}</arg>
<doc>Returns the given values which can then be assigned to a variables.</doc>
<status status="PASS" start="2024-06-03T09:16:12.559648" elapsed="0.000506"/>
</kw>
<kw name="Dictionary Should Contain Key" owner="Collections">
<msg time="2024-06-03T09:16:12.560678" level="INFO">False</msg>
<arg>${json_data}</arg>
<arg>results</arg>
<doc>Fails if ``key`` is not found from ``dictionary``.</doc>
<status status="PASS" start="2024-06-03T09:16:12.560484" elapsed="0.000405"/>
</kw>
<status status="PASS" start="2024-06-03T09:16:12.372105" elapsed="0.189113"/>
</kw>
<doc>Testa se a API responde corretamente e retorna um objeto JSON válido.</doc>
<tag>testeRequisicaoBasica</tag>
<status status="PASS" start="2024-06-03T09:16:12.371564" elapsed="0.189869"/>
</test>
<test id="s1-s1-t3" name="Validar estrutura de resposta" line="22">
<kw name="Teste de Estrutura de Resposta" owner="random-user-service">
<kw name="GET On Session" owner="RequestsLibrary">
<msg time="2024-06-03T09:16:12.682812" level="INFO">GET Request : url=https://randomuser.me/api 
 path_url=/api 
 headers={'User-Agent': 'python-requests/2.32.3', 'Accept-Encoding': 'gzip, deflate', 'Accept': '*/*', 'Connection': 'keep-alive'} 
 body=None 
 </msg>
<msg time="2024-06-03T09:16:12.682909" level="INFO">GET Response : url=https://randomuser.me/api 
 status=200, reason=OK 
 headers={'Date': 'Mon, 03 Jun 2024 09:16:12 GMT', 'Content-Type': 'application/json; charset=utf-8', 'Transfer-Encoding': 'chunked', 'Connection': 'keep-alive', 'X-Powered-By': 'Express', 'Access-Control-Allow-Origin': '*', 'Cache-Control': 'no-cache', 'ETag': 'W/"48e-MP6676bVdaVZJSwASOhAs+d146k"', 'Vary': 'Accept-Encoding', 'Content-Encoding': 'gzip', 'CF-Cache-Status': 'DYNAMIC', 'Report-To': '{"endpoints":[{"url":"https:\\/\\/a.nel.cloudflare.com\\/report\\/v4?s=9UpN07qcEiKbgGmQBdJcVQSgZLQVGPt0H2hmMrbhmOTUKEBj8E5myIhdBntBs1syUByAfj6IDeGFjLaskYJWgXhVYAhuGdgbShXYX9vD3LVm%2FwrgXipPTu6pnd7LGrwP"}],"group":"cf-nel","max_age":604800}', 'NEL': '{"success_fraction":0,"report_to":"cf-nel","max_age":604800}', 'Server': 'cloudflare', 'CF-RAY': '88de95428e4c1fd4-IAD', 'alt-svc': 'h3=":443"; ma=86400'} 
 body={"results":[{"gender":"female","name":{"title":"Miss","first":"Shelly","last":"Banks"},"location":{"street":{"number":5857,"name":"Central St"},"city":"Tampa","state":"Kentucky","country":"United States","postcode":70147,"coordinates":{"latitude":"86.1834","longitude":"171.3808"},"timezone":{"offset":"-7:00","description":"Mountain Time (US &amp; Canada)"}},"email":"shelly.banks@example.com","login":{"uuid":"d00291e5-acbd-46d7-a3d4-baef0b1c96cb","username":"crazypanda678","password":"sinclair","salt":"VR2y2ENm","md5":"428b20b3f496201748639d45a0767e17","sha1":"f8a719db5b0b83a4931a3b5596bc9144321c58ed","sha256":"6b096ff77858931b24f5cdb7c27895a1448f41aa771376685558416ca4fcae03"},"dob":{"date":"1996-06-27T16:15:24.387Z","age":27},"registered":{"date":"2021-03-17T11:58:20.009Z","age":3},"phone":"(707) 637-7332","cell":"(400) 771-3131","id":{"name":"SSN","value":"781-46-4858"},"picture":{"large":"https://randomuser.me/api/portraits/women/1.jpg","medium":"https://randomuser.me/api/portraits/med/women/1.jpg","thumbnail":"https://randomuser.me/api/portraits/thumb/women/1.jpg"},"nat":"US"}],"info":{"seed":"1f36a878423b108c","results":1,"page":1,"version":"1.4"}} 
 </msg>
<msg time="2024-06-03T09:16:12.683045" level="INFO">/opt/hostedtoolcache/Python/3.12.3/x64/lib/python3.12/site-packages/urllib3/connectionpool.py:1103: InsecureRequestWarning: Unverified HTTPS request is being made to host 'randomuser.me'. Adding certificate verification is strongly advised. See: https://urllib3.readthedocs.io/en/latest/advanced-usage.html#tls-warnings
  warnings.warn(</msg>
<msg time="2024-06-03T09:16:12.683185" level="INFO">${response} = &lt;Response [200]&gt;</msg>
<var>${response}</var>
<arg>consultarAPI</arg>
<arg>/api</arg>
<doc>Sends a GET request on a previously created HTTP Session.</doc>
<status status="PASS" start="2024-06-03T09:16:12.564632" elapsed="0.118604"/>
</kw>
<kw name="Set Variable" owner="BuiltIn">
<msg time="2024-06-03T09:16:12.684147" level="INFO">${json_data} = {'results': [{'gender': 'female', 'name': {'title': 'Miss', 'first': 'Shelly', 'last': 'Banks'}, 'location': {'street': {'number': 5857, 'name': 'Central St'}, 'city': 'Tampa', 'state': 'Kentucky', 'c...</msg>
<var>${json_data}</var>
<arg>${response.json()}</arg>
<doc>Returns the given values which can then be assigned to a variables.</doc>
<status status="PASS" start="2024-06-03T09:16:12.683673" elapsed="0.000504"/>
</kw>
<kw name="Log" owner="BuiltIn">
<msg time="2024-06-03T09:16:12.684646" level="INFO">{'results': [{'gender': 'female', 'name': {'title': 'Miss', 'first': 'Shelly', 'last': 'Banks'}, 'location': {'street': {'number': 5857, 'name': 'Central St'}, 'city': 'Tampa', 'state': 'Kentucky', 'country': 'United States', 'postcode': 70147, 'coordinates': {'latitude': '86.1834', 'longitude': '171.3808'}, 'timezone': {'offset': '-7:00', 'description': 'Mountain Time (US &amp; Canada)'}}, 'email': 'shelly.banks@example.com', 'login': {'uuid': 'd00291e5-acbd-46d7-a3d4-baef0b1c96cb', 'username': 'crazypanda678', 'password': 'sinclair', 'salt': 'VR2y2ENm', 'md5': '428b20b3f496201748639d45a0767e17', 'sha1': 'f8a719db5b0b83a4931a3b5596bc9144321c58ed', 'sha256': '6b096ff77858931b24f5cdb7c27895a1448f41aa771376685558416ca4fcae03'}, 'dob': {'date': '1996-06-27T16:15:24.387Z', 'age': 27}, 'registered': {'date': '2021-03-17T11:58:20.009Z', 'age': 3}, 'phone': '(707) 637-7332', 'cell': '(400) 771-3131', 'id': {'name': 'SSN', 'value': '781-46-4858'}, 'picture': {'large': 'https://randomuser.me/api/portraits/women/1.jpg', 'medium': 'https://randomuser.me/api/portraits/med/women/1.jpg', 'thumbnail': 'https://randomuser.me/api/portraits/thumb/women/1.jpg'}, 'nat': 'US'}], 'info': {'seed': '1f36a878423b108c', 'results': 1, 'page': 1, 'version': '1.4'}}</msg>
<arg>${json_data}</arg>
<doc>Logs the given message with the given level.</doc>
<status status="PASS" start="2024-06-03T09:16:12.684489" elapsed="0.000206"/>
</kw>
<kw name="Dictionary Should Contain Key" owner="Collections">
<msg time="2024-06-03T09:16:12.685192" level="INFO">False</msg>
<arg>${json_data}</arg>
<arg>results</arg>
<doc>Fails if ``key`` is not found from ``dictionary``.</doc>
<status status="PASS" start="2024-06-03T09:16:12.684988" elapsed="0.000248"/>
</kw>
<kw name="Should Not Be Empty" owner="BuiltIn">
<msg time="2024-06-03T09:16:12.685668" level="INFO">Length is 2.</msg>
<arg>${json_data}</arg>
<doc>Verifies that the given item is not empty.</doc>
<status status="PASS" start="2024-06-03T09:16:12.685535" elapsed="0.000171"/>
</kw>
<kw name="Create List" owner="BuiltIn">
<msg time="2024-06-03T09:16:12.686143" level="INFO">${expected_keys} = ['gender', 'name', 'location', 'email', 'login']</msg>
<var>${expected_keys}</var>
<arg>gender</arg>
<arg>name</arg>
<arg>location</arg>
<arg>email</arg>
<arg>login</arg>
<doc>Returns a list containing given items.</doc>
<status status="PASS" start="2024-06-03T09:16:12.685996" elapsed="0.000171"/>
</kw>
<for flavor="IN">
<iter>
<kw name="Dictionary Should Contain Key" owner="Collections">
<msg time="2024-06-03T09:16:12.687153" level="INFO">False</msg>
<arg>${json_data['results'][0]}</arg>
<arg>${key}</arg>
<doc>Fails if ``key`` is not found from ``dictionary``.</doc>
<status status="PASS" start="2024-06-03T09:16:12.686753" elapsed="0.000444"/>
</kw>
<kw name="Log" owner="BuiltIn">
<msg time="2024-06-03T09:16:12.687853" level="INFO">{'gender': 'female', 'name': {'title': 'Miss', 'first': 'Shelly', 'last': 'Banks'}, 'location': {'street': {'number': 5857, 'name': 'Central St'}, 'city': 'Tampa', 'state': 'Kentucky', 'country': 'United States', 'postcode': 70147, 'coordinates': {'latitude': '86.1834', 'longitude': '171.3808'}, 'timezone': {'offset': '-7:00', 'description': 'Mountain Time (US &amp; Canada)'}}, 'email': 'shelly.banks@example.com', 'login': {'uuid': 'd00291e5-acbd-46d7-a3d4-baef0b1c96cb', 'username': 'crazypanda678', 'password': 'sinclair', 'salt': 'VR2y2ENm', 'md5': '428b20b3f496201748639d45a0767e17', 'sha1': 'f8a719db5b0b83a4931a3b5596bc9144321c58ed', 'sha256': '6b096ff77858931b24f5cdb7c27895a1448f41aa771376685558416ca4fcae03'}, 'dob': {'date': '1996-06-27T16:15:24.387Z', 'age': 27}, 'registered': {'date': '2021-03-17T11:58:20.009Z', 'age': 3}, 'phone': '(707) 637-7332', 'cell': '(400) 771-3131', 'id': {'name': 'SSN', 'value': '781-46-4858'}, 'picture': {'large': 'https://randomuser.me/api/portraits/women/1.jpg', 'medium': 'https://randomuser.me/api/portraits/med/women/1.jpg', 'thumbnail': 'https://randomuser.me/api/portraits/thumb/women/1.jpg'}, 'nat': 'US'}</msg>
<arg>${json_data['results'][0]}</arg>
<doc>Logs the given message with the given level.</doc>
<status status="PASS" start="2024-06-03T09:16:12.687496" elapsed="0.000407"/>
</kw>
<kw name="Log" owner="BuiltIn">
<msg time="2024-06-03T09:16:12.688332" level="INFO">gender</msg>
<arg>${key}</arg>
<doc>Logs the given message with the given level.</doc>
<status status="PASS" start="2024-06-03T09:16:12.688204" elapsed="0.000165"/>
</kw>
<var name="${key}">gender</var>
<status status="PASS" start="2024-06-03T09:16:12.686629" elapsed="0.001955"/>
</iter>
<iter>
<kw name="Dictionary Should Contain Key" owner="Collections">
<msg time="2024-06-03T09:16:12.689309" level="INFO">False</msg>
<arg>${json_data['results'][0]}</arg>
<arg>${key}</arg>
<doc>Fails if ``key`` is not found from ``dictionary``.</doc>
<status status="PASS" start="2024-06-03T09:16:12.688894" elapsed="0.000454"/>
</kw>
<kw name="Log" owner="BuiltIn">
<msg time="2024-06-03T09:16:12.690028" level="INFO">{'gender': 'female', 'name': {'title': 'Miss', 'first': 'Shelly', 'last': 'Banks'}, 'location': {'street': {'number': 5857, 'name': 'Central St'}, 'city': 'Tampa', 'state': 'Kentucky', 'country': 'United States', 'postcode': 70147, 'coordinates': {'latitude': '86.1834', 'longitude': '171.3808'}, 'timezone': {'offset': '-7:00', 'description': 'Mountain Time (US &amp; Canada)'}}, 'email': 'shelly.banks@example.com', 'login': {'uuid': 'd00291e5-acbd-46d7-a3d4-baef0b1c96cb', 'username': 'crazypanda678', 'password': 'sinclair', 'salt': 'VR2y2ENm', 'md5': '428b20b3f496201748639d45a0767e17', 'sha1': 'f8a719db5b0b83a4931a3b5596bc9144321c58ed', 'sha256': '6b096ff77858931b24f5cdb7c27895a1448f41aa771376685558416ca4fcae03'}, 'dob': {'date': '1996-06-27T16:15:24.387Z', 'age': 27}, 'registered': {'date': '2021-03-17T11:58:20.009Z', 'age': 3}, 'phone': '(707) 637-7332', 'cell': '(400) 771-3131', 'id': {'name': 'SSN', 'value': '781-46-4858'}, 'picture': {'large': 'https://randomuser.me/api/portraits/women/1.jpg', 'medium': 'https://randomuser.me/api/portraits/med/women/1.jpg', 'thumbnail': 'https://randomuser.me/api/portraits/thumb/women/1.jpg'}, 'nat': 'US'}</msg>
<arg>${json_data['results'][0]}</arg>
<doc>Logs the given message with the given level.</doc>
<status status="PASS" start="2024-06-03T09:16:12.689669" elapsed="0.000407"/>
</kw>
<kw name="Log" owner="BuiltIn">
<msg time="2024-06-03T09:16:12.690500" level="INFO">name</msg>
<arg>${key}</arg>
<doc>Logs the given message with the given level.</doc>
<status status="PASS" start="2024-06-03T09:16:12.690372" elapsed="0.000165"/>
</kw>
<var name="${key}">name</var>
<status status="PASS" start="2024-06-03T09:16:12.688780" elapsed="0.001977"/>
</iter>
<iter>
<kw name="Dictionary Should Contain Key" owner="Collections">
<msg time="2024-06-03T09:16:12.691424" level="INFO">False</msg>
<arg>${json_data['results'][0]}</arg>
<arg>${key}</arg>
<doc>Fails if ``key`` is not found from ``dictionary``.</doc>
<status status="PASS" start="2024-06-03T09:16:12.691048" elapsed="0.000413"/>
</kw>
<kw name="Log" owner="BuiltIn">
<msg time="2024-06-03T09:16:12.692136" level="INFO">{'gender': 'female', 'name': {'title': 'Miss', 'first': 'Shelly', 'last': 'Banks'}, 'location': {'street': {'number': 5857, 'name': 'Central St'}, 'city': 'Tampa', 'state': 'Kentucky', 'country': 'United States', 'postcode': 70147, 'coordinates': {'latitude': '86.1834', 'longitude': '171.3808'}, 'timezone': {'offset': '-7:00', 'description': 'Mountain Time (US &amp; Canada)'}}, 'email': 'shelly.banks@example.com', 'login': {'uuid': 'd00291e5-acbd-46d7-a3d4-baef0b1c96cb', 'username': 'crazypanda678', 'password': 'sinclair', 'salt': 'VR2y2ENm', 'md5': '428b20b3f496201748639d45a0767e17', 'sha1': 'f8a719db5b0b83a4931a3b5596bc9144321c58ed', 'sha256': '6b096ff77858931b24f5cdb7c27895a1448f41aa771376685558416ca4fcae03'}, 'dob': {'date': '1996-06-27T16:15:24.387Z', 'age': 27}, 'registered': {'date': '2021-03-17T11:58:20.009Z', 'age': 3}, 'phone': '(707) 637-7332', 'cell': '(400) 771-3131', 'id': {'name': 'SSN', 'value': '781-46-4858'}, 'picture': {'large': 'https://randomuser.me/api/portraits/women/1.jpg', 'medium': 'https://randomuser.me/api/portraits/med/women/1.jpg', 'thumbnail': 'https://randomuser.me/api/portraits/thumb/women/1.jpg'}, 'nat': 'US'}</msg>
<arg>${json_data['results'][0]}</arg>
<doc>Logs the given message with the given level.</doc>
<status status="PASS" start="2024-06-03T09:16:12.691771" elapsed="0.000420"/>
</kw>
<kw name="Log" owner="BuiltIn">
<msg time="2024-06-03T09:16:12.692620" level="INFO">location</msg>
<arg>${key}</arg>
<doc>Logs the given message with the given level.</doc>
<status status="PASS" start="2024-06-03T09:16:12.692493" elapsed="0.000164"/>
</kw>
<var name="${key}">location</var>
<status status="PASS" start="2024-06-03T09:16:12.690935" elapsed="0.001951"/>
</iter>
<iter>
<kw name="Dictionary Should Contain Key" owner="Collections">
<msg time="2024-06-03T09:16:12.693699" level="INFO">False</msg>
<arg>${json_data['results'][0]}</arg>
<arg>${key}</arg>
<doc>Fails if ``key`` is not found from ``dictionary``.</doc>
<status status="PASS" start="2024-06-03T09:16:12.693206" elapsed="0.000531"/>
</kw>
<kw name="Log" owner="BuiltIn">
<msg time="2024-06-03T09:16:12.694400" level="INFO">{'gender': 'female', 'name': {'title': 'Miss', 'first': 'Shelly', 'last': 'Banks'}, 'location': {'street': {'number': 5857, 'name': 'Central St'}, 'city': 'Tampa', 'state': 'Kentucky', 'country': 'United States', 'postcode': 70147, 'coordinates': {'latitude': '86.1834', 'longitude': '171.3808'}, 'timezone': {'offset': '-7:00', 'description': 'Mountain Time (US &amp; Canada)'}}, 'email': 'shelly.banks@example.com', 'login': {'uuid': 'd00291e5-acbd-46d7-a3d4-baef0b1c96cb', 'username': 'crazypanda678', 'password': 'sinclair', 'salt': 'VR2y2ENm', 'md5': '428b20b3f496201748639d45a0767e17', 'sha1': 'f8a719db5b0b83a4931a3b5596bc9144321c58ed', 'sha256': '6b096ff77858931b24f5cdb7c27895a1448f41aa771376685558416ca4fcae03'}, 'dob': {'date': '1996-06-27T16:15:24.387Z', 'age': 27}, 'registered': {'date': '2021-03-17T11:58:20.009Z', 'age': 3}, 'phone': '(707) 637-7332', 'cell': '(400) 771-3131', 'id': {'name': 'SSN', 'value': '781-46-4858'}, 'picture': {'large': 'https://randomuser.me/api/portraits/women/1.jpg', 'medium': 'https://randomuser.me/api/portraits/med/women/1.jpg', 'thumbnail': 'https://randomuser.me/api/portraits/thumb/women/1.jpg'}, 'nat': 'US'}</msg>
<arg>${json_data['results'][0]}</arg>
<doc>Logs the given message with the given level.</doc>
<status status="PASS" start="2024-06-03T09:16:12.694040" elapsed="0.000408"/>
</kw>
<kw name="Log" owner="BuiltIn">
<msg time="2024-06-03T09:16:12.694873" level="INFO">email</msg>
<arg>${key}</arg>
<doc>Logs the given message with the given level.</doc>
<status status="PASS" start="2024-06-03T09:16:12.694744" elapsed="0.000167"/>
</kw>
<var name="${key}">email</var>
<status status="PASS" start="2024-06-03T09:16:12.693059" elapsed="0.002066"/>
</iter>
<iter>
<kw name="Dictionary Should Contain Key" owner="Collections">
<msg time="2024-06-03T09:16:12.695803" level="INFO">False</msg>
<arg>${json_data['results'][0]}</arg>
<arg>${key}</arg>
<doc>Fails if ``key`` is not found from ``dictionary``.</doc>
<status status="PASS" start="2024-06-03T09:16:12.695414" elapsed="0.000425"/>
</kw>
<kw name="Log" owner="BuiltIn">
<msg time="2024-06-03T09:16:12.696487" level="INFO">{'gender': 'female', 'name': {'title': 'Miss', 'first': 'Shelly', 'last': 'Banks'}, 'location': {'street': {'number': 5857, 'name': 'Central St'}, 'city': 'Tampa', 'state': 'Kentucky', 'country': 'United States', 'postcode': 70147, 'coordinates': {'latitude': '86.1834', 'longitude': '171.3808'}, 'timezone': {'offset': '-7:00', 'description': 'Mountain Time (US &amp; Canada)'}}, 'email': 'shelly.banks@example.com', 'login': {'uuid': 'd00291e5-acbd-46d7-a3d4-baef0b1c96cb', 'username': 'crazypanda678', 'password': 'sinclair', 'salt': 'VR2y2ENm', 'md5': '428b20b3f496201748639d45a0767e17', 'sha1': 'f8a719db5b0b83a4931a3b5596bc9144321c58ed', 'sha256': '6b096ff77858931b24f5cdb7c27895a1448f41aa771376685558416ca4fcae03'}, 'dob': {'date': '1996-06-27T16:15:24.387Z', 'age': 27}, 'registered': {'date': '2021-03-17T11:58:20.009Z', 'age': 3}, 'phone': '(707) 637-7332', 'cell': '(400) 771-3131', 'id': {'name': 'SSN', 'value': '781-46-4858'}, 'picture': {'large': 'https://randomuser.me/api/portraits/women/1.jpg', 'medium': 'https://randomuser.me/api/portraits/med/women/1.jpg', 'thumbnail': 'https://randomuser.me/api/portraits/thumb/women/1.jpg'}, 'nat': 'US'}</msg>
<arg>${json_data['results'][0]}</arg>
<doc>Logs the given message with the given level.</doc>
<status status="PASS" start="2024-06-03T09:16:12.696136" elapsed="0.000400"/>
</kw>
<kw name="Log" owner="BuiltIn">
<msg time="2024-06-03T09:16:12.696953" level="INFO">login</msg>
<arg>${key}</arg>
<doc>Logs the given message with the given level.</doc>
<status status="PASS" start="2024-06-03T09:16:12.696826" elapsed="0.000164"/>
</kw>
<var name="${key}">login</var>
<status status="PASS" start="2024-06-03T09:16:12.695301" elapsed="0.001951"/>
</iter>
<var>${key}</var>
<value>@{expected_keys}</value>
<status status="PASS" start="2024-06-03T09:16:12.686441" elapsed="0.010940"/>
</for>
<kw name="Create List" owner="BuiltIn">
<msg time="2024-06-03T09:16:12.697709" level="INFO">${expected_keysTwo} = ['username', 'password']</msg>
<var>${expected_keysTwo}</var>
<arg>username</arg>
<arg>password</arg>
<doc>Returns a list containing given items.</doc>
<status status="PASS" start="2024-06-03T09:16:12.697573" elapsed="0.000159"/>
</kw>
<for flavor="IN">
<iter>
<kw name="Dictionary Should Contain Key" owner="Collections">
<msg time="2024-06-03T09:16:12.698623" level="INFO">False</msg>
<arg>${json_data['results'][0]['login']}</arg>
<arg>${keyTwo}</arg>
<doc>Fails if ``key`` is not found from ``dictionary``.</doc>
<status status="PASS" start="2024-06-03T09:16:12.698240" elapsed="0.000421"/>
</kw>
<kw name="Dictionary Should Contain Key" owner="Collections">
<msg time="2024-06-03T09:16:12.699338" level="INFO">False</msg>
<arg>${json_data['results'][0]['login']}</arg>
<arg>${keyTwo}</arg>
<doc>Fails if ``key`` is not found from ``dictionary``.</doc>
<status status="PASS" start="2024-06-03T09:16:12.698962" elapsed="0.000414"/>
</kw>
<kw name="Log" owner="BuiltIn">
<msg time="2024-06-03T09:16:12.699795" level="INFO">username</msg>
<arg>${keyTwo}</arg>
<doc>Logs the given message with the given level.</doc>
<status status="PASS" start="2024-06-03T09:16:12.699668" elapsed="0.000165"/>
</kw>
<var name="${keyTwo}">username</var>
<status status="PASS" start="2024-06-03T09:16:12.698129" elapsed="0.001923"/>
</iter>
<iter>
<kw name="Dictionary Should Contain Key" owner="Collections">
<msg time="2024-06-03T09:16:12.700713" level="INFO">False</msg>
<arg>${json_data['results'][0]['login']}</arg>
<arg>${keyTwo}</arg>
<doc>Fails if ``key`` is not found from ``dictionary``.</doc>
<status status="PASS" start="2024-06-03T09:16:12.700337" elapsed="0.000414"/>
</kw>
<kw name="Dictionary Should Contain Key" owner="Collections">
<msg time="2024-06-03T09:16:12.701462" level="INFO">False</msg>
<arg>${json_data['results'][0]['login']}</arg>
<arg>${keyTwo}</arg>
<doc>Fails if ``key`` is not found from ``dictionary``.</doc>
<status status="PASS" start="2024-06-03T09:16:12.701046" elapsed="0.000453"/>
</kw>
<kw name="Log" owner="BuiltIn">
<msg time="2024-06-03T09:16:12.701933" level="INFO">password</msg>
<arg>${keyTwo}</arg>
<doc>Logs the given message with the given level.</doc>
<status status="PASS" start="2024-06-03T09:16:12.701806" elapsed="0.000166"/>
</kw>
<var name="${keyTwo}">password</var>
<status status="PASS" start="2024-06-03T09:16:12.700226" elapsed="0.001965"/>
</iter>
<var>${keyTwo}</var>
<value>@{expected_keysTwo}</value>
<status status="PASS" start="2024-06-03T09:16:12.697969" elapsed="0.004344"/>
</for>
<status status="PASS" start="2024-06-03T09:16:12.564258" elapsed="0.138194"/>
</kw>
<doc>Testa a estrutura da resposta da API.</doc>
<tag>testeEstruturaResposta</tag>
<status status="PASS" start="2024-06-03T09:16:12.563414" elapsed="0.139189"/>
</test>
<test id="s1-s1-t4" name="Validar tipos de dados" line="28">
<kw name="Teste de Tipos de Dados" owner="random-user-service">
<kw name="GET On Session" owner="RequestsLibrary">
<msg time="2024-06-03T09:16:12.747954" level="INFO">GET Request : url=https://randomuser.me/api 
 path_url=/api 
 headers={'User-Agent': 'python-requests/2.32.3', 'Accept-Encoding': 'gzip, deflate', 'Accept': '*/*', 'Connection': 'keep-alive'} 
 body=None 
 </msg>
<msg time="2024-06-03T09:16:12.748039" level="INFO">GET Response : url=https://randomuser.me/api 
 status=200, reason=OK 
 headers={'Date': 'Mon, 03 Jun 2024 09:16:12 GMT', 'Content-Type': 'application/json; charset=utf-8', 'Transfer-Encoding': 'chunked', 'Connection': 'keep-alive', 'X-Powered-By': 'Express', 'Access-Control-Allow-Origin': '*', 'Cache-Control': 'no-cache', 'ETag': 'W/"497-sNmqy2Ksvvj3JUpQq5adErwecjQ"', 'Vary': 'Accept-Encoding', 'Content-Encoding': 'gzip', 'CF-Cache-Status': 'DYNAMIC', 'Report-To': '{"endpoints":[{"url":"https:\\/\\/a.nel.cloudflare.com\\/report\\/v4?s=Zk5y1cWqSNnF5kAJmpWN26dxYbYbSv73VwL%2FgbHwAjdW7jky4U5XXcienBHXttKcA2b5Rv4u4dsNSqNK0%2BaEwdkyovY80RYX%2FDHcAK0xVZu5B%2FNzHKPsCTx4icU%2FLHL0"}],"group":"cf-nel","max_age":604800}', 'NEL': '{"success_fraction":0,"report_to":"cf-nel","max_age":604800}', 'Server': 'cloudflare', 'CF-RAY': '88de95436f541fd4-IAD', 'alt-svc': 'h3=":443"; ma=86400'} 
 body={"results":[{"gender":"female","name":{"title":"Miss","first":"Toligniva","last":"Zhurman"},"location":{"street":{"number":1725,"name":"Poltavska"},"city":"Chernigiv","state":"Poltavska","country":"Ukraine","postcode":82250,"coordinates":{"latitude":"78.3338","longitude":"131.6258"},"timezone":{"offset":"+10:00","description":"Eastern Australia, Guam, Vladivostok"}},"email":"toligniva.zhurman@example.com","login":{"uuid":"e55f2bfa-c41b-4d85-b4f8-c114b335e4c8","username":"lazyrabbit159","password":"wizard1","salt":"pfTYIu0r","md5":"cb57f13f9f588ff7f0664183de60099e","sha1":"5950ab0c689f4f2b3c7d400d845da3bf2b89c777","sha256":"c41370d4afcb4c21fbb3a679ba89d37db4cc1124e9a17f1d95a1c0d0fc593447"},"dob":{"date":"1948-12-26T18:31:33.319Z","age":75},"registered":{"date":"2007-09-16T07:53:30.179Z","age":16},"phone":"(067) G38-2859","cell":"(068) C66-7802","id":{"name":"","value":null},"picture":{"large":"https://randomuser.me/api/portraits/women/66.jpg","medium":"https://randomuser.me/api/portraits/med/women/66.jpg","thumbnail":"https://randomuser.me/api/portraits/thumb/women/66.jpg"},"nat":"UA"}],"info":{"seed":"2409c9ca11634697","results":1,"page":1,"version":"1.4"}} 
 </msg>
<msg time="2024-06-03T09:16:12.748115" level="INFO">/opt/hostedtoolcache/Python/3.12.3/x64/lib/python3.12/site-packages/urllib3/connectionpool.py:1103: InsecureRequestWarning: Unverified HTTPS request is being made to host 'randomuser.me'. Adding certificate verification is strongly advised. See: https://urllib3.readthedocs.io/en/latest/advanced-usage.html#tls-warnings
  warnings.warn(</msg>
<msg time="2024-06-03T09:16:12.748232" level="INFO">${response} = &lt;Response [200]&gt;</msg>
<var>${response}</var>
<arg>consultarAPI</arg>
<arg>/api</arg>
<doc>Sends a GET request on a previously created HTTP Session.</doc>
<status status="PASS" start="2024-06-03T09:16:12.705004" elapsed="0.043281"/>
</kw>
<kw name="Set Variable" owner="BuiltIn">
<msg time="2024-06-03T09:16:12.749183" level="INFO">${json_data} = {'results': [{'gender': 'female', 'name': {'title': 'Miss', 'first': 'Toligniva', 'last': 'Zhurman'}, 'location': {'street': {'number': 1725, 'name': 'Poltavska'}, 'city': 'Chernigiv', 'state': 'Polta...</msg>
<var>${json_data}</var>
<arg>${response.json()}</arg>
<doc>Returns the given values which can then be assigned to a variables.</doc>
<status status="PASS" start="2024-06-03T09:16:12.748665" elapsed="0.000562"/>
</kw>
<kw name="Log" owner="BuiltIn">
<msg time="2024-06-03T09:16:12.749698" level="INFO">{'results': [{'gender': 'female', 'name': {'title': 'Miss', 'first': 'Toligniva', 'last': 'Zhurman'}, 'location': {'street': {'number': 1725, 'name': 'Poltavska'}, 'city': 'Chernigiv', 'state': 'Poltavska', 'country': 'Ukraine', 'postcode': 82250, 'coordinates': {'latitude': '78.3338', 'longitude': '131.6258'}, 'timezone': {'offset': '+10:00', 'description': 'Eastern Australia, Guam, Vladivostok'}}, 'email': 'toligniva.zhurman@example.com', 'login': {'uuid': 'e55f2bfa-c41b-4d85-b4f8-c114b335e4c8', 'username': 'lazyrabbit159', 'password': 'wizard1', 'salt': 'pfTYIu0r', 'md5': 'cb57f13f9f588ff7f0664183de60099e', 'sha1': '5950ab0c689f4f2b3c7d400d845da3bf2b89c777', 'sha256': 'c41370d4afcb4c21fbb3a679ba89d37db4cc1124e9a17f1d95a1c0d0fc593447'}, 'dob': {'date': '1948-12-26T18:31:33.319Z', 'age': 75}, 'registered': {'date': '2007-09-16T07:53:30.179Z', 'age': 16}, 'phone': '(067) G38-2859', 'cell': '(068) C66-7802', 'id': {'name': '', 'value': None}, 'picture': {'large': 'https://randomuser.me/api/portraits/women/66.jpg', 'medium': 'https://randomuser.me/api/portraits/med/women/66.jpg', 'thumbnail': 'https://randomuser.me/api/portraits/thumb/women/66.jpg'}, 'nat': 'UA'}], 'info': {'seed': '2409c9ca11634697', 'results': 1, 'page': 1, 'version': '1.4'}}</msg>
<arg>${json_data}</arg>
<doc>Logs the given message with the given level.</doc>
<status status="PASS" start="2024-06-03T09:16:12.749544" elapsed="0.000233"/>
</kw>
<kw name="Should Be String" owner="String">
<arg>${json_data['results'][0]['gender']}</arg>
<doc>Fails if the given ``item`` is not a string.</doc>
<status status="PASS" start="2024-06-03T09:16:12.750078" elapsed="0.000364"/>
</kw>
<kw name="Should Match Regexp" owner="BuiltIn">
<arg>${json_data['results'][0]['email']}</arg>
<arg>^[a-zA-Z0-9._%+-]+@[a-zA-Z0-9.-]+\.[a-zA-Z]{2,}$</arg>
<doc>Fails if ``string`` does not match ``pattern`` as a regular expression.</doc>
<status status="PASS" start="2024-06-03T09:16:12.750631" elapsed="0.000618"/>
</kw>
<kw name="Should Match Regexp" owner="BuiltIn">
<arg>${json_data['results'][0]['dob']['date']}</arg>
<arg>\\d{4}-\\d{2}-\\d{2}T\\d{2}:\\d{2}:\\d{2}\\.\\d{3}Z</arg>
<doc>Fails if ``string`` does not match ``pattern`` as a regular expression.</doc>
<status status="PASS" start="2024-06-03T09:16:12.751448" elapsed="0.000483"/>
</kw>
<kw name="Should Match Regexp" owner="BuiltIn">
<arg>${json_data['results'][0]['registered']['date']}</arg>
<arg>\\d{4}-\\d{2}-\\d{2}T\\d{2}:\\d{2}:\\d{2}\\.\\d{3}Z</arg>
<doc>Fails if ``string`` does not match ``pattern`` as a regular expression.</doc>
<status status="PASS" start="2024-06-03T09:16:12.752123" elapsed="0.000365"/>
</kw>
<kw name="Should Match Regexp" owner="BuiltIn">
<arg>${json_data['results'][0]['picture']['large']}</arg>
<arg>^https?://.*\.(?:png|jpe?g|gif|bmp)$</arg>
<doc>Fails if ``string`` does not match ``pattern`` as a regular expression.</doc>
<status status="PASS" start="2024-06-03T09:16:12.752675" elapsed="0.000482"/>
</kw>
<kw name="Should Match Regexp" owner="BuiltIn">
<arg>${json_data['results'][0]['picture']['medium']}</arg>
<arg>^https?://.*\.(?:png|jpe?g|gif|bmp)$</arg>
<doc>Fails if ``string`` does not match ``pattern`` as a regular expression.</doc>
<status status="PASS" start="2024-06-03T09:16:12.753358" elapsed="0.000355"/>
</kw>
<kw name="Should Match Regexp" owner="BuiltIn">
<arg>${json_data['results'][0]['picture']['thumbnail']}</arg>
<arg>^https?://.*\.(?:png|jpe?g|gif|bmp)$</arg>
<doc>Fails if ``string`` does not match ``pattern`` as a regular expression.</doc>
<status status="PASS" start="2024-06-03T09:16:12.753908" elapsed="0.000348"/>
</kw>
<kw name="Log" owner="BuiltIn">
<msg time="2024-06-03T09:16:12.754772" level="INFO">{'large': 'https://randomuser.me/api/portraits/women/66.jpg', 'medium': 'https://randomuser.me/api/portraits/med/women/66.jpg', 'thumbnail': 'https://randomuser.me/api/portraits/thumb/women/66.jpg'}</msg>
<arg>${json_data['results'][0]['picture']}</arg>
<doc>Logs the given message with the given level.</doc>
<status status="PASS" start="2024-06-03T09:16:12.754439" elapsed="0.000376"/>
</kw>
<status status="PASS" start="2024-06-03T09:16:12.704775" elapsed="0.050296"/>
</kw>
<kw name="Teste de Tipos de Dados - Postcode" owner="random-user-service">
<kw name="GET On Session" owner="RequestsLibrary">
<msg time="2024-06-03T09:16:12.867828" level="INFO">GET Request : url=https://randomuser.me/api 
 path_url=/api 
 headers={'User-Agent': 'python-requests/2.32.3', 'Accept-Encoding': 'gzip, deflate', 'Accept': '*/*', 'Connection': 'keep-alive'} 
 body=None 
 </msg>
<msg time="2024-06-03T09:16:12.867914" level="INFO">GET Response : url=https://randomuser.me/api 
 status=200, reason=OK 
 headers={'Date': 'Mon, 03 Jun 2024 09:16:12 GMT', 'Content-Type': 'application/json; charset=utf-8', 'Transfer-Encoding': 'chunked', 'Connection': 'keep-alive', 'X-Powered-By': 'Express', 'Access-Control-Allow-Origin': '*', 'Cache-Control': 'no-cache', 'ETag': 'W/"4a2-GOEjaW1Wy9SVBWjfrG9/Xyb5l3M"', 'Vary': 'Accept-Encoding', 'Content-Encoding': 'gzip', 'CF-Cache-Status': 'DYNAMIC', 'Report-To': '{"endpoints":[{"url":"https:\\/\\/a.nel.cloudflare.com\\/report\\/v4?s=EXPSkdFA8IreZA0ytD56VgsRB7APdxzQmvs%2ByTMTT4xlxxQu0AzXTU6YQmwsefdoYvuc4Tk16LxHcTzdMGtO%2BqjDdvIkXEDfqR5VIiv2ndpjbHOulWd%2FJs1cqbQWHuz3"}],"group":"cf-nel","max_age":604800}', 'NEL': '{"success_fraction":0,"report_to":"cf-nel","max_age":604800}', 'Server': 'cloudflare', 'CF-RAY': '88de9543bf9b1fd4-IAD', 'alt-svc': 'h3=":443"; ma=86400'} 
 body={"results":[{"gender":"female","name":{"title":"Miss","first":"Caroline","last":"Christiansen"},"location":{"street":{"number":5112,"name":"Ørbækvej"},"city":"Roskilde","state":"Syddanmark","country":"Denmark","postcode":11567,"coordinates":{"latitude":"-45.1446","longitude":"16.3019"},"timezone":{"offset":"-4:00","description":"Atlantic Time (Canada), Caracas, La Paz"}},"email":"caroline.christiansen@example.com","login":{"uuid":"22148faf-00ce-4ec9-bfc5-421cccb0dced","username":"goldenfish256","password":"riversid","salt":"bV64VK89","md5":"b6202b0dfa27e98c7112af49f5b22a0d","sha1":"e8ed8ffbb90b8d8626ad4d64ed2f0a45ca1e6946","sha256":"ff5bc0a1bfc7326df82b748f9233cc85d13ca5b01090b1b9fafe77722960b20a"},"dob":{"date":"1950-12-18T11:17:36.776Z","age":73},"registered":{"date":"2018-02-04T21:36:33.859Z","age":6},"phone":"86087989","cell":"72226481","id":{"name":"CPR","value":"181250-0626"},"picture":{"large":"https://randomuser.me/api/portraits/women/77.jpg","medium":"https://randomuser.me/api/portraits/med/women/77.jpg","thumbnail":"https://randomuser.me/api/portraits/thumb/women/77.jpg"},"nat":"DK"}],"info":{"seed":"61597cabaa3b5e10","results":1,"page":1,"version":"1.4"}} 
 </msg>
<msg time="2024-06-03T09:16:12.867992" level="INFO">/opt/hostedtoolcache/Python/3.12.3/x64/lib/python3.12/site-packages/urllib3/connectionpool.py:1103: InsecureRequestWarning: Unverified HTTPS request is being made to host 'randomuser.me'. Adding certificate verification is strongly advised. See: https://urllib3.readthedocs.io/en/latest/advanced-usage.html#tls-warnings
  warnings.warn(</msg>
<msg time="2024-06-03T09:16:12.868104" level="INFO">${response} = &lt;Response [200]&gt;</msg>
<var>${response}</var>
<arg>consultarAPI</arg>
<arg>/api</arg>
<doc>Sends a GET request on a previously created HTTP Session.</doc>
<status status="PASS" start="2024-06-03T09:16:12.755503" elapsed="0.112635"/>
</kw>
<kw name="Set Variable" owner="BuiltIn">
<msg time="2024-06-03T09:16:12.869086" level="INFO">${json_data} = {'results': [{'gender': 'female', 'name': {'title': 'Miss', 'first': 'Caroline', 'last': 'Christiansen'}, 'location': {'street': {'number': 5112, 'name': 'Ørbækvej'}, 'city': 'Roskilde', 'state': 'Syd...</msg>
<var>${json_data}</var>
<arg>${response.json()}</arg>
<doc>Returns the given values which can then be assigned to a variables.</doc>
<status status="PASS" start="2024-06-03T09:16:12.868628" elapsed="0.000487"/>
</kw>
<kw name="Log" owner="BuiltIn">
<msg time="2024-06-03T09:16:12.869629" level="INFO">{'results': [{'gender': 'female', 'name': {'title': 'Miss', 'first': 'Caroline', 'last': 'Christiansen'}, 'location': {'street': {'number': 5112, 'name': 'Ørbækvej'}, 'city': 'Roskilde', 'state': 'Syddanmark', 'country': 'Denmark', 'postcode': 11567, 'coordinates': {'latitude': '-45.1446', 'longitude': '16.3019'}, 'timezone': {'offset': '-4:00', 'description': 'Atlantic Time (Canada), Caracas, La Paz'}}, 'email': 'caroline.christiansen@example.com', 'login': {'uuid': '22148faf-00ce-4ec9-bfc5-421cccb0dced', 'username': 'goldenfish256', 'password': 'riversid', 'salt': 'bV64VK89', 'md5': 'b6202b0dfa27e98c7112af49f5b22a0d', 'sha1': 'e8ed8ffbb90b8d8626ad4d64ed2f0a45ca1e6946', 'sha256': 'ff5bc0a1bfc7326df82b748f9233cc85d13ca5b01090b1b9fafe77722960b20a'}, 'dob': {'date': '1950-12-18T11:17:36.776Z', 'age': 73}, 'registered': {'date': '2018-02-04T21:36:33.859Z', 'age': 6}, 'phone': '86087989', 'cell': '72226481', 'id': {'name': 'CPR', 'value': '181250-0626'}, 'picture': {'large': 'https://randomuser.me/api/portraits/women/77.jpg', 'medium': 'https://randomuser.me/api/portraits/med/women/77.jpg', 'thumbnail': 'https://randomuser.me/api/portraits/thumb/women/77.jpg'}, 'nat': 'DK'}], 'info': {'seed': '61597cabaa3b5e10', 'results': 1, 'page': 1, 'version': '1.4'}}</msg>
<arg>${json_data}</arg>
<doc>Logs the given message with the given level.</doc>
<status status="PASS" start="2024-06-03T09:16:12.869472" elapsed="0.000236"/>
</kw>
<kw name="Should Be Equal As Numbers" owner="BuiltIn">
<arg>${json_data['results'][0]['location']['postcode']}</arg>
<arg>${json_data['results'][0]['location']['postcode']}</arg>
<doc>Fails if objects are unequal after converting them to real numbers.</doc>
<status status="PASS" start="2024-06-03T09:16:12.870008" elapsed="0.000620"/>
</kw>
<kw name="Log" owner="BuiltIn">
<msg time="2024-06-03T09:16:12.871164" level="INFO">11567</msg>
<arg>${json_data['results'][0]['location']['postcode']}</arg>
<doc>Logs the given message with the given level.</doc>
<status status="PASS" start="2024-06-03T09:16:12.870824" elapsed="0.000380"/>
</kw>
<status status="PASS" start="2024-06-03T09:16:12.755284" elapsed="0.116170"/>
</kw>
<doc>Testa se os tipos de dados na resposta da API estão corretos.</doc>
<tag>testeTiposDados</tag>
<status status="PASS" start="2024-06-03T09:16:12.704321" elapsed="0.167292"/>
</test>
<test id="s1-s1-t5" name="Validar conteudo" line="35">
<kw name="Teste de Tipos de Conteudo" owner="random-user-service">
<kw name="GET On Session" owner="RequestsLibrary">
<msg time="2024-06-03T09:16:12.945897" level="INFO">GET Request : url=https://randomuser.me/api 
 path_url=/api 
 headers={'User-Agent': 'python-requests/2.32.3', 'Accept-Encoding': 'gzip, deflate', 'Accept': '*/*', 'Connection': 'keep-alive'} 
 body=None 
 </msg>
<msg time="2024-06-03T09:16:12.945974" level="INFO">GET Response : url=https://randomuser.me/api 
 status=200, reason=OK 
 headers={'Date': 'Mon, 03 Jun 2024 09:16:12 GMT', 'Content-Type': 'application/json; charset=utf-8', 'Transfer-Encoding': 'chunked', 'Connection': 'keep-alive', 'X-Powered-By': 'Express', 'Access-Control-Allow-Origin': '*', 'Cache-Control': 'no-cache', 'ETag': 'W/"47c-HSrCEM0DDdMAWnpLppqEIWxBrgE"', 'Vary': 'Accept-Encoding', 'Content-Encoding': 'gzip', 'CF-Cache-Status': 'DYNAMIC', 'Report-To': '{"endpoints":[{"url":"https:\\/\\/a.nel.cloudflare.com\\/report\\/v4?s=PUf600eT%2FrHH7JGv%2Bixnib4tBqlBWs5rPuf2KOkoTub4pqs0YWcPHiHki6nhzUlCL9gC76ehJNfTKFYgwaaF7N4tHOyk9ZpaYaZDBRfe7oJoTJPuoBDfgt%2FGkq%2F1VhHD"}],"group":"cf-nel","max_age":604800}', 'NEL': '{"success_fraction":0,"report_to":"cf-nel","max_age":604800}', 'Server': 'cloudflare', 'CF-RAY': '88de954478531fd4-IAD', 'alt-svc': 'h3=":443"; ma=86400'} 
 body={"results":[{"gender":"male","name":{"title":"Mr","first":"Noe","last":"Masson"},"location":{"street":{"number":746,"name":"Rue Jean-Baldassini"},"city":"Champigny-sur-Marne","state":"Var","country":"France","postcode":83409,"coordinates":{"latitude":"-18.5420","longitude":"-0.8711"},"timezone":{"offset":"+3:30","description":"Tehran"}},"email":"noe.masson@example.com","login":{"uuid":"ca91e3ed-6003-4552-beed-e3088a6da522","username":"whitesnake929","password":"usmc","salt":"ybcnvtjE","md5":"c283cdecb738e0195e3f81dbacd03071","sha1":"090839598e6e468e14cc0095264bc219b9e7502f","sha256":"a0c22707eda3aed4671bce4e5d85212d5dcfdf841f8705b7e8467f678cbb62df"},"dob":{"date":"1957-08-01T15:43:20.423Z","age":66},"registered":{"date":"2002-06-06T23:27:08.605Z","age":21},"phone":"03-63-86-31-14","cell":"06-55-51-02-96","id":{"name":"INSEE","value":"1570798606300 05"},"picture":{"large":"https://randomuser.me/api/portraits/men/55.jpg","medium":"https://randomuser.me/api/portraits/med/men/55.jpg","thumbnail":"https://randomuser.me/api/portraits/thumb/men/55.jpg"},"nat":"FR"}],"info":{"seed":"f1bad10e39f59e77","results":1,"page":1,"version":"1.4"}} 
 </msg>
<msg time="2024-06-03T09:16:12.946045" level="INFO">/opt/hostedtoolcache/Python/3.12.3/x64/lib/python3.12/site-packages/urllib3/connectionpool.py:1103: InsecureRequestWarning: Unverified HTTPS request is being made to host 'randomuser.me'. Adding certificate verification is strongly advised. See: https://urllib3.readthedocs.io/en/latest/advanced-usage.html#tls-warnings
  warnings.warn(</msg>
<msg time="2024-06-03T09:16:12.946152" level="INFO">${response} = &lt;Response [200]&gt;</msg>
<var>${response}</var>
<arg>consultarAPI</arg>
<arg>/api</arg>
<doc>Sends a GET request on a previously created HTTP Session.</doc>
<status status="PASS" start="2024-06-03T09:16:12.874330" elapsed="0.071867"/>
</kw>
<kw name="Set Variable" owner="BuiltIn">
<msg time="2024-06-03T09:16:12.947087" level="INFO">${json_data} = {'results': [{'gender': 'male', 'name': {'title': 'Mr', 'first': 'Noe', 'last': 'Masson'}, 'location': {'street': {'number': 746, 'name': 'Rue Jean-Baldassini'}, 'city': 'Champigny-sur-Marne', 'state'...</msg>
<var>${json_data}</var>
<arg>${response.json()}</arg>
<doc>Returns the given values which can then be assigned to a variables.</doc>
<status status="PASS" start="2024-06-03T09:16:12.946642" elapsed="0.000475"/>
</kw>
<kw name="Set Variable" owner="BuiltIn">
<msg time="2024-06-03T09:16:12.947800" level="INFO">${name_title} = Mr</msg>
<var>${name_title}</var>
<arg>${json_data["results"][0]["name"]["title"]}</arg>
<doc>Returns the given values which can then be assigned to a variables.</doc>
<status status="PASS" start="2024-06-03T09:16:12.947417" elapsed="0.000408"/>
</kw>
<kw name="Create List" owner="BuiltIn">
<msg time="2024-06-03T09:16:12.948277" level="INFO">${allowed_titles} = ['Mr', 'Ms', 'Miss', 'Mrs', 'Madame', 'Monsieur']</msg>
<var>${allowed_titles}</var>
<arg>Mr</arg>
<arg>Ms</arg>
<arg>Miss</arg>
<arg>Mrs</arg>
<arg>Madame</arg>
<arg>Monsieur</arg>
<doc>Returns a list containing given items.</doc>
<status status="PASS" start="2024-06-03T09:16:12.948127" elapsed="0.000175"/>
</kw>
<kw name="List Should Contain Value" owner="Collections">
<msg time="2024-06-03T09:16:12.948781" level="INFO">False</msg>
<arg>${allowed_titles}</arg>
<arg>${name_title}</arg>
<doc>Fails if the ``value`` is not found from ``list``.</doc>
<status status="PASS" start="2024-06-03T09:16:12.948609" elapsed="0.000208"/>
</kw>
<kw name="Set Variable" owner="BuiltIn">
<msg time="2024-06-03T09:16:12.949685" level="INFO">${name_country} = FR</msg>
<var>${name_country}</var>
<arg>${json_data["results"][0]["nat"]}</arg>
<doc>Returns the given values which can then be assigned to a variables.</doc>
<status status="PASS" start="2024-06-03T09:16:12.949112" elapsed="0.000599"/>
</kw>
<kw name="Create List" owner="BuiltIn">
<msg time="2024-06-03T09:16:12.950658" level="INFO">${list_country} = ['AD', 'AE', 'AF', 'AG', 'AI', 'AL', 'AM', 'AO', 'AQ', 'AR', 'AS', 'AT', 'AU', 'AW', 'AX', 'AZ', 'BA', 'BB', 'BD', 'BE', 'BF', 'BG', 'BH', 'BI', 'BJ', 'BL', 'BM', 'BN', 'BO', 'BQ', 'BR', 'BS', 'BT', '...</msg>
<var>${list_country}</var>
<arg>AD</arg>
<arg>AE</arg>
<arg>AF</arg>
<arg>AG</arg>
<arg>AI</arg>
<arg>AL</arg>
<arg>AM</arg>
<arg>AO</arg>
<arg>AQ</arg>
<arg>AR</arg>
<arg>AS</arg>
<arg>AT</arg>
<arg>AU</arg>
<arg>AW</arg>
<arg>AX</arg>
<arg>AZ</arg>
<arg>BA</arg>
<arg>BB</arg>
<arg>BD</arg>
<arg>BE</arg>
<arg>BF</arg>
<arg>BG</arg>
<arg>BH</arg>
<arg>BI</arg>
<arg>BJ</arg>
<arg>BL</arg>
<arg>BM</arg>
<arg>BN</arg>
<arg>BO</arg>
<arg>BQ</arg>
<arg>BR</arg>
<arg>BS</arg>
<arg>BT</arg>
<arg>BV</arg>
<arg>BW</arg>
<arg>BY</arg>
<arg>BZ</arg>
<arg>CA</arg>
<arg>CC</arg>
<arg>CD</arg>
<arg>CF</arg>
<arg>CG</arg>
<arg>CH</arg>
<arg>CI</arg>
<arg>CK</arg>
<arg>CL</arg>
<arg>CM</arg>
<arg>CN</arg>
<arg>CO</arg>
<arg>CR</arg>
<arg>CU</arg>
<arg>CV</arg>
<arg>CW</arg>
<arg>CX</arg>
<arg>CY</arg>
<arg>CZ</arg>
<arg>DE</arg>
<arg>DJ</arg>
<arg>DK</arg>
<arg>DM</arg>
<arg>DO</arg>
<arg>DZ</arg>
<arg>EC</arg>
<arg>EE</arg>
<arg>EG</arg>
<arg>EH</arg>
<arg>ER</arg>
<arg>ES</arg>
<arg>ET</arg>
<arg>FI</arg>
<arg>FJ</arg>
<arg>FK</arg>
<arg>FM</arg>
<arg>FO</arg>
<arg>FR</arg>
<arg>GA</arg>
<arg>GB</arg>
<arg>GD</arg>
<arg>GE</arg>
<arg>GF</arg>
<arg>GG</arg>
<arg>GH</arg>
<arg>GI</arg>
<arg>GL</arg>
<arg>GM</arg>
<arg>GN</arg>
<arg>GP</arg>
<arg>GQ</arg>
<arg>GR</arg>
<arg>GS</arg>
<arg>GT</arg>
<arg>GU</arg>
<arg>GW</arg>
<arg>GY</arg>
<arg>HK</arg>
<arg>HM</arg>
<arg>HN</arg>
<arg>HR</arg>
<arg>HT</arg>
<arg>HU</arg>
<arg>ID</arg>
<arg>IE</arg>
<arg>IL</arg>
<arg>IM</arg>
<arg>IN</arg>
<arg>IO</arg>
<arg>IQ</arg>
<arg>IR</arg>
<arg>IS</arg>
<arg>IT</arg>
<arg>JE</arg>
<arg>JM</arg>
<arg>JO</arg>
<arg>JP</arg>
<arg>KE</arg>
<arg>KG</arg>
<arg>KH</arg>
<arg>KI</arg>
<arg>KM</arg>
<arg>KN</arg>
<arg>KP</arg>
<arg>KR</arg>
<arg>KW</arg>
<arg>KY</arg>
<arg>KZ</arg>
<arg>LA</arg>
<arg>LB</arg>
<arg>LC</arg>
<arg>LI</arg>
<arg>LK</arg>
<arg>LR</arg>
<arg>LS</arg>
<arg>LT</arg>
<arg>LU</arg>
<arg>LV</arg>
<arg>LY</arg>
<arg>MA</arg>
<arg>MC</arg>
<arg>MD</arg>
<arg>ME</arg>
<arg>MF</arg>
<arg>MG</arg>
<arg>MH</arg>
<arg>MK</arg>
<arg>ML</arg>
<arg>MM</arg>
<arg>MN</arg>
<arg>MO</arg>
<arg>MP</arg>
<arg>MQ</arg>
<arg>MR</arg>
<arg>MS</arg>
<arg>MT</arg>
<arg>MU</arg>
<arg>MV</arg>
<arg>MW</arg>
<arg>MX</arg>
<arg>MY</arg>
<arg>MZ</arg>
<arg>NA</arg>
<arg>NC</arg>
<arg>NE</arg>
<arg>NF</arg>
<arg>NG</arg>
<arg>NI</arg>
<arg>NL</arg>
<arg>NO</arg>
<arg>NP</arg>
<arg>NR</arg>
<arg>NU</arg>
<arg>NZ</arg>
<arg>OM</arg>
<arg>PA</arg>
<arg>PE</arg>
<arg>PF</arg>
<arg>PG</arg>
<arg>PH</arg>
<arg>PK</arg>
<arg>PL</arg>
<arg>PM</arg>
<arg>PN</arg>
<arg>PR</arg>
<arg>PS</arg>
<arg>PT</arg>
<arg>PW</arg>
<arg>PY</arg>
<arg>QA</arg>
<arg>RE</arg>
<arg>RO</arg>
<arg>RS</arg>
<arg>RU</arg>
<arg>RW</arg>
<arg>SA</arg>
<arg>SB</arg>
<arg>SC</arg>
<arg>SD</arg>
<arg>SE</arg>
<arg>SG</arg>
<arg>SH</arg>
<arg>SI</arg>
<arg>SJ</arg>
<arg>SK</arg>
<arg>SL</arg>
<arg>SM</arg>
<arg>SN</arg>
<arg>SO</arg>
<arg>SR</arg>
<arg>SS</arg>
<arg>ST</arg>
<arg>SV</arg>
<arg>SX</arg>
<arg>SY</arg>
<arg>SZ</arg>
<arg>TC</arg>
<arg>TD</arg>
<arg>TF</arg>
<arg>TG</arg>
<arg>TH</arg>
<arg>TJ</arg>
<arg>TK</arg>
<arg>TL</arg>
<arg>TM</arg>
<arg>TN</arg>
<arg>TO</arg>
<arg>TR</arg>
<arg>TT</arg>
<arg>TV</arg>
<arg>TW</arg>
<arg>TZ</arg>
<arg>UA</arg>
<arg>UG</arg>
<arg>UM</arg>
<arg>US</arg>
<arg>UY</arg>
<arg>UZ</arg>
<arg>VA</arg>
<arg>VC</arg>
<arg>VE</arg>
<arg>VG</arg>
<arg>VI</arg>
<arg>VN</arg>
<arg>VU</arg>
<arg>WF</arg>
<arg>WS</arg>
<arg>XK</arg>
<arg>YE</arg>
<arg>YT</arg>
<arg>ZA</arg>
<arg>ZM</arg>
<arg>ZW</arg>
<doc>Returns a list containing given items.</doc>
<status status="PASS" start="2024-06-03T09:16:12.950041" elapsed="0.000642"/>
</kw>
<kw name="List Should Contain Value" owner="Collections">
<msg time="2024-06-03T09:16:12.951670" level="INFO">False</msg>
<arg>${list_country}</arg>
<arg>${name_country}</arg>
<doc>Fails if the ``value`` is not found from ``list``.</doc>
<status status="PASS" start="2024-06-03T09:16:12.951465" elapsed="0.000241"/>
</kw>
<kw name="Run Keyword If" owner="BuiltIn">
<kw name="Should Be True" owner="BuiltIn">
<arg>${True}</arg>
<doc>Fails if the given condition is not true.</doc>
<status status="PASS" start="2024-06-03T09:16:12.952775" elapsed="0.000143"/>
</kw>
<arg>${json_data["results"][0]["location"]["coordinates"]["latitude"]} &gt;= -90 and ${json_data["results"][0]["location"]["coordinates"]["latitude"]} &lt;= 90</arg>
<arg>Should Be True</arg>
<arg>${True}</arg>
<doc>Runs the given keyword with the given arguments, if ``condition`` is true.</doc>
<status status="PASS" start="2024-06-03T09:16:12.952018" elapsed="0.001025"/>
</kw>
<kw name="Run Keyword If" owner="BuiltIn">
<kw name="Should Be True" owner="BuiltIn">
<arg>${True}</arg>
<doc>Fails if the given condition is not true.</doc>
<status status="PASS" start="2024-06-03T09:16:12.953956" elapsed="0.000138"/>
</kw>
<arg>${json_data["results"][0]["location"]["coordinates"]["longitude"]} &gt;= -180 and ${json_data["results"][0]["location"]["coordinates"]["longitude"]} &lt;= 180</arg>
<arg>Should Be True</arg>
<arg>${True}</arg>
<doc>Runs the given keyword with the given arguments, if ``condition`` is true.</doc>
<status status="PASS" start="2024-06-03T09:16:12.953255" elapsed="0.000960"/>
</kw>
<status status="PASS" start="2024-06-03T09:16:12.873962" elapsed="0.080379"/>
</kw>
<doc>Testa o conteúdo específico dos campos retornados pela API.</doc>
<tag>testeConteudo</tag>
<status status="PASS" start="2024-06-03T09:16:12.873330" elapsed="0.081152"/>
</test>
<status status="PASS" start="2024-06-03T09:16:12.044126" elapsed="0.912236"/>
</suite>
<status status="PASS" start="2024-06-03T09:16:12.030495" elapsed="0.931037"/>
</suite>
<statistics>
<total>
<stat pass="5" fail="0" skip="0">All Tests</stat>
</total>
<tag>
<stat pass="1" fail="0" skip="0">testeConteudo</stat>
<stat pass="1" fail="0" skip="0">testeEstruturaResposta</stat>
<stat pass="1" fail="0" skip="0">testeRequisicaoBasica</stat>
<stat pass="1" fail="0" skip="0">testeTiposDados</stat>
</tag>
<suite>
<stat pass="5" fail="0" skip="0" id="s1" name="Tests">Tests</stat>
<stat pass="5" fail="0" skip="0" id="s1-s1" name="Random-User-Test">Tests.Random-User-Test</stat>
</suite>
</statistics>
<errors>
</errors>
</robot>
