<?xml version="1.0" encoding="UTF-8"?>
<robot generator="Robot 7.0.1 (Python 3.12.4 on linux)" generated="2024-08-04T14:14:13.424693" rpa="false" schemaversion="5">
<suite id="s1" name="Tests" source="/home/runner/work/ApiRandomUser/ApiRandomUser/RamdonUser/tests">
<suite id="s1-s1" name="Random-User-Test" source="/home/runner/work/ApiRandomUser/ApiRandomUser/RamdonUser/tests/random-user-test.robot">
<test id="s1-s1-t1" name="Conectar" line="13">
<kw name="Conectar API" owner="random-user-service">
<kw name="Create Session" owner="RequestsLibrary">
<msg time="2024-08-04T14:14:13.865978" level="INFO">Creating Session using : alias=consultarAPI, url=https://randomuser.me/, headers={},                     cookies={}, auth=None, timeout=None, proxies=None, verify=False,                     debug=0 </msg>
<arg>consultarAPI</arg>
<arg>${URL}</arg>
<doc>Create Session: create a HTTP session to a server</doc>
<status status="PASS" start="2024-08-04T14:14:13.865771" elapsed="0.000396"/>
</kw>
<status status="PASS" start="2024-08-04T14:14:13.864690" elapsed="0.001842"/>
</kw>
<status status="PASS" start="2024-08-04T14:14:13.864071" elapsed="0.002656"/>
</test>
<test id="s1-s1-t2" name="Validar retorno 200 e JSON Válido" line="16">
<kw name="Teste de Requisicao Basica" owner="random-user-service">
<kw name="GET On Session" owner="RequestsLibrary">
<msg time="2024-08-04T14:14:14.039796" level="INFO">GET Request : url=https://randomuser.me/api 
 path_url=/api 
 headers={'User-Agent': 'python-requests/2.32.3', 'Accept-Encoding': 'gzip, deflate', 'Accept': '*/*', 'Connection': 'keep-alive'} 
 body=None 
 </msg>
<msg time="2024-08-04T14:14:14.039947" level="INFO">GET Response : url=https://randomuser.me/api 
 status=200, reason=OK 
 headers={'Date': 'Sun, 04 Aug 2024 14:14:14 GMT', 'Content-Type': 'application/json; charset=utf-8', 'Transfer-Encoding': 'chunked', 'Connection': 'keep-alive', 'X-Powered-By': 'Express', 'Access-Control-Allow-Origin': '*', 'Cache-Control': 'no-cache', 'ETag': 'W/"49f-rsHh3CTqGnE0W/MsRVNLPltbxjc"', 'Vary': 'Accept-Encoding', 'Content-Encoding': 'gzip', 'cf-cache-status': 'DYNAMIC', 'Report-To': '{"endpoints":[{"url":"https:\\/\\/a.nel.cloudflare.com\\/report\\/v4?s=TJRhRVDpil6%2F7FiL57Y5KxFEpCFwjjWzs0m8CpJKiSeH1UyPmIT2i%2FFVm%2FfofDDm5qo8abW6Gr3xCUzHHZ0CMJ%2Fds0J5A0STgNeE4qsreHH6am8DBBPCHs9YdpvbCtf0"}],"group":"cf-nel","max_age":604800}', 'NEL': '{"success_fraction":0,"report_to":"cf-nel","max_age":604800}', 'Server': 'cloudflare', 'CF-RAY': '8adf27119a4e3b92-IAD', 'alt-svc': 'h3=":443"; ma=86400'} 
 body={"results":[{"gender":"male","name":{"title":"Monsieur","first":"Marek","last":"Arnaud"},"location":{"street":{"number":2181,"name":"Rue Abel"},"city":"Montcherand","state":"Solothurn","country":"Switzerland","postcode":9196,"coordinates":{"latitude":"-55.8073","longitude":"-166.7337"},"timezone":{"offset":"+5:30","description":"Bombay, Calcutta, Madras, New Delhi"}},"email":"marek.arnaud@example.com","login":{"uuid":"90b359a1-c7d0-44d1-aa36-1724efaef855","username":"browngorilla210","password":"penguin1","salt":"YEYbsZhi","md5":"f29b4f46a4a24a07548d03fbc85346a3","sha1":"62d5da39b236a4812bec630c6d9ebd72fab21554","sha256":"8ba6265f3e8e1cb6a6f0d4ab2ec851973ef9e1da6bf196b469dd03ffcb6ad949"},"dob":{"date":"1969-08-18T18:04:33.447Z","age":54},"registered":{"date":"2005-01-04T08:50:26.875Z","age":19},"phone":"079 689 53 38","cell":"075 905 04 27","id":{"name":"AVS","value":"756.5950.0064.04"},"picture":{"large":"https://randomuser.me/api/portraits/men/30.jpg","medium":"https://randomuser.me/api/portraits/med/men/30.jpg","thumbnail":"https://randomuser.me/api/portraits/thumb/men/30.jpg"},"nat":"CH"}],"info":{"seed":"2b7cc7e245da4b71","results":1,"page":1,"version":"1.4"}} 
 </msg>
<msg time="2024-08-04T14:14:14.040026" level="INFO">/opt/hostedtoolcache/Python/3.12.4/x64/lib/python3.12/site-packages/urllib3/connectionpool.py:1099: InsecureRequestWarning: Unverified HTTPS request is being made to host 'randomuser.me'. Adding certificate verification is strongly advised. See: https://urllib3.readthedocs.io/en/latest/advanced-usage.html#tls-warnings
  warnings.warn(</msg>
<msg time="2024-08-04T14:14:14.040220" level="INFO">${response} = &lt;Response [200]&gt;</msg>
<var>${response}</var>
<arg>consultarAPI</arg>
<arg>/api</arg>
<doc>Sends a GET request on a previously created HTTP Session.</doc>
<status status="PASS" start="2024-08-04T14:14:13.869417" elapsed="0.170847"/>
</kw>
<kw name="Should Be Equal As Numbers" owner="BuiltIn">
<msg time="2024-08-04T14:14:14.041379" level="INFO">Argument types are:
&lt;class 'int'&gt;
&lt;class 'str'&gt;</msg>
<arg>${response.status_code}</arg>
<arg>200</arg>
<doc>Fails if objects are unequal after converting them to real numbers.</doc>
<status status="PASS" start="2024-08-04T14:14:14.040894" elapsed="0.000551"/>
</kw>
<kw name="Log" owner="BuiltIn">
<msg time="2024-08-04T14:14:14.042117" level="INFO">200</msg>
<arg>${response.status_code}</arg>
<doc>Logs the given message with the given level.</doc>
<status status="PASS" start="2024-08-04T14:14:14.041764" elapsed="0.000395"/>
</kw>
<kw name="Set Variable" owner="BuiltIn">
<msg time="2024-08-04T14:14:14.042902" level="INFO">${json_data} = {'results': [{'gender': 'male', 'name': {'title': 'Monsieur', 'first': 'Marek', 'last': 'Arnaud'}, 'location': {'street': {'number': 2181, 'name': 'Rue Abel'}, 'city': 'Montcherand', 'state': 'Solothu...</msg>
<var>${json_data}</var>
<arg>${response.json()}</arg>
<doc>Returns the given values which can then be assigned to a variables.</doc>
<status status="PASS" start="2024-08-04T14:14:14.042466" elapsed="0.000464"/>
</kw>
<kw name="Dictionary Should Contain Key" owner="Collections">
<arg>${json_data}</arg>
<arg>results</arg>
<doc>Fails if ``key`` is not found from ``dictionary``.</doc>
<status status="PASS" start="2024-08-04T14:14:14.043259" elapsed="0.000322"/>
</kw>
<status status="PASS" start="2024-08-04T14:14:13.869174" elapsed="0.174564"/>
</kw>
<doc>Testa se a API responde corretamente e retorna um objeto JSON válido.</doc>
<tag>testeRequisicaoBasica</tag>
<status status="PASS" start="2024-08-04T14:14:13.868654" elapsed="0.175261"/>
</test>
<test id="s1-s1-t3" name="Validar estrutura de resposta" line="22">
<kw name="Teste de Estrutura de Resposta" owner="random-user-service">
<kw name="GET On Session" owner="RequestsLibrary">
<msg time="2024-08-04T14:14:14.143545" level="INFO">GET Request : url=https://randomuser.me/api 
 path_url=/api 
 headers={'User-Agent': 'python-requests/2.32.3', 'Accept-Encoding': 'gzip, deflate', 'Accept': '*/*', 'Connection': 'keep-alive'} 
 body=None 
 </msg>
<msg time="2024-08-04T14:14:14.143656" level="INFO">GET Response : url=https://randomuser.me/api 
 status=200, reason=OK 
 headers={'Date': 'Sun, 04 Aug 2024 14:14:14 GMT', 'Content-Type': 'application/json; charset=utf-8', 'Transfer-Encoding': 'chunked', 'Connection': 'keep-alive', 'X-Powered-By': 'Express', 'Access-Control-Allow-Origin': '*', 'Cache-Control': 'no-cache', 'ETag': 'W/"476-3YKVSw1ahPwueRROpQe7tqyzTC4"', 'Vary': 'Accept-Encoding', 'Content-Encoding': 'gzip', 'CF-Cache-Status': 'DYNAMIC', 'Report-To': '{"endpoints":[{"url":"https:\\/\\/a.nel.cloudflare.com\\/report\\/v4?s=7Rq7Ky9%2FodfQlkb9jDRE9fg3FTYNvIMQodS4C094OCAd34Pm7wmqmtJGghLsaWq4e2ABCsfxCM34yt2MmIbksitAyQvINWS%2BLEnM1jhnak1n3cd%2BR0K5wTi9Jjp8nFKn"}],"group":"cf-nel","max_age":604800}', 'NEL': '{"success_fraction":0,"report_to":"cf-nel","max_age":604800}', 'Server': 'cloudflare', 'CF-RAY': '8adf2711ca9e3b92-IAD', 'alt-svc': 'h3=":443"; ma=86400'} 
 body={"results":[{"gender":"female","name":{"title":"Miss","first":"Clara","last":"Hansen"},"location":{"street":{"number":5254,"name":"Ryttervænget"},"city":"Vesterborg","state":"Nordjylland","country":"Denmark","postcode":18900,"coordinates":{"latitude":"-44.6160","longitude":"60.6457"},"timezone":{"offset":"-3:30","description":"Newfoundland"}},"email":"clara.hansen@example.com","login":{"uuid":"32248ae9-1610-4276-8172-b14a5f0fe32c","username":"bluepanda178","password":"jjjj","salt":"AfdlEyHf","md5":"99dc480b7734fcfbc4589bc3af356768","sha1":"7e5165b9d859c9af87d41bbdfbff0e2b05849135","sha256":"d2a07742a9137bafea9769f63b3f21717610b3b8bdb17e2397df5e97e4683e7f"},"dob":{"date":"1960-09-18T09:40:02.228Z","age":63},"registered":{"date":"2014-11-25T11:50:01.244Z","age":9},"phone":"90992181","cell":"21486333","id":{"name":"CPR","value":"180960-8142"},"picture":{"large":"https://randomuser.me/api/portraits/women/31.jpg","medium":"https://randomuser.me/api/portraits/med/women/31.jpg","thumbnail":"https://randomuser.me/api/portraits/thumb/women/31.jpg"},"nat":"DK"}],"info":{"seed":"5c711077e04ecb18","results":1,"page":1,"version":"1.4"}} 
 </msg>
<msg time="2024-08-04T14:14:14.143804" level="INFO">/opt/hostedtoolcache/Python/3.12.4/x64/lib/python3.12/site-packages/urllib3/connectionpool.py:1099: InsecureRequestWarning: Unverified HTTPS request is being made to host 'randomuser.me'. Adding certificate verification is strongly advised. See: https://urllib3.readthedocs.io/en/latest/advanced-usage.html#tls-warnings
  warnings.warn(</msg>
<msg time="2024-08-04T14:14:14.143965" level="INFO">${response} = &lt;Response [200]&gt;</msg>
<var>${response}</var>
<arg>consultarAPI</arg>
<arg>/api</arg>
<doc>Sends a GET request on a previously created HTTP Session.</doc>
<status status="PASS" start="2024-08-04T14:14:14.046587" elapsed="0.097436"/>
</kw>
<kw name="Set Variable" owner="BuiltIn">
<msg time="2024-08-04T14:14:14.145119" level="INFO">${json_data} = {'results': [{'gender': 'female', 'name': {'title': 'Miss', 'first': 'Clara', 'last': 'Hansen'}, 'location': {'street': {'number': 5254, 'name': 'Ryttervænget'}, 'city': 'Vesterborg', 'state': 'Nordjy...</msg>
<var>${json_data}</var>
<arg>${response.json()}</arg>
<doc>Returns the given values which can then be assigned to a variables.</doc>
<status status="PASS" start="2024-08-04T14:14:14.144611" elapsed="0.000548"/>
</kw>
<kw name="Log" owner="BuiltIn">
<msg time="2024-08-04T14:14:14.145632" level="INFO">{'results': [{'gender': 'female', 'name': {'title': 'Miss', 'first': 'Clara', 'last': 'Hansen'}, 'location': {'street': {'number': 5254, 'name': 'Ryttervænget'}, 'city': 'Vesterborg', 'state': 'Nordjylland', 'country': 'Denmark', 'postcode': 18900, 'coordinates': {'latitude': '-44.6160', 'longitude': '60.6457'}, 'timezone': {'offset': '-3:30', 'description': 'Newfoundland'}}, 'email': 'clara.hansen@example.com', 'login': {'uuid': '32248ae9-1610-4276-8172-b14a5f0fe32c', 'username': 'bluepanda178', 'password': 'jjjj', 'salt': 'AfdlEyHf', 'md5': '99dc480b7734fcfbc4589bc3af356768', 'sha1': '7e5165b9d859c9af87d41bbdfbff0e2b05849135', 'sha256': 'd2a07742a9137bafea9769f63b3f21717610b3b8bdb17e2397df5e97e4683e7f'}, 'dob': {'date': '1960-09-18T09:40:02.228Z', 'age': 63}, 'registered': {'date': '2014-11-25T11:50:01.244Z', 'age': 9}, 'phone': '90992181', 'cell': '21486333', 'id': {'name': 'CPR', 'value': '180960-8142'}, 'picture': {'large': 'https://randomuser.me/api/portraits/women/31.jpg', 'medium': 'https://randomuser.me/api/portraits/med/women/31.jpg', 'thumbnail': 'https://randomuser.me/api/portraits/thumb/women/31.jpg'}, 'nat': 'DK'}], 'info': {'seed': '5c711077e04ecb18', 'results': 1, 'page': 1, 'version': '1.4'}}</msg>
<arg>${json_data}</arg>
<doc>Logs the given message with the given level.</doc>
<status status="PASS" start="2024-08-04T14:14:14.145469" elapsed="0.000214"/>
</kw>
<kw name="Dictionary Should Contain Key" owner="Collections">
<arg>${json_data}</arg>
<arg>results</arg>
<doc>Fails if ``key`` is not found from ``dictionary``.</doc>
<status status="PASS" start="2024-08-04T14:14:14.145981" elapsed="0.000177"/>
</kw>
<kw name="Should Not Be Empty" owner="BuiltIn">
<msg time="2024-08-04T14:14:14.146513" level="INFO">Length is 2.</msg>
<arg>${json_data}</arg>
<doc>Verifies that the given item is not empty.</doc>
<status status="PASS" start="2024-08-04T14:14:14.146363" elapsed="0.000190"/>
</kw>
<kw name="Create List" owner="BuiltIn">
<msg time="2024-08-04T14:14:14.147003" level="INFO">${expected_keys} = ['gender', 'name', 'location', 'email', 'login']</msg>
<var>${expected_keys}</var>
<arg>gender</arg>
<arg>name</arg>
<arg>location</arg>
<arg>email</arg>
<arg>login</arg>
<doc>Returns a list containing given items.</doc>
<status status="PASS" start="2024-08-04T14:14:14.146853" elapsed="0.000174"/>
</kw>
<for flavor="IN">
<iter>
<kw name="Dictionary Should Contain Key" owner="Collections">
<arg>${json_data['results'][0]}</arg>
<arg>${key}</arg>
<doc>Fails if ``key`` is not found from ``dictionary``.</doc>
<status status="PASS" start="2024-08-04T14:14:14.147643" elapsed="0.000433"/>
</kw>
<kw name="Log" owner="BuiltIn">
<msg time="2024-08-04T14:14:14.148632" level="INFO">{'gender': 'female', 'name': {'title': 'Miss', 'first': 'Clara', 'last': 'Hansen'}, 'location': {'street': {'number': 5254, 'name': 'Ryttervænget'}, 'city': 'Vesterborg', 'state': 'Nordjylland', 'country': 'Denmark', 'postcode': 18900, 'coordinates': {'latitude': '-44.6160', 'longitude': '60.6457'}, 'timezone': {'offset': '-3:30', 'description': 'Newfoundland'}}, 'email': 'clara.hansen@example.com', 'login': {'uuid': '32248ae9-1610-4276-8172-b14a5f0fe32c', 'username': 'bluepanda178', 'password': 'jjjj', 'salt': 'AfdlEyHf', 'md5': '99dc480b7734fcfbc4589bc3af356768', 'sha1': '7e5165b9d859c9af87d41bbdfbff0e2b05849135', 'sha256': 'd2a07742a9137bafea9769f63b3f21717610b3b8bdb17e2397df5e97e4683e7f'}, 'dob': {'date': '1960-09-18T09:40:02.228Z', 'age': 63}, 'registered': {'date': '2014-11-25T11:50:01.244Z', 'age': 9}, 'phone': '90992181', 'cell': '21486333', 'id': {'name': 'CPR', 'value': '180960-8142'}, 'picture': {'large': 'https://randomuser.me/api/portraits/women/31.jpg', 'medium': 'https://randomuser.me/api/portraits/med/women/31.jpg', 'thumbnail': 'https://randomuser.me/api/portraits/thumb/women/31.jpg'}, 'nat': 'DK'}</msg>
<arg>${json_data['results'][0]}</arg>
<doc>Logs the given message with the given level.</doc>
<status status="PASS" start="2024-08-04T14:14:14.148274" elapsed="0.000411"/>
</kw>
<kw name="Log" owner="BuiltIn">
<msg time="2024-08-04T14:14:14.149124" level="INFO">gender</msg>
<arg>${key}</arg>
<doc>Logs the given message with the given level.</doc>
<status status="PASS" start="2024-08-04T14:14:14.148993" elapsed="0.000170"/>
</kw>
<var name="${key}">gender</var>
<status status="PASS" start="2024-08-04T14:14:14.147509" elapsed="0.001876"/>
</iter>
<iter>
<kw name="Dictionary Should Contain Key" owner="Collections">
<arg>${json_data['results'][0]}</arg>
<arg>${key}</arg>
<doc>Fails if ``key`` is not found from ``dictionary``.</doc>
<status status="PASS" start="2024-08-04T14:14:14.149692" elapsed="0.000411"/>
</kw>
<kw name="Log" owner="BuiltIn">
<msg time="2024-08-04T14:14:14.150643" level="INFO">{'gender': 'female', 'name': {'title': 'Miss', 'first': 'Clara', 'last': 'Hansen'}, 'location': {'street': {'number': 5254, 'name': 'Ryttervænget'}, 'city': 'Vesterborg', 'state': 'Nordjylland', 'country': 'Denmark', 'postcode': 18900, 'coordinates': {'latitude': '-44.6160', 'longitude': '60.6457'}, 'timezone': {'offset': '-3:30', 'description': 'Newfoundland'}}, 'email': 'clara.hansen@example.com', 'login': {'uuid': '32248ae9-1610-4276-8172-b14a5f0fe32c', 'username': 'bluepanda178', 'password': 'jjjj', 'salt': 'AfdlEyHf', 'md5': '99dc480b7734fcfbc4589bc3af356768', 'sha1': '7e5165b9d859c9af87d41bbdfbff0e2b05849135', 'sha256': 'd2a07742a9137bafea9769f63b3f21717610b3b8bdb17e2397df5e97e4683e7f'}, 'dob': {'date': '1960-09-18T09:40:02.228Z', 'age': 63}, 'registered': {'date': '2014-11-25T11:50:01.244Z', 'age': 9}, 'phone': '90992181', 'cell': '21486333', 'id': {'name': 'CPR', 'value': '180960-8142'}, 'picture': {'large': 'https://randomuser.me/api/portraits/women/31.jpg', 'medium': 'https://randomuser.me/api/portraits/med/women/31.jpg', 'thumbnail': 'https://randomuser.me/api/portraits/thumb/women/31.jpg'}, 'nat': 'DK'}</msg>
<arg>${json_data['results'][0]}</arg>
<doc>Logs the given message with the given level.</doc>
<status status="PASS" start="2024-08-04T14:14:14.150291" elapsed="0.000436"/>
</kw>
<kw name="Log" owner="BuiltIn">
<msg time="2024-08-04T14:14:14.151164" level="INFO">name</msg>
<arg>${key}</arg>
<doc>Logs the given message with the given level.</doc>
<status status="PASS" start="2024-08-04T14:14:14.151034" elapsed="0.000169"/>
</kw>
<var name="${key}">name</var>
<status status="PASS" start="2024-08-04T14:14:14.149575" elapsed="0.001847"/>
</iter>
<iter>
<kw name="Dictionary Should Contain Key" owner="Collections">
<arg>${json_data['results'][0]}</arg>
<arg>${key}</arg>
<doc>Fails if ``key`` is not found from ``dictionary``.</doc>
<status status="PASS" start="2024-08-04T14:14:14.151711" elapsed="0.000408"/>
</kw>
<kw name="Log" owner="BuiltIn">
<msg time="2024-08-04T14:14:14.152655" level="INFO">{'gender': 'female', 'name': {'title': 'Miss', 'first': 'Clara', 'last': 'Hansen'}, 'location': {'street': {'number': 5254, 'name': 'Ryttervænget'}, 'city': 'Vesterborg', 'state': 'Nordjylland', 'country': 'Denmark', 'postcode': 18900, 'coordinates': {'latitude': '-44.6160', 'longitude': '60.6457'}, 'timezone': {'offset': '-3:30', 'description': 'Newfoundland'}}, 'email': 'clara.hansen@example.com', 'login': {'uuid': '32248ae9-1610-4276-8172-b14a5f0fe32c', 'username': 'bluepanda178', 'password': 'jjjj', 'salt': 'AfdlEyHf', 'md5': '99dc480b7734fcfbc4589bc3af356768', 'sha1': '7e5165b9d859c9af87d41bbdfbff0e2b05849135', 'sha256': 'd2a07742a9137bafea9769f63b3f21717610b3b8bdb17e2397df5e97e4683e7f'}, 'dob': {'date': '1960-09-18T09:40:02.228Z', 'age': 63}, 'registered': {'date': '2014-11-25T11:50:01.244Z', 'age': 9}, 'phone': '90992181', 'cell': '21486333', 'id': {'name': 'CPR', 'value': '180960-8142'}, 'picture': {'large': 'https://randomuser.me/api/portraits/women/31.jpg', 'medium': 'https://randomuser.me/api/portraits/med/women/31.jpg', 'thumbnail': 'https://randomuser.me/api/portraits/thumb/women/31.jpg'}, 'nat': 'DK'}</msg>
<arg>${json_data['results'][0]}</arg>
<doc>Logs the given message with the given level.</doc>
<status status="PASS" start="2024-08-04T14:14:14.152307" elapsed="0.000399"/>
</kw>
<kw name="Log" owner="BuiltIn">
<msg time="2024-08-04T14:14:14.153140" level="INFO">location</msg>
<arg>${key}</arg>
<doc>Logs the given message with the given level.</doc>
<status status="PASS" start="2024-08-04T14:14:14.153010" elapsed="0.000168"/>
</kw>
<var name="${key}">location</var>
<status status="PASS" start="2024-08-04T14:14:14.151601" elapsed="0.001802"/>
</iter>
<iter>
<kw name="Dictionary Should Contain Key" owner="Collections">
<arg>${json_data['results'][0]}</arg>
<arg>${key}</arg>
<doc>Fails if ``key`` is not found from ``dictionary``.</doc>
<status status="PASS" start="2024-08-04T14:14:14.153688" elapsed="0.000384"/>
</kw>
<kw name="Log" owner="BuiltIn">
<msg time="2024-08-04T14:14:14.154725" level="INFO">{'gender': 'female', 'name': {'title': 'Miss', 'first': 'Clara', 'last': 'Hansen'}, 'location': {'street': {'number': 5254, 'name': 'Ryttervænget'}, 'city': 'Vesterborg', 'state': 'Nordjylland', 'country': 'Denmark', 'postcode': 18900, 'coordinates': {'latitude': '-44.6160', 'longitude': '60.6457'}, 'timezone': {'offset': '-3:30', 'description': 'Newfoundland'}}, 'email': 'clara.hansen@example.com', 'login': {'uuid': '32248ae9-1610-4276-8172-b14a5f0fe32c', 'username': 'bluepanda178', 'password': 'jjjj', 'salt': 'AfdlEyHf', 'md5': '99dc480b7734fcfbc4589bc3af356768', 'sha1': '7e5165b9d859c9af87d41bbdfbff0e2b05849135', 'sha256': 'd2a07742a9137bafea9769f63b3f21717610b3b8bdb17e2397df5e97e4683e7f'}, 'dob': {'date': '1960-09-18T09:40:02.228Z', 'age': 63}, 'registered': {'date': '2014-11-25T11:50:01.244Z', 'age': 9}, 'phone': '90992181', 'cell': '21486333', 'id': {'name': 'CPR', 'value': '180960-8142'}, 'picture': {'large': 'https://randomuser.me/api/portraits/women/31.jpg', 'medium': 'https://randomuser.me/api/portraits/med/women/31.jpg', 'thumbnail': 'https://randomuser.me/api/portraits/thumb/women/31.jpg'}, 'nat': 'DK'}</msg>
<arg>${json_data['results'][0]}</arg>
<doc>Logs the given message with the given level.</doc>
<status status="PASS" start="2024-08-04T14:14:14.154373" elapsed="0.000404"/>
</kw>
<kw name="Log" owner="BuiltIn">
<msg time="2024-08-04T14:14:14.155211" level="INFO">email</msg>
<arg>${key}</arg>
<doc>Logs the given message with the given level.</doc>
<status status="PASS" start="2024-08-04T14:14:14.155078" elapsed="0.000172"/>
</kw>
<var name="${key}">email</var>
<status status="PASS" start="2024-08-04T14:14:14.153578" elapsed="0.001889"/>
</iter>
<iter>
<kw name="Dictionary Should Contain Key" owner="Collections">
<arg>${json_data['results'][0]}</arg>
<arg>${key}</arg>
<doc>Fails if ``key`` is not found from ``dictionary``.</doc>
<status status="PASS" start="2024-08-04T14:14:14.155754" elapsed="0.000416"/>
</kw>
<kw name="Log" owner="BuiltIn">
<msg time="2024-08-04T14:14:14.156711" level="INFO">{'gender': 'female', 'name': {'title': 'Miss', 'first': 'Clara', 'last': 'Hansen'}, 'location': {'street': {'number': 5254, 'name': 'Ryttervænget'}, 'city': 'Vesterborg', 'state': 'Nordjylland', 'country': 'Denmark', 'postcode': 18900, 'coordinates': {'latitude': '-44.6160', 'longitude': '60.6457'}, 'timezone': {'offset': '-3:30', 'description': 'Newfoundland'}}, 'email': 'clara.hansen@example.com', 'login': {'uuid': '32248ae9-1610-4276-8172-b14a5f0fe32c', 'username': 'bluepanda178', 'password': 'jjjj', 'salt': 'AfdlEyHf', 'md5': '99dc480b7734fcfbc4589bc3af356768', 'sha1': '7e5165b9d859c9af87d41bbdfbff0e2b05849135', 'sha256': 'd2a07742a9137bafea9769f63b3f21717610b3b8bdb17e2397df5e97e4683e7f'}, 'dob': {'date': '1960-09-18T09:40:02.228Z', 'age': 63}, 'registered': {'date': '2014-11-25T11:50:01.244Z', 'age': 9}, 'phone': '90992181', 'cell': '21486333', 'id': {'name': 'CPR', 'value': '180960-8142'}, 'picture': {'large': 'https://randomuser.me/api/portraits/women/31.jpg', 'medium': 'https://randomuser.me/api/portraits/med/women/31.jpg', 'thumbnail': 'https://randomuser.me/api/portraits/thumb/women/31.jpg'}, 'nat': 'DK'}</msg>
<arg>${json_data['results'][0]}</arg>
<doc>Logs the given message with the given level.</doc>
<status status="PASS" start="2024-08-04T14:14:14.156356" elapsed="0.000405"/>
</kw>
<kw name="Log" owner="BuiltIn">
<msg time="2024-08-04T14:14:14.157195" level="INFO">login</msg>
<arg>${key}</arg>
<doc>Logs the given message with the given level.</doc>
<status status="PASS" start="2024-08-04T14:14:14.157063" elapsed="0.000171"/>
</kw>
<var name="${key}">login</var>
<status status="PASS" start="2024-08-04T14:14:14.155643" elapsed="0.001810"/>
</iter>
<var>${key}</var>
<value>@{expected_keys}</value>
<status status="PASS" start="2024-08-04T14:14:14.147288" elapsed="0.010291"/>
</for>
<kw name="Create List" owner="BuiltIn">
<msg time="2024-08-04T14:14:14.157910" level="INFO">${expected_keysTwo} = ['username', 'password']</msg>
<var>${expected_keysTwo}</var>
<arg>username</arg>
<arg>password</arg>
<doc>Returns a list containing given items.</doc>
<status status="PASS" start="2024-08-04T14:14:14.157772" elapsed="0.000163"/>
</kw>
<for flavor="IN">
<iter>
<kw name="Dictionary Should Contain Key" owner="Collections">
<arg>${json_data['results'][0]['login']}</arg>
<arg>${keyTwo}</arg>
<doc>Fails if ``key`` is not found from ``dictionary``.</doc>
<status status="PASS" start="2024-08-04T14:14:14.158463" elapsed="0.000390"/>
</kw>
<kw name="Dictionary Should Contain Key" owner="Collections">
<arg>${json_data['results'][0]['login']}</arg>
<arg>${keyTwo}</arg>
<doc>Fails if ``key`` is not found from ``dictionary``.</doc>
<status status="PASS" start="2024-08-04T14:14:14.159038" elapsed="0.000379"/>
</kw>
<kw name="Log" owner="BuiltIn">
<msg time="2024-08-04T14:14:14.159717" level="INFO">username</msg>
<arg>${keyTwo}</arg>
<doc>Logs the given message with the given level.</doc>
<status status="PASS" start="2024-08-04T14:14:14.159597" elapsed="0.000159"/>
</kw>
<var name="${keyTwo}">username</var>
<status status="PASS" start="2024-08-04T14:14:14.158353" elapsed="0.001627"/>
</iter>
<iter>
<kw name="Dictionary Should Contain Key" owner="Collections">
<arg>${json_data['results'][0]['login']}</arg>
<arg>${keyTwo}</arg>
<doc>Fails if ``key`` is not found from ``dictionary``.</doc>
<status status="PASS" start="2024-08-04T14:14:14.160299" elapsed="0.000398"/>
</kw>
<kw name="Dictionary Should Contain Key" owner="Collections">
<arg>${json_data['results'][0]['login']}</arg>
<arg>${keyTwo}</arg>
<doc>Fails if ``key`` is not found from ``dictionary``.</doc>
<status status="PASS" start="2024-08-04T14:14:14.160879" elapsed="0.000370"/>
</kw>
<kw name="Log" owner="BuiltIn">
<msg time="2024-08-04T14:14:14.161549" level="INFO">password</msg>
<arg>${keyTwo}</arg>
<doc>Logs the given message with the given level.</doc>
<status status="PASS" start="2024-08-04T14:14:14.161429" elapsed="0.000158"/>
</kw>
<var name="${keyTwo}">password</var>
<status status="PASS" start="2024-08-04T14:14:14.160188" elapsed="0.001622"/>
</iter>
<var>${keyTwo}</var>
<value>@{expected_keysTwo}</value>
<status status="PASS" start="2024-08-04T14:14:14.158198" elapsed="0.003745"/>
</for>
<status status="PASS" start="2024-08-04T14:14:14.046350" elapsed="0.115741"/>
</kw>
<doc>Testa a estrutura da resposta da API.</doc>
<tag>testeEstruturaResposta</tag>
<status status="PASS" start="2024-08-04T14:14:14.045766" elapsed="0.116497"/>
</test>
<test id="s1-s1-t4" name="Validar tipos de dados" line="28">
<kw name="Teste de Tipos de Dados" owner="random-user-service">
<kw name="GET On Session" owner="RequestsLibrary">
<msg time="2024-08-04T14:14:14.246613" level="INFO">GET Request : url=https://randomuser.me/api 
 path_url=/api 
 headers={'User-Agent': 'python-requests/2.32.3', 'Accept-Encoding': 'gzip, deflate', 'Accept': '*/*', 'Connection': 'keep-alive'} 
 body=None 
 </msg>
<msg time="2024-08-04T14:14:14.246712" level="INFO">GET Response : url=https://randomuser.me/api 
 status=200, reason=OK 
 headers={'Date': 'Sun, 04 Aug 2024 14:14:14 GMT', 'Content-Type': 'application/json; charset=utf-8', 'Transfer-Encoding': 'chunked', 'Connection': 'keep-alive', 'X-Powered-By': 'Express', 'Access-Control-Allow-Origin': '*', 'Cache-Control': 'no-cache', 'ETag': 'W/"488-mXqZvoRfvkB6ZqhzgllJj1TUdjM"', 'Vary': 'Accept-Encoding', 'Content-Encoding': 'gzip', 'CF-Cache-Status': 'DYNAMIC', 'Report-To': '{"endpoints":[{"url":"https:\\/\\/a.nel.cloudflare.com\\/report\\/v4?s=UI4qpBtt2RdStGspTWCA8enA9wxvh9skoapgl0uhKkva9fiRC8S3kJoqMCzjyXcSIqX3tcjkYCUj1HGSGx88qVQZTeEkiTiD4Xm1BhE%2FXc%2F2zTnfRGOdQJlihM919EOj"}],"group":"cf-nel","max_age":604800}', 'NEL': '{"success_fraction":0,"report_to":"cf-nel","max_age":604800}', 'Server': 'cloudflare', 'CF-RAY': '8adf27128b7e3b92-IAD', 'alt-svc': 'h3=":443"; ma=86400'} 
 body={"results":[{"gender":"female","name":{"title":"Mrs","first":"Ljubica","last":"Orlić"},"location":{"street":{"number":4269,"name":"Gorana Gajića "},"city":"Opovo","state":"South Banat","country":"Serbia","postcode":49347,"coordinates":{"latitude":"58.3103","longitude":"53.8777"},"timezone":{"offset":"+7:00","description":"Bangkok, Hanoi, Jakarta"}},"email":"ljubica.orlic@example.com","login":{"uuid":"776c649c-601f-459d-b101-b6a2845c26dc","username":"bigpeacock481","password":"999999","salt":"bg7uLYEf","md5":"c719301aaaa804e7156a182df25e3717","sha1":"75afccb97e6282bf0c6905984d744683e6b1590f","sha256":"f7e33586d210d67cbdc4c18541492d3e6089e5201bc9d90c2421ec7f4ba28944"},"dob":{"date":"1983-06-10T21:10:04.938Z","age":41},"registered":{"date":"2004-10-30T10:18:00.015Z","age":19},"phone":"013-7148-781","cell":"069-5505-080","id":{"name":"SID","value":"832405667"},"picture":{"large":"https://randomuser.me/api/portraits/women/50.jpg","medium":"https://randomuser.me/api/portraits/med/women/50.jpg","thumbnail":"https://randomuser.me/api/portraits/thumb/women/50.jpg"},"nat":"RS"}],"info":{"seed":"a332685a9bad2a24","results":1,"page":1,"version":"1.4"}} 
 </msg>
<msg time="2024-08-04T14:14:14.246805" level="INFO">/opt/hostedtoolcache/Python/3.12.4/x64/lib/python3.12/site-packages/urllib3/connectionpool.py:1099: InsecureRequestWarning: Unverified HTTPS request is being made to host 'randomuser.me'. Adding certificate verification is strongly advised. See: https://urllib3.readthedocs.io/en/latest/advanced-usage.html#tls-warnings
  warnings.warn(</msg>
<msg time="2024-08-04T14:14:14.246914" level="INFO">${response} = &lt;Response [200]&gt;</msg>
<var>${response}</var>
<arg>consultarAPI</arg>
<arg>/api</arg>
<doc>Sends a GET request on a previously created HTTP Session.</doc>
<status status="PASS" start="2024-08-04T14:14:14.164817" elapsed="0.082140"/>
</kw>
<kw name="Set Variable" owner="BuiltIn">
<msg time="2024-08-04T14:14:14.248243" level="INFO">${json_data} = {'results': [{'gender': 'female', 'name': {'title': 'Mrs', 'first': 'Ljubica', 'last': 'Orlić'}, 'location': {'street': {'number': 4269, 'name': 'Gorana Gajića '}, 'city': 'Opovo', 'state': 'South Ban...</msg>
<var>${json_data}</var>
<arg>${response.json()}</arg>
<doc>Returns the given values which can then be assigned to a variables.</doc>
<status status="PASS" start="2024-08-04T14:14:14.247559" elapsed="0.000715"/>
</kw>
<kw name="Log" owner="BuiltIn">
<msg time="2024-08-04T14:14:14.248751" level="INFO">{'results': [{'gender': 'female', 'name': {'title': 'Mrs', 'first': 'Ljubica', 'last': 'Orlić'}, 'location': {'street': {'number': 4269, 'name': 'Gorana Gajića '}, 'city': 'Opovo', 'state': 'South Banat', 'country': 'Serbia', 'postcode': 49347, 'coordinates': {'latitude': '58.3103', 'longitude': '53.8777'}, 'timezone': {'offset': '+7:00', 'description': 'Bangkok, Hanoi, Jakarta'}}, 'email': 'ljubica.orlic@example.com', 'login': {'uuid': '776c649c-601f-459d-b101-b6a2845c26dc', 'username': 'bigpeacock481', 'password': '999999', 'salt': 'bg7uLYEf', 'md5': 'c719301aaaa804e7156a182df25e3717', 'sha1': '75afccb97e6282bf0c6905984d744683e6b1590f', 'sha256': 'f7e33586d210d67cbdc4c18541492d3e6089e5201bc9d90c2421ec7f4ba28944'}, 'dob': {'date': '1983-06-10T21:10:04.938Z', 'age': 41}, 'registered': {'date': '2004-10-30T10:18:00.015Z', 'age': 19}, 'phone': '013-7148-781', 'cell': '069-5505-080', 'id': {'name': 'SID', 'value': '832405667'}, 'picture': {'large': 'https://randomuser.me/api/portraits/women/50.jpg', 'medium': 'https://randomuser.me/api/portraits/med/women/50.jpg', 'thumbnail': 'https://randomuser.me/api/portraits/thumb/women/50.jpg'}, 'nat': 'RS'}], 'info': {'seed': 'a332685a9bad2a24', 'results': 1, 'page': 1, 'version': '1.4'}}</msg>
<arg>${json_data}</arg>
<doc>Logs the given message with the given level.</doc>
<status status="PASS" start="2024-08-04T14:14:14.248590" elapsed="0.000213"/>
</kw>
<kw name="Should Be String" owner="String">
<arg>${json_data['results'][0]['gender']}</arg>
<doc>Fails if the given ``item`` is not a string.</doc>
<status status="PASS" start="2024-08-04T14:14:14.249098" elapsed="0.000366"/>
</kw>
<kw name="Should Match Regexp" owner="BuiltIn">
<arg>${json_data['results'][0]['email']}</arg>
<arg>^[a-zA-Z0-9._%+-]+@[a-zA-Z0-9.-]+\.[a-zA-Z]{2,}$</arg>
<doc>Fails if ``string`` does not match ``pattern`` as a regular expression.</doc>
<status status="PASS" start="2024-08-04T14:14:14.249663" elapsed="0.000523"/>
</kw>
<kw name="Should Match Regexp" owner="BuiltIn">
<arg>${json_data['results'][0]['dob']['date']}</arg>
<arg>\\d{4}-\\d{2}-\\d{2}T\\d{2}:\\d{2}:\\d{2}\\.\\d{3}Z</arg>
<doc>Fails if ``string`` does not match ``pattern`` as a regular expression.</doc>
<status status="PASS" start="2024-08-04T14:14:14.250420" elapsed="0.000623"/>
</kw>
<kw name="Should Match Regexp" owner="BuiltIn">
<arg>${json_data['results'][0]['registered']['date']}</arg>
<arg>\\d{4}-\\d{2}-\\d{2}T\\d{2}:\\d{2}:\\d{2}\\.\\d{3}Z</arg>
<doc>Fails if ``string`` does not match ``pattern`` as a regular expression.</doc>
<status status="PASS" start="2024-08-04T14:14:14.251239" elapsed="0.000373"/>
</kw>
<kw name="Should Match Regexp" owner="BuiltIn">
<arg>${json_data['results'][0]['picture']['large']}</arg>
<arg>^https?://.*\.(?:png|jpe?g|gif|bmp)$</arg>
<doc>Fails if ``string`` does not match ``pattern`` as a regular expression.</doc>
<status status="PASS" start="2024-08-04T14:14:14.251802" elapsed="0.000515"/>
</kw>
<kw name="Should Match Regexp" owner="BuiltIn">
<arg>${json_data['results'][0]['picture']['medium']}</arg>
<arg>^https?://.*\.(?:png|jpe?g|gif|bmp)$</arg>
<doc>Fails if ``string`` does not match ``pattern`` as a regular expression.</doc>
<status status="PASS" start="2024-08-04T14:14:14.252511" elapsed="0.000360"/>
</kw>
<kw name="Should Match Regexp" owner="BuiltIn">
<arg>${json_data['results'][0]['picture']['thumbnail']}</arg>
<arg>^https?://.*\.(?:png|jpe?g|gif|bmp)$</arg>
<doc>Fails if ``string`` does not match ``pattern`` as a regular expression.</doc>
<status status="PASS" start="2024-08-04T14:14:14.253059" elapsed="0.000354"/>
</kw>
<kw name="Log" owner="BuiltIn">
<msg time="2024-08-04T14:14:14.253919" level="INFO">{'large': 'https://randomuser.me/api/portraits/women/50.jpg', 'medium': 'https://randomuser.me/api/portraits/med/women/50.jpg', 'thumbnail': 'https://randomuser.me/api/portraits/thumb/women/50.jpg'}</msg>
<arg>${json_data['results'][0]['picture']}</arg>
<doc>Logs the given message with the given level.</doc>
<status status="PASS" start="2024-08-04T14:14:14.253595" elapsed="0.000367"/>
</kw>
<status status="PASS" start="2024-08-04T14:14:14.164589" elapsed="0.089630"/>
</kw>
<kw name="Teste de Tipos de Dados - Postcode" owner="random-user-service">
<kw name="GET On Session" owner="RequestsLibrary">
<msg time="2024-08-04T14:14:14.344628" level="INFO">GET Request : url=https://randomuser.me/api 
 path_url=/api 
 headers={'User-Agent': 'python-requests/2.32.3', 'Accept-Encoding': 'gzip, deflate', 'Accept': '*/*', 'Connection': 'keep-alive'} 
 body=None 
 </msg>
<msg time="2024-08-04T14:14:14.344727" level="INFO">GET Response : url=https://randomuser.me/api 
 status=200, reason=OK 
 headers={'Date': 'Sun, 04 Aug 2024 14:14:14 GMT', 'Content-Type': 'application/json; charset=utf-8', 'Transfer-Encoding': 'chunked', 'Connection': 'keep-alive', 'X-Powered-By': 'Express', 'Access-Control-Allow-Origin': '*', 'Cache-Control': 'no-cache', 'ETag': 'W/"497-YCgdaG6JcRT+hXRT6Iucf59v2oA"', 'Vary': 'Accept-Encoding', 'Content-Encoding': 'gzip', 'CF-Cache-Status': 'DYNAMIC', 'Report-To': '{"endpoints":[{"url":"https:\\/\\/a.nel.cloudflare.com\\/report\\/v4?s=EHiCFp8567SFKBUt0hEqAoQTui3MlHaHy15GsUtzyGW4moYfnct7UbkM7at80BClLWV%2FPNDfKxDM6xV6swmIKAvfGf18wk53qIbh2Yc97H0Z5cDwiOuaTxXEeRJIULea"}],"group":"cf-nel","max_age":604800}', 'NEL': '{"success_fraction":0,"report_to":"cf-nel","max_age":604800}', 'Server': 'cloudflare', 'CF-RAY': '8adf27131c223b92-IAD', 'alt-svc': 'h3=":443"; ma=86400'} 
 body={"results":[{"gender":"male","name":{"title":"Monsieur","first":"Dominic","last":"Dubois"},"location":{"street":{"number":319,"name":"Rue Barrier"},"city":"Saint-Martin (Vs)","state":"Genève","country":"Switzerland","postcode":3362,"coordinates":{"latitude":"-56.6714","longitude":"-58.3805"},"timezone":{"offset":"+6:00","description":"Almaty, Dhaka, Colombo"}},"email":"dominic.dubois@example.com","login":{"uuid":"33c06c42-7d9c-471f-adc2-f96249fc572f","username":"smalldog945","password":"stanford","salt":"C2KUEg0z","md5":"be2eff41598215038562ffb78b10cb91","sha1":"a58772483024f152f83ef8b5c6e986a62a0512df","sha256":"dd7fda1bca706b24f9017d7c039b494d298dee676f50d1d50335ef70d6a70309"},"dob":{"date":"1979-09-18T18:19:49.950Z","age":44},"registered":{"date":"2010-03-01T20:41:14.565Z","age":14},"phone":"077 973 41 99","cell":"077 573 83 25","id":{"name":"AVS","value":"756.2334.2582.29"},"picture":{"large":"https://randomuser.me/api/portraits/men/13.jpg","medium":"https://randomuser.me/api/portraits/med/men/13.jpg","thumbnail":"https://randomuser.me/api/portraits/thumb/men/13.jpg"},"nat":"CH"}],"info":{"seed":"248c5cb6c7764a1a","results":1,"page":1,"version":"1.4"}} 
 </msg>
<msg time="2024-08-04T14:14:14.344807" level="INFO">/opt/hostedtoolcache/Python/3.12.4/x64/lib/python3.12/site-packages/urllib3/connectionpool.py:1099: InsecureRequestWarning: Unverified HTTPS request is being made to host 'randomuser.me'. Adding certificate verification is strongly advised. See: https://urllib3.readthedocs.io/en/latest/advanced-usage.html#tls-warnings
  warnings.warn(</msg>
<msg time="2024-08-04T14:14:14.344957" level="INFO">${response} = &lt;Response [200]&gt;</msg>
<var>${response}</var>
<arg>consultarAPI</arg>
<arg>/api</arg>
<doc>Sends a GET request on a previously created HTTP Session.</doc>
<status status="PASS" start="2024-08-04T14:14:14.254677" elapsed="0.090335"/>
</kw>
<kw name="Set Variable" owner="BuiltIn">
<msg time="2024-08-04T14:14:14.346173" level="INFO">${json_data} = {'results': [{'gender': 'male', 'name': {'title': 'Monsieur', 'first': 'Dominic', 'last': 'Dubois'}, 'location': {'street': {'number': 319, 'name': 'Rue Barrier'}, 'city': 'Saint-Martin (Vs)', 'state'...</msg>
<var>${json_data}</var>
<arg>${response.json()}</arg>
<doc>Returns the given values which can then be assigned to a variables.</doc>
<status status="PASS" start="2024-08-04T14:14:14.345575" elapsed="0.000628"/>
</kw>
<kw name="Log" owner="BuiltIn">
<msg time="2024-08-04T14:14:14.346676" level="INFO">{'results': [{'gender': 'male', 'name': {'title': 'Monsieur', 'first': 'Dominic', 'last': 'Dubois'}, 'location': {'street': {'number': 319, 'name': 'Rue Barrier'}, 'city': 'Saint-Martin (Vs)', 'state': 'Genève', 'country': 'Switzerland', 'postcode': 3362, 'coordinates': {'latitude': '-56.6714', 'longitude': '-58.3805'}, 'timezone': {'offset': '+6:00', 'description': 'Almaty, Dhaka, Colombo'}}, 'email': 'dominic.dubois@example.com', 'login': {'uuid': '33c06c42-7d9c-471f-adc2-f96249fc572f', 'username': 'smalldog945', 'password': 'stanford', 'salt': 'C2KUEg0z', 'md5': 'be2eff41598215038562ffb78b10cb91', 'sha1': 'a58772483024f152f83ef8b5c6e986a62a0512df', 'sha256': 'dd7fda1bca706b24f9017d7c039b494d298dee676f50d1d50335ef70d6a70309'}, 'dob': {'date': '1979-09-18T18:19:49.950Z', 'age': 44}, 'registered': {'date': '2010-03-01T20:41:14.565Z', 'age': 14}, 'phone': '077 973 41 99', 'cell': '077 573 83 25', 'id': {'name': 'AVS', 'value': '756.2334.2582.29'}, 'picture': {'large': 'https://randomuser.me/api/portraits/men/13.jpg', 'medium': 'https://randomuser.me/api/portraits/med/men/13.jpg', 'thumbnail': 'https://randomuser.me/api/portraits/thumb/men/13.jpg'}, 'nat': 'CH'}], 'info': {'seed': '248c5cb6c7764a1a', 'results': 1, 'page': 1, 'version': '1.4'}}</msg>
<arg>${json_data}</arg>
<doc>Logs the given message with the given level.</doc>
<status status="PASS" start="2024-08-04T14:14:14.346511" elapsed="0.000235"/>
</kw>
<kw name="Should Be Equal As Numbers" owner="BuiltIn">
<arg>${json_data['results'][0]['location']['postcode']}</arg>
<arg>${json_data['results'][0]['location']['postcode']}</arg>
<doc>Fails if objects are unequal after converting them to real numbers.</doc>
<status status="PASS" start="2024-08-04T14:14:14.347054" elapsed="0.000623"/>
</kw>
<kw name="Log" owner="BuiltIn">
<msg time="2024-08-04T14:14:14.348301" level="INFO">3362</msg>
<arg>${json_data['results'][0]['location']['postcode']}</arg>
<doc>Logs the given message with the given level.</doc>
<status status="PASS" start="2024-08-04T14:14:14.347890" elapsed="0.000454"/>
</kw>
<status status="PASS" start="2024-08-04T14:14:14.254451" elapsed="0.094170"/>
</kw>
<doc>Testa se os tipos de dados na resposta da API estão corretos.</doc>
<tag>testeTiposDados</tag>
<status status="PASS" start="2024-08-04T14:14:14.164053" elapsed="0.184779"/>
</test>
<test id="s1-s1-t5" name="Validar conteudo" line="35">
<kw name="Teste de Tipos de Conteudo" owner="random-user-service">
<kw name="GET On Session" owner="RequestsLibrary">
<msg time="2024-08-04T14:14:14.446737" level="INFO">GET Request : url=https://randomuser.me/api 
 path_url=/api 
 headers={'User-Agent': 'python-requests/2.32.3', 'Accept-Encoding': 'gzip, deflate', 'Accept': '*/*', 'Connection': 'keep-alive'} 
 body=None 
 </msg>
<msg time="2024-08-04T14:14:14.446822" level="INFO">GET Response : url=https://randomuser.me/api 
 status=200, reason=OK 
 headers={'Date': 'Sun, 04 Aug 2024 14:14:14 GMT', 'Content-Type': 'application/json; charset=utf-8', 'Transfer-Encoding': 'chunked', 'Connection': 'keep-alive', 'X-Powered-By': 'Express', 'Access-Control-Allow-Origin': '*', 'Cache-Control': 'no-cache', 'ETag': 'W/"49b-76BPcT+/UTfj0hslfj2vFRXHWmo"', 'Vary': 'Accept-Encoding', 'Content-Encoding': 'gzip', 'CF-Cache-Status': 'DYNAMIC', 'Report-To': '{"endpoints":[{"url":"https:\\/\\/a.nel.cloudflare.com\\/report\\/v4?s=MaGWPrjUq2zH5BxqXiW7%2B3Xq5guRX1F%2FaS5kd6D3GVI7Ab%2F4mThyB7qO2ffNXkajY6nBnRbbJcAOcCw0ZRJxcq4qgIIqSDVzDUQ5Dl6cV%2BuLWi32N%2FghaiPianL6GTne"}],"group":"cf-nel","max_age":604800}', 'NEL': '{"success_fraction":0,"report_to":"cf-nel","max_age":604800}', 'Server': 'cloudflare', 'CF-RAY': '8adf2713bcca3b92-IAD', 'alt-svc': 'h3=":443"; ma=86400'} 
 body={"results":[{"gender":"female","name":{"title":"Ms","first":"Boguslava","last":"Smirniy"},"location":{"street":{"number":1284,"name":"Chumackiy shlyah"},"city":"Monastiriska","state":"Ternopilska","country":"Ukraine","postcode":30844,"coordinates":{"latitude":"79.4382","longitude":"108.4128"},"timezone":{"offset":"+7:00","description":"Bangkok, Hanoi, Jakarta"}},"email":"boguslava.smirniy@example.com","login":{"uuid":"1cdd2f8c-300b-4aa1-86b0-44002dc8ff43","username":"beautifulelephant363","password":"poseidon","salt":"bdQOQhHz","md5":"0592888049b808100071620465abcdc9","sha1":"baa0f384e75949bfad320d64579953d48af1f1e5","sha256":"8e3005c0d7021b73d7b9b4108f0f08be1d50c5ba270277504992655d92bd7cac"},"dob":{"date":"1946-01-20T12:36:12.194Z","age":78},"registered":{"date":"2002-03-23T21:27:44.385Z","age":22},"phone":"(098) T59-9211","cell":"(096) L20-6313","id":{"name":"","value":null},"picture":{"large":"https://randomuser.me/api/portraits/women/13.jpg","medium":"https://randomuser.me/api/portraits/med/women/13.jpg","thumbnail":"https://randomuser.me/api/portraits/thumb/women/13.jpg"},"nat":"UA"}],"info":{"seed":"bdcaf2f9d9b2f314","results":1,"page":1,"version":"1.4"}} 
 </msg>
<msg time="2024-08-04T14:14:14.446899" level="INFO">/opt/hostedtoolcache/Python/3.12.4/x64/lib/python3.12/site-packages/urllib3/connectionpool.py:1099: InsecureRequestWarning: Unverified HTTPS request is being made to host 'randomuser.me'. Adding certificate verification is strongly advised. See: https://urllib3.readthedocs.io/en/latest/advanced-usage.html#tls-warnings
  warnings.warn(</msg>
<msg time="2024-08-04T14:14:14.447019" level="INFO">${response} = &lt;Response [200]&gt;</msg>
<var>${response}</var>
<arg>consultarAPI</arg>
<arg>/api</arg>
<doc>Sends a GET request on a previously created HTTP Session.</doc>
<status status="PASS" start="2024-08-04T14:14:14.351360" elapsed="0.095713"/>
</kw>
<kw name="Set Variable" owner="BuiltIn">
<msg time="2024-08-04T14:14:14.448218" level="INFO">${json_data} = {'results': [{'gender': 'female', 'name': {'title': 'Ms', 'first': 'Boguslava', 'last': 'Smirniy'}, 'location': {'street': {'number': 1284, 'name': 'Chumackiy shlyah'}, 'city': 'Monastiriska', 'state'...</msg>
<var>${json_data}</var>
<arg>${response.json()}</arg>
<doc>Returns the given values which can then be assigned to a variables.</doc>
<status status="PASS" start="2024-08-04T14:14:14.447586" elapsed="0.000661"/>
</kw>
<kw name="Set Variable" owner="BuiltIn">
<msg time="2024-08-04T14:14:14.448937" level="INFO">${name_title} = Ms</msg>
<var>${name_title}</var>
<arg>${json_data["results"][0]["name"]["title"]}</arg>
<doc>Returns the given values which can then be assigned to a variables.</doc>
<status status="PASS" start="2024-08-04T14:14:14.448552" elapsed="0.000411"/>
</kw>
<kw name="Create List" owner="BuiltIn">
<msg time="2024-08-04T14:14:14.449412" level="INFO">${allowed_titles} = ['Mr', 'Ms', 'Miss', 'Mrs', 'Madame', 'Monsieur']</msg>
<var>${allowed_titles}</var>
<arg>Mr</arg>
<arg>Ms</arg>
<arg>Miss</arg>
<arg>Mrs</arg>
<arg>Madame</arg>
<arg>Monsieur</arg>
<doc>Returns a list containing given items.</doc>
<status status="PASS" start="2024-08-04T14:14:14.449261" elapsed="0.000176"/>
</kw>
<kw name="List Should Contain Value" owner="Collections">
<arg>${allowed_titles}</arg>
<arg>${name_title}</arg>
<doc>Fails if the ``value`` is not found from ``list``.</doc>
<status status="PASS" start="2024-08-04T14:14:14.449736" elapsed="0.000188"/>
</kw>
<kw name="Set Variable" owner="BuiltIn">
<msg time="2024-08-04T14:14:14.450479" level="INFO">${name_country} = UA</msg>
<var>${name_country}</var>
<arg>${json_data["results"][0]["nat"]}</arg>
<doc>Returns the given values which can then be assigned to a variables.</doc>
<status status="PASS" start="2024-08-04T14:14:14.450108" elapsed="0.000397"/>
</kw>
<kw name="Create List" owner="BuiltIn">
<msg time="2024-08-04T14:14:14.451391" level="INFO">${list_country} = ['AD', 'AE', 'AF', 'AG', 'AI', 'AL', 'AM', 'AO', 'AQ', 'AR', 'AS', 'AT', 'AU', 'AW', 'AX', 'AZ', 'BA', 'BB', 'BD', 'BE', 'BF', 'BG', 'BH', 'BI', 'BJ', 'BL', 'BM', 'BN', 'BO', 'BQ', 'BR', 'BS', 'BT', '...</msg>
<var>${list_country}</var>
<arg>AD</arg>
<arg>AE</arg>
<arg>AF</arg>
<arg>AG</arg>
<arg>AI</arg>
<arg>AL</arg>
<arg>AM</arg>
<arg>AO</arg>
<arg>AQ</arg>
<arg>AR</arg>
<arg>AS</arg>
<arg>AT</arg>
<arg>AU</arg>
<arg>AW</arg>
<arg>AX</arg>
<arg>AZ</arg>
<arg>BA</arg>
<arg>BB</arg>
<arg>BD</arg>
<arg>BE</arg>
<arg>BF</arg>
<arg>BG</arg>
<arg>BH</arg>
<arg>BI</arg>
<arg>BJ</arg>
<arg>BL</arg>
<arg>BM</arg>
<arg>BN</arg>
<arg>BO</arg>
<arg>BQ</arg>
<arg>BR</arg>
<arg>BS</arg>
<arg>BT</arg>
<arg>BV</arg>
<arg>BW</arg>
<arg>BY</arg>
<arg>BZ</arg>
<arg>CA</arg>
<arg>CC</arg>
<arg>CD</arg>
<arg>CF</arg>
<arg>CG</arg>
<arg>CH</arg>
<arg>CI</arg>
<arg>CK</arg>
<arg>CL</arg>
<arg>CM</arg>
<arg>CN</arg>
<arg>CO</arg>
<arg>CR</arg>
<arg>CU</arg>
<arg>CV</arg>
<arg>CW</arg>
<arg>CX</arg>
<arg>CY</arg>
<arg>CZ</arg>
<arg>DE</arg>
<arg>DJ</arg>
<arg>DK</arg>
<arg>DM</arg>
<arg>DO</arg>
<arg>DZ</arg>
<arg>EC</arg>
<arg>EE</arg>
<arg>EG</arg>
<arg>EH</arg>
<arg>ER</arg>
<arg>ES</arg>
<arg>ET</arg>
<arg>FI</arg>
<arg>FJ</arg>
<arg>FK</arg>
<arg>FM</arg>
<arg>FO</arg>
<arg>FR</arg>
<arg>GA</arg>
<arg>GB</arg>
<arg>GD</arg>
<arg>GE</arg>
<arg>GF</arg>
<arg>GG</arg>
<arg>GH</arg>
<arg>GI</arg>
<arg>GL</arg>
<arg>GM</arg>
<arg>GN</arg>
<arg>GP</arg>
<arg>GQ</arg>
<arg>GR</arg>
<arg>GS</arg>
<arg>GT</arg>
<arg>GU</arg>
<arg>GW</arg>
<arg>GY</arg>
<arg>HK</arg>
<arg>HM</arg>
<arg>HN</arg>
<arg>HR</arg>
<arg>HT</arg>
<arg>HU</arg>
<arg>ID</arg>
<arg>IE</arg>
<arg>IL</arg>
<arg>IM</arg>
<arg>IN</arg>
<arg>IO</arg>
<arg>IQ</arg>
<arg>IR</arg>
<arg>IS</arg>
<arg>IT</arg>
<arg>JE</arg>
<arg>JM</arg>
<arg>JO</arg>
<arg>JP</arg>
<arg>KE</arg>
<arg>KG</arg>
<arg>KH</arg>
<arg>KI</arg>
<arg>KM</arg>
<arg>KN</arg>
<arg>KP</arg>
<arg>KR</arg>
<arg>KW</arg>
<arg>KY</arg>
<arg>KZ</arg>
<arg>LA</arg>
<arg>LB</arg>
<arg>LC</arg>
<arg>LI</arg>
<arg>LK</arg>
<arg>LR</arg>
<arg>LS</arg>
<arg>LT</arg>
<arg>LU</arg>
<arg>LV</arg>
<arg>LY</arg>
<arg>MA</arg>
<arg>MC</arg>
<arg>MD</arg>
<arg>ME</arg>
<arg>MF</arg>
<arg>MG</arg>
<arg>MH</arg>
<arg>MK</arg>
<arg>ML</arg>
<arg>MM</arg>
<arg>MN</arg>
<arg>MO</arg>
<arg>MP</arg>
<arg>MQ</arg>
<arg>MR</arg>
<arg>MS</arg>
<arg>MT</arg>
<arg>MU</arg>
<arg>MV</arg>
<arg>MW</arg>
<arg>MX</arg>
<arg>MY</arg>
<arg>MZ</arg>
<arg>NA</arg>
<arg>NC</arg>
<arg>NE</arg>
<arg>NF</arg>
<arg>NG</arg>
<arg>NI</arg>
<arg>NL</arg>
<arg>NO</arg>
<arg>NP</arg>
<arg>NR</arg>
<arg>NU</arg>
<arg>NZ</arg>
<arg>OM</arg>
<arg>PA</arg>
<arg>PE</arg>
<arg>PF</arg>
<arg>PG</arg>
<arg>PH</arg>
<arg>PK</arg>
<arg>PL</arg>
<arg>PM</arg>
<arg>PN</arg>
<arg>PR</arg>
<arg>PS</arg>
<arg>PT</arg>
<arg>PW</arg>
<arg>PY</arg>
<arg>QA</arg>
<arg>RE</arg>
<arg>RO</arg>
<arg>RS</arg>
<arg>RU</arg>
<arg>RW</arg>
<arg>SA</arg>
<arg>SB</arg>
<arg>SC</arg>
<arg>SD</arg>
<arg>SE</arg>
<arg>SG</arg>
<arg>SH</arg>
<arg>SI</arg>
<arg>SJ</arg>
<arg>SK</arg>
<arg>SL</arg>
<arg>SM</arg>
<arg>SN</arg>
<arg>SO</arg>
<arg>SR</arg>
<arg>SS</arg>
<arg>ST</arg>
<arg>SV</arg>
<arg>SX</arg>
<arg>SY</arg>
<arg>SZ</arg>
<arg>TC</arg>
<arg>TD</arg>
<arg>TF</arg>
<arg>TG</arg>
<arg>TH</arg>
<arg>TJ</arg>
<arg>TK</arg>
<arg>TL</arg>
<arg>TM</arg>
<arg>TN</arg>
<arg>TO</arg>
<arg>TR</arg>
<arg>TT</arg>
<arg>TV</arg>
<arg>TW</arg>
<arg>TZ</arg>
<arg>UA</arg>
<arg>UG</arg>
<arg>UM</arg>
<arg>US</arg>
<arg>UY</arg>
<arg>UZ</arg>
<arg>VA</arg>
<arg>VC</arg>
<arg>VE</arg>
<arg>VG</arg>
<arg>VI</arg>
<arg>VN</arg>
<arg>VU</arg>
<arg>WF</arg>
<arg>WS</arg>
<arg>XK</arg>
<arg>YE</arg>
<arg>YT</arg>
<arg>ZA</arg>
<arg>ZM</arg>
<arg>ZW</arg>
<doc>Returns a list containing given items.</doc>
<status status="PASS" start="2024-08-04T14:14:14.450794" elapsed="0.000625"/>
</kw>
<kw name="List Should Contain Value" owner="Collections">
<arg>${list_country}</arg>
<arg>${name_country}</arg>
<doc>Fails if the ``value`` is not found from ``list``.</doc>
<status status="PASS" start="2024-08-04T14:14:14.452407" elapsed="0.000212"/>
</kw>
<kw name="Run Keyword If" owner="BuiltIn">
<kw name="Should Be True" owner="BuiltIn">
<arg>${True}</arg>
<doc>Fails if the given condition is not true.</doc>
<status status="PASS" start="2024-08-04T14:14:14.453560" elapsed="0.000145"/>
</kw>
<arg>${json_data["results"][0]["location"]["coordinates"]["latitude"]} &gt;= -90 and ${json_data["results"][0]["location"]["coordinates"]["latitude"]} &lt;= 90</arg>
<arg>Should Be True</arg>
<arg>${True}</arg>
<doc>Runs the given keyword with the given arguments, if ``condition`` is true.</doc>
<status status="PASS" start="2024-08-04T14:14:14.452818" elapsed="0.001013"/>
</kw>
<kw name="Run Keyword If" owner="BuiltIn">
<kw name="Should Be True" owner="BuiltIn">
<arg>${True}</arg>
<doc>Fails if the given condition is not true.</doc>
<status status="PASS" start="2024-08-04T14:14:14.454706" elapsed="0.000135"/>
</kw>
<arg>${json_data["results"][0]["location"]["coordinates"]["longitude"]} &gt;= -180 and ${json_data["results"][0]["location"]["coordinates"]["longitude"]} &lt;= 180</arg>
<arg>Should Be True</arg>
<arg>${True}</arg>
<doc>Runs the given keyword with the given arguments, if ``condition`` is true.</doc>
<status status="PASS" start="2024-08-04T14:14:14.454012" elapsed="0.000951"/>
</kw>
<status status="PASS" start="2024-08-04T14:14:14.351136" elapsed="0.103955"/>
</kw>
<doc>Testa o conteúdo específico dos campos retornados pela API.</doc>
<tag>testeConteudo</tag>
<status status="PASS" start="2024-08-04T14:14:14.350614" elapsed="0.104620"/>
</test>
<status status="PASS" start="2024-08-04T14:14:13.483919" elapsed="0.973308"/>
</suite>
<status status="PASS" start="2024-08-04T14:14:13.469406" elapsed="0.992967"/>
</suite>
<statistics>
<total>
<stat pass="5" fail="0" skip="0">All Tests</stat>
</total>
<tag>
<stat pass="1" fail="0" skip="0">testeConteudo</stat>
<stat pass="1" fail="0" skip="0">testeEstruturaResposta</stat>
<stat pass="1" fail="0" skip="0">testeRequisicaoBasica</stat>
<stat pass="1" fail="0" skip="0">testeTiposDados</stat>
</tag>
<suite>
<stat pass="5" fail="0" skip="0" id="s1" name="Tests">Tests</stat>
<stat pass="5" fail="0" skip="0" id="s1-s1" name="Random-User-Test">Tests.Random-User-Test</stat>
</suite>
</statistics>
<errors>
</errors>
</robot>
