<?xml version="1.0" encoding="UTF-8"?>
<robot generator="Robot 7.0 (Python 3.12.3 on linux)" generated="2024-04-24T16:16:57.325406" rpa="false" schemaversion="5">
<suite id="s1" name="Tests" source="/home/runner/work/DesafioQAItauRogerioJordao/DesafioQAItauRogerioJordao/RamdonUser/tests">
<suite id="s1-s1" name="Random-User-Test" source="/home/runner/work/DesafioQAItauRogerioJordao/DesafioQAItauRogerioJordao/RamdonUser/tests/random-user-test.robot">
<test id="s1-s1-t1" name="Conectar" line="13">
<kw name="Conectar API" owner="random-user-service">
<kw name="Create Session" owner="RequestsLibrary">
<msg time="2024-04-24T16:16:57.686102" level="INFO">Creating Session using : alias=consultarAPI, url=https://randomuser.me/, headers={},                     cookies={}, auth=None, timeout=None, proxies=None, verify=False,                     debug=0 </msg>
<arg>consultarAPI</arg>
<arg>${URL}</arg>
<doc>Create Session: create a HTTP session to a server</doc>
<status status="PASS" start="2024-04-24T16:16:57.685908" elapsed="0.000357"/>
</kw>
<status status="PASS" start="2024-04-24T16:16:57.684960" elapsed="0.001652"/>
</kw>
<status status="PASS" start="2024-04-24T16:16:57.684387" elapsed="0.002417"/>
</test>
<test id="s1-s1-t2" name="Validar retorno 200 e JSON Válido" line="16">
<kw name="Teste de Requisicao Basica" owner="random-user-service">
<kw name="GET On Session" owner="RequestsLibrary">
<msg time="2024-04-24T16:16:57.801506" level="INFO">GET Request : url=https://randomuser.me/api 
 path_url=/api 
 headers={'User-Agent': 'python-requests/2.31.0', 'Accept-Encoding': 'gzip, deflate', 'Accept': '*/*', 'Connection': 'keep-alive'} 
 body=None 
 </msg>
<msg time="2024-04-24T16:16:57.801671" level="INFO">GET Response : url=https://randomuser.me/api 
 status=200, reason=OK 
 headers={'Date': 'Wed, 24 Apr 2024 16:16:57 GMT', 'Content-Type': 'application/json; charset=utf-8', 'Transfer-Encoding': 'chunked', 'Connection': 'keep-alive', 'X-Powered-By': 'Express', 'Access-Control-Allow-Origin': '*', 'Cache-Control': 'no-cache', 'ETag': 'W/"48d-ejhGLa13Pd1mnPpQCvIRm5ej9EU"', 'Vary': 'Accept-Encoding', 'Content-Encoding': 'gzip', 'CF-Cache-Status': 'DYNAMIC', 'Report-To': '{"endpoints":[{"url":"https:\\/\\/a.nel.cloudflare.com\\/report\\/v4?s=9NPnddxHd5hXxpaQBz1gwAovZRoKp1mC1P0z%2FsR5AIQ1wsd99UCWNMzraaA%2BfBSF09PSiO11xmebn6L6vwcs3UjX2PYFDX5A6KtP3sPF8YuLWtBAHhG6uEeurukJe5Hk"}],"group":"cf-nel","max_age":604800}', 'NEL': '{"success_fraction":0,"report_to":"cf-nel","max_age":604800}', 'Server': 'cloudflare', 'CF-RAY': '87976698bcdb82ea-IAD', 'alt-svc': 'h3=":443"; ma=86400'} 
 body={"results":[{"gender":"male","name":{"title":"Mr","first":"Jonathan","last":"Jørgensen"},"location":{"street":{"number":620,"name":"Toftevangen"},"city":"Stenderup","state":"Danmark","country":"Denmark","postcode":63210,"coordinates":{"latitude":"-39.7648","longitude":"-115.1868"},"timezone":{"offset":"+5:30","description":"Bombay, Calcutta, Madras, New Delhi"}},"email":"jonathan.jorgensen@example.com","login":{"uuid":"75b0dc29-f2e4-4270-94f4-8db91e29f2b8","username":"yellowfish592","password":"diaper","salt":"0i5qkBdt","md5":"4277a6773f71ce27b7a495d568a8136d","sha1":"6be4425fbe47be5ab312cadd6d35bcb06afdfa04","sha256":"cdcbe66aac59e802cf678aa8da5ad86bd0e0dd9cd81a9ba2ae15c6d131cdfa26"},"dob":{"date":"1992-09-14T19:23:23.959Z","age":31},"registered":{"date":"2016-10-07T03:27:26.237Z","age":7},"phone":"09169175","cell":"53362620","id":{"name":"CPR","value":"140992-3441"},"picture":{"large":"https://randomuser.me/api/portraits/men/57.jpg","medium":"https://randomuser.me/api/portraits/med/men/57.jpg","thumbnail":"https://randomuser.me/api/portraits/thumb/men/57.jpg"},"nat":"DK"}],"info":{"seed":"670119bc17a03196","results":1,"page":1,"version":"1.4"}} 
 </msg>
<msg time="2024-04-24T16:16:57.801830" level="INFO">/opt/hostedtoolcache/Python/3.12.3/x64/lib/python3.12/site-packages/urllib3/connectionpool.py:1103: InsecureRequestWarning: Unverified HTTPS request is being made to host 'randomuser.me'. Adding certificate verification is strongly advised. See: https://urllib3.readthedocs.io/en/latest/advanced-usage.html#tls-warnings
  warnings.warn(</msg>
<msg time="2024-04-24T16:16:57.801999" level="INFO">${response} = &lt;Response [200]&gt;</msg>
<var>${response}</var>
<arg>consultarAPI</arg>
<arg>/api</arg>
<doc>Sends a GET request on a previously created HTTP Session.</doc>
<status status="PASS" start="2024-04-24T16:16:57.689463" elapsed="0.112582"/>
</kw>
<kw name="Should Be Equal As Numbers" owner="BuiltIn">
<msg time="2024-04-24T16:16:57.803244" level="INFO">Argument types are:
&lt;class 'int'&gt;
&lt;class 'str'&gt;</msg>
<arg>${response.status_code}</arg>
<arg>200</arg>
<doc>Fails if objects are unequal after converting them to real numbers.</doc>
<status status="PASS" start="2024-04-24T16:16:57.802600" elapsed="0.000732"/>
</kw>
<kw name="Log" owner="BuiltIn">
<msg time="2024-04-24T16:16:57.804380" level="INFO">200</msg>
<arg>${response.status_code}</arg>
<doc>Logs the given message with the given level.</doc>
<status status="PASS" start="2024-04-24T16:16:57.803821" elapsed="0.000629"/>
</kw>
<kw name="Set Variable" owner="BuiltIn">
<msg time="2024-04-24T16:16:57.805626" level="INFO">${json_data} = {'results': [{'gender': 'male', 'name': {'title': 'Mr', 'first': 'Jonathan', 'last': 'Jørgensen'}, 'location': {'street': {'number': 620, 'name': 'Toftevangen'}, 'city': 'Stenderup', 'state': 'Danmark...</msg>
<var>${json_data}</var>
<arg>${response.json()}</arg>
<doc>Returns the given values which can then be assigned to a variables.</doc>
<status status="PASS" start="2024-04-24T16:16:57.804898" elapsed="0.000776"/>
</kw>
<kw name="Dictionary Should Contain Key" owner="Collections">
<msg time="2024-04-24T16:16:57.806422" level="INFO">False</msg>
<arg>${json_data}</arg>
<arg>results</arg>
<doc>Fails if ``key`` is not found from ``dictionary``.</doc>
<status status="PASS" start="2024-04-24T16:16:57.806178" elapsed="0.000304"/>
</kw>
<status status="PASS" start="2024-04-24T16:16:57.689219" elapsed="0.117625"/>
</kw>
<doc>Testa se a API responde corretamente e retorna um objeto JSON válido.</doc>
<tag>testeRequisicaoBasica</tag>
<status status="PASS" start="2024-04-24T16:16:57.688703" elapsed="0.118425"/>
</test>
<test id="s1-s1-t3" name="Validar estrutura de resposta" line="22">
<kw name="Teste de Estrutura de Resposta" owner="random-user-service">
<kw name="GET On Session" owner="RequestsLibrary">
<msg time="2024-04-24T16:16:57.890536" level="INFO">GET Request : url=https://randomuser.me/api 
 path_url=/api 
 headers={'User-Agent': 'python-requests/2.31.0', 'Accept-Encoding': 'gzip, deflate', 'Accept': '*/*', 'Connection': 'keep-alive'} 
 body=None 
 </msg>
<msg time="2024-04-24T16:16:57.890632" level="INFO">GET Response : url=https://randomuser.me/api 
 status=200, reason=OK 
 headers={'Date': 'Wed, 24 Apr 2024 16:16:57 GMT', 'Content-Type': 'application/json; charset=utf-8', 'Transfer-Encoding': 'chunked', 'Connection': 'keep-alive', 'X-Powered-By': 'Express', 'Access-Control-Allow-Origin': '*', 'Cache-Control': 'no-cache', 'ETag': 'W/"475-LxMC+Q6OOyVbfUQG7mNJcj5v84Q"', 'Vary': 'Accept-Encoding', 'Content-Encoding': 'gzip', 'CF-Cache-Status': 'DYNAMIC', 'Report-To': '{"endpoints":[{"url":"https:\\/\\/a.nel.cloudflare.com\\/report\\/v4?s=pREDss0wh%2BKhl%2BISh%2F%2FChNLlOFOvZNKE%2FKkRXYVpYRU45NkUVTewogO6q1zcMCP1MbHFufqacdwNhmW5r3rx0dYZxYiXUK%2Bdv3kZSPBn5PQR%2BWrhZPds2HnbsbK6xYtA"}],"group":"cf-nel","max_age":604800}', 'NEL': '{"success_fraction":0,"report_to":"cf-nel","max_age":604800}', 'Server': 'cloudflare', 'CF-RAY': '879766995db582ea-IAD', 'alt-svc': 'h3=":443"; ma=86400'} 
 body={"results":[{"gender":"male","name":{"title":"Mr","first":"Vicente","last":"Santos"},"location":{"street":{"number":9601,"name":"Rua Santa Maria "},"city":"Ubá","state":"Maranhão","country":"Brazil","postcode":95958,"coordinates":{"latitude":"-80.4476","longitude":"-153.6964"},"timezone":{"offset":"+4:30","description":"Kabul"}},"email":"vicente.santos@example.com","login":{"uuid":"feafaf5f-ceba-41df-b245-c8d59ca83304","username":"crazyfrog784","password":"benny","salt":"X5UOf29Q","md5":"d577656c6fc7a2f58872f172631ee178","sha1":"b4eb44c976b2eb02a9af3dd884be9d6593f1ed73","sha256":"7f112c357faa2f1064fb2156f21411b23c0ee92e30f2b8d51dda277c5844a1f7"},"dob":{"date":"1974-04-15T17:50:55.268Z","age":50},"registered":{"date":"2019-05-28T03:51:18.804Z","age":4},"phone":"(68) 6522-0236","cell":"(18) 8858-2097","id":{"name":"CPF","value":"481.293.296-33"},"picture":{"large":"https://randomuser.me/api/portraits/men/31.jpg","medium":"https://randomuser.me/api/portraits/med/men/31.jpg","thumbnail":"https://randomuser.me/api/portraits/thumb/men/31.jpg"},"nat":"BR"}],"info":{"seed":"7c0d11f4a9f52b9e","results":1,"page":1,"version":"1.4"}} 
 </msg>
<msg time="2024-04-24T16:16:57.890778" level="INFO">/opt/hostedtoolcache/Python/3.12.3/x64/lib/python3.12/site-packages/urllib3/connectionpool.py:1103: InsecureRequestWarning: Unverified HTTPS request is being made to host 'randomuser.me'. Adding certificate verification is strongly advised. See: https://urllib3.readthedocs.io/en/latest/advanced-usage.html#tls-warnings
  warnings.warn(</msg>
<msg time="2024-04-24T16:16:57.890923" level="INFO">${response} = &lt;Response [200]&gt;</msg>
<var>${response}</var>
<arg>consultarAPI</arg>
<arg>/api</arg>
<doc>Sends a GET request on a previously created HTTP Session.</doc>
<status status="PASS" start="2024-04-24T16:16:57.811409" elapsed="0.079558"/>
</kw>
<kw name="Set Variable" owner="BuiltIn">
<msg time="2024-04-24T16:16:57.892233" level="INFO">${json_data} = {'results': [{'gender': 'male', 'name': {'title': 'Mr', 'first': 'Vicente', 'last': 'Santos'}, 'location': {'street': {'number': 9601, 'name': 'Rua Santa Maria '}, 'city': 'Ubá', 'state': 'Maranhão', ...</msg>
<var>${json_data}</var>
<arg>${response.json()}</arg>
<doc>Returns the given values which can then be assigned to a variables.</doc>
<status status="PASS" start="2024-04-24T16:16:57.891495" elapsed="0.000783"/>
</kw>
<kw name="Log" owner="BuiltIn">
<msg time="2024-04-24T16:16:57.893022" level="INFO">{'results': [{'gender': 'male', 'name': {'title': 'Mr', 'first': 'Vicente', 'last': 'Santos'}, 'location': {'street': {'number': 9601, 'name': 'Rua Santa Maria '}, 'city': 'Ubá', 'state': 'Maranhão', 'country': 'Brazil', 'postcode': 95958, 'coordinates': {'latitude': '-80.4476', 'longitude': '-153.6964'}, 'timezone': {'offset': '+4:30', 'description': 'Kabul'}}, 'email': 'vicente.santos@example.com', 'login': {'uuid': 'feafaf5f-ceba-41df-b245-c8d59ca83304', 'username': 'crazyfrog784', 'password': 'benny', 'salt': 'X5UOf29Q', 'md5': 'd577656c6fc7a2f58872f172631ee178', 'sha1': 'b4eb44c976b2eb02a9af3dd884be9d6593f1ed73', 'sha256': '7f112c357faa2f1064fb2156f21411b23c0ee92e30f2b8d51dda277c5844a1f7'}, 'dob': {'date': '1974-04-15T17:50:55.268Z', 'age': 50}, 'registered': {'date': '2019-05-28T03:51:18.804Z', 'age': 4}, 'phone': '(68) 6522-0236', 'cell': '(18) 8858-2097', 'id': {'name': 'CPF', 'value': '481.293.296-33'}, 'picture': {'large': 'https://randomuser.me/api/portraits/men/31.jpg', 'medium': 'https://randomuser.me/api/portraits/med/men/31.jpg', 'thumbnail': 'https://randomuser.me/api/portraits/thumb/men/31.jpg'}, 'nat': 'BR'}], 'info': {'seed': '7c0d11f4a9f52b9e', 'results': 1, 'page': 1, 'version': '1.4'}}</msg>
<arg>${json_data}</arg>
<doc>Logs the given message with the given level.</doc>
<status status="PASS" start="2024-04-24T16:16:57.892773" elapsed="0.000329"/>
</kw>
<kw name="Dictionary Should Contain Key" owner="Collections">
<msg time="2024-04-24T16:16:57.893863" level="INFO">False</msg>
<arg>${json_data}</arg>
<arg>results</arg>
<doc>Fails if ``key`` is not found from ``dictionary``.</doc>
<status status="PASS" start="2024-04-24T16:16:57.893577" elapsed="0.000354"/>
</kw>
<kw name="Should Not Be Empty" owner="BuiltIn">
<msg time="2024-04-24T16:16:57.894612" level="INFO">Length is 2.</msg>
<arg>${json_data}</arg>
<doc>Verifies that the given item is not empty.</doc>
<status status="PASS" start="2024-04-24T16:16:57.894409" elapsed="0.000438"/>
</kw>
<kw name="Create List" owner="BuiltIn">
<msg time="2024-04-24T16:16:57.895568" level="INFO">${expected_keys} = ['gender', 'name', 'location', 'email', 'login']</msg>
<var>${expected_keys}</var>
<arg>gender</arg>
<arg>name</arg>
<arg>location</arg>
<arg>email</arg>
<arg>login</arg>
<doc>Returns a list containing given items.</doc>
<status status="PASS" start="2024-04-24T16:16:57.895323" elapsed="0.000285"/>
</kw>
<for flavor="IN">
<iter>
<kw name="Dictionary Should Contain Key" owner="Collections">
<msg time="2024-04-24T16:16:57.897174" level="INFO">False</msg>
<arg>${json_data['results'][0]}</arg>
<arg>${key}</arg>
<doc>Fails if ``key`` is not found from ``dictionary``.</doc>
<status status="PASS" start="2024-04-24T16:16:57.896551" elapsed="0.000668"/>
</kw>
<kw name="Log" owner="BuiltIn">
<msg time="2024-04-24T16:16:57.897970" level="INFO">{'gender': 'male', 'name': {'title': 'Mr', 'first': 'Vicente', 'last': 'Santos'}, 'location': {'street': {'number': 9601, 'name': 'Rua Santa Maria '}, 'city': 'Ubá', 'state': 'Maranhão', 'country': 'Brazil', 'postcode': 95958, 'coordinates': {'latitude': '-80.4476', 'longitude': '-153.6964'}, 'timezone': {'offset': '+4:30', 'description': 'Kabul'}}, 'email': 'vicente.santos@example.com', 'login': {'uuid': 'feafaf5f-ceba-41df-b245-c8d59ca83304', 'username': 'crazyfrog784', 'password': 'benny', 'salt': 'X5UOf29Q', 'md5': 'd577656c6fc7a2f58872f172631ee178', 'sha1': 'b4eb44c976b2eb02a9af3dd884be9d6593f1ed73', 'sha256': '7f112c357faa2f1064fb2156f21411b23c0ee92e30f2b8d51dda277c5844a1f7'}, 'dob': {'date': '1974-04-15T17:50:55.268Z', 'age': 50}, 'registered': {'date': '2019-05-28T03:51:18.804Z', 'age': 4}, 'phone': '(68) 6522-0236', 'cell': '(18) 8858-2097', 'id': {'name': 'CPF', 'value': '481.293.296-33'}, 'picture': {'large': 'https://randomuser.me/api/portraits/men/31.jpg', 'medium': 'https://randomuser.me/api/portraits/med/men/31.jpg', 'thumbnail': 'https://randomuser.me/api/portraits/thumb/men/31.jpg'}, 'nat': 'BR'}</msg>
<arg>${json_data['results'][0]}</arg>
<doc>Logs the given message with the given level.</doc>
<status status="PASS" start="2024-04-24T16:16:57.897545" elapsed="0.000477"/>
</kw>
<kw name="Log" owner="BuiltIn">
<msg time="2024-04-24T16:16:57.898470" level="INFO">gender</msg>
<arg>${key}</arg>
<doc>Logs the given message with the given level.</doc>
<status status="PASS" start="2024-04-24T16:16:57.898336" elapsed="0.000172"/>
</kw>
<var name="${key}">gender</var>
<status status="PASS" start="2024-04-24T16:16:57.896335" elapsed="0.002393"/>
</iter>
<iter>
<kw name="Dictionary Should Contain Key" owner="Collections">
<msg time="2024-04-24T16:16:57.899426" level="INFO">False</msg>
<arg>${json_data['results'][0]}</arg>
<arg>${key}</arg>
<doc>Fails if ``key`` is not found from ``dictionary``.</doc>
<status status="PASS" start="2024-04-24T16:16:57.899038" elapsed="0.000426"/>
</kw>
<kw name="Log" owner="BuiltIn">
<msg time="2024-04-24T16:16:57.900174" level="INFO">{'gender': 'male', 'name': {'title': 'Mr', 'first': 'Vicente', 'last': 'Santos'}, 'location': {'street': {'number': 9601, 'name': 'Rua Santa Maria '}, 'city': 'Ubá', 'state': 'Maranhão', 'country': 'Brazil', 'postcode': 95958, 'coordinates': {'latitude': '-80.4476', 'longitude': '-153.6964'}, 'timezone': {'offset': '+4:30', 'description': 'Kabul'}}, 'email': 'vicente.santos@example.com', 'login': {'uuid': 'feafaf5f-ceba-41df-b245-c8d59ca83304', 'username': 'crazyfrog784', 'password': 'benny', 'salt': 'X5UOf29Q', 'md5': 'd577656c6fc7a2f58872f172631ee178', 'sha1': 'b4eb44c976b2eb02a9af3dd884be9d6593f1ed73', 'sha256': '7f112c357faa2f1064fb2156f21411b23c0ee92e30f2b8d51dda277c5844a1f7'}, 'dob': {'date': '1974-04-15T17:50:55.268Z', 'age': 50}, 'registered': {'date': '2019-05-28T03:51:18.804Z', 'age': 4}, 'phone': '(68) 6522-0236', 'cell': '(18) 8858-2097', 'id': {'name': 'CPF', 'value': '481.293.296-33'}, 'picture': {'large': 'https://randomuser.me/api/portraits/men/31.jpg', 'medium': 'https://randomuser.me/api/portraits/med/men/31.jpg', 'thumbnail': 'https://randomuser.me/api/portraits/thumb/men/31.jpg'}, 'nat': 'BR'}</msg>
<arg>${json_data['results'][0]}</arg>
<doc>Logs the given message with the given level.</doc>
<status status="PASS" start="2024-04-24T16:16:57.899793" elapsed="0.000432"/>
</kw>
<kw name="Log" owner="BuiltIn">
<msg time="2024-04-24T16:16:57.900657" level="INFO">name</msg>
<arg>${key}</arg>
<doc>Logs the given message with the given level.</doc>
<status status="PASS" start="2024-04-24T16:16:57.900527" elapsed="0.000168"/>
</kw>
<var name="${key}">name</var>
<status status="PASS" start="2024-04-24T16:16:57.898918" elapsed="0.002001"/>
</iter>
<iter>
<kw name="Dictionary Should Contain Key" owner="Collections">
<msg time="2024-04-24T16:16:57.901600" level="INFO">False</msg>
<arg>${json_data['results'][0]}</arg>
<arg>${key}</arg>
<doc>Fails if ``key`` is not found from ``dictionary``.</doc>
<status status="PASS" start="2024-04-24T16:16:57.901212" elapsed="0.000425"/>
</kw>
<kw name="Log" owner="BuiltIn">
<msg time="2024-04-24T16:16:57.902359" level="INFO">{'gender': 'male', 'name': {'title': 'Mr', 'first': 'Vicente', 'last': 'Santos'}, 'location': {'street': {'number': 9601, 'name': 'Rua Santa Maria '}, 'city': 'Ubá', 'state': 'Maranhão', 'country': 'Brazil', 'postcode': 95958, 'coordinates': {'latitude': '-80.4476', 'longitude': '-153.6964'}, 'timezone': {'offset': '+4:30', 'description': 'Kabul'}}, 'email': 'vicente.santos@example.com', 'login': {'uuid': 'feafaf5f-ceba-41df-b245-c8d59ca83304', 'username': 'crazyfrog784', 'password': 'benny', 'salt': 'X5UOf29Q', 'md5': 'd577656c6fc7a2f58872f172631ee178', 'sha1': 'b4eb44c976b2eb02a9af3dd884be9d6593f1ed73', 'sha256': '7f112c357faa2f1064fb2156f21411b23c0ee92e30f2b8d51dda277c5844a1f7'}, 'dob': {'date': '1974-04-15T17:50:55.268Z', 'age': 50}, 'registered': {'date': '2019-05-28T03:51:18.804Z', 'age': 4}, 'phone': '(68) 6522-0236', 'cell': '(18) 8858-2097', 'id': {'name': 'CPF', 'value': '481.293.296-33'}, 'picture': {'large': 'https://randomuser.me/api/portraits/men/31.jpg', 'medium': 'https://randomuser.me/api/portraits/med/men/31.jpg', 'thumbnail': 'https://randomuser.me/api/portraits/thumb/men/31.jpg'}, 'nat': 'BR'}</msg>
<arg>${json_data['results'][0]}</arg>
<doc>Logs the given message with the given level.</doc>
<status status="PASS" start="2024-04-24T16:16:57.901972" elapsed="0.000436"/>
</kw>
<kw name="Log" owner="BuiltIn">
<msg time="2024-04-24T16:16:57.902831" level="INFO">location</msg>
<arg>${key}</arg>
<doc>Logs the given message with the given level.</doc>
<status status="PASS" start="2024-04-24T16:16:57.902705" elapsed="0.000164"/>
</kw>
<var name="${key}">location</var>
<status status="PASS" start="2024-04-24T16:16:57.901099" elapsed="0.001985"/>
</iter>
<iter>
<kw name="Dictionary Should Contain Key" owner="Collections">
<msg time="2024-04-24T16:16:57.903749" level="INFO">False</msg>
<arg>${json_data['results'][0]}</arg>
<arg>${key}</arg>
<doc>Fails if ``key`` is not found from ``dictionary``.</doc>
<status status="PASS" start="2024-04-24T16:16:57.903366" elapsed="0.000420"/>
</kw>
<kw name="Log" owner="BuiltIn">
<msg time="2024-04-24T16:16:57.904451" level="INFO">{'gender': 'male', 'name': {'title': 'Mr', 'first': 'Vicente', 'last': 'Santos'}, 'location': {'street': {'number': 9601, 'name': 'Rua Santa Maria '}, 'city': 'Ubá', 'state': 'Maranhão', 'country': 'Brazil', 'postcode': 95958, 'coordinates': {'latitude': '-80.4476', 'longitude': '-153.6964'}, 'timezone': {'offset': '+4:30', 'description': 'Kabul'}}, 'email': 'vicente.santos@example.com', 'login': {'uuid': 'feafaf5f-ceba-41df-b245-c8d59ca83304', 'username': 'crazyfrog784', 'password': 'benny', 'salt': 'X5UOf29Q', 'md5': 'd577656c6fc7a2f58872f172631ee178', 'sha1': 'b4eb44c976b2eb02a9af3dd884be9d6593f1ed73', 'sha256': '7f112c357faa2f1064fb2156f21411b23c0ee92e30f2b8d51dda277c5844a1f7'}, 'dob': {'date': '1974-04-15T17:50:55.268Z', 'age': 50}, 'registered': {'date': '2019-05-28T03:51:18.804Z', 'age': 4}, 'phone': '(68) 6522-0236', 'cell': '(18) 8858-2097', 'id': {'name': 'CPF', 'value': '481.293.296-33'}, 'picture': {'large': 'https://randomuser.me/api/portraits/men/31.jpg', 'medium': 'https://randomuser.me/api/portraits/med/men/31.jpg', 'thumbnail': 'https://randomuser.me/api/portraits/thumb/men/31.jpg'}, 'nat': 'BR'}</msg>
<arg>${json_data['results'][0]}</arg>
<doc>Logs the given message with the given level.</doc>
<status status="PASS" start="2024-04-24T16:16:57.904081" elapsed="0.000418"/>
</kw>
<kw name="Log" owner="BuiltIn">
<msg time="2024-04-24T16:16:57.904914" level="INFO">email</msg>
<arg>${key}</arg>
<doc>Logs the given message with the given level.</doc>
<status status="PASS" start="2024-04-24T16:16:57.904789" elapsed="0.000162"/>
</kw>
<var name="${key}">email</var>
<status status="PASS" start="2024-04-24T16:16:57.903255" elapsed="0.001906"/>
</iter>
<iter>
<kw name="Dictionary Should Contain Key" owner="Collections">
<msg time="2024-04-24T16:16:57.905839" level="INFO">False</msg>
<arg>${json_data['results'][0]}</arg>
<arg>${key}</arg>
<doc>Fails if ``key`` is not found from ``dictionary``.</doc>
<status status="PASS" start="2024-04-24T16:16:57.905438" elapsed="0.000445"/>
</kw>
<kw name="Log" owner="BuiltIn">
<msg time="2024-04-24T16:16:57.906551" level="INFO">{'gender': 'male', 'name': {'title': 'Mr', 'first': 'Vicente', 'last': 'Santos'}, 'location': {'street': {'number': 9601, 'name': 'Rua Santa Maria '}, 'city': 'Ubá', 'state': 'Maranhão', 'country': 'Brazil', 'postcode': 95958, 'coordinates': {'latitude': '-80.4476', 'longitude': '-153.6964'}, 'timezone': {'offset': '+4:30', 'description': 'Kabul'}}, 'email': 'vicente.santos@example.com', 'login': {'uuid': 'feafaf5f-ceba-41df-b245-c8d59ca83304', 'username': 'crazyfrog784', 'password': 'benny', 'salt': 'X5UOf29Q', 'md5': 'd577656c6fc7a2f58872f172631ee178', 'sha1': 'b4eb44c976b2eb02a9af3dd884be9d6593f1ed73', 'sha256': '7f112c357faa2f1064fb2156f21411b23c0ee92e30f2b8d51dda277c5844a1f7'}, 'dob': {'date': '1974-04-15T17:50:55.268Z', 'age': 50}, 'registered': {'date': '2019-05-28T03:51:18.804Z', 'age': 4}, 'phone': '(68) 6522-0236', 'cell': '(18) 8858-2097', 'id': {'name': 'CPF', 'value': '481.293.296-33'}, 'picture': {'large': 'https://randomuser.me/api/portraits/men/31.jpg', 'medium': 'https://randomuser.me/api/portraits/med/men/31.jpg', 'thumbnail': 'https://randomuser.me/api/portraits/thumb/men/31.jpg'}, 'nat': 'BR'}</msg>
<arg>${json_data['results'][0]}</arg>
<doc>Logs the given message with the given level.</doc>
<status status="PASS" start="2024-04-24T16:16:57.906180" elapsed="0.000421"/>
</kw>
<kw name="Log" owner="BuiltIn">
<msg time="2024-04-24T16:16:57.907023" level="INFO">login</msg>
<arg>${key}</arg>
<doc>Logs the given message with the given level.</doc>
<status status="PASS" start="2024-04-24T16:16:57.906897" elapsed="0.000163"/>
</kw>
<var name="${key}">login</var>
<status status="PASS" start="2024-04-24T16:16:57.905329" elapsed="0.001944"/>
</iter>
<var>${key}</var>
<value>@{expected_keys}</value>
<status status="PASS" start="2024-04-24T16:16:57.896032" elapsed="0.011359"/>
</for>
<kw name="Create List" owner="BuiltIn">
<msg time="2024-04-24T16:16:57.907750" level="INFO">${expected_keysTwo} = ['username', 'password']</msg>
<var>${expected_keysTwo}</var>
<arg>username</arg>
<arg>password</arg>
<doc>Returns a list containing given items.</doc>
<status status="PASS" start="2024-04-24T16:16:57.907612" elapsed="0.000161"/>
</kw>
<for flavor="IN">
<iter>
<kw name="Dictionary Should Contain Key" owner="Collections">
<msg time="2024-04-24T16:16:57.908644" level="INFO">False</msg>
<arg>${json_data['results'][0]['login']}</arg>
<arg>${keyTwo}</arg>
<doc>Fails if ``key`` is not found from ``dictionary``.</doc>
<status status="PASS" start="2024-04-24T16:16:57.908265" elapsed="0.000416"/>
</kw>
<kw name="Dictionary Should Contain Key" owner="Collections">
<msg time="2024-04-24T16:16:57.909359" level="INFO">False</msg>
<arg>${json_data['results'][0]['login']}</arg>
<arg>${keyTwo}</arg>
<doc>Fails if ``key`` is not found from ``dictionary``.</doc>
<status status="PASS" start="2024-04-24T16:16:57.908970" elapsed="0.000427"/>
</kw>
<kw name="Log" owner="BuiltIn">
<msg time="2024-04-24T16:16:57.909858" level="INFO">username</msg>
<arg>${keyTwo}</arg>
<doc>Logs the given message with the given level.</doc>
<status status="PASS" start="2024-04-24T16:16:57.909698" elapsed="0.000205"/>
</kw>
<var name="${keyTwo}">username</var>
<status status="PASS" start="2024-04-24T16:16:57.908156" elapsed="0.001999"/>
</iter>
<iter>
<kw name="Dictionary Should Contain Key" owner="Collections">
<msg time="2024-04-24T16:16:57.910904" level="INFO">False</msg>
<arg>${json_data['results'][0]['login']}</arg>
<arg>${keyTwo}</arg>
<doc>Fails if ``key`` is not found from ``dictionary``.</doc>
<status status="PASS" start="2024-04-24T16:16:57.910430" elapsed="0.000519"/>
</kw>
<kw name="Dictionary Should Contain Key" owner="Collections">
<msg time="2024-04-24T16:16:57.911635" level="INFO">False</msg>
<arg>${json_data['results'][0]['login']}</arg>
<arg>${keyTwo}</arg>
<doc>Fails if ``key`` is not found from ``dictionary``.</doc>
<status status="PASS" start="2024-04-24T16:16:57.911249" elapsed="0.000422"/>
</kw>
<kw name="Log" owner="BuiltIn">
<msg time="2024-04-24T16:16:57.912091" level="INFO">password</msg>
<arg>${keyTwo}</arg>
<doc>Logs the given message with the given level.</doc>
<status status="PASS" start="2024-04-24T16:16:57.911966" elapsed="0.000162"/>
</kw>
<var name="${keyTwo}">password</var>
<status status="PASS" start="2024-04-24T16:16:57.910322" elapsed="0.002018"/>
</iter>
<var>${keyTwo}</var>
<value>@{expected_keysTwo}</value>
<status status="PASS" start="2024-04-24T16:16:57.908006" elapsed="0.004453"/>
</for>
<status status="PASS" start="2024-04-24T16:16:57.811066" elapsed="0.101530"/>
</kw>
<doc>Testa a estrutura da resposta da API.</doc>
<tag>testeEstruturaResposta</tag>
<status status="PASS" start="2024-04-24T16:16:57.810385" elapsed="0.102357"/>
</test>
<test id="s1-s1-t4" name="Validar tipos de dados" line="28">
<kw name="Teste de Tipos de Dados" owner="random-user-service">
<kw name="GET On Session" owner="RequestsLibrary">
<msg time="2024-04-24T16:16:57.993266" level="INFO">GET Request : url=https://randomuser.me/api 
 path_url=/api 
 headers={'User-Agent': 'python-requests/2.31.0', 'Accept-Encoding': 'gzip, deflate', 'Accept': '*/*', 'Connection': 'keep-alive'} 
 body=None 
 </msg>
<msg time="2024-04-24T16:16:57.993359" level="INFO">GET Response : url=https://randomuser.me/api 
 status=200, reason=OK 
 headers={'Date': 'Wed, 24 Apr 2024 16:16:57 GMT', 'Content-Type': 'application/json; charset=utf-8', 'Transfer-Encoding': 'chunked', 'Connection': 'keep-alive', 'X-Powered-By': 'Express', 'Access-Control-Allow-Origin': '*', 'Cache-Control': 'no-cache', 'ETag': 'W/"4a5-C561bYe3eo8Pu7bufT63B2XoGN4"', 'Vary': 'Accept-Encoding', 'Content-Encoding': 'gzip', 'CF-Cache-Status': 'DYNAMIC', 'Report-To': '{"endpoints":[{"url":"https:\\/\\/a.nel.cloudflare.com\\/report\\/v4?s=6CPFGY4yiFl54VSjw2CEr%2F3PJdhiqpZSYLa2l01wM7E49QE5mpSRWe77vnu5n3KytjfWPCLN7tc9imZ%2F31cdFlLSaXevWXjl0LElDu7Rtwhf8WADcIFhtj5x5%2Bupdhne"}],"group":"cf-nel","max_age":604800}', 'NEL': '{"success_fraction":0,"report_to":"cf-nel","max_age":604800}', 'Server': 'cloudflare', 'CF-RAY': '87976699fe9982ea-IAD', 'alt-svc': 'h3=":443"; ma=86400'} 
 body={"results":[{"gender":"female","name":{"title":"Miss","first":"فاطمه زهرا","last":"حسینی"},"location":{"street":{"number":859,"name":"شهید شهرام امیری"},"city":"سیرجان","state":"زنجان","country":"Iran","postcode":90117,"coordinates":{"latitude":"13.7666","longitude":"115.1847"},"timezone":{"offset":"-8:00","description":"Pacific Time (US &amp; Canada)"}},"email":"ftmhzhr.hsyny@example.com","login":{"uuid":"91321796-e0ba-4a9c-93e9-07068a215ce5","username":"organicbird547","password":"trek","salt":"aUPOMU2o","md5":"b588b3d41f48ac82f51781e655f59947","sha1":"e8437af3f1a7d8edb6e2f0e9d96d368921b0b94c","sha256":"070111b5b77c84fb3e5d95b5a176844a459cbf5bc0b0992ed60519fe3abf63f3"},"dob":{"date":"1947-02-05T12:59:25.721Z","age":77},"registered":{"date":"2010-11-13T21:34:04.905Z","age":13},"phone":"061-03793710","cell":"0948-952-7277","id":{"name":"","value":null},"picture":{"large":"https://randomuser.me/api/portraits/women/51.jpg","medium":"https://randomuser.me/api/portraits/med/women/51.jpg","thumbnail":"https://randomuser.me/api/portraits/thumb/women/51.jpg"},"nat":"IR"}],"info":{"seed":"d6426823ada84a82","results":1,"page":1,"version":"1.4"}} 
 </msg>
<msg time="2024-04-24T16:16:57.993449" level="INFO">/opt/hostedtoolcache/Python/3.12.3/x64/lib/python3.12/site-packages/urllib3/connectionpool.py:1103: InsecureRequestWarning: Unverified HTTPS request is being made to host 'randomuser.me'. Adding certificate verification is strongly advised. See: https://urllib3.readthedocs.io/en/latest/advanced-usage.html#tls-warnings
  warnings.warn(</msg>
<msg time="2024-04-24T16:16:57.993550" level="INFO">${response} = &lt;Response [200]&gt;</msg>
<var>${response}</var>
<arg>consultarAPI</arg>
<arg>/api</arg>
<doc>Sends a GET request on a previously created HTTP Session.</doc>
<status status="PASS" start="2024-04-24T16:16:57.915148" elapsed="0.078436"/>
</kw>
<kw name="Set Variable" owner="BuiltIn">
<msg time="2024-04-24T16:16:57.994549" level="INFO">${json_data} = {'results': [{'gender': 'female', 'name': {'title': 'Miss', 'first': 'فاطمه زهرا', 'last': 'حسینی'}, 'location': {'street': {'number': 859, 'name': 'شهید شهرام امیری'}, 'city': 'سیرجان', 'state': 'زنج...</msg>
<var>${json_data}</var>
<arg>${response.json()}</arg>
<doc>Returns the given values which can then be assigned to a variables.</doc>
<status status="PASS" start="2024-04-24T16:16:57.994037" elapsed="0.000541"/>
</kw>
<kw name="Log" owner="BuiltIn">
<msg time="2024-04-24T16:16:57.995043" level="INFO">{'results': [{'gender': 'female', 'name': {'title': 'Miss', 'first': 'فاطمه زهرا', 'last': 'حسینی'}, 'location': {'street': {'number': 859, 'name': 'شهید شهرام امیری'}, 'city': 'سیرجان', 'state': 'زنجان', 'country': 'Iran', 'postcode': 90117, 'coordinates': {'latitude': '13.7666', 'longitude': '115.1847'}, 'timezone': {'offset': '-8:00', 'description': 'Pacific Time (US &amp; Canada)'}}, 'email': 'ftmhzhr.hsyny@example.com', 'login': {'uuid': '91321796-e0ba-4a9c-93e9-07068a215ce5', 'username': 'organicbird547', 'password': 'trek', 'salt': 'aUPOMU2o', 'md5': 'b588b3d41f48ac82f51781e655f59947', 'sha1': 'e8437af3f1a7d8edb6e2f0e9d96d368921b0b94c', 'sha256': '070111b5b77c84fb3e5d95b5a176844a459cbf5bc0b0992ed60519fe3abf63f3'}, 'dob': {'date': '1947-02-05T12:59:25.721Z', 'age': 77}, 'registered': {'date': '2010-11-13T21:34:04.905Z', 'age': 13}, 'phone': '061-03793710', 'cell': '0948-952-7277', 'id': {'name': '', 'value': None}, 'picture': {'large': 'https://randomuser.me/api/portraits/women/51.jpg', 'medium': 'https://randomuser.me/api/portraits/med/women/51.jpg', 'thumbnail': 'https://randomuser.me/api/portraits/thumb/women/51.jpg'}, 'nat': 'IR'}], 'info': {'seed': 'd6426823ada84a82', 'results': 1, 'page': 1, 'version': '1.4'}}</msg>
<arg>${json_data}</arg>
<doc>Logs the given message with the given level.</doc>
<status status="PASS" start="2024-04-24T16:16:57.994882" elapsed="0.000246"/>
</kw>
<kw name="Should Be String" owner="String">
<arg>${json_data['results'][0]['gender']}</arg>
<doc>Fails if the given ``item`` is not a string.</doc>
<status status="PASS" start="2024-04-24T16:16:57.995428" elapsed="0.000369"/>
</kw>
<kw name="Should Match Regexp" owner="BuiltIn">
<arg>${json_data['results'][0]['email']}</arg>
<arg>^[a-zA-Z0-9._%+-]+@[a-zA-Z0-9.-]+\.[a-zA-Z]{2,}$</arg>
<doc>Fails if ``string`` does not match ``pattern`` as a regular expression.</doc>
<status status="PASS" start="2024-04-24T16:16:57.995989" elapsed="0.000514"/>
</kw>
<kw name="Should Match Regexp" owner="BuiltIn">
<arg>${json_data['results'][0]['dob']['date']}</arg>
<arg>\\d{4}-\\d{2}-\\d{2}T\\d{2}:\\d{2}:\\d{2}\\.\\d{3}Z</arg>
<doc>Fails if ``string`` does not match ``pattern`` as a regular expression.</doc>
<status status="PASS" start="2024-04-24T16:16:57.996697" elapsed="0.000483"/>
</kw>
<kw name="Should Match Regexp" owner="BuiltIn">
<arg>${json_data['results'][0]['registered']['date']}</arg>
<arg>\\d{4}-\\d{2}-\\d{2}T\\d{2}:\\d{2}:\\d{2}\\.\\d{3}Z</arg>
<doc>Fails if ``string`` does not match ``pattern`` as a regular expression.</doc>
<status status="PASS" start="2024-04-24T16:16:57.997378" elapsed="0.000414"/>
</kw>
<kw name="Should Match Regexp" owner="BuiltIn">
<arg>${json_data['results'][0]['picture']['large']}</arg>
<arg>^https?://.*\.(?:png|jpe?g|gif|bmp)$</arg>
<doc>Fails if ``string`` does not match ``pattern`` as a regular expression.</doc>
<status status="PASS" start="2024-04-24T16:16:57.997995" elapsed="0.000468"/>
</kw>
<kw name="Should Match Regexp" owner="BuiltIn">
<arg>${json_data['results'][0]['picture']['medium']}</arg>
<arg>^https?://.*\.(?:png|jpe?g|gif|bmp)$</arg>
<doc>Fails if ``string`` does not match ``pattern`` as a regular expression.</doc>
<status status="PASS" start="2024-04-24T16:16:57.998651" elapsed="0.000358"/>
</kw>
<kw name="Should Match Regexp" owner="BuiltIn">
<arg>${json_data['results'][0]['picture']['thumbnail']}</arg>
<arg>^https?://.*\.(?:png|jpe?g|gif|bmp)$</arg>
<doc>Fails if ``string`` does not match ``pattern`` as a regular expression.</doc>
<status status="PASS" start="2024-04-24T16:16:57.999197" elapsed="0.000353"/>
</kw>
<kw name="Log" owner="BuiltIn">
<msg time="2024-04-24T16:16:58.000061" level="INFO">{'large': 'https://randomuser.me/api/portraits/women/51.jpg', 'medium': 'https://randomuser.me/api/portraits/med/women/51.jpg', 'thumbnail': 'https://randomuser.me/api/portraits/thumb/women/51.jpg'}</msg>
<arg>${json_data['results'][0]['picture']}</arg>
<doc>Logs the given message with the given level.</doc>
<status status="PASS" start="2024-04-24T16:16:57.999729" elapsed="0.000376"/>
</kw>
<status status="PASS" start="2024-04-24T16:16:57.914932" elapsed="0.085435"/>
</kw>
<kw name="Teste de Tipos de Dados - Postcode" owner="random-user-service">
<kw name="GET On Session" owner="RequestsLibrary">
<msg time="2024-04-24T16:16:58.061994" level="INFO">GET Request : url=https://randomuser.me/api 
 path_url=/api 
 headers={'User-Agent': 'python-requests/2.31.0', 'Accept-Encoding': 'gzip, deflate', 'Accept': '*/*', 'Connection': 'keep-alive'} 
 body=None 
 </msg>
<msg time="2024-04-24T16:16:58.062083" level="INFO">GET Response : url=https://randomuser.me/api 
 status=200, reason=OK 
 headers={'Date': 'Wed, 24 Apr 2024 16:16:58 GMT', 'Content-Type': 'application/json; charset=utf-8', 'Transfer-Encoding': 'chunked', 'Connection': 'keep-alive', 'X-Powered-By': 'Express', 'Access-Control-Allow-Origin': '*', 'Cache-Control': 'no-cache', 'ETag': 'W/"497-iQWD7rrsOXVMaNIF9Vacsdgwz/s"', 'Vary': 'Accept-Encoding', 'Content-Encoding': 'gzip', 'CF-Cache-Status': 'DYNAMIC', 'Report-To': '{"endpoints":[{"url":"https:\\/\\/a.nel.cloudflare.com\\/report\\/v4?s=mjNwXd67V58NIxgVNMps11kKPMGmeIg67poPTUZstIqyE%2FdPtsbUBkmikANn5rU0vDvLtp1TCx5EFMvWxu%2B9Am5Wm8k4L%2FNyHRnifSgmByC2ahEtQtCauJdZO3QTCK74"}],"group":"cf-nel","max_age":604800}', 'NEL': '{"success_fraction":0,"report_to":"cf-nel","max_age":604800}', 'Server': 'cloudflare', 'CF-RAY': '8797669a8f5082ea-IAD', 'alt-svc': 'h3=":443"; ma=86400'} 
 body={"results":[{"gender":"female","name":{"title":"Ms","first":"Anitha","last":"Sheikh"},"location":{"street":{"number":7753,"name":"S.A Rd"},"city":"Kumbakonam","state":"Chhattisgarh","country":"India","postcode":64339,"coordinates":{"latitude":"11.1894","longitude":"158.0918"},"timezone":{"offset":"+11:00","description":"Magadan, Solomon Islands, New Caledonia"}},"email":"anitha.sheikh@example.com","login":{"uuid":"1defcc83-98be-4c72-bc0a-17bacb35d2a8","username":"purplebutterfly500","password":"1026","salt":"FS6VDkRX","md5":"59d9ae8950115090096d42d47b1463e8","sha1":"dd41ba7842363da8403df0575b25c10f151431b8","sha256":"932ee49c01819ac39d8b30ca30e693ddfbf48e2c15ade8dd55b0e0594145a538"},"dob":{"date":"1983-09-29T10:55:49.004Z","age":40},"registered":{"date":"2015-07-22T07:54:44.740Z","age":8},"phone":"9238165057","cell":"9433736525","id":{"name":"UIDAI","value":"560371454431"},"picture":{"large":"https://randomuser.me/api/portraits/women/75.jpg","medium":"https://randomuser.me/api/portraits/med/women/75.jpg","thumbnail":"https://randomuser.me/api/portraits/thumb/women/75.jpg"},"nat":"IN"}],"info":{"seed":"e3187263ab3609b5","results":1,"page":1,"version":"1.4"}} 
 </msg>
<msg time="2024-04-24T16:16:58.062160" level="INFO">/opt/hostedtoolcache/Python/3.12.3/x64/lib/python3.12/site-packages/urllib3/connectionpool.py:1103: InsecureRequestWarning: Unverified HTTPS request is being made to host 'randomuser.me'. Adding certificate verification is strongly advised. See: https://urllib3.readthedocs.io/en/latest/advanced-usage.html#tls-warnings
  warnings.warn(</msg>
<msg time="2024-04-24T16:16:58.062278" level="INFO">${response} = &lt;Response [200]&gt;</msg>
<var>${response}</var>
<arg>consultarAPI</arg>
<arg>/api</arg>
<doc>Sends a GET request on a previously created HTTP Session.</doc>
<status status="PASS" start="2024-04-24T16:16:58.000824" elapsed="0.061497"/>
</kw>
<kw name="Set Variable" owner="BuiltIn">
<msg time="2024-04-24T16:16:58.063271" level="INFO">${json_data} = {'results': [{'gender': 'female', 'name': {'title': 'Ms', 'first': 'Anitha', 'last': 'Sheikh'}, 'location': {'street': {'number': 7753, 'name': 'S.A Rd'}, 'city': 'Kumbakonam', 'state': 'Chhattisgarh'...</msg>
<var>${json_data}</var>
<arg>${response.json()}</arg>
<doc>Returns the given values which can then be assigned to a variables.</doc>
<status status="PASS" start="2024-04-24T16:16:58.062800" elapsed="0.000499"/>
</kw>
<kw name="Log" owner="BuiltIn">
<msg time="2024-04-24T16:16:58.063759" level="INFO">{'results': [{'gender': 'female', 'name': {'title': 'Ms', 'first': 'Anitha', 'last': 'Sheikh'}, 'location': {'street': {'number': 7753, 'name': 'S.A Rd'}, 'city': 'Kumbakonam', 'state': 'Chhattisgarh', 'country': 'India', 'postcode': 64339, 'coordinates': {'latitude': '11.1894', 'longitude': '158.0918'}, 'timezone': {'offset': '+11:00', 'description': 'Magadan, Solomon Islands, New Caledonia'}}, 'email': 'anitha.sheikh@example.com', 'login': {'uuid': '1defcc83-98be-4c72-bc0a-17bacb35d2a8', 'username': 'purplebutterfly500', 'password': '1026', 'salt': 'FS6VDkRX', 'md5': '59d9ae8950115090096d42d47b1463e8', 'sha1': 'dd41ba7842363da8403df0575b25c10f151431b8', 'sha256': '932ee49c01819ac39d8b30ca30e693ddfbf48e2c15ade8dd55b0e0594145a538'}, 'dob': {'date': '1983-09-29T10:55:49.004Z', 'age': 40}, 'registered': {'date': '2015-07-22T07:54:44.740Z', 'age': 8}, 'phone': '9238165057', 'cell': '9433736525', 'id': {'name': 'UIDAI', 'value': '560371454431'}, 'picture': {'large': 'https://randomuser.me/api/portraits/women/75.jpg', 'medium': 'https://randomuser.me/api/portraits/med/women/75.jpg', 'thumbnail': 'https://randomuser.me/api/portraits/thumb/women/75.jpg'}, 'nat': 'IN'}], 'info': {'seed': 'e3187263ab3609b5', 'results': 1, 'page': 1, 'version': '1.4'}}</msg>
<arg>${json_data}</arg>
<doc>Logs the given message with the given level.</doc>
<status status="PASS" start="2024-04-24T16:16:58.063608" elapsed="0.000229"/>
</kw>
<kw name="Should Be Equal As Numbers" owner="BuiltIn">
<arg>${json_data['results'][0]['location']['postcode']}</arg>
<arg>${json_data['results'][0]['location']['postcode']}</arg>
<doc>Fails if objects are unequal after converting them to real numbers.</doc>
<status status="PASS" start="2024-04-24T16:16:58.064289" elapsed="0.000624"/>
</kw>
<kw name="Log" owner="BuiltIn">
<msg time="2024-04-24T16:16:58.065432" level="INFO">64339</msg>
<arg>${json_data['results'][0]['location']['postcode']}</arg>
<doc>Logs the given message with the given level.</doc>
<status status="PASS" start="2024-04-24T16:16:58.065101" elapsed="0.000371"/>
</kw>
<status status="PASS" start="2024-04-24T16:16:58.000591" elapsed="0.065128"/>
</kw>
<doc>Testa se os tipos de dados na resposta da API estão corretos.</doc>
<tag>testeTiposDados</tag>
<status status="PASS" start="2024-04-24T16:16:57.914504" elapsed="0.151418"/>
</test>
<test id="s1-s1-t5" name="Validar conteudo" line="35">
<kw name="Teste de Tipos de Conteudo" owner="random-user-service">
<kw name="GET On Session" owner="RequestsLibrary">
<msg time="2024-04-24T16:16:58.164796" level="INFO">GET Request : url=https://randomuser.me/api 
 path_url=/api 
 headers={'User-Agent': 'python-requests/2.31.0', 'Accept-Encoding': 'gzip, deflate', 'Accept': '*/*', 'Connection': 'keep-alive'} 
 body=None 
 </msg>
<msg time="2024-04-24T16:16:58.164866" level="INFO">GET Response : url=https://randomuser.me/api 
 status=200, reason=OK 
 headers={'Date': 'Wed, 24 Apr 2024 16:16:58 GMT', 'Content-Type': 'application/json; charset=utf-8', 'Transfer-Encoding': 'chunked', 'Connection': 'keep-alive', 'X-Powered-By': 'Express', 'Access-Control-Allow-Origin': '*', 'Cache-Control': 'no-cache', 'ETag': 'W/"4a9-EMN1OPhUMdxvmio4FU6URXL6eTk"', 'Vary': 'Accept-Encoding', 'Content-Encoding': 'gzip', 'CF-Cache-Status': 'DYNAMIC', 'Report-To': '{"endpoints":[{"url":"https:\\/\\/a.nel.cloudflare.com\\/report\\/v4?s=%2B4ry04K4GjnPGCB9S5P5p992MueTzNqcL6pLvjA0bDDxA9Ja%2BWyS4o0oOQ%2BqDp0yV3p6AASIqTqdgtp1noWTu1p1ARKxl%2Bu11xT1cXqE8npnwaILIWumhn9DXq4OQ0C%2F"}],"group":"cf-nel","max_age":604800}', 'NEL': '{"success_fraction":0,"report_to":"cf-nel","max_age":604800}', 'Server': 'cloudflare', 'CF-RAY': '8797669af80e82ea-IAD', 'alt-svc': 'h3=":443"; ma=86400'} 
 body={"results":[{"gender":"male","name":{"title":"Mr","first":"Zacarías","last":"Carvajal"},"location":{"street":{"number":7473,"name":"Pasaje Sinaloa"},"city":"San Lorenzo Buenaventura","state":"Colima","country":"Mexico","postcode":37415,"coordinates":{"latitude":"26.8320","longitude":"-48.9008"},"timezone":{"offset":"+5:30","description":"Bombay, Calcutta, Madras, New Delhi"}},"email":"zacarias.carvajal@example.com","login":{"uuid":"f2bbab44-00a3-4392-a5a1-856cd0b44c90","username":"redcat567","password":"enforcer","salt":"dbNpoLjj","md5":"6236fd9e409a334a4616c66d0f30973e","sha1":"d8c998aafcd4b3453885298520e5e338e1f7bf79","sha256":"d7e269672f60967c43762ecffc499dddc12e13c8454ad1b720091dd51d9ba826"},"dob":{"date":"1964-01-29T15:54:00.771Z","age":60},"registered":{"date":"2010-06-04T12:39:37.680Z","age":13},"phone":"(680) 722 7603","cell":"(602) 836 1290","id":{"name":"NSS","value":"64 94 81 8990 1"},"picture":{"large":"https://randomuser.me/api/portraits/men/81.jpg","medium":"https://randomuser.me/api/portraits/med/men/81.jpg","thumbnail":"https://randomuser.me/api/portraits/thumb/men/81.jpg"},"nat":"MX"}],"info":{"seed":"5627e3fbca2e93f7","results":1,"page":1,"version":"1.4"}} 
 </msg>
<msg time="2024-04-24T16:16:58.164934" level="INFO">/opt/hostedtoolcache/Python/3.12.3/x64/lib/python3.12/site-packages/urllib3/connectionpool.py:1103: InsecureRequestWarning: Unverified HTTPS request is being made to host 'randomuser.me'. Adding certificate verification is strongly advised. See: https://urllib3.readthedocs.io/en/latest/advanced-usage.html#tls-warnings
  warnings.warn(</msg>
<msg time="2024-04-24T16:16:58.165026" level="INFO">${response} = &lt;Response [200]&gt;</msg>
<var>${response}</var>
<arg>consultarAPI</arg>
<arg>/api</arg>
<doc>Sends a GET request on a previously created HTTP Session.</doc>
<status status="PASS" start="2024-04-24T16:16:58.068889" elapsed="0.096170"/>
</kw>
<kw name="Set Variable" owner="BuiltIn">
<msg time="2024-04-24T16:16:58.166016" level="INFO">${json_data} = {'results': [{'gender': 'male', 'name': {'title': 'Mr', 'first': 'Zacarías', 'last': 'Carvajal'}, 'location': {'street': {'number': 7473, 'name': 'Pasaje Sinaloa'}, 'city': 'San Lorenzo Buenaventura',...</msg>
<var>${json_data}</var>
<arg>${response.json()}</arg>
<doc>Returns the given values which can then be assigned to a variables.</doc>
<status status="PASS" start="2024-04-24T16:16:58.165466" elapsed="0.000580"/>
</kw>
<kw name="Set Variable" owner="BuiltIn">
<msg time="2024-04-24T16:16:58.166757" level="INFO">${name_title} = Mr</msg>
<var>${name_title}</var>
<arg>${json_data["results"][0]["name"]["title"]}</arg>
<doc>Returns the given values which can then be assigned to a variables.</doc>
<status status="PASS" start="2024-04-24T16:16:58.166360" elapsed="0.000423"/>
</kw>
<kw name="Create List" owner="BuiltIn">
<msg time="2024-04-24T16:16:58.167233" level="INFO">${allowed_titles} = ['Mr', 'Ms', 'Miss', 'Mrs', 'Madame', 'Monsieur']</msg>
<var>${allowed_titles}</var>
<arg>Mr</arg>
<arg>Ms</arg>
<arg>Miss</arg>
<arg>Mrs</arg>
<arg>Madame</arg>
<arg>Monsieur</arg>
<doc>Returns a list containing given items.</doc>
<status status="PASS" start="2024-04-24T16:16:58.167085" elapsed="0.000173"/>
</kw>
<kw name="List Should Contain Value" owner="Collections">
<msg time="2024-04-24T16:16:58.167736" level="INFO">False</msg>
<arg>${allowed_titles}</arg>
<arg>${name_title}</arg>
<doc>Fails if the ``value`` is not found from ``list``.</doc>
<status status="PASS" start="2024-04-24T16:16:58.167563" elapsed="0.000210"/>
</kw>
<kw name="Set Variable" owner="BuiltIn">
<msg time="2024-04-24T16:16:58.168448" level="INFO">${name_country} = MX</msg>
<var>${name_country}</var>
<arg>${json_data["results"][0]["nat"]}</arg>
<doc>Returns the given values which can then be assigned to a variables.</doc>
<status status="PASS" start="2024-04-24T16:16:58.168062" elapsed="0.000412"/>
</kw>
<kw name="Create List" owner="BuiltIn">
<msg time="2024-04-24T16:16:58.169371" level="INFO">${list_country} = ['AD', 'AE', 'AF', 'AG', 'AI', 'AL', 'AM', 'AO', 'AQ', 'AR', 'AS', 'AT', 'AU', 'AW', 'AX', 'AZ', 'BA', 'BB', 'BD', 'BE', 'BF', 'BG', 'BH', 'BI', 'BJ', 'BL', 'BM', 'BN', 'BO', 'BQ', 'BR', 'BS', 'BT', '...</msg>
<var>${list_country}</var>
<arg>AD</arg>
<arg>AE</arg>
<arg>AF</arg>
<arg>AG</arg>
<arg>AI</arg>
<arg>AL</arg>
<arg>AM</arg>
<arg>AO</arg>
<arg>AQ</arg>
<arg>AR</arg>
<arg>AS</arg>
<arg>AT</arg>
<arg>AU</arg>
<arg>AW</arg>
<arg>AX</arg>
<arg>AZ</arg>
<arg>BA</arg>
<arg>BB</arg>
<arg>BD</arg>
<arg>BE</arg>
<arg>BF</arg>
<arg>BG</arg>
<arg>BH</arg>
<arg>BI</arg>
<arg>BJ</arg>
<arg>BL</arg>
<arg>BM</arg>
<arg>BN</arg>
<arg>BO</arg>
<arg>BQ</arg>
<arg>BR</arg>
<arg>BS</arg>
<arg>BT</arg>
<arg>BV</arg>
<arg>BW</arg>
<arg>BY</arg>
<arg>BZ</arg>
<arg>CA</arg>
<arg>CC</arg>
<arg>CD</arg>
<arg>CF</arg>
<arg>CG</arg>
<arg>CH</arg>
<arg>CI</arg>
<arg>CK</arg>
<arg>CL</arg>
<arg>CM</arg>
<arg>CN</arg>
<arg>CO</arg>
<arg>CR</arg>
<arg>CU</arg>
<arg>CV</arg>
<arg>CW</arg>
<arg>CX</arg>
<arg>CY</arg>
<arg>CZ</arg>
<arg>DE</arg>
<arg>DJ</arg>
<arg>DK</arg>
<arg>DM</arg>
<arg>DO</arg>
<arg>DZ</arg>
<arg>EC</arg>
<arg>EE</arg>
<arg>EG</arg>
<arg>EH</arg>
<arg>ER</arg>
<arg>ES</arg>
<arg>ET</arg>
<arg>FI</arg>
<arg>FJ</arg>
<arg>FK</arg>
<arg>FM</arg>
<arg>FO</arg>
<arg>FR</arg>
<arg>GA</arg>
<arg>GB</arg>
<arg>GD</arg>
<arg>GE</arg>
<arg>GF</arg>
<arg>GG</arg>
<arg>GH</arg>
<arg>GI</arg>
<arg>GL</arg>
<arg>GM</arg>
<arg>GN</arg>
<arg>GP</arg>
<arg>GQ</arg>
<arg>GR</arg>
<arg>GS</arg>
<arg>GT</arg>
<arg>GU</arg>
<arg>GW</arg>
<arg>GY</arg>
<arg>HK</arg>
<arg>HM</arg>
<arg>HN</arg>
<arg>HR</arg>
<arg>HT</arg>
<arg>HU</arg>
<arg>ID</arg>
<arg>IE</arg>
<arg>IL</arg>
<arg>IM</arg>
<arg>IN</arg>
<arg>IO</arg>
<arg>IQ</arg>
<arg>IR</arg>
<arg>IS</arg>
<arg>IT</arg>
<arg>JE</arg>
<arg>JM</arg>
<arg>JO</arg>
<arg>JP</arg>
<arg>KE</arg>
<arg>KG</arg>
<arg>KH</arg>
<arg>KI</arg>
<arg>KM</arg>
<arg>KN</arg>
<arg>KP</arg>
<arg>KR</arg>
<arg>KW</arg>
<arg>KY</arg>
<arg>KZ</arg>
<arg>LA</arg>
<arg>LB</arg>
<arg>LC</arg>
<arg>LI</arg>
<arg>LK</arg>
<arg>LR</arg>
<arg>LS</arg>
<arg>LT</arg>
<arg>LU</arg>
<arg>LV</arg>
<arg>LY</arg>
<arg>MA</arg>
<arg>MC</arg>
<arg>MD</arg>
<arg>ME</arg>
<arg>MF</arg>
<arg>MG</arg>
<arg>MH</arg>
<arg>MK</arg>
<arg>ML</arg>
<arg>MM</arg>
<arg>MN</arg>
<arg>MO</arg>
<arg>MP</arg>
<arg>MQ</arg>
<arg>MR</arg>
<arg>MS</arg>
<arg>MT</arg>
<arg>MU</arg>
<arg>MV</arg>
<arg>MW</arg>
<arg>MX</arg>
<arg>MY</arg>
<arg>MZ</arg>
<arg>NA</arg>
<arg>NC</arg>
<arg>NE</arg>
<arg>NF</arg>
<arg>NG</arg>
<arg>NI</arg>
<arg>NL</arg>
<arg>NO</arg>
<arg>NP</arg>
<arg>NR</arg>
<arg>NU</arg>
<arg>NZ</arg>
<arg>OM</arg>
<arg>PA</arg>
<arg>PE</arg>
<arg>PF</arg>
<arg>PG</arg>
<arg>PH</arg>
<arg>PK</arg>
<arg>PL</arg>
<arg>PM</arg>
<arg>PN</arg>
<arg>PR</arg>
<arg>PS</arg>
<arg>PT</arg>
<arg>PW</arg>
<arg>PY</arg>
<arg>QA</arg>
<arg>RE</arg>
<arg>RO</arg>
<arg>RS</arg>
<arg>RU</arg>
<arg>RW</arg>
<arg>SA</arg>
<arg>SB</arg>
<arg>SC</arg>
<arg>SD</arg>
<arg>SE</arg>
<arg>SG</arg>
<arg>SH</arg>
<arg>SI</arg>
<arg>SJ</arg>
<arg>SK</arg>
<arg>SL</arg>
<arg>SM</arg>
<arg>SN</arg>
<arg>SO</arg>
<arg>SR</arg>
<arg>SS</arg>
<arg>ST</arg>
<arg>SV</arg>
<arg>SX</arg>
<arg>SY</arg>
<arg>SZ</arg>
<arg>TC</arg>
<arg>TD</arg>
<arg>TF</arg>
<arg>TG</arg>
<arg>TH</arg>
<arg>TJ</arg>
<arg>TK</arg>
<arg>TL</arg>
<arg>TM</arg>
<arg>TN</arg>
<arg>TO</arg>
<arg>TR</arg>
<arg>TT</arg>
<arg>TV</arg>
<arg>TW</arg>
<arg>TZ</arg>
<arg>UA</arg>
<arg>UG</arg>
<arg>UM</arg>
<arg>US</arg>
<arg>UY</arg>
<arg>UZ</arg>
<arg>VA</arg>
<arg>VC</arg>
<arg>VE</arg>
<arg>VG</arg>
<arg>VI</arg>
<arg>VN</arg>
<arg>VU</arg>
<arg>WF</arg>
<arg>WS</arg>
<arg>XK</arg>
<arg>YE</arg>
<arg>YT</arg>
<arg>ZA</arg>
<arg>ZM</arg>
<arg>ZW</arg>
<doc>Returns a list containing given items.</doc>
<status status="PASS" start="2024-04-24T16:16:58.168780" elapsed="0.000617"/>
</kw>
<kw name="List Should Contain Value" owner="Collections">
<msg time="2024-04-24T16:16:58.170414" level="INFO">False</msg>
<arg>${list_country}</arg>
<arg>${name_country}</arg>
<doc>Fails if the ``value`` is not found from ``list``.</doc>
<status status="PASS" start="2024-04-24T16:16:58.170212" elapsed="0.000239"/>
</kw>
<kw name="Run Keyword If" owner="BuiltIn">
<kw name="Should Be True" owner="BuiltIn">
<arg>${True}</arg>
<doc>Fails if the given condition is not true.</doc>
<status status="PASS" start="2024-04-24T16:16:58.171526" elapsed="0.000245"/>
</kw>
<arg>${json_data["results"][0]["location"]["coordinates"]["latitude"]} &gt;= -90 and ${json_data["results"][0]["location"]["coordinates"]["latitude"]} &lt;= 90</arg>
<arg>Should Be True</arg>
<arg>${True}</arg>
<doc>Runs the given keyword with the given arguments, if ``condition`` is true.</doc>
<status status="PASS" start="2024-04-24T16:16:58.170768" elapsed="0.001135"/>
</kw>
<kw name="Run Keyword If" owner="BuiltIn">
<kw name="Should Be True" owner="BuiltIn">
<arg>${True}</arg>
<doc>Fails if the given condition is not true.</doc>
<status status="PASS" start="2024-04-24T16:16:58.172804" elapsed="0.000137"/>
</kw>
<arg>${json_data["results"][0]["location"]["coordinates"]["longitude"]} &gt;= -180 and ${json_data["results"][0]["location"]["coordinates"]["longitude"]} &lt;= 180</arg>
<arg>Should Be True</arg>
<arg>${True}</arg>
<doc>Runs the given keyword with the given arguments, if ``condition`` is true.</doc>
<status status="PASS" start="2024-04-24T16:16:58.172091" elapsed="0.000973"/>
</kw>
<status status="PASS" start="2024-04-24T16:16:58.068512" elapsed="0.104679"/>
</kw>
<doc>Testa o conteúdo específico dos campos retornados pela API.</doc>
<tag>testeConteudo</tag>
<status status="PASS" start="2024-04-24T16:16:58.067835" elapsed="0.105501"/>
</test>
<status status="PASS" start="2024-04-24T16:16:57.382173" elapsed="0.793189"/>
</suite>
<status status="PASS" start="2024-04-24T16:16:57.368783" elapsed="0.811699"/>
</suite>
<statistics>
<total>
<stat pass="5" fail="0" skip="0">All Tests</stat>
</total>
<tag>
<stat pass="1" fail="0" skip="0">testeConteudo</stat>
<stat pass="1" fail="0" skip="0">testeEstruturaResposta</stat>
<stat pass="1" fail="0" skip="0">testeRequisicaoBasica</stat>
<stat pass="1" fail="0" skip="0">testeTiposDados</stat>
</tag>
<suite>
<stat pass="5" fail="0" skip="0" id="s1" name="Tests">Tests</stat>
<stat pass="5" fail="0" skip="0" id="s1-s1" name="Random-User-Test">Tests.Random-User-Test</stat>
</suite>
</statistics>
<errors>
</errors>
</robot>
