<?xml version="1.0" encoding="UTF-8"?>
<robot generator="Robot 7.0 (Python 3.12.3 on linux)" generated="2024-04-17T23:15:21.614379" rpa="false" schemaversion="5">
<suite id="s1" name="Tests" source="/home/runner/work/DesafioQAItauRogerioJordao/DesafioQAItauRogerioJordao/RamdonUser/tests">
<suite id="s1-s1" name="Random-User-Test" source="/home/runner/work/DesafioQAItauRogerioJordao/DesafioQAItauRogerioJordao/RamdonUser/tests/random-user-test.robot">
<test id="s1-s1-t1" name="Conectar" line="13">
<kw name="Conectar API" owner="random-user-service">
<kw name="Create Session" owner="RequestsLibrary">
<msg time="2024-04-17T23:15:21.995338" level="INFO">Creating Session using : alias=consultarAPI, url=https://randomuser.me/, headers={},                     cookies={}, auth=None, timeout=None, proxies=None, verify=False,                     debug=0 </msg>
<arg>consultarAPI</arg>
<arg>${URL}</arg>
<doc>Create Session: create a HTTP session to a server</doc>
<status status="PASS" start="2024-04-17T23:15:21.995006" elapsed="0.000603"/>
</kw>
<status status="PASS" start="2024-04-17T23:15:21.993987" elapsed="0.002168"/>
</kw>
<status status="PASS" start="2024-04-17T23:15:21.993459" elapsed="0.003003"/>
</test>
<test id="s1-s1-t2" name="Validar retorno 200 e JSON Válido" line="16">
<kw name="Teste de Requisicao Basica" owner="random-user-service">
<kw name="GET On Session" owner="RequestsLibrary">
<msg time="2024-04-17T23:15:22.213262" level="INFO">GET Request : url=https://randomuser.me/api 
 path_url=/api 
 headers={'User-Agent': 'python-requests/2.31.0', 'Accept-Encoding': 'gzip, deflate', 'Accept': '*/*', 'Connection': 'keep-alive'} 
 body=None 
 </msg>
<msg time="2024-04-17T23:15:22.213398" level="INFO">GET Response : url=https://randomuser.me/api 
 status=200, reason=OK 
 headers={'Date': 'Wed, 17 Apr 2024 23:15:22 GMT', 'Content-Type': 'application/json; charset=utf-8', 'Transfer-Encoding': 'chunked', 'Connection': 'keep-alive', 'X-Powered-By': 'Express', 'Access-Control-Allow-Origin': '*', 'Cache-Control': 'no-cache', 'ETag': 'W/"49d-FpPp+uSvXfzpn6LflIeXwokYBa8"', 'Vary': 'Accept-Encoding', 'Content-Encoding': 'gzip', 'CF-Cache-Status': 'DYNAMIC', 'Report-To': '{"endpoints":[{"url":"https:\\/\\/a.nel.cloudflare.com\\/report\\/v4?s=ZlgAr7dXBSPfrNYyBdxC8PsU59k0O5QnsOimH7mFBcjLA8YnnvXTOJGDU5RjEmQkcnbYmhz8LGI5%2FSlJPQB6Pr5keZS9NsxfzceDOl2P7RJmM2WVt4glWPt%2BrCI5Oh9m"}],"group":"cf-nel","max_age":604800}', 'NEL': '{"success_fraction":0,"report_to":"cf-nel","max_age":604800}', 'Server': 'cloudflare', 'CF-RAY': '87601ddf4d0a7ae0-SJC', 'alt-svc': 'h3=":443"; ma=86400'} 
 body={"results":[{"gender":"male","name":{"title":"Mr","first":"Denis","last":"Atroshenko"},"location":{"street":{"number":6335,"name":"Provulok Przhevalskogo"},"city":"Oleksandriya","state":"Zhitomirska","country":"Ukraine","postcode":15582,"coordinates":{"latitude":"74.8275","longitude":"-131.6835"},"timezone":{"offset":"+5:30","description":"Bombay, Calcutta, Madras, New Delhi"}},"email":"denis.atroshenko@example.com","login":{"uuid":"40baba30-9060-438d-bfcd-2bcce1c431f9","username":"silversnake268","password":"westwood","salt":"JaybnGZ8","md5":"f207db2eda179fe3b035c8ebf75f970b","sha1":"c1e3e7bf4435915110f8a96c1ec9a64237ade89d","sha256":"b69883a01dbfce065b7db535cb35e3e5d47cbdd175624a3563113e2b0c24a890"},"dob":{"date":"1986-02-23T09:23:28.475Z","age":38},"registered":{"date":"2018-05-10T14:20:12.750Z","age":5},"phone":"(099) C72-2195","cell":"(097) H81-9499","id":{"name":"","value":null},"picture":{"large":"https://randomuser.me/api/portraits/men/78.jpg","medium":"https://randomuser.me/api/portraits/med/men/78.jpg","thumbnail":"https://randomuser.me/api/portraits/thumb/men/78.jpg"},"nat":"UA"}],"info":{"seed":"91e51a1e6b160050","results":1,"page":1,"version":"1.4"}} 
 </msg>
<msg time="2024-04-17T23:15:22.213475" level="INFO">/opt/hostedtoolcache/Python/3.12.3/x64/lib/python3.12/site-packages/urllib3/connectionpool.py:1103: InsecureRequestWarning: Unverified HTTPS request is being made to host 'randomuser.me'. Adding certificate verification is strongly advised. See: https://urllib3.readthedocs.io/en/latest/advanced-usage.html#tls-warnings
  warnings.warn(</msg>
<msg time="2024-04-17T23:15:22.213612" level="INFO">${response} = &lt;Response [200]&gt;</msg>
<var>${response}</var>
<arg>consultarAPI</arg>
<arg>/api</arg>
<doc>Sends a GET request on a previously created HTTP Session.</doc>
<status status="PASS" start="2024-04-17T23:15:22.000825" elapsed="0.212829"/>
</kw>
<kw name="Should Be Equal As Numbers" owner="BuiltIn">
<msg time="2024-04-17T23:15:22.214790" level="INFO">Argument types are:
&lt;class 'int'&gt;
&lt;class 'str'&gt;</msg>
<arg>${response.status_code}</arg>
<arg>200</arg>
<doc>Fails if objects are unequal after converting them to real numbers.</doc>
<status status="PASS" start="2024-04-17T23:15:22.214294" elapsed="0.000561"/>
</kw>
<kw name="Log" owner="BuiltIn">
<msg time="2024-04-17T23:15:22.215577" level="INFO">200</msg>
<arg>${response.status_code}</arg>
<doc>Logs the given message with the given level.</doc>
<status status="PASS" start="2024-04-17T23:15:22.215213" elapsed="0.000406"/>
</kw>
<kw name="Set Variable" owner="BuiltIn">
<msg time="2024-04-17T23:15:22.216356" level="INFO">${json_data} = {'results': [{'gender': 'male', 'name': {'title': 'Mr', 'first': 'Denis', 'last': 'Atroshenko'}, 'location': {'street': {'number': 6335, 'name': 'Provulok Przhevalskogo'}, 'city': 'Oleksandriya', 'sta...</msg>
<var>${json_data}</var>
<arg>${response.json()}</arg>
<doc>Returns the given values which can then be assigned to a variables.</doc>
<status status="PASS" start="2024-04-17T23:15:22.215924" elapsed="0.000459"/>
</kw>
<kw name="Dictionary Should Contain Key" owner="Collections">
<msg time="2024-04-17T23:15:22.216849" level="INFO">False</msg>
<arg>${json_data}</arg>
<arg>results</arg>
<doc>Fails if ``key`` is not found from ``dictionary``.</doc>
<status status="PASS" start="2024-04-17T23:15:22.216680" elapsed="0.000208"/>
</kw>
<status status="PASS" start="2024-04-17T23:15:22.000453" elapsed="0.216693"/>
</kw>
<doc>Testa se a API responde corretamente e retorna um objeto JSON válido.</doc>
<tag>testeRequisicaoBasica</tag>
<status status="PASS" start="2024-04-17T23:15:21.999742" elapsed="0.217590"/>
</test>
<test id="s1-s1-t3" name="Validar estrutura de resposta" line="22">
<kw name="Teste de Estrutura de Resposta" owner="random-user-service">
<kw name="GET On Session" owner="RequestsLibrary">
<msg time="2024-04-17T23:15:22.313696" level="INFO">GET Request : url=https://randomuser.me/api 
 path_url=/api 
 headers={'User-Agent': 'python-requests/2.31.0', 'Accept-Encoding': 'gzip, deflate', 'Accept': '*/*', 'Connection': 'keep-alive'} 
 body=None 
 </msg>
<msg time="2024-04-17T23:15:22.313777" level="INFO">GET Response : url=https://randomuser.me/api 
 status=200, reason=OK 
 headers={'Date': 'Wed, 17 Apr 2024 23:15:22 GMT', 'Content-Type': 'application/json; charset=utf-8', 'Transfer-Encoding': 'chunked', 'Connection': 'keep-alive', 'X-Powered-By': 'Express', 'Access-Control-Allow-Origin': '*', 'Cache-Control': 'no-cache', 'ETag': 'W/"482-R3sLGnhw7fwoQ9s+1JzC3ixIxeo"', 'Vary': 'Accept-Encoding', 'Content-Encoding': 'gzip', 'CF-Cache-Status': 'DYNAMIC', 'Report-To': '{"endpoints":[{"url":"https:\\/\\/a.nel.cloudflare.com\\/report\\/v4?s=hP6oDxZ8yLzN%2Bf5Wku1DxRzOZntQeHs%2FgS1V7rEqjLr75W2uIWNV8%2BfA3zFaXnT4tDzSBO9SxUmvxZsN22WKgAeqOML%2Fu7t1sLEUqt64q69CTur9HOfdvVKX1QMOyZY2"}],"group":"cf-nel","max_age":604800}', 'NEL': '{"success_fraction":0,"report_to":"cf-nel","max_age":604800}', 'Server': 'cloudflare', 'CF-RAY': '87601ddfed747ae0-SJC', 'alt-svc': 'h3=":443"; ma=86400'} 
 body={"results":[{"gender":"female","name":{"title":"Ms","first":"Eva","last":"da Mota"},"location":{"street":{"number":5945,"name":"Rua São José "},"city":"Colatina","state":"Minas Gerais","country":"Brazil","postcode":85414,"coordinates":{"latitude":"-75.5617","longitude":"61.5467"},"timezone":{"offset":"-3:30","description":"Newfoundland"}},"email":"eva.damota@example.com","login":{"uuid":"54b59b37-d3ed-46b4-8a33-e6f7f00c2284","username":"brownwolf489","password":"choke","salt":"m3YxSraO","md5":"e41890cf2e62feab963a0742f0dc979a","sha1":"d9b66c0fce8f26e018081572899a8b96b2bf110a","sha256":"69ae7bf62c7b4c0e79a1c324995df8c215204c07fc7b91fb84c4f1125211fafe"},"dob":{"date":"1999-03-10T16:30:40.312Z","age":25},"registered":{"date":"2011-06-27T07:43:49.459Z","age":12},"phone":"(00) 7115-2708","cell":"(02) 0143-8060","id":{"name":"CPF","value":"154.248.394-27"},"picture":{"large":"https://randomuser.me/api/portraits/women/92.jpg","medium":"https://randomuser.me/api/portraits/med/women/92.jpg","thumbnail":"https://randomuser.me/api/portraits/thumb/women/92.jpg"},"nat":"BR"}],"info":{"seed":"4209b5b9b4be63df","results":1,"page":1,"version":"1.4"}} 
 </msg>
<msg time="2024-04-17T23:15:22.313897" level="INFO">/opt/hostedtoolcache/Python/3.12.3/x64/lib/python3.12/site-packages/urllib3/connectionpool.py:1103: InsecureRequestWarning: Unverified HTTPS request is being made to host 'randomuser.me'. Adding certificate verification is strongly advised. See: https://urllib3.readthedocs.io/en/latest/advanced-usage.html#tls-warnings
  warnings.warn(</msg>
<msg time="2024-04-17T23:15:22.314016" level="INFO">${response} = &lt;Response [200]&gt;</msg>
<var>${response}</var>
<arg>consultarAPI</arg>
<arg>/api</arg>
<doc>Sends a GET request on a previously created HTTP Session.</doc>
<status status="PASS" start="2024-04-17T23:15:22.220091" elapsed="0.093975"/>
</kw>
<kw name="Set Variable" owner="BuiltIn">
<msg time="2024-04-17T23:15:22.315327" level="INFO">${json_data} = {'results': [{'gender': 'female', 'name': {'title': 'Ms', 'first': 'Eva', 'last': 'da Mota'}, 'location': {'street': {'number': 5945, 'name': 'Rua São José '}, 'city': 'Colatina', 'state': 'Minas Gera...</msg>
<var>${json_data}</var>
<arg>${response.json()}</arg>
<doc>Returns the given values which can then be assigned to a variables.</doc>
<status status="PASS" start="2024-04-17T23:15:22.314684" elapsed="0.000673"/>
</kw>
<kw name="Log" owner="BuiltIn">
<msg time="2024-04-17T23:15:22.315827" level="INFO">{'results': [{'gender': 'female', 'name': {'title': 'Ms', 'first': 'Eva', 'last': 'da Mota'}, 'location': {'street': {'number': 5945, 'name': 'Rua São José '}, 'city': 'Colatina', 'state': 'Minas Gerais', 'country': 'Brazil', 'postcode': 85414, 'coordinates': {'latitude': '-75.5617', 'longitude': '61.5467'}, 'timezone': {'offset': '-3:30', 'description': 'Newfoundland'}}, 'email': 'eva.damota@example.com', 'login': {'uuid': '54b59b37-d3ed-46b4-8a33-e6f7f00c2284', 'username': 'brownwolf489', 'password': 'choke', 'salt': 'm3YxSraO', 'md5': 'e41890cf2e62feab963a0742f0dc979a', 'sha1': 'd9b66c0fce8f26e018081572899a8b96b2bf110a', 'sha256': '69ae7bf62c7b4c0e79a1c324995df8c215204c07fc7b91fb84c4f1125211fafe'}, 'dob': {'date': '1999-03-10T16:30:40.312Z', 'age': 25}, 'registered': {'date': '2011-06-27T07:43:49.459Z', 'age': 12}, 'phone': '(00) 7115-2708', 'cell': '(02) 0143-8060', 'id': {'name': 'CPF', 'value': '154.248.394-27'}, 'picture': {'large': 'https://randomuser.me/api/portraits/women/92.jpg', 'medium': 'https://randomuser.me/api/portraits/med/women/92.jpg', 'thumbnail': 'https://randomuser.me/api/portraits/thumb/women/92.jpg'}, 'nat': 'BR'}], 'info': {'seed': '4209b5b9b4be63df', 'results': 1, 'page': 1, 'version': '1.4'}}</msg>
<arg>${json_data}</arg>
<doc>Logs the given message with the given level.</doc>
<status status="PASS" start="2024-04-17T23:15:22.315668" elapsed="0.000210"/>
</kw>
<kw name="Dictionary Should Contain Key" owner="Collections">
<msg time="2024-04-17T23:15:22.316320" level="INFO">False</msg>
<arg>${json_data}</arg>
<arg>results</arg>
<doc>Fails if ``key`` is not found from ``dictionary``.</doc>
<status status="PASS" start="2024-04-17T23:15:22.316165" elapsed="0.000191"/>
</kw>
<kw name="Should Not Be Empty" owner="BuiltIn">
<msg time="2024-04-17T23:15:22.316775" level="INFO">Length is 2.</msg>
<arg>${json_data}</arg>
<doc>Verifies that the given item is not empty.</doc>
<status status="PASS" start="2024-04-17T23:15:22.316643" elapsed="0.000302"/>
</kw>
<kw name="Create List" owner="BuiltIn">
<msg time="2024-04-17T23:15:22.317383" level="INFO">${expected_keys} = ['gender', 'name', 'location', 'email', 'login']</msg>
<var>${expected_keys}</var>
<arg>gender</arg>
<arg>name</arg>
<arg>location</arg>
<arg>email</arg>
<arg>login</arg>
<doc>Returns a list containing given items.</doc>
<status status="PASS" start="2024-04-17T23:15:22.317237" elapsed="0.000170"/>
</kw>
<for flavor="IN">
<iter>
<kw name="Dictionary Should Contain Key" owner="Collections">
<msg time="2024-04-17T23:15:22.318400" level="INFO">False</msg>
<arg>${json_data['results'][0]}</arg>
<arg>${key}</arg>
<doc>Fails if ``key`` is not found from ``dictionary``.</doc>
<status status="PASS" start="2024-04-17T23:15:22.317969" elapsed="0.000470"/>
</kw>
<kw name="Log" owner="BuiltIn">
<msg time="2024-04-17T23:15:22.319112" level="INFO">{'gender': 'female', 'name': {'title': 'Ms', 'first': 'Eva', 'last': 'da Mota'}, 'location': {'street': {'number': 5945, 'name': 'Rua São José '}, 'city': 'Colatina', 'state': 'Minas Gerais', 'country': 'Brazil', 'postcode': 85414, 'coordinates': {'latitude': '-75.5617', 'longitude': '61.5467'}, 'timezone': {'offset': '-3:30', 'description': 'Newfoundland'}}, 'email': 'eva.damota@example.com', 'login': {'uuid': '54b59b37-d3ed-46b4-8a33-e6f7f00c2284', 'username': 'brownwolf489', 'password': 'choke', 'salt': 'm3YxSraO', 'md5': 'e41890cf2e62feab963a0742f0dc979a', 'sha1': 'd9b66c0fce8f26e018081572899a8b96b2bf110a', 'sha256': '69ae7bf62c7b4c0e79a1c324995df8c215204c07fc7b91fb84c4f1125211fafe'}, 'dob': {'date': '1999-03-10T16:30:40.312Z', 'age': 25}, 'registered': {'date': '2011-06-27T07:43:49.459Z', 'age': 12}, 'phone': '(00) 7115-2708', 'cell': '(02) 0143-8060', 'id': {'name': 'CPF', 'value': '154.248.394-27'}, 'picture': {'large': 'https://randomuser.me/api/portraits/women/92.jpg', 'medium': 'https://randomuser.me/api/portraits/med/women/92.jpg', 'thumbnail': 'https://randomuser.me/api/portraits/thumb/women/92.jpg'}, 'nat': 'BR'}</msg>
<arg>${json_data['results'][0]}</arg>
<doc>Logs the given message with the given level.</doc>
<status status="PASS" start="2024-04-17T23:15:22.318736" elapsed="0.000424"/>
</kw>
<kw name="Log" owner="BuiltIn">
<msg time="2024-04-17T23:15:22.319587" level="INFO">gender</msg>
<arg>${key}</arg>
<doc>Logs the given message with the given level.</doc>
<status status="PASS" start="2024-04-17T23:15:22.319461" elapsed="0.000161"/>
</kw>
<var name="${key}">gender</var>
<status status="PASS" start="2024-04-17T23:15:22.317846" elapsed="0.001992"/>
</iter>
<iter>
<kw name="Dictionary Should Contain Key" owner="Collections">
<msg time="2024-04-17T23:15:22.320511" level="INFO">False</msg>
<arg>${json_data['results'][0]}</arg>
<arg>${key}</arg>
<doc>Fails if ``key`` is not found from ``dictionary``.</doc>
<status status="PASS" start="2024-04-17T23:15:22.320135" elapsed="0.000412"/>
</kw>
<kw name="Log" owner="BuiltIn">
<msg time="2024-04-17T23:15:22.321235" level="INFO">{'gender': 'female', 'name': {'title': 'Ms', 'first': 'Eva', 'last': 'da Mota'}, 'location': {'street': {'number': 5945, 'name': 'Rua São José '}, 'city': 'Colatina', 'state': 'Minas Gerais', 'country': 'Brazil', 'postcode': 85414, 'coordinates': {'latitude': '-75.5617', 'longitude': '61.5467'}, 'timezone': {'offset': '-3:30', 'description': 'Newfoundland'}}, 'email': 'eva.damota@example.com', 'login': {'uuid': '54b59b37-d3ed-46b4-8a33-e6f7f00c2284', 'username': 'brownwolf489', 'password': 'choke', 'salt': 'm3YxSraO', 'md5': 'e41890cf2e62feab963a0742f0dc979a', 'sha1': 'd9b66c0fce8f26e018081572899a8b96b2bf110a', 'sha256': '69ae7bf62c7b4c0e79a1c324995df8c215204c07fc7b91fb84c4f1125211fafe'}, 'dob': {'date': '1999-03-10T16:30:40.312Z', 'age': 25}, 'registered': {'date': '2011-06-27T07:43:49.459Z', 'age': 12}, 'phone': '(00) 7115-2708', 'cell': '(02) 0143-8060', 'id': {'name': 'CPF', 'value': '154.248.394-27'}, 'picture': {'large': 'https://randomuser.me/api/portraits/women/92.jpg', 'medium': 'https://randomuser.me/api/portraits/med/women/92.jpg', 'thumbnail': 'https://randomuser.me/api/portraits/thumb/women/92.jpg'}, 'nat': 'BR'}</msg>
<arg>${json_data['results'][0]}</arg>
<doc>Logs the given message with the given level.</doc>
<status status="PASS" start="2024-04-17T23:15:22.320869" elapsed="0.000415"/>
</kw>
<kw name="Log" owner="BuiltIn">
<msg time="2024-04-17T23:15:22.321711" level="INFO">name</msg>
<arg>${key}</arg>
<doc>Logs the given message with the given level.</doc>
<status status="PASS" start="2024-04-17T23:15:22.321576" elapsed="0.000171"/>
</kw>
<var name="${key}">name</var>
<status status="PASS" start="2024-04-17T23:15:22.320018" elapsed="0.001940"/>
</iter>
<iter>
<kw name="Dictionary Should Contain Key" owner="Collections">
<msg time="2024-04-17T23:15:22.322680" level="INFO">False</msg>
<arg>${json_data['results'][0]}</arg>
<arg>${key}</arg>
<doc>Fails if ``key`` is not found from ``dictionary``.</doc>
<status status="PASS" start="2024-04-17T23:15:22.322285" elapsed="0.000431"/>
</kw>
<kw name="Log" owner="BuiltIn">
<msg time="2024-04-17T23:15:22.323381" level="INFO">{'gender': 'female', 'name': {'title': 'Ms', 'first': 'Eva', 'last': 'da Mota'}, 'location': {'street': {'number': 5945, 'name': 'Rua São José '}, 'city': 'Colatina', 'state': 'Minas Gerais', 'country': 'Brazil', 'postcode': 85414, 'coordinates': {'latitude': '-75.5617', 'longitude': '61.5467'}, 'timezone': {'offset': '-3:30', 'description': 'Newfoundland'}}, 'email': 'eva.damota@example.com', 'login': {'uuid': '54b59b37-d3ed-46b4-8a33-e6f7f00c2284', 'username': 'brownwolf489', 'password': 'choke', 'salt': 'm3YxSraO', 'md5': 'e41890cf2e62feab963a0742f0dc979a', 'sha1': 'd9b66c0fce8f26e018081572899a8b96b2bf110a', 'sha256': '69ae7bf62c7b4c0e79a1c324995df8c215204c07fc7b91fb84c4f1125211fafe'}, 'dob': {'date': '1999-03-10T16:30:40.312Z', 'age': 25}, 'registered': {'date': '2011-06-27T07:43:49.459Z', 'age': 12}, 'phone': '(00) 7115-2708', 'cell': '(02) 0143-8060', 'id': {'name': 'CPF', 'value': '154.248.394-27'}, 'picture': {'large': 'https://randomuser.me/api/portraits/women/92.jpg', 'medium': 'https://randomuser.me/api/portraits/med/women/92.jpg', 'thumbnail': 'https://randomuser.me/api/portraits/thumb/women/92.jpg'}, 'nat': 'BR'}</msg>
<arg>${json_data['results'][0]}</arg>
<doc>Logs the given message with the given level.</doc>
<status status="PASS" start="2024-04-17T23:15:22.323021" elapsed="0.000408"/>
</kw>
<kw name="Log" owner="BuiltIn">
<msg time="2024-04-17T23:15:22.323845" level="INFO">location</msg>
<arg>${key}</arg>
<doc>Logs the given message with the given level.</doc>
<status status="PASS" start="2024-04-17T23:15:22.323722" elapsed="0.000160"/>
</kw>
<var name="${key}">location</var>
<status status="PASS" start="2024-04-17T23:15:22.322162" elapsed="0.001935"/>
</iter>
<iter>
<kw name="Dictionary Should Contain Key" owner="Collections">
<msg time="2024-04-17T23:15:22.324762" level="INFO">False</msg>
<arg>${json_data['results'][0]}</arg>
<arg>${key}</arg>
<doc>Fails if ``key`` is not found from ``dictionary``.</doc>
<status status="PASS" start="2024-04-17T23:15:22.324378" elapsed="0.000421"/>
</kw>
<kw name="Log" owner="BuiltIn">
<msg time="2024-04-17T23:15:22.325462" level="INFO">{'gender': 'female', 'name': {'title': 'Ms', 'first': 'Eva', 'last': 'da Mota'}, 'location': {'street': {'number': 5945, 'name': 'Rua São José '}, 'city': 'Colatina', 'state': 'Minas Gerais', 'country': 'Brazil', 'postcode': 85414, 'coordinates': {'latitude': '-75.5617', 'longitude': '61.5467'}, 'timezone': {'offset': '-3:30', 'description': 'Newfoundland'}}, 'email': 'eva.damota@example.com', 'login': {'uuid': '54b59b37-d3ed-46b4-8a33-e6f7f00c2284', 'username': 'brownwolf489', 'password': 'choke', 'salt': 'm3YxSraO', 'md5': 'e41890cf2e62feab963a0742f0dc979a', 'sha1': 'd9b66c0fce8f26e018081572899a8b96b2bf110a', 'sha256': '69ae7bf62c7b4c0e79a1c324995df8c215204c07fc7b91fb84c4f1125211fafe'}, 'dob': {'date': '1999-03-10T16:30:40.312Z', 'age': 25}, 'registered': {'date': '2011-06-27T07:43:49.459Z', 'age': 12}, 'phone': '(00) 7115-2708', 'cell': '(02) 0143-8060', 'id': {'name': 'CPF', 'value': '154.248.394-27'}, 'picture': {'large': 'https://randomuser.me/api/portraits/women/92.jpg', 'medium': 'https://randomuser.me/api/portraits/med/women/92.jpg', 'thumbnail': 'https://randomuser.me/api/portraits/thumb/women/92.jpg'}, 'nat': 'BR'}</msg>
<arg>${json_data['results'][0]}</arg>
<doc>Logs the given message with the given level.</doc>
<status status="PASS" start="2024-04-17T23:15:22.325095" elapsed="0.000417"/>
</kw>
<kw name="Log" owner="BuiltIn">
<msg time="2024-04-17T23:15:22.325927" level="INFO">email</msg>
<arg>${key}</arg>
<doc>Logs the given message with the given level.</doc>
<status status="PASS" start="2024-04-17T23:15:22.325804" elapsed="0.000160"/>
</kw>
<var name="${key}">email</var>
<status status="PASS" start="2024-04-17T23:15:22.324268" elapsed="0.001938"/>
</iter>
<iter>
<kw name="Dictionary Should Contain Key" owner="Collections">
<msg time="2024-04-17T23:15:22.326885" level="INFO">False</msg>
<arg>${json_data['results'][0]}</arg>
<arg>${key}</arg>
<doc>Fails if ``key`` is not found from ``dictionary``.</doc>
<status status="PASS" start="2024-04-17T23:15:22.326501" elapsed="0.000422"/>
</kw>
<kw name="Log" owner="BuiltIn">
<msg time="2024-04-17T23:15:22.327611" level="INFO">{'gender': 'female', 'name': {'title': 'Ms', 'first': 'Eva', 'last': 'da Mota'}, 'location': {'street': {'number': 5945, 'name': 'Rua São José '}, 'city': 'Colatina', 'state': 'Minas Gerais', 'country': 'Brazil', 'postcode': 85414, 'coordinates': {'latitude': '-75.5617', 'longitude': '61.5467'}, 'timezone': {'offset': '-3:30', 'description': 'Newfoundland'}}, 'email': 'eva.damota@example.com', 'login': {'uuid': '54b59b37-d3ed-46b4-8a33-e6f7f00c2284', 'username': 'brownwolf489', 'password': 'choke', 'salt': 'm3YxSraO', 'md5': 'e41890cf2e62feab963a0742f0dc979a', 'sha1': 'd9b66c0fce8f26e018081572899a8b96b2bf110a', 'sha256': '69ae7bf62c7b4c0e79a1c324995df8c215204c07fc7b91fb84c4f1125211fafe'}, 'dob': {'date': '1999-03-10T16:30:40.312Z', 'age': 25}, 'registered': {'date': '2011-06-27T07:43:49.459Z', 'age': 12}, 'phone': '(00) 7115-2708', 'cell': '(02) 0143-8060', 'id': {'name': 'CPF', 'value': '154.248.394-27'}, 'picture': {'large': 'https://randomuser.me/api/portraits/women/92.jpg', 'medium': 'https://randomuser.me/api/portraits/med/women/92.jpg', 'thumbnail': 'https://randomuser.me/api/portraits/thumb/women/92.jpg'}, 'nat': 'BR'}</msg>
<arg>${json_data['results'][0]}</arg>
<doc>Logs the given message with the given level.</doc>
<status status="PASS" start="2024-04-17T23:15:22.327243" elapsed="0.000417"/>
</kw>
<kw name="Log" owner="BuiltIn">
<msg time="2024-04-17T23:15:22.328077" level="INFO">login</msg>
<arg>${key}</arg>
<doc>Logs the given message with the given level.</doc>
<status status="PASS" start="2024-04-17T23:15:22.327951" elapsed="0.000165"/>
</kw>
<var name="${key}">login</var>
<status status="PASS" start="2024-04-17T23:15:22.326389" elapsed="0.001961"/>
</iter>
<var>${key}</var>
<value>@{expected_keys}</value>
<status status="PASS" start="2024-04-17T23:15:22.317660" elapsed="0.010832"/>
</for>
<kw name="Create List" owner="BuiltIn">
<msg time="2024-04-17T23:15:22.328827" level="INFO">${expected_keysTwo} = ['username', 'password']</msg>
<var>${expected_keysTwo}</var>
<arg>username</arg>
<arg>password</arg>
<doc>Returns a list containing given items.</doc>
<status status="PASS" start="2024-04-17T23:15:22.328691" elapsed="0.000159"/>
</kw>
<for flavor="IN">
<iter>
<kw name="Dictionary Should Contain Key" owner="Collections">
<msg time="2024-04-17T23:15:22.329731" level="INFO">False</msg>
<arg>${json_data['results'][0]['login']}</arg>
<arg>${keyTwo}</arg>
<doc>Fails if ``key`` is not found from ``dictionary``.</doc>
<status status="PASS" start="2024-04-17T23:15:22.329342" elapsed="0.000426"/>
</kw>
<kw name="Dictionary Should Contain Key" owner="Collections">
<msg time="2024-04-17T23:15:22.330485" level="INFO">False</msg>
<arg>${json_data['results'][0]['login']}</arg>
<arg>${keyTwo}</arg>
<doc>Fails if ``key`` is not found from ``dictionary``.</doc>
<status status="PASS" start="2024-04-17T23:15:22.330063" elapsed="0.000460"/>
</kw>
<kw name="Log" owner="BuiltIn">
<msg time="2024-04-17T23:15:22.330938" level="INFO">username</msg>
<arg>${keyTwo}</arg>
<doc>Logs the given message with the given level.</doc>
<status status="PASS" start="2024-04-17T23:15:22.330812" elapsed="0.000168"/>
</kw>
<var name="${keyTwo}">username</var>
<status status="PASS" start="2024-04-17T23:15:22.329234" elapsed="0.001959"/>
</iter>
<iter>
<kw name="Dictionary Should Contain Key" owner="Collections">
<msg time="2024-04-17T23:15:22.331934" level="INFO">False</msg>
<arg>${json_data['results'][0]['login']}</arg>
<arg>${keyTwo}</arg>
<doc>Fails if ``key`` is not found from ``dictionary``.</doc>
<status status="PASS" start="2024-04-17T23:15:22.331471" elapsed="0.000507"/>
</kw>
<kw name="Dictionary Should Contain Key" owner="Collections">
<msg time="2024-04-17T23:15:22.332655" level="INFO">False</msg>
<arg>${json_data['results'][0]['login']}</arg>
<arg>${keyTwo}</arg>
<doc>Fails if ``key`` is not found from ``dictionary``.</doc>
<status status="PASS" start="2024-04-17T23:15:22.332277" elapsed="0.000415"/>
</kw>
<kw name="Log" owner="BuiltIn">
<msg time="2024-04-17T23:15:22.333121" level="INFO">password</msg>
<arg>${keyTwo}</arg>
<doc>Logs the given message with the given level.</doc>
<status status="PASS" start="2024-04-17T23:15:22.332996" elapsed="0.000162"/>
</kw>
<var name="${keyTwo}">password</var>
<status status="PASS" start="2024-04-17T23:15:22.331362" elapsed="0.002009"/>
</iter>
<var>${keyTwo}</var>
<value>@{expected_keysTwo}</value>
<status status="PASS" start="2024-04-17T23:15:22.329083" elapsed="0.004407"/>
</for>
<status status="PASS" start="2024-04-17T23:15:22.219847" elapsed="0.113779"/>
</kw>
<doc>Testa a estrutura da resposta da API.</doc>
<tag>testeEstruturaResposta</tag>
<status status="PASS" start="2024-04-17T23:15:22.219235" elapsed="0.114539"/>
</test>
<test id="s1-s1-t4" name="Validar tipos de dados" line="28">
<kw name="Teste de Tipos de Dados" owner="random-user-service">
<kw name="GET On Session" owner="RequestsLibrary">
<msg time="2024-04-17T23:15:22.426378" level="INFO">GET Request : url=https://randomuser.me/api 
 path_url=/api 
 headers={'User-Agent': 'python-requests/2.31.0', 'Accept-Encoding': 'gzip, deflate', 'Accept': '*/*', 'Connection': 'keep-alive'} 
 body=None 
 </msg>
<msg time="2024-04-17T23:15:22.426464" level="INFO">GET Response : url=https://randomuser.me/api 
 status=200, reason=OK 
 headers={'Date': 'Wed, 17 Apr 2024 23:15:22 GMT', 'Content-Type': 'application/json; charset=utf-8', 'Transfer-Encoding': 'chunked', 'Connection': 'keep-alive', 'X-Powered-By': 'Express', 'Access-Control-Allow-Origin': '*', 'Cache-Control': 'no-cache', 'ETag': 'W/"4a0-I0DKiY5GBAMSalVyKL40GPpOAbM"', 'Vary': 'Accept-Encoding', 'Content-Encoding': 'gzip', 'CF-Cache-Status': 'DYNAMIC', 'Report-To': '{"endpoints":[{"url":"https:\\/\\/a.nel.cloudflare.com\\/report\\/v4?s=xrlK%2F7pz3J0rRwlSZgj2Ro%2B5Obm1AC4PLzEtRjuR9x%2FAFdr7n4N3ej1FEDd1IAVnvlDtT%2FOhye4zYxb7B4N31481P3bIwdzXbczEN4XEiPJko1F4B633l2KuUqBdcBaX"}],"group":"cf-nel","max_age":604800}', 'NEL': '{"success_fraction":0,"report_to":"cf-nel","max_age":604800}', 'Server': 'cloudflare', 'CF-RAY': '87601de09e257ae0-SJC', 'alt-svc': 'h3=":443"; ma=86400'} 
 body={"results":[{"gender":"female","name":{"title":"Ms","first":"Silvia","last":"Carbajal"},"location":{"street":{"number":162,"name":"Boulevard Porras"},"city":"Tonalá","state":"Yucatan","country":"Mexico","postcode":93893,"coordinates":{"latitude":"22.7784","longitude":"67.6726"},"timezone":{"offset":"+5:30","description":"Bombay, Calcutta, Madras, New Delhi"}},"email":"silvia.carbajal@example.com","login":{"uuid":"e2cb02ef-eef1-42cb-bbad-17f062cef734","username":"ticklishbird514","password":"patton","salt":"48eiXS9U","md5":"e94269a0c7add20b5db0839626318301","sha1":"1cca271b50b2c4962cbfd94af4a814d591359dbe","sha256":"36b35640763b918e646f1b774c78f47c91015baf2e80755aea43595115be22d9"},"dob":{"date":"2001-05-28T10:28:55.091Z","age":22},"registered":{"date":"2002-11-17T15:14:43.449Z","age":21},"phone":"(617) 994 2272","cell":"(698) 487 7471","id":{"name":"NSS","value":"78 78 99 0681 1"},"picture":{"large":"https://randomuser.me/api/portraits/women/41.jpg","medium":"https://randomuser.me/api/portraits/med/women/41.jpg","thumbnail":"https://randomuser.me/api/portraits/thumb/women/41.jpg"},"nat":"MX"}],"info":{"seed":"cf2efe85b963ea05","results":1,"page":1,"version":"1.4"}} 
 </msg>
<msg time="2024-04-17T23:15:22.426529" level="INFO">/opt/hostedtoolcache/Python/3.12.3/x64/lib/python3.12/site-packages/urllib3/connectionpool.py:1103: InsecureRequestWarning: Unverified HTTPS request is being made to host 'randomuser.me'. Adding certificate verification is strongly advised. See: https://urllib3.readthedocs.io/en/latest/advanced-usage.html#tls-warnings
  warnings.warn(</msg>
<msg time="2024-04-17T23:15:22.426636" level="INFO">${response} = &lt;Response [200]&gt;</msg>
<var>${response}</var>
<arg>consultarAPI</arg>
<arg>/api</arg>
<doc>Sends a GET request on a previously created HTTP Session.</doc>
<status status="PASS" start="2024-04-17T23:15:22.336337" elapsed="0.090342"/>
</kw>
<kw name="Set Variable" owner="BuiltIn">
<msg time="2024-04-17T23:15:22.428019" level="INFO">${json_data} = {'results': [{'gender': 'female', 'name': {'title': 'Ms', 'first': 'Silvia', 'last': 'Carbajal'}, 'location': {'street': {'number': 162, 'name': 'Boulevard Porras'}, 'city': 'Tonalá', 'state': 'Yucata...</msg>
<var>${json_data}</var>
<arg>${response.json()}</arg>
<doc>Returns the given values which can then be assigned to a variables.</doc>
<status status="PASS" start="2024-04-17T23:15:22.427244" elapsed="0.000817"/>
</kw>
<kw name="Log" owner="BuiltIn">
<msg time="2024-04-17T23:15:22.428665" level="INFO">{'results': [{'gender': 'female', 'name': {'title': 'Ms', 'first': 'Silvia', 'last': 'Carbajal'}, 'location': {'street': {'number': 162, 'name': 'Boulevard Porras'}, 'city': 'Tonalá', 'state': 'Yucatan', 'country': 'Mexico', 'postcode': 93893, 'coordinates': {'latitude': '22.7784', 'longitude': '67.6726'}, 'timezone': {'offset': '+5:30', 'description': 'Bombay, Calcutta, Madras, New Delhi'}}, 'email': 'silvia.carbajal@example.com', 'login': {'uuid': 'e2cb02ef-eef1-42cb-bbad-17f062cef734', 'username': 'ticklishbird514', 'password': 'patton', 'salt': '48eiXS9U', 'md5': 'e94269a0c7add20b5db0839626318301', 'sha1': '1cca271b50b2c4962cbfd94af4a814d591359dbe', 'sha256': '36b35640763b918e646f1b774c78f47c91015baf2e80755aea43595115be22d9'}, 'dob': {'date': '2001-05-28T10:28:55.091Z', 'age': 22}, 'registered': {'date': '2002-11-17T15:14:43.449Z', 'age': 21}, 'phone': '(617) 994 2272', 'cell': '(698) 487 7471', 'id': {'name': 'NSS', 'value': '78 78 99 0681 1'}, 'picture': {'large': 'https://randomuser.me/api/portraits/women/41.jpg', 'medium': 'https://randomuser.me/api/portraits/med/women/41.jpg', 'thumbnail': 'https://randomuser.me/api/portraits/thumb/women/41.jpg'}, 'nat': 'MX'}], 'info': {'seed': 'cf2efe85b963ea05', 'results': 1, 'page': 1, 'version': '1.4'}}</msg>
<arg>${json_data}</arg>
<doc>Logs the given message with the given level.</doc>
<status status="PASS" start="2024-04-17T23:15:22.428496" elapsed="0.000257"/>
</kw>
<kw name="Should Be String" owner="String">
<arg>${json_data['results'][0]['gender']}</arg>
<doc>Fails if the given ``item`` is not a string.</doc>
<status status="PASS" start="2024-04-17T23:15:22.429061" elapsed="0.000372"/>
</kw>
<kw name="Should Match Regexp" owner="BuiltIn">
<arg>${json_data['results'][0]['email']}</arg>
<arg>^[a-zA-Z0-9._%+-]+@[a-zA-Z0-9.-]+\.[a-zA-Z]{2,}$</arg>
<doc>Fails if ``string`` does not match ``pattern`` as a regular expression.</doc>
<status status="PASS" start="2024-04-17T23:15:22.429626" elapsed="0.000548"/>
</kw>
<kw name="Should Match Regexp" owner="BuiltIn">
<arg>${json_data['results'][0]['dob']['date']}</arg>
<arg>\\d{4}-\\d{2}-\\d{2}T\\d{2}:\\d{2}:\\d{2}\\.\\d{3}Z</arg>
<doc>Fails if ``string`` does not match ``pattern`` as a regular expression.</doc>
<status status="PASS" start="2024-04-17T23:15:22.430377" elapsed="0.000490"/>
</kw>
<kw name="Should Match Regexp" owner="BuiltIn">
<arg>${json_data['results'][0]['registered']['date']}</arg>
<arg>\\d{4}-\\d{2}-\\d{2}T\\d{2}:\\d{2}:\\d{2}\\.\\d{3}Z</arg>
<doc>Fails if ``string`` does not match ``pattern`` as a regular expression.</doc>
<status status="PASS" start="2024-04-17T23:15:22.431059" elapsed="0.000379"/>
</kw>
<kw name="Should Match Regexp" owner="BuiltIn">
<arg>${json_data['results'][0]['picture']['large']}</arg>
<arg>^https?://.*\.(?:png|jpe?g|gif|bmp)$</arg>
<doc>Fails if ``string`` does not match ``pattern`` as a regular expression.</doc>
<status status="PASS" start="2024-04-17T23:15:22.431628" elapsed="0.000456"/>
</kw>
<kw name="Should Match Regexp" owner="BuiltIn">
<arg>${json_data['results'][0]['picture']['medium']}</arg>
<arg>^https?://.*\.(?:png|jpe?g|gif|bmp)$</arg>
<doc>Fails if ``string`` does not match ``pattern`` as a regular expression.</doc>
<status status="PASS" start="2024-04-17T23:15:22.432270" elapsed="0.000356"/>
</kw>
<kw name="Should Match Regexp" owner="BuiltIn">
<arg>${json_data['results'][0]['picture']['thumbnail']}</arg>
<arg>^https?://.*\.(?:png|jpe?g|gif|bmp)$</arg>
<doc>Fails if ``string`` does not match ``pattern`` as a regular expression.</doc>
<status status="PASS" start="2024-04-17T23:15:22.432814" elapsed="0.000354"/>
</kw>
<kw name="Log" owner="BuiltIn">
<msg time="2024-04-17T23:15:22.433679" level="INFO">{'large': 'https://randomuser.me/api/portraits/women/41.jpg', 'medium': 'https://randomuser.me/api/portraits/med/women/41.jpg', 'thumbnail': 'https://randomuser.me/api/portraits/thumb/women/41.jpg'}</msg>
<arg>${json_data['results'][0]['picture']}</arg>
<doc>Logs the given message with the given level.</doc>
<status status="PASS" start="2024-04-17T23:15:22.433358" elapsed="0.000363"/>
</kw>
<status status="PASS" start="2024-04-17T23:15:22.336115" elapsed="0.097862"/>
</kw>
<kw name="Teste de Tipos de Dados - Postcode" owner="random-user-service">
<kw name="GET On Session" owner="RequestsLibrary">
<msg time="2024-04-17T23:15:22.525622" level="INFO">GET Request : url=https://randomuser.me/api 
 path_url=/api 
 headers={'User-Agent': 'python-requests/2.31.0', 'Accept-Encoding': 'gzip, deflate', 'Accept': '*/*', 'Connection': 'keep-alive'} 
 body=None 
 </msg>
<msg time="2024-04-17T23:15:22.525686" level="INFO">GET Response : url=https://randomuser.me/api 
 status=200, reason=OK 
 headers={'Date': 'Wed, 17 Apr 2024 23:15:22 GMT', 'Content-Type': 'application/json; charset=utf-8', 'Transfer-Encoding': 'chunked', 'Connection': 'keep-alive', 'X-Powered-By': 'Express', 'Access-Control-Allow-Origin': '*', 'Cache-Control': 'no-cache', 'ETag': 'W/"4af-qE+rNZVIeLzUYX+ZnLulGeT96UA"', 'Vary': 'Accept-Encoding', 'Content-Encoding': 'gzip', 'CF-Cache-Status': 'DYNAMIC', 'Report-To': '{"endpoints":[{"url":"https:\\/\\/a.nel.cloudflare.com\\/report\\/v4?s=xn14c4Co6WkwnB0cRsHunr6zKehyGlgHAQfMogKnRBG05QioRllTN%2BbAIb7ybGh%2F%2BWrWXmqnAvLv3IUoR0fVjfZ0M1jE%2Bc6RnwAT2Cq%2B%2FO4%2BhJmeLO5Ph7fyZvaQ2lva"}],"group":"cf-nel","max_age":604800}', 'NEL': '{"success_fraction":0,"report_to":"cf-nel","max_age":604800}', 'Server': 'cloudflare', 'CF-RAY': '87601de13ea07ae0-SJC', 'alt-svc': 'h3=":443"; ma=86400'} 
 body={"results":[{"gender":"female","name":{"title":"Mrs","first":"Héloïse","last":"Guillaume"},"location":{"street":{"number":8081,"name":"Rue Bossuet"},"city":"Créteil","state":"Pas-de-Calais","country":"France","postcode":62074,"coordinates":{"latitude":"-15.2409","longitude":"88.3812"},"timezone":{"offset":"-5:00","description":"Eastern Time (US &amp; Canada), Bogota, Lima"}},"email":"heloise.guillaume@example.com","login":{"uuid":"6673c64c-9f94-4b5d-926a-b844b0f8671e","username":"redpeacock554","password":"goku","salt":"7LrQt2Ml","md5":"15a404336217dd9c65ecbec2ad26424f","sha1":"b751a7d337708475cd536b53b671c8f57ef199d4","sha256":"73c0a604c5ac4935114ba4c9e97b6200989a3b2a0568558effef3c67447c32c0"},"dob":{"date":"1961-09-04T10:13:48.380Z","age":62},"registered":{"date":"2008-02-08T06:25:02.279Z","age":16},"phone":"01-95-34-19-13","cell":"06-97-33-08-80","id":{"name":"INSEE","value":"2610801341374 85"},"picture":{"large":"https://randomuser.me/api/portraits/women/70.jpg","medium":"https://randomuser.me/api/portraits/med/women/70.jpg","thumbnail":"https://randomuser.me/api/portraits/thumb/women/70.jpg"},"nat":"FR"}],"info":{"seed":"33d496f281ec04a0","results":1,"page":1,"version":"1.4"}} 
 </msg>
<msg time="2024-04-17T23:15:22.525749" level="INFO">/opt/hostedtoolcache/Python/3.12.3/x64/lib/python3.12/site-packages/urllib3/connectionpool.py:1103: InsecureRequestWarning: Unverified HTTPS request is being made to host 'randomuser.me'. Adding certificate verification is strongly advised. See: https://urllib3.readthedocs.io/en/latest/advanced-usage.html#tls-warnings
  warnings.warn(</msg>
<msg time="2024-04-17T23:15:22.525837" level="INFO">${response} = &lt;Response [200]&gt;</msg>
<var>${response}</var>
<arg>consultarAPI</arg>
<arg>/api</arg>
<doc>Sends a GET request on a previously created HTTP Session.</doc>
<status status="PASS" start="2024-04-17T23:15:22.434492" elapsed="0.091377"/>
</kw>
<kw name="Set Variable" owner="BuiltIn">
<msg time="2024-04-17T23:15:22.526956" level="INFO">${json_data} = {'results': [{'gender': 'female', 'name': {'title': 'Mrs', 'first': 'Héloïse', 'last': 'Guillaume'}, 'location': {'street': {'number': 8081, 'name': 'Rue Bossuet'}, 'city': 'Créteil', 'state': 'Pas-de...</msg>
<var>${json_data}</var>
<arg>${response.json()}</arg>
<doc>Returns the given values which can then be assigned to a variables.</doc>
<status status="PASS" start="2024-04-17T23:15:22.526365" elapsed="0.000621"/>
</kw>
<kw name="Log" owner="BuiltIn">
<msg time="2024-04-17T23:15:22.527450" level="INFO">{'results': [{'gender': 'female', 'name': {'title': 'Mrs', 'first': 'Héloïse', 'last': 'Guillaume'}, 'location': {'street': {'number': 8081, 'name': 'Rue Bossuet'}, 'city': 'Créteil', 'state': 'Pas-de-Calais', 'country': 'France', 'postcode': 62074, 'coordinates': {'latitude': '-15.2409', 'longitude': '88.3812'}, 'timezone': {'offset': '-5:00', 'description': 'Eastern Time (US &amp; Canada), Bogota, Lima'}}, 'email': 'heloise.guillaume@example.com', 'login': {'uuid': '6673c64c-9f94-4b5d-926a-b844b0f8671e', 'username': 'redpeacock554', 'password': 'goku', 'salt': '7LrQt2Ml', 'md5': '15a404336217dd9c65ecbec2ad26424f', 'sha1': 'b751a7d337708475cd536b53b671c8f57ef199d4', 'sha256': '73c0a604c5ac4935114ba4c9e97b6200989a3b2a0568558effef3c67447c32c0'}, 'dob': {'date': '1961-09-04T10:13:48.380Z', 'age': 62}, 'registered': {'date': '2008-02-08T06:25:02.279Z', 'age': 16}, 'phone': '01-95-34-19-13', 'cell': '06-97-33-08-80', 'id': {'name': 'INSEE', 'value': '2610801341374 85'}, 'picture': {'large': 'https://randomuser.me/api/portraits/women/70.jpg', 'medium': 'https://randomuser.me/api/portraits/med/women/70.jpg', 'thumbnail': 'https://randomuser.me/api/portraits/thumb/women/70.jpg'}, 'nat': 'FR'}], 'info': {'seed': '33d496f281ec04a0', 'results': 1, 'page': 1, 'version': '1.4'}}</msg>
<arg>${json_data}</arg>
<doc>Logs the given message with the given level.</doc>
<status status="PASS" start="2024-04-17T23:15:22.527295" elapsed="0.000239"/>
</kw>
<kw name="Should Be Equal As Numbers" owner="BuiltIn">
<arg>${json_data['results'][0]['location']['postcode']}</arg>
<arg>${json_data['results'][0]['location']['postcode']}</arg>
<doc>Fails if objects are unequal after converting them to real numbers.</doc>
<status status="PASS" start="2024-04-17T23:15:22.527986" elapsed="0.000619"/>
</kw>
<kw name="Log" owner="BuiltIn">
<msg time="2024-04-17T23:15:22.529135" level="INFO">62074</msg>
<arg>${json_data['results'][0]['location']['postcode']}</arg>
<doc>Logs the given message with the given level.</doc>
<status status="PASS" start="2024-04-17T23:15:22.528797" elapsed="0.000378"/>
</kw>
<status status="PASS" start="2024-04-17T23:15:22.434248" elapsed="0.095179"/>
</kw>
<doc>Testa se os tipos de dados na resposta da API estão corretos.</doc>
<tag>testeTiposDados</tag>
<status status="PASS" start="2024-04-17T23:15:22.335578" elapsed="0.194015"/>
</test>
<test id="s1-s1-t5" name="Validar conteudo" line="35">
<kw name="Teste de Tipos de Conteudo" owner="random-user-service">
<kw name="GET On Session" owner="RequestsLibrary">
<msg time="2024-04-17T23:15:22.624083" level="INFO">GET Request : url=https://randomuser.me/api 
 path_url=/api 
 headers={'User-Agent': 'python-requests/2.31.0', 'Accept-Encoding': 'gzip, deflate', 'Accept': '*/*', 'Connection': 'keep-alive'} 
 body=None 
 </msg>
<msg time="2024-04-17T23:15:22.624160" level="INFO">GET Response : url=https://randomuser.me/api 
 status=200, reason=OK 
 headers={'Date': 'Wed, 17 Apr 2024 23:15:22 GMT', 'Content-Type': 'application/json; charset=utf-8', 'Transfer-Encoding': 'chunked', 'Connection': 'keep-alive', 'X-Powered-By': 'Express', 'Access-Control-Allow-Origin': '*', 'Cache-Control': 'no-cache', 'ETag': 'W/"48c-nUobwvB1QWanh7dKIo7rXhwxYp0"', 'Vary': 'Accept-Encoding', 'Content-Encoding': 'gzip', 'CF-Cache-Status': 'DYNAMIC', 'Report-To': '{"endpoints":[{"url":"https:\\/\\/a.nel.cloudflare.com\\/report\\/v4?s=mUsGNcc%2FyAqYjutx7Xw7K%2FD20PiDq5HeFvN9xpvD7BqRqqOkLn8Pi8EjFkI%2FbNbzQg9GYnaXg7K3noV4YXAgS4ztLVdAci50OSJSdJjMUcIIj2kjXZhYABn3GV6lDZE6"}],"group":"cf-nel","max_age":604800}', 'NEL': '{"success_fraction":0,"report_to":"cf-nel","max_age":604800}', 'Server': 'cloudflare', 'CF-RAY': '87601de1df377ae0-SJC', 'alt-svc': 'h3=":443"; ma=86400'} 
 body={"results":[{"gender":"male","name":{"title":"Mr","first":"Hugo","last":"Johnson"},"location":{"street":{"number":4240,"name":"Memorial Avenue"},"city":"Greymouth","state":"Gisborne","country":"New Zealand","postcode":96667,"coordinates":{"latitude":"52.1250","longitude":"-163.4986"},"timezone":{"offset":"-6:00","description":"Central Time (US &amp; Canada), Mexico City"}},"email":"hugo.johnson@example.com","login":{"uuid":"7536833f-a308-40f3-a421-27d8c0068895","username":"blackcat255","password":"dancing","salt":"PmaGb7pP","md5":"413294481d99ca5283f137931b5759be","sha1":"8d2b8fdcfd7d165c420b5f35e165ae380b81fc55","sha256":"2c49f74131ebc903ef5187ee752be526b192e83b6f82ddfe5634bfbbb5864a9d"},"dob":{"date":"1970-04-01T02:36:39.037Z","age":54},"registered":{"date":"2018-08-14T22:30:40.747Z","age":5},"phone":"(700)-355-5329","cell":"(953)-510-5209","id":{"name":"","value":null},"picture":{"large":"https://randomuser.me/api/portraits/men/53.jpg","medium":"https://randomuser.me/api/portraits/med/men/53.jpg","thumbnail":"https://randomuser.me/api/portraits/thumb/men/53.jpg"},"nat":"NZ"}],"info":{"seed":"ba8ee2fad158c2a3","results":1,"page":1,"version":"1.4"}} 
 </msg>
<msg time="2024-04-17T23:15:22.624232" level="INFO">/opt/hostedtoolcache/Python/3.12.3/x64/lib/python3.12/site-packages/urllib3/connectionpool.py:1103: InsecureRequestWarning: Unverified HTTPS request is being made to host 'randomuser.me'. Adding certificate verification is strongly advised. See: https://urllib3.readthedocs.io/en/latest/advanced-usage.html#tls-warnings
  warnings.warn(</msg>
<msg time="2024-04-17T23:15:22.624341" level="INFO">${response} = &lt;Response [200]&gt;</msg>
<var>${response}</var>
<arg>consultarAPI</arg>
<arg>/api</arg>
<doc>Sends a GET request on a previously created HTTP Session.</doc>
<status status="PASS" start="2024-04-17T23:15:22.532200" elapsed="0.092192"/>
</kw>
<kw name="Set Variable" owner="BuiltIn">
<msg time="2024-04-17T23:15:22.625463" level="INFO">${json_data} = {'results': [{'gender': 'male', 'name': {'title': 'Mr', 'first': 'Hugo', 'last': 'Johnson'}, 'location': {'street': {'number': 4240, 'name': 'Memorial Avenue'}, 'city': 'Greymouth', 'state': 'Gisborne...</msg>
<var>${json_data}</var>
<arg>${response.json()}</arg>
<doc>Returns the given values which can then be assigned to a variables.</doc>
<status status="PASS" start="2024-04-17T23:15:22.624908" elapsed="0.000584"/>
</kw>
<kw name="Set Variable" owner="BuiltIn">
<msg time="2024-04-17T23:15:22.626219" level="INFO">${name_title} = Mr</msg>
<var>${name_title}</var>
<arg>${json_data["results"][0]["name"]["title"]}</arg>
<doc>Returns the given values which can then be assigned to a variables.</doc>
<status status="PASS" start="2024-04-17T23:15:22.625799" elapsed="0.000451"/>
</kw>
<kw name="Create List" owner="BuiltIn">
<msg time="2024-04-17T23:15:22.626698" level="INFO">${allowed_titles} = ['Mr', 'Ms', 'Miss', 'Mrs', 'Madame', 'Monsieur']</msg>
<var>${allowed_titles}</var>
<arg>Mr</arg>
<arg>Ms</arg>
<arg>Miss</arg>
<arg>Mrs</arg>
<arg>Madame</arg>
<arg>Monsieur</arg>
<doc>Returns a list containing given items.</doc>
<status status="PASS" start="2024-04-17T23:15:22.626549" elapsed="0.000173"/>
</kw>
<kw name="List Should Contain Value" owner="Collections">
<msg time="2024-04-17T23:15:22.627216" level="INFO">False</msg>
<arg>${allowed_titles}</arg>
<arg>${name_title}</arg>
<doc>Fails if the ``value`` is not found from ``list``.</doc>
<status status="PASS" start="2024-04-17T23:15:22.627029" elapsed="0.000222"/>
</kw>
<kw name="Set Variable" owner="BuiltIn">
<msg time="2024-04-17T23:15:22.627910" level="INFO">${name_country} = NZ</msg>
<var>${name_country}</var>
<arg>${json_data["results"][0]["nat"]}</arg>
<doc>Returns the given values which can then be assigned to a variables.</doc>
<status status="PASS" start="2024-04-17T23:15:22.627535" elapsed="0.000400"/>
</kw>
<kw name="Create List" owner="BuiltIn">
<msg time="2024-04-17T23:15:22.628817" level="INFO">${list_country} = ['AD', 'AE', 'AF', 'AG', 'AI', 'AL', 'AM', 'AO', 'AQ', 'AR', 'AS', 'AT', 'AU', 'AW', 'AX', 'AZ', 'BA', 'BB', 'BD', 'BE', 'BF', 'BG', 'BH', 'BI', 'BJ', 'BL', 'BM', 'BN', 'BO', 'BQ', 'BR', 'BS', 'BT', '...</msg>
<var>${list_country}</var>
<arg>AD</arg>
<arg>AE</arg>
<arg>AF</arg>
<arg>AG</arg>
<arg>AI</arg>
<arg>AL</arg>
<arg>AM</arg>
<arg>AO</arg>
<arg>AQ</arg>
<arg>AR</arg>
<arg>AS</arg>
<arg>AT</arg>
<arg>AU</arg>
<arg>AW</arg>
<arg>AX</arg>
<arg>AZ</arg>
<arg>BA</arg>
<arg>BB</arg>
<arg>BD</arg>
<arg>BE</arg>
<arg>BF</arg>
<arg>BG</arg>
<arg>BH</arg>
<arg>BI</arg>
<arg>BJ</arg>
<arg>BL</arg>
<arg>BM</arg>
<arg>BN</arg>
<arg>BO</arg>
<arg>BQ</arg>
<arg>BR</arg>
<arg>BS</arg>
<arg>BT</arg>
<arg>BV</arg>
<arg>BW</arg>
<arg>BY</arg>
<arg>BZ</arg>
<arg>CA</arg>
<arg>CC</arg>
<arg>CD</arg>
<arg>CF</arg>
<arg>CG</arg>
<arg>CH</arg>
<arg>CI</arg>
<arg>CK</arg>
<arg>CL</arg>
<arg>CM</arg>
<arg>CN</arg>
<arg>CO</arg>
<arg>CR</arg>
<arg>CU</arg>
<arg>CV</arg>
<arg>CW</arg>
<arg>CX</arg>
<arg>CY</arg>
<arg>CZ</arg>
<arg>DE</arg>
<arg>DJ</arg>
<arg>DK</arg>
<arg>DM</arg>
<arg>DO</arg>
<arg>DZ</arg>
<arg>EC</arg>
<arg>EE</arg>
<arg>EG</arg>
<arg>EH</arg>
<arg>ER</arg>
<arg>ES</arg>
<arg>ET</arg>
<arg>FI</arg>
<arg>FJ</arg>
<arg>FK</arg>
<arg>FM</arg>
<arg>FO</arg>
<arg>FR</arg>
<arg>GA</arg>
<arg>GB</arg>
<arg>GD</arg>
<arg>GE</arg>
<arg>GF</arg>
<arg>GG</arg>
<arg>GH</arg>
<arg>GI</arg>
<arg>GL</arg>
<arg>GM</arg>
<arg>GN</arg>
<arg>GP</arg>
<arg>GQ</arg>
<arg>GR</arg>
<arg>GS</arg>
<arg>GT</arg>
<arg>GU</arg>
<arg>GW</arg>
<arg>GY</arg>
<arg>HK</arg>
<arg>HM</arg>
<arg>HN</arg>
<arg>HR</arg>
<arg>HT</arg>
<arg>HU</arg>
<arg>ID</arg>
<arg>IE</arg>
<arg>IL</arg>
<arg>IM</arg>
<arg>IN</arg>
<arg>IO</arg>
<arg>IQ</arg>
<arg>IR</arg>
<arg>IS</arg>
<arg>IT</arg>
<arg>JE</arg>
<arg>JM</arg>
<arg>JO</arg>
<arg>JP</arg>
<arg>KE</arg>
<arg>KG</arg>
<arg>KH</arg>
<arg>KI</arg>
<arg>KM</arg>
<arg>KN</arg>
<arg>KP</arg>
<arg>KR</arg>
<arg>KW</arg>
<arg>KY</arg>
<arg>KZ</arg>
<arg>LA</arg>
<arg>LB</arg>
<arg>LC</arg>
<arg>LI</arg>
<arg>LK</arg>
<arg>LR</arg>
<arg>LS</arg>
<arg>LT</arg>
<arg>LU</arg>
<arg>LV</arg>
<arg>LY</arg>
<arg>MA</arg>
<arg>MC</arg>
<arg>MD</arg>
<arg>ME</arg>
<arg>MF</arg>
<arg>MG</arg>
<arg>MH</arg>
<arg>MK</arg>
<arg>ML</arg>
<arg>MM</arg>
<arg>MN</arg>
<arg>MO</arg>
<arg>MP</arg>
<arg>MQ</arg>
<arg>MR</arg>
<arg>MS</arg>
<arg>MT</arg>
<arg>MU</arg>
<arg>MV</arg>
<arg>MW</arg>
<arg>MX</arg>
<arg>MY</arg>
<arg>MZ</arg>
<arg>NA</arg>
<arg>NC</arg>
<arg>NE</arg>
<arg>NF</arg>
<arg>NG</arg>
<arg>NI</arg>
<arg>NL</arg>
<arg>NO</arg>
<arg>NP</arg>
<arg>NR</arg>
<arg>NU</arg>
<arg>NZ</arg>
<arg>OM</arg>
<arg>PA</arg>
<arg>PE</arg>
<arg>PF</arg>
<arg>PG</arg>
<arg>PH</arg>
<arg>PK</arg>
<arg>PL</arg>
<arg>PM</arg>
<arg>PN</arg>
<arg>PR</arg>
<arg>PS</arg>
<arg>PT</arg>
<arg>PW</arg>
<arg>PY</arg>
<arg>QA</arg>
<arg>RE</arg>
<arg>RO</arg>
<arg>RS</arg>
<arg>RU</arg>
<arg>RW</arg>
<arg>SA</arg>
<arg>SB</arg>
<arg>SC</arg>
<arg>SD</arg>
<arg>SE</arg>
<arg>SG</arg>
<arg>SH</arg>
<arg>SI</arg>
<arg>SJ</arg>
<arg>SK</arg>
<arg>SL</arg>
<arg>SM</arg>
<arg>SN</arg>
<arg>SO</arg>
<arg>SR</arg>
<arg>SS</arg>
<arg>ST</arg>
<arg>SV</arg>
<arg>SX</arg>
<arg>SY</arg>
<arg>SZ</arg>
<arg>TC</arg>
<arg>TD</arg>
<arg>TF</arg>
<arg>TG</arg>
<arg>TH</arg>
<arg>TJ</arg>
<arg>TK</arg>
<arg>TL</arg>
<arg>TM</arg>
<arg>TN</arg>
<arg>TO</arg>
<arg>TR</arg>
<arg>TT</arg>
<arg>TV</arg>
<arg>TW</arg>
<arg>TZ</arg>
<arg>UA</arg>
<arg>UG</arg>
<arg>UM</arg>
<arg>US</arg>
<arg>UY</arg>
<arg>UZ</arg>
<arg>VA</arg>
<arg>VC</arg>
<arg>VE</arg>
<arg>VG</arg>
<arg>VI</arg>
<arg>VN</arg>
<arg>VU</arg>
<arg>WF</arg>
<arg>WS</arg>
<arg>XK</arg>
<arg>YE</arg>
<arg>YT</arg>
<arg>ZA</arg>
<arg>ZM</arg>
<arg>ZW</arg>
<doc>Returns a list containing given items.</doc>
<status status="PASS" start="2024-04-17T23:15:22.628231" elapsed="0.000612"/>
</kw>
<kw name="List Should Contain Value" owner="Collections">
<msg time="2024-04-17T23:15:22.629822" level="INFO">False</msg>
<arg>${list_country}</arg>
<arg>${name_country}</arg>
<doc>Fails if the ``value`` is not found from ``list``.</doc>
<status status="PASS" start="2024-04-17T23:15:22.629625" elapsed="0.000233"/>
</kw>
<kw name="Run Keyword If" owner="BuiltIn">
<kw name="Should Be True" owner="BuiltIn">
<arg>${True}</arg>
<doc>Fails if the given condition is not true.</doc>
<status status="PASS" start="2024-04-17T23:15:22.630963" elapsed="0.000242"/>
</kw>
<arg>${json_data["results"][0]["location"]["coordinates"]["latitude"]} &gt;= -90 and ${json_data["results"][0]["location"]["coordinates"]["latitude"]} &lt;= 90</arg>
<arg>Should Be True</arg>
<arg>${True}</arg>
<doc>Runs the given keyword with the given arguments, if ``condition`` is true.</doc>
<status status="PASS" start="2024-04-17T23:15:22.630194" elapsed="0.001142"/>
</kw>
<kw name="Run Keyword If" owner="BuiltIn">
<kw name="Should Be True" owner="BuiltIn">
<arg>${True}</arg>
<doc>Fails if the given condition is not true.</doc>
<status status="PASS" start="2024-04-17T23:15:22.632223" elapsed="0.000136"/>
</kw>
<arg>${json_data["results"][0]["location"]["coordinates"]["longitude"]} &gt;= -180 and ${json_data["results"][0]["location"]["coordinates"]["longitude"]} &lt;= 180</arg>
<arg>Should Be True</arg>
<arg>${True}</arg>
<doc>Runs the given keyword with the given arguments, if ``condition`` is true.</doc>
<status status="PASS" start="2024-04-17T23:15:22.631522" elapsed="0.000957"/>
</kw>
<status status="PASS" start="2024-04-17T23:15:22.531976" elapsed="0.100630"/>
</kw>
<doc>Testa o conteúdo específico dos campos retornados pela API.</doc>
<tag>testeConteudo</tag>
<status status="PASS" start="2024-04-17T23:15:22.531433" elapsed="0.101314"/>
</test>
<status status="PASS" start="2024-04-17T23:15:21.671726" elapsed="0.963007"/>
</suite>
<status status="PASS" start="2024-04-17T23:15:21.657894" elapsed="0.982023"/>
</suite>
<statistics>
<total>
<stat pass="5" fail="0" skip="0">All Tests</stat>
</total>
<tag>
<stat pass="1" fail="0" skip="0">testeConteudo</stat>
<stat pass="1" fail="0" skip="0">testeEstruturaResposta</stat>
<stat pass="1" fail="0" skip="0">testeRequisicaoBasica</stat>
<stat pass="1" fail="0" skip="0">testeTiposDados</stat>
</tag>
<suite>
<stat pass="5" fail="0" skip="0" id="s1" name="Tests">Tests</stat>
<stat pass="5" fail="0" skip="0" id="s1-s1" name="Random-User-Test">Tests.Random-User-Test</stat>
</suite>
</statistics>
<errors>
</errors>
</robot>
