<?xml version="1.0" encoding="UTF-8"?>
<robot generator="Robot 7.0.1 (Python 3.12.4 on linux)" generated="2024-08-03T17:13:25.294119" rpa="false" schemaversion="5">
<suite id="s1" name="Tests" source="/home/runner/work/ApiRandomUser/ApiRandomUser/RamdonUser/tests">
<suite id="s1-s1" name="Random-User-Test" source="/home/runner/work/ApiRandomUser/ApiRandomUser/RamdonUser/tests/random-user-test.robot">
<test id="s1-s1-t1" name="Conectar" line="13">
<kw name="Conectar API" owner="random-user-service">
<kw name="Create Session" owner="RequestsLibrary">
<msg time="2024-08-03T17:13:25.703285" level="INFO">Creating Session using : alias=consultarAPI, url=https://randomuser.me/, headers={},                     cookies={}, auth=None, timeout=None, proxies=None, verify=False,                     debug=0 </msg>
<arg>consultarAPI</arg>
<arg>${URL}</arg>
<doc>Create Session: create a HTTP session to a server</doc>
<status status="PASS" start="2024-08-03T17:13:25.703083" elapsed="0.000403"/>
</kw>
<status status="PASS" start="2024-08-03T17:13:25.702015" elapsed="0.001849"/>
</kw>
<status status="PASS" start="2024-08-03T17:13:25.701431" elapsed="0.002631"/>
</test>
<test id="s1-s1-t2" name="Validar retorno 200 e JSON Válido" line="16">
<kw name="Teste de Requisicao Basica" owner="random-user-service">
<kw name="GET On Session" owner="RequestsLibrary">
<msg time="2024-08-03T17:13:25.942728" level="INFO">GET Request : url=https://randomuser.me/api 
 path_url=/api 
 headers={'User-Agent': 'python-requests/2.32.3', 'Accept-Encoding': 'gzip, deflate', 'Accept': '*/*', 'Connection': 'keep-alive'} 
 body=None 
 </msg>
<msg time="2024-08-03T17:13:25.942883" level="INFO">GET Response : url=https://randomuser.me/api 
 status=200, reason=OK 
 headers={'Date': 'Sat, 03 Aug 2024 17:13:25 GMT', 'Content-Type': 'application/json; charset=utf-8', 'Transfer-Encoding': 'chunked', 'Connection': 'keep-alive', 'X-Powered-By': 'Express', 'Access-Control-Allow-Origin': '*', 'Cache-Control': 'no-cache', 'ETag': 'W/"4b7-cd6Lm5jxQiqX/135wpaFgMyHgdk"', 'Vary': 'Accept-Encoding', 'Content-Encoding': 'gzip', 'CF-Cache-Status': 'DYNAMIC', 'Report-To': '{"endpoints":[{"url":"https:\\/\\/a.nel.cloudflare.com\\/report\\/v4?s=hDC6VCqxe6jLKawamqQR9KRx3FDLV7sr9wmCujAah1e6cN2tYO9B1b3xmZe7pvD3WBe%2FNAOZ1UkolGJ9Ll4g8pUXr%2Bn%2FU8v2cVsyPXHtjvuI59HAqY%2BxPrle6Q2XgLCj"}],"group":"cf-nel","max_age":604800}', 'NEL': '{"success_fraction":0,"report_to":"cf-nel","max_age":604800}', 'Server': 'cloudflare', 'CF-RAY': '8ad7f030d80fc5b7-IAD', 'alt-svc': 'h3=":443"; ma=86400'} 
 body={"results":[{"gender":"female","name":{"title":"Mrs","first":"دینا","last":"احمدی"},"location":{"street":{"number":2243,"name":"شهید صابونچی"},"city":"بندرعباس","state":"کهگیلویه و بویراحمد","country":"Iran","postcode":91118,"coordinates":{"latitude":"21.2834","longitude":"11.5341"},"timezone":{"offset":"-6:00","description":"Central Time (US &amp; Canada), Mexico City"}},"email":"dyn.hmdy@example.com","login":{"uuid":"5073373e-e543-47ff-acc3-d1fbd0d979ad","username":"bluesnake202","password":"saleen","salt":"wqnE993V","md5":"f5d55728fbda3d9c73396699763726fd","sha1":"3845c3af9ed559d37a6d1917ee668f0fca883ba0","sha256":"ceefe96cee5f066c5587ad90c96441d114aabbda662c1b764c823b53f1ede78e"},"dob":{"date":"1998-08-27T09:52:37.601Z","age":25},"registered":{"date":"2017-01-10T11:35:16.263Z","age":7},"phone":"008-64568053","cell":"0961-232-3745","id":{"name":"","value":null},"picture":{"large":"https://randomuser.me/api/portraits/women/81.jpg","medium":"https://randomuser.me/api/portraits/med/women/81.jpg","thumbnail":"https://randomuser.me/api/portraits/thumb/women/81.jpg"},"nat":"IR"}],"info":{"seed":"3bb16c41ea136f09","results":1,"page":1,"version":"1.4"}} 
 </msg>
<msg time="2024-08-03T17:13:25.942969" level="INFO">/opt/hostedtoolcache/Python/3.12.4/x64/lib/python3.12/site-packages/urllib3/connectionpool.py:1099: InsecureRequestWarning: Unverified HTTPS request is being made to host 'randomuser.me'. Adding certificate verification is strongly advised. See: https://urllib3.readthedocs.io/en/latest/advanced-usage.html#tls-warnings
  warnings.warn(</msg>
<msg time="2024-08-03T17:13:25.943122" level="INFO">${response} = &lt;Response [200]&gt;</msg>
<var>${response}</var>
<arg>consultarAPI</arg>
<arg>/api</arg>
<doc>Sends a GET request on a previously created HTTP Session.</doc>
<status status="PASS" start="2024-08-03T17:13:25.706740" elapsed="0.236422"/>
</kw>
<kw name="Should Be Equal As Numbers" owner="BuiltIn">
<msg time="2024-08-03T17:13:25.944379" level="INFO">Argument types are:
&lt;class 'int'&gt;
&lt;class 'str'&gt;</msg>
<arg>${response.status_code}</arg>
<arg>200</arg>
<doc>Fails if objects are unequal after converting them to real numbers.</doc>
<status status="PASS" start="2024-08-03T17:13:25.943805" elapsed="0.000642"/>
</kw>
<kw name="Log" owner="BuiltIn">
<msg time="2024-08-03T17:13:25.945163" level="INFO">200</msg>
<arg>${response.status_code}</arg>
<doc>Logs the given message with the given level.</doc>
<status status="PASS" start="2024-08-03T17:13:25.944768" elapsed="0.000440"/>
</kw>
<kw name="Set Variable" owner="BuiltIn">
<msg time="2024-08-03T17:13:25.945984" level="INFO">${json_data} = {'results': [{'gender': 'female', 'name': {'title': 'Mrs', 'first': 'دینا', 'last': 'احمدی'}, 'location': {'street': {'number': 2243, 'name': 'شهید صابونچی'}, 'city': 'بندرعباس', 'state': 'کهگیلویه و ...</msg>
<var>${json_data}</var>
<arg>${response.json()}</arg>
<doc>Returns the given values which can then be assigned to a variables.</doc>
<status status="PASS" start="2024-08-03T17:13:25.945524" elapsed="0.000491"/>
</kw>
<kw name="Dictionary Should Contain Key" owner="Collections">
<arg>${json_data}</arg>
<arg>results</arg>
<doc>Fails if ``key`` is not found from ``dictionary``.</doc>
<status status="PASS" start="2024-08-03T17:13:25.946320" elapsed="0.000324"/>
</kw>
<status status="PASS" start="2024-08-03T17:13:25.706486" elapsed="0.240314"/>
</kw>
<doc>Testa se a API responde corretamente e retorna um objeto JSON válido.</doc>
<tag>testeRequisicaoBasica</tag>
<status status="PASS" start="2024-08-03T17:13:25.706021" elapsed="0.240955"/>
</test>
<test id="s1-s1-t3" name="Validar estrutura de resposta" line="22">
<kw name="Teste de Estrutura de Resposta" owner="random-user-service">
<kw name="GET On Session" owner="RequestsLibrary">
<msg time="2024-08-03T17:13:26.024457" level="INFO">GET Request : url=https://randomuser.me/api 
 path_url=/api 
 headers={'User-Agent': 'python-requests/2.32.3', 'Accept-Encoding': 'gzip, deflate', 'Accept': '*/*', 'Connection': 'keep-alive'} 
 body=None 
 </msg>
<msg time="2024-08-03T17:13:26.024566" level="INFO">GET Response : url=https://randomuser.me/api 
 status=200, reason=OK 
 headers={'Date': 'Sat, 03 Aug 2024 17:13:26 GMT', 'Content-Type': 'application/json; charset=utf-8', 'Transfer-Encoding': 'chunked', 'Connection': 'keep-alive', 'X-Powered-By': 'Express', 'Access-Control-Allow-Origin': '*', 'Cache-Control': 'no-cache', 'ETag': 'W/"4a3-lqeiJobJJmHLKjiLUm5YPLLCY14"', 'Vary': 'Accept-Encoding', 'Content-Encoding': 'gzip', 'CF-Cache-Status': 'DYNAMIC', 'Report-To': '{"endpoints":[{"url":"https:\\/\\/a.nel.cloudflare.com\\/report\\/v4?s=Dtblr%2FlGDM%2F%2BUatGLaMBOq4Z2%2FOtZlX4myxgq0353ExDaLBdH5bsLnQ2Trd%2BDKNPRQtYD2xT83YCQQZCLKbPd4cKAX0b0L73B7InbNTE2KUzmEFo1tCGdV9s5bQXeaKC"}],"group":"cf-nel","max_age":604800}', 'NEL': '{"success_fraction":0,"report_to":"cf-nel","max_age":604800}', 'Server': 'cloudflare', 'CF-RAY': '8ad7f0313890c5b7-IAD', 'alt-svc': 'h3=":443"; ma=86400'} 
 body={"results":[{"gender":"female","name":{"title":"Ms","first":"Juanita","last":"Rodriquez"},"location":{"street":{"number":6528,"name":"Homestead Rd"},"city":"Sunshine Coast","state":"New South Wales","country":"Australia","postcode":3349,"coordinates":{"latitude":"-86.3213","longitude":"3.9885"},"timezone":{"offset":"-3:00","description":"Brazil, Buenos Aires, Georgetown"}},"email":"juanita.rodriquez@example.com","login":{"uuid":"7cb5a6c2-82ad-43f3-8f07-7102d243e84d","username":"heavyladybug177","password":"1129","salt":"jQZp9pb0","md5":"0e25a7fa8d1204a3a999adba0e1bf1e5","sha1":"dd360cbeccb73271f61c867c00325caaeb4e59bb","sha256":"ec631b8a165415deeef0ac3e2d60d6f667c0b748a1e25b9aecf8eed136c84968"},"dob":{"date":"1945-11-11T17:40:21.429Z","age":78},"registered":{"date":"2005-09-26T20:42:45.118Z","age":18},"phone":"01-2295-2823","cell":"0478-332-991","id":{"name":"TFN","value":"075758374"},"picture":{"large":"https://randomuser.me/api/portraits/women/78.jpg","medium":"https://randomuser.me/api/portraits/med/women/78.jpg","thumbnail":"https://randomuser.me/api/portraits/thumb/women/78.jpg"},"nat":"AU"}],"info":{"seed":"34492f718b7e9d8f","results":1,"page":1,"version":"1.4"}} 
 </msg>
<msg time="2024-08-03T17:13:26.024709" level="INFO">/opt/hostedtoolcache/Python/3.12.4/x64/lib/python3.12/site-packages/urllib3/connectionpool.py:1099: InsecureRequestWarning: Unverified HTTPS request is being made to host 'randomuser.me'. Adding certificate verification is strongly advised. See: https://urllib3.readthedocs.io/en/latest/advanced-usage.html#tls-warnings
  warnings.warn(</msg>
<msg time="2024-08-03T17:13:26.024860" level="INFO">${response} = &lt;Response [200]&gt;</msg>
<var>${response}</var>
<arg>consultarAPI</arg>
<arg>/api</arg>
<doc>Sends a GET request on a previously created HTTP Session.</doc>
<status status="PASS" start="2024-08-03T17:13:25.949601" elapsed="0.075304"/>
</kw>
<kw name="Set Variable" owner="BuiltIn">
<msg time="2024-08-03T17:13:26.026135" level="INFO">${json_data} = {'results': [{'gender': 'female', 'name': {'title': 'Ms', 'first': 'Juanita', 'last': 'Rodriquez'}, 'location': {'street': {'number': 6528, 'name': 'Homestead Rd'}, 'city': 'Sunshine Coast', 'state': ...</msg>
<var>${json_data}</var>
<arg>${response.json()}</arg>
<doc>Returns the given values which can then be assigned to a variables.</doc>
<status status="PASS" start="2024-08-03T17:13:26.025533" elapsed="0.000631"/>
</kw>
<kw name="Log" owner="BuiltIn">
<msg time="2024-08-03T17:13:26.026639" level="INFO">{'results': [{'gender': 'female', 'name': {'title': 'Ms', 'first': 'Juanita', 'last': 'Rodriquez'}, 'location': {'street': {'number': 6528, 'name': 'Homestead Rd'}, 'city': 'Sunshine Coast', 'state': 'New South Wales', 'country': 'Australia', 'postcode': 3349, 'coordinates': {'latitude': '-86.3213', 'longitude': '3.9885'}, 'timezone': {'offset': '-3:00', 'description': 'Brazil, Buenos Aires, Georgetown'}}, 'email': 'juanita.rodriquez@example.com', 'login': {'uuid': '7cb5a6c2-82ad-43f3-8f07-7102d243e84d', 'username': 'heavyladybug177', 'password': '1129', 'salt': 'jQZp9pb0', 'md5': '0e25a7fa8d1204a3a999adba0e1bf1e5', 'sha1': 'dd360cbeccb73271f61c867c00325caaeb4e59bb', 'sha256': 'ec631b8a165415deeef0ac3e2d60d6f667c0b748a1e25b9aecf8eed136c84968'}, 'dob': {'date': '1945-11-11T17:40:21.429Z', 'age': 78}, 'registered': {'date': '2005-09-26T20:42:45.118Z', 'age': 18}, 'phone': '01-2295-2823', 'cell': '0478-332-991', 'id': {'name': 'TFN', 'value': '075758374'}, 'picture': {'large': 'https://randomuser.me/api/portraits/women/78.jpg', 'medium': 'https://randomuser.me/api/portraits/med/women/78.jpg', 'thumbnail': 'https://randomuser.me/api/portraits/thumb/women/78.jpg'}, 'nat': 'AU'}], 'info': {'seed': '34492f718b7e9d8f', 'results': 1, 'page': 1, 'version': '1.4'}}</msg>
<arg>${json_data}</arg>
<doc>Logs the given message with the given level.</doc>
<status status="PASS" start="2024-08-03T17:13:26.026478" elapsed="0.000209"/>
</kw>
<kw name="Dictionary Should Contain Key" owner="Collections">
<arg>${json_data}</arg>
<arg>results</arg>
<doc>Fails if ``key`` is not found from ``dictionary``.</doc>
<status status="PASS" start="2024-08-03T17:13:26.026980" elapsed="0.000167"/>
</kw>
<kw name="Should Not Be Empty" owner="BuiltIn">
<msg time="2024-08-03T17:13:26.027463" level="INFO">Length is 2.</msg>
<arg>${json_data}</arg>
<doc>Verifies that the given item is not empty.</doc>
<status status="PASS" start="2024-08-03T17:13:26.027336" elapsed="0.000165"/>
</kw>
<kw name="Create List" owner="BuiltIn">
<msg time="2024-08-03T17:13:26.027941" level="INFO">${expected_keys} = ['gender', 'name', 'location', 'email', 'login']</msg>
<var>${expected_keys}</var>
<arg>gender</arg>
<arg>name</arg>
<arg>location</arg>
<arg>email</arg>
<arg>login</arg>
<doc>Returns a list containing given items.</doc>
<status status="PASS" start="2024-08-03T17:13:26.027792" elapsed="0.000173"/>
</kw>
<for flavor="IN">
<iter>
<kw name="Dictionary Should Contain Key" owner="Collections">
<arg>${json_data['results'][0]}</arg>
<arg>${key}</arg>
<doc>Fails if ``key`` is not found from ``dictionary``.</doc>
<status status="PASS" start="2024-08-03T17:13:26.028546" elapsed="0.000412"/>
</kw>
<kw name="Log" owner="BuiltIn">
<msg time="2024-08-03T17:13:26.029556" level="INFO">{'gender': 'female', 'name': {'title': 'Ms', 'first': 'Juanita', 'last': 'Rodriquez'}, 'location': {'street': {'number': 6528, 'name': 'Homestead Rd'}, 'city': 'Sunshine Coast', 'state': 'New South Wales', 'country': 'Australia', 'postcode': 3349, 'coordinates': {'latitude': '-86.3213', 'longitude': '3.9885'}, 'timezone': {'offset': '-3:00', 'description': 'Brazil, Buenos Aires, Georgetown'}}, 'email': 'juanita.rodriquez@example.com', 'login': {'uuid': '7cb5a6c2-82ad-43f3-8f07-7102d243e84d', 'username': 'heavyladybug177', 'password': '1129', 'salt': 'jQZp9pb0', 'md5': '0e25a7fa8d1204a3a999adba0e1bf1e5', 'sha1': 'dd360cbeccb73271f61c867c00325caaeb4e59bb', 'sha256': 'ec631b8a165415deeef0ac3e2d60d6f667c0b748a1e25b9aecf8eed136c84968'}, 'dob': {'date': '1945-11-11T17:40:21.429Z', 'age': 78}, 'registered': {'date': '2005-09-26T20:42:45.118Z', 'age': 18}, 'phone': '01-2295-2823', 'cell': '0478-332-991', 'id': {'name': 'TFN', 'value': '075758374'}, 'picture': {'large': 'https://randomuser.me/api/portraits/women/78.jpg', 'medium': 'https://randomuser.me/api/portraits/med/women/78.jpg', 'thumbnail': 'https://randomuser.me/api/portraits/thumb/women/78.jpg'}, 'nat': 'AU'}</msg>
<arg>${json_data['results'][0]}</arg>
<doc>Logs the given message with the given level.</doc>
<status status="PASS" start="2024-08-03T17:13:26.029191" elapsed="0.000414"/>
</kw>
<kw name="Log" owner="BuiltIn">
<msg time="2024-08-03T17:13:26.030037" level="INFO">gender</msg>
<arg>${key}</arg>
<doc>Logs the given message with the given level.</doc>
<status status="PASS" start="2024-08-03T17:13:26.029907" elapsed="0.000170"/>
</kw>
<var name="${key}">gender</var>
<status status="PASS" start="2024-08-03T17:13:26.028422" elapsed="0.001873"/>
</iter>
<iter>
<kw name="Dictionary Should Contain Key" owner="Collections">
<arg>${json_data['results'][0]}</arg>
<arg>${key}</arg>
<doc>Fails if ``key`` is not found from ``dictionary``.</doc>
<status status="PASS" start="2024-08-03T17:13:26.030606" elapsed="0.000405"/>
</kw>
<kw name="Log" owner="BuiltIn">
<msg time="2024-08-03T17:13:26.031590" level="INFO">{'gender': 'female', 'name': {'title': 'Ms', 'first': 'Juanita', 'last': 'Rodriquez'}, 'location': {'street': {'number': 6528, 'name': 'Homestead Rd'}, 'city': 'Sunshine Coast', 'state': 'New South Wales', 'country': 'Australia', 'postcode': 3349, 'coordinates': {'latitude': '-86.3213', 'longitude': '3.9885'}, 'timezone': {'offset': '-3:00', 'description': 'Brazil, Buenos Aires, Georgetown'}}, 'email': 'juanita.rodriquez@example.com', 'login': {'uuid': '7cb5a6c2-82ad-43f3-8f07-7102d243e84d', 'username': 'heavyladybug177', 'password': '1129', 'salt': 'jQZp9pb0', 'md5': '0e25a7fa8d1204a3a999adba0e1bf1e5', 'sha1': 'dd360cbeccb73271f61c867c00325caaeb4e59bb', 'sha256': 'ec631b8a165415deeef0ac3e2d60d6f667c0b748a1e25b9aecf8eed136c84968'}, 'dob': {'date': '1945-11-11T17:40:21.429Z', 'age': 78}, 'registered': {'date': '2005-09-26T20:42:45.118Z', 'age': 18}, 'phone': '01-2295-2823', 'cell': '0478-332-991', 'id': {'name': 'TFN', 'value': '075758374'}, 'picture': {'large': 'https://randomuser.me/api/portraits/women/78.jpg', 'medium': 'https://randomuser.me/api/portraits/med/women/78.jpg', 'thumbnail': 'https://randomuser.me/api/portraits/thumb/women/78.jpg'}, 'nat': 'AU'}</msg>
<arg>${json_data['results'][0]}</arg>
<doc>Logs the given message with the given level.</doc>
<status status="PASS" start="2024-08-03T17:13:26.031194" elapsed="0.000446"/>
</kw>
<kw name="Log" owner="BuiltIn">
<msg time="2024-08-03T17:13:26.032095" level="INFO">name</msg>
<arg>${key}</arg>
<doc>Logs the given message with the given level.</doc>
<status status="PASS" start="2024-08-03T17:13:26.031948" elapsed="0.000185"/>
</kw>
<var name="${key}">name</var>
<status status="PASS" start="2024-08-03T17:13:26.030489" elapsed="0.001859"/>
</iter>
<iter>
<kw name="Dictionary Should Contain Key" owner="Collections">
<arg>${json_data['results'][0]}</arg>
<arg>${key}</arg>
<doc>Fails if ``key`` is not found from ``dictionary``.</doc>
<status status="PASS" start="2024-08-03T17:13:26.032631" elapsed="0.000386"/>
</kw>
<kw name="Log" owner="BuiltIn">
<msg time="2024-08-03T17:13:26.033602" level="INFO">{'gender': 'female', 'name': {'title': 'Ms', 'first': 'Juanita', 'last': 'Rodriquez'}, 'location': {'street': {'number': 6528, 'name': 'Homestead Rd'}, 'city': 'Sunshine Coast', 'state': 'New South Wales', 'country': 'Australia', 'postcode': 3349, 'coordinates': {'latitude': '-86.3213', 'longitude': '3.9885'}, 'timezone': {'offset': '-3:00', 'description': 'Brazil, Buenos Aires, Georgetown'}}, 'email': 'juanita.rodriquez@example.com', 'login': {'uuid': '7cb5a6c2-82ad-43f3-8f07-7102d243e84d', 'username': 'heavyladybug177', 'password': '1129', 'salt': 'jQZp9pb0', 'md5': '0e25a7fa8d1204a3a999adba0e1bf1e5', 'sha1': 'dd360cbeccb73271f61c867c00325caaeb4e59bb', 'sha256': 'ec631b8a165415deeef0ac3e2d60d6f667c0b748a1e25b9aecf8eed136c84968'}, 'dob': {'date': '1945-11-11T17:40:21.429Z', 'age': 78}, 'registered': {'date': '2005-09-26T20:42:45.118Z', 'age': 18}, 'phone': '01-2295-2823', 'cell': '0478-332-991', 'id': {'name': 'TFN', 'value': '075758374'}, 'picture': {'large': 'https://randomuser.me/api/portraits/women/78.jpg', 'medium': 'https://randomuser.me/api/portraits/med/women/78.jpg', 'thumbnail': 'https://randomuser.me/api/portraits/thumb/women/78.jpg'}, 'nat': 'AU'}</msg>
<arg>${json_data['results'][0]}</arg>
<doc>Logs the given message with the given level.</doc>
<status status="PASS" start="2024-08-03T17:13:26.033249" elapsed="0.000402"/>
</kw>
<kw name="Log" owner="BuiltIn">
<msg time="2024-08-03T17:13:26.034085" level="INFO">location</msg>
<arg>${key}</arg>
<doc>Logs the given message with the given level.</doc>
<status status="PASS" start="2024-08-03T17:13:26.033955" elapsed="0.000168"/>
</kw>
<var name="${key}">location</var>
<status status="PASS" start="2024-08-03T17:13:26.032523" elapsed="0.001826"/>
</iter>
<iter>
<kw name="Dictionary Should Contain Key" owner="Collections">
<arg>${json_data['results'][0]}</arg>
<arg>${key}</arg>
<doc>Fails if ``key`` is not found from ``dictionary``.</doc>
<status status="PASS" start="2024-08-03T17:13:26.034629" elapsed="0.000388"/>
</kw>
<kw name="Log" owner="BuiltIn">
<msg time="2024-08-03T17:13:26.035673" level="INFO">{'gender': 'female', 'name': {'title': 'Ms', 'first': 'Juanita', 'last': 'Rodriquez'}, 'location': {'street': {'number': 6528, 'name': 'Homestead Rd'}, 'city': 'Sunshine Coast', 'state': 'New South Wales', 'country': 'Australia', 'postcode': 3349, 'coordinates': {'latitude': '-86.3213', 'longitude': '3.9885'}, 'timezone': {'offset': '-3:00', 'description': 'Brazil, Buenos Aires, Georgetown'}}, 'email': 'juanita.rodriquez@example.com', 'login': {'uuid': '7cb5a6c2-82ad-43f3-8f07-7102d243e84d', 'username': 'heavyladybug177', 'password': '1129', 'salt': 'jQZp9pb0', 'md5': '0e25a7fa8d1204a3a999adba0e1bf1e5', 'sha1': 'dd360cbeccb73271f61c867c00325caaeb4e59bb', 'sha256': 'ec631b8a165415deeef0ac3e2d60d6f667c0b748a1e25b9aecf8eed136c84968'}, 'dob': {'date': '1945-11-11T17:40:21.429Z', 'age': 78}, 'registered': {'date': '2005-09-26T20:42:45.118Z', 'age': 18}, 'phone': '01-2295-2823', 'cell': '0478-332-991', 'id': {'name': 'TFN', 'value': '075758374'}, 'picture': {'large': 'https://randomuser.me/api/portraits/women/78.jpg', 'medium': 'https://randomuser.me/api/portraits/med/women/78.jpg', 'thumbnail': 'https://randomuser.me/api/portraits/thumb/women/78.jpg'}, 'nat': 'AU'}</msg>
<arg>${json_data['results'][0]}</arg>
<doc>Logs the given message with the given level.</doc>
<status status="PASS" start="2024-08-03T17:13:26.035317" elapsed="0.000414"/>
</kw>
<kw name="Log" owner="BuiltIn">
<msg time="2024-08-03T17:13:26.036158" level="INFO">email</msg>
<arg>${key}</arg>
<doc>Logs the given message with the given level.</doc>
<status status="PASS" start="2024-08-03T17:13:26.036028" elapsed="0.000169"/>
</kw>
<var name="${key}">email</var>
<status status="PASS" start="2024-08-03T17:13:26.034520" elapsed="0.001894"/>
</iter>
<iter>
<kw name="Dictionary Should Contain Key" owner="Collections">
<arg>${json_data['results'][0]}</arg>
<arg>${key}</arg>
<doc>Fails if ``key`` is not found from ``dictionary``.</doc>
<status status="PASS" start="2024-08-03T17:13:26.036696" elapsed="0.000415"/>
</kw>
<kw name="Log" owner="BuiltIn">
<msg time="2024-08-03T17:13:26.037658" level="INFO">{'gender': 'female', 'name': {'title': 'Ms', 'first': 'Juanita', 'last': 'Rodriquez'}, 'location': {'street': {'number': 6528, 'name': 'Homestead Rd'}, 'city': 'Sunshine Coast', 'state': 'New South Wales', 'country': 'Australia', 'postcode': 3349, 'coordinates': {'latitude': '-86.3213', 'longitude': '3.9885'}, 'timezone': {'offset': '-3:00', 'description': 'Brazil, Buenos Aires, Georgetown'}}, 'email': 'juanita.rodriquez@example.com', 'login': {'uuid': '7cb5a6c2-82ad-43f3-8f07-7102d243e84d', 'username': 'heavyladybug177', 'password': '1129', 'salt': 'jQZp9pb0', 'md5': '0e25a7fa8d1204a3a999adba0e1bf1e5', 'sha1': 'dd360cbeccb73271f61c867c00325caaeb4e59bb', 'sha256': 'ec631b8a165415deeef0ac3e2d60d6f667c0b748a1e25b9aecf8eed136c84968'}, 'dob': {'date': '1945-11-11T17:40:21.429Z', 'age': 78}, 'registered': {'date': '2005-09-26T20:42:45.118Z', 'age': 18}, 'phone': '01-2295-2823', 'cell': '0478-332-991', 'id': {'name': 'TFN', 'value': '075758374'}, 'picture': {'large': 'https://randomuser.me/api/portraits/women/78.jpg', 'medium': 'https://randomuser.me/api/portraits/med/women/78.jpg', 'thumbnail': 'https://randomuser.me/api/portraits/thumb/women/78.jpg'}, 'nat': 'AU'}</msg>
<arg>${json_data['results'][0]}</arg>
<doc>Logs the given message with the given level.</doc>
<status status="PASS" start="2024-08-03T17:13:26.037299" elapsed="0.000408"/>
</kw>
<kw name="Log" owner="BuiltIn">
<msg time="2024-08-03T17:13:26.038131" level="INFO">login</msg>
<arg>${key}</arg>
<doc>Logs the given message with the given level.</doc>
<status status="PASS" start="2024-08-03T17:13:26.038001" elapsed="0.000168"/>
</kw>
<var name="${key}">login</var>
<status status="PASS" start="2024-08-03T17:13:26.036588" elapsed="0.001798"/>
</iter>
<var>${key}</var>
<value>@{expected_keys}</value>
<status status="PASS" start="2024-08-03T17:13:26.028228" elapsed="0.010279"/>
</for>
<kw name="Create List" owner="BuiltIn">
<msg time="2024-08-03T17:13:26.038867" level="INFO">${expected_keysTwo} = ['username', 'password']</msg>
<var>${expected_keysTwo}</var>
<arg>username</arg>
<arg>password</arg>
<doc>Returns a list containing given items.</doc>
<status status="PASS" start="2024-08-03T17:13:26.038727" elapsed="0.000164"/>
</kw>
<for flavor="IN">
<iter>
<kw name="Dictionary Should Contain Key" owner="Collections">
<arg>${json_data['results'][0]['login']}</arg>
<arg>${keyTwo}</arg>
<doc>Fails if ``key`` is not found from ``dictionary``.</doc>
<status status="PASS" start="2024-08-03T17:13:26.039386" elapsed="0.000383"/>
</kw>
<kw name="Dictionary Should Contain Key" owner="Collections">
<arg>${json_data['results'][0]['login']}</arg>
<arg>${keyTwo}</arg>
<doc>Fails if ``key`` is not found from ``dictionary``.</doc>
<status status="PASS" start="2024-08-03T17:13:26.039952" elapsed="0.000377"/>
</kw>
<kw name="Log" owner="BuiltIn">
<msg time="2024-08-03T17:13:26.040630" level="INFO">username</msg>
<arg>${keyTwo}</arg>
<doc>Logs the given message with the given level.</doc>
<status status="PASS" start="2024-08-03T17:13:26.040511" elapsed="0.000157"/>
</kw>
<var name="${keyTwo}">username</var>
<status status="PASS" start="2024-08-03T17:13:26.039280" elapsed="0.001608"/>
</iter>
<iter>
<kw name="Dictionary Should Contain Key" owner="Collections">
<arg>${json_data['results'][0]['login']}</arg>
<arg>${keyTwo}</arg>
<doc>Fails if ``key`` is not found from ``dictionary``.</doc>
<status status="PASS" start="2024-08-03T17:13:26.041189" elapsed="0.000390"/>
</kw>
<kw name="Dictionary Should Contain Key" owner="Collections">
<arg>${json_data['results'][0]['login']}</arg>
<arg>${keyTwo}</arg>
<doc>Fails if ``key`` is not found from ``dictionary``.</doc>
<status status="PASS" start="2024-08-03T17:13:26.041759" elapsed="0.000373"/>
</kw>
<kw name="Log" owner="BuiltIn">
<msg time="2024-08-03T17:13:26.042425" level="INFO">password</msg>
<arg>${keyTwo}</arg>
<doc>Logs the given message with the given level.</doc>
<status status="PASS" start="2024-08-03T17:13:26.042306" elapsed="0.000157"/>
</kw>
<var name="${keyTwo}">password</var>
<status status="PASS" start="2024-08-03T17:13:26.041079" elapsed="0.001603"/>
</iter>
<var>${keyTwo}</var>
<value>@{expected_keysTwo}</value>
<status status="PASS" start="2024-08-03T17:13:26.039129" elapsed="0.003672"/>
</for>
<status status="PASS" start="2024-08-03T17:13:25.949361" elapsed="0.093580"/>
</kw>
<doc>Testa a estrutura da resposta da API.</doc>
<tag>testeEstruturaResposta</tag>
<status status="PASS" start="2024-08-03T17:13:25.948824" elapsed="0.094278"/>
</test>
<test id="s1-s1-t4" name="Validar tipos de dados" line="28">
<kw name="Teste de Tipos de Dados" owner="random-user-service">
<kw name="GET On Session" owner="RequestsLibrary">
<msg time="2024-08-03T17:13:26.129151" level="INFO">GET Request : url=https://randomuser.me/api 
 path_url=/api 
 headers={'User-Agent': 'python-requests/2.32.3', 'Accept-Encoding': 'gzip, deflate', 'Accept': '*/*', 'Connection': 'keep-alive'} 
 body=None 
 </msg>
<msg time="2024-08-03T17:13:26.129250" level="INFO">GET Response : url=https://randomuser.me/api 
 status=200, reason=OK 
 headers={'Date': 'Sat, 03 Aug 2024 17:13:26 GMT', 'Content-Type': 'application/json; charset=utf-8', 'Transfer-Encoding': 'chunked', 'Connection': 'keep-alive', 'X-Powered-By': 'Express', 'Access-Control-Allow-Origin': '*', 'Cache-Control': 'no-cache', 'ETag': 'W/"47d-8BpKBGyeUoaTG+f+kBsGZuBvJME"', 'Vary': 'Accept-Encoding', 'Content-Encoding': 'gzip', 'CF-Cache-Status': 'DYNAMIC', 'Report-To': '{"endpoints":[{"url":"https:\\/\\/a.nel.cloudflare.com\\/report\\/v4?s=WHomQdCsW8riRStIO2ynfZ%2FJXo65ICxFPa1P%2B%2FUkHZNETpp1J1OnqtMZpUIOqX0BpQGfvCReQMaTk73BVIuEq3NW7WuYQra2bHQRKU3HlkfZIuBXvxRqFA3%2BLTQkyFIK"}],"group":"cf-nel","max_age":604800}', 'NEL': '{"success_fraction":0,"report_to":"cf-nel","max_age":604800}', 'Server': 'cloudflare', 'CF-RAY': '8ad7f031c955c5b7-IAD', 'alt-svc': 'h3=":443"; ma=86400'} 
 body={"results":[{"gender":"male","name":{"title":"Mr","first":"Hunter","last":"Thompson"},"location":{"street":{"number":8560,"name":"Concession Road 6"},"city":"Stratford","state":"Yukon","country":"Canada","postcode":"Q1K 6D8","coordinates":{"latitude":"-66.0115","longitude":"-85.3101"},"timezone":{"offset":"-2:00","description":"Mid-Atlantic"}},"email":"hunter.thompson@example.com","login":{"uuid":"6e6d5dfc-069a-4910-b976-4c0282e96eeb","username":"heavykoala326","password":"martin","salt":"czJNKecT","md5":"56b87b926c7ecfb3803b7d9019e9ecc6","sha1":"1ecfb1cff3b3b7fea7b20cfdd282b70cf8810660","sha256":"ed22c57c9e912caf545f26016e9c07b4229bef83e987c03ea925f4a5d710c28d"},"dob":{"date":"1990-05-01T20:27:57.990Z","age":34},"registered":{"date":"2002-04-19T01:52:10.792Z","age":22},"phone":"O19 P48-9724","cell":"W33 A25-7729","id":{"name":"SIN","value":"299203000"},"picture":{"large":"https://randomuser.me/api/portraits/men/18.jpg","medium":"https://randomuser.me/api/portraits/med/men/18.jpg","thumbnail":"https://randomuser.me/api/portraits/thumb/men/18.jpg"},"nat":"CA"}],"info":{"seed":"9f3dda79427917ca","results":1,"page":1,"version":"1.4"}} 
 </msg>
<msg time="2024-08-03T17:13:26.129319" level="INFO">/opt/hostedtoolcache/Python/3.12.4/x64/lib/python3.12/site-packages/urllib3/connectionpool.py:1099: InsecureRequestWarning: Unverified HTTPS request is being made to host 'randomuser.me'. Adding certificate verification is strongly advised. See: https://urllib3.readthedocs.io/en/latest/advanced-usage.html#tls-warnings
  warnings.warn(</msg>
<msg time="2024-08-03T17:13:26.129468" level="INFO">${response} = &lt;Response [200]&gt;</msg>
<var>${response}</var>
<arg>consultarAPI</arg>
<arg>/api</arg>
<doc>Sends a GET request on a previously created HTTP Session.</doc>
<status status="PASS" start="2024-08-03T17:13:26.045652" elapsed="0.083859"/>
</kw>
<kw name="Set Variable" owner="BuiltIn">
<msg time="2024-08-03T17:13:26.130589" level="INFO">${json_data} = {'results': [{'gender': 'male', 'name': {'title': 'Mr', 'first': 'Hunter', 'last': 'Thompson'}, 'location': {'street': {'number': 8560, 'name': 'Concession Road 6'}, 'city': 'Stratford', 'state': 'Yuk...</msg>
<var>${json_data}</var>
<arg>${response.json()}</arg>
<doc>Returns the given values which can then be assigned to a variables.</doc>
<status status="PASS" start="2024-08-03T17:13:26.130079" elapsed="0.000548"/>
</kw>
<kw name="Log" owner="BuiltIn">
<msg time="2024-08-03T17:13:26.131096" level="INFO">{'results': [{'gender': 'male', 'name': {'title': 'Mr', 'first': 'Hunter', 'last': 'Thompson'}, 'location': {'street': {'number': 8560, 'name': 'Concession Road 6'}, 'city': 'Stratford', 'state': 'Yukon', 'country': 'Canada', 'postcode': 'Q1K 6D8', 'coordinates': {'latitude': '-66.0115', 'longitude': '-85.3101'}, 'timezone': {'offset': '-2:00', 'description': 'Mid-Atlantic'}}, 'email': 'hunter.thompson@example.com', 'login': {'uuid': '6e6d5dfc-069a-4910-b976-4c0282e96eeb', 'username': 'heavykoala326', 'password': 'martin', 'salt': 'czJNKecT', 'md5': '56b87b926c7ecfb3803b7d9019e9ecc6', 'sha1': '1ecfb1cff3b3b7fea7b20cfdd282b70cf8810660', 'sha256': 'ed22c57c9e912caf545f26016e9c07b4229bef83e987c03ea925f4a5d710c28d'}, 'dob': {'date': '1990-05-01T20:27:57.990Z', 'age': 34}, 'registered': {'date': '2002-04-19T01:52:10.792Z', 'age': 22}, 'phone': 'O19 P48-9724', 'cell': 'W33 A25-7729', 'id': {'name': 'SIN', 'value': '299203000'}, 'picture': {'large': 'https://randomuser.me/api/portraits/men/18.jpg', 'medium': 'https://randomuser.me/api/portraits/med/men/18.jpg', 'thumbnail': 'https://randomuser.me/api/portraits/thumb/men/18.jpg'}, 'nat': 'CA'}], 'info': {'seed': '9f3dda79427917ca', 'results': 1, 'page': 1, 'version': '1.4'}}</msg>
<arg>${json_data}</arg>
<doc>Logs the given message with the given level.</doc>
<status status="PASS" start="2024-08-03T17:13:26.130937" elapsed="0.000206"/>
</kw>
<kw name="Should Be String" owner="String">
<arg>${json_data['results'][0]['gender']}</arg>
<doc>Fails if the given ``item`` is not a string.</doc>
<status status="PASS" start="2024-08-03T17:13:26.131438" elapsed="0.000369"/>
</kw>
<kw name="Should Match Regexp" owner="BuiltIn">
<arg>${json_data['results'][0]['email']}</arg>
<arg>^[a-zA-Z0-9._%+-]+@[a-zA-Z0-9.-]+\.[a-zA-Z]{2,}$</arg>
<doc>Fails if ``string`` does not match ``pattern`` as a regular expression.</doc>
<status status="PASS" start="2024-08-03T17:13:26.132038" elapsed="0.000530"/>
</kw>
<kw name="Should Match Regexp" owner="BuiltIn">
<arg>${json_data['results'][0]['dob']['date']}</arg>
<arg>\\d{4}-\\d{2}-\\d{2}T\\d{2}:\\d{2}:\\d{2}\\.\\d{3}Z</arg>
<doc>Fails if ``string`` does not match ``pattern`` as a regular expression.</doc>
<status status="PASS" start="2024-08-03T17:13:26.132768" elapsed="0.000681"/>
</kw>
<kw name="Should Match Regexp" owner="BuiltIn">
<arg>${json_data['results'][0]['registered']['date']}</arg>
<arg>\\d{4}-\\d{2}-\\d{2}T\\d{2}:\\d{2}:\\d{2}\\.\\d{3}Z</arg>
<doc>Fails if ``string`` does not match ``pattern`` as a regular expression.</doc>
<status status="PASS" start="2024-08-03T17:13:26.133649" elapsed="0.000383"/>
</kw>
<kw name="Should Match Regexp" owner="BuiltIn">
<arg>${json_data['results'][0]['picture']['large']}</arg>
<arg>^https?://.*\.(?:png|jpe?g|gif|bmp)$</arg>
<doc>Fails if ``string`` does not match ``pattern`` as a regular expression.</doc>
<status status="PASS" start="2024-08-03T17:13:26.134220" elapsed="0.000466"/>
</kw>
<kw name="Should Match Regexp" owner="BuiltIn">
<arg>${json_data['results'][0]['picture']['medium']}</arg>
<arg>^https?://.*\.(?:png|jpe?g|gif|bmp)$</arg>
<doc>Fails if ``string`` does not match ``pattern`` as a regular expression.</doc>
<status status="PASS" start="2024-08-03T17:13:26.134876" elapsed="0.000369"/>
</kw>
<kw name="Should Match Regexp" owner="BuiltIn">
<arg>${json_data['results'][0]['picture']['thumbnail']}</arg>
<arg>^https?://.*\.(?:png|jpe?g|gif|bmp)$</arg>
<doc>Fails if ``string`` does not match ``pattern`` as a regular expression.</doc>
<status status="PASS" start="2024-08-03T17:13:26.135431" elapsed="0.000356"/>
</kw>
<kw name="Log" owner="BuiltIn">
<msg time="2024-08-03T17:13:26.136301" level="INFO">{'large': 'https://randomuser.me/api/portraits/men/18.jpg', 'medium': 'https://randomuser.me/api/portraits/med/men/18.jpg', 'thumbnail': 'https://randomuser.me/api/portraits/thumb/men/18.jpg'}</msg>
<arg>${json_data['results'][0]['picture']}</arg>
<doc>Logs the given message with the given level.</doc>
<status status="PASS" start="2024-08-03T17:13:26.135973" elapsed="0.000372"/>
</kw>
<status status="PASS" start="2024-08-03T17:13:26.045425" elapsed="0.091180"/>
</kw>
<kw name="Teste de Tipos de Dados - Postcode" owner="random-user-service">
<kw name="GET On Session" owner="RequestsLibrary">
<msg time="2024-08-03T17:13:26.561132" level="INFO">GET Request : url=https://randomuser.me/api 
 path_url=/api 
 headers={'User-Agent': 'python-requests/2.32.3', 'Accept-Encoding': 'gzip, deflate', 'Accept': '*/*', 'Connection': 'keep-alive'} 
 body=None 
 </msg>
<msg time="2024-08-03T17:13:26.561228" level="INFO">GET Response : url=https://randomuser.me/api 
 status=200, reason=OK 
 headers={'Date': 'Sat, 03 Aug 2024 17:13:26 GMT', 'Content-Type': 'application/json; charset=utf-8', 'Transfer-Encoding': 'chunked', 'Connection': 'keep-alive', 'X-Powered-By': 'Express', 'Access-Control-Allow-Origin': '*', 'Cache-Control': 'no-cache', 'ETag': 'W/"488-N2eIw4kBAHETOlL7P/Nscaj5ei4"', 'Vary': 'Accept-Encoding', 'Content-Encoding': 'gzip', 'CF-Cache-Status': 'DYNAMIC', 'Report-To': '{"endpoints":[{"url":"https:\\/\\/a.nel.cloudflare.com\\/report\\/v4?s=qYisz8uKpnJ7w14Xi%2BS9YMiSrzBLwI5Rnymv5hiI7kyDlCwDJanl9eRfReaqOxT9vaiEuXFS7Mg7vDGYP6CNrP4rZCyj37t092ZoIMVoh6UB8U0rV5JA8Y31zpeaEXpd"}],"group":"cf-nel","max_age":604800}', 'NEL': '{"success_fraction":0,"report_to":"cf-nel","max_age":604800}', 'Server': 'cloudflare', 'CF-RAY': '8ad7f03259f8c5b7-IAD', 'alt-svc': 'h3=":443"; ma=86400'} 
 body={"results":[{"gender":"female","name":{"title":"Mrs","first":"Keira","last":"Zhang"},"location":{"street":{"number":1328,"name":"White Swan Road"},"city":"Whanganui","state":"Gisborne","country":"New Zealand","postcode":69742,"coordinates":{"latitude":"50.5937","longitude":"177.8320"},"timezone":{"offset":"+7:00","description":"Bangkok, Hanoi, Jakarta"}},"email":"keira.zhang@example.com","login":{"uuid":"8fac2ff3-a3ec-4fd9-a4e3-1fadec2ff9aa","username":"brownbutterfly983","password":"vanessa","salt":"o5W82IOp","md5":"353cfecf22581996655325efd68d4140","sha1":"5c30c6f6fccc091de8e7a8d656b10a470967e5dc","sha256":"a64a1eb3f5bd26b393963344433d7952c73cd7df6ee0425de0c47e4c333e905d"},"dob":{"date":"1983-06-15T15:31:34.801Z","age":41},"registered":{"date":"2019-07-08T14:16:45.361Z","age":5},"phone":"(719)-956-6912","cell":"(521)-060-1822","id":{"name":"","value":null},"picture":{"large":"https://randomuser.me/api/portraits/women/84.jpg","medium":"https://randomuser.me/api/portraits/med/women/84.jpg","thumbnail":"https://randomuser.me/api/portraits/thumb/women/84.jpg"},"nat":"NZ"}],"info":{"seed":"dc73da73c0325649","results":1,"page":1,"version":"1.4"}} 
 </msg>
<msg time="2024-08-03T17:13:26.561294" level="INFO">/opt/hostedtoolcache/Python/3.12.4/x64/lib/python3.12/site-packages/urllib3/connectionpool.py:1099: InsecureRequestWarning: Unverified HTTPS request is being made to host 'randomuser.me'. Adding certificate verification is strongly advised. See: https://urllib3.readthedocs.io/en/latest/advanced-usage.html#tls-warnings
  warnings.warn(</msg>
<msg time="2024-08-03T17:13:26.561432" level="INFO">${response} = &lt;Response [200]&gt;</msg>
<var>${response}</var>
<arg>consultarAPI</arg>
<arg>/api</arg>
<doc>Sends a GET request on a previously created HTTP Session.</doc>
<status status="PASS" start="2024-08-03T17:13:26.137098" elapsed="0.424374"/>
</kw>
<kw name="Set Variable" owner="BuiltIn">
<msg time="2024-08-03T17:13:26.562505" level="INFO">${json_data} = {'results': [{'gender': 'female', 'name': {'title': 'Mrs', 'first': 'Keira', 'last': 'Zhang'}, 'location': {'street': {'number': 1328, 'name': 'White Swan Road'}, 'city': 'Whanganui', 'state': 'Gisbor...</msg>
<var>${json_data}</var>
<arg>${response.json()}</arg>
<doc>Returns the given values which can then be assigned to a variables.</doc>
<status status="PASS" start="2024-08-03T17:13:26.561982" elapsed="0.000551"/>
</kw>
<kw name="Log" owner="BuiltIn">
<msg time="2024-08-03T17:13:26.563017" level="INFO">{'results': [{'gender': 'female', 'name': {'title': 'Mrs', 'first': 'Keira', 'last': 'Zhang'}, 'location': {'street': {'number': 1328, 'name': 'White Swan Road'}, 'city': 'Whanganui', 'state': 'Gisborne', 'country': 'New Zealand', 'postcode': 69742, 'coordinates': {'latitude': '50.5937', 'longitude': '177.8320'}, 'timezone': {'offset': '+7:00', 'description': 'Bangkok, Hanoi, Jakarta'}}, 'email': 'keira.zhang@example.com', 'login': {'uuid': '8fac2ff3-a3ec-4fd9-a4e3-1fadec2ff9aa', 'username': 'brownbutterfly983', 'password': 'vanessa', 'salt': 'o5W82IOp', 'md5': '353cfecf22581996655325efd68d4140', 'sha1': '5c30c6f6fccc091de8e7a8d656b10a470967e5dc', 'sha256': 'a64a1eb3f5bd26b393963344433d7952c73cd7df6ee0425de0c47e4c333e905d'}, 'dob': {'date': '1983-06-15T15:31:34.801Z', 'age': 41}, 'registered': {'date': '2019-07-08T14:16:45.361Z', 'age': 5}, 'phone': '(719)-956-6912', 'cell': '(521)-060-1822', 'id': {'name': '', 'value': None}, 'picture': {'large': 'https://randomuser.me/api/portraits/women/84.jpg', 'medium': 'https://randomuser.me/api/portraits/med/women/84.jpg', 'thumbnail': 'https://randomuser.me/api/portraits/thumb/women/84.jpg'}, 'nat': 'NZ'}], 'info': {'seed': 'dc73da73c0325649', 'results': 1, 'page': 1, 'version': '1.4'}}</msg>
<arg>${json_data}</arg>
<doc>Logs the given message with the given level.</doc>
<status status="PASS" start="2024-08-03T17:13:26.562842" elapsed="0.000223"/>
</kw>
<kw name="Should Be Equal As Numbers" owner="BuiltIn">
<arg>${json_data['results'][0]['location']['postcode']}</arg>
<arg>${json_data['results'][0]['location']['postcode']}</arg>
<doc>Fails if objects are unequal after converting them to real numbers.</doc>
<status status="PASS" start="2024-08-03T17:13:26.563359" elapsed="0.000615"/>
</kw>
<kw name="Log" owner="BuiltIn">
<msg time="2024-08-03T17:13:26.564531" level="INFO">69742</msg>
<arg>${json_data['results'][0]['location']['postcode']}</arg>
<doc>Logs the given message with the given level.</doc>
<status status="PASS" start="2024-08-03T17:13:26.564159" elapsed="0.000414"/>
</kw>
<status status="PASS" start="2024-08-03T17:13:26.136834" elapsed="0.427997"/>
</kw>
<doc>Testa se os tipos de dados na resposta da API estão corretos.</doc>
<tag>testeTiposDados</tag>
<status status="PASS" start="2024-08-03T17:13:26.044886" elapsed="0.520116"/>
</test>
<test id="s1-s1-t5" name="Validar conteudo" line="35">
<kw name="Teste de Tipos de Conteudo" owner="random-user-service">
<kw name="GET On Session" owner="RequestsLibrary">
<msg time="2024-08-03T17:13:26.725803" level="INFO">GET Request : url=https://randomuser.me/api 
 path_url=/api 
 headers={'User-Agent': 'python-requests/2.32.3', 'Accept-Encoding': 'gzip, deflate', 'Accept': '*/*', 'Connection': 'keep-alive'} 
 body=None 
 </msg>
<msg time="2024-08-03T17:13:26.725897" level="INFO">GET Response : url=https://randomuser.me/api 
 status=200, reason=OK 
 headers={'Date': 'Sat, 03 Aug 2024 17:13:26 GMT', 'Content-Type': 'application/json; charset=utf-8', 'Transfer-Encoding': 'chunked', 'Connection': 'keep-alive', 'X-Powered-By': 'Express', 'Access-Control-Allow-Origin': '*', 'Cache-Control': 'no-cache', 'ETag': 'W/"47b-5XrksSuVC5EVvbjQH4qwhGUSfew"', 'Vary': 'Accept-Encoding', 'Content-Encoding': 'gzip', 'CF-Cache-Status': 'DYNAMIC', 'Report-To': '{"endpoints":[{"url":"https:\\/\\/a.nel.cloudflare.com\\/report\\/v4?s=mHnpiiqxoBLrbfWUy%2FqLtX6yvpumJ5t2qYKT5Fjf9NilQo87soPfECUzqIB7NEdDqexUH9xAZnD0ZMpXnuyTRs26T%2Fq0Bb1Ns%2Bwruf7fvjWd9ITxgz87Ik5TKDPgq3k1"}],"group":"cf-nel","max_age":604800}', 'NEL': '{"success_fraction":0,"report_to":"cf-nel","max_age":604800}', 'Server': 'cloudflare', 'CF-RAY': '8ad7f0350cacc5b7-IAD', 'alt-svc': 'h3=":443"; ma=86400'} 
 body={"results":[{"gender":"male","name":{"title":"Mr","first":"Mason","last":"Edwards"},"location":{"street":{"number":2750,"name":"Sinclair Street"},"city":"Tauranga","state":"Waikato","country":"New Zealand","postcode":26522,"coordinates":{"latitude":"48.8412","longitude":"-36.9723"},"timezone":{"offset":"+6:00","description":"Almaty, Dhaka, Colombo"}},"email":"mason.edwards@example.com","login":{"uuid":"b2c4ccd2-0690-410a-b588-0f9022e42bae","username":"lazyleopard104","password":"eagles1","salt":"dAKaecNC","md5":"729de2ff326abb71463f282491a656e2","sha1":"0aeb9442255055fa733b04a8487d55de37ac3017","sha256":"1cea7537bab10c158d0e30c6b53e8fc20dae7ff281681611b58c714376785529"},"dob":{"date":"1999-11-09T13:34:43.483Z","age":24},"registered":{"date":"2013-12-08T22:54:11.722Z","age":10},"phone":"(119)-217-6915","cell":"(884)-856-4649","id":{"name":"","value":null},"picture":{"large":"https://randomuser.me/api/portraits/men/3.jpg","medium":"https://randomuser.me/api/portraits/med/men/3.jpg","thumbnail":"https://randomuser.me/api/portraits/thumb/men/3.jpg"},"nat":"NZ"}],"info":{"seed":"1c8f14e1f479f513","results":1,"page":1,"version":"1.4"}} 
 </msg>
<msg time="2024-08-03T17:13:26.725974" level="INFO">/opt/hostedtoolcache/Python/3.12.4/x64/lib/python3.12/site-packages/urllib3/connectionpool.py:1099: InsecureRequestWarning: Unverified HTTPS request is being made to host 'randomuser.me'. Adding certificate verification is strongly advised. See: https://urllib3.readthedocs.io/en/latest/advanced-usage.html#tls-warnings
  warnings.warn(</msg>
<msg time="2024-08-03T17:13:26.726093" level="INFO">${response} = &lt;Response [200]&gt;</msg>
<var>${response}</var>
<arg>consultarAPI</arg>
<arg>/api</arg>
<doc>Sends a GET request on a previously created HTTP Session.</doc>
<status status="PASS" start="2024-08-03T17:13:26.567928" elapsed="0.158212"/>
</kw>
<kw name="Set Variable" owner="BuiltIn">
<msg time="2024-08-03T17:13:26.727073" level="INFO">${json_data} = {'results': [{'gender': 'male', 'name': {'title': 'Mr', 'first': 'Mason', 'last': 'Edwards'}, 'location': {'street': {'number': 2750, 'name': 'Sinclair Street'}, 'city': 'Tauranga', 'state': 'Waikato'...</msg>
<var>${json_data}</var>
<arg>${response.json()}</arg>
<doc>Returns the given values which can then be assigned to a variables.</doc>
<status status="PASS" start="2024-08-03T17:13:26.726596" elapsed="0.000506"/>
</kw>
<kw name="Set Variable" owner="BuiltIn">
<msg time="2024-08-03T17:13:26.727787" level="INFO">${name_title} = Mr</msg>
<var>${name_title}</var>
<arg>${json_data["results"][0]["name"]["title"]}</arg>
<doc>Returns the given values which can then be assigned to a variables.</doc>
<status status="PASS" start="2024-08-03T17:13:26.727406" elapsed="0.000407"/>
</kw>
<kw name="Create List" owner="BuiltIn">
<msg time="2024-08-03T17:13:26.728261" level="INFO">${allowed_titles} = ['Mr', 'Ms', 'Miss', 'Mrs', 'Madame', 'Monsieur']</msg>
<var>${allowed_titles}</var>
<arg>Mr</arg>
<arg>Ms</arg>
<arg>Miss</arg>
<arg>Mrs</arg>
<arg>Madame</arg>
<arg>Monsieur</arg>
<doc>Returns a list containing given items.</doc>
<status status="PASS" start="2024-08-03T17:13:26.728110" elapsed="0.000175"/>
</kw>
<kw name="List Should Contain Value" owner="Collections">
<arg>${allowed_titles}</arg>
<arg>${name_title}</arg>
<doc>Fails if the ``value`` is not found from ``list``.</doc>
<status status="PASS" start="2024-08-03T17:13:26.728583" elapsed="0.000186"/>
</kw>
<kw name="Set Variable" owner="BuiltIn">
<msg time="2024-08-03T17:13:26.729369" level="INFO">${name_country} = NZ</msg>
<var>${name_country}</var>
<arg>${json_data["results"][0]["nat"]}</arg>
<doc>Returns the given values which can then be assigned to a variables.</doc>
<status status="PASS" start="2024-08-03T17:13:26.728948" elapsed="0.000446"/>
</kw>
<kw name="Create List" owner="BuiltIn">
<msg time="2024-08-03T17:13:26.730275" level="INFO">${list_country} = ['AD', 'AE', 'AF', 'AG', 'AI', 'AL', 'AM', 'AO', 'AQ', 'AR', 'AS', 'AT', 'AU', 'AW', 'AX', 'AZ', 'BA', 'BB', 'BD', 'BE', 'BF', 'BG', 'BH', 'BI', 'BJ', 'BL', 'BM', 'BN', 'BO', 'BQ', 'BR', 'BS', 'BT', '...</msg>
<var>${list_country}</var>
<arg>AD</arg>
<arg>AE</arg>
<arg>AF</arg>
<arg>AG</arg>
<arg>AI</arg>
<arg>AL</arg>
<arg>AM</arg>
<arg>AO</arg>
<arg>AQ</arg>
<arg>AR</arg>
<arg>AS</arg>
<arg>AT</arg>
<arg>AU</arg>
<arg>AW</arg>
<arg>AX</arg>
<arg>AZ</arg>
<arg>BA</arg>
<arg>BB</arg>
<arg>BD</arg>
<arg>BE</arg>
<arg>BF</arg>
<arg>BG</arg>
<arg>BH</arg>
<arg>BI</arg>
<arg>BJ</arg>
<arg>BL</arg>
<arg>BM</arg>
<arg>BN</arg>
<arg>BO</arg>
<arg>BQ</arg>
<arg>BR</arg>
<arg>BS</arg>
<arg>BT</arg>
<arg>BV</arg>
<arg>BW</arg>
<arg>BY</arg>
<arg>BZ</arg>
<arg>CA</arg>
<arg>CC</arg>
<arg>CD</arg>
<arg>CF</arg>
<arg>CG</arg>
<arg>CH</arg>
<arg>CI</arg>
<arg>CK</arg>
<arg>CL</arg>
<arg>CM</arg>
<arg>CN</arg>
<arg>CO</arg>
<arg>CR</arg>
<arg>CU</arg>
<arg>CV</arg>
<arg>CW</arg>
<arg>CX</arg>
<arg>CY</arg>
<arg>CZ</arg>
<arg>DE</arg>
<arg>DJ</arg>
<arg>DK</arg>
<arg>DM</arg>
<arg>DO</arg>
<arg>DZ</arg>
<arg>EC</arg>
<arg>EE</arg>
<arg>EG</arg>
<arg>EH</arg>
<arg>ER</arg>
<arg>ES</arg>
<arg>ET</arg>
<arg>FI</arg>
<arg>FJ</arg>
<arg>FK</arg>
<arg>FM</arg>
<arg>FO</arg>
<arg>FR</arg>
<arg>GA</arg>
<arg>GB</arg>
<arg>GD</arg>
<arg>GE</arg>
<arg>GF</arg>
<arg>GG</arg>
<arg>GH</arg>
<arg>GI</arg>
<arg>GL</arg>
<arg>GM</arg>
<arg>GN</arg>
<arg>GP</arg>
<arg>GQ</arg>
<arg>GR</arg>
<arg>GS</arg>
<arg>GT</arg>
<arg>GU</arg>
<arg>GW</arg>
<arg>GY</arg>
<arg>HK</arg>
<arg>HM</arg>
<arg>HN</arg>
<arg>HR</arg>
<arg>HT</arg>
<arg>HU</arg>
<arg>ID</arg>
<arg>IE</arg>
<arg>IL</arg>
<arg>IM</arg>
<arg>IN</arg>
<arg>IO</arg>
<arg>IQ</arg>
<arg>IR</arg>
<arg>IS</arg>
<arg>IT</arg>
<arg>JE</arg>
<arg>JM</arg>
<arg>JO</arg>
<arg>JP</arg>
<arg>KE</arg>
<arg>KG</arg>
<arg>KH</arg>
<arg>KI</arg>
<arg>KM</arg>
<arg>KN</arg>
<arg>KP</arg>
<arg>KR</arg>
<arg>KW</arg>
<arg>KY</arg>
<arg>KZ</arg>
<arg>LA</arg>
<arg>LB</arg>
<arg>LC</arg>
<arg>LI</arg>
<arg>LK</arg>
<arg>LR</arg>
<arg>LS</arg>
<arg>LT</arg>
<arg>LU</arg>
<arg>LV</arg>
<arg>LY</arg>
<arg>MA</arg>
<arg>MC</arg>
<arg>MD</arg>
<arg>ME</arg>
<arg>MF</arg>
<arg>MG</arg>
<arg>MH</arg>
<arg>MK</arg>
<arg>ML</arg>
<arg>MM</arg>
<arg>MN</arg>
<arg>MO</arg>
<arg>MP</arg>
<arg>MQ</arg>
<arg>MR</arg>
<arg>MS</arg>
<arg>MT</arg>
<arg>MU</arg>
<arg>MV</arg>
<arg>MW</arg>
<arg>MX</arg>
<arg>MY</arg>
<arg>MZ</arg>
<arg>NA</arg>
<arg>NC</arg>
<arg>NE</arg>
<arg>NF</arg>
<arg>NG</arg>
<arg>NI</arg>
<arg>NL</arg>
<arg>NO</arg>
<arg>NP</arg>
<arg>NR</arg>
<arg>NU</arg>
<arg>NZ</arg>
<arg>OM</arg>
<arg>PA</arg>
<arg>PE</arg>
<arg>PF</arg>
<arg>PG</arg>
<arg>PH</arg>
<arg>PK</arg>
<arg>PL</arg>
<arg>PM</arg>
<arg>PN</arg>
<arg>PR</arg>
<arg>PS</arg>
<arg>PT</arg>
<arg>PW</arg>
<arg>PY</arg>
<arg>QA</arg>
<arg>RE</arg>
<arg>RO</arg>
<arg>RS</arg>
<arg>RU</arg>
<arg>RW</arg>
<arg>SA</arg>
<arg>SB</arg>
<arg>SC</arg>
<arg>SD</arg>
<arg>SE</arg>
<arg>SG</arg>
<arg>SH</arg>
<arg>SI</arg>
<arg>SJ</arg>
<arg>SK</arg>
<arg>SL</arg>
<arg>SM</arg>
<arg>SN</arg>
<arg>SO</arg>
<arg>SR</arg>
<arg>SS</arg>
<arg>ST</arg>
<arg>SV</arg>
<arg>SX</arg>
<arg>SY</arg>
<arg>SZ</arg>
<arg>TC</arg>
<arg>TD</arg>
<arg>TF</arg>
<arg>TG</arg>
<arg>TH</arg>
<arg>TJ</arg>
<arg>TK</arg>
<arg>TL</arg>
<arg>TM</arg>
<arg>TN</arg>
<arg>TO</arg>
<arg>TR</arg>
<arg>TT</arg>
<arg>TV</arg>
<arg>TW</arg>
<arg>TZ</arg>
<arg>UA</arg>
<arg>UG</arg>
<arg>UM</arg>
<arg>US</arg>
<arg>UY</arg>
<arg>UZ</arg>
<arg>VA</arg>
<arg>VC</arg>
<arg>VE</arg>
<arg>VG</arg>
<arg>VI</arg>
<arg>VN</arg>
<arg>VU</arg>
<arg>WF</arg>
<arg>WS</arg>
<arg>XK</arg>
<arg>YE</arg>
<arg>YT</arg>
<arg>ZA</arg>
<arg>ZM</arg>
<arg>ZW</arg>
<doc>Returns a list containing given items.</doc>
<status status="PASS" start="2024-08-03T17:13:26.729684" elapsed="0.000616"/>
</kw>
<kw name="List Should Contain Value" owner="Collections">
<arg>${list_country}</arg>
<arg>${name_country}</arg>
<doc>Fails if the ``value`` is not found from ``list``.</doc>
<status status="PASS" start="2024-08-03T17:13:26.731269" elapsed="0.000215"/>
</kw>
<kw name="Run Keyword If" owner="BuiltIn">
<kw name="Should Be True" owner="BuiltIn">
<arg>${True}</arg>
<doc>Fails if the given condition is not true.</doc>
<status status="PASS" start="2024-08-03T17:13:26.732435" elapsed="0.000143"/>
</kw>
<arg>${json_data["results"][0]["location"]["coordinates"]["latitude"]} &gt;= -90 and ${json_data["results"][0]["location"]["coordinates"]["latitude"]} &lt;= 90</arg>
<arg>Should Be True</arg>
<arg>${True}</arg>
<doc>Runs the given keyword with the given arguments, if ``condition`` is true.</doc>
<status status="PASS" start="2024-08-03T17:13:26.731685" elapsed="0.001020"/>
</kw>
<kw name="Run Keyword If" owner="BuiltIn">
<kw name="Should Be True" owner="BuiltIn">
<arg>${True}</arg>
<doc>Fails if the given condition is not true.</doc>
<status status="PASS" start="2024-08-03T17:13:26.733606" elapsed="0.000138"/>
</kw>
<arg>${json_data["results"][0]["location"]["coordinates"]["longitude"]} &gt;= -180 and ${json_data["results"][0]["location"]["coordinates"]["longitude"]} &lt;= 180</arg>
<arg>Should Be True</arg>
<arg>${True}</arg>
<doc>Runs the given keyword with the given arguments, if ``condition`` is true.</doc>
<status status="PASS" start="2024-08-03T17:13:26.732891" elapsed="0.000975"/>
</kw>
<status status="PASS" start="2024-08-03T17:13:26.567555" elapsed="0.166439"/>
</kw>
<doc>Testa o conteúdo específico dos campos retornados pela API.</doc>
<tag>testeConteudo</tag>
<status status="PASS" start="2024-08-03T17:13:26.566863" elapsed="0.167281"/>
</test>
<status status="PASS" start="2024-08-03T17:13:25.353822" elapsed="1.382231"/>
</suite>
<status status="PASS" start="2024-08-03T17:13:25.339181" elapsed="1.401963"/>
</suite>
<statistics>
<total>
<stat pass="5" fail="0" skip="0">All Tests</stat>
</total>
<tag>
<stat pass="1" fail="0" skip="0">testeConteudo</stat>
<stat pass="1" fail="0" skip="0">testeEstruturaResposta</stat>
<stat pass="1" fail="0" skip="0">testeRequisicaoBasica</stat>
<stat pass="1" fail="0" skip="0">testeTiposDados</stat>
</tag>
<suite>
<stat pass="5" fail="0" skip="0" id="s1" name="Tests">Tests</stat>
<stat pass="5" fail="0" skip="0" id="s1-s1" name="Random-User-Test">Tests.Random-User-Test</stat>
</suite>
</statistics>
<errors>
</errors>
</robot>
