<?xml version="1.0" encoding="UTF-8"?>
<robot generator="Robot 7.0.1 (Python 3.12.4 on linux)" generated="2024-07-25T15:17:28.628032" rpa="false" schemaversion="5">
<suite id="s1" name="Tests" source="/home/runner/work/ApiRandomUser/ApiRandomUser/RamdonUser/tests">
<suite id="s1-s1" name="Random-User-Test" source="/home/runner/work/ApiRandomUser/ApiRandomUser/RamdonUser/tests/random-user-test.robot">
<test id="s1-s1-t1" name="Conectar" line="13">
<kw name="Conectar API" owner="random-user-service">
<kw name="Create Session" owner="RequestsLibrary">
<msg time="2024-07-25T15:17:29.056856" level="INFO">Creating Session using : alias=consultarAPI, url=https://randomuser.me/, headers={},                     cookies={}, auth=None, timeout=None, proxies=None, verify=False,                     debug=0 </msg>
<arg>consultarAPI</arg>
<arg>${URL}</arg>
<doc>Create Session: create a HTTP session to a server</doc>
<status status="PASS" start="2024-07-25T15:17:29.056541" elapsed="0.000638"/>
</kw>
<status status="PASS" start="2024-07-25T15:17:29.054519" elapsed="0.003264"/>
</kw>
<status status="PASS" start="2024-07-25T15:17:29.053605" elapsed="0.004497"/>
</test>
<test id="s1-s1-t2" name="Validar retorno 200 e JSON Válido" line="16">
<kw name="Teste de Requisicao Basica" owner="random-user-service">
<kw name="GET On Session" owner="RequestsLibrary">
<msg time="2024-07-25T15:17:29.279658" level="INFO">GET Request : url=https://randomuser.me/api 
 path_url=/api 
 headers={'User-Agent': 'python-requests/2.32.3', 'Accept-Encoding': 'gzip, deflate', 'Accept': '*/*', 'Connection': 'keep-alive'} 
 body=None 
 </msg>
<msg time="2024-07-25T15:17:29.279827" level="INFO">GET Response : url=https://randomuser.me/api 
 status=200, reason=OK 
 headers={'Date': 'Thu, 25 Jul 2024 15:17:29 GMT', 'Content-Type': 'application/json; charset=utf-8', 'Transfer-Encoding': 'chunked', 'Connection': 'keep-alive', 'X-Powered-By': 'Express', 'Access-Control-Allow-Origin': '*', 'Cache-Control': 'no-cache', 'ETag': 'W/"484-ie3d1YtaGVZY3eKX0Cv2PljPftM"', 'Vary': 'Accept-Encoding', 'Content-Encoding': 'gzip', 'CF-Cache-Status': 'DYNAMIC', 'Report-To': '{"endpoints":[{"url":"https:\\/\\/a.nel.cloudflare.com\\/report\\/v4?s=Yrk547iAPzG3Nn6VSrBVk44g2OsIkui0uWErrD%2B4Dg7Ov%2FUnblQZYIFn1mukpKYdTnFgkQwMFxCC9XDlQWmhUYZ90QePvjPZbsGSIK22d6O1tPo2lgFg859uIbFQ%2B1E5"}],"group":"cf-nel","max_age":604800}', 'NEL': '{"success_fraction":0,"report_to":"cf-nel","max_age":604800}', 'Server': 'cloudflare', 'CF-RAY': '8a8d1df9abf2e15f-ORD', 'alt-svc': 'h3=":443"; ma=86400'} 
 body={"results":[{"gender":"female","name":{"title":"Mrs","first":"Chaiane","last":"Peixoto"},"location":{"street":{"number":4163,"name":"Rua Boa Vista "},"city":"Nova Iguaçu","state":"Roraima","country":"Brazil","postcode":49890,"coordinates":{"latitude":"-76.7886","longitude":"20.9847"},"timezone":{"offset":"-10:00","description":"Hawaii"}},"email":"chaiane.peixoto@example.com","login":{"uuid":"2b71629d-7f97-4803-95de-06336fd46760","username":"tinybear437","password":"steve","salt":"7MEFamfu","md5":"22f0f7bae72b237d232d6929b6eaec71","sha1":"dd100e9bb2e87ea35bf9bf814924b76b66bf7cd3","sha256":"82b87a45aca94e24deb8eb05e4ad9320b6907ebacdc4b2f23e498370ca8ee46c"},"dob":{"date":"1957-05-12T07:12:42.463Z","age":67},"registered":{"date":"2006-07-23T00:55:49.001Z","age":18},"phone":"(98) 2344-0960","cell":"(94) 0512-2857","id":{"name":"CPF","value":"111.577.009-33"},"picture":{"large":"https://randomuser.me/api/portraits/women/40.jpg","medium":"https://randomuser.me/api/portraits/med/women/40.jpg","thumbnail":"https://randomuser.me/api/portraits/thumb/women/40.jpg"},"nat":"BR"}],"info":{"seed":"59e0a7c7b1f88f4d","results":1,"page":1,"version":"1.4"}} 
 </msg>
<msg time="2024-07-25T15:17:29.279921" level="INFO">/opt/hostedtoolcache/Python/3.12.4/x64/lib/python3.12/site-packages/urllib3/connectionpool.py:1099: InsecureRequestWarning: Unverified HTTPS request is being made to host 'randomuser.me'. Adding certificate verification is strongly advised. See: https://urllib3.readthedocs.io/en/latest/advanced-usage.html#tls-warnings
  warnings.warn(</msg>
<msg time="2024-07-25T15:17:29.280065" level="INFO">${response} = &lt;Response [200]&gt;</msg>
<var>${response}</var>
<arg>consultarAPI</arg>
<arg>/api</arg>
<doc>Sends a GET request on a previously created HTTP Session.</doc>
<status status="PASS" start="2024-07-25T15:17:29.062590" elapsed="0.217521"/>
</kw>
<kw name="Should Be Equal As Numbers" owner="BuiltIn">
<msg time="2024-07-25T15:17:29.281219" level="INFO">Argument types are:
&lt;class 'int'&gt;
&lt;class 'str'&gt;</msg>
<arg>${response.status_code}</arg>
<arg>200</arg>
<doc>Fails if objects are unequal after converting them to real numbers.</doc>
<status status="PASS" start="2024-07-25T15:17:29.280704" elapsed="0.000585"/>
</kw>
<kw name="Log" owner="BuiltIn">
<msg time="2024-07-25T15:17:29.282069" level="INFO">200</msg>
<arg>${response.status_code}</arg>
<doc>Logs the given message with the given level.</doc>
<status status="PASS" start="2024-07-25T15:17:29.281677" elapsed="0.000438"/>
</kw>
<kw name="Set Variable" owner="BuiltIn">
<msg time="2024-07-25T15:17:29.282927" level="INFO">${json_data} = {'results': [{'gender': 'female', 'name': {'title': 'Mrs', 'first': 'Chaiane', 'last': 'Peixoto'}, 'location': {'street': {'number': 4163, 'name': 'Rua Boa Vista '}, 'city': 'Nova Iguaçu', 'state': 'R...</msg>
<var>${json_data}</var>
<arg>${response.json()}</arg>
<doc>Returns the given values which can then be assigned to a variables.</doc>
<status status="PASS" start="2024-07-25T15:17:29.282450" elapsed="0.000508"/>
</kw>
<kw name="Dictionary Should Contain Key" owner="Collections">
<arg>${json_data}</arg>
<arg>results</arg>
<doc>Fails if ``key`` is not found from ``dictionary``.</doc>
<status status="PASS" start="2024-07-25T15:17:29.283313" elapsed="0.000351"/>
</kw>
<status status="PASS" start="2024-07-25T15:17:29.062218" elapsed="0.221609"/>
</kw>
<doc>Testa se a API responde corretamente e retorna um objeto JSON válido.</doc>
<tag>testeRequisicaoBasica</tag>
<status status="PASS" start="2024-07-25T15:17:29.061517" elapsed="0.222498"/>
</test>
<test id="s1-s1-t3" name="Validar estrutura de resposta" line="22">
<kw name="Teste de Estrutura de Resposta" owner="random-user-service">
<kw name="GET On Session" owner="RequestsLibrary">
<msg time="2024-07-25T15:17:29.366742" level="INFO">GET Request : url=https://randomuser.me/api 
 path_url=/api 
 headers={'User-Agent': 'python-requests/2.32.3', 'Accept-Encoding': 'gzip, deflate', 'Accept': '*/*', 'Connection': 'keep-alive'} 
 body=None 
 </msg>
<msg time="2024-07-25T15:17:29.366862" level="INFO">GET Response : url=https://randomuser.me/api 
 status=200, reason=OK 
 headers={'Date': 'Thu, 25 Jul 2024 15:17:29 GMT', 'Content-Type': 'application/json; charset=utf-8', 'Transfer-Encoding': 'chunked', 'Connection': 'keep-alive', 'X-Powered-By': 'Express', 'Access-Control-Allow-Origin': '*', 'Cache-Control': 'no-cache', 'ETag': 'W/"49e-oUFlycj+QjOyszuKyLXyUBgsna8"', 'Vary': 'Accept-Encoding', 'Content-Encoding': 'gzip', 'CF-Cache-Status': 'DYNAMIC', 'Report-To': '{"endpoints":[{"url":"https:\\/\\/a.nel.cloudflare.com\\/report\\/v4?s=5%2BrMYs6%2BWKUcxo0CO1Qr%2FpA42yi3MqhTOEyrvTFhjj6hYAc3ni6%2BpMy8TcEV5yW6GCm6jYg9shJiE8WpHzU6sMFa8aMgLV4BxLRmOdAChA1iWA5atX9%2FHWZcFAc839%2FU"}],"group":"cf-nel","max_age":604800}', 'NEL': '{"success_fraction":0,"report_to":"cf-nel","max_age":604800}', 'Server': 'cloudflare', 'CF-RAY': '8a8d1dfa2cc4e15f-ORD', 'alt-svc': 'h3=":443"; ma=86400'} 
 body={"results":[{"gender":"male","name":{"title":"Mr","first":"Anatole","last":"Dumas"},"location":{"street":{"number":4079,"name":"Route de Genas"},"city":"Angers","state":"Meurthe-et-Moselle","country":"France","postcode":74310,"coordinates":{"latitude":"-16.1676","longitude":"-166.0933"},"timezone":{"offset":"+5:30","description":"Bombay, Calcutta, Madras, New Delhi"}},"email":"anatole.dumas@example.com","login":{"uuid":"03b650ab-a9de-4829-a973-2bcde3a92e8e","username":"heavyduck224","password":"mpegs","salt":"QL13FlJQ","md5":"5bce8a1479ed395bb6cf06db940add58","sha1":"2163493934293ac69f06d970b6101d1520678e29","sha256":"760043b531e1224a9ddaf23161ca1a280ac76cd12e96747b1694b0650bedb444"},"dob":{"date":"1986-12-28T03:35:58.407Z","age":37},"registered":{"date":"2018-01-21T02:50:41.033Z","age":6},"phone":"05-26-51-95-97","cell":"06-91-38-93-38","id":{"name":"INSEE","value":"1861106359638 56"},"picture":{"large":"https://randomuser.me/api/portraits/men/85.jpg","medium":"https://randomuser.me/api/portraits/med/men/85.jpg","thumbnail":"https://randomuser.me/api/portraits/thumb/men/85.jpg"},"nat":"FR"}],"info":{"seed":"cf05719b15cd0196","results":1,"page":1,"version":"1.4"}} 
 </msg>
<msg time="2024-07-25T15:17:29.367010" level="INFO">/opt/hostedtoolcache/Python/3.12.4/x64/lib/python3.12/site-packages/urllib3/connectionpool.py:1099: InsecureRequestWarning: Unverified HTTPS request is being made to host 'randomuser.me'. Adding certificate verification is strongly advised. See: https://urllib3.readthedocs.io/en/latest/advanced-usage.html#tls-warnings
  warnings.warn(</msg>
<msg time="2024-07-25T15:17:29.367175" level="INFO">${response} = &lt;Response [200]&gt;</msg>
<var>${response}</var>
<arg>consultarAPI</arg>
<arg>/api</arg>
<doc>Sends a GET request on a previously created HTTP Session.</doc>
<status status="PASS" start="2024-07-25T15:17:29.286654" elapsed="0.080562"/>
</kw>
<kw name="Set Variable" owner="BuiltIn">
<msg time="2024-07-25T15:17:29.368350" level="INFO">${json_data} = {'results': [{'gender': 'male', 'name': {'title': 'Mr', 'first': 'Anatole', 'last': 'Dumas'}, 'location': {'street': {'number': 4079, 'name': 'Route de Genas'}, 'city': 'Angers', 'state': 'Meurthe-et-...</msg>
<var>${json_data}</var>
<arg>${response.json()}</arg>
<doc>Returns the given values which can then be assigned to a variables.</doc>
<status status="PASS" start="2024-07-25T15:17:29.367785" elapsed="0.000595"/>
</kw>
<kw name="Log" owner="BuiltIn">
<msg time="2024-07-25T15:17:29.368956" level="INFO">{'results': [{'gender': 'male', 'name': {'title': 'Mr', 'first': 'Anatole', 'last': 'Dumas'}, 'location': {'street': {'number': 4079, 'name': 'Route de Genas'}, 'city': 'Angers', 'state': 'Meurthe-et-Moselle', 'country': 'France', 'postcode': 74310, 'coordinates': {'latitude': '-16.1676', 'longitude': '-166.0933'}, 'timezone': {'offset': '+5:30', 'description': 'Bombay, Calcutta, Madras, New Delhi'}}, 'email': 'anatole.dumas@example.com', 'login': {'uuid': '03b650ab-a9de-4829-a973-2bcde3a92e8e', 'username': 'heavyduck224', 'password': 'mpegs', 'salt': 'QL13FlJQ', 'md5': '5bce8a1479ed395bb6cf06db940add58', 'sha1': '2163493934293ac69f06d970b6101d1520678e29', 'sha256': '760043b531e1224a9ddaf23161ca1a280ac76cd12e96747b1694b0650bedb444'}, 'dob': {'date': '1986-12-28T03:35:58.407Z', 'age': 37}, 'registered': {'date': '2018-01-21T02:50:41.033Z', 'age': 6}, 'phone': '05-26-51-95-97', 'cell': '06-91-38-93-38', 'id': {'name': 'INSEE', 'value': '1861106359638 56'}, 'picture': {'large': 'https://randomuser.me/api/portraits/men/85.jpg', 'medium': 'https://randomuser.me/api/portraits/med/men/85.jpg', 'thumbnail': 'https://randomuser.me/api/portraits/thumb/men/85.jpg'}, 'nat': 'FR'}], 'info': {'seed': 'cf05719b15cd0196', 'results': 1, 'page': 1, 'version': '1.4'}}</msg>
<arg>${json_data}</arg>
<doc>Logs the given message with the given level.</doc>
<status status="PASS" start="2024-07-25T15:17:29.368767" elapsed="0.000240"/>
</kw>
<kw name="Dictionary Should Contain Key" owner="Collections">
<arg>${json_data}</arg>
<arg>results</arg>
<doc>Fails if ``key`` is not found from ``dictionary``.</doc>
<status status="PASS" start="2024-07-25T15:17:29.369329" elapsed="0.000174"/>
</kw>
<kw name="Should Not Be Empty" owner="BuiltIn">
<msg time="2024-07-25T15:17:29.369842" level="INFO">Length is 2.</msg>
<arg>${json_data}</arg>
<doc>Verifies that the given item is not empty.</doc>
<status status="PASS" start="2024-07-25T15:17:29.369704" elapsed="0.000178"/>
</kw>
<kw name="Create List" owner="BuiltIn">
<msg time="2024-07-25T15:17:29.370340" level="INFO">${expected_keys} = ['gender', 'name', 'location', 'email', 'login']</msg>
<var>${expected_keys}</var>
<arg>gender</arg>
<arg>name</arg>
<arg>location</arg>
<arg>email</arg>
<arg>login</arg>
<doc>Returns a list containing given items.</doc>
<status status="PASS" start="2024-07-25T15:17:29.370182" elapsed="0.000183"/>
</kw>
<for flavor="IN">
<iter>
<kw name="Dictionary Should Contain Key" owner="Collections">
<arg>${json_data['results'][0]}</arg>
<arg>${key}</arg>
<doc>Fails if ``key`` is not found from ``dictionary``.</doc>
<status status="PASS" start="2024-07-25T15:17:29.370975" elapsed="0.000469"/>
</kw>
<kw name="Log" owner="BuiltIn">
<msg time="2024-07-25T15:17:29.371999" level="INFO">{'gender': 'male', 'name': {'title': 'Mr', 'first': 'Anatole', 'last': 'Dumas'}, 'location': {'street': {'number': 4079, 'name': 'Route de Genas'}, 'city': 'Angers', 'state': 'Meurthe-et-Moselle', 'country': 'France', 'postcode': 74310, 'coordinates': {'latitude': '-16.1676', 'longitude': '-166.0933'}, 'timezone': {'offset': '+5:30', 'description': 'Bombay, Calcutta, Madras, New Delhi'}}, 'email': 'anatole.dumas@example.com', 'login': {'uuid': '03b650ab-a9de-4829-a973-2bcde3a92e8e', 'username': 'heavyduck224', 'password': 'mpegs', 'salt': 'QL13FlJQ', 'md5': '5bce8a1479ed395bb6cf06db940add58', 'sha1': '2163493934293ac69f06d970b6101d1520678e29', 'sha256': '760043b531e1224a9ddaf23161ca1a280ac76cd12e96747b1694b0650bedb444'}, 'dob': {'date': '1986-12-28T03:35:58.407Z', 'age': 37}, 'registered': {'date': '2018-01-21T02:50:41.033Z', 'age': 6}, 'phone': '05-26-51-95-97', 'cell': '06-91-38-93-38', 'id': {'name': 'INSEE', 'value': '1861106359638 56'}, 'picture': {'large': 'https://randomuser.me/api/portraits/men/85.jpg', 'medium': 'https://randomuser.me/api/portraits/med/men/85.jpg', 'thumbnail': 'https://randomuser.me/api/portraits/thumb/men/85.jpg'}, 'nat': 'FR'}</msg>
<arg>${json_data['results'][0]}</arg>
<doc>Logs the given message with the given level.</doc>
<status status="PASS" start="2024-07-25T15:17:29.371637" elapsed="0.000412"/>
</kw>
<kw name="Log" owner="BuiltIn">
<msg time="2024-07-25T15:17:29.372491" level="INFO">gender</msg>
<arg>${key}</arg>
<doc>Logs the given message with the given level.</doc>
<status status="PASS" start="2024-07-25T15:17:29.372358" elapsed="0.000172"/>
</kw>
<var name="${key}">gender</var>
<status status="PASS" start="2024-07-25T15:17:29.370843" elapsed="0.001908"/>
</iter>
<iter>
<kw name="Dictionary Should Contain Key" owner="Collections">
<arg>${json_data['results'][0]}</arg>
<arg>${key}</arg>
<doc>Fails if ``key`` is not found from ``dictionary``.</doc>
<status status="PASS" start="2024-07-25T15:17:29.373055" elapsed="0.000404"/>
</kw>
<kw name="Log" owner="BuiltIn">
<msg time="2024-07-25T15:17:29.374044" level="INFO">{'gender': 'male', 'name': {'title': 'Mr', 'first': 'Anatole', 'last': 'Dumas'}, 'location': {'street': {'number': 4079, 'name': 'Route de Genas'}, 'city': 'Angers', 'state': 'Meurthe-et-Moselle', 'country': 'France', 'postcode': 74310, 'coordinates': {'latitude': '-16.1676', 'longitude': '-166.0933'}, 'timezone': {'offset': '+5:30', 'description': 'Bombay, Calcutta, Madras, New Delhi'}}, 'email': 'anatole.dumas@example.com', 'login': {'uuid': '03b650ab-a9de-4829-a973-2bcde3a92e8e', 'username': 'heavyduck224', 'password': 'mpegs', 'salt': 'QL13FlJQ', 'md5': '5bce8a1479ed395bb6cf06db940add58', 'sha1': '2163493934293ac69f06d970b6101d1520678e29', 'sha256': '760043b531e1224a9ddaf23161ca1a280ac76cd12e96747b1694b0650bedb444'}, 'dob': {'date': '1986-12-28T03:35:58.407Z', 'age': 37}, 'registered': {'date': '2018-01-21T02:50:41.033Z', 'age': 6}, 'phone': '05-26-51-95-97', 'cell': '06-91-38-93-38', 'id': {'name': 'INSEE', 'value': '1861106359638 56'}, 'picture': {'large': 'https://randomuser.me/api/portraits/men/85.jpg', 'medium': 'https://randomuser.me/api/portraits/med/men/85.jpg', 'thumbnail': 'https://randomuser.me/api/portraits/thumb/men/85.jpg'}, 'nat': 'FR'}</msg>
<arg>${json_data['results'][0]}</arg>
<doc>Logs the given message with the given level.</doc>
<status status="PASS" start="2024-07-25T15:17:29.373646" elapsed="0.000447"/>
</kw>
<kw name="Log" owner="BuiltIn">
<msg time="2024-07-25T15:17:29.374524" level="INFO">name</msg>
<arg>${key}</arg>
<doc>Logs the given message with the given level.</doc>
<status status="PASS" start="2024-07-25T15:17:29.374395" elapsed="0.000167"/>
</kw>
<var name="${key}">name</var>
<status status="PASS" start="2024-07-25T15:17:29.372942" elapsed="0.001840"/>
</iter>
<iter>
<kw name="Dictionary Should Contain Key" owner="Collections">
<arg>${json_data['results'][0]}</arg>
<arg>${key}</arg>
<doc>Fails if ``key`` is not found from ``dictionary``.</doc>
<status status="PASS" start="2024-07-25T15:17:29.375090" elapsed="0.000396"/>
</kw>
<kw name="Log" owner="BuiltIn">
<msg time="2024-07-25T15:17:29.376043" level="INFO">{'gender': 'male', 'name': {'title': 'Mr', 'first': 'Anatole', 'last': 'Dumas'}, 'location': {'street': {'number': 4079, 'name': 'Route de Genas'}, 'city': 'Angers', 'state': 'Meurthe-et-Moselle', 'country': 'France', 'postcode': 74310, 'coordinates': {'latitude': '-16.1676', 'longitude': '-166.0933'}, 'timezone': {'offset': '+5:30', 'description': 'Bombay, Calcutta, Madras, New Delhi'}}, 'email': 'anatole.dumas@example.com', 'login': {'uuid': '03b650ab-a9de-4829-a973-2bcde3a92e8e', 'username': 'heavyduck224', 'password': 'mpegs', 'salt': 'QL13FlJQ', 'md5': '5bce8a1479ed395bb6cf06db940add58', 'sha1': '2163493934293ac69f06d970b6101d1520678e29', 'sha256': '760043b531e1224a9ddaf23161ca1a280ac76cd12e96747b1694b0650bedb444'}, 'dob': {'date': '1986-12-28T03:35:58.407Z', 'age': 37}, 'registered': {'date': '2018-01-21T02:50:41.033Z', 'age': 6}, 'phone': '05-26-51-95-97', 'cell': '06-91-38-93-38', 'id': {'name': 'INSEE', 'value': '1861106359638 56'}, 'picture': {'large': 'https://randomuser.me/api/portraits/men/85.jpg', 'medium': 'https://randomuser.me/api/portraits/med/men/85.jpg', 'thumbnail': 'https://randomuser.me/api/portraits/thumb/men/85.jpg'}, 'nat': 'FR'}</msg>
<arg>${json_data['results'][0]}</arg>
<doc>Logs the given message with the given level.</doc>
<status status="PASS" start="2024-07-25T15:17:29.375678" elapsed="0.000414"/>
</kw>
<kw name="Log" owner="BuiltIn">
<msg time="2024-07-25T15:17:29.376523" level="INFO">location</msg>
<arg>${key}</arg>
<doc>Logs the given message with the given level.</doc>
<status status="PASS" start="2024-07-25T15:17:29.376393" elapsed="0.000168"/>
</kw>
<var name="${key}">location</var>
<status status="PASS" start="2024-07-25T15:17:29.374961" elapsed="0.001822"/>
</iter>
<iter>
<kw name="Dictionary Should Contain Key" owner="Collections">
<arg>${json_data['results'][0]}</arg>
<arg>${key}</arg>
<doc>Fails if ``key`` is not found from ``dictionary``.</doc>
<status status="PASS" start="2024-07-25T15:17:29.377070" elapsed="0.000388"/>
</kw>
<kw name="Log" owner="BuiltIn">
<msg time="2024-07-25T15:17:29.378141" level="INFO">{'gender': 'male', 'name': {'title': 'Mr', 'first': 'Anatole', 'last': 'Dumas'}, 'location': {'street': {'number': 4079, 'name': 'Route de Genas'}, 'city': 'Angers', 'state': 'Meurthe-et-Moselle', 'country': 'France', 'postcode': 74310, 'coordinates': {'latitude': '-16.1676', 'longitude': '-166.0933'}, 'timezone': {'offset': '+5:30', 'description': 'Bombay, Calcutta, Madras, New Delhi'}}, 'email': 'anatole.dumas@example.com', 'login': {'uuid': '03b650ab-a9de-4829-a973-2bcde3a92e8e', 'username': 'heavyduck224', 'password': 'mpegs', 'salt': 'QL13FlJQ', 'md5': '5bce8a1479ed395bb6cf06db940add58', 'sha1': '2163493934293ac69f06d970b6101d1520678e29', 'sha256': '760043b531e1224a9ddaf23161ca1a280ac76cd12e96747b1694b0650bedb444'}, 'dob': {'date': '1986-12-28T03:35:58.407Z', 'age': 37}, 'registered': {'date': '2018-01-21T02:50:41.033Z', 'age': 6}, 'phone': '05-26-51-95-97', 'cell': '06-91-38-93-38', 'id': {'name': 'INSEE', 'value': '1861106359638 56'}, 'picture': {'large': 'https://randomuser.me/api/portraits/men/85.jpg', 'medium': 'https://randomuser.me/api/portraits/med/men/85.jpg', 'thumbnail': 'https://randomuser.me/api/portraits/thumb/men/85.jpg'}, 'nat': 'FR'}</msg>
<arg>${json_data['results'][0]}</arg>
<doc>Logs the given message with the given level.</doc>
<status status="PASS" start="2024-07-25T15:17:29.377777" elapsed="0.000412"/>
</kw>
<kw name="Log" owner="BuiltIn">
<msg time="2024-07-25T15:17:29.378622" level="INFO">email</msg>
<arg>${key}</arg>
<doc>Logs the given message with the given level.</doc>
<status status="PASS" start="2024-07-25T15:17:29.378490" elapsed="0.000178"/>
</kw>
<var name="${key}">email</var>
<status status="PASS" start="2024-07-25T15:17:29.376960" elapsed="0.001928"/>
</iter>
<iter>
<kw name="Dictionary Should Contain Key" owner="Collections">
<arg>${json_data['results'][0]}</arg>
<arg>${key}</arg>
<doc>Fails if ``key`` is not found from ``dictionary``.</doc>
<status status="PASS" start="2024-07-25T15:17:29.379203" elapsed="0.000392"/>
</kw>
<kw name="Log" owner="BuiltIn">
<msg time="2024-07-25T15:17:29.380135" level="INFO">{'gender': 'male', 'name': {'title': 'Mr', 'first': 'Anatole', 'last': 'Dumas'}, 'location': {'street': {'number': 4079, 'name': 'Route de Genas'}, 'city': 'Angers', 'state': 'Meurthe-et-Moselle', 'country': 'France', 'postcode': 74310, 'coordinates': {'latitude': '-16.1676', 'longitude': '-166.0933'}, 'timezone': {'offset': '+5:30', 'description': 'Bombay, Calcutta, Madras, New Delhi'}}, 'email': 'anatole.dumas@example.com', 'login': {'uuid': '03b650ab-a9de-4829-a973-2bcde3a92e8e', 'username': 'heavyduck224', 'password': 'mpegs', 'salt': 'QL13FlJQ', 'md5': '5bce8a1479ed395bb6cf06db940add58', 'sha1': '2163493934293ac69f06d970b6101d1520678e29', 'sha256': '760043b531e1224a9ddaf23161ca1a280ac76cd12e96747b1694b0650bedb444'}, 'dob': {'date': '1986-12-28T03:35:58.407Z', 'age': 37}, 'registered': {'date': '2018-01-21T02:50:41.033Z', 'age': 6}, 'phone': '05-26-51-95-97', 'cell': '06-91-38-93-38', 'id': {'name': 'INSEE', 'value': '1861106359638 56'}, 'picture': {'large': 'https://randomuser.me/api/portraits/men/85.jpg', 'medium': 'https://randomuser.me/api/portraits/med/men/85.jpg', 'thumbnail': 'https://randomuser.me/api/portraits/thumb/men/85.jpg'}, 'nat': 'FR'}</msg>
<arg>${json_data['results'][0]}</arg>
<doc>Logs the given message with the given level.</doc>
<status status="PASS" start="2024-07-25T15:17:29.379778" elapsed="0.000407"/>
</kw>
<kw name="Log" owner="BuiltIn">
<msg time="2024-07-25T15:17:29.380606" level="INFO">login</msg>
<arg>${key}</arg>
<doc>Logs the given message with the given level.</doc>
<status status="PASS" start="2024-07-25T15:17:29.380477" elapsed="0.000167"/>
</kw>
<var name="${key}">login</var>
<status status="PASS" start="2024-07-25T15:17:29.379065" elapsed="0.001798"/>
</iter>
<var>${key}</var>
<value>@{expected_keys}</value>
<status status="PASS" start="2024-07-25T15:17:29.370636" elapsed="0.010348"/>
</for>
<kw name="Create List" owner="BuiltIn">
<msg time="2024-07-25T15:17:29.381343" level="INFO">${expected_keysTwo} = ['username', 'password']</msg>
<var>${expected_keysTwo}</var>
<arg>username</arg>
<arg>password</arg>
<doc>Returns a list containing given items.</doc>
<status status="PASS" start="2024-07-25T15:17:29.381203" elapsed="0.000165"/>
</kw>
<for flavor="IN">
<iter>
<kw name="Dictionary Should Contain Key" owner="Collections">
<arg>${json_data['results'][0]['login']}</arg>
<arg>${keyTwo}</arg>
<doc>Fails if ``key`` is not found from ``dictionary``.</doc>
<status status="PASS" start="2024-07-25T15:17:29.381874" elapsed="0.000396"/>
</kw>
<kw name="Dictionary Should Contain Key" owner="Collections">
<arg>${json_data['results'][0]['login']}</arg>
<arg>${keyTwo}</arg>
<doc>Fails if ``key`` is not found from ``dictionary``.</doc>
<status status="PASS" start="2024-07-25T15:17:29.382452" elapsed="0.000378"/>
</kw>
<kw name="Log" owner="BuiltIn">
<msg time="2024-07-25T15:17:29.383154" level="INFO">username</msg>
<arg>${keyTwo}</arg>
<doc>Logs the given message with the given level.</doc>
<status status="PASS" start="2024-07-25T15:17:29.383008" elapsed="0.000186"/>
</kw>
<var name="${keyTwo}">username</var>
<status status="PASS" start="2024-07-25T15:17:29.381767" elapsed="0.001654"/>
</iter>
<iter>
<kw name="Dictionary Should Contain Key" owner="Collections">
<arg>${json_data['results'][0]['login']}</arg>
<arg>${keyTwo}</arg>
<doc>Fails if ``key`` is not found from ``dictionary``.</doc>
<status status="PASS" start="2024-07-25T15:17:29.383705" elapsed="0.000383"/>
</kw>
<kw name="Dictionary Should Contain Key" owner="Collections">
<arg>${json_data['results'][0]['login']}</arg>
<arg>${keyTwo}</arg>
<doc>Fails if ``key`` is not found from ``dictionary``.</doc>
<status status="PASS" start="2024-07-25T15:17:29.384265" elapsed="0.000380"/>
</kw>
<kw name="Log" owner="BuiltIn">
<msg time="2024-07-25T15:17:29.384947" level="INFO">password</msg>
<arg>${keyTwo}</arg>
<doc>Logs the given message with the given level.</doc>
<status status="PASS" start="2024-07-25T15:17:29.384821" elapsed="0.000164"/>
</kw>
<var name="${keyTwo}">password</var>
<status status="PASS" start="2024-07-25T15:17:29.383593" elapsed="0.001616"/>
</iter>
<var>${keyTwo}</var>
<value>@{expected_keysTwo}</value>
<status status="PASS" start="2024-07-25T15:17:29.381615" elapsed="0.003719"/>
</for>
<status status="PASS" start="2024-07-25T15:17:29.286406" elapsed="0.099073"/>
</kw>
<doc>Testa a estrutura da resposta da API.</doc>
<tag>testeEstruturaResposta</tag>
<status status="PASS" start="2024-07-25T15:17:29.285865" elapsed="0.099780"/>
</test>
<test id="s1-s1-t4" name="Validar tipos de dados" line="28">
<kw name="Teste de Tipos de Dados" owner="random-user-service">
<kw name="GET On Session" owner="RequestsLibrary">
<msg time="2024-07-25T15:17:29.481826" level="INFO">GET Request : url=https://randomuser.me/api 
 path_url=/api 
 headers={'User-Agent': 'python-requests/2.32.3', 'Accept-Encoding': 'gzip, deflate', 'Accept': '*/*', 'Connection': 'keep-alive'} 
 body=None 
 </msg>
<msg time="2024-07-25T15:17:29.481946" level="INFO">GET Response : url=https://randomuser.me/api 
 status=200, reason=OK 
 headers={'Date': 'Thu, 25 Jul 2024 15:17:29 GMT', 'Content-Type': 'application/json; charset=utf-8', 'Transfer-Encoding': 'chunked', 'Connection': 'keep-alive', 'X-Powered-By': 'Express', 'Access-Control-Allow-Origin': '*', 'Cache-Control': 'no-cache', 'ETag': 'W/"473-E6cDdrEixIPEpSLXA/hckGvu3+I"', 'Vary': 'Accept-Encoding', 'Content-Encoding': 'gzip', 'CF-Cache-Status': 'DYNAMIC', 'Report-To': '{"endpoints":[{"url":"https:\\/\\/a.nel.cloudflare.com\\/report\\/v4?s=MvCUE8OkiNamCsPDTau4y77e91Lf4iwIXr%2FX19zE0%2BvtxvYKw7G%2FL0IjWuHxBID5k9SmwfNuNp%2Ftc96iZQz%2FdPHEDSdQLFu6hhIqI1gTAGA%2FVPVI161goriIl%2Fp4apqe"}],"group":"cf-nel","max_age":604800}', 'NEL': '{"success_fraction":0,"report_to":"cf-nel","max_age":604800}', 'Server': 'cloudflare', 'CF-RAY': '8a8d1dfacdbae15f-ORD', 'alt-svc': 'h3=":443"; ma=86400'} 
 body={"results":[{"gender":"male","name":{"title":"Mr","first":"Douglas","last":"Bell"},"location":{"street":{"number":9350,"name":"Lovers Ln"},"city":"Reno","state":"North Dakota","country":"United States","postcode":93950,"coordinates":{"latitude":"88.8987","longitude":"-80.8758"},"timezone":{"offset":"+3:30","description":"Tehran"}},"email":"douglas.bell@example.com","login":{"uuid":"409e7bae-6902-4f75-80cc-7775a538263c","username":"smallpeacock513","password":"1996","salt":"AJdk8BwG","md5":"d3c8e42d661b6ac75565c4b341fe9a6f","sha1":"ebbb3d957d457ae583f7ec927e4658611c86405e","sha256":"7cbc0863032e944f90f9364faa4ffb2acd78d420077ae9937e7b26ce500fa4ff"},"dob":{"date":"1970-06-29T23:03:29.844Z","age":54},"registered":{"date":"2012-02-09T08:38:02.405Z","age":12},"phone":"(732) 613-1879","cell":"(463) 588-7541","id":{"name":"SSN","value":"137-26-1677"},"picture":{"large":"https://randomuser.me/api/portraits/men/34.jpg","medium":"https://randomuser.me/api/portraits/med/men/34.jpg","thumbnail":"https://randomuser.me/api/portraits/thumb/men/34.jpg"},"nat":"US"}],"info":{"seed":"a4490bd4319bdbeb","results":1,"page":1,"version":"1.4"}} 
 </msg>
<msg time="2024-07-25T15:17:29.482039" level="INFO">/opt/hostedtoolcache/Python/3.12.4/x64/lib/python3.12/site-packages/urllib3/connectionpool.py:1099: InsecureRequestWarning: Unverified HTTPS request is being made to host 'randomuser.me'. Adding certificate verification is strongly advised. See: https://urllib3.readthedocs.io/en/latest/advanced-usage.html#tls-warnings
  warnings.warn(</msg>
<msg time="2024-07-25T15:17:29.482185" level="INFO">${response} = &lt;Response [200]&gt;</msg>
<var>${response}</var>
<arg>consultarAPI</arg>
<arg>/api</arg>
<doc>Sends a GET request on a previously created HTTP Session.</doc>
<status status="PASS" start="2024-07-25T15:17:29.388149" elapsed="0.094076"/>
</kw>
<kw name="Set Variable" owner="BuiltIn">
<msg time="2024-07-25T15:17:29.483591" level="INFO">${json_data} = {'results': [{'gender': 'male', 'name': {'title': 'Mr', 'first': 'Douglas', 'last': 'Bell'}, 'location': {'street': {'number': 9350, 'name': 'Lovers Ln'}, 'city': 'Reno', 'state': 'North Dakota', 'cou...</msg>
<var>${json_data}</var>
<arg>${response.json()}</arg>
<doc>Returns the given values which can then be assigned to a variables.</doc>
<status status="PASS" start="2024-07-25T15:17:29.482954" elapsed="0.000668"/>
</kw>
<kw name="Log" owner="BuiltIn">
<msg time="2024-07-25T15:17:29.484101" level="INFO">{'results': [{'gender': 'male', 'name': {'title': 'Mr', 'first': 'Douglas', 'last': 'Bell'}, 'location': {'street': {'number': 9350, 'name': 'Lovers Ln'}, 'city': 'Reno', 'state': 'North Dakota', 'country': 'United States', 'postcode': 93950, 'coordinates': {'latitude': '88.8987', 'longitude': '-80.8758'}, 'timezone': {'offset': '+3:30', 'description': 'Tehran'}}, 'email': 'douglas.bell@example.com', 'login': {'uuid': '409e7bae-6902-4f75-80cc-7775a538263c', 'username': 'smallpeacock513', 'password': '1996', 'salt': 'AJdk8BwG', 'md5': 'd3c8e42d661b6ac75565c4b341fe9a6f', 'sha1': 'ebbb3d957d457ae583f7ec927e4658611c86405e', 'sha256': '7cbc0863032e944f90f9364faa4ffb2acd78d420077ae9937e7b26ce500fa4ff'}, 'dob': {'date': '1970-06-29T23:03:29.844Z', 'age': 54}, 'registered': {'date': '2012-02-09T08:38:02.405Z', 'age': 12}, 'phone': '(732) 613-1879', 'cell': '(463) 588-7541', 'id': {'name': 'SSN', 'value': '137-26-1677'}, 'picture': {'large': 'https://randomuser.me/api/portraits/men/34.jpg', 'medium': 'https://randomuser.me/api/portraits/med/men/34.jpg', 'thumbnail': 'https://randomuser.me/api/portraits/thumb/men/34.jpg'}, 'nat': 'US'}], 'info': {'seed': 'a4490bd4319bdbeb', 'results': 1, 'page': 1, 'version': '1.4'}}</msg>
<arg>${json_data}</arg>
<doc>Logs the given message with the given level.</doc>
<status status="PASS" start="2024-07-25T15:17:29.483938" elapsed="0.000213"/>
</kw>
<kw name="Should Be String" owner="String">
<arg>${json_data['results'][0]['gender']}</arg>
<doc>Fails if the given ``item`` is not a string.</doc>
<status status="PASS" start="2024-07-25T15:17:29.484452" elapsed="0.000381"/>
</kw>
<kw name="Should Match Regexp" owner="BuiltIn">
<arg>${json_data['results'][0]['email']}</arg>
<arg>^[a-zA-Z0-9._%+-]+@[a-zA-Z0-9.-]+\.[a-zA-Z]{2,}$</arg>
<doc>Fails if ``string`` does not match ``pattern`` as a regular expression.</doc>
<status status="PASS" start="2024-07-25T15:17:29.485068" elapsed="0.000536"/>
</kw>
<kw name="Should Match Regexp" owner="BuiltIn">
<arg>${json_data['results'][0]['dob']['date']}</arg>
<arg>\\d{4}-\\d{2}-\\d{2}T\\d{2}:\\d{2}:\\d{2}\\.\\d{3}Z</arg>
<doc>Fails if ``string`` does not match ``pattern`` as a regular expression.</doc>
<status status="PASS" start="2024-07-25T15:17:29.485810" elapsed="0.000664"/>
</kw>
<kw name="Should Match Regexp" owner="BuiltIn">
<arg>${json_data['results'][0]['registered']['date']}</arg>
<arg>\\d{4}-\\d{2}-\\d{2}T\\d{2}:\\d{2}:\\d{2}\\.\\d{3}Z</arg>
<doc>Fails if ``string`` does not match ``pattern`` as a regular expression.</doc>
<status status="PASS" start="2024-07-25T15:17:29.486675" elapsed="0.000386"/>
</kw>
<kw name="Should Match Regexp" owner="BuiltIn">
<arg>${json_data['results'][0]['picture']['large']}</arg>
<arg>^https?://.*\.(?:png|jpe?g|gif|bmp)$</arg>
<doc>Fails if ``string`` does not match ``pattern`` as a regular expression.</doc>
<status status="PASS" start="2024-07-25T15:17:29.487290" elapsed="0.000477"/>
</kw>
<kw name="Should Match Regexp" owner="BuiltIn">
<arg>${json_data['results'][0]['picture']['medium']}</arg>
<arg>^https?://.*\.(?:png|jpe?g|gif|bmp)$</arg>
<doc>Fails if ``string`` does not match ``pattern`` as a regular expression.</doc>
<status status="PASS" start="2024-07-25T15:17:29.487967" elapsed="0.000361"/>
</kw>
<kw name="Should Match Regexp" owner="BuiltIn">
<arg>${json_data['results'][0]['picture']['thumbnail']}</arg>
<arg>^https?://.*\.(?:png|jpe?g|gif|bmp)$</arg>
<doc>Fails if ``string`` does not match ``pattern`` as a regular expression.</doc>
<status status="PASS" start="2024-07-25T15:17:29.488517" elapsed="0.000357"/>
</kw>
<kw name="Log" owner="BuiltIn">
<msg time="2024-07-25T15:17:29.489390" level="INFO">{'large': 'https://randomuser.me/api/portraits/men/34.jpg', 'medium': 'https://randomuser.me/api/portraits/med/men/34.jpg', 'thumbnail': 'https://randomuser.me/api/portraits/thumb/men/34.jpg'}</msg>
<arg>${json_data['results'][0]['picture']}</arg>
<doc>Logs the given message with the given level.</doc>
<status status="PASS" start="2024-07-25T15:17:29.489061" elapsed="0.000372"/>
</kw>
<status status="PASS" start="2024-07-25T15:17:29.387922" elapsed="0.101775"/>
</kw>
<kw name="Teste de Tipos de Dados - Postcode" owner="random-user-service">
<kw name="GET On Session" owner="RequestsLibrary">
<msg time="2024-07-25T15:17:29.588857" level="INFO">GET Request : url=https://randomuser.me/api 
 path_url=/api 
 headers={'User-Agent': 'python-requests/2.32.3', 'Accept-Encoding': 'gzip, deflate', 'Accept': '*/*', 'Connection': 'keep-alive'} 
 body=None 
 </msg>
<msg time="2024-07-25T15:17:29.588961" level="INFO">GET Response : url=https://randomuser.me/api 
 status=200, reason=OK 
 headers={'Date': 'Thu, 25 Jul 2024 15:17:29 GMT', 'Content-Type': 'application/json; charset=utf-8', 'Transfer-Encoding': 'chunked', 'Connection': 'keep-alive', 'X-Powered-By': 'Express', 'Access-Control-Allow-Origin': '*', 'Cache-Control': 'no-cache', 'ETag': 'W/"4a1-ZNWCpUHaejRqIEmO79bl5oFoCaI"', 'Vary': 'Accept-Encoding', 'Content-Encoding': 'gzip', 'CF-Cache-Status': 'DYNAMIC', 'Report-To': '{"endpoints":[{"url":"https:\\/\\/a.nel.cloudflare.com\\/report\\/v4?s=IVBiMEFoaqYJatMbTIDnjybsi8cwgGyeQF07aEYnh8PaVZroTPhbuasNdCDtLHs0REiLO%2Bj%2FFbKI03bB2HH1EA1R5HsuqrKc25deomkCATi0OV81Y%2F1HVcM2VUs6Ge7h"}],"group":"cf-nel","max_age":604800}', 'NEL': '{"success_fraction":0,"report_to":"cf-nel","max_age":604800}', 'Server': 'cloudflare', 'CF-RAY': '8a8d1dfb6eb5e15f-ORD', 'alt-svc': 'h3=":443"; ma=86400'} 
 body={"results":[{"gender":"male","name":{"title":"Mr","first":"Adán","last":"Vázquez"},"location":{"street":{"number":3728,"name":"Circunvalación Bhután"},"city":"Cárdenas","state":"Jalisco","country":"Mexico","postcode":48724,"coordinates":{"latitude":"25.6245","longitude":"-49.1770"},"timezone":{"offset":"-5:00","description":"Eastern Time (US &amp; Canada), Bogota, Lima"}},"email":"adan.vazquez@example.com","login":{"uuid":"0e456176-4879-4714-863e-65f43e8a5a39","username":"browntiger491","password":"gerbil","salt":"sHBKBhpX","md5":"d097b52e450155b35a865fe0d416d716","sha1":"ecadb0889168c7dab354925ce34b4c832523c757","sha256":"3e18d322bafc26e881fdb9da834ed774565a10f894cd5134fa83c4118f4069cd"},"dob":{"date":"1965-05-31T11:40:17.523Z","age":59},"registered":{"date":"2022-02-08T01:54:12.988Z","age":2},"phone":"(628) 563 6156","cell":"(651) 430 0597","id":{"name":"NSS","value":"72 06 67 4629 0"},"picture":{"large":"https://randomuser.me/api/portraits/men/25.jpg","medium":"https://randomuser.me/api/portraits/med/men/25.jpg","thumbnail":"https://randomuser.me/api/portraits/thumb/men/25.jpg"},"nat":"MX"}],"info":{"seed":"3d3ffa13590cd1e6","results":1,"page":1,"version":"1.4"}} 
 </msg>
<msg time="2024-07-25T15:17:29.589042" level="INFO">/opt/hostedtoolcache/Python/3.12.4/x64/lib/python3.12/site-packages/urllib3/connectionpool.py:1099: InsecureRequestWarning: Unverified HTTPS request is being made to host 'randomuser.me'. Adding certificate verification is strongly advised. See: https://urllib3.readthedocs.io/en/latest/advanced-usage.html#tls-warnings
  warnings.warn(</msg>
<msg time="2024-07-25T15:17:29.589168" level="INFO">${response} = &lt;Response [200]&gt;</msg>
<var>${response}</var>
<arg>consultarAPI</arg>
<arg>/api</arg>
<doc>Sends a GET request on a previously created HTTP Session.</doc>
<status status="PASS" start="2024-07-25T15:17:29.490165" elapsed="0.099047"/>
</kw>
<kw name="Set Variable" owner="BuiltIn">
<msg time="2024-07-25T15:17:29.590292" level="INFO">${json_data} = {'results': [{'gender': 'male', 'name': {'title': 'Mr', 'first': 'Adán', 'last': 'Vázquez'}, 'location': {'street': {'number': 3728, 'name': 'Circunvalación Bhután'}, 'city': 'Cárdenas', 'state': 'Jal...</msg>
<var>${json_data}</var>
<arg>${response.json()}</arg>
<doc>Returns the given values which can then be assigned to a variables.</doc>
<status status="PASS" start="2024-07-25T15:17:29.589745" elapsed="0.000578"/>
</kw>
<kw name="Log" owner="BuiltIn">
<msg time="2024-07-25T15:17:29.590814" level="INFO">{'results': [{'gender': 'male', 'name': {'title': 'Mr', 'first': 'Adán', 'last': 'Vázquez'}, 'location': {'street': {'number': 3728, 'name': 'Circunvalación Bhután'}, 'city': 'Cárdenas', 'state': 'Jalisco', 'country': 'Mexico', 'postcode': 48724, 'coordinates': {'latitude': '25.6245', 'longitude': '-49.1770'}, 'timezone': {'offset': '-5:00', 'description': 'Eastern Time (US &amp; Canada), Bogota, Lima'}}, 'email': 'adan.vazquez@example.com', 'login': {'uuid': '0e456176-4879-4714-863e-65f43e8a5a39', 'username': 'browntiger491', 'password': 'gerbil', 'salt': 'sHBKBhpX', 'md5': 'd097b52e450155b35a865fe0d416d716', 'sha1': 'ecadb0889168c7dab354925ce34b4c832523c757', 'sha256': '3e18d322bafc26e881fdb9da834ed774565a10f894cd5134fa83c4118f4069cd'}, 'dob': {'date': '1965-05-31T11:40:17.523Z', 'age': 59}, 'registered': {'date': '2022-02-08T01:54:12.988Z', 'age': 2}, 'phone': '(628) 563 6156', 'cell': '(651) 430 0597', 'id': {'name': 'NSS', 'value': '72 06 67 4629 0'}, 'picture': {'large': 'https://randomuser.me/api/portraits/men/25.jpg', 'medium': 'https://randomuser.me/api/portraits/med/men/25.jpg', 'thumbnail': 'https://randomuser.me/api/portraits/thumb/men/25.jpg'}, 'nat': 'MX'}], 'info': {'seed': '3d3ffa13590cd1e6', 'results': 1, 'page': 1, 'version': '1.4'}}</msg>
<arg>${json_data}</arg>
<doc>Logs the given message with the given level.</doc>
<status status="PASS" start="2024-07-25T15:17:29.590639" elapsed="0.000227"/>
</kw>
<kw name="Should Be Equal As Numbers" owner="BuiltIn">
<arg>${json_data['results'][0]['location']['postcode']}</arg>
<arg>${json_data['results'][0]['location']['postcode']}</arg>
<doc>Fails if objects are unequal after converting them to real numbers.</doc>
<status status="PASS" start="2024-07-25T15:17:29.591209" elapsed="0.000643"/>
</kw>
<kw name="Log" owner="BuiltIn">
<msg time="2024-07-25T15:17:29.592440" level="INFO">48724</msg>
<arg>${json_data['results'][0]['location']['postcode']}</arg>
<doc>Logs the given message with the given level.</doc>
<status status="PASS" start="2024-07-25T15:17:29.592083" elapsed="0.000400"/>
</kw>
<status status="PASS" start="2024-07-25T15:17:29.489930" elapsed="0.102819"/>
</kw>
<doc>Testa se os tipos de dados na resposta da API estão corretos.</doc>
<tag>testeTiposDados</tag>
<status status="PASS" start="2024-07-25T15:17:29.387443" elapsed="0.205485"/>
</test>
<test id="s1-s1-t5" name="Validar conteudo" line="35">
<kw name="Teste de Tipos de Conteudo" owner="random-user-service">
<kw name="GET On Session" owner="RequestsLibrary">
<msg time="2024-07-25T15:17:29.775921" level="INFO">GET Request : url=https://randomuser.me/api 
 path_url=/api 
 headers={'User-Agent': 'python-requests/2.32.3', 'Accept-Encoding': 'gzip, deflate', 'Accept': '*/*', 'Connection': 'keep-alive'} 
 body=None 
 </msg>
<msg time="2024-07-25T15:17:29.776028" level="INFO">GET Response : url=https://randomuser.me/api 
 status=200, reason=OK 
 headers={'Date': 'Thu, 25 Jul 2024 15:17:29 GMT', 'Content-Type': 'application/json; charset=utf-8', 'Transfer-Encoding': 'chunked', 'Connection': 'keep-alive', 'X-Powered-By': 'Express', 'Access-Control-Allow-Origin': '*', 'Cache-Control': 'no-cache', 'ETag': 'W/"490-fXZbR2IdezpP5se9s/PEWcvCCm0"', 'Vary': 'Accept-Encoding', 'Content-Encoding': 'gzip', 'CF-Cache-Status': 'DYNAMIC', 'Report-To': '{"endpoints":[{"url":"https:\\/\\/a.nel.cloudflare.com\\/report\\/v4?s=L9nApLvzUIvwbL4mKLJjLhvNovDTZmbtoKiMAUSJbUbCVQ4uhGqngqcrBK5aJ3mpVF1WjHtN0G23bBlRuUIRSpVwbkfj7K8jQ1SOgLKFwY8O6WBBPdrMe3kIz7jDmR9Z"}],"group":"cf-nel","max_age":604800}', 'NEL': '{"success_fraction":0,"report_to":"cf-nel","max_age":604800}', 'Server': 'cloudflare', 'CF-RAY': '8a8d1dfc0fa5e15f-ORD', 'alt-svc': 'h3=":443"; ma=86400'} 
 body={"results":[{"gender":"male","name":{"title":"Mr","first":"Owen","last":"Bergeron"},"location":{"street":{"number":1212,"name":"Dundas Rd"},"city":"Westport","state":"New Brunswick","country":"Canada","postcode":"H7M 5Z8","coordinates":{"latitude":"-67.8329","longitude":"-36.4761"},"timezone":{"offset":"+1:00","description":"Brussels, Copenhagen, Madrid, Paris"}},"email":"owen.bergeron@example.com","login":{"uuid":"c1717f46-4e6c-41ba-9d4e-a8f4aa59112d","username":"crazytiger676","password":"splinter","salt":"q5zVgRNf","md5":"f3ed0ffbc4d1889f529422bfcd204060","sha1":"970d875f9955cc243f259e8eee8c555d3581b035","sha256":"05f28c4f7f62e2bde617190ebfbc3064eba2f152831b21bb92be37689dc75fcf"},"dob":{"date":"1975-01-15T11:33:26.014Z","age":49},"registered":{"date":"2021-05-02T03:10:49.719Z","age":3},"phone":"Q63 O10-1816","cell":"K77 Z34-5728","id":{"name":"SIN","value":"220331045"},"picture":{"large":"https://randomuser.me/api/portraits/men/29.jpg","medium":"https://randomuser.me/api/portraits/med/men/29.jpg","thumbnail":"https://randomuser.me/api/portraits/thumb/men/29.jpg"},"nat":"CA"}],"info":{"seed":"8ea620cd9bcfade6","results":1,"page":1,"version":"1.4"}} 
 </msg>
<msg time="2024-07-25T15:17:29.776112" level="INFO">/opt/hostedtoolcache/Python/3.12.4/x64/lib/python3.12/site-packages/urllib3/connectionpool.py:1099: InsecureRequestWarning: Unverified HTTPS request is being made to host 'randomuser.me'. Adding certificate verification is strongly advised. See: https://urllib3.readthedocs.io/en/latest/advanced-usage.html#tls-warnings
  warnings.warn(</msg>
<msg time="2024-07-25T15:17:29.776231" level="INFO">${response} = &lt;Response [200]&gt;</msg>
<var>${response}</var>
<arg>consultarAPI</arg>
<arg>/api</arg>
<doc>Sends a GET request on a previously created HTTP Session.</doc>
<status status="PASS" start="2024-07-25T15:17:29.595478" elapsed="0.180788"/>
</kw>
<kw name="Set Variable" owner="BuiltIn">
<msg time="2024-07-25T15:17:29.777341" level="INFO">${json_data} = {'results': [{'gender': 'male', 'name': {'title': 'Mr', 'first': 'Owen', 'last': 'Bergeron'}, 'location': {'street': {'number': 1212, 'name': 'Dundas Rd'}, 'city': 'Westport', 'state': 'New Brunswick'...</msg>
<var>${json_data}</var>
<arg>${response.json()}</arg>
<doc>Returns the given values which can then be assigned to a variables.</doc>
<status status="PASS" start="2024-07-25T15:17:29.776809" elapsed="0.000561"/>
</kw>
<kw name="Set Variable" owner="BuiltIn">
<msg time="2024-07-25T15:17:29.778076" level="INFO">${name_title} = Mr</msg>
<var>${name_title}</var>
<arg>${json_data["results"][0]["name"]["title"]}</arg>
<doc>Returns the given values which can then be assigned to a variables.</doc>
<status status="PASS" start="2024-07-25T15:17:29.777687" elapsed="0.000414"/>
</kw>
<kw name="Create List" owner="BuiltIn">
<msg time="2024-07-25T15:17:29.778554" level="INFO">${allowed_titles} = ['Mr', 'Ms', 'Miss', 'Mrs', 'Madame', 'Monsieur']</msg>
<var>${allowed_titles}</var>
<arg>Mr</arg>
<arg>Ms</arg>
<arg>Miss</arg>
<arg>Mrs</arg>
<arg>Madame</arg>
<arg>Monsieur</arg>
<doc>Returns a list containing given items.</doc>
<status status="PASS" start="2024-07-25T15:17:29.778401" elapsed="0.000178"/>
</kw>
<kw name="List Should Contain Value" owner="Collections">
<arg>${allowed_titles}</arg>
<arg>${name_title}</arg>
<doc>Fails if the ``value`` is not found from ``list``.</doc>
<status status="PASS" start="2024-07-25T15:17:29.778891" elapsed="0.000240"/>
</kw>
<kw name="Set Variable" owner="BuiltIn">
<msg time="2024-07-25T15:17:29.779722" level="INFO">${name_country} = CA</msg>
<var>${name_country}</var>
<arg>${json_data["results"][0]["nat"]}</arg>
<doc>Returns the given values which can then be assigned to a variables.</doc>
<status status="PASS" start="2024-07-25T15:17:29.779333" elapsed="0.000414"/>
</kw>
<kw name="Create List" owner="BuiltIn">
<msg time="2024-07-25T15:17:29.780641" level="INFO">${list_country} = ['AD', 'AE', 'AF', 'AG', 'AI', 'AL', 'AM', 'AO', 'AQ', 'AR', 'AS', 'AT', 'AU', 'AW', 'AX', 'AZ', 'BA', 'BB', 'BD', 'BE', 'BF', 'BG', 'BH', 'BI', 'BJ', 'BL', 'BM', 'BN', 'BO', 'BQ', 'BR', 'BS', 'BT', '...</msg>
<var>${list_country}</var>
<arg>AD</arg>
<arg>AE</arg>
<arg>AF</arg>
<arg>AG</arg>
<arg>AI</arg>
<arg>AL</arg>
<arg>AM</arg>
<arg>AO</arg>
<arg>AQ</arg>
<arg>AR</arg>
<arg>AS</arg>
<arg>AT</arg>
<arg>AU</arg>
<arg>AW</arg>
<arg>AX</arg>
<arg>AZ</arg>
<arg>BA</arg>
<arg>BB</arg>
<arg>BD</arg>
<arg>BE</arg>
<arg>BF</arg>
<arg>BG</arg>
<arg>BH</arg>
<arg>BI</arg>
<arg>BJ</arg>
<arg>BL</arg>
<arg>BM</arg>
<arg>BN</arg>
<arg>BO</arg>
<arg>BQ</arg>
<arg>BR</arg>
<arg>BS</arg>
<arg>BT</arg>
<arg>BV</arg>
<arg>BW</arg>
<arg>BY</arg>
<arg>BZ</arg>
<arg>CA</arg>
<arg>CC</arg>
<arg>CD</arg>
<arg>CF</arg>
<arg>CG</arg>
<arg>CH</arg>
<arg>CI</arg>
<arg>CK</arg>
<arg>CL</arg>
<arg>CM</arg>
<arg>CN</arg>
<arg>CO</arg>
<arg>CR</arg>
<arg>CU</arg>
<arg>CV</arg>
<arg>CW</arg>
<arg>CX</arg>
<arg>CY</arg>
<arg>CZ</arg>
<arg>DE</arg>
<arg>DJ</arg>
<arg>DK</arg>
<arg>DM</arg>
<arg>DO</arg>
<arg>DZ</arg>
<arg>EC</arg>
<arg>EE</arg>
<arg>EG</arg>
<arg>EH</arg>
<arg>ER</arg>
<arg>ES</arg>
<arg>ET</arg>
<arg>FI</arg>
<arg>FJ</arg>
<arg>FK</arg>
<arg>FM</arg>
<arg>FO</arg>
<arg>FR</arg>
<arg>GA</arg>
<arg>GB</arg>
<arg>GD</arg>
<arg>GE</arg>
<arg>GF</arg>
<arg>GG</arg>
<arg>GH</arg>
<arg>GI</arg>
<arg>GL</arg>
<arg>GM</arg>
<arg>GN</arg>
<arg>GP</arg>
<arg>GQ</arg>
<arg>GR</arg>
<arg>GS</arg>
<arg>GT</arg>
<arg>GU</arg>
<arg>GW</arg>
<arg>GY</arg>
<arg>HK</arg>
<arg>HM</arg>
<arg>HN</arg>
<arg>HR</arg>
<arg>HT</arg>
<arg>HU</arg>
<arg>ID</arg>
<arg>IE</arg>
<arg>IL</arg>
<arg>IM</arg>
<arg>IN</arg>
<arg>IO</arg>
<arg>IQ</arg>
<arg>IR</arg>
<arg>IS</arg>
<arg>IT</arg>
<arg>JE</arg>
<arg>JM</arg>
<arg>JO</arg>
<arg>JP</arg>
<arg>KE</arg>
<arg>KG</arg>
<arg>KH</arg>
<arg>KI</arg>
<arg>KM</arg>
<arg>KN</arg>
<arg>KP</arg>
<arg>KR</arg>
<arg>KW</arg>
<arg>KY</arg>
<arg>KZ</arg>
<arg>LA</arg>
<arg>LB</arg>
<arg>LC</arg>
<arg>LI</arg>
<arg>LK</arg>
<arg>LR</arg>
<arg>LS</arg>
<arg>LT</arg>
<arg>LU</arg>
<arg>LV</arg>
<arg>LY</arg>
<arg>MA</arg>
<arg>MC</arg>
<arg>MD</arg>
<arg>ME</arg>
<arg>MF</arg>
<arg>MG</arg>
<arg>MH</arg>
<arg>MK</arg>
<arg>ML</arg>
<arg>MM</arg>
<arg>MN</arg>
<arg>MO</arg>
<arg>MP</arg>
<arg>MQ</arg>
<arg>MR</arg>
<arg>MS</arg>
<arg>MT</arg>
<arg>MU</arg>
<arg>MV</arg>
<arg>MW</arg>
<arg>MX</arg>
<arg>MY</arg>
<arg>MZ</arg>
<arg>NA</arg>
<arg>NC</arg>
<arg>NE</arg>
<arg>NF</arg>
<arg>NG</arg>
<arg>NI</arg>
<arg>NL</arg>
<arg>NO</arg>
<arg>NP</arg>
<arg>NR</arg>
<arg>NU</arg>
<arg>NZ</arg>
<arg>OM</arg>
<arg>PA</arg>
<arg>PE</arg>
<arg>PF</arg>
<arg>PG</arg>
<arg>PH</arg>
<arg>PK</arg>
<arg>PL</arg>
<arg>PM</arg>
<arg>PN</arg>
<arg>PR</arg>
<arg>PS</arg>
<arg>PT</arg>
<arg>PW</arg>
<arg>PY</arg>
<arg>QA</arg>
<arg>RE</arg>
<arg>RO</arg>
<arg>RS</arg>
<arg>RU</arg>
<arg>RW</arg>
<arg>SA</arg>
<arg>SB</arg>
<arg>SC</arg>
<arg>SD</arg>
<arg>SE</arg>
<arg>SG</arg>
<arg>SH</arg>
<arg>SI</arg>
<arg>SJ</arg>
<arg>SK</arg>
<arg>SL</arg>
<arg>SM</arg>
<arg>SN</arg>
<arg>SO</arg>
<arg>SR</arg>
<arg>SS</arg>
<arg>ST</arg>
<arg>SV</arg>
<arg>SX</arg>
<arg>SY</arg>
<arg>SZ</arg>
<arg>TC</arg>
<arg>TD</arg>
<arg>TF</arg>
<arg>TG</arg>
<arg>TH</arg>
<arg>TJ</arg>
<arg>TK</arg>
<arg>TL</arg>
<arg>TM</arg>
<arg>TN</arg>
<arg>TO</arg>
<arg>TR</arg>
<arg>TT</arg>
<arg>TV</arg>
<arg>TW</arg>
<arg>TZ</arg>
<arg>UA</arg>
<arg>UG</arg>
<arg>UM</arg>
<arg>US</arg>
<arg>UY</arg>
<arg>UZ</arg>
<arg>VA</arg>
<arg>VC</arg>
<arg>VE</arg>
<arg>VG</arg>
<arg>VI</arg>
<arg>VN</arg>
<arg>VU</arg>
<arg>WF</arg>
<arg>WS</arg>
<arg>XK</arg>
<arg>YE</arg>
<arg>YT</arg>
<arg>ZA</arg>
<arg>ZM</arg>
<arg>ZW</arg>
<doc>Returns a list containing given items.</doc>
<status status="PASS" start="2024-07-25T15:17:29.780042" elapsed="0.000624"/>
</kw>
<kw name="List Should Contain Value" owner="Collections">
<arg>${list_country}</arg>
<arg>${name_country}</arg>
<doc>Fails if the ``value`` is not found from ``list``.</doc>
<status status="PASS" start="2024-07-25T15:17:29.781655" elapsed="0.000215"/>
</kw>
<kw name="Run Keyword If" owner="BuiltIn">
<kw name="Should Be True" owner="BuiltIn">
<arg>${True}</arg>
<doc>Fails if the given condition is not true.</doc>
<status status="PASS" start="2024-07-25T15:17:29.782846" elapsed="0.000142"/>
</kw>
<arg>${json_data["results"][0]["location"]["coordinates"]["latitude"]} &gt;= -90 and ${json_data["results"][0]["location"]["coordinates"]["latitude"]} &lt;= 90</arg>
<arg>Should Be True</arg>
<arg>${True}</arg>
<doc>Runs the given keyword with the given arguments, if ``condition`` is true.</doc>
<status status="PASS" start="2024-07-25T15:17:29.782073" elapsed="0.001068"/>
</kw>
<kw name="Run Keyword If" owner="BuiltIn">
<kw name="Should Be True" owner="BuiltIn">
<arg>${True}</arg>
<doc>Fails if the given condition is not true.</doc>
<status status="PASS" start="2024-07-25T15:17:29.784027" elapsed="0.000136"/>
</kw>
<arg>${json_data["results"][0]["location"]["coordinates"]["longitude"]} &gt;= -180 and ${json_data["results"][0]["location"]["coordinates"]["longitude"]} &lt;= 180</arg>
<arg>Should Be True</arg>
<arg>${True}</arg>
<doc>Runs the given keyword with the given arguments, if ``condition`` is true.</doc>
<status status="PASS" start="2024-07-25T15:17:29.783325" elapsed="0.000958"/>
</kw>
<status status="PASS" start="2024-07-25T15:17:29.595243" elapsed="0.189169"/>
</kw>
<doc>Testa o conteúdo específico dos campos retornados pela API.</doc>
<tag>testeConteudo</tag>
<status status="PASS" start="2024-07-25T15:17:29.594726" elapsed="0.189839"/>
</test>
<status status="PASS" start="2024-07-25T15:17:28.690900" elapsed="1.095593"/>
</suite>
<status status="PASS" start="2024-07-25T15:17:28.674552" elapsed="1.117080"/>
</suite>
<statistics>
<total>
<stat pass="5" fail="0" skip="0">All Tests</stat>
</total>
<tag>
<stat pass="1" fail="0" skip="0">testeConteudo</stat>
<stat pass="1" fail="0" skip="0">testeEstruturaResposta</stat>
<stat pass="1" fail="0" skip="0">testeRequisicaoBasica</stat>
<stat pass="1" fail="0" skip="0">testeTiposDados</stat>
</tag>
<suite>
<stat pass="5" fail="0" skip="0" id="s1" name="Tests">Tests</stat>
<stat pass="5" fail="0" skip="0" id="s1-s1" name="Random-User-Test">Tests.Random-User-Test</stat>
</suite>
</statistics>
<errors>
</errors>
</robot>
