<?xml version="1.0" encoding="UTF-8"?>
<robot generator="Robot 7.0.1 (Python 3.12.4 on linux)" generated="2024-07-06T09:16:44.143274" rpa="false" schemaversion="5">
<suite id="s1" name="Tests" source="/home/runner/work/ApiRandomUser/ApiRandomUser/RamdonUser/tests">
<suite id="s1-s1" name="Random-User-Test" source="/home/runner/work/ApiRandomUser/ApiRandomUser/RamdonUser/tests/random-user-test.robot">
<test id="s1-s1-t1" name="Conectar" line="13">
<kw name="Conectar API" owner="random-user-service">
<kw name="Create Session" owner="RequestsLibrary">
<msg time="2024-07-06T09:16:44.538971" level="INFO">Creating Session using : alias=consultarAPI, url=https://randomuser.me/, headers={},                     cookies={}, auth=None, timeout=None, proxies=None, verify=False,                     debug=0 </msg>
<arg>consultarAPI</arg>
<arg>${URL}</arg>
<doc>Create Session: create a HTTP session to a server</doc>
<status status="PASS" start="2024-07-06T09:16:44.538768" elapsed="0.000385"/>
</kw>
<status status="PASS" start="2024-07-06T09:16:44.537795" elapsed="0.001742"/>
</kw>
<status status="PASS" start="2024-07-06T09:16:44.537180" elapsed="0.002554"/>
</test>
<test id="s1-s1-t2" name="Validar retorno 200 e JSON Válido" line="16">
<kw name="Teste de Requisicao Basica" owner="random-user-service">
<kw name="GET On Session" owner="RequestsLibrary">
<msg time="2024-07-06T09:16:44.774679" level="INFO">GET Request : url=https://randomuser.me/api 
 path_url=/api 
 headers={'User-Agent': 'python-requests/2.32.3', 'Accept-Encoding': 'gzip, deflate', 'Accept': '*/*', 'Connection': 'keep-alive'} 
 body=None 
 </msg>
<msg time="2024-07-06T09:16:44.774822" level="INFO">GET Response : url=https://randomuser.me/api 
 status=200, reason=OK 
 headers={'Date': 'Sat, 06 Jul 2024 09:16:44 GMT', 'Content-Type': 'application/json; charset=utf-8', 'Transfer-Encoding': 'chunked', 'Connection': 'keep-alive', 'X-Powered-By': 'Express', 'Access-Control-Allow-Origin': '*', 'Cache-Control': 'no-cache', 'ETag': 'W/"4a2-5PwHguWjImnunJ4MwkzRDSPXqjM"', 'Vary': 'Accept-Encoding', 'Content-Encoding': 'gzip', 'CF-Cache-Status': 'DYNAMIC', 'Report-To': '{"endpoints":[{"url":"https:\\/\\/a.nel.cloudflare.com\\/report\\/v4?s=R0BniX7adBe8qTZZpoOzilib0VZoFGUtV3TN%2BCtLP%2FAiecPVmgV3RK0qT8d2IbtjVHAVV3H6qbuCsxlQ3foeECawbQnc49H6J%2FgOMQPxKnmb3m7%2B2ZKfolCuuaS41gPx"}],"group":"cf-nel","max_age":604800}', 'NEL': '{"success_fraction":0,"report_to":"cf-nel","max_age":604800}', 'Server': 'cloudflare', 'CF-RAY': '89ee7f6ba81559e0-IAD', 'alt-svc': 'h3=":443"; ma=86400'} 
 body={"results":[{"gender":"female","name":{"title":"Miss","first":"Madison","last":"Ennis"},"location":{"street":{"number":1921,"name":"Maple Ave"},"city":"New Glasgow","state":"British Columbia","country":"Canada","postcode":"S8W 6Z6","coordinates":{"latitude":"-69.2967","longitude":"39.3492"},"timezone":{"offset":"+5:00","description":"Ekaterinburg, Islamabad, Karachi, Tashkent"}},"email":"madison.ennis@example.com","login":{"uuid":"b43b3a91-a4a7-4daa-a013-07f491b40213","username":"bluebird535","password":"akira","salt":"sQB2NQxd","md5":"dc6a2ddb1e5b8da6961c449f086bf63b","sha1":"0ec03ffe27f1249fb361193511796250865ee87a","sha256":"8c69d944e1609b351ff1b2cbe9f37a0cc7cd64018bf7bf73808afdb60ad8f29c"},"dob":{"date":"1999-03-16T03:27:45.819Z","age":25},"registered":{"date":"2007-07-11T06:01:27.178Z","age":16},"phone":"C62 A10-1818","cell":"O12 Q94-1641","id":{"name":"SIN","value":"148631815"},"picture":{"large":"https://randomuser.me/api/portraits/women/60.jpg","medium":"https://randomuser.me/api/portraits/med/women/60.jpg","thumbnail":"https://randomuser.me/api/portraits/thumb/women/60.jpg"},"nat":"CA"}],"info":{"seed":"a550c6ee1501b7b8","results":1,"page":1,"version":"1.4"}} 
 </msg>
<msg time="2024-07-06T09:16:44.774905" level="INFO">/opt/hostedtoolcache/Python/3.12.4/x64/lib/python3.12/site-packages/urllib3/connectionpool.py:1099: InsecureRequestWarning: Unverified HTTPS request is being made to host 'randomuser.me'. Adding certificate verification is strongly advised. See: https://urllib3.readthedocs.io/en/latest/advanced-usage.html#tls-warnings
  warnings.warn(</msg>
<msg time="2024-07-06T09:16:44.775045" level="INFO">${response} = &lt;Response [200]&gt;</msg>
<var>${response}</var>
<arg>consultarAPI</arg>
<arg>/api</arg>
<doc>Sends a GET request on a previously created HTTP Session.</doc>
<status status="PASS" start="2024-07-06T09:16:44.542365" elapsed="0.232724"/>
</kw>
<kw name="Should Be Equal As Numbers" owner="BuiltIn">
<msg time="2024-07-06T09:16:44.776088" level="INFO">Argument types are:
&lt;class 'int'&gt;
&lt;class 'str'&gt;</msg>
<arg>${response.status_code}</arg>
<arg>200</arg>
<doc>Fails if objects are unequal after converting them to real numbers.</doc>
<status status="PASS" start="2024-07-06T09:16:44.775629" elapsed="0.000524"/>
</kw>
<kw name="Log" owner="BuiltIn">
<msg time="2024-07-06T09:16:44.776818" level="INFO">200</msg>
<arg>${response.status_code}</arg>
<doc>Logs the given message with the given level.</doc>
<status status="PASS" start="2024-07-06T09:16:44.776470" elapsed="0.000391"/>
</kw>
<kw name="Set Variable" owner="BuiltIn">
<msg time="2024-07-06T09:16:44.777640" level="INFO">${json_data} = {'results': [{'gender': 'female', 'name': {'title': 'Miss', 'first': 'Madison', 'last': 'Ennis'}, 'location': {'street': {'number': 1921, 'name': 'Maple Ave'}, 'city': 'New Glasgow', 'state': 'British...</msg>
<var>${json_data}</var>
<arg>${response.json()}</arg>
<doc>Returns the given values which can then be assigned to a variables.</doc>
<status status="PASS" start="2024-07-06T09:16:44.777179" elapsed="0.000490"/>
</kw>
<kw name="Dictionary Should Contain Key" owner="Collections">
<arg>${json_data}</arg>
<arg>results</arg>
<doc>Fails if ``key`` is not found from ``dictionary``.</doc>
<status status="PASS" start="2024-07-06T09:16:44.777970" elapsed="0.000171"/>
</kw>
<status status="PASS" start="2024-07-06T09:16:44.542119" elapsed="0.236173"/>
</kw>
<doc>Testa se a API responde corretamente e retorna um objeto JSON válido.</doc>
<tag>testeRequisicaoBasica</tag>
<status status="PASS" start="2024-07-06T09:16:44.541594" elapsed="0.236874"/>
</test>
<test id="s1-s1-t3" name="Validar estrutura de resposta" line="22">
<kw name="Teste de Estrutura de Resposta" owner="random-user-service">
<kw name="GET On Session" owner="RequestsLibrary">
<msg time="2024-07-06T09:16:44.883224" level="INFO">GET Request : url=https://randomuser.me/api 
 path_url=/api 
 headers={'User-Agent': 'python-requests/2.32.3', 'Accept-Encoding': 'gzip, deflate', 'Accept': '*/*', 'Connection': 'keep-alive'} 
 body=None 
 </msg>
<msg time="2024-07-06T09:16:44.883332" level="INFO">GET Response : url=https://randomuser.me/api 
 status=200, reason=OK 
 headers={'Date': 'Sat, 06 Jul 2024 09:16:44 GMT', 'Content-Type': 'application/json; charset=utf-8', 'Transfer-Encoding': 'chunked', 'Connection': 'keep-alive', 'X-Powered-By': 'Express', 'Access-Control-Allow-Origin': '*', 'Cache-Control': 'no-cache', 'ETag': 'W/"493-ToXOhK8D/EEl+Vs/crWzwDP6qFU"', 'Vary': 'Accept-Encoding', 'Content-Encoding': 'gzip', 'CF-Cache-Status': 'DYNAMIC', 'Report-To': '{"endpoints":[{"url":"https:\\/\\/a.nel.cloudflare.com\\/report\\/v4?s=5iMHHfA9sEBZbVMiWTtvlqLuxgQO1r3m6vj8c1nDx2%2BIDXt2ihLb2fcxqh8Fz8WYJvfHryWWqPYOb%2BznzK%2F9ywSwFkrQTOYHieP%2B8CXxOSRtsh1IamodutNoBx6lznD%2F"}],"group":"cf-nel","max_age":604800}', 'NEL': '{"success_fraction":0,"report_to":"cf-nel","max_age":604800}', 'Server': 'cloudflare', 'CF-RAY': '89ee7f6be83359e0-IAD', 'alt-svc': 'h3=":443"; ma=86400'} 
 body={"results":[{"gender":"female","name":{"title":"Mrs","first":"Oona","last":"Keranen"},"location":{"street":{"number":2448,"name":"Satakennankatu"},"city":"Muonio","state":"North Karelia","country":"Finland","postcode":99236,"coordinates":{"latitude":"-25.5880","longitude":"161.5537"},"timezone":{"offset":"-7:00","description":"Mountain Time (US &amp; Canada)"}},"email":"oona.keranen@example.com","login":{"uuid":"b4933c85-f428-458f-bf0c-4321efe9efd8","username":"smallfish304","password":"5454","salt":"rjHuI0m8","md5":"1683e365f9f0c59cc2883a7c3f6bce25","sha1":"2a3177faa0b7576c87ef24a12764034d8c8e924f","sha256":"6c1f6586895908ac8dd1a08e863bb2ebaba36949305ffb84ee175efd904cd4eb"},"dob":{"date":"1952-05-16T01:52:05.830Z","age":72},"registered":{"date":"2004-08-06T13:42:15.957Z","age":19},"phone":"09-868-985","cell":"044-211-11-27","id":{"name":"HETU","value":"NaNNA324undefined"},"picture":{"large":"https://randomuser.me/api/portraits/women/87.jpg","medium":"https://randomuser.me/api/portraits/med/women/87.jpg","thumbnail":"https://randomuser.me/api/portraits/thumb/women/87.jpg"},"nat":"FI"}],"info":{"seed":"ffecbaddb381398a","results":1,"page":1,"version":"1.4"}} 
 </msg>
<msg time="2024-07-06T09:16:44.883501" level="INFO">/opt/hostedtoolcache/Python/3.12.4/x64/lib/python3.12/site-packages/urllib3/connectionpool.py:1099: InsecureRequestWarning: Unverified HTTPS request is being made to host 'randomuser.me'. Adding certificate verification is strongly advised. See: https://urllib3.readthedocs.io/en/latest/advanced-usage.html#tls-warnings
  warnings.warn(</msg>
<msg time="2024-07-06T09:16:44.883655" level="INFO">${response} = &lt;Response [200]&gt;</msg>
<var>${response}</var>
<arg>consultarAPI</arg>
<arg>/api</arg>
<doc>Sends a GET request on a previously created HTTP Session.</doc>
<status status="PASS" start="2024-07-06T09:16:44.781197" elapsed="0.102506"/>
</kw>
<kw name="Set Variable" owner="BuiltIn">
<msg time="2024-07-06T09:16:44.884797" level="INFO">${json_data} = {'results': [{'gender': 'female', 'name': {'title': 'Mrs', 'first': 'Oona', 'last': 'Keranen'}, 'location': {'street': {'number': 2448, 'name': 'Satakennankatu'}, 'city': 'Muonio', 'state': 'North Kar...</msg>
<var>${json_data}</var>
<arg>${response.json()}</arg>
<doc>Returns the given values which can then be assigned to a variables.</doc>
<status status="PASS" start="2024-07-06T09:16:44.884283" elapsed="0.000542"/>
</kw>
<kw name="Log" owner="BuiltIn">
<msg time="2024-07-06T09:16:44.885301" level="INFO">{'results': [{'gender': 'female', 'name': {'title': 'Mrs', 'first': 'Oona', 'last': 'Keranen'}, 'location': {'street': {'number': 2448, 'name': 'Satakennankatu'}, 'city': 'Muonio', 'state': 'North Karelia', 'country': 'Finland', 'postcode': 99236, 'coordinates': {'latitude': '-25.5880', 'longitude': '161.5537'}, 'timezone': {'offset': '-7:00', 'description': 'Mountain Time (US &amp; Canada)'}}, 'email': 'oona.keranen@example.com', 'login': {'uuid': 'b4933c85-f428-458f-bf0c-4321efe9efd8', 'username': 'smallfish304', 'password': '5454', 'salt': 'rjHuI0m8', 'md5': '1683e365f9f0c59cc2883a7c3f6bce25', 'sha1': '2a3177faa0b7576c87ef24a12764034d8c8e924f', 'sha256': '6c1f6586895908ac8dd1a08e863bb2ebaba36949305ffb84ee175efd904cd4eb'}, 'dob': {'date': '1952-05-16T01:52:05.830Z', 'age': 72}, 'registered': {'date': '2004-08-06T13:42:15.957Z', 'age': 19}, 'phone': '09-868-985', 'cell': '044-211-11-27', 'id': {'name': 'HETU', 'value': 'NaNNA324undefined'}, 'picture': {'large': 'https://randomuser.me/api/portraits/women/87.jpg', 'medium': 'https://randomuser.me/api/portraits/med/women/87.jpg', 'thumbnail': 'https://randomuser.me/api/portraits/thumb/women/87.jpg'}, 'nat': 'FI'}], 'info': {'seed': 'ffecbaddb381398a', 'results': 1, 'page': 1, 'version': '1.4'}}</msg>
<arg>${json_data}</arg>
<doc>Logs the given message with the given level.</doc>
<status status="PASS" start="2024-07-06T09:16:44.885142" elapsed="0.000209"/>
</kw>
<kw name="Dictionary Should Contain Key" owner="Collections">
<arg>${json_data}</arg>
<arg>results</arg>
<doc>Fails if ``key`` is not found from ``dictionary``.</doc>
<status status="PASS" start="2024-07-06T09:16:44.885635" elapsed="0.000155"/>
</kw>
<kw name="Should Not Be Empty" owner="BuiltIn">
<msg time="2024-07-06T09:16:44.886105" level="INFO">Length is 2.</msg>
<arg>${json_data}</arg>
<doc>Verifies that the given item is not empty.</doc>
<status status="PASS" start="2024-07-06T09:16:44.885976" elapsed="0.000166"/>
</kw>
<kw name="Create List" owner="BuiltIn">
<msg time="2024-07-06T09:16:44.886735" level="INFO">${expected_keys} = ['gender', 'name', 'location', 'email', 'login']</msg>
<var>${expected_keys}</var>
<arg>gender</arg>
<arg>name</arg>
<arg>location</arg>
<arg>email</arg>
<arg>login</arg>
<doc>Returns a list containing given items.</doc>
<status status="PASS" start="2024-07-06T09:16:44.886435" elapsed="0.000337"/>
</kw>
<for flavor="IN">
<iter>
<kw name="Dictionary Should Contain Key" owner="Collections">
<arg>${json_data['results'][0]}</arg>
<arg>${key}</arg>
<doc>Fails if ``key`` is not found from ``dictionary``.</doc>
<status status="PASS" start="2024-07-06T09:16:44.887484" elapsed="0.000462"/>
</kw>
<kw name="Log" owner="BuiltIn">
<msg time="2024-07-06T09:16:44.888495" level="INFO">{'gender': 'female', 'name': {'title': 'Mrs', 'first': 'Oona', 'last': 'Keranen'}, 'location': {'street': {'number': 2448, 'name': 'Satakennankatu'}, 'city': 'Muonio', 'state': 'North Karelia', 'country': 'Finland', 'postcode': 99236, 'coordinates': {'latitude': '-25.5880', 'longitude': '161.5537'}, 'timezone': {'offset': '-7:00', 'description': 'Mountain Time (US &amp; Canada)'}}, 'email': 'oona.keranen@example.com', 'login': {'uuid': 'b4933c85-f428-458f-bf0c-4321efe9efd8', 'username': 'smallfish304', 'password': '5454', 'salt': 'rjHuI0m8', 'md5': '1683e365f9f0c59cc2883a7c3f6bce25', 'sha1': '2a3177faa0b7576c87ef24a12764034d8c8e924f', 'sha256': '6c1f6586895908ac8dd1a08e863bb2ebaba36949305ffb84ee175efd904cd4eb'}, 'dob': {'date': '1952-05-16T01:52:05.830Z', 'age': 72}, 'registered': {'date': '2004-08-06T13:42:15.957Z', 'age': 19}, 'phone': '09-868-985', 'cell': '044-211-11-27', 'id': {'name': 'HETU', 'value': 'NaNNA324undefined'}, 'picture': {'large': 'https://randomuser.me/api/portraits/women/87.jpg', 'medium': 'https://randomuser.me/api/portraits/med/women/87.jpg', 'thumbnail': 'https://randomuser.me/api/portraits/thumb/women/87.jpg'}, 'nat': 'FI'}</msg>
<arg>${json_data['results'][0]}</arg>
<doc>Logs the given message with the given level.</doc>
<status status="PASS" start="2024-07-06T09:16:44.888134" elapsed="0.000411"/>
</kw>
<kw name="Log" owner="BuiltIn">
<msg time="2024-07-06T09:16:44.888973" level="INFO">gender</msg>
<arg>${key}</arg>
<doc>Logs the given message with the given level.</doc>
<status status="PASS" start="2024-07-06T09:16:44.888840" elapsed="0.000170"/>
</kw>
<var name="${key}">gender</var>
<status status="PASS" start="2024-07-06T09:16:44.887308" elapsed="0.001916"/>
</iter>
<iter>
<kw name="Dictionary Should Contain Key" owner="Collections">
<arg>${json_data['results'][0]}</arg>
<arg>${key}</arg>
<doc>Fails if ``key`` is not found from ``dictionary``.</doc>
<status status="PASS" start="2024-07-06T09:16:44.889519" elapsed="0.000388"/>
</kw>
<kw name="Log" owner="BuiltIn">
<msg time="2024-07-06T09:16:44.890432" level="INFO">{'gender': 'female', 'name': {'title': 'Mrs', 'first': 'Oona', 'last': 'Keranen'}, 'location': {'street': {'number': 2448, 'name': 'Satakennankatu'}, 'city': 'Muonio', 'state': 'North Karelia', 'country': 'Finland', 'postcode': 99236, 'coordinates': {'latitude': '-25.5880', 'longitude': '161.5537'}, 'timezone': {'offset': '-7:00', 'description': 'Mountain Time (US &amp; Canada)'}}, 'email': 'oona.keranen@example.com', 'login': {'uuid': 'b4933c85-f428-458f-bf0c-4321efe9efd8', 'username': 'smallfish304', 'password': '5454', 'salt': 'rjHuI0m8', 'md5': '1683e365f9f0c59cc2883a7c3f6bce25', 'sha1': '2a3177faa0b7576c87ef24a12764034d8c8e924f', 'sha256': '6c1f6586895908ac8dd1a08e863bb2ebaba36949305ffb84ee175efd904cd4eb'}, 'dob': {'date': '1952-05-16T01:52:05.830Z', 'age': 72}, 'registered': {'date': '2004-08-06T13:42:15.957Z', 'age': 19}, 'phone': '09-868-985', 'cell': '044-211-11-27', 'id': {'name': 'HETU', 'value': 'NaNNA324undefined'}, 'picture': {'large': 'https://randomuser.me/api/portraits/women/87.jpg', 'medium': 'https://randomuser.me/api/portraits/med/women/87.jpg', 'thumbnail': 'https://randomuser.me/api/portraits/thumb/women/87.jpg'}, 'nat': 'FI'}</msg>
<arg>${json_data['results'][0]}</arg>
<doc>Logs the given message with the given level.</doc>
<status status="PASS" start="2024-07-06T09:16:44.890088" elapsed="0.000425"/>
</kw>
<kw name="Log" owner="BuiltIn">
<msg time="2024-07-06T09:16:44.890941" level="INFO">name</msg>
<arg>${key}</arg>
<doc>Logs the given message with the given level.</doc>
<status status="PASS" start="2024-07-06T09:16:44.890815" elapsed="0.000162"/>
</kw>
<var name="${key}">name</var>
<status status="PASS" start="2024-07-06T09:16:44.889404" elapsed="0.001790"/>
</iter>
<iter>
<kw name="Dictionary Should Contain Key" owner="Collections">
<arg>${json_data['results'][0]}</arg>
<arg>${key}</arg>
<doc>Fails if ``key`` is not found from ``dictionary``.</doc>
<status status="PASS" start="2024-07-06T09:16:44.891498" elapsed="0.000380"/>
</kw>
<kw name="Log" owner="BuiltIn">
<msg time="2024-07-06T09:16:44.892398" level="INFO">{'gender': 'female', 'name': {'title': 'Mrs', 'first': 'Oona', 'last': 'Keranen'}, 'location': {'street': {'number': 2448, 'name': 'Satakennankatu'}, 'city': 'Muonio', 'state': 'North Karelia', 'country': 'Finland', 'postcode': 99236, 'coordinates': {'latitude': '-25.5880', 'longitude': '161.5537'}, 'timezone': {'offset': '-7:00', 'description': 'Mountain Time (US &amp; Canada)'}}, 'email': 'oona.keranen@example.com', 'login': {'uuid': 'b4933c85-f428-458f-bf0c-4321efe9efd8', 'username': 'smallfish304', 'password': '5454', 'salt': 'rjHuI0m8', 'md5': '1683e365f9f0c59cc2883a7c3f6bce25', 'sha1': '2a3177faa0b7576c87ef24a12764034d8c8e924f', 'sha256': '6c1f6586895908ac8dd1a08e863bb2ebaba36949305ffb84ee175efd904cd4eb'}, 'dob': {'date': '1952-05-16T01:52:05.830Z', 'age': 72}, 'registered': {'date': '2004-08-06T13:42:15.957Z', 'age': 19}, 'phone': '09-868-985', 'cell': '044-211-11-27', 'id': {'name': 'HETU', 'value': 'NaNNA324undefined'}, 'picture': {'large': 'https://randomuser.me/api/portraits/women/87.jpg', 'medium': 'https://randomuser.me/api/portraits/med/women/87.jpg', 'thumbnail': 'https://randomuser.me/api/portraits/thumb/women/87.jpg'}, 'nat': 'FI'}</msg>
<arg>${json_data['results'][0]}</arg>
<doc>Logs the given message with the given level.</doc>
<status status="PASS" start="2024-07-06T09:16:44.892054" elapsed="0.000392"/>
</kw>
<kw name="Log" owner="BuiltIn">
<msg time="2024-07-06T09:16:44.892870" level="INFO">location</msg>
<arg>${key}</arg>
<doc>Logs the given message with the given level.</doc>
<status status="PASS" start="2024-07-06T09:16:44.892740" elapsed="0.000166"/>
</kw>
<var name="${key}">location</var>
<status status="PASS" start="2024-07-06T09:16:44.891367" elapsed="0.001754"/>
</iter>
<iter>
<kw name="Dictionary Should Contain Key" owner="Collections">
<arg>${json_data['results'][0]}</arg>
<arg>${key}</arg>
<doc>Fails if ``key`` is not found from ``dictionary``.</doc>
<status status="PASS" start="2024-07-06T09:16:44.893396" elapsed="0.000383"/>
</kw>
<kw name="Log" owner="BuiltIn">
<msg time="2024-07-06T09:16:44.894302" level="INFO">{'gender': 'female', 'name': {'title': 'Mrs', 'first': 'Oona', 'last': 'Keranen'}, 'location': {'street': {'number': 2448, 'name': 'Satakennankatu'}, 'city': 'Muonio', 'state': 'North Karelia', 'country': 'Finland', 'postcode': 99236, 'coordinates': {'latitude': '-25.5880', 'longitude': '161.5537'}, 'timezone': {'offset': '-7:00', 'description': 'Mountain Time (US &amp; Canada)'}}, 'email': 'oona.keranen@example.com', 'login': {'uuid': 'b4933c85-f428-458f-bf0c-4321efe9efd8', 'username': 'smallfish304', 'password': '5454', 'salt': 'rjHuI0m8', 'md5': '1683e365f9f0c59cc2883a7c3f6bce25', 'sha1': '2a3177faa0b7576c87ef24a12764034d8c8e924f', 'sha256': '6c1f6586895908ac8dd1a08e863bb2ebaba36949305ffb84ee175efd904cd4eb'}, 'dob': {'date': '1952-05-16T01:52:05.830Z', 'age': 72}, 'registered': {'date': '2004-08-06T13:42:15.957Z', 'age': 19}, 'phone': '09-868-985', 'cell': '044-211-11-27', 'id': {'name': 'HETU', 'value': 'NaNNA324undefined'}, 'picture': {'large': 'https://randomuser.me/api/portraits/women/87.jpg', 'medium': 'https://randomuser.me/api/portraits/med/women/87.jpg', 'thumbnail': 'https://randomuser.me/api/portraits/thumb/women/87.jpg'}, 'nat': 'FI'}</msg>
<arg>${json_data['results'][0]}</arg>
<doc>Logs the given message with the given level.</doc>
<status status="PASS" start="2024-07-06T09:16:44.893958" elapsed="0.000393"/>
</kw>
<kw name="Log" owner="BuiltIn">
<msg time="2024-07-06T09:16:44.894766" level="INFO">email</msg>
<arg>${key}</arg>
<doc>Logs the given message with the given level.</doc>
<status status="PASS" start="2024-07-06T09:16:44.894642" elapsed="0.000161"/>
</kw>
<var name="${key}">email</var>
<status status="PASS" start="2024-07-06T09:16:44.893290" elapsed="0.001726"/>
</iter>
<iter>
<kw name="Dictionary Should Contain Key" owner="Collections">
<arg>${json_data['results'][0]}</arg>
<arg>${key}</arg>
<doc>Fails if ``key`` is not found from ``dictionary``.</doc>
<status status="PASS" start="2024-07-06T09:16:44.895292" elapsed="0.000413"/>
</kw>
<kw name="Log" owner="BuiltIn">
<msg time="2024-07-06T09:16:44.896233" level="INFO">{'gender': 'female', 'name': {'title': 'Mrs', 'first': 'Oona', 'last': 'Keranen'}, 'location': {'street': {'number': 2448, 'name': 'Satakennankatu'}, 'city': 'Muonio', 'state': 'North Karelia', 'country': 'Finland', 'postcode': 99236, 'coordinates': {'latitude': '-25.5880', 'longitude': '161.5537'}, 'timezone': {'offset': '-7:00', 'description': 'Mountain Time (US &amp; Canada)'}}, 'email': 'oona.keranen@example.com', 'login': {'uuid': 'b4933c85-f428-458f-bf0c-4321efe9efd8', 'username': 'smallfish304', 'password': '5454', 'salt': 'rjHuI0m8', 'md5': '1683e365f9f0c59cc2883a7c3f6bce25', 'sha1': '2a3177faa0b7576c87ef24a12764034d8c8e924f', 'sha256': '6c1f6586895908ac8dd1a08e863bb2ebaba36949305ffb84ee175efd904cd4eb'}, 'dob': {'date': '1952-05-16T01:52:05.830Z', 'age': 72}, 'registered': {'date': '2004-08-06T13:42:15.957Z', 'age': 19}, 'phone': '09-868-985', 'cell': '044-211-11-27', 'id': {'name': 'HETU', 'value': 'NaNNA324undefined'}, 'picture': {'large': 'https://randomuser.me/api/portraits/women/87.jpg', 'medium': 'https://randomuser.me/api/portraits/med/women/87.jpg', 'thumbnail': 'https://randomuser.me/api/portraits/thumb/women/87.jpg'}, 'nat': 'FI'}</msg>
<arg>${json_data['results'][0]}</arg>
<doc>Logs the given message with the given level.</doc>
<status status="PASS" start="2024-07-06T09:16:44.895887" elapsed="0.000393"/>
</kw>
<kw name="Log" owner="BuiltIn">
<msg time="2024-07-06T09:16:44.896701" level="INFO">login</msg>
<arg>${key}</arg>
<doc>Logs the given message with the given level.</doc>
<status status="PASS" start="2024-07-06T09:16:44.896577" elapsed="0.000160"/>
</kw>
<var name="${key}">login</var>
<status status="PASS" start="2024-07-06T09:16:44.895183" elapsed="0.001762"/>
</iter>
<var>${key}</var>
<value>@{expected_keys}</value>
<status status="PASS" start="2024-07-06T09:16:44.887073" elapsed="0.009990"/>
</for>
<kw name="Create List" owner="BuiltIn">
<msg time="2024-07-06T09:16:44.897385" level="INFO">${expected_keysTwo} = ['username', 'password']</msg>
<var>${expected_keysTwo}</var>
<arg>username</arg>
<arg>password</arg>
<doc>Returns a list containing given items.</doc>
<status status="PASS" start="2024-07-06T09:16:44.897247" elapsed="0.000190"/>
</kw>
<for flavor="IN">
<iter>
<kw name="Dictionary Should Contain Key" owner="Collections">
<arg>${json_data['results'][0]['login']}</arg>
<arg>${keyTwo}</arg>
<doc>Fails if ``key`` is not found from ``dictionary``.</doc>
<status status="PASS" start="2024-07-06T09:16:44.897930" elapsed="0.000387"/>
</kw>
<kw name="Dictionary Should Contain Key" owner="Collections">
<arg>${json_data['results'][0]['login']}</arg>
<arg>${keyTwo}</arg>
<doc>Fails if ``key`` is not found from ``dictionary``.</doc>
<status status="PASS" start="2024-07-06T09:16:44.898496" elapsed="0.000371"/>
</kw>
<kw name="Log" owner="BuiltIn">
<msg time="2024-07-06T09:16:44.899174" level="INFO">username</msg>
<arg>${keyTwo}</arg>
<doc>Logs the given message with the given level.</doc>
<status status="PASS" start="2024-07-06T09:16:44.899053" elapsed="0.000158"/>
</kw>
<var name="${keyTwo}">username</var>
<status status="PASS" start="2024-07-06T09:16:44.897825" elapsed="0.001640"/>
</iter>
<iter>
<kw name="Dictionary Should Contain Key" owner="Collections">
<arg>${json_data['results'][0]['login']}</arg>
<arg>${keyTwo}</arg>
<doc>Fails if ``key`` is not found from ``dictionary``.</doc>
<status status="PASS" start="2024-07-06T09:16:44.899752" elapsed="0.000382"/>
</kw>
<kw name="Dictionary Should Contain Key" owner="Collections">
<arg>${json_data['results'][0]['login']}</arg>
<arg>${keyTwo}</arg>
<doc>Fails if ``key`` is not found from ``dictionary``.</doc>
<status status="PASS" start="2024-07-06T09:16:44.900312" elapsed="0.000372"/>
</kw>
<kw name="Log" owner="BuiltIn">
<msg time="2024-07-06T09:16:44.900985" level="INFO">password</msg>
<arg>${keyTwo}</arg>
<doc>Logs the given message with the given level.</doc>
<status status="PASS" start="2024-07-06T09:16:44.900856" elapsed="0.000170"/>
</kw>
<var name="${keyTwo}">password</var>
<status status="PASS" start="2024-07-06T09:16:44.899645" elapsed="0.001690"/>
</iter>
<var>${keyTwo}</var>
<value>@{expected_keysTwo}</value>
<status status="PASS" start="2024-07-06T09:16:44.897676" elapsed="0.003779"/>
</for>
<status status="PASS" start="2024-07-06T09:16:44.780962" elapsed="0.120632"/>
</kw>
<doc>Testa a estrutura da resposta da API.</doc>
<tag>testeEstruturaResposta</tag>
<status status="PASS" start="2024-07-06T09:16:44.780374" elapsed="0.121370"/>
</test>
<test id="s1-s1-t4" name="Validar tipos de dados" line="28">
<kw name="Teste de Tipos de Dados" owner="random-user-service">
<kw name="GET On Session" owner="RequestsLibrary">
<msg time="2024-07-06T09:16:45.002822" level="INFO">GET Request : url=https://randomuser.me/api 
 path_url=/api 
 headers={'User-Agent': 'python-requests/2.32.3', 'Accept-Encoding': 'gzip, deflate', 'Accept': '*/*', 'Connection': 'keep-alive'} 
 body=None 
 </msg>
<msg time="2024-07-06T09:16:45.002928" level="INFO">GET Response : url=https://randomuser.me/api 
 status=200, reason=OK 
 headers={'Date': 'Sat, 06 Jul 2024 09:16:44 GMT', 'Content-Type': 'application/json; charset=utf-8', 'Transfer-Encoding': 'chunked', 'Connection': 'keep-alive', 'X-Powered-By': 'Express', 'Access-Control-Allow-Origin': '*', 'Cache-Control': 'no-cache', 'ETag': 'W/"490-6zikiyjGICSykv1XRgThDJSutJg"', 'Vary': 'Accept-Encoding', 'Content-Encoding': 'gzip', 'CF-Cache-Status': 'DYNAMIC', 'Report-To': '{"endpoints":[{"url":"https:\\/\\/a.nel.cloudflare.com\\/report\\/v4?s=jVDj2MORFSQq2XehsKgLd25%2Fc%2BR6sb0IIb74BbVwL9Y296eX55ECYC7jP6bPfg0wvRGf%2FLM9MdyLSF5Kos6VhpdQW1I8uesbdxRZG4T02KDbZ0CVSAYqQytC4b9cbUn7"}],"group":"cf-nel","max_age":604800}', 'NEL': '{"success_fraction":0,"report_to":"cf-nel","max_age":604800}', 'Server': 'cloudflare', 'CF-RAY': '89ee7f6ca88b59e0-IAD', 'alt-svc': 'h3=":443"; ma=86400'} 
 body={"results":[{"gender":"male","name":{"title":"Mr","first":"Jim","last":"Sutton"},"location":{"street":{"number":9813,"name":"E Pecan St"},"city":"Rockhampton","state":"Northern Territory","country":"Australia","postcode":8134,"coordinates":{"latitude":"-84.7907","longitude":"-31.8046"},"timezone":{"offset":"-6:00","description":"Central Time (US &amp; Canada), Mexico City"}},"email":"jim.sutton@example.com","login":{"uuid":"8e3f3b54-8766-4e9e-8b69-6b206473b8cc","username":"happylion479","password":"quest1","salt":"HDAz6K4I","md5":"6e12957d0a38393ba4e2fb5114eef91d","sha1":"e88169977e7ea572b14ebd14135d8a9d959cc0d8","sha256":"a0da7c9e1f6a880100a564135ff1bd4dcc99e28c45234f8d936731d16ebf1f7d"},"dob":{"date":"1985-09-06T00:32:36.503Z","age":38},"registered":{"date":"2005-07-22T22:49:42.573Z","age":18},"phone":"04-2427-5774","cell":"0436-715-855","id":{"name":"TFN","value":"685195805"},"picture":{"large":"https://randomuser.me/api/portraits/men/0.jpg","medium":"https://randomuser.me/api/portraits/med/men/0.jpg","thumbnail":"https://randomuser.me/api/portraits/thumb/men/0.jpg"},"nat":"AU"}],"info":{"seed":"455187a54ec8793a","results":1,"page":1,"version":"1.4"}} 
 </msg>
<msg time="2024-07-06T09:16:45.002999" level="INFO">/opt/hostedtoolcache/Python/3.12.4/x64/lib/python3.12/site-packages/urllib3/connectionpool.py:1099: InsecureRequestWarning: Unverified HTTPS request is being made to host 'randomuser.me'. Adding certificate verification is strongly advised. See: https://urllib3.readthedocs.io/en/latest/advanced-usage.html#tls-warnings
  warnings.warn(</msg>
<msg time="2024-07-06T09:16:45.003113" level="INFO">${response} = &lt;Response [200]&gt;</msg>
<var>${response}</var>
<arg>consultarAPI</arg>
<arg>/api</arg>
<doc>Sends a GET request on a previously created HTTP Session.</doc>
<status status="PASS" start="2024-07-06T09:16:44.904341" elapsed="0.098813"/>
</kw>
<kw name="Set Variable" owner="BuiltIn">
<msg time="2024-07-06T09:16:45.004326" level="INFO">${json_data} = {'results': [{'gender': 'male', 'name': {'title': 'Mr', 'first': 'Jim', 'last': 'Sutton'}, 'location': {'street': {'number': 9813, 'name': 'E Pecan St'}, 'city': 'Rockhampton', 'state': 'Northern Terr...</msg>
<var>${json_data}</var>
<arg>${response.json()}</arg>
<doc>Returns the given values which can then be assigned to a variables.</doc>
<status status="PASS" start="2024-07-06T09:16:45.003772" elapsed="0.000586"/>
</kw>
<kw name="Log" owner="BuiltIn">
<msg time="2024-07-06T09:16:45.004823" level="INFO">{'results': [{'gender': 'male', 'name': {'title': 'Mr', 'first': 'Jim', 'last': 'Sutton'}, 'location': {'street': {'number': 9813, 'name': 'E Pecan St'}, 'city': 'Rockhampton', 'state': 'Northern Territory', 'country': 'Australia', 'postcode': 8134, 'coordinates': {'latitude': '-84.7907', 'longitude': '-31.8046'}, 'timezone': {'offset': '-6:00', 'description': 'Central Time (US &amp; Canada), Mexico City'}}, 'email': 'jim.sutton@example.com', 'login': {'uuid': '8e3f3b54-8766-4e9e-8b69-6b206473b8cc', 'username': 'happylion479', 'password': 'quest1', 'salt': 'HDAz6K4I', 'md5': '6e12957d0a38393ba4e2fb5114eef91d', 'sha1': 'e88169977e7ea572b14ebd14135d8a9d959cc0d8', 'sha256': 'a0da7c9e1f6a880100a564135ff1bd4dcc99e28c45234f8d936731d16ebf1f7d'}, 'dob': {'date': '1985-09-06T00:32:36.503Z', 'age': 38}, 'registered': {'date': '2005-07-22T22:49:42.573Z', 'age': 18}, 'phone': '04-2427-5774', 'cell': '0436-715-855', 'id': {'name': 'TFN', 'value': '685195805'}, 'picture': {'large': 'https://randomuser.me/api/portraits/men/0.jpg', 'medium': 'https://randomuser.me/api/portraits/med/men/0.jpg', 'thumbnail': 'https://randomuser.me/api/portraits/thumb/men/0.jpg'}, 'nat': 'AU'}], 'info': {'seed': '455187a54ec8793a', 'results': 1, 'page': 1, 'version': '1.4'}}</msg>
<arg>${json_data}</arg>
<doc>Logs the given message with the given level.</doc>
<status status="PASS" start="2024-07-06T09:16:45.004665" elapsed="0.000205"/>
</kw>
<kw name="Should Be String" owner="String">
<arg>${json_data['results'][0]['gender']}</arg>
<doc>Fails if the given ``item`` is not a string.</doc>
<status status="PASS" start="2024-07-06T09:16:45.005155" elapsed="0.000353"/>
</kw>
<kw name="Should Match Regexp" owner="BuiltIn">
<arg>${json_data['results'][0]['email']}</arg>
<arg>^[a-zA-Z0-9._%+-]+@[a-zA-Z0-9.-]+\.[a-zA-Z]{2,}$</arg>
<doc>Fails if ``string`` does not match ``pattern`` as a regular expression.</doc>
<status status="PASS" start="2024-07-06T09:16:45.005691" elapsed="0.000553"/>
</kw>
<kw name="Should Match Regexp" owner="BuiltIn">
<arg>${json_data['results'][0]['dob']['date']}</arg>
<arg>\\d{4}-\\d{2}-\\d{2}T\\d{2}:\\d{2}:\\d{2}\\.\\d{3}Z</arg>
<doc>Fails if ``string`` does not match ``pattern`` as a regular expression.</doc>
<status status="PASS" start="2024-07-06T09:16:45.006438" elapsed="0.000476"/>
</kw>
<kw name="Should Match Regexp" owner="BuiltIn">
<arg>${json_data['results'][0]['registered']['date']}</arg>
<arg>\\d{4}-\\d{2}-\\d{2}T\\d{2}:\\d{2}:\\d{2}\\.\\d{3}Z</arg>
<doc>Fails if ``string`` does not match ``pattern`` as a regular expression.</doc>
<status status="PASS" start="2024-07-06T09:16:45.007104" elapsed="0.000398"/>
</kw>
<kw name="Should Match Regexp" owner="BuiltIn">
<arg>${json_data['results'][0]['picture']['large']}</arg>
<arg>^https?://.*\.(?:png|jpe?g|gif|bmp)$</arg>
<doc>Fails if ``string`` does not match ``pattern`` as a regular expression.</doc>
<status status="PASS" start="2024-07-06T09:16:45.007697" elapsed="0.000454"/>
</kw>
<kw name="Should Match Regexp" owner="BuiltIn">
<arg>${json_data['results'][0]['picture']['medium']}</arg>
<arg>^https?://.*\.(?:png|jpe?g|gif|bmp)$</arg>
<doc>Fails if ``string`` does not match ``pattern`` as a regular expression.</doc>
<status status="PASS" start="2024-07-06T09:16:45.008336" elapsed="0.000355"/>
</kw>
<kw name="Should Match Regexp" owner="BuiltIn">
<arg>${json_data['results'][0]['picture']['thumbnail']}</arg>
<arg>^https?://.*\.(?:png|jpe?g|gif|bmp)$</arg>
<doc>Fails if ``string`` does not match ``pattern`` as a regular expression.</doc>
<status status="PASS" start="2024-07-06T09:16:45.008873" elapsed="0.000341"/>
</kw>
<kw name="Log" owner="BuiltIn">
<msg time="2024-07-06T09:16:45.009714" level="INFO">{'large': 'https://randomuser.me/api/portraits/men/0.jpg', 'medium': 'https://randomuser.me/api/portraits/med/men/0.jpg', 'thumbnail': 'https://randomuser.me/api/portraits/thumb/men/0.jpg'}</msg>
<arg>${json_data['results'][0]['picture']}</arg>
<doc>Logs the given message with the given level.</doc>
<status status="PASS" start="2024-07-06T09:16:45.009390" elapsed="0.000367"/>
</kw>
<status status="PASS" start="2024-07-06T09:16:44.904093" elapsed="0.105926"/>
</kw>
<kw name="Teste de Tipos de Dados - Postcode" owner="random-user-service">
<kw name="GET On Session" owner="RequestsLibrary">
<msg time="2024-07-06T09:16:45.074201" level="INFO">GET Request : url=https://randomuser.me/api 
 path_url=/api 
 headers={'User-Agent': 'python-requests/2.32.3', 'Accept-Encoding': 'gzip, deflate', 'Accept': '*/*', 'Connection': 'keep-alive'} 
 body=None 
 </msg>
<msg time="2024-07-06T09:16:45.074300" level="INFO">GET Response : url=https://randomuser.me/api 
 status=200, reason=OK 
 headers={'Date': 'Sat, 06 Jul 2024 09:16:45 GMT', 'Content-Type': 'application/json; charset=utf-8', 'Transfer-Encoding': 'chunked', 'Connection': 'keep-alive', 'X-Powered-By': 'Express', 'Access-Control-Allow-Origin': '*', 'Cache-Control': 'no-cache', 'ETag': 'W/"4a4-RQ/SuiwrYRyyxUVvjUfIVifH45A"', 'Vary': 'Accept-Encoding', 'Content-Encoding': 'gzip', 'CF-Cache-Status': 'DYNAMIC', 'Report-To': '{"endpoints":[{"url":"https:\\/\\/a.nel.cloudflare.com\\/report\\/v4?s=recSbll3LmBZN8MQsI5b3ruDT%2BtseB%2FuqdImbmqshO7HVlZHas5BPGJ6A3P3EPXj1mKZYMCYgjnjV%2B%2FkFloG3ppwXZi2HVDTdMByJ8ramkJu7%2F7OPWz55nQxf6kgBVFw"}],"group":"cf-nel","max_age":604800}', 'NEL': '{"success_fraction":0,"report_to":"cf-nel","max_age":604800}', 'Server': 'cloudflare', 'CF-RAY': '89ee7f6d58d959e0-IAD', 'alt-svc': 'h3=":443"; ma=86400'} 
 body={"results":[{"gender":"female","name":{"title":"Miss","first":"Alexandra","last":"Almeida"},"location":{"street":{"number":7776,"name":"Rua Pernambuco "},"city":"João Pessoa","state":"Santa Catarina","country":"Brazil","postcode":17218,"coordinates":{"latitude":"-78.2298","longitude":"142.6959"},"timezone":{"offset":"-12:00","description":"Eniwetok, Kwajalein"}},"email":"alexandra.almeida@example.com","login":{"uuid":"0010c77d-122e-4871-abbe-659734e60475","username":"whitegoose429","password":"recovery","salt":"lk3HEeNS","md5":"5d51fc549012e16b63d89ddb76e02843","sha1":"5d6b92319d60dc48696584dd882f4dbb59d410f0","sha256":"41100dc3a1d4f2feeaa28ebb2bd512d873c32bcbec57a7418dd91ef6a92158ee"},"dob":{"date":"1977-11-10T15:14:01.208Z","age":46},"registered":{"date":"2012-03-23T14:02:41.062Z","age":12},"phone":"(38) 4024-3623","cell":"(35) 9103-6429","id":{"name":"CPF","value":"447.653.782-01"},"picture":{"large":"https://randomuser.me/api/portraits/women/20.jpg","medium":"https://randomuser.me/api/portraits/med/women/20.jpg","thumbnail":"https://randomuser.me/api/portraits/thumb/women/20.jpg"},"nat":"BR"}],"info":{"seed":"6478f4b5fe920064","results":1,"page":1,"version":"1.4"}} 
 </msg>
<msg time="2024-07-06T09:16:45.074366" level="INFO">/opt/hostedtoolcache/Python/3.12.4/x64/lib/python3.12/site-packages/urllib3/connectionpool.py:1099: InsecureRequestWarning: Unverified HTTPS request is being made to host 'randomuser.me'. Adding certificate verification is strongly advised. See: https://urllib3.readthedocs.io/en/latest/advanced-usage.html#tls-warnings
  warnings.warn(</msg>
<msg time="2024-07-06T09:16:45.074476" level="INFO">${response} = &lt;Response [200]&gt;</msg>
<var>${response}</var>
<arg>consultarAPI</arg>
<arg>/api</arg>
<doc>Sends a GET request on a previously created HTTP Session.</doc>
<status status="PASS" start="2024-07-06T09:16:45.010471" elapsed="0.064046"/>
</kw>
<kw name="Set Variable" owner="BuiltIn">
<msg time="2024-07-06T09:16:45.075731" level="INFO">${json_data} = {'results': [{'gender': 'female', 'name': {'title': 'Miss', 'first': 'Alexandra', 'last': 'Almeida'}, 'location': {'street': {'number': 7776, 'name': 'Rua Pernambuco '}, 'city': 'João Pessoa', 'state'...</msg>
<var>${json_data}</var>
<arg>${response.json()}</arg>
<doc>Returns the given values which can then be assigned to a variables.</doc>
<status status="PASS" start="2024-07-06T09:16:45.075113" elapsed="0.000647"/>
</kw>
<kw name="Log" owner="BuiltIn">
<msg time="2024-07-06T09:16:45.076228" level="INFO">{'results': [{'gender': 'female', 'name': {'title': 'Miss', 'first': 'Alexandra', 'last': 'Almeida'}, 'location': {'street': {'number': 7776, 'name': 'Rua Pernambuco '}, 'city': 'João Pessoa', 'state': 'Santa Catarina', 'country': 'Brazil', 'postcode': 17218, 'coordinates': {'latitude': '-78.2298', 'longitude': '142.6959'}, 'timezone': {'offset': '-12:00', 'description': 'Eniwetok, Kwajalein'}}, 'email': 'alexandra.almeida@example.com', 'login': {'uuid': '0010c77d-122e-4871-abbe-659734e60475', 'username': 'whitegoose429', 'password': 'recovery', 'salt': 'lk3HEeNS', 'md5': '5d51fc549012e16b63d89ddb76e02843', 'sha1': '5d6b92319d60dc48696584dd882f4dbb59d410f0', 'sha256': '41100dc3a1d4f2feeaa28ebb2bd512d873c32bcbec57a7418dd91ef6a92158ee'}, 'dob': {'date': '1977-11-10T15:14:01.208Z', 'age': 46}, 'registered': {'date': '2012-03-23T14:02:41.062Z', 'age': 12}, 'phone': '(38) 4024-3623', 'cell': '(35) 9103-6429', 'id': {'name': 'CPF', 'value': '447.653.782-01'}, 'picture': {'large': 'https://randomuser.me/api/portraits/women/20.jpg', 'medium': 'https://randomuser.me/api/portraits/med/women/20.jpg', 'thumbnail': 'https://randomuser.me/api/portraits/thumb/women/20.jpg'}, 'nat': 'BR'}], 'info': {'seed': '6478f4b5fe920064', 'results': 1, 'page': 1, 'version': '1.4'}}</msg>
<arg>${json_data}</arg>
<doc>Logs the given message with the given level.</doc>
<status status="PASS" start="2024-07-06T09:16:45.076067" elapsed="0.000208"/>
</kw>
<kw name="Should Be Equal As Numbers" owner="BuiltIn">
<arg>${json_data['results'][0]['location']['postcode']}</arg>
<arg>${json_data['results'][0]['location']['postcode']}</arg>
<doc>Fails if objects are unequal after converting them to real numbers.</doc>
<status status="PASS" start="2024-07-06T09:16:45.076566" elapsed="0.000612"/>
</kw>
<kw name="Log" owner="BuiltIn">
<msg time="2024-07-06T09:16:45.077868" level="INFO">17218</msg>
<arg>${json_data['results'][0]['location']['postcode']}</arg>
<doc>Logs the given message with the given level.</doc>
<status status="PASS" start="2024-07-06T09:16:45.077371" elapsed="0.000577"/>
</kw>
<status status="PASS" start="2024-07-06T09:16:45.010247" elapsed="0.067962"/>
</kw>
<doc>Testa se os tipos de dados na resposta da API estão corretos.</doc>
<tag>testeTiposDados</tag>
<status status="PASS" start="2024-07-06T09:16:44.903520" elapsed="0.174854"/>
</test>
<test id="s1-s1-t5" name="Validar conteudo" line="35">
<kw name="Teste de Tipos de Conteudo" owner="random-user-service">
<kw name="GET On Session" owner="RequestsLibrary">
<msg time="2024-07-06T09:16:45.173985" level="INFO">GET Request : url=https://randomuser.me/api 
 path_url=/api 
 headers={'User-Agent': 'python-requests/2.32.3', 'Accept-Encoding': 'gzip, deflate', 'Accept': '*/*', 'Connection': 'keep-alive'} 
 body=None 
 </msg>
<msg time="2024-07-06T09:16:45.174074" level="INFO">GET Response : url=https://randomuser.me/api 
 status=200, reason=OK 
 headers={'Date': 'Sat, 06 Jul 2024 09:16:45 GMT', 'Content-Type': 'application/json; charset=utf-8', 'Transfer-Encoding': 'chunked', 'Connection': 'keep-alive', 'X-Powered-By': 'Express', 'Access-Control-Allow-Origin': '*', 'Cache-Control': 'no-cache', 'ETag': 'W/"496-OyXO8KQxqtI4VwtBzs6JMh7tWVg"', 'Vary': 'Accept-Encoding', 'Content-Encoding': 'gzip', 'CF-Cache-Status': 'DYNAMIC', 'Report-To': '{"endpoints":[{"url":"https:\\/\\/a.nel.cloudflare.com\\/report\\/v4?s=IFvlvdMQPR3oCsH%2BXxJgtUTlV17L3Q3tweywAnQHkEF3CEwpf0Lz8MpFftoCzk1u4ZItIrJP7MFA%2BH%2FXmHxXGSyUtU4bwXmE8NKCRl5jYqZh2h%2B%2B5rA88mK63RLQXrCp"}],"group":"cf-nel","max_age":604800}', 'NEL': '{"success_fraction":0,"report_to":"cf-nel","max_age":604800}', 'Server': 'cloudflare', 'CF-RAY': '89ee7f6dc90159e0-IAD', 'alt-svc': 'h3=":443"; ma=86400'} 
 body={"results":[{"gender":"male","name":{"title":"Mr","first":"Gregorio","last":"Regalado"},"location":{"street":{"number":5236,"name":"Diagonal Nayarit"},"city":"Ticul","state":"Tamaulipas","country":"Mexico","postcode":45136,"coordinates":{"latitude":"25.6524","longitude":"-148.9148"},"timezone":{"offset":"+2:00","description":"Kaliningrad, South Africa"}},"email":"gregorio.regalado@example.com","login":{"uuid":"6b889ed6-543f-422f-b37f-e26a23ddf249","username":"heavyzebra895","password":"colonial","salt":"upo9kk7T","md5":"27b94b37bd3d6fbedf94a7115ba06417","sha1":"ba7be439a837e3bc81b82428ab7cd42ce9c59990","sha256":"af006813dc1ab6253d6aa8b33a2bafc1adb5233bc4f7ce8fb9231ad457713b4e"},"dob":{"date":"1953-05-02T20:13:17.112Z","age":71},"registered":{"date":"2010-09-15T05:29:52.283Z","age":13},"phone":"(612) 889 1257","cell":"(681) 830 7680","id":{"name":"NSS","value":"95 70 55 3116 7"},"picture":{"large":"https://randomuser.me/api/portraits/men/65.jpg","medium":"https://randomuser.me/api/portraits/med/men/65.jpg","thumbnail":"https://randomuser.me/api/portraits/thumb/men/65.jpg"},"nat":"MX"}],"info":{"seed":"a79106d5bb4a0b15","results":1,"page":1,"version":"1.4"}} 
 </msg>
<msg time="2024-07-06T09:16:45.174148" level="INFO">/opt/hostedtoolcache/Python/3.12.4/x64/lib/python3.12/site-packages/urllib3/connectionpool.py:1099: InsecureRequestWarning: Unverified HTTPS request is being made to host 'randomuser.me'. Adding certificate verification is strongly advised. See: https://urllib3.readthedocs.io/en/latest/advanced-usage.html#tls-warnings
  warnings.warn(</msg>
<msg time="2024-07-06T09:16:45.174258" level="INFO">${response} = &lt;Response [200]&gt;</msg>
<var>${response}</var>
<arg>consultarAPI</arg>
<arg>/api</arg>
<doc>Sends a GET request on a previously created HTTP Session.</doc>
<status status="PASS" start="2024-07-06T09:16:45.080925" elapsed="0.093367"/>
</kw>
<kw name="Set Variable" owner="BuiltIn">
<msg time="2024-07-06T09:16:45.175188" level="INFO">${json_data} = {'results': [{'gender': 'male', 'name': {'title': 'Mr', 'first': 'Gregorio', 'last': 'Regalado'}, 'location': {'street': {'number': 5236, 'name': 'Diagonal Nayarit'}, 'city': 'Ticul', 'state': 'Tamaul...</msg>
<var>${json_data}</var>
<arg>${response.json()}</arg>
<doc>Returns the given values which can then be assigned to a variables.</doc>
<status status="PASS" start="2024-07-06T09:16:45.174722" elapsed="0.000495"/>
</kw>
<kw name="Set Variable" owner="BuiltIn">
<msg time="2024-07-06T09:16:45.175934" level="INFO">${name_title} = Mr</msg>
<var>${name_title}</var>
<arg>${json_data["results"][0]["name"]["title"]}</arg>
<doc>Returns the given values which can then be assigned to a variables.</doc>
<status status="PASS" start="2024-07-06T09:16:45.175553" elapsed="0.000406"/>
</kw>
<kw name="Create List" owner="BuiltIn">
<msg time="2024-07-06T09:16:45.176397" level="INFO">${allowed_titles} = ['Mr', 'Ms', 'Miss', 'Mrs', 'Madame', 'Monsieur']</msg>
<var>${allowed_titles}</var>
<arg>Mr</arg>
<arg>Ms</arg>
<arg>Miss</arg>
<arg>Mrs</arg>
<arg>Madame</arg>
<arg>Monsieur</arg>
<doc>Returns a list containing given items.</doc>
<status status="PASS" start="2024-07-06T09:16:45.176253" elapsed="0.000168"/>
</kw>
<kw name="List Should Contain Value" owner="Collections">
<arg>${allowed_titles}</arg>
<arg>${name_title}</arg>
<doc>Fails if the ``value`` is not found from ``list``.</doc>
<status status="PASS" start="2024-07-06T09:16:45.176711" elapsed="0.000181"/>
</kw>
<kw name="Set Variable" owner="BuiltIn">
<msg time="2024-07-06T09:16:45.177445" level="INFO">${name_country} = MX</msg>
<var>${name_country}</var>
<arg>${json_data["results"][0]["nat"]}</arg>
<doc>Returns the given values which can then be assigned to a variables.</doc>
<status status="PASS" start="2024-07-06T09:16:45.177075" elapsed="0.000395"/>
</kw>
<kw name="Create List" owner="BuiltIn">
<msg time="2024-07-06T09:16:45.178343" level="INFO">${list_country} = ['AD', 'AE', 'AF', 'AG', 'AI', 'AL', 'AM', 'AO', 'AQ', 'AR', 'AS', 'AT', 'AU', 'AW', 'AX', 'AZ', 'BA', 'BB', 'BD', 'BE', 'BF', 'BG', 'BH', 'BI', 'BJ', 'BL', 'BM', 'BN', 'BO', 'BQ', 'BR', 'BS', 'BT', '...</msg>
<var>${list_country}</var>
<arg>AD</arg>
<arg>AE</arg>
<arg>AF</arg>
<arg>AG</arg>
<arg>AI</arg>
<arg>AL</arg>
<arg>AM</arg>
<arg>AO</arg>
<arg>AQ</arg>
<arg>AR</arg>
<arg>AS</arg>
<arg>AT</arg>
<arg>AU</arg>
<arg>AW</arg>
<arg>AX</arg>
<arg>AZ</arg>
<arg>BA</arg>
<arg>BB</arg>
<arg>BD</arg>
<arg>BE</arg>
<arg>BF</arg>
<arg>BG</arg>
<arg>BH</arg>
<arg>BI</arg>
<arg>BJ</arg>
<arg>BL</arg>
<arg>BM</arg>
<arg>BN</arg>
<arg>BO</arg>
<arg>BQ</arg>
<arg>BR</arg>
<arg>BS</arg>
<arg>BT</arg>
<arg>BV</arg>
<arg>BW</arg>
<arg>BY</arg>
<arg>BZ</arg>
<arg>CA</arg>
<arg>CC</arg>
<arg>CD</arg>
<arg>CF</arg>
<arg>CG</arg>
<arg>CH</arg>
<arg>CI</arg>
<arg>CK</arg>
<arg>CL</arg>
<arg>CM</arg>
<arg>CN</arg>
<arg>CO</arg>
<arg>CR</arg>
<arg>CU</arg>
<arg>CV</arg>
<arg>CW</arg>
<arg>CX</arg>
<arg>CY</arg>
<arg>CZ</arg>
<arg>DE</arg>
<arg>DJ</arg>
<arg>DK</arg>
<arg>DM</arg>
<arg>DO</arg>
<arg>DZ</arg>
<arg>EC</arg>
<arg>EE</arg>
<arg>EG</arg>
<arg>EH</arg>
<arg>ER</arg>
<arg>ES</arg>
<arg>ET</arg>
<arg>FI</arg>
<arg>FJ</arg>
<arg>FK</arg>
<arg>FM</arg>
<arg>FO</arg>
<arg>FR</arg>
<arg>GA</arg>
<arg>GB</arg>
<arg>GD</arg>
<arg>GE</arg>
<arg>GF</arg>
<arg>GG</arg>
<arg>GH</arg>
<arg>GI</arg>
<arg>GL</arg>
<arg>GM</arg>
<arg>GN</arg>
<arg>GP</arg>
<arg>GQ</arg>
<arg>GR</arg>
<arg>GS</arg>
<arg>GT</arg>
<arg>GU</arg>
<arg>GW</arg>
<arg>GY</arg>
<arg>HK</arg>
<arg>HM</arg>
<arg>HN</arg>
<arg>HR</arg>
<arg>HT</arg>
<arg>HU</arg>
<arg>ID</arg>
<arg>IE</arg>
<arg>IL</arg>
<arg>IM</arg>
<arg>IN</arg>
<arg>IO</arg>
<arg>IQ</arg>
<arg>IR</arg>
<arg>IS</arg>
<arg>IT</arg>
<arg>JE</arg>
<arg>JM</arg>
<arg>JO</arg>
<arg>JP</arg>
<arg>KE</arg>
<arg>KG</arg>
<arg>KH</arg>
<arg>KI</arg>
<arg>KM</arg>
<arg>KN</arg>
<arg>KP</arg>
<arg>KR</arg>
<arg>KW</arg>
<arg>KY</arg>
<arg>KZ</arg>
<arg>LA</arg>
<arg>LB</arg>
<arg>LC</arg>
<arg>LI</arg>
<arg>LK</arg>
<arg>LR</arg>
<arg>LS</arg>
<arg>LT</arg>
<arg>LU</arg>
<arg>LV</arg>
<arg>LY</arg>
<arg>MA</arg>
<arg>MC</arg>
<arg>MD</arg>
<arg>ME</arg>
<arg>MF</arg>
<arg>MG</arg>
<arg>MH</arg>
<arg>MK</arg>
<arg>ML</arg>
<arg>MM</arg>
<arg>MN</arg>
<arg>MO</arg>
<arg>MP</arg>
<arg>MQ</arg>
<arg>MR</arg>
<arg>MS</arg>
<arg>MT</arg>
<arg>MU</arg>
<arg>MV</arg>
<arg>MW</arg>
<arg>MX</arg>
<arg>MY</arg>
<arg>MZ</arg>
<arg>NA</arg>
<arg>NC</arg>
<arg>NE</arg>
<arg>NF</arg>
<arg>NG</arg>
<arg>NI</arg>
<arg>NL</arg>
<arg>NO</arg>
<arg>NP</arg>
<arg>NR</arg>
<arg>NU</arg>
<arg>NZ</arg>
<arg>OM</arg>
<arg>PA</arg>
<arg>PE</arg>
<arg>PF</arg>
<arg>PG</arg>
<arg>PH</arg>
<arg>PK</arg>
<arg>PL</arg>
<arg>PM</arg>
<arg>PN</arg>
<arg>PR</arg>
<arg>PS</arg>
<arg>PT</arg>
<arg>PW</arg>
<arg>PY</arg>
<arg>QA</arg>
<arg>RE</arg>
<arg>RO</arg>
<arg>RS</arg>
<arg>RU</arg>
<arg>RW</arg>
<arg>SA</arg>
<arg>SB</arg>
<arg>SC</arg>
<arg>SD</arg>
<arg>SE</arg>
<arg>SG</arg>
<arg>SH</arg>
<arg>SI</arg>
<arg>SJ</arg>
<arg>SK</arg>
<arg>SL</arg>
<arg>SM</arg>
<arg>SN</arg>
<arg>SO</arg>
<arg>SR</arg>
<arg>SS</arg>
<arg>ST</arg>
<arg>SV</arg>
<arg>SX</arg>
<arg>SY</arg>
<arg>SZ</arg>
<arg>TC</arg>
<arg>TD</arg>
<arg>TF</arg>
<arg>TG</arg>
<arg>TH</arg>
<arg>TJ</arg>
<arg>TK</arg>
<arg>TL</arg>
<arg>TM</arg>
<arg>TN</arg>
<arg>TO</arg>
<arg>TR</arg>
<arg>TT</arg>
<arg>TV</arg>
<arg>TW</arg>
<arg>TZ</arg>
<arg>UA</arg>
<arg>UG</arg>
<arg>UM</arg>
<arg>US</arg>
<arg>UY</arg>
<arg>UZ</arg>
<arg>VA</arg>
<arg>VC</arg>
<arg>VE</arg>
<arg>VG</arg>
<arg>VI</arg>
<arg>VN</arg>
<arg>VU</arg>
<arg>WF</arg>
<arg>WS</arg>
<arg>XK</arg>
<arg>YE</arg>
<arg>YT</arg>
<arg>ZA</arg>
<arg>ZM</arg>
<arg>ZW</arg>
<doc>Returns a list containing given items.</doc>
<status status="PASS" start="2024-07-06T09:16:45.177757" elapsed="0.000611"/>
</kw>
<kw name="List Should Contain Value" owner="Collections">
<arg>${list_country}</arg>
<arg>${name_country}</arg>
<doc>Fails if the ``value`` is not found from ``list``.</doc>
<status status="PASS" start="2024-07-06T09:16:45.179150" elapsed="0.000206"/>
</kw>
<kw name="Run Keyword If" owner="BuiltIn">
<kw name="Should Be True" owner="BuiltIn">
<arg>${True}</arg>
<doc>Fails if the given condition is not true.</doc>
<status status="PASS" start="2024-07-06T09:16:45.180309" elapsed="0.000140"/>
</kw>
<arg>${json_data["results"][0]["location"]["coordinates"]["latitude"]} &gt;= -90 and ${json_data["results"][0]["location"]["coordinates"]["latitude"]} &lt;= 90</arg>
<arg>Should Be True</arg>
<arg>${True}</arg>
<doc>Runs the given keyword with the given arguments, if ``condition`` is true.</doc>
<status status="PASS" start="2024-07-06T09:16:45.179571" elapsed="0.001003"/>
</kw>
<kw name="Run Keyword If" owner="BuiltIn">
<kw name="Should Be True" owner="BuiltIn">
<arg>${True}</arg>
<doc>Fails if the given condition is not true.</doc>
<status status="PASS" start="2024-07-06T09:16:45.181451" elapsed="0.000235"/>
</kw>
<arg>${json_data["results"][0]["location"]["coordinates"]["longitude"]} &gt;= -180 and ${json_data["results"][0]["location"]["coordinates"]["longitude"]} &lt;= 180</arg>
<arg>Should Be True</arg>
<arg>${True}</arg>
<doc>Runs the given keyword with the given arguments, if ``condition`` is true.</doc>
<status status="PASS" start="2024-07-06T09:16:45.180760" elapsed="0.001055"/>
</kw>
<status status="PASS" start="2024-07-06T09:16:45.080704" elapsed="0.101240"/>
</kw>
<doc>Testa o conteúdo específico dos campos retornados pela API.</doc>
<tag>testeConteudo</tag>
<status status="PASS" start="2024-07-06T09:16:45.080158" elapsed="0.101932"/>
</test>
<status status="PASS" start="2024-07-06T09:16:44.202059" elapsed="0.981968"/>
</suite>
<status status="PASS" start="2024-07-06T09:16:44.187467" elapsed="1.001553"/>
</suite>
<statistics>
<total>
<stat pass="5" fail="0" skip="0">All Tests</stat>
</total>
<tag>
<stat pass="1" fail="0" skip="0">testeConteudo</stat>
<stat pass="1" fail="0" skip="0">testeEstruturaResposta</stat>
<stat pass="1" fail="0" skip="0">testeRequisicaoBasica</stat>
<stat pass="1" fail="0" skip="0">testeTiposDados</stat>
</tag>
<suite>
<stat pass="5" fail="0" skip="0" id="s1" name="Tests">Tests</stat>
<stat pass="5" fail="0" skip="0" id="s1-s1" name="Random-User-Test">Tests.Random-User-Test</stat>
</suite>
</statistics>
<errors>
</errors>
</robot>
