<?xml version="1.0" encoding="UTF-8"?>
<robot generator="Robot 7.0 (Python 3.12.2 on linux)" generated="2024-04-10T02:21:52.782602" rpa="false" schemaversion="5">
<suite id="s1" name="Tests" source="/home/runner/work/DesafioQAItauRogerioJordao/DesafioQAItauRogerioJordao/RamdonUser/tests">
<suite id="s1-s1" name="Random-User-Test" source="/home/runner/work/DesafioQAItauRogerioJordao/DesafioQAItauRogerioJordao/RamdonUser/tests/random-user-test.robot">
<test id="s1-s1-t1" name="Conectar" line="13">
<kw name="Conectar API" owner="random-user-service">
<kw name="Create Session" owner="RequestsLibrary">
<msg time="2024-04-10T02:21:53.153583" level="INFO">Creating Session using : alias=consultarAPI, url=https://randomuser.me/, headers={},                     cookies={}, auth=None, timeout=None, proxies=None, verify=False,                     debug=0 </msg>
<arg>consultarAPI</arg>
<arg>${URL}</arg>
<doc>Create Session: create a HTTP session to a server</doc>
<status status="PASS" start="2024-04-10T02:21:53.153376" elapsed="0.000392"/>
</kw>
<status status="PASS" start="2024-04-10T02:21:53.152339" elapsed="0.001792"/>
</kw>
<status status="PASS" start="2024-04-10T02:21:53.151791" elapsed="0.002548"/>
</test>
<test id="s1-s1-t2" name="Validar retorno 200 e JSON Válido" line="16">
<kw name="Teste de Requisicao Basica" owner="random-user-service">
<kw name="GET On Session" owner="RequestsLibrary">
<msg time="2024-04-10T02:21:53.417480" level="INFO">GET Request : url=https://randomuser.me/api 
 path_url=/api 
 headers={'User-Agent': 'python-requests/2.31.0', 'Accept-Encoding': 'gzip, deflate', 'Accept': '*/*', 'Connection': 'keep-alive'} 
 body=None 
 </msg>
<msg time="2024-04-10T02:21:53.417630" level="INFO">GET Response : url=https://randomuser.me/api 
 status=200, reason=OK 
 headers={'Date': 'Wed, 10 Apr 2024 02:21:53 GMT', 'Content-Type': 'application/json; charset=utf-8', 'Transfer-Encoding': 'chunked', 'Connection': 'keep-alive', 'X-Powered-By': 'Express', 'Access-Control-Allow-Origin': '*', 'Cache-Control': 'no-cache', 'ETag': 'W/"4a5-kqK52Tp4rKTs48liAUnL42CGEwc"', 'Vary': 'Accept-Encoding', 'Content-Encoding': 'gzip', 'CF-Cache-Status': 'DYNAMIC', 'Report-To': '{"endpoints":[{"url":"https:\\/\\/a.nel.cloudflare.com\\/report\\/v4?s=ExTefvbIYuHvQKEXzDY0eBOgUOjQpvA5uACcd6ENLY9FGNtQ%2Fmkr%2FAh%2BcgY%2FljxRFx0qZfUm%2FtvBxWROtjNq3OwTmBYaB56B0BILinB%2BZ0bNNvONkcmDSpQCn3BoMYJM"}],"group":"cf-nel","max_age":604800}', 'NEL': '{"success_fraction":0,"report_to":"cf-nel","max_age":604800}', 'Server': 'cloudflare', 'CF-RAY': '871f44188ec56210-ORD', 'alt-svc': 'h3=":443"; ma=86400'} 
 body={"results":[{"gender":"male","name":{"title":"Mr","first":"Nicolas","last":"Meyer"},"location":{"street":{"number":4597,"name":"Avenue de la Libération"},"city":"Dunkerque","state":"Aube","country":"France","postcode":87951,"coordinates":{"latitude":"-19.0373","longitude":"-150.7778"},"timezone":{"offset":"-6:00","description":"Central Time (US &amp; Canada), Mexico City"}},"email":"nicolas.meyer@example.com","login":{"uuid":"ba37051d-2a60-418e-9783-3f543327f263","username":"orangeduck306","password":"inside","salt":"lOxcgG6f","md5":"a4264e135f281117be4e99cc249f3892","sha1":"100754ce0ccf1e3d5d85cf95bf8aa47842106d3b","sha256":"cf54c49da3e8aee5d66096f38f17843060dc2faa2cc7aa97586a082ace2750ed"},"dob":{"date":"2001-02-18T01:59:39.538Z","age":23},"registered":{"date":"2009-05-22T10:34:31.290Z","age":14},"phone":"02-21-49-13-29","cell":"06-00-64-32-66","id":{"name":"INSEE","value":"11010167479511 90"},"picture":{"large":"https://randomuser.me/api/portraits/men/28.jpg","medium":"https://randomuser.me/api/portraits/med/men/28.jpg","thumbnail":"https://randomuser.me/api/portraits/thumb/men/28.jpg"},"nat":"FR"}],"info":{"seed":"0cbbcbf1fd9c7659","results":1,"page":1,"version":"1.4"}} 
 </msg>
<msg time="2024-04-10T02:21:53.417717" level="INFO">/opt/hostedtoolcache/Python/3.12.2/x64/lib/python3.12/site-packages/urllib3/connectionpool.py:1103: InsecureRequestWarning: Unverified HTTPS request is being made to host 'randomuser.me'. Adding certificate verification is strongly advised. See: https://urllib3.readthedocs.io/en/latest/advanced-usage.html#tls-warnings
  warnings.warn(</msg>
<msg time="2024-04-10T02:21:53.417870" level="INFO">${response} = &lt;Response [200]&gt;</msg>
<var>${response}</var>
<arg>consultarAPI</arg>
<arg>/api</arg>
<doc>Sends a GET request on a previously created HTTP Session.</doc>
<status status="PASS" start="2024-04-10T02:21:53.156950" elapsed="0.260961"/>
</kw>
<kw name="Should Be Equal As Numbers" owner="BuiltIn">
<msg time="2024-04-10T02:21:53.419034" level="INFO">Argument types are:
&lt;class 'int'&gt;
&lt;class 'str'&gt;</msg>
<arg>${response.status_code}</arg>
<arg>200</arg>
<doc>Fails if objects are unequal after converting them to real numbers.</doc>
<status status="PASS" start="2024-04-10T02:21:53.418559" elapsed="0.000542"/>
</kw>
<kw name="Log" owner="BuiltIn">
<msg time="2024-04-10T02:21:53.419838" level="INFO">200</msg>
<arg>${response.status_code}</arg>
<doc>Logs the given message with the given level.</doc>
<status status="PASS" start="2024-04-10T02:21:53.419471" elapsed="0.000412"/>
</kw>
<kw name="Set Variable" owner="BuiltIn">
<msg time="2024-04-10T02:21:53.420683" level="INFO">${json_data} = {'results': [{'gender': 'male', 'name': {'title': 'Mr', 'first': 'Nicolas', 'last': 'Meyer'}, 'location': {'street': {'number': 4597, 'name': 'Avenue de la Libération'}, 'city': 'Dunkerque', 'state': ...</msg>
<var>${json_data}</var>
<arg>${response.json()}</arg>
<doc>Returns the given values which can then be assigned to a variables.</doc>
<status status="PASS" start="2024-04-10T02:21:53.420229" elapsed="0.000484"/>
</kw>
<kw name="Dictionary Should Contain Key" owner="Collections">
<msg time="2024-04-10T02:21:53.421198" level="INFO">False</msg>
<arg>${json_data}</arg>
<arg>results</arg>
<doc>Fails if ``key`` is not found from ``dictionary``.</doc>
<status status="PASS" start="2024-04-10T02:21:53.421025" elapsed="0.000246"/>
</kw>
<status status="PASS" start="2024-04-10T02:21:53.156698" elapsed="0.264938"/>
</kw>
<doc>Testa se a API responde corretamente e retorna um objeto JSON válido.</doc>
<tag>testeRequisicaoBasica</tag>
<status status="PASS" start="2024-04-10T02:21:53.156236" elapsed="0.265600"/>
</test>
<test id="s1-s1-t3" name="Validar estrutura de resposta" line="22">
<kw name="Teste de Estrutura de Resposta" owner="random-user-service">
<kw name="GET On Session" owner="RequestsLibrary">
<msg time="2024-04-10T02:21:53.519326" level="INFO">GET Request : url=https://randomuser.me/api 
 path_url=/api 
 headers={'User-Agent': 'python-requests/2.31.0', 'Accept-Encoding': 'gzip, deflate', 'Accept': '*/*', 'Connection': 'keep-alive'} 
 body=None 
 </msg>
<msg time="2024-04-10T02:21:53.519462" level="INFO">GET Response : url=https://randomuser.me/api 
 status=200, reason=OK 
 headers={'Date': 'Wed, 10 Apr 2024 02:21:53 GMT', 'Content-Type': 'application/json; charset=utf-8', 'Transfer-Encoding': 'chunked', 'Connection': 'keep-alive', 'X-Powered-By': 'Express', 'Access-Control-Allow-Origin': '*', 'Cache-Control': 'no-cache', 'ETag': 'W/"4ac-GzKva0pxK0NVb5qP2AhjXSP+fh4"', 'Vary': 'Accept-Encoding', 'Content-Encoding': 'gzip', 'CF-Cache-Status': 'DYNAMIC', 'Report-To': '{"endpoints":[{"url":"https:\\/\\/a.nel.cloudflare.com\\/report\\/v4?s=NwlN66J2%2FvDCOuMhr1kJmTDwoPB1BEFI%2Fx8%2FMbiJCMotvG6Ca0x6e2%2Ftr%2BCu36VS1wYQ8pRTlBwJYioY3b2X2lQiENIU8LIFYarDP%2FYrfBdUE%2FvvmNskBCaRMfmFXDHl"}],"group":"cf-nel","max_age":604800}', 'NEL': '{"success_fraction":0,"report_to":"cf-nel","max_age":604800}', 'Server': 'cloudflare', 'CF-RAY': '871f4418ef3d6210-ORD', 'alt-svc': 'h3=":443"; ma=86400'} 
 body={"results":[{"gender":"male","name":{"title":"Mr","first":"Eberhard","last":"Heckmann"},"location":{"street":{"number":3274,"name":"Finkenweg"},"city":"Remscheid","state":"Baden-Württemberg","country":"Germany","postcode":42051,"coordinates":{"latitude":"-47.6955","longitude":"-77.7489"},"timezone":{"offset":"0:00","description":"Western Europe Time, London, Lisbon, Casablanca"}},"email":"eberhard.heckmann@example.com","login":{"uuid":"34654b05-c53f-46bc-9b85-f98c70d05984","username":"lazyfrog966","password":"radiohea","salt":"Wvo9AQWY","md5":"85668928b9601823d34a4d1422ab035b","sha1":"4a0d3f7738137ba3c7436dc5da70f65e031eef07","sha256":"7e5da989cc5537906a80978d451d9b8e5e13e1ac10014f0a9315db7ee908d46b"},"dob":{"date":"1977-11-24T00:58:44.449Z","age":46},"registered":{"date":"2013-05-09T06:59:04.984Z","age":10},"phone":"0408-0355358","cell":"0178-8159768","id":{"name":"SVNR","value":"46 231177 H 070"},"picture":{"large":"https://randomuser.me/api/portraits/men/77.jpg","medium":"https://randomuser.me/api/portraits/med/men/77.jpg","thumbnail":"https://randomuser.me/api/portraits/thumb/men/77.jpg"},"nat":"DE"}],"info":{"seed":"a7df8245241b64ec","results":1,"page":1,"version":"1.4"}} 
 </msg>
<msg time="2024-04-10T02:21:53.519638" level="INFO">/opt/hostedtoolcache/Python/3.12.2/x64/lib/python3.12/site-packages/urllib3/connectionpool.py:1103: InsecureRequestWarning: Unverified HTTPS request is being made to host 'randomuser.me'. Adding certificate verification is strongly advised. See: https://urllib3.readthedocs.io/en/latest/advanced-usage.html#tls-warnings
  warnings.warn(</msg>
<msg time="2024-04-10T02:21:53.519762" level="INFO">${response} = &lt;Response [200]&gt;</msg>
<var>${response}</var>
<arg>consultarAPI</arg>
<arg>/api</arg>
<doc>Sends a GET request on a previously created HTTP Session.</doc>
<status status="PASS" start="2024-04-10T02:21:53.424765" elapsed="0.095059"/>
</kw>
<kw name="Set Variable" owner="BuiltIn">
<msg time="2024-04-10T02:21:53.520972" level="INFO">${json_data} = {'results': [{'gender': 'male', 'name': {'title': 'Mr', 'first': 'Eberhard', 'last': 'Heckmann'}, 'location': {'street': {'number': 3274, 'name': 'Finkenweg'}, 'city': 'Remscheid', 'state': 'Baden-Wür...</msg>
<var>${json_data}</var>
<arg>${response.json()}</arg>
<doc>Returns the given values which can then be assigned to a variables.</doc>
<status status="PASS" start="2024-04-10T02:21:53.520418" elapsed="0.000585"/>
</kw>
<kw name="Log" owner="BuiltIn">
<msg time="2024-04-10T02:21:53.521490" level="INFO">{'results': [{'gender': 'male', 'name': {'title': 'Mr', 'first': 'Eberhard', 'last': 'Heckmann'}, 'location': {'street': {'number': 3274, 'name': 'Finkenweg'}, 'city': 'Remscheid', 'state': 'Baden-Württemberg', 'country': 'Germany', 'postcode': 42051, 'coordinates': {'latitude': '-47.6955', 'longitude': '-77.7489'}, 'timezone': {'offset': '0:00', 'description': 'Western Europe Time, London, Lisbon, Casablanca'}}, 'email': 'eberhard.heckmann@example.com', 'login': {'uuid': '34654b05-c53f-46bc-9b85-f98c70d05984', 'username': 'lazyfrog966', 'password': 'radiohea', 'salt': 'Wvo9AQWY', 'md5': '85668928b9601823d34a4d1422ab035b', 'sha1': '4a0d3f7738137ba3c7436dc5da70f65e031eef07', 'sha256': '7e5da989cc5537906a80978d451d9b8e5e13e1ac10014f0a9315db7ee908d46b'}, 'dob': {'date': '1977-11-24T00:58:44.449Z', 'age': 46}, 'registered': {'date': '2013-05-09T06:59:04.984Z', 'age': 10}, 'phone': '0408-0355358', 'cell': '0178-8159768', 'id': {'name': 'SVNR', 'value': '46 231177 H 070'}, 'picture': {'large': 'https://randomuser.me/api/portraits/men/77.jpg', 'medium': 'https://randomuser.me/api/portraits/med/men/77.jpg', 'thumbnail': 'https://randomuser.me/api/portraits/thumb/men/77.jpg'}, 'nat': 'DE'}], 'info': {'seed': 'a7df8245241b64ec', 'results': 1, 'page': 1, 'version': '1.4'}}</msg>
<arg>${json_data}</arg>
<doc>Logs the given message with the given level.</doc>
<status status="PASS" start="2024-04-10T02:21:53.521322" elapsed="0.000219"/>
</kw>
<kw name="Dictionary Should Contain Key" owner="Collections">
<msg time="2024-04-10T02:21:53.522004" level="INFO">False</msg>
<arg>${json_data}</arg>
<arg>results</arg>
<doc>Fails if ``key`` is not found from ``dictionary``.</doc>
<status status="PASS" start="2024-04-10T02:21:53.521846" elapsed="0.000197"/>
</kw>
<kw name="Should Not Be Empty" owner="BuiltIn">
<msg time="2024-04-10T02:21:53.522508" level="INFO">Length is 2.</msg>
<arg>${json_data}</arg>
<doc>Verifies that the given item is not empty.</doc>
<status status="PASS" start="2024-04-10T02:21:53.522350" elapsed="0.000197"/>
</kw>
<kw name="Create List" owner="BuiltIn">
<msg time="2024-04-10T02:21:53.523000" level="INFO">${expected_keys} = ['gender', 'name', 'location', 'email', 'login']</msg>
<var>${expected_keys}</var>
<arg>gender</arg>
<arg>name</arg>
<arg>location</arg>
<arg>email</arg>
<arg>login</arg>
<doc>Returns a list containing given items.</doc>
<status status="PASS" start="2024-04-10T02:21:53.522848" elapsed="0.000177"/>
</kw>
<for flavor="IN">
<iter>
<kw name="Dictionary Should Contain Key" owner="Collections">
<msg time="2024-04-10T02:21:53.524070" level="INFO">False</msg>
<arg>${json_data['results'][0]}</arg>
<arg>${key}</arg>
<doc>Fails if ``key`` is not found from ``dictionary``.</doc>
<status status="PASS" start="2024-04-10T02:21:53.523662" elapsed="0.000448"/>
</kw>
<kw name="Log" owner="BuiltIn">
<msg time="2024-04-10T02:21:53.524805" level="INFO">{'gender': 'male', 'name': {'title': 'Mr', 'first': 'Eberhard', 'last': 'Heckmann'}, 'location': {'street': {'number': 3274, 'name': 'Finkenweg'}, 'city': 'Remscheid', 'state': 'Baden-Württemberg', 'country': 'Germany', 'postcode': 42051, 'coordinates': {'latitude': '-47.6955', 'longitude': '-77.7489'}, 'timezone': {'offset': '0:00', 'description': 'Western Europe Time, London, Lisbon, Casablanca'}}, 'email': 'eberhard.heckmann@example.com', 'login': {'uuid': '34654b05-c53f-46bc-9b85-f98c70d05984', 'username': 'lazyfrog966', 'password': 'radiohea', 'salt': 'Wvo9AQWY', 'md5': '85668928b9601823d34a4d1422ab035b', 'sha1': '4a0d3f7738137ba3c7436dc5da70f65e031eef07', 'sha256': '7e5da989cc5537906a80978d451d9b8e5e13e1ac10014f0a9315db7ee908d46b'}, 'dob': {'date': '1977-11-24T00:58:44.449Z', 'age': 46}, 'registered': {'date': '2013-05-09T06:59:04.984Z', 'age': 10}, 'phone': '0408-0355358', 'cell': '0178-8159768', 'id': {'name': 'SVNR', 'value': '46 231177 H 070'}, 'picture': {'large': 'https://randomuser.me/api/portraits/men/77.jpg', 'medium': 'https://randomuser.me/api/portraits/med/men/77.jpg', 'thumbnail': 'https://randomuser.me/api/portraits/thumb/men/77.jpg'}, 'nat': 'DE'}</msg>
<arg>${json_data['results'][0]}</arg>
<doc>Logs the given message with the given level.</doc>
<status status="PASS" start="2024-04-10T02:21:53.524435" elapsed="0.000427"/>
</kw>
<kw name="Log" owner="BuiltIn">
<msg time="2024-04-10T02:21:53.525314" level="INFO">gender</msg>
<arg>${key}</arg>
<doc>Logs the given message with the given level.</doc>
<status status="PASS" start="2024-04-10T02:21:53.525179" elapsed="0.000174"/>
</kw>
<var name="${key}">gender</var>
<status status="PASS" start="2024-04-10T02:21:53.523530" elapsed="0.002053"/>
</iter>
<iter>
<kw name="Dictionary Should Contain Key" owner="Collections">
<msg time="2024-04-10T02:21:53.526294" level="INFO">False</msg>
<arg>${json_data['results'][0]}</arg>
<arg>${key}</arg>
<doc>Fails if ``key`` is not found from ``dictionary``.</doc>
<status status="PASS" start="2024-04-10T02:21:53.525898" elapsed="0.000468"/>
</kw>
<kw name="Log" owner="BuiltIn">
<msg time="2024-04-10T02:21:53.527045" level="INFO">{'gender': 'male', 'name': {'title': 'Mr', 'first': 'Eberhard', 'last': 'Heckmann'}, 'location': {'street': {'number': 3274, 'name': 'Finkenweg'}, 'city': 'Remscheid', 'state': 'Baden-Württemberg', 'country': 'Germany', 'postcode': 42051, 'coordinates': {'latitude': '-47.6955', 'longitude': '-77.7489'}, 'timezone': {'offset': '0:00', 'description': 'Western Europe Time, London, Lisbon, Casablanca'}}, 'email': 'eberhard.heckmann@example.com', 'login': {'uuid': '34654b05-c53f-46bc-9b85-f98c70d05984', 'username': 'lazyfrog966', 'password': 'radiohea', 'salt': 'Wvo9AQWY', 'md5': '85668928b9601823d34a4d1422ab035b', 'sha1': '4a0d3f7738137ba3c7436dc5da70f65e031eef07', 'sha256': '7e5da989cc5537906a80978d451d9b8e5e13e1ac10014f0a9315db7ee908d46b'}, 'dob': {'date': '1977-11-24T00:58:44.449Z', 'age': 46}, 'registered': {'date': '2013-05-09T06:59:04.984Z', 'age': 10}, 'phone': '0408-0355358', 'cell': '0178-8159768', 'id': {'name': 'SVNR', 'value': '46 231177 H 070'}, 'picture': {'large': 'https://randomuser.me/api/portraits/men/77.jpg', 'medium': 'https://randomuser.me/api/portraits/med/men/77.jpg', 'thumbnail': 'https://randomuser.me/api/portraits/thumb/men/77.jpg'}, 'nat': 'DE'}</msg>
<arg>${json_data['results'][0]}</arg>
<doc>Logs the given message with the given level.</doc>
<status status="PASS" start="2024-04-10T02:21:53.526678" elapsed="0.000418"/>
</kw>
<kw name="Log" owner="BuiltIn">
<msg time="2024-04-10T02:21:53.527561" level="INFO">name</msg>
<arg>${key}</arg>
<doc>Logs the given message with the given level.</doc>
<status status="PASS" start="2024-04-10T02:21:53.527424" elapsed="0.000176"/>
</kw>
<var name="${key}">name</var>
<status status="PASS" start="2024-04-10T02:21:53.525780" elapsed="0.002043"/>
</iter>
<iter>
<kw name="Dictionary Should Contain Key" owner="Collections">
<msg time="2024-04-10T02:21:53.528500" level="INFO">False</msg>
<arg>${json_data['results'][0]}</arg>
<arg>${key}</arg>
<doc>Fails if ``key`` is not found from ``dictionary``.</doc>
<status status="PASS" start="2024-04-10T02:21:53.528122" elapsed="0.000416"/>
</kw>
<kw name="Log" owner="BuiltIn">
<msg time="2024-04-10T02:21:53.529206" level="INFO">{'gender': 'male', 'name': {'title': 'Mr', 'first': 'Eberhard', 'last': 'Heckmann'}, 'location': {'street': {'number': 3274, 'name': 'Finkenweg'}, 'city': 'Remscheid', 'state': 'Baden-Württemberg', 'country': 'Germany', 'postcode': 42051, 'coordinates': {'latitude': '-47.6955', 'longitude': '-77.7489'}, 'timezone': {'offset': '0:00', 'description': 'Western Europe Time, London, Lisbon, Casablanca'}}, 'email': 'eberhard.heckmann@example.com', 'login': {'uuid': '34654b05-c53f-46bc-9b85-f98c70d05984', 'username': 'lazyfrog966', 'password': 'radiohea', 'salt': 'Wvo9AQWY', 'md5': '85668928b9601823d34a4d1422ab035b', 'sha1': '4a0d3f7738137ba3c7436dc5da70f65e031eef07', 'sha256': '7e5da989cc5537906a80978d451d9b8e5e13e1ac10014f0a9315db7ee908d46b'}, 'dob': {'date': '1977-11-24T00:58:44.449Z', 'age': 46}, 'registered': {'date': '2013-05-09T06:59:04.984Z', 'age': 10}, 'phone': '0408-0355358', 'cell': '0178-8159768', 'id': {'name': 'SVNR', 'value': '46 231177 H 070'}, 'picture': {'large': 'https://randomuser.me/api/portraits/men/77.jpg', 'medium': 'https://randomuser.me/api/portraits/med/men/77.jpg', 'thumbnail': 'https://randomuser.me/api/portraits/thumb/men/77.jpg'}, 'nat': 'DE'}</msg>
<arg>${json_data['results'][0]}</arg>
<doc>Logs the given message with the given level.</doc>
<status status="PASS" start="2024-04-10T02:21:53.528844" elapsed="0.000417"/>
</kw>
<kw name="Log" owner="BuiltIn">
<msg time="2024-04-10T02:21:53.529694" level="INFO">location</msg>
<arg>${key}</arg>
<doc>Logs the given message with the given level.</doc>
<status status="PASS" start="2024-04-10T02:21:53.529564" elapsed="0.000169"/>
</kw>
<var name="${key}">location</var>
<status status="PASS" start="2024-04-10T02:21:53.528007" elapsed="0.001945"/>
</iter>
<iter>
<kw name="Dictionary Should Contain Key" owner="Collections">
<msg time="2024-04-10T02:21:53.530625" level="INFO">False</msg>
<arg>${json_data['results'][0]}</arg>
<arg>${key}</arg>
<doc>Fails if ``key`` is not found from ``dictionary``.</doc>
<status status="PASS" start="2024-04-10T02:21:53.530241" elapsed="0.000421"/>
</kw>
<kw name="Log" owner="BuiltIn">
<msg time="2024-04-10T02:21:53.531331" level="INFO">{'gender': 'male', 'name': {'title': 'Mr', 'first': 'Eberhard', 'last': 'Heckmann'}, 'location': {'street': {'number': 3274, 'name': 'Finkenweg'}, 'city': 'Remscheid', 'state': 'Baden-Württemberg', 'country': 'Germany', 'postcode': 42051, 'coordinates': {'latitude': '-47.6955', 'longitude': '-77.7489'}, 'timezone': {'offset': '0:00', 'description': 'Western Europe Time, London, Lisbon, Casablanca'}}, 'email': 'eberhard.heckmann@example.com', 'login': {'uuid': '34654b05-c53f-46bc-9b85-f98c70d05984', 'username': 'lazyfrog966', 'password': 'radiohea', 'salt': 'Wvo9AQWY', 'md5': '85668928b9601823d34a4d1422ab035b', 'sha1': '4a0d3f7738137ba3c7436dc5da70f65e031eef07', 'sha256': '7e5da989cc5537906a80978d451d9b8e5e13e1ac10014f0a9315db7ee908d46b'}, 'dob': {'date': '1977-11-24T00:58:44.449Z', 'age': 46}, 'registered': {'date': '2013-05-09T06:59:04.984Z', 'age': 10}, 'phone': '0408-0355358', 'cell': '0178-8159768', 'id': {'name': 'SVNR', 'value': '46 231177 H 070'}, 'picture': {'large': 'https://randomuser.me/api/portraits/men/77.jpg', 'medium': 'https://randomuser.me/api/portraits/med/men/77.jpg', 'thumbnail': 'https://randomuser.me/api/portraits/thumb/men/77.jpg'}, 'nat': 'DE'}</msg>
<arg>${json_data['results'][0]}</arg>
<doc>Logs the given message with the given level.</doc>
<status status="PASS" start="2024-04-10T02:21:53.530966" elapsed="0.000416"/>
</kw>
<kw name="Log" owner="BuiltIn">
<msg time="2024-04-10T02:21:53.531885" level="INFO">email</msg>
<arg>${key}</arg>
<doc>Logs the given message with the given level.</doc>
<status status="PASS" start="2024-04-10T02:21:53.531754" elapsed="0.000170"/>
</kw>
<var name="${key}">email</var>
<status status="PASS" start="2024-04-10T02:21:53.530129" elapsed="0.002012"/>
</iter>
<iter>
<kw name="Dictionary Should Contain Key" owner="Collections">
<msg time="2024-04-10T02:21:53.532806" level="INFO">False</msg>
<arg>${json_data['results'][0]}</arg>
<arg>${key}</arg>
<doc>Fails if ``key`` is not found from ``dictionary``.</doc>
<status status="PASS" start="2024-04-10T02:21:53.532432" elapsed="0.000411"/>
</kw>
<kw name="Log" owner="BuiltIn">
<msg time="2024-04-10T02:21:53.533523" level="INFO">{'gender': 'male', 'name': {'title': 'Mr', 'first': 'Eberhard', 'last': 'Heckmann'}, 'location': {'street': {'number': 3274, 'name': 'Finkenweg'}, 'city': 'Remscheid', 'state': 'Baden-Württemberg', 'country': 'Germany', 'postcode': 42051, 'coordinates': {'latitude': '-47.6955', 'longitude': '-77.7489'}, 'timezone': {'offset': '0:00', 'description': 'Western Europe Time, London, Lisbon, Casablanca'}}, 'email': 'eberhard.heckmann@example.com', 'login': {'uuid': '34654b05-c53f-46bc-9b85-f98c70d05984', 'username': 'lazyfrog966', 'password': 'radiohea', 'salt': 'Wvo9AQWY', 'md5': '85668928b9601823d34a4d1422ab035b', 'sha1': '4a0d3f7738137ba3c7436dc5da70f65e031eef07', 'sha256': '7e5da989cc5537906a80978d451d9b8e5e13e1ac10014f0a9315db7ee908d46b'}, 'dob': {'date': '1977-11-24T00:58:44.449Z', 'age': 46}, 'registered': {'date': '2013-05-09T06:59:04.984Z', 'age': 10}, 'phone': '0408-0355358', 'cell': '0178-8159768', 'id': {'name': 'SVNR', 'value': '46 231177 H 070'}, 'picture': {'large': 'https://randomuser.me/api/portraits/men/77.jpg', 'medium': 'https://randomuser.me/api/portraits/med/men/77.jpg', 'thumbnail': 'https://randomuser.me/api/portraits/thumb/men/77.jpg'}, 'nat': 'DE'}</msg>
<arg>${json_data['results'][0]}</arg>
<doc>Logs the given message with the given level.</doc>
<status status="PASS" start="2024-04-10T02:21:53.533140" elapsed="0.000433"/>
</kw>
<kw name="Log" owner="BuiltIn">
<msg time="2024-04-10T02:21:53.534036" level="INFO">login</msg>
<arg>${key}</arg>
<doc>Logs the given message with the given level.</doc>
<status status="PASS" start="2024-04-10T02:21:53.533903" elapsed="0.000177"/>
</kw>
<var name="${key}">login</var>
<status status="PASS" start="2024-04-10T02:21:53.532319" elapsed="0.001985"/>
</iter>
<var>${key}</var>
<value>@{expected_keys}</value>
<status status="PASS" start="2024-04-10T02:21:53.523290" elapsed="0.011140"/>
</for>
<kw name="Create List" owner="BuiltIn">
<msg time="2024-04-10T02:21:53.534765" level="INFO">${expected_keysTwo} = ['username', 'password']</msg>
<var>${expected_keysTwo}</var>
<arg>username</arg>
<arg>password</arg>
<doc>Returns a list containing given items.</doc>
<status status="PASS" start="2024-04-10T02:21:53.534626" elapsed="0.000163"/>
</kw>
<for flavor="IN">
<iter>
<kw name="Dictionary Should Contain Key" owner="Collections">
<msg time="2024-04-10T02:21:53.535833" level="INFO">False</msg>
<arg>${json_data['results'][0]['login']}</arg>
<arg>${keyTwo}</arg>
<doc>Fails if ``key`` is not found from ``dictionary``.</doc>
<status status="PASS" start="2024-04-10T02:21:53.535442" elapsed="0.000429"/>
</kw>
<kw name="Dictionary Should Contain Key" owner="Collections">
<msg time="2024-04-10T02:21:53.536564" level="INFO">False</msg>
<arg>${json_data['results'][0]['login']}</arg>
<arg>${keyTwo}</arg>
<doc>Fails if ``key`` is not found from ``dictionary``.</doc>
<status status="PASS" start="2024-04-10T02:21:53.536176" elapsed="0.000426"/>
</kw>
<kw name="Log" owner="BuiltIn">
<msg time="2024-04-10T02:21:53.537031" level="INFO">username</msg>
<arg>${keyTwo}</arg>
<doc>Logs the given message with the given level.</doc>
<status status="PASS" start="2024-04-10T02:21:53.536902" elapsed="0.000167"/>
</kw>
<var name="${keyTwo}">username</var>
<status status="PASS" start="2024-04-10T02:21:53.535296" elapsed="0.001991"/>
</iter>
<iter>
<kw name="Dictionary Should Contain Key" owner="Collections">
<msg time="2024-04-10T02:21:53.537963" level="INFO">False</msg>
<arg>${json_data['results'][0]['login']}</arg>
<arg>${keyTwo}</arg>
<doc>Fails if ``key`` is not found from ``dictionary``.</doc>
<status status="PASS" start="2024-04-10T02:21:53.537578" elapsed="0.000423"/>
</kw>
<kw name="Dictionary Should Contain Key" owner="Collections">
<msg time="2024-04-10T02:21:53.538678" level="INFO">False</msg>
<arg>${json_data['results'][0]['login']}</arg>
<arg>${keyTwo}</arg>
<doc>Fails if ``key`` is not found from ``dictionary``.</doc>
<status status="PASS" start="2024-04-10T02:21:53.538297" elapsed="0.000418"/>
</kw>
<kw name="Log" owner="BuiltIn">
<msg time="2024-04-10T02:21:53.539145" level="INFO">password</msg>
<arg>${keyTwo}</arg>
<doc>Logs the given message with the given level.</doc>
<status status="PASS" start="2024-04-10T02:21:53.539013" elapsed="0.000171"/>
</kw>
<var name="${keyTwo}">password</var>
<status status="PASS" start="2024-04-10T02:21:53.537466" elapsed="0.001970"/>
</iter>
<var>${keyTwo}</var>
<value>@{expected_keysTwo}</value>
<status status="PASS" start="2024-04-10T02:21:53.535033" elapsed="0.004541"/>
</for>
<status status="PASS" start="2024-04-10T02:21:53.424524" elapsed="0.115196"/>
</kw>
<doc>Testa a estrutura da resposta da API.</doc>
<tag>testeEstruturaResposta</tag>
<status status="PASS" start="2024-04-10T02:21:53.423760" elapsed="0.116126"/>
</test>
<test id="s1-s1-t4" name="Validar tipos de dados" line="28">
<kw name="Teste de Tipos de Dados" owner="random-user-service">
<kw name="GET On Session" owner="RequestsLibrary">
<msg time="2024-04-10T02:21:53.622441" level="INFO">GET Request : url=https://randomuser.me/api 
 path_url=/api 
 headers={'User-Agent': 'python-requests/2.31.0', 'Accept-Encoding': 'gzip, deflate', 'Accept': '*/*', 'Connection': 'keep-alive'} 
 body=None 
 </msg>
<msg time="2024-04-10T02:21:53.622543" level="INFO">GET Response : url=https://randomuser.me/api 
 status=200, reason=OK 
 headers={'Date': 'Wed, 10 Apr 2024 02:21:53 GMT', 'Content-Type': 'application/json; charset=utf-8', 'Transfer-Encoding': 'chunked', 'Connection': 'keep-alive', 'X-Powered-By': 'Express', 'Access-Control-Allow-Origin': '*', 'Cache-Control': 'no-cache', 'ETag': 'W/"477-UguJHgjbjPByAKz9EEHtiZ4xWRg"', 'Vary': 'Accept-Encoding', 'Content-Encoding': 'gzip', 'CF-Cache-Status': 'DYNAMIC', 'Report-To': '{"endpoints":[{"url":"https:\\/\\/a.nel.cloudflare.com\\/report\\/v4?s=q5Fd1z7PBLmeiKSS9LaSQ9cP5YRwmPii5ye45%2FQ3ZLWG9ad%2Bkf6R3Re4LTsHm1%2BheilTTrmYXQ4yfgJfhMQxECOQ6FU%2BsrhpQGHefu6EC8M51iAbJcInIJjZlKlN9cQO"}],"group":"cf-nel","max_age":604800}', 'NEL': '{"success_fraction":0,"report_to":"cf-nel","max_age":604800}', 'Server': 'cloudflare', 'CF-RAY': '871f4419a84b6210-ORD', 'alt-svc': 'h3=":443"; ma=86400'} 
 body={"results":[{"gender":"female","name":{"title":"Miss","first":"Hetal","last":"Banerjee"},"location":{"street":{"number":8706,"name":"Ranganathan St"},"city":"Rampur","state":"Sikkim","country":"India","postcode":42213,"coordinates":{"latitude":"10.0896","longitude":"134.1122"},"timezone":{"offset":"-10:00","description":"Hawaii"}},"email":"hetal.banerjee@example.com","login":{"uuid":"4141dbcd-5c9c-4de2-b88c-a65d073bf4da","username":"silverostrich475","password":"kingfish","salt":"WJXZ6ioH","md5":"567937518c858fb0ec12bacf3833a4b4","sha1":"693fee72ec48146dc7961db80d26b9ba6daa5ade","sha256":"c073afc9b17e235fcb8535a2b8fb8c12068736f235d148be3c38acbb43162f04"},"dob":{"date":"1962-07-06T01:21:45.842Z","age":61},"registered":{"date":"2018-11-30T10:02:41.233Z","age":5},"phone":"8279286255","cell":"7582475182","id":{"name":"UIDAI","value":"778309445594"},"picture":{"large":"https://randomuser.me/api/portraits/women/0.jpg","medium":"https://randomuser.me/api/portraits/med/women/0.jpg","thumbnail":"https://randomuser.me/api/portraits/thumb/women/0.jpg"},"nat":"IN"}],"info":{"seed":"27d3290be2a1e128","results":1,"page":1,"version":"1.4"}} 
 </msg>
<msg time="2024-04-10T02:21:53.622620" level="INFO">/opt/hostedtoolcache/Python/3.12.2/x64/lib/python3.12/site-packages/urllib3/connectionpool.py:1103: InsecureRequestWarning: Unverified HTTPS request is being made to host 'randomuser.me'. Adding certificate verification is strongly advised. See: https://urllib3.readthedocs.io/en/latest/advanced-usage.html#tls-warnings
  warnings.warn(</msg>
<msg time="2024-04-10T02:21:53.622754" level="INFO">${response} = &lt;Response [200]&gt;</msg>
<var>${response}</var>
<arg>consultarAPI</arg>
<arg>/api</arg>
<doc>Sends a GET request on a previously created HTTP Session.</doc>
<status status="PASS" start="2024-04-10T02:21:53.542519" elapsed="0.080286"/>
</kw>
<kw name="Set Variable" owner="BuiltIn">
<msg time="2024-04-10T02:21:53.623985" level="INFO">${json_data} = {'results': [{'gender': 'female', 'name': {'title': 'Miss', 'first': 'Hetal', 'last': 'Banerjee'}, 'location': {'street': {'number': 8706, 'name': 'Ranganathan St'}, 'city': 'Rampur', 'state': 'Sikkim...</msg>
<var>${json_data}</var>
<arg>${response.json()}</arg>
<doc>Returns the given values which can then be assigned to a variables.</doc>
<status status="PASS" start="2024-04-10T02:21:53.623418" elapsed="0.000602"/>
</kw>
<kw name="Log" owner="BuiltIn">
<msg time="2024-04-10T02:21:53.624514" level="INFO">{'results': [{'gender': 'female', 'name': {'title': 'Miss', 'first': 'Hetal', 'last': 'Banerjee'}, 'location': {'street': {'number': 8706, 'name': 'Ranganathan St'}, 'city': 'Rampur', 'state': 'Sikkim', 'country': 'India', 'postcode': 42213, 'coordinates': {'latitude': '10.0896', 'longitude': '134.1122'}, 'timezone': {'offset': '-10:00', 'description': 'Hawaii'}}, 'email': 'hetal.banerjee@example.com', 'login': {'uuid': '4141dbcd-5c9c-4de2-b88c-a65d073bf4da', 'username': 'silverostrich475', 'password': 'kingfish', 'salt': 'WJXZ6ioH', 'md5': '567937518c858fb0ec12bacf3833a4b4', 'sha1': '693fee72ec48146dc7961db80d26b9ba6daa5ade', 'sha256': 'c073afc9b17e235fcb8535a2b8fb8c12068736f235d148be3c38acbb43162f04'}, 'dob': {'date': '1962-07-06T01:21:45.842Z', 'age': 61}, 'registered': {'date': '2018-11-30T10:02:41.233Z', 'age': 5}, 'phone': '8279286255', 'cell': '7582475182', 'id': {'name': 'UIDAI', 'value': '778309445594'}, 'picture': {'large': 'https://randomuser.me/api/portraits/women/0.jpg', 'medium': 'https://randomuser.me/api/portraits/med/women/0.jpg', 'thumbnail': 'https://randomuser.me/api/portraits/thumb/women/0.jpg'}, 'nat': 'IN'}], 'info': {'seed': '27d3290be2a1e128', 'results': 1, 'page': 1, 'version': '1.4'}}</msg>
<arg>${json_data}</arg>
<doc>Logs the given message with the given level.</doc>
<status status="PASS" start="2024-04-10T02:21:53.624350" elapsed="0.000250"/>
</kw>
<kw name="Should Be String" owner="String">
<arg>${json_data['results'][0]['gender']}</arg>
<doc>Fails if the given ``item`` is not a string.</doc>
<status status="PASS" start="2024-04-10T02:21:53.624913" elapsed="0.000428"/>
</kw>
<kw name="Should Match Regexp" owner="BuiltIn">
<arg>${json_data['results'][0]['email']}</arg>
<arg>^[a-zA-Z0-9._%+-]+@[a-zA-Z0-9.-]+\.[a-zA-Z]{2,}$</arg>
<doc>Fails if ``string`` does not match ``pattern`` as a regular expression.</doc>
<status status="PASS" start="2024-04-10T02:21:53.625570" elapsed="0.000525"/>
</kw>
<kw name="Should Match Regexp" owner="BuiltIn">
<arg>${json_data['results'][0]['dob']['date']}</arg>
<arg>\\d{4}-\\d{2}-\\d{2}T\\d{2}:\\d{2}:\\d{2}\\.\\d{3}Z</arg>
<doc>Fails if ``string`` does not match ``pattern`` as a regular expression.</doc>
<status status="PASS" start="2024-04-10T02:21:53.626296" elapsed="0.000502"/>
</kw>
<kw name="Should Match Regexp" owner="BuiltIn">
<arg>${json_data['results'][0]['registered']['date']}</arg>
<arg>\\d{4}-\\d{2}-\\d{2}T\\d{2}:\\d{2}:\\d{2}\\.\\d{3}Z</arg>
<doc>Fails if ``string`` does not match ``pattern`` as a regular expression.</doc>
<status status="PASS" start="2024-04-10T02:21:53.626999" elapsed="0.000385"/>
</kw>
<kw name="Should Match Regexp" owner="BuiltIn">
<arg>${json_data['results'][0]['picture']['large']}</arg>
<arg>^https?://.*\.(?:png|jpe?g|gif|bmp)$</arg>
<doc>Fails if ``string`` does not match ``pattern`` as a regular expression.</doc>
<status status="PASS" start="2024-04-10T02:21:53.627604" elapsed="0.000466"/>
</kw>
<kw name="Should Match Regexp" owner="BuiltIn">
<arg>${json_data['results'][0]['picture']['medium']}</arg>
<arg>^https?://.*\.(?:png|jpe?g|gif|bmp)$</arg>
<doc>Fails if ``string`` does not match ``pattern`` as a regular expression.</doc>
<status status="PASS" start="2024-04-10T02:21:53.628264" elapsed="0.000364"/>
</kw>
<kw name="Should Match Regexp" owner="BuiltIn">
<arg>${json_data['results'][0]['picture']['thumbnail']}</arg>
<arg>^https?://.*\.(?:png|jpe?g|gif|bmp)$</arg>
<doc>Fails if ``string`` does not match ``pattern`` as a regular expression.</doc>
<status status="PASS" start="2024-04-10T02:21:53.628819" elapsed="0.000359"/>
</kw>
<kw name="Log" owner="BuiltIn">
<msg time="2024-04-10T02:21:53.629697" level="INFO">{'large': 'https://randomuser.me/api/portraits/women/0.jpg', 'medium': 'https://randomuser.me/api/portraits/med/women/0.jpg', 'thumbnail': 'https://randomuser.me/api/portraits/thumb/women/0.jpg'}</msg>
<arg>${json_data['results'][0]['picture']}</arg>
<doc>Logs the given message with the given level.</doc>
<status status="PASS" start="2024-04-10T02:21:53.629362" elapsed="0.000378"/>
</kw>
<status status="PASS" start="2024-04-10T02:21:53.542282" elapsed="0.087720"/>
</kw>
<kw name="Teste de Tipos de Dados - Postcode" owner="random-user-service">
<kw name="GET On Session" owner="RequestsLibrary">
<msg time="2024-04-10T02:21:53.715062" level="INFO">GET Request : url=https://randomuser.me/api 
 path_url=/api 
 headers={'User-Agent': 'python-requests/2.31.0', 'Accept-Encoding': 'gzip, deflate', 'Accept': '*/*', 'Connection': 'keep-alive'} 
 body=None 
 </msg>
<msg time="2024-04-10T02:21:53.715140" level="INFO">GET Response : url=https://randomuser.me/api 
 status=200, reason=OK 
 headers={'Date': 'Wed, 10 Apr 2024 02:21:53 GMT', 'Content-Type': 'application/json; charset=utf-8', 'Transfer-Encoding': 'chunked', 'Connection': 'keep-alive', 'X-Powered-By': 'Express', 'Access-Control-Allow-Origin': '*', 'Cache-Control': 'no-cache', 'ETag': 'W/"478-miVBWAdkxg1bXuufpf64v/cvPYw"', 'Vary': 'Accept-Encoding', 'Content-Encoding': 'gzip', 'CF-Cache-Status': 'DYNAMIC', 'Report-To': '{"endpoints":[{"url":"https:\\/\\/a.nel.cloudflare.com\\/report\\/v4?s=GuMLZRxzu%2Fklk82bGZcBpBsWwrpIe8I67tlH39StAQhKCIlEZiqfflPfvLrvfxzLaT43LtnQh8VyQ22cSVJdWiktpYS5fwIVAUqXNnLnbmLnPaaX8pjpdWm08TmcViAe"}],"group":"cf-nel","max_age":604800}', 'NEL': '{"success_fraction":0,"report_to":"cf-nel","max_age":604800}', 'Server': 'cloudflare', 'CF-RAY': '871f441a39216210-ORD', 'alt-svc': 'h3=":443"; ma=86400'} 
 body={"results":[{"gender":"male","name":{"title":"Mr","first":"Eilev","last":"Bjune"},"location":{"street":{"number":1883,"name":"Lille Bislett"},"city":"Torhaug","state":"Akershus","country":"Norway","postcode":"6640","coordinates":{"latitude":"43.8648","longitude":"-81.4682"},"timezone":{"offset":"-1:00","description":"Azores, Cape Verde Islands"}},"email":"eilev.bjune@example.com","login":{"uuid":"31638d04-c096-466b-a09c-f01c2479a0f3","username":"organicrabbit953","password":"484848","salt":"VcJzzySk","md5":"f9266a857c39dc905fca76697991978b","sha1":"769aa93c5482edac7483fb158d0b647b70899370","sha256":"085f7273adda03e033325b21422a9abc6de0c21c4406dd25c6e2e047174c36c4"},"dob":{"date":"1945-11-09T19:18:22.415Z","age":78},"registered":{"date":"2004-05-22T04:14:30.317Z","age":19},"phone":"22466092","cell":"45374092","id":{"name":"FN","value":"09114531364"},"picture":{"large":"https://randomuser.me/api/portraits/men/80.jpg","medium":"https://randomuser.me/api/portraits/med/men/80.jpg","thumbnail":"https://randomuser.me/api/portraits/thumb/men/80.jpg"},"nat":"NO"}],"info":{"seed":"d2a4e5857517f8f4","results":1,"page":1,"version":"1.4"}} 
 </msg>
<msg time="2024-04-10T02:21:53.715219" level="INFO">/opt/hostedtoolcache/Python/3.12.2/x64/lib/python3.12/site-packages/urllib3/connectionpool.py:1103: InsecureRequestWarning: Unverified HTTPS request is being made to host 'randomuser.me'. Adding certificate verification is strongly advised. See: https://urllib3.readthedocs.io/en/latest/advanced-usage.html#tls-warnings
  warnings.warn(</msg>
<msg time="2024-04-10T02:21:53.715325" level="INFO">${response} = &lt;Response [200]&gt;</msg>
<var>${response}</var>
<arg>consultarAPI</arg>
<arg>/api</arg>
<doc>Sends a GET request on a previously created HTTP Session.</doc>
<status status="PASS" start="2024-04-10T02:21:53.630471" elapsed="0.084894"/>
</kw>
<kw name="Set Variable" owner="BuiltIn">
<msg time="2024-04-10T02:21:53.716469" level="INFO">${json_data} = {'results': [{'gender': 'male', 'name': {'title': 'Mr', 'first': 'Eilev', 'last': 'Bjune'}, 'location': {'street': {'number': 1883, 'name': 'Lille Bislett'}, 'city': 'Torhaug', 'state': 'Akershus', 'c...</msg>
<var>${json_data}</var>
<arg>${response.json()}</arg>
<doc>Returns the given values which can then be assigned to a variables.</doc>
<status status="PASS" start="2024-04-10T02:21:53.715925" elapsed="0.000572"/>
</kw>
<kw name="Log" owner="BuiltIn">
<msg time="2024-04-10T02:21:53.716978" level="INFO">{'results': [{'gender': 'male', 'name': {'title': 'Mr', 'first': 'Eilev', 'last': 'Bjune'}, 'location': {'street': {'number': 1883, 'name': 'Lille Bislett'}, 'city': 'Torhaug', 'state': 'Akershus', 'country': 'Norway', 'postcode': '6640', 'coordinates': {'latitude': '43.8648', 'longitude': '-81.4682'}, 'timezone': {'offset': '-1:00', 'description': 'Azores, Cape Verde Islands'}}, 'email': 'eilev.bjune@example.com', 'login': {'uuid': '31638d04-c096-466b-a09c-f01c2479a0f3', 'username': 'organicrabbit953', 'password': '484848', 'salt': 'VcJzzySk', 'md5': 'f9266a857c39dc905fca76697991978b', 'sha1': '769aa93c5482edac7483fb158d0b647b70899370', 'sha256': '085f7273adda03e033325b21422a9abc6de0c21c4406dd25c6e2e047174c36c4'}, 'dob': {'date': '1945-11-09T19:18:22.415Z', 'age': 78}, 'registered': {'date': '2004-05-22T04:14:30.317Z', 'age': 19}, 'phone': '22466092', 'cell': '45374092', 'id': {'name': 'FN', 'value': '09114531364'}, 'picture': {'large': 'https://randomuser.me/api/portraits/men/80.jpg', 'medium': 'https://randomuser.me/api/portraits/med/men/80.jpg', 'thumbnail': 'https://randomuser.me/api/portraits/thumb/men/80.jpg'}, 'nat': 'NO'}], 'info': {'seed': 'd2a4e5857517f8f4', 'results': 1, 'page': 1, 'version': '1.4'}}</msg>
<arg>${json_data}</arg>
<doc>Logs the given message with the given level.</doc>
<status status="PASS" start="2024-04-10T02:21:53.716820" elapsed="0.000237"/>
</kw>
<kw name="Should Be Equal As Numbers" owner="BuiltIn">
<arg>${json_data['results'][0]['location']['postcode']}</arg>
<arg>${json_data['results'][0]['location']['postcode']}</arg>
<doc>Fails if objects are unequal after converting them to real numbers.</doc>
<status status="PASS" start="2024-04-10T02:21:53.717367" elapsed="0.000640"/>
</kw>
<kw name="Log" owner="BuiltIn">
<msg time="2024-04-10T02:21:53.718539" level="INFO">6640</msg>
<arg>${json_data['results'][0]['location']['postcode']}</arg>
<doc>Logs the given message with the given level.</doc>
<status status="PASS" start="2024-04-10T02:21:53.718202" elapsed="0.000379"/>
</kw>
<status status="PASS" start="2024-04-10T02:21:53.630231" elapsed="0.088612"/>
</kw>
<doc>Testa se os tipos de dados na resposta da API estão corretos.</doc>
<tag>testeTiposDados</tag>
<status status="PASS" start="2024-04-10T02:21:53.541707" elapsed="0.177309"/>
</test>
<test id="s1-s1-t5" name="Validar conteudo" line="35">
<kw name="Teste de Tipos de Conteudo" owner="random-user-service">
<kw name="GET On Session" owner="RequestsLibrary">
<msg time="2024-04-10T02:21:53.826352" level="INFO">GET Request : url=https://randomuser.me/api 
 path_url=/api 
 headers={'User-Agent': 'python-requests/2.31.0', 'Accept-Encoding': 'gzip, deflate', 'Accept': '*/*', 'Connection': 'keep-alive'} 
 body=None 
 </msg>
<msg time="2024-04-10T02:21:53.826449" level="INFO">GET Response : url=https://randomuser.me/api 
 status=200, reason=OK 
 headers={'Date': 'Wed, 10 Apr 2024 02:21:53 GMT', 'Content-Type': 'application/json; charset=utf-8', 'Transfer-Encoding': 'chunked', 'Connection': 'keep-alive', 'X-Powered-By': 'Express', 'Access-Control-Allow-Origin': '*', 'Cache-Control': 'no-cache', 'ETag': 'W/"4a0-h26+wOr7HAvbYWQ8zYtWur4jBkw"', 'Vary': 'Accept-Encoding', 'Content-Encoding': 'gzip', 'CF-Cache-Status': 'DYNAMIC', 'Report-To': '{"endpoints":[{"url":"https:\\/\\/a.nel.cloudflare.com\\/report\\/v4?s=L6TFo%2BVc0%2Bfr%2BdAMYnsxDJYzYi2LrSsrWne4ZitKLWbbMAXs4oZLnuCYVHWE2V3GmL%2FCaipASaIcA75LdQPgxUsBBBhKQAXMtj6tL7rWtYRXGpooOIZQop3ciMToJf8X"}],"group":"cf-nel","max_age":604800}', 'NEL': '{"success_fraction":0,"report_to":"cf-nel","max_age":604800}', 'Server': 'cloudflare', 'CF-RAY': '871f441ac9dc6210-ORD', 'alt-svc': 'h3=":443"; ma=86400'} 
 body={"results":[{"gender":"male","name":{"title":"Mr","first":"محمدعلی","last":"احمدی"},"location":{"street":{"number":6630,"name":"شهید ثانی"},"city":"نجف‌آباد","state":"آذربایجان شرقی","country":"Iran","postcode":80556,"coordinates":{"latitude":"13.2692","longitude":"-128.0633"},"timezone":{"offset":"-11:00","description":"Midway Island, Samoa"}},"email":"mhmdaaly.hmdy@example.com","login":{"uuid":"c01a6c0c-2f86-4984-bbc4-61650bdd54ec","username":"smallelephant462","password":"pimpin","salt":"i9GzKFpm","md5":"c170d7307ff7c748cd655eaedd2cf3a6","sha1":"cc330e1696313d9fe7efb983adcf18c06160c068","sha256":"d2e82df3abd8aabeff9ce0e63b15f36100e70baf134d29fd64f3cae7c786b945"},"dob":{"date":"1949-05-08T22:20:40.532Z","age":74},"registered":{"date":"2010-06-30T13:10:54.897Z","age":13},"phone":"007-88329889","cell":"0994-349-3845","id":{"name":"","value":null},"picture":{"large":"https://randomuser.me/api/portraits/men/33.jpg","medium":"https://randomuser.me/api/portraits/med/men/33.jpg","thumbnail":"https://randomuser.me/api/portraits/thumb/men/33.jpg"},"nat":"IR"}],"info":{"seed":"c9c9edf34e1adf1a","results":1,"page":1,"version":"1.4"}} 
 </msg>
<msg time="2024-04-10T02:21:53.826523" level="INFO">/opt/hostedtoolcache/Python/3.12.2/x64/lib/python3.12/site-packages/urllib3/connectionpool.py:1103: InsecureRequestWarning: Unverified HTTPS request is being made to host 'randomuser.me'. Adding certificate verification is strongly advised. See: https://urllib3.readthedocs.io/en/latest/advanced-usage.html#tls-warnings
  warnings.warn(</msg>
<msg time="2024-04-10T02:21:53.826647" level="INFO">${response} = &lt;Response [200]&gt;</msg>
<var>${response}</var>
<arg>consultarAPI</arg>
<arg>/api</arg>
<doc>Sends a GET request on a previously created HTTP Session.</doc>
<status status="PASS" start="2024-04-10T02:21:53.721603" elapsed="0.105084"/>
</kw>
<kw name="Set Variable" owner="BuiltIn">
<msg time="2024-04-10T02:21:53.827918" level="INFO">${json_data} = {'results': [{'gender': 'male', 'name': {'title': 'Mr', 'first': 'محمدعلی', 'last': 'احمدی'}, 'location': {'street': {'number': 6630, 'name': 'شهید ثانی'}, 'city': 'نجف\u200cآباد', 'state': 'آذربایجان...</msg>
<var>${json_data}</var>
<arg>${response.json()}</arg>
<doc>Returns the given values which can then be assigned to a variables.</doc>
<status status="PASS" start="2024-04-10T02:21:53.827318" elapsed="0.000631"/>
</kw>
<kw name="Set Variable" owner="BuiltIn">
<msg time="2024-04-10T02:21:53.828650" level="INFO">${name_title} = Mr</msg>
<var>${name_title}</var>
<arg>${json_data["results"][0]["name"]["title"]}</arg>
<doc>Returns the given values which can then be assigned to a variables.</doc>
<status status="PASS" start="2024-04-10T02:21:53.828266" elapsed="0.000410"/>
</kw>
<kw name="Create List" owner="BuiltIn">
<msg time="2024-04-10T02:21:53.829132" level="INFO">${allowed_titles} = ['Mr', 'Ms', 'Miss', 'Mrs', 'Madame', 'Monsieur']</msg>
<var>${allowed_titles}</var>
<arg>Mr</arg>
<arg>Ms</arg>
<arg>Miss</arg>
<arg>Mrs</arg>
<arg>Madame</arg>
<arg>Monsieur</arg>
<doc>Returns a list containing given items.</doc>
<status status="PASS" start="2024-04-10T02:21:53.828981" elapsed="0.000175"/>
</kw>
<kw name="List Should Contain Value" owner="Collections">
<msg time="2024-04-10T02:21:53.829642" level="INFO">False</msg>
<arg>${allowed_titles}</arg>
<arg>${name_title}</arg>
<doc>Fails if the ``value`` is not found from ``list``.</doc>
<status status="PASS" start="2024-04-10T02:21:53.829467" elapsed="0.000212"/>
</kw>
<kw name="Set Variable" owner="BuiltIn">
<msg time="2024-04-10T02:21:53.830362" level="INFO">${name_country} = IR</msg>
<var>${name_country}</var>
<arg>${json_data["results"][0]["nat"]}</arg>
<doc>Returns the given values which can then be assigned to a variables.</doc>
<status status="PASS" start="2024-04-10T02:21:53.829983" elapsed="0.000404"/>
</kw>
<kw name="Create List" owner="BuiltIn">
<msg time="2024-04-10T02:21:53.831290" level="INFO">${list_country} = ['AD', 'AE', 'AF', 'AG', 'AI', 'AL', 'AM', 'AO', 'AQ', 'AR', 'AS', 'AT', 'AU', 'AW', 'AX', 'AZ', 'BA', 'BB', 'BD', 'BE', 'BF', 'BG', 'BH', 'BI', 'BJ', 'BL', 'BM', 'BN', 'BO', 'BQ', 'BR', 'BS', 'BT', '...</msg>
<var>${list_country}</var>
<arg>AD</arg>
<arg>AE</arg>
<arg>AF</arg>
<arg>AG</arg>
<arg>AI</arg>
<arg>AL</arg>
<arg>AM</arg>
<arg>AO</arg>
<arg>AQ</arg>
<arg>AR</arg>
<arg>AS</arg>
<arg>AT</arg>
<arg>AU</arg>
<arg>AW</arg>
<arg>AX</arg>
<arg>AZ</arg>
<arg>BA</arg>
<arg>BB</arg>
<arg>BD</arg>
<arg>BE</arg>
<arg>BF</arg>
<arg>BG</arg>
<arg>BH</arg>
<arg>BI</arg>
<arg>BJ</arg>
<arg>BL</arg>
<arg>BM</arg>
<arg>BN</arg>
<arg>BO</arg>
<arg>BQ</arg>
<arg>BR</arg>
<arg>BS</arg>
<arg>BT</arg>
<arg>BV</arg>
<arg>BW</arg>
<arg>BY</arg>
<arg>BZ</arg>
<arg>CA</arg>
<arg>CC</arg>
<arg>CD</arg>
<arg>CF</arg>
<arg>CG</arg>
<arg>CH</arg>
<arg>CI</arg>
<arg>CK</arg>
<arg>CL</arg>
<arg>CM</arg>
<arg>CN</arg>
<arg>CO</arg>
<arg>CR</arg>
<arg>CU</arg>
<arg>CV</arg>
<arg>CW</arg>
<arg>CX</arg>
<arg>CY</arg>
<arg>CZ</arg>
<arg>DE</arg>
<arg>DJ</arg>
<arg>DK</arg>
<arg>DM</arg>
<arg>DO</arg>
<arg>DZ</arg>
<arg>EC</arg>
<arg>EE</arg>
<arg>EG</arg>
<arg>EH</arg>
<arg>ER</arg>
<arg>ES</arg>
<arg>ET</arg>
<arg>FI</arg>
<arg>FJ</arg>
<arg>FK</arg>
<arg>FM</arg>
<arg>FO</arg>
<arg>FR</arg>
<arg>GA</arg>
<arg>GB</arg>
<arg>GD</arg>
<arg>GE</arg>
<arg>GF</arg>
<arg>GG</arg>
<arg>GH</arg>
<arg>GI</arg>
<arg>GL</arg>
<arg>GM</arg>
<arg>GN</arg>
<arg>GP</arg>
<arg>GQ</arg>
<arg>GR</arg>
<arg>GS</arg>
<arg>GT</arg>
<arg>GU</arg>
<arg>GW</arg>
<arg>GY</arg>
<arg>HK</arg>
<arg>HM</arg>
<arg>HN</arg>
<arg>HR</arg>
<arg>HT</arg>
<arg>HU</arg>
<arg>ID</arg>
<arg>IE</arg>
<arg>IL</arg>
<arg>IM</arg>
<arg>IN</arg>
<arg>IO</arg>
<arg>IQ</arg>
<arg>IR</arg>
<arg>IS</arg>
<arg>IT</arg>
<arg>JE</arg>
<arg>JM</arg>
<arg>JO</arg>
<arg>JP</arg>
<arg>KE</arg>
<arg>KG</arg>
<arg>KH</arg>
<arg>KI</arg>
<arg>KM</arg>
<arg>KN</arg>
<arg>KP</arg>
<arg>KR</arg>
<arg>KW</arg>
<arg>KY</arg>
<arg>KZ</arg>
<arg>LA</arg>
<arg>LB</arg>
<arg>LC</arg>
<arg>LI</arg>
<arg>LK</arg>
<arg>LR</arg>
<arg>LS</arg>
<arg>LT</arg>
<arg>LU</arg>
<arg>LV</arg>
<arg>LY</arg>
<arg>MA</arg>
<arg>MC</arg>
<arg>MD</arg>
<arg>ME</arg>
<arg>MF</arg>
<arg>MG</arg>
<arg>MH</arg>
<arg>MK</arg>
<arg>ML</arg>
<arg>MM</arg>
<arg>MN</arg>
<arg>MO</arg>
<arg>MP</arg>
<arg>MQ</arg>
<arg>MR</arg>
<arg>MS</arg>
<arg>MT</arg>
<arg>MU</arg>
<arg>MV</arg>
<arg>MW</arg>
<arg>MX</arg>
<arg>MY</arg>
<arg>MZ</arg>
<arg>NA</arg>
<arg>NC</arg>
<arg>NE</arg>
<arg>NF</arg>
<arg>NG</arg>
<arg>NI</arg>
<arg>NL</arg>
<arg>NO</arg>
<arg>NP</arg>
<arg>NR</arg>
<arg>NU</arg>
<arg>NZ</arg>
<arg>OM</arg>
<arg>PA</arg>
<arg>PE</arg>
<arg>PF</arg>
<arg>PG</arg>
<arg>PH</arg>
<arg>PK</arg>
<arg>PL</arg>
<arg>PM</arg>
<arg>PN</arg>
<arg>PR</arg>
<arg>PS</arg>
<arg>PT</arg>
<arg>PW</arg>
<arg>PY</arg>
<arg>QA</arg>
<arg>RE</arg>
<arg>RO</arg>
<arg>RS</arg>
<arg>RU</arg>
<arg>RW</arg>
<arg>SA</arg>
<arg>SB</arg>
<arg>SC</arg>
<arg>SD</arg>
<arg>SE</arg>
<arg>SG</arg>
<arg>SH</arg>
<arg>SI</arg>
<arg>SJ</arg>
<arg>SK</arg>
<arg>SL</arg>
<arg>SM</arg>
<arg>SN</arg>
<arg>SO</arg>
<arg>SR</arg>
<arg>SS</arg>
<arg>ST</arg>
<arg>SV</arg>
<arg>SX</arg>
<arg>SY</arg>
<arg>SZ</arg>
<arg>TC</arg>
<arg>TD</arg>
<arg>TF</arg>
<arg>TG</arg>
<arg>TH</arg>
<arg>TJ</arg>
<arg>TK</arg>
<arg>TL</arg>
<arg>TM</arg>
<arg>TN</arg>
<arg>TO</arg>
<arg>TR</arg>
<arg>TT</arg>
<arg>TV</arg>
<arg>TW</arg>
<arg>TZ</arg>
<arg>UA</arg>
<arg>UG</arg>
<arg>UM</arg>
<arg>US</arg>
<arg>UY</arg>
<arg>UZ</arg>
<arg>VA</arg>
<arg>VC</arg>
<arg>VE</arg>
<arg>VG</arg>
<arg>VI</arg>
<arg>VN</arg>
<arg>VU</arg>
<arg>WF</arg>
<arg>WS</arg>
<arg>XK</arg>
<arg>YE</arg>
<arg>YT</arg>
<arg>ZA</arg>
<arg>ZM</arg>
<arg>ZW</arg>
<doc>Returns a list containing given items.</doc>
<status status="PASS" start="2024-04-10T02:21:53.830692" elapsed="0.000623"/>
</kw>
<kw name="List Should Contain Value" owner="Collections">
<msg time="2024-04-10T02:21:53.832349" level="INFO">False</msg>
<arg>${list_country}</arg>
<arg>${name_country}</arg>
<doc>Fails if the ``value`` is not found from ``list``.</doc>
<status status="PASS" start="2024-04-10T02:21:53.832141" elapsed="0.000250"/>
</kw>
<kw name="Run Keyword If" owner="BuiltIn">
<kw name="Should Be True" owner="BuiltIn">
<arg>${True}</arg>
<doc>Fails if the given condition is not true.</doc>
<status status="PASS" start="2024-04-10T02:21:53.833609" elapsed="0.000147"/>
</kw>
<arg>${json_data["results"][0]["location"]["coordinates"]["latitude"]} &gt;= -90 and ${json_data["results"][0]["location"]["coordinates"]["latitude"]} &lt;= 90</arg>
<arg>Should Be True</arg>
<arg>${True}</arg>
<doc>Runs the given keyword with the given arguments, if ``condition`` is true.</doc>
<status status="PASS" start="2024-04-10T02:21:53.832711" elapsed="0.001175"/>
</kw>
<kw name="Run Keyword If" owner="BuiltIn">
<kw name="Should Be True" owner="BuiltIn">
<arg>${True}</arg>
<doc>Fails if the given condition is not true.</doc>
<status status="PASS" start="2024-04-10T02:21:53.834778" elapsed="0.000139"/>
</kw>
<arg>${json_data["results"][0]["location"]["coordinates"]["longitude"]} &gt;= -180 and ${json_data["results"][0]["location"]["coordinates"]["longitude"]} &lt;= 180</arg>
<arg>Should Be True</arg>
<arg>${True}</arg>
<doc>Runs the given keyword with the given arguments, if ``condition`` is true.</doc>
<status status="PASS" start="2024-04-10T02:21:53.834075" elapsed="0.000966"/>
</kw>
<status status="PASS" start="2024-04-10T02:21:53.721371" elapsed="0.113802"/>
</kw>
<doc>Testa o conteúdo específico dos campos retornados pela API.</doc>
<tag>testeConteudo</tag>
<status status="PASS" start="2024-04-10T02:21:53.720817" elapsed="0.114512"/>
</test>
<status status="PASS" start="2024-04-10T02:21:52.836144" elapsed="1.001197"/>
</suite>
<status status="PASS" start="2024-04-10T02:21:52.822221" elapsed="1.020554"/>
</suite>
<statistics>
<total>
<stat pass="5" fail="0" skip="0">All Tests</stat>
</total>
<tag>
<stat pass="1" fail="0" skip="0">testeConteudo</stat>
<stat pass="1" fail="0" skip="0">testeEstruturaResposta</stat>
<stat pass="1" fail="0" skip="0">testeRequisicaoBasica</stat>
<stat pass="1" fail="0" skip="0">testeTiposDados</stat>
</tag>
<suite>
<stat pass="5" fail="0" skip="0" id="s1" name="Tests">Tests</stat>
<stat pass="5" fail="0" skip="0" id="s1-s1" name="Random-User-Test">Tests.Random-User-Test</stat>
</suite>
</statistics>
<errors>
</errors>
</robot>
