<?xml version="1.0" encoding="UTF-8"?>
<robot generator="Robot 7.0 (Python 3.12.3 on linux)" generated="2024-04-30T18:19:59.645107" rpa="false" schemaversion="5">
<suite id="s1" name="Tests" source="/home/runner/work/DesafioQAItauRogerioJordao/DesafioQAItauRogerioJordao/RamdonUser/tests">
<suite id="s1-s1" name="Random-User-Test" source="/home/runner/work/DesafioQAItauRogerioJordao/DesafioQAItauRogerioJordao/RamdonUser/tests/random-user-test.robot">
<test id="s1-s1-t1" name="Conectar" line="13">
<kw name="Conectar API" owner="random-user-service">
<kw name="Create Session" owner="RequestsLibrary">
<msg time="2024-04-30T18:20:00.107082" level="INFO">Creating Session using : alias=consultarAPI, url=https://randomuser.me/, headers={},                     cookies={}, auth=None, timeout=None, proxies=None, verify=False,                     debug=0 </msg>
<arg>consultarAPI</arg>
<arg>${URL}</arg>
<doc>Create Session: create a HTTP session to a server</doc>
<status status="PASS" start="2024-04-30T18:20:00.106875" elapsed="0.000406"/>
</kw>
<status status="PASS" start="2024-04-30T18:20:00.105855" elapsed="0.001805"/>
</kw>
<status status="PASS" start="2024-04-30T18:20:00.105276" elapsed="0.002576"/>
</test>
<test id="s1-s1-t2" name="Validar retorno 200 e JSON Válido" line="16">
<kw name="Teste de Requisicao Basica" owner="random-user-service">
<kw name="GET On Session" owner="RequestsLibrary">
<msg time="2024-04-30T18:20:00.192322" level="INFO">GET Request : url=https://randomuser.me/api 
 path_url=/api 
 headers={'User-Agent': 'python-requests/2.31.0', 'Accept-Encoding': 'gzip, deflate', 'Accept': '*/*', 'Connection': 'keep-alive'} 
 body=None 
 </msg>
<msg time="2024-04-30T18:20:00.192496" level="INFO">GET Response : url=https://randomuser.me/api 
 status=200, reason=OK 
 headers={'Date': 'Tue, 30 Apr 2024 18:20:00 GMT', 'Content-Type': 'application/json; charset=utf-8', 'Transfer-Encoding': 'chunked', 'Connection': 'keep-alive', 'X-Powered-By': 'Express', 'Access-Control-Allow-Origin': '*', 'Cache-Control': 'no-cache', 'ETag': 'W/"489-/ozlWnA4g/1l4kOxK6pPTi8L9yM"', 'Vary': 'Accept-Encoding', 'Content-Encoding': 'gzip', 'CF-Cache-Status': 'DYNAMIC', 'Report-To': '{"endpoints":[{"url":"https:\\/\\/a.nel.cloudflare.com\\/report\\/v4?s=V2xVKM%2BIuYWApyMvq1CPGlziSydAETLdHp7UIEhZPujumRQjJxrV7J5g9BcBS7IC6pWrY8iZyF2ajku0DUTbP2krwtjclsUv0GpnVCBeKmSoo6sy6gdDIrKO%2BiSFR%2Fn3"}],"group":"cf-nel","max_age":604800}', 'NEL': '{"success_fraction":0,"report_to":"cf-nel","max_age":604800}', 'Server': 'cloudflare', 'CF-RAY': '87c98b14dc3481db-IAD', 'alt-svc': 'h3=":443"; ma=86400'} 
 body={"results":[{"gender":"male","name":{"title":"Mr","first":"Jakov","last":"Rajković"},"location":{"street":{"number":2736,"name":"Mise Todorovića"},"city":"Topola","state":"Bor","country":"Serbia","postcode":34064,"coordinates":{"latitude":"60.9935","longitude":"-168.2591"},"timezone":{"offset":"-4:00","description":"Atlantic Time (Canada), Caracas, La Paz"}},"email":"jakov.rajkovic@example.com","login":{"uuid":"59448d04-da59-43c9-a0b1-c6a3e38ab51b","username":"sadcat822","password":"8inches","salt":"2NwKoXMA","md5":"3878896c5ef0a84cdc5d2547c006e662","sha1":"206dbd94be5701c6bfec7a91357c48bc22d0abd2","sha256":"c0257533aec627e9b7cc629b15e3012d4f89481fdf5739c7673d28c8acb5b44d"},"dob":{"date":"1966-04-17T14:45:37.640Z","age":58},"registered":{"date":"2015-01-26T09:25:41.005Z","age":9},"phone":"031-5673-170","cell":"064-7880-228","id":{"name":"SID","value":"158523157"},"picture":{"large":"https://randomuser.me/api/portraits/men/24.jpg","medium":"https://randomuser.me/api/portraits/med/men/24.jpg","thumbnail":"https://randomuser.me/api/portraits/thumb/men/24.jpg"},"nat":"RS"}],"info":{"seed":"1b587ab1806d7c15","results":1,"page":1,"version":"1.4"}} 
 </msg>
<msg time="2024-04-30T18:20:00.192584" level="INFO">/opt/hostedtoolcache/Python/3.12.3/x64/lib/python3.12/site-packages/urllib3/connectionpool.py:1103: InsecureRequestWarning: Unverified HTTPS request is being made to host 'randomuser.me'. Adding certificate verification is strongly advised. See: https://urllib3.readthedocs.io/en/latest/advanced-usage.html#tls-warnings
  warnings.warn(</msg>
<msg time="2024-04-30T18:20:00.192747" level="INFO">${response} = &lt;Response [200]&gt;</msg>
<var>${response}</var>
<arg>consultarAPI</arg>
<arg>/api</arg>
<doc>Sends a GET request on a previously created HTTP Session.</doc>
<status status="PASS" start="2024-04-30T18:20:00.110454" elapsed="0.082338"/>
</kw>
<kw name="Should Be Equal As Numbers" owner="BuiltIn">
<msg time="2024-04-30T18:20:00.193773" level="INFO">Argument types are:
&lt;class 'int'&gt;
&lt;class 'str'&gt;</msg>
<arg>${response.status_code}</arg>
<arg>200</arg>
<doc>Fails if objects are unequal after converting them to real numbers.</doc>
<status status="PASS" start="2024-04-30T18:20:00.193312" elapsed="0.000527"/>
</kw>
<kw name="Log" owner="BuiltIn">
<msg time="2024-04-30T18:20:00.194563" level="INFO">200</msg>
<arg>${response.status_code}</arg>
<doc>Logs the given message with the given level.</doc>
<status status="PASS" start="2024-04-30T18:20:00.194195" elapsed="0.000409"/>
</kw>
<kw name="Set Variable" owner="BuiltIn">
<msg time="2024-04-30T18:20:00.195360" level="INFO">${json_data} = {'results': [{'gender': 'male', 'name': {'title': 'Mr', 'first': 'Jakov', 'last': 'Rajković'}, 'location': {'street': {'number': 2736, 'name': 'Mise Todorovića'}, 'city': 'Topola', 'state': 'Bor', 'co...</msg>
<var>${json_data}</var>
<arg>${response.json()}</arg>
<doc>Returns the given values which can then be assigned to a variables.</doc>
<status status="PASS" start="2024-04-30T18:20:00.194905" elapsed="0.000486"/>
</kw>
<kw name="Dictionary Should Contain Key" owner="Collections">
<msg time="2024-04-30T18:20:00.195860" level="INFO">False</msg>
<arg>${json_data}</arg>
<arg>results</arg>
<doc>Fails if ``key`` is not found from ``dictionary``.</doc>
<status status="PASS" start="2024-04-30T18:20:00.195694" elapsed="0.000211"/>
</kw>
<status status="PASS" start="2024-04-30T18:20:00.110211" elapsed="0.085955"/>
</kw>
<doc>Testa se a API responde corretamente e retorna um objeto JSON válido.</doc>
<tag>testeRequisicaoBasica</tag>
<status status="PASS" start="2024-04-30T18:20:00.109760" elapsed="0.086593"/>
</test>
<test id="s1-s1-t3" name="Validar estrutura de resposta" line="22">
<kw name="Teste de Estrutura de Resposta" owner="random-user-service">
<kw name="GET On Session" owner="RequestsLibrary">
<msg time="2024-04-30T18:20:00.282897" level="INFO">GET Request : url=https://randomuser.me/api 
 path_url=/api 
 headers={'User-Agent': 'python-requests/2.31.0', 'Accept-Encoding': 'gzip, deflate', 'Accept': '*/*', 'Connection': 'keep-alive'} 
 body=None 
 </msg>
<msg time="2024-04-30T18:20:00.283000" level="INFO">GET Response : url=https://randomuser.me/api 
 status=200, reason=OK 
 headers={'Date': 'Tue, 30 Apr 2024 18:20:00 GMT', 'Content-Type': 'application/json; charset=utf-8', 'Transfer-Encoding': 'chunked', 'Connection': 'keep-alive', 'X-Powered-By': 'Express', 'Access-Control-Allow-Origin': '*', 'Cache-Control': 'no-cache', 'ETag': 'W/"477-4hNkQE8KFlwKmzQuRIq4hukkHS8"', 'Vary': 'Accept-Encoding', 'Content-Encoding': 'gzip', 'CF-Cache-Status': 'DYNAMIC', 'Report-To': '{"endpoints":[{"url":"https:\\/\\/a.nel.cloudflare.com\\/report\\/v4?s=5Je5MrfHm%2Fuy9b0Usk22qcnruBRFl3tBreOh5%2BJI%2F5XP51aDvIxPwH75R07sZGvd87OcIazsaWt2Rk2PzrslWirsmmMazgnP5Db7Y3EMRCPge0b1h3aOP402cExPBkwf"}],"group":"cf-nel","max_age":604800}', 'NEL': '{"success_fraction":0,"report_to":"cf-nel","max_age":604800}', 'Server': 'cloudflare', 'CF-RAY': '87c98b154ca381db-IAD', 'alt-svc': 'h3=":443"; ma=86400'} 
 body={"results":[{"gender":"male","name":{"title":"Mr","first":"Hauk","last":"Anthonsen"},"location":{"street":{"number":9636,"name":"Grimstadgata"},"city":"Hommersåk","state":"Rogaland","country":"Norway","postcode":"3798","coordinates":{"latitude":"41.0128","longitude":"-109.5770"},"timezone":{"offset":"+9:30","description":"Adelaide, Darwin"}},"email":"hauk.anthonsen@example.com","login":{"uuid":"50ef44aa-774f-4846-b59d-476369dbd8af","username":"organicsnake367","password":"frogman","salt":"EDs0GrzR","md5":"be14765cdd8879e5ba1c7a3750d0c2c4","sha1":"23c970be5e20478773dc334459f80fd673ab3809","sha256":"50fe3dbc2e297725c559e3cafaa4173272107ff45b257403bd82dd5ffebe650d"},"dob":{"date":"1971-07-07T20:51:59.085Z","age":52},"registered":{"date":"2010-03-07T14:12:17.530Z","age":14},"phone":"56878569","cell":"43103885","id":{"name":"FN","value":"07077131994"},"picture":{"large":"https://randomuser.me/api/portraits/men/23.jpg","medium":"https://randomuser.me/api/portraits/med/men/23.jpg","thumbnail":"https://randomuser.me/api/portraits/thumb/men/23.jpg"},"nat":"NO"}],"info":{"seed":"0b5ea249a0311add","results":1,"page":1,"version":"1.4"}} 
 </msg>
<msg time="2024-04-30T18:20:00.283144" level="INFO">/opt/hostedtoolcache/Python/3.12.3/x64/lib/python3.12/site-packages/urllib3/connectionpool.py:1103: InsecureRequestWarning: Unverified HTTPS request is being made to host 'randomuser.me'. Adding certificate verification is strongly advised. See: https://urllib3.readthedocs.io/en/latest/advanced-usage.html#tls-warnings
  warnings.warn(</msg>
<msg time="2024-04-30T18:20:00.283302" level="INFO">${response} = &lt;Response [200]&gt;</msg>
<var>${response}</var>
<arg>consultarAPI</arg>
<arg>/api</arg>
<doc>Sends a GET request on a previously created HTTP Session.</doc>
<status status="PASS" start="2024-04-30T18:20:00.199067" elapsed="0.084278"/>
</kw>
<kw name="Set Variable" owner="BuiltIn">
<msg time="2024-04-30T18:20:00.284425" level="INFO">${json_data} = {'results': [{'gender': 'male', 'name': {'title': 'Mr', 'first': 'Hauk', 'last': 'Anthonsen'}, 'location': {'street': {'number': 9636, 'name': 'Grimstadgata'}, 'city': 'Hommersåk', 'state': 'Rogaland'...</msg>
<var>${json_data}</var>
<arg>${response.json()}</arg>
<doc>Returns the given values which can then be assigned to a variables.</doc>
<status status="PASS" start="2024-04-30T18:20:00.283855" elapsed="0.000604"/>
</kw>
<kw name="Log" owner="BuiltIn">
<msg time="2024-04-30T18:20:00.285003" level="INFO">{'results': [{'gender': 'male', 'name': {'title': 'Mr', 'first': 'Hauk', 'last': 'Anthonsen'}, 'location': {'street': {'number': 9636, 'name': 'Grimstadgata'}, 'city': 'Hommersåk', 'state': 'Rogaland', 'country': 'Norway', 'postcode': '3798', 'coordinates': {'latitude': '41.0128', 'longitude': '-109.5770'}, 'timezone': {'offset': '+9:30', 'description': 'Adelaide, Darwin'}}, 'email': 'hauk.anthonsen@example.com', 'login': {'uuid': '50ef44aa-774f-4846-b59d-476369dbd8af', 'username': 'organicsnake367', 'password': 'frogman', 'salt': 'EDs0GrzR', 'md5': 'be14765cdd8879e5ba1c7a3750d0c2c4', 'sha1': '23c970be5e20478773dc334459f80fd673ab3809', 'sha256': '50fe3dbc2e297725c559e3cafaa4173272107ff45b257403bd82dd5ffebe650d'}, 'dob': {'date': '1971-07-07T20:51:59.085Z', 'age': 52}, 'registered': {'date': '2010-03-07T14:12:17.530Z', 'age': 14}, 'phone': '56878569', 'cell': '43103885', 'id': {'name': 'FN', 'value': '07077131994'}, 'picture': {'large': 'https://randomuser.me/api/portraits/men/23.jpg', 'medium': 'https://randomuser.me/api/portraits/med/men/23.jpg', 'thumbnail': 'https://randomuser.me/api/portraits/thumb/men/23.jpg'}, 'nat': 'NO'}], 'info': {'seed': '0b5ea249a0311add', 'results': 1, 'page': 1, 'version': '1.4'}}</msg>
<arg>${json_data}</arg>
<doc>Logs the given message with the given level.</doc>
<status status="PASS" start="2024-04-30T18:20:00.284828" elapsed="0.000226"/>
</kw>
<kw name="Dictionary Should Contain Key" owner="Collections">
<msg time="2024-04-30T18:20:00.285536" level="INFO">False</msg>
<arg>${json_data}</arg>
<arg>results</arg>
<doc>Fails if ``key`` is not found from ``dictionary``.</doc>
<status status="PASS" start="2024-04-30T18:20:00.285372" elapsed="0.000203"/>
</kw>
<kw name="Should Not Be Empty" owner="BuiltIn">
<msg time="2024-04-30T18:20:00.286009" level="INFO">Length is 2.</msg>
<arg>${json_data}</arg>
<doc>Verifies that the given item is not empty.</doc>
<status status="PASS" start="2024-04-30T18:20:00.285874" elapsed="0.000174"/>
</kw>
<kw name="Create List" owner="BuiltIn">
<msg time="2024-04-30T18:20:00.286653" level="INFO">${expected_keys} = ['gender', 'name', 'location', 'email', 'login']</msg>
<var>${expected_keys}</var>
<arg>gender</arg>
<arg>name</arg>
<arg>location</arg>
<arg>email</arg>
<arg>login</arg>
<doc>Returns a list containing given items.</doc>
<status status="PASS" start="2024-04-30T18:20:00.286345" elapsed="0.000333"/>
</kw>
<for flavor="IN">
<iter>
<kw name="Dictionary Should Contain Key" owner="Collections">
<msg time="2024-04-30T18:20:00.287679" level="INFO">False</msg>
<arg>${json_data['results'][0]}</arg>
<arg>${key}</arg>
<doc>Fails if ``key`` is not found from ``dictionary``.</doc>
<status status="PASS" start="2024-04-30T18:20:00.287268" elapsed="0.000450"/>
</kw>
<kw name="Log" owner="BuiltIn">
<msg time="2024-04-30T18:20:00.288403" level="INFO">{'gender': 'male', 'name': {'title': 'Mr', 'first': 'Hauk', 'last': 'Anthonsen'}, 'location': {'street': {'number': 9636, 'name': 'Grimstadgata'}, 'city': 'Hommersåk', 'state': 'Rogaland', 'country': 'Norway', 'postcode': '3798', 'coordinates': {'latitude': '41.0128', 'longitude': '-109.5770'}, 'timezone': {'offset': '+9:30', 'description': 'Adelaide, Darwin'}}, 'email': 'hauk.anthonsen@example.com', 'login': {'uuid': '50ef44aa-774f-4846-b59d-476369dbd8af', 'username': 'organicsnake367', 'password': 'frogman', 'salt': 'EDs0GrzR', 'md5': 'be14765cdd8879e5ba1c7a3750d0c2c4', 'sha1': '23c970be5e20478773dc334459f80fd673ab3809', 'sha256': '50fe3dbc2e297725c559e3cafaa4173272107ff45b257403bd82dd5ffebe650d'}, 'dob': {'date': '1971-07-07T20:51:59.085Z', 'age': 52}, 'registered': {'date': '2010-03-07T14:12:17.530Z', 'age': 14}, 'phone': '56878569', 'cell': '43103885', 'id': {'name': 'FN', 'value': '07077131994'}, 'picture': {'large': 'https://randomuser.me/api/portraits/men/23.jpg', 'medium': 'https://randomuser.me/api/portraits/med/men/23.jpg', 'thumbnail': 'https://randomuser.me/api/portraits/thumb/men/23.jpg'}, 'nat': 'NO'}</msg>
<arg>${json_data['results'][0]}</arg>
<doc>Logs the given message with the given level.</doc>
<status status="PASS" start="2024-04-30T18:20:00.288020" elapsed="0.000445"/>
</kw>
<kw name="Log" owner="BuiltIn">
<msg time="2024-04-30T18:20:00.288884" level="INFO">gender</msg>
<arg>${key}</arg>
<doc>Logs the given message with the given level.</doc>
<status status="PASS" start="2024-04-30T18:20:00.288759" elapsed="0.000162"/>
</kw>
<var name="${key}">gender</var>
<status status="PASS" start="2024-04-30T18:20:00.287140" elapsed="0.001994"/>
</iter>
<iter>
<kw name="Dictionary Should Contain Key" owner="Collections">
<msg time="2024-04-30T18:20:00.289822" level="INFO">False</msg>
<arg>${json_data['results'][0]}</arg>
<arg>${key}</arg>
<doc>Fails if ``key`` is not found from ``dictionary``.</doc>
<status status="PASS" start="2024-04-30T18:20:00.289434" elapsed="0.000426"/>
</kw>
<kw name="Log" owner="BuiltIn">
<msg time="2024-04-30T18:20:00.290561" level="INFO">{'gender': 'male', 'name': {'title': 'Mr', 'first': 'Hauk', 'last': 'Anthonsen'}, 'location': {'street': {'number': 9636, 'name': 'Grimstadgata'}, 'city': 'Hommersåk', 'state': 'Rogaland', 'country': 'Norway', 'postcode': '3798', 'coordinates': {'latitude': '41.0128', 'longitude': '-109.5770'}, 'timezone': {'offset': '+9:30', 'description': 'Adelaide, Darwin'}}, 'email': 'hauk.anthonsen@example.com', 'login': {'uuid': '50ef44aa-774f-4846-b59d-476369dbd8af', 'username': 'organicsnake367', 'password': 'frogman', 'salt': 'EDs0GrzR', 'md5': 'be14765cdd8879e5ba1c7a3750d0c2c4', 'sha1': '23c970be5e20478773dc334459f80fd673ab3809', 'sha256': '50fe3dbc2e297725c559e3cafaa4173272107ff45b257403bd82dd5ffebe650d'}, 'dob': {'date': '1971-07-07T20:51:59.085Z', 'age': 52}, 'registered': {'date': '2010-03-07T14:12:17.530Z', 'age': 14}, 'phone': '56878569', 'cell': '43103885', 'id': {'name': 'FN', 'value': '07077131994'}, 'picture': {'large': 'https://randomuser.me/api/portraits/men/23.jpg', 'medium': 'https://randomuser.me/api/portraits/med/men/23.jpg', 'thumbnail': 'https://randomuser.me/api/portraits/thumb/men/23.jpg'}, 'nat': 'NO'}</msg>
<arg>${json_data['results'][0]}</arg>
<doc>Logs the given message with the given level.</doc>
<status status="PASS" start="2024-04-30T18:20:00.290197" elapsed="0.000415"/>
</kw>
<kw name="Log" owner="BuiltIn">
<msg time="2024-04-30T18:20:00.291032" level="INFO">name</msg>
<arg>${key}</arg>
<doc>Logs the given message with the given level.</doc>
<status status="PASS" start="2024-04-30T18:20:00.290908" elapsed="0.000162"/>
</kw>
<var name="${key}">name</var>
<status status="PASS" start="2024-04-30T18:20:00.289320" elapsed="0.001965"/>
</iter>
<iter>
<kw name="Dictionary Should Contain Key" owner="Collections">
<msg time="2024-04-30T18:20:00.291957" level="INFO">False</msg>
<arg>${json_data['results'][0]}</arg>
<arg>${key}</arg>
<doc>Fails if ``key`` is not found from ``dictionary``.</doc>
<status status="PASS" start="2024-04-30T18:20:00.291574" elapsed="0.000420"/>
</kw>
<kw name="Log" owner="BuiltIn">
<msg time="2024-04-30T18:20:00.292673" level="INFO">{'gender': 'male', 'name': {'title': 'Mr', 'first': 'Hauk', 'last': 'Anthonsen'}, 'location': {'street': {'number': 9636, 'name': 'Grimstadgata'}, 'city': 'Hommersåk', 'state': 'Rogaland', 'country': 'Norway', 'postcode': '3798', 'coordinates': {'latitude': '41.0128', 'longitude': '-109.5770'}, 'timezone': {'offset': '+9:30', 'description': 'Adelaide, Darwin'}}, 'email': 'hauk.anthonsen@example.com', 'login': {'uuid': '50ef44aa-774f-4846-b59d-476369dbd8af', 'username': 'organicsnake367', 'password': 'frogman', 'salt': 'EDs0GrzR', 'md5': 'be14765cdd8879e5ba1c7a3750d0c2c4', 'sha1': '23c970be5e20478773dc334459f80fd673ab3809', 'sha256': '50fe3dbc2e297725c559e3cafaa4173272107ff45b257403bd82dd5ffebe650d'}, 'dob': {'date': '1971-07-07T20:51:59.085Z', 'age': 52}, 'registered': {'date': '2010-03-07T14:12:17.530Z', 'age': 14}, 'phone': '56878569', 'cell': '43103885', 'id': {'name': 'FN', 'value': '07077131994'}, 'picture': {'large': 'https://randomuser.me/api/portraits/men/23.jpg', 'medium': 'https://randomuser.me/api/portraits/med/men/23.jpg', 'thumbnail': 'https://randomuser.me/api/portraits/thumb/men/23.jpg'}, 'nat': 'NO'}</msg>
<arg>${json_data['results'][0]}</arg>
<doc>Logs the given message with the given level.</doc>
<status status="PASS" start="2024-04-30T18:20:00.292282" elapsed="0.000442"/>
</kw>
<kw name="Log" owner="BuiltIn">
<msg time="2024-04-30T18:20:00.293137" level="INFO">location</msg>
<arg>${key}</arg>
<doc>Logs the given message with the given level.</doc>
<status status="PASS" start="2024-04-30T18:20:00.293015" elapsed="0.000159"/>
</kw>
<var name="${key}">location</var>
<status status="PASS" start="2024-04-30T18:20:00.291464" elapsed="0.001923"/>
</iter>
<iter>
<kw name="Dictionary Should Contain Key" owner="Collections">
<msg time="2024-04-30T18:20:00.294052" level="INFO">False</msg>
<arg>${json_data['results'][0]}</arg>
<arg>${key}</arg>
<doc>Fails if ``key`` is not found from ``dictionary``.</doc>
<status status="PASS" start="2024-04-30T18:20:00.293667" elapsed="0.000423"/>
</kw>
<kw name="Log" owner="BuiltIn">
<msg time="2024-04-30T18:20:00.294738" level="INFO">{'gender': 'male', 'name': {'title': 'Mr', 'first': 'Hauk', 'last': 'Anthonsen'}, 'location': {'street': {'number': 9636, 'name': 'Grimstadgata'}, 'city': 'Hommersåk', 'state': 'Rogaland', 'country': 'Norway', 'postcode': '3798', 'coordinates': {'latitude': '41.0128', 'longitude': '-109.5770'}, 'timezone': {'offset': '+9:30', 'description': 'Adelaide, Darwin'}}, 'email': 'hauk.anthonsen@example.com', 'login': {'uuid': '50ef44aa-774f-4846-b59d-476369dbd8af', 'username': 'organicsnake367', 'password': 'frogman', 'salt': 'EDs0GrzR', 'md5': 'be14765cdd8879e5ba1c7a3750d0c2c4', 'sha1': '23c970be5e20478773dc334459f80fd673ab3809', 'sha256': '50fe3dbc2e297725c559e3cafaa4173272107ff45b257403bd82dd5ffebe650d'}, 'dob': {'date': '1971-07-07T20:51:59.085Z', 'age': 52}, 'registered': {'date': '2010-03-07T14:12:17.530Z', 'age': 14}, 'phone': '56878569', 'cell': '43103885', 'id': {'name': 'FN', 'value': '07077131994'}, 'picture': {'large': 'https://randomuser.me/api/portraits/men/23.jpg', 'medium': 'https://randomuser.me/api/portraits/med/men/23.jpg', 'thumbnail': 'https://randomuser.me/api/portraits/thumb/men/23.jpg'}, 'nat': 'NO'}</msg>
<arg>${json_data['results'][0]}</arg>
<doc>Logs the given message with the given level.</doc>
<status status="PASS" start="2024-04-30T18:20:00.294382" elapsed="0.000405"/>
</kw>
<kw name="Log" owner="BuiltIn">
<msg time="2024-04-30T18:20:00.295200" level="INFO">email</msg>
<arg>${key}</arg>
<doc>Logs the given message with the given level.</doc>
<status status="PASS" start="2024-04-30T18:20:00.295076" elapsed="0.000160"/>
</kw>
<var name="${key}">email</var>
<status status="PASS" start="2024-04-30T18:20:00.293558" elapsed="0.001892"/>
</iter>
<iter>
<kw name="Dictionary Should Contain Key" owner="Collections">
<msg time="2024-04-30T18:20:00.296120" level="INFO">False</msg>
<arg>${json_data['results'][0]}</arg>
<arg>${key}</arg>
<doc>Fails if ``key`` is not found from ``dictionary``.</doc>
<status status="PASS" start="2024-04-30T18:20:00.295729" elapsed="0.000427"/>
</kw>
<kw name="Log" owner="BuiltIn">
<msg time="2024-04-30T18:20:00.296836" level="INFO">{'gender': 'male', 'name': {'title': 'Mr', 'first': 'Hauk', 'last': 'Anthonsen'}, 'location': {'street': {'number': 9636, 'name': 'Grimstadgata'}, 'city': 'Hommersåk', 'state': 'Rogaland', 'country': 'Norway', 'postcode': '3798', 'coordinates': {'latitude': '41.0128', 'longitude': '-109.5770'}, 'timezone': {'offset': '+9:30', 'description': 'Adelaide, Darwin'}}, 'email': 'hauk.anthonsen@example.com', 'login': {'uuid': '50ef44aa-774f-4846-b59d-476369dbd8af', 'username': 'organicsnake367', 'password': 'frogman', 'salt': 'EDs0GrzR', 'md5': 'be14765cdd8879e5ba1c7a3750d0c2c4', 'sha1': '23c970be5e20478773dc334459f80fd673ab3809', 'sha256': '50fe3dbc2e297725c559e3cafaa4173272107ff45b257403bd82dd5ffebe650d'}, 'dob': {'date': '1971-07-07T20:51:59.085Z', 'age': 52}, 'registered': {'date': '2010-03-07T14:12:17.530Z', 'age': 14}, 'phone': '56878569', 'cell': '43103885', 'id': {'name': 'FN', 'value': '07077131994'}, 'picture': {'large': 'https://randomuser.me/api/portraits/men/23.jpg', 'medium': 'https://randomuser.me/api/portraits/med/men/23.jpg', 'thumbnail': 'https://randomuser.me/api/portraits/thumb/men/23.jpg'}, 'nat': 'NO'}</msg>
<arg>${json_data['results'][0]}</arg>
<doc>Logs the given message with the given level.</doc>
<status status="PASS" start="2024-04-30T18:20:00.296467" elapsed="0.000417"/>
</kw>
<kw name="Log" owner="BuiltIn">
<msg time="2024-04-30T18:20:00.297302" level="INFO">login</msg>
<arg>${key}</arg>
<doc>Logs the given message with the given level.</doc>
<status status="PASS" start="2024-04-30T18:20:00.297179" elapsed="0.000160"/>
</kw>
<var name="${key}">login</var>
<status status="PASS" start="2024-04-30T18:20:00.295620" elapsed="0.001931"/>
</iter>
<var>${key}</var>
<value>@{expected_keys}</value>
<status status="PASS" start="2024-04-30T18:20:00.286943" elapsed="0.010728"/>
</for>
<kw name="Create List" owner="BuiltIn">
<msg time="2024-04-30T18:20:00.298032" level="INFO">${expected_keysTwo} = ['username', 'password']</msg>
<var>${expected_keysTwo}</var>
<arg>username</arg>
<arg>password</arg>
<doc>Returns a list containing given items.</doc>
<status status="PASS" start="2024-04-30T18:20:00.297897" elapsed="0.000158"/>
</kw>
<for flavor="IN">
<iter>
<kw name="Dictionary Should Contain Key" owner="Collections">
<msg time="2024-04-30T18:20:00.298938" level="INFO">False</msg>
<arg>${json_data['results'][0]['login']}</arg>
<arg>${keyTwo}</arg>
<doc>Fails if ``key`` is not found from ``dictionary``.</doc>
<status status="PASS" start="2024-04-30T18:20:00.298552" elapsed="0.000424"/>
</kw>
<kw name="Dictionary Should Contain Key" owner="Collections">
<msg time="2024-04-30T18:20:00.299652" level="INFO">False</msg>
<arg>${json_data['results'][0]['login']}</arg>
<arg>${keyTwo}</arg>
<doc>Fails if ``key`` is not found from ``dictionary``.</doc>
<status status="PASS" start="2024-04-30T18:20:00.299265" elapsed="0.000427"/>
</kw>
<kw name="Log" owner="BuiltIn">
<msg time="2024-04-30T18:20:00.300117" level="INFO">username</msg>
<arg>${keyTwo}</arg>
<doc>Logs the given message with the given level.</doc>
<status status="PASS" start="2024-04-30T18:20:00.299990" elapsed="0.000168"/>
</kw>
<var name="${keyTwo}">username</var>
<status status="PASS" start="2024-04-30T18:20:00.298443" elapsed="0.001950"/>
</iter>
<iter>
<kw name="Dictionary Should Contain Key" owner="Collections">
<msg time="2024-04-30T18:20:00.301065" level="INFO">False</msg>
<arg>${json_data['results'][0]['login']}</arg>
<arg>${keyTwo}</arg>
<doc>Fails if ``key`` is not found from ``dictionary``.</doc>
<status status="PASS" start="2024-04-30T18:20:00.300682" elapsed="0.000420"/>
</kw>
<kw name="Dictionary Should Contain Key" owner="Collections">
<msg time="2024-04-30T18:20:00.301851" level="INFO">False</msg>
<arg>${json_data['results'][0]['login']}</arg>
<arg>${keyTwo}</arg>
<doc>Fails if ``key`` is not found from ``dictionary``.</doc>
<status status="PASS" start="2024-04-30T18:20:00.301394" elapsed="0.000495"/>
</kw>
<kw name="Log" owner="BuiltIn">
<msg time="2024-04-30T18:20:00.302306" level="INFO">password</msg>
<arg>${keyTwo}</arg>
<doc>Logs the given message with the given level.</doc>
<status status="PASS" start="2024-04-30T18:20:00.302180" elapsed="0.000163"/>
</kw>
<var name="${keyTwo}">password</var>
<status status="PASS" start="2024-04-30T18:20:00.300573" elapsed="0.001985"/>
</iter>
<var>${keyTwo}</var>
<value>@{expected_keysTwo}</value>
<status status="PASS" start="2024-04-30T18:20:00.298291" elapsed="0.004388"/>
</for>
<status status="PASS" start="2024-04-30T18:20:00.198827" elapsed="0.103993"/>
</kw>
<doc>Testa a estrutura da resposta da API.</doc>
<tag>testeEstruturaResposta</tag>
<status status="PASS" start="2024-04-30T18:20:00.198241" elapsed="0.104736"/>
</test>
<test id="s1-s1-t4" name="Validar tipos de dados" line="28">
<kw name="Teste de Tipos de Dados" owner="random-user-service">
<kw name="GET On Session" owner="RequestsLibrary">
<msg time="2024-04-30T18:20:00.378188" level="INFO">GET Request : url=https://randomuser.me/api 
 path_url=/api 
 headers={'User-Agent': 'python-requests/2.31.0', 'Accept-Encoding': 'gzip, deflate', 'Accept': '*/*', 'Connection': 'keep-alive'} 
 body=None 
 </msg>
<msg time="2024-04-30T18:20:00.378271" level="INFO">GET Response : url=https://randomuser.me/api 
 status=200, reason=OK 
 headers={'Date': 'Tue, 30 Apr 2024 18:20:00 GMT', 'Content-Type': 'application/json; charset=utf-8', 'Transfer-Encoding': 'chunked', 'Connection': 'keep-alive', 'X-Powered-By': 'Express', 'Access-Control-Allow-Origin': '*', 'Cache-Control': 'no-cache', 'ETag': 'W/"499-/jgE8G0sMx+dVRx3f/Os/KLxMvA"', 'Vary': 'Accept-Encoding', 'Content-Encoding': 'gzip', 'CF-Cache-Status': 'DYNAMIC', 'Report-To': '{"endpoints":[{"url":"https:\\/\\/a.nel.cloudflare.com\\/report\\/v4?s=7vj%2Bx9OQ%2BgQrG7C6ZNtBMQAeHiOPbIXVcSa95JC%2FE%2BpDey3Wxl745RotD0zYGT6W6qili4RgDjwh6kylQQxzbYJXGSVjvRwVjRmQ7GW0mV%2BD2rKJYQo363QFWKHIJN%2BN"}],"group":"cf-nel","max_age":604800}', 'NEL': '{"success_fraction":0,"report_to":"cf-nel","max_age":604800}', 'Server': 'cloudflare', 'CF-RAY': '87c98b15ed5c81db-IAD', 'alt-svc': 'h3=":443"; ma=86400'} 
 body={"results":[{"gender":"male","name":{"title":"Mr","first":"Matthieu","last":"Rolland"},"location":{"street":{"number":2677,"name":"Rue Abel-Gance"},"city":"Perpignan","state":"Haute-Corse","country":"France","postcode":81847,"coordinates":{"latitude":"-20.0458","longitude":"-86.3888"},"timezone":{"offset":"+4:00","description":"Abu Dhabi, Muscat, Baku, Tbilisi"}},"email":"matthieu.rolland@example.com","login":{"uuid":"ae945b5c-0073-46d8-803a-db310d3ae545","username":"bluemouse882","password":"2222","salt":"acDnzYHb","md5":"ba406f7024a28439b3ebe46c09bee7ca","sha1":"4e63aa2259171f7da5c2ecae281ef2e4323e83ac","sha256":"a5a1251c59f91b5af8ce3b06e030f28a5704d0df9669e89c3a2c226209072abb"},"dob":{"date":"1983-09-29T02:50:40.993Z","age":40},"registered":{"date":"2006-04-26T08:02:30.791Z","age":18},"phone":"01-82-68-32-38","cell":"06-15-72-85-56","id":{"name":"INSEE","value":"1830892749637 05"},"picture":{"large":"https://randomuser.me/api/portraits/men/9.jpg","medium":"https://randomuser.me/api/portraits/med/men/9.jpg","thumbnail":"https://randomuser.me/api/portraits/thumb/men/9.jpg"},"nat":"FR"}],"info":{"seed":"430df395d41a02ab","results":1,"page":1,"version":"1.4"}} 
 </msg>
<msg time="2024-04-30T18:20:00.378345" level="INFO">/opt/hostedtoolcache/Python/3.12.3/x64/lib/python3.12/site-packages/urllib3/connectionpool.py:1103: InsecureRequestWarning: Unverified HTTPS request is being made to host 'randomuser.me'. Adding certificate verification is strongly advised. See: https://urllib3.readthedocs.io/en/latest/advanced-usage.html#tls-warnings
  warnings.warn(</msg>
<msg time="2024-04-30T18:20:00.378455" level="INFO">${response} = &lt;Response [200]&gt;</msg>
<var>${response}</var>
<arg>consultarAPI</arg>
<arg>/api</arg>
<doc>Sends a GET request on a previously created HTTP Session.</doc>
<status status="PASS" start="2024-04-30T18:20:00.305481" elapsed="0.073016"/>
</kw>
<kw name="Set Variable" owner="BuiltIn">
<msg time="2024-04-30T18:20:00.379406" level="INFO">${json_data} = {'results': [{'gender': 'male', 'name': {'title': 'Mr', 'first': 'Matthieu', 'last': 'Rolland'}, 'location': {'street': {'number': 2677, 'name': 'Rue Abel-Gance'}, 'city': 'Perpignan', 'state': 'Haute...</msg>
<var>${json_data}</var>
<arg>${response.json()}</arg>
<doc>Returns the given values which can then be assigned to a variables.</doc>
<status status="PASS" start="2024-04-30T18:20:00.378921" elapsed="0.000513"/>
</kw>
<kw name="Log" owner="BuiltIn">
<msg time="2024-04-30T18:20:00.379887" level="INFO">{'results': [{'gender': 'male', 'name': {'title': 'Mr', 'first': 'Matthieu', 'last': 'Rolland'}, 'location': {'street': {'number': 2677, 'name': 'Rue Abel-Gance'}, 'city': 'Perpignan', 'state': 'Haute-Corse', 'country': 'France', 'postcode': 81847, 'coordinates': {'latitude': '-20.0458', 'longitude': '-86.3888'}, 'timezone': {'offset': '+4:00', 'description': 'Abu Dhabi, Muscat, Baku, Tbilisi'}}, 'email': 'matthieu.rolland@example.com', 'login': {'uuid': 'ae945b5c-0073-46d8-803a-db310d3ae545', 'username': 'bluemouse882', 'password': '2222', 'salt': 'acDnzYHb', 'md5': 'ba406f7024a28439b3ebe46c09bee7ca', 'sha1': '4e63aa2259171f7da5c2ecae281ef2e4323e83ac', 'sha256': 'a5a1251c59f91b5af8ce3b06e030f28a5704d0df9669e89c3a2c226209072abb'}, 'dob': {'date': '1983-09-29T02:50:40.993Z', 'age': 40}, 'registered': {'date': '2006-04-26T08:02:30.791Z', 'age': 18}, 'phone': '01-82-68-32-38', 'cell': '06-15-72-85-56', 'id': {'name': 'INSEE', 'value': '1830892749637 05'}, 'picture': {'large': 'https://randomuser.me/api/portraits/men/9.jpg', 'medium': 'https://randomuser.me/api/portraits/med/men/9.jpg', 'thumbnail': 'https://randomuser.me/api/portraits/thumb/men/9.jpg'}, 'nat': 'FR'}], 'info': {'seed': '430df395d41a02ab', 'results': 1, 'page': 1, 'version': '1.4'}}</msg>
<arg>${json_data}</arg>
<doc>Logs the given message with the given level.</doc>
<status status="PASS" start="2024-04-30T18:20:00.379736" elapsed="0.000234"/>
</kw>
<kw name="Should Be String" owner="String">
<arg>${json_data['results'][0]['gender']}</arg>
<doc>Fails if the given ``item`` is not a string.</doc>
<status status="PASS" start="2024-04-30T18:20:00.380271" elapsed="0.000401"/>
</kw>
<kw name="Should Match Regexp" owner="BuiltIn">
<arg>${json_data['results'][0]['email']}</arg>
<arg>^[a-zA-Z0-9._%+-]+@[a-zA-Z0-9.-]+\.[a-zA-Z]{2,}$</arg>
<doc>Fails if ``string`` does not match ``pattern`` as a regular expression.</doc>
<status status="PASS" start="2024-04-30T18:20:00.380865" elapsed="0.000525"/>
</kw>
<kw name="Should Match Regexp" owner="BuiltIn">
<arg>${json_data['results'][0]['dob']['date']}</arg>
<arg>\\d{4}-\\d{2}-\\d{2}T\\d{2}:\\d{2}:\\d{2}\\.\\d{3}Z</arg>
<doc>Fails if ``string`` does not match ``pattern`` as a regular expression.</doc>
<status status="PASS" start="2024-04-30T18:20:00.381587" elapsed="0.000486"/>
</kw>
<kw name="Should Match Regexp" owner="BuiltIn">
<arg>${json_data['results'][0]['registered']['date']}</arg>
<arg>\\d{4}-\\d{2}-\\d{2}T\\d{2}:\\d{2}:\\d{2}\\.\\d{3}Z</arg>
<doc>Fails if ``string`` does not match ``pattern`` as a regular expression.</doc>
<status status="PASS" start="2024-04-30T18:20:00.382266" elapsed="0.000364"/>
</kw>
<kw name="Should Match Regexp" owner="BuiltIn">
<arg>${json_data['results'][0]['picture']['large']}</arg>
<arg>^https?://.*\.(?:png|jpe?g|gif|bmp)$</arg>
<doc>Fails if ``string`` does not match ``pattern`` as a regular expression.</doc>
<status status="PASS" start="2024-04-30T18:20:00.382816" elapsed="0.000460"/>
</kw>
<kw name="Should Match Regexp" owner="BuiltIn">
<arg>${json_data['results'][0]['picture']['medium']}</arg>
<arg>^https?://.*\.(?:png|jpe?g|gif|bmp)$</arg>
<doc>Fails if ``string`` does not match ``pattern`` as a regular expression.</doc>
<status status="PASS" start="2024-04-30T18:20:00.383469" elapsed="0.000365"/>
</kw>
<kw name="Should Match Regexp" owner="BuiltIn">
<arg>${json_data['results'][0]['picture']['thumbnail']}</arg>
<arg>^https?://.*\.(?:png|jpe?g|gif|bmp)$</arg>
<doc>Fails if ``string`` does not match ``pattern`` as a regular expression.</doc>
<status status="PASS" start="2024-04-30T18:20:00.384024" elapsed="0.000374"/>
</kw>
<kw name="Log" owner="BuiltIn">
<msg time="2024-04-30T18:20:00.384916" level="INFO">{'large': 'https://randomuser.me/api/portraits/men/9.jpg', 'medium': 'https://randomuser.me/api/portraits/med/men/9.jpg', 'thumbnail': 'https://randomuser.me/api/portraits/thumb/men/9.jpg'}</msg>
<arg>${json_data['results'][0]['picture']}</arg>
<doc>Logs the given message with the given level.</doc>
<status status="PASS" start="2024-04-30T18:20:00.384595" elapsed="0.000361"/>
</kw>
<status status="PASS" start="2024-04-30T18:20:00.305253" elapsed="0.079959"/>
</kw>
<kw name="Teste de Tipos de Dados - Postcode" owner="random-user-service">
<kw name="GET On Session" owner="RequestsLibrary">
<msg time="2024-04-30T18:20:00.486846" level="INFO">GET Request : url=https://randomuser.me/api 
 path_url=/api 
 headers={'User-Agent': 'python-requests/2.31.0', 'Accept-Encoding': 'gzip, deflate', 'Accept': '*/*', 'Connection': 'keep-alive'} 
 body=None 
 </msg>
<msg time="2024-04-30T18:20:00.486916" level="INFO">GET Response : url=https://randomuser.me/api 
 status=200, reason=OK 
 headers={'Date': 'Tue, 30 Apr 2024 18:20:00 GMT', 'Content-Type': 'application/json; charset=utf-8', 'Transfer-Encoding': 'chunked', 'Connection': 'keep-alive', 'X-Powered-By': 'Express', 'Access-Control-Allow-Origin': '*', 'Cache-Control': 'no-cache', 'ETag': 'W/"471-0HVbLJGQirrlTvIUfrrfW8x6dTg"', 'Vary': 'Accept-Encoding', 'Content-Encoding': 'gzip', 'CF-Cache-Status': 'DYNAMIC', 'Report-To': '{"endpoints":[{"url":"https:\\/\\/a.nel.cloudflare.com\\/report\\/v4?s=DyGQLy5vkTOZlg5qgtp7TYznSS7ZXxMqtLoJGhARiDTfNPsHe3WzJ6UL6B1oq6rCOjuDOOAlJv0wdH3EFR9Y8omaqOg0FoR819cXMopVEN%2Fdk5W0mF0frh2vAvhFfkGh"}],"group":"cf-nel","max_age":604800}', 'NEL': '{"success_fraction":0,"report_to":"cf-nel","max_age":604800}', 'Server': 'cloudflare', 'CF-RAY': '87c98b166df081db-IAD', 'alt-svc': 'h3=":443"; ma=86400'} 
 body={"results":[{"gender":"male","name":{"title":"Mr","first":"Dwight","last":"Miller"},"location":{"street":{"number":5831,"name":"Pearse Street"},"city":"Kilcoole","state":"Donegal","country":"Ireland","postcode":90797,"coordinates":{"latitude":"-4.2593","longitude":"-68.6002"},"timezone":{"offset":"-3:30","description":"Newfoundland"}},"email":"dwight.miller@example.com","login":{"uuid":"4959a72e-67e2-4040-8dcd-e8fad4bdff3e","username":"smallsnake931","password":"stupid1","salt":"yC3jbrbb","md5":"fcbf1beff3a76686e5b5f8c3d14dd08f","sha1":"21ce75f6e9ec90c8eebebd34ce6c16ac1889a888","sha256":"999766b66ec45ef1cc623bb1425da272db62ff0d29824627eec4eee424d197b7"},"dob":{"date":"1973-04-13T07:16:04.877Z","age":51},"registered":{"date":"2021-07-17T11:40:25.955Z","age":2},"phone":"071-278-9919","cell":"081-008-6715","id":{"name":"PPS","value":"2614194T"},"picture":{"large":"https://randomuser.me/api/portraits/men/67.jpg","medium":"https://randomuser.me/api/portraits/med/men/67.jpg","thumbnail":"https://randomuser.me/api/portraits/thumb/men/67.jpg"},"nat":"IE"}],"info":{"seed":"94975da86ae973c6","results":1,"page":1,"version":"1.4"}} 
 </msg>
<msg time="2024-04-30T18:20:00.486976" level="INFO">/opt/hostedtoolcache/Python/3.12.3/x64/lib/python3.12/site-packages/urllib3/connectionpool.py:1103: InsecureRequestWarning: Unverified HTTPS request is being made to host 'randomuser.me'. Adding certificate verification is strongly advised. See: https://urllib3.readthedocs.io/en/latest/advanced-usage.html#tls-warnings
  warnings.warn(</msg>
<msg time="2024-04-30T18:20:00.487070" level="INFO">${response} = &lt;Response [200]&gt;</msg>
<var>${response}</var>
<arg>consultarAPI</arg>
<arg>/api</arg>
<doc>Sends a GET request on a previously created HTTP Session.</doc>
<status status="PASS" start="2024-04-30T18:20:00.385667" elapsed="0.101435"/>
</kw>
<kw name="Set Variable" owner="BuiltIn">
<msg time="2024-04-30T18:20:00.487956" level="INFO">${json_data} = {'results': [{'gender': 'male', 'name': {'title': 'Mr', 'first': 'Dwight', 'last': 'Miller'}, 'location': {'street': {'number': 5831, 'name': 'Pearse Street'}, 'city': 'Kilcoole', 'state': 'Donegal', ...</msg>
<var>${json_data}</var>
<arg>${response.json()}</arg>
<doc>Returns the given values which can then be assigned to a variables.</doc>
<status status="PASS" start="2024-04-30T18:20:00.487496" elapsed="0.000488"/>
</kw>
<kw name="Log" owner="BuiltIn">
<msg time="2024-04-30T18:20:00.488478" level="INFO">{'results': [{'gender': 'male', 'name': {'title': 'Mr', 'first': 'Dwight', 'last': 'Miller'}, 'location': {'street': {'number': 5831, 'name': 'Pearse Street'}, 'city': 'Kilcoole', 'state': 'Donegal', 'country': 'Ireland', 'postcode': 90797, 'coordinates': {'latitude': '-4.2593', 'longitude': '-68.6002'}, 'timezone': {'offset': '-3:30', 'description': 'Newfoundland'}}, 'email': 'dwight.miller@example.com', 'login': {'uuid': '4959a72e-67e2-4040-8dcd-e8fad4bdff3e', 'username': 'smallsnake931', 'password': 'stupid1', 'salt': 'yC3jbrbb', 'md5': 'fcbf1beff3a76686e5b5f8c3d14dd08f', 'sha1': '21ce75f6e9ec90c8eebebd34ce6c16ac1889a888', 'sha256': '999766b66ec45ef1cc623bb1425da272db62ff0d29824627eec4eee424d197b7'}, 'dob': {'date': '1973-04-13T07:16:04.877Z', 'age': 51}, 'registered': {'date': '2021-07-17T11:40:25.955Z', 'age': 2}, 'phone': '071-278-9919', 'cell': '081-008-6715', 'id': {'name': 'PPS', 'value': '2614194T'}, 'picture': {'large': 'https://randomuser.me/api/portraits/men/67.jpg', 'medium': 'https://randomuser.me/api/portraits/med/men/67.jpg', 'thumbnail': 'https://randomuser.me/api/portraits/thumb/men/67.jpg'}, 'nat': 'IE'}], 'info': {'seed': '94975da86ae973c6', 'results': 1, 'page': 1, 'version': '1.4'}}</msg>
<arg>${json_data}</arg>
<doc>Logs the given message with the given level.</doc>
<status status="PASS" start="2024-04-30T18:20:00.488283" elapsed="0.000285"/>
</kw>
<kw name="Should Be Equal As Numbers" owner="BuiltIn">
<arg>${json_data['results'][0]['location']['postcode']}</arg>
<arg>${json_data['results'][0]['location']['postcode']}</arg>
<doc>Fails if objects are unequal after converting them to real numbers.</doc>
<status status="PASS" start="2024-04-30T18:20:00.488873" elapsed="0.000769"/>
</kw>
<kw name="Log" owner="BuiltIn">
<msg time="2024-04-30T18:20:00.490168" level="INFO">90797</msg>
<arg>${json_data['results'][0]['location']['postcode']}</arg>
<doc>Logs the given message with the given level.</doc>
<status status="PASS" start="2024-04-30T18:20:00.489835" elapsed="0.000379"/>
</kw>
<status status="PASS" start="2024-04-30T18:20:00.385434" elapsed="0.105033"/>
</kw>
<doc>Testa se os tipos de dados na resposta da API estão corretos.</doc>
<tag>testeTiposDados</tag>
<status status="PASS" start="2024-04-30T18:20:00.304775" elapsed="0.185858"/>
</test>
<test id="s1-s1-t5" name="Validar conteudo" line="35">
<kw name="Teste de Tipos de Conteudo" owner="random-user-service">
<kw name="GET On Session" owner="RequestsLibrary">
<msg time="2024-04-30T18:20:00.580157" level="INFO">GET Request : url=https://randomuser.me/api 
 path_url=/api 
 headers={'User-Agent': 'python-requests/2.31.0', 'Accept-Encoding': 'gzip, deflate', 'Accept': '*/*', 'Connection': 'keep-alive'} 
 body=None 
 </msg>
<msg time="2024-04-30T18:20:00.580254" level="INFO">GET Response : url=https://randomuser.me/api 
 status=200, reason=OK 
 headers={'Date': 'Tue, 30 Apr 2024 18:20:00 GMT', 'Content-Type': 'application/json; charset=utf-8', 'Transfer-Encoding': 'chunked', 'Connection': 'keep-alive', 'X-Powered-By': 'Express', 'Access-Control-Allow-Origin': '*', 'Cache-Control': 'no-cache', 'ETag': 'W/"48f-hOKkj530ULaQtjl2dD7VR0oQtl4"', 'Vary': 'Accept-Encoding', 'Content-Encoding': 'gzip', 'CF-Cache-Status': 'DYNAMIC', 'Report-To': '{"endpoints":[{"url":"https:\\/\\/a.nel.cloudflare.com\\/report\\/v4?s=ic%2ByP%2Bgc4Ca2HG0BMd6HNNfjxUKJ6IzT2f0ArSZZ5OATnNQFQ0TXYUHexZgaIMfHSX3R4EjDq5s8sLQIpXYfb6t5%2FChUR1HC6e8g8Tt%2FNmqIrY%2B2rS50rrnv1DIxUEmi"}],"group":"cf-nel","max_age":604800}', 'NEL': '{"success_fraction":0,"report_to":"cf-nel","max_age":604800}', 'Server': 'cloudflare', 'CF-RAY': '87c98b171ecc81db-IAD', 'alt-svc': 'h3=":443"; ma=86400'} 
 body={"results":[{"gender":"female","name":{"title":"Ms","first":"Yolanda","last":"Larson"},"location":{"street":{"number":5603,"name":"Marsh Ln"},"city":"Bendigo","state":"Tasmania","country":"Australia","postcode":1721,"coordinates":{"latitude":"-82.6724","longitude":"44.7068"},"timezone":{"offset":"+9:00","description":"Tokyo, Seoul, Osaka, Sapporo, Yakutsk"}},"email":"yolanda.larson@example.com","login":{"uuid":"f8ce872a-4df2-454c-a63a-1bda6a7c7d99","username":"purplebird724","password":"cisco","salt":"Y8jvqUxA","md5":"84336895ab107e70b9d5cc50452ddf8b","sha1":"ce34aa08d711ca7f520ec453a37cb276eb9c0968","sha256":"3ca7b13e0bcc0ac15995e27031062315bc39d6b2993e8d32788479c94573dbfd"},"dob":{"date":"1993-11-21T18:28:18.742Z","age":30},"registered":{"date":"2015-02-21T13:45:36.886Z","age":9},"phone":"06-4748-5654","cell":"0498-062-970","id":{"name":"TFN","value":"435846542"},"picture":{"large":"https://randomuser.me/api/portraits/women/39.jpg","medium":"https://randomuser.me/api/portraits/med/women/39.jpg","thumbnail":"https://randomuser.me/api/portraits/thumb/women/39.jpg"},"nat":"AU"}],"info":{"seed":"32d53f9b1d35bac9","results":1,"page":1,"version":"1.4"}} 
 </msg>
<msg time="2024-04-30T18:20:00.580327" level="INFO">/opt/hostedtoolcache/Python/3.12.3/x64/lib/python3.12/site-packages/urllib3/connectionpool.py:1103: InsecureRequestWarning: Unverified HTTPS request is being made to host 'randomuser.me'. Adding certificate verification is strongly advised. See: https://urllib3.readthedocs.io/en/latest/advanced-usage.html#tls-warnings
  warnings.warn(</msg>
<msg time="2024-04-30T18:20:00.580487" level="INFO">${response} = &lt;Response [200]&gt;</msg>
<var>${response}</var>
<arg>consultarAPI</arg>
<arg>/api</arg>
<doc>Sends a GET request on a previously created HTTP Session.</doc>
<status status="PASS" start="2024-04-30T18:20:00.493097" elapsed="0.087431"/>
</kw>
<kw name="Set Variable" owner="BuiltIn">
<msg time="2024-04-30T18:20:00.581561" level="INFO">${json_data} = {'results': [{'gender': 'female', 'name': {'title': 'Ms', 'first': 'Yolanda', 'last': 'Larson'}, 'location': {'street': {'number': 5603, 'name': 'Marsh Ln'}, 'city': 'Bendigo', 'state': 'Tasmania', 'c...</msg>
<var>${json_data}</var>
<arg>${response.json()}</arg>
<doc>Returns the given values which can then be assigned to a variables.</doc>
<status status="PASS" start="2024-04-30T18:20:00.581043" elapsed="0.000547"/>
</kw>
<kw name="Set Variable" owner="BuiltIn">
<msg time="2024-04-30T18:20:00.582279" level="INFO">${name_title} = Ms</msg>
<var>${name_title}</var>
<arg>${json_data["results"][0]["name"]["title"]}</arg>
<doc>Returns the given values which can then be assigned to a variables.</doc>
<status status="PASS" start="2024-04-30T18:20:00.581894" elapsed="0.000410"/>
</kw>
<kw name="Create List" owner="BuiltIn">
<msg time="2024-04-30T18:20:00.582748" level="INFO">${allowed_titles} = ['Mr', 'Ms', 'Miss', 'Mrs', 'Madame', 'Monsieur']</msg>
<var>${allowed_titles}</var>
<arg>Mr</arg>
<arg>Ms</arg>
<arg>Miss</arg>
<arg>Mrs</arg>
<arg>Madame</arg>
<arg>Monsieur</arg>
<doc>Returns a list containing given items.</doc>
<status status="PASS" start="2024-04-30T18:20:00.582602" elapsed="0.000171"/>
</kw>
<kw name="List Should Contain Value" owner="Collections">
<msg time="2024-04-30T18:20:00.583240" level="INFO">False</msg>
<arg>${allowed_titles}</arg>
<arg>${name_title}</arg>
<doc>Fails if the ``value`` is not found from ``list``.</doc>
<status status="PASS" start="2024-04-30T18:20:00.583066" elapsed="0.000210"/>
</kw>
<kw name="Set Variable" owner="BuiltIn">
<msg time="2024-04-30T18:20:00.583938" level="INFO">${name_country} = AU</msg>
<var>${name_country}</var>
<arg>${json_data["results"][0]["nat"]}</arg>
<doc>Returns the given values which can then be assigned to a variables.</doc>
<status status="PASS" start="2024-04-30T18:20:00.583562" elapsed="0.000402"/>
</kw>
<kw name="Create List" owner="BuiltIn">
<msg time="2024-04-30T18:20:00.584877" level="INFO">${list_country} = ['AD', 'AE', 'AF', 'AG', 'AI', 'AL', 'AM', 'AO', 'AQ', 'AR', 'AS', 'AT', 'AU', 'AW', 'AX', 'AZ', 'BA', 'BB', 'BD', 'BE', 'BF', 'BG', 'BH', 'BI', 'BJ', 'BL', 'BM', 'BN', 'BO', 'BQ', 'BR', 'BS', 'BT', '...</msg>
<var>${list_country}</var>
<arg>AD</arg>
<arg>AE</arg>
<arg>AF</arg>
<arg>AG</arg>
<arg>AI</arg>
<arg>AL</arg>
<arg>AM</arg>
<arg>AO</arg>
<arg>AQ</arg>
<arg>AR</arg>
<arg>AS</arg>
<arg>AT</arg>
<arg>AU</arg>
<arg>AW</arg>
<arg>AX</arg>
<arg>AZ</arg>
<arg>BA</arg>
<arg>BB</arg>
<arg>BD</arg>
<arg>BE</arg>
<arg>BF</arg>
<arg>BG</arg>
<arg>BH</arg>
<arg>BI</arg>
<arg>BJ</arg>
<arg>BL</arg>
<arg>BM</arg>
<arg>BN</arg>
<arg>BO</arg>
<arg>BQ</arg>
<arg>BR</arg>
<arg>BS</arg>
<arg>BT</arg>
<arg>BV</arg>
<arg>BW</arg>
<arg>BY</arg>
<arg>BZ</arg>
<arg>CA</arg>
<arg>CC</arg>
<arg>CD</arg>
<arg>CF</arg>
<arg>CG</arg>
<arg>CH</arg>
<arg>CI</arg>
<arg>CK</arg>
<arg>CL</arg>
<arg>CM</arg>
<arg>CN</arg>
<arg>CO</arg>
<arg>CR</arg>
<arg>CU</arg>
<arg>CV</arg>
<arg>CW</arg>
<arg>CX</arg>
<arg>CY</arg>
<arg>CZ</arg>
<arg>DE</arg>
<arg>DJ</arg>
<arg>DK</arg>
<arg>DM</arg>
<arg>DO</arg>
<arg>DZ</arg>
<arg>EC</arg>
<arg>EE</arg>
<arg>EG</arg>
<arg>EH</arg>
<arg>ER</arg>
<arg>ES</arg>
<arg>ET</arg>
<arg>FI</arg>
<arg>FJ</arg>
<arg>FK</arg>
<arg>FM</arg>
<arg>FO</arg>
<arg>FR</arg>
<arg>GA</arg>
<arg>GB</arg>
<arg>GD</arg>
<arg>GE</arg>
<arg>GF</arg>
<arg>GG</arg>
<arg>GH</arg>
<arg>GI</arg>
<arg>GL</arg>
<arg>GM</arg>
<arg>GN</arg>
<arg>GP</arg>
<arg>GQ</arg>
<arg>GR</arg>
<arg>GS</arg>
<arg>GT</arg>
<arg>GU</arg>
<arg>GW</arg>
<arg>GY</arg>
<arg>HK</arg>
<arg>HM</arg>
<arg>HN</arg>
<arg>HR</arg>
<arg>HT</arg>
<arg>HU</arg>
<arg>ID</arg>
<arg>IE</arg>
<arg>IL</arg>
<arg>IM</arg>
<arg>IN</arg>
<arg>IO</arg>
<arg>IQ</arg>
<arg>IR</arg>
<arg>IS</arg>
<arg>IT</arg>
<arg>JE</arg>
<arg>JM</arg>
<arg>JO</arg>
<arg>JP</arg>
<arg>KE</arg>
<arg>KG</arg>
<arg>KH</arg>
<arg>KI</arg>
<arg>KM</arg>
<arg>KN</arg>
<arg>KP</arg>
<arg>KR</arg>
<arg>KW</arg>
<arg>KY</arg>
<arg>KZ</arg>
<arg>LA</arg>
<arg>LB</arg>
<arg>LC</arg>
<arg>LI</arg>
<arg>LK</arg>
<arg>LR</arg>
<arg>LS</arg>
<arg>LT</arg>
<arg>LU</arg>
<arg>LV</arg>
<arg>LY</arg>
<arg>MA</arg>
<arg>MC</arg>
<arg>MD</arg>
<arg>ME</arg>
<arg>MF</arg>
<arg>MG</arg>
<arg>MH</arg>
<arg>MK</arg>
<arg>ML</arg>
<arg>MM</arg>
<arg>MN</arg>
<arg>MO</arg>
<arg>MP</arg>
<arg>MQ</arg>
<arg>MR</arg>
<arg>MS</arg>
<arg>MT</arg>
<arg>MU</arg>
<arg>MV</arg>
<arg>MW</arg>
<arg>MX</arg>
<arg>MY</arg>
<arg>MZ</arg>
<arg>NA</arg>
<arg>NC</arg>
<arg>NE</arg>
<arg>NF</arg>
<arg>NG</arg>
<arg>NI</arg>
<arg>NL</arg>
<arg>NO</arg>
<arg>NP</arg>
<arg>NR</arg>
<arg>NU</arg>
<arg>NZ</arg>
<arg>OM</arg>
<arg>PA</arg>
<arg>PE</arg>
<arg>PF</arg>
<arg>PG</arg>
<arg>PH</arg>
<arg>PK</arg>
<arg>PL</arg>
<arg>PM</arg>
<arg>PN</arg>
<arg>PR</arg>
<arg>PS</arg>
<arg>PT</arg>
<arg>PW</arg>
<arg>PY</arg>
<arg>QA</arg>
<arg>RE</arg>
<arg>RO</arg>
<arg>RS</arg>
<arg>RU</arg>
<arg>RW</arg>
<arg>SA</arg>
<arg>SB</arg>
<arg>SC</arg>
<arg>SD</arg>
<arg>SE</arg>
<arg>SG</arg>
<arg>SH</arg>
<arg>SI</arg>
<arg>SJ</arg>
<arg>SK</arg>
<arg>SL</arg>
<arg>SM</arg>
<arg>SN</arg>
<arg>SO</arg>
<arg>SR</arg>
<arg>SS</arg>
<arg>ST</arg>
<arg>SV</arg>
<arg>SX</arg>
<arg>SY</arg>
<arg>SZ</arg>
<arg>TC</arg>
<arg>TD</arg>
<arg>TF</arg>
<arg>TG</arg>
<arg>TH</arg>
<arg>TJ</arg>
<arg>TK</arg>
<arg>TL</arg>
<arg>TM</arg>
<arg>TN</arg>
<arg>TO</arg>
<arg>TR</arg>
<arg>TT</arg>
<arg>TV</arg>
<arg>TW</arg>
<arg>TZ</arg>
<arg>UA</arg>
<arg>UG</arg>
<arg>UM</arg>
<arg>US</arg>
<arg>UY</arg>
<arg>UZ</arg>
<arg>VA</arg>
<arg>VC</arg>
<arg>VE</arg>
<arg>VG</arg>
<arg>VI</arg>
<arg>VN</arg>
<arg>VU</arg>
<arg>WF</arg>
<arg>WS</arg>
<arg>XK</arg>
<arg>YE</arg>
<arg>YT</arg>
<arg>ZA</arg>
<arg>ZM</arg>
<arg>ZW</arg>
<doc>Returns a list containing given items.</doc>
<status status="PASS" start="2024-04-30T18:20:00.584265" elapsed="0.000638"/>
</kw>
<kw name="List Should Contain Value" owner="Collections">
<msg time="2024-04-30T18:20:00.585901" level="INFO">False</msg>
<arg>${list_country}</arg>
<arg>${name_country}</arg>
<doc>Fails if the ``value`` is not found from ``list``.</doc>
<status status="PASS" start="2024-04-30T18:20:00.585703" elapsed="0.000234"/>
</kw>
<kw name="Run Keyword If" owner="BuiltIn">
<kw name="Should Be True" owner="BuiltIn">
<arg>${True}</arg>
<doc>Fails if the given condition is not true.</doc>
<status status="PASS" start="2024-04-30T18:20:00.587004" elapsed="0.000144"/>
</kw>
<arg>${json_data["results"][0]["location"]["coordinates"]["latitude"]} &gt;= -90 and ${json_data["results"][0]["location"]["coordinates"]["latitude"]} &lt;= 90</arg>
<arg>Should Be True</arg>
<arg>${True}</arg>
<doc>Runs the given keyword with the given arguments, if ``condition`` is true.</doc>
<status status="PASS" start="2024-04-30T18:20:00.586250" elapsed="0.001026"/>
</kw>
<kw name="Run Keyword If" owner="BuiltIn">
<kw name="Should Be True" owner="BuiltIn">
<arg>${True}</arg>
<doc>Fails if the given condition is not true.</doc>
<status status="PASS" start="2024-04-30T18:20:00.588155" elapsed="0.000283"/>
</kw>
<arg>${json_data["results"][0]["location"]["coordinates"]["longitude"]} &gt;= -180 and ${json_data["results"][0]["location"]["coordinates"]["longitude"]} &lt;= 180</arg>
<arg>Should Be True</arg>
<arg>${True}</arg>
<doc>Runs the given keyword with the given arguments, if ``condition`` is true.</doc>
<status status="PASS" start="2024-04-30T18:20:00.587464" elapsed="0.001104"/>
</kw>
<status status="PASS" start="2024-04-30T18:20:00.492874" elapsed="0.095826"/>
</kw>
<doc>Testa o conteúdo específico dos campos retornados pela API.</doc>
<tag>testeConteudo</tag>
<status status="PASS" start="2024-04-30T18:20:00.492423" elapsed="0.096427"/>
</test>
<status status="PASS" start="2024-04-30T18:19:59.746635" elapsed="0.844150"/>
</suite>
<status status="PASS" start="2024-04-30T18:19:59.732352" elapsed="0.863583"/>
</suite>
<statistics>
<total>
<stat pass="5" fail="0" skip="0">All Tests</stat>
</total>
<tag>
<stat pass="1" fail="0" skip="0">testeConteudo</stat>
<stat pass="1" fail="0" skip="0">testeEstruturaResposta</stat>
<stat pass="1" fail="0" skip="0">testeRequisicaoBasica</stat>
<stat pass="1" fail="0" skip="0">testeTiposDados</stat>
</tag>
<suite>
<stat pass="5" fail="0" skip="0" id="s1" name="Tests">Tests</stat>
<stat pass="5" fail="0" skip="0" id="s1-s1" name="Random-User-Test">Tests.Random-User-Test</stat>
</suite>
</statistics>
<errors>
</errors>
</robot>
