<?xml version="1.0" encoding="UTF-8"?>
<robot generator="Robot 7.0.1 (Python 3.12.4 on linux)" generated="2024-08-09T12:30:01.544877" rpa="false" schemaversion="5">
<suite id="s1" name="Tests" source="/home/runner/work/ApiRandomUser/ApiRandomUser/RamdonUser/tests">
<suite id="s1-s1" name="Random-User-Test" source="/home/runner/work/ApiRandomUser/ApiRandomUser/RamdonUser/tests/random-user-test.robot">
<test id="s1-s1-t1" name="Conectar" line="13">
<kw name="Conectar API" owner="random-user-service">
<kw name="Create Session" owner="RequestsLibrary">
<msg time="2024-08-09T12:30:01.956941" level="INFO">Creating Session using : alias=consultarAPI, url=https://randomuser.me/, headers={},                     cookies={}, auth=None, timeout=None, proxies=None, verify=False,                     debug=0 </msg>
<arg>consultarAPI</arg>
<arg>${URL}</arg>
<doc>Create Session: create a HTTP session to a server</doc>
<status status="PASS" start="2024-08-09T12:30:01.956719" elapsed="0.000430"/>
</kw>
<status status="PASS" start="2024-08-09T12:30:01.955601" elapsed="0.001940"/>
</kw>
<status status="PASS" start="2024-08-09T12:30:01.954969" elapsed="0.002775"/>
</test>
<test id="s1-s1-t2" name="Validar retorno 200 e JSON Válido" line="16">
<kw name="Teste de Requisicao Basica" owner="random-user-service">
<kw name="GET On Session" owner="RequestsLibrary">
<msg time="2024-08-09T12:30:02.192840" level="INFO">GET Request : url=https://randomuser.me/api 
 path_url=/api 
 headers={'User-Agent': 'python-requests/2.32.3', 'Accept-Encoding': 'gzip, deflate', 'Accept': '*/*', 'Connection': 'keep-alive'} 
 body=None 
 </msg>
<msg time="2024-08-09T12:30:02.192999" level="INFO">GET Response : url=https://randomuser.me/api 
 status=200, reason=OK 
 headers={'Date': 'Fri, 09 Aug 2024 12:30:02 GMT', 'Content-Type': 'application/json; charset=utf-8', 'Transfer-Encoding': 'chunked', 'Connection': 'keep-alive', 'X-Powered-By': 'Express', 'Access-Control-Allow-Origin': '*', 'Cache-Control': 'no-cache', 'ETag': 'W/"483-aIMR9Vy/5+ybgkWB5Y7j28WSOH4"', 'Vary': 'Accept-Encoding', 'Content-Encoding': 'gzip', 'CF-Cache-Status': 'DYNAMIC', 'Report-To': '{"endpoints":[{"url":"https:\\/\\/a.nel.cloudflare.com\\/report\\/v4?s=mQrn6X1i32vxvgwNOV8u7lZskonU2iTTsCXZ6fDvEJGNuIMVYoa1oatPp7cIYPG7oz1rHfyDjmb%2FKYnEvOzDNzTNvviMGvevXQoEeMx9InsFBgrsO45PuDkgHuR6V3KS"}],"group":"cf-nel","max_age":604800}', 'NEL': '{"success_fraction":0,"report_to":"cf-nel","max_age":604800}', 'Server': 'cloudflare', 'CF-RAY': '8b07c14e991f1126-ORD', 'alt-svc': 'h3=":443"; ma=86400'} 
 body={"results":[{"gender":"male","name":{"title":"Mr","first":"Roman","last":"Wilson"},"location":{"street":{"number":5614,"name":"Ahuriri Bypass"},"city":"Nelson","state":"Taranaki","country":"New Zealand","postcode":70512,"coordinates":{"latitude":"54.1289","longitude":"-68.1519"},"timezone":{"offset":"+5:30","description":"Bombay, Calcutta, Madras, New Delhi"}},"email":"roman.wilson@example.com","login":{"uuid":"deb808ba-20a7-4fb2-916c-1541da8d06cc","username":"happyrabbit169","password":"asd123","salt":"laPE7RlY","md5":"ed39b0ec466993e5821b31472f3760a5","sha1":"cdd0c41e973b0811748b6583fddd45262a53b5a9","sha256":"ae43209762d2f1a427339a5fa359724bb35585bdd4ba2eb2821839229f8b4343"},"dob":{"date":"1962-10-28T20:54:06.789Z","age":61},"registered":{"date":"2007-04-13T13:20:55.527Z","age":17},"phone":"(865)-803-7747","cell":"(335)-309-8336","id":{"name":"","value":null},"picture":{"large":"https://randomuser.me/api/portraits/men/9.jpg","medium":"https://randomuser.me/api/portraits/med/men/9.jpg","thumbnail":"https://randomuser.me/api/portraits/thumb/men/9.jpg"},"nat":"NZ"}],"info":{"seed":"31ff82c283f3f6cd","results":1,"page":1,"version":"1.4"}} 
 </msg>
<msg time="2024-08-09T12:30:02.193082" level="INFO">/opt/hostedtoolcache/Python/3.12.4/x64/lib/python3.12/site-packages/urllib3/connectionpool.py:1099: InsecureRequestWarning: Unverified HTTPS request is being made to host 'randomuser.me'. Adding certificate verification is strongly advised. See: https://urllib3.readthedocs.io/en/latest/advanced-usage.html#tls-warnings
  warnings.warn(</msg>
<msg time="2024-08-09T12:30:02.193243" level="INFO">${response} = &lt;Response [200]&gt;</msg>
<var>${response}</var>
<arg>consultarAPI</arg>
<arg>/api</arg>
<doc>Sends a GET request on a previously created HTTP Session.</doc>
<status status="PASS" start="2024-08-09T12:30:01.960444" elapsed="0.232843"/>
</kw>
<kw name="Should Be Equal As Numbers" owner="BuiltIn">
<msg time="2024-08-09T12:30:02.194413" level="INFO">Argument types are:
&lt;class 'int'&gt;
&lt;class 'str'&gt;</msg>
<arg>${response.status_code}</arg>
<arg>200</arg>
<doc>Fails if objects are unequal after converting them to real numbers.</doc>
<status status="PASS" start="2024-08-09T12:30:02.193894" elapsed="0.000585"/>
</kw>
<kw name="Log" owner="BuiltIn">
<msg time="2024-08-09T12:30:02.195153" level="INFO">200</msg>
<arg>${response.status_code}</arg>
<doc>Logs the given message with the given level.</doc>
<status status="PASS" start="2024-08-09T12:30:02.194800" elapsed="0.000394"/>
</kw>
<kw name="Set Variable" owner="BuiltIn">
<msg time="2024-08-09T12:30:02.195944" level="INFO">${json_data} = {'results': [{'gender': 'male', 'name': {'title': 'Mr', 'first': 'Roman', 'last': 'Wilson'}, 'location': {'street': {'number': 5614, 'name': 'Ahuriri Bypass'}, 'city': 'Nelson', 'state': 'Taranaki', '...</msg>
<var>${json_data}</var>
<arg>${response.json()}</arg>
<doc>Returns the given values which can then be assigned to a variables.</doc>
<status status="PASS" start="2024-08-09T12:30:02.195510" elapsed="0.000464"/>
</kw>
<kw name="Dictionary Should Contain Key" owner="Collections">
<arg>${json_data}</arg>
<arg>results</arg>
<doc>Fails if ``key`` is not found from ``dictionary``.</doc>
<status status="PASS" start="2024-08-09T12:30:02.196281" elapsed="0.000329"/>
</kw>
<status status="PASS" start="2024-08-09T12:30:01.960177" elapsed="0.236588"/>
</kw>
<doc>Testa se a API responde corretamente e retorna um objeto JSON válido.</doc>
<tag>testeRequisicaoBasica</tag>
<status status="PASS" start="2024-08-09T12:30:01.959668" elapsed="0.237270"/>
</test>
<test id="s1-s1-t3" name="Validar estrutura de resposta" line="22">
<kw name="Teste de Estrutura de Resposta" owner="random-user-service">
<kw name="GET On Session" owner="RequestsLibrary">
<msg time="2024-08-09T12:30:02.532434" level="INFO">GET Request : url=https://randomuser.me/api 
 path_url=/api 
 headers={'User-Agent': 'python-requests/2.32.3', 'Accept-Encoding': 'gzip, deflate', 'Accept': '*/*', 'Connection': 'keep-alive'} 
 body=None 
 </msg>
<msg time="2024-08-09T12:30:02.532539" level="INFO">GET Response : url=https://randomuser.me/api 
 status=200, reason=OK 
 headers={'Date': 'Fri, 09 Aug 2024 12:30:02 GMT', 'Content-Type': 'application/json; charset=utf-8', 'Transfer-Encoding': 'chunked', 'Connection': 'keep-alive', 'X-Powered-By': 'Express', 'Access-Control-Allow-Origin': '*', 'Cache-Control': 'no-cache', 'ETag': 'W/"487-ism8S+lqxRcHvKrVOPvvVrhE2SY"', 'Vary': 'Accept-Encoding', 'Content-Encoding': 'gzip', 'CF-Cache-Status': 'DYNAMIC', 'Report-To': '{"endpoints":[{"url":"https:\\/\\/a.nel.cloudflare.com\\/report\\/v4?s=jZ1begZ6XLGxkQ0VHKBHRMNWZ3rg2WhkeJNt7TqaOjbvF%2FfARV%2BLFjC42FTU3iVkvBKzfaU%2FC1rwcbQIk0eTHavxrth8EUgRjuIlFmSFkVjYy7qsOjcIscEUcKauUW8X"}],"group":"cf-nel","max_age":604800}', 'NEL': '{"success_fraction":0,"report_to":"cf-nel","max_age":604800}', 'Server': 'cloudflare', 'CF-RAY': '8b07c14fbaa81126-ORD', 'alt-svc': 'h3=":443"; ma=86400'} 
 body={"results":[{"gender":"male","name":{"title":"Mr","first":"Lester","last":"Gordon"},"location":{"street":{"number":5821,"name":"High Street"},"city":"Gloucester","state":"Lancashire","country":"United Kingdom","postcode":"J3F 4FW","coordinates":{"latitude":"-6.4559","longitude":"-59.3387"},"timezone":{"offset":"+9:30","description":"Adelaide, Darwin"}},"email":"lester.gordon@example.com","login":{"uuid":"95e9469a-4d3e-4a63-a8e5-50edf940888d","username":"tinygoose399","password":"lucas1","salt":"t1m3PAn6","md5":"81c28ea2daa2a5ed905bc59c7f2d34c5","sha1":"162ac0ea58755e8ca251ffc0af7d041d3dda6180","sha256":"aaddbe99766a466e9384fa72056025367961e41350e01bdcefe031f0ebb8fcc3"},"dob":{"date":"1945-12-23T07:33:43.730Z","age":78},"registered":{"date":"2020-04-05T00:09:37.599Z","age":4},"phone":"013873 69130","cell":"07424 107800","id":{"name":"NINO","value":"YA 26 59 09 G"},"picture":{"large":"https://randomuser.me/api/portraits/men/86.jpg","medium":"https://randomuser.me/api/portraits/med/men/86.jpg","thumbnail":"https://randomuser.me/api/portraits/thumb/men/86.jpg"},"nat":"GB"}],"info":{"seed":"2833674a4fd54b63","results":1,"page":1,"version":"1.4"}} 
 </msg>
<msg time="2024-08-09T12:30:02.532675" level="INFO">/opt/hostedtoolcache/Python/3.12.4/x64/lib/python3.12/site-packages/urllib3/connectionpool.py:1099: InsecureRequestWarning: Unverified HTTPS request is being made to host 'randomuser.me'. Adding certificate verification is strongly advised. See: https://urllib3.readthedocs.io/en/latest/advanced-usage.html#tls-warnings
  warnings.warn(</msg>
<msg time="2024-08-09T12:30:02.532840" level="INFO">${response} = &lt;Response [200]&gt;</msg>
<var>${response}</var>
<arg>consultarAPI</arg>
<arg>/api</arg>
<doc>Sends a GET request on a previously created HTTP Session.</doc>
<status status="PASS" start="2024-08-09T12:30:02.199512" elapsed="0.333372"/>
</kw>
<kw name="Set Variable" owner="BuiltIn">
<msg time="2024-08-09T12:30:02.533908" level="INFO">${json_data} = {'results': [{'gender': 'male', 'name': {'title': 'Mr', 'first': 'Lester', 'last': 'Gordon'}, 'location': {'street': {'number': 5821, 'name': 'High Street'}, 'city': 'Gloucester', 'state': 'Lancashire...</msg>
<var>${json_data}</var>
<arg>${response.json()}</arg>
<doc>Returns the given values which can then be assigned to a variables.</doc>
<status status="PASS" start="2024-08-09T12:30:02.533384" elapsed="0.000553"/>
</kw>
<kw name="Log" owner="BuiltIn">
<msg time="2024-08-09T12:30:02.534466" level="INFO">{'results': [{'gender': 'male', 'name': {'title': 'Mr', 'first': 'Lester', 'last': 'Gordon'}, 'location': {'street': {'number': 5821, 'name': 'High Street'}, 'city': 'Gloucester', 'state': 'Lancashire', 'country': 'United Kingdom', 'postcode': 'J3F 4FW', 'coordinates': {'latitude': '-6.4559', 'longitude': '-59.3387'}, 'timezone': {'offset': '+9:30', 'description': 'Adelaide, Darwin'}}, 'email': 'lester.gordon@example.com', 'login': {'uuid': '95e9469a-4d3e-4a63-a8e5-50edf940888d', 'username': 'tinygoose399', 'password': 'lucas1', 'salt': 't1m3PAn6', 'md5': '81c28ea2daa2a5ed905bc59c7f2d34c5', 'sha1': '162ac0ea58755e8ca251ffc0af7d041d3dda6180', 'sha256': 'aaddbe99766a466e9384fa72056025367961e41350e01bdcefe031f0ebb8fcc3'}, 'dob': {'date': '1945-12-23T07:33:43.730Z', 'age': 78}, 'registered': {'date': '2020-04-05T00:09:37.599Z', 'age': 4}, 'phone': '013873 69130', 'cell': '07424 107800', 'id': {'name': 'NINO', 'value': 'YA 26 59 09 G'}, 'picture': {'large': 'https://randomuser.me/api/portraits/men/86.jpg', 'medium': 'https://randomuser.me/api/portraits/med/men/86.jpg', 'thumbnail': 'https://randomuser.me/api/portraits/thumb/men/86.jpg'}, 'nat': 'GB'}], 'info': {'seed': '2833674a4fd54b63', 'results': 1, 'page': 1, 'version': '1.4'}}</msg>
<arg>${json_data}</arg>
<doc>Logs the given message with the given level.</doc>
<status status="PASS" start="2024-08-09T12:30:02.534296" elapsed="0.000218"/>
</kw>
<kw name="Dictionary Should Contain Key" owner="Collections">
<arg>${json_data}</arg>
<arg>results</arg>
<doc>Fails if ``key`` is not found from ``dictionary``.</doc>
<status status="PASS" start="2024-08-09T12:30:02.534811" elapsed="0.000166"/>
</kw>
<kw name="Should Not Be Empty" owner="BuiltIn">
<msg time="2024-08-09T12:30:02.535280" level="INFO">Length is 2.</msg>
<arg>${json_data}</arg>
<doc>Verifies that the given item is not empty.</doc>
<status status="PASS" start="2024-08-09T12:30:02.535157" elapsed="0.000161"/>
</kw>
<kw name="Create List" owner="BuiltIn">
<msg time="2024-08-09T12:30:02.535761" level="INFO">${expected_keys} = ['gender', 'name', 'location', 'email', 'login']</msg>
<var>${expected_keys}</var>
<arg>gender</arg>
<arg>name</arg>
<arg>location</arg>
<arg>email</arg>
<arg>login</arg>
<doc>Returns a list containing given items.</doc>
<status status="PASS" start="2024-08-09T12:30:02.535602" elapsed="0.000183"/>
</kw>
<for flavor="IN">
<iter>
<kw name="Dictionary Should Contain Key" owner="Collections">
<arg>${json_data['results'][0]}</arg>
<arg>${key}</arg>
<doc>Fails if ``key`` is not found from ``dictionary``.</doc>
<status status="PASS" start="2024-08-09T12:30:02.536370" elapsed="0.000406"/>
</kw>
<kw name="Log" owner="BuiltIn">
<msg time="2024-08-09T12:30:02.537319" level="INFO">{'gender': 'male', 'name': {'title': 'Mr', 'first': 'Lester', 'last': 'Gordon'}, 'location': {'street': {'number': 5821, 'name': 'High Street'}, 'city': 'Gloucester', 'state': 'Lancashire', 'country': 'United Kingdom', 'postcode': 'J3F 4FW', 'coordinates': {'latitude': '-6.4559', 'longitude': '-59.3387'}, 'timezone': {'offset': '+9:30', 'description': 'Adelaide, Darwin'}}, 'email': 'lester.gordon@example.com', 'login': {'uuid': '95e9469a-4d3e-4a63-a8e5-50edf940888d', 'username': 'tinygoose399', 'password': 'lucas1', 'salt': 't1m3PAn6', 'md5': '81c28ea2daa2a5ed905bc59c7f2d34c5', 'sha1': '162ac0ea58755e8ca251ffc0af7d041d3dda6180', 'sha256': 'aaddbe99766a466e9384fa72056025367961e41350e01bdcefe031f0ebb8fcc3'}, 'dob': {'date': '1945-12-23T07:33:43.730Z', 'age': 78}, 'registered': {'date': '2020-04-05T00:09:37.599Z', 'age': 4}, 'phone': '013873 69130', 'cell': '07424 107800', 'id': {'name': 'NINO', 'value': 'YA 26 59 09 G'}, 'picture': {'large': 'https://randomuser.me/api/portraits/men/86.jpg', 'medium': 'https://randomuser.me/api/portraits/med/men/86.jpg', 'thumbnail': 'https://randomuser.me/api/portraits/thumb/men/86.jpg'}, 'nat': 'GB'}</msg>
<arg>${json_data['results'][0]}</arg>
<doc>Logs the given message with the given level.</doc>
<status status="PASS" start="2024-08-09T12:30:02.536965" elapsed="0.000403"/>
</kw>
<kw name="Log" owner="BuiltIn">
<msg time="2024-08-09T12:30:02.537800" level="INFO">gender</msg>
<arg>${key}</arg>
<doc>Logs the given message with the given level.</doc>
<status status="PASS" start="2024-08-09T12:30:02.537663" elapsed="0.000175"/>
</kw>
<var name="${key}">gender</var>
<status status="PASS" start="2024-08-09T12:30:02.536245" elapsed="0.001810"/>
</iter>
<iter>
<kw name="Dictionary Should Contain Key" owner="Collections">
<arg>${json_data['results'][0]}</arg>
<arg>${key}</arg>
<doc>Fails if ``key`` is not found from ``dictionary``.</doc>
<status status="PASS" start="2024-08-09T12:30:02.538389" elapsed="0.000386"/>
</kw>
<kw name="Log" owner="BuiltIn">
<msg time="2024-08-09T12:30:02.539309" level="INFO">{'gender': 'male', 'name': {'title': 'Mr', 'first': 'Lester', 'last': 'Gordon'}, 'location': {'street': {'number': 5821, 'name': 'High Street'}, 'city': 'Gloucester', 'state': 'Lancashire', 'country': 'United Kingdom', 'postcode': 'J3F 4FW', 'coordinates': {'latitude': '-6.4559', 'longitude': '-59.3387'}, 'timezone': {'offset': '+9:30', 'description': 'Adelaide, Darwin'}}, 'email': 'lester.gordon@example.com', 'login': {'uuid': '95e9469a-4d3e-4a63-a8e5-50edf940888d', 'username': 'tinygoose399', 'password': 'lucas1', 'salt': 't1m3PAn6', 'md5': '81c28ea2daa2a5ed905bc59c7f2d34c5', 'sha1': '162ac0ea58755e8ca251ffc0af7d041d3dda6180', 'sha256': 'aaddbe99766a466e9384fa72056025367961e41350e01bdcefe031f0ebb8fcc3'}, 'dob': {'date': '1945-12-23T07:33:43.730Z', 'age': 78}, 'registered': {'date': '2020-04-05T00:09:37.599Z', 'age': 4}, 'phone': '013873 69130', 'cell': '07424 107800', 'id': {'name': 'NINO', 'value': 'YA 26 59 09 G'}, 'picture': {'large': 'https://randomuser.me/api/portraits/men/86.jpg', 'medium': 'https://randomuser.me/api/portraits/med/men/86.jpg', 'thumbnail': 'https://randomuser.me/api/portraits/thumb/men/86.jpg'}, 'nat': 'GB'}</msg>
<arg>${json_data['results'][0]}</arg>
<doc>Logs the given message with the given level.</doc>
<status status="PASS" start="2024-08-09T12:30:02.538959" elapsed="0.000432"/>
</kw>
<kw name="Log" owner="BuiltIn">
<msg time="2024-08-09T12:30:02.539816" level="INFO">name</msg>
<arg>${key}</arg>
<doc>Logs the given message with the given level.</doc>
<status status="PASS" start="2024-08-09T12:30:02.539686" elapsed="0.000167"/>
</kw>
<var name="${key}">name</var>
<status status="PASS" start="2024-08-09T12:30:02.538273" elapsed="0.001795"/>
</iter>
<iter>
<kw name="Dictionary Should Contain Key" owner="Collections">
<arg>${json_data['results'][0]}</arg>
<arg>${key}</arg>
<doc>Fails if ``key`` is not found from ``dictionary``.</doc>
<status status="PASS" start="2024-08-09T12:30:02.540349" elapsed="0.000376"/>
</kw>
<kw name="Log" owner="BuiltIn">
<msg time="2024-08-09T12:30:02.541247" level="INFO">{'gender': 'male', 'name': {'title': 'Mr', 'first': 'Lester', 'last': 'Gordon'}, 'location': {'street': {'number': 5821, 'name': 'High Street'}, 'city': 'Gloucester', 'state': 'Lancashire', 'country': 'United Kingdom', 'postcode': 'J3F 4FW', 'coordinates': {'latitude': '-6.4559', 'longitude': '-59.3387'}, 'timezone': {'offset': '+9:30', 'description': 'Adelaide, Darwin'}}, 'email': 'lester.gordon@example.com', 'login': {'uuid': '95e9469a-4d3e-4a63-a8e5-50edf940888d', 'username': 'tinygoose399', 'password': 'lucas1', 'salt': 't1m3PAn6', 'md5': '81c28ea2daa2a5ed905bc59c7f2d34c5', 'sha1': '162ac0ea58755e8ca251ffc0af7d041d3dda6180', 'sha256': 'aaddbe99766a466e9384fa72056025367961e41350e01bdcefe031f0ebb8fcc3'}, 'dob': {'date': '1945-12-23T07:33:43.730Z', 'age': 78}, 'registered': {'date': '2020-04-05T00:09:37.599Z', 'age': 4}, 'phone': '013873 69130', 'cell': '07424 107800', 'id': {'name': 'NINO', 'value': 'YA 26 59 09 G'}, 'picture': {'large': 'https://randomuser.me/api/portraits/men/86.jpg', 'medium': 'https://randomuser.me/api/portraits/med/men/86.jpg', 'thumbnail': 'https://randomuser.me/api/portraits/thumb/men/86.jpg'}, 'nat': 'GB'}</msg>
<arg>${json_data['results'][0]}</arg>
<doc>Logs the given message with the given level.</doc>
<status status="PASS" start="2024-08-09T12:30:02.540905" elapsed="0.000390"/>
</kw>
<kw name="Log" owner="BuiltIn">
<msg time="2024-08-09T12:30:02.541721" level="INFO">location</msg>
<arg>${key}</arg>
<doc>Logs the given message with the given level.</doc>
<status status="PASS" start="2024-08-09T12:30:02.541594" elapsed="0.000164"/>
</kw>
<var name="${key}">location</var>
<status status="PASS" start="2024-08-09T12:30:02.540240" elapsed="0.001733"/>
</iter>
<iter>
<kw name="Dictionary Should Contain Key" owner="Collections">
<arg>${json_data['results'][0]}</arg>
<arg>${key}</arg>
<doc>Fails if ``key`` is not found from ``dictionary``.</doc>
<status status="PASS" start="2024-08-09T12:30:02.542298" elapsed="0.000387"/>
</kw>
<kw name="Log" owner="BuiltIn">
<msg time="2024-08-09T12:30:02.543341" level="INFO">{'gender': 'male', 'name': {'title': 'Mr', 'first': 'Lester', 'last': 'Gordon'}, 'location': {'street': {'number': 5821, 'name': 'High Street'}, 'city': 'Gloucester', 'state': 'Lancashire', 'country': 'United Kingdom', 'postcode': 'J3F 4FW', 'coordinates': {'latitude': '-6.4559', 'longitude': '-59.3387'}, 'timezone': {'offset': '+9:30', 'description': 'Adelaide, Darwin'}}, 'email': 'lester.gordon@example.com', 'login': {'uuid': '95e9469a-4d3e-4a63-a8e5-50edf940888d', 'username': 'tinygoose399', 'password': 'lucas1', 'salt': 't1m3PAn6', 'md5': '81c28ea2daa2a5ed905bc59c7f2d34c5', 'sha1': '162ac0ea58755e8ca251ffc0af7d041d3dda6180', 'sha256': 'aaddbe99766a466e9384fa72056025367961e41350e01bdcefe031f0ebb8fcc3'}, 'dob': {'date': '1945-12-23T07:33:43.730Z', 'age': 78}, 'registered': {'date': '2020-04-05T00:09:37.599Z', 'age': 4}, 'phone': '013873 69130', 'cell': '07424 107800', 'id': {'name': 'NINO', 'value': 'YA 26 59 09 G'}, 'picture': {'large': 'https://randomuser.me/api/portraits/men/86.jpg', 'medium': 'https://randomuser.me/api/portraits/med/men/86.jpg', 'thumbnail': 'https://randomuser.me/api/portraits/thumb/men/86.jpg'}, 'nat': 'GB'}</msg>
<arg>${json_data['results'][0]}</arg>
<doc>Logs the given message with the given level.</doc>
<status status="PASS" start="2024-08-09T12:30:02.542994" elapsed="0.000395"/>
</kw>
<kw name="Log" owner="BuiltIn">
<msg time="2024-08-09T12:30:02.543826" level="INFO">email</msg>
<arg>${key}</arg>
<doc>Logs the given message with the given level.</doc>
<status status="PASS" start="2024-08-09T12:30:02.543695" elapsed="0.000169"/>
</kw>
<var name="${key}">email</var>
<status status="PASS" start="2024-08-09T12:30:02.542180" elapsed="0.001904"/>
</iter>
<iter>
<kw name="Dictionary Should Contain Key" owner="Collections">
<arg>${json_data['results'][0]}</arg>
<arg>${key}</arg>
<doc>Fails if ``key`` is not found from ``dictionary``.</doc>
<status status="PASS" start="2024-08-09T12:30:02.544363" elapsed="0.000375"/>
</kw>
<kw name="Log" owner="BuiltIn">
<msg time="2024-08-09T12:30:02.545257" level="INFO">{'gender': 'male', 'name': {'title': 'Mr', 'first': 'Lester', 'last': 'Gordon'}, 'location': {'street': {'number': 5821, 'name': 'High Street'}, 'city': 'Gloucester', 'state': 'Lancashire', 'country': 'United Kingdom', 'postcode': 'J3F 4FW', 'coordinates': {'latitude': '-6.4559', 'longitude': '-59.3387'}, 'timezone': {'offset': '+9:30', 'description': 'Adelaide, Darwin'}}, 'email': 'lester.gordon@example.com', 'login': {'uuid': '95e9469a-4d3e-4a63-a8e5-50edf940888d', 'username': 'tinygoose399', 'password': 'lucas1', 'salt': 't1m3PAn6', 'md5': '81c28ea2daa2a5ed905bc59c7f2d34c5', 'sha1': '162ac0ea58755e8ca251ffc0af7d041d3dda6180', 'sha256': 'aaddbe99766a466e9384fa72056025367961e41350e01bdcefe031f0ebb8fcc3'}, 'dob': {'date': '1945-12-23T07:33:43.730Z', 'age': 78}, 'registered': {'date': '2020-04-05T00:09:37.599Z', 'age': 4}, 'phone': '013873 69130', 'cell': '07424 107800', 'id': {'name': 'NINO', 'value': 'YA 26 59 09 G'}, 'picture': {'large': 'https://randomuser.me/api/portraits/men/86.jpg', 'medium': 'https://randomuser.me/api/portraits/med/men/86.jpg', 'thumbnail': 'https://randomuser.me/api/portraits/thumb/men/86.jpg'}, 'nat': 'GB'}</msg>
<arg>${json_data['results'][0]}</arg>
<doc>Logs the given message with the given level.</doc>
<status status="PASS" start="2024-08-09T12:30:02.544918" elapsed="0.000386"/>
</kw>
<kw name="Log" owner="BuiltIn">
<msg time="2024-08-09T12:30:02.545716" level="INFO">login</msg>
<arg>${key}</arg>
<doc>Logs the given message with the given level.</doc>
<status status="PASS" start="2024-08-09T12:30:02.545591" elapsed="0.000163"/>
</kw>
<var name="${key}">login</var>
<status status="PASS" start="2024-08-09T12:30:02.544256" elapsed="0.001715"/>
</iter>
<var>${key}</var>
<value>@{expected_keys}</value>
<status status="PASS" start="2024-08-09T12:30:02.536048" elapsed="0.010069"/>
</for>
<kw name="Create List" owner="BuiltIn">
<msg time="2024-08-09T12:30:02.546445" level="INFO">${expected_keysTwo} = ['username', 'password']</msg>
<var>${expected_keysTwo}</var>
<arg>username</arg>
<arg>password</arg>
<doc>Returns a list containing given items.</doc>
<status status="PASS" start="2024-08-09T12:30:02.546309" elapsed="0.000159"/>
</kw>
<for flavor="IN">
<iter>
<kw name="Dictionary Should Contain Key" owner="Collections">
<arg>${json_data['results'][0]['login']}</arg>
<arg>${keyTwo}</arg>
<doc>Fails if ``key`` is not found from ``dictionary``.</doc>
<status status="PASS" start="2024-08-09T12:30:02.547000" elapsed="0.000389"/>
</kw>
<kw name="Dictionary Should Contain Key" owner="Collections">
<arg>${json_data['results'][0]['login']}</arg>
<arg>${keyTwo}</arg>
<doc>Fails if ``key`` is not found from ``dictionary``.</doc>
<status status="PASS" start="2024-08-09T12:30:02.547569" elapsed="0.000379"/>
</kw>
<kw name="Log" owner="BuiltIn">
<msg time="2024-08-09T12:30:02.548245" level="INFO">username</msg>
<arg>${keyTwo}</arg>
<doc>Logs the given message with the given level.</doc>
<status status="PASS" start="2024-08-09T12:30:02.548124" elapsed="0.000161"/>
</kw>
<var name="${keyTwo}">username</var>
<status status="PASS" start="2024-08-09T12:30:02.546891" elapsed="0.001633"/>
</iter>
<iter>
<kw name="Dictionary Should Contain Key" owner="Collections">
<arg>${json_data['results'][0]['login']}</arg>
<arg>${keyTwo}</arg>
<doc>Fails if ``key`` is not found from ``dictionary``.</doc>
<status status="PASS" start="2024-08-09T12:30:02.548821" elapsed="0.000393"/>
</kw>
<kw name="Dictionary Should Contain Key" owner="Collections">
<arg>${json_data['results'][0]['login']}</arg>
<arg>${keyTwo}</arg>
<doc>Fails if ``key`` is not found from ``dictionary``.</doc>
<status status="PASS" start="2024-08-09T12:30:02.549394" elapsed="0.000372"/>
</kw>
<kw name="Log" owner="BuiltIn">
<msg time="2024-08-09T12:30:02.550090" level="INFO">password</msg>
<arg>${keyTwo}</arg>
<doc>Logs the given message with the given level.</doc>
<status status="PASS" start="2024-08-09T12:30:02.549943" elapsed="0.000198"/>
</kw>
<var name="${keyTwo}">password</var>
<status status="PASS" start="2024-08-09T12:30:02.548709" elapsed="0.001661"/>
</iter>
<var>${keyTwo}</var>
<value>@{expected_keysTwo}</value>
<status status="PASS" start="2024-08-09T12:30:02.546735" elapsed="0.003758"/>
</for>
<status status="PASS" start="2024-08-09T12:30:02.199278" elapsed="0.351357"/>
</kw>
<doc>Testa a estrutura da resposta da API.</doc>
<tag>testeEstruturaResposta</tag>
<status status="PASS" start="2024-08-09T12:30:02.198765" elapsed="0.352029"/>
</test>
<test id="s1-s1-t4" name="Validar tipos de dados" line="28">
<kw name="Teste de Tipos de Dados" owner="random-user-service">
<kw name="GET On Session" owner="RequestsLibrary">
<msg time="2024-08-09T12:30:02.731084" level="INFO">GET Request : url=https://randomuser.me/api 
 path_url=/api 
 headers={'User-Agent': 'python-requests/2.32.3', 'Accept-Encoding': 'gzip, deflate', 'Accept': '*/*', 'Connection': 'keep-alive'} 
 body=None 
 </msg>
<msg time="2024-08-09T12:30:02.731178" level="INFO">GET Response : url=https://randomuser.me/api 
 status=200, reason=OK 
 headers={'Date': 'Fri, 09 Aug 2024 12:30:02 GMT', 'Content-Type': 'application/json; charset=utf-8', 'Transfer-Encoding': 'chunked', 'Connection': 'keep-alive', 'X-Powered-By': 'Express', 'Access-Control-Allow-Origin': '*', 'Cache-Control': 'no-cache', 'ETag': 'W/"4b5-S+CFqeDzYDBChWJQ+WDcumxyj6I"', 'Vary': 'Accept-Encoding', 'Content-Encoding': 'gzip', 'CF-Cache-Status': 'DYNAMIC', 'Report-To': '{"endpoints":[{"url":"https:\\/\\/a.nel.cloudflare.com\\/report\\/v4?s=DCqr5Fbwr67r7BK3yiHSK7EkACCaWa8euUacFsnl4e4ZVPCIBLmZnHW2foETZ0oyGYFmvVCK%2BvOir%2BnWimiDNcxpxOK92%2FPefvMkXhkL7Mwya3W%2B6aLNyTe0oXywmLQn"}],"group":"cf-nel","max_age":604800}', 'NEL': '{"success_fraction":0,"report_to":"cf-nel","max_age":604800}', 'Server': 'cloudflare', 'CF-RAY': '8b07c151fd2f1126-ORD', 'alt-svc': 'h3=":443"; ma=86400'} 
 body={"results":[{"gender":"male","name":{"title":"Mr","first":"Hans Georg","last":"Stange"},"location":{"street":{"number":5400,"name":"Danziger Straße"},"city":"Heidenheim an der Brenz","state":"Niedersachsen","country":"Germany","postcode":63316,"coordinates":{"latitude":"-51.6881","longitude":"-101.2624"},"timezone":{"offset":"+5:30","description":"Bombay, Calcutta, Madras, New Delhi"}},"email":"hansgeorg.stange@example.com","login":{"uuid":"5db83589-f1c5-4d73-961b-654e8de355b5","username":"beautifulpanda445","password":"gonavy","salt":"9hUvZBlL","md5":"9fd86e44c144e329db87408c1dee6932","sha1":"73c72ce69d5f33494b361e65e27246d54bb81dc2","sha256":"e4a5d6b7dc249db9c8efea9414ba5b626bf0e5289ba1cf89886781c347c8a4dc"},"dob":{"date":"1962-09-14T07:40:29.677Z","age":61},"registered":{"date":"2007-06-20T12:33:15.962Z","age":17},"phone":"0589-2336307","cell":"0179-0029233","id":{"name":"SVNR","value":"80 140962 S 193"},"picture":{"large":"https://randomuser.me/api/portraits/men/87.jpg","medium":"https://randomuser.me/api/portraits/med/men/87.jpg","thumbnail":"https://randomuser.me/api/portraits/thumb/men/87.jpg"},"nat":"DE"}],"info":{"seed":"5994819170019c1c","results":1,"page":1,"version":"1.4"}} 
 </msg>
<msg time="2024-08-09T12:30:02.731256" level="INFO">/opt/hostedtoolcache/Python/3.12.4/x64/lib/python3.12/site-packages/urllib3/connectionpool.py:1099: InsecureRequestWarning: Unverified HTTPS request is being made to host 'randomuser.me'. Adding certificate verification is strongly advised. See: https://urllib3.readthedocs.io/en/latest/advanced-usage.html#tls-warnings
  warnings.warn(</msg>
<msg time="2024-08-09T12:30:02.731370" level="INFO">${response} = &lt;Response [200]&gt;</msg>
<var>${response}</var>
<arg>consultarAPI</arg>
<arg>/api</arg>
<doc>Sends a GET request on a previously created HTTP Session.</doc>
<status status="PASS" start="2024-08-09T12:30:02.553312" elapsed="0.178092"/>
</kw>
<kw name="Set Variable" owner="BuiltIn">
<msg time="2024-08-09T12:30:02.732434" level="INFO">${json_data} = {'results': [{'gender': 'male', 'name': {'title': 'Mr', 'first': 'Hans Georg', 'last': 'Stange'}, 'location': {'street': {'number': 5400, 'name': 'Danziger Straße'}, 'city': 'Heidenheim an der Brenz',...</msg>
<var>${json_data}</var>
<arg>${response.json()}</arg>
<doc>Returns the given values which can then be assigned to a variables.</doc>
<status status="PASS" start="2024-08-09T12:30:02.731920" elapsed="0.000543"/>
</kw>
<kw name="Log" owner="BuiltIn">
<msg time="2024-08-09T12:30:02.732938" level="INFO">{'results': [{'gender': 'male', 'name': {'title': 'Mr', 'first': 'Hans Georg', 'last': 'Stange'}, 'location': {'street': {'number': 5400, 'name': 'Danziger Straße'}, 'city': 'Heidenheim an der Brenz', 'state': 'Niedersachsen', 'country': 'Germany', 'postcode': 63316, 'coordinates': {'latitude': '-51.6881', 'longitude': '-101.2624'}, 'timezone': {'offset': '+5:30', 'description': 'Bombay, Calcutta, Madras, New Delhi'}}, 'email': 'hansgeorg.stange@example.com', 'login': {'uuid': '5db83589-f1c5-4d73-961b-654e8de355b5', 'username': 'beautifulpanda445', 'password': 'gonavy', 'salt': '9hUvZBlL', 'md5': '9fd86e44c144e329db87408c1dee6932', 'sha1': '73c72ce69d5f33494b361e65e27246d54bb81dc2', 'sha256': 'e4a5d6b7dc249db9c8efea9414ba5b626bf0e5289ba1cf89886781c347c8a4dc'}, 'dob': {'date': '1962-09-14T07:40:29.677Z', 'age': 61}, 'registered': {'date': '2007-06-20T12:33:15.962Z', 'age': 17}, 'phone': '0589-2336307', 'cell': '0179-0029233', 'id': {'name': 'SVNR', 'value': '80 140962 S 193'}, 'picture': {'large': 'https://randomuser.me/api/portraits/men/87.jpg', 'medium': 'https://randomuser.me/api/portraits/med/men/87.jpg', 'thumbnail': 'https://randomuser.me/api/portraits/thumb/men/87.jpg'}, 'nat': 'DE'}], 'info': {'seed': '5994819170019c1c', 'results': 1, 'page': 1, 'version': '1.4'}}</msg>
<arg>${json_data}</arg>
<doc>Logs the given message with the given level.</doc>
<status status="PASS" start="2024-08-09T12:30:02.732771" elapsed="0.000217"/>
</kw>
<kw name="Should Be String" owner="String">
<arg>${json_data['results'][0]['gender']}</arg>
<doc>Fails if the given ``item`` is not a string.</doc>
<status status="PASS" start="2024-08-09T12:30:02.733279" elapsed="0.000357"/>
</kw>
<kw name="Should Match Regexp" owner="BuiltIn">
<arg>${json_data['results'][0]['email']}</arg>
<arg>^[a-zA-Z0-9._%+-]+@[a-zA-Z0-9.-]+\.[a-zA-Z]{2,}$</arg>
<doc>Fails if ``string`` does not match ``pattern`` as a regular expression.</doc>
<status status="PASS" start="2024-08-09T12:30:02.733836" elapsed="0.000572"/>
</kw>
<kw name="Should Match Regexp" owner="BuiltIn">
<arg>${json_data['results'][0]['dob']['date']}</arg>
<arg>\\d{4}-\\d{2}-\\d{2}T\\d{2}:\\d{2}:\\d{2}\\.\\d{3}Z</arg>
<doc>Fails if ``string`` does not match ``pattern`` as a regular expression.</doc>
<status status="PASS" start="2024-08-09T12:30:02.734645" elapsed="0.000634"/>
</kw>
<kw name="Should Match Regexp" owner="BuiltIn">
<arg>${json_data['results'][0]['registered']['date']}</arg>
<arg>\\d{4}-\\d{2}-\\d{2}T\\d{2}:\\d{2}:\\d{2}\\.\\d{3}Z</arg>
<doc>Fails if ``string`` does not match ``pattern`` as a regular expression.</doc>
<status status="PASS" start="2024-08-09T12:30:02.735470" elapsed="0.000366"/>
</kw>
<kw name="Should Match Regexp" owner="BuiltIn">
<arg>${json_data['results'][0]['picture']['large']}</arg>
<arg>^https?://.*\.(?:png|jpe?g|gif|bmp)$</arg>
<doc>Fails if ``string`` does not match ``pattern`` as a regular expression.</doc>
<status status="PASS" start="2024-08-09T12:30:02.736020" elapsed="0.000455"/>
</kw>
<kw name="Should Match Regexp" owner="BuiltIn">
<arg>${json_data['results'][0]['picture']['medium']}</arg>
<arg>^https?://.*\.(?:png|jpe?g|gif|bmp)$</arg>
<doc>Fails if ``string`` does not match ``pattern`` as a regular expression.</doc>
<status status="PASS" start="2024-08-09T12:30:02.736663" elapsed="0.000353"/>
</kw>
<kw name="Should Match Regexp" owner="BuiltIn">
<arg>${json_data['results'][0]['picture']['thumbnail']}</arg>
<arg>^https?://.*\.(?:png|jpe?g|gif|bmp)$</arg>
<doc>Fails if ``string`` does not match ``pattern`` as a regular expression.</doc>
<status status="PASS" start="2024-08-09T12:30:02.737197" elapsed="0.000343"/>
</kw>
<kw name="Log" owner="BuiltIn">
<msg time="2024-08-09T12:30:02.738047" level="INFO">{'large': 'https://randomuser.me/api/portraits/men/87.jpg', 'medium': 'https://randomuser.me/api/portraits/med/men/87.jpg', 'thumbnail': 'https://randomuser.me/api/portraits/thumb/men/87.jpg'}</msg>
<arg>${json_data['results'][0]['picture']}</arg>
<doc>Logs the given message with the given level.</doc>
<status status="PASS" start="2024-08-09T12:30:02.737728" elapsed="0.000383"/>
</kw>
<status status="PASS" start="2024-08-09T12:30:02.553078" elapsed="0.185292"/>
</kw>
<kw name="Teste de Tipos de Dados - Postcode" owner="random-user-service">
<kw name="GET On Session" owner="RequestsLibrary">
<msg time="2024-08-09T12:30:02.894751" level="INFO">GET Request : url=https://randomuser.me/api 
 path_url=/api 
 headers={'User-Agent': 'python-requests/2.32.3', 'Accept-Encoding': 'gzip, deflate', 'Accept': '*/*', 'Connection': 'keep-alive'} 
 body=None 
 </msg>
<msg time="2024-08-09T12:30:02.894867" level="INFO">GET Response : url=https://randomuser.me/api 
 status=200, reason=OK 
 headers={'Date': 'Fri, 09 Aug 2024 12:30:02 GMT', 'Content-Type': 'application/json; charset=utf-8', 'Transfer-Encoding': 'chunked', 'Connection': 'keep-alive', 'X-Powered-By': 'Express', 'Access-Control-Allow-Origin': '*', 'Cache-Control': 'no-cache', 'ETag': 'W/"485-FrXnx1j5LDleXd2jAo2ji3LRs2Y"', 'Vary': 'Accept-Encoding', 'Content-Encoding': 'gzip', 'CF-Cache-Status': 'DYNAMIC', 'Report-To': '{"endpoints":[{"url":"https:\\/\\/a.nel.cloudflare.com\\/report\\/v4?s=lnIuP4I2RhWUKCpKn63Skfyj498Abn1Os7QqRvDerB4Rp7yC%2BQuX0gSvkrfBsDwZhLCwJlSIUKGbcwB6U1ZidYCkrSzDcXQmvUVwM2H3O5XRn7x7apeGVd%2FIy7i4A9ye"}],"group":"cf-nel","max_age":604800}', 'NEL': '{"success_fraction":0,"report_to":"cf-nel","max_age":604800}', 'Server': 'cloudflare', 'CF-RAY': '8b07c1531ede1126-ORD', 'alt-svc': 'h3=":443"; ma=86400'} 
 body={"results":[{"gender":"male","name":{"title":"Mr","first":"Petko","last":"Nenadović"},"location":{"street":{"number":3273,"name":"BosilЈke Janić"},"city":"Surdulica","state":"Jablanica","country":"Serbia","postcode":77197,"coordinates":{"latitude":"56.6303","longitude":"-179.9515"},"timezone":{"offset":"+6:00","description":"Almaty, Dhaka, Colombo"}},"email":"petko.nenadovic@example.com","login":{"uuid":"97c51c1b-eab2-453a-af04-a5f343a75d4d","username":"angryfish696","password":"weiner","salt":"5PQjtpQz","md5":"cd093ec96cb38c02439f357311845332","sha1":"72aef52e2a8d2006a9fccb28daea437444e5feab","sha256":"ca6a6392c776c6c658076b6508084c69bd5bddfff4f006af0461d1388751c23a"},"dob":{"date":"1963-04-20T22:54:04.191Z","age":61},"registered":{"date":"2021-08-16T15:05:09.683Z","age":2},"phone":"012-6438-288","cell":"064-8609-542","id":{"name":"SID","value":"102081735"},"picture":{"large":"https://randomuser.me/api/portraits/men/23.jpg","medium":"https://randomuser.me/api/portraits/med/men/23.jpg","thumbnail":"https://randomuser.me/api/portraits/thumb/men/23.jpg"},"nat":"RS"}],"info":{"seed":"aac7104f921884e6","results":1,"page":1,"version":"1.4"}} 
 </msg>
<msg time="2024-08-09T12:30:02.894955" level="INFO">/opt/hostedtoolcache/Python/3.12.4/x64/lib/python3.12/site-packages/urllib3/connectionpool.py:1099: InsecureRequestWarning: Unverified HTTPS request is being made to host 'randomuser.me'. Adding certificate verification is strongly advised. See: https://urllib3.readthedocs.io/en/latest/advanced-usage.html#tls-warnings
  warnings.warn(</msg>
<msg time="2024-08-09T12:30:02.895098" level="INFO">${response} = &lt;Response [200]&gt;</msg>
<var>${response}</var>
<arg>consultarAPI</arg>
<arg>/api</arg>
<doc>Sends a GET request on a previously created HTTP Session.</doc>
<status status="PASS" start="2024-08-09T12:30:02.738818" elapsed="0.156328"/>
</kw>
<kw name="Set Variable" owner="BuiltIn">
<msg time="2024-08-09T12:30:02.896397" level="INFO">${json_data} = {'results': [{'gender': 'male', 'name': {'title': 'Mr', 'first': 'Petko', 'last': 'Nenadović'}, 'location': {'street': {'number': 3273, 'name': 'BosilЈke Janić'}, 'city': 'Surdulica', 'state': 'Jablan...</msg>
<var>${json_data}</var>
<arg>${response.json()}</arg>
<doc>Returns the given values which can then be assigned to a variables.</doc>
<status status="PASS" start="2024-08-09T12:30:02.895803" elapsed="0.000624"/>
</kw>
<kw name="Log" owner="BuiltIn">
<msg time="2024-08-09T12:30:02.896901" level="INFO">{'results': [{'gender': 'male', 'name': {'title': 'Mr', 'first': 'Petko', 'last': 'Nenadović'}, 'location': {'street': {'number': 3273, 'name': 'BosilЈke Janić'}, 'city': 'Surdulica', 'state': 'Jablanica', 'country': 'Serbia', 'postcode': 77197, 'coordinates': {'latitude': '56.6303', 'longitude': '-179.9515'}, 'timezone': {'offset': '+6:00', 'description': 'Almaty, Dhaka, Colombo'}}, 'email': 'petko.nenadovic@example.com', 'login': {'uuid': '97c51c1b-eab2-453a-af04-a5f343a75d4d', 'username': 'angryfish696', 'password': 'weiner', 'salt': '5PQjtpQz', 'md5': 'cd093ec96cb38c02439f357311845332', 'sha1': '72aef52e2a8d2006a9fccb28daea437444e5feab', 'sha256': 'ca6a6392c776c6c658076b6508084c69bd5bddfff4f006af0461d1388751c23a'}, 'dob': {'date': '1963-04-20T22:54:04.191Z', 'age': 61}, 'registered': {'date': '2021-08-16T15:05:09.683Z', 'age': 2}, 'phone': '012-6438-288', 'cell': '064-8609-542', 'id': {'name': 'SID', 'value': '102081735'}, 'picture': {'large': 'https://randomuser.me/api/portraits/men/23.jpg', 'medium': 'https://randomuser.me/api/portraits/med/men/23.jpg', 'thumbnail': 'https://randomuser.me/api/portraits/thumb/men/23.jpg'}, 'nat': 'RS'}], 'info': {'seed': 'aac7104f921884e6', 'results': 1, 'page': 1, 'version': '1.4'}}</msg>
<arg>${json_data}</arg>
<doc>Logs the given message with the given level.</doc>
<status status="PASS" start="2024-08-09T12:30:02.896739" elapsed="0.000212"/>
</kw>
<kw name="Should Be Equal As Numbers" owner="BuiltIn">
<arg>${json_data['results'][0]['location']['postcode']}</arg>
<arg>${json_data['results'][0]['location']['postcode']}</arg>
<doc>Fails if objects are unequal after converting them to real numbers.</doc>
<status status="PASS" start="2024-08-09T12:30:02.897246" elapsed="0.000619"/>
</kw>
<kw name="Log" owner="BuiltIn">
<msg time="2024-08-09T12:30:02.898454" level="INFO">77197</msg>
<arg>${json_data['results'][0]['location']['postcode']}</arg>
<doc>Logs the given message with the given level.</doc>
<status status="PASS" start="2024-08-09T12:30:02.898054" elapsed="0.000441"/>
</kw>
<status status="PASS" start="2024-08-09T12:30:02.738595" elapsed="0.160189"/>
</kw>
<doc>Testa se os tipos de dados na resposta da API estão corretos.</doc>
<tag>testeTiposDados</tag>
<status status="PASS" start="2024-08-09T12:30:02.552601" elapsed="0.346355"/>
</test>
<test id="s1-s1-t5" name="Validar conteudo" line="35">
<kw name="Teste de Tipos de Conteudo" owner="random-user-service">
<kw name="GET On Session" owner="RequestsLibrary">
<msg time="2024-08-09T12:30:03.067081" level="INFO">GET Request : url=https://randomuser.me/api 
 path_url=/api 
 headers={'User-Agent': 'python-requests/2.32.3', 'Accept-Encoding': 'gzip, deflate', 'Accept': '*/*', 'Connection': 'keep-alive'} 
 body=None 
 </msg>
<msg time="2024-08-09T12:30:03.067194" level="INFO">GET Response : url=https://randomuser.me/api 
 status=200, reason=OK 
 headers={'Date': 'Fri, 09 Aug 2024 12:30:03 GMT', 'Content-Type': 'application/json; charset=utf-8', 'Transfer-Encoding': 'chunked', 'Connection': 'keep-alive', 'X-Powered-By': 'Express', 'Access-Control-Allow-Origin': '*', 'Cache-Control': 'no-cache', 'ETag': 'W/"4a2-eFHZBmBe/u2rK1BiAtKKjD+p6oo"', 'Vary': 'Accept-Encoding', 'Content-Encoding': 'gzip', 'CF-Cache-Status': 'DYNAMIC', 'Report-To': '{"endpoints":[{"url":"https:\\/\\/a.nel.cloudflare.com\\/report\\/v4?s=c6Lq3k2QnnxDcDcGRP5kpWE67051UD4vh14dWMASUiyMFo%2BSqswfFh2eX4hPuPQRtXCByZ8Rv%2FAOlrUGLaK99lTl90ZRBDGmAnetG3N99FwUX4sULGxj4y%2BUCqXSV8Z%2F"}],"group":"cf-nel","max_age":604800}', 'NEL': '{"success_fraction":0,"report_to":"cf-nel","max_age":604800}', 'Server': 'cloudflare', 'CF-RAY': '8b07c1542ff31126-ORD', 'alt-svc': 'h3=":443"; ma=86400'} 
 body={"results":[{"gender":"male","name":{"title":"Mr","first":"Wesley","last":"Burns"},"location":{"street":{"number":5609,"name":"Pockrus Page Rd"},"city":"Bundaberg","state":"Australian Capital Territory","country":"Australia","postcode":3703,"coordinates":{"latitude":"-86.0723","longitude":"-95.7292"},"timezone":{"offset":"+10:00","description":"Eastern Australia, Guam, Vladivostok"}},"email":"wesley.burns@example.com","login":{"uuid":"f1f8a31f-fdc7-4fd8-89cd-14570c5a1100","username":"smallsnake160","password":"mmmmm","salt":"82UC71Gb","md5":"5e15f9787ca00c7f33e37f3ec8ef7225","sha1":"edb7a2c35ff8654bd33f123d8f943689b1938c0f","sha256":"aa95f6d1e765a7c98ff4086c2652cbfc6183fd659d0aef50d0a9c888f4e57229"},"dob":{"date":"1960-12-28T13:32:00.592Z","age":63},"registered":{"date":"2008-09-20T13:11:25.333Z","age":15},"phone":"00-8360-1003","cell":"0462-575-072","id":{"name":"TFN","value":"831415963"},"picture":{"large":"https://randomuser.me/api/portraits/men/49.jpg","medium":"https://randomuser.me/api/portraits/med/men/49.jpg","thumbnail":"https://randomuser.me/api/portraits/thumb/men/49.jpg"},"nat":"AU"}],"info":{"seed":"6a2e35f12f0dda9f","results":1,"page":1,"version":"1.4"}} 
 </msg>
<msg time="2024-08-09T12:30:03.067278" level="INFO">/opt/hostedtoolcache/Python/3.12.4/x64/lib/python3.12/site-packages/urllib3/connectionpool.py:1099: InsecureRequestWarning: Unverified HTTPS request is being made to host 'randomuser.me'. Adding certificate verification is strongly advised. See: https://urllib3.readthedocs.io/en/latest/advanced-usage.html#tls-warnings
  warnings.warn(</msg>
<msg time="2024-08-09T12:30:03.067432" level="INFO">${response} = &lt;Response [200]&gt;</msg>
<var>${response}</var>
<arg>consultarAPI</arg>
<arg>/api</arg>
<doc>Sends a GET request on a previously created HTTP Session.</doc>
<status status="PASS" start="2024-08-09T12:30:02.901759" elapsed="0.165716"/>
</kw>
<kw name="Set Variable" owner="BuiltIn">
<msg time="2024-08-09T12:30:03.068620" level="INFO">${json_data} = {'results': [{'gender': 'male', 'name': {'title': 'Mr', 'first': 'Wesley', 'last': 'Burns'}, 'location': {'street': {'number': 5609, 'name': 'Pockrus Page Rd'}, 'city': 'Bundaberg', 'state': 'Australi...</msg>
<var>${json_data}</var>
<arg>${response.json()}</arg>
<doc>Returns the given values which can then be assigned to a variables.</doc>
<status status="PASS" start="2024-08-09T12:30:03.068084" elapsed="0.000565"/>
</kw>
<kw name="Set Variable" owner="BuiltIn">
<msg time="2024-08-09T12:30:03.069348" level="INFO">${name_title} = Mr</msg>
<var>${name_title}</var>
<arg>${json_data["results"][0]["name"]["title"]}</arg>
<doc>Returns the given values which can then be assigned to a variables.</doc>
<status status="PASS" start="2024-08-09T12:30:03.068963" elapsed="0.000410"/>
</kw>
<kw name="Create List" owner="BuiltIn">
<msg time="2024-08-09T12:30:03.069823" level="INFO">${allowed_titles} = ['Mr', 'Ms', 'Miss', 'Mrs', 'Madame', 'Monsieur']</msg>
<var>${allowed_titles}</var>
<arg>Mr</arg>
<arg>Ms</arg>
<arg>Miss</arg>
<arg>Mrs</arg>
<arg>Madame</arg>
<arg>Monsieur</arg>
<doc>Returns a list containing given items.</doc>
<status status="PASS" start="2024-08-09T12:30:03.069674" elapsed="0.000174"/>
</kw>
<kw name="List Should Contain Value" owner="Collections">
<arg>${allowed_titles}</arg>
<arg>${name_title}</arg>
<doc>Fails if the ``value`` is not found from ``list``.</doc>
<status status="PASS" start="2024-08-09T12:30:03.070185" elapsed="0.000182"/>
</kw>
<kw name="Set Variable" owner="BuiltIn">
<msg time="2024-08-09T12:30:03.070941" level="INFO">${name_country} = AU</msg>
<var>${name_country}</var>
<arg>${json_data["results"][0]["nat"]}</arg>
<doc>Returns the given values which can then be assigned to a variables.</doc>
<status status="PASS" start="2024-08-09T12:30:03.070567" elapsed="0.000399"/>
</kw>
<kw name="Create List" owner="BuiltIn">
<msg time="2024-08-09T12:30:03.071866" level="INFO">${list_country} = ['AD', 'AE', 'AF', 'AG', 'AI', 'AL', 'AM', 'AO', 'AQ', 'AR', 'AS', 'AT', 'AU', 'AW', 'AX', 'AZ', 'BA', 'BB', 'BD', 'BE', 'BF', 'BG', 'BH', 'BI', 'BJ', 'BL', 'BM', 'BN', 'BO', 'BQ', 'BR', 'BS', 'BT', '...</msg>
<var>${list_country}</var>
<arg>AD</arg>
<arg>AE</arg>
<arg>AF</arg>
<arg>AG</arg>
<arg>AI</arg>
<arg>AL</arg>
<arg>AM</arg>
<arg>AO</arg>
<arg>AQ</arg>
<arg>AR</arg>
<arg>AS</arg>
<arg>AT</arg>
<arg>AU</arg>
<arg>AW</arg>
<arg>AX</arg>
<arg>AZ</arg>
<arg>BA</arg>
<arg>BB</arg>
<arg>BD</arg>
<arg>BE</arg>
<arg>BF</arg>
<arg>BG</arg>
<arg>BH</arg>
<arg>BI</arg>
<arg>BJ</arg>
<arg>BL</arg>
<arg>BM</arg>
<arg>BN</arg>
<arg>BO</arg>
<arg>BQ</arg>
<arg>BR</arg>
<arg>BS</arg>
<arg>BT</arg>
<arg>BV</arg>
<arg>BW</arg>
<arg>BY</arg>
<arg>BZ</arg>
<arg>CA</arg>
<arg>CC</arg>
<arg>CD</arg>
<arg>CF</arg>
<arg>CG</arg>
<arg>CH</arg>
<arg>CI</arg>
<arg>CK</arg>
<arg>CL</arg>
<arg>CM</arg>
<arg>CN</arg>
<arg>CO</arg>
<arg>CR</arg>
<arg>CU</arg>
<arg>CV</arg>
<arg>CW</arg>
<arg>CX</arg>
<arg>CY</arg>
<arg>CZ</arg>
<arg>DE</arg>
<arg>DJ</arg>
<arg>DK</arg>
<arg>DM</arg>
<arg>DO</arg>
<arg>DZ</arg>
<arg>EC</arg>
<arg>EE</arg>
<arg>EG</arg>
<arg>EH</arg>
<arg>ER</arg>
<arg>ES</arg>
<arg>ET</arg>
<arg>FI</arg>
<arg>FJ</arg>
<arg>FK</arg>
<arg>FM</arg>
<arg>FO</arg>
<arg>FR</arg>
<arg>GA</arg>
<arg>GB</arg>
<arg>GD</arg>
<arg>GE</arg>
<arg>GF</arg>
<arg>GG</arg>
<arg>GH</arg>
<arg>GI</arg>
<arg>GL</arg>
<arg>GM</arg>
<arg>GN</arg>
<arg>GP</arg>
<arg>GQ</arg>
<arg>GR</arg>
<arg>GS</arg>
<arg>GT</arg>
<arg>GU</arg>
<arg>GW</arg>
<arg>GY</arg>
<arg>HK</arg>
<arg>HM</arg>
<arg>HN</arg>
<arg>HR</arg>
<arg>HT</arg>
<arg>HU</arg>
<arg>ID</arg>
<arg>IE</arg>
<arg>IL</arg>
<arg>IM</arg>
<arg>IN</arg>
<arg>IO</arg>
<arg>IQ</arg>
<arg>IR</arg>
<arg>IS</arg>
<arg>IT</arg>
<arg>JE</arg>
<arg>JM</arg>
<arg>JO</arg>
<arg>JP</arg>
<arg>KE</arg>
<arg>KG</arg>
<arg>KH</arg>
<arg>KI</arg>
<arg>KM</arg>
<arg>KN</arg>
<arg>KP</arg>
<arg>KR</arg>
<arg>KW</arg>
<arg>KY</arg>
<arg>KZ</arg>
<arg>LA</arg>
<arg>LB</arg>
<arg>LC</arg>
<arg>LI</arg>
<arg>LK</arg>
<arg>LR</arg>
<arg>LS</arg>
<arg>LT</arg>
<arg>LU</arg>
<arg>LV</arg>
<arg>LY</arg>
<arg>MA</arg>
<arg>MC</arg>
<arg>MD</arg>
<arg>ME</arg>
<arg>MF</arg>
<arg>MG</arg>
<arg>MH</arg>
<arg>MK</arg>
<arg>ML</arg>
<arg>MM</arg>
<arg>MN</arg>
<arg>MO</arg>
<arg>MP</arg>
<arg>MQ</arg>
<arg>MR</arg>
<arg>MS</arg>
<arg>MT</arg>
<arg>MU</arg>
<arg>MV</arg>
<arg>MW</arg>
<arg>MX</arg>
<arg>MY</arg>
<arg>MZ</arg>
<arg>NA</arg>
<arg>NC</arg>
<arg>NE</arg>
<arg>NF</arg>
<arg>NG</arg>
<arg>NI</arg>
<arg>NL</arg>
<arg>NO</arg>
<arg>NP</arg>
<arg>NR</arg>
<arg>NU</arg>
<arg>NZ</arg>
<arg>OM</arg>
<arg>PA</arg>
<arg>PE</arg>
<arg>PF</arg>
<arg>PG</arg>
<arg>PH</arg>
<arg>PK</arg>
<arg>PL</arg>
<arg>PM</arg>
<arg>PN</arg>
<arg>PR</arg>
<arg>PS</arg>
<arg>PT</arg>
<arg>PW</arg>
<arg>PY</arg>
<arg>QA</arg>
<arg>RE</arg>
<arg>RO</arg>
<arg>RS</arg>
<arg>RU</arg>
<arg>RW</arg>
<arg>SA</arg>
<arg>SB</arg>
<arg>SC</arg>
<arg>SD</arg>
<arg>SE</arg>
<arg>SG</arg>
<arg>SH</arg>
<arg>SI</arg>
<arg>SJ</arg>
<arg>SK</arg>
<arg>SL</arg>
<arg>SM</arg>
<arg>SN</arg>
<arg>SO</arg>
<arg>SR</arg>
<arg>SS</arg>
<arg>ST</arg>
<arg>SV</arg>
<arg>SX</arg>
<arg>SY</arg>
<arg>SZ</arg>
<arg>TC</arg>
<arg>TD</arg>
<arg>TF</arg>
<arg>TG</arg>
<arg>TH</arg>
<arg>TJ</arg>
<arg>TK</arg>
<arg>TL</arg>
<arg>TM</arg>
<arg>TN</arg>
<arg>TO</arg>
<arg>TR</arg>
<arg>TT</arg>
<arg>TV</arg>
<arg>TW</arg>
<arg>TZ</arg>
<arg>UA</arg>
<arg>UG</arg>
<arg>UM</arg>
<arg>US</arg>
<arg>UY</arg>
<arg>UZ</arg>
<arg>VA</arg>
<arg>VC</arg>
<arg>VE</arg>
<arg>VG</arg>
<arg>VI</arg>
<arg>VN</arg>
<arg>VU</arg>
<arg>WF</arg>
<arg>WS</arg>
<arg>XK</arg>
<arg>YE</arg>
<arg>YT</arg>
<arg>ZA</arg>
<arg>ZM</arg>
<arg>ZW</arg>
<doc>Returns a list containing given items.</doc>
<status status="PASS" start="2024-08-09T12:30:03.071265" elapsed="0.000628"/>
</kw>
<kw name="List Should Contain Value" owner="Collections">
<arg>${list_country}</arg>
<arg>${name_country}</arg>
<doc>Fails if the ``value`` is not found from ``list``.</doc>
<status status="PASS" start="2024-08-09T12:30:03.072872" elapsed="0.000210"/>
</kw>
<kw name="Run Keyword If" owner="BuiltIn">
<kw name="Should Be True" owner="BuiltIn">
<arg>${True}</arg>
<doc>Fails if the given condition is not true.</doc>
<status status="PASS" start="2024-08-09T12:30:03.074027" elapsed="0.000172"/>
</kw>
<arg>${json_data["results"][0]["location"]["coordinates"]["latitude"]} &gt;= -90 and ${json_data["results"][0]["location"]["coordinates"]["latitude"]} &lt;= 90</arg>
<arg>Should Be True</arg>
<arg>${True}</arg>
<doc>Runs the given keyword with the given arguments, if ``condition`` is true.</doc>
<status status="PASS" start="2024-08-09T12:30:03.073283" elapsed="0.001045"/>
</kw>
<kw name="Run Keyword If" owner="BuiltIn">
<kw name="Should Be True" owner="BuiltIn">
<arg>${True}</arg>
<doc>Fails if the given condition is not true.</doc>
<status status="PASS" start="2024-08-09T12:30:03.075194" elapsed="0.000135"/>
</kw>
<arg>${json_data["results"][0]["location"]["coordinates"]["longitude"]} &gt;= -180 and ${json_data["results"][0]["location"]["coordinates"]["longitude"]} &lt;= 180</arg>
<arg>Should Be True</arg>
<arg>${True}</arg>
<doc>Runs the given keyword with the given arguments, if ``condition`` is true.</doc>
<status status="PASS" start="2024-08-09T12:30:03.074508" elapsed="0.000946"/>
</kw>
<status status="PASS" start="2024-08-09T12:30:02.901387" elapsed="0.174200"/>
</kw>
<doc>Testa o conteúdo específico dos campos retornados pela API.</doc>
<tag>testeConteudo</tag>
<status status="PASS" start="2024-08-09T12:30:02.900716" elapsed="0.175024"/>
</test>
<status status="PASS" start="2024-08-09T12:30:01.605167" elapsed="1.472542"/>
</suite>
<status status="PASS" start="2024-08-09T12:30:01.590814" elapsed="1.492204"/>
</suite>
<statistics>
<total>
<stat pass="5" fail="0" skip="0">All Tests</stat>
</total>
<tag>
<stat pass="1" fail="0" skip="0">testeConteudo</stat>
<stat pass="1" fail="0" skip="0">testeEstruturaResposta</stat>
<stat pass="1" fail="0" skip="0">testeRequisicaoBasica</stat>
<stat pass="1" fail="0" skip="0">testeTiposDados</stat>
</tag>
<suite>
<stat pass="5" fail="0" skip="0" id="s1" name="Tests">Tests</stat>
<stat pass="5" fail="0" skip="0" id="s1-s1" name="Random-User-Test">Tests.Random-User-Test</stat>
</suite>
</statistics>
<errors>
</errors>
</robot>
