<?xml version="1.0" encoding="UTF-8"?>
<robot generator="Robot 7.0.1 (Python 3.12.4 on linux)" generated="2024-07-11T17:15:05.357895" rpa="false" schemaversion="5">
<suite id="s1" name="Tests" source="/home/runner/work/ApiRandomUser/ApiRandomUser/RamdonUser/tests">
<suite id="s1-s1" name="Random-User-Test" source="/home/runner/work/ApiRandomUser/ApiRandomUser/RamdonUser/tests/random-user-test.robot">
<test id="s1-s1-t1" name="Conectar" line="13">
<kw name="Conectar API" owner="random-user-service">
<kw name="Create Session" owner="RequestsLibrary">
<msg time="2024-07-11T17:15:05.752326" level="INFO">Creating Session using : alias=consultarAPI, url=https://randomuser.me/, headers={},                     cookies={}, auth=None, timeout=None, proxies=None, verify=False,                     debug=0 </msg>
<arg>consultarAPI</arg>
<arg>${URL}</arg>
<doc>Create Session: create a HTTP session to a server</doc>
<status status="PASS" start="2024-07-11T17:15:05.752123" elapsed="0.000380"/>
</kw>
<status status="PASS" start="2024-07-11T17:15:05.751148" elapsed="0.001717"/>
</kw>
<status status="PASS" start="2024-07-11T17:15:05.750514" elapsed="0.002546"/>
</test>
<test id="s1-s1-t2" name="Validar retorno 200 e JSON Válido" line="16">
<kw name="Teste de Requisicao Basica" owner="random-user-service">
<kw name="GET On Session" owner="RequestsLibrary">
<msg time="2024-07-11T17:15:05.891252" level="INFO">GET Request : url=https://randomuser.me/api 
 path_url=/api 
 headers={'User-Agent': 'python-requests/2.32.3', 'Accept-Encoding': 'gzip, deflate', 'Accept': '*/*', 'Connection': 'keep-alive'} 
 body=None 
 </msg>
<msg time="2024-07-11T17:15:05.891387" level="INFO">GET Response : url=https://randomuser.me/api 
 status=200, reason=OK 
 headers={'Date': 'Thu, 11 Jul 2024 17:15:05 GMT', 'Content-Type': 'application/json; charset=utf-8', 'Transfer-Encoding': 'chunked', 'Connection': 'keep-alive', 'X-Powered-By': 'Express', 'Access-Control-Allow-Origin': '*', 'Cache-Control': 'no-cache', 'ETag': 'W/"469-PamDPyv5g5UhJE7lxVgAkxagkC4"', 'Vary': 'Accept-Encoding', 'Content-Encoding': 'gzip', 'CF-Cache-Status': 'DYNAMIC', 'Report-To': '{"endpoints":[{"url":"https:\\/\\/a.nel.cloudflare.com\\/report\\/v4?s=nE8rb5nN02jjqZ7YRQQt4mdmEo4UzL7ad2REXnW9bet40xpr9IZFCVBZHcSvZoN9JkUWTlic2ETTqbouBeKI171cMgmBkdxwtTm7tcb9p9yYzU99IQTyNJrQviYhDVZ5"}],"group":"cf-nel","max_age":604800}', 'NEL': '{"success_fraction":0,"report_to":"cf-nel","max_age":604800}', 'Server': 'cloudflare', 'CF-RAY': '8a1a6f012fe79878-SJC', 'alt-svc': 'h3=":443"; ma=86400'} 
 body={"results":[{"gender":"male","name":{"title":"Mr","first":"Felix","last":"Brar"},"location":{"street":{"number":3115,"name":"Argyle St"},"city":"Port Elgin","state":"Nunavut","country":"Canada","postcode":"L9Y 4H7","coordinates":{"latitude":"-68.1371","longitude":"-64.8275"},"timezone":{"offset":"+3:30","description":"Tehran"}},"email":"felix.brar@example.com","login":{"uuid":"51942a95-cc42-4c32-b9e9-e809db781056","username":"whitemeercat906","password":"mason","salt":"WYqiVplm","md5":"1f14bfd95a44043f561fd546a4bc1e9d","sha1":"c5431953a93e85391ee678bdabe5af0f4973da9f","sha256":"6d16143bb1a2ecff974b7b9d84d4a1b3a25fc48ff065419f0c7c23ce770626d1"},"dob":{"date":"1973-03-07T09:43:35.471Z","age":51},"registered":{"date":"2003-02-25T00:17:30.141Z","age":21},"phone":"W74 N00-3421","cell":"N02 H39-4364","id":{"name":"SIN","value":"747990935"},"picture":{"large":"https://randomuser.me/api/portraits/men/58.jpg","medium":"https://randomuser.me/api/portraits/med/men/58.jpg","thumbnail":"https://randomuser.me/api/portraits/thumb/men/58.jpg"},"nat":"CA"}],"info":{"seed":"23aeccf70e867cd6","results":1,"page":1,"version":"1.4"}} 
 </msg>
<msg time="2024-07-11T17:15:05.891467" level="INFO">/opt/hostedtoolcache/Python/3.12.4/x64/lib/python3.12/site-packages/urllib3/connectionpool.py:1099: InsecureRequestWarning: Unverified HTTPS request is being made to host 'randomuser.me'. Adding certificate verification is strongly advised. See: https://urllib3.readthedocs.io/en/latest/advanced-usage.html#tls-warnings
  warnings.warn(</msg>
<msg time="2024-07-11T17:15:05.891600" level="INFO">${response} = &lt;Response [200]&gt;</msg>
<var>${response}</var>
<arg>consultarAPI</arg>
<arg>/api</arg>
<doc>Sends a GET request on a previously created HTTP Session.</doc>
<status status="PASS" start="2024-07-11T17:15:05.755814" elapsed="0.135828"/>
</kw>
<kw name="Should Be Equal As Numbers" owner="BuiltIn">
<msg time="2024-07-11T17:15:05.892593" level="INFO">Argument types are:
&lt;class 'int'&gt;
&lt;class 'str'&gt;</msg>
<arg>${response.status_code}</arg>
<arg>200</arg>
<doc>Fails if objects are unequal after converting them to real numbers.</doc>
<status status="PASS" start="2024-07-11T17:15:05.892129" elapsed="0.000529"/>
</kw>
<kw name="Log" owner="BuiltIn">
<msg time="2024-07-11T17:15:05.893338" level="INFO">200</msg>
<arg>${response.status_code}</arg>
<doc>Logs the given message with the given level.</doc>
<status status="PASS" start="2024-07-11T17:15:05.892980" elapsed="0.000402"/>
</kw>
<kw name="Set Variable" owner="BuiltIn">
<msg time="2024-07-11T17:15:05.894130" level="INFO">${json_data} = {'results': [{'gender': 'male', 'name': {'title': 'Mr', 'first': 'Felix', 'last': 'Brar'}, 'location': {'street': {'number': 3115, 'name': 'Argyle St'}, 'city': 'Port Elgin', 'state': 'Nunavut', 'coun...</msg>
<var>${json_data}</var>
<arg>${response.json()}</arg>
<doc>Returns the given values which can then be assigned to a variables.</doc>
<status status="PASS" start="2024-07-11T17:15:05.893694" elapsed="0.000465"/>
</kw>
<kw name="Dictionary Should Contain Key" owner="Collections">
<arg>${json_data}</arg>
<arg>results</arg>
<doc>Fails if ``key`` is not found from ``dictionary``.</doc>
<status status="PASS" start="2024-07-11T17:15:05.894516" elapsed="0.000175"/>
</kw>
<status status="PASS" start="2024-07-11T17:15:05.755557" elapsed="0.139286"/>
</kw>
<doc>Testa se a API responde corretamente e retorna um objeto JSON válido.</doc>
<tag>testeRequisicaoBasica</tag>
<status status="PASS" start="2024-07-11T17:15:05.755020" elapsed="0.140001"/>
</test>
<test id="s1-s1-t3" name="Validar estrutura de resposta" line="22">
<kw name="Teste de Estrutura de Resposta" owner="random-user-service">
<kw name="GET On Session" owner="RequestsLibrary">
<msg time="2024-07-11T17:15:06.029579" level="INFO">GET Request : url=https://randomuser.me/api 
 path_url=/api 
 headers={'User-Agent': 'python-requests/2.32.3', 'Accept-Encoding': 'gzip, deflate', 'Accept': '*/*', 'Connection': 'keep-alive'} 
 body=None 
 </msg>
<msg time="2024-07-11T17:15:06.029701" level="INFO">GET Response : url=https://randomuser.me/api 
 status=200, reason=OK 
 headers={'Date': 'Thu, 11 Jul 2024 17:15:06 GMT', 'Content-Type': 'application/json; charset=utf-8', 'Transfer-Encoding': 'chunked', 'Connection': 'keep-alive', 'X-Powered-By': 'Express', 'Access-Control-Allow-Origin': '*', 'Cache-Control': 'no-cache', 'ETag': 'W/"4a0-NGB1H4ksUksByKVmHbL9VVARVLw"', 'Vary': 'Accept-Encoding', 'Content-Encoding': 'gzip', 'CF-Cache-Status': 'DYNAMIC', 'Report-To': '{"endpoints":[{"url":"https:\\/\\/a.nel.cloudflare.com\\/report\\/v4?s=QKtq28RmqG0I529EDGzyj6eJZtOb7%2BnlFQELAGmubSdI1UA04LZv%2FI6x84MK4EGkRoflsySpVd0mjXTl%2BLQ%2FZ2K6bOki1OwaIrhN2902i3mRYMonHKr6L9o1goc0T2Zu"}],"group":"cf-nel","max_age":604800}', 'NEL': '{"success_fraction":0,"report_to":"cf-nel","max_age":604800}', 'Server': 'cloudflare', 'CF-RAY': '8a1a6f01e8989878-SJC', 'alt-svc': 'h3=":443"; ma=86400'} 
 body={"results":[{"gender":"female","name":{"title":"Miss","first":"Iepistimiya","last":"Chmil"},"location":{"street":{"number":3154,"name":"Mihayla Grushevskogo"},"city":"Gadyach","state":"Poltavska","country":"Ukraine","postcode":67653,"coordinates":{"latitude":"74.5245","longitude":"24.8404"},"timezone":{"offset":"+5:00","description":"Ekaterinburg, Islamabad, Karachi, Tashkent"}},"email":"iepistimiya.chmil@example.com","login":{"uuid":"4e4a533a-a13d-4d9e-8d68-5feadce9eee6","username":"lazyfrog946","password":"ghost1","salt":"emZ1M5q2","md5":"52f801a1a87b5d841f3943d62131fde4","sha1":"532fd0713e06397dc1fab3c39c4082905b8d18c1","sha256":"94515b0b1956c90d907bbec777570f5d2eec283a8de5b1a345b8287e435d3264"},"dob":{"date":"1996-10-10T03:23:07.583Z","age":27},"registered":{"date":"2015-02-17T11:49:39.310Z","age":9},"phone":"(098) Y69-9842","cell":"(096) O22-1279","id":{"name":"","value":null},"picture":{"large":"https://randomuser.me/api/portraits/women/82.jpg","medium":"https://randomuser.me/api/portraits/med/women/82.jpg","thumbnail":"https://randomuser.me/api/portraits/thumb/women/82.jpg"},"nat":"UA"}],"info":{"seed":"b93abb302abb6dc2","results":1,"page":1,"version":"1.4"}} 
 </msg>
<msg time="2024-07-11T17:15:06.029879" level="INFO">/opt/hostedtoolcache/Python/3.12.4/x64/lib/python3.12/site-packages/urllib3/connectionpool.py:1099: InsecureRequestWarning: Unverified HTTPS request is being made to host 'randomuser.me'. Adding certificate verification is strongly advised. See: https://urllib3.readthedocs.io/en/latest/advanced-usage.html#tls-warnings
  warnings.warn(</msg>
<msg time="2024-07-11T17:15:06.030026" level="INFO">${response} = &lt;Response [200]&gt;</msg>
<var>${response}</var>
<arg>consultarAPI</arg>
<arg>/api</arg>
<doc>Sends a GET request on a previously created HTTP Session.</doc>
<status status="PASS" start="2024-07-11T17:15:05.897766" elapsed="0.132303"/>
</kw>
<kw name="Set Variable" owner="BuiltIn">
<msg time="2024-07-11T17:15:06.031312" level="INFO">${json_data} = {'results': [{'gender': 'female', 'name': {'title': 'Miss', 'first': 'Iepistimiya', 'last': 'Chmil'}, 'location': {'street': {'number': 3154, 'name': 'Mihayla Grushevskogo'}, 'city': 'Gadyach', 'state...</msg>
<var>${json_data}</var>
<arg>${response.json()}</arg>
<doc>Returns the given values which can then be assigned to a variables.</doc>
<status status="PASS" start="2024-07-11T17:15:06.030739" elapsed="0.000603"/>
</kw>
<kw name="Log" owner="BuiltIn">
<msg time="2024-07-11T17:15:06.031828" level="INFO">{'results': [{'gender': 'female', 'name': {'title': 'Miss', 'first': 'Iepistimiya', 'last': 'Chmil'}, 'location': {'street': {'number': 3154, 'name': 'Mihayla Grushevskogo'}, 'city': 'Gadyach', 'state': 'Poltavska', 'country': 'Ukraine', 'postcode': 67653, 'coordinates': {'latitude': '74.5245', 'longitude': '24.8404'}, 'timezone': {'offset': '+5:00', 'description': 'Ekaterinburg, Islamabad, Karachi, Tashkent'}}, 'email': 'iepistimiya.chmil@example.com', 'login': {'uuid': '4e4a533a-a13d-4d9e-8d68-5feadce9eee6', 'username': 'lazyfrog946', 'password': 'ghost1', 'salt': 'emZ1M5q2', 'md5': '52f801a1a87b5d841f3943d62131fde4', 'sha1': '532fd0713e06397dc1fab3c39c4082905b8d18c1', 'sha256': '94515b0b1956c90d907bbec777570f5d2eec283a8de5b1a345b8287e435d3264'}, 'dob': {'date': '1996-10-10T03:23:07.583Z', 'age': 27}, 'registered': {'date': '2015-02-17T11:49:39.310Z', 'age': 9}, 'phone': '(098) Y69-9842', 'cell': '(096) O22-1279', 'id': {'name': '', 'value': None}, 'picture': {'large': 'https://randomuser.me/api/portraits/women/82.jpg', 'medium': 'https://randomuser.me/api/portraits/med/women/82.jpg', 'thumbnail': 'https://randomuser.me/api/portraits/thumb/women/82.jpg'}, 'nat': 'UA'}], 'info': {'seed': 'b93abb302abb6dc2', 'results': 1, 'page': 1, 'version': '1.4'}}</msg>
<arg>${json_data}</arg>
<doc>Logs the given message with the given level.</doc>
<status status="PASS" start="2024-07-11T17:15:06.031664" elapsed="0.000220"/>
</kw>
<kw name="Dictionary Should Contain Key" owner="Collections">
<arg>${json_data}</arg>
<arg>results</arg>
<doc>Fails if ``key`` is not found from ``dictionary``.</doc>
<status status="PASS" start="2024-07-11T17:15:06.032184" elapsed="0.000173"/>
</kw>
<kw name="Should Not Be Empty" owner="BuiltIn">
<msg time="2024-07-11T17:15:06.032674" level="INFO">Length is 2.</msg>
<arg>${json_data}</arg>
<doc>Verifies that the given item is not empty.</doc>
<status status="PASS" start="2024-07-11T17:15:06.032548" elapsed="0.000171"/>
</kw>
<kw name="Create List" owner="BuiltIn">
<msg time="2024-07-11T17:15:06.033166" level="INFO">${expected_keys} = ['gender', 'name', 'location', 'email', 'login']</msg>
<var>${expected_keys}</var>
<arg>gender</arg>
<arg>name</arg>
<arg>location</arg>
<arg>email</arg>
<arg>login</arg>
<doc>Returns a list containing given items.</doc>
<status status="PASS" start="2024-07-11T17:15:06.033017" elapsed="0.000173"/>
</kw>
<for flavor="IN">
<iter>
<kw name="Dictionary Should Contain Key" owner="Collections">
<arg>${json_data['results'][0]}</arg>
<arg>${key}</arg>
<doc>Fails if ``key`` is not found from ``dictionary``.</doc>
<status status="PASS" start="2024-07-11T17:15:06.033961" elapsed="0.000465"/>
</kw>
<kw name="Log" owner="BuiltIn">
<msg time="2024-07-11T17:15:06.034997" level="INFO">{'gender': 'female', 'name': {'title': 'Miss', 'first': 'Iepistimiya', 'last': 'Chmil'}, 'location': {'street': {'number': 3154, 'name': 'Mihayla Grushevskogo'}, 'city': 'Gadyach', 'state': 'Poltavska', 'country': 'Ukraine', 'postcode': 67653, 'coordinates': {'latitude': '74.5245', 'longitude': '24.8404'}, 'timezone': {'offset': '+5:00', 'description': 'Ekaterinburg, Islamabad, Karachi, Tashkent'}}, 'email': 'iepistimiya.chmil@example.com', 'login': {'uuid': '4e4a533a-a13d-4d9e-8d68-5feadce9eee6', 'username': 'lazyfrog946', 'password': 'ghost1', 'salt': 'emZ1M5q2', 'md5': '52f801a1a87b5d841f3943d62131fde4', 'sha1': '532fd0713e06397dc1fab3c39c4082905b8d18c1', 'sha256': '94515b0b1956c90d907bbec777570f5d2eec283a8de5b1a345b8287e435d3264'}, 'dob': {'date': '1996-10-10T03:23:07.583Z', 'age': 27}, 'registered': {'date': '2015-02-17T11:49:39.310Z', 'age': 9}, 'phone': '(098) Y69-9842', 'cell': '(096) O22-1279', 'id': {'name': '', 'value': None}, 'picture': {'large': 'https://randomuser.me/api/portraits/women/82.jpg', 'medium': 'https://randomuser.me/api/portraits/med/women/82.jpg', 'thumbnail': 'https://randomuser.me/api/portraits/thumb/women/82.jpg'}, 'nat': 'UA'}</msg>
<arg>${json_data['results'][0]}</arg>
<doc>Logs the given message with the given level.</doc>
<status status="PASS" start="2024-07-11T17:15:06.034626" elapsed="0.000420"/>
</kw>
<kw name="Log" owner="BuiltIn">
<msg time="2024-07-11T17:15:06.035481" level="INFO">gender</msg>
<arg>${key}</arg>
<doc>Logs the given message with the given level.</doc>
<status status="PASS" start="2024-07-11T17:15:06.035350" elapsed="0.000170"/>
</kw>
<var name="${key}">gender</var>
<status status="PASS" start="2024-07-11T17:15:06.033833" elapsed="0.001909"/>
</iter>
<iter>
<kw name="Dictionary Should Contain Key" owner="Collections">
<arg>${json_data['results'][0]}</arg>
<arg>${key}</arg>
<doc>Fails if ``key`` is not found from ``dictionary``.</doc>
<status status="PASS" start="2024-07-11T17:15:06.036046" elapsed="0.000395"/>
</kw>
<kw name="Log" owner="BuiltIn">
<msg time="2024-07-11T17:15:06.037018" level="INFO">{'gender': 'female', 'name': {'title': 'Miss', 'first': 'Iepistimiya', 'last': 'Chmil'}, 'location': {'street': {'number': 3154, 'name': 'Mihayla Grushevskogo'}, 'city': 'Gadyach', 'state': 'Poltavska', 'country': 'Ukraine', 'postcode': 67653, 'coordinates': {'latitude': '74.5245', 'longitude': '24.8404'}, 'timezone': {'offset': '+5:00', 'description': 'Ekaterinburg, Islamabad, Karachi, Tashkent'}}, 'email': 'iepistimiya.chmil@example.com', 'login': {'uuid': '4e4a533a-a13d-4d9e-8d68-5feadce9eee6', 'username': 'lazyfrog946', 'password': 'ghost1', 'salt': 'emZ1M5q2', 'md5': '52f801a1a87b5d841f3943d62131fde4', 'sha1': '532fd0713e06397dc1fab3c39c4082905b8d18c1', 'sha256': '94515b0b1956c90d907bbec777570f5d2eec283a8de5b1a345b8287e435d3264'}, 'dob': {'date': '1996-10-10T03:23:07.583Z', 'age': 27}, 'registered': {'date': '2015-02-17T11:49:39.310Z', 'age': 9}, 'phone': '(098) Y69-9842', 'cell': '(096) O22-1279', 'id': {'name': '', 'value': None}, 'picture': {'large': 'https://randomuser.me/api/portraits/women/82.jpg', 'medium': 'https://randomuser.me/api/portraits/med/women/82.jpg', 'thumbnail': 'https://randomuser.me/api/portraits/thumb/women/82.jpg'}, 'nat': 'UA'}</msg>
<arg>${json_data['results'][0]}</arg>
<doc>Logs the given message with the given level.</doc>
<status status="PASS" start="2024-07-11T17:15:06.036628" elapsed="0.000439"/>
</kw>
<kw name="Log" owner="BuiltIn">
<msg time="2024-07-11T17:15:06.037501" level="INFO">name</msg>
<arg>${key}</arg>
<doc>Logs the given message with the given level.</doc>
<status status="PASS" start="2024-07-11T17:15:06.037369" elapsed="0.000171"/>
</kw>
<var name="${key}">name</var>
<status status="PASS" start="2024-07-11T17:15:06.035934" elapsed="0.001830"/>
</iter>
<iter>
<kw name="Dictionary Should Contain Key" owner="Collections">
<arg>${json_data['results'][0]}</arg>
<arg>${key}</arg>
<doc>Fails if ``key`` is not found from ``dictionary``.</doc>
<status status="PASS" start="2024-07-11T17:15:06.038066" elapsed="0.000539"/>
</kw>
<kw name="Log" owner="BuiltIn">
<msg time="2024-07-11T17:15:06.039387" level="INFO">{'gender': 'female', 'name': {'title': 'Miss', 'first': 'Iepistimiya', 'last': 'Chmil'}, 'location': {'street': {'number': 3154, 'name': 'Mihayla Grushevskogo'}, 'city': 'Gadyach', 'state': 'Poltavska', 'country': 'Ukraine', 'postcode': 67653, 'coordinates': {'latitude': '74.5245', 'longitude': '24.8404'}, 'timezone': {'offset': '+5:00', 'description': 'Ekaterinburg, Islamabad, Karachi, Tashkent'}}, 'email': 'iepistimiya.chmil@example.com', 'login': {'uuid': '4e4a533a-a13d-4d9e-8d68-5feadce9eee6', 'username': 'lazyfrog946', 'password': 'ghost1', 'salt': 'emZ1M5q2', 'md5': '52f801a1a87b5d841f3943d62131fde4', 'sha1': '532fd0713e06397dc1fab3c39c4082905b8d18c1', 'sha256': '94515b0b1956c90d907bbec777570f5d2eec283a8de5b1a345b8287e435d3264'}, 'dob': {'date': '1996-10-10T03:23:07.583Z', 'age': 27}, 'registered': {'date': '2015-02-17T11:49:39.310Z', 'age': 9}, 'phone': '(098) Y69-9842', 'cell': '(096) O22-1279', 'id': {'name': '', 'value': None}, 'picture': {'large': 'https://randomuser.me/api/portraits/women/82.jpg', 'medium': 'https://randomuser.me/api/portraits/med/women/82.jpg', 'thumbnail': 'https://randomuser.me/api/portraits/thumb/women/82.jpg'}, 'nat': 'UA'}</msg>
<arg>${json_data['results'][0]}</arg>
<doc>Logs the given message with the given level.</doc>
<status status="PASS" start="2024-07-11T17:15:06.038864" elapsed="0.000574"/>
</kw>
<kw name="Log" owner="BuiltIn">
<msg time="2024-07-11T17:15:06.039886" level="INFO">location</msg>
<arg>${key}</arg>
<doc>Logs the given message with the given level.</doc>
<status status="PASS" start="2024-07-11T17:15:06.039754" elapsed="0.000171"/>
</kw>
<var name="${key}">location</var>
<status status="PASS" start="2024-07-11T17:15:06.037948" elapsed="0.002197"/>
</iter>
<iter>
<kw name="Dictionary Should Contain Key" owner="Collections">
<arg>${json_data['results'][0]}</arg>
<arg>${key}</arg>
<doc>Fails if ``key`` is not found from ``dictionary``.</doc>
<status status="PASS" start="2024-07-11T17:15:06.040431" elapsed="0.000392"/>
</kw>
<kw name="Log" owner="BuiltIn">
<msg time="2024-07-11T17:15:06.041372" level="INFO">{'gender': 'female', 'name': {'title': 'Miss', 'first': 'Iepistimiya', 'last': 'Chmil'}, 'location': {'street': {'number': 3154, 'name': 'Mihayla Grushevskogo'}, 'city': 'Gadyach', 'state': 'Poltavska', 'country': 'Ukraine', 'postcode': 67653, 'coordinates': {'latitude': '74.5245', 'longitude': '24.8404'}, 'timezone': {'offset': '+5:00', 'description': 'Ekaterinburg, Islamabad, Karachi, Tashkent'}}, 'email': 'iepistimiya.chmil@example.com', 'login': {'uuid': '4e4a533a-a13d-4d9e-8d68-5feadce9eee6', 'username': 'lazyfrog946', 'password': 'ghost1', 'salt': 'emZ1M5q2', 'md5': '52f801a1a87b5d841f3943d62131fde4', 'sha1': '532fd0713e06397dc1fab3c39c4082905b8d18c1', 'sha256': '94515b0b1956c90d907bbec777570f5d2eec283a8de5b1a345b8287e435d3264'}, 'dob': {'date': '1996-10-10T03:23:07.583Z', 'age': 27}, 'registered': {'date': '2015-02-17T11:49:39.310Z', 'age': 9}, 'phone': '(098) Y69-9842', 'cell': '(096) O22-1279', 'id': {'name': '', 'value': None}, 'picture': {'large': 'https://randomuser.me/api/portraits/women/82.jpg', 'medium': 'https://randomuser.me/api/portraits/med/women/82.jpg', 'thumbnail': 'https://randomuser.me/api/portraits/thumb/women/82.jpg'}, 'nat': 'UA'}</msg>
<arg>${json_data['results'][0]}</arg>
<doc>Logs the given message with the given level.</doc>
<status status="PASS" start="2024-07-11T17:15:06.041015" elapsed="0.000406"/>
</kw>
<kw name="Log" owner="BuiltIn">
<msg time="2024-07-11T17:15:06.041858" level="INFO">email</msg>
<arg>${key}</arg>
<doc>Logs the given message with the given level.</doc>
<status status="PASS" start="2024-07-11T17:15:06.041730" elapsed="0.000176"/>
</kw>
<var name="${key}">email</var>
<status status="PASS" start="2024-07-11T17:15:06.040322" elapsed="0.001805"/>
</iter>
<iter>
<kw name="Dictionary Should Contain Key" owner="Collections">
<arg>${json_data['results'][0]}</arg>
<arg>${key}</arg>
<doc>Fails if ``key`` is not found from ``dictionary``.</doc>
<status status="PASS" start="2024-07-11T17:15:06.042462" elapsed="0.000399"/>
</kw>
<kw name="Log" owner="BuiltIn">
<msg time="2024-07-11T17:15:06.043395" level="INFO">{'gender': 'female', 'name': {'title': 'Miss', 'first': 'Iepistimiya', 'last': 'Chmil'}, 'location': {'street': {'number': 3154, 'name': 'Mihayla Grushevskogo'}, 'city': 'Gadyach', 'state': 'Poltavska', 'country': 'Ukraine', 'postcode': 67653, 'coordinates': {'latitude': '74.5245', 'longitude': '24.8404'}, 'timezone': {'offset': '+5:00', 'description': 'Ekaterinburg, Islamabad, Karachi, Tashkent'}}, 'email': 'iepistimiya.chmil@example.com', 'login': {'uuid': '4e4a533a-a13d-4d9e-8d68-5feadce9eee6', 'username': 'lazyfrog946', 'password': 'ghost1', 'salt': 'emZ1M5q2', 'md5': '52f801a1a87b5d841f3943d62131fde4', 'sha1': '532fd0713e06397dc1fab3c39c4082905b8d18c1', 'sha256': '94515b0b1956c90d907bbec777570f5d2eec283a8de5b1a345b8287e435d3264'}, 'dob': {'date': '1996-10-10T03:23:07.583Z', 'age': 27}, 'registered': {'date': '2015-02-17T11:49:39.310Z', 'age': 9}, 'phone': '(098) Y69-9842', 'cell': '(096) O22-1279', 'id': {'name': '', 'value': None}, 'picture': {'large': 'https://randomuser.me/api/portraits/women/82.jpg', 'medium': 'https://randomuser.me/api/portraits/med/women/82.jpg', 'thumbnail': 'https://randomuser.me/api/portraits/thumb/women/82.jpg'}, 'nat': 'UA'}</msg>
<arg>${json_data['results'][0]}</arg>
<doc>Logs the given message with the given level.</doc>
<status status="PASS" start="2024-07-11T17:15:06.043047" elapsed="0.000407"/>
</kw>
<kw name="Log" owner="BuiltIn">
<msg time="2024-07-11T17:15:06.043884" level="INFO">login</msg>
<arg>${key}</arg>
<doc>Logs the given message with the given level.</doc>
<status status="PASS" start="2024-07-11T17:15:06.043756" elapsed="0.000166"/>
</kw>
<var name="${key}">login</var>
<status status="PASS" start="2024-07-11T17:15:06.042344" elapsed="0.001802"/>
</iter>
<var>${key}</var>
<value>@{expected_keys}</value>
<status status="PASS" start="2024-07-11T17:15:06.033628" elapsed="0.010640"/>
</for>
<kw name="Create List" owner="BuiltIn">
<msg time="2024-07-11T17:15:06.044640" level="INFO">${expected_keysTwo} = ['username', 'password']</msg>
<var>${expected_keysTwo}</var>
<arg>username</arg>
<arg>password</arg>
<doc>Returns a list containing given items.</doc>
<status status="PASS" start="2024-07-11T17:15:06.044498" elapsed="0.000166"/>
</kw>
<for flavor="IN">
<iter>
<kw name="Dictionary Should Contain Key" owner="Collections">
<arg>${json_data['results'][0]['login']}</arg>
<arg>${keyTwo}</arg>
<doc>Fails if ``key`` is not found from ``dictionary``.</doc>
<status status="PASS" start="2024-07-11T17:15:06.045175" elapsed="0.000408"/>
</kw>
<kw name="Dictionary Should Contain Key" owner="Collections">
<arg>${json_data['results'][0]['login']}</arg>
<arg>${keyTwo}</arg>
<doc>Fails if ``key`` is not found from ``dictionary``.</doc>
<status status="PASS" start="2024-07-11T17:15:06.045766" elapsed="0.000379"/>
</kw>
<kw name="Log" owner="BuiltIn">
<msg time="2024-07-11T17:15:06.046500" level="INFO">username</msg>
<arg>${keyTwo}</arg>
<doc>Logs the given message with the given level.</doc>
<status status="PASS" start="2024-07-11T17:15:06.046372" elapsed="0.000166"/>
</kw>
<var name="${keyTwo}">username</var>
<status status="PASS" start="2024-07-11T17:15:06.045068" elapsed="0.001700"/>
</iter>
<iter>
<kw name="Dictionary Should Contain Key" owner="Collections">
<arg>${json_data['results'][0]['login']}</arg>
<arg>${keyTwo}</arg>
<doc>Fails if ``key`` is not found from ``dictionary``.</doc>
<status status="PASS" start="2024-07-11T17:15:06.047048" elapsed="0.000385"/>
</kw>
<kw name="Dictionary Should Contain Key" owner="Collections">
<arg>${json_data['results'][0]['login']}</arg>
<arg>${keyTwo}</arg>
<doc>Fails if ``key`` is not found from ``dictionary``.</doc>
<status status="PASS" start="2024-07-11T17:15:06.047615" elapsed="0.000364"/>
</kw>
<kw name="Log" owner="BuiltIn">
<msg time="2024-07-11T17:15:06.048276" level="INFO">password</msg>
<arg>${keyTwo}</arg>
<doc>Logs the given message with the given level.</doc>
<status status="PASS" start="2024-07-11T17:15:06.048158" elapsed="0.000161"/>
</kw>
<var name="${keyTwo}">password</var>
<status status="PASS" start="2024-07-11T17:15:06.046942" elapsed="0.001610"/>
</iter>
<var>${keyTwo}</var>
<value>@{expected_keysTwo}</value>
<status status="PASS" start="2024-07-11T17:15:06.044909" elapsed="0.003765"/>
</for>
<status status="PASS" start="2024-07-11T17:15:05.897528" elapsed="0.151291"/>
</kw>
<doc>Testa a estrutura da resposta da API.</doc>
<tag>testeEstruturaResposta</tag>
<status status="PASS" start="2024-07-11T17:15:05.896909" elapsed="0.152072"/>
</test>
<test id="s1-s1-t4" name="Validar tipos de dados" line="28">
<kw name="Teste de Tipos de Dados" owner="random-user-service">
<kw name="GET On Session" owner="RequestsLibrary">
<msg time="2024-07-11T17:15:06.240863" level="INFO">GET Request : url=https://randomuser.me/api 
 path_url=/api 
 headers={'User-Agent': 'python-requests/2.32.3', 'Accept-Encoding': 'gzip, deflate', 'Accept': '*/*', 'Connection': 'keep-alive'} 
 body=None 
 </msg>
<msg time="2024-07-11T17:15:06.240979" level="INFO">GET Response : url=https://randomuser.me/api 
 status=200, reason=OK 
 headers={'Date': 'Thu, 11 Jul 2024 17:15:06 GMT', 'Content-Type': 'application/json; charset=utf-8', 'Transfer-Encoding': 'chunked', 'Connection': 'keep-alive', 'X-Powered-By': 'Express', 'Access-Control-Allow-Origin': '*', 'Cache-Control': 'no-cache', 'ETag': 'W/"479-oRKLTS9u/S0smiHH4alcPUmomn8"', 'Vary': 'Accept-Encoding', 'Content-Encoding': 'gzip', 'CF-Cache-Status': 'DYNAMIC', 'Report-To': '{"endpoints":[{"url":"https:\\/\\/a.nel.cloudflare.com\\/report\\/v4?s=o3%2FmOxVIwYAMpjAMZ2t3d6oD6Ve%2FJzWCpIF2rUCnQcOMJS6qoMC%2Bq8iC7ICAYn%2F1WYaiBb%2F3%2FCn3fsUQuGNasZ%2BLyDThDVh8OY%2FQs6mc%2FfQjyxWOjuJijoA11eb3sDQ0"}],"group":"cf-nel","max_age":604800}', 'NEL': '{"success_fraction":0,"report_to":"cf-nel","max_age":604800}', 'Server': 'cloudflare', 'CF-RAY': '8a1a6f02d9419878-SJC', 'alt-svc': 'h3=":443"; ma=86400'} 
 body={"results":[{"gender":"male","name":{"title":"Mr","first":"Francisco","last":"Gomez"},"location":{"street":{"number":2080,"name":"Manor Road"},"city":"Derby","state":"Dyfed","country":"United Kingdom","postcode":"Y9 4UN","coordinates":{"latitude":"-9.6306","longitude":"-94.4152"},"timezone":{"offset":"+5:45","description":"Kathmandu"}},"email":"francisco.gomez@example.com","login":{"uuid":"55c3645f-7f7e-427d-bc33-1280724c0f48","username":"blueduck198","password":"richie","salt":"E9D4lEYm","md5":"28b718e2e77d8d889ee06bc5b5ae0e58","sha1":"8d19744f532f4b14bde6c951e4f9853d12da9f77","sha256":"b86cd2c0f27b6188addda908da7660acea5d829cbdfb296020f122a80f0f4f8c"},"dob":{"date":"1952-11-18T10:31:38.390Z","age":71},"registered":{"date":"2012-10-20T00:04:08.241Z","age":11},"phone":"0110729 075 8031","cell":"07611 698305","id":{"name":"NINO","value":"MG 99 93 66 R"},"picture":{"large":"https://randomuser.me/api/portraits/men/5.jpg","medium":"https://randomuser.me/api/portraits/med/men/5.jpg","thumbnail":"https://randomuser.me/api/portraits/thumb/men/5.jpg"},"nat":"GB"}],"info":{"seed":"b56ef6eb7ea82b05","results":1,"page":1,"version":"1.4"}} 
 </msg>
<msg time="2024-07-11T17:15:06.241066" level="INFO">/opt/hostedtoolcache/Python/3.12.4/x64/lib/python3.12/site-packages/urllib3/connectionpool.py:1099: InsecureRequestWarning: Unverified HTTPS request is being made to host 'randomuser.me'. Adding certificate verification is strongly advised. See: https://urllib3.readthedocs.io/en/latest/advanced-usage.html#tls-warnings
  warnings.warn(</msg>
<msg time="2024-07-11T17:15:06.241209" level="INFO">${response} = &lt;Response [200]&gt;</msg>
<var>${response}</var>
<arg>consultarAPI</arg>
<arg>/api</arg>
<doc>Sends a GET request on a previously created HTTP Session.</doc>
<status status="PASS" start="2024-07-11T17:15:06.051782" elapsed="0.189595"/>
</kw>
<kw name="Set Variable" owner="BuiltIn">
<msg time="2024-07-11T17:15:06.242466" level="INFO">${json_data} = {'results': [{'gender': 'male', 'name': {'title': 'Mr', 'first': 'Francisco', 'last': 'Gomez'}, 'location': {'street': {'number': 2080, 'name': 'Manor Road'}, 'city': 'Derby', 'state': 'Dyfed', 'count...</msg>
<var>${json_data}</var>
<arg>${response.json()}</arg>
<doc>Returns the given values which can then be assigned to a variables.</doc>
<status status="PASS" start="2024-07-11T17:15:06.241889" elapsed="0.000608"/>
</kw>
<kw name="Log" owner="BuiltIn">
<msg time="2024-07-11T17:15:06.242989" level="INFO">{'results': [{'gender': 'male', 'name': {'title': 'Mr', 'first': 'Francisco', 'last': 'Gomez'}, 'location': {'street': {'number': 2080, 'name': 'Manor Road'}, 'city': 'Derby', 'state': 'Dyfed', 'country': 'United Kingdom', 'postcode': 'Y9 4UN', 'coordinates': {'latitude': '-9.6306', 'longitude': '-94.4152'}, 'timezone': {'offset': '+5:45', 'description': 'Kathmandu'}}, 'email': 'francisco.gomez@example.com', 'login': {'uuid': '55c3645f-7f7e-427d-bc33-1280724c0f48', 'username': 'blueduck198', 'password': 'richie', 'salt': 'E9D4lEYm', 'md5': '28b718e2e77d8d889ee06bc5b5ae0e58', 'sha1': '8d19744f532f4b14bde6c951e4f9853d12da9f77', 'sha256': 'b86cd2c0f27b6188addda908da7660acea5d829cbdfb296020f122a80f0f4f8c'}, 'dob': {'date': '1952-11-18T10:31:38.390Z', 'age': 71}, 'registered': {'date': '2012-10-20T00:04:08.241Z', 'age': 11}, 'phone': '0110729 075 8031', 'cell': '07611 698305', 'id': {'name': 'NINO', 'value': 'MG 99 93 66 R'}, 'picture': {'large': 'https://randomuser.me/api/portraits/men/5.jpg', 'medium': 'https://randomuser.me/api/portraits/med/men/5.jpg', 'thumbnail': 'https://randomuser.me/api/portraits/thumb/men/5.jpg'}, 'nat': 'GB'}], 'info': {'seed': 'b56ef6eb7ea82b05', 'results': 1, 'page': 1, 'version': '1.4'}}</msg>
<arg>${json_data}</arg>
<doc>Logs the given message with the given level.</doc>
<status status="PASS" start="2024-07-11T17:15:06.242821" elapsed="0.000219"/>
</kw>
<kw name="Should Be String" owner="String">
<arg>${json_data['results'][0]['gender']}</arg>
<doc>Fails if the given ``item`` is not a string.</doc>
<status status="PASS" start="2024-07-11T17:15:06.243338" elapsed="0.000369"/>
</kw>
<kw name="Should Match Regexp" owner="BuiltIn">
<arg>${json_data['results'][0]['email']}</arg>
<arg>^[a-zA-Z0-9._%+-]+@[a-zA-Z0-9.-]+\.[a-zA-Z]{2,}$</arg>
<doc>Fails if ``string`` does not match ``pattern`` as a regular expression.</doc>
<status status="PASS" start="2024-07-11T17:15:06.243938" elapsed="0.000539"/>
</kw>
<kw name="Should Match Regexp" owner="BuiltIn">
<arg>${json_data['results'][0]['dob']['date']}</arg>
<arg>\\d{4}-\\d{2}-\\d{2}T\\d{2}:\\d{2}:\\d{2}\\.\\d{3}Z</arg>
<doc>Fails if ``string`` does not match ``pattern`` as a regular expression.</doc>
<status status="PASS" start="2024-07-11T17:15:06.244673" elapsed="0.000487"/>
</kw>
<kw name="Should Match Regexp" owner="BuiltIn">
<arg>${json_data['results'][0]['registered']['date']}</arg>
<arg>\\d{4}-\\d{2}-\\d{2}T\\d{2}:\\d{2}:\\d{2}\\.\\d{3}Z</arg>
<doc>Fails if ``string`` does not match ``pattern`` as a regular expression.</doc>
<status status="PASS" start="2024-07-11T17:15:06.245354" elapsed="0.000368"/>
</kw>
<kw name="Should Match Regexp" owner="BuiltIn">
<arg>${json_data['results'][0]['picture']['large']}</arg>
<arg>^https?://.*\.(?:png|jpe?g|gif|bmp)$</arg>
<doc>Fails if ``string`` does not match ``pattern`` as a regular expression.</doc>
<status status="PASS" start="2024-07-11T17:15:06.245907" elapsed="0.000494"/>
</kw>
<kw name="Should Match Regexp" owner="BuiltIn">
<arg>${json_data['results'][0]['picture']['medium']}</arg>
<arg>^https?://.*\.(?:png|jpe?g|gif|bmp)$</arg>
<doc>Fails if ``string`` does not match ``pattern`` as a regular expression.</doc>
<status status="PASS" start="2024-07-11T17:15:06.246595" elapsed="0.000355"/>
</kw>
<kw name="Should Match Regexp" owner="BuiltIn">
<arg>${json_data['results'][0]['picture']['thumbnail']}</arg>
<arg>^https?://.*\.(?:png|jpe?g|gif|bmp)$</arg>
<doc>Fails if ``string`` does not match ``pattern`` as a regular expression.</doc>
<status status="PASS" start="2024-07-11T17:15:06.247133" elapsed="0.000354"/>
</kw>
<kw name="Log" owner="BuiltIn">
<msg time="2024-07-11T17:15:06.247999" level="INFO">{'large': 'https://randomuser.me/api/portraits/men/5.jpg', 'medium': 'https://randomuser.me/api/portraits/med/men/5.jpg', 'thumbnail': 'https://randomuser.me/api/portraits/thumb/men/5.jpg'}</msg>
<arg>${json_data['results'][0]['picture']}</arg>
<doc>Logs the given message with the given level.</doc>
<status status="PASS" start="2024-07-11T17:15:06.247673" elapsed="0.000368"/>
</kw>
<status status="PASS" start="2024-07-11T17:15:06.051547" elapsed="0.196764"/>
</kw>
<kw name="Teste de Tipos de Dados - Postcode" owner="random-user-service">
<kw name="GET On Session" owner="RequestsLibrary">
<msg time="2024-07-11T17:15:06.461953" level="INFO">GET Request : url=https://randomuser.me/api 
 path_url=/api 
 headers={'User-Agent': 'python-requests/2.32.3', 'Accept-Encoding': 'gzip, deflate', 'Accept': '*/*', 'Connection': 'keep-alive'} 
 body=None 
 </msg>
<msg time="2024-07-11T17:15:06.462068" level="INFO">GET Response : url=https://randomuser.me/api 
 status=200, reason=OK 
 headers={'Date': 'Thu, 11 Jul 2024 17:15:06 GMT', 'Content-Type': 'application/json; charset=utf-8', 'Transfer-Encoding': 'chunked', 'Connection': 'keep-alive', 'X-Powered-By': 'Express', 'Access-Control-Allow-Origin': '*', 'Cache-Control': 'no-cache', 'ETag': 'W/"472-BeYM1GOaB/UmVWB55HaHhkuW43U"', 'Vary': 'Accept-Encoding', 'Content-Encoding': 'gzip', 'CF-Cache-Status': 'DYNAMIC', 'Report-To': '{"endpoints":[{"url":"https:\\/\\/a.nel.cloudflare.com\\/report\\/v4?s=AnwV90y335xai1J6BoQEQwbnZ1tOtQ%2F0HWcTVVe7%2BlVbMdmJykw0jaEMrexxnP5iHM5oQcWKQm1VaQmEykftzcn4Smdyp8Wnyl8nok4Jid5uSTPzePBc8LJe%2FSeKV6g6"}],"group":"cf-nel","max_age":604800}', 'NEL': '{"success_fraction":0,"report_to":"cf-nel","max_age":604800}', 'Server': 'cloudflare', 'CF-RAY': '8a1a6f041a149878-SJC', 'alt-svc': 'h3=":443"; ma=86400'} 
 body={"results":[{"gender":"male","name":{"title":"Mr","first":"Yasnogor","last":"Samokish"},"location":{"street":{"number":5381,"name":"Lyubomirska"},"city":"Miusinsk","state":"Poltavska","country":"Ukraine","postcode":27109,"coordinates":{"latitude":"78.9699","longitude":"-117.9354"},"timezone":{"offset":"+3:30","description":"Tehran"}},"email":"yasnogor.samokish@example.com","login":{"uuid":"fc9888a3-14d9-4f44-86cc-7f1652ecdfc0","username":"silverrabbit536","password":"hansolo","salt":"eq2K0rsG","md5":"5ff95c713728ee5be82743521e3ffdf7","sha1":"cfeb7fb21ebf35ce028bfaf38f76d0dd87b454b4","sha256":"5330ccf31e089675a416e9af46bc50e13a80dbaf4e532b98f9f34f2f3fd079b5"},"dob":{"date":"2000-03-19T13:17:11.233Z","age":24},"registered":{"date":"2003-12-29T21:55:52.506Z","age":20},"phone":"(068) D98-8970","cell":"(099) R46-1335","id":{"name":"","value":null},"picture":{"large":"https://randomuser.me/api/portraits/men/42.jpg","medium":"https://randomuser.me/api/portraits/med/men/42.jpg","thumbnail":"https://randomuser.me/api/portraits/thumb/men/42.jpg"},"nat":"UA"}],"info":{"seed":"80e894c8ceec7fc7","results":1,"page":1,"version":"1.4"}} 
 </msg>
<msg time="2024-07-11T17:15:06.462147" level="INFO">/opt/hostedtoolcache/Python/3.12.4/x64/lib/python3.12/site-packages/urllib3/connectionpool.py:1099: InsecureRequestWarning: Unverified HTTPS request is being made to host 'randomuser.me'. Adding certificate verification is strongly advised. See: https://urllib3.readthedocs.io/en/latest/advanced-usage.html#tls-warnings
  warnings.warn(</msg>
<msg time="2024-07-11T17:15:06.462327" level="INFO">${response} = &lt;Response [200]&gt;</msg>
<var>${response}</var>
<arg>consultarAPI</arg>
<arg>/api</arg>
<doc>Sends a GET request on a previously created HTTP Session.</doc>
<status status="PASS" start="2024-07-11T17:15:06.248787" elapsed="0.213589"/>
</kw>
<kw name="Set Variable" owner="BuiltIn">
<msg time="2024-07-11T17:15:06.463400" level="INFO">${json_data} = {'results': [{'gender': 'male', 'name': {'title': 'Mr', 'first': 'Yasnogor', 'last': 'Samokish'}, 'location': {'street': {'number': 5381, 'name': 'Lyubomirska'}, 'city': 'Miusinsk', 'state': 'Poltavsk...</msg>
<var>${json_data}</var>
<arg>${response.json()}</arg>
<doc>Returns the given values which can then be assigned to a variables.</doc>
<status status="PASS" start="2024-07-11T17:15:06.462897" elapsed="0.000533"/>
</kw>
<kw name="Log" owner="BuiltIn">
<msg time="2024-07-11T17:15:06.463898" level="INFO">{'results': [{'gender': 'male', 'name': {'title': 'Mr', 'first': 'Yasnogor', 'last': 'Samokish'}, 'location': {'street': {'number': 5381, 'name': 'Lyubomirska'}, 'city': 'Miusinsk', 'state': 'Poltavska', 'country': 'Ukraine', 'postcode': 27109, 'coordinates': {'latitude': '78.9699', 'longitude': '-117.9354'}, 'timezone': {'offset': '+3:30', 'description': 'Tehran'}}, 'email': 'yasnogor.samokish@example.com', 'login': {'uuid': 'fc9888a3-14d9-4f44-86cc-7f1652ecdfc0', 'username': 'silverrabbit536', 'password': 'hansolo', 'salt': 'eq2K0rsG', 'md5': '5ff95c713728ee5be82743521e3ffdf7', 'sha1': 'cfeb7fb21ebf35ce028bfaf38f76d0dd87b454b4', 'sha256': '5330ccf31e089675a416e9af46bc50e13a80dbaf4e532b98f9f34f2f3fd079b5'}, 'dob': {'date': '2000-03-19T13:17:11.233Z', 'age': 24}, 'registered': {'date': '2003-12-29T21:55:52.506Z', 'age': 20}, 'phone': '(068) D98-8970', 'cell': '(099) R46-1335', 'id': {'name': '', 'value': None}, 'picture': {'large': 'https://randomuser.me/api/portraits/men/42.jpg', 'medium': 'https://randomuser.me/api/portraits/med/men/42.jpg', 'thumbnail': 'https://randomuser.me/api/portraits/thumb/men/42.jpg'}, 'nat': 'UA'}], 'info': {'seed': '80e894c8ceec7fc7', 'results': 1, 'page': 1, 'version': '1.4'}}</msg>
<arg>${json_data}</arg>
<doc>Logs the given message with the given level.</doc>
<status status="PASS" start="2024-07-11T17:15:06.463737" elapsed="0.000209"/>
</kw>
<kw name="Should Be Equal As Numbers" owner="BuiltIn">
<arg>${json_data['results'][0]['location']['postcode']}</arg>
<arg>${json_data['results'][0]['location']['postcode']}</arg>
<doc>Fails if objects are unequal after converting them to real numbers.</doc>
<status status="PASS" start="2024-07-11T17:15:06.464255" elapsed="0.000624"/>
</kw>
<kw name="Log" owner="BuiltIn">
<msg time="2024-07-11T17:15:06.465419" level="INFO">27109</msg>
<arg>${json_data['results'][0]['location']['postcode']}</arg>
<doc>Logs the given message with the given level.</doc>
<status status="PASS" start="2024-07-11T17:15:06.465077" elapsed="0.000419"/>
</kw>
<status status="PASS" start="2024-07-11T17:15:06.248554" elapsed="0.217203"/>
</kw>
<doc>Testa se os tipos de dados na resposta da API estão corretos.</doc>
<tag>testeTiposDados</tag>
<status status="PASS" start="2024-07-11T17:15:06.050942" elapsed="0.414991"/>
</test>
<test id="s1-s1-t5" name="Validar conteudo" line="35">
<kw name="Teste de Tipos de Conteudo" owner="random-user-service">
<kw name="GET On Session" owner="RequestsLibrary">
<msg time="2024-07-11T17:15:06.643784" level="INFO">GET Request : url=https://randomuser.me/api 
 path_url=/api 
 headers={'User-Agent': 'python-requests/2.32.3', 'Accept-Encoding': 'gzip, deflate', 'Accept': '*/*', 'Connection': 'keep-alive'} 
 body=None 
 </msg>
<msg time="2024-07-11T17:15:06.643898" level="INFO">GET Response : url=https://randomuser.me/api 
 status=200, reason=OK 
 headers={'Date': 'Thu, 11 Jul 2024 17:15:06 GMT', 'Content-Type': 'application/json; charset=utf-8', 'Transfer-Encoding': 'chunked', 'Connection': 'keep-alive', 'X-Powered-By': 'Express', 'Access-Control-Allow-Origin': '*', 'Cache-Control': 'no-cache', 'ETag': 'W/"47c-nVwl0lxGmnKDNXjIYROUpr6PpBY"', 'Vary': 'Accept-Encoding', 'Content-Encoding': 'gzip', 'CF-Cache-Status': 'DYNAMIC', 'Report-To': '{"endpoints":[{"url":"https:\\/\\/a.nel.cloudflare.com\\/report\\/v4?s=GOYgCOXChDOca2CDGRQ11ZpQMh%2BRzDuFis9nUyQVycK5dLr1Hbr9aJ1oxNtkCF2PC9rIBFI9aVPi6%2FiKrgKwhvq1Uic1kTvoklMlnEJI5nU9UeUFF%2F1HIRm3ND8tiedn"}],"group":"cf-nel","max_age":604800}', 'NEL': '{"success_fraction":0,"report_to":"cf-nel","max_age":604800}', 'Server': 'cloudflare', 'CF-RAY': '8a1a6f057af59878-SJC', 'alt-svc': 'h3=":443"; ma=86400'} 
 body={"results":[{"gender":"male","name":{"title":"Mr","first":"Pablo","last":"Cortes"},"location":{"street":{"number":7566,"name":"Calle Nebrija"},"city":"Elche","state":"La Rioja","country":"Spain","postcode":81336,"coordinates":{"latitude":"-33.6671","longitude":"-116.8416"},"timezone":{"offset":"-1:00","description":"Azores, Cape Verde Islands"}},"email":"pablo.cortes@example.com","login":{"uuid":"d26ce4cc-1fc9-4f5b-a26b-81a54005e4b8","username":"greenpeacock552","password":"bummer","salt":"h0WJ8vSP","md5":"ceb97fa445403037d7a8f37385bbafe8","sha1":"acc354abf28d0da9a299c4b26a9869a03be43030","sha256":"e0d54629f6e835209bf2234010ded4f15593a15e55f2b161ec13f78f1980cf16"},"dob":{"date":"1950-03-15T05:13:39.815Z","age":74},"registered":{"date":"2015-11-27T23:34:28.324Z","age":8},"phone":"930-039-375","cell":"665-915-153","id":{"name":"DNI","value":"99147300-E"},"picture":{"large":"https://randomuser.me/api/portraits/men/32.jpg","medium":"https://randomuser.me/api/portraits/med/men/32.jpg","thumbnail":"https://randomuser.me/api/portraits/thumb/men/32.jpg"},"nat":"ES"}],"info":{"seed":"d2374b3f51d85878","results":1,"page":1,"version":"1.4"}} 
 </msg>
<msg time="2024-07-11T17:15:06.643998" level="INFO">/opt/hostedtoolcache/Python/3.12.4/x64/lib/python3.12/site-packages/urllib3/connectionpool.py:1099: InsecureRequestWarning: Unverified HTTPS request is being made to host 'randomuser.me'. Adding certificate verification is strongly advised. See: https://urllib3.readthedocs.io/en/latest/advanced-usage.html#tls-warnings
  warnings.warn(</msg>
<msg time="2024-07-11T17:15:06.644135" level="INFO">${response} = &lt;Response [200]&gt;</msg>
<var>${response}</var>
<arg>consultarAPI</arg>
<arg>/api</arg>
<doc>Sends a GET request on a previously created HTTP Session.</doc>
<status status="PASS" start="2024-07-11T17:15:06.468645" elapsed="0.175533"/>
</kw>
<kw name="Set Variable" owner="BuiltIn">
<msg time="2024-07-11T17:15:06.645197" level="INFO">${json_data} = {'results': [{'gender': 'male', 'name': {'title': 'Mr', 'first': 'Pablo', 'last': 'Cortes'}, 'location': {'street': {'number': 7566, 'name': 'Calle Nebrija'}, 'city': 'Elche', 'state': 'La Rioja', 'co...</msg>
<var>${json_data}</var>
<arg>${response.json()}</arg>
<doc>Returns the given values which can then be assigned to a variables.</doc>
<status status="PASS" start="2024-07-11T17:15:06.644698" elapsed="0.000528"/>
</kw>
<kw name="Set Variable" owner="BuiltIn">
<msg time="2024-07-11T17:15:06.645917" level="INFO">${name_title} = Mr</msg>
<var>${name_title}</var>
<arg>${json_data["results"][0]["name"]["title"]}</arg>
<doc>Returns the given values which can then be assigned to a variables.</doc>
<status status="PASS" start="2024-07-11T17:15:06.645536" elapsed="0.000407"/>
</kw>
<kw name="Create List" owner="BuiltIn">
<msg time="2024-07-11T17:15:06.646441" level="INFO">${allowed_titles} = ['Mr', 'Ms', 'Miss', 'Mrs', 'Madame', 'Monsieur']</msg>
<var>${allowed_titles}</var>
<arg>Mr</arg>
<arg>Ms</arg>
<arg>Miss</arg>
<arg>Mrs</arg>
<arg>Madame</arg>
<arg>Monsieur</arg>
<doc>Returns a list containing given items.</doc>
<status status="PASS" start="2024-07-11T17:15:06.646278" elapsed="0.000188"/>
</kw>
<kw name="List Should Contain Value" owner="Collections">
<arg>${allowed_titles}</arg>
<arg>${name_title}</arg>
<doc>Fails if the ``value`` is not found from ``list``.</doc>
<status status="PASS" start="2024-07-11T17:15:06.646767" elapsed="0.000180"/>
</kw>
<kw name="Set Variable" owner="BuiltIn">
<msg time="2024-07-11T17:15:06.647498" level="INFO">${name_country} = ES</msg>
<var>${name_country}</var>
<arg>${json_data["results"][0]["nat"]}</arg>
<doc>Returns the given values which can then be assigned to a variables.</doc>
<status status="PASS" start="2024-07-11T17:15:06.647133" elapsed="0.000391"/>
</kw>
<kw name="Create List" owner="BuiltIn">
<msg time="2024-07-11T17:15:06.648398" level="INFO">${list_country} = ['AD', 'AE', 'AF', 'AG', 'AI', 'AL', 'AM', 'AO', 'AQ', 'AR', 'AS', 'AT', 'AU', 'AW', 'AX', 'AZ', 'BA', 'BB', 'BD', 'BE', 'BF', 'BG', 'BH', 'BI', 'BJ', 'BL', 'BM', 'BN', 'BO', 'BQ', 'BR', 'BS', 'BT', '...</msg>
<var>${list_country}</var>
<arg>AD</arg>
<arg>AE</arg>
<arg>AF</arg>
<arg>AG</arg>
<arg>AI</arg>
<arg>AL</arg>
<arg>AM</arg>
<arg>AO</arg>
<arg>AQ</arg>
<arg>AR</arg>
<arg>AS</arg>
<arg>AT</arg>
<arg>AU</arg>
<arg>AW</arg>
<arg>AX</arg>
<arg>AZ</arg>
<arg>BA</arg>
<arg>BB</arg>
<arg>BD</arg>
<arg>BE</arg>
<arg>BF</arg>
<arg>BG</arg>
<arg>BH</arg>
<arg>BI</arg>
<arg>BJ</arg>
<arg>BL</arg>
<arg>BM</arg>
<arg>BN</arg>
<arg>BO</arg>
<arg>BQ</arg>
<arg>BR</arg>
<arg>BS</arg>
<arg>BT</arg>
<arg>BV</arg>
<arg>BW</arg>
<arg>BY</arg>
<arg>BZ</arg>
<arg>CA</arg>
<arg>CC</arg>
<arg>CD</arg>
<arg>CF</arg>
<arg>CG</arg>
<arg>CH</arg>
<arg>CI</arg>
<arg>CK</arg>
<arg>CL</arg>
<arg>CM</arg>
<arg>CN</arg>
<arg>CO</arg>
<arg>CR</arg>
<arg>CU</arg>
<arg>CV</arg>
<arg>CW</arg>
<arg>CX</arg>
<arg>CY</arg>
<arg>CZ</arg>
<arg>DE</arg>
<arg>DJ</arg>
<arg>DK</arg>
<arg>DM</arg>
<arg>DO</arg>
<arg>DZ</arg>
<arg>EC</arg>
<arg>EE</arg>
<arg>EG</arg>
<arg>EH</arg>
<arg>ER</arg>
<arg>ES</arg>
<arg>ET</arg>
<arg>FI</arg>
<arg>FJ</arg>
<arg>FK</arg>
<arg>FM</arg>
<arg>FO</arg>
<arg>FR</arg>
<arg>GA</arg>
<arg>GB</arg>
<arg>GD</arg>
<arg>GE</arg>
<arg>GF</arg>
<arg>GG</arg>
<arg>GH</arg>
<arg>GI</arg>
<arg>GL</arg>
<arg>GM</arg>
<arg>GN</arg>
<arg>GP</arg>
<arg>GQ</arg>
<arg>GR</arg>
<arg>GS</arg>
<arg>GT</arg>
<arg>GU</arg>
<arg>GW</arg>
<arg>GY</arg>
<arg>HK</arg>
<arg>HM</arg>
<arg>HN</arg>
<arg>HR</arg>
<arg>HT</arg>
<arg>HU</arg>
<arg>ID</arg>
<arg>IE</arg>
<arg>IL</arg>
<arg>IM</arg>
<arg>IN</arg>
<arg>IO</arg>
<arg>IQ</arg>
<arg>IR</arg>
<arg>IS</arg>
<arg>IT</arg>
<arg>JE</arg>
<arg>JM</arg>
<arg>JO</arg>
<arg>JP</arg>
<arg>KE</arg>
<arg>KG</arg>
<arg>KH</arg>
<arg>KI</arg>
<arg>KM</arg>
<arg>KN</arg>
<arg>KP</arg>
<arg>KR</arg>
<arg>KW</arg>
<arg>KY</arg>
<arg>KZ</arg>
<arg>LA</arg>
<arg>LB</arg>
<arg>LC</arg>
<arg>LI</arg>
<arg>LK</arg>
<arg>LR</arg>
<arg>LS</arg>
<arg>LT</arg>
<arg>LU</arg>
<arg>LV</arg>
<arg>LY</arg>
<arg>MA</arg>
<arg>MC</arg>
<arg>MD</arg>
<arg>ME</arg>
<arg>MF</arg>
<arg>MG</arg>
<arg>MH</arg>
<arg>MK</arg>
<arg>ML</arg>
<arg>MM</arg>
<arg>MN</arg>
<arg>MO</arg>
<arg>MP</arg>
<arg>MQ</arg>
<arg>MR</arg>
<arg>MS</arg>
<arg>MT</arg>
<arg>MU</arg>
<arg>MV</arg>
<arg>MW</arg>
<arg>MX</arg>
<arg>MY</arg>
<arg>MZ</arg>
<arg>NA</arg>
<arg>NC</arg>
<arg>NE</arg>
<arg>NF</arg>
<arg>NG</arg>
<arg>NI</arg>
<arg>NL</arg>
<arg>NO</arg>
<arg>NP</arg>
<arg>NR</arg>
<arg>NU</arg>
<arg>NZ</arg>
<arg>OM</arg>
<arg>PA</arg>
<arg>PE</arg>
<arg>PF</arg>
<arg>PG</arg>
<arg>PH</arg>
<arg>PK</arg>
<arg>PL</arg>
<arg>PM</arg>
<arg>PN</arg>
<arg>PR</arg>
<arg>PS</arg>
<arg>PT</arg>
<arg>PW</arg>
<arg>PY</arg>
<arg>QA</arg>
<arg>RE</arg>
<arg>RO</arg>
<arg>RS</arg>
<arg>RU</arg>
<arg>RW</arg>
<arg>SA</arg>
<arg>SB</arg>
<arg>SC</arg>
<arg>SD</arg>
<arg>SE</arg>
<arg>SG</arg>
<arg>SH</arg>
<arg>SI</arg>
<arg>SJ</arg>
<arg>SK</arg>
<arg>SL</arg>
<arg>SM</arg>
<arg>SN</arg>
<arg>SO</arg>
<arg>SR</arg>
<arg>SS</arg>
<arg>ST</arg>
<arg>SV</arg>
<arg>SX</arg>
<arg>SY</arg>
<arg>SZ</arg>
<arg>TC</arg>
<arg>TD</arg>
<arg>TF</arg>
<arg>TG</arg>
<arg>TH</arg>
<arg>TJ</arg>
<arg>TK</arg>
<arg>TL</arg>
<arg>TM</arg>
<arg>TN</arg>
<arg>TO</arg>
<arg>TR</arg>
<arg>TT</arg>
<arg>TV</arg>
<arg>TW</arg>
<arg>TZ</arg>
<arg>UA</arg>
<arg>UG</arg>
<arg>UM</arg>
<arg>US</arg>
<arg>UY</arg>
<arg>UZ</arg>
<arg>VA</arg>
<arg>VC</arg>
<arg>VE</arg>
<arg>VG</arg>
<arg>VI</arg>
<arg>VN</arg>
<arg>VU</arg>
<arg>WF</arg>
<arg>WS</arg>
<arg>XK</arg>
<arg>YE</arg>
<arg>YT</arg>
<arg>ZA</arg>
<arg>ZM</arg>
<arg>ZW</arg>
<doc>Returns a list containing given items.</doc>
<status status="PASS" start="2024-07-11T17:15:06.647810" elapsed="0.000614"/>
</kw>
<kw name="List Should Contain Value" owner="Collections">
<arg>${list_country}</arg>
<arg>${name_country}</arg>
<doc>Fails if the ``value`` is not found from ``list``.</doc>
<status status="PASS" start="2024-07-11T17:15:06.649227" elapsed="0.000203"/>
</kw>
<kw name="Run Keyword If" owner="BuiltIn">
<kw name="Should Be True" owner="BuiltIn">
<arg>${True}</arg>
<doc>Fails if the given condition is not true.</doc>
<status status="PASS" start="2024-07-11T17:15:06.650403" elapsed="0.000144"/>
</kw>
<arg>${json_data["results"][0]["location"]["coordinates"]["latitude"]} &gt;= -90 and ${json_data["results"][0]["location"]["coordinates"]["latitude"]} &lt;= 90</arg>
<arg>Should Be True</arg>
<arg>${True}</arg>
<doc>Runs the given keyword with the given arguments, if ``condition`` is true.</doc>
<status status="PASS" start="2024-07-11T17:15:06.649627" elapsed="0.001045"/>
</kw>
<kw name="Run Keyword If" owner="BuiltIn">
<kw name="Should Be True" owner="BuiltIn">
<arg>${True}</arg>
<doc>Fails if the given condition is not true.</doc>
<status status="PASS" start="2024-07-11T17:15:06.651542" elapsed="0.000138"/>
</kw>
<arg>${json_data["results"][0]["location"]["coordinates"]["longitude"]} &gt;= -180 and ${json_data["results"][0]["location"]["coordinates"]["longitude"]} &lt;= 180</arg>
<arg>Should Be True</arg>
<arg>${True}</arg>
<doc>Runs the given keyword with the given arguments, if ``condition`` is true.</doc>
<status status="PASS" start="2024-07-11T17:15:06.650850" elapsed="0.000951"/>
</kw>
<status status="PASS" start="2024-07-11T17:15:06.468250" elapsed="0.183683"/>
</kw>
<doc>Testa o conteúdo específico dos campos retornados pela API.</doc>
<tag>testeConteudo</tag>
<status status="PASS" start="2024-07-11T17:15:06.467793" elapsed="0.184299"/>
</test>
<status status="PASS" start="2024-07-11T17:15:05.417576" elapsed="1.236503"/>
</suite>
<status status="PASS" start="2024-07-11T17:15:05.402903" elapsed="1.256383"/>
</suite>
<statistics>
<total>
<stat pass="5" fail="0" skip="0">All Tests</stat>
</total>
<tag>
<stat pass="1" fail="0" skip="0">testeConteudo</stat>
<stat pass="1" fail="0" skip="0">testeEstruturaResposta</stat>
<stat pass="1" fail="0" skip="0">testeRequisicaoBasica</stat>
<stat pass="1" fail="0" skip="0">testeTiposDados</stat>
</tag>
<suite>
<stat pass="5" fail="0" skip="0" id="s1" name="Tests">Tests</stat>
<stat pass="5" fail="0" skip="0" id="s1-s1" name="Random-User-Test">Tests.Random-User-Test</stat>
</suite>
</statistics>
<errors>
</errors>
</robot>
