<?xml version="1.0" encoding="UTF-8"?>
<robot generator="Robot 7.0 (Python 3.12.3 on linux)" generated="2024-05-29T21:13:35.755887" rpa="false" schemaversion="5">
<suite id="s1" name="Tests" source="/home/runner/work/ApiRandomUser/ApiRandomUser/RamdonUser/tests">
<suite id="s1-s1" name="Random-User-Test" source="/home/runner/work/ApiRandomUser/ApiRandomUser/RamdonUser/tests/random-user-test.robot">
<test id="s1-s1-t1" name="Conectar" line="13">
<kw name="Conectar API" owner="random-user-service">
<kw name="Create Session" owner="RequestsLibrary">
<msg time="2024-05-29T21:13:36.147307" level="INFO">Creating Session using : alias=consultarAPI, url=https://randomuser.me/, headers={},                     cookies={}, auth=None, timeout=None, proxies=None, verify=False,                     debug=0 </msg>
<arg>consultarAPI</arg>
<arg>${URL}</arg>
<doc>Create Session: create a HTTP session to a server</doc>
<status status="PASS" start="2024-05-29T21:13:36.147099" elapsed="0.000391"/>
</kw>
<status status="PASS" start="2024-05-29T21:13:36.146099" elapsed="0.001806"/>
</kw>
<status status="PASS" start="2024-05-29T21:13:36.145563" elapsed="0.002537"/>
</test>
<test id="s1-s1-t2" name="Validar retorno 200 e JSON Válido" line="16">
<kw name="Teste de Requisicao Basica" owner="random-user-service">
<kw name="GET On Session" owner="RequestsLibrary">
<msg time="2024-05-29T21:13:36.233510" level="INFO">GET Request : url=https://randomuser.me/api 
 path_url=/api 
 headers={'User-Agent': 'python-requests/2.32.3', 'Accept-Encoding': 'gzip, deflate', 'Accept': '*/*', 'Connection': 'keep-alive'} 
 body=None 
 </msg>
<msg time="2024-05-29T21:13:36.233661" level="INFO">GET Response : url=https://randomuser.me/api 
 status=200, reason=OK 
 headers={'Date': 'Wed, 29 May 2024 21:13:36 GMT', 'Content-Type': 'application/json; charset=utf-8', 'Transfer-Encoding': 'chunked', 'Connection': 'keep-alive', 'X-Powered-By': 'Express', 'Access-Control-Allow-Origin': '*', 'Cache-Control': 'no-cache', 'ETag': 'W/"4a5-OJCBOBvgWo+V1G1M1foc/teVeXA"', 'Vary': 'Accept-Encoding', 'Content-Encoding': 'gzip', 'CF-Cache-Status': 'DYNAMIC', 'Report-To': '{"endpoints":[{"url":"https:\\/\\/a.nel.cloudflare.com\\/report\\/v4?s=xPIIqT7C9EUB6BgtPdVkbck%2FzmUwSCw33Xtcm4q4CMVHETQxoWF1adrCfmT2nilR1ccS%2B0tmp2qLKdcip3EoQbssWHt9vJNTcV39qBIISb6rjQrPSdEaZ4GsI1U9%2BTau"}],"group":"cf-nel","max_age":604800}', 'NEL': '{"success_fraction":0,"report_to":"cf-nel","max_age":604800}', 'Server': 'cloudflare', 'CF-RAY': '88b97d411cb33b96-IAD', 'alt-svc': 'h3=":443"; ma=86400'} 
 body={"results":[{"gender":"male","name":{"title":"Mr","first":"Theo","last":"Holzapfel"},"location":{"street":{"number":4943,"name":"Mühlenstraße"},"city":"Schalkau","state":"Mecklenburg-Vorpommern","country":"Germany","postcode":11521,"coordinates":{"latitude":"-55.4425","longitude":"-99.5451"},"timezone":{"offset":"-4:00","description":"Atlantic Time (Canada), Caracas, La Paz"}},"email":"theo.holzapfel@example.com","login":{"uuid":"e547ac70-474e-4f80-b776-662315f9111f","username":"lazykoala438","password":"jazzy","salt":"rEp67FcD","md5":"41522c7ca84ed3788adf184af528a486","sha1":"eae4cc358f57973223e38e9d0e6ee16f168e20c2","sha256":"f3ea1d8f4a274310c6cf768f0cc65f851495fa0aad3423ed8e879b0a3af559b8"},"dob":{"date":"1967-09-05T16:20:04.766Z","age":56},"registered":{"date":"2004-10-26T19:42:15.717Z","age":19},"phone":"0039-5000942","cell":"0171-0192402","id":{"name":"SVNR","value":"81 050967 H 386"},"picture":{"large":"https://randomuser.me/api/portraits/men/21.jpg","medium":"https://randomuser.me/api/portraits/med/men/21.jpg","thumbnail":"https://randomuser.me/api/portraits/thumb/men/21.jpg"},"nat":"DE"}],"info":{"seed":"5dc3bc801924144b","results":1,"page":1,"version":"1.4"}} 
 </msg>
<msg time="2024-05-29T21:13:36.233746" level="INFO">/opt/hostedtoolcache/Python/3.12.3/x64/lib/python3.12/site-packages/urllib3/connectionpool.py:1103: InsecureRequestWarning: Unverified HTTPS request is being made to host 'randomuser.me'. Adding certificate verification is strongly advised. See: https://urllib3.readthedocs.io/en/latest/advanced-usage.html#tls-warnings
  warnings.warn(</msg>
<msg time="2024-05-29T21:13:36.233904" level="INFO">${response} = &lt;Response [200]&gt;</msg>
<var>${response}</var>
<arg>consultarAPI</arg>
<arg>/api</arg>
<doc>Sends a GET request on a previously created HTTP Session.</doc>
<status status="PASS" start="2024-05-29T21:13:36.150631" elapsed="0.083339"/>
</kw>
<kw name="Should Be Equal As Numbers" owner="BuiltIn">
<msg time="2024-05-29T21:13:36.234952" level="INFO">Argument types are:
&lt;class 'int'&gt;
&lt;class 'str'&gt;</msg>
<arg>${response.status_code}</arg>
<arg>200</arg>
<doc>Fails if objects are unequal after converting them to real numbers.</doc>
<status status="PASS" start="2024-05-29T21:13:36.234485" elapsed="0.000534"/>
</kw>
<kw name="Log" owner="BuiltIn">
<msg time="2024-05-29T21:13:36.235706" level="INFO">200</msg>
<arg>${response.status_code}</arg>
<doc>Logs the given message with the given level.</doc>
<status status="PASS" start="2024-05-29T21:13:36.235355" elapsed="0.000399"/>
</kw>
<kw name="Set Variable" owner="BuiltIn">
<msg time="2024-05-29T21:13:36.236540" level="INFO">${json_data} = {'results': [{'gender': 'male', 'name': {'title': 'Mr', 'first': 'Theo', 'last': 'Holzapfel'}, 'location': {'street': {'number': 4943, 'name': 'Mühlenstraße'}, 'city': 'Schalkau', 'state': 'Mecklenbur...</msg>
<var>${json_data}</var>
<arg>${response.json()}</arg>
<doc>Returns the given values which can then be assigned to a variables.</doc>
<status status="PASS" start="2024-05-29T21:13:36.236101" elapsed="0.000469"/>
</kw>
<kw name="Dictionary Should Contain Key" owner="Collections">
<msg time="2024-05-29T21:13:36.237060" level="INFO">False</msg>
<arg>${json_data}</arg>
<arg>results</arg>
<doc>Fails if ``key`` is not found from ``dictionary``.</doc>
<status status="PASS" start="2024-05-29T21:13:36.236874" elapsed="0.000224"/>
</kw>
<status status="PASS" start="2024-05-29T21:13:36.150394" elapsed="0.086975"/>
</kw>
<doc>Testa se a API responde corretamente e retorna um objeto JSON válido.</doc>
<tag>testeRequisicaoBasica</tag>
<status status="PASS" start="2024-05-29T21:13:36.149944" elapsed="0.087613"/>
</test>
<test id="s1-s1-t3" name="Validar estrutura de resposta" line="22">
<kw name="Teste de Estrutura de Resposta" owner="random-user-service">
<kw name="GET On Session" owner="RequestsLibrary">
<msg time="2024-05-29T21:13:36.335607" level="INFO">GET Request : url=https://randomuser.me/api 
 path_url=/api 
 headers={'User-Agent': 'python-requests/2.32.3', 'Accept-Encoding': 'gzip, deflate', 'Accept': '*/*', 'Connection': 'keep-alive'} 
 body=None 
 </msg>
<msg time="2024-05-29T21:13:36.335720" level="INFO">GET Response : url=https://randomuser.me/api 
 status=200, reason=OK 
 headers={'Date': 'Wed, 29 May 2024 21:13:36 GMT', 'Content-Type': 'application/json; charset=utf-8', 'Transfer-Encoding': 'chunked', 'Connection': 'keep-alive', 'X-Powered-By': 'Express', 'Access-Control-Allow-Origin': '*', 'Cache-Control': 'no-cache', 'ETag': 'W/"4c2-Q/c+FBQ4PCgGXHRBEP3p9uRnGz4"', 'Vary': 'Accept-Encoding', 'Content-Encoding': 'gzip', 'CF-Cache-Status': 'DYNAMIC', 'Report-To': '{"endpoints":[{"url":"https:\\/\\/a.nel.cloudflare.com\\/report\\/v4?s=h5ik6rYgnd9K6yieyZMzgSk%2Bc55MfaRE%2BSJzSrciTN9creHCoZIyxv4RhIdfbtaV%2BmvmOs%2FfdpWWoHGFSrsrCywlRBQ2rnCRZMtScu5tWYDBIMMI3z1HTXneFeQW%2Bf4%2B"}],"group":"cf-nel","max_age":604800}', 'NEL': '{"success_fraction":0,"report_to":"cf-nel","max_age":604800}', 'Server': 'cloudflare', 'CF-RAY': '88b97d418d393b96-IAD', 'alt-svc': 'h3=":443"; ma=86400'} 
 body={"results":[{"gender":"female","name":{"title":"Madame","first":"Rosanna","last":"Renaud"},"location":{"street":{"number":7961,"name":"Avenue des Ternes"},"city":"Le Cerneux-Péquignot","state":"Basel-Stadt","country":"Switzerland","postcode":1707,"coordinates":{"latitude":"-56.9485","longitude":"135.1660"},"timezone":{"offset":"+5:00","description":"Ekaterinburg, Islamabad, Karachi, Tashkent"}},"email":"rosanna.renaud@example.com","login":{"uuid":"ddcbc072-9409-41ef-81f0-26d2be1f634f","username":"beautifuldog476","password":"wowwow","salt":"raKf48rf","md5":"f24f660d20cdb47a31268f28114844c7","sha1":"742f5d6bda708ffae90966939beaaf927838d20b","sha256":"12768dffe85736f0a097baea9809a900201bb65fad85505d677dd57e71b8c243"},"dob":{"date":"1993-08-24T05:14:06.193Z","age":30},"registered":{"date":"2004-09-30T23:53:22.714Z","age":19},"phone":"079 313 95 50","cell":"078 767 31 05","id":{"name":"AVS","value":"756.6444.0123.00"},"picture":{"large":"https://randomuser.me/api/portraits/women/71.jpg","medium":"https://randomuser.me/api/portraits/med/women/71.jpg","thumbnail":"https://randomuser.me/api/portraits/thumb/women/71.jpg"},"nat":"CH"}],"info":{"seed":"ba2e58747302fd74","results":1,"page":1,"version":"1.4"}} 
 </msg>
<msg time="2024-05-29T21:13:36.335916" level="INFO">/opt/hostedtoolcache/Python/3.12.3/x64/lib/python3.12/site-packages/urllib3/connectionpool.py:1103: InsecureRequestWarning: Unverified HTTPS request is being made to host 'randomuser.me'. Adding certificate verification is strongly advised. See: https://urllib3.readthedocs.io/en/latest/advanced-usage.html#tls-warnings
  warnings.warn(</msg>
<msg time="2024-05-29T21:13:36.336090" level="INFO">${response} = &lt;Response [200]&gt;</msg>
<var>${response}</var>
<arg>consultarAPI</arg>
<arg>/api</arg>
<doc>Sends a GET request on a previously created HTTP Session.</doc>
<status status="PASS" start="2024-05-29T21:13:36.240666" elapsed="0.095472"/>
</kw>
<kw name="Set Variable" owner="BuiltIn">
<msg time="2024-05-29T21:13:36.337136" level="INFO">${json_data} = {'results': [{'gender': 'female', 'name': {'title': 'Madame', 'first': 'Rosanna', 'last': 'Renaud'}, 'location': {'street': {'number': 7961, 'name': 'Avenue des Ternes'}, 'city': 'Le Cerneux-Péquignot...</msg>
<var>${json_data}</var>
<arg>${response.json()}</arg>
<doc>Returns the given values which can then be assigned to a variables.</doc>
<status status="PASS" start="2024-05-29T21:13:36.336608" elapsed="0.000558"/>
</kw>
<kw name="Log" owner="BuiltIn">
<msg time="2024-05-29T21:13:36.337642" level="INFO">{'results': [{'gender': 'female', 'name': {'title': 'Madame', 'first': 'Rosanna', 'last': 'Renaud'}, 'location': {'street': {'number': 7961, 'name': 'Avenue des Ternes'}, 'city': 'Le Cerneux-Péquignot', 'state': 'Basel-Stadt', 'country': 'Switzerland', 'postcode': 1707, 'coordinates': {'latitude': '-56.9485', 'longitude': '135.1660'}, 'timezone': {'offset': '+5:00', 'description': 'Ekaterinburg, Islamabad, Karachi, Tashkent'}}, 'email': 'rosanna.renaud@example.com', 'login': {'uuid': 'ddcbc072-9409-41ef-81f0-26d2be1f634f', 'username': 'beautifuldog476', 'password': 'wowwow', 'salt': 'raKf48rf', 'md5': 'f24f660d20cdb47a31268f28114844c7', 'sha1': '742f5d6bda708ffae90966939beaaf927838d20b', 'sha256': '12768dffe85736f0a097baea9809a900201bb65fad85505d677dd57e71b8c243'}, 'dob': {'date': '1993-08-24T05:14:06.193Z', 'age': 30}, 'registered': {'date': '2004-09-30T23:53:22.714Z', 'age': 19}, 'phone': '079 313 95 50', 'cell': '078 767 31 05', 'id': {'name': 'AVS', 'value': '756.6444.0123.00'}, 'picture': {'large': 'https://randomuser.me/api/portraits/women/71.jpg', 'medium': 'https://randomuser.me/api/portraits/med/women/71.jpg', 'thumbnail': 'https://randomuser.me/api/portraits/thumb/women/71.jpg'}, 'nat': 'CH'}], 'info': {'seed': 'ba2e58747302fd74', 'results': 1, 'page': 1, 'version': '1.4'}}</msg>
<arg>${json_data}</arg>
<doc>Logs the given message with the given level.</doc>
<status status="PASS" start="2024-05-29T21:13:36.337479" elapsed="0.000227"/>
</kw>
<kw name="Dictionary Should Contain Key" owner="Collections">
<msg time="2024-05-29T21:13:36.338170" level="INFO">False</msg>
<arg>${json_data}</arg>
<arg>results</arg>
<doc>Fails if ``key`` is not found from ``dictionary``.</doc>
<status status="PASS" start="2024-05-29T21:13:36.338010" elapsed="0.000197"/>
</kw>
<kw name="Should Not Be Empty" owner="BuiltIn">
<msg time="2024-05-29T21:13:36.338642" level="INFO">Length is 2.</msg>
<arg>${json_data}</arg>
<doc>Verifies that the given item is not empty.</doc>
<status status="PASS" start="2024-05-29T21:13:36.338508" elapsed="0.000172"/>
</kw>
<kw name="Create List" owner="BuiltIn">
<msg time="2024-05-29T21:13:36.339272" level="INFO">${expected_keys} = ['gender', 'name', 'location', 'email', 'login']</msg>
<var>${expected_keys}</var>
<arg>gender</arg>
<arg>name</arg>
<arg>location</arg>
<arg>email</arg>
<arg>login</arg>
<doc>Returns a list containing given items.</doc>
<status status="PASS" start="2024-05-29T21:13:36.338970" elapsed="0.000328"/>
</kw>
<for flavor="IN">
<iter>
<kw name="Dictionary Should Contain Key" owner="Collections">
<msg time="2024-05-29T21:13:36.340336" level="INFO">False</msg>
<arg>${json_data['results'][0]}</arg>
<arg>${key}</arg>
<doc>Fails if ``key`` is not found from ``dictionary``.</doc>
<status status="PASS" start="2024-05-29T21:13:36.339934" elapsed="0.000440"/>
</kw>
<kw name="Log" owner="BuiltIn">
<msg time="2024-05-29T21:13:36.341047" level="INFO">{'gender': 'female', 'name': {'title': 'Madame', 'first': 'Rosanna', 'last': 'Renaud'}, 'location': {'street': {'number': 7961, 'name': 'Avenue des Ternes'}, 'city': 'Le Cerneux-Péquignot', 'state': 'Basel-Stadt', 'country': 'Switzerland', 'postcode': 1707, 'coordinates': {'latitude': '-56.9485', 'longitude': '135.1660'}, 'timezone': {'offset': '+5:00', 'description': 'Ekaterinburg, Islamabad, Karachi, Tashkent'}}, 'email': 'rosanna.renaud@example.com', 'login': {'uuid': 'ddcbc072-9409-41ef-81f0-26d2be1f634f', 'username': 'beautifuldog476', 'password': 'wowwow', 'salt': 'raKf48rf', 'md5': 'f24f660d20cdb47a31268f28114844c7', 'sha1': '742f5d6bda708ffae90966939beaaf927838d20b', 'sha256': '12768dffe85736f0a097baea9809a900201bb65fad85505d677dd57e71b8c243'}, 'dob': {'date': '1993-08-24T05:14:06.193Z', 'age': 30}, 'registered': {'date': '2004-09-30T23:53:22.714Z', 'age': 19}, 'phone': '079 313 95 50', 'cell': '078 767 31 05', 'id': {'name': 'AVS', 'value': '756.6444.0123.00'}, 'picture': {'large': 'https://randomuser.me/api/portraits/women/71.jpg', 'medium': 'https://randomuser.me/api/portraits/med/women/71.jpg', 'thumbnail': 'https://randomuser.me/api/portraits/thumb/women/71.jpg'}, 'nat': 'CH'}</msg>
<arg>${json_data['results'][0]}</arg>
<doc>Logs the given message with the given level.</doc>
<status status="PASS" start="2024-05-29T21:13:36.340674" elapsed="0.000424"/>
</kw>
<kw name="Log" owner="BuiltIn">
<msg time="2024-05-29T21:13:36.341538" level="INFO">gender</msg>
<arg>${key}</arg>
<doc>Logs the given message with the given level.</doc>
<status status="PASS" start="2024-05-29T21:13:36.341397" elapsed="0.000179"/>
</kw>
<var name="${key}">gender</var>
<status status="PASS" start="2024-05-29T21:13:36.339775" elapsed="0.002019"/>
</iter>
<iter>
<kw name="Dictionary Should Contain Key" owner="Collections">
<msg time="2024-05-29T21:13:36.342517" level="INFO">False</msg>
<arg>${json_data['results'][0]}</arg>
<arg>${key}</arg>
<doc>Fails if ``key`` is not found from ``dictionary``.</doc>
<status status="PASS" start="2024-05-29T21:13:36.342097" elapsed="0.000458"/>
</kw>
<kw name="Log" owner="BuiltIn">
<msg time="2024-05-29T21:13:36.343217" level="INFO">{'gender': 'female', 'name': {'title': 'Madame', 'first': 'Rosanna', 'last': 'Renaud'}, 'location': {'street': {'number': 7961, 'name': 'Avenue des Ternes'}, 'city': 'Le Cerneux-Péquignot', 'state': 'Basel-Stadt', 'country': 'Switzerland', 'postcode': 1707, 'coordinates': {'latitude': '-56.9485', 'longitude': '135.1660'}, 'timezone': {'offset': '+5:00', 'description': 'Ekaterinburg, Islamabad, Karachi, Tashkent'}}, 'email': 'rosanna.renaud@example.com', 'login': {'uuid': 'ddcbc072-9409-41ef-81f0-26d2be1f634f', 'username': 'beautifuldog476', 'password': 'wowwow', 'salt': 'raKf48rf', 'md5': 'f24f660d20cdb47a31268f28114844c7', 'sha1': '742f5d6bda708ffae90966939beaaf927838d20b', 'sha256': '12768dffe85736f0a097baea9809a900201bb65fad85505d677dd57e71b8c243'}, 'dob': {'date': '1993-08-24T05:14:06.193Z', 'age': 30}, 'registered': {'date': '2004-09-30T23:53:22.714Z', 'age': 19}, 'phone': '079 313 95 50', 'cell': '078 767 31 05', 'id': {'name': 'AVS', 'value': '756.6444.0123.00'}, 'picture': {'large': 'https://randomuser.me/api/portraits/women/71.jpg', 'medium': 'https://randomuser.me/api/portraits/med/women/71.jpg', 'thumbnail': 'https://randomuser.me/api/portraits/thumb/women/71.jpg'}, 'nat': 'CH'}</msg>
<arg>${json_data['results'][0]}</arg>
<doc>Logs the given message with the given level.</doc>
<status status="PASS" start="2024-05-29T21:13:36.342857" elapsed="0.000411"/>
</kw>
<kw name="Log" owner="BuiltIn">
<msg time="2024-05-29T21:13:36.343690" level="INFO">name</msg>
<arg>${key}</arg>
<doc>Logs the given message with the given level.</doc>
<status status="PASS" start="2024-05-29T21:13:36.343564" elapsed="0.000164"/>
</kw>
<var name="${key}">name</var>
<status status="PASS" start="2024-05-29T21:13:36.341982" elapsed="0.001985"/>
</iter>
<iter>
<kw name="Dictionary Should Contain Key" owner="Collections">
<msg time="2024-05-29T21:13:36.344642" level="INFO">False</msg>
<arg>${json_data['results'][0]}</arg>
<arg>${key}</arg>
<doc>Fails if ``key`` is not found from ``dictionary``.</doc>
<status status="PASS" start="2024-05-29T21:13:36.344264" elapsed="0.000415"/>
</kw>
<kw name="Log" owner="BuiltIn">
<msg time="2024-05-29T21:13:36.345338" level="INFO">{'gender': 'female', 'name': {'title': 'Madame', 'first': 'Rosanna', 'last': 'Renaud'}, 'location': {'street': {'number': 7961, 'name': 'Avenue des Ternes'}, 'city': 'Le Cerneux-Péquignot', 'state': 'Basel-Stadt', 'country': 'Switzerland', 'postcode': 1707, 'coordinates': {'latitude': '-56.9485', 'longitude': '135.1660'}, 'timezone': {'offset': '+5:00', 'description': 'Ekaterinburg, Islamabad, Karachi, Tashkent'}}, 'email': 'rosanna.renaud@example.com', 'login': {'uuid': 'ddcbc072-9409-41ef-81f0-26d2be1f634f', 'username': 'beautifuldog476', 'password': 'wowwow', 'salt': 'raKf48rf', 'md5': 'f24f660d20cdb47a31268f28114844c7', 'sha1': '742f5d6bda708ffae90966939beaaf927838d20b', 'sha256': '12768dffe85736f0a097baea9809a900201bb65fad85505d677dd57e71b8c243'}, 'dob': {'date': '1993-08-24T05:14:06.193Z', 'age': 30}, 'registered': {'date': '2004-09-30T23:53:22.714Z', 'age': 19}, 'phone': '079 313 95 50', 'cell': '078 767 31 05', 'id': {'name': 'AVS', 'value': '756.6444.0123.00'}, 'picture': {'large': 'https://randomuser.me/api/portraits/women/71.jpg', 'medium': 'https://randomuser.me/api/portraits/med/women/71.jpg', 'thumbnail': 'https://randomuser.me/api/portraits/thumb/women/71.jpg'}, 'nat': 'CH'}</msg>
<arg>${json_data['results'][0]}</arg>
<doc>Logs the given message with the given level.</doc>
<status status="PASS" start="2024-05-29T21:13:36.344976" elapsed="0.000412"/>
</kw>
<kw name="Log" owner="BuiltIn">
<msg time="2024-05-29T21:13:36.345822" level="INFO">location</msg>
<arg>${key}</arg>
<doc>Logs the given message with the given level.</doc>
<status status="PASS" start="2024-05-29T21:13:36.345695" elapsed="0.000165"/>
</kw>
<var name="${key}">location</var>
<status status="PASS" start="2024-05-29T21:13:36.344151" elapsed="0.001923"/>
</iter>
<iter>
<kw name="Dictionary Should Contain Key" owner="Collections">
<msg time="2024-05-29T21:13:36.346762" level="INFO">False</msg>
<arg>${json_data['results'][0]}</arg>
<arg>${key}</arg>
<doc>Fails if ``key`` is not found from ``dictionary``.</doc>
<status status="PASS" start="2024-05-29T21:13:36.346367" elapsed="0.000432"/>
</kw>
<kw name="Log" owner="BuiltIn">
<msg time="2024-05-29T21:13:36.347460" level="INFO">{'gender': 'female', 'name': {'title': 'Madame', 'first': 'Rosanna', 'last': 'Renaud'}, 'location': {'street': {'number': 7961, 'name': 'Avenue des Ternes'}, 'city': 'Le Cerneux-Péquignot', 'state': 'Basel-Stadt', 'country': 'Switzerland', 'postcode': 1707, 'coordinates': {'latitude': '-56.9485', 'longitude': '135.1660'}, 'timezone': {'offset': '+5:00', 'description': 'Ekaterinburg, Islamabad, Karachi, Tashkent'}}, 'email': 'rosanna.renaud@example.com', 'login': {'uuid': 'ddcbc072-9409-41ef-81f0-26d2be1f634f', 'username': 'beautifuldog476', 'password': 'wowwow', 'salt': 'raKf48rf', 'md5': 'f24f660d20cdb47a31268f28114844c7', 'sha1': '742f5d6bda708ffae90966939beaaf927838d20b', 'sha256': '12768dffe85736f0a097baea9809a900201bb65fad85505d677dd57e71b8c243'}, 'dob': {'date': '1993-08-24T05:14:06.193Z', 'age': 30}, 'registered': {'date': '2004-09-30T23:53:22.714Z', 'age': 19}, 'phone': '079 313 95 50', 'cell': '078 767 31 05', 'id': {'name': 'AVS', 'value': '756.6444.0123.00'}, 'picture': {'large': 'https://randomuser.me/api/portraits/women/71.jpg', 'medium': 'https://randomuser.me/api/portraits/med/women/71.jpg', 'thumbnail': 'https://randomuser.me/api/portraits/thumb/women/71.jpg'}, 'nat': 'CH'}</msg>
<arg>${json_data['results'][0]}</arg>
<doc>Logs the given message with the given level.</doc>
<status status="PASS" start="2024-05-29T21:13:36.347094" elapsed="0.000416"/>
</kw>
<kw name="Log" owner="BuiltIn">
<msg time="2024-05-29T21:13:36.347980" level="INFO">email</msg>
<arg>${key}</arg>
<doc>Logs the given message with the given level.</doc>
<status status="PASS" start="2024-05-29T21:13:36.347843" elapsed="0.000174"/>
</kw>
<var name="${key}">email</var>
<status status="PASS" start="2024-05-29T21:13:36.346247" elapsed="0.001985"/>
</iter>
<iter>
<kw name="Dictionary Should Contain Key" owner="Collections">
<msg time="2024-05-29T21:13:36.348905" level="INFO">False</msg>
<arg>${json_data['results'][0]}</arg>
<arg>${key}</arg>
<doc>Fails if ``key`` is not found from ``dictionary``.</doc>
<status status="PASS" start="2024-05-29T21:13:36.348517" elapsed="0.000426"/>
</kw>
<kw name="Log" owner="BuiltIn">
<msg time="2024-05-29T21:13:36.349597" level="INFO">{'gender': 'female', 'name': {'title': 'Madame', 'first': 'Rosanna', 'last': 'Renaud'}, 'location': {'street': {'number': 7961, 'name': 'Avenue des Ternes'}, 'city': 'Le Cerneux-Péquignot', 'state': 'Basel-Stadt', 'country': 'Switzerland', 'postcode': 1707, 'coordinates': {'latitude': '-56.9485', 'longitude': '135.1660'}, 'timezone': {'offset': '+5:00', 'description': 'Ekaterinburg, Islamabad, Karachi, Tashkent'}}, 'email': 'rosanna.renaud@example.com', 'login': {'uuid': 'ddcbc072-9409-41ef-81f0-26d2be1f634f', 'username': 'beautifuldog476', 'password': 'wowwow', 'salt': 'raKf48rf', 'md5': 'f24f660d20cdb47a31268f28114844c7', 'sha1': '742f5d6bda708ffae90966939beaaf927838d20b', 'sha256': '12768dffe85736f0a097baea9809a900201bb65fad85505d677dd57e71b8c243'}, 'dob': {'date': '1993-08-24T05:14:06.193Z', 'age': 30}, 'registered': {'date': '2004-09-30T23:53:22.714Z', 'age': 19}, 'phone': '079 313 95 50', 'cell': '078 767 31 05', 'id': {'name': 'AVS', 'value': '756.6444.0123.00'}, 'picture': {'large': 'https://randomuser.me/api/portraits/women/71.jpg', 'medium': 'https://randomuser.me/api/portraits/med/women/71.jpg', 'thumbnail': 'https://randomuser.me/api/portraits/thumb/women/71.jpg'}, 'nat': 'CH'}</msg>
<arg>${json_data['results'][0]}</arg>
<doc>Logs the given message with the given level.</doc>
<status status="PASS" start="2024-05-29T21:13:36.349237" elapsed="0.000411"/>
</kw>
<kw name="Log" owner="BuiltIn">
<msg time="2024-05-29T21:13:36.350102" level="INFO">login</msg>
<arg>${key}</arg>
<doc>Logs the given message with the given level.</doc>
<status status="PASS" start="2024-05-29T21:13:36.349971" elapsed="0.000169"/>
</kw>
<var name="${key}">login</var>
<status status="PASS" start="2024-05-29T21:13:36.348406" elapsed="0.001959"/>
</iter>
<var>${key}</var>
<value>@{expected_keys}</value>
<status status="PASS" start="2024-05-29T21:13:36.339571" elapsed="0.010917"/>
</for>
<kw name="Create List" owner="BuiltIn">
<msg time="2024-05-29T21:13:36.350821" level="INFO">${expected_keysTwo} = ['username', 'password']</msg>
<var>${expected_keysTwo}</var>
<arg>username</arg>
<arg>password</arg>
<doc>Returns a list containing given items.</doc>
<status status="PASS" start="2024-05-29T21:13:36.350682" elapsed="0.000163"/>
</kw>
<for flavor="IN">
<iter>
<kw name="Dictionary Should Contain Key" owner="Collections">
<msg time="2024-05-29T21:13:36.351722" level="INFO">False</msg>
<arg>${json_data['results'][0]['login']}</arg>
<arg>${keyTwo}</arg>
<doc>Fails if ``key`` is not found from ``dictionary``.</doc>
<status status="PASS" start="2024-05-29T21:13:36.351338" elapsed="0.000420"/>
</kw>
<kw name="Dictionary Should Contain Key" owner="Collections">
<msg time="2024-05-29T21:13:36.352461" level="INFO">False</msg>
<arg>${json_data['results'][0]['login']}</arg>
<arg>${keyTwo}</arg>
<doc>Fails if ``key`` is not found from ``dictionary``.</doc>
<status status="PASS" start="2024-05-29T21:13:36.352073" elapsed="0.000425"/>
</kw>
<kw name="Log" owner="BuiltIn">
<msg time="2024-05-29T21:13:36.352924" level="INFO">username</msg>
<arg>${keyTwo}</arg>
<doc>Logs the given message with the given level.</doc>
<status status="PASS" start="2024-05-29T21:13:36.352795" elapsed="0.000167"/>
</kw>
<var name="${keyTwo}">username</var>
<status status="PASS" start="2024-05-29T21:13:36.351229" elapsed="0.001949"/>
</iter>
<iter>
<kw name="Dictionary Should Contain Key" owner="Collections">
<msg time="2024-05-29T21:13:36.353834" level="INFO">False</msg>
<arg>${json_data['results'][0]['login']}</arg>
<arg>${keyTwo}</arg>
<doc>Fails if ``key`` is not found from ``dictionary``.</doc>
<status status="PASS" start="2024-05-29T21:13:36.353457" elapsed="0.000414"/>
</kw>
<kw name="Dictionary Should Contain Key" owner="Collections">
<msg time="2024-05-29T21:13:36.354631" level="INFO">False</msg>
<arg>${json_data['results'][0]['login']}</arg>
<arg>${keyTwo}</arg>
<doc>Fails if ``key`` is not found from ``dictionary``.</doc>
<status status="PASS" start="2024-05-29T21:13:36.354161" elapsed="0.000508"/>
</kw>
<kw name="Log" owner="BuiltIn">
<msg time="2024-05-29T21:13:36.355096" level="INFO">password</msg>
<arg>${keyTwo}</arg>
<doc>Logs the given message with the given level.</doc>
<status status="PASS" start="2024-05-29T21:13:36.354967" elapsed="0.000168"/>
</kw>
<var name="${keyTwo}">password</var>
<status status="PASS" start="2024-05-29T21:13:36.353347" elapsed="0.002002"/>
</iter>
<var>${keyTwo}</var>
<value>@{expected_keysTwo}</value>
<status status="PASS" start="2024-05-29T21:13:36.351079" elapsed="0.004390"/>
</for>
<status status="PASS" start="2024-05-29T21:13:36.240318" elapsed="0.115291"/>
</kw>
<doc>Testa a estrutura da resposta da API.</doc>
<tag>testeEstruturaResposta</tag>
<status status="PASS" start="2024-05-29T21:13:36.239533" elapsed="0.116232"/>
</test>
<test id="s1-s1-t4" name="Validar tipos de dados" line="28">
<kw name="Teste de Tipos de Dados" owner="random-user-service">
<kw name="GET On Session" owner="RequestsLibrary">
<msg time="2024-05-29T21:13:36.426845" level="INFO">GET Request : url=https://randomuser.me/api 
 path_url=/api 
 headers={'User-Agent': 'python-requests/2.32.3', 'Accept-Encoding': 'gzip, deflate', 'Accept': '*/*', 'Connection': 'keep-alive'} 
 body=None 
 </msg>
<msg time="2024-05-29T21:13:36.426958" level="INFO">GET Response : url=https://randomuser.me/api 
 status=200, reason=OK 
 headers={'Date': 'Wed, 29 May 2024 21:13:36 GMT', 'Content-Type': 'application/json; charset=utf-8', 'Transfer-Encoding': 'chunked', 'Connection': 'keep-alive', 'X-Powered-By': 'Express', 'Access-Control-Allow-Origin': '*', 'Cache-Control': 'no-cache', 'ETag': 'W/"49e-uubdT5O93rnEHKWdUEeMQef6dlI"', 'Vary': 'Accept-Encoding', 'Content-Encoding': 'gzip', 'CF-Cache-Status': 'DYNAMIC', 'Report-To': '{"endpoints":[{"url":"https:\\/\\/a.nel.cloudflare.com\\/report\\/v4?s=SKUhcrh%2FEA%2FH78sRllbO1JMN41PG9gMJudMziQzdeFEq94aDFVXBJm1sJn3Ni9SlXqK32vKj8kIiPs0YntEiZaZvX%2BeC4J7%2FTcsKfI4SjrpTVZFiVgIPUu7diJjj8M4x"}],"group":"cf-nel","max_age":604800}', 'NEL': '{"success_fraction":0,"report_to":"cf-nel","max_age":604800}', 'Server': 'cloudflare', 'CF-RAY': '88b97d423e4a3b96-IAD', 'alt-svc': 'h3=":443"; ma=86400'} 
 body={"results":[{"gender":"female","name":{"title":"Mrs","first":"Rosario","last":"Guerrero"},"location":{"street":{"number":3380,"name":"Avenida de Andalucía"},"city":"Pamplona","state":"Ceuta","country":"Spain","postcode":44574,"coordinates":{"latitude":"-35.7829","longitude":"43.8663"},"timezone":{"offset":"+3:00","description":"Baghdad, Riyadh, Moscow, St. Petersburg"}},"email":"rosario.guerrero@example.com","login":{"uuid":"d57850a6-6843-4a28-90cc-b354d1362e26","username":"silverpanda323","password":"rudy","salt":"HqpMiGLc","md5":"6fbc7c73708c7acfd57e7d489ac7fdb8","sha1":"5c08053f2e8bc5b6307588e6f77096614d72d1da","sha256":"cfa7e53a5ec1a247b11d9370764cb77eb890ef619634fb91b9359fa8f9d0fb66"},"dob":{"date":"1964-01-02T13:44:01.830Z","age":60},"registered":{"date":"2008-06-25T00:57:10.184Z","age":15},"phone":"912-318-142","cell":"626-130-707","id":{"name":"DNI","value":"97919374-Y"},"picture":{"large":"https://randomuser.me/api/portraits/women/82.jpg","medium":"https://randomuser.me/api/portraits/med/women/82.jpg","thumbnail":"https://randomuser.me/api/portraits/thumb/women/82.jpg"},"nat":"ES"}],"info":{"seed":"e1e53758a3729dfd","results":1,"page":1,"version":"1.4"}} 
 </msg>
<msg time="2024-05-29T21:13:36.427041" level="INFO">/opt/hostedtoolcache/Python/3.12.3/x64/lib/python3.12/site-packages/urllib3/connectionpool.py:1103: InsecureRequestWarning: Unverified HTTPS request is being made to host 'randomuser.me'. Adding certificate verification is strongly advised. See: https://urllib3.readthedocs.io/en/latest/advanced-usage.html#tls-warnings
  warnings.warn(</msg>
<msg time="2024-05-29T21:13:36.427204" level="INFO">${response} = &lt;Response [200]&gt;</msg>
<var>${response}</var>
<arg>consultarAPI</arg>
<arg>/api</arg>
<doc>Sends a GET request on a previously created HTTP Session.</doc>
<status status="PASS" start="2024-05-29T21:13:36.358218" elapsed="0.069040"/>
</kw>
<kw name="Set Variable" owner="BuiltIn">
<msg time="2024-05-29T21:13:36.428379" level="INFO">${json_data} = {'results': [{'gender': 'female', 'name': {'title': 'Mrs', 'first': 'Rosario', 'last': 'Guerrero'}, 'location': {'street': {'number': 3380, 'name': 'Avenida de Andalucía'}, 'city': 'Pamplona', 'state'...</msg>
<var>${json_data}</var>
<arg>${response.json()}</arg>
<doc>Returns the given values which can then be assigned to a variables.</doc>
<status status="PASS" start="2024-05-29T21:13:36.427840" elapsed="0.000568"/>
</kw>
<kw name="Log" owner="BuiltIn">
<msg time="2024-05-29T21:13:36.428878" level="INFO">{'results': [{'gender': 'female', 'name': {'title': 'Mrs', 'first': 'Rosario', 'last': 'Guerrero'}, 'location': {'street': {'number': 3380, 'name': 'Avenida de Andalucía'}, 'city': 'Pamplona', 'state': 'Ceuta', 'country': 'Spain', 'postcode': 44574, 'coordinates': {'latitude': '-35.7829', 'longitude': '43.8663'}, 'timezone': {'offset': '+3:00', 'description': 'Baghdad, Riyadh, Moscow, St. Petersburg'}}, 'email': 'rosario.guerrero@example.com', 'login': {'uuid': 'd57850a6-6843-4a28-90cc-b354d1362e26', 'username': 'silverpanda323', 'password': 'rudy', 'salt': 'HqpMiGLc', 'md5': '6fbc7c73708c7acfd57e7d489ac7fdb8', 'sha1': '5c08053f2e8bc5b6307588e6f77096614d72d1da', 'sha256': 'cfa7e53a5ec1a247b11d9370764cb77eb890ef619634fb91b9359fa8f9d0fb66'}, 'dob': {'date': '1964-01-02T13:44:01.830Z', 'age': 60}, 'registered': {'date': '2008-06-25T00:57:10.184Z', 'age': 15}, 'phone': '912-318-142', 'cell': '626-130-707', 'id': {'name': 'DNI', 'value': '97919374-Y'}, 'picture': {'large': 'https://randomuser.me/api/portraits/women/82.jpg', 'medium': 'https://randomuser.me/api/portraits/med/women/82.jpg', 'thumbnail': 'https://randomuser.me/api/portraits/thumb/women/82.jpg'}, 'nat': 'ES'}], 'info': {'seed': 'e1e53758a3729dfd', 'results': 1, 'page': 1, 'version': '1.4'}}</msg>
<arg>${json_data}</arg>
<doc>Logs the given message with the given level.</doc>
<status status="PASS" start="2024-05-29T21:13:36.428716" elapsed="0.000249"/>
</kw>
<kw name="Should Be String" owner="String">
<arg>${json_data['results'][0]['gender']}</arg>
<doc>Fails if the given ``item`` is not a string.</doc>
<status status="PASS" start="2024-05-29T21:13:36.429282" elapsed="0.000364"/>
</kw>
<kw name="Should Match Regexp" owner="BuiltIn">
<arg>${json_data['results'][0]['email']}</arg>
<arg>^[a-zA-Z0-9._%+-]+@[a-zA-Z0-9.-]+\.[a-zA-Z]{2,}$</arg>
<doc>Fails if ``string`` does not match ``pattern`` as a regular expression.</doc>
<status status="PASS" start="2024-05-29T21:13:36.429837" elapsed="0.000527"/>
</kw>
<kw name="Should Match Regexp" owner="BuiltIn">
<arg>${json_data['results'][0]['dob']['date']}</arg>
<arg>\\d{4}-\\d{2}-\\d{2}T\\d{2}:\\d{2}:\\d{2}\\.\\d{3}Z</arg>
<doc>Fails if ``string`` does not match ``pattern`` as a regular expression.</doc>
<status status="PASS" start="2024-05-29T21:13:36.430563" elapsed="0.000484"/>
</kw>
<kw name="Should Match Regexp" owner="BuiltIn">
<arg>${json_data['results'][0]['registered']['date']}</arg>
<arg>\\d{4}-\\d{2}-\\d{2}T\\d{2}:\\d{2}:\\d{2}\\.\\d{3}Z</arg>
<doc>Fails if ``string`` does not match ``pattern`` as a regular expression.</doc>
<status status="PASS" start="2024-05-29T21:13:36.431240" elapsed="0.000376"/>
</kw>
<kw name="Should Match Regexp" owner="BuiltIn">
<arg>${json_data['results'][0]['picture']['large']}</arg>
<arg>^https?://.*\.(?:png|jpe?g|gif|bmp)$</arg>
<doc>Fails if ``string`` does not match ``pattern`` as a regular expression.</doc>
<status status="PASS" start="2024-05-29T21:13:36.431835" elapsed="0.000476"/>
</kw>
<kw name="Should Match Regexp" owner="BuiltIn">
<arg>${json_data['results'][0]['picture']['medium']}</arg>
<arg>^https?://.*\.(?:png|jpe?g|gif|bmp)$</arg>
<doc>Fails if ``string`` does not match ``pattern`` as a regular expression.</doc>
<status status="PASS" start="2024-05-29T21:13:36.432504" elapsed="0.000356"/>
</kw>
<kw name="Should Match Regexp" owner="BuiltIn">
<arg>${json_data['results'][0]['picture']['thumbnail']}</arg>
<arg>^https?://.*\.(?:png|jpe?g|gif|bmp)$</arg>
<doc>Fails if ``string`` does not match ``pattern`` as a regular expression.</doc>
<status status="PASS" start="2024-05-29T21:13:36.433051" elapsed="0.000353"/>
</kw>
<kw name="Log" owner="BuiltIn">
<msg time="2024-05-29T21:13:36.433928" level="INFO">{'large': 'https://randomuser.me/api/portraits/women/82.jpg', 'medium': 'https://randomuser.me/api/portraits/med/women/82.jpg', 'thumbnail': 'https://randomuser.me/api/portraits/thumb/women/82.jpg'}</msg>
<arg>${json_data['results'][0]['picture']}</arg>
<doc>Logs the given message with the given level.</doc>
<status status="PASS" start="2024-05-29T21:13:36.433599" elapsed="0.000372"/>
</kw>
<status status="PASS" start="2024-05-29T21:13:36.357990" elapsed="0.076243"/>
</kw>
<kw name="Teste de Tipos de Dados - Postcode" owner="random-user-service">
<kw name="GET On Session" owner="RequestsLibrary">
<msg time="2024-05-29T21:13:36.535497" level="INFO">GET Request : url=https://randomuser.me/api 
 path_url=/api 
 headers={'User-Agent': 'python-requests/2.32.3', 'Accept-Encoding': 'gzip, deflate', 'Accept': '*/*', 'Connection': 'keep-alive'} 
 body=None 
 </msg>
<msg time="2024-05-29T21:13:36.535595" level="INFO">GET Response : url=https://randomuser.me/api 
 status=200, reason=OK 
 headers={'Date': 'Wed, 29 May 2024 21:13:36 GMT', 'Content-Type': 'application/json; charset=utf-8', 'Transfer-Encoding': 'chunked', 'Connection': 'keep-alive', 'X-Powered-By': 'Express', 'Access-Control-Allow-Origin': '*', 'Cache-Control': 'no-cache', 'ETag': 'W/"487-UBDxGU+spNqVfpwGuLhqEuFahMs"', 'Vary': 'Accept-Encoding', 'Content-Encoding': 'gzip', 'CF-Cache-Status': 'DYNAMIC', 'Report-To': '{"endpoints":[{"url":"https:\\/\\/a.nel.cloudflare.com\\/report\\/v4?s=j%2FpwLBvt0egaEQNT9pqDpS70jnImsbQNTYvL%2FSrcoqiCdMfRiJC6WY78tMhUgjuqGED7B8Ig2huYwIs8ASN6dXi8ZPz%2BHq7aguJUFXbRZfLKJryPPEiP8agDwL6fUxZA"}],"group":"cf-nel","max_age":604800}', 'NEL': '{"success_fraction":0,"report_to":"cf-nel","max_age":604800}', 'Server': 'cloudflare', 'CF-RAY': '88b97d42bf3b3b96-IAD', 'alt-svc': 'h3=":443"; ma=86400'} 
 body={"results":[{"gender":"female","name":{"title":"Mrs","first":"Eleanor","last":"Kennedy"},"location":{"street":{"number":3134,"name":"Avondale Ave"},"city":"Tucson","state":"New Hampshire","country":"United States","postcode":52946,"coordinates":{"latitude":"89.9180","longitude":"147.4546"},"timezone":{"offset":"+4:30","description":"Kabul"}},"email":"eleanor.kennedy@example.com","login":{"uuid":"478a50e9-7e07-47f6-95d1-eee4c9a386f3","username":"bigtiger943","password":"snoopdog","salt":"4cDC8Axv","md5":"4e7a469882ea10d2f87efa7a6c5ccd69","sha1":"49e152619d76288119a1de8529122c157202a88e","sha256":"07f256c690496c31efc3d5556de54d4345898b63507bc4eb865971f7bc6e99d8"},"dob":{"date":"1996-07-02T16:47:03.496Z","age":27},"registered":{"date":"2008-04-10T16:55:17.817Z","age":16},"phone":"(662) 639-2508","cell":"(651) 717-8251","id":{"name":"SSN","value":"089-43-5391"},"picture":{"large":"https://randomuser.me/api/portraits/women/73.jpg","medium":"https://randomuser.me/api/portraits/med/women/73.jpg","thumbnail":"https://randomuser.me/api/portraits/thumb/women/73.jpg"},"nat":"US"}],"info":{"seed":"380eae999923623c","results":1,"page":1,"version":"1.4"}} 
 </msg>
<msg time="2024-05-29T21:13:36.535668" level="INFO">/opt/hostedtoolcache/Python/3.12.3/x64/lib/python3.12/site-packages/urllib3/connectionpool.py:1103: InsecureRequestWarning: Unverified HTTPS request is being made to host 'randomuser.me'. Adding certificate verification is strongly advised. See: https://urllib3.readthedocs.io/en/latest/advanced-usage.html#tls-warnings
  warnings.warn(</msg>
<msg time="2024-05-29T21:13:36.535834" level="INFO">${response} = &lt;Response [200]&gt;</msg>
<var>${response}</var>
<arg>consultarAPI</arg>
<arg>/api</arg>
<doc>Sends a GET request on a previously created HTTP Session.</doc>
<status status="PASS" start="2024-05-29T21:13:36.434709" elapsed="0.101171"/>
</kw>
<kw name="Set Variable" owner="BuiltIn">
<msg time="2024-05-29T21:13:36.536920" level="INFO">${json_data} = {'results': [{'gender': 'female', 'name': {'title': 'Mrs', 'first': 'Eleanor', 'last': 'Kennedy'}, 'location': {'street': {'number': 3134, 'name': 'Avondale Ave'}, 'city': 'Tucson', 'state': 'New Hamp...</msg>
<var>${json_data}</var>
<arg>${response.json()}</arg>
<doc>Returns the given values which can then be assigned to a variables.</doc>
<status status="PASS" start="2024-05-29T21:13:36.536385" elapsed="0.000565"/>
</kw>
<kw name="Log" owner="BuiltIn">
<msg time="2024-05-29T21:13:36.537414" level="INFO">{'results': [{'gender': 'female', 'name': {'title': 'Mrs', 'first': 'Eleanor', 'last': 'Kennedy'}, 'location': {'street': {'number': 3134, 'name': 'Avondale Ave'}, 'city': 'Tucson', 'state': 'New Hampshire', 'country': 'United States', 'postcode': 52946, 'coordinates': {'latitude': '89.9180', 'longitude': '147.4546'}, 'timezone': {'offset': '+4:30', 'description': 'Kabul'}}, 'email': 'eleanor.kennedy@example.com', 'login': {'uuid': '478a50e9-7e07-47f6-95d1-eee4c9a386f3', 'username': 'bigtiger943', 'password': 'snoopdog', 'salt': '4cDC8Axv', 'md5': '4e7a469882ea10d2f87efa7a6c5ccd69', 'sha1': '49e152619d76288119a1de8529122c157202a88e', 'sha256': '07f256c690496c31efc3d5556de54d4345898b63507bc4eb865971f7bc6e99d8'}, 'dob': {'date': '1996-07-02T16:47:03.496Z', 'age': 27}, 'registered': {'date': '2008-04-10T16:55:17.817Z', 'age': 16}, 'phone': '(662) 639-2508', 'cell': '(651) 717-8251', 'id': {'name': 'SSN', 'value': '089-43-5391'}, 'picture': {'large': 'https://randomuser.me/api/portraits/women/73.jpg', 'medium': 'https://randomuser.me/api/portraits/med/women/73.jpg', 'thumbnail': 'https://randomuser.me/api/portraits/thumb/women/73.jpg'}, 'nat': 'US'}], 'info': {'seed': '380eae999923623c', 'results': 1, 'page': 1, 'version': '1.4'}}</msg>
<arg>${json_data}</arg>
<doc>Logs the given message with the given level.</doc>
<status status="PASS" start="2024-05-29T21:13:36.537257" elapsed="0.000241"/>
</kw>
<kw name="Should Be Equal As Numbers" owner="BuiltIn">
<arg>${json_data['results'][0]['location']['postcode']}</arg>
<arg>${json_data['results'][0]['location']['postcode']}</arg>
<doc>Fails if objects are unequal after converting them to real numbers.</doc>
<status status="PASS" start="2024-05-29T21:13:36.537798" elapsed="0.000809"/>
</kw>
<kw name="Log" owner="BuiltIn">
<msg time="2024-05-29T21:13:36.539138" level="INFO">52946</msg>
<arg>${json_data['results'][0]['location']['postcode']}</arg>
<doc>Logs the given message with the given level.</doc>
<status status="PASS" start="2024-05-29T21:13:36.538801" elapsed="0.000377"/>
</kw>
<status status="PASS" start="2024-05-29T21:13:36.434465" elapsed="0.104972"/>
</kw>
<doc>Testa se os tipos de dados na resposta da API estão corretos.</doc>
<tag>testeTiposDados</tag>
<status status="PASS" start="2024-05-29T21:13:36.357542" elapsed="0.182066"/>
</test>
<test id="s1-s1-t5" name="Validar conteudo" line="35">
<kw name="Teste de Tipos de Conteudo" owner="random-user-service">
<kw name="GET On Session" owner="RequestsLibrary">
<msg time="2024-05-29T21:13:36.626743" level="INFO">GET Request : url=https://randomuser.me/api 
 path_url=/api 
 headers={'User-Agent': 'python-requests/2.32.3', 'Accept-Encoding': 'gzip, deflate', 'Accept': '*/*', 'Connection': 'keep-alive'} 
 body=None 
 </msg>
<msg time="2024-05-29T21:13:36.626828" level="INFO">GET Response : url=https://randomuser.me/api 
 status=200, reason=OK 
 headers={'Date': 'Wed, 29 May 2024 21:13:36 GMT', 'Content-Type': 'application/json; charset=utf-8', 'Transfer-Encoding': 'chunked', 'Connection': 'keep-alive', 'X-Powered-By': 'Express', 'Access-Control-Allow-Origin': '*', 'Cache-Control': 'no-cache', 'ETag': 'W/"482-Uz5Em7JRIkEuv6rgYS0aNePvYy0"', 'Vary': 'Accept-Encoding', 'Content-Encoding': 'gzip', 'CF-Cache-Status': 'DYNAMIC', 'Report-To': '{"endpoints":[{"url":"https:\\/\\/a.nel.cloudflare.com\\/report\\/v4?s=VRV3SwFTUQLkuChpmdL2jGLpQUqc51dF%2BWX1eqAoRRTDglJ5Y0aNR5DV%2B5fC3hg%2F9rssQ0tkGkt5o7pi8gsvCxf8%2BS%2BXtaXTLdAH9jGLSGH%2F5YqNFzDXTGlumUddjuJY"}],"group":"cf-nel","max_age":604800}', 'NEL': '{"success_fraction":0,"report_to":"cf-nel","max_age":604800}', 'Server': 'cloudflare', 'CF-RAY': '88b97d4368273b96-IAD', 'alt-svc': 'h3=":443"; ma=86400'} 
 body={"results":[{"gender":"male","name":{"title":"Mr","first":"Gabriel","last":"Robinson"},"location":{"street":{"number":7454,"name":"Plum St"},"city":"Mackay","state":"Tasmania","country":"Australia","postcode":4140,"coordinates":{"latitude":"-85.5726","longitude":"-167.7997"},"timezone":{"offset":"-1:00","description":"Azores, Cape Verde Islands"}},"email":"gabriel.robinson@example.com","login":{"uuid":"5c6ba8b0-aa4f-4f30-ba45-9edbcc3c503b","username":"brownfrog656","password":"pakistan","salt":"NPr99odB","md5":"442e3386779ca697a0e119dd5ab690cf","sha1":"ebe6aca837f3c7ed46253112287b3683577259ec","sha256":"ae7bc42bb535b346a5ac8f93bfb4a975c649b9e69f055cf22899784c8218a98a"},"dob":{"date":"1995-08-13T21:05:42.881Z","age":28},"registered":{"date":"2019-02-20T12:26:17.074Z","age":5},"phone":"07-7273-0278","cell":"0472-796-493","id":{"name":"TFN","value":"619683551"},"picture":{"large":"https://randomuser.me/api/portraits/men/71.jpg","medium":"https://randomuser.me/api/portraits/med/men/71.jpg","thumbnail":"https://randomuser.me/api/portraits/thumb/men/71.jpg"},"nat":"AU"}],"info":{"seed":"3407f2b7b2597dad","results":1,"page":1,"version":"1.4"}} 
 </msg>
<msg time="2024-05-29T21:13:36.626891" level="INFO">/opt/hostedtoolcache/Python/3.12.3/x64/lib/python3.12/site-packages/urllib3/connectionpool.py:1103: InsecureRequestWarning: Unverified HTTPS request is being made to host 'randomuser.me'. Adding certificate verification is strongly advised. See: https://urllib3.readthedocs.io/en/latest/advanced-usage.html#tls-warnings
  warnings.warn(</msg>
<msg time="2024-05-29T21:13:36.627015" level="INFO">${response} = &lt;Response [200]&gt;</msg>
<var>${response}</var>
<arg>consultarAPI</arg>
<arg>/api</arg>
<doc>Sends a GET request on a previously created HTTP Session.</doc>
<status status="PASS" start="2024-05-29T21:13:36.542187" elapsed="0.084872"/>
</kw>
<kw name="Set Variable" owner="BuiltIn">
<msg time="2024-05-29T21:13:36.628030" level="INFO">${json_data} = {'results': [{'gender': 'male', 'name': {'title': 'Mr', 'first': 'Gabriel', 'last': 'Robinson'}, 'location': {'street': {'number': 7454, 'name': 'Plum St'}, 'city': 'Mackay', 'state': 'Tasmania', 'cou...</msg>
<var>${json_data}</var>
<arg>${response.json()}</arg>
<doc>Returns the given values which can then be assigned to a variables.</doc>
<status status="PASS" start="2024-05-29T21:13:36.627492" elapsed="0.000570"/>
</kw>
<kw name="Set Variable" owner="BuiltIn">
<msg time="2024-05-29T21:13:36.628756" level="INFO">${name_title} = Mr</msg>
<var>${name_title}</var>
<arg>${json_data["results"][0]["name"]["title"]}</arg>
<doc>Returns the given values which can then be assigned to a variables.</doc>
<status status="PASS" start="2024-05-29T21:13:36.628370" elapsed="0.000412"/>
</kw>
<kw name="Create List" owner="BuiltIn">
<msg time="2024-05-29T21:13:36.629236" level="INFO">${allowed_titles} = ['Mr', 'Ms', 'Miss', 'Mrs', 'Madame', 'Monsieur']</msg>
<var>${allowed_titles}</var>
<arg>Mr</arg>
<arg>Ms</arg>
<arg>Miss</arg>
<arg>Mrs</arg>
<arg>Madame</arg>
<arg>Monsieur</arg>
<doc>Returns a list containing given items.</doc>
<status status="PASS" start="2024-05-29T21:13:36.629085" elapsed="0.000175"/>
</kw>
<kw name="List Should Contain Value" owner="Collections">
<msg time="2024-05-29T21:13:36.629744" level="INFO">False</msg>
<arg>${allowed_titles}</arg>
<arg>${name_title}</arg>
<doc>Fails if the ``value`` is not found from ``list``.</doc>
<status status="PASS" start="2024-05-29T21:13:36.629566" elapsed="0.000215"/>
</kw>
<kw name="Set Variable" owner="BuiltIn">
<msg time="2024-05-29T21:13:36.630457" level="INFO">${name_country} = AU</msg>
<var>${name_country}</var>
<arg>${json_data["results"][0]["nat"]}</arg>
<doc>Returns the given values which can then be assigned to a variables.</doc>
<status status="PASS" start="2024-05-29T21:13:36.630077" elapsed="0.000404"/>
</kw>
<kw name="Create List" owner="BuiltIn">
<msg time="2024-05-29T21:13:36.631376" level="INFO">${list_country} = ['AD', 'AE', 'AF', 'AG', 'AI', 'AL', 'AM', 'AO', 'AQ', 'AR', 'AS', 'AT', 'AU', 'AW', 'AX', 'AZ', 'BA', 'BB', 'BD', 'BE', 'BF', 'BG', 'BH', 'BI', 'BJ', 'BL', 'BM', 'BN', 'BO', 'BQ', 'BR', 'BS', 'BT', '...</msg>
<var>${list_country}</var>
<arg>AD</arg>
<arg>AE</arg>
<arg>AF</arg>
<arg>AG</arg>
<arg>AI</arg>
<arg>AL</arg>
<arg>AM</arg>
<arg>AO</arg>
<arg>AQ</arg>
<arg>AR</arg>
<arg>AS</arg>
<arg>AT</arg>
<arg>AU</arg>
<arg>AW</arg>
<arg>AX</arg>
<arg>AZ</arg>
<arg>BA</arg>
<arg>BB</arg>
<arg>BD</arg>
<arg>BE</arg>
<arg>BF</arg>
<arg>BG</arg>
<arg>BH</arg>
<arg>BI</arg>
<arg>BJ</arg>
<arg>BL</arg>
<arg>BM</arg>
<arg>BN</arg>
<arg>BO</arg>
<arg>BQ</arg>
<arg>BR</arg>
<arg>BS</arg>
<arg>BT</arg>
<arg>BV</arg>
<arg>BW</arg>
<arg>BY</arg>
<arg>BZ</arg>
<arg>CA</arg>
<arg>CC</arg>
<arg>CD</arg>
<arg>CF</arg>
<arg>CG</arg>
<arg>CH</arg>
<arg>CI</arg>
<arg>CK</arg>
<arg>CL</arg>
<arg>CM</arg>
<arg>CN</arg>
<arg>CO</arg>
<arg>CR</arg>
<arg>CU</arg>
<arg>CV</arg>
<arg>CW</arg>
<arg>CX</arg>
<arg>CY</arg>
<arg>CZ</arg>
<arg>DE</arg>
<arg>DJ</arg>
<arg>DK</arg>
<arg>DM</arg>
<arg>DO</arg>
<arg>DZ</arg>
<arg>EC</arg>
<arg>EE</arg>
<arg>EG</arg>
<arg>EH</arg>
<arg>ER</arg>
<arg>ES</arg>
<arg>ET</arg>
<arg>FI</arg>
<arg>FJ</arg>
<arg>FK</arg>
<arg>FM</arg>
<arg>FO</arg>
<arg>FR</arg>
<arg>GA</arg>
<arg>GB</arg>
<arg>GD</arg>
<arg>GE</arg>
<arg>GF</arg>
<arg>GG</arg>
<arg>GH</arg>
<arg>GI</arg>
<arg>GL</arg>
<arg>GM</arg>
<arg>GN</arg>
<arg>GP</arg>
<arg>GQ</arg>
<arg>GR</arg>
<arg>GS</arg>
<arg>GT</arg>
<arg>GU</arg>
<arg>GW</arg>
<arg>GY</arg>
<arg>HK</arg>
<arg>HM</arg>
<arg>HN</arg>
<arg>HR</arg>
<arg>HT</arg>
<arg>HU</arg>
<arg>ID</arg>
<arg>IE</arg>
<arg>IL</arg>
<arg>IM</arg>
<arg>IN</arg>
<arg>IO</arg>
<arg>IQ</arg>
<arg>IR</arg>
<arg>IS</arg>
<arg>IT</arg>
<arg>JE</arg>
<arg>JM</arg>
<arg>JO</arg>
<arg>JP</arg>
<arg>KE</arg>
<arg>KG</arg>
<arg>KH</arg>
<arg>KI</arg>
<arg>KM</arg>
<arg>KN</arg>
<arg>KP</arg>
<arg>KR</arg>
<arg>KW</arg>
<arg>KY</arg>
<arg>KZ</arg>
<arg>LA</arg>
<arg>LB</arg>
<arg>LC</arg>
<arg>LI</arg>
<arg>LK</arg>
<arg>LR</arg>
<arg>LS</arg>
<arg>LT</arg>
<arg>LU</arg>
<arg>LV</arg>
<arg>LY</arg>
<arg>MA</arg>
<arg>MC</arg>
<arg>MD</arg>
<arg>ME</arg>
<arg>MF</arg>
<arg>MG</arg>
<arg>MH</arg>
<arg>MK</arg>
<arg>ML</arg>
<arg>MM</arg>
<arg>MN</arg>
<arg>MO</arg>
<arg>MP</arg>
<arg>MQ</arg>
<arg>MR</arg>
<arg>MS</arg>
<arg>MT</arg>
<arg>MU</arg>
<arg>MV</arg>
<arg>MW</arg>
<arg>MX</arg>
<arg>MY</arg>
<arg>MZ</arg>
<arg>NA</arg>
<arg>NC</arg>
<arg>NE</arg>
<arg>NF</arg>
<arg>NG</arg>
<arg>NI</arg>
<arg>NL</arg>
<arg>NO</arg>
<arg>NP</arg>
<arg>NR</arg>
<arg>NU</arg>
<arg>NZ</arg>
<arg>OM</arg>
<arg>PA</arg>
<arg>PE</arg>
<arg>PF</arg>
<arg>PG</arg>
<arg>PH</arg>
<arg>PK</arg>
<arg>PL</arg>
<arg>PM</arg>
<arg>PN</arg>
<arg>PR</arg>
<arg>PS</arg>
<arg>PT</arg>
<arg>PW</arg>
<arg>PY</arg>
<arg>QA</arg>
<arg>RE</arg>
<arg>RO</arg>
<arg>RS</arg>
<arg>RU</arg>
<arg>RW</arg>
<arg>SA</arg>
<arg>SB</arg>
<arg>SC</arg>
<arg>SD</arg>
<arg>SE</arg>
<arg>SG</arg>
<arg>SH</arg>
<arg>SI</arg>
<arg>SJ</arg>
<arg>SK</arg>
<arg>SL</arg>
<arg>SM</arg>
<arg>SN</arg>
<arg>SO</arg>
<arg>SR</arg>
<arg>SS</arg>
<arg>ST</arg>
<arg>SV</arg>
<arg>SX</arg>
<arg>SY</arg>
<arg>SZ</arg>
<arg>TC</arg>
<arg>TD</arg>
<arg>TF</arg>
<arg>TG</arg>
<arg>TH</arg>
<arg>TJ</arg>
<arg>TK</arg>
<arg>TL</arg>
<arg>TM</arg>
<arg>TN</arg>
<arg>TO</arg>
<arg>TR</arg>
<arg>TT</arg>
<arg>TV</arg>
<arg>TW</arg>
<arg>TZ</arg>
<arg>UA</arg>
<arg>UG</arg>
<arg>UM</arg>
<arg>US</arg>
<arg>UY</arg>
<arg>UZ</arg>
<arg>VA</arg>
<arg>VC</arg>
<arg>VE</arg>
<arg>VG</arg>
<arg>VI</arg>
<arg>VN</arg>
<arg>VU</arg>
<arg>WF</arg>
<arg>WS</arg>
<arg>XK</arg>
<arg>YE</arg>
<arg>YT</arg>
<arg>ZA</arg>
<arg>ZM</arg>
<arg>ZW</arg>
<doc>Returns a list containing given items.</doc>
<status status="PASS" start="2024-05-29T21:13:36.630783" elapsed="0.000618"/>
</kw>
<kw name="List Should Contain Value" owner="Collections">
<msg time="2024-05-29T21:13:36.632409" level="INFO">False</msg>
<arg>${list_country}</arg>
<arg>${name_country}</arg>
<doc>Fails if the ``value`` is not found from ``list``.</doc>
<status status="PASS" start="2024-05-29T21:13:36.632203" elapsed="0.000244"/>
</kw>
<kw name="Run Keyword If" owner="BuiltIn">
<kw name="Should Be True" owner="BuiltIn">
<arg>${True}</arg>
<doc>Fails if the given condition is not true.</doc>
<status status="PASS" start="2024-05-29T21:13:36.633516" elapsed="0.000146"/>
</kw>
<arg>${json_data["results"][0]["location"]["coordinates"]["latitude"]} &gt;= -90 and ${json_data["results"][0]["location"]["coordinates"]["latitude"]} &lt;= 90</arg>
<arg>Should Be True</arg>
<arg>${True}</arg>
<doc>Runs the given keyword with the given arguments, if ``condition`` is true.</doc>
<status status="PASS" start="2024-05-29T21:13:36.632768" elapsed="0.001021"/>
</kw>
<kw name="Run Keyword If" owner="BuiltIn">
<kw name="Should Be True" owner="BuiltIn">
<arg>${True}</arg>
<doc>Fails if the given condition is not true.</doc>
<status status="PASS" start="2024-05-29T21:13:36.634677" elapsed="0.000253"/>
</kw>
<arg>${json_data["results"][0]["location"]["coordinates"]["longitude"]} &gt;= -180 and ${json_data["results"][0]["location"]["coordinates"]["longitude"]} &lt;= 180</arg>
<arg>Should Be True</arg>
<arg>${True}</arg>
<doc>Runs the given keyword with the given arguments, if ``condition`` is true.</doc>
<status status="PASS" start="2024-05-29T21:13:36.633974" elapsed="0.001084"/>
</kw>
<status status="PASS" start="2024-05-29T21:13:36.541957" elapsed="0.093236"/>
</kw>
<doc>Testa o conteúdo específico dos campos retornados pela API.</doc>
<tag>testeConteudo</tag>
<status status="PASS" start="2024-05-29T21:13:36.541416" elapsed="0.093930"/>
</test>
<status status="PASS" start="2024-05-29T21:13:35.813140" elapsed="0.824172"/>
</suite>
<status status="PASS" start="2024-05-29T21:13:35.799645" elapsed="0.842878"/>
</suite>
<statistics>
<total>
<stat pass="5" fail="0" skip="0">All Tests</stat>
</total>
<tag>
<stat pass="1" fail="0" skip="0">testeConteudo</stat>
<stat pass="1" fail="0" skip="0">testeEstruturaResposta</stat>
<stat pass="1" fail="0" skip="0">testeRequisicaoBasica</stat>
<stat pass="1" fail="0" skip="0">testeTiposDados</stat>
</tag>
<suite>
<stat pass="5" fail="0" skip="0" id="s1" name="Tests">Tests</stat>
<stat pass="5" fail="0" skip="0" id="s1-s1" name="Random-User-Test">Tests.Random-User-Test</stat>
</suite>
</statistics>
<errors>
</errors>
</robot>
