<?xml version="1.0" encoding="UTF-8"?>
<robot generator="Robot 7.0.1 (Python 3.12.4 on linux)" generated="2024-08-03T10:15:10.564536" rpa="false" schemaversion="5">
<suite id="s1" name="Tests" source="/home/runner/work/ApiRandomUser/ApiRandomUser/RamdonUser/tests">
<suite id="s1-s1" name="Random-User-Test" source="/home/runner/work/ApiRandomUser/ApiRandomUser/RamdonUser/tests/random-user-test.robot">
<test id="s1-s1-t1" name="Conectar" line="13">
<kw name="Conectar API" owner="random-user-service">
<kw name="Create Session" owner="RequestsLibrary">
<msg time="2024-08-03T10:15:10.964952" level="INFO">Creating Session using : alias=consultarAPI, url=https://randomuser.me/, headers={},                     cookies={}, auth=None, timeout=None, proxies=None, verify=False,                     debug=0 </msg>
<arg>consultarAPI</arg>
<arg>${URL}</arg>
<doc>Create Session: create a HTTP session to a server</doc>
<status status="PASS" start="2024-08-03T10:15:10.964757" elapsed="0.000375"/>
</kw>
<status status="PASS" start="2024-08-03T10:15:10.963740" elapsed="0.001746"/>
</kw>
<status status="PASS" start="2024-08-03T10:15:10.963089" elapsed="0.002591"/>
</test>
<test id="s1-s1-t2" name="Validar retorno 200 e JSON Válido" line="16">
<kw name="Teste de Requisicao Basica" owner="random-user-service">
<kw name="GET On Session" owner="RequestsLibrary">
<msg time="2024-08-03T10:15:11.229799" level="INFO">GET Request : url=https://randomuser.me/api 
 path_url=/api 
 headers={'User-Agent': 'python-requests/2.32.3', 'Accept-Encoding': 'gzip, deflate', 'Accept': '*/*', 'Connection': 'keep-alive'} 
 body=None 
 </msg>
<msg time="2024-08-03T10:15:11.229970" level="INFO">GET Response : url=https://randomuser.me/api 
 status=200, reason=OK 
 headers={'Date': 'Sat, 03 Aug 2024 10:15:11 GMT', 'Content-Type': 'application/json; charset=utf-8', 'Transfer-Encoding': 'chunked', 'Connection': 'keep-alive', 'X-Powered-By': 'Express', 'Access-Control-Allow-Origin': '*', 'Cache-Control': 'no-cache', 'ETag': 'W/"496-Ba6gaF528rCXHiiYSEbi2a/wHYY"', 'Vary': 'Accept-Encoding', 'Content-Encoding': 'gzip', 'CF-Cache-Status': 'DYNAMIC', 'Report-To': '{"endpoints":[{"url":"https:\\/\\/a.nel.cloudflare.com\\/report\\/v4?s=KS2Gh6KK8dbE7QUiior6xWm52lLhJqO6h1OjuXom5xPqmG9bvfWysDa6A6I5QGdND29G2tEkr7W4efoI%2BAhif%2B7yFkIEQTA2VhOQ%2Fzru053NnFgtnEcZRTFMeD4nG5HH"}],"group":"cf-nel","max_age":604800}', 'NEL': '{"success_fraction":0,"report_to":"cf-nel","max_age":604800}', 'Server': 'cloudflare', 'CF-RAY': '8ad58b85b9d117de-SJC', 'alt-svc': 'h3=":443"; ma=86400'} 
 body={"results":[{"gender":"female","name":{"title":"Mrs","first":"Gül","last":"Menemencioğlu"},"location":{"street":{"number":710,"name":"Maçka Cd"},"city":"Diyarbakır","state":"Diyarbakır","country":"Turkey","postcode":99131,"coordinates":{"latitude":"70.0917","longitude":"143.2206"},"timezone":{"offset":"+5:30","description":"Bombay, Calcutta, Madras, New Delhi"}},"email":"gul.menemencioglu@example.com","login":{"uuid":"896b1b44-f823-40a7-ab4c-66ce61c2cde0","username":"smallkoala440","password":"conway","salt":"IjmcNDNT","md5":"3583348db327215d9855dc636dfb2eaf","sha1":"10691f8d86545b2a9ed9c560cb0f6e6f631c590b","sha256":"78de0cf8cf7761533e0148aa82aaf9d8e5a64d3f24c61fd4774e48ed91240248"},"dob":{"date":"1990-03-10T22:46:53.149Z","age":34},"registered":{"date":"2020-08-12T18:18:25.070Z","age":3},"phone":"(181)-788-0794","cell":"(648)-385-6902","id":{"name":"","value":null},"picture":{"large":"https://randomuser.me/api/portraits/women/41.jpg","medium":"https://randomuser.me/api/portraits/med/women/41.jpg","thumbnail":"https://randomuser.me/api/portraits/thumb/women/41.jpg"},"nat":"TR"}],"info":{"seed":"91e3bd588eedf7e1","results":1,"page":1,"version":"1.4"}} 
 </msg>
<msg time="2024-08-03T10:15:11.230064" level="INFO">/opt/hostedtoolcache/Python/3.12.4/x64/lib/python3.12/site-packages/urllib3/connectionpool.py:1099: InsecureRequestWarning: Unverified HTTPS request is being made to host 'randomuser.me'. Adding certificate verification is strongly advised. See: https://urllib3.readthedocs.io/en/latest/advanced-usage.html#tls-warnings
  warnings.warn(</msg>
<msg time="2024-08-03T10:15:11.230224" level="INFO">${response} = &lt;Response [200]&gt;</msg>
<var>${response}</var>
<arg>consultarAPI</arg>
<arg>/api</arg>
<doc>Sends a GET request on a previously created HTTP Session.</doc>
<status status="PASS" start="2024-08-03T10:15:10.968353" elapsed="0.261913"/>
</kw>
<kw name="Should Be Equal As Numbers" owner="BuiltIn">
<msg time="2024-08-03T10:15:11.231360" level="INFO">Argument types are:
&lt;class 'int'&gt;
&lt;class 'str'&gt;</msg>
<arg>${response.status_code}</arg>
<arg>200</arg>
<doc>Fails if objects are unequal after converting them to real numbers.</doc>
<status status="PASS" start="2024-08-03T10:15:11.230869" elapsed="0.000555"/>
</kw>
<kw name="Log" owner="BuiltIn">
<msg time="2024-08-03T10:15:11.232126" level="INFO">200</msg>
<arg>${response.status_code}</arg>
<doc>Logs the given message with the given level.</doc>
<status status="PASS" start="2024-08-03T10:15:11.231782" elapsed="0.000386"/>
</kw>
<kw name="Set Variable" owner="BuiltIn">
<msg time="2024-08-03T10:15:11.232918" level="INFO">${json_data} = {'results': [{'gender': 'female', 'name': {'title': 'Mrs', 'first': 'Gül', 'last': 'Menemencioğlu'}, 'location': {'street': {'number': 710, 'name': 'Maçka Cd'}, 'city': 'Diyarbakır', 'state': 'Diyarba...</msg>
<var>${json_data}</var>
<arg>${response.json()}</arg>
<doc>Returns the given values which can then be assigned to a variables.</doc>
<status status="PASS" start="2024-08-03T10:15:11.232472" elapsed="0.000477"/>
</kw>
<kw name="Dictionary Should Contain Key" owner="Collections">
<arg>${json_data}</arg>
<arg>results</arg>
<doc>Fails if ``key`` is not found from ``dictionary``.</doc>
<status status="PASS" start="2024-08-03T10:15:11.233252" elapsed="0.000325"/>
</kw>
<status status="PASS" start="2024-08-03T10:15:10.968103" elapsed="0.265627"/>
</kw>
<doc>Testa se a API responde corretamente e retorna um objeto JSON válido.</doc>
<tag>testeRequisicaoBasica</tag>
<status status="PASS" start="2024-08-03T10:15:10.967526" elapsed="0.266378"/>
</test>
<test id="s1-s1-t3" name="Validar estrutura de resposta" line="22">
<kw name="Teste de Estrutura de Resposta" owner="random-user-service">
<kw name="GET On Session" owner="RequestsLibrary">
<msg time="2024-08-03T10:15:11.375239" level="INFO">GET Request : url=https://randomuser.me/api 
 path_url=/api 
 headers={'User-Agent': 'python-requests/2.32.3', 'Accept-Encoding': 'gzip, deflate', 'Accept': '*/*', 'Connection': 'keep-alive'} 
 body=None 
 </msg>
<msg time="2024-08-03T10:15:11.375327" level="INFO">GET Response : url=https://randomuser.me/api 
 status=200, reason=OK 
 headers={'Date': 'Sat, 03 Aug 2024 10:15:11 GMT', 'Content-Type': 'application/json; charset=utf-8', 'Transfer-Encoding': 'chunked', 'Connection': 'keep-alive', 'X-Powered-By': 'Express', 'Access-Control-Allow-Origin': '*', 'Cache-Control': 'no-cache', 'ETag': 'W/"4a5-PMi3iVsEvLeNQ9ElAOT+KKHC/po"', 'Vary': 'Accept-Encoding', 'Content-Encoding': 'gzip', 'CF-Cache-Status': 'DYNAMIC', 'Report-To': '{"endpoints":[{"url":"https:\\/\\/a.nel.cloudflare.com\\/report\\/v4?s=6ij%2FyqGI%2BILGqo09OHPfIqMDA%2BHalg%2FWz9XH3v7J3L8WzzKcXHDbx0yizpy3a4J%2BLY3BMkmIzYkNU1dWnQd0YgdMH6f6beWWnV8DQ7bgMI0xSk6gi4QERwT9Fhy4Q4Lt"}],"group":"cf-nel","max_age":604800}', 'NEL': '{"success_fraction":0,"report_to":"cf-nel","max_age":604800}', 'Server': 'cloudflare', 'CF-RAY': '8ad58b873b0917de-SJC', 'alt-svc': 'h3=":443"; ma=86400'} 
 body={"results":[{"gender":"male","name":{"title":"Mr","first":"Sebastian","last":"Jensen"},"location":{"street":{"number":7975,"name":"New Street"},"city":"Canterbury","state":"Northamptonshire","country":"United Kingdom","postcode":"A2V 9QH","coordinates":{"latitude":"-7.7576","longitude":"-116.5524"},"timezone":{"offset":"-3:00","description":"Brazil, Buenos Aires, Georgetown"}},"email":"sebastian.jensen@example.com","login":{"uuid":"d75c82a0-e900-412a-b07f-c3456f09dbad","username":"heavyzebra813","password":"666666","salt":"5MadgjPD","md5":"613982b3465e4e525c72178a69656999","sha1":"a1d121406684491b29293aef2be9f86233d00725","sha256":"8434428bad604d1559a341083764d42864ab22e160f3d58f9ff532d58ddde9f5"},"dob":{"date":"1956-03-19T04:34:53.598Z","age":68},"registered":{"date":"2007-10-04T21:44:14.466Z","age":16},"phone":"01105 885181","cell":"07259 717436","id":{"name":"NINO","value":"TR 41 95 50 G"},"picture":{"large":"https://randomuser.me/api/portraits/men/33.jpg","medium":"https://randomuser.me/api/portraits/med/men/33.jpg","thumbnail":"https://randomuser.me/api/portraits/thumb/men/33.jpg"},"nat":"GB"}],"info":{"seed":"f5d78cdfaee45b67","results":1,"page":1,"version":"1.4"}} 
 </msg>
<msg time="2024-08-03T10:15:11.375441" level="INFO">/opt/hostedtoolcache/Python/3.12.4/x64/lib/python3.12/site-packages/urllib3/connectionpool.py:1099: InsecureRequestWarning: Unverified HTTPS request is being made to host 'randomuser.me'. Adding certificate verification is strongly advised. See: https://urllib3.readthedocs.io/en/latest/advanced-usage.html#tls-warnings
  warnings.warn(</msg>
<msg time="2024-08-03T10:15:11.375551" level="INFO">${response} = &lt;Response [200]&gt;</msg>
<var>${response}</var>
<arg>consultarAPI</arg>
<arg>/api</arg>
<doc>Sends a GET request on a previously created HTTP Session.</doc>
<status status="PASS" start="2024-08-03T10:15:11.236431" elapsed="0.139186"/>
</kw>
<kw name="Set Variable" owner="BuiltIn">
<msg time="2024-08-03T10:15:11.376680" level="INFO">${json_data} = {'results': [{'gender': 'male', 'name': {'title': 'Mr', 'first': 'Sebastian', 'last': 'Jensen'}, 'location': {'street': {'number': 7975, 'name': 'New Street'}, 'city': 'Canterbury', 'state': 'Northamp...</msg>
<var>${json_data}</var>
<arg>${response.json()}</arg>
<doc>Returns the given values which can then be assigned to a variables.</doc>
<status status="PASS" start="2024-08-03T10:15:11.376120" elapsed="0.000589"/>
</kw>
<kw name="Log" owner="BuiltIn">
<msg time="2024-08-03T10:15:11.377186" level="INFO">{'results': [{'gender': 'male', 'name': {'title': 'Mr', 'first': 'Sebastian', 'last': 'Jensen'}, 'location': {'street': {'number': 7975, 'name': 'New Street'}, 'city': 'Canterbury', 'state': 'Northamptonshire', 'country': 'United Kingdom', 'postcode': 'A2V 9QH', 'coordinates': {'latitude': '-7.7576', 'longitude': '-116.5524'}, 'timezone': {'offset': '-3:00', 'description': 'Brazil, Buenos Aires, Georgetown'}}, 'email': 'sebastian.jensen@example.com', 'login': {'uuid': 'd75c82a0-e900-412a-b07f-c3456f09dbad', 'username': 'heavyzebra813', 'password': '666666', 'salt': '5MadgjPD', 'md5': '613982b3465e4e525c72178a69656999', 'sha1': 'a1d121406684491b29293aef2be9f86233d00725', 'sha256': '8434428bad604d1559a341083764d42864ab22e160f3d58f9ff532d58ddde9f5'}, 'dob': {'date': '1956-03-19T04:34:53.598Z', 'age': 68}, 'registered': {'date': '2007-10-04T21:44:14.466Z', 'age': 16}, 'phone': '01105 885181', 'cell': '07259 717436', 'id': {'name': 'NINO', 'value': 'TR 41 95 50 G'}, 'picture': {'large': 'https://randomuser.me/api/portraits/men/33.jpg', 'medium': 'https://randomuser.me/api/portraits/med/men/33.jpg', 'thumbnail': 'https://randomuser.me/api/portraits/thumb/men/33.jpg'}, 'nat': 'GB'}], 'info': {'seed': 'f5d78cdfaee45b67', 'results': 1, 'page': 1, 'version': '1.4'}}</msg>
<arg>${json_data}</arg>
<doc>Logs the given message with the given level.</doc>
<status status="PASS" start="2024-08-03T10:15:11.377022" elapsed="0.000212"/>
</kw>
<kw name="Dictionary Should Contain Key" owner="Collections">
<arg>${json_data}</arg>
<arg>results</arg>
<doc>Fails if ``key`` is not found from ``dictionary``.</doc>
<status status="PASS" start="2024-08-03T10:15:11.377537" elapsed="0.000165"/>
</kw>
<kw name="Should Not Be Empty" owner="BuiltIn">
<msg time="2024-08-03T10:15:11.378029" level="INFO">Length is 2.</msg>
<arg>${json_data}</arg>
<doc>Verifies that the given item is not empty.</doc>
<status status="PASS" start="2024-08-03T10:15:11.377901" elapsed="0.000167"/>
</kw>
<kw name="Create List" owner="BuiltIn">
<msg time="2024-08-03T10:15:11.378516" level="INFO">${expected_keys} = ['gender', 'name', 'location', 'email', 'login']</msg>
<var>${expected_keys}</var>
<arg>gender</arg>
<arg>name</arg>
<arg>location</arg>
<arg>email</arg>
<arg>login</arg>
<doc>Returns a list containing given items.</doc>
<status status="PASS" start="2024-08-03T10:15:11.378363" elapsed="0.000178"/>
</kw>
<for flavor="IN">
<iter>
<kw name="Dictionary Should Contain Key" owner="Collections">
<arg>${json_data['results'][0]}</arg>
<arg>${key}</arg>
<doc>Fails if ``key`` is not found from ``dictionary``.</doc>
<status status="PASS" start="2024-08-03T10:15:11.379119" elapsed="0.000405"/>
</kw>
<kw name="Log" owner="BuiltIn">
<msg time="2024-08-03T10:15:11.380153" level="INFO">{'gender': 'male', 'name': {'title': 'Mr', 'first': 'Sebastian', 'last': 'Jensen'}, 'location': {'street': {'number': 7975, 'name': 'New Street'}, 'city': 'Canterbury', 'state': 'Northamptonshire', 'country': 'United Kingdom', 'postcode': 'A2V 9QH', 'coordinates': {'latitude': '-7.7576', 'longitude': '-116.5524'}, 'timezone': {'offset': '-3:00', 'description': 'Brazil, Buenos Aires, Georgetown'}}, 'email': 'sebastian.jensen@example.com', 'login': {'uuid': 'd75c82a0-e900-412a-b07f-c3456f09dbad', 'username': 'heavyzebra813', 'password': '666666', 'salt': '5MadgjPD', 'md5': '613982b3465e4e525c72178a69656999', 'sha1': 'a1d121406684491b29293aef2be9f86233d00725', 'sha256': '8434428bad604d1559a341083764d42864ab22e160f3d58f9ff532d58ddde9f5'}, 'dob': {'date': '1956-03-19T04:34:53.598Z', 'age': 68}, 'registered': {'date': '2007-10-04T21:44:14.466Z', 'age': 16}, 'phone': '01105 885181', 'cell': '07259 717436', 'id': {'name': 'NINO', 'value': 'TR 41 95 50 G'}, 'picture': {'large': 'https://randomuser.me/api/portraits/men/33.jpg', 'medium': 'https://randomuser.me/api/portraits/med/men/33.jpg', 'thumbnail': 'https://randomuser.me/api/portraits/thumb/men/33.jpg'}, 'nat': 'GB'}</msg>
<arg>${json_data['results'][0]}</arg>
<doc>Logs the given message with the given level.</doc>
<status status="PASS" start="2024-08-03T10:15:11.379790" elapsed="0.000411"/>
</kw>
<kw name="Log" owner="BuiltIn">
<msg time="2024-08-03T10:15:11.380631" level="INFO">gender</msg>
<arg>${key}</arg>
<doc>Logs the given message with the given level.</doc>
<status status="PASS" start="2024-08-03T10:15:11.380502" elapsed="0.000168"/>
</kw>
<var name="${key}">gender</var>
<status status="PASS" start="2024-08-03T10:15:11.378991" elapsed="0.001899"/>
</iter>
<iter>
<kw name="Dictionary Should Contain Key" owner="Collections">
<arg>${json_data['results'][0]}</arg>
<arg>${key}</arg>
<doc>Fails if ``key`` is not found from ``dictionary``.</doc>
<status status="PASS" start="2024-08-03T10:15:11.381186" elapsed="0.000390"/>
</kw>
<kw name="Log" owner="BuiltIn">
<msg time="2024-08-03T10:15:11.382156" level="INFO">{'gender': 'male', 'name': {'title': 'Mr', 'first': 'Sebastian', 'last': 'Jensen'}, 'location': {'street': {'number': 7975, 'name': 'New Street'}, 'city': 'Canterbury', 'state': 'Northamptonshire', 'country': 'United Kingdom', 'postcode': 'A2V 9QH', 'coordinates': {'latitude': '-7.7576', 'longitude': '-116.5524'}, 'timezone': {'offset': '-3:00', 'description': 'Brazil, Buenos Aires, Georgetown'}}, 'email': 'sebastian.jensen@example.com', 'login': {'uuid': 'd75c82a0-e900-412a-b07f-c3456f09dbad', 'username': 'heavyzebra813', 'password': '666666', 'salt': '5MadgjPD', 'md5': '613982b3465e4e525c72178a69656999', 'sha1': 'a1d121406684491b29293aef2be9f86233d00725', 'sha256': '8434428bad604d1559a341083764d42864ab22e160f3d58f9ff532d58ddde9f5'}, 'dob': {'date': '1956-03-19T04:34:53.598Z', 'age': 68}, 'registered': {'date': '2007-10-04T21:44:14.466Z', 'age': 16}, 'phone': '01105 885181', 'cell': '07259 717436', 'id': {'name': 'NINO', 'value': 'TR 41 95 50 G'}, 'picture': {'large': 'https://randomuser.me/api/portraits/men/33.jpg', 'medium': 'https://randomuser.me/api/portraits/med/men/33.jpg', 'thumbnail': 'https://randomuser.me/api/portraits/thumb/men/33.jpg'}, 'nat': 'GB'}</msg>
<arg>${json_data['results'][0]}</arg>
<doc>Logs the given message with the given level.</doc>
<status status="PASS" start="2024-08-03T10:15:11.381762" elapsed="0.000443"/>
</kw>
<kw name="Log" owner="BuiltIn">
<msg time="2024-08-03T10:15:11.382635" level="INFO">name</msg>
<arg>${key}</arg>
<doc>Logs the given message with the given level.</doc>
<status status="PASS" start="2024-08-03T10:15:11.382506" elapsed="0.000167"/>
</kw>
<var name="${key}">name</var>
<status status="PASS" start="2024-08-03T10:15:11.381074" elapsed="0.001821"/>
</iter>
<iter>
<kw name="Dictionary Should Contain Key" owner="Collections">
<arg>${json_data['results'][0]}</arg>
<arg>${key}</arg>
<doc>Fails if ``key`` is not found from ``dictionary``.</doc>
<status status="PASS" start="2024-08-03T10:15:11.383179" elapsed="0.000377"/>
</kw>
<kw name="Log" owner="BuiltIn">
<msg time="2024-08-03T10:15:11.384133" level="INFO">{'gender': 'male', 'name': {'title': 'Mr', 'first': 'Sebastian', 'last': 'Jensen'}, 'location': {'street': {'number': 7975, 'name': 'New Street'}, 'city': 'Canterbury', 'state': 'Northamptonshire', 'country': 'United Kingdom', 'postcode': 'A2V 9QH', 'coordinates': {'latitude': '-7.7576', 'longitude': '-116.5524'}, 'timezone': {'offset': '-3:00', 'description': 'Brazil, Buenos Aires, Georgetown'}}, 'email': 'sebastian.jensen@example.com', 'login': {'uuid': 'd75c82a0-e900-412a-b07f-c3456f09dbad', 'username': 'heavyzebra813', 'password': '666666', 'salt': '5MadgjPD', 'md5': '613982b3465e4e525c72178a69656999', 'sha1': 'a1d121406684491b29293aef2be9f86233d00725', 'sha256': '8434428bad604d1559a341083764d42864ab22e160f3d58f9ff532d58ddde9f5'}, 'dob': {'date': '1956-03-19T04:34:53.598Z', 'age': 68}, 'registered': {'date': '2007-10-04T21:44:14.466Z', 'age': 16}, 'phone': '01105 885181', 'cell': '07259 717436', 'id': {'name': 'NINO', 'value': 'TR 41 95 50 G'}, 'picture': {'large': 'https://randomuser.me/api/portraits/men/33.jpg', 'medium': 'https://randomuser.me/api/portraits/med/men/33.jpg', 'thumbnail': 'https://randomuser.me/api/portraits/thumb/men/33.jpg'}, 'nat': 'GB'}</msg>
<arg>${json_data['results'][0]}</arg>
<doc>Logs the given message with the given level.</doc>
<status status="PASS" start="2024-08-03T10:15:11.383780" elapsed="0.000402"/>
</kw>
<kw name="Log" owner="BuiltIn">
<msg time="2024-08-03T10:15:11.384609" level="INFO">location</msg>
<arg>${key}</arg>
<doc>Logs the given message with the given level.</doc>
<status status="PASS" start="2024-08-03T10:15:11.384481" elapsed="0.000166"/>
</kw>
<var name="${key}">location</var>
<status status="PASS" start="2024-08-03T10:15:11.383072" elapsed="0.001791"/>
</iter>
<iter>
<kw name="Dictionary Should Contain Key" owner="Collections">
<arg>${json_data['results'][0]}</arg>
<arg>${key}</arg>
<doc>Fails if ``key`` is not found from ``dictionary``.</doc>
<status status="PASS" start="2024-08-03T10:15:11.385139" elapsed="0.000380"/>
</kw>
<kw name="Log" owner="BuiltIn">
<msg time="2024-08-03T10:15:11.386176" level="INFO">{'gender': 'male', 'name': {'title': 'Mr', 'first': 'Sebastian', 'last': 'Jensen'}, 'location': {'street': {'number': 7975, 'name': 'New Street'}, 'city': 'Canterbury', 'state': 'Northamptonshire', 'country': 'United Kingdom', 'postcode': 'A2V 9QH', 'coordinates': {'latitude': '-7.7576', 'longitude': '-116.5524'}, 'timezone': {'offset': '-3:00', 'description': 'Brazil, Buenos Aires, Georgetown'}}, 'email': 'sebastian.jensen@example.com', 'login': {'uuid': 'd75c82a0-e900-412a-b07f-c3456f09dbad', 'username': 'heavyzebra813', 'password': '666666', 'salt': '5MadgjPD', 'md5': '613982b3465e4e525c72178a69656999', 'sha1': 'a1d121406684491b29293aef2be9f86233d00725', 'sha256': '8434428bad604d1559a341083764d42864ab22e160f3d58f9ff532d58ddde9f5'}, 'dob': {'date': '1956-03-19T04:34:53.598Z', 'age': 68}, 'registered': {'date': '2007-10-04T21:44:14.466Z', 'age': 16}, 'phone': '01105 885181', 'cell': '07259 717436', 'id': {'name': 'NINO', 'value': 'TR 41 95 50 G'}, 'picture': {'large': 'https://randomuser.me/api/portraits/men/33.jpg', 'medium': 'https://randomuser.me/api/portraits/med/men/33.jpg', 'thumbnail': 'https://randomuser.me/api/portraits/thumb/men/33.jpg'}, 'nat': 'GB'}</msg>
<arg>${json_data['results'][0]}</arg>
<doc>Logs the given message with the given level.</doc>
<status status="PASS" start="2024-08-03T10:15:11.385825" elapsed="0.000398"/>
</kw>
<kw name="Log" owner="BuiltIn">
<msg time="2024-08-03T10:15:11.386650" level="INFO">email</msg>
<arg>${key}</arg>
<doc>Logs the given message with the given level.</doc>
<status status="PASS" start="2024-08-03T10:15:11.386519" elapsed="0.000169"/>
</kw>
<var name="${key}">email</var>
<status status="PASS" start="2024-08-03T10:15:11.385031" elapsed="0.001874"/>
</iter>
<iter>
<kw name="Dictionary Should Contain Key" owner="Collections">
<arg>${json_data['results'][0]}</arg>
<arg>${key}</arg>
<doc>Fails if ``key`` is not found from ``dictionary``.</doc>
<status status="PASS" start="2024-08-03T10:15:11.387187" elapsed="0.000371"/>
</kw>
<kw name="Log" owner="BuiltIn">
<msg time="2024-08-03T10:15:11.388128" level="INFO">{'gender': 'male', 'name': {'title': 'Mr', 'first': 'Sebastian', 'last': 'Jensen'}, 'location': {'street': {'number': 7975, 'name': 'New Street'}, 'city': 'Canterbury', 'state': 'Northamptonshire', 'country': 'United Kingdom', 'postcode': 'A2V 9QH', 'coordinates': {'latitude': '-7.7576', 'longitude': '-116.5524'}, 'timezone': {'offset': '-3:00', 'description': 'Brazil, Buenos Aires, Georgetown'}}, 'email': 'sebastian.jensen@example.com', 'login': {'uuid': 'd75c82a0-e900-412a-b07f-c3456f09dbad', 'username': 'heavyzebra813', 'password': '666666', 'salt': '5MadgjPD', 'md5': '613982b3465e4e525c72178a69656999', 'sha1': 'a1d121406684491b29293aef2be9f86233d00725', 'sha256': '8434428bad604d1559a341083764d42864ab22e160f3d58f9ff532d58ddde9f5'}, 'dob': {'date': '1956-03-19T04:34:53.598Z', 'age': 68}, 'registered': {'date': '2007-10-04T21:44:14.466Z', 'age': 16}, 'phone': '01105 885181', 'cell': '07259 717436', 'id': {'name': 'NINO', 'value': 'TR 41 95 50 G'}, 'picture': {'large': 'https://randomuser.me/api/portraits/men/33.jpg', 'medium': 'https://randomuser.me/api/portraits/med/men/33.jpg', 'thumbnail': 'https://randomuser.me/api/portraits/thumb/men/33.jpg'}, 'nat': 'GB'}</msg>
<arg>${json_data['results'][0]}</arg>
<doc>Logs the given message with the given level.</doc>
<status status="PASS" start="2024-08-03T10:15:11.387775" elapsed="0.000399"/>
</kw>
<kw name="Log" owner="BuiltIn">
<msg time="2024-08-03T10:15:11.388598" level="INFO">login</msg>
<arg>${key}</arg>
<doc>Logs the given message with the given level.</doc>
<status status="PASS" start="2024-08-03T10:15:11.388470" elapsed="0.000164"/>
</kw>
<var name="${key}">login</var>
<status status="PASS" start="2024-08-03T10:15:11.387077" elapsed="0.001771"/>
</iter>
<var>${key}</var>
<value>@{expected_keys}</value>
<status status="PASS" start="2024-08-03T10:15:11.378803" elapsed="0.010165"/>
</for>
<kw name="Create List" owner="BuiltIn">
<msg time="2024-08-03T10:15:11.389326" level="INFO">${expected_keysTwo} = ['username', 'password']</msg>
<var>${expected_keysTwo}</var>
<arg>username</arg>
<arg>password</arg>
<doc>Returns a list containing given items.</doc>
<status status="PASS" start="2024-08-03T10:15:11.389187" elapsed="0.000164"/>
</kw>
<for flavor="IN">
<iter>
<kw name="Dictionary Should Contain Key" owner="Collections">
<arg>${json_data['results'][0]['login']}</arg>
<arg>${keyTwo}</arg>
<doc>Fails if ``key`` is not found from ``dictionary``.</doc>
<status status="PASS" start="2024-08-03T10:15:11.389845" elapsed="0.000388"/>
</kw>
<kw name="Dictionary Should Contain Key" owner="Collections">
<arg>${json_data['results'][0]['login']}</arg>
<arg>${keyTwo}</arg>
<doc>Fails if ``key`` is not found from ``dictionary``.</doc>
<status status="PASS" start="2024-08-03T10:15:11.390414" elapsed="0.000374"/>
</kw>
<kw name="Log" owner="BuiltIn">
<msg time="2024-08-03T10:15:11.391093" level="INFO">username</msg>
<arg>${keyTwo}</arg>
<doc>Logs the given message with the given level.</doc>
<status status="PASS" start="2024-08-03T10:15:11.390972" elapsed="0.000158"/>
</kw>
<var name="${keyTwo}">username</var>
<status status="PASS" start="2024-08-03T10:15:11.389738" elapsed="0.001610"/>
</iter>
<iter>
<kw name="Dictionary Should Contain Key" owner="Collections">
<arg>${json_data['results'][0]['login']}</arg>
<arg>${keyTwo}</arg>
<doc>Fails if ``key`` is not found from ``dictionary``.</doc>
<status status="PASS" start="2024-08-03T10:15:11.391645" elapsed="0.000382"/>
</kw>
<kw name="Dictionary Should Contain Key" owner="Collections">
<arg>${json_data['results'][0]['login']}</arg>
<arg>${keyTwo}</arg>
<doc>Fails if ``key`` is not found from ``dictionary``.</doc>
<status status="PASS" start="2024-08-03T10:15:11.392208" elapsed="0.000376"/>
</kw>
<kw name="Log" owner="BuiltIn">
<msg time="2024-08-03T10:15:11.392892" level="INFO">password</msg>
<arg>${keyTwo}</arg>
<doc>Logs the given message with the given level.</doc>
<status status="PASS" start="2024-08-03T10:15:11.392764" elapsed="0.000166"/>
</kw>
<var name="${keyTwo}">password</var>
<status status="PASS" start="2024-08-03T10:15:11.391517" elapsed="0.001637"/>
</iter>
<var>${keyTwo}</var>
<value>@{expected_keysTwo}</value>
<status status="PASS" start="2024-08-03T10:15:11.389587" elapsed="0.003698"/>
</for>
<status status="PASS" start="2024-08-03T10:15:11.236199" elapsed="0.157226"/>
</kw>
<doc>Testa a estrutura da resposta da API.</doc>
<tag>testeEstruturaResposta</tag>
<status status="PASS" start="2024-08-03T10:15:11.235717" elapsed="0.157863"/>
</test>
<test id="s1-s1-t4" name="Validar tipos de dados" line="28">
<kw name="Teste de Tipos de Dados" owner="random-user-service">
<kw name="GET On Session" owner="RequestsLibrary">
<msg time="2024-08-03T10:15:11.722824" level="INFO">GET Request : url=https://randomuser.me/api 
 path_url=/api 
 headers={'User-Agent': 'python-requests/2.32.3', 'Accept-Encoding': 'gzip, deflate', 'Accept': '*/*', 'Connection': 'keep-alive'} 
 body=None 
 </msg>
<msg time="2024-08-03T10:15:11.722923" level="INFO">GET Response : url=https://randomuser.me/api 
 status=200, reason=OK 
 headers={'Date': 'Sat, 03 Aug 2024 10:15:11 GMT', 'Content-Type': 'application/json; charset=utf-8', 'Transfer-Encoding': 'chunked', 'Connection': 'keep-alive', 'X-Powered-By': 'Express', 'Access-Control-Allow-Origin': '*', 'Cache-Control': 'no-cache', 'ETag': 'W/"482-+ul9yMvLE+EsYAChIf5Pj04CVJU"', 'Vary': 'Accept-Encoding', 'Content-Encoding': 'gzip', 'CF-Cache-Status': 'DYNAMIC', 'Report-To': '{"endpoints":[{"url":"https:\\/\\/a.nel.cloudflare.com\\/report\\/v4?s=nL3JA68Gomkmu74UvP63CdmlPMyiz7DWkIZWzHQXfEYbf2gKCDD2PIqIeezcTHwsxi0dYBj%2FSm7KmIx02rpWD0VqbyR88exbMjSGwhSi6AMxsR0burXeQRTtXhNBnyDf"}],"group":"cf-nel","max_age":604800}', 'NEL': '{"success_fraction":0,"report_to":"cf-nel","max_age":604800}', 'Server': 'cloudflare', 'CF-RAY': '8ad58b883b9717de-SJC', 'alt-svc': 'h3=":443"; ma=86400'} 
 body={"results":[{"gender":"female","name":{"title":"Ms","first":"Anita","last":"Stevens"},"location":{"street":{"number":1245,"name":"Hogan St"},"city":"Hobart","state":"South Australia","country":"Australia","postcode":5009,"coordinates":{"latitude":"-86.7039","longitude":"55.6228"},"timezone":{"offset":"+9:30","description":"Adelaide, Darwin"}},"email":"anita.stevens@example.com","login":{"uuid":"0dde1678-4d3f-4161-89bf-31046904f9c4","username":"yellowduck175","password":"raistlin","salt":"2l7fzerL","md5":"07c0776d01d4c99cd26106c9ec25a240","sha1":"4d538a1728117960ee75a3f2f42046b7303a093f","sha256":"6edbee11ebe629c63649f5c8321fc62ed889e0068ec6e79f3430b80c7d419ea4"},"dob":{"date":"1947-04-04T16:57:29.653Z","age":77},"registered":{"date":"2007-05-29T09:07:26.940Z","age":17},"phone":"05-0296-7240","cell":"0499-682-585","id":{"name":"TFN","value":"698655593"},"picture":{"large":"https://randomuser.me/api/portraits/women/41.jpg","medium":"https://randomuser.me/api/portraits/med/women/41.jpg","thumbnail":"https://randomuser.me/api/portraits/thumb/women/41.jpg"},"nat":"AU"}],"info":{"seed":"4951641f0b82ad94","results":1,"page":1,"version":"1.4"}} 
 </msg>
<msg time="2024-08-03T10:15:11.723002" level="INFO">/opt/hostedtoolcache/Python/3.12.4/x64/lib/python3.12/site-packages/urllib3/connectionpool.py:1099: InsecureRequestWarning: Unverified HTTPS request is being made to host 'randomuser.me'. Adding certificate verification is strongly advised. See: https://urllib3.readthedocs.io/en/latest/advanced-usage.html#tls-warnings
  warnings.warn(</msg>
<msg time="2024-08-03T10:15:11.723122" level="INFO">${response} = &lt;Response [200]&gt;</msg>
<var>${response}</var>
<arg>consultarAPI</arg>
<arg>/api</arg>
<doc>Sends a GET request on a previously created HTTP Session.</doc>
<status status="PASS" start="2024-08-03T10:15:11.396043" elapsed="0.327120"/>
</kw>
<kw name="Set Variable" owner="BuiltIn">
<msg time="2024-08-03T10:15:11.724348" level="INFO">${json_data} = {'results': [{'gender': 'female', 'name': {'title': 'Ms', 'first': 'Anita', 'last': 'Stevens'}, 'location': {'street': {'number': 1245, 'name': 'Hogan St'}, 'city': 'Hobart', 'state': 'South Australia...</msg>
<var>${json_data}</var>
<arg>${response.json()}</arg>
<doc>Returns the given values which can then be assigned to a variables.</doc>
<status status="PASS" start="2024-08-03T10:15:11.723772" elapsed="0.000606"/>
</kw>
<kw name="Log" owner="BuiltIn">
<msg time="2024-08-03T10:15:11.724837" level="INFO">{'results': [{'gender': 'female', 'name': {'title': 'Ms', 'first': 'Anita', 'last': 'Stevens'}, 'location': {'street': {'number': 1245, 'name': 'Hogan St'}, 'city': 'Hobart', 'state': 'South Australia', 'country': 'Australia', 'postcode': 5009, 'coordinates': {'latitude': '-86.7039', 'longitude': '55.6228'}, 'timezone': {'offset': '+9:30', 'description': 'Adelaide, Darwin'}}, 'email': 'anita.stevens@example.com', 'login': {'uuid': '0dde1678-4d3f-4161-89bf-31046904f9c4', 'username': 'yellowduck175', 'password': 'raistlin', 'salt': '2l7fzerL', 'md5': '07c0776d01d4c99cd26106c9ec25a240', 'sha1': '4d538a1728117960ee75a3f2f42046b7303a093f', 'sha256': '6edbee11ebe629c63649f5c8321fc62ed889e0068ec6e79f3430b80c7d419ea4'}, 'dob': {'date': '1947-04-04T16:57:29.653Z', 'age': 77}, 'registered': {'date': '2007-05-29T09:07:26.940Z', 'age': 17}, 'phone': '05-0296-7240', 'cell': '0499-682-585', 'id': {'name': 'TFN', 'value': '698655593'}, 'picture': {'large': 'https://randomuser.me/api/portraits/women/41.jpg', 'medium': 'https://randomuser.me/api/portraits/med/women/41.jpg', 'thumbnail': 'https://randomuser.me/api/portraits/thumb/women/41.jpg'}, 'nat': 'AU'}], 'info': {'seed': '4951641f0b82ad94', 'results': 1, 'page': 1, 'version': '1.4'}}</msg>
<arg>${json_data}</arg>
<doc>Logs the given message with the given level.</doc>
<status status="PASS" start="2024-08-03T10:15:11.724683" elapsed="0.000201"/>
</kw>
<kw name="Should Be String" owner="String">
<arg>${json_data['results'][0]['gender']}</arg>
<doc>Fails if the given ``item`` is not a string.</doc>
<status status="PASS" start="2024-08-03T10:15:11.725173" elapsed="0.000363"/>
</kw>
<kw name="Should Match Regexp" owner="BuiltIn">
<arg>${json_data['results'][0]['email']}</arg>
<arg>^[a-zA-Z0-9._%+-]+@[a-zA-Z0-9.-]+\.[a-zA-Z]{2,}$</arg>
<doc>Fails if ``string`` does not match ``pattern`` as a regular expression.</doc>
<status status="PASS" start="2024-08-03T10:15:11.725761" elapsed="0.000517"/>
</kw>
<kw name="Should Match Regexp" owner="BuiltIn">
<arg>${json_data['results'][0]['dob']['date']}</arg>
<arg>\\d{4}-\\d{2}-\\d{2}T\\d{2}:\\d{2}:\\d{2}\\.\\d{3}Z</arg>
<doc>Fails if ``string`` does not match ``pattern`` as a regular expression.</doc>
<status status="PASS" start="2024-08-03T10:15:11.726472" elapsed="0.000626"/>
</kw>
<kw name="Should Match Regexp" owner="BuiltIn">
<arg>${json_data['results'][0]['registered']['date']}</arg>
<arg>\\d{4}-\\d{2}-\\d{2}T\\d{2}:\\d{2}:\\d{2}\\.\\d{3}Z</arg>
<doc>Fails if ``string`` does not match ``pattern`` as a regular expression.</doc>
<status status="PASS" start="2024-08-03T10:15:11.727289" elapsed="0.000412"/>
</kw>
<kw name="Should Match Regexp" owner="BuiltIn">
<arg>${json_data['results'][0]['picture']['large']}</arg>
<arg>^https?://.*\.(?:png|jpe?g|gif|bmp)$</arg>
<doc>Fails if ``string`` does not match ``pattern`` as a regular expression.</doc>
<status status="PASS" start="2024-08-03T10:15:11.727896" elapsed="0.000466"/>
</kw>
<kw name="Should Match Regexp" owner="BuiltIn">
<arg>${json_data['results'][0]['picture']['medium']}</arg>
<arg>^https?://.*\.(?:png|jpe?g|gif|bmp)$</arg>
<doc>Fails if ``string`` does not match ``pattern`` as a regular expression.</doc>
<status status="PASS" start="2024-08-03T10:15:11.728553" elapsed="0.000356"/>
</kw>
<kw name="Should Match Regexp" owner="BuiltIn">
<arg>${json_data['results'][0]['picture']['thumbnail']}</arg>
<arg>^https?://.*\.(?:png|jpe?g|gif|bmp)$</arg>
<doc>Fails if ``string`` does not match ``pattern`` as a regular expression.</doc>
<status status="PASS" start="2024-08-03T10:15:11.729094" elapsed="0.000348"/>
</kw>
<kw name="Log" owner="BuiltIn">
<msg time="2024-08-03T10:15:11.729945" level="INFO">{'large': 'https://randomuser.me/api/portraits/women/41.jpg', 'medium': 'https://randomuser.me/api/portraits/med/women/41.jpg', 'thumbnail': 'https://randomuser.me/api/portraits/thumb/women/41.jpg'}</msg>
<arg>${json_data['results'][0]['picture']}</arg>
<doc>Logs the given message with the given level.</doc>
<status status="PASS" start="2024-08-03T10:15:11.729624" elapsed="0.000363"/>
</kw>
<status status="PASS" start="2024-08-03T10:15:11.395817" elapsed="0.334428"/>
</kw>
<kw name="Teste de Tipos de Dados - Postcode" owner="random-user-service">
<kw name="GET On Session" owner="RequestsLibrary">
<msg time="2024-08-03T10:15:12.261422" level="INFO">GET Request : url=https://randomuser.me/api 
 path_url=/api 
 headers={'User-Agent': 'python-requests/2.32.3', 'Accept-Encoding': 'gzip, deflate', 'Accept': '*/*', 'Connection': 'keep-alive'} 
 body=None 
 </msg>
<msg time="2024-08-03T10:15:12.261532" level="INFO">GET Response : url=https://randomuser.me/api 
 status=200, reason=OK 
 headers={'Date': 'Sat, 03 Aug 2024 10:15:12 GMT', 'Content-Type': 'application/json; charset=utf-8', 'Transfer-Encoding': 'chunked', 'Connection': 'keep-alive', 'X-Powered-By': 'Express', 'Access-Control-Allow-Origin': '*', 'Cache-Control': 'no-cache', 'ETag': 'W/"4b3-AVaC7EUyFaQsy7O5EeeGEPlakwM"', 'Vary': 'Accept-Encoding', 'Content-Encoding': 'gzip', 'CF-Cache-Status': 'DYNAMIC', 'Report-To': '{"endpoints":[{"url":"https:\\/\\/a.nel.cloudflare.com\\/report\\/v4?s=Bj51kzJJyKWOLI6sjcmm%2Bf2byqq2jckCJ3%2F00cUtKwiakqtSlTrIQP8MmOesfOOFwWc5Gd0rNIXUNYjaFhzkkQbMtqo3tBFY1Li62qbOTS2bc6f5aenr%2FZZtWmm12cu0"}],"group":"cf-nel","max_age":604800}', 'NEL': '{"success_fraction":0,"report_to":"cf-nel","max_age":604800}', 'Server': 'cloudflare', 'CF-RAY': '8ad58b8a5cf917de-SJC', 'alt-svc': 'h3=":443"; ma=86400'} 
 body={"results":[{"gender":"female","name":{"title":"Miss","first":"Manisha","last":"Fernandes"},"location":{"street":{"number":8136,"name":"China Bazaar Rd"},"city":"Ghaziabad","state":"Andaman and Nicobar Islands","country":"India","postcode":32509,"coordinates":{"latitude":"7.7285","longitude":"174.0949"},"timezone":{"offset":"+8:00","description":"Beijing, Perth, Singapore, Hong Kong"}},"email":"manisha.fernandes@example.com","login":{"uuid":"641dd250-4324-4a74-8b68-7c8622217148","username":"orangeladybug808","password":"goose","salt":"njqPDsHR","md5":"7d38b259f5890b6dd8379693c8f6e82c","sha1":"b53073902bddb9529117179107a67693b0fda7ad","sha256":"789ad9279b113948e795f0562d5f060d876c0a516c9c342053d3cfd7b2f2b514"},"dob":{"date":"1973-12-01T07:53:37.410Z","age":50},"registered":{"date":"2010-05-24T21:48:49.927Z","age":14},"phone":"7114025267","cell":"7907942450","id":{"name":"UIDAI","value":"710976334696"},"picture":{"large":"https://randomuser.me/api/portraits/women/18.jpg","medium":"https://randomuser.me/api/portraits/med/women/18.jpg","thumbnail":"https://randomuser.me/api/portraits/thumb/women/18.jpg"},"nat":"IN"}],"info":{"seed":"433eb2f92a30e33f","results":1,"page":1,"version":"1.4"}} 
 </msg>
<msg time="2024-08-03T10:15:12.261611" level="INFO">/opt/hostedtoolcache/Python/3.12.4/x64/lib/python3.12/site-packages/urllib3/connectionpool.py:1099: InsecureRequestWarning: Unverified HTTPS request is being made to host 'randomuser.me'. Adding certificate verification is strongly advised. See: https://urllib3.readthedocs.io/en/latest/advanced-usage.html#tls-warnings
  warnings.warn(</msg>
<msg time="2024-08-03T10:15:12.261759" level="INFO">${response} = &lt;Response [200]&gt;</msg>
<var>${response}</var>
<arg>consultarAPI</arg>
<arg>/api</arg>
<doc>Sends a GET request on a previously created HTTP Session.</doc>
<status status="PASS" start="2024-08-03T10:15:11.730699" elapsed="0.531107"/>
</kw>
<kw name="Set Variable" owner="BuiltIn">
<msg time="2024-08-03T10:15:12.263020" level="INFO">${json_data} = {'results': [{'gender': 'female', 'name': {'title': 'Miss', 'first': 'Manisha', 'last': 'Fernandes'}, 'location': {'street': {'number': 8136, 'name': 'China Bazaar Rd'}, 'city': 'Ghaziabad', 'state': ...</msg>
<var>${json_data}</var>
<arg>${response.json()}</arg>
<doc>Returns the given values which can then be assigned to a variables.</doc>
<status status="PASS" start="2024-08-03T10:15:12.262453" elapsed="0.000597"/>
</kw>
<kw name="Log" owner="BuiltIn">
<msg time="2024-08-03T10:15:12.263520" level="INFO">{'results': [{'gender': 'female', 'name': {'title': 'Miss', 'first': 'Manisha', 'last': 'Fernandes'}, 'location': {'street': {'number': 8136, 'name': 'China Bazaar Rd'}, 'city': 'Ghaziabad', 'state': 'Andaman and Nicobar Islands', 'country': 'India', 'postcode': 32509, 'coordinates': {'latitude': '7.7285', 'longitude': '174.0949'}, 'timezone': {'offset': '+8:00', 'description': 'Beijing, Perth, Singapore, Hong Kong'}}, 'email': 'manisha.fernandes@example.com', 'login': {'uuid': '641dd250-4324-4a74-8b68-7c8622217148', 'username': 'orangeladybug808', 'password': 'goose', 'salt': 'njqPDsHR', 'md5': '7d38b259f5890b6dd8379693c8f6e82c', 'sha1': 'b53073902bddb9529117179107a67693b0fda7ad', 'sha256': '789ad9279b113948e795f0562d5f060d876c0a516c9c342053d3cfd7b2f2b514'}, 'dob': {'date': '1973-12-01T07:53:37.410Z', 'age': 50}, 'registered': {'date': '2010-05-24T21:48:49.927Z', 'age': 14}, 'phone': '7114025267', 'cell': '7907942450', 'id': {'name': 'UIDAI', 'value': '710976334696'}, 'picture': {'large': 'https://randomuser.me/api/portraits/women/18.jpg', 'medium': 'https://randomuser.me/api/portraits/med/women/18.jpg', 'thumbnail': 'https://randomuser.me/api/portraits/thumb/women/18.jpg'}, 'nat': 'IN'}], 'info': {'seed': '433eb2f92a30e33f', 'results': 1, 'page': 1, 'version': '1.4'}}</msg>
<arg>${json_data}</arg>
<doc>Logs the given message with the given level.</doc>
<status status="PASS" start="2024-08-03T10:15:12.263360" elapsed="0.000245"/>
</kw>
<kw name="Should Be Equal As Numbers" owner="BuiltIn">
<arg>${json_data['results'][0]['location']['postcode']}</arg>
<arg>${json_data['results'][0]['location']['postcode']}</arg>
<doc>Fails if objects are unequal after converting them to real numbers.</doc>
<status status="PASS" start="2024-08-03T10:15:12.263912" elapsed="0.000613"/>
</kw>
<kw name="Log" owner="BuiltIn">
<msg time="2024-08-03T10:15:12.265087" level="INFO">32509</msg>
<arg>${json_data['results'][0]['location']['postcode']}</arg>
<doc>Logs the given message with the given level.</doc>
<status status="PASS" start="2024-08-03T10:15:12.264745" elapsed="0.000382"/>
</kw>
<status status="PASS" start="2024-08-03T10:15:11.730469" elapsed="0.534913"/>
</kw>
<doc>Testa se os tipos de dados na resposta da API estão corretos.</doc>
<tag>testeTiposDados</tag>
<status status="PASS" start="2024-08-03T10:15:11.395327" elapsed="0.870226"/>
</test>
<test id="s1-s1-t5" name="Validar conteudo" line="35">
<kw name="Teste de Tipos de Conteudo" owner="random-user-service">
<kw name="GET On Session" owner="RequestsLibrary">
<msg time="2024-08-03T10:15:12.476363" level="INFO">GET Request : url=https://randomuser.me/api 
 path_url=/api 
 headers={'User-Agent': 'python-requests/2.32.3', 'Accept-Encoding': 'gzip, deflate', 'Accept': '*/*', 'Connection': 'keep-alive'} 
 body=None 
 </msg>
<msg time="2024-08-03T10:15:12.476465" level="INFO">GET Response : url=https://randomuser.me/api 
 status=200, reason=OK 
 headers={'Date': 'Sat, 03 Aug 2024 10:15:12 GMT', 'Content-Type': 'application/json; charset=utf-8', 'Transfer-Encoding': 'chunked', 'Connection': 'keep-alive', 'X-Powered-By': 'Express', 'Access-Control-Allow-Origin': '*', 'Cache-Control': 'no-cache', 'ETag': 'W/"47c-wAHGcvST2C8QvO1bhTBPXwBAYYk"', 'Vary': 'Accept-Encoding', 'Content-Encoding': 'gzip', 'CF-Cache-Status': 'DYNAMIC', 'Report-To': '{"endpoints":[{"url":"https:\\/\\/a.nel.cloudflare.com\\/report\\/v4?s=ADCcpteTlsh0NO0JzPyDcGFT1JpxuKtMXEYJz5aoE1ATWnhcf%2FMBc5P2v9aqsdWbvOb%2BB5FKY%2FLFMpl3dE%2FYlff4CEH1hjQguFuKwArPICtVci5Uu1vGAO1hOYxX2I1Z"}],"group":"cf-nel","max_age":604800}', 'NEL': '{"success_fraction":0,"report_to":"cf-nel","max_age":604800}', 'Server': 'cloudflare', 'CF-RAY': '8ad58b8dbf1317de-SJC', 'alt-svc': 'h3=":443"; ma=86400'} 
 body={"results":[{"gender":"male","name":{"title":"Mr","first":"Magnus","last":"Rasmussen"},"location":{"street":{"number":9883,"name":"Aalborgvej"},"city":"Aalborg S.Ø.","state":"Sjælland","country":"Denmark","postcode":36330,"coordinates":{"latitude":"-42.9728","longitude":"-62.0610"},"timezone":{"offset":"-12:00","description":"Eniwetok, Kwajalein"}},"email":"magnus.rasmussen@example.com","login":{"uuid":"8d0f00c4-8d49-40cd-b3b3-f301e3f5199f","username":"sadelephant999","password":"butch","salt":"I1qLdVZS","md5":"9a982cbd97ada4f31a4bb18a1204c17a","sha1":"54756c8917bb8d839c62862a8f0a9772507e17e9","sha256":"1b3935654aedd9d0d29dbdaba46dafda3678d66087defa0ab705148c59464603"},"dob":{"date":"1957-03-04T09:40:05.306Z","age":67},"registered":{"date":"2003-06-24T07:15:55.945Z","age":21},"phone":"91930669","cell":"34576712","id":{"name":"CPR","value":"040357-0118"},"picture":{"large":"https://randomuser.me/api/portraits/men/7.jpg","medium":"https://randomuser.me/api/portraits/med/men/7.jpg","thumbnail":"https://randomuser.me/api/portraits/thumb/men/7.jpg"},"nat":"DK"}],"info":{"seed":"07b3a8dc80483b3d","results":1,"page":1,"version":"1.4"}} 
 </msg>
<msg time="2024-08-03T10:15:12.476534" level="INFO">/opt/hostedtoolcache/Python/3.12.4/x64/lib/python3.12/site-packages/urllib3/connectionpool.py:1099: InsecureRequestWarning: Unverified HTTPS request is being made to host 'randomuser.me'. Adding certificate verification is strongly advised. See: https://urllib3.readthedocs.io/en/latest/advanced-usage.html#tls-warnings
  warnings.warn(</msg>
<msg time="2024-08-03T10:15:12.476649" level="INFO">${response} = &lt;Response [200]&gt;</msg>
<var>${response}</var>
<arg>consultarAPI</arg>
<arg>/api</arg>
<doc>Sends a GET request on a previously created HTTP Session.</doc>
<status status="PASS" start="2024-08-03T10:15:12.268026" elapsed="0.208664"/>
</kw>
<kw name="Set Variable" owner="BuiltIn">
<msg time="2024-08-03T10:15:12.477715" level="INFO">${json_data} = {'results': [{'gender': 'male', 'name': {'title': 'Mr', 'first': 'Magnus', 'last': 'Rasmussen'}, 'location': {'street': {'number': 9883, 'name': 'Aalborgvej'}, 'city': 'Aalborg S.Ø.', 'state': 'Sjælla...</msg>
<var>${json_data}</var>
<arg>${response.json()}</arg>
<doc>Returns the given values which can then be assigned to a variables.</doc>
<status status="PASS" start="2024-08-03T10:15:12.477193" elapsed="0.000552"/>
</kw>
<kw name="Set Variable" owner="BuiltIn">
<msg time="2024-08-03T10:15:12.478433" level="INFO">${name_title} = Mr</msg>
<var>${name_title}</var>
<arg>${json_data["results"][0]["name"]["title"]}</arg>
<doc>Returns the given values which can then be assigned to a variables.</doc>
<status status="PASS" start="2024-08-03T10:15:12.478051" elapsed="0.000409"/>
</kw>
<kw name="Create List" owner="BuiltIn">
<msg time="2024-08-03T10:15:12.478906" level="INFO">${allowed_titles} = ['Mr', 'Ms', 'Miss', 'Mrs', 'Madame', 'Monsieur']</msg>
<var>${allowed_titles}</var>
<arg>Mr</arg>
<arg>Ms</arg>
<arg>Miss</arg>
<arg>Mrs</arg>
<arg>Madame</arg>
<arg>Monsieur</arg>
<doc>Returns a list containing given items.</doc>
<status status="PASS" start="2024-08-03T10:15:12.478757" elapsed="0.000174"/>
</kw>
<kw name="List Should Contain Value" owner="Collections">
<arg>${allowed_titles}</arg>
<arg>${name_title}</arg>
<doc>Fails if the ``value`` is not found from ``list``.</doc>
<status status="PASS" start="2024-08-03T10:15:12.479233" elapsed="0.000185"/>
</kw>
<kw name="Set Variable" owner="BuiltIn">
<msg time="2024-08-03T10:15:12.480039" level="INFO">${name_country} = DK</msg>
<var>${name_country}</var>
<arg>${json_data["results"][0]["nat"]}</arg>
<doc>Returns the given values which can then be assigned to a variables.</doc>
<status status="PASS" start="2024-08-03T10:15:12.479651" elapsed="0.000413"/>
</kw>
<kw name="Create List" owner="BuiltIn">
<msg time="2024-08-03T10:15:12.480951" level="INFO">${list_country} = ['AD', 'AE', 'AF', 'AG', 'AI', 'AL', 'AM', 'AO', 'AQ', 'AR', 'AS', 'AT', 'AU', 'AW', 'AX', 'AZ', 'BA', 'BB', 'BD', 'BE', 'BF', 'BG', 'BH', 'BI', 'BJ', 'BL', 'BM', 'BN', 'BO', 'BQ', 'BR', 'BS', 'BT', '...</msg>
<var>${list_country}</var>
<arg>AD</arg>
<arg>AE</arg>
<arg>AF</arg>
<arg>AG</arg>
<arg>AI</arg>
<arg>AL</arg>
<arg>AM</arg>
<arg>AO</arg>
<arg>AQ</arg>
<arg>AR</arg>
<arg>AS</arg>
<arg>AT</arg>
<arg>AU</arg>
<arg>AW</arg>
<arg>AX</arg>
<arg>AZ</arg>
<arg>BA</arg>
<arg>BB</arg>
<arg>BD</arg>
<arg>BE</arg>
<arg>BF</arg>
<arg>BG</arg>
<arg>BH</arg>
<arg>BI</arg>
<arg>BJ</arg>
<arg>BL</arg>
<arg>BM</arg>
<arg>BN</arg>
<arg>BO</arg>
<arg>BQ</arg>
<arg>BR</arg>
<arg>BS</arg>
<arg>BT</arg>
<arg>BV</arg>
<arg>BW</arg>
<arg>BY</arg>
<arg>BZ</arg>
<arg>CA</arg>
<arg>CC</arg>
<arg>CD</arg>
<arg>CF</arg>
<arg>CG</arg>
<arg>CH</arg>
<arg>CI</arg>
<arg>CK</arg>
<arg>CL</arg>
<arg>CM</arg>
<arg>CN</arg>
<arg>CO</arg>
<arg>CR</arg>
<arg>CU</arg>
<arg>CV</arg>
<arg>CW</arg>
<arg>CX</arg>
<arg>CY</arg>
<arg>CZ</arg>
<arg>DE</arg>
<arg>DJ</arg>
<arg>DK</arg>
<arg>DM</arg>
<arg>DO</arg>
<arg>DZ</arg>
<arg>EC</arg>
<arg>EE</arg>
<arg>EG</arg>
<arg>EH</arg>
<arg>ER</arg>
<arg>ES</arg>
<arg>ET</arg>
<arg>FI</arg>
<arg>FJ</arg>
<arg>FK</arg>
<arg>FM</arg>
<arg>FO</arg>
<arg>FR</arg>
<arg>GA</arg>
<arg>GB</arg>
<arg>GD</arg>
<arg>GE</arg>
<arg>GF</arg>
<arg>GG</arg>
<arg>GH</arg>
<arg>GI</arg>
<arg>GL</arg>
<arg>GM</arg>
<arg>GN</arg>
<arg>GP</arg>
<arg>GQ</arg>
<arg>GR</arg>
<arg>GS</arg>
<arg>GT</arg>
<arg>GU</arg>
<arg>GW</arg>
<arg>GY</arg>
<arg>HK</arg>
<arg>HM</arg>
<arg>HN</arg>
<arg>HR</arg>
<arg>HT</arg>
<arg>HU</arg>
<arg>ID</arg>
<arg>IE</arg>
<arg>IL</arg>
<arg>IM</arg>
<arg>IN</arg>
<arg>IO</arg>
<arg>IQ</arg>
<arg>IR</arg>
<arg>IS</arg>
<arg>IT</arg>
<arg>JE</arg>
<arg>JM</arg>
<arg>JO</arg>
<arg>JP</arg>
<arg>KE</arg>
<arg>KG</arg>
<arg>KH</arg>
<arg>KI</arg>
<arg>KM</arg>
<arg>KN</arg>
<arg>KP</arg>
<arg>KR</arg>
<arg>KW</arg>
<arg>KY</arg>
<arg>KZ</arg>
<arg>LA</arg>
<arg>LB</arg>
<arg>LC</arg>
<arg>LI</arg>
<arg>LK</arg>
<arg>LR</arg>
<arg>LS</arg>
<arg>LT</arg>
<arg>LU</arg>
<arg>LV</arg>
<arg>LY</arg>
<arg>MA</arg>
<arg>MC</arg>
<arg>MD</arg>
<arg>ME</arg>
<arg>MF</arg>
<arg>MG</arg>
<arg>MH</arg>
<arg>MK</arg>
<arg>ML</arg>
<arg>MM</arg>
<arg>MN</arg>
<arg>MO</arg>
<arg>MP</arg>
<arg>MQ</arg>
<arg>MR</arg>
<arg>MS</arg>
<arg>MT</arg>
<arg>MU</arg>
<arg>MV</arg>
<arg>MW</arg>
<arg>MX</arg>
<arg>MY</arg>
<arg>MZ</arg>
<arg>NA</arg>
<arg>NC</arg>
<arg>NE</arg>
<arg>NF</arg>
<arg>NG</arg>
<arg>NI</arg>
<arg>NL</arg>
<arg>NO</arg>
<arg>NP</arg>
<arg>NR</arg>
<arg>NU</arg>
<arg>NZ</arg>
<arg>OM</arg>
<arg>PA</arg>
<arg>PE</arg>
<arg>PF</arg>
<arg>PG</arg>
<arg>PH</arg>
<arg>PK</arg>
<arg>PL</arg>
<arg>PM</arg>
<arg>PN</arg>
<arg>PR</arg>
<arg>PS</arg>
<arg>PT</arg>
<arg>PW</arg>
<arg>PY</arg>
<arg>QA</arg>
<arg>RE</arg>
<arg>RO</arg>
<arg>RS</arg>
<arg>RU</arg>
<arg>RW</arg>
<arg>SA</arg>
<arg>SB</arg>
<arg>SC</arg>
<arg>SD</arg>
<arg>SE</arg>
<arg>SG</arg>
<arg>SH</arg>
<arg>SI</arg>
<arg>SJ</arg>
<arg>SK</arg>
<arg>SL</arg>
<arg>SM</arg>
<arg>SN</arg>
<arg>SO</arg>
<arg>SR</arg>
<arg>SS</arg>
<arg>ST</arg>
<arg>SV</arg>
<arg>SX</arg>
<arg>SY</arg>
<arg>SZ</arg>
<arg>TC</arg>
<arg>TD</arg>
<arg>TF</arg>
<arg>TG</arg>
<arg>TH</arg>
<arg>TJ</arg>
<arg>TK</arg>
<arg>TL</arg>
<arg>TM</arg>
<arg>TN</arg>
<arg>TO</arg>
<arg>TR</arg>
<arg>TT</arg>
<arg>TV</arg>
<arg>TW</arg>
<arg>TZ</arg>
<arg>UA</arg>
<arg>UG</arg>
<arg>UM</arg>
<arg>US</arg>
<arg>UY</arg>
<arg>UZ</arg>
<arg>VA</arg>
<arg>VC</arg>
<arg>VE</arg>
<arg>VG</arg>
<arg>VI</arg>
<arg>VN</arg>
<arg>VU</arg>
<arg>WF</arg>
<arg>WS</arg>
<arg>XK</arg>
<arg>YE</arg>
<arg>YT</arg>
<arg>ZA</arg>
<arg>ZM</arg>
<arg>ZW</arg>
<doc>Returns a list containing given items.</doc>
<status status="PASS" start="2024-08-03T10:15:12.480358" elapsed="0.000618"/>
</kw>
<kw name="List Should Contain Value" owner="Collections">
<arg>${list_country}</arg>
<arg>${name_country}</arg>
<doc>Fails if the ``value`` is not found from ``list``.</doc>
<status status="PASS" start="2024-08-03T10:15:12.481959" elapsed="0.000210"/>
</kw>
<kw name="Run Keyword If" owner="BuiltIn">
<kw name="Should Be True" owner="BuiltIn">
<arg>${True}</arg>
<doc>Fails if the given condition is not true.</doc>
<status status="PASS" start="2024-08-03T10:15:12.483143" elapsed="0.000144"/>
</kw>
<arg>${json_data["results"][0]["location"]["coordinates"]["latitude"]} &gt;= -90 and ${json_data["results"][0]["location"]["coordinates"]["latitude"]} &lt;= 90</arg>
<arg>Should Be True</arg>
<arg>${True}</arg>
<doc>Runs the given keyword with the given arguments, if ``condition`` is true.</doc>
<status status="PASS" start="2024-08-03T10:15:12.482371" elapsed="0.001042"/>
</kw>
<kw name="Run Keyword If" owner="BuiltIn">
<kw name="Should Be True" owner="BuiltIn">
<arg>${True}</arg>
<doc>Fails if the given condition is not true.</doc>
<status status="PASS" start="2024-08-03T10:15:12.484312" elapsed="0.000136"/>
</kw>
<arg>${json_data["results"][0]["location"]["coordinates"]["longitude"]} &gt;= -180 and ${json_data["results"][0]["location"]["coordinates"]["longitude"]} &lt;= 180</arg>
<arg>Should Be True</arg>
<arg>${True}</arg>
<doc>Runs the given keyword with the given arguments, if ``condition`` is true.</doc>
<status status="PASS" start="2024-08-03T10:15:12.483616" elapsed="0.000954"/>
</kw>
<status status="PASS" start="2024-08-03T10:15:12.267797" elapsed="0.216902"/>
</kw>
<doc>Testa o conteúdo específico dos campos retornados pela API.</doc>
<tag>testeConteudo</tag>
<status status="PASS" start="2024-08-03T10:15:12.267297" elapsed="0.217552"/>
</test>
<status status="PASS" start="2024-08-03T10:15:10.623051" elapsed="1.863717"/>
</suite>
<status status="PASS" start="2024-08-03T10:15:10.608354" elapsed="1.883562"/>
</suite>
<statistics>
<total>
<stat pass="5" fail="0" skip="0">All Tests</stat>
</total>
<tag>
<stat pass="1" fail="0" skip="0">testeConteudo</stat>
<stat pass="1" fail="0" skip="0">testeEstruturaResposta</stat>
<stat pass="1" fail="0" skip="0">testeRequisicaoBasica</stat>
<stat pass="1" fail="0" skip="0">testeTiposDados</stat>
</tag>
<suite>
<stat pass="5" fail="0" skip="0" id="s1" name="Tests">Tests</stat>
<stat pass="5" fail="0" skip="0" id="s1-s1" name="Random-User-Test">Tests.Random-User-Test</stat>
</suite>
</statistics>
<errors>
</errors>
</robot>
