<?xml version="1.0" encoding="UTF-8"?>
<robot generator="Robot 7.0 (Python 3.12.2 on linux)" generated="2024-03-24T07:11:41.443571" rpa="false" schemaversion="5">
<suite id="s1" name="Tests" source="/home/runner/work/DesafioQAItauRogerioJordao/DesafioQAItauRogerioJordao/RamdonUser/tests">
<suite id="s1-s1" name="Random-User-Test" source="/home/runner/work/DesafioQAItauRogerioJordao/DesafioQAItauRogerioJordao/RamdonUser/tests/random-user-test.robot">
<test id="s1-s1-t1" name="Conectar" line="13">
<kw name="Conectar API" owner="random-user-service">
<kw name="Create Session" owner="RequestsLibrary">
<msg time="2024-03-24T07:11:41.817814" level="INFO">Creating Session using : alias=consultarAPI, url=https://randomuser.me/, headers={},                     cookies={}, auth=None, timeout=None, proxies=None, verify=False,                     debug=0 </msg>
<arg>consultarAPI</arg>
<arg>${URL}</arg>
<doc>Create Session: create a HTTP session to a server</doc>
<status status="PASS" start="2024-03-24T07:11:41.817610" elapsed="0.000392"/>
</kw>
<status status="PASS" start="2024-03-24T07:11:41.816540" elapsed="0.001825"/>
</kw>
<status status="PASS" start="2024-03-24T07:11:41.815903" elapsed="0.002667"/>
</test>
<test id="s1-s1-t2" name="Validar retorno 200 e JSON Válido" line="16">
<kw name="Teste de Requisicao Basica" owner="random-user-service">
<kw name="GET On Session" owner="RequestsLibrary">
<msg time="2024-03-24T07:11:42.072656" level="INFO">GET Request : url=https://randomuser.me/api 
 path_url=/api 
 headers={'User-Agent': 'python-requests/2.31.0', 'Accept-Encoding': 'gzip, deflate', 'Accept': '*/*', 'Connection': 'keep-alive'} 
 body=None 
 </msg>
<msg time="2024-03-24T07:11:42.072812" level="INFO">GET Response : url=https://randomuser.me/api 
 status=200, reason=OK 
 headers={'Date': 'Sun, 24 Mar 2024 07:11:42 GMT', 'Content-Type': 'application/json; charset=utf-8', 'Transfer-Encoding': 'chunked', 'Connection': 'keep-alive', 'X-Powered-By': 'Express', 'Access-Control-Allow-Origin': '*', 'Cache-Control': 'no-cache', 'ETag': 'W/"48c-jIX97ffi0/iSyOoNcPYXLV6BOlI"', 'Vary': 'Accept-Encoding', 'Content-Encoding': 'gzip', 'CF-Cache-Status': 'DYNAMIC', 'Report-To': '{"endpoints":[{"url":"https:\\/\\/a.nel.cloudflare.com\\/report\\/v4?s=KSgRxLkXd90B3HMx0JgMLFgqFkkG0TdvMSuVXYmY6tyxUz1zmrgYv55lxE4TgsY6dQd91fDKdl7isBc91MMXHX4r3RFgBvwtHonLntjCd1kdGJWbhExOVEwT249SQM7W"}],"group":"cf-nel","max_age":604800}', 'NEL': '{"success_fraction":0,"report_to":"cf-nel","max_age":604800}', 'Server': 'cloudflare', 'CF-RAY': '8694d93f9a83125d-ORD', 'alt-svc': 'h3=":443"; ma=86400'} 
 body={"results":[{"gender":"male","name":{"title":"Mr","first":"Patrick","last":"Willis"},"location":{"street":{"number":6396,"name":"Cherry St"},"city":"Perth","state":"Australian Capital Territory","country":"Australia","postcode":4690,"coordinates":{"latitude":"-85.5410","longitude":"-0.7858"},"timezone":{"offset":"-8:00","description":"Pacific Time (US &amp; Canada)"}},"email":"patrick.willis@example.com","login":{"uuid":"cf2a1a03-db67-4f2c-aeb4-74c95381bca8","username":"sadfish506","password":"tracy","salt":"ZSyE7jXN","md5":"fa92f7025187c6a729a96283dbbe4b25","sha1":"a63dd3c745b6e026fbf5b717b264278d2895212c","sha256":"33812340a0f851ec09a52ce1ab647a13fea8f214d86b10b8cdd62c7b2e8d8600"},"dob":{"date":"1960-08-25T07:14:36.418Z","age":63},"registered":{"date":"2018-01-01T00:05:26.351Z","age":6},"phone":"03-2517-7654","cell":"0410-201-184","id":{"name":"TFN","value":"227968852"},"picture":{"large":"https://randomuser.me/api/portraits/men/59.jpg","medium":"https://randomuser.me/api/portraits/med/men/59.jpg","thumbnail":"https://randomuser.me/api/portraits/thumb/men/59.jpg"},"nat":"AU"}],"info":{"seed":"05799741ac631fde","results":1,"page":1,"version":"1.4"}} 
 </msg>
<msg time="2024-03-24T07:11:42.072923" level="INFO">/opt/hostedtoolcache/Python/3.12.2/x64/lib/python3.12/site-packages/urllib3/connectionpool.py:1103: InsecureRequestWarning: Unverified HTTPS request is being made to host 'randomuser.me'. Adding certificate verification is strongly advised. See: https://urllib3.readthedocs.io/en/latest/advanced-usage.html#tls-warnings
  warnings.warn(</msg>
<msg time="2024-03-24T07:11:42.073092" level="INFO">${response} = &lt;Response [200]&gt;</msg>
<var>${response}</var>
<arg>consultarAPI</arg>
<arg>/api</arg>
<doc>Sends a GET request on a previously created HTTP Session.</doc>
<status status="PASS" start="2024-03-24T07:11:41.821272" elapsed="0.251865"/>
</kw>
<kw name="Should Be Equal As Numbers" owner="BuiltIn">
<msg time="2024-03-24T07:11:42.074185" level="INFO">Argument types are:
&lt;class 'int'&gt;
&lt;class 'str'&gt;</msg>
<arg>${response.status_code}</arg>
<arg>200</arg>
<doc>Fails if objects are unequal after converting them to real numbers.</doc>
<status status="PASS" start="2024-03-24T07:11:42.073712" elapsed="0.000542"/>
</kw>
<kw name="Log" owner="BuiltIn">
<msg time="2024-03-24T07:11:42.074936" level="INFO">200</msg>
<arg>${response.status_code}</arg>
<doc>Logs the given message with the given level.</doc>
<status status="PASS" start="2024-03-24T07:11:42.074580" elapsed="0.000399"/>
</kw>
<kw name="Set Variable" owner="BuiltIn">
<msg time="2024-03-24T07:11:42.075792" level="INFO">${json_data} = {'results': [{'gender': 'male', 'name': {'title': 'Mr', 'first': 'Patrick', 'last': 'Willis'}, 'location': {'street': {'number': 6396, 'name': 'Cherry St'}, 'city': 'Perth', 'state': 'Australian Capit...</msg>
<var>${json_data}</var>
<arg>${response.json()}</arg>
<doc>Returns the given values which can then be assigned to a variables.</doc>
<status status="PASS" start="2024-03-24T07:11:42.075307" elapsed="0.000513"/>
</kw>
<kw name="Dictionary Should Contain Key" owner="Collections">
<msg time="2024-03-24T07:11:42.076292" level="INFO">False</msg>
<arg>${json_data}</arg>
<arg>results</arg>
<doc>Fails if ``key`` is not found from ``dictionary``.</doc>
<status status="PASS" start="2024-03-24T07:11:42.076124" elapsed="0.000208"/>
</kw>
<status status="PASS" start="2024-03-24T07:11:41.821014" elapsed="0.255578"/>
</kw>
<doc>Testa se a API responde corretamente e retorna um objeto JSON válido.</doc>
<tag>testeRequisicaoBasica</tag>
<status status="PASS" start="2024-03-24T07:11:41.820466" elapsed="0.256318"/>
</test>
<test id="s1-s1-t3" name="Validar estrutura de resposta" line="22">
<kw name="Teste de Estrutura de Resposta" owner="random-user-service">
<kw name="GET On Session" owner="RequestsLibrary">
<msg time="2024-03-24T07:11:42.162374" level="INFO">GET Request : url=https://randomuser.me/api 
 path_url=/api 
 headers={'User-Agent': 'python-requests/2.31.0', 'Accept-Encoding': 'gzip, deflate', 'Accept': '*/*', 'Connection': 'keep-alive'} 
 body=None 
 </msg>
<msg time="2024-03-24T07:11:42.162492" level="INFO">GET Response : url=https://randomuser.me/api 
 status=200, reason=OK 
 headers={'Date': 'Sun, 24 Mar 2024 07:11:42 GMT', 'Content-Type': 'application/json; charset=utf-8', 'Transfer-Encoding': 'chunked', 'Connection': 'keep-alive', 'X-Powered-By': 'Express', 'Access-Control-Allow-Origin': '*', 'Cache-Control': 'no-cache', 'ETag': 'W/"47b-Oxd1tzYQBE+Xgbg4Y36yCvFnuwM"', 'Vary': 'Accept-Encoding', 'Content-Encoding': 'gzip', 'CF-Cache-Status': 'DYNAMIC', 'Report-To': '{"endpoints":[{"url":"https:\\/\\/a.nel.cloudflare.com\\/report\\/v4?s=9%2FBOAii651HY%2BqmSKn2mf%2BBqZeZHHDqwpHT0h%2BJdfeCHt%2FWjah6z%2F1HN06ajflwpLJ8LRDp5rhoBQVvCd%2BMSs3M4j1%2FZ%2B69Qvpn8LdYd5apf%2Fn5dWXjaMoN5RfhjOfTH"}],"group":"cf-nel","max_age":604800}', 'NEL': '{"success_fraction":0,"report_to":"cf-nel","max_age":604800}', 'Server': 'cloudflare', 'CF-RAY': '8694d93ffaac125d-ORD', 'alt-svc': 'h3=":443"; ma=86400'} 
 body={"results":[{"gender":"female","name":{"title":"Miss","first":"Grace","last":"Lawson"},"location":{"street":{"number":832,"name":"Park Road"},"city":"Leicester","state":"Durham","country":"United Kingdom","postcode":"IX3F 3BN","coordinates":{"latitude":"-9.5020","longitude":"101.8235"},"timezone":{"offset":"+4:30","description":"Kabul"}},"email":"grace.lawson@example.com","login":{"uuid":"682a1975-fd0a-4dab-b2bb-afaf5539d857","username":"sadmouse943","password":"recon","salt":"2bNZOU7i","md5":"79489fd91f0f3314b79a685c13229355","sha1":"da1a6e8e5873c551269ae3cdd013b09262f66bd8","sha256":"ee04a9353ef95482612419a8aa15fb18c905d675db41f11a7fca1ce78f8f83c2"},"dob":{"date":"1980-10-31T02:16:23.448Z","age":43},"registered":{"date":"2021-03-24T10:56:38.014Z","age":2},"phone":"015394 06499","cell":"07970 343662","id":{"name":"NINO","value":"GW 50 01 06 J"},"picture":{"large":"https://randomuser.me/api/portraits/women/31.jpg","medium":"https://randomuser.me/api/portraits/med/women/31.jpg","thumbnail":"https://randomuser.me/api/portraits/thumb/women/31.jpg"},"nat":"GB"}],"info":{"seed":"1c64a8015a076d65","results":1,"page":1,"version":"1.4"}} 
 </msg>
<msg time="2024-03-24T07:11:42.162655" level="INFO">/opt/hostedtoolcache/Python/3.12.2/x64/lib/python3.12/site-packages/urllib3/connectionpool.py:1103: InsecureRequestWarning: Unverified HTTPS request is being made to host 'randomuser.me'. Adding certificate verification is strongly advised. See: https://urllib3.readthedocs.io/en/latest/advanced-usage.html#tls-warnings
  warnings.warn(</msg>
<msg time="2024-03-24T07:11:42.162802" level="INFO">${response} = &lt;Response [200]&gt;</msg>
<var>${response}</var>
<arg>consultarAPI</arg>
<arg>/api</arg>
<doc>Sends a GET request on a previously created HTTP Session.</doc>
<status status="PASS" start="2024-03-24T07:11:42.079963" elapsed="0.082880"/>
</kw>
<kw name="Set Variable" owner="BuiltIn">
<msg time="2024-03-24T07:11:42.163933" level="INFO">${json_data} = {'results': [{'gender': 'female', 'name': {'title': 'Miss', 'first': 'Grace', 'last': 'Lawson'}, 'location': {'street': {'number': 832, 'name': 'Park Road'}, 'city': 'Leicester', 'state': 'Durham', 'c...</msg>
<var>${json_data}</var>
<arg>${response.json()}</arg>
<doc>Returns the given values which can then be assigned to a variables.</doc>
<status status="PASS" start="2024-03-24T07:11:42.163371" elapsed="0.000591"/>
</kw>
<kw name="Log" owner="BuiltIn">
<msg time="2024-03-24T07:11:42.164441" level="INFO">{'results': [{'gender': 'female', 'name': {'title': 'Miss', 'first': 'Grace', 'last': 'Lawson'}, 'location': {'street': {'number': 832, 'name': 'Park Road'}, 'city': 'Leicester', 'state': 'Durham', 'country': 'United Kingdom', 'postcode': 'IX3F 3BN', 'coordinates': {'latitude': '-9.5020', 'longitude': '101.8235'}, 'timezone': {'offset': '+4:30', 'description': 'Kabul'}}, 'email': 'grace.lawson@example.com', 'login': {'uuid': '682a1975-fd0a-4dab-b2bb-afaf5539d857', 'username': 'sadmouse943', 'password': 'recon', 'salt': '2bNZOU7i', 'md5': '79489fd91f0f3314b79a685c13229355', 'sha1': 'da1a6e8e5873c551269ae3cdd013b09262f66bd8', 'sha256': 'ee04a9353ef95482612419a8aa15fb18c905d675db41f11a7fca1ce78f8f83c2'}, 'dob': {'date': '1980-10-31T02:16:23.448Z', 'age': 43}, 'registered': {'date': '2021-03-24T10:56:38.014Z', 'age': 2}, 'phone': '015394 06499', 'cell': '07970 343662', 'id': {'name': 'NINO', 'value': 'GW 50 01 06 J'}, 'picture': {'large': 'https://randomuser.me/api/portraits/women/31.jpg', 'medium': 'https://randomuser.me/api/portraits/med/women/31.jpg', 'thumbnail': 'https://randomuser.me/api/portraits/thumb/women/31.jpg'}, 'nat': 'GB'}], 'info': {'seed': '1c64a8015a076d65', 'results': 1, 'page': 1, 'version': '1.4'}}</msg>
<arg>${json_data}</arg>
<doc>Logs the given message with the given level.</doc>
<status status="PASS" start="2024-03-24T07:11:42.164279" elapsed="0.000209"/>
</kw>
<kw name="Dictionary Should Contain Key" owner="Collections">
<msg time="2024-03-24T07:11:42.164950" level="INFO">False</msg>
<arg>${json_data}</arg>
<arg>results</arg>
<doc>Fails if ``key`` is not found from ``dictionary``.</doc>
<status status="PASS" start="2024-03-24T07:11:42.164789" elapsed="0.000199"/>
</kw>
<kw name="Should Not Be Empty" owner="BuiltIn">
<msg time="2024-03-24T07:11:42.165425" level="INFO">Length is 2.</msg>
<arg>${json_data}</arg>
<doc>Verifies that the given item is not empty.</doc>
<status status="PASS" start="2024-03-24T07:11:42.165288" elapsed="0.000176"/>
</kw>
<kw name="Create List" owner="BuiltIn">
<msg time="2024-03-24T07:11:42.165905" level="INFO">${expected_keys} = ['gender', 'name', 'location', 'email', 'login']</msg>
<var>${expected_keys}</var>
<arg>gender</arg>
<arg>name</arg>
<arg>location</arg>
<arg>email</arg>
<arg>login</arg>
<doc>Returns a list containing given items.</doc>
<status status="PASS" start="2024-03-24T07:11:42.165755" elapsed="0.000175"/>
</kw>
<for flavor="IN">
<iter>
<kw name="Dictionary Should Contain Key" owner="Collections">
<msg time="2024-03-24T07:11:42.166932" level="INFO">False</msg>
<arg>${json_data['results'][0]}</arg>
<arg>${key}</arg>
<doc>Fails if ``key`` is not found from ``dictionary``.</doc>
<status status="PASS" start="2024-03-24T07:11:42.166526" elapsed="0.000445"/>
</kw>
<kw name="Log" owner="BuiltIn">
<msg time="2024-03-24T07:11:42.167693" level="INFO">{'gender': 'female', 'name': {'title': 'Miss', 'first': 'Grace', 'last': 'Lawson'}, 'location': {'street': {'number': 832, 'name': 'Park Road'}, 'city': 'Leicester', 'state': 'Durham', 'country': 'United Kingdom', 'postcode': 'IX3F 3BN', 'coordinates': {'latitude': '-9.5020', 'longitude': '101.8235'}, 'timezone': {'offset': '+4:30', 'description': 'Kabul'}}, 'email': 'grace.lawson@example.com', 'login': {'uuid': '682a1975-fd0a-4dab-b2bb-afaf5539d857', 'username': 'sadmouse943', 'password': 'recon', 'salt': '2bNZOU7i', 'md5': '79489fd91f0f3314b79a685c13229355', 'sha1': 'da1a6e8e5873c551269ae3cdd013b09262f66bd8', 'sha256': 'ee04a9353ef95482612419a8aa15fb18c905d675db41f11a7fca1ce78f8f83c2'}, 'dob': {'date': '1980-10-31T02:16:23.448Z', 'age': 43}, 'registered': {'date': '2021-03-24T10:56:38.014Z', 'age': 2}, 'phone': '015394 06499', 'cell': '07970 343662', 'id': {'name': 'NINO', 'value': 'GW 50 01 06 J'}, 'picture': {'large': 'https://randomuser.me/api/portraits/women/31.jpg', 'medium': 'https://randomuser.me/api/portraits/med/women/31.jpg', 'thumbnail': 'https://randomuser.me/api/portraits/thumb/women/31.jpg'}, 'nat': 'GB'}</msg>
<arg>${json_data['results'][0]}</arg>
<doc>Logs the given message with the given level.</doc>
<status status="PASS" start="2024-03-24T07:11:42.167280" elapsed="0.000467"/>
</kw>
<kw name="Log" owner="BuiltIn">
<msg time="2024-03-24T07:11:42.168186" level="INFO">gender</msg>
<arg>${key}</arg>
<doc>Logs the given message with the given level.</doc>
<status status="PASS" start="2024-03-24T07:11:42.168055" elapsed="0.000169"/>
</kw>
<var name="${key}">gender</var>
<status status="PASS" start="2024-03-24T07:11:42.166393" elapsed="0.002056"/>
</iter>
<iter>
<kw name="Dictionary Should Contain Key" owner="Collections">
<msg time="2024-03-24T07:11:42.169152" level="INFO">False</msg>
<arg>${json_data['results'][0]}</arg>
<arg>${key}</arg>
<doc>Fails if ``key`` is not found from ``dictionary``.</doc>
<status status="PASS" start="2024-03-24T07:11:42.168759" elapsed="0.000430"/>
</kw>
<kw name="Log" owner="BuiltIn">
<msg time="2024-03-24T07:11:42.169887" level="INFO">{'gender': 'female', 'name': {'title': 'Miss', 'first': 'Grace', 'last': 'Lawson'}, 'location': {'street': {'number': 832, 'name': 'Park Road'}, 'city': 'Leicester', 'state': 'Durham', 'country': 'United Kingdom', 'postcode': 'IX3F 3BN', 'coordinates': {'latitude': '-9.5020', 'longitude': '101.8235'}, 'timezone': {'offset': '+4:30', 'description': 'Kabul'}}, 'email': 'grace.lawson@example.com', 'login': {'uuid': '682a1975-fd0a-4dab-b2bb-afaf5539d857', 'username': 'sadmouse943', 'password': 'recon', 'salt': '2bNZOU7i', 'md5': '79489fd91f0f3314b79a685c13229355', 'sha1': 'da1a6e8e5873c551269ae3cdd013b09262f66bd8', 'sha256': 'ee04a9353ef95482612419a8aa15fb18c905d675db41f11a7fca1ce78f8f83c2'}, 'dob': {'date': '1980-10-31T02:16:23.448Z', 'age': 43}, 'registered': {'date': '2021-03-24T10:56:38.014Z', 'age': 2}, 'phone': '015394 06499', 'cell': '07970 343662', 'id': {'name': 'NINO', 'value': 'GW 50 01 06 J'}, 'picture': {'large': 'https://randomuser.me/api/portraits/women/31.jpg', 'medium': 'https://randomuser.me/api/portraits/med/women/31.jpg', 'thumbnail': 'https://randomuser.me/api/portraits/thumb/women/31.jpg'}, 'nat': 'GB'}</msg>
<arg>${json_data['results'][0]}</arg>
<doc>Logs the given message with the given level.</doc>
<status status="PASS" start="2024-03-24T07:11:42.169524" elapsed="0.000411"/>
</kw>
<kw name="Log" owner="BuiltIn">
<msg time="2024-03-24T07:11:42.170368" level="INFO">name</msg>
<arg>${key}</arg>
<doc>Logs the given message with the given level.</doc>
<status status="PASS" start="2024-03-24T07:11:42.170237" elapsed="0.000169"/>
</kw>
<var name="${key}">name</var>
<status status="PASS" start="2024-03-24T07:11:42.168641" elapsed="0.001985"/>
</iter>
<iter>
<kw name="Dictionary Should Contain Key" owner="Collections">
<msg time="2024-03-24T07:11:42.171300" level="INFO">False</msg>
<arg>${json_data['results'][0]}</arg>
<arg>${key}</arg>
<doc>Fails if ``key`` is not found from ``dictionary``.</doc>
<status status="PASS" start="2024-03-24T07:11:42.170920" elapsed="0.000418"/>
</kw>
<kw name="Log" owner="BuiltIn">
<msg time="2024-03-24T07:11:42.172059" level="INFO">{'gender': 'female', 'name': {'title': 'Miss', 'first': 'Grace', 'last': 'Lawson'}, 'location': {'street': {'number': 832, 'name': 'Park Road'}, 'city': 'Leicester', 'state': 'Durham', 'country': 'United Kingdom', 'postcode': 'IX3F 3BN', 'coordinates': {'latitude': '-9.5020', 'longitude': '101.8235'}, 'timezone': {'offset': '+4:30', 'description': 'Kabul'}}, 'email': 'grace.lawson@example.com', 'login': {'uuid': '682a1975-fd0a-4dab-b2bb-afaf5539d857', 'username': 'sadmouse943', 'password': 'recon', 'salt': '2bNZOU7i', 'md5': '79489fd91f0f3314b79a685c13229355', 'sha1': 'da1a6e8e5873c551269ae3cdd013b09262f66bd8', 'sha256': 'ee04a9353ef95482612419a8aa15fb18c905d675db41f11a7fca1ce78f8f83c2'}, 'dob': {'date': '1980-10-31T02:16:23.448Z', 'age': 43}, 'registered': {'date': '2021-03-24T10:56:38.014Z', 'age': 2}, 'phone': '015394 06499', 'cell': '07970 343662', 'id': {'name': 'NINO', 'value': 'GW 50 01 06 J'}, 'picture': {'large': 'https://randomuser.me/api/portraits/women/31.jpg', 'medium': 'https://randomuser.me/api/portraits/med/women/31.jpg', 'thumbnail': 'https://randomuser.me/api/portraits/thumb/women/31.jpg'}, 'nat': 'GB'}</msg>
<arg>${json_data['results'][0]}</arg>
<doc>Logs the given message with the given level.</doc>
<status status="PASS" start="2024-03-24T07:11:42.171693" elapsed="0.000418"/>
</kw>
<kw name="Log" owner="BuiltIn">
<msg time="2024-03-24T07:11:42.172533" level="INFO">location</msg>
<arg>${key}</arg>
<doc>Logs the given message with the given level.</doc>
<status status="PASS" start="2024-03-24T07:11:42.172406" elapsed="0.000166"/>
</kw>
<var name="${key}">location</var>
<status status="PASS" start="2024-03-24T07:11:42.170806" elapsed="0.001982"/>
</iter>
<iter>
<kw name="Dictionary Should Contain Key" owner="Collections">
<msg time="2024-03-24T07:11:42.173453" level="INFO">False</msg>
<arg>${json_data['results'][0]}</arg>
<arg>${key}</arg>
<doc>Fails if ``key`` is not found from ``dictionary``.</doc>
<status status="PASS" start="2024-03-24T07:11:42.173075" elapsed="0.000416"/>
</kw>
<kw name="Log" owner="BuiltIn">
<msg time="2024-03-24T07:11:42.174152" level="INFO">{'gender': 'female', 'name': {'title': 'Miss', 'first': 'Grace', 'last': 'Lawson'}, 'location': {'street': {'number': 832, 'name': 'Park Road'}, 'city': 'Leicester', 'state': 'Durham', 'country': 'United Kingdom', 'postcode': 'IX3F 3BN', 'coordinates': {'latitude': '-9.5020', 'longitude': '101.8235'}, 'timezone': {'offset': '+4:30', 'description': 'Kabul'}}, 'email': 'grace.lawson@example.com', 'login': {'uuid': '682a1975-fd0a-4dab-b2bb-afaf5539d857', 'username': 'sadmouse943', 'password': 'recon', 'salt': '2bNZOU7i', 'md5': '79489fd91f0f3314b79a685c13229355', 'sha1': 'da1a6e8e5873c551269ae3cdd013b09262f66bd8', 'sha256': 'ee04a9353ef95482612419a8aa15fb18c905d675db41f11a7fca1ce78f8f83c2'}, 'dob': {'date': '1980-10-31T02:16:23.448Z', 'age': 43}, 'registered': {'date': '2021-03-24T10:56:38.014Z', 'age': 2}, 'phone': '015394 06499', 'cell': '07970 343662', 'id': {'name': 'NINO', 'value': 'GW 50 01 06 J'}, 'picture': {'large': 'https://randomuser.me/api/portraits/women/31.jpg', 'medium': 'https://randomuser.me/api/portraits/med/women/31.jpg', 'thumbnail': 'https://randomuser.me/api/portraits/thumb/women/31.jpg'}, 'nat': 'GB'}</msg>
<arg>${json_data['results'][0]}</arg>
<doc>Logs the given message with the given level.</doc>
<status status="PASS" start="2024-03-24T07:11:42.173791" elapsed="0.000409"/>
</kw>
<kw name="Log" owner="BuiltIn">
<msg time="2024-03-24T07:11:42.174623" level="INFO">email</msg>
<arg>${key}</arg>
<doc>Logs the given message with the given level.</doc>
<status status="PASS" start="2024-03-24T07:11:42.174495" elapsed="0.000167"/>
</kw>
<var name="${key}">email</var>
<status status="PASS" start="2024-03-24T07:11:42.172963" elapsed="0.001919"/>
</iter>
<iter>
<kw name="Dictionary Should Contain Key" owner="Collections">
<msg time="2024-03-24T07:11:42.175616" level="INFO">False</msg>
<arg>${json_data['results'][0]}</arg>
<arg>${key}</arg>
<doc>Fails if ``key`` is not found from ``dictionary``.</doc>
<status status="PASS" start="2024-03-24T07:11:42.175185" elapsed="0.000469"/>
</kw>
<kw name="Log" owner="BuiltIn">
<msg time="2024-03-24T07:11:42.176317" level="INFO">{'gender': 'female', 'name': {'title': 'Miss', 'first': 'Grace', 'last': 'Lawson'}, 'location': {'street': {'number': 832, 'name': 'Park Road'}, 'city': 'Leicester', 'state': 'Durham', 'country': 'United Kingdom', 'postcode': 'IX3F 3BN', 'coordinates': {'latitude': '-9.5020', 'longitude': '101.8235'}, 'timezone': {'offset': '+4:30', 'description': 'Kabul'}}, 'email': 'grace.lawson@example.com', 'login': {'uuid': '682a1975-fd0a-4dab-b2bb-afaf5539d857', 'username': 'sadmouse943', 'password': 'recon', 'salt': '2bNZOU7i', 'md5': '79489fd91f0f3314b79a685c13229355', 'sha1': 'da1a6e8e5873c551269ae3cdd013b09262f66bd8', 'sha256': 'ee04a9353ef95482612419a8aa15fb18c905d675db41f11a7fca1ce78f8f83c2'}, 'dob': {'date': '1980-10-31T02:16:23.448Z', 'age': 43}, 'registered': {'date': '2021-03-24T10:56:38.014Z', 'age': 2}, 'phone': '015394 06499', 'cell': '07970 343662', 'id': {'name': 'NINO', 'value': 'GW 50 01 06 J'}, 'picture': {'large': 'https://randomuser.me/api/portraits/women/31.jpg', 'medium': 'https://randomuser.me/api/portraits/med/women/31.jpg', 'thumbnail': 'https://randomuser.me/api/portraits/thumb/women/31.jpg'}, 'nat': 'GB'}</msg>
<arg>${json_data['results'][0]}</arg>
<doc>Logs the given message with the given level.</doc>
<status status="PASS" start="2024-03-24T07:11:42.175953" elapsed="0.000411"/>
</kw>
<kw name="Log" owner="BuiltIn">
<msg time="2024-03-24T07:11:42.176803" level="INFO">login</msg>
<arg>${key}</arg>
<doc>Logs the given message with the given level.</doc>
<status status="PASS" start="2024-03-24T07:11:42.176674" elapsed="0.000277"/>
</kw>
<var name="${key}">login</var>
<status status="PASS" start="2024-03-24T07:11:42.175057" elapsed="0.002124"/>
</iter>
<var>${key}</var>
<value>@{expected_keys}</value>
<status status="PASS" start="2024-03-24T07:11:42.166195" elapsed="0.011134"/>
</for>
<kw name="Create List" owner="BuiltIn">
<msg time="2024-03-24T07:11:42.177675" level="INFO">${expected_keysTwo} = ['username', 'password']</msg>
<var>${expected_keysTwo}</var>
<arg>username</arg>
<arg>password</arg>
<doc>Returns a list containing given items.</doc>
<status status="PASS" start="2024-03-24T07:11:42.177535" elapsed="0.000164"/>
</kw>
<for flavor="IN">
<iter>
<kw name="Dictionary Should Contain Key" owner="Collections">
<msg time="2024-03-24T07:11:42.178589" level="INFO">False</msg>
<arg>${json_data['results'][0]['login']}</arg>
<arg>${keyTwo}</arg>
<doc>Fails if ``key`` is not found from ``dictionary``.</doc>
<status status="PASS" start="2024-03-24T07:11:42.178205" elapsed="0.000421"/>
</kw>
<kw name="Dictionary Should Contain Key" owner="Collections">
<msg time="2024-03-24T07:11:42.179298" level="INFO">False</msg>
<arg>${json_data['results'][0]['login']}</arg>
<arg>${keyTwo}</arg>
<doc>Fails if ``key`` is not found from ``dictionary``.</doc>
<status status="PASS" start="2024-03-24T07:11:42.178919" elapsed="0.000417"/>
</kw>
<kw name="Log" owner="BuiltIn">
<msg time="2024-03-24T07:11:42.179808" level="INFO">username</msg>
<arg>${keyTwo}</arg>
<doc>Logs the given message with the given level.</doc>
<status status="PASS" start="2024-03-24T07:11:42.179677" elapsed="0.000169"/>
</kw>
<var name="${keyTwo}">username</var>
<status status="PASS" start="2024-03-24T07:11:42.178095" elapsed="0.001966"/>
</iter>
<iter>
<kw name="Dictionary Should Contain Key" owner="Collections">
<msg time="2024-03-24T07:11:42.180726" level="INFO">False</msg>
<arg>${json_data['results'][0]['login']}</arg>
<arg>${keyTwo}</arg>
<doc>Fails if ``key`` is not found from ``dictionary``.</doc>
<status status="PASS" start="2024-03-24T07:11:42.180346" elapsed="0.000418"/>
</kw>
<kw name="Dictionary Should Contain Key" owner="Collections">
<msg time="2024-03-24T07:11:42.181443" level="INFO">False</msg>
<arg>${json_data['results'][0]['login']}</arg>
<arg>${keyTwo}</arg>
<doc>Fails if ``key`` is not found from ``dictionary``.</doc>
<status status="PASS" start="2024-03-24T07:11:42.181054" elapsed="0.000432"/>
</kw>
<kw name="Log" owner="BuiltIn">
<msg time="2024-03-24T07:11:42.181911" level="INFO">password</msg>
<arg>${keyTwo}</arg>
<doc>Logs the given message with the given level.</doc>
<status status="PASS" start="2024-03-24T07:11:42.181782" elapsed="0.000166"/>
</kw>
<var name="${keyTwo}">password</var>
<status status="PASS" start="2024-03-24T07:11:42.180235" elapsed="0.001930"/>
</iter>
<var>${keyTwo}</var>
<value>@{expected_keysTwo}</value>
<status status="PASS" start="2024-03-24T07:11:42.177939" elapsed="0.004347"/>
</for>
<status status="PASS" start="2024-03-24T07:11:42.079614" elapsed="0.102817"/>
</kw>
<doc>Testa a estrutura da resposta da API.</doc>
<tag>testeEstruturaResposta</tag>
<status status="PASS" start="2024-03-24T07:11:42.078607" elapsed="0.103992"/>
</test>
<test id="s1-s1-t4" name="Validar tipos de dados" line="28">
<kw name="Teste de Tipos de Dados" owner="random-user-service">
<kw name="GET On Session" owner="RequestsLibrary">
<msg time="2024-03-24T07:11:42.273321" level="INFO">GET Request : url=https://randomuser.me/api 
 path_url=/api 
 headers={'User-Agent': 'python-requests/2.31.0', 'Accept-Encoding': 'gzip, deflate', 'Accept': '*/*', 'Connection': 'keep-alive'} 
 body=None 
 </msg>
<msg time="2024-03-24T07:11:42.273433" level="INFO">GET Response : url=https://randomuser.me/api 
 status=200, reason=OK 
 headers={'Date': 'Sun, 24 Mar 2024 07:11:42 GMT', 'Content-Type': 'application/json; charset=utf-8', 'Transfer-Encoding': 'chunked', 'Connection': 'keep-alive', 'X-Powered-By': 'Express', 'Access-Control-Allow-Origin': '*', 'Cache-Control': 'no-cache', 'ETag': 'W/"48b-IcSNLfgutitRqH5lvi84Q332voU"', 'Vary': 'Accept-Encoding', 'Content-Encoding': 'gzip', 'CF-Cache-Status': 'DYNAMIC', 'Report-To': '{"endpoints":[{"url":"https:\\/\\/a.nel.cloudflare.com\\/report\\/v4?s=LGTraHm6JprOoYY2mhExNmS0OZA6AB6SewkxPEmLOXVALEgIvsKDg9cFqhKgDUyqZ%2FL0dCij%2FMrEjjP%2B0JZYC%2BJTN5Aac6j%2BvZ8Ct88h29MFRCH2OzdQMWa4t5HRvHta"}],"group":"cf-nel","max_age":604800}', 'NEL': '{"success_fraction":0,"report_to":"cf-nel","max_age":604800}', 'Server': 'cloudflare', 'CF-RAY': '8694d940ab00125d-ORD', 'alt-svc': 'h3=":443"; ma=86400'} 
 body={"results":[{"gender":"male","name":{"title":"Mr","first":"Ailo","last":"Sørvik"},"location":{"street":{"number":2220,"name":"Trasoppterrassen"},"city":"Sigerfjord","state":"Hordaland","country":"Norway","postcode":"4841","coordinates":{"latitude":"46.3618","longitude":"-31.8599"},"timezone":{"offset":"-4:00","description":"Atlantic Time (Canada), Caracas, La Paz"}},"email":"ailo.sorvik@example.com","login":{"uuid":"0d43eb52-e2ef-4917-ba60-294e63df266f","username":"happybird243","password":"ncc1701e","salt":"3l57LhCm","md5":"f59a09250a474adc9e022f0d63aa9fa2","sha1":"49d2f0a5b7befbfecb32c868ff28397b6df3472c","sha256":"5fe8a5669c7a68a76e1b26e67b6a4646aa0c8a02c805911703fc821ce1b446e5"},"dob":{"date":"1979-03-08T23:47:16.976Z","age":45},"registered":{"date":"2007-11-23T11:53:17.963Z","age":16},"phone":"52891439","cell":"45647535","id":{"name":"FN","value":"08037903176"},"picture":{"large":"https://randomuser.me/api/portraits/men/93.jpg","medium":"https://randomuser.me/api/portraits/med/men/93.jpg","thumbnail":"https://randomuser.me/api/portraits/thumb/men/93.jpg"},"nat":"NO"}],"info":{"seed":"664e2ff90573919e","results":1,"page":1,"version":"1.4"}} 
 </msg>
<msg time="2024-03-24T07:11:42.273515" level="INFO">/opt/hostedtoolcache/Python/3.12.2/x64/lib/python3.12/site-packages/urllib3/connectionpool.py:1103: InsecureRequestWarning: Unverified HTTPS request is being made to host 'randomuser.me'. Adding certificate verification is strongly advised. See: https://urllib3.readthedocs.io/en/latest/advanced-usage.html#tls-warnings
  warnings.warn(</msg>
<msg time="2024-03-24T07:11:42.273650" level="INFO">${response} = &lt;Response [200]&gt;</msg>
<var>${response}</var>
<arg>consultarAPI</arg>
<arg>/api</arg>
<doc>Sends a GET request on a previously created HTTP Session.</doc>
<status status="PASS" start="2024-03-24T07:11:42.185105" elapsed="0.088589"/>
</kw>
<kw name="Set Variable" owner="BuiltIn">
<msg time="2024-03-24T07:11:42.274796" level="INFO">${json_data} = {'results': [{'gender': 'male', 'name': {'title': 'Mr', 'first': 'Ailo', 'last': 'Sørvik'}, 'location': {'street': {'number': 2220, 'name': 'Trasoppterrassen'}, 'city': 'Sigerfjord', 'state': 'Hordala...</msg>
<var>${json_data}</var>
<arg>${response.json()}</arg>
<doc>Returns the given values which can then be assigned to a variables.</doc>
<status status="PASS" start="2024-03-24T07:11:42.274263" elapsed="0.000562"/>
</kw>
<kw name="Log" owner="BuiltIn">
<msg time="2024-03-24T07:11:42.275300" level="INFO">{'results': [{'gender': 'male', 'name': {'title': 'Mr', 'first': 'Ailo', 'last': 'Sørvik'}, 'location': {'street': {'number': 2220, 'name': 'Trasoppterrassen'}, 'city': 'Sigerfjord', 'state': 'Hordaland', 'country': 'Norway', 'postcode': '4841', 'coordinates': {'latitude': '46.3618', 'longitude': '-31.8599'}, 'timezone': {'offset': '-4:00', 'description': 'Atlantic Time (Canada), Caracas, La Paz'}}, 'email': 'ailo.sorvik@example.com', 'login': {'uuid': '0d43eb52-e2ef-4917-ba60-294e63df266f', 'username': 'happybird243', 'password': 'ncc1701e', 'salt': '3l57LhCm', 'md5': 'f59a09250a474adc9e022f0d63aa9fa2', 'sha1': '49d2f0a5b7befbfecb32c868ff28397b6df3472c', 'sha256': '5fe8a5669c7a68a76e1b26e67b6a4646aa0c8a02c805911703fc821ce1b446e5'}, 'dob': {'date': '1979-03-08T23:47:16.976Z', 'age': 45}, 'registered': {'date': '2007-11-23T11:53:17.963Z', 'age': 16}, 'phone': '52891439', 'cell': '45647535', 'id': {'name': 'FN', 'value': '08037903176'}, 'picture': {'large': 'https://randomuser.me/api/portraits/men/93.jpg', 'medium': 'https://randomuser.me/api/portraits/med/men/93.jpg', 'thumbnail': 'https://randomuser.me/api/portraits/thumb/men/93.jpg'}, 'nat': 'NO'}], 'info': {'seed': '664e2ff90573919e', 'results': 1, 'page': 1, 'version': '1.4'}}</msg>
<arg>${json_data}</arg>
<doc>Logs the given message with the given level.</doc>
<status status="PASS" start="2024-03-24T07:11:42.275140" elapsed="0.000247"/>
</kw>
<kw name="Should Be String" owner="String">
<arg>${json_data['results'][0]['gender']}</arg>
<doc>Fails if the given ``item`` is not a string.</doc>
<status status="PASS" start="2024-03-24T07:11:42.275742" elapsed="0.000360"/>
</kw>
<kw name="Should Match Regexp" owner="BuiltIn">
<arg>${json_data['results'][0]['email']}</arg>
<arg>^[a-zA-Z0-9._%+-]+@[a-zA-Z0-9.-]+\.[a-zA-Z]{2,}$</arg>
<doc>Fails if ``string`` does not match ``pattern`` as a regular expression.</doc>
<status status="PASS" start="2024-03-24T07:11:42.276296" elapsed="0.000527"/>
</kw>
<kw name="Should Match Regexp" owner="BuiltIn">
<arg>${json_data['results'][0]['dob']['date']}</arg>
<arg>\\d{4}-\\d{2}-\\d{2}T\\d{2}:\\d{2}:\\d{2}\\.\\d{3}Z</arg>
<doc>Fails if ``string`` does not match ``pattern`` as a regular expression.</doc>
<status status="PASS" start="2024-03-24T07:11:42.277021" elapsed="0.000486"/>
</kw>
<kw name="Should Match Regexp" owner="BuiltIn">
<arg>${json_data['results'][0]['registered']['date']}</arg>
<arg>\\d{4}-\\d{2}-\\d{2}T\\d{2}:\\d{2}:\\d{2}\\.\\d{3}Z</arg>
<doc>Fails if ``string`` does not match ``pattern`` as a regular expression.</doc>
<status status="PASS" start="2024-03-24T07:11:42.277701" elapsed="0.000380"/>
</kw>
<kw name="Should Match Regexp" owner="BuiltIn">
<arg>${json_data['results'][0]['picture']['large']}</arg>
<arg>^https?://.*\.(?:png|jpe?g|gif|bmp)$</arg>
<doc>Fails if ``string`` does not match ``pattern`` as a regular expression.</doc>
<status status="PASS" start="2024-03-24T07:11:42.278279" elapsed="0.000466"/>
</kw>
<kw name="Should Match Regexp" owner="BuiltIn">
<arg>${json_data['results'][0]['picture']['medium']}</arg>
<arg>^https?://.*\.(?:png|jpe?g|gif|bmp)$</arg>
<doc>Fails if ``string`` does not match ``pattern`` as a regular expression.</doc>
<status status="PASS" start="2024-03-24T07:11:42.278999" elapsed="0.000401"/>
</kw>
<kw name="Should Match Regexp" owner="BuiltIn">
<arg>${json_data['results'][0]['picture']['thumbnail']}</arg>
<arg>^https?://.*\.(?:png|jpe?g|gif|bmp)$</arg>
<doc>Fails if ``string`` does not match ``pattern`` as a regular expression.</doc>
<status status="PASS" start="2024-03-24T07:11:42.279616" elapsed="0.000358"/>
</kw>
<kw name="Log" owner="BuiltIn">
<msg time="2024-03-24T07:11:42.280570" level="INFO">{'large': 'https://randomuser.me/api/portraits/men/93.jpg', 'medium': 'https://randomuser.me/api/portraits/med/men/93.jpg', 'thumbnail': 'https://randomuser.me/api/portraits/thumb/men/93.jpg'}</msg>
<arg>${json_data['results'][0]['picture']}</arg>
<doc>Logs the given message with the given level.</doc>
<status status="PASS" start="2024-03-24T07:11:42.280159" elapsed="0.000461"/>
</kw>
<status status="PASS" start="2024-03-24T07:11:42.184872" elapsed="0.096010"/>
</kw>
<kw name="Teste de Tipos de Dados - Postcode" owner="random-user-service">
<kw name="GET On Session" owner="RequestsLibrary">
<msg time="2024-03-24T07:11:42.362433" level="INFO">GET Request : url=https://randomuser.me/api 
 path_url=/api 
 headers={'User-Agent': 'python-requests/2.31.0', 'Accept-Encoding': 'gzip, deflate', 'Accept': '*/*', 'Connection': 'keep-alive'} 
 body=None 
 </msg>
<msg time="2024-03-24T07:11:42.362515" level="INFO">GET Response : url=https://randomuser.me/api 
 status=200, reason=OK 
 headers={'Date': 'Sun, 24 Mar 2024 07:11:42 GMT', 'Content-Type': 'application/json; charset=utf-8', 'Transfer-Encoding': 'chunked', 'Connection': 'keep-alive', 'X-Powered-By': 'Express', 'Access-Control-Allow-Origin': '*', 'Cache-Control': 'no-cache', 'ETag': 'W/"490-yBFqfucTeVGar8UDUn8vgZch9yo"', 'Vary': 'Accept-Encoding', 'Content-Encoding': 'gzip', 'CF-Cache-Status': 'DYNAMIC', 'Report-To': '{"endpoints":[{"url":"https:\\/\\/a.nel.cloudflare.com\\/report\\/v4?s=pphv98EZ1rGXmEjNa2PgfiwMb01SHuVwLxFtb%2BdObrRrO74PKkwXr%2Bljegf%2FldzYm9LWtKcjoFeFLBSB3rttBfmLOIk5A6lprW60s4bgQQhEMfB1GK12EcUJA36Bo5o0"}],"group":"cf-nel","max_age":604800}', 'NEL': '{"success_fraction":0,"report_to":"cf-nel","max_age":604800}', 'Server': 'cloudflare', 'CF-RAY': '8694d9413b5e125d-ORD', 'alt-svc': 'h3=":443"; ma=86400'} 
 body={"results":[{"gender":"male","name":{"title":"Mr","first":"Logan","last":"Singh"},"location":{"street":{"number":7054,"name":"Fitzherbert Avenue"},"city":"Timaru","state":"Manawatu-Wanganui","country":"New Zealand","postcode":63797,"coordinates":{"latitude":"52.8327","longitude":"-100.1258"},"timezone":{"offset":"+10:00","description":"Eastern Australia, Guam, Vladivostok"}},"email":"logan.singh@example.com","login":{"uuid":"aafb4d59-cfc6-4e70-a345-5cce733dd871","username":"crazygoose384","password":"buzz","salt":"V7Vy7BcP","md5":"bca382474d4a0f65465d789e446850a1","sha1":"f4c55d917903e9777237bab0fc7a68c304a720b2","sha256":"24fef184718b88205814d1f220403b3f545abf99dea922fc9f1e5361dfd7d832"},"dob":{"date":"1987-05-03T13:44:21.331Z","age":36},"registered":{"date":"2018-02-22T16:41:48.397Z","age":6},"phone":"(422)-885-4010","cell":"(877)-620-6184","id":{"name":"","value":null},"picture":{"large":"https://randomuser.me/api/portraits/men/88.jpg","medium":"https://randomuser.me/api/portraits/med/men/88.jpg","thumbnail":"https://randomuser.me/api/portraits/thumb/men/88.jpg"},"nat":"NZ"}],"info":{"seed":"ef901433923c23fc","results":1,"page":1,"version":"1.4"}} 
 </msg>
<msg time="2024-03-24T07:11:42.362601" level="INFO">/opt/hostedtoolcache/Python/3.12.2/x64/lib/python3.12/site-packages/urllib3/connectionpool.py:1103: InsecureRequestWarning: Unverified HTTPS request is being made to host 'randomuser.me'. Adding certificate verification is strongly advised. See: https://urllib3.readthedocs.io/en/latest/advanced-usage.html#tls-warnings
  warnings.warn(</msg>
<msg time="2024-03-24T07:11:42.362715" level="INFO">${response} = &lt;Response [200]&gt;</msg>
<var>${response}</var>
<arg>consultarAPI</arg>
<arg>/api</arg>
<doc>Sends a GET request on a previously created HTTP Session.</doc>
<status status="PASS" start="2024-03-24T07:11:42.281509" elapsed="0.081245"/>
</kw>
<kw name="Set Variable" owner="BuiltIn">
<msg time="2024-03-24T07:11:42.363729" level="INFO">${json_data} = {'results': [{'gender': 'male', 'name': {'title': 'Mr', 'first': 'Logan', 'last': 'Singh'}, 'location': {'street': {'number': 7054, 'name': 'Fitzherbert Avenue'}, 'city': 'Timaru', 'state': 'Manawatu-...</msg>
<var>${json_data}</var>
<arg>${response.json()}</arg>
<doc>Returns the given values which can then be assigned to a variables.</doc>
<status status="PASS" start="2024-03-24T07:11:42.363204" elapsed="0.000553"/>
</kw>
<kw name="Log" owner="BuiltIn">
<msg time="2024-03-24T07:11:42.364232" level="INFO">{'results': [{'gender': 'male', 'name': {'title': 'Mr', 'first': 'Logan', 'last': 'Singh'}, 'location': {'street': {'number': 7054, 'name': 'Fitzherbert Avenue'}, 'city': 'Timaru', 'state': 'Manawatu-Wanganui', 'country': 'New Zealand', 'postcode': 63797, 'coordinates': {'latitude': '52.8327', 'longitude': '-100.1258'}, 'timezone': {'offset': '+10:00', 'description': 'Eastern Australia, Guam, Vladivostok'}}, 'email': 'logan.singh@example.com', 'login': {'uuid': 'aafb4d59-cfc6-4e70-a345-5cce733dd871', 'username': 'crazygoose384', 'password': 'buzz', 'salt': 'V7Vy7BcP', 'md5': 'bca382474d4a0f65465d789e446850a1', 'sha1': 'f4c55d917903e9777237bab0fc7a68c304a720b2', 'sha256': '24fef184718b88205814d1f220403b3f545abf99dea922fc9f1e5361dfd7d832'}, 'dob': {'date': '1987-05-03T13:44:21.331Z', 'age': 36}, 'registered': {'date': '2018-02-22T16:41:48.397Z', 'age': 6}, 'phone': '(422)-885-4010', 'cell': '(877)-620-6184', 'id': {'name': '', 'value': None}, 'picture': {'large': 'https://randomuser.me/api/portraits/men/88.jpg', 'medium': 'https://randomuser.me/api/portraits/med/men/88.jpg', 'thumbnail': 'https://randomuser.me/api/portraits/thumb/men/88.jpg'}, 'nat': 'NZ'}], 'info': {'seed': 'ef901433923c23fc', 'results': 1, 'page': 1, 'version': '1.4'}}</msg>
<arg>${json_data}</arg>
<doc>Logs the given message with the given level.</doc>
<status status="PASS" start="2024-03-24T07:11:42.364077" elapsed="0.000237"/>
</kw>
<kw name="Should Be Equal As Numbers" owner="BuiltIn">
<arg>${json_data['results'][0]['location']['postcode']}</arg>
<arg>${json_data['results'][0]['location']['postcode']}</arg>
<doc>Fails if objects are unequal after converting them to real numbers.</doc>
<status status="PASS" start="2024-03-24T07:11:42.364625" elapsed="0.000622"/>
</kw>
<kw name="Log" owner="BuiltIn">
<msg time="2024-03-24T07:11:42.365776" level="INFO">63797</msg>
<arg>${json_data['results'][0]['location']['postcode']}</arg>
<doc>Logs the given message with the given level.</doc>
<status status="PASS" start="2024-03-24T07:11:42.365443" elapsed="0.000374"/>
</kw>
<status status="PASS" start="2024-03-24T07:11:42.281119" elapsed="0.084953"/>
</kw>
<doc>Testa se os tipos de dados na resposta da API estão corretos.</doc>
<tag>testeTiposDados</tag>
<status status="PASS" start="2024-03-24T07:11:42.184390" elapsed="0.181850"/>
</test>
<test id="s1-s1-t5" name="Validar conteudo" line="35">
<kw name="Teste de Tipos de Conteudo" owner="random-user-service">
<kw name="GET On Session" owner="RequestsLibrary">
<msg time="2024-03-24T07:11:42.467124" level="INFO">GET Request : url=https://randomuser.me/api 
 path_url=/api 
 headers={'User-Agent': 'python-requests/2.31.0', 'Accept-Encoding': 'gzip, deflate', 'Accept': '*/*', 'Connection': 'keep-alive'} 
 body=None 
 </msg>
<msg time="2024-03-24T07:11:42.467221" level="INFO">GET Response : url=https://randomuser.me/api 
 status=200, reason=OK 
 headers={'Date': 'Sun, 24 Mar 2024 07:11:42 GMT', 'Content-Type': 'application/json; charset=utf-8', 'Transfer-Encoding': 'chunked', 'Connection': 'keep-alive', 'X-Powered-By': 'Express', 'Access-Control-Allow-Origin': '*', 'Cache-Control': 'no-cache', 'ETag': 'W/"47d-i8r3otCRJcPhT4BAfYd4Cv2mezg"', 'Vary': 'Accept-Encoding', 'Content-Encoding': 'gzip', 'CF-Cache-Status': 'DYNAMIC', 'Report-To': '{"endpoints":[{"url":"https:\\/\\/a.nel.cloudflare.com\\/report\\/v4?s=S2QlndV2SvK0%2Bu8IlkRCiDJEGOdNYas3KBEZLvSZgH3HF5Omd5C3FOaiT7WRmpSQSCmldSx0%2BDo8qgxeNYy0NUABbDo9tYvlwKA1A7i0UaeZDC51LlVyMKb17a7LwLID"}],"group":"cf-nel","max_age":604800}', 'NEL': '{"success_fraction":0,"report_to":"cf-nel","max_age":604800}', 'Server': 'cloudflare', 'CF-RAY': '8694d941cbc1125d-ORD', 'alt-svc': 'h3=":443"; ma=86400'} 
 body={"results":[{"gender":"male","name":{"title":"Mr","first":"Polyan","last":"Moskalci"},"location":{"street":{"number":9401,"name":"Mikilskiy provulok"},"city":"Peremishlyani","state":"Hersonska","country":"Ukraine","postcode":82379,"coordinates":{"latitude":"78.9386","longitude":"-51.1036"},"timezone":{"offset":"+9:30","description":"Adelaide, Darwin"}},"email":"polyan.moskalci@example.com","login":{"uuid":"a9ef9adc-b74a-4292-8e21-1505b73d317c","username":"bluecat176","password":"sydney","salt":"RBrOiLlq","md5":"073921540ab5bf5629aeed38490b7582","sha1":"07885a9da8b84a044ff494fdfa463eff5fdcef0c","sha256":"b9074b71b3c4657d8e6ba29d1a3ce26761c6486592028d6482266d2b141d41a0"},"dob":{"date":"1965-05-07T02:01:34.256Z","age":58},"registered":{"date":"2002-10-02T05:12:14.057Z","age":21},"phone":"(098) M28-1047","cell":"(097) Y48-6843","id":{"name":"","value":null},"picture":{"large":"https://randomuser.me/api/portraits/men/31.jpg","medium":"https://randomuser.me/api/portraits/med/men/31.jpg","thumbnail":"https://randomuser.me/api/portraits/thumb/men/31.jpg"},"nat":"UA"}],"info":{"seed":"08224549d4065f19","results":1,"page":1,"version":"1.4"}} 
 </msg>
<msg time="2024-03-24T07:11:42.467286" level="INFO">/opt/hostedtoolcache/Python/3.12.2/x64/lib/python3.12/site-packages/urllib3/connectionpool.py:1103: InsecureRequestWarning: Unverified HTTPS request is being made to host 'randomuser.me'. Adding certificate verification is strongly advised. See: https://urllib3.readthedocs.io/en/latest/advanced-usage.html#tls-warnings
  warnings.warn(</msg>
<msg time="2024-03-24T07:11:42.467397" level="INFO">${response} = &lt;Response [200]&gt;</msg>
<var>${response}</var>
<arg>consultarAPI</arg>
<arg>/api</arg>
<doc>Sends a GET request on a previously created HTTP Session.</doc>
<status status="PASS" start="2024-03-24T07:11:42.369053" elapsed="0.098408"/>
</kw>
<kw name="Set Variable" owner="BuiltIn">
<msg time="2024-03-24T07:11:42.468472" level="INFO">${json_data} = {'results': [{'gender': 'male', 'name': {'title': 'Mr', 'first': 'Polyan', 'last': 'Moskalci'}, 'location': {'street': {'number': 9401, 'name': 'Mikilskiy provulok'}, 'city': 'Peremishlyani', 'state':...</msg>
<var>${json_data}</var>
<arg>${response.json()}</arg>
<doc>Returns the given values which can then be assigned to a variables.</doc>
<status status="PASS" start="2024-03-24T07:11:42.467961" elapsed="0.000539"/>
</kw>
<kw name="Set Variable" owner="BuiltIn">
<msg time="2024-03-24T07:11:42.469225" level="INFO">${name_title} = Mr</msg>
<var>${name_title}</var>
<arg>${json_data["results"][0]["name"]["title"]}</arg>
<doc>Returns the given values which can then be assigned to a variables.</doc>
<status status="PASS" start="2024-03-24T07:11:42.468839" elapsed="0.000411"/>
</kw>
<kw name="Create List" owner="BuiltIn">
<msg time="2024-03-24T07:11:42.469706" level="INFO">${allowed_titles} = ['Mr', 'Ms', 'Miss', 'Mrs', 'Madame', 'Monsieur']</msg>
<var>${allowed_titles}</var>
<arg>Mr</arg>
<arg>Ms</arg>
<arg>Miss</arg>
<arg>Mrs</arg>
<arg>Madame</arg>
<arg>Monsieur</arg>
<doc>Returns a list containing given items.</doc>
<status status="PASS" start="2024-03-24T07:11:42.469554" elapsed="0.000176"/>
</kw>
<kw name="List Should Contain Value" owner="Collections">
<msg time="2024-03-24T07:11:42.470227" level="INFO">False</msg>
<arg>${allowed_titles}</arg>
<arg>${name_title}</arg>
<doc>Fails if the ``value`` is not found from ``list``.</doc>
<status status="PASS" start="2024-03-24T07:11:42.470043" elapsed="0.000223"/>
</kw>
<kw name="Set Variable" owner="BuiltIn">
<msg time="2024-03-24T07:11:42.470941" level="INFO">${name_country} = UA</msg>
<var>${name_country}</var>
<arg>${json_data["results"][0]["nat"]}</arg>
<doc>Returns the given values which can then be assigned to a variables.</doc>
<status status="PASS" start="2024-03-24T07:11:42.470560" elapsed="0.000407"/>
</kw>
<kw name="Create List" owner="BuiltIn">
<msg time="2024-03-24T07:11:42.471919" level="INFO">${list_country} = ['AD', 'AE', 'AF', 'AG', 'AI', 'AL', 'AM', 'AO', 'AQ', 'AR', 'AS', 'AT', 'AU', 'AW', 'AX', 'AZ', 'BA', 'BB', 'BD', 'BE', 'BF', 'BG', 'BH', 'BI', 'BJ', 'BL', 'BM', 'BN', 'BO', 'BQ', 'BR', 'BS', 'BT', '...</msg>
<var>${list_country}</var>
<arg>AD</arg>
<arg>AE</arg>
<arg>AF</arg>
<arg>AG</arg>
<arg>AI</arg>
<arg>AL</arg>
<arg>AM</arg>
<arg>AO</arg>
<arg>AQ</arg>
<arg>AR</arg>
<arg>AS</arg>
<arg>AT</arg>
<arg>AU</arg>
<arg>AW</arg>
<arg>AX</arg>
<arg>AZ</arg>
<arg>BA</arg>
<arg>BB</arg>
<arg>BD</arg>
<arg>BE</arg>
<arg>BF</arg>
<arg>BG</arg>
<arg>BH</arg>
<arg>BI</arg>
<arg>BJ</arg>
<arg>BL</arg>
<arg>BM</arg>
<arg>BN</arg>
<arg>BO</arg>
<arg>BQ</arg>
<arg>BR</arg>
<arg>BS</arg>
<arg>BT</arg>
<arg>BV</arg>
<arg>BW</arg>
<arg>BY</arg>
<arg>BZ</arg>
<arg>CA</arg>
<arg>CC</arg>
<arg>CD</arg>
<arg>CF</arg>
<arg>CG</arg>
<arg>CH</arg>
<arg>CI</arg>
<arg>CK</arg>
<arg>CL</arg>
<arg>CM</arg>
<arg>CN</arg>
<arg>CO</arg>
<arg>CR</arg>
<arg>CU</arg>
<arg>CV</arg>
<arg>CW</arg>
<arg>CX</arg>
<arg>CY</arg>
<arg>CZ</arg>
<arg>DE</arg>
<arg>DJ</arg>
<arg>DK</arg>
<arg>DM</arg>
<arg>DO</arg>
<arg>DZ</arg>
<arg>EC</arg>
<arg>EE</arg>
<arg>EG</arg>
<arg>EH</arg>
<arg>ER</arg>
<arg>ES</arg>
<arg>ET</arg>
<arg>FI</arg>
<arg>FJ</arg>
<arg>FK</arg>
<arg>FM</arg>
<arg>FO</arg>
<arg>FR</arg>
<arg>GA</arg>
<arg>GB</arg>
<arg>GD</arg>
<arg>GE</arg>
<arg>GF</arg>
<arg>GG</arg>
<arg>GH</arg>
<arg>GI</arg>
<arg>GL</arg>
<arg>GM</arg>
<arg>GN</arg>
<arg>GP</arg>
<arg>GQ</arg>
<arg>GR</arg>
<arg>GS</arg>
<arg>GT</arg>
<arg>GU</arg>
<arg>GW</arg>
<arg>GY</arg>
<arg>HK</arg>
<arg>HM</arg>
<arg>HN</arg>
<arg>HR</arg>
<arg>HT</arg>
<arg>HU</arg>
<arg>ID</arg>
<arg>IE</arg>
<arg>IL</arg>
<arg>IM</arg>
<arg>IN</arg>
<arg>IO</arg>
<arg>IQ</arg>
<arg>IR</arg>
<arg>IS</arg>
<arg>IT</arg>
<arg>JE</arg>
<arg>JM</arg>
<arg>JO</arg>
<arg>JP</arg>
<arg>KE</arg>
<arg>KG</arg>
<arg>KH</arg>
<arg>KI</arg>
<arg>KM</arg>
<arg>KN</arg>
<arg>KP</arg>
<arg>KR</arg>
<arg>KW</arg>
<arg>KY</arg>
<arg>KZ</arg>
<arg>LA</arg>
<arg>LB</arg>
<arg>LC</arg>
<arg>LI</arg>
<arg>LK</arg>
<arg>LR</arg>
<arg>LS</arg>
<arg>LT</arg>
<arg>LU</arg>
<arg>LV</arg>
<arg>LY</arg>
<arg>MA</arg>
<arg>MC</arg>
<arg>MD</arg>
<arg>ME</arg>
<arg>MF</arg>
<arg>MG</arg>
<arg>MH</arg>
<arg>MK</arg>
<arg>ML</arg>
<arg>MM</arg>
<arg>MN</arg>
<arg>MO</arg>
<arg>MP</arg>
<arg>MQ</arg>
<arg>MR</arg>
<arg>MS</arg>
<arg>MT</arg>
<arg>MU</arg>
<arg>MV</arg>
<arg>MW</arg>
<arg>MX</arg>
<arg>MY</arg>
<arg>MZ</arg>
<arg>NA</arg>
<arg>NC</arg>
<arg>NE</arg>
<arg>NF</arg>
<arg>NG</arg>
<arg>NI</arg>
<arg>NL</arg>
<arg>NO</arg>
<arg>NP</arg>
<arg>NR</arg>
<arg>NU</arg>
<arg>NZ</arg>
<arg>OM</arg>
<arg>PA</arg>
<arg>PE</arg>
<arg>PF</arg>
<arg>PG</arg>
<arg>PH</arg>
<arg>PK</arg>
<arg>PL</arg>
<arg>PM</arg>
<arg>PN</arg>
<arg>PR</arg>
<arg>PS</arg>
<arg>PT</arg>
<arg>PW</arg>
<arg>PY</arg>
<arg>QA</arg>
<arg>RE</arg>
<arg>RO</arg>
<arg>RS</arg>
<arg>RU</arg>
<arg>RW</arg>
<arg>SA</arg>
<arg>SB</arg>
<arg>SC</arg>
<arg>SD</arg>
<arg>SE</arg>
<arg>SG</arg>
<arg>SH</arg>
<arg>SI</arg>
<arg>SJ</arg>
<arg>SK</arg>
<arg>SL</arg>
<arg>SM</arg>
<arg>SN</arg>
<arg>SO</arg>
<arg>SR</arg>
<arg>SS</arg>
<arg>ST</arg>
<arg>SV</arg>
<arg>SX</arg>
<arg>SY</arg>
<arg>SZ</arg>
<arg>TC</arg>
<arg>TD</arg>
<arg>TF</arg>
<arg>TG</arg>
<arg>TH</arg>
<arg>TJ</arg>
<arg>TK</arg>
<arg>TL</arg>
<arg>TM</arg>
<arg>TN</arg>
<arg>TO</arg>
<arg>TR</arg>
<arg>TT</arg>
<arg>TV</arg>
<arg>TW</arg>
<arg>TZ</arg>
<arg>UA</arg>
<arg>UG</arg>
<arg>UM</arg>
<arg>US</arg>
<arg>UY</arg>
<arg>UZ</arg>
<arg>VA</arg>
<arg>VC</arg>
<arg>VE</arg>
<arg>VG</arg>
<arg>VI</arg>
<arg>VN</arg>
<arg>VU</arg>
<arg>WF</arg>
<arg>WS</arg>
<arg>XK</arg>
<arg>YE</arg>
<arg>YT</arg>
<arg>ZA</arg>
<arg>ZM</arg>
<arg>ZW</arg>
<doc>Returns a list containing given items.</doc>
<status status="PASS" start="2024-03-24T07:11:42.471277" elapsed="0.000668"/>
</kw>
<kw name="List Should Contain Value" owner="Collections">
<msg time="2024-03-24T07:11:42.473088" level="INFO">False</msg>
<arg>${list_country}</arg>
<arg>${name_country}</arg>
<doc>Fails if the ``value`` is not found from ``list``.</doc>
<status status="PASS" start="2024-03-24T07:11:42.472880" elapsed="0.000245"/>
</kw>
<kw name="Run Keyword If" owner="BuiltIn">
<kw name="Should Be True" owner="BuiltIn">
<arg>${True}</arg>
<doc>Fails if the given condition is not true.</doc>
<status status="PASS" start="2024-03-24T07:11:42.474222" elapsed="0.000154"/>
</kw>
<arg>${json_data["results"][0]["location"]["coordinates"]["latitude"]} &gt;= -90 and ${json_data["results"][0]["location"]["coordinates"]["latitude"]} &lt;= 90</arg>
<arg>Should Be True</arg>
<arg>${True}</arg>
<doc>Runs the given keyword with the given arguments, if ``condition`` is true.</doc>
<status status="PASS" start="2024-03-24T07:11:42.473458" elapsed="0.001046"/>
</kw>
<kw name="Run Keyword If" owner="BuiltIn">
<kw name="Should Be True" owner="BuiltIn">
<arg>${True}</arg>
<doc>Fails if the given condition is not true.</doc>
<status status="PASS" start="2024-03-24T07:11:42.475398" elapsed="0.000162"/>
</kw>
<arg>${json_data["results"][0]["location"]["coordinates"]["longitude"]} &gt;= -180 and ${json_data["results"][0]["location"]["coordinates"]["longitude"]} &lt;= 180</arg>
<arg>Should Be True</arg>
<arg>${True}</arg>
<doc>Runs the given keyword with the given arguments, if ``condition`` is true.</doc>
<status status="PASS" start="2024-03-24T07:11:42.474690" elapsed="0.000994"/>
</kw>
<status status="PASS" start="2024-03-24T07:11:42.368675" elapsed="0.107141"/>
</kw>
<doc>Testa o conteúdo específico dos campos retornados pela API.</doc>
<tag>testeConteudo</tag>
<status status="PASS" start="2024-03-24T07:11:42.368008" elapsed="0.107966"/>
</test>
<status status="PASS" start="2024-03-24T07:11:41.498963" elapsed="0.978925"/>
</suite>
<status status="PASS" start="2024-03-24T07:11:41.484866" elapsed="0.998356"/>
</suite>
<statistics>
<total>
<stat pass="5" fail="0" skip="0">All Tests</stat>
</total>
<tag>
<stat pass="1" fail="0" skip="0">testeConteudo</stat>
<stat pass="1" fail="0" skip="0">testeEstruturaResposta</stat>
<stat pass="1" fail="0" skip="0">testeRequisicaoBasica</stat>
<stat pass="1" fail="0" skip="0">testeTiposDados</stat>
</tag>
<suite>
<stat pass="5" fail="0" skip="0" id="s1" name="Tests">Tests</stat>
<stat pass="5" fail="0" skip="0" id="s1-s1" name="Random-User-Test">Tests.Random-User-Test</stat>
</suite>
</statistics>
<errors>
</errors>
</robot>
