<?xml version="1.0" encoding="UTF-8"?>
<robot generator="Robot 7.0 (Python 3.12.3 on linux)" generated="2024-04-17T17:12:23.252629" rpa="false" schemaversion="5">
<suite id="s1" name="Tests" source="/home/runner/work/DesafioQAItauRogerioJordao/DesafioQAItauRogerioJordao/RamdonUser/tests">
<suite id="s1-s1" name="Random-User-Test" source="/home/runner/work/DesafioQAItauRogerioJordao/DesafioQAItauRogerioJordao/RamdonUser/tests/random-user-test.robot">
<test id="s1-s1-t1" name="Conectar" line="13">
<kw name="Conectar API" owner="random-user-service">
<kw name="Create Session" owner="RequestsLibrary">
<msg time="2024-04-17T17:12:23.621708" level="INFO">Creating Session using : alias=consultarAPI, url=https://randomuser.me/, headers={},                     cookies={}, auth=None, timeout=None, proxies=None, verify=False,                     debug=0 </msg>
<arg>consultarAPI</arg>
<arg>${URL}</arg>
<doc>Create Session: create a HTTP session to a server</doc>
<status status="PASS" start="2024-04-17T17:12:23.621507" elapsed="0.000378"/>
</kw>
<status status="PASS" start="2024-04-17T17:12:23.620564" elapsed="0.001683"/>
</kw>
<status status="PASS" start="2024-04-17T17:12:23.619945" elapsed="0.002489"/>
</test>
<test id="s1-s1-t2" name="Validar retorno 200 e JSON Válido" line="16">
<kw name="Teste de Requisicao Basica" owner="random-user-service">
<kw name="GET On Session" owner="RequestsLibrary">
<msg time="2024-04-17T17:12:23.757119" level="INFO">GET Request : url=https://randomuser.me/api 
 path_url=/api 
 headers={'User-Agent': 'python-requests/2.31.0', 'Accept-Encoding': 'gzip, deflate', 'Accept': '*/*', 'Connection': 'keep-alive'} 
 body=None 
 </msg>
<msg time="2024-04-17T17:12:23.757298" level="INFO">GET Response : url=https://randomuser.me/api 
 status=200, reason=OK 
 headers={'Date': 'Wed, 17 Apr 2024 17:12:23 GMT', 'Content-Type': 'application/json; charset=utf-8', 'Transfer-Encoding': 'chunked', 'Connection': 'keep-alive', 'X-Powered-By': 'Express', 'Access-Control-Allow-Origin': '*', 'Cache-Control': 'no-cache', 'ETag': 'W/"492-GaF5uyB5wPj5TisxOb/UU243ntM"', 'Vary': 'Accept-Encoding', 'Content-Encoding': 'gzip', 'CF-Cache-Status': 'DYNAMIC', 'Report-To': '{"endpoints":[{"url":"https:\\/\\/a.nel.cloudflare.com\\/report\\/v4?s=3Ge9DufQDHJ%2BtY8KYGTck5qc1q4iFgX0kIEt2GdQOInJbCNYLtnQ6OsgEbBhl06eAl4gBexc%2FjViWtBTlIqv5HMHFTt2ZGxeC%2FRL6HXO7M3n%2Fzm8rxDhW6xJFW4YSdO4"}],"group":"cf-nel","max_age":604800}', 'NEL': '{"success_fraction":0,"report_to":"cf-nel","max_age":604800}', 'Server': 'cloudflare', 'CF-RAY': '875e0a2bcef315e1-SJC', 'alt-svc': 'h3=":443"; ma=86400'} 
 body={"results":[{"gender":"male","name":{"title":"Mr","first":"Grgur","last":"Kralj"},"location":{"street":{"number":1780,"name":"Starih Vodeničara"},"city":"Vrbas","state":"Kosovska Mitrovica","country":"Serbia","postcode":29149,"coordinates":{"latitude":"64.0770","longitude":"-114.8322"},"timezone":{"offset":"+8:00","description":"Beijing, Perth, Singapore, Hong Kong"}},"email":"grgur.kralj@example.com","login":{"uuid":"55d2cf43-b526-4118-9a85-3d958991de99","username":"lazygoose291","password":"musical","salt":"QxlzhgGZ","md5":"240e105a63705bb1b25bab2c829eec57","sha1":"2d529bae458fe16883cabe42808ff6140d59c640","sha256":"6497c50d3ec0c431f014f682c0a551c8c2144b990da3b56ce80e403b21d01772"},"dob":{"date":"1991-03-02T09:33:22.551Z","age":33},"registered":{"date":"2014-04-26T02:48:24.109Z","age":9},"phone":"026-6089-651","cell":"065-4522-327","id":{"name":"SID","value":"744004992"},"picture":{"large":"https://randomuser.me/api/portraits/men/34.jpg","medium":"https://randomuser.me/api/portraits/med/men/34.jpg","thumbnail":"https://randomuser.me/api/portraits/thumb/men/34.jpg"},"nat":"RS"}],"info":{"seed":"43ae864b24d2cade","results":1,"page":1,"version":"1.4"}} 
 </msg>
<msg time="2024-04-17T17:12:23.757395" level="INFO">/opt/hostedtoolcache/Python/3.12.3/x64/lib/python3.12/site-packages/urllib3/connectionpool.py:1103: InsecureRequestWarning: Unverified HTTPS request is being made to host 'randomuser.me'. Adding certificate verification is strongly advised. See: https://urllib3.readthedocs.io/en/latest/advanced-usage.html#tls-warnings
  warnings.warn(</msg>
<msg time="2024-04-17T17:12:23.757569" level="INFO">${response} = &lt;Response [200]&gt;</msg>
<var>${response}</var>
<arg>consultarAPI</arg>
<arg>/api</arg>
<doc>Sends a GET request on a previously created HTTP Session.</doc>
<status status="PASS" start="2024-04-17T17:12:23.625126" elapsed="0.132489"/>
</kw>
<kw name="Should Be Equal As Numbers" owner="BuiltIn">
<msg time="2024-04-17T17:12:23.758599" level="INFO">Argument types are:
&lt;class 'int'&gt;
&lt;class 'str'&gt;</msg>
<arg>${response.status_code}</arg>
<arg>200</arg>
<doc>Fails if objects are unequal after converting them to real numbers.</doc>
<status status="PASS" start="2024-04-17T17:12:23.758123" elapsed="0.000541"/>
</kw>
<kw name="Log" owner="BuiltIn">
<msg time="2024-04-17T17:12:23.759366" level="INFO">200</msg>
<arg>${response.status_code}</arg>
<doc>Logs the given message with the given level.</doc>
<status status="PASS" start="2024-04-17T17:12:23.759017" elapsed="0.000391"/>
</kw>
<kw name="Set Variable" owner="BuiltIn">
<msg time="2024-04-17T17:12:23.760204" level="INFO">${json_data} = {'results': [{'gender': 'male', 'name': {'title': 'Mr', 'first': 'Grgur', 'last': 'Kralj'}, 'location': {'street': {'number': 1780, 'name': 'Starih Vodeničara'}, 'city': 'Vrbas', 'state': 'Kosovska Mi...</msg>
<var>${json_data}</var>
<arg>${response.json()}</arg>
<doc>Returns the given values which can then be assigned to a variables.</doc>
<status status="PASS" start="2024-04-17T17:12:23.759755" elapsed="0.000478"/>
</kw>
<kw name="Dictionary Should Contain Key" owner="Collections">
<msg time="2024-04-17T17:12:23.760709" level="INFO">False</msg>
<arg>${json_data}</arg>
<arg>results</arg>
<doc>Fails if ``key`` is not found from ``dictionary``.</doc>
<status status="PASS" start="2024-04-17T17:12:23.760537" elapsed="0.000212"/>
</kw>
<status status="PASS" start="2024-04-17T17:12:23.624881" elapsed="0.136127"/>
</kw>
<doc>Testa se a API responde corretamente e retorna um objeto JSON válido.</doc>
<tag>testeRequisicaoBasica</tag>
<status status="PASS" start="2024-04-17T17:12:23.624344" elapsed="0.136852"/>
</test>
<test id="s1-s1-t3" name="Validar estrutura de resposta" line="22">
<kw name="Teste de Estrutura de Resposta" owner="random-user-service">
<kw name="GET On Session" owner="RequestsLibrary">
<msg time="2024-04-17T17:12:23.855917" level="INFO">GET Request : url=https://randomuser.me/api 
 path_url=/api 
 headers={'User-Agent': 'python-requests/2.31.0', 'Accept-Encoding': 'gzip, deflate', 'Accept': '*/*', 'Connection': 'keep-alive'} 
 body=None 
 </msg>
<msg time="2024-04-17T17:12:23.856009" level="INFO">GET Response : url=https://randomuser.me/api 
 status=200, reason=OK 
 headers={'Date': 'Wed, 17 Apr 2024 17:12:23 GMT', 'Content-Type': 'application/json; charset=utf-8', 'Transfer-Encoding': 'chunked', 'Connection': 'keep-alive', 'X-Powered-By': 'Express', 'Access-Control-Allow-Origin': '*', 'Cache-Control': 'no-cache', 'ETag': 'W/"487-weytV2PYCkwVmS8lmtewxJfGC54"', 'Vary': 'Accept-Encoding', 'Content-Encoding': 'gzip', 'CF-Cache-Status': 'DYNAMIC', 'Report-To': '{"endpoints":[{"url":"https:\\/\\/a.nel.cloudflare.com\\/report\\/v4?s=wA5hTUFyp88sxZ8JmYSh3zQm3oO7EzSEmBptMNMZJyccgfq6ixRISJIPGMcIQeX%2FgVZF52O2vWyM32LurQUtticUO9bEmafOOLnG%2FOcyOP%2B5dgX7B5Wcfpf09OW86Ika"}],"group":"cf-nel","max_age":604800}', 'NEL': '{"success_fraction":0,"report_to":"cf-nel","max_age":604800}', 'Server': 'cloudflare', 'CF-RAY': '875e0a2c8fa015e1-SJC', 'alt-svc': 'h3=":443"; ma=86400'} 
 body={"results":[{"gender":"male","name":{"title":"Mr","first":"Sjors","last":"Aalbers"},"location":{"street":{"number":4739,"name":"Beersdalweg"},"city":"Ledeacker","state":"Limburg","country":"Netherlands","postcode":"1746 KY","coordinates":{"latitude":"32.6390","longitude":"-16.4373"},"timezone":{"offset":"-1:00","description":"Azores, Cape Verde Islands"}},"email":"sjors.aalbers@example.com","login":{"uuid":"d0671768-aaed-4670-a875-87cd17b52ecf","username":"lazyfrog599","password":"macaroni","salt":"PP5YyEbz","md5":"18582cab6ff9531e7170d34000761bf7","sha1":"34b9fa8a34820e7fcc841fe66024dfb4af1bf6c7","sha256":"cb20a43cbc3683ba7260592fe5b07e67e791f7616a24efa5874bacdfd46766ec"},"dob":{"date":"1969-12-10T02:22:48.104Z","age":54},"registered":{"date":"2017-05-11T15:52:29.033Z","age":6},"phone":"(0685) 802593","cell":"(06) 87826241","id":{"name":"BSN","value":"46865155"},"picture":{"large":"https://randomuser.me/api/portraits/men/87.jpg","medium":"https://randomuser.me/api/portraits/med/men/87.jpg","thumbnail":"https://randomuser.me/api/portraits/thumb/men/87.jpg"},"nat":"NL"}],"info":{"seed":"f84b4529f77acfc7","results":1,"page":1,"version":"1.4"}} 
 </msg>
<msg time="2024-04-17T17:12:23.856129" level="INFO">/opt/hostedtoolcache/Python/3.12.3/x64/lib/python3.12/site-packages/urllib3/connectionpool.py:1103: InsecureRequestWarning: Unverified HTTPS request is being made to host 'randomuser.me'. Adding certificate verification is strongly advised. See: https://urllib3.readthedocs.io/en/latest/advanced-usage.html#tls-warnings
  warnings.warn(</msg>
<msg time="2024-04-17T17:12:23.856273" level="INFO">${response} = &lt;Response [200]&gt;</msg>
<var>${response}</var>
<arg>consultarAPI</arg>
<arg>/api</arg>
<doc>Sends a GET request on a previously created HTTP Session.</doc>
<status status="PASS" start="2024-04-17T17:12:23.763938" elapsed="0.092381"/>
</kw>
<kw name="Set Variable" owner="BuiltIn">
<msg time="2024-04-17T17:12:23.857285" level="INFO">${json_data} = {'results': [{'gender': 'male', 'name': {'title': 'Mr', 'first': 'Sjors', 'last': 'Aalbers'}, 'location': {'street': {'number': 4739, 'name': 'Beersdalweg'}, 'city': 'Ledeacker', 'state': 'Limburg', '...</msg>
<var>${json_data}</var>
<arg>${response.json()}</arg>
<doc>Returns the given values which can then be assigned to a variables.</doc>
<status status="PASS" start="2024-04-17T17:12:23.856774" elapsed="0.000539"/>
</kw>
<kw name="Log" owner="BuiltIn">
<msg time="2024-04-17T17:12:23.857785" level="INFO">{'results': [{'gender': 'male', 'name': {'title': 'Mr', 'first': 'Sjors', 'last': 'Aalbers'}, 'location': {'street': {'number': 4739, 'name': 'Beersdalweg'}, 'city': 'Ledeacker', 'state': 'Limburg', 'country': 'Netherlands', 'postcode': '1746 KY', 'coordinates': {'latitude': '32.6390', 'longitude': '-16.4373'}, 'timezone': {'offset': '-1:00', 'description': 'Azores, Cape Verde Islands'}}, 'email': 'sjors.aalbers@example.com', 'login': {'uuid': 'd0671768-aaed-4670-a875-87cd17b52ecf', 'username': 'lazyfrog599', 'password': 'macaroni', 'salt': 'PP5YyEbz', 'md5': '18582cab6ff9531e7170d34000761bf7', 'sha1': '34b9fa8a34820e7fcc841fe66024dfb4af1bf6c7', 'sha256': 'cb20a43cbc3683ba7260592fe5b07e67e791f7616a24efa5874bacdfd46766ec'}, 'dob': {'date': '1969-12-10T02:22:48.104Z', 'age': 54}, 'registered': {'date': '2017-05-11T15:52:29.033Z', 'age': 6}, 'phone': '(0685) 802593', 'cell': '(06) 87826241', 'id': {'name': 'BSN', 'value': '46865155'}, 'picture': {'large': 'https://randomuser.me/api/portraits/men/87.jpg', 'medium': 'https://randomuser.me/api/portraits/med/men/87.jpg', 'thumbnail': 'https://randomuser.me/api/portraits/thumb/men/87.jpg'}, 'nat': 'NL'}], 'info': {'seed': 'f84b4529f77acfc7', 'results': 1, 'page': 1, 'version': '1.4'}}</msg>
<arg>${json_data}</arg>
<doc>Logs the given message with the given level.</doc>
<status status="PASS" start="2024-04-17T17:12:23.857625" elapsed="0.000209"/>
</kw>
<kw name="Dictionary Should Contain Key" owner="Collections">
<msg time="2024-04-17T17:12:23.858293" level="INFO">False</msg>
<arg>${json_data}</arg>
<arg>results</arg>
<doc>Fails if ``key`` is not found from ``dictionary``.</doc>
<status status="PASS" start="2024-04-17T17:12:23.858132" elapsed="0.000198"/>
</kw>
<kw name="Should Not Be Empty" owner="BuiltIn">
<msg time="2024-04-17T17:12:23.858761" level="INFO">Length is 2.</msg>
<arg>${json_data}</arg>
<doc>Verifies that the given item is not empty.</doc>
<status status="PASS" start="2024-04-17T17:12:23.858624" elapsed="0.000338"/>
</kw>
<kw name="Create List" owner="BuiltIn">
<msg time="2024-04-17T17:12:23.859408" level="INFO">${expected_keys} = ['gender', 'name', 'location', 'email', 'login']</msg>
<var>${expected_keys}</var>
<arg>gender</arg>
<arg>name</arg>
<arg>location</arg>
<arg>email</arg>
<arg>login</arg>
<doc>Returns a list containing given items.</doc>
<status status="PASS" start="2024-04-17T17:12:23.859261" elapsed="0.000171"/>
</kw>
<for flavor="IN">
<iter>
<kw name="Dictionary Should Contain Key" owner="Collections">
<msg time="2024-04-17T17:12:23.860459" level="INFO">False</msg>
<arg>${json_data['results'][0]}</arg>
<arg>${key}</arg>
<doc>Fails if ``key`` is not found from ``dictionary``.</doc>
<status status="PASS" start="2024-04-17T17:12:23.860052" elapsed="0.000446"/>
</kw>
<kw name="Log" owner="BuiltIn">
<msg time="2024-04-17T17:12:23.861160" level="INFO">{'gender': 'male', 'name': {'title': 'Mr', 'first': 'Sjors', 'last': 'Aalbers'}, 'location': {'street': {'number': 4739, 'name': 'Beersdalweg'}, 'city': 'Ledeacker', 'state': 'Limburg', 'country': 'Netherlands', 'postcode': '1746 KY', 'coordinates': {'latitude': '32.6390', 'longitude': '-16.4373'}, 'timezone': {'offset': '-1:00', 'description': 'Azores, Cape Verde Islands'}}, 'email': 'sjors.aalbers@example.com', 'login': {'uuid': 'd0671768-aaed-4670-a875-87cd17b52ecf', 'username': 'lazyfrog599', 'password': 'macaroni', 'salt': 'PP5YyEbz', 'md5': '18582cab6ff9531e7170d34000761bf7', 'sha1': '34b9fa8a34820e7fcc841fe66024dfb4af1bf6c7', 'sha256': 'cb20a43cbc3683ba7260592fe5b07e67e791f7616a24efa5874bacdfd46766ec'}, 'dob': {'date': '1969-12-10T02:22:48.104Z', 'age': 54}, 'registered': {'date': '2017-05-11T15:52:29.033Z', 'age': 6}, 'phone': '(0685) 802593', 'cell': '(06) 87826241', 'id': {'name': 'BSN', 'value': '46865155'}, 'picture': {'large': 'https://randomuser.me/api/portraits/men/87.jpg', 'medium': 'https://randomuser.me/api/portraits/med/men/87.jpg', 'thumbnail': 'https://randomuser.me/api/portraits/thumb/men/87.jpg'}, 'nat': 'NL'}</msg>
<arg>${json_data['results'][0]}</arg>
<doc>Logs the given message with the given level.</doc>
<status status="PASS" start="2024-04-17T17:12:23.860792" elapsed="0.000420"/>
</kw>
<kw name="Log" owner="BuiltIn">
<msg time="2024-04-17T17:12:23.861632" level="INFO">gender</msg>
<arg>${key}</arg>
<doc>Logs the given message with the given level.</doc>
<status status="PASS" start="2024-04-17T17:12:23.861506" elapsed="0.000162"/>
</kw>
<var name="${key}">gender</var>
<status status="PASS" start="2024-04-17T17:12:23.859926" elapsed="0.001955"/>
</iter>
<iter>
<kw name="Dictionary Should Contain Key" owner="Collections">
<msg time="2024-04-17T17:12:23.862568" level="INFO">False</msg>
<arg>${json_data['results'][0]}</arg>
<arg>${key}</arg>
<doc>Fails if ``key`` is not found from ``dictionary``.</doc>
<status status="PASS" start="2024-04-17T17:12:23.862183" elapsed="0.000421"/>
</kw>
<kw name="Log" owner="BuiltIn">
<msg time="2024-04-17T17:12:23.863298" level="INFO">{'gender': 'male', 'name': {'title': 'Mr', 'first': 'Sjors', 'last': 'Aalbers'}, 'location': {'street': {'number': 4739, 'name': 'Beersdalweg'}, 'city': 'Ledeacker', 'state': 'Limburg', 'country': 'Netherlands', 'postcode': '1746 KY', 'coordinates': {'latitude': '32.6390', 'longitude': '-16.4373'}, 'timezone': {'offset': '-1:00', 'description': 'Azores, Cape Verde Islands'}}, 'email': 'sjors.aalbers@example.com', 'login': {'uuid': 'd0671768-aaed-4670-a875-87cd17b52ecf', 'username': 'lazyfrog599', 'password': 'macaroni', 'salt': 'PP5YyEbz', 'md5': '18582cab6ff9531e7170d34000761bf7', 'sha1': '34b9fa8a34820e7fcc841fe66024dfb4af1bf6c7', 'sha256': 'cb20a43cbc3683ba7260592fe5b07e67e791f7616a24efa5874bacdfd46766ec'}, 'dob': {'date': '1969-12-10T02:22:48.104Z', 'age': 54}, 'registered': {'date': '2017-05-11T15:52:29.033Z', 'age': 6}, 'phone': '(0685) 802593', 'cell': '(06) 87826241', 'id': {'name': 'BSN', 'value': '46865155'}, 'picture': {'large': 'https://randomuser.me/api/portraits/men/87.jpg', 'medium': 'https://randomuser.me/api/portraits/med/men/87.jpg', 'thumbnail': 'https://randomuser.me/api/portraits/thumb/men/87.jpg'}, 'nat': 'NL'}</msg>
<arg>${json_data['results'][0]}</arg>
<doc>Logs the given message with the given level.</doc>
<status status="PASS" start="2024-04-17T17:12:23.862931" elapsed="0.000414"/>
</kw>
<kw name="Log" owner="BuiltIn">
<msg time="2024-04-17T17:12:23.863799" level="INFO">name</msg>
<arg>${key}</arg>
<doc>Logs the given message with the given level.</doc>
<status status="PASS" start="2024-04-17T17:12:23.863670" elapsed="0.000165"/>
</kw>
<var name="${key}">name</var>
<status status="PASS" start="2024-04-17T17:12:23.862070" elapsed="0.001983"/>
</iter>
<iter>
<kw name="Dictionary Should Contain Key" owner="Collections">
<msg time="2024-04-17T17:12:23.864724" level="INFO">False</msg>
<arg>${json_data['results'][0]}</arg>
<arg>${key}</arg>
<doc>Fails if ``key`` is not found from ``dictionary``.</doc>
<status status="PASS" start="2024-04-17T17:12:23.864339" elapsed="0.000421"/>
</kw>
<kw name="Log" owner="BuiltIn">
<msg time="2024-04-17T17:12:23.865422" level="INFO">{'gender': 'male', 'name': {'title': 'Mr', 'first': 'Sjors', 'last': 'Aalbers'}, 'location': {'street': {'number': 4739, 'name': 'Beersdalweg'}, 'city': 'Ledeacker', 'state': 'Limburg', 'country': 'Netherlands', 'postcode': '1746 KY', 'coordinates': {'latitude': '32.6390', 'longitude': '-16.4373'}, 'timezone': {'offset': '-1:00', 'description': 'Azores, Cape Verde Islands'}}, 'email': 'sjors.aalbers@example.com', 'login': {'uuid': 'd0671768-aaed-4670-a875-87cd17b52ecf', 'username': 'lazyfrog599', 'password': 'macaroni', 'salt': 'PP5YyEbz', 'md5': '18582cab6ff9531e7170d34000761bf7', 'sha1': '34b9fa8a34820e7fcc841fe66024dfb4af1bf6c7', 'sha256': 'cb20a43cbc3683ba7260592fe5b07e67e791f7616a24efa5874bacdfd46766ec'}, 'dob': {'date': '1969-12-10T02:22:48.104Z', 'age': 54}, 'registered': {'date': '2017-05-11T15:52:29.033Z', 'age': 6}, 'phone': '(0685) 802593', 'cell': '(06) 87826241', 'id': {'name': 'BSN', 'value': '46865155'}, 'picture': {'large': 'https://randomuser.me/api/portraits/men/87.jpg', 'medium': 'https://randomuser.me/api/portraits/med/men/87.jpg', 'thumbnail': 'https://randomuser.me/api/portraits/thumb/men/87.jpg'}, 'nat': 'NL'}</msg>
<arg>${json_data['results'][0]}</arg>
<doc>Logs the given message with the given level.</doc>
<status status="PASS" start="2024-04-17T17:12:23.865057" elapsed="0.000413"/>
</kw>
<kw name="Log" owner="BuiltIn">
<msg time="2024-04-17T17:12:23.865886" level="INFO">location</msg>
<arg>${key}</arg>
<doc>Logs the given message with the given level.</doc>
<status status="PASS" start="2024-04-17T17:12:23.865762" elapsed="0.000160"/>
</kw>
<var name="${key}">location</var>
<status status="PASS" start="2024-04-17T17:12:23.864229" elapsed="0.001906"/>
</iter>
<iter>
<kw name="Dictionary Should Contain Key" owner="Collections">
<msg time="2024-04-17T17:12:23.866799" level="INFO">False</msg>
<arg>${json_data['results'][0]}</arg>
<arg>${key}</arg>
<doc>Fails if ``key`` is not found from ``dictionary``.</doc>
<status status="PASS" start="2024-04-17T17:12:23.866418" elapsed="0.000418"/>
</kw>
<kw name="Log" owner="BuiltIn">
<msg time="2024-04-17T17:12:23.867513" level="INFO">{'gender': 'male', 'name': {'title': 'Mr', 'first': 'Sjors', 'last': 'Aalbers'}, 'location': {'street': {'number': 4739, 'name': 'Beersdalweg'}, 'city': 'Ledeacker', 'state': 'Limburg', 'country': 'Netherlands', 'postcode': '1746 KY', 'coordinates': {'latitude': '32.6390', 'longitude': '-16.4373'}, 'timezone': {'offset': '-1:00', 'description': 'Azores, Cape Verde Islands'}}, 'email': 'sjors.aalbers@example.com', 'login': {'uuid': 'd0671768-aaed-4670-a875-87cd17b52ecf', 'username': 'lazyfrog599', 'password': 'macaroni', 'salt': 'PP5YyEbz', 'md5': '18582cab6ff9531e7170d34000761bf7', 'sha1': '34b9fa8a34820e7fcc841fe66024dfb4af1bf6c7', 'sha256': 'cb20a43cbc3683ba7260592fe5b07e67e791f7616a24efa5874bacdfd46766ec'}, 'dob': {'date': '1969-12-10T02:22:48.104Z', 'age': 54}, 'registered': {'date': '2017-05-11T15:52:29.033Z', 'age': 6}, 'phone': '(0685) 802593', 'cell': '(06) 87826241', 'id': {'name': 'BSN', 'value': '46865155'}, 'picture': {'large': 'https://randomuser.me/api/portraits/men/87.jpg', 'medium': 'https://randomuser.me/api/portraits/med/men/87.jpg', 'thumbnail': 'https://randomuser.me/api/portraits/thumb/men/87.jpg'}, 'nat': 'NL'}</msg>
<arg>${json_data['results'][0]}</arg>
<doc>Logs the given message with the given level.</doc>
<status status="PASS" start="2024-04-17T17:12:23.867131" elapsed="0.000432"/>
</kw>
<kw name="Log" owner="BuiltIn">
<msg time="2024-04-17T17:12:23.867984" level="INFO">email</msg>
<arg>${key}</arg>
<doc>Logs the given message with the given level.</doc>
<status status="PASS" start="2024-04-17T17:12:23.867860" elapsed="0.000162"/>
</kw>
<var name="${key}">email</var>
<status status="PASS" start="2024-04-17T17:12:23.866310" elapsed="0.001924"/>
</iter>
<iter>
<kw name="Dictionary Should Contain Key" owner="Collections">
<msg time="2024-04-17T17:12:23.868893" level="INFO">False</msg>
<arg>${json_data['results'][0]}</arg>
<arg>${key}</arg>
<doc>Fails if ``key`` is not found from ``dictionary``.</doc>
<status status="PASS" start="2024-04-17T17:12:23.868513" elapsed="0.000417"/>
</kw>
<kw name="Log" owner="BuiltIn">
<msg time="2024-04-17T17:12:23.869582" level="INFO">{'gender': 'male', 'name': {'title': 'Mr', 'first': 'Sjors', 'last': 'Aalbers'}, 'location': {'street': {'number': 4739, 'name': 'Beersdalweg'}, 'city': 'Ledeacker', 'state': 'Limburg', 'country': 'Netherlands', 'postcode': '1746 KY', 'coordinates': {'latitude': '32.6390', 'longitude': '-16.4373'}, 'timezone': {'offset': '-1:00', 'description': 'Azores, Cape Verde Islands'}}, 'email': 'sjors.aalbers@example.com', 'login': {'uuid': 'd0671768-aaed-4670-a875-87cd17b52ecf', 'username': 'lazyfrog599', 'password': 'macaroni', 'salt': 'PP5YyEbz', 'md5': '18582cab6ff9531e7170d34000761bf7', 'sha1': '34b9fa8a34820e7fcc841fe66024dfb4af1bf6c7', 'sha256': 'cb20a43cbc3683ba7260592fe5b07e67e791f7616a24efa5874bacdfd46766ec'}, 'dob': {'date': '1969-12-10T02:22:48.104Z', 'age': 54}, 'registered': {'date': '2017-05-11T15:52:29.033Z', 'age': 6}, 'phone': '(0685) 802593', 'cell': '(06) 87826241', 'id': {'name': 'BSN', 'value': '46865155'}, 'picture': {'large': 'https://randomuser.me/api/portraits/men/87.jpg', 'medium': 'https://randomuser.me/api/portraits/med/men/87.jpg', 'thumbnail': 'https://randomuser.me/api/portraits/thumb/men/87.jpg'}, 'nat': 'NL'}</msg>
<arg>${json_data['results'][0]}</arg>
<doc>Logs the given message with the given level.</doc>
<status status="PASS" start="2024-04-17T17:12:23.869219" elapsed="0.000412"/>
</kw>
<kw name="Log" owner="BuiltIn">
<msg time="2024-04-17T17:12:23.870046" level="INFO">login</msg>
<arg>${key}</arg>
<doc>Logs the given message with the given level.</doc>
<status status="PASS" start="2024-04-17T17:12:23.869922" elapsed="0.000161"/>
</kw>
<var name="${key}">login</var>
<status status="PASS" start="2024-04-17T17:12:23.868404" elapsed="0.001921"/>
</iter>
<var>${key}</var>
<value>@{expected_keys}</value>
<status status="PASS" start="2024-04-17T17:12:23.859731" elapsed="0.010720"/>
</for>
<kw name="Create List" owner="BuiltIn">
<msg time="2024-04-17T17:12:23.870777" level="INFO">${expected_keysTwo} = ['username', 'password']</msg>
<var>${expected_keysTwo}</var>
<arg>username</arg>
<arg>password</arg>
<doc>Returns a list containing given items.</doc>
<status status="PASS" start="2024-04-17T17:12:23.870641" elapsed="0.000160"/>
</kw>
<for flavor="IN">
<iter>
<kw name="Dictionary Should Contain Key" owner="Collections">
<msg time="2024-04-17T17:12:23.871729" level="INFO">False</msg>
<arg>${json_data['results'][0]['login']}</arg>
<arg>${keyTwo}</arg>
<doc>Fails if ``key`` is not found from ``dictionary``.</doc>
<status status="PASS" start="2024-04-17T17:12:23.871303" elapsed="0.000463"/>
</kw>
<kw name="Dictionary Should Contain Key" owner="Collections">
<msg time="2024-04-17T17:12:23.872450" level="INFO">False</msg>
<arg>${json_data['results'][0]['login']}</arg>
<arg>${keyTwo}</arg>
<doc>Fails if ``key`` is not found from ``dictionary``.</doc>
<status status="PASS" start="2024-04-17T17:12:23.872059" elapsed="0.000428"/>
</kw>
<kw name="Log" owner="BuiltIn">
<msg time="2024-04-17T17:12:23.872910" level="INFO">username</msg>
<arg>${keyTwo}</arg>
<doc>Logs the given message with the given level.</doc>
<status status="PASS" start="2024-04-17T17:12:23.872787" elapsed="0.000167"/>
</kw>
<var name="${keyTwo}">username</var>
<status status="PASS" start="2024-04-17T17:12:23.871188" elapsed="0.001979"/>
</iter>
<iter>
<kw name="Dictionary Should Contain Key" owner="Collections">
<msg time="2024-04-17T17:12:23.873907" level="INFO">False</msg>
<arg>${json_data['results'][0]['login']}</arg>
<arg>${keyTwo}</arg>
<doc>Fails if ``key`` is not found from ``dictionary``.</doc>
<status status="PASS" start="2024-04-17T17:12:23.873448" elapsed="0.000504"/>
</kw>
<kw name="Dictionary Should Contain Key" owner="Collections">
<msg time="2024-04-17T17:12:23.874619" level="INFO">False</msg>
<arg>${json_data['results'][0]['login']}</arg>
<arg>${keyTwo}</arg>
<doc>Fails if ``key`` is not found from ``dictionary``.</doc>
<status status="PASS" start="2024-04-17T17:12:23.874246" elapsed="0.000410"/>
</kw>
<kw name="Log" owner="BuiltIn">
<msg time="2024-04-17T17:12:23.875067" level="INFO">password</msg>
<arg>${keyTwo}</arg>
<doc>Logs the given message with the given level.</doc>
<status status="PASS" start="2024-04-17T17:12:23.874942" elapsed="0.000162"/>
</kw>
<var name="${keyTwo}">password</var>
<status status="PASS" start="2024-04-17T17:12:23.873336" elapsed="0.001981"/>
</iter>
<var>${keyTwo}</var>
<value>@{expected_keysTwo}</value>
<status status="PASS" start="2024-04-17T17:12:23.871036" elapsed="0.004401"/>
</for>
<status status="PASS" start="2024-04-17T17:12:23.763701" elapsed="0.111908"/>
</kw>
<doc>Testa a estrutura da resposta da API.</doc>
<tag>testeEstruturaResposta</tag>
<status status="PASS" start="2024-04-17T17:12:23.763063" elapsed="0.112703"/>
</test>
<test id="s1-s1-t4" name="Validar tipos de dados" line="28">
<kw name="Teste de Tipos de Dados" owner="random-user-service">
<kw name="GET On Session" owner="RequestsLibrary">
<msg time="2024-04-17T17:12:23.972763" level="INFO">GET Request : url=https://randomuser.me/api 
 path_url=/api 
 headers={'User-Agent': 'python-requests/2.31.0', 'Accept-Encoding': 'gzip, deflate', 'Accept': '*/*', 'Connection': 'keep-alive'} 
 body=None 
 </msg>
<msg time="2024-04-17T17:12:23.972883" level="INFO">GET Response : url=https://randomuser.me/api 
 status=200, reason=OK 
 headers={'Date': 'Wed, 17 Apr 2024 17:12:23 GMT', 'Content-Type': 'application/json; charset=utf-8', 'Transfer-Encoding': 'chunked', 'Connection': 'keep-alive', 'X-Powered-By': 'Express', 'Access-Control-Allow-Origin': '*', 'Cache-Control': 'no-cache', 'ETag': 'W/"488-E1ePc0oM0yAvO1vosHPqc67Xrgs"', 'Vary': 'Accept-Encoding', 'Content-Encoding': 'gzip', 'CF-Cache-Status': 'DYNAMIC', 'Report-To': '{"endpoints":[{"url":"https:\\/\\/a.nel.cloudflare.com\\/report\\/v4?s=z%2FrPq1onnlV%2F8bBbqQlrUBsOq7b80twPRUju4ZUF5KvHBCLWqKkm5nIzmODFU5gQLTRkvi%2FvhFLccQZOa7w9qfZQ6l0HrXVj7c7NB6aeKz4c1kVjQok98R%2Bm1xIVqB6x"}],"group":"cf-nel","max_age":604800}', 'NEL': '{"success_fraction":0,"report_to":"cf-nel","max_age":604800}', 'Server': 'cloudflare', 'CF-RAY': '875e0a2d483915e1-SJC', 'alt-svc': 'h3=":443"; ma=86400'} 
 body={"results":[{"gender":"female","name":{"title":"Miss","first":"Anastasija","last":"Orlić"},"location":{"street":{"number":761,"name":"Balovačka"},"city":"Aleksandrovac","state":"Braničevo","country":"Serbia","postcode":23289,"coordinates":{"latitude":"62.3052","longitude":"28.3123"},"timezone":{"offset":"-2:00","description":"Mid-Atlantic"}},"email":"anastasija.orlic@example.com","login":{"uuid":"07161000-2b33-46ed-9b68-dfa894daae07","username":"orangesnake974","password":"guinness","salt":"Sopx62ZQ","md5":"e148a3ce53bdefd685577fa4ac110dbf","sha1":"98e3b23f2af695e9ca32bd526f7140d40c58f71f","sha256":"a59858945233b0a9418bcc93ebfe5774c2088bbce8146fa38c081495a50bca15"},"dob":{"date":"1980-11-16T07:00:34.901Z","age":43},"registered":{"date":"2012-11-06T15:18:22.997Z","age":11},"phone":"018-6690-410","cell":"065-8762-255","id":{"name":"SID","value":"471856133"},"picture":{"large":"https://randomuser.me/api/portraits/women/59.jpg","medium":"https://randomuser.me/api/portraits/med/women/59.jpg","thumbnail":"https://randomuser.me/api/portraits/thumb/women/59.jpg"},"nat":"RS"}],"info":{"seed":"2067c5668006325a","results":1,"page":1,"version":"1.4"}} 
 </msg>
<msg time="2024-04-17T17:12:23.972964" level="INFO">/opt/hostedtoolcache/Python/3.12.3/x64/lib/python3.12/site-packages/urllib3/connectionpool.py:1103: InsecureRequestWarning: Unverified HTTPS request is being made to host 'randomuser.me'. Adding certificate verification is strongly advised. See: https://urllib3.readthedocs.io/en/latest/advanced-usage.html#tls-warnings
  warnings.warn(</msg>
<msg time="2024-04-17T17:12:23.973115" level="INFO">${response} = &lt;Response [200]&gt;</msg>
<var>${response}</var>
<arg>consultarAPI</arg>
<arg>/api</arg>
<doc>Sends a GET request on a previously created HTTP Session.</doc>
<status status="PASS" start="2024-04-17T17:12:23.878230" elapsed="0.094931"/>
</kw>
<kw name="Set Variable" owner="BuiltIn">
<msg time="2024-04-17T17:12:23.974291" level="INFO">${json_data} = {'results': [{'gender': 'female', 'name': {'title': 'Miss', 'first': 'Anastasija', 'last': 'Orlić'}, 'location': {'street': {'number': 761, 'name': 'Balovačka'}, 'city': 'Aleksandrovac', 'state': 'Bra...</msg>
<var>${json_data}</var>
<arg>${response.json()}</arg>
<doc>Returns the given values which can then be assigned to a variables.</doc>
<status status="PASS" start="2024-04-17T17:12:23.973715" elapsed="0.000607"/>
</kw>
<kw name="Log" owner="BuiltIn">
<msg time="2024-04-17T17:12:23.974859" level="INFO">{'results': [{'gender': 'female', 'name': {'title': 'Miss', 'first': 'Anastasija', 'last': 'Orlić'}, 'location': {'street': {'number': 761, 'name': 'Balovačka'}, 'city': 'Aleksandrovac', 'state': 'Braničevo', 'country': 'Serbia', 'postcode': 23289, 'coordinates': {'latitude': '62.3052', 'longitude': '28.3123'}, 'timezone': {'offset': '-2:00', 'description': 'Mid-Atlantic'}}, 'email': 'anastasija.orlic@example.com', 'login': {'uuid': '07161000-2b33-46ed-9b68-dfa894daae07', 'username': 'orangesnake974', 'password': 'guinness', 'salt': 'Sopx62ZQ', 'md5': 'e148a3ce53bdefd685577fa4ac110dbf', 'sha1': '98e3b23f2af695e9ca32bd526f7140d40c58f71f', 'sha256': 'a59858945233b0a9418bcc93ebfe5774c2088bbce8146fa38c081495a50bca15'}, 'dob': {'date': '1980-11-16T07:00:34.901Z', 'age': 43}, 'registered': {'date': '2012-11-06T15:18:22.997Z', 'age': 11}, 'phone': '018-6690-410', 'cell': '065-8762-255', 'id': {'name': 'SID', 'value': '471856133'}, 'picture': {'large': 'https://randomuser.me/api/portraits/women/59.jpg', 'medium': 'https://randomuser.me/api/portraits/med/women/59.jpg', 'thumbnail': 'https://randomuser.me/api/portraits/thumb/women/59.jpg'}, 'nat': 'RS'}], 'info': {'seed': '2067c5668006325a', 'results': 1, 'page': 1, 'version': '1.4'}}</msg>
<arg>${json_data}</arg>
<doc>Logs the given message with the given level.</doc>
<status status="PASS" start="2024-04-17T17:12:23.974681" elapsed="0.000274"/>
</kw>
<kw name="Should Be String" owner="String">
<arg>${json_data['results'][0]['gender']}</arg>
<doc>Fails if the given ``item`` is not a string.</doc>
<status status="PASS" start="2024-04-17T17:12:23.975276" elapsed="0.000438"/>
</kw>
<kw name="Should Match Regexp" owner="BuiltIn">
<arg>${json_data['results'][0]['email']}</arg>
<arg>^[a-zA-Z0-9._%+-]+@[a-zA-Z0-9.-]+\.[a-zA-Z]{2,}$</arg>
<doc>Fails if ``string`` does not match ``pattern`` as a regular expression.</doc>
<status status="PASS" start="2024-04-17T17:12:23.975916" elapsed="0.000534"/>
</kw>
<kw name="Should Match Regexp" owner="BuiltIn">
<arg>${json_data['results'][0]['dob']['date']}</arg>
<arg>\\d{4}-\\d{2}-\\d{2}T\\d{2}:\\d{2}:\\d{2}\\.\\d{3}Z</arg>
<doc>Fails if ``string`` does not match ``pattern`` as a regular expression.</doc>
<status status="PASS" start="2024-04-17T17:12:23.976660" elapsed="0.000491"/>
</kw>
<kw name="Should Match Regexp" owner="BuiltIn">
<arg>${json_data['results'][0]['registered']['date']}</arg>
<arg>\\d{4}-\\d{2}-\\d{2}T\\d{2}:\\d{2}:\\d{2}\\.\\d{3}Z</arg>
<doc>Fails if ``string`` does not match ``pattern`` as a regular expression.</doc>
<status status="PASS" start="2024-04-17T17:12:23.977345" elapsed="0.000366"/>
</kw>
<kw name="Should Match Regexp" owner="BuiltIn">
<arg>${json_data['results'][0]['picture']['large']}</arg>
<arg>^https?://.*\.(?:png|jpe?g|gif|bmp)$</arg>
<doc>Fails if ``string`` does not match ``pattern`` as a regular expression.</doc>
<status status="PASS" start="2024-04-17T17:12:23.977903" elapsed="0.000467"/>
</kw>
<kw name="Should Match Regexp" owner="BuiltIn">
<arg>${json_data['results'][0]['picture']['medium']}</arg>
<arg>^https?://.*\.(?:png|jpe?g|gif|bmp)$</arg>
<doc>Fails if ``string`` does not match ``pattern`` as a regular expression.</doc>
<status status="PASS" start="2024-04-17T17:12:23.978557" elapsed="0.000355"/>
</kw>
<kw name="Should Match Regexp" owner="BuiltIn">
<arg>${json_data['results'][0]['picture']['thumbnail']}</arg>
<arg>^https?://.*\.(?:png|jpe?g|gif|bmp)$</arg>
<doc>Fails if ``string`` does not match ``pattern`` as a regular expression.</doc>
<status status="PASS" start="2024-04-17T17:12:23.979101" elapsed="0.000354"/>
</kw>
<kw name="Log" owner="BuiltIn">
<msg time="2024-04-17T17:12:23.979999" level="INFO">{'large': 'https://randomuser.me/api/portraits/women/59.jpg', 'medium': 'https://randomuser.me/api/portraits/med/women/59.jpg', 'thumbnail': 'https://randomuser.me/api/portraits/thumb/women/59.jpg'}</msg>
<arg>${json_data['results'][0]['picture']}</arg>
<doc>Logs the given message with the given level.</doc>
<status status="PASS" start="2024-04-17T17:12:23.979675" elapsed="0.000365"/>
</kw>
<status status="PASS" start="2024-04-17T17:12:23.878004" elapsed="0.102298"/>
</kw>
<kw name="Teste de Tipos de Dados - Postcode" owner="random-user-service">
<kw name="GET On Session" owner="RequestsLibrary">
<msg time="2024-04-17T17:12:24.071578" level="INFO">GET Request : url=https://randomuser.me/api 
 path_url=/api 
 headers={'User-Agent': 'python-requests/2.31.0', 'Accept-Encoding': 'gzip, deflate', 'Accept': '*/*', 'Connection': 'keep-alive'} 
 body=None 
 </msg>
<msg time="2024-04-17T17:12:24.071686" level="INFO">GET Response : url=https://randomuser.me/api 
 status=200, reason=OK 
 headers={'Date': 'Wed, 17 Apr 2024 17:12:24 GMT', 'Content-Type': 'application/json; charset=utf-8', 'Transfer-Encoding': 'chunked', 'Connection': 'keep-alive', 'X-Powered-By': 'Express', 'Access-Control-Allow-Origin': '*', 'Cache-Control': 'no-cache', 'ETag': 'W/"489-H7fUK69IZt8JDXqrysurNAr5DTk"', 'Vary': 'Accept-Encoding', 'Content-Encoding': 'gzip', 'CF-Cache-Status': 'DYNAMIC', 'Report-To': '{"endpoints":[{"url":"https:\\/\\/a.nel.cloudflare.com\\/report\\/v4?s=Bn3kg%2Ff1piJfkhO7BXDCOrYj235tC3IvRpnSyarig%2BH2giGelHIdBaia6PD7fKcoFzEEliIdMZc1ISuQ8d1FJAdvpEfJGdWb%2B6%2BXruKJq3L5gWluY5cVRiosYXJDgxtW"}],"group":"cf-nel","max_age":604800}', 'NEL': '{"success_fraction":0,"report_to":"cf-nel","max_age":604800}', 'Server': 'cloudflare', 'CF-RAY': '875e0a2de8d615e1-SJC', 'alt-svc': 'h3=":443"; ma=86400'} 
 body={"results":[{"gender":"female","name":{"title":"Ms","first":"Aurore","last":"Bonnet"},"location":{"street":{"number":4403,"name":"Avenue des Ternes"},"city":"Nice","state":"Ille-et-Vilaine","country":"France","postcode":95204,"coordinates":{"latitude":"-19.8721","longitude":"88.0991"},"timezone":{"offset":"-9:00","description":"Alaska"}},"email":"aurore.bonnet@example.com","login":{"uuid":"21d17097-f20c-4343-b392-b15363adf3e9","username":"blackpanda197","password":"manfred","salt":"jdYosmUp","md5":"55c175b3f3c3b5db302f6aecdb25813a","sha1":"07b4371a18f34424f226f1c8bafb1ae62511dbc0","sha256":"476aec309d00f10e766edfb232b0125b99b5769a46b96ebbd5460f021ed66f56"},"dob":{"date":"1962-10-14T18:54:45.637Z","age":61},"registered":{"date":"2007-01-28T12:44:37.864Z","age":17},"phone":"02-68-92-85-95","cell":"06-51-21-31-57","id":{"name":"INSEE","value":"2620977484345 44"},"picture":{"large":"https://randomuser.me/api/portraits/women/40.jpg","medium":"https://randomuser.me/api/portraits/med/women/40.jpg","thumbnail":"https://randomuser.me/api/portraits/thumb/women/40.jpg"},"nat":"FR"}],"info":{"seed":"a361467c86ca4cf8","results":1,"page":1,"version":"1.4"}} 
 </msg>
<msg time="2024-04-17T17:12:24.071769" level="INFO">/opt/hostedtoolcache/Python/3.12.3/x64/lib/python3.12/site-packages/urllib3/connectionpool.py:1103: InsecureRequestWarning: Unverified HTTPS request is being made to host 'randomuser.me'. Adding certificate verification is strongly advised. See: https://urllib3.readthedocs.io/en/latest/advanced-usage.html#tls-warnings
  warnings.warn(</msg>
<msg time="2024-04-17T17:12:24.071928" level="INFO">${response} = &lt;Response [200]&gt;</msg>
<var>${response}</var>
<arg>consultarAPI</arg>
<arg>/api</arg>
<doc>Sends a GET request on a previously created HTTP Session.</doc>
<status status="PASS" start="2024-04-17T17:12:23.980782" elapsed="0.091202"/>
</kw>
<kw name="Set Variable" owner="BuiltIn">
<msg time="2024-04-17T17:12:24.073015" level="INFO">${json_data} = {'results': [{'gender': 'female', 'name': {'title': 'Ms', 'first': 'Aurore', 'last': 'Bonnet'}, 'location': {'street': {'number': 4403, 'name': 'Avenue des Ternes'}, 'city': 'Nice', 'state': 'Ille-et-...</msg>
<var>${json_data}</var>
<arg>${response.json()}</arg>
<doc>Returns the given values which can then be assigned to a variables.</doc>
<status status="PASS" start="2024-04-17T17:12:24.072481" elapsed="0.000563"/>
</kw>
<kw name="Log" owner="BuiltIn">
<msg time="2024-04-17T17:12:24.073550" level="INFO">{'results': [{'gender': 'female', 'name': {'title': 'Ms', 'first': 'Aurore', 'last': 'Bonnet'}, 'location': {'street': {'number': 4403, 'name': 'Avenue des Ternes'}, 'city': 'Nice', 'state': 'Ille-et-Vilaine', 'country': 'France', 'postcode': 95204, 'coordinates': {'latitude': '-19.8721', 'longitude': '88.0991'}, 'timezone': {'offset': '-9:00', 'description': 'Alaska'}}, 'email': 'aurore.bonnet@example.com', 'login': {'uuid': '21d17097-f20c-4343-b392-b15363adf3e9', 'username': 'blackpanda197', 'password': 'manfred', 'salt': 'jdYosmUp', 'md5': '55c175b3f3c3b5db302f6aecdb25813a', 'sha1': '07b4371a18f34424f226f1c8bafb1ae62511dbc0', 'sha256': '476aec309d00f10e766edfb232b0125b99b5769a46b96ebbd5460f021ed66f56'}, 'dob': {'date': '1962-10-14T18:54:45.637Z', 'age': 61}, 'registered': {'date': '2007-01-28T12:44:37.864Z', 'age': 17}, 'phone': '02-68-92-85-95', 'cell': '06-51-21-31-57', 'id': {'name': 'INSEE', 'value': '2620977484345 44'}, 'picture': {'large': 'https://randomuser.me/api/portraits/women/40.jpg', 'medium': 'https://randomuser.me/api/portraits/med/women/40.jpg', 'thumbnail': 'https://randomuser.me/api/portraits/thumb/women/40.jpg'}, 'nat': 'FR'}], 'info': {'seed': 'a361467c86ca4cf8', 'results': 1, 'page': 1, 'version': '1.4'}}</msg>
<arg>${json_data}</arg>
<doc>Logs the given message with the given level.</doc>
<status status="PASS" start="2024-04-17T17:12:24.073386" elapsed="0.000247"/>
</kw>
<kw name="Should Be Equal As Numbers" owner="BuiltIn">
<arg>${json_data['results'][0]['location']['postcode']}</arg>
<arg>${json_data['results'][0]['location']['postcode']}</arg>
<doc>Fails if objects are unequal after converting them to real numbers.</doc>
<status status="PASS" start="2024-04-17T17:12:24.074144" elapsed="0.000643"/>
</kw>
<kw name="Log" owner="BuiltIn">
<msg time="2024-04-17T17:12:24.075325" level="INFO">95204</msg>
<arg>${json_data['results'][0]['location']['postcode']}</arg>
<doc>Logs the given message with the given level.</doc>
<status status="PASS" start="2024-04-17T17:12:24.074983" elapsed="0.000382"/>
</kw>
<status status="PASS" start="2024-04-17T17:12:23.980539" elapsed="0.095114"/>
</kw>
<doc>Testa se os tipos de dados na resposta da API estão corretos.</doc>
<tag>testeTiposDados</tag>
<status status="PASS" start="2024-04-17T17:12:23.877540" elapsed="0.198289"/>
</test>
<test id="s1-s1-t5" name="Validar conteudo" line="35">
<kw name="Teste de Tipos de Conteudo" owner="random-user-service">
<kw name="GET On Session" owner="RequestsLibrary">
<msg time="2024-04-17T17:12:24.175781" level="INFO">GET Request : url=https://randomuser.me/api 
 path_url=/api 
 headers={'User-Agent': 'python-requests/2.31.0', 'Accept-Encoding': 'gzip, deflate', 'Accept': '*/*', 'Connection': 'keep-alive'} 
 body=None 
 </msg>
<msg time="2024-04-17T17:12:24.175894" level="INFO">GET Response : url=https://randomuser.me/api 
 status=200, reason=OK 
 headers={'Date': 'Wed, 17 Apr 2024 17:12:24 GMT', 'Content-Type': 'application/json; charset=utf-8', 'Transfer-Encoding': 'chunked', 'Connection': 'keep-alive', 'X-Powered-By': 'Express', 'Access-Control-Allow-Origin': '*', 'Cache-Control': 'no-cache', 'ETag': 'W/"494-hPVTRJ2o6cA2XeVjuMT8lvhMvL4"', 'Vary': 'Accept-Encoding', 'Content-Encoding': 'gzip', 'CF-Cache-Status': 'DYNAMIC', 'Report-To': '{"endpoints":[{"url":"https:\\/\\/a.nel.cloudflare.com\\/report\\/v4?s=rwFJ9YPNDM56vLXrCgroYc96DDGixEcWk8pGtpvVwSZwcAvFnp%2FMO2s8%2BOCRDaSc8Xj%2BwSRNDGvds0u9noeRnck953KRRIqZA%2FCxj%2BqDw3YvUezcAgk1j%2FG4TRzJ1N6f"}],"group":"cf-nel","max_age":604800}', 'NEL': '{"success_fraction":0,"report_to":"cf-nel","max_age":604800}', 'Server': 'cloudflare', 'CF-RAY': '875e0a2e89bb15e1-SJC', 'alt-svc': 'h3=":443"; ma=86400'} 
 body={"results":[{"gender":"female","name":{"title":"Miss","first":"Francoise","last":"Markus"},"location":{"street":{"number":5152,"name":"Meisenweg"},"city":"Friesland","state":"Mecklenburg-Vorpommern","country":"Germany","postcode":42856,"coordinates":{"latitude":"-52.5909","longitude":"116.0124"},"timezone":{"offset":"+5:45","description":"Kathmandu"}},"email":"francoise.markus@example.com","login":{"uuid":"591c8a47-5eba-4217-b64f-fb4d4d3ec26d","username":"yellowzebra762","password":"dogbert","salt":"5TPjgETA","md5":"6675e624a6764bbdef7e8fb77373903a","sha1":"ed24ef33b9a2f5f1247e9bed90b38b0b62618812","sha256":"7b7a69d247cfb662c4944263cac45fde12d78e5ae099864a941e964e4ff363cb"},"dob":{"date":"1960-10-02T14:07:33.417Z","age":63},"registered":{"date":"2018-08-19T19:33:56.376Z","age":5},"phone":"0828-7138485","cell":"0172-7440102","id":{"name":"SVNR","value":"09 021060 M 743"},"picture":{"large":"https://randomuser.me/api/portraits/women/27.jpg","medium":"https://randomuser.me/api/portraits/med/women/27.jpg","thumbnail":"https://randomuser.me/api/portraits/thumb/women/27.jpg"},"nat":"DE"}],"info":{"seed":"37028ca9075d4fb5","results":1,"page":1,"version":"1.4"}} 
 </msg>
<msg time="2024-04-17T17:12:24.175981" level="INFO">/opt/hostedtoolcache/Python/3.12.3/x64/lib/python3.12/site-packages/urllib3/connectionpool.py:1103: InsecureRequestWarning: Unverified HTTPS request is being made to host 'randomuser.me'. Adding certificate verification is strongly advised. See: https://urllib3.readthedocs.io/en/latest/advanced-usage.html#tls-warnings
  warnings.warn(</msg>
<msg time="2024-04-17T17:12:24.176150" level="INFO">${response} = &lt;Response [200]&gt;</msg>
<var>${response}</var>
<arg>consultarAPI</arg>
<arg>/api</arg>
<doc>Sends a GET request on a previously created HTTP Session.</doc>
<status status="PASS" start="2024-04-17T17:12:24.078671" elapsed="0.097531"/>
</kw>
<kw name="Set Variable" owner="BuiltIn">
<msg time="2024-04-17T17:12:24.177275" level="INFO">${json_data} = {'results': [{'gender': 'female', 'name': {'title': 'Miss', 'first': 'Francoise', 'last': 'Markus'}, 'location': {'street': {'number': 5152, 'name': 'Meisenweg'}, 'city': 'Friesland', 'state': 'Meckle...</msg>
<var>${json_data}</var>
<arg>${response.json()}</arg>
<doc>Returns the given values which can then be assigned to a variables.</doc>
<status status="PASS" start="2024-04-17T17:12:24.176726" elapsed="0.000578"/>
</kw>
<kw name="Set Variable" owner="BuiltIn">
<msg time="2024-04-17T17:12:24.178059" level="INFO">${name_title} = Miss</msg>
<var>${name_title}</var>
<arg>${json_data["results"][0]["name"]["title"]}</arg>
<doc>Returns the given values which can then be assigned to a variables.</doc>
<status status="PASS" start="2024-04-17T17:12:24.177652" elapsed="0.000433"/>
</kw>
<kw name="Create List" owner="BuiltIn">
<msg time="2024-04-17T17:12:24.178553" level="INFO">${allowed_titles} = ['Mr', 'Ms', 'Miss', 'Mrs', 'Madame', 'Monsieur']</msg>
<var>${allowed_titles}</var>
<arg>Mr</arg>
<arg>Ms</arg>
<arg>Miss</arg>
<arg>Mrs</arg>
<arg>Madame</arg>
<arg>Monsieur</arg>
<doc>Returns a list containing given items.</doc>
<status status="PASS" start="2024-04-17T17:12:24.178399" elapsed="0.000178"/>
</kw>
<kw name="List Should Contain Value" owner="Collections">
<msg time="2024-04-17T17:12:24.179076" level="INFO">False</msg>
<arg>${allowed_titles}</arg>
<arg>${name_title}</arg>
<doc>Fails if the ``value`` is not found from ``list``.</doc>
<status status="PASS" start="2024-04-17T17:12:24.178891" elapsed="0.000222"/>
</kw>
<kw name="Set Variable" owner="BuiltIn">
<msg time="2024-04-17T17:12:24.179838" level="INFO">${name_country} = DE</msg>
<var>${name_country}</var>
<arg>${json_data["results"][0]["nat"]}</arg>
<doc>Returns the given values which can then be assigned to a variables.</doc>
<status status="PASS" start="2024-04-17T17:12:24.179408" elapsed="0.000456"/>
</kw>
<kw name="Create List" owner="BuiltIn">
<msg time="2024-04-17T17:12:24.180760" level="INFO">${list_country} = ['AD', 'AE', 'AF', 'AG', 'AI', 'AL', 'AM', 'AO', 'AQ', 'AR', 'AS', 'AT', 'AU', 'AW', 'AX', 'AZ', 'BA', 'BB', 'BD', 'BE', 'BF', 'BG', 'BH', 'BI', 'BJ', 'BL', 'BM', 'BN', 'BO', 'BQ', 'BR', 'BS', 'BT', '...</msg>
<var>${list_country}</var>
<arg>AD</arg>
<arg>AE</arg>
<arg>AF</arg>
<arg>AG</arg>
<arg>AI</arg>
<arg>AL</arg>
<arg>AM</arg>
<arg>AO</arg>
<arg>AQ</arg>
<arg>AR</arg>
<arg>AS</arg>
<arg>AT</arg>
<arg>AU</arg>
<arg>AW</arg>
<arg>AX</arg>
<arg>AZ</arg>
<arg>BA</arg>
<arg>BB</arg>
<arg>BD</arg>
<arg>BE</arg>
<arg>BF</arg>
<arg>BG</arg>
<arg>BH</arg>
<arg>BI</arg>
<arg>BJ</arg>
<arg>BL</arg>
<arg>BM</arg>
<arg>BN</arg>
<arg>BO</arg>
<arg>BQ</arg>
<arg>BR</arg>
<arg>BS</arg>
<arg>BT</arg>
<arg>BV</arg>
<arg>BW</arg>
<arg>BY</arg>
<arg>BZ</arg>
<arg>CA</arg>
<arg>CC</arg>
<arg>CD</arg>
<arg>CF</arg>
<arg>CG</arg>
<arg>CH</arg>
<arg>CI</arg>
<arg>CK</arg>
<arg>CL</arg>
<arg>CM</arg>
<arg>CN</arg>
<arg>CO</arg>
<arg>CR</arg>
<arg>CU</arg>
<arg>CV</arg>
<arg>CW</arg>
<arg>CX</arg>
<arg>CY</arg>
<arg>CZ</arg>
<arg>DE</arg>
<arg>DJ</arg>
<arg>DK</arg>
<arg>DM</arg>
<arg>DO</arg>
<arg>DZ</arg>
<arg>EC</arg>
<arg>EE</arg>
<arg>EG</arg>
<arg>EH</arg>
<arg>ER</arg>
<arg>ES</arg>
<arg>ET</arg>
<arg>FI</arg>
<arg>FJ</arg>
<arg>FK</arg>
<arg>FM</arg>
<arg>FO</arg>
<arg>FR</arg>
<arg>GA</arg>
<arg>GB</arg>
<arg>GD</arg>
<arg>GE</arg>
<arg>GF</arg>
<arg>GG</arg>
<arg>GH</arg>
<arg>GI</arg>
<arg>GL</arg>
<arg>GM</arg>
<arg>GN</arg>
<arg>GP</arg>
<arg>GQ</arg>
<arg>GR</arg>
<arg>GS</arg>
<arg>GT</arg>
<arg>GU</arg>
<arg>GW</arg>
<arg>GY</arg>
<arg>HK</arg>
<arg>HM</arg>
<arg>HN</arg>
<arg>HR</arg>
<arg>HT</arg>
<arg>HU</arg>
<arg>ID</arg>
<arg>IE</arg>
<arg>IL</arg>
<arg>IM</arg>
<arg>IN</arg>
<arg>IO</arg>
<arg>IQ</arg>
<arg>IR</arg>
<arg>IS</arg>
<arg>IT</arg>
<arg>JE</arg>
<arg>JM</arg>
<arg>JO</arg>
<arg>JP</arg>
<arg>KE</arg>
<arg>KG</arg>
<arg>KH</arg>
<arg>KI</arg>
<arg>KM</arg>
<arg>KN</arg>
<arg>KP</arg>
<arg>KR</arg>
<arg>KW</arg>
<arg>KY</arg>
<arg>KZ</arg>
<arg>LA</arg>
<arg>LB</arg>
<arg>LC</arg>
<arg>LI</arg>
<arg>LK</arg>
<arg>LR</arg>
<arg>LS</arg>
<arg>LT</arg>
<arg>LU</arg>
<arg>LV</arg>
<arg>LY</arg>
<arg>MA</arg>
<arg>MC</arg>
<arg>MD</arg>
<arg>ME</arg>
<arg>MF</arg>
<arg>MG</arg>
<arg>MH</arg>
<arg>MK</arg>
<arg>ML</arg>
<arg>MM</arg>
<arg>MN</arg>
<arg>MO</arg>
<arg>MP</arg>
<arg>MQ</arg>
<arg>MR</arg>
<arg>MS</arg>
<arg>MT</arg>
<arg>MU</arg>
<arg>MV</arg>
<arg>MW</arg>
<arg>MX</arg>
<arg>MY</arg>
<arg>MZ</arg>
<arg>NA</arg>
<arg>NC</arg>
<arg>NE</arg>
<arg>NF</arg>
<arg>NG</arg>
<arg>NI</arg>
<arg>NL</arg>
<arg>NO</arg>
<arg>NP</arg>
<arg>NR</arg>
<arg>NU</arg>
<arg>NZ</arg>
<arg>OM</arg>
<arg>PA</arg>
<arg>PE</arg>
<arg>PF</arg>
<arg>PG</arg>
<arg>PH</arg>
<arg>PK</arg>
<arg>PL</arg>
<arg>PM</arg>
<arg>PN</arg>
<arg>PR</arg>
<arg>PS</arg>
<arg>PT</arg>
<arg>PW</arg>
<arg>PY</arg>
<arg>QA</arg>
<arg>RE</arg>
<arg>RO</arg>
<arg>RS</arg>
<arg>RU</arg>
<arg>RW</arg>
<arg>SA</arg>
<arg>SB</arg>
<arg>SC</arg>
<arg>SD</arg>
<arg>SE</arg>
<arg>SG</arg>
<arg>SH</arg>
<arg>SI</arg>
<arg>SJ</arg>
<arg>SK</arg>
<arg>SL</arg>
<arg>SM</arg>
<arg>SN</arg>
<arg>SO</arg>
<arg>SR</arg>
<arg>SS</arg>
<arg>ST</arg>
<arg>SV</arg>
<arg>SX</arg>
<arg>SY</arg>
<arg>SZ</arg>
<arg>TC</arg>
<arg>TD</arg>
<arg>TF</arg>
<arg>TG</arg>
<arg>TH</arg>
<arg>TJ</arg>
<arg>TK</arg>
<arg>TL</arg>
<arg>TM</arg>
<arg>TN</arg>
<arg>TO</arg>
<arg>TR</arg>
<arg>TT</arg>
<arg>TV</arg>
<arg>TW</arg>
<arg>TZ</arg>
<arg>UA</arg>
<arg>UG</arg>
<arg>UM</arg>
<arg>US</arg>
<arg>UY</arg>
<arg>UZ</arg>
<arg>VA</arg>
<arg>VC</arg>
<arg>VE</arg>
<arg>VG</arg>
<arg>VI</arg>
<arg>VN</arg>
<arg>VU</arg>
<arg>WF</arg>
<arg>WS</arg>
<arg>XK</arg>
<arg>YE</arg>
<arg>YT</arg>
<arg>ZA</arg>
<arg>ZM</arg>
<arg>ZW</arg>
<doc>Returns a list containing given items.</doc>
<status status="PASS" start="2024-04-17T17:12:24.180175" elapsed="0.000611"/>
</kw>
<kw name="List Should Contain Value" owner="Collections">
<msg time="2024-04-17T17:12:24.181788" level="INFO">False</msg>
<arg>${list_country}</arg>
<arg>${name_country}</arg>
<doc>Fails if the ``value`` is not found from ``list``.</doc>
<status status="PASS" start="2024-04-17T17:12:24.181582" elapsed="0.000244"/>
</kw>
<kw name="Run Keyword If" owner="BuiltIn">
<kw name="Should Be True" owner="BuiltIn">
<arg>${True}</arg>
<doc>Fails if the given condition is not true.</doc>
<status status="PASS" start="2024-04-17T17:12:24.182908" elapsed="0.000273"/>
</kw>
<arg>${json_data["results"][0]["location"]["coordinates"]["latitude"]} &gt;= -90 and ${json_data["results"][0]["location"]["coordinates"]["latitude"]} &lt;= 90</arg>
<arg>Should Be True</arg>
<arg>${True}</arg>
<doc>Runs the given keyword with the given arguments, if ``condition`` is true.</doc>
<status status="PASS" start="2024-04-17T17:12:24.182138" elapsed="0.001178"/>
</kw>
<kw name="Run Keyword If" owner="BuiltIn">
<kw name="Should Be True" owner="BuiltIn">
<arg>${True}</arg>
<doc>Fails if the given condition is not true.</doc>
<status status="PASS" start="2024-04-17T17:12:24.184252" elapsed="0.000137"/>
</kw>
<arg>${json_data["results"][0]["location"]["coordinates"]["longitude"]} &gt;= -180 and ${json_data["results"][0]["location"]["coordinates"]["longitude"]} &lt;= 180</arg>
<arg>Should Be True</arg>
<arg>${True}</arg>
<doc>Runs the given keyword with the given arguments, if ``condition`` is true.</doc>
<status status="PASS" start="2024-04-17T17:12:24.183529" elapsed="0.000987"/>
</kw>
<status status="PASS" start="2024-04-17T17:12:24.078293" elapsed="0.106362"/>
</kw>
<doc>Testa o conteúdo específico dos campos retornados pela API.</doc>
<tag>testeConteudo</tag>
<status status="PASS" start="2024-04-17T17:12:24.077623" elapsed="0.107190"/>
</test>
<status status="PASS" start="2024-04-17T17:12:23.310703" elapsed="0.876102"/>
</suite>
<status status="PASS" start="2024-04-17T17:12:23.297004" elapsed="0.895112"/>
</suite>
<statistics>
<total>
<stat pass="5" fail="0" skip="0">All Tests</stat>
</total>
<tag>
<stat pass="1" fail="0" skip="0">testeConteudo</stat>
<stat pass="1" fail="0" skip="0">testeEstruturaResposta</stat>
<stat pass="1" fail="0" skip="0">testeRequisicaoBasica</stat>
<stat pass="1" fail="0" skip="0">testeTiposDados</stat>
</tag>
<suite>
<stat pass="5" fail="0" skip="0" id="s1" name="Tests">Tests</stat>
<stat pass="5" fail="0" skip="0" id="s1-s1" name="Random-User-Test">Tests.Random-User-Test</stat>
</suite>
</statistics>
<errors>
</errors>
</robot>
