<?xml version="1.0" encoding="UTF-8"?>
<robot generator="Robot 7.0 (Python 3.12.3 on linux)" generated="2024-06-06T17:14:49.486444" rpa="false" schemaversion="5">
<suite id="s1" name="Tests" source="/home/runner/work/ApiRandomUser/ApiRandomUser/RamdonUser/tests">
<suite id="s1-s1" name="Random-User-Test" source="/home/runner/work/ApiRandomUser/ApiRandomUser/RamdonUser/tests/random-user-test.robot">
<test id="s1-s1-t1" name="Conectar" line="13">
<kw name="Conectar API" owner="random-user-service">
<kw name="Create Session" owner="RequestsLibrary">
<msg time="2024-06-06T17:14:49.883924" level="INFO">Creating Session using : alias=consultarAPI, url=https://randomuser.me/, headers={},                     cookies={}, auth=None, timeout=None, proxies=None, verify=False,                     debug=0 </msg>
<arg>consultarAPI</arg>
<arg>${URL}</arg>
<doc>Create Session: create a HTTP session to a server</doc>
<status status="PASS" start="2024-06-06T17:14:49.883728" elapsed="0.000362"/>
</kw>
<status status="PASS" start="2024-06-06T17:14:49.882787" elapsed="0.001655"/>
</kw>
<status status="PASS" start="2024-06-06T17:14:49.882253" elapsed="0.002381"/>
</test>
<test id="s1-s1-t2" name="Validar retorno 200 e JSON Válido" line="16">
<kw name="Teste de Requisicao Basica" owner="random-user-service">
<kw name="GET On Session" owner="RequestsLibrary">
<msg time="2024-06-06T17:14:50.171518" level="INFO">GET Request : url=https://randomuser.me/api 
 path_url=/api 
 headers={'User-Agent': 'python-requests/2.32.3', 'Accept-Encoding': 'gzip, deflate', 'Accept': '*/*', 'Connection': 'keep-alive'} 
 body=None 
 </msg>
<msg time="2024-06-06T17:14:50.171663" level="INFO">GET Response : url=https://randomuser.me/api 
 status=200, reason=OK 
 headers={'Date': 'Thu, 06 Jun 2024 17:14:50 GMT', 'Content-Type': 'application/json; charset=utf-8', 'Transfer-Encoding': 'chunked', 'Connection': 'keep-alive', 'X-Powered-By': 'Express', 'Access-Control-Allow-Origin': '*', 'Cache-Control': 'no-cache', 'ETag': 'W/"472-IegaiVmhkVlyFpqwh/79blQJ10I"', 'Vary': 'Accept-Encoding', 'Content-Encoding': 'gzip', 'CF-Cache-Status': 'DYNAMIC', 'Report-To': '{"endpoints":[{"url":"https:\\/\\/a.nel.cloudflare.com\\/report\\/v4?s=vWsNuAO0m3CvevwZig8to9AWz%2BGHqX%2BQ%2FkHnhuDCF8xluQRp%2FJZSxkcwoZd6iYKb6PeQrEZ%2FQGHtw%2BJqwZevHgl1H7u11H9wWUW1Lme%2BRbW4JWeojoopklDu80ilzy8A"}],"group":"cf-nel","max_age":604800}', 'NEL': '{"success_fraction":0,"report_to":"cf-nel","max_age":604800}', 'Server': 'cloudflare', 'CF-RAY': '88fa0a7f3e1881cf-IAD', 'alt-svc': 'h3=":443"; ma=86400'} 
 body={"results":[{"gender":"female","name":{"title":"Miss","first":"Ege","last":"Çörekçi"},"location":{"street":{"number":6001,"name":"Anafartalar Cd"},"city":"Amasya","state":"Niğde","country":"Turkey","postcode":15984,"coordinates":{"latitude":"69.9288","longitude":"44.8618"},"timezone":{"offset":"-3:30","description":"Newfoundland"}},"email":"ege.corekci@example.com","login":{"uuid":"4e14910a-18da-43c5-8113-a11eb9e97290","username":"blueostrich180","password":"anarchy","salt":"HZPmUuYe","md5":"55beb0773cde7c46b2b7b3af7693ff0a","sha1":"e7917b39a409f02cf70f4dc0ba9b942a18e8cc97","sha256":"7fd70d9925ffe2940a4c9324eee0d4d69be4af56628b95d1dd9ad9cc2af17c06"},"dob":{"date":"1950-07-29T11:35:39.971Z","age":73},"registered":{"date":"2019-12-24T07:46:24.813Z","age":4},"phone":"(695)-416-0095","cell":"(862)-384-3038","id":{"name":"","value":null},"picture":{"large":"https://randomuser.me/api/portraits/women/68.jpg","medium":"https://randomuser.me/api/portraits/med/women/68.jpg","thumbnail":"https://randomuser.me/api/portraits/thumb/women/68.jpg"},"nat":"TR"}],"info":{"seed":"5d636d6d58b0c9b6","results":1,"page":1,"version":"1.4"}} 
 </msg>
<msg time="2024-06-06T17:14:50.171747" level="INFO">/opt/hostedtoolcache/Python/3.12.3/x64/lib/python3.12/site-packages/urllib3/connectionpool.py:1103: InsecureRequestWarning: Unverified HTTPS request is being made to host 'randomuser.me'. Adding certificate verification is strongly advised. See: https://urllib3.readthedocs.io/en/latest/advanced-usage.html#tls-warnings
  warnings.warn(</msg>
<msg time="2024-06-06T17:14:50.171918" level="INFO">${response} = &lt;Response [200]&gt;</msg>
<var>${response}</var>
<arg>consultarAPI</arg>
<arg>/api</arg>
<doc>Sends a GET request on a previously created HTTP Session.</doc>
<status status="PASS" start="2024-06-06T17:14:49.887215" elapsed="0.284752"/>
</kw>
<kw name="Should Be Equal As Numbers" owner="BuiltIn">
<msg time="2024-06-06T17:14:50.172951" level="INFO">Argument types are:
&lt;class 'int'&gt;
&lt;class 'str'&gt;</msg>
<arg>${response.status_code}</arg>
<arg>200</arg>
<doc>Fails if objects are unequal after converting them to real numbers.</doc>
<status status="PASS" start="2024-06-06T17:14:50.172509" elapsed="0.000516"/>
</kw>
<kw name="Log" owner="BuiltIn">
<msg time="2024-06-06T17:14:50.173716" level="INFO">200</msg>
<arg>${response.status_code}</arg>
<doc>Logs the given message with the given level.</doc>
<status status="PASS" start="2024-06-06T17:14:50.173364" elapsed="0.000398"/>
</kw>
<kw name="Set Variable" owner="BuiltIn">
<msg time="2024-06-06T17:14:50.174541" level="INFO">${json_data} = {'results': [{'gender': 'female', 'name': {'title': 'Miss', 'first': 'Ege', 'last': 'Çörekçi'}, 'location': {'street': {'number': 6001, 'name': 'Anafartalar Cd'}, 'city': 'Amasya', 'state': 'Niğde', '...</msg>
<var>${json_data}</var>
<arg>${response.json()}</arg>
<doc>Returns the given values which can then be assigned to a variables.</doc>
<status status="PASS" start="2024-06-06T17:14:50.174066" elapsed="0.000506"/>
</kw>
<kw name="Dictionary Should Contain Key" owner="Collections">
<msg time="2024-06-06T17:14:50.175052" level="INFO">False</msg>
<arg>${json_data}</arg>
<arg>results</arg>
<doc>Fails if ``key`` is not found from ``dictionary``.</doc>
<status status="PASS" start="2024-06-06T17:14:50.174886" elapsed="0.000204"/>
</kw>
<status status="PASS" start="2024-06-06T17:14:49.886974" elapsed="0.288376"/>
</kw>
<doc>Testa se a API responde corretamente e retorna um objeto JSON válido.</doc>
<tag>testeRequisicaoBasica</tag>
<status status="PASS" start="2024-06-06T17:14:49.886506" elapsed="0.289028"/>
</test>
<test id="s1-s1-t3" name="Validar estrutura de resposta" line="22">
<kw name="Teste de Estrutura de Resposta" owner="random-user-service">
<kw name="GET On Session" owner="RequestsLibrary">
<msg time="2024-06-06T17:14:50.268326" level="INFO">GET Request : url=https://randomuser.me/api 
 path_url=/api 
 headers={'User-Agent': 'python-requests/2.32.3', 'Accept-Encoding': 'gzip, deflate', 'Accept': '*/*', 'Connection': 'keep-alive'} 
 body=None 
 </msg>
<msg time="2024-06-06T17:14:50.268397" level="INFO">GET Response : url=https://randomuser.me/api 
 status=200, reason=OK 
 headers={'Date': 'Thu, 06 Jun 2024 17:14:50 GMT', 'Content-Type': 'application/json; charset=utf-8', 'Transfer-Encoding': 'chunked', 'Connection': 'keep-alive', 'X-Powered-By': 'Express', 'Access-Control-Allow-Origin': '*', 'Cache-Control': 'no-cache', 'ETag': 'W/"49d-rds6+K++Kjys6ZddIQFiqSYG+4A"', 'Vary': 'Accept-Encoding', 'Content-Encoding': 'gzip', 'CF-Cache-Status': 'DYNAMIC', 'Report-To': '{"endpoints":[{"url":"https:\\/\\/a.nel.cloudflare.com\\/report\\/v4?s=sJ7PXXbG9HUjpKAT2q9liWm1h1M7IadN7cZYRDZzbkjD%2FcIGqCB9MHJTGnrtH6tsm9x0ySgWjuXjDxvrNndgA3P08YNv3YeJcWx2wGK59xRWfUR7M8LEj2tdd7P8xDtc"}],"group":"cf-nel","max_age":604800}', 'NEL': '{"success_fraction":0,"report_to":"cf-nel","max_age":604800}', 'Server': 'cloudflare', 'CF-RAY': '88fa0a7faea881cf-IAD', 'alt-svc': 'h3=":443"; ma=86400'} 
 body={"results":[{"gender":"female","name":{"title":"Mrs","first":"Belina","last":"Nunes"},"location":{"street":{"number":5258,"name":"Rua Piauí "},"city":"Ipatinga","state":"Rio Grande do Sul","country":"Brazil","postcode":75327,"coordinates":{"latitude":"-78.1287","longitude":"162.8316"},"timezone":{"offset":"-7:00","description":"Mountain Time (US &amp; Canada)"}},"email":"belina.nunes@example.com","login":{"uuid":"1b92886c-b428-46e7-9334-cd525ae50711","username":"crazyrabbit840","password":"butterfly","salt":"sjFA4Ewn","md5":"d75da227e389671b6d8dce11610b0bb2","sha1":"0647f102928a8148c9e2ae837f546dca83bd4d0e","sha256":"740dce9e143f072b27c1bfe67c28c493161e52f83c192e73c8a8a368b94e6c1e"},"dob":{"date":"1962-10-07T22:21:10.471Z","age":61},"registered":{"date":"2004-12-22T23:49:34.634Z","age":19},"phone":"(68) 3040-1443","cell":"(28) 3784-7520","id":{"name":"CPF","value":"695.440.198-73"},"picture":{"large":"https://randomuser.me/api/portraits/women/30.jpg","medium":"https://randomuser.me/api/portraits/med/women/30.jpg","thumbnail":"https://randomuser.me/api/portraits/thumb/women/30.jpg"},"nat":"BR"}],"info":{"seed":"97a0a931fa0178c4","results":1,"page":1,"version":"1.4"}} 
 </msg>
<msg time="2024-06-06T17:14:50.268498" level="INFO">/opt/hostedtoolcache/Python/3.12.3/x64/lib/python3.12/site-packages/urllib3/connectionpool.py:1103: InsecureRequestWarning: Unverified HTTPS request is being made to host 'randomuser.me'. Adding certificate verification is strongly advised. See: https://urllib3.readthedocs.io/en/latest/advanced-usage.html#tls-warnings
  warnings.warn(</msg>
<msg time="2024-06-06T17:14:50.268616" level="INFO">${response} = &lt;Response [200]&gt;</msg>
<var>${response}</var>
<arg>consultarAPI</arg>
<arg>/api</arg>
<doc>Sends a GET request on a previously created HTTP Session.</doc>
<status status="PASS" start="2024-06-06T17:14:50.178150" elapsed="0.090504"/>
</kw>
<kw name="Set Variable" owner="BuiltIn">
<msg time="2024-06-06T17:14:50.269467" level="INFO">${json_data} = {'results': [{'gender': 'female', 'name': {'title': 'Mrs', 'first': 'Belina', 'last': 'Nunes'}, 'location': {'street': {'number': 5258, 'name': 'Rua Piauí '}, 'city': 'Ipatinga', 'state': 'Rio Grande ...</msg>
<var>${json_data}</var>
<arg>${response.json()}</arg>
<doc>Returns the given values which can then be assigned to a variables.</doc>
<status status="PASS" start="2024-06-06T17:14:50.269008" elapsed="0.000488"/>
</kw>
<kw name="Log" owner="BuiltIn">
<msg time="2024-06-06T17:14:50.269968" level="INFO">{'results': [{'gender': 'female', 'name': {'title': 'Mrs', 'first': 'Belina', 'last': 'Nunes'}, 'location': {'street': {'number': 5258, 'name': 'Rua Piauí '}, 'city': 'Ipatinga', 'state': 'Rio Grande do Sul', 'country': 'Brazil', 'postcode': 75327, 'coordinates': {'latitude': '-78.1287', 'longitude': '162.8316'}, 'timezone': {'offset': '-7:00', 'description': 'Mountain Time (US &amp; Canada)'}}, 'email': 'belina.nunes@example.com', 'login': {'uuid': '1b92886c-b428-46e7-9334-cd525ae50711', 'username': 'crazyrabbit840', 'password': 'butterfly', 'salt': 'sjFA4Ewn', 'md5': 'd75da227e389671b6d8dce11610b0bb2', 'sha1': '0647f102928a8148c9e2ae837f546dca83bd4d0e', 'sha256': '740dce9e143f072b27c1bfe67c28c493161e52f83c192e73c8a8a368b94e6c1e'}, 'dob': {'date': '1962-10-07T22:21:10.471Z', 'age': 61}, 'registered': {'date': '2004-12-22T23:49:34.634Z', 'age': 19}, 'phone': '(68) 3040-1443', 'cell': '(28) 3784-7520', 'id': {'name': 'CPF', 'value': '695.440.198-73'}, 'picture': {'large': 'https://randomuser.me/api/portraits/women/30.jpg', 'medium': 'https://randomuser.me/api/portraits/med/women/30.jpg', 'thumbnail': 'https://randomuser.me/api/portraits/thumb/women/30.jpg'}, 'nat': 'BR'}], 'info': {'seed': '97a0a931fa0178c4', 'results': 1, 'page': 1, 'version': '1.4'}}</msg>
<arg>${json_data}</arg>
<doc>Logs the given message with the given level.</doc>
<status status="PASS" start="2024-06-06T17:14:50.269800" elapsed="0.000225"/>
</kw>
<kw name="Dictionary Should Contain Key" owner="Collections">
<msg time="2024-06-06T17:14:50.270512" level="INFO">False</msg>
<arg>${json_data}</arg>
<arg>results</arg>
<doc>Fails if ``key`` is not found from ``dictionary``.</doc>
<status status="PASS" start="2024-06-06T17:14:50.270323" elapsed="0.000227"/>
</kw>
<kw name="Should Not Be Empty" owner="BuiltIn">
<msg time="2024-06-06T17:14:50.270985" level="INFO">Length is 2.</msg>
<arg>${json_data}</arg>
<doc>Verifies that the given item is not empty.</doc>
<status status="PASS" start="2024-06-06T17:14:50.270848" elapsed="0.000174"/>
</kw>
<kw name="Create List" owner="BuiltIn">
<msg time="2024-06-06T17:14:50.271613" level="INFO">${expected_keys} = ['gender', 'name', 'location', 'email', 'login']</msg>
<var>${expected_keys}</var>
<arg>gender</arg>
<arg>name</arg>
<arg>location</arg>
<arg>email</arg>
<arg>login</arg>
<doc>Returns a list containing given items.</doc>
<status status="PASS" start="2024-06-06T17:14:50.271323" elapsed="0.000314"/>
</kw>
<for flavor="IN">
<iter>
<kw name="Dictionary Should Contain Key" owner="Collections">
<msg time="2024-06-06T17:14:50.272618" level="INFO">False</msg>
<arg>${json_data['results'][0]}</arg>
<arg>${key}</arg>
<doc>Fails if ``key`` is not found from ``dictionary``.</doc>
<status status="PASS" start="2024-06-06T17:14:50.272228" elapsed="0.000429"/>
</kw>
<kw name="Log" owner="BuiltIn">
<msg time="2024-06-06T17:14:50.273315" level="INFO">{'gender': 'female', 'name': {'title': 'Mrs', 'first': 'Belina', 'last': 'Nunes'}, 'location': {'street': {'number': 5258, 'name': 'Rua Piauí '}, 'city': 'Ipatinga', 'state': 'Rio Grande do Sul', 'country': 'Brazil', 'postcode': 75327, 'coordinates': {'latitude': '-78.1287', 'longitude': '162.8316'}, 'timezone': {'offset': '-7:00', 'description': 'Mountain Time (US &amp; Canada)'}}, 'email': 'belina.nunes@example.com', 'login': {'uuid': '1b92886c-b428-46e7-9334-cd525ae50711', 'username': 'crazyrabbit840', 'password': 'butterfly', 'salt': 'sjFA4Ewn', 'md5': 'd75da227e389671b6d8dce11610b0bb2', 'sha1': '0647f102928a8148c9e2ae837f546dca83bd4d0e', 'sha256': '740dce9e143f072b27c1bfe67c28c493161e52f83c192e73c8a8a368b94e6c1e'}, 'dob': {'date': '1962-10-07T22:21:10.471Z', 'age': 61}, 'registered': {'date': '2004-12-22T23:49:34.634Z', 'age': 19}, 'phone': '(68) 3040-1443', 'cell': '(28) 3784-7520', 'id': {'name': 'CPF', 'value': '695.440.198-73'}, 'picture': {'large': 'https://randomuser.me/api/portraits/women/30.jpg', 'medium': 'https://randomuser.me/api/portraits/med/women/30.jpg', 'thumbnail': 'https://randomuser.me/api/portraits/thumb/women/30.jpg'}, 'nat': 'BR'}</msg>
<arg>${json_data['results'][0]}</arg>
<doc>Logs the given message with the given level.</doc>
<status status="PASS" start="2024-06-06T17:14:50.272953" elapsed="0.000414"/>
</kw>
<kw name="Log" owner="BuiltIn">
<msg time="2024-06-06T17:14:50.273793" level="INFO">gender</msg>
<arg>${key}</arg>
<doc>Logs the given message with the given level.</doc>
<status status="PASS" start="2024-06-06T17:14:50.273664" elapsed="0.000167"/>
</kw>
<var name="${key}">gender</var>
<status status="PASS" start="2024-06-06T17:14:50.272101" elapsed="0.001949"/>
</iter>
<iter>
<kw name="Dictionary Should Contain Key" owner="Collections">
<msg time="2024-06-06T17:14:50.274804" level="INFO">False</msg>
<arg>${json_data['results'][0]}</arg>
<arg>${key}</arg>
<doc>Fails if ``key`` is not found from ``dictionary``.</doc>
<status status="PASS" start="2024-06-06T17:14:50.274403" elapsed="0.000438"/>
</kw>
<kw name="Log" owner="BuiltIn">
<msg time="2024-06-06T17:14:50.275526" level="INFO">{'gender': 'female', 'name': {'title': 'Mrs', 'first': 'Belina', 'last': 'Nunes'}, 'location': {'street': {'number': 5258, 'name': 'Rua Piauí '}, 'city': 'Ipatinga', 'state': 'Rio Grande do Sul', 'country': 'Brazil', 'postcode': 75327, 'coordinates': {'latitude': '-78.1287', 'longitude': '162.8316'}, 'timezone': {'offset': '-7:00', 'description': 'Mountain Time (US &amp; Canada)'}}, 'email': 'belina.nunes@example.com', 'login': {'uuid': '1b92886c-b428-46e7-9334-cd525ae50711', 'username': 'crazyrabbit840', 'password': 'butterfly', 'salt': 'sjFA4Ewn', 'md5': 'd75da227e389671b6d8dce11610b0bb2', 'sha1': '0647f102928a8148c9e2ae837f546dca83bd4d0e', 'sha256': '740dce9e143f072b27c1bfe67c28c493161e52f83c192e73c8a8a368b94e6c1e'}, 'dob': {'date': '1962-10-07T22:21:10.471Z', 'age': 61}, 'registered': {'date': '2004-12-22T23:49:34.634Z', 'age': 19}, 'phone': '(68) 3040-1443', 'cell': '(28) 3784-7520', 'id': {'name': 'CPF', 'value': '695.440.198-73'}, 'picture': {'large': 'https://randomuser.me/api/portraits/women/30.jpg', 'medium': 'https://randomuser.me/api/portraits/med/women/30.jpg', 'thumbnail': 'https://randomuser.me/api/portraits/thumb/women/30.jpg'}, 'nat': 'BR'}</msg>
<arg>${json_data['results'][0]}</arg>
<doc>Logs the given message with the given level.</doc>
<status status="PASS" start="2024-06-06T17:14:50.275164" elapsed="0.000412"/>
</kw>
<kw name="Log" owner="BuiltIn">
<msg time="2024-06-06T17:14:50.276002" level="INFO">name</msg>
<arg>${key}</arg>
<doc>Logs the given message with the given level.</doc>
<status status="PASS" start="2024-06-06T17:14:50.275875" elapsed="0.000164"/>
</kw>
<var name="${key}">name</var>
<status status="PASS" start="2024-06-06T17:14:50.274243" elapsed="0.002009"/>
</iter>
<iter>
<kw name="Dictionary Should Contain Key" owner="Collections">
<msg time="2024-06-06T17:14:50.276918" level="INFO">False</msg>
<arg>${json_data['results'][0]}</arg>
<arg>${key}</arg>
<doc>Fails if ``key`` is not found from ``dictionary``.</doc>
<status status="PASS" start="2024-06-06T17:14:50.276544" elapsed="0.000410"/>
</kw>
<kw name="Log" owner="BuiltIn">
<msg time="2024-06-06T17:14:50.277604" level="INFO">{'gender': 'female', 'name': {'title': 'Mrs', 'first': 'Belina', 'last': 'Nunes'}, 'location': {'street': {'number': 5258, 'name': 'Rua Piauí '}, 'city': 'Ipatinga', 'state': 'Rio Grande do Sul', 'country': 'Brazil', 'postcode': 75327, 'coordinates': {'latitude': '-78.1287', 'longitude': '162.8316'}, 'timezone': {'offset': '-7:00', 'description': 'Mountain Time (US &amp; Canada)'}}, 'email': 'belina.nunes@example.com', 'login': {'uuid': '1b92886c-b428-46e7-9334-cd525ae50711', 'username': 'crazyrabbit840', 'password': 'butterfly', 'salt': 'sjFA4Ewn', 'md5': 'd75da227e389671b6d8dce11610b0bb2', 'sha1': '0647f102928a8148c9e2ae837f546dca83bd4d0e', 'sha256': '740dce9e143f072b27c1bfe67c28c493161e52f83c192e73c8a8a368b94e6c1e'}, 'dob': {'date': '1962-10-07T22:21:10.471Z', 'age': 61}, 'registered': {'date': '2004-12-22T23:49:34.634Z', 'age': 19}, 'phone': '(68) 3040-1443', 'cell': '(28) 3784-7520', 'id': {'name': 'CPF', 'value': '695.440.198-73'}, 'picture': {'large': 'https://randomuser.me/api/portraits/women/30.jpg', 'medium': 'https://randomuser.me/api/portraits/med/women/30.jpg', 'thumbnail': 'https://randomuser.me/api/portraits/thumb/women/30.jpg'}, 'nat': 'BR'}</msg>
<arg>${json_data['results'][0]}</arg>
<doc>Logs the given message with the given level.</doc>
<status status="PASS" start="2024-06-06T17:14:50.277249" elapsed="0.000406"/>
</kw>
<kw name="Log" owner="BuiltIn">
<msg time="2024-06-06T17:14:50.278081" level="INFO">location</msg>
<arg>${key}</arg>
<doc>Logs the given message with the given level.</doc>
<status status="PASS" start="2024-06-06T17:14:50.277955" elapsed="0.000163"/>
</kw>
<var name="${key}">location</var>
<status status="PASS" start="2024-06-06T17:14:50.276433" elapsed="0.001899"/>
</iter>
<iter>
<kw name="Dictionary Should Contain Key" owner="Collections">
<msg time="2024-06-06T17:14:50.279128" level="INFO">False</msg>
<arg>${json_data['results'][0]}</arg>
<arg>${key}</arg>
<doc>Fails if ``key`` is not found from ``dictionary``.</doc>
<status status="PASS" start="2024-06-06T17:14:50.278744" elapsed="0.000423"/>
</kw>
<kw name="Log" owner="BuiltIn">
<msg time="2024-06-06T17:14:50.279838" level="INFO">{'gender': 'female', 'name': {'title': 'Mrs', 'first': 'Belina', 'last': 'Nunes'}, 'location': {'street': {'number': 5258, 'name': 'Rua Piauí '}, 'city': 'Ipatinga', 'state': 'Rio Grande do Sul', 'country': 'Brazil', 'postcode': 75327, 'coordinates': {'latitude': '-78.1287', 'longitude': '162.8316'}, 'timezone': {'offset': '-7:00', 'description': 'Mountain Time (US &amp; Canada)'}}, 'email': 'belina.nunes@example.com', 'login': {'uuid': '1b92886c-b428-46e7-9334-cd525ae50711', 'username': 'crazyrabbit840', 'password': 'butterfly', 'salt': 'sjFA4Ewn', 'md5': 'd75da227e389671b6d8dce11610b0bb2', 'sha1': '0647f102928a8148c9e2ae837f546dca83bd4d0e', 'sha256': '740dce9e143f072b27c1bfe67c28c493161e52f83c192e73c8a8a368b94e6c1e'}, 'dob': {'date': '1962-10-07T22:21:10.471Z', 'age': 61}, 'registered': {'date': '2004-12-22T23:49:34.634Z', 'age': 19}, 'phone': '(68) 3040-1443', 'cell': '(28) 3784-7520', 'id': {'name': 'CPF', 'value': '695.440.198-73'}, 'picture': {'large': 'https://randomuser.me/api/portraits/women/30.jpg', 'medium': 'https://randomuser.me/api/portraits/med/women/30.jpg', 'thumbnail': 'https://randomuser.me/api/portraits/thumb/women/30.jpg'}, 'nat': 'BR'}</msg>
<arg>${json_data['results'][0]}</arg>
<doc>Logs the given message with the given level.</doc>
<status status="PASS" start="2024-06-06T17:14:50.279478" elapsed="0.000411"/>
</kw>
<kw name="Log" owner="BuiltIn">
<msg time="2024-06-06T17:14:50.280324" level="INFO">email</msg>
<arg>${key}</arg>
<doc>Logs the given message with the given level.</doc>
<status status="PASS" start="2024-06-06T17:14:50.280197" elapsed="0.000165"/>
</kw>
<var name="${key}">email</var>
<status status="PASS" start="2024-06-06T17:14:50.278601" elapsed="0.001975"/>
</iter>
<iter>
<kw name="Dictionary Should Contain Key" owner="Collections">
<msg time="2024-06-06T17:14:50.281248" level="INFO">False</msg>
<arg>${json_data['results'][0]}</arg>
<arg>${key}</arg>
<doc>Fails if ``key`` is not found from ``dictionary``.</doc>
<status status="PASS" start="2024-06-06T17:14:50.280857" elapsed="0.000428"/>
</kw>
<kw name="Log" owner="BuiltIn">
<msg time="2024-06-06T17:14:50.281994" level="INFO">{'gender': 'female', 'name': {'title': 'Mrs', 'first': 'Belina', 'last': 'Nunes'}, 'location': {'street': {'number': 5258, 'name': 'Rua Piauí '}, 'city': 'Ipatinga', 'state': 'Rio Grande do Sul', 'country': 'Brazil', 'postcode': 75327, 'coordinates': {'latitude': '-78.1287', 'longitude': '162.8316'}, 'timezone': {'offset': '-7:00', 'description': 'Mountain Time (US &amp; Canada)'}}, 'email': 'belina.nunes@example.com', 'login': {'uuid': '1b92886c-b428-46e7-9334-cd525ae50711', 'username': 'crazyrabbit840', 'password': 'butterfly', 'salt': 'sjFA4Ewn', 'md5': 'd75da227e389671b6d8dce11610b0bb2', 'sha1': '0647f102928a8148c9e2ae837f546dca83bd4d0e', 'sha256': '740dce9e143f072b27c1bfe67c28c493161e52f83c192e73c8a8a368b94e6c1e'}, 'dob': {'date': '1962-10-07T22:21:10.471Z', 'age': 61}, 'registered': {'date': '2004-12-22T23:49:34.634Z', 'age': 19}, 'phone': '(68) 3040-1443', 'cell': '(28) 3784-7520', 'id': {'name': 'CPF', 'value': '695.440.198-73'}, 'picture': {'large': 'https://randomuser.me/api/portraits/women/30.jpg', 'medium': 'https://randomuser.me/api/portraits/med/women/30.jpg', 'thumbnail': 'https://randomuser.me/api/portraits/thumb/women/30.jpg'}, 'nat': 'BR'}</msg>
<arg>${json_data['results'][0]}</arg>
<doc>Logs the given message with the given level.</doc>
<status status="PASS" start="2024-06-06T17:14:50.281577" elapsed="0.000472"/>
</kw>
<kw name="Log" owner="BuiltIn">
<msg time="2024-06-06T17:14:50.282506" level="INFO">login</msg>
<arg>${key}</arg>
<doc>Logs the given message with the given level.</doc>
<status status="PASS" start="2024-06-06T17:14:50.282347" elapsed="0.000228"/>
</kw>
<var name="${key}">login</var>
<status status="PASS" start="2024-06-06T17:14:50.280748" elapsed="0.002057"/>
</iter>
<var>${key}</var>
<value>@{expected_keys}</value>
<status status="PASS" start="2024-06-06T17:14:50.271907" elapsed="0.011020"/>
</for>
<kw name="Create List" owner="BuiltIn">
<msg time="2024-06-06T17:14:50.283262" level="INFO">${expected_keysTwo} = ['username', 'password']</msg>
<var>${expected_keysTwo}</var>
<arg>username</arg>
<arg>password</arg>
<doc>Returns a list containing given items.</doc>
<status status="PASS" start="2024-06-06T17:14:50.283120" elapsed="0.000166"/>
</kw>
<for flavor="IN">
<iter>
<kw name="Dictionary Should Contain Key" owner="Collections">
<msg time="2024-06-06T17:14:50.284164" level="INFO">False</msg>
<arg>${json_data['results'][0]['login']}</arg>
<arg>${keyTwo}</arg>
<doc>Fails if ``key`` is not found from ``dictionary``.</doc>
<status status="PASS" start="2024-06-06T17:14:50.283782" elapsed="0.000418"/>
</kw>
<kw name="Dictionary Should Contain Key" owner="Collections">
<msg time="2024-06-06T17:14:50.284877" level="INFO">False</msg>
<arg>${json_data['results'][0]['login']}</arg>
<arg>${keyTwo}</arg>
<doc>Fails if ``key`` is not found from ``dictionary``.</doc>
<status status="PASS" start="2024-06-06T17:14:50.284498" elapsed="0.000416"/>
</kw>
<kw name="Log" owner="BuiltIn">
<msg time="2024-06-06T17:14:50.285328" level="INFO">username</msg>
<arg>${keyTwo}</arg>
<doc>Logs the given message with the given level.</doc>
<status status="PASS" start="2024-06-06T17:14:50.285203" elapsed="0.000162"/>
</kw>
<var name="${keyTwo}">username</var>
<status status="PASS" start="2024-06-06T17:14:50.283671" elapsed="0.001910"/>
</iter>
<iter>
<kw name="Dictionary Should Contain Key" owner="Collections">
<msg time="2024-06-06T17:14:50.286238" level="INFO">False</msg>
<arg>${json_data['results'][0]['login']}</arg>
<arg>${keyTwo}</arg>
<doc>Fails if ``key`` is not found from ``dictionary``.</doc>
<status status="PASS" start="2024-06-06T17:14:50.285867" elapsed="0.000407"/>
</kw>
<kw name="Dictionary Should Contain Key" owner="Collections">
<msg time="2024-06-06T17:14:50.287055" level="INFO">False</msg>
<arg>${json_data['results'][0]['login']}</arg>
<arg>${keyTwo}</arg>
<doc>Fails if ``key`` is not found from ``dictionary``.</doc>
<status status="PASS" start="2024-06-06T17:14:50.286595" elapsed="0.000499"/>
</kw>
<kw name="Log" owner="BuiltIn">
<msg time="2024-06-06T17:14:50.287518" level="INFO">password</msg>
<arg>${keyTwo}</arg>
<doc>Logs the given message with the given level.</doc>
<status status="PASS" start="2024-06-06T17:14:50.287392" elapsed="0.000162"/>
</kw>
<var name="${keyTwo}">password</var>
<status status="PASS" start="2024-06-06T17:14:50.285752" elapsed="0.002019"/>
</iter>
<var>${keyTwo}</var>
<value>@{expected_keysTwo}</value>
<status status="PASS" start="2024-06-06T17:14:50.283521" elapsed="0.004372"/>
</for>
<status status="PASS" start="2024-06-06T17:14:50.177919" elapsed="0.110111"/>
</kw>
<doc>Testa a estrutura da resposta da API.</doc>
<tag>testeEstruturaResposta</tag>
<status status="PASS" start="2024-06-06T17:14:50.177357" elapsed="0.110828"/>
</test>
<test id="s1-s1-t4" name="Validar tipos de dados" line="28">
<kw name="Teste de Tipos de Dados" owner="random-user-service">
<kw name="GET On Session" owner="RequestsLibrary">
<msg time="2024-06-06T17:14:50.372071" level="INFO">GET Request : url=https://randomuser.me/api 
 path_url=/api 
 headers={'User-Agent': 'python-requests/2.32.3', 'Accept-Encoding': 'gzip, deflate', 'Accept': '*/*', 'Connection': 'keep-alive'} 
 body=None 
 </msg>
<msg time="2024-06-06T17:14:50.372146" level="INFO">GET Response : url=https://randomuser.me/api 
 status=200, reason=OK 
 headers={'Date': 'Thu, 06 Jun 2024 17:14:50 GMT', 'Content-Type': 'application/json; charset=utf-8', 'Transfer-Encoding': 'chunked', 'Connection': 'keep-alive', 'X-Powered-By': 'Express', 'Access-Control-Allow-Origin': '*', 'Cache-Control': 'no-cache', 'ETag': 'W/"499-RpVwh4Siuj7D9J0trEIaLyLWY00"', 'Vary': 'Accept-Encoding', 'Content-Encoding': 'gzip', 'CF-Cache-Status': 'DYNAMIC', 'Report-To': '{"endpoints":[{"url":"https:\\/\\/a.nel.cloudflare.com\\/report\\/v4?s=e322yNzy9%2FUH%2BwzJ8HFl27R3CsJvdhna%2FX1oeJsaWJofaCglWvGzshaV1VMmzzFq6K9eeKaaLOr6j%2F9gzJ1EgVt4JQXrt%2FaW0psC9zT0dw5mmZReNXyFu0wqjufqlIxY"}],"group":"cf-nel","max_age":604800}', 'NEL': '{"success_fraction":0,"report_to":"cf-nel","max_age":604800}', 'Server': 'cloudflare', 'CF-RAY': '88fa0a805fb881cf-IAD', 'alt-svc': 'h3=":443"; ma=86400'} 
 body={"results":[{"gender":"male","name":{"title":"Mr","first":"Bently","last":"Gill"},"location":{"street":{"number":3121,"name":"Victoria Ave"},"city":"Trout Lake","state":"Prince Edward Island","country":"Canada","postcode":"A3I 1L5","coordinates":{"latitude":"-67.2343","longitude":"-28.4434"},"timezone":{"offset":"-6:00","description":"Central Time (US &amp; Canada), Mexico City"}},"email":"bently.gill@example.com","login":{"uuid":"2534eeb2-4538-4de5-8b62-620dbb9b7415","username":"greencat447","password":"planes","salt":"rwlFZ3va","md5":"46129479d3755dd3d9ffc84239f0d65e","sha1":"ed80475006d6b1058cddc2624f098366500ce20d","sha256":"b6318e45e8fb33e31b26aa6bfac3ef51b440accfff26e5d63fd2b378a8607319"},"dob":{"date":"1952-11-23T12:47:00.691Z","age":71},"registered":{"date":"2002-12-12T02:30:22.434Z","age":21},"phone":"S66 S42-0365","cell":"F51 Z52-3709","id":{"name":"SIN","value":"075451823"},"picture":{"large":"https://randomuser.me/api/portraits/men/86.jpg","medium":"https://randomuser.me/api/portraits/med/men/86.jpg","thumbnail":"https://randomuser.me/api/portraits/thumb/men/86.jpg"},"nat":"CA"}],"info":{"seed":"37a5d324639cff46","results":1,"page":1,"version":"1.4"}} 
 </msg>
<msg time="2024-06-06T17:14:50.372215" level="INFO">/opt/hostedtoolcache/Python/3.12.3/x64/lib/python3.12/site-packages/urllib3/connectionpool.py:1103: InsecureRequestWarning: Unverified HTTPS request is being made to host 'randomuser.me'. Adding certificate verification is strongly advised. See: https://urllib3.readthedocs.io/en/latest/advanced-usage.html#tls-warnings
  warnings.warn(</msg>
<msg time="2024-06-06T17:14:50.372339" level="INFO">${response} = &lt;Response [200]&gt;</msg>
<var>${response}</var>
<arg>consultarAPI</arg>
<arg>/api</arg>
<doc>Sends a GET request on a previously created HTTP Session.</doc>
<status status="PASS" start="2024-06-06T17:14:50.290621" elapsed="0.081769"/>
</kw>
<kw name="Set Variable" owner="BuiltIn">
<msg time="2024-06-06T17:14:50.373204" level="INFO">${json_data} = {'results': [{'gender': 'male', 'name': {'title': 'Mr', 'first': 'Bently', 'last': 'Gill'}, 'location': {'street': {'number': 3121, 'name': 'Victoria Ave'}, 'city': 'Trout Lake', 'state': 'Prince Edwa...</msg>
<var>${json_data}</var>
<arg>${response.json()}</arg>
<doc>Returns the given values which can then be assigned to a variables.</doc>
<status status="PASS" start="2024-06-06T17:14:50.372768" elapsed="0.000464"/>
</kw>
<kw name="Log" owner="BuiltIn">
<msg time="2024-06-06T17:14:50.373693" level="INFO">{'results': [{'gender': 'male', 'name': {'title': 'Mr', 'first': 'Bently', 'last': 'Gill'}, 'location': {'street': {'number': 3121, 'name': 'Victoria Ave'}, 'city': 'Trout Lake', 'state': 'Prince Edward Island', 'country': 'Canada', 'postcode': 'A3I 1L5', 'coordinates': {'latitude': '-67.2343', 'longitude': '-28.4434'}, 'timezone': {'offset': '-6:00', 'description': 'Central Time (US &amp; Canada), Mexico City'}}, 'email': 'bently.gill@example.com', 'login': {'uuid': '2534eeb2-4538-4de5-8b62-620dbb9b7415', 'username': 'greencat447', 'password': 'planes', 'salt': 'rwlFZ3va', 'md5': '46129479d3755dd3d9ffc84239f0d65e', 'sha1': 'ed80475006d6b1058cddc2624f098366500ce20d', 'sha256': 'b6318e45e8fb33e31b26aa6bfac3ef51b440accfff26e5d63fd2b378a8607319'}, 'dob': {'date': '1952-11-23T12:47:00.691Z', 'age': 71}, 'registered': {'date': '2002-12-12T02:30:22.434Z', 'age': 21}, 'phone': 'S66 S42-0365', 'cell': 'F51 Z52-3709', 'id': {'name': 'SIN', 'value': '075451823'}, 'picture': {'large': 'https://randomuser.me/api/portraits/men/86.jpg', 'medium': 'https://randomuser.me/api/portraits/med/men/86.jpg', 'thumbnail': 'https://randomuser.me/api/portraits/thumb/men/86.jpg'}, 'nat': 'CA'}], 'info': {'seed': '37a5d324639cff46', 'results': 1, 'page': 1, 'version': '1.4'}}</msg>
<arg>${json_data}</arg>
<doc>Logs the given message with the given level.</doc>
<status status="PASS" start="2024-06-06T17:14:50.373541" elapsed="0.000232"/>
</kw>
<kw name="Should Be String" owner="String">
<arg>${json_data['results'][0]['gender']}</arg>
<doc>Fails if the given ``item`` is not a string.</doc>
<status status="PASS" start="2024-06-06T17:14:50.374072" elapsed="0.000413"/>
</kw>
<kw name="Should Match Regexp" owner="BuiltIn">
<arg>${json_data['results'][0]['email']}</arg>
<arg>^[a-zA-Z0-9._%+-]+@[a-zA-Z0-9.-]+\.[a-zA-Z]{2,}$</arg>
<doc>Fails if ``string`` does not match ``pattern`` as a regular expression.</doc>
<status status="PASS" start="2024-06-06T17:14:50.374693" elapsed="0.000524"/>
</kw>
<kw name="Should Match Regexp" owner="BuiltIn">
<arg>${json_data['results'][0]['dob']['date']}</arg>
<arg>\\d{4}-\\d{2}-\\d{2}T\\d{2}:\\d{2}:\\d{2}\\.\\d{3}Z</arg>
<doc>Fails if ``string`` does not match ``pattern`` as a regular expression.</doc>
<status status="PASS" start="2024-06-06T17:14:50.375414" elapsed="0.000483"/>
</kw>
<kw name="Should Match Regexp" owner="BuiltIn">
<arg>${json_data['results'][0]['registered']['date']}</arg>
<arg>\\d{4}-\\d{2}-\\d{2}T\\d{2}:\\d{2}:\\d{2}\\.\\d{3}Z</arg>
<doc>Fails if ``string`` does not match ``pattern`` as a regular expression.</doc>
<status status="PASS" start="2024-06-06T17:14:50.376096" elapsed="0.000373"/>
</kw>
<kw name="Should Match Regexp" owner="BuiltIn">
<arg>${json_data['results'][0]['picture']['large']}</arg>
<arg>^https?://.*\.(?:png|jpe?g|gif|bmp)$</arg>
<doc>Fails if ``string`` does not match ``pattern`` as a regular expression.</doc>
<status status="PASS" start="2024-06-06T17:14:50.376659" elapsed="0.000464"/>
</kw>
<kw name="Should Match Regexp" owner="BuiltIn">
<arg>${json_data['results'][0]['picture']['medium']}</arg>
<arg>^https?://.*\.(?:png|jpe?g|gif|bmp)$</arg>
<doc>Fails if ``string`` does not match ``pattern`` as a regular expression.</doc>
<status status="PASS" start="2024-06-06T17:14:50.377316" elapsed="0.000355"/>
</kw>
<kw name="Should Match Regexp" owner="BuiltIn">
<arg>${json_data['results'][0]['picture']['thumbnail']}</arg>
<arg>^https?://.*\.(?:png|jpe?g|gif|bmp)$</arg>
<doc>Fails if ``string`` does not match ``pattern`` as a regular expression.</doc>
<status status="PASS" start="2024-06-06T17:14:50.377858" elapsed="0.000358"/>
</kw>
<kw name="Log" owner="BuiltIn">
<msg time="2024-06-06T17:14:50.378761" level="INFO">{'large': 'https://randomuser.me/api/portraits/men/86.jpg', 'medium': 'https://randomuser.me/api/portraits/med/men/86.jpg', 'thumbnail': 'https://randomuser.me/api/portraits/thumb/men/86.jpg'}</msg>
<arg>${json_data['results'][0]['picture']}</arg>
<doc>Logs the given message with the given level.</doc>
<status status="PASS" start="2024-06-06T17:14:50.378431" elapsed="0.000372"/>
</kw>
<status status="PASS" start="2024-06-06T17:14:50.290355" elapsed="0.088701"/>
</kw>
<kw name="Teste de Tipos de Dados - Postcode" owner="random-user-service">
<kw name="GET On Session" owner="RequestsLibrary">
<msg time="2024-06-06T17:14:50.488704" level="INFO">GET Request : url=https://randomuser.me/api 
 path_url=/api 
 headers={'User-Agent': 'python-requests/2.32.3', 'Accept-Encoding': 'gzip, deflate', 'Accept': '*/*', 'Connection': 'keep-alive'} 
 body=None 
 </msg>
<msg time="2024-06-06T17:14:50.488791" level="INFO">GET Response : url=https://randomuser.me/api 
 status=200, reason=OK 
 headers={'Date': 'Thu, 06 Jun 2024 17:14:50 GMT', 'Content-Type': 'application/json; charset=utf-8', 'Transfer-Encoding': 'chunked', 'Connection': 'keep-alive', 'X-Powered-By': 'Express', 'Access-Control-Allow-Origin': '*', 'Cache-Control': 'no-cache', 'ETag': 'W/"489-tAmql3P/q/ihMgH2LGILHTFy1OM"', 'Vary': 'Accept-Encoding', 'Content-Encoding': 'gzip', 'CF-Cache-Status': 'DYNAMIC', 'Report-To': '{"endpoints":[{"url":"https:\\/\\/a.nel.cloudflare.com\\/report\\/v4?s=ze2PMjltkaMJrL323cCVjOdXOGfKIF0vLZrr59ZwcvJAu%2Fgi13nzISy3lET736hv9MKh1UdAXCVSq3fSeDrbz6GrFhnJ350iOqskLfutsvirODeEWAIPatIBrhsNE2On"}],"group":"cf-nel","max_age":604800}', 'NEL': '{"success_fraction":0,"report_to":"cf-nel","max_age":604800}', 'Server': 'cloudflare', 'CF-RAY': '88fa0a80e87081cf-IAD', 'alt-svc': 'h3=":443"; ma=86400'} 
 body={"results":[{"gender":"female","name":{"title":"Ms","first":"Esma","last":"Özgörkey"},"location":{"street":{"number":9698,"name":"Filistin Cd"},"city":"Amasya","state":"Bitlis","country":"Turkey","postcode":63373,"coordinates":{"latitude":"70.8534","longitude":"29.1388"},"timezone":{"offset":"+9:00","description":"Tokyo, Seoul, Osaka, Sapporo, Yakutsk"}},"email":"esma.ozgorkey@example.com","login":{"uuid":"5ffef902-9e60-4753-bd8f-d460ae15f8bf","username":"yellowswan353","password":"lindsey","salt":"3zcCxon1","md5":"10a4fb05a97f209b39395876eaf7e50f","sha1":"bfe79b402d6450bca533ae1d5fc828d63a38ee9c","sha256":"06eeeb81513f9d081dde042400f84f78d188677c7efd2da0fd0329f4bfcba057"},"dob":{"date":"1967-05-13T20:31:22.571Z","age":57},"registered":{"date":"2002-07-06T10:48:17.772Z","age":21},"phone":"(903)-957-9059","cell":"(615)-507-3252","id":{"name":"","value":null},"picture":{"large":"https://randomuser.me/api/portraits/women/65.jpg","medium":"https://randomuser.me/api/portraits/med/women/65.jpg","thumbnail":"https://randomuser.me/api/portraits/thumb/women/65.jpg"},"nat":"TR"}],"info":{"seed":"68afd6cad96306ac","results":1,"page":1,"version":"1.4"}} 
 </msg>
<msg time="2024-06-06T17:14:50.488856" level="INFO">/opt/hostedtoolcache/Python/3.12.3/x64/lib/python3.12/site-packages/urllib3/connectionpool.py:1103: InsecureRequestWarning: Unverified HTTPS request is being made to host 'randomuser.me'. Adding certificate verification is strongly advised. See: https://urllib3.readthedocs.io/en/latest/advanced-usage.html#tls-warnings
  warnings.warn(</msg>
<msg time="2024-06-06T17:14:50.488964" level="INFO">${response} = &lt;Response [200]&gt;</msg>
<var>${response}</var>
<arg>consultarAPI</arg>
<arg>/api</arg>
<doc>Sends a GET request on a previously created HTTP Session.</doc>
<status status="PASS" start="2024-06-06T17:14:50.379491" elapsed="0.109510"/>
</kw>
<kw name="Set Variable" owner="BuiltIn">
<msg time="2024-06-06T17:14:50.489826" level="INFO">${json_data} = {'results': [{'gender': 'female', 'name': {'title': 'Ms', 'first': 'Esma', 'last': 'Özgörkey'}, 'location': {'street': {'number': 9698, 'name': 'Filistin Cd'}, 'city': 'Amasya', 'state': 'Bitlis', 'co...</msg>
<var>${json_data}</var>
<arg>${response.json()}</arg>
<doc>Returns the given values which can then be assigned to a variables.</doc>
<status status="PASS" start="2024-06-06T17:14:50.489365" elapsed="0.000490"/>
</kw>
<kw name="Log" owner="BuiltIn">
<msg time="2024-06-06T17:14:50.490334" level="INFO">{'results': [{'gender': 'female', 'name': {'title': 'Ms', 'first': 'Esma', 'last': 'Özgörkey'}, 'location': {'street': {'number': 9698, 'name': 'Filistin Cd'}, 'city': 'Amasya', 'state': 'Bitlis', 'country': 'Turkey', 'postcode': 63373, 'coordinates': {'latitude': '70.8534', 'longitude': '29.1388'}, 'timezone': {'offset': '+9:00', 'description': 'Tokyo, Seoul, Osaka, Sapporo, Yakutsk'}}, 'email': 'esma.ozgorkey@example.com', 'login': {'uuid': '5ffef902-9e60-4753-bd8f-d460ae15f8bf', 'username': 'yellowswan353', 'password': 'lindsey', 'salt': '3zcCxon1', 'md5': '10a4fb05a97f209b39395876eaf7e50f', 'sha1': 'bfe79b402d6450bca533ae1d5fc828d63a38ee9c', 'sha256': '06eeeb81513f9d081dde042400f84f78d188677c7efd2da0fd0329f4bfcba057'}, 'dob': {'date': '1967-05-13T20:31:22.571Z', 'age': 57}, 'registered': {'date': '2002-07-06T10:48:17.772Z', 'age': 21}, 'phone': '(903)-957-9059', 'cell': '(615)-507-3252', 'id': {'name': '', 'value': None}, 'picture': {'large': 'https://randomuser.me/api/portraits/women/65.jpg', 'medium': 'https://randomuser.me/api/portraits/med/women/65.jpg', 'thumbnail': 'https://randomuser.me/api/portraits/thumb/women/65.jpg'}, 'nat': 'TR'}], 'info': {'seed': '68afd6cad96306ac', 'results': 1, 'page': 1, 'version': '1.4'}}</msg>
<arg>${json_data}</arg>
<doc>Logs the given message with the given level.</doc>
<status status="PASS" start="2024-06-06T17:14:50.490167" elapsed="0.000292"/>
</kw>
<kw name="Should Be Equal As Numbers" owner="BuiltIn">
<arg>${json_data['results'][0]['location']['postcode']}</arg>
<arg>${json_data['results'][0]['location']['postcode']}</arg>
<doc>Fails if objects are unequal after converting them to real numbers.</doc>
<status status="PASS" start="2024-06-06T17:14:50.490770" elapsed="0.000751"/>
</kw>
<kw name="Log" owner="BuiltIn">
<msg time="2024-06-06T17:14:50.492054" level="INFO">63373</msg>
<arg>${json_data['results'][0]['location']['postcode']}</arg>
<doc>Logs the given message with the given level.</doc>
<status status="PASS" start="2024-06-06T17:14:50.491717" elapsed="0.000378"/>
</kw>
<status status="PASS" start="2024-06-06T17:14:50.379272" elapsed="0.113071"/>
</kw>
<doc>Testa se os tipos de dados na resposta da API estão corretos.</doc>
<tag>testeTiposDados</tag>
<status status="PASS" start="2024-06-06T17:14:50.289910" elapsed="0.202595"/>
</test>
<test id="s1-s1-t5" name="Validar conteudo" line="35">
<kw name="Teste de Tipos de Conteudo" owner="random-user-service">
<kw name="GET On Session" owner="RequestsLibrary">
<msg time="2024-06-06T17:14:50.573180" level="INFO">GET Request : url=https://randomuser.me/api 
 path_url=/api 
 headers={'User-Agent': 'python-requests/2.32.3', 'Accept-Encoding': 'gzip, deflate', 'Accept': '*/*', 'Connection': 'keep-alive'} 
 body=None 
 </msg>
<msg time="2024-06-06T17:14:50.573264" level="INFO">GET Response : url=https://randomuser.me/api 
 status=200, reason=OK 
 headers={'Date': 'Thu, 06 Jun 2024 17:14:50 GMT', 'Content-Type': 'application/json; charset=utf-8', 'Transfer-Encoding': 'chunked', 'Connection': 'keep-alive', 'X-Powered-By': 'Express', 'Access-Control-Allow-Origin': '*', 'Cache-Control': 'no-cache', 'ETag': 'W/"4a1-O/NxvOD3ZZ2PbxCdg9Fy7nFiDZ4"', 'Vary': 'Accept-Encoding', 'Content-Encoding': 'gzip', 'CF-Cache-Status': 'DYNAMIC', 'Report-To': '{"endpoints":[{"url":"https:\\/\\/a.nel.cloudflare.com\\/report\\/v4?s=8blo%2Bmh4E6JqtOxDNC%2BDrY2wv3sQXRsjCH8QsrXFDTWshwAQnq3Fd5d7KcKzItppgBCQiJtvI7oJTES%2BiiwAVZNJFfhy7CZrAXSFBYKymjS3vOY9ofvrY1kQyr%2FhFdu8"}],"group":"cf-nel","max_age":604800}', 'NEL': '{"success_fraction":0,"report_to":"cf-nel","max_age":604800}', 'Server': 'cloudflare', 'CF-RAY': '88fa0a81997081cf-IAD', 'alt-svc': 'h3=":443"; ma=86400'} 
 body={"results":[{"gender":"male","name":{"title":"Mr","first":"Feliz","last":"Alves"},"location":{"street":{"number":4711,"name":"Rua Santa Maria "},"city":"Divinópolis","state":"Distrito Federal","country":"Brazil","postcode":75567,"coordinates":{"latitude":"-74.5368","longitude":"-16.8507"},"timezone":{"offset":"-4:00","description":"Atlantic Time (Canada), Caracas, La Paz"}},"email":"feliz.alves@example.com","login":{"uuid":"6047a43b-ddab-40e1-b66d-874bb8763075","username":"greensnake564","password":"goose","salt":"11QSb6hB","md5":"2b9d04e7a1f0d7506a841cd7d0c80a23","sha1":"ebc8e12001e6f1b34b781f4583949c1c71f36b19","sha256":"28ec4f1e6ce4ab7c03bd5fcc6aef1689df2487cd65506e1e0ce0c2a774ef22eb"},"dob":{"date":"1971-06-09T21:06:01.304Z","age":52},"registered":{"date":"2007-12-13T16:42:33.793Z","age":16},"phone":"(75) 4420-4388","cell":"(16) 2442-7353","id":{"name":"CPF","value":"348.843.647-65"},"picture":{"large":"https://randomuser.me/api/portraits/men/71.jpg","medium":"https://randomuser.me/api/portraits/med/men/71.jpg","thumbnail":"https://randomuser.me/api/portraits/thumb/men/71.jpg"},"nat":"BR"}],"info":{"seed":"8ad856ed89f1176c","results":1,"page":1,"version":"1.4"}} 
 </msg>
<msg time="2024-06-06T17:14:50.573336" level="INFO">/opt/hostedtoolcache/Python/3.12.3/x64/lib/python3.12/site-packages/urllib3/connectionpool.py:1103: InsecureRequestWarning: Unverified HTTPS request is being made to host 'randomuser.me'. Adding certificate verification is strongly advised. See: https://urllib3.readthedocs.io/en/latest/advanced-usage.html#tls-warnings
  warnings.warn(</msg>
<msg time="2024-06-06T17:14:50.573474" level="INFO">${response} = &lt;Response [200]&gt;</msg>
<var>${response}</var>
<arg>consultarAPI</arg>
<arg>/api</arg>
<doc>Sends a GET request on a previously created HTTP Session.</doc>
<status status="PASS" start="2024-06-06T17:14:50.495307" elapsed="0.078220"/>
</kw>
<kw name="Set Variable" owner="BuiltIn">
<msg time="2024-06-06T17:14:50.574462" level="INFO">${json_data} = {'results': [{'gender': 'male', 'name': {'title': 'Mr', 'first': 'Feliz', 'last': 'Alves'}, 'location': {'street': {'number': 4711, 'name': 'Rua Santa Maria '}, 'city': 'Divinópolis', 'state': 'Distri...</msg>
<var>${json_data}</var>
<arg>${response.json()}</arg>
<doc>Returns the given values which can then be assigned to a variables.</doc>
<status status="PASS" start="2024-06-06T17:14:50.573994" elapsed="0.000498"/>
</kw>
<kw name="Set Variable" owner="BuiltIn">
<msg time="2024-06-06T17:14:50.575204" level="INFO">${name_title} = Mr</msg>
<var>${name_title}</var>
<arg>${json_data["results"][0]["name"]["title"]}</arg>
<doc>Returns the given values which can then be assigned to a variables.</doc>
<status status="PASS" start="2024-06-06T17:14:50.574816" elapsed="0.000413"/>
</kw>
<kw name="Create List" owner="BuiltIn">
<msg time="2024-06-06T17:14:50.575676" level="INFO">${allowed_titles} = ['Mr', 'Ms', 'Miss', 'Mrs', 'Madame', 'Monsieur']</msg>
<var>${allowed_titles}</var>
<arg>Mr</arg>
<arg>Ms</arg>
<arg>Miss</arg>
<arg>Mrs</arg>
<arg>Madame</arg>
<arg>Monsieur</arg>
<doc>Returns a list containing given items.</doc>
<status status="PASS" start="2024-06-06T17:14:50.575529" elapsed="0.000171"/>
</kw>
<kw name="List Should Contain Value" owner="Collections">
<msg time="2024-06-06T17:14:50.576164" level="INFO">False</msg>
<arg>${allowed_titles}</arg>
<arg>${name_title}</arg>
<doc>Fails if the ``value`` is not found from ``list``.</doc>
<status status="PASS" start="2024-06-06T17:14:50.575997" elapsed="0.000203"/>
</kw>
<kw name="Set Variable" owner="BuiltIn">
<msg time="2024-06-06T17:14:50.576876" level="INFO">${name_country} = BR</msg>
<var>${name_country}</var>
<arg>${json_data["results"][0]["nat"]}</arg>
<doc>Returns the given values which can then be assigned to a variables.</doc>
<status status="PASS" start="2024-06-06T17:14:50.576505" elapsed="0.000395"/>
</kw>
<kw name="Create List" owner="BuiltIn">
<msg time="2024-06-06T17:14:50.577800" level="INFO">${list_country} = ['AD', 'AE', 'AF', 'AG', 'AI', 'AL', 'AM', 'AO', 'AQ', 'AR', 'AS', 'AT', 'AU', 'AW', 'AX', 'AZ', 'BA', 'BB', 'BD', 'BE', 'BF', 'BG', 'BH', 'BI', 'BJ', 'BL', 'BM', 'BN', 'BO', 'BQ', 'BR', 'BS', 'BT', '...</msg>
<var>${list_country}</var>
<arg>AD</arg>
<arg>AE</arg>
<arg>AF</arg>
<arg>AG</arg>
<arg>AI</arg>
<arg>AL</arg>
<arg>AM</arg>
<arg>AO</arg>
<arg>AQ</arg>
<arg>AR</arg>
<arg>AS</arg>
<arg>AT</arg>
<arg>AU</arg>
<arg>AW</arg>
<arg>AX</arg>
<arg>AZ</arg>
<arg>BA</arg>
<arg>BB</arg>
<arg>BD</arg>
<arg>BE</arg>
<arg>BF</arg>
<arg>BG</arg>
<arg>BH</arg>
<arg>BI</arg>
<arg>BJ</arg>
<arg>BL</arg>
<arg>BM</arg>
<arg>BN</arg>
<arg>BO</arg>
<arg>BQ</arg>
<arg>BR</arg>
<arg>BS</arg>
<arg>BT</arg>
<arg>BV</arg>
<arg>BW</arg>
<arg>BY</arg>
<arg>BZ</arg>
<arg>CA</arg>
<arg>CC</arg>
<arg>CD</arg>
<arg>CF</arg>
<arg>CG</arg>
<arg>CH</arg>
<arg>CI</arg>
<arg>CK</arg>
<arg>CL</arg>
<arg>CM</arg>
<arg>CN</arg>
<arg>CO</arg>
<arg>CR</arg>
<arg>CU</arg>
<arg>CV</arg>
<arg>CW</arg>
<arg>CX</arg>
<arg>CY</arg>
<arg>CZ</arg>
<arg>DE</arg>
<arg>DJ</arg>
<arg>DK</arg>
<arg>DM</arg>
<arg>DO</arg>
<arg>DZ</arg>
<arg>EC</arg>
<arg>EE</arg>
<arg>EG</arg>
<arg>EH</arg>
<arg>ER</arg>
<arg>ES</arg>
<arg>ET</arg>
<arg>FI</arg>
<arg>FJ</arg>
<arg>FK</arg>
<arg>FM</arg>
<arg>FO</arg>
<arg>FR</arg>
<arg>GA</arg>
<arg>GB</arg>
<arg>GD</arg>
<arg>GE</arg>
<arg>GF</arg>
<arg>GG</arg>
<arg>GH</arg>
<arg>GI</arg>
<arg>GL</arg>
<arg>GM</arg>
<arg>GN</arg>
<arg>GP</arg>
<arg>GQ</arg>
<arg>GR</arg>
<arg>GS</arg>
<arg>GT</arg>
<arg>GU</arg>
<arg>GW</arg>
<arg>GY</arg>
<arg>HK</arg>
<arg>HM</arg>
<arg>HN</arg>
<arg>HR</arg>
<arg>HT</arg>
<arg>HU</arg>
<arg>ID</arg>
<arg>IE</arg>
<arg>IL</arg>
<arg>IM</arg>
<arg>IN</arg>
<arg>IO</arg>
<arg>IQ</arg>
<arg>IR</arg>
<arg>IS</arg>
<arg>IT</arg>
<arg>JE</arg>
<arg>JM</arg>
<arg>JO</arg>
<arg>JP</arg>
<arg>KE</arg>
<arg>KG</arg>
<arg>KH</arg>
<arg>KI</arg>
<arg>KM</arg>
<arg>KN</arg>
<arg>KP</arg>
<arg>KR</arg>
<arg>KW</arg>
<arg>KY</arg>
<arg>KZ</arg>
<arg>LA</arg>
<arg>LB</arg>
<arg>LC</arg>
<arg>LI</arg>
<arg>LK</arg>
<arg>LR</arg>
<arg>LS</arg>
<arg>LT</arg>
<arg>LU</arg>
<arg>LV</arg>
<arg>LY</arg>
<arg>MA</arg>
<arg>MC</arg>
<arg>MD</arg>
<arg>ME</arg>
<arg>MF</arg>
<arg>MG</arg>
<arg>MH</arg>
<arg>MK</arg>
<arg>ML</arg>
<arg>MM</arg>
<arg>MN</arg>
<arg>MO</arg>
<arg>MP</arg>
<arg>MQ</arg>
<arg>MR</arg>
<arg>MS</arg>
<arg>MT</arg>
<arg>MU</arg>
<arg>MV</arg>
<arg>MW</arg>
<arg>MX</arg>
<arg>MY</arg>
<arg>MZ</arg>
<arg>NA</arg>
<arg>NC</arg>
<arg>NE</arg>
<arg>NF</arg>
<arg>NG</arg>
<arg>NI</arg>
<arg>NL</arg>
<arg>NO</arg>
<arg>NP</arg>
<arg>NR</arg>
<arg>NU</arg>
<arg>NZ</arg>
<arg>OM</arg>
<arg>PA</arg>
<arg>PE</arg>
<arg>PF</arg>
<arg>PG</arg>
<arg>PH</arg>
<arg>PK</arg>
<arg>PL</arg>
<arg>PM</arg>
<arg>PN</arg>
<arg>PR</arg>
<arg>PS</arg>
<arg>PT</arg>
<arg>PW</arg>
<arg>PY</arg>
<arg>QA</arg>
<arg>RE</arg>
<arg>RO</arg>
<arg>RS</arg>
<arg>RU</arg>
<arg>RW</arg>
<arg>SA</arg>
<arg>SB</arg>
<arg>SC</arg>
<arg>SD</arg>
<arg>SE</arg>
<arg>SG</arg>
<arg>SH</arg>
<arg>SI</arg>
<arg>SJ</arg>
<arg>SK</arg>
<arg>SL</arg>
<arg>SM</arg>
<arg>SN</arg>
<arg>SO</arg>
<arg>SR</arg>
<arg>SS</arg>
<arg>ST</arg>
<arg>SV</arg>
<arg>SX</arg>
<arg>SY</arg>
<arg>SZ</arg>
<arg>TC</arg>
<arg>TD</arg>
<arg>TF</arg>
<arg>TG</arg>
<arg>TH</arg>
<arg>TJ</arg>
<arg>TK</arg>
<arg>TL</arg>
<arg>TM</arg>
<arg>TN</arg>
<arg>TO</arg>
<arg>TR</arg>
<arg>TT</arg>
<arg>TV</arg>
<arg>TW</arg>
<arg>TZ</arg>
<arg>UA</arg>
<arg>UG</arg>
<arg>UM</arg>
<arg>US</arg>
<arg>UY</arg>
<arg>UZ</arg>
<arg>VA</arg>
<arg>VC</arg>
<arg>VE</arg>
<arg>VG</arg>
<arg>VI</arg>
<arg>VN</arg>
<arg>VU</arg>
<arg>WF</arg>
<arg>WS</arg>
<arg>XK</arg>
<arg>YE</arg>
<arg>YT</arg>
<arg>ZA</arg>
<arg>ZM</arg>
<arg>ZW</arg>
<doc>Returns a list containing given items.</doc>
<status status="PASS" start="2024-06-06T17:14:50.577201" elapsed="0.000624"/>
</kw>
<kw name="List Should Contain Value" owner="Collections">
<msg time="2024-06-06T17:14:50.578844" level="INFO">False</msg>
<arg>${list_country}</arg>
<arg>${name_country}</arg>
<doc>Fails if the ``value`` is not found from ``list``.</doc>
<status status="PASS" start="2024-06-06T17:14:50.578636" elapsed="0.000246"/>
</kw>
<kw name="Run Keyword If" owner="BuiltIn">
<kw name="Should Be True" owner="BuiltIn">
<arg>${True}</arg>
<doc>Fails if the given condition is not true.</doc>
<status status="PASS" start="2024-06-06T17:14:50.579924" elapsed="0.000140"/>
</kw>
<arg>${json_data["results"][0]["location"]["coordinates"]["latitude"]} &gt;= -90 and ${json_data["results"][0]["location"]["coordinates"]["latitude"]} &lt;= 90</arg>
<arg>Should Be True</arg>
<arg>${True}</arg>
<doc>Runs the given keyword with the given arguments, if ``condition`` is true.</doc>
<status status="PASS" start="2024-06-06T17:14:50.579193" elapsed="0.000997"/>
</kw>
<kw name="Run Keyword If" owner="BuiltIn">
<kw name="Should Be True" owner="BuiltIn">
<arg>${True}</arg>
<doc>Fails if the given condition is not true.</doc>
<status status="PASS" start="2024-06-06T17:14:50.581082" elapsed="0.000240"/>
</kw>
<arg>${json_data["results"][0]["location"]["coordinates"]["longitude"]} &gt;= -180 and ${json_data["results"][0]["location"]["coordinates"]["longitude"]} &lt;= 180</arg>
<arg>Should Be True</arg>
<arg>${True}</arg>
<doc>Runs the given keyword with the given arguments, if ``condition`` is true.</doc>
<status status="PASS" start="2024-06-06T17:14:50.580389" elapsed="0.001067"/>
</kw>
<status status="PASS" start="2024-06-06T17:14:50.494941" elapsed="0.086644"/>
</kw>
<doc>Testa o conteúdo específico dos campos retornados pela API.</doc>
<tag>testeConteudo</tag>
<status status="PASS" start="2024-06-06T17:14:50.494252" elapsed="0.087477"/>
</test>
<status status="PASS" start="2024-06-06T17:14:49.544914" elapsed="1.038727"/>
</suite>
<status status="PASS" start="2024-06-06T17:14:49.531200" elapsed="1.057498"/>
</suite>
<statistics>
<total>
<stat pass="5" fail="0" skip="0">All Tests</stat>
</total>
<tag>
<stat pass="1" fail="0" skip="0">testeConteudo</stat>
<stat pass="1" fail="0" skip="0">testeEstruturaResposta</stat>
<stat pass="1" fail="0" skip="0">testeRequisicaoBasica</stat>
<stat pass="1" fail="0" skip="0">testeTiposDados</stat>
</tag>
<suite>
<stat pass="5" fail="0" skip="0" id="s1" name="Tests">Tests</stat>
<stat pass="5" fail="0" skip="0" id="s1-s1" name="Random-User-Test">Tests.Random-User-Test</stat>
</suite>
</statistics>
<errors>
</errors>
</robot>
