<?xml version="1.0" encoding="UTF-8"?>
<robot generator="Robot 7.0.1 (Python 3.12.4 on linux)" generated="2024-06-19T21:15:33.848770" rpa="false" schemaversion="5">
<suite id="s1" name="Tests" source="/home/runner/work/ApiRandomUser/ApiRandomUser/RamdonUser/tests">
<suite id="s1-s1" name="Random-User-Test" source="/home/runner/work/ApiRandomUser/ApiRandomUser/RamdonUser/tests/random-user-test.robot">
<test id="s1-s1-t1" name="Conectar" line="13">
<kw name="Conectar API" owner="random-user-service">
<kw name="Create Session" owner="RequestsLibrary">
<msg time="2024-06-19T21:15:34.270100" level="INFO">Creating Session using : alias=consultarAPI, url=https://randomuser.me/, headers={},                     cookies={}, auth=None, timeout=None, proxies=None, verify=False,                     debug=0 </msg>
<arg>consultarAPI</arg>
<arg>${URL}</arg>
<doc>Create Session: create a HTTP session to a server</doc>
<status status="PASS" start="2024-06-19T21:15:34.269868" elapsed="0.000444"/>
</kw>
<status status="PASS" start="2024-06-19T21:15:34.268811" elapsed="0.001909"/>
</kw>
<status status="PASS" start="2024-06-19T21:15:34.268129" elapsed="0.002794"/>
</test>
<test id="s1-s1-t2" name="Validar retorno 200 e JSON Válido" line="16">
<kw name="Teste de Requisicao Basica" owner="random-user-service">
<kw name="GET On Session" owner="RequestsLibrary">
<msg time="2024-06-19T21:15:35.992982" level="INFO">GET Request : url=https://randomuser.me/api 
 path_url=/api 
 headers={'User-Agent': 'python-requests/2.32.3', 'Accept-Encoding': 'gzip, deflate', 'Accept': '*/*', 'Connection': 'keep-alive'} 
 body=None 
 </msg>
<msg time="2024-06-19T21:15:35.993146" level="INFO">GET Response : url=https://randomuser.me/api 
 status=200, reason=OK 
 headers={'Date': 'Wed, 19 Jun 2024 21:15:35 GMT', 'Content-Type': 'application/json; charset=utf-8', 'Transfer-Encoding': 'chunked', 'Connection': 'keep-alive', 'X-Powered-By': 'Express', 'Access-Control-Allow-Origin': '*', 'Cache-Control': 'no-cache', 'ETag': 'W/"4ac-cQj99Qv03xVbKoZHA4bxdTHTCUc"', 'Vary': 'Accept-Encoding', 'Content-Encoding': 'gzip', 'CF-Cache-Status': 'DYNAMIC', 'Report-To': '{"endpoints":[{"url":"https:\\/\\/a.nel.cloudflare.com\\/report\\/v4?s=eIhXAzfV1jTtHZ%2B%2FkUE4%2FP1KcaSTjvelyssb2ygivr5gDlMKSdOQg8xo2arBuBnJW%2BycCxbqkR0f%2BrpsV4cVlpXfXvdljloLZYyLFOdBxEW4cOQoNDN5IZKHI%2FkR6lw6"}],"group":"cf-nel","max_age":604800}', 'NEL': '{"success_fraction":0,"report_to":"cf-nel","max_age":604800}', 'Server': 'cloudflare', 'CF-RAY': '89668903cbfd0fd3-LAX', 'alt-svc': 'h3=":443"; ma=86400'} 
 body={"results":[{"gender":"female","name":{"title":"Ms","first":"Olivia","last":"Soto"},"location":{"street":{"number":2996,"name":"Grange Road"},"city":"Wakefield","state":"Highlands and Islands","country":"United Kingdom","postcode":"Q3V 6NY","coordinates":{"latitude":"-7.2838","longitude":"24.6006"},"timezone":{"offset":"+8:00","description":"Beijing, Perth, Singapore, Hong Kong"}},"email":"olivia.soto@example.com","login":{"uuid":"cdcd43e8-060f-4ab6-a26d-b25ba267583f","username":"ticklishpeacock224","password":"hawk","salt":"xd9QRAkj","md5":"dce0ff3b60e070532328dcbfa11ff175","sha1":"269271c20da1fed2f4529f8d79bae54529a36b88","sha256":"e8595137ec6847ce404500437e68edf26a4908cf0058886de18e205692cee3af"},"dob":{"date":"1964-08-10T00:45:59.628Z","age":59},"registered":{"date":"2016-04-06T22:17:57.920Z","age":8},"phone":"017683 35853","cell":"07891 446075","id":{"name":"NINO","value":"SZ 37 73 45 Q"},"picture":{"large":"https://randomuser.me/api/portraits/women/63.jpg","medium":"https://randomuser.me/api/portraits/med/women/63.jpg","thumbnail":"https://randomuser.me/api/portraits/thumb/women/63.jpg"},"nat":"GB"}],"info":{"seed":"b82bec577e84214b","results":1,"page":1,"version":"1.4"}} 
 </msg>
<msg time="2024-06-19T21:15:35.993233" level="INFO">/opt/hostedtoolcache/Python/3.12.4/x64/lib/python3.12/site-packages/urllib3/connectionpool.py:1099: InsecureRequestWarning: Unverified HTTPS request is being made to host 'randomuser.me'. Adding certificate verification is strongly advised. See: https://urllib3.readthedocs.io/en/latest/advanced-usage.html#tls-warnings
  warnings.warn(</msg>
<msg time="2024-06-19T21:15:35.993375" level="INFO">${response} = &lt;Response [200]&gt;</msg>
<var>${response}</var>
<arg>consultarAPI</arg>
<arg>/api</arg>
<doc>Sends a GET request on a previously created HTTP Session.</doc>
<status status="PASS" start="2024-06-19T21:15:34.273673" elapsed="1.719730"/>
</kw>
<kw name="Should Be Equal As Numbers" owner="BuiltIn">
<msg time="2024-06-19T21:15:35.994486" level="INFO">Argument types are:
&lt;class 'int'&gt;
&lt;class 'str'&gt;</msg>
<arg>${response.status_code}</arg>
<arg>200</arg>
<doc>Fails if objects are unequal after converting them to real numbers.</doc>
<status status="PASS" start="2024-06-19T21:15:35.994006" elapsed="0.000545"/>
</kw>
<kw name="Log" owner="BuiltIn">
<msg time="2024-06-19T21:15:35.995208" level="INFO">200</msg>
<arg>${response.status_code}</arg>
<doc>Logs the given message with the given level.</doc>
<status status="PASS" start="2024-06-19T21:15:35.994864" elapsed="0.000387"/>
</kw>
<kw name="Set Variable" owner="BuiltIn">
<msg time="2024-06-19T21:15:35.996038" level="INFO">${json_data} = {'results': [{'gender': 'female', 'name': {'title': 'Ms', 'first': 'Olivia', 'last': 'Soto'}, 'location': {'street': {'number': 2996, 'name': 'Grange Road'}, 'city': 'Wakefield', 'state': 'Highlands a...</msg>
<var>${json_data}</var>
<arg>${response.json()}</arg>
<doc>Returns the given values which can then be assigned to a variables.</doc>
<status status="PASS" start="2024-06-19T21:15:35.995601" elapsed="0.000466"/>
</kw>
<kw name="Dictionary Should Contain Key" owner="Collections">
<arg>${json_data}</arg>
<arg>results</arg>
<doc>Fails if ``key`` is not found from ``dictionary``.</doc>
<status status="PASS" start="2024-06-19T21:15:35.996361" elapsed="0.000175"/>
</kw>
<status status="PASS" start="2024-06-19T21:15:34.273405" elapsed="1.723283"/>
</kw>
<doc>Testa se a API responde corretamente e retorna um objeto JSON válido.</doc>
<tag>testeRequisicaoBasica</tag>
<status status="PASS" start="2024-06-19T21:15:34.272910" elapsed="1.723953"/>
</test>
<test id="s1-s1-t3" name="Validar estrutura de resposta" line="22">
<kw name="Teste de Estrutura de Resposta" owner="random-user-service">
<kw name="GET On Session" owner="RequestsLibrary">
<msg time="2024-06-19T21:15:36.781330" level="INFO">GET Request : url=https://randomuser.me/api 
 path_url=/api 
 headers={'User-Agent': 'python-requests/2.32.3', 'Accept-Encoding': 'gzip, deflate', 'Accept': '*/*', 'Connection': 'keep-alive'} 
 body=None 
 </msg>
<msg time="2024-06-19T21:15:36.781434" level="INFO">GET Response : url=https://randomuser.me/api 
 status=200, reason=OK 
 headers={'Date': 'Wed, 19 Jun 2024 21:15:36 GMT', 'Content-Type': 'application/json; charset=utf-8', 'Transfer-Encoding': 'chunked', 'Connection': 'keep-alive', 'X-Powered-By': 'Express', 'Access-Control-Allow-Origin': '*', 'Cache-Control': 'no-cache', 'ETag': 'W/"48f-GH/08UUXvI/IzcXJ6MIxjjb1guQ"', 'Vary': 'Accept-Encoding', 'Content-Encoding': 'gzip', 'CF-Cache-Status': 'DYNAMIC', 'Report-To': '{"endpoints":[{"url":"https:\\/\\/a.nel.cloudflare.com\\/report\\/v4?s=0svYm%2FeVPLMjZXvAbQ%2B%2BUFHK6dQIGrIQA0BkmwQXNxUfIa1hlwwYOsS0Imn%2FL%2BBtNPH5wPJkqIZi%2BySj6C71Ayq1dL1wujovpApB1QLO7n809meqraJ7LCK4ClFedL3T"}],"group":"cf-nel","max_age":604800}', 'NEL': '{"success_fraction":0,"report_to":"cf-nel","max_age":604800}', 'Server': 'cloudflare', 'CF-RAY': '8966890e0b450fd3-LAX', 'alt-svc': 'h3=":443"; ma=86400'} 
 body={"results":[{"gender":"male","name":{"title":"Mr","first":"Joona","last":"Kauppila"},"location":{"street":{"number":5545,"name":"Pyynikintie"},"city":"Vihanti","state":"Satakunta","country":"Finland","postcode":59302,"coordinates":{"latitude":"-29.4182","longitude":"-127.6671"},"timezone":{"offset":"+2:00","description":"Kaliningrad, South Africa"}},"email":"joona.kauppila@example.com","login":{"uuid":"64889fa8-7ef9-4ab8-8d41-0b27e05e51ed","username":"crazybutterfly142","password":"slacker","salt":"E59JPSGX","md5":"edc32506ae0b2424bc86da0c9483d6b7","sha1":"57ba019c57ddf113a58282d7ee8eba889e31d902","sha256":"321a3fe9f007f7b28df8241288c14876587e9e941799ac159f1f118cf220fd1e"},"dob":{"date":"1986-10-24T03:00:01.174Z","age":37},"registered":{"date":"2004-12-21T01:34:30.180Z","age":19},"phone":"09-039-308","cell":"048-951-61-05","id":{"name":"HETU","value":"NaNNA323undefined"},"picture":{"large":"https://randomuser.me/api/portraits/men/49.jpg","medium":"https://randomuser.me/api/portraits/med/men/49.jpg","thumbnail":"https://randomuser.me/api/portraits/thumb/men/49.jpg"},"nat":"FI"}],"info":{"seed":"7a01f567c94c940e","results":1,"page":1,"version":"1.4"}} 
 </msg>
<msg time="2024-06-19T21:15:36.781579" level="INFO">/opt/hostedtoolcache/Python/3.12.4/x64/lib/python3.12/site-packages/urllib3/connectionpool.py:1099: InsecureRequestWarning: Unverified HTTPS request is being made to host 'randomuser.me'. Adding certificate verification is strongly advised. See: https://urllib3.readthedocs.io/en/latest/advanced-usage.html#tls-warnings
  warnings.warn(</msg>
<msg time="2024-06-19T21:15:36.781710" level="INFO">${response} = &lt;Response [200]&gt;</msg>
<var>${response}</var>
<arg>consultarAPI</arg>
<arg>/api</arg>
<doc>Sends a GET request on a previously created HTTP Session.</doc>
<status status="PASS" start="2024-06-19T21:15:35.999461" elapsed="0.782276"/>
</kw>
<kw name="Set Variable" owner="BuiltIn">
<msg time="2024-06-19T21:15:36.782858" level="INFO">${json_data} = {'results': [{'gender': 'male', 'name': {'title': 'Mr', 'first': 'Joona', 'last': 'Kauppila'}, 'location': {'street': {'number': 5545, 'name': 'Pyynikintie'}, 'city': 'Vihanti', 'state': 'Satakunta', ...</msg>
<var>${json_data}</var>
<arg>${response.json()}</arg>
<doc>Returns the given values which can then be assigned to a variables.</doc>
<status status="PASS" start="2024-06-19T21:15:36.782328" elapsed="0.000559"/>
</kw>
<kw name="Log" owner="BuiltIn">
<msg time="2024-06-19T21:15:36.783404" level="INFO">{'results': [{'gender': 'male', 'name': {'title': 'Mr', 'first': 'Joona', 'last': 'Kauppila'}, 'location': {'street': {'number': 5545, 'name': 'Pyynikintie'}, 'city': 'Vihanti', 'state': 'Satakunta', 'country': 'Finland', 'postcode': 59302, 'coordinates': {'latitude': '-29.4182', 'longitude': '-127.6671'}, 'timezone': {'offset': '+2:00', 'description': 'Kaliningrad, South Africa'}}, 'email': 'joona.kauppila@example.com', 'login': {'uuid': '64889fa8-7ef9-4ab8-8d41-0b27e05e51ed', 'username': 'crazybutterfly142', 'password': 'slacker', 'salt': 'E59JPSGX', 'md5': 'edc32506ae0b2424bc86da0c9483d6b7', 'sha1': '57ba019c57ddf113a58282d7ee8eba889e31d902', 'sha256': '321a3fe9f007f7b28df8241288c14876587e9e941799ac159f1f118cf220fd1e'}, 'dob': {'date': '1986-10-24T03:00:01.174Z', 'age': 37}, 'registered': {'date': '2004-12-21T01:34:30.180Z', 'age': 19}, 'phone': '09-039-308', 'cell': '048-951-61-05', 'id': {'name': 'HETU', 'value': 'NaNNA323undefined'}, 'picture': {'large': 'https://randomuser.me/api/portraits/men/49.jpg', 'medium': 'https://randomuser.me/api/portraits/med/men/49.jpg', 'thumbnail': 'https://randomuser.me/api/portraits/thumb/men/49.jpg'}, 'nat': 'FI'}], 'info': {'seed': '7a01f567c94c940e', 'results': 1, 'page': 1, 'version': '1.4'}}</msg>
<arg>${json_data}</arg>
<doc>Logs the given message with the given level.</doc>
<status status="PASS" start="2024-06-19T21:15:36.783202" elapsed="0.000255"/>
</kw>
<kw name="Dictionary Should Contain Key" owner="Collections">
<arg>${json_data}</arg>
<arg>results</arg>
<doc>Fails if ``key`` is not found from ``dictionary``.</doc>
<status status="PASS" start="2024-06-19T21:15:36.783752" elapsed="0.000169"/>
</kw>
<kw name="Should Not Be Empty" owner="BuiltIn">
<msg time="2024-06-19T21:15:36.784231" level="INFO">Length is 2.</msg>
<arg>${json_data}</arg>
<doc>Verifies that the given item is not empty.</doc>
<status status="PASS" start="2024-06-19T21:15:36.784102" elapsed="0.000171"/>
</kw>
<kw name="Create List" owner="BuiltIn">
<msg time="2024-06-19T21:15:36.784706" level="INFO">${expected_keys} = ['gender', 'name', 'location', 'email', 'login']</msg>
<var>${expected_keys}</var>
<arg>gender</arg>
<arg>name</arg>
<arg>location</arg>
<arg>email</arg>
<arg>login</arg>
<doc>Returns a list containing given items.</doc>
<status status="PASS" start="2024-06-19T21:15:36.784561" elapsed="0.000168"/>
</kw>
<for flavor="IN">
<iter>
<kw name="Dictionary Should Contain Key" owner="Collections">
<arg>${json_data['results'][0]}</arg>
<arg>${key}</arg>
<doc>Fails if ``key`` is not found from ``dictionary``.</doc>
<status status="PASS" start="2024-06-19T21:15:36.785516" elapsed="0.000410"/>
</kw>
<kw name="Log" owner="BuiltIn">
<msg time="2024-06-19T21:15:36.786470" level="INFO">{'gender': 'male', 'name': {'title': 'Mr', 'first': 'Joona', 'last': 'Kauppila'}, 'location': {'street': {'number': 5545, 'name': 'Pyynikintie'}, 'city': 'Vihanti', 'state': 'Satakunta', 'country': 'Finland', 'postcode': 59302, 'coordinates': {'latitude': '-29.4182', 'longitude': '-127.6671'}, 'timezone': {'offset': '+2:00', 'description': 'Kaliningrad, South Africa'}}, 'email': 'joona.kauppila@example.com', 'login': {'uuid': '64889fa8-7ef9-4ab8-8d41-0b27e05e51ed', 'username': 'crazybutterfly142', 'password': 'slacker', 'salt': 'E59JPSGX', 'md5': 'edc32506ae0b2424bc86da0c9483d6b7', 'sha1': '57ba019c57ddf113a58282d7ee8eba889e31d902', 'sha256': '321a3fe9f007f7b28df8241288c14876587e9e941799ac159f1f118cf220fd1e'}, 'dob': {'date': '1986-10-24T03:00:01.174Z', 'age': 37}, 'registered': {'date': '2004-12-21T01:34:30.180Z', 'age': 19}, 'phone': '09-039-308', 'cell': '048-951-61-05', 'id': {'name': 'HETU', 'value': 'NaNNA323undefined'}, 'picture': {'large': 'https://randomuser.me/api/portraits/men/49.jpg', 'medium': 'https://randomuser.me/api/portraits/med/men/49.jpg', 'thumbnail': 'https://randomuser.me/api/portraits/thumb/men/49.jpg'}, 'nat': 'FI'}</msg>
<arg>${json_data['results'][0]}</arg>
<doc>Logs the given message with the given level.</doc>
<status status="PASS" start="2024-06-19T21:15:36.786110" elapsed="0.000411"/>
</kw>
<kw name="Log" owner="BuiltIn">
<msg time="2024-06-19T21:15:36.786951" level="INFO">gender</msg>
<arg>${key}</arg>
<doc>Logs the given message with the given level.</doc>
<status status="PASS" start="2024-06-19T21:15:36.786820" elapsed="0.000169"/>
</kw>
<var name="${key}">gender</var>
<status status="PASS" start="2024-06-19T21:15:36.785386" elapsed="0.001821"/>
</iter>
<iter>
<kw name="Dictionary Should Contain Key" owner="Collections">
<arg>${json_data['results'][0]}</arg>
<arg>${key}</arg>
<doc>Fails if ``key`` is not found from ``dictionary``.</doc>
<status status="PASS" start="2024-06-19T21:15:36.787541" elapsed="0.000381"/>
</kw>
<kw name="Log" owner="BuiltIn">
<msg time="2024-06-19T21:15:36.788464" level="INFO">{'gender': 'male', 'name': {'title': 'Mr', 'first': 'Joona', 'last': 'Kauppila'}, 'location': {'street': {'number': 5545, 'name': 'Pyynikintie'}, 'city': 'Vihanti', 'state': 'Satakunta', 'country': 'Finland', 'postcode': 59302, 'coordinates': {'latitude': '-29.4182', 'longitude': '-127.6671'}, 'timezone': {'offset': '+2:00', 'description': 'Kaliningrad, South Africa'}}, 'email': 'joona.kauppila@example.com', 'login': {'uuid': '64889fa8-7ef9-4ab8-8d41-0b27e05e51ed', 'username': 'crazybutterfly142', 'password': 'slacker', 'salt': 'E59JPSGX', 'md5': 'edc32506ae0b2424bc86da0c9483d6b7', 'sha1': '57ba019c57ddf113a58282d7ee8eba889e31d902', 'sha256': '321a3fe9f007f7b28df8241288c14876587e9e941799ac159f1f118cf220fd1e'}, 'dob': {'date': '1986-10-24T03:00:01.174Z', 'age': 37}, 'registered': {'date': '2004-12-21T01:34:30.180Z', 'age': 19}, 'phone': '09-039-308', 'cell': '048-951-61-05', 'id': {'name': 'HETU', 'value': 'NaNNA323undefined'}, 'picture': {'large': 'https://randomuser.me/api/portraits/men/49.jpg', 'medium': 'https://randomuser.me/api/portraits/med/men/49.jpg', 'thumbnail': 'https://randomuser.me/api/portraits/thumb/men/49.jpg'}, 'nat': 'FI'}</msg>
<arg>${json_data['results'][0]}</arg>
<doc>Logs the given message with the given level.</doc>
<status status="PASS" start="2024-06-19T21:15:36.788110" elapsed="0.000434"/>
</kw>
<kw name="Log" owner="BuiltIn">
<msg time="2024-06-19T21:15:36.788964" level="INFO">name</msg>
<arg>${key}</arg>
<doc>Logs the given message with the given level.</doc>
<status status="PASS" start="2024-06-19T21:15:36.788838" elapsed="0.000164"/>
</kw>
<var name="${key}">name</var>
<status status="PASS" start="2024-06-19T21:15:36.787421" elapsed="0.001795"/>
</iter>
<iter>
<kw name="Dictionary Should Contain Key" owner="Collections">
<arg>${json_data['results'][0]}</arg>
<arg>${key}</arg>
<doc>Fails if ``key`` is not found from ``dictionary``.</doc>
<status status="PASS" start="2024-06-19T21:15:36.789498" elapsed="0.000387"/>
</kw>
<kw name="Log" owner="BuiltIn">
<msg time="2024-06-19T21:15:36.790412" level="INFO">{'gender': 'male', 'name': {'title': 'Mr', 'first': 'Joona', 'last': 'Kauppila'}, 'location': {'street': {'number': 5545, 'name': 'Pyynikintie'}, 'city': 'Vihanti', 'state': 'Satakunta', 'country': 'Finland', 'postcode': 59302, 'coordinates': {'latitude': '-29.4182', 'longitude': '-127.6671'}, 'timezone': {'offset': '+2:00', 'description': 'Kaliningrad, South Africa'}}, 'email': 'joona.kauppila@example.com', 'login': {'uuid': '64889fa8-7ef9-4ab8-8d41-0b27e05e51ed', 'username': 'crazybutterfly142', 'password': 'slacker', 'salt': 'E59JPSGX', 'md5': 'edc32506ae0b2424bc86da0c9483d6b7', 'sha1': '57ba019c57ddf113a58282d7ee8eba889e31d902', 'sha256': '321a3fe9f007f7b28df8241288c14876587e9e941799ac159f1f118cf220fd1e'}, 'dob': {'date': '1986-10-24T03:00:01.174Z', 'age': 37}, 'registered': {'date': '2004-12-21T01:34:30.180Z', 'age': 19}, 'phone': '09-039-308', 'cell': '048-951-61-05', 'id': {'name': 'HETU', 'value': 'NaNNA323undefined'}, 'picture': {'large': 'https://randomuser.me/api/portraits/men/49.jpg', 'medium': 'https://randomuser.me/api/portraits/med/men/49.jpg', 'thumbnail': 'https://randomuser.me/api/portraits/thumb/men/49.jpg'}, 'nat': 'FI'}</msg>
<arg>${json_data['results'][0]}</arg>
<doc>Logs the given message with the given level.</doc>
<status status="PASS" start="2024-06-19T21:15:36.790063" elapsed="0.000397"/>
</kw>
<kw name="Log" owner="BuiltIn">
<msg time="2024-06-19T21:15:36.790913" level="INFO">location</msg>
<arg>${key}</arg>
<doc>Logs the given message with the given level.</doc>
<status status="PASS" start="2024-06-19T21:15:36.790783" elapsed="0.000167"/>
</kw>
<var name="${key}">location</var>
<status status="PASS" start="2024-06-19T21:15:36.789390" elapsed="0.001775"/>
</iter>
<iter>
<kw name="Dictionary Should Contain Key" owner="Collections">
<arg>${json_data['results'][0]}</arg>
<arg>${key}</arg>
<doc>Fails if ``key`` is not found from ``dictionary``.</doc>
<status status="PASS" start="2024-06-19T21:15:36.791512" elapsed="0.000390"/>
</kw>
<kw name="Log" owner="BuiltIn">
<msg time="2024-06-19T21:15:36.792442" level="INFO">{'gender': 'male', 'name': {'title': 'Mr', 'first': 'Joona', 'last': 'Kauppila'}, 'location': {'street': {'number': 5545, 'name': 'Pyynikintie'}, 'city': 'Vihanti', 'state': 'Satakunta', 'country': 'Finland', 'postcode': 59302, 'coordinates': {'latitude': '-29.4182', 'longitude': '-127.6671'}, 'timezone': {'offset': '+2:00', 'description': 'Kaliningrad, South Africa'}}, 'email': 'joona.kauppila@example.com', 'login': {'uuid': '64889fa8-7ef9-4ab8-8d41-0b27e05e51ed', 'username': 'crazybutterfly142', 'password': 'slacker', 'salt': 'E59JPSGX', 'md5': 'edc32506ae0b2424bc86da0c9483d6b7', 'sha1': '57ba019c57ddf113a58282d7ee8eba889e31d902', 'sha256': '321a3fe9f007f7b28df8241288c14876587e9e941799ac159f1f118cf220fd1e'}, 'dob': {'date': '1986-10-24T03:00:01.174Z', 'age': 37}, 'registered': {'date': '2004-12-21T01:34:30.180Z', 'age': 19}, 'phone': '09-039-308', 'cell': '048-951-61-05', 'id': {'name': 'HETU', 'value': 'NaNNA323undefined'}, 'picture': {'large': 'https://randomuser.me/api/portraits/men/49.jpg', 'medium': 'https://randomuser.me/api/portraits/med/men/49.jpg', 'thumbnail': 'https://randomuser.me/api/portraits/thumb/men/49.jpg'}, 'nat': 'FI'}</msg>
<arg>${json_data['results'][0]}</arg>
<doc>Logs the given message with the given level.</doc>
<status status="PASS" start="2024-06-19T21:15:36.792087" elapsed="0.000402"/>
</kw>
<kw name="Log" owner="BuiltIn">
<msg time="2024-06-19T21:15:36.792914" level="INFO">email</msg>
<arg>${key}</arg>
<doc>Logs the given message with the given level.</doc>
<status status="PASS" start="2024-06-19T21:15:36.792788" elapsed="0.000164"/>
</kw>
<var name="${key}">email</var>
<status status="PASS" start="2024-06-19T21:15:36.791389" elapsed="0.001774"/>
</iter>
<iter>
<kw name="Dictionary Should Contain Key" owner="Collections">
<arg>${json_data['results'][0]}</arg>
<arg>${key}</arg>
<doc>Fails if ``key`` is not found from ``dictionary``.</doc>
<status status="PASS" start="2024-06-19T21:15:36.793440" elapsed="0.000387"/>
</kw>
<kw name="Log" owner="BuiltIn">
<msg time="2024-06-19T21:15:36.794357" level="INFO">{'gender': 'male', 'name': {'title': 'Mr', 'first': 'Joona', 'last': 'Kauppila'}, 'location': {'street': {'number': 5545, 'name': 'Pyynikintie'}, 'city': 'Vihanti', 'state': 'Satakunta', 'country': 'Finland', 'postcode': 59302, 'coordinates': {'latitude': '-29.4182', 'longitude': '-127.6671'}, 'timezone': {'offset': '+2:00', 'description': 'Kaliningrad, South Africa'}}, 'email': 'joona.kauppila@example.com', 'login': {'uuid': '64889fa8-7ef9-4ab8-8d41-0b27e05e51ed', 'username': 'crazybutterfly142', 'password': 'slacker', 'salt': 'E59JPSGX', 'md5': 'edc32506ae0b2424bc86da0c9483d6b7', 'sha1': '57ba019c57ddf113a58282d7ee8eba889e31d902', 'sha256': '321a3fe9f007f7b28df8241288c14876587e9e941799ac159f1f118cf220fd1e'}, 'dob': {'date': '1986-10-24T03:00:01.174Z', 'age': 37}, 'registered': {'date': '2004-12-21T01:34:30.180Z', 'age': 19}, 'phone': '09-039-308', 'cell': '048-951-61-05', 'id': {'name': 'HETU', 'value': 'NaNNA323undefined'}, 'picture': {'large': 'https://randomuser.me/api/portraits/men/49.jpg', 'medium': 'https://randomuser.me/api/portraits/med/men/49.jpg', 'thumbnail': 'https://randomuser.me/api/portraits/thumb/men/49.jpg'}, 'nat': 'FI'}</msg>
<arg>${json_data['results'][0]}</arg>
<doc>Logs the given message with the given level.</doc>
<status status="PASS" start="2024-06-19T21:15:36.794008" elapsed="0.000397"/>
</kw>
<kw name="Log" owner="BuiltIn">
<msg time="2024-06-19T21:15:36.794901" level="INFO">login</msg>
<arg>${key}</arg>
<doc>Logs the given message with the given level.</doc>
<status status="PASS" start="2024-06-19T21:15:36.794735" elapsed="0.000216"/>
</kw>
<var name="${key}">login</var>
<status status="PASS" start="2024-06-19T21:15:36.793332" elapsed="0.001880"/>
</iter>
<var>${key}</var>
<value>@{expected_keys}</value>
<status status="PASS" start="2024-06-19T21:15:36.785167" elapsed="0.010203"/>
</for>
<kw name="Create List" owner="BuiltIn">
<msg time="2024-06-19T21:15:36.795737" level="INFO">${expected_keysTwo} = ['username', 'password']</msg>
<var>${expected_keysTwo}</var>
<arg>username</arg>
<arg>password</arg>
<doc>Returns a list containing given items.</doc>
<status status="PASS" start="2024-06-19T21:15:36.795596" elapsed="0.000199"/>
</kw>
<for flavor="IN">
<iter>
<kw name="Dictionary Should Contain Key" owner="Collections">
<arg>${json_data['results'][0]['login']}</arg>
<arg>${keyTwo}</arg>
<doc>Fails if ``key`` is not found from ``dictionary``.</doc>
<status status="PASS" start="2024-06-19T21:15:36.796326" elapsed="0.000403"/>
</kw>
<kw name="Dictionary Should Contain Key" owner="Collections">
<arg>${json_data['results'][0]['login']}</arg>
<arg>${keyTwo}</arg>
<doc>Fails if ``key`` is not found from ``dictionary``.</doc>
<status status="PASS" start="2024-06-19T21:15:36.796908" elapsed="0.000379"/>
</kw>
<kw name="Log" owner="BuiltIn">
<msg time="2024-06-19T21:15:36.797592" level="INFO">username</msg>
<arg>${keyTwo}</arg>
<doc>Logs the given message with the given level.</doc>
<status status="PASS" start="2024-06-19T21:15:36.797466" elapsed="0.000164"/>
</kw>
<var name="${keyTwo}">username</var>
<status status="PASS" start="2024-06-19T21:15:36.796216" elapsed="0.001645"/>
</iter>
<iter>
<kw name="Dictionary Should Contain Key" owner="Collections">
<arg>${json_data['results'][0]['login']}</arg>
<arg>${keyTwo}</arg>
<doc>Fails if ``key`` is not found from ``dictionary``.</doc>
<status status="PASS" start="2024-06-19T21:15:36.798137" elapsed="0.000382"/>
</kw>
<kw name="Dictionary Should Contain Key" owner="Collections">
<arg>${json_data['results'][0]['login']}</arg>
<arg>${keyTwo}</arg>
<doc>Fails if ``key`` is not found from ``dictionary``.</doc>
<status status="PASS" start="2024-06-19T21:15:36.798714" elapsed="0.000475"/>
</kw>
<kw name="Log" owner="BuiltIn">
<msg time="2024-06-19T21:15:36.799534" level="INFO">password</msg>
<arg>${keyTwo}</arg>
<doc>Logs the given message with the given level.</doc>
<status status="PASS" start="2024-06-19T21:15:36.799406" elapsed="0.000167"/>
</kw>
<var name="${keyTwo}">password</var>
<status status="PASS" start="2024-06-19T21:15:36.798032" elapsed="0.001773"/>
</iter>
<var>${keyTwo}</var>
<value>@{expected_keysTwo}</value>
<status status="PASS" start="2024-06-19T21:15:36.796053" elapsed="0.003872"/>
</for>
<status status="PASS" start="2024-06-19T21:15:35.999201" elapsed="0.800871"/>
</kw>
<doc>Testa a estrutura da resposta da API.</doc>
<tag>testeEstruturaResposta</tag>
<status status="PASS" start="2024-06-19T21:15:35.998684" elapsed="0.801550"/>
</test>
<test id="s1-s1-t4" name="Validar tipos de dados" line="28">
<kw name="Teste de Tipos de Dados" owner="random-user-service">
<kw name="GET On Session" owner="RequestsLibrary">
<msg time="2024-06-19T21:15:37.478775" level="INFO">GET Request : url=https://randomuser.me/api 
 path_url=/api 
 headers={'User-Agent': 'python-requests/2.32.3', 'Accept-Encoding': 'gzip, deflate', 'Accept': '*/*', 'Connection': 'keep-alive'} 
 body=None 
 </msg>
<msg time="2024-06-19T21:15:37.478876" level="INFO">GET Response : url=https://randomuser.me/api 
 status=200, reason=OK 
 headers={'Date': 'Wed, 19 Jun 2024 21:15:37 GMT', 'Content-Type': 'application/json; charset=utf-8', 'Transfer-Encoding': 'chunked', 'Connection': 'keep-alive', 'X-Powered-By': 'Express', 'Access-Control-Allow-Origin': '*', 'Cache-Control': 'no-cache', 'ETag': 'W/"4a0-34YWkPzkFgNY4gxVu1Gqrl86OTE"', 'Vary': 'Accept-Encoding', 'Content-Encoding': 'gzip', 'CF-Cache-Status': 'DYNAMIC', 'Report-To': '{"endpoints":[{"url":"https:\\/\\/a.nel.cloudflare.com\\/report\\/v4?s=Vw0yUsg%2BSYYcjkZiWAtFYBNilwkK%2B6CyRtx1JulUi6GaMHm6ZC7ao%2BnCyHP88T65JStlSTvqEi7IQd6Y0sHrgXa%2FQGKSNWmyCIs8tBTXyocnUWFYUqu6AaRGi6%2F%2FmUxs"}],"group":"cf-nel","max_age":604800}', 'NEL': '{"success_fraction":0,"report_to":"cf-nel","max_age":604800}', 'Server': 'cloudflare', 'CF-RAY': '8966891309ce0fd3-LAX', 'alt-svc': 'h3=":443"; ma=86400'} 
 body={"results":[{"gender":"male","name":{"title":"Mr","first":"Walter","last":"Herrera"},"location":{"street":{"number":4126,"name":"The Crescent"},"city":"Newport","state":"Central","country":"United Kingdom","postcode":"LU7J 8NH","coordinates":{"latitude":"-6.3745","longitude":"-22.8604"},"timezone":{"offset":"-6:00","description":"Central Time (US &amp; Canada), Mexico City"}},"email":"walter.herrera@example.com","login":{"uuid":"f636d916-0954-430c-aeb8-5d53e65a4315","username":"silverleopard387","password":"total","salt":"bMvrmdXh","md5":"30c453ec37679f3f245c6dadef514e60","sha1":"2e00b2261b1cc87e2ccbe326d195e4df5b2fad6b","sha256":"03499289ea8b39db495e8f6d30388f76fa6f0e967be3540db0ffe0264bd3780f"},"dob":{"date":"1993-02-26T21:12:22.805Z","age":31},"registered":{"date":"2009-02-23T19:01:29.021Z","age":15},"phone":"01006 988908","cell":"07570 724815","id":{"name":"NINO","value":"XR 38 32 69 B"},"picture":{"large":"https://randomuser.me/api/portraits/men/20.jpg","medium":"https://randomuser.me/api/portraits/med/men/20.jpg","thumbnail":"https://randomuser.me/api/portraits/thumb/men/20.jpg"},"nat":"GB"}],"info":{"seed":"8d7682fc43c84e57","results":1,"page":1,"version":"1.4"}} 
 </msg>
<msg time="2024-06-19T21:15:37.478956" level="INFO">/opt/hostedtoolcache/Python/3.12.4/x64/lib/python3.12/site-packages/urllib3/connectionpool.py:1099: InsecureRequestWarning: Unverified HTTPS request is being made to host 'randomuser.me'. Adding certificate verification is strongly advised. See: https://urllib3.readthedocs.io/en/latest/advanced-usage.html#tls-warnings
  warnings.warn(</msg>
<msg time="2024-06-19T21:15:37.479079" level="INFO">${response} = &lt;Response [200]&gt;</msg>
<var>${response}</var>
<arg>consultarAPI</arg>
<arg>/api</arg>
<doc>Sends a GET request on a previously created HTTP Session.</doc>
<status status="PASS" start="2024-06-19T21:15:36.802874" elapsed="0.676232"/>
</kw>
<kw name="Set Variable" owner="BuiltIn">
<msg time="2024-06-19T21:15:37.480242" level="INFO">${json_data} = {'results': [{'gender': 'male', 'name': {'title': 'Mr', 'first': 'Walter', 'last': 'Herrera'}, 'location': {'street': {'number': 4126, 'name': 'The Crescent'}, 'city': 'Newport', 'state': 'Central', '...</msg>
<var>${json_data}</var>
<arg>${response.json()}</arg>
<doc>Returns the given values which can then be assigned to a variables.</doc>
<status status="PASS" start="2024-06-19T21:15:37.479715" elapsed="0.000555"/>
</kw>
<kw name="Log" owner="BuiltIn">
<msg time="2024-06-19T21:15:37.480747" level="INFO">{'results': [{'gender': 'male', 'name': {'title': 'Mr', 'first': 'Walter', 'last': 'Herrera'}, 'location': {'street': {'number': 4126, 'name': 'The Crescent'}, 'city': 'Newport', 'state': 'Central', 'country': 'United Kingdom', 'postcode': 'LU7J 8NH', 'coordinates': {'latitude': '-6.3745', 'longitude': '-22.8604'}, 'timezone': {'offset': '-6:00', 'description': 'Central Time (US &amp; Canada), Mexico City'}}, 'email': 'walter.herrera@example.com', 'login': {'uuid': 'f636d916-0954-430c-aeb8-5d53e65a4315', 'username': 'silverleopard387', 'password': 'total', 'salt': 'bMvrmdXh', 'md5': '30c453ec37679f3f245c6dadef514e60', 'sha1': '2e00b2261b1cc87e2ccbe326d195e4df5b2fad6b', 'sha256': '03499289ea8b39db495e8f6d30388f76fa6f0e967be3540db0ffe0264bd3780f'}, 'dob': {'date': '1993-02-26T21:12:22.805Z', 'age': 31}, 'registered': {'date': '2009-02-23T19:01:29.021Z', 'age': 15}, 'phone': '01006 988908', 'cell': '07570 724815', 'id': {'name': 'NINO', 'value': 'XR 38 32 69 B'}, 'picture': {'large': 'https://randomuser.me/api/portraits/men/20.jpg', 'medium': 'https://randomuser.me/api/portraits/med/men/20.jpg', 'thumbnail': 'https://randomuser.me/api/portraits/thumb/men/20.jpg'}, 'nat': 'GB'}], 'info': {'seed': '8d7682fc43c84e57', 'results': 1, 'page': 1, 'version': '1.4'}}</msg>
<arg>${json_data}</arg>
<doc>Logs the given message with the given level.</doc>
<status status="PASS" start="2024-06-19T21:15:37.480587" elapsed="0.000208"/>
</kw>
<kw name="Should Be String" owner="String">
<arg>${json_data['results'][0]['gender']}</arg>
<doc>Fails if the given ``item`` is not a string.</doc>
<status status="PASS" start="2024-06-19T21:15:37.481082" elapsed="0.000367"/>
</kw>
<kw name="Should Match Regexp" owner="BuiltIn">
<arg>${json_data['results'][0]['email']}</arg>
<arg>^[a-zA-Z0-9._%+-]+@[a-zA-Z0-9.-]+\.[a-zA-Z]{2,}$</arg>
<doc>Fails if ``string`` does not match ``pattern`` as a regular expression.</doc>
<status status="PASS" start="2024-06-19T21:15:37.481672" elapsed="0.000530"/>
</kw>
<kw name="Should Match Regexp" owner="BuiltIn">
<arg>${json_data['results'][0]['dob']['date']}</arg>
<arg>\\d{4}-\\d{2}-\\d{2}T\\d{2}:\\d{2}:\\d{2}\\.\\d{3}Z</arg>
<doc>Fails if ``string`` does not match ``pattern`` as a regular expression.</doc>
<status status="PASS" start="2024-06-19T21:15:37.482396" elapsed="0.000488"/>
</kw>
<kw name="Should Match Regexp" owner="BuiltIn">
<arg>${json_data['results'][0]['registered']['date']}</arg>
<arg>\\d{4}-\\d{2}-\\d{2}T\\d{2}:\\d{2}:\\d{2}\\.\\d{3}Z</arg>
<doc>Fails if ``string`` does not match ``pattern`` as a regular expression.</doc>
<status status="PASS" start="2024-06-19T21:15:37.483071" elapsed="0.000394"/>
</kw>
<kw name="Should Match Regexp" owner="BuiltIn">
<arg>${json_data['results'][0]['picture']['large']}</arg>
<arg>^https?://.*\.(?:png|jpe?g|gif|bmp)$</arg>
<doc>Fails if ``string`` does not match ``pattern`` as a regular expression.</doc>
<status status="PASS" start="2024-06-19T21:15:37.483659" elapsed="0.000464"/>
</kw>
<kw name="Should Match Regexp" owner="BuiltIn">
<arg>${json_data['results'][0]['picture']['medium']}</arg>
<arg>^https?://.*\.(?:png|jpe?g|gif|bmp)$</arg>
<doc>Fails if ``string`` does not match ``pattern`` as a regular expression.</doc>
<status status="PASS" start="2024-06-19T21:15:37.484308" elapsed="0.000367"/>
</kw>
<kw name="Should Match Regexp" owner="BuiltIn">
<arg>${json_data['results'][0]['picture']['thumbnail']}</arg>
<arg>^https?://.*\.(?:png|jpe?g|gif|bmp)$</arg>
<doc>Fails if ``string`` does not match ``pattern`` as a regular expression.</doc>
<status status="PASS" start="2024-06-19T21:15:37.484904" elapsed="0.000356"/>
</kw>
<kw name="Log" owner="BuiltIn">
<msg time="2024-06-19T21:15:37.485759" level="INFO">{'large': 'https://randomuser.me/api/portraits/men/20.jpg', 'medium': 'https://randomuser.me/api/portraits/med/men/20.jpg', 'thumbnail': 'https://randomuser.me/api/portraits/thumb/men/20.jpg'}</msg>
<arg>${json_data['results'][0]['picture']}</arg>
<doc>Logs the given message with the given level.</doc>
<status status="PASS" start="2024-06-19T21:15:37.485439" elapsed="0.000362"/>
</kw>
<status status="PASS" start="2024-06-19T21:15:36.802641" elapsed="0.683423"/>
</kw>
<kw name="Teste de Tipos de Dados - Postcode" owner="random-user-service">
<kw name="GET On Session" owner="RequestsLibrary">
<msg time="2024-06-19T21:15:37.808289" level="INFO">GET Request : url=https://randomuser.me/api 
 path_url=/api 
 headers={'User-Agent': 'python-requests/2.32.3', 'Accept-Encoding': 'gzip, deflate', 'Accept': '*/*', 'Connection': 'keep-alive'} 
 body=None 
 </msg>
<msg time="2024-06-19T21:15:37.808391" level="INFO">GET Response : url=https://randomuser.me/api 
 status=200, reason=OK 
 headers={'Date': 'Wed, 19 Jun 2024 21:15:37 GMT', 'Content-Type': 'application/json; charset=utf-8', 'Transfer-Encoding': 'chunked', 'Connection': 'keep-alive', 'X-Powered-By': 'Express', 'Access-Control-Allow-Origin': '*', 'Cache-Control': 'no-cache', 'ETag': 'W/"47a-FOlO4jAGOfMOJ9HTljqfC1eWdFc"', 'Vary': 'Accept-Encoding', 'Content-Encoding': 'gzip', 'CF-Cache-Status': 'DYNAMIC', 'Report-To': '{"endpoints":[{"url":"https:\\/\\/a.nel.cloudflare.com\\/report\\/v4?s=h8tXdQp1qE%2FunxlwMp%2FSyf7QY92l46qbPuQ%2FsT3YXaFzIHLvaT%2BPWvs2UDEaXUywM%2FupmG3%2FB7OzFGKqULT84v%2FCXYceXmpyEWSdK77c%2BncJhqj8pZxBw27JraU86fep"}],"group":"cf-nel","max_age":604800}', 'NEL': '{"success_fraction":0,"report_to":"cf-nel","max_age":604800}', 'Server': 'cloudflare', 'CF-RAY': '896689175eff0fd3-LAX', 'alt-svc': 'h3=":443"; ma=86400'} 
 body={"results":[{"gender":"male","name":{"title":"Mr","first":"Timish","last":"Skripchenko"},"location":{"street":{"number":8019,"name":"Varshavska"},"city":"Semenivka","state":"Ivano-Frankivska","country":"Ukraine","postcode":39530,"coordinates":{"latitude":"74.3322","longitude":"-62.6321"},"timezone":{"offset":"+4:30","description":"Kabul"}},"email":"timish.skripchenko@example.com","login":{"uuid":"ecac1c55-2fb4-4db6-8f86-1a9a8058fe59","username":"orangegorilla167","password":"zzzzzz1","salt":"j0SrZTBI","md5":"39b6e6ee1fbdd818e00692fb8a924829","sha1":"d69cc175722caf8d42bc6d4d5d62d61055d5d25b","sha256":"b2ae29d65035a14cbc1946e76d5e50edc6723247cfe31f890264a8ceb028290b"},"dob":{"date":"1982-03-28T22:29:25.223Z","age":42},"registered":{"date":"2013-10-07T19:19:41.865Z","age":10},"phone":"(096) A35-9835","cell":"(066) G24-2694","id":{"name":"","value":null},"picture":{"large":"https://randomuser.me/api/portraits/men/65.jpg","medium":"https://randomuser.me/api/portraits/med/men/65.jpg","thumbnail":"https://randomuser.me/api/portraits/thumb/men/65.jpg"},"nat":"UA"}],"info":{"seed":"ef4d10a3e2fecd73","results":1,"page":1,"version":"1.4"}} 
 </msg>
<msg time="2024-06-19T21:15:37.808466" level="INFO">/opt/hostedtoolcache/Python/3.12.4/x64/lib/python3.12/site-packages/urllib3/connectionpool.py:1099: InsecureRequestWarning: Unverified HTTPS request is being made to host 'randomuser.me'. Adding certificate verification is strongly advised. See: https://urllib3.readthedocs.io/en/latest/advanced-usage.html#tls-warnings
  warnings.warn(</msg>
<msg time="2024-06-19T21:15:37.808586" level="INFO">${response} = &lt;Response [200]&gt;</msg>
<var>${response}</var>
<arg>consultarAPI</arg>
<arg>/api</arg>
<doc>Sends a GET request on a previously created HTTP Session.</doc>
<status status="PASS" start="2024-06-19T21:15:37.486518" elapsed="0.322101"/>
</kw>
<kw name="Set Variable" owner="BuiltIn">
<msg time="2024-06-19T21:15:37.810271" level="INFO">${json_data} = {'results': [{'gender': 'male', 'name': {'title': 'Mr', 'first': 'Timish', 'last': 'Skripchenko'}, 'location': {'street': {'number': 8019, 'name': 'Varshavska'}, 'city': 'Semenivka', 'state': 'Ivano-F...</msg>
<var>${json_data}</var>
<arg>${response.json()}</arg>
<doc>Returns the given values which can then be assigned to a variables.</doc>
<status status="PASS" start="2024-06-19T21:15:37.809531" elapsed="0.000780"/>
</kw>
<kw name="Log" owner="BuiltIn">
<msg time="2024-06-19T21:15:37.813550" level="INFO">{'results': [{'gender': 'male', 'name': {'title': 'Mr', 'first': 'Timish', 'last': 'Skripchenko'}, 'location': {'street': {'number': 8019, 'name': 'Varshavska'}, 'city': 'Semenivka', 'state': 'Ivano-Frankivska', 'country': 'Ukraine', 'postcode': 39530, 'coordinates': {'latitude': '74.3322', 'longitude': '-62.6321'}, 'timezone': {'offset': '+4:30', 'description': 'Kabul'}}, 'email': 'timish.skripchenko@example.com', 'login': {'uuid': 'ecac1c55-2fb4-4db6-8f86-1a9a8058fe59', 'username': 'orangegorilla167', 'password': 'zzzzzz1', 'salt': 'j0SrZTBI', 'md5': '39b6e6ee1fbdd818e00692fb8a924829', 'sha1': 'd69cc175722caf8d42bc6d4d5d62d61055d5d25b', 'sha256': 'b2ae29d65035a14cbc1946e76d5e50edc6723247cfe31f890264a8ceb028290b'}, 'dob': {'date': '1982-03-28T22:29:25.223Z', 'age': 42}, 'registered': {'date': '2013-10-07T19:19:41.865Z', 'age': 10}, 'phone': '(096) A35-9835', 'cell': '(066) G24-2694', 'id': {'name': '', 'value': None}, 'picture': {'large': 'https://randomuser.me/api/portraits/men/65.jpg', 'medium': 'https://randomuser.me/api/portraits/med/men/65.jpg', 'thumbnail': 'https://randomuser.me/api/portraits/thumb/men/65.jpg'}, 'nat': 'UA'}], 'info': {'seed': 'ef4d10a3e2fecd73', 'results': 1, 'page': 1, 'version': '1.4'}}</msg>
<arg>${json_data}</arg>
<doc>Logs the given message with the given level.</doc>
<status status="PASS" start="2024-06-19T21:15:37.813371" elapsed="0.000229"/>
</kw>
<kw name="Should Be Equal As Numbers" owner="BuiltIn">
<arg>${json_data['results'][0]['location']['postcode']}</arg>
<arg>${json_data['results'][0]['location']['postcode']}</arg>
<doc>Fails if objects are unequal after converting them to real numbers.</doc>
<status status="PASS" start="2024-06-19T21:15:37.813993" elapsed="0.000756"/>
</kw>
<kw name="Log" owner="BuiltIn">
<msg time="2024-06-19T21:15:37.815284" level="INFO">39530</msg>
<arg>${json_data['results'][0]['location']['postcode']}</arg>
<doc>Logs the given message with the given level.</doc>
<status status="PASS" start="2024-06-19T21:15:37.814945" elapsed="0.000437"/>
</kw>
<status status="PASS" start="2024-06-19T21:15:37.486291" elapsed="0.329388"/>
</kw>
<doc>Testa se os tipos de dados na resposta da API estão corretos.</doc>
<tag>testeTiposDados</tag>
<status status="PASS" start="2024-06-19T21:15:36.802017" elapsed="1.013831"/>
</test>
<test id="s1-s1-t5" name="Validar conteudo" line="35">
<kw name="Teste de Tipos de Conteudo" owner="random-user-service">
<kw name="GET On Session" owner="RequestsLibrary">
<msg time="2024-06-19T21:15:38.124231" level="INFO">GET Request : url=https://randomuser.me/api 
 path_url=/api 
 headers={'User-Agent': 'python-requests/2.32.3', 'Accept-Encoding': 'gzip, deflate', 'Accept': '*/*', 'Connection': 'keep-alive'} 
 body=None 
 </msg>
<msg time="2024-06-19T21:15:38.124345" level="INFO">GET Response : url=https://randomuser.me/api 
 status=200, reason=OK 
 headers={'Date': 'Wed, 19 Jun 2024 21:15:38 GMT', 'Content-Type': 'application/json; charset=utf-8', 'Transfer-Encoding': 'chunked', 'Connection': 'keep-alive', 'X-Powered-By': 'Express', 'Access-Control-Allow-Origin': '*', 'Cache-Control': 'no-cache', 'ETag': 'W/"48e-VLkOry9qaHPhdKgzTYMoncso03c"', 'Vary': 'Accept-Encoding', 'Content-Encoding': 'gzip', 'CF-Cache-Status': 'DYNAMIC', 'Report-To': '{"endpoints":[{"url":"https:\\/\\/a.nel.cloudflare.com\\/report\\/v4?s=plDG6IcGC01jjMvdC3pt7mu8qV8mesLxKDyQAoQ2XVTXJPhmxeXodU8Mxy9XYD7c29Q%2FyZn0hFO7h0JJSKmoLBpDrTAifMHOwkElgJ6zo4nfUa%2FU16rIFRugkOLqh%2F52"}],"group":"cf-nel","max_age":604800}', 'NEL': '{"success_fraction":0,"report_to":"cf-nel","max_age":604800}', 'Server': 'cloudflare', 'CF-RAY': '8966891969920fd3-LAX', 'alt-svc': 'h3=":443"; ma=86400'} 
 body={"results":[{"gender":"male","name":{"title":"Mr","first":"Charles","last":"Green"},"location":{"street":{"number":2078,"name":"Balmoral Road"},"city":"Greymouth","state":"Waikato","country":"New Zealand","postcode":21605,"coordinates":{"latitude":"51.7112","longitude":"-150.1476"},"timezone":{"offset":"-4:00","description":"Atlantic Time (Canada), Caracas, La Paz"}},"email":"charles.green@example.com","login":{"uuid":"334303d2-31f8-45a3-b798-f11042896afc","username":"organicleopard966","password":"holden","salt":"oh0HtNm7","md5":"488d810eba90109b72c80c809834fbc2","sha1":"2044b821e1438855fe2d6ccb8cea2fd7a8598fa9","sha256":"f922ee649e8022983f6c46c8ec4c1a92be0d07716638f73cda85b69ceb2fed37"},"dob":{"date":"1948-03-28T08:40:38.145Z","age":76},"registered":{"date":"2004-03-29T12:24:46.510Z","age":20},"phone":"(215)-546-9865","cell":"(311)-369-7254","id":{"name":"","value":null},"picture":{"large":"https://randomuser.me/api/portraits/men/2.jpg","medium":"https://randomuser.me/api/portraits/med/men/2.jpg","thumbnail":"https://randomuser.me/api/portraits/thumb/men/2.jpg"},"nat":"NZ"}],"info":{"seed":"6a8c8f57b197736a","results":1,"page":1,"version":"1.4"}} 
 </msg>
<msg time="2024-06-19T21:15:38.124460" level="INFO">/opt/hostedtoolcache/Python/3.12.4/x64/lib/python3.12/site-packages/urllib3/connectionpool.py:1099: InsecureRequestWarning: Unverified HTTPS request is being made to host 'randomuser.me'. Adding certificate verification is strongly advised. See: https://urllib3.readthedocs.io/en/latest/advanced-usage.html#tls-warnings
  warnings.warn(</msg>
<msg time="2024-06-19T21:15:38.124615" level="INFO">${response} = &lt;Response [200]&gt;</msg>
<var>${response}</var>
<arg>consultarAPI</arg>
<arg>/api</arg>
<doc>Sends a GET request on a previously created HTTP Session.</doc>
<status status="PASS" start="2024-06-19T21:15:37.818530" elapsed="0.306126"/>
</kw>
<kw name="Set Variable" owner="BuiltIn">
<msg time="2024-06-19T21:15:38.125993" level="INFO">${json_data} = {'results': [{'gender': 'male', 'name': {'title': 'Mr', 'first': 'Charles', 'last': 'Green'}, 'location': {'street': {'number': 2078, 'name': 'Balmoral Road'}, 'city': 'Greymouth', 'state': 'Waikato',...</msg>
<var>${json_data}</var>
<arg>${response.json()}</arg>
<doc>Returns the given values which can then be assigned to a variables.</doc>
<status status="PASS" start="2024-06-19T21:15:38.125360" elapsed="0.000662"/>
</kw>
<kw name="Set Variable" owner="BuiltIn">
<msg time="2024-06-19T21:15:38.126731" level="INFO">${name_title} = Mr</msg>
<var>${name_title}</var>
<arg>${json_data["results"][0]["name"]["title"]}</arg>
<doc>Returns the given values which can then be assigned to a variables.</doc>
<status status="PASS" start="2024-06-19T21:15:38.126347" elapsed="0.000409"/>
</kw>
<kw name="Create List" owner="BuiltIn">
<msg time="2024-06-19T21:15:38.127206" level="INFO">${allowed_titles} = ['Mr', 'Ms', 'Miss', 'Mrs', 'Madame', 'Monsieur']</msg>
<var>${allowed_titles}</var>
<arg>Mr</arg>
<arg>Ms</arg>
<arg>Miss</arg>
<arg>Mrs</arg>
<arg>Madame</arg>
<arg>Monsieur</arg>
<doc>Returns a list containing given items.</doc>
<status status="PASS" start="2024-06-19T21:15:38.127056" elapsed="0.000174"/>
</kw>
<kw name="List Should Contain Value" owner="Collections">
<arg>${allowed_titles}</arg>
<arg>${name_title}</arg>
<doc>Fails if the ``value`` is not found from ``list``.</doc>
<status status="PASS" start="2024-06-19T21:15:38.127575" elapsed="0.000177"/>
</kw>
<kw name="Set Variable" owner="BuiltIn">
<msg time="2024-06-19T21:15:38.128298" level="INFO">${name_country} = NZ</msg>
<var>${name_country}</var>
<arg>${json_data["results"][0]["nat"]}</arg>
<doc>Returns the given values which can then be assigned to a variables.</doc>
<status status="PASS" start="2024-06-19T21:15:38.127936" elapsed="0.000387"/>
</kw>
<kw name="Create List" owner="BuiltIn">
<msg time="2024-06-19T21:15:38.129212" level="INFO">${list_country} = ['AD', 'AE', 'AF', 'AG', 'AI', 'AL', 'AM', 'AO', 'AQ', 'AR', 'AS', 'AT', 'AU', 'AW', 'AX', 'AZ', 'BA', 'BB', 'BD', 'BE', 'BF', 'BG', 'BH', 'BI', 'BJ', 'BL', 'BM', 'BN', 'BO', 'BQ', 'BR', 'BS', 'BT', '...</msg>
<var>${list_country}</var>
<arg>AD</arg>
<arg>AE</arg>
<arg>AF</arg>
<arg>AG</arg>
<arg>AI</arg>
<arg>AL</arg>
<arg>AM</arg>
<arg>AO</arg>
<arg>AQ</arg>
<arg>AR</arg>
<arg>AS</arg>
<arg>AT</arg>
<arg>AU</arg>
<arg>AW</arg>
<arg>AX</arg>
<arg>AZ</arg>
<arg>BA</arg>
<arg>BB</arg>
<arg>BD</arg>
<arg>BE</arg>
<arg>BF</arg>
<arg>BG</arg>
<arg>BH</arg>
<arg>BI</arg>
<arg>BJ</arg>
<arg>BL</arg>
<arg>BM</arg>
<arg>BN</arg>
<arg>BO</arg>
<arg>BQ</arg>
<arg>BR</arg>
<arg>BS</arg>
<arg>BT</arg>
<arg>BV</arg>
<arg>BW</arg>
<arg>BY</arg>
<arg>BZ</arg>
<arg>CA</arg>
<arg>CC</arg>
<arg>CD</arg>
<arg>CF</arg>
<arg>CG</arg>
<arg>CH</arg>
<arg>CI</arg>
<arg>CK</arg>
<arg>CL</arg>
<arg>CM</arg>
<arg>CN</arg>
<arg>CO</arg>
<arg>CR</arg>
<arg>CU</arg>
<arg>CV</arg>
<arg>CW</arg>
<arg>CX</arg>
<arg>CY</arg>
<arg>CZ</arg>
<arg>DE</arg>
<arg>DJ</arg>
<arg>DK</arg>
<arg>DM</arg>
<arg>DO</arg>
<arg>DZ</arg>
<arg>EC</arg>
<arg>EE</arg>
<arg>EG</arg>
<arg>EH</arg>
<arg>ER</arg>
<arg>ES</arg>
<arg>ET</arg>
<arg>FI</arg>
<arg>FJ</arg>
<arg>FK</arg>
<arg>FM</arg>
<arg>FO</arg>
<arg>FR</arg>
<arg>GA</arg>
<arg>GB</arg>
<arg>GD</arg>
<arg>GE</arg>
<arg>GF</arg>
<arg>GG</arg>
<arg>GH</arg>
<arg>GI</arg>
<arg>GL</arg>
<arg>GM</arg>
<arg>GN</arg>
<arg>GP</arg>
<arg>GQ</arg>
<arg>GR</arg>
<arg>GS</arg>
<arg>GT</arg>
<arg>GU</arg>
<arg>GW</arg>
<arg>GY</arg>
<arg>HK</arg>
<arg>HM</arg>
<arg>HN</arg>
<arg>HR</arg>
<arg>HT</arg>
<arg>HU</arg>
<arg>ID</arg>
<arg>IE</arg>
<arg>IL</arg>
<arg>IM</arg>
<arg>IN</arg>
<arg>IO</arg>
<arg>IQ</arg>
<arg>IR</arg>
<arg>IS</arg>
<arg>IT</arg>
<arg>JE</arg>
<arg>JM</arg>
<arg>JO</arg>
<arg>JP</arg>
<arg>KE</arg>
<arg>KG</arg>
<arg>KH</arg>
<arg>KI</arg>
<arg>KM</arg>
<arg>KN</arg>
<arg>KP</arg>
<arg>KR</arg>
<arg>KW</arg>
<arg>KY</arg>
<arg>KZ</arg>
<arg>LA</arg>
<arg>LB</arg>
<arg>LC</arg>
<arg>LI</arg>
<arg>LK</arg>
<arg>LR</arg>
<arg>LS</arg>
<arg>LT</arg>
<arg>LU</arg>
<arg>LV</arg>
<arg>LY</arg>
<arg>MA</arg>
<arg>MC</arg>
<arg>MD</arg>
<arg>ME</arg>
<arg>MF</arg>
<arg>MG</arg>
<arg>MH</arg>
<arg>MK</arg>
<arg>ML</arg>
<arg>MM</arg>
<arg>MN</arg>
<arg>MO</arg>
<arg>MP</arg>
<arg>MQ</arg>
<arg>MR</arg>
<arg>MS</arg>
<arg>MT</arg>
<arg>MU</arg>
<arg>MV</arg>
<arg>MW</arg>
<arg>MX</arg>
<arg>MY</arg>
<arg>MZ</arg>
<arg>NA</arg>
<arg>NC</arg>
<arg>NE</arg>
<arg>NF</arg>
<arg>NG</arg>
<arg>NI</arg>
<arg>NL</arg>
<arg>NO</arg>
<arg>NP</arg>
<arg>NR</arg>
<arg>NU</arg>
<arg>NZ</arg>
<arg>OM</arg>
<arg>PA</arg>
<arg>PE</arg>
<arg>PF</arg>
<arg>PG</arg>
<arg>PH</arg>
<arg>PK</arg>
<arg>PL</arg>
<arg>PM</arg>
<arg>PN</arg>
<arg>PR</arg>
<arg>PS</arg>
<arg>PT</arg>
<arg>PW</arg>
<arg>PY</arg>
<arg>QA</arg>
<arg>RE</arg>
<arg>RO</arg>
<arg>RS</arg>
<arg>RU</arg>
<arg>RW</arg>
<arg>SA</arg>
<arg>SB</arg>
<arg>SC</arg>
<arg>SD</arg>
<arg>SE</arg>
<arg>SG</arg>
<arg>SH</arg>
<arg>SI</arg>
<arg>SJ</arg>
<arg>SK</arg>
<arg>SL</arg>
<arg>SM</arg>
<arg>SN</arg>
<arg>SO</arg>
<arg>SR</arg>
<arg>SS</arg>
<arg>ST</arg>
<arg>SV</arg>
<arg>SX</arg>
<arg>SY</arg>
<arg>SZ</arg>
<arg>TC</arg>
<arg>TD</arg>
<arg>TF</arg>
<arg>TG</arg>
<arg>TH</arg>
<arg>TJ</arg>
<arg>TK</arg>
<arg>TL</arg>
<arg>TM</arg>
<arg>TN</arg>
<arg>TO</arg>
<arg>TR</arg>
<arg>TT</arg>
<arg>TV</arg>
<arg>TW</arg>
<arg>TZ</arg>
<arg>UA</arg>
<arg>UG</arg>
<arg>UM</arg>
<arg>US</arg>
<arg>UY</arg>
<arg>UZ</arg>
<arg>VA</arg>
<arg>VC</arg>
<arg>VE</arg>
<arg>VG</arg>
<arg>VI</arg>
<arg>VN</arg>
<arg>VU</arg>
<arg>WF</arg>
<arg>WS</arg>
<arg>XK</arg>
<arg>YE</arg>
<arg>YT</arg>
<arg>ZA</arg>
<arg>ZM</arg>
<arg>ZW</arg>
<doc>Returns a list containing given items.</doc>
<status status="PASS" start="2024-06-19T21:15:38.128609" elapsed="0.000628"/>
</kw>
<kw name="List Should Contain Value" owner="Collections">
<arg>${list_country}</arg>
<arg>${name_country}</arg>
<doc>Fails if the ``value`` is not found from ``list``.</doc>
<status status="PASS" start="2024-06-19T21:15:38.130035" elapsed="0.000205"/>
</kw>
<kw name="Run Keyword If" owner="BuiltIn">
<kw name="Should Be True" owner="BuiltIn">
<arg>${True}</arg>
<doc>Fails if the given condition is not true.</doc>
<status status="PASS" start="2024-06-19T21:15:38.131174" elapsed="0.000168"/>
</kw>
<arg>${json_data["results"][0]["location"]["coordinates"]["latitude"]} &gt;= -90 and ${json_data["results"][0]["location"]["coordinates"]["latitude"]} &lt;= 90</arg>
<arg>Should Be True</arg>
<arg>${True}</arg>
<doc>Runs the given keyword with the given arguments, if ``condition`` is true.</doc>
<status status="PASS" start="2024-06-19T21:15:38.130442" elapsed="0.001030"/>
</kw>
<kw name="Run Keyword If" owner="BuiltIn">
<kw name="Should Be True" owner="BuiltIn">
<arg>${True}</arg>
<doc>Fails if the given condition is not true.</doc>
<status status="PASS" start="2024-06-19T21:15:38.132369" elapsed="0.000136"/>
</kw>
<arg>${json_data["results"][0]["location"]["coordinates"]["longitude"]} &gt;= -180 and ${json_data["results"][0]["location"]["coordinates"]["longitude"]} &lt;= 180</arg>
<arg>Should Be True</arg>
<arg>${True}</arg>
<doc>Runs the given keyword with the given arguments, if ``condition`` is true.</doc>
<status status="PASS" start="2024-06-19T21:15:38.131649" elapsed="0.000976"/>
</kw>
<status status="PASS" start="2024-06-19T21:15:37.818112" elapsed="0.314648"/>
</kw>
<doc>Testa o conteúdo específico dos campos retornados pela API.</doc>
<tag>testeConteudo</tag>
<status status="PASS" start="2024-06-19T21:15:37.817587" elapsed="0.315332"/>
</test>
<status status="PASS" start="2024-06-19T21:15:33.910933" elapsed="4.223965"/>
</suite>
<status status="PASS" start="2024-06-19T21:15:33.895764" elapsed="4.244496"/>
</suite>
<statistics>
<total>
<stat pass="5" fail="0" skip="0">All Tests</stat>
</total>
<tag>
<stat pass="1" fail="0" skip="0">testeConteudo</stat>
<stat pass="1" fail="0" skip="0">testeEstruturaResposta</stat>
<stat pass="1" fail="0" skip="0">testeRequisicaoBasica</stat>
<stat pass="1" fail="0" skip="0">testeTiposDados</stat>
</tag>
<suite>
<stat pass="5" fail="0" skip="0" id="s1" name="Tests">Tests</stat>
<stat pass="5" fail="0" skip="0" id="s1-s1" name="Random-User-Test">Tests.Random-User-Test</stat>
</suite>
</statistics>
<errors>
</errors>
</robot>
