<?xml version="1.0" encoding="UTF-8"?>
<robot generator="Robot 7.0 (Python 3.12.2 on linux)" generated="2024-04-09T14:12:59.627478" rpa="false" schemaversion="5">
<suite id="s1" name="Tests" source="/home/runner/work/DesafioQAItauRogerioJordao/DesafioQAItauRogerioJordao/RamdonUser/tests">
<suite id="s1-s1" name="Random-User-Test" source="/home/runner/work/DesafioQAItauRogerioJordao/DesafioQAItauRogerioJordao/RamdonUser/tests/random-user-test.robot">
<test id="s1-s1-t1" name="Conectar" line="13">
<kw name="Conectar API" owner="random-user-service">
<kw name="Create Session" owner="RequestsLibrary">
<msg time="2024-04-09T14:12:59.987653" level="INFO">Creating Session using : alias=consultarAPI, url=https://randomuser.me/, headers={},                     cookies={}, auth=None, timeout=None, proxies=None, verify=False,                     debug=0 </msg>
<arg>consultarAPI</arg>
<arg>${URL}</arg>
<doc>Create Session: create a HTTP session to a server</doc>
<status status="PASS" start="2024-04-09T14:12:59.987456" elapsed="0.000367"/>
</kw>
<status status="PASS" start="2024-04-09T14:12:59.986424" elapsed="0.001752"/>
</kw>
<status status="PASS" start="2024-04-09T14:12:59.985819" elapsed="0.002561"/>
</test>
<test id="s1-s1-t2" name="Validar retorno 200 e JSON Válido" line="16">
<kw name="Teste de Requisicao Basica" owner="random-user-service">
<kw name="GET On Session" owner="RequestsLibrary">
<msg time="2024-04-09T14:13:00.259173" level="INFO">GET Request : url=https://randomuser.me/api 
 path_url=/api 
 headers={'User-Agent': 'python-requests/2.31.0', 'Accept-Encoding': 'gzip, deflate', 'Accept': '*/*', 'Connection': 'keep-alive'} 
 body=None 
 </msg>
<msg time="2024-04-09T14:13:00.259324" level="INFO">GET Response : url=https://randomuser.me/api 
 status=200, reason=OK 
 headers={'Date': 'Tue, 09 Apr 2024 14:13:00 GMT', 'Content-Type': 'application/json; charset=utf-8', 'Transfer-Encoding': 'chunked', 'Connection': 'keep-alive', 'X-Powered-By': 'Express', 'Access-Control-Allow-Origin': '*', 'Cache-Control': 'no-cache', 'ETag': 'W/"47d-AAF724nrYixz58rivtioqKHzuj0"', 'Vary': 'Accept-Encoding', 'Content-Encoding': 'gzip', 'CF-Cache-Status': 'DYNAMIC', 'Report-To': '{"endpoints":[{"url":"https:\\/\\/a.nel.cloudflare.com\\/report\\/v4?s=hVFgElrx2L4VKGNKDEEEKM22nzGy76Sl15UiJkC%2Fm5wpSvLlvpFRaiHT%2FQU53sH4fQRjfLDaHXAhR%2B4xASAmXbn%2FBKtNYWWQztarlYqw%2BHZKe899FYYBjhK4c8evuvOS"}],"group":"cf-nel","max_age":604800}', 'NEL': '{"success_fraction":0,"report_to":"cf-nel","max_age":604800}', 'Server': 'cloudflare', 'CF-RAY': '871b1863fc397d5f-LAX', 'alt-svc': 'h3=":443"; ma=86400'} 
 body={"results":[{"gender":"female","name":{"title":"Miss","first":"Nerea","last":"González"},"location":{"street":{"number":9434,"name":"Calle de Toledo"},"city":"Oviedo","state":"Cantabria","country":"Spain","postcode":24999,"coordinates":{"latitude":"-32.1397","longitude":"94.8524"},"timezone":{"offset":"-3:30","description":"Newfoundland"}},"email":"nerea.gonzalez@example.com","login":{"uuid":"b515faa4-2813-494f-9e83-d52684381ffc","username":"bluesnake434","password":"lickit","salt":"FemKt8Y3","md5":"8bb80c481a852b10b39d5d47a0df999b","sha1":"9be84f8da39f941c9165220df3c7ce75ca6a833c","sha256":"e85af7bbed1577460302b10996d4e654a4d8a462802c153bfe655a73c260e146"},"dob":{"date":"1952-05-23T04:52:17.745Z","age":71},"registered":{"date":"2009-10-23T03:43:37.241Z","age":14},"phone":"922-519-988","cell":"675-545-192","id":{"name":"DNI","value":"17375944-Y"},"picture":{"large":"https://randomuser.me/api/portraits/women/49.jpg","medium":"https://randomuser.me/api/portraits/med/women/49.jpg","thumbnail":"https://randomuser.me/api/portraits/thumb/women/49.jpg"},"nat":"ES"}],"info":{"seed":"7eb0f487fc21bc50","results":1,"page":1,"version":"1.4"}} 
 </msg>
<msg time="2024-04-09T14:13:00.259409" level="INFO">/opt/hostedtoolcache/Python/3.12.2/x64/lib/python3.12/site-packages/urllib3/connectionpool.py:1103: InsecureRequestWarning: Unverified HTTPS request is being made to host 'randomuser.me'. Adding certificate verification is strongly advised. See: https://urllib3.readthedocs.io/en/latest/advanced-usage.html#tls-warnings
  warnings.warn(</msg>
<msg time="2024-04-09T14:13:00.259567" level="INFO">${response} = &lt;Response [200]&gt;</msg>
<var>${response}</var>
<arg>consultarAPI</arg>
<arg>/api</arg>
<doc>Sends a GET request on a previously created HTTP Session.</doc>
<status status="PASS" start="2024-04-09T14:12:59.991059" elapsed="0.268551"/>
</kw>
<kw name="Should Be Equal As Numbers" owner="BuiltIn">
<msg time="2024-04-09T14:13:00.260577" level="INFO">Argument types are:
&lt;class 'int'&gt;
&lt;class 'str'&gt;</msg>
<arg>${response.status_code}</arg>
<arg>200</arg>
<doc>Fails if objects are unequal after converting them to real numbers.</doc>
<status status="PASS" start="2024-04-09T14:13:00.260119" elapsed="0.000522"/>
</kw>
<kw name="Log" owner="BuiltIn">
<msg time="2024-04-09T14:13:00.261311" level="INFO">200</msg>
<arg>${response.status_code}</arg>
<doc>Logs the given message with the given level.</doc>
<status status="PASS" start="2024-04-09T14:13:00.260960" elapsed="0.000393"/>
</kw>
<kw name="Set Variable" owner="BuiltIn">
<msg time="2024-04-09T14:13:00.262128" level="INFO">${json_data} = {'results': [{'gender': 'female', 'name': {'title': 'Miss', 'first': 'Nerea', 'last': 'González'}, 'location': {'street': {'number': 9434, 'name': 'Calle de Toledo'}, 'city': 'Oviedo', 'state': 'Canta...</msg>
<var>${json_data}</var>
<arg>${response.json()}</arg>
<doc>Returns the given values which can then be assigned to a variables.</doc>
<status status="PASS" start="2024-04-09T14:13:00.261691" elapsed="0.000466"/>
</kw>
<kw name="Dictionary Should Contain Key" owner="Collections">
<msg time="2024-04-09T14:13:00.262658" level="INFO">False</msg>
<arg>${json_data}</arg>
<arg>results</arg>
<doc>Fails if ``key`` is not found from ``dictionary``.</doc>
<status status="PASS" start="2024-04-09T14:13:00.262460" elapsed="0.000236"/>
</kw>
<status status="PASS" start="2024-04-09T14:12:59.990810" elapsed="0.272149"/>
</kw>
<doc>Testa se a API responde corretamente e retorna um objeto JSON válido.</doc>
<tag>testeRequisicaoBasica</tag>
<status status="PASS" start="2024-04-09T14:12:59.990224" elapsed="0.272923"/>
</test>
<test id="s1-s1-t3" name="Validar estrutura de resposta" line="22">
<kw name="Teste de Estrutura de Resposta" owner="random-user-service">
<kw name="GET On Session" owner="RequestsLibrary">
<msg time="2024-04-09T14:13:00.361851" level="INFO">GET Request : url=https://randomuser.me/api 
 path_url=/api 
 headers={'User-Agent': 'python-requests/2.31.0', 'Accept-Encoding': 'gzip, deflate', 'Accept': '*/*', 'Connection': 'keep-alive'} 
 body=None 
 </msg>
<msg time="2024-04-09T14:13:00.361957" level="INFO">GET Response : url=https://randomuser.me/api 
 status=200, reason=OK 
 headers={'Date': 'Tue, 09 Apr 2024 14:13:00 GMT', 'Content-Type': 'application/json; charset=utf-8', 'Transfer-Encoding': 'chunked', 'Connection': 'keep-alive', 'X-Powered-By': 'Express', 'Access-Control-Allow-Origin': '*', 'Cache-Control': 'no-cache', 'ETag': 'W/"48d-taqFXmj+kT332pR/LIlGIwKoVG4"', 'Vary': 'Accept-Encoding', 'Content-Encoding': 'gzip', 'CF-Cache-Status': 'DYNAMIC', 'Report-To': '{"endpoints":[{"url":"https:\\/\\/a.nel.cloudflare.com\\/report\\/v4?s=xYie%2BnZeSb%2FtRDKLCjIJ2EZXXJ3H9bwSXqf3oWmF6D7rAgYhVAYklX9gvbmH8TdAS1Tn%2FI%2FfGNbLgozUPJ54EPPdfPZ0EY9en5t0WG95g81qRD5eA5%2B83Ah0LUc5iOYC"}],"group":"cf-nel","max_age":604800}', 'NEL': '{"success_fraction":0,"report_to":"cf-nel","max_age":604800}', 'Server': 'cloudflare', 'CF-RAY': '871b1864acc97d5f-LAX', 'alt-svc': 'h3=":443"; ma=86400'} 
 body={"results":[{"gender":"female","name":{"title":"Mrs","first":"Avgusta","last":"Gisem"},"location":{"street":{"number":2046,"name":"Darvina"},"city":"Tarashcha","state":"Dnipropetrovska","country":"Ukraine","postcode":37755,"coordinates":{"latitude":"74.9531","longitude":"45.1383"},"timezone":{"offset":"+9:00","description":"Tokyo, Seoul, Osaka, Sapporo, Yakutsk"}},"email":"avgusta.gisem@example.com","login":{"uuid":"027e34d2-4bfd-4d44-b6ce-e91cecc492c1","username":"whiteswan654","password":"sable","salt":"T921qqEA","md5":"ea11dd4e9fe509a8b045dc12a8f40fbb","sha1":"b25a595ebbbae9ae34971ef8e06ddba47927973e","sha256":"14b088bae71f4f72eb8e4f0f6c29146a21db75e77fcaa69fa3866eebed81c7f7"},"dob":{"date":"1948-12-10T07:36:57.607Z","age":75},"registered":{"date":"2017-05-22T03:46:47.468Z","age":6},"phone":"(098) U25-1708","cell":"(097) H94-6955","id":{"name":"","value":null},"picture":{"large":"https://randomuser.me/api/portraits/women/88.jpg","medium":"https://randomuser.me/api/portraits/med/women/88.jpg","thumbnail":"https://randomuser.me/api/portraits/thumb/women/88.jpg"},"nat":"UA"}],"info":{"seed":"2ed362ade423b740","results":1,"page":1,"version":"1.4"}} 
 </msg>
<msg time="2024-04-09T14:13:00.362116" level="INFO">/opt/hostedtoolcache/Python/3.12.2/x64/lib/python3.12/site-packages/urllib3/connectionpool.py:1103: InsecureRequestWarning: Unverified HTTPS request is being made to host 'randomuser.me'. Adding certificate verification is strongly advised. See: https://urllib3.readthedocs.io/en/latest/advanced-usage.html#tls-warnings
  warnings.warn(</msg>
<msg time="2024-04-09T14:13:00.362286" level="INFO">${response} = &lt;Response [200]&gt;</msg>
<var>${response}</var>
<arg>consultarAPI</arg>
<arg>/api</arg>
<doc>Sends a GET request on a previously created HTTP Session.</doc>
<status status="PASS" start="2024-04-09T14:13:00.265953" elapsed="0.096388"/>
</kw>
<kw name="Set Variable" owner="BuiltIn">
<msg time="2024-04-09T14:13:00.363361" level="INFO">${json_data} = {'results': [{'gender': 'female', 'name': {'title': 'Mrs', 'first': 'Avgusta', 'last': 'Gisem'}, 'location': {'street': {'number': 2046, 'name': 'Darvina'}, 'city': 'Tarashcha', 'state': 'Dnipropetrov...</msg>
<var>${json_data}</var>
<arg>${response.json()}</arg>
<doc>Returns the given values which can then be assigned to a variables.</doc>
<status status="PASS" start="2024-04-09T14:13:00.362868" elapsed="0.000522"/>
</kw>
<kw name="Log" owner="BuiltIn">
<msg time="2024-04-09T14:13:00.363854" level="INFO">{'results': [{'gender': 'female', 'name': {'title': 'Mrs', 'first': 'Avgusta', 'last': 'Gisem'}, 'location': {'street': {'number': 2046, 'name': 'Darvina'}, 'city': 'Tarashcha', 'state': 'Dnipropetrovska', 'country': 'Ukraine', 'postcode': 37755, 'coordinates': {'latitude': '74.9531', 'longitude': '45.1383'}, 'timezone': {'offset': '+9:00', 'description': 'Tokyo, Seoul, Osaka, Sapporo, Yakutsk'}}, 'email': 'avgusta.gisem@example.com', 'login': {'uuid': '027e34d2-4bfd-4d44-b6ce-e91cecc492c1', 'username': 'whiteswan654', 'password': 'sable', 'salt': 'T921qqEA', 'md5': 'ea11dd4e9fe509a8b045dc12a8f40fbb', 'sha1': 'b25a595ebbbae9ae34971ef8e06ddba47927973e', 'sha256': '14b088bae71f4f72eb8e4f0f6c29146a21db75e77fcaa69fa3866eebed81c7f7'}, 'dob': {'date': '1948-12-10T07:36:57.607Z', 'age': 75}, 'registered': {'date': '2017-05-22T03:46:47.468Z', 'age': 6}, 'phone': '(098) U25-1708', 'cell': '(097) H94-6955', 'id': {'name': '', 'value': None}, 'picture': {'large': 'https://randomuser.me/api/portraits/women/88.jpg', 'medium': 'https://randomuser.me/api/portraits/med/women/88.jpg', 'thumbnail': 'https://randomuser.me/api/portraits/thumb/women/88.jpg'}, 'nat': 'UA'}], 'info': {'seed': '2ed362ade423b740', 'results': 1, 'page': 1, 'version': '1.4'}}</msg>
<arg>${json_data}</arg>
<doc>Logs the given message with the given level.</doc>
<status status="PASS" start="2024-04-09T14:13:00.363696" elapsed="0.000204"/>
</kw>
<kw name="Dictionary Should Contain Key" owner="Collections">
<msg time="2024-04-09T14:13:00.364356" level="INFO">False</msg>
<arg>${json_data}</arg>
<arg>results</arg>
<doc>Fails if ``key`` is not found from ``dictionary``.</doc>
<status status="PASS" start="2024-04-09T14:13:00.364200" elapsed="0.000194"/>
</kw>
<kw name="Should Not Be Empty" owner="BuiltIn">
<msg time="2024-04-09T14:13:00.364821" level="INFO">Length is 2.</msg>
<arg>${json_data}</arg>
<doc>Verifies that the given item is not empty.</doc>
<status status="PASS" start="2024-04-09T14:13:00.364688" elapsed="0.000170"/>
</kw>
<kw name="Create List" owner="BuiltIn">
<msg time="2024-04-09T14:13:00.365293" level="INFO">${expected_keys} = ['gender', 'name', 'location', 'email', 'login']</msg>
<var>${expected_keys}</var>
<arg>gender</arg>
<arg>name</arg>
<arg>location</arg>
<arg>email</arg>
<arg>login</arg>
<doc>Returns a list containing given items.</doc>
<status status="PASS" start="2024-04-09T14:13:00.365147" elapsed="0.000170"/>
</kw>
<for flavor="IN">
<iter>
<kw name="Dictionary Should Contain Key" owner="Collections">
<msg time="2024-04-09T14:13:00.366300" level="INFO">False</msg>
<arg>${json_data['results'][0]}</arg>
<arg>${key}</arg>
<doc>Fails if ``key`` is not found from ``dictionary``.</doc>
<status status="PASS" start="2024-04-09T14:13:00.365892" elapsed="0.000447"/>
</kw>
<kw name="Log" owner="BuiltIn">
<msg time="2024-04-09T14:13:00.367043" level="INFO">{'gender': 'female', 'name': {'title': 'Mrs', 'first': 'Avgusta', 'last': 'Gisem'}, 'location': {'street': {'number': 2046, 'name': 'Darvina'}, 'city': 'Tarashcha', 'state': 'Dnipropetrovska', 'country': 'Ukraine', 'postcode': 37755, 'coordinates': {'latitude': '74.9531', 'longitude': '45.1383'}, 'timezone': {'offset': '+9:00', 'description': 'Tokyo, Seoul, Osaka, Sapporo, Yakutsk'}}, 'email': 'avgusta.gisem@example.com', 'login': {'uuid': '027e34d2-4bfd-4d44-b6ce-e91cecc492c1', 'username': 'whiteswan654', 'password': 'sable', 'salt': 'T921qqEA', 'md5': 'ea11dd4e9fe509a8b045dc12a8f40fbb', 'sha1': 'b25a595ebbbae9ae34971ef8e06ddba47927973e', 'sha256': '14b088bae71f4f72eb8e4f0f6c29146a21db75e77fcaa69fa3866eebed81c7f7'}, 'dob': {'date': '1948-12-10T07:36:57.607Z', 'age': 75}, 'registered': {'date': '2017-05-22T03:46:47.468Z', 'age': 6}, 'phone': '(098) U25-1708', 'cell': '(097) H94-6955', 'id': {'name': '', 'value': None}, 'picture': {'large': 'https://randomuser.me/api/portraits/women/88.jpg', 'medium': 'https://randomuser.me/api/portraits/med/women/88.jpg', 'thumbnail': 'https://randomuser.me/api/portraits/thumb/women/88.jpg'}, 'nat': 'UA'}</msg>
<arg>${json_data['results'][0]}</arg>
<doc>Logs the given message with the given level.</doc>
<status status="PASS" start="2024-04-09T14:13:00.366679" elapsed="0.000417"/>
</kw>
<kw name="Log" owner="BuiltIn">
<msg time="2024-04-09T14:13:00.367525" level="INFO">gender</msg>
<arg>${key}</arg>
<doc>Logs the given message with the given level.</doc>
<status status="PASS" start="2024-04-09T14:13:00.367394" elapsed="0.000168"/>
</kw>
<var name="${key}">gender</var>
<status status="PASS" start="2024-04-09T14:13:00.365762" elapsed="0.002018"/>
</iter>
<iter>
<kw name="Dictionary Should Contain Key" owner="Collections">
<msg time="2024-04-09T14:13:00.368473" level="INFO">False</msg>
<arg>${json_data['results'][0]}</arg>
<arg>${key}</arg>
<doc>Fails if ``key`` is not found from ``dictionary``.</doc>
<status status="PASS" start="2024-04-09T14:13:00.368081" elapsed="0.000430"/>
</kw>
<kw name="Log" owner="BuiltIn">
<msg time="2024-04-09T14:13:00.369196" level="INFO">{'gender': 'female', 'name': {'title': 'Mrs', 'first': 'Avgusta', 'last': 'Gisem'}, 'location': {'street': {'number': 2046, 'name': 'Darvina'}, 'city': 'Tarashcha', 'state': 'Dnipropetrovska', 'country': 'Ukraine', 'postcode': 37755, 'coordinates': {'latitude': '74.9531', 'longitude': '45.1383'}, 'timezone': {'offset': '+9:00', 'description': 'Tokyo, Seoul, Osaka, Sapporo, Yakutsk'}}, 'email': 'avgusta.gisem@example.com', 'login': {'uuid': '027e34d2-4bfd-4d44-b6ce-e91cecc492c1', 'username': 'whiteswan654', 'password': 'sable', 'salt': 'T921qqEA', 'md5': 'ea11dd4e9fe509a8b045dc12a8f40fbb', 'sha1': 'b25a595ebbbae9ae34971ef8e06ddba47927973e', 'sha256': '14b088bae71f4f72eb8e4f0f6c29146a21db75e77fcaa69fa3866eebed81c7f7'}, 'dob': {'date': '1948-12-10T07:36:57.607Z', 'age': 75}, 'registered': {'date': '2017-05-22T03:46:47.468Z', 'age': 6}, 'phone': '(098) U25-1708', 'cell': '(097) H94-6955', 'id': {'name': '', 'value': None}, 'picture': {'large': 'https://randomuser.me/api/portraits/women/88.jpg', 'medium': 'https://randomuser.me/api/portraits/med/women/88.jpg', 'thumbnail': 'https://randomuser.me/api/portraits/thumb/women/88.jpg'}, 'nat': 'UA'}</msg>
<arg>${json_data['results'][0]}</arg>
<doc>Logs the given message with the given level.</doc>
<status status="PASS" start="2024-04-09T14:13:00.368836" elapsed="0.000407"/>
</kw>
<kw name="Log" owner="BuiltIn">
<msg time="2024-04-09T14:13:00.369680" level="INFO">name</msg>
<arg>${key}</arg>
<doc>Logs the given message with the given level.</doc>
<status status="PASS" start="2024-04-09T14:13:00.369553" elapsed="0.000164"/>
</kw>
<var name="${key}">name</var>
<status status="PASS" start="2024-04-09T14:13:00.367967" elapsed="0.001965"/>
</iter>
<iter>
<kw name="Dictionary Should Contain Key" owner="Collections">
<msg time="2024-04-09T14:13:00.370619" level="INFO">False</msg>
<arg>${json_data['results'][0]}</arg>
<arg>${key}</arg>
<doc>Fails if ``key`` is not found from ``dictionary``.</doc>
<status status="PASS" start="2024-04-09T14:13:00.370218" elapsed="0.000439"/>
</kw>
<kw name="Log" owner="BuiltIn">
<msg time="2024-04-09T14:13:00.371313" level="INFO">{'gender': 'female', 'name': {'title': 'Mrs', 'first': 'Avgusta', 'last': 'Gisem'}, 'location': {'street': {'number': 2046, 'name': 'Darvina'}, 'city': 'Tarashcha', 'state': 'Dnipropetrovska', 'country': 'Ukraine', 'postcode': 37755, 'coordinates': {'latitude': '74.9531', 'longitude': '45.1383'}, 'timezone': {'offset': '+9:00', 'description': 'Tokyo, Seoul, Osaka, Sapporo, Yakutsk'}}, 'email': 'avgusta.gisem@example.com', 'login': {'uuid': '027e34d2-4bfd-4d44-b6ce-e91cecc492c1', 'username': 'whiteswan654', 'password': 'sable', 'salt': 'T921qqEA', 'md5': 'ea11dd4e9fe509a8b045dc12a8f40fbb', 'sha1': 'b25a595ebbbae9ae34971ef8e06ddba47927973e', 'sha256': '14b088bae71f4f72eb8e4f0f6c29146a21db75e77fcaa69fa3866eebed81c7f7'}, 'dob': {'date': '1948-12-10T07:36:57.607Z', 'age': 75}, 'registered': {'date': '2017-05-22T03:46:47.468Z', 'age': 6}, 'phone': '(098) U25-1708', 'cell': '(097) H94-6955', 'id': {'name': '', 'value': None}, 'picture': {'large': 'https://randomuser.me/api/portraits/women/88.jpg', 'medium': 'https://randomuser.me/api/portraits/med/women/88.jpg', 'thumbnail': 'https://randomuser.me/api/portraits/thumb/women/88.jpg'}, 'nat': 'UA'}</msg>
<arg>${json_data['results'][0]}</arg>
<doc>Logs the given message with the given level.</doc>
<status status="PASS" start="2024-04-09T14:13:00.370954" elapsed="0.000409"/>
</kw>
<kw name="Log" owner="BuiltIn">
<msg time="2024-04-09T14:13:00.371782" level="INFO">location</msg>
<arg>${key}</arg>
<doc>Logs the given message with the given level.</doc>
<status status="PASS" start="2024-04-09T14:13:00.371656" elapsed="0.000164"/>
</kw>
<var name="${key}">location</var>
<status status="PASS" start="2024-04-09T14:13:00.370108" elapsed="0.001923"/>
</iter>
<iter>
<kw name="Dictionary Should Contain Key" owner="Collections">
<msg time="2024-04-09T14:13:00.372685" level="INFO">False</msg>
<arg>${json_data['results'][0]}</arg>
<arg>${key}</arg>
<doc>Fails if ``key`` is not found from ``dictionary``.</doc>
<status status="PASS" start="2024-04-09T14:13:00.372312" elapsed="0.000411"/>
</kw>
<kw name="Log" owner="BuiltIn">
<msg time="2024-04-09T14:13:00.373370" level="INFO">{'gender': 'female', 'name': {'title': 'Mrs', 'first': 'Avgusta', 'last': 'Gisem'}, 'location': {'street': {'number': 2046, 'name': 'Darvina'}, 'city': 'Tarashcha', 'state': 'Dnipropetrovska', 'country': 'Ukraine', 'postcode': 37755, 'coordinates': {'latitude': '74.9531', 'longitude': '45.1383'}, 'timezone': {'offset': '+9:00', 'description': 'Tokyo, Seoul, Osaka, Sapporo, Yakutsk'}}, 'email': 'avgusta.gisem@example.com', 'login': {'uuid': '027e34d2-4bfd-4d44-b6ce-e91cecc492c1', 'username': 'whiteswan654', 'password': 'sable', 'salt': 'T921qqEA', 'md5': 'ea11dd4e9fe509a8b045dc12a8f40fbb', 'sha1': 'b25a595ebbbae9ae34971ef8e06ddba47927973e', 'sha256': '14b088bae71f4f72eb8e4f0f6c29146a21db75e77fcaa69fa3866eebed81c7f7'}, 'dob': {'date': '1948-12-10T07:36:57.607Z', 'age': 75}, 'registered': {'date': '2017-05-22T03:46:47.468Z', 'age': 6}, 'phone': '(098) U25-1708', 'cell': '(097) H94-6955', 'id': {'name': '', 'value': None}, 'picture': {'large': 'https://randomuser.me/api/portraits/women/88.jpg', 'medium': 'https://randomuser.me/api/portraits/med/women/88.jpg', 'thumbnail': 'https://randomuser.me/api/portraits/thumb/women/88.jpg'}, 'nat': 'UA'}</msg>
<arg>${json_data['results'][0]}</arg>
<doc>Logs the given message with the given level.</doc>
<status status="PASS" start="2024-04-09T14:13:00.373016" elapsed="0.000401"/>
</kw>
<kw name="Log" owner="BuiltIn">
<msg time="2024-04-09T14:13:00.373851" level="INFO">email</msg>
<arg>${key}</arg>
<doc>Logs the given message with the given level.</doc>
<status status="PASS" start="2024-04-09T14:13:00.373712" elapsed="0.000176"/>
</kw>
<var name="${key}">email</var>
<status status="PASS" start="2024-04-09T14:13:00.372203" elapsed="0.001901"/>
</iter>
<iter>
<kw name="Dictionary Should Contain Key" owner="Collections">
<msg time="2024-04-09T14:13:00.374787" level="INFO">False</msg>
<arg>${json_data['results'][0]}</arg>
<arg>${key}</arg>
<doc>Fails if ``key`` is not found from ``dictionary``.</doc>
<status status="PASS" start="2024-04-09T14:13:00.374384" elapsed="0.000440"/>
</kw>
<kw name="Log" owner="BuiltIn">
<msg time="2024-04-09T14:13:00.375475" level="INFO">{'gender': 'female', 'name': {'title': 'Mrs', 'first': 'Avgusta', 'last': 'Gisem'}, 'location': {'street': {'number': 2046, 'name': 'Darvina'}, 'city': 'Tarashcha', 'state': 'Dnipropetrovska', 'country': 'Ukraine', 'postcode': 37755, 'coordinates': {'latitude': '74.9531', 'longitude': '45.1383'}, 'timezone': {'offset': '+9:00', 'description': 'Tokyo, Seoul, Osaka, Sapporo, Yakutsk'}}, 'email': 'avgusta.gisem@example.com', 'login': {'uuid': '027e34d2-4bfd-4d44-b6ce-e91cecc492c1', 'username': 'whiteswan654', 'password': 'sable', 'salt': 'T921qqEA', 'md5': 'ea11dd4e9fe509a8b045dc12a8f40fbb', 'sha1': 'b25a595ebbbae9ae34971ef8e06ddba47927973e', 'sha256': '14b088bae71f4f72eb8e4f0f6c29146a21db75e77fcaa69fa3866eebed81c7f7'}, 'dob': {'date': '1948-12-10T07:36:57.607Z', 'age': 75}, 'registered': {'date': '2017-05-22T03:46:47.468Z', 'age': 6}, 'phone': '(098) U25-1708', 'cell': '(097) H94-6955', 'id': {'name': '', 'value': None}, 'picture': {'large': 'https://randomuser.me/api/portraits/women/88.jpg', 'medium': 'https://randomuser.me/api/portraits/med/women/88.jpg', 'thumbnail': 'https://randomuser.me/api/portraits/thumb/women/88.jpg'}, 'nat': 'UA'}</msg>
<arg>${json_data['results'][0]}</arg>
<doc>Logs the given message with the given level.</doc>
<status status="PASS" start="2024-04-09T14:13:00.375114" elapsed="0.000407"/>
</kw>
<kw name="Log" owner="BuiltIn">
<msg time="2024-04-09T14:13:00.375946" level="INFO">login</msg>
<arg>${key}</arg>
<doc>Logs the given message with the given level.</doc>
<status status="PASS" start="2024-04-09T14:13:00.375819" elapsed="0.000169"/>
</kw>
<var name="${key}">login</var>
<status status="PASS" start="2024-04-09T14:13:00.374274" elapsed="0.001954"/>
</iter>
<var>${key}</var>
<value>@{expected_keys}</value>
<status status="PASS" start="2024-04-09T14:13:00.365574" elapsed="0.010780"/>
</for>
<kw name="Create List" owner="BuiltIn">
<msg time="2024-04-09T14:13:00.376679" level="INFO">${expected_keysTwo} = ['username', 'password']</msg>
<var>${expected_keysTwo}</var>
<arg>username</arg>
<arg>password</arg>
<doc>Returns a list containing given items.</doc>
<status status="PASS" start="2024-04-09T14:13:00.376543" elapsed="0.000159"/>
</kw>
<for flavor="IN">
<iter>
<kw name="Dictionary Should Contain Key" owner="Collections">
<msg time="2024-04-09T14:13:00.377706" level="INFO">False</msg>
<arg>${json_data['results'][0]['login']}</arg>
<arg>${keyTwo}</arg>
<doc>Fails if ``key`` is not found from ``dictionary``.</doc>
<status status="PASS" start="2024-04-09T14:13:00.377322" elapsed="0.000421"/>
</kw>
<kw name="Dictionary Should Contain Key" owner="Collections">
<msg time="2024-04-09T14:13:00.378417" level="INFO">False</msg>
<arg>${json_data['results'][0]['login']}</arg>
<arg>${keyTwo}</arg>
<doc>Fails if ``key`` is not found from ``dictionary``.</doc>
<status status="PASS" start="2024-04-09T14:13:00.378037" elapsed="0.000416"/>
</kw>
<kw name="Log" owner="BuiltIn">
<msg time="2024-04-09T14:13:00.378919" level="INFO">username</msg>
<arg>${keyTwo}</arg>
<doc>Logs the given message with the given level.</doc>
<status status="PASS" start="2024-04-09T14:13:00.378792" elapsed="0.000164"/>
</kw>
<var name="${keyTwo}">username</var>
<status status="PASS" start="2024-04-09T14:13:00.377209" elapsed="0.001960"/>
</iter>
<iter>
<kw name="Dictionary Should Contain Key" owner="Collections">
<msg time="2024-04-09T14:13:00.379826" level="INFO">False</msg>
<arg>${json_data['results'][0]['login']}</arg>
<arg>${keyTwo}</arg>
<doc>Fails if ``key`` is not found from ``dictionary``.</doc>
<status status="PASS" start="2024-04-09T14:13:00.379449" elapsed="0.000414"/>
</kw>
<kw name="Dictionary Should Contain Key" owner="Collections">
<msg time="2024-04-09T14:13:00.380527" level="INFO">False</msg>
<arg>${json_data['results'][0]['login']}</arg>
<arg>${keyTwo}</arg>
<doc>Fails if ``key`` is not found from ``dictionary``.</doc>
<status status="PASS" start="2024-04-09T14:13:00.380153" elapsed="0.000411"/>
</kw>
<kw name="Log" owner="BuiltIn">
<msg time="2024-04-09T14:13:00.380977" level="INFO">password</msg>
<arg>${keyTwo}</arg>
<doc>Logs the given message with the given level.</doc>
<status status="PASS" start="2024-04-09T14:13:00.380852" elapsed="0.000162"/>
</kw>
<var name="${keyTwo}">password</var>
<status status="PASS" start="2024-04-09T14:13:00.379341" elapsed="0.001885"/>
</iter>
<var>${keyTwo}</var>
<value>@{expected_keysTwo}</value>
<status status="PASS" start="2024-04-09T14:13:00.376951" elapsed="0.004395"/>
</for>
<status status="PASS" start="2024-04-09T14:13:00.265720" elapsed="0.115767"/>
</kw>
<doc>Testa a estrutura da resposta da API.</doc>
<tag>testeEstruturaResposta</tag>
<status status="PASS" start="2024-04-09T14:13:00.265003" elapsed="0.116645"/>
</test>
<test id="s1-s1-t4" name="Validar tipos de dados" line="28">
<kw name="Teste de Tipos de Dados" owner="random-user-service">
<kw name="GET On Session" owner="RequestsLibrary">
<msg time="2024-04-09T14:13:01.628276" level="INFO">GET Request : url=https://randomuser.me/api 
 path_url=/api 
 headers={'User-Agent': 'python-requests/2.31.0', 'Accept-Encoding': 'gzip, deflate', 'Accept': '*/*', 'Connection': 'keep-alive'} 
 body=None 
 </msg>
<msg time="2024-04-09T14:13:01.628385" level="INFO">GET Response : url=https://randomuser.me/api 
 status=200, reason=OK 
 headers={'Date': 'Tue, 09 Apr 2024 14:13:01 GMT', 'Content-Type': 'application/json; charset=utf-8', 'Transfer-Encoding': 'chunked', 'Connection': 'keep-alive', 'X-Powered-By': 'Express', 'Access-Control-Allow-Origin': '*', 'Cache-Control': 'no-cache', 'ETag': 'W/"4a6-0FBbW0wXMtIz+MoMspAfonK6voY"', 'Vary': 'Accept-Encoding', 'Content-Encoding': 'gzip', 'CF-Cache-Status': 'DYNAMIC', 'Report-To': '{"endpoints":[{"url":"https:\\/\\/a.nel.cloudflare.com\\/report\\/v4?s=iu1vpXL9bWnidrivnCLMcU05Pc6%2BHoMuUkB358dVnK915wKclxQVQZ2h%2BXYbkLcqmp29aSaRH8qspnXgnhW4%2FrO6ZC1xRBwtInWWiI1eJUmEcGvQnkfDuAIh69ZBxEl8"}],"group":"cf-nel","max_age":604800}', 'NEL': '{"success_fraction":0,"report_to":"cf-nel","max_age":604800}', 'Server': 'cloudflare', 'CF-RAY': '871b18656d787d5f-LAX', 'alt-svc': 'h3=":443"; ma=86400'} 
 body={"results":[{"gender":"female","name":{"title":"Ms","first":"Patricia","last":"Meyer"},"location":{"street":{"number":7781,"name":"Brick Kiln Road"},"city":"Bath","state":"Devon","country":"United Kingdom","postcode":"MK8N 2QW","coordinates":{"latitude":"-6.2841","longitude":"153.2969"},"timezone":{"offset":"-5:00","description":"Eastern Time (US &amp; Canada), Bogota, Lima"}},"email":"patricia.meyer@example.com","login":{"uuid":"c9b3c104-6da1-4585-9dea-349cd9f224f7","username":"redelephant358","password":"toshiba","salt":"1MfvHwvZ","md5":"f79b52df4ffdef35639b09c39a288174","sha1":"0db3185091a99ee4b313652b4c9fde160a6c2534","sha256":"34a20ac2b7bd97bba9298eccee4449fd00bfc879479d3f9fdc4a537b358c18c1"},"dob":{"date":"1978-10-23T07:17:44.249Z","age":45},"registered":{"date":"2018-07-01T04:28:44.137Z","age":5},"phone":"017683 50718","cell":"07886 825264","id":{"name":"NINO","value":"CP 83 25 49 V"},"picture":{"large":"https://randomuser.me/api/portraits/women/79.jpg","medium":"https://randomuser.me/api/portraits/med/women/79.jpg","thumbnail":"https://randomuser.me/api/portraits/thumb/women/79.jpg"},"nat":"GB"}],"info":{"seed":"ad06af97e7d54e74","results":1,"page":1,"version":"1.4"}} 
 </msg>
<msg time="2024-04-09T14:13:01.628466" level="INFO">/opt/hostedtoolcache/Python/3.12.2/x64/lib/python3.12/site-packages/urllib3/connectionpool.py:1103: InsecureRequestWarning: Unverified HTTPS request is being made to host 'randomuser.me'. Adding certificate verification is strongly advised. See: https://urllib3.readthedocs.io/en/latest/advanced-usage.html#tls-warnings
  warnings.warn(</msg>
<msg time="2024-04-09T14:13:01.628602" level="INFO">${response} = &lt;Response [200]&gt;</msg>
<var>${response}</var>
<arg>consultarAPI</arg>
<arg>/api</arg>
<doc>Sends a GET request on a previously created HTTP Session.</doc>
<status status="PASS" start="2024-04-09T14:13:00.384294" elapsed="1.244380"/>
</kw>
<kw name="Set Variable" owner="BuiltIn">
<msg time="2024-04-09T14:13:01.629708" level="INFO">${json_data} = {'results': [{'gender': 'female', 'name': {'title': 'Ms', 'first': 'Patricia', 'last': 'Meyer'}, 'location': {'street': {'number': 7781, 'name': 'Brick Kiln Road'}, 'city': 'Bath', 'state': 'Devon', '...</msg>
<var>${json_data}</var>
<arg>${response.json()}</arg>
<doc>Returns the given values which can then be assigned to a variables.</doc>
<status status="PASS" start="2024-04-09T14:13:01.629194" elapsed="0.000543"/>
</kw>
<kw name="Log" owner="BuiltIn">
<msg time="2024-04-09T14:13:01.630209" level="INFO">{'results': [{'gender': 'female', 'name': {'title': 'Ms', 'first': 'Patricia', 'last': 'Meyer'}, 'location': {'street': {'number': 7781, 'name': 'Brick Kiln Road'}, 'city': 'Bath', 'state': 'Devon', 'country': 'United Kingdom', 'postcode': 'MK8N 2QW', 'coordinates': {'latitude': '-6.2841', 'longitude': '153.2969'}, 'timezone': {'offset': '-5:00', 'description': 'Eastern Time (US &amp; Canada), Bogota, Lima'}}, 'email': 'patricia.meyer@example.com', 'login': {'uuid': 'c9b3c104-6da1-4585-9dea-349cd9f224f7', 'username': 'redelephant358', 'password': 'toshiba', 'salt': '1MfvHwvZ', 'md5': 'f79b52df4ffdef35639b09c39a288174', 'sha1': '0db3185091a99ee4b313652b4c9fde160a6c2534', 'sha256': '34a20ac2b7bd97bba9298eccee4449fd00bfc879479d3f9fdc4a537b358c18c1'}, 'dob': {'date': '1978-10-23T07:17:44.249Z', 'age': 45}, 'registered': {'date': '2018-07-01T04:28:44.137Z', 'age': 5}, 'phone': '017683 50718', 'cell': '07886 825264', 'id': {'name': 'NINO', 'value': 'CP 83 25 49 V'}, 'picture': {'large': 'https://randomuser.me/api/portraits/women/79.jpg', 'medium': 'https://randomuser.me/api/portraits/med/women/79.jpg', 'thumbnail': 'https://randomuser.me/api/portraits/thumb/women/79.jpg'}, 'nat': 'GB'}], 'info': {'seed': 'ad06af97e7d54e74', 'results': 1, 'page': 1, 'version': '1.4'}}</msg>
<arg>${json_data}</arg>
<doc>Logs the given message with the given level.</doc>
<status status="PASS" start="2024-04-09T14:13:01.630049" elapsed="0.000246"/>
</kw>
<kw name="Should Be String" owner="String">
<arg>${json_data['results'][0]['gender']}</arg>
<doc>Fails if the given ``item`` is not a string.</doc>
<status status="PASS" start="2024-04-09T14:13:01.630632" elapsed="0.000365"/>
</kw>
<kw name="Should Match Regexp" owner="BuiltIn">
<arg>${json_data['results'][0]['email']}</arg>
<arg>^[a-zA-Z0-9._%+-]+@[a-zA-Z0-9.-]+\.[a-zA-Z]{2,}$</arg>
<doc>Fails if ``string`` does not match ``pattern`` as a regular expression.</doc>
<status status="PASS" start="2024-04-09T14:13:01.631188" elapsed="0.000510"/>
</kw>
<kw name="Should Match Regexp" owner="BuiltIn">
<arg>${json_data['results'][0]['dob']['date']}</arg>
<arg>\\d{4}-\\d{2}-\\d{2}T\\d{2}:\\d{2}:\\d{2}\\.\\d{3}Z</arg>
<doc>Fails if ``string`` does not match ``pattern`` as a regular expression.</doc>
<status status="PASS" start="2024-04-09T14:13:01.631891" elapsed="0.000484"/>
</kw>
<kw name="Should Match Regexp" owner="BuiltIn">
<arg>${json_data['results'][0]['registered']['date']}</arg>
<arg>\\d{4}-\\d{2}-\\d{2}T\\d{2}:\\d{2}:\\d{2}\\.\\d{3}Z</arg>
<doc>Fails if ``string`` does not match ``pattern`` as a regular expression.</doc>
<status status="PASS" start="2024-04-09T14:13:01.632570" elapsed="0.000366"/>
</kw>
<kw name="Should Match Regexp" owner="BuiltIn">
<arg>${json_data['results'][0]['picture']['large']}</arg>
<arg>^https?://.*\.(?:png|jpe?g|gif|bmp)$</arg>
<doc>Fails if ``string`` does not match ``pattern`` as a regular expression.</doc>
<status status="PASS" start="2024-04-09T14:13:01.633120" elapsed="0.000458"/>
</kw>
<kw name="Should Match Regexp" owner="BuiltIn">
<arg>${json_data['results'][0]['picture']['medium']}</arg>
<arg>^https?://.*\.(?:png|jpe?g|gif|bmp)$</arg>
<doc>Fails if ``string`` does not match ``pattern`` as a regular expression.</doc>
<status status="PASS" start="2024-04-09T14:13:01.633763" elapsed="0.000353"/>
</kw>
<kw name="Should Match Regexp" owner="BuiltIn">
<arg>${json_data['results'][0]['picture']['thumbnail']}</arg>
<arg>^https?://.*\.(?:png|jpe?g|gif|bmp)$</arg>
<doc>Fails if ``string`` does not match ``pattern`` as a regular expression.</doc>
<status status="PASS" start="2024-04-09T14:13:01.634297" elapsed="0.000386"/>
</kw>
<kw name="Log" owner="BuiltIn">
<msg time="2024-04-09T14:13:01.635205" level="INFO">{'large': 'https://randomuser.me/api/portraits/women/79.jpg', 'medium': 'https://randomuser.me/api/portraits/med/women/79.jpg', 'thumbnail': 'https://randomuser.me/api/portraits/thumb/women/79.jpg'}</msg>
<arg>${json_data['results'][0]['picture']}</arg>
<doc>Logs the given message with the given level.</doc>
<status status="PASS" start="2024-04-09T14:13:01.634866" elapsed="0.000380"/>
</kw>
<status status="PASS" start="2024-04-09T14:13:00.384055" elapsed="1.251449"/>
</kw>
<kw name="Teste de Tipos de Dados - Postcode" owner="random-user-service">
<kw name="GET On Session" owner="RequestsLibrary">
<msg time="2024-04-09T14:13:02.202093" level="INFO">GET Request : url=https://randomuser.me/api 
 path_url=/api 
 headers={'User-Agent': 'python-requests/2.31.0', 'Accept-Encoding': 'gzip, deflate', 'Accept': '*/*', 'Connection': 'keep-alive'} 
 body=None 
 </msg>
<msg time="2024-04-09T14:13:02.202195" level="INFO">GET Response : url=https://randomuser.me/api 
 status=200, reason=OK 
 headers={'Date': 'Tue, 09 Apr 2024 14:13:02 GMT', 'Content-Type': 'application/json; charset=utf-8', 'Transfer-Encoding': 'chunked', 'Connection': 'keep-alive', 'X-Powered-By': 'Express', 'Access-Control-Allow-Origin': '*', 'Cache-Control': 'no-cache', 'ETag': 'W/"479-tIYLksGzOyY7R30wYNPNdv08u8A"', 'Vary': 'Accept-Encoding', 'Content-Encoding': 'gzip', 'CF-Cache-Status': 'DYNAMIC', 'Report-To': '{"endpoints":[{"url":"https:\\/\\/a.nel.cloudflare.com\\/report\\/v4?s=8P7SpyHa7DLDPR7ANYsfKgBEShj5wnC8Qc66VhygpNJIlRDI0JKHYxxuScIlxO53eJJkHBGOReZcJjkB4CC9sKq%2FDu%2FRiYunJi8eePY1%2BQKS8%2FWBGgxCb13DdDw3obSa"}],"group":"cf-nel","max_age":604800}', 'NEL': '{"success_fraction":0,"report_to":"cf-nel","max_age":604800}', 'Server': 'cloudflare', 'CF-RAY': '871b186d3cfa7d5f-LAX', 'alt-svc': 'h3=":443"; ma=86400'} 
 body={"results":[{"gender":"male","name":{"title":"Mr","first":"Zachary","last":"Rhodes"},"location":{"street":{"number":8870,"name":"Westheimer Rd"},"city":"Bunbury","state":"Tasmania","country":"Australia","postcode":6486,"coordinates":{"latitude":"-86.7633","longitude":"-14.9223"},"timezone":{"offset":"+9:30","description":"Adelaide, Darwin"}},"email":"zachary.rhodes@example.com","login":{"uuid":"fceef3a6-77cb-4a45-bfc0-790a8ee6b0b0","username":"smallbear535","password":"yvonne","salt":"BEUUNqum","md5":"446d855c6da757964fdf07b1b42b889b","sha1":"2795e24dd07f8ce4a8b202d7f797bce0d878bdfa","sha256":"6d722be2e0507e20a259fe52dd8e51953ec2dd9bcbd377ce1e6d2103893fa773"},"dob":{"date":"1979-10-11T12:28:11.391Z","age":44},"registered":{"date":"2003-06-07T04:16:09.218Z","age":20},"phone":"05-8847-0701","cell":"0447-613-545","id":{"name":"TFN","value":"144371667"},"picture":{"large":"https://randomuser.me/api/portraits/men/63.jpg","medium":"https://randomuser.me/api/portraits/med/men/63.jpg","thumbnail":"https://randomuser.me/api/portraits/thumb/men/63.jpg"},"nat":"AU"}],"info":{"seed":"b4d8e9dc31d824a2","results":1,"page":1,"version":"1.4"}} 
 </msg>
<msg time="2024-04-09T14:13:02.202284" level="INFO">/opt/hostedtoolcache/Python/3.12.2/x64/lib/python3.12/site-packages/urllib3/connectionpool.py:1103: InsecureRequestWarning: Unverified HTTPS request is being made to host 'randomuser.me'. Adding certificate verification is strongly advised. See: https://urllib3.readthedocs.io/en/latest/advanced-usage.html#tls-warnings
  warnings.warn(</msg>
<msg time="2024-04-09T14:13:02.202408" level="INFO">${response} = &lt;Response [200]&gt;</msg>
<var>${response}</var>
<arg>consultarAPI</arg>
<arg>/api</arg>
<doc>Sends a GET request on a previously created HTTP Session.</doc>
<status status="PASS" start="2024-04-09T14:13:01.635973" elapsed="0.566473"/>
</kw>
<kw name="Set Variable" owner="BuiltIn">
<msg time="2024-04-09T14:13:02.203547" level="INFO">${json_data} = {'results': [{'gender': 'male', 'name': {'title': 'Mr', 'first': 'Zachary', 'last': 'Rhodes'}, 'location': {'street': {'number': 8870, 'name': 'Westheimer Rd'}, 'city': 'Bunbury', 'state': 'Tasmania',...</msg>
<var>${json_data}</var>
<arg>${response.json()}</arg>
<doc>Returns the given values which can then be assigned to a variables.</doc>
<status status="PASS" start="2024-04-09T14:13:02.203023" elapsed="0.000552"/>
</kw>
<kw name="Log" owner="BuiltIn">
<msg time="2024-04-09T14:13:02.204035" level="INFO">{'results': [{'gender': 'male', 'name': {'title': 'Mr', 'first': 'Zachary', 'last': 'Rhodes'}, 'location': {'street': {'number': 8870, 'name': 'Westheimer Rd'}, 'city': 'Bunbury', 'state': 'Tasmania', 'country': 'Australia', 'postcode': 6486, 'coordinates': {'latitude': '-86.7633', 'longitude': '-14.9223'}, 'timezone': {'offset': '+9:30', 'description': 'Adelaide, Darwin'}}, 'email': 'zachary.rhodes@example.com', 'login': {'uuid': 'fceef3a6-77cb-4a45-bfc0-790a8ee6b0b0', 'username': 'smallbear535', 'password': 'yvonne', 'salt': 'BEUUNqum', 'md5': '446d855c6da757964fdf07b1b42b889b', 'sha1': '2795e24dd07f8ce4a8b202d7f797bce0d878bdfa', 'sha256': '6d722be2e0507e20a259fe52dd8e51953ec2dd9bcbd377ce1e6d2103893fa773'}, 'dob': {'date': '1979-10-11T12:28:11.391Z', 'age': 44}, 'registered': {'date': '2003-06-07T04:16:09.218Z', 'age': 20}, 'phone': '05-8847-0701', 'cell': '0447-613-545', 'id': {'name': 'TFN', 'value': '144371667'}, 'picture': {'large': 'https://randomuser.me/api/portraits/men/63.jpg', 'medium': 'https://randomuser.me/api/portraits/med/men/63.jpg', 'thumbnail': 'https://randomuser.me/api/portraits/thumb/men/63.jpg'}, 'nat': 'AU'}], 'info': {'seed': 'b4d8e9dc31d824a2', 'results': 1, 'page': 1, 'version': '1.4'}}</msg>
<arg>${json_data}</arg>
<doc>Logs the given message with the given level.</doc>
<status status="PASS" start="2024-04-09T14:13:02.203879" elapsed="0.000237"/>
</kw>
<kw name="Should Be Equal As Numbers" owner="BuiltIn">
<arg>${json_data['results'][0]['location']['postcode']}</arg>
<arg>${json_data['results'][0]['location']['postcode']}</arg>
<doc>Fails if objects are unequal after converting them to real numbers.</doc>
<status status="PASS" start="2024-04-09T14:13:02.204417" elapsed="0.000625"/>
</kw>
<kw name="Log" owner="BuiltIn">
<msg time="2024-04-09T14:13:02.205568" level="INFO">6486</msg>
<arg>${json_data['results'][0]['location']['postcode']}</arg>
<doc>Logs the given message with the given level.</doc>
<status status="PASS" start="2024-04-09T14:13:02.205234" elapsed="0.000374"/>
</kw>
<status status="PASS" start="2024-04-09T14:13:01.635733" elapsed="0.570130"/>
</kw>
<doc>Testa se os tipos de dados na resposta da API estão corretos.</doc>
<tag>testeTiposDados</tag>
<status status="PASS" start="2024-04-09T14:13:00.383532" elapsed="1.822506"/>
</test>
<test id="s1-s1-t5" name="Validar conteudo" line="35">
<kw name="Teste de Tipos de Conteudo" owner="random-user-service">
<kw name="GET On Session" owner="RequestsLibrary">
<msg time="2024-04-09T14:13:02.350091" level="INFO">GET Request : url=https://randomuser.me/api 
 path_url=/api 
 headers={'User-Agent': 'python-requests/2.31.0', 'Accept-Encoding': 'gzip, deflate', 'Accept': '*/*', 'Connection': 'keep-alive'} 
 body=None 
 </msg>
<msg time="2024-04-09T14:13:02.350204" level="INFO">GET Response : url=https://randomuser.me/api 
 status=200, reason=OK 
 headers={'Date': 'Tue, 09 Apr 2024 14:13:02 GMT', 'Content-Type': 'application/json; charset=utf-8', 'Transfer-Encoding': 'chunked', 'Connection': 'keep-alive', 'X-Powered-By': 'Express', 'Access-Control-Allow-Origin': '*', 'Cache-Control': 'no-cache', 'ETag': 'W/"49e-prjoYdhGWkNj4NzBFk9ahjAatjA"', 'Vary': 'Accept-Encoding', 'Content-Encoding': 'gzip', 'CF-Cache-Status': 'DYNAMIC', 'Report-To': '{"endpoints":[{"url":"https:\\/\\/a.nel.cloudflare.com\\/report\\/v4?s=PRQzM54IrVlUnkSRgvQhwnjjm9sxaFqZJ57nIkP6ikWg%2B0yarclwn%2BFVmhpvF5V%2FHKRQinFwa27WoyZXbU2bDzf9tkkvQYwlfaz%2FjaUNQP%2BuVEh7jDnbNgC6fmNeC6KL"}],"group":"cf-nel","max_age":604800}', 'NEL': '{"success_fraction":0,"report_to":"cf-nel","max_age":604800}', 'Server': 'cloudflare', 'CF-RAY': '871b1870d8637d5f-LAX', 'alt-svc': 'h3=":443"; ma=86400'} 
 body={"results":[{"gender":"male","name":{"title":"Mr","first":"Clarence","last":"Berry"},"location":{"street":{"number":9106,"name":"Rectory Lane"},"city":"Sheffield","state":"Wiltshire","country":"United Kingdom","postcode":"T32 1HD","coordinates":{"latitude":"-4.5277","longitude":"-11.8381"},"timezone":{"offset":"+10:00","description":"Eastern Australia, Guam, Vladivostok"}},"email":"clarence.berry@example.com","login":{"uuid":"21febbf7-ef45-47b4-82b5-c5eb05b29b43","username":"redfrog805","password":"benjamin","salt":"69quDUrd","md5":"7c40e7226240aa912548064694fc4135","sha1":"75184b34abd58151d3a53c68804df6ed3df0ad2a","sha256":"3a77c9192995155b4cd5fa4619e78aa0925358c65590038e16953aa591d22425"},"dob":{"date":"1963-08-17T04:55:56.493Z","age":60},"registered":{"date":"2020-06-30T01:50:48.838Z","age":3},"phone":"0171 515 4020","cell":"07976 701279","id":{"name":"NINO","value":"NA 57 96 43 K"},"picture":{"large":"https://randomuser.me/api/portraits/men/72.jpg","medium":"https://randomuser.me/api/portraits/med/men/72.jpg","thumbnail":"https://randomuser.me/api/portraits/thumb/men/72.jpg"},"nat":"GB"}],"info":{"seed":"ae7ab5206bcaa245","results":1,"page":1,"version":"1.4"}} 
 </msg>
<msg time="2024-04-09T14:13:02.350276" level="INFO">/opt/hostedtoolcache/Python/3.12.2/x64/lib/python3.12/site-packages/urllib3/connectionpool.py:1103: InsecureRequestWarning: Unverified HTTPS request is being made to host 'randomuser.me'. Adding certificate verification is strongly advised. See: https://urllib3.readthedocs.io/en/latest/advanced-usage.html#tls-warnings
  warnings.warn(</msg>
<msg time="2024-04-09T14:13:02.350414" level="INFO">${response} = &lt;Response [200]&gt;</msg>
<var>${response}</var>
<arg>consultarAPI</arg>
<arg>/api</arg>
<doc>Sends a GET request on a previously created HTTP Session.</doc>
<status status="PASS" start="2024-04-09T14:13:02.208467" elapsed="0.141986"/>
</kw>
<kw name="Set Variable" owner="BuiltIn">
<msg time="2024-04-09T14:13:02.351721" level="INFO">${json_data} = {'results': [{'gender': 'male', 'name': {'title': 'Mr', 'first': 'Clarence', 'last': 'Berry'}, 'location': {'street': {'number': 9106, 'name': 'Rectory Lane'}, 'city': 'Sheffield', 'state': 'Wiltshire...</msg>
<var>${json_data}</var>
<arg>${response.json()}</arg>
<doc>Returns the given values which can then be assigned to a variables.</doc>
<status status="PASS" start="2024-04-09T14:13:02.351161" elapsed="0.000589"/>
</kw>
<kw name="Set Variable" owner="BuiltIn">
<msg time="2024-04-09T14:13:02.352450" level="INFO">${name_title} = Mr</msg>
<var>${name_title}</var>
<arg>${json_data["results"][0]["name"]["title"]}</arg>
<doc>Returns the given values which can then be assigned to a variables.</doc>
<status status="PASS" start="2024-04-09T14:13:02.352058" elapsed="0.000417"/>
</kw>
<kw name="Create List" owner="BuiltIn">
<msg time="2024-04-09T14:13:02.352925" level="INFO">${allowed_titles} = ['Mr', 'Ms', 'Miss', 'Mrs', 'Madame', 'Monsieur']</msg>
<var>${allowed_titles}</var>
<arg>Mr</arg>
<arg>Ms</arg>
<arg>Miss</arg>
<arg>Mrs</arg>
<arg>Madame</arg>
<arg>Monsieur</arg>
<doc>Returns a list containing given items.</doc>
<status status="PASS" start="2024-04-09T14:13:02.352776" elapsed="0.000174"/>
</kw>
<kw name="List Should Contain Value" owner="Collections">
<msg time="2024-04-09T14:13:02.353430" level="INFO">False</msg>
<arg>${allowed_titles}</arg>
<arg>${name_title}</arg>
<doc>Fails if the ``value`` is not found from ``list``.</doc>
<status status="PASS" start="2024-04-09T14:13:02.353255" elapsed="0.000212"/>
</kw>
<kw name="Set Variable" owner="BuiltIn">
<msg time="2024-04-09T14:13:02.354123" level="INFO">${name_country} = GB</msg>
<var>${name_country}</var>
<arg>${json_data["results"][0]["nat"]}</arg>
<doc>Returns the given values which can then be assigned to a variables.</doc>
<status status="PASS" start="2024-04-09T14:13:02.353753" elapsed="0.000395"/>
</kw>
<kw name="Create List" owner="BuiltIn">
<msg time="2024-04-09T14:13:02.355100" level="INFO">${list_country} = ['AD', 'AE', 'AF', 'AG', 'AI', 'AL', 'AM', 'AO', 'AQ', 'AR', 'AS', 'AT', 'AU', 'AW', 'AX', 'AZ', 'BA', 'BB', 'BD', 'BE', 'BF', 'BG', 'BH', 'BI', 'BJ', 'BL', 'BM', 'BN', 'BO', 'BQ', 'BR', 'BS', 'BT', '...</msg>
<var>${list_country}</var>
<arg>AD</arg>
<arg>AE</arg>
<arg>AF</arg>
<arg>AG</arg>
<arg>AI</arg>
<arg>AL</arg>
<arg>AM</arg>
<arg>AO</arg>
<arg>AQ</arg>
<arg>AR</arg>
<arg>AS</arg>
<arg>AT</arg>
<arg>AU</arg>
<arg>AW</arg>
<arg>AX</arg>
<arg>AZ</arg>
<arg>BA</arg>
<arg>BB</arg>
<arg>BD</arg>
<arg>BE</arg>
<arg>BF</arg>
<arg>BG</arg>
<arg>BH</arg>
<arg>BI</arg>
<arg>BJ</arg>
<arg>BL</arg>
<arg>BM</arg>
<arg>BN</arg>
<arg>BO</arg>
<arg>BQ</arg>
<arg>BR</arg>
<arg>BS</arg>
<arg>BT</arg>
<arg>BV</arg>
<arg>BW</arg>
<arg>BY</arg>
<arg>BZ</arg>
<arg>CA</arg>
<arg>CC</arg>
<arg>CD</arg>
<arg>CF</arg>
<arg>CG</arg>
<arg>CH</arg>
<arg>CI</arg>
<arg>CK</arg>
<arg>CL</arg>
<arg>CM</arg>
<arg>CN</arg>
<arg>CO</arg>
<arg>CR</arg>
<arg>CU</arg>
<arg>CV</arg>
<arg>CW</arg>
<arg>CX</arg>
<arg>CY</arg>
<arg>CZ</arg>
<arg>DE</arg>
<arg>DJ</arg>
<arg>DK</arg>
<arg>DM</arg>
<arg>DO</arg>
<arg>DZ</arg>
<arg>EC</arg>
<arg>EE</arg>
<arg>EG</arg>
<arg>EH</arg>
<arg>ER</arg>
<arg>ES</arg>
<arg>ET</arg>
<arg>FI</arg>
<arg>FJ</arg>
<arg>FK</arg>
<arg>FM</arg>
<arg>FO</arg>
<arg>FR</arg>
<arg>GA</arg>
<arg>GB</arg>
<arg>GD</arg>
<arg>GE</arg>
<arg>GF</arg>
<arg>GG</arg>
<arg>GH</arg>
<arg>GI</arg>
<arg>GL</arg>
<arg>GM</arg>
<arg>GN</arg>
<arg>GP</arg>
<arg>GQ</arg>
<arg>GR</arg>
<arg>GS</arg>
<arg>GT</arg>
<arg>GU</arg>
<arg>GW</arg>
<arg>GY</arg>
<arg>HK</arg>
<arg>HM</arg>
<arg>HN</arg>
<arg>HR</arg>
<arg>HT</arg>
<arg>HU</arg>
<arg>ID</arg>
<arg>IE</arg>
<arg>IL</arg>
<arg>IM</arg>
<arg>IN</arg>
<arg>IO</arg>
<arg>IQ</arg>
<arg>IR</arg>
<arg>IS</arg>
<arg>IT</arg>
<arg>JE</arg>
<arg>JM</arg>
<arg>JO</arg>
<arg>JP</arg>
<arg>KE</arg>
<arg>KG</arg>
<arg>KH</arg>
<arg>KI</arg>
<arg>KM</arg>
<arg>KN</arg>
<arg>KP</arg>
<arg>KR</arg>
<arg>KW</arg>
<arg>KY</arg>
<arg>KZ</arg>
<arg>LA</arg>
<arg>LB</arg>
<arg>LC</arg>
<arg>LI</arg>
<arg>LK</arg>
<arg>LR</arg>
<arg>LS</arg>
<arg>LT</arg>
<arg>LU</arg>
<arg>LV</arg>
<arg>LY</arg>
<arg>MA</arg>
<arg>MC</arg>
<arg>MD</arg>
<arg>ME</arg>
<arg>MF</arg>
<arg>MG</arg>
<arg>MH</arg>
<arg>MK</arg>
<arg>ML</arg>
<arg>MM</arg>
<arg>MN</arg>
<arg>MO</arg>
<arg>MP</arg>
<arg>MQ</arg>
<arg>MR</arg>
<arg>MS</arg>
<arg>MT</arg>
<arg>MU</arg>
<arg>MV</arg>
<arg>MW</arg>
<arg>MX</arg>
<arg>MY</arg>
<arg>MZ</arg>
<arg>NA</arg>
<arg>NC</arg>
<arg>NE</arg>
<arg>NF</arg>
<arg>NG</arg>
<arg>NI</arg>
<arg>NL</arg>
<arg>NO</arg>
<arg>NP</arg>
<arg>NR</arg>
<arg>NU</arg>
<arg>NZ</arg>
<arg>OM</arg>
<arg>PA</arg>
<arg>PE</arg>
<arg>PF</arg>
<arg>PG</arg>
<arg>PH</arg>
<arg>PK</arg>
<arg>PL</arg>
<arg>PM</arg>
<arg>PN</arg>
<arg>PR</arg>
<arg>PS</arg>
<arg>PT</arg>
<arg>PW</arg>
<arg>PY</arg>
<arg>QA</arg>
<arg>RE</arg>
<arg>RO</arg>
<arg>RS</arg>
<arg>RU</arg>
<arg>RW</arg>
<arg>SA</arg>
<arg>SB</arg>
<arg>SC</arg>
<arg>SD</arg>
<arg>SE</arg>
<arg>SG</arg>
<arg>SH</arg>
<arg>SI</arg>
<arg>SJ</arg>
<arg>SK</arg>
<arg>SL</arg>
<arg>SM</arg>
<arg>SN</arg>
<arg>SO</arg>
<arg>SR</arg>
<arg>SS</arg>
<arg>ST</arg>
<arg>SV</arg>
<arg>SX</arg>
<arg>SY</arg>
<arg>SZ</arg>
<arg>TC</arg>
<arg>TD</arg>
<arg>TF</arg>
<arg>TG</arg>
<arg>TH</arg>
<arg>TJ</arg>
<arg>TK</arg>
<arg>TL</arg>
<arg>TM</arg>
<arg>TN</arg>
<arg>TO</arg>
<arg>TR</arg>
<arg>TT</arg>
<arg>TV</arg>
<arg>TW</arg>
<arg>TZ</arg>
<arg>UA</arg>
<arg>UG</arg>
<arg>UM</arg>
<arg>US</arg>
<arg>UY</arg>
<arg>UZ</arg>
<arg>VA</arg>
<arg>VC</arg>
<arg>VE</arg>
<arg>VG</arg>
<arg>VI</arg>
<arg>VN</arg>
<arg>VU</arg>
<arg>WF</arg>
<arg>WS</arg>
<arg>XK</arg>
<arg>YE</arg>
<arg>YT</arg>
<arg>ZA</arg>
<arg>ZM</arg>
<arg>ZW</arg>
<doc>Returns a list containing given items.</doc>
<status status="PASS" start="2024-04-09T14:13:02.354467" elapsed="0.000657"/>
</kw>
<kw name="List Should Contain Value" owner="Collections">
<msg time="2024-04-09T14:13:02.356117" level="INFO">False</msg>
<arg>${list_country}</arg>
<arg>${name_country}</arg>
<doc>Fails if the ``value`` is not found from ``list``.</doc>
<status status="PASS" start="2024-04-09T14:13:02.355916" elapsed="0.000237"/>
</kw>
<kw name="Run Keyword If" owner="BuiltIn">
<kw name="Should Be True" owner="BuiltIn">
<arg>${True}</arg>
<doc>Fails if the given condition is not true.</doc>
<status status="PASS" start="2024-04-09T14:13:02.357360" elapsed="0.000149"/>
</kw>
<arg>${json_data["results"][0]["location"]["coordinates"]["latitude"]} &gt;= -90 and ${json_data["results"][0]["location"]["coordinates"]["latitude"]} &lt;= 90</arg>
<arg>Should Be True</arg>
<arg>${True}</arg>
<doc>Runs the given keyword with the given arguments, if ``condition`` is true.</doc>
<status status="PASS" start="2024-04-09T14:13:02.356460" elapsed="0.001178"/>
</kw>
<kw name="Run Keyword If" owner="BuiltIn">
<kw name="Should Be True" owner="BuiltIn">
<arg>${True}</arg>
<doc>Fails if the given condition is not true.</doc>
<status status="PASS" start="2024-04-09T14:13:02.358565" elapsed="0.000142"/>
</kw>
<arg>${json_data["results"][0]["location"]["coordinates"]["longitude"]} &gt;= -180 and ${json_data["results"][0]["location"]["coordinates"]["longitude"]} &lt;= 180</arg>
<arg>Should Be True</arg>
<arg>${True}</arg>
<doc>Runs the given keyword with the given arguments, if ``condition`` is true.</doc>
<status status="PASS" start="2024-04-09T14:13:02.357823" elapsed="0.001020"/>
</kw>
<status status="PASS" start="2024-04-09T14:13:02.208242" elapsed="0.150736"/>
</kw>
<doc>Testa o conteúdo específico dos campos retornados pela API.</doc>
<tag>testeConteudo</tag>
<status status="PASS" start="2024-04-09T14:13:02.207797" elapsed="0.151348"/>
</test>
<status status="PASS" start="2024-04-09T14:12:59.680011" elapsed="2.681133"/>
</suite>
<status status="PASS" start="2024-04-09T14:12:59.666290" elapsed="2.700235"/>
</suite>
<statistics>
<total>
<stat pass="5" fail="0" skip="0">All Tests</stat>
</total>
<tag>
<stat pass="1" fail="0" skip="0">testeConteudo</stat>
<stat pass="1" fail="0" skip="0">testeEstruturaResposta</stat>
<stat pass="1" fail="0" skip="0">testeRequisicaoBasica</stat>
<stat pass="1" fail="0" skip="0">testeTiposDados</stat>
</tag>
<suite>
<stat pass="5" fail="0" skip="0" id="s1" name="Tests">Tests</stat>
<stat pass="5" fail="0" skip="0" id="s1-s1" name="Random-User-Test">Tests.Random-User-Test</stat>
</suite>
</statistics>
<errors>
</errors>
</robot>
