<?xml version="1.0" encoding="UTF-8"?>
<robot generator="Robot 7.0 (Python 3.12.3 on linux)" generated="2024-05-06T21:13:41.539914" rpa="false" schemaversion="5">
<suite id="s1" name="Tests" source="/home/runner/work/DesafioQAItauRogerioJordao/DesafioQAItauRogerioJordao/RamdonUser/tests">
<suite id="s1-s1" name="Random-User-Test" source="/home/runner/work/DesafioQAItauRogerioJordao/DesafioQAItauRogerioJordao/RamdonUser/tests/random-user-test.robot">
<test id="s1-s1-t1" name="Conectar" line="13">
<kw name="Conectar API" owner="random-user-service">
<kw name="Create Session" owner="RequestsLibrary">
<msg time="2024-05-06T21:13:41.892859" level="INFO">Creating Session using : alias=consultarAPI, url=https://randomuser.me/, headers={},                     cookies={}, auth=None, timeout=None, proxies=None, verify=False,                     debug=0 </msg>
<arg>consultarAPI</arg>
<arg>${URL}</arg>
<doc>Create Session: create a HTTP session to a server</doc>
<status status="PASS" start="2024-05-06T21:13:41.892658" elapsed="0.000371"/>
</kw>
<status status="PASS" start="2024-05-06T21:13:41.891691" elapsed="0.001689"/>
</kw>
<status status="PASS" start="2024-05-06T21:13:41.891121" elapsed="0.002448"/>
</test>
<test id="s1-s1-t2" name="Validar retorno 200 e JSON Válido" line="16">
<kw name="Teste de Requisicao Basica" owner="random-user-service">
<kw name="GET On Session" owner="RequestsLibrary">
<msg time="2024-05-06T21:13:42.058046" level="INFO">GET Request : url=https://randomuser.me/api 
 path_url=/api 
 headers={'User-Agent': 'python-requests/2.31.0', 'Accept-Encoding': 'gzip, deflate', 'Accept': '*/*', 'Connection': 'keep-alive'} 
 body=None 
 </msg>
<msg time="2024-05-06T21:13:42.058171" level="INFO">GET Response : url=https://randomuser.me/api 
 status=200, reason=OK 
 headers={'Date': 'Mon, 06 May 2024 21:13:42 GMT', 'Content-Type': 'application/json; charset=utf-8', 'Transfer-Encoding': 'chunked', 'Connection': 'keep-alive', 'X-Powered-By': 'Express', 'Access-Control-Allow-Origin': '*', 'Cache-Control': 'no-cache', 'ETag': 'W/"494-PspUmTpQZsGZ1VUYbuizN5kLKmE"', 'Vary': 'Accept-Encoding', 'Content-Encoding': 'gzip', 'CF-Cache-Status': 'DYNAMIC', 'Report-To': '{"endpoints":[{"url":"https:\\/\\/a.nel.cloudflare.com\\/report\\/v4?s=KxparZP%2BydxVLt%2BE6GxDztv0GgOgjFIO27aC36KU558uI3QENgqTk%2Bh%2BComrfy43vaNWO7PcW6%2FYyrdP1PgDS3qlg9OwN4lOebh%2FjKBZll%2Fw4A9%2BZXiFNnFpJabJI8pw"}],"group":"cf-nel","max_age":604800}', 'NEL': '{"success_fraction":0,"report_to":"cf-nel","max_age":604800}', 'Server': 'cloudflare', 'CF-RAY': '87fbf9c53c73319d-LAX', 'alt-svc': 'h3=":443"; ma=86400'} 
 body={"results":[{"gender":"female","name":{"title":"Madame","first":"Mirella","last":"Clement"},"location":{"street":{"number":9091,"name":"Rue Denfert-Rochereau"},"city":"Biel/Bienne","state":"Valais","country":"Switzerland","postcode":2738,"coordinates":{"latitude":"-58.9738","longitude":"150.0849"},"timezone":{"offset":"+5:45","description":"Kathmandu"}},"email":"mirella.clement@example.com","login":{"uuid":"b29bea1d-200c-47a7-b111-09343e3484c0","username":"bigbird629","password":"batman1","salt":"daWDPBBe","md5":"5c94fcce3cb2eddb34e5814bfd510f8c","sha1":"6a09b48bb4664bd2d94a5282612401ede3f8a3aa","sha256":"d685b2a53fc4ef54b2c54710078e029902619ce9db4e42fe6ed15706c7d3fe60"},"dob":{"date":"1956-12-04T10:14:34.995Z","age":67},"registered":{"date":"2007-12-03T02:23:08.005Z","age":16},"phone":"076 537 07 12","cell":"075 808 34 86","id":{"name":"AVS","value":"756.2088.9924.31"},"picture":{"large":"https://randomuser.me/api/portraits/women/18.jpg","medium":"https://randomuser.me/api/portraits/med/women/18.jpg","thumbnail":"https://randomuser.me/api/portraits/thumb/women/18.jpg"},"nat":"CH"}],"info":{"seed":"71d43430239b2207","results":1,"page":1,"version":"1.4"}} 
 </msg>
<msg time="2024-05-06T21:13:42.058249" level="INFO">/opt/hostedtoolcache/Python/3.12.3/x64/lib/python3.12/site-packages/urllib3/connectionpool.py:1103: InsecureRequestWarning: Unverified HTTPS request is being made to host 'randomuser.me'. Adding certificate verification is strongly advised. See: https://urllib3.readthedocs.io/en/latest/advanced-usage.html#tls-warnings
  warnings.warn(</msg>
<msg time="2024-05-06T21:13:42.058380" level="INFO">${response} = &lt;Response [200]&gt;</msg>
<var>${response}</var>
<arg>consultarAPI</arg>
<arg>/api</arg>
<doc>Sends a GET request on a previously created HTTP Session.</doc>
<status status="PASS" start="2024-05-06T21:13:41.896389" elapsed="0.162034"/>
</kw>
<kw name="Should Be Equal As Numbers" owner="BuiltIn">
<msg time="2024-05-06T21:13:42.059494" level="INFO">Argument types are:
&lt;class 'int'&gt;
&lt;class 'str'&gt;</msg>
<arg>${response.status_code}</arg>
<arg>200</arg>
<doc>Fails if objects are unequal after converting them to real numbers.</doc>
<status status="PASS" start="2024-05-06T21:13:42.058998" elapsed="0.000563"/>
</kw>
<kw name="Log" owner="BuiltIn">
<msg time="2024-05-06T21:13:42.060295" level="INFO">200</msg>
<arg>${response.status_code}</arg>
<doc>Logs the given message with the given level.</doc>
<status status="PASS" start="2024-05-06T21:13:42.059889" elapsed="0.000450"/>
</kw>
<kw name="Set Variable" owner="BuiltIn">
<msg time="2024-05-06T21:13:42.061109" level="INFO">${json_data} = {'results': [{'gender': 'female', 'name': {'title': 'Madame', 'first': 'Mirella', 'last': 'Clement'}, 'location': {'street': {'number': 9091, 'name': 'Rue Denfert-Rochereau'}, 'city': 'Biel/Bienne', '...</msg>
<var>${json_data}</var>
<arg>${response.json()}</arg>
<doc>Returns the given values which can then be assigned to a variables.</doc>
<status status="PASS" start="2024-05-06T21:13:42.060650" elapsed="0.000487"/>
</kw>
<kw name="Dictionary Should Contain Key" owner="Collections">
<msg time="2024-05-06T21:13:42.061614" level="INFO">False</msg>
<arg>${json_data}</arg>
<arg>results</arg>
<doc>Fails if ``key`` is not found from ``dictionary``.</doc>
<status status="PASS" start="2024-05-06T21:13:42.061441" elapsed="0.000214"/>
</kw>
<status status="PASS" start="2024-05-06T21:13:41.896128" elapsed="0.165784"/>
</kw>
<doc>Testa se a API responde corretamente e retorna um objeto JSON válido.</doc>
<tag>testeRequisicaoBasica</tag>
<status status="PASS" start="2024-05-06T21:13:41.895563" elapsed="0.166527"/>
</test>
<test id="s1-s1-t3" name="Validar estrutura de resposta" line="22">
<kw name="Teste de Estrutura de Resposta" owner="random-user-service">
<kw name="GET On Session" owner="RequestsLibrary">
<msg time="2024-05-06T21:13:42.174124" level="INFO">GET Request : url=https://randomuser.me/api 
 path_url=/api 
 headers={'User-Agent': 'python-requests/2.31.0', 'Accept-Encoding': 'gzip, deflate', 'Accept': '*/*', 'Connection': 'keep-alive'} 
 body=None 
 </msg>
<msg time="2024-05-06T21:13:42.174211" level="INFO">GET Response : url=https://randomuser.me/api 
 status=200, reason=OK 
 headers={'Date': 'Mon, 06 May 2024 21:13:42 GMT', 'Content-Type': 'application/json; charset=utf-8', 'Transfer-Encoding': 'chunked', 'Connection': 'keep-alive', 'X-Powered-By': 'Express', 'Access-Control-Allow-Origin': '*', 'Cache-Control': 'no-cache', 'ETag': 'W/"4a1-aJVyZjMQ5rJFyfDa59Ex73ZAiqw"', 'Vary': 'Accept-Encoding', 'Content-Encoding': 'gzip', 'CF-Cache-Status': 'DYNAMIC', 'Report-To': '{"endpoints":[{"url":"https:\\/\\/a.nel.cloudflare.com\\/report\\/v4?s=QDcjkD6MvuzDVpQgk7wpbApRw3ibTC1ykve6y8gtBbJIAX7DhY%2FuKaOtAAdip2iQJUZ1spvd0%2B6GPX8rj7eQaR%2Fe56lfTaOaK0kHOEBVEQvQTDCT5KPDCAlk6a%2BBZay3"}],"group":"cf-nel","max_age":604800}', 'NEL': '{"success_fraction":0,"report_to":"cf-nel","max_age":604800}', 'Server': 'cloudflare', 'CF-RAY': '87fbf9c5ed01319d-LAX', 'alt-svc': 'h3=":443"; ma=86400'} 
 body={"results":[{"gender":"male","name":{"title":"Mr","first":"Antonio","last":"Ramos"},"location":{"street":{"number":5720,"name":"Northaven Rd"},"city":"Port Macquarie","state":"Northern Territory","country":"Australia","postcode":6648,"coordinates":{"latitude":"-85.6251","longitude":"-120.4642"},"timezone":{"offset":"+3:00","description":"Baghdad, Riyadh, Moscow, St. Petersburg"}},"email":"antonio.ramos@example.com","login":{"uuid":"0b898a5c-6e19-4c2b-a8b6-3b7fd8003e11","username":"sadgorilla309","password":"latinas","salt":"A7gKYhRN","md5":"7d39a796ff62a8338295cbdb511950fa","sha1":"c163514edb9439545aa6fec96ee85f8a3b03e17a","sha256":"9f534aab73738cc7930975456a65461437d48153c718089255ec23eb34ba38cc"},"dob":{"date":"1986-09-08T03:57:18.347Z","age":37},"registered":{"date":"2011-03-18T09:28:50.727Z","age":13},"phone":"08-5002-9003","cell":"0486-739-738","id":{"name":"TFN","value":"431415198"},"picture":{"large":"https://randomuser.me/api/portraits/men/99.jpg","medium":"https://randomuser.me/api/portraits/med/men/99.jpg","thumbnail":"https://randomuser.me/api/portraits/thumb/men/99.jpg"},"nat":"AU"}],"info":{"seed":"9293ed2366209249","results":1,"page":1,"version":"1.4"}} 
 </msg>
<msg time="2024-05-06T21:13:42.174334" level="INFO">/opt/hostedtoolcache/Python/3.12.3/x64/lib/python3.12/site-packages/urllib3/connectionpool.py:1103: InsecureRequestWarning: Unverified HTTPS request is being made to host 'randomuser.me'. Adding certificate verification is strongly advised. See: https://urllib3.readthedocs.io/en/latest/advanced-usage.html#tls-warnings
  warnings.warn(</msg>
<msg time="2024-05-06T21:13:42.174461" level="INFO">${response} = &lt;Response [200]&gt;</msg>
<var>${response}</var>
<arg>consultarAPI</arg>
<arg>/api</arg>
<doc>Sends a GET request on a previously created HTTP Session.</doc>
<status status="PASS" start="2024-05-06T21:13:42.064800" elapsed="0.109715"/>
</kw>
<kw name="Set Variable" owner="BuiltIn">
<msg time="2024-05-06T21:13:42.175621" level="INFO">${json_data} = {'results': [{'gender': 'male', 'name': {'title': 'Mr', 'first': 'Antonio', 'last': 'Ramos'}, 'location': {'street': {'number': 5720, 'name': 'Northaven Rd'}, 'city': 'Port Macquarie', 'state': 'North...</msg>
<var>${json_data}</var>
<arg>${response.json()}</arg>
<doc>Returns the given values which can then be assigned to a variables.</doc>
<status status="PASS" start="2024-05-06T21:13:42.175075" elapsed="0.000574"/>
</kw>
<kw name="Log" owner="BuiltIn">
<msg time="2024-05-06T21:13:42.176163" level="INFO">{'results': [{'gender': 'male', 'name': {'title': 'Mr', 'first': 'Antonio', 'last': 'Ramos'}, 'location': {'street': {'number': 5720, 'name': 'Northaven Rd'}, 'city': 'Port Macquarie', 'state': 'Northern Territory', 'country': 'Australia', 'postcode': 6648, 'coordinates': {'latitude': '-85.6251', 'longitude': '-120.4642'}, 'timezone': {'offset': '+3:00', 'description': 'Baghdad, Riyadh, Moscow, St. Petersburg'}}, 'email': 'antonio.ramos@example.com', 'login': {'uuid': '0b898a5c-6e19-4c2b-a8b6-3b7fd8003e11', 'username': 'sadgorilla309', 'password': 'latinas', 'salt': 'A7gKYhRN', 'md5': '7d39a796ff62a8338295cbdb511950fa', 'sha1': 'c163514edb9439545aa6fec96ee85f8a3b03e17a', 'sha256': '9f534aab73738cc7930975456a65461437d48153c718089255ec23eb34ba38cc'}, 'dob': {'date': '1986-09-08T03:57:18.347Z', 'age': 37}, 'registered': {'date': '2011-03-18T09:28:50.727Z', 'age': 13}, 'phone': '08-5002-9003', 'cell': '0486-739-738', 'id': {'name': 'TFN', 'value': '431415198'}, 'picture': {'large': 'https://randomuser.me/api/portraits/men/99.jpg', 'medium': 'https://randomuser.me/api/portraits/med/men/99.jpg', 'thumbnail': 'https://randomuser.me/api/portraits/thumb/men/99.jpg'}, 'nat': 'AU'}], 'info': {'seed': '9293ed2366209249', 'results': 1, 'page': 1, 'version': '1.4'}}</msg>
<arg>${json_data}</arg>
<doc>Logs the given message with the given level.</doc>
<status status="PASS" start="2024-05-06T21:13:42.175994" elapsed="0.000218"/>
</kw>
<kw name="Dictionary Should Contain Key" owner="Collections">
<msg time="2024-05-06T21:13:42.176672" level="INFO">False</msg>
<arg>${json_data}</arg>
<arg>results</arg>
<doc>Fails if ``key`` is not found from ``dictionary``.</doc>
<status status="PASS" start="2024-05-06T21:13:42.176512" elapsed="0.000199"/>
</kw>
<kw name="Should Not Be Empty" owner="BuiltIn">
<msg time="2024-05-06T21:13:42.177135" level="INFO">Length is 2.</msg>
<arg>${json_data}</arg>
<doc>Verifies that the given item is not empty.</doc>
<status status="PASS" start="2024-05-06T21:13:42.177002" elapsed="0.000304"/>
</kw>
<kw name="Create List" owner="BuiltIn">
<msg time="2024-05-06T21:13:42.177755" level="INFO">${expected_keys} = ['gender', 'name', 'location', 'email', 'login']</msg>
<var>${expected_keys}</var>
<arg>gender</arg>
<arg>name</arg>
<arg>location</arg>
<arg>email</arg>
<arg>login</arg>
<doc>Returns a list containing given items.</doc>
<status status="PASS" start="2024-05-06T21:13:42.177600" elapsed="0.000179"/>
</kw>
<for flavor="IN">
<iter>
<kw name="Dictionary Should Contain Key" owner="Collections">
<msg time="2024-05-06T21:13:42.178754" level="INFO">False</msg>
<arg>${json_data['results'][0]}</arg>
<arg>${key}</arg>
<doc>Fails if ``key`` is not found from ``dictionary``.</doc>
<status status="PASS" start="2024-05-06T21:13:42.178348" elapsed="0.000445"/>
</kw>
<kw name="Log" owner="BuiltIn">
<msg time="2024-05-06T21:13:42.179463" level="INFO">{'gender': 'male', 'name': {'title': 'Mr', 'first': 'Antonio', 'last': 'Ramos'}, 'location': {'street': {'number': 5720, 'name': 'Northaven Rd'}, 'city': 'Port Macquarie', 'state': 'Northern Territory', 'country': 'Australia', 'postcode': 6648, 'coordinates': {'latitude': '-85.6251', 'longitude': '-120.4642'}, 'timezone': {'offset': '+3:00', 'description': 'Baghdad, Riyadh, Moscow, St. Petersburg'}}, 'email': 'antonio.ramos@example.com', 'login': {'uuid': '0b898a5c-6e19-4c2b-a8b6-3b7fd8003e11', 'username': 'sadgorilla309', 'password': 'latinas', 'salt': 'A7gKYhRN', 'md5': '7d39a796ff62a8338295cbdb511950fa', 'sha1': 'c163514edb9439545aa6fec96ee85f8a3b03e17a', 'sha256': '9f534aab73738cc7930975456a65461437d48153c718089255ec23eb34ba38cc'}, 'dob': {'date': '1986-09-08T03:57:18.347Z', 'age': 37}, 'registered': {'date': '2011-03-18T09:28:50.727Z', 'age': 13}, 'phone': '08-5002-9003', 'cell': '0486-739-738', 'id': {'name': 'TFN', 'value': '431415198'}, 'picture': {'large': 'https://randomuser.me/api/portraits/men/99.jpg', 'medium': 'https://randomuser.me/api/portraits/med/men/99.jpg', 'thumbnail': 'https://randomuser.me/api/portraits/thumb/men/99.jpg'}, 'nat': 'AU'}</msg>
<arg>${json_data['results'][0]}</arg>
<doc>Logs the given message with the given level.</doc>
<status status="PASS" start="2024-05-06T21:13:42.179095" elapsed="0.000417"/>
</kw>
<kw name="Log" owner="BuiltIn">
<msg time="2024-05-06T21:13:42.179939" level="INFO">gender</msg>
<arg>${key}</arg>
<doc>Logs the given message with the given level.</doc>
<status status="PASS" start="2024-05-06T21:13:42.179810" elapsed="0.000188"/>
</kw>
<var name="${key}">gender</var>
<status status="PASS" start="2024-05-06T21:13:42.178219" elapsed="0.001999"/>
</iter>
<iter>
<kw name="Dictionary Should Contain Key" owner="Collections">
<msg time="2024-05-06T21:13:42.180945" level="INFO">False</msg>
<arg>${json_data['results'][0]}</arg>
<arg>${key}</arg>
<doc>Fails if ``key`` is not found from ``dictionary``.</doc>
<status status="PASS" start="2024-05-06T21:13:42.180521" elapsed="0.000462"/>
</kw>
<kw name="Log" owner="BuiltIn">
<msg time="2024-05-06T21:13:42.181695" level="INFO">{'gender': 'male', 'name': {'title': 'Mr', 'first': 'Antonio', 'last': 'Ramos'}, 'location': {'street': {'number': 5720, 'name': 'Northaven Rd'}, 'city': 'Port Macquarie', 'state': 'Northern Territory', 'country': 'Australia', 'postcode': 6648, 'coordinates': {'latitude': '-85.6251', 'longitude': '-120.4642'}, 'timezone': {'offset': '+3:00', 'description': 'Baghdad, Riyadh, Moscow, St. Petersburg'}}, 'email': 'antonio.ramos@example.com', 'login': {'uuid': '0b898a5c-6e19-4c2b-a8b6-3b7fd8003e11', 'username': 'sadgorilla309', 'password': 'latinas', 'salt': 'A7gKYhRN', 'md5': '7d39a796ff62a8338295cbdb511950fa', 'sha1': 'c163514edb9439545aa6fec96ee85f8a3b03e17a', 'sha256': '9f534aab73738cc7930975456a65461437d48153c718089255ec23eb34ba38cc'}, 'dob': {'date': '1986-09-08T03:57:18.347Z', 'age': 37}, 'registered': {'date': '2011-03-18T09:28:50.727Z', 'age': 13}, 'phone': '08-5002-9003', 'cell': '0486-739-738', 'id': {'name': 'TFN', 'value': '431415198'}, 'picture': {'large': 'https://randomuser.me/api/portraits/men/99.jpg', 'medium': 'https://randomuser.me/api/portraits/med/men/99.jpg', 'thumbnail': 'https://randomuser.me/api/portraits/thumb/men/99.jpg'}, 'nat': 'AU'}</msg>
<arg>${json_data['results'][0]}</arg>
<doc>Logs the given message with the given level.</doc>
<status status="PASS" start="2024-05-06T21:13:42.181334" elapsed="0.000407"/>
</kw>
<kw name="Log" owner="BuiltIn">
<msg time="2024-05-06T21:13:42.182166" level="INFO">name</msg>
<arg>${key}</arg>
<doc>Logs the given message with the given level.</doc>
<status status="PASS" start="2024-05-06T21:13:42.182039" elapsed="0.000164"/>
</kw>
<var name="${key}">name</var>
<status status="PASS" start="2024-05-06T21:13:42.180404" elapsed="0.002016"/>
</iter>
<iter>
<kw name="Dictionary Should Contain Key" owner="Collections">
<msg time="2024-05-06T21:13:42.183102" level="INFO">False</msg>
<arg>${json_data['results'][0]}</arg>
<arg>${key}</arg>
<doc>Fails if ``key`` is not found from ``dictionary``.</doc>
<status status="PASS" start="2024-05-06T21:13:42.182711" elapsed="0.000428"/>
</kw>
<kw name="Log" owner="BuiltIn">
<msg time="2024-05-06T21:13:42.183794" level="INFO">{'gender': 'male', 'name': {'title': 'Mr', 'first': 'Antonio', 'last': 'Ramos'}, 'location': {'street': {'number': 5720, 'name': 'Northaven Rd'}, 'city': 'Port Macquarie', 'state': 'Northern Territory', 'country': 'Australia', 'postcode': 6648, 'coordinates': {'latitude': '-85.6251', 'longitude': '-120.4642'}, 'timezone': {'offset': '+3:00', 'description': 'Baghdad, Riyadh, Moscow, St. Petersburg'}}, 'email': 'antonio.ramos@example.com', 'login': {'uuid': '0b898a5c-6e19-4c2b-a8b6-3b7fd8003e11', 'username': 'sadgorilla309', 'password': 'latinas', 'salt': 'A7gKYhRN', 'md5': '7d39a796ff62a8338295cbdb511950fa', 'sha1': 'c163514edb9439545aa6fec96ee85f8a3b03e17a', 'sha256': '9f534aab73738cc7930975456a65461437d48153c718089255ec23eb34ba38cc'}, 'dob': {'date': '1986-09-08T03:57:18.347Z', 'age': 37}, 'registered': {'date': '2011-03-18T09:28:50.727Z', 'age': 13}, 'phone': '08-5002-9003', 'cell': '0486-739-738', 'id': {'name': 'TFN', 'value': '431415198'}, 'picture': {'large': 'https://randomuser.me/api/portraits/men/99.jpg', 'medium': 'https://randomuser.me/api/portraits/med/men/99.jpg', 'thumbnail': 'https://randomuser.me/api/portraits/thumb/men/99.jpg'}, 'nat': 'AU'}</msg>
<arg>${json_data['results'][0]}</arg>
<doc>Logs the given message with the given level.</doc>
<status status="PASS" start="2024-05-06T21:13:42.183435" elapsed="0.000406"/>
</kw>
<kw name="Log" owner="BuiltIn">
<msg time="2024-05-06T21:13:42.184292" level="INFO">location</msg>
<arg>${key}</arg>
<doc>Logs the given message with the given level.</doc>
<status status="PASS" start="2024-05-06T21:13:42.184164" elapsed="0.000165"/>
</kw>
<var name="${key}">location</var>
<status status="PASS" start="2024-05-06T21:13:42.182599" elapsed="0.001943"/>
</iter>
<iter>
<kw name="Dictionary Should Contain Key" owner="Collections">
<msg time="2024-05-06T21:13:42.185219" level="INFO">False</msg>
<arg>${json_data['results'][0]}</arg>
<arg>${key}</arg>
<doc>Fails if ``key`` is not found from ``dictionary``.</doc>
<status status="PASS" start="2024-05-06T21:13:42.184828" elapsed="0.000427"/>
</kw>
<kw name="Log" owner="BuiltIn">
<msg time="2024-05-06T21:13:42.185918" level="INFO">{'gender': 'male', 'name': {'title': 'Mr', 'first': 'Antonio', 'last': 'Ramos'}, 'location': {'street': {'number': 5720, 'name': 'Northaven Rd'}, 'city': 'Port Macquarie', 'state': 'Northern Territory', 'country': 'Australia', 'postcode': 6648, 'coordinates': {'latitude': '-85.6251', 'longitude': '-120.4642'}, 'timezone': {'offset': '+3:00', 'description': 'Baghdad, Riyadh, Moscow, St. Petersburg'}}, 'email': 'antonio.ramos@example.com', 'login': {'uuid': '0b898a5c-6e19-4c2b-a8b6-3b7fd8003e11', 'username': 'sadgorilla309', 'password': 'latinas', 'salt': 'A7gKYhRN', 'md5': '7d39a796ff62a8338295cbdb511950fa', 'sha1': 'c163514edb9439545aa6fec96ee85f8a3b03e17a', 'sha256': '9f534aab73738cc7930975456a65461437d48153c718089255ec23eb34ba38cc'}, 'dob': {'date': '1986-09-08T03:57:18.347Z', 'age': 37}, 'registered': {'date': '2011-03-18T09:28:50.727Z', 'age': 13}, 'phone': '08-5002-9003', 'cell': '0486-739-738', 'id': {'name': 'TFN', 'value': '431415198'}, 'picture': {'large': 'https://randomuser.me/api/portraits/men/99.jpg', 'medium': 'https://randomuser.me/api/portraits/med/men/99.jpg', 'thumbnail': 'https://randomuser.me/api/portraits/thumb/men/99.jpg'}, 'nat': 'AU'}</msg>
<arg>${json_data['results'][0]}</arg>
<doc>Logs the given message with the given level.</doc>
<status status="PASS" start="2024-05-06T21:13:42.185559" elapsed="0.000406"/>
</kw>
<kw name="Log" owner="BuiltIn">
<msg time="2024-05-06T21:13:42.186383" level="INFO">email</msg>
<arg>${key}</arg>
<doc>Logs the given message with the given level.</doc>
<status status="PASS" start="2024-05-06T21:13:42.186256" elapsed="0.000164"/>
</kw>
<var name="${key}">email</var>
<status status="PASS" start="2024-05-06T21:13:42.184717" elapsed="0.001914"/>
</iter>
<iter>
<kw name="Dictionary Should Contain Key" owner="Collections">
<msg time="2024-05-06T21:13:42.187303" level="INFO">False</msg>
<arg>${json_data['results'][0]}</arg>
<arg>${key}</arg>
<doc>Fails if ``key`` is not found from ``dictionary``.</doc>
<status status="PASS" start="2024-05-06T21:13:42.186914" elapsed="0.000426"/>
</kw>
<kw name="Log" owner="BuiltIn">
<msg time="2024-05-06T21:13:42.188029" level="INFO">{'gender': 'male', 'name': {'title': 'Mr', 'first': 'Antonio', 'last': 'Ramos'}, 'location': {'street': {'number': 5720, 'name': 'Northaven Rd'}, 'city': 'Port Macquarie', 'state': 'Northern Territory', 'country': 'Australia', 'postcode': 6648, 'coordinates': {'latitude': '-85.6251', 'longitude': '-120.4642'}, 'timezone': {'offset': '+3:00', 'description': 'Baghdad, Riyadh, Moscow, St. Petersburg'}}, 'email': 'antonio.ramos@example.com', 'login': {'uuid': '0b898a5c-6e19-4c2b-a8b6-3b7fd8003e11', 'username': 'sadgorilla309', 'password': 'latinas', 'salt': 'A7gKYhRN', 'md5': '7d39a796ff62a8338295cbdb511950fa', 'sha1': 'c163514edb9439545aa6fec96ee85f8a3b03e17a', 'sha256': '9f534aab73738cc7930975456a65461437d48153c718089255ec23eb34ba38cc'}, 'dob': {'date': '1986-09-08T03:57:18.347Z', 'age': 37}, 'registered': {'date': '2011-03-18T09:28:50.727Z', 'age': 13}, 'phone': '08-5002-9003', 'cell': '0486-739-738', 'id': {'name': 'TFN', 'value': '431415198'}, 'picture': {'large': 'https://randomuser.me/api/portraits/men/99.jpg', 'medium': 'https://randomuser.me/api/portraits/med/men/99.jpg', 'thumbnail': 'https://randomuser.me/api/portraits/thumb/men/99.jpg'}, 'nat': 'AU'}</msg>
<arg>${json_data['results'][0]}</arg>
<doc>Logs the given message with the given level.</doc>
<status status="PASS" start="2024-05-06T21:13:42.187631" elapsed="0.000447"/>
</kw>
<kw name="Log" owner="BuiltIn">
<msg time="2024-05-06T21:13:42.188506" level="INFO">login</msg>
<arg>${key}</arg>
<doc>Logs the given message with the given level.</doc>
<status status="PASS" start="2024-05-06T21:13:42.188377" elapsed="0.000198"/>
</kw>
<var name="${key}">login</var>
<status status="PASS" start="2024-05-06T21:13:42.186803" elapsed="0.001993"/>
</iter>
<var>${key}</var>
<value>@{expected_keys}</value>
<status status="PASS" start="2024-05-06T21:13:42.178036" elapsed="0.010881"/>
</for>
<kw name="Create List" owner="BuiltIn">
<msg time="2024-05-06T21:13:42.189246" level="INFO">${expected_keysTwo} = ['username', 'password']</msg>
<var>${expected_keysTwo}</var>
<arg>username</arg>
<arg>password</arg>
<doc>Returns a list containing given items.</doc>
<status status="PASS" start="2024-05-06T21:13:42.189108" elapsed="0.000161"/>
</kw>
<for flavor="IN">
<iter>
<kw name="Dictionary Should Contain Key" owner="Collections">
<msg time="2024-05-06T21:13:42.190152" level="INFO">False</msg>
<arg>${json_data['results'][0]['login']}</arg>
<arg>${keyTwo}</arg>
<doc>Fails if ``key`` is not found from ``dictionary``.</doc>
<status status="PASS" start="2024-05-06T21:13:42.189764" elapsed="0.000425"/>
</kw>
<kw name="Dictionary Should Contain Key" owner="Collections">
<msg time="2024-05-06T21:13:42.190867" level="INFO">False</msg>
<arg>${json_data['results'][0]['login']}</arg>
<arg>${keyTwo}</arg>
<doc>Fails if ``key`` is not found from ``dictionary``.</doc>
<status status="PASS" start="2024-05-06T21:13:42.190486" elapsed="0.000418"/>
</kw>
<kw name="Log" owner="BuiltIn">
<msg time="2024-05-06T21:13:42.191322" level="INFO">username</msg>
<arg>${keyTwo}</arg>
<doc>Logs the given message with the given level.</doc>
<status status="PASS" start="2024-05-06T21:13:42.191195" elapsed="0.000169"/>
</kw>
<var name="${keyTwo}">username</var>
<status status="PASS" start="2024-05-06T21:13:42.189654" elapsed="0.001927"/>
</iter>
<iter>
<kw name="Dictionary Should Contain Key" owner="Collections">
<msg time="2024-05-06T21:13:42.192361" level="INFO">False</msg>
<arg>${json_data['results'][0]['login']}</arg>
<arg>${keyTwo}</arg>
<doc>Fails if ``key`` is not found from ``dictionary``.</doc>
<status status="PASS" start="2024-05-06T21:13:42.191864" elapsed="0.000537"/>
</kw>
<kw name="Dictionary Should Contain Key" owner="Collections">
<msg time="2024-05-06T21:13:42.193086" level="INFO">False</msg>
<arg>${json_data['results'][0]['login']}</arg>
<arg>${keyTwo}</arg>
<doc>Fails if ``key`` is not found from ``dictionary``.</doc>
<status status="PASS" start="2024-05-06T21:13:42.192703" elapsed="0.000420"/>
</kw>
<kw name="Log" owner="BuiltIn">
<msg time="2024-05-06T21:13:42.193542" level="INFO">password</msg>
<arg>${keyTwo}</arg>
<doc>Logs the given message with the given level.</doc>
<status status="PASS" start="2024-05-06T21:13:42.193414" elapsed="0.000164"/>
</kw>
<var name="${keyTwo}">password</var>
<status status="PASS" start="2024-05-06T21:13:42.191754" elapsed="0.002040"/>
</iter>
<var>${keyTwo}</var>
<value>@{expected_keysTwo}</value>
<status status="PASS" start="2024-05-06T21:13:42.189504" elapsed="0.004411"/>
</for>
<status status="PASS" start="2024-05-06T21:13:42.064565" elapsed="0.129486"/>
</kw>
<doc>Testa a estrutura da resposta da API.</doc>
<tag>testeEstruturaResposta</tag>
<status status="PASS" start="2024-05-06T21:13:42.063943" elapsed="0.130255"/>
</test>
<test id="s1-s1-t4" name="Validar tipos de dados" line="28">
<kw name="Teste de Tipos de Dados" owner="random-user-service">
<kw name="GET On Session" owner="RequestsLibrary">
<msg time="2024-05-06T21:13:42.296162" level="INFO">GET Request : url=https://randomuser.me/api 
 path_url=/api 
 headers={'User-Agent': 'python-requests/2.31.0', 'Accept-Encoding': 'gzip, deflate', 'Accept': '*/*', 'Connection': 'keep-alive'} 
 body=None 
 </msg>
<msg time="2024-05-06T21:13:42.296236" level="INFO">GET Response : url=https://randomuser.me/api 
 status=200, reason=OK 
 headers={'Date': 'Mon, 06 May 2024 21:13:42 GMT', 'Content-Type': 'application/json; charset=utf-8', 'Transfer-Encoding': 'chunked', 'Connection': 'keep-alive', 'X-Powered-By': 'Express', 'Access-Control-Allow-Origin': '*', 'Cache-Control': 'no-cache', 'ETag': 'W/"48c-p2PoG3P53KLg0Gq8nOSsn7sQSXY"', 'Vary': 'Accept-Encoding', 'Content-Encoding': 'gzip', 'CF-Cache-Status': 'DYNAMIC', 'Report-To': '{"endpoints":[{"url":"https:\\/\\/a.nel.cloudflare.com\\/report\\/v4?s=Cargs%2B7NMyKDw18ca%2FYUo3%2FWHUVEb6YCoPeGjHOwbxKwc2DSXfxgV25Zs%2BnwlL6XHq3159auOKqeER2E9mNytgKCmdyPpcqfaubKxyBuVcB29rjGurlic9m3Yf1Vt%2Flz"}],"group":"cf-nel","max_age":604800}', 'NEL': '{"success_fraction":0,"report_to":"cf-nel","max_age":604800}', 'Server': 'cloudflare', 'CF-RAY': '87fbf9c6cd93319d-LAX', 'alt-svc': 'h3=":443"; ma=86400'} 
 body={"results":[{"gender":"female","name":{"title":"Ms","first":"Gail","last":"Lynch"},"location":{"street":{"number":620,"name":"W Belt Line Rd"},"city":"Houston","state":"Nebraska","country":"United States","postcode":93392,"coordinates":{"latitude":"88.4261","longitude":"30.2241"},"timezone":{"offset":"+6:00","description":"Almaty, Dhaka, Colombo"}},"email":"gail.lynch@example.com","login":{"uuid":"58ec0e68-e2da-4a8c-b59d-6f71f321d37a","username":"ticklishgoose998","password":"mattie","salt":"j1ONIWmv","md5":"25262fd65ce85964125ad8abae9735f5","sha1":"507dbd9d544db3eee6afe46680e33233b8c846ec","sha256":"f27bc6b0fee6bce0d15f9b0dfee5cff8c8d85b0a585b41546ff1eb7ca3dd2bb6"},"dob":{"date":"1969-10-08T07:11:48.067Z","age":54},"registered":{"date":"2004-04-12T01:36:25.981Z","age":20},"phone":"(311) 824-6644","cell":"(291) 657-9315","id":{"name":"SSN","value":"671-26-1891"},"picture":{"large":"https://randomuser.me/api/portraits/women/94.jpg","medium":"https://randomuser.me/api/portraits/med/women/94.jpg","thumbnail":"https://randomuser.me/api/portraits/thumb/women/94.jpg"},"nat":"US"}],"info":{"seed":"4655c61c59030e2b","results":1,"page":1,"version":"1.4"}} 
 </msg>
<msg time="2024-05-06T21:13:42.296295" level="INFO">/opt/hostedtoolcache/Python/3.12.3/x64/lib/python3.12/site-packages/urllib3/connectionpool.py:1103: InsecureRequestWarning: Unverified HTTPS request is being made to host 'randomuser.me'. Adding certificate verification is strongly advised. See: https://urllib3.readthedocs.io/en/latest/advanced-usage.html#tls-warnings
  warnings.warn(</msg>
<msg time="2024-05-06T21:13:42.296386" level="INFO">${response} = &lt;Response [200]&gt;</msg>
<var>${response}</var>
<arg>consultarAPI</arg>
<arg>/api</arg>
<doc>Sends a GET request on a previously created HTTP Session.</doc>
<status status="PASS" start="2024-05-06T21:13:42.196739" elapsed="0.099689"/>
</kw>
<kw name="Set Variable" owner="BuiltIn">
<msg time="2024-05-06T21:13:42.297495" level="INFO">${json_data} = {'results': [{'gender': 'female', 'name': {'title': 'Ms', 'first': 'Gail', 'last': 'Lynch'}, 'location': {'street': {'number': 620, 'name': 'W Belt Line Rd'}, 'city': 'Houston', 'state': 'Nebraska', '...</msg>
<var>${json_data}</var>
<arg>${response.json()}</arg>
<doc>Returns the given values which can then be assigned to a variables.</doc>
<status status="PASS" start="2024-05-06T21:13:42.296911" elapsed="0.000614"/>
</kw>
<kw name="Log" owner="BuiltIn">
<msg time="2024-05-06T21:13:42.297995" level="INFO">{'results': [{'gender': 'female', 'name': {'title': 'Ms', 'first': 'Gail', 'last': 'Lynch'}, 'location': {'street': {'number': 620, 'name': 'W Belt Line Rd'}, 'city': 'Houston', 'state': 'Nebraska', 'country': 'United States', 'postcode': 93392, 'coordinates': {'latitude': '88.4261', 'longitude': '30.2241'}, 'timezone': {'offset': '+6:00', 'description': 'Almaty, Dhaka, Colombo'}}, 'email': 'gail.lynch@example.com', 'login': {'uuid': '58ec0e68-e2da-4a8c-b59d-6f71f321d37a', 'username': 'ticklishgoose998', 'password': 'mattie', 'salt': 'j1ONIWmv', 'md5': '25262fd65ce85964125ad8abae9735f5', 'sha1': '507dbd9d544db3eee6afe46680e33233b8c846ec', 'sha256': 'f27bc6b0fee6bce0d15f9b0dfee5cff8c8d85b0a585b41546ff1eb7ca3dd2bb6'}, 'dob': {'date': '1969-10-08T07:11:48.067Z', 'age': 54}, 'registered': {'date': '2004-04-12T01:36:25.981Z', 'age': 20}, 'phone': '(311) 824-6644', 'cell': '(291) 657-9315', 'id': {'name': 'SSN', 'value': '671-26-1891'}, 'picture': {'large': 'https://randomuser.me/api/portraits/women/94.jpg', 'medium': 'https://randomuser.me/api/portraits/med/women/94.jpg', 'thumbnail': 'https://randomuser.me/api/portraits/thumb/women/94.jpg'}, 'nat': 'US'}], 'info': {'seed': '4655c61c59030e2b', 'results': 1, 'page': 1, 'version': '1.4'}}</msg>
<arg>${json_data}</arg>
<doc>Logs the given message with the given level.</doc>
<status status="PASS" start="2024-05-06T21:13:42.297840" elapsed="0.000233"/>
</kw>
<kw name="Should Be String" owner="String">
<arg>${json_data['results'][0]['gender']}</arg>
<doc>Fails if the given ``item`` is not a string.</doc>
<status status="PASS" start="2024-05-06T21:13:42.298452" elapsed="0.000534"/>
</kw>
<kw name="Should Match Regexp" owner="BuiltIn">
<arg>${json_data['results'][0]['email']}</arg>
<arg>^[a-zA-Z0-9._%+-]+@[a-zA-Z0-9.-]+\.[a-zA-Z]{2,}$</arg>
<doc>Fails if ``string`` does not match ``pattern`` as a regular expression.</doc>
<status status="PASS" start="2024-05-06T21:13:42.299190" elapsed="0.000527"/>
</kw>
<kw name="Should Match Regexp" owner="BuiltIn">
<arg>${json_data['results'][0]['dob']['date']}</arg>
<arg>\\d{4}-\\d{2}-\\d{2}T\\d{2}:\\d{2}:\\d{2}\\.\\d{3}Z</arg>
<doc>Fails if ``string`` does not match ``pattern`` as a regular expression.</doc>
<status status="PASS" start="2024-05-06T21:13:42.299918" elapsed="0.000545"/>
</kw>
<kw name="Should Match Regexp" owner="BuiltIn">
<arg>${json_data['results'][0]['registered']['date']}</arg>
<arg>\\d{4}-\\d{2}-\\d{2}T\\d{2}:\\d{2}:\\d{2}\\.\\d{3}Z</arg>
<doc>Fails if ``string`` does not match ``pattern`` as a regular expression.</doc>
<status status="PASS" start="2024-05-06T21:13:42.300660" elapsed="0.000373"/>
</kw>
<kw name="Should Match Regexp" owner="BuiltIn">
<arg>${json_data['results'][0]['picture']['large']}</arg>
<arg>^https?://.*\.(?:png|jpe?g|gif|bmp)$</arg>
<doc>Fails if ``string`` does not match ``pattern`` as a regular expression.</doc>
<status status="PASS" start="2024-05-06T21:13:42.301224" elapsed="0.000462"/>
</kw>
<kw name="Should Match Regexp" owner="BuiltIn">
<arg>${json_data['results'][0]['picture']['medium']}</arg>
<arg>^https?://.*\.(?:png|jpe?g|gif|bmp)$</arg>
<doc>Fails if ``string`` does not match ``pattern`` as a regular expression.</doc>
<status status="PASS" start="2024-05-06T21:13:42.301874" elapsed="0.000360"/>
</kw>
<kw name="Should Match Regexp" owner="BuiltIn">
<arg>${json_data['results'][0]['picture']['thumbnail']}</arg>
<arg>^https?://.*\.(?:png|jpe?g|gif|bmp)$</arg>
<doc>Fails if ``string`` does not match ``pattern`` as a regular expression.</doc>
<status status="PASS" start="2024-05-06T21:13:42.302422" elapsed="0.000348"/>
</kw>
<kw name="Log" owner="BuiltIn">
<msg time="2024-05-06T21:13:42.303272" level="INFO">{'large': 'https://randomuser.me/api/portraits/women/94.jpg', 'medium': 'https://randomuser.me/api/portraits/med/women/94.jpg', 'thumbnail': 'https://randomuser.me/api/portraits/thumb/women/94.jpg'}</msg>
<arg>${json_data['results'][0]['picture']}</arg>
<doc>Logs the given message with the given level.</doc>
<status status="PASS" start="2024-05-06T21:13:42.302950" elapsed="0.000363"/>
</kw>
<status status="PASS" start="2024-05-06T21:13:42.196514" elapsed="0.107058"/>
</kw>
<kw name="Teste de Tipos de Dados - Postcode" owner="random-user-service">
<kw name="GET On Session" owner="RequestsLibrary">
<msg time="2024-05-06T21:13:42.406036" level="INFO">GET Request : url=https://randomuser.me/api 
 path_url=/api 
 headers={'User-Agent': 'python-requests/2.31.0', 'Accept-Encoding': 'gzip, deflate', 'Accept': '*/*', 'Connection': 'keep-alive'} 
 body=None 
 </msg>
<msg time="2024-05-06T21:13:42.406122" level="INFO">GET Response : url=https://randomuser.me/api 
 status=200, reason=OK 
 headers={'Date': 'Mon, 06 May 2024 21:13:42 GMT', 'Content-Type': 'application/json; charset=utf-8', 'Transfer-Encoding': 'chunked', 'Connection': 'keep-alive', 'X-Powered-By': 'Express', 'Access-Control-Allow-Origin': '*', 'Cache-Control': 'no-cache', 'ETag': 'W/"4a2-PvUcuehzvb+HTz5uSxps0e0D2/g"', 'Vary': 'Accept-Encoding', 'Content-Encoding': 'gzip', 'CF-Cache-Status': 'DYNAMIC', 'Report-To': '{"endpoints":[{"url":"https:\\/\\/a.nel.cloudflare.com\\/report\\/v4?s=QN5yr76MUTZBeqYZa3rIaQyxQyyk5F77jwDh%2B2DGp1tVwAGfi%2FRuyp8VxfVqPl%2BI5XgkWPFSzqJXKiDcTlUqdR8368ePmhF84QKtNICTvJwG8XpHKgHWoQwrlCZbBaS4"}],"group":"cf-nel","max_age":604800}', 'NEL': '{"success_fraction":0,"report_to":"cf-nel","max_age":604800}', 'Server': 'cloudflare', 'CF-RAY': '87fbf9c76e37319d-LAX', 'alt-svc': 'h3=":443"; ma=86400'} 
 body={"results":[{"gender":"male","name":{"title":"Mr","first":"Karl-Georg","last":"Seelig"},"location":{"street":{"number":6681,"name":"Schlossstraße"},"city":"Bad Nenndorf","state":"Saarland","country":"Germany","postcode":37310,"coordinates":{"latitude":"-50.3565","longitude":"-168.2506"},"timezone":{"offset":"+3:00","description":"Baghdad, Riyadh, Moscow, St. Petersburg"}},"email":"karl-georg.seelig@example.com","login":{"uuid":"9d8ad1b4-00eb-44a6-b131-8173dc960215","username":"bluebird553","password":"aileen","salt":"bc6RpOzn","md5":"ff69c3a9cc468884047a8273d52a5b1b","sha1":"854a60e050585ffe985850edfd7f22e2e78e366c","sha256":"09550734ee403e70d9f8eef3162144e9a5ea8e9c347c4c6661475dc85837b6ea"},"dob":{"date":"1951-07-20T13:10:58.002Z","age":72},"registered":{"date":"2011-12-19T18:14:36.432Z","age":12},"phone":"0875-3010370","cell":"0176-4340565","id":{"name":"SVNR","value":"10 200751 S 378"},"picture":{"large":"https://randomuser.me/api/portraits/men/20.jpg","medium":"https://randomuser.me/api/portraits/med/men/20.jpg","thumbnail":"https://randomuser.me/api/portraits/thumb/men/20.jpg"},"nat":"DE"}],"info":{"seed":"d109641007b0d0af","results":1,"page":1,"version":"1.4"}} 
 </msg>
<msg time="2024-05-06T21:13:42.406200" level="INFO">/opt/hostedtoolcache/Python/3.12.3/x64/lib/python3.12/site-packages/urllib3/connectionpool.py:1103: InsecureRequestWarning: Unverified HTTPS request is being made to host 'randomuser.me'. Adding certificate verification is strongly advised. See: https://urllib3.readthedocs.io/en/latest/advanced-usage.html#tls-warnings
  warnings.warn(</msg>
<msg time="2024-05-06T21:13:42.406319" level="INFO">${response} = &lt;Response [200]&gt;</msg>
<var>${response}</var>
<arg>consultarAPI</arg>
<arg>/api</arg>
<doc>Sends a GET request on a previously created HTTP Session.</doc>
<status status="PASS" start="2024-05-06T21:13:42.304049" elapsed="0.102324"/>
</kw>
<kw name="Set Variable" owner="BuiltIn">
<msg time="2024-05-06T21:13:42.407452" level="INFO">${json_data} = {'results': [{'gender': 'male', 'name': {'title': 'Mr', 'first': 'Karl-Georg', 'last': 'Seelig'}, 'location': {'street': {'number': 6681, 'name': 'Schlossstraße'}, 'city': 'Bad Nenndorf', 'state': 'Sa...</msg>
<var>${json_data}</var>
<arg>${response.json()}</arg>
<doc>Returns the given values which can then be assigned to a variables.</doc>
<status status="PASS" start="2024-05-06T21:13:42.406856" elapsed="0.000626"/>
</kw>
<kw name="Log" owner="BuiltIn">
<msg time="2024-05-06T21:13:42.407984" level="INFO">{'results': [{'gender': 'male', 'name': {'title': 'Mr', 'first': 'Karl-Georg', 'last': 'Seelig'}, 'location': {'street': {'number': 6681, 'name': 'Schlossstraße'}, 'city': 'Bad Nenndorf', 'state': 'Saarland', 'country': 'Germany', 'postcode': 37310, 'coordinates': {'latitude': '-50.3565', 'longitude': '-168.2506'}, 'timezone': {'offset': '+3:00', 'description': 'Baghdad, Riyadh, Moscow, St. Petersburg'}}, 'email': 'karl-georg.seelig@example.com', 'login': {'uuid': '9d8ad1b4-00eb-44a6-b131-8173dc960215', 'username': 'bluebird553', 'password': 'aileen', 'salt': 'bc6RpOzn', 'md5': 'ff69c3a9cc468884047a8273d52a5b1b', 'sha1': '854a60e050585ffe985850edfd7f22e2e78e366c', 'sha256': '09550734ee403e70d9f8eef3162144e9a5ea8e9c347c4c6661475dc85837b6ea'}, 'dob': {'date': '1951-07-20T13:10:58.002Z', 'age': 72}, 'registered': {'date': '2011-12-19T18:14:36.432Z', 'age': 12}, 'phone': '0875-3010370', 'cell': '0176-4340565', 'id': {'name': 'SVNR', 'value': '10 200751 S 378'}, 'picture': {'large': 'https://randomuser.me/api/portraits/men/20.jpg', 'medium': 'https://randomuser.me/api/portraits/med/men/20.jpg', 'thumbnail': 'https://randomuser.me/api/portraits/thumb/men/20.jpg'}, 'nat': 'DE'}], 'info': {'seed': 'd109641007b0d0af', 'results': 1, 'page': 1, 'version': '1.4'}}</msg>
<arg>${json_data}</arg>
<doc>Logs the given message with the given level.</doc>
<status status="PASS" start="2024-05-06T21:13:42.407795" elapsed="0.000276"/>
</kw>
<kw name="Should Be Equal As Numbers" owner="BuiltIn">
<arg>${json_data['results'][0]['location']['postcode']}</arg>
<arg>${json_data['results'][0]['location']['postcode']}</arg>
<doc>Fails if objects are unequal after converting them to real numbers.</doc>
<status status="PASS" start="2024-05-06T21:13:42.408523" elapsed="0.000637"/>
</kw>
<kw name="Log" owner="BuiltIn">
<msg time="2024-05-06T21:13:42.409695" level="INFO">37310</msg>
<arg>${json_data['results'][0]['location']['postcode']}</arg>
<doc>Logs the given message with the given level.</doc>
<status status="PASS" start="2024-05-06T21:13:42.409354" elapsed="0.000382"/>
</kw>
<status status="PASS" start="2024-05-06T21:13:42.303790" elapsed="0.106195"/>
</kw>
<doc>Testa se os tipos de dados na resposta da API estão corretos.</doc>
<tag>testeTiposDados</tag>
<status status="PASS" start="2024-05-06T21:13:42.195941" elapsed="0.214204"/>
</test>
<test id="s1-s1-t5" name="Validar conteudo" line="35">
<kw name="Teste de Tipos de Conteudo" owner="random-user-service">
<kw name="GET On Session" owner="RequestsLibrary">
<msg time="2024-05-06T21:13:42.512486" level="INFO">GET Request : url=https://randomuser.me/api 
 path_url=/api 
 headers={'User-Agent': 'python-requests/2.31.0', 'Accept-Encoding': 'gzip, deflate', 'Accept': '*/*', 'Connection': 'keep-alive'} 
 body=None 
 </msg>
<msg time="2024-05-06T21:13:42.512572" level="INFO">GET Response : url=https://randomuser.me/api 
 status=200, reason=OK 
 headers={'Date': 'Mon, 06 May 2024 21:13:42 GMT', 'Content-Type': 'application/json; charset=utf-8', 'Transfer-Encoding': 'chunked', 'Connection': 'keep-alive', 'X-Powered-By': 'Express', 'Access-Control-Allow-Origin': '*', 'Cache-Control': 'no-cache', 'ETag': 'W/"479-32R51SaqrykDmCtQ9AfKt8GPNWc"', 'Vary': 'Accept-Encoding', 'Content-Encoding': 'gzip', 'CF-Cache-Status': 'DYNAMIC', 'Report-To': '{"endpoints":[{"url":"https:\\/\\/a.nel.cloudflare.com\\/report\\/v4?s=9pDotR%2FJtjFGs%2FYj25bDFuPOsWGjpRlW7tj2S7x%2FC%2BNkDf0Dvf6jS81GoUP9EcVcqfWqzbgGv0%2BMmZVoX905IOC0%2BsKzdfY0A6lafboQ%2FvU4jN2opa%2BXeC0RU%2FwTKZRu"}],"group":"cf-nel","max_age":604800}', 'NEL': '{"success_fraction":0,"report_to":"cf-nel","max_age":604800}', 'Server': 'cloudflare', 'CF-RAY': '87fbf9c81eba319d-LAX', 'alt-svc': 'h3=":443"; ma=86400'} 
 body={"results":[{"gender":"female","name":{"title":"Ms","first":"Tilda","last":"Lindholm"},"location":{"street":{"number":5764,"name":"Fredveien"},"city":"Stranda","state":"Hedmark","country":"Norway","postcode":"9135","coordinates":{"latitude":"40.5341","longitude":"178.3203"},"timezone":{"offset":"+9:30","description":"Adelaide, Darwin"}},"email":"tilda.lindholm@example.com","login":{"uuid":"e7ee93c5-7f41-4893-902d-cbd981dc3d89","username":"ticklishpeacock759","password":"boater","salt":"7sfHLned","md5":"ae6a89afab5c3e7ddf3e795f8c0b4209","sha1":"eb98cd7c4c10cd82bb967f7edb5903cdd0c0c607","sha256":"883ffab6145dbe2d94108f85e0cdbc7a9b166e984660241a2731c2dc4daa0a94"},"dob":{"date":"1990-11-21T10:15:18.954Z","age":33},"registered":{"date":"2013-10-19T01:27:50.295Z","age":10},"phone":"28728553","cell":"99117577","id":{"name":"FN","value":"21119039808"},"picture":{"large":"https://randomuser.me/api/portraits/women/49.jpg","medium":"https://randomuser.me/api/portraits/med/women/49.jpg","thumbnail":"https://randomuser.me/api/portraits/thumb/women/49.jpg"},"nat":"NO"}],"info":{"seed":"a26b0f3752b402eb","results":1,"page":1,"version":"1.4"}} 
 </msg>
<msg time="2024-05-06T21:13:42.512631" level="INFO">/opt/hostedtoolcache/Python/3.12.3/x64/lib/python3.12/site-packages/urllib3/connectionpool.py:1103: InsecureRequestWarning: Unverified HTTPS request is being made to host 'randomuser.me'. Adding certificate verification is strongly advised. See: https://urllib3.readthedocs.io/en/latest/advanced-usage.html#tls-warnings
  warnings.warn(</msg>
<msg time="2024-05-06T21:13:42.512716" level="INFO">${response} = &lt;Response [200]&gt;</msg>
<var>${response}</var>
<arg>consultarAPI</arg>
<arg>/api</arg>
<doc>Sends a GET request on a previously created HTTP Session.</doc>
<status status="PASS" start="2024-05-06T21:13:42.412663" elapsed="0.100093"/>
</kw>
<kw name="Set Variable" owner="BuiltIn">
<msg time="2024-05-06T21:13:42.513801" level="INFO">${json_data} = {'results': [{'gender': 'female', 'name': {'title': 'Ms', 'first': 'Tilda', 'last': 'Lindholm'}, 'location': {'street': {'number': 5764, 'name': 'Fredveien'}, 'city': 'Stranda', 'state': 'Hedmark', 'c...</msg>
<var>${json_data}</var>
<arg>${response.json()}</arg>
<doc>Returns the given values which can then be assigned to a variables.</doc>
<status status="PASS" start="2024-05-06T21:13:42.513218" elapsed="0.000612"/>
</kw>
<kw name="Set Variable" owner="BuiltIn">
<msg time="2024-05-06T21:13:42.514517" level="INFO">${name_title} = Ms</msg>
<var>${name_title}</var>
<arg>${json_data["results"][0]["name"]["title"]}</arg>
<doc>Returns the given values which can then be assigned to a variables.</doc>
<status status="PASS" start="2024-05-06T21:13:42.514132" elapsed="0.000410"/>
</kw>
<kw name="Create List" owner="BuiltIn">
<msg time="2024-05-06T21:13:42.514981" level="INFO">${allowed_titles} = ['Mr', 'Ms', 'Miss', 'Mrs', 'Madame', 'Monsieur']</msg>
<var>${allowed_titles}</var>
<arg>Mr</arg>
<arg>Ms</arg>
<arg>Miss</arg>
<arg>Mrs</arg>
<arg>Madame</arg>
<arg>Monsieur</arg>
<doc>Returns a list containing given items.</doc>
<status status="PASS" start="2024-05-06T21:13:42.514835" elapsed="0.000170"/>
</kw>
<kw name="List Should Contain Value" owner="Collections">
<msg time="2024-05-06T21:13:42.515476" level="INFO">False</msg>
<arg>${allowed_titles}</arg>
<arg>${name_title}</arg>
<doc>Fails if the ``value`` is not found from ``list``.</doc>
<status status="PASS" start="2024-05-06T21:13:42.515302" elapsed="0.000209"/>
</kw>
<kw name="Set Variable" owner="BuiltIn">
<msg time="2024-05-06T21:13:42.516221" level="INFO">${name_country} = NO</msg>
<var>${name_country}</var>
<arg>${json_data["results"][0]["nat"]}</arg>
<doc>Returns the given values which can then be assigned to a variables.</doc>
<status status="PASS" start="2024-05-06T21:13:42.515801" elapsed="0.000446"/>
</kw>
<kw name="Create List" owner="BuiltIn">
<msg time="2024-05-06T21:13:42.517129" level="INFO">${list_country} = ['AD', 'AE', 'AF', 'AG', 'AI', 'AL', 'AM', 'AO', 'AQ', 'AR', 'AS', 'AT', 'AU', 'AW', 'AX', 'AZ', 'BA', 'BB', 'BD', 'BE', 'BF', 'BG', 'BH', 'BI', 'BJ', 'BL', 'BM', 'BN', 'BO', 'BQ', 'BR', 'BS', 'BT', '...</msg>
<var>${list_country}</var>
<arg>AD</arg>
<arg>AE</arg>
<arg>AF</arg>
<arg>AG</arg>
<arg>AI</arg>
<arg>AL</arg>
<arg>AM</arg>
<arg>AO</arg>
<arg>AQ</arg>
<arg>AR</arg>
<arg>AS</arg>
<arg>AT</arg>
<arg>AU</arg>
<arg>AW</arg>
<arg>AX</arg>
<arg>AZ</arg>
<arg>BA</arg>
<arg>BB</arg>
<arg>BD</arg>
<arg>BE</arg>
<arg>BF</arg>
<arg>BG</arg>
<arg>BH</arg>
<arg>BI</arg>
<arg>BJ</arg>
<arg>BL</arg>
<arg>BM</arg>
<arg>BN</arg>
<arg>BO</arg>
<arg>BQ</arg>
<arg>BR</arg>
<arg>BS</arg>
<arg>BT</arg>
<arg>BV</arg>
<arg>BW</arg>
<arg>BY</arg>
<arg>BZ</arg>
<arg>CA</arg>
<arg>CC</arg>
<arg>CD</arg>
<arg>CF</arg>
<arg>CG</arg>
<arg>CH</arg>
<arg>CI</arg>
<arg>CK</arg>
<arg>CL</arg>
<arg>CM</arg>
<arg>CN</arg>
<arg>CO</arg>
<arg>CR</arg>
<arg>CU</arg>
<arg>CV</arg>
<arg>CW</arg>
<arg>CX</arg>
<arg>CY</arg>
<arg>CZ</arg>
<arg>DE</arg>
<arg>DJ</arg>
<arg>DK</arg>
<arg>DM</arg>
<arg>DO</arg>
<arg>DZ</arg>
<arg>EC</arg>
<arg>EE</arg>
<arg>EG</arg>
<arg>EH</arg>
<arg>ER</arg>
<arg>ES</arg>
<arg>ET</arg>
<arg>FI</arg>
<arg>FJ</arg>
<arg>FK</arg>
<arg>FM</arg>
<arg>FO</arg>
<arg>FR</arg>
<arg>GA</arg>
<arg>GB</arg>
<arg>GD</arg>
<arg>GE</arg>
<arg>GF</arg>
<arg>GG</arg>
<arg>GH</arg>
<arg>GI</arg>
<arg>GL</arg>
<arg>GM</arg>
<arg>GN</arg>
<arg>GP</arg>
<arg>GQ</arg>
<arg>GR</arg>
<arg>GS</arg>
<arg>GT</arg>
<arg>GU</arg>
<arg>GW</arg>
<arg>GY</arg>
<arg>HK</arg>
<arg>HM</arg>
<arg>HN</arg>
<arg>HR</arg>
<arg>HT</arg>
<arg>HU</arg>
<arg>ID</arg>
<arg>IE</arg>
<arg>IL</arg>
<arg>IM</arg>
<arg>IN</arg>
<arg>IO</arg>
<arg>IQ</arg>
<arg>IR</arg>
<arg>IS</arg>
<arg>IT</arg>
<arg>JE</arg>
<arg>JM</arg>
<arg>JO</arg>
<arg>JP</arg>
<arg>KE</arg>
<arg>KG</arg>
<arg>KH</arg>
<arg>KI</arg>
<arg>KM</arg>
<arg>KN</arg>
<arg>KP</arg>
<arg>KR</arg>
<arg>KW</arg>
<arg>KY</arg>
<arg>KZ</arg>
<arg>LA</arg>
<arg>LB</arg>
<arg>LC</arg>
<arg>LI</arg>
<arg>LK</arg>
<arg>LR</arg>
<arg>LS</arg>
<arg>LT</arg>
<arg>LU</arg>
<arg>LV</arg>
<arg>LY</arg>
<arg>MA</arg>
<arg>MC</arg>
<arg>MD</arg>
<arg>ME</arg>
<arg>MF</arg>
<arg>MG</arg>
<arg>MH</arg>
<arg>MK</arg>
<arg>ML</arg>
<arg>MM</arg>
<arg>MN</arg>
<arg>MO</arg>
<arg>MP</arg>
<arg>MQ</arg>
<arg>MR</arg>
<arg>MS</arg>
<arg>MT</arg>
<arg>MU</arg>
<arg>MV</arg>
<arg>MW</arg>
<arg>MX</arg>
<arg>MY</arg>
<arg>MZ</arg>
<arg>NA</arg>
<arg>NC</arg>
<arg>NE</arg>
<arg>NF</arg>
<arg>NG</arg>
<arg>NI</arg>
<arg>NL</arg>
<arg>NO</arg>
<arg>NP</arg>
<arg>NR</arg>
<arg>NU</arg>
<arg>NZ</arg>
<arg>OM</arg>
<arg>PA</arg>
<arg>PE</arg>
<arg>PF</arg>
<arg>PG</arg>
<arg>PH</arg>
<arg>PK</arg>
<arg>PL</arg>
<arg>PM</arg>
<arg>PN</arg>
<arg>PR</arg>
<arg>PS</arg>
<arg>PT</arg>
<arg>PW</arg>
<arg>PY</arg>
<arg>QA</arg>
<arg>RE</arg>
<arg>RO</arg>
<arg>RS</arg>
<arg>RU</arg>
<arg>RW</arg>
<arg>SA</arg>
<arg>SB</arg>
<arg>SC</arg>
<arg>SD</arg>
<arg>SE</arg>
<arg>SG</arg>
<arg>SH</arg>
<arg>SI</arg>
<arg>SJ</arg>
<arg>SK</arg>
<arg>SL</arg>
<arg>SM</arg>
<arg>SN</arg>
<arg>SO</arg>
<arg>SR</arg>
<arg>SS</arg>
<arg>ST</arg>
<arg>SV</arg>
<arg>SX</arg>
<arg>SY</arg>
<arg>SZ</arg>
<arg>TC</arg>
<arg>TD</arg>
<arg>TF</arg>
<arg>TG</arg>
<arg>TH</arg>
<arg>TJ</arg>
<arg>TK</arg>
<arg>TL</arg>
<arg>TM</arg>
<arg>TN</arg>
<arg>TO</arg>
<arg>TR</arg>
<arg>TT</arg>
<arg>TV</arg>
<arg>TW</arg>
<arg>TZ</arg>
<arg>UA</arg>
<arg>UG</arg>
<arg>UM</arg>
<arg>US</arg>
<arg>UY</arg>
<arg>UZ</arg>
<arg>VA</arg>
<arg>VC</arg>
<arg>VE</arg>
<arg>VG</arg>
<arg>VI</arg>
<arg>VN</arg>
<arg>VU</arg>
<arg>WF</arg>
<arg>WS</arg>
<arg>XK</arg>
<arg>YE</arg>
<arg>YT</arg>
<arg>ZA</arg>
<arg>ZM</arg>
<arg>ZW</arg>
<doc>Returns a list containing given items.</doc>
<status status="PASS" start="2024-05-06T21:13:42.516548" elapsed="0.000606"/>
</kw>
<kw name="List Should Contain Value" owner="Collections">
<msg time="2024-05-06T21:13:42.518151" level="INFO">False</msg>
<arg>${list_country}</arg>
<arg>${name_country}</arg>
<doc>Fails if the ``value`` is not found from ``list``.</doc>
<status status="PASS" start="2024-05-06T21:13:42.517943" elapsed="0.000245"/>
</kw>
<kw name="Run Keyword If" owner="BuiltIn">
<kw name="Should Be True" owner="BuiltIn">
<arg>${True}</arg>
<doc>Fails if the given condition is not true.</doc>
<status status="PASS" start="2024-05-06T21:13:42.519259" elapsed="0.000244"/>
</kw>
<arg>${json_data["results"][0]["location"]["coordinates"]["latitude"]} &gt;= -90 and ${json_data["results"][0]["location"]["coordinates"]["latitude"]} &lt;= 90</arg>
<arg>Should Be True</arg>
<arg>${True}</arg>
<doc>Runs the given keyword with the given arguments, if ``condition`` is true.</doc>
<status status="PASS" start="2024-05-06T21:13:42.518501" elapsed="0.001133"/>
</kw>
<kw name="Run Keyword If" owner="BuiltIn">
<kw name="Should Be True" owner="BuiltIn">
<arg>${True}</arg>
<doc>Fails if the given condition is not true.</doc>
<status status="PASS" start="2024-05-06T21:13:42.520559" elapsed="0.000142"/>
</kw>
<arg>${json_data["results"][0]["location"]["coordinates"]["longitude"]} &gt;= -180 and ${json_data["results"][0]["location"]["coordinates"]["longitude"]} &lt;= 180</arg>
<arg>Should Be True</arg>
<arg>${True}</arg>
<doc>Runs the given keyword with the given arguments, if ``condition`` is true.</doc>
<status status="PASS" start="2024-05-06T21:13:42.519821" elapsed="0.001006"/>
</kw>
<status status="PASS" start="2024-05-06T21:13:42.412442" elapsed="0.108514"/>
</kw>
<doc>Testa o conteúdo específico dos campos retornados pela API.</doc>
<tag>testeConteudo</tag>
<status status="PASS" start="2024-05-06T21:13:42.411886" elapsed="0.109212"/>
</test>
<status status="PASS" start="2024-05-06T21:13:41.597123" elapsed="0.925973"/>
</suite>
<status status="PASS" start="2024-05-06T21:13:41.583624" elapsed="0.944640"/>
</suite>
<statistics>
<total>
<stat pass="5" fail="0" skip="0">All Tests</stat>
</total>
<tag>
<stat pass="1" fail="0" skip="0">testeConteudo</stat>
<stat pass="1" fail="0" skip="0">testeEstruturaResposta</stat>
<stat pass="1" fail="0" skip="0">testeRequisicaoBasica</stat>
<stat pass="1" fail="0" skip="0">testeTiposDados</stat>
</tag>
<suite>
<stat pass="5" fail="0" skip="0" id="s1" name="Tests">Tests</stat>
<stat pass="5" fail="0" skip="0" id="s1-s1" name="Random-User-Test">Tests.Random-User-Test</stat>
</suite>
</statistics>
<errors>
</errors>
</robot>
