<?xml version="1.0" encoding="UTF-8"?>
<robot generator="Robot 7.0.1 (Python 3.12.4 on linux)" generated="2024-07-10T11:13:24.312719" rpa="false" schemaversion="5">
<suite id="s1" name="Tests" source="/home/runner/work/ApiRandomUser/ApiRandomUser/RamdonUser/tests">
<suite id="s1-s1" name="Random-User-Test" source="/home/runner/work/ApiRandomUser/ApiRandomUser/RamdonUser/tests/random-user-test.robot">
<test id="s1-s1-t1" name="Conectar" line="13">
<kw name="Conectar API" owner="random-user-service">
<kw name="Create Session" owner="RequestsLibrary">
<msg time="2024-07-10T11:13:24.720356" level="INFO">Creating Session using : alias=consultarAPI, url=https://randomuser.me/, headers={},                     cookies={}, auth=None, timeout=None, proxies=None, verify=False,                     debug=0 </msg>
<arg>consultarAPI</arg>
<arg>${URL}</arg>
<doc>Create Session: create a HTTP session to a server</doc>
<status status="PASS" start="2024-07-10T11:13:24.720136" elapsed="0.000418"/>
</kw>
<status status="PASS" start="2024-07-10T11:13:24.719122" elapsed="0.001807"/>
</kw>
<status status="PASS" start="2024-07-10T11:13:24.718479" elapsed="0.002649"/>
</test>
<test id="s1-s1-t2" name="Validar retorno 200 e JSON Válido" line="16">
<kw name="Teste de Requisicao Basica" owner="random-user-service">
<kw name="GET On Session" owner="RequestsLibrary">
<msg time="2024-07-10T11:13:25.038495" level="INFO">GET Request : url=https://randomuser.me/api 
 path_url=/api 
 headers={'User-Agent': 'python-requests/2.32.3', 'Accept-Encoding': 'gzip, deflate', 'Accept': '*/*', 'Connection': 'keep-alive'} 
 body=None 
 </msg>
<msg time="2024-07-10T11:13:25.038707" level="INFO">GET Response : url=https://randomuser.me/api 
 status=200, reason=OK 
 headers={'Date': 'Wed, 10 Jul 2024 11:13:25 GMT', 'Content-Type': 'application/json; charset=utf-8', 'Transfer-Encoding': 'chunked', 'Connection': 'keep-alive', 'X-Powered-By': 'Express', 'Access-Control-Allow-Origin': '*', 'Cache-Control': 'no-cache', 'ETag': 'W/"47b-c0iLYhS4jceSeemveE/Zabuj6cA"', 'Vary': 'Accept-Encoding', 'Content-Encoding': 'gzip', 'CF-Cache-Status': 'DYNAMIC', 'Report-To': '{"endpoints":[{"url":"https:\\/\\/a.nel.cloudflare.com\\/report\\/v4?s=dSBMd%2BdtScOfAo4unRhU%2FvLPTcwFiWSlASlsJ%2F4Fg9%2BU4OJJGmClfskewml5%2BnnsJoBKxmYzpFKN%2FZDuCLDrAd3vB2Dcu1s1VgPBAfXLryfylWJe351BCoBZJA4FaIHH"}],"group":"cf-nel","max_age":604800}', 'NEL': '{"success_fraction":0,"report_to":"cf-nel","max_age":604800}', 'Server': 'cloudflare', 'CF-RAY': '8a101fd33aeb07e0-IAD', 'alt-svc': 'h3=":443"; ma=86400'} 
 body={"results":[{"gender":"male","name":{"title":"Mr","first":"Ruben","last":"Matthews"},"location":{"street":{"number":2869,"name":"North Road"},"city":"Naas","state":"Dún Laoghaire–Rathdown","country":"Ireland","postcode":50566,"coordinates":{"latitude":"3.3277","longitude":"-144.8770"},"timezone":{"offset":"+4:30","description":"Kabul"}},"email":"ruben.matthews@example.com","login":{"uuid":"d9a47a37-dfec-499e-bbc4-48e40ddd17b9","username":"smallelephant325","password":"poseidon","salt":"276WKL68","md5":"eacddaffae2715f32bfe3455111e1e77","sha1":"49db2217bcd0e6d94de26c9c4d8158e502475e97","sha256":"70ba84de591e4ea7cd38bb7d789728114942e52dd6cd868611c1c0c1c4194755"},"dob":{"date":"1976-04-09T06:07:24.345Z","age":48},"registered":{"date":"2020-01-21T04:19:48.586Z","age":4},"phone":"011-888-0465","cell":"081-250-1107","id":{"name":"PPS","value":"7456269T"},"picture":{"large":"https://randomuser.me/api/portraits/men/30.jpg","medium":"https://randomuser.me/api/portraits/med/men/30.jpg","thumbnail":"https://randomuser.me/api/portraits/thumb/men/30.jpg"},"nat":"IE"}],"info":{"seed":"013b60703d92e4c2","results":1,"page":1,"version":"1.4"}} 
 </msg>
<msg time="2024-07-10T11:13:25.038881" level="INFO">/opt/hostedtoolcache/Python/3.12.4/x64/lib/python3.12/site-packages/urllib3/connectionpool.py:1099: InsecureRequestWarning: Unverified HTTPS request is being made to host 'randomuser.me'. Adding certificate verification is strongly advised. See: https://urllib3.readthedocs.io/en/latest/advanced-usage.html#tls-warnings
  warnings.warn(</msg>
<msg time="2024-07-10T11:13:25.039088" level="INFO">${response} = &lt;Response [200]&gt;</msg>
<var>${response}</var>
<arg>consultarAPI</arg>
<arg>/api</arg>
<doc>Sends a GET request on a previously created HTTP Session.</doc>
<status status="PASS" start="2024-07-10T11:13:24.723775" elapsed="0.315370"/>
</kw>
<kw name="Should Be Equal As Numbers" owner="BuiltIn">
<msg time="2024-07-10T11:13:25.040514" level="INFO">Argument types are:
&lt;class 'int'&gt;
&lt;class 'str'&gt;</msg>
<arg>${response.status_code}</arg>
<arg>200</arg>
<doc>Fails if objects are unequal after converting them to real numbers.</doc>
<status status="PASS" start="2024-07-10T11:13:25.039800" elapsed="0.000825"/>
</kw>
<kw name="Log" owner="BuiltIn">
<msg time="2024-07-10T11:13:25.041726" level="INFO">200</msg>
<arg>${response.status_code}</arg>
<doc>Logs the given message with the given level.</doc>
<status status="PASS" start="2024-07-10T11:13:25.041117" elapsed="0.000689"/>
</kw>
<kw name="Set Variable" owner="BuiltIn">
<msg time="2024-07-10T11:13:25.043165" level="INFO">${json_data} = {'results': [{'gender': 'male', 'name': {'title': 'Mr', 'first': 'Ruben', 'last': 'Matthews'}, 'location': {'street': {'number': 2869, 'name': 'North Road'}, 'city': 'Naas', 'state': 'Dún Laoghaire–Ra...</msg>
<var>${json_data}</var>
<arg>${response.json()}</arg>
<doc>Returns the given values which can then be assigned to a variables.</doc>
<status status="PASS" start="2024-07-10T11:13:25.042337" elapsed="0.000879"/>
</kw>
<kw name="Dictionary Should Contain Key" owner="Collections">
<arg>${json_data}</arg>
<arg>results</arg>
<doc>Fails if ``key`` is not found from ``dictionary``.</doc>
<status status="PASS" start="2024-07-10T11:13:25.043684" elapsed="0.000249"/>
</kw>
<status status="PASS" start="2024-07-10T11:13:24.723518" elapsed="0.320658"/>
</kw>
<doc>Testa se a API responde corretamente e retorna um objeto JSON válido.</doc>
<tag>testeRequisicaoBasica</tag>
<status status="PASS" start="2024-07-10T11:13:24.723057" elapsed="0.321405"/>
</test>
<test id="s1-s1-t3" name="Validar estrutura de resposta" line="22">
<kw name="Teste de Estrutura de Resposta" owner="random-user-service">
<kw name="GET On Session" owner="RequestsLibrary">
<msg time="2024-07-10T11:13:25.136894" level="INFO">GET Request : url=https://randomuser.me/api 
 path_url=/api 
 headers={'User-Agent': 'python-requests/2.32.3', 'Accept-Encoding': 'gzip, deflate', 'Accept': '*/*', 'Connection': 'keep-alive'} 
 body=None 
 </msg>
<msg time="2024-07-10T11:13:25.136962" level="INFO">GET Response : url=https://randomuser.me/api 
 status=200, reason=OK 
 headers={'Date': 'Wed, 10 Jul 2024 11:13:25 GMT', 'Content-Type': 'application/json; charset=utf-8', 'Transfer-Encoding': 'chunked', 'Connection': 'keep-alive', 'X-Powered-By': 'Express', 'Access-Control-Allow-Origin': '*', 'Cache-Control': 'no-cache', 'ETag': 'W/"486-R2LZP92Ptjq6oxUknTgEVyXTsE8"', 'Vary': 'Accept-Encoding', 'Content-Encoding': 'gzip', 'CF-Cache-Status': 'DYNAMIC', 'Report-To': '{"endpoints":[{"url":"https:\\/\\/a.nel.cloudflare.com\\/report\\/v4?s=6EdOt1LhsHveQTb3ekKsKiVgNe0X2S2EVhf1X%2F4rjhSdoNFz70KzAwwA%2FvKwDVPiRYInQFjm8%2Bzww6AIDM4xgSGyEBw6Hzk8z%2FQV1I2j8pKALnVmWOD0%2Fmg9CAfRV564"}],"group":"cf-nel","max_age":604800}', 'NEL': '{"success_fraction":0,"report_to":"cf-nel","max_age":604800}', 'Server': 'cloudflare', 'CF-RAY': '8a101fd39b4607e0-IAD', 'alt-svc': 'h3=":443"; ma=86400'} 
 body={"results":[{"gender":"male","name":{"title":"Mr","first":"Ocean","last":"Tamis"},"location":{"street":{"number":7263,"name":"Barmelskamp"},"city":"Zevenaar","state":"Noord-Brabant","country":"Netherlands","postcode":"5122 VY","coordinates":{"latitude":"30.6964","longitude":"-95.2775"},"timezone":{"offset":"-11:00","description":"Midway Island, Samoa"}},"email":"ocean.tamis@example.com","login":{"uuid":"aa0b1f8e-46a7-45ad-afaf-7216b5f8889f","username":"purplezebra543","password":"westham","salt":"tzNEvQ2P","md5":"12c635370804b5b30edc58a2a93f9b8b","sha1":"7af5b419464fabcc1eea5d1b2085888c51e3eb2a","sha256":"5b1929064d59205b24f09069f2563106bd93a59ab47f3eba327f799ac001fd44"},"dob":{"date":"1952-12-31T22:52:10.384Z","age":71},"registered":{"date":"2003-07-05T06:24:09.960Z","age":21},"phone":"(0288) 782985","cell":"(06) 66290443","id":{"name":"BSN","value":"40389804"},"picture":{"large":"https://randomuser.me/api/portraits/men/39.jpg","medium":"https://randomuser.me/api/portraits/med/men/39.jpg","thumbnail":"https://randomuser.me/api/portraits/thumb/men/39.jpg"},"nat":"NL"}],"info":{"seed":"60596c6c149c3b7c","results":1,"page":1,"version":"1.4"}} 
 </msg>
<msg time="2024-07-10T11:13:25.137066" level="INFO">/opt/hostedtoolcache/Python/3.12.4/x64/lib/python3.12/site-packages/urllib3/connectionpool.py:1099: InsecureRequestWarning: Unverified HTTPS request is being made to host 'randomuser.me'. Adding certificate verification is strongly advised. See: https://urllib3.readthedocs.io/en/latest/advanced-usage.html#tls-warnings
  warnings.warn(</msg>
<msg time="2024-07-10T11:13:25.137202" level="INFO">${response} = &lt;Response [200]&gt;</msg>
<var>${response}</var>
<arg>consultarAPI</arg>
<arg>/api</arg>
<doc>Sends a GET request on a previously created HTTP Session.</doc>
<status status="PASS" start="2024-07-10T11:13:25.049058" elapsed="0.088201"/>
</kw>
<kw name="Set Variable" owner="BuiltIn">
<msg time="2024-07-10T11:13:25.138380" level="INFO">${json_data} = {'results': [{'gender': 'male', 'name': {'title': 'Mr', 'first': 'Ocean', 'last': 'Tamis'}, 'location': {'street': {'number': 7263, 'name': 'Barmelskamp'}, 'city': 'Zevenaar', 'state': 'Noord-Brabant'...</msg>
<var>${json_data}</var>
<arg>${response.json()}</arg>
<doc>Returns the given values which can then be assigned to a variables.</doc>
<status status="PASS" start="2024-07-10T11:13:25.137827" elapsed="0.000583"/>
</kw>
<kw name="Log" owner="BuiltIn">
<msg time="2024-07-10T11:13:25.138934" level="INFO">{'results': [{'gender': 'male', 'name': {'title': 'Mr', 'first': 'Ocean', 'last': 'Tamis'}, 'location': {'street': {'number': 7263, 'name': 'Barmelskamp'}, 'city': 'Zevenaar', 'state': 'Noord-Brabant', 'country': 'Netherlands', 'postcode': '5122 VY', 'coordinates': {'latitude': '30.6964', 'longitude': '-95.2775'}, 'timezone': {'offset': '-11:00', 'description': 'Midway Island, Samoa'}}, 'email': 'ocean.tamis@example.com', 'login': {'uuid': 'aa0b1f8e-46a7-45ad-afaf-7216b5f8889f', 'username': 'purplezebra543', 'password': 'westham', 'salt': 'tzNEvQ2P', 'md5': '12c635370804b5b30edc58a2a93f9b8b', 'sha1': '7af5b419464fabcc1eea5d1b2085888c51e3eb2a', 'sha256': '5b1929064d59205b24f09069f2563106bd93a59ab47f3eba327f799ac001fd44'}, 'dob': {'date': '1952-12-31T22:52:10.384Z', 'age': 71}, 'registered': {'date': '2003-07-05T06:24:09.960Z', 'age': 21}, 'phone': '(0288) 782985', 'cell': '(06) 66290443', 'id': {'name': 'BSN', 'value': '40389804'}, 'picture': {'large': 'https://randomuser.me/api/portraits/men/39.jpg', 'medium': 'https://randomuser.me/api/portraits/med/men/39.jpg', 'thumbnail': 'https://randomuser.me/api/portraits/thumb/men/39.jpg'}, 'nat': 'NL'}], 'info': {'seed': '60596c6c149c3b7c', 'results': 1, 'page': 1, 'version': '1.4'}}</msg>
<arg>${json_data}</arg>
<doc>Logs the given message with the given level.</doc>
<status status="PASS" start="2024-07-10T11:13:25.138733" elapsed="0.000252"/>
</kw>
<kw name="Dictionary Should Contain Key" owner="Collections">
<arg>${json_data}</arg>
<arg>results</arg>
<doc>Fails if ``key`` is not found from ``dictionary``.</doc>
<status status="PASS" start="2024-07-10T11:13:25.139289" elapsed="0.000162"/>
</kw>
<kw name="Should Not Be Empty" owner="BuiltIn">
<msg time="2024-07-10T11:13:25.139778" level="INFO">Length is 2.</msg>
<arg>${json_data}</arg>
<doc>Verifies that the given item is not empty.</doc>
<status status="PASS" start="2024-07-10T11:13:25.139641" elapsed="0.000177"/>
</kw>
<kw name="Create List" owner="BuiltIn">
<msg time="2024-07-10T11:13:25.140396" level="INFO">${expected_keys} = ['gender', 'name', 'location', 'email', 'login']</msg>
<var>${expected_keys}</var>
<arg>gender</arg>
<arg>name</arg>
<arg>location</arg>
<arg>email</arg>
<arg>login</arg>
<doc>Returns a list containing given items.</doc>
<status status="PASS" start="2024-07-10T11:13:25.140114" elapsed="0.000308"/>
</kw>
<for flavor="IN">
<iter>
<kw name="Dictionary Should Contain Key" owner="Collections">
<arg>${json_data['results'][0]}</arg>
<arg>${key}</arg>
<doc>Fails if ``key`` is not found from ``dictionary``.</doc>
<status status="PASS" start="2024-07-10T11:13:25.141001" elapsed="0.000403"/>
</kw>
<kw name="Log" owner="BuiltIn">
<msg time="2024-07-10T11:13:25.141966" level="INFO">{'gender': 'male', 'name': {'title': 'Mr', 'first': 'Ocean', 'last': 'Tamis'}, 'location': {'street': {'number': 7263, 'name': 'Barmelskamp'}, 'city': 'Zevenaar', 'state': 'Noord-Brabant', 'country': 'Netherlands', 'postcode': '5122 VY', 'coordinates': {'latitude': '30.6964', 'longitude': '-95.2775'}, 'timezone': {'offset': '-11:00', 'description': 'Midway Island, Samoa'}}, 'email': 'ocean.tamis@example.com', 'login': {'uuid': 'aa0b1f8e-46a7-45ad-afaf-7216b5f8889f', 'username': 'purplezebra543', 'password': 'westham', 'salt': 'tzNEvQ2P', 'md5': '12c635370804b5b30edc58a2a93f9b8b', 'sha1': '7af5b419464fabcc1eea5d1b2085888c51e3eb2a', 'sha256': '5b1929064d59205b24f09069f2563106bd93a59ab47f3eba327f799ac001fd44'}, 'dob': {'date': '1952-12-31T22:52:10.384Z', 'age': 71}, 'registered': {'date': '2003-07-05T06:24:09.960Z', 'age': 21}, 'phone': '(0288) 782985', 'cell': '(06) 66290443', 'id': {'name': 'BSN', 'value': '40389804'}, 'picture': {'large': 'https://randomuser.me/api/portraits/men/39.jpg', 'medium': 'https://randomuser.me/api/portraits/med/men/39.jpg', 'thumbnail': 'https://randomuser.me/api/portraits/thumb/men/39.jpg'}, 'nat': 'NL'}</msg>
<arg>${json_data['results'][0]}</arg>
<doc>Logs the given message with the given level.</doc>
<status status="PASS" start="2024-07-10T11:13:25.141596" elapsed="0.000421"/>
</kw>
<kw name="Log" owner="BuiltIn">
<msg time="2024-07-10T11:13:25.142454" level="INFO">gender</msg>
<arg>${key}</arg>
<doc>Logs the given message with the given level.</doc>
<status status="PASS" start="2024-07-10T11:13:25.142324" elapsed="0.000170"/>
</kw>
<var name="${key}">gender</var>
<status status="PASS" start="2024-07-10T11:13:25.140875" elapsed="0.001838"/>
</iter>
<iter>
<kw name="Dictionary Should Contain Key" owner="Collections">
<arg>${json_data['results'][0]}</arg>
<arg>${key}</arg>
<doc>Fails if ``key`` is not found from ``dictionary``.</doc>
<status status="PASS" start="2024-07-10T11:13:25.143052" elapsed="0.000420"/>
</kw>
<kw name="Log" owner="BuiltIn">
<msg time="2024-07-10T11:13:25.144020" level="INFO">{'gender': 'male', 'name': {'title': 'Mr', 'first': 'Ocean', 'last': 'Tamis'}, 'location': {'street': {'number': 7263, 'name': 'Barmelskamp'}, 'city': 'Zevenaar', 'state': 'Noord-Brabant', 'country': 'Netherlands', 'postcode': '5122 VY', 'coordinates': {'latitude': '30.6964', 'longitude': '-95.2775'}, 'timezone': {'offset': '-11:00', 'description': 'Midway Island, Samoa'}}, 'email': 'ocean.tamis@example.com', 'login': {'uuid': 'aa0b1f8e-46a7-45ad-afaf-7216b5f8889f', 'username': 'purplezebra543', 'password': 'westham', 'salt': 'tzNEvQ2P', 'md5': '12c635370804b5b30edc58a2a93f9b8b', 'sha1': '7af5b419464fabcc1eea5d1b2085888c51e3eb2a', 'sha256': '5b1929064d59205b24f09069f2563106bd93a59ab47f3eba327f799ac001fd44'}, 'dob': {'date': '1952-12-31T22:52:10.384Z', 'age': 71}, 'registered': {'date': '2003-07-05T06:24:09.960Z', 'age': 21}, 'phone': '(0288) 782985', 'cell': '(06) 66290443', 'id': {'name': 'BSN', 'value': '40389804'}, 'picture': {'large': 'https://randomuser.me/api/portraits/men/39.jpg', 'medium': 'https://randomuser.me/api/portraits/med/men/39.jpg', 'thumbnail': 'https://randomuser.me/api/portraits/thumb/men/39.jpg'}, 'nat': 'NL'}</msg>
<arg>${json_data['results'][0]}</arg>
<doc>Logs the given message with the given level.</doc>
<status status="PASS" start="2024-07-10T11:13:25.143668" elapsed="0.000435"/>
</kw>
<kw name="Log" owner="BuiltIn">
<msg time="2024-07-10T11:13:25.144538" level="INFO">name</msg>
<arg>${key}</arg>
<doc>Logs the given message with the given level.</doc>
<status status="PASS" start="2024-07-10T11:13:25.144408" elapsed="0.000169"/>
</kw>
<var name="${key}">name</var>
<status status="PASS" start="2024-07-10T11:13:25.142936" elapsed="0.001861"/>
</iter>
<iter>
<kw name="Dictionary Should Contain Key" owner="Collections">
<arg>${json_data['results'][0]}</arg>
<arg>${key}</arg>
<doc>Fails if ``key`` is not found from ``dictionary``.</doc>
<status status="PASS" start="2024-07-10T11:13:25.145087" elapsed="0.000381"/>
</kw>
<kw name="Log" owner="BuiltIn">
<msg time="2024-07-10T11:13:25.145998" level="INFO">{'gender': 'male', 'name': {'title': 'Mr', 'first': 'Ocean', 'last': 'Tamis'}, 'location': {'street': {'number': 7263, 'name': 'Barmelskamp'}, 'city': 'Zevenaar', 'state': 'Noord-Brabant', 'country': 'Netherlands', 'postcode': '5122 VY', 'coordinates': {'latitude': '30.6964', 'longitude': '-95.2775'}, 'timezone': {'offset': '-11:00', 'description': 'Midway Island, Samoa'}}, 'email': 'ocean.tamis@example.com', 'login': {'uuid': 'aa0b1f8e-46a7-45ad-afaf-7216b5f8889f', 'username': 'purplezebra543', 'password': 'westham', 'salt': 'tzNEvQ2P', 'md5': '12c635370804b5b30edc58a2a93f9b8b', 'sha1': '7af5b419464fabcc1eea5d1b2085888c51e3eb2a', 'sha256': '5b1929064d59205b24f09069f2563106bd93a59ab47f3eba327f799ac001fd44'}, 'dob': {'date': '1952-12-31T22:52:10.384Z', 'age': 71}, 'registered': {'date': '2003-07-05T06:24:09.960Z', 'age': 21}, 'phone': '(0288) 782985', 'cell': '(06) 66290443', 'id': {'name': 'BSN', 'value': '40389804'}, 'picture': {'large': 'https://randomuser.me/api/portraits/men/39.jpg', 'medium': 'https://randomuser.me/api/portraits/med/men/39.jpg', 'thumbnail': 'https://randomuser.me/api/portraits/thumb/men/39.jpg'}, 'nat': 'NL'}</msg>
<arg>${json_data['results'][0]}</arg>
<doc>Logs the given message with the given level.</doc>
<status status="PASS" start="2024-07-10T11:13:25.145651" elapsed="0.000396"/>
</kw>
<kw name="Log" owner="BuiltIn">
<msg time="2024-07-10T11:13:25.146469" level="INFO">location</msg>
<arg>${key}</arg>
<doc>Logs the given message with the given level.</doc>
<status status="PASS" start="2024-07-10T11:13:25.146343" elapsed="0.000177"/>
</kw>
<var name="${key}">location</var>
<status status="PASS" start="2024-07-10T11:13:25.144978" elapsed="0.001756"/>
</iter>
<iter>
<kw name="Dictionary Should Contain Key" owner="Collections">
<arg>${json_data['results'][0]}</arg>
<arg>${key}</arg>
<doc>Fails if ``key`` is not found from ``dictionary``.</doc>
<status status="PASS" start="2024-07-10T11:13:25.147063" elapsed="0.000389"/>
</kw>
<kw name="Log" owner="BuiltIn">
<msg time="2024-07-10T11:13:25.147981" level="INFO">{'gender': 'male', 'name': {'title': 'Mr', 'first': 'Ocean', 'last': 'Tamis'}, 'location': {'street': {'number': 7263, 'name': 'Barmelskamp'}, 'city': 'Zevenaar', 'state': 'Noord-Brabant', 'country': 'Netherlands', 'postcode': '5122 VY', 'coordinates': {'latitude': '30.6964', 'longitude': '-95.2775'}, 'timezone': {'offset': '-11:00', 'description': 'Midway Island, Samoa'}}, 'email': 'ocean.tamis@example.com', 'login': {'uuid': 'aa0b1f8e-46a7-45ad-afaf-7216b5f8889f', 'username': 'purplezebra543', 'password': 'westham', 'salt': 'tzNEvQ2P', 'md5': '12c635370804b5b30edc58a2a93f9b8b', 'sha1': '7af5b419464fabcc1eea5d1b2085888c51e3eb2a', 'sha256': '5b1929064d59205b24f09069f2563106bd93a59ab47f3eba327f799ac001fd44'}, 'dob': {'date': '1952-12-31T22:52:10.384Z', 'age': 71}, 'registered': {'date': '2003-07-05T06:24:09.960Z', 'age': 21}, 'phone': '(0288) 782985', 'cell': '(06) 66290443', 'id': {'name': 'BSN', 'value': '40389804'}, 'picture': {'large': 'https://randomuser.me/api/portraits/men/39.jpg', 'medium': 'https://randomuser.me/api/portraits/med/men/39.jpg', 'thumbnail': 'https://randomuser.me/api/portraits/thumb/men/39.jpg'}, 'nat': 'NL'}</msg>
<arg>${json_data['results'][0]}</arg>
<doc>Logs the given message with the given level.</doc>
<status status="PASS" start="2024-07-10T11:13:25.147634" elapsed="0.000398"/>
</kw>
<kw name="Log" owner="BuiltIn">
<msg time="2024-07-10T11:13:25.148466" level="INFO">email</msg>
<arg>${key}</arg>
<doc>Logs the given message with the given level.</doc>
<status status="PASS" start="2024-07-10T11:13:25.148335" elapsed="0.000169"/>
</kw>
<var name="${key}">email</var>
<status status="PASS" start="2024-07-10T11:13:25.146953" elapsed="0.001774"/>
</iter>
<iter>
<kw name="Dictionary Should Contain Key" owner="Collections">
<arg>${json_data['results'][0]}</arg>
<arg>${key}</arg>
<doc>Fails if ``key`` is not found from ``dictionary``.</doc>
<status status="PASS" start="2024-07-10T11:13:25.149014" elapsed="0.000387"/>
</kw>
<kw name="Log" owner="BuiltIn">
<msg time="2024-07-10T11:13:25.149932" level="INFO">{'gender': 'male', 'name': {'title': 'Mr', 'first': 'Ocean', 'last': 'Tamis'}, 'location': {'street': {'number': 7263, 'name': 'Barmelskamp'}, 'city': 'Zevenaar', 'state': 'Noord-Brabant', 'country': 'Netherlands', 'postcode': '5122 VY', 'coordinates': {'latitude': '30.6964', 'longitude': '-95.2775'}, 'timezone': {'offset': '-11:00', 'description': 'Midway Island, Samoa'}}, 'email': 'ocean.tamis@example.com', 'login': {'uuid': 'aa0b1f8e-46a7-45ad-afaf-7216b5f8889f', 'username': 'purplezebra543', 'password': 'westham', 'salt': 'tzNEvQ2P', 'md5': '12c635370804b5b30edc58a2a93f9b8b', 'sha1': '7af5b419464fabcc1eea5d1b2085888c51e3eb2a', 'sha256': '5b1929064d59205b24f09069f2563106bd93a59ab47f3eba327f799ac001fd44'}, 'dob': {'date': '1952-12-31T22:52:10.384Z', 'age': 71}, 'registered': {'date': '2003-07-05T06:24:09.960Z', 'age': 21}, 'phone': '(0288) 782985', 'cell': '(06) 66290443', 'id': {'name': 'BSN', 'value': '40389804'}, 'picture': {'large': 'https://randomuser.me/api/portraits/men/39.jpg', 'medium': 'https://randomuser.me/api/portraits/med/men/39.jpg', 'thumbnail': 'https://randomuser.me/api/portraits/thumb/men/39.jpg'}, 'nat': 'NL'}</msg>
<arg>${json_data['results'][0]}</arg>
<doc>Logs the given message with the given level.</doc>
<status status="PASS" start="2024-07-10T11:13:25.149586" elapsed="0.000396"/>
</kw>
<kw name="Log" owner="BuiltIn">
<msg time="2024-07-10T11:13:25.150404" level="INFO">login</msg>
<arg>${key}</arg>
<doc>Logs the given message with the given level.</doc>
<status status="PASS" start="2024-07-10T11:13:25.150277" elapsed="0.000165"/>
</kw>
<var name="${key}">login</var>
<status status="PASS" start="2024-07-10T11:13:25.148900" elapsed="0.001758"/>
</iter>
<var>${key}</var>
<value>@{expected_keys}</value>
<status status="PASS" start="2024-07-10T11:13:25.140688" elapsed="0.010091"/>
</for>
<kw name="Create List" owner="BuiltIn">
<msg time="2024-07-10T11:13:25.151183" level="INFO">${expected_keysTwo} = ['username', 'password']</msg>
<var>${expected_keysTwo}</var>
<arg>username</arg>
<arg>password</arg>
<doc>Returns a list containing given items.</doc>
<status status="PASS" start="2024-07-10T11:13:25.151041" elapsed="0.000167"/>
</kw>
<for flavor="IN">
<iter>
<kw name="Dictionary Should Contain Key" owner="Collections">
<arg>${json_data['results'][0]['login']}</arg>
<arg>${keyTwo}</arg>
<doc>Fails if ``key`` is not found from ``dictionary``.</doc>
<status status="PASS" start="2024-07-10T11:13:25.151740" elapsed="0.000392"/>
</kw>
<kw name="Dictionary Should Contain Key" owner="Collections">
<arg>${json_data['results'][0]['login']}</arg>
<arg>${keyTwo}</arg>
<doc>Fails if ``key`` is not found from ``dictionary``.</doc>
<status status="PASS" start="2024-07-10T11:13:25.152324" elapsed="0.000374"/>
</kw>
<kw name="Log" owner="BuiltIn">
<msg time="2024-07-10T11:13:25.153004" level="INFO">username</msg>
<arg>${keyTwo}</arg>
<doc>Logs the given message with the given level.</doc>
<status status="PASS" start="2024-07-10T11:13:25.152883" elapsed="0.000161"/>
</kw>
<var name="${keyTwo}">username</var>
<status status="PASS" start="2024-07-10T11:13:25.151630" elapsed="0.001632"/>
</iter>
<iter>
<kw name="Dictionary Should Contain Key" owner="Collections">
<arg>${json_data['results'][0]['login']}</arg>
<arg>${keyTwo}</arg>
<doc>Fails if ``key`` is not found from ``dictionary``.</doc>
<status status="PASS" start="2024-07-10T11:13:25.153545" elapsed="0.000388"/>
</kw>
<kw name="Dictionary Should Contain Key" owner="Collections">
<arg>${json_data['results'][0]['login']}</arg>
<arg>${keyTwo}</arg>
<doc>Fails if ``key`` is not found from ``dictionary``.</doc>
<status status="PASS" start="2024-07-10T11:13:25.154114" elapsed="0.000367"/>
</kw>
<kw name="Log" owner="BuiltIn">
<msg time="2024-07-10T11:13:25.154779" level="INFO">password</msg>
<arg>${keyTwo}</arg>
<doc>Logs the given message with the given level.</doc>
<status status="PASS" start="2024-07-10T11:13:25.154660" elapsed="0.000183"/>
</kw>
<var name="${keyTwo}">password</var>
<status status="PASS" start="2024-07-10T11:13:25.153437" elapsed="0.001724"/>
</iter>
<var>${keyTwo}</var>
<value>@{expected_keysTwo}</value>
<status status="PASS" start="2024-07-10T11:13:25.151472" elapsed="0.003812"/>
</for>
<status status="PASS" start="2024-07-10T11:13:25.048662" elapsed="0.106762"/>
</kw>
<doc>Testa a estrutura da resposta da API.</doc>
<tag>testeEstruturaResposta</tag>
<status status="PASS" start="2024-07-10T11:13:25.047859" elapsed="0.107713"/>
</test>
<test id="s1-s1-t4" name="Validar tipos de dados" line="28">
<kw name="Teste de Tipos de Dados" owner="random-user-service">
<kw name="GET On Session" owner="RequestsLibrary">
<msg time="2024-07-10T11:13:25.236277" level="INFO">GET Request : url=https://randomuser.me/api 
 path_url=/api 
 headers={'User-Agent': 'python-requests/2.32.3', 'Accept-Encoding': 'gzip, deflate', 'Accept': '*/*', 'Connection': 'keep-alive'} 
 body=None 
 </msg>
<msg time="2024-07-10T11:13:25.236362" level="INFO">GET Response : url=https://randomuser.me/api 
 status=200, reason=OK 
 headers={'Date': 'Wed, 10 Jul 2024 11:13:25 GMT', 'Content-Type': 'application/json; charset=utf-8', 'Transfer-Encoding': 'chunked', 'Connection': 'keep-alive', 'X-Powered-By': 'Express', 'Access-Control-Allow-Origin': '*', 'Cache-Control': 'no-cache', 'ETag': 'W/"472-nwQPUZkjcRqp17YVY8+YYNiVEWo"', 'Vary': 'Accept-Encoding', 'Content-Encoding': 'gzip', 'CF-Cache-Status': 'DYNAMIC', 'Report-To': '{"endpoints":[{"url":"https:\\/\\/a.nel.cloudflare.com\\/report\\/v4?s=qRrGJRxGoI3zVUocrB5sKxymmWUmEzL5%2BUSNosenc25kDYCQOfEe%2BtG0VHNuxim%2BVqclF9EXenB6d9m48oHyl9pHJuEljOTfqp2HioPmIDF87W3sSieGBRzgq6Wnm9aH"}],"group":"cf-nel","max_age":604800}', 'NEL': '{"success_fraction":0,"report_to":"cf-nel","max_age":604800}', 'Server': 'cloudflare', 'CF-RAY': '8a101fd43be507e0-IAD', 'alt-svc': 'h3=":443"; ma=86400'} 
 body={"results":[{"gender":"male","name":{"title":"Mr","first":"Domas","last":"Høiland"},"location":{"street":{"number":3031,"name":"Soleglad"},"city":"Kolvereid","state":"Buskerud","country":"Norway","postcode":"7066","coordinates":{"latitude":"43.2025","longitude":"-90.4869"},"timezone":{"offset":"-12:00","description":"Eniwetok, Kwajalein"}},"email":"domas.hoiland@example.com","login":{"uuid":"3604c620-6fdc-4688-a158-131cf49c2bb9","username":"goldenleopard205","password":"asdf","salt":"z7ZYzFIj","md5":"8f32e212bbcd16d13857e0df87f6e022","sha1":"8a2e51826858d79d40b87a060363f4f2f0f63715","sha256":"924e490e144aa271a90277b95038a9c0194bbc6eed3764f37e909c739692c038"},"dob":{"date":"1956-07-11T04:58:52.796Z","age":67},"registered":{"date":"2003-09-30T07:38:46.907Z","age":20},"phone":"82671775","cell":"91389460","id":{"name":"FN","value":"11075625504"},"picture":{"large":"https://randomuser.me/api/portraits/men/76.jpg","medium":"https://randomuser.me/api/portraits/med/men/76.jpg","thumbnail":"https://randomuser.me/api/portraits/thumb/men/76.jpg"},"nat":"NO"}],"info":{"seed":"642754d14964a471","results":1,"page":1,"version":"1.4"}} 
 </msg>
<msg time="2024-07-10T11:13:25.236437" level="INFO">/opt/hostedtoolcache/Python/3.12.4/x64/lib/python3.12/site-packages/urllib3/connectionpool.py:1099: InsecureRequestWarning: Unverified HTTPS request is being made to host 'randomuser.me'. Adding certificate verification is strongly advised. See: https://urllib3.readthedocs.io/en/latest/advanced-usage.html#tls-warnings
  warnings.warn(</msg>
<msg time="2024-07-10T11:13:25.236556" level="INFO">${response} = &lt;Response [200]&gt;</msg>
<var>${response}</var>
<arg>consultarAPI</arg>
<arg>/api</arg>
<doc>Sends a GET request on a previously created HTTP Session.</doc>
<status status="PASS" start="2024-07-10T11:13:25.158090" elapsed="0.078524"/>
</kw>
<kw name="Set Variable" owner="BuiltIn">
<msg time="2024-07-10T11:13:25.237640" level="INFO">${json_data} = {'results': [{'gender': 'male', 'name': {'title': 'Mr', 'first': 'Domas', 'last': 'Høiland'}, 'location': {'street': {'number': 3031, 'name': 'Soleglad'}, 'city': 'Kolvereid', 'state': 'Buskerud', 'co...</msg>
<var>${json_data}</var>
<arg>${response.json()}</arg>
<doc>Returns the given values which can then be assigned to a variables.</doc>
<status status="PASS" start="2024-07-10T11:13:25.237075" elapsed="0.000596"/>
</kw>
<kw name="Log" owner="BuiltIn">
<msg time="2024-07-10T11:13:25.238134" level="INFO">{'results': [{'gender': 'male', 'name': {'title': 'Mr', 'first': 'Domas', 'last': 'Høiland'}, 'location': {'street': {'number': 3031, 'name': 'Soleglad'}, 'city': 'Kolvereid', 'state': 'Buskerud', 'country': 'Norway', 'postcode': '7066', 'coordinates': {'latitude': '43.2025', 'longitude': '-90.4869'}, 'timezone': {'offset': '-12:00', 'description': 'Eniwetok, Kwajalein'}}, 'email': 'domas.hoiland@example.com', 'login': {'uuid': '3604c620-6fdc-4688-a158-131cf49c2bb9', 'username': 'goldenleopard205', 'password': 'asdf', 'salt': 'z7ZYzFIj', 'md5': '8f32e212bbcd16d13857e0df87f6e022', 'sha1': '8a2e51826858d79d40b87a060363f4f2f0f63715', 'sha256': '924e490e144aa271a90277b95038a9c0194bbc6eed3764f37e909c739692c038'}, 'dob': {'date': '1956-07-11T04:58:52.796Z', 'age': 67}, 'registered': {'date': '2003-09-30T07:38:46.907Z', 'age': 20}, 'phone': '82671775', 'cell': '91389460', 'id': {'name': 'FN', 'value': '11075625504'}, 'picture': {'large': 'https://randomuser.me/api/portraits/men/76.jpg', 'medium': 'https://randomuser.me/api/portraits/med/men/76.jpg', 'thumbnail': 'https://randomuser.me/api/portraits/thumb/men/76.jpg'}, 'nat': 'NO'}], 'info': {'seed': '642754d14964a471', 'results': 1, 'page': 1, 'version': '1.4'}}</msg>
<arg>${json_data}</arg>
<doc>Logs the given message with the given level.</doc>
<status status="PASS" start="2024-07-10T11:13:25.237981" elapsed="0.000203"/>
</kw>
<kw name="Should Be String" owner="String">
<arg>${json_data['results'][0]['gender']}</arg>
<doc>Fails if the given ``item`` is not a string.</doc>
<status status="PASS" start="2024-07-10T11:13:25.238474" elapsed="0.000395"/>
</kw>
<kw name="Should Match Regexp" owner="BuiltIn">
<arg>${json_data['results'][0]['email']}</arg>
<arg>^[a-zA-Z0-9._%+-]+@[a-zA-Z0-9.-]+\.[a-zA-Z]{2,}$</arg>
<doc>Fails if ``string`` does not match ``pattern`` as a regular expression.</doc>
<status status="PASS" start="2024-07-10T11:13:25.239068" elapsed="0.000513"/>
</kw>
<kw name="Should Match Regexp" owner="BuiltIn">
<arg>${json_data['results'][0]['dob']['date']}</arg>
<arg>\\d{4}-\\d{2}-\\d{2}T\\d{2}:\\d{2}:\\d{2}\\.\\d{3}Z</arg>
<doc>Fails if ``string`` does not match ``pattern`` as a regular expression.</doc>
<status status="PASS" start="2024-07-10T11:13:25.239813" elapsed="0.000505"/>
</kw>
<kw name="Should Match Regexp" owner="BuiltIn">
<arg>${json_data['results'][0]['registered']['date']}</arg>
<arg>\\d{4}-\\d{2}-\\d{2}T\\d{2}:\\d{2}:\\d{2}\\.\\d{3}Z</arg>
<doc>Fails if ``string`` does not match ``pattern`` as a regular expression.</doc>
<status status="PASS" start="2024-07-10T11:13:25.240515" elapsed="0.000370"/>
</kw>
<kw name="Should Match Regexp" owner="BuiltIn">
<arg>${json_data['results'][0]['picture']['large']}</arg>
<arg>^https?://.*\.(?:png|jpe?g|gif|bmp)$</arg>
<doc>Fails if ``string`` does not match ``pattern`` as a regular expression.</doc>
<status status="PASS" start="2024-07-10T11:13:25.241070" elapsed="0.000463"/>
</kw>
<kw name="Should Match Regexp" owner="BuiltIn">
<arg>${json_data['results'][0]['picture']['medium']}</arg>
<arg>^https?://.*\.(?:png|jpe?g|gif|bmp)$</arg>
<doc>Fails if ``string`` does not match ``pattern`` as a regular expression.</doc>
<status status="PASS" start="2024-07-10T11:13:25.241719" elapsed="0.000347"/>
</kw>
<kw name="Should Match Regexp" owner="BuiltIn">
<arg>${json_data['results'][0]['picture']['thumbnail']}</arg>
<arg>^https?://.*\.(?:png|jpe?g|gif|bmp)$</arg>
<doc>Fails if ``string`` does not match ``pattern`` as a regular expression.</doc>
<status status="PASS" start="2024-07-10T11:13:25.242250" elapsed="0.000347"/>
</kw>
<kw name="Log" owner="BuiltIn">
<msg time="2024-07-10T11:13:25.243146" level="INFO">{'large': 'https://randomuser.me/api/portraits/men/76.jpg', 'medium': 'https://randomuser.me/api/portraits/med/men/76.jpg', 'thumbnail': 'https://randomuser.me/api/portraits/thumb/men/76.jpg'}</msg>
<arg>${json_data['results'][0]['picture']}</arg>
<doc>Logs the given message with the given level.</doc>
<status status="PASS" start="2024-07-10T11:13:25.242781" elapsed="0.000409"/>
</kw>
<status status="PASS" start="2024-07-10T11:13:25.157868" elapsed="0.085579"/>
</kw>
<kw name="Teste de Tipos de Dados - Postcode" owner="random-user-service">
<kw name="GET On Session" owner="RequestsLibrary">
<msg time="2024-07-10T11:13:25.343069" level="INFO">GET Request : url=https://randomuser.me/api 
 path_url=/api 
 headers={'User-Agent': 'python-requests/2.32.3', 'Accept-Encoding': 'gzip, deflate', 'Accept': '*/*', 'Connection': 'keep-alive'} 
 body=None 
 </msg>
<msg time="2024-07-10T11:13:25.343148" level="INFO">GET Response : url=https://randomuser.me/api 
 status=200, reason=OK 
 headers={'Date': 'Wed, 10 Jul 2024 11:13:25 GMT', 'Content-Type': 'application/json; charset=utf-8', 'Transfer-Encoding': 'chunked', 'Connection': 'keep-alive', 'X-Powered-By': 'Express', 'Access-Control-Allow-Origin': '*', 'Cache-Control': 'no-cache', 'ETag': 'W/"485-yuBdOVnth38ouEiHmoPpVHbLUso"', 'Vary': 'Accept-Encoding', 'Content-Encoding': 'gzip', 'CF-Cache-Status': 'DYNAMIC', 'Report-To': '{"endpoints":[{"url":"https:\\/\\/a.nel.cloudflare.com\\/report\\/v4?s=iVniPx3x63Q7t8%2F8hzxjn%2BZU2Le2BpDGg1aG1Gu1SBIAaB8aLpAaZSqXUO498XAdmqvXHRAxFiL1nwFDZ6JEjIi1emUS1PW1jyRpDfxmdFASWNus%2BQMLjpUMwj%2FOT883"}],"group":"cf-nel","max_age":604800}', 'NEL': '{"success_fraction":0,"report_to":"cf-nel","max_age":604800}', 'Server': 'cloudflare', 'CF-RAY': '8a101fd4cc6307e0-IAD', 'alt-svc': 'h3=":443"; ma=86400'} 
 body={"results":[{"gender":"female","name":{"title":"Miss","first":"Malou","last":"Pedersen"},"location":{"street":{"number":6989,"name":"Ellemosevej"},"city":"Vesterborg","state":"Hovedstaden","country":"Denmark","postcode":45209,"coordinates":{"latitude":"-40.8739","longitude":"56.5452"},"timezone":{"offset":"-12:00","description":"Eniwetok, Kwajalein"}},"email":"malou.pedersen@example.com","login":{"uuid":"9b30b2e3-6d0b-4501-93b5-59d7989de730","username":"greengoose627","password":"redsox1","salt":"ZbQwdg2m","md5":"385310001552a060c2ac854be4efc1b0","sha1":"ba8b53a5ff77cc980ca67f2619bf2544f78ed245","sha256":"1ab49562d0ac022fa4436cd717c766d0d9700c7857ef7259fbee1fd961d0329a"},"dob":{"date":"1992-03-23T13:13:53.529Z","age":32},"registered":{"date":"2011-01-18T09:33:12.987Z","age":13},"phone":"55894206","cell":"03539626","id":{"name":"CPR","value":"230392-8387"},"picture":{"large":"https://randomuser.me/api/portraits/women/59.jpg","medium":"https://randomuser.me/api/portraits/med/women/59.jpg","thumbnail":"https://randomuser.me/api/portraits/thumb/women/59.jpg"},"nat":"DK"}],"info":{"seed":"dfccc5751bb5eb42","results":1,"page":1,"version":"1.4"}} 
 </msg>
<msg time="2024-07-10T11:13:25.343226" level="INFO">/opt/hostedtoolcache/Python/3.12.4/x64/lib/python3.12/site-packages/urllib3/connectionpool.py:1099: InsecureRequestWarning: Unverified HTTPS request is being made to host 'randomuser.me'. Adding certificate verification is strongly advised. See: https://urllib3.readthedocs.io/en/latest/advanced-usage.html#tls-warnings
  warnings.warn(</msg>
<msg time="2024-07-10T11:13:25.343340" level="INFO">${response} = &lt;Response [200]&gt;</msg>
<var>${response}</var>
<arg>consultarAPI</arg>
<arg>/api</arg>
<doc>Sends a GET request on a previously created HTTP Session.</doc>
<status status="PASS" start="2024-07-10T11:13:25.243871" elapsed="0.099519"/>
</kw>
<kw name="Set Variable" owner="BuiltIn">
<msg time="2024-07-10T11:13:25.344470" level="INFO">${json_data} = {'results': [{'gender': 'female', 'name': {'title': 'Miss', 'first': 'Malou', 'last': 'Pedersen'}, 'location': {'street': {'number': 6989, 'name': 'Ellemosevej'}, 'city': 'Vesterborg', 'state': 'Hoved...</msg>
<var>${json_data}</var>
<arg>${response.json()}</arg>
<doc>Returns the given values which can then be assigned to a variables.</doc>
<status status="PASS" start="2024-07-10T11:13:25.343925" elapsed="0.000574"/>
</kw>
<kw name="Log" owner="BuiltIn">
<msg time="2024-07-10T11:13:25.344961" level="INFO">{'results': [{'gender': 'female', 'name': {'title': 'Miss', 'first': 'Malou', 'last': 'Pedersen'}, 'location': {'street': {'number': 6989, 'name': 'Ellemosevej'}, 'city': 'Vesterborg', 'state': 'Hovedstaden', 'country': 'Denmark', 'postcode': 45209, 'coordinates': {'latitude': '-40.8739', 'longitude': '56.5452'}, 'timezone': {'offset': '-12:00', 'description': 'Eniwetok, Kwajalein'}}, 'email': 'malou.pedersen@example.com', 'login': {'uuid': '9b30b2e3-6d0b-4501-93b5-59d7989de730', 'username': 'greengoose627', 'password': 'redsox1', 'salt': 'ZbQwdg2m', 'md5': '385310001552a060c2ac854be4efc1b0', 'sha1': 'ba8b53a5ff77cc980ca67f2619bf2544f78ed245', 'sha256': '1ab49562d0ac022fa4436cd717c766d0d9700c7857ef7259fbee1fd961d0329a'}, 'dob': {'date': '1992-03-23T13:13:53.529Z', 'age': 32}, 'registered': {'date': '2011-01-18T09:33:12.987Z', 'age': 13}, 'phone': '55894206', 'cell': '03539626', 'id': {'name': 'CPR', 'value': '230392-8387'}, 'picture': {'large': 'https://randomuser.me/api/portraits/women/59.jpg', 'medium': 'https://randomuser.me/api/portraits/med/women/59.jpg', 'thumbnail': 'https://randomuser.me/api/portraits/thumb/women/59.jpg'}, 'nat': 'DK'}], 'info': {'seed': 'dfccc5751bb5eb42', 'results': 1, 'page': 1, 'version': '1.4'}}</msg>
<arg>${json_data}</arg>
<doc>Logs the given message with the given level.</doc>
<status status="PASS" start="2024-07-10T11:13:25.344806" elapsed="0.000214"/>
</kw>
<kw name="Should Be Equal As Numbers" owner="BuiltIn">
<arg>${json_data['results'][0]['location']['postcode']}</arg>
<arg>${json_data['results'][0]['location']['postcode']}</arg>
<doc>Fails if objects are unequal after converting them to real numbers.</doc>
<status status="PASS" start="2024-07-10T11:13:25.345326" elapsed="0.000661"/>
</kw>
<kw name="Log" owner="BuiltIn">
<msg time="2024-07-10T11:13:25.346686" level="INFO">45209</msg>
<arg>${json_data['results'][0]['location']['postcode']}</arg>
<doc>Logs the given message with the given level.</doc>
<status status="PASS" start="2024-07-10T11:13:25.346189" elapsed="0.000542"/>
</kw>
<status status="PASS" start="2024-07-10T11:13:25.243655" elapsed="0.103408"/>
</kw>
<doc>Testa se os tipos de dados na resposta da API estão corretos.</doc>
<tag>testeTiposDados</tag>
<status status="PASS" start="2024-07-10T11:13:25.157326" elapsed="0.189916"/>
</test>
<test id="s1-s1-t5" name="Validar conteudo" line="35">
<kw name="Teste de Tipos de Conteudo" owner="random-user-service">
<kw name="GET On Session" owner="RequestsLibrary">
<msg time="2024-07-10T11:13:25.451176" level="INFO">GET Request : url=https://randomuser.me/api 
 path_url=/api 
 headers={'User-Agent': 'python-requests/2.32.3', 'Accept-Encoding': 'gzip, deflate', 'Accept': '*/*', 'Connection': 'keep-alive'} 
 body=None 
 </msg>
<msg time="2024-07-10T11:13:25.451253" level="INFO">GET Response : url=https://randomuser.me/api 
 status=200, reason=OK 
 headers={'Date': 'Wed, 10 Jul 2024 11:13:25 GMT', 'Content-Type': 'application/json; charset=utf-8', 'Transfer-Encoding': 'chunked', 'Connection': 'keep-alive', 'X-Powered-By': 'Express', 'Access-Control-Allow-Origin': '*', 'Cache-Control': 'no-cache', 'ETag': 'W/"499-n7WR9uwyn4vMO2nT2teazVI+gxI"', 'Vary': 'Accept-Encoding', 'Content-Encoding': 'gzip', 'CF-Cache-Status': 'DYNAMIC', 'Report-To': '{"endpoints":[{"url":"https:\\/\\/a.nel.cloudflare.com\\/report\\/v4?s=gqKCaZdrywosV5XUVNqfgNYxQ%2BOw739jqPGhA5WaIfWDFTGxbhh8vZ6BQMmQFQ2Je2cQo5RPBKeAwgSKryxzhE9deUmDjND8qZddwFSGJ%2Bb6WapKTpAHgUSdtmyVtisK"}],"group":"cf-nel","max_age":604800}', 'NEL': '{"success_fraction":0,"report_to":"cf-nel","max_age":604800}', 'Server': 'cloudflare', 'CF-RAY': '8a101fd57d4207e0-IAD', 'alt-svc': 'h3=":443"; ma=86400'} 
 body={"results":[{"gender":"male","name":{"title":"Mr","first":"Hunter","last":"Addy"},"location":{"street":{"number":253,"name":"Vimy St"},"city":"Inverness","state":"Prince Edward Island","country":"Canada","postcode":"I2E 5R8","coordinates":{"latitude":"-72.5328","longitude":"-54.4571"},"timezone":{"offset":"+5:00","description":"Ekaterinburg, Islamabad, Karachi, Tashkent"}},"email":"hunter.addy@example.com","login":{"uuid":"60a0f7b9-6deb-49f6-a48a-540ad5f90f04","username":"orangemouse425","password":"dentist","salt":"y16SM9zi","md5":"1b2c08d562a1adc557074018e4532451","sha1":"38eb033726504d7946ea9227e91d71be79fb7d9b","sha256":"d805423a101c8087249ce5c28ed6761c6fa05e80bde59f96f96e477ea3ba2d29"},"dob":{"date":"1961-07-16T22:55:56.741Z","age":62},"registered":{"date":"2002-03-28T00:19:56.633Z","age":22},"phone":"V39 Q09-0356","cell":"W05 H40-7227","id":{"name":"SIN","value":"958069932"},"picture":{"large":"https://randomuser.me/api/portraits/men/64.jpg","medium":"https://randomuser.me/api/portraits/med/men/64.jpg","thumbnail":"https://randomuser.me/api/portraits/thumb/men/64.jpg"},"nat":"CA"}],"info":{"seed":"b27317f25c598b68","results":1,"page":1,"version":"1.4"}} 
 </msg>
<msg time="2024-07-10T11:13:25.451313" level="INFO">/opt/hostedtoolcache/Python/3.12.4/x64/lib/python3.12/site-packages/urllib3/connectionpool.py:1099: InsecureRequestWarning: Unverified HTTPS request is being made to host 'randomuser.me'. Adding certificate verification is strongly advised. See: https://urllib3.readthedocs.io/en/latest/advanced-usage.html#tls-warnings
  warnings.warn(</msg>
<msg time="2024-07-10T11:13:25.451417" level="INFO">${response} = &lt;Response [200]&gt;</msg>
<var>${response}</var>
<arg>consultarAPI</arg>
<arg>/api</arg>
<doc>Sends a GET request on a previously created HTTP Session.</doc>
<status status="PASS" start="2024-07-10T11:13:25.349881" elapsed="0.101577"/>
</kw>
<kw name="Set Variable" owner="BuiltIn">
<msg time="2024-07-10T11:13:25.452521" level="INFO">${json_data} = {'results': [{'gender': 'male', 'name': {'title': 'Mr', 'first': 'Hunter', 'last': 'Addy'}, 'location': {'street': {'number': 253, 'name': 'Vimy St'}, 'city': 'Inverness', 'state': 'Prince Edward Isla...</msg>
<var>${json_data}</var>
<arg>${response.json()}</arg>
<doc>Returns the given values which can then be assigned to a variables.</doc>
<status status="PASS" start="2024-07-10T11:13:25.451976" elapsed="0.000575"/>
</kw>
<kw name="Set Variable" owner="BuiltIn">
<msg time="2024-07-10T11:13:25.453240" level="INFO">${name_title} = Mr</msg>
<var>${name_title}</var>
<arg>${json_data["results"][0]["name"]["title"]}</arg>
<doc>Returns the given values which can then be assigned to a variables.</doc>
<status status="PASS" start="2024-07-10T11:13:25.452855" elapsed="0.000410"/>
</kw>
<kw name="Create List" owner="BuiltIn">
<msg time="2024-07-10T11:13:25.453706" level="INFO">${allowed_titles} = ['Mr', 'Ms', 'Miss', 'Mrs', 'Madame', 'Monsieur']</msg>
<var>${allowed_titles}</var>
<arg>Mr</arg>
<arg>Ms</arg>
<arg>Miss</arg>
<arg>Mrs</arg>
<arg>Madame</arg>
<arg>Monsieur</arg>
<doc>Returns a list containing given items.</doc>
<status status="PASS" start="2024-07-10T11:13:25.453558" elapsed="0.000172"/>
</kw>
<kw name="List Should Contain Value" owner="Collections">
<arg>${allowed_titles}</arg>
<arg>${name_title}</arg>
<doc>Fails if the ``value`` is not found from ``list``.</doc>
<status status="PASS" start="2024-07-10T11:13:25.454022" elapsed="0.000193"/>
</kw>
<kw name="Set Variable" owner="BuiltIn">
<msg time="2024-07-10T11:13:25.454760" level="INFO">${name_country} = CA</msg>
<var>${name_country}</var>
<arg>${json_data["results"][0]["nat"]}</arg>
<doc>Returns the given values which can then be assigned to a variables.</doc>
<status status="PASS" start="2024-07-10T11:13:25.454394" elapsed="0.000391"/>
</kw>
<kw name="Create List" owner="BuiltIn">
<msg time="2024-07-10T11:13:25.455710" level="INFO">${list_country} = ['AD', 'AE', 'AF', 'AG', 'AI', 'AL', 'AM', 'AO', 'AQ', 'AR', 'AS', 'AT', 'AU', 'AW', 'AX', 'AZ', 'BA', 'BB', 'BD', 'BE', 'BF', 'BG', 'BH', 'BI', 'BJ', 'BL', 'BM', 'BN', 'BO', 'BQ', 'BR', 'BS', 'BT', '...</msg>
<var>${list_country}</var>
<arg>AD</arg>
<arg>AE</arg>
<arg>AF</arg>
<arg>AG</arg>
<arg>AI</arg>
<arg>AL</arg>
<arg>AM</arg>
<arg>AO</arg>
<arg>AQ</arg>
<arg>AR</arg>
<arg>AS</arg>
<arg>AT</arg>
<arg>AU</arg>
<arg>AW</arg>
<arg>AX</arg>
<arg>AZ</arg>
<arg>BA</arg>
<arg>BB</arg>
<arg>BD</arg>
<arg>BE</arg>
<arg>BF</arg>
<arg>BG</arg>
<arg>BH</arg>
<arg>BI</arg>
<arg>BJ</arg>
<arg>BL</arg>
<arg>BM</arg>
<arg>BN</arg>
<arg>BO</arg>
<arg>BQ</arg>
<arg>BR</arg>
<arg>BS</arg>
<arg>BT</arg>
<arg>BV</arg>
<arg>BW</arg>
<arg>BY</arg>
<arg>BZ</arg>
<arg>CA</arg>
<arg>CC</arg>
<arg>CD</arg>
<arg>CF</arg>
<arg>CG</arg>
<arg>CH</arg>
<arg>CI</arg>
<arg>CK</arg>
<arg>CL</arg>
<arg>CM</arg>
<arg>CN</arg>
<arg>CO</arg>
<arg>CR</arg>
<arg>CU</arg>
<arg>CV</arg>
<arg>CW</arg>
<arg>CX</arg>
<arg>CY</arg>
<arg>CZ</arg>
<arg>DE</arg>
<arg>DJ</arg>
<arg>DK</arg>
<arg>DM</arg>
<arg>DO</arg>
<arg>DZ</arg>
<arg>EC</arg>
<arg>EE</arg>
<arg>EG</arg>
<arg>EH</arg>
<arg>ER</arg>
<arg>ES</arg>
<arg>ET</arg>
<arg>FI</arg>
<arg>FJ</arg>
<arg>FK</arg>
<arg>FM</arg>
<arg>FO</arg>
<arg>FR</arg>
<arg>GA</arg>
<arg>GB</arg>
<arg>GD</arg>
<arg>GE</arg>
<arg>GF</arg>
<arg>GG</arg>
<arg>GH</arg>
<arg>GI</arg>
<arg>GL</arg>
<arg>GM</arg>
<arg>GN</arg>
<arg>GP</arg>
<arg>GQ</arg>
<arg>GR</arg>
<arg>GS</arg>
<arg>GT</arg>
<arg>GU</arg>
<arg>GW</arg>
<arg>GY</arg>
<arg>HK</arg>
<arg>HM</arg>
<arg>HN</arg>
<arg>HR</arg>
<arg>HT</arg>
<arg>HU</arg>
<arg>ID</arg>
<arg>IE</arg>
<arg>IL</arg>
<arg>IM</arg>
<arg>IN</arg>
<arg>IO</arg>
<arg>IQ</arg>
<arg>IR</arg>
<arg>IS</arg>
<arg>IT</arg>
<arg>JE</arg>
<arg>JM</arg>
<arg>JO</arg>
<arg>JP</arg>
<arg>KE</arg>
<arg>KG</arg>
<arg>KH</arg>
<arg>KI</arg>
<arg>KM</arg>
<arg>KN</arg>
<arg>KP</arg>
<arg>KR</arg>
<arg>KW</arg>
<arg>KY</arg>
<arg>KZ</arg>
<arg>LA</arg>
<arg>LB</arg>
<arg>LC</arg>
<arg>LI</arg>
<arg>LK</arg>
<arg>LR</arg>
<arg>LS</arg>
<arg>LT</arg>
<arg>LU</arg>
<arg>LV</arg>
<arg>LY</arg>
<arg>MA</arg>
<arg>MC</arg>
<arg>MD</arg>
<arg>ME</arg>
<arg>MF</arg>
<arg>MG</arg>
<arg>MH</arg>
<arg>MK</arg>
<arg>ML</arg>
<arg>MM</arg>
<arg>MN</arg>
<arg>MO</arg>
<arg>MP</arg>
<arg>MQ</arg>
<arg>MR</arg>
<arg>MS</arg>
<arg>MT</arg>
<arg>MU</arg>
<arg>MV</arg>
<arg>MW</arg>
<arg>MX</arg>
<arg>MY</arg>
<arg>MZ</arg>
<arg>NA</arg>
<arg>NC</arg>
<arg>NE</arg>
<arg>NF</arg>
<arg>NG</arg>
<arg>NI</arg>
<arg>NL</arg>
<arg>NO</arg>
<arg>NP</arg>
<arg>NR</arg>
<arg>NU</arg>
<arg>NZ</arg>
<arg>OM</arg>
<arg>PA</arg>
<arg>PE</arg>
<arg>PF</arg>
<arg>PG</arg>
<arg>PH</arg>
<arg>PK</arg>
<arg>PL</arg>
<arg>PM</arg>
<arg>PN</arg>
<arg>PR</arg>
<arg>PS</arg>
<arg>PT</arg>
<arg>PW</arg>
<arg>PY</arg>
<arg>QA</arg>
<arg>RE</arg>
<arg>RO</arg>
<arg>RS</arg>
<arg>RU</arg>
<arg>RW</arg>
<arg>SA</arg>
<arg>SB</arg>
<arg>SC</arg>
<arg>SD</arg>
<arg>SE</arg>
<arg>SG</arg>
<arg>SH</arg>
<arg>SI</arg>
<arg>SJ</arg>
<arg>SK</arg>
<arg>SL</arg>
<arg>SM</arg>
<arg>SN</arg>
<arg>SO</arg>
<arg>SR</arg>
<arg>SS</arg>
<arg>ST</arg>
<arg>SV</arg>
<arg>SX</arg>
<arg>SY</arg>
<arg>SZ</arg>
<arg>TC</arg>
<arg>TD</arg>
<arg>TF</arg>
<arg>TG</arg>
<arg>TH</arg>
<arg>TJ</arg>
<arg>TK</arg>
<arg>TL</arg>
<arg>TM</arg>
<arg>TN</arg>
<arg>TO</arg>
<arg>TR</arg>
<arg>TT</arg>
<arg>TV</arg>
<arg>TW</arg>
<arg>TZ</arg>
<arg>UA</arg>
<arg>UG</arg>
<arg>UM</arg>
<arg>US</arg>
<arg>UY</arg>
<arg>UZ</arg>
<arg>VA</arg>
<arg>VC</arg>
<arg>VE</arg>
<arg>VG</arg>
<arg>VI</arg>
<arg>VN</arg>
<arg>VU</arg>
<arg>WF</arg>
<arg>WS</arg>
<arg>XK</arg>
<arg>YE</arg>
<arg>YT</arg>
<arg>ZA</arg>
<arg>ZM</arg>
<arg>ZW</arg>
<doc>Returns a list containing given items.</doc>
<status status="PASS" start="2024-07-10T11:13:25.455123" elapsed="0.000612"/>
</kw>
<kw name="List Should Contain Value" owner="Collections">
<arg>${list_country}</arg>
<arg>${name_country}</arg>
<doc>Fails if the ``value`` is not found from ``list``.</doc>
<status status="PASS" start="2024-07-10T11:13:25.456532" elapsed="0.000200"/>
</kw>
<kw name="Run Keyword If" owner="BuiltIn">
<kw name="Should Be True" owner="BuiltIn">
<arg>${True}</arg>
<doc>Fails if the given condition is not true.</doc>
<status status="PASS" start="2024-07-10T11:13:25.457661" elapsed="0.000140"/>
</kw>
<arg>${json_data["results"][0]["location"]["coordinates"]["latitude"]} &gt;= -90 and ${json_data["results"][0]["location"]["coordinates"]["latitude"]} &lt;= 90</arg>
<arg>Should Be True</arg>
<arg>${True}</arg>
<doc>Runs the given keyword with the given arguments, if ``condition`` is true.</doc>
<status status="PASS" start="2024-07-10T11:13:25.456927" elapsed="0.000999"/>
</kw>
<kw name="Run Keyword If" owner="BuiltIn">
<kw name="Should Be True" owner="BuiltIn">
<arg>${True}</arg>
<doc>Fails if the given condition is not true.</doc>
<status status="PASS" start="2024-07-10T11:13:25.458799" elapsed="0.000274"/>
</kw>
<arg>${json_data["results"][0]["location"]["coordinates"]["longitude"]} &gt;= -180 and ${json_data["results"][0]["location"]["coordinates"]["longitude"]} &lt;= 180</arg>
<arg>Should Be True</arg>
<arg>${True}</arg>
<doc>Runs the given keyword with the given arguments, if ``condition`` is true.</doc>
<status status="PASS" start="2024-07-10T11:13:25.458108" elapsed="0.001095"/>
</kw>
<status status="PASS" start="2024-07-10T11:13:25.349651" elapsed="0.109687"/>
</kw>
<doc>Testa o conteúdo específico dos campos retornados pela API.</doc>
<tag>testeConteudo</tag>
<status status="PASS" start="2024-07-10T11:13:25.349107" elapsed="0.110375"/>
</test>
<status status="PASS" start="2024-07-10T11:13:24.371058" elapsed="1.090381"/>
</suite>
<status status="PASS" start="2024-07-10T11:13:24.356670" elapsed="1.109785"/>
</suite>
<statistics>
<total>
<stat pass="5" fail="0" skip="0">All Tests</stat>
</total>
<tag>
<stat pass="1" fail="0" skip="0">testeConteudo</stat>
<stat pass="1" fail="0" skip="0">testeEstruturaResposta</stat>
<stat pass="1" fail="0" skip="0">testeRequisicaoBasica</stat>
<stat pass="1" fail="0" skip="0">testeTiposDados</stat>
</tag>
<suite>
<stat pass="5" fail="0" skip="0" id="s1" name="Tests">Tests</stat>
<stat pass="5" fail="0" skip="0" id="s1-s1" name="Random-User-Test">Tests.Random-User-Test</stat>
</suite>
</statistics>
<errors>
</errors>
</robot>
