<?xml version="1.0" encoding="UTF-8"?>
<robot generator="Robot 7.0 (Python 3.12.2 on linux)" generated="2024-04-01T02:27:58.042843" rpa="false" schemaversion="5">
<suite id="s1" name="Tests" source="/home/runner/work/DesafioQAItauRogerioJordao/DesafioQAItauRogerioJordao/RamdonUser/tests">
<suite id="s1-s1" name="Random-User-Test" source="/home/runner/work/DesafioQAItauRogerioJordao/DesafioQAItauRogerioJordao/RamdonUser/tests/random-user-test.robot">
<test id="s1-s1-t1" name="Conectar" line="13">
<kw name="Conectar API" owner="random-user-service">
<kw name="Create Session" owner="RequestsLibrary">
<msg time="2024-04-01T02:27:58.429492" level="INFO">Creating Session using : alias=consultarAPI, url=https://randomuser.me/, headers={},                     cookies={}, auth=None, timeout=None, proxies=None, verify=False,                     debug=0 </msg>
<arg>consultarAPI</arg>
<arg>${URL}</arg>
<doc>Create Session: create a HTTP session to a server</doc>
<status status="PASS" start="2024-04-01T02:27:58.429265" elapsed="0.000416"/>
</kw>
<status status="PASS" start="2024-04-01T02:27:58.428234" elapsed="0.001808"/>
</kw>
<status status="PASS" start="2024-04-01T02:27:58.427682" elapsed="0.002564"/>
</test>
<test id="s1-s1-t2" name="Validar retorno 200 e JSON Válido" line="16">
<kw name="Teste de Requisicao Basica" owner="random-user-service">
<kw name="GET On Session" owner="RequestsLibrary">
<msg time="2024-04-01T02:27:58.677794" level="INFO">GET Request : url=https://randomuser.me/api 
 path_url=/api 
 headers={'User-Agent': 'python-requests/2.31.0', 'Accept-Encoding': 'gzip, deflate', 'Accept': '*/*', 'Connection': 'keep-alive'} 
 body=None 
 </msg>
<msg time="2024-04-01T02:27:58.677944" level="INFO">GET Response : url=https://randomuser.me/api 
 status=200, reason=OK 
 headers={'Date': 'Mon, 01 Apr 2024 02:27:58 GMT', 'Content-Type': 'application/json; charset=utf-8', 'Transfer-Encoding': 'chunked', 'Connection': 'keep-alive', 'X-Powered-By': 'Express', 'Access-Control-Allow-Origin': '*', 'Cache-Control': 'no-cache', 'ETag': 'W/"483-UNb85BErSLI28lQpq154mzTpSKQ"', 'Vary': 'Accept-Encoding', 'Content-Encoding': 'gzip', 'CF-Cache-Status': 'DYNAMIC', 'Report-To': '{"endpoints":[{"url":"https:\\/\\/a.nel.cloudflare.com\\/report\\/v4?s=bNfoze7qgW%2F6kHXMEiVlxg09puOuRkdfs5djkgpDpkhzlMT6uAeALqHY408F9reTJ4bRkIaaCjuNYqmjNZYJ36s3ItqTmwTT43SjjDcwiqwhkwWRPfSondPJtjP%2BkGBX"}],"group":"cf-nel","max_age":604800}', 'NEL': '{"success_fraction":0,"report_to":"cf-nel","max_age":604800}', 'Server': 'cloudflare', 'CF-RAY': '86d524a36f8ae24c-ORD', 'alt-svc': 'h3=":443"; ma=86400'} 
 body={"results":[{"gender":"female","name":{"title":"Mrs","first":"Emmi","last":"Saarela"},"location":{"street":{"number":6607,"name":"Pyynikintie"},"city":"Kontiolahti","state":"Åland","country":"Finland","postcode":13067,"coordinates":{"latitude":"-24.3233","longitude":"104.1847"},"timezone":{"offset":"+5:45","description":"Kathmandu"}},"email":"emmi.saarela@example.com","login":{"uuid":"4c9ba95f-0a2f-4652-924d-a18bb1e693ea","username":"ticklishmouse187","password":"dodgers1","salt":"Nj0xwiek","md5":"8b3db8c2205aa0b08ae29ab56a400009","sha1":"5a494a8519951fbb9c618faefafb0248371f6852","sha256":"5390e93e1fe221d2d24521cbcd409716fcc3dbece71a6a3c0151ac6747c014a4"},"dob":{"date":"1976-07-16T17:32:31.844Z","age":47},"registered":{"date":"2017-03-20T18:28:33.217Z","age":7},"phone":"02-945-286","cell":"047-685-74-07","id":{"name":"HETU","value":"NaNNA672undefined"},"picture":{"large":"https://randomuser.me/api/portraits/women/67.jpg","medium":"https://randomuser.me/api/portraits/med/women/67.jpg","thumbnail":"https://randomuser.me/api/portraits/thumb/women/67.jpg"},"nat":"FI"}],"info":{"seed":"940db8b9370a4097","results":1,"page":1,"version":"1.4"}} 
 </msg>
<msg time="2024-04-01T02:27:58.678057" level="INFO">/opt/hostedtoolcache/Python/3.12.2/x64/lib/python3.12/site-packages/urllib3/connectionpool.py:1103: InsecureRequestWarning: Unverified HTTPS request is being made to host 'randomuser.me'. Adding certificate verification is strongly advised. See: https://urllib3.readthedocs.io/en/latest/advanced-usage.html#tls-warnings
  warnings.warn(</msg>
<msg time="2024-04-01T02:27:58.678198" level="INFO">${response} = &lt;Response [200]&gt;</msg>
<var>${response}</var>
<arg>consultarAPI</arg>
<arg>/api</arg>
<doc>Sends a GET request on a previously created HTTP Session.</doc>
<status status="PASS" start="2024-04-01T02:27:58.432799" elapsed="0.245443"/>
</kw>
<kw name="Should Be Equal As Numbers" owner="BuiltIn">
<msg time="2024-04-01T02:27:58.679234" level="INFO">Argument types are:
&lt;class 'int'&gt;
&lt;class 'str'&gt;</msg>
<arg>${response.status_code}</arg>
<arg>200</arg>
<doc>Fails if objects are unequal after converting them to real numbers.</doc>
<status status="PASS" start="2024-04-01T02:27:58.678763" elapsed="0.000537"/>
</kw>
<kw name="Log" owner="BuiltIn">
<msg time="2024-04-01T02:27:58.679982" level="INFO">200</msg>
<arg>${response.status_code}</arg>
<doc>Logs the given message with the given level.</doc>
<status status="PASS" start="2024-04-01T02:27:58.679623" elapsed="0.000404"/>
</kw>
<kw name="Set Variable" owner="BuiltIn">
<msg time="2024-04-01T02:27:58.680834" level="INFO">${json_data} = {'results': [{'gender': 'female', 'name': {'title': 'Mrs', 'first': 'Emmi', 'last': 'Saarela'}, 'location': {'street': {'number': 6607, 'name': 'Pyynikintie'}, 'city': 'Kontiolahti', 'state': 'Åland',...</msg>
<var>${json_data}</var>
<arg>${response.json()}</arg>
<doc>Returns the given values which can then be assigned to a variables.</doc>
<status status="PASS" start="2024-04-01T02:27:58.680360" elapsed="0.000504"/>
</kw>
<kw name="Dictionary Should Contain Key" owner="Collections">
<msg time="2024-04-01T02:27:58.681338" level="INFO">False</msg>
<arg>${json_data}</arg>
<arg>results</arg>
<doc>Fails if ``key`` is not found from ``dictionary``.</doc>
<status status="PASS" start="2024-04-01T02:27:58.681169" elapsed="0.000208"/>
</kw>
<status status="PASS" start="2024-04-01T02:27:58.432548" elapsed="0.249144"/>
</kw>
<doc>Testa se a API responde corretamente e retorna um objeto JSON válido.</doc>
<tag>testeRequisicaoBasica</tag>
<status status="PASS" start="2024-04-01T02:27:58.432069" elapsed="0.249821"/>
</test>
<test id="s1-s1-t3" name="Validar estrutura de resposta" line="22">
<kw name="Teste de Estrutura de Resposta" owner="random-user-service">
<kw name="GET On Session" owner="RequestsLibrary">
<msg time="2024-04-01T02:27:58.777808" level="INFO">GET Request : url=https://randomuser.me/api 
 path_url=/api 
 headers={'User-Agent': 'python-requests/2.31.0', 'Accept-Encoding': 'gzip, deflate', 'Accept': '*/*', 'Connection': 'keep-alive'} 
 body=None 
 </msg>
<msg time="2024-04-01T02:27:58.777900" level="INFO">GET Response : url=https://randomuser.me/api 
 status=200, reason=OK 
 headers={'Date': 'Mon, 01 Apr 2024 02:27:58 GMT', 'Content-Type': 'application/json; charset=utf-8', 'Transfer-Encoding': 'chunked', 'Connection': 'keep-alive', 'X-Powered-By': 'Express', 'Access-Control-Allow-Origin': '*', 'Cache-Control': 'no-cache', 'ETag': 'W/"486-k2LQKMS6B6wnkMv0LAzKCQEu0vQ"', 'Vary': 'Accept-Encoding', 'Content-Encoding': 'gzip', 'CF-Cache-Status': 'DYNAMIC', 'Report-To': '{"endpoints":[{"url":"https:\\/\\/a.nel.cloudflare.com\\/report\\/v4?s=iYr04LXjA4y8Xf5Z%2FdDEz1BYbCr5CWCAvAm3jyqT3KwyrQQAhb5AMhth0SYgirJUcSuvRq416tiHjPsZ8b5ucnIfFTaoPr4qElZ%2FlgNg9fLG27HbbdiWirG37IO6hhIV"}],"group":"cf-nel","max_age":604800}', 'NEL': '{"success_fraction":0,"report_to":"cf-nel","max_age":604800}', 'Server': 'cloudflare', 'CF-RAY': '86d524a3cfe7e24c-ORD', 'alt-svc': 'h3=":443"; ma=86400'} 
 body={"results":[{"gender":"male","name":{"title":"Mr","first":"Gabriel","last":"Black"},"location":{"street":{"number":9474,"name":"Victoria Road"},"city":"Edinburgh","state":"North Yorkshire","country":"United Kingdom","postcode":"F3I 3TA","coordinates":{"latitude":"-5.7854","longitude":"-132.8193"},"timezone":{"offset":"+5:45","description":"Kathmandu"}},"email":"gabriel.black@example.com","login":{"uuid":"51bfe4af-5bdd-4482-a8f2-1176361fc37f","username":"yellowdog178","password":"kick","salt":"uR3ZpFj6","md5":"dd88cab30d00af0c5541de82fbc2cc25","sha1":"0ed6f345f4edb983835232d22204a0b587f655c4","sha256":"ba09cf57c8edd2c047bc74dad479b0db63cfbe37ccb1e09e4605fa492e11faa1"},"dob":{"date":"1949-11-22T23:47:13.398Z","age":74},"registered":{"date":"2011-06-01T22:40:18.908Z","age":12},"phone":"015396 51459","cell":"07478 577847","id":{"name":"NINO","value":"JK 83 80 11 N"},"picture":{"large":"https://randomuser.me/api/portraits/men/38.jpg","medium":"https://randomuser.me/api/portraits/med/men/38.jpg","thumbnail":"https://randomuser.me/api/portraits/thumb/men/38.jpg"},"nat":"GB"}],"info":{"seed":"56e36e0f5fddfb52","results":1,"page":1,"version":"1.4"}} 
 </msg>
<msg time="2024-04-01T02:27:58.778029" level="INFO">/opt/hostedtoolcache/Python/3.12.2/x64/lib/python3.12/site-packages/urllib3/connectionpool.py:1103: InsecureRequestWarning: Unverified HTTPS request is being made to host 'randomuser.me'. Adding certificate verification is strongly advised. See: https://urllib3.readthedocs.io/en/latest/advanced-usage.html#tls-warnings
  warnings.warn(</msg>
<msg time="2024-04-01T02:27:58.778138" level="INFO">${response} = &lt;Response [200]&gt;</msg>
<var>${response}</var>
<arg>consultarAPI</arg>
<arg>/api</arg>
<doc>Sends a GET request on a previously created HTTP Session.</doc>
<status status="PASS" start="2024-04-01T02:27:58.684641" elapsed="0.093532"/>
</kw>
<kw name="Set Variable" owner="BuiltIn">
<msg time="2024-04-01T02:27:58.779101" level="INFO">${json_data} = {'results': [{'gender': 'male', 'name': {'title': 'Mr', 'first': 'Gabriel', 'last': 'Black'}, 'location': {'street': {'number': 9474, 'name': 'Victoria Road'}, 'city': 'Edinburgh', 'state': 'North Yor...</msg>
<var>${json_data}</var>
<arg>${response.json()}</arg>
<doc>Returns the given values which can then be assigned to a variables.</doc>
<status status="PASS" start="2024-04-01T02:27:58.778617" elapsed="0.000513"/>
</kw>
<kw name="Log" owner="BuiltIn">
<msg time="2024-04-01T02:27:58.779594" level="INFO">{'results': [{'gender': 'male', 'name': {'title': 'Mr', 'first': 'Gabriel', 'last': 'Black'}, 'location': {'street': {'number': 9474, 'name': 'Victoria Road'}, 'city': 'Edinburgh', 'state': 'North Yorkshire', 'country': 'United Kingdom', 'postcode': 'F3I 3TA', 'coordinates': {'latitude': '-5.7854', 'longitude': '-132.8193'}, 'timezone': {'offset': '+5:45', 'description': 'Kathmandu'}}, 'email': 'gabriel.black@example.com', 'login': {'uuid': '51bfe4af-5bdd-4482-a8f2-1176361fc37f', 'username': 'yellowdog178', 'password': 'kick', 'salt': 'uR3ZpFj6', 'md5': 'dd88cab30d00af0c5541de82fbc2cc25', 'sha1': '0ed6f345f4edb983835232d22204a0b587f655c4', 'sha256': 'ba09cf57c8edd2c047bc74dad479b0db63cfbe37ccb1e09e4605fa492e11faa1'}, 'dob': {'date': '1949-11-22T23:47:13.398Z', 'age': 74}, 'registered': {'date': '2011-06-01T22:40:18.908Z', 'age': 12}, 'phone': '015396 51459', 'cell': '07478 577847', 'id': {'name': 'NINO', 'value': 'JK 83 80 11 N'}, 'picture': {'large': 'https://randomuser.me/api/portraits/men/38.jpg', 'medium': 'https://randomuser.me/api/portraits/med/men/38.jpg', 'thumbnail': 'https://randomuser.me/api/portraits/thumb/men/38.jpg'}, 'nat': 'GB'}], 'info': {'seed': '56e36e0f5fddfb52', 'results': 1, 'page': 1, 'version': '1.4'}}</msg>
<arg>${json_data}</arg>
<doc>Logs the given message with the given level.</doc>
<status status="PASS" start="2024-04-01T02:27:58.779436" elapsed="0.000204"/>
</kw>
<kw name="Dictionary Should Contain Key" owner="Collections">
<msg time="2024-04-01T02:27:58.780083" level="INFO">False</msg>
<arg>${json_data}</arg>
<arg>results</arg>
<doc>Fails if ``key`` is not found from ``dictionary``.</doc>
<status status="PASS" start="2024-04-01T02:27:58.779930" elapsed="0.000190"/>
</kw>
<kw name="Should Not Be Empty" owner="BuiltIn">
<msg time="2024-04-01T02:27:58.780543" level="INFO">Length is 2.</msg>
<arg>${json_data}</arg>
<doc>Verifies that the given item is not empty.</doc>
<status status="PASS" start="2024-04-01T02:27:58.780411" elapsed="0.000170"/>
</kw>
<kw name="Create List" owner="BuiltIn">
<msg time="2024-04-01T02:27:58.781016" level="INFO">${expected_keys} = ['gender', 'name', 'location', 'email', 'login']</msg>
<var>${expected_keys}</var>
<arg>gender</arg>
<arg>name</arg>
<arg>location</arg>
<arg>email</arg>
<arg>login</arg>
<doc>Returns a list containing given items.</doc>
<status status="PASS" start="2024-04-01T02:27:58.780869" elapsed="0.000171"/>
</kw>
<for flavor="IN">
<iter>
<kw name="Dictionary Should Contain Key" owner="Collections">
<msg time="2024-04-01T02:27:58.782064" level="INFO">False</msg>
<arg>${json_data['results'][0]}</arg>
<arg>${key}</arg>
<doc>Fails if ``key`` is not found from ``dictionary``.</doc>
<status status="PASS" start="2024-04-01T02:27:58.781664" elapsed="0.000439"/>
</kw>
<kw name="Log" owner="BuiltIn">
<msg time="2024-04-01T02:27:58.782773" level="INFO">{'gender': 'male', 'name': {'title': 'Mr', 'first': 'Gabriel', 'last': 'Black'}, 'location': {'street': {'number': 9474, 'name': 'Victoria Road'}, 'city': 'Edinburgh', 'state': 'North Yorkshire', 'country': 'United Kingdom', 'postcode': 'F3I 3TA', 'coordinates': {'latitude': '-5.7854', 'longitude': '-132.8193'}, 'timezone': {'offset': '+5:45', 'description': 'Kathmandu'}}, 'email': 'gabriel.black@example.com', 'login': {'uuid': '51bfe4af-5bdd-4482-a8f2-1176361fc37f', 'username': 'yellowdog178', 'password': 'kick', 'salt': 'uR3ZpFj6', 'md5': 'dd88cab30d00af0c5541de82fbc2cc25', 'sha1': '0ed6f345f4edb983835232d22204a0b587f655c4', 'sha256': 'ba09cf57c8edd2c047bc74dad479b0db63cfbe37ccb1e09e4605fa492e11faa1'}, 'dob': {'date': '1949-11-22T23:47:13.398Z', 'age': 74}, 'registered': {'date': '2011-06-01T22:40:18.908Z', 'age': 12}, 'phone': '015396 51459', 'cell': '07478 577847', 'id': {'name': 'NINO', 'value': 'JK 83 80 11 N'}, 'picture': {'large': 'https://randomuser.me/api/portraits/men/38.jpg', 'medium': 'https://randomuser.me/api/portraits/med/men/38.jpg', 'thumbnail': 'https://randomuser.me/api/portraits/thumb/men/38.jpg'}, 'nat': 'GB'}</msg>
<arg>${json_data['results'][0]}</arg>
<doc>Logs the given message with the given level.</doc>
<status status="PASS" start="2024-04-01T02:27:58.782404" elapsed="0.000421"/>
</kw>
<kw name="Log" owner="BuiltIn">
<msg time="2024-04-01T02:27:58.783259" level="INFO">gender</msg>
<arg>${key}</arg>
<doc>Logs the given message with the given level.</doc>
<status status="PASS" start="2024-04-01T02:27:58.783127" elapsed="0.000171"/>
</kw>
<var name="${key}">gender</var>
<status status="PASS" start="2024-04-01T02:27:58.781527" elapsed="0.001999"/>
</iter>
<iter>
<kw name="Dictionary Should Contain Key" owner="Collections">
<msg time="2024-04-01T02:27:58.784211" level="INFO">False</msg>
<arg>${json_data['results'][0]}</arg>
<arg>${key}</arg>
<doc>Fails if ``key`` is not found from ``dictionary``.</doc>
<status status="PASS" start="2024-04-01T02:27:58.783829" elapsed="0.000420"/>
</kw>
<kw name="Log" owner="BuiltIn">
<msg time="2024-04-01T02:27:58.784935" level="INFO">{'gender': 'male', 'name': {'title': 'Mr', 'first': 'Gabriel', 'last': 'Black'}, 'location': {'street': {'number': 9474, 'name': 'Victoria Road'}, 'city': 'Edinburgh', 'state': 'North Yorkshire', 'country': 'United Kingdom', 'postcode': 'F3I 3TA', 'coordinates': {'latitude': '-5.7854', 'longitude': '-132.8193'}, 'timezone': {'offset': '+5:45', 'description': 'Kathmandu'}}, 'email': 'gabriel.black@example.com', 'login': {'uuid': '51bfe4af-5bdd-4482-a8f2-1176361fc37f', 'username': 'yellowdog178', 'password': 'kick', 'salt': 'uR3ZpFj6', 'md5': 'dd88cab30d00af0c5541de82fbc2cc25', 'sha1': '0ed6f345f4edb983835232d22204a0b587f655c4', 'sha256': 'ba09cf57c8edd2c047bc74dad479b0db63cfbe37ccb1e09e4605fa492e11faa1'}, 'dob': {'date': '1949-11-22T23:47:13.398Z', 'age': 74}, 'registered': {'date': '2011-06-01T22:40:18.908Z', 'age': 12}, 'phone': '015396 51459', 'cell': '07478 577847', 'id': {'name': 'NINO', 'value': 'JK 83 80 11 N'}, 'picture': {'large': 'https://randomuser.me/api/portraits/men/38.jpg', 'medium': 'https://randomuser.me/api/portraits/med/men/38.jpg', 'thumbnail': 'https://randomuser.me/api/portraits/thumb/men/38.jpg'}, 'nat': 'GB'}</msg>
<arg>${json_data['results'][0]}</arg>
<doc>Logs the given message with the given level.</doc>
<status status="PASS" start="2024-04-01T02:27:58.784577" elapsed="0.000405"/>
</kw>
<kw name="Log" owner="BuiltIn">
<msg time="2024-04-01T02:27:58.785405" level="INFO">name</msg>
<arg>${key}</arg>
<doc>Logs the given message with the given level.</doc>
<status status="PASS" start="2024-04-01T02:27:58.785277" elapsed="0.000203"/>
</kw>
<var name="${key}">name</var>
<status status="PASS" start="2024-04-01T02:27:58.783714" elapsed="0.001997"/>
</iter>
<iter>
<kw name="Dictionary Should Contain Key" owner="Collections">
<msg time="2024-04-01T02:27:58.786379" level="INFO">False</msg>
<arg>${json_data['results'][0]}</arg>
<arg>${key}</arg>
<doc>Fails if ``key`` is not found from ``dictionary``.</doc>
<status status="PASS" start="2024-04-01T02:27:58.786004" elapsed="0.000411"/>
</kw>
<kw name="Log" owner="BuiltIn">
<msg time="2024-04-01T02:27:58.787072" level="INFO">{'gender': 'male', 'name': {'title': 'Mr', 'first': 'Gabriel', 'last': 'Black'}, 'location': {'street': {'number': 9474, 'name': 'Victoria Road'}, 'city': 'Edinburgh', 'state': 'North Yorkshire', 'country': 'United Kingdom', 'postcode': 'F3I 3TA', 'coordinates': {'latitude': '-5.7854', 'longitude': '-132.8193'}, 'timezone': {'offset': '+5:45', 'description': 'Kathmandu'}}, 'email': 'gabriel.black@example.com', 'login': {'uuid': '51bfe4af-5bdd-4482-a8f2-1176361fc37f', 'username': 'yellowdog178', 'password': 'kick', 'salt': 'uR3ZpFj6', 'md5': 'dd88cab30d00af0c5541de82fbc2cc25', 'sha1': '0ed6f345f4edb983835232d22204a0b587f655c4', 'sha256': 'ba09cf57c8edd2c047bc74dad479b0db63cfbe37ccb1e09e4605fa492e11faa1'}, 'dob': {'date': '1949-11-22T23:47:13.398Z', 'age': 74}, 'registered': {'date': '2011-06-01T22:40:18.908Z', 'age': 12}, 'phone': '015396 51459', 'cell': '07478 577847', 'id': {'name': 'NINO', 'value': 'JK 83 80 11 N'}, 'picture': {'large': 'https://randomuser.me/api/portraits/men/38.jpg', 'medium': 'https://randomuser.me/api/portraits/med/men/38.jpg', 'thumbnail': 'https://randomuser.me/api/portraits/thumb/men/38.jpg'}, 'nat': 'GB'}</msg>
<arg>${json_data['results'][0]}</arg>
<doc>Logs the given message with the given level.</doc>
<status status="PASS" start="2024-04-01T02:27:58.786712" elapsed="0.000418"/>
</kw>
<kw name="Log" owner="BuiltIn">
<msg time="2024-04-01T02:27:58.787546" level="INFO">location</msg>
<arg>${key}</arg>
<doc>Logs the given message with the given level.</doc>
<status status="PASS" start="2024-04-01T02:27:58.787421" elapsed="0.000163"/>
</kw>
<var name="${key}">location</var>
<status status="PASS" start="2024-04-01T02:27:58.785892" elapsed="0.001905"/>
</iter>
<iter>
<kw name="Dictionary Should Contain Key" owner="Collections">
<msg time="2024-04-01T02:27:58.788452" level="INFO">False</msg>
<arg>${json_data['results'][0]}</arg>
<arg>${key}</arg>
<doc>Fails if ``key`` is not found from ``dictionary``.</doc>
<status status="PASS" start="2024-04-01T02:27:58.788080" elapsed="0.000408"/>
</kw>
<kw name="Log" owner="BuiltIn">
<msg time="2024-04-01T02:27:58.789133" level="INFO">{'gender': 'male', 'name': {'title': 'Mr', 'first': 'Gabriel', 'last': 'Black'}, 'location': {'street': {'number': 9474, 'name': 'Victoria Road'}, 'city': 'Edinburgh', 'state': 'North Yorkshire', 'country': 'United Kingdom', 'postcode': 'F3I 3TA', 'coordinates': {'latitude': '-5.7854', 'longitude': '-132.8193'}, 'timezone': {'offset': '+5:45', 'description': 'Kathmandu'}}, 'email': 'gabriel.black@example.com', 'login': {'uuid': '51bfe4af-5bdd-4482-a8f2-1176361fc37f', 'username': 'yellowdog178', 'password': 'kick', 'salt': 'uR3ZpFj6', 'md5': 'dd88cab30d00af0c5541de82fbc2cc25', 'sha1': '0ed6f345f4edb983835232d22204a0b587f655c4', 'sha256': 'ba09cf57c8edd2c047bc74dad479b0db63cfbe37ccb1e09e4605fa492e11faa1'}, 'dob': {'date': '1949-11-22T23:47:13.398Z', 'age': 74}, 'registered': {'date': '2011-06-01T22:40:18.908Z', 'age': 12}, 'phone': '015396 51459', 'cell': '07478 577847', 'id': {'name': 'NINO', 'value': 'JK 83 80 11 N'}, 'picture': {'large': 'https://randomuser.me/api/portraits/men/38.jpg', 'medium': 'https://randomuser.me/api/portraits/med/men/38.jpg', 'thumbnail': 'https://randomuser.me/api/portraits/thumb/men/38.jpg'}, 'nat': 'GB'}</msg>
<arg>${json_data['results'][0]}</arg>
<doc>Logs the given message with the given level.</doc>
<status status="PASS" start="2024-04-01T02:27:58.788784" elapsed="0.000396"/>
</kw>
<kw name="Log" owner="BuiltIn">
<msg time="2024-04-01T02:27:58.789645" level="INFO">email</msg>
<arg>${key}</arg>
<doc>Logs the given message with the given level.</doc>
<status status="PASS" start="2024-04-01T02:27:58.789504" elapsed="0.000179"/>
</kw>
<var name="${key}">email</var>
<status status="PASS" start="2024-04-01T02:27:58.787970" elapsed="0.001930"/>
</iter>
<iter>
<kw name="Dictionary Should Contain Key" owner="Collections">
<msg time="2024-04-01T02:27:58.790575" level="INFO">False</msg>
<arg>${json_data['results'][0]}</arg>
<arg>${key}</arg>
<doc>Fails if ``key`` is not found from ``dictionary``.</doc>
<status status="PASS" start="2024-04-01T02:27:58.790186" elapsed="0.000425"/>
</kw>
<kw name="Log" owner="BuiltIn">
<msg time="2024-04-01T02:27:58.791251" level="INFO">{'gender': 'male', 'name': {'title': 'Mr', 'first': 'Gabriel', 'last': 'Black'}, 'location': {'street': {'number': 9474, 'name': 'Victoria Road'}, 'city': 'Edinburgh', 'state': 'North Yorkshire', 'country': 'United Kingdom', 'postcode': 'F3I 3TA', 'coordinates': {'latitude': '-5.7854', 'longitude': '-132.8193'}, 'timezone': {'offset': '+5:45', 'description': 'Kathmandu'}}, 'email': 'gabriel.black@example.com', 'login': {'uuid': '51bfe4af-5bdd-4482-a8f2-1176361fc37f', 'username': 'yellowdog178', 'password': 'kick', 'salt': 'uR3ZpFj6', 'md5': 'dd88cab30d00af0c5541de82fbc2cc25', 'sha1': '0ed6f345f4edb983835232d22204a0b587f655c4', 'sha256': 'ba09cf57c8edd2c047bc74dad479b0db63cfbe37ccb1e09e4605fa492e11faa1'}, 'dob': {'date': '1949-11-22T23:47:13.398Z', 'age': 74}, 'registered': {'date': '2011-06-01T22:40:18.908Z', 'age': 12}, 'phone': '015396 51459', 'cell': '07478 577847', 'id': {'name': 'NINO', 'value': 'JK 83 80 11 N'}, 'picture': {'large': 'https://randomuser.me/api/portraits/men/38.jpg', 'medium': 'https://randomuser.me/api/portraits/med/men/38.jpg', 'thumbnail': 'https://randomuser.me/api/portraits/thumb/men/38.jpg'}, 'nat': 'GB'}</msg>
<arg>${json_data['results'][0]}</arg>
<doc>Logs the given message with the given level.</doc>
<status status="PASS" start="2024-04-01T02:27:58.790903" elapsed="0.000395"/>
</kw>
<kw name="Log" owner="BuiltIn">
<msg time="2024-04-01T02:27:58.791712" level="INFO">login</msg>
<arg>${key}</arg>
<doc>Logs the given message with the given level.</doc>
<status status="PASS" start="2024-04-01T02:27:58.791586" elapsed="0.000273"/>
</kw>
<var name="${key}">login</var>
<status status="PASS" start="2024-04-01T02:27:58.790072" elapsed="0.002009"/>
</iter>
<var>${key}</var>
<value>@{expected_keys}</value>
<status status="PASS" start="2024-04-01T02:27:58.781302" elapsed="0.010932"/>
</for>
<kw name="Create List" owner="BuiltIn">
<msg time="2024-04-01T02:27:58.792573" level="INFO">${expected_keysTwo} = ['username', 'password']</msg>
<var>${expected_keysTwo}</var>
<arg>username</arg>
<arg>password</arg>
<doc>Returns a list containing given items.</doc>
<status status="PASS" start="2024-04-01T02:27:58.792435" elapsed="0.000163"/>
</kw>
<for flavor="IN">
<iter>
<kw name="Dictionary Should Contain Key" owner="Collections">
<msg time="2024-04-01T02:27:58.793546" level="INFO">False</msg>
<arg>${json_data['results'][0]['login']}</arg>
<arg>${keyTwo}</arg>
<doc>Fails if ``key`` is not found from ``dictionary``.</doc>
<status status="PASS" start="2024-04-01T02:27:58.793098" elapsed="0.000488"/>
</kw>
<kw name="Dictionary Should Contain Key" owner="Collections">
<msg time="2024-04-01T02:27:58.794266" level="INFO">False</msg>
<arg>${json_data['results'][0]['login']}</arg>
<arg>${keyTwo}</arg>
<doc>Fails if ``key`` is not found from ``dictionary``.</doc>
<status status="PASS" start="2024-04-01T02:27:58.793887" elapsed="0.000417"/>
</kw>
<kw name="Log" owner="BuiltIn">
<msg time="2024-04-01T02:27:58.794724" level="INFO">username</msg>
<arg>${keyTwo}</arg>
<doc>Logs the given message with the given level.</doc>
<status status="PASS" start="2024-04-01T02:27:58.794598" elapsed="0.000164"/>
</kw>
<var name="${keyTwo}">username</var>
<status status="PASS" start="2024-04-01T02:27:58.792988" elapsed="0.001989"/>
</iter>
<iter>
<kw name="Dictionary Should Contain Key" owner="Collections">
<msg time="2024-04-01T02:27:58.795634" level="INFO">False</msg>
<arg>${json_data['results'][0]['login']}</arg>
<arg>${keyTwo}</arg>
<doc>Fails if ``key`` is not found from ``dictionary``.</doc>
<status status="PASS" start="2024-04-01T02:27:58.795257" elapsed="0.000415"/>
</kw>
<kw name="Dictionary Should Contain Key" owner="Collections">
<msg time="2024-04-01T02:27:58.796340" level="INFO">False</msg>
<arg>${json_data['results'][0]['login']}</arg>
<arg>${keyTwo}</arg>
<doc>Fails if ``key`` is not found from ``dictionary``.</doc>
<status status="PASS" start="2024-04-01T02:27:58.795962" elapsed="0.000417"/>
</kw>
<kw name="Log" owner="BuiltIn">
<msg time="2024-04-01T02:27:58.796796" level="INFO">password</msg>
<arg>${keyTwo}</arg>
<doc>Logs the given message with the given level.</doc>
<status status="PASS" start="2024-04-01T02:27:58.796669" elapsed="0.000165"/>
</kw>
<var name="${keyTwo}">password</var>
<status status="PASS" start="2024-04-01T02:27:58.795149" elapsed="0.001908"/>
</iter>
<var>${keyTwo}</var>
<value>@{expected_keysTwo}</value>
<status status="PASS" start="2024-04-01T02:27:58.792835" elapsed="0.004351"/>
</for>
<status status="PASS" start="2024-04-01T02:27:58.684402" elapsed="0.112927"/>
</kw>
<doc>Testa a estrutura da resposta da API.</doc>
<tag>testeEstruturaResposta</tag>
<status status="PASS" start="2024-04-01T02:27:58.683731" elapsed="0.113800"/>
</test>
<test id="s1-s1-t4" name="Validar tipos de dados" line="28">
<kw name="Teste de Tipos de Dados" owner="random-user-service">
<kw name="GET On Session" owner="RequestsLibrary">
<msg time="2024-04-01T02:27:58.873001" level="INFO">GET Request : url=https://randomuser.me/api 
 path_url=/api 
 headers={'User-Agent': 'python-requests/2.31.0', 'Accept-Encoding': 'gzip, deflate', 'Accept': '*/*', 'Connection': 'keep-alive'} 
 body=None 
 </msg>
<msg time="2024-04-01T02:27:58.873117" level="INFO">GET Response : url=https://randomuser.me/api 
 status=200, reason=OK 
 headers={'Date': 'Mon, 01 Apr 2024 02:27:58 GMT', 'Content-Type': 'application/json; charset=utf-8', 'Transfer-Encoding': 'chunked', 'Connection': 'keep-alive', 'X-Powered-By': 'Express', 'Access-Control-Allow-Origin': '*', 'Cache-Control': 'no-cache', 'ETag': 'W/"486-XObhKBgAvqkYuB4yu4LVQQOUbs0"', 'Vary': 'Accept-Encoding', 'Content-Encoding': 'gzip', 'CF-Cache-Status': 'DYNAMIC', 'Report-To': '{"endpoints":[{"url":"https:\\/\\/a.nel.cloudflare.com\\/report\\/v4?s=qS3OSSA3wuW9sTUKzqdjJ4Gdro3pYjQx9uMYYQtZ2U%2FJJh6zeYj4oKNRbb0HzGA2YrO1K6ZSUSwRH5yfAkMyleleftfNIdxS3rUKJmax3HO4URrI7kSz1k4ND0jtkTh0"}],"group":"cf-nel","max_age":604800}', 'NEL': '{"success_fraction":0,"report_to":"cf-nel","max_age":604800}', 'Server': 'cloudflare', 'CF-RAY': '86d524a47875e24c-ORD', 'alt-svc': 'h3=":443"; ma=86400'} 
 body={"results":[{"gender":"female","name":{"title":"Miss","first":"Alvilde","last":"Sirevåg"},"location":{"street":{"number":6781,"name":"Nordlysveien"},"city":"Fåvang","state":"Nordland","country":"Norway","postcode":"2648","coordinates":{"latitude":"46.6504","longitude":"76.1626"},"timezone":{"offset":"-1:00","description":"Azores, Cape Verde Islands"}},"email":"alvilde.sirevag@example.com","login":{"uuid":"0b06a938-04f0-40ce-8051-77faf8c67f48","username":"bigladybug511","password":"freeway","salt":"s0dcX5tb","md5":"15861700861b052ab3af6dcd6ba18826","sha1":"12708403ad82fd0995973abff840bdfdc39a443d","sha256":"a82468fc6d444220fb5b3263c1be647f5ebdd47e59e072848fe6c4cbae5a05e1"},"dob":{"date":"2001-05-07T16:40:38.671Z","age":22},"registered":{"date":"2015-10-22T13:39:05.977Z","age":8},"phone":"67449250","cell":"96965063","id":{"name":"FN","value":"07050188242"},"picture":{"large":"https://randomuser.me/api/portraits/women/93.jpg","medium":"https://randomuser.me/api/portraits/med/women/93.jpg","thumbnail":"https://randomuser.me/api/portraits/thumb/women/93.jpg"},"nat":"NO"}],"info":{"seed":"2db5b4a88a17ce3d","results":1,"page":1,"version":"1.4"}} 
 </msg>
<msg time="2024-04-01T02:27:58.873192" level="INFO">/opt/hostedtoolcache/Python/3.12.2/x64/lib/python3.12/site-packages/urllib3/connectionpool.py:1103: InsecureRequestWarning: Unverified HTTPS request is being made to host 'randomuser.me'. Adding certificate verification is strongly advised. See: https://urllib3.readthedocs.io/en/latest/advanced-usage.html#tls-warnings
  warnings.warn(</msg>
<msg time="2024-04-01T02:27:58.873326" level="INFO">${response} = &lt;Response [200]&gt;</msg>
<var>${response}</var>
<arg>consultarAPI</arg>
<arg>/api</arg>
<doc>Sends a GET request on a previously created HTTP Session.</doc>
<status status="PASS" start="2024-04-01T02:27:58.800053" elapsed="0.073314"/>
</kw>
<kw name="Set Variable" owner="BuiltIn">
<msg time="2024-04-01T02:27:58.874638" level="INFO">${json_data} = {'results': [{'gender': 'female', 'name': {'title': 'Miss', 'first': 'Alvilde', 'last': 'Sirevåg'}, 'location': {'street': {'number': 6781, 'name': 'Nordlysveien'}, 'city': 'Fåvang', 'state': 'Nordlan...</msg>
<var>${json_data}</var>
<arg>${response.json()}</arg>
<doc>Returns the given values which can then be assigned to a variables.</doc>
<status status="PASS" start="2024-04-01T02:27:58.874054" elapsed="0.000614"/>
</kw>
<kw name="Log" owner="BuiltIn">
<msg time="2024-04-01T02:27:58.875195" level="INFO">{'results': [{'gender': 'female', 'name': {'title': 'Miss', 'first': 'Alvilde', 'last': 'Sirevåg'}, 'location': {'street': {'number': 6781, 'name': 'Nordlysveien'}, 'city': 'Fåvang', 'state': 'Nordland', 'country': 'Norway', 'postcode': '2648', 'coordinates': {'latitude': '46.6504', 'longitude': '76.1626'}, 'timezone': {'offset': '-1:00', 'description': 'Azores, Cape Verde Islands'}}, 'email': 'alvilde.sirevag@example.com', 'login': {'uuid': '0b06a938-04f0-40ce-8051-77faf8c67f48', 'username': 'bigladybug511', 'password': 'freeway', 'salt': 's0dcX5tb', 'md5': '15861700861b052ab3af6dcd6ba18826', 'sha1': '12708403ad82fd0995973abff840bdfdc39a443d', 'sha256': 'a82468fc6d444220fb5b3263c1be647f5ebdd47e59e072848fe6c4cbae5a05e1'}, 'dob': {'date': '2001-05-07T16:40:38.671Z', 'age': 22}, 'registered': {'date': '2015-10-22T13:39:05.977Z', 'age': 8}, 'phone': '67449250', 'cell': '96965063', 'id': {'name': 'FN', 'value': '07050188242'}, 'picture': {'large': 'https://randomuser.me/api/portraits/women/93.jpg', 'medium': 'https://randomuser.me/api/portraits/med/women/93.jpg', 'thumbnail': 'https://randomuser.me/api/portraits/thumb/women/93.jpg'}, 'nat': 'NO'}], 'info': {'seed': '2db5b4a88a17ce3d', 'results': 1, 'page': 1, 'version': '1.4'}}</msg>
<arg>${json_data}</arg>
<doc>Logs the given message with the given level.</doc>
<status status="PASS" start="2024-04-01T02:27:58.875025" elapsed="0.000260"/>
</kw>
<kw name="Should Be String" owner="String">
<arg>${json_data['results'][0]['gender']}</arg>
<doc>Fails if the given ``item`` is not a string.</doc>
<status status="PASS" start="2024-04-01T02:27:58.875600" elapsed="0.000375"/>
</kw>
<kw name="Should Match Regexp" owner="BuiltIn">
<arg>${json_data['results'][0]['email']}</arg>
<arg>^[a-zA-Z0-9._%+-]+@[a-zA-Z0-9.-]+\.[a-zA-Z]{2,}$</arg>
<doc>Fails if ``string`` does not match ``pattern`` as a regular expression.</doc>
<status status="PASS" start="2024-04-01T02:27:58.876189" elapsed="0.000526"/>
</kw>
<kw name="Should Match Regexp" owner="BuiltIn">
<arg>${json_data['results'][0]['dob']['date']}</arg>
<arg>\\d{4}-\\d{2}-\\d{2}T\\d{2}:\\d{2}:\\d{2}\\.\\d{3}Z</arg>
<doc>Fails if ``string`` does not match ``pattern`` as a regular expression.</doc>
<status status="PASS" start="2024-04-01T02:27:58.876914" elapsed="0.000533"/>
</kw>
<kw name="Should Match Regexp" owner="BuiltIn">
<arg>${json_data['results'][0]['registered']['date']}</arg>
<arg>\\d{4}-\\d{2}-\\d{2}T\\d{2}:\\d{2}:\\d{2}\\.\\d{3}Z</arg>
<doc>Fails if ``string`` does not match ``pattern`` as a regular expression.</doc>
<status status="PASS" start="2024-04-01T02:27:58.877651" elapsed="0.000381"/>
</kw>
<kw name="Should Match Regexp" owner="BuiltIn">
<arg>${json_data['results'][0]['picture']['large']}</arg>
<arg>^https?://.*\.(?:png|jpe?g|gif|bmp)$</arg>
<doc>Fails if ``string`` does not match ``pattern`` as a regular expression.</doc>
<status status="PASS" start="2024-04-01T02:27:58.878224" elapsed="0.000473"/>
</kw>
<kw name="Should Match Regexp" owner="BuiltIn">
<arg>${json_data['results'][0]['picture']['medium']}</arg>
<arg>^https?://.*\.(?:png|jpe?g|gif|bmp)$</arg>
<doc>Fails if ``string`` does not match ``pattern`` as a regular expression.</doc>
<status status="PASS" start="2024-04-01T02:27:58.878888" elapsed="0.000358"/>
</kw>
<kw name="Should Match Regexp" owner="BuiltIn">
<arg>${json_data['results'][0]['picture']['thumbnail']}</arg>
<arg>^https?://.*\.(?:png|jpe?g|gif|bmp)$</arg>
<doc>Fails if ``string`` does not match ``pattern`` as a regular expression.</doc>
<status status="PASS" start="2024-04-01T02:27:58.879442" elapsed="0.000348"/>
</kw>
<kw name="Log" owner="BuiltIn">
<msg time="2024-04-01T02:27:58.880299" level="INFO">{'large': 'https://randomuser.me/api/portraits/women/93.jpg', 'medium': 'https://randomuser.me/api/portraits/med/women/93.jpg', 'thumbnail': 'https://randomuser.me/api/portraits/thumb/women/93.jpg'}</msg>
<arg>${json_data['results'][0]['picture']}</arg>
<doc>Logs the given message with the given level.</doc>
<status status="PASS" start="2024-04-01T02:27:58.879970" elapsed="0.000375"/>
</kw>
<status status="PASS" start="2024-04-01T02:27:58.799822" elapsed="0.080784"/>
</kw>
<kw name="Teste de Tipos de Dados - Postcode" owner="random-user-service">
<kw name="GET On Session" owner="RequestsLibrary">
<msg time="2024-04-01T02:27:58.974459" level="INFO">GET Request : url=https://randomuser.me/api 
 path_url=/api 
 headers={'User-Agent': 'python-requests/2.31.0', 'Accept-Encoding': 'gzip, deflate', 'Accept': '*/*', 'Connection': 'keep-alive'} 
 body=None 
 </msg>
<msg time="2024-04-01T02:27:58.974564" level="INFO">GET Response : url=https://randomuser.me/api 
 status=200, reason=OK 
 headers={'Date': 'Mon, 01 Apr 2024 02:27:58 GMT', 'Content-Type': 'application/json; charset=utf-8', 'Transfer-Encoding': 'chunked', 'Connection': 'keep-alive', 'X-Powered-By': 'Express', 'Access-Control-Allow-Origin': '*', 'Cache-Control': 'no-cache', 'ETag': 'W/"49c-TYcnNaW8UX5avO9YZtskw2sWodg"', 'Vary': 'Accept-Encoding', 'Content-Encoding': 'gzip', 'CF-Cache-Status': 'DYNAMIC', 'Report-To': '{"endpoints":[{"url":"https:\\/\\/a.nel.cloudflare.com\\/report\\/v4?s=rcisMRXWW%2BT%2Bef3BYJE04qGog%2FWAH7mSIguVtZ2y3FRrdkvqhr3J1h2ruyQsTOewlPqp0TqIEciQOkayOvEMzWx4IptRunMr2mLAPfh7DhL5UpYUXp%2FPJQKkuhIgcS1F"}],"group":"cf-nel","max_age":604800}', 'NEL': '{"success_fraction":0,"report_to":"cf-nel","max_age":604800}', 'Server': 'cloudflare', 'CF-RAY': '86d524a4f8f2e24c-ORD', 'alt-svc': 'h3=":443"; ma=86400'} 
 body={"results":[{"gender":"female","name":{"title":"Ms","first":"Katarina","last":"Hanke"},"location":{"street":{"number":6553,"name":"Schulweg"},"city":"Aschaffenburg","state":"Sachsen","country":"Germany","postcode":69047,"coordinates":{"latitude":"-54.3841","longitude":"162.5667"},"timezone":{"offset":"+10:00","description":"Eastern Australia, Guam, Vladivostok"}},"email":"katarina.hanke@example.com","login":{"uuid":"84dfae0c-a9c5-4d3e-9908-861dc7b78ae8","username":"orangelion453","password":"753951","salt":"LYtZn5ML","md5":"7bf62244183e468af794430ebd0ddfbf","sha1":"4ee5ac6ba8d97226f9d2761af2fc7a367d9d9ec0","sha256":"9798890bc3f878b5943c9acf0dd8e664deb43e4f4944a91fcd381e13d39d97eb"},"dob":{"date":"1949-11-12T04:29:04.070Z","age":74},"registered":{"date":"2019-02-12T13:13:58.040Z","age":5},"phone":"0474-5685401","cell":"0173-8801671","id":{"name":"SVNR","value":"52 111149 H 787"},"picture":{"large":"https://randomuser.me/api/portraits/women/76.jpg","medium":"https://randomuser.me/api/portraits/med/women/76.jpg","thumbnail":"https://randomuser.me/api/portraits/thumb/women/76.jpg"},"nat":"DE"}],"info":{"seed":"a8d453d6b8979284","results":1,"page":1,"version":"1.4"}} 
 </msg>
<msg time="2024-04-01T02:27:58.974656" level="INFO">/opt/hostedtoolcache/Python/3.12.2/x64/lib/python3.12/site-packages/urllib3/connectionpool.py:1103: InsecureRequestWarning: Unverified HTTPS request is being made to host 'randomuser.me'. Adding certificate verification is strongly advised. See: https://urllib3.readthedocs.io/en/latest/advanced-usage.html#tls-warnings
  warnings.warn(</msg>
<msg time="2024-04-01T02:27:58.974786" level="INFO">${response} = &lt;Response [200]&gt;</msg>
<var>${response}</var>
<arg>consultarAPI</arg>
<arg>/api</arg>
<doc>Sends a GET request on a previously created HTTP Session.</doc>
<status status="PASS" start="2024-04-01T02:27:58.881237" elapsed="0.093588"/>
</kw>
<kw name="Set Variable" owner="BuiltIn">
<msg time="2024-04-01T02:27:58.976058" level="INFO">${json_data} = {'results': [{'gender': 'female', 'name': {'title': 'Ms', 'first': 'Katarina', 'last': 'Hanke'}, 'location': {'street': {'number': 6553, 'name': 'Schulweg'}, 'city': 'Aschaffenburg', 'state': 'Sachsen...</msg>
<var>${json_data}</var>
<arg>${response.json()}</arg>
<doc>Returns the given values which can then be assigned to a variables.</doc>
<status status="PASS" start="2024-04-01T02:27:58.975490" elapsed="0.000596"/>
</kw>
<kw name="Log" owner="BuiltIn">
<msg time="2024-04-01T02:27:58.976556" level="INFO">{'results': [{'gender': 'female', 'name': {'title': 'Ms', 'first': 'Katarina', 'last': 'Hanke'}, 'location': {'street': {'number': 6553, 'name': 'Schulweg'}, 'city': 'Aschaffenburg', 'state': 'Sachsen', 'country': 'Germany', 'postcode': 69047, 'coordinates': {'latitude': '-54.3841', 'longitude': '162.5667'}, 'timezone': {'offset': '+10:00', 'description': 'Eastern Australia, Guam, Vladivostok'}}, 'email': 'katarina.hanke@example.com', 'login': {'uuid': '84dfae0c-a9c5-4d3e-9908-861dc7b78ae8', 'username': 'orangelion453', 'password': '753951', 'salt': 'LYtZn5ML', 'md5': '7bf62244183e468af794430ebd0ddfbf', 'sha1': '4ee5ac6ba8d97226f9d2761af2fc7a367d9d9ec0', 'sha256': '9798890bc3f878b5943c9acf0dd8e664deb43e4f4944a91fcd381e13d39d97eb'}, 'dob': {'date': '1949-11-12T04:29:04.070Z', 'age': 74}, 'registered': {'date': '2019-02-12T13:13:58.040Z', 'age': 5}, 'phone': '0474-5685401', 'cell': '0173-8801671', 'id': {'name': 'SVNR', 'value': '52 111149 H 787'}, 'picture': {'large': 'https://randomuser.me/api/portraits/women/76.jpg', 'medium': 'https://randomuser.me/api/portraits/med/women/76.jpg', 'thumbnail': 'https://randomuser.me/api/portraits/thumb/women/76.jpg'}, 'nat': 'DE'}], 'info': {'seed': 'a8d453d6b8979284', 'results': 1, 'page': 1, 'version': '1.4'}}</msg>
<arg>${json_data}</arg>
<doc>Logs the given message with the given level.</doc>
<status status="PASS" start="2024-04-01T02:27:58.976400" elapsed="0.000242"/>
</kw>
<kw name="Should Be Equal As Numbers" owner="BuiltIn">
<arg>${json_data['results'][0]['location']['postcode']}</arg>
<arg>${json_data['results'][0]['location']['postcode']}</arg>
<doc>Fails if objects are unequal after converting them to real numbers.</doc>
<status status="PASS" start="2024-04-01T02:27:58.976954" elapsed="0.000698"/>
</kw>
<kw name="Log" owner="BuiltIn">
<msg time="2024-04-01T02:27:58.978184" level="INFO">69047</msg>
<arg>${json_data['results'][0]['location']['postcode']}</arg>
<doc>Logs the given message with the given level.</doc>
<status status="PASS" start="2024-04-01T02:27:58.977847" elapsed="0.000380"/>
</kw>
<status status="PASS" start="2024-04-01T02:27:58.880844" elapsed="0.097652"/>
</kw>
<doc>Testa se os tipos de dados na resposta da API estão corretos.</doc>
<tag>testeTiposDados</tag>
<status status="PASS" start="2024-04-01T02:27:58.799319" elapsed="0.179355"/>
</test>
<test id="s1-s1-t5" name="Validar conteudo" line="35">
<kw name="Teste de Tipos de Conteudo" owner="random-user-service">
<kw name="GET On Session" owner="RequestsLibrary">
<msg time="2024-04-01T02:27:59.070665" level="INFO">GET Request : url=https://randomuser.me/api 
 path_url=/api 
 headers={'User-Agent': 'python-requests/2.31.0', 'Accept-Encoding': 'gzip, deflate', 'Accept': '*/*', 'Connection': 'keep-alive'} 
 body=None 
 </msg>
<msg time="2024-04-01T02:27:59.070768" level="INFO">GET Response : url=https://randomuser.me/api 
 status=200, reason=OK 
 headers={'Date': 'Mon, 01 Apr 2024 02:27:59 GMT', 'Content-Type': 'application/json; charset=utf-8', 'Transfer-Encoding': 'chunked', 'Connection': 'keep-alive', 'X-Powered-By': 'Express', 'Access-Control-Allow-Origin': '*', 'Cache-Control': 'no-cache', 'ETag': 'W/"489-8aLx0J0ApFCLYVYkqz3zCcFiXP4"', 'Vary': 'Accept-Encoding', 'Content-Encoding': 'gzip', 'CF-Cache-Status': 'DYNAMIC', 'Report-To': '{"endpoints":[{"url":"https:\\/\\/a.nel.cloudflare.com\\/report\\/v4?s=2zQZI9dHsJGrPy3yXVWQY8PgDyyXg4pB3NycBGU4SWtB8INXUb29JaNVkany2v1WqutecUTvROk9v%2Bo0dpVPXGg%2FYvsuwtHmgiZxyZIfCDMNsHYFdfbCTCiKYmR7hdLS"}],"group":"cf-nel","max_age":604800}', 'NEL': '{"success_fraction":0,"report_to":"cf-nel","max_age":604800}', 'Server': 'cloudflare', 'CF-RAY': '86d524a5997be24c-ORD', 'alt-svc': 'h3=":443"; ma=86400'} 
 body={"results":[{"gender":"male","name":{"title":"Mr","first":"Anania","last":"Lima"},"location":{"street":{"number":3916,"name":"Rua Castro Alves "},"city":"São Carlos","state":"Paraná","country":"Brazil","postcode":20958,"coordinates":{"latitude":"-77.0657","longitude":"-103.4234"},"timezone":{"offset":"+7:00","description":"Bangkok, Hanoi, Jakarta"}},"email":"anania.lima@example.com","login":{"uuid":"18c62d81-f560-4a8d-a675-55b1145c7e49","username":"heavyfrog435","password":"goirish","salt":"8wAaOH1N","md5":"8ae4f43e18ad7e05ae8a9cde7ae3c7f5","sha1":"18d508e927078346f5542fc25df11e46600e53b7","sha256":"7839c1dad3be14af81cd4ae3390bcc6f59235dfd38c85c8f64aaf459072d40ba"},"dob":{"date":"1963-08-11T12:48:38.957Z","age":60},"registered":{"date":"2016-06-26T06:42:23.869Z","age":7},"phone":"(12) 3748-2618","cell":"(00) 4972-3152","id":{"name":"CPF","value":"368.586.758-67"},"picture":{"large":"https://randomuser.me/api/portraits/men/11.jpg","medium":"https://randomuser.me/api/portraits/med/men/11.jpg","thumbnail":"https://randomuser.me/api/portraits/thumb/men/11.jpg"},"nat":"BR"}],"info":{"seed":"ede51787f97b0852","results":1,"page":1,"version":"1.4"}} 
 </msg>
<msg time="2024-04-01T02:27:59.070842" level="INFO">/opt/hostedtoolcache/Python/3.12.2/x64/lib/python3.12/site-packages/urllib3/connectionpool.py:1103: InsecureRequestWarning: Unverified HTTPS request is being made to host 'randomuser.me'. Adding certificate verification is strongly advised. See: https://urllib3.readthedocs.io/en/latest/advanced-usage.html#tls-warnings
  warnings.warn(</msg>
<msg time="2024-04-01T02:27:59.070970" level="INFO">${response} = &lt;Response [200]&gt;</msg>
<var>${response}</var>
<arg>consultarAPI</arg>
<arg>/api</arg>
<doc>Sends a GET request on a previously created HTTP Session.</doc>
<status status="PASS" start="2024-04-01T02:27:58.981234" elapsed="0.089776"/>
</kw>
<kw name="Set Variable" owner="BuiltIn">
<msg time="2024-04-01T02:27:59.072326" level="INFO">${json_data} = {'results': [{'gender': 'male', 'name': {'title': 'Mr', 'first': 'Anania', 'last': 'Lima'}, 'location': {'street': {'number': 3916, 'name': 'Rua Castro Alves '}, 'city': 'São Carlos', 'state': 'Paraná...</msg>
<var>${json_data}</var>
<arg>${response.json()}</arg>
<doc>Returns the given values which can then be assigned to a variables.</doc>
<status status="PASS" start="2024-04-01T02:27:59.071695" elapsed="0.000660"/>
</kw>
<kw name="Set Variable" owner="BuiltIn">
<msg time="2024-04-01T02:27:59.073050" level="INFO">${name_title} = Mr</msg>
<var>${name_title}</var>
<arg>${json_data["results"][0]["name"]["title"]}</arg>
<doc>Returns the given values which can then be assigned to a variables.</doc>
<status status="PASS" start="2024-04-01T02:27:59.072665" elapsed="0.000411"/>
</kw>
<kw name="Create List" owner="BuiltIn">
<msg time="2024-04-01T02:27:59.073602" level="INFO">${allowed_titles} = ['Mr', 'Ms', 'Miss', 'Mrs', 'Madame', 'Monsieur']</msg>
<var>${allowed_titles}</var>
<arg>Mr</arg>
<arg>Ms</arg>
<arg>Miss</arg>
<arg>Mrs</arg>
<arg>Madame</arg>
<arg>Monsieur</arg>
<doc>Returns a list containing given items.</doc>
<status status="PASS" start="2024-04-01T02:27:59.073375" elapsed="0.000254"/>
</kw>
<kw name="List Should Contain Value" owner="Collections">
<msg time="2024-04-01T02:27:59.074118" level="INFO">False</msg>
<arg>${allowed_titles}</arg>
<arg>${name_title}</arg>
<doc>Fails if the ``value`` is not found from ``list``.</doc>
<status status="PASS" start="2024-04-01T02:27:59.073940" elapsed="0.000216"/>
</kw>
<kw name="Set Variable" owner="BuiltIn">
<msg time="2024-04-01T02:27:59.074832" level="INFO">${name_country} = BR</msg>
<var>${name_country}</var>
<arg>${json_data["results"][0]["nat"]}</arg>
<doc>Returns the given values which can then be assigned to a variables.</doc>
<status status="PASS" start="2024-04-01T02:27:59.074453" elapsed="0.000404"/>
</kw>
<kw name="Create List" owner="BuiltIn">
<msg time="2024-04-01T02:27:59.075764" level="INFO">${list_country} = ['AD', 'AE', 'AF', 'AG', 'AI', 'AL', 'AM', 'AO', 'AQ', 'AR', 'AS', 'AT', 'AU', 'AW', 'AX', 'AZ', 'BA', 'BB', 'BD', 'BE', 'BF', 'BG', 'BH', 'BI', 'BJ', 'BL', 'BM', 'BN', 'BO', 'BQ', 'BR', 'BS', 'BT', '...</msg>
<var>${list_country}</var>
<arg>AD</arg>
<arg>AE</arg>
<arg>AF</arg>
<arg>AG</arg>
<arg>AI</arg>
<arg>AL</arg>
<arg>AM</arg>
<arg>AO</arg>
<arg>AQ</arg>
<arg>AR</arg>
<arg>AS</arg>
<arg>AT</arg>
<arg>AU</arg>
<arg>AW</arg>
<arg>AX</arg>
<arg>AZ</arg>
<arg>BA</arg>
<arg>BB</arg>
<arg>BD</arg>
<arg>BE</arg>
<arg>BF</arg>
<arg>BG</arg>
<arg>BH</arg>
<arg>BI</arg>
<arg>BJ</arg>
<arg>BL</arg>
<arg>BM</arg>
<arg>BN</arg>
<arg>BO</arg>
<arg>BQ</arg>
<arg>BR</arg>
<arg>BS</arg>
<arg>BT</arg>
<arg>BV</arg>
<arg>BW</arg>
<arg>BY</arg>
<arg>BZ</arg>
<arg>CA</arg>
<arg>CC</arg>
<arg>CD</arg>
<arg>CF</arg>
<arg>CG</arg>
<arg>CH</arg>
<arg>CI</arg>
<arg>CK</arg>
<arg>CL</arg>
<arg>CM</arg>
<arg>CN</arg>
<arg>CO</arg>
<arg>CR</arg>
<arg>CU</arg>
<arg>CV</arg>
<arg>CW</arg>
<arg>CX</arg>
<arg>CY</arg>
<arg>CZ</arg>
<arg>DE</arg>
<arg>DJ</arg>
<arg>DK</arg>
<arg>DM</arg>
<arg>DO</arg>
<arg>DZ</arg>
<arg>EC</arg>
<arg>EE</arg>
<arg>EG</arg>
<arg>EH</arg>
<arg>ER</arg>
<arg>ES</arg>
<arg>ET</arg>
<arg>FI</arg>
<arg>FJ</arg>
<arg>FK</arg>
<arg>FM</arg>
<arg>FO</arg>
<arg>FR</arg>
<arg>GA</arg>
<arg>GB</arg>
<arg>GD</arg>
<arg>GE</arg>
<arg>GF</arg>
<arg>GG</arg>
<arg>GH</arg>
<arg>GI</arg>
<arg>GL</arg>
<arg>GM</arg>
<arg>GN</arg>
<arg>GP</arg>
<arg>GQ</arg>
<arg>GR</arg>
<arg>GS</arg>
<arg>GT</arg>
<arg>GU</arg>
<arg>GW</arg>
<arg>GY</arg>
<arg>HK</arg>
<arg>HM</arg>
<arg>HN</arg>
<arg>HR</arg>
<arg>HT</arg>
<arg>HU</arg>
<arg>ID</arg>
<arg>IE</arg>
<arg>IL</arg>
<arg>IM</arg>
<arg>IN</arg>
<arg>IO</arg>
<arg>IQ</arg>
<arg>IR</arg>
<arg>IS</arg>
<arg>IT</arg>
<arg>JE</arg>
<arg>JM</arg>
<arg>JO</arg>
<arg>JP</arg>
<arg>KE</arg>
<arg>KG</arg>
<arg>KH</arg>
<arg>KI</arg>
<arg>KM</arg>
<arg>KN</arg>
<arg>KP</arg>
<arg>KR</arg>
<arg>KW</arg>
<arg>KY</arg>
<arg>KZ</arg>
<arg>LA</arg>
<arg>LB</arg>
<arg>LC</arg>
<arg>LI</arg>
<arg>LK</arg>
<arg>LR</arg>
<arg>LS</arg>
<arg>LT</arg>
<arg>LU</arg>
<arg>LV</arg>
<arg>LY</arg>
<arg>MA</arg>
<arg>MC</arg>
<arg>MD</arg>
<arg>ME</arg>
<arg>MF</arg>
<arg>MG</arg>
<arg>MH</arg>
<arg>MK</arg>
<arg>ML</arg>
<arg>MM</arg>
<arg>MN</arg>
<arg>MO</arg>
<arg>MP</arg>
<arg>MQ</arg>
<arg>MR</arg>
<arg>MS</arg>
<arg>MT</arg>
<arg>MU</arg>
<arg>MV</arg>
<arg>MW</arg>
<arg>MX</arg>
<arg>MY</arg>
<arg>MZ</arg>
<arg>NA</arg>
<arg>NC</arg>
<arg>NE</arg>
<arg>NF</arg>
<arg>NG</arg>
<arg>NI</arg>
<arg>NL</arg>
<arg>NO</arg>
<arg>NP</arg>
<arg>NR</arg>
<arg>NU</arg>
<arg>NZ</arg>
<arg>OM</arg>
<arg>PA</arg>
<arg>PE</arg>
<arg>PF</arg>
<arg>PG</arg>
<arg>PH</arg>
<arg>PK</arg>
<arg>PL</arg>
<arg>PM</arg>
<arg>PN</arg>
<arg>PR</arg>
<arg>PS</arg>
<arg>PT</arg>
<arg>PW</arg>
<arg>PY</arg>
<arg>QA</arg>
<arg>RE</arg>
<arg>RO</arg>
<arg>RS</arg>
<arg>RU</arg>
<arg>RW</arg>
<arg>SA</arg>
<arg>SB</arg>
<arg>SC</arg>
<arg>SD</arg>
<arg>SE</arg>
<arg>SG</arg>
<arg>SH</arg>
<arg>SI</arg>
<arg>SJ</arg>
<arg>SK</arg>
<arg>SL</arg>
<arg>SM</arg>
<arg>SN</arg>
<arg>SO</arg>
<arg>SR</arg>
<arg>SS</arg>
<arg>ST</arg>
<arg>SV</arg>
<arg>SX</arg>
<arg>SY</arg>
<arg>SZ</arg>
<arg>TC</arg>
<arg>TD</arg>
<arg>TF</arg>
<arg>TG</arg>
<arg>TH</arg>
<arg>TJ</arg>
<arg>TK</arg>
<arg>TL</arg>
<arg>TM</arg>
<arg>TN</arg>
<arg>TO</arg>
<arg>TR</arg>
<arg>TT</arg>
<arg>TV</arg>
<arg>TW</arg>
<arg>TZ</arg>
<arg>UA</arg>
<arg>UG</arg>
<arg>UM</arg>
<arg>US</arg>
<arg>UY</arg>
<arg>UZ</arg>
<arg>VA</arg>
<arg>VC</arg>
<arg>VE</arg>
<arg>VG</arg>
<arg>VI</arg>
<arg>VN</arg>
<arg>VU</arg>
<arg>WF</arg>
<arg>WS</arg>
<arg>XK</arg>
<arg>YE</arg>
<arg>YT</arg>
<arg>ZA</arg>
<arg>ZM</arg>
<arg>ZW</arg>
<doc>Returns a list containing given items.</doc>
<status status="PASS" start="2024-04-01T02:27:59.075164" elapsed="0.000625"/>
</kw>
<kw name="List Should Contain Value" owner="Collections">
<msg time="2024-04-01T02:27:59.076919" level="INFO">False</msg>
<arg>${list_country}</arg>
<arg>${name_country}</arg>
<doc>Fails if the ``value`` is not found from ``list``.</doc>
<status status="PASS" start="2024-04-01T02:27:59.076715" elapsed="0.000241"/>
</kw>
<kw name="Run Keyword If" owner="BuiltIn">
<kw name="Should Be True" owner="BuiltIn">
<arg>${True}</arg>
<doc>Fails if the given condition is not true.</doc>
<status status="PASS" start="2024-04-01T02:27:59.078062" elapsed="0.000145"/>
</kw>
<arg>${json_data["results"][0]["location"]["coordinates"]["latitude"]} &gt;= -90 and ${json_data["results"][0]["location"]["coordinates"]["latitude"]} &lt;= 90</arg>
<arg>Should Be True</arg>
<arg>${True}</arg>
<doc>Runs the given keyword with the given arguments, if ``condition`` is true.</doc>
<status status="PASS" start="2024-04-01T02:27:59.077269" elapsed="0.001063"/>
</kw>
<kw name="Run Keyword If" owner="BuiltIn">
<kw name="Should Be True" owner="BuiltIn">
<arg>${True}</arg>
<doc>Fails if the given condition is not true.</doc>
<status status="PASS" start="2024-04-01T02:27:59.079208" elapsed="0.000136"/>
</kw>
<arg>${json_data["results"][0]["location"]["coordinates"]["longitude"]} &gt;= -180 and ${json_data["results"][0]["location"]["coordinates"]["longitude"]} &lt;= 180</arg>
<arg>Should Be True</arg>
<arg>${True}</arg>
<doc>Runs the given keyword with the given arguments, if ``condition`` is true.</doc>
<status status="PASS" start="2024-04-01T02:27:59.078515" elapsed="0.000952"/>
</kw>
<status status="PASS" start="2024-04-01T02:27:58.980983" elapsed="0.098615"/>
</kw>
<doc>Testa o conteúdo específico dos campos retornados pela API.</doc>
<tag>testeConteudo</tag>
<status status="PASS" start="2024-04-01T02:27:58.980491" elapsed="0.099262"/>
</test>
<status status="PASS" start="2024-04-01T02:27:58.095829" elapsed="0.985899"/>
</suite>
<status status="PASS" start="2024-04-01T02:27:58.082084" elapsed="1.005021"/>
</suite>
<statistics>
<total>
<stat pass="5" fail="0" skip="0">All Tests</stat>
</total>
<tag>
<stat pass="1" fail="0" skip="0">testeConteudo</stat>
<stat pass="1" fail="0" skip="0">testeEstruturaResposta</stat>
<stat pass="1" fail="0" skip="0">testeRequisicaoBasica</stat>
<stat pass="1" fail="0" skip="0">testeTiposDados</stat>
</tag>
<suite>
<stat pass="5" fail="0" skip="0" id="s1" name="Tests">Tests</stat>
<stat pass="5" fail="0" skip="0" id="s1-s1" name="Random-User-Test">Tests.Random-User-Test</stat>
</suite>
</statistics>
<errors>
</errors>
</robot>
