<?xml version="1.0" encoding="UTF-8"?>
<robot generator="Robot 7.0 (Python 3.12.2 on linux)" generated="2024-04-04T20:14:11.077345" rpa="false" schemaversion="5">
<suite id="s1" name="Tests" source="/home/runner/work/DesafioQAItauRogerioJordao/DesafioQAItauRogerioJordao/RamdonUser/tests">
<suite id="s1-s1" name="Random-User-Test" source="/home/runner/work/DesafioQAItauRogerioJordao/DesafioQAItauRogerioJordao/RamdonUser/tests/random-user-test.robot">
<test id="s1-s1-t1" name="Conectar" line="13">
<kw name="Conectar API" owner="random-user-service">
<kw name="Create Session" owner="RequestsLibrary">
<msg time="2024-04-04T20:14:11.463597" level="INFO">Creating Session using : alias=consultarAPI, url=https://randomuser.me/, headers={},                     cookies={}, auth=None, timeout=None, proxies=None, verify=False,                     debug=0 </msg>
<arg>consultarAPI</arg>
<arg>${URL}</arg>
<doc>Create Session: create a HTTP session to a server</doc>
<status status="PASS" start="2024-04-04T20:14:11.463377" elapsed="0.000421"/>
</kw>
<status status="PASS" start="2024-04-04T20:14:11.462261" elapsed="0.001980"/>
</kw>
<status status="PASS" start="2024-04-04T20:14:11.461630" elapsed="0.002837"/>
</test>
<test id="s1-s1-t2" name="Validar retorno 200 e JSON Válido" line="16">
<kw name="Teste de Requisicao Basica" owner="random-user-service">
<kw name="GET On Session" owner="RequestsLibrary">
<msg time="2024-04-04T20:14:11.546496" level="INFO">GET Request : url=https://randomuser.me/api 
 path_url=/api 
 headers={'User-Agent': 'python-requests/2.31.0', 'Accept-Encoding': 'gzip, deflate', 'Accept': '*/*', 'Connection': 'keep-alive'} 
 body=None 
 </msg>
<msg time="2024-04-04T20:14:11.546656" level="INFO">GET Response : url=https://randomuser.me/api 
 status=200, reason=OK 
 headers={'Date': 'Thu, 04 Apr 2024 20:14:11 GMT', 'Content-Type': 'application/json; charset=utf-8', 'Transfer-Encoding': 'chunked', 'Connection': 'keep-alive', 'X-Powered-By': 'Express', 'Access-Control-Allow-Origin': '*', 'Cache-Control': 'no-cache', 'ETag': 'W/"48a-qvq6QUITKEzlvP/bidd90qTsfR0"', 'Vary': 'Accept-Encoding', 'Content-Encoding': 'gzip', 'CF-Cache-Status': 'DYNAMIC', 'Report-To': '{"endpoints":[{"url":"https:\\/\\/a.nel.cloudflare.com\\/report\\/v4?s=iNkh3pKFevkU9PX6lZZMmrsin4d%2BCc3XNgjohfAy3T2l4SruVQy2VtskuR%2FHXePAyQVUoWHJbtyRrgybL2Z1LYOTo1dWEGKCJzg6v4WyGLeHeyBoqTUWW%2BtndCfw0C2F"}],"group":"cf-nel","max_age":604800}', 'NEL': '{"success_fraction":0,"report_to":"cf-nel","max_age":604800}', 'Server': 'cloudflare', 'CF-RAY': '86f3f699e95b37ee-IAD', 'alt-svc': 'h3=":443"; ma=86400'} 
 body={"results":[{"gender":"female","name":{"title":"Ms","first":"Prisha","last":"Uchil"},"location":{"street":{"number":6385,"name":"Shanmugham Rd"},"city":"Nadiad","state":"Sikkim","country":"India","postcode":30749,"coordinates":{"latitude":"8.9171","longitude":"103.6890"},"timezone":{"offset":"+5:30","description":"Bombay, Calcutta, Madras, New Delhi"}},"email":"prisha.uchil@example.com","login":{"uuid":"9febadad-34fd-4282-a11c-d3876b0d9984","username":"smallsnake324","password":"azerty","salt":"r81kGjjf","md5":"03ce74347d7e5448f3d9c0c16c8348af","sha1":"c25181374c5e029ac1cf588835a9803eb45d13bb","sha256":"e8e4011eb7b63d12d476cf8506a24c10fbe4298132862d1ab6619ea43c5e2ead"},"dob":{"date":"1974-03-12T16:30:22.343Z","age":50},"registered":{"date":"2011-07-01T21:10:17.406Z","age":12},"phone":"9086653475","cell":"8447564246","id":{"name":"UIDAI","value":"919495428705"},"picture":{"large":"https://randomuser.me/api/portraits/women/37.jpg","medium":"https://randomuser.me/api/portraits/med/women/37.jpg","thumbnail":"https://randomuser.me/api/portraits/thumb/women/37.jpg"},"nat":"IN"}],"info":{"seed":"622549b4421816a7","results":1,"page":1,"version":"1.4"}} 
 </msg>
<msg time="2024-04-04T20:14:11.546771" level="INFO">/opt/hostedtoolcache/Python/3.12.2/x64/lib/python3.12/site-packages/urllib3/connectionpool.py:1103: InsecureRequestWarning: Unverified HTTPS request is being made to host 'randomuser.me'. Adding certificate verification is strongly advised. See: https://urllib3.readthedocs.io/en/latest/advanced-usage.html#tls-warnings
  warnings.warn(</msg>
<msg time="2024-04-04T20:14:11.546941" level="INFO">${response} = &lt;Response [200]&gt;</msg>
<var>${response}</var>
<arg>consultarAPI</arg>
<arg>/api</arg>
<doc>Sends a GET request on a previously created HTTP Session.</doc>
<status status="PASS" start="2024-04-04T20:14:11.467128" elapsed="0.079858"/>
</kw>
<kw name="Should Be Equal As Numbers" owner="BuiltIn">
<msg time="2024-04-04T20:14:11.548102" level="INFO">Argument types are:
&lt;class 'int'&gt;
&lt;class 'str'&gt;</msg>
<arg>${response.status_code}</arg>
<arg>200</arg>
<doc>Fails if objects are unequal after converting them to real numbers.</doc>
<status status="PASS" start="2024-04-04T20:14:11.547579" elapsed="0.000601"/>
</kw>
<kw name="Log" owner="BuiltIn">
<msg time="2024-04-04T20:14:11.548881" level="INFO">200</msg>
<arg>${response.status_code}</arg>
<doc>Logs the given message with the given level.</doc>
<status status="PASS" start="2024-04-04T20:14:11.548515" elapsed="0.000410"/>
</kw>
<kw name="Set Variable" owner="BuiltIn">
<msg time="2024-04-04T20:14:11.549712" level="INFO">${json_data} = {'results': [{'gender': 'female', 'name': {'title': 'Ms', 'first': 'Prisha', 'last': 'Uchil'}, 'location': {'street': {'number': 6385, 'name': 'Shanmugham Rd'}, 'city': 'Nadiad', 'state': 'Sikkim', 'c...</msg>
<var>${json_data}</var>
<arg>${response.json()}</arg>
<doc>Returns the given values which can then be assigned to a variables.</doc>
<status status="PASS" start="2024-04-04T20:14:11.549267" elapsed="0.000474"/>
</kw>
<kw name="Dictionary Should Contain Key" owner="Collections">
<msg time="2024-04-04T20:14:11.550221" level="INFO">False</msg>
<arg>${json_data}</arg>
<arg>results</arg>
<doc>Fails if ``key`` is not found from ``dictionary``.</doc>
<status status="PASS" start="2024-04-04T20:14:11.550052" elapsed="0.000209"/>
</kw>
<status status="PASS" start="2024-04-04T20:14:11.466857" elapsed="0.083670"/>
</kw>
<doc>Testa se a API responde corretamente e retorna um objeto JSON válido.</doc>
<tag>testeRequisicaoBasica</tag>
<status status="PASS" start="2024-04-04T20:14:11.466351" elapsed="0.084372"/>
</test>
<test id="s1-s1-t3" name="Validar estrutura de resposta" line="22">
<kw name="Teste de Estrutura de Resposta" owner="random-user-service">
<kw name="GET On Session" owner="RequestsLibrary">
<msg time="2024-04-04T20:14:11.643667" level="INFO">GET Request : url=https://randomuser.me/api 
 path_url=/api 
 headers={'User-Agent': 'python-requests/2.31.0', 'Accept-Encoding': 'gzip, deflate', 'Accept': '*/*', 'Connection': 'keep-alive'} 
 body=None 
 </msg>
<msg time="2024-04-04T20:14:11.643773" level="INFO">GET Response : url=https://randomuser.me/api 
 status=200, reason=OK 
 headers={'Date': 'Thu, 04 Apr 2024 20:14:11 GMT', 'Content-Type': 'application/json; charset=utf-8', 'Transfer-Encoding': 'chunked', 'Connection': 'keep-alive', 'X-Powered-By': 'Express', 'Access-Control-Allow-Origin': '*', 'Cache-Control': 'no-cache', 'ETag': 'W/"4a0-we52zz3YF9RM0TgRlnm/I8EKWJ8"', 'Vary': 'Accept-Encoding', 'Content-Encoding': 'gzip', 'CF-Cache-Status': 'DYNAMIC', 'Report-To': '{"endpoints":[{"url":"https:\\/\\/a.nel.cloudflare.com\\/report\\/v4?s=m07c03K0aw7OqCGEvsw%2Fn0jwBZGylWfdnVM2Gzv4Sf4OKDOlkeMamq3B%2FNw86EQuHsGhOi3hCir6O0CooWl0s4QWcn7geve2eLwnMsRa2SePLLU7so6XKHc7yYqsZRwP"}],"group":"cf-nel","max_age":604800}', 'NEL': '{"success_fraction":0,"report_to":"cf-nel","max_age":604800}', 'Server': 'cloudflare', 'CF-RAY': '86f3f69a398d37ee-IAD', 'alt-svc': 'h3=":443"; ma=86400'} 
 body={"results":[{"gender":"male","name":{"title":"Monsieur","first":"Tony","last":"Riviere"},"location":{"street":{"number":5499,"name":"Rue Denfert-Rochereau"},"city":"Perly-Certoux","state":"Vaud","country":"Switzerland","postcode":1517,"coordinates":{"latitude":"-63.3853","longitude":"-153.8522"},"timezone":{"offset":"-3:00","description":"Brazil, Buenos Aires, Georgetown"}},"email":"tony.riviere@example.com","login":{"uuid":"fd58aaed-88a8-49cb-8090-ff2f0390eab7","username":"orangebear947","password":"1986","salt":"IIPFLVUa","md5":"147ef1cd64d12e214964ef86925fec07","sha1":"168705b70e19edba97cf9a111544268ebf00d6ca","sha256":"9e8501fc056db60987ec5aafa7deb83e25faf323b38c2f768c4659f9c6ba26a8"},"dob":{"date":"2001-03-28T07:02:07.167Z","age":23},"registered":{"date":"2005-02-11T19:54:39.938Z","age":19},"phone":"075 509 67 42","cell":"077 026 88 90","id":{"name":"AVS","value":"756.6635.3341.17"},"picture":{"large":"https://randomuser.me/api/portraits/men/97.jpg","medium":"https://randomuser.me/api/portraits/med/men/97.jpg","thumbnail":"https://randomuser.me/api/portraits/thumb/men/97.jpg"},"nat":"CH"}],"info":{"seed":"94739a1ffa1c39af","results":1,"page":1,"version":"1.4"}} 
 </msg>
<msg time="2024-04-04T20:14:11.643928" level="INFO">/opt/hostedtoolcache/Python/3.12.2/x64/lib/python3.12/site-packages/urllib3/connectionpool.py:1103: InsecureRequestWarning: Unverified HTTPS request is being made to host 'randomuser.me'. Adding certificate verification is strongly advised. See: https://urllib3.readthedocs.io/en/latest/advanced-usage.html#tls-warnings
  warnings.warn(</msg>
<msg time="2024-04-04T20:14:11.644109" level="INFO">${response} = &lt;Response [200]&gt;</msg>
<var>${response}</var>
<arg>consultarAPI</arg>
<arg>/api</arg>
<doc>Sends a GET request on a previously created HTTP Session.</doc>
<status status="PASS" start="2024-04-04T20:14:11.553597" elapsed="0.090557"/>
</kw>
<kw name="Set Variable" owner="BuiltIn">
<msg time="2024-04-04T20:14:11.645299" level="INFO">${json_data} = {'results': [{'gender': 'male', 'name': {'title': 'Monsieur', 'first': 'Tony', 'last': 'Riviere'}, 'location': {'street': {'number': 5499, 'name': 'Rue Denfert-Rochereau'}, 'city': 'Perly-Certoux', 's...</msg>
<var>${json_data}</var>
<arg>${response.json()}</arg>
<doc>Returns the given values which can then be assigned to a variables.</doc>
<status status="PASS" start="2024-04-04T20:14:11.644759" elapsed="0.000569"/>
</kw>
<kw name="Log" owner="BuiltIn">
<msg time="2024-04-04T20:14:11.645822" level="INFO">{'results': [{'gender': 'male', 'name': {'title': 'Monsieur', 'first': 'Tony', 'last': 'Riviere'}, 'location': {'street': {'number': 5499, 'name': 'Rue Denfert-Rochereau'}, 'city': 'Perly-Certoux', 'state': 'Vaud', 'country': 'Switzerland', 'postcode': 1517, 'coordinates': {'latitude': '-63.3853', 'longitude': '-153.8522'}, 'timezone': {'offset': '-3:00', 'description': 'Brazil, Buenos Aires, Georgetown'}}, 'email': 'tony.riviere@example.com', 'login': {'uuid': 'fd58aaed-88a8-49cb-8090-ff2f0390eab7', 'username': 'orangebear947', 'password': '1986', 'salt': 'IIPFLVUa', 'md5': '147ef1cd64d12e214964ef86925fec07', 'sha1': '168705b70e19edba97cf9a111544268ebf00d6ca', 'sha256': '9e8501fc056db60987ec5aafa7deb83e25faf323b38c2f768c4659f9c6ba26a8'}, 'dob': {'date': '2001-03-28T07:02:07.167Z', 'age': 23}, 'registered': {'date': '2005-02-11T19:54:39.938Z', 'age': 19}, 'phone': '075 509 67 42', 'cell': '077 026 88 90', 'id': {'name': 'AVS', 'value': '756.6635.3341.17'}, 'picture': {'large': 'https://randomuser.me/api/portraits/men/97.jpg', 'medium': 'https://randomuser.me/api/portraits/med/men/97.jpg', 'thumbnail': 'https://randomuser.me/api/portraits/thumb/men/97.jpg'}, 'nat': 'CH'}], 'info': {'seed': '94739a1ffa1c39af', 'results': 1, 'page': 1, 'version': '1.4'}}</msg>
<arg>${json_data}</arg>
<doc>Logs the given message with the given level.</doc>
<status status="PASS" start="2024-04-04T20:14:11.645658" elapsed="0.000212"/>
</kw>
<kw name="Dictionary Should Contain Key" owner="Collections">
<msg time="2024-04-04T20:14:11.646335" level="INFO">False</msg>
<arg>${json_data}</arg>
<arg>results</arg>
<doc>Fails if ``key`` is not found from ``dictionary``.</doc>
<status status="PASS" start="2024-04-04T20:14:11.646175" elapsed="0.000199"/>
</kw>
<kw name="Should Not Be Empty" owner="BuiltIn">
<msg time="2024-04-04T20:14:11.646805" level="INFO">Length is 2.</msg>
<arg>${json_data}</arg>
<doc>Verifies that the given item is not empty.</doc>
<status status="PASS" start="2024-04-04T20:14:11.646672" elapsed="0.000172"/>
</kw>
<kw name="Create List" owner="BuiltIn">
<msg time="2024-04-04T20:14:11.647293" level="INFO">${expected_keys} = ['gender', 'name', 'location', 'email', 'login']</msg>
<var>${expected_keys}</var>
<arg>gender</arg>
<arg>name</arg>
<arg>location</arg>
<arg>email</arg>
<arg>login</arg>
<doc>Returns a list containing given items.</doc>
<status status="PASS" start="2024-04-04T20:14:11.647140" elapsed="0.000178"/>
</kw>
<for flavor="IN">
<iter>
<kw name="Dictionary Should Contain Key" owner="Collections">
<msg time="2024-04-04T20:14:11.648408" level="INFO">False</msg>
<arg>${json_data['results'][0]}</arg>
<arg>${key}</arg>
<doc>Fails if ``key`` is not found from ``dictionary``.</doc>
<status status="PASS" start="2024-04-04T20:14:11.647931" elapsed="0.000517"/>
</kw>
<kw name="Log" owner="BuiltIn">
<msg time="2024-04-04T20:14:11.649141" level="INFO">{'gender': 'male', 'name': {'title': 'Monsieur', 'first': 'Tony', 'last': 'Riviere'}, 'location': {'street': {'number': 5499, 'name': 'Rue Denfert-Rochereau'}, 'city': 'Perly-Certoux', 'state': 'Vaud', 'country': 'Switzerland', 'postcode': 1517, 'coordinates': {'latitude': '-63.3853', 'longitude': '-153.8522'}, 'timezone': {'offset': '-3:00', 'description': 'Brazil, Buenos Aires, Georgetown'}}, 'email': 'tony.riviere@example.com', 'login': {'uuid': 'fd58aaed-88a8-49cb-8090-ff2f0390eab7', 'username': 'orangebear947', 'password': '1986', 'salt': 'IIPFLVUa', 'md5': '147ef1cd64d12e214964ef86925fec07', 'sha1': '168705b70e19edba97cf9a111544268ebf00d6ca', 'sha256': '9e8501fc056db60987ec5aafa7deb83e25faf323b38c2f768c4659f9c6ba26a8'}, 'dob': {'date': '2001-03-28T07:02:07.167Z', 'age': 23}, 'registered': {'date': '2005-02-11T19:54:39.938Z', 'age': 19}, 'phone': '075 509 67 42', 'cell': '077 026 88 90', 'id': {'name': 'AVS', 'value': '756.6635.3341.17'}, 'picture': {'large': 'https://randomuser.me/api/portraits/men/97.jpg', 'medium': 'https://randomuser.me/api/portraits/med/men/97.jpg', 'thumbnail': 'https://randomuser.me/api/portraits/thumb/men/97.jpg'}, 'nat': 'CH'}</msg>
<arg>${json_data['results'][0]}</arg>
<doc>Logs the given message with the given level.</doc>
<status status="PASS" start="2024-04-04T20:14:11.648770" elapsed="0.000428"/>
</kw>
<kw name="Log" owner="BuiltIn">
<msg time="2024-04-04T20:14:11.649645" level="INFO">gender</msg>
<arg>${key}</arg>
<doc>Logs the given message with the given level.</doc>
<status status="PASS" start="2024-04-04T20:14:11.649513" elapsed="0.000171"/>
</kw>
<var name="${key}">gender</var>
<status status="PASS" start="2024-04-04T20:14:11.647803" elapsed="0.002111"/>
</iter>
<iter>
<kw name="Dictionary Should Contain Key" owner="Collections">
<msg time="2024-04-04T20:14:11.650632" level="INFO">False</msg>
<arg>${json_data['results'][0]}</arg>
<arg>${key}</arg>
<doc>Fails if ``key`` is not found from ``dictionary``.</doc>
<status status="PASS" start="2024-04-04T20:14:11.650230" elapsed="0.000443"/>
</kw>
<kw name="Log" owner="BuiltIn">
<msg time="2024-04-04T20:14:11.651405" level="INFO">{'gender': 'male', 'name': {'title': 'Monsieur', 'first': 'Tony', 'last': 'Riviere'}, 'location': {'street': {'number': 5499, 'name': 'Rue Denfert-Rochereau'}, 'city': 'Perly-Certoux', 'state': 'Vaud', 'country': 'Switzerland', 'postcode': 1517, 'coordinates': {'latitude': '-63.3853', 'longitude': '-153.8522'}, 'timezone': {'offset': '-3:00', 'description': 'Brazil, Buenos Aires, Georgetown'}}, 'email': 'tony.riviere@example.com', 'login': {'uuid': 'fd58aaed-88a8-49cb-8090-ff2f0390eab7', 'username': 'orangebear947', 'password': '1986', 'salt': 'IIPFLVUa', 'md5': '147ef1cd64d12e214964ef86925fec07', 'sha1': '168705b70e19edba97cf9a111544268ebf00d6ca', 'sha256': '9e8501fc056db60987ec5aafa7deb83e25faf323b38c2f768c4659f9c6ba26a8'}, 'dob': {'date': '2001-03-28T07:02:07.167Z', 'age': 23}, 'registered': {'date': '2005-02-11T19:54:39.938Z', 'age': 19}, 'phone': '075 509 67 42', 'cell': '077 026 88 90', 'id': {'name': 'AVS', 'value': '756.6635.3341.17'}, 'picture': {'large': 'https://randomuser.me/api/portraits/men/97.jpg', 'medium': 'https://randomuser.me/api/portraits/med/men/97.jpg', 'thumbnail': 'https://randomuser.me/api/portraits/thumb/men/97.jpg'}, 'nat': 'CH'}</msg>
<arg>${json_data['results'][0]}</arg>
<doc>Logs the given message with the given level.</doc>
<status status="PASS" start="2024-04-04T20:14:11.651036" elapsed="0.000417"/>
</kw>
<kw name="Log" owner="BuiltIn">
<msg time="2024-04-04T20:14:11.651888" level="INFO">name</msg>
<arg>${key}</arg>
<doc>Logs the given message with the given level.</doc>
<status status="PASS" start="2024-04-04T20:14:11.651758" elapsed="0.000168"/>
</kw>
<var name="${key}">name</var>
<status status="PASS" start="2024-04-04T20:14:11.650112" elapsed="0.002077"/>
</iter>
<iter>
<kw name="Dictionary Should Contain Key" owner="Collections">
<msg time="2024-04-04T20:14:11.652891" level="INFO">False</msg>
<arg>${json_data['results'][0]}</arg>
<arg>${key}</arg>
<doc>Fails if ``key`` is not found from ``dictionary``.</doc>
<status status="PASS" start="2024-04-04T20:14:11.652499" elapsed="0.000431"/>
</kw>
<kw name="Log" owner="BuiltIn">
<msg time="2024-04-04T20:14:11.653609" level="INFO">{'gender': 'male', 'name': {'title': 'Monsieur', 'first': 'Tony', 'last': 'Riviere'}, 'location': {'street': {'number': 5499, 'name': 'Rue Denfert-Rochereau'}, 'city': 'Perly-Certoux', 'state': 'Vaud', 'country': 'Switzerland', 'postcode': 1517, 'coordinates': {'latitude': '-63.3853', 'longitude': '-153.8522'}, 'timezone': {'offset': '-3:00', 'description': 'Brazil, Buenos Aires, Georgetown'}}, 'email': 'tony.riviere@example.com', 'login': {'uuid': 'fd58aaed-88a8-49cb-8090-ff2f0390eab7', 'username': 'orangebear947', 'password': '1986', 'salt': 'IIPFLVUa', 'md5': '147ef1cd64d12e214964ef86925fec07', 'sha1': '168705b70e19edba97cf9a111544268ebf00d6ca', 'sha256': '9e8501fc056db60987ec5aafa7deb83e25faf323b38c2f768c4659f9c6ba26a8'}, 'dob': {'date': '2001-03-28T07:02:07.167Z', 'age': 23}, 'registered': {'date': '2005-02-11T19:54:39.938Z', 'age': 19}, 'phone': '075 509 67 42', 'cell': '077 026 88 90', 'id': {'name': 'AVS', 'value': '756.6635.3341.17'}, 'picture': {'large': 'https://randomuser.me/api/portraits/men/97.jpg', 'medium': 'https://randomuser.me/api/portraits/med/men/97.jpg', 'thumbnail': 'https://randomuser.me/api/portraits/thumb/men/97.jpg'}, 'nat': 'CH'}</msg>
<arg>${json_data['results'][0]}</arg>
<doc>Logs the given message with the given level.</doc>
<status status="PASS" start="2024-04-04T20:14:11.653241" elapsed="0.000421"/>
</kw>
<kw name="Log" owner="BuiltIn">
<msg time="2024-04-04T20:14:11.654096" level="INFO">location</msg>
<arg>${key}</arg>
<doc>Logs the given message with the given level.</doc>
<status status="PASS" start="2024-04-04T20:14:11.653966" elapsed="0.000168"/>
</kw>
<var name="${key}">location</var>
<status status="PASS" start="2024-04-04T20:14:11.652382" elapsed="0.001976"/>
</iter>
<iter>
<kw name="Dictionary Should Contain Key" owner="Collections">
<msg time="2024-04-04T20:14:11.655029" level="INFO">False</msg>
<arg>${json_data['results'][0]}</arg>
<arg>${key}</arg>
<doc>Fails if ``key`` is not found from ``dictionary``.</doc>
<status status="PASS" start="2024-04-04T20:14:11.654649" elapsed="0.000419"/>
</kw>
<kw name="Log" owner="BuiltIn">
<msg time="2024-04-04T20:14:11.655739" level="INFO">{'gender': 'male', 'name': {'title': 'Monsieur', 'first': 'Tony', 'last': 'Riviere'}, 'location': {'street': {'number': 5499, 'name': 'Rue Denfert-Rochereau'}, 'city': 'Perly-Certoux', 'state': 'Vaud', 'country': 'Switzerland', 'postcode': 1517, 'coordinates': {'latitude': '-63.3853', 'longitude': '-153.8522'}, 'timezone': {'offset': '-3:00', 'description': 'Brazil, Buenos Aires, Georgetown'}}, 'email': 'tony.riviere@example.com', 'login': {'uuid': 'fd58aaed-88a8-49cb-8090-ff2f0390eab7', 'username': 'orangebear947', 'password': '1986', 'salt': 'IIPFLVUa', 'md5': '147ef1cd64d12e214964ef86925fec07', 'sha1': '168705b70e19edba97cf9a111544268ebf00d6ca', 'sha256': '9e8501fc056db60987ec5aafa7deb83e25faf323b38c2f768c4659f9c6ba26a8'}, 'dob': {'date': '2001-03-28T07:02:07.167Z', 'age': 23}, 'registered': {'date': '2005-02-11T19:54:39.938Z', 'age': 19}, 'phone': '075 509 67 42', 'cell': '077 026 88 90', 'id': {'name': 'AVS', 'value': '756.6635.3341.17'}, 'picture': {'large': 'https://randomuser.me/api/portraits/men/97.jpg', 'medium': 'https://randomuser.me/api/portraits/med/men/97.jpg', 'thumbnail': 'https://randomuser.me/api/portraits/thumb/men/97.jpg'}, 'nat': 'CH'}</msg>
<arg>${json_data['results'][0]}</arg>
<doc>Logs the given message with the given level.</doc>
<status status="PASS" start="2024-04-04T20:14:11.655375" elapsed="0.000412"/>
</kw>
<kw name="Log" owner="BuiltIn">
<msg time="2024-04-04T20:14:11.656253" level="INFO">email</msg>
<arg>${key}</arg>
<doc>Logs the given message with the given level.</doc>
<status status="PASS" start="2024-04-04T20:14:11.656119" elapsed="0.000173"/>
</kw>
<var name="${key}">email</var>
<status status="PASS" start="2024-04-04T20:14:11.654538" elapsed="0.001978"/>
</iter>
<iter>
<kw name="Dictionary Should Contain Key" owner="Collections">
<msg time="2024-04-04T20:14:11.657204" level="INFO">False</msg>
<arg>${json_data['results'][0]}</arg>
<arg>${key}</arg>
<doc>Fails if ``key`` is not found from ``dictionary``.</doc>
<status status="PASS" start="2024-04-04T20:14:11.656815" elapsed="0.000427"/>
</kw>
<kw name="Log" owner="BuiltIn">
<msg time="2024-04-04T20:14:11.657906" level="INFO">{'gender': 'male', 'name': {'title': 'Monsieur', 'first': 'Tony', 'last': 'Riviere'}, 'location': {'street': {'number': 5499, 'name': 'Rue Denfert-Rochereau'}, 'city': 'Perly-Certoux', 'state': 'Vaud', 'country': 'Switzerland', 'postcode': 1517, 'coordinates': {'latitude': '-63.3853', 'longitude': '-153.8522'}, 'timezone': {'offset': '-3:00', 'description': 'Brazil, Buenos Aires, Georgetown'}}, 'email': 'tony.riviere@example.com', 'login': {'uuid': 'fd58aaed-88a8-49cb-8090-ff2f0390eab7', 'username': 'orangebear947', 'password': '1986', 'salt': 'IIPFLVUa', 'md5': '147ef1cd64d12e214964ef86925fec07', 'sha1': '168705b70e19edba97cf9a111544268ebf00d6ca', 'sha256': '9e8501fc056db60987ec5aafa7deb83e25faf323b38c2f768c4659f9c6ba26a8'}, 'dob': {'date': '2001-03-28T07:02:07.167Z', 'age': 23}, 'registered': {'date': '2005-02-11T19:54:39.938Z', 'age': 19}, 'phone': '075 509 67 42', 'cell': '077 026 88 90', 'id': {'name': 'AVS', 'value': '756.6635.3341.17'}, 'picture': {'large': 'https://randomuser.me/api/portraits/men/97.jpg', 'medium': 'https://randomuser.me/api/portraits/med/men/97.jpg', 'thumbnail': 'https://randomuser.me/api/portraits/thumb/men/97.jpg'}, 'nat': 'CH'}</msg>
<arg>${json_data['results'][0]}</arg>
<doc>Logs the given message with the given level.</doc>
<status status="PASS" start="2024-04-04T20:14:11.657544" elapsed="0.000410"/>
</kw>
<kw name="Log" owner="BuiltIn">
<msg time="2024-04-04T20:14:11.658387" level="INFO">login</msg>
<arg>${key}</arg>
<doc>Logs the given message with the given level.</doc>
<status status="PASS" start="2024-04-04T20:14:11.658258" elapsed="0.000298"/>
</kw>
<var name="${key}">login</var>
<status status="PASS" start="2024-04-04T20:14:11.656697" elapsed="0.002117"/>
</iter>
<var>${key}</var>
<value>@{expected_keys}</value>
<status status="PASS" start="2024-04-04T20:14:11.647594" elapsed="0.011350"/>
</for>
<kw name="Create List" owner="BuiltIn">
<msg time="2024-04-04T20:14:11.659289" level="INFO">${expected_keysTwo} = ['username', 'password']</msg>
<var>${expected_keysTwo}</var>
<arg>username</arg>
<arg>password</arg>
<doc>Returns a list containing given items.</doc>
<status status="PASS" start="2024-04-04T20:14:11.659148" elapsed="0.000165"/>
</kw>
<for flavor="IN">
<iter>
<kw name="Dictionary Should Contain Key" owner="Collections">
<msg time="2024-04-04T20:14:11.660267" level="INFO">False</msg>
<arg>${json_data['results'][0]['login']}</arg>
<arg>${keyTwo}</arg>
<doc>Fails if ``key`` is not found from ``dictionary``.</doc>
<status status="PASS" start="2024-04-04T20:14:11.659831" elapsed="0.000474"/>
</kw>
<kw name="Dictionary Should Contain Key" owner="Collections">
<msg time="2024-04-04T20:14:11.660986" level="INFO">False</msg>
<arg>${json_data['results'][0]['login']}</arg>
<arg>${keyTwo}</arg>
<doc>Fails if ``key`` is not found from ``dictionary``.</doc>
<status status="PASS" start="2024-04-04T20:14:11.660608" elapsed="0.000417"/>
</kw>
<kw name="Log" owner="BuiltIn">
<msg time="2024-04-04T20:14:11.661458" level="INFO">username</msg>
<arg>${keyTwo}</arg>
<doc>Logs the given message with the given level.</doc>
<status status="PASS" start="2024-04-04T20:14:11.661327" elapsed="0.000169"/>
</kw>
<var name="${keyTwo}">username</var>
<status status="PASS" start="2024-04-04T20:14:11.659721" elapsed="0.001995"/>
</iter>
<iter>
<kw name="Dictionary Should Contain Key" owner="Collections">
<msg time="2024-04-04T20:14:11.662382" level="INFO">False</msg>
<arg>${json_data['results'][0]['login']}</arg>
<arg>${keyTwo}</arg>
<doc>Fails if ``key`` is not found from ``dictionary``.</doc>
<status status="PASS" start="2024-04-04T20:14:11.662008" elapsed="0.000412"/>
</kw>
<kw name="Dictionary Should Contain Key" owner="Collections">
<msg time="2024-04-04T20:14:11.663107" level="INFO">False</msg>
<arg>${json_data['results'][0]['login']}</arg>
<arg>${keyTwo}</arg>
<doc>Fails if ``key`` is not found from ``dictionary``.</doc>
<status status="PASS" start="2024-04-04T20:14:11.662719" elapsed="0.000425"/>
</kw>
<kw name="Log" owner="BuiltIn">
<msg time="2024-04-04T20:14:11.663568" level="INFO">password</msg>
<arg>${keyTwo}</arg>
<doc>Logs the given message with the given level.</doc>
<status status="PASS" start="2024-04-04T20:14:11.663441" elapsed="0.000165"/>
</kw>
<var name="${keyTwo}">password</var>
<status status="PASS" start="2024-04-04T20:14:11.661894" elapsed="0.001937"/>
</iter>
<var>${keyTwo}</var>
<value>@{expected_keysTwo}</value>
<status status="PASS" start="2024-04-04T20:14:11.659561" elapsed="0.004394"/>
</for>
<status status="PASS" start="2024-04-04T20:14:11.553351" elapsed="0.110788"/>
</kw>
<doc>Testa a estrutura da resposta da API.</doc>
<tag>testeEstruturaResposta</tag>
<status status="PASS" start="2024-04-04T20:14:11.552643" elapsed="0.111675"/>
</test>
<test id="s1-s1-t4" name="Validar tipos de dados" line="28">
<kw name="Teste de Tipos de Dados" owner="random-user-service">
<kw name="GET On Session" owner="RequestsLibrary">
<msg time="2024-04-04T20:14:11.741857" level="INFO">GET Request : url=https://randomuser.me/api 
 path_url=/api 
 headers={'User-Agent': 'python-requests/2.31.0', 'Accept-Encoding': 'gzip, deflate', 'Accept': '*/*', 'Connection': 'keep-alive'} 
 body=None 
 </msg>
<msg time="2024-04-04T20:14:11.741960" level="INFO">GET Response : url=https://randomuser.me/api 
 status=200, reason=OK 
 headers={'Date': 'Thu, 04 Apr 2024 20:14:11 GMT', 'Content-Type': 'application/json; charset=utf-8', 'Transfer-Encoding': 'chunked', 'Connection': 'keep-alive', 'X-Powered-By': 'Express', 'Access-Control-Allow-Origin': '*', 'Cache-Control': 'no-cache', 'ETag': 'W/"495-cjJj4+HW/w8WLA69iNElYK19bzY"', 'Vary': 'Accept-Encoding', 'Content-Encoding': 'gzip', 'CF-Cache-Status': 'DYNAMIC', 'Report-To': '{"endpoints":[{"url":"https:\\/\\/a.nel.cloudflare.com\\/report\\/v4?s=UWigTk%2FBWmGdlrXtIK04z32hhzES%2BGqX3CAMi8dfBQqgd4e6rTzAHw34SAMT567n7DorS%2BW9sWXiJxvbxLlHyXkDxOqKU2QWGGyiNxHCx8YeHi5QOiP3nXFUQl%2BQuZjV"}],"group":"cf-nel","max_age":604800}', 'NEL': '{"success_fraction":0,"report_to":"cf-nel","max_age":604800}', 'Server': 'cloudflare', 'CF-RAY': '86f3f69afa1237ee-IAD', 'alt-svc': 'h3=":443"; ma=86400'} 
 body={"results":[{"gender":"male","name":{"title":"Mr","first":"Petar","last":"Živadinović"},"location":{"street":{"number":6174,"name":"Slobodana Mileusnića"},"city":"Ivanjica","state":"Pirot","country":"Serbia","postcode":52810,"coordinates":{"latitude":"59.9099","longitude":"-95.1597"},"timezone":{"offset":"+4:00","description":"Abu Dhabi, Muscat, Baku, Tbilisi"}},"email":"petar.zivadinovic@example.com","login":{"uuid":"9f99c487-9654-43df-b6c8-b357bb201dae","username":"smalllion765","password":"hhhhhhh","salt":"LAuqoY98","md5":"19c6d01ceba5212f86c49584933a5ef2","sha1":"852ff5dd50ed6e962f631ed3cc836323cdd7a6f6","sha256":"8c85fb1dadc458f322b0d3e943c677a3944f1412317f40590b43d6fc0a4922bb"},"dob":{"date":"1957-02-06T03:36:19.808Z","age":67},"registered":{"date":"2009-08-24T19:10:08.686Z","age":14},"phone":"036-1008-698","cell":"063-2578-096","id":{"name":"SID","value":"453743611"},"picture":{"large":"https://randomuser.me/api/portraits/men/45.jpg","medium":"https://randomuser.me/api/portraits/med/men/45.jpg","thumbnail":"https://randomuser.me/api/portraits/thumb/men/45.jpg"},"nat":"RS"}],"info":{"seed":"21c6c37f1b2bc39b","results":1,"page":1,"version":"1.4"}} 
 </msg>
<msg time="2024-04-04T20:14:11.742035" level="INFO">/opt/hostedtoolcache/Python/3.12.2/x64/lib/python3.12/site-packages/urllib3/connectionpool.py:1103: InsecureRequestWarning: Unverified HTTPS request is being made to host 'randomuser.me'. Adding certificate verification is strongly advised. See: https://urllib3.readthedocs.io/en/latest/advanced-usage.html#tls-warnings
  warnings.warn(</msg>
<msg time="2024-04-04T20:14:11.742180" level="INFO">${response} = &lt;Response [200]&gt;</msg>
<var>${response}</var>
<arg>consultarAPI</arg>
<arg>/api</arg>
<doc>Sends a GET request on a previously created HTTP Session.</doc>
<status status="PASS" start="2024-04-04T20:14:11.666853" elapsed="0.075366"/>
</kw>
<kw name="Set Variable" owner="BuiltIn">
<msg time="2024-04-04T20:14:11.743285" level="INFO">${json_data} = {'results': [{'gender': 'male', 'name': {'title': 'Mr', 'first': 'Petar', 'last': 'Živadinović'}, 'location': {'street': {'number': 6174, 'name': 'Slobodana Mileusnića'}, 'city': 'Ivanjica', 'state': ...</msg>
<var>${json_data}</var>
<arg>${response.json()}</arg>
<doc>Returns the given values which can then be assigned to a variables.</doc>
<status status="PASS" start="2024-04-04T20:14:11.742754" elapsed="0.000562"/>
</kw>
<kw name="Log" owner="BuiltIn">
<msg time="2024-04-04T20:14:11.743802" level="INFO">{'results': [{'gender': 'male', 'name': {'title': 'Mr', 'first': 'Petar', 'last': 'Živadinović'}, 'location': {'street': {'number': 6174, 'name': 'Slobodana Mileusnića'}, 'city': 'Ivanjica', 'state': 'Pirot', 'country': 'Serbia', 'postcode': 52810, 'coordinates': {'latitude': '59.9099', 'longitude': '-95.1597'}, 'timezone': {'offset': '+4:00', 'description': 'Abu Dhabi, Muscat, Baku, Tbilisi'}}, 'email': 'petar.zivadinovic@example.com', 'login': {'uuid': '9f99c487-9654-43df-b6c8-b357bb201dae', 'username': 'smalllion765', 'password': 'hhhhhhh', 'salt': 'LAuqoY98', 'md5': '19c6d01ceba5212f86c49584933a5ef2', 'sha1': '852ff5dd50ed6e962f631ed3cc836323cdd7a6f6', 'sha256': '8c85fb1dadc458f322b0d3e943c677a3944f1412317f40590b43d6fc0a4922bb'}, 'dob': {'date': '1957-02-06T03:36:19.808Z', 'age': 67}, 'registered': {'date': '2009-08-24T19:10:08.686Z', 'age': 14}, 'phone': '036-1008-698', 'cell': '063-2578-096', 'id': {'name': 'SID', 'value': '453743611'}, 'picture': {'large': 'https://randomuser.me/api/portraits/men/45.jpg', 'medium': 'https://randomuser.me/api/portraits/med/men/45.jpg', 'thumbnail': 'https://randomuser.me/api/portraits/thumb/men/45.jpg'}, 'nat': 'RS'}], 'info': {'seed': '21c6c37f1b2bc39b', 'results': 1, 'page': 1, 'version': '1.4'}}</msg>
<arg>${json_data}</arg>
<doc>Logs the given message with the given level.</doc>
<status status="PASS" start="2024-04-04T20:14:11.743641" elapsed="0.000251"/>
</kw>
<kw name="Should Be String" owner="String">
<arg>${json_data['results'][0]['gender']}</arg>
<doc>Fails if the given ``item`` is not a string.</doc>
<status status="PASS" start="2024-04-04T20:14:11.744248" elapsed="0.000381"/>
</kw>
<kw name="Should Match Regexp" owner="BuiltIn">
<arg>${json_data['results'][0]['email']}</arg>
<arg>^[a-zA-Z0-9._%+-]+@[a-zA-Z0-9.-]+\.[a-zA-Z]{2,}$</arg>
<doc>Fails if ``string`` does not match ``pattern`` as a regular expression.</doc>
<status status="PASS" start="2024-04-04T20:14:11.744828" elapsed="0.000526"/>
</kw>
<kw name="Should Match Regexp" owner="BuiltIn">
<arg>${json_data['results'][0]['dob']['date']}</arg>
<arg>\\d{4}-\\d{2}-\\d{2}T\\d{2}:\\d{2}:\\d{2}\\.\\d{3}Z</arg>
<doc>Fails if ``string`` does not match ``pattern`` as a regular expression.</doc>
<status status="PASS" start="2024-04-04T20:14:11.745554" elapsed="0.000502"/>
</kw>
<kw name="Should Match Regexp" owner="BuiltIn">
<arg>${json_data['results'][0]['registered']['date']}</arg>
<arg>\\d{4}-\\d{2}-\\d{2}T\\d{2}:\\d{2}:\\d{2}\\.\\d{3}Z</arg>
<doc>Fails if ``string`` does not match ``pattern`` as a regular expression.</doc>
<status status="PASS" start="2024-04-04T20:14:11.746251" elapsed="0.000377"/>
</kw>
<kw name="Should Match Regexp" owner="BuiltIn">
<arg>${json_data['results'][0]['picture']['large']}</arg>
<arg>^https?://.*\.(?:png|jpe?g|gif|bmp)$</arg>
<doc>Fails if ``string`` does not match ``pattern`` as a regular expression.</doc>
<status status="PASS" start="2024-04-04T20:14:11.746820" elapsed="0.000459"/>
</kw>
<kw name="Should Match Regexp" owner="BuiltIn">
<arg>${json_data['results'][0]['picture']['medium']}</arg>
<arg>^https?://.*\.(?:png|jpe?g|gif|bmp)$</arg>
<doc>Fails if ``string`` does not match ``pattern`` as a regular expression.</doc>
<status status="PASS" start="2024-04-04T20:14:11.747470" elapsed="0.000362"/>
</kw>
<kw name="Should Match Regexp" owner="BuiltIn">
<arg>${json_data['results'][0]['picture']['thumbnail']}</arg>
<arg>^https?://.*\.(?:png|jpe?g|gif|bmp)$</arg>
<doc>Fails if ``string`` does not match ``pattern`` as a regular expression.</doc>
<status status="PASS" start="2024-04-04T20:14:11.748020" elapsed="0.000393"/>
</kw>
<kw name="Log" owner="BuiltIn">
<msg time="2024-04-04T20:14:11.748930" level="INFO">{'large': 'https://randomuser.me/api/portraits/men/45.jpg', 'medium': 'https://randomuser.me/api/portraits/med/men/45.jpg', 'thumbnail': 'https://randomuser.me/api/portraits/thumb/men/45.jpg'}</msg>
<arg>${json_data['results'][0]['picture']}</arg>
<doc>Logs the given message with the given level.</doc>
<status status="PASS" start="2024-04-04T20:14:11.748598" elapsed="0.000378"/>
</kw>
<status status="PASS" start="2024-04-04T20:14:11.666614" elapsed="0.082629"/>
</kw>
<kw name="Teste de Tipos de Dados - Postcode" owner="random-user-service">
<kw name="GET On Session" owner="RequestsLibrary">
<msg time="2024-04-04T20:14:11.845511" level="INFO">GET Request : url=https://randomuser.me/api 
 path_url=/api 
 headers={'User-Agent': 'python-requests/2.31.0', 'Accept-Encoding': 'gzip, deflate', 'Accept': '*/*', 'Connection': 'keep-alive'} 
 body=None 
 </msg>
<msg time="2024-04-04T20:14:11.845624" level="INFO">GET Response : url=https://randomuser.me/api 
 status=200, reason=OK 
 headers={'Date': 'Thu, 04 Apr 2024 20:14:11 GMT', 'Content-Type': 'application/json; charset=utf-8', 'Transfer-Encoding': 'chunked', 'Connection': 'keep-alive', 'X-Powered-By': 'Express', 'Access-Control-Allow-Origin': '*', 'Cache-Control': 'no-cache', 'ETag': 'W/"49f-UHZ6IsVC1YnOMKAjU8B1qAfWRt4"', 'Vary': 'Accept-Encoding', 'Content-Encoding': 'gzip', 'CF-Cache-Status': 'DYNAMIC', 'Report-To': '{"endpoints":[{"url":"https:\\/\\/a.nel.cloudflare.com\\/report\\/v4?s=FhA4Q%2F5gPAVH7YpYZGDb66OQvlEIUzkWsC6PJJRYQZXeI%2B3Aqez5%2BregqQemIwLElzxJppbAU72%2BupHXC4%2FHq7OWK5y6SFKuAB60ziVx6offFKsNuRoGonaYwdaMhq9x"}],"group":"cf-nel","max_age":604800}', 'NEL': '{"success_fraction":0,"report_to":"cf-nel","max_age":604800}', 'Server': 'cloudflare', 'CF-RAY': '86f3f69b7a8437ee-IAD', 'alt-svc': 'h3=":443"; ma=86400'} 
 body={"results":[{"gender":"male","name":{"title":"Mr","first":"Jose","last":"Markert"},"location":{"street":{"number":5925,"name":"Kapellenweg"},"city":"Heidelberg","state":"Saarland","country":"Germany","postcode":71371,"coordinates":{"latitude":"-53.3989","longitude":"-79.6533"},"timezone":{"offset":"0:00","description":"Western Europe Time, London, Lisbon, Casablanca"}},"email":"jose.markert@example.com","login":{"uuid":"897975ba-2738-41d3-af81-1572bcdc2358","username":"orangebutterfly179","password":"yahoo","salt":"lEnGeYp3","md5":"a621185873ec5828c22f7bc9116d42f7","sha1":"8f6fc038f1c2b0febc6dcdaceebe46b97caf60aa","sha256":"ad7a6a19a0d2c958feaa6474cc3ef62e6133d4d8abe568254334504166ff9dce"},"dob":{"date":"1965-09-27T10:48:32.868Z","age":58},"registered":{"date":"2011-03-18T09:34:46.783Z","age":13},"phone":"0678-7123555","cell":"0173-6874455","id":{"name":"SVNR","value":"63 270965 M 252"},"picture":{"large":"https://randomuser.me/api/portraits/men/13.jpg","medium":"https://randomuser.me/api/portraits/med/men/13.jpg","thumbnail":"https://randomuser.me/api/portraits/thumb/men/13.jpg"},"nat":"DE"}],"info":{"seed":"34cad291bd0f2064","results":1,"page":1,"version":"1.4"}} 
 </msg>
<msg time="2024-04-04T20:14:11.845729" level="INFO">/opt/hostedtoolcache/Python/3.12.2/x64/lib/python3.12/site-packages/urllib3/connectionpool.py:1103: InsecureRequestWarning: Unverified HTTPS request is being made to host 'randomuser.me'. Adding certificate verification is strongly advised. See: https://urllib3.readthedocs.io/en/latest/advanced-usage.html#tls-warnings
  warnings.warn(</msg>
<msg time="2024-04-04T20:14:11.845895" level="INFO">${response} = &lt;Response [200]&gt;</msg>
<var>${response}</var>
<arg>consultarAPI</arg>
<arg>/api</arg>
<doc>Sends a GET request on a previously created HTTP Session.</doc>
<status status="PASS" start="2024-04-04T20:14:11.749888" elapsed="0.096050"/>
</kw>
<kw name="Set Variable" owner="BuiltIn">
<msg time="2024-04-04T20:14:11.847018" level="INFO">${json_data} = {'results': [{'gender': 'male', 'name': {'title': 'Mr', 'first': 'Jose', 'last': 'Markert'}, 'location': {'street': {'number': 5925, 'name': 'Kapellenweg'}, 'city': 'Heidelberg', 'state': 'Saarland', ...</msg>
<var>${json_data}</var>
<arg>${response.json()}</arg>
<doc>Returns the given values which can then be assigned to a variables.</doc>
<status status="PASS" start="2024-04-04T20:14:11.846507" elapsed="0.000540"/>
</kw>
<kw name="Log" owner="BuiltIn">
<msg time="2024-04-04T20:14:11.847522" level="INFO">{'results': [{'gender': 'male', 'name': {'title': 'Mr', 'first': 'Jose', 'last': 'Markert'}, 'location': {'street': {'number': 5925, 'name': 'Kapellenweg'}, 'city': 'Heidelberg', 'state': 'Saarland', 'country': 'Germany', 'postcode': 71371, 'coordinates': {'latitude': '-53.3989', 'longitude': '-79.6533'}, 'timezone': {'offset': '0:00', 'description': 'Western Europe Time, London, Lisbon, Casablanca'}}, 'email': 'jose.markert@example.com', 'login': {'uuid': '897975ba-2738-41d3-af81-1572bcdc2358', 'username': 'orangebutterfly179', 'password': 'yahoo', 'salt': 'lEnGeYp3', 'md5': 'a621185873ec5828c22f7bc9116d42f7', 'sha1': '8f6fc038f1c2b0febc6dcdaceebe46b97caf60aa', 'sha256': 'ad7a6a19a0d2c958feaa6474cc3ef62e6133d4d8abe568254334504166ff9dce'}, 'dob': {'date': '1965-09-27T10:48:32.868Z', 'age': 58}, 'registered': {'date': '2011-03-18T09:34:46.783Z', 'age': 13}, 'phone': '0678-7123555', 'cell': '0173-6874455', 'id': {'name': 'SVNR', 'value': '63 270965 M 252'}, 'picture': {'large': 'https://randomuser.me/api/portraits/men/13.jpg', 'medium': 'https://randomuser.me/api/portraits/med/men/13.jpg', 'thumbnail': 'https://randomuser.me/api/portraits/thumb/men/13.jpg'}, 'nat': 'DE'}], 'info': {'seed': '34cad291bd0f2064', 'results': 1, 'page': 1, 'version': '1.4'}}</msg>
<arg>${json_data}</arg>
<doc>Logs the given message with the given level.</doc>
<status status="PASS" start="2024-04-04T20:14:11.847367" elapsed="0.000238"/>
</kw>
<kw name="Should Be Equal As Numbers" owner="BuiltIn">
<arg>${json_data['results'][0]['location']['postcode']}</arg>
<arg>${json_data['results'][0]['location']['postcode']}</arg>
<doc>Fails if objects are unequal after converting them to real numbers.</doc>
<status status="PASS" start="2024-04-04T20:14:11.847910" elapsed="0.000694"/>
</kw>
<kw name="Log" owner="BuiltIn">
<msg time="2024-04-04T20:14:11.849144" level="INFO">71371</msg>
<arg>${json_data['results'][0]['location']['postcode']}</arg>
<doc>Logs the given message with the given level.</doc>
<status status="PASS" start="2024-04-04T20:14:11.848806" elapsed="0.000379"/>
</kw>
<status status="PASS" start="2024-04-04T20:14:11.749488" elapsed="0.099964"/>
</kw>
<doc>Testa se os tipos de dados na resposta da API estão corretos.</doc>
<tag>testeTiposDados</tag>
<status status="PASS" start="2024-04-04T20:14:11.666123" elapsed="0.183515"/>
</test>
<test id="s1-s1-t5" name="Validar conteudo" line="35">
<kw name="Teste de Tipos de Conteudo" owner="random-user-service">
<kw name="GET On Session" owner="RequestsLibrary">
<msg time="2024-04-04T20:14:11.948105" level="INFO">GET Request : url=https://randomuser.me/api 
 path_url=/api 
 headers={'User-Agent': 'python-requests/2.31.0', 'Accept-Encoding': 'gzip, deflate', 'Accept': '*/*', 'Connection': 'keep-alive'} 
 body=None 
 </msg>
<msg time="2024-04-04T20:14:11.948220" level="INFO">GET Response : url=https://randomuser.me/api 
 status=200, reason=OK 
 headers={'Date': 'Thu, 04 Apr 2024 20:14:11 GMT', 'Content-Type': 'application/json; charset=utf-8', 'Transfer-Encoding': 'chunked', 'Connection': 'keep-alive', 'X-Powered-By': 'Express', 'Access-Control-Allow-Origin': '*', 'Cache-Control': 'no-cache', 'ETag': 'W/"4b5-0lpB8cSWb40nW3NzxEBltIdUoes"', 'Vary': 'Accept-Encoding', 'Content-Encoding': 'gzip', 'CF-Cache-Status': 'DYNAMIC', 'Report-To': '{"endpoints":[{"url":"https:\\/\\/a.nel.cloudflare.com\\/report\\/v4?s=p1XtN0PbTd2EmovDgk29DXOesKXXEtCwxs37m60G%2BH8IjFevXUMgSKOiUHcZAKuAXq9tFdlem6jc%2FN5x8OqT4yJNKGgUV2oPO86fqdtbAwGQhcg%2BaV%2BdSXHfPF%2BE3kYo"}],"group":"cf-nel","max_age":604800}', 'NEL': '{"success_fraction":0,"report_to":"cf-nel","max_age":604800}', 'Server': 'cloudflare', 'CF-RAY': '86f3f69c1afe37ee-IAD', 'alt-svc': 'h3=":443"; ma=86400'} 
 body={"results":[{"gender":"male","name":{"title":"Mr","first":"Wenseslao","last":"Menéndez"},"location":{"street":{"number":5317,"name":"Diagonal Sur Ponce"},"city":"Francisco Javier Mina","state":"Queretaro","country":"Mexico","postcode":70362,"coordinates":{"latitude":"22.8284","longitude":"-132.5664"},"timezone":{"offset":"+5:00","description":"Ekaterinburg, Islamabad, Karachi, Tashkent"}},"email":"wenseslao.menendez@example.com","login":{"uuid":"f8b894aa-572e-4729-90af-e7f465a9a0f0","username":"redzebra891","password":"12345","salt":"uDj6DiIv","md5":"25252c9ff0744afadf1216bb48827c6c","sha1":"fc3065267d4742a1189613ac4b17050e355e2615","sha256":"88b7a420609e59e7d71bb6aec3e2690f1482422eaeadd369158c6d62895e93af"},"dob":{"date":"1971-01-20T16:15:28.634Z","age":53},"registered":{"date":"2021-06-07T19:55:08.771Z","age":2},"phone":"(643) 656 0902","cell":"(685) 957 7095","id":{"name":"NSS","value":"01 65 55 5423 9"},"picture":{"large":"https://randomuser.me/api/portraits/men/28.jpg","medium":"https://randomuser.me/api/portraits/med/men/28.jpg","thumbnail":"https://randomuser.me/api/portraits/thumb/men/28.jpg"},"nat":"MX"}],"info":{"seed":"eae3773719e8e25a","results":1,"page":1,"version":"1.4"}} 
 </msg>
<msg time="2024-04-04T20:14:11.948305" level="INFO">/opt/hostedtoolcache/Python/3.12.2/x64/lib/python3.12/site-packages/urllib3/connectionpool.py:1103: InsecureRequestWarning: Unverified HTTPS request is being made to host 'randomuser.me'. Adding certificate verification is strongly advised. See: https://urllib3.readthedocs.io/en/latest/advanced-usage.html#tls-warnings
  warnings.warn(</msg>
<msg time="2024-04-04T20:14:11.948465" level="INFO">${response} = &lt;Response [200]&gt;</msg>
<var>${response}</var>
<arg>consultarAPI</arg>
<arg>/api</arg>
<doc>Sends a GET request on a previously created HTTP Session.</doc>
<status status="PASS" start="2024-04-04T20:14:11.852187" elapsed="0.096327"/>
</kw>
<kw name="Set Variable" owner="BuiltIn">
<msg time="2024-04-04T20:14:11.949619" level="INFO">${json_data} = {'results': [{'gender': 'male', 'name': {'title': 'Mr', 'first': 'Wenseslao', 'last': 'Menéndez'}, 'location': {'street': {'number': 5317, 'name': 'Diagonal Sur Ponce'}, 'city': 'Francisco Javier Mina...</msg>
<var>${json_data}</var>
<arg>${response.json()}</arg>
<doc>Returns the given values which can then be assigned to a variables.</doc>
<status status="PASS" start="2024-04-04T20:14:11.949093" elapsed="0.000556"/>
</kw>
<kw name="Set Variable" owner="BuiltIn">
<msg time="2024-04-04T20:14:11.950347" level="INFO">${name_title} = Mr</msg>
<var>${name_title}</var>
<arg>${json_data["results"][0]["name"]["title"]}</arg>
<doc>Returns the given values which can then be assigned to a variables.</doc>
<status status="PASS" start="2024-04-04T20:14:11.949968" elapsed="0.000405"/>
</kw>
<kw name="Create List" owner="BuiltIn">
<msg time="2024-04-04T20:14:11.950827" level="INFO">${allowed_titles} = ['Mr', 'Ms', 'Miss', 'Mrs', 'Madame', 'Monsieur']</msg>
<var>${allowed_titles}</var>
<arg>Mr</arg>
<arg>Ms</arg>
<arg>Miss</arg>
<arg>Mrs</arg>
<arg>Madame</arg>
<arg>Monsieur</arg>
<doc>Returns a list containing given items.</doc>
<status status="PASS" start="2024-04-04T20:14:11.950674" elapsed="0.000177"/>
</kw>
<kw name="List Should Contain Value" owner="Collections">
<msg time="2024-04-04T20:14:11.951341" level="INFO">False</msg>
<arg>${allowed_titles}</arg>
<arg>${name_title}</arg>
<doc>Fails if the ``value`` is not found from ``list``.</doc>
<status status="PASS" start="2024-04-04T20:14:11.951162" elapsed="0.000217"/>
</kw>
<kw name="Set Variable" owner="BuiltIn">
<msg time="2024-04-04T20:14:11.952086" level="INFO">${name_country} = MX</msg>
<var>${name_country}</var>
<arg>${json_data["results"][0]["nat"]}</arg>
<doc>Returns the given values which can then be assigned to a variables.</doc>
<status status="PASS" start="2024-04-04T20:14:11.951674" elapsed="0.000445"/>
</kw>
<kw name="Create List" owner="BuiltIn">
<msg time="2024-04-04T20:14:11.953035" level="INFO">${list_country} = ['AD', 'AE', 'AF', 'AG', 'AI', 'AL', 'AM', 'AO', 'AQ', 'AR', 'AS', 'AT', 'AU', 'AW', 'AX', 'AZ', 'BA', 'BB', 'BD', 'BE', 'BF', 'BG', 'BH', 'BI', 'BJ', 'BL', 'BM', 'BN', 'BO', 'BQ', 'BR', 'BS', 'BT', '...</msg>
<var>${list_country}</var>
<arg>AD</arg>
<arg>AE</arg>
<arg>AF</arg>
<arg>AG</arg>
<arg>AI</arg>
<arg>AL</arg>
<arg>AM</arg>
<arg>AO</arg>
<arg>AQ</arg>
<arg>AR</arg>
<arg>AS</arg>
<arg>AT</arg>
<arg>AU</arg>
<arg>AW</arg>
<arg>AX</arg>
<arg>AZ</arg>
<arg>BA</arg>
<arg>BB</arg>
<arg>BD</arg>
<arg>BE</arg>
<arg>BF</arg>
<arg>BG</arg>
<arg>BH</arg>
<arg>BI</arg>
<arg>BJ</arg>
<arg>BL</arg>
<arg>BM</arg>
<arg>BN</arg>
<arg>BO</arg>
<arg>BQ</arg>
<arg>BR</arg>
<arg>BS</arg>
<arg>BT</arg>
<arg>BV</arg>
<arg>BW</arg>
<arg>BY</arg>
<arg>BZ</arg>
<arg>CA</arg>
<arg>CC</arg>
<arg>CD</arg>
<arg>CF</arg>
<arg>CG</arg>
<arg>CH</arg>
<arg>CI</arg>
<arg>CK</arg>
<arg>CL</arg>
<arg>CM</arg>
<arg>CN</arg>
<arg>CO</arg>
<arg>CR</arg>
<arg>CU</arg>
<arg>CV</arg>
<arg>CW</arg>
<arg>CX</arg>
<arg>CY</arg>
<arg>CZ</arg>
<arg>DE</arg>
<arg>DJ</arg>
<arg>DK</arg>
<arg>DM</arg>
<arg>DO</arg>
<arg>DZ</arg>
<arg>EC</arg>
<arg>EE</arg>
<arg>EG</arg>
<arg>EH</arg>
<arg>ER</arg>
<arg>ES</arg>
<arg>ET</arg>
<arg>FI</arg>
<arg>FJ</arg>
<arg>FK</arg>
<arg>FM</arg>
<arg>FO</arg>
<arg>FR</arg>
<arg>GA</arg>
<arg>GB</arg>
<arg>GD</arg>
<arg>GE</arg>
<arg>GF</arg>
<arg>GG</arg>
<arg>GH</arg>
<arg>GI</arg>
<arg>GL</arg>
<arg>GM</arg>
<arg>GN</arg>
<arg>GP</arg>
<arg>GQ</arg>
<arg>GR</arg>
<arg>GS</arg>
<arg>GT</arg>
<arg>GU</arg>
<arg>GW</arg>
<arg>GY</arg>
<arg>HK</arg>
<arg>HM</arg>
<arg>HN</arg>
<arg>HR</arg>
<arg>HT</arg>
<arg>HU</arg>
<arg>ID</arg>
<arg>IE</arg>
<arg>IL</arg>
<arg>IM</arg>
<arg>IN</arg>
<arg>IO</arg>
<arg>IQ</arg>
<arg>IR</arg>
<arg>IS</arg>
<arg>IT</arg>
<arg>JE</arg>
<arg>JM</arg>
<arg>JO</arg>
<arg>JP</arg>
<arg>KE</arg>
<arg>KG</arg>
<arg>KH</arg>
<arg>KI</arg>
<arg>KM</arg>
<arg>KN</arg>
<arg>KP</arg>
<arg>KR</arg>
<arg>KW</arg>
<arg>KY</arg>
<arg>KZ</arg>
<arg>LA</arg>
<arg>LB</arg>
<arg>LC</arg>
<arg>LI</arg>
<arg>LK</arg>
<arg>LR</arg>
<arg>LS</arg>
<arg>LT</arg>
<arg>LU</arg>
<arg>LV</arg>
<arg>LY</arg>
<arg>MA</arg>
<arg>MC</arg>
<arg>MD</arg>
<arg>ME</arg>
<arg>MF</arg>
<arg>MG</arg>
<arg>MH</arg>
<arg>MK</arg>
<arg>ML</arg>
<arg>MM</arg>
<arg>MN</arg>
<arg>MO</arg>
<arg>MP</arg>
<arg>MQ</arg>
<arg>MR</arg>
<arg>MS</arg>
<arg>MT</arg>
<arg>MU</arg>
<arg>MV</arg>
<arg>MW</arg>
<arg>MX</arg>
<arg>MY</arg>
<arg>MZ</arg>
<arg>NA</arg>
<arg>NC</arg>
<arg>NE</arg>
<arg>NF</arg>
<arg>NG</arg>
<arg>NI</arg>
<arg>NL</arg>
<arg>NO</arg>
<arg>NP</arg>
<arg>NR</arg>
<arg>NU</arg>
<arg>NZ</arg>
<arg>OM</arg>
<arg>PA</arg>
<arg>PE</arg>
<arg>PF</arg>
<arg>PG</arg>
<arg>PH</arg>
<arg>PK</arg>
<arg>PL</arg>
<arg>PM</arg>
<arg>PN</arg>
<arg>PR</arg>
<arg>PS</arg>
<arg>PT</arg>
<arg>PW</arg>
<arg>PY</arg>
<arg>QA</arg>
<arg>RE</arg>
<arg>RO</arg>
<arg>RS</arg>
<arg>RU</arg>
<arg>RW</arg>
<arg>SA</arg>
<arg>SB</arg>
<arg>SC</arg>
<arg>SD</arg>
<arg>SE</arg>
<arg>SG</arg>
<arg>SH</arg>
<arg>SI</arg>
<arg>SJ</arg>
<arg>SK</arg>
<arg>SL</arg>
<arg>SM</arg>
<arg>SN</arg>
<arg>SO</arg>
<arg>SR</arg>
<arg>SS</arg>
<arg>ST</arg>
<arg>SV</arg>
<arg>SX</arg>
<arg>SY</arg>
<arg>SZ</arg>
<arg>TC</arg>
<arg>TD</arg>
<arg>TF</arg>
<arg>TG</arg>
<arg>TH</arg>
<arg>TJ</arg>
<arg>TK</arg>
<arg>TL</arg>
<arg>TM</arg>
<arg>TN</arg>
<arg>TO</arg>
<arg>TR</arg>
<arg>TT</arg>
<arg>TV</arg>
<arg>TW</arg>
<arg>TZ</arg>
<arg>UA</arg>
<arg>UG</arg>
<arg>UM</arg>
<arg>US</arg>
<arg>UY</arg>
<arg>UZ</arg>
<arg>VA</arg>
<arg>VC</arg>
<arg>VE</arg>
<arg>VG</arg>
<arg>VI</arg>
<arg>VN</arg>
<arg>VU</arg>
<arg>WF</arg>
<arg>WS</arg>
<arg>XK</arg>
<arg>YE</arg>
<arg>YT</arg>
<arg>ZA</arg>
<arg>ZM</arg>
<arg>ZW</arg>
<doc>Returns a list containing given items.</doc>
<status status="PASS" start="2024-04-04T20:14:11.952438" elapsed="0.000622"/>
</kw>
<kw name="List Should Contain Value" owner="Collections">
<msg time="2024-04-04T20:14:11.954219" level="INFO">False</msg>
<arg>${list_country}</arg>
<arg>${name_country}</arg>
<doc>Fails if the ``value`` is not found from ``list``.</doc>
<status status="PASS" start="2024-04-04T20:14:11.954010" elapsed="0.000246"/>
</kw>
<kw name="Run Keyword If" owner="BuiltIn">
<kw name="Should Be True" owner="BuiltIn">
<arg>${True}</arg>
<doc>Fails if the given condition is not true.</doc>
<status status="PASS" start="2024-04-04T20:14:11.955344" elapsed="0.000147"/>
</kw>
<arg>${json_data["results"][0]["location"]["coordinates"]["latitude"]} &gt;= -90 and ${json_data["results"][0]["location"]["coordinates"]["latitude"]} &lt;= 90</arg>
<arg>Should Be True</arg>
<arg>${True}</arg>
<doc>Runs the given keyword with the given arguments, if ``condition`` is true.</doc>
<status status="PASS" start="2024-04-04T20:14:11.954577" elapsed="0.001045"/>
</kw>
<kw name="Run Keyword If" owner="BuiltIn">
<kw name="Should Be True" owner="BuiltIn">
<arg>${True}</arg>
<doc>Fails if the given condition is not true.</doc>
<status status="PASS" start="2024-04-04T20:14:11.956583" elapsed="0.000142"/>
</kw>
<arg>${json_data["results"][0]["location"]["coordinates"]["longitude"]} &gt;= -180 and ${json_data["results"][0]["location"]["coordinates"]["longitude"]} &lt;= 180</arg>
<arg>Should Be True</arg>
<arg>${True}</arg>
<doc>Runs the given keyword with the given arguments, if ``condition`` is true.</doc>
<status status="PASS" start="2024-04-04T20:14:11.955810" elapsed="0.001042"/>
</kw>
<status status="PASS" start="2024-04-04T20:14:11.851916" elapsed="0.105070"/>
</kw>
<doc>Testa o conteúdo específico dos campos retornados pela API.</doc>
<tag>testeConteudo</tag>
<status status="PASS" start="2024-04-04T20:14:11.851421" elapsed="0.105724"/>
</test>
<status status="PASS" start="2024-04-04T20:14:11.134554" elapsed="0.824555"/>
</suite>
<status status="PASS" start="2024-04-04T20:14:11.120096" elapsed="0.844527"/>
</suite>
<statistics>
<total>
<stat pass="5" fail="0" skip="0">All Tests</stat>
</total>
<tag>
<stat pass="1" fail="0" skip="0">testeConteudo</stat>
<stat pass="1" fail="0" skip="0">testeEstruturaResposta</stat>
<stat pass="1" fail="0" skip="0">testeRequisicaoBasica</stat>
<stat pass="1" fail="0" skip="0">testeTiposDados</stat>
</tag>
<suite>
<stat pass="5" fail="0" skip="0" id="s1" name="Tests">Tests</stat>
<stat pass="5" fail="0" skip="0" id="s1-s1" name="Random-User-Test">Tests.Random-User-Test</stat>
</suite>
</statistics>
<errors>
</errors>
</robot>
