<?xml version="1.0" encoding="UTF-8"?>
<robot generator="Robot 7.0.1 (Python 3.12.4 on linux)" generated="2024-07-08T04:19:18.213790" rpa="false" schemaversion="5">
<suite id="s1" name="Tests" source="/home/runner/work/ApiRandomUser/ApiRandomUser/RamdonUser/tests">
<suite id="s1-s1" name="Random-User-Test" source="/home/runner/work/ApiRandomUser/ApiRandomUser/RamdonUser/tests/random-user-test.robot">
<test id="s1-s1-t1" name="Conectar" line="13">
<kw name="Conectar API" owner="random-user-service">
<kw name="Create Session" owner="RequestsLibrary">
<msg time="2024-07-08T04:19:18.650181" level="INFO">Creating Session using : alias=consultarAPI, url=https://randomuser.me/, headers={},                     cookies={}, auth=None, timeout=None, proxies=None, verify=False,                     debug=0 </msg>
<arg>consultarAPI</arg>
<arg>${URL}</arg>
<doc>Create Session: create a HTTP session to a server</doc>
<status status="PASS" start="2024-07-08T04:19:18.649959" elapsed="0.000434"/>
</kw>
<status status="PASS" start="2024-07-08T04:19:18.648915" elapsed="0.001870"/>
</kw>
<status status="PASS" start="2024-07-08T04:19:18.648286" elapsed="0.002698"/>
</test>
<test id="s1-s1-t2" name="Validar retorno 200 e JSON Válido" line="16">
<kw name="Teste de Requisicao Basica" owner="random-user-service">
<kw name="GET On Session" owner="RequestsLibrary">
<msg time="2024-07-08T04:19:18.830350" level="INFO">GET Request : url=https://randomuser.me/api 
 path_url=/api 
 headers={'User-Agent': 'python-requests/2.32.3', 'Accept-Encoding': 'gzip, deflate', 'Accept': '*/*', 'Connection': 'keep-alive'} 
 body=None 
 </msg>
<msg time="2024-07-08T04:19:18.830533" level="INFO">GET Response : url=https://randomuser.me/api 
 status=200, reason=OK 
 headers={'Date': 'Mon, 08 Jul 2024 04:19:18 GMT', 'Content-Type': 'application/json; charset=utf-8', 'Transfer-Encoding': 'chunked', 'Connection': 'keep-alive', 'X-Powered-By': 'Express', 'Access-Control-Allow-Origin': '*', 'Cache-Control': 'no-cache', 'ETag': 'W/"47e-WQRcJGwfY1V63cWQ8Zo8OLdZfgs"', 'Vary': 'Accept-Encoding', 'Content-Encoding': 'gzip', 'CF-Cache-Status': 'DYNAMIC', 'Report-To': '{"endpoints":[{"url":"https:\\/\\/a.nel.cloudflare.com\\/report\\/v4?s=zrBiir6F3hzFQMDitfhe8ISS6JsRsLcEcnRQU1eGcIBFRdlkz2s%2FKIMGeaQjrFrXJ4uZwGzQ9Vluysuks2JrnLHT%2BWA15yWcGJHK41%2FV69mqa%2BmA0tCPGKFPjhf11B0S"}],"group":"cf-nel","max_age":604800}', 'NEL': '{"success_fraction":0,"report_to":"cf-nel","max_age":604800}', 'Server': 'cloudflare', 'CF-RAY': '89fd467a2cdb2240-ORD', 'alt-svc': 'h3=":443"; ma=86400'} 
 body={"results":[{"gender":"female","name":{"title":"Mrs","first":"Alexandra","last":"Larson"},"location":{"street":{"number":900,"name":"Springfield Road"},"city":"Wexford","state":"Kildare","country":"Ireland","postcode":40254,"coordinates":{"latitude":"1.4424","longitude":"171.7861"},"timezone":{"offset":"+4:30","description":"Kabul"}},"email":"alexandra.larson@example.com","login":{"uuid":"085a1cf6-5391-46d4-806d-6a026dec6ae3","username":"ticklishkoala669","password":"goldfing","salt":"oLex1qVa","md5":"1bceab1398f66606b30d6fb735401590","sha1":"ac0ae6239d90d76a3bcaffc1b153c8617cdcfcd1","sha256":"1276b583d3f6b361d928a3af8d5eede801cf2d486d7472fabeaec264d2478292"},"dob":{"date":"1946-05-12T04:10:10.849Z","age":78},"registered":{"date":"2004-11-11T23:10:23.908Z","age":19},"phone":"071-973-6917","cell":"081-533-5698","id":{"name":"PPS","value":"0402810T"},"picture":{"large":"https://randomuser.me/api/portraits/women/41.jpg","medium":"https://randomuser.me/api/portraits/med/women/41.jpg","thumbnail":"https://randomuser.me/api/portraits/thumb/women/41.jpg"},"nat":"IE"}],"info":{"seed":"de42c9636fcd4a11","results":1,"page":1,"version":"1.4"}} 
 </msg>
<msg time="2024-07-08T04:19:18.830628" level="INFO">/opt/hostedtoolcache/Python/3.12.4/x64/lib/python3.12/site-packages/urllib3/connectionpool.py:1099: InsecureRequestWarning: Unverified HTTPS request is being made to host 'randomuser.me'. Adding certificate verification is strongly advised. See: https://urllib3.readthedocs.io/en/latest/advanced-usage.html#tls-warnings
  warnings.warn(</msg>
<msg time="2024-07-08T04:19:18.830801" level="INFO">${response} = &lt;Response [200]&gt;</msg>
<var>${response}</var>
<arg>consultarAPI</arg>
<arg>/api</arg>
<doc>Sends a GET request on a previously created HTTP Session.</doc>
<status status="PASS" start="2024-07-08T04:19:18.653688" elapsed="0.177158"/>
</kw>
<kw name="Should Be Equal As Numbers" owner="BuiltIn">
<msg time="2024-07-08T04:19:18.832052" level="INFO">Argument types are:
&lt;class 'int'&gt;
&lt;class 'str'&gt;</msg>
<arg>${response.status_code}</arg>
<arg>200</arg>
<doc>Fails if objects are unequal after converting them to real numbers.</doc>
<status status="PASS" start="2024-07-08T04:19:18.831568" elapsed="0.000552"/>
</kw>
<kw name="Log" owner="BuiltIn">
<msg time="2024-07-08T04:19:18.832879" level="INFO">200</msg>
<arg>${response.status_code}</arg>
<doc>Logs the given message with the given level.</doc>
<status status="PASS" start="2024-07-08T04:19:18.832518" elapsed="0.000406"/>
</kw>
<kw name="Set Variable" owner="BuiltIn">
<msg time="2024-07-08T04:19:18.833674" level="INFO">${json_data} = {'results': [{'gender': 'female', 'name': {'title': 'Mrs', 'first': 'Alexandra', 'last': 'Larson'}, 'location': {'street': {'number': 900, 'name': 'Springfield Road'}, 'city': 'Wexford', 'state': 'Kil...</msg>
<var>${json_data}</var>
<arg>${response.json()}</arg>
<doc>Returns the given values which can then be assigned to a variables.</doc>
<status status="PASS" start="2024-07-08T04:19:18.833235" elapsed="0.000467"/>
</kw>
<kw name="Dictionary Should Contain Key" owner="Collections">
<arg>${json_data}</arg>
<arg>results</arg>
<doc>Fails if ``key`` is not found from ``dictionary``.</doc>
<status status="PASS" start="2024-07-08T04:19:18.834021" elapsed="0.000169"/>
</kw>
<status status="PASS" start="2024-07-08T04:19:18.653432" elapsed="0.180913"/>
</kw>
<doc>Testa se a API responde corretamente e retorna um objeto JSON válido.</doc>
<tag>testeRequisicaoBasica</tag>
<status status="PASS" start="2024-07-08T04:19:18.652946" elapsed="0.181584"/>
</test>
<test id="s1-s1-t3" name="Validar estrutura de resposta" line="22">
<kw name="Teste de Estrutura de Resposta" owner="random-user-service">
<kw name="GET On Session" owner="RequestsLibrary">
<msg time="2024-07-08T04:19:18.907126" level="INFO">GET Request : url=https://randomuser.me/api 
 path_url=/api 
 headers={'User-Agent': 'python-requests/2.32.3', 'Accept-Encoding': 'gzip, deflate', 'Accept': '*/*', 'Connection': 'keep-alive'} 
 body=None 
 </msg>
<msg time="2024-07-08T04:19:18.907247" level="INFO">GET Response : url=https://randomuser.me/api 
 status=200, reason=OK 
 headers={'Date': 'Mon, 08 Jul 2024 04:19:18 GMT', 'Content-Type': 'application/json; charset=utf-8', 'Transfer-Encoding': 'chunked', 'Connection': 'keep-alive', 'X-Powered-By': 'Express', 'Access-Control-Allow-Origin': '*', 'Cache-Control': 'no-cache', 'ETag': 'W/"492-JqTkiFe0VEFMFckM6mRuAfYAcLE"', 'Vary': 'Accept-Encoding', 'Content-Encoding': 'gzip', 'CF-Cache-Status': 'DYNAMIC', 'Report-To': '{"endpoints":[{"url":"https:\\/\\/a.nel.cloudflare.com\\/report\\/v4?s=3Wf4B4bs%2Bs3Ngy2n%2F1pI3ZhGBGr8dcdrmqHPqU1hjlhikNlTJ0nqty%2BtQkZjX3Sm4DJC9TNINmm%2FL5SXfNxKLJ6LYc0JSFA0%2B8QSugdE1p5SWvnBDFktXQpUnoBN78mj"}],"group":"cf-nel","max_age":604800}', 'NEL': '{"success_fraction":0,"report_to":"cf-nel","max_age":604800}', 'Server': 'cloudflare', 'CF-RAY': '89fd467abd652240-ORD', 'alt-svc': 'h3=":443"; ma=86400'} 
 body={"results":[{"gender":"male","name":{"title":"Mr","first":"Maurice","last":"Leffers"},"location":{"street":{"number":6040,"name":"Kalevala"},"city":"Valkenburg Lb","state":"Limburg","country":"Netherlands","postcode":"7787 HI","coordinates":{"latitude":"34.8017","longitude":"-122.3557"},"timezone":{"offset":"+4:00","description":"Abu Dhabi, Muscat, Baku, Tbilisi"}},"email":"maurice.leffers@example.com","login":{"uuid":"9699dd7b-7ac9-4fe7-9e95-ae913e7f3771","username":"organicfrog686","password":"thecrow","salt":"DQWK96DZ","md5":"d133011e1d4ae5bfced05adbbc5f5798","sha1":"e83d057cbea190ec4d3d7d3a8928cefc44224767","sha256":"64c32a7819e3329a5597fe50c3704b50c8e372829fae12dfbfea136d77df0af3"},"dob":{"date":"1997-07-18T00:08:53.817Z","age":26},"registered":{"date":"2014-09-24T05:55:19.462Z","age":9},"phone":"(029) 4924414","cell":"(06) 16002201","id":{"name":"BSN","value":"52055676"},"picture":{"large":"https://randomuser.me/api/portraits/men/7.jpg","medium":"https://randomuser.me/api/portraits/med/men/7.jpg","thumbnail":"https://randomuser.me/api/portraits/thumb/men/7.jpg"},"nat":"NL"}],"info":{"seed":"9a32771869c46f6a","results":1,"page":1,"version":"1.4"}} 
 </msg>
<msg time="2024-07-08T04:19:18.907406" level="INFO">/opt/hostedtoolcache/Python/3.12.4/x64/lib/python3.12/site-packages/urllib3/connectionpool.py:1099: InsecureRequestWarning: Unverified HTTPS request is being made to host 'randomuser.me'. Adding certificate verification is strongly advised. See: https://urllib3.readthedocs.io/en/latest/advanced-usage.html#tls-warnings
  warnings.warn(</msg>
<msg time="2024-07-08T04:19:18.907540" level="INFO">${response} = &lt;Response [200]&gt;</msg>
<var>${response}</var>
<arg>consultarAPI</arg>
<arg>/api</arg>
<doc>Sends a GET request on a previously created HTTP Session.</doc>
<status status="PASS" start="2024-07-08T04:19:18.837299" elapsed="0.070277"/>
</kw>
<kw name="Set Variable" owner="BuiltIn">
<msg time="2024-07-08T04:19:18.908676" level="INFO">${json_data} = {'results': [{'gender': 'male', 'name': {'title': 'Mr', 'first': 'Maurice', 'last': 'Leffers'}, 'location': {'street': {'number': 6040, 'name': 'Kalevala'}, 'city': 'Valkenburg Lb', 'state': 'Limburg'...</msg>
<var>${json_data}</var>
<arg>${response.json()}</arg>
<doc>Returns the given values which can then be assigned to a variables.</doc>
<status status="PASS" start="2024-07-08T04:19:18.908118" elapsed="0.000587"/>
</kw>
<kw name="Log" owner="BuiltIn">
<msg time="2024-07-08T04:19:18.909193" level="INFO">{'results': [{'gender': 'male', 'name': {'title': 'Mr', 'first': 'Maurice', 'last': 'Leffers'}, 'location': {'street': {'number': 6040, 'name': 'Kalevala'}, 'city': 'Valkenburg Lb', 'state': 'Limburg', 'country': 'Netherlands', 'postcode': '7787 HI', 'coordinates': {'latitude': '34.8017', 'longitude': '-122.3557'}, 'timezone': {'offset': '+4:00', 'description': 'Abu Dhabi, Muscat, Baku, Tbilisi'}}, 'email': 'maurice.leffers@example.com', 'login': {'uuid': '9699dd7b-7ac9-4fe7-9e95-ae913e7f3771', 'username': 'organicfrog686', 'password': 'thecrow', 'salt': 'DQWK96DZ', 'md5': 'd133011e1d4ae5bfced05adbbc5f5798', 'sha1': 'e83d057cbea190ec4d3d7d3a8928cefc44224767', 'sha256': '64c32a7819e3329a5597fe50c3704b50c8e372829fae12dfbfea136d77df0af3'}, 'dob': {'date': '1997-07-18T00:08:53.817Z', 'age': 26}, 'registered': {'date': '2014-09-24T05:55:19.462Z', 'age': 9}, 'phone': '(029) 4924414', 'cell': '(06) 16002201', 'id': {'name': 'BSN', 'value': '52055676'}, 'picture': {'large': 'https://randomuser.me/api/portraits/men/7.jpg', 'medium': 'https://randomuser.me/api/portraits/med/men/7.jpg', 'thumbnail': 'https://randomuser.me/api/portraits/thumb/men/7.jpg'}, 'nat': 'NL'}], 'info': {'seed': '9a32771869c46f6a', 'results': 1, 'page': 1, 'version': '1.4'}}</msg>
<arg>${json_data}</arg>
<doc>Logs the given message with the given level.</doc>
<status status="PASS" start="2024-07-08T04:19:18.909032" elapsed="0.000210"/>
</kw>
<kw name="Dictionary Should Contain Key" owner="Collections">
<arg>${json_data}</arg>
<arg>results</arg>
<doc>Fails if ``key`` is not found from ``dictionary``.</doc>
<status status="PASS" start="2024-07-08T04:19:18.909544" elapsed="0.000163"/>
</kw>
<kw name="Should Not Be Empty" owner="BuiltIn">
<msg time="2024-07-08T04:19:18.910032" level="INFO">Length is 2.</msg>
<arg>${json_data}</arg>
<doc>Verifies that the given item is not empty.</doc>
<status status="PASS" start="2024-07-08T04:19:18.909894" elapsed="0.000178"/>
</kw>
<kw name="Create List" owner="BuiltIn">
<msg time="2024-07-08T04:19:18.910701" level="INFO">${expected_keys} = ['gender', 'name', 'location', 'email', 'login']</msg>
<var>${expected_keys}</var>
<arg>gender</arg>
<arg>name</arg>
<arg>location</arg>
<arg>email</arg>
<arg>login</arg>
<doc>Returns a list containing given items.</doc>
<status status="PASS" start="2024-07-08T04:19:18.910377" elapsed="0.000349"/>
</kw>
<for flavor="IN">
<iter>
<kw name="Dictionary Should Contain Key" owner="Collections">
<arg>${json_data['results'][0]}</arg>
<arg>${key}</arg>
<doc>Fails if ``key`` is not found from ``dictionary``.</doc>
<status status="PASS" start="2024-07-08T04:19:18.911325" elapsed="0.000398"/>
</kw>
<kw name="Log" owner="BuiltIn">
<msg time="2024-07-08T04:19:18.912298" level="INFO">{'gender': 'male', 'name': {'title': 'Mr', 'first': 'Maurice', 'last': 'Leffers'}, 'location': {'street': {'number': 6040, 'name': 'Kalevala'}, 'city': 'Valkenburg Lb', 'state': 'Limburg', 'country': 'Netherlands', 'postcode': '7787 HI', 'coordinates': {'latitude': '34.8017', 'longitude': '-122.3557'}, 'timezone': {'offset': '+4:00', 'description': 'Abu Dhabi, Muscat, Baku, Tbilisi'}}, 'email': 'maurice.leffers@example.com', 'login': {'uuid': '9699dd7b-7ac9-4fe7-9e95-ae913e7f3771', 'username': 'organicfrog686', 'password': 'thecrow', 'salt': 'DQWK96DZ', 'md5': 'd133011e1d4ae5bfced05adbbc5f5798', 'sha1': 'e83d057cbea190ec4d3d7d3a8928cefc44224767', 'sha256': '64c32a7819e3329a5597fe50c3704b50c8e372829fae12dfbfea136d77df0af3'}, 'dob': {'date': '1997-07-18T00:08:53.817Z', 'age': 26}, 'registered': {'date': '2014-09-24T05:55:19.462Z', 'age': 9}, 'phone': '(029) 4924414', 'cell': '(06) 16002201', 'id': {'name': 'BSN', 'value': '52055676'}, 'picture': {'large': 'https://randomuser.me/api/portraits/men/7.jpg', 'medium': 'https://randomuser.me/api/portraits/med/men/7.jpg', 'thumbnail': 'https://randomuser.me/api/portraits/thumb/men/7.jpg'}, 'nat': 'NL'}</msg>
<arg>${json_data['results'][0]}</arg>
<doc>Logs the given message with the given level.</doc>
<status status="PASS" start="2024-07-08T04:19:18.911912" elapsed="0.000446"/>
</kw>
<kw name="Log" owner="BuiltIn">
<msg time="2024-07-08T04:19:18.912784" level="INFO">gender</msg>
<arg>${key}</arg>
<doc>Logs the given message with the given level.</doc>
<status status="PASS" start="2024-07-08T04:19:18.912657" elapsed="0.000166"/>
</kw>
<var name="${key}">gender</var>
<status status="PASS" start="2024-07-08T04:19:18.911198" elapsed="0.001842"/>
</iter>
<iter>
<kw name="Dictionary Should Contain Key" owner="Collections">
<arg>${json_data['results'][0]}</arg>
<arg>${key}</arg>
<doc>Fails if ``key`` is not found from ``dictionary``.</doc>
<status status="PASS" start="2024-07-08T04:19:18.913341" elapsed="0.000387"/>
</kw>
<kw name="Log" owner="BuiltIn">
<msg time="2024-07-08T04:19:18.914258" level="INFO">{'gender': 'male', 'name': {'title': 'Mr', 'first': 'Maurice', 'last': 'Leffers'}, 'location': {'street': {'number': 6040, 'name': 'Kalevala'}, 'city': 'Valkenburg Lb', 'state': 'Limburg', 'country': 'Netherlands', 'postcode': '7787 HI', 'coordinates': {'latitude': '34.8017', 'longitude': '-122.3557'}, 'timezone': {'offset': '+4:00', 'description': 'Abu Dhabi, Muscat, Baku, Tbilisi'}}, 'email': 'maurice.leffers@example.com', 'login': {'uuid': '9699dd7b-7ac9-4fe7-9e95-ae913e7f3771', 'username': 'organicfrog686', 'password': 'thecrow', 'salt': 'DQWK96DZ', 'md5': 'd133011e1d4ae5bfced05adbbc5f5798', 'sha1': 'e83d057cbea190ec4d3d7d3a8928cefc44224767', 'sha256': '64c32a7819e3329a5597fe50c3704b50c8e372829fae12dfbfea136d77df0af3'}, 'dob': {'date': '1997-07-18T00:08:53.817Z', 'age': 26}, 'registered': {'date': '2014-09-24T05:55:19.462Z', 'age': 9}, 'phone': '(029) 4924414', 'cell': '(06) 16002201', 'id': {'name': 'BSN', 'value': '52055676'}, 'picture': {'large': 'https://randomuser.me/api/portraits/men/7.jpg', 'medium': 'https://randomuser.me/api/portraits/med/men/7.jpg', 'thumbnail': 'https://randomuser.me/api/portraits/thumb/men/7.jpg'}, 'nat': 'NL'}</msg>
<arg>${json_data['results'][0]}</arg>
<doc>Logs the given message with the given level.</doc>
<status status="PASS" start="2024-07-08T04:19:18.913911" elapsed="0.000431"/>
</kw>
<kw name="Log" owner="BuiltIn">
<msg time="2024-07-08T04:19:18.914774" level="INFO">name</msg>
<arg>${key}</arg>
<doc>Logs the given message with the given level.</doc>
<status status="PASS" start="2024-07-08T04:19:18.914645" elapsed="0.000166"/>
</kw>
<var name="${key}">name</var>
<status status="PASS" start="2024-07-08T04:19:18.913226" elapsed="0.001804"/>
</iter>
<iter>
<kw name="Dictionary Should Contain Key" owner="Collections">
<arg>${json_data['results'][0]}</arg>
<arg>${key}</arg>
<doc>Fails if ``key`` is not found from ``dictionary``.</doc>
<status status="PASS" start="2024-07-08T04:19:18.915322" elapsed="0.000377"/>
</kw>
<kw name="Log" owner="BuiltIn">
<msg time="2024-07-08T04:19:18.916228" level="INFO">{'gender': 'male', 'name': {'title': 'Mr', 'first': 'Maurice', 'last': 'Leffers'}, 'location': {'street': {'number': 6040, 'name': 'Kalevala'}, 'city': 'Valkenburg Lb', 'state': 'Limburg', 'country': 'Netherlands', 'postcode': '7787 HI', 'coordinates': {'latitude': '34.8017', 'longitude': '-122.3557'}, 'timezone': {'offset': '+4:00', 'description': 'Abu Dhabi, Muscat, Baku, Tbilisi'}}, 'email': 'maurice.leffers@example.com', 'login': {'uuid': '9699dd7b-7ac9-4fe7-9e95-ae913e7f3771', 'username': 'organicfrog686', 'password': 'thecrow', 'salt': 'DQWK96DZ', 'md5': 'd133011e1d4ae5bfced05adbbc5f5798', 'sha1': 'e83d057cbea190ec4d3d7d3a8928cefc44224767', 'sha256': '64c32a7819e3329a5597fe50c3704b50c8e372829fae12dfbfea136d77df0af3'}, 'dob': {'date': '1997-07-18T00:08:53.817Z', 'age': 26}, 'registered': {'date': '2014-09-24T05:55:19.462Z', 'age': 9}, 'phone': '(029) 4924414', 'cell': '(06) 16002201', 'id': {'name': 'BSN', 'value': '52055676'}, 'picture': {'large': 'https://randomuser.me/api/portraits/men/7.jpg', 'medium': 'https://randomuser.me/api/portraits/med/men/7.jpg', 'thumbnail': 'https://randomuser.me/api/portraits/thumb/men/7.jpg'}, 'nat': 'NL'}</msg>
<arg>${json_data['results'][0]}</arg>
<doc>Logs the given message with the given level.</doc>
<status status="PASS" start="2024-07-08T04:19:18.915880" elapsed="0.000419"/>
</kw>
<kw name="Log" owner="BuiltIn">
<msg time="2024-07-08T04:19:18.916745" level="INFO">location</msg>
<arg>${key}</arg>
<doc>Logs the given message with the given level.</doc>
<status status="PASS" start="2024-07-08T04:19:18.916619" elapsed="0.000165"/>
</kw>
<var name="${key}">location</var>
<status status="PASS" start="2024-07-08T04:19:18.915207" elapsed="0.001792"/>
</iter>
<iter>
<kw name="Dictionary Should Contain Key" owner="Collections">
<arg>${json_data['results'][0]}</arg>
<arg>${key}</arg>
<doc>Fails if ``key`` is not found from ``dictionary``.</doc>
<status status="PASS" start="2024-07-08T04:19:18.917278" elapsed="0.000396"/>
</kw>
<kw name="Log" owner="BuiltIn">
<msg time="2024-07-08T04:19:18.918209" level="INFO">{'gender': 'male', 'name': {'title': 'Mr', 'first': 'Maurice', 'last': 'Leffers'}, 'location': {'street': {'number': 6040, 'name': 'Kalevala'}, 'city': 'Valkenburg Lb', 'state': 'Limburg', 'country': 'Netherlands', 'postcode': '7787 HI', 'coordinates': {'latitude': '34.8017', 'longitude': '-122.3557'}, 'timezone': {'offset': '+4:00', 'description': 'Abu Dhabi, Muscat, Baku, Tbilisi'}}, 'email': 'maurice.leffers@example.com', 'login': {'uuid': '9699dd7b-7ac9-4fe7-9e95-ae913e7f3771', 'username': 'organicfrog686', 'password': 'thecrow', 'salt': 'DQWK96DZ', 'md5': 'd133011e1d4ae5bfced05adbbc5f5798', 'sha1': 'e83d057cbea190ec4d3d7d3a8928cefc44224767', 'sha256': '64c32a7819e3329a5597fe50c3704b50c8e372829fae12dfbfea136d77df0af3'}, 'dob': {'date': '1997-07-18T00:08:53.817Z', 'age': 26}, 'registered': {'date': '2014-09-24T05:55:19.462Z', 'age': 9}, 'phone': '(029) 4924414', 'cell': '(06) 16002201', 'id': {'name': 'BSN', 'value': '52055676'}, 'picture': {'large': 'https://randomuser.me/api/portraits/men/7.jpg', 'medium': 'https://randomuser.me/api/portraits/med/men/7.jpg', 'thumbnail': 'https://randomuser.me/api/portraits/thumb/men/7.jpg'}, 'nat': 'NL'}</msg>
<arg>${json_data['results'][0]}</arg>
<doc>Logs the given message with the given level.</doc>
<status status="PASS" start="2024-07-08T04:19:18.917860" elapsed="0.000398"/>
</kw>
<kw name="Log" owner="BuiltIn">
<msg time="2024-07-08T04:19:18.918683" level="INFO">email</msg>
<arg>${key}</arg>
<doc>Logs the given message with the given level.</doc>
<status status="PASS" start="2024-07-08T04:19:18.918557" elapsed="0.000166"/>
</kw>
<var name="${key}">email</var>
<status status="PASS" start="2024-07-08T04:19:18.917171" elapsed="0.001776"/>
</iter>
<iter>
<kw name="Dictionary Should Contain Key" owner="Collections">
<arg>${json_data['results'][0]}</arg>
<arg>${key}</arg>
<doc>Fails if ``key`` is not found from ``dictionary``.</doc>
<status status="PASS" start="2024-07-08T04:19:18.919230" elapsed="0.000388"/>
</kw>
<kw name="Log" owner="BuiltIn">
<msg time="2024-07-08T04:19:18.920147" level="INFO">{'gender': 'male', 'name': {'title': 'Mr', 'first': 'Maurice', 'last': 'Leffers'}, 'location': {'street': {'number': 6040, 'name': 'Kalevala'}, 'city': 'Valkenburg Lb', 'state': 'Limburg', 'country': 'Netherlands', 'postcode': '7787 HI', 'coordinates': {'latitude': '34.8017', 'longitude': '-122.3557'}, 'timezone': {'offset': '+4:00', 'description': 'Abu Dhabi, Muscat, Baku, Tbilisi'}}, 'email': 'maurice.leffers@example.com', 'login': {'uuid': '9699dd7b-7ac9-4fe7-9e95-ae913e7f3771', 'username': 'organicfrog686', 'password': 'thecrow', 'salt': 'DQWK96DZ', 'md5': 'd133011e1d4ae5bfced05adbbc5f5798', 'sha1': 'e83d057cbea190ec4d3d7d3a8928cefc44224767', 'sha256': '64c32a7819e3329a5597fe50c3704b50c8e372829fae12dfbfea136d77df0af3'}, 'dob': {'date': '1997-07-18T00:08:53.817Z', 'age': 26}, 'registered': {'date': '2014-09-24T05:55:19.462Z', 'age': 9}, 'phone': '(029) 4924414', 'cell': '(06) 16002201', 'id': {'name': 'BSN', 'value': '52055676'}, 'picture': {'large': 'https://randomuser.me/api/portraits/men/7.jpg', 'medium': 'https://randomuser.me/api/portraits/med/men/7.jpg', 'thumbnail': 'https://randomuser.me/api/portraits/thumb/men/7.jpg'}, 'nat': 'NL'}</msg>
<arg>${json_data['results'][0]}</arg>
<doc>Logs the given message with the given level.</doc>
<status status="PASS" start="2024-07-08T04:19:18.919800" elapsed="0.000396"/>
</kw>
<kw name="Log" owner="BuiltIn">
<msg time="2024-07-08T04:19:18.920650" level="INFO">login</msg>
<arg>${key}</arg>
<doc>Logs the given message with the given level.</doc>
<status status="PASS" start="2024-07-08T04:19:18.920524" elapsed="0.000164"/>
</kw>
<var name="${key}">login</var>
<status status="PASS" start="2024-07-08T04:19:18.919118" elapsed="0.001787"/>
</iter>
<var>${key}</var>
<value>@{expected_keys}</value>
<status status="PASS" start="2024-07-08T04:19:18.910999" elapsed="0.010085"/>
</for>
<kw name="Create List" owner="BuiltIn">
<msg time="2024-07-08T04:19:18.921446" level="INFO">${expected_keysTwo} = ['username', 'password']</msg>
<var>${expected_keysTwo}</var>
<arg>username</arg>
<arg>password</arg>
<doc>Returns a list containing given items.</doc>
<status status="PASS" start="2024-07-08T04:19:18.921301" elapsed="0.000198"/>
</kw>
<for flavor="IN">
<iter>
<kw name="Dictionary Should Contain Key" owner="Collections">
<arg>${json_data['results'][0]['login']}</arg>
<arg>${keyTwo}</arg>
<doc>Fails if ``key`` is not found from ``dictionary``.</doc>
<status status="PASS" start="2024-07-08T04:19:18.922034" elapsed="0.000406"/>
</kw>
<kw name="Dictionary Should Contain Key" owner="Collections">
<arg>${json_data['results'][0]['login']}</arg>
<arg>${keyTwo}</arg>
<doc>Fails if ``key`` is not found from ``dictionary``.</doc>
<status status="PASS" start="2024-07-08T04:19:18.922621" elapsed="0.000373"/>
</kw>
<kw name="Log" owner="BuiltIn">
<msg time="2024-07-08T04:19:18.923298" level="INFO">username</msg>
<arg>${keyTwo}</arg>
<doc>Logs the given message with the given level.</doc>
<status status="PASS" start="2024-07-08T04:19:18.923177" elapsed="0.000159"/>
</kw>
<var name="${keyTwo}">username</var>
<status status="PASS" start="2024-07-08T04:19:18.921927" elapsed="0.001633"/>
</iter>
<iter>
<kw name="Dictionary Should Contain Key" owner="Collections">
<arg>${json_data['results'][0]['login']}</arg>
<arg>${keyTwo}</arg>
<doc>Fails if ``key`` is not found from ``dictionary``.</doc>
<status status="PASS" start="2024-07-08T04:19:18.923840" elapsed="0.000382"/>
</kw>
<kw name="Dictionary Should Contain Key" owner="Collections">
<arg>${json_data['results'][0]['login']}</arg>
<arg>${keyTwo}</arg>
<doc>Fails if ``key`` is not found from ``dictionary``.</doc>
<status status="PASS" start="2024-07-08T04:19:18.924432" elapsed="0.000375"/>
</kw>
<kw name="Log" owner="BuiltIn">
<msg time="2024-07-08T04:19:18.925106" level="INFO">password</msg>
<arg>${keyTwo}</arg>
<doc>Logs the given message with the given level.</doc>
<status status="PASS" start="2024-07-08T04:19:18.924986" elapsed="0.000163"/>
</kw>
<var name="${keyTwo}">password</var>
<status status="PASS" start="2024-07-08T04:19:18.923733" elapsed="0.001740"/>
</iter>
<var>${keyTwo}</var>
<value>@{expected_keysTwo}</value>
<status status="PASS" start="2024-07-08T04:19:18.921763" elapsed="0.003835"/>
</for>
<status status="PASS" start="2024-07-08T04:19:18.837056" elapsed="0.088687"/>
</kw>
<doc>Testa a estrutura da resposta da API.</doc>
<tag>testeEstruturaResposta</tag>
<status status="PASS" start="2024-07-08T04:19:18.836419" elapsed="0.089490"/>
</test>
<test id="s1-s1-t4" name="Validar tipos de dados" line="28">
<kw name="Teste de Tipos de Dados" owner="random-user-service">
<kw name="GET On Session" owner="RequestsLibrary">
<msg time="2024-07-08T04:19:19.009149" level="INFO">GET Request : url=https://randomuser.me/api 
 path_url=/api 
 headers={'User-Agent': 'python-requests/2.32.3', 'Accept-Encoding': 'gzip, deflate', 'Accept': '*/*', 'Connection': 'keep-alive'} 
 body=None 
 </msg>
<msg time="2024-07-08T04:19:19.009265" level="INFO">GET Response : url=https://randomuser.me/api 
 status=200, reason=OK 
 headers={'Date': 'Mon, 08 Jul 2024 04:19:18 GMT', 'Content-Type': 'application/json; charset=utf-8', 'Transfer-Encoding': 'chunked', 'Connection': 'keep-alive', 'X-Powered-By': 'Express', 'Access-Control-Allow-Origin': '*', 'Cache-Control': 'no-cache', 'ETag': 'W/"492-cohgNixwSSRmkNGEOrMlAu5Av0A"', 'Vary': 'Accept-Encoding', 'Content-Encoding': 'gzip', 'CF-Cache-Status': 'DYNAMIC', 'Report-To': '{"endpoints":[{"url":"https:\\/\\/a.nel.cloudflare.com\\/report\\/v4?s=R1c4S7U7zkj59xhloL5EXB21AgMaNdIS6Z0Qjz5CCk%2FNVM5jiGgcTMlsjanEvX%2BD%2F9V%2BkQb2JV5CRoQj3iWvMUosVBadug4XXpbfchK5UXkH9xGVzq0T8dGHt2upOAZx"}],"group":"cf-nel","max_age":604800}', 'NEL': '{"success_fraction":0,"report_to":"cf-nel","max_age":604800}', 'Server': 'cloudflare', 'CF-RAY': '89fd467b4ddd2240-ORD', 'alt-svc': 'h3=":443"; ma=86400'} 
 body={"results":[{"gender":"female","name":{"title":"Miss","first":"Alma","last":"Crawford"},"location":{"street":{"number":5729,"name":"Paddock Way"},"city":"Arvada","state":"Nevada","country":"United States","postcode":22370,"coordinates":{"latitude":"88.2371","longitude":"116.4236"},"timezone":{"offset":"-1:00","description":"Azores, Cape Verde Islands"}},"email":"alma.crawford@example.com","login":{"uuid":"02169908-2bb1-4a8b-a563-985b76c1db2d","username":"bluemeercat565","password":"granada","salt":"RSeQFQjv","md5":"66f68c183480cbc04760f2afd3e0a4ba","sha1":"39a294d713c8703dc5edf7da482139a39506edc1","sha256":"aeb77f460c981d378db29b5343a0e57c9429c739069ef75931321cac60a2428c"},"dob":{"date":"1965-11-12T19:09:12.827Z","age":58},"registered":{"date":"2016-02-07T13:52:00.289Z","age":8},"phone":"(570) 871-8754","cell":"(859) 811-2108","id":{"name":"SSN","value":"651-23-7847"},"picture":{"large":"https://randomuser.me/api/portraits/women/47.jpg","medium":"https://randomuser.me/api/portraits/med/women/47.jpg","thumbnail":"https://randomuser.me/api/portraits/thumb/women/47.jpg"},"nat":"US"}],"info":{"seed":"0de763ab7f1484db","results":1,"page":1,"version":"1.4"}} 
 </msg>
<msg time="2024-07-08T04:19:19.009349" level="INFO">/opt/hostedtoolcache/Python/3.12.4/x64/lib/python3.12/site-packages/urllib3/connectionpool.py:1099: InsecureRequestWarning: Unverified HTTPS request is being made to host 'randomuser.me'. Adding certificate verification is strongly advised. See: https://urllib3.readthedocs.io/en/latest/advanced-usage.html#tls-warnings
  warnings.warn(</msg>
<msg time="2024-07-08T04:19:19.009490" level="INFO">${response} = &lt;Response [200]&gt;</msg>
<var>${response}</var>
<arg>consultarAPI</arg>
<arg>/api</arg>
<doc>Sends a GET request on a previously created HTTP Session.</doc>
<status status="PASS" start="2024-07-08T04:19:18.928480" elapsed="0.081047"/>
</kw>
<kw name="Set Variable" owner="BuiltIn">
<msg time="2024-07-08T04:19:19.010633" level="INFO">${json_data} = {'results': [{'gender': 'female', 'name': {'title': 'Miss', 'first': 'Alma', 'last': 'Crawford'}, 'location': {'street': {'number': 5729, 'name': 'Paddock Way'}, 'city': 'Arvada', 'state': 'Nevada', '...</msg>
<var>${json_data}</var>
<arg>${response.json()}</arg>
<doc>Returns the given values which can then be assigned to a variables.</doc>
<status status="PASS" start="2024-07-08T04:19:19.010099" elapsed="0.000564"/>
</kw>
<kw name="Log" owner="BuiltIn">
<msg time="2024-07-08T04:19:19.011131" level="INFO">{'results': [{'gender': 'female', 'name': {'title': 'Miss', 'first': 'Alma', 'last': 'Crawford'}, 'location': {'street': {'number': 5729, 'name': 'Paddock Way'}, 'city': 'Arvada', 'state': 'Nevada', 'country': 'United States', 'postcode': 22370, 'coordinates': {'latitude': '88.2371', 'longitude': '116.4236'}, 'timezone': {'offset': '-1:00', 'description': 'Azores, Cape Verde Islands'}}, 'email': 'alma.crawford@example.com', 'login': {'uuid': '02169908-2bb1-4a8b-a563-985b76c1db2d', 'username': 'bluemeercat565', 'password': 'granada', 'salt': 'RSeQFQjv', 'md5': '66f68c183480cbc04760f2afd3e0a4ba', 'sha1': '39a294d713c8703dc5edf7da482139a39506edc1', 'sha256': 'aeb77f460c981d378db29b5343a0e57c9429c739069ef75931321cac60a2428c'}, 'dob': {'date': '1965-11-12T19:09:12.827Z', 'age': 58}, 'registered': {'date': '2016-02-07T13:52:00.289Z', 'age': 8}, 'phone': '(570) 871-8754', 'cell': '(859) 811-2108', 'id': {'name': 'SSN', 'value': '651-23-7847'}, 'picture': {'large': 'https://randomuser.me/api/portraits/women/47.jpg', 'medium': 'https://randomuser.me/api/portraits/med/women/47.jpg', 'thumbnail': 'https://randomuser.me/api/portraits/thumb/women/47.jpg'}, 'nat': 'US'}], 'info': {'seed': '0de763ab7f1484db', 'results': 1, 'page': 1, 'version': '1.4'}}</msg>
<arg>${json_data}</arg>
<doc>Logs the given message with the given level.</doc>
<status status="PASS" start="2024-07-08T04:19:19.010972" elapsed="0.000210"/>
</kw>
<kw name="Should Be String" owner="String">
<arg>${json_data['results'][0]['gender']}</arg>
<doc>Fails if the given ``item`` is not a string.</doc>
<status status="PASS" start="2024-07-08T04:19:19.011476" elapsed="0.000372"/>
</kw>
<kw name="Should Match Regexp" owner="BuiltIn">
<arg>${json_data['results'][0]['email']}</arg>
<arg>^[a-zA-Z0-9._%+-]+@[a-zA-Z0-9.-]+\.[a-zA-Z]{2,}$</arg>
<doc>Fails if ``string`` does not match ``pattern`` as a regular expression.</doc>
<status status="PASS" start="2024-07-08T04:19:19.012036" elapsed="0.000622"/>
</kw>
<kw name="Should Match Regexp" owner="BuiltIn">
<arg>${json_data['results'][0]['dob']['date']}</arg>
<arg>\\d{4}-\\d{2}-\\d{2}T\\d{2}:\\d{2}:\\d{2}\\.\\d{3}Z</arg>
<doc>Fails if ``string`` does not match ``pattern`` as a regular expression.</doc>
<status status="PASS" start="2024-07-08T04:19:19.012866" elapsed="0.000484"/>
</kw>
<kw name="Should Match Regexp" owner="BuiltIn">
<arg>${json_data['results'][0]['registered']['date']}</arg>
<arg>\\d{4}-\\d{2}-\\d{2}T\\d{2}:\\d{2}:\\d{2}\\.\\d{3}Z</arg>
<doc>Fails if ``string`` does not match ``pattern`` as a regular expression.</doc>
<status status="PASS" start="2024-07-08T04:19:19.013552" elapsed="0.000412"/>
</kw>
<kw name="Should Match Regexp" owner="BuiltIn">
<arg>${json_data['results'][0]['picture']['large']}</arg>
<arg>^https?://.*\.(?:png|jpe?g|gif|bmp)$</arg>
<doc>Fails if ``string`` does not match ``pattern`` as a regular expression.</doc>
<status status="PASS" start="2024-07-08T04:19:19.014166" elapsed="0.000511"/>
</kw>
<kw name="Should Match Regexp" owner="BuiltIn">
<arg>${json_data['results'][0]['picture']['medium']}</arg>
<arg>^https?://.*\.(?:png|jpe?g|gif|bmp)$</arg>
<doc>Fails if ``string`` does not match ``pattern`` as a regular expression.</doc>
<status status="PASS" start="2024-07-08T04:19:19.014867" elapsed="0.000351"/>
</kw>
<kw name="Should Match Regexp" owner="BuiltIn">
<arg>${json_data['results'][0]['picture']['thumbnail']}</arg>
<arg>^https?://.*\.(?:png|jpe?g|gif|bmp)$</arg>
<doc>Fails if ``string`` does not match ``pattern`` as a regular expression.</doc>
<status status="PASS" start="2024-07-08T04:19:19.015405" elapsed="0.000354"/>
</kw>
<kw name="Log" owner="BuiltIn">
<msg time="2024-07-08T04:19:19.016305" level="INFO">{'large': 'https://randomuser.me/api/portraits/women/47.jpg', 'medium': 'https://randomuser.me/api/portraits/med/women/47.jpg', 'thumbnail': 'https://randomuser.me/api/portraits/thumb/women/47.jpg'}</msg>
<arg>${json_data['results'][0]['picture']}</arg>
<doc>Logs the given message with the given level.</doc>
<status status="PASS" start="2024-07-08T04:19:19.015943" elapsed="0.000407"/>
</kw>
<status status="PASS" start="2024-07-08T04:19:18.928227" elapsed="0.088395"/>
</kw>
<kw name="Teste de Tipos de Dados - Postcode" owner="random-user-service">
<kw name="GET On Session" owner="RequestsLibrary">
<msg time="2024-07-08T04:19:19.112793" level="INFO">GET Request : url=https://randomuser.me/api 
 path_url=/api 
 headers={'User-Agent': 'python-requests/2.32.3', 'Accept-Encoding': 'gzip, deflate', 'Accept': '*/*', 'Connection': 'keep-alive'} 
 body=None 
 </msg>
<msg time="2024-07-08T04:19:19.112903" level="INFO">GET Response : url=https://randomuser.me/api 
 status=200, reason=OK 
 headers={'Date': 'Mon, 08 Jul 2024 04:19:19 GMT', 'Content-Type': 'application/json; charset=utf-8', 'Transfer-Encoding': 'chunked', 'Connection': 'keep-alive', 'X-Powered-By': 'Express', 'Access-Control-Allow-Origin': '*', 'Cache-Control': 'no-cache', 'ETag': 'W/"49c-EdZk2JEdTe6Hr9yufvVjSNQR5Kc"', 'Vary': 'Accept-Encoding', 'Content-Encoding': 'gzip', 'CF-Cache-Status': 'DYNAMIC', 'Report-To': '{"endpoints":[{"url":"https:\\/\\/a.nel.cloudflare.com\\/report\\/v4?s=vmHZYGPlTbfiROEkSQxfMwbvgeoDJ1I5mPRJNXB2f4%2F3h72Xq93u%2Bbur%2BuXE176KcpD9AXs5irOxsNvQbvaXGVYFhF7F8UaHoHGGJg54SCVYnWijT5eRIcs92U0Lj3Rb"}],"group":"cf-nel","max_age":604800}', 'NEL': '{"success_fraction":0,"report_to":"cf-nel","max_age":604800}', 'Server': 'cloudflare', 'CF-RAY': '89fd467bde592240-ORD', 'alt-svc': 'h3=":443"; ma=86400'} 
 body={"results":[{"gender":"female","name":{"title":"Mrs","first":"Elli","last":"Halla"},"location":{"street":{"number":6625,"name":"Hämeenkatu"},"city":"Vihanti","state":"South Karelia","country":"Finland","postcode":95594,"coordinates":{"latitude":"-24.4791","longitude":"61.2435"},"timezone":{"offset":"+11:00","description":"Magadan, Solomon Islands, New Caledonia"}},"email":"elli.halla@example.com","login":{"uuid":"219fa3fb-fd6e-4b1b-b3e1-d687d28a0b35","username":"bigsnake452","password":"trailers","salt":"Yz5TfUSp","md5":"bf281766980d12d28ae37f312160b2f1","sha1":"06cf8de232d278a1a9e41a18224d07d2231acd6b","sha256":"1700cdb55a185d6c8db8231afe062ad0632ee8024641b97a47bc3d988d813c1d"},"dob":{"date":"1976-06-11T09:40:10.323Z","age":48},"registered":{"date":"2012-01-08T08:22:00.061Z","age":12},"phone":"03-560-713","cell":"043-118-64-07","id":{"name":"HETU","value":"NaNNA546undefined"},"picture":{"large":"https://randomuser.me/api/portraits/women/83.jpg","medium":"https://randomuser.me/api/portraits/med/women/83.jpg","thumbnail":"https://randomuser.me/api/portraits/thumb/women/83.jpg"},"nat":"FI"}],"info":{"seed":"faac203416ea9969","results":1,"page":1,"version":"1.4"}} 
 </msg>
<msg time="2024-07-08T04:19:19.112978" level="INFO">/opt/hostedtoolcache/Python/3.12.4/x64/lib/python3.12/site-packages/urllib3/connectionpool.py:1099: InsecureRequestWarning: Unverified HTTPS request is being made to host 'randomuser.me'. Adding certificate verification is strongly advised. See: https://urllib3.readthedocs.io/en/latest/advanced-usage.html#tls-warnings
  warnings.warn(</msg>
<msg time="2024-07-08T04:19:19.113116" level="INFO">${response} = &lt;Response [200]&gt;</msg>
<var>${response}</var>
<arg>consultarAPI</arg>
<arg>/api</arg>
<doc>Sends a GET request on a previously created HTTP Session.</doc>
<status status="PASS" start="2024-07-08T04:19:19.017098" elapsed="0.096064"/>
</kw>
<kw name="Set Variable" owner="BuiltIn">
<msg time="2024-07-08T04:19:19.114278" level="INFO">${json_data} = {'results': [{'gender': 'female', 'name': {'title': 'Mrs', 'first': 'Elli', 'last': 'Halla'}, 'location': {'street': {'number': 6625, 'name': 'Hämeenkatu'}, 'city': 'Vihanti', 'state': 'South Karelia'...</msg>
<var>${json_data}</var>
<arg>${response.json()}</arg>
<doc>Returns the given values which can then be assigned to a variables.</doc>
<status status="PASS" start="2024-07-08T04:19:19.113722" elapsed="0.000590"/>
</kw>
<kw name="Log" owner="BuiltIn">
<msg time="2024-07-08T04:19:19.114821" level="INFO">{'results': [{'gender': 'female', 'name': {'title': 'Mrs', 'first': 'Elli', 'last': 'Halla'}, 'location': {'street': {'number': 6625, 'name': 'Hämeenkatu'}, 'city': 'Vihanti', 'state': 'South Karelia', 'country': 'Finland', 'postcode': 95594, 'coordinates': {'latitude': '-24.4791', 'longitude': '61.2435'}, 'timezone': {'offset': '+11:00', 'description': 'Magadan, Solomon Islands, New Caledonia'}}, 'email': 'elli.halla@example.com', 'login': {'uuid': '219fa3fb-fd6e-4b1b-b3e1-d687d28a0b35', 'username': 'bigsnake452', 'password': 'trailers', 'salt': 'Yz5TfUSp', 'md5': 'bf281766980d12d28ae37f312160b2f1', 'sha1': '06cf8de232d278a1a9e41a18224d07d2231acd6b', 'sha256': '1700cdb55a185d6c8db8231afe062ad0632ee8024641b97a47bc3d988d813c1d'}, 'dob': {'date': '1976-06-11T09:40:10.323Z', 'age': 48}, 'registered': {'date': '2012-01-08T08:22:00.061Z', 'age': 12}, 'phone': '03-560-713', 'cell': '043-118-64-07', 'id': {'name': 'HETU', 'value': 'NaNNA546undefined'}, 'picture': {'large': 'https://randomuser.me/api/portraits/women/83.jpg', 'medium': 'https://randomuser.me/api/portraits/med/women/83.jpg', 'thumbnail': 'https://randomuser.me/api/portraits/thumb/women/83.jpg'}, 'nat': 'FI'}], 'info': {'seed': 'faac203416ea9969', 'results': 1, 'page': 1, 'version': '1.4'}}</msg>
<arg>${json_data}</arg>
<doc>Logs the given message with the given level.</doc>
<status status="PASS" start="2024-07-08T04:19:19.114648" elapsed="0.000229"/>
</kw>
<kw name="Should Be Equal As Numbers" owner="BuiltIn">
<arg>${json_data['results'][0]['location']['postcode']}</arg>
<arg>${json_data['results'][0]['location']['postcode']}</arg>
<doc>Fails if objects are unequal after converting them to real numbers.</doc>
<status status="PASS" start="2024-07-08T04:19:19.115184" elapsed="0.000653"/>
</kw>
<kw name="Log" owner="BuiltIn">
<msg time="2024-07-08T04:19:19.116661" level="INFO">95594</msg>
<arg>${json_data['results'][0]['location']['postcode']}</arg>
<doc>Logs the given message with the given level.</doc>
<status status="PASS" start="2024-07-08T04:19:19.116054" elapsed="0.000702"/>
</kw>
<status status="PASS" start="2024-07-08T04:19:19.016863" elapsed="0.100181"/>
</kw>
<doc>Testa se os tipos de dados na resposta da API estão corretos.</doc>
<tag>testeTiposDados</tag>
<status status="PASS" start="2024-07-08T04:19:18.927765" elapsed="0.189463"/>
</test>
<test id="s1-s1-t5" name="Validar conteudo" line="35">
<kw name="Teste de Tipos de Conteudo" owner="random-user-service">
<kw name="GET On Session" owner="RequestsLibrary">
<msg time="2024-07-08T04:19:19.209836" level="INFO">GET Request : url=https://randomuser.me/api 
 path_url=/api 
 headers={'User-Agent': 'python-requests/2.32.3', 'Accept-Encoding': 'gzip, deflate', 'Accept': '*/*', 'Connection': 'keep-alive'} 
 body=None 
 </msg>
<msg time="2024-07-08T04:19:19.209954" level="INFO">GET Response : url=https://randomuser.me/api 
 status=200, reason=OK 
 headers={'Date': 'Mon, 08 Jul 2024 04:19:19 GMT', 'Content-Type': 'application/json; charset=utf-8', 'Transfer-Encoding': 'chunked', 'Connection': 'keep-alive', 'X-Powered-By': 'Express', 'Access-Control-Allow-Origin': '*', 'Cache-Control': 'no-cache', 'ETag': 'W/"490-oOLfHRNOqLjHwuSEd0KZZ9JlX20"', 'Vary': 'Accept-Encoding', 'Content-Encoding': 'gzip', 'CF-Cache-Status': 'DYNAMIC', 'Report-To': '{"endpoints":[{"url":"https:\\/\\/a.nel.cloudflare.com\\/report\\/v4?s=5L8rPJCkgl0RJLqHkjxJKsqOikRJ0emgOxfRsyDsaCViinFInVyZq7mMTYGSqx4v2EeKYUwu4bPce5WspmzsBdw9Dnc0WL6u1vHYO1MA729vF4rWeii6sL7ItuEq4bfo"}],"group":"cf-nel","max_age":604800}', 'NEL': '{"success_fraction":0,"report_to":"cf-nel","max_age":604800}', 'Server': 'cloudflare', 'CF-RAY': '89fd467c8ef42240-ORD', 'alt-svc': 'h3=":443"; ma=86400'} 
 body={"results":[{"gender":"female","name":{"title":"Miss","first":"Jantsje","last":"Vrieze"},"location":{"street":{"number":9261,"name":"Bremerwei"},"city":"Strijbeek","state":"Zuid-Holland","country":"Netherlands","postcode":"1632 OA","coordinates":{"latitude":"36.9140","longitude":"7.9379"},"timezone":{"offset":"+7:00","description":"Bangkok, Hanoi, Jakarta"}},"email":"jantsje.vrieze@example.com","login":{"uuid":"6f1de3cf-26e0-4c73-9e09-25c29a026d5b","username":"organiccat398","password":"1216","salt":"A6bWDmv5","md5":"4aa7e3658cbb2adfed674ceadb7167f0","sha1":"a024982ef679f6649baf4493c806add847e6da45","sha256":"5bdf8271f3e073d7d04f4452f4d3ebe3f975c8a0f1d5637e6e3eb4816ff71f02"},"dob":{"date":"1987-08-25T02:26:38.169Z","age":36},"registered":{"date":"2005-06-21T13:43:31.168Z","age":19},"phone":"(060) 1383624","cell":"(06) 38123915","id":{"name":"BSN","value":"13346360"},"picture":{"large":"https://randomuser.me/api/portraits/women/55.jpg","medium":"https://randomuser.me/api/portraits/med/women/55.jpg","thumbnail":"https://randomuser.me/api/portraits/thumb/women/55.jpg"},"nat":"NL"}],"info":{"seed":"24cd3b2fc945da64","results":1,"page":1,"version":"1.4"}} 
 </msg>
<msg time="2024-07-08T04:19:19.210049" level="INFO">/opt/hostedtoolcache/Python/3.12.4/x64/lib/python3.12/site-packages/urllib3/connectionpool.py:1099: InsecureRequestWarning: Unverified HTTPS request is being made to host 'randomuser.me'. Adding certificate verification is strongly advised. See: https://urllib3.readthedocs.io/en/latest/advanced-usage.html#tls-warnings
  warnings.warn(</msg>
<msg time="2024-07-08T04:19:19.210174" level="INFO">${response} = &lt;Response [200]&gt;</msg>
<var>${response}</var>
<arg>consultarAPI</arg>
<arg>/api</arg>
<doc>Sends a GET request on a previously created HTTP Session.</doc>
<status status="PASS" start="2024-07-08T04:19:19.119743" elapsed="0.090466"/>
</kw>
<kw name="Set Variable" owner="BuiltIn">
<msg time="2024-07-08T04:19:19.211304" level="INFO">${json_data} = {'results': [{'gender': 'female', 'name': {'title': 'Miss', 'first': 'Jantsje', 'last': 'Vrieze'}, 'location': {'street': {'number': 9261, 'name': 'Bremerwei'}, 'city': 'Strijbeek', 'state': 'Zuid-Hol...</msg>
<var>${json_data}</var>
<arg>${response.json()}</arg>
<doc>Returns the given values which can then be assigned to a variables.</doc>
<status status="PASS" start="2024-07-08T04:19:19.210775" elapsed="0.000558"/>
</kw>
<kw name="Set Variable" owner="BuiltIn">
<msg time="2024-07-08T04:19:19.212048" level="INFO">${name_title} = Miss</msg>
<var>${name_title}</var>
<arg>${json_data["results"][0]["name"]["title"]}</arg>
<doc>Returns the given values which can then be assigned to a variables.</doc>
<status status="PASS" start="2024-07-08T04:19:19.211650" elapsed="0.000424"/>
</kw>
<kw name="Create List" owner="BuiltIn">
<msg time="2024-07-08T04:19:19.212622" level="INFO">${allowed_titles} = ['Mr', 'Ms', 'Miss', 'Mrs', 'Madame', 'Monsieur']</msg>
<var>${allowed_titles}</var>
<arg>Mr</arg>
<arg>Ms</arg>
<arg>Miss</arg>
<arg>Mrs</arg>
<arg>Madame</arg>
<arg>Monsieur</arg>
<doc>Returns a list containing given items.</doc>
<status status="PASS" start="2024-07-08T04:19:19.212457" elapsed="0.000191"/>
</kw>
<kw name="List Should Contain Value" owner="Collections">
<arg>${allowed_titles}</arg>
<arg>${name_title}</arg>
<doc>Fails if the ``value`` is not found from ``list``.</doc>
<status status="PASS" start="2024-07-08T04:19:19.212975" elapsed="0.000197"/>
</kw>
<kw name="Set Variable" owner="BuiltIn">
<msg time="2024-07-08T04:19:19.213740" level="INFO">${name_country} = NL</msg>
<var>${name_country}</var>
<arg>${json_data["results"][0]["nat"]}</arg>
<doc>Returns the given values which can then be assigned to a variables.</doc>
<status status="PASS" start="2024-07-08T04:19:19.213364" elapsed="0.000402"/>
</kw>
<kw name="Create List" owner="BuiltIn">
<msg time="2024-07-08T04:19:19.214653" level="INFO">${list_country} = ['AD', 'AE', 'AF', 'AG', 'AI', 'AL', 'AM', 'AO', 'AQ', 'AR', 'AS', 'AT', 'AU', 'AW', 'AX', 'AZ', 'BA', 'BB', 'BD', 'BE', 'BF', 'BG', 'BH', 'BI', 'BJ', 'BL', 'BM', 'BN', 'BO', 'BQ', 'BR', 'BS', 'BT', '...</msg>
<var>${list_country}</var>
<arg>AD</arg>
<arg>AE</arg>
<arg>AF</arg>
<arg>AG</arg>
<arg>AI</arg>
<arg>AL</arg>
<arg>AM</arg>
<arg>AO</arg>
<arg>AQ</arg>
<arg>AR</arg>
<arg>AS</arg>
<arg>AT</arg>
<arg>AU</arg>
<arg>AW</arg>
<arg>AX</arg>
<arg>AZ</arg>
<arg>BA</arg>
<arg>BB</arg>
<arg>BD</arg>
<arg>BE</arg>
<arg>BF</arg>
<arg>BG</arg>
<arg>BH</arg>
<arg>BI</arg>
<arg>BJ</arg>
<arg>BL</arg>
<arg>BM</arg>
<arg>BN</arg>
<arg>BO</arg>
<arg>BQ</arg>
<arg>BR</arg>
<arg>BS</arg>
<arg>BT</arg>
<arg>BV</arg>
<arg>BW</arg>
<arg>BY</arg>
<arg>BZ</arg>
<arg>CA</arg>
<arg>CC</arg>
<arg>CD</arg>
<arg>CF</arg>
<arg>CG</arg>
<arg>CH</arg>
<arg>CI</arg>
<arg>CK</arg>
<arg>CL</arg>
<arg>CM</arg>
<arg>CN</arg>
<arg>CO</arg>
<arg>CR</arg>
<arg>CU</arg>
<arg>CV</arg>
<arg>CW</arg>
<arg>CX</arg>
<arg>CY</arg>
<arg>CZ</arg>
<arg>DE</arg>
<arg>DJ</arg>
<arg>DK</arg>
<arg>DM</arg>
<arg>DO</arg>
<arg>DZ</arg>
<arg>EC</arg>
<arg>EE</arg>
<arg>EG</arg>
<arg>EH</arg>
<arg>ER</arg>
<arg>ES</arg>
<arg>ET</arg>
<arg>FI</arg>
<arg>FJ</arg>
<arg>FK</arg>
<arg>FM</arg>
<arg>FO</arg>
<arg>FR</arg>
<arg>GA</arg>
<arg>GB</arg>
<arg>GD</arg>
<arg>GE</arg>
<arg>GF</arg>
<arg>GG</arg>
<arg>GH</arg>
<arg>GI</arg>
<arg>GL</arg>
<arg>GM</arg>
<arg>GN</arg>
<arg>GP</arg>
<arg>GQ</arg>
<arg>GR</arg>
<arg>GS</arg>
<arg>GT</arg>
<arg>GU</arg>
<arg>GW</arg>
<arg>GY</arg>
<arg>HK</arg>
<arg>HM</arg>
<arg>HN</arg>
<arg>HR</arg>
<arg>HT</arg>
<arg>HU</arg>
<arg>ID</arg>
<arg>IE</arg>
<arg>IL</arg>
<arg>IM</arg>
<arg>IN</arg>
<arg>IO</arg>
<arg>IQ</arg>
<arg>IR</arg>
<arg>IS</arg>
<arg>IT</arg>
<arg>JE</arg>
<arg>JM</arg>
<arg>JO</arg>
<arg>JP</arg>
<arg>KE</arg>
<arg>KG</arg>
<arg>KH</arg>
<arg>KI</arg>
<arg>KM</arg>
<arg>KN</arg>
<arg>KP</arg>
<arg>KR</arg>
<arg>KW</arg>
<arg>KY</arg>
<arg>KZ</arg>
<arg>LA</arg>
<arg>LB</arg>
<arg>LC</arg>
<arg>LI</arg>
<arg>LK</arg>
<arg>LR</arg>
<arg>LS</arg>
<arg>LT</arg>
<arg>LU</arg>
<arg>LV</arg>
<arg>LY</arg>
<arg>MA</arg>
<arg>MC</arg>
<arg>MD</arg>
<arg>ME</arg>
<arg>MF</arg>
<arg>MG</arg>
<arg>MH</arg>
<arg>MK</arg>
<arg>ML</arg>
<arg>MM</arg>
<arg>MN</arg>
<arg>MO</arg>
<arg>MP</arg>
<arg>MQ</arg>
<arg>MR</arg>
<arg>MS</arg>
<arg>MT</arg>
<arg>MU</arg>
<arg>MV</arg>
<arg>MW</arg>
<arg>MX</arg>
<arg>MY</arg>
<arg>MZ</arg>
<arg>NA</arg>
<arg>NC</arg>
<arg>NE</arg>
<arg>NF</arg>
<arg>NG</arg>
<arg>NI</arg>
<arg>NL</arg>
<arg>NO</arg>
<arg>NP</arg>
<arg>NR</arg>
<arg>NU</arg>
<arg>NZ</arg>
<arg>OM</arg>
<arg>PA</arg>
<arg>PE</arg>
<arg>PF</arg>
<arg>PG</arg>
<arg>PH</arg>
<arg>PK</arg>
<arg>PL</arg>
<arg>PM</arg>
<arg>PN</arg>
<arg>PR</arg>
<arg>PS</arg>
<arg>PT</arg>
<arg>PW</arg>
<arg>PY</arg>
<arg>QA</arg>
<arg>RE</arg>
<arg>RO</arg>
<arg>RS</arg>
<arg>RU</arg>
<arg>RW</arg>
<arg>SA</arg>
<arg>SB</arg>
<arg>SC</arg>
<arg>SD</arg>
<arg>SE</arg>
<arg>SG</arg>
<arg>SH</arg>
<arg>SI</arg>
<arg>SJ</arg>
<arg>SK</arg>
<arg>SL</arg>
<arg>SM</arg>
<arg>SN</arg>
<arg>SO</arg>
<arg>SR</arg>
<arg>SS</arg>
<arg>ST</arg>
<arg>SV</arg>
<arg>SX</arg>
<arg>SY</arg>
<arg>SZ</arg>
<arg>TC</arg>
<arg>TD</arg>
<arg>TF</arg>
<arg>TG</arg>
<arg>TH</arg>
<arg>TJ</arg>
<arg>TK</arg>
<arg>TL</arg>
<arg>TM</arg>
<arg>TN</arg>
<arg>TO</arg>
<arg>TR</arg>
<arg>TT</arg>
<arg>TV</arg>
<arg>TW</arg>
<arg>TZ</arg>
<arg>UA</arg>
<arg>UG</arg>
<arg>UM</arg>
<arg>US</arg>
<arg>UY</arg>
<arg>UZ</arg>
<arg>VA</arg>
<arg>VC</arg>
<arg>VE</arg>
<arg>VG</arg>
<arg>VI</arg>
<arg>VN</arg>
<arg>VU</arg>
<arg>WF</arg>
<arg>WS</arg>
<arg>XK</arg>
<arg>YE</arg>
<arg>YT</arg>
<arg>ZA</arg>
<arg>ZM</arg>
<arg>ZW</arg>
<doc>Returns a list containing given items.</doc>
<status status="PASS" start="2024-07-08T04:19:19.214061" elapsed="0.000618"/>
</kw>
<kw name="List Should Contain Value" owner="Collections">
<arg>${list_country}</arg>
<arg>${name_country}</arg>
<doc>Fails if the ``value`` is not found from ``list``.</doc>
<status status="PASS" start="2024-07-08T04:19:19.215475" elapsed="0.000202"/>
</kw>
<kw name="Run Keyword If" owner="BuiltIn">
<kw name="Should Be True" owner="BuiltIn">
<arg>${True}</arg>
<doc>Fails if the given condition is not true.</doc>
<status status="PASS" start="2024-07-08T04:19:19.216645" elapsed="0.000142"/>
</kw>
<arg>${json_data["results"][0]["location"]["coordinates"]["latitude"]} &gt;= -90 and ${json_data["results"][0]["location"]["coordinates"]["latitude"]} &lt;= 90</arg>
<arg>Should Be True</arg>
<arg>${True}</arg>
<doc>Runs the given keyword with the given arguments, if ``condition`` is true.</doc>
<status status="PASS" start="2024-07-08T04:19:19.215877" elapsed="0.001035"/>
</kw>
<kw name="Run Keyword If" owner="BuiltIn">
<kw name="Should Be True" owner="BuiltIn">
<arg>${True}</arg>
<doc>Fails if the given condition is not true.</doc>
<status status="PASS" start="2024-07-08T04:19:19.217800" elapsed="0.000261"/>
</kw>
<arg>${json_data["results"][0]["location"]["coordinates"]["longitude"]} &gt;= -180 and ${json_data["results"][0]["location"]["coordinates"]["longitude"]} &lt;= 180</arg>
<arg>Should Be True</arg>
<arg>${True}</arg>
<doc>Runs the given keyword with the given arguments, if ``condition`` is true.</doc>
<status status="PASS" start="2024-07-08T04:19:19.217096" elapsed="0.001102"/>
</kw>
<status status="PASS" start="2024-07-08T04:19:19.119507" elapsed="0.098832"/>
</kw>
<doc>Testa o conteúdo específico dos campos retornados pela API.</doc>
<tag>testeConteudo</tag>
<status status="PASS" start="2024-07-08T04:19:19.119017" elapsed="0.099483"/>
</test>
<status status="PASS" start="2024-07-08T04:19:18.274433" elapsed="0.946166"/>
</suite>
<status status="PASS" start="2024-07-08T04:19:18.259604" elapsed="0.966175"/>
</suite>
<statistics>
<total>
<stat pass="5" fail="0" skip="0">All Tests</stat>
</total>
<tag>
<stat pass="1" fail="0" skip="0">testeConteudo</stat>
<stat pass="1" fail="0" skip="0">testeEstruturaResposta</stat>
<stat pass="1" fail="0" skip="0">testeRequisicaoBasica</stat>
<stat pass="1" fail="0" skip="0">testeTiposDados</stat>
</tag>
<suite>
<stat pass="5" fail="0" skip="0" id="s1" name="Tests">Tests</stat>
<stat pass="5" fail="0" skip="0" id="s1-s1" name="Random-User-Test">Tests.Random-User-Test</stat>
</suite>
</statistics>
<errors>
</errors>
</robot>
