<?xml version="1.0" encoding="UTF-8"?>
<robot generator="Robot 7.0 (Python 3.12.3 on linux)" generated="2024-05-25T14:13:21.014101" rpa="false" schemaversion="5">
<suite id="s1" name="Tests" source="/home/runner/work/DesafioQAItauRogerioJordao/DesafioQAItauRogerioJordao/RamdonUser/tests">
<suite id="s1-s1" name="Random-User-Test" source="/home/runner/work/DesafioQAItauRogerioJordao/DesafioQAItauRogerioJordao/RamdonUser/tests/random-user-test.robot">
<test id="s1-s1-t1" name="Conectar" line="13">
<kw name="Conectar API" owner="random-user-service">
<kw name="Create Session" owner="RequestsLibrary">
<msg time="2024-05-25T14:13:21.409687" level="INFO">Creating Session using : alias=consultarAPI, url=https://randomuser.me/, headers={},                     cookies={}, auth=None, timeout=None, proxies=None, verify=False,                     debug=0 </msg>
<arg>consultarAPI</arg>
<arg>${URL}</arg>
<doc>Create Session: create a HTTP session to a server</doc>
<status status="PASS" start="2024-05-25T14:13:21.409488" elapsed="0.000364"/>
</kw>
<status status="PASS" start="2024-05-25T14:13:21.408512" elapsed="0.001690"/>
</kw>
<status status="PASS" start="2024-05-25T14:13:21.407946" elapsed="0.002448"/>
</test>
<test id="s1-s1-t2" name="Validar retorno 200 e JSON Válido" line="16">
<kw name="Teste de Requisicao Basica" owner="random-user-service">
<kw name="GET On Session" owner="RequestsLibrary">
<msg time="2024-05-25T14:13:21.486164" level="INFO">GET Request : url=https://randomuser.me/api 
 path_url=/api 
 headers={'User-Agent': 'python-requests/2.32.2', 'Accept-Encoding': 'gzip, deflate', 'Accept': '*/*', 'Connection': 'keep-alive'} 
 body=None 
 </msg>
<msg time="2024-05-25T14:13:21.486289" level="INFO">GET Response : url=https://randomuser.me/api 
 status=200, reason=OK 
 headers={'Date': 'Sat, 25 May 2024 14:13:21 GMT', 'Content-Type': 'application/json; charset=utf-8', 'Transfer-Encoding': 'chunked', 'Connection': 'keep-alive', 'X-Powered-By': 'Express', 'Access-Control-Allow-Origin': '*', 'Cache-Control': 'no-cache', 'ETag': 'W/"492-NEdW5g1iCXbPRNAtDNlen6FvugE"', 'Vary': 'Accept-Encoding', 'Content-Encoding': 'gzip', 'CF-Cache-Status': 'DYNAMIC', 'Report-To': '{"endpoints":[{"url":"https:\\/\\/a.nel.cloudflare.com\\/report\\/v4?s=nb0ISXozG%2FAS1l0aIKSkqnm1j5omGiV9psioNQ7lI6sCuC6uKI08diq9GKGchJ8TWQUptItTpYB6JZW9Gix75XEA2JohfVOYF2fSPknHGezwPQw%2BaJBquAaqqIll8gEq"}],"group":"cf-nel","max_age":604800}', 'NEL': '{"success_fraction":0,"report_to":"cf-nel","max_age":604800}', 'Server': 'cloudflare', 'CF-RAY': '88962029097c608a-ORD', 'alt-svc': 'h3=":443"; ma=86400'} 
 body={"results":[{"gender":"female","name":{"title":"Ms","first":"Debbie","last":"Oliver"},"location":{"street":{"number":7899,"name":"Kingsway"},"city":"Wells","state":"County Fermanagh","country":"United Kingdom","postcode":"NN2 3WQ","coordinates":{"latitude":"-4.9922","longitude":"159.4378"},"timezone":{"offset":"+9:30","description":"Adelaide, Darwin"}},"email":"debbie.oliver@example.com","login":{"uuid":"4abec5e3-0975-4d8b-8694-98c3beeaa393","username":"crazymeercat602","password":"mobile","salt":"MDw1GRFy","md5":"a9a9028f0870598450383916995758f4","sha1":"8cb609e40e758bbca5ff0ffc67afe431599bb9aa","sha256":"7f69268405e25c8f580a700e48368747bde371eb0b6b829aa921e5d81b93bc3a"},"dob":{"date":"1988-06-16T07:48:38.993Z","age":35},"registered":{"date":"2006-04-22T11:06:50.487Z","age":18},"phone":"026 5861 9542","cell":"07581 445177","id":{"name":"NINO","value":"BH 97 72 61 K"},"picture":{"large":"https://randomuser.me/api/portraits/women/72.jpg","medium":"https://randomuser.me/api/portraits/med/women/72.jpg","thumbnail":"https://randomuser.me/api/portraits/thumb/women/72.jpg"},"nat":"GB"}],"info":{"seed":"2555f07480757117","results":1,"page":1,"version":"1.4"}} 
 </msg>
<msg time="2024-05-25T14:13:21.486370" level="INFO">/opt/hostedtoolcache/Python/3.12.3/x64/lib/python3.12/site-packages/urllib3/connectionpool.py:1103: InsecureRequestWarning: Unverified HTTPS request is being made to host 'randomuser.me'. Adding certificate verification is strongly advised. See: https://urllib3.readthedocs.io/en/latest/advanced-usage.html#tls-warnings
  warnings.warn(</msg>
<msg time="2024-05-25T14:13:21.486494" level="INFO">${response} = &lt;Response [200]&gt;</msg>
<var>${response}</var>
<arg>consultarAPI</arg>
<arg>/api</arg>
<doc>Sends a GET request on a previously created HTTP Session.</doc>
<status status="PASS" start="2024-05-25T14:13:21.412998" elapsed="0.073546"/>
</kw>
<kw name="Should Be Equal As Numbers" owner="BuiltIn">
<msg time="2024-05-25T14:13:21.487398" level="INFO">Argument types are:
&lt;class 'int'&gt;
&lt;class 'str'&gt;</msg>
<arg>${response.status_code}</arg>
<arg>200</arg>
<doc>Fails if objects are unequal after converting them to real numbers.</doc>
<status status="PASS" start="2024-05-25T14:13:21.486999" elapsed="0.000462"/>
</kw>
<kw name="Log" owner="BuiltIn">
<msg time="2024-05-25T14:13:21.488144" level="INFO">200</msg>
<arg>${response.status_code}</arg>
<doc>Logs the given message with the given level.</doc>
<status status="PASS" start="2024-05-25T14:13:21.487791" elapsed="0.000399"/>
</kw>
<kw name="Set Variable" owner="BuiltIn">
<msg time="2024-05-25T14:13:21.488931" level="INFO">${json_data} = {'results': [{'gender': 'female', 'name': {'title': 'Ms', 'first': 'Debbie', 'last': 'Oliver'}, 'location': {'street': {'number': 7899, 'name': 'Kingsway'}, 'city': 'Wells', 'state': 'County Fermanagh...</msg>
<var>${json_data}</var>
<arg>${response.json()}</arg>
<doc>Returns the given values which can then be assigned to a variables.</doc>
<status status="PASS" start="2024-05-25T14:13:21.488495" elapsed="0.000465"/>
</kw>
<kw name="Dictionary Should Contain Key" owner="Collections">
<msg time="2024-05-25T14:13:21.489473" level="INFO">False</msg>
<arg>${json_data}</arg>
<arg>results</arg>
<doc>Fails if ``key`` is not found from ``dictionary``.</doc>
<status status="PASS" start="2024-05-25T14:13:21.489265" elapsed="0.000262"/>
</kw>
<status status="PASS" start="2024-05-25T14:13:21.412759" elapsed="0.077024"/>
</kw>
<doc>Testa se a API responde corretamente e retorna um objeto JSON válido.</doc>
<tag>testeRequisicaoBasica</tag>
<status status="PASS" start="2024-05-25T14:13:21.412248" elapsed="0.077700"/>
</test>
<test id="s1-s1-t3" name="Validar estrutura de resposta" line="22">
<kw name="Teste de Estrutura de Resposta" owner="random-user-service">
<kw name="GET On Session" owner="RequestsLibrary">
<msg time="2024-05-25T14:13:21.585365" level="INFO">GET Request : url=https://randomuser.me/api 
 path_url=/api 
 headers={'User-Agent': 'python-requests/2.32.2', 'Accept-Encoding': 'gzip, deflate', 'Accept': '*/*', 'Connection': 'keep-alive'} 
 body=None 
 </msg>
<msg time="2024-05-25T14:13:21.585502" level="INFO">GET Response : url=https://randomuser.me/api 
 status=200, reason=OK 
 headers={'Date': 'Sat, 25 May 2024 14:13:21 GMT', 'Content-Type': 'application/json; charset=utf-8', 'Transfer-Encoding': 'chunked', 'Connection': 'keep-alive', 'X-Powered-By': 'Express', 'Access-Control-Allow-Origin': '*', 'Cache-Control': 'no-cache', 'ETag': 'W/"484-k3rQV1WtA6SYYfbtZ6uFDLxCNJg"', 'Vary': 'Accept-Encoding', 'Content-Encoding': 'gzip', 'CF-Cache-Status': 'DYNAMIC', 'Report-To': '{"endpoints":[{"url":"https:\\/\\/a.nel.cloudflare.com\\/report\\/v4?s=7zQxo5Jl8MzJFsOD5gxILpftXbt75EkBaCRvQ7LE9ZLcqfGvfbvT4wh3LoY%2F2OF0hGY1mfH1E81bN5l%2FV4w3bnowXClKHPGiEP9%2Ft49N%2BhnNX1w%2BDIwZ74kkcz%2FAb1ci"}],"group":"cf-nel","max_age":604800}', 'NEL': '{"success_fraction":0,"report_to":"cf-nel","max_age":604800}', 'Server': 'cloudflare', 'CF-RAY': '8896202959c0608a-ORD', 'alt-svc': 'h3=":443"; ma=86400'} 
 body={"results":[{"gender":"female","name":{"title":"Ms","first":"Anja","last":"Dinčić"},"location":{"street":{"number":689,"name":"Badovačka"},"city":"Ruma","state":"Pirot","country":"Serbia","postcode":67583,"coordinates":{"latitude":"60.7378","longitude":"154.6472"},"timezone":{"offset":"+4:00","description":"Abu Dhabi, Muscat, Baku, Tbilisi"}},"email":"anja.dincic@example.com","login":{"uuid":"11e910b8-a062-4b19-922e-35e3924cf17d","username":"whiteelephant411","password":"bigbig","salt":"byiTdLek","md5":"d68c786bda2888a7841edf3f9a18225d","sha1":"6a33d5651841d1cf25d7bb99925337c20ec61fc7","sha256":"6641f17f57cb8f515189b692f454fdfa5d3b02d2eae9f0e853f774ef70500857"},"dob":{"date":"1997-04-26T17:50:30.167Z","age":27},"registered":{"date":"2007-04-03T15:51:36.862Z","age":17},"phone":"012-7904-899","cell":"060-7826-800","id":{"name":"SID","value":"631565021"},"picture":{"large":"https://randomuser.me/api/portraits/women/56.jpg","medium":"https://randomuser.me/api/portraits/med/women/56.jpg","thumbnail":"https://randomuser.me/api/portraits/thumb/women/56.jpg"},"nat":"RS"}],"info":{"seed":"e06fb89a9424979a","results":1,"page":1,"version":"1.4"}} 
 </msg>
<msg time="2024-05-25T14:13:21.585638" level="INFO">/opt/hostedtoolcache/Python/3.12.3/x64/lib/python3.12/site-packages/urllib3/connectionpool.py:1103: InsecureRequestWarning: Unverified HTTPS request is being made to host 'randomuser.me'. Adding certificate verification is strongly advised. See: https://urllib3.readthedocs.io/en/latest/advanced-usage.html#tls-warnings
  warnings.warn(</msg>
<msg time="2024-05-25T14:13:21.585766" level="INFO">${response} = &lt;Response [200]&gt;</msg>
<var>${response}</var>
<arg>consultarAPI</arg>
<arg>/api</arg>
<doc>Sends a GET request on a previously created HTTP Session.</doc>
<status status="PASS" start="2024-05-25T14:13:21.492440" elapsed="0.093376"/>
</kw>
<kw name="Set Variable" owner="BuiltIn">
<msg time="2024-05-25T14:13:21.586760" level="INFO">${json_data} = {'results': [{'gender': 'female', 'name': {'title': 'Ms', 'first': 'Anja', 'last': 'Dinčić'}, 'location': {'street': {'number': 689, 'name': 'Badovačka'}, 'city': 'Ruma', 'state': 'Pirot', 'country': ...</msg>
<var>${json_data}</var>
<arg>${response.json()}</arg>
<doc>Returns the given values which can then be assigned to a variables.</doc>
<status status="PASS" start="2024-05-25T14:13:21.586289" elapsed="0.000502"/>
</kw>
<kw name="Log" owner="BuiltIn">
<msg time="2024-05-25T14:13:21.587267" level="INFO">{'results': [{'gender': 'female', 'name': {'title': 'Ms', 'first': 'Anja', 'last': 'Dinčić'}, 'location': {'street': {'number': 689, 'name': 'Badovačka'}, 'city': 'Ruma', 'state': 'Pirot', 'country': 'Serbia', 'postcode': 67583, 'coordinates': {'latitude': '60.7378', 'longitude': '154.6472'}, 'timezone': {'offset': '+4:00', 'description': 'Abu Dhabi, Muscat, Baku, Tbilisi'}}, 'email': 'anja.dincic@example.com', 'login': {'uuid': '11e910b8-a062-4b19-922e-35e3924cf17d', 'username': 'whiteelephant411', 'password': 'bigbig', 'salt': 'byiTdLek', 'md5': 'd68c786bda2888a7841edf3f9a18225d', 'sha1': '6a33d5651841d1cf25d7bb99925337c20ec61fc7', 'sha256': '6641f17f57cb8f515189b692f454fdfa5d3b02d2eae9f0e853f774ef70500857'}, 'dob': {'date': '1997-04-26T17:50:30.167Z', 'age': 27}, 'registered': {'date': '2007-04-03T15:51:36.862Z', 'age': 17}, 'phone': '012-7904-899', 'cell': '060-7826-800', 'id': {'name': 'SID', 'value': '631565021'}, 'picture': {'large': 'https://randomuser.me/api/portraits/women/56.jpg', 'medium': 'https://randomuser.me/api/portraits/med/women/56.jpg', 'thumbnail': 'https://randomuser.me/api/portraits/thumb/women/56.jpg'}, 'nat': 'RS'}], 'info': {'seed': 'e06fb89a9424979a', 'results': 1, 'page': 1, 'version': '1.4'}}</msg>
<arg>${json_data}</arg>
<doc>Logs the given message with the given level.</doc>
<status status="PASS" start="2024-05-25T14:13:21.587104" elapsed="0.000220"/>
</kw>
<kw name="Dictionary Should Contain Key" owner="Collections">
<msg time="2024-05-25T14:13:21.587781" level="INFO">False</msg>
<arg>${json_data}</arg>
<arg>results</arg>
<doc>Fails if ``key`` is not found from ``dictionary``.</doc>
<status status="PASS" start="2024-05-25T14:13:21.587622" elapsed="0.000198"/>
</kw>
<kw name="Should Not Be Empty" owner="BuiltIn">
<msg time="2024-05-25T14:13:21.588268" level="INFO">Length is 2.</msg>
<arg>${json_data}</arg>
<doc>Verifies that the given item is not empty.</doc>
<status status="PASS" start="2024-05-25T14:13:21.588128" elapsed="0.000181"/>
</kw>
<kw name="Create List" owner="BuiltIn">
<msg time="2024-05-25T14:13:21.588889" level="INFO">${expected_keys} = ['gender', 'name', 'location', 'email', 'login']</msg>
<var>${expected_keys}</var>
<arg>gender</arg>
<arg>name</arg>
<arg>location</arg>
<arg>email</arg>
<arg>login</arg>
<doc>Returns a list containing given items.</doc>
<status status="PASS" start="2024-05-25T14:13:21.588606" elapsed="0.000309"/>
</kw>
<for flavor="IN">
<iter>
<kw name="Dictionary Should Contain Key" owner="Collections">
<msg time="2024-05-25T14:13:21.589931" level="INFO">False</msg>
<arg>${json_data['results'][0]}</arg>
<arg>${key}</arg>
<doc>Fails if ``key`` is not found from ``dictionary``.</doc>
<status status="PASS" start="2024-05-25T14:13:21.589528" elapsed="0.000442"/>
</kw>
<kw name="Log" owner="BuiltIn">
<msg time="2024-05-25T14:13:21.590665" level="INFO">{'gender': 'female', 'name': {'title': 'Ms', 'first': 'Anja', 'last': 'Dinčić'}, 'location': {'street': {'number': 689, 'name': 'Badovačka'}, 'city': 'Ruma', 'state': 'Pirot', 'country': 'Serbia', 'postcode': 67583, 'coordinates': {'latitude': '60.7378', 'longitude': '154.6472'}, 'timezone': {'offset': '+4:00', 'description': 'Abu Dhabi, Muscat, Baku, Tbilisi'}}, 'email': 'anja.dincic@example.com', 'login': {'uuid': '11e910b8-a062-4b19-922e-35e3924cf17d', 'username': 'whiteelephant411', 'password': 'bigbig', 'salt': 'byiTdLek', 'md5': 'd68c786bda2888a7841edf3f9a18225d', 'sha1': '6a33d5651841d1cf25d7bb99925337c20ec61fc7', 'sha256': '6641f17f57cb8f515189b692f454fdfa5d3b02d2eae9f0e853f774ef70500857'}, 'dob': {'date': '1997-04-26T17:50:30.167Z', 'age': 27}, 'registered': {'date': '2007-04-03T15:51:36.862Z', 'age': 17}, 'phone': '012-7904-899', 'cell': '060-7826-800', 'id': {'name': 'SID', 'value': '631565021'}, 'picture': {'large': 'https://randomuser.me/api/portraits/women/56.jpg', 'medium': 'https://randomuser.me/api/portraits/med/women/56.jpg', 'thumbnail': 'https://randomuser.me/api/portraits/thumb/women/56.jpg'}, 'nat': 'RS'}</msg>
<arg>${json_data['results'][0]}</arg>
<doc>Logs the given message with the given level.</doc>
<status status="PASS" start="2024-05-25T14:13:21.590289" elapsed="0.000445"/>
</kw>
<kw name="Log" owner="BuiltIn">
<msg time="2024-05-25T14:13:21.591165" level="INFO">gender</msg>
<arg>${key}</arg>
<doc>Logs the given message with the given level.</doc>
<status status="PASS" start="2024-05-25T14:13:21.591035" elapsed="0.000168"/>
</kw>
<var name="${key}">gender</var>
<status status="PASS" start="2024-05-25T14:13:21.589366" elapsed="0.002056"/>
</iter>
<iter>
<kw name="Dictionary Should Contain Key" owner="Collections">
<msg time="2024-05-25T14:13:21.592112" level="INFO">False</msg>
<arg>${json_data['results'][0]}</arg>
<arg>${key}</arg>
<doc>Fails if ``key`` is not found from ``dictionary``.</doc>
<status status="PASS" start="2024-05-25T14:13:21.591731" elapsed="0.000420"/>
</kw>
<kw name="Log" owner="BuiltIn">
<msg time="2024-05-25T14:13:21.592841" level="INFO">{'gender': 'female', 'name': {'title': 'Ms', 'first': 'Anja', 'last': 'Dinčić'}, 'location': {'street': {'number': 689, 'name': 'Badovačka'}, 'city': 'Ruma', 'state': 'Pirot', 'country': 'Serbia', 'postcode': 67583, 'coordinates': {'latitude': '60.7378', 'longitude': '154.6472'}, 'timezone': {'offset': '+4:00', 'description': 'Abu Dhabi, Muscat, Baku, Tbilisi'}}, 'email': 'anja.dincic@example.com', 'login': {'uuid': '11e910b8-a062-4b19-922e-35e3924cf17d', 'username': 'whiteelephant411', 'password': 'bigbig', 'salt': 'byiTdLek', 'md5': 'd68c786bda2888a7841edf3f9a18225d', 'sha1': '6a33d5651841d1cf25d7bb99925337c20ec61fc7', 'sha256': '6641f17f57cb8f515189b692f454fdfa5d3b02d2eae9f0e853f774ef70500857'}, 'dob': {'date': '1997-04-26T17:50:30.167Z', 'age': 27}, 'registered': {'date': '2007-04-03T15:51:36.862Z', 'age': 17}, 'phone': '012-7904-899', 'cell': '060-7826-800', 'id': {'name': 'SID', 'value': '631565021'}, 'picture': {'large': 'https://randomuser.me/api/portraits/women/56.jpg', 'medium': 'https://randomuser.me/api/portraits/med/women/56.jpg', 'thumbnail': 'https://randomuser.me/api/portraits/thumb/women/56.jpg'}, 'nat': 'RS'}</msg>
<arg>${json_data['results'][0]}</arg>
<doc>Logs the given message with the given level.</doc>
<status status="PASS" start="2024-05-25T14:13:21.592476" elapsed="0.000418"/>
</kw>
<kw name="Log" owner="BuiltIn">
<msg time="2024-05-25T14:13:21.593324" level="INFO">name</msg>
<arg>${key}</arg>
<doc>Logs the given message with the given level.</doc>
<status status="PASS" start="2024-05-25T14:13:21.593195" elapsed="0.000167"/>
</kw>
<var name="${key}">name</var>
<status status="PASS" start="2024-05-25T14:13:21.591613" elapsed="0.002005"/>
</iter>
<iter>
<kw name="Dictionary Should Contain Key" owner="Collections">
<msg time="2024-05-25T14:13:21.594300" level="INFO">False</msg>
<arg>${json_data['results'][0]}</arg>
<arg>${key}</arg>
<doc>Fails if ``key`` is not found from ``dictionary``.</doc>
<status status="PASS" start="2024-05-25T14:13:21.593919" elapsed="0.000419"/>
</kw>
<kw name="Log" owner="BuiltIn">
<msg time="2024-05-25T14:13:21.594998" level="INFO">{'gender': 'female', 'name': {'title': 'Ms', 'first': 'Anja', 'last': 'Dinčić'}, 'location': {'street': {'number': 689, 'name': 'Badovačka'}, 'city': 'Ruma', 'state': 'Pirot', 'country': 'Serbia', 'postcode': 67583, 'coordinates': {'latitude': '60.7378', 'longitude': '154.6472'}, 'timezone': {'offset': '+4:00', 'description': 'Abu Dhabi, Muscat, Baku, Tbilisi'}}, 'email': 'anja.dincic@example.com', 'login': {'uuid': '11e910b8-a062-4b19-922e-35e3924cf17d', 'username': 'whiteelephant411', 'password': 'bigbig', 'salt': 'byiTdLek', 'md5': 'd68c786bda2888a7841edf3f9a18225d', 'sha1': '6a33d5651841d1cf25d7bb99925337c20ec61fc7', 'sha256': '6641f17f57cb8f515189b692f454fdfa5d3b02d2eae9f0e853f774ef70500857'}, 'dob': {'date': '1997-04-26T17:50:30.167Z', 'age': 27}, 'registered': {'date': '2007-04-03T15:51:36.862Z', 'age': 17}, 'phone': '012-7904-899', 'cell': '060-7826-800', 'id': {'name': 'SID', 'value': '631565021'}, 'picture': {'large': 'https://randomuser.me/api/portraits/women/56.jpg', 'medium': 'https://randomuser.me/api/portraits/med/women/56.jpg', 'thumbnail': 'https://randomuser.me/api/portraits/thumb/women/56.jpg'}, 'nat': 'RS'}</msg>
<arg>${json_data['results'][0]}</arg>
<doc>Logs the given message with the given level.</doc>
<status status="PASS" start="2024-05-25T14:13:21.594631" elapsed="0.000419"/>
</kw>
<kw name="Log" owner="BuiltIn">
<msg time="2024-05-25T14:13:21.595480" level="INFO">location</msg>
<arg>${key}</arg>
<doc>Logs the given message with the given level.</doc>
<status status="PASS" start="2024-05-25T14:13:21.595352" elapsed="0.000166"/>
</kw>
<var name="${key}">location</var>
<status status="PASS" start="2024-05-25T14:13:21.593800" elapsed="0.001932"/>
</iter>
<iter>
<kw name="Dictionary Should Contain Key" owner="Collections">
<msg time="2024-05-25T14:13:21.596401" level="INFO">False</msg>
<arg>${json_data['results'][0]}</arg>
<arg>${key}</arg>
<doc>Fails if ``key`` is not found from ``dictionary``.</doc>
<status status="PASS" start="2024-05-25T14:13:21.596020" elapsed="0.000419"/>
</kw>
<kw name="Log" owner="BuiltIn">
<msg time="2024-05-25T14:13:21.597105" level="INFO">{'gender': 'female', 'name': {'title': 'Ms', 'first': 'Anja', 'last': 'Dinčić'}, 'location': {'street': {'number': 689, 'name': 'Badovačka'}, 'city': 'Ruma', 'state': 'Pirot', 'country': 'Serbia', 'postcode': 67583, 'coordinates': {'latitude': '60.7378', 'longitude': '154.6472'}, 'timezone': {'offset': '+4:00', 'description': 'Abu Dhabi, Muscat, Baku, Tbilisi'}}, 'email': 'anja.dincic@example.com', 'login': {'uuid': '11e910b8-a062-4b19-922e-35e3924cf17d', 'username': 'whiteelephant411', 'password': 'bigbig', 'salt': 'byiTdLek', 'md5': 'd68c786bda2888a7841edf3f9a18225d', 'sha1': '6a33d5651841d1cf25d7bb99925337c20ec61fc7', 'sha256': '6641f17f57cb8f515189b692f454fdfa5d3b02d2eae9f0e853f774ef70500857'}, 'dob': {'date': '1997-04-26T17:50:30.167Z', 'age': 27}, 'registered': {'date': '2007-04-03T15:51:36.862Z', 'age': 17}, 'phone': '012-7904-899', 'cell': '060-7826-800', 'id': {'name': 'SID', 'value': '631565021'}, 'picture': {'large': 'https://randomuser.me/api/portraits/women/56.jpg', 'medium': 'https://randomuser.me/api/portraits/med/women/56.jpg', 'thumbnail': 'https://randomuser.me/api/portraits/thumb/women/56.jpg'}, 'nat': 'RS'}</msg>
<arg>${json_data['results'][0]}</arg>
<doc>Logs the given message with the given level.</doc>
<status status="PASS" start="2024-05-25T14:13:21.596744" elapsed="0.000413"/>
</kw>
<kw name="Log" owner="BuiltIn">
<msg time="2024-05-25T14:13:21.597617" level="INFO">email</msg>
<arg>${key}</arg>
<doc>Logs the given message with the given level.</doc>
<status status="PASS" start="2024-05-25T14:13:21.597478" elapsed="0.000178"/>
</kw>
<var name="${key}">email</var>
<status status="PASS" start="2024-05-25T14:13:21.595907" elapsed="0.001973"/>
</iter>
<iter>
<kw name="Dictionary Should Contain Key" owner="Collections">
<msg time="2024-05-25T14:13:21.598554" level="INFO">False</msg>
<arg>${json_data['results'][0]}</arg>
<arg>${key}</arg>
<doc>Fails if ``key`` is not found from ``dictionary``.</doc>
<status status="PASS" start="2024-05-25T14:13:21.598168" elapsed="0.000423"/>
</kw>
<kw name="Log" owner="BuiltIn">
<msg time="2024-05-25T14:13:21.599255" level="INFO">{'gender': 'female', 'name': {'title': 'Ms', 'first': 'Anja', 'last': 'Dinčić'}, 'location': {'street': {'number': 689, 'name': 'Badovačka'}, 'city': 'Ruma', 'state': 'Pirot', 'country': 'Serbia', 'postcode': 67583, 'coordinates': {'latitude': '60.7378', 'longitude': '154.6472'}, 'timezone': {'offset': '+4:00', 'description': 'Abu Dhabi, Muscat, Baku, Tbilisi'}}, 'email': 'anja.dincic@example.com', 'login': {'uuid': '11e910b8-a062-4b19-922e-35e3924cf17d', 'username': 'whiteelephant411', 'password': 'bigbig', 'salt': 'byiTdLek', 'md5': 'd68c786bda2888a7841edf3f9a18225d', 'sha1': '6a33d5651841d1cf25d7bb99925337c20ec61fc7', 'sha256': '6641f17f57cb8f515189b692f454fdfa5d3b02d2eae9f0e853f774ef70500857'}, 'dob': {'date': '1997-04-26T17:50:30.167Z', 'age': 27}, 'registered': {'date': '2007-04-03T15:51:36.862Z', 'age': 17}, 'phone': '012-7904-899', 'cell': '060-7826-800', 'id': {'name': 'SID', 'value': '631565021'}, 'picture': {'large': 'https://randomuser.me/api/portraits/women/56.jpg', 'medium': 'https://randomuser.me/api/portraits/med/women/56.jpg', 'thumbnail': 'https://randomuser.me/api/portraits/thumb/women/56.jpg'}, 'nat': 'RS'}</msg>
<arg>${json_data['results'][0]}</arg>
<doc>Logs the given message with the given level.</doc>
<status status="PASS" start="2024-05-25T14:13:21.598889" elapsed="0.000418"/>
</kw>
<kw name="Log" owner="BuiltIn">
<msg time="2024-05-25T14:13:21.599729" level="INFO">login</msg>
<arg>${key}</arg>
<doc>Logs the given message with the given level.</doc>
<status status="PASS" start="2024-05-25T14:13:21.599602" elapsed="0.000165"/>
</kw>
<var name="${key}">login</var>
<status status="PASS" start="2024-05-25T14:13:21.598054" elapsed="0.001932"/>
</iter>
<var>${key}</var>
<value>@{expected_keys}</value>
<status status="PASS" start="2024-05-25T14:13:21.589178" elapsed="0.010970"/>
</for>
<kw name="Create List" owner="BuiltIn">
<msg time="2024-05-25T14:13:21.600660" level="INFO">${expected_keysTwo} = ['username', 'password']</msg>
<var>${expected_keysTwo}</var>
<arg>username</arg>
<arg>password</arg>
<doc>Returns a list containing given items.</doc>
<status status="PASS" start="2024-05-25T14:13:21.600450" elapsed="0.000237"/>
</kw>
<for flavor="IN">
<iter>
<kw name="Dictionary Should Contain Key" owner="Collections">
<msg time="2024-05-25T14:13:21.601634" level="INFO">False</msg>
<arg>${json_data['results'][0]['login']}</arg>
<arg>${keyTwo}</arg>
<doc>Fails if ``key`` is not found from ``dictionary``.</doc>
<status status="PASS" start="2024-05-25T14:13:21.601199" elapsed="0.000474"/>
</kw>
<kw name="Dictionary Should Contain Key" owner="Collections">
<msg time="2024-05-25T14:13:21.602503" level="INFO">False</msg>
<arg>${json_data['results'][0]['login']}</arg>
<arg>${keyTwo}</arg>
<doc>Fails if ``key`` is not found from ``dictionary``.</doc>
<status status="PASS" start="2024-05-25T14:13:21.602058" elapsed="0.000484"/>
</kw>
<kw name="Log" owner="BuiltIn">
<msg time="2024-05-25T14:13:21.602972" level="INFO">username</msg>
<arg>${keyTwo}</arg>
<doc>Logs the given message with the given level.</doc>
<status status="PASS" start="2024-05-25T14:13:21.602843" elapsed="0.000167"/>
</kw>
<var name="${keyTwo}">username</var>
<status status="PASS" start="2024-05-25T14:13:21.601088" elapsed="0.002139"/>
</iter>
<iter>
<kw name="Dictionary Should Contain Key" owner="Collections">
<msg time="2024-05-25T14:13:21.603893" level="INFO">False</msg>
<arg>${json_data['results'][0]['login']}</arg>
<arg>${keyTwo}</arg>
<doc>Fails if ``key`` is not found from ``dictionary``.</doc>
<status status="PASS" start="2024-05-25T14:13:21.603513" elapsed="0.000418"/>
</kw>
<kw name="Dictionary Should Contain Key" owner="Collections">
<msg time="2024-05-25T14:13:21.604690" level="INFO">False</msg>
<arg>${json_data['results'][0]['login']}</arg>
<arg>${keyTwo}</arg>
<doc>Fails if ``key`` is not found from ``dictionary``.</doc>
<status status="PASS" start="2024-05-25T14:13:21.604226" elapsed="0.000505"/>
</kw>
<kw name="Log" owner="BuiltIn">
<msg time="2024-05-25T14:13:21.605160" level="INFO">password</msg>
<arg>${keyTwo}</arg>
<doc>Logs the given message with the given level.</doc>
<status status="PASS" start="2024-05-25T14:13:21.605030" elapsed="0.000168"/>
</kw>
<var name="${keyTwo}">password</var>
<status status="PASS" start="2024-05-25T14:13:21.603400" elapsed="0.002043"/>
</iter>
<var>${keyTwo}</var>
<value>@{expected_keysTwo}</value>
<status status="PASS" start="2024-05-25T14:13:21.600935" elapsed="0.004633"/>
</for>
<status status="PASS" start="2024-05-25T14:13:21.492212" elapsed="0.113498"/>
</kw>
<doc>Testa a estrutura da resposta da API.</doc>
<tag>testeEstruturaResposta</tag>
<status status="PASS" start="2024-05-25T14:13:21.491739" elapsed="0.114122"/>
</test>
<test id="s1-s1-t4" name="Validar tipos de dados" line="28">
<kw name="Teste de Tipos de Dados" owner="random-user-service">
<kw name="GET On Session" owner="RequestsLibrary">
<msg time="2024-05-25T14:13:21.686904" level="INFO">GET Request : url=https://randomuser.me/api 
 path_url=/api 
 headers={'User-Agent': 'python-requests/2.32.2', 'Accept-Encoding': 'gzip, deflate', 'Accept': '*/*', 'Connection': 'keep-alive'} 
 body=None 
 </msg>
<msg time="2024-05-25T14:13:21.686987" level="INFO">GET Response : url=https://randomuser.me/api 
 status=200, reason=OK 
 headers={'Date': 'Sat, 25 May 2024 14:13:21 GMT', 'Content-Type': 'application/json; charset=utf-8', 'Transfer-Encoding': 'chunked', 'Connection': 'keep-alive', 'X-Powered-By': 'Express', 'Access-Control-Allow-Origin': '*', 'Cache-Control': 'no-cache', 'ETag': 'W/"47d-/AvaYteLOzPJz/Wt1AEjriK/fBU"', 'Vary': 'Accept-Encoding', 'Content-Encoding': 'gzip', 'CF-Cache-Status': 'DYNAMIC', 'Report-To': '{"endpoints":[{"url":"https:\\/\\/a.nel.cloudflare.com\\/report\\/v4?s=QMasRcQzdBaHVM1%2F%2FHZDMxu6mc5dlxqhS4eEmHJAUEGXG7KstefHrBCWF08WfTp3ncBdUrWjATMpApmkZoCXgPKuBSafolSfqFZEeeYtGsZBTuK45Ni%2BGWrqAofwPqLs"}],"group":"cf-nel","max_age":604800}', 'NEL': '{"success_fraction":0,"report_to":"cf-nel","max_age":604800}', 'Server': 'cloudflare', 'CF-RAY': '8896202a0a73608a-ORD', 'alt-svc': 'h3=":443"; ma=86400'} 
 body={"results":[{"gender":"female","name":{"title":"Miss","first":"Lakshmi","last":"Saha"},"location":{"street":{"number":3692,"name":"Dwaraka Nagar"},"city":"Pallavaram","state":"Dadra and Nagar Haveli","country":"India","postcode":89813,"coordinates":{"latitude":"4.3907","longitude":"46.6191"},"timezone":{"offset":"+4:30","description":"Kabul"}},"email":"lakshmi.saha@example.com","login":{"uuid":"5c3a54b3-e7e3-4d77-9a97-133f28f179b5","username":"heavycat323","password":"maria","salt":"B4p2CBwN","md5":"358c3f4c396968725b367191a088cb2f","sha1":"3e0d60c34b31848019307b534519cb0dbcec09f4","sha256":"f938fc786f6cedd3c75f601035470cd058e798e25b6b8652bc70f2057e8fe801"},"dob":{"date":"1958-07-23T06:34:34.441Z","age":65},"registered":{"date":"2021-08-01T18:27:09.898Z","age":2},"phone":"8904563348","cell":"9015986459","id":{"name":"UIDAI","value":"574927600383"},"picture":{"large":"https://randomuser.me/api/portraits/women/14.jpg","medium":"https://randomuser.me/api/portraits/med/women/14.jpg","thumbnail":"https://randomuser.me/api/portraits/thumb/women/14.jpg"},"nat":"IN"}],"info":{"seed":"1fffd4941895a37e","results":1,"page":1,"version":"1.4"}} 
 </msg>
<msg time="2024-05-25T14:13:21.687061" level="INFO">/opt/hostedtoolcache/Python/3.12.3/x64/lib/python3.12/site-packages/urllib3/connectionpool.py:1103: InsecureRequestWarning: Unverified HTTPS request is being made to host 'randomuser.me'. Adding certificate verification is strongly advised. See: https://urllib3.readthedocs.io/en/latest/advanced-usage.html#tls-warnings
  warnings.warn(</msg>
<msg time="2024-05-25T14:13:21.687172" level="INFO">${response} = &lt;Response [200]&gt;</msg>
<var>${response}</var>
<arg>consultarAPI</arg>
<arg>/api</arg>
<doc>Sends a GET request on a previously created HTTP Session.</doc>
<status status="PASS" start="2024-05-25T14:13:21.608310" elapsed="0.078902"/>
</kw>
<kw name="Set Variable" owner="BuiltIn">
<msg time="2024-05-25T14:13:21.688227" level="INFO">${json_data} = {'results': [{'gender': 'female', 'name': {'title': 'Miss', 'first': 'Lakshmi', 'last': 'Saha'}, 'location': {'street': {'number': 3692, 'name': 'Dwaraka Nagar'}, 'city': 'Pallavaram', 'state': 'Dadra...</msg>
<var>${json_data}</var>
<arg>${response.json()}</arg>
<doc>Returns the given values which can then be assigned to a variables.</doc>
<status status="PASS" start="2024-05-25T14:13:21.687743" elapsed="0.000512"/>
</kw>
<kw name="Log" owner="BuiltIn">
<msg time="2024-05-25T14:13:21.688711" level="INFO">{'results': [{'gender': 'female', 'name': {'title': 'Miss', 'first': 'Lakshmi', 'last': 'Saha'}, 'location': {'street': {'number': 3692, 'name': 'Dwaraka Nagar'}, 'city': 'Pallavaram', 'state': 'Dadra and Nagar Haveli', 'country': 'India', 'postcode': 89813, 'coordinates': {'latitude': '4.3907', 'longitude': '46.6191'}, 'timezone': {'offset': '+4:30', 'description': 'Kabul'}}, 'email': 'lakshmi.saha@example.com', 'login': {'uuid': '5c3a54b3-e7e3-4d77-9a97-133f28f179b5', 'username': 'heavycat323', 'password': 'maria', 'salt': 'B4p2CBwN', 'md5': '358c3f4c396968725b367191a088cb2f', 'sha1': '3e0d60c34b31848019307b534519cb0dbcec09f4', 'sha256': 'f938fc786f6cedd3c75f601035470cd058e798e25b6b8652bc70f2057e8fe801'}, 'dob': {'date': '1958-07-23T06:34:34.441Z', 'age': 65}, 'registered': {'date': '2021-08-01T18:27:09.898Z', 'age': 2}, 'phone': '8904563348', 'cell': '9015986459', 'id': {'name': 'UIDAI', 'value': '574927600383'}, 'picture': {'large': 'https://randomuser.me/api/portraits/women/14.jpg', 'medium': 'https://randomuser.me/api/portraits/med/women/14.jpg', 'thumbnail': 'https://randomuser.me/api/portraits/thumb/women/14.jpg'}, 'nat': 'IN'}], 'info': {'seed': '1fffd4941895a37e', 'results': 1, 'page': 1, 'version': '1.4'}}</msg>
<arg>${json_data}</arg>
<doc>Logs the given message with the given level.</doc>
<status status="PASS" start="2024-05-25T14:13:21.688559" elapsed="0.000230"/>
</kw>
<kw name="Should Be String" owner="String">
<arg>${json_data['results'][0]['gender']}</arg>
<doc>Fails if the given ``item`` is not a string.</doc>
<status status="PASS" start="2024-05-25T14:13:21.689088" elapsed="0.000414"/>
</kw>
<kw name="Should Match Regexp" owner="BuiltIn">
<arg>${json_data['results'][0]['email']}</arg>
<arg>^[a-zA-Z0-9._%+-]+@[a-zA-Z0-9.-]+\.[a-zA-Z]{2,}$</arg>
<doc>Fails if ``string`` does not match ``pattern`` as a regular expression.</doc>
<status status="PASS" start="2024-05-25T14:13:21.689699" elapsed="0.000518"/>
</kw>
<kw name="Should Match Regexp" owner="BuiltIn">
<arg>${json_data['results'][0]['dob']['date']}</arg>
<arg>\\d{4}-\\d{2}-\\d{2}T\\d{2}:\\d{2}:\\d{2}\\.\\d{3}Z</arg>
<doc>Fails if ``string`` does not match ``pattern`` as a regular expression.</doc>
<status status="PASS" start="2024-05-25T14:13:21.690418" elapsed="0.000489"/>
</kw>
<kw name="Should Match Regexp" owner="BuiltIn">
<arg>${json_data['results'][0]['registered']['date']}</arg>
<arg>\\d{4}-\\d{2}-\\d{2}T\\d{2}:\\d{2}:\\d{2}\\.\\d{3}Z</arg>
<doc>Fails if ``string`` does not match ``pattern`` as a regular expression.</doc>
<status status="PASS" start="2024-05-25T14:13:21.691102" elapsed="0.000368"/>
</kw>
<kw name="Should Match Regexp" owner="BuiltIn">
<arg>${json_data['results'][0]['picture']['large']}</arg>
<arg>^https?://.*\.(?:png|jpe?g|gif|bmp)$</arg>
<doc>Fails if ``string`` does not match ``pattern`` as a regular expression.</doc>
<status status="PASS" start="2024-05-25T14:13:21.691663" elapsed="0.000467"/>
</kw>
<kw name="Should Match Regexp" owner="BuiltIn">
<arg>${json_data['results'][0]['picture']['medium']}</arg>
<arg>^https?://.*\.(?:png|jpe?g|gif|bmp)$</arg>
<doc>Fails if ``string`` does not match ``pattern`` as a regular expression.</doc>
<status status="PASS" start="2024-05-25T14:13:21.692324" elapsed="0.000353"/>
</kw>
<kw name="Should Match Regexp" owner="BuiltIn">
<arg>${json_data['results'][0]['picture']['thumbnail']}</arg>
<arg>^https?://.*\.(?:png|jpe?g|gif|bmp)$</arg>
<doc>Fails if ``string`` does not match ``pattern`` as a regular expression.</doc>
<status status="PASS" start="2024-05-25T14:13:21.692867" elapsed="0.000345"/>
</kw>
<kw name="Log" owner="BuiltIn">
<msg time="2024-05-25T14:13:21.693761" level="INFO">{'large': 'https://randomuser.me/api/portraits/women/14.jpg', 'medium': 'https://randomuser.me/api/portraits/med/women/14.jpg', 'thumbnail': 'https://randomuser.me/api/portraits/thumb/women/14.jpg'}</msg>
<arg>${json_data['results'][0]['picture']}</arg>
<doc>Logs the given message with the given level.</doc>
<status status="PASS" start="2024-05-25T14:13:21.693425" elapsed="0.000378"/>
</kw>
<status status="PASS" start="2024-05-25T14:13:21.608078" elapsed="0.085980"/>
</kw>
<kw name="Teste de Tipos de Dados - Postcode" owner="random-user-service">
<kw name="GET On Session" owner="RequestsLibrary">
<msg time="2024-05-25T14:13:21.783995" level="INFO">GET Request : url=https://randomuser.me/api 
 path_url=/api 
 headers={'User-Agent': 'python-requests/2.32.2', 'Accept-Encoding': 'gzip, deflate', 'Accept': '*/*', 'Connection': 'keep-alive'} 
 body=None 
 </msg>
<msg time="2024-05-25T14:13:21.784079" level="INFO">GET Response : url=https://randomuser.me/api 
 status=200, reason=OK 
 headers={'Date': 'Sat, 25 May 2024 14:13:21 GMT', 'Content-Type': 'application/json; charset=utf-8', 'Transfer-Encoding': 'chunked', 'Connection': 'keep-alive', 'X-Powered-By': 'Express', 'Access-Control-Allow-Origin': '*', 'Cache-Control': 'no-cache', 'ETag': 'W/"4aa-43XnJ3fDm+O2S2g2me1QYTtUNao"', 'Vary': 'Accept-Encoding', 'Content-Encoding': 'gzip', 'CF-Cache-Status': 'DYNAMIC', 'Report-To': '{"endpoints":[{"url":"https:\\/\\/a.nel.cloudflare.com\\/report\\/v4?s=ywhhw%2FU3yc%2BOrTrZuJG7et7j468DGE9VsMi%2BuSuMF8a%2FwDVup3qC5L9KAzbJiFNJnL34eT6iUKDU3gOGsNtS3B6R7ObbXcS3VrCpemqMRrOtty3YXbUzwYrbdLqp2htF"}],"group":"cf-nel","max_age":604800}', 'NEL': '{"success_fraction":0,"report_to":"cf-nel","max_age":604800}', 'Server': 'cloudflare', 'CF-RAY': '8896202a9b0b608a-ORD', 'alt-svc': 'h3=":443"; ma=86400'} 
 body={"results":[{"gender":"male","name":{"title":"Mr","first":"Sergio","last":"Samaniego"},"location":{"street":{"number":3429,"name":"Peatonal Salcido"},"city":"Tecomán","state":"Zacatecas","country":"Mexico","postcode":67176,"coordinates":{"latitude":"23.5844","longitude":"-123.9645"},"timezone":{"offset":"0:00","description":"Western Europe Time, London, Lisbon, Casablanca"}},"email":"sergio.samaniego@example.com","login":{"uuid":"ed75cdfa-9f82-4681-a69e-338339eb08c2","username":"organicwolf313","password":"graham","salt":"K9HlyIej","md5":"c752bd6a96a2f15e4cc374eea6ee509d","sha1":"5fc3ef32158656fa11c802541ff275de410bc35f","sha256":"1835af7216bf401c33e062b4784a99cabe505759d13ae51c9448f526552b298a"},"dob":{"date":"1957-08-24T02:49:52.074Z","age":66},"registered":{"date":"2012-07-21T16:33:32.746Z","age":11},"phone":"(615) 970 5713","cell":"(671) 651 9886","id":{"name":"NSS","value":"14 87 92 6213 0"},"picture":{"large":"https://randomuser.me/api/portraits/men/20.jpg","medium":"https://randomuser.me/api/portraits/med/men/20.jpg","thumbnail":"https://randomuser.me/api/portraits/thumb/men/20.jpg"},"nat":"MX"}],"info":{"seed":"8a667226438cf24a","results":1,"page":1,"version":"1.4"}} 
 </msg>
<msg time="2024-05-25T14:13:21.784152" level="INFO">/opt/hostedtoolcache/Python/3.12.3/x64/lib/python3.12/site-packages/urllib3/connectionpool.py:1103: InsecureRequestWarning: Unverified HTTPS request is being made to host 'randomuser.me'. Adding certificate verification is strongly advised. See: https://urllib3.readthedocs.io/en/latest/advanced-usage.html#tls-warnings
  warnings.warn(</msg>
<msg time="2024-05-25T14:13:21.784260" level="INFO">${response} = &lt;Response [200]&gt;</msg>
<var>${response}</var>
<arg>consultarAPI</arg>
<arg>/api</arg>
<doc>Sends a GET request on a previously created HTTP Session.</doc>
<status status="PASS" start="2024-05-25T14:13:21.694504" elapsed="0.089796"/>
</kw>
<kw name="Set Variable" owner="BuiltIn">
<msg time="2024-05-25T14:13:21.785166" level="INFO">${json_data} = {'results': [{'gender': 'male', 'name': {'title': 'Mr', 'first': 'Sergio', 'last': 'Samaniego'}, 'location': {'street': {'number': 3429, 'name': 'Peatonal Salcido'}, 'city': 'Tecomán', 'state': 'Zacat...</msg>
<var>${json_data}</var>
<arg>${response.json()}</arg>
<doc>Returns the given values which can then be assigned to a variables.</doc>
<status status="PASS" start="2024-05-25T14:13:21.784709" elapsed="0.000485"/>
</kw>
<kw name="Log" owner="BuiltIn">
<msg time="2024-05-25T14:13:21.785694" level="INFO">{'results': [{'gender': 'male', 'name': {'title': 'Mr', 'first': 'Sergio', 'last': 'Samaniego'}, 'location': {'street': {'number': 3429, 'name': 'Peatonal Salcido'}, 'city': 'Tecomán', 'state': 'Zacatecas', 'country': 'Mexico', 'postcode': 67176, 'coordinates': {'latitude': '23.5844', 'longitude': '-123.9645'}, 'timezone': {'offset': '0:00', 'description': 'Western Europe Time, London, Lisbon, Casablanca'}}, 'email': 'sergio.samaniego@example.com', 'login': {'uuid': 'ed75cdfa-9f82-4681-a69e-338339eb08c2', 'username': 'organicwolf313', 'password': 'graham', 'salt': 'K9HlyIej', 'md5': 'c752bd6a96a2f15e4cc374eea6ee509d', 'sha1': '5fc3ef32158656fa11c802541ff275de410bc35f', 'sha256': '1835af7216bf401c33e062b4784a99cabe505759d13ae51c9448f526552b298a'}, 'dob': {'date': '1957-08-24T02:49:52.074Z', 'age': 66}, 'registered': {'date': '2012-07-21T16:33:32.746Z', 'age': 11}, 'phone': '(615) 970 5713', 'cell': '(671) 651 9886', 'id': {'name': 'NSS', 'value': '14 87 92 6213 0'}, 'picture': {'large': 'https://randomuser.me/api/portraits/men/20.jpg', 'medium': 'https://randomuser.me/api/portraits/med/men/20.jpg', 'thumbnail': 'https://randomuser.me/api/portraits/thumb/men/20.jpg'}, 'nat': 'MX'}], 'info': {'seed': '8a667226438cf24a', 'results': 1, 'page': 1, 'version': '1.4'}}</msg>
<arg>${json_data}</arg>
<doc>Logs the given message with the given level.</doc>
<status status="PASS" start="2024-05-25T14:13:21.785536" elapsed="0.000237"/>
</kw>
<kw name="Should Be Equal As Numbers" owner="BuiltIn">
<arg>${json_data['results'][0]['location']['postcode']}</arg>
<arg>${json_data['results'][0]['location']['postcode']}</arg>
<doc>Fails if objects are unequal after converting them to real numbers.</doc>
<status status="PASS" start="2024-05-25T14:13:21.786075" elapsed="0.000741"/>
</kw>
<kw name="Log" owner="BuiltIn">
<msg time="2024-05-25T14:13:21.787343" level="INFO">67176</msg>
<arg>${json_data['results'][0]['location']['postcode']}</arg>
<doc>Logs the given message with the given level.</doc>
<status status="PASS" start="2024-05-25T14:13:21.787007" elapsed="0.000376"/>
</kw>
<status status="PASS" start="2024-05-25T14:13:21.694268" elapsed="0.093366"/>
</kw>
<doc>Testa se os tipos de dados na resposta da API estão corretos.</doc>
<tag>testeTiposDados</tag>
<status status="PASS" start="2024-05-25T14:13:21.607661" elapsed="0.180130"/>
</test>
<test id="s1-s1-t5" name="Validar conteudo" line="35">
<kw name="Teste de Tipos de Conteudo" owner="random-user-service">
<kw name="GET On Session" owner="RequestsLibrary">
<msg time="2024-05-25T14:13:21.891427" level="INFO">GET Request : url=https://randomuser.me/api 
 path_url=/api 
 headers={'User-Agent': 'python-requests/2.32.2', 'Accept-Encoding': 'gzip, deflate', 'Accept': '*/*', 'Connection': 'keep-alive'} 
 body=None 
 </msg>
<msg time="2024-05-25T14:13:21.891516" level="INFO">GET Response : url=https://randomuser.me/api 
 status=200, reason=OK 
 headers={'Date': 'Sat, 25 May 2024 14:13:21 GMT', 'Content-Type': 'application/json; charset=utf-8', 'Transfer-Encoding': 'chunked', 'Connection': 'keep-alive', 'X-Powered-By': 'Express', 'Access-Control-Allow-Origin': '*', 'Cache-Control': 'no-cache', 'ETag': 'W/"486-ZvCibpP8HJNdWLWW111QuY7gkco"', 'Vary': 'Accept-Encoding', 'Content-Encoding': 'gzip', 'CF-Cache-Status': 'DYNAMIC', 'Report-To': '{"endpoints":[{"url":"https:\\/\\/a.nel.cloudflare.com\\/report\\/v4?s=as5dwy5uip1TxhrpPWB8he%2F%2Bg88jYrIilu%2Fw0QqTOc3subhFLNKC1QqemoP4U%2Bj%2F1ieTG%2BNYHEWHDH%2BvlWnVp8rIdEIgLpg%2FQDJ7QrglEmZlwCHagZVge2JPzNARyTkQ"}],"group":"cf-nel","max_age":604800}', 'NEL': '{"success_fraction":0,"report_to":"cf-nel","max_age":604800}', 'Server': 'cloudflare', 'CF-RAY': '8896202b3ba9608a-ORD', 'alt-svc': 'h3=":443"; ma=86400'} 
 body={"results":[{"gender":"male","name":{"title":"Mr","first":"Rufino","last":"Aragão"},"location":{"street":{"number":1979,"name":"Rua Três"},"city":"Nova Friburgo","state":"Mato Grosso","country":"Brazil","postcode":72327,"coordinates":{"latitude":"-77.5799","longitude":"-152.2202"},"timezone":{"offset":"-2:00","description":"Mid-Atlantic"}},"email":"rufino.aragao@example.com","login":{"uuid":"d063e96b-b41f-4ed9-a0f1-8f8ba3f83d11","username":"yellowbutterfly588","password":"54321","salt":"Srf031JA","md5":"51da53b04189bbe5bc838e416fe3a2b5","sha1":"3a0c31efb5ea1d9fd4ef7e37d75cd8be9875b33e","sha256":"aaa39e1b7a5e9338e31ee86aeb7b5f36e40e2feaef293b24bf90fbdd157c9bbd"},"dob":{"date":"2000-06-03T04:36:44.661Z","age":23},"registered":{"date":"2013-01-11T18:02:00.406Z","age":11},"phone":"(62) 9528-0006","cell":"(48) 2470-5133","id":{"name":"CPF","value":"161.214.075-94"},"picture":{"large":"https://randomuser.me/api/portraits/men/68.jpg","medium":"https://randomuser.me/api/portraits/med/men/68.jpg","thumbnail":"https://randomuser.me/api/portraits/thumb/men/68.jpg"},"nat":"BR"}],"info":{"seed":"5ac8812e1e9f3e7b","results":1,"page":1,"version":"1.4"}} 
 </msg>
<msg time="2024-05-25T14:13:21.891599" level="INFO">/opt/hostedtoolcache/Python/3.12.3/x64/lib/python3.12/site-packages/urllib3/connectionpool.py:1103: InsecureRequestWarning: Unverified HTTPS request is being made to host 'randomuser.me'. Adding certificate verification is strongly advised. See: https://urllib3.readthedocs.io/en/latest/advanced-usage.html#tls-warnings
  warnings.warn(</msg>
<msg time="2024-05-25T14:13:21.891709" level="INFO">${response} = &lt;Response [200]&gt;</msg>
<var>${response}</var>
<arg>consultarAPI</arg>
<arg>/api</arg>
<doc>Sends a GET request on a previously created HTTP Session.</doc>
<status status="PASS" start="2024-05-25T14:13:21.790149" elapsed="0.101591"/>
</kw>
<kw name="Set Variable" owner="BuiltIn">
<msg time="2024-05-25T14:13:21.892649" level="INFO">${json_data} = {'results': [{'gender': 'male', 'name': {'title': 'Mr', 'first': 'Rufino', 'last': 'Aragão'}, 'location': {'street': {'number': 1979, 'name': 'Rua Três'}, 'city': 'Nova Friburgo', 'state': 'Mato Gross...</msg>
<var>${json_data}</var>
<arg>${response.json()}</arg>
<doc>Returns the given values which can then be assigned to a variables.</doc>
<status status="PASS" start="2024-05-25T14:13:21.892183" elapsed="0.000497"/>
</kw>
<kw name="Set Variable" owner="BuiltIn">
<msg time="2024-05-25T14:13:21.893411" level="INFO">${name_title} = Mr</msg>
<var>${name_title}</var>
<arg>${json_data["results"][0]["name"]["title"]}</arg>
<doc>Returns the given values which can then be assigned to a variables.</doc>
<status status="PASS" start="2024-05-25T14:13:21.892992" elapsed="0.000448"/>
</kw>
<kw name="Create List" owner="BuiltIn">
<msg time="2024-05-25T14:13:21.893911" level="INFO">${allowed_titles} = ['Mr', 'Ms', 'Miss', 'Mrs', 'Madame', 'Monsieur']</msg>
<var>${allowed_titles}</var>
<arg>Mr</arg>
<arg>Ms</arg>
<arg>Miss</arg>
<arg>Mrs</arg>
<arg>Madame</arg>
<arg>Monsieur</arg>
<doc>Returns a list containing given items.</doc>
<status status="PASS" start="2024-05-25T14:13:21.893757" elapsed="0.000179"/>
</kw>
<kw name="List Should Contain Value" owner="Collections">
<msg time="2024-05-25T14:13:21.894413" level="INFO">False</msg>
<arg>${allowed_titles}</arg>
<arg>${name_title}</arg>
<doc>Fails if the ``value`` is not found from ``list``.</doc>
<status status="PASS" start="2024-05-25T14:13:21.894240" elapsed="0.000210"/>
</kw>
<kw name="Set Variable" owner="BuiltIn">
<msg time="2024-05-25T14:13:21.895136" level="INFO">${name_country} = BR</msg>
<var>${name_country}</var>
<arg>${json_data["results"][0]["nat"]}</arg>
<doc>Returns the given values which can then be assigned to a variables.</doc>
<status status="PASS" start="2024-05-25T14:13:21.894747" elapsed="0.000415"/>
</kw>
<kw name="Create List" owner="BuiltIn">
<msg time="2024-05-25T14:13:21.896062" level="INFO">${list_country} = ['AD', 'AE', 'AF', 'AG', 'AI', 'AL', 'AM', 'AO', 'AQ', 'AR', 'AS', 'AT', 'AU', 'AW', 'AX', 'AZ', 'BA', 'BB', 'BD', 'BE', 'BF', 'BG', 'BH', 'BI', 'BJ', 'BL', 'BM', 'BN', 'BO', 'BQ', 'BR', 'BS', 'BT', '...</msg>
<var>${list_country}</var>
<arg>AD</arg>
<arg>AE</arg>
<arg>AF</arg>
<arg>AG</arg>
<arg>AI</arg>
<arg>AL</arg>
<arg>AM</arg>
<arg>AO</arg>
<arg>AQ</arg>
<arg>AR</arg>
<arg>AS</arg>
<arg>AT</arg>
<arg>AU</arg>
<arg>AW</arg>
<arg>AX</arg>
<arg>AZ</arg>
<arg>BA</arg>
<arg>BB</arg>
<arg>BD</arg>
<arg>BE</arg>
<arg>BF</arg>
<arg>BG</arg>
<arg>BH</arg>
<arg>BI</arg>
<arg>BJ</arg>
<arg>BL</arg>
<arg>BM</arg>
<arg>BN</arg>
<arg>BO</arg>
<arg>BQ</arg>
<arg>BR</arg>
<arg>BS</arg>
<arg>BT</arg>
<arg>BV</arg>
<arg>BW</arg>
<arg>BY</arg>
<arg>BZ</arg>
<arg>CA</arg>
<arg>CC</arg>
<arg>CD</arg>
<arg>CF</arg>
<arg>CG</arg>
<arg>CH</arg>
<arg>CI</arg>
<arg>CK</arg>
<arg>CL</arg>
<arg>CM</arg>
<arg>CN</arg>
<arg>CO</arg>
<arg>CR</arg>
<arg>CU</arg>
<arg>CV</arg>
<arg>CW</arg>
<arg>CX</arg>
<arg>CY</arg>
<arg>CZ</arg>
<arg>DE</arg>
<arg>DJ</arg>
<arg>DK</arg>
<arg>DM</arg>
<arg>DO</arg>
<arg>DZ</arg>
<arg>EC</arg>
<arg>EE</arg>
<arg>EG</arg>
<arg>EH</arg>
<arg>ER</arg>
<arg>ES</arg>
<arg>ET</arg>
<arg>FI</arg>
<arg>FJ</arg>
<arg>FK</arg>
<arg>FM</arg>
<arg>FO</arg>
<arg>FR</arg>
<arg>GA</arg>
<arg>GB</arg>
<arg>GD</arg>
<arg>GE</arg>
<arg>GF</arg>
<arg>GG</arg>
<arg>GH</arg>
<arg>GI</arg>
<arg>GL</arg>
<arg>GM</arg>
<arg>GN</arg>
<arg>GP</arg>
<arg>GQ</arg>
<arg>GR</arg>
<arg>GS</arg>
<arg>GT</arg>
<arg>GU</arg>
<arg>GW</arg>
<arg>GY</arg>
<arg>HK</arg>
<arg>HM</arg>
<arg>HN</arg>
<arg>HR</arg>
<arg>HT</arg>
<arg>HU</arg>
<arg>ID</arg>
<arg>IE</arg>
<arg>IL</arg>
<arg>IM</arg>
<arg>IN</arg>
<arg>IO</arg>
<arg>IQ</arg>
<arg>IR</arg>
<arg>IS</arg>
<arg>IT</arg>
<arg>JE</arg>
<arg>JM</arg>
<arg>JO</arg>
<arg>JP</arg>
<arg>KE</arg>
<arg>KG</arg>
<arg>KH</arg>
<arg>KI</arg>
<arg>KM</arg>
<arg>KN</arg>
<arg>KP</arg>
<arg>KR</arg>
<arg>KW</arg>
<arg>KY</arg>
<arg>KZ</arg>
<arg>LA</arg>
<arg>LB</arg>
<arg>LC</arg>
<arg>LI</arg>
<arg>LK</arg>
<arg>LR</arg>
<arg>LS</arg>
<arg>LT</arg>
<arg>LU</arg>
<arg>LV</arg>
<arg>LY</arg>
<arg>MA</arg>
<arg>MC</arg>
<arg>MD</arg>
<arg>ME</arg>
<arg>MF</arg>
<arg>MG</arg>
<arg>MH</arg>
<arg>MK</arg>
<arg>ML</arg>
<arg>MM</arg>
<arg>MN</arg>
<arg>MO</arg>
<arg>MP</arg>
<arg>MQ</arg>
<arg>MR</arg>
<arg>MS</arg>
<arg>MT</arg>
<arg>MU</arg>
<arg>MV</arg>
<arg>MW</arg>
<arg>MX</arg>
<arg>MY</arg>
<arg>MZ</arg>
<arg>NA</arg>
<arg>NC</arg>
<arg>NE</arg>
<arg>NF</arg>
<arg>NG</arg>
<arg>NI</arg>
<arg>NL</arg>
<arg>NO</arg>
<arg>NP</arg>
<arg>NR</arg>
<arg>NU</arg>
<arg>NZ</arg>
<arg>OM</arg>
<arg>PA</arg>
<arg>PE</arg>
<arg>PF</arg>
<arg>PG</arg>
<arg>PH</arg>
<arg>PK</arg>
<arg>PL</arg>
<arg>PM</arg>
<arg>PN</arg>
<arg>PR</arg>
<arg>PS</arg>
<arg>PT</arg>
<arg>PW</arg>
<arg>PY</arg>
<arg>QA</arg>
<arg>RE</arg>
<arg>RO</arg>
<arg>RS</arg>
<arg>RU</arg>
<arg>RW</arg>
<arg>SA</arg>
<arg>SB</arg>
<arg>SC</arg>
<arg>SD</arg>
<arg>SE</arg>
<arg>SG</arg>
<arg>SH</arg>
<arg>SI</arg>
<arg>SJ</arg>
<arg>SK</arg>
<arg>SL</arg>
<arg>SM</arg>
<arg>SN</arg>
<arg>SO</arg>
<arg>SR</arg>
<arg>SS</arg>
<arg>ST</arg>
<arg>SV</arg>
<arg>SX</arg>
<arg>SY</arg>
<arg>SZ</arg>
<arg>TC</arg>
<arg>TD</arg>
<arg>TF</arg>
<arg>TG</arg>
<arg>TH</arg>
<arg>TJ</arg>
<arg>TK</arg>
<arg>TL</arg>
<arg>TM</arg>
<arg>TN</arg>
<arg>TO</arg>
<arg>TR</arg>
<arg>TT</arg>
<arg>TV</arg>
<arg>TW</arg>
<arg>TZ</arg>
<arg>UA</arg>
<arg>UG</arg>
<arg>UM</arg>
<arg>US</arg>
<arg>UY</arg>
<arg>UZ</arg>
<arg>VA</arg>
<arg>VC</arg>
<arg>VE</arg>
<arg>VG</arg>
<arg>VI</arg>
<arg>VN</arg>
<arg>VU</arg>
<arg>WF</arg>
<arg>WS</arg>
<arg>XK</arg>
<arg>YE</arg>
<arg>YT</arg>
<arg>ZA</arg>
<arg>ZM</arg>
<arg>ZW</arg>
<doc>Returns a list containing given items.</doc>
<status status="PASS" start="2024-05-25T14:13:21.895467" elapsed="0.000622"/>
</kw>
<kw name="List Should Contain Value" owner="Collections">
<msg time="2024-05-25T14:13:21.897093" level="INFO">False</msg>
<arg>${list_country}</arg>
<arg>${name_country}</arg>
<doc>Fails if the ``value`` is not found from ``list``.</doc>
<status status="PASS" start="2024-05-25T14:13:21.896884" elapsed="0.000247"/>
</kw>
<kw name="Run Keyword If" owner="BuiltIn">
<kw name="Should Be True" owner="BuiltIn">
<arg>${True}</arg>
<doc>Fails if the given condition is not true.</doc>
<status status="PASS" start="2024-05-25T14:13:21.898232" elapsed="0.000146"/>
</kw>
<arg>${json_data["results"][0]["location"]["coordinates"]["latitude"]} &gt;= -90 and ${json_data["results"][0]["location"]["coordinates"]["latitude"]} &lt;= 90</arg>
<arg>Should Be True</arg>
<arg>${True}</arg>
<doc>Runs the given keyword with the given arguments, if ``condition`` is true.</doc>
<status status="PASS" start="2024-05-25T14:13:21.897471" elapsed="0.001036"/>
</kw>
<kw name="Run Keyword If" owner="BuiltIn">
<kw name="Should Be True" owner="BuiltIn">
<arg>${True}</arg>
<doc>Fails if the given condition is not true.</doc>
<status status="PASS" start="2024-05-25T14:13:21.899403" elapsed="0.000248"/>
</kw>
<arg>${json_data["results"][0]["location"]["coordinates"]["longitude"]} &gt;= -180 and ${json_data["results"][0]["location"]["coordinates"]["longitude"]} &lt;= 180</arg>
<arg>Should Be True</arg>
<arg>${True}</arg>
<doc>Runs the given keyword with the given arguments, if ``condition`` is true.</doc>
<status status="PASS" start="2024-05-25T14:13:21.898700" elapsed="0.001079"/>
</kw>
<status status="PASS" start="2024-05-25T14:13:21.789930" elapsed="0.109980"/>
</kw>
<doc>Testa o conteúdo específico dos campos retornados pela API.</doc>
<tag>testeConteudo</tag>
<status status="PASS" start="2024-05-25T14:13:21.789506" elapsed="0.110547"/>
</test>
<status status="PASS" start="2024-05-25T14:13:21.071731" elapsed="0.830226"/>
</suite>
<status status="PASS" start="2024-05-25T14:13:21.057528" elapsed="0.849531"/>
</suite>
<statistics>
<total>
<stat pass="5" fail="0" skip="0">All Tests</stat>
</total>
<tag>
<stat pass="1" fail="0" skip="0">testeConteudo</stat>
<stat pass="1" fail="0" skip="0">testeEstruturaResposta</stat>
<stat pass="1" fail="0" skip="0">testeRequisicaoBasica</stat>
<stat pass="1" fail="0" skip="0">testeTiposDados</stat>
</tag>
<suite>
<stat pass="5" fail="0" skip="0" id="s1" name="Tests">Tests</stat>
<stat pass="5" fail="0" skip="0" id="s1-s1" name="Random-User-Test">Tests.Random-User-Test</stat>
</suite>
</statistics>
<errors>
</errors>
</robot>
