<?xml version="1.0" encoding="UTF-8"?>
<robot generator="Robot 7.0.1 (Python 3.12.4 on linux)" generated="2024-07-14T21:13:36.961669" rpa="false" schemaversion="5">
<suite id="s1" name="Tests" source="/home/runner/work/ApiRandomUser/ApiRandomUser/RamdonUser/tests">
<suite id="s1-s1" name="Random-User-Test" source="/home/runner/work/ApiRandomUser/ApiRandomUser/RamdonUser/tests/random-user-test.robot">
<test id="s1-s1-t1" name="Conectar" line="13">
<kw name="Conectar API" owner="random-user-service">
<kw name="Create Session" owner="RequestsLibrary">
<msg time="2024-07-14T21:13:37.357685" level="INFO">Creating Session using : alias=consultarAPI, url=https://randomuser.me/, headers={},                     cookies={}, auth=None, timeout=None, proxies=None, verify=False,                     debug=0 </msg>
<arg>consultarAPI</arg>
<arg>${URL}</arg>
<doc>Create Session: create a HTTP session to a server</doc>
<status status="PASS" start="2024-07-14T21:13:37.357477" elapsed="0.000386"/>
</kw>
<status status="PASS" start="2024-07-14T21:13:37.356506" elapsed="0.001713"/>
</kw>
<status status="PASS" start="2024-07-14T21:13:37.355958" elapsed="0.002455"/>
</test>
<test id="s1-s1-t2" name="Validar retorno 200 e JSON Válido" line="16">
<kw name="Teste de Requisicao Basica" owner="random-user-service">
<kw name="GET On Session" owner="RequestsLibrary">
<msg time="2024-07-14T21:13:37.655373" level="INFO">GET Request : url=https://randomuser.me/api 
 path_url=/api 
 headers={'User-Agent': 'python-requests/2.32.3', 'Accept-Encoding': 'gzip, deflate', 'Accept': '*/*', 'Connection': 'keep-alive'} 
 body=None 
 </msg>
<msg time="2024-07-14T21:13:37.655530" level="INFO">GET Response : url=https://randomuser.me/api 
 status=200, reason=OK 
 headers={'Date': 'Sun, 14 Jul 2024 21:13:37 GMT', 'Content-Type': 'application/json; charset=utf-8', 'Transfer-Encoding': 'chunked', 'Connection': 'keep-alive', 'X-Powered-By': 'Express', 'Access-Control-Allow-Origin': '*', 'Cache-Control': 'no-cache', 'ETag': 'W/"496-doc5F3yzXNpSBiAXR3DloKkGFAE"', 'Vary': 'Accept-Encoding', 'Content-Encoding': 'gzip', 'CF-Cache-Status': 'DYNAMIC', 'Report-To': '{"endpoints":[{"url":"https:\\/\\/a.nel.cloudflare.com\\/report\\/v4?s=0%2Fs%2Fes%2BFDPd3jdg64kaASe1zqdsxJNCnSvunGqYbbzYRy7mmA8zSPrOnVgqzDOBa5NjJ5QRgOc0L6mzj9dgZ1ota%2FHVrK%2FqPS6A3VsPUGg9SLsORI0%2BwebSwNaZoqluZ"}],"group":"cf-nel","max_age":604800}', 'NEL': '{"success_fraction":0,"report_to":"cf-nel","max_age":604800}', 'Server': 'cloudflare', 'CF-RAY': '8a348489c9c95752-IAD', 'alt-svc': 'h3=":443"; ma=86400'} 
 body={"results":[{"gender":"female","name":{"title":"Ms","first":"Stefana","last":"Jevremović"},"location":{"street":{"number":4672,"name":"Dušana Manojlovića"},"city":"Ćuprija","state":"Kosovska Mitrovica","country":"Serbia","postcode":41085,"coordinates":{"latitude":"56.6052","longitude":"51.7513"},"timezone":{"offset":"-3:30","description":"Newfoundland"}},"email":"stefana.jevremovic@example.com","login":{"uuid":"c4d47334-5e4c-4ebc-bbc7-02b59a53e930","username":"heavybird252","password":"saratoga","salt":"4sX3TX9U","md5":"2c6669785ef35df51fe10fb6bb070459","sha1":"8ffc5c19152c832b24b140ef584b9835def6759e","sha256":"32a8cf0dfd3d8aff30cf630af7a7db1911f2a1c7a396cb01e4bddb9d20d37619"},"dob":{"date":"1984-09-01T15:44:17.948Z","age":39},"registered":{"date":"2009-05-31T21:03:12.757Z","age":15},"phone":"023-1852-075","cell":"064-9157-476","id":{"name":"SID","value":"729690783"},"picture":{"large":"https://randomuser.me/api/portraits/women/60.jpg","medium":"https://randomuser.me/api/portraits/med/women/60.jpg","thumbnail":"https://randomuser.me/api/portraits/thumb/women/60.jpg"},"nat":"RS"}],"info":{"seed":"523e8a80ed9d78f7","results":1,"page":1,"version":"1.4"}} 
 </msg>
<msg time="2024-07-14T21:13:37.655614" level="INFO">/opt/hostedtoolcache/Python/3.12.4/x64/lib/python3.12/site-packages/urllib3/connectionpool.py:1099: InsecureRequestWarning: Unverified HTTPS request is being made to host 'randomuser.me'. Adding certificate verification is strongly advised. See: https://urllib3.readthedocs.io/en/latest/advanced-usage.html#tls-warnings
  warnings.warn(</msg>
<msg time="2024-07-14T21:13:37.655757" level="INFO">${response} = &lt;Response [200]&gt;</msg>
<var>${response}</var>
<arg>consultarAPI</arg>
<arg>/api</arg>
<doc>Sends a GET request on a previously created HTTP Session.</doc>
<status status="PASS" start="2024-07-14T21:13:37.361043" elapsed="0.294755"/>
</kw>
<kw name="Should Be Equal As Numbers" owner="BuiltIn">
<msg time="2024-07-14T21:13:37.656868" level="INFO">Argument types are:
&lt;class 'int'&gt;
&lt;class 'str'&gt;</msg>
<arg>${response.status_code}</arg>
<arg>200</arg>
<doc>Fails if objects are unequal after converting them to real numbers.</doc>
<status status="PASS" start="2024-07-14T21:13:37.656393" elapsed="0.000539"/>
</kw>
<kw name="Log" owner="BuiltIn">
<msg time="2024-07-14T21:13:37.657592" level="INFO">200</msg>
<arg>${response.status_code}</arg>
<doc>Logs the given message with the given level.</doc>
<status status="PASS" start="2024-07-14T21:13:37.657245" elapsed="0.000390"/>
</kw>
<kw name="Set Variable" owner="BuiltIn">
<msg time="2024-07-14T21:13:37.658373" level="INFO">${json_data} = {'results': [{'gender': 'female', 'name': {'title': 'Ms', 'first': 'Stefana', 'last': 'Jevremović'}, 'location': {'street': {'number': 4672, 'name': 'Dušana Manojlovića'}, 'city': 'Ćuprija', 'state': ...</msg>
<var>${json_data}</var>
<arg>${response.json()}</arg>
<doc>Returns the given values which can then be assigned to a variables.</doc>
<status status="PASS" start="2024-07-14T21:13:37.657933" elapsed="0.000470"/>
</kw>
<kw name="Dictionary Should Contain Key" owner="Collections">
<arg>${json_data}</arg>
<arg>results</arg>
<doc>Fails if ``key`` is not found from ``dictionary``.</doc>
<status status="PASS" start="2024-07-14T21:13:37.658700" elapsed="0.000164"/>
</kw>
<status status="PASS" start="2024-07-14T21:13:37.360797" elapsed="0.298223"/>
</kw>
<doc>Testa se a API responde corretamente e retorna um objeto JSON válido.</doc>
<tag>testeRequisicaoBasica</tag>
<status status="PASS" start="2024-07-14T21:13:37.360347" elapsed="0.298891"/>
</test>
<test id="s1-s1-t3" name="Validar estrutura de resposta" line="22">
<kw name="Teste de Estrutura de Resposta" owner="random-user-service">
<kw name="GET On Session" owner="RequestsLibrary">
<msg time="2024-07-14T21:13:37.709224" level="INFO">GET Request : url=https://randomuser.me/api 
 path_url=/api 
 headers={'User-Agent': 'python-requests/2.32.3', 'Accept-Encoding': 'gzip, deflate', 'Accept': '*/*', 'Connection': 'keep-alive'} 
 body=None 
 </msg>
<msg time="2024-07-14T21:13:37.709313" level="INFO">GET Response : url=https://randomuser.me/api 
 status=200, reason=OK 
 headers={'Date': 'Sun, 14 Jul 2024 21:13:37 GMT', 'Content-Type': 'application/json; charset=utf-8', 'Transfer-Encoding': 'chunked', 'Connection': 'keep-alive', 'X-Powered-By': 'Express', 'Access-Control-Allow-Origin': '*', 'Cache-Control': 'no-cache', 'ETag': 'W/"492-LV5bHmPXMrDqYDuObGWkUxfktqU"', 'Vary': 'Accept-Encoding', 'Content-Encoding': 'gzip', 'CF-Cache-Status': 'DYNAMIC', 'Report-To': '{"endpoints":[{"url":"https:\\/\\/a.nel.cloudflare.com\\/report\\/v4?s=cR38tOFA4VdnPYjGZCgYYyQAG9HMkdEOv0ZtuXUF2D0SbOcjKDl%2B%2F8gEjM6Jr5f1KTgibKqre%2F3nY%2Fl%2FZugdLLImU7VXZHON%2F9MMcA4ymWiSNFNpqcx3f4%2F0DpidUjwZ"}],"group":"cf-nel","max_age":604800}', 'NEL': '{"success_fraction":0,"report_to":"cf-nel","max_age":604800}', 'Server': 'cloudflare', 'CF-RAY': '8a34848a6a425752-IAD', 'alt-svc': 'h3=":443"; ma=86400'} 
 body={"results":[{"gender":"male","name":{"title":"Mr","first":"Renee","last":"Miedema"},"location":{"street":{"number":2366,"name":"Geezenland"},"city":"Dokkum","state":"Gelderland","country":"Netherlands","postcode":"2976 PJ","coordinates":{"latitude":"35.5597","longitude":"-23.7873"},"timezone":{"offset":"+9:00","description":"Tokyo, Seoul, Osaka, Sapporo, Yakutsk"}},"email":"renee.miedema@example.com","login":{"uuid":"b7e39259-8426-4e26-9a2e-991c291d3301","username":"blueswan643","password":"nascar24","salt":"FpiA5iyv","md5":"b82148ad1454d679b8cc27acd25f3220","sha1":"78cf90d2a907a7e3c5f538924cf19c972b5bd693","sha256":"3a13dd0a24ca90ec6f83afafcc6d5b2cd4d10bd694d6bcaa14ccb7dadd3755aa"},"dob":{"date":"1977-04-03T17:32:00.852Z","age":47},"registered":{"date":"2004-08-21T04:23:42.613Z","age":19},"phone":"(0246) 338013","cell":"(06) 74461834","id":{"name":"BSN","value":"51894612"},"picture":{"large":"https://randomuser.me/api/portraits/men/79.jpg","medium":"https://randomuser.me/api/portraits/med/men/79.jpg","thumbnail":"https://randomuser.me/api/portraits/thumb/men/79.jpg"},"nat":"NL"}],"info":{"seed":"fb9f591ca4932600","results":1,"page":1,"version":"1.4"}} 
 </msg>
<msg time="2024-07-14T21:13:37.709438" level="INFO">/opt/hostedtoolcache/Python/3.12.4/x64/lib/python3.12/site-packages/urllib3/connectionpool.py:1099: InsecureRequestWarning: Unverified HTTPS request is being made to host 'randomuser.me'. Adding certificate verification is strongly advised. See: https://urllib3.readthedocs.io/en/latest/advanced-usage.html#tls-warnings
  warnings.warn(</msg>
<msg time="2024-07-14T21:13:37.709564" level="INFO">${response} = &lt;Response [200]&gt;</msg>
<var>${response}</var>
<arg>consultarAPI</arg>
<arg>/api</arg>
<doc>Sends a GET request on a previously created HTTP Session.</doc>
<status status="PASS" start="2024-07-14T21:13:37.662242" elapsed="0.047372"/>
</kw>
<kw name="Set Variable" owner="BuiltIn">
<msg time="2024-07-14T21:13:37.710448" level="INFO">${json_data} = {'results': [{'gender': 'male', 'name': {'title': 'Mr', 'first': 'Renee', 'last': 'Miedema'}, 'location': {'street': {'number': 2366, 'name': 'Geezenland'}, 'city': 'Dokkum', 'state': 'Gelderland', 'c...</msg>
<var>${json_data}</var>
<arg>${response.json()}</arg>
<doc>Returns the given values which can then be assigned to a variables.</doc>
<status status="PASS" start="2024-07-14T21:13:37.710000" elapsed="0.000477"/>
</kw>
<kw name="Log" owner="BuiltIn">
<msg time="2024-07-14T21:13:37.710939" level="INFO">{'results': [{'gender': 'male', 'name': {'title': 'Mr', 'first': 'Renee', 'last': 'Miedema'}, 'location': {'street': {'number': 2366, 'name': 'Geezenland'}, 'city': 'Dokkum', 'state': 'Gelderland', 'country': 'Netherlands', 'postcode': '2976 PJ', 'coordinates': {'latitude': '35.5597', 'longitude': '-23.7873'}, 'timezone': {'offset': '+9:00', 'description': 'Tokyo, Seoul, Osaka, Sapporo, Yakutsk'}}, 'email': 'renee.miedema@example.com', 'login': {'uuid': 'b7e39259-8426-4e26-9a2e-991c291d3301', 'username': 'blueswan643', 'password': 'nascar24', 'salt': 'FpiA5iyv', 'md5': 'b82148ad1454d679b8cc27acd25f3220', 'sha1': '78cf90d2a907a7e3c5f538924cf19c972b5bd693', 'sha256': '3a13dd0a24ca90ec6f83afafcc6d5b2cd4d10bd694d6bcaa14ccb7dadd3755aa'}, 'dob': {'date': '1977-04-03T17:32:00.852Z', 'age': 47}, 'registered': {'date': '2004-08-21T04:23:42.613Z', 'age': 19}, 'phone': '(0246) 338013', 'cell': '(06) 74461834', 'id': {'name': 'BSN', 'value': '51894612'}, 'picture': {'large': 'https://randomuser.me/api/portraits/men/79.jpg', 'medium': 'https://randomuser.me/api/portraits/med/men/79.jpg', 'thumbnail': 'https://randomuser.me/api/portraits/thumb/men/79.jpg'}, 'nat': 'NL'}], 'info': {'seed': 'fb9f591ca4932600', 'results': 1, 'page': 1, 'version': '1.4'}}</msg>
<arg>${json_data}</arg>
<doc>Logs the given message with the given level.</doc>
<status status="PASS" start="2024-07-14T21:13:37.710781" elapsed="0.000207"/>
</kw>
<kw name="Dictionary Should Contain Key" owner="Collections">
<arg>${json_data}</arg>
<arg>results</arg>
<doc>Fails if ``key`` is not found from ``dictionary``.</doc>
<status status="PASS" start="2024-07-14T21:13:37.711318" elapsed="0.000159"/>
</kw>
<kw name="Should Not Be Empty" owner="BuiltIn">
<msg time="2024-07-14T21:13:37.711801" level="INFO">Length is 2.</msg>
<arg>${json_data}</arg>
<doc>Verifies that the given item is not empty.</doc>
<status status="PASS" start="2024-07-14T21:13:37.711674" elapsed="0.000167"/>
</kw>
<kw name="Create List" owner="BuiltIn">
<msg time="2024-07-14T21:13:37.712282" level="INFO">${expected_keys} = ['gender', 'name', 'location', 'email', 'login']</msg>
<var>${expected_keys}</var>
<arg>gender</arg>
<arg>name</arg>
<arg>location</arg>
<arg>email</arg>
<arg>login</arg>
<doc>Returns a list containing given items.</doc>
<status status="PASS" start="2024-07-14T21:13:37.712133" elapsed="0.000173"/>
</kw>
<for flavor="IN">
<iter>
<kw name="Dictionary Should Contain Key" owner="Collections">
<arg>${json_data['results'][0]}</arg>
<arg>${key}</arg>
<doc>Fails if ``key`` is not found from ``dictionary``.</doc>
<status status="PASS" start="2024-07-14T21:13:37.713013" elapsed="0.000401"/>
</kw>
<kw name="Log" owner="BuiltIn">
<msg time="2024-07-14T21:13:37.713971" level="INFO">{'gender': 'male', 'name': {'title': 'Mr', 'first': 'Renee', 'last': 'Miedema'}, 'location': {'street': {'number': 2366, 'name': 'Geezenland'}, 'city': 'Dokkum', 'state': 'Gelderland', 'country': 'Netherlands', 'postcode': '2976 PJ', 'coordinates': {'latitude': '35.5597', 'longitude': '-23.7873'}, 'timezone': {'offset': '+9:00', 'description': 'Tokyo, Seoul, Osaka, Sapporo, Yakutsk'}}, 'email': 'renee.miedema@example.com', 'login': {'uuid': 'b7e39259-8426-4e26-9a2e-991c291d3301', 'username': 'blueswan643', 'password': 'nascar24', 'salt': 'FpiA5iyv', 'md5': 'b82148ad1454d679b8cc27acd25f3220', 'sha1': '78cf90d2a907a7e3c5f538924cf19c972b5bd693', 'sha256': '3a13dd0a24ca90ec6f83afafcc6d5b2cd4d10bd694d6bcaa14ccb7dadd3755aa'}, 'dob': {'date': '1977-04-03T17:32:00.852Z', 'age': 47}, 'registered': {'date': '2004-08-21T04:23:42.613Z', 'age': 19}, 'phone': '(0246) 338013', 'cell': '(06) 74461834', 'id': {'name': 'BSN', 'value': '51894612'}, 'picture': {'large': 'https://randomuser.me/api/portraits/men/79.jpg', 'medium': 'https://randomuser.me/api/portraits/med/men/79.jpg', 'thumbnail': 'https://randomuser.me/api/portraits/thumb/men/79.jpg'}, 'nat': 'NL'}</msg>
<arg>${json_data['results'][0]}</arg>
<doc>Logs the given message with the given level.</doc>
<status status="PASS" start="2024-07-14T21:13:37.713607" elapsed="0.000414"/>
</kw>
<kw name="Log" owner="BuiltIn">
<msg time="2024-07-14T21:13:37.714454" level="INFO">gender</msg>
<arg>${key}</arg>
<doc>Logs the given message with the given level.</doc>
<status status="PASS" start="2024-07-14T21:13:37.714323" elapsed="0.000171"/>
</kw>
<var name="${key}">gender</var>
<status status="PASS" start="2024-07-14T21:13:37.712886" elapsed="0.001826"/>
</iter>
<iter>
<kw name="Dictionary Should Contain Key" owner="Collections">
<arg>${json_data['results'][0]}</arg>
<arg>${key}</arg>
<doc>Fails if ``key`` is not found from ``dictionary``.</doc>
<status status="PASS" start="2024-07-14T21:13:37.715018" elapsed="0.000422"/>
</kw>
<kw name="Log" owner="BuiltIn">
<msg time="2024-07-14T21:13:37.715976" level="INFO">{'gender': 'male', 'name': {'title': 'Mr', 'first': 'Renee', 'last': 'Miedema'}, 'location': {'street': {'number': 2366, 'name': 'Geezenland'}, 'city': 'Dokkum', 'state': 'Gelderland', 'country': 'Netherlands', 'postcode': '2976 PJ', 'coordinates': {'latitude': '35.5597', 'longitude': '-23.7873'}, 'timezone': {'offset': '+9:00', 'description': 'Tokyo, Seoul, Osaka, Sapporo, Yakutsk'}}, 'email': 'renee.miedema@example.com', 'login': {'uuid': 'b7e39259-8426-4e26-9a2e-991c291d3301', 'username': 'blueswan643', 'password': 'nascar24', 'salt': 'FpiA5iyv', 'md5': 'b82148ad1454d679b8cc27acd25f3220', 'sha1': '78cf90d2a907a7e3c5f538924cf19c972b5bd693', 'sha256': '3a13dd0a24ca90ec6f83afafcc6d5b2cd4d10bd694d6bcaa14ccb7dadd3755aa'}, 'dob': {'date': '1977-04-03T17:32:00.852Z', 'age': 47}, 'registered': {'date': '2004-08-21T04:23:42.613Z', 'age': 19}, 'phone': '(0246) 338013', 'cell': '(06) 74461834', 'id': {'name': 'BSN', 'value': '51894612'}, 'picture': {'large': 'https://randomuser.me/api/portraits/men/79.jpg', 'medium': 'https://randomuser.me/api/portraits/med/men/79.jpg', 'thumbnail': 'https://randomuser.me/api/portraits/thumb/men/79.jpg'}, 'nat': 'NL'}</msg>
<arg>${json_data['results'][0]}</arg>
<doc>Logs the given message with the given level.</doc>
<status status="PASS" start="2024-07-14T21:13:37.715624" elapsed="0.000434"/>
</kw>
<kw name="Log" owner="BuiltIn">
<msg time="2024-07-14T21:13:37.716492" level="INFO">name</msg>
<arg>${key}</arg>
<doc>Logs the given message with the given level.</doc>
<status status="PASS" start="2024-07-14T21:13:37.716362" elapsed="0.000168"/>
</kw>
<var name="${key}">name</var>
<status status="PASS" start="2024-07-14T21:13:37.714906" elapsed="0.001842"/>
</iter>
<iter>
<kw name="Dictionary Should Contain Key" owner="Collections">
<arg>${json_data['results'][0]}</arg>
<arg>${key}</arg>
<doc>Fails if ``key`` is not found from ``dictionary``.</doc>
<status status="PASS" start="2024-07-14T21:13:37.717032" elapsed="0.000383"/>
</kw>
<kw name="Log" owner="BuiltIn">
<msg time="2024-07-14T21:13:37.717945" level="INFO">{'gender': 'male', 'name': {'title': 'Mr', 'first': 'Renee', 'last': 'Miedema'}, 'location': {'street': {'number': 2366, 'name': 'Geezenland'}, 'city': 'Dokkum', 'state': 'Gelderland', 'country': 'Netherlands', 'postcode': '2976 PJ', 'coordinates': {'latitude': '35.5597', 'longitude': '-23.7873'}, 'timezone': {'offset': '+9:00', 'description': 'Tokyo, Seoul, Osaka, Sapporo, Yakutsk'}}, 'email': 'renee.miedema@example.com', 'login': {'uuid': 'b7e39259-8426-4e26-9a2e-991c291d3301', 'username': 'blueswan643', 'password': 'nascar24', 'salt': 'FpiA5iyv', 'md5': 'b82148ad1454d679b8cc27acd25f3220', 'sha1': '78cf90d2a907a7e3c5f538924cf19c972b5bd693', 'sha256': '3a13dd0a24ca90ec6f83afafcc6d5b2cd4d10bd694d6bcaa14ccb7dadd3755aa'}, 'dob': {'date': '1977-04-03T17:32:00.852Z', 'age': 47}, 'registered': {'date': '2004-08-21T04:23:42.613Z', 'age': 19}, 'phone': '(0246) 338013', 'cell': '(06) 74461834', 'id': {'name': 'BSN', 'value': '51894612'}, 'picture': {'large': 'https://randomuser.me/api/portraits/men/79.jpg', 'medium': 'https://randomuser.me/api/portraits/med/men/79.jpg', 'thumbnail': 'https://randomuser.me/api/portraits/thumb/men/79.jpg'}, 'nat': 'NL'}</msg>
<arg>${json_data['results'][0]}</arg>
<doc>Logs the given message with the given level.</doc>
<status status="PASS" start="2024-07-14T21:13:37.717596" elapsed="0.000398"/>
</kw>
<kw name="Log" owner="BuiltIn">
<msg time="2024-07-14T21:13:37.718416" level="INFO">location</msg>
<arg>${key}</arg>
<doc>Logs the given message with the given level.</doc>
<status status="PASS" start="2024-07-14T21:13:37.718289" elapsed="0.000165"/>
</kw>
<var name="${key}">location</var>
<status status="PASS" start="2024-07-14T21:13:37.716924" elapsed="0.001746"/>
</iter>
<iter>
<kw name="Dictionary Should Contain Key" owner="Collections">
<arg>${json_data['results'][0]}</arg>
<arg>${key}</arg>
<doc>Fails if ``key`` is not found from ``dictionary``.</doc>
<status status="PASS" start="2024-07-14T21:13:37.718947" elapsed="0.000413"/>
</kw>
<kw name="Log" owner="BuiltIn">
<msg time="2024-07-14T21:13:37.719902" level="INFO">{'gender': 'male', 'name': {'title': 'Mr', 'first': 'Renee', 'last': 'Miedema'}, 'location': {'street': {'number': 2366, 'name': 'Geezenland'}, 'city': 'Dokkum', 'state': 'Gelderland', 'country': 'Netherlands', 'postcode': '2976 PJ', 'coordinates': {'latitude': '35.5597', 'longitude': '-23.7873'}, 'timezone': {'offset': '+9:00', 'description': 'Tokyo, Seoul, Osaka, Sapporo, Yakutsk'}}, 'email': 'renee.miedema@example.com', 'login': {'uuid': 'b7e39259-8426-4e26-9a2e-991c291d3301', 'username': 'blueswan643', 'password': 'nascar24', 'salt': 'FpiA5iyv', 'md5': 'b82148ad1454d679b8cc27acd25f3220', 'sha1': '78cf90d2a907a7e3c5f538924cf19c972b5bd693', 'sha256': '3a13dd0a24ca90ec6f83afafcc6d5b2cd4d10bd694d6bcaa14ccb7dadd3755aa'}, 'dob': {'date': '1977-04-03T17:32:00.852Z', 'age': 47}, 'registered': {'date': '2004-08-21T04:23:42.613Z', 'age': 19}, 'phone': '(0246) 338013', 'cell': '(06) 74461834', 'id': {'name': 'BSN', 'value': '51894612'}, 'picture': {'large': 'https://randomuser.me/api/portraits/men/79.jpg', 'medium': 'https://randomuser.me/api/portraits/med/men/79.jpg', 'thumbnail': 'https://randomuser.me/api/portraits/thumb/men/79.jpg'}, 'nat': 'NL'}</msg>
<arg>${json_data['results'][0]}</arg>
<doc>Logs the given message with the given level.</doc>
<status status="PASS" start="2024-07-14T21:13:37.719552" elapsed="0.000399"/>
</kw>
<kw name="Log" owner="BuiltIn">
<msg time="2024-07-14T21:13:37.720370" level="INFO">email</msg>
<arg>${key}</arg>
<doc>Logs the given message with the given level.</doc>
<status status="PASS" start="2024-07-14T21:13:37.720245" elapsed="0.000164"/>
</kw>
<var name="${key}">email</var>
<status status="PASS" start="2024-07-14T21:13:37.718841" elapsed="0.001780"/>
</iter>
<iter>
<kw name="Dictionary Should Contain Key" owner="Collections">
<arg>${json_data['results'][0]}</arg>
<arg>${key}</arg>
<doc>Fails if ``key`` is not found from ``dictionary``.</doc>
<status status="PASS" start="2024-07-14T21:13:37.720902" elapsed="0.000394"/>
</kw>
<kw name="Log" owner="BuiltIn">
<msg time="2024-07-14T21:13:37.721824" level="INFO">{'gender': 'male', 'name': {'title': 'Mr', 'first': 'Renee', 'last': 'Miedema'}, 'location': {'street': {'number': 2366, 'name': 'Geezenland'}, 'city': 'Dokkum', 'state': 'Gelderland', 'country': 'Netherlands', 'postcode': '2976 PJ', 'coordinates': {'latitude': '35.5597', 'longitude': '-23.7873'}, 'timezone': {'offset': '+9:00', 'description': 'Tokyo, Seoul, Osaka, Sapporo, Yakutsk'}}, 'email': 'renee.miedema@example.com', 'login': {'uuid': 'b7e39259-8426-4e26-9a2e-991c291d3301', 'username': 'blueswan643', 'password': 'nascar24', 'salt': 'FpiA5iyv', 'md5': 'b82148ad1454d679b8cc27acd25f3220', 'sha1': '78cf90d2a907a7e3c5f538924cf19c972b5bd693', 'sha256': '3a13dd0a24ca90ec6f83afafcc6d5b2cd4d10bd694d6bcaa14ccb7dadd3755aa'}, 'dob': {'date': '1977-04-03T17:32:00.852Z', 'age': 47}, 'registered': {'date': '2004-08-21T04:23:42.613Z', 'age': 19}, 'phone': '(0246) 338013', 'cell': '(06) 74461834', 'id': {'name': 'BSN', 'value': '51894612'}, 'picture': {'large': 'https://randomuser.me/api/portraits/men/79.jpg', 'medium': 'https://randomuser.me/api/portraits/med/men/79.jpg', 'thumbnail': 'https://randomuser.me/api/portraits/thumb/men/79.jpg'}, 'nat': 'NL'}</msg>
<arg>${json_data['results'][0]}</arg>
<doc>Logs the given message with the given level.</doc>
<status status="PASS" start="2024-07-14T21:13:37.721476" elapsed="0.000397"/>
</kw>
<kw name="Log" owner="BuiltIn">
<msg time="2024-07-14T21:13:37.722290" level="INFO">login</msg>
<arg>${key}</arg>
<doc>Logs the given message with the given level.</doc>
<status status="PASS" start="2024-07-14T21:13:37.722163" elapsed="0.000181"/>
</kw>
<var name="${key}">login</var>
<status status="PASS" start="2024-07-14T21:13:37.720791" elapsed="0.001777"/>
</iter>
<var>${key}</var>
<value>@{expected_keys}</value>
<status status="PASS" start="2024-07-14T21:13:37.712697" elapsed="0.009992"/>
</for>
<kw name="Create List" owner="BuiltIn">
<msg time="2024-07-14T21:13:37.723008" level="INFO">${expected_keysTwo} = ['username', 'password']</msg>
<var>${expected_keysTwo}</var>
<arg>username</arg>
<arg>password</arg>
<doc>Returns a list containing given items.</doc>
<status status="PASS" start="2024-07-14T21:13:37.722875" elapsed="0.000184"/>
</kw>
<for flavor="IN">
<iter>
<kw name="Dictionary Should Contain Key" owner="Collections">
<arg>${json_data['results'][0]['login']}</arg>
<arg>${keyTwo}</arg>
<doc>Fails if ``key`` is not found from ``dictionary``.</doc>
<status status="PASS" start="2024-07-14T21:13:37.723602" elapsed="0.000392"/>
</kw>
<kw name="Dictionary Should Contain Key" owner="Collections">
<arg>${json_data['results'][0]['login']}</arg>
<arg>${keyTwo}</arg>
<doc>Fails if ``key`` is not found from ``dictionary``.</doc>
<status status="PASS" start="2024-07-14T21:13:37.724174" elapsed="0.000372"/>
</kw>
<kw name="Log" owner="BuiltIn">
<msg time="2024-07-14T21:13:37.724854" level="INFO">username</msg>
<arg>${keyTwo}</arg>
<doc>Logs the given message with the given level.</doc>
<status status="PASS" start="2024-07-14T21:13:37.724728" elapsed="0.000164"/>
</kw>
<var name="${keyTwo}">username</var>
<status status="PASS" start="2024-07-14T21:13:37.723495" elapsed="0.001622"/>
</iter>
<iter>
<kw name="Dictionary Should Contain Key" owner="Collections">
<arg>${json_data['results'][0]['login']}</arg>
<arg>${keyTwo}</arg>
<doc>Fails if ``key`` is not found from ``dictionary``.</doc>
<status status="PASS" start="2024-07-14T21:13:37.725393" elapsed="0.000388"/>
</kw>
<kw name="Dictionary Should Contain Key" owner="Collections">
<arg>${json_data['results'][0]['login']}</arg>
<arg>${keyTwo}</arg>
<doc>Fails if ``key`` is not found from ``dictionary``.</doc>
<status status="PASS" start="2024-07-14T21:13:37.725959" elapsed="0.000369"/>
</kw>
<kw name="Log" owner="BuiltIn">
<msg time="2024-07-14T21:13:37.726623" level="INFO">password</msg>
<arg>${keyTwo}</arg>
<doc>Logs the given message with the given level.</doc>
<status status="PASS" start="2024-07-14T21:13:37.726504" elapsed="0.000161"/>
</kw>
<var name="${keyTwo}">password</var>
<status status="PASS" start="2024-07-14T21:13:37.725288" elapsed="0.001606"/>
</iter>
<var>${keyTwo}</var>
<value>@{expected_keysTwo}</value>
<status status="PASS" start="2024-07-14T21:13:37.723342" elapsed="0.003673"/>
</for>
<status status="PASS" start="2024-07-14T21:13:37.661910" elapsed="0.065268"/>
</kw>
<doc>Testa a estrutura da resposta da API.</doc>
<tag>testeEstruturaResposta</tag>
<status status="PASS" start="2024-07-14T21:13:37.661124" elapsed="0.066216"/>
</test>
<test id="s1-s1-t4" name="Validar tipos de dados" line="28">
<kw name="Teste de Tipos de Dados" owner="random-user-service">
<kw name="GET On Session" owner="RequestsLibrary">
<msg time="2024-07-14T21:13:37.812047" level="INFO">GET Request : url=https://randomuser.me/api 
 path_url=/api 
 headers={'User-Agent': 'python-requests/2.32.3', 'Accept-Encoding': 'gzip, deflate', 'Accept': '*/*', 'Connection': 'keep-alive'} 
 body=None 
 </msg>
<msg time="2024-07-14T21:13:37.812133" level="INFO">GET Response : url=https://randomuser.me/api 
 status=200, reason=OK 
 headers={'Date': 'Sun, 14 Jul 2024 21:13:37 GMT', 'Content-Type': 'application/json; charset=utf-8', 'Transfer-Encoding': 'chunked', 'Connection': 'keep-alive', 'X-Powered-By': 'Express', 'Access-Control-Allow-Origin': '*', 'Cache-Control': 'no-cache', 'ETag': 'W/"49a-+SA0Me06rcSJ5d3U2a+iqCqHS/g"', 'Vary': 'Accept-Encoding', 'Content-Encoding': 'gzip', 'CF-Cache-Status': 'DYNAMIC', 'Report-To': '{"endpoints":[{"url":"https:\\/\\/a.nel.cloudflare.com\\/report\\/v4?s=Ir1KUquupMca2qeCCOfIVxGlTyaw%2B0P0ehaQWF%2FW9F8Dwy1lEVnE9UtrgHMaUumkD3G2dNNoEFmxevVxCBZmGPPpgWuHNlkn%2Freah%2BSXliAjVOa05yDdwMqPkpFEMmT9"}],"group":"cf-nel","max_age":604800}', 'NEL': '{"success_fraction":0,"report_to":"cf-nel","max_age":604800}', 'Server': 'cloudflare', 'CF-RAY': '8a34848ada9f5752-IAD', 'alt-svc': 'h3=":443"; ma=86400'} 
 body={"results":[{"gender":"male","name":{"title":"Mr","first":"Arthur","last":"Lévesque"},"location":{"street":{"number":7519,"name":"Richmond Ave"},"city":"Killarney","state":"Prince Edward Island","country":"Canada","postcode":"K9Z 0Z4","coordinates":{"latitude":"-64.8170","longitude":"-74.1321"},"timezone":{"offset":"-7:00","description":"Mountain Time (US &amp; Canada)"}},"email":"arthur.levesque@example.com","login":{"uuid":"293cc7b9-1c04-42d1-9df7-389d6c147ce8","username":"whiteladybug301","password":"softail","salt":"fVbti2gv","md5":"d9c096d691d570b87546d194e7b37a14","sha1":"3a21912a509227b609f344f803712e8dce0ac050","sha256":"be5a5a1622a3cc837227721fcfddc4f5affc4deeeeaf9971f8b128dda35cbe6c"},"dob":{"date":"1975-01-28T01:39:04.695Z","age":49},"registered":{"date":"2013-09-06T03:46:46.220Z","age":10},"phone":"L71 H48-8508","cell":"B61 Q52-9230","id":{"name":"SIN","value":"227849346"},"picture":{"large":"https://randomuser.me/api/portraits/men/86.jpg","medium":"https://randomuser.me/api/portraits/med/men/86.jpg","thumbnail":"https://randomuser.me/api/portraits/thumb/men/86.jpg"},"nat":"CA"}],"info":{"seed":"5b9149012d35b70f","results":1,"page":1,"version":"1.4"}} 
 </msg>
<msg time="2024-07-14T21:13:37.812235" level="INFO">/opt/hostedtoolcache/Python/3.12.4/x64/lib/python3.12/site-packages/urllib3/connectionpool.py:1099: InsecureRequestWarning: Unverified HTTPS request is being made to host 'randomuser.me'. Adding certificate verification is strongly advised. See: https://urllib3.readthedocs.io/en/latest/advanced-usage.html#tls-warnings
  warnings.warn(</msg>
<msg time="2024-07-14T21:13:37.812354" level="INFO">${response} = &lt;Response [200]&gt;</msg>
<var>${response}</var>
<arg>consultarAPI</arg>
<arg>/api</arg>
<doc>Sends a GET request on a previously created HTTP Session.</doc>
<status status="PASS" start="2024-07-14T21:13:37.729952" elapsed="0.082460"/>
</kw>
<kw name="Set Variable" owner="BuiltIn">
<msg time="2024-07-14T21:13:37.813529" level="INFO">${json_data} = {'results': [{'gender': 'male', 'name': {'title': 'Mr', 'first': 'Arthur', 'last': 'Lévesque'}, 'location': {'street': {'number': 7519, 'name': 'Richmond Ave'}, 'city': 'Killarney', 'state': 'Prince E...</msg>
<var>${json_data}</var>
<arg>${response.json()}</arg>
<doc>Returns the given values which can then be assigned to a variables.</doc>
<status status="PASS" start="2024-07-14T21:13:37.812978" elapsed="0.000581"/>
</kw>
<kw name="Log" owner="BuiltIn">
<msg time="2024-07-14T21:13:37.814027" level="INFO">{'results': [{'gender': 'male', 'name': {'title': 'Mr', 'first': 'Arthur', 'last': 'Lévesque'}, 'location': {'street': {'number': 7519, 'name': 'Richmond Ave'}, 'city': 'Killarney', 'state': 'Prince Edward Island', 'country': 'Canada', 'postcode': 'K9Z 0Z4', 'coordinates': {'latitude': '-64.8170', 'longitude': '-74.1321'}, 'timezone': {'offset': '-7:00', 'description': 'Mountain Time (US &amp; Canada)'}}, 'email': 'arthur.levesque@example.com', 'login': {'uuid': '293cc7b9-1c04-42d1-9df7-389d6c147ce8', 'username': 'whiteladybug301', 'password': 'softail', 'salt': 'fVbti2gv', 'md5': 'd9c096d691d570b87546d194e7b37a14', 'sha1': '3a21912a509227b609f344f803712e8dce0ac050', 'sha256': 'be5a5a1622a3cc837227721fcfddc4f5affc4deeeeaf9971f8b128dda35cbe6c'}, 'dob': {'date': '1975-01-28T01:39:04.695Z', 'age': 49}, 'registered': {'date': '2013-09-06T03:46:46.220Z', 'age': 10}, 'phone': 'L71 H48-8508', 'cell': 'B61 Q52-9230', 'id': {'name': 'SIN', 'value': '227849346'}, 'picture': {'large': 'https://randomuser.me/api/portraits/men/86.jpg', 'medium': 'https://randomuser.me/api/portraits/med/men/86.jpg', 'thumbnail': 'https://randomuser.me/api/portraits/thumb/men/86.jpg'}, 'nat': 'CA'}], 'info': {'seed': '5b9149012d35b70f', 'results': 1, 'page': 1, 'version': '1.4'}}</msg>
<arg>${json_data}</arg>
<doc>Logs the given message with the given level.</doc>
<status status="PASS" start="2024-07-14T21:13:37.813867" elapsed="0.000213"/>
</kw>
<kw name="Should Be String" owner="String">
<arg>${json_data['results'][0]['gender']}</arg>
<doc>Fails if the given ``item`` is not a string.</doc>
<status status="PASS" start="2024-07-14T21:13:37.814371" elapsed="0.000367"/>
</kw>
<kw name="Should Match Regexp" owner="BuiltIn">
<arg>${json_data['results'][0]['email']}</arg>
<arg>^[a-zA-Z0-9._%+-]+@[a-zA-Z0-9.-]+\.[a-zA-Z]{2,}$</arg>
<doc>Fails if ``string`` does not match ``pattern`` as a regular expression.</doc>
<status status="PASS" start="2024-07-14T21:13:37.814924" elapsed="0.000588"/>
</kw>
<kw name="Should Match Regexp" owner="BuiltIn">
<arg>${json_data['results'][0]['dob']['date']}</arg>
<arg>\\d{4}-\\d{2}-\\d{2}T\\d{2}:\\d{2}:\\d{2}\\.\\d{3}Z</arg>
<doc>Fails if ``string`` does not match ``pattern`` as a regular expression.</doc>
<status status="PASS" start="2024-07-14T21:13:37.815713" elapsed="0.000492"/>
</kw>
<kw name="Should Match Regexp" owner="BuiltIn">
<arg>${json_data['results'][0]['registered']['date']}</arg>
<arg>\\d{4}-\\d{2}-\\d{2}T\\d{2}:\\d{2}:\\d{2}\\.\\d{3}Z</arg>
<doc>Fails if ``string`` does not match ``pattern`` as a regular expression.</doc>
<status status="PASS" start="2024-07-14T21:13:37.816392" elapsed="0.000366"/>
</kw>
<kw name="Should Match Regexp" owner="BuiltIn">
<arg>${json_data['results'][0]['picture']['large']}</arg>
<arg>^https?://.*\.(?:png|jpe?g|gif|bmp)$</arg>
<doc>Fails if ``string`` does not match ``pattern`` as a regular expression.</doc>
<status status="PASS" start="2024-07-14T21:13:37.816945" elapsed="0.000474"/>
</kw>
<kw name="Should Match Regexp" owner="BuiltIn">
<arg>${json_data['results'][0]['picture']['medium']}</arg>
<arg>^https?://.*\.(?:png|jpe?g|gif|bmp)$</arg>
<doc>Fails if ``string`` does not match ``pattern`` as a regular expression.</doc>
<status status="PASS" start="2024-07-14T21:13:37.817621" elapsed="0.000352"/>
</kw>
<kw name="Should Match Regexp" owner="BuiltIn">
<arg>${json_data['results'][0]['picture']['thumbnail']}</arg>
<arg>^https?://.*\.(?:png|jpe?g|gif|bmp)$</arg>
<doc>Fails if ``string`` does not match ``pattern`` as a regular expression.</doc>
<status status="PASS" start="2024-07-14T21:13:37.818155" elapsed="0.000355"/>
</kw>
<kw name="Log" owner="BuiltIn">
<msg time="2024-07-14T21:13:37.819031" level="INFO">{'large': 'https://randomuser.me/api/portraits/men/86.jpg', 'medium': 'https://randomuser.me/api/portraits/med/men/86.jpg', 'thumbnail': 'https://randomuser.me/api/portraits/thumb/men/86.jpg'}</msg>
<arg>${json_data['results'][0]['picture']}</arg>
<doc>Logs the given message with the given level.</doc>
<status status="PASS" start="2024-07-14T21:13:37.818694" elapsed="0.000379"/>
</kw>
<status status="PASS" start="2024-07-14T21:13:37.729732" elapsed="0.089627"/>
</kw>
<kw name="Teste de Tipos de Dados - Postcode" owner="random-user-service">
<kw name="GET On Session" owner="RequestsLibrary">
<msg time="2024-07-14T21:13:37.903822" level="INFO">GET Request : url=https://randomuser.me/api 
 path_url=/api 
 headers={'User-Agent': 'python-requests/2.32.3', 'Accept-Encoding': 'gzip, deflate', 'Accept': '*/*', 'Connection': 'keep-alive'} 
 body=None 
 </msg>
<msg time="2024-07-14T21:13:37.903899" level="INFO">GET Response : url=https://randomuser.me/api 
 status=200, reason=OK 
 headers={'Date': 'Sun, 14 Jul 2024 21:13:37 GMT', 'Content-Type': 'application/json; charset=utf-8', 'Transfer-Encoding': 'chunked', 'Connection': 'keep-alive', 'X-Powered-By': 'Express', 'Access-Control-Allow-Origin': '*', 'Cache-Control': 'no-cache', 'ETag': 'W/"475-yWFYgv1DHziDPq98KWVe3eNaV5U"', 'Vary': 'Accept-Encoding', 'Content-Encoding': 'gzip', 'CF-Cache-Status': 'DYNAMIC', 'Report-To': '{"endpoints":[{"url":"https:\\/\\/a.nel.cloudflare.com\\/report\\/v4?s=wWcx6A2qUswrwdNQwFHQ7haHHrwubtPVodgQ2rdCPMUQfWZMjsCYvKvEB%2BJnDuyIt9x5QdQYIubM9BD4xIHStjTNNMZRiU1vW22q90xFOSr2U526rpCCM68oYPccFgUs"}],"group":"cf-nel","max_age":604800}', 'NEL': '{"success_fraction":0,"report_to":"cf-nel","max_age":604800}', 'Server': 'cloudflare', 'CF-RAY': '8a34848b6b265752-IAD', 'alt-svc': 'h3=":443"; ma=86400'} 
 body={"results":[{"gender":"male","name":{"title":"Mr","first":"Mateo","last":"Caraballo"},"location":{"street":{"number":161,"name":"Peatonal Rosales"},"city":"Sauta","state":"Yucatan","country":"Mexico","postcode":36966,"coordinates":{"latitude":"24.7312","longitude":"-71.9896"},"timezone":{"offset":"+4:30","description":"Kabul"}},"email":"mateo.caraballo@example.com","login":{"uuid":"a2a0bdf4-28d9-41c2-943d-3ef82e9816b3","username":"blueswan324","password":"cowboys","salt":"iG1LhUk2","md5":"b54e4fa4e797e24508d9b21b0c2b2190","sha1":"6cab40248b825d788d8909572c61ebdd2c792ab4","sha256":"7c7c775cddf55b99532c535b4b05ca435e2152046fdd1b1a6c13eb55de6d9fde"},"dob":{"date":"1996-04-08T08:10:00.127Z","age":28},"registered":{"date":"2021-03-31T09:49:10.934Z","age":3},"phone":"(618) 551 4721","cell":"(630) 697 6630","id":{"name":"NSS","value":"43 73 23 0928 6"},"picture":{"large":"https://randomuser.me/api/portraits/men/54.jpg","medium":"https://randomuser.me/api/portraits/med/men/54.jpg","thumbnail":"https://randomuser.me/api/portraits/thumb/men/54.jpg"},"nat":"MX"}],"info":{"seed":"5bcac0505751d9f6","results":1,"page":1,"version":"1.4"}} 
 </msg>
<msg time="2024-07-14T21:13:37.903964" level="INFO">/opt/hostedtoolcache/Python/3.12.4/x64/lib/python3.12/site-packages/urllib3/connectionpool.py:1099: InsecureRequestWarning: Unverified HTTPS request is being made to host 'randomuser.me'. Adding certificate verification is strongly advised. See: https://urllib3.readthedocs.io/en/latest/advanced-usage.html#tls-warnings
  warnings.warn(</msg>
<msg time="2024-07-14T21:13:37.904055" level="INFO">${response} = &lt;Response [200]&gt;</msg>
<var>${response}</var>
<arg>consultarAPI</arg>
<arg>/api</arg>
<doc>Sends a GET request on a previously created HTTP Session.</doc>
<status status="PASS" start="2024-07-14T21:13:37.819784" elapsed="0.084312"/>
</kw>
<kw name="Set Variable" owner="BuiltIn">
<msg time="2024-07-14T21:13:37.905092" level="INFO">${json_data} = {'results': [{'gender': 'male', 'name': {'title': 'Mr', 'first': 'Mateo', 'last': 'Caraballo'}, 'location': {'street': {'number': 161, 'name': 'Peatonal Rosales'}, 'city': 'Sauta', 'state': 'Yucatan',...</msg>
<var>${json_data}</var>
<arg>${response.json()}</arg>
<doc>Returns the given values which can then be assigned to a variables.</doc>
<status status="PASS" start="2024-07-14T21:13:37.904535" elapsed="0.000586"/>
</kw>
<kw name="Log" owner="BuiltIn">
<msg time="2024-07-14T21:13:37.905581" level="INFO">{'results': [{'gender': 'male', 'name': {'title': 'Mr', 'first': 'Mateo', 'last': 'Caraballo'}, 'location': {'street': {'number': 161, 'name': 'Peatonal Rosales'}, 'city': 'Sauta', 'state': 'Yucatan', 'country': 'Mexico', 'postcode': 36966, 'coordinates': {'latitude': '24.7312', 'longitude': '-71.9896'}, 'timezone': {'offset': '+4:30', 'description': 'Kabul'}}, 'email': 'mateo.caraballo@example.com', 'login': {'uuid': 'a2a0bdf4-28d9-41c2-943d-3ef82e9816b3', 'username': 'blueswan324', 'password': 'cowboys', 'salt': 'iG1LhUk2', 'md5': 'b54e4fa4e797e24508d9b21b0c2b2190', 'sha1': '6cab40248b825d788d8909572c61ebdd2c792ab4', 'sha256': '7c7c775cddf55b99532c535b4b05ca435e2152046fdd1b1a6c13eb55de6d9fde'}, 'dob': {'date': '1996-04-08T08:10:00.127Z', 'age': 28}, 'registered': {'date': '2021-03-31T09:49:10.934Z', 'age': 3}, 'phone': '(618) 551 4721', 'cell': '(630) 697 6630', 'id': {'name': 'NSS', 'value': '43 73 23 0928 6'}, 'picture': {'large': 'https://randomuser.me/api/portraits/men/54.jpg', 'medium': 'https://randomuser.me/api/portraits/med/men/54.jpg', 'thumbnail': 'https://randomuser.me/api/portraits/thumb/men/54.jpg'}, 'nat': 'MX'}], 'info': {'seed': '5bcac0505751d9f6', 'results': 1, 'page': 1, 'version': '1.4'}}</msg>
<arg>${json_data}</arg>
<doc>Logs the given message with the given level.</doc>
<status status="PASS" start="2024-07-14T21:13:37.905429" elapsed="0.000200"/>
</kw>
<kw name="Should Be Equal As Numbers" owner="BuiltIn">
<arg>${json_data['results'][0]['location']['postcode']}</arg>
<arg>${json_data['results'][0]['location']['postcode']}</arg>
<doc>Fails if objects are unequal after converting them to real numbers.</doc>
<status status="PASS" start="2024-07-14T21:13:37.905917" elapsed="0.000625"/>
</kw>
<kw name="Log" owner="BuiltIn">
<msg time="2024-07-14T21:13:37.907081" level="INFO">36966</msg>
<arg>${json_data['results'][0]['location']['postcode']}</arg>
<doc>Logs the given message with the given level.</doc>
<status status="PASS" start="2024-07-14T21:13:37.906736" elapsed="0.000417"/>
</kw>
<status status="PASS" start="2024-07-14T21:13:37.819567" elapsed="0.087873"/>
</kw>
<doc>Testa se os tipos de dados na resposta da API estão corretos.</doc>
<tag>testeTiposDados</tag>
<status status="PASS" start="2024-07-14T21:13:37.729106" elapsed="0.178498"/>
</test>
<test id="s1-s1-t5" name="Validar conteudo" line="35">
<kw name="Teste de Tipos de Conteudo" owner="random-user-service">
<kw name="GET On Session" owner="RequestsLibrary">
<msg time="2024-07-14T21:13:37.995717" level="INFO">GET Request : url=https://randomuser.me/api 
 path_url=/api 
 headers={'User-Agent': 'python-requests/2.32.3', 'Accept-Encoding': 'gzip, deflate', 'Accept': '*/*', 'Connection': 'keep-alive'} 
 body=None 
 </msg>
<msg time="2024-07-14T21:13:37.995802" level="INFO">GET Response : url=https://randomuser.me/api 
 status=200, reason=OK 
 headers={'Date': 'Sun, 14 Jul 2024 21:13:37 GMT', 'Content-Type': 'application/json; charset=utf-8', 'Transfer-Encoding': 'chunked', 'Connection': 'keep-alive', 'X-Powered-By': 'Express', 'Access-Control-Allow-Origin': '*', 'Cache-Control': 'no-cache', 'ETag': 'W/"48b-oueQFmRIDOOl5JrVc+Hr4bD5D5g"', 'Vary': 'Accept-Encoding', 'Content-Encoding': 'gzip', 'CF-Cache-Status': 'DYNAMIC', 'Report-To': '{"endpoints":[{"url":"https:\\/\\/a.nel.cloudflare.com\\/report\\/v4?s=8yTOQFAbq2gmlFER86vXoFkx7%2FU8ki6KEqKlFwLYsdPG1Jw%2BAmBq8Yyc%2BNr20f6oumxxyExkDW0F6EI5A%2FVHjGfmm%2BPVTmlDTy1PzqnhNVZnogWpphCzvUkcMHSx3tc6"}],"group":"cf-nel","max_age":604800}', 'NEL': '{"success_fraction":0,"report_to":"cf-nel","max_age":604800}', 'Server': 'cloudflare', 'CF-RAY': '8a34848bfba45752-IAD', 'alt-svc': 'h3=":443"; ma=86400'} 
 body={"results":[{"gender":"male","name":{"title":"Mr","first":"P'ier","last":"Golovackiy"},"location":{"street":{"number":6368,"name":"Gayok"},"city":"Krasnoperekopsk","state":"Ivano-Frankivska","country":"Ukraine","postcode":94429,"coordinates":{"latitude":"74.0553","longitude":"-59.9505"},"timezone":{"offset":"-8:00","description":"Pacific Time (US &amp; Canada)"}},"email":"p'ier.golovackiy@example.com","login":{"uuid":"b32a375f-dc04-4bba-b28c-a9b4c1ceb8c4","username":"orangepeacock716","password":"bologna","salt":"2UcqTRN8","md5":"07b691a850e8bfe9ac6237c8cb15594f","sha1":"bdded79394877db91b3c8a8c1c49171cfe5ad45f","sha256":"9d5d4c0f644f134726b4042be67a49f13a3be020347dc0d8ec3e9384965a8094"},"dob":{"date":"1978-01-31T05:48:33.929Z","age":46},"registered":{"date":"2016-03-14T23:55:05.418Z","age":8},"phone":"(098) D89-7582","cell":"(096) H03-7831","id":{"name":"","value":null},"picture":{"large":"https://randomuser.me/api/portraits/men/29.jpg","medium":"https://randomuser.me/api/portraits/med/men/29.jpg","thumbnail":"https://randomuser.me/api/portraits/thumb/men/29.jpg"},"nat":"UA"}],"info":{"seed":"011f15bed17e7ab2","results":1,"page":1,"version":"1.4"}} 
 </msg>
<msg time="2024-07-14T21:13:37.995890" level="INFO">/opt/hostedtoolcache/Python/3.12.4/x64/lib/python3.12/site-packages/urllib3/connectionpool.py:1099: InsecureRequestWarning: Unverified HTTPS request is being made to host 'randomuser.me'. Adding certificate verification is strongly advised. See: https://urllib3.readthedocs.io/en/latest/advanced-usage.html#tls-warnings
  warnings.warn(</msg>
<msg time="2024-07-14T21:13:37.996017" level="INFO">${response} = &lt;Response [200]&gt;</msg>
<var>${response}</var>
<arg>consultarAPI</arg>
<arg>/api</arg>
<doc>Sends a GET request on a previously created HTTP Session.</doc>
<status status="PASS" start="2024-07-14T21:13:37.910243" elapsed="0.085830"/>
</kw>
<kw name="Set Variable" owner="BuiltIn">
<msg time="2024-07-14T21:13:37.997065" level="INFO">${json_data} = {'results': [{'gender': 'male', 'name': {'title': 'Mr', 'first': "P'ier", 'last': 'Golovackiy'}, 'location': {'street': {'number': 6368, 'name': 'Gayok'}, 'city': 'Krasnoperekopsk', 'state': 'Ivano-Fr...</msg>
<var>${json_data}</var>
<arg>${response.json()}</arg>
<doc>Returns the given values which can then be assigned to a variables.</doc>
<status status="PASS" start="2024-07-14T21:13:37.996531" elapsed="0.000562"/>
</kw>
<kw name="Set Variable" owner="BuiltIn">
<msg time="2024-07-14T21:13:37.997766" level="INFO">${name_title} = Mr</msg>
<var>${name_title}</var>
<arg>${json_data["results"][0]["name"]["title"]}</arg>
<doc>Returns the given values which can then be assigned to a variables.</doc>
<status status="PASS" start="2024-07-14T21:13:37.997393" elapsed="0.000398"/>
</kw>
<kw name="Create List" owner="BuiltIn">
<msg time="2024-07-14T21:13:37.998228" level="INFO">${allowed_titles} = ['Mr', 'Ms', 'Miss', 'Mrs', 'Madame', 'Monsieur']</msg>
<var>${allowed_titles}</var>
<arg>Mr</arg>
<arg>Ms</arg>
<arg>Miss</arg>
<arg>Mrs</arg>
<arg>Madame</arg>
<arg>Monsieur</arg>
<doc>Returns a list containing given items.</doc>
<status status="PASS" start="2024-07-14T21:13:37.998079" elapsed="0.000173"/>
</kw>
<kw name="List Should Contain Value" owner="Collections">
<arg>${allowed_titles}</arg>
<arg>${name_title}</arg>
<doc>Fails if the ``value`` is not found from ``list``.</doc>
<status status="PASS" start="2024-07-14T21:13:37.998544" elapsed="0.000170"/>
</kw>
<kw name="Set Variable" owner="BuiltIn">
<msg time="2024-07-14T21:13:37.999291" level="INFO">${name_country} = UA</msg>
<var>${name_country}</var>
<arg>${json_data["results"][0]["nat"]}</arg>
<doc>Returns the given values which can then be assigned to a variables.</doc>
<status status="PASS" start="2024-07-14T21:13:37.998888" elapsed="0.000428"/>
</kw>
<kw name="Create List" owner="BuiltIn">
<msg time="2024-07-14T21:13:38.000220" level="INFO">${list_country} = ['AD', 'AE', 'AF', 'AG', 'AI', 'AL', 'AM', 'AO', 'AQ', 'AR', 'AS', 'AT', 'AU', 'AW', 'AX', 'AZ', 'BA', 'BB', 'BD', 'BE', 'BF', 'BG', 'BH', 'BI', 'BJ', 'BL', 'BM', 'BN', 'BO', 'BQ', 'BR', 'BS', 'BT', '...</msg>
<var>${list_country}</var>
<arg>AD</arg>
<arg>AE</arg>
<arg>AF</arg>
<arg>AG</arg>
<arg>AI</arg>
<arg>AL</arg>
<arg>AM</arg>
<arg>AO</arg>
<arg>AQ</arg>
<arg>AR</arg>
<arg>AS</arg>
<arg>AT</arg>
<arg>AU</arg>
<arg>AW</arg>
<arg>AX</arg>
<arg>AZ</arg>
<arg>BA</arg>
<arg>BB</arg>
<arg>BD</arg>
<arg>BE</arg>
<arg>BF</arg>
<arg>BG</arg>
<arg>BH</arg>
<arg>BI</arg>
<arg>BJ</arg>
<arg>BL</arg>
<arg>BM</arg>
<arg>BN</arg>
<arg>BO</arg>
<arg>BQ</arg>
<arg>BR</arg>
<arg>BS</arg>
<arg>BT</arg>
<arg>BV</arg>
<arg>BW</arg>
<arg>BY</arg>
<arg>BZ</arg>
<arg>CA</arg>
<arg>CC</arg>
<arg>CD</arg>
<arg>CF</arg>
<arg>CG</arg>
<arg>CH</arg>
<arg>CI</arg>
<arg>CK</arg>
<arg>CL</arg>
<arg>CM</arg>
<arg>CN</arg>
<arg>CO</arg>
<arg>CR</arg>
<arg>CU</arg>
<arg>CV</arg>
<arg>CW</arg>
<arg>CX</arg>
<arg>CY</arg>
<arg>CZ</arg>
<arg>DE</arg>
<arg>DJ</arg>
<arg>DK</arg>
<arg>DM</arg>
<arg>DO</arg>
<arg>DZ</arg>
<arg>EC</arg>
<arg>EE</arg>
<arg>EG</arg>
<arg>EH</arg>
<arg>ER</arg>
<arg>ES</arg>
<arg>ET</arg>
<arg>FI</arg>
<arg>FJ</arg>
<arg>FK</arg>
<arg>FM</arg>
<arg>FO</arg>
<arg>FR</arg>
<arg>GA</arg>
<arg>GB</arg>
<arg>GD</arg>
<arg>GE</arg>
<arg>GF</arg>
<arg>GG</arg>
<arg>GH</arg>
<arg>GI</arg>
<arg>GL</arg>
<arg>GM</arg>
<arg>GN</arg>
<arg>GP</arg>
<arg>GQ</arg>
<arg>GR</arg>
<arg>GS</arg>
<arg>GT</arg>
<arg>GU</arg>
<arg>GW</arg>
<arg>GY</arg>
<arg>HK</arg>
<arg>HM</arg>
<arg>HN</arg>
<arg>HR</arg>
<arg>HT</arg>
<arg>HU</arg>
<arg>ID</arg>
<arg>IE</arg>
<arg>IL</arg>
<arg>IM</arg>
<arg>IN</arg>
<arg>IO</arg>
<arg>IQ</arg>
<arg>IR</arg>
<arg>IS</arg>
<arg>IT</arg>
<arg>JE</arg>
<arg>JM</arg>
<arg>JO</arg>
<arg>JP</arg>
<arg>KE</arg>
<arg>KG</arg>
<arg>KH</arg>
<arg>KI</arg>
<arg>KM</arg>
<arg>KN</arg>
<arg>KP</arg>
<arg>KR</arg>
<arg>KW</arg>
<arg>KY</arg>
<arg>KZ</arg>
<arg>LA</arg>
<arg>LB</arg>
<arg>LC</arg>
<arg>LI</arg>
<arg>LK</arg>
<arg>LR</arg>
<arg>LS</arg>
<arg>LT</arg>
<arg>LU</arg>
<arg>LV</arg>
<arg>LY</arg>
<arg>MA</arg>
<arg>MC</arg>
<arg>MD</arg>
<arg>ME</arg>
<arg>MF</arg>
<arg>MG</arg>
<arg>MH</arg>
<arg>MK</arg>
<arg>ML</arg>
<arg>MM</arg>
<arg>MN</arg>
<arg>MO</arg>
<arg>MP</arg>
<arg>MQ</arg>
<arg>MR</arg>
<arg>MS</arg>
<arg>MT</arg>
<arg>MU</arg>
<arg>MV</arg>
<arg>MW</arg>
<arg>MX</arg>
<arg>MY</arg>
<arg>MZ</arg>
<arg>NA</arg>
<arg>NC</arg>
<arg>NE</arg>
<arg>NF</arg>
<arg>NG</arg>
<arg>NI</arg>
<arg>NL</arg>
<arg>NO</arg>
<arg>NP</arg>
<arg>NR</arg>
<arg>NU</arg>
<arg>NZ</arg>
<arg>OM</arg>
<arg>PA</arg>
<arg>PE</arg>
<arg>PF</arg>
<arg>PG</arg>
<arg>PH</arg>
<arg>PK</arg>
<arg>PL</arg>
<arg>PM</arg>
<arg>PN</arg>
<arg>PR</arg>
<arg>PS</arg>
<arg>PT</arg>
<arg>PW</arg>
<arg>PY</arg>
<arg>QA</arg>
<arg>RE</arg>
<arg>RO</arg>
<arg>RS</arg>
<arg>RU</arg>
<arg>RW</arg>
<arg>SA</arg>
<arg>SB</arg>
<arg>SC</arg>
<arg>SD</arg>
<arg>SE</arg>
<arg>SG</arg>
<arg>SH</arg>
<arg>SI</arg>
<arg>SJ</arg>
<arg>SK</arg>
<arg>SL</arg>
<arg>SM</arg>
<arg>SN</arg>
<arg>SO</arg>
<arg>SR</arg>
<arg>SS</arg>
<arg>ST</arg>
<arg>SV</arg>
<arg>SX</arg>
<arg>SY</arg>
<arg>SZ</arg>
<arg>TC</arg>
<arg>TD</arg>
<arg>TF</arg>
<arg>TG</arg>
<arg>TH</arg>
<arg>TJ</arg>
<arg>TK</arg>
<arg>TL</arg>
<arg>TM</arg>
<arg>TN</arg>
<arg>TO</arg>
<arg>TR</arg>
<arg>TT</arg>
<arg>TV</arg>
<arg>TW</arg>
<arg>TZ</arg>
<arg>UA</arg>
<arg>UG</arg>
<arg>UM</arg>
<arg>US</arg>
<arg>UY</arg>
<arg>UZ</arg>
<arg>VA</arg>
<arg>VC</arg>
<arg>VE</arg>
<arg>VG</arg>
<arg>VI</arg>
<arg>VN</arg>
<arg>VU</arg>
<arg>WF</arg>
<arg>WS</arg>
<arg>XK</arg>
<arg>YE</arg>
<arg>YT</arg>
<arg>ZA</arg>
<arg>ZM</arg>
<arg>ZW</arg>
<doc>Returns a list containing given items.</doc>
<status status="PASS" start="2024-07-14T21:13:37.999611" elapsed="0.000635"/>
</kw>
<kw name="List Should Contain Value" owner="Collections">
<arg>${list_country}</arg>
<arg>${name_country}</arg>
<doc>Fails if the ``value`` is not found from ``list``.</doc>
<status status="PASS" start="2024-07-14T21:13:38.001041" elapsed="0.000202"/>
</kw>
<kw name="Run Keyword If" owner="BuiltIn">
<kw name="Should Be True" owner="BuiltIn">
<arg>${True}</arg>
<doc>Fails if the given condition is not true.</doc>
<status status="PASS" start="2024-07-14T21:13:38.002171" elapsed="0.000141"/>
</kw>
<arg>${json_data["results"][0]["location"]["coordinates"]["latitude"]} &gt;= -90 and ${json_data["results"][0]["location"]["coordinates"]["latitude"]} &lt;= 90</arg>
<arg>Should Be True</arg>
<arg>${True}</arg>
<doc>Runs the given keyword with the given arguments, if ``condition`` is true.</doc>
<status status="PASS" start="2024-07-14T21:13:38.001434" elapsed="0.001004"/>
</kw>
<kw name="Run Keyword If" owner="BuiltIn">
<kw name="Should Be True" owner="BuiltIn">
<arg>${True}</arg>
<doc>Fails if the given condition is not true.</doc>
<status status="PASS" start="2024-07-14T21:13:38.003335" elapsed="0.000137"/>
</kw>
<arg>${json_data["results"][0]["location"]["coordinates"]["longitude"]} &gt;= -180 and ${json_data["results"][0]["location"]["coordinates"]["longitude"]} &lt;= 180</arg>
<arg>Should Be True</arg>
<arg>${True}</arg>
<doc>Runs the given keyword with the given arguments, if ``condition`` is true.</doc>
<status status="PASS" start="2024-07-14T21:13:38.002617" elapsed="0.000976"/>
</kw>
<status status="PASS" start="2024-07-14T21:13:37.909890" elapsed="0.093831"/>
</kw>
<doc>Testa o conteúdo específico dos campos retornados pela API.</doc>
<tag>testeConteudo</tag>
<status status="PASS" start="2024-07-14T21:13:37.909383" elapsed="0.094478"/>
</test>
<status status="PASS" start="2024-07-14T21:13:37.019458" elapsed="0.986341"/>
</suite>
<status status="PASS" start="2024-07-14T21:13:37.005172" elapsed="1.005772"/>
</suite>
<statistics>
<total>
<stat pass="5" fail="0" skip="0">All Tests</stat>
</total>
<tag>
<stat pass="1" fail="0" skip="0">testeConteudo</stat>
<stat pass="1" fail="0" skip="0">testeEstruturaResposta</stat>
<stat pass="1" fail="0" skip="0">testeRequisicaoBasica</stat>
<stat pass="1" fail="0" skip="0">testeTiposDados</stat>
</tag>
<suite>
<stat pass="5" fail="0" skip="0" id="s1" name="Tests">Tests</stat>
<stat pass="5" fail="0" skip="0" id="s1-s1" name="Random-User-Test">Tests.Random-User-Test</stat>
</suite>
</statistics>
<errors>
</errors>
</robot>
