<?xml version="1.0" encoding="UTF-8"?>
<robot generator="Robot 7.0.1 (Python 3.12.4 on linux)" generated="2024-06-25T22:13:35.874423" rpa="false" schemaversion="5">
<suite id="s1" name="Tests" source="/home/runner/work/ApiRandomUser/ApiRandomUser/RamdonUser/tests">
<suite id="s1-s1" name="Random-User-Test" source="/home/runner/work/ApiRandomUser/ApiRandomUser/RamdonUser/tests/random-user-test.robot">
<test id="s1-s1-t1" name="Conectar" line="13">
<kw name="Conectar API" owner="random-user-service">
<kw name="Create Session" owner="RequestsLibrary">
<msg time="2024-06-25T22:13:36.287689" level="INFO">Creating Session using : alias=consultarAPI, url=https://randomuser.me/, headers={},                     cookies={}, auth=None, timeout=None, proxies=None, verify=False,                     debug=0 </msg>
<arg>consultarAPI</arg>
<arg>${URL}</arg>
<doc>Create Session: create a HTTP session to a server</doc>
<status status="PASS" start="2024-06-25T22:13:36.287484" elapsed="0.000387"/>
</kw>
<status status="PASS" start="2024-06-25T22:13:36.286505" elapsed="0.001731"/>
</kw>
<status status="PASS" start="2024-06-25T22:13:36.285876" elapsed="0.002550"/>
</test>
<test id="s1-s1-t2" name="Validar retorno 200 e JSON Válido" line="16">
<kw name="Teste de Requisicao Basica" owner="random-user-service">
<kw name="GET On Session" owner="RequestsLibrary">
<msg time="2024-06-25T22:13:36.507622" level="INFO">GET Request : url=https://randomuser.me/api 
 path_url=/api 
 headers={'User-Agent': 'python-requests/2.32.3', 'Accept-Encoding': 'gzip, deflate', 'Accept': '*/*', 'Connection': 'keep-alive'} 
 body=None 
 </msg>
<msg time="2024-06-25T22:13:36.507758" level="INFO">GET Response : url=https://randomuser.me/api 
 status=200, reason=OK 
 headers={'Date': 'Tue, 25 Jun 2024 22:13:36 GMT', 'Content-Type': 'application/json; charset=utf-8', 'Transfer-Encoding': 'chunked', 'Connection': 'keep-alive', 'X-Powered-By': 'Express', 'Access-Control-Allow-Origin': '*', 'Cache-Control': 'no-cache', 'ETag': 'W/"49c-nhQvCcpiLiioQOkb+qYLax2h3/A"', 'Vary': 'Accept-Encoding', 'Content-Encoding': 'gzip', 'CF-Cache-Status': 'DYNAMIC', 'Report-To': '{"endpoints":[{"url":"https:\\/\\/a.nel.cloudflare.com\\/report\\/v4?s=%2FaCIGWzrQU3B1X%2BWVBevNmD%2BJtRLH8NBHA2xYGTGRcQuRFekejCHyhJg8Orrz4Ff1DJucKMNZ7DRwMFpOPRWJ1C7tGHhzye2q%2ByrWO20EtsE7Syxz13SwxfXiOTCkzy%2B"}],"group":"cf-nel","max_age":604800}', 'NEL': '{"success_fraction":0,"report_to":"cf-nel","max_age":604800}', 'Server': 'cloudflare', 'CF-RAY': '89984e46bc283b2f-IAD', 'alt-svc': 'h3=":443"; ma=86400'} 
 body={"results":[{"gender":"male","name":{"title":"Monsieur","first":"Émile","last":"Muller"},"location":{"street":{"number":2047,"name":"Rue Pierre-Delore"},"city":"Nyon","state":"Basel-Landschaft","country":"Switzerland","postcode":7696,"coordinates":{"latitude":"-56.5595","longitude":"-12.0091"},"timezone":{"offset":"-8:00","description":"Pacific Time (US &amp; Canada)"}},"email":"emile.muller@example.com","login":{"uuid":"3b23f922-cffd-49f1-bd28-861db27eae0a","username":"blackleopard565","password":"sugar","salt":"V99ZJ9fp","md5":"4c10a0b8ea705389b014a52490790a1d","sha1":"fc47d5fe5ed1e1c00a892f58440f9598ec0465c4","sha256":"2c3ca81fc9826d6897af80072983ae69477fb9b826ac4833b68cb724433729e0"},"dob":{"date":"1968-06-07T14:51:43.053Z","age":56},"registered":{"date":"2004-07-03T04:56:30.576Z","age":19},"phone":"075 496 90 66","cell":"079 090 30 82","id":{"name":"AVS","value":"756.0582.9568.34"},"picture":{"large":"https://randomuser.me/api/portraits/men/82.jpg","medium":"https://randomuser.me/api/portraits/med/men/82.jpg","thumbnail":"https://randomuser.me/api/portraits/thumb/men/82.jpg"},"nat":"CH"}],"info":{"seed":"076a46128ef3e6bf","results":1,"page":1,"version":"1.4"}} 
 </msg>
<msg time="2024-06-25T22:13:36.507839" level="INFO">/opt/hostedtoolcache/Python/3.12.4/x64/lib/python3.12/site-packages/urllib3/connectionpool.py:1099: InsecureRequestWarning: Unverified HTTPS request is being made to host 'randomuser.me'. Adding certificate verification is strongly advised. See: https://urllib3.readthedocs.io/en/latest/advanced-usage.html#tls-warnings
  warnings.warn(</msg>
<msg time="2024-06-25T22:13:36.507999" level="INFO">${response} = &lt;Response [200]&gt;</msg>
<var>${response}</var>
<arg>consultarAPI</arg>
<arg>/api</arg>
<doc>Sends a GET request on a previously created HTTP Session.</doc>
<status status="PASS" start="2024-06-25T22:13:36.291132" elapsed="0.216909"/>
</kw>
<kw name="Should Be Equal As Numbers" owner="BuiltIn">
<msg time="2024-06-25T22:13:36.508978" level="INFO">Argument types are:
&lt;class 'int'&gt;
&lt;class 'str'&gt;</msg>
<arg>${response.status_code}</arg>
<arg>200</arg>
<doc>Fails if objects are unequal after converting them to real numbers.</doc>
<status status="PASS" start="2024-06-25T22:13:36.508532" elapsed="0.000509"/>
</kw>
<kw name="Log" owner="BuiltIn">
<msg time="2024-06-25T22:13:36.509738" level="INFO">200</msg>
<arg>${response.status_code}</arg>
<doc>Logs the given message with the given level.</doc>
<status status="PASS" start="2024-06-25T22:13:36.509388" elapsed="0.000392"/>
</kw>
<kw name="Set Variable" owner="BuiltIn">
<msg time="2024-06-25T22:13:36.510522" level="INFO">${json_data} = {'results': [{'gender': 'male', 'name': {'title': 'Monsieur', 'first': 'Émile', 'last': 'Muller'}, 'location': {'street': {'number': 2047, 'name': 'Rue Pierre-Delore'}, 'city': 'Nyon', 'state': 'Basel...</msg>
<var>${json_data}</var>
<arg>${response.json()}</arg>
<doc>Returns the given values which can then be assigned to a variables.</doc>
<status status="PASS" start="2024-06-25T22:13:36.510083" elapsed="0.000470"/>
</kw>
<kw name="Dictionary Should Contain Key" owner="Collections">
<arg>${json_data}</arg>
<arg>results</arg>
<doc>Fails if ``key`` is not found from ``dictionary``.</doc>
<status status="PASS" start="2024-06-25T22:13:36.510846" elapsed="0.000163"/>
</kw>
<status status="PASS" start="2024-06-25T22:13:36.290883" elapsed="0.220272"/>
</kw>
<doc>Testa se a API responde corretamente e retorna um objeto JSON válido.</doc>
<tag>testeRequisicaoBasica</tag>
<status status="PASS" start="2024-06-25T22:13:36.290361" elapsed="0.220971"/>
</test>
<test id="s1-s1-t3" name="Validar estrutura de resposta" line="22">
<kw name="Teste de Estrutura de Resposta" owner="random-user-service">
<kw name="GET On Session" owner="RequestsLibrary">
<msg time="2024-06-25T22:13:36.585046" level="INFO">GET Request : url=https://randomuser.me/api 
 path_url=/api 
 headers={'User-Agent': 'python-requests/2.32.3', 'Accept-Encoding': 'gzip, deflate', 'Accept': '*/*', 'Connection': 'keep-alive'} 
 body=None 
 </msg>
<msg time="2024-06-25T22:13:36.585136" level="INFO">GET Response : url=https://randomuser.me/api 
 status=200, reason=OK 
 headers={'Date': 'Tue, 25 Jun 2024 22:13:36 GMT', 'Content-Type': 'application/json; charset=utf-8', 'Transfer-Encoding': 'chunked', 'Connection': 'keep-alive', 'X-Powered-By': 'Express', 'Access-Control-Allow-Origin': '*', 'Cache-Control': 'no-cache', 'ETag': 'W/"48c-HOUx85CqpU5O5iwAfG/II5Gd9LU"', 'Vary': 'Accept-Encoding', 'Content-Encoding': 'gzip', 'CF-Cache-Status': 'DYNAMIC', 'Report-To': '{"endpoints":[{"url":"https:\\/\\/a.nel.cloudflare.com\\/report\\/v4?s=GqULU%2F5WlyNZnCdvLgSGgVLRRfH6P7j0E5u3D1yVViUYLWqQXewEWblzOfpLFo%2F7G0P%2BLgGfMfofTUzvpVbcDWQa0z4eiEJwXafDgHlEEQdsfdF3VES6N6L30eQZxzbe"}],"group":"cf-nel","max_age":604800}', 'NEL': '{"success_fraction":0,"report_to":"cf-nel","max_age":604800}', 'Server': 'cloudflare', 'CF-RAY': '89984e473cc83b2f-IAD', 'alt-svc': 'h3=":443"; ma=86400'} 
 body={"results":[{"gender":"male","name":{"title":"Mr","first":"Vinjar","last":"Fossnes"},"location":{"street":{"number":3189,"name":"Vardøgata"},"city":"Rostadneset","state":"Description","country":"Norway","postcode":"7252","coordinates":{"latitude":"42.1481","longitude":"-31.4531"},"timezone":{"offset":"+9:00","description":"Tokyo, Seoul, Osaka, Sapporo, Yakutsk"}},"email":"vinjar.fossnes@example.com","login":{"uuid":"f3e5ea34-843e-4112-a8f9-68496775d96a","username":"whitemeercat471","password":"kristi","salt":"Hrn6hgjQ","md5":"4610ad811d3bd1dde6668fd44578e78b","sha1":"cc344c7298174f8ce18d06ace77b36adebd34a65","sha256":"7f527c1440c2b60dbd32f961f7c1394c088e6757876dcc4d042d12db8796fc85"},"dob":{"date":"1974-11-23T06:06:58.835Z","age":49},"registered":{"date":"2007-12-09T04:25:25.114Z","age":16},"phone":"54438536","cell":"41579737","id":{"name":"FN","value":"23117420337"},"picture":{"large":"https://randomuser.me/api/portraits/men/60.jpg","medium":"https://randomuser.me/api/portraits/med/men/60.jpg","thumbnail":"https://randomuser.me/api/portraits/thumb/men/60.jpg"},"nat":"NO"}],"info":{"seed":"c1f91768c71c1626","results":1,"page":1,"version":"1.4"}} 
 </msg>
<msg time="2024-06-25T22:13:36.585305" level="INFO">/opt/hostedtoolcache/Python/3.12.4/x64/lib/python3.12/site-packages/urllib3/connectionpool.py:1099: InsecureRequestWarning: Unverified HTTPS request is being made to host 'randomuser.me'. Adding certificate verification is strongly advised. See: https://urllib3.readthedocs.io/en/latest/advanced-usage.html#tls-warnings
  warnings.warn(</msg>
<msg time="2024-06-25T22:13:36.585447" level="INFO">${response} = &lt;Response [200]&gt;</msg>
<var>${response}</var>
<arg>consultarAPI</arg>
<arg>/api</arg>
<doc>Sends a GET request on a previously created HTTP Session.</doc>
<status status="PASS" start="2024-06-25T22:13:36.514264" elapsed="0.071226"/>
</kw>
<kw name="Set Variable" owner="BuiltIn">
<msg time="2024-06-25T22:13:36.586297" level="INFO">${json_data} = {'results': [{'gender': 'male', 'name': {'title': 'Mr', 'first': 'Vinjar', 'last': 'Fossnes'}, 'location': {'street': {'number': 3189, 'name': 'Vardøgata'}, 'city': 'Rostadneset', 'state': 'Descriptio...</msg>
<var>${json_data}</var>
<arg>${response.json()}</arg>
<doc>Returns the given values which can then be assigned to a variables.</doc>
<status status="PASS" start="2024-06-25T22:13:36.585845" elapsed="0.000483"/>
</kw>
<kw name="Log" owner="BuiltIn">
<msg time="2024-06-25T22:13:36.586788" level="INFO">{'results': [{'gender': 'male', 'name': {'title': 'Mr', 'first': 'Vinjar', 'last': 'Fossnes'}, 'location': {'street': {'number': 3189, 'name': 'Vardøgata'}, 'city': 'Rostadneset', 'state': 'Description', 'country': 'Norway', 'postcode': '7252', 'coordinates': {'latitude': '42.1481', 'longitude': '-31.4531'}, 'timezone': {'offset': '+9:00', 'description': 'Tokyo, Seoul, Osaka, Sapporo, Yakutsk'}}, 'email': 'vinjar.fossnes@example.com', 'login': {'uuid': 'f3e5ea34-843e-4112-a8f9-68496775d96a', 'username': 'whitemeercat471', 'password': 'kristi', 'salt': 'Hrn6hgjQ', 'md5': '4610ad811d3bd1dde6668fd44578e78b', 'sha1': 'cc344c7298174f8ce18d06ace77b36adebd34a65', 'sha256': '7f527c1440c2b60dbd32f961f7c1394c088e6757876dcc4d042d12db8796fc85'}, 'dob': {'date': '1974-11-23T06:06:58.835Z', 'age': 49}, 'registered': {'date': '2007-12-09T04:25:25.114Z', 'age': 16}, 'phone': '54438536', 'cell': '41579737', 'id': {'name': 'FN', 'value': '23117420337'}, 'picture': {'large': 'https://randomuser.me/api/portraits/men/60.jpg', 'medium': 'https://randomuser.me/api/portraits/med/men/60.jpg', 'thumbnail': 'https://randomuser.me/api/portraits/thumb/men/60.jpg'}, 'nat': 'NO'}], 'info': {'seed': 'c1f91768c71c1626', 'results': 1, 'page': 1, 'version': '1.4'}}</msg>
<arg>${json_data}</arg>
<doc>Logs the given message with the given level.</doc>
<status status="PASS" start="2024-06-25T22:13:36.586631" elapsed="0.000205"/>
</kw>
<kw name="Dictionary Should Contain Key" owner="Collections">
<arg>${json_data}</arg>
<arg>results</arg>
<doc>Fails if ``key`` is not found from ``dictionary``.</doc>
<status status="PASS" start="2024-06-25T22:13:36.587122" elapsed="0.000154"/>
</kw>
<kw name="Should Not Be Empty" owner="BuiltIn">
<msg time="2024-06-25T22:13:36.587574" level="INFO">Length is 2.</msg>
<arg>${json_data}</arg>
<doc>Verifies that the given item is not empty.</doc>
<status status="PASS" start="2024-06-25T22:13:36.587453" elapsed="0.000170"/>
</kw>
<kw name="Create List" owner="BuiltIn">
<msg time="2024-06-25T22:13:36.588206" level="INFO">${expected_keys} = ['gender', 'name', 'location', 'email', 'login']</msg>
<var>${expected_keys}</var>
<arg>gender</arg>
<arg>name</arg>
<arg>location</arg>
<arg>email</arg>
<arg>login</arg>
<doc>Returns a list containing given items.</doc>
<status status="PASS" start="2024-06-25T22:13:36.587928" elapsed="0.000302"/>
</kw>
<for flavor="IN">
<iter>
<kw name="Dictionary Should Contain Key" owner="Collections">
<arg>${json_data['results'][0]}</arg>
<arg>${key}</arg>
<doc>Fails if ``key`` is not found from ``dictionary``.</doc>
<status status="PASS" start="2024-06-25T22:13:36.588795" elapsed="0.000426"/>
</kw>
<kw name="Log" owner="BuiltIn">
<msg time="2024-06-25T22:13:36.589777" level="INFO">{'gender': 'male', 'name': {'title': 'Mr', 'first': 'Vinjar', 'last': 'Fossnes'}, 'location': {'street': {'number': 3189, 'name': 'Vardøgata'}, 'city': 'Rostadneset', 'state': 'Description', 'country': 'Norway', 'postcode': '7252', 'coordinates': {'latitude': '42.1481', 'longitude': '-31.4531'}, 'timezone': {'offset': '+9:00', 'description': 'Tokyo, Seoul, Osaka, Sapporo, Yakutsk'}}, 'email': 'vinjar.fossnes@example.com', 'login': {'uuid': 'f3e5ea34-843e-4112-a8f9-68496775d96a', 'username': 'whitemeercat471', 'password': 'kristi', 'salt': 'Hrn6hgjQ', 'md5': '4610ad811d3bd1dde6668fd44578e78b', 'sha1': 'cc344c7298174f8ce18d06ace77b36adebd34a65', 'sha256': '7f527c1440c2b60dbd32f961f7c1394c088e6757876dcc4d042d12db8796fc85'}, 'dob': {'date': '1974-11-23T06:06:58.835Z', 'age': 49}, 'registered': {'date': '2007-12-09T04:25:25.114Z', 'age': 16}, 'phone': '54438536', 'cell': '41579737', 'id': {'name': 'FN', 'value': '23117420337'}, 'picture': {'large': 'https://randomuser.me/api/portraits/men/60.jpg', 'medium': 'https://randomuser.me/api/portraits/med/men/60.jpg', 'thumbnail': 'https://randomuser.me/api/portraits/thumb/men/60.jpg'}, 'nat': 'NO'}</msg>
<arg>${json_data['results'][0]}</arg>
<doc>Logs the given message with the given level.</doc>
<status status="PASS" start="2024-06-25T22:13:36.589415" elapsed="0.000410"/>
</kw>
<kw name="Log" owner="BuiltIn">
<msg time="2024-06-25T22:13:36.590249" level="INFO">gender</msg>
<arg>${key}</arg>
<doc>Logs the given message with the given level.</doc>
<status status="PASS" start="2024-06-25T22:13:36.590121" elapsed="0.000166"/>
</kw>
<var name="${key}">gender</var>
<status status="PASS" start="2024-06-25T22:13:36.588674" elapsed="0.001835"/>
</iter>
<iter>
<kw name="Dictionary Should Contain Key" owner="Collections">
<arg>${json_data['results'][0]}</arg>
<arg>${key}</arg>
<doc>Fails if ``key`` is not found from ``dictionary``.</doc>
<status status="PASS" start="2024-06-25T22:13:36.590800" elapsed="0.000399"/>
</kw>
<kw name="Log" owner="BuiltIn">
<msg time="2024-06-25T22:13:36.591724" level="INFO">{'gender': 'male', 'name': {'title': 'Mr', 'first': 'Vinjar', 'last': 'Fossnes'}, 'location': {'street': {'number': 3189, 'name': 'Vardøgata'}, 'city': 'Rostadneset', 'state': 'Description', 'country': 'Norway', 'postcode': '7252', 'coordinates': {'latitude': '42.1481', 'longitude': '-31.4531'}, 'timezone': {'offset': '+9:00', 'description': 'Tokyo, Seoul, Osaka, Sapporo, Yakutsk'}}, 'email': 'vinjar.fossnes@example.com', 'login': {'uuid': 'f3e5ea34-843e-4112-a8f9-68496775d96a', 'username': 'whitemeercat471', 'password': 'kristi', 'salt': 'Hrn6hgjQ', 'md5': '4610ad811d3bd1dde6668fd44578e78b', 'sha1': 'cc344c7298174f8ce18d06ace77b36adebd34a65', 'sha256': '7f527c1440c2b60dbd32f961f7c1394c088e6757876dcc4d042d12db8796fc85'}, 'dob': {'date': '1974-11-23T06:06:58.835Z', 'age': 49}, 'registered': {'date': '2007-12-09T04:25:25.114Z', 'age': 16}, 'phone': '54438536', 'cell': '41579737', 'id': {'name': 'FN', 'value': '23117420337'}, 'picture': {'large': 'https://randomuser.me/api/portraits/men/60.jpg', 'medium': 'https://randomuser.me/api/portraits/med/men/60.jpg', 'thumbnail': 'https://randomuser.me/api/portraits/thumb/men/60.jpg'}, 'nat': 'NO'}</msg>
<arg>${json_data['results'][0]}</arg>
<doc>Logs the given message with the given level.</doc>
<status status="PASS" start="2024-06-25T22:13:36.591378" elapsed="0.000436"/>
</kw>
<kw name="Log" owner="BuiltIn">
<msg time="2024-06-25T22:13:36.592239" level="INFO">name</msg>
<arg>${key}</arg>
<doc>Logs the given message with the given level.</doc>
<status status="PASS" start="2024-06-25T22:13:36.592111" elapsed="0.000165"/>
</kw>
<var name="${key}">name</var>
<status status="PASS" start="2024-06-25T22:13:36.590689" elapsed="0.001802"/>
</iter>
<iter>
<kw name="Dictionary Should Contain Key" owner="Collections">
<arg>${json_data['results'][0]}</arg>
<arg>${key}</arg>
<doc>Fails if ``key`` is not found from ``dictionary``.</doc>
<status status="PASS" start="2024-06-25T22:13:36.592771" elapsed="0.000403"/>
</kw>
<kw name="Log" owner="BuiltIn">
<msg time="2024-06-25T22:13:36.593735" level="INFO">{'gender': 'male', 'name': {'title': 'Mr', 'first': 'Vinjar', 'last': 'Fossnes'}, 'location': {'street': {'number': 3189, 'name': 'Vardøgata'}, 'city': 'Rostadneset', 'state': 'Description', 'country': 'Norway', 'postcode': '7252', 'coordinates': {'latitude': '42.1481', 'longitude': '-31.4531'}, 'timezone': {'offset': '+9:00', 'description': 'Tokyo, Seoul, Osaka, Sapporo, Yakutsk'}}, 'email': 'vinjar.fossnes@example.com', 'login': {'uuid': 'f3e5ea34-843e-4112-a8f9-68496775d96a', 'username': 'whitemeercat471', 'password': 'kristi', 'salt': 'Hrn6hgjQ', 'md5': '4610ad811d3bd1dde6668fd44578e78b', 'sha1': 'cc344c7298174f8ce18d06ace77b36adebd34a65', 'sha256': '7f527c1440c2b60dbd32f961f7c1394c088e6757876dcc4d042d12db8796fc85'}, 'dob': {'date': '1974-11-23T06:06:58.835Z', 'age': 49}, 'registered': {'date': '2007-12-09T04:25:25.114Z', 'age': 16}, 'phone': '54438536', 'cell': '41579737', 'id': {'name': 'FN', 'value': '23117420337'}, 'picture': {'large': 'https://randomuser.me/api/portraits/men/60.jpg', 'medium': 'https://randomuser.me/api/portraits/med/men/60.jpg', 'thumbnail': 'https://randomuser.me/api/portraits/thumb/men/60.jpg'}, 'nat': 'NO'}</msg>
<arg>${json_data['results'][0]}</arg>
<doc>Logs the given message with the given level.</doc>
<status status="PASS" start="2024-06-25T22:13:36.593381" elapsed="0.000404"/>
</kw>
<kw name="Log" owner="BuiltIn">
<msg time="2024-06-25T22:13:36.594211" level="INFO">location</msg>
<arg>${key}</arg>
<doc>Logs the given message with the given level.</doc>
<status status="PASS" start="2024-06-25T22:13:36.594084" elapsed="0.000164"/>
</kw>
<var name="${key}">location</var>
<status status="PASS" start="2024-06-25T22:13:36.592664" elapsed="0.001798"/>
</iter>
<iter>
<kw name="Dictionary Should Contain Key" owner="Collections">
<arg>${json_data['results'][0]}</arg>
<arg>${key}</arg>
<doc>Fails if ``key`` is not found from ``dictionary``.</doc>
<status status="PASS" start="2024-06-25T22:13:36.594735" elapsed="0.000379"/>
</kw>
<kw name="Log" owner="BuiltIn">
<msg time="2024-06-25T22:13:36.595651" level="INFO">{'gender': 'male', 'name': {'title': 'Mr', 'first': 'Vinjar', 'last': 'Fossnes'}, 'location': {'street': {'number': 3189, 'name': 'Vardøgata'}, 'city': 'Rostadneset', 'state': 'Description', 'country': 'Norway', 'postcode': '7252', 'coordinates': {'latitude': '42.1481', 'longitude': '-31.4531'}, 'timezone': {'offset': '+9:00', 'description': 'Tokyo, Seoul, Osaka, Sapporo, Yakutsk'}}, 'email': 'vinjar.fossnes@example.com', 'login': {'uuid': 'f3e5ea34-843e-4112-a8f9-68496775d96a', 'username': 'whitemeercat471', 'password': 'kristi', 'salt': 'Hrn6hgjQ', 'md5': '4610ad811d3bd1dde6668fd44578e78b', 'sha1': 'cc344c7298174f8ce18d06ace77b36adebd34a65', 'sha256': '7f527c1440c2b60dbd32f961f7c1394c088e6757876dcc4d042d12db8796fc85'}, 'dob': {'date': '1974-11-23T06:06:58.835Z', 'age': 49}, 'registered': {'date': '2007-12-09T04:25:25.114Z', 'age': 16}, 'phone': '54438536', 'cell': '41579737', 'id': {'name': 'FN', 'value': '23117420337'}, 'picture': {'large': 'https://randomuser.me/api/portraits/men/60.jpg', 'medium': 'https://randomuser.me/api/portraits/med/men/60.jpg', 'thumbnail': 'https://randomuser.me/api/portraits/thumb/men/60.jpg'}, 'nat': 'NO'}</msg>
<arg>${json_data['results'][0]}</arg>
<doc>Logs the given message with the given level.</doc>
<status status="PASS" start="2024-06-25T22:13:36.595298" elapsed="0.000402"/>
</kw>
<kw name="Log" owner="BuiltIn">
<msg time="2024-06-25T22:13:36.596114" level="INFO">email</msg>
<arg>${key}</arg>
<doc>Logs the given message with the given level.</doc>
<status status="PASS" start="2024-06-25T22:13:36.595990" elapsed="0.000161"/>
</kw>
<var name="${key}">email</var>
<status status="PASS" start="2024-06-25T22:13:36.594630" elapsed="0.001734"/>
</iter>
<iter>
<kw name="Dictionary Should Contain Key" owner="Collections">
<arg>${json_data['results'][0]}</arg>
<arg>${key}</arg>
<doc>Fails if ``key`` is not found from ``dictionary``.</doc>
<status status="PASS" start="2024-06-25T22:13:36.596639" elapsed="0.000391"/>
</kw>
<kw name="Log" owner="BuiltIn">
<msg time="2024-06-25T22:13:36.597623" level="INFO">{'gender': 'male', 'name': {'title': 'Mr', 'first': 'Vinjar', 'last': 'Fossnes'}, 'location': {'street': {'number': 3189, 'name': 'Vardøgata'}, 'city': 'Rostadneset', 'state': 'Description', 'country': 'Norway', 'postcode': '7252', 'coordinates': {'latitude': '42.1481', 'longitude': '-31.4531'}, 'timezone': {'offset': '+9:00', 'description': 'Tokyo, Seoul, Osaka, Sapporo, Yakutsk'}}, 'email': 'vinjar.fossnes@example.com', 'login': {'uuid': 'f3e5ea34-843e-4112-a8f9-68496775d96a', 'username': 'whitemeercat471', 'password': 'kristi', 'salt': 'Hrn6hgjQ', 'md5': '4610ad811d3bd1dde6668fd44578e78b', 'sha1': 'cc344c7298174f8ce18d06ace77b36adebd34a65', 'sha256': '7f527c1440c2b60dbd32f961f7c1394c088e6757876dcc4d042d12db8796fc85'}, 'dob': {'date': '1974-11-23T06:06:58.835Z', 'age': 49}, 'registered': {'date': '2007-12-09T04:25:25.114Z', 'age': 16}, 'phone': '54438536', 'cell': '41579737', 'id': {'name': 'FN', 'value': '23117420337'}, 'picture': {'large': 'https://randomuser.me/api/portraits/men/60.jpg', 'medium': 'https://randomuser.me/api/portraits/med/men/60.jpg', 'thumbnail': 'https://randomuser.me/api/portraits/thumb/men/60.jpg'}, 'nat': 'NO'}</msg>
<arg>${json_data['results'][0]}</arg>
<doc>Logs the given message with the given level.</doc>
<status status="PASS" start="2024-06-25T22:13:36.597252" elapsed="0.000430"/>
</kw>
<kw name="Log" owner="BuiltIn">
<msg time="2024-06-25T22:13:36.598121" level="INFO">login</msg>
<arg>${key}</arg>
<doc>Logs the given message with the given level.</doc>
<status status="PASS" start="2024-06-25T22:13:36.597976" elapsed="0.000185"/>
</kw>
<var name="${key}">login</var>
<status status="PASS" start="2024-06-25T22:13:36.596532" elapsed="0.001845"/>
</iter>
<var>${key}</var>
<value>@{expected_keys}</value>
<status status="PASS" start="2024-06-25T22:13:36.588485" elapsed="0.010013"/>
</for>
<kw name="Create List" owner="BuiltIn">
<msg time="2024-06-25T22:13:36.598817" level="INFO">${expected_keysTwo} = ['username', 'password']</msg>
<var>${expected_keysTwo}</var>
<arg>username</arg>
<arg>password</arg>
<doc>Returns a list containing given items.</doc>
<status status="PASS" start="2024-06-25T22:13:36.598684" elapsed="0.000185"/>
</kw>
<for flavor="IN">
<iter>
<kw name="Dictionary Should Contain Key" owner="Collections">
<arg>${json_data['results'][0]['login']}</arg>
<arg>${keyTwo}</arg>
<doc>Fails if ``key`` is not found from ``dictionary``.</doc>
<status status="PASS" start="2024-06-25T22:13:36.599374" elapsed="0.000381"/>
</kw>
<kw name="Dictionary Should Contain Key" owner="Collections">
<arg>${json_data['results'][0]['login']}</arg>
<arg>${keyTwo}</arg>
<doc>Fails if ``key`` is not found from ``dictionary``.</doc>
<status status="PASS" start="2024-06-25T22:13:36.599932" elapsed="0.000369"/>
</kw>
<kw name="Log" owner="BuiltIn">
<msg time="2024-06-25T22:13:36.600594" level="INFO">username</msg>
<arg>${keyTwo}</arg>
<doc>Logs the given message with the given level.</doc>
<status status="PASS" start="2024-06-25T22:13:36.600476" elapsed="0.000154"/>
</kw>
<var name="${keyTwo}">username</var>
<status status="PASS" start="2024-06-25T22:13:36.599268" elapsed="0.001589"/>
</iter>
<iter>
<kw name="Dictionary Should Contain Key" owner="Collections">
<arg>${json_data['results'][0]['login']}</arg>
<arg>${keyTwo}</arg>
<doc>Fails if ``key`` is not found from ``dictionary``.</doc>
<status status="PASS" start="2024-06-25T22:13:36.601144" elapsed="0.000428"/>
</kw>
<kw name="Dictionary Should Contain Key" owner="Collections">
<arg>${json_data['results'][0]['login']}</arg>
<arg>${keyTwo}</arg>
<doc>Fails if ``key`` is not found from ``dictionary``.</doc>
<status status="PASS" start="2024-06-25T22:13:36.601750" elapsed="0.000363"/>
</kw>
<kw name="Log" owner="BuiltIn">
<msg time="2024-06-25T22:13:36.602407" level="INFO">password</msg>
<arg>${keyTwo}</arg>
<doc>Logs the given message with the given level.</doc>
<status status="PASS" start="2024-06-25T22:13:36.602288" elapsed="0.000155"/>
</kw>
<var name="${keyTwo}">password</var>
<status status="PASS" start="2024-06-25T22:13:36.601026" elapsed="0.001727"/>
</iter>
<var>${keyTwo}</var>
<value>@{expected_keysTwo}</value>
<status status="PASS" start="2024-06-25T22:13:36.599113" elapsed="0.003761"/>
</for>
<status status="PASS" start="2024-06-25T22:13:36.513927" elapsed="0.089081"/>
</kw>
<doc>Testa a estrutura da resposta da API.</doc>
<tag>testeEstruturaResposta</tag>
<status status="PASS" start="2024-06-25T22:13:36.513137" elapsed="0.090015"/>
</test>
<test id="s1-s1-t4" name="Validar tipos de dados" line="28">
<kw name="Teste de Tipos de Dados" owner="random-user-service">
<kw name="GET On Session" owner="RequestsLibrary">
<msg time="2024-06-25T22:13:36.676654" level="INFO">GET Request : url=https://randomuser.me/api 
 path_url=/api 
 headers={'User-Agent': 'python-requests/2.32.3', 'Accept-Encoding': 'gzip, deflate', 'Accept': '*/*', 'Connection': 'keep-alive'} 
 body=None 
 </msg>
<msg time="2024-06-25T22:13:36.676736" level="INFO">GET Response : url=https://randomuser.me/api 
 status=200, reason=OK 
 headers={'Date': 'Tue, 25 Jun 2024 22:13:36 GMT', 'Content-Type': 'application/json; charset=utf-8', 'Transfer-Encoding': 'chunked', 'Connection': 'keep-alive', 'X-Powered-By': 'Express', 'Access-Control-Allow-Origin': '*', 'Cache-Control': 'no-cache', 'ETag': 'W/"49e-D+DxYTpHk7yeFf+famah9f7lgCE"', 'Vary': 'Accept-Encoding', 'Content-Encoding': 'gzip', 'CF-Cache-Status': 'DYNAMIC', 'Report-To': '{"endpoints":[{"url":"https:\\/\\/a.nel.cloudflare.com\\/report\\/v4?s=0rgS%2B8mxB4vWsik7oSKiYBiXLVNbrlWeB6Gq%2Bbfd9llks2xY99%2FX0L3gkfdmDK9X9rBYHRN9HLXqEn0xOWDsRth9jmmQPHuewRYLQl1wC9dmPjxwLxRVGm0BdD4r9eRe"}],"group":"cf-nel","max_age":604800}', 'NEL': '{"success_fraction":0,"report_to":"cf-nel","max_age":604800}', 'Server': 'cloudflare', 'CF-RAY': '89984e47cd7e3b2f-IAD', 'alt-svc': 'h3=":443"; ma=86400'} 
 body={"results":[{"gender":"female","name":{"title":"Ms","first":"Filikitata","last":"Simovich"},"location":{"street":{"number":2076,"name":"Maydan Magdeburzkogo prava"},"city":"Noviy Rozdil","state":"Zakarpatska","country":"Ukraine","postcode":14895,"coordinates":{"latitude":"75.9019","longitude":"126.9856"},"timezone":{"offset":"-11:00","description":"Midway Island, Samoa"}},"email":"filikitata.simovich@example.com","login":{"uuid":"ece03894-0102-4971-9dbe-7c841babe2da","username":"whiteladybug805","password":"polaris","salt":"fdjMEf23","md5":"caf91fc1ea5056bc9ae13699db7994ef","sha1":"a100d9996a7c2b93a80a039c4c26116865f27c2b","sha256":"776b53c9d6e2a19d26d65dd68147eac965baea43ef7b901d3385884d49188214"},"dob":{"date":"1974-04-28T12:34:48.101Z","age":50},"registered":{"date":"2007-10-18T14:33:20.959Z","age":16},"phone":"(097) Q78-1864","cell":"(066) F15-3059","id":{"name":"","value":null},"picture":{"large":"https://randomuser.me/api/portraits/women/7.jpg","medium":"https://randomuser.me/api/portraits/med/women/7.jpg","thumbnail":"https://randomuser.me/api/portraits/thumb/women/7.jpg"},"nat":"UA"}],"info":{"seed":"f29c0471d9f1aae9","results":1,"page":1,"version":"1.4"}} 
 </msg>
<msg time="2024-06-25T22:13:36.676794" level="INFO">/opt/hostedtoolcache/Python/3.12.4/x64/lib/python3.12/site-packages/urllib3/connectionpool.py:1099: InsecureRequestWarning: Unverified HTTPS request is being made to host 'randomuser.me'. Adding certificate verification is strongly advised. See: https://urllib3.readthedocs.io/en/latest/advanced-usage.html#tls-warnings
  warnings.warn(</msg>
<msg time="2024-06-25T22:13:36.676905" level="INFO">${response} = &lt;Response [200]&gt;</msg>
<var>${response}</var>
<arg>consultarAPI</arg>
<arg>/api</arg>
<doc>Sends a GET request on a previously created HTTP Session.</doc>
<status status="PASS" start="2024-06-25T22:13:36.605566" elapsed="0.071382"/>
</kw>
<kw name="Set Variable" owner="BuiltIn">
<msg time="2024-06-25T22:13:36.677845" level="INFO">${json_data} = {'results': [{'gender': 'female', 'name': {'title': 'Ms', 'first': 'Filikitata', 'last': 'Simovich'}, 'location': {'street': {'number': 2076, 'name': 'Maydan Magdeburzkogo prava'}, 'city': 'Noviy Rozd...</msg>
<var>${json_data}</var>
<arg>${response.json()}</arg>
<doc>Returns the given values which can then be assigned to a variables.</doc>
<status status="PASS" start="2024-06-25T22:13:36.677370" elapsed="0.000503"/>
</kw>
<kw name="Log" owner="BuiltIn">
<msg time="2024-06-25T22:13:36.678349" level="INFO">{'results': [{'gender': 'female', 'name': {'title': 'Ms', 'first': 'Filikitata', 'last': 'Simovich'}, 'location': {'street': {'number': 2076, 'name': 'Maydan Magdeburzkogo prava'}, 'city': 'Noviy Rozdil', 'state': 'Zakarpatska', 'country': 'Ukraine', 'postcode': 14895, 'coordinates': {'latitude': '75.9019', 'longitude': '126.9856'}, 'timezone': {'offset': '-11:00', 'description': 'Midway Island, Samoa'}}, 'email': 'filikitata.simovich@example.com', 'login': {'uuid': 'ece03894-0102-4971-9dbe-7c841babe2da', 'username': 'whiteladybug805', 'password': 'polaris', 'salt': 'fdjMEf23', 'md5': 'caf91fc1ea5056bc9ae13699db7994ef', 'sha1': 'a100d9996a7c2b93a80a039c4c26116865f27c2b', 'sha256': '776b53c9d6e2a19d26d65dd68147eac965baea43ef7b901d3385884d49188214'}, 'dob': {'date': '1974-04-28T12:34:48.101Z', 'age': 50}, 'registered': {'date': '2007-10-18T14:33:20.959Z', 'age': 16}, 'phone': '(097) Q78-1864', 'cell': '(066) F15-3059', 'id': {'name': '', 'value': None}, 'picture': {'large': 'https://randomuser.me/api/portraits/women/7.jpg', 'medium': 'https://randomuser.me/api/portraits/med/women/7.jpg', 'thumbnail': 'https://randomuser.me/api/portraits/thumb/women/7.jpg'}, 'nat': 'UA'}], 'info': {'seed': 'f29c0471d9f1aae9', 'results': 1, 'page': 1, 'version': '1.4'}}</msg>
<arg>${json_data}</arg>
<doc>Logs the given message with the given level.</doc>
<status status="PASS" start="2024-06-25T22:13:36.678195" elapsed="0.000202"/>
</kw>
<kw name="Should Be String" owner="String">
<arg>${json_data['results'][0]['gender']}</arg>
<doc>Fails if the given ``item`` is not a string.</doc>
<status status="PASS" start="2024-06-25T22:13:36.678694" elapsed="0.000373"/>
</kw>
<kw name="Should Match Regexp" owner="BuiltIn">
<arg>${json_data['results'][0]['email']}</arg>
<arg>^[a-zA-Z0-9._%+-]+@[a-zA-Z0-9.-]+\.[a-zA-Z]{2,}$</arg>
<doc>Fails if ``string`` does not match ``pattern`` as a regular expression.</doc>
<status status="PASS" start="2024-06-25T22:13:36.679253" elapsed="0.000522"/>
</kw>
<kw name="Should Match Regexp" owner="BuiltIn">
<arg>${json_data['results'][0]['dob']['date']}</arg>
<arg>\\d{4}-\\d{2}-\\d{2}T\\d{2}:\\d{2}:\\d{2}\\.\\d{3}Z</arg>
<doc>Fails if ``string`` does not match ``pattern`` as a regular expression.</doc>
<status status="PASS" start="2024-06-25T22:13:36.680007" elapsed="0.000494"/>
</kw>
<kw name="Should Match Regexp" owner="BuiltIn">
<arg>${json_data['results'][0]['registered']['date']}</arg>
<arg>\\d{4}-\\d{2}-\\d{2}T\\d{2}:\\d{2}:\\d{2}\\.\\d{3}Z</arg>
<doc>Fails if ``string`` does not match ``pattern`` as a regular expression.</doc>
<status status="PASS" start="2024-06-25T22:13:36.680690" elapsed="0.000364"/>
</kw>
<kw name="Should Match Regexp" owner="BuiltIn">
<arg>${json_data['results'][0]['picture']['large']}</arg>
<arg>^https?://.*\.(?:png|jpe?g|gif|bmp)$</arg>
<doc>Fails if ``string`` does not match ``pattern`` as a regular expression.</doc>
<status status="PASS" start="2024-06-25T22:13:36.681287" elapsed="0.000465"/>
</kw>
<kw name="Should Match Regexp" owner="BuiltIn">
<arg>${json_data['results'][0]['picture']['medium']}</arg>
<arg>^https?://.*\.(?:png|jpe?g|gif|bmp)$</arg>
<doc>Fails if ``string`` does not match ``pattern`` as a regular expression.</doc>
<status status="PASS" start="2024-06-25T22:13:36.681939" elapsed="0.000351"/>
</kw>
<kw name="Should Match Regexp" owner="BuiltIn">
<arg>${json_data['results'][0]['picture']['thumbnail']}</arg>
<arg>^https?://.*\.(?:png|jpe?g|gif|bmp)$</arg>
<doc>Fails if ``string`` does not match ``pattern`` as a regular expression.</doc>
<status status="PASS" start="2024-06-25T22:13:36.682473" elapsed="0.000344"/>
</kw>
<kw name="Log" owner="BuiltIn">
<msg time="2024-06-25T22:13:36.683316" level="INFO">{'large': 'https://randomuser.me/api/portraits/women/7.jpg', 'medium': 'https://randomuser.me/api/portraits/med/women/7.jpg', 'thumbnail': 'https://randomuser.me/api/portraits/thumb/women/7.jpg'}</msg>
<arg>${json_data['results'][0]['picture']}</arg>
<doc>Logs the given message with the given level.</doc>
<status status="PASS" start="2024-06-25T22:13:36.682996" elapsed="0.000362"/>
</kw>
<status status="PASS" start="2024-06-25T22:13:36.605344" elapsed="0.078272"/>
</kw>
<kw name="Teste de Tipos de Dados - Postcode" owner="random-user-service">
<kw name="GET On Session" owner="RequestsLibrary">
<msg time="2024-06-25T22:13:36.777243" level="INFO">GET Request : url=https://randomuser.me/api 
 path_url=/api 
 headers={'User-Agent': 'python-requests/2.32.3', 'Accept-Encoding': 'gzip, deflate', 'Accept': '*/*', 'Connection': 'keep-alive'} 
 body=None 
 </msg>
<msg time="2024-06-25T22:13:36.777338" level="INFO">GET Response : url=https://randomuser.me/api 
 status=200, reason=OK 
 headers={'Date': 'Tue, 25 Jun 2024 22:13:36 GMT', 'Content-Type': 'application/json; charset=utf-8', 'Transfer-Encoding': 'chunked', 'Connection': 'keep-alive', 'X-Powered-By': 'Express', 'Access-Control-Allow-Origin': '*', 'Cache-Control': 'no-cache', 'ETag': 'W/"4ab-dDMsSGDnUFxgzpei5oCkarRsBGc"', 'Vary': 'Accept-Encoding', 'Content-Encoding': 'gzip', 'CF-Cache-Status': 'DYNAMIC', 'Report-To': '{"endpoints":[{"url":"https:\\/\\/a.nel.cloudflare.com\\/report\\/v4?s=RpzBpCU8opuDqD489NtRYaXHFERZk6L3Map2c8MSvfYhUTUY8XLzQSw99i0vDZ%2BXyll4Lz2%2FMMIDSfdwvBlXHJS2dTaYGEVQ1twJr%2BngJqjcAnG2pDt%2F4GswVr1y0Uur"}],"group":"cf-nel","max_age":604800}', 'NEL': '{"success_fraction":0,"report_to":"cf-nel","max_age":604800}', 'Server': 'cloudflare', 'CF-RAY': '89984e484e1a3b2f-IAD', 'alt-svc': 'h3=":443"; ma=86400'} 
 body={"results":[{"gender":"female","name":{"title":"Mademoiselle","first":"Élisabeth","last":"Garcia"},"location":{"street":{"number":9059,"name":"Avenue Jean-Jaurès"},"city":"Glarus Nord","state":"Appenzell Innerrhoden","country":"Switzerland","postcode":7397,"coordinates":{"latitude":"-63.6255","longitude":"115.4748"},"timezone":{"offset":"-10:00","description":"Hawaii"}},"email":"elisabeth.garcia@example.com","login":{"uuid":"4551e151-9727-494f-88fd-101462b63857","username":"ticklishbird129","password":"vivid","salt":"EjBKq8HG","md5":"fa0e70160fde530b979ee3d948e0fb86","sha1":"aa8f8bf51bdf43d29ebba6c059feacb8e45eb17f","sha256":"ec4318d12d7a3203c43a6335a854f987de5720822f3d9dcb7bb8f4856a905a54"},"dob":{"date":"1949-05-23T03:41:08.164Z","age":75},"registered":{"date":"2008-07-07T13:26:44.405Z","age":15},"phone":"077 253 40 22","cell":"075 825 59 95","id":{"name":"AVS","value":"756.3570.4721.70"},"picture":{"large":"https://randomuser.me/api/portraits/women/39.jpg","medium":"https://randomuser.me/api/portraits/med/women/39.jpg","thumbnail":"https://randomuser.me/api/portraits/thumb/women/39.jpg"},"nat":"CH"}],"info":{"seed":"8265946cee62ea95","results":1,"page":1,"version":"1.4"}} 
 </msg>
<msg time="2024-06-25T22:13:36.777418" level="INFO">/opt/hostedtoolcache/Python/3.12.4/x64/lib/python3.12/site-packages/urllib3/connectionpool.py:1099: InsecureRequestWarning: Unverified HTTPS request is being made to host 'randomuser.me'. Adding certificate verification is strongly advised. See: https://urllib3.readthedocs.io/en/latest/advanced-usage.html#tls-warnings
  warnings.warn(</msg>
<msg time="2024-06-25T22:13:36.777569" level="INFO">${response} = &lt;Response [200]&gt;</msg>
<var>${response}</var>
<arg>consultarAPI</arg>
<arg>/api</arg>
<doc>Sends a GET request on a previously created HTTP Session.</doc>
<status status="PASS" start="2024-06-25T22:13:36.684058" elapsed="0.093568"/>
</kw>
<kw name="Set Variable" owner="BuiltIn">
<msg time="2024-06-25T22:13:36.778555" level="INFO">${json_data} = {'results': [{'gender': 'female', 'name': {'title': 'Mademoiselle', 'first': 'Élisabeth', 'last': 'Garcia'}, 'location': {'street': {'number': 9059, 'name': 'Avenue Jean-Jaurès'}, 'city': 'Glarus Nord...</msg>
<var>${json_data}</var>
<arg>${response.json()}</arg>
<doc>Returns the given values which can then be assigned to a variables.</doc>
<status status="PASS" start="2024-06-25T22:13:36.778069" elapsed="0.000517"/>
</kw>
<kw name="Log" owner="BuiltIn">
<msg time="2024-06-25T22:13:36.779076" level="INFO">{'results': [{'gender': 'female', 'name': {'title': 'Mademoiselle', 'first': 'Élisabeth', 'last': 'Garcia'}, 'location': {'street': {'number': 9059, 'name': 'Avenue Jean-Jaurès'}, 'city': 'Glarus Nord', 'state': 'Appenzell Innerrhoden', 'country': 'Switzerland', 'postcode': 7397, 'coordinates': {'latitude': '-63.6255', 'longitude': '115.4748'}, 'timezone': {'offset': '-10:00', 'description': 'Hawaii'}}, 'email': 'elisabeth.garcia@example.com', 'login': {'uuid': '4551e151-9727-494f-88fd-101462b63857', 'username': 'ticklishbird129', 'password': 'vivid', 'salt': 'EjBKq8HG', 'md5': 'fa0e70160fde530b979ee3d948e0fb86', 'sha1': 'aa8f8bf51bdf43d29ebba6c059feacb8e45eb17f', 'sha256': 'ec4318d12d7a3203c43a6335a854f987de5720822f3d9dcb7bb8f4856a905a54'}, 'dob': {'date': '1949-05-23T03:41:08.164Z', 'age': 75}, 'registered': {'date': '2008-07-07T13:26:44.405Z', 'age': 15}, 'phone': '077 253 40 22', 'cell': '075 825 59 95', 'id': {'name': 'AVS', 'value': '756.3570.4721.70'}, 'picture': {'large': 'https://randomuser.me/api/portraits/women/39.jpg', 'medium': 'https://randomuser.me/api/portraits/med/women/39.jpg', 'thumbnail': 'https://randomuser.me/api/portraits/thumb/women/39.jpg'}, 'nat': 'CH'}], 'info': {'seed': '8265946cee62ea95', 'results': 1, 'page': 1, 'version': '1.4'}}</msg>
<arg>${json_data}</arg>
<doc>Logs the given message with the given level.</doc>
<status status="PASS" start="2024-06-25T22:13:36.778913" elapsed="0.000214"/>
</kw>
<kw name="Should Be Equal As Numbers" owner="BuiltIn">
<arg>${json_data['results'][0]['location']['postcode']}</arg>
<arg>${json_data['results'][0]['location']['postcode']}</arg>
<doc>Fails if objects are unequal after converting them to real numbers.</doc>
<status status="PASS" start="2024-06-25T22:13:36.779429" elapsed="0.000652"/>
</kw>
<kw name="Log" owner="BuiltIn">
<msg time="2024-06-25T22:13:36.780762" level="INFO">7397</msg>
<arg>${json_data['results'][0]['location']['postcode']}</arg>
<doc>Logs the given message with the given level.</doc>
<status status="PASS" start="2024-06-25T22:13:36.780274" elapsed="0.000574"/>
</kw>
<status status="PASS" start="2024-06-25T22:13:36.683832" elapsed="0.097278"/>
</kw>
<doc>Testa se os tipos de dados na resposta da API estão corretos.</doc>
<tag>testeTiposDados</tag>
<status status="PASS" start="2024-06-25T22:13:36.604855" elapsed="0.176480"/>
</test>
<test id="s1-s1-t5" name="Validar conteudo" line="35">
<kw name="Teste de Tipos de Conteudo" owner="random-user-service">
<kw name="GET On Session" owner="RequestsLibrary">
<msg time="2024-06-25T22:13:36.881900" level="INFO">GET Request : url=https://randomuser.me/api 
 path_url=/api 
 headers={'User-Agent': 'python-requests/2.32.3', 'Accept-Encoding': 'gzip, deflate', 'Accept': '*/*', 'Connection': 'keep-alive'} 
 body=None 
 </msg>
<msg time="2024-06-25T22:13:36.881974" level="INFO">GET Response : url=https://randomuser.me/api 
 status=200, reason=OK 
 headers={'Date': 'Tue, 25 Jun 2024 22:13:36 GMT', 'Content-Type': 'application/json; charset=utf-8', 'Transfer-Encoding': 'chunked', 'Connection': 'keep-alive', 'X-Powered-By': 'Express', 'Access-Control-Allow-Origin': '*', 'Cache-Control': 'no-cache', 'ETag': 'W/"4a3-NRbxv0Vi9ZiqluvCO10GozLq2fU"', 'Vary': 'Accept-Encoding', 'Content-Encoding': 'gzip', 'CF-Cache-Status': 'DYNAMIC', 'Report-To': '{"endpoints":[{"url":"https:\\/\\/a.nel.cloudflare.com\\/report\\/v4?s=q11rVkGYveCcs700J%2BlEjhNX1J8MkPuAc4q0jEVRSZzUpnqUKCxC2qsZ9Toz86UgoSfOnGzyUxNZScmYYU9ensE%2Fsy2xFqtef6a%2B4hL01RcMxAUyJ%2F6E3GmXPQRDxzR6"}],"group":"cf-nel","max_age":604800}', 'NEL': '{"success_fraction":0,"report_to":"cf-nel","max_age":604800}', 'Server': 'cloudflare', 'CF-RAY': '89984e48eec83b2f-IAD', 'alt-svc': 'h3=":443"; ma=86400'} 
 body={"results":[{"gender":"female","name":{"title":"Miss","first":"Freke","last":"Hendriksen"},"location":{"street":{"number":4937,"name":"Eeg-Straat"},"city":"Wolsum","state":"Noord-Brabant","country":"Netherlands","postcode":"2754 NA","coordinates":{"latitude":"31.8162","longitude":"93.1696"},"timezone":{"offset":"+1:00","description":"Brussels, Copenhagen, Madrid, Paris"}},"email":"freke.hendriksen@example.com","login":{"uuid":"441777f8-cca8-4d25-98e4-3428b6f1cf6b","username":"crazyelephant379","password":"uuuu","salt":"YQI1iteI","md5":"dfc647343287a8691bd5acafd2f795f6","sha1":"5590185027718733dd397461002e04a646a3c040","sha256":"79f1bcd91f4e1bedb4e76e6efe5dce5e1152aa38772da5e0df31fd80896c27f0"},"dob":{"date":"1952-05-02T10:56:59.300Z","age":72},"registered":{"date":"2013-07-23T21:18:40.541Z","age":10},"phone":"(039) 0894736","cell":"(06) 67634370","id":{"name":"BSN","value":"67618051"},"picture":{"large":"https://randomuser.me/api/portraits/women/68.jpg","medium":"https://randomuser.me/api/portraits/med/women/68.jpg","thumbnail":"https://randomuser.me/api/portraits/thumb/women/68.jpg"},"nat":"NL"}],"info":{"seed":"8549e3046ef6a548","results":1,"page":1,"version":"1.4"}} 
 </msg>
<msg time="2024-06-25T22:13:36.882032" level="INFO">/opt/hostedtoolcache/Python/3.12.4/x64/lib/python3.12/site-packages/urllib3/connectionpool.py:1099: InsecureRequestWarning: Unverified HTTPS request is being made to host 'randomuser.me'. Adding certificate verification is strongly advised. See: https://urllib3.readthedocs.io/en/latest/advanced-usage.html#tls-warnings
  warnings.warn(</msg>
<msg time="2024-06-25T22:13:36.882139" level="INFO">${response} = &lt;Response [200]&gt;</msg>
<var>${response}</var>
<arg>consultarAPI</arg>
<arg>/api</arg>
<doc>Sends a GET request on a previously created HTTP Session.</doc>
<status status="PASS" start="2024-06-25T22:13:36.784183" elapsed="0.097998"/>
</kw>
<kw name="Set Variable" owner="BuiltIn">
<msg time="2024-06-25T22:13:36.882982" level="INFO">${json_data} = {'results': [{'gender': 'female', 'name': {'title': 'Miss', 'first': 'Freke', 'last': 'Hendriksen'}, 'location': {'street': {'number': 4937, 'name': 'Eeg-Straat'}, 'city': 'Wolsum', 'state': 'Noord-Br...</msg>
<var>${json_data}</var>
<arg>${response.json()}</arg>
<doc>Returns the given values which can then be assigned to a variables.</doc>
<status status="PASS" start="2024-06-25T22:13:36.882535" elapsed="0.000475"/>
</kw>
<kw name="Set Variable" owner="BuiltIn">
<msg time="2024-06-25T22:13:36.883682" level="INFO">${name_title} = Miss</msg>
<var>${name_title}</var>
<arg>${json_data["results"][0]["name"]["title"]}</arg>
<doc>Returns the given values which can then be assigned to a variables.</doc>
<status status="PASS" start="2024-06-25T22:13:36.883309" elapsed="0.000398"/>
</kw>
<kw name="Create List" owner="BuiltIn">
<msg time="2024-06-25T22:13:36.884157" level="INFO">${allowed_titles} = ['Mr', 'Ms', 'Miss', 'Mrs', 'Madame', 'Monsieur']</msg>
<var>${allowed_titles}</var>
<arg>Mr</arg>
<arg>Ms</arg>
<arg>Miss</arg>
<arg>Mrs</arg>
<arg>Madame</arg>
<arg>Monsieur</arg>
<doc>Returns a list containing given items.</doc>
<status status="PASS" start="2024-06-25T22:13:36.884010" elapsed="0.000172"/>
</kw>
<kw name="List Should Contain Value" owner="Collections">
<arg>${allowed_titles}</arg>
<arg>${name_title}</arg>
<doc>Fails if the ``value`` is not found from ``list``.</doc>
<status status="PASS" start="2024-06-25T22:13:36.884476" elapsed="0.000172"/>
</kw>
<kw name="Set Variable" owner="BuiltIn">
<msg time="2024-06-25T22:13:36.885241" level="INFO">${name_country} = NL</msg>
<var>${name_country}</var>
<arg>${json_data["results"][0]["nat"]}</arg>
<doc>Returns the given values which can then be assigned to a variables.</doc>
<status status="PASS" start="2024-06-25T22:13:36.884829" elapsed="0.000439"/>
</kw>
<kw name="Create List" owner="BuiltIn">
<msg time="2024-06-25T22:13:36.886156" level="INFO">${list_country} = ['AD', 'AE', 'AF', 'AG', 'AI', 'AL', 'AM', 'AO', 'AQ', 'AR', 'AS', 'AT', 'AU', 'AW', 'AX', 'AZ', 'BA', 'BB', 'BD', 'BE', 'BF', 'BG', 'BH', 'BI', 'BJ', 'BL', 'BM', 'BN', 'BO', 'BQ', 'BR', 'BS', 'BT', '...</msg>
<var>${list_country}</var>
<arg>AD</arg>
<arg>AE</arg>
<arg>AF</arg>
<arg>AG</arg>
<arg>AI</arg>
<arg>AL</arg>
<arg>AM</arg>
<arg>AO</arg>
<arg>AQ</arg>
<arg>AR</arg>
<arg>AS</arg>
<arg>AT</arg>
<arg>AU</arg>
<arg>AW</arg>
<arg>AX</arg>
<arg>AZ</arg>
<arg>BA</arg>
<arg>BB</arg>
<arg>BD</arg>
<arg>BE</arg>
<arg>BF</arg>
<arg>BG</arg>
<arg>BH</arg>
<arg>BI</arg>
<arg>BJ</arg>
<arg>BL</arg>
<arg>BM</arg>
<arg>BN</arg>
<arg>BO</arg>
<arg>BQ</arg>
<arg>BR</arg>
<arg>BS</arg>
<arg>BT</arg>
<arg>BV</arg>
<arg>BW</arg>
<arg>BY</arg>
<arg>BZ</arg>
<arg>CA</arg>
<arg>CC</arg>
<arg>CD</arg>
<arg>CF</arg>
<arg>CG</arg>
<arg>CH</arg>
<arg>CI</arg>
<arg>CK</arg>
<arg>CL</arg>
<arg>CM</arg>
<arg>CN</arg>
<arg>CO</arg>
<arg>CR</arg>
<arg>CU</arg>
<arg>CV</arg>
<arg>CW</arg>
<arg>CX</arg>
<arg>CY</arg>
<arg>CZ</arg>
<arg>DE</arg>
<arg>DJ</arg>
<arg>DK</arg>
<arg>DM</arg>
<arg>DO</arg>
<arg>DZ</arg>
<arg>EC</arg>
<arg>EE</arg>
<arg>EG</arg>
<arg>EH</arg>
<arg>ER</arg>
<arg>ES</arg>
<arg>ET</arg>
<arg>FI</arg>
<arg>FJ</arg>
<arg>FK</arg>
<arg>FM</arg>
<arg>FO</arg>
<arg>FR</arg>
<arg>GA</arg>
<arg>GB</arg>
<arg>GD</arg>
<arg>GE</arg>
<arg>GF</arg>
<arg>GG</arg>
<arg>GH</arg>
<arg>GI</arg>
<arg>GL</arg>
<arg>GM</arg>
<arg>GN</arg>
<arg>GP</arg>
<arg>GQ</arg>
<arg>GR</arg>
<arg>GS</arg>
<arg>GT</arg>
<arg>GU</arg>
<arg>GW</arg>
<arg>GY</arg>
<arg>HK</arg>
<arg>HM</arg>
<arg>HN</arg>
<arg>HR</arg>
<arg>HT</arg>
<arg>HU</arg>
<arg>ID</arg>
<arg>IE</arg>
<arg>IL</arg>
<arg>IM</arg>
<arg>IN</arg>
<arg>IO</arg>
<arg>IQ</arg>
<arg>IR</arg>
<arg>IS</arg>
<arg>IT</arg>
<arg>JE</arg>
<arg>JM</arg>
<arg>JO</arg>
<arg>JP</arg>
<arg>KE</arg>
<arg>KG</arg>
<arg>KH</arg>
<arg>KI</arg>
<arg>KM</arg>
<arg>KN</arg>
<arg>KP</arg>
<arg>KR</arg>
<arg>KW</arg>
<arg>KY</arg>
<arg>KZ</arg>
<arg>LA</arg>
<arg>LB</arg>
<arg>LC</arg>
<arg>LI</arg>
<arg>LK</arg>
<arg>LR</arg>
<arg>LS</arg>
<arg>LT</arg>
<arg>LU</arg>
<arg>LV</arg>
<arg>LY</arg>
<arg>MA</arg>
<arg>MC</arg>
<arg>MD</arg>
<arg>ME</arg>
<arg>MF</arg>
<arg>MG</arg>
<arg>MH</arg>
<arg>MK</arg>
<arg>ML</arg>
<arg>MM</arg>
<arg>MN</arg>
<arg>MO</arg>
<arg>MP</arg>
<arg>MQ</arg>
<arg>MR</arg>
<arg>MS</arg>
<arg>MT</arg>
<arg>MU</arg>
<arg>MV</arg>
<arg>MW</arg>
<arg>MX</arg>
<arg>MY</arg>
<arg>MZ</arg>
<arg>NA</arg>
<arg>NC</arg>
<arg>NE</arg>
<arg>NF</arg>
<arg>NG</arg>
<arg>NI</arg>
<arg>NL</arg>
<arg>NO</arg>
<arg>NP</arg>
<arg>NR</arg>
<arg>NU</arg>
<arg>NZ</arg>
<arg>OM</arg>
<arg>PA</arg>
<arg>PE</arg>
<arg>PF</arg>
<arg>PG</arg>
<arg>PH</arg>
<arg>PK</arg>
<arg>PL</arg>
<arg>PM</arg>
<arg>PN</arg>
<arg>PR</arg>
<arg>PS</arg>
<arg>PT</arg>
<arg>PW</arg>
<arg>PY</arg>
<arg>QA</arg>
<arg>RE</arg>
<arg>RO</arg>
<arg>RS</arg>
<arg>RU</arg>
<arg>RW</arg>
<arg>SA</arg>
<arg>SB</arg>
<arg>SC</arg>
<arg>SD</arg>
<arg>SE</arg>
<arg>SG</arg>
<arg>SH</arg>
<arg>SI</arg>
<arg>SJ</arg>
<arg>SK</arg>
<arg>SL</arg>
<arg>SM</arg>
<arg>SN</arg>
<arg>SO</arg>
<arg>SR</arg>
<arg>SS</arg>
<arg>ST</arg>
<arg>SV</arg>
<arg>SX</arg>
<arg>SY</arg>
<arg>SZ</arg>
<arg>TC</arg>
<arg>TD</arg>
<arg>TF</arg>
<arg>TG</arg>
<arg>TH</arg>
<arg>TJ</arg>
<arg>TK</arg>
<arg>TL</arg>
<arg>TM</arg>
<arg>TN</arg>
<arg>TO</arg>
<arg>TR</arg>
<arg>TT</arg>
<arg>TV</arg>
<arg>TW</arg>
<arg>TZ</arg>
<arg>UA</arg>
<arg>UG</arg>
<arg>UM</arg>
<arg>US</arg>
<arg>UY</arg>
<arg>UZ</arg>
<arg>VA</arg>
<arg>VC</arg>
<arg>VE</arg>
<arg>VG</arg>
<arg>VI</arg>
<arg>VN</arg>
<arg>VU</arg>
<arg>WF</arg>
<arg>WS</arg>
<arg>XK</arg>
<arg>YE</arg>
<arg>YT</arg>
<arg>ZA</arg>
<arg>ZM</arg>
<arg>ZW</arg>
<doc>Returns a list containing given items.</doc>
<status status="PASS" start="2024-06-25T22:13:36.885565" elapsed="0.000617"/>
</kw>
<kw name="List Should Contain Value" owner="Collections">
<arg>${list_country}</arg>
<arg>${name_country}</arg>
<doc>Fails if the ``value`` is not found from ``list``.</doc>
<status status="PASS" start="2024-06-25T22:13:36.886975" elapsed="0.000201"/>
</kw>
<kw name="Run Keyword If" owner="BuiltIn">
<kw name="Should Be True" owner="BuiltIn">
<arg>${True}</arg>
<doc>Fails if the given condition is not true.</doc>
<status status="PASS" start="2024-06-25T22:13:36.888111" elapsed="0.000139"/>
</kw>
<arg>${json_data["results"][0]["location"]["coordinates"]["latitude"]} &gt;= -90 and ${json_data["results"][0]["location"]["coordinates"]["latitude"]} &lt;= 90</arg>
<arg>Should Be True</arg>
<arg>${True}</arg>
<doc>Runs the given keyword with the given arguments, if ``condition`` is true.</doc>
<status status="PASS" start="2024-06-25T22:13:36.887376" elapsed="0.001011"/>
</kw>
<kw name="Run Keyword If" owner="BuiltIn">
<kw name="Should Be True" owner="BuiltIn">
<arg>${True}</arg>
<doc>Fails if the given condition is not true.</doc>
<status status="PASS" start="2024-06-25T22:13:36.889286" elapsed="0.000237"/>
</kw>
<arg>${json_data["results"][0]["location"]["coordinates"]["longitude"]} &gt;= -180 and ${json_data["results"][0]["location"]["coordinates"]["longitude"]} &lt;= 180</arg>
<arg>Should Be True</arg>
<arg>${True}</arg>
<doc>Runs the given keyword with the given arguments, if ``condition`` is true.</doc>
<status status="PASS" start="2024-06-25T22:13:36.888565" elapsed="0.001087"/>
</kw>
<status status="PASS" start="2024-06-25T22:13:36.783815" elapsed="0.105968"/>
</kw>
<doc>Testa o conteúdo específico dos campos retornados pela API.</doc>
<tag>testeConteudo</tag>
<status status="PASS" start="2024-06-25T22:13:36.783134" elapsed="0.106791"/>
</test>
<status status="PASS" start="2024-06-25T22:13:35.933851" elapsed="0.957983"/>
</suite>
<status status="PASS" start="2024-06-25T22:13:35.919272" elapsed="0.977652"/>
</suite>
<statistics>
<total>
<stat pass="5" fail="0" skip="0">All Tests</stat>
</total>
<tag>
<stat pass="1" fail="0" skip="0">testeConteudo</stat>
<stat pass="1" fail="0" skip="0">testeEstruturaResposta</stat>
<stat pass="1" fail="0" skip="0">testeRequisicaoBasica</stat>
<stat pass="1" fail="0" skip="0">testeTiposDados</stat>
</tag>
<suite>
<stat pass="5" fail="0" skip="0" id="s1" name="Tests">Tests</stat>
<stat pass="5" fail="0" skip="0" id="s1-s1" name="Random-User-Test">Tests.Random-User-Test</stat>
</suite>
</statistics>
<errors>
</errors>
</robot>
