<?xml version="1.0" encoding="UTF-8"?>
<robot generator="Robot 7.0.1 (Python 3.12.4 on linux)" generated="2024-07-07T23:15:38.553993" rpa="false" schemaversion="5">
<suite id="s1" name="Tests" source="/home/runner/work/ApiRandomUser/ApiRandomUser/RamdonUser/tests">
<suite id="s1-s1" name="Random-User-Test" source="/home/runner/work/ApiRandomUser/ApiRandomUser/RamdonUser/tests/random-user-test.robot">
<test id="s1-s1-t1" name="Conectar" line="13">
<kw name="Conectar API" owner="random-user-service">
<kw name="Create Session" owner="RequestsLibrary">
<msg time="2024-07-07T23:15:39.012746" level="INFO">Creating Session using : alias=consultarAPI, url=https://randomuser.me/, headers={},                     cookies={}, auth=None, timeout=None, proxies=None, verify=False,                     debug=0 </msg>
<arg>consultarAPI</arg>
<arg>${URL}</arg>
<doc>Create Session: create a HTTP session to a server</doc>
<status status="PASS" start="2024-07-07T23:15:39.012525" elapsed="0.000412"/>
</kw>
<status status="PASS" start="2024-07-07T23:15:39.011530" elapsed="0.001777"/>
</kw>
<status status="PASS" start="2024-07-07T23:15:39.010893" elapsed="0.002609"/>
</test>
<test id="s1-s1-t2" name="Validar retorno 200 e JSON Válido" line="16">
<kw name="Teste de Requisicao Basica" owner="random-user-service">
<kw name="GET On Session" owner="RequestsLibrary">
<msg time="2024-07-07T23:15:39.135329" level="INFO">GET Request : url=https://randomuser.me/api 
 path_url=/api 
 headers={'User-Agent': 'python-requests/2.32.3', 'Accept-Encoding': 'gzip, deflate', 'Accept': '*/*', 'Connection': 'keep-alive'} 
 body=None 
 </msg>
<msg time="2024-07-07T23:15:39.135508" level="INFO">GET Response : url=https://randomuser.me/api 
 status=200, reason=OK 
 headers={'Date': 'Sun, 07 Jul 2024 23:15:39 GMT', 'Content-Type': 'application/json; charset=utf-8', 'Transfer-Encoding': 'chunked', 'Connection': 'keep-alive', 'X-Powered-By': 'Express', 'Access-Control-Allow-Origin': '*', 'Cache-Control': 'no-cache', 'ETag': 'W/"49c-8Yi+F4T46XancFrBOe5hgfACQj4"', 'Vary': 'Accept-Encoding', 'Content-Encoding': 'gzip', 'CF-Cache-Status': 'DYNAMIC', 'Report-To': '{"endpoints":[{"url":"https:\\/\\/a.nel.cloudflare.com\\/report\\/v4?s=UYpS4HTYjqWKerAvUGm3mt6pJXigdp1S96g2wPqd3CKgnUkRxSzgGhv9HM1ZGsG4a75VUEWZMvmjFwCK5LngcfaYABgcQokcEQx%2FQc1HnaoaiGoYb2wSPFM%2FrjY1%2BFQ6"}],"group":"cf-nel","max_age":604800}', 'NEL': '{"success_fraction":0,"report_to":"cf-nel","max_age":604800}', 'Server': 'cloudflare', 'CF-RAY': '89fb89a91de3642e-SJC', 'alt-svc': 'h3=":443"; ma=86400'} 
 body={"results":[{"gender":"female","name":{"title":"Ms","first":"Alicia","last":"Cruz"},"location":{"street":{"number":8450,"name":"Calle de Argumosa"},"city":"Pozuelo de Alarcón","state":"Ceuta","country":"Spain","postcode":97732,"coordinates":{"latitude":"-33.0608","longitude":"161.5205"},"timezone":{"offset":"+3:00","description":"Baghdad, Riyadh, Moscow, St. Petersburg"}},"email":"alicia.cruz@example.com","login":{"uuid":"02a8d5b7-f9a8-40b7-9813-11c21831c5d4","username":"bluebutterfly205","password":"adults","salt":"KNHaSCMI","md5":"ae8109396a74c43b5a7012d1ea870e8a","sha1":"545304ba485a9091fb311f9e907abcd450f65079","sha256":"254dd2c8f269579dc0848df4ba7c50c0eb1f9c00d79e3473d3a2be3814d01390"},"dob":{"date":"1990-06-20T00:01:51.444Z","age":34},"registered":{"date":"2005-08-26T20:42:06.516Z","age":18},"phone":"951-183-834","cell":"621-371-127","id":{"name":"DNI","value":"60790092-I"},"picture":{"large":"https://randomuser.me/api/portraits/women/6.jpg","medium":"https://randomuser.me/api/portraits/med/women/6.jpg","thumbnail":"https://randomuser.me/api/portraits/thumb/women/6.jpg"},"nat":"ES"}],"info":{"seed":"49aff3701e49f570","results":1,"page":1,"version":"1.4"}} 
 </msg>
<msg time="2024-07-07T23:15:39.135622" level="INFO">/opt/hostedtoolcache/Python/3.12.4/x64/lib/python3.12/site-packages/urllib3/connectionpool.py:1099: InsecureRequestWarning: Unverified HTTPS request is being made to host 'randomuser.me'. Adding certificate verification is strongly advised. See: https://urllib3.readthedocs.io/en/latest/advanced-usage.html#tls-warnings
  warnings.warn(</msg>
<msg time="2024-07-07T23:15:39.135841" level="INFO">${response} = &lt;Response [200]&gt;</msg>
<var>${response}</var>
<arg>consultarAPI</arg>
<arg>/api</arg>
<doc>Sends a GET request on a previously created HTTP Session.</doc>
<status status="PASS" start="2024-07-07T23:15:39.016228" elapsed="0.119721"/>
</kw>
<kw name="Should Be Equal As Numbers" owner="BuiltIn">
<msg time="2024-07-07T23:15:39.137286" level="INFO">Argument types are:
&lt;class 'int'&gt;
&lt;class 'str'&gt;</msg>
<arg>${response.status_code}</arg>
<arg>200</arg>
<doc>Fails if objects are unequal after converting them to real numbers.</doc>
<status status="PASS" start="2024-07-07T23:15:39.136738" elapsed="0.000627"/>
</kw>
<kw name="Log" owner="BuiltIn">
<msg time="2024-07-07T23:15:39.138098" level="INFO">200</msg>
<arg>${response.status_code}</arg>
<doc>Logs the given message with the given level.</doc>
<status status="PASS" start="2024-07-07T23:15:39.137714" elapsed="0.000427"/>
</kw>
<kw name="Set Variable" owner="BuiltIn">
<msg time="2024-07-07T23:15:39.139074" level="INFO">${json_data} = {'results': [{'gender': 'female', 'name': {'title': 'Ms', 'first': 'Alicia', 'last': 'Cruz'}, 'location': {'street': {'number': 8450, 'name': 'Calle de Argumosa'}, 'city': 'Pozuelo de Alarcón', 'state...</msg>
<var>${json_data}</var>
<arg>${response.json()}</arg>
<doc>Returns the given values which can then be assigned to a variables.</doc>
<status status="PASS" start="2024-07-07T23:15:39.138512" elapsed="0.000593"/>
</kw>
<kw name="Dictionary Should Contain Key" owner="Collections">
<arg>${json_data}</arg>
<arg>results</arg>
<doc>Fails if ``key`` is not found from ``dictionary``.</doc>
<status status="PASS" start="2024-07-07T23:15:39.139464" elapsed="0.000214"/>
</kw>
<status status="PASS" start="2024-07-07T23:15:39.015983" elapsed="0.123900"/>
</kw>
<doc>Testa se a API responde corretamente e retorna um objeto JSON válido.</doc>
<tag>testeRequisicaoBasica</tag>
<status status="PASS" start="2024-07-07T23:15:39.015430" elapsed="0.124686"/>
</test>
<test id="s1-s1-t3" name="Validar estrutura de resposta" line="22">
<kw name="Teste de Estrutura de Resposta" owner="random-user-service">
<kw name="GET On Session" owner="RequestsLibrary">
<msg time="2024-07-07T23:15:39.270641" level="INFO">GET Request : url=https://randomuser.me/api 
 path_url=/api 
 headers={'User-Agent': 'python-requests/2.32.3', 'Accept-Encoding': 'gzip, deflate', 'Accept': '*/*', 'Connection': 'keep-alive'} 
 body=None 
 </msg>
<msg time="2024-07-07T23:15:39.270782" level="INFO">GET Response : url=https://randomuser.me/api 
 status=200, reason=OK 
 headers={'Date': 'Sun, 07 Jul 2024 23:15:39 GMT', 'Content-Type': 'application/json; charset=utf-8', 'Transfer-Encoding': 'chunked', 'Connection': 'keep-alive', 'X-Powered-By': 'Express', 'Access-Control-Allow-Origin': '*', 'Cache-Control': 'no-cache', 'ETag': 'W/"485-t9uTx4zhV/XJ6dO/fMX81ikYSCc"', 'Vary': 'Accept-Encoding', 'Content-Encoding': 'gzip', 'CF-Cache-Status': 'DYNAMIC', 'Report-To': '{"endpoints":[{"url":"https:\\/\\/a.nel.cloudflare.com\\/report\\/v4?s=qkbYOA5YnJguyKujUX2ztVrmiMJtYsrtzpIYq2peNy%2F4rjellFyYQ%2FQ2cSRxRNVlMe55szlt%2FMwwYcqf4tt3ZLR6IVYPIJV%2FDpVt8P9hV5b5QqkScePo1P82UiMHD25o"}],"group":"cf-nel","max_age":604800}', 'NEL': '{"success_fraction":0,"report_to":"cf-nel","max_age":604800}', 'Server': 'cloudflare', 'CF-RAY': '89fb89a9ae45642e-SJC', 'alt-svc': 'h3=":443"; ma=86400'} 
 body={"results":[{"gender":"female","name":{"title":"Mrs","first":"Deniz","last":"Dağdaş"},"location":{"street":{"number":121,"name":"Doktorlar Cd"},"city":"Isparta","state":"Konya","country":"Turkey","postcode":62558,"coordinates":{"latitude":"65.7362","longitude":"22.7716"},"timezone":{"offset":"-3:00","description":"Brazil, Buenos Aires, Georgetown"}},"email":"deniz.dagdas@example.com","login":{"uuid":"44950268-9dea-4816-8226-452b368107b4","username":"heavyelephant406","password":"bizzare","salt":"16NGgAri","md5":"82320810941bbe482eed8fc013412365","sha1":"4d8eac867df8c6ce9cb0f5321f9d61c8628b3055","sha256":"87690968751603c1ac53ce76f44923ad912555e5329053b907e781ab16f5e5e3"},"dob":{"date":"1952-05-13T19:56:17.064Z","age":72},"registered":{"date":"2016-07-22T06:02:07.518Z","age":7},"phone":"(451)-047-2822","cell":"(462)-989-5502","id":{"name":"","value":null},"picture":{"large":"https://randomuser.me/api/portraits/women/22.jpg","medium":"https://randomuser.me/api/portraits/med/women/22.jpg","thumbnail":"https://randomuser.me/api/portraits/thumb/women/22.jpg"},"nat":"TR"}],"info":{"seed":"438aa88a59dd7634","results":1,"page":1,"version":"1.4"}} 
 </msg>
<msg time="2024-07-07T23:15:39.270930" level="INFO">/opt/hostedtoolcache/Python/3.12.4/x64/lib/python3.12/site-packages/urllib3/connectionpool.py:1099: InsecureRequestWarning: Unverified HTTPS request is being made to host 'randomuser.me'. Adding certificate verification is strongly advised. See: https://urllib3.readthedocs.io/en/latest/advanced-usage.html#tls-warnings
  warnings.warn(</msg>
<msg time="2024-07-07T23:15:39.271075" level="INFO">${response} = &lt;Response [200]&gt;</msg>
<var>${response}</var>
<arg>consultarAPI</arg>
<arg>/api</arg>
<doc>Sends a GET request on a previously created HTTP Session.</doc>
<status status="PASS" start="2024-07-07T23:15:39.143407" elapsed="0.127709"/>
</kw>
<kw name="Set Variable" owner="BuiltIn">
<msg time="2024-07-07T23:15:39.272359" level="INFO">${json_data} = {'results': [{'gender': 'female', 'name': {'title': 'Mrs', 'first': 'Deniz', 'last': 'Dağdaş'}, 'location': {'street': {'number': 121, 'name': 'Doktorlar Cd'}, 'city': 'Isparta', 'state': 'Konya', 'co...</msg>
<var>${json_data}</var>
<arg>${response.json()}</arg>
<doc>Returns the given values which can then be assigned to a variables.</doc>
<status status="PASS" start="2024-07-07T23:15:39.271775" elapsed="0.000616"/>
</kw>
<kw name="Log" owner="BuiltIn">
<msg time="2024-07-07T23:15:39.272894" level="INFO">{'results': [{'gender': 'female', 'name': {'title': 'Mrs', 'first': 'Deniz', 'last': 'Dağdaş'}, 'location': {'street': {'number': 121, 'name': 'Doktorlar Cd'}, 'city': 'Isparta', 'state': 'Konya', 'country': 'Turkey', 'postcode': 62558, 'coordinates': {'latitude': '65.7362', 'longitude': '22.7716'}, 'timezone': {'offset': '-3:00', 'description': 'Brazil, Buenos Aires, Georgetown'}}, 'email': 'deniz.dagdas@example.com', 'login': {'uuid': '44950268-9dea-4816-8226-452b368107b4', 'username': 'heavyelephant406', 'password': 'bizzare', 'salt': '16NGgAri', 'md5': '82320810941bbe482eed8fc013412365', 'sha1': '4d8eac867df8c6ce9cb0f5321f9d61c8628b3055', 'sha256': '87690968751603c1ac53ce76f44923ad912555e5329053b907e781ab16f5e5e3'}, 'dob': {'date': '1952-05-13T19:56:17.064Z', 'age': 72}, 'registered': {'date': '2016-07-22T06:02:07.518Z', 'age': 7}, 'phone': '(451)-047-2822', 'cell': '(462)-989-5502', 'id': {'name': '', 'value': None}, 'picture': {'large': 'https://randomuser.me/api/portraits/women/22.jpg', 'medium': 'https://randomuser.me/api/portraits/med/women/22.jpg', 'thumbnail': 'https://randomuser.me/api/portraits/thumb/women/22.jpg'}, 'nat': 'TR'}], 'info': {'seed': '438aa88a59dd7634', 'results': 1, 'page': 1, 'version': '1.4'}}</msg>
<arg>${json_data}</arg>
<doc>Logs the given message with the given level.</doc>
<status status="PASS" start="2024-07-07T23:15:39.272725" elapsed="0.000221"/>
</kw>
<kw name="Dictionary Should Contain Key" owner="Collections">
<arg>${json_data}</arg>
<arg>results</arg>
<doc>Fails if ``key`` is not found from ``dictionary``.</doc>
<status status="PASS" start="2024-07-07T23:15:39.273249" elapsed="0.000163"/>
</kw>
<kw name="Should Not Be Empty" owner="BuiltIn">
<msg time="2024-07-07T23:15:39.273739" level="INFO">Length is 2.</msg>
<arg>${json_data}</arg>
<doc>Verifies that the given item is not empty.</doc>
<status status="PASS" start="2024-07-07T23:15:39.273600" elapsed="0.000178"/>
</kw>
<kw name="Create List" owner="BuiltIn">
<msg time="2024-07-07T23:15:39.274401" level="INFO">${expected_keys} = ['gender', 'name', 'location', 'email', 'login']</msg>
<var>${expected_keys}</var>
<arg>gender</arg>
<arg>name</arg>
<arg>location</arg>
<arg>email</arg>
<arg>login</arg>
<doc>Returns a list containing given items.</doc>
<status status="PASS" start="2024-07-07T23:15:39.274079" elapsed="0.000348"/>
</kw>
<for flavor="IN">
<iter>
<kw name="Dictionary Should Contain Key" owner="Collections">
<arg>${json_data['results'][0]}</arg>
<arg>${key}</arg>
<doc>Fails if ``key`` is not found from ``dictionary``.</doc>
<status status="PASS" start="2024-07-07T23:15:39.275083" elapsed="0.000417"/>
</kw>
<kw name="Log" owner="BuiltIn">
<msg time="2024-07-07T23:15:39.276062" level="INFO">{'gender': 'female', 'name': {'title': 'Mrs', 'first': 'Deniz', 'last': 'Dağdaş'}, 'location': {'street': {'number': 121, 'name': 'Doktorlar Cd'}, 'city': 'Isparta', 'state': 'Konya', 'country': 'Turkey', 'postcode': 62558, 'coordinates': {'latitude': '65.7362', 'longitude': '22.7716'}, 'timezone': {'offset': '-3:00', 'description': 'Brazil, Buenos Aires, Georgetown'}}, 'email': 'deniz.dagdas@example.com', 'login': {'uuid': '44950268-9dea-4816-8226-452b368107b4', 'username': 'heavyelephant406', 'password': 'bizzare', 'salt': '16NGgAri', 'md5': '82320810941bbe482eed8fc013412365', 'sha1': '4d8eac867df8c6ce9cb0f5321f9d61c8628b3055', 'sha256': '87690968751603c1ac53ce76f44923ad912555e5329053b907e781ab16f5e5e3'}, 'dob': {'date': '1952-05-13T19:56:17.064Z', 'age': 72}, 'registered': {'date': '2016-07-22T06:02:07.518Z', 'age': 7}, 'phone': '(451)-047-2822', 'cell': '(462)-989-5502', 'id': {'name': '', 'value': None}, 'picture': {'large': 'https://randomuser.me/api/portraits/women/22.jpg', 'medium': 'https://randomuser.me/api/portraits/med/women/22.jpg', 'thumbnail': 'https://randomuser.me/api/portraits/thumb/women/22.jpg'}, 'nat': 'TR'}</msg>
<arg>${json_data['results'][0]}</arg>
<doc>Logs the given message with the given level.</doc>
<status status="PASS" start="2024-07-07T23:15:39.275691" elapsed="0.000425"/>
</kw>
<kw name="Log" owner="BuiltIn">
<msg time="2024-07-07T23:15:39.276549" level="INFO">gender</msg>
<arg>${key}</arg>
<doc>Logs the given message with the given level.</doc>
<status status="PASS" start="2024-07-07T23:15:39.276419" elapsed="0.000169"/>
</kw>
<var name="${key}">gender</var>
<status status="PASS" start="2024-07-07T23:15:39.274945" elapsed="0.001862"/>
</iter>
<iter>
<kw name="Dictionary Should Contain Key" owner="Collections">
<arg>${json_data['results'][0]}</arg>
<arg>${key}</arg>
<doc>Fails if ``key`` is not found from ``dictionary``.</doc>
<status status="PASS" start="2024-07-07T23:15:39.277117" elapsed="0.000390"/>
</kw>
<kw name="Log" owner="BuiltIn">
<msg time="2024-07-07T23:15:39.278042" level="INFO">{'gender': 'female', 'name': {'title': 'Mrs', 'first': 'Deniz', 'last': 'Dağdaş'}, 'location': {'street': {'number': 121, 'name': 'Doktorlar Cd'}, 'city': 'Isparta', 'state': 'Konya', 'country': 'Turkey', 'postcode': 62558, 'coordinates': {'latitude': '65.7362', 'longitude': '22.7716'}, 'timezone': {'offset': '-3:00', 'description': 'Brazil, Buenos Aires, Georgetown'}}, 'email': 'deniz.dagdas@example.com', 'login': {'uuid': '44950268-9dea-4816-8226-452b368107b4', 'username': 'heavyelephant406', 'password': 'bizzare', 'salt': '16NGgAri', 'md5': '82320810941bbe482eed8fc013412365', 'sha1': '4d8eac867df8c6ce9cb0f5321f9d61c8628b3055', 'sha256': '87690968751603c1ac53ce76f44923ad912555e5329053b907e781ab16f5e5e3'}, 'dob': {'date': '1952-05-13T19:56:17.064Z', 'age': 72}, 'registered': {'date': '2016-07-22T06:02:07.518Z', 'age': 7}, 'phone': '(451)-047-2822', 'cell': '(462)-989-5502', 'id': {'name': '', 'value': None}, 'picture': {'large': 'https://randomuser.me/api/portraits/women/22.jpg', 'medium': 'https://randomuser.me/api/portraits/med/women/22.jpg', 'thumbnail': 'https://randomuser.me/api/portraits/thumb/women/22.jpg'}, 'nat': 'TR'}</msg>
<arg>${json_data['results'][0]}</arg>
<doc>Logs the given message with the given level.</doc>
<status status="PASS" start="2024-07-07T23:15:39.277692" elapsed="0.000438"/>
</kw>
<kw name="Log" owner="BuiltIn">
<msg time="2024-07-07T23:15:39.278563" level="INFO">name</msg>
<arg>${key}</arg>
<doc>Logs the given message with the given level.</doc>
<status status="PASS" start="2024-07-07T23:15:39.278433" elapsed="0.000168"/>
</kw>
<var name="${key}">name</var>
<status status="PASS" start="2024-07-07T23:15:39.276998" elapsed="0.001867"/>
</iter>
<iter>
<kw name="Dictionary Should Contain Key" owner="Collections">
<arg>${json_data['results'][0]}</arg>
<arg>${key}</arg>
<doc>Fails if ``key`` is not found from ``dictionary``.</doc>
<status status="PASS" start="2024-07-07T23:15:39.279169" elapsed="0.000388"/>
</kw>
<kw name="Log" owner="BuiltIn">
<msg time="2024-07-07T23:15:39.280095" level="INFO">{'gender': 'female', 'name': {'title': 'Mrs', 'first': 'Deniz', 'last': 'Dağdaş'}, 'location': {'street': {'number': 121, 'name': 'Doktorlar Cd'}, 'city': 'Isparta', 'state': 'Konya', 'country': 'Turkey', 'postcode': 62558, 'coordinates': {'latitude': '65.7362', 'longitude': '22.7716'}, 'timezone': {'offset': '-3:00', 'description': 'Brazil, Buenos Aires, Georgetown'}}, 'email': 'deniz.dagdas@example.com', 'login': {'uuid': '44950268-9dea-4816-8226-452b368107b4', 'username': 'heavyelephant406', 'password': 'bizzare', 'salt': '16NGgAri', 'md5': '82320810941bbe482eed8fc013412365', 'sha1': '4d8eac867df8c6ce9cb0f5321f9d61c8628b3055', 'sha256': '87690968751603c1ac53ce76f44923ad912555e5329053b907e781ab16f5e5e3'}, 'dob': {'date': '1952-05-13T19:56:17.064Z', 'age': 72}, 'registered': {'date': '2016-07-22T06:02:07.518Z', 'age': 7}, 'phone': '(451)-047-2822', 'cell': '(462)-989-5502', 'id': {'name': '', 'value': None}, 'picture': {'large': 'https://randomuser.me/api/portraits/women/22.jpg', 'medium': 'https://randomuser.me/api/portraits/med/women/22.jpg', 'thumbnail': 'https://randomuser.me/api/portraits/thumb/women/22.jpg'}, 'nat': 'TR'}</msg>
<arg>${json_data['results'][0]}</arg>
<doc>Logs the given message with the given level.</doc>
<status status="PASS" start="2024-07-07T23:15:39.279741" elapsed="0.000412"/>
</kw>
<kw name="Log" owner="BuiltIn">
<msg time="2024-07-07T23:15:39.280594" level="INFO">location</msg>
<arg>${key}</arg>
<doc>Logs the given message with the given level.</doc>
<status status="PASS" start="2024-07-07T23:15:39.280462" elapsed="0.000170"/>
</kw>
<var name="${key}">location</var>
<status status="PASS" start="2024-07-07T23:15:39.279050" elapsed="0.001801"/>
</iter>
<iter>
<kw name="Dictionary Should Contain Key" owner="Collections">
<arg>${json_data['results'][0]}</arg>
<arg>${key}</arg>
<doc>Fails if ``key`` is not found from ``dictionary``.</doc>
<status status="PASS" start="2024-07-07T23:15:39.281132" elapsed="0.000391"/>
</kw>
<kw name="Log" owner="BuiltIn">
<msg time="2024-07-07T23:15:39.282058" level="INFO">{'gender': 'female', 'name': {'title': 'Mrs', 'first': 'Deniz', 'last': 'Dağdaş'}, 'location': {'street': {'number': 121, 'name': 'Doktorlar Cd'}, 'city': 'Isparta', 'state': 'Konya', 'country': 'Turkey', 'postcode': 62558, 'coordinates': {'latitude': '65.7362', 'longitude': '22.7716'}, 'timezone': {'offset': '-3:00', 'description': 'Brazil, Buenos Aires, Georgetown'}}, 'email': 'deniz.dagdas@example.com', 'login': {'uuid': '44950268-9dea-4816-8226-452b368107b4', 'username': 'heavyelephant406', 'password': 'bizzare', 'salt': '16NGgAri', 'md5': '82320810941bbe482eed8fc013412365', 'sha1': '4d8eac867df8c6ce9cb0f5321f9d61c8628b3055', 'sha256': '87690968751603c1ac53ce76f44923ad912555e5329053b907e781ab16f5e5e3'}, 'dob': {'date': '1952-05-13T19:56:17.064Z', 'age': 72}, 'registered': {'date': '2016-07-22T06:02:07.518Z', 'age': 7}, 'phone': '(451)-047-2822', 'cell': '(462)-989-5502', 'id': {'name': '', 'value': None}, 'picture': {'large': 'https://randomuser.me/api/portraits/women/22.jpg', 'medium': 'https://randomuser.me/api/portraits/med/women/22.jpg', 'thumbnail': 'https://randomuser.me/api/portraits/thumb/women/22.jpg'}, 'nat': 'TR'}</msg>
<arg>${json_data['results'][0]}</arg>
<doc>Logs the given message with the given level.</doc>
<status status="PASS" start="2024-07-07T23:15:39.281704" elapsed="0.000407"/>
</kw>
<kw name="Log" owner="BuiltIn">
<msg time="2024-07-07T23:15:39.282548" level="INFO">email</msg>
<arg>${key}</arg>
<doc>Logs the given message with the given level.</doc>
<status status="PASS" start="2024-07-07T23:15:39.282414" elapsed="0.000171"/>
</kw>
<var name="${key}">email</var>
<status status="PASS" start="2024-07-07T23:15:39.281024" elapsed="0.001811"/>
</iter>
<iter>
<kw name="Dictionary Should Contain Key" owner="Collections">
<arg>${json_data['results'][0]}</arg>
<arg>${key}</arg>
<doc>Fails if ``key`` is not found from ``dictionary``.</doc>
<status status="PASS" start="2024-07-07T23:15:39.283130" elapsed="0.000558"/>
</kw>
<kw name="Log" owner="BuiltIn">
<msg time="2024-07-07T23:15:39.284458" level="INFO">{'gender': 'female', 'name': {'title': 'Mrs', 'first': 'Deniz', 'last': 'Dağdaş'}, 'location': {'street': {'number': 121, 'name': 'Doktorlar Cd'}, 'city': 'Isparta', 'state': 'Konya', 'country': 'Turkey', 'postcode': 62558, 'coordinates': {'latitude': '65.7362', 'longitude': '22.7716'}, 'timezone': {'offset': '-3:00', 'description': 'Brazil, Buenos Aires, Georgetown'}}, 'email': 'deniz.dagdas@example.com', 'login': {'uuid': '44950268-9dea-4816-8226-452b368107b4', 'username': 'heavyelephant406', 'password': 'bizzare', 'salt': '16NGgAri', 'md5': '82320810941bbe482eed8fc013412365', 'sha1': '4d8eac867df8c6ce9cb0f5321f9d61c8628b3055', 'sha256': '87690968751603c1ac53ce76f44923ad912555e5329053b907e781ab16f5e5e3'}, 'dob': {'date': '1952-05-13T19:56:17.064Z', 'age': 72}, 'registered': {'date': '2016-07-22T06:02:07.518Z', 'age': 7}, 'phone': '(451)-047-2822', 'cell': '(462)-989-5502', 'id': {'name': '', 'value': None}, 'picture': {'large': 'https://randomuser.me/api/portraits/women/22.jpg', 'medium': 'https://randomuser.me/api/portraits/med/women/22.jpg', 'thumbnail': 'https://randomuser.me/api/portraits/thumb/women/22.jpg'}, 'nat': 'TR'}</msg>
<arg>${json_data['results'][0]}</arg>
<doc>Logs the given message with the given level.</doc>
<status status="PASS" start="2024-07-07T23:15:39.283962" elapsed="0.000548"/>
</kw>
<kw name="Log" owner="BuiltIn">
<msg time="2024-07-07T23:15:39.284944" level="INFO">login</msg>
<arg>${key}</arg>
<doc>Logs the given message with the given level.</doc>
<status status="PASS" start="2024-07-07T23:15:39.284812" elapsed="0.000171"/>
</kw>
<var name="${key}">login</var>
<status status="PASS" start="2024-07-07T23:15:39.283013" elapsed="0.002189"/>
</iter>
<var>${key}</var>
<value>@{expected_keys}</value>
<status status="PASS" start="2024-07-07T23:15:39.274709" elapsed="0.010616"/>
</for>
<kw name="Create List" owner="BuiltIn">
<msg time="2024-07-07T23:15:39.285668" level="INFO">${expected_keysTwo} = ['username', 'password']</msg>
<var>${expected_keysTwo}</var>
<arg>username</arg>
<arg>password</arg>
<doc>Returns a list containing given items.</doc>
<status status="PASS" start="2024-07-07T23:15:39.285523" elapsed="0.000169"/>
</kw>
<for flavor="IN">
<iter>
<kw name="Dictionary Should Contain Key" owner="Collections">
<arg>${json_data['results'][0]['login']}</arg>
<arg>${keyTwo}</arg>
<doc>Fails if ``key`` is not found from ``dictionary``.</doc>
<status status="PASS" start="2024-07-07T23:15:39.286250" elapsed="0.000385"/>
</kw>
<kw name="Dictionary Should Contain Key" owner="Collections">
<arg>${json_data['results'][0]['login']}</arg>
<arg>${keyTwo}</arg>
<doc>Fails if ``key`` is not found from ``dictionary``.</doc>
<status status="PASS" start="2024-07-07T23:15:39.286865" elapsed="0.000395"/>
</kw>
<kw name="Log" owner="BuiltIn">
<msg time="2024-07-07T23:15:39.287569" level="INFO">username</msg>
<arg>${keyTwo}</arg>
<doc>Logs the given message with the given level.</doc>
<status status="PASS" start="2024-07-07T23:15:39.287445" elapsed="0.000162"/>
</kw>
<var name="${keyTwo}">username</var>
<status status="PASS" start="2024-07-07T23:15:39.286141" elapsed="0.001696"/>
</iter>
<iter>
<kw name="Dictionary Should Contain Key" owner="Collections">
<arg>${json_data['results'][0]['login']}</arg>
<arg>${keyTwo}</arg>
<doc>Fails if ``key`` is not found from ``dictionary``.</doc>
<status status="PASS" start="2024-07-07T23:15:39.288119" elapsed="0.000385"/>
</kw>
<kw name="Dictionary Should Contain Key" owner="Collections">
<arg>${json_data['results'][0]['login']}</arg>
<arg>${keyTwo}</arg>
<doc>Fails if ``key`` is not found from ``dictionary``.</doc>
<status status="PASS" start="2024-07-07T23:15:39.288683" elapsed="0.000369"/>
</kw>
<kw name="Log" owner="BuiltIn">
<msg time="2024-07-07T23:15:39.289350" level="INFO">password</msg>
<arg>${keyTwo}</arg>
<doc>Logs the given message with the given level.</doc>
<status status="PASS" start="2024-07-07T23:15:39.289230" elapsed="0.000164"/>
</kw>
<var name="${keyTwo}">password</var>
<status status="PASS" start="2024-07-07T23:15:39.288011" elapsed="0.001703"/>
</iter>
<var>${keyTwo}</var>
<value>@{expected_keysTwo}</value>
<status status="PASS" start="2024-07-07T23:15:39.285969" elapsed="0.003867"/>
</for>
<status status="PASS" start="2024-07-07T23:15:39.143121" elapsed="0.146860"/>
</kw>
<doc>Testa a estrutura da resposta da API.</doc>
<tag>testeEstruturaResposta</tag>
<status status="PASS" start="2024-07-07T23:15:39.142373" elapsed="0.147766"/>
</test>
<test id="s1-s1-t4" name="Validar tipos de dados" line="28">
<kw name="Teste de Tipos de Dados" owner="random-user-service">
<kw name="GET On Session" owner="RequestsLibrary">
<msg time="2024-07-07T23:15:39.376657" level="INFO">GET Request : url=https://randomuser.me/api 
 path_url=/api 
 headers={'User-Agent': 'python-requests/2.32.3', 'Accept-Encoding': 'gzip, deflate', 'Accept': '*/*', 'Connection': 'keep-alive'} 
 body=None 
 </msg>
<msg time="2024-07-07T23:15:39.376762" level="INFO">GET Response : url=https://randomuser.me/api 
 status=200, reason=OK 
 headers={'Date': 'Sun, 07 Jul 2024 23:15:39 GMT', 'Content-Type': 'application/json; charset=utf-8', 'Transfer-Encoding': 'chunked', 'Connection': 'keep-alive', 'X-Powered-By': 'Express', 'Access-Control-Allow-Origin': '*', 'Cache-Control': 'no-cache', 'ETag': 'W/"4a5-QvIN4pUnDyau51Wf1ibNr0c53dQ"', 'Vary': 'Accept-Encoding', 'Content-Encoding': 'gzip', 'CF-Cache-Status': 'DYNAMIC', 'Report-To': '{"endpoints":[{"url":"https:\\/\\/a.nel.cloudflare.com\\/report\\/v4?s=P9xWAmfFFz9M6Rgx8E%2Fkv5OvUf4uYqVF3LoxW%2FYrqyzYVykxVDKQjXrrg6hZCUGspg6%2BXKAuNqzR%2F%2B8yRNV6m8v8Oxfro8dQ%2F37ZX%2BpDFwjWWAHY3KtqRoxw9pum3JR%2B"}],"group":"cf-nel","max_age":604800}', 'NEL': '{"success_fraction":0,"report_to":"cf-nel","max_age":604800}', 'Server': 'cloudflare', 'CF-RAY': '89fb89aa9ec8642e-SJC', 'alt-svc': 'h3=":443"; ma=86400'} 
 body={"results":[{"gender":"female","name":{"title":"Ms","first":"Godofreda","last":"Araújo"},"location":{"street":{"number":7859,"name":"Rua São Luiz "},"city":"Governador Valadares","state":"Bahia","country":"Brazil","postcode":31128,"coordinates":{"latitude":"-73.8290","longitude":"21.2655"},"timezone":{"offset":"+4:00","description":"Abu Dhabi, Muscat, Baku, Tbilisi"}},"email":"godofreda.araujo@example.com","login":{"uuid":"60d9cc52-38a3-4e85-9ed2-8e473add1e2e","username":"bluelion913","password":"smurf","salt":"INn5FvJ7","md5":"778701d09435bda22510277c3850e907","sha1":"ba20d3597dad3dcb13fc88ba09acf5a3b4f944e0","sha256":"8ee1810fa1cd220397005dfc18d79030634d72bb9a9cb2c15ed74ecbf8410d31"},"dob":{"date":"1959-11-09T17:26:09.247Z","age":64},"registered":{"date":"2011-06-14T08:28:44.930Z","age":13},"phone":"(68) 8081-8867","cell":"(53) 8364-4369","id":{"name":"CPF","value":"997.655.881-84"},"picture":{"large":"https://randomuser.me/api/portraits/women/19.jpg","medium":"https://randomuser.me/api/portraits/med/women/19.jpg","thumbnail":"https://randomuser.me/api/portraits/thumb/women/19.jpg"},"nat":"BR"}],"info":{"seed":"5f563c09b0455579","results":1,"page":1,"version":"1.4"}} 
 </msg>
<msg time="2024-07-07T23:15:39.376839" level="INFO">/opt/hostedtoolcache/Python/3.12.4/x64/lib/python3.12/site-packages/urllib3/connectionpool.py:1099: InsecureRequestWarning: Unverified HTTPS request is being made to host 'randomuser.me'. Adding certificate verification is strongly advised. See: https://urllib3.readthedocs.io/en/latest/advanced-usage.html#tls-warnings
  warnings.warn(</msg>
<msg time="2024-07-07T23:15:39.376986" level="INFO">${response} = &lt;Response [200]&gt;</msg>
<var>${response}</var>
<arg>consultarAPI</arg>
<arg>/api</arg>
<doc>Sends a GET request on a previously created HTTP Session.</doc>
<status status="PASS" start="2024-07-07T23:15:39.292688" elapsed="0.084339"/>
</kw>
<kw name="Set Variable" owner="BuiltIn">
<msg time="2024-07-07T23:15:39.378280" level="INFO">${json_data} = {'results': [{'gender': 'female', 'name': {'title': 'Ms', 'first': 'Godofreda', 'last': 'Araújo'}, 'location': {'street': {'number': 7859, 'name': 'Rua São Luiz '}, 'city': 'Governador Valadares', 'st...</msg>
<var>${json_data}</var>
<arg>${response.json()}</arg>
<doc>Returns the given values which can then be assigned to a variables.</doc>
<status status="PASS" start="2024-07-07T23:15:39.377716" elapsed="0.000595"/>
</kw>
<kw name="Log" owner="BuiltIn">
<msg time="2024-07-07T23:15:39.378833" level="INFO">{'results': [{'gender': 'female', 'name': {'title': 'Ms', 'first': 'Godofreda', 'last': 'Araújo'}, 'location': {'street': {'number': 7859, 'name': 'Rua São Luiz '}, 'city': 'Governador Valadares', 'state': 'Bahia', 'country': 'Brazil', 'postcode': 31128, 'coordinates': {'latitude': '-73.8290', 'longitude': '21.2655'}, 'timezone': {'offset': '+4:00', 'description': 'Abu Dhabi, Muscat, Baku, Tbilisi'}}, 'email': 'godofreda.araujo@example.com', 'login': {'uuid': '60d9cc52-38a3-4e85-9ed2-8e473add1e2e', 'username': 'bluelion913', 'password': 'smurf', 'salt': 'INn5FvJ7', 'md5': '778701d09435bda22510277c3850e907', 'sha1': 'ba20d3597dad3dcb13fc88ba09acf5a3b4f944e0', 'sha256': '8ee1810fa1cd220397005dfc18d79030634d72bb9a9cb2c15ed74ecbf8410d31'}, 'dob': {'date': '1959-11-09T17:26:09.247Z', 'age': 64}, 'registered': {'date': '2011-06-14T08:28:44.930Z', 'age': 13}, 'phone': '(68) 8081-8867', 'cell': '(53) 8364-4369', 'id': {'name': 'CPF', 'value': '997.655.881-84'}, 'picture': {'large': 'https://randomuser.me/api/portraits/women/19.jpg', 'medium': 'https://randomuser.me/api/portraits/med/women/19.jpg', 'thumbnail': 'https://randomuser.me/api/portraits/thumb/women/19.jpg'}, 'nat': 'BR'}], 'info': {'seed': '5f563c09b0455579', 'results': 1, 'page': 1, 'version': '1.4'}}</msg>
<arg>${json_data}</arg>
<doc>Logs the given message with the given level.</doc>
<status status="PASS" start="2024-07-07T23:15:39.378632" elapsed="0.000254"/>
</kw>
<kw name="Should Be String" owner="String">
<arg>${json_data['results'][0]['gender']}</arg>
<doc>Fails if the given ``item`` is not a string.</doc>
<status status="PASS" start="2024-07-07T23:15:39.379188" elapsed="0.000368"/>
</kw>
<kw name="Should Match Regexp" owner="BuiltIn">
<arg>${json_data['results'][0]['email']}</arg>
<arg>^[a-zA-Z0-9._%+-]+@[a-zA-Z0-9.-]+\.[a-zA-Z]{2,}$</arg>
<doc>Fails if ``string`` does not match ``pattern`` as a regular expression.</doc>
<status status="PASS" start="2024-07-07T23:15:39.379754" elapsed="0.000518"/>
</kw>
<kw name="Should Match Regexp" owner="BuiltIn">
<arg>${json_data['results'][0]['dob']['date']}</arg>
<arg>\\d{4}-\\d{2}-\\d{2}T\\d{2}:\\d{2}:\\d{2}\\.\\d{3}Z</arg>
<doc>Fails if ``string`` does not match ``pattern`` as a regular expression.</doc>
<status status="PASS" start="2024-07-07T23:15:39.380510" elapsed="0.000499"/>
</kw>
<kw name="Should Match Regexp" owner="BuiltIn">
<arg>${json_data['results'][0]['registered']['date']}</arg>
<arg>\\d{4}-\\d{2}-\\d{2}T\\d{2}:\\d{2}:\\d{2}\\.\\d{3}Z</arg>
<doc>Fails if ``string`` does not match ``pattern`` as a regular expression.</doc>
<status status="PASS" start="2024-07-07T23:15:39.381202" elapsed="0.000371"/>
</kw>
<kw name="Should Match Regexp" owner="BuiltIn">
<arg>${json_data['results'][0]['picture']['large']}</arg>
<arg>^https?://.*\.(?:png|jpe?g|gif|bmp)$</arg>
<doc>Fails if ``string`` does not match ``pattern`` as a regular expression.</doc>
<status status="PASS" start="2024-07-07T23:15:39.381759" elapsed="0.000458"/>
</kw>
<kw name="Should Match Regexp" owner="BuiltIn">
<arg>${json_data['results'][0]['picture']['medium']}</arg>
<arg>^https?://.*\.(?:png|jpe?g|gif|bmp)$</arg>
<doc>Fails if ``string`` does not match ``pattern`` as a regular expression.</doc>
<status status="PASS" start="2024-07-07T23:15:39.382404" elapsed="0.000382"/>
</kw>
<kw name="Should Match Regexp" owner="BuiltIn">
<arg>${json_data['results'][0]['picture']['thumbnail']}</arg>
<arg>^https?://.*\.(?:png|jpe?g|gif|bmp)$</arg>
<doc>Fails if ``string`` does not match ``pattern`` as a regular expression.</doc>
<status status="PASS" start="2024-07-07T23:15:39.382977" elapsed="0.000353"/>
</kw>
<kw name="Log" owner="BuiltIn">
<msg time="2024-07-07T23:15:39.383843" level="INFO">{'large': 'https://randomuser.me/api/portraits/women/19.jpg', 'medium': 'https://randomuser.me/api/portraits/med/women/19.jpg', 'thumbnail': 'https://randomuser.me/api/portraits/thumb/women/19.jpg'}</msg>
<arg>${json_data['results'][0]['picture']}</arg>
<doc>Logs the given message with the given level.</doc>
<status status="PASS" start="2024-07-07T23:15:39.383509" elapsed="0.000377"/>
</kw>
<status status="PASS" start="2024-07-07T23:15:39.292458" elapsed="0.091726"/>
</kw>
<kw name="Teste de Tipos de Dados - Postcode" owner="random-user-service">
<kw name="GET On Session" owner="RequestsLibrary">
<msg time="2024-07-07T23:15:39.478572" level="INFO">GET Request : url=https://randomuser.me/api 
 path_url=/api 
 headers={'User-Agent': 'python-requests/2.32.3', 'Accept-Encoding': 'gzip, deflate', 'Accept': '*/*', 'Connection': 'keep-alive'} 
 body=None 
 </msg>
<msg time="2024-07-07T23:15:39.478687" level="INFO">GET Response : url=https://randomuser.me/api 
 status=200, reason=OK 
 headers={'Date': 'Sun, 07 Jul 2024 23:15:39 GMT', 'Content-Type': 'application/json; charset=utf-8', 'Transfer-Encoding': 'chunked', 'Connection': 'keep-alive', 'X-Powered-By': 'Express', 'Access-Control-Allow-Origin': '*', 'Cache-Control': 'no-cache', 'ETag': 'W/"498-JkLj2lgNsG28BeO5C8o7nmo32ZY"', 'Vary': 'Accept-Encoding', 'Content-Encoding': 'gzip', 'CF-Cache-Status': 'DYNAMIC', 'Report-To': '{"endpoints":[{"url":"https:\\/\\/a.nel.cloudflare.com\\/report\\/v4?s=DG2xtPyA7jSk8VgtVF%2F7q7kE%2BkgLN941wnSXtpzEr5wQ%2F7HH9zcq21ha96d7L%2FPg%2BjlIPv6zJOjdyF81%2FB7pxAIHcxv4szSsKMVryQ2%2BhVdM2j7teAvOm67Hf8uq9w5Z"}],"group":"cf-nel","max_age":604800}', 'NEL': '{"success_fraction":0,"report_to":"cf-nel","max_age":604800}', 'Server': 'cloudflare', 'CF-RAY': '89fb89ab2f21642e-SJC', 'alt-svc': 'h3=":443"; ma=86400'} 
 body={"results":[{"gender":"male","name":{"title":"Mr","first":"João","last":"Silveira"},"location":{"street":{"number":7545,"name":"Avenida Vinícius de Morais"},"city":"Araçatuba","state":"Mato Grosso do Sul","country":"Brazil","postcode":66360,"coordinates":{"latitude":"-73.1112","longitude":"-178.8370"},"timezone":{"offset":"-10:00","description":"Hawaii"}},"email":"joao.silveira@example.com","login":{"uuid":"9e1c116a-733f-4169-86dc-9b956655a67d","username":"ticklishrabbit658","password":"glasses","salt":"Bln7gzId","md5":"d6d4026bb1361f9248f6722a350452c8","sha1":"68029470add3df1a81bda5bc3daed3770800a08c","sha256":"31f0172549c7edbf2e0252cf523bd424853b94edfd59776c573666b5f909d5f2"},"dob":{"date":"1986-09-07T01:51:41.207Z","age":37},"registered":{"date":"2014-02-26T16:15:15.251Z","age":10},"phone":"(34) 3363-4858","cell":"(68) 0608-5276","id":{"name":"CPF","value":"077.834.629-02"},"picture":{"large":"https://randomuser.me/api/portraits/men/34.jpg","medium":"https://randomuser.me/api/portraits/med/men/34.jpg","thumbnail":"https://randomuser.me/api/portraits/thumb/men/34.jpg"},"nat":"BR"}],"info":{"seed":"3dee70b0f2af0692","results":1,"page":1,"version":"1.4"}} 
 </msg>
<msg time="2024-07-07T23:15:39.478818" level="INFO">/opt/hostedtoolcache/Python/3.12.4/x64/lib/python3.12/site-packages/urllib3/connectionpool.py:1099: InsecureRequestWarning: Unverified HTTPS request is being made to host 'randomuser.me'. Adding certificate verification is strongly advised. See: https://urllib3.readthedocs.io/en/latest/advanced-usage.html#tls-warnings
  warnings.warn(</msg>
<msg time="2024-07-07T23:15:39.478968" level="INFO">${response} = &lt;Response [200]&gt;</msg>
<var>${response}</var>
<arg>consultarAPI</arg>
<arg>/api</arg>
<doc>Sends a GET request on a previously created HTTP Session.</doc>
<status status="PASS" start="2024-07-07T23:15:39.384649" elapsed="0.094367"/>
</kw>
<kw name="Set Variable" owner="BuiltIn">
<msg time="2024-07-07T23:15:39.480289" level="INFO">${json_data} = {'results': [{'gender': 'male', 'name': {'title': 'Mr', 'first': 'João', 'last': 'Silveira'}, 'location': {'street': {'number': 7545, 'name': 'Avenida Vinícius de Morais'}, 'city': 'Araçatuba', 'state...</msg>
<var>${json_data}</var>
<arg>${response.json()}</arg>
<doc>Returns the given values which can then be assigned to a variables.</doc>
<status status="PASS" start="2024-07-07T23:15:39.479712" elapsed="0.000607"/>
</kw>
<kw name="Log" owner="BuiltIn">
<msg time="2024-07-07T23:15:39.480800" level="INFO">{'results': [{'gender': 'male', 'name': {'title': 'Mr', 'first': 'João', 'last': 'Silveira'}, 'location': {'street': {'number': 7545, 'name': 'Avenida Vinícius de Morais'}, 'city': 'Araçatuba', 'state': 'Mato Grosso do Sul', 'country': 'Brazil', 'postcode': 66360, 'coordinates': {'latitude': '-73.1112', 'longitude': '-178.8370'}, 'timezone': {'offset': '-10:00', 'description': 'Hawaii'}}, 'email': 'joao.silveira@example.com', 'login': {'uuid': '9e1c116a-733f-4169-86dc-9b956655a67d', 'username': 'ticklishrabbit658', 'password': 'glasses', 'salt': 'Bln7gzId', 'md5': 'd6d4026bb1361f9248f6722a350452c8', 'sha1': '68029470add3df1a81bda5bc3daed3770800a08c', 'sha256': '31f0172549c7edbf2e0252cf523bd424853b94edfd59776c573666b5f909d5f2'}, 'dob': {'date': '1986-09-07T01:51:41.207Z', 'age': 37}, 'registered': {'date': '2014-02-26T16:15:15.251Z', 'age': 10}, 'phone': '(34) 3363-4858', 'cell': '(68) 0608-5276', 'id': {'name': 'CPF', 'value': '077.834.629-02'}, 'picture': {'large': 'https://randomuser.me/api/portraits/men/34.jpg', 'medium': 'https://randomuser.me/api/portraits/med/men/34.jpg', 'thumbnail': 'https://randomuser.me/api/portraits/thumb/men/34.jpg'}, 'nat': 'BR'}], 'info': {'seed': '3dee70b0f2af0692', 'results': 1, 'page': 1, 'version': '1.4'}}</msg>
<arg>${json_data}</arg>
<doc>Logs the given message with the given level.</doc>
<status status="PASS" start="2024-07-07T23:15:39.480640" elapsed="0.000207"/>
</kw>
<kw name="Should Be Equal As Numbers" owner="BuiltIn">
<arg>${json_data['results'][0]['location']['postcode']}</arg>
<arg>${json_data['results'][0]['location']['postcode']}</arg>
<doc>Fails if objects are unequal after converting them to real numbers.</doc>
<status status="PASS" start="2024-07-07T23:15:39.481142" elapsed="0.000635"/>
</kw>
<kw name="Log" owner="BuiltIn">
<msg time="2024-07-07T23:15:39.482510" level="INFO">66360</msg>
<arg>${json_data['results'][0]['location']['postcode']}</arg>
<doc>Logs the given message with the given level.</doc>
<status status="PASS" start="2024-07-07T23:15:39.481969" elapsed="0.000583"/>
</kw>
<status status="PASS" start="2024-07-07T23:15:39.384419" elapsed="0.098467"/>
</kw>
<doc>Testa se os tipos de dados na resposta da API estão corretos.</doc>
<tag>testeTiposDados</tag>
<status status="PASS" start="2024-07-07T23:15:39.291999" elapsed="0.191067"/>
</test>
<test id="s1-s1-t5" name="Validar conteudo" line="35">
<kw name="Teste de Tipos de Conteudo" owner="random-user-service">
<kw name="GET On Session" owner="RequestsLibrary">
<msg time="2024-07-07T23:15:39.583060" level="INFO">GET Request : url=https://randomuser.me/api 
 path_url=/api 
 headers={'User-Agent': 'python-requests/2.32.3', 'Accept-Encoding': 'gzip, deflate', 'Accept': '*/*', 'Connection': 'keep-alive'} 
 body=None 
 </msg>
<msg time="2024-07-07T23:15:39.583178" level="INFO">GET Response : url=https://randomuser.me/api 
 status=200, reason=OK 
 headers={'Date': 'Sun, 07 Jul 2024 23:15:39 GMT', 'Content-Type': 'application/json; charset=utf-8', 'Transfer-Encoding': 'chunked', 'Connection': 'keep-alive', 'X-Powered-By': 'Express', 'Access-Control-Allow-Origin': '*', 'Cache-Control': 'no-cache', 'ETag': 'W/"490-WpvQemK5SScNYKipZ2flVEy2xSI"', 'Vary': 'Accept-Encoding', 'Content-Encoding': 'gzip', 'CF-Cache-Status': 'DYNAMIC', 'Report-To': '{"endpoints":[{"url":"https:\\/\\/a.nel.cloudflare.com\\/report\\/v4?s=Hrk7CRmNlwvmZitMUXLG7oWsLv59nY%2FBW050GG5cwOkMI2JXLKzBxJv6dwC1H7fQWBWloU5vnEw32MCLAyHgkxSMWpTjUzJrmZq2OTwM98MEzDnZQ7r0uxWh1Jk87gCA"}],"group":"cf-nel","max_age":604800}', 'NEL': '{"success_fraction":0,"report_to":"cf-nel","max_age":604800}', 'Server': 'cloudflare', 'CF-RAY': '89fb89abcf7a642e-SJC', 'alt-svc': 'h3=":443"; ma=86400'} 
 body={"results":[{"gender":"female","name":{"title":"Mrs","first":"Laura","last":"Kristensen"},"location":{"street":{"number":3322,"name":"Kløvervænget"},"city":"Silkeboeg","state":"Sjælland","country":"Denmark","postcode":43278,"coordinates":{"latitude":"-44.5247","longitude":"83.4591"},"timezone":{"offset":"+2:00","description":"Kaliningrad, South Africa"}},"email":"laura.kristensen@example.com","login":{"uuid":"869856ba-5530-4e88-8fcc-112ab3dc8df2","username":"silverbutterfly202","password":"silver","salt":"wnc4IFI0","md5":"1932b6599631b655cb3fb3553e69c9c8","sha1":"7f13dfacb629e18809e79c0173c1dde1bdcad472","sha256":"cf694e4fcf73c42191d55384a4b3ca1b52b7d28922bb94df83bbc2f70dde1823"},"dob":{"date":"1952-02-09T06:21:30.135Z","age":72},"registered":{"date":"2015-04-11T03:22:15.019Z","age":9},"phone":"28758917","cell":"43015513","id":{"name":"CPR","value":"090252-7546"},"picture":{"large":"https://randomuser.me/api/portraits/women/70.jpg","medium":"https://randomuser.me/api/portraits/med/women/70.jpg","thumbnail":"https://randomuser.me/api/portraits/thumb/women/70.jpg"},"nat":"DK"}],"info":{"seed":"76c5fdf619789d04","results":1,"page":1,"version":"1.4"}} 
 </msg>
<msg time="2024-07-07T23:15:39.583267" level="INFO">/opt/hostedtoolcache/Python/3.12.4/x64/lib/python3.12/site-packages/urllib3/connectionpool.py:1099: InsecureRequestWarning: Unverified HTTPS request is being made to host 'randomuser.me'. Adding certificate verification is strongly advised. See: https://urllib3.readthedocs.io/en/latest/advanced-usage.html#tls-warnings
  warnings.warn(</msg>
<msg time="2024-07-07T23:15:39.583391" level="INFO">${response} = &lt;Response [200]&gt;</msg>
<var>${response}</var>
<arg>consultarAPI</arg>
<arg>/api</arg>
<doc>Sends a GET request on a previously created HTTP Session.</doc>
<status status="PASS" start="2024-07-07T23:15:39.485948" elapsed="0.097486"/>
</kw>
<kw name="Set Variable" owner="BuiltIn">
<msg time="2024-07-07T23:15:39.584518" level="INFO">${json_data} = {'results': [{'gender': 'female', 'name': {'title': 'Mrs', 'first': 'Laura', 'last': 'Kristensen'}, 'location': {'street': {'number': 3322, 'name': 'Kløvervænget'}, 'city': 'Silkeboeg', 'state': 'Sjæl...</msg>
<var>${json_data}</var>
<arg>${response.json()}</arg>
<doc>Returns the given values which can then be assigned to a variables.</doc>
<status status="PASS" start="2024-07-07T23:15:39.583981" elapsed="0.000567"/>
</kw>
<kw name="Set Variable" owner="BuiltIn">
<msg time="2024-07-07T23:15:39.585236" level="INFO">${name_title} = Mrs</msg>
<var>${name_title}</var>
<arg>${json_data["results"][0]["name"]["title"]}</arg>
<doc>Returns the given values which can then be assigned to a variables.</doc>
<status status="PASS" start="2024-07-07T23:15:39.584855" elapsed="0.000407"/>
</kw>
<kw name="Create List" owner="BuiltIn">
<msg time="2024-07-07T23:15:39.585709" level="INFO">${allowed_titles} = ['Mr', 'Ms', 'Miss', 'Mrs', 'Madame', 'Monsieur']</msg>
<var>${allowed_titles}</var>
<arg>Mr</arg>
<arg>Ms</arg>
<arg>Miss</arg>
<arg>Mrs</arg>
<arg>Madame</arg>
<arg>Monsieur</arg>
<doc>Returns a list containing given items.</doc>
<status status="PASS" start="2024-07-07T23:15:39.585560" elapsed="0.000172"/>
</kw>
<kw name="List Should Contain Value" owner="Collections">
<arg>${allowed_titles}</arg>
<arg>${name_title}</arg>
<doc>Fails if the ``value`` is not found from ``list``.</doc>
<status status="PASS" start="2024-07-07T23:15:39.586041" elapsed="0.000176"/>
</kw>
<kw name="Set Variable" owner="BuiltIn">
<msg time="2024-07-07T23:15:39.586838" level="INFO">${name_country} = DK</msg>
<var>${name_country}</var>
<arg>${json_data["results"][0]["nat"]}</arg>
<doc>Returns the given values which can then be assigned to a variables.</doc>
<status status="PASS" start="2024-07-07T23:15:39.586406" elapsed="0.000458"/>
</kw>
<kw name="Create List" owner="BuiltIn">
<msg time="2024-07-07T23:15:39.587769" level="INFO">${list_country} = ['AD', 'AE', 'AF', 'AG', 'AI', 'AL', 'AM', 'AO', 'AQ', 'AR', 'AS', 'AT', 'AU', 'AW', 'AX', 'AZ', 'BA', 'BB', 'BD', 'BE', 'BF', 'BG', 'BH', 'BI', 'BJ', 'BL', 'BM', 'BN', 'BO', 'BQ', 'BR', 'BS', 'BT', '...</msg>
<var>${list_country}</var>
<arg>AD</arg>
<arg>AE</arg>
<arg>AF</arg>
<arg>AG</arg>
<arg>AI</arg>
<arg>AL</arg>
<arg>AM</arg>
<arg>AO</arg>
<arg>AQ</arg>
<arg>AR</arg>
<arg>AS</arg>
<arg>AT</arg>
<arg>AU</arg>
<arg>AW</arg>
<arg>AX</arg>
<arg>AZ</arg>
<arg>BA</arg>
<arg>BB</arg>
<arg>BD</arg>
<arg>BE</arg>
<arg>BF</arg>
<arg>BG</arg>
<arg>BH</arg>
<arg>BI</arg>
<arg>BJ</arg>
<arg>BL</arg>
<arg>BM</arg>
<arg>BN</arg>
<arg>BO</arg>
<arg>BQ</arg>
<arg>BR</arg>
<arg>BS</arg>
<arg>BT</arg>
<arg>BV</arg>
<arg>BW</arg>
<arg>BY</arg>
<arg>BZ</arg>
<arg>CA</arg>
<arg>CC</arg>
<arg>CD</arg>
<arg>CF</arg>
<arg>CG</arg>
<arg>CH</arg>
<arg>CI</arg>
<arg>CK</arg>
<arg>CL</arg>
<arg>CM</arg>
<arg>CN</arg>
<arg>CO</arg>
<arg>CR</arg>
<arg>CU</arg>
<arg>CV</arg>
<arg>CW</arg>
<arg>CX</arg>
<arg>CY</arg>
<arg>CZ</arg>
<arg>DE</arg>
<arg>DJ</arg>
<arg>DK</arg>
<arg>DM</arg>
<arg>DO</arg>
<arg>DZ</arg>
<arg>EC</arg>
<arg>EE</arg>
<arg>EG</arg>
<arg>EH</arg>
<arg>ER</arg>
<arg>ES</arg>
<arg>ET</arg>
<arg>FI</arg>
<arg>FJ</arg>
<arg>FK</arg>
<arg>FM</arg>
<arg>FO</arg>
<arg>FR</arg>
<arg>GA</arg>
<arg>GB</arg>
<arg>GD</arg>
<arg>GE</arg>
<arg>GF</arg>
<arg>GG</arg>
<arg>GH</arg>
<arg>GI</arg>
<arg>GL</arg>
<arg>GM</arg>
<arg>GN</arg>
<arg>GP</arg>
<arg>GQ</arg>
<arg>GR</arg>
<arg>GS</arg>
<arg>GT</arg>
<arg>GU</arg>
<arg>GW</arg>
<arg>GY</arg>
<arg>HK</arg>
<arg>HM</arg>
<arg>HN</arg>
<arg>HR</arg>
<arg>HT</arg>
<arg>HU</arg>
<arg>ID</arg>
<arg>IE</arg>
<arg>IL</arg>
<arg>IM</arg>
<arg>IN</arg>
<arg>IO</arg>
<arg>IQ</arg>
<arg>IR</arg>
<arg>IS</arg>
<arg>IT</arg>
<arg>JE</arg>
<arg>JM</arg>
<arg>JO</arg>
<arg>JP</arg>
<arg>KE</arg>
<arg>KG</arg>
<arg>KH</arg>
<arg>KI</arg>
<arg>KM</arg>
<arg>KN</arg>
<arg>KP</arg>
<arg>KR</arg>
<arg>KW</arg>
<arg>KY</arg>
<arg>KZ</arg>
<arg>LA</arg>
<arg>LB</arg>
<arg>LC</arg>
<arg>LI</arg>
<arg>LK</arg>
<arg>LR</arg>
<arg>LS</arg>
<arg>LT</arg>
<arg>LU</arg>
<arg>LV</arg>
<arg>LY</arg>
<arg>MA</arg>
<arg>MC</arg>
<arg>MD</arg>
<arg>ME</arg>
<arg>MF</arg>
<arg>MG</arg>
<arg>MH</arg>
<arg>MK</arg>
<arg>ML</arg>
<arg>MM</arg>
<arg>MN</arg>
<arg>MO</arg>
<arg>MP</arg>
<arg>MQ</arg>
<arg>MR</arg>
<arg>MS</arg>
<arg>MT</arg>
<arg>MU</arg>
<arg>MV</arg>
<arg>MW</arg>
<arg>MX</arg>
<arg>MY</arg>
<arg>MZ</arg>
<arg>NA</arg>
<arg>NC</arg>
<arg>NE</arg>
<arg>NF</arg>
<arg>NG</arg>
<arg>NI</arg>
<arg>NL</arg>
<arg>NO</arg>
<arg>NP</arg>
<arg>NR</arg>
<arg>NU</arg>
<arg>NZ</arg>
<arg>OM</arg>
<arg>PA</arg>
<arg>PE</arg>
<arg>PF</arg>
<arg>PG</arg>
<arg>PH</arg>
<arg>PK</arg>
<arg>PL</arg>
<arg>PM</arg>
<arg>PN</arg>
<arg>PR</arg>
<arg>PS</arg>
<arg>PT</arg>
<arg>PW</arg>
<arg>PY</arg>
<arg>QA</arg>
<arg>RE</arg>
<arg>RO</arg>
<arg>RS</arg>
<arg>RU</arg>
<arg>RW</arg>
<arg>SA</arg>
<arg>SB</arg>
<arg>SC</arg>
<arg>SD</arg>
<arg>SE</arg>
<arg>SG</arg>
<arg>SH</arg>
<arg>SI</arg>
<arg>SJ</arg>
<arg>SK</arg>
<arg>SL</arg>
<arg>SM</arg>
<arg>SN</arg>
<arg>SO</arg>
<arg>SR</arg>
<arg>SS</arg>
<arg>ST</arg>
<arg>SV</arg>
<arg>SX</arg>
<arg>SY</arg>
<arg>SZ</arg>
<arg>TC</arg>
<arg>TD</arg>
<arg>TF</arg>
<arg>TG</arg>
<arg>TH</arg>
<arg>TJ</arg>
<arg>TK</arg>
<arg>TL</arg>
<arg>TM</arg>
<arg>TN</arg>
<arg>TO</arg>
<arg>TR</arg>
<arg>TT</arg>
<arg>TV</arg>
<arg>TW</arg>
<arg>TZ</arg>
<arg>UA</arg>
<arg>UG</arg>
<arg>UM</arg>
<arg>US</arg>
<arg>UY</arg>
<arg>UZ</arg>
<arg>VA</arg>
<arg>VC</arg>
<arg>VE</arg>
<arg>VG</arg>
<arg>VI</arg>
<arg>VN</arg>
<arg>VU</arg>
<arg>WF</arg>
<arg>WS</arg>
<arg>XK</arg>
<arg>YE</arg>
<arg>YT</arg>
<arg>ZA</arg>
<arg>ZM</arg>
<arg>ZW</arg>
<doc>Returns a list containing given items.</doc>
<status status="PASS" start="2024-07-07T23:15:39.587180" elapsed="0.000615"/>
</kw>
<kw name="List Should Contain Value" owner="Collections">
<arg>${list_country}</arg>
<arg>${name_country}</arg>
<doc>Fails if the ``value`` is not found from ``list``.</doc>
<status status="PASS" start="2024-07-07T23:15:39.588588" elapsed="0.000201"/>
</kw>
<kw name="Run Keyword If" owner="BuiltIn">
<kw name="Should Be True" owner="BuiltIn">
<arg>${True}</arg>
<doc>Fails if the given condition is not true.</doc>
<status status="PASS" start="2024-07-07T23:15:39.589734" elapsed="0.000141"/>
</kw>
<arg>${json_data["results"][0]["location"]["coordinates"]["latitude"]} &gt;= -90 and ${json_data["results"][0]["location"]["coordinates"]["latitude"]} &lt;= 90</arg>
<arg>Should Be True</arg>
<arg>${True}</arg>
<doc>Runs the given keyword with the given arguments, if ``condition`` is true.</doc>
<status status="PASS" start="2024-07-07T23:15:39.588984" elapsed="0.001015"/>
</kw>
<kw name="Run Keyword If" owner="BuiltIn">
<kw name="Should Be True" owner="BuiltIn">
<arg>${True}</arg>
<doc>Fails if the given condition is not true.</doc>
<status status="PASS" start="2024-07-07T23:15:39.590908" elapsed="0.000257"/>
</kw>
<arg>${json_data["results"][0]["location"]["coordinates"]["longitude"]} &gt;= -180 and ${json_data["results"][0]["location"]["coordinates"]["longitude"]} &lt;= 180</arg>
<arg>Should Be True</arg>
<arg>${True}</arg>
<doc>Runs the given keyword with the given arguments, if ``condition`` is true.</doc>
<status status="PASS" start="2024-07-07T23:15:39.590175" elapsed="0.001144"/>
</kw>
<status status="PASS" start="2024-07-07T23:15:39.485562" elapsed="0.105900"/>
</kw>
<doc>Testa o conteúdo específico dos campos retornados pela API.</doc>
<tag>testeConteudo</tag>
<status status="PASS" start="2024-07-07T23:15:39.484876" elapsed="0.106739"/>
</test>
<status status="PASS" start="2024-07-07T23:15:38.616874" elapsed="0.976701"/>
</suite>
<status status="PASS" start="2024-07-07T23:15:38.601725" elapsed="0.996921"/>
</suite>
<statistics>
<total>
<stat pass="5" fail="0" skip="0">All Tests</stat>
</total>
<tag>
<stat pass="1" fail="0" skip="0">testeConteudo</stat>
<stat pass="1" fail="0" skip="0">testeEstruturaResposta</stat>
<stat pass="1" fail="0" skip="0">testeRequisicaoBasica</stat>
<stat pass="1" fail="0" skip="0">testeTiposDados</stat>
</tag>
<suite>
<stat pass="5" fail="0" skip="0" id="s1" name="Tests">Tests</stat>
<stat pass="5" fail="0" skip="0" id="s1-s1" name="Random-User-Test">Tests.Random-User-Test</stat>
</suite>
</statistics>
<errors>
</errors>
</robot>
