<?xml version="1.0" encoding="UTF-8"?>
<robot generator="Robot 7.0 (Python 3.12.2 on linux)" generated="2024-03-27T20:14:17.747971" rpa="false" schemaversion="5">
<suite id="s1" name="Tests" source="/home/runner/work/DesafioQAItauRogerioJordao/DesafioQAItauRogerioJordao/RamdonUser/tests">
<suite id="s1-s1" name="Random-User-Test" source="/home/runner/work/DesafioQAItauRogerioJordao/DesafioQAItauRogerioJordao/RamdonUser/tests/random-user-test.robot">
<test id="s1-s1-t1" name="Conectar" line="13">
<kw name="Conectar API" owner="random-user-service">
<kw name="Create Session" owner="RequestsLibrary">
<msg time="2024-03-27T20:14:18.101608" level="INFO">Creating Session using : alias=consultarAPI, url=https://randomuser.me/, headers={},                     cookies={}, auth=None, timeout=None, proxies=None, verify=False,                     debug=0 </msg>
<arg>consultarAPI</arg>
<arg>${URL}</arg>
<doc>Create Session: create a HTTP session to a server</doc>
<status status="PASS" start="2024-03-27T20:14:18.101401" elapsed="0.000375"/>
</kw>
<status status="PASS" start="2024-03-27T20:14:18.100388" elapsed="0.001745"/>
</kw>
<status status="PASS" start="2024-03-27T20:14:18.099774" elapsed="0.002566"/>
</test>
<test id="s1-s1-t2" name="Validar retorno 200 e JSON Válido" line="16">
<kw name="Teste de Requisicao Basica" owner="random-user-service">
<kw name="GET On Session" owner="RequestsLibrary">
<msg time="2024-03-27T20:14:18.337470" level="INFO">GET Request : url=https://randomuser.me/api 
 path_url=/api 
 headers={'User-Agent': 'python-requests/2.31.0', 'Accept-Encoding': 'gzip, deflate', 'Accept': '*/*', 'Connection': 'keep-alive'} 
 body=None 
 </msg>
<msg time="2024-03-27T20:14:18.337592" level="INFO">GET Response : url=https://randomuser.me/api 
 status=200, reason=OK 
 headers={'Date': 'Wed, 27 Mar 2024 20:14:18 GMT', 'Content-Type': 'application/json; charset=utf-8', 'Transfer-Encoding': 'chunked', 'Connection': 'keep-alive', 'X-Powered-By': 'Express', 'Access-Control-Allow-Origin': '*', 'Cache-Control': 'no-cache', 'ETag': 'W/"492-IwVndms2RPtEpPwtgqVYMwC38bg"', 'Vary': 'Accept-Encoding', 'Content-Encoding': 'gzip', 'CF-Cache-Status': 'DYNAMIC', 'Report-To': '{"endpoints":[{"url":"https:\\/\\/a.nel.cloudflare.com\\/report\\/v4?s=5%2BRyWU%2FUfqCxL70N9TsksouB9I3resOWr7HpEesIMUSFPuy%2BRX6pVrv7AXrbtSD8OY1xjrtCc%2BKOjS7NcQNbSCgkv9miEpjA66r0OnclNnhwNEOKObJpXKA3c6NYchLA"}],"group":"cf-nel","max_age":604800}', 'NEL': '{"success_fraction":0,"report_to":"cf-nel","max_age":604800}', 'Server': 'cloudflare', 'CF-RAY': '86b20bc3f91ff95f-SJC', 'alt-svc': 'h3=":443"; ma=86400'} 
 body={"results":[{"gender":"female","name":{"title":"Ms","first":"Alyssa","last":"Nelson"},"location":{"street":{"number":3211,"name":"Brown Terrace"},"city":"Mcallen","state":"Indiana","country":"United States","postcode":62963,"coordinates":{"latitude":"84.7895","longitude":"17.4721"},"timezone":{"offset":"+6:00","description":"Almaty, Dhaka, Colombo"}},"email":"alyssa.nelson@example.com","login":{"uuid":"0abc5084-9386-431f-b5fc-c282ce8f61b8","username":"silverrabbit224","password":"waterboy","salt":"lHyme79w","md5":"905b5de6896095803bd2467d69f6e375","sha1":"e96295797b7d2cb616394e23c63b0853e17dea96","sha256":"d331fb8fe882510e92f6a1f4314d2dc6e29956a3ce8548d5508ed996a32a2402"},"dob":{"date":"1975-02-07T16:00:29.761Z","age":49},"registered":{"date":"2005-03-31T20:50:40.106Z","age":18},"phone":"(959) 517-5302","cell":"(764) 861-2801","id":{"name":"SSN","value":"704-91-0817"},"picture":{"large":"https://randomuser.me/api/portraits/women/75.jpg","medium":"https://randomuser.me/api/portraits/med/women/75.jpg","thumbnail":"https://randomuser.me/api/portraits/thumb/women/75.jpg"},"nat":"US"}],"info":{"seed":"b352e55182af0f93","results":1,"page":1,"version":"1.4"}} 
 </msg>
<msg time="2024-03-27T20:14:18.337689" level="INFO">/opt/hostedtoolcache/Python/3.12.2/x64/lib/python3.12/site-packages/urllib3/connectionpool.py:1103: InsecureRequestWarning: Unverified HTTPS request is being made to host 'randomuser.me'. Adding certificate verification is strongly advised. See: https://urllib3.readthedocs.io/en/latest/advanced-usage.html#tls-warnings
  warnings.warn(</msg>
<msg time="2024-03-27T20:14:18.337828" level="INFO">${response} = &lt;Response [200]&gt;</msg>
<var>${response}</var>
<arg>consultarAPI</arg>
<arg>/api</arg>
<doc>Sends a GET request on a previously created HTTP Session.</doc>
<status status="PASS" start="2024-03-27T20:14:18.104996" elapsed="0.232878"/>
</kw>
<kw name="Should Be Equal As Numbers" owner="BuiltIn">
<msg time="2024-03-27T20:14:18.338713" level="INFO">Argument types are:
&lt;class 'int'&gt;
&lt;class 'str'&gt;</msg>
<arg>${response.status_code}</arg>
<arg>200</arg>
<doc>Fails if objects are unequal after converting them to real numbers.</doc>
<status status="PASS" start="2024-03-27T20:14:18.338289" elapsed="0.000489"/>
</kw>
<kw name="Log" owner="BuiltIn">
<msg time="2024-03-27T20:14:18.339462" level="INFO">200</msg>
<arg>${response.status_code}</arg>
<doc>Logs the given message with the given level.</doc>
<status status="PASS" start="2024-03-27T20:14:18.339099" elapsed="0.000406"/>
</kw>
<kw name="Set Variable" owner="BuiltIn">
<msg time="2024-03-27T20:14:18.340320" level="INFO">${json_data} = {'results': [{'gender': 'female', 'name': {'title': 'Ms', 'first': 'Alyssa', 'last': 'Nelson'}, 'location': {'street': {'number': 3211, 'name': 'Brown Terrace'}, 'city': 'Mcallen', 'state': 'Indiana',...</msg>
<var>${json_data}</var>
<arg>${response.json()}</arg>
<doc>Returns the given values which can then be assigned to a variables.</doc>
<status status="PASS" start="2024-03-27T20:14:18.339839" elapsed="0.000509"/>
</kw>
<kw name="Dictionary Should Contain Key" owner="Collections">
<msg time="2024-03-27T20:14:18.340815" level="INFO">False</msg>
<arg>${json_data}</arg>
<arg>results</arg>
<doc>Fails if ``key`` is not found from ``dictionary``.</doc>
<status status="PASS" start="2024-03-27T20:14:18.340651" elapsed="0.000203"/>
</kw>
<status status="PASS" start="2024-03-27T20:14:18.104743" elapsed="0.236370"/>
</kw>
<doc>Testa se a API responde corretamente e retorna um objeto JSON válido.</doc>
<tag>testeRequisicaoBasica</tag>
<status status="PASS" start="2024-03-27T20:14:18.104221" elapsed="0.237073"/>
</test>
<test id="s1-s1-t3" name="Validar estrutura de resposta" line="22">
<kw name="Teste de Estrutura de Resposta" owner="random-user-service">
<kw name="GET On Session" owner="RequestsLibrary">
<msg time="2024-03-27T20:14:18.444828" level="INFO">GET Request : url=https://randomuser.me/api 
 path_url=/api 
 headers={'User-Agent': 'python-requests/2.31.0', 'Accept-Encoding': 'gzip, deflate', 'Accept': '*/*', 'Connection': 'keep-alive'} 
 body=None 
 </msg>
<msg time="2024-03-27T20:14:18.444909" level="INFO">GET Response : url=https://randomuser.me/api 
 status=200, reason=OK 
 headers={'Date': 'Wed, 27 Mar 2024 20:14:18 GMT', 'Content-Type': 'application/json; charset=utf-8', 'Transfer-Encoding': 'chunked', 'Connection': 'keep-alive', 'X-Powered-By': 'Express', 'Access-Control-Allow-Origin': '*', 'Cache-Control': 'no-cache', 'ETag': 'W/"497-Ipc3Hxx89sRWley+Ho3KPa/vESI"', 'Vary': 'Accept-Encoding', 'Content-Encoding': 'gzip', 'CF-Cache-Status': 'DYNAMIC', 'Report-To': '{"endpoints":[{"url":"https:\\/\\/a.nel.cloudflare.com\\/report\\/v4?s=pOMDhehQ1zWXFqaOBhIdlMGkqHpZuLr3fpyVsCp7hMvOaDizopi0QE6EESa3M4LaILRcLPCrTqRTwS7IoZ7gei5d5qXHP09fBD%2FesApU%2BT%2BE0Djhql4tGtYTzp%2BFkUE5"}],"group":"cf-nel","max_age":604800}', 'NEL': '{"success_fraction":0,"report_to":"cf-nel","max_age":604800}', 'Server': 'cloudflare', 'CF-RAY': '86b20bc4a9edf95f-SJC', 'alt-svc': 'h3=":443"; ma=86400'} 
 body={"results":[{"gender":"male","name":{"title":"Mr","first":"اميرعلي","last":"نجاتی"},"location":{"street":{"number":7683,"name":"میدان فلسطین"},"city":"مشهد","state":"اصفهان","country":"Iran","postcode":89504,"coordinates":{"latitude":"19.7134","longitude":"-27.4066"},"timezone":{"offset":"-6:00","description":"Central Time (US &amp; Canada), Mexico City"}},"email":"myraaly.njty@example.com","login":{"uuid":"3b3ccb1e-e70c-4b96-87be-d4fe77584e4e","username":"sadswan837","password":"ib6ub9","salt":"6EbUTLyH","md5":"bc9f2f48231026c6b3e6fbb2a870fe2a","sha1":"761d847baf3f81ca25c2b57e3a290d7a8b116039","sha256":"90e81bb913b2b762993aaff8a3c47e43f2ef2ce009231381201d36c07c7afdc3"},"dob":{"date":"1958-11-08T13:06:55.379Z","age":65},"registered":{"date":"2022-04-25T10:01:26.234Z","age":1},"phone":"044-35282944","cell":"0910-985-9731","id":{"name":"","value":null},"picture":{"large":"https://randomuser.me/api/portraits/men/87.jpg","medium":"https://randomuser.me/api/portraits/med/men/87.jpg","thumbnail":"https://randomuser.me/api/portraits/thumb/men/87.jpg"},"nat":"IR"}],"info":{"seed":"9c66ad386cdfedc6","results":1,"page":1,"version":"1.4"}} 
 </msg>
<msg time="2024-03-27T20:14:18.445039" level="INFO">/opt/hostedtoolcache/Python/3.12.2/x64/lib/python3.12/site-packages/urllib3/connectionpool.py:1103: InsecureRequestWarning: Unverified HTTPS request is being made to host 'randomuser.me'. Adding certificate verification is strongly advised. See: https://urllib3.readthedocs.io/en/latest/advanced-usage.html#tls-warnings
  warnings.warn(</msg>
<msg time="2024-03-27T20:14:18.445175" level="INFO">${response} = &lt;Response [200]&gt;</msg>
<var>${response}</var>
<arg>consultarAPI</arg>
<arg>/api</arg>
<doc>Sends a GET request on a previously created HTTP Session.</doc>
<status status="PASS" start="2024-03-27T20:14:18.344069" elapsed="0.101152"/>
</kw>
<kw name="Set Variable" owner="BuiltIn">
<msg time="2024-03-27T20:14:18.446089" level="INFO">${json_data} = {'results': [{'gender': 'male', 'name': {'title': 'Mr', 'first': 'اميرعلي', 'last': 'نجاتی'}, 'location': {'street': {'number': 7683, 'name': 'میدان فلسطین'}, 'city': 'مشهد', 'state': 'اصفهان', 'count...</msg>
<var>${json_data}</var>
<arg>${response.json()}</arg>
<doc>Returns the given values which can then be assigned to a variables.</doc>
<status status="PASS" start="2024-03-27T20:14:18.445640" elapsed="0.000480"/>
</kw>
<kw name="Log" owner="BuiltIn">
<msg time="2024-03-27T20:14:18.446587" level="INFO">{'results': [{'gender': 'male', 'name': {'title': 'Mr', 'first': 'اميرعلي', 'last': 'نجاتی'}, 'location': {'street': {'number': 7683, 'name': 'میدان فلسطین'}, 'city': 'مشهد', 'state': 'اصفهان', 'country': 'Iran', 'postcode': 89504, 'coordinates': {'latitude': '19.7134', 'longitude': '-27.4066'}, 'timezone': {'offset': '-6:00', 'description': 'Central Time (US &amp; Canada), Mexico City'}}, 'email': 'myraaly.njty@example.com', 'login': {'uuid': '3b3ccb1e-e70c-4b96-87be-d4fe77584e4e', 'username': 'sadswan837', 'password': 'ib6ub9', 'salt': '6EbUTLyH', 'md5': 'bc9f2f48231026c6b3e6fbb2a870fe2a', 'sha1': '761d847baf3f81ca25c2b57e3a290d7a8b116039', 'sha256': '90e81bb913b2b762993aaff8a3c47e43f2ef2ce009231381201d36c07c7afdc3'}, 'dob': {'date': '1958-11-08T13:06:55.379Z', 'age': 65}, 'registered': {'date': '2022-04-25T10:01:26.234Z', 'age': 1}, 'phone': '044-35282944', 'cell': '0910-985-9731', 'id': {'name': '', 'value': None}, 'picture': {'large': 'https://randomuser.me/api/portraits/men/87.jpg', 'medium': 'https://randomuser.me/api/portraits/med/men/87.jpg', 'thumbnail': 'https://randomuser.me/api/portraits/thumb/men/87.jpg'}, 'nat': 'IR'}], 'info': {'seed': '9c66ad386cdfedc6', 'results': 1, 'page': 1, 'version': '1.4'}}</msg>
<arg>${json_data}</arg>
<doc>Logs the given message with the given level.</doc>
<status status="PASS" start="2024-03-27T20:14:18.446425" elapsed="0.000213"/>
</kw>
<kw name="Dictionary Should Contain Key" owner="Collections">
<msg time="2024-03-27T20:14:18.447089" level="INFO">False</msg>
<arg>${json_data}</arg>
<arg>results</arg>
<doc>Fails if ``key`` is not found from ``dictionary``.</doc>
<status status="PASS" start="2024-03-27T20:14:18.446932" elapsed="0.000193"/>
</kw>
<kw name="Should Not Be Empty" owner="BuiltIn">
<msg time="2024-03-27T20:14:18.447540" level="INFO">Length is 2.</msg>
<arg>${json_data}</arg>
<doc>Verifies that the given item is not empty.</doc>
<status status="PASS" start="2024-03-27T20:14:18.447412" elapsed="0.000165"/>
</kw>
<kw name="Create List" owner="BuiltIn">
<msg time="2024-03-27T20:14:18.448042" level="INFO">${expected_keys} = ['gender', 'name', 'location', 'email', 'login']</msg>
<var>${expected_keys}</var>
<arg>gender</arg>
<arg>name</arg>
<arg>location</arg>
<arg>email</arg>
<arg>login</arg>
<doc>Returns a list containing given items.</doc>
<status status="PASS" start="2024-03-27T20:14:18.447859" elapsed="0.000211"/>
</kw>
<for flavor="IN">
<iter>
<kw name="Dictionary Should Contain Key" owner="Collections">
<msg time="2024-03-27T20:14:18.449029" level="INFO">False</msg>
<arg>${json_data['results'][0]}</arg>
<arg>${key}</arg>
<doc>Fails if ``key`` is not found from ``dictionary``.</doc>
<status status="PASS" start="2024-03-27T20:14:18.448632" elapsed="0.000435"/>
</kw>
<kw name="Log" owner="BuiltIn">
<msg time="2024-03-27T20:14:18.449755" level="INFO">{'gender': 'male', 'name': {'title': 'Mr', 'first': 'اميرعلي', 'last': 'نجاتی'}, 'location': {'street': {'number': 7683, 'name': 'میدان فلسطین'}, 'city': 'مشهد', 'state': 'اصفهان', 'country': 'Iran', 'postcode': 89504, 'coordinates': {'latitude': '19.7134', 'longitude': '-27.4066'}, 'timezone': {'offset': '-6:00', 'description': 'Central Time (US &amp; Canada), Mexico City'}}, 'email': 'myraaly.njty@example.com', 'login': {'uuid': '3b3ccb1e-e70c-4b96-87be-d4fe77584e4e', 'username': 'sadswan837', 'password': 'ib6ub9', 'salt': '6EbUTLyH', 'md5': 'bc9f2f48231026c6b3e6fbb2a870fe2a', 'sha1': '761d847baf3f81ca25c2b57e3a290d7a8b116039', 'sha256': '90e81bb913b2b762993aaff8a3c47e43f2ef2ce009231381201d36c07c7afdc3'}, 'dob': {'date': '1958-11-08T13:06:55.379Z', 'age': 65}, 'registered': {'date': '2022-04-25T10:01:26.234Z', 'age': 1}, 'phone': '044-35282944', 'cell': '0910-985-9731', 'id': {'name': '', 'value': None}, 'picture': {'large': 'https://randomuser.me/api/portraits/men/87.jpg', 'medium': 'https://randomuser.me/api/portraits/med/men/87.jpg', 'thumbnail': 'https://randomuser.me/api/portraits/thumb/men/87.jpg'}, 'nat': 'IR'}</msg>
<arg>${json_data['results'][0]}</arg>
<doc>Logs the given message with the given level.</doc>
<status status="PASS" start="2024-03-27T20:14:18.449383" elapsed="0.000429"/>
</kw>
<kw name="Log" owner="BuiltIn">
<msg time="2024-03-27T20:14:18.450247" level="INFO">gender</msg>
<arg>${key}</arg>
<doc>Logs the given message with the given level.</doc>
<status status="PASS" start="2024-03-27T20:14:18.450119" elapsed="0.000165"/>
</kw>
<var name="${key}">gender</var>
<status status="PASS" start="2024-03-27T20:14:18.448502" elapsed="0.001996"/>
</iter>
<iter>
<kw name="Dictionary Should Contain Key" owner="Collections">
<msg time="2024-03-27T20:14:18.451175" level="INFO">False</msg>
<arg>${json_data['results'][0]}</arg>
<arg>${key}</arg>
<doc>Fails if ``key`` is not found from ``dictionary``.</doc>
<status status="PASS" start="2024-03-27T20:14:18.450796" elapsed="0.000415"/>
</kw>
<kw name="Log" owner="BuiltIn">
<msg time="2024-03-27T20:14:18.451897" level="INFO">{'gender': 'male', 'name': {'title': 'Mr', 'first': 'اميرعلي', 'last': 'نجاتی'}, 'location': {'street': {'number': 7683, 'name': 'میدان فلسطین'}, 'city': 'مشهد', 'state': 'اصفهان', 'country': 'Iran', 'postcode': 89504, 'coordinates': {'latitude': '19.7134', 'longitude': '-27.4066'}, 'timezone': {'offset': '-6:00', 'description': 'Central Time (US &amp; Canada), Mexico City'}}, 'email': 'myraaly.njty@example.com', 'login': {'uuid': '3b3ccb1e-e70c-4b96-87be-d4fe77584e4e', 'username': 'sadswan837', 'password': 'ib6ub9', 'salt': '6EbUTLyH', 'md5': 'bc9f2f48231026c6b3e6fbb2a870fe2a', 'sha1': '761d847baf3f81ca25c2b57e3a290d7a8b116039', 'sha256': '90e81bb913b2b762993aaff8a3c47e43f2ef2ce009231381201d36c07c7afdc3'}, 'dob': {'date': '1958-11-08T13:06:55.379Z', 'age': 65}, 'registered': {'date': '2022-04-25T10:01:26.234Z', 'age': 1}, 'phone': '044-35282944', 'cell': '0910-985-9731', 'id': {'name': '', 'value': None}, 'picture': {'large': 'https://randomuser.me/api/portraits/men/87.jpg', 'medium': 'https://randomuser.me/api/portraits/med/men/87.jpg', 'thumbnail': 'https://randomuser.me/api/portraits/thumb/men/87.jpg'}, 'nat': 'IR'}</msg>
<arg>${json_data['results'][0]}</arg>
<doc>Logs the given message with the given level.</doc>
<status status="PASS" start="2024-03-27T20:14:18.451537" elapsed="0.000412"/>
</kw>
<kw name="Log" owner="BuiltIn">
<msg time="2024-03-27T20:14:18.452407" level="INFO">name</msg>
<arg>${key}</arg>
<doc>Logs the given message with the given level.</doc>
<status status="PASS" start="2024-03-27T20:14:18.452279" elapsed="0.000166"/>
</kw>
<var name="${key}">name</var>
<status status="PASS" start="2024-03-27T20:14:18.450683" elapsed="0.001978"/>
</iter>
<iter>
<kw name="Dictionary Should Contain Key" owner="Collections">
<msg time="2024-03-27T20:14:18.453326" level="INFO">False</msg>
<arg>${json_data['results'][0]}</arg>
<arg>${key}</arg>
<doc>Fails if ``key`` is not found from ``dictionary``.</doc>
<status status="PASS" start="2024-03-27T20:14:18.452954" elapsed="0.000409"/>
</kw>
<kw name="Log" owner="BuiltIn">
<msg time="2024-03-27T20:14:18.454020" level="INFO">{'gender': 'male', 'name': {'title': 'Mr', 'first': 'اميرعلي', 'last': 'نجاتی'}, 'location': {'street': {'number': 7683, 'name': 'میدان فلسطین'}, 'city': 'مشهد', 'state': 'اصفهان', 'country': 'Iran', 'postcode': 89504, 'coordinates': {'latitude': '19.7134', 'longitude': '-27.4066'}, 'timezone': {'offset': '-6:00', 'description': 'Central Time (US &amp; Canada), Mexico City'}}, 'email': 'myraaly.njty@example.com', 'login': {'uuid': '3b3ccb1e-e70c-4b96-87be-d4fe77584e4e', 'username': 'sadswan837', 'password': 'ib6ub9', 'salt': '6EbUTLyH', 'md5': 'bc9f2f48231026c6b3e6fbb2a870fe2a', 'sha1': '761d847baf3f81ca25c2b57e3a290d7a8b116039', 'sha256': '90e81bb913b2b762993aaff8a3c47e43f2ef2ce009231381201d36c07c7afdc3'}, 'dob': {'date': '1958-11-08T13:06:55.379Z', 'age': 65}, 'registered': {'date': '2022-04-25T10:01:26.234Z', 'age': 1}, 'phone': '044-35282944', 'cell': '0910-985-9731', 'id': {'name': '', 'value': None}, 'picture': {'large': 'https://randomuser.me/api/portraits/men/87.jpg', 'medium': 'https://randomuser.me/api/portraits/med/men/87.jpg', 'thumbnail': 'https://randomuser.me/api/portraits/thumb/men/87.jpg'}, 'nat': 'IR'}</msg>
<arg>${json_data['results'][0]}</arg>
<doc>Logs the given message with the given level.</doc>
<status status="PASS" start="2024-03-27T20:14:18.453659" elapsed="0.000417"/>
</kw>
<kw name="Log" owner="BuiltIn">
<msg time="2024-03-27T20:14:18.454496" level="INFO">location</msg>
<arg>${key}</arg>
<doc>Logs the given message with the given level.</doc>
<status status="PASS" start="2024-03-27T20:14:18.454371" elapsed="0.000163"/>
</kw>
<var name="${key}">location</var>
<status status="PASS" start="2024-03-27T20:14:18.452844" elapsed="0.001905"/>
</iter>
<iter>
<kw name="Dictionary Should Contain Key" owner="Collections">
<msg time="2024-03-27T20:14:18.455392" level="INFO">False</msg>
<arg>${json_data['results'][0]}</arg>
<arg>${key}</arg>
<doc>Fails if ``key`` is not found from ``dictionary``.</doc>
<status status="PASS" start="2024-03-27T20:14:18.455026" elapsed="0.000402"/>
</kw>
<kw name="Log" owner="BuiltIn">
<msg time="2024-03-27T20:14:18.456101" level="INFO">{'gender': 'male', 'name': {'title': 'Mr', 'first': 'اميرعلي', 'last': 'نجاتی'}, 'location': {'street': {'number': 7683, 'name': 'میدان فلسطین'}, 'city': 'مشهد', 'state': 'اصفهان', 'country': 'Iran', 'postcode': 89504, 'coordinates': {'latitude': '19.7134', 'longitude': '-27.4066'}, 'timezone': {'offset': '-6:00', 'description': 'Central Time (US &amp; Canada), Mexico City'}}, 'email': 'myraaly.njty@example.com', 'login': {'uuid': '3b3ccb1e-e70c-4b96-87be-d4fe77584e4e', 'username': 'sadswan837', 'password': 'ib6ub9', 'salt': '6EbUTLyH', 'md5': 'bc9f2f48231026c6b3e6fbb2a870fe2a', 'sha1': '761d847baf3f81ca25c2b57e3a290d7a8b116039', 'sha256': '90e81bb913b2b762993aaff8a3c47e43f2ef2ce009231381201d36c07c7afdc3'}, 'dob': {'date': '1958-11-08T13:06:55.379Z', 'age': 65}, 'registered': {'date': '2022-04-25T10:01:26.234Z', 'age': 1}, 'phone': '044-35282944', 'cell': '0910-985-9731', 'id': {'name': '', 'value': None}, 'picture': {'large': 'https://randomuser.me/api/portraits/men/87.jpg', 'medium': 'https://randomuser.me/api/portraits/med/men/87.jpg', 'thumbnail': 'https://randomuser.me/api/portraits/thumb/men/87.jpg'}, 'nat': 'IR'}</msg>
<arg>${json_data['results'][0]}</arg>
<doc>Logs the given message with the given level.</doc>
<status status="PASS" start="2024-03-27T20:14:18.455721" elapsed="0.000432"/>
</kw>
<kw name="Log" owner="BuiltIn">
<msg time="2024-03-27T20:14:18.456577" level="INFO">email</msg>
<arg>${key}</arg>
<doc>Logs the given message with the given level.</doc>
<status status="PASS" start="2024-03-27T20:14:18.456449" elapsed="0.000166"/>
</kw>
<var name="${key}">email</var>
<status status="PASS" start="2024-03-27T20:14:18.454918" elapsed="0.001911"/>
</iter>
<iter>
<kw name="Dictionary Should Contain Key" owner="Collections">
<msg time="2024-03-27T20:14:18.457491" level="INFO">False</msg>
<arg>${json_data['results'][0]}</arg>
<arg>${key}</arg>
<doc>Fails if ``key`` is not found from ``dictionary``.</doc>
<status status="PASS" start="2024-03-27T20:14:18.457112" elapsed="0.000417"/>
</kw>
<kw name="Log" owner="BuiltIn">
<msg time="2024-03-27T20:14:18.458187" level="INFO">{'gender': 'male', 'name': {'title': 'Mr', 'first': 'اميرعلي', 'last': 'نجاتی'}, 'location': {'street': {'number': 7683, 'name': 'میدان فلسطین'}, 'city': 'مشهد', 'state': 'اصفهان', 'country': 'Iran', 'postcode': 89504, 'coordinates': {'latitude': '19.7134', 'longitude': '-27.4066'}, 'timezone': {'offset': '-6:00', 'description': 'Central Time (US &amp; Canada), Mexico City'}}, 'email': 'myraaly.njty@example.com', 'login': {'uuid': '3b3ccb1e-e70c-4b96-87be-d4fe77584e4e', 'username': 'sadswan837', 'password': 'ib6ub9', 'salt': '6EbUTLyH', 'md5': 'bc9f2f48231026c6b3e6fbb2a870fe2a', 'sha1': '761d847baf3f81ca25c2b57e3a290d7a8b116039', 'sha256': '90e81bb913b2b762993aaff8a3c47e43f2ef2ce009231381201d36c07c7afdc3'}, 'dob': {'date': '1958-11-08T13:06:55.379Z', 'age': 65}, 'registered': {'date': '2022-04-25T10:01:26.234Z', 'age': 1}, 'phone': '044-35282944', 'cell': '0910-985-9731', 'id': {'name': '', 'value': None}, 'picture': {'large': 'https://randomuser.me/api/portraits/men/87.jpg', 'medium': 'https://randomuser.me/api/portraits/med/men/87.jpg', 'thumbnail': 'https://randomuser.me/api/portraits/thumb/men/87.jpg'}, 'nat': 'IR'}</msg>
<arg>${json_data['results'][0]}</arg>
<doc>Logs the given message with the given level.</doc>
<status status="PASS" start="2024-03-27T20:14:18.457821" elapsed="0.000418"/>
</kw>
<kw name="Log" owner="BuiltIn">
<msg time="2024-03-27T20:14:18.458661" level="INFO">login</msg>
<arg>${key}</arg>
<doc>Logs the given message with the given level.</doc>
<status status="PASS" start="2024-03-27T20:14:18.458535" elapsed="0.000262"/>
</kw>
<var name="${key}">login</var>
<status status="PASS" start="2024-03-27T20:14:18.456998" elapsed="0.002050"/>
</iter>
<var>${key}</var>
<value>@{expected_keys}</value>
<status status="PASS" start="2024-03-27T20:14:18.448323" elapsed="0.010850"/>
</for>
<kw name="Create List" owner="BuiltIn">
<msg time="2024-03-27T20:14:18.459499" level="INFO">${expected_keysTwo} = ['username', 'password']</msg>
<var>${expected_keysTwo}</var>
<arg>username</arg>
<arg>password</arg>
<doc>Returns a list containing given items.</doc>
<status status="PASS" start="2024-03-27T20:14:18.459364" elapsed="0.000159"/>
</kw>
<for flavor="IN">
<iter>
<kw name="Dictionary Should Contain Key" owner="Collections">
<msg time="2024-03-27T20:14:18.460435" level="INFO">False</msg>
<arg>${json_data['results'][0]['login']}</arg>
<arg>${keyTwo}</arg>
<doc>Fails if ``key`` is not found from ``dictionary``.</doc>
<status status="PASS" start="2024-03-27T20:14:18.460049" elapsed="0.000422"/>
</kw>
<kw name="Dictionary Should Contain Key" owner="Collections">
<msg time="2024-03-27T20:14:18.461141" level="INFO">False</msg>
<arg>${json_data['results'][0]['login']}</arg>
<arg>${keyTwo}</arg>
<doc>Fails if ``key`` is not found from ``dictionary``.</doc>
<status status="PASS" start="2024-03-27T20:14:18.460769" elapsed="0.000409"/>
</kw>
<kw name="Log" owner="BuiltIn">
<msg time="2024-03-27T20:14:18.461593" level="INFO">username</msg>
<arg>${keyTwo}</arg>
<doc>Logs the given message with the given level.</doc>
<status status="PASS" start="2024-03-27T20:14:18.461468" elapsed="0.000162"/>
</kw>
<var name="${keyTwo}">username</var>
<status status="PASS" start="2024-03-27T20:14:18.459909" elapsed="0.001933"/>
</iter>
<iter>
<kw name="Dictionary Should Contain Key" owner="Collections">
<msg time="2024-03-27T20:14:18.462492" level="INFO">False</msg>
<arg>${json_data['results'][0]['login']}</arg>
<arg>${keyTwo}</arg>
<doc>Fails if ``key`` is not found from ``dictionary``.</doc>
<status status="PASS" start="2024-03-27T20:14:18.462123" elapsed="0.000405"/>
</kw>
<kw name="Dictionary Should Contain Key" owner="Collections">
<msg time="2024-03-27T20:14:18.463201" level="INFO">False</msg>
<arg>${json_data['results'][0]['login']}</arg>
<arg>${keyTwo}</arg>
<doc>Fails if ``key`` is not found from ``dictionary``.</doc>
<status status="PASS" start="2024-03-27T20:14:18.462817" elapsed="0.000419"/>
</kw>
<kw name="Log" owner="BuiltIn">
<msg time="2024-03-27T20:14:18.463646" level="INFO">password</msg>
<arg>${keyTwo}</arg>
<doc>Logs the given message with the given level.</doc>
<status status="PASS" start="2024-03-27T20:14:18.463523" elapsed="0.000161"/>
</kw>
<var name="${keyTwo}">password</var>
<status status="PASS" start="2024-03-27T20:14:18.462014" elapsed="0.001881"/>
</iter>
<var>${keyTwo}</var>
<value>@{expected_keysTwo}</value>
<status status="PASS" start="2024-03-27T20:14:18.459759" elapsed="0.004283"/>
</for>
<status status="PASS" start="2024-03-27T20:14:18.343809" elapsed="0.120378"/>
</kw>
<doc>Testa a estrutura da resposta da API.</doc>
<tag>testeEstruturaResposta</tag>
<status status="PASS" start="2024-03-27T20:14:18.343096" elapsed="0.121243"/>
</test>
<test id="s1-s1-t4" name="Validar tipos de dados" line="28">
<kw name="Teste de Tipos de Dados" owner="random-user-service">
<kw name="GET On Session" owner="RequestsLibrary">
<msg time="2024-03-27T20:14:18.552538" level="INFO">GET Request : url=https://randomuser.me/api 
 path_url=/api 
 headers={'User-Agent': 'python-requests/2.31.0', 'Accept-Encoding': 'gzip, deflate', 'Accept': '*/*', 'Connection': 'keep-alive'} 
 body=None 
 </msg>
<msg time="2024-03-27T20:14:18.552614" level="INFO">GET Response : url=https://randomuser.me/api 
 status=200, reason=OK 
 headers={'Date': 'Wed, 27 Mar 2024 20:14:18 GMT', 'Content-Type': 'application/json; charset=utf-8', 'Transfer-Encoding': 'chunked', 'Connection': 'keep-alive', 'X-Powered-By': 'Express', 'Access-Control-Allow-Origin': '*', 'Cache-Control': 'no-cache', 'ETag': 'W/"4b0-v6HWJdK8WXcQkkGL9B6llJLSiPc"', 'Vary': 'Accept-Encoding', 'Content-Encoding': 'gzip', 'CF-Cache-Status': 'DYNAMIC', 'Report-To': '{"endpoints":[{"url":"https:\\/\\/a.nel.cloudflare.com\\/report\\/v4?s=QKemUoih1AaflAgL57%2BYNZJmcUCd%2F91t0h%2BW634HdiNniZX1NAEn5FJIuevUeq8TOq7jiQVrLAB4xt%2B4zlwTyp0SAf%2FBVgEYjNbHfa85XLEBY4UrhWMHq0XFr8hBEC70"}],"group":"cf-nel","max_age":604800}', 'NEL': '{"success_fraction":0,"report_to":"cf-nel","max_age":604800}', 'Server': 'cloudflare', 'CF-RAY': '86b20bc57a9ef95f-SJC', 'alt-svc': 'h3=":443"; ma=86400'} 
 body={"results":[{"gender":"female","name":{"title":"Mrs","first":"Sanchitha","last":"Gamskar"},"location":{"street":{"number":7084,"name":"Vellala St"},"city":"Visakhapatnam","state":"Andaman and Nicobar Islands","country":"India","postcode":73264,"coordinates":{"latitude":"5.5849","longitude":"49.0281"},"timezone":{"offset":"+9:00","description":"Tokyo, Seoul, Osaka, Sapporo, Yakutsk"}},"email":"sanchitha.gamskar@example.com","login":{"uuid":"a47ebff0-b102-4c5c-981e-f3b9d85da81a","username":"tinyzebra300","password":"baberuth","salt":"hchVtWeH","md5":"4ee77d4f2df8baf026878b170ccf652b","sha1":"37ced17a2444d006788ac750423a47d7a85267e6","sha256":"6ee959b81aaf6447f164cc35faca912c2b20f66feb3976ce24b32fe8511c2783"},"dob":{"date":"1983-09-26T17:07:23.989Z","age":40},"registered":{"date":"2014-03-26T14:53:49.396Z","age":10},"phone":"8386506878","cell":"9774463643","id":{"name":"UIDAI","value":"507092457376"},"picture":{"large":"https://randomuser.me/api/portraits/women/81.jpg","medium":"https://randomuser.me/api/portraits/med/women/81.jpg","thumbnail":"https://randomuser.me/api/portraits/thumb/women/81.jpg"},"nat":"IN"}],"info":{"seed":"b232fb6f8fb5c48c","results":1,"page":1,"version":"1.4"}} 
 </msg>
<msg time="2024-03-27T20:14:18.552679" level="INFO">/opt/hostedtoolcache/Python/3.12.2/x64/lib/python3.12/site-packages/urllib3/connectionpool.py:1103: InsecureRequestWarning: Unverified HTTPS request is being made to host 'randomuser.me'. Adding certificate verification is strongly advised. See: https://urllib3.readthedocs.io/en/latest/advanced-usage.html#tls-warnings
  warnings.warn(</msg>
<msg time="2024-03-27T20:14:18.552789" level="INFO">${response} = &lt;Response [200]&gt;</msg>
<var>${response}</var>
<arg>consultarAPI</arg>
<arg>/api</arg>
<doc>Sends a GET request on a previously created HTTP Session.</doc>
<status status="PASS" start="2024-03-27T20:14:18.466763" elapsed="0.086075"/>
</kw>
<kw name="Set Variable" owner="BuiltIn">
<msg time="2024-03-27T20:14:18.553832" level="INFO">${json_data} = {'results': [{'gender': 'female', 'name': {'title': 'Mrs', 'first': 'Sanchitha', 'last': 'Gamskar'}, 'location': {'street': {'number': 7084, 'name': 'Vellala St'}, 'city': 'Visakhapatnam', 'state': 'A...</msg>
<var>${json_data}</var>
<arg>${response.json()}</arg>
<doc>Returns the given values which can then be assigned to a variables.</doc>
<status status="PASS" start="2024-03-27T20:14:18.553295" elapsed="0.000565"/>
</kw>
<kw name="Log" owner="BuiltIn">
<msg time="2024-03-27T20:14:18.554321" level="INFO">{'results': [{'gender': 'female', 'name': {'title': 'Mrs', 'first': 'Sanchitha', 'last': 'Gamskar'}, 'location': {'street': {'number': 7084, 'name': 'Vellala St'}, 'city': 'Visakhapatnam', 'state': 'Andaman and Nicobar Islands', 'country': 'India', 'postcode': 73264, 'coordinates': {'latitude': '5.5849', 'longitude': '49.0281'}, 'timezone': {'offset': '+9:00', 'description': 'Tokyo, Seoul, Osaka, Sapporo, Yakutsk'}}, 'email': 'sanchitha.gamskar@example.com', 'login': {'uuid': 'a47ebff0-b102-4c5c-981e-f3b9d85da81a', 'username': 'tinyzebra300', 'password': 'baberuth', 'salt': 'hchVtWeH', 'md5': '4ee77d4f2df8baf026878b170ccf652b', 'sha1': '37ced17a2444d006788ac750423a47d7a85267e6', 'sha256': '6ee959b81aaf6447f164cc35faca912c2b20f66feb3976ce24b32fe8511c2783'}, 'dob': {'date': '1983-09-26T17:07:23.989Z', 'age': 40}, 'registered': {'date': '2014-03-26T14:53:49.396Z', 'age': 10}, 'phone': '8386506878', 'cell': '9774463643', 'id': {'name': 'UIDAI', 'value': '507092457376'}, 'picture': {'large': 'https://randomuser.me/api/portraits/women/81.jpg', 'medium': 'https://randomuser.me/api/portraits/med/women/81.jpg', 'thumbnail': 'https://randomuser.me/api/portraits/thumb/women/81.jpg'}, 'nat': 'IN'}], 'info': {'seed': 'b232fb6f8fb5c48c', 'results': 1, 'page': 1, 'version': '1.4'}}</msg>
<arg>${json_data}</arg>
<doc>Logs the given message with the given level.</doc>
<status status="PASS" start="2024-03-27T20:14:18.554168" elapsed="0.000233"/>
</kw>
<kw name="Should Be String" owner="String">
<arg>${json_data['results'][0]['gender']}</arg>
<doc>Fails if the given ``item`` is not a string.</doc>
<status status="PASS" start="2024-03-27T20:14:18.554700" elapsed="0.000362"/>
</kw>
<kw name="Should Match Regexp" owner="BuiltIn">
<arg>${json_data['results'][0]['email']}</arg>
<arg>^[a-zA-Z0-9._%+-]+@[a-zA-Z0-9.-]+\.[a-zA-Z]{2,}$</arg>
<doc>Fails if ``string`` does not match ``pattern`` as a regular expression.</doc>
<status status="PASS" start="2024-03-27T20:14:18.555259" elapsed="0.000505"/>
</kw>
<kw name="Should Match Regexp" owner="BuiltIn">
<arg>${json_data['results'][0]['dob']['date']}</arg>
<arg>\\d{4}-\\d{2}-\\d{2}T\\d{2}:\\d{2}:\\d{2}\\.\\d{3}Z</arg>
<doc>Fails if ``string`` does not match ``pattern`` as a regular expression.</doc>
<status status="PASS" start="2024-03-27T20:14:18.555960" elapsed="0.000570"/>
</kw>
<kw name="Should Match Regexp" owner="BuiltIn">
<arg>${json_data['results'][0]['registered']['date']}</arg>
<arg>\\d{4}-\\d{2}-\\d{2}T\\d{2}:\\d{2}:\\d{2}\\.\\d{3}Z</arg>
<doc>Fails if ``string`` does not match ``pattern`` as a regular expression.</doc>
<status status="PASS" start="2024-03-27T20:14:18.556729" elapsed="0.000371"/>
</kw>
<kw name="Should Match Regexp" owner="BuiltIn">
<arg>${json_data['results'][0]['picture']['large']}</arg>
<arg>^https?://.*\.(?:png|jpe?g|gif|bmp)$</arg>
<doc>Fails if ``string`` does not match ``pattern`` as a regular expression.</doc>
<status status="PASS" start="2024-03-27T20:14:18.557289" elapsed="0.000455"/>
</kw>
<kw name="Should Match Regexp" owner="BuiltIn">
<arg>${json_data['results'][0]['picture']['medium']}</arg>
<arg>^https?://.*\.(?:png|jpe?g|gif|bmp)$</arg>
<doc>Fails if ``string`` does not match ``pattern`` as a regular expression.</doc>
<status status="PASS" start="2024-03-27T20:14:18.557931" elapsed="0.000353"/>
</kw>
<kw name="Should Match Regexp" owner="BuiltIn">
<arg>${json_data['results'][0]['picture']['thumbnail']}</arg>
<arg>^https?://.*\.(?:png|jpe?g|gif|bmp)$</arg>
<doc>Fails if ``string`` does not match ``pattern`` as a regular expression.</doc>
<status status="PASS" start="2024-03-27T20:14:18.558465" elapsed="0.000344"/>
</kw>
<kw name="Log" owner="BuiltIn">
<msg time="2024-03-27T20:14:18.559304" level="INFO">{'large': 'https://randomuser.me/api/portraits/women/81.jpg', 'medium': 'https://randomuser.me/api/portraits/med/women/81.jpg', 'thumbnail': 'https://randomuser.me/api/portraits/thumb/women/81.jpg'}</msg>
<arg>${json_data['results'][0]['picture']}</arg>
<doc>Logs the given message with the given level.</doc>
<status status="PASS" start="2024-03-27T20:14:18.558987" elapsed="0.000363"/>
</kw>
<status status="PASS" start="2024-03-27T20:14:18.466545" elapsed="0.093058"/>
</kw>
<kw name="Teste de Tipos de Dados - Postcode" owner="random-user-service">
<kw name="GET On Session" owner="RequestsLibrary">
<msg time="2024-03-27T20:14:18.653259" level="INFO">GET Request : url=https://randomuser.me/api 
 path_url=/api 
 headers={'User-Agent': 'python-requests/2.31.0', 'Accept-Encoding': 'gzip, deflate', 'Accept': '*/*', 'Connection': 'keep-alive'} 
 body=None 
 </msg>
<msg time="2024-03-27T20:14:18.653359" level="INFO">GET Response : url=https://randomuser.me/api 
 status=200, reason=OK 
 headers={'Date': 'Wed, 27 Mar 2024 20:14:18 GMT', 'Content-Type': 'application/json; charset=utf-8', 'Transfer-Encoding': 'chunked', 'Connection': 'keep-alive', 'X-Powered-By': 'Express', 'Access-Control-Allow-Origin': '*', 'Cache-Control': 'no-cache', 'ETag': 'W/"490-tNYuykUCL19YEcag1dVxTqGfmjk"', 'Vary': 'Accept-Encoding', 'Content-Encoding': 'gzip', 'CF-Cache-Status': 'DYNAMIC', 'Report-To': '{"endpoints":[{"url":"https:\\/\\/a.nel.cloudflare.com\\/report\\/v4?s=ZNa3j3n7Gm3%2BehICi%2FctFGkM88pE2QFPkhbxbSspcjG13G5IrqRdD00RbEA1VwRIJ%2BkimSM2LlOf0JeuEk2AuZ6LzZjgTk1m9rbemDrQm8h3IGns%2FQIlBTjwYFgXinyO"}],"group":"cf-nel","max_age":604800}', 'NEL': '{"success_fraction":0,"report_to":"cf-nel","max_age":604800}', 'Server': 'cloudflare', 'CF-RAY': '86b20bc60b23f95f-SJC', 'alt-svc': 'h3=":443"; ma=86400'} 
 body={"results":[{"gender":"female","name":{"title":"Miss","first":"Leah","last":"Soto"},"location":{"street":{"number":9013,"name":"Strand Road"},"city":"Roscommon","state":"Dún Laoghaire–Rathdown","country":"Ireland","postcode":63759,"coordinates":{"latitude":"2.9707","longitude":"93.7758"},"timezone":{"offset":"-8:00","description":"Pacific Time (US &amp; Canada)"}},"email":"leah.soto@example.com","login":{"uuid":"9d42ecc3-9e86-44bb-ae70-2e443338ee56","username":"angrydog919","password":"johndeer","salt":"4FArRSQ3","md5":"4c53c0e203249fa279ef2d6ee434d440","sha1":"ead7a884d8d14a82386cdb161c28232543f7ed68","sha256":"1de094955b94db95c6275e7727dede79d106bbe0dbdcf3cc4b8e10570dd42638"},"dob":{"date":"1960-09-16T03:28:49.762Z","age":63},"registered":{"date":"2007-10-19T15:29:12.608Z","age":16},"phone":"021-159-8347","cell":"081-279-2712","id":{"name":"PPS","value":"5382225T"},"picture":{"large":"https://randomuser.me/api/portraits/women/21.jpg","medium":"https://randomuser.me/api/portraits/med/women/21.jpg","thumbnail":"https://randomuser.me/api/portraits/thumb/women/21.jpg"},"nat":"IE"}],"info":{"seed":"c32aa36087d835b9","results":1,"page":1,"version":"1.4"}} 
 </msg>
<msg time="2024-03-27T20:14:18.653452" level="INFO">/opt/hostedtoolcache/Python/3.12.2/x64/lib/python3.12/site-packages/urllib3/connectionpool.py:1103: InsecureRequestWarning: Unverified HTTPS request is being made to host 'randomuser.me'. Adding certificate verification is strongly advised. See: https://urllib3.readthedocs.io/en/latest/advanced-usage.html#tls-warnings
  warnings.warn(</msg>
<msg time="2024-03-27T20:14:18.653585" level="INFO">${response} = &lt;Response [200]&gt;</msg>
<var>${response}</var>
<arg>consultarAPI</arg>
<arg>/api</arg>
<doc>Sends a GET request on a previously created HTTP Session.</doc>
<status status="PASS" start="2024-03-27T20:14:18.560193" elapsed="0.093433"/>
</kw>
<kw name="Set Variable" owner="BuiltIn">
<msg time="2024-03-27T20:14:18.654819" level="INFO">${json_data} = {'results': [{'gender': 'female', 'name': {'title': 'Miss', 'first': 'Leah', 'last': 'Soto'}, 'location': {'street': {'number': 9013, 'name': 'Strand Road'}, 'city': 'Roscommon', 'state': 'Dún Laoghai...</msg>
<var>${json_data}</var>
<arg>${response.json()}</arg>
<doc>Returns the given values which can then be assigned to a variables.</doc>
<status status="PASS" start="2024-03-27T20:14:18.654259" elapsed="0.000590"/>
</kw>
<kw name="Log" owner="BuiltIn">
<msg time="2024-03-27T20:14:18.655314" level="INFO">{'results': [{'gender': 'female', 'name': {'title': 'Miss', 'first': 'Leah', 'last': 'Soto'}, 'location': {'street': {'number': 9013, 'name': 'Strand Road'}, 'city': 'Roscommon', 'state': 'Dún Laoghaire–Rathdown', 'country': 'Ireland', 'postcode': 63759, 'coordinates': {'latitude': '2.9707', 'longitude': '93.7758'}, 'timezone': {'offset': '-8:00', 'description': 'Pacific Time (US &amp; Canada)'}}, 'email': 'leah.soto@example.com', 'login': {'uuid': '9d42ecc3-9e86-44bb-ae70-2e443338ee56', 'username': 'angrydog919', 'password': 'johndeer', 'salt': '4FArRSQ3', 'md5': '4c53c0e203249fa279ef2d6ee434d440', 'sha1': 'ead7a884d8d14a82386cdb161c28232543f7ed68', 'sha256': '1de094955b94db95c6275e7727dede79d106bbe0dbdcf3cc4b8e10570dd42638'}, 'dob': {'date': '1960-09-16T03:28:49.762Z', 'age': 63}, 'registered': {'date': '2007-10-19T15:29:12.608Z', 'age': 16}, 'phone': '021-159-8347', 'cell': '081-279-2712', 'id': {'name': 'PPS', 'value': '5382225T'}, 'picture': {'large': 'https://randomuser.me/api/portraits/women/21.jpg', 'medium': 'https://randomuser.me/api/portraits/med/women/21.jpg', 'thumbnail': 'https://randomuser.me/api/portraits/thumb/women/21.jpg'}, 'nat': 'IE'}], 'info': {'seed': 'c32aa36087d835b9', 'results': 1, 'page': 1, 'version': '1.4'}}</msg>
<arg>${json_data}</arg>
<doc>Logs the given message with the given level.</doc>
<status status="PASS" start="2024-03-27T20:14:18.655156" elapsed="0.000243"/>
</kw>
<kw name="Should Be Equal As Numbers" owner="BuiltIn">
<arg>${json_data['results'][0]['location']['postcode']}</arg>
<arg>${json_data['results'][0]['location']['postcode']}</arg>
<doc>Fails if objects are unequal after converting them to real numbers.</doc>
<status status="PASS" start="2024-03-27T20:14:18.655705" elapsed="0.000677"/>
</kw>
<kw name="Log" owner="BuiltIn">
<msg time="2024-03-27T20:14:18.656907" level="INFO">63759</msg>
<arg>${json_data['results'][0]['location']['postcode']}</arg>
<doc>Logs the given message with the given level.</doc>
<status status="PASS" start="2024-03-27T20:14:18.656574" elapsed="0.000373"/>
</kw>
<status status="PASS" start="2024-03-27T20:14:18.559832" elapsed="0.097377"/>
</kw>
<doc>Testa se os tipos de dados na resposta da API estão corretos.</doc>
<tag>testeTiposDados</tag>
<status status="PASS" start="2024-03-27T20:14:18.466027" elapsed="0.191356"/>
</test>
<test id="s1-s1-t5" name="Validar conteudo" line="35">
<kw name="Teste de Tipos de Conteudo" owner="random-user-service">
<kw name="GET On Session" owner="RequestsLibrary">
<msg time="2024-03-27T20:14:18.759597" level="INFO">GET Request : url=https://randomuser.me/api 
 path_url=/api 
 headers={'User-Agent': 'python-requests/2.31.0', 'Accept-Encoding': 'gzip, deflate', 'Accept': '*/*', 'Connection': 'keep-alive'} 
 body=None 
 </msg>
<msg time="2024-03-27T20:14:18.759678" level="INFO">GET Response : url=https://randomuser.me/api 
 status=200, reason=OK 
 headers={'Date': 'Wed, 27 Mar 2024 20:14:18 GMT', 'Content-Type': 'application/json; charset=utf-8', 'Transfer-Encoding': 'chunked', 'Connection': 'keep-alive', 'X-Powered-By': 'Express', 'Access-Control-Allow-Origin': '*', 'Cache-Control': 'no-cache', 'ETag': 'W/"495-5ATkZEEn81XmiO1iXqxm/Gvz+j0"', 'Vary': 'Accept-Encoding', 'Content-Encoding': 'gzip', 'CF-Cache-Status': 'DYNAMIC', 'Report-To': '{"endpoints":[{"url":"https:\\/\\/a.nel.cloudflare.com\\/report\\/v4?s=JV%2FcgE22w5Fq8l2Um%2FQYxGj39vGY%2Bp4TJA3zZRNoJB6k4oAq5l9aj9SHQ5wrfR8dnyjouwrLVmLWkNVkoXr153Q4nBEQE8YFvSZCqdGpGnPPt0C5D3qtpeeWubhtDJNA"}],"group":"cf-nel","max_age":604800}', 'NEL': '{"success_fraction":0,"report_to":"cf-nel","max_age":604800}', 'Server': 'cloudflare', 'CF-RAY': '86b20bc6abe6f95f-SJC', 'alt-svc': 'h3=":443"; ma=86400'} 
 body={"results":[{"gender":"male","name":{"title":"Mr","first":"Álvaro","last":"Santiago"},"location":{"street":{"number":4508,"name":"Calle de Atocha"},"city":"Córdoba","state":"Extremadura","country":"Spain","postcode":90747,"coordinates":{"latitude":"-33.6861","longitude":"-123.1609"},"timezone":{"offset":"+4:00","description":"Abu Dhabi, Muscat, Baku, Tbilisi"}},"email":"alvaro.santiago@example.com","login":{"uuid":"1da7639e-7130-4761-8c16-d5956c6fb8d4","username":"beautifulgorilla856","password":"sensei","salt":"CflcDxfH","md5":"dfb84a14ca13fd7e6ff1dcba243d0f35","sha1":"b671997d51bd7f845181d8c617baabf959412c7b","sha256":"ed81ebbd512e2d2c1f2b42de730359fd747ecdd18217585fa4a39d2f7d2e9113"},"dob":{"date":"1964-04-10T15:19:53.021Z","age":59},"registered":{"date":"2014-10-04T06:23:31.083Z","age":9},"phone":"947-396-583","cell":"603-921-706","id":{"name":"DNI","value":"59318285-G"},"picture":{"large":"https://randomuser.me/api/portraits/men/34.jpg","medium":"https://randomuser.me/api/portraits/med/men/34.jpg","thumbnail":"https://randomuser.me/api/portraits/thumb/men/34.jpg"},"nat":"ES"}],"info":{"seed":"67671e60c2e68578","results":1,"page":1,"version":"1.4"}} 
 </msg>
<msg time="2024-03-27T20:14:18.759755" level="INFO">/opt/hostedtoolcache/Python/3.12.2/x64/lib/python3.12/site-packages/urllib3/connectionpool.py:1103: InsecureRequestWarning: Unverified HTTPS request is being made to host 'randomuser.me'. Adding certificate verification is strongly advised. See: https://urllib3.readthedocs.io/en/latest/advanced-usage.html#tls-warnings
  warnings.warn(</msg>
<msg time="2024-03-27T20:14:18.759871" level="INFO">${response} = &lt;Response [200]&gt;</msg>
<var>${response}</var>
<arg>consultarAPI</arg>
<arg>/api</arg>
<doc>Sends a GET request on a previously created HTTP Session.</doc>
<status status="PASS" start="2024-03-27T20:14:18.659896" elapsed="0.100024"/>
</kw>
<kw name="Set Variable" owner="BuiltIn">
<msg time="2024-03-27T20:14:18.761138" level="INFO">${json_data} = {'results': [{'gender': 'male', 'name': {'title': 'Mr', 'first': 'Álvaro', 'last': 'Santiago'}, 'location': {'street': {'number': 4508, 'name': 'Calle de Atocha'}, 'city': 'Córdoba', 'state': 'Extrema...</msg>
<var>${json_data}</var>
<arg>${response.json()}</arg>
<doc>Returns the given values which can then be assigned to a variables.</doc>
<status status="PASS" start="2024-03-27T20:14:18.760515" elapsed="0.000652"/>
</kw>
<kw name="Set Variable" owner="BuiltIn">
<msg time="2024-03-27T20:14:18.761852" level="INFO">${name_title} = Mr</msg>
<var>${name_title}</var>
<arg>${json_data["results"][0]["name"]["title"]}</arg>
<doc>Returns the given values which can then be assigned to a variables.</doc>
<status status="PASS" start="2024-03-27T20:14:18.761474" elapsed="0.000403"/>
</kw>
<kw name="Create List" owner="BuiltIn">
<msg time="2024-03-27T20:14:18.762329" level="INFO">${allowed_titles} = ['Mr', 'Ms', 'Miss', 'Mrs', 'Madame', 'Monsieur']</msg>
<var>${allowed_titles}</var>
<arg>Mr</arg>
<arg>Ms</arg>
<arg>Miss</arg>
<arg>Mrs</arg>
<arg>Madame</arg>
<arg>Monsieur</arg>
<doc>Returns a list containing given items.</doc>
<status status="PASS" start="2024-03-27T20:14:18.762176" elapsed="0.000177"/>
</kw>
<kw name="List Should Contain Value" owner="Collections">
<msg time="2024-03-27T20:14:18.762834" level="INFO">False</msg>
<arg>${allowed_titles}</arg>
<arg>${name_title}</arg>
<doc>Fails if the ``value`` is not found from ``list``.</doc>
<status status="PASS" start="2024-03-27T20:14:18.762660" elapsed="0.000211"/>
</kw>
<kw name="Set Variable" owner="BuiltIn">
<msg time="2024-03-27T20:14:18.763547" level="INFO">${name_country} = ES</msg>
<var>${name_country}</var>
<arg>${json_data["results"][0]["nat"]}</arg>
<doc>Returns the given values which can then be assigned to a variables.</doc>
<status status="PASS" start="2024-03-27T20:14:18.763163" elapsed="0.000409"/>
</kw>
<kw name="Create List" owner="BuiltIn">
<msg time="2024-03-27T20:14:18.764520" level="INFO">${list_country} = ['AD', 'AE', 'AF', 'AG', 'AI', 'AL', 'AM', 'AO', 'AQ', 'AR', 'AS', 'AT', 'AU', 'AW', 'AX', 'AZ', 'BA', 'BB', 'BD', 'BE', 'BF', 'BG', 'BH', 'BI', 'BJ', 'BL', 'BM', 'BN', 'BO', 'BQ', 'BR', 'BS', 'BT', '...</msg>
<var>${list_country}</var>
<arg>AD</arg>
<arg>AE</arg>
<arg>AF</arg>
<arg>AG</arg>
<arg>AI</arg>
<arg>AL</arg>
<arg>AM</arg>
<arg>AO</arg>
<arg>AQ</arg>
<arg>AR</arg>
<arg>AS</arg>
<arg>AT</arg>
<arg>AU</arg>
<arg>AW</arg>
<arg>AX</arg>
<arg>AZ</arg>
<arg>BA</arg>
<arg>BB</arg>
<arg>BD</arg>
<arg>BE</arg>
<arg>BF</arg>
<arg>BG</arg>
<arg>BH</arg>
<arg>BI</arg>
<arg>BJ</arg>
<arg>BL</arg>
<arg>BM</arg>
<arg>BN</arg>
<arg>BO</arg>
<arg>BQ</arg>
<arg>BR</arg>
<arg>BS</arg>
<arg>BT</arg>
<arg>BV</arg>
<arg>BW</arg>
<arg>BY</arg>
<arg>BZ</arg>
<arg>CA</arg>
<arg>CC</arg>
<arg>CD</arg>
<arg>CF</arg>
<arg>CG</arg>
<arg>CH</arg>
<arg>CI</arg>
<arg>CK</arg>
<arg>CL</arg>
<arg>CM</arg>
<arg>CN</arg>
<arg>CO</arg>
<arg>CR</arg>
<arg>CU</arg>
<arg>CV</arg>
<arg>CW</arg>
<arg>CX</arg>
<arg>CY</arg>
<arg>CZ</arg>
<arg>DE</arg>
<arg>DJ</arg>
<arg>DK</arg>
<arg>DM</arg>
<arg>DO</arg>
<arg>DZ</arg>
<arg>EC</arg>
<arg>EE</arg>
<arg>EG</arg>
<arg>EH</arg>
<arg>ER</arg>
<arg>ES</arg>
<arg>ET</arg>
<arg>FI</arg>
<arg>FJ</arg>
<arg>FK</arg>
<arg>FM</arg>
<arg>FO</arg>
<arg>FR</arg>
<arg>GA</arg>
<arg>GB</arg>
<arg>GD</arg>
<arg>GE</arg>
<arg>GF</arg>
<arg>GG</arg>
<arg>GH</arg>
<arg>GI</arg>
<arg>GL</arg>
<arg>GM</arg>
<arg>GN</arg>
<arg>GP</arg>
<arg>GQ</arg>
<arg>GR</arg>
<arg>GS</arg>
<arg>GT</arg>
<arg>GU</arg>
<arg>GW</arg>
<arg>GY</arg>
<arg>HK</arg>
<arg>HM</arg>
<arg>HN</arg>
<arg>HR</arg>
<arg>HT</arg>
<arg>HU</arg>
<arg>ID</arg>
<arg>IE</arg>
<arg>IL</arg>
<arg>IM</arg>
<arg>IN</arg>
<arg>IO</arg>
<arg>IQ</arg>
<arg>IR</arg>
<arg>IS</arg>
<arg>IT</arg>
<arg>JE</arg>
<arg>JM</arg>
<arg>JO</arg>
<arg>JP</arg>
<arg>KE</arg>
<arg>KG</arg>
<arg>KH</arg>
<arg>KI</arg>
<arg>KM</arg>
<arg>KN</arg>
<arg>KP</arg>
<arg>KR</arg>
<arg>KW</arg>
<arg>KY</arg>
<arg>KZ</arg>
<arg>LA</arg>
<arg>LB</arg>
<arg>LC</arg>
<arg>LI</arg>
<arg>LK</arg>
<arg>LR</arg>
<arg>LS</arg>
<arg>LT</arg>
<arg>LU</arg>
<arg>LV</arg>
<arg>LY</arg>
<arg>MA</arg>
<arg>MC</arg>
<arg>MD</arg>
<arg>ME</arg>
<arg>MF</arg>
<arg>MG</arg>
<arg>MH</arg>
<arg>MK</arg>
<arg>ML</arg>
<arg>MM</arg>
<arg>MN</arg>
<arg>MO</arg>
<arg>MP</arg>
<arg>MQ</arg>
<arg>MR</arg>
<arg>MS</arg>
<arg>MT</arg>
<arg>MU</arg>
<arg>MV</arg>
<arg>MW</arg>
<arg>MX</arg>
<arg>MY</arg>
<arg>MZ</arg>
<arg>NA</arg>
<arg>NC</arg>
<arg>NE</arg>
<arg>NF</arg>
<arg>NG</arg>
<arg>NI</arg>
<arg>NL</arg>
<arg>NO</arg>
<arg>NP</arg>
<arg>NR</arg>
<arg>NU</arg>
<arg>NZ</arg>
<arg>OM</arg>
<arg>PA</arg>
<arg>PE</arg>
<arg>PF</arg>
<arg>PG</arg>
<arg>PH</arg>
<arg>PK</arg>
<arg>PL</arg>
<arg>PM</arg>
<arg>PN</arg>
<arg>PR</arg>
<arg>PS</arg>
<arg>PT</arg>
<arg>PW</arg>
<arg>PY</arg>
<arg>QA</arg>
<arg>RE</arg>
<arg>RO</arg>
<arg>RS</arg>
<arg>RU</arg>
<arg>RW</arg>
<arg>SA</arg>
<arg>SB</arg>
<arg>SC</arg>
<arg>SD</arg>
<arg>SE</arg>
<arg>SG</arg>
<arg>SH</arg>
<arg>SI</arg>
<arg>SJ</arg>
<arg>SK</arg>
<arg>SL</arg>
<arg>SM</arg>
<arg>SN</arg>
<arg>SO</arg>
<arg>SR</arg>
<arg>SS</arg>
<arg>ST</arg>
<arg>SV</arg>
<arg>SX</arg>
<arg>SY</arg>
<arg>SZ</arg>
<arg>TC</arg>
<arg>TD</arg>
<arg>TF</arg>
<arg>TG</arg>
<arg>TH</arg>
<arg>TJ</arg>
<arg>TK</arg>
<arg>TL</arg>
<arg>TM</arg>
<arg>TN</arg>
<arg>TO</arg>
<arg>TR</arg>
<arg>TT</arg>
<arg>TV</arg>
<arg>TW</arg>
<arg>TZ</arg>
<arg>UA</arg>
<arg>UG</arg>
<arg>UM</arg>
<arg>US</arg>
<arg>UY</arg>
<arg>UZ</arg>
<arg>VA</arg>
<arg>VC</arg>
<arg>VE</arg>
<arg>VG</arg>
<arg>VI</arg>
<arg>VN</arg>
<arg>VU</arg>
<arg>WF</arg>
<arg>WS</arg>
<arg>XK</arg>
<arg>YE</arg>
<arg>YT</arg>
<arg>ZA</arg>
<arg>ZM</arg>
<arg>ZW</arg>
<doc>Returns a list containing given items.</doc>
<status status="PASS" start="2024-03-27T20:14:18.763878" elapsed="0.000673"/>
</kw>
<kw name="List Should Contain Value" owner="Collections">
<msg time="2024-03-27T20:14:18.765826" level="INFO">False</msg>
<arg>${list_country}</arg>
<arg>${name_country}</arg>
<doc>Fails if the ``value`` is not found from ``list``.</doc>
<status status="PASS" start="2024-03-27T20:14:18.765617" elapsed="0.000247"/>
</kw>
<kw name="Run Keyword If" owner="BuiltIn">
<kw name="Should Be True" owner="BuiltIn">
<arg>${True}</arg>
<doc>Fails if the given condition is not true.</doc>
<status status="PASS" start="2024-03-27T20:14:18.766940" elapsed="0.000146"/>
</kw>
<arg>${json_data["results"][0]["location"]["coordinates"]["latitude"]} &gt;= -90 and ${json_data["results"][0]["location"]["coordinates"]["latitude"]} &lt;= 90</arg>
<arg>Should Be True</arg>
<arg>${True}</arg>
<doc>Runs the given keyword with the given arguments, if ``condition`` is true.</doc>
<status status="PASS" start="2024-03-27T20:14:18.766181" elapsed="0.001035"/>
</kw>
<kw name="Run Keyword If" owner="BuiltIn">
<kw name="Should Be True" owner="BuiltIn">
<arg>${True}</arg>
<doc>Fails if the given condition is not true.</doc>
<status status="PASS" start="2024-03-27T20:14:18.768140" elapsed="0.000143"/>
</kw>
<arg>${json_data["results"][0]["location"]["coordinates"]["longitude"]} &gt;= -180 and ${json_data["results"][0]["location"]["coordinates"]["longitude"]} &lt;= 180</arg>
<arg>Should Be True</arg>
<arg>${True}</arg>
<doc>Runs the given keyword with the given arguments, if ``condition`` is true.</doc>
<status status="PASS" start="2024-03-27T20:14:18.767400" elapsed="0.001009"/>
</kw>
<status status="PASS" start="2024-03-27T20:14:18.659661" elapsed="0.108879"/>
</kw>
<doc>Testa o conteúdo específico dos campos retornados pela API.</doc>
<tag>testeConteudo</tag>
<status status="PASS" start="2024-03-27T20:14:18.659117" elapsed="0.109573"/>
</test>
<status status="PASS" start="2024-03-27T20:14:17.801601" elapsed="0.969020"/>
</suite>
<status status="PASS" start="2024-03-27T20:14:17.788018" elapsed="0.987953"/>
</suite>
<statistics>
<total>
<stat pass="5" fail="0" skip="0">All Tests</stat>
</total>
<tag>
<stat pass="1" fail="0" skip="0">testeConteudo</stat>
<stat pass="1" fail="0" skip="0">testeEstruturaResposta</stat>
<stat pass="1" fail="0" skip="0">testeRequisicaoBasica</stat>
<stat pass="1" fail="0" skip="0">testeTiposDados</stat>
</tag>
<suite>
<stat pass="5" fail="0" skip="0" id="s1" name="Tests">Tests</stat>
<stat pass="5" fail="0" skip="0" id="s1-s1" name="Random-User-Test">Tests.Random-User-Test</stat>
</suite>
</statistics>
<errors>
</errors>
</robot>
