<?xml version="1.0" encoding="UTF-8"?>
<robot generator="Robot 7.0 (Python 3.12.2 on linux)" generated="2024-03-25T09:14:07.148473" rpa="false" schemaversion="5">
<suite id="s1" name="Tests" source="/home/runner/work/DesafioQAItauRogerioJordao/DesafioQAItauRogerioJordao/RamdonUser/tests">
<suite id="s1-s1" name="Random-User-Test" source="/home/runner/work/DesafioQAItauRogerioJordao/DesafioQAItauRogerioJordao/RamdonUser/tests/random-user-test.robot">
<test id="s1-s1-t1" name="Conectar" line="13">
<kw name="Conectar API" owner="random-user-service">
<kw name="Create Session" owner="RequestsLibrary">
<msg time="2024-03-25T09:14:07.550493" level="INFO">Creating Session using : alias=consultarAPI, url=https://randomuser.me/, headers={},                     cookies={}, auth=None, timeout=None, proxies=None, verify=False,                     debug=0 </msg>
<arg>consultarAPI</arg>
<arg>${URL}</arg>
<doc>Create Session: create a HTTP session to a server</doc>
<status status="PASS" start="2024-03-25T09:14:07.550271" elapsed="0.000424"/>
</kw>
<status status="PASS" start="2024-03-25T09:14:07.549160" elapsed="0.001923"/>
</kw>
<status status="PASS" start="2024-03-25T09:14:07.548523" elapsed="0.002772"/>
</test>
<test id="s1-s1-t2" name="Validar retorno 200 e JSON Válido" line="16">
<kw name="Teste de Requisicao Basica" owner="random-user-service">
<kw name="GET On Session" owner="RequestsLibrary">
<msg time="2024-03-25T09:14:07.672623" level="INFO">GET Request : url=https://randomuser.me/api 
 path_url=/api 
 headers={'User-Agent': 'python-requests/2.31.0', 'Accept-Encoding': 'gzip, deflate', 'Accept': '*/*', 'Connection': 'keep-alive'} 
 body=None 
 </msg>
<msg time="2024-03-25T09:14:07.672777" level="INFO">GET Response : url=https://randomuser.me/api 
 status=200, reason=OK 
 headers={'Date': 'Mon, 25 Mar 2024 09:14:07 GMT', 'Content-Type': 'application/json; charset=utf-8', 'Transfer-Encoding': 'chunked', 'Connection': 'keep-alive', 'X-Powered-By': 'Express', 'Access-Control-Allow-Origin': '*', 'Cache-Control': 'no-cache', 'ETag': 'W/"4a8-utQe3gxXWqTX7ageds/bZVa5UF0"', 'Vary': 'Accept-Encoding', 'Content-Encoding': 'gzip', 'CF-Cache-Status': 'DYNAMIC', 'Report-To': '{"endpoints":[{"url":"https:\\/\\/a.nel.cloudflare.com\\/report\\/v4?s=sIQzAXE7bu4UBt3nWylT7YeKl%2FLmqqv6cSugQS%2ByMJXnFxVhFWCaaWik%2FLGdIjoGXTxuv%2Fr7MnwJfBvXecycFKKmFKsviOAUzy7HFJ5I4gdSPHOqPSTLdUKtnsb0H2A8"}],"group":"cf-nel","max_age":604800}', 'NEL': '{"success_fraction":0,"report_to":"cf-nel","max_age":604800}', 'Server': 'cloudflare', 'CF-RAY': '869dc9f56f0f9e74-SJC', 'alt-svc': 'h3=":443"; ma=86400'} 
 body={"results":[{"gender":"male","name":{"title":"Mr","first":"Wenseslao","last":"Roque"},"location":{"street":{"number":8658,"name":"Retorno Nayarit"},"city":"Ejido El Largo","state":"Nayarit","country":"Mexico","postcode":29488,"coordinates":{"latitude":"21.7371","longitude":"-146.9493"},"timezone":{"offset":"0:00","description":"Western Europe Time, London, Lisbon, Casablanca"}},"email":"wenseslao.roque@example.com","login":{"uuid":"fc7de383-b4c1-4df4-b5ce-1b736c761fb7","username":"smallwolf183","password":"flesh","salt":"TrXgY8ro","md5":"925bae5f1369bed4337e8fca750a9fd8","sha1":"356bec15274349832027c8008e820f87350d521f","sha256":"694181c4df27f059c43d8d48a0574f147c362cd8191b14224375d14fa8df05d5"},"dob":{"date":"1985-03-24T10:50:21.374Z","age":39},"registered":{"date":"2011-03-24T16:44:39.340Z","age":13},"phone":"(648) 430 9642","cell":"(622) 907 4145","id":{"name":"NSS","value":"93 64 75 7037 3"},"picture":{"large":"https://randomuser.me/api/portraits/men/24.jpg","medium":"https://randomuser.me/api/portraits/med/men/24.jpg","thumbnail":"https://randomuser.me/api/portraits/thumb/men/24.jpg"},"nat":"MX"}],"info":{"seed":"5e0572efe97bd0a8","results":1,"page":1,"version":"1.4"}} 
 </msg>
<msg time="2024-03-25T09:14:07.672893" level="INFO">/opt/hostedtoolcache/Python/3.12.2/x64/lib/python3.12/site-packages/urllib3/connectionpool.py:1103: InsecureRequestWarning: Unverified HTTPS request is being made to host 'randomuser.me'. Adding certificate verification is strongly advised. See: https://urllib3.readthedocs.io/en/latest/advanced-usage.html#tls-warnings
  warnings.warn(</msg>
<msg time="2024-03-25T09:14:07.673059" level="INFO">${response} = &lt;Response [200]&gt;</msg>
<var>${response}</var>
<arg>consultarAPI</arg>
<arg>/api</arg>
<doc>Sends a GET request on a previously created HTTP Session.</doc>
<status status="PASS" start="2024-03-25T09:14:07.554020" elapsed="0.119086"/>
</kw>
<kw name="Should Be Equal As Numbers" owner="BuiltIn">
<msg time="2024-03-25T09:14:07.674152" level="INFO">Argument types are:
&lt;class 'int'&gt;
&lt;class 'str'&gt;</msg>
<arg>${response.status_code}</arg>
<arg>200</arg>
<doc>Fails if objects are unequal after converting them to real numbers.</doc>
<status status="PASS" start="2024-03-25T09:14:07.673665" elapsed="0.000558"/>
</kw>
<kw name="Log" owner="BuiltIn">
<msg time="2024-03-25T09:14:07.674979" level="INFO">200</msg>
<arg>${response.status_code}</arg>
<doc>Logs the given message with the given level.</doc>
<status status="PASS" start="2024-03-25T09:14:07.674598" elapsed="0.000425"/>
</kw>
<kw name="Set Variable" owner="BuiltIn">
<msg time="2024-03-25T09:14:07.675874" level="INFO">${json_data} = {'results': [{'gender': 'male', 'name': {'title': 'Mr', 'first': 'Wenseslao', 'last': 'Roque'}, 'location': {'street': {'number': 8658, 'name': 'Retorno Nayarit'}, 'city': 'Ejido El Largo', 'state': '...</msg>
<var>${json_data}</var>
<arg>${response.json()}</arg>
<doc>Returns the given values which can then be assigned to a variables.</doc>
<status status="PASS" start="2024-03-25T09:14:07.675376" elapsed="0.000536"/>
</kw>
<kw name="Dictionary Should Contain Key" owner="Collections">
<msg time="2024-03-25T09:14:07.676433" level="INFO">False</msg>
<arg>${json_data}</arg>
<arg>results</arg>
<doc>Fails if ``key`` is not found from ``dictionary``.</doc>
<status status="PASS" start="2024-03-25T09:14:07.676254" elapsed="0.000221"/>
</kw>
<status status="PASS" start="2024-03-25T09:14:07.553753" elapsed="0.122993"/>
</kw>
<doc>Testa se a API responde corretamente e retorna um objeto JSON válido.</doc>
<tag>testeRequisicaoBasica</tag>
<status status="PASS" start="2024-03-25T09:14:07.553204" elapsed="0.123739"/>
</test>
<test id="s1-s1-t3" name="Validar estrutura de resposta" line="22">
<kw name="Teste de Estrutura de Resposta" owner="random-user-service">
<kw name="GET On Session" owner="RequestsLibrary">
<msg time="2024-03-25T09:14:07.771448" level="INFO">GET Request : url=https://randomuser.me/api 
 path_url=/api 
 headers={'User-Agent': 'python-requests/2.31.0', 'Accept-Encoding': 'gzip, deflate', 'Accept': '*/*', 'Connection': 'keep-alive'} 
 body=None 
 </msg>
<msg time="2024-03-25T09:14:07.771545" level="INFO">GET Response : url=https://randomuser.me/api 
 status=200, reason=OK 
 headers={'Date': 'Mon, 25 Mar 2024 09:14:07 GMT', 'Content-Type': 'application/json; charset=utf-8', 'Transfer-Encoding': 'chunked', 'Connection': 'keep-alive', 'X-Powered-By': 'Express', 'Access-Control-Allow-Origin': '*', 'Cache-Control': 'no-cache', 'ETag': 'W/"484-3nHSZB4NPpCcC9SRqtKk+XGEE8M"', 'Vary': 'Accept-Encoding', 'Content-Encoding': 'gzip', 'CF-Cache-Status': 'DYNAMIC', 'Report-To': '{"endpoints":[{"url":"https:\\/\\/a.nel.cloudflare.com\\/report\\/v4?s=GDM5J%2FRcXrvVp7kXCEhlYtzoj4xenvE7K%2BFR3cUvNRda1UnIMiw%2FKUnm7425dy5xZpsbwR4QhgcsCdnmm1PwOnQL6hz6KkV1VJrTHkXTHcmFT2lRkjHzesxhgBbqBViF"}],"group":"cf-nel","max_age":604800}', 'NEL': '{"success_fraction":0,"report_to":"cf-nel","max_age":604800}', 'Server': 'cloudflare', 'CF-RAY': '869dc9f60f629e74-SJC', 'alt-svc': 'h3=":443"; ma=86400'} 
 body={"results":[{"gender":"male","name":{"title":"Mr","first":"August","last":"Kristensen"},"location":{"street":{"number":7803,"name":"Egevænget"},"city":"København V","state":"Midtjylland","country":"Denmark","postcode":32639,"coordinates":{"latitude":"-39.7222","longitude":"-7.3477"},"timezone":{"offset":"-8:00","description":"Pacific Time (US &amp; Canada)"}},"email":"august.kristensen@example.com","login":{"uuid":"252c2774-c046-4b46-9853-6730cc77c6f8","username":"greenduck468","password":"kenshin","salt":"UatzStAe","md5":"70c2551965d83a7c8516fd153b7e46ee","sha1":"bd721711348c4e56b1ff047d9bcf88264a858502","sha256":"93c2eb65ab91ff75e43df87503eefb18390663d5a7b73a0c58ceec2816b65957"},"dob":{"date":"1971-05-04T11:34:38.162Z","age":52},"registered":{"date":"2006-02-24T02:44:20.439Z","age":18},"phone":"77447395","cell":"18891203","id":{"name":"CPR","value":"040571-9516"},"picture":{"large":"https://randomuser.me/api/portraits/men/4.jpg","medium":"https://randomuser.me/api/portraits/med/men/4.jpg","thumbnail":"https://randomuser.me/api/portraits/thumb/men/4.jpg"},"nat":"DK"}],"info":{"seed":"f47274161f4fc8ac","results":1,"page":1,"version":"1.4"}} 
 </msg>
<msg time="2024-03-25T09:14:07.771693" level="INFO">/opt/hostedtoolcache/Python/3.12.2/x64/lib/python3.12/site-packages/urllib3/connectionpool.py:1103: InsecureRequestWarning: Unverified HTTPS request is being made to host 'randomuser.me'. Adding certificate verification is strongly advised. See: https://urllib3.readthedocs.io/en/latest/advanced-usage.html#tls-warnings
  warnings.warn(</msg>
<msg time="2024-03-25T09:14:07.771858" level="INFO">${response} = &lt;Response [200]&gt;</msg>
<var>${response}</var>
<arg>consultarAPI</arg>
<arg>/api</arg>
<doc>Sends a GET request on a previously created HTTP Session.</doc>
<status status="PASS" start="2024-03-25T09:14:07.679754" elapsed="0.092138"/>
</kw>
<kw name="Set Variable" owner="BuiltIn">
<msg time="2024-03-25T09:14:07.772922" level="INFO">${json_data} = {'results': [{'gender': 'male', 'name': {'title': 'Mr', 'first': 'August', 'last': 'Kristensen'}, 'location': {'street': {'number': 7803, 'name': 'Egevænget'}, 'city': 'København V', 'state': 'Midtjyl...</msg>
<var>${json_data}</var>
<arg>${response.json()}</arg>
<doc>Returns the given values which can then be assigned to a variables.</doc>
<status status="PASS" start="2024-03-25T09:14:07.772375" elapsed="0.000577"/>
</kw>
<kw name="Log" owner="BuiltIn">
<msg time="2024-03-25T09:14:07.773469" level="INFO">{'results': [{'gender': 'male', 'name': {'title': 'Mr', 'first': 'August', 'last': 'Kristensen'}, 'location': {'street': {'number': 7803, 'name': 'Egevænget'}, 'city': 'København V', 'state': 'Midtjylland', 'country': 'Denmark', 'postcode': 32639, 'coordinates': {'latitude': '-39.7222', 'longitude': '-7.3477'}, 'timezone': {'offset': '-8:00', 'description': 'Pacific Time (US &amp; Canada)'}}, 'email': 'august.kristensen@example.com', 'login': {'uuid': '252c2774-c046-4b46-9853-6730cc77c6f8', 'username': 'greenduck468', 'password': 'kenshin', 'salt': 'UatzStAe', 'md5': '70c2551965d83a7c8516fd153b7e46ee', 'sha1': 'bd721711348c4e56b1ff047d9bcf88264a858502', 'sha256': '93c2eb65ab91ff75e43df87503eefb18390663d5a7b73a0c58ceec2816b65957'}, 'dob': {'date': '1971-05-04T11:34:38.162Z', 'age': 52}, 'registered': {'date': '2006-02-24T02:44:20.439Z', 'age': 18}, 'phone': '77447395', 'cell': '18891203', 'id': {'name': 'CPR', 'value': '040571-9516'}, 'picture': {'large': 'https://randomuser.me/api/portraits/men/4.jpg', 'medium': 'https://randomuser.me/api/portraits/med/men/4.jpg', 'thumbnail': 'https://randomuser.me/api/portraits/thumb/men/4.jpg'}, 'nat': 'DK'}], 'info': {'seed': 'f47274161f4fc8ac', 'results': 1, 'page': 1, 'version': '1.4'}}</msg>
<arg>${json_data}</arg>
<doc>Logs the given message with the given level.</doc>
<status status="PASS" start="2024-03-25T09:14:07.773295" elapsed="0.000225"/>
</kw>
<kw name="Dictionary Should Contain Key" owner="Collections">
<msg time="2024-03-25T09:14:07.774000" level="INFO">False</msg>
<arg>${json_data}</arg>
<arg>results</arg>
<doc>Fails if ``key`` is not found from ``dictionary``.</doc>
<status status="PASS" start="2024-03-25T09:14:07.773833" elapsed="0.000206"/>
</kw>
<kw name="Should Not Be Empty" owner="BuiltIn">
<msg time="2024-03-25T09:14:07.774483" level="INFO">Length is 2.</msg>
<arg>${json_data}</arg>
<doc>Verifies that the given item is not empty.</doc>
<status status="PASS" start="2024-03-25T09:14:07.774345" elapsed="0.000185"/>
</kw>
<kw name="Create List" owner="BuiltIn">
<msg time="2024-03-25T09:14:07.774993" level="INFO">${expected_keys} = ['gender', 'name', 'location', 'email', 'login']</msg>
<var>${expected_keys}</var>
<arg>gender</arg>
<arg>name</arg>
<arg>location</arg>
<arg>email</arg>
<arg>login</arg>
<doc>Returns a list containing given items.</doc>
<status status="PASS" start="2024-03-25T09:14:07.774830" elapsed="0.000189"/>
</kw>
<for flavor="IN">
<iter>
<kw name="Dictionary Should Contain Key" owner="Collections">
<msg time="2024-03-25T09:14:07.776079" level="INFO">False</msg>
<arg>${json_data['results'][0]}</arg>
<arg>${key}</arg>
<doc>Fails if ``key`` is not found from ``dictionary``.</doc>
<status status="PASS" start="2024-03-25T09:14:07.775624" elapsed="0.000496"/>
</kw>
<kw name="Log" owner="BuiltIn">
<msg time="2024-03-25T09:14:07.776814" level="INFO">{'gender': 'male', 'name': {'title': 'Mr', 'first': 'August', 'last': 'Kristensen'}, 'location': {'street': {'number': 7803, 'name': 'Egevænget'}, 'city': 'København V', 'state': 'Midtjylland', 'country': 'Denmark', 'postcode': 32639, 'coordinates': {'latitude': '-39.7222', 'longitude': '-7.3477'}, 'timezone': {'offset': '-8:00', 'description': 'Pacific Time (US &amp; Canada)'}}, 'email': 'august.kristensen@example.com', 'login': {'uuid': '252c2774-c046-4b46-9853-6730cc77c6f8', 'username': 'greenduck468', 'password': 'kenshin', 'salt': 'UatzStAe', 'md5': '70c2551965d83a7c8516fd153b7e46ee', 'sha1': 'bd721711348c4e56b1ff047d9bcf88264a858502', 'sha256': '93c2eb65ab91ff75e43df87503eefb18390663d5a7b73a0c58ceec2816b65957'}, 'dob': {'date': '1971-05-04T11:34:38.162Z', 'age': 52}, 'registered': {'date': '2006-02-24T02:44:20.439Z', 'age': 18}, 'phone': '77447395', 'cell': '18891203', 'id': {'name': 'CPR', 'value': '040571-9516'}, 'picture': {'large': 'https://randomuser.me/api/portraits/men/4.jpg', 'medium': 'https://randomuser.me/api/portraits/med/men/4.jpg', 'thumbnail': 'https://randomuser.me/api/portraits/thumb/men/4.jpg'}, 'nat': 'DK'}</msg>
<arg>${json_data['results'][0]}</arg>
<doc>Logs the given message with the given level.</doc>
<status status="PASS" start="2024-03-25T09:14:07.776434" elapsed="0.000438"/>
</kw>
<kw name="Log" owner="BuiltIn">
<msg time="2024-03-25T09:14:07.777317" level="INFO">gender</msg>
<arg>${key}</arg>
<doc>Logs the given message with the given level.</doc>
<status status="PASS" start="2024-03-25T09:14:07.777183" elapsed="0.000174"/>
</kw>
<var name="${key}">gender</var>
<status status="PASS" start="2024-03-25T09:14:07.775495" elapsed="0.002086"/>
</iter>
<iter>
<kw name="Dictionary Should Contain Key" owner="Collections">
<msg time="2024-03-25T09:14:07.778282" level="INFO">False</msg>
<arg>${json_data['results'][0]}</arg>
<arg>${key}</arg>
<doc>Fails if ``key`` is not found from ``dictionary``.</doc>
<status status="PASS" start="2024-03-25T09:14:07.777893" elapsed="0.000428"/>
</kw>
<kw name="Log" owner="BuiltIn">
<msg time="2024-03-25T09:14:07.779030" level="INFO">{'gender': 'male', 'name': {'title': 'Mr', 'first': 'August', 'last': 'Kristensen'}, 'location': {'street': {'number': 7803, 'name': 'Egevænget'}, 'city': 'København V', 'state': 'Midtjylland', 'country': 'Denmark', 'postcode': 32639, 'coordinates': {'latitude': '-39.7222', 'longitude': '-7.3477'}, 'timezone': {'offset': '-8:00', 'description': 'Pacific Time (US &amp; Canada)'}}, 'email': 'august.kristensen@example.com', 'login': {'uuid': '252c2774-c046-4b46-9853-6730cc77c6f8', 'username': 'greenduck468', 'password': 'kenshin', 'salt': 'UatzStAe', 'md5': '70c2551965d83a7c8516fd153b7e46ee', 'sha1': 'bd721711348c4e56b1ff047d9bcf88264a858502', 'sha256': '93c2eb65ab91ff75e43df87503eefb18390663d5a7b73a0c58ceec2816b65957'}, 'dob': {'date': '1971-05-04T11:34:38.162Z', 'age': 52}, 'registered': {'date': '2006-02-24T02:44:20.439Z', 'age': 18}, 'phone': '77447395', 'cell': '18891203', 'id': {'name': 'CPR', 'value': '040571-9516'}, 'picture': {'large': 'https://randomuser.me/api/portraits/men/4.jpg', 'medium': 'https://randomuser.me/api/portraits/med/men/4.jpg', 'thumbnail': 'https://randomuser.me/api/portraits/thumb/men/4.jpg'}, 'nat': 'DK'}</msg>
<arg>${json_data['results'][0]}</arg>
<doc>Logs the given message with the given level.</doc>
<status status="PASS" start="2024-03-25T09:14:07.778659" elapsed="0.000424"/>
</kw>
<kw name="Log" owner="BuiltIn">
<msg time="2024-03-25T09:14:07.779522" level="INFO">name</msg>
<arg>${key}</arg>
<doc>Logs the given message with the given level.</doc>
<status status="PASS" start="2024-03-25T09:14:07.779391" elapsed="0.000170"/>
</kw>
<var name="${key}">name</var>
<status status="PASS" start="2024-03-25T09:14:07.777775" elapsed="0.002029"/>
</iter>
<iter>
<kw name="Dictionary Should Contain Key" owner="Collections">
<msg time="2024-03-25T09:14:07.780505" level="INFO">False</msg>
<arg>${json_data['results'][0]}</arg>
<arg>${key}</arg>
<doc>Fails if ``key`` is not found from ``dictionary``.</doc>
<status status="PASS" start="2024-03-25T09:14:07.780123" elapsed="0.000420"/>
</kw>
<kw name="Log" owner="BuiltIn">
<msg time="2024-03-25T09:14:07.781222" level="INFO">{'gender': 'male', 'name': {'title': 'Mr', 'first': 'August', 'last': 'Kristensen'}, 'location': {'street': {'number': 7803, 'name': 'Egevænget'}, 'city': 'København V', 'state': 'Midtjylland', 'country': 'Denmark', 'postcode': 32639, 'coordinates': {'latitude': '-39.7222', 'longitude': '-7.3477'}, 'timezone': {'offset': '-8:00', 'description': 'Pacific Time (US &amp; Canada)'}}, 'email': 'august.kristensen@example.com', 'login': {'uuid': '252c2774-c046-4b46-9853-6730cc77c6f8', 'username': 'greenduck468', 'password': 'kenshin', 'salt': 'UatzStAe', 'md5': '70c2551965d83a7c8516fd153b7e46ee', 'sha1': 'bd721711348c4e56b1ff047d9bcf88264a858502', 'sha256': '93c2eb65ab91ff75e43df87503eefb18390663d5a7b73a0c58ceec2816b65957'}, 'dob': {'date': '1971-05-04T11:34:38.162Z', 'age': 52}, 'registered': {'date': '2006-02-24T02:44:20.439Z', 'age': 18}, 'phone': '77447395', 'cell': '18891203', 'id': {'name': 'CPR', 'value': '040571-9516'}, 'picture': {'large': 'https://randomuser.me/api/portraits/men/4.jpg', 'medium': 'https://randomuser.me/api/portraits/med/men/4.jpg', 'thumbnail': 'https://randomuser.me/api/portraits/thumb/men/4.jpg'}, 'nat': 'DK'}</msg>
<arg>${json_data['results'][0]}</arg>
<doc>Logs the given message with the given level.</doc>
<status status="PASS" start="2024-03-25T09:14:07.780851" elapsed="0.000427"/>
</kw>
<kw name="Log" owner="BuiltIn">
<msg time="2024-03-25T09:14:07.781704" level="INFO">location</msg>
<arg>${key}</arg>
<doc>Logs the given message with the given level.</doc>
<status status="PASS" start="2024-03-25T09:14:07.781577" elapsed="0.000164"/>
</kw>
<var name="${key}">location</var>
<status status="PASS" start="2024-03-25T09:14:07.780007" elapsed="0.001951"/>
</iter>
<iter>
<kw name="Dictionary Should Contain Key" owner="Collections">
<msg time="2024-03-25T09:14:07.782622" level="INFO">False</msg>
<arg>${json_data['results'][0]}</arg>
<arg>${key}</arg>
<doc>Fails if ``key`` is not found from ``dictionary``.</doc>
<status status="PASS" start="2024-03-25T09:14:07.782244" elapsed="0.000416"/>
</kw>
<kw name="Log" owner="BuiltIn">
<msg time="2024-03-25T09:14:07.783319" level="INFO">{'gender': 'male', 'name': {'title': 'Mr', 'first': 'August', 'last': 'Kristensen'}, 'location': {'street': {'number': 7803, 'name': 'Egevænget'}, 'city': 'København V', 'state': 'Midtjylland', 'country': 'Denmark', 'postcode': 32639, 'coordinates': {'latitude': '-39.7222', 'longitude': '-7.3477'}, 'timezone': {'offset': '-8:00', 'description': 'Pacific Time (US &amp; Canada)'}}, 'email': 'august.kristensen@example.com', 'login': {'uuid': '252c2774-c046-4b46-9853-6730cc77c6f8', 'username': 'greenduck468', 'password': 'kenshin', 'salt': 'UatzStAe', 'md5': '70c2551965d83a7c8516fd153b7e46ee', 'sha1': 'bd721711348c4e56b1ff047d9bcf88264a858502', 'sha256': '93c2eb65ab91ff75e43df87503eefb18390663d5a7b73a0c58ceec2816b65957'}, 'dob': {'date': '1971-05-04T11:34:38.162Z', 'age': 52}, 'registered': {'date': '2006-02-24T02:44:20.439Z', 'age': 18}, 'phone': '77447395', 'cell': '18891203', 'id': {'name': 'CPR', 'value': '040571-9516'}, 'picture': {'large': 'https://randomuser.me/api/portraits/men/4.jpg', 'medium': 'https://randomuser.me/api/portraits/med/men/4.jpg', 'thumbnail': 'https://randomuser.me/api/portraits/thumb/men/4.jpg'}, 'nat': 'DK'}</msg>
<arg>${json_data['results'][0]}</arg>
<doc>Logs the given message with the given level.</doc>
<status status="PASS" start="2024-03-25T09:14:07.782961" elapsed="0.000410"/>
</kw>
<kw name="Log" owner="BuiltIn">
<msg time="2024-03-25T09:14:07.783825" level="INFO">email</msg>
<arg>${key}</arg>
<doc>Logs the given message with the given level.</doc>
<status status="PASS" start="2024-03-25T09:14:07.783665" elapsed="0.000212"/>
</kw>
<var name="${key}">email</var>
<status status="PASS" start="2024-03-25T09:14:07.782131" elapsed="0.001969"/>
</iter>
<iter>
<kw name="Dictionary Should Contain Key" owner="Collections">
<msg time="2024-03-25T09:14:07.784797" level="INFO">False</msg>
<arg>${json_data['results'][0]}</arg>
<arg>${key}</arg>
<doc>Fails if ``key`` is not found from ``dictionary``.</doc>
<status status="PASS" start="2024-03-25T09:14:07.784393" elapsed="0.000441"/>
</kw>
<kw name="Log" owner="BuiltIn">
<msg time="2024-03-25T09:14:07.785500" level="INFO">{'gender': 'male', 'name': {'title': 'Mr', 'first': 'August', 'last': 'Kristensen'}, 'location': {'street': {'number': 7803, 'name': 'Egevænget'}, 'city': 'København V', 'state': 'Midtjylland', 'country': 'Denmark', 'postcode': 32639, 'coordinates': {'latitude': '-39.7222', 'longitude': '-7.3477'}, 'timezone': {'offset': '-8:00', 'description': 'Pacific Time (US &amp; Canada)'}}, 'email': 'august.kristensen@example.com', 'login': {'uuid': '252c2774-c046-4b46-9853-6730cc77c6f8', 'username': 'greenduck468', 'password': 'kenshin', 'salt': 'UatzStAe', 'md5': '70c2551965d83a7c8516fd153b7e46ee', 'sha1': 'bd721711348c4e56b1ff047d9bcf88264a858502', 'sha256': '93c2eb65ab91ff75e43df87503eefb18390663d5a7b73a0c58ceec2816b65957'}, 'dob': {'date': '1971-05-04T11:34:38.162Z', 'age': 52}, 'registered': {'date': '2006-02-24T02:44:20.439Z', 'age': 18}, 'phone': '77447395', 'cell': '18891203', 'id': {'name': 'CPR', 'value': '040571-9516'}, 'picture': {'large': 'https://randomuser.me/api/portraits/men/4.jpg', 'medium': 'https://randomuser.me/api/portraits/med/men/4.jpg', 'thumbnail': 'https://randomuser.me/api/portraits/thumb/men/4.jpg'}, 'nat': 'DK'}</msg>
<arg>${json_data['results'][0]}</arg>
<doc>Logs the given message with the given level.</doc>
<status status="PASS" start="2024-03-25T09:14:07.785132" elapsed="0.000419"/>
</kw>
<kw name="Log" owner="BuiltIn">
<msg time="2024-03-25T09:14:07.785998" level="INFO">login</msg>
<arg>${key}</arg>
<doc>Logs the given message with the given level.</doc>
<status status="PASS" start="2024-03-25T09:14:07.785852" elapsed="0.000298"/>
</kw>
<var name="${key}">login</var>
<status status="PASS" start="2024-03-25T09:14:07.784275" elapsed="0.002131"/>
</iter>
<var>${key}</var>
<value>@{expected_keys}</value>
<status status="PASS" start="2024-03-25T09:14:07.775293" elapsed="0.011244"/>
</for>
<kw name="Create List" owner="BuiltIn">
<msg time="2024-03-25T09:14:07.786878" level="INFO">${expected_keysTwo} = ['username', 'password']</msg>
<var>${expected_keysTwo}</var>
<arg>username</arg>
<arg>password</arg>
<doc>Returns a list containing given items.</doc>
<status status="PASS" start="2024-03-25T09:14:07.786738" elapsed="0.000173"/>
</kw>
<for flavor="IN">
<iter>
<kw name="Dictionary Should Contain Key" owner="Collections">
<msg time="2024-03-25T09:14:07.787843" level="INFO">False</msg>
<arg>${json_data['results'][0]['login']}</arg>
<arg>${keyTwo}</arg>
<doc>Fails if ``key`` is not found from ``dictionary``.</doc>
<status status="PASS" start="2024-03-25T09:14:07.787422" elapsed="0.000461"/>
</kw>
<kw name="Dictionary Should Contain Key" owner="Collections">
<msg time="2024-03-25T09:14:07.788569" level="INFO">False</msg>
<arg>${json_data['results'][0]['login']}</arg>
<arg>${keyTwo}</arg>
<doc>Fails if ``key`` is not found from ``dictionary``.</doc>
<status status="PASS" start="2024-03-25T09:14:07.788186" elapsed="0.000422"/>
</kw>
<kw name="Log" owner="BuiltIn">
<msg time="2024-03-25T09:14:07.789035" level="INFO">username</msg>
<arg>${keyTwo}</arg>
<doc>Logs the given message with the given level.</doc>
<status status="PASS" start="2024-03-25T09:14:07.788905" elapsed="0.000168"/>
</kw>
<var name="${keyTwo}">username</var>
<status status="PASS" start="2024-03-25T09:14:07.787311" elapsed="0.001981"/>
</iter>
<iter>
<kw name="Dictionary Should Contain Key" owner="Collections">
<msg time="2024-03-25T09:14:07.789955" level="INFO">False</msg>
<arg>${json_data['results'][0]['login']}</arg>
<arg>${keyTwo}</arg>
<doc>Fails if ``key`` is not found from ``dictionary``.</doc>
<status status="PASS" start="2024-03-25T09:14:07.789578" elapsed="0.000416"/>
</kw>
<kw name="Dictionary Should Contain Key" owner="Collections">
<msg time="2024-03-25T09:14:07.790674" level="INFO">False</msg>
<arg>${json_data['results'][0]['login']}</arg>
<arg>${keyTwo}</arg>
<doc>Fails if ``key`` is not found from ``dictionary``.</doc>
<status status="PASS" start="2024-03-25T09:14:07.790291" elapsed="0.000421"/>
</kw>
<kw name="Log" owner="BuiltIn">
<msg time="2024-03-25T09:14:07.791145" level="INFO">password</msg>
<arg>${keyTwo}</arg>
<doc>Logs the given message with the given level.</doc>
<status status="PASS" start="2024-03-25T09:14:07.791017" elapsed="0.000166"/>
</kw>
<var name="${keyTwo}">password</var>
<status status="PASS" start="2024-03-25T09:14:07.789467" elapsed="0.001932"/>
</iter>
<var>${keyTwo}</var>
<value>@{expected_keysTwo}</value>
<status status="PASS" start="2024-03-25T09:14:07.787156" elapsed="0.004365"/>
</for>
<status status="PASS" start="2024-03-25T09:14:07.679504" elapsed="0.112159"/>
</kw>
<doc>Testa a estrutura da resposta da API.</doc>
<tag>testeEstruturaResposta</tag>
<status status="PASS" start="2024-03-25T09:14:07.678794" elapsed="0.113072"/>
</test>
<test id="s1-s1-t4" name="Validar tipos de dados" line="28">
<kw name="Teste de Tipos de Dados" owner="random-user-service">
<kw name="GET On Session" owner="RequestsLibrary">
<msg time="2024-03-25T09:14:07.881236" level="INFO">GET Request : url=https://randomuser.me/api 
 path_url=/api 
 headers={'User-Agent': 'python-requests/2.31.0', 'Accept-Encoding': 'gzip, deflate', 'Accept': '*/*', 'Connection': 'keep-alive'} 
 body=None 
 </msg>
<msg time="2024-03-25T09:14:07.881342" level="INFO">GET Response : url=https://randomuser.me/api 
 status=200, reason=OK 
 headers={'Date': 'Mon, 25 Mar 2024 09:14:07 GMT', 'Content-Type': 'application/json; charset=utf-8', 'Transfer-Encoding': 'chunked', 'Connection': 'keep-alive', 'X-Powered-By': 'Express', 'Access-Control-Allow-Origin': '*', 'Cache-Control': 'no-cache', 'ETag': 'W/"48c-JRDfQnLsyQUWVgGloASd1OxNc0I"', 'Vary': 'Accept-Encoding', 'Content-Encoding': 'gzip', 'CF-Cache-Status': 'DYNAMIC', 'Report-To': '{"endpoints":[{"url":"https:\\/\\/a.nel.cloudflare.com\\/report\\/v4?s=ZZNbp6qfPz6B2bhHLHxUATw9Ke%2F8HqwK1FmdKynSy6dkBksO%2BdGzL8EHzIkrR3xM9eyoGOZmYcApOlIe002VglkKjnToDcmCi7AZQu6csmsfB2Ga0NnN2mUjlvGBLL%2Fj"}],"group":"cf-nel","max_age":604800}', 'NEL': '{"success_fraction":0,"report_to":"cf-nel","max_age":604800}', 'Server': 'cloudflare', 'CF-RAY': '869dc9f6bfca9e74-SJC', 'alt-svc': 'h3=":443"; ma=86400'} 
 body={"results":[{"gender":"male","name":{"title":"Mr","first":"Gordon","last":"Jacobs"},"location":{"street":{"number":1838,"name":"Shady Ln Dr"},"city":"Warragul","state":"South Australia","country":"Australia","postcode":9924,"coordinates":{"latitude":"-84.9730","longitude":"-96.2099"},"timezone":{"offset":"-8:00","description":"Pacific Time (US &amp; Canada)"}},"email":"gordon.jacobs@example.com","login":{"uuid":"6722ce97-cb92-44ee-a843-734a4c5051c2","username":"crazyelephant510","password":"lantern","salt":"XTJks53j","md5":"41330523b5d9a73af98829ec781f7a95","sha1":"2f064bab67bff247d85eca55eacf56bef73a96a9","sha256":"d03a1310b46c2a0ef5dc99dd182d92c9a06bac7f3ff4528abf43d8fc51d0c747"},"dob":{"date":"1955-06-11T02:10:56.495Z","age":68},"registered":{"date":"2007-12-10T02:44:40.721Z","age":16},"phone":"02-7303-1716","cell":"0451-899-695","id":{"name":"TFN","value":"029408748"},"picture":{"large":"https://randomuser.me/api/portraits/men/68.jpg","medium":"https://randomuser.me/api/portraits/med/men/68.jpg","thumbnail":"https://randomuser.me/api/portraits/thumb/men/68.jpg"},"nat":"AU"}],"info":{"seed":"1f0e6fb84344ee52","results":1,"page":1,"version":"1.4"}} 
 </msg>
<msg time="2024-03-25T09:14:07.881420" level="INFO">/opt/hostedtoolcache/Python/3.12.2/x64/lib/python3.12/site-packages/urllib3/connectionpool.py:1103: InsecureRequestWarning: Unverified HTTPS request is being made to host 'randomuser.me'. Adding certificate verification is strongly advised. See: https://urllib3.readthedocs.io/en/latest/advanced-usage.html#tls-warnings
  warnings.warn(</msg>
<msg time="2024-03-25T09:14:07.881574" level="INFO">${response} = &lt;Response [200]&gt;</msg>
<var>${response}</var>
<arg>consultarAPI</arg>
<arg>/api</arg>
<doc>Sends a GET request on a previously created HTTP Session.</doc>
<status status="PASS" start="2024-03-25T09:14:07.794365" elapsed="0.087240"/>
</kw>
<kw name="Set Variable" owner="BuiltIn">
<msg time="2024-03-25T09:14:07.882596" level="INFO">${json_data} = {'results': [{'gender': 'male', 'name': {'title': 'Mr', 'first': 'Gordon', 'last': 'Jacobs'}, 'location': {'street': {'number': 1838, 'name': 'Shady Ln Dr'}, 'city': 'Warragul', 'state': 'South Austra...</msg>
<var>${json_data}</var>
<arg>${response.json()}</arg>
<doc>Returns the given values which can then be assigned to a variables.</doc>
<status status="PASS" start="2024-03-25T09:14:07.882080" elapsed="0.000544"/>
</kw>
<kw name="Log" owner="BuiltIn">
<msg time="2024-03-25T09:14:07.883134" level="INFO">{'results': [{'gender': 'male', 'name': {'title': 'Mr', 'first': 'Gordon', 'last': 'Jacobs'}, 'location': {'street': {'number': 1838, 'name': 'Shady Ln Dr'}, 'city': 'Warragul', 'state': 'South Australia', 'country': 'Australia', 'postcode': 9924, 'coordinates': {'latitude': '-84.9730', 'longitude': '-96.2099'}, 'timezone': {'offset': '-8:00', 'description': 'Pacific Time (US &amp; Canada)'}}, 'email': 'gordon.jacobs@example.com', 'login': {'uuid': '6722ce97-cb92-44ee-a843-734a4c5051c2', 'username': 'crazyelephant510', 'password': 'lantern', 'salt': 'XTJks53j', 'md5': '41330523b5d9a73af98829ec781f7a95', 'sha1': '2f064bab67bff247d85eca55eacf56bef73a96a9', 'sha256': 'd03a1310b46c2a0ef5dc99dd182d92c9a06bac7f3ff4528abf43d8fc51d0c747'}, 'dob': {'date': '1955-06-11T02:10:56.495Z', 'age': 68}, 'registered': {'date': '2007-12-10T02:44:40.721Z', 'age': 16}, 'phone': '02-7303-1716', 'cell': '0451-899-695', 'id': {'name': 'TFN', 'value': '029408748'}, 'picture': {'large': 'https://randomuser.me/api/portraits/men/68.jpg', 'medium': 'https://randomuser.me/api/portraits/med/men/68.jpg', 'thumbnail': 'https://randomuser.me/api/portraits/thumb/men/68.jpg'}, 'nat': 'AU'}], 'info': {'seed': '1f0e6fb84344ee52', 'results': 1, 'page': 1, 'version': '1.4'}}</msg>
<arg>${json_data}</arg>
<doc>Logs the given message with the given level.</doc>
<status status="PASS" start="2024-03-25T09:14:07.882972" elapsed="0.000253"/>
</kw>
<kw name="Should Be String" owner="String">
<arg>${json_data['results'][0]['gender']}</arg>
<doc>Fails if the given ``item`` is not a string.</doc>
<status status="PASS" start="2024-03-25T09:14:07.883545" elapsed="0.000428"/>
</kw>
<kw name="Should Match Regexp" owner="BuiltIn">
<arg>${json_data['results'][0]['email']}</arg>
<arg>^[a-zA-Z0-9._%+-]+@[a-zA-Z0-9.-]+\.[a-zA-Z]{2,}$</arg>
<doc>Fails if ``string`` does not match ``pattern`` as a regular expression.</doc>
<status status="PASS" start="2024-03-25T09:14:07.884177" elapsed="0.000528"/>
</kw>
<kw name="Should Match Regexp" owner="BuiltIn">
<arg>${json_data['results'][0]['dob']['date']}</arg>
<arg>\\d{4}-\\d{2}-\\d{2}T\\d{2}:\\d{2}:\\d{2}\\.\\d{3}Z</arg>
<doc>Fails if ``string`` does not match ``pattern`` as a regular expression.</doc>
<status status="PASS" start="2024-03-25T09:14:07.884906" elapsed="0.000499"/>
</kw>
<kw name="Should Match Regexp" owner="BuiltIn">
<arg>${json_data['results'][0]['registered']['date']}</arg>
<arg>\\d{4}-\\d{2}-\\d{2}T\\d{2}:\\d{2}:\\d{2}\\.\\d{3}Z</arg>
<doc>Fails if ``string`` does not match ``pattern`` as a regular expression.</doc>
<status status="PASS" start="2024-03-25T09:14:07.885603" elapsed="0.000375"/>
</kw>
<kw name="Should Match Regexp" owner="BuiltIn">
<arg>${json_data['results'][0]['picture']['large']}</arg>
<arg>^https?://.*\.(?:png|jpe?g|gif|bmp)$</arg>
<doc>Fails if ``string`` does not match ``pattern`` as a regular expression.</doc>
<status status="PASS" start="2024-03-25T09:14:07.886168" elapsed="0.000459"/>
</kw>
<kw name="Should Match Regexp" owner="BuiltIn">
<arg>${json_data['results'][0]['picture']['medium']}</arg>
<arg>^https?://.*\.(?:png|jpe?g|gif|bmp)$</arg>
<doc>Fails if ``string`` does not match ``pattern`` as a regular expression.</doc>
<status status="PASS" start="2024-03-25T09:14:07.886817" elapsed="0.000361"/>
</kw>
<kw name="Should Match Regexp" owner="BuiltIn">
<arg>${json_data['results'][0]['picture']['thumbnail']}</arg>
<arg>^https?://.*\.(?:png|jpe?g|gif|bmp)$</arg>
<doc>Fails if ``string`` does not match ``pattern`` as a regular expression.</doc>
<status status="PASS" start="2024-03-25T09:14:07.887367" elapsed="0.000349"/>
</kw>
<kw name="Log" owner="BuiltIn">
<msg time="2024-03-25T09:14:07.888273" level="INFO">{'large': 'https://randomuser.me/api/portraits/men/68.jpg', 'medium': 'https://randomuser.me/api/portraits/med/men/68.jpg', 'thumbnail': 'https://randomuser.me/api/portraits/thumb/men/68.jpg'}</msg>
<arg>${json_data['results'][0]['picture']}</arg>
<doc>Logs the given message with the given level.</doc>
<status status="PASS" start="2024-03-25T09:14:07.887940" elapsed="0.000380"/>
</kw>
<status status="PASS" start="2024-03-25T09:14:07.794135" elapsed="0.094448"/>
</kw>
<kw name="Teste de Tipos de Dados - Postcode" owner="random-user-service">
<kw name="GET On Session" owner="RequestsLibrary">
<msg time="2024-03-25T09:14:07.977591" level="INFO">GET Request : url=https://randomuser.me/api 
 path_url=/api 
 headers={'User-Agent': 'python-requests/2.31.0', 'Accept-Encoding': 'gzip, deflate', 'Accept': '*/*', 'Connection': 'keep-alive'} 
 body=None 
 </msg>
<msg time="2024-03-25T09:14:07.977687" level="INFO">GET Response : url=https://randomuser.me/api 
 status=200, reason=OK 
 headers={'Date': 'Mon, 25 Mar 2024 09:14:07 GMT', 'Content-Type': 'application/json; charset=utf-8', 'Transfer-Encoding': 'chunked', 'Connection': 'keep-alive', 'X-Powered-By': 'Express', 'Access-Control-Allow-Origin': '*', 'Cache-Control': 'no-cache', 'ETag': 'W/"477-DwlrW6dPF8N8bvfNl6sHfPwIP1I"', 'Vary': 'Accept-Encoding', 'Content-Encoding': 'gzip', 'CF-Cache-Status': 'DYNAMIC', 'Report-To': '{"endpoints":[{"url":"https:\\/\\/a.nel.cloudflare.com\\/report\\/v4?s=Yv1RLLLW%2FYG15LmgGTxbQHqLN5z5uKIsD%2BY9M7eRgiwtyuuHBvoZw3km272K6tLgqnQtOlGUgl19fxgv1vKjsVxtqPZnnI2wTbS4wr0er4UfJ1n%2FbjFhkssCP2LhHZom"}],"group":"cf-nel","max_age":604800}', 'NEL': '{"success_fraction":0,"report_to":"cf-nel","max_age":604800}', 'Server': 'cloudflare', 'CF-RAY': '869dc9f7581c9e74-SJC', 'alt-svc': 'h3=":443"; ma=86400'} 
 body={"results":[{"gender":"male","name":{"title":"Mr","first":"Ayush","last":"Mendonsa"},"location":{"street":{"number":9674,"name":"Colaba Causeway"},"city":"Orai","state":"Jammu and Kashmir","country":"India","postcode":50838,"coordinates":{"latitude":"10.2877","longitude":"-32.6969"},"timezone":{"offset":"+3:30","description":"Tehran"}},"email":"ayush.mendonsa@example.com","login":{"uuid":"289f3b67-9bbf-448e-8a8c-4c46d2cfe694","username":"orangerabbit351","password":"naruto","salt":"LTU8sH5H","md5":"c9b51cc38729114def2d6e1757bf3852","sha1":"0fcd8b8b6fa0380bb34d61e3b90ad81e44f562b6","sha256":"c507c4dc5faca0c5a1eb2bd9fc045fd01ab653009a3f58cedacd817738913da9"},"dob":{"date":"1990-03-11T07:17:35.378Z","age":34},"registered":{"date":"2007-08-25T21:26:10.938Z","age":16},"phone":"9189945298","cell":"8629909430","id":{"name":"UIDAI","value":"462009907031"},"picture":{"large":"https://randomuser.me/api/portraits/men/40.jpg","medium":"https://randomuser.me/api/portraits/med/men/40.jpg","thumbnail":"https://randomuser.me/api/portraits/thumb/men/40.jpg"},"nat":"IN"}],"info":{"seed":"613481f170162e43","results":1,"page":1,"version":"1.4"}} 
 </msg>
<msg time="2024-03-25T09:14:07.977770" level="INFO">/opt/hostedtoolcache/Python/3.12.2/x64/lib/python3.12/site-packages/urllib3/connectionpool.py:1103: InsecureRequestWarning: Unverified HTTPS request is being made to host 'randomuser.me'. Adding certificate verification is strongly advised. See: https://urllib3.readthedocs.io/en/latest/advanced-usage.html#tls-warnings
  warnings.warn(</msg>
<msg time="2024-03-25T09:14:07.978012" level="INFO">${response} = &lt;Response [200]&gt;</msg>
<var>${response}</var>
<arg>consultarAPI</arg>
<arg>/api</arg>
<doc>Sends a GET request on a previously created HTTP Session.</doc>
<status status="PASS" start="2024-03-25T09:14:07.889204" elapsed="0.088851"/>
</kw>
<kw name="Set Variable" owner="BuiltIn">
<msg time="2024-03-25T09:14:07.979158" level="INFO">${json_data} = {'results': [{'gender': 'male', 'name': {'title': 'Mr', 'first': 'Ayush', 'last': 'Mendonsa'}, 'location': {'street': {'number': 9674, 'name': 'Colaba Causeway'}, 'city': 'Orai', 'state': 'Jammu and K...</msg>
<var>${json_data}</var>
<arg>${response.json()}</arg>
<doc>Returns the given values which can then be assigned to a variables.</doc>
<status status="PASS" start="2024-03-25T09:14:07.978651" elapsed="0.000536"/>
</kw>
<kw name="Log" owner="BuiltIn">
<msg time="2024-03-25T09:14:07.979654" level="INFO">{'results': [{'gender': 'male', 'name': {'title': 'Mr', 'first': 'Ayush', 'last': 'Mendonsa'}, 'location': {'street': {'number': 9674, 'name': 'Colaba Causeway'}, 'city': 'Orai', 'state': 'Jammu and Kashmir', 'country': 'India', 'postcode': 50838, 'coordinates': {'latitude': '10.2877', 'longitude': '-32.6969'}, 'timezone': {'offset': '+3:30', 'description': 'Tehran'}}, 'email': 'ayush.mendonsa@example.com', 'login': {'uuid': '289f3b67-9bbf-448e-8a8c-4c46d2cfe694', 'username': 'orangerabbit351', 'password': 'naruto', 'salt': 'LTU8sH5H', 'md5': 'c9b51cc38729114def2d6e1757bf3852', 'sha1': '0fcd8b8b6fa0380bb34d61e3b90ad81e44f562b6', 'sha256': 'c507c4dc5faca0c5a1eb2bd9fc045fd01ab653009a3f58cedacd817738913da9'}, 'dob': {'date': '1990-03-11T07:17:35.378Z', 'age': 34}, 'registered': {'date': '2007-08-25T21:26:10.938Z', 'age': 16}, 'phone': '9189945298', 'cell': '8629909430', 'id': {'name': 'UIDAI', 'value': '462009907031'}, 'picture': {'large': 'https://randomuser.me/api/portraits/men/40.jpg', 'medium': 'https://randomuser.me/api/portraits/med/men/40.jpg', 'thumbnail': 'https://randomuser.me/api/portraits/thumb/men/40.jpg'}, 'nat': 'IN'}], 'info': {'seed': '613481f170162e43', 'results': 1, 'page': 1, 'version': '1.4'}}</msg>
<arg>${json_data}</arg>
<doc>Logs the given message with the given level.</doc>
<status status="PASS" start="2024-03-25T09:14:07.979498" elapsed="0.000241"/>
</kw>
<kw name="Should Be Equal As Numbers" owner="BuiltIn">
<arg>${json_data['results'][0]['location']['postcode']}</arg>
<arg>${json_data['results'][0]['location']['postcode']}</arg>
<doc>Fails if objects are unequal after converting them to real numbers.</doc>
<status status="PASS" start="2024-03-25T09:14:07.980077" elapsed="0.000624"/>
</kw>
<kw name="Log" owner="BuiltIn">
<msg time="2024-03-25T09:14:07.981226" level="INFO">50838</msg>
<arg>${json_data['results'][0]['location']['postcode']}</arg>
<doc>Logs the given message with the given level.</doc>
<status status="PASS" start="2024-03-25T09:14:07.980895" elapsed="0.000371"/>
</kw>
<status status="PASS" start="2024-03-25T09:14:07.888815" elapsed="0.092705"/>
</kw>
<doc>Testa se os tipos de dados na resposta da API estão corretos.</doc>
<tag>testeTiposDados</tag>
<status status="PASS" start="2024-03-25T09:14:07.793648" elapsed="0.188039"/>
</test>
<test id="s1-s1-t5" name="Validar conteudo" line="35">
<kw name="Teste de Tipos de Conteudo" owner="random-user-service">
<kw name="GET On Session" owner="RequestsLibrary">
<msg time="2024-03-25T09:14:08.115695" level="INFO">GET Request : url=https://randomuser.me/api 
 path_url=/api 
 headers={'User-Agent': 'python-requests/2.31.0', 'Accept-Encoding': 'gzip, deflate', 'Accept': '*/*', 'Connection': 'keep-alive'} 
 body=None 
 </msg>
<msg time="2024-03-25T09:14:08.115854" level="INFO">GET Response : url=https://randomuser.me/api 
 status=200, reason=OK 
 headers={'Date': 'Mon, 25 Mar 2024 09:14:08 GMT', 'Content-Type': 'application/json; charset=utf-8', 'Transfer-Encoding': 'chunked', 'Connection': 'keep-alive', 'X-Powered-By': 'Express', 'Access-Control-Allow-Origin': '*', 'Cache-Control': 'no-cache', 'ETag': 'W/"48c-fhVFvfiqF38d+SFRH+Vl0z0ckaU"', 'Vary': 'Accept-Encoding', 'Content-Encoding': 'gzip', 'CF-Cache-Status': 'DYNAMIC', 'Report-To': '{"endpoints":[{"url":"https:\\/\\/a.nel.cloudflare.com\\/report\\/v4?s=AiTGt%2BpptFfWvSP3NH3E5uUnc1UBBhaX9esEo%2BA7Q7s0160kaxF6YiZCPssK9jV9gwwn5CUaS9cEIdhvfSsAZXQ1A9CYjTRSdnCUEz4BsJUErH4G3m4cNXEgL2987sWM"}],"group":"cf-nel","max_age":604800}', 'NEL': '{"success_fraction":0,"report_to":"cf-nel","max_age":604800}', 'Server': 'cloudflare', 'CF-RAY': '869dc9f7e8979e74-SJC', 'alt-svc': 'h3=":443"; ma=86400'} 
 body={"results":[{"gender":"male","name":{"title":"Mr","first":"Christan","last":"Leito"},"location":{"street":{"number":4579,"name":"Kristalstoep"},"city":"Nijetrijne","state":"Groningen","country":"Netherlands","postcode":"4784 FJ","coordinates":{"latitude":"31.7272","longitude":"-19.4770"},"timezone":{"offset":"+6:00","description":"Almaty, Dhaka, Colombo"}},"email":"christan.leito@example.com","login":{"uuid":"26c7f956-4df5-431f-8c2a-09ae5726acd7","username":"blueostrich131","password":"scrapper","salt":"t17tpg0W","md5":"044023e56a1d2b1c0923eed20abb4234","sha1":"fe529669b17a11a6c02e605b4d9fb492b685de68","sha256":"05f72988fb267e006dd8b0cc8fcab83bc15ce1e4361216d0597d0d7c712e17bc"},"dob":{"date":"1979-07-31T17:02:35.113Z","age":44},"registered":{"date":"2015-03-21T20:14:17.984Z","age":9},"phone":"(0361) 546741","cell":"(06) 83859037","id":{"name":"BSN","value":"22826159"},"picture":{"large":"https://randomuser.me/api/portraits/men/91.jpg","medium":"https://randomuser.me/api/portraits/med/men/91.jpg","thumbnail":"https://randomuser.me/api/portraits/thumb/men/91.jpg"},"nat":"NL"}],"info":{"seed":"b7ba0e05efadd242","results":1,"page":1,"version":"1.4"}} 
 </msg>
<msg time="2024-03-25T09:14:08.115942" level="INFO">/opt/hostedtoolcache/Python/3.12.2/x64/lib/python3.12/site-packages/urllib3/connectionpool.py:1103: InsecureRequestWarning: Unverified HTTPS request is being made to host 'randomuser.me'. Adding certificate verification is strongly advised. See: https://urllib3.readthedocs.io/en/latest/advanced-usage.html#tls-warnings
  warnings.warn(</msg>
<msg time="2024-03-25T09:14:08.116079" level="INFO">${response} = &lt;Response [200]&gt;</msg>
<var>${response}</var>
<arg>consultarAPI</arg>
<arg>/api</arg>
<doc>Sends a GET request on a previously created HTTP Session.</doc>
<status status="PASS" start="2024-03-25T09:14:07.984219" elapsed="0.131898"/>
</kw>
<kw name="Set Variable" owner="BuiltIn">
<msg time="2024-03-25T09:14:08.117286" level="INFO">${json_data} = {'results': [{'gender': 'male', 'name': {'title': 'Mr', 'first': 'Christan', 'last': 'Leito'}, 'location': {'street': {'number': 4579, 'name': 'Kristalstoep'}, 'city': 'Nijetrijne', 'state': 'Groninge...</msg>
<var>${json_data}</var>
<arg>${response.json()}</arg>
<doc>Returns the given values which can then be assigned to a variables.</doc>
<status status="PASS" start="2024-03-25T09:14:08.116743" elapsed="0.000571"/>
</kw>
<kw name="Set Variable" owner="BuiltIn">
<msg time="2024-03-25T09:14:08.118009" level="INFO">${name_title} = Mr</msg>
<var>${name_title}</var>
<arg>${json_data["results"][0]["name"]["title"]}</arg>
<doc>Returns the given values which can then be assigned to a variables.</doc>
<status status="PASS" start="2024-03-25T09:14:08.117628" elapsed="0.000406"/>
</kw>
<kw name="Create List" owner="BuiltIn">
<msg time="2024-03-25T09:14:08.118519" level="INFO">${allowed_titles} = ['Mr', 'Ms', 'Miss', 'Mrs', 'Madame', 'Monsieur']</msg>
<var>${allowed_titles}</var>
<arg>Mr</arg>
<arg>Ms</arg>
<arg>Miss</arg>
<arg>Mrs</arg>
<arg>Madame</arg>
<arg>Monsieur</arg>
<doc>Returns a list containing given items.</doc>
<status status="PASS" start="2024-03-25T09:14:08.118363" elapsed="0.000180"/>
</kw>
<kw name="List Should Contain Value" owner="Collections">
<msg time="2024-03-25T09:14:08.119031" level="INFO">False</msg>
<arg>${allowed_titles}</arg>
<arg>${name_title}</arg>
<doc>Fails if the ``value`` is not found from ``list``.</doc>
<status status="PASS" start="2024-03-25T09:14:08.118853" elapsed="0.000215"/>
</kw>
<kw name="Set Variable" owner="BuiltIn">
<msg time="2024-03-25T09:14:08.119724" level="INFO">${name_country} = NL</msg>
<var>${name_country}</var>
<arg>${json_data["results"][0]["nat"]}</arg>
<doc>Returns the given values which can then be assigned to a variables.</doc>
<status status="PASS" start="2024-03-25T09:14:08.119357" elapsed="0.000392"/>
</kw>
<kw name="Create List" owner="BuiltIn">
<msg time="2024-03-25T09:14:08.120704" level="INFO">${list_country} = ['AD', 'AE', 'AF', 'AG', 'AI', 'AL', 'AM', 'AO', 'AQ', 'AR', 'AS', 'AT', 'AU', 'AW', 'AX', 'AZ', 'BA', 'BB', 'BD', 'BE', 'BF', 'BG', 'BH', 'BI', 'BJ', 'BL', 'BM', 'BN', 'BO', 'BQ', 'BR', 'BS', 'BT', '...</msg>
<var>${list_country}</var>
<arg>AD</arg>
<arg>AE</arg>
<arg>AF</arg>
<arg>AG</arg>
<arg>AI</arg>
<arg>AL</arg>
<arg>AM</arg>
<arg>AO</arg>
<arg>AQ</arg>
<arg>AR</arg>
<arg>AS</arg>
<arg>AT</arg>
<arg>AU</arg>
<arg>AW</arg>
<arg>AX</arg>
<arg>AZ</arg>
<arg>BA</arg>
<arg>BB</arg>
<arg>BD</arg>
<arg>BE</arg>
<arg>BF</arg>
<arg>BG</arg>
<arg>BH</arg>
<arg>BI</arg>
<arg>BJ</arg>
<arg>BL</arg>
<arg>BM</arg>
<arg>BN</arg>
<arg>BO</arg>
<arg>BQ</arg>
<arg>BR</arg>
<arg>BS</arg>
<arg>BT</arg>
<arg>BV</arg>
<arg>BW</arg>
<arg>BY</arg>
<arg>BZ</arg>
<arg>CA</arg>
<arg>CC</arg>
<arg>CD</arg>
<arg>CF</arg>
<arg>CG</arg>
<arg>CH</arg>
<arg>CI</arg>
<arg>CK</arg>
<arg>CL</arg>
<arg>CM</arg>
<arg>CN</arg>
<arg>CO</arg>
<arg>CR</arg>
<arg>CU</arg>
<arg>CV</arg>
<arg>CW</arg>
<arg>CX</arg>
<arg>CY</arg>
<arg>CZ</arg>
<arg>DE</arg>
<arg>DJ</arg>
<arg>DK</arg>
<arg>DM</arg>
<arg>DO</arg>
<arg>DZ</arg>
<arg>EC</arg>
<arg>EE</arg>
<arg>EG</arg>
<arg>EH</arg>
<arg>ER</arg>
<arg>ES</arg>
<arg>ET</arg>
<arg>FI</arg>
<arg>FJ</arg>
<arg>FK</arg>
<arg>FM</arg>
<arg>FO</arg>
<arg>FR</arg>
<arg>GA</arg>
<arg>GB</arg>
<arg>GD</arg>
<arg>GE</arg>
<arg>GF</arg>
<arg>GG</arg>
<arg>GH</arg>
<arg>GI</arg>
<arg>GL</arg>
<arg>GM</arg>
<arg>GN</arg>
<arg>GP</arg>
<arg>GQ</arg>
<arg>GR</arg>
<arg>GS</arg>
<arg>GT</arg>
<arg>GU</arg>
<arg>GW</arg>
<arg>GY</arg>
<arg>HK</arg>
<arg>HM</arg>
<arg>HN</arg>
<arg>HR</arg>
<arg>HT</arg>
<arg>HU</arg>
<arg>ID</arg>
<arg>IE</arg>
<arg>IL</arg>
<arg>IM</arg>
<arg>IN</arg>
<arg>IO</arg>
<arg>IQ</arg>
<arg>IR</arg>
<arg>IS</arg>
<arg>IT</arg>
<arg>JE</arg>
<arg>JM</arg>
<arg>JO</arg>
<arg>JP</arg>
<arg>KE</arg>
<arg>KG</arg>
<arg>KH</arg>
<arg>KI</arg>
<arg>KM</arg>
<arg>KN</arg>
<arg>KP</arg>
<arg>KR</arg>
<arg>KW</arg>
<arg>KY</arg>
<arg>KZ</arg>
<arg>LA</arg>
<arg>LB</arg>
<arg>LC</arg>
<arg>LI</arg>
<arg>LK</arg>
<arg>LR</arg>
<arg>LS</arg>
<arg>LT</arg>
<arg>LU</arg>
<arg>LV</arg>
<arg>LY</arg>
<arg>MA</arg>
<arg>MC</arg>
<arg>MD</arg>
<arg>ME</arg>
<arg>MF</arg>
<arg>MG</arg>
<arg>MH</arg>
<arg>MK</arg>
<arg>ML</arg>
<arg>MM</arg>
<arg>MN</arg>
<arg>MO</arg>
<arg>MP</arg>
<arg>MQ</arg>
<arg>MR</arg>
<arg>MS</arg>
<arg>MT</arg>
<arg>MU</arg>
<arg>MV</arg>
<arg>MW</arg>
<arg>MX</arg>
<arg>MY</arg>
<arg>MZ</arg>
<arg>NA</arg>
<arg>NC</arg>
<arg>NE</arg>
<arg>NF</arg>
<arg>NG</arg>
<arg>NI</arg>
<arg>NL</arg>
<arg>NO</arg>
<arg>NP</arg>
<arg>NR</arg>
<arg>NU</arg>
<arg>NZ</arg>
<arg>OM</arg>
<arg>PA</arg>
<arg>PE</arg>
<arg>PF</arg>
<arg>PG</arg>
<arg>PH</arg>
<arg>PK</arg>
<arg>PL</arg>
<arg>PM</arg>
<arg>PN</arg>
<arg>PR</arg>
<arg>PS</arg>
<arg>PT</arg>
<arg>PW</arg>
<arg>PY</arg>
<arg>QA</arg>
<arg>RE</arg>
<arg>RO</arg>
<arg>RS</arg>
<arg>RU</arg>
<arg>RW</arg>
<arg>SA</arg>
<arg>SB</arg>
<arg>SC</arg>
<arg>SD</arg>
<arg>SE</arg>
<arg>SG</arg>
<arg>SH</arg>
<arg>SI</arg>
<arg>SJ</arg>
<arg>SK</arg>
<arg>SL</arg>
<arg>SM</arg>
<arg>SN</arg>
<arg>SO</arg>
<arg>SR</arg>
<arg>SS</arg>
<arg>ST</arg>
<arg>SV</arg>
<arg>SX</arg>
<arg>SY</arg>
<arg>SZ</arg>
<arg>TC</arg>
<arg>TD</arg>
<arg>TF</arg>
<arg>TG</arg>
<arg>TH</arg>
<arg>TJ</arg>
<arg>TK</arg>
<arg>TL</arg>
<arg>TM</arg>
<arg>TN</arg>
<arg>TO</arg>
<arg>TR</arg>
<arg>TT</arg>
<arg>TV</arg>
<arg>TW</arg>
<arg>TZ</arg>
<arg>UA</arg>
<arg>UG</arg>
<arg>UM</arg>
<arg>US</arg>
<arg>UY</arg>
<arg>UZ</arg>
<arg>VA</arg>
<arg>VC</arg>
<arg>VE</arg>
<arg>VG</arg>
<arg>VI</arg>
<arg>VN</arg>
<arg>VU</arg>
<arg>WF</arg>
<arg>WS</arg>
<arg>XK</arg>
<arg>YE</arg>
<arg>YT</arg>
<arg>ZA</arg>
<arg>ZM</arg>
<arg>ZW</arg>
<doc>Returns a list containing given items.</doc>
<status status="PASS" start="2024-03-25T09:14:08.120108" elapsed="0.000620"/>
</kw>
<kw name="List Should Contain Value" owner="Collections">
<msg time="2024-03-25T09:14:08.121849" level="INFO">False</msg>
<arg>${list_country}</arg>
<arg>${name_country}</arg>
<doc>Fails if the ``value`` is not found from ``list``.</doc>
<status status="PASS" start="2024-03-25T09:14:08.121644" elapsed="0.000242"/>
</kw>
<kw name="Run Keyword If" owner="BuiltIn">
<kw name="Should Be True" owner="BuiltIn">
<arg>${True}</arg>
<doc>Fails if the given condition is not true.</doc>
<status status="PASS" start="2024-03-25T09:14:08.122960" elapsed="0.000145"/>
</kw>
<arg>${json_data["results"][0]["location"]["coordinates"]["latitude"]} &gt;= -90 and ${json_data["results"][0]["location"]["coordinates"]["latitude"]} &lt;= 90</arg>
<arg>Should Be True</arg>
<arg>${True}</arg>
<doc>Runs the given keyword with the given arguments, if ``condition`` is true.</doc>
<status status="PASS" start="2024-03-25T09:14:08.122199" elapsed="0.001035"/>
</kw>
<kw name="Run Keyword If" owner="BuiltIn">
<kw name="Should Be True" owner="BuiltIn">
<arg>${True}</arg>
<doc>Fails if the given condition is not true.</doc>
<status status="PASS" start="2024-03-25T09:14:08.124154" elapsed="0.000141"/>
</kw>
<arg>${json_data["results"][0]["location"]["coordinates"]["longitude"]} &gt;= -180 and ${json_data["results"][0]["location"]["coordinates"]["longitude"]} &lt;= 180</arg>
<arg>Should Be True</arg>
<arg>${True}</arg>
<doc>Runs the given keyword with the given arguments, if ``condition`` is true.</doc>
<status status="PASS" start="2024-03-25T09:14:08.123422" elapsed="0.000997"/>
</kw>
<status status="PASS" start="2024-03-25T09:14:07.983988" elapsed="0.140562"/>
</kw>
<doc>Testa o conteúdo específico dos campos retornados pela API.</doc>
<tag>testeConteudo</tag>
<status status="PASS" start="2024-03-25T09:14:07.983425" elapsed="0.141281"/>
</test>
<status status="PASS" start="2024-03-25T09:14:07.201884" elapsed="0.924812"/>
</suite>
<status status="PASS" start="2024-03-25T09:14:07.187982" elapsed="0.944100"/>
</suite>
<statistics>
<total>
<stat pass="5" fail="0" skip="0">All Tests</stat>
</total>
<tag>
<stat pass="1" fail="0" skip="0">testeConteudo</stat>
<stat pass="1" fail="0" skip="0">testeEstruturaResposta</stat>
<stat pass="1" fail="0" skip="0">testeRequisicaoBasica</stat>
<stat pass="1" fail="0" skip="0">testeTiposDados</stat>
</tag>
<suite>
<stat pass="5" fail="0" skip="0" id="s1" name="Tests">Tests</stat>
<stat pass="5" fail="0" skip="0" id="s1-s1" name="Random-User-Test">Tests.Random-User-Test</stat>
</suite>
</statistics>
<errors>
</errors>
</robot>
