<?xml version="1.0" encoding="UTF-8"?>
<robot generator="Robot 7.0.1 (Python 3.12.4 on linux)" generated="2024-07-19T01:57:04.960709" rpa="false" schemaversion="5">
<suite id="s1" name="Tests" source="/home/runner/work/ApiRandomUser/ApiRandomUser/RamdonUser/tests">
<suite id="s1-s1" name="Random-User-Test" source="/home/runner/work/ApiRandomUser/ApiRandomUser/RamdonUser/tests/random-user-test.robot">
<test id="s1-s1-t1" name="Conectar" line="13">
<kw name="Conectar API" owner="random-user-service">
<kw name="Create Session" owner="RequestsLibrary">
<msg time="2024-07-19T01:57:05.383141" level="INFO">Creating Session using : alias=consultarAPI, url=https://randomuser.me/, headers={},                     cookies={}, auth=None, timeout=None, proxies=None, verify=False,                     debug=0 </msg>
<arg>consultarAPI</arg>
<arg>${URL}</arg>
<doc>Create Session: create a HTTP session to a server</doc>
<status status="PASS" start="2024-07-19T01:57:05.382941" elapsed="0.000379"/>
</kw>
<status status="PASS" start="2024-07-19T01:57:05.381849" elapsed="0.001829"/>
</kw>
<status status="PASS" start="2024-07-19T01:57:05.381175" elapsed="0.002696"/>
</test>
<test id="s1-s1-t2" name="Validar retorno 200 e JSON Válido" line="16">
<kw name="Teste de Requisicao Basica" owner="random-user-service">
<kw name="GET On Session" owner="RequestsLibrary">
<msg time="2024-07-19T01:57:05.654302" level="INFO">GET Request : url=https://randomuser.me/api 
 path_url=/api 
 headers={'User-Agent': 'python-requests/2.32.3', 'Accept-Encoding': 'gzip, deflate', 'Accept': '*/*', 'Connection': 'keep-alive'} 
 body=None 
 </msg>
<msg time="2024-07-19T01:57:05.654487" level="INFO">GET Response : url=https://randomuser.me/api 
 status=200, reason=OK 
 headers={'Date': 'Fri, 19 Jul 2024 01:57:05 GMT', 'Content-Type': 'application/json; charset=utf-8', 'Transfer-Encoding': 'chunked', 'Connection': 'keep-alive', 'X-Powered-By': 'Express', 'Access-Control-Allow-Origin': '*', 'Cache-Control': 'no-cache', 'ETag': 'W/"4a9-Ng+z8VKrU3+JviHfKf+R+0tbUss"', 'Vary': 'Accept-Encoding', 'Content-Encoding': 'gzip', 'CF-Cache-Status': 'DYNAMIC', 'Report-To': '{"endpoints":[{"url":"https:\\/\\/a.nel.cloudflare.com\\/report\\/v4?s=nbXB%2B6Z4mvaTiQ1aZXRUQrbNwmx3LjbDzHiRApQWJZc01x5PZrvZWXbZ7AsIbQOtB6z2oU%2FaY9QhyrU2mIH8geU76qTBO3Z4JT3ShUYV11h1VOplqIbduoDDeDYQIUuW"}],"group":"cf-nel","max_age":604800}', 'NEL': '{"success_fraction":0,"report_to":"cf-nel","max_age":604800}', 'Server': 'cloudflare', 'CF-RAY': '8a571945db03295c-ORD', 'alt-svc': 'h3=":443"; ma=86400'} 
 body={"results":[{"gender":"female","name":{"title":"Miss","first":"Leanne","last":"Chan"},"location":{"street":{"number":3698,"name":"Duke St"},"city":"Elgin","state":"Newfoundland and Labrador","country":"Canada","postcode":"T6W 5P7","coordinates":{"latitude":"-71.3339","longitude":"17.6269"},"timezone":{"offset":"0:00","description":"Western Europe Time, London, Lisbon, Casablanca"}},"email":"leanne.chan@example.com","login":{"uuid":"b2575645-f368-4310-8498-872a66c63c58","username":"orangeleopard524","password":"mickey1","salt":"oxGofcbp","md5":"8db0c50c80d8ed5a4a6af837d854b9c9","sha1":"df28c92eba4a4cd3cd68bcc71ed6999043b727b7","sha256":"6671c1e7b28cbf2259b4d5dc845d05a237f61a40ffdf6c30d17e293751d700d0"},"dob":{"date":"1954-05-03T09:20:32.507Z","age":70},"registered":{"date":"2015-03-23T12:57:27.192Z","age":9},"phone":"K74 F73-5747","cell":"D69 Q67-7563","id":{"name":"SIN","value":"762166221"},"picture":{"large":"https://randomuser.me/api/portraits/women/42.jpg","medium":"https://randomuser.me/api/portraits/med/women/42.jpg","thumbnail":"https://randomuser.me/api/portraits/thumb/women/42.jpg"},"nat":"CA"}],"info":{"seed":"4fac0f2fa686f891","results":1,"page":1,"version":"1.4"}} 
 </msg>
<msg time="2024-07-19T01:57:05.654605" level="INFO">/opt/hostedtoolcache/Python/3.12.4/x64/lib/python3.12/site-packages/urllib3/connectionpool.py:1099: InsecureRequestWarning: Unverified HTTPS request is being made to host 'randomuser.me'. Adding certificate verification is strongly advised. See: https://urllib3.readthedocs.io/en/latest/advanced-usage.html#tls-warnings
  warnings.warn(</msg>
<msg time="2024-07-19T01:57:05.654763" level="INFO">${response} = &lt;Response [200]&gt;</msg>
<var>${response}</var>
<arg>consultarAPI</arg>
<arg>/api</arg>
<doc>Sends a GET request on a previously created HTTP Session.</doc>
<status status="PASS" start="2024-07-19T01:57:05.386438" elapsed="0.268367"/>
</kw>
<kw name="Should Be Equal As Numbers" owner="BuiltIn">
<msg time="2024-07-19T01:57:05.655961" level="INFO">Argument types are:
&lt;class 'int'&gt;
&lt;class 'str'&gt;</msg>
<arg>${response.status_code}</arg>
<arg>200</arg>
<doc>Fails if objects are unequal after converting them to real numbers.</doc>
<status status="PASS" start="2024-07-19T01:57:05.655434" elapsed="0.000592"/>
</kw>
<kw name="Log" owner="BuiltIn">
<msg time="2024-07-19T01:57:05.656705" level="INFO">200</msg>
<arg>${response.status_code}</arg>
<doc>Logs the given message with the given level.</doc>
<status status="PASS" start="2024-07-19T01:57:05.656345" elapsed="0.000405"/>
</kw>
<kw name="Set Variable" owner="BuiltIn">
<msg time="2024-07-19T01:57:05.657490" level="INFO">${json_data} = {'results': [{'gender': 'female', 'name': {'title': 'Miss', 'first': 'Leanne', 'last': 'Chan'}, 'location': {'street': {'number': 3698, 'name': 'Duke St'}, 'city': 'Elgin', 'state': 'Newfoundland and ...</msg>
<var>${json_data}</var>
<arg>${response.json()}</arg>
<doc>Returns the given values which can then be assigned to a variables.</doc>
<status status="PASS" start="2024-07-19T01:57:05.657052" elapsed="0.000466"/>
</kw>
<kw name="Dictionary Should Contain Key" owner="Collections">
<arg>${json_data}</arg>
<arg>results</arg>
<doc>Fails if ``key`` is not found from ``dictionary``.</doc>
<status status="PASS" start="2024-07-19T01:57:05.657816" elapsed="0.000320"/>
</kw>
<status status="PASS" start="2024-07-19T01:57:05.386202" elapsed="0.272084"/>
</kw>
<doc>Testa se a API responde corretamente e retorna um objeto JSON válido.</doc>
<tag>testeRequisicaoBasica</tag>
<status status="PASS" start="2024-07-19T01:57:05.385736" elapsed="0.272723"/>
</test>
<test id="s1-s1-t3" name="Validar estrutura de resposta" line="22">
<kw name="Teste de Estrutura de Resposta" owner="random-user-service">
<kw name="GET On Session" owner="RequestsLibrary">
<msg time="2024-07-19T01:57:05.768301" level="INFO">GET Request : url=https://randomuser.me/api 
 path_url=/api 
 headers={'User-Agent': 'python-requests/2.32.3', 'Accept-Encoding': 'gzip, deflate', 'Accept': '*/*', 'Connection': 'keep-alive'} 
 body=None 
 </msg>
<msg time="2024-07-19T01:57:05.768405" level="INFO">GET Response : url=https://randomuser.me/api 
 status=200, reason=OK 
 headers={'Date': 'Fri, 19 Jul 2024 01:57:05 GMT', 'Content-Type': 'application/json; charset=utf-8', 'Transfer-Encoding': 'chunked', 'Connection': 'keep-alive', 'X-Powered-By': 'Express', 'Access-Control-Allow-Origin': '*', 'Cache-Control': 'no-cache', 'ETag': 'W/"485-r+nP8mCYs66dDPlVSJbdoctab5k"', 'Vary': 'Accept-Encoding', 'Content-Encoding': 'gzip', 'CF-Cache-Status': 'DYNAMIC', 'Report-To': '{"endpoints":[{"url":"https:\\/\\/a.nel.cloudflare.com\\/report\\/v4?s=Av7xjPsTBQfECjyNAFnn%2Fr%2FZEg79pbe9QH3c%2B9ALE5qNhRGiiK2LUc4zzRfyRYrHOVDhWhayiTv7iKBqlXb1EqmcWFWjji2BJGEW9N8pIGwfQqWpTaKl4pOo4%2FPY4uPM"}],"group":"cf-nel","max_age":604800}', 'NEL': '{"success_fraction":0,"report_to":"cf-nel","max_age":604800}', 'Server': 'cloudflare', 'CF-RAY': '8a5719466b9e295c-ORD', 'alt-svc': 'h3=":443"; ma=86400'} 
 body={"results":[{"gender":"female","name":{"title":"Ms","first":"تارا","last":"پارسا"},"location":{"street":{"number":5946,"name":"هلال احمر"},"city":"آمل","state":"کهگیلویه و بویراحمد","country":"Iran","postcode":13202,"coordinates":{"latitude":"17.5813","longitude":"62.5604"},"timezone":{"offset":"-10:00","description":"Hawaii"}},"email":"tr.prs@example.com","login":{"uuid":"4cf19d0e-0e35-455d-947f-8cf60b8ebc89","username":"yellowleopard799","password":"james","salt":"6nuxvZ1r","md5":"8602b03e028ea27c61ccef3194283af0","sha1":"db97999bb4e42dcae3428b6675a835acba88ce58","sha256":"e83bc6006bcb53c517c2b5921672ccbf8c7c8e3a2947e2f11ecc079120367bd1"},"dob":{"date":"1998-03-15T12:40:27.002Z","age":26},"registered":{"date":"2009-11-29T22:10:54.598Z","age":14},"phone":"065-97755495","cell":"0973-227-1843","id":{"name":"","value":null},"picture":{"large":"https://randomuser.me/api/portraits/women/1.jpg","medium":"https://randomuser.me/api/portraits/med/women/1.jpg","thumbnail":"https://randomuser.me/api/portraits/thumb/women/1.jpg"},"nat":"IR"}],"info":{"seed":"c8969e152619ac4c","results":1,"page":1,"version":"1.4"}} 
 </msg>
<msg time="2024-07-19T01:57:05.768533" level="INFO">/opt/hostedtoolcache/Python/3.12.4/x64/lib/python3.12/site-packages/urllib3/connectionpool.py:1099: InsecureRequestWarning: Unverified HTTPS request is being made to host 'randomuser.me'. Adding certificate verification is strongly advised. See: https://urllib3.readthedocs.io/en/latest/advanced-usage.html#tls-warnings
  warnings.warn(</msg>
<msg time="2024-07-19T01:57:05.768671" level="INFO">${response} = &lt;Response [200]&gt;</msg>
<var>${response}</var>
<arg>consultarAPI</arg>
<arg>/api</arg>
<doc>Sends a GET request on a previously created HTTP Session.</doc>
<status status="PASS" start="2024-07-19T01:57:05.661207" elapsed="0.107504"/>
</kw>
<kw name="Set Variable" owner="BuiltIn">
<msg time="2024-07-19T01:57:05.769882" level="INFO">${json_data} = {'results': [{'gender': 'female', 'name': {'title': 'Ms', 'first': 'تارا', 'last': 'پارسا'}, 'location': {'street': {'number': 5946, 'name': 'هلال احمر'}, 'city': 'آمل', 'state': 'کهگیلویه و بویراحمد'...</msg>
<var>${json_data}</var>
<arg>${response.json()}</arg>
<doc>Returns the given values which can then be assigned to a variables.</doc>
<status status="PASS" start="2024-07-19T01:57:05.769323" elapsed="0.000589"/>
</kw>
<kw name="Log" owner="BuiltIn">
<msg time="2024-07-19T01:57:05.770395" level="INFO">{'results': [{'gender': 'female', 'name': {'title': 'Ms', 'first': 'تارا', 'last': 'پارسا'}, 'location': {'street': {'number': 5946, 'name': 'هلال احمر'}, 'city': 'آمل', 'state': 'کهگیلویه و بویراحمد', 'country': 'Iran', 'postcode': 13202, 'coordinates': {'latitude': '17.5813', 'longitude': '62.5604'}, 'timezone': {'offset': '-10:00', 'description': 'Hawaii'}}, 'email': 'tr.prs@example.com', 'login': {'uuid': '4cf19d0e-0e35-455d-947f-8cf60b8ebc89', 'username': 'yellowleopard799', 'password': 'james', 'salt': '6nuxvZ1r', 'md5': '8602b03e028ea27c61ccef3194283af0', 'sha1': 'db97999bb4e42dcae3428b6675a835acba88ce58', 'sha256': 'e83bc6006bcb53c517c2b5921672ccbf8c7c8e3a2947e2f11ecc079120367bd1'}, 'dob': {'date': '1998-03-15T12:40:27.002Z', 'age': 26}, 'registered': {'date': '2009-11-29T22:10:54.598Z', 'age': 14}, 'phone': '065-97755495', 'cell': '0973-227-1843', 'id': {'name': '', 'value': None}, 'picture': {'large': 'https://randomuser.me/api/portraits/women/1.jpg', 'medium': 'https://randomuser.me/api/portraits/med/women/1.jpg', 'thumbnail': 'https://randomuser.me/api/portraits/thumb/women/1.jpg'}, 'nat': 'IR'}], 'info': {'seed': 'c8969e152619ac4c', 'results': 1, 'page': 1, 'version': '1.4'}}</msg>
<arg>${json_data}</arg>
<doc>Logs the given message with the given level.</doc>
<status status="PASS" start="2024-07-19T01:57:05.770218" elapsed="0.000229"/>
</kw>
<kw name="Dictionary Should Contain Key" owner="Collections">
<arg>${json_data}</arg>
<arg>results</arg>
<doc>Fails if ``key`` is not found from ``dictionary``.</doc>
<status status="PASS" start="2024-07-19T01:57:05.770783" elapsed="0.000163"/>
</kw>
<kw name="Should Not Be Empty" owner="BuiltIn">
<msg time="2024-07-19T01:57:05.771247" level="INFO">Length is 2.</msg>
<arg>${json_data}</arg>
<doc>Verifies that the given item is not empty.</doc>
<status status="PASS" start="2024-07-19T01:57:05.771127" elapsed="0.000161"/>
</kw>
<kw name="Create List" owner="BuiltIn">
<msg time="2024-07-19T01:57:05.771722" level="INFO">${expected_keys} = ['gender', 'name', 'location', 'email', 'login']</msg>
<var>${expected_keys}</var>
<arg>gender</arg>
<arg>name</arg>
<arg>location</arg>
<arg>email</arg>
<arg>login</arg>
<doc>Returns a list containing given items.</doc>
<status status="PASS" start="2024-07-19T01:57:05.771574" elapsed="0.000171"/>
</kw>
<for flavor="IN">
<iter>
<kw name="Dictionary Should Contain Key" owner="Collections">
<arg>${json_data['results'][0]}</arg>
<arg>${key}</arg>
<doc>Fails if ``key`` is not found from ``dictionary``.</doc>
<status status="PASS" start="2024-07-19T01:57:05.772326" elapsed="0.000403"/>
</kw>
<kw name="Log" owner="BuiltIn">
<msg time="2024-07-19T01:57:05.773265" level="INFO">{'gender': 'female', 'name': {'title': 'Ms', 'first': 'تارا', 'last': 'پارسا'}, 'location': {'street': {'number': 5946, 'name': 'هلال احمر'}, 'city': 'آمل', 'state': 'کهگیلویه و بویراحمد', 'country': 'Iran', 'postcode': 13202, 'coordinates': {'latitude': '17.5813', 'longitude': '62.5604'}, 'timezone': {'offset': '-10:00', 'description': 'Hawaii'}}, 'email': 'tr.prs@example.com', 'login': {'uuid': '4cf19d0e-0e35-455d-947f-8cf60b8ebc89', 'username': 'yellowleopard799', 'password': 'james', 'salt': '6nuxvZ1r', 'md5': '8602b03e028ea27c61ccef3194283af0', 'sha1': 'db97999bb4e42dcae3428b6675a835acba88ce58', 'sha256': 'e83bc6006bcb53c517c2b5921672ccbf8c7c8e3a2947e2f11ecc079120367bd1'}, 'dob': {'date': '1998-03-15T12:40:27.002Z', 'age': 26}, 'registered': {'date': '2009-11-29T22:10:54.598Z', 'age': 14}, 'phone': '065-97755495', 'cell': '0973-227-1843', 'id': {'name': '', 'value': None}, 'picture': {'large': 'https://randomuser.me/api/portraits/women/1.jpg', 'medium': 'https://randomuser.me/api/portraits/med/women/1.jpg', 'thumbnail': 'https://randomuser.me/api/portraits/thumb/women/1.jpg'}, 'nat': 'IR'}</msg>
<arg>${json_data['results'][0]}</arg>
<doc>Logs the given message with the given level.</doc>
<status status="PASS" start="2024-07-19T01:57:05.772912" elapsed="0.000405"/>
</kw>
<kw name="Log" owner="BuiltIn">
<msg time="2024-07-19T01:57:05.773742" level="INFO">gender</msg>
<arg>${key}</arg>
<doc>Logs the given message with the given level.</doc>
<status status="PASS" start="2024-07-19T01:57:05.773616" elapsed="0.000164"/>
</kw>
<var name="${key}">gender</var>
<status status="PASS" start="2024-07-19T01:57:05.772199" elapsed="0.001794"/>
</iter>
<iter>
<kw name="Dictionary Should Contain Key" owner="Collections">
<arg>${json_data['results'][0]}</arg>
<arg>${key}</arg>
<doc>Fails if ``key`` is not found from ``dictionary``.</doc>
<status status="PASS" start="2024-07-19T01:57:05.774281" elapsed="0.000409"/>
</kw>
<kw name="Log" owner="BuiltIn">
<msg time="2024-07-19T01:57:05.775243" level="INFO">{'gender': 'female', 'name': {'title': 'Ms', 'first': 'تارا', 'last': 'پارسا'}, 'location': {'street': {'number': 5946, 'name': 'هلال احمر'}, 'city': 'آمل', 'state': 'کهگیلویه و بویراحمد', 'country': 'Iran', 'postcode': 13202, 'coordinates': {'latitude': '17.5813', 'longitude': '62.5604'}, 'timezone': {'offset': '-10:00', 'description': 'Hawaii'}}, 'email': 'tr.prs@example.com', 'login': {'uuid': '4cf19d0e-0e35-455d-947f-8cf60b8ebc89', 'username': 'yellowleopard799', 'password': 'james', 'salt': '6nuxvZ1r', 'md5': '8602b03e028ea27c61ccef3194283af0', 'sha1': 'db97999bb4e42dcae3428b6675a835acba88ce58', 'sha256': 'e83bc6006bcb53c517c2b5921672ccbf8c7c8e3a2947e2f11ecc079120367bd1'}, 'dob': {'date': '1998-03-15T12:40:27.002Z', 'age': 26}, 'registered': {'date': '2009-11-29T22:10:54.598Z', 'age': 14}, 'phone': '065-97755495', 'cell': '0973-227-1843', 'id': {'name': '', 'value': None}, 'picture': {'large': 'https://randomuser.me/api/portraits/women/1.jpg', 'medium': 'https://randomuser.me/api/portraits/med/women/1.jpg', 'thumbnail': 'https://randomuser.me/api/portraits/thumb/women/1.jpg'}, 'nat': 'IR'}</msg>
<arg>${json_data['results'][0]}</arg>
<doc>Logs the given message with the given level.</doc>
<status status="PASS" start="2024-07-19T01:57:05.774870" elapsed="0.000459"/>
</kw>
<kw name="Log" owner="BuiltIn">
<msg time="2024-07-19T01:57:05.775754" level="INFO">name</msg>
<arg>${key}</arg>
<doc>Logs the given message with the given level.</doc>
<status status="PASS" start="2024-07-19T01:57:05.775630" elapsed="0.000161"/>
</kw>
<var name="${key}">name</var>
<status status="PASS" start="2024-07-19T01:57:05.774172" elapsed="0.001828"/>
</iter>
<iter>
<kw name="Dictionary Should Contain Key" owner="Collections">
<arg>${json_data['results'][0]}</arg>
<arg>${key}</arg>
<doc>Fails if ``key`` is not found from ``dictionary``.</doc>
<status status="PASS" start="2024-07-19T01:57:05.776278" elapsed="0.000371"/>
</kw>
<kw name="Log" owner="BuiltIn">
<msg time="2024-07-19T01:57:05.777179" level="INFO">{'gender': 'female', 'name': {'title': 'Ms', 'first': 'تارا', 'last': 'پارسا'}, 'location': {'street': {'number': 5946, 'name': 'هلال احمر'}, 'city': 'آمل', 'state': 'کهگیلویه و بویراحمد', 'country': 'Iran', 'postcode': 13202, 'coordinates': {'latitude': '17.5813', 'longitude': '62.5604'}, 'timezone': {'offset': '-10:00', 'description': 'Hawaii'}}, 'email': 'tr.prs@example.com', 'login': {'uuid': '4cf19d0e-0e35-455d-947f-8cf60b8ebc89', 'username': 'yellowleopard799', 'password': 'james', 'salt': '6nuxvZ1r', 'md5': '8602b03e028ea27c61ccef3194283af0', 'sha1': 'db97999bb4e42dcae3428b6675a835acba88ce58', 'sha256': 'e83bc6006bcb53c517c2b5921672ccbf8c7c8e3a2947e2f11ecc079120367bd1'}, 'dob': {'date': '1998-03-15T12:40:27.002Z', 'age': 26}, 'registered': {'date': '2009-11-29T22:10:54.598Z', 'age': 14}, 'phone': '065-97755495', 'cell': '0973-227-1843', 'id': {'name': '', 'value': None}, 'picture': {'large': 'https://randomuser.me/api/portraits/women/1.jpg', 'medium': 'https://randomuser.me/api/portraits/med/women/1.jpg', 'thumbnail': 'https://randomuser.me/api/portraits/thumb/women/1.jpg'}, 'nat': 'IR'}</msg>
<arg>${json_data['results'][0]}</arg>
<doc>Logs the given message with the given level.</doc>
<status status="PASS" start="2024-07-19T01:57:05.776832" elapsed="0.000398"/>
</kw>
<kw name="Log" owner="BuiltIn">
<msg time="2024-07-19T01:57:05.777644" level="INFO">location</msg>
<arg>${key}</arg>
<doc>Logs the given message with the given level.</doc>
<status status="PASS" start="2024-07-19T01:57:05.777519" elapsed="0.000160"/>
</kw>
<var name="${key}">location</var>
<status status="PASS" start="2024-07-19T01:57:05.776172" elapsed="0.001719"/>
</iter>
<iter>
<kw name="Dictionary Should Contain Key" owner="Collections">
<arg>${json_data['results'][0]}</arg>
<arg>${key}</arg>
<doc>Fails if ``key`` is not found from ``dictionary``.</doc>
<status status="PASS" start="2024-07-19T01:57:05.778163" elapsed="0.000429"/>
</kw>
<kw name="Log" owner="BuiltIn">
<msg time="2024-07-19T01:57:05.779272" level="INFO">{'gender': 'female', 'name': {'title': 'Ms', 'first': 'تارا', 'last': 'پارسا'}, 'location': {'street': {'number': 5946, 'name': 'هلال احمر'}, 'city': 'آمل', 'state': 'کهگیلویه و بویراحمد', 'country': 'Iran', 'postcode': 13202, 'coordinates': {'latitude': '17.5813', 'longitude': '62.5604'}, 'timezone': {'offset': '-10:00', 'description': 'Hawaii'}}, 'email': 'tr.prs@example.com', 'login': {'uuid': '4cf19d0e-0e35-455d-947f-8cf60b8ebc89', 'username': 'yellowleopard799', 'password': 'james', 'salt': '6nuxvZ1r', 'md5': '8602b03e028ea27c61ccef3194283af0', 'sha1': 'db97999bb4e42dcae3428b6675a835acba88ce58', 'sha256': 'e83bc6006bcb53c517c2b5921672ccbf8c7c8e3a2947e2f11ecc079120367bd1'}, 'dob': {'date': '1998-03-15T12:40:27.002Z', 'age': 26}, 'registered': {'date': '2009-11-29T22:10:54.598Z', 'age': 14}, 'phone': '065-97755495', 'cell': '0973-227-1843', 'id': {'name': '', 'value': None}, 'picture': {'large': 'https://randomuser.me/api/portraits/women/1.jpg', 'medium': 'https://randomuser.me/api/portraits/med/women/1.jpg', 'thumbnail': 'https://randomuser.me/api/portraits/thumb/women/1.jpg'}, 'nat': 'IR'}</msg>
<arg>${json_data['results'][0]}</arg>
<doc>Logs the given message with the given level.</doc>
<status status="PASS" start="2024-07-19T01:57:05.778913" elapsed="0.000411"/>
</kw>
<kw name="Log" owner="BuiltIn">
<msg time="2024-07-19T01:57:05.779750" level="INFO">email</msg>
<arg>${key}</arg>
<doc>Logs the given message with the given level.</doc>
<status status="PASS" start="2024-07-19T01:57:05.779623" elapsed="0.000164"/>
</kw>
<var name="${key}">email</var>
<status status="PASS" start="2024-07-19T01:57:05.778057" elapsed="0.001944"/>
</iter>
<iter>
<kw name="Dictionary Should Contain Key" owner="Collections">
<arg>${json_data['results'][0]}</arg>
<arg>${key}</arg>
<doc>Fails if ``key`` is not found from ``dictionary``.</doc>
<status status="PASS" start="2024-07-19T01:57:05.780274" elapsed="0.000402"/>
</kw>
<kw name="Log" owner="BuiltIn">
<msg time="2024-07-19T01:57:05.781199" level="INFO">{'gender': 'female', 'name': {'title': 'Ms', 'first': 'تارا', 'last': 'پارسا'}, 'location': {'street': {'number': 5946, 'name': 'هلال احمر'}, 'city': 'آمل', 'state': 'کهگیلویه و بویراحمد', 'country': 'Iran', 'postcode': 13202, 'coordinates': {'latitude': '17.5813', 'longitude': '62.5604'}, 'timezone': {'offset': '-10:00', 'description': 'Hawaii'}}, 'email': 'tr.prs@example.com', 'login': {'uuid': '4cf19d0e-0e35-455d-947f-8cf60b8ebc89', 'username': 'yellowleopard799', 'password': 'james', 'salt': '6nuxvZ1r', 'md5': '8602b03e028ea27c61ccef3194283af0', 'sha1': 'db97999bb4e42dcae3428b6675a835acba88ce58', 'sha256': 'e83bc6006bcb53c517c2b5921672ccbf8c7c8e3a2947e2f11ecc079120367bd1'}, 'dob': {'date': '1998-03-15T12:40:27.002Z', 'age': 26}, 'registered': {'date': '2009-11-29T22:10:54.598Z', 'age': 14}, 'phone': '065-97755495', 'cell': '0973-227-1843', 'id': {'name': '', 'value': None}, 'picture': {'large': 'https://randomuser.me/api/portraits/women/1.jpg', 'medium': 'https://randomuser.me/api/portraits/med/women/1.jpg', 'thumbnail': 'https://randomuser.me/api/portraits/thumb/women/1.jpg'}, 'nat': 'IR'}</msg>
<arg>${json_data['results'][0]}</arg>
<doc>Logs the given message with the given level.</doc>
<status status="PASS" start="2024-07-19T01:57:05.780856" elapsed="0.000393"/>
</kw>
<kw name="Log" owner="BuiltIn">
<msg time="2024-07-19T01:57:05.781670" level="INFO">login</msg>
<arg>${key}</arg>
<doc>Logs the given message with the given level.</doc>
<status status="PASS" start="2024-07-19T01:57:05.781544" elapsed="0.000163"/>
</kw>
<var name="${key}">login</var>
<status status="PASS" start="2024-07-19T01:57:05.780167" elapsed="0.001758"/>
</iter>
<var>${key}</var>
<value>@{expected_keys}</value>
<status status="PASS" start="2024-07-19T01:57:05.772009" elapsed="0.010032"/>
</for>
<kw name="Create List" owner="BuiltIn">
<msg time="2024-07-19T01:57:05.782354" level="INFO">${expected_keysTwo} = ['username', 'password']</msg>
<var>${expected_keysTwo}</var>
<arg>username</arg>
<arg>password</arg>
<doc>Returns a list containing given items.</doc>
<status status="PASS" start="2024-07-19T01:57:05.782224" elapsed="0.000183"/>
</kw>
<for flavor="IN">
<iter>
<kw name="Dictionary Should Contain Key" owner="Collections">
<arg>${json_data['results'][0]['login']}</arg>
<arg>${keyTwo}</arg>
<doc>Fails if ``key`` is not found from ``dictionary``.</doc>
<status status="PASS" start="2024-07-19T01:57:05.782946" elapsed="0.000376"/>
</kw>
<kw name="Dictionary Should Contain Key" owner="Collections">
<arg>${json_data['results'][0]['login']}</arg>
<arg>${keyTwo}</arg>
<doc>Fails if ``key`` is not found from ``dictionary``.</doc>
<status status="PASS" start="2024-07-19T01:57:05.783502" elapsed="0.000373"/>
</kw>
<kw name="Log" owner="BuiltIn">
<msg time="2024-07-19T01:57:05.784166" level="INFO">username</msg>
<arg>${keyTwo}</arg>
<doc>Logs the given message with the given level.</doc>
<status status="PASS" start="2024-07-19T01:57:05.784050" elapsed="0.000153"/>
</kw>
<var name="${keyTwo}">username</var>
<status status="PASS" start="2024-07-19T01:57:05.782840" elapsed="0.001580"/>
</iter>
<iter>
<kw name="Dictionary Should Contain Key" owner="Collections">
<arg>${json_data['results'][0]['login']}</arg>
<arg>${keyTwo}</arg>
<doc>Fails if ``key`` is not found from ``dictionary``.</doc>
<status status="PASS" start="2024-07-19T01:57:05.784698" elapsed="0.000370"/>
</kw>
<kw name="Dictionary Should Contain Key" owner="Collections">
<arg>${json_data['results'][0]['login']}</arg>
<arg>${keyTwo}</arg>
<doc>Fails if ``key`` is not found from ``dictionary``.</doc>
<status status="PASS" start="2024-07-19T01:57:05.785242" elapsed="0.000387"/>
</kw>
<kw name="Log" owner="BuiltIn">
<msg time="2024-07-19T01:57:05.785928" level="INFO">password</msg>
<arg>${keyTwo}</arg>
<doc>Logs the given message with the given level.</doc>
<status status="PASS" start="2024-07-19T01:57:05.785806" elapsed="0.000159"/>
</kw>
<var name="${keyTwo}">password</var>
<status status="PASS" start="2024-07-19T01:57:05.784589" elapsed="0.001590"/>
</iter>
<var>${keyTwo}</var>
<value>@{expected_keysTwo}</value>
<status status="PASS" start="2024-07-19T01:57:05.782689" elapsed="0.003607"/>
</for>
<status status="PASS" start="2024-07-19T01:57:05.660975" elapsed="0.125459"/>
</kw>
<doc>Testa a estrutura da resposta da API.</doc>
<tag>testeEstruturaResposta</tag>
<status status="PASS" start="2024-07-19T01:57:05.660387" elapsed="0.126247"/>
</test>
<test id="s1-s1-t4" name="Validar tipos de dados" line="28">
<kw name="Teste de Tipos de Dados" owner="random-user-service">
<kw name="GET On Session" owner="RequestsLibrary">
<msg time="2024-07-19T01:57:05.886140" level="INFO">GET Request : url=https://randomuser.me/api 
 path_url=/api 
 headers={'User-Agent': 'python-requests/2.32.3', 'Accept-Encoding': 'gzip, deflate', 'Accept': '*/*', 'Connection': 'keep-alive'} 
 body=None 
 </msg>
<msg time="2024-07-19T01:57:05.886234" level="INFO">GET Response : url=https://randomuser.me/api 
 status=200, reason=OK 
 headers={'Date': 'Fri, 19 Jul 2024 01:57:05 GMT', 'Content-Type': 'application/json; charset=utf-8', 'Transfer-Encoding': 'chunked', 'Connection': 'keep-alive', 'X-Powered-By': 'Express', 'Access-Control-Allow-Origin': '*', 'Cache-Control': 'no-cache', 'ETag': 'W/"4b8-ObbyokENSYMMbGMGHPXyBouW0Wc"', 'Vary': 'Accept-Encoding', 'Content-Encoding': 'gzip', 'CF-Cache-Status': 'DYNAMIC', 'Report-To': '{"endpoints":[{"url":"https:\\/\\/a.nel.cloudflare.com\\/report\\/v4?s=xYFcRb5u0ylG47%2FRNIpP2u0O9JvmwLQhbrFz9MRe771CXfjW6uzsjuxUF8oVlDxzx8hZC6K92Yl5QqtI95jN3SNQIZ2bOFsp0s1XKp5MdZmTeZPBiKh7vP%2FjDSUZ%2FCP5"}],"group":"cf-nel","max_age":604800}', 'NEL': '{"success_fraction":0,"report_to":"cf-nel","max_age":604800}', 'Server': 'cloudflare', 'CF-RAY': '8a5719473ca8295c-ORD', 'alt-svc': 'h3=":443"; ma=86400'} 
 body={"results":[{"gender":"female","name":{"title":"Ms","first":"Sharon","last":"Holland"},"location":{"street":{"number":7530,"name":"West Street"},"city":"Brighton and Hove","state":"Cambridgeshire","country":"United Kingdom","postcode":"QB2V 0EG","coordinates":{"latitude":"-12.4220","longitude":"31.0287"},"timezone":{"offset":"-4:00","description":"Atlantic Time (Canada), Caracas, La Paz"}},"email":"sharon.holland@example.com","login":{"uuid":"d6b4cf11-2879-4f57-82fa-ceb38fb1b665","username":"redpeacock894","password":"xxxxxx1","salt":"HCJ7wCWj","md5":"a58985daf33020d9c2e504f00719a044","sha1":"8388f0474310644ff75f160e9f58c564ea0cd390","sha256":"6ba7988d619222701d384a9abbbceab665aed20dd5a37256544f0a839ea21887"},"dob":{"date":"1984-12-07T17:56:55.760Z","age":39},"registered":{"date":"2007-01-23T04:17:40.986Z","age":17},"phone":"0161 506 8122","cell":"07208 752845","id":{"name":"NINO","value":"CJ 40 80 16 R"},"picture":{"large":"https://randomuser.me/api/portraits/women/53.jpg","medium":"https://randomuser.me/api/portraits/med/women/53.jpg","thumbnail":"https://randomuser.me/api/portraits/thumb/women/53.jpg"},"nat":"GB"}],"info":{"seed":"a0f6da64f51fd513","results":1,"page":1,"version":"1.4"}} 
 </msg>
<msg time="2024-07-19T01:57:05.886306" level="INFO">/opt/hostedtoolcache/Python/3.12.4/x64/lib/python3.12/site-packages/urllib3/connectionpool.py:1099: InsecureRequestWarning: Unverified HTTPS request is being made to host 'randomuser.me'. Adding certificate verification is strongly advised. See: https://urllib3.readthedocs.io/en/latest/advanced-usage.html#tls-warnings
  warnings.warn(</msg>
<msg time="2024-07-19T01:57:05.886434" level="INFO">${response} = &lt;Response [200]&gt;</msg>
<var>${response}</var>
<arg>consultarAPI</arg>
<arg>/api</arg>
<doc>Sends a GET request on a previously created HTTP Session.</doc>
<status status="PASS" start="2024-07-19T01:57:05.789857" elapsed="0.096625"/>
</kw>
<kw name="Set Variable" owner="BuiltIn">
<msg time="2024-07-19T01:57:05.887636" level="INFO">${json_data} = {'results': [{'gender': 'female', 'name': {'title': 'Ms', 'first': 'Sharon', 'last': 'Holland'}, 'location': {'street': {'number': 7530, 'name': 'West Street'}, 'city': 'Brighton and Hove', 'state': '...</msg>
<var>${json_data}</var>
<arg>${response.json()}</arg>
<doc>Returns the given values which can then be assigned to a variables.</doc>
<status status="PASS" start="2024-07-19T01:57:05.887081" elapsed="0.000583"/>
</kw>
<kw name="Log" owner="BuiltIn">
<msg time="2024-07-19T01:57:05.888118" level="INFO">{'results': [{'gender': 'female', 'name': {'title': 'Ms', 'first': 'Sharon', 'last': 'Holland'}, 'location': {'street': {'number': 7530, 'name': 'West Street'}, 'city': 'Brighton and Hove', 'state': 'Cambridgeshire', 'country': 'United Kingdom', 'postcode': 'QB2V 0EG', 'coordinates': {'latitude': '-12.4220', 'longitude': '31.0287'}, 'timezone': {'offset': '-4:00', 'description': 'Atlantic Time (Canada), Caracas, La Paz'}}, 'email': 'sharon.holland@example.com', 'login': {'uuid': 'd6b4cf11-2879-4f57-82fa-ceb38fb1b665', 'username': 'redpeacock894', 'password': 'xxxxxx1', 'salt': 'HCJ7wCWj', 'md5': 'a58985daf33020d9c2e504f00719a044', 'sha1': '8388f0474310644ff75f160e9f58c564ea0cd390', 'sha256': '6ba7988d619222701d384a9abbbceab665aed20dd5a37256544f0a839ea21887'}, 'dob': {'date': '1984-12-07T17:56:55.760Z', 'age': 39}, 'registered': {'date': '2007-01-23T04:17:40.986Z', 'age': 17}, 'phone': '0161 506 8122', 'cell': '07208 752845', 'id': {'name': 'NINO', 'value': 'CJ 40 80 16 R'}, 'picture': {'large': 'https://randomuser.me/api/portraits/women/53.jpg', 'medium': 'https://randomuser.me/api/portraits/med/women/53.jpg', 'thumbnail': 'https://randomuser.me/api/portraits/thumb/women/53.jpg'}, 'nat': 'GB'}], 'info': {'seed': 'a0f6da64f51fd513', 'results': 1, 'page': 1, 'version': '1.4'}}</msg>
<arg>${json_data}</arg>
<doc>Logs the given message with the given level.</doc>
<status status="PASS" start="2024-07-19T01:57:05.887968" elapsed="0.000198"/>
</kw>
<kw name="Should Be String" owner="String">
<arg>${json_data['results'][0]['gender']}</arg>
<doc>Fails if the given ``item`` is not a string.</doc>
<status status="PASS" start="2024-07-19T01:57:05.888453" elapsed="0.000365"/>
</kw>
<kw name="Should Match Regexp" owner="BuiltIn">
<arg>${json_data['results'][0]['email']}</arg>
<arg>^[a-zA-Z0-9._%+-]+@[a-zA-Z0-9.-]+\.[a-zA-Z]{2,}$</arg>
<doc>Fails if ``string`` does not match ``pattern`` as a regular expression.</doc>
<status status="PASS" start="2024-07-19T01:57:05.889002" elapsed="0.000554"/>
</kw>
<kw name="Should Match Regexp" owner="BuiltIn">
<arg>${json_data['results'][0]['dob']['date']}</arg>
<arg>\\d{4}-\\d{2}-\\d{2}T\\d{2}:\\d{2}:\\d{2}\\.\\d{3}Z</arg>
<doc>Fails if ``string`` does not match ``pattern`` as a regular expression.</doc>
<status status="PASS" start="2024-07-19T01:57:05.889749" elapsed="0.000607"/>
</kw>
<kw name="Should Match Regexp" owner="BuiltIn">
<arg>${json_data['results'][0]['registered']['date']}</arg>
<arg>\\d{4}-\\d{2}-\\d{2}T\\d{2}:\\d{2}:\\d{2}\\.\\d{3}Z</arg>
<doc>Fails if ``string`` does not match ``pattern`` as a regular expression.</doc>
<status status="PASS" start="2024-07-19T01:57:05.890572" elapsed="0.000374"/>
</kw>
<kw name="Should Match Regexp" owner="BuiltIn">
<arg>${json_data['results'][0]['picture']['large']}</arg>
<arg>^https?://.*\.(?:png|jpe?g|gif|bmp)$</arg>
<doc>Fails if ``string`` does not match ``pattern`` as a regular expression.</doc>
<status status="PASS" start="2024-07-19T01:57:05.891128" elapsed="0.000457"/>
</kw>
<kw name="Should Match Regexp" owner="BuiltIn">
<arg>${json_data['results'][0]['picture']['medium']}</arg>
<arg>^https?://.*\.(?:png|jpe?g|gif|bmp)$</arg>
<doc>Fails if ``string`` does not match ``pattern`` as a regular expression.</doc>
<status status="PASS" start="2024-07-19T01:57:05.891770" elapsed="0.000351"/>
</kw>
<kw name="Should Match Regexp" owner="BuiltIn">
<arg>${json_data['results'][0]['picture']['thumbnail']}</arg>
<arg>^https?://.*\.(?:png|jpe?g|gif|bmp)$</arg>
<doc>Fails if ``string`` does not match ``pattern`` as a regular expression.</doc>
<status status="PASS" start="2024-07-19T01:57:05.892303" elapsed="0.000347"/>
</kw>
<kw name="Log" owner="BuiltIn">
<msg time="2024-07-19T01:57:05.893143" level="INFO">{'large': 'https://randomuser.me/api/portraits/women/53.jpg', 'medium': 'https://randomuser.me/api/portraits/med/women/53.jpg', 'thumbnail': 'https://randomuser.me/api/portraits/thumb/women/53.jpg'}</msg>
<arg>${json_data['results'][0]['picture']}</arg>
<doc>Logs the given message with the given level.</doc>
<status status="PASS" start="2024-07-19T01:57:05.892828" elapsed="0.000357"/>
</kw>
<status status="PASS" start="2024-07-19T01:57:05.789636" elapsed="0.103818"/>
</kw>
<kw name="Teste de Tipos de Dados - Postcode" owner="random-user-service">
<kw name="GET On Session" owner="RequestsLibrary">
<msg time="2024-07-19T01:57:05.958852" level="INFO">GET Request : url=https://randomuser.me/api 
 path_url=/api 
 headers={'User-Agent': 'python-requests/2.32.3', 'Accept-Encoding': 'gzip, deflate', 'Accept': '*/*', 'Connection': 'keep-alive'} 
 body=None 
 </msg>
<msg time="2024-07-19T01:57:05.958932" level="INFO">GET Response : url=https://randomuser.me/api 
 status=200, reason=OK 
 headers={'Date': 'Fri, 19 Jul 2024 01:57:05 GMT', 'Content-Type': 'application/json; charset=utf-8', 'Transfer-Encoding': 'chunked', 'Connection': 'keep-alive', 'X-Powered-By': 'Express', 'Access-Control-Allow-Origin': '*', 'Cache-Control': 'no-cache', 'ETag': 'W/"4bc-Enp4mRIgcYeOV0MANzI1GfVBVYE"', 'Vary': 'Accept-Encoding', 'Content-Encoding': 'gzip', 'CF-Cache-Status': 'DYNAMIC', 'Report-To': '{"endpoints":[{"url":"https:\\/\\/a.nel.cloudflare.com\\/report\\/v4?s=s59o85xENcq8kJdS5NlHS7VD8wXqNg5F0W8vWEYxgHRLE7zYpr2pnjwrcFcOx3fS1WEsf1NqEQCOwhFQiFAkmU9i7nbGtp%2FcCS%2BBMdzWAgUwaCtU%2FBCtUZMWzFoRSs01"}],"group":"cf-nel","max_age":604800}', 'NEL': '{"success_fraction":0,"report_to":"cf-nel","max_age":604800}', 'Server': 'cloudflare', 'CF-RAY': '8a571947dd34295c-ORD', 'alt-svc': 'h3=":443"; ma=86400'} 
 body={"results":[{"gender":"female","name":{"title":"Mademoiselle","first":"Sybille","last":"Colin"},"location":{"street":{"number":9503,"name":"Route de Genas"},"city":"Aeschi (So)","state":"Nidwalden","country":"Switzerland","postcode":2442,"coordinates":{"latitude":"-63.4365","longitude":"94.4617"},"timezone":{"offset":"0:00","description":"Western Europe Time, London, Lisbon, Casablanca"}},"email":"sybille.colin@example.com","login":{"uuid":"e247f508-2e19-4db2-8e1b-100ec72c32dd","username":"sadbutterfly104","password":"alexander","salt":"5hJ2TkX5","md5":"2c524f7e020395c66f962f7740f02e7e","sha1":"881f655699807894c79eee27c49ff00f43178aa6","sha256":"7e9c8ad8e45542c24d67f30ce38d01158fd205781ebd424db51e86f0eb989b89"},"dob":{"date":"1945-01-01T00:44:33.900Z","age":79},"registered":{"date":"2020-10-26T00:33:59.463Z","age":3},"phone":"078 218 80 19","cell":"078 988 45 67","id":{"name":"AVS","value":"756.8784.9163.11"},"picture":{"large":"https://randomuser.me/api/portraits/women/75.jpg","medium":"https://randomuser.me/api/portraits/med/women/75.jpg","thumbnail":"https://randomuser.me/api/portraits/thumb/women/75.jpg"},"nat":"CH"}],"info":{"seed":"23142fab665e4b0c","results":1,"page":1,"version":"1.4"}} 
 </msg>
<msg time="2024-07-19T01:57:05.959000" level="INFO">/opt/hostedtoolcache/Python/3.12.4/x64/lib/python3.12/site-packages/urllib3/connectionpool.py:1099: InsecureRequestWarning: Unverified HTTPS request is being made to host 'randomuser.me'. Adding certificate verification is strongly advised. See: https://urllib3.readthedocs.io/en/latest/advanced-usage.html#tls-warnings
  warnings.warn(</msg>
<msg time="2024-07-19T01:57:05.959116" level="INFO">${response} = &lt;Response [200]&gt;</msg>
<var>${response}</var>
<arg>consultarAPI</arg>
<arg>/api</arg>
<doc>Sends a GET request on a previously created HTTP Session.</doc>
<status status="PASS" start="2024-07-19T01:57:05.893896" elapsed="0.065270"/>
</kw>
<kw name="Set Variable" owner="BuiltIn">
<msg time="2024-07-19T01:57:05.960294" level="INFO">${json_data} = {'results': [{'gender': 'female', 'name': {'title': 'Mademoiselle', 'first': 'Sybille', 'last': 'Colin'}, 'location': {'street': {'number': 9503, 'name': 'Route de Genas'}, 'city': 'Aeschi (So)', 'sta...</msg>
<var>${json_data}</var>
<arg>${response.json()}</arg>
<doc>Returns the given values which can then be assigned to a variables.</doc>
<status status="PASS" start="2024-07-19T01:57:05.959706" elapsed="0.000617"/>
</kw>
<kw name="Log" owner="BuiltIn">
<msg time="2024-07-19T01:57:05.960776" level="INFO">{'results': [{'gender': 'female', 'name': {'title': 'Mademoiselle', 'first': 'Sybille', 'last': 'Colin'}, 'location': {'street': {'number': 9503, 'name': 'Route de Genas'}, 'city': 'Aeschi (So)', 'state': 'Nidwalden', 'country': 'Switzerland', 'postcode': 2442, 'coordinates': {'latitude': '-63.4365', 'longitude': '94.4617'}, 'timezone': {'offset': '0:00', 'description': 'Western Europe Time, London, Lisbon, Casablanca'}}, 'email': 'sybille.colin@example.com', 'login': {'uuid': 'e247f508-2e19-4db2-8e1b-100ec72c32dd', 'username': 'sadbutterfly104', 'password': 'alexander', 'salt': '5hJ2TkX5', 'md5': '2c524f7e020395c66f962f7740f02e7e', 'sha1': '881f655699807894c79eee27c49ff00f43178aa6', 'sha256': '7e9c8ad8e45542c24d67f30ce38d01158fd205781ebd424db51e86f0eb989b89'}, 'dob': {'date': '1945-01-01T00:44:33.900Z', 'age': 79}, 'registered': {'date': '2020-10-26T00:33:59.463Z', 'age': 3}, 'phone': '078 218 80 19', 'cell': '078 988 45 67', 'id': {'name': 'AVS', 'value': '756.8784.9163.11'}, 'picture': {'large': 'https://randomuser.me/api/portraits/women/75.jpg', 'medium': 'https://randomuser.me/api/portraits/med/women/75.jpg', 'thumbnail': 'https://randomuser.me/api/portraits/thumb/women/75.jpg'}, 'nat': 'CH'}], 'info': {'seed': '23142fab665e4b0c', 'results': 1, 'page': 1, 'version': '1.4'}}</msg>
<arg>${json_data}</arg>
<doc>Logs the given message with the given level.</doc>
<status status="PASS" start="2024-07-19T01:57:05.960627" elapsed="0.000197"/>
</kw>
<kw name="Should Be Equal As Numbers" owner="BuiltIn">
<arg>${json_data['results'][0]['location']['postcode']}</arg>
<arg>${json_data['results'][0]['location']['postcode']}</arg>
<doc>Fails if objects are unequal after converting them to real numbers.</doc>
<status status="PASS" start="2024-07-19T01:57:05.961115" elapsed="0.000619"/>
</kw>
<kw name="Log" owner="BuiltIn">
<msg time="2024-07-19T01:57:05.962287" level="INFO">2442</msg>
<arg>${json_data['results'][0]['location']['postcode']}</arg>
<doc>Logs the given message with the given level.</doc>
<status status="PASS" start="2024-07-19T01:57:05.961951" elapsed="0.000377"/>
</kw>
<status status="PASS" start="2024-07-19T01:57:05.893671" elapsed="0.068937"/>
</kw>
<doc>Testa se os tipos de dados na resposta da API estão corretos.</doc>
<tag>testeTiposDados</tag>
<status status="PASS" start="2024-07-19T01:57:05.789102" elapsed="0.173674"/>
</test>
<test id="s1-s1-t5" name="Validar conteudo" line="35">
<kw name="Teste de Tipos de Conteudo" owner="random-user-service">
<kw name="GET On Session" owner="RequestsLibrary">
<msg time="2024-07-19T01:57:06.050042" level="INFO">GET Request : url=https://randomuser.me/api 
 path_url=/api 
 headers={'User-Agent': 'python-requests/2.32.3', 'Accept-Encoding': 'gzip, deflate', 'Accept': '*/*', 'Connection': 'keep-alive'} 
 body=None 
 </msg>
<msg time="2024-07-19T01:57:06.050131" level="INFO">GET Response : url=https://randomuser.me/api 
 status=200, reason=OK 
 headers={'Date': 'Fri, 19 Jul 2024 01:57:06 GMT', 'Content-Type': 'application/json; charset=utf-8', 'Transfer-Encoding': 'chunked', 'Connection': 'keep-alive', 'X-Powered-By': 'Express', 'Access-Control-Allow-Origin': '*', 'Cache-Control': 'no-cache', 'ETag': 'W/"47d-xiFzO8Fi9WLpLiYYR4YZnVak4As"', 'Vary': 'Accept-Encoding', 'Content-Encoding': 'gzip', 'CF-Cache-Status': 'DYNAMIC', 'Report-To': '{"endpoints":[{"url":"https:\\/\\/a.nel.cloudflare.com\\/report\\/v4?s=cBsGfQS4bttAVPB%2ByG5QwIhnPRHd8DaQJ62xSPa%2BH49KMFC1EztR6%2B%2FmixY46bxZbB3zV6HTw5xDuiyis2Mc14NQNR0OYnC%2BdH1zJt9FlVzuQtpxeFI%2FkMg%2FhKMEE%2Bwi"}],"group":"cf-nel","max_age":604800}', 'NEL': '{"success_fraction":0,"report_to":"cf-nel","max_age":604800}', 'Server': 'cloudflare', 'CF-RAY': '8a5719484dd8295c-ORD', 'alt-svc': 'h3=":443"; ma=86400'} 
 body={"results":[{"gender":"male","name":{"title":"Mr","first":"John","last":"Vargas"},"location":{"street":{"number":2099,"name":"Calle del Pez"},"city":"Talavera de la Reina","state":"Galicia","country":"Spain","postcode":74426,"coordinates":{"latitude":"-34.0700","longitude":"-130.8254"},"timezone":{"offset":"-3:30","description":"Newfoundland"}},"email":"john.vargas@example.com","login":{"uuid":"9f53cdab-0170-474c-8e31-f39f6fefe4b0","username":"bluebutterfly957","password":"touching","salt":"dhCdDsXc","md5":"3df81965455504dba5282c5bf99eadbc","sha1":"8e5d9cce78c0e44397f3e896ce4182644dc7b97b","sha256":"299b46cd13cd18804285e81002b4e228aa862157c832fd67bdd8f369d36d4452"},"dob":{"date":"1958-09-07T06:55:06.227Z","age":65},"registered":{"date":"2014-09-15T07:04:44.628Z","age":9},"phone":"939-999-260","cell":"692-917-077","id":{"name":"DNI","value":"05800144-D"},"picture":{"large":"https://randomuser.me/api/portraits/men/95.jpg","medium":"https://randomuser.me/api/portraits/med/men/95.jpg","thumbnail":"https://randomuser.me/api/portraits/thumb/men/95.jpg"},"nat":"ES"}],"info":{"seed":"2829cc89ff8d3569","results":1,"page":1,"version":"1.4"}} 
 </msg>
<msg time="2024-07-19T01:57:06.050208" level="INFO">/opt/hostedtoolcache/Python/3.12.4/x64/lib/python3.12/site-packages/urllib3/connectionpool.py:1099: InsecureRequestWarning: Unverified HTTPS request is being made to host 'randomuser.me'. Adding certificate verification is strongly advised. See: https://urllib3.readthedocs.io/en/latest/advanced-usage.html#tls-warnings
  warnings.warn(</msg>
<msg time="2024-07-19T01:57:06.050311" level="INFO">${response} = &lt;Response [200]&gt;</msg>
<var>${response}</var>
<arg>consultarAPI</arg>
<arg>/api</arg>
<doc>Sends a GET request on a previously created HTTP Session.</doc>
<status status="PASS" start="2024-07-19T01:57:05.965331" elapsed="0.085012"/>
</kw>
<kw name="Set Variable" owner="BuiltIn">
<msg time="2024-07-19T01:57:06.051205" level="INFO">${json_data} = {'results': [{'gender': 'male', 'name': {'title': 'Mr', 'first': 'John', 'last': 'Vargas'}, 'location': {'street': {'number': 2099, 'name': 'Calle del Pez'}, 'city': 'Talavera de la Reina', 'state': '...</msg>
<var>${json_data}</var>
<arg>${response.json()}</arg>
<doc>Returns the given values which can then be assigned to a variables.</doc>
<status status="PASS" start="2024-07-19T01:57:06.050752" elapsed="0.000482"/>
</kw>
<kw name="Set Variable" owner="BuiltIn">
<msg time="2024-07-19T01:57:06.051925" level="INFO">${name_title} = Mr</msg>
<var>${name_title}</var>
<arg>${json_data["results"][0]["name"]["title"]}</arg>
<doc>Returns the given values which can then be assigned to a variables.</doc>
<status status="PASS" start="2024-07-19T01:57:06.051535" elapsed="0.000415"/>
</kw>
<kw name="Create List" owner="BuiltIn">
<msg time="2024-07-19T01:57:06.052399" level="INFO">${allowed_titles} = ['Mr', 'Ms', 'Miss', 'Mrs', 'Madame', 'Monsieur']</msg>
<var>${allowed_titles}</var>
<arg>Mr</arg>
<arg>Ms</arg>
<arg>Miss</arg>
<arg>Mrs</arg>
<arg>Madame</arg>
<arg>Monsieur</arg>
<doc>Returns a list containing given items.</doc>
<status status="PASS" start="2024-07-19T01:57:06.052254" elapsed="0.000169"/>
</kw>
<kw name="List Should Contain Value" owner="Collections">
<arg>${allowed_titles}</arg>
<arg>${name_title}</arg>
<doc>Fails if the ``value`` is not found from ``list``.</doc>
<status status="PASS" start="2024-07-19T01:57:06.052725" elapsed="0.000175"/>
</kw>
<kw name="Set Variable" owner="BuiltIn">
<msg time="2024-07-19T01:57:06.053453" level="INFO">${name_country} = ES</msg>
<var>${name_country}</var>
<arg>${json_data["results"][0]["nat"]}</arg>
<doc>Returns the given values which can then be assigned to a variables.</doc>
<status status="PASS" start="2024-07-19T01:57:06.053081" elapsed="0.000397"/>
</kw>
<kw name="Create List" owner="BuiltIn">
<msg time="2024-07-19T01:57:06.054356" level="INFO">${list_country} = ['AD', 'AE', 'AF', 'AG', 'AI', 'AL', 'AM', 'AO', 'AQ', 'AR', 'AS', 'AT', 'AU', 'AW', 'AX', 'AZ', 'BA', 'BB', 'BD', 'BE', 'BF', 'BG', 'BH', 'BI', 'BJ', 'BL', 'BM', 'BN', 'BO', 'BQ', 'BR', 'BS', 'BT', '...</msg>
<var>${list_country}</var>
<arg>AD</arg>
<arg>AE</arg>
<arg>AF</arg>
<arg>AG</arg>
<arg>AI</arg>
<arg>AL</arg>
<arg>AM</arg>
<arg>AO</arg>
<arg>AQ</arg>
<arg>AR</arg>
<arg>AS</arg>
<arg>AT</arg>
<arg>AU</arg>
<arg>AW</arg>
<arg>AX</arg>
<arg>AZ</arg>
<arg>BA</arg>
<arg>BB</arg>
<arg>BD</arg>
<arg>BE</arg>
<arg>BF</arg>
<arg>BG</arg>
<arg>BH</arg>
<arg>BI</arg>
<arg>BJ</arg>
<arg>BL</arg>
<arg>BM</arg>
<arg>BN</arg>
<arg>BO</arg>
<arg>BQ</arg>
<arg>BR</arg>
<arg>BS</arg>
<arg>BT</arg>
<arg>BV</arg>
<arg>BW</arg>
<arg>BY</arg>
<arg>BZ</arg>
<arg>CA</arg>
<arg>CC</arg>
<arg>CD</arg>
<arg>CF</arg>
<arg>CG</arg>
<arg>CH</arg>
<arg>CI</arg>
<arg>CK</arg>
<arg>CL</arg>
<arg>CM</arg>
<arg>CN</arg>
<arg>CO</arg>
<arg>CR</arg>
<arg>CU</arg>
<arg>CV</arg>
<arg>CW</arg>
<arg>CX</arg>
<arg>CY</arg>
<arg>CZ</arg>
<arg>DE</arg>
<arg>DJ</arg>
<arg>DK</arg>
<arg>DM</arg>
<arg>DO</arg>
<arg>DZ</arg>
<arg>EC</arg>
<arg>EE</arg>
<arg>EG</arg>
<arg>EH</arg>
<arg>ER</arg>
<arg>ES</arg>
<arg>ET</arg>
<arg>FI</arg>
<arg>FJ</arg>
<arg>FK</arg>
<arg>FM</arg>
<arg>FO</arg>
<arg>FR</arg>
<arg>GA</arg>
<arg>GB</arg>
<arg>GD</arg>
<arg>GE</arg>
<arg>GF</arg>
<arg>GG</arg>
<arg>GH</arg>
<arg>GI</arg>
<arg>GL</arg>
<arg>GM</arg>
<arg>GN</arg>
<arg>GP</arg>
<arg>GQ</arg>
<arg>GR</arg>
<arg>GS</arg>
<arg>GT</arg>
<arg>GU</arg>
<arg>GW</arg>
<arg>GY</arg>
<arg>HK</arg>
<arg>HM</arg>
<arg>HN</arg>
<arg>HR</arg>
<arg>HT</arg>
<arg>HU</arg>
<arg>ID</arg>
<arg>IE</arg>
<arg>IL</arg>
<arg>IM</arg>
<arg>IN</arg>
<arg>IO</arg>
<arg>IQ</arg>
<arg>IR</arg>
<arg>IS</arg>
<arg>IT</arg>
<arg>JE</arg>
<arg>JM</arg>
<arg>JO</arg>
<arg>JP</arg>
<arg>KE</arg>
<arg>KG</arg>
<arg>KH</arg>
<arg>KI</arg>
<arg>KM</arg>
<arg>KN</arg>
<arg>KP</arg>
<arg>KR</arg>
<arg>KW</arg>
<arg>KY</arg>
<arg>KZ</arg>
<arg>LA</arg>
<arg>LB</arg>
<arg>LC</arg>
<arg>LI</arg>
<arg>LK</arg>
<arg>LR</arg>
<arg>LS</arg>
<arg>LT</arg>
<arg>LU</arg>
<arg>LV</arg>
<arg>LY</arg>
<arg>MA</arg>
<arg>MC</arg>
<arg>MD</arg>
<arg>ME</arg>
<arg>MF</arg>
<arg>MG</arg>
<arg>MH</arg>
<arg>MK</arg>
<arg>ML</arg>
<arg>MM</arg>
<arg>MN</arg>
<arg>MO</arg>
<arg>MP</arg>
<arg>MQ</arg>
<arg>MR</arg>
<arg>MS</arg>
<arg>MT</arg>
<arg>MU</arg>
<arg>MV</arg>
<arg>MW</arg>
<arg>MX</arg>
<arg>MY</arg>
<arg>MZ</arg>
<arg>NA</arg>
<arg>NC</arg>
<arg>NE</arg>
<arg>NF</arg>
<arg>NG</arg>
<arg>NI</arg>
<arg>NL</arg>
<arg>NO</arg>
<arg>NP</arg>
<arg>NR</arg>
<arg>NU</arg>
<arg>NZ</arg>
<arg>OM</arg>
<arg>PA</arg>
<arg>PE</arg>
<arg>PF</arg>
<arg>PG</arg>
<arg>PH</arg>
<arg>PK</arg>
<arg>PL</arg>
<arg>PM</arg>
<arg>PN</arg>
<arg>PR</arg>
<arg>PS</arg>
<arg>PT</arg>
<arg>PW</arg>
<arg>PY</arg>
<arg>QA</arg>
<arg>RE</arg>
<arg>RO</arg>
<arg>RS</arg>
<arg>RU</arg>
<arg>RW</arg>
<arg>SA</arg>
<arg>SB</arg>
<arg>SC</arg>
<arg>SD</arg>
<arg>SE</arg>
<arg>SG</arg>
<arg>SH</arg>
<arg>SI</arg>
<arg>SJ</arg>
<arg>SK</arg>
<arg>SL</arg>
<arg>SM</arg>
<arg>SN</arg>
<arg>SO</arg>
<arg>SR</arg>
<arg>SS</arg>
<arg>ST</arg>
<arg>SV</arg>
<arg>SX</arg>
<arg>SY</arg>
<arg>SZ</arg>
<arg>TC</arg>
<arg>TD</arg>
<arg>TF</arg>
<arg>TG</arg>
<arg>TH</arg>
<arg>TJ</arg>
<arg>TK</arg>
<arg>TL</arg>
<arg>TM</arg>
<arg>TN</arg>
<arg>TO</arg>
<arg>TR</arg>
<arg>TT</arg>
<arg>TV</arg>
<arg>TW</arg>
<arg>TZ</arg>
<arg>UA</arg>
<arg>UG</arg>
<arg>UM</arg>
<arg>US</arg>
<arg>UY</arg>
<arg>UZ</arg>
<arg>VA</arg>
<arg>VC</arg>
<arg>VE</arg>
<arg>VG</arg>
<arg>VI</arg>
<arg>VN</arg>
<arg>VU</arg>
<arg>WF</arg>
<arg>WS</arg>
<arg>XK</arg>
<arg>YE</arg>
<arg>YT</arg>
<arg>ZA</arg>
<arg>ZM</arg>
<arg>ZW</arg>
<doc>Returns a list containing given items.</doc>
<status status="PASS" start="2024-07-19T01:57:06.053770" elapsed="0.000611"/>
</kw>
<kw name="List Should Contain Value" owner="Collections">
<arg>${list_country}</arg>
<arg>${name_country}</arg>
<doc>Fails if the ``value`` is not found from ``list``.</doc>
<status status="PASS" start="2024-07-19T01:57:06.055355" elapsed="0.000206"/>
</kw>
<kw name="Run Keyword If" owner="BuiltIn">
<kw name="Should Be True" owner="BuiltIn">
<arg>${True}</arg>
<doc>Fails if the given condition is not true.</doc>
<status status="PASS" start="2024-07-19T01:57:06.056502" elapsed="0.000139"/>
</kw>
<arg>${json_data["results"][0]["location"]["coordinates"]["latitude"]} &gt;= -90 and ${json_data["results"][0]["location"]["coordinates"]["latitude"]} &lt;= 90</arg>
<arg>Should Be True</arg>
<arg>${True}</arg>
<doc>Runs the given keyword with the given arguments, if ``condition`` is true.</doc>
<status status="PASS" start="2024-07-19T01:57:06.055761" elapsed="0.001002"/>
</kw>
<kw name="Run Keyword If" owner="BuiltIn">
<kw name="Should Be True" owner="BuiltIn">
<arg>${True}</arg>
<doc>Fails if the given condition is not true.</doc>
<status status="PASS" start="2024-07-19T01:57:06.057635" elapsed="0.000134"/>
</kw>
<arg>${json_data["results"][0]["location"]["coordinates"]["longitude"]} &gt;= -180 and ${json_data["results"][0]["location"]["coordinates"]["longitude"]} &lt;= 180</arg>
<arg>Should Be True</arg>
<arg>${True}</arg>
<doc>Runs the given keyword with the given arguments, if ``condition`` is true.</doc>
<status status="PASS" start="2024-07-19T01:57:06.056943" elapsed="0.000954"/>
</kw>
<status status="PASS" start="2024-07-19T01:57:05.965111" elapsed="0.092912"/>
</kw>
<doc>Testa o conteúdo específico dos campos retornados pela API.</doc>
<tag>testeConteudo</tag>
<status status="PASS" start="2024-07-19T01:57:05.964590" elapsed="0.093576"/>
</test>
<status status="PASS" start="2024-07-19T01:57:05.019504" elapsed="1.040574"/>
</suite>
<status status="PASS" start="2024-07-19T01:57:05.005409" elapsed="1.059623"/>
</suite>
<statistics>
<total>
<stat pass="5" fail="0" skip="0">All Tests</stat>
</total>
<tag>
<stat pass="1" fail="0" skip="0">testeConteudo</stat>
<stat pass="1" fail="0" skip="0">testeEstruturaResposta</stat>
<stat pass="1" fail="0" skip="0">testeRequisicaoBasica</stat>
<stat pass="1" fail="0" skip="0">testeTiposDados</stat>
</tag>
<suite>
<stat pass="5" fail="0" skip="0" id="s1" name="Tests">Tests</stat>
<stat pass="5" fail="0" skip="0" id="s1-s1" name="Random-User-Test">Tests.Random-User-Test</stat>
</suite>
</statistics>
<errors>
</errors>
</robot>
