<?xml version="1.0" encoding="UTF-8"?>
<robot generator="Robot 7.0.1 (Python 3.12.4 on linux)" generated="2024-06-24T03:16:54.692163" rpa="false" schemaversion="5">
<suite id="s1" name="Tests" source="/home/runner/work/ApiRandomUser/ApiRandomUser/RamdonUser/tests">
<suite id="s1-s1" name="Random-User-Test" source="/home/runner/work/ApiRandomUser/ApiRandomUser/RamdonUser/tests/random-user-test.robot">
<test id="s1-s1-t1" name="Conectar" line="13">
<kw name="Conectar API" owner="random-user-service">
<kw name="Create Session" owner="RequestsLibrary">
<msg time="2024-06-24T03:16:55.087964" level="INFO">Creating Session using : alias=consultarAPI, url=https://randomuser.me/, headers={},                     cookies={}, auth=None, timeout=None, proxies=None, verify=False,                     debug=0 </msg>
<arg>consultarAPI</arg>
<arg>${URL}</arg>
<doc>Create Session: create a HTTP session to a server</doc>
<status status="PASS" start="2024-06-24T03:16:55.087757" elapsed="0.000391"/>
</kw>
<status status="PASS" start="2024-06-24T03:16:55.086745" elapsed="0.001764"/>
</kw>
<status status="PASS" start="2024-06-24T03:16:55.086125" elapsed="0.002576"/>
</test>
<test id="s1-s1-t2" name="Validar retorno 200 e JSON Válido" line="16">
<kw name="Teste de Requisicao Basica" owner="random-user-service">
<kw name="GET On Session" owner="RequestsLibrary">
<msg time="2024-06-24T03:16:55.337486" level="INFO">GET Request : url=https://randomuser.me/api 
 path_url=/api 
 headers={'User-Agent': 'python-requests/2.32.3', 'Accept-Encoding': 'gzip, deflate', 'Accept': '*/*', 'Connection': 'keep-alive'} 
 body=None 
 </msg>
<msg time="2024-06-24T03:16:55.337647" level="INFO">GET Response : url=https://randomuser.me/api 
 status=200, reason=OK 
 headers={'Date': 'Mon, 24 Jun 2024 03:16:55 GMT', 'Content-Type': 'application/json; charset=utf-8', 'Transfer-Encoding': 'chunked', 'Connection': 'keep-alive', 'X-Powered-By': 'Express', 'Access-Control-Allow-Origin': '*', 'Cache-Control': 'no-cache', 'ETag': 'W/"488-qTJQk3LUfoAZPmY2gNo/jCD0E1M"', 'Vary': 'Accept-Encoding', 'Content-Encoding': 'gzip', 'CF-Cache-Status': 'DYNAMIC', 'Report-To': '{"endpoints":[{"url":"https:\\/\\/a.nel.cloudflare.com\\/report\\/v4?s=NoYzhOgAC1r%2Fq1xFx7ujaPsFVnsiTbz60y51MCE4v7cdTO%2FptfUIBT1WW00OKDrCgzPFF2Fr0uzMbEuGy3KdN8%2FAKNWNisDVVmyc%2Baxzbod6I8cIlH3WnUrYWc9oi2qH"}],"group":"cf-nel","max_age":604800}', 'NEL': '{"success_fraction":0,"report_to":"cf-nel","max_age":604800}', 'Server': 'cloudflare', 'CF-RAY': '89898fd56e94082d-IAD', 'alt-svc': 'h3=":443"; ma=86400'} 
 body={"results":[{"gender":"female","name":{"title":"Miss","first":"Susana","last":"Cano"},"location":{"street":{"number":1722,"name":"Calle de Atocha"},"city":"Gijón","state":"Navarra","country":"Spain","postcode":76865,"coordinates":{"latitude":"-36.1635","longitude":"100.0939"},"timezone":{"offset":"+2:00","description":"Kaliningrad, South Africa"}},"email":"susana.cano@example.com","login":{"uuid":"e128265e-bb4d-48be-a728-16cdc37d4f97","username":"orangebutterfly439","password":"bobdole","salt":"Rq1GT4iC","md5":"30da5826d93e244c0aa997f4878c614a","sha1":"8b81c3429f458484d1d74b279928851c1f9a5ecf","sha256":"0a62c3cde3ad8c8feb520ccf4101bb4749bca6a9b204c156f50a3c5ea29d8dbd"},"dob":{"date":"1990-06-12T18:27:12.506Z","age":34},"registered":{"date":"2019-06-21T03:22:03.812Z","age":5},"phone":"924-829-543","cell":"686-288-106","id":{"name":"DNI","value":"12863738-N"},"picture":{"large":"https://randomuser.me/api/portraits/women/73.jpg","medium":"https://randomuser.me/api/portraits/med/women/73.jpg","thumbnail":"https://randomuser.me/api/portraits/thumb/women/73.jpg"},"nat":"ES"}],"info":{"seed":"c284b6774486ffde","results":1,"page":1,"version":"1.4"}} 
 </msg>
<msg time="2024-06-24T03:16:55.337734" level="INFO">/opt/hostedtoolcache/Python/3.12.4/x64/lib/python3.12/site-packages/urllib3/connectionpool.py:1099: InsecureRequestWarning: Unverified HTTPS request is being made to host 'randomuser.me'. Adding certificate verification is strongly advised. See: https://urllib3.readthedocs.io/en/latest/advanced-usage.html#tls-warnings
  warnings.warn(</msg>
<msg time="2024-06-24T03:16:55.337897" level="INFO">${response} = &lt;Response [200]&gt;</msg>
<var>${response}</var>
<arg>consultarAPI</arg>
<arg>/api</arg>
<doc>Sends a GET request on a previously created HTTP Session.</doc>
<status status="PASS" start="2024-06-24T03:16:55.091406" elapsed="0.246539"/>
</kw>
<kw name="Should Be Equal As Numbers" owner="BuiltIn">
<msg time="2024-06-24T03:16:55.339032" level="INFO">Argument types are:
&lt;class 'int'&gt;
&lt;class 'str'&gt;</msg>
<arg>${response.status_code}</arg>
<arg>200</arg>
<doc>Fails if objects are unequal after converting them to real numbers.</doc>
<status status="PASS" start="2024-06-24T03:16:55.338518" elapsed="0.000585"/>
</kw>
<kw name="Log" owner="BuiltIn">
<msg time="2024-06-24T03:16:55.339779" level="INFO">200</msg>
<arg>${response.status_code}</arg>
<doc>Logs the given message with the given level.</doc>
<status status="PASS" start="2024-06-24T03:16:55.339430" elapsed="0.000392"/>
</kw>
<kw name="Set Variable" owner="BuiltIn">
<msg time="2024-06-24T03:16:55.340576" level="INFO">${json_data} = {'results': [{'gender': 'female', 'name': {'title': 'Miss', 'first': 'Susana', 'last': 'Cano'}, 'location': {'street': {'number': 1722, 'name': 'Calle de Atocha'}, 'city': 'Gijón', 'state': 'Navarra',...</msg>
<var>${json_data}</var>
<arg>${response.json()}</arg>
<doc>Returns the given values which can then be assigned to a variables.</doc>
<status status="PASS" start="2024-06-24T03:16:55.340128" elapsed="0.000477"/>
</kw>
<kw name="Dictionary Should Contain Key" owner="Collections">
<arg>${json_data}</arg>
<arg>results</arg>
<doc>Fails if ``key`` is not found from ``dictionary``.</doc>
<status status="PASS" start="2024-06-24T03:16:55.340914" elapsed="0.000166"/>
</kw>
<status status="PASS" start="2024-06-24T03:16:55.091139" elapsed="0.250092"/>
</kw>
<doc>Testa se a API responde corretamente e retorna um objeto JSON válido.</doc>
<tag>testeRequisicaoBasica</tag>
<status status="PASS" start="2024-06-24T03:16:55.090593" elapsed="0.250816"/>
</test>
<test id="s1-s1-t3" name="Validar estrutura de resposta" line="22">
<kw name="Teste de Estrutura de Resposta" owner="random-user-service">
<kw name="GET On Session" owner="RequestsLibrary">
<msg time="2024-06-24T03:16:55.427909" level="INFO">GET Request : url=https://randomuser.me/api 
 path_url=/api 
 headers={'User-Agent': 'python-requests/2.32.3', 'Accept-Encoding': 'gzip, deflate', 'Accept': '*/*', 'Connection': 'keep-alive'} 
 body=None 
 </msg>
<msg time="2024-06-24T03:16:55.428036" level="INFO">GET Response : url=https://randomuser.me/api 
 status=200, reason=OK 
 headers={'Date': 'Mon, 24 Jun 2024 03:16:55 GMT', 'Content-Type': 'application/json; charset=utf-8', 'Transfer-Encoding': 'chunked', 'Connection': 'keep-alive', 'X-Powered-By': 'Express', 'Access-Control-Allow-Origin': '*', 'Cache-Control': 'no-cache', 'ETag': 'W/"4a3-HIiu/dSiEyOL/zPkJnJW2Q/e0q4"', 'Vary': 'Accept-Encoding', 'Content-Encoding': 'gzip', 'CF-Cache-Status': 'DYNAMIC', 'Report-To': '{"endpoints":[{"url":"https:\\/\\/a.nel.cloudflare.com\\/report\\/v4?s=uGfqWEYKx0U1dhfAiqb1tB7SHw3R45x48YRx6g8D5Wwz3pdxGpz2%2Bk8TLwSfdkqJFQ3BUiSg1ugKO%2FdXczbDzf0t1V3zFRQHf3X8H6qjb1WwclYYRxkmYTm%2FUNPgMNo%2B"}],"group":"cf-nel","max_age":604800}', 'NEL': '{"success_fraction":0,"report_to":"cf-nel","max_age":604800}', 'Server': 'cloudflare', 'CF-RAY': '89898fd5ef17082d-IAD', 'alt-svc': 'h3=":443"; ma=86400'} 
 body={"results":[{"gender":"female","name":{"title":"Mrs","first":"Gorana","last":"Radosavljević"},"location":{"street":{"number":1899,"name":"Vojvode Stepe Stepanovića"},"city":"Titel","state":"Bor","country":"Serbia","postcode":29077,"coordinates":{"latitude":"60.3824","longitude":"26.1602"},"timezone":{"offset":"+8:00","description":"Beijing, Perth, Singapore, Hong Kong"}},"email":"gorana.radosavljevic@example.com","login":{"uuid":"499d3ed0-30e9-46b1-bae3-2e83e97a68dd","username":"browncat938","password":"train","salt":"a5LySfTM","md5":"4ece210ba0e14df25f76fddf372ca490","sha1":"e9e6740c3e20d7928f2ec3beef81f103b8f8b921","sha256":"3cafb5d1945318deaa6dc544fc19e017dad3b4b8c4b8f48e2270b44f32612ce5"},"dob":{"date":"1973-01-11T13:09:45.552Z","age":51},"registered":{"date":"2006-05-14T17:21:07.366Z","age":18},"phone":"024-6458-854","cell":"065-1613-528","id":{"name":"SID","value":"197602444"},"picture":{"large":"https://randomuser.me/api/portraits/women/90.jpg","medium":"https://randomuser.me/api/portraits/med/women/90.jpg","thumbnail":"https://randomuser.me/api/portraits/thumb/women/90.jpg"},"nat":"RS"}],"info":{"seed":"6ffaea7c81f01426","results":1,"page":1,"version":"1.4"}} 
 </msg>
<msg time="2024-06-24T03:16:55.428195" level="INFO">/opt/hostedtoolcache/Python/3.12.4/x64/lib/python3.12/site-packages/urllib3/connectionpool.py:1099: InsecureRequestWarning: Unverified HTTPS request is being made to host 'randomuser.me'. Adding certificate verification is strongly advised. See: https://urllib3.readthedocs.io/en/latest/advanced-usage.html#tls-warnings
  warnings.warn(</msg>
<msg time="2024-06-24T03:16:55.428352" level="INFO">${response} = &lt;Response [200]&gt;</msg>
<var>${response}</var>
<arg>consultarAPI</arg>
<arg>/api</arg>
<doc>Sends a GET request on a previously created HTTP Session.</doc>
<status status="PASS" start="2024-06-24T03:16:55.344135" elapsed="0.084262"/>
</kw>
<kw name="Set Variable" owner="BuiltIn">
<msg time="2024-06-24T03:16:55.429645" level="INFO">${json_data} = {'results': [{'gender': 'female', 'name': {'title': 'Mrs', 'first': 'Gorana', 'last': 'Radosavljević'}, 'location': {'street': {'number': 1899, 'name': 'Vojvode Stepe Stepanovića'}, 'city': 'Titel', '...</msg>
<var>${json_data}</var>
<arg>${response.json()}</arg>
<doc>Returns the given values which can then be assigned to a variables.</doc>
<status status="PASS" start="2024-06-24T03:16:55.429006" elapsed="0.000671"/>
</kw>
<kw name="Log" owner="BuiltIn">
<msg time="2024-06-24T03:16:55.430161" level="INFO">{'results': [{'gender': 'female', 'name': {'title': 'Mrs', 'first': 'Gorana', 'last': 'Radosavljević'}, 'location': {'street': {'number': 1899, 'name': 'Vojvode Stepe Stepanovića'}, 'city': 'Titel', 'state': 'Bor', 'country': 'Serbia', 'postcode': 29077, 'coordinates': {'latitude': '60.3824', 'longitude': '26.1602'}, 'timezone': {'offset': '+8:00', 'description': 'Beijing, Perth, Singapore, Hong Kong'}}, 'email': 'gorana.radosavljevic@example.com', 'login': {'uuid': '499d3ed0-30e9-46b1-bae3-2e83e97a68dd', 'username': 'browncat938', 'password': 'train', 'salt': 'a5LySfTM', 'md5': '4ece210ba0e14df25f76fddf372ca490', 'sha1': 'e9e6740c3e20d7928f2ec3beef81f103b8f8b921', 'sha256': '3cafb5d1945318deaa6dc544fc19e017dad3b4b8c4b8f48e2270b44f32612ce5'}, 'dob': {'date': '1973-01-11T13:09:45.552Z', 'age': 51}, 'registered': {'date': '2006-05-14T17:21:07.366Z', 'age': 18}, 'phone': '024-6458-854', 'cell': '065-1613-528', 'id': {'name': 'SID', 'value': '197602444'}, 'picture': {'large': 'https://randomuser.me/api/portraits/women/90.jpg', 'medium': 'https://randomuser.me/api/portraits/med/women/90.jpg', 'thumbnail': 'https://randomuser.me/api/portraits/thumb/women/90.jpg'}, 'nat': 'RS'}], 'info': {'seed': '6ffaea7c81f01426', 'results': 1, 'page': 1, 'version': '1.4'}}</msg>
<arg>${json_data}</arg>
<doc>Logs the given message with the given level.</doc>
<status status="PASS" start="2024-06-24T03:16:55.429997" elapsed="0.000220"/>
</kw>
<kw name="Dictionary Should Contain Key" owner="Collections">
<arg>${json_data}</arg>
<arg>results</arg>
<doc>Fails if ``key`` is not found from ``dictionary``.</doc>
<status status="PASS" start="2024-06-24T03:16:55.430515" elapsed="0.000160"/>
</kw>
<kw name="Should Not Be Empty" owner="BuiltIn">
<msg time="2024-06-24T03:16:55.431024" level="INFO">Length is 2.</msg>
<arg>${json_data}</arg>
<doc>Verifies that the given item is not empty.</doc>
<status status="PASS" start="2024-06-24T03:16:55.430894" elapsed="0.000169"/>
</kw>
<kw name="Create List" owner="BuiltIn">
<msg time="2024-06-24T03:16:55.431668" level="INFO">${expected_keys} = ['gender', 'name', 'location', 'email', 'login']</msg>
<var>${expected_keys}</var>
<arg>gender</arg>
<arg>name</arg>
<arg>location</arg>
<arg>email</arg>
<arg>login</arg>
<doc>Returns a list containing given items.</doc>
<status status="PASS" start="2024-06-24T03:16:55.431352" elapsed="0.000341"/>
</kw>
<for flavor="IN">
<iter>
<kw name="Dictionary Should Contain Key" owner="Collections">
<arg>${json_data['results'][0]}</arg>
<arg>${key}</arg>
<doc>Fails if ``key`` is not found from ``dictionary``.</doc>
<status status="PASS" start="2024-06-24T03:16:55.432289" elapsed="0.000406"/>
</kw>
<kw name="Log" owner="BuiltIn">
<msg time="2024-06-24T03:16:55.433250" level="INFO">{'gender': 'female', 'name': {'title': 'Mrs', 'first': 'Gorana', 'last': 'Radosavljević'}, 'location': {'street': {'number': 1899, 'name': 'Vojvode Stepe Stepanovića'}, 'city': 'Titel', 'state': 'Bor', 'country': 'Serbia', 'postcode': 29077, 'coordinates': {'latitude': '60.3824', 'longitude': '26.1602'}, 'timezone': {'offset': '+8:00', 'description': 'Beijing, Perth, Singapore, Hong Kong'}}, 'email': 'gorana.radosavljevic@example.com', 'login': {'uuid': '499d3ed0-30e9-46b1-bae3-2e83e97a68dd', 'username': 'browncat938', 'password': 'train', 'salt': 'a5LySfTM', 'md5': '4ece210ba0e14df25f76fddf372ca490', 'sha1': 'e9e6740c3e20d7928f2ec3beef81f103b8f8b921', 'sha256': '3cafb5d1945318deaa6dc544fc19e017dad3b4b8c4b8f48e2270b44f32612ce5'}, 'dob': {'date': '1973-01-11T13:09:45.552Z', 'age': 51}, 'registered': {'date': '2006-05-14T17:21:07.366Z', 'age': 18}, 'phone': '024-6458-854', 'cell': '065-1613-528', 'id': {'name': 'SID', 'value': '197602444'}, 'picture': {'large': 'https://randomuser.me/api/portraits/women/90.jpg', 'medium': 'https://randomuser.me/api/portraits/med/women/90.jpg', 'thumbnail': 'https://randomuser.me/api/portraits/thumb/women/90.jpg'}, 'nat': 'RS'}</msg>
<arg>${json_data['results'][0]}</arg>
<doc>Logs the given message with the given level.</doc>
<status status="PASS" start="2024-06-24T03:16:55.432886" elapsed="0.000415"/>
</kw>
<kw name="Log" owner="BuiltIn">
<msg time="2024-06-24T03:16:55.433729" level="INFO">gender</msg>
<arg>${key}</arg>
<doc>Logs the given message with the given level.</doc>
<status status="PASS" start="2024-06-24T03:16:55.433602" elapsed="0.000165"/>
</kw>
<var name="${key}">gender</var>
<status status="PASS" start="2024-06-24T03:16:55.432165" elapsed="0.001817"/>
</iter>
<iter>
<kw name="Dictionary Should Contain Key" owner="Collections">
<arg>${json_data['results'][0]}</arg>
<arg>${key}</arg>
<doc>Fails if ``key`` is not found from ``dictionary``.</doc>
<status status="PASS" start="2024-06-24T03:16:55.434276" elapsed="0.000379"/>
</kw>
<kw name="Log" owner="BuiltIn">
<msg time="2024-06-24T03:16:55.435259" level="INFO">{'gender': 'female', 'name': {'title': 'Mrs', 'first': 'Gorana', 'last': 'Radosavljević'}, 'location': {'street': {'number': 1899, 'name': 'Vojvode Stepe Stepanovića'}, 'city': 'Titel', 'state': 'Bor', 'country': 'Serbia', 'postcode': 29077, 'coordinates': {'latitude': '60.3824', 'longitude': '26.1602'}, 'timezone': {'offset': '+8:00', 'description': 'Beijing, Perth, Singapore, Hong Kong'}}, 'email': 'gorana.radosavljevic@example.com', 'login': {'uuid': '499d3ed0-30e9-46b1-bae3-2e83e97a68dd', 'username': 'browncat938', 'password': 'train', 'salt': 'a5LySfTM', 'md5': '4ece210ba0e14df25f76fddf372ca490', 'sha1': 'e9e6740c3e20d7928f2ec3beef81f103b8f8b921', 'sha256': '3cafb5d1945318deaa6dc544fc19e017dad3b4b8c4b8f48e2270b44f32612ce5'}, 'dob': {'date': '1973-01-11T13:09:45.552Z', 'age': 51}, 'registered': {'date': '2006-05-14T17:21:07.366Z', 'age': 18}, 'phone': '024-6458-854', 'cell': '065-1613-528', 'id': {'name': 'SID', 'value': '197602444'}, 'picture': {'large': 'https://randomuser.me/api/portraits/women/90.jpg', 'medium': 'https://randomuser.me/api/portraits/med/women/90.jpg', 'thumbnail': 'https://randomuser.me/api/portraits/thumb/women/90.jpg'}, 'nat': 'RS'}</msg>
<arg>${json_data['results'][0]}</arg>
<doc>Logs the given message with the given level.</doc>
<status status="PASS" start="2024-06-24T03:16:55.434861" elapsed="0.000449"/>
</kw>
<kw name="Log" owner="BuiltIn">
<msg time="2024-06-24T03:16:55.435743" level="INFO">name</msg>
<arg>${key}</arg>
<doc>Logs the given message with the given level.</doc>
<status status="PASS" start="2024-06-24T03:16:55.435604" elapsed="0.000185"/>
</kw>
<var name="${key}">name</var>
<status status="PASS" start="2024-06-24T03:16:55.434167" elapsed="0.001893"/>
</iter>
<iter>
<kw name="Dictionary Should Contain Key" owner="Collections">
<arg>${json_data['results'][0]}</arg>
<arg>${key}</arg>
<doc>Fails if ``key`` is not found from ``dictionary``.</doc>
<status status="PASS" start="2024-06-24T03:16:55.436343" elapsed="0.000396"/>
</kw>
<kw name="Log" owner="BuiltIn">
<msg time="2024-06-24T03:16:55.437278" level="INFO">{'gender': 'female', 'name': {'title': 'Mrs', 'first': 'Gorana', 'last': 'Radosavljević'}, 'location': {'street': {'number': 1899, 'name': 'Vojvode Stepe Stepanovića'}, 'city': 'Titel', 'state': 'Bor', 'country': 'Serbia', 'postcode': 29077, 'coordinates': {'latitude': '60.3824', 'longitude': '26.1602'}, 'timezone': {'offset': '+8:00', 'description': 'Beijing, Perth, Singapore, Hong Kong'}}, 'email': 'gorana.radosavljevic@example.com', 'login': {'uuid': '499d3ed0-30e9-46b1-bae3-2e83e97a68dd', 'username': 'browncat938', 'password': 'train', 'salt': 'a5LySfTM', 'md5': '4ece210ba0e14df25f76fddf372ca490', 'sha1': 'e9e6740c3e20d7928f2ec3beef81f103b8f8b921', 'sha256': '3cafb5d1945318deaa6dc544fc19e017dad3b4b8c4b8f48e2270b44f32612ce5'}, 'dob': {'date': '1973-01-11T13:09:45.552Z', 'age': 51}, 'registered': {'date': '2006-05-14T17:21:07.366Z', 'age': 18}, 'phone': '024-6458-854', 'cell': '065-1613-528', 'id': {'name': 'SID', 'value': '197602444'}, 'picture': {'large': 'https://randomuser.me/api/portraits/women/90.jpg', 'medium': 'https://randomuser.me/api/portraits/med/women/90.jpg', 'thumbnail': 'https://randomuser.me/api/portraits/thumb/women/90.jpg'}, 'nat': 'RS'}</msg>
<arg>${json_data['results'][0]}</arg>
<doc>Logs the given message with the given level.</doc>
<status status="PASS" start="2024-06-24T03:16:55.436920" elapsed="0.000410"/>
</kw>
<kw name="Log" owner="BuiltIn">
<msg time="2024-06-24T03:16:55.437744" level="INFO">location</msg>
<arg>${key}</arg>
<doc>Logs the given message with the given level.</doc>
<status status="PASS" start="2024-06-24T03:16:55.437620" elapsed="0.000192"/>
</kw>
<var name="${key}">location</var>
<status status="PASS" start="2024-06-24T03:16:55.436236" elapsed="0.001802"/>
</iter>
<iter>
<kw name="Dictionary Should Contain Key" owner="Collections">
<arg>${json_data['results'][0]}</arg>
<arg>${key}</arg>
<doc>Fails if ``key`` is not found from ``dictionary``.</doc>
<status status="PASS" start="2024-06-24T03:16:55.438322" elapsed="0.000378"/>
</kw>
<kw name="Log" owner="BuiltIn">
<msg time="2024-06-24T03:16:55.439276" level="INFO">{'gender': 'female', 'name': {'title': 'Mrs', 'first': 'Gorana', 'last': 'Radosavljević'}, 'location': {'street': {'number': 1899, 'name': 'Vojvode Stepe Stepanovića'}, 'city': 'Titel', 'state': 'Bor', 'country': 'Serbia', 'postcode': 29077, 'coordinates': {'latitude': '60.3824', 'longitude': '26.1602'}, 'timezone': {'offset': '+8:00', 'description': 'Beijing, Perth, Singapore, Hong Kong'}}, 'email': 'gorana.radosavljevic@example.com', 'login': {'uuid': '499d3ed0-30e9-46b1-bae3-2e83e97a68dd', 'username': 'browncat938', 'password': 'train', 'salt': 'a5LySfTM', 'md5': '4ece210ba0e14df25f76fddf372ca490', 'sha1': 'e9e6740c3e20d7928f2ec3beef81f103b8f8b921', 'sha256': '3cafb5d1945318deaa6dc544fc19e017dad3b4b8c4b8f48e2270b44f32612ce5'}, 'dob': {'date': '1973-01-11T13:09:45.552Z', 'age': 51}, 'registered': {'date': '2006-05-14T17:21:07.366Z', 'age': 18}, 'phone': '024-6458-854', 'cell': '065-1613-528', 'id': {'name': 'SID', 'value': '197602444'}, 'picture': {'large': 'https://randomuser.me/api/portraits/women/90.jpg', 'medium': 'https://randomuser.me/api/portraits/med/women/90.jpg', 'thumbnail': 'https://randomuser.me/api/portraits/thumb/women/90.jpg'}, 'nat': 'RS'}</msg>
<arg>${json_data['results'][0]}</arg>
<doc>Logs the given message with the given level.</doc>
<status status="PASS" start="2024-06-24T03:16:55.438910" elapsed="0.000421"/>
</kw>
<kw name="Log" owner="BuiltIn">
<msg time="2024-06-24T03:16:55.439782" level="INFO">email</msg>
<arg>${key}</arg>
<doc>Logs the given message with the given level.</doc>
<status status="PASS" start="2024-06-24T03:16:55.439651" elapsed="0.000170"/>
</kw>
<var name="${key}">email</var>
<status status="PASS" start="2024-06-24T03:16:55.438215" elapsed="0.001882"/>
</iter>
<iter>
<kw name="Dictionary Should Contain Key" owner="Collections">
<arg>${json_data['results'][0]}</arg>
<arg>${key}</arg>
<doc>Fails if ``key`` is not found from ``dictionary``.</doc>
<status status="PASS" start="2024-06-24T03:16:55.440377" elapsed="0.000422"/>
</kw>
<kw name="Log" owner="BuiltIn">
<msg time="2024-06-24T03:16:55.441334" level="INFO">{'gender': 'female', 'name': {'title': 'Mrs', 'first': 'Gorana', 'last': 'Radosavljević'}, 'location': {'street': {'number': 1899, 'name': 'Vojvode Stepe Stepanovića'}, 'city': 'Titel', 'state': 'Bor', 'country': 'Serbia', 'postcode': 29077, 'coordinates': {'latitude': '60.3824', 'longitude': '26.1602'}, 'timezone': {'offset': '+8:00', 'description': 'Beijing, Perth, Singapore, Hong Kong'}}, 'email': 'gorana.radosavljevic@example.com', 'login': {'uuid': '499d3ed0-30e9-46b1-bae3-2e83e97a68dd', 'username': 'browncat938', 'password': 'train', 'salt': 'a5LySfTM', 'md5': '4ece210ba0e14df25f76fddf372ca490', 'sha1': 'e9e6740c3e20d7928f2ec3beef81f103b8f8b921', 'sha256': '3cafb5d1945318deaa6dc544fc19e017dad3b4b8c4b8f48e2270b44f32612ce5'}, 'dob': {'date': '1973-01-11T13:09:45.552Z', 'age': 51}, 'registered': {'date': '2006-05-14T17:21:07.366Z', 'age': 18}, 'phone': '024-6458-854', 'cell': '065-1613-528', 'id': {'name': 'SID', 'value': '197602444'}, 'picture': {'large': 'https://randomuser.me/api/portraits/women/90.jpg', 'medium': 'https://randomuser.me/api/portraits/med/women/90.jpg', 'thumbnail': 'https://randomuser.me/api/portraits/thumb/women/90.jpg'}, 'nat': 'RS'}</msg>
<arg>${json_data['results'][0]}</arg>
<doc>Logs the given message with the given level.</doc>
<status status="PASS" start="2024-06-24T03:16:55.440983" elapsed="0.000401"/>
</kw>
<kw name="Log" owner="BuiltIn">
<msg time="2024-06-24T03:16:55.441810" level="INFO">login</msg>
<arg>${key}</arg>
<doc>Logs the given message with the given level.</doc>
<status status="PASS" start="2024-06-24T03:16:55.441683" elapsed="0.000164"/>
</kw>
<var name="${key}">login</var>
<status status="PASS" start="2024-06-24T03:16:55.440269" elapsed="0.001806"/>
</iter>
<var>${key}</var>
<value>@{expected_keys}</value>
<status status="PASS" start="2024-06-24T03:16:55.431960" elapsed="0.010236"/>
</for>
<kw name="Create List" owner="BuiltIn">
<msg time="2024-06-24T03:16:55.442554" level="INFO">${expected_keysTwo} = ['username', 'password']</msg>
<var>${expected_keysTwo}</var>
<arg>username</arg>
<arg>password</arg>
<doc>Returns a list containing given items.</doc>
<status status="PASS" start="2024-06-24T03:16:55.442414" elapsed="0.000164"/>
</kw>
<for flavor="IN">
<iter>
<kw name="Dictionary Should Contain Key" owner="Collections">
<arg>${json_data['results'][0]['login']}</arg>
<arg>${keyTwo}</arg>
<doc>Fails if ``key`` is not found from ``dictionary``.</doc>
<status status="PASS" start="2024-06-24T03:16:55.443120" elapsed="0.000427"/>
</kw>
<kw name="Dictionary Should Contain Key" owner="Collections">
<arg>${json_data['results'][0]['login']}</arg>
<arg>${keyTwo}</arg>
<doc>Fails if ``key`` is not found from ``dictionary``.</doc>
<status status="PASS" start="2024-06-24T03:16:55.443732" elapsed="0.000370"/>
</kw>
<kw name="Log" owner="BuiltIn">
<msg time="2024-06-24T03:16:55.444396" level="INFO">username</msg>
<arg>${keyTwo}</arg>
<doc>Logs the given message with the given level.</doc>
<status status="PASS" start="2024-06-24T03:16:55.444278" elapsed="0.000155"/>
</kw>
<var name="${keyTwo}">username</var>
<status status="PASS" start="2024-06-24T03:16:55.443002" elapsed="0.001652"/>
</iter>
<iter>
<kw name="Dictionary Should Contain Key" owner="Collections">
<arg>${json_data['results'][0]['login']}</arg>
<arg>${keyTwo}</arg>
<doc>Fails if ``key`` is not found from ``dictionary``.</doc>
<status status="PASS" start="2024-06-24T03:16:55.444928" elapsed="0.000389"/>
</kw>
<kw name="Dictionary Should Contain Key" owner="Collections">
<arg>${json_data['results'][0]['login']}</arg>
<arg>${keyTwo}</arg>
<doc>Fails if ``key`` is not found from ``dictionary``.</doc>
<status status="PASS" start="2024-06-24T03:16:55.445499" elapsed="0.000372"/>
</kw>
<kw name="Log" owner="BuiltIn">
<msg time="2024-06-24T03:16:55.446161" level="INFO">password</msg>
<arg>${keyTwo}</arg>
<doc>Logs the given message with the given level.</doc>
<status status="PASS" start="2024-06-24T03:16:55.446045" elapsed="0.000152"/>
</kw>
<var name="${keyTwo}">password</var>
<status status="PASS" start="2024-06-24T03:16:55.444824" elapsed="0.001681"/>
</iter>
<var>${keyTwo}</var>
<value>@{expected_keysTwo}</value>
<status status="PASS" start="2024-06-24T03:16:55.442816" elapsed="0.003814"/>
</for>
<status status="PASS" start="2024-06-24T03:16:55.343898" elapsed="0.102871"/>
</kw>
<doc>Testa a estrutura da resposta da API.</doc>
<tag>testeEstruturaResposta</tag>
<status status="PASS" start="2024-06-24T03:16:55.343279" elapsed="0.103674"/>
</test>
<test id="s1-s1-t4" name="Validar tipos de dados" line="28">
<kw name="Teste de Tipos de Dados" owner="random-user-service">
<kw name="GET On Session" owner="RequestsLibrary">
<msg time="2024-06-24T03:16:55.507584" level="INFO">GET Request : url=https://randomuser.me/api 
 path_url=/api 
 headers={'User-Agent': 'python-requests/2.32.3', 'Accept-Encoding': 'gzip, deflate', 'Accept': '*/*', 'Connection': 'keep-alive'} 
 body=None 
 </msg>
<msg time="2024-06-24T03:16:55.507679" level="INFO">GET Response : url=https://randomuser.me/api 
 status=200, reason=OK 
 headers={'Date': 'Mon, 24 Jun 2024 03:16:55 GMT', 'Content-Type': 'application/json; charset=utf-8', 'Transfer-Encoding': 'chunked', 'Connection': 'keep-alive', 'X-Powered-By': 'Express', 'Access-Control-Allow-Origin': '*', 'Cache-Control': 'no-cache', 'ETag': 'W/"48e-mpZawL4FkkpUeiRMvSkOw/Xsi9I"', 'Vary': 'Accept-Encoding', 'Content-Encoding': 'gzip', 'CF-Cache-Status': 'DYNAMIC', 'Report-To': '{"endpoints":[{"url":"https:\\/\\/a.nel.cloudflare.com\\/report\\/v4?s=F5WuRPK7czXbDIyEUSVsjZmd0V9lKfMNwvVnX0g1QO9twSRfE4iO5phmDvtd1eJFjqi9xaFKtYRJ5%2BMMj2T74cVJrOt73wXVlYjyuttgl36u85z0mckY9mFzi501FW4j"}],"group":"cf-nel","max_age":604800}', 'NEL': '{"success_fraction":0,"report_to":"cf-nel","max_age":604800}', 'Server': 'cloudflare', 'CF-RAY': '89898fd69fba082d-IAD', 'alt-svc': 'h3=":443"; ma=86400'} 
 body={"results":[{"gender":"female","name":{"title":"Ms","first":"Hanan","last":"Skjerven"},"location":{"street":{"number":9587,"name":"Østfoldgata"},"city":"Småland","state":"Bergen","country":"Norway","postcode":"1448","coordinates":{"latitude":"42.9374","longitude":"47.9631"},"timezone":{"offset":"-5:00","description":"Eastern Time (US &amp; Canada), Bogota, Lima"}},"email":"hanan.skjerven@example.com","login":{"uuid":"5cb3ffb2-1da6-4d23-aee0-2560c4d82692","username":"angrycat389","password":"tickling","salt":"YOy2loj5","md5":"25906f61665fc0466d1bf023eb888d55","sha1":"07df45198c23b76af93f5a31e4adfe4bf9dbaa0b","sha256":"46b8efaede8cfe5a5221c07a60b1e58a54fd04b126c1b13e201360ef8eb3496b"},"dob":{"date":"1969-01-04T07:48:49.752Z","age":55},"registered":{"date":"2002-07-27T17:02:05.347Z","age":21},"phone":"38514616","cell":"41097245","id":{"name":"FN","value":"04016936842"},"picture":{"large":"https://randomuser.me/api/portraits/women/77.jpg","medium":"https://randomuser.me/api/portraits/med/women/77.jpg","thumbnail":"https://randomuser.me/api/portraits/thumb/women/77.jpg"},"nat":"NO"}],"info":{"seed":"ac702fa06ce5ea80","results":1,"page":1,"version":"1.4"}} 
 </msg>
<msg time="2024-06-24T03:16:55.507751" level="INFO">/opt/hostedtoolcache/Python/3.12.4/x64/lib/python3.12/site-packages/urllib3/connectionpool.py:1099: InsecureRequestWarning: Unverified HTTPS request is being made to host 'randomuser.me'. Adding certificate verification is strongly advised. See: https://urllib3.readthedocs.io/en/latest/advanced-usage.html#tls-warnings
  warnings.warn(</msg>
<msg time="2024-06-24T03:16:55.507886" level="INFO">${response} = &lt;Response [200]&gt;</msg>
<var>${response}</var>
<arg>consultarAPI</arg>
<arg>/api</arg>
<doc>Sends a GET request on a previously created HTTP Session.</doc>
<status status="PASS" start="2024-06-24T03:16:55.449511" elapsed="0.058437"/>
</kw>
<kw name="Set Variable" owner="BuiltIn">
<msg time="2024-06-24T03:16:55.508979" level="INFO">${json_data} = {'results': [{'gender': 'female', 'name': {'title': 'Ms', 'first': 'Hanan', 'last': 'Skjerven'}, 'location': {'street': {'number': 9587, 'name': 'Østfoldgata'}, 'city': 'Småland', 'state': 'Bergen', '...</msg>
<var>${json_data}</var>
<arg>${response.json()}</arg>
<doc>Returns the given values which can then be assigned to a variables.</doc>
<status status="PASS" start="2024-06-24T03:16:55.508467" elapsed="0.000541"/>
</kw>
<kw name="Log" owner="BuiltIn">
<msg time="2024-06-24T03:16:55.509469" level="INFO">{'results': [{'gender': 'female', 'name': {'title': 'Ms', 'first': 'Hanan', 'last': 'Skjerven'}, 'location': {'street': {'number': 9587, 'name': 'Østfoldgata'}, 'city': 'Småland', 'state': 'Bergen', 'country': 'Norway', 'postcode': '1448', 'coordinates': {'latitude': '42.9374', 'longitude': '47.9631'}, 'timezone': {'offset': '-5:00', 'description': 'Eastern Time (US &amp; Canada), Bogota, Lima'}}, 'email': 'hanan.skjerven@example.com', 'login': {'uuid': '5cb3ffb2-1da6-4d23-aee0-2560c4d82692', 'username': 'angrycat389', 'password': 'tickling', 'salt': 'YOy2loj5', 'md5': '25906f61665fc0466d1bf023eb888d55', 'sha1': '07df45198c23b76af93f5a31e4adfe4bf9dbaa0b', 'sha256': '46b8efaede8cfe5a5221c07a60b1e58a54fd04b126c1b13e201360ef8eb3496b'}, 'dob': {'date': '1969-01-04T07:48:49.752Z', 'age': 55}, 'registered': {'date': '2002-07-27T17:02:05.347Z', 'age': 21}, 'phone': '38514616', 'cell': '41097245', 'id': {'name': 'FN', 'value': '04016936842'}, 'picture': {'large': 'https://randomuser.me/api/portraits/women/77.jpg', 'medium': 'https://randomuser.me/api/portraits/med/women/77.jpg', 'thumbnail': 'https://randomuser.me/api/portraits/thumb/women/77.jpg'}, 'nat': 'NO'}], 'info': {'seed': 'ac702fa06ce5ea80', 'results': 1, 'page': 1, 'version': '1.4'}}</msg>
<arg>${json_data}</arg>
<doc>Logs the given message with the given level.</doc>
<status status="PASS" start="2024-06-24T03:16:55.509313" elapsed="0.000206"/>
</kw>
<kw name="Should Be String" owner="String">
<arg>${json_data['results'][0]['gender']}</arg>
<doc>Fails if the given ``item`` is not a string.</doc>
<status status="PASS" start="2024-06-24T03:16:55.509804" elapsed="0.000360"/>
</kw>
<kw name="Should Match Regexp" owner="BuiltIn">
<arg>${json_data['results'][0]['email']}</arg>
<arg>^[a-zA-Z0-9._%+-]+@[a-zA-Z0-9.-]+\.[a-zA-Z]{2,}$</arg>
<doc>Fails if ``string`` does not match ``pattern`` as a regular expression.</doc>
<status status="PASS" start="2024-06-24T03:16:55.510384" elapsed="0.000552"/>
</kw>
<kw name="Should Match Regexp" owner="BuiltIn">
<arg>${json_data['results'][0]['dob']['date']}</arg>
<arg>\\d{4}-\\d{2}-\\d{2}T\\d{2}:\\d{2}:\\d{2}\\.\\d{3}Z</arg>
<doc>Fails if ``string`` does not match ``pattern`` as a regular expression.</doc>
<status status="PASS" start="2024-06-24T03:16:55.511129" elapsed="0.000485"/>
</kw>
<kw name="Should Match Regexp" owner="BuiltIn">
<arg>${json_data['results'][0]['registered']['date']}</arg>
<arg>\\d{4}-\\d{2}-\\d{2}T\\d{2}:\\d{2}:\\d{2}\\.\\d{3}Z</arg>
<doc>Fails if ``string`` does not match ``pattern`` as a regular expression.</doc>
<status status="PASS" start="2024-06-24T03:16:55.511799" elapsed="0.000361"/>
</kw>
<kw name="Should Match Regexp" owner="BuiltIn">
<arg>${json_data['results'][0]['picture']['large']}</arg>
<arg>^https?://.*\.(?:png|jpe?g|gif|bmp)$</arg>
<doc>Fails if ``string`` does not match ``pattern`` as a regular expression.</doc>
<status status="PASS" start="2024-06-24T03:16:55.512342" elapsed="0.000453"/>
</kw>
<kw name="Should Match Regexp" owner="BuiltIn">
<arg>${json_data['results'][0]['picture']['medium']}</arg>
<arg>^https?://.*\.(?:png|jpe?g|gif|bmp)$</arg>
<doc>Fails if ``string`` does not match ``pattern`` as a regular expression.</doc>
<status status="PASS" start="2024-06-24T03:16:55.512979" elapsed="0.000353"/>
</kw>
<kw name="Should Match Regexp" owner="BuiltIn">
<arg>${json_data['results'][0]['picture']['thumbnail']}</arg>
<arg>^https?://.*\.(?:png|jpe?g|gif|bmp)$</arg>
<doc>Fails if ``string`` does not match ``pattern`` as a regular expression.</doc>
<status status="PASS" start="2024-06-24T03:16:55.513511" elapsed="0.000344"/>
</kw>
<kw name="Log" owner="BuiltIn">
<msg time="2024-06-24T03:16:55.514356" level="INFO">{'large': 'https://randomuser.me/api/portraits/women/77.jpg', 'medium': 'https://randomuser.me/api/portraits/med/women/77.jpg', 'thumbnail': 'https://randomuser.me/api/portraits/thumb/women/77.jpg'}</msg>
<arg>${json_data['results'][0]['picture']}</arg>
<doc>Logs the given message with the given level.</doc>
<status status="PASS" start="2024-06-24T03:16:55.514036" elapsed="0.000361"/>
</kw>
<status status="PASS" start="2024-06-24T03:16:55.449284" elapsed="0.065372"/>
</kw>
<kw name="Teste de Tipos de Dados - Postcode" owner="random-user-service">
<kw name="GET On Session" owner="RequestsLibrary">
<msg time="2024-06-24T03:16:55.665695" level="INFO">GET Request : url=https://randomuser.me/api 
 path_url=/api 
 headers={'User-Agent': 'python-requests/2.32.3', 'Accept-Encoding': 'gzip, deflate', 'Accept': '*/*', 'Connection': 'keep-alive'} 
 body=None 
 </msg>
<msg time="2024-06-24T03:16:55.665795" level="INFO">GET Response : url=https://randomuser.me/api 
 status=200, reason=OK 
 headers={'Date': 'Mon, 24 Jun 2024 03:16:55 GMT', 'Content-Type': 'application/json; charset=utf-8', 'Transfer-Encoding': 'chunked', 'Connection': 'keep-alive', 'X-Powered-By': 'Express', 'Access-Control-Allow-Origin': '*', 'Cache-Control': 'no-cache', 'ETag': 'W/"48b-qZA2JaMYDy0fp6CN6mFBYDUORac"', 'Vary': 'Accept-Encoding', 'Content-Encoding': 'gzip', 'CF-Cache-Status': 'DYNAMIC', 'Report-To': '{"endpoints":[{"url":"https:\\/\\/a.nel.cloudflare.com\\/report\\/v4?s=PbkzUf3DLsWGsllmQzHmnHKRNpvjWGmZ1iCHfNgkYO80Y7%2B2DBRlyjZs57%2B4AKjQxs5iIqoVe5CVLTgpTD9fC%2BvkKZA5IT2%2BrRKZDZB9LNJsWQhFeQ2X9q4dcOUcVnEs"}],"group":"cf-nel","max_age":604800}', 'NEL': '{"success_fraction":0,"report_to":"cf-nel","max_age":604800}', 'Server': 'cloudflare', 'CF-RAY': '89898fd6f81b082d-IAD', 'alt-svc': 'h3=":443"; ma=86400'} 
 body={"results":[{"gender":"female","name":{"title":"Ms","first":"Ruslana","last":"Golubović"},"location":{"street":{"number":9966,"name":"Tomaška"},"city":"Valjevo","state":"Pomoravlje","country":"Serbia","postcode":38387,"coordinates":{"latitude":"61.4954","longitude":"166.8924"},"timezone":{"offset":"+7:00","description":"Bangkok, Hanoi, Jakarta"}},"email":"ruslana.golubovic@example.com","login":{"uuid":"b2bcfde9-5779-46a8-b40f-a58cd40a3c5f","username":"whiteostrich382","password":"090909","salt":"ECKxNIDr","md5":"e2ba8897ba93d48746d7c2de8e88b99a","sha1":"a733aa684f9e210bbc9fad39acf560cca55f850c","sha256":"4ed9878439a2b44c6854aefc8648f547ab2019153f5fde45bd022374a5d233fd"},"dob":{"date":"1973-02-18T13:37:20.030Z","age":51},"registered":{"date":"2017-07-01T02:08:17.365Z","age":6},"phone":"010-6283-909","cell":"066-2428-693","id":{"name":"SID","value":"677193038"},"picture":{"large":"https://randomuser.me/api/portraits/women/79.jpg","medium":"https://randomuser.me/api/portraits/med/women/79.jpg","thumbnail":"https://randomuser.me/api/portraits/thumb/women/79.jpg"},"nat":"RS"}],"info":{"seed":"42acb6cd9796e89d","results":1,"page":1,"version":"1.4"}} 
 </msg>
<msg time="2024-06-24T03:16:55.665868" level="INFO">/opt/hostedtoolcache/Python/3.12.4/x64/lib/python3.12/site-packages/urllib3/connectionpool.py:1099: InsecureRequestWarning: Unverified HTTPS request is being made to host 'randomuser.me'. Adding certificate verification is strongly advised. See: https://urllib3.readthedocs.io/en/latest/advanced-usage.html#tls-warnings
  warnings.warn(</msg>
<msg time="2024-06-24T03:16:55.666005" level="INFO">${response} = &lt;Response [200]&gt;</msg>
<var>${response}</var>
<arg>consultarAPI</arg>
<arg>/api</arg>
<doc>Sends a GET request on a previously created HTTP Session.</doc>
<status status="PASS" start="2024-06-24T03:16:55.515134" elapsed="0.150920"/>
</kw>
<kw name="Set Variable" owner="BuiltIn">
<msg time="2024-06-24T03:16:55.667162" level="INFO">${json_data} = {'results': [{'gender': 'female', 'name': {'title': 'Ms', 'first': 'Ruslana', 'last': 'Golubović'}, 'location': {'street': {'number': 9966, 'name': 'Tomaška'}, 'city': 'Valjevo', 'state': 'Pomoravlje'...</msg>
<var>${json_data}</var>
<arg>${response.json()}</arg>
<doc>Returns the given values which can then be assigned to a variables.</doc>
<status status="PASS" start="2024-06-24T03:16:55.666586" elapsed="0.000607"/>
</kw>
<kw name="Log" owner="BuiltIn">
<msg time="2024-06-24T03:16:55.667653" level="INFO">{'results': [{'gender': 'female', 'name': {'title': 'Ms', 'first': 'Ruslana', 'last': 'Golubović'}, 'location': {'street': {'number': 9966, 'name': 'Tomaška'}, 'city': 'Valjevo', 'state': 'Pomoravlje', 'country': 'Serbia', 'postcode': 38387, 'coordinates': {'latitude': '61.4954', 'longitude': '166.8924'}, 'timezone': {'offset': '+7:00', 'description': 'Bangkok, Hanoi, Jakarta'}}, 'email': 'ruslana.golubovic@example.com', 'login': {'uuid': 'b2bcfde9-5779-46a8-b40f-a58cd40a3c5f', 'username': 'whiteostrich382', 'password': '090909', 'salt': 'ECKxNIDr', 'md5': 'e2ba8897ba93d48746d7c2de8e88b99a', 'sha1': 'a733aa684f9e210bbc9fad39acf560cca55f850c', 'sha256': '4ed9878439a2b44c6854aefc8648f547ab2019153f5fde45bd022374a5d233fd'}, 'dob': {'date': '1973-02-18T13:37:20.030Z', 'age': 51}, 'registered': {'date': '2017-07-01T02:08:17.365Z', 'age': 6}, 'phone': '010-6283-909', 'cell': '066-2428-693', 'id': {'name': 'SID', 'value': '677193038'}, 'picture': {'large': 'https://randomuser.me/api/portraits/women/79.jpg', 'medium': 'https://randomuser.me/api/portraits/med/women/79.jpg', 'thumbnail': 'https://randomuser.me/api/portraits/thumb/women/79.jpg'}, 'nat': 'RS'}], 'info': {'seed': '42acb6cd9796e89d', 'results': 1, 'page': 1, 'version': '1.4'}}</msg>
<arg>${json_data}</arg>
<doc>Logs the given message with the given level.</doc>
<status status="PASS" start="2024-06-24T03:16:55.667498" elapsed="0.000204"/>
</kw>
<kw name="Should Be Equal As Numbers" owner="BuiltIn">
<arg>${json_data['results'][0]['location']['postcode']}</arg>
<arg>${json_data['results'][0]['location']['postcode']}</arg>
<doc>Fails if objects are unequal after converting them to real numbers.</doc>
<status status="PASS" start="2024-06-24T03:16:55.667998" elapsed="0.000620"/>
</kw>
<kw name="Log" owner="BuiltIn">
<msg time="2024-06-24T03:16:55.669337" level="INFO">38387</msg>
<arg>${json_data['results'][0]['location']['postcode']}</arg>
<doc>Logs the given message with the given level.</doc>
<status status="PASS" start="2024-06-24T03:16:55.668835" elapsed="0.000542"/>
</kw>
<status status="PASS" start="2024-06-24T03:16:55.514903" elapsed="0.154725"/>
</kw>
<doc>Testa se os tipos de dados na resposta da API estão corretos.</doc>
<tag>testeTiposDados</tag>
<status status="PASS" start="2024-06-24T03:16:55.448712" elapsed="0.221079"/>
</test>
<test id="s1-s1-t5" name="Validar conteudo" line="35">
<kw name="Teste de Tipos de Conteudo" owner="random-user-service">
<kw name="GET On Session" owner="RequestsLibrary">
<msg time="2024-06-24T03:16:55.731574" level="INFO">GET Request : url=https://randomuser.me/api 
 path_url=/api 
 headers={'User-Agent': 'python-requests/2.32.3', 'Accept-Encoding': 'gzip, deflate', 'Accept': '*/*', 'Connection': 'keep-alive'} 
 body=None 
 </msg>
<msg time="2024-06-24T03:16:55.731683" level="INFO">GET Response : url=https://randomuser.me/api 
 status=200, reason=OK 
 headers={'Date': 'Mon, 24 Jun 2024 03:16:55 GMT', 'Content-Type': 'application/json; charset=utf-8', 'Transfer-Encoding': 'chunked', 'Connection': 'keep-alive', 'X-Powered-By': 'Express', 'Access-Control-Allow-Origin': '*', 'Cache-Control': 'no-cache', 'ETag': 'W/"480-CEtE/CkidgZhMLJSaTrRmt2bwd8"', 'Vary': 'Accept-Encoding', 'Content-Encoding': 'gzip', 'CF-Cache-Status': 'DYNAMIC', 'Report-To': '{"endpoints":[{"url":"https:\\/\\/a.nel.cloudflare.com\\/report\\/v4?s=7REUFxCXJ8P0lZgK2LQVqfebYFiaX2qKG9l3bMU0t1Ow%2BRISoRoxh45IvO6KrjMNBnnuXtCmRIjOkHhl7RdZrDcUkLKSNiwnfYsbKlWFjDG1neuT%2BTNp4DI%2BKEF4IEyq"}],"group":"cf-nel","max_age":604800}', 'NEL': '{"success_fraction":0,"report_to":"cf-nel","max_age":604800}', 'Server': 'cloudflare', 'CF-RAY': '89898fd7f95c082d-IAD', 'alt-svc': 'h3=":443"; ma=86400'} 
 body={"results":[{"gender":"male","name":{"title":"Mr","first":"Eliott","last":"Lefevre"},"location":{"street":{"number":3902,"name":"Rue Jean-Baldassini"},"city":"Aix-En-Provence","state":"Aude","country":"France","postcode":51338,"coordinates":{"latitude":"-20.7458","longitude":"-21.7183"},"timezone":{"offset":"-9:00","description":"Alaska"}},"email":"eliott.lefevre@example.com","login":{"uuid":"3816e017-43a3-4159-94a5-2fd96d4c1007","username":"redfrog237","password":"dante","salt":"soOneuLx","md5":"41241b78fe26d962029babaed4259dc0","sha1":"3391d7c513d70ad2882cc6cc7f1432dcefb3c9ce","sha256":"c94fa751b5fee57f01122d4d377b5b560925f1a2b7b0cba934546587a607179d"},"dob":{"date":"1998-01-04T17:16:56.079Z","age":26},"registered":{"date":"2019-06-12T12:07:16.922Z","age":5},"phone":"02-82-71-00-48","cell":"06-23-49-63-46","id":{"name":"INSEE","value":"1980036479337 33"},"picture":{"large":"https://randomuser.me/api/portraits/men/56.jpg","medium":"https://randomuser.me/api/portraits/med/men/56.jpg","thumbnail":"https://randomuser.me/api/portraits/thumb/men/56.jpg"},"nat":"FR"}],"info":{"seed":"dca0a7830e77b4bd","results":1,"page":1,"version":"1.4"}} 
 </msg>
<msg time="2024-06-24T03:16:55.731762" level="INFO">/opt/hostedtoolcache/Python/3.12.4/x64/lib/python3.12/site-packages/urllib3/connectionpool.py:1099: InsecureRequestWarning: Unverified HTTPS request is being made to host 'randomuser.me'. Adding certificate verification is strongly advised. See: https://urllib3.readthedocs.io/en/latest/advanced-usage.html#tls-warnings
  warnings.warn(</msg>
<msg time="2024-06-24T03:16:55.731907" level="INFO">${response} = &lt;Response [200]&gt;</msg>
<var>${response}</var>
<arg>consultarAPI</arg>
<arg>/api</arg>
<doc>Sends a GET request on a previously created HTTP Session.</doc>
<status status="PASS" start="2024-06-24T03:16:55.672609" elapsed="0.059342"/>
</kw>
<kw name="Set Variable" owner="BuiltIn">
<msg time="2024-06-24T03:16:55.732934" level="INFO">${json_data} = {'results': [{'gender': 'male', 'name': {'title': 'Mr', 'first': 'Eliott', 'last': 'Lefevre'}, 'location': {'street': {'number': 3902, 'name': 'Rue Jean-Baldassini'}, 'city': 'Aix-En-Provence', 'state...</msg>
<var>${json_data}</var>
<arg>${response.json()}</arg>
<doc>Returns the given values which can then be assigned to a variables.</doc>
<status status="PASS" start="2024-06-24T03:16:55.732439" elapsed="0.000523"/>
</kw>
<kw name="Set Variable" owner="BuiltIn">
<msg time="2024-06-24T03:16:55.733643" level="INFO">${name_title} = Mr</msg>
<var>${name_title}</var>
<arg>${json_data["results"][0]["name"]["title"]}</arg>
<doc>Returns the given values which can then be assigned to a variables.</doc>
<status status="PASS" start="2024-06-24T03:16:55.733262" elapsed="0.000407"/>
</kw>
<kw name="Create List" owner="BuiltIn">
<msg time="2024-06-24T03:16:55.734108" level="INFO">${allowed_titles} = ['Mr', 'Ms', 'Miss', 'Mrs', 'Madame', 'Monsieur']</msg>
<var>${allowed_titles}</var>
<arg>Mr</arg>
<arg>Ms</arg>
<arg>Miss</arg>
<arg>Mrs</arg>
<arg>Madame</arg>
<arg>Monsieur</arg>
<doc>Returns a list containing given items.</doc>
<status status="PASS" start="2024-06-24T03:16:55.733961" elapsed="0.000171"/>
</kw>
<kw name="List Should Contain Value" owner="Collections">
<arg>${allowed_titles}</arg>
<arg>${name_title}</arg>
<doc>Fails if the ``value`` is not found from ``list``.</doc>
<status status="PASS" start="2024-06-24T03:16:55.734434" elapsed="0.000173"/>
</kw>
<kw name="Set Variable" owner="BuiltIn">
<msg time="2024-06-24T03:16:55.735183" level="INFO">${name_country} = FR</msg>
<var>${name_country}</var>
<arg>${json_data["results"][0]["nat"]}</arg>
<doc>Returns the given values which can then be assigned to a variables.</doc>
<status status="PASS" start="2024-06-24T03:16:55.734782" elapsed="0.000426"/>
</kw>
<kw name="Create List" owner="BuiltIn">
<msg time="2024-06-24T03:16:55.736087" level="INFO">${list_country} = ['AD', 'AE', 'AF', 'AG', 'AI', 'AL', 'AM', 'AO', 'AQ', 'AR', 'AS', 'AT', 'AU', 'AW', 'AX', 'AZ', 'BA', 'BB', 'BD', 'BE', 'BF', 'BG', 'BH', 'BI', 'BJ', 'BL', 'BM', 'BN', 'BO', 'BQ', 'BR', 'BS', 'BT', '...</msg>
<var>${list_country}</var>
<arg>AD</arg>
<arg>AE</arg>
<arg>AF</arg>
<arg>AG</arg>
<arg>AI</arg>
<arg>AL</arg>
<arg>AM</arg>
<arg>AO</arg>
<arg>AQ</arg>
<arg>AR</arg>
<arg>AS</arg>
<arg>AT</arg>
<arg>AU</arg>
<arg>AW</arg>
<arg>AX</arg>
<arg>AZ</arg>
<arg>BA</arg>
<arg>BB</arg>
<arg>BD</arg>
<arg>BE</arg>
<arg>BF</arg>
<arg>BG</arg>
<arg>BH</arg>
<arg>BI</arg>
<arg>BJ</arg>
<arg>BL</arg>
<arg>BM</arg>
<arg>BN</arg>
<arg>BO</arg>
<arg>BQ</arg>
<arg>BR</arg>
<arg>BS</arg>
<arg>BT</arg>
<arg>BV</arg>
<arg>BW</arg>
<arg>BY</arg>
<arg>BZ</arg>
<arg>CA</arg>
<arg>CC</arg>
<arg>CD</arg>
<arg>CF</arg>
<arg>CG</arg>
<arg>CH</arg>
<arg>CI</arg>
<arg>CK</arg>
<arg>CL</arg>
<arg>CM</arg>
<arg>CN</arg>
<arg>CO</arg>
<arg>CR</arg>
<arg>CU</arg>
<arg>CV</arg>
<arg>CW</arg>
<arg>CX</arg>
<arg>CY</arg>
<arg>CZ</arg>
<arg>DE</arg>
<arg>DJ</arg>
<arg>DK</arg>
<arg>DM</arg>
<arg>DO</arg>
<arg>DZ</arg>
<arg>EC</arg>
<arg>EE</arg>
<arg>EG</arg>
<arg>EH</arg>
<arg>ER</arg>
<arg>ES</arg>
<arg>ET</arg>
<arg>FI</arg>
<arg>FJ</arg>
<arg>FK</arg>
<arg>FM</arg>
<arg>FO</arg>
<arg>FR</arg>
<arg>GA</arg>
<arg>GB</arg>
<arg>GD</arg>
<arg>GE</arg>
<arg>GF</arg>
<arg>GG</arg>
<arg>GH</arg>
<arg>GI</arg>
<arg>GL</arg>
<arg>GM</arg>
<arg>GN</arg>
<arg>GP</arg>
<arg>GQ</arg>
<arg>GR</arg>
<arg>GS</arg>
<arg>GT</arg>
<arg>GU</arg>
<arg>GW</arg>
<arg>GY</arg>
<arg>HK</arg>
<arg>HM</arg>
<arg>HN</arg>
<arg>HR</arg>
<arg>HT</arg>
<arg>HU</arg>
<arg>ID</arg>
<arg>IE</arg>
<arg>IL</arg>
<arg>IM</arg>
<arg>IN</arg>
<arg>IO</arg>
<arg>IQ</arg>
<arg>IR</arg>
<arg>IS</arg>
<arg>IT</arg>
<arg>JE</arg>
<arg>JM</arg>
<arg>JO</arg>
<arg>JP</arg>
<arg>KE</arg>
<arg>KG</arg>
<arg>KH</arg>
<arg>KI</arg>
<arg>KM</arg>
<arg>KN</arg>
<arg>KP</arg>
<arg>KR</arg>
<arg>KW</arg>
<arg>KY</arg>
<arg>KZ</arg>
<arg>LA</arg>
<arg>LB</arg>
<arg>LC</arg>
<arg>LI</arg>
<arg>LK</arg>
<arg>LR</arg>
<arg>LS</arg>
<arg>LT</arg>
<arg>LU</arg>
<arg>LV</arg>
<arg>LY</arg>
<arg>MA</arg>
<arg>MC</arg>
<arg>MD</arg>
<arg>ME</arg>
<arg>MF</arg>
<arg>MG</arg>
<arg>MH</arg>
<arg>MK</arg>
<arg>ML</arg>
<arg>MM</arg>
<arg>MN</arg>
<arg>MO</arg>
<arg>MP</arg>
<arg>MQ</arg>
<arg>MR</arg>
<arg>MS</arg>
<arg>MT</arg>
<arg>MU</arg>
<arg>MV</arg>
<arg>MW</arg>
<arg>MX</arg>
<arg>MY</arg>
<arg>MZ</arg>
<arg>NA</arg>
<arg>NC</arg>
<arg>NE</arg>
<arg>NF</arg>
<arg>NG</arg>
<arg>NI</arg>
<arg>NL</arg>
<arg>NO</arg>
<arg>NP</arg>
<arg>NR</arg>
<arg>NU</arg>
<arg>NZ</arg>
<arg>OM</arg>
<arg>PA</arg>
<arg>PE</arg>
<arg>PF</arg>
<arg>PG</arg>
<arg>PH</arg>
<arg>PK</arg>
<arg>PL</arg>
<arg>PM</arg>
<arg>PN</arg>
<arg>PR</arg>
<arg>PS</arg>
<arg>PT</arg>
<arg>PW</arg>
<arg>PY</arg>
<arg>QA</arg>
<arg>RE</arg>
<arg>RO</arg>
<arg>RS</arg>
<arg>RU</arg>
<arg>RW</arg>
<arg>SA</arg>
<arg>SB</arg>
<arg>SC</arg>
<arg>SD</arg>
<arg>SE</arg>
<arg>SG</arg>
<arg>SH</arg>
<arg>SI</arg>
<arg>SJ</arg>
<arg>SK</arg>
<arg>SL</arg>
<arg>SM</arg>
<arg>SN</arg>
<arg>SO</arg>
<arg>SR</arg>
<arg>SS</arg>
<arg>ST</arg>
<arg>SV</arg>
<arg>SX</arg>
<arg>SY</arg>
<arg>SZ</arg>
<arg>TC</arg>
<arg>TD</arg>
<arg>TF</arg>
<arg>TG</arg>
<arg>TH</arg>
<arg>TJ</arg>
<arg>TK</arg>
<arg>TL</arg>
<arg>TM</arg>
<arg>TN</arg>
<arg>TO</arg>
<arg>TR</arg>
<arg>TT</arg>
<arg>TV</arg>
<arg>TW</arg>
<arg>TZ</arg>
<arg>UA</arg>
<arg>UG</arg>
<arg>UM</arg>
<arg>US</arg>
<arg>UY</arg>
<arg>UZ</arg>
<arg>VA</arg>
<arg>VC</arg>
<arg>VE</arg>
<arg>VG</arg>
<arg>VI</arg>
<arg>VN</arg>
<arg>VU</arg>
<arg>WF</arg>
<arg>WS</arg>
<arg>XK</arg>
<arg>YE</arg>
<arg>YT</arg>
<arg>ZA</arg>
<arg>ZM</arg>
<arg>ZW</arg>
<doc>Returns a list containing given items.</doc>
<status status="PASS" start="2024-06-24T03:16:55.735491" elapsed="0.000620"/>
</kw>
<kw name="List Should Contain Value" owner="Collections">
<arg>${list_country}</arg>
<arg>${name_country}</arg>
<doc>Fails if the ``value`` is not found from ``list``.</doc>
<status status="PASS" start="2024-06-24T03:16:55.736905" elapsed="0.000201"/>
</kw>
<kw name="Run Keyword If" owner="BuiltIn">
<kw name="Should Be True" owner="BuiltIn">
<arg>${True}</arg>
<doc>Fails if the given condition is not true.</doc>
<status status="PASS" start="2024-06-24T03:16:55.738039" elapsed="0.000140"/>
</kw>
<arg>${json_data["results"][0]["location"]["coordinates"]["latitude"]} &gt;= -90 and ${json_data["results"][0]["location"]["coordinates"]["latitude"]} &lt;= 90</arg>
<arg>Should Be True</arg>
<arg>${True}</arg>
<doc>Runs the given keyword with the given arguments, if ``condition`` is true.</doc>
<status status="PASS" start="2024-06-24T03:16:55.737305" elapsed="0.000997"/>
</kw>
<kw name="Run Keyword If" owner="BuiltIn">
<kw name="Should Be True" owner="BuiltIn">
<arg>${True}</arg>
<doc>Fails if the given condition is not true.</doc>
<status status="PASS" start="2024-06-24T03:16:55.739195" elapsed="0.000239"/>
</kw>
<arg>${json_data["results"][0]["location"]["coordinates"]["longitude"]} &gt;= -180 and ${json_data["results"][0]["location"]["coordinates"]["longitude"]} &lt;= 180</arg>
<arg>Should Be True</arg>
<arg>${True}</arg>
<doc>Runs the given keyword with the given arguments, if ``condition`` is true.</doc>
<status status="PASS" start="2024-06-24T03:16:55.738480" elapsed="0.001083"/>
</kw>
<status status="PASS" start="2024-06-24T03:16:55.672245" elapsed="0.067450"/>
</kw>
<doc>Testa o conteúdo específico dos campos retornados pela API.</doc>
<tag>testeConteudo</tag>
<status status="PASS" start="2024-06-24T03:16:55.671578" elapsed="0.068275"/>
</test>
<status status="PASS" start="2024-06-24T03:16:54.750983" elapsed="0.990805"/>
</suite>
<status status="PASS" start="2024-06-24T03:16:54.736559" elapsed="1.010333"/>
</suite>
<statistics>
<total>
<stat pass="5" fail="0" skip="0">All Tests</stat>
</total>
<tag>
<stat pass="1" fail="0" skip="0">testeConteudo</stat>
<stat pass="1" fail="0" skip="0">testeEstruturaResposta</stat>
<stat pass="1" fail="0" skip="0">testeRequisicaoBasica</stat>
<stat pass="1" fail="0" skip="0">testeTiposDados</stat>
</tag>
<suite>
<stat pass="5" fail="0" skip="0" id="s1" name="Tests">Tests</stat>
<stat pass="5" fail="0" skip="0" id="s1-s1" name="Random-User-Test">Tests.Random-User-Test</stat>
</suite>
</statistics>
<errors>
</errors>
</robot>
