<?xml version="1.0" encoding="UTF-8"?>
<robot generator="Robot 7.0 (Python 3.12.2 on linux)" generated="2024-04-01T04:16:30.196423" rpa="false" schemaversion="5">
<suite id="s1" name="Tests" source="/home/runner/work/DesafioQAItauRogerioJordao/DesafioQAItauRogerioJordao/RamdonUser/tests">
<suite id="s1-s1" name="Random-User-Test" source="/home/runner/work/DesafioQAItauRogerioJordao/DesafioQAItauRogerioJordao/RamdonUser/tests/random-user-test.robot">
<test id="s1-s1-t1" name="Conectar" line="13">
<kw name="Conectar API" owner="random-user-service">
<kw name="Create Session" owner="RequestsLibrary">
<msg time="2024-04-01T04:16:30.552447" level="INFO">Creating Session using : alias=consultarAPI, url=https://randomuser.me/, headers={},                     cookies={}, auth=None, timeout=None, proxies=None, verify=False,                     debug=0 </msg>
<arg>consultarAPI</arg>
<arg>${URL}</arg>
<doc>Create Session: create a HTTP session to a server</doc>
<status status="PASS" start="2024-04-01T04:16:30.552242" elapsed="0.000380"/>
</kw>
<status status="PASS" start="2024-04-01T04:16:30.551216" elapsed="0.001801"/>
</kw>
<status status="PASS" start="2024-04-01T04:16:30.550675" elapsed="0.002550"/>
</test>
<test id="s1-s1-t2" name="Validar retorno 200 e JSON Válido" line="16">
<kw name="Teste de Requisicao Basica" owner="random-user-service">
<kw name="GET On Session" owner="RequestsLibrary">
<msg time="2024-04-01T04:16:30.633061" level="INFO">GET Request : url=https://randomuser.me/api 
 path_url=/api 
 headers={'User-Agent': 'python-requests/2.31.0', 'Accept-Encoding': 'gzip, deflate', 'Accept': '*/*', 'Connection': 'keep-alive'} 
 body=None 
 </msg>
<msg time="2024-04-01T04:16:30.633212" level="INFO">GET Response : url=https://randomuser.me/api 
 status=200, reason=OK 
 headers={'Date': 'Mon, 01 Apr 2024 04:16:30 GMT', 'Content-Type': 'application/json; charset=utf-8', 'Transfer-Encoding': 'chunked', 'Connection': 'keep-alive', 'X-Powered-By': 'Express', 'Access-Control-Allow-Origin': '*', 'Cache-Control': 'no-cache', 'ETag': 'W/"490-6w5R3lj3I2El9/OyWQdWPnStJn4"', 'Vary': 'Accept-Encoding', 'Content-Encoding': 'gzip', 'CF-Cache-Status': 'DYNAMIC', 'Report-To': '{"endpoints":[{"url":"https:\\/\\/a.nel.cloudflare.com\\/report\\/v4?s=w5lYggH%2B73HtlzxvJqYRTD9oc9B3pvrCAAbfCVMFtEbaW6nKOlrjVgDfH2KO%2BqLCiJ00JJrTN7GLAFH3Qfgs6Ee5sNr3tX4Bwgkoa8iuGgzRMRJ5FnaYsz3Jif17rHoE"}],"group":"cf-nel","max_age":604800}', 'NEL': '{"success_fraction":0,"report_to":"cf-nel","max_age":604800}', 'Server': 'cloudflare', 'CF-RAY': '86d5c39f3c188296-IAD', 'alt-svc': 'h3=":443"; ma=86400'} 
 body={"results":[{"gender":"male","name":{"title":"Mr","first":"Albert","last":"Jenkins"},"location":{"street":{"number":1569,"name":"Church Lane"},"city":"Lincoln","state":"Norfolk","country":"United Kingdom","postcode":"S4 4RT","coordinates":{"latitude":"-10.4658","longitude":"-132.4337"},"timezone":{"offset":"+2:00","description":"Kaliningrad, South Africa"}},"email":"albert.jenkins@example.com","login":{"uuid":"078217a7-c888-41a8-89d0-c47fd42897ba","username":"smallbear782","password":"mitchell","salt":"UGHGeNGF","md5":"63e78c5d45b4995e11b031b5bf4f5678","sha1":"7c5a3aafe163c97f038d5464a2f2be5ecd3ade1f","sha256":"243e00a2fecaa7461a90e5aafeff5c9903ddc43dda91fa9728d3383089489c0c"},"dob":{"date":"1961-11-05T10:51:25.532Z","age":62},"registered":{"date":"2011-08-17T01:21:17.398Z","age":12},"phone":"019467 10321","cell":"07104 064431","id":{"name":"NINO","value":"RH 04 37 37 D"},"picture":{"large":"https://randomuser.me/api/portraits/men/98.jpg","medium":"https://randomuser.me/api/portraits/med/men/98.jpg","thumbnail":"https://randomuser.me/api/portraits/thumb/men/98.jpg"},"nat":"GB"}],"info":{"seed":"6cf47d776e311c0f","results":1,"page":1,"version":"1.4"}} 
 </msg>
<msg time="2024-04-01T04:16:30.633331" level="INFO">/opt/hostedtoolcache/Python/3.12.2/x64/lib/python3.12/site-packages/urllib3/connectionpool.py:1103: InsecureRequestWarning: Unverified HTTPS request is being made to host 'randomuser.me'. Adding certificate verification is strongly advised. See: https://urllib3.readthedocs.io/en/latest/advanced-usage.html#tls-warnings
  warnings.warn(</msg>
<msg time="2024-04-01T04:16:30.633468" level="INFO">${response} = &lt;Response [200]&gt;</msg>
<var>${response}</var>
<arg>consultarAPI</arg>
<arg>/api</arg>
<doc>Sends a GET request on a previously created HTTP Session.</doc>
<status status="PASS" start="2024-04-01T04:16:30.555780" elapsed="0.077727"/>
</kw>
<kw name="Should Be Equal As Numbers" owner="BuiltIn">
<msg time="2024-04-01T04:16:30.634444" level="INFO">Argument types are:
&lt;class 'int'&gt;
&lt;class 'str'&gt;</msg>
<arg>${response.status_code}</arg>
<arg>200</arg>
<doc>Fails if objects are unequal after converting them to real numbers.</doc>
<status status="PASS" start="2024-04-01T04:16:30.633998" elapsed="0.000511"/>
</kw>
<kw name="Log" owner="BuiltIn">
<msg time="2024-04-01T04:16:30.635197" level="INFO">200</msg>
<arg>${response.status_code}</arg>
<doc>Logs the given message with the given level.</doc>
<status status="PASS" start="2024-04-01T04:16:30.634836" elapsed="0.000404"/>
</kw>
<kw name="Set Variable" owner="BuiltIn">
<msg time="2024-04-01T04:16:30.636023" level="INFO">${json_data} = {'results': [{'gender': 'male', 'name': {'title': 'Mr', 'first': 'Albert', 'last': 'Jenkins'}, 'location': {'street': {'number': 1569, 'name': 'Church Lane'}, 'city': 'Lincoln', 'state': 'Norfolk', 'c...</msg>
<var>${json_data}</var>
<arg>${response.json()}</arg>
<doc>Returns the given values which can then be assigned to a variables.</doc>
<status status="PASS" start="2024-04-01T04:16:30.635581" elapsed="0.000470"/>
</kw>
<kw name="Dictionary Should Contain Key" owner="Collections">
<msg time="2024-04-01T04:16:30.636531" level="INFO">False</msg>
<arg>${json_data}</arg>
<arg>results</arg>
<doc>Fails if ``key`` is not found from ``dictionary``.</doc>
<status status="PASS" start="2024-04-01T04:16:30.636361" elapsed="0.000210"/>
</kw>
<status status="PASS" start="2024-04-01T04:16:30.555522" elapsed="0.081346"/>
</kw>
<doc>Testa se a API responde corretamente e retorna um objeto JSON válido.</doc>
<tag>testeRequisicaoBasica</tag>
<status status="PASS" start="2024-04-01T04:16:30.555046" elapsed="0.082017"/>
</test>
<test id="s1-s1-t3" name="Validar estrutura de resposta" line="22">
<kw name="Teste de Estrutura de Resposta" owner="random-user-service">
<kw name="GET On Session" owner="RequestsLibrary">
<msg time="2024-04-01T04:16:30.717595" level="INFO">GET Request : url=https://randomuser.me/api 
 path_url=/api 
 headers={'User-Agent': 'python-requests/2.31.0', 'Accept-Encoding': 'gzip, deflate', 'Accept': '*/*', 'Connection': 'keep-alive'} 
 body=None 
 </msg>
<msg time="2024-04-01T04:16:30.717663" level="INFO">GET Response : url=https://randomuser.me/api 
 status=200, reason=OK 
 headers={'Date': 'Mon, 01 Apr 2024 04:16:30 GMT', 'Content-Type': 'application/json; charset=utf-8', 'Transfer-Encoding': 'chunked', 'Connection': 'keep-alive', 'X-Powered-By': 'Express', 'Access-Control-Allow-Origin': '*', 'Cache-Control': 'no-cache', 'ETag': 'W/"490-4p3hi1oDiBuRd2TbhKg6qRRHauY"', 'Vary': 'Accept-Encoding', 'Content-Encoding': 'gzip', 'CF-Cache-Status': 'DYNAMIC', 'Report-To': '{"endpoints":[{"url":"https:\\/\\/a.nel.cloudflare.com\\/report\\/v4?s=BIgw%2Bvw5n4WjW5frj1Exsf5uGaBsQZSw3qjCrUJX%2BNv6VkIlWec6VmPaiXTbh8IWOSVEXjbmE0ZNpRw%2BHm2cVwVDU%2BgA83ZpU8WRt0yZ2Slr4CBTIRtM9xl%2FvH544tsf"}],"group":"cf-nel","max_age":604800}', 'NEL': '{"success_fraction":0,"report_to":"cf-nel","max_age":604800}', 'Server': 'cloudflare', 'CF-RAY': '86d5c39f8c638296-IAD', 'alt-svc': 'h3=":443"; ma=86400'} 
 body={"results":[{"gender":"male","name":{"title":"Mr","first":"Mason","last":"Ouellet"},"location":{"street":{"number":3211,"name":"Pierre Ave"},"city":"Springfield","state":"Québec","country":"Canada","postcode":"H6Q 8G6","coordinates":{"latitude":"-65.5691","longitude":"-83.2837"},"timezone":{"offset":"+3:00","description":"Baghdad, Riyadh, Moscow, St. Petersburg"}},"email":"mason.ouellet@example.com","login":{"uuid":"9b85bcc7-53a9-430d-8c84-3494d0bc230b","username":"orangefish292","password":"shaggy","salt":"tpOLmb1V","md5":"1b12e67621d732b40c1a12c8f4485a11","sha1":"1cf67dc2d79ac2b0f15e5530b9b913600742b4e8","sha256":"5e21c9e1a4c599dd1073c31a7fd4ff0da2e9da25a9fd80d4f18526c326f952c7"},"dob":{"date":"1959-05-08T16:27:01.274Z","age":64},"registered":{"date":"2014-04-17T10:49:48.752Z","age":9},"phone":"W06 U12-0764","cell":"W07 U57-9226","id":{"name":"SIN","value":"094796117"},"picture":{"large":"https://randomuser.me/api/portraits/men/27.jpg","medium":"https://randomuser.me/api/portraits/med/men/27.jpg","thumbnail":"https://randomuser.me/api/portraits/thumb/men/27.jpg"},"nat":"CA"}],"info":{"seed":"e3bb5fd1f3a86148","results":1,"page":1,"version":"1.4"}} 
 </msg>
<msg time="2024-04-01T04:16:30.717772" level="INFO">/opt/hostedtoolcache/Python/3.12.2/x64/lib/python3.12/site-packages/urllib3/connectionpool.py:1103: InsecureRequestWarning: Unverified HTTPS request is being made to host 'randomuser.me'. Adding certificate verification is strongly advised. See: https://urllib3.readthedocs.io/en/latest/advanced-usage.html#tls-warnings
  warnings.warn(</msg>
<msg time="2024-04-01T04:16:30.717888" level="INFO">${response} = &lt;Response [200]&gt;</msg>
<var>${response}</var>
<arg>consultarAPI</arg>
<arg>/api</arg>
<doc>Sends a GET request on a previously created HTTP Session.</doc>
<status status="PASS" start="2024-04-01T04:16:30.639879" elapsed="0.078053"/>
</kw>
<kw name="Set Variable" owner="BuiltIn">
<msg time="2024-04-01T04:16:30.718810" level="INFO">${json_data} = {'results': [{'gender': 'male', 'name': {'title': 'Mr', 'first': 'Mason', 'last': 'Ouellet'}, 'location': {'street': {'number': 3211, 'name': 'Pierre Ave'}, 'city': 'Springfield', 'state': 'Québec', '...</msg>
<var>${json_data}</var>
<arg>${response.json()}</arg>
<doc>Returns the given values which can then be assigned to a variables.</doc>
<status status="PASS" start="2024-04-01T04:16:30.718352" elapsed="0.000488"/>
</kw>
<kw name="Log" owner="BuiltIn">
<msg time="2024-04-01T04:16:30.719320" level="INFO">{'results': [{'gender': 'male', 'name': {'title': 'Mr', 'first': 'Mason', 'last': 'Ouellet'}, 'location': {'street': {'number': 3211, 'name': 'Pierre Ave'}, 'city': 'Springfield', 'state': 'Québec', 'country': 'Canada', 'postcode': 'H6Q 8G6', 'coordinates': {'latitude': '-65.5691', 'longitude': '-83.2837'}, 'timezone': {'offset': '+3:00', 'description': 'Baghdad, Riyadh, Moscow, St. Petersburg'}}, 'email': 'mason.ouellet@example.com', 'login': {'uuid': '9b85bcc7-53a9-430d-8c84-3494d0bc230b', 'username': 'orangefish292', 'password': 'shaggy', 'salt': 'tpOLmb1V', 'md5': '1b12e67621d732b40c1a12c8f4485a11', 'sha1': '1cf67dc2d79ac2b0f15e5530b9b913600742b4e8', 'sha256': '5e21c9e1a4c599dd1073c31a7fd4ff0da2e9da25a9fd80d4f18526c326f952c7'}, 'dob': {'date': '1959-05-08T16:27:01.274Z', 'age': 64}, 'registered': {'date': '2014-04-17T10:49:48.752Z', 'age': 9}, 'phone': 'W06 U12-0764', 'cell': 'W07 U57-9226', 'id': {'name': 'SIN', 'value': '094796117'}, 'picture': {'large': 'https://randomuser.me/api/portraits/men/27.jpg', 'medium': 'https://randomuser.me/api/portraits/med/men/27.jpg', 'thumbnail': 'https://randomuser.me/api/portraits/thumb/men/27.jpg'}, 'nat': 'CA'}], 'info': {'seed': 'e3bb5fd1f3a86148', 'results': 1, 'page': 1, 'version': '1.4'}}</msg>
<arg>${json_data}</arg>
<doc>Logs the given message with the given level.</doc>
<status status="PASS" start="2024-04-01T04:16:30.719155" elapsed="0.000215"/>
</kw>
<kw name="Dictionary Should Contain Key" owner="Collections">
<msg time="2024-04-01T04:16:30.719827" level="INFO">False</msg>
<arg>${json_data}</arg>
<arg>results</arg>
<doc>Fails if ``key`` is not found from ``dictionary``.</doc>
<status status="PASS" start="2024-04-01T04:16:30.719671" elapsed="0.000195"/>
</kw>
<kw name="Should Not Be Empty" owner="BuiltIn">
<msg time="2024-04-01T04:16:30.720299" level="INFO">Length is 2.</msg>
<arg>${json_data}</arg>
<doc>Verifies that the given item is not empty.</doc>
<status status="PASS" start="2024-04-01T04:16:30.720164" elapsed="0.000174"/>
</kw>
<kw name="Create List" owner="BuiltIn">
<msg time="2024-04-01T04:16:30.720781" level="INFO">${expected_keys} = ['gender', 'name', 'location', 'email', 'login']</msg>
<var>${expected_keys}</var>
<arg>gender</arg>
<arg>name</arg>
<arg>location</arg>
<arg>email</arg>
<arg>login</arg>
<doc>Returns a list containing given items.</doc>
<status status="PASS" start="2024-04-01T04:16:30.720630" elapsed="0.000200"/>
</kw>
<for flavor="IN">
<iter>
<kw name="Dictionary Should Contain Key" owner="Collections">
<msg time="2024-04-01T04:16:30.721982" level="INFO">False</msg>
<arg>${json_data['results'][0]}</arg>
<arg>${key}</arg>
<doc>Fails if ``key`` is not found from ``dictionary``.</doc>
<status status="PASS" start="2024-04-01T04:16:30.721407" elapsed="0.000629"/>
</kw>
<kw name="Log" owner="BuiltIn">
<msg time="2024-04-01T04:16:30.722888" level="INFO">{'gender': 'male', 'name': {'title': 'Mr', 'first': 'Mason', 'last': 'Ouellet'}, 'location': {'street': {'number': 3211, 'name': 'Pierre Ave'}, 'city': 'Springfield', 'state': 'Québec', 'country': 'Canada', 'postcode': 'H6Q 8G6', 'coordinates': {'latitude': '-65.5691', 'longitude': '-83.2837'}, 'timezone': {'offset': '+3:00', 'description': 'Baghdad, Riyadh, Moscow, St. Petersburg'}}, 'email': 'mason.ouellet@example.com', 'login': {'uuid': '9b85bcc7-53a9-430d-8c84-3494d0bc230b', 'username': 'orangefish292', 'password': 'shaggy', 'salt': 'tpOLmb1V', 'md5': '1b12e67621d732b40c1a12c8f4485a11', 'sha1': '1cf67dc2d79ac2b0f15e5530b9b913600742b4e8', 'sha256': '5e21c9e1a4c599dd1073c31a7fd4ff0da2e9da25a9fd80d4f18526c326f952c7'}, 'dob': {'date': '1959-05-08T16:27:01.274Z', 'age': 64}, 'registered': {'date': '2014-04-17T10:49:48.752Z', 'age': 9}, 'phone': 'W06 U12-0764', 'cell': 'W07 U57-9226', 'id': {'name': 'SIN', 'value': '094796117'}, 'picture': {'large': 'https://randomuser.me/api/portraits/men/27.jpg', 'medium': 'https://randomuser.me/api/portraits/med/men/27.jpg', 'thumbnail': 'https://randomuser.me/api/portraits/thumb/men/27.jpg'}, 'nat': 'CA'}</msg>
<arg>${json_data['results'][0]}</arg>
<doc>Logs the given message with the given level.</doc>
<status status="PASS" start="2024-04-01T04:16:30.722477" elapsed="0.000469"/>
</kw>
<kw name="Log" owner="BuiltIn">
<msg time="2024-04-01T04:16:30.723401" level="INFO">gender</msg>
<arg>${key}</arg>
<doc>Logs the given message with the given level.</doc>
<status status="PASS" start="2024-04-01T04:16:30.723264" elapsed="0.000176"/>
</kw>
<var name="${key}">gender</var>
<status status="PASS" start="2024-04-01T04:16:30.721281" elapsed="0.002383"/>
</iter>
<iter>
<kw name="Dictionary Should Contain Key" owner="Collections">
<msg time="2024-04-01T04:16:30.724361" level="INFO">False</msg>
<arg>${json_data['results'][0]}</arg>
<arg>${key}</arg>
<doc>Fails if ``key`` is not found from ``dictionary``.</doc>
<status status="PASS" start="2024-04-01T04:16:30.723976" elapsed="0.000423"/>
</kw>
<kw name="Log" owner="BuiltIn">
<msg time="2024-04-01T04:16:30.725138" level="INFO">{'gender': 'male', 'name': {'title': 'Mr', 'first': 'Mason', 'last': 'Ouellet'}, 'location': {'street': {'number': 3211, 'name': 'Pierre Ave'}, 'city': 'Springfield', 'state': 'Québec', 'country': 'Canada', 'postcode': 'H6Q 8G6', 'coordinates': {'latitude': '-65.5691', 'longitude': '-83.2837'}, 'timezone': {'offset': '+3:00', 'description': 'Baghdad, Riyadh, Moscow, St. Petersburg'}}, 'email': 'mason.ouellet@example.com', 'login': {'uuid': '9b85bcc7-53a9-430d-8c84-3494d0bc230b', 'username': 'orangefish292', 'password': 'shaggy', 'salt': 'tpOLmb1V', 'md5': '1b12e67621d732b40c1a12c8f4485a11', 'sha1': '1cf67dc2d79ac2b0f15e5530b9b913600742b4e8', 'sha256': '5e21c9e1a4c599dd1073c31a7fd4ff0da2e9da25a9fd80d4f18526c326f952c7'}, 'dob': {'date': '1959-05-08T16:27:01.274Z', 'age': 64}, 'registered': {'date': '2014-04-17T10:49:48.752Z', 'age': 9}, 'phone': 'W06 U12-0764', 'cell': 'W07 U57-9226', 'id': {'name': 'SIN', 'value': '094796117'}, 'picture': {'large': 'https://randomuser.me/api/portraits/men/27.jpg', 'medium': 'https://randomuser.me/api/portraits/med/men/27.jpg', 'thumbnail': 'https://randomuser.me/api/portraits/thumb/men/27.jpg'}, 'nat': 'CA'}</msg>
<arg>${json_data['results'][0]}</arg>
<doc>Logs the given message with the given level.</doc>
<status status="PASS" start="2024-04-01T04:16:30.724734" elapsed="0.000456"/>
</kw>
<kw name="Log" owner="BuiltIn">
<msg time="2024-04-01T04:16:30.725632" level="INFO">name</msg>
<arg>${key}</arg>
<doc>Logs the given message with the given level.</doc>
<status status="PASS" start="2024-04-01T04:16:30.725499" elapsed="0.000172"/>
</kw>
<var name="${key}">name</var>
<status status="PASS" start="2024-04-01T04:16:30.723859" elapsed="0.002031"/>
</iter>
<iter>
<kw name="Dictionary Should Contain Key" owner="Collections">
<msg time="2024-04-01T04:16:30.726564" level="INFO">False</msg>
<arg>${json_data['results'][0]}</arg>
<arg>${key}</arg>
<doc>Fails if ``key`` is not found from ``dictionary``.</doc>
<status status="PASS" start="2024-04-01T04:16:30.726186" elapsed="0.000416"/>
</kw>
<kw name="Log" owner="BuiltIn">
<msg time="2024-04-01T04:16:30.727271" level="INFO">{'gender': 'male', 'name': {'title': 'Mr', 'first': 'Mason', 'last': 'Ouellet'}, 'location': {'street': {'number': 3211, 'name': 'Pierre Ave'}, 'city': 'Springfield', 'state': 'Québec', 'country': 'Canada', 'postcode': 'H6Q 8G6', 'coordinates': {'latitude': '-65.5691', 'longitude': '-83.2837'}, 'timezone': {'offset': '+3:00', 'description': 'Baghdad, Riyadh, Moscow, St. Petersburg'}}, 'email': 'mason.ouellet@example.com', 'login': {'uuid': '9b85bcc7-53a9-430d-8c84-3494d0bc230b', 'username': 'orangefish292', 'password': 'shaggy', 'salt': 'tpOLmb1V', 'md5': '1b12e67621d732b40c1a12c8f4485a11', 'sha1': '1cf67dc2d79ac2b0f15e5530b9b913600742b4e8', 'sha256': '5e21c9e1a4c599dd1073c31a7fd4ff0da2e9da25a9fd80d4f18526c326f952c7'}, 'dob': {'date': '1959-05-08T16:27:01.274Z', 'age': 64}, 'registered': {'date': '2014-04-17T10:49:48.752Z', 'age': 9}, 'phone': 'W06 U12-0764', 'cell': 'W07 U57-9226', 'id': {'name': 'SIN', 'value': '094796117'}, 'picture': {'large': 'https://randomuser.me/api/portraits/men/27.jpg', 'medium': 'https://randomuser.me/api/portraits/med/men/27.jpg', 'thumbnail': 'https://randomuser.me/api/portraits/thumb/men/27.jpg'}, 'nat': 'CA'}</msg>
<arg>${json_data['results'][0]}</arg>
<doc>Logs the given message with the given level.</doc>
<status status="PASS" start="2024-04-01T04:16:30.726904" elapsed="0.000422"/>
</kw>
<kw name="Log" owner="BuiltIn">
<msg time="2024-04-01T04:16:30.727759" level="INFO">location</msg>
<arg>${key}</arg>
<doc>Logs the given message with the given level.</doc>
<status status="PASS" start="2024-04-01T04:16:30.727629" elapsed="0.000170"/>
</kw>
<var name="${key}">location</var>
<status status="PASS" start="2024-04-01T04:16:30.726073" elapsed="0.001945"/>
</iter>
<iter>
<kw name="Dictionary Should Contain Key" owner="Collections">
<msg time="2024-04-01T04:16:30.728687" level="INFO">False</msg>
<arg>${json_data['results'][0]}</arg>
<arg>${key}</arg>
<doc>Fails if ``key`` is not found from ``dictionary``.</doc>
<status status="PASS" start="2024-04-01T04:16:30.728306" elapsed="0.000419"/>
</kw>
<kw name="Log" owner="BuiltIn">
<msg time="2024-04-01T04:16:30.729427" level="INFO">{'gender': 'male', 'name': {'title': 'Mr', 'first': 'Mason', 'last': 'Ouellet'}, 'location': {'street': {'number': 3211, 'name': 'Pierre Ave'}, 'city': 'Springfield', 'state': 'Québec', 'country': 'Canada', 'postcode': 'H6Q 8G6', 'coordinates': {'latitude': '-65.5691', 'longitude': '-83.2837'}, 'timezone': {'offset': '+3:00', 'description': 'Baghdad, Riyadh, Moscow, St. Petersburg'}}, 'email': 'mason.ouellet@example.com', 'login': {'uuid': '9b85bcc7-53a9-430d-8c84-3494d0bc230b', 'username': 'orangefish292', 'password': 'shaggy', 'salt': 'tpOLmb1V', 'md5': '1b12e67621d732b40c1a12c8f4485a11', 'sha1': '1cf67dc2d79ac2b0f15e5530b9b913600742b4e8', 'sha256': '5e21c9e1a4c599dd1073c31a7fd4ff0da2e9da25a9fd80d4f18526c326f952c7'}, 'dob': {'date': '1959-05-08T16:27:01.274Z', 'age': 64}, 'registered': {'date': '2014-04-17T10:49:48.752Z', 'age': 9}, 'phone': 'W06 U12-0764', 'cell': 'W07 U57-9226', 'id': {'name': 'SIN', 'value': '094796117'}, 'picture': {'large': 'https://randomuser.me/api/portraits/men/27.jpg', 'medium': 'https://randomuser.me/api/portraits/med/men/27.jpg', 'thumbnail': 'https://randomuser.me/api/portraits/thumb/men/27.jpg'}, 'nat': 'CA'}</msg>
<arg>${json_data['results'][0]}</arg>
<doc>Logs the given message with the given level.</doc>
<status status="PASS" start="2024-04-01T04:16:30.729065" elapsed="0.000412"/>
</kw>
<kw name="Log" owner="BuiltIn">
<msg time="2024-04-01T04:16:30.729904" level="INFO">email</msg>
<arg>${key}</arg>
<doc>Logs the given message with the given level.</doc>
<status status="PASS" start="2024-04-01T04:16:30.729773" elapsed="0.000170"/>
</kw>
<var name="${key}">email</var>
<status status="PASS" start="2024-04-01T04:16:30.728195" elapsed="0.001963"/>
</iter>
<iter>
<kw name="Dictionary Should Contain Key" owner="Collections">
<msg time="2024-04-01T04:16:30.730827" level="INFO">False</msg>
<arg>${json_data['results'][0]}</arg>
<arg>${key}</arg>
<doc>Fails if ``key`` is not found from ``dictionary``.</doc>
<status status="PASS" start="2024-04-01T04:16:30.730449" elapsed="0.000416"/>
</kw>
<kw name="Log" owner="BuiltIn">
<msg time="2024-04-01T04:16:30.731533" level="INFO">{'gender': 'male', 'name': {'title': 'Mr', 'first': 'Mason', 'last': 'Ouellet'}, 'location': {'street': {'number': 3211, 'name': 'Pierre Ave'}, 'city': 'Springfield', 'state': 'Québec', 'country': 'Canada', 'postcode': 'H6Q 8G6', 'coordinates': {'latitude': '-65.5691', 'longitude': '-83.2837'}, 'timezone': {'offset': '+3:00', 'description': 'Baghdad, Riyadh, Moscow, St. Petersburg'}}, 'email': 'mason.ouellet@example.com', 'login': {'uuid': '9b85bcc7-53a9-430d-8c84-3494d0bc230b', 'username': 'orangefish292', 'password': 'shaggy', 'salt': 'tpOLmb1V', 'md5': '1b12e67621d732b40c1a12c8f4485a11', 'sha1': '1cf67dc2d79ac2b0f15e5530b9b913600742b4e8', 'sha256': '5e21c9e1a4c599dd1073c31a7fd4ff0da2e9da25a9fd80d4f18526c326f952c7'}, 'dob': {'date': '1959-05-08T16:27:01.274Z', 'age': 64}, 'registered': {'date': '2014-04-17T10:49:48.752Z', 'age': 9}, 'phone': 'W06 U12-0764', 'cell': 'W07 U57-9226', 'id': {'name': 'SIN', 'value': '094796117'}, 'picture': {'large': 'https://randomuser.me/api/portraits/men/27.jpg', 'medium': 'https://randomuser.me/api/portraits/med/men/27.jpg', 'thumbnail': 'https://randomuser.me/api/portraits/thumb/men/27.jpg'}, 'nat': 'CA'}</msg>
<arg>${json_data['results'][0]}</arg>
<doc>Logs the given message with the given level.</doc>
<status status="PASS" start="2024-04-01T04:16:30.731165" elapsed="0.000417"/>
</kw>
<kw name="Log" owner="BuiltIn">
<msg time="2024-04-01T04:16:30.732008" level="INFO">login</msg>
<arg>${key}</arg>
<doc>Logs the given message with the given level.</doc>
<status status="PASS" start="2024-04-01T04:16:30.731879" elapsed="0.000273"/>
</kw>
<var name="${key}">login</var>
<status status="PASS" start="2024-04-01T04:16:30.730334" elapsed="0.002072"/>
</iter>
<var>${key}</var>
<value>@{expected_keys}</value>
<status status="PASS" start="2024-04-01T04:16:30.721094" elapsed="0.011447"/>
</for>
<kw name="Create List" owner="BuiltIn">
<msg time="2024-04-01T04:16:30.732922" level="INFO">${expected_keysTwo} = ['username', 'password']</msg>
<var>${expected_keysTwo}</var>
<arg>username</arg>
<arg>password</arg>
<doc>Returns a list containing given items.</doc>
<status status="PASS" start="2024-04-01T04:16:30.732747" elapsed="0.000201"/>
</kw>
<for flavor="IN">
<iter>
<kw name="Dictionary Should Contain Key" owner="Collections">
<msg time="2024-04-01T04:16:30.733902" level="INFO">False</msg>
<arg>${json_data['results'][0]['login']}</arg>
<arg>${keyTwo}</arg>
<doc>Fails if ``key`` is not found from ``dictionary``.</doc>
<status status="PASS" start="2024-04-01T04:16:30.733463" elapsed="0.000501"/>
</kw>
<kw name="Dictionary Should Contain Key" owner="Collections">
<msg time="2024-04-01T04:16:30.734741" level="INFO">False</msg>
<arg>${json_data['results'][0]['login']}</arg>
<arg>${keyTwo}</arg>
<doc>Fails if ``key`` is not found from ``dictionary``.</doc>
<status status="PASS" start="2024-04-01T04:16:30.734344" elapsed="0.000436"/>
</kw>
<kw name="Log" owner="BuiltIn">
<msg time="2024-04-01T04:16:30.735210" level="INFO">username</msg>
<arg>${keyTwo}</arg>
<doc>Logs the given message with the given level.</doc>
<status status="PASS" start="2024-04-01T04:16:30.735079" elapsed="0.000170"/>
</kw>
<var name="${keyTwo}">username</var>
<status status="PASS" start="2024-04-01T04:16:30.733351" elapsed="0.002117"/>
</iter>
<iter>
<kw name="Dictionary Should Contain Key" owner="Collections">
<msg time="2024-04-01T04:16:30.736133" level="INFO">False</msg>
<arg>${json_data['results'][0]['login']}</arg>
<arg>${keyTwo}</arg>
<doc>Fails if ``key`` is not found from ``dictionary``.</doc>
<status status="PASS" start="2024-04-01T04:16:30.735755" elapsed="0.000417"/>
</kw>
<kw name="Dictionary Should Contain Key" owner="Collections">
<msg time="2024-04-01T04:16:30.736884" level="INFO">False</msg>
<arg>${json_data['results'][0]['login']}</arg>
<arg>${keyTwo}</arg>
<doc>Fails if ``key`` is not found from ``dictionary``.</doc>
<status status="PASS" start="2024-04-01T04:16:30.736467" elapsed="0.000455"/>
</kw>
<kw name="Log" owner="BuiltIn">
<msg time="2024-04-01T04:16:30.737347" level="INFO">password</msg>
<arg>${keyTwo}</arg>
<doc>Logs the given message with the given level.</doc>
<status status="PASS" start="2024-04-01T04:16:30.737218" elapsed="0.000167"/>
</kw>
<var name="${keyTwo}">password</var>
<status status="PASS" start="2024-04-01T04:16:30.735643" elapsed="0.001963"/>
</iter>
<var>${keyTwo}</var>
<value>@{expected_keysTwo}</value>
<status status="PASS" start="2024-04-01T04:16:30.733195" elapsed="0.004562"/>
</for>
<status status="PASS" start="2024-04-01T04:16:30.639642" elapsed="0.098341"/>
</kw>
<doc>Testa a estrutura da resposta da API.</doc>
<tag>testeEstruturaResposta</tag>
<status status="PASS" start="2024-04-01T04:16:30.638934" elapsed="0.099268"/>
</test>
<test id="s1-s1-t4" name="Validar tipos de dados" line="28">
<kw name="Teste de Tipos de Dados" owner="random-user-service">
<kw name="GET On Session" owner="RequestsLibrary">
<msg time="2024-04-01T04:16:30.819225" level="INFO">GET Request : url=https://randomuser.me/api 
 path_url=/api 
 headers={'User-Agent': 'python-requests/2.31.0', 'Accept-Encoding': 'gzip, deflate', 'Accept': '*/*', 'Connection': 'keep-alive'} 
 body=None 
 </msg>
<msg time="2024-04-01T04:16:30.819305" level="INFO">GET Response : url=https://randomuser.me/api 
 status=200, reason=OK 
 headers={'Date': 'Mon, 01 Apr 2024 04:16:30 GMT', 'Content-Type': 'application/json; charset=utf-8', 'Transfer-Encoding': 'chunked', 'Connection': 'keep-alive', 'X-Powered-By': 'Express', 'Access-Control-Allow-Origin': '*', 'Cache-Control': 'no-cache', 'ETag': 'W/"45b-qULMDtAwva3rorLMizXC8OBe+hY"', 'Vary': 'Accept-Encoding', 'Content-Encoding': 'gzip', 'CF-Cache-Status': 'DYNAMIC', 'Report-To': '{"endpoints":[{"url":"https:\\/\\/a.nel.cloudflare.com\\/report\\/v4?s=QTCBq%2F68TWK98L14GuyJ987tGX6EMWFRpvN3aQeQWLvuIu2Z5t5VfYUCpg5nEDFXTOVNteZRpkMUb9C25kELPM9wMQMn59NTVeSHK1N9N1N4myqCWs%2FeMCCA6d8kSUnK"}],"group":"cf-nel","max_age":604800}', 'NEL': '{"success_fraction":0,"report_to":"cf-nel","max_age":604800}', 'Server': 'cloudflare', 'CF-RAY': '86d5c3a02cdf8296-IAD', 'alt-svc': 'h3=":443"; ma=86400'} 
 body={"results":[{"gender":"male","name":{"title":"Mr","first":"Viraj","last":"Bansal"},"location":{"street":{"number":898,"name":"Naiduthota"},"city":"Durg","state":"Gujarat","country":"India","postcode":36856,"coordinates":{"latitude":"5.2045","longitude":"-60.4152"},"timezone":{"offset":"-9:00","description":"Alaska"}},"email":"viraj.bansal@example.com","login":{"uuid":"f2119454-5610-402e-9933-f3c27cb376a2","username":"blueduck951","password":"mang","salt":"wzfbdi3v","md5":"af4ce7bdc7738540dc611d4463c59568","sha1":"323f443eb14089f7c8688b6bbad59e7ca6ea8b88","sha256":"a5b5d44e8670f3cdcc2bb8923464f10831085943e208d06ac156bc89241bfaa4"},"dob":{"date":"1955-09-28T18:28:00.008Z","age":68},"registered":{"date":"2017-09-06T02:41:31.438Z","age":6},"phone":"8762436197","cell":"9421967392","id":{"name":"UIDAI","value":"395355162702"},"picture":{"large":"https://randomuser.me/api/portraits/men/17.jpg","medium":"https://randomuser.me/api/portraits/med/men/17.jpg","thumbnail":"https://randomuser.me/api/portraits/thumb/men/17.jpg"},"nat":"IN"}],"info":{"seed":"ad72724ecba509cf","results":1,"page":1,"version":"1.4"}} 
 </msg>
<msg time="2024-04-01T04:16:30.819370" level="INFO">/opt/hostedtoolcache/Python/3.12.2/x64/lib/python3.12/site-packages/urllib3/connectionpool.py:1103: InsecureRequestWarning: Unverified HTTPS request is being made to host 'randomuser.me'. Adding certificate verification is strongly advised. See: https://urllib3.readthedocs.io/en/latest/advanced-usage.html#tls-warnings
  warnings.warn(</msg>
<msg time="2024-04-01T04:16:30.819501" level="INFO">${response} = &lt;Response [200]&gt;</msg>
<var>${response}</var>
<arg>consultarAPI</arg>
<arg>/api</arg>
<doc>Sends a GET request on a previously created HTTP Session.</doc>
<status status="PASS" start="2024-04-01T04:16:30.740848" elapsed="0.078703"/>
</kw>
<kw name="Set Variable" owner="BuiltIn">
<msg time="2024-04-01T04:16:30.820384" level="INFO">${json_data} = {'results': [{'gender': 'male', 'name': {'title': 'Mr', 'first': 'Viraj', 'last': 'Bansal'}, 'location': {'street': {'number': 898, 'name': 'Naiduthota'}, 'city': 'Durg', 'state': 'Gujarat', 'country'...</msg>
<var>${json_data}</var>
<arg>${response.json()}</arg>
<doc>Returns the given values which can then be assigned to a variables.</doc>
<status status="PASS" start="2024-04-01T04:16:30.819941" elapsed="0.000472"/>
</kw>
<kw name="Log" owner="BuiltIn">
<msg time="2024-04-01T04:16:30.820903" level="INFO">{'results': [{'gender': 'male', 'name': {'title': 'Mr', 'first': 'Viraj', 'last': 'Bansal'}, 'location': {'street': {'number': 898, 'name': 'Naiduthota'}, 'city': 'Durg', 'state': 'Gujarat', 'country': 'India', 'postcode': 36856, 'coordinates': {'latitude': '5.2045', 'longitude': '-60.4152'}, 'timezone': {'offset': '-9:00', 'description': 'Alaska'}}, 'email': 'viraj.bansal@example.com', 'login': {'uuid': 'f2119454-5610-402e-9933-f3c27cb376a2', 'username': 'blueduck951', 'password': 'mang', 'salt': 'wzfbdi3v', 'md5': 'af4ce7bdc7738540dc611d4463c59568', 'sha1': '323f443eb14089f7c8688b6bbad59e7ca6ea8b88', 'sha256': 'a5b5d44e8670f3cdcc2bb8923464f10831085943e208d06ac156bc89241bfaa4'}, 'dob': {'date': '1955-09-28T18:28:00.008Z', 'age': 68}, 'registered': {'date': '2017-09-06T02:41:31.438Z', 'age': 6}, 'phone': '8762436197', 'cell': '9421967392', 'id': {'name': 'UIDAI', 'value': '395355162702'}, 'picture': {'large': 'https://randomuser.me/api/portraits/men/17.jpg', 'medium': 'https://randomuser.me/api/portraits/med/men/17.jpg', 'thumbnail': 'https://randomuser.me/api/portraits/thumb/men/17.jpg'}, 'nat': 'IN'}], 'info': {'seed': 'ad72724ecba509cf', 'results': 1, 'page': 1, 'version': '1.4'}}</msg>
<arg>${json_data}</arg>
<doc>Logs the given message with the given level.</doc>
<status status="PASS" start="2024-04-01T04:16:30.820724" elapsed="0.000262"/>
</kw>
<kw name="Should Be String" owner="String">
<arg>${json_data['results'][0]['gender']}</arg>
<doc>Fails if the given ``item`` is not a string.</doc>
<status status="PASS" start="2024-04-01T04:16:30.821295" elapsed="0.000365"/>
</kw>
<kw name="Should Match Regexp" owner="BuiltIn">
<arg>${json_data['results'][0]['email']}</arg>
<arg>^[a-zA-Z0-9._%+-]+@[a-zA-Z0-9.-]+\.[a-zA-Z]{2,}$</arg>
<doc>Fails if ``string`` does not match ``pattern`` as a regular expression.</doc>
<status status="PASS" start="2024-04-01T04:16:30.821856" elapsed="0.000510"/>
</kw>
<kw name="Should Match Regexp" owner="BuiltIn">
<arg>${json_data['results'][0]['dob']['date']}</arg>
<arg>\\d{4}-\\d{2}-\\d{2}T\\d{2}:\\d{2}:\\d{2}\\.\\d{3}Z</arg>
<doc>Fails if ``string`` does not match ``pattern`` as a regular expression.</doc>
<status status="PASS" start="2024-04-01T04:16:30.822566" elapsed="0.000493"/>
</kw>
<kw name="Should Match Regexp" owner="BuiltIn">
<arg>${json_data['results'][0]['registered']['date']}</arg>
<arg>\\d{4}-\\d{2}-\\d{2}T\\d{2}:\\d{2}:\\d{2}\\.\\d{3}Z</arg>
<doc>Fails if ``string`` does not match ``pattern`` as a regular expression.</doc>
<status status="PASS" start="2024-04-01T04:16:30.823254" elapsed="0.000372"/>
</kw>
<kw name="Should Match Regexp" owner="BuiltIn">
<arg>${json_data['results'][0]['picture']['large']}</arg>
<arg>^https?://.*\.(?:png|jpe?g|gif|bmp)$</arg>
<doc>Fails if ``string`` does not match ``pattern`` as a regular expression.</doc>
<status status="PASS" start="2024-04-01T04:16:30.823813" elapsed="0.000455"/>
</kw>
<kw name="Should Match Regexp" owner="BuiltIn">
<arg>${json_data['results'][0]['picture']['medium']}</arg>
<arg>^https?://.*\.(?:png|jpe?g|gif|bmp)$</arg>
<doc>Fails if ``string`` does not match ``pattern`` as a regular expression.</doc>
<status status="PASS" start="2024-04-01T04:16:30.824458" elapsed="0.000377"/>
</kw>
<kw name="Should Match Regexp" owner="BuiltIn">
<arg>${json_data['results'][0]['picture']['thumbnail']}</arg>
<arg>^https?://.*\.(?:png|jpe?g|gif|bmp)$</arg>
<doc>Fails if ``string`` does not match ``pattern`` as a regular expression.</doc>
<status status="PASS" start="2024-04-01T04:16:30.825026" elapsed="0.000349"/>
</kw>
<kw name="Log" owner="BuiltIn">
<msg time="2024-04-01T04:16:30.825892" level="INFO">{'large': 'https://randomuser.me/api/portraits/men/17.jpg', 'medium': 'https://randomuser.me/api/portraits/med/men/17.jpg', 'thumbnail': 'https://randomuser.me/api/portraits/thumb/men/17.jpg'}</msg>
<arg>${json_data['results'][0]['picture']}</arg>
<doc>Logs the given message with the given level.</doc>
<status status="PASS" start="2024-04-01T04:16:30.825561" elapsed="0.000379"/>
</kw>
<status status="PASS" start="2024-04-01T04:16:30.740596" elapsed="0.085599"/>
</kw>
<kw name="Teste de Tipos de Dados - Postcode" owner="random-user-service">
<kw name="GET On Session" owner="RequestsLibrary">
<msg time="2024-04-01T04:16:30.918357" level="INFO">GET Request : url=https://randomuser.me/api 
 path_url=/api 
 headers={'User-Agent': 'python-requests/2.31.0', 'Accept-Encoding': 'gzip, deflate', 'Accept': '*/*', 'Connection': 'keep-alive'} 
 body=None 
 </msg>
<msg time="2024-04-01T04:16:30.918429" level="INFO">GET Response : url=https://randomuser.me/api 
 status=200, reason=OK 
 headers={'Date': 'Mon, 01 Apr 2024 04:16:30 GMT', 'Content-Type': 'application/json; charset=utf-8', 'Transfer-Encoding': 'chunked', 'Connection': 'keep-alive', 'X-Powered-By': 'Express', 'Access-Control-Allow-Origin': '*', 'Cache-Control': 'no-cache', 'ETag': 'W/"498-YYvIfH2TJ6G9BHdG+NUeEZGLR1Y"', 'Vary': 'Accept-Encoding', 'Content-Encoding': 'gzip', 'CF-Cache-Status': 'DYNAMIC', 'Report-To': '{"endpoints":[{"url":"https:\\/\\/a.nel.cloudflare.com\\/report\\/v4?s=SLMKAVKOsKrkR5RY2257M4BGZ0q1lRL9WFLMq%2BtMN9mcyqpTOWJWplFHGibE4jH%2BtyHw0VtczyPSfH0Qe5p9Rq3UTEZPTdDxJ5lj3FyK83aXn5%2BFEF5nuD3IFTf0NH1S"}],"group":"cf-nel","max_age":604800}', 'NEL': '{"success_fraction":0,"report_to":"cf-nel","max_age":604800}', 'Server': 'cloudflare', 'CF-RAY': '86d5c3a0ad418296-IAD', 'alt-svc': 'h3=":443"; ma=86400'} 
 body={"results":[{"gender":"female","name":{"title":"Miss","first":"Jelena","last":"Göhler"},"location":{"street":{"number":2081,"name":"Drosselweg"},"city":"Hoya","state":"Baden-Württemberg","country":"Germany","postcode":64487,"coordinates":{"latitude":"-49.0585","longitude":"108.2774"},"timezone":{"offset":"-1:00","description":"Azores, Cape Verde Islands"}},"email":"jelena.gohler@example.com","login":{"uuid":"84363360-9e53-4676-a953-810c9c3fed86","username":"brownleopard168","password":"felix1","salt":"3xnACz3I","md5":"f5468358fbe15e770c304719a6b7cee6","sha1":"596c3d920c6f8f5f5cb2fa59e28b813caa35b864","sha256":"d58b00ad74dfa7ddeb14aaf8e01f61f2e3ed330f15f4acd399e256043e531825"},"dob":{"date":"1946-06-17T17:20:17.200Z","age":77},"registered":{"date":"2017-11-08T19:51:05.083Z","age":6},"phone":"0729-8853729","cell":"0176-0918787","id":{"name":"SVNR","value":"69 170646 G 979"},"picture":{"large":"https://randomuser.me/api/portraits/women/56.jpg","medium":"https://randomuser.me/api/portraits/med/women/56.jpg","thumbnail":"https://randomuser.me/api/portraits/thumb/women/56.jpg"},"nat":"DE"}],"info":{"seed":"18f548fc76833fc3","results":1,"page":1,"version":"1.4"}} 
 </msg>
<msg time="2024-04-01T04:16:30.918501" level="INFO">/opt/hostedtoolcache/Python/3.12.2/x64/lib/python3.12/site-packages/urllib3/connectionpool.py:1103: InsecureRequestWarning: Unverified HTTPS request is being made to host 'randomuser.me'. Adding certificate verification is strongly advised. See: https://urllib3.readthedocs.io/en/latest/advanced-usage.html#tls-warnings
  warnings.warn(</msg>
<msg time="2024-04-01T04:16:30.918615" level="INFO">${response} = &lt;Response [200]&gt;</msg>
<var>${response}</var>
<arg>consultarAPI</arg>
<arg>/api</arg>
<doc>Sends a GET request on a previously created HTTP Session.</doc>
<status status="PASS" start="2024-04-01T04:16:30.826762" elapsed="0.091892"/>
</kw>
<kw name="Set Variable" owner="BuiltIn">
<msg time="2024-04-01T04:16:30.919503" level="INFO">${json_data} = {'results': [{'gender': 'female', 'name': {'title': 'Miss', 'first': 'Jelena', 'last': 'Göhler'}, 'location': {'street': {'number': 2081, 'name': 'Drosselweg'}, 'city': 'Hoya', 'state': 'Baden-Württem...</msg>
<var>${json_data}</var>
<arg>${response.json()}</arg>
<doc>Returns the given values which can then be assigned to a variables.</doc>
<status status="PASS" start="2024-04-01T04:16:30.919048" elapsed="0.000483"/>
</kw>
<kw name="Log" owner="BuiltIn">
<msg time="2024-04-01T04:16:30.920010" level="INFO">{'results': [{'gender': 'female', 'name': {'title': 'Miss', 'first': 'Jelena', 'last': 'Göhler'}, 'location': {'street': {'number': 2081, 'name': 'Drosselweg'}, 'city': 'Hoya', 'state': 'Baden-Württemberg', 'country': 'Germany', 'postcode': 64487, 'coordinates': {'latitude': '-49.0585', 'longitude': '108.2774'}, 'timezone': {'offset': '-1:00', 'description': 'Azores, Cape Verde Islands'}}, 'email': 'jelena.gohler@example.com', 'login': {'uuid': '84363360-9e53-4676-a953-810c9c3fed86', 'username': 'brownleopard168', 'password': 'felix1', 'salt': '3xnACz3I', 'md5': 'f5468358fbe15e770c304719a6b7cee6', 'sha1': '596c3d920c6f8f5f5cb2fa59e28b813caa35b864', 'sha256': 'd58b00ad74dfa7ddeb14aaf8e01f61f2e3ed330f15f4acd399e256043e531825'}, 'dob': {'date': '1946-06-17T17:20:17.200Z', 'age': 77}, 'registered': {'date': '2017-11-08T19:51:05.083Z', 'age': 6}, 'phone': '0729-8853729', 'cell': '0176-0918787', 'id': {'name': 'SVNR', 'value': '69 170646 G 979'}, 'picture': {'large': 'https://randomuser.me/api/portraits/women/56.jpg', 'medium': 'https://randomuser.me/api/portraits/med/women/56.jpg', 'thumbnail': 'https://randomuser.me/api/portraits/thumb/women/56.jpg'}, 'nat': 'DE'}], 'info': {'seed': '18f548fc76833fc3', 'results': 1, 'page': 1, 'version': '1.4'}}</msg>
<arg>${json_data}</arg>
<doc>Logs the given message with the given level.</doc>
<status status="PASS" start="2024-04-01T04:16:30.919852" elapsed="0.000237"/>
</kw>
<kw name="Should Be Equal As Numbers" owner="BuiltIn">
<arg>${json_data['results'][0]['location']['postcode']}</arg>
<arg>${json_data['results'][0]['location']['postcode']}</arg>
<doc>Fails if objects are unequal after converting them to real numbers.</doc>
<status status="PASS" start="2024-04-01T04:16:30.920394" elapsed="0.000667"/>
</kw>
<kw name="Log" owner="BuiltIn">
<msg time="2024-04-01T04:16:30.921588" level="INFO">64487</msg>
<arg>${json_data['results'][0]['location']['postcode']}</arg>
<doc>Logs the given message with the given level.</doc>
<status status="PASS" start="2024-04-01T04:16:30.921253" elapsed="0.000376"/>
</kw>
<status status="PASS" start="2024-04-01T04:16:30.826411" elapsed="0.095475"/>
</kw>
<doc>Testa se os tipos de dados na resposta da API estão corretos.</doc>
<tag>testeTiposDados</tag>
<status status="PASS" start="2024-04-01T04:16:30.740157" elapsed="0.181897"/>
</test>
<test id="s1-s1-t5" name="Validar conteudo" line="35">
<kw name="Teste de Tipos de Conteudo" owner="random-user-service">
<kw name="GET On Session" owner="RequestsLibrary">
<msg time="2024-04-01T04:16:31.025621" level="INFO">GET Request : url=https://randomuser.me/api 
 path_url=/api 
 headers={'User-Agent': 'python-requests/2.31.0', 'Accept-Encoding': 'gzip, deflate', 'Accept': '*/*', 'Connection': 'keep-alive'} 
 body=None 
 </msg>
<msg time="2024-04-01T04:16:31.025708" level="INFO">GET Response : url=https://randomuser.me/api 
 status=200, reason=OK 
 headers={'Date': 'Mon, 01 Apr 2024 04:16:31 GMT', 'Content-Type': 'application/json; charset=utf-8', 'Transfer-Encoding': 'chunked', 'Connection': 'keep-alive', 'X-Powered-By': 'Express', 'Access-Control-Allow-Origin': '*', 'Cache-Control': 'no-cache', 'ETag': 'W/"482-VC/sXv8DmAuB8Wmn8Ba00cKkqe8"', 'Vary': 'Accept-Encoding', 'Content-Encoding': 'gzip', 'CF-Cache-Status': 'DYNAMIC', 'Report-To': '{"endpoints":[{"url":"https:\\/\\/a.nel.cloudflare.com\\/report\\/v4?s=%2BMPeZrMikAxX7wRYWLUt3T%2FiIG4NMS%2FJc8FzNRf2YGv0ru9KGdkeLYphusfNAUfBLpHsbMtV89qZFxyl5EPlMk3zre2GprWyJERrvcgQ0U1N7V32gFuu%2Fnq0KQUR%2BLc%2B"}],"group":"cf-nel","max_age":604800}', 'NEL': '{"success_fraction":0,"report_to":"cf-nel","max_age":604800}', 'Server': 'cloudflare', 'CF-RAY': '86d5c3a14dbe8296-IAD', 'alt-svc': 'h3=":443"; ma=86400'} 
 body={"results":[{"gender":"male","name":{"title":"Mr","first":"Harish","last":"Gatty"},"location":{"street":{"number":2473,"name":"Kasba Peth"},"city":"Latur","state":"Andhra Pradesh","country":"India","postcode":36722,"coordinates":{"latitude":"7.0597","longitude":"-13.8026"},"timezone":{"offset":"-3:00","description":"Brazil, Buenos Aires, Georgetown"}},"email":"harish.gatty@example.com","login":{"uuid":"65536804-5663-4c9f-9976-dda237dece0d","username":"heavykoala866","password":"midori","salt":"wyzoXL92","md5":"26b871e7395fc1cbaad94915d4397608","sha1":"ed7c186a81be45233073e928f780490f4ae1ebd7","sha256":"55b5d5799098c5d3a925f8187fa41db94704d53c1f88ac452f7f17f0d02a4602"},"dob":{"date":"1991-08-21T06:13:50.119Z","age":32},"registered":{"date":"2015-02-16T01:06:25.718Z","age":9},"phone":"7489790891","cell":"9740045449","id":{"name":"UIDAI","value":"778541154562"},"picture":{"large":"https://randomuser.me/api/portraits/men/17.jpg","medium":"https://randomuser.me/api/portraits/med/men/17.jpg","thumbnail":"https://randomuser.me/api/portraits/thumb/men/17.jpg"},"nat":"IN"}],"info":{"seed":"41f71bfd9d8cd2b5","results":1,"page":1,"version":"1.4"}} 
 </msg>
<msg time="2024-04-01T04:16:31.025774" level="INFO">/opt/hostedtoolcache/Python/3.12.2/x64/lib/python3.12/site-packages/urllib3/connectionpool.py:1103: InsecureRequestWarning: Unverified HTTPS request is being made to host 'randomuser.me'. Adding certificate verification is strongly advised. See: https://urllib3.readthedocs.io/en/latest/advanced-usage.html#tls-warnings
  warnings.warn(</msg>
<msg time="2024-04-01T04:16:31.025910" level="INFO">${response} = &lt;Response [200]&gt;</msg>
<var>${response}</var>
<arg>consultarAPI</arg>
<arg>/api</arg>
<doc>Sends a GET request on a previously created HTTP Session.</doc>
<status status="PASS" start="2024-04-01T04:16:30.924477" elapsed="0.101479"/>
</kw>
<kw name="Set Variable" owner="BuiltIn">
<msg time="2024-04-01T04:16:31.026819" level="INFO">${json_data} = {'results': [{'gender': 'male', 'name': {'title': 'Mr', 'first': 'Harish', 'last': 'Gatty'}, 'location': {'street': {'number': 2473, 'name': 'Kasba Peth'}, 'city': 'Latur', 'state': 'Andhra Pradesh', ...</msg>
<var>${json_data}</var>
<arg>${response.json()}</arg>
<doc>Returns the given values which can then be assigned to a variables.</doc>
<status status="PASS" start="2024-04-01T04:16:31.026369" elapsed="0.000478"/>
</kw>
<kw name="Set Variable" owner="BuiltIn">
<msg time="2024-04-01T04:16:31.027526" level="INFO">${name_title} = Mr</msg>
<var>${name_title}</var>
<arg>${json_data["results"][0]["name"]["title"]}</arg>
<doc>Returns the given values which can then be assigned to a variables.</doc>
<status status="PASS" start="2024-04-01T04:16:31.027148" elapsed="0.000402"/>
</kw>
<kw name="Create List" owner="BuiltIn">
<msg time="2024-04-01T04:16:31.027998" level="INFO">${allowed_titles} = ['Mr', 'Ms', 'Miss', 'Mrs', 'Madame', 'Monsieur']</msg>
<var>${allowed_titles}</var>
<arg>Mr</arg>
<arg>Ms</arg>
<arg>Miss</arg>
<arg>Mrs</arg>
<arg>Madame</arg>
<arg>Monsieur</arg>
<doc>Returns a list containing given items.</doc>
<status status="PASS" start="2024-04-01T04:16:31.027848" elapsed="0.000174"/>
</kw>
<kw name="List Should Contain Value" owner="Collections">
<msg time="2024-04-01T04:16:31.028512" level="INFO">False</msg>
<arg>${allowed_titles}</arg>
<arg>${name_title}</arg>
<doc>Fails if the ``value`` is not found from ``list``.</doc>
<status status="PASS" start="2024-04-01T04:16:31.028328" elapsed="0.000221"/>
</kw>
<kw name="Set Variable" owner="BuiltIn">
<msg time="2024-04-01T04:16:31.029264" level="INFO">${name_country} = IN</msg>
<var>${name_country}</var>
<arg>${json_data["results"][0]["nat"]}</arg>
<doc>Returns the given values which can then be assigned to a variables.</doc>
<status status="PASS" start="2024-04-01T04:16:31.028880" elapsed="0.000409"/>
</kw>
<kw name="Create List" owner="BuiltIn">
<msg time="2024-04-01T04:16:31.030203" level="INFO">${list_country} = ['AD', 'AE', 'AF', 'AG', 'AI', 'AL', 'AM', 'AO', 'AQ', 'AR', 'AS', 'AT', 'AU', 'AW', 'AX', 'AZ', 'BA', 'BB', 'BD', 'BE', 'BF', 'BG', 'BH', 'BI', 'BJ', 'BL', 'BM', 'BN', 'BO', 'BQ', 'BR', 'BS', 'BT', '...</msg>
<var>${list_country}</var>
<arg>AD</arg>
<arg>AE</arg>
<arg>AF</arg>
<arg>AG</arg>
<arg>AI</arg>
<arg>AL</arg>
<arg>AM</arg>
<arg>AO</arg>
<arg>AQ</arg>
<arg>AR</arg>
<arg>AS</arg>
<arg>AT</arg>
<arg>AU</arg>
<arg>AW</arg>
<arg>AX</arg>
<arg>AZ</arg>
<arg>BA</arg>
<arg>BB</arg>
<arg>BD</arg>
<arg>BE</arg>
<arg>BF</arg>
<arg>BG</arg>
<arg>BH</arg>
<arg>BI</arg>
<arg>BJ</arg>
<arg>BL</arg>
<arg>BM</arg>
<arg>BN</arg>
<arg>BO</arg>
<arg>BQ</arg>
<arg>BR</arg>
<arg>BS</arg>
<arg>BT</arg>
<arg>BV</arg>
<arg>BW</arg>
<arg>BY</arg>
<arg>BZ</arg>
<arg>CA</arg>
<arg>CC</arg>
<arg>CD</arg>
<arg>CF</arg>
<arg>CG</arg>
<arg>CH</arg>
<arg>CI</arg>
<arg>CK</arg>
<arg>CL</arg>
<arg>CM</arg>
<arg>CN</arg>
<arg>CO</arg>
<arg>CR</arg>
<arg>CU</arg>
<arg>CV</arg>
<arg>CW</arg>
<arg>CX</arg>
<arg>CY</arg>
<arg>CZ</arg>
<arg>DE</arg>
<arg>DJ</arg>
<arg>DK</arg>
<arg>DM</arg>
<arg>DO</arg>
<arg>DZ</arg>
<arg>EC</arg>
<arg>EE</arg>
<arg>EG</arg>
<arg>EH</arg>
<arg>ER</arg>
<arg>ES</arg>
<arg>ET</arg>
<arg>FI</arg>
<arg>FJ</arg>
<arg>FK</arg>
<arg>FM</arg>
<arg>FO</arg>
<arg>FR</arg>
<arg>GA</arg>
<arg>GB</arg>
<arg>GD</arg>
<arg>GE</arg>
<arg>GF</arg>
<arg>GG</arg>
<arg>GH</arg>
<arg>GI</arg>
<arg>GL</arg>
<arg>GM</arg>
<arg>GN</arg>
<arg>GP</arg>
<arg>GQ</arg>
<arg>GR</arg>
<arg>GS</arg>
<arg>GT</arg>
<arg>GU</arg>
<arg>GW</arg>
<arg>GY</arg>
<arg>HK</arg>
<arg>HM</arg>
<arg>HN</arg>
<arg>HR</arg>
<arg>HT</arg>
<arg>HU</arg>
<arg>ID</arg>
<arg>IE</arg>
<arg>IL</arg>
<arg>IM</arg>
<arg>IN</arg>
<arg>IO</arg>
<arg>IQ</arg>
<arg>IR</arg>
<arg>IS</arg>
<arg>IT</arg>
<arg>JE</arg>
<arg>JM</arg>
<arg>JO</arg>
<arg>JP</arg>
<arg>KE</arg>
<arg>KG</arg>
<arg>KH</arg>
<arg>KI</arg>
<arg>KM</arg>
<arg>KN</arg>
<arg>KP</arg>
<arg>KR</arg>
<arg>KW</arg>
<arg>KY</arg>
<arg>KZ</arg>
<arg>LA</arg>
<arg>LB</arg>
<arg>LC</arg>
<arg>LI</arg>
<arg>LK</arg>
<arg>LR</arg>
<arg>LS</arg>
<arg>LT</arg>
<arg>LU</arg>
<arg>LV</arg>
<arg>LY</arg>
<arg>MA</arg>
<arg>MC</arg>
<arg>MD</arg>
<arg>ME</arg>
<arg>MF</arg>
<arg>MG</arg>
<arg>MH</arg>
<arg>MK</arg>
<arg>ML</arg>
<arg>MM</arg>
<arg>MN</arg>
<arg>MO</arg>
<arg>MP</arg>
<arg>MQ</arg>
<arg>MR</arg>
<arg>MS</arg>
<arg>MT</arg>
<arg>MU</arg>
<arg>MV</arg>
<arg>MW</arg>
<arg>MX</arg>
<arg>MY</arg>
<arg>MZ</arg>
<arg>NA</arg>
<arg>NC</arg>
<arg>NE</arg>
<arg>NF</arg>
<arg>NG</arg>
<arg>NI</arg>
<arg>NL</arg>
<arg>NO</arg>
<arg>NP</arg>
<arg>NR</arg>
<arg>NU</arg>
<arg>NZ</arg>
<arg>OM</arg>
<arg>PA</arg>
<arg>PE</arg>
<arg>PF</arg>
<arg>PG</arg>
<arg>PH</arg>
<arg>PK</arg>
<arg>PL</arg>
<arg>PM</arg>
<arg>PN</arg>
<arg>PR</arg>
<arg>PS</arg>
<arg>PT</arg>
<arg>PW</arg>
<arg>PY</arg>
<arg>QA</arg>
<arg>RE</arg>
<arg>RO</arg>
<arg>RS</arg>
<arg>RU</arg>
<arg>RW</arg>
<arg>SA</arg>
<arg>SB</arg>
<arg>SC</arg>
<arg>SD</arg>
<arg>SE</arg>
<arg>SG</arg>
<arg>SH</arg>
<arg>SI</arg>
<arg>SJ</arg>
<arg>SK</arg>
<arg>SL</arg>
<arg>SM</arg>
<arg>SN</arg>
<arg>SO</arg>
<arg>SR</arg>
<arg>SS</arg>
<arg>ST</arg>
<arg>SV</arg>
<arg>SX</arg>
<arg>SY</arg>
<arg>SZ</arg>
<arg>TC</arg>
<arg>TD</arg>
<arg>TF</arg>
<arg>TG</arg>
<arg>TH</arg>
<arg>TJ</arg>
<arg>TK</arg>
<arg>TL</arg>
<arg>TM</arg>
<arg>TN</arg>
<arg>TO</arg>
<arg>TR</arg>
<arg>TT</arg>
<arg>TV</arg>
<arg>TW</arg>
<arg>TZ</arg>
<arg>UA</arg>
<arg>UG</arg>
<arg>UM</arg>
<arg>US</arg>
<arg>UY</arg>
<arg>UZ</arg>
<arg>VA</arg>
<arg>VC</arg>
<arg>VE</arg>
<arg>VG</arg>
<arg>VI</arg>
<arg>VN</arg>
<arg>VU</arg>
<arg>WF</arg>
<arg>WS</arg>
<arg>XK</arg>
<arg>YE</arg>
<arg>YT</arg>
<arg>ZA</arg>
<arg>ZM</arg>
<arg>ZW</arg>
<doc>Returns a list containing given items.</doc>
<status status="PASS" start="2024-04-01T04:16:31.029599" elapsed="0.000629"/>
</kw>
<kw name="List Should Contain Value" owner="Collections">
<msg time="2024-04-01T04:16:31.031330" level="INFO">False</msg>
<arg>${list_country}</arg>
<arg>${name_country}</arg>
<doc>Fails if the ``value`` is not found from ``list``.</doc>
<status status="PASS" start="2024-04-01T04:16:31.031124" elapsed="0.000243"/>
</kw>
<kw name="Run Keyword If" owner="BuiltIn">
<kw name="Should Be True" owner="BuiltIn">
<arg>${True}</arg>
<doc>Fails if the given condition is not true.</doc>
<status status="PASS" start="2024-04-01T04:16:31.032437" elapsed="0.000147"/>
</kw>
<arg>${json_data["results"][0]["location"]["coordinates"]["latitude"]} &gt;= -90 and ${json_data["results"][0]["location"]["coordinates"]["latitude"]} &lt;= 90</arg>
<arg>Should Be True</arg>
<arg>${True}</arg>
<doc>Runs the given keyword with the given arguments, if ``condition`` is true.</doc>
<status status="PASS" start="2024-04-01T04:16:31.031684" elapsed="0.001027"/>
</kw>
<kw name="Run Keyword If" owner="BuiltIn">
<kw name="Should Be True" owner="BuiltIn">
<arg>${True}</arg>
<doc>Fails if the given condition is not true.</doc>
<status status="PASS" start="2024-04-01T04:16:31.033626" elapsed="0.000141"/>
</kw>
<arg>${json_data["results"][0]["location"]["coordinates"]["longitude"]} &gt;= -180 and ${json_data["results"][0]["location"]["coordinates"]["longitude"]} &lt;= 180</arg>
<arg>Should Be True</arg>
<arg>${True}</arg>
<doc>Runs the given keyword with the given arguments, if ``condition`` is true.</doc>
<status status="PASS" start="2024-04-01T04:16:31.032920" elapsed="0.000972"/>
</kw>
<status status="PASS" start="2024-04-01T04:16:30.924250" elapsed="0.109774"/>
</kw>
<doc>Testa o conteúdo específico dos campos retornados pela API.</doc>
<tag>testeConteudo</tag>
<status status="PASS" start="2024-04-01T04:16:30.923808" elapsed="0.110367"/>
</test>
<status status="PASS" start="2024-04-01T04:16:30.249957" elapsed="0.786115"/>
</suite>
<status status="PASS" start="2024-04-01T04:16:30.236458" elapsed="0.804871"/>
</suite>
<statistics>
<total>
<stat pass="5" fail="0" skip="0">All Tests</stat>
</total>
<tag>
<stat pass="1" fail="0" skip="0">testeConteudo</stat>
<stat pass="1" fail="0" skip="0">testeEstruturaResposta</stat>
<stat pass="1" fail="0" skip="0">testeRequisicaoBasica</stat>
<stat pass="1" fail="0" skip="0">testeTiposDados</stat>
</tag>
<suite>
<stat pass="5" fail="0" skip="0" id="s1" name="Tests">Tests</stat>
<stat pass="5" fail="0" skip="0" id="s1-s1" name="Random-User-Test">Tests.Random-User-Test</stat>
</suite>
</statistics>
<errors>
</errors>
</robot>
