<?xml version="1.0" encoding="UTF-8"?>
<robot generator="Robot 7.0.1 (Python 3.12.4 on linux)" generated="2024-06-21T23:13:59.160293" rpa="false" schemaversion="5">
<suite id="s1" name="Tests" source="/home/runner/work/ApiRandomUser/ApiRandomUser/RamdonUser/tests">
<suite id="s1-s1" name="Random-User-Test" source="/home/runner/work/ApiRandomUser/ApiRandomUser/RamdonUser/tests/random-user-test.robot">
<test id="s1-s1-t1" name="Conectar" line="13">
<kw name="Conectar API" owner="random-user-service">
<kw name="Create Session" owner="RequestsLibrary">
<msg time="2024-06-21T23:13:59.567137" level="INFO">Creating Session using : alias=consultarAPI, url=https://randomuser.me/, headers={},                     cookies={}, auth=None, timeout=None, proxies=None, verify=False,                     debug=0 </msg>
<arg>consultarAPI</arg>
<arg>${URL}</arg>
<doc>Create Session: create a HTTP session to a server</doc>
<status status="PASS" start="2024-06-21T23:13:59.566929" elapsed="0.000391"/>
</kw>
<status status="PASS" start="2024-06-21T23:13:59.565950" elapsed="0.001733"/>
</kw>
<status status="PASS" start="2024-06-21T23:13:59.565334" elapsed="0.002542"/>
</test>
<test id="s1-s1-t2" name="Validar retorno 200 e JSON Válido" line="16">
<kw name="Teste de Requisicao Basica" owner="random-user-service">
<kw name="GET On Session" owner="RequestsLibrary">
<msg time="2024-06-21T23:13:59.738541" level="INFO">GET Request : url=https://randomuser.me/api 
 path_url=/api 
 headers={'User-Agent': 'python-requests/2.32.3', 'Accept-Encoding': 'gzip, deflate', 'Accept': '*/*', 'Connection': 'keep-alive'} 
 body=None 
 </msg>
<msg time="2024-06-21T23:13:59.738702" level="INFO">GET Response : url=https://randomuser.me/api 
 status=200, reason=OK 
 headers={'Date': 'Fri, 21 Jun 2024 23:13:59 GMT', 'Content-Type': 'application/json; charset=utf-8', 'Transfer-Encoding': 'chunked', 'Connection': 'keep-alive', 'X-Powered-By': 'Express', 'Access-Control-Allow-Origin': '*', 'Cache-Control': 'no-cache', 'ETag': 'W/"49a-WjG8oHowbnZWZECTAZe0b2hPZFs"', 'Vary': 'Accept-Encoding', 'Content-Encoding': 'gzip', 'CF-Cache-Status': 'DYNAMIC', 'Report-To': '{"endpoints":[{"url":"https:\\/\\/a.nel.cloudflare.com\\/report\\/v4?s=vwVcSbVvEzbwQj5BbU%2B40IT0LCVpdjMujuky30aaP146Dv8GaEtrQRIjVjvCZSB88T14ak3yOkGSHBUjNvtLug5ykDd8n19ZH0SymKQSkJA1ukebxz8S%2Bfj2y5CcmkGq"}],"group":"cf-nel","max_age":604800}', 'NEL': '{"success_fraction":0,"report_to":"cf-nel","max_age":604800}', 'Server': 'cloudflare', 'CF-RAY': '8977b13b7f1967dd-SJC', 'alt-svc': 'h3=":443"; ma=86400'} 
 body={"results":[{"gender":"female","name":{"title":"Ms","first":"Blanca","last":"Saiz"},"location":{"street":{"number":2620,"name":"Viaducto Chiapas"},"city":"Valentín Gómez Farías","state":"Baja California","country":"Mexico","postcode":69171,"coordinates":{"latitude":"24.7802","longitude":"138.6926"},"timezone":{"offset":"-2:00","description":"Mid-Atlantic"}},"email":"blanca.saiz@example.com","login":{"uuid":"2cc64fe0-a521-472f-b816-5f26c8cc363a","username":"happygoose982","password":"alison","salt":"ulfBk7EF","md5":"d9ec4b9daa26667437618ef080f80512","sha1":"7ab9d684edcec43ca58d95af38eecdfa18a572ce","sha256":"bc435784319a909dba0250632d916ecc5079eaa1d36d3336dbfb4ea358d5e28f"},"dob":{"date":"1954-05-07T22:01:44.643Z","age":70},"registered":{"date":"2010-11-21T05:19:04.400Z","age":13},"phone":"(657) 824 2621","cell":"(695) 584 3620","id":{"name":"NSS","value":"08 27 95 5402 5"},"picture":{"large":"https://randomuser.me/api/portraits/women/73.jpg","medium":"https://randomuser.me/api/portraits/med/women/73.jpg","thumbnail":"https://randomuser.me/api/portraits/thumb/women/73.jpg"},"nat":"MX"}],"info":{"seed":"3569f0efc5184b79","results":1,"page":1,"version":"1.4"}} 
 </msg>
<msg time="2024-06-21T23:13:59.738788" level="INFO">/opt/hostedtoolcache/Python/3.12.4/x64/lib/python3.12/site-packages/urllib3/connectionpool.py:1099: InsecureRequestWarning: Unverified HTTPS request is being made to host 'randomuser.me'. Adding certificate verification is strongly advised. See: https://urllib3.readthedocs.io/en/latest/advanced-usage.html#tls-warnings
  warnings.warn(</msg>
<msg time="2024-06-21T23:13:59.738940" level="INFO">${response} = &lt;Response [200]&gt;</msg>
<var>${response}</var>
<arg>consultarAPI</arg>
<arg>/api</arg>
<doc>Sends a GET request on a previously created HTTP Session.</doc>
<status status="PASS" start="2024-06-21T23:13:59.570574" elapsed="0.168410"/>
</kw>
<kw name="Should Be Equal As Numbers" owner="BuiltIn">
<msg time="2024-06-21T23:13:59.740131" level="INFO">Argument types are:
&lt;class 'int'&gt;
&lt;class 'str'&gt;</msg>
<arg>${response.status_code}</arg>
<arg>200</arg>
<doc>Fails if objects are unequal after converting them to real numbers.</doc>
<status status="PASS" start="2024-06-21T23:13:59.739644" elapsed="0.000553"/>
</kw>
<kw name="Log" owner="BuiltIn">
<msg time="2024-06-21T23:13:59.740903" level="INFO">200</msg>
<arg>${response.status_code}</arg>
<doc>Logs the given message with the given level.</doc>
<status status="PASS" start="2024-06-21T23:13:59.740516" elapsed="0.000430"/>
</kw>
<kw name="Set Variable" owner="BuiltIn">
<msg time="2024-06-21T23:13:59.741702" level="INFO">${json_data} = {'results': [{'gender': 'female', 'name': {'title': 'Ms', 'first': 'Blanca', 'last': 'Saiz'}, 'location': {'street': {'number': 2620, 'name': 'Viaducto Chiapas'}, 'city': 'Valentín Gómez Farías', 'sta...</msg>
<var>${json_data}</var>
<arg>${response.json()}</arg>
<doc>Returns the given values which can then be assigned to a variables.</doc>
<status status="PASS" start="2024-06-21T23:13:59.741253" elapsed="0.000479"/>
</kw>
<kw name="Dictionary Should Contain Key" owner="Collections">
<arg>${json_data}</arg>
<arg>results</arg>
<doc>Fails if ``key`` is not found from ``dictionary``.</doc>
<status status="PASS" start="2024-06-21T23:13:59.742030" elapsed="0.000164"/>
</kw>
<status status="PASS" start="2024-06-21T23:13:59.570329" elapsed="0.172016"/>
</kw>
<doc>Testa se a API responde corretamente e retorna um objeto JSON válido.</doc>
<tag>testeRequisicaoBasica</tag>
<status status="PASS" start="2024-06-21T23:13:59.569806" elapsed="0.172717"/>
</test>
<test id="s1-s1-t3" name="Validar estrutura de resposta" line="22">
<kw name="Teste de Estrutura de Resposta" owner="random-user-service">
<kw name="GET On Session" owner="RequestsLibrary">
<msg time="2024-06-21T23:13:59.834883" level="INFO">GET Request : url=https://randomuser.me/api 
 path_url=/api 
 headers={'User-Agent': 'python-requests/2.32.3', 'Accept-Encoding': 'gzip, deflate', 'Accept': '*/*', 'Connection': 'keep-alive'} 
 body=None 
 </msg>
<msg time="2024-06-21T23:13:59.834988" level="INFO">GET Response : url=https://randomuser.me/api 
 status=200, reason=OK 
 headers={'Date': 'Fri, 21 Jun 2024 23:13:59 GMT', 'Content-Type': 'application/json; charset=utf-8', 'Transfer-Encoding': 'chunked', 'Connection': 'keep-alive', 'X-Powered-By': 'Express', 'Access-Control-Allow-Origin': '*', 'Cache-Control': 'no-cache', 'ETag': 'W/"4a1-KY39GVCVrhXnX8pmo2m+8c1n4cw"', 'Vary': 'Accept-Encoding', 'Content-Encoding': 'gzip', 'CF-Cache-Status': 'DYNAMIC', 'Report-To': '{"endpoints":[{"url":"https:\\/\\/a.nel.cloudflare.com\\/report\\/v4?s=OxbMeKMA85CUFlBpIfUn3FeRA4iNp1qp8g%2FkM05ojqZmqE40AAwT1%2BvXJC5qx6Ao%2BsAnqjITUHgZ2CFU5IUhYsb9gOzyzj8IZFR9OvZgjSPWYvjXiW1zdikDVHXNn4XV"}],"group":"cf-nel","max_age":604800}', 'NEL': '{"success_fraction":0,"report_to":"cf-nel","max_age":604800}', 'Server': 'cloudflare', 'CF-RAY': '8977b13c680467dd-SJC', 'alt-svc': 'h3=":443"; ma=86400'} 
 body={"results":[{"gender":"male","name":{"title":"Mr","first":"Oskari","last":"Elo"},"location":{"street":{"number":1186,"name":"Mannerheimintie"},"city":"Juuka","state":"Northern Savonia","country":"Finland","postcode":39025,"coordinates":{"latitude":"-27.9436","longitude":"-152.5474"},"timezone":{"offset":"0:00","description":"Western Europe Time, London, Lisbon, Casablanca"}},"email":"oskari.elo@example.com","login":{"uuid":"b0716375-5e43-41d4-a3ea-08154023a8a5","username":"tinymouse109","password":"catherin","salt":"v3tlg2rl","md5":"13bc6d8c6fec75524ef58bd10ff4155e","sha1":"5f3ae89e83e935a501bc6124a84bf3a3460c7069","sha256":"02e5eaec2719f95b781999789b2ae5c28e1f12dbc0a1f3b9d692e555eaea6320"},"dob":{"date":"1974-04-29T09:21:26.098Z","age":50},"registered":{"date":"2003-10-02T03:43:46.007Z","age":20},"phone":"04-012-656","cell":"043-995-51-58","id":{"name":"HETU","value":"NaNNA197undefined"},"picture":{"large":"https://randomuser.me/api/portraits/men/33.jpg","medium":"https://randomuser.me/api/portraits/med/men/33.jpg","thumbnail":"https://randomuser.me/api/portraits/thumb/men/33.jpg"},"nat":"FI"}],"info":{"seed":"874f353981dfa0f7","results":1,"page":1,"version":"1.4"}} 
 </msg>
<msg time="2024-06-21T23:13:59.835129" level="INFO">/opt/hostedtoolcache/Python/3.12.4/x64/lib/python3.12/site-packages/urllib3/connectionpool.py:1099: InsecureRequestWarning: Unverified HTTPS request is being made to host 'randomuser.me'. Adding certificate verification is strongly advised. See: https://urllib3.readthedocs.io/en/latest/advanced-usage.html#tls-warnings
  warnings.warn(</msg>
<msg time="2024-06-21T23:13:59.835261" level="INFO">${response} = &lt;Response [200]&gt;</msg>
<var>${response}</var>
<arg>consultarAPI</arg>
<arg>/api</arg>
<doc>Sends a GET request on a previously created HTTP Session.</doc>
<status status="PASS" start="2024-06-21T23:13:59.745218" elapsed="0.090085"/>
</kw>
<kw name="Set Variable" owner="BuiltIn">
<msg time="2024-06-21T23:13:59.836479" level="INFO">${json_data} = {'results': [{'gender': 'male', 'name': {'title': 'Mr', 'first': 'Oskari', 'last': 'Elo'}, 'location': {'street': {'number': 1186, 'name': 'Mannerheimintie'}, 'city': 'Juuka', 'state': 'Northern Savon...</msg>
<var>${json_data}</var>
<arg>${response.json()}</arg>
<doc>Returns the given values which can then be assigned to a variables.</doc>
<status status="PASS" start="2024-06-21T23:13:59.835914" elapsed="0.000594"/>
</kw>
<kw name="Log" owner="BuiltIn">
<msg time="2024-06-21T23:13:59.837031" level="INFO">{'results': [{'gender': 'male', 'name': {'title': 'Mr', 'first': 'Oskari', 'last': 'Elo'}, 'location': {'street': {'number': 1186, 'name': 'Mannerheimintie'}, 'city': 'Juuka', 'state': 'Northern Savonia', 'country': 'Finland', 'postcode': 39025, 'coordinates': {'latitude': '-27.9436', 'longitude': '-152.5474'}, 'timezone': {'offset': '0:00', 'description': 'Western Europe Time, London, Lisbon, Casablanca'}}, 'email': 'oskari.elo@example.com', 'login': {'uuid': 'b0716375-5e43-41d4-a3ea-08154023a8a5', 'username': 'tinymouse109', 'password': 'catherin', 'salt': 'v3tlg2rl', 'md5': '13bc6d8c6fec75524ef58bd10ff4155e', 'sha1': '5f3ae89e83e935a501bc6124a84bf3a3460c7069', 'sha256': '02e5eaec2719f95b781999789b2ae5c28e1f12dbc0a1f3b9d692e555eaea6320'}, 'dob': {'date': '1974-04-29T09:21:26.098Z', 'age': 50}, 'registered': {'date': '2003-10-02T03:43:46.007Z', 'age': 20}, 'phone': '04-012-656', 'cell': '043-995-51-58', 'id': {'name': 'HETU', 'value': 'NaNNA197undefined'}, 'picture': {'large': 'https://randomuser.me/api/portraits/men/33.jpg', 'medium': 'https://randomuser.me/api/portraits/med/men/33.jpg', 'thumbnail': 'https://randomuser.me/api/portraits/thumb/men/33.jpg'}, 'nat': 'FI'}], 'info': {'seed': '874f353981dfa0f7', 'results': 1, 'page': 1, 'version': '1.4'}}</msg>
<arg>${json_data}</arg>
<doc>Logs the given message with the given level.</doc>
<status status="PASS" start="2024-06-21T23:13:59.836864" elapsed="0.000220"/>
</kw>
<kw name="Dictionary Should Contain Key" owner="Collections">
<arg>${json_data}</arg>
<arg>results</arg>
<doc>Fails if ``key`` is not found from ``dictionary``.</doc>
<status status="PASS" start="2024-06-21T23:13:59.837379" elapsed="0.000162"/>
</kw>
<kw name="Should Not Be Empty" owner="BuiltIn">
<msg time="2024-06-21T23:13:59.837856" level="INFO">Length is 2.</msg>
<arg>${json_data}</arg>
<doc>Verifies that the given item is not empty.</doc>
<status status="PASS" start="2024-06-21T23:13:59.837724" elapsed="0.000170"/>
</kw>
<kw name="Create List" owner="BuiltIn">
<msg time="2024-06-21T23:13:59.838509" level="INFO">${expected_keys} = ['gender', 'name', 'location', 'email', 'login']</msg>
<var>${expected_keys}</var>
<arg>gender</arg>
<arg>name</arg>
<arg>location</arg>
<arg>email</arg>
<arg>login</arg>
<doc>Returns a list containing given items.</doc>
<status status="PASS" start="2024-06-21T23:13:59.838196" elapsed="0.000339"/>
</kw>
<for flavor="IN">
<iter>
<kw name="Dictionary Should Contain Key" owner="Collections">
<arg>${json_data['results'][0]}</arg>
<arg>${key}</arg>
<doc>Fails if ``key`` is not found from ``dictionary``.</doc>
<status status="PASS" start="2024-06-21T23:13:59.839119" elapsed="0.000402"/>
</kw>
<kw name="Log" owner="BuiltIn">
<msg time="2024-06-21T23:13:59.840056" level="INFO">{'gender': 'male', 'name': {'title': 'Mr', 'first': 'Oskari', 'last': 'Elo'}, 'location': {'street': {'number': 1186, 'name': 'Mannerheimintie'}, 'city': 'Juuka', 'state': 'Northern Savonia', 'country': 'Finland', 'postcode': 39025, 'coordinates': {'latitude': '-27.9436', 'longitude': '-152.5474'}, 'timezone': {'offset': '0:00', 'description': 'Western Europe Time, London, Lisbon, Casablanca'}}, 'email': 'oskari.elo@example.com', 'login': {'uuid': 'b0716375-5e43-41d4-a3ea-08154023a8a5', 'username': 'tinymouse109', 'password': 'catherin', 'salt': 'v3tlg2rl', 'md5': '13bc6d8c6fec75524ef58bd10ff4155e', 'sha1': '5f3ae89e83e935a501bc6124a84bf3a3460c7069', 'sha256': '02e5eaec2719f95b781999789b2ae5c28e1f12dbc0a1f3b9d692e555eaea6320'}, 'dob': {'date': '1974-04-29T09:21:26.098Z', 'age': 50}, 'registered': {'date': '2003-10-02T03:43:46.007Z', 'age': 20}, 'phone': '04-012-656', 'cell': '043-995-51-58', 'id': {'name': 'HETU', 'value': 'NaNNA197undefined'}, 'picture': {'large': 'https://randomuser.me/api/portraits/men/33.jpg', 'medium': 'https://randomuser.me/api/portraits/med/men/33.jpg', 'thumbnail': 'https://randomuser.me/api/portraits/thumb/men/33.jpg'}, 'nat': 'FI'}</msg>
<arg>${json_data['results'][0]}</arg>
<doc>Logs the given message with the given level.</doc>
<status status="PASS" start="2024-06-21T23:13:59.839706" elapsed="0.000400"/>
</kw>
<kw name="Log" owner="BuiltIn">
<msg time="2024-06-21T23:13:59.840532" level="INFO">gender</msg>
<arg>${key}</arg>
<doc>Logs the given message with the given level.</doc>
<status status="PASS" start="2024-06-21T23:13:59.840405" elapsed="0.000167"/>
</kw>
<var name="${key}">gender</var>
<status status="PASS" start="2024-06-21T23:13:59.838991" elapsed="0.001826"/>
</iter>
<iter>
<kw name="Dictionary Should Contain Key" owner="Collections">
<arg>${json_data['results'][0]}</arg>
<arg>${key}</arg>
<doc>Fails if ``key`` is not found from ``dictionary``.</doc>
<status status="PASS" start="2024-06-21T23:13:59.841108" elapsed="0.000389"/>
</kw>
<kw name="Log" owner="BuiltIn">
<msg time="2024-06-21T23:13:59.842080" level="INFO">{'gender': 'male', 'name': {'title': 'Mr', 'first': 'Oskari', 'last': 'Elo'}, 'location': {'street': {'number': 1186, 'name': 'Mannerheimintie'}, 'city': 'Juuka', 'state': 'Northern Savonia', 'country': 'Finland', 'postcode': 39025, 'coordinates': {'latitude': '-27.9436', 'longitude': '-152.5474'}, 'timezone': {'offset': '0:00', 'description': 'Western Europe Time, London, Lisbon, Casablanca'}}, 'email': 'oskari.elo@example.com', 'login': {'uuid': 'b0716375-5e43-41d4-a3ea-08154023a8a5', 'username': 'tinymouse109', 'password': 'catherin', 'salt': 'v3tlg2rl', 'md5': '13bc6d8c6fec75524ef58bd10ff4155e', 'sha1': '5f3ae89e83e935a501bc6124a84bf3a3460c7069', 'sha256': '02e5eaec2719f95b781999789b2ae5c28e1f12dbc0a1f3b9d692e555eaea6320'}, 'dob': {'date': '1974-04-29T09:21:26.098Z', 'age': 50}, 'registered': {'date': '2003-10-02T03:43:46.007Z', 'age': 20}, 'phone': '04-012-656', 'cell': '043-995-51-58', 'id': {'name': 'HETU', 'value': 'NaNNA197undefined'}, 'picture': {'large': 'https://randomuser.me/api/portraits/men/33.jpg', 'medium': 'https://randomuser.me/api/portraits/med/men/33.jpg', 'thumbnail': 'https://randomuser.me/api/portraits/thumb/men/33.jpg'}, 'nat': 'FI'}</msg>
<arg>${json_data['results'][0]}</arg>
<doc>Logs the given message with the given level.</doc>
<status status="PASS" start="2024-06-21T23:13:59.841684" elapsed="0.000447"/>
</kw>
<kw name="Log" owner="BuiltIn">
<msg time="2024-06-21T23:13:59.842547" level="INFO">name</msg>
<arg>${key}</arg>
<doc>Logs the given message with the given level.</doc>
<status status="PASS" start="2024-06-21T23:13:59.842423" elapsed="0.000161"/>
</kw>
<var name="${key}">name</var>
<status status="PASS" start="2024-06-21T23:13:59.840997" elapsed="0.001798"/>
</iter>
<iter>
<kw name="Dictionary Should Contain Key" owner="Collections">
<arg>${json_data['results'][0]}</arg>
<arg>${key}</arg>
<doc>Fails if ``key`` is not found from ``dictionary``.</doc>
<status status="PASS" start="2024-06-21T23:13:59.843075" elapsed="0.000380"/>
</kw>
<kw name="Log" owner="BuiltIn">
<msg time="2024-06-21T23:13:59.843988" level="INFO">{'gender': 'male', 'name': {'title': 'Mr', 'first': 'Oskari', 'last': 'Elo'}, 'location': {'street': {'number': 1186, 'name': 'Mannerheimintie'}, 'city': 'Juuka', 'state': 'Northern Savonia', 'country': 'Finland', 'postcode': 39025, 'coordinates': {'latitude': '-27.9436', 'longitude': '-152.5474'}, 'timezone': {'offset': '0:00', 'description': 'Western Europe Time, London, Lisbon, Casablanca'}}, 'email': 'oskari.elo@example.com', 'login': {'uuid': 'b0716375-5e43-41d4-a3ea-08154023a8a5', 'username': 'tinymouse109', 'password': 'catherin', 'salt': 'v3tlg2rl', 'md5': '13bc6d8c6fec75524ef58bd10ff4155e', 'sha1': '5f3ae89e83e935a501bc6124a84bf3a3460c7069', 'sha256': '02e5eaec2719f95b781999789b2ae5c28e1f12dbc0a1f3b9d692e555eaea6320'}, 'dob': {'date': '1974-04-29T09:21:26.098Z', 'age': 50}, 'registered': {'date': '2003-10-02T03:43:46.007Z', 'age': 20}, 'phone': '04-012-656', 'cell': '043-995-51-58', 'id': {'name': 'HETU', 'value': 'NaNNA197undefined'}, 'picture': {'large': 'https://randomuser.me/api/portraits/men/33.jpg', 'medium': 'https://randomuser.me/api/portraits/med/men/33.jpg', 'thumbnail': 'https://randomuser.me/api/portraits/thumb/men/33.jpg'}, 'nat': 'FI'}</msg>
<arg>${json_data['results'][0]}</arg>
<doc>Logs the given message with the given level.</doc>
<status status="PASS" start="2024-06-21T23:13:59.843635" elapsed="0.000410"/>
</kw>
<kw name="Log" owner="BuiltIn">
<msg time="2024-06-21T23:13:59.844474" level="INFO">location</msg>
<arg>${key}</arg>
<doc>Logs the given message with the given level.</doc>
<status status="PASS" start="2024-06-21T23:13:59.844349" elapsed="0.000163"/>
</kw>
<var name="${key}">location</var>
<status status="PASS" start="2024-06-21T23:13:59.842968" elapsed="0.001826"/>
</iter>
<iter>
<kw name="Dictionary Should Contain Key" owner="Collections">
<arg>${json_data['results'][0]}</arg>
<arg>${key}</arg>
<doc>Fails if ``key`` is not found from ``dictionary``.</doc>
<status status="PASS" start="2024-06-21T23:13:59.845072" elapsed="0.000384"/>
</kw>
<kw name="Log" owner="BuiltIn">
<msg time="2024-06-21T23:13:59.845993" level="INFO">{'gender': 'male', 'name': {'title': 'Mr', 'first': 'Oskari', 'last': 'Elo'}, 'location': {'street': {'number': 1186, 'name': 'Mannerheimintie'}, 'city': 'Juuka', 'state': 'Northern Savonia', 'country': 'Finland', 'postcode': 39025, 'coordinates': {'latitude': '-27.9436', 'longitude': '-152.5474'}, 'timezone': {'offset': '0:00', 'description': 'Western Europe Time, London, Lisbon, Casablanca'}}, 'email': 'oskari.elo@example.com', 'login': {'uuid': 'b0716375-5e43-41d4-a3ea-08154023a8a5', 'username': 'tinymouse109', 'password': 'catherin', 'salt': 'v3tlg2rl', 'md5': '13bc6d8c6fec75524ef58bd10ff4155e', 'sha1': '5f3ae89e83e935a501bc6124a84bf3a3460c7069', 'sha256': '02e5eaec2719f95b781999789b2ae5c28e1f12dbc0a1f3b9d692e555eaea6320'}, 'dob': {'date': '1974-04-29T09:21:26.098Z', 'age': 50}, 'registered': {'date': '2003-10-02T03:43:46.007Z', 'age': 20}, 'phone': '04-012-656', 'cell': '043-995-51-58', 'id': {'name': 'HETU', 'value': 'NaNNA197undefined'}, 'picture': {'large': 'https://randomuser.me/api/portraits/men/33.jpg', 'medium': 'https://randomuser.me/api/portraits/med/men/33.jpg', 'thumbnail': 'https://randomuser.me/api/portraits/thumb/men/33.jpg'}, 'nat': 'FI'}</msg>
<arg>${json_data['results'][0]}</arg>
<doc>Logs the given message with the given level.</doc>
<status status="PASS" start="2024-06-21T23:13:59.845641" elapsed="0.000400"/>
</kw>
<kw name="Log" owner="BuiltIn">
<msg time="2024-06-21T23:13:59.846469" level="INFO">email</msg>
<arg>${key}</arg>
<doc>Logs the given message with the given level.</doc>
<status status="PASS" start="2024-06-21T23:13:59.846343" elapsed="0.000169"/>
</kw>
<var name="${key}">email</var>
<status status="PASS" start="2024-06-21T23:13:59.844965" elapsed="0.001761"/>
</iter>
<iter>
<kw name="Dictionary Should Contain Key" owner="Collections">
<arg>${json_data['results'][0]}</arg>
<arg>${key}</arg>
<doc>Fails if ``key`` is not found from ``dictionary``.</doc>
<status status="PASS" start="2024-06-21T23:13:59.847001" elapsed="0.000389"/>
</kw>
<kw name="Log" owner="BuiltIn">
<msg time="2024-06-21T23:13:59.847915" level="INFO">{'gender': 'male', 'name': {'title': 'Mr', 'first': 'Oskari', 'last': 'Elo'}, 'location': {'street': {'number': 1186, 'name': 'Mannerheimintie'}, 'city': 'Juuka', 'state': 'Northern Savonia', 'country': 'Finland', 'postcode': 39025, 'coordinates': {'latitude': '-27.9436', 'longitude': '-152.5474'}, 'timezone': {'offset': '0:00', 'description': 'Western Europe Time, London, Lisbon, Casablanca'}}, 'email': 'oskari.elo@example.com', 'login': {'uuid': 'b0716375-5e43-41d4-a3ea-08154023a8a5', 'username': 'tinymouse109', 'password': 'catherin', 'salt': 'v3tlg2rl', 'md5': '13bc6d8c6fec75524ef58bd10ff4155e', 'sha1': '5f3ae89e83e935a501bc6124a84bf3a3460c7069', 'sha256': '02e5eaec2719f95b781999789b2ae5c28e1f12dbc0a1f3b9d692e555eaea6320'}, 'dob': {'date': '1974-04-29T09:21:26.098Z', 'age': 50}, 'registered': {'date': '2003-10-02T03:43:46.007Z', 'age': 20}, 'phone': '04-012-656', 'cell': '043-995-51-58', 'id': {'name': 'HETU', 'value': 'NaNNA197undefined'}, 'picture': {'large': 'https://randomuser.me/api/portraits/men/33.jpg', 'medium': 'https://randomuser.me/api/portraits/med/men/33.jpg', 'thumbnail': 'https://randomuser.me/api/portraits/thumb/men/33.jpg'}, 'nat': 'FI'}</msg>
<arg>${json_data['results'][0]}</arg>
<doc>Logs the given message with the given level.</doc>
<status status="PASS" start="2024-06-21T23:13:59.847570" elapsed="0.000393"/>
</kw>
<kw name="Log" owner="BuiltIn">
<msg time="2024-06-21T23:13:59.848388" level="INFO">login</msg>
<arg>${key}</arg>
<doc>Logs the given message with the given level.</doc>
<status status="PASS" start="2024-06-21T23:13:59.848259" elapsed="0.000167"/>
</kw>
<var name="${key}">login</var>
<status status="PASS" start="2024-06-21T23:13:59.846895" elapsed="0.001812"/>
</iter>
<var>${key}</var>
<value>@{expected_keys}</value>
<status status="PASS" start="2024-06-21T23:13:59.838799" elapsed="0.010101"/>
</for>
<kw name="Create List" owner="BuiltIn">
<msg time="2024-06-21T23:13:59.849337" level="INFO">${expected_keysTwo} = ['username', 'password']</msg>
<var>${expected_keysTwo}</var>
<arg>username</arg>
<arg>password</arg>
<doc>Returns a list containing given items.</doc>
<status status="PASS" start="2024-06-21T23:13:59.849190" elapsed="0.000172"/>
</kw>
<for flavor="IN">
<iter>
<kw name="Dictionary Should Contain Key" owner="Collections">
<arg>${json_data['results'][0]['login']}</arg>
<arg>${keyTwo}</arg>
<doc>Fails if ``key`` is not found from ``dictionary``.</doc>
<status status="PASS" start="2024-06-21T23:13:59.849892" elapsed="0.000388"/>
</kw>
<kw name="Dictionary Should Contain Key" owner="Collections">
<arg>${json_data['results'][0]['login']}</arg>
<arg>${keyTwo}</arg>
<doc>Fails if ``key`` is not found from ``dictionary``.</doc>
<status status="PASS" start="2024-06-21T23:13:59.850462" elapsed="0.000387"/>
</kw>
<kw name="Log" owner="BuiltIn">
<msg time="2024-06-21T23:13:59.851147" level="INFO">username</msg>
<arg>${keyTwo}</arg>
<doc>Logs the given message with the given level.</doc>
<status status="PASS" start="2024-06-21T23:13:59.851027" elapsed="0.000157"/>
</kw>
<var name="${keyTwo}">username</var>
<status status="PASS" start="2024-06-21T23:13:59.849780" elapsed="0.001626"/>
</iter>
<iter>
<kw name="Dictionary Should Contain Key" owner="Collections">
<arg>${json_data['results'][0]['login']}</arg>
<arg>${keyTwo}</arg>
<doc>Fails if ``key`` is not found from ``dictionary``.</doc>
<status status="PASS" start="2024-06-21T23:13:59.851687" elapsed="0.000375"/>
</kw>
<kw name="Dictionary Should Contain Key" owner="Collections">
<arg>${json_data['results'][0]['login']}</arg>
<arg>${keyTwo}</arg>
<doc>Fails if ``key`` is not found from ``dictionary``.</doc>
<status status="PASS" start="2024-06-21T23:13:59.852240" elapsed="0.000401"/>
</kw>
<kw name="Log" owner="BuiltIn">
<msg time="2024-06-21T23:13:59.852936" level="INFO">password</msg>
<arg>${keyTwo}</arg>
<doc>Logs the given message with the given level.</doc>
<status status="PASS" start="2024-06-21T23:13:59.852819" elapsed="0.000154"/>
</kw>
<var name="${keyTwo}">password</var>
<status status="PASS" start="2024-06-21T23:13:59.851574" elapsed="0.001714"/>
</iter>
<var>${keyTwo}</var>
<value>@{expected_keysTwo}</value>
<status status="PASS" start="2024-06-21T23:13:59.849604" elapsed="0.003804"/>
</for>
<status status="PASS" start="2024-06-21T23:13:59.744983" elapsed="0.108565"/>
</kw>
<doc>Testa a estrutura da resposta da API.</doc>
<tag>testeEstruturaResposta</tag>
<status status="PASS" start="2024-06-21T23:13:59.744344" elapsed="0.109362"/>
</test>
<test id="s1-s1-t4" name="Validar tipos de dados" line="28">
<kw name="Teste de Tipos de Dados" owner="random-user-service">
<kw name="GET On Session" owner="RequestsLibrary">
<msg time="2024-06-21T23:13:59.959148" level="INFO">GET Request : url=https://randomuser.me/api 
 path_url=/api 
 headers={'User-Agent': 'python-requests/2.32.3', 'Accept-Encoding': 'gzip, deflate', 'Accept': '*/*', 'Connection': 'keep-alive'} 
 body=None 
 </msg>
<msg time="2024-06-21T23:13:59.959262" level="INFO">GET Response : url=https://randomuser.me/api 
 status=200, reason=OK 
 headers={'Date': 'Fri, 21 Jun 2024 23:13:59 GMT', 'Content-Type': 'application/json; charset=utf-8', 'Transfer-Encoding': 'chunked', 'Connection': 'keep-alive', 'X-Powered-By': 'Express', 'Access-Control-Allow-Origin': '*', 'Cache-Control': 'no-cache', 'ETag': 'W/"482-C2q0uEpZSAWPs/zZ9m5spkaTeJ8"', 'Vary': 'Accept-Encoding', 'Content-Encoding': 'gzip', 'CF-Cache-Status': 'DYNAMIC', 'Report-To': '{"endpoints":[{"url":"https:\\/\\/a.nel.cloudflare.com\\/report\\/v4?s=yv7giixbxnNXXiRQTSsJ8BAZXRfE5aMCnuAbaNOjVppH4Qd25Ww4f47HodMvtiDFyibdaj5mHsjHXBuOO8KfD6%2BXrtwPItROKi6IbfgYkt8yBCSwE44XJBB1D2c48N6D"}],"group":"cf-nel","max_age":604800}', 'NEL': '{"success_fraction":0,"report_to":"cf-nel","max_age":604800}', 'Server': 'cloudflare', 'CF-RAY': '8977b13d18c867dd-SJC', 'alt-svc': 'h3=":443"; ma=86400'} 
 body={"results":[{"gender":"female","name":{"title":"Mrs","first":"Silke","last":"Rasmussen"},"location":{"street":{"number":5734,"name":"Søndergårds Haver"},"city":"København S","state":"Syddanmark","country":"Denmark","postcode":73510,"coordinates":{"latitude":"-40.6582","longitude":"7.8693"},"timezone":{"offset":"-3:30","description":"Newfoundland"}},"email":"silke.rasmussen@example.com","login":{"uuid":"ed749d6d-b0ca-4255-8321-3a4d2191f8e8","username":"bigduck709","password":"britney","salt":"bVPjvudm","md5":"439b1eb445297f8094bcb06ad139e655","sha1":"1b6a2e506ec126b14fdb6c6653a3ab80f1bbfbc2","sha256":"d25c09c7291840abeb1ea9f87fefd3c70388b35aca21e0e87aec89d6eb9c839f"},"dob":{"date":"1959-02-16T03:31:46.103Z","age":65},"registered":{"date":"2019-03-28T06:50:51.021Z","age":5},"phone":"05095957","cell":"43005730","id":{"name":"CPR","value":"150259-5261"},"picture":{"large":"https://randomuser.me/api/portraits/women/17.jpg","medium":"https://randomuser.me/api/portraits/med/women/17.jpg","thumbnail":"https://randomuser.me/api/portraits/thumb/women/17.jpg"},"nat":"DK"}],"info":{"seed":"9a6adca1cb8dab08","results":1,"page":1,"version":"1.4"}} 
 </msg>
<msg time="2024-06-21T23:13:59.959346" level="INFO">/opt/hostedtoolcache/Python/3.12.4/x64/lib/python3.12/site-packages/urllib3/connectionpool.py:1099: InsecureRequestWarning: Unverified HTTPS request is being made to host 'randomuser.me'. Adding certificate verification is strongly advised. See: https://urllib3.readthedocs.io/en/latest/advanced-usage.html#tls-warnings
  warnings.warn(</msg>
<msg time="2024-06-21T23:13:59.959492" level="INFO">${response} = &lt;Response [200]&gt;</msg>
<var>${response}</var>
<arg>consultarAPI</arg>
<arg>/api</arg>
<doc>Sends a GET request on a previously created HTTP Session.</doc>
<status status="PASS" start="2024-06-21T23:13:59.856227" elapsed="0.103314"/>
</kw>
<kw name="Set Variable" owner="BuiltIn">
<msg time="2024-06-21T23:13:59.960816" level="INFO">${json_data} = {'results': [{'gender': 'female', 'name': {'title': 'Mrs', 'first': 'Silke', 'last': 'Rasmussen'}, 'location': {'street': {'number': 5734, 'name': 'Søndergårds Haver'}, 'city': 'København S', 'state':...</msg>
<var>${json_data}</var>
<arg>${response.json()}</arg>
<doc>Returns the given values which can then be assigned to a variables.</doc>
<status status="PASS" start="2024-06-21T23:13:59.960209" elapsed="0.000637"/>
</kw>
<kw name="Log" owner="BuiltIn">
<msg time="2024-06-21T23:13:59.961312" level="INFO">{'results': [{'gender': 'female', 'name': {'title': 'Mrs', 'first': 'Silke', 'last': 'Rasmussen'}, 'location': {'street': {'number': 5734, 'name': 'Søndergårds Haver'}, 'city': 'København S', 'state': 'Syddanmark', 'country': 'Denmark', 'postcode': 73510, 'coordinates': {'latitude': '-40.6582', 'longitude': '7.8693'}, 'timezone': {'offset': '-3:30', 'description': 'Newfoundland'}}, 'email': 'silke.rasmussen@example.com', 'login': {'uuid': 'ed749d6d-b0ca-4255-8321-3a4d2191f8e8', 'username': 'bigduck709', 'password': 'britney', 'salt': 'bVPjvudm', 'md5': '439b1eb445297f8094bcb06ad139e655', 'sha1': '1b6a2e506ec126b14fdb6c6653a3ab80f1bbfbc2', 'sha256': 'd25c09c7291840abeb1ea9f87fefd3c70388b35aca21e0e87aec89d6eb9c839f'}, 'dob': {'date': '1959-02-16T03:31:46.103Z', 'age': 65}, 'registered': {'date': '2019-03-28T06:50:51.021Z', 'age': 5}, 'phone': '05095957', 'cell': '43005730', 'id': {'name': 'CPR', 'value': '150259-5261'}, 'picture': {'large': 'https://randomuser.me/api/portraits/women/17.jpg', 'medium': 'https://randomuser.me/api/portraits/med/women/17.jpg', 'thumbnail': 'https://randomuser.me/api/portraits/thumb/women/17.jpg'}, 'nat': 'DK'}], 'info': {'seed': '9a6adca1cb8dab08', 'results': 1, 'page': 1, 'version': '1.4'}}</msg>
<arg>${json_data}</arg>
<doc>Logs the given message with the given level.</doc>
<status status="PASS" start="2024-06-21T23:13:59.961155" elapsed="0.000208"/>
</kw>
<kw name="Should Be String" owner="String">
<arg>${json_data['results'][0]['gender']}</arg>
<doc>Fails if the given ``item`` is not a string.</doc>
<status status="PASS" start="2024-06-21T23:13:59.961652" elapsed="0.000370"/>
</kw>
<kw name="Should Match Regexp" owner="BuiltIn">
<arg>${json_data['results'][0]['email']}</arg>
<arg>^[a-zA-Z0-9._%+-]+@[a-zA-Z0-9.-]+\.[a-zA-Z]{2,}$</arg>
<doc>Fails if ``string`` does not match ``pattern`` as a regular expression.</doc>
<status status="PASS" start="2024-06-21T23:13:59.962248" elapsed="0.000517"/>
</kw>
<kw name="Should Match Regexp" owner="BuiltIn">
<arg>${json_data['results'][0]['dob']['date']}</arg>
<arg>\\d{4}-\\d{2}-\\d{2}T\\d{2}:\\d{2}:\\d{2}\\.\\d{3}Z</arg>
<doc>Fails if ``string`` does not match ``pattern`` as a regular expression.</doc>
<status status="PASS" start="2024-06-21T23:13:59.962961" elapsed="0.000490"/>
</kw>
<kw name="Should Match Regexp" owner="BuiltIn">
<arg>${json_data['results'][0]['registered']['date']}</arg>
<arg>\\d{4}-\\d{2}-\\d{2}T\\d{2}:\\d{2}:\\d{2}\\.\\d{3}Z</arg>
<doc>Fails if ``string`` does not match ``pattern`` as a regular expression.</doc>
<status status="PASS" start="2024-06-21T23:13:59.963638" elapsed="0.000370"/>
</kw>
<kw name="Should Match Regexp" owner="BuiltIn">
<arg>${json_data['results'][0]['picture']['large']}</arg>
<arg>^https?://.*\.(?:png|jpe?g|gif|bmp)$</arg>
<doc>Fails if ``string`` does not match ``pattern`` as a regular expression.</doc>
<status status="PASS" start="2024-06-21T23:13:59.964191" elapsed="0.000493"/>
</kw>
<kw name="Should Match Regexp" owner="BuiltIn">
<arg>${json_data['results'][0]['picture']['medium']}</arg>
<arg>^https?://.*\.(?:png|jpe?g|gif|bmp)$</arg>
<doc>Fails if ``string`` does not match ``pattern`` as a regular expression.</doc>
<status status="PASS" start="2024-06-21T23:13:59.964874" elapsed="0.000384"/>
</kw>
<kw name="Should Match Regexp" owner="BuiltIn">
<arg>${json_data['results'][0]['picture']['thumbnail']}</arg>
<arg>^https?://.*\.(?:png|jpe?g|gif|bmp)$</arg>
<doc>Fails if ``string`` does not match ``pattern`` as a regular expression.</doc>
<status status="PASS" start="2024-06-21T23:13:59.965462" elapsed="0.000348"/>
</kw>
<kw name="Log" owner="BuiltIn">
<msg time="2024-06-21T23:13:59.966310" level="INFO">{'large': 'https://randomuser.me/api/portraits/women/17.jpg', 'medium': 'https://randomuser.me/api/portraits/med/women/17.jpg', 'thumbnail': 'https://randomuser.me/api/portraits/thumb/women/17.jpg'}</msg>
<arg>${json_data['results'][0]['picture']}</arg>
<doc>Logs the given message with the given level.</doc>
<status status="PASS" start="2024-06-21T23:13:59.965992" elapsed="0.000361"/>
</kw>
<status status="PASS" start="2024-06-21T23:13:59.856003" elapsed="0.110607"/>
</kw>
<kw name="Teste de Tipos de Dados - Postcode" owner="random-user-service">
<kw name="GET On Session" owner="RequestsLibrary">
<msg time="2024-06-21T23:14:00.105809" level="INFO">GET Request : url=https://randomuser.me/api 
 path_url=/api 
 headers={'User-Agent': 'python-requests/2.32.3', 'Accept-Encoding': 'gzip, deflate', 'Accept': '*/*', 'Connection': 'keep-alive'} 
 body=None 
 </msg>
<msg time="2024-06-21T23:14:00.105921" level="INFO">GET Response : url=https://randomuser.me/api 
 status=200, reason=OK 
 headers={'Date': 'Fri, 21 Jun 2024 23:14:00 GMT', 'Content-Type': 'application/json; charset=utf-8', 'Transfer-Encoding': 'chunked', 'Connection': 'keep-alive', 'X-Powered-By': 'Express', 'Access-Control-Allow-Origin': '*', 'Cache-Control': 'no-cache', 'ETag': 'W/"464-nhh/9/jUmLqUHsf8xMAwlTuJVgY"', 'Vary': 'Accept-Encoding', 'Content-Encoding': 'gzip', 'CF-Cache-Status': 'DYNAMIC', 'Report-To': '{"endpoints":[{"url":"https:\\/\\/a.nel.cloudflare.com\\/report\\/v4?s=ro6oFhTxMrIXfeLb2lbE%2BWQ7HA6djBpXC1C7a4NqADp6kS8h8T5OVeUGhil8RNjCgqlTIPX4lMULIWetyYcW%2FMdNQL6xnteRCJPx44LqDbVAYQVTWWgBwYiliXqSnShp"}],"group":"cf-nel","max_age":604800}', 'NEL': '{"success_fraction":0,"report_to":"cf-nel","max_age":604800}', 'Server': 'cloudflare', 'CF-RAY': '8977b13dc97c67dd-SJC', 'alt-svc': 'h3=":443"; ma=86400'} 
 body={"results":[{"gender":"male","name":{"title":"Mr","first":"Oliver","last":"Smith"},"location":{"street":{"number":466,"name":"Puhinui Road"},"city":"Hamilton","state":"Canterbury","country":"New Zealand","postcode":34879,"coordinates":{"latitude":"50.2476","longitude":"-16.8033"},"timezone":{"offset":"+4:30","description":"Kabul"}},"email":"oliver.smith@example.com","login":{"uuid":"caa0b424-45f6-4cf7-9cd5-39a1b6fc99c1","username":"smallgoose295","password":"sakura","salt":"qv8xW0B3","md5":"1f1e982678d2dcefeb0215de447de570","sha1":"a40b33fa4ce489ea031db305c035199c48d64106","sha256":"628c29414f1a3b334bdfe1d9d50af181a75d8a431fa762e465b85fb386c80f52"},"dob":{"date":"1979-06-23T11:09:44.088Z","age":44},"registered":{"date":"2016-01-06T11:47:40.301Z","age":8},"phone":"(739)-756-7148","cell":"(690)-666-6239","id":{"name":"","value":null},"picture":{"large":"https://randomuser.me/api/portraits/men/6.jpg","medium":"https://randomuser.me/api/portraits/med/men/6.jpg","thumbnail":"https://randomuser.me/api/portraits/thumb/men/6.jpg"},"nat":"NZ"}],"info":{"seed":"c9bdc7d9dbac41ad","results":1,"page":1,"version":"1.4"}} 
 </msg>
<msg time="2024-06-21T23:14:00.105999" level="INFO">/opt/hostedtoolcache/Python/3.12.4/x64/lib/python3.12/site-packages/urllib3/connectionpool.py:1099: InsecureRequestWarning: Unverified HTTPS request is being made to host 'randomuser.me'. Adding certificate verification is strongly advised. See: https://urllib3.readthedocs.io/en/latest/advanced-usage.html#tls-warnings
  warnings.warn(</msg>
<msg time="2024-06-21T23:14:00.106142" level="INFO">${response} = &lt;Response [200]&gt;</msg>
<var>${response}</var>
<arg>consultarAPI</arg>
<arg>/api</arg>
<doc>Sends a GET request on a previously created HTTP Session.</doc>
<status status="PASS" start="2024-06-21T23:13:59.967068" elapsed="0.139218"/>
</kw>
<kw name="Set Variable" owner="BuiltIn">
<msg time="2024-06-21T23:14:00.107440" level="INFO">${json_data} = {'results': [{'gender': 'male', 'name': {'title': 'Mr', 'first': 'Oliver', 'last': 'Smith'}, 'location': {'street': {'number': 466, 'name': 'Puhinui Road'}, 'city': 'Hamilton', 'state': 'Canterbury', ...</msg>
<var>${json_data}</var>
<arg>${response.json()}</arg>
<doc>Returns the given values which can then be assigned to a variables.</doc>
<status status="PASS" start="2024-06-21T23:14:00.106914" elapsed="0.000555"/>
</kw>
<kw name="Log" owner="BuiltIn">
<msg time="2024-06-21T23:14:00.107928" level="INFO">{'results': [{'gender': 'male', 'name': {'title': 'Mr', 'first': 'Oliver', 'last': 'Smith'}, 'location': {'street': {'number': 466, 'name': 'Puhinui Road'}, 'city': 'Hamilton', 'state': 'Canterbury', 'country': 'New Zealand', 'postcode': 34879, 'coordinates': {'latitude': '50.2476', 'longitude': '-16.8033'}, 'timezone': {'offset': '+4:30', 'description': 'Kabul'}}, 'email': 'oliver.smith@example.com', 'login': {'uuid': 'caa0b424-45f6-4cf7-9cd5-39a1b6fc99c1', 'username': 'smallgoose295', 'password': 'sakura', 'salt': 'qv8xW0B3', 'md5': '1f1e982678d2dcefeb0215de447de570', 'sha1': 'a40b33fa4ce489ea031db305c035199c48d64106', 'sha256': '628c29414f1a3b334bdfe1d9d50af181a75d8a431fa762e465b85fb386c80f52'}, 'dob': {'date': '1979-06-23T11:09:44.088Z', 'age': 44}, 'registered': {'date': '2016-01-06T11:47:40.301Z', 'age': 8}, 'phone': '(739)-756-7148', 'cell': '(690)-666-6239', 'id': {'name': '', 'value': None}, 'picture': {'large': 'https://randomuser.me/api/portraits/men/6.jpg', 'medium': 'https://randomuser.me/api/portraits/med/men/6.jpg', 'thumbnail': 'https://randomuser.me/api/portraits/thumb/men/6.jpg'}, 'nat': 'NZ'}], 'info': {'seed': 'c9bdc7d9dbac41ad', 'results': 1, 'page': 1, 'version': '1.4'}}</msg>
<arg>${json_data}</arg>
<doc>Logs the given message with the given level.</doc>
<status status="PASS" start="2024-06-21T23:14:00.107773" elapsed="0.000201"/>
</kw>
<kw name="Should Be Equal As Numbers" owner="BuiltIn">
<arg>${json_data['results'][0]['location']['postcode']}</arg>
<arg>${json_data['results'][0]['location']['postcode']}</arg>
<doc>Fails if objects are unequal after converting them to real numbers.</doc>
<status status="PASS" start="2024-06-21T23:14:00.108270" elapsed="0.000676"/>
</kw>
<kw name="Log" owner="BuiltIn">
<msg time="2024-06-21T23:14:00.109644" level="INFO">34879</msg>
<arg>${json_data['results'][0]['location']['postcode']}</arg>
<doc>Logs the given message with the given level.</doc>
<status status="PASS" start="2024-06-21T23:14:00.109140" elapsed="0.000578"/>
</kw>
<status status="PASS" start="2024-06-21T23:13:59.966840" elapsed="0.143136"/>
</kw>
<doc>Testa se os tipos de dados na resposta da API estão corretos.</doc>
<tag>testeTiposDados</tag>
<status status="PASS" start="2024-06-21T23:13:59.855454" elapsed="0.254685"/>
</test>
<test id="s1-s1-t5" name="Validar conteudo" line="35">
<kw name="Teste de Tipos de Conteudo" owner="random-user-service">
<kw name="GET On Session" owner="RequestsLibrary">
<msg time="2024-06-21T23:14:00.231175" level="INFO">GET Request : url=https://randomuser.me/api 
 path_url=/api 
 headers={'User-Agent': 'python-requests/2.32.3', 'Accept-Encoding': 'gzip, deflate', 'Accept': '*/*', 'Connection': 'keep-alive'} 
 body=None 
 </msg>
<msg time="2024-06-21T23:14:00.231288" level="INFO">GET Response : url=https://randomuser.me/api 
 status=200, reason=OK 
 headers={'Date': 'Fri, 21 Jun 2024 23:14:00 GMT', 'Content-Type': 'application/json; charset=utf-8', 'Transfer-Encoding': 'chunked', 'Connection': 'keep-alive', 'X-Powered-By': 'Express', 'Access-Control-Allow-Origin': '*', 'Cache-Control': 'no-cache', 'ETag': 'W/"4a8-u8WwQYJ/QqIAoXgJT4FFk568Y3A"', 'Vary': 'Accept-Encoding', 'Content-Encoding': 'gzip', 'CF-Cache-Status': 'DYNAMIC', 'Report-To': '{"endpoints":[{"url":"https:\\/\\/a.nel.cloudflare.com\\/report\\/v4?s=SEkFFxsA21bQW6hbKbQiSxnxP9FRjtX4ec58VaQtrBsF8A%2FChIgip8JjO50Qs4InenzaU7uDaTScT2fnYm5UDuQFz%2B5pY97cQnektV2rusEk46esgmYpV2oDR%2BanVQrv"}],"group":"cf-nel","max_age":604800}', 'NEL': '{"success_fraction":0,"report_to":"cf-nel","max_age":604800}', 'Server': 'cloudflare', 'CF-RAY': '8977b13eba1967dd-SJC', 'alt-svc': 'h3=":443"; ma=86400'} 
 body={"results":[{"gender":"female","name":{"title":"Ms","first":"Felicia","last":"Willis"},"location":{"street":{"number":3671,"name":"E Center St"},"city":"Darwin","state":"Australian Capital Territory","country":"Australia","postcode":1557,"coordinates":{"latitude":"-87.3140","longitude":"14.4752"},"timezone":{"offset":"+11:00","description":"Magadan, Solomon Islands, New Caledonia"}},"email":"felicia.willis@example.com","login":{"uuid":"5fbf5341-6f82-4b89-b520-4f0ebdd86955","username":"angryfish981","password":"brandi","salt":"8FlTHK9v","md5":"f337ef14b5010172d3db02c7cc9ea499","sha1":"c7695a0b2251aa324a4b34caafc6ec41e8ab870b","sha256":"8bbfcc83a68f7c03c9d230a82f9a5aab906ebe0737ea26a9cc8181e6fb6efb57"},"dob":{"date":"1947-01-22T04:08:46.980Z","age":77},"registered":{"date":"2020-01-09T01:13:59.645Z","age":4},"phone":"08-8535-3312","cell":"0443-938-622","id":{"name":"TFN","value":"331832439"},"picture":{"large":"https://randomuser.me/api/portraits/women/71.jpg","medium":"https://randomuser.me/api/portraits/med/women/71.jpg","thumbnail":"https://randomuser.me/api/portraits/thumb/women/71.jpg"},"nat":"AU"}],"info":{"seed":"ea6242c0e1606607","results":1,"page":1,"version":"1.4"}} 
 </msg>
<msg time="2024-06-21T23:14:00.231367" level="INFO">/opt/hostedtoolcache/Python/3.12.4/x64/lib/python3.12/site-packages/urllib3/connectionpool.py:1099: InsecureRequestWarning: Unverified HTTPS request is being made to host 'randomuser.me'. Adding certificate verification is strongly advised. See: https://urllib3.readthedocs.io/en/latest/advanced-usage.html#tls-warnings
  warnings.warn(</msg>
<msg time="2024-06-21T23:14:00.231489" level="INFO">${response} = &lt;Response [200]&gt;</msg>
<var>${response}</var>
<arg>consultarAPI</arg>
<arg>/api</arg>
<doc>Sends a GET request on a previously created HTTP Session.</doc>
<status status="PASS" start="2024-06-21T23:14:00.112627" elapsed="0.118903"/>
</kw>
<kw name="Set Variable" owner="BuiltIn">
<msg time="2024-06-21T23:14:00.232770" level="INFO">${json_data} = {'results': [{'gender': 'female', 'name': {'title': 'Ms', 'first': 'Felicia', 'last': 'Willis'}, 'location': {'street': {'number': 3671, 'name': 'E Center St'}, 'city': 'Darwin', 'state': 'Australian ...</msg>
<var>${json_data}</var>
<arg>${response.json()}</arg>
<doc>Returns the given values which can then be assigned to a variables.</doc>
<status status="PASS" start="2024-06-21T23:14:00.232156" elapsed="0.000643"/>
</kw>
<kw name="Set Variable" owner="BuiltIn">
<msg time="2024-06-21T23:14:00.233493" level="INFO">${name_title} = Ms</msg>
<var>${name_title}</var>
<arg>${json_data["results"][0]["name"]["title"]}</arg>
<doc>Returns the given values which can then be assigned to a variables.</doc>
<status status="PASS" start="2024-06-21T23:14:00.233108" elapsed="0.000411"/>
</kw>
<kw name="Create List" owner="BuiltIn">
<msg time="2024-06-21T23:14:00.233963" level="INFO">${allowed_titles} = ['Mr', 'Ms', 'Miss', 'Mrs', 'Madame', 'Monsieur']</msg>
<var>${allowed_titles}</var>
<arg>Mr</arg>
<arg>Ms</arg>
<arg>Miss</arg>
<arg>Mrs</arg>
<arg>Madame</arg>
<arg>Monsieur</arg>
<doc>Returns a list containing given items.</doc>
<status status="PASS" start="2024-06-21T23:14:00.233819" elapsed="0.000168"/>
</kw>
<kw name="List Should Contain Value" owner="Collections">
<arg>${allowed_titles}</arg>
<arg>${name_title}</arg>
<doc>Fails if the ``value`` is not found from ``list``.</doc>
<status status="PASS" start="2024-06-21T23:14:00.234285" elapsed="0.000182"/>
</kw>
<kw name="Set Variable" owner="BuiltIn">
<msg time="2024-06-21T23:14:00.235008" level="INFO">${name_country} = AU</msg>
<var>${name_country}</var>
<arg>${json_data["results"][0]["nat"]}</arg>
<doc>Returns the given values which can then be assigned to a variables.</doc>
<status status="PASS" start="2024-06-21T23:14:00.234643" elapsed="0.000390"/>
</kw>
<kw name="Create List" owner="BuiltIn">
<msg time="2024-06-21T23:14:00.235962" level="INFO">${list_country} = ['AD', 'AE', 'AF', 'AG', 'AI', 'AL', 'AM', 'AO', 'AQ', 'AR', 'AS', 'AT', 'AU', 'AW', 'AX', 'AZ', 'BA', 'BB', 'BD', 'BE', 'BF', 'BG', 'BH', 'BI', 'BJ', 'BL', 'BM', 'BN', 'BO', 'BQ', 'BR', 'BS', 'BT', '...</msg>
<var>${list_country}</var>
<arg>AD</arg>
<arg>AE</arg>
<arg>AF</arg>
<arg>AG</arg>
<arg>AI</arg>
<arg>AL</arg>
<arg>AM</arg>
<arg>AO</arg>
<arg>AQ</arg>
<arg>AR</arg>
<arg>AS</arg>
<arg>AT</arg>
<arg>AU</arg>
<arg>AW</arg>
<arg>AX</arg>
<arg>AZ</arg>
<arg>BA</arg>
<arg>BB</arg>
<arg>BD</arg>
<arg>BE</arg>
<arg>BF</arg>
<arg>BG</arg>
<arg>BH</arg>
<arg>BI</arg>
<arg>BJ</arg>
<arg>BL</arg>
<arg>BM</arg>
<arg>BN</arg>
<arg>BO</arg>
<arg>BQ</arg>
<arg>BR</arg>
<arg>BS</arg>
<arg>BT</arg>
<arg>BV</arg>
<arg>BW</arg>
<arg>BY</arg>
<arg>BZ</arg>
<arg>CA</arg>
<arg>CC</arg>
<arg>CD</arg>
<arg>CF</arg>
<arg>CG</arg>
<arg>CH</arg>
<arg>CI</arg>
<arg>CK</arg>
<arg>CL</arg>
<arg>CM</arg>
<arg>CN</arg>
<arg>CO</arg>
<arg>CR</arg>
<arg>CU</arg>
<arg>CV</arg>
<arg>CW</arg>
<arg>CX</arg>
<arg>CY</arg>
<arg>CZ</arg>
<arg>DE</arg>
<arg>DJ</arg>
<arg>DK</arg>
<arg>DM</arg>
<arg>DO</arg>
<arg>DZ</arg>
<arg>EC</arg>
<arg>EE</arg>
<arg>EG</arg>
<arg>EH</arg>
<arg>ER</arg>
<arg>ES</arg>
<arg>ET</arg>
<arg>FI</arg>
<arg>FJ</arg>
<arg>FK</arg>
<arg>FM</arg>
<arg>FO</arg>
<arg>FR</arg>
<arg>GA</arg>
<arg>GB</arg>
<arg>GD</arg>
<arg>GE</arg>
<arg>GF</arg>
<arg>GG</arg>
<arg>GH</arg>
<arg>GI</arg>
<arg>GL</arg>
<arg>GM</arg>
<arg>GN</arg>
<arg>GP</arg>
<arg>GQ</arg>
<arg>GR</arg>
<arg>GS</arg>
<arg>GT</arg>
<arg>GU</arg>
<arg>GW</arg>
<arg>GY</arg>
<arg>HK</arg>
<arg>HM</arg>
<arg>HN</arg>
<arg>HR</arg>
<arg>HT</arg>
<arg>HU</arg>
<arg>ID</arg>
<arg>IE</arg>
<arg>IL</arg>
<arg>IM</arg>
<arg>IN</arg>
<arg>IO</arg>
<arg>IQ</arg>
<arg>IR</arg>
<arg>IS</arg>
<arg>IT</arg>
<arg>JE</arg>
<arg>JM</arg>
<arg>JO</arg>
<arg>JP</arg>
<arg>KE</arg>
<arg>KG</arg>
<arg>KH</arg>
<arg>KI</arg>
<arg>KM</arg>
<arg>KN</arg>
<arg>KP</arg>
<arg>KR</arg>
<arg>KW</arg>
<arg>KY</arg>
<arg>KZ</arg>
<arg>LA</arg>
<arg>LB</arg>
<arg>LC</arg>
<arg>LI</arg>
<arg>LK</arg>
<arg>LR</arg>
<arg>LS</arg>
<arg>LT</arg>
<arg>LU</arg>
<arg>LV</arg>
<arg>LY</arg>
<arg>MA</arg>
<arg>MC</arg>
<arg>MD</arg>
<arg>ME</arg>
<arg>MF</arg>
<arg>MG</arg>
<arg>MH</arg>
<arg>MK</arg>
<arg>ML</arg>
<arg>MM</arg>
<arg>MN</arg>
<arg>MO</arg>
<arg>MP</arg>
<arg>MQ</arg>
<arg>MR</arg>
<arg>MS</arg>
<arg>MT</arg>
<arg>MU</arg>
<arg>MV</arg>
<arg>MW</arg>
<arg>MX</arg>
<arg>MY</arg>
<arg>MZ</arg>
<arg>NA</arg>
<arg>NC</arg>
<arg>NE</arg>
<arg>NF</arg>
<arg>NG</arg>
<arg>NI</arg>
<arg>NL</arg>
<arg>NO</arg>
<arg>NP</arg>
<arg>NR</arg>
<arg>NU</arg>
<arg>NZ</arg>
<arg>OM</arg>
<arg>PA</arg>
<arg>PE</arg>
<arg>PF</arg>
<arg>PG</arg>
<arg>PH</arg>
<arg>PK</arg>
<arg>PL</arg>
<arg>PM</arg>
<arg>PN</arg>
<arg>PR</arg>
<arg>PS</arg>
<arg>PT</arg>
<arg>PW</arg>
<arg>PY</arg>
<arg>QA</arg>
<arg>RE</arg>
<arg>RO</arg>
<arg>RS</arg>
<arg>RU</arg>
<arg>RW</arg>
<arg>SA</arg>
<arg>SB</arg>
<arg>SC</arg>
<arg>SD</arg>
<arg>SE</arg>
<arg>SG</arg>
<arg>SH</arg>
<arg>SI</arg>
<arg>SJ</arg>
<arg>SK</arg>
<arg>SL</arg>
<arg>SM</arg>
<arg>SN</arg>
<arg>SO</arg>
<arg>SR</arg>
<arg>SS</arg>
<arg>ST</arg>
<arg>SV</arg>
<arg>SX</arg>
<arg>SY</arg>
<arg>SZ</arg>
<arg>TC</arg>
<arg>TD</arg>
<arg>TF</arg>
<arg>TG</arg>
<arg>TH</arg>
<arg>TJ</arg>
<arg>TK</arg>
<arg>TL</arg>
<arg>TM</arg>
<arg>TN</arg>
<arg>TO</arg>
<arg>TR</arg>
<arg>TT</arg>
<arg>TV</arg>
<arg>TW</arg>
<arg>TZ</arg>
<arg>UA</arg>
<arg>UG</arg>
<arg>UM</arg>
<arg>US</arg>
<arg>UY</arg>
<arg>UZ</arg>
<arg>VA</arg>
<arg>VC</arg>
<arg>VE</arg>
<arg>VG</arg>
<arg>VI</arg>
<arg>VN</arg>
<arg>VU</arg>
<arg>WF</arg>
<arg>WS</arg>
<arg>XK</arg>
<arg>YE</arg>
<arg>YT</arg>
<arg>ZA</arg>
<arg>ZM</arg>
<arg>ZW</arg>
<doc>Returns a list containing given items.</doc>
<status status="PASS" start="2024-06-21T23:14:00.235320" elapsed="0.000669"/>
</kw>
<kw name="List Should Contain Value" owner="Collections">
<arg>${list_country}</arg>
<arg>${name_country}</arg>
<doc>Fails if the ``value`` is not found from ``list``.</doc>
<status status="PASS" start="2024-06-21T23:14:00.236810" elapsed="0.000204"/>
</kw>
<kw name="Run Keyword If" owner="BuiltIn">
<kw name="Should Be True" owner="BuiltIn">
<arg>${True}</arg>
<doc>Fails if the given condition is not true.</doc>
<status status="PASS" start="2024-06-21T23:14:00.237956" elapsed="0.000150"/>
</kw>
<arg>${json_data["results"][0]["location"]["coordinates"]["latitude"]} &gt;= -90 and ${json_data["results"][0]["location"]["coordinates"]["latitude"]} &lt;= 90</arg>
<arg>Should Be True</arg>
<arg>${True}</arg>
<doc>Runs the given keyword with the given arguments, if ``condition`` is true.</doc>
<status status="PASS" start="2024-06-21T23:14:00.237214" elapsed="0.001022"/>
</kw>
<kw name="Run Keyword If" owner="BuiltIn">
<kw name="Should Be True" owner="BuiltIn">
<arg>${True}</arg>
<doc>Fails if the given condition is not true.</doc>
<status status="PASS" start="2024-06-21T23:14:00.239098" elapsed="0.000247"/>
</kw>
<arg>${json_data["results"][0]["location"]["coordinates"]["longitude"]} &gt;= -180 and ${json_data["results"][0]["location"]["coordinates"]["longitude"]} &lt;= 180</arg>
<arg>Should Be True</arg>
<arg>${True}</arg>
<doc>Runs the given keyword with the given arguments, if ``condition`` is true.</doc>
<status status="PASS" start="2024-06-21T23:14:00.238415" elapsed="0.001059"/>
</kw>
<status status="PASS" start="2024-06-21T23:14:00.112382" elapsed="0.127225"/>
</kw>
<doc>Testa o conteúdo específico dos campos retornados pela API.</doc>
<tag>testeConteudo</tag>
<status status="PASS" start="2024-06-21T23:14:00.111861" elapsed="0.127898"/>
</test>
<status status="PASS" start="2024-06-21T23:13:59.221748" elapsed="1.020019"/>
</suite>
<status status="PASS" start="2024-06-21T23:13:59.206892" elapsed="1.039970"/>
</suite>
<statistics>
<total>
<stat pass="5" fail="0" skip="0">All Tests</stat>
</total>
<tag>
<stat pass="1" fail="0" skip="0">testeConteudo</stat>
<stat pass="1" fail="0" skip="0">testeEstruturaResposta</stat>
<stat pass="1" fail="0" skip="0">testeRequisicaoBasica</stat>
<stat pass="1" fail="0" skip="0">testeTiposDados</stat>
</tag>
<suite>
<stat pass="5" fail="0" skip="0" id="s1" name="Tests">Tests</stat>
<stat pass="5" fail="0" skip="0" id="s1-s1" name="Random-User-Test">Tests.Random-User-Test</stat>
</suite>
</statistics>
<errors>
</errors>
</robot>
