<?xml version="1.0" encoding="UTF-8"?>
<robot generator="Robot 7.0.1 (Python 3.12.4 on linux)" generated="2024-07-30T19:12:59.968969" rpa="false" schemaversion="5">
<suite id="s1" name="Tests" source="/home/runner/work/ApiRandomUser/ApiRandomUser/RamdonUser/tests">
<suite id="s1-s1" name="Random-User-Test" source="/home/runner/work/ApiRandomUser/ApiRandomUser/RamdonUser/tests/random-user-test.robot">
<test id="s1-s1-t1" name="Conectar" line="13">
<kw name="Conectar API" owner="random-user-service">
<kw name="Create Session" owner="RequestsLibrary">
<msg time="2024-07-30T19:13:00.397477" level="INFO">Creating Session using : alias=consultarAPI, url=https://randomuser.me/, headers={},                     cookies={}, auth=None, timeout=None, proxies=None, verify=False,                     debug=0 </msg>
<arg>consultarAPI</arg>
<arg>${URL}</arg>
<doc>Create Session: create a HTTP session to a server</doc>
<status status="PASS" start="2024-07-30T19:13:00.397242" elapsed="0.000460"/>
</kw>
<status status="PASS" start="2024-07-30T19:13:00.396096" elapsed="0.002011"/>
</kw>
<status status="PASS" start="2024-07-30T19:13:00.395465" elapsed="0.002854"/>
</test>
<test id="s1-s1-t2" name="Validar retorno 200 e JSON Válido" line="16">
<kw name="Teste de Requisicao Basica" owner="random-user-service">
<kw name="GET On Session" owner="RequestsLibrary">
<msg time="2024-07-30T19:13:05.737795" level="INFO">GET Request : url=https://randomuser.me/api 
 path_url=/api 
 headers={'User-Agent': 'python-requests/2.32.3', 'Accept-Encoding': 'gzip, deflate', 'Accept': '*/*', 'Connection': 'keep-alive'} 
 body=None 
 </msg>
<msg time="2024-07-30T19:13:05.737963" level="INFO">GET Response : url=https://randomuser.me/api 
 status=200, reason=OK 
 headers={'Date': 'Tue, 30 Jul 2024 19:13:05 GMT', 'Content-Type': 'application/json; charset=utf-8', 'Transfer-Encoding': 'chunked', 'Connection': 'keep-alive', 'X-Powered-By': 'Express', 'Access-Control-Allow-Origin': '*', 'Cache-Control': 'no-cache', 'ETag': 'W/"48a-bZVzoBkPZN7CLekiydBtZdSqErQ"', 'Vary': 'Accept-Encoding', 'Content-Encoding': 'gzip', 'CF-Cache-Status': 'DYNAMIC', 'Report-To': '{"endpoints":[{"url":"https:\\/\\/a.nel.cloudflare.com\\/report\\/v4?s=%2BLD%2Fy8%2B0dBK1kPM1W5Ljkj5HNg%2BJc%2BopQl%2BapXVGnXjuR%2Bwtexd%2BjkasomdxbvGAzQpCfAAYAW0C1nW52J0jBdfrJzVZ4o0OHvS%2FH4I4FZChbLHtBz9cJ%2B8EBObiGXyI"}],"group":"cf-nel","max_age":604800}', 'NEL': '{"success_fraction":0,"report_to":"cf-nel","max_age":604800}', 'Server': 'cloudflare', 'CF-RAY': '8ab7a9da7fad6154-ORD', 'alt-svc': 'h3=":443"; ma=86400'} 
 body={"results":[{"gender":"male","name":{"title":"Mr","first":"Solomon","last":"Yanevskiy"},"location":{"street":{"number":911,"name":"9 Sichnya"},"city":"Mironivka","state":"Hmelnicka","country":"Ukraine","postcode":82792,"coordinates":{"latitude":"76.2933","longitude":"-166.7499"},"timezone":{"offset":"+4:00","description":"Abu Dhabi, Muscat, Baku, Tbilisi"}},"email":"solomon.yanevskiy@example.com","login":{"uuid":"df9128ec-e25c-476c-9c11-7e9574d07890","username":"bigbutterfly503","password":"secrets","salt":"4juWByV2","md5":"e82b4cdfa0aeb452f1fa070a1bcc56ef","sha1":"b9e384c4de83ec9dfb82f8b17fe89f0ca9ce4f7d","sha256":"89e5bb67530cb6fc79c75ff33f6cf09ec19e783b0320e2cfb7766c34f037efbd"},"dob":{"date":"1997-09-22T03:29:40.184Z","age":26},"registered":{"date":"2013-12-19T21:15:51.991Z","age":10},"phone":"(096) H80-4560","cell":"(098) S49-4772","id":{"name":"","value":null},"picture":{"large":"https://randomuser.me/api/portraits/men/35.jpg","medium":"https://randomuser.me/api/portraits/med/men/35.jpg","thumbnail":"https://randomuser.me/api/portraits/thumb/men/35.jpg"},"nat":"UA"}],"info":{"seed":"f59d9d67230491fa","results":1,"page":1,"version":"1.4"}} 
 </msg>
<msg time="2024-07-30T19:13:05.738048" level="INFO">/opt/hostedtoolcache/Python/3.12.4/x64/lib/python3.12/site-packages/urllib3/connectionpool.py:1099: InsecureRequestWarning: Unverified HTTPS request is being made to host 'randomuser.me'. Adding certificate verification is strongly advised. See: https://urllib3.readthedocs.io/en/latest/advanced-usage.html#tls-warnings
  warnings.warn(</msg>
<msg time="2024-07-30T19:13:05.738188" level="INFO">${response} = &lt;Response [200]&gt;</msg>
<var>${response}</var>
<arg>consultarAPI</arg>
<arg>/api</arg>
<doc>Sends a GET request on a previously created HTTP Session.</doc>
<status status="PASS" start="2024-07-30T19:13:00.401032" elapsed="5.337198"/>
</kw>
<kw name="Should Be Equal As Numbers" owner="BuiltIn">
<msg time="2024-07-30T19:13:05.739454" level="INFO">Argument types are:
&lt;class 'int'&gt;
&lt;class 'str'&gt;</msg>
<arg>${response.status_code}</arg>
<arg>200</arg>
<doc>Fails if objects are unequal after converting them to real numbers.</doc>
<status status="PASS" start="2024-07-30T19:13:05.738988" elapsed="0.000530"/>
</kw>
<kw name="Log" owner="BuiltIn">
<msg time="2024-07-30T19:13:05.740189" level="INFO">200</msg>
<arg>${response.status_code}</arg>
<doc>Logs the given message with the given level.</doc>
<status status="PASS" start="2024-07-30T19:13:05.739838" elapsed="0.000394"/>
</kw>
<kw name="Set Variable" owner="BuiltIn">
<msg time="2024-07-30T19:13:05.740979" level="INFO">${json_data} = {'results': [{'gender': 'male', 'name': {'title': 'Mr', 'first': 'Solomon', 'last': 'Yanevskiy'}, 'location': {'street': {'number': 911, 'name': '9 Sichnya'}, 'city': 'Mironivka', 'state': 'Hmelnicka'...</msg>
<var>${json_data}</var>
<arg>${response.json()}</arg>
<doc>Returns the given values which can then be assigned to a variables.</doc>
<status status="PASS" start="2024-07-30T19:13:05.740549" elapsed="0.000458"/>
</kw>
<kw name="Dictionary Should Contain Key" owner="Collections">
<arg>${json_data}</arg>
<arg>results</arg>
<doc>Fails if ``key`` is not found from ``dictionary``.</doc>
<status status="PASS" start="2024-07-30T19:13:05.741321" elapsed="0.000346"/>
</kw>
<status status="PASS" start="2024-07-30T19:13:00.400763" elapsed="5.341057"/>
</kw>
<doc>Testa se a API responde corretamente e retorna um objeto JSON válido.</doc>
<tag>testeRequisicaoBasica</tag>
<status status="PASS" start="2024-07-30T19:13:00.400255" elapsed="5.341741"/>
</test>
<test id="s1-s1-t3" name="Validar estrutura de resposta" line="22">
<kw name="Teste de Estrutura de Resposta" owner="random-user-service">
<kw name="GET On Session" owner="RequestsLibrary">
<msg time="2024-07-30T19:13:10.897655" level="INFO">GET Request : url=https://randomuser.me/api 
 path_url=/api 
 headers={'User-Agent': 'python-requests/2.32.3', 'Accept-Encoding': 'gzip, deflate', 'Accept': '*/*', 'Connection': 'keep-alive'} 
 body=None 
 </msg>
<msg time="2024-07-30T19:13:10.897765" level="INFO">GET Response : url=https://randomuser.me/api 
 status=200, reason=OK 
 headers={'Date': 'Tue, 30 Jul 2024 19:13:10 GMT', 'Content-Type': 'application/json; charset=utf-8', 'Transfer-Encoding': 'chunked', 'Connection': 'keep-alive', 'X-Powered-By': 'Express', 'Access-Control-Allow-Origin': '*', 'Cache-Control': 'no-cache', 'ETag': 'W/"480-BwXgtXGNaX0utf7H22ycc2R3Yxk"', 'Vary': 'Accept-Encoding', 'Content-Encoding': 'gzip', 'CF-Cache-Status': 'DYNAMIC', 'Report-To': '{"endpoints":[{"url":"https:\\/\\/a.nel.cloudflare.com\\/report\\/v4?s=EH%2B099sOBcFM6cLz8yz0lcsWUI4qxF3UexxumFaoAbY%2FMROM5UVJV%2B4EPuQT438veF3MoyumNuoMbvByJ5TneTARBayLeSP%2Ftpdl1FJo1GHzGpr9y99tWuT2EShkNpYY"}],"group":"cf-nel","max_age":604800}', 'NEL': '{"success_fraction":0,"report_to":"cf-nel","max_age":604800}', 'Server': 'cloudflare', 'CF-RAY': '8ab7a9faecf26154-ORD', 'alt-svc': 'h3=":443"; ma=86400'} 
 body={"results":[{"gender":"male","name":{"title":"Monsieur","first":"Aron","last":"Dumas"},"location":{"street":{"number":4088,"name":"Rue Gasparin"},"city":"Berg am Irchel","state":"Thurgau","country":"Switzerland","postcode":4988,"coordinates":{"latitude":"-62.5102","longitude":"-46.8537"},"timezone":{"offset":"+3:30","description":"Tehran"}},"email":"aron.dumas@example.com","login":{"uuid":"1396e1c3-b8b1-48c2-a799-8e9d77ad821a","username":"organiclion592","password":"jasmine","salt":"TGSeGYjP","md5":"846d0aa8b62566a4d1c7bd7b03638b4d","sha1":"fc0a564ffaae7be77936380a50bf4db144b18da3","sha256":"f5cf5299b37098404f988f3ba6f7eeb517c6e093a9e9d351bd9903b090a97930"},"dob":{"date":"1995-08-24T00:16:53.854Z","age":28},"registered":{"date":"2014-03-26T22:23:33.428Z","age":10},"phone":"077 685 11 68","cell":"078 963 46 96","id":{"name":"AVS","value":"756.0744.4991.37"},"picture":{"large":"https://randomuser.me/api/portraits/men/83.jpg","medium":"https://randomuser.me/api/portraits/med/men/83.jpg","thumbnail":"https://randomuser.me/api/portraits/thumb/men/83.jpg"},"nat":"CH"}],"info":{"seed":"94081392a5ee9255","results":1,"page":1,"version":"1.4"}} 
 </msg>
<msg time="2024-07-30T19:13:10.897918" level="INFO">/opt/hostedtoolcache/Python/3.12.4/x64/lib/python3.12/site-packages/urllib3/connectionpool.py:1099: InsecureRequestWarning: Unverified HTTPS request is being made to host 'randomuser.me'. Adding certificate verification is strongly advised. See: https://urllib3.readthedocs.io/en/latest/advanced-usage.html#tls-warnings
  warnings.warn(</msg>
<msg time="2024-07-30T19:13:10.898055" level="INFO">${response} = &lt;Response [200]&gt;</msg>
<var>${response}</var>
<arg>consultarAPI</arg>
<arg>/api</arg>
<doc>Sends a GET request on a previously created HTTP Session.</doc>
<status status="PASS" start="2024-07-30T19:13:05.744733" elapsed="5.153362"/>
</kw>
<kw name="Set Variable" owner="BuiltIn">
<msg time="2024-07-30T19:13:10.899358" level="INFO">${json_data} = {'results': [{'gender': 'male', 'name': {'title': 'Monsieur', 'first': 'Aron', 'last': 'Dumas'}, 'location': {'street': {'number': 4088, 'name': 'Rue Gasparin'}, 'city': 'Berg am Irchel', 'state': 'Th...</msg>
<var>${json_data}</var>
<arg>${response.json()}</arg>
<doc>Returns the given values which can then be assigned to a variables.</doc>
<status status="PASS" start="2024-07-30T19:13:10.898811" elapsed="0.000575"/>
</kw>
<kw name="Log" owner="BuiltIn">
<msg time="2024-07-30T19:13:10.899870" level="INFO">{'results': [{'gender': 'male', 'name': {'title': 'Monsieur', 'first': 'Aron', 'last': 'Dumas'}, 'location': {'street': {'number': 4088, 'name': 'Rue Gasparin'}, 'city': 'Berg am Irchel', 'state': 'Thurgau', 'country': 'Switzerland', 'postcode': 4988, 'coordinates': {'latitude': '-62.5102', 'longitude': '-46.8537'}, 'timezone': {'offset': '+3:30', 'description': 'Tehran'}}, 'email': 'aron.dumas@example.com', 'login': {'uuid': '1396e1c3-b8b1-48c2-a799-8e9d77ad821a', 'username': 'organiclion592', 'password': 'jasmine', 'salt': 'TGSeGYjP', 'md5': '846d0aa8b62566a4d1c7bd7b03638b4d', 'sha1': 'fc0a564ffaae7be77936380a50bf4db144b18da3', 'sha256': 'f5cf5299b37098404f988f3ba6f7eeb517c6e093a9e9d351bd9903b090a97930'}, 'dob': {'date': '1995-08-24T00:16:53.854Z', 'age': 28}, 'registered': {'date': '2014-03-26T22:23:33.428Z', 'age': 10}, 'phone': '077 685 11 68', 'cell': '078 963 46 96', 'id': {'name': 'AVS', 'value': '756.0744.4991.37'}, 'picture': {'large': 'https://randomuser.me/api/portraits/men/83.jpg', 'medium': 'https://randomuser.me/api/portraits/med/men/83.jpg', 'thumbnail': 'https://randomuser.me/api/portraits/thumb/men/83.jpg'}, 'nat': 'CH'}], 'info': {'seed': '94081392a5ee9255', 'results': 1, 'page': 1, 'version': '1.4'}}</msg>
<arg>${json_data}</arg>
<doc>Logs the given message with the given level.</doc>
<status status="PASS" start="2024-07-30T19:13:10.899705" elapsed="0.000213"/>
</kw>
<kw name="Dictionary Should Contain Key" owner="Collections">
<arg>${json_data}</arg>
<arg>results</arg>
<doc>Fails if ``key`` is not found from ``dictionary``.</doc>
<status status="PASS" start="2024-07-30T19:13:10.900208" elapsed="0.000163"/>
</kw>
<kw name="Should Not Be Empty" owner="BuiltIn">
<msg time="2024-07-30T19:13:10.900693" level="INFO">Length is 2.</msg>
<arg>${json_data}</arg>
<doc>Verifies that the given item is not empty.</doc>
<status status="PASS" start="2024-07-30T19:13:10.900552" elapsed="0.000179"/>
</kw>
<kw name="Create List" owner="BuiltIn">
<msg time="2024-07-30T19:13:10.901174" level="INFO">${expected_keys} = ['gender', 'name', 'location', 'email', 'login']</msg>
<var>${expected_keys}</var>
<arg>gender</arg>
<arg>name</arg>
<arg>location</arg>
<arg>email</arg>
<arg>login</arg>
<doc>Returns a list containing given items.</doc>
<status status="PASS" start="2024-07-30T19:13:10.901015" elapsed="0.000183"/>
</kw>
<for flavor="IN">
<iter>
<kw name="Dictionary Should Contain Key" owner="Collections">
<arg>${json_data['results'][0]}</arg>
<arg>${key}</arg>
<doc>Fails if ``key`` is not found from ``dictionary``.</doc>
<status status="PASS" start="2024-07-30T19:13:10.901779" elapsed="0.000402"/>
</kw>
<kw name="Log" owner="BuiltIn">
<msg time="2024-07-30T19:13:10.902757" level="INFO">{'gender': 'male', 'name': {'title': 'Monsieur', 'first': 'Aron', 'last': 'Dumas'}, 'location': {'street': {'number': 4088, 'name': 'Rue Gasparin'}, 'city': 'Berg am Irchel', 'state': 'Thurgau', 'country': 'Switzerland', 'postcode': 4988, 'coordinates': {'latitude': '-62.5102', 'longitude': '-46.8537'}, 'timezone': {'offset': '+3:30', 'description': 'Tehran'}}, 'email': 'aron.dumas@example.com', 'login': {'uuid': '1396e1c3-b8b1-48c2-a799-8e9d77ad821a', 'username': 'organiclion592', 'password': 'jasmine', 'salt': 'TGSeGYjP', 'md5': '846d0aa8b62566a4d1c7bd7b03638b4d', 'sha1': 'fc0a564ffaae7be77936380a50bf4db144b18da3', 'sha256': 'f5cf5299b37098404f988f3ba6f7eeb517c6e093a9e9d351bd9903b090a97930'}, 'dob': {'date': '1995-08-24T00:16:53.854Z', 'age': 28}, 'registered': {'date': '2014-03-26T22:23:33.428Z', 'age': 10}, 'phone': '077 685 11 68', 'cell': '078 963 46 96', 'id': {'name': 'AVS', 'value': '756.0744.4991.37'}, 'picture': {'large': 'https://randomuser.me/api/portraits/men/83.jpg', 'medium': 'https://randomuser.me/api/portraits/med/men/83.jpg', 'thumbnail': 'https://randomuser.me/api/portraits/thumb/men/83.jpg'}, 'nat': 'CH'}</msg>
<arg>${json_data['results'][0]}</arg>
<doc>Logs the given message with the given level.</doc>
<status status="PASS" start="2024-07-30T19:13:10.902365" elapsed="0.000442"/>
</kw>
<kw name="Log" owner="BuiltIn">
<msg time="2024-07-30T19:13:10.903249" level="INFO">gender</msg>
<arg>${key}</arg>
<doc>Logs the given message with the given level.</doc>
<status status="PASS" start="2024-07-30T19:13:10.903118" elapsed="0.000168"/>
</kw>
<var name="${key}">gender</var>
<status status="PASS" start="2024-07-30T19:13:10.901652" elapsed="0.001848"/>
</iter>
<iter>
<kw name="Dictionary Should Contain Key" owner="Collections">
<arg>${json_data['results'][0]}</arg>
<arg>${key}</arg>
<doc>Fails if ``key`` is not found from ``dictionary``.</doc>
<status status="PASS" start="2024-07-30T19:13:10.903793" elapsed="0.000393"/>
</kw>
<kw name="Log" owner="BuiltIn">
<msg time="2024-07-30T19:13:10.904716" level="INFO">{'gender': 'male', 'name': {'title': 'Monsieur', 'first': 'Aron', 'last': 'Dumas'}, 'location': {'street': {'number': 4088, 'name': 'Rue Gasparin'}, 'city': 'Berg am Irchel', 'state': 'Thurgau', 'country': 'Switzerland', 'postcode': 4988, 'coordinates': {'latitude': '-62.5102', 'longitude': '-46.8537'}, 'timezone': {'offset': '+3:30', 'description': 'Tehran'}}, 'email': 'aron.dumas@example.com', 'login': {'uuid': '1396e1c3-b8b1-48c2-a799-8e9d77ad821a', 'username': 'organiclion592', 'password': 'jasmine', 'salt': 'TGSeGYjP', 'md5': '846d0aa8b62566a4d1c7bd7b03638b4d', 'sha1': 'fc0a564ffaae7be77936380a50bf4db144b18da3', 'sha256': 'f5cf5299b37098404f988f3ba6f7eeb517c6e093a9e9d351bd9903b090a97930'}, 'dob': {'date': '1995-08-24T00:16:53.854Z', 'age': 28}, 'registered': {'date': '2014-03-26T22:23:33.428Z', 'age': 10}, 'phone': '077 685 11 68', 'cell': '078 963 46 96', 'id': {'name': 'AVS', 'value': '756.0744.4991.37'}, 'picture': {'large': 'https://randomuser.me/api/portraits/men/83.jpg', 'medium': 'https://randomuser.me/api/portraits/med/men/83.jpg', 'thumbnail': 'https://randomuser.me/api/portraits/thumb/men/83.jpg'}, 'nat': 'CH'}</msg>
<arg>${json_data['results'][0]}</arg>
<doc>Logs the given message with the given level.</doc>
<status status="PASS" start="2024-07-30T19:13:10.904365" elapsed="0.000441"/>
</kw>
<kw name="Log" owner="BuiltIn">
<msg time="2024-07-30T19:13:10.905229" level="INFO">name</msg>
<arg>${key}</arg>
<doc>Logs the given message with the given level.</doc>
<status status="PASS" start="2024-07-30T19:13:10.905102" elapsed="0.000164"/>
</kw>
<var name="${key}">name</var>
<status status="PASS" start="2024-07-30T19:13:10.903683" elapsed="0.001801"/>
</iter>
<iter>
<kw name="Dictionary Should Contain Key" owner="Collections">
<arg>${json_data['results'][0]}</arg>
<arg>${key}</arg>
<doc>Fails if ``key`` is not found from ``dictionary``.</doc>
<status status="PASS" start="2024-07-30T19:13:10.905762" elapsed="0.000376"/>
</kw>
<kw name="Log" owner="BuiltIn">
<msg time="2024-07-30T19:13:10.906699" level="INFO">{'gender': 'male', 'name': {'title': 'Monsieur', 'first': 'Aron', 'last': 'Dumas'}, 'location': {'street': {'number': 4088, 'name': 'Rue Gasparin'}, 'city': 'Berg am Irchel', 'state': 'Thurgau', 'country': 'Switzerland', 'postcode': 4988, 'coordinates': {'latitude': '-62.5102', 'longitude': '-46.8537'}, 'timezone': {'offset': '+3:30', 'description': 'Tehran'}}, 'email': 'aron.dumas@example.com', 'login': {'uuid': '1396e1c3-b8b1-48c2-a799-8e9d77ad821a', 'username': 'organiclion592', 'password': 'jasmine', 'salt': 'TGSeGYjP', 'md5': '846d0aa8b62566a4d1c7bd7b03638b4d', 'sha1': 'fc0a564ffaae7be77936380a50bf4db144b18da3', 'sha256': 'f5cf5299b37098404f988f3ba6f7eeb517c6e093a9e9d351bd9903b090a97930'}, 'dob': {'date': '1995-08-24T00:16:53.854Z', 'age': 28}, 'registered': {'date': '2014-03-26T22:23:33.428Z', 'age': 10}, 'phone': '077 685 11 68', 'cell': '078 963 46 96', 'id': {'name': 'AVS', 'value': '756.0744.4991.37'}, 'picture': {'large': 'https://randomuser.me/api/portraits/men/83.jpg', 'medium': 'https://randomuser.me/api/portraits/med/men/83.jpg', 'thumbnail': 'https://randomuser.me/api/portraits/thumb/men/83.jpg'}, 'nat': 'CH'}</msg>
<arg>${json_data['results'][0]}</arg>
<doc>Logs the given message with the given level.</doc>
<status status="PASS" start="2024-07-30T19:13:10.906323" elapsed="0.000426"/>
</kw>
<kw name="Log" owner="BuiltIn">
<msg time="2024-07-30T19:13:10.907183" level="INFO">location</msg>
<arg>${key}</arg>
<doc>Logs the given message with the given level.</doc>
<status status="PASS" start="2024-07-30T19:13:10.907055" elapsed="0.000165"/>
</kw>
<var name="${key}">location</var>
<status status="PASS" start="2024-07-30T19:13:10.905656" elapsed="0.001781"/>
</iter>
<iter>
<kw name="Dictionary Should Contain Key" owner="Collections">
<arg>${json_data['results'][0]}</arg>
<arg>${key}</arg>
<doc>Fails if ``key`` is not found from ``dictionary``.</doc>
<status status="PASS" start="2024-07-30T19:13:10.907725" elapsed="0.000389"/>
</kw>
<kw name="Log" owner="BuiltIn">
<msg time="2024-07-30T19:13:10.908772" level="INFO">{'gender': 'male', 'name': {'title': 'Monsieur', 'first': 'Aron', 'last': 'Dumas'}, 'location': {'street': {'number': 4088, 'name': 'Rue Gasparin'}, 'city': 'Berg am Irchel', 'state': 'Thurgau', 'country': 'Switzerland', 'postcode': 4988, 'coordinates': {'latitude': '-62.5102', 'longitude': '-46.8537'}, 'timezone': {'offset': '+3:30', 'description': 'Tehran'}}, 'email': 'aron.dumas@example.com', 'login': {'uuid': '1396e1c3-b8b1-48c2-a799-8e9d77ad821a', 'username': 'organiclion592', 'password': 'jasmine', 'salt': 'TGSeGYjP', 'md5': '846d0aa8b62566a4d1c7bd7b03638b4d', 'sha1': 'fc0a564ffaae7be77936380a50bf4db144b18da3', 'sha256': 'f5cf5299b37098404f988f3ba6f7eeb517c6e093a9e9d351bd9903b090a97930'}, 'dob': {'date': '1995-08-24T00:16:53.854Z', 'age': 28}, 'registered': {'date': '2014-03-26T22:23:33.428Z', 'age': 10}, 'phone': '077 685 11 68', 'cell': '078 963 46 96', 'id': {'name': 'AVS', 'value': '756.0744.4991.37'}, 'picture': {'large': 'https://randomuser.me/api/portraits/men/83.jpg', 'medium': 'https://randomuser.me/api/portraits/med/men/83.jpg', 'thumbnail': 'https://randomuser.me/api/portraits/thumb/men/83.jpg'}, 'nat': 'CH'}</msg>
<arg>${json_data['results'][0]}</arg>
<doc>Logs the given message with the given level.</doc>
<status status="PASS" start="2024-07-30T19:13:10.908420" elapsed="0.000400"/>
</kw>
<kw name="Log" owner="BuiltIn">
<msg time="2024-07-30T19:13:10.909244" level="INFO">email</msg>
<arg>${key}</arg>
<doc>Logs the given message with the given level.</doc>
<status status="PASS" start="2024-07-30T19:13:10.909115" elapsed="0.000167"/>
</kw>
<var name="${key}">email</var>
<status status="PASS" start="2024-07-30T19:13:10.907609" elapsed="0.001887"/>
</iter>
<iter>
<kw name="Dictionary Should Contain Key" owner="Collections">
<arg>${json_data['results'][0]}</arg>
<arg>${key}</arg>
<doc>Fails if ``key`` is not found from ``dictionary``.</doc>
<status status="PASS" start="2024-07-30T19:13:10.909776" elapsed="0.000374"/>
</kw>
<kw name="Log" owner="BuiltIn">
<msg time="2024-07-30T19:13:10.910704" level="INFO">{'gender': 'male', 'name': {'title': 'Monsieur', 'first': 'Aron', 'last': 'Dumas'}, 'location': {'street': {'number': 4088, 'name': 'Rue Gasparin'}, 'city': 'Berg am Irchel', 'state': 'Thurgau', 'country': 'Switzerland', 'postcode': 4988, 'coordinates': {'latitude': '-62.5102', 'longitude': '-46.8537'}, 'timezone': {'offset': '+3:30', 'description': 'Tehran'}}, 'email': 'aron.dumas@example.com', 'login': {'uuid': '1396e1c3-b8b1-48c2-a799-8e9d77ad821a', 'username': 'organiclion592', 'password': 'jasmine', 'salt': 'TGSeGYjP', 'md5': '846d0aa8b62566a4d1c7bd7b03638b4d', 'sha1': 'fc0a564ffaae7be77936380a50bf4db144b18da3', 'sha256': 'f5cf5299b37098404f988f3ba6f7eeb517c6e093a9e9d351bd9903b090a97930'}, 'dob': {'date': '1995-08-24T00:16:53.854Z', 'age': 28}, 'registered': {'date': '2014-03-26T22:23:33.428Z', 'age': 10}, 'phone': '077 685 11 68', 'cell': '078 963 46 96', 'id': {'name': 'AVS', 'value': '756.0744.4991.37'}, 'picture': {'large': 'https://randomuser.me/api/portraits/men/83.jpg', 'medium': 'https://randomuser.me/api/portraits/med/men/83.jpg', 'thumbnail': 'https://randomuser.me/api/portraits/thumb/men/83.jpg'}, 'nat': 'CH'}</msg>
<arg>${json_data['results'][0]}</arg>
<doc>Logs the given message with the given level.</doc>
<status status="PASS" start="2024-07-30T19:13:10.910330" elapsed="0.000424"/>
</kw>
<kw name="Log" owner="BuiltIn">
<msg time="2024-07-30T19:13:10.911190" level="INFO">login</msg>
<arg>${key}</arg>
<doc>Logs the given message with the given level.</doc>
<status status="PASS" start="2024-07-30T19:13:10.911056" elapsed="0.000171"/>
</kw>
<var name="${key}">login</var>
<status status="PASS" start="2024-07-30T19:13:10.909668" elapsed="0.001773"/>
</iter>
<var>${key}</var>
<value>@{expected_keys}</value>
<status status="PASS" start="2024-07-30T19:13:10.901460" elapsed="0.010100"/>
</for>
<kw name="Create List" owner="BuiltIn">
<msg time="2024-07-30T19:13:10.911891" level="INFO">${expected_keysTwo} = ['username', 'password']</msg>
<var>${expected_keysTwo}</var>
<arg>username</arg>
<arg>password</arg>
<doc>Returns a list containing given items.</doc>
<status status="PASS" start="2024-07-30T19:13:10.911750" elapsed="0.000165"/>
</kw>
<for flavor="IN">
<iter>
<kw name="Dictionary Should Contain Key" owner="Collections">
<arg>${json_data['results'][0]['login']}</arg>
<arg>${keyTwo}</arg>
<doc>Fails if ``key`` is not found from ``dictionary``.</doc>
<status status="PASS" start="2024-07-30T19:13:10.912432" elapsed="0.000394"/>
</kw>
<kw name="Dictionary Should Contain Key" owner="Collections">
<arg>${json_data['results'][0]['login']}</arg>
<arg>${keyTwo}</arg>
<doc>Fails if ``key`` is not found from ``dictionary``.</doc>
<status status="PASS" start="2024-07-30T19:13:10.913006" elapsed="0.000377"/>
</kw>
<kw name="Log" owner="BuiltIn">
<msg time="2024-07-30T19:13:10.913680" level="INFO">username</msg>
<arg>${keyTwo}</arg>
<doc>Logs the given message with the given level.</doc>
<status status="PASS" start="2024-07-30T19:13:10.913560" elapsed="0.000158"/>
</kw>
<var name="${keyTwo}">username</var>
<status status="PASS" start="2024-07-30T19:13:10.912326" elapsed="0.001611"/>
</iter>
<iter>
<kw name="Dictionary Should Contain Key" owner="Collections">
<arg>${json_data['results'][0]['login']}</arg>
<arg>${keyTwo}</arg>
<doc>Fails if ``key`` is not found from ``dictionary``.</doc>
<status status="PASS" start="2024-07-30T19:13:10.914219" elapsed="0.000374"/>
</kw>
<kw name="Dictionary Should Contain Key" owner="Collections">
<arg>${json_data['results'][0]['login']}</arg>
<arg>${keyTwo}</arg>
<doc>Fails if ``key`` is not found from ``dictionary``.</doc>
<status status="PASS" start="2024-07-30T19:13:10.914806" elapsed="0.000370"/>
</kw>
<kw name="Log" owner="BuiltIn">
<msg time="2024-07-30T19:13:10.915472" level="INFO">password</msg>
<arg>${keyTwo}</arg>
<doc>Logs the given message with the given level.</doc>
<status status="PASS" start="2024-07-30T19:13:10.915350" elapsed="0.000160"/>
</kw>
<var name="${keyTwo}">password</var>
<status status="PASS" start="2024-07-30T19:13:10.914107" elapsed="0.001623"/>
</iter>
<var>${keyTwo}</var>
<value>@{expected_keysTwo}</value>
<status status="PASS" start="2024-07-30T19:13:10.912173" elapsed="0.003677"/>
</for>
<status status="PASS" start="2024-07-30T19:13:05.744485" elapsed="5.171509"/>
</kw>
<doc>Testa a estrutura da resposta da API.</doc>
<tag>testeEstruturaResposta</tag>
<status status="PASS" start="2024-07-30T19:13:05.743901" elapsed="5.172254"/>
</test>
<test id="s1-s1-t4" name="Validar tipos de dados" line="28">
<kw name="Teste de Tipos de Dados" owner="random-user-service">
<kw name="GET On Session" owner="RequestsLibrary">
<msg time="2024-07-30T19:13:16.176308" level="INFO">GET Request : url=https://randomuser.me/api 
 path_url=/api 
 headers={'User-Agent': 'python-requests/2.32.3', 'Accept-Encoding': 'gzip, deflate', 'Accept': '*/*', 'Connection': 'keep-alive'} 
 body=None 
 </msg>
<msg time="2024-07-30T19:13:16.176432" level="INFO">GET Response : url=https://randomuser.me/api 
 status=200, reason=OK 
 headers={'Date': 'Tue, 30 Jul 2024 19:13:16 GMT', 'Content-Type': 'application/json; charset=utf-8', 'Transfer-Encoding': 'chunked', 'Connection': 'keep-alive', 'X-Powered-By': 'Express', 'Access-Control-Allow-Origin': '*', 'Cache-Control': 'no-cache', 'ETag': 'W/"485-9a/u1FMZVDSKLBQW0o0Ma4UI0pY"', 'Vary': 'Accept-Encoding', 'Content-Encoding': 'gzip', 'CF-Cache-Status': 'DYNAMIC', 'Report-To': '{"endpoints":[{"url":"https:\\/\\/a.nel.cloudflare.com\\/report\\/v4?s=83i09u8kSXkVPr%2B0VSQXlLvuu9TGo4JwB%2BJ4A2%2FeEjAQ%2F15h8iYab7IU7wWd4ka%2BdxbDbDQN4V0jurjcaqg2e2PKNSAcY4yi4CVz9LUlu6OVmh3fFekxFVUKZvoFy3vi"}],"group":"cf-nel","max_age":604800}', 'NEL': '{"success_fraction":0,"report_to":"cf-nel","max_age":604800}', 'Server': 'cloudflare', 'CF-RAY': '8ab7aa1c9fe86154-ORD', 'alt-svc': 'h3=":443"; ma=86400'} 
 body={"results":[{"gender":"female","name":{"title":"Miss","first":"Ariana","last":"Johnson"},"location":{"street":{"number":7535,"name":"Colombo Street"},"city":"Taupo","state":"Southland","country":"New Zealand","postcode":35822,"coordinates":{"latitude":"49.6076","longitude":"50.7395"},"timezone":{"offset":"+6:00","description":"Almaty, Dhaka, Colombo"}},"email":"ariana.johnson@example.com","login":{"uuid":"152cc2ba-4b8b-422f-92f3-f743fa32f3f8","username":"brownzebra501","password":"zxczxc","salt":"UFUjk0Kk","md5":"39910872f14fdad1cba88844d8cdf125","sha1":"c69557d3c433385f8e230a5184837a6fb00f1e29","sha256":"4494d6652357faee40286d58e9a58c3f35e282607d1e4ac6dbe853a3d13dff01"},"dob":{"date":"1958-12-05T21:16:18.435Z","age":65},"registered":{"date":"2006-03-02T01:07:37.141Z","age":18},"phone":"(621)-929-5169","cell":"(561)-997-6486","id":{"name":"","value":null},"picture":{"large":"https://randomuser.me/api/portraits/women/92.jpg","medium":"https://randomuser.me/api/portraits/med/women/92.jpg","thumbnail":"https://randomuser.me/api/portraits/thumb/women/92.jpg"},"nat":"NZ"}],"info":{"seed":"3566e8654d3a141b","results":1,"page":1,"version":"1.4"}} 
 </msg>
<msg time="2024-07-30T19:13:16.176516" level="INFO">/opt/hostedtoolcache/Python/3.12.4/x64/lib/python3.12/site-packages/urllib3/connectionpool.py:1099: InsecureRequestWarning: Unverified HTTPS request is being made to host 'randomuser.me'. Adding certificate verification is strongly advised. See: https://urllib3.readthedocs.io/en/latest/advanced-usage.html#tls-warnings
  warnings.warn(</msg>
<msg time="2024-07-30T19:13:16.176649" level="INFO">${response} = &lt;Response [200]&gt;</msg>
<var>${response}</var>
<arg>consultarAPI</arg>
<arg>/api</arg>
<doc>Sends a GET request on a previously created HTTP Session.</doc>
<status status="PASS" start="2024-07-30T19:13:10.918613" elapsed="5.258069"/>
</kw>
<kw name="Set Variable" owner="BuiltIn">
<msg time="2024-07-30T19:13:16.177874" level="INFO">${json_data} = {'results': [{'gender': 'female', 'name': {'title': 'Miss', 'first': 'Ariana', 'last': 'Johnson'}, 'location': {'street': {'number': 7535, 'name': 'Colombo Street'}, 'city': 'Taupo', 'state': 'Southla...</msg>
<var>${json_data}</var>
<arg>${response.json()}</arg>
<doc>Returns the given values which can then be assigned to a variables.</doc>
<status status="PASS" start="2024-07-30T19:13:16.177309" elapsed="0.000593"/>
</kw>
<kw name="Log" owner="BuiltIn">
<msg time="2024-07-30T19:13:16.178395" level="INFO">{'results': [{'gender': 'female', 'name': {'title': 'Miss', 'first': 'Ariana', 'last': 'Johnson'}, 'location': {'street': {'number': 7535, 'name': 'Colombo Street'}, 'city': 'Taupo', 'state': 'Southland', 'country': 'New Zealand', 'postcode': 35822, 'coordinates': {'latitude': '49.6076', 'longitude': '50.7395'}, 'timezone': {'offset': '+6:00', 'description': 'Almaty, Dhaka, Colombo'}}, 'email': 'ariana.johnson@example.com', 'login': {'uuid': '152cc2ba-4b8b-422f-92f3-f743fa32f3f8', 'username': 'brownzebra501', 'password': 'zxczxc', 'salt': 'UFUjk0Kk', 'md5': '39910872f14fdad1cba88844d8cdf125', 'sha1': 'c69557d3c433385f8e230a5184837a6fb00f1e29', 'sha256': '4494d6652357faee40286d58e9a58c3f35e282607d1e4ac6dbe853a3d13dff01'}, 'dob': {'date': '1958-12-05T21:16:18.435Z', 'age': 65}, 'registered': {'date': '2006-03-02T01:07:37.141Z', 'age': 18}, 'phone': '(621)-929-5169', 'cell': '(561)-997-6486', 'id': {'name': '', 'value': None}, 'picture': {'large': 'https://randomuser.me/api/portraits/women/92.jpg', 'medium': 'https://randomuser.me/api/portraits/med/women/92.jpg', 'thumbnail': 'https://randomuser.me/api/portraits/thumb/women/92.jpg'}, 'nat': 'NZ'}], 'info': {'seed': '3566e8654d3a141b', 'results': 1, 'page': 1, 'version': '1.4'}}</msg>
<arg>${json_data}</arg>
<doc>Logs the given message with the given level.</doc>
<status status="PASS" start="2024-07-30T19:13:16.178234" elapsed="0.000208"/>
</kw>
<kw name="Should Be String" owner="String">
<arg>${json_data['results'][0]['gender']}</arg>
<doc>Fails if the given ``item`` is not a string.</doc>
<status status="PASS" start="2024-07-30T19:13:16.178798" elapsed="0.000380"/>
</kw>
<kw name="Should Match Regexp" owner="BuiltIn">
<arg>${json_data['results'][0]['email']}</arg>
<arg>^[a-zA-Z0-9._%+-]+@[a-zA-Z0-9.-]+\.[a-zA-Z]{2,}$</arg>
<doc>Fails if ``string`` does not match ``pattern`` as a regular expression.</doc>
<status status="PASS" start="2024-07-30T19:13:16.179366" elapsed="0.000529"/>
</kw>
<kw name="Should Match Regexp" owner="BuiltIn">
<arg>${json_data['results'][0]['dob']['date']}</arg>
<arg>\\d{4}-\\d{2}-\\d{2}T\\d{2}:\\d{2}:\\d{2}\\.\\d{3}Z</arg>
<doc>Fails if ``string`` does not match ``pattern`` as a regular expression.</doc>
<status status="PASS" start="2024-07-30T19:13:16.180133" elapsed="0.000643"/>
</kw>
<kw name="Should Match Regexp" owner="BuiltIn">
<arg>${json_data['results'][0]['registered']['date']}</arg>
<arg>\\d{4}-\\d{2}-\\d{2}T\\d{2}:\\d{2}:\\d{2}\\.\\d{3}Z</arg>
<doc>Fails if ``string`` does not match ``pattern`` as a regular expression.</doc>
<status status="PASS" start="2024-07-30T19:13:16.180967" elapsed="0.000369"/>
</kw>
<kw name="Should Match Regexp" owner="BuiltIn">
<arg>${json_data['results'][0]['picture']['large']}</arg>
<arg>^https?://.*\.(?:png|jpe?g|gif|bmp)$</arg>
<doc>Fails if ``string`` does not match ``pattern`` as a regular expression.</doc>
<status status="PASS" start="2024-07-30T19:13:16.181520" elapsed="0.000457"/>
</kw>
<kw name="Should Match Regexp" owner="BuiltIn">
<arg>${json_data['results'][0]['picture']['medium']}</arg>
<arg>^https?://.*\.(?:png|jpe?g|gif|bmp)$</arg>
<doc>Fails if ``string`` does not match ``pattern`` as a regular expression.</doc>
<status status="PASS" start="2024-07-30T19:13:16.182163" elapsed="0.000351"/>
</kw>
<kw name="Should Match Regexp" owner="BuiltIn">
<arg>${json_data['results'][0]['picture']['thumbnail']}</arg>
<arg>^https?://.*\.(?:png|jpe?g|gif|bmp)$</arg>
<doc>Fails if ``string`` does not match ``pattern`` as a regular expression.</doc>
<status status="PASS" start="2024-07-30T19:13:16.182723" elapsed="0.000364"/>
</kw>
<kw name="Log" owner="BuiltIn">
<msg time="2024-07-30T19:13:16.183595" level="INFO">{'large': 'https://randomuser.me/api/portraits/women/92.jpg', 'medium': 'https://randomuser.me/api/portraits/med/women/92.jpg', 'thumbnail': 'https://randomuser.me/api/portraits/thumb/women/92.jpg'}</msg>
<arg>${json_data['results'][0]['picture']}</arg>
<doc>Logs the given message with the given level.</doc>
<status status="PASS" start="2024-07-30T19:13:16.183267" elapsed="0.000371"/>
</kw>
<status status="PASS" start="2024-07-30T19:13:10.918388" elapsed="5.265526"/>
</kw>
<kw name="Teste de Tipos de Dados - Postcode" owner="random-user-service">
<kw name="GET On Session" owner="RequestsLibrary">
<msg time="2024-07-30T19:13:21.363804" level="INFO">GET Request : url=https://randomuser.me/api 
 path_url=/api 
 headers={'User-Agent': 'python-requests/2.32.3', 'Accept-Encoding': 'gzip, deflate', 'Accept': '*/*', 'Connection': 'keep-alive'} 
 body=None 
 </msg>
<msg time="2024-07-30T19:13:21.363921" level="INFO">GET Response : url=https://randomuser.me/api 
 status=200, reason=OK 
 headers={'Date': 'Tue, 30 Jul 2024 19:13:21 GMT', 'Content-Type': 'application/json; charset=utf-8', 'Transfer-Encoding': 'chunked', 'Connection': 'keep-alive', 'X-Powered-By': 'Express', 'Access-Control-Allow-Origin': '*', 'Cache-Control': 'no-cache', 'ETag': 'W/"4a1-+LSNXYYipYxVOxBwC7gddN6ahb4"', 'Vary': 'Accept-Encoding', 'Content-Encoding': 'gzip', 'CF-Cache-Status': 'DYNAMIC', 'Report-To': '{"endpoints":[{"url":"https:\\/\\/a.nel.cloudflare.com\\/report\\/v4?s=sQyNkbTleRxSURFjntB%2BVywtFw3IV10DT6%2FAcpTLUx185u8NGK3TXQJdPavPIvSsrZuS7fjV9JGzuqynZ%2FvuNQhXff2fgkSUAgfpqSFCpuASvOkeyE8Y2E%2FMROOzy8lN"}],"group":"cf-nel","max_age":604800}', 'NEL': '{"success_fraction":0,"report_to":"cf-nel","max_age":604800}', 'Server': 'cloudflare', 'CF-RAY': '8ab7aa3c28956154-ORD', 'alt-svc': 'h3=":443"; ma=86400'} 
 body={"results":[{"gender":"female","name":{"title":"Mrs","first":"Soledad","last":"Chavarría"},"location":{"street":{"number":3946,"name":"Periférico Coronado"},"city":"Chiapa de Corzo","state":"Quintana Roo","country":"Mexico","postcode":87027,"coordinates":{"latitude":"27.2579","longitude":"90.1802"},"timezone":{"offset":"-3:30","description":"Newfoundland"}},"email":"soledad.chavarria@example.com","login":{"uuid":"e3956c2b-d290-46b1-a969-9fb82cbd1f49","username":"organicmouse951","password":"gaymen","salt":"jLayTezK","md5":"e6f33d9f35d954bcc9c483d0b316ee75","sha1":"78d490cc7b251b4472afefe24a7a01b3f411104a","sha256":"0298c932975a308a2108436218aa46b504c4d1f52800f057297c4b612fd7542d"},"dob":{"date":"1984-04-05T16:02:03.379Z","age":40},"registered":{"date":"2013-02-18T18:56:51.660Z","age":11},"phone":"(687) 819 2683","cell":"(661) 391 2135","id":{"name":"NSS","value":"21 12 14 0404 5"},"picture":{"large":"https://randomuser.me/api/portraits/women/13.jpg","medium":"https://randomuser.me/api/portraits/med/women/13.jpg","thumbnail":"https://randomuser.me/api/portraits/thumb/women/13.jpg"},"nat":"MX"}],"info":{"seed":"94e5a0ad7e59697b","results":1,"page":1,"version":"1.4"}} 
 </msg>
<msg time="2024-07-30T19:13:21.364012" level="INFO">/opt/hostedtoolcache/Python/3.12.4/x64/lib/python3.12/site-packages/urllib3/connectionpool.py:1099: InsecureRequestWarning: Unverified HTTPS request is being made to host 'randomuser.me'. Adding certificate verification is strongly advised. See: https://urllib3.readthedocs.io/en/latest/advanced-usage.html#tls-warnings
  warnings.warn(</msg>
<msg time="2024-07-30T19:13:21.364160" level="INFO">${response} = &lt;Response [200]&gt;</msg>
<var>${response}</var>
<arg>consultarAPI</arg>
<arg>/api</arg>
<doc>Sends a GET request on a previously created HTTP Session.</doc>
<status status="PASS" start="2024-07-30T19:13:16.184392" elapsed="5.179817"/>
</kw>
<kw name="Set Variable" owner="BuiltIn">
<msg time="2024-07-30T19:13:21.365610" level="INFO">${json_data} = {'results': [{'gender': 'female', 'name': {'title': 'Mrs', 'first': 'Soledad', 'last': 'Chavarría'}, 'location': {'street': {'number': 3946, 'name': 'Periférico Coronado'}, 'city': 'Chiapa de Corzo', ...</msg>
<var>${json_data}</var>
<arg>${response.json()}</arg>
<doc>Returns the given values which can then be assigned to a variables.</doc>
<status status="PASS" start="2024-07-30T19:13:21.365089" elapsed="0.000550"/>
</kw>
<kw name="Log" owner="BuiltIn">
<msg time="2024-07-30T19:13:21.366112" level="INFO">{'results': [{'gender': 'female', 'name': {'title': 'Mrs', 'first': 'Soledad', 'last': 'Chavarría'}, 'location': {'street': {'number': 3946, 'name': 'Periférico Coronado'}, 'city': 'Chiapa de Corzo', 'state': 'Quintana Roo', 'country': 'Mexico', 'postcode': 87027, 'coordinates': {'latitude': '27.2579', 'longitude': '90.1802'}, 'timezone': {'offset': '-3:30', 'description': 'Newfoundland'}}, 'email': 'soledad.chavarria@example.com', 'login': {'uuid': 'e3956c2b-d290-46b1-a969-9fb82cbd1f49', 'username': 'organicmouse951', 'password': 'gaymen', 'salt': 'jLayTezK', 'md5': 'e6f33d9f35d954bcc9c483d0b316ee75', 'sha1': '78d490cc7b251b4472afefe24a7a01b3f411104a', 'sha256': '0298c932975a308a2108436218aa46b504c4d1f52800f057297c4b612fd7542d'}, 'dob': {'date': '1984-04-05T16:02:03.379Z', 'age': 40}, 'registered': {'date': '2013-02-18T18:56:51.660Z', 'age': 11}, 'phone': '(687) 819 2683', 'cell': '(661) 391 2135', 'id': {'name': 'NSS', 'value': '21 12 14 0404 5'}, 'picture': {'large': 'https://randomuser.me/api/portraits/women/13.jpg', 'medium': 'https://randomuser.me/api/portraits/med/women/13.jpg', 'thumbnail': 'https://randomuser.me/api/portraits/thumb/women/13.jpg'}, 'nat': 'MX'}], 'info': {'seed': '94e5a0ad7e59697b', 'results': 1, 'page': 1, 'version': '1.4'}}</msg>
<arg>${json_data}</arg>
<doc>Logs the given message with the given level.</doc>
<status status="PASS" start="2024-07-30T19:13:21.365952" elapsed="0.000220"/>
</kw>
<kw name="Should Be Equal As Numbers" owner="BuiltIn">
<arg>${json_data['results'][0]['location']['postcode']}</arg>
<arg>${json_data['results'][0]['location']['postcode']}</arg>
<doc>Fails if objects are unequal after converting them to real numbers.</doc>
<status status="PASS" start="2024-07-30T19:13:21.366464" elapsed="0.000682"/>
</kw>
<kw name="Log" owner="BuiltIn">
<msg time="2024-07-30T19:13:21.367673" level="INFO">87027</msg>
<arg>${json_data['results'][0]['location']['postcode']}</arg>
<doc>Logs the given message with the given level.</doc>
<status status="PASS" start="2024-07-30T19:13:21.367340" elapsed="0.000374"/>
</kw>
<status status="PASS" start="2024-07-30T19:13:16.184148" elapsed="5.183855"/>
</kw>
<doc>Testa se os tipos de dados na resposta da API estão corretos.</doc>
<tag>testeTiposDados</tag>
<status status="PASS" start="2024-07-30T19:13:10.917919" elapsed="10.450259"/>
</test>
<test id="s1-s1-t5" name="Validar conteudo" line="35">
<kw name="Teste de Tipos de Conteudo" owner="random-user-service">
<kw name="GET On Session" owner="RequestsLibrary">
<msg time="2024-07-30T19:13:26.929516" level="INFO">GET Request : url=https://randomuser.me/api 
 path_url=/api 
 headers={'User-Agent': 'python-requests/2.32.3', 'Accept-Encoding': 'gzip, deflate', 'Accept': '*/*', 'Connection': 'keep-alive'} 
 body=None 
 </msg>
<msg time="2024-07-30T19:13:26.929632" level="INFO">GET Response : url=https://randomuser.me/api 
 status=200, reason=OK 
 headers={'Date': 'Tue, 30 Jul 2024 19:13:26 GMT', 'Content-Type': 'application/json; charset=utf-8', 'Transfer-Encoding': 'chunked', 'Connection': 'keep-alive', 'X-Powered-By': 'Express', 'Access-Control-Allow-Origin': '*', 'Cache-Control': 'no-cache', 'ETag': 'W/"49a-FLVx3FTa78keoUZXSOyj5UuKSD0"', 'Vary': 'Accept-Encoding', 'Content-Encoding': 'gzip', 'CF-Cache-Status': 'DYNAMIC', 'Report-To': '{"endpoints":[{"url":"https:\\/\\/a.nel.cloudflare.com\\/report\\/v4?s=Ec1gLARS9hN4gQLYwhp9qJR39YmRJf48n328M5LW3NEWJyo5r8C9GQ4ErHOS6Xh2yddXTZ%2F%2FnyV8w9eBAx27GV%2F6P03sE7maHAJ1s9f8146XQTcyVV51rupLk6V7dpGE"}],"group":"cf-nel","max_age":604800}', 'NEL': '{"success_fraction":0,"report_to":"cf-nel","max_age":604800}', 'Server': 'cloudflare', 'CF-RAY': '8ab7aa5c9b2f6154-ORD', 'alt-svc': 'h3=":443"; ma=86400'} 
 body={"results":[{"gender":"female","name":{"title":"Miss","first":"Ella","last":"Christensen"},"location":{"street":{"number":6028,"name":"Elmevej"},"city":"København S","state":"Sjælland","country":"Denmark","postcode":29561,"coordinates":{"latitude":"-41.6684","longitude":"86.9778"},"timezone":{"offset":"+5:00","description":"Ekaterinburg, Islamabad, Karachi, Tashkent"}},"email":"ella.christensen@example.com","login":{"uuid":"310a926c-3af3-434d-813f-882c2fabf3c7","username":"yellowlion564","password":"charles","salt":"O9omtYcg","md5":"1c2109a18288f08fa9f03ff437a48a65","sha1":"381e7cc032561095557256b2b69f78bfc8936ba5","sha256":"16c67553d93c4d85d873eb9dec24fde336e22b8af272ad3fe6f4a896412c686f"},"dob":{"date":"1954-09-25T16:00:38.248Z","age":69},"registered":{"date":"2017-10-08T08:21:44.763Z","age":6},"phone":"96792749","cell":"71321569","id":{"name":"CPR","value":"250954-5704"},"picture":{"large":"https://randomuser.me/api/portraits/women/16.jpg","medium":"https://randomuser.me/api/portraits/med/women/16.jpg","thumbnail":"https://randomuser.me/api/portraits/thumb/women/16.jpg"},"nat":"DK"}],"info":{"seed":"539597a76c02cd91","results":1,"page":1,"version":"1.4"}} 
 </msg>
<msg time="2024-07-30T19:13:26.929723" level="INFO">/opt/hostedtoolcache/Python/3.12.4/x64/lib/python3.12/site-packages/urllib3/connectionpool.py:1099: InsecureRequestWarning: Unverified HTTPS request is being made to host 'randomuser.me'. Adding certificate verification is strongly advised. See: https://urllib3.readthedocs.io/en/latest/advanced-usage.html#tls-warnings
  warnings.warn(</msg>
<msg time="2024-07-30T19:13:26.929862" level="INFO">${response} = &lt;Response [200]&gt;</msg>
<var>${response}</var>
<arg>consultarAPI</arg>
<arg>/api</arg>
<doc>Sends a GET request on a previously created HTTP Session.</doc>
<status status="PASS" start="2024-07-30T19:13:21.370923" elapsed="5.558965"/>
</kw>
<kw name="Set Variable" owner="BuiltIn">
<msg time="2024-07-30T19:13:26.931043" level="INFO">${json_data} = {'results': [{'gender': 'female', 'name': {'title': 'Miss', 'first': 'Ella', 'last': 'Christensen'}, 'location': {'street': {'number': 6028, 'name': 'Elmevej'}, 'city': 'København S', 'state': 'Sjælla...</msg>
<var>${json_data}</var>
<arg>${response.json()}</arg>
<doc>Returns the given values which can then be assigned to a variables.</doc>
<status status="PASS" start="2024-07-30T19:13:26.930445" elapsed="0.000628"/>
</kw>
<kw name="Set Variable" owner="BuiltIn">
<msg time="2024-07-30T19:13:26.931773" level="INFO">${name_title} = Miss</msg>
<var>${name_title}</var>
<arg>${json_data["results"][0]["name"]["title"]}</arg>
<doc>Returns the given values which can then be assigned to a variables.</doc>
<status status="PASS" start="2024-07-30T19:13:26.931388" elapsed="0.000410"/>
</kw>
<kw name="Create List" owner="BuiltIn">
<msg time="2024-07-30T19:13:26.932245" level="INFO">${allowed_titles} = ['Mr', 'Ms', 'Miss', 'Mrs', 'Madame', 'Monsieur']</msg>
<var>${allowed_titles}</var>
<arg>Mr</arg>
<arg>Ms</arg>
<arg>Miss</arg>
<arg>Mrs</arg>
<arg>Madame</arg>
<arg>Monsieur</arg>
<doc>Returns a list containing given items.</doc>
<status status="PASS" start="2024-07-30T19:13:26.932093" elapsed="0.000176"/>
</kw>
<kw name="List Should Contain Value" owner="Collections">
<arg>${allowed_titles}</arg>
<arg>${name_title}</arg>
<doc>Fails if the ``value`` is not found from ``list``.</doc>
<status status="PASS" start="2024-07-30T19:13:26.932564" elapsed="0.000178"/>
</kw>
<kw name="Set Variable" owner="BuiltIn">
<msg time="2024-07-30T19:13:26.933296" level="INFO">${name_country} = DK</msg>
<var>${name_country}</var>
<arg>${json_data["results"][0]["nat"]}</arg>
<doc>Returns the given values which can then be assigned to a variables.</doc>
<status status="PASS" start="2024-07-30T19:13:26.932925" elapsed="0.000397"/>
</kw>
<kw name="Create List" owner="BuiltIn">
<msg time="2024-07-30T19:13:26.934199" level="INFO">${list_country} = ['AD', 'AE', 'AF', 'AG', 'AI', 'AL', 'AM', 'AO', 'AQ', 'AR', 'AS', 'AT', 'AU', 'AW', 'AX', 'AZ', 'BA', 'BB', 'BD', 'BE', 'BF', 'BG', 'BH', 'BI', 'BJ', 'BL', 'BM', 'BN', 'BO', 'BQ', 'BR', 'BS', 'BT', '...</msg>
<var>${list_country}</var>
<arg>AD</arg>
<arg>AE</arg>
<arg>AF</arg>
<arg>AG</arg>
<arg>AI</arg>
<arg>AL</arg>
<arg>AM</arg>
<arg>AO</arg>
<arg>AQ</arg>
<arg>AR</arg>
<arg>AS</arg>
<arg>AT</arg>
<arg>AU</arg>
<arg>AW</arg>
<arg>AX</arg>
<arg>AZ</arg>
<arg>BA</arg>
<arg>BB</arg>
<arg>BD</arg>
<arg>BE</arg>
<arg>BF</arg>
<arg>BG</arg>
<arg>BH</arg>
<arg>BI</arg>
<arg>BJ</arg>
<arg>BL</arg>
<arg>BM</arg>
<arg>BN</arg>
<arg>BO</arg>
<arg>BQ</arg>
<arg>BR</arg>
<arg>BS</arg>
<arg>BT</arg>
<arg>BV</arg>
<arg>BW</arg>
<arg>BY</arg>
<arg>BZ</arg>
<arg>CA</arg>
<arg>CC</arg>
<arg>CD</arg>
<arg>CF</arg>
<arg>CG</arg>
<arg>CH</arg>
<arg>CI</arg>
<arg>CK</arg>
<arg>CL</arg>
<arg>CM</arg>
<arg>CN</arg>
<arg>CO</arg>
<arg>CR</arg>
<arg>CU</arg>
<arg>CV</arg>
<arg>CW</arg>
<arg>CX</arg>
<arg>CY</arg>
<arg>CZ</arg>
<arg>DE</arg>
<arg>DJ</arg>
<arg>DK</arg>
<arg>DM</arg>
<arg>DO</arg>
<arg>DZ</arg>
<arg>EC</arg>
<arg>EE</arg>
<arg>EG</arg>
<arg>EH</arg>
<arg>ER</arg>
<arg>ES</arg>
<arg>ET</arg>
<arg>FI</arg>
<arg>FJ</arg>
<arg>FK</arg>
<arg>FM</arg>
<arg>FO</arg>
<arg>FR</arg>
<arg>GA</arg>
<arg>GB</arg>
<arg>GD</arg>
<arg>GE</arg>
<arg>GF</arg>
<arg>GG</arg>
<arg>GH</arg>
<arg>GI</arg>
<arg>GL</arg>
<arg>GM</arg>
<arg>GN</arg>
<arg>GP</arg>
<arg>GQ</arg>
<arg>GR</arg>
<arg>GS</arg>
<arg>GT</arg>
<arg>GU</arg>
<arg>GW</arg>
<arg>GY</arg>
<arg>HK</arg>
<arg>HM</arg>
<arg>HN</arg>
<arg>HR</arg>
<arg>HT</arg>
<arg>HU</arg>
<arg>ID</arg>
<arg>IE</arg>
<arg>IL</arg>
<arg>IM</arg>
<arg>IN</arg>
<arg>IO</arg>
<arg>IQ</arg>
<arg>IR</arg>
<arg>IS</arg>
<arg>IT</arg>
<arg>JE</arg>
<arg>JM</arg>
<arg>JO</arg>
<arg>JP</arg>
<arg>KE</arg>
<arg>KG</arg>
<arg>KH</arg>
<arg>KI</arg>
<arg>KM</arg>
<arg>KN</arg>
<arg>KP</arg>
<arg>KR</arg>
<arg>KW</arg>
<arg>KY</arg>
<arg>KZ</arg>
<arg>LA</arg>
<arg>LB</arg>
<arg>LC</arg>
<arg>LI</arg>
<arg>LK</arg>
<arg>LR</arg>
<arg>LS</arg>
<arg>LT</arg>
<arg>LU</arg>
<arg>LV</arg>
<arg>LY</arg>
<arg>MA</arg>
<arg>MC</arg>
<arg>MD</arg>
<arg>ME</arg>
<arg>MF</arg>
<arg>MG</arg>
<arg>MH</arg>
<arg>MK</arg>
<arg>ML</arg>
<arg>MM</arg>
<arg>MN</arg>
<arg>MO</arg>
<arg>MP</arg>
<arg>MQ</arg>
<arg>MR</arg>
<arg>MS</arg>
<arg>MT</arg>
<arg>MU</arg>
<arg>MV</arg>
<arg>MW</arg>
<arg>MX</arg>
<arg>MY</arg>
<arg>MZ</arg>
<arg>NA</arg>
<arg>NC</arg>
<arg>NE</arg>
<arg>NF</arg>
<arg>NG</arg>
<arg>NI</arg>
<arg>NL</arg>
<arg>NO</arg>
<arg>NP</arg>
<arg>NR</arg>
<arg>NU</arg>
<arg>NZ</arg>
<arg>OM</arg>
<arg>PA</arg>
<arg>PE</arg>
<arg>PF</arg>
<arg>PG</arg>
<arg>PH</arg>
<arg>PK</arg>
<arg>PL</arg>
<arg>PM</arg>
<arg>PN</arg>
<arg>PR</arg>
<arg>PS</arg>
<arg>PT</arg>
<arg>PW</arg>
<arg>PY</arg>
<arg>QA</arg>
<arg>RE</arg>
<arg>RO</arg>
<arg>RS</arg>
<arg>RU</arg>
<arg>RW</arg>
<arg>SA</arg>
<arg>SB</arg>
<arg>SC</arg>
<arg>SD</arg>
<arg>SE</arg>
<arg>SG</arg>
<arg>SH</arg>
<arg>SI</arg>
<arg>SJ</arg>
<arg>SK</arg>
<arg>SL</arg>
<arg>SM</arg>
<arg>SN</arg>
<arg>SO</arg>
<arg>SR</arg>
<arg>SS</arg>
<arg>ST</arg>
<arg>SV</arg>
<arg>SX</arg>
<arg>SY</arg>
<arg>SZ</arg>
<arg>TC</arg>
<arg>TD</arg>
<arg>TF</arg>
<arg>TG</arg>
<arg>TH</arg>
<arg>TJ</arg>
<arg>TK</arg>
<arg>TL</arg>
<arg>TM</arg>
<arg>TN</arg>
<arg>TO</arg>
<arg>TR</arg>
<arg>TT</arg>
<arg>TV</arg>
<arg>TW</arg>
<arg>TZ</arg>
<arg>UA</arg>
<arg>UG</arg>
<arg>UM</arg>
<arg>US</arg>
<arg>UY</arg>
<arg>UZ</arg>
<arg>VA</arg>
<arg>VC</arg>
<arg>VE</arg>
<arg>VG</arg>
<arg>VI</arg>
<arg>VN</arg>
<arg>VU</arg>
<arg>WF</arg>
<arg>WS</arg>
<arg>XK</arg>
<arg>YE</arg>
<arg>YT</arg>
<arg>ZA</arg>
<arg>ZM</arg>
<arg>ZW</arg>
<doc>Returns a list containing given items.</doc>
<status status="PASS" start="2024-07-30T19:13:26.933610" elapsed="0.000615"/>
</kw>
<kw name="List Should Contain Value" owner="Collections">
<arg>${list_country}</arg>
<arg>${name_country}</arg>
<doc>Fails if the ``value`` is not found from ``list``.</doc>
<status status="PASS" start="2024-07-30T19:13:26.935239" elapsed="0.000209"/>
</kw>
<kw name="Run Keyword If" owner="BuiltIn">
<kw name="Should Be True" owner="BuiltIn">
<arg>${True}</arg>
<doc>Fails if the given condition is not true.</doc>
<status status="PASS" start="2024-07-30T19:13:26.936391" elapsed="0.000142"/>
</kw>
<arg>${json_data["results"][0]["location"]["coordinates"]["latitude"]} &gt;= -90 and ${json_data["results"][0]["location"]["coordinates"]["latitude"]} &lt;= 90</arg>
<arg>Should Be True</arg>
<arg>${True}</arg>
<doc>Runs the given keyword with the given arguments, if ``condition`` is true.</doc>
<status status="PASS" start="2024-07-30T19:13:26.935649" elapsed="0.001006"/>
</kw>
<kw name="Run Keyword If" owner="BuiltIn">
<kw name="Should Be True" owner="BuiltIn">
<arg>${True}</arg>
<doc>Fails if the given condition is not true.</doc>
<status status="PASS" start="2024-07-30T19:13:26.937518" elapsed="0.000142"/>
</kw>
<arg>${json_data["results"][0]["location"]["coordinates"]["longitude"]} &gt;= -180 and ${json_data["results"][0]["location"]["coordinates"]["longitude"]} &lt;= 180</arg>
<arg>Should Be True</arg>
<arg>${True}</arg>
<doc>Runs the given keyword with the given arguments, if ``condition`` is true.</doc>
<status status="PASS" start="2024-07-30T19:13:26.936834" elapsed="0.000948"/>
</kw>
<status status="PASS" start="2024-07-30T19:13:21.370554" elapsed="5.567357"/>
</kw>
<doc>Testa o conteúdo específico dos campos retornados pela API.</doc>
<tag>testeConteudo</tag>
<status status="PASS" start="2024-07-30T19:13:21.369929" elapsed="5.568136"/>
</test>
<status status="PASS" start="2024-07-30T19:13:00.030908" elapsed="26.909248"/>
</suite>
<status status="PASS" start="2024-07-30T19:13:00.015917" elapsed="26.929935"/>
</suite>
<statistics>
<total>
<stat pass="5" fail="0" skip="0">All Tests</stat>
</total>
<tag>
<stat pass="1" fail="0" skip="0">testeConteudo</stat>
<stat pass="1" fail="0" skip="0">testeEstruturaResposta</stat>
<stat pass="1" fail="0" skip="0">testeRequisicaoBasica</stat>
<stat pass="1" fail="0" skip="0">testeTiposDados</stat>
</tag>
<suite>
<stat pass="5" fail="0" skip="0" id="s1" name="Tests">Tests</stat>
<stat pass="5" fail="0" skip="0" id="s1-s1" name="Random-User-Test">Tests.Random-User-Test</stat>
</suite>
</statistics>
<errors>
</errors>
</robot>
