<?xml version="1.0" encoding="UTF-8"?>
<robot generator="Robot 7.0.1 (Python 3.12.4 on linux)" generated="2024-07-10T21:14:19.732395" rpa="false" schemaversion="5">
<suite id="s1" name="Tests" source="/home/runner/work/ApiRandomUser/ApiRandomUser/RamdonUser/tests">
<suite id="s1-s1" name="Random-User-Test" source="/home/runner/work/ApiRandomUser/ApiRandomUser/RamdonUser/tests/random-user-test.robot">
<test id="s1-s1-t1" name="Conectar" line="13">
<kw name="Conectar API" owner="random-user-service">
<kw name="Create Session" owner="RequestsLibrary">
<msg time="2024-07-10T21:14:20.146388" level="INFO">Creating Session using : alias=consultarAPI, url=https://randomuser.me/, headers={},                     cookies={}, auth=None, timeout=None, proxies=None, verify=False,                     debug=0 </msg>
<arg>consultarAPI</arg>
<arg>${URL}</arg>
<doc>Create Session: create a HTTP session to a server</doc>
<status status="PASS" start="2024-07-10T21:14:20.146179" elapsed="0.000424"/>
</kw>
<status status="PASS" start="2024-07-10T21:14:20.145168" elapsed="0.001831"/>
</kw>
<status status="PASS" start="2024-07-10T21:14:20.144577" elapsed="0.002613"/>
</test>
<test id="s1-s1-t2" name="Validar retorno 200 e JSON Válido" line="16">
<kw name="Teste de Requisicao Basica" owner="random-user-service">
<kw name="GET On Session" owner="RequestsLibrary">
<msg time="2024-07-10T21:14:20.395662" level="INFO">GET Request : url=https://randomuser.me/api 
 path_url=/api 
 headers={'User-Agent': 'python-requests/2.32.3', 'Accept-Encoding': 'gzip, deflate', 'Accept': '*/*', 'Connection': 'keep-alive'} 
 body=None 
 </msg>
<msg time="2024-07-10T21:14:20.395838" level="INFO">GET Response : url=https://randomuser.me/api 
 status=200, reason=OK 
 headers={'Date': 'Wed, 10 Jul 2024 21:14:20 GMT', 'Content-Type': 'application/json; charset=utf-8', 'Transfer-Encoding': 'chunked', 'Connection': 'keep-alive', 'X-Powered-By': 'Express', 'Access-Control-Allow-Origin': '*', 'Cache-Control': 'no-cache', 'ETag': 'W/"496-HrBDlwZTUR+TkS4JuvYT0auxOtY"', 'Vary': 'Accept-Encoding', 'Content-Encoding': 'gzip', 'CF-Cache-Status': 'DYNAMIC', 'Report-To': '{"endpoints":[{"url":"https:\\/\\/a.nel.cloudflare.com\\/report\\/v4?s=oBt2VAh8%2Bxf2fqADFMiK5gyTgiby17viwgaDi1RnPg3iHxCf0x5NE0OordG3vr6dREG31p9IzOoDR%2F6u%2BOeUlFSrIqJj%2F5Nzm0%2FQOMaviyGdgLxN0V6IjcRcMBir8uRa"}],"group":"cf-nel","max_age":604800}', 'NEL': '{"success_fraction":0,"report_to":"cf-nel","max_age":604800}', 'Server': 'cloudflare', 'CF-RAY': '8a1390152a532992-ORD', 'alt-svc': 'h3=":443"; ma=86400'} 
 body={"results":[{"gender":"male","name":{"title":"Mr","first":"Orhan","last":"Gessner"},"location":{"street":{"number":2003,"name":"Am Bahnhof"},"city":"Dortmund","state":"Baden-Württemberg","country":"Germany","postcode":92726,"coordinates":{"latitude":"-53.4215","longitude":"-124.9575"},"timezone":{"offset":"-3:00","description":"Brazil, Buenos Aires, Georgetown"}},"email":"orhan.gessner@example.com","login":{"uuid":"b353030e-07a4-49de-93e3-0eddef3fd517","username":"tinyduck138","password":"californ","salt":"dCNrJ16t","md5":"943c0c4f9da1287af2d84822a1d7a012","sha1":"4ea010b3025796de69c13459cf344db4592209e3","sha256":"fd340d765436aeea7dc4376b70e1b805408c0481aa8071f6b8879034ce1bd485"},"dob":{"date":"1996-03-12T07:23:10.000Z","age":28},"registered":{"date":"2019-10-16T22:11:01.211Z","age":4},"phone":"0991-9830465","cell":"0176-4340104","id":{"name":"SVNR","value":"66 120396 G 118"},"picture":{"large":"https://randomuser.me/api/portraits/men/82.jpg","medium":"https://randomuser.me/api/portraits/med/men/82.jpg","thumbnail":"https://randomuser.me/api/portraits/thumb/men/82.jpg"},"nat":"DE"}],"info":{"seed":"7748809791e7b175","results":1,"page":1,"version":"1.4"}} 
 </msg>
<msg time="2024-07-10T21:14:20.395945" level="INFO">/opt/hostedtoolcache/Python/3.12.4/x64/lib/python3.12/site-packages/urllib3/connectionpool.py:1099: InsecureRequestWarning: Unverified HTTPS request is being made to host 'randomuser.me'. Adding certificate verification is strongly advised. See: https://urllib3.readthedocs.io/en/latest/advanced-usage.html#tls-warnings
  warnings.warn(</msg>
<msg time="2024-07-10T21:14:20.396085" level="INFO">${response} = &lt;Response [200]&gt;</msg>
<var>${response}</var>
<arg>consultarAPI</arg>
<arg>/api</arg>
<doc>Sends a GET request on a previously created HTTP Session.</doc>
<status status="PASS" start="2024-07-10T21:14:20.149759" elapsed="0.246361"/>
</kw>
<kw name="Should Be Equal As Numbers" owner="BuiltIn">
<msg time="2024-07-10T21:14:20.397151" level="INFO">Argument types are:
&lt;class 'int'&gt;
&lt;class 'str'&gt;</msg>
<arg>${response.status_code}</arg>
<arg>200</arg>
<doc>Fails if objects are unequal after converting them to real numbers.</doc>
<status status="PASS" start="2024-07-10T21:14:20.396677" elapsed="0.000541"/>
</kw>
<kw name="Log" owner="BuiltIn">
<msg time="2024-07-10T21:14:20.397900" level="INFO">200</msg>
<arg>${response.status_code}</arg>
<doc>Logs the given message with the given level.</doc>
<status status="PASS" start="2024-07-10T21:14:20.397549" elapsed="0.000394"/>
</kw>
<kw name="Set Variable" owner="BuiltIn">
<msg time="2024-07-10T21:14:20.398704" level="INFO">${json_data} = {'results': [{'gender': 'male', 'name': {'title': 'Mr', 'first': 'Orhan', 'last': 'Gessner'}, 'location': {'street': {'number': 2003, 'name': 'Am Bahnhof'}, 'city': 'Dortmund', 'state': 'Baden-Württem...</msg>
<var>${json_data}</var>
<arg>${response.json()}</arg>
<doc>Returns the given values which can then be assigned to a variables.</doc>
<status status="PASS" start="2024-07-10T21:14:20.398255" elapsed="0.000479"/>
</kw>
<kw name="Dictionary Should Contain Key" owner="Collections">
<arg>${json_data}</arg>
<arg>results</arg>
<doc>Fails if ``key`` is not found from ``dictionary``.</doc>
<status status="PASS" start="2024-07-10T21:14:20.399095" elapsed="0.000190"/>
</kw>
<status status="PASS" start="2024-07-10T21:14:20.149507" elapsed="0.249935"/>
</kw>
<doc>Testa se a API responde corretamente e retorna um objeto JSON válido.</doc>
<tag>testeRequisicaoBasica</tag>
<status status="PASS" start="2024-07-10T21:14:20.149048" elapsed="0.250581"/>
</test>
<test id="s1-s1-t3" name="Validar estrutura de resposta" line="22">
<kw name="Teste de Estrutura de Resposta" owner="random-user-service">
<kw name="GET On Session" owner="RequestsLibrary">
<msg time="2024-07-10T21:14:20.495192" level="INFO">GET Request : url=https://randomuser.me/api 
 path_url=/api 
 headers={'User-Agent': 'python-requests/2.32.3', 'Accept-Encoding': 'gzip, deflate', 'Accept': '*/*', 'Connection': 'keep-alive'} 
 body=None 
 </msg>
<msg time="2024-07-10T21:14:20.495297" level="INFO">GET Response : url=https://randomuser.me/api 
 status=200, reason=OK 
 headers={'Date': 'Wed, 10 Jul 2024 21:14:20 GMT', 'Content-Type': 'application/json; charset=utf-8', 'Transfer-Encoding': 'chunked', 'Connection': 'keep-alive', 'X-Powered-By': 'Express', 'Access-Control-Allow-Origin': '*', 'Cache-Control': 'no-cache', 'ETag': 'W/"4ae-VuyGbIPbeAma2nDxEaxHoV7meZA"', 'Vary': 'Accept-Encoding', 'Content-Encoding': 'gzip', 'CF-Cache-Status': 'DYNAMIC', 'Report-To': '{"endpoints":[{"url":"https:\\/\\/a.nel.cloudflare.com\\/report\\/v4?s=GYi2L5UN7VF0OfziKFN4krhX%2BtT3pONQ4vK2nOO7j3DfIZzoIbiI9prOHBlP%2F1YuHjigZjpFAIB%2B%2Bg3KqkruPaYK1UXPH3EbKp2CYSw6aGvyUD85CmApi6NsETsQLY0g"}],"group":"cf-nel","max_age":604800}', 'NEL': '{"success_fraction":0,"report_to":"cf-nel","max_age":604800}', 'Server': 'cloudflare', 'CF-RAY': '8a1390158aa22992-ORD', 'alt-svc': 'h3=":443"; ma=86400'} 
 body={"results":[{"gender":"female","name":{"title":"Mrs","first":"Rosalina","last":"Almeida"},"location":{"street":{"number":4807,"name":"Rua São Paulo "},"city":"Barbacena","state":"Minas Gerais","country":"Brazil","postcode":76219,"coordinates":{"latitude":"-73.3252","longitude":"104.5440"},"timezone":{"offset":"-5:00","description":"Eastern Time (US &amp; Canada), Bogota, Lima"}},"email":"rosalina.almeida@example.com","login":{"uuid":"c0637c17-bc17-4072-a782-bfe56c725dd0","username":"blackpanda998","password":"kaylee","salt":"WhCaEjlD","md5":"4f4282d9dde9b54389089b66207a7b1e","sha1":"7dab8a8dcf58ff667e3c8e538c3c2a14eff78c30","sha256":"c0ac8077ce59e3f3792917ebbd8931854d253aa941ea3b5bb81bc142aa88b45c"},"dob":{"date":"1995-02-25T08:55:38.609Z","age":29},"registered":{"date":"2008-10-26T03:11:39.094Z","age":15},"phone":"(74) 1388-0939","cell":"(45) 3691-9436","id":{"name":"CPF","value":"648.347.889-98"},"picture":{"large":"https://randomuser.me/api/portraits/women/38.jpg","medium":"https://randomuser.me/api/portraits/med/women/38.jpg","thumbnail":"https://randomuser.me/api/portraits/thumb/women/38.jpg"},"nat":"BR"}],"info":{"seed":"1c22f1baaa865c85","results":1,"page":1,"version":"1.4"}} 
 </msg>
<msg time="2024-07-10T21:14:20.495442" level="INFO">/opt/hostedtoolcache/Python/3.12.4/x64/lib/python3.12/site-packages/urllib3/connectionpool.py:1099: InsecureRequestWarning: Unverified HTTPS request is being made to host 'randomuser.me'. Adding certificate verification is strongly advised. See: https://urllib3.readthedocs.io/en/latest/advanced-usage.html#tls-warnings
  warnings.warn(</msg>
<msg time="2024-07-10T21:14:20.495567" level="INFO">${response} = &lt;Response [200]&gt;</msg>
<var>${response}</var>
<arg>consultarAPI</arg>
<arg>/api</arg>
<doc>Sends a GET request on a previously created HTTP Session.</doc>
<status status="PASS" start="2024-07-10T21:14:20.402266" elapsed="0.093338"/>
</kw>
<kw name="Set Variable" owner="BuiltIn">
<msg time="2024-07-10T21:14:20.496650" level="INFO">${json_data} = {'results': [{'gender': 'female', 'name': {'title': 'Mrs', 'first': 'Rosalina', 'last': 'Almeida'}, 'location': {'street': {'number': 4807, 'name': 'Rua São Paulo '}, 'city': 'Barbacena', 'state': 'Mi...</msg>
<var>${json_data}</var>
<arg>${response.json()}</arg>
<doc>Returns the given values which can then be assigned to a variables.</doc>
<status status="PASS" start="2024-07-10T21:14:20.496120" elapsed="0.000561"/>
</kw>
<kw name="Log" owner="BuiltIn">
<msg time="2024-07-10T21:14:20.497156" level="INFO">{'results': [{'gender': 'female', 'name': {'title': 'Mrs', 'first': 'Rosalina', 'last': 'Almeida'}, 'location': {'street': {'number': 4807, 'name': 'Rua São Paulo '}, 'city': 'Barbacena', 'state': 'Minas Gerais', 'country': 'Brazil', 'postcode': 76219, 'coordinates': {'latitude': '-73.3252', 'longitude': '104.5440'}, 'timezone': {'offset': '-5:00', 'description': 'Eastern Time (US &amp; Canada), Bogota, Lima'}}, 'email': 'rosalina.almeida@example.com', 'login': {'uuid': 'c0637c17-bc17-4072-a782-bfe56c725dd0', 'username': 'blackpanda998', 'password': 'kaylee', 'salt': 'WhCaEjlD', 'md5': '4f4282d9dde9b54389089b66207a7b1e', 'sha1': '7dab8a8dcf58ff667e3c8e538c3c2a14eff78c30', 'sha256': 'c0ac8077ce59e3f3792917ebbd8931854d253aa941ea3b5bb81bc142aa88b45c'}, 'dob': {'date': '1995-02-25T08:55:38.609Z', 'age': 29}, 'registered': {'date': '2008-10-26T03:11:39.094Z', 'age': 15}, 'phone': '(74) 1388-0939', 'cell': '(45) 3691-9436', 'id': {'name': 'CPF', 'value': '648.347.889-98'}, 'picture': {'large': 'https://randomuser.me/api/portraits/women/38.jpg', 'medium': 'https://randomuser.me/api/portraits/med/women/38.jpg', 'thumbnail': 'https://randomuser.me/api/portraits/thumb/women/38.jpg'}, 'nat': 'BR'}], 'info': {'seed': '1c22f1baaa865c85', 'results': 1, 'page': 1, 'version': '1.4'}}</msg>
<arg>${json_data}</arg>
<doc>Logs the given message with the given level.</doc>
<status status="PASS" start="2024-07-10T21:14:20.496994" elapsed="0.000218"/>
</kw>
<kw name="Dictionary Should Contain Key" owner="Collections">
<arg>${json_data}</arg>
<arg>results</arg>
<doc>Fails if ``key`` is not found from ``dictionary``.</doc>
<status status="PASS" start="2024-07-10T21:14:20.497510" elapsed="0.000156"/>
</kw>
<kw name="Should Not Be Empty" owner="BuiltIn">
<msg time="2024-07-10T21:14:20.497988" level="INFO">Length is 2.</msg>
<arg>${json_data}</arg>
<doc>Verifies that the given item is not empty.</doc>
<status status="PASS" start="2024-07-10T21:14:20.497850" elapsed="0.000177"/>
</kw>
<kw name="Create List" owner="BuiltIn">
<msg time="2024-07-10T21:14:20.498626" level="INFO">${expected_keys} = ['gender', 'name', 'location', 'email', 'login']</msg>
<var>${expected_keys}</var>
<arg>gender</arg>
<arg>name</arg>
<arg>location</arg>
<arg>email</arg>
<arg>login</arg>
<doc>Returns a list containing given items.</doc>
<status status="PASS" start="2024-07-10T21:14:20.498312" elapsed="0.000346"/>
</kw>
<for flavor="IN">
<iter>
<kw name="Dictionary Should Contain Key" owner="Collections">
<arg>${json_data['results'][0]}</arg>
<arg>${key}</arg>
<doc>Fails if ``key`` is not found from ``dictionary``.</doc>
<status status="PASS" start="2024-07-10T21:14:20.499303" elapsed="0.000410"/>
</kw>
<kw name="Log" owner="BuiltIn">
<msg time="2024-07-10T21:14:20.500264" level="INFO">{'gender': 'female', 'name': {'title': 'Mrs', 'first': 'Rosalina', 'last': 'Almeida'}, 'location': {'street': {'number': 4807, 'name': 'Rua São Paulo '}, 'city': 'Barbacena', 'state': 'Minas Gerais', 'country': 'Brazil', 'postcode': 76219, 'coordinates': {'latitude': '-73.3252', 'longitude': '104.5440'}, 'timezone': {'offset': '-5:00', 'description': 'Eastern Time (US &amp; Canada), Bogota, Lima'}}, 'email': 'rosalina.almeida@example.com', 'login': {'uuid': 'c0637c17-bc17-4072-a782-bfe56c725dd0', 'username': 'blackpanda998', 'password': 'kaylee', 'salt': 'WhCaEjlD', 'md5': '4f4282d9dde9b54389089b66207a7b1e', 'sha1': '7dab8a8dcf58ff667e3c8e538c3c2a14eff78c30', 'sha256': 'c0ac8077ce59e3f3792917ebbd8931854d253aa941ea3b5bb81bc142aa88b45c'}, 'dob': {'date': '1995-02-25T08:55:38.609Z', 'age': 29}, 'registered': {'date': '2008-10-26T03:11:39.094Z', 'age': 15}, 'phone': '(74) 1388-0939', 'cell': '(45) 3691-9436', 'id': {'name': 'CPF', 'value': '648.347.889-98'}, 'picture': {'large': 'https://randomuser.me/api/portraits/women/38.jpg', 'medium': 'https://randomuser.me/api/portraits/med/women/38.jpg', 'thumbnail': 'https://randomuser.me/api/portraits/thumb/women/38.jpg'}, 'nat': 'BR'}</msg>
<arg>${json_data['results'][0]}</arg>
<doc>Logs the given message with the given level.</doc>
<status status="PASS" start="2024-07-10T21:14:20.499901" elapsed="0.000417"/>
</kw>
<kw name="Log" owner="BuiltIn">
<msg time="2024-07-10T21:14:20.500781" level="INFO">gender</msg>
<arg>${key}</arg>
<doc>Logs the given message with the given level.</doc>
<status status="PASS" start="2024-07-10T21:14:20.500640" elapsed="0.000179"/>
</kw>
<var name="${key}">gender</var>
<status status="PASS" start="2024-07-10T21:14:20.499177" elapsed="0.001869"/>
</iter>
<iter>
<kw name="Dictionary Should Contain Key" owner="Collections">
<arg>${json_data['results'][0]}</arg>
<arg>${key}</arg>
<doc>Fails if ``key`` is not found from ``dictionary``.</doc>
<status status="PASS" start="2024-07-10T21:14:20.501351" elapsed="0.000397"/>
</kw>
<kw name="Log" owner="BuiltIn">
<msg time="2024-07-10T21:14:20.502345" level="INFO">{'gender': 'female', 'name': {'title': 'Mrs', 'first': 'Rosalina', 'last': 'Almeida'}, 'location': {'street': {'number': 4807, 'name': 'Rua São Paulo '}, 'city': 'Barbacena', 'state': 'Minas Gerais', 'country': 'Brazil', 'postcode': 76219, 'coordinates': {'latitude': '-73.3252', 'longitude': '104.5440'}, 'timezone': {'offset': '-5:00', 'description': 'Eastern Time (US &amp; Canada), Bogota, Lima'}}, 'email': 'rosalina.almeida@example.com', 'login': {'uuid': 'c0637c17-bc17-4072-a782-bfe56c725dd0', 'username': 'blackpanda998', 'password': 'kaylee', 'salt': 'WhCaEjlD', 'md5': '4f4282d9dde9b54389089b66207a7b1e', 'sha1': '7dab8a8dcf58ff667e3c8e538c3c2a14eff78c30', 'sha256': 'c0ac8077ce59e3f3792917ebbd8931854d253aa941ea3b5bb81bc142aa88b45c'}, 'dob': {'date': '1995-02-25T08:55:38.609Z', 'age': 29}, 'registered': {'date': '2008-10-26T03:11:39.094Z', 'age': 15}, 'phone': '(74) 1388-0939', 'cell': '(45) 3691-9436', 'id': {'name': 'CPF', 'value': '648.347.889-98'}, 'picture': {'large': 'https://randomuser.me/api/portraits/women/38.jpg', 'medium': 'https://randomuser.me/api/portraits/med/women/38.jpg', 'thumbnail': 'https://randomuser.me/api/portraits/thumb/women/38.jpg'}, 'nat': 'BR'}</msg>
<arg>${json_data['results'][0]}</arg>
<doc>Logs the given message with the given level.</doc>
<status status="PASS" start="2024-07-10T21:14:20.501972" elapsed="0.000428"/>
</kw>
<kw name="Log" owner="BuiltIn">
<msg time="2024-07-10T21:14:20.502867" level="INFO">name</msg>
<arg>${key}</arg>
<doc>Logs the given message with the given level.</doc>
<status status="PASS" start="2024-07-10T21:14:20.502713" elapsed="0.000193"/>
</kw>
<var name="${key}">name</var>
<status status="PASS" start="2024-07-10T21:14:20.501238" elapsed="0.001895"/>
</iter>
<iter>
<kw name="Dictionary Should Contain Key" owner="Collections">
<arg>${json_data['results'][0]}</arg>
<arg>${key}</arg>
<doc>Fails if ``key`` is not found from ``dictionary``.</doc>
<status status="PASS" start="2024-07-10T21:14:20.503420" elapsed="0.000376"/>
</kw>
<kw name="Log" owner="BuiltIn">
<msg time="2024-07-10T21:14:20.504332" level="INFO">{'gender': 'female', 'name': {'title': 'Mrs', 'first': 'Rosalina', 'last': 'Almeida'}, 'location': {'street': {'number': 4807, 'name': 'Rua São Paulo '}, 'city': 'Barbacena', 'state': 'Minas Gerais', 'country': 'Brazil', 'postcode': 76219, 'coordinates': {'latitude': '-73.3252', 'longitude': '104.5440'}, 'timezone': {'offset': '-5:00', 'description': 'Eastern Time (US &amp; Canada), Bogota, Lima'}}, 'email': 'rosalina.almeida@example.com', 'login': {'uuid': 'c0637c17-bc17-4072-a782-bfe56c725dd0', 'username': 'blackpanda998', 'password': 'kaylee', 'salt': 'WhCaEjlD', 'md5': '4f4282d9dde9b54389089b66207a7b1e', 'sha1': '7dab8a8dcf58ff667e3c8e538c3c2a14eff78c30', 'sha256': 'c0ac8077ce59e3f3792917ebbd8931854d253aa941ea3b5bb81bc142aa88b45c'}, 'dob': {'date': '1995-02-25T08:55:38.609Z', 'age': 29}, 'registered': {'date': '2008-10-26T03:11:39.094Z', 'age': 15}, 'phone': '(74) 1388-0939', 'cell': '(45) 3691-9436', 'id': {'name': 'CPF', 'value': '648.347.889-98'}, 'picture': {'large': 'https://randomuser.me/api/portraits/women/38.jpg', 'medium': 'https://randomuser.me/api/portraits/med/women/38.jpg', 'thumbnail': 'https://randomuser.me/api/portraits/thumb/women/38.jpg'}, 'nat': 'BR'}</msg>
<arg>${json_data['results'][0]}</arg>
<doc>Logs the given message with the given level.</doc>
<status status="PASS" start="2024-07-10T21:14:20.503982" elapsed="0.000402"/>
</kw>
<kw name="Log" owner="BuiltIn">
<msg time="2024-07-10T21:14:20.504803" level="INFO">location</msg>
<arg>${key}</arg>
<doc>Logs the given message with the given level.</doc>
<status status="PASS" start="2024-07-10T21:14:20.504677" elapsed="0.000164"/>
</kw>
<var name="${key}">location</var>
<status status="PASS" start="2024-07-10T21:14:20.503311" elapsed="0.001747"/>
</iter>
<iter>
<kw name="Dictionary Should Contain Key" owner="Collections">
<arg>${json_data['results'][0]}</arg>
<arg>${key}</arg>
<doc>Fails if ``key`` is not found from ``dictionary``.</doc>
<status status="PASS" start="2024-07-10T21:14:20.505337" elapsed="0.000386"/>
</kw>
<kw name="Log" owner="BuiltIn">
<msg time="2024-07-10T21:14:20.506266" level="INFO">{'gender': 'female', 'name': {'title': 'Mrs', 'first': 'Rosalina', 'last': 'Almeida'}, 'location': {'street': {'number': 4807, 'name': 'Rua São Paulo '}, 'city': 'Barbacena', 'state': 'Minas Gerais', 'country': 'Brazil', 'postcode': 76219, 'coordinates': {'latitude': '-73.3252', 'longitude': '104.5440'}, 'timezone': {'offset': '-5:00', 'description': 'Eastern Time (US &amp; Canada), Bogota, Lima'}}, 'email': 'rosalina.almeida@example.com', 'login': {'uuid': 'c0637c17-bc17-4072-a782-bfe56c725dd0', 'username': 'blackpanda998', 'password': 'kaylee', 'salt': 'WhCaEjlD', 'md5': '4f4282d9dde9b54389089b66207a7b1e', 'sha1': '7dab8a8dcf58ff667e3c8e538c3c2a14eff78c30', 'sha256': 'c0ac8077ce59e3f3792917ebbd8931854d253aa941ea3b5bb81bc142aa88b45c'}, 'dob': {'date': '1995-02-25T08:55:38.609Z', 'age': 29}, 'registered': {'date': '2008-10-26T03:11:39.094Z', 'age': 15}, 'phone': '(74) 1388-0939', 'cell': '(45) 3691-9436', 'id': {'name': 'CPF', 'value': '648.347.889-98'}, 'picture': {'large': 'https://randomuser.me/api/portraits/women/38.jpg', 'medium': 'https://randomuser.me/api/portraits/med/women/38.jpg', 'thumbnail': 'https://randomuser.me/api/portraits/thumb/women/38.jpg'}, 'nat': 'BR'}</msg>
<arg>${json_data['results'][0]}</arg>
<doc>Logs the given message with the given level.</doc>
<status status="PASS" start="2024-07-10T21:14:20.505912" elapsed="0.000407"/>
</kw>
<kw name="Log" owner="BuiltIn">
<msg time="2024-07-10T21:14:20.506771" level="INFO">email</msg>
<arg>${key}</arg>
<doc>Logs the given message with the given level.</doc>
<status status="PASS" start="2024-07-10T21:14:20.506626" elapsed="0.000233"/>
</kw>
<var name="${key}">email</var>
<status status="PASS" start="2024-07-10T21:14:20.505230" elapsed="0.001870"/>
</iter>
<iter>
<kw name="Dictionary Should Contain Key" owner="Collections">
<arg>${json_data['results'][0]}</arg>
<arg>${key}</arg>
<doc>Fails if ``key`` is not found from ``dictionary``.</doc>
<status status="PASS" start="2024-07-10T21:14:20.507386" elapsed="0.000384"/>
</kw>
<kw name="Log" owner="BuiltIn">
<msg time="2024-07-10T21:14:20.508304" level="INFO">{'gender': 'female', 'name': {'title': 'Mrs', 'first': 'Rosalina', 'last': 'Almeida'}, 'location': {'street': {'number': 4807, 'name': 'Rua São Paulo '}, 'city': 'Barbacena', 'state': 'Minas Gerais', 'country': 'Brazil', 'postcode': 76219, 'coordinates': {'latitude': '-73.3252', 'longitude': '104.5440'}, 'timezone': {'offset': '-5:00', 'description': 'Eastern Time (US &amp; Canada), Bogota, Lima'}}, 'email': 'rosalina.almeida@example.com', 'login': {'uuid': 'c0637c17-bc17-4072-a782-bfe56c725dd0', 'username': 'blackpanda998', 'password': 'kaylee', 'salt': 'WhCaEjlD', 'md5': '4f4282d9dde9b54389089b66207a7b1e', 'sha1': '7dab8a8dcf58ff667e3c8e538c3c2a14eff78c30', 'sha256': 'c0ac8077ce59e3f3792917ebbd8931854d253aa941ea3b5bb81bc142aa88b45c'}, 'dob': {'date': '1995-02-25T08:55:38.609Z', 'age': 29}, 'registered': {'date': '2008-10-26T03:11:39.094Z', 'age': 15}, 'phone': '(74) 1388-0939', 'cell': '(45) 3691-9436', 'id': {'name': 'CPF', 'value': '648.347.889-98'}, 'picture': {'large': 'https://randomuser.me/api/portraits/women/38.jpg', 'medium': 'https://randomuser.me/api/portraits/med/women/38.jpg', 'thumbnail': 'https://randomuser.me/api/portraits/thumb/women/38.jpg'}, 'nat': 'BR'}</msg>
<arg>${json_data['results'][0]}</arg>
<doc>Logs the given message with the given level.</doc>
<status status="PASS" start="2024-07-10T21:14:20.507950" elapsed="0.000407"/>
</kw>
<kw name="Log" owner="BuiltIn">
<msg time="2024-07-10T21:14:20.508783" level="INFO">login</msg>
<arg>${key}</arg>
<doc>Logs the given message with the given level.</doc>
<status status="PASS" start="2024-07-10T21:14:20.508656" elapsed="0.000166"/>
</kw>
<var name="${key}">login</var>
<status status="PASS" start="2024-07-10T21:14:20.507273" elapsed="0.001763"/>
</iter>
<var>${key}</var>
<value>@{expected_keys}</value>
<status status="PASS" start="2024-07-10T21:14:20.498967" elapsed="0.010222"/>
</for>
<kw name="Create List" owner="BuiltIn">
<msg time="2024-07-10T21:14:20.509534" level="INFO">${expected_keysTwo} = ['username', 'password']</msg>
<var>${expected_keysTwo}</var>
<arg>username</arg>
<arg>password</arg>
<doc>Returns a list containing given items.</doc>
<status status="PASS" start="2024-07-10T21:14:20.509391" elapsed="0.000167"/>
</kw>
<for flavor="IN">
<iter>
<kw name="Dictionary Should Contain Key" owner="Collections">
<arg>${json_data['results'][0]['login']}</arg>
<arg>${keyTwo}</arg>
<doc>Fails if ``key`` is not found from ``dictionary``.</doc>
<status status="PASS" start="2024-07-10T21:14:20.510061" elapsed="0.000382"/>
</kw>
<kw name="Dictionary Should Contain Key" owner="Collections">
<arg>${json_data['results'][0]['login']}</arg>
<arg>${keyTwo}</arg>
<doc>Fails if ``key`` is not found from ``dictionary``.</doc>
<status status="PASS" start="2024-07-10T21:14:20.510622" elapsed="0.000410"/>
</kw>
<kw name="Log" owner="BuiltIn">
<msg time="2024-07-10T21:14:20.511338" level="INFO">username</msg>
<arg>${keyTwo}</arg>
<doc>Logs the given message with the given level.</doc>
<status status="PASS" start="2024-07-10T21:14:20.511218" elapsed="0.000157"/>
</kw>
<var name="${keyTwo}">username</var>
<status status="PASS" start="2024-07-10T21:14:20.509953" elapsed="0.001642"/>
</iter>
<iter>
<kw name="Dictionary Should Contain Key" owner="Collections">
<arg>${json_data['results'][0]['login']}</arg>
<arg>${keyTwo}</arg>
<doc>Fails if ``key`` is not found from ``dictionary``.</doc>
<status status="PASS" start="2024-07-10T21:14:20.511872" elapsed="0.000400"/>
</kw>
<kw name="Dictionary Should Contain Key" owner="Collections">
<arg>${json_data['results'][0]['login']}</arg>
<arg>${keyTwo}</arg>
<doc>Fails if ``key`` is not found from ``dictionary``.</doc>
<status status="PASS" start="2024-07-10T21:14:20.512452" elapsed="0.000368"/>
</kw>
<kw name="Log" owner="BuiltIn">
<msg time="2024-07-10T21:14:20.513113" level="INFO">password</msg>
<arg>${keyTwo}</arg>
<doc>Logs the given message with the given level.</doc>
<status status="PASS" start="2024-07-10T21:14:20.512995" elapsed="0.000161"/>
</kw>
<var name="${keyTwo}">password</var>
<status status="PASS" start="2024-07-10T21:14:20.511765" elapsed="0.001709"/>
</iter>
<var>${keyTwo}</var>
<value>@{expected_keysTwo}</value>
<status status="PASS" start="2024-07-10T21:14:20.509800" elapsed="0.003793"/>
</for>
<status status="PASS" start="2024-07-10T21:14:20.402029" elapsed="0.111709"/>
</kw>
<doc>Testa a estrutura da resposta da API.</doc>
<tag>testeEstruturaResposta</tag>
<status status="PASS" start="2024-07-10T21:14:20.401500" elapsed="0.112394"/>
</test>
<test id="s1-s1-t4" name="Validar tipos de dados" line="28">
<kw name="Teste de Tipos de Dados" owner="random-user-service">
<kw name="GET On Session" owner="RequestsLibrary">
<msg time="2024-07-10T21:14:20.602470" level="INFO">GET Request : url=https://randomuser.me/api 
 path_url=/api 
 headers={'User-Agent': 'python-requests/2.32.3', 'Accept-Encoding': 'gzip, deflate', 'Accept': '*/*', 'Connection': 'keep-alive'} 
 body=None 
 </msg>
<msg time="2024-07-10T21:14:20.602574" level="INFO">GET Response : url=https://randomuser.me/api 
 status=200, reason=OK 
 headers={'Date': 'Wed, 10 Jul 2024 21:14:20 GMT', 'Content-Type': 'application/json; charset=utf-8', 'Transfer-Encoding': 'chunked', 'Connection': 'keep-alive', 'X-Powered-By': 'Express', 'Access-Control-Allow-Origin': '*', 'Cache-Control': 'no-cache', 'ETag': 'W/"492-BCoHESfCuOAxfoalcFbBI/+OHRI"', 'Vary': 'Accept-Encoding', 'Content-Encoding': 'gzip', 'CF-Cache-Status': 'DYNAMIC', 'Report-To': '{"endpoints":[{"url":"https:\\/\\/a.nel.cloudflare.com\\/report\\/v4?s=Pn74sTEHgQ0WG6zsTWQOVUqd0bCyHTF%2BZoBAiHZeFmvmcicWXuK%2BHub9XdZCBjtQaDOqVHFEFYp6Mw69mwsEn6snSLsp7YgoplCYdUFKMfFSnTWHOevaPduJFp1TZpTu"}],"group":"cf-nel","max_age":604800}', 'NEL': '{"success_fraction":0,"report_to":"cf-nel","max_age":604800}', 'Server': 'cloudflare', 'CF-RAY': '8a1390163b912992-ORD', 'alt-svc': 'h3=":443"; ma=86400'} 
 body={"results":[{"gender":"female","name":{"title":"Mrs","first":"Sarah","last":"Lucas"},"location":{"street":{"number":8609,"name":"Spring St"},"city":"Bendigo","state":"Victoria","country":"Australia","postcode":2625,"coordinates":{"latitude":"-86.0413","longitude":"142.4831"},"timezone":{"offset":"-4:00","description":"Atlantic Time (Canada), Caracas, La Paz"}},"email":"sarah.lucas@example.com","login":{"uuid":"d854dc2d-3705-4531-ba93-35fac6af0239","username":"brownelephant382","password":"modena","salt":"BdwumemP","md5":"ad90ae4dc79dfc95972b071801eda513","sha1":"3cda18718bd19c9b1eaa43e80ef987959f4e5d25","sha256":"63ef42f8049810ab3f149ef69f38ddbfb27582a19989a2d00c0074a54016d40c"},"dob":{"date":"1999-08-28T22:41:51.161Z","age":24},"registered":{"date":"2015-06-15T11:53:58.054Z","age":9},"phone":"04-6901-2591","cell":"0459-655-889","id":{"name":"TFN","value":"302454351"},"picture":{"large":"https://randomuser.me/api/portraits/women/77.jpg","medium":"https://randomuser.me/api/portraits/med/women/77.jpg","thumbnail":"https://randomuser.me/api/portraits/thumb/women/77.jpg"},"nat":"AU"}],"info":{"seed":"2994415b4bfcf10c","results":1,"page":1,"version":"1.4"}} 
 </msg>
<msg time="2024-07-10T21:14:20.602646" level="INFO">/opt/hostedtoolcache/Python/3.12.4/x64/lib/python3.12/site-packages/urllib3/connectionpool.py:1099: InsecureRequestWarning: Unverified HTTPS request is being made to host 'randomuser.me'. Adding certificate verification is strongly advised. See: https://urllib3.readthedocs.io/en/latest/advanced-usage.html#tls-warnings
  warnings.warn(</msg>
<msg time="2024-07-10T21:14:20.602772" level="INFO">${response} = &lt;Response [200]&gt;</msg>
<var>${response}</var>
<arg>consultarAPI</arg>
<arg>/api</arg>
<doc>Sends a GET request on a previously created HTTP Session.</doc>
<status status="PASS" start="2024-07-10T21:14:20.516478" elapsed="0.086365"/>
</kw>
<kw name="Set Variable" owner="BuiltIn">
<msg time="2024-07-10T21:14:20.603906" level="INFO">${json_data} = {'results': [{'gender': 'female', 'name': {'title': 'Mrs', 'first': 'Sarah', 'last': 'Lucas'}, 'location': {'street': {'number': 8609, 'name': 'Spring St'}, 'city': 'Bendigo', 'state': 'Victoria', 'co...</msg>
<var>${json_data}</var>
<arg>${response.json()}</arg>
<doc>Returns the given values which can then be assigned to a variables.</doc>
<status status="PASS" start="2024-07-10T21:14:20.603375" elapsed="0.000560"/>
</kw>
<kw name="Log" owner="BuiltIn">
<msg time="2024-07-10T21:14:20.604397" level="INFO">{'results': [{'gender': 'female', 'name': {'title': 'Mrs', 'first': 'Sarah', 'last': 'Lucas'}, 'location': {'street': {'number': 8609, 'name': 'Spring St'}, 'city': 'Bendigo', 'state': 'Victoria', 'country': 'Australia', 'postcode': 2625, 'coordinates': {'latitude': '-86.0413', 'longitude': '142.4831'}, 'timezone': {'offset': '-4:00', 'description': 'Atlantic Time (Canada), Caracas, La Paz'}}, 'email': 'sarah.lucas@example.com', 'login': {'uuid': 'd854dc2d-3705-4531-ba93-35fac6af0239', 'username': 'brownelephant382', 'password': 'modena', 'salt': 'BdwumemP', 'md5': 'ad90ae4dc79dfc95972b071801eda513', 'sha1': '3cda18718bd19c9b1eaa43e80ef987959f4e5d25', 'sha256': '63ef42f8049810ab3f149ef69f38ddbfb27582a19989a2d00c0074a54016d40c'}, 'dob': {'date': '1999-08-28T22:41:51.161Z', 'age': 24}, 'registered': {'date': '2015-06-15T11:53:58.054Z', 'age': 9}, 'phone': '04-6901-2591', 'cell': '0459-655-889', 'id': {'name': 'TFN', 'value': '302454351'}, 'picture': {'large': 'https://randomuser.me/api/portraits/women/77.jpg', 'medium': 'https://randomuser.me/api/portraits/med/women/77.jpg', 'thumbnail': 'https://randomuser.me/api/portraits/thumb/women/77.jpg'}, 'nat': 'AU'}], 'info': {'seed': '2994415b4bfcf10c', 'results': 1, 'page': 1, 'version': '1.4'}}</msg>
<arg>${json_data}</arg>
<doc>Logs the given message with the given level.</doc>
<status status="PASS" start="2024-07-10T21:14:20.604241" elapsed="0.000204"/>
</kw>
<kw name="Should Be String" owner="String">
<arg>${json_data['results'][0]['gender']}</arg>
<doc>Fails if the given ``item`` is not a string.</doc>
<status status="PASS" start="2024-07-10T21:14:20.604743" elapsed="0.000401"/>
</kw>
<kw name="Should Match Regexp" owner="BuiltIn">
<arg>${json_data['results'][0]['email']}</arg>
<arg>^[a-zA-Z0-9._%+-]+@[a-zA-Z0-9.-]+\.[a-zA-Z]{2,}$</arg>
<doc>Fails if ``string`` does not match ``pattern`` as a regular expression.</doc>
<status status="PASS" start="2024-07-10T21:14:20.605337" elapsed="0.000516"/>
</kw>
<kw name="Should Match Regexp" owner="BuiltIn">
<arg>${json_data['results'][0]['dob']['date']}</arg>
<arg>\\d{4}-\\d{2}-\\d{2}T\\d{2}:\\d{2}:\\d{2}\\.\\d{3}Z</arg>
<doc>Fails if ``string`` does not match ``pattern`` as a regular expression.</doc>
<status status="PASS" start="2024-07-10T21:14:20.606050" elapsed="0.000486"/>
</kw>
<kw name="Should Match Regexp" owner="BuiltIn">
<arg>${json_data['results'][0]['registered']['date']}</arg>
<arg>\\d{4}-\\d{2}-\\d{2}T\\d{2}:\\d{2}:\\d{2}\\.\\d{3}Z</arg>
<doc>Fails if ``string`` does not match ``pattern`` as a regular expression.</doc>
<status status="PASS" start="2024-07-10T21:14:20.606729" elapsed="0.000425"/>
</kw>
<kw name="Should Match Regexp" owner="BuiltIn">
<arg>${json_data['results'][0]['picture']['large']}</arg>
<arg>^https?://.*\.(?:png|jpe?g|gif|bmp)$</arg>
<doc>Fails if ``string`` does not match ``pattern`` as a regular expression.</doc>
<status status="PASS" start="2024-07-10T21:14:20.607344" elapsed="0.000459"/>
</kw>
<kw name="Should Match Regexp" owner="BuiltIn">
<arg>${json_data['results'][0]['picture']['medium']}</arg>
<arg>^https?://.*\.(?:png|jpe?g|gif|bmp)$</arg>
<doc>Fails if ``string`` does not match ``pattern`` as a regular expression.</doc>
<status status="PASS" start="2024-07-10T21:14:20.607995" elapsed="0.000349"/>
</kw>
<kw name="Should Match Regexp" owner="BuiltIn">
<arg>${json_data['results'][0]['picture']['thumbnail']}</arg>
<arg>^https?://.*\.(?:png|jpe?g|gif|bmp)$</arg>
<doc>Fails if ``string`` does not match ``pattern`` as a regular expression.</doc>
<status status="PASS" start="2024-07-10T21:14:20.608527" elapsed="0.000346"/>
</kw>
<kw name="Log" owner="BuiltIn">
<msg time="2024-07-10T21:14:20.609396" level="INFO">{'large': 'https://randomuser.me/api/portraits/women/77.jpg', 'medium': 'https://randomuser.me/api/portraits/med/women/77.jpg', 'thumbnail': 'https://randomuser.me/api/portraits/thumb/women/77.jpg'}</msg>
<arg>${json_data['results'][0]['picture']}</arg>
<doc>Logs the given message with the given level.</doc>
<status status="PASS" start="2024-07-10T21:14:20.609060" elapsed="0.000380"/>
</kw>
<status status="PASS" start="2024-07-10T21:14:20.516244" elapsed="0.093458"/>
</kw>
<kw name="Teste de Tipos de Dados - Postcode" owner="random-user-service">
<kw name="GET On Session" owner="RequestsLibrary">
<msg time="2024-07-10T21:14:20.756065" level="INFO">GET Request : url=https://randomuser.me/api 
 path_url=/api 
 headers={'User-Agent': 'python-requests/2.32.3', 'Accept-Encoding': 'gzip, deflate', 'Accept': '*/*', 'Connection': 'keep-alive'} 
 body=None 
 </msg>
<msg time="2024-07-10T21:14:20.756175" level="INFO">GET Response : url=https://randomuser.me/api 
 status=200, reason=OK 
 headers={'Date': 'Wed, 10 Jul 2024 21:14:20 GMT', 'Content-Type': 'application/json; charset=utf-8', 'Transfer-Encoding': 'chunked', 'Connection': 'keep-alive', 'X-Powered-By': 'Express', 'Access-Control-Allow-Origin': '*', 'Cache-Control': 'no-cache', 'ETag': 'W/"480-e1vSt3Mk3fJJW/2C8LYeyQT4XSM"', 'Vary': 'Accept-Encoding', 'Content-Encoding': 'gzip', 'CF-Cache-Status': 'DYNAMIC', 'Report-To': '{"endpoints":[{"url":"https:\\/\\/a.nel.cloudflare.com\\/report\\/v4?s=N4wALBRMhSNf5knQ%2FVq1gfD69ye9dmjBJDOsCptCyv7dBvne17JF5ik0EJiuYACqO6fps6O5b6hEKj8zmIvvggU0PyRwsDXrdlr2dGxezJB95x%2FrqOwyJGHcqJLT0OKy"}],"group":"cf-nel","max_age":604800}', 'NEL': '{"success_fraction":0,"report_to":"cf-nel","max_age":604800}', 'Server': 'cloudflare', 'CF-RAY': '8a139016dc4d2992-ORD', 'alt-svc': 'h3=":443"; ma=86400'} 
 body={"results":[{"gender":"female","name":{"title":"Ms","first":"Leah","last":"Lord"},"location":{"street":{"number":4570,"name":"Jones Road"},"city":"Tuam","state":"Fingal","country":"Ireland","postcode":63593,"coordinates":{"latitude":"-0.7328","longitude":"164.7926"},"timezone":{"offset":"+5:30","description":"Bombay, Calcutta, Madras, New Delhi"}},"email":"leah.lord@example.com","login":{"uuid":"98fb75e4-9039-4ce6-b170-7f8b80908a45","username":"angrykoala957","password":"juanita","salt":"dnLX5y9h","md5":"30672cb8cc5e9f9295ecf1c86f77a0d2","sha1":"4b587a1c3ba7e8c724554e1e60ea24f758dcf638","sha256":"8807dccb9a2d8a454f5a09768f0854d502cf40619bf8d115fe4f896fbe4aa32a"},"dob":{"date":"1976-06-02T23:24:57.613Z","age":48},"registered":{"date":"2016-08-06T00:15:28.857Z","age":7},"phone":"011-505-6233","cell":"081-518-9122","id":{"name":"PPS","value":"5516243T"},"picture":{"large":"https://randomuser.me/api/portraits/women/48.jpg","medium":"https://randomuser.me/api/portraits/med/women/48.jpg","thumbnail":"https://randomuser.me/api/portraits/thumb/women/48.jpg"},"nat":"IE"}],"info":{"seed":"1bc5c6373af76ef6","results":1,"page":1,"version":"1.4"}} 
 </msg>
<msg time="2024-07-10T21:14:20.756257" level="INFO">/opt/hostedtoolcache/Python/3.12.4/x64/lib/python3.12/site-packages/urllib3/connectionpool.py:1099: InsecureRequestWarning: Unverified HTTPS request is being made to host 'randomuser.me'. Adding certificate verification is strongly advised. See: https://urllib3.readthedocs.io/en/latest/advanced-usage.html#tls-warnings
  warnings.warn(</msg>
<msg time="2024-07-10T21:14:20.756387" level="INFO">${response} = &lt;Response [200]&gt;</msg>
<var>${response}</var>
<arg>consultarAPI</arg>
<arg>/api</arg>
<doc>Sends a GET request on a previously created HTTP Session.</doc>
<status status="PASS" start="2024-07-10T21:14:20.610172" elapsed="0.146248"/>
</kw>
<kw name="Set Variable" owner="BuiltIn">
<msg time="2024-07-10T21:14:20.757572" level="INFO">${json_data} = {'results': [{'gender': 'female', 'name': {'title': 'Ms', 'first': 'Leah', 'last': 'Lord'}, 'location': {'street': {'number': 4570, 'name': 'Jones Road'}, 'city': 'Tuam', 'state': 'Fingal', 'country':...</msg>
<var>${json_data}</var>
<arg>${response.json()}</arg>
<doc>Returns the given values which can then be assigned to a variables.</doc>
<status status="PASS" start="2024-07-10T21:14:20.757025" elapsed="0.000576"/>
</kw>
<kw name="Log" owner="BuiltIn">
<msg time="2024-07-10T21:14:20.758065" level="INFO">{'results': [{'gender': 'female', 'name': {'title': 'Ms', 'first': 'Leah', 'last': 'Lord'}, 'location': {'street': {'number': 4570, 'name': 'Jones Road'}, 'city': 'Tuam', 'state': 'Fingal', 'country': 'Ireland', 'postcode': 63593, 'coordinates': {'latitude': '-0.7328', 'longitude': '164.7926'}, 'timezone': {'offset': '+5:30', 'description': 'Bombay, Calcutta, Madras, New Delhi'}}, 'email': 'leah.lord@example.com', 'login': {'uuid': '98fb75e4-9039-4ce6-b170-7f8b80908a45', 'username': 'angrykoala957', 'password': 'juanita', 'salt': 'dnLX5y9h', 'md5': '30672cb8cc5e9f9295ecf1c86f77a0d2', 'sha1': '4b587a1c3ba7e8c724554e1e60ea24f758dcf638', 'sha256': '8807dccb9a2d8a454f5a09768f0854d502cf40619bf8d115fe4f896fbe4aa32a'}, 'dob': {'date': '1976-06-02T23:24:57.613Z', 'age': 48}, 'registered': {'date': '2016-08-06T00:15:28.857Z', 'age': 7}, 'phone': '011-505-6233', 'cell': '081-518-9122', 'id': {'name': 'PPS', 'value': '5516243T'}, 'picture': {'large': 'https://randomuser.me/api/portraits/women/48.jpg', 'medium': 'https://randomuser.me/api/portraits/med/women/48.jpg', 'thumbnail': 'https://randomuser.me/api/portraits/thumb/women/48.jpg'}, 'nat': 'IE'}], 'info': {'seed': '1bc5c6373af76ef6', 'results': 1, 'page': 1, 'version': '1.4'}}</msg>
<arg>${json_data}</arg>
<doc>Logs the given message with the given level.</doc>
<status status="PASS" start="2024-07-10T21:14:20.757909" elapsed="0.000202"/>
</kw>
<kw name="Should Be Equal As Numbers" owner="BuiltIn">
<arg>${json_data['results'][0]['location']['postcode']}</arg>
<arg>${json_data['results'][0]['location']['postcode']}</arg>
<doc>Fails if objects are unequal after converting them to real numbers.</doc>
<status status="PASS" start="2024-07-10T21:14:20.758400" elapsed="0.000705"/>
</kw>
<kw name="Log" owner="BuiltIn">
<msg time="2024-07-10T21:14:20.759846" level="INFO">63593</msg>
<arg>${json_data['results'][0]['location']['postcode']}</arg>
<doc>Logs the given message with the given level.</doc>
<status status="PASS" start="2024-07-10T21:14:20.759330" elapsed="0.000558"/>
</kw>
<status status="PASS" start="2024-07-10T21:14:20.609935" elapsed="0.150213"/>
</kw>
<doc>Testa se os tipos de dados na resposta da API estão corretos.</doc>
<tag>testeTiposDados</tag>
<status status="PASS" start="2024-07-10T21:14:20.515782" elapsed="0.244535"/>
</test>
<test id="s1-s1-t5" name="Validar conteudo" line="35">
<kw name="Teste de Tipos de Conteudo" owner="random-user-service">
<kw name="GET On Session" owner="RequestsLibrary">
<msg time="2024-07-10T21:14:20.831288" level="INFO">GET Request : url=https://randomuser.me/api 
 path_url=/api 
 headers={'User-Agent': 'python-requests/2.32.3', 'Accept-Encoding': 'gzip, deflate', 'Accept': '*/*', 'Connection': 'keep-alive'} 
 body=None 
 </msg>
<msg time="2024-07-10T21:14:20.831391" level="INFO">GET Response : url=https://randomuser.me/api 
 status=200, reason=OK 
 headers={'Date': 'Wed, 10 Jul 2024 21:14:20 GMT', 'Content-Type': 'application/json; charset=utf-8', 'Transfer-Encoding': 'chunked', 'Connection': 'keep-alive', 'X-Powered-By': 'Express', 'Access-Control-Allow-Origin': '*', 'Cache-Control': 'no-cache', 'ETag': 'W/"47f-S2TfR5nyhu06HiR0gurS7aYKTc8"', 'Vary': 'Accept-Encoding', 'Content-Encoding': 'gzip', 'CF-Cache-Status': 'DYNAMIC', 'Report-To': '{"endpoints":[{"url":"https:\\/\\/a.nel.cloudflare.com\\/report\\/v4?s=S3Y9uVjdLbrdSe7TIZakBcj0Y4Ucu%2FLJyQJ0mFEf4s8yh36iI1O7R88DffHhITFfEXHxLTmgMm8Y0GcMEuLy%2BRb1xvOFBPw7NBYuMwItKmV5t9IIBYv%2B2ucEzdt8Zn7w"}],"group":"cf-nel","max_age":604800}', 'NEL': '{"success_fraction":0,"report_to":"cf-nel","max_age":604800}', 'Server': 'cloudflare', 'CF-RAY': '8a139017cd732992-ORD', 'alt-svc': 'h3=":443"; ma=86400'} 
 body={"results":[{"gender":"male","name":{"title":"Mr","first":"آرش","last":"جعفری"},"location":{"street":{"number":4163,"name":"کوی نصر"},"city":"یزد","state":"آذربایجان شرقی","country":"Iran","postcode":70089,"coordinates":{"latitude":"15.2504","longitude":"-175.5769"},"timezone":{"offset":"-12:00","description":"Eniwetok, Kwajalein"}},"email":"arsh.jaafry@example.com","login":{"uuid":"1106ff0a-7f79-4890-8a4f-77b1ace95fdd","username":"crazywolf518","password":"nirvana","salt":"C0BJGMbW","md5":"fa8f6e24cc734974f01eedb06e385372","sha1":"e215be6423dbb4bd9ee3f3b60f4a4db849c92fc4","sha256":"1fbff9fd269168523d64d43dc5a2351e347e32ea3a7995c2727804a51867921b"},"dob":{"date":"1970-04-17T16:58:13.194Z","age":54},"registered":{"date":"2016-09-01T09:47:03.881Z","age":7},"phone":"067-95398801","cell":"0969-148-0665","id":{"name":"","value":null},"picture":{"large":"https://randomuser.me/api/portraits/men/6.jpg","medium":"https://randomuser.me/api/portraits/med/men/6.jpg","thumbnail":"https://randomuser.me/api/portraits/thumb/men/6.jpg"},"nat":"IR"}],"info":{"seed":"f9213300d568dcb3","results":1,"page":1,"version":"1.4"}} 
 </msg>
<msg time="2024-07-10T21:14:20.831466" level="INFO">/opt/hostedtoolcache/Python/3.12.4/x64/lib/python3.12/site-packages/urllib3/connectionpool.py:1099: InsecureRequestWarning: Unverified HTTPS request is being made to host 'randomuser.me'. Adding certificate verification is strongly advised. See: https://urllib3.readthedocs.io/en/latest/advanced-usage.html#tls-warnings
  warnings.warn(</msg>
<msg time="2024-07-10T21:14:20.831586" level="INFO">${response} = &lt;Response [200]&gt;</msg>
<var>${response}</var>
<arg>consultarAPI</arg>
<arg>/api</arg>
<doc>Sends a GET request on a previously created HTTP Session.</doc>
<status status="PASS" start="2024-07-10T21:14:20.762823" elapsed="0.068789"/>
</kw>
<kw name="Set Variable" owner="BuiltIn">
<msg time="2024-07-10T21:14:20.832716" level="INFO">${json_data} = {'results': [{'gender': 'male', 'name': {'title': 'Mr', 'first': 'آرش', 'last': 'جعفری'}, 'location': {'street': {'number': 4163, 'name': 'کوی نصر'}, 'city': 'یزد', 'state': 'آذربایجان شرقی', 'country...</msg>
<var>${json_data}</var>
<arg>${response.json()}</arg>
<doc>Returns the given values which can then be assigned to a variables.</doc>
<status status="PASS" start="2024-07-10T21:14:20.832151" elapsed="0.000596"/>
</kw>
<kw name="Set Variable" owner="BuiltIn">
<msg time="2024-07-10T21:14:20.833465" level="INFO">${name_title} = Mr</msg>
<var>${name_title}</var>
<arg>${json_data["results"][0]["name"]["title"]}</arg>
<doc>Returns the given values which can then be assigned to a variables.</doc>
<status status="PASS" start="2024-07-10T21:14:20.833081" elapsed="0.000410"/>
</kw>
<kw name="Create List" owner="BuiltIn">
<msg time="2024-07-10T21:14:20.833938" level="INFO">${allowed_titles} = ['Mr', 'Ms', 'Miss', 'Mrs', 'Madame', 'Monsieur']</msg>
<var>${allowed_titles}</var>
<arg>Mr</arg>
<arg>Ms</arg>
<arg>Miss</arg>
<arg>Mrs</arg>
<arg>Madame</arg>
<arg>Monsieur</arg>
<doc>Returns a list containing given items.</doc>
<status status="PASS" start="2024-07-10T21:14:20.833789" elapsed="0.000173"/>
</kw>
<kw name="List Should Contain Value" owner="Collections">
<arg>${allowed_titles}</arg>
<arg>${name_title}</arg>
<doc>Fails if the ``value`` is not found from ``list``.</doc>
<status status="PASS" start="2024-07-10T21:14:20.834264" elapsed="0.000174"/>
</kw>
<kw name="Set Variable" owner="BuiltIn">
<msg time="2024-07-10T21:14:20.835030" level="INFO">${name_country} = IR</msg>
<var>${name_country}</var>
<arg>${json_data["results"][0]["nat"]}</arg>
<doc>Returns the given values which can then be assigned to a variables.</doc>
<status status="PASS" start="2024-07-10T21:14:20.834613" elapsed="0.000443"/>
</kw>
<kw name="Create List" owner="BuiltIn">
<msg time="2024-07-10T21:14:20.835944" level="INFO">${list_country} = ['AD', 'AE', 'AF', 'AG', 'AI', 'AL', 'AM', 'AO', 'AQ', 'AR', 'AS', 'AT', 'AU', 'AW', 'AX', 'AZ', 'BA', 'BB', 'BD', 'BE', 'BF', 'BG', 'BH', 'BI', 'BJ', 'BL', 'BM', 'BN', 'BO', 'BQ', 'BR', 'BS', 'BT', '...</msg>
<var>${list_country}</var>
<arg>AD</arg>
<arg>AE</arg>
<arg>AF</arg>
<arg>AG</arg>
<arg>AI</arg>
<arg>AL</arg>
<arg>AM</arg>
<arg>AO</arg>
<arg>AQ</arg>
<arg>AR</arg>
<arg>AS</arg>
<arg>AT</arg>
<arg>AU</arg>
<arg>AW</arg>
<arg>AX</arg>
<arg>AZ</arg>
<arg>BA</arg>
<arg>BB</arg>
<arg>BD</arg>
<arg>BE</arg>
<arg>BF</arg>
<arg>BG</arg>
<arg>BH</arg>
<arg>BI</arg>
<arg>BJ</arg>
<arg>BL</arg>
<arg>BM</arg>
<arg>BN</arg>
<arg>BO</arg>
<arg>BQ</arg>
<arg>BR</arg>
<arg>BS</arg>
<arg>BT</arg>
<arg>BV</arg>
<arg>BW</arg>
<arg>BY</arg>
<arg>BZ</arg>
<arg>CA</arg>
<arg>CC</arg>
<arg>CD</arg>
<arg>CF</arg>
<arg>CG</arg>
<arg>CH</arg>
<arg>CI</arg>
<arg>CK</arg>
<arg>CL</arg>
<arg>CM</arg>
<arg>CN</arg>
<arg>CO</arg>
<arg>CR</arg>
<arg>CU</arg>
<arg>CV</arg>
<arg>CW</arg>
<arg>CX</arg>
<arg>CY</arg>
<arg>CZ</arg>
<arg>DE</arg>
<arg>DJ</arg>
<arg>DK</arg>
<arg>DM</arg>
<arg>DO</arg>
<arg>DZ</arg>
<arg>EC</arg>
<arg>EE</arg>
<arg>EG</arg>
<arg>EH</arg>
<arg>ER</arg>
<arg>ES</arg>
<arg>ET</arg>
<arg>FI</arg>
<arg>FJ</arg>
<arg>FK</arg>
<arg>FM</arg>
<arg>FO</arg>
<arg>FR</arg>
<arg>GA</arg>
<arg>GB</arg>
<arg>GD</arg>
<arg>GE</arg>
<arg>GF</arg>
<arg>GG</arg>
<arg>GH</arg>
<arg>GI</arg>
<arg>GL</arg>
<arg>GM</arg>
<arg>GN</arg>
<arg>GP</arg>
<arg>GQ</arg>
<arg>GR</arg>
<arg>GS</arg>
<arg>GT</arg>
<arg>GU</arg>
<arg>GW</arg>
<arg>GY</arg>
<arg>HK</arg>
<arg>HM</arg>
<arg>HN</arg>
<arg>HR</arg>
<arg>HT</arg>
<arg>HU</arg>
<arg>ID</arg>
<arg>IE</arg>
<arg>IL</arg>
<arg>IM</arg>
<arg>IN</arg>
<arg>IO</arg>
<arg>IQ</arg>
<arg>IR</arg>
<arg>IS</arg>
<arg>IT</arg>
<arg>JE</arg>
<arg>JM</arg>
<arg>JO</arg>
<arg>JP</arg>
<arg>KE</arg>
<arg>KG</arg>
<arg>KH</arg>
<arg>KI</arg>
<arg>KM</arg>
<arg>KN</arg>
<arg>KP</arg>
<arg>KR</arg>
<arg>KW</arg>
<arg>KY</arg>
<arg>KZ</arg>
<arg>LA</arg>
<arg>LB</arg>
<arg>LC</arg>
<arg>LI</arg>
<arg>LK</arg>
<arg>LR</arg>
<arg>LS</arg>
<arg>LT</arg>
<arg>LU</arg>
<arg>LV</arg>
<arg>LY</arg>
<arg>MA</arg>
<arg>MC</arg>
<arg>MD</arg>
<arg>ME</arg>
<arg>MF</arg>
<arg>MG</arg>
<arg>MH</arg>
<arg>MK</arg>
<arg>ML</arg>
<arg>MM</arg>
<arg>MN</arg>
<arg>MO</arg>
<arg>MP</arg>
<arg>MQ</arg>
<arg>MR</arg>
<arg>MS</arg>
<arg>MT</arg>
<arg>MU</arg>
<arg>MV</arg>
<arg>MW</arg>
<arg>MX</arg>
<arg>MY</arg>
<arg>MZ</arg>
<arg>NA</arg>
<arg>NC</arg>
<arg>NE</arg>
<arg>NF</arg>
<arg>NG</arg>
<arg>NI</arg>
<arg>NL</arg>
<arg>NO</arg>
<arg>NP</arg>
<arg>NR</arg>
<arg>NU</arg>
<arg>NZ</arg>
<arg>OM</arg>
<arg>PA</arg>
<arg>PE</arg>
<arg>PF</arg>
<arg>PG</arg>
<arg>PH</arg>
<arg>PK</arg>
<arg>PL</arg>
<arg>PM</arg>
<arg>PN</arg>
<arg>PR</arg>
<arg>PS</arg>
<arg>PT</arg>
<arg>PW</arg>
<arg>PY</arg>
<arg>QA</arg>
<arg>RE</arg>
<arg>RO</arg>
<arg>RS</arg>
<arg>RU</arg>
<arg>RW</arg>
<arg>SA</arg>
<arg>SB</arg>
<arg>SC</arg>
<arg>SD</arg>
<arg>SE</arg>
<arg>SG</arg>
<arg>SH</arg>
<arg>SI</arg>
<arg>SJ</arg>
<arg>SK</arg>
<arg>SL</arg>
<arg>SM</arg>
<arg>SN</arg>
<arg>SO</arg>
<arg>SR</arg>
<arg>SS</arg>
<arg>ST</arg>
<arg>SV</arg>
<arg>SX</arg>
<arg>SY</arg>
<arg>SZ</arg>
<arg>TC</arg>
<arg>TD</arg>
<arg>TF</arg>
<arg>TG</arg>
<arg>TH</arg>
<arg>TJ</arg>
<arg>TK</arg>
<arg>TL</arg>
<arg>TM</arg>
<arg>TN</arg>
<arg>TO</arg>
<arg>TR</arg>
<arg>TT</arg>
<arg>TV</arg>
<arg>TW</arg>
<arg>TZ</arg>
<arg>UA</arg>
<arg>UG</arg>
<arg>UM</arg>
<arg>US</arg>
<arg>UY</arg>
<arg>UZ</arg>
<arg>VA</arg>
<arg>VC</arg>
<arg>VE</arg>
<arg>VG</arg>
<arg>VI</arg>
<arg>VN</arg>
<arg>VU</arg>
<arg>WF</arg>
<arg>WS</arg>
<arg>XK</arg>
<arg>YE</arg>
<arg>YT</arg>
<arg>ZA</arg>
<arg>ZM</arg>
<arg>ZW</arg>
<doc>Returns a list containing given items.</doc>
<status status="PASS" start="2024-07-10T21:14:20.835353" elapsed="0.000616"/>
</kw>
<kw name="List Should Contain Value" owner="Collections">
<arg>${list_country}</arg>
<arg>${name_country}</arg>
<doc>Fails if the ``value`` is not found from ``list``.</doc>
<status status="PASS" start="2024-07-10T21:14:20.836770" elapsed="0.000206"/>
</kw>
<kw name="Run Keyword If" owner="BuiltIn">
<kw name="Should Be True" owner="BuiltIn">
<arg>${True}</arg>
<doc>Fails if the given condition is not true.</doc>
<status status="PASS" start="2024-07-10T21:14:20.837901" elapsed="0.000141"/>
</kw>
<arg>${json_data["results"][0]["location"]["coordinates"]["latitude"]} &gt;= -90 and ${json_data["results"][0]["location"]["coordinates"]["latitude"]} &lt;= 90</arg>
<arg>Should Be True</arg>
<arg>${True}</arg>
<doc>Runs the given keyword with the given arguments, if ``condition`` is true.</doc>
<status status="PASS" start="2024-07-10T21:14:20.837170" elapsed="0.000997"/>
</kw>
<kw name="Run Keyword If" owner="BuiltIn">
<kw name="Should Be True" owner="BuiltIn">
<arg>${True}</arg>
<doc>Fails if the given condition is not true.</doc>
<status status="PASS" start="2024-07-10T21:14:20.839063" elapsed="0.000244"/>
</kw>
<arg>${json_data["results"][0]["location"]["coordinates"]["longitude"]} &gt;= -180 and ${json_data["results"][0]["location"]["coordinates"]["longitude"]} &lt;= 180</arg>
<arg>Should Be True</arg>
<arg>${True}</arg>
<doc>Runs the given keyword with the given arguments, if ``condition`` is true.</doc>
<status status="PASS" start="2024-07-10T21:14:20.838345" elapsed="0.001092"/>
</kw>
<status status="PASS" start="2024-07-10T21:14:20.762569" elapsed="0.077004"/>
</kw>
<doc>Testa o conteúdo específico dos campos retornados pela API.</doc>
<tag>testeConteudo</tag>
<status status="PASS" start="2024-07-10T21:14:20.762092" elapsed="0.077632"/>
</test>
<status status="PASS" start="2024-07-10T21:14:19.792171" elapsed="1.049555"/>
</suite>
<status status="PASS" start="2024-07-10T21:14:19.777669" elapsed="1.069093"/>
</suite>
<statistics>
<total>
<stat pass="5" fail="0" skip="0">All Tests</stat>
</total>
<tag>
<stat pass="1" fail="0" skip="0">testeConteudo</stat>
<stat pass="1" fail="0" skip="0">testeEstruturaResposta</stat>
<stat pass="1" fail="0" skip="0">testeRequisicaoBasica</stat>
<stat pass="1" fail="0" skip="0">testeTiposDados</stat>
</tag>
<suite>
<stat pass="5" fail="0" skip="0" id="s1" name="Tests">Tests</stat>
<stat pass="5" fail="0" skip="0" id="s1-s1" name="Random-User-Test">Tests.Random-User-Test</stat>
</suite>
</statistics>
<errors>
</errors>
</robot>
