<?xml version="1.0" encoding="UTF-8"?>
<robot generator="Robot 7.0.1 (Python 3.12.4 on linux)" generated="2024-08-08T04:20:31.312004" rpa="false" schemaversion="5">
<suite id="s1" name="Tests" source="/home/runner/work/ApiRandomUser/ApiRandomUser/RamdonUser/tests">
<suite id="s1-s1" name="Random-User-Test" source="/home/runner/work/ApiRandomUser/ApiRandomUser/RamdonUser/tests/random-user-test.robot">
<test id="s1-s1-t1" name="Conectar" line="13">
<kw name="Conectar API" owner="random-user-service">
<kw name="Create Session" owner="RequestsLibrary">
<msg time="2024-08-08T04:20:31.719320" level="INFO">Creating Session using : alias=consultarAPI, url=https://randomuser.me/, headers={},                     cookies={}, auth=None, timeout=None, proxies=None, verify=False,                     debug=0 </msg>
<arg>consultarAPI</arg>
<arg>${URL}</arg>
<doc>Create Session: create a HTTP session to a server</doc>
<status status="PASS" start="2024-08-08T04:20:31.719105" elapsed="0.000424"/>
</kw>
<status status="PASS" start="2024-08-08T04:20:31.717977" elapsed="0.001932"/>
</kw>
<status status="PASS" start="2024-08-08T04:20:31.717314" elapsed="0.002792"/>
</test>
<test id="s1-s1-t2" name="Validar retorno 200 e JSON Válido" line="16">
<kw name="Teste de Requisicao Basica" owner="random-user-service">
<kw name="GET On Session" owner="RequestsLibrary">
<msg time="2024-08-08T04:20:33.966121" level="INFO">GET Request : url=https://randomuser.me/api 
 path_url=/api 
 headers={'User-Agent': 'python-requests/2.32.3', 'Accept-Encoding': 'gzip, deflate', 'Accept': '*/*', 'Connection': 'keep-alive'} 
 body=None 
 </msg>
<msg time="2024-08-08T04:20:33.966326" level="INFO">GET Response : url=https://randomuser.me/api 
 status=200, reason=OK 
 headers={'Date': 'Thu, 08 Aug 2024 04:20:33 GMT', 'Content-Type': 'application/json; charset=utf-8', 'Transfer-Encoding': 'chunked', 'Connection': 'keep-alive', 'X-Powered-By': 'Express', 'Access-Control-Allow-Origin': '*', 'Cache-Control': 'no-cache', 'ETag': 'W/"491-bnMhz+YjWNk0mInztZd21rL9qsA"', 'Vary': 'Accept-Encoding', 'Content-Encoding': 'gzip', 'CF-Cache-Status': 'DYNAMIC', 'Report-To': '{"endpoints":[{"url":"https:\\/\\/a.nel.cloudflare.com\\/report\\/v4?s=Y3dCUT%2Bl44tArskv3xFu21o89smE0JFozIAELw2gIkAPxwykI3tXzR3S5SpppYZH8UqZ4%2FbEun7rVfkCsIgyhTLookh8PBU%2FcZcycxllxpyX9bawhaAEPFMGN1F6HIO3"}],"group":"cf-nel","max_age":604800}', 'NEL': '{"success_fraction":0,"report_to":"cf-nel","max_age":604800}', 'Server': 'cloudflare', 'CF-RAY': '8afcb6e31872aaa6-SJC', 'alt-svc': 'h3=":443"; ma=86400'} 
 body={"results":[{"gender":"female","name":{"title":"Ms","first":"Nivalda","last":"Moura"},"location":{"street":{"number":658,"name":"Avenida da Democracia"},"city":"Teixeira de Freitas","state":"Tocantins","country":"Brazil","postcode":67767,"coordinates":{"latitude":"-76.7804","longitude":"94.3369"},"timezone":{"offset":"+5:45","description":"Kathmandu"}},"email":"nivalda.moura@example.com","login":{"uuid":"badc10ef-a396-4f53-99a1-645e6c7be747","username":"biggorilla355","password":"patty","salt":"nLx0wnZM","md5":"abee7d397779453bee28c58e5a825cbf","sha1":"647372eaf955461863e09eea4634797dfed08af0","sha256":"eb5163fb2daf5a49dc7c9f9059354f04140aaf3aa5d9be9aa9058363353e9784"},"dob":{"date":"1962-05-30T14:27:48.500Z","age":62},"registered":{"date":"2020-11-23T09:49:33.401Z","age":3},"phone":"(84) 7842-4615","cell":"(62) 1167-8468","id":{"name":"CPF","value":"724.874.271-47"},"picture":{"large":"https://randomuser.me/api/portraits/women/42.jpg","medium":"https://randomuser.me/api/portraits/med/women/42.jpg","thumbnail":"https://randomuser.me/api/portraits/thumb/women/42.jpg"},"nat":"BR"}],"info":{"seed":"886cb4eab209cf61","results":1,"page":1,"version":"1.4"}} 
 </msg>
<msg time="2024-08-08T04:20:33.966419" level="INFO">/opt/hostedtoolcache/Python/3.12.4/x64/lib/python3.12/site-packages/urllib3/connectionpool.py:1099: InsecureRequestWarning: Unverified HTTPS request is being made to host 'randomuser.me'. Adding certificate verification is strongly advised. See: https://urllib3.readthedocs.io/en/latest/advanced-usage.html#tls-warnings
  warnings.warn(</msg>
<msg time="2024-08-08T04:20:33.966586" level="INFO">${response} = &lt;Response [200]&gt;</msg>
<var>${response}</var>
<arg>consultarAPI</arg>
<arg>/api</arg>
<doc>Sends a GET request on a previously created HTTP Session.</doc>
<status status="PASS" start="2024-08-08T04:20:31.722847" elapsed="2.243776"/>
</kw>
<kw name="Should Be Equal As Numbers" owner="BuiltIn">
<msg time="2024-08-08T04:20:33.967639" level="INFO">Argument types are:
&lt;class 'int'&gt;
&lt;class 'str'&gt;</msg>
<arg>${response.status_code}</arg>
<arg>200</arg>
<doc>Fails if objects are unequal after converting them to real numbers.</doc>
<status status="PASS" start="2024-08-08T04:20:33.967175" elapsed="0.000527"/>
</kw>
<kw name="Log" owner="BuiltIn">
<msg time="2024-08-08T04:20:33.968364" level="INFO">200</msg>
<arg>${response.status_code}</arg>
<doc>Logs the given message with the given level.</doc>
<status status="PASS" start="2024-08-08T04:20:33.968012" elapsed="0.000392"/>
</kw>
<kw name="Set Variable" owner="BuiltIn">
<msg time="2024-08-08T04:20:33.969148" level="INFO">${json_data} = {'results': [{'gender': 'female', 'name': {'title': 'Ms', 'first': 'Nivalda', 'last': 'Moura'}, 'location': {'street': {'number': 658, 'name': 'Avenida da Democracia'}, 'city': 'Teixeira de Freitas', ...</msg>
<var>${json_data}</var>
<arg>${response.json()}</arg>
<doc>Returns the given values which can then be assigned to a variables.</doc>
<status status="PASS" start="2024-08-08T04:20:33.968708" elapsed="0.000468"/>
</kw>
<kw name="Dictionary Should Contain Key" owner="Collections">
<arg>${json_data}</arg>
<arg>results</arg>
<doc>Fails if ``key`` is not found from ``dictionary``.</doc>
<status status="PASS" start="2024-08-08T04:20:33.969475" elapsed="0.000331"/>
</kw>
<status status="PASS" start="2024-08-08T04:20:31.722548" elapsed="2.247415"/>
</kw>
<doc>Testa se a API responde corretamente e retorna um objeto JSON válido.</doc>
<tag>testeRequisicaoBasica</tag>
<status status="PASS" start="2024-08-08T04:20:31.721988" elapsed="2.248153"/>
</test>
<test id="s1-s1-t3" name="Validar estrutura de resposta" line="22">
<kw name="Teste de Estrutura de Resposta" owner="random-user-service">
<kw name="GET On Session" owner="RequestsLibrary">
<msg time="2024-08-08T04:20:37.454941" level="INFO">GET Request : url=https://randomuser.me/api 
 path_url=/api 
 headers={'User-Agent': 'python-requests/2.32.3', 'Accept-Encoding': 'gzip, deflate', 'Accept': '*/*', 'Connection': 'keep-alive'} 
 body=None 
 </msg>
<msg time="2024-08-08T04:20:37.455043" level="INFO">GET Response : url=https://randomuser.me/api 
 status=200, reason=OK 
 headers={'Date': 'Thu, 08 Aug 2024 04:20:37 GMT', 'Content-Type': 'application/json; charset=utf-8', 'Transfer-Encoding': 'chunked', 'Connection': 'keep-alive', 'X-Powered-By': 'Express', 'Access-Control-Allow-Origin': '*', 'Cache-Control': 'no-cache', 'ETag': 'W/"492-Om3fWsqS+yfxBzh2GYH/Qcl6g/E"', 'Vary': 'Accept-Encoding', 'Content-Encoding': 'gzip', 'CF-Cache-Status': 'DYNAMIC', 'Report-To': '{"endpoints":[{"url":"https:\\/\\/a.nel.cloudflare.com\\/report\\/v4?s=3lli9mQw9Bx2d%2BjTcDTTfR49EwKoHkw4A6ORikbSHqRFeYDYMzdGckviKe8S2lTsiI1wVeReqM9f%2B7isnrBb0HmfK844EBfGegZpcPFB6lZW5HW%2BKL1PQzrQjT7kpY6f"}],"group":"cf-nel","max_age":604800}', 'NEL': '{"success_fraction":0,"report_to":"cf-nel","max_age":604800}', 'Server': 'cloudflare', 'CF-RAY': '8afcb6f05b22aaa6-SJC', 'alt-svc': 'h3=":443"; ma=86400'} 
 body={"results":[{"gender":"female","name":{"title":"Mrs","first":"Pramitha","last":"Almeida"},"location":{"street":{"number":9380,"name":"Tank Bund Rd"},"city":"Gurgaon","state":"Haryana","country":"India","postcode":85884,"coordinates":{"latitude":"11.5469","longitude":"166.3297"},"timezone":{"offset":"-3:00","description":"Brazil, Buenos Aires, Georgetown"}},"email":"pramitha.almeida@example.com","login":{"uuid":"8095ff55-d92a-4840-ba9a-00a8271bcc3d","username":"purplebear127","password":"malice","salt":"KjOFpcUP","md5":"5b6f1e060ea8723558038877152aea48","sha1":"3363b78618463c8f6ff3775b34976773896f8f4b","sha256":"d60cd0c4e5742ea65f7d9f94b2b8d951f8b734accfd6bb77588f34a7b83d8feb"},"dob":{"date":"1982-10-01T02:28:21.425Z","age":41},"registered":{"date":"2012-09-28T06:42:31.666Z","age":11},"phone":"8077728028","cell":"8115315866","id":{"name":"UIDAI","value":"385516569538"},"picture":{"large":"https://randomuser.me/api/portraits/women/12.jpg","medium":"https://randomuser.me/api/portraits/med/women/12.jpg","thumbnail":"https://randomuser.me/api/portraits/thumb/women/12.jpg"},"nat":"IN"}],"info":{"seed":"90f70059ca2a6306","results":1,"page":1,"version":"1.4"}} 
 </msg>
<msg time="2024-08-08T04:20:37.455166" level="INFO">/opt/hostedtoolcache/Python/3.12.4/x64/lib/python3.12/site-packages/urllib3/connectionpool.py:1099: InsecureRequestWarning: Unverified HTTPS request is being made to host 'randomuser.me'. Adding certificate verification is strongly advised. See: https://urllib3.readthedocs.io/en/latest/advanced-usage.html#tls-warnings
  warnings.warn(</msg>
<msg time="2024-08-08T04:20:37.455315" level="INFO">${response} = &lt;Response [200]&gt;</msg>
<var>${response}</var>
<arg>consultarAPI</arg>
<arg>/api</arg>
<doc>Sends a GET request on a previously created HTTP Session.</doc>
<status status="PASS" start="2024-08-08T04:20:33.972737" elapsed="3.482621"/>
</kw>
<kw name="Set Variable" owner="BuiltIn">
<msg time="2024-08-08T04:20:37.456404" level="INFO">${json_data} = {'results': [{'gender': 'female', 'name': {'title': 'Mrs', 'first': 'Pramitha', 'last': 'Almeida'}, 'location': {'street': {'number': 9380, 'name': 'Tank Bund Rd'}, 'city': 'Gurgaon', 'state': 'Haryan...</msg>
<var>${json_data}</var>
<arg>${response.json()}</arg>
<doc>Returns the given values which can then be assigned to a variables.</doc>
<status status="PASS" start="2024-08-08T04:20:37.455889" elapsed="0.000543"/>
</kw>
<kw name="Log" owner="BuiltIn">
<msg time="2024-08-08T04:20:37.456891" level="INFO">{'results': [{'gender': 'female', 'name': {'title': 'Mrs', 'first': 'Pramitha', 'last': 'Almeida'}, 'location': {'street': {'number': 9380, 'name': 'Tank Bund Rd'}, 'city': 'Gurgaon', 'state': 'Haryana', 'country': 'India', 'postcode': 85884, 'coordinates': {'latitude': '11.5469', 'longitude': '166.3297'}, 'timezone': {'offset': '-3:00', 'description': 'Brazil, Buenos Aires, Georgetown'}}, 'email': 'pramitha.almeida@example.com', 'login': {'uuid': '8095ff55-d92a-4840-ba9a-00a8271bcc3d', 'username': 'purplebear127', 'password': 'malice', 'salt': 'KjOFpcUP', 'md5': '5b6f1e060ea8723558038877152aea48', 'sha1': '3363b78618463c8f6ff3775b34976773896f8f4b', 'sha256': 'd60cd0c4e5742ea65f7d9f94b2b8d951f8b734accfd6bb77588f34a7b83d8feb'}, 'dob': {'date': '1982-10-01T02:28:21.425Z', 'age': 41}, 'registered': {'date': '2012-09-28T06:42:31.666Z', 'age': 11}, 'phone': '8077728028', 'cell': '8115315866', 'id': {'name': 'UIDAI', 'value': '385516569538'}, 'picture': {'large': 'https://randomuser.me/api/portraits/women/12.jpg', 'medium': 'https://randomuser.me/api/portraits/med/women/12.jpg', 'thumbnail': 'https://randomuser.me/api/portraits/thumb/women/12.jpg'}, 'nat': 'IN'}], 'info': {'seed': '90f70059ca2a6306', 'results': 1, 'page': 1, 'version': '1.4'}}</msg>
<arg>${json_data}</arg>
<doc>Logs the given message with the given level.</doc>
<status status="PASS" start="2024-08-08T04:20:37.456735" elapsed="0.000202"/>
</kw>
<kw name="Dictionary Should Contain Key" owner="Collections">
<arg>${json_data}</arg>
<arg>results</arg>
<doc>Fails if ``key`` is not found from ``dictionary``.</doc>
<status status="PASS" start="2024-08-08T04:20:37.457225" elapsed="0.000164"/>
</kw>
<kw name="Should Not Be Empty" owner="BuiltIn">
<msg time="2024-08-08T04:20:37.457695" level="INFO">Length is 2.</msg>
<arg>${json_data}</arg>
<doc>Verifies that the given item is not empty.</doc>
<status status="PASS" start="2024-08-08T04:20:37.457572" elapsed="0.000161"/>
</kw>
<kw name="Create List" owner="BuiltIn">
<msg time="2024-08-08T04:20:37.458171" level="INFO">${expected_keys} = ['gender', 'name', 'location', 'email', 'login']</msg>
<var>${expected_keys}</var>
<arg>gender</arg>
<arg>name</arg>
<arg>location</arg>
<arg>email</arg>
<arg>login</arg>
<doc>Returns a list containing given items.</doc>
<status status="PASS" start="2024-08-08T04:20:37.458017" elapsed="0.000178"/>
</kw>
<for flavor="IN">
<iter>
<kw name="Dictionary Should Contain Key" owner="Collections">
<arg>${json_data['results'][0]}</arg>
<arg>${key}</arg>
<doc>Fails if ``key`` is not found from ``dictionary``.</doc>
<status status="PASS" start="2024-08-08T04:20:37.458814" elapsed="0.000407"/>
</kw>
<kw name="Log" owner="BuiltIn">
<msg time="2024-08-08T04:20:37.459763" level="INFO">{'gender': 'female', 'name': {'title': 'Mrs', 'first': 'Pramitha', 'last': 'Almeida'}, 'location': {'street': {'number': 9380, 'name': 'Tank Bund Rd'}, 'city': 'Gurgaon', 'state': 'Haryana', 'country': 'India', 'postcode': 85884, 'coordinates': {'latitude': '11.5469', 'longitude': '166.3297'}, 'timezone': {'offset': '-3:00', 'description': 'Brazil, Buenos Aires, Georgetown'}}, 'email': 'pramitha.almeida@example.com', 'login': {'uuid': '8095ff55-d92a-4840-ba9a-00a8271bcc3d', 'username': 'purplebear127', 'password': 'malice', 'salt': 'KjOFpcUP', 'md5': '5b6f1e060ea8723558038877152aea48', 'sha1': '3363b78618463c8f6ff3775b34976773896f8f4b', 'sha256': 'd60cd0c4e5742ea65f7d9f94b2b8d951f8b734accfd6bb77588f34a7b83d8feb'}, 'dob': {'date': '1982-10-01T02:28:21.425Z', 'age': 41}, 'registered': {'date': '2012-09-28T06:42:31.666Z', 'age': 11}, 'phone': '8077728028', 'cell': '8115315866', 'id': {'name': 'UIDAI', 'value': '385516569538'}, 'picture': {'large': 'https://randomuser.me/api/portraits/women/12.jpg', 'medium': 'https://randomuser.me/api/portraits/med/women/12.jpg', 'thumbnail': 'https://randomuser.me/api/portraits/thumb/women/12.jpg'}, 'nat': 'IN'}</msg>
<arg>${json_data['results'][0]}</arg>
<doc>Logs the given message with the given level.</doc>
<status status="PASS" start="2024-08-08T04:20:37.459409" elapsed="0.000411"/>
</kw>
<kw name="Log" owner="BuiltIn">
<msg time="2024-08-08T04:20:37.460242" level="INFO">gender</msg>
<arg>${key}</arg>
<doc>Logs the given message with the given level.</doc>
<status status="PASS" start="2024-08-08T04:20:37.460113" elapsed="0.000166"/>
</kw>
<var name="${key}">gender</var>
<status status="PASS" start="2024-08-08T04:20:37.458688" elapsed="0.001806"/>
</iter>
<iter>
<kw name="Dictionary Should Contain Key" owner="Collections">
<arg>${json_data['results'][0]}</arg>
<arg>${key}</arg>
<doc>Fails if ``key`` is not found from ``dictionary``.</doc>
<status status="PASS" start="2024-08-08T04:20:37.460795" elapsed="0.000401"/>
</kw>
<kw name="Log" owner="BuiltIn">
<msg time="2024-08-08T04:20:37.461742" level="INFO">{'gender': 'female', 'name': {'title': 'Mrs', 'first': 'Pramitha', 'last': 'Almeida'}, 'location': {'street': {'number': 9380, 'name': 'Tank Bund Rd'}, 'city': 'Gurgaon', 'state': 'Haryana', 'country': 'India', 'postcode': 85884, 'coordinates': {'latitude': '11.5469', 'longitude': '166.3297'}, 'timezone': {'offset': '-3:00', 'description': 'Brazil, Buenos Aires, Georgetown'}}, 'email': 'pramitha.almeida@example.com', 'login': {'uuid': '8095ff55-d92a-4840-ba9a-00a8271bcc3d', 'username': 'purplebear127', 'password': 'malice', 'salt': 'KjOFpcUP', 'md5': '5b6f1e060ea8723558038877152aea48', 'sha1': '3363b78618463c8f6ff3775b34976773896f8f4b', 'sha256': 'd60cd0c4e5742ea65f7d9f94b2b8d951f8b734accfd6bb77588f34a7b83d8feb'}, 'dob': {'date': '1982-10-01T02:28:21.425Z', 'age': 41}, 'registered': {'date': '2012-09-28T06:42:31.666Z', 'age': 11}, 'phone': '8077728028', 'cell': '8115315866', 'id': {'name': 'UIDAI', 'value': '385516569538'}, 'picture': {'large': 'https://randomuser.me/api/portraits/women/12.jpg', 'medium': 'https://randomuser.me/api/portraits/med/women/12.jpg', 'thumbnail': 'https://randomuser.me/api/portraits/thumb/women/12.jpg'}, 'nat': 'IN'}</msg>
<arg>${json_data['results'][0]}</arg>
<doc>Logs the given message with the given level.</doc>
<status status="PASS" start="2024-08-08T04:20:37.461386" elapsed="0.000436"/>
</kw>
<kw name="Log" owner="BuiltIn">
<msg time="2024-08-08T04:20:37.462268" level="INFO">name</msg>
<arg>${key}</arg>
<doc>Logs the given message with the given level.</doc>
<status status="PASS" start="2024-08-08T04:20:37.462119" elapsed="0.000187"/>
</kw>
<var name="${key}">name</var>
<status status="PASS" start="2024-08-08T04:20:37.460679" elapsed="0.001843"/>
</iter>
<iter>
<kw name="Dictionary Should Contain Key" owner="Collections">
<arg>${json_data['results'][0]}</arg>
<arg>${key}</arg>
<doc>Fails if ``key`` is not found from ``dictionary``.</doc>
<status status="PASS" start="2024-08-08T04:20:37.462805" elapsed="0.000380"/>
</kw>
<kw name="Log" owner="BuiltIn">
<msg time="2024-08-08T04:20:37.463727" level="INFO">{'gender': 'female', 'name': {'title': 'Mrs', 'first': 'Pramitha', 'last': 'Almeida'}, 'location': {'street': {'number': 9380, 'name': 'Tank Bund Rd'}, 'city': 'Gurgaon', 'state': 'Haryana', 'country': 'India', 'postcode': 85884, 'coordinates': {'latitude': '11.5469', 'longitude': '166.3297'}, 'timezone': {'offset': '-3:00', 'description': 'Brazil, Buenos Aires, Georgetown'}}, 'email': 'pramitha.almeida@example.com', 'login': {'uuid': '8095ff55-d92a-4840-ba9a-00a8271bcc3d', 'username': 'purplebear127', 'password': 'malice', 'salt': 'KjOFpcUP', 'md5': '5b6f1e060ea8723558038877152aea48', 'sha1': '3363b78618463c8f6ff3775b34976773896f8f4b', 'sha256': 'd60cd0c4e5742ea65f7d9f94b2b8d951f8b734accfd6bb77588f34a7b83d8feb'}, 'dob': {'date': '1982-10-01T02:28:21.425Z', 'age': 41}, 'registered': {'date': '2012-09-28T06:42:31.666Z', 'age': 11}, 'phone': '8077728028', 'cell': '8115315866', 'id': {'name': 'UIDAI', 'value': '385516569538'}, 'picture': {'large': 'https://randomuser.me/api/portraits/women/12.jpg', 'medium': 'https://randomuser.me/api/portraits/med/women/12.jpg', 'thumbnail': 'https://randomuser.me/api/portraits/thumb/women/12.jpg'}, 'nat': 'IN'}</msg>
<arg>${json_data['results'][0]}</arg>
<doc>Logs the given message with the given level.</doc>
<status status="PASS" start="2024-08-08T04:20:37.463365" elapsed="0.000438"/>
</kw>
<kw name="Log" owner="BuiltIn">
<msg time="2024-08-08T04:20:37.464313" level="INFO">location</msg>
<arg>${key}</arg>
<doc>Logs the given message with the given level.</doc>
<status status="PASS" start="2024-08-08T04:20:37.464172" elapsed="0.000177"/>
</kw>
<var name="${key}">location</var>
<status status="PASS" start="2024-08-08T04:20:37.462696" elapsed="0.001868"/>
</iter>
<iter>
<kw name="Dictionary Should Contain Key" owner="Collections">
<arg>${json_data['results'][0]}</arg>
<arg>${key}</arg>
<doc>Fails if ``key`` is not found from ``dictionary``.</doc>
<status status="PASS" start="2024-08-08T04:20:37.464840" elapsed="0.000386"/>
</kw>
<kw name="Log" owner="BuiltIn">
<msg time="2024-08-08T04:20:37.465875" level="INFO">{'gender': 'female', 'name': {'title': 'Mrs', 'first': 'Pramitha', 'last': 'Almeida'}, 'location': {'street': {'number': 9380, 'name': 'Tank Bund Rd'}, 'city': 'Gurgaon', 'state': 'Haryana', 'country': 'India', 'postcode': 85884, 'coordinates': {'latitude': '11.5469', 'longitude': '166.3297'}, 'timezone': {'offset': '-3:00', 'description': 'Brazil, Buenos Aires, Georgetown'}}, 'email': 'pramitha.almeida@example.com', 'login': {'uuid': '8095ff55-d92a-4840-ba9a-00a8271bcc3d', 'username': 'purplebear127', 'password': 'malice', 'salt': 'KjOFpcUP', 'md5': '5b6f1e060ea8723558038877152aea48', 'sha1': '3363b78618463c8f6ff3775b34976773896f8f4b', 'sha256': 'd60cd0c4e5742ea65f7d9f94b2b8d951f8b734accfd6bb77588f34a7b83d8feb'}, 'dob': {'date': '1982-10-01T02:28:21.425Z', 'age': 41}, 'registered': {'date': '2012-09-28T06:42:31.666Z', 'age': 11}, 'phone': '8077728028', 'cell': '8115315866', 'id': {'name': 'UIDAI', 'value': '385516569538'}, 'picture': {'large': 'https://randomuser.me/api/portraits/women/12.jpg', 'medium': 'https://randomuser.me/api/portraits/med/women/12.jpg', 'thumbnail': 'https://randomuser.me/api/portraits/thumb/women/12.jpg'}, 'nat': 'IN'}</msg>
<arg>${json_data['results'][0]}</arg>
<doc>Logs the given message with the given level.</doc>
<status status="PASS" start="2024-08-08T04:20:37.465524" elapsed="0.000399"/>
</kw>
<kw name="Log" owner="BuiltIn">
<msg time="2024-08-08T04:20:37.466422" level="INFO">email</msg>
<arg>${key}</arg>
<doc>Logs the given message with the given level.</doc>
<status status="PASS" start="2024-08-08T04:20:37.466270" elapsed="0.000191"/>
</kw>
<var name="${key}">email</var>
<status status="PASS" start="2024-08-08T04:20:37.464732" elapsed="0.001954"/>
</iter>
<iter>
<kw name="Dictionary Should Contain Key" owner="Collections">
<arg>${json_data['results'][0]}</arg>
<arg>${key}</arg>
<doc>Fails if ``key`` is not found from ``dictionary``.</doc>
<status status="PASS" start="2024-08-08T04:20:37.466973" elapsed="0.000378"/>
</kw>
<kw name="Log" owner="BuiltIn">
<msg time="2024-08-08T04:20:37.467877" level="INFO">{'gender': 'female', 'name': {'title': 'Mrs', 'first': 'Pramitha', 'last': 'Almeida'}, 'location': {'street': {'number': 9380, 'name': 'Tank Bund Rd'}, 'city': 'Gurgaon', 'state': 'Haryana', 'country': 'India', 'postcode': 85884, 'coordinates': {'latitude': '11.5469', 'longitude': '166.3297'}, 'timezone': {'offset': '-3:00', 'description': 'Brazil, Buenos Aires, Georgetown'}}, 'email': 'pramitha.almeida@example.com', 'login': {'uuid': '8095ff55-d92a-4840-ba9a-00a8271bcc3d', 'username': 'purplebear127', 'password': 'malice', 'salt': 'KjOFpcUP', 'md5': '5b6f1e060ea8723558038877152aea48', 'sha1': '3363b78618463c8f6ff3775b34976773896f8f4b', 'sha256': 'd60cd0c4e5742ea65f7d9f94b2b8d951f8b734accfd6bb77588f34a7b83d8feb'}, 'dob': {'date': '1982-10-01T02:28:21.425Z', 'age': 41}, 'registered': {'date': '2012-09-28T06:42:31.666Z', 'age': 11}, 'phone': '8077728028', 'cell': '8115315866', 'id': {'name': 'UIDAI', 'value': '385516569538'}, 'picture': {'large': 'https://randomuser.me/api/portraits/women/12.jpg', 'medium': 'https://randomuser.me/api/portraits/med/women/12.jpg', 'thumbnail': 'https://randomuser.me/api/portraits/thumb/women/12.jpg'}, 'nat': 'IN'}</msg>
<arg>${json_data['results'][0]}</arg>
<doc>Logs the given message with the given level.</doc>
<status status="PASS" start="2024-08-08T04:20:37.467532" elapsed="0.000391"/>
</kw>
<kw name="Log" owner="BuiltIn">
<msg time="2024-08-08T04:20:37.468382" level="INFO">login</msg>
<arg>${key}</arg>
<doc>Logs the given message with the given level.</doc>
<status status="PASS" start="2024-08-08T04:20:37.468218" elapsed="0.000204"/>
</kw>
<var name="${key}">login</var>
<status status="PASS" start="2024-08-08T04:20:37.466862" elapsed="0.001780"/>
</iter>
<var>${key}</var>
<value>@{expected_keys}</value>
<status status="PASS" start="2024-08-08T04:20:37.458494" elapsed="0.010270"/>
</for>
<kw name="Create List" owner="BuiltIn">
<msg time="2024-08-08T04:20:37.469089" level="INFO">${expected_keysTwo} = ['username', 'password']</msg>
<var>${expected_keysTwo}</var>
<arg>username</arg>
<arg>password</arg>
<doc>Returns a list containing given items.</doc>
<status status="PASS" start="2024-08-08T04:20:37.468951" elapsed="0.000190"/>
</kw>
<for flavor="IN">
<iter>
<kw name="Dictionary Should Contain Key" owner="Collections">
<arg>${json_data['results'][0]['login']}</arg>
<arg>${keyTwo}</arg>
<doc>Fails if ``key`` is not found from ``dictionary``.</doc>
<status status="PASS" start="2024-08-08T04:20:37.469655" elapsed="0.000394"/>
</kw>
<kw name="Dictionary Should Contain Key" owner="Collections">
<arg>${json_data['results'][0]['login']}</arg>
<arg>${keyTwo}</arg>
<doc>Fails if ``key`` is not found from ``dictionary``.</doc>
<status status="PASS" start="2024-08-08T04:20:37.470262" elapsed="0.000386"/>
</kw>
<kw name="Log" owner="BuiltIn">
<msg time="2024-08-08T04:20:37.470956" level="INFO">username</msg>
<arg>${keyTwo}</arg>
<doc>Logs the given message with the given level.</doc>
<status status="PASS" start="2024-08-08T04:20:37.470833" elapsed="0.000161"/>
</kw>
<var name="${keyTwo}">username</var>
<status status="PASS" start="2024-08-08T04:20:37.469536" elapsed="0.001678"/>
</iter>
<iter>
<kw name="Dictionary Should Contain Key" owner="Collections">
<arg>${json_data['results'][0]['login']}</arg>
<arg>${keyTwo}</arg>
<doc>Fails if ``key`` is not found from ``dictionary``.</doc>
<status status="PASS" start="2024-08-08T04:20:37.471503" elapsed="0.000392"/>
</kw>
<kw name="Dictionary Should Contain Key" owner="Collections">
<arg>${json_data['results'][0]['login']}</arg>
<arg>${keyTwo}</arg>
<doc>Fails if ``key`` is not found from ``dictionary``.</doc>
<status status="PASS" start="2024-08-08T04:20:37.472073" elapsed="0.000370"/>
</kw>
<kw name="Log" owner="BuiltIn">
<msg time="2024-08-08T04:20:37.472739" level="INFO">password</msg>
<arg>${keyTwo}</arg>
<doc>Logs the given message with the given level.</doc>
<status status="PASS" start="2024-08-08T04:20:37.472619" elapsed="0.000158"/>
</kw>
<var name="${keyTwo}">password</var>
<status status="PASS" start="2024-08-08T04:20:37.471394" elapsed="0.001603"/>
</iter>
<var>${keyTwo}</var>
<value>@{expected_keysTwo}</value>
<status status="PASS" start="2024-08-08T04:20:37.469385" elapsed="0.003737"/>
</for>
<status status="PASS" start="2024-08-08T04:20:33.972505" elapsed="3.500759"/>
</kw>
<doc>Testa a estrutura da resposta da API.</doc>
<tag>testeEstruturaResposta</tag>
<status status="PASS" start="2024-08-08T04:20:33.972001" elapsed="3.501420"/>
</test>
<test id="s1-s1-t4" name="Validar tipos de dados" line="28">
<kw name="Teste de Tipos de Dados" owner="random-user-service">
<kw name="GET On Session" owner="RequestsLibrary">
<msg time="2024-08-08T04:20:42.316598" level="INFO">GET Request : url=https://randomuser.me/api 
 path_url=/api 
 headers={'User-Agent': 'python-requests/2.32.3', 'Accept-Encoding': 'gzip, deflate', 'Accept': '*/*', 'Connection': 'keep-alive'} 
 body=None 
 </msg>
<msg time="2024-08-08T04:20:42.316717" level="INFO">GET Response : url=https://randomuser.me/api 
 status=200, reason=OK 
 headers={'Date': 'Thu, 08 Aug 2024 04:20:42 GMT', 'Content-Type': 'application/json; charset=utf-8', 'Transfer-Encoding': 'chunked', 'Connection': 'keep-alive', 'X-Powered-By': 'Express', 'Access-Control-Allow-Origin': '*', 'Cache-Control': 'no-cache', 'ETag': 'W/"4a9-z/qY/YYO8x1QOz+Zp7eNNdhJeKQ"', 'Vary': 'Accept-Encoding', 'Content-Encoding': 'gzip', 'CF-Cache-Status': 'DYNAMIC', 'Report-To': '{"endpoints":[{"url":"https:\\/\\/a.nel.cloudflare.com\\/report\\/v4?s=nj%2B38HvEITNUkcwjsK00Iqt9uDiwIuBkABx1doA7aC0wvEZYtjgB0DlaLYhWm6OZ8Vf64nfe%2BQaI4xO6H2Nu6pUrtEdAI8QwTf3g3eHAAB8ZqXBxNSoUMNOVWHGJSndt"}],"group":"cf-nel","max_age":604800}', 'NEL': '{"success_fraction":0,"report_to":"cf-nel","max_age":604800}', 'Server': 'cloudflare', 'CF-RAY': '8afcb7063cd2aaa6-SJC', 'alt-svc': 'h3=":443"; ma=86400'} 
 body={"results":[{"gender":"female","name":{"title":"Madame","first":"Priska","last":"Gonzalez"},"location":{"street":{"number":1471,"name":"Rue Dumenge"},"city":"Bedigliora","state":"Basel-Stadt","country":"Switzerland","postcode":2561,"coordinates":{"latitude":"-56.1521","longitude":"88.5280"},"timezone":{"offset":"-3:00","description":"Brazil, Buenos Aires, Georgetown"}},"email":"priska.gonzalez@example.com","login":{"uuid":"c6952d12-5930-41c8-abdb-5fbcbb28fa11","username":"silvergoose981","password":"streaming","salt":"JocgWF4S","md5":"e1abde493b5a23e6feb2e4efe78d6d59","sha1":"2de15fe692c8abb409c569ee25135e9992844150","sha256":"4a01d21ab7cb9529d6085b1e9b44aafaa615963c7741fd399b260e8b5ca8da12"},"dob":{"date":"1984-04-24T21:24:39.036Z","age":40},"registered":{"date":"2018-03-12T06:41:21.774Z","age":6},"phone":"077 961 16 77","cell":"077 457 52 84","id":{"name":"AVS","value":"756.9745.5977.89"},"picture":{"large":"https://randomuser.me/api/portraits/women/66.jpg","medium":"https://randomuser.me/api/portraits/med/women/66.jpg","thumbnail":"https://randomuser.me/api/portraits/thumb/women/66.jpg"},"nat":"CH"}],"info":{"seed":"4a8e3afcd8faed23","results":1,"page":1,"version":"1.4"}} 
 </msg>
<msg time="2024-08-08T04:20:42.316801" level="INFO">/opt/hostedtoolcache/Python/3.12.4/x64/lib/python3.12/site-packages/urllib3/connectionpool.py:1099: InsecureRequestWarning: Unverified HTTPS request is being made to host 'randomuser.me'. Adding certificate verification is strongly advised. See: https://urllib3.readthedocs.io/en/latest/advanced-usage.html#tls-warnings
  warnings.warn(</msg>
<msg time="2024-08-08T04:20:42.316939" level="INFO">${response} = &lt;Response [200]&gt;</msg>
<var>${response}</var>
<arg>consultarAPI</arg>
<arg>/api</arg>
<doc>Sends a GET request on a previously created HTTP Session.</doc>
<status status="PASS" start="2024-08-08T04:20:37.475903" elapsed="4.841086"/>
</kw>
<kw name="Set Variable" owner="BuiltIn">
<msg time="2024-08-08T04:20:42.318048" level="INFO">${json_data} = {'results': [{'gender': 'female', 'name': {'title': 'Madame', 'first': 'Priska', 'last': 'Gonzalez'}, 'location': {'street': {'number': 1471, 'name': 'Rue Dumenge'}, 'city': 'Bedigliora', 'state': 'Ba...</msg>
<var>${json_data}</var>
<arg>${response.json()}</arg>
<doc>Returns the given values which can then be assigned to a variables.</doc>
<status status="PASS" start="2024-08-08T04:20:42.317521" elapsed="0.000557"/>
</kw>
<kw name="Log" owner="BuiltIn">
<msg time="2024-08-08T04:20:42.318601" level="INFO">{'results': [{'gender': 'female', 'name': {'title': 'Madame', 'first': 'Priska', 'last': 'Gonzalez'}, 'location': {'street': {'number': 1471, 'name': 'Rue Dumenge'}, 'city': 'Bedigliora', 'state': 'Basel-Stadt', 'country': 'Switzerland', 'postcode': 2561, 'coordinates': {'latitude': '-56.1521', 'longitude': '88.5280'}, 'timezone': {'offset': '-3:00', 'description': 'Brazil, Buenos Aires, Georgetown'}}, 'email': 'priska.gonzalez@example.com', 'login': {'uuid': 'c6952d12-5930-41c8-abdb-5fbcbb28fa11', 'username': 'silvergoose981', 'password': 'streaming', 'salt': 'JocgWF4S', 'md5': 'e1abde493b5a23e6feb2e4efe78d6d59', 'sha1': '2de15fe692c8abb409c569ee25135e9992844150', 'sha256': '4a01d21ab7cb9529d6085b1e9b44aafaa615963c7741fd399b260e8b5ca8da12'}, 'dob': {'date': '1984-04-24T21:24:39.036Z', 'age': 40}, 'registered': {'date': '2018-03-12T06:41:21.774Z', 'age': 6}, 'phone': '077 961 16 77', 'cell': '077 457 52 84', 'id': {'name': 'AVS', 'value': '756.9745.5977.89'}, 'picture': {'large': 'https://randomuser.me/api/portraits/women/66.jpg', 'medium': 'https://randomuser.me/api/portraits/med/women/66.jpg', 'thumbnail': 'https://randomuser.me/api/portraits/thumb/women/66.jpg'}, 'nat': 'CH'}], 'info': {'seed': '4a8e3afcd8faed23', 'results': 1, 'page': 1, 'version': '1.4'}}</msg>
<arg>${json_data}</arg>
<doc>Logs the given message with the given level.</doc>
<status status="PASS" start="2024-08-08T04:20:42.318443" elapsed="0.000204"/>
</kw>
<kw name="Should Be String" owner="String">
<arg>${json_data['results'][0]['gender']}</arg>
<doc>Fails if the given ``item`` is not a string.</doc>
<status status="PASS" start="2024-08-08T04:20:42.318942" elapsed="0.000361"/>
</kw>
<kw name="Should Match Regexp" owner="BuiltIn">
<arg>${json_data['results'][0]['email']}</arg>
<arg>^[a-zA-Z0-9._%+-]+@[a-zA-Z0-9.-]+\.[a-zA-Z]{2,}$</arg>
<doc>Fails if ``string`` does not match ``pattern`` as a regular expression.</doc>
<status status="PASS" start="2024-08-08T04:20:42.319531" elapsed="0.000521"/>
</kw>
<kw name="Should Match Regexp" owner="BuiltIn">
<arg>${json_data['results'][0]['dob']['date']}</arg>
<arg>\\d{4}-\\d{2}-\\d{2}T\\d{2}:\\d{2}:\\d{2}\\.\\d{3}Z</arg>
<doc>Fails if ``string`` does not match ``pattern`` as a regular expression.</doc>
<status status="PASS" start="2024-08-08T04:20:42.320244" elapsed="0.000644"/>
</kw>
<kw name="Should Match Regexp" owner="BuiltIn">
<arg>${json_data['results'][0]['registered']['date']}</arg>
<arg>\\d{4}-\\d{2}-\\d{2}T\\d{2}:\\d{2}:\\d{2}\\.\\d{3}Z</arg>
<doc>Fails if ``string`` does not match ``pattern`` as a regular expression.</doc>
<status status="PASS" start="2024-08-08T04:20:42.321081" elapsed="0.000370"/>
</kw>
<kw name="Should Match Regexp" owner="BuiltIn">
<arg>${json_data['results'][0]['picture']['large']}</arg>
<arg>^https?://.*\.(?:png|jpe?g|gif|bmp)$</arg>
<doc>Fails if ``string`` does not match ``pattern`` as a regular expression.</doc>
<status status="PASS" start="2024-08-08T04:20:42.321633" elapsed="0.000458"/>
</kw>
<kw name="Should Match Regexp" owner="BuiltIn">
<arg>${json_data['results'][0]['picture']['medium']}</arg>
<arg>^https?://.*\.(?:png|jpe?g|gif|bmp)$</arg>
<doc>Fails if ``string`` does not match ``pattern`` as a regular expression.</doc>
<status status="PASS" start="2024-08-08T04:20:42.322310" elapsed="0.000372"/>
</kw>
<kw name="Should Match Regexp" owner="BuiltIn">
<arg>${json_data['results'][0]['picture']['thumbnail']}</arg>
<arg>^https?://.*\.(?:png|jpe?g|gif|bmp)$</arg>
<doc>Fails if ``string`` does not match ``pattern`` as a regular expression.</doc>
<status status="PASS" start="2024-08-08T04:20:42.322869" elapsed="0.000355"/>
</kw>
<kw name="Log" owner="BuiltIn">
<msg time="2024-08-08T04:20:42.323730" level="INFO">{'large': 'https://randomuser.me/api/portraits/women/66.jpg', 'medium': 'https://randomuser.me/api/portraits/med/women/66.jpg', 'thumbnail': 'https://randomuser.me/api/portraits/thumb/women/66.jpg'}</msg>
<arg>${json_data['results'][0]['picture']}</arg>
<doc>Logs the given message with the given level.</doc>
<status status="PASS" start="2024-08-08T04:20:42.323402" elapsed="0.000371"/>
</kw>
<status status="PASS" start="2024-08-08T04:20:37.475680" elapsed="4.848351"/>
</kw>
<kw name="Teste de Tipos de Dados - Postcode" owner="random-user-service">
<kw name="GET On Session" owner="RequestsLibrary">
<msg time="2024-08-08T04:20:45.959323" level="INFO">GET Request : url=https://randomuser.me/api 
 path_url=/api 
 headers={'User-Agent': 'python-requests/2.32.3', 'Accept-Encoding': 'gzip, deflate', 'Accept': '*/*', 'Connection': 'keep-alive'} 
 body=None 
 </msg>
<msg time="2024-08-08T04:20:45.959435" level="INFO">GET Response : url=https://randomuser.me/api 
 status=200, reason=OK 
 headers={'Date': 'Thu, 08 Aug 2024 04:20:45 GMT', 'Content-Type': 'application/json; charset=utf-8', 'Transfer-Encoding': 'chunked', 'Connection': 'keep-alive', 'X-Powered-By': 'Express', 'Access-Control-Allow-Origin': '*', 'Cache-Control': 'no-cache', 'ETag': 'W/"4a2-VLwWAI5GwICo/Qj51JHko7x7v/Q"', 'Vary': 'Accept-Encoding', 'Content-Encoding': 'gzip', 'CF-Cache-Status': 'DYNAMIC', 'Report-To': '{"endpoints":[{"url":"https:\\/\\/a.nel.cloudflare.com\\/report\\/v4?s=HXGUcG%2FQHkZR%2FUENnBnWpCDwE1TEPqgysTER%2Bohy0d1RhBwJJUt9V1ti5QJJdSWH67wTfLSbdflLN4ZbF4EpUzThqOM4ZD2Xy52JOUsonzuQJ2Ay8tr8YWPfRIFiRUbW"}],"group":"cf-nel","max_age":604800}', 'NEL': '{"success_fraction":0,"report_to":"cf-nel","max_age":604800}', 'Server': 'cloudflare', 'CF-RAY': '8afcb7248f8daaa6-SJC', 'alt-svc': 'h3=":443"; ma=86400'} 
 body={"results":[{"gender":"female","name":{"title":"Mrs","first":"Aubrey","last":"Harrison"},"location":{"street":{"number":8659,"name":"Parker Rd"},"city":"Detroit","state":"California","country":"United States","postcode":99258,"coordinates":{"latitude":"86.0452","longitude":"126.0714"},"timezone":{"offset":"+3:00","description":"Baghdad, Riyadh, Moscow, St. Petersburg"}},"email":"aubrey.harrison@example.com","login":{"uuid":"1598d931-f436-407b-991e-5c857e010824","username":"whitefrog826","password":"asdfg","salt":"tnycCReM","md5":"995bc9b811374b5bf57e50c269b37d0d","sha1":"a42921b0f45be843eae478b5d3960ac4dbb67a05","sha256":"f819cd411908d37f85d825c73d0fe86e057818bc8554a1f48e3b74ce67d38514"},"dob":{"date":"1976-04-28T03:32:41.555Z","age":48},"registered":{"date":"2008-07-22T20:01:07.479Z","age":16},"phone":"(900) 251-2810","cell":"(933) 427-5731","id":{"name":"SSN","value":"127-98-7989"},"picture":{"large":"https://randomuser.me/api/portraits/women/42.jpg","medium":"https://randomuser.me/api/portraits/med/women/42.jpg","thumbnail":"https://randomuser.me/api/portraits/thumb/women/42.jpg"},"nat":"US"}],"info":{"seed":"ad2beda3ddbdb5a8","results":1,"page":1,"version":"1.4"}} 
 </msg>
<msg time="2024-08-08T04:20:45.959519" level="INFO">/opt/hostedtoolcache/Python/3.12.4/x64/lib/python3.12/site-packages/urllib3/connectionpool.py:1099: InsecureRequestWarning: Unverified HTTPS request is being made to host 'randomuser.me'. Adding certificate verification is strongly advised. See: https://urllib3.readthedocs.io/en/latest/advanced-usage.html#tls-warnings
  warnings.warn(</msg>
<msg time="2024-08-08T04:20:45.959688" level="INFO">${response} = &lt;Response [200]&gt;</msg>
<var>${response}</var>
<arg>consultarAPI</arg>
<arg>/api</arg>
<doc>Sends a GET request on a previously created HTTP Session.</doc>
<status status="PASS" start="2024-08-08T04:20:42.324479" elapsed="3.635254"/>
</kw>
<kw name="Set Variable" owner="BuiltIn">
<msg time="2024-08-08T04:20:45.960775" level="INFO">${json_data} = {'results': [{'gender': 'female', 'name': {'title': 'Mrs', 'first': 'Aubrey', 'last': 'Harrison'}, 'location': {'street': {'number': 8659, 'name': 'Parker Rd'}, 'city': 'Detroit', 'state': 'California...</msg>
<var>${json_data}</var>
<arg>${response.json()}</arg>
<doc>Returns the given values which can then be assigned to a variables.</doc>
<status status="PASS" start="2024-08-08T04:20:45.960253" elapsed="0.000549"/>
</kw>
<kw name="Log" owner="BuiltIn">
<msg time="2024-08-08T04:20:45.961263" level="INFO">{'results': [{'gender': 'female', 'name': {'title': 'Mrs', 'first': 'Aubrey', 'last': 'Harrison'}, 'location': {'street': {'number': 8659, 'name': 'Parker Rd'}, 'city': 'Detroit', 'state': 'California', 'country': 'United States', 'postcode': 99258, 'coordinates': {'latitude': '86.0452', 'longitude': '126.0714'}, 'timezone': {'offset': '+3:00', 'description': 'Baghdad, Riyadh, Moscow, St. Petersburg'}}, 'email': 'aubrey.harrison@example.com', 'login': {'uuid': '1598d931-f436-407b-991e-5c857e010824', 'username': 'whitefrog826', 'password': 'asdfg', 'salt': 'tnycCReM', 'md5': '995bc9b811374b5bf57e50c269b37d0d', 'sha1': 'a42921b0f45be843eae478b5d3960ac4dbb67a05', 'sha256': 'f819cd411908d37f85d825c73d0fe86e057818bc8554a1f48e3b74ce67d38514'}, 'dob': {'date': '1976-04-28T03:32:41.555Z', 'age': 48}, 'registered': {'date': '2008-07-22T20:01:07.479Z', 'age': 16}, 'phone': '(900) 251-2810', 'cell': '(933) 427-5731', 'id': {'name': 'SSN', 'value': '127-98-7989'}, 'picture': {'large': 'https://randomuser.me/api/portraits/women/42.jpg', 'medium': 'https://randomuser.me/api/portraits/med/women/42.jpg', 'thumbnail': 'https://randomuser.me/api/portraits/thumb/women/42.jpg'}, 'nat': 'US'}], 'info': {'seed': 'ad2beda3ddbdb5a8', 'results': 1, 'page': 1, 'version': '1.4'}}</msg>
<arg>${json_data}</arg>
<doc>Logs the given message with the given level.</doc>
<status status="PASS" start="2024-08-08T04:20:45.961107" elapsed="0.000202"/>
</kw>
<kw name="Should Be Equal As Numbers" owner="BuiltIn">
<arg>${json_data['results'][0]['location']['postcode']}</arg>
<arg>${json_data['results'][0]['location']['postcode']}</arg>
<doc>Fails if objects are unequal after converting them to real numbers.</doc>
<status status="PASS" start="2024-08-08T04:20:45.961599" elapsed="0.000673"/>
</kw>
<kw name="Log" owner="BuiltIn">
<msg time="2024-08-08T04:20:45.962855" level="INFO">99258</msg>
<arg>${json_data['results'][0]['location']['postcode']}</arg>
<doc>Logs the given message with the given level.</doc>
<status status="PASS" start="2024-08-08T04:20:45.962468" elapsed="0.000428"/>
</kw>
<status status="PASS" start="2024-08-08T04:20:42.324253" elapsed="3.638904"/>
</kw>
<doc>Testa se os tipos de dados na resposta da API estão corretos.</doc>
<tag>testeTiposDados</tag>
<status status="PASS" start="2024-08-08T04:20:37.475235" elapsed="8.488097"/>
</test>
<test id="s1-s1-t5" name="Validar conteudo" line="35">
<kw name="Teste de Tipos de Conteudo" owner="random-user-service">
<kw name="GET On Session" owner="RequestsLibrary">
<msg time="2024-08-08T04:20:47.855543" level="INFO">GET Request : url=https://randomuser.me/api 
 path_url=/api 
 headers={'User-Agent': 'python-requests/2.32.3', 'Accept-Encoding': 'gzip, deflate', 'Accept': '*/*', 'Connection': 'keep-alive'} 
 body=None 
 </msg>
<msg time="2024-08-08T04:20:47.855643" level="INFO">GET Response : url=https://randomuser.me/api 
 status=200, reason=OK 
 headers={'Date': 'Thu, 08 Aug 2024 04:20:47 GMT', 'Content-Type': 'application/json; charset=utf-8', 'Transfer-Encoding': 'chunked', 'Connection': 'keep-alive', 'X-Powered-By': 'Express', 'Access-Control-Allow-Origin': '*', 'Cache-Control': 'no-cache', 'ETag': 'W/"477-RPXDxUJ4iw+eUeZ63A4vOcHt1ms"', 'Vary': 'Accept-Encoding', 'Content-Encoding': 'gzip', 'CF-Cache-Status': 'DYNAMIC', 'Report-To': '{"endpoints":[{"url":"https:\\/\\/a.nel.cloudflare.com\\/report\\/v4?s=Q7ix9nHa5GsejZQqsvrTlSawDwnIt1d5TvgCT3OEEzneboLT1YIIS%2BJtVNOA2TN52H0cGbXarZXK9ZMaGuhGmF33ELz6a8X0uQ8O1uVuUvhP8uk7aggU4K6Kmww5Vm0B"}],"group":"cf-nel","max_age":604800}', 'NEL': '{"success_fraction":0,"report_to":"cf-nel","max_age":604800}', 'Server': 'cloudflare', 'CF-RAY': '8afcb73b4aaeaaa6-SJC', 'alt-svc': 'h3=":443"; ma=86400'} 
 body={"results":[{"gender":"male","name":{"title":"Mr","first":"Willy","last":"Drexler"},"location":{"street":{"number":8867,"name":"Waldweg"},"city":"Wassertrüdingen","state":"Bayern","country":"Germany","postcode":43292,"coordinates":{"latitude":"-47.6402","longitude":"-65.3564"},"timezone":{"offset":"-3:30","description":"Newfoundland"}},"email":"willy.drexler@example.com","login":{"uuid":"f24efe15-8650-4c27-90e5-f3c8923aff58","username":"tinygoose946","password":"1018","salt":"HAwcUkEZ","md5":"69bc8f5b44573c5147328a3012696020","sha1":"910000f7083649a24bdcd7bdea0343bf96d633bf","sha256":"76d33c2839b16c46fc0ef0927431e47b103ed1fee28e1f5742b34ba644c82653"},"dob":{"date":"1956-09-13T08:22:10.292Z","age":67},"registered":{"date":"2017-11-02T15:17:11.510Z","age":6},"phone":"0512-6993549","cell":"0173-4314714","id":{"name":"SVNR","value":"63 130956 D 432"},"picture":{"large":"https://randomuser.me/api/portraits/men/54.jpg","medium":"https://randomuser.me/api/portraits/med/men/54.jpg","thumbnail":"https://randomuser.me/api/portraits/thumb/men/54.jpg"},"nat":"DE"}],"info":{"seed":"33a8069af1d52b41","results":1,"page":1,"version":"1.4"}} 
 </msg>
<msg time="2024-08-08T04:20:47.855718" level="INFO">/opt/hostedtoolcache/Python/3.12.4/x64/lib/python3.12/site-packages/urllib3/connectionpool.py:1099: InsecureRequestWarning: Unverified HTTPS request is being made to host 'randomuser.me'. Adding certificate verification is strongly advised. See: https://urllib3.readthedocs.io/en/latest/advanced-usage.html#tls-warnings
  warnings.warn(</msg>
<msg time="2024-08-08T04:20:47.855858" level="INFO">${response} = &lt;Response [200]&gt;</msg>
<var>${response}</var>
<arg>consultarAPI</arg>
<arg>/api</arg>
<doc>Sends a GET request on a previously created HTTP Session.</doc>
<status status="PASS" start="2024-08-08T04:20:45.965876" elapsed="1.890022"/>
</kw>
<kw name="Set Variable" owner="BuiltIn">
<msg time="2024-08-08T04:20:47.856940" level="INFO">${json_data} = {'results': [{'gender': 'male', 'name': {'title': 'Mr', 'first': 'Willy', 'last': 'Drexler'}, 'location': {'street': {'number': 8867, 'name': 'Waldweg'}, 'city': 'Wassertrüdingen', 'state': 'Bayern', ...</msg>
<var>${json_data}</var>
<arg>${response.json()}</arg>
<doc>Returns the given values which can then be assigned to a variables.</doc>
<status status="PASS" start="2024-08-08T04:20:47.856399" elapsed="0.000573"/>
</kw>
<kw name="Set Variable" owner="BuiltIn">
<msg time="2024-08-08T04:20:47.857671" level="INFO">${name_title} = Mr</msg>
<var>${name_title}</var>
<arg>${json_data["results"][0]["name"]["title"]}</arg>
<doc>Returns the given values which can then be assigned to a variables.</doc>
<status status="PASS" start="2024-08-08T04:20:47.857280" elapsed="0.000417"/>
</kw>
<kw name="Create List" owner="BuiltIn">
<msg time="2024-08-08T04:20:47.858147" level="INFO">${allowed_titles} = ['Mr', 'Ms', 'Miss', 'Mrs', 'Madame', 'Monsieur']</msg>
<var>${allowed_titles}</var>
<arg>Mr</arg>
<arg>Ms</arg>
<arg>Miss</arg>
<arg>Mrs</arg>
<arg>Madame</arg>
<arg>Monsieur</arg>
<doc>Returns a list containing given items.</doc>
<status status="PASS" start="2024-08-08T04:20:47.857994" elapsed="0.000178"/>
</kw>
<kw name="List Should Contain Value" owner="Collections">
<arg>${allowed_titles}</arg>
<arg>${name_title}</arg>
<doc>Fails if the ``value`` is not found from ``list``.</doc>
<status status="PASS" start="2024-08-08T04:20:47.858522" elapsed="0.000181"/>
</kw>
<kw name="Set Variable" owner="BuiltIn">
<msg time="2024-08-08T04:20:47.859277" level="INFO">${name_country} = DE</msg>
<var>${name_country}</var>
<arg>${json_data["results"][0]["nat"]}</arg>
<doc>Returns the given values which can then be assigned to a variables.</doc>
<status status="PASS" start="2024-08-08T04:20:47.858893" elapsed="0.000409"/>
</kw>
<kw name="Create List" owner="BuiltIn">
<msg time="2024-08-08T04:20:47.860192" level="INFO">${list_country} = ['AD', 'AE', 'AF', 'AG', 'AI', 'AL', 'AM', 'AO', 'AQ', 'AR', 'AS', 'AT', 'AU', 'AW', 'AX', 'AZ', 'BA', 'BB', 'BD', 'BE', 'BF', 'BG', 'BH', 'BI', 'BJ', 'BL', 'BM', 'BN', 'BO', 'BQ', 'BR', 'BS', 'BT', '...</msg>
<var>${list_country}</var>
<arg>AD</arg>
<arg>AE</arg>
<arg>AF</arg>
<arg>AG</arg>
<arg>AI</arg>
<arg>AL</arg>
<arg>AM</arg>
<arg>AO</arg>
<arg>AQ</arg>
<arg>AR</arg>
<arg>AS</arg>
<arg>AT</arg>
<arg>AU</arg>
<arg>AW</arg>
<arg>AX</arg>
<arg>AZ</arg>
<arg>BA</arg>
<arg>BB</arg>
<arg>BD</arg>
<arg>BE</arg>
<arg>BF</arg>
<arg>BG</arg>
<arg>BH</arg>
<arg>BI</arg>
<arg>BJ</arg>
<arg>BL</arg>
<arg>BM</arg>
<arg>BN</arg>
<arg>BO</arg>
<arg>BQ</arg>
<arg>BR</arg>
<arg>BS</arg>
<arg>BT</arg>
<arg>BV</arg>
<arg>BW</arg>
<arg>BY</arg>
<arg>BZ</arg>
<arg>CA</arg>
<arg>CC</arg>
<arg>CD</arg>
<arg>CF</arg>
<arg>CG</arg>
<arg>CH</arg>
<arg>CI</arg>
<arg>CK</arg>
<arg>CL</arg>
<arg>CM</arg>
<arg>CN</arg>
<arg>CO</arg>
<arg>CR</arg>
<arg>CU</arg>
<arg>CV</arg>
<arg>CW</arg>
<arg>CX</arg>
<arg>CY</arg>
<arg>CZ</arg>
<arg>DE</arg>
<arg>DJ</arg>
<arg>DK</arg>
<arg>DM</arg>
<arg>DO</arg>
<arg>DZ</arg>
<arg>EC</arg>
<arg>EE</arg>
<arg>EG</arg>
<arg>EH</arg>
<arg>ER</arg>
<arg>ES</arg>
<arg>ET</arg>
<arg>FI</arg>
<arg>FJ</arg>
<arg>FK</arg>
<arg>FM</arg>
<arg>FO</arg>
<arg>FR</arg>
<arg>GA</arg>
<arg>GB</arg>
<arg>GD</arg>
<arg>GE</arg>
<arg>GF</arg>
<arg>GG</arg>
<arg>GH</arg>
<arg>GI</arg>
<arg>GL</arg>
<arg>GM</arg>
<arg>GN</arg>
<arg>GP</arg>
<arg>GQ</arg>
<arg>GR</arg>
<arg>GS</arg>
<arg>GT</arg>
<arg>GU</arg>
<arg>GW</arg>
<arg>GY</arg>
<arg>HK</arg>
<arg>HM</arg>
<arg>HN</arg>
<arg>HR</arg>
<arg>HT</arg>
<arg>HU</arg>
<arg>ID</arg>
<arg>IE</arg>
<arg>IL</arg>
<arg>IM</arg>
<arg>IN</arg>
<arg>IO</arg>
<arg>IQ</arg>
<arg>IR</arg>
<arg>IS</arg>
<arg>IT</arg>
<arg>JE</arg>
<arg>JM</arg>
<arg>JO</arg>
<arg>JP</arg>
<arg>KE</arg>
<arg>KG</arg>
<arg>KH</arg>
<arg>KI</arg>
<arg>KM</arg>
<arg>KN</arg>
<arg>KP</arg>
<arg>KR</arg>
<arg>KW</arg>
<arg>KY</arg>
<arg>KZ</arg>
<arg>LA</arg>
<arg>LB</arg>
<arg>LC</arg>
<arg>LI</arg>
<arg>LK</arg>
<arg>LR</arg>
<arg>LS</arg>
<arg>LT</arg>
<arg>LU</arg>
<arg>LV</arg>
<arg>LY</arg>
<arg>MA</arg>
<arg>MC</arg>
<arg>MD</arg>
<arg>ME</arg>
<arg>MF</arg>
<arg>MG</arg>
<arg>MH</arg>
<arg>MK</arg>
<arg>ML</arg>
<arg>MM</arg>
<arg>MN</arg>
<arg>MO</arg>
<arg>MP</arg>
<arg>MQ</arg>
<arg>MR</arg>
<arg>MS</arg>
<arg>MT</arg>
<arg>MU</arg>
<arg>MV</arg>
<arg>MW</arg>
<arg>MX</arg>
<arg>MY</arg>
<arg>MZ</arg>
<arg>NA</arg>
<arg>NC</arg>
<arg>NE</arg>
<arg>NF</arg>
<arg>NG</arg>
<arg>NI</arg>
<arg>NL</arg>
<arg>NO</arg>
<arg>NP</arg>
<arg>NR</arg>
<arg>NU</arg>
<arg>NZ</arg>
<arg>OM</arg>
<arg>PA</arg>
<arg>PE</arg>
<arg>PF</arg>
<arg>PG</arg>
<arg>PH</arg>
<arg>PK</arg>
<arg>PL</arg>
<arg>PM</arg>
<arg>PN</arg>
<arg>PR</arg>
<arg>PS</arg>
<arg>PT</arg>
<arg>PW</arg>
<arg>PY</arg>
<arg>QA</arg>
<arg>RE</arg>
<arg>RO</arg>
<arg>RS</arg>
<arg>RU</arg>
<arg>RW</arg>
<arg>SA</arg>
<arg>SB</arg>
<arg>SC</arg>
<arg>SD</arg>
<arg>SE</arg>
<arg>SG</arg>
<arg>SH</arg>
<arg>SI</arg>
<arg>SJ</arg>
<arg>SK</arg>
<arg>SL</arg>
<arg>SM</arg>
<arg>SN</arg>
<arg>SO</arg>
<arg>SR</arg>
<arg>SS</arg>
<arg>ST</arg>
<arg>SV</arg>
<arg>SX</arg>
<arg>SY</arg>
<arg>SZ</arg>
<arg>TC</arg>
<arg>TD</arg>
<arg>TF</arg>
<arg>TG</arg>
<arg>TH</arg>
<arg>TJ</arg>
<arg>TK</arg>
<arg>TL</arg>
<arg>TM</arg>
<arg>TN</arg>
<arg>TO</arg>
<arg>TR</arg>
<arg>TT</arg>
<arg>TV</arg>
<arg>TW</arg>
<arg>TZ</arg>
<arg>UA</arg>
<arg>UG</arg>
<arg>UM</arg>
<arg>US</arg>
<arg>UY</arg>
<arg>UZ</arg>
<arg>VA</arg>
<arg>VC</arg>
<arg>VE</arg>
<arg>VG</arg>
<arg>VI</arg>
<arg>VN</arg>
<arg>VU</arg>
<arg>WF</arg>
<arg>WS</arg>
<arg>XK</arg>
<arg>YE</arg>
<arg>YT</arg>
<arg>ZA</arg>
<arg>ZM</arg>
<arg>ZW</arg>
<doc>Returns a list containing given items.</doc>
<status status="PASS" start="2024-08-08T04:20:47.859593" elapsed="0.000624"/>
</kw>
<kw name="List Should Contain Value" owner="Collections">
<arg>${list_country}</arg>
<arg>${name_country}</arg>
<doc>Fails if the ``value`` is not found from ``list``.</doc>
<status status="PASS" start="2024-08-08T04:20:47.861197" elapsed="0.000209"/>
</kw>
<kw name="Run Keyword If" owner="BuiltIn">
<kw name="Should Be True" owner="BuiltIn">
<arg>${True}</arg>
<doc>Fails if the given condition is not true.</doc>
<status status="PASS" start="2024-08-08T04:20:47.862405" elapsed="0.000156"/>
</kw>
<arg>${json_data["results"][0]["location"]["coordinates"]["latitude"]} &gt;= -90 and ${json_data["results"][0]["location"]["coordinates"]["latitude"]} &lt;= 90</arg>
<arg>Should Be True</arg>
<arg>${True}</arg>
<doc>Runs the given keyword with the given arguments, if ``condition`` is true.</doc>
<status status="PASS" start="2024-08-08T04:20:47.861605" elapsed="0.001084"/>
</kw>
<kw name="Run Keyword If" owner="BuiltIn">
<kw name="Should Be True" owner="BuiltIn">
<arg>${True}</arg>
<doc>Fails if the given condition is not true.</doc>
<status status="PASS" start="2024-08-08T04:20:47.863568" elapsed="0.000138"/>
</kw>
<arg>${json_data["results"][0]["location"]["coordinates"]["longitude"]} &gt;= -180 and ${json_data["results"][0]["location"]["coordinates"]["longitude"]} &lt;= 180</arg>
<arg>Should Be True</arg>
<arg>${True}</arg>
<doc>Runs the given keyword with the given arguments, if ``condition`` is true.</doc>
<status status="PASS" start="2024-08-08T04:20:47.862870" elapsed="0.000959"/>
</kw>
<status status="PASS" start="2024-08-08T04:20:45.965649" elapsed="1.898310"/>
</kw>
<doc>Testa o conteúdo específico dos campos retornados pela API.</doc>
<tag>testeConteudo</tag>
<status status="PASS" start="2024-08-08T04:20:45.965085" elapsed="1.899032"/>
</test>
<status status="PASS" start="2024-08-08T04:20:31.371834" elapsed="16.494272"/>
</suite>
<status status="PASS" start="2024-08-08T04:20:31.357421" elapsed="16.514080"/>
</suite>
<statistics>
<total>
<stat pass="5" fail="0" skip="0">All Tests</stat>
</total>
<tag>
<stat pass="1" fail="0" skip="0">testeConteudo</stat>
<stat pass="1" fail="0" skip="0">testeEstruturaResposta</stat>
<stat pass="1" fail="0" skip="0">testeRequisicaoBasica</stat>
<stat pass="1" fail="0" skip="0">testeTiposDados</stat>
</tag>
<suite>
<stat pass="5" fail="0" skip="0" id="s1" name="Tests">Tests</stat>
<stat pass="5" fail="0" skip="0" id="s1-s1" name="Random-User-Test">Tests.Random-User-Test</stat>
</suite>
</statistics>
<errors>
</errors>
</robot>
