<?xml version="1.0" encoding="UTF-8"?>
<robot generator="Robot 7.0.1 (Python 3.12.4 on linux)" generated="2024-06-20T10:15:47.000041" rpa="false" schemaversion="5">
<suite id="s1" name="Tests" source="/home/runner/work/ApiRandomUser/ApiRandomUser/RamdonUser/tests">
<suite id="s1-s1" name="Random-User-Test" source="/home/runner/work/ApiRandomUser/ApiRandomUser/RamdonUser/tests/random-user-test.robot">
<test id="s1-s1-t1" name="Conectar" line="13">
<kw name="Conectar API" owner="random-user-service">
<kw name="Create Session" owner="RequestsLibrary">
<msg time="2024-06-20T10:15:47.399620" level="INFO">Creating Session using : alias=consultarAPI, url=https://randomuser.me/, headers={},                     cookies={}, auth=None, timeout=None, proxies=None, verify=False,                     debug=0 </msg>
<arg>consultarAPI</arg>
<arg>${URL}</arg>
<doc>Create Session: create a HTTP session to a server</doc>
<status status="PASS" start="2024-06-20T10:15:47.399412" elapsed="0.000393"/>
</kw>
<status status="PASS" start="2024-06-20T10:15:47.398438" elapsed="0.001728"/>
</kw>
<status status="PASS" start="2024-06-20T10:15:47.397816" elapsed="0.002541"/>
</test>
<test id="s1-s1-t2" name="Validar retorno 200 e JSON Válido" line="16">
<kw name="Teste de Requisicao Basica" owner="random-user-service">
<kw name="GET On Session" owner="RequestsLibrary">
<msg time="2024-06-20T10:15:47.591024" level="INFO">GET Request : url=https://randomuser.me/api 
 path_url=/api 
 headers={'User-Agent': 'python-requests/2.32.3', 'Accept-Encoding': 'gzip, deflate', 'Accept': '*/*', 'Connection': 'keep-alive'} 
 body=None 
 </msg>
<msg time="2024-06-20T10:15:47.591190" level="INFO">GET Response : url=https://randomuser.me/api 
 status=200, reason=OK 
 headers={'Date': 'Thu, 20 Jun 2024 10:15:47 GMT', 'Content-Type': 'application/json; charset=utf-8', 'Transfer-Encoding': 'chunked', 'Connection': 'keep-alive', 'X-Powered-By': 'Express', 'Access-Control-Allow-Origin': '*', 'Cache-Control': 'no-cache', 'ETag': 'W/"49a-C1374hW7B1RAig4RvIG6qDQVoGA"', 'Vary': 'Accept-Encoding', 'Content-Encoding': 'gzip', 'CF-Cache-Status': 'DYNAMIC', 'Report-To': '{"endpoints":[{"url":"https:\\/\\/a.nel.cloudflare.com\\/report\\/v4?s=LwprdADtE7AfkCCj7mKjTvE6Gg7Z84YGQIjy5LEHLqZGG7Q5onGXiP%2B68XVZuFS%2FHtF4OqbF0cJ6CBCVjdyjqqdnY%2Fnh3Dy0E0fVroXbJ7KCTItzjca8xUkWPf1fL8t%2F"}],"group":"cf-nel","max_age":604800}', 'NEL': '{"success_fraction":0,"report_to":"cf-nel","max_age":604800}', 'Server': 'cloudflare', 'CF-RAY': '896affea1f2f86ef-IAD', 'alt-svc': 'h3=":443"; ma=86400'} 
 body={"results":[{"gender":"male","name":{"title":"Mr","first":"Eddie","last":"Hamilton"},"location":{"street":{"number":2870,"name":"Manchester Road"},"city":"Belfast","state":"Strathclyde","country":"United Kingdom","postcode":"LW31 2PD","coordinates":{"latitude":"-10.4932","longitude":"-89.2337"},"timezone":{"offset":"+7:00","description":"Bangkok, Hanoi, Jakarta"}},"email":"eddie.hamilton@example.com","login":{"uuid":"45d461dd-564a-4381-9a99-87234a2531be","username":"organicmeercat584","password":"onetwo","salt":"vAtQoFfJ","md5":"3dea33f12edbcb2cd75489b841e564e1","sha1":"d92c167eb3270c66b7b18bc7ed147ebf8123919f","sha256":"35add2c8ee481eb787cf50ebf8976939b3338dd34dbed098c22e34187dfa90be"},"dob":{"date":"1970-02-04T08:55:47.167Z","age":54},"registered":{"date":"2005-01-23T18:10:41.979Z","age":19},"phone":"016977 46615","cell":"07300 545132","id":{"name":"NINO","value":"SL 02 67 01 S"},"picture":{"large":"https://randomuser.me/api/portraits/men/21.jpg","medium":"https://randomuser.me/api/portraits/med/men/21.jpg","thumbnail":"https://randomuser.me/api/portraits/thumb/men/21.jpg"},"nat":"GB"}],"info":{"seed":"da00b149ea298c96","results":1,"page":1,"version":"1.4"}} 
 </msg>
<msg time="2024-06-20T10:15:47.591274" level="INFO">/opt/hostedtoolcache/Python/3.12.4/x64/lib/python3.12/site-packages/urllib3/connectionpool.py:1099: InsecureRequestWarning: Unverified HTTPS request is being made to host 'randomuser.me'. Adding certificate verification is strongly advised. See: https://urllib3.readthedocs.io/en/latest/advanced-usage.html#tls-warnings
  warnings.warn(</msg>
<msg time="2024-06-20T10:15:47.591421" level="INFO">${response} = &lt;Response [200]&gt;</msg>
<var>${response}</var>
<arg>consultarAPI</arg>
<arg>/api</arg>
<doc>Sends a GET request on a previously created HTTP Session.</doc>
<status status="PASS" start="2024-06-20T10:15:47.402962" elapsed="0.188502"/>
</kw>
<kw name="Should Be Equal As Numbers" owner="BuiltIn">
<msg time="2024-06-20T10:15:47.592540" level="INFO">Argument types are:
&lt;class 'int'&gt;
&lt;class 'str'&gt;</msg>
<arg>${response.status_code}</arg>
<arg>200</arg>
<doc>Fails if objects are unequal after converting them to real numbers.</doc>
<status status="PASS" start="2024-06-20T10:15:47.592058" elapsed="0.000548"/>
</kw>
<kw name="Log" owner="BuiltIn">
<msg time="2024-06-20T10:15:47.593282" level="INFO">200</msg>
<arg>${response.status_code}</arg>
<doc>Logs the given message with the given level.</doc>
<status status="PASS" start="2024-06-20T10:15:47.592931" elapsed="0.000394"/>
</kw>
<kw name="Set Variable" owner="BuiltIn">
<msg time="2024-06-20T10:15:47.594112" level="INFO">${json_data} = {'results': [{'gender': 'male', 'name': {'title': 'Mr', 'first': 'Eddie', 'last': 'Hamilton'}, 'location': {'street': {'number': 2870, 'name': 'Manchester Road'}, 'city': 'Belfast', 'state': 'Strathcl...</msg>
<var>${json_data}</var>
<arg>${response.json()}</arg>
<doc>Returns the given values which can then be assigned to a variables.</doc>
<status status="PASS" start="2024-06-20T10:15:47.593627" elapsed="0.000513"/>
</kw>
<kw name="Dictionary Should Contain Key" owner="Collections">
<arg>${json_data}</arg>
<arg>results</arg>
<doc>Fails if ``key`` is not found from ``dictionary``.</doc>
<status status="PASS" start="2024-06-20T10:15:47.594441" elapsed="0.000176"/>
</kw>
<status status="PASS" start="2024-06-20T10:15:47.402723" elapsed="0.192050"/>
</kw>
<doc>Testa se a API responde corretamente e retorna um objeto JSON válido.</doc>
<tag>testeRequisicaoBasica</tag>
<status status="PASS" start="2024-06-20T10:15:47.402249" elapsed="0.192704"/>
</test>
<test id="s1-s1-t3" name="Validar estrutura de resposta" line="22">
<kw name="Teste de Estrutura de Resposta" owner="random-user-service">
<kw name="GET On Session" owner="RequestsLibrary">
<msg time="2024-06-20T10:15:47.705853" level="INFO">GET Request : url=https://randomuser.me/api 
 path_url=/api 
 headers={'User-Agent': 'python-requests/2.32.3', 'Accept-Encoding': 'gzip, deflate', 'Accept': '*/*', 'Connection': 'keep-alive'} 
 body=None 
 </msg>
<msg time="2024-06-20T10:15:47.705956" level="INFO">GET Response : url=https://randomuser.me/api 
 status=200, reason=OK 
 headers={'Date': 'Thu, 20 Jun 2024 10:15:47 GMT', 'Content-Type': 'application/json; charset=utf-8', 'Transfer-Encoding': 'chunked', 'Connection': 'keep-alive', 'X-Powered-By': 'Express', 'Access-Control-Allow-Origin': '*', 'Cache-Control': 'no-cache', 'ETag': 'W/"493-ag1LbtPzi2u04JEDlhNDrLQyBLg"', 'Vary': 'Accept-Encoding', 'Content-Encoding': 'gzip', 'CF-Cache-Status': 'DYNAMIC', 'Report-To': '{"endpoints":[{"url":"https:\\/\\/a.nel.cloudflare.com\\/report\\/v4?s=cNWauIG3hwerVEiMAAxJjfWWSIqAznegZKKtd6Mjb%2BEqyk3RxXJgi5R4nopwPxy13CFgC9LdM8VHrQegzpqdt1NGEb%2BXxMyg9dMXVdddW8v5FsojKAfpMmHKDPm0ti6j"}],"group":"cf-nel","max_age":604800}', 'NEL': '{"success_fraction":0,"report_to":"cf-nel","max_age":604800}', 'Server': 'cloudflare', 'CF-RAY': '896affea7fa686ef-IAD', 'alt-svc': 'h3=":443"; ma=86400'} 
 body={"results":[{"gender":"female","name":{"title":"Miss","first":"Celia","last":"Moya"},"location":{"street":{"number":3262,"name":"Calle de La Democracia"},"city":"Jerez de la Frontera","state":"Canarias","country":"Spain","postcode":25450,"coordinates":{"latitude":"-34.1140","longitude":"78.6458"},"timezone":{"offset":"-12:00","description":"Eniwetok, Kwajalein"}},"email":"celia.moya@example.com","login":{"uuid":"39305862-2fac-4b35-966f-04855d8e601e","username":"yellowbird343","password":"hahahaha","salt":"9OUSmtvA","md5":"fb3e21331de7ef61055f2b11c95a1bf1","sha1":"00d5b74ee7f79c5a7e3950f40ea294a5fedcd703","sha256":"f22eada53b18e30a1c68585baefe9b9ddfff3a0f25938c67181f669072191c41"},"dob":{"date":"1974-12-21T07:37:21.927Z","age":49},"registered":{"date":"2009-04-17T23:36:04.168Z","age":15},"phone":"985-940-082","cell":"609-132-975","id":{"name":"DNI","value":"77118501-C"},"picture":{"large":"https://randomuser.me/api/portraits/women/33.jpg","medium":"https://randomuser.me/api/portraits/med/women/33.jpg","thumbnail":"https://randomuser.me/api/portraits/thumb/women/33.jpg"},"nat":"ES"}],"info":{"seed":"8a02d5f7d189487b","results":1,"page":1,"version":"1.4"}} 
 </msg>
<msg time="2024-06-20T10:15:47.706085" level="INFO">/opt/hostedtoolcache/Python/3.12.4/x64/lib/python3.12/site-packages/urllib3/connectionpool.py:1099: InsecureRequestWarning: Unverified HTTPS request is being made to host 'randomuser.me'. Adding certificate verification is strongly advised. See: https://urllib3.readthedocs.io/en/latest/advanced-usage.html#tls-warnings
  warnings.warn(</msg>
<msg time="2024-06-20T10:15:47.706204" level="INFO">${response} = &lt;Response [200]&gt;</msg>
<var>${response}</var>
<arg>consultarAPI</arg>
<arg>/api</arg>
<doc>Sends a GET request on a previously created HTTP Session.</doc>
<status status="PASS" start="2024-06-20T10:15:47.597559" elapsed="0.108677"/>
</kw>
<kw name="Set Variable" owner="BuiltIn">
<msg time="2024-06-20T10:15:47.707267" level="INFO">${json_data} = {'results': [{'gender': 'female', 'name': {'title': 'Miss', 'first': 'Celia', 'last': 'Moya'}, 'location': {'street': {'number': 3262, 'name': 'Calle de La Democracia'}, 'city': 'Jerez de la Frontera'...</msg>
<var>${json_data}</var>
<arg>${response.json()}</arg>
<doc>Returns the given values which can then be assigned to a variables.</doc>
<status status="PASS" start="2024-06-20T10:15:47.706761" elapsed="0.000535"/>
</kw>
<kw name="Log" owner="BuiltIn">
<msg time="2024-06-20T10:15:47.707764" level="INFO">{'results': [{'gender': 'female', 'name': {'title': 'Miss', 'first': 'Celia', 'last': 'Moya'}, 'location': {'street': {'number': 3262, 'name': 'Calle de La Democracia'}, 'city': 'Jerez de la Frontera', 'state': 'Canarias', 'country': 'Spain', 'postcode': 25450, 'coordinates': {'latitude': '-34.1140', 'longitude': '78.6458'}, 'timezone': {'offset': '-12:00', 'description': 'Eniwetok, Kwajalein'}}, 'email': 'celia.moya@example.com', 'login': {'uuid': '39305862-2fac-4b35-966f-04855d8e601e', 'username': 'yellowbird343', 'password': 'hahahaha', 'salt': '9OUSmtvA', 'md5': 'fb3e21331de7ef61055f2b11c95a1bf1', 'sha1': '00d5b74ee7f79c5a7e3950f40ea294a5fedcd703', 'sha256': 'f22eada53b18e30a1c68585baefe9b9ddfff3a0f25938c67181f669072191c41'}, 'dob': {'date': '1974-12-21T07:37:21.927Z', 'age': 49}, 'registered': {'date': '2009-04-17T23:36:04.168Z', 'age': 15}, 'phone': '985-940-082', 'cell': '609-132-975', 'id': {'name': 'DNI', 'value': '77118501-C'}, 'picture': {'large': 'https://randomuser.me/api/portraits/women/33.jpg', 'medium': 'https://randomuser.me/api/portraits/med/women/33.jpg', 'thumbnail': 'https://randomuser.me/api/portraits/thumb/women/33.jpg'}, 'nat': 'ES'}], 'info': {'seed': '8a02d5f7d189487b', 'results': 1, 'page': 1, 'version': '1.4'}}</msg>
<arg>${json_data}</arg>
<doc>Logs the given message with the given level.</doc>
<status status="PASS" start="2024-06-20T10:15:47.707603" elapsed="0.000212"/>
</kw>
<kw name="Dictionary Should Contain Key" owner="Collections">
<arg>${json_data}</arg>
<arg>results</arg>
<doc>Fails if ``key`` is not found from ``dictionary``.</doc>
<status status="PASS" start="2024-06-20T10:15:47.708103" elapsed="0.000163"/>
</kw>
<kw name="Should Not Be Empty" owner="BuiltIn">
<msg time="2024-06-20T10:15:47.708569" level="INFO">Length is 2.</msg>
<arg>${json_data}</arg>
<doc>Verifies that the given item is not empty.</doc>
<status status="PASS" start="2024-06-20T10:15:47.708446" elapsed="0.000165"/>
</kw>
<kw name="Create List" owner="BuiltIn">
<msg time="2024-06-20T10:15:47.709050" level="INFO">${expected_keys} = ['gender', 'name', 'location', 'email', 'login']</msg>
<var>${expected_keys}</var>
<arg>gender</arg>
<arg>name</arg>
<arg>location</arg>
<arg>email</arg>
<arg>login</arg>
<doc>Returns a list containing given items.</doc>
<status status="PASS" start="2024-06-20T10:15:47.708898" elapsed="0.000175"/>
</kw>
<for flavor="IN">
<iter>
<kw name="Dictionary Should Contain Key" owner="Collections">
<arg>${json_data['results'][0]}</arg>
<arg>${key}</arg>
<doc>Fails if ``key`` is not found from ``dictionary``.</doc>
<status status="PASS" start="2024-06-20T10:15:47.709841" elapsed="0.000410"/>
</kw>
<kw name="Log" owner="BuiltIn">
<msg time="2024-06-20T10:15:47.710791" level="INFO">{'gender': 'female', 'name': {'title': 'Miss', 'first': 'Celia', 'last': 'Moya'}, 'location': {'street': {'number': 3262, 'name': 'Calle de La Democracia'}, 'city': 'Jerez de la Frontera', 'state': 'Canarias', 'country': 'Spain', 'postcode': 25450, 'coordinates': {'latitude': '-34.1140', 'longitude': '78.6458'}, 'timezone': {'offset': '-12:00', 'description': 'Eniwetok, Kwajalein'}}, 'email': 'celia.moya@example.com', 'login': {'uuid': '39305862-2fac-4b35-966f-04855d8e601e', 'username': 'yellowbird343', 'password': 'hahahaha', 'salt': '9OUSmtvA', 'md5': 'fb3e21331de7ef61055f2b11c95a1bf1', 'sha1': '00d5b74ee7f79c5a7e3950f40ea294a5fedcd703', 'sha256': 'f22eada53b18e30a1c68585baefe9b9ddfff3a0f25938c67181f669072191c41'}, 'dob': {'date': '1974-12-21T07:37:21.927Z', 'age': 49}, 'registered': {'date': '2009-04-17T23:36:04.168Z', 'age': 15}, 'phone': '985-940-082', 'cell': '609-132-975', 'id': {'name': 'DNI', 'value': '77118501-C'}, 'picture': {'large': 'https://randomuser.me/api/portraits/women/33.jpg', 'medium': 'https://randomuser.me/api/portraits/med/women/33.jpg', 'thumbnail': 'https://randomuser.me/api/portraits/thumb/women/33.jpg'}, 'nat': 'ES'}</msg>
<arg>${json_data['results'][0]}</arg>
<doc>Logs the given message with the given level.</doc>
<status status="PASS" start="2024-06-20T10:15:47.710434" elapsed="0.000405"/>
</kw>
<kw name="Log" owner="BuiltIn">
<msg time="2024-06-20T10:15:47.711262" level="INFO">gender</msg>
<arg>${key}</arg>
<doc>Logs the given message with the given level.</doc>
<status status="PASS" start="2024-06-20T10:15:47.711135" elapsed="0.000164"/>
</kw>
<var name="${key}">gender</var>
<status status="PASS" start="2024-06-20T10:15:47.709688" elapsed="0.001822"/>
</iter>
<iter>
<kw name="Dictionary Should Contain Key" owner="Collections">
<arg>${json_data['results'][0]}</arg>
<arg>${key}</arg>
<doc>Fails if ``key`` is not found from ``dictionary``.</doc>
<status status="PASS" start="2024-06-20T10:15:47.711796" elapsed="0.000384"/>
</kw>
<kw name="Log" owner="BuiltIn">
<msg time="2024-06-20T10:15:47.712715" level="INFO">{'gender': 'female', 'name': {'title': 'Miss', 'first': 'Celia', 'last': 'Moya'}, 'location': {'street': {'number': 3262, 'name': 'Calle de La Democracia'}, 'city': 'Jerez de la Frontera', 'state': 'Canarias', 'country': 'Spain', 'postcode': 25450, 'coordinates': {'latitude': '-34.1140', 'longitude': '78.6458'}, 'timezone': {'offset': '-12:00', 'description': 'Eniwetok, Kwajalein'}}, 'email': 'celia.moya@example.com', 'login': {'uuid': '39305862-2fac-4b35-966f-04855d8e601e', 'username': 'yellowbird343', 'password': 'hahahaha', 'salt': '9OUSmtvA', 'md5': 'fb3e21331de7ef61055f2b11c95a1bf1', 'sha1': '00d5b74ee7f79c5a7e3950f40ea294a5fedcd703', 'sha256': 'f22eada53b18e30a1c68585baefe9b9ddfff3a0f25938c67181f669072191c41'}, 'dob': {'date': '1974-12-21T07:37:21.927Z', 'age': 49}, 'registered': {'date': '2009-04-17T23:36:04.168Z', 'age': 15}, 'phone': '985-940-082', 'cell': '609-132-975', 'id': {'name': 'DNI', 'value': '77118501-C'}, 'picture': {'large': 'https://randomuser.me/api/portraits/women/33.jpg', 'medium': 'https://randomuser.me/api/portraits/med/women/33.jpg', 'thumbnail': 'https://randomuser.me/api/portraits/thumb/women/33.jpg'}, 'nat': 'ES'}</msg>
<arg>${json_data['results'][0]}</arg>
<doc>Logs the given message with the given level.</doc>
<status status="PASS" start="2024-06-20T10:15:47.712366" elapsed="0.000429"/>
</kw>
<kw name="Log" owner="BuiltIn">
<msg time="2024-06-20T10:15:47.713214" level="INFO">name</msg>
<arg>${key}</arg>
<doc>Logs the given message with the given level.</doc>
<status status="PASS" start="2024-06-20T10:15:47.713089" elapsed="0.000162"/>
</kw>
<var name="${key}">name</var>
<status status="PASS" start="2024-06-20T10:15:47.711688" elapsed="0.001777"/>
</iter>
<iter>
<kw name="Dictionary Should Contain Key" owner="Collections">
<arg>${json_data['results'][0]}</arg>
<arg>${key}</arg>
<doc>Fails if ``key`` is not found from ``dictionary``.</doc>
<status status="PASS" start="2024-06-20T10:15:47.713746" elapsed="0.000404"/>
</kw>
<kw name="Log" owner="BuiltIn">
<msg time="2024-06-20T10:15:47.714685" level="INFO">{'gender': 'female', 'name': {'title': 'Miss', 'first': 'Celia', 'last': 'Moya'}, 'location': {'street': {'number': 3262, 'name': 'Calle de La Democracia'}, 'city': 'Jerez de la Frontera', 'state': 'Canarias', 'country': 'Spain', 'postcode': 25450, 'coordinates': {'latitude': '-34.1140', 'longitude': '78.6458'}, 'timezone': {'offset': '-12:00', 'description': 'Eniwetok, Kwajalein'}}, 'email': 'celia.moya@example.com', 'login': {'uuid': '39305862-2fac-4b35-966f-04855d8e601e', 'username': 'yellowbird343', 'password': 'hahahaha', 'salt': '9OUSmtvA', 'md5': 'fb3e21331de7ef61055f2b11c95a1bf1', 'sha1': '00d5b74ee7f79c5a7e3950f40ea294a5fedcd703', 'sha256': 'f22eada53b18e30a1c68585baefe9b9ddfff3a0f25938c67181f669072191c41'}, 'dob': {'date': '1974-12-21T07:37:21.927Z', 'age': 49}, 'registered': {'date': '2009-04-17T23:36:04.168Z', 'age': 15}, 'phone': '985-940-082', 'cell': '609-132-975', 'id': {'name': 'DNI', 'value': '77118501-C'}, 'picture': {'large': 'https://randomuser.me/api/portraits/women/33.jpg', 'medium': 'https://randomuser.me/api/portraits/med/women/33.jpg', 'thumbnail': 'https://randomuser.me/api/portraits/thumb/women/33.jpg'}, 'nat': 'ES'}</msg>
<arg>${json_data['results'][0]}</arg>
<doc>Logs the given message with the given level.</doc>
<status status="PASS" start="2024-06-20T10:15:47.714331" elapsed="0.000411"/>
</kw>
<kw name="Log" owner="BuiltIn">
<msg time="2024-06-20T10:15:47.715160" level="INFO">location</msg>
<arg>${key}</arg>
<doc>Logs the given message with the given level.</doc>
<status status="PASS" start="2024-06-20T10:15:47.715034" elapsed="0.000163"/>
</kw>
<var name="${key}">location</var>
<status status="PASS" start="2024-06-20T10:15:47.713640" elapsed="0.001773"/>
</iter>
<iter>
<kw name="Dictionary Should Contain Key" owner="Collections">
<arg>${json_data['results'][0]}</arg>
<arg>${key}</arg>
<doc>Fails if ``key`` is not found from ``dictionary``.</doc>
<status status="PASS" start="2024-06-20T10:15:47.715685" elapsed="0.000378"/>
</kw>
<kw name="Log" owner="BuiltIn">
<msg time="2024-06-20T10:15:47.716599" level="INFO">{'gender': 'female', 'name': {'title': 'Miss', 'first': 'Celia', 'last': 'Moya'}, 'location': {'street': {'number': 3262, 'name': 'Calle de La Democracia'}, 'city': 'Jerez de la Frontera', 'state': 'Canarias', 'country': 'Spain', 'postcode': 25450, 'coordinates': {'latitude': '-34.1140', 'longitude': '78.6458'}, 'timezone': {'offset': '-12:00', 'description': 'Eniwetok, Kwajalein'}}, 'email': 'celia.moya@example.com', 'login': {'uuid': '39305862-2fac-4b35-966f-04855d8e601e', 'username': 'yellowbird343', 'password': 'hahahaha', 'salt': '9OUSmtvA', 'md5': 'fb3e21331de7ef61055f2b11c95a1bf1', 'sha1': '00d5b74ee7f79c5a7e3950f40ea294a5fedcd703', 'sha256': 'f22eada53b18e30a1c68585baefe9b9ddfff3a0f25938c67181f669072191c41'}, 'dob': {'date': '1974-12-21T07:37:21.927Z', 'age': 49}, 'registered': {'date': '2009-04-17T23:36:04.168Z', 'age': 15}, 'phone': '985-940-082', 'cell': '609-132-975', 'id': {'name': 'DNI', 'value': '77118501-C'}, 'picture': {'large': 'https://randomuser.me/api/portraits/women/33.jpg', 'medium': 'https://randomuser.me/api/portraits/med/women/33.jpg', 'thumbnail': 'https://randomuser.me/api/portraits/thumb/women/33.jpg'}, 'nat': 'ES'}</msg>
<arg>${json_data['results'][0]}</arg>
<doc>Logs the given message with the given level.</doc>
<status status="PASS" start="2024-06-20T10:15:47.716245" elapsed="0.000412"/>
</kw>
<kw name="Log" owner="BuiltIn">
<msg time="2024-06-20T10:15:47.717071" level="INFO">email</msg>
<arg>${key}</arg>
<doc>Logs the given message with the given level.</doc>
<status status="PASS" start="2024-06-20T10:15:47.716948" elapsed="0.000160"/>
</kw>
<var name="${key}">email</var>
<status status="PASS" start="2024-06-20T10:15:47.715581" elapsed="0.001738"/>
</iter>
<iter>
<kw name="Dictionary Should Contain Key" owner="Collections">
<arg>${json_data['results'][0]}</arg>
<arg>${key}</arg>
<doc>Fails if ``key`` is not found from ``dictionary``.</doc>
<status status="PASS" start="2024-06-20T10:15:47.717590" elapsed="0.000408"/>
</kw>
<kw name="Log" owner="BuiltIn">
<msg time="2024-06-20T10:15:47.718533" level="INFO">{'gender': 'female', 'name': {'title': 'Miss', 'first': 'Celia', 'last': 'Moya'}, 'location': {'street': {'number': 3262, 'name': 'Calle de La Democracia'}, 'city': 'Jerez de la Frontera', 'state': 'Canarias', 'country': 'Spain', 'postcode': 25450, 'coordinates': {'latitude': '-34.1140', 'longitude': '78.6458'}, 'timezone': {'offset': '-12:00', 'description': 'Eniwetok, Kwajalein'}}, 'email': 'celia.moya@example.com', 'login': {'uuid': '39305862-2fac-4b35-966f-04855d8e601e', 'username': 'yellowbird343', 'password': 'hahahaha', 'salt': '9OUSmtvA', 'md5': 'fb3e21331de7ef61055f2b11c95a1bf1', 'sha1': '00d5b74ee7f79c5a7e3950f40ea294a5fedcd703', 'sha256': 'f22eada53b18e30a1c68585baefe9b9ddfff3a0f25938c67181f669072191c41'}, 'dob': {'date': '1974-12-21T07:37:21.927Z', 'age': 49}, 'registered': {'date': '2009-04-17T23:36:04.168Z', 'age': 15}, 'phone': '985-940-082', 'cell': '609-132-975', 'id': {'name': 'DNI', 'value': '77118501-C'}, 'picture': {'large': 'https://randomuser.me/api/portraits/women/33.jpg', 'medium': 'https://randomuser.me/api/portraits/med/women/33.jpg', 'thumbnail': 'https://randomuser.me/api/portraits/thumb/women/33.jpg'}, 'nat': 'ES'}</msg>
<arg>${json_data['results'][0]}</arg>
<doc>Logs the given message with the given level.</doc>
<status status="PASS" start="2024-06-20T10:15:47.718177" elapsed="0.000413"/>
</kw>
<kw name="Log" owner="BuiltIn">
<msg time="2024-06-20T10:15:47.719014" level="INFO">login</msg>
<arg>${key}</arg>
<doc>Logs the given message with the given level.</doc>
<status status="PASS" start="2024-06-20T10:15:47.718883" elapsed="0.000169"/>
</kw>
<var name="${key}">login</var>
<status status="PASS" start="2024-06-20T10:15:47.717487" elapsed="0.001776"/>
</iter>
<var>${key}</var>
<value>@{expected_keys}</value>
<status status="PASS" start="2024-06-20T10:15:47.709491" elapsed="0.009890"/>
</for>
<kw name="Create List" owner="BuiltIn">
<msg time="2024-06-20T10:15:47.719701" level="INFO">${expected_keysTwo} = ['username', 'password']</msg>
<var>${expected_keysTwo}</var>
<arg>username</arg>
<arg>password</arg>
<doc>Returns a list containing given items.</doc>
<status status="PASS" start="2024-06-20T10:15:47.719567" elapsed="0.000186"/>
</kw>
<for flavor="IN">
<iter>
<kw name="Dictionary Should Contain Key" owner="Collections">
<arg>${json_data['results'][0]['login']}</arg>
<arg>${keyTwo}</arg>
<doc>Fails if ``key`` is not found from ``dictionary``.</doc>
<status status="PASS" start="2024-06-20T10:15:47.720248" elapsed="0.000382"/>
</kw>
<kw name="Dictionary Should Contain Key" owner="Collections">
<arg>${json_data['results'][0]['login']}</arg>
<arg>${keyTwo}</arg>
<doc>Fails if ``key`` is not found from ``dictionary``.</doc>
<status status="PASS" start="2024-06-20T10:15:47.720807" elapsed="0.000380"/>
</kw>
<kw name="Log" owner="BuiltIn">
<msg time="2024-06-20T10:15:47.721480" level="INFO">username</msg>
<arg>${keyTwo}</arg>
<doc>Logs the given message with the given level.</doc>
<status status="PASS" start="2024-06-20T10:15:47.721362" elapsed="0.000154"/>
</kw>
<var name="${keyTwo}">username</var>
<status status="PASS" start="2024-06-20T10:15:47.720143" elapsed="0.001586"/>
</iter>
<iter>
<kw name="Dictionary Should Contain Key" owner="Collections">
<arg>${json_data['results'][0]['login']}</arg>
<arg>${keyTwo}</arg>
<doc>Fails if ``key`` is not found from ``dictionary``.</doc>
<status status="PASS" start="2024-06-20T10:15:47.722030" elapsed="0.000384"/>
</kw>
<kw name="Dictionary Should Contain Key" owner="Collections">
<arg>${json_data['results'][0]['login']}</arg>
<arg>${keyTwo}</arg>
<doc>Fails if ``key`` is not found from ``dictionary``.</doc>
<status status="PASS" start="2024-06-20T10:15:47.722590" elapsed="0.000376"/>
</kw>
<kw name="Log" owner="BuiltIn">
<msg time="2024-06-20T10:15:47.723257" level="INFO">password</msg>
<arg>${keyTwo}</arg>
<doc>Logs the given message with the given level.</doc>
<status status="PASS" start="2024-06-20T10:15:47.723141" elapsed="0.000151"/>
</kw>
<var name="${keyTwo}">password</var>
<status status="PASS" start="2024-06-20T10:15:47.721926" elapsed="0.001585"/>
</iter>
<var>${keyTwo}</var>
<value>@{expected_keysTwo}</value>
<status status="PASS" start="2024-06-20T10:15:47.719993" elapsed="0.003637"/>
</for>
<status status="PASS" start="2024-06-20T10:15:47.597329" elapsed="0.126440"/>
</kw>
<doc>Testa a estrutura da resposta da API.</doc>
<tag>testeEstruturaResposta</tag>
<status status="PASS" start="2024-06-20T10:15:47.596799" elapsed="0.127125"/>
</test>
<test id="s1-s1-t4" name="Validar tipos de dados" line="28">
<kw name="Teste de Tipos de Dados" owner="random-user-service">
<kw name="GET On Session" owner="RequestsLibrary">
<msg time="2024-06-20T10:15:47.799161" level="INFO">GET Request : url=https://randomuser.me/api 
 path_url=/api 
 headers={'User-Agent': 'python-requests/2.32.3', 'Accept-Encoding': 'gzip, deflate', 'Accept': '*/*', 'Connection': 'keep-alive'} 
 body=None 
 </msg>
<msg time="2024-06-20T10:15:47.799267" level="INFO">GET Response : url=https://randomuser.me/api 
 status=200, reason=OK 
 headers={'Date': 'Thu, 20 Jun 2024 10:15:47 GMT', 'Content-Type': 'application/json; charset=utf-8', 'Transfer-Encoding': 'chunked', 'Connection': 'keep-alive', 'X-Powered-By': 'Express', 'Access-Control-Allow-Origin': '*', 'Cache-Control': 'no-cache', 'ETag': 'W/"470-mMdBqeVA/A81pZgbhJU4ZzejCGQ"', 'Vary': 'Accept-Encoding', 'Content-Encoding': 'gzip', 'CF-Cache-Status': 'DYNAMIC', 'Report-To': '{"endpoints":[{"url":"https:\\/\\/a.nel.cloudflare.com\\/report\\/v4?s=qLCyo6OqDbzMP8r4mqJ7rA96XwAafxbl43VJb3eKKFi0idu%2BEKG%2F4hu9pM89NZAWDb8UZUIjr7EQ0x83Bl6JA6Cj7JQzbvF4k725usrnKO9qW3UfsxFMATnVAUomnkYv"}],"group":"cf-nel","max_age":604800}', 'NEL': '{"success_fraction":0,"report_to":"cf-nel","max_age":604800}', 'Server': 'cloudflare', 'CF-RAY': '896affeb487a86ef-IAD', 'alt-svc': 'h3=":443"; ma=86400'} 
 body={"results":[{"gender":"male","name":{"title":"Mr","first":"Okan","last":"Balcı"},"location":{"street":{"number":9149,"name":"Necatibey Cd"},"city":"Samsun","state":"Bingöl","country":"Turkey","postcode":97153,"coordinates":{"latitude":"64.8429","longitude":"-80.6471"},"timezone":{"offset":"-1:00","description":"Azores, Cape Verde Islands"}},"email":"okan.balci@example.com","login":{"uuid":"c36e8a2f-d6cd-482b-beab-ba4126dc14d9","username":"redpeacock771","password":"thunder1","salt":"1zV3GkUC","md5":"b0d002b81683343b67a34854710dd799","sha1":"c722cc99c29892588c16411299a443ec31cd111b","sha256":"0adcd0a787b5ed8646d3d751ca1072deba398ebe310d0b66b39dbab3dd9bf06b"},"dob":{"date":"1981-02-06T12:59:18.800Z","age":43},"registered":{"date":"2008-01-26T22:15:26.909Z","age":16},"phone":"(138)-702-8656","cell":"(757)-102-9391","id":{"name":"","value":null},"picture":{"large":"https://randomuser.me/api/portraits/men/7.jpg","medium":"https://randomuser.me/api/portraits/med/men/7.jpg","thumbnail":"https://randomuser.me/api/portraits/thumb/men/7.jpg"},"nat":"TR"}],"info":{"seed":"f349ce9c47b0135b","results":1,"page":1,"version":"1.4"}} 
 </msg>
<msg time="2024-06-20T10:15:47.799347" level="INFO">/opt/hostedtoolcache/Python/3.12.4/x64/lib/python3.12/site-packages/urllib3/connectionpool.py:1099: InsecureRequestWarning: Unverified HTTPS request is being made to host 'randomuser.me'. Adding certificate verification is strongly advised. See: https://urllib3.readthedocs.io/en/latest/advanced-usage.html#tls-warnings
  warnings.warn(</msg>
<msg time="2024-06-20T10:15:47.799467" level="INFO">${response} = &lt;Response [200]&gt;</msg>
<var>${response}</var>
<arg>consultarAPI</arg>
<arg>/api</arg>
<doc>Sends a GET request on a previously created HTTP Session.</doc>
<status status="PASS" start="2024-06-20T10:15:47.726508" elapsed="0.072993"/>
</kw>
<kw name="Set Variable" owner="BuiltIn">
<msg time="2024-06-20T10:15:47.800619" level="INFO">${json_data} = {'results': [{'gender': 'male', 'name': {'title': 'Mr', 'first': 'Okan', 'last': 'Balcı'}, 'location': {'street': {'number': 9149, 'name': 'Necatibey Cd'}, 'city': 'Samsun', 'state': 'Bingöl', 'countr...</msg>
<var>${json_data}</var>
<arg>${response.json()}</arg>
<doc>Returns the given values which can then be assigned to a variables.</doc>
<status status="PASS" start="2024-06-20T10:15:47.800100" elapsed="0.000548"/>
</kw>
<kw name="Log" owner="BuiltIn">
<msg time="2024-06-20T10:15:47.801114" level="INFO">{'results': [{'gender': 'male', 'name': {'title': 'Mr', 'first': 'Okan', 'last': 'Balcı'}, 'location': {'street': {'number': 9149, 'name': 'Necatibey Cd'}, 'city': 'Samsun', 'state': 'Bingöl', 'country': 'Turkey', 'postcode': 97153, 'coordinates': {'latitude': '64.8429', 'longitude': '-80.6471'}, 'timezone': {'offset': '-1:00', 'description': 'Azores, Cape Verde Islands'}}, 'email': 'okan.balci@example.com', 'login': {'uuid': 'c36e8a2f-d6cd-482b-beab-ba4126dc14d9', 'username': 'redpeacock771', 'password': 'thunder1', 'salt': '1zV3GkUC', 'md5': 'b0d002b81683343b67a34854710dd799', 'sha1': 'c722cc99c29892588c16411299a443ec31cd111b', 'sha256': '0adcd0a787b5ed8646d3d751ca1072deba398ebe310d0b66b39dbab3dd9bf06b'}, 'dob': {'date': '1981-02-06T12:59:18.800Z', 'age': 43}, 'registered': {'date': '2008-01-26T22:15:26.909Z', 'age': 16}, 'phone': '(138)-702-8656', 'cell': '(757)-102-9391', 'id': {'name': '', 'value': None}, 'picture': {'large': 'https://randomuser.me/api/portraits/men/7.jpg', 'medium': 'https://randomuser.me/api/portraits/med/men/7.jpg', 'thumbnail': 'https://randomuser.me/api/portraits/thumb/men/7.jpg'}, 'nat': 'TR'}], 'info': {'seed': 'f349ce9c47b0135b', 'results': 1, 'page': 1, 'version': '1.4'}}</msg>
<arg>${json_data}</arg>
<doc>Logs the given message with the given level.</doc>
<status status="PASS" start="2024-06-20T10:15:47.800955" elapsed="0.000208"/>
</kw>
<kw name="Should Be String" owner="String">
<arg>${json_data['results'][0]['gender']}</arg>
<doc>Fails if the given ``item`` is not a string.</doc>
<status status="PASS" start="2024-06-20T10:15:47.801455" elapsed="0.000412"/>
</kw>
<kw name="Should Match Regexp" owner="BuiltIn">
<arg>${json_data['results'][0]['email']}</arg>
<arg>^[a-zA-Z0-9._%+-]+@[a-zA-Z0-9.-]+\.[a-zA-Z]{2,}$</arg>
<doc>Fails if ``string`` does not match ``pattern`` as a regular expression.</doc>
<status status="PASS" start="2024-06-20T10:15:47.802065" elapsed="0.000524"/>
</kw>
<kw name="Should Match Regexp" owner="BuiltIn">
<arg>${json_data['results'][0]['dob']['date']}</arg>
<arg>\\d{4}-\\d{2}-\\d{2}T\\d{2}:\\d{2}:\\d{2}\\.\\d{3}Z</arg>
<doc>Fails if ``string`` does not match ``pattern`` as a regular expression.</doc>
<status status="PASS" start="2024-06-20T10:15:47.802818" elapsed="0.000492"/>
</kw>
<kw name="Should Match Regexp" owner="BuiltIn">
<arg>${json_data['results'][0]['registered']['date']}</arg>
<arg>\\d{4}-\\d{2}-\\d{2}T\\d{2}:\\d{2}:\\d{2}\\.\\d{3}Z</arg>
<doc>Fails if ``string`` does not match ``pattern`` as a regular expression.</doc>
<status status="PASS" start="2024-06-20T10:15:47.803502" elapsed="0.000365"/>
</kw>
<kw name="Should Match Regexp" owner="BuiltIn">
<arg>${json_data['results'][0]['picture']['large']}</arg>
<arg>^https?://.*\.(?:png|jpe?g|gif|bmp)$</arg>
<doc>Fails if ``string`` does not match ``pattern`` as a regular expression.</doc>
<status status="PASS" start="2024-06-20T10:15:47.804049" elapsed="0.000452"/>
</kw>
<kw name="Should Match Regexp" owner="BuiltIn">
<arg>${json_data['results'][0]['picture']['medium']}</arg>
<arg>^https?://.*\.(?:png|jpe?g|gif|bmp)$</arg>
<doc>Fails if ``string`` does not match ``pattern`` as a regular expression.</doc>
<status status="PASS" start="2024-06-20T10:15:47.804687" elapsed="0.000351"/>
</kw>
<kw name="Should Match Regexp" owner="BuiltIn">
<arg>${json_data['results'][0]['picture']['thumbnail']}</arg>
<arg>^https?://.*\.(?:png|jpe?g|gif|bmp)$</arg>
<doc>Fails if ``string`` does not match ``pattern`` as a regular expression.</doc>
<status status="PASS" start="2024-06-20T10:15:47.805219" elapsed="0.000348"/>
</kw>
<kw name="Log" owner="BuiltIn">
<msg time="2024-06-20T10:15:47.806113" level="INFO">{'large': 'https://randomuser.me/api/portraits/men/7.jpg', 'medium': 'https://randomuser.me/api/portraits/med/men/7.jpg', 'thumbnail': 'https://randomuser.me/api/portraits/thumb/men/7.jpg'}</msg>
<arg>${json_data['results'][0]['picture']}</arg>
<doc>Logs the given message with the given level.</doc>
<status status="PASS" start="2024-06-20T10:15:47.805749" elapsed="0.000409"/>
</kw>
<status status="PASS" start="2024-06-20T10:15:47.726280" elapsed="0.080138"/>
</kw>
<kw name="Teste de Tipos de Dados - Postcode" owner="random-user-service">
<kw name="GET On Session" owner="RequestsLibrary">
<msg time="2024-06-20T10:15:47.903605" level="INFO">GET Request : url=https://randomuser.me/api 
 path_url=/api 
 headers={'User-Agent': 'python-requests/2.32.3', 'Accept-Encoding': 'gzip, deflate', 'Accept': '*/*', 'Connection': 'keep-alive'} 
 body=None 
 </msg>
<msg time="2024-06-20T10:15:47.903707" level="INFO">GET Response : url=https://randomuser.me/api 
 status=200, reason=OK 
 headers={'Date': 'Thu, 20 Jun 2024 10:15:47 GMT', 'Content-Type': 'application/json; charset=utf-8', 'Transfer-Encoding': 'chunked', 'Connection': 'keep-alive', 'X-Powered-By': 'Express', 'Access-Control-Allow-Origin': '*', 'Cache-Control': 'no-cache', 'ETag': 'W/"492-ieh7ctrZPOWZJIqcY3V6dFdquvo"', 'Vary': 'Accept-Encoding', 'Content-Encoding': 'gzip', 'CF-Cache-Status': 'DYNAMIC', 'Report-To': '{"endpoints":[{"url":"https:\\/\\/a.nel.cloudflare.com\\/report\\/v4?s=5VE15hJ7z9t1wnA0G78DyTVseQ4QaM7oQlNwWvOvxUT%2Fmob9Luhg3aQYn44ii2Z7uU%2FNUnGGUWzbDShtVl7R5x8mz0dJBrCBTESJxhiaKVPELJm%2BLB1WbwsPFKn2fg1O"}],"group":"cf-nel","max_age":604800}', 'NEL': '{"success_fraction":0,"report_to":"cf-nel","max_age":604800}', 'Server': 'cloudflare', 'CF-RAY': '896affebc95886ef-IAD', 'alt-svc': 'h3=":443"; ma=86400'} 
 body={"results":[{"gender":"male","name":{"title":"Mr","first":"Vilho","last":"Lammi"},"location":{"street":{"number":6192,"name":"Otavalankatu"},"city":"Kirkkonummi","state":"North Karelia","country":"Finland","postcode":81894,"coordinates":{"latitude":"-27.2412","longitude":"-22.1326"},"timezone":{"offset":"-3:00","description":"Brazil, Buenos Aires, Georgetown"}},"email":"vilho.lammi@example.com","login":{"uuid":"f759855c-0de3-4434-8c3b-dd9a699d5ffd","username":"bluepanda862","password":"royals","salt":"b26npoqs","md5":"73085aa62087e1380f3ef753cabb6e5b","sha1":"62faf8e96ed179bf024608868138bd178b0d6f00","sha256":"031785f312b3064436be87e24f8d7797b50e25e597e8a4aa697adc156127d214"},"dob":{"date":"1994-01-30T09:53:46.306Z","age":30},"registered":{"date":"2014-05-10T22:15:34.648Z","age":10},"phone":"05-668-399","cell":"048-996-25-75","id":{"name":"HETU","value":"NaNNA511undefined"},"picture":{"large":"https://randomuser.me/api/portraits/men/65.jpg","medium":"https://randomuser.me/api/portraits/med/men/65.jpg","thumbnail":"https://randomuser.me/api/portraits/thumb/men/65.jpg"},"nat":"FI"}],"info":{"seed":"7c9b3dfba4c31b4a","results":1,"page":1,"version":"1.4"}} 
 </msg>
<msg time="2024-06-20T10:15:47.903777" level="INFO">/opt/hostedtoolcache/Python/3.12.4/x64/lib/python3.12/site-packages/urllib3/connectionpool.py:1099: InsecureRequestWarning: Unverified HTTPS request is being made to host 'randomuser.me'. Adding certificate verification is strongly advised. See: https://urllib3.readthedocs.io/en/latest/advanced-usage.html#tls-warnings
  warnings.warn(</msg>
<msg time="2024-06-20T10:15:47.903897" level="INFO">${response} = &lt;Response [200]&gt;</msg>
<var>${response}</var>
<arg>consultarAPI</arg>
<arg>/api</arg>
<doc>Sends a GET request on a previously created HTTP Session.</doc>
<status status="PASS" start="2024-06-20T10:15:47.806872" elapsed="0.097061"/>
</kw>
<kw name="Set Variable" owner="BuiltIn">
<msg time="2024-06-20T10:15:47.904998" level="INFO">${json_data} = {'results': [{'gender': 'male', 'name': {'title': 'Mr', 'first': 'Vilho', 'last': 'Lammi'}, 'location': {'street': {'number': 6192, 'name': 'Otavalankatu'}, 'city': 'Kirkkonummi', 'state': 'North Kare...</msg>
<var>${json_data}</var>
<arg>${response.json()}</arg>
<doc>Returns the given values which can then be assigned to a variables.</doc>
<status status="PASS" start="2024-06-20T10:15:47.904476" elapsed="0.000549"/>
</kw>
<kw name="Log" owner="BuiltIn">
<msg time="2024-06-20T10:15:47.905475" level="INFO">{'results': [{'gender': 'male', 'name': {'title': 'Mr', 'first': 'Vilho', 'last': 'Lammi'}, 'location': {'street': {'number': 6192, 'name': 'Otavalankatu'}, 'city': 'Kirkkonummi', 'state': 'North Karelia', 'country': 'Finland', 'postcode': 81894, 'coordinates': {'latitude': '-27.2412', 'longitude': '-22.1326'}, 'timezone': {'offset': '-3:00', 'description': 'Brazil, Buenos Aires, Georgetown'}}, 'email': 'vilho.lammi@example.com', 'login': {'uuid': 'f759855c-0de3-4434-8c3b-dd9a699d5ffd', 'username': 'bluepanda862', 'password': 'royals', 'salt': 'b26npoqs', 'md5': '73085aa62087e1380f3ef753cabb6e5b', 'sha1': '62faf8e96ed179bf024608868138bd178b0d6f00', 'sha256': '031785f312b3064436be87e24f8d7797b50e25e597e8a4aa697adc156127d214'}, 'dob': {'date': '1994-01-30T09:53:46.306Z', 'age': 30}, 'registered': {'date': '2014-05-10T22:15:34.648Z', 'age': 10}, 'phone': '05-668-399', 'cell': '048-996-25-75', 'id': {'name': 'HETU', 'value': 'NaNNA511undefined'}, 'picture': {'large': 'https://randomuser.me/api/portraits/men/65.jpg', 'medium': 'https://randomuser.me/api/portraits/med/men/65.jpg', 'thumbnail': 'https://randomuser.me/api/portraits/thumb/men/65.jpg'}, 'nat': 'FI'}], 'info': {'seed': '7c9b3dfba4c31b4a', 'results': 1, 'page': 1, 'version': '1.4'}}</msg>
<arg>${json_data}</arg>
<doc>Logs the given message with the given level.</doc>
<status status="PASS" start="2024-06-20T10:15:47.905322" elapsed="0.000200"/>
</kw>
<kw name="Should Be Equal As Numbers" owner="BuiltIn">
<arg>${json_data['results'][0]['location']['postcode']}</arg>
<arg>${json_data['results'][0]['location']['postcode']}</arg>
<doc>Fails if objects are unequal after converting them to real numbers.</doc>
<status status="PASS" start="2024-06-20T10:15:47.905867" elapsed="0.000640"/>
</kw>
<kw name="Log" owner="BuiltIn">
<msg time="2024-06-20T10:15:47.907033" level="INFO">81894</msg>
<arg>${json_data['results'][0]['location']['postcode']}</arg>
<doc>Logs the given message with the given level.</doc>
<status status="PASS" start="2024-06-20T10:15:47.906697" elapsed="0.000375"/>
</kw>
<status status="PASS" start="2024-06-20T10:15:47.806647" elapsed="0.100709"/>
</kw>
<doc>Testa se os tipos de dados na resposta da API estão corretos.</doc>
<tag>testeTiposDados</tag>
<status status="PASS" start="2024-06-20T10:15:47.725681" elapsed="0.181847"/>
</test>
<test id="s1-s1-t5" name="Validar conteudo" line="35">
<kw name="Teste de Tipos de Conteudo" owner="random-user-service">
<kw name="GET On Session" owner="RequestsLibrary">
<msg time="2024-06-20T10:15:48.021816" level="INFO">GET Request : url=https://randomuser.me/api 
 path_url=/api 
 headers={'User-Agent': 'python-requests/2.32.3', 'Accept-Encoding': 'gzip, deflate', 'Accept': '*/*', 'Connection': 'keep-alive'} 
 body=None 
 </msg>
<msg time="2024-06-20T10:15:48.021920" level="INFO">GET Response : url=https://randomuser.me/api 
 status=200, reason=OK 
 headers={'Date': 'Thu, 20 Jun 2024 10:15:48 GMT', 'Content-Type': 'application/json; charset=utf-8', 'Transfer-Encoding': 'chunked', 'Connection': 'keep-alive', 'X-Powered-By': 'Express', 'Access-Control-Allow-Origin': '*', 'Cache-Control': 'no-cache', 'ETag': 'W/"46e-X6klWEWc1e2kTZgkPurBoh42ygA"', 'Vary': 'Accept-Encoding', 'Content-Encoding': 'gzip', 'CF-Cache-Status': 'DYNAMIC', 'Report-To': '{"endpoints":[{"url":"https:\\/\\/a.nel.cloudflare.com\\/report\\/v4?s=oiOdSjzQs67%2BMd3W%2F3EHDnqJ8fMtXUgp4K9XgMq8uQdYWeZ3xBmleGyOKEqzFmB3ygrNBy%2BP2wsJwUofMw6EkyDzBPgGKLTUBeXX6pAxQ81g2N6N4luwH4F%2B%2BxlCcbdq"}],"group":"cf-nel","max_age":604800}', 'NEL': '{"success_fraction":0,"report_to":"cf-nel","max_age":604800}', 'Server': 'cloudflare', 'CF-RAY': '896affec7a3386ef-IAD', 'alt-svc': 'h3=":443"; ma=86400'} 
 body={"results":[{"gender":"male","name":{"title":"Mr","first":"Volkan","last":"Aşıkoğlu"},"location":{"street":{"number":291,"name":"Mevlana Cd"},"city":"İstanbul","state":"Giresun","country":"Turkey","postcode":25252,"coordinates":{"latitude":"66.4527","longitude":"-35.5512"},"timezone":{"offset":"-2:00","description":"Mid-Atlantic"}},"email":"volkan.asikoglu@example.com","login":{"uuid":"f250e652-bb6a-41ba-956d-4c172e0f83e1","username":"greensnake355","password":"frank","salt":"QSzOhSNg","md5":"b4434a283bc8f95c5099883aaf4288ae","sha1":"a07ccc0f17e638d6b4c72f756b83377251c9f67c","sha256":"0a69f6ff3a4a82cd1138c98a795f15460b88f3d255bf56c71c45772acc5d7357"},"dob":{"date":"1987-11-17T20:54:28.339Z","age":36},"registered":{"date":"2003-08-07T07:18:33.279Z","age":20},"phone":"(190)-952-8099","cell":"(994)-395-8051","id":{"name":"","value":null},"picture":{"large":"https://randomuser.me/api/portraits/men/46.jpg","medium":"https://randomuser.me/api/portraits/med/men/46.jpg","thumbnail":"https://randomuser.me/api/portraits/thumb/men/46.jpg"},"nat":"TR"}],"info":{"seed":"ea4db862b69b588a","results":1,"page":1,"version":"1.4"}} 
 </msg>
<msg time="2024-06-20T10:15:48.022021" level="INFO">/opt/hostedtoolcache/Python/3.12.4/x64/lib/python3.12/site-packages/urllib3/connectionpool.py:1099: InsecureRequestWarning: Unverified HTTPS request is being made to host 'randomuser.me'. Adding certificate verification is strongly advised. See: https://urllib3.readthedocs.io/en/latest/advanced-usage.html#tls-warnings
  warnings.warn(</msg>
<msg time="2024-06-20T10:15:48.022141" level="INFO">${response} = &lt;Response [200]&gt;</msg>
<var>${response}</var>
<arg>consultarAPI</arg>
<arg>/api</arg>
<doc>Sends a GET request on a previously created HTTP Session.</doc>
<status status="PASS" start="2024-06-20T10:15:47.910134" elapsed="0.112033"/>
</kw>
<kw name="Set Variable" owner="BuiltIn">
<msg time="2024-06-20T10:15:48.023250" level="INFO">${json_data} = {'results': [{'gender': 'male', 'name': {'title': 'Mr', 'first': 'Volkan', 'last': 'Aşıkoğlu'}, 'location': {'street': {'number': 291, 'name': 'Mevlana Cd'}, 'city': 'İstanbul', 'state': 'Giresun', 'c...</msg>
<var>${json_data}</var>
<arg>${response.json()}</arg>
<doc>Returns the given values which can then be assigned to a variables.</doc>
<status status="PASS" start="2024-06-20T10:15:48.022732" elapsed="0.000548"/>
</kw>
<kw name="Set Variable" owner="BuiltIn">
<msg time="2024-06-20T10:15:48.023959" level="INFO">${name_title} = Mr</msg>
<var>${name_title}</var>
<arg>${json_data["results"][0]["name"]["title"]}</arg>
<doc>Returns the given values which can then be assigned to a variables.</doc>
<status status="PASS" start="2024-06-20T10:15:48.023582" elapsed="0.000402"/>
</kw>
<kw name="Create List" owner="BuiltIn">
<msg time="2024-06-20T10:15:48.024422" level="INFO">${allowed_titles} = ['Mr', 'Ms', 'Miss', 'Mrs', 'Madame', 'Monsieur']</msg>
<var>${allowed_titles}</var>
<arg>Mr</arg>
<arg>Ms</arg>
<arg>Miss</arg>
<arg>Mrs</arg>
<arg>Madame</arg>
<arg>Monsieur</arg>
<doc>Returns a list containing given items.</doc>
<status status="PASS" start="2024-06-20T10:15:48.024275" elapsed="0.000171"/>
</kw>
<kw name="List Should Contain Value" owner="Collections">
<arg>${allowed_titles}</arg>
<arg>${name_title}</arg>
<doc>Fails if the ``value`` is not found from ``list``.</doc>
<status status="PASS" start="2024-06-20T10:15:48.024738" elapsed="0.000178"/>
</kw>
<kw name="Set Variable" owner="BuiltIn">
<msg time="2024-06-20T10:15:48.025462" level="INFO">${name_country} = TR</msg>
<var>${name_country}</var>
<arg>${json_data["results"][0]["nat"]}</arg>
<doc>Returns the given values which can then be assigned to a variables.</doc>
<status status="PASS" start="2024-06-20T10:15:48.025102" elapsed="0.000385"/>
</kw>
<kw name="Create List" owner="BuiltIn">
<msg time="2024-06-20T10:15:48.026437" level="INFO">${list_country} = ['AD', 'AE', 'AF', 'AG', 'AI', 'AL', 'AM', 'AO', 'AQ', 'AR', 'AS', 'AT', 'AU', 'AW', 'AX', 'AZ', 'BA', 'BB', 'BD', 'BE', 'BF', 'BG', 'BH', 'BI', 'BJ', 'BL', 'BM', 'BN', 'BO', 'BQ', 'BR', 'BS', 'BT', '...</msg>
<var>${list_country}</var>
<arg>AD</arg>
<arg>AE</arg>
<arg>AF</arg>
<arg>AG</arg>
<arg>AI</arg>
<arg>AL</arg>
<arg>AM</arg>
<arg>AO</arg>
<arg>AQ</arg>
<arg>AR</arg>
<arg>AS</arg>
<arg>AT</arg>
<arg>AU</arg>
<arg>AW</arg>
<arg>AX</arg>
<arg>AZ</arg>
<arg>BA</arg>
<arg>BB</arg>
<arg>BD</arg>
<arg>BE</arg>
<arg>BF</arg>
<arg>BG</arg>
<arg>BH</arg>
<arg>BI</arg>
<arg>BJ</arg>
<arg>BL</arg>
<arg>BM</arg>
<arg>BN</arg>
<arg>BO</arg>
<arg>BQ</arg>
<arg>BR</arg>
<arg>BS</arg>
<arg>BT</arg>
<arg>BV</arg>
<arg>BW</arg>
<arg>BY</arg>
<arg>BZ</arg>
<arg>CA</arg>
<arg>CC</arg>
<arg>CD</arg>
<arg>CF</arg>
<arg>CG</arg>
<arg>CH</arg>
<arg>CI</arg>
<arg>CK</arg>
<arg>CL</arg>
<arg>CM</arg>
<arg>CN</arg>
<arg>CO</arg>
<arg>CR</arg>
<arg>CU</arg>
<arg>CV</arg>
<arg>CW</arg>
<arg>CX</arg>
<arg>CY</arg>
<arg>CZ</arg>
<arg>DE</arg>
<arg>DJ</arg>
<arg>DK</arg>
<arg>DM</arg>
<arg>DO</arg>
<arg>DZ</arg>
<arg>EC</arg>
<arg>EE</arg>
<arg>EG</arg>
<arg>EH</arg>
<arg>ER</arg>
<arg>ES</arg>
<arg>ET</arg>
<arg>FI</arg>
<arg>FJ</arg>
<arg>FK</arg>
<arg>FM</arg>
<arg>FO</arg>
<arg>FR</arg>
<arg>GA</arg>
<arg>GB</arg>
<arg>GD</arg>
<arg>GE</arg>
<arg>GF</arg>
<arg>GG</arg>
<arg>GH</arg>
<arg>GI</arg>
<arg>GL</arg>
<arg>GM</arg>
<arg>GN</arg>
<arg>GP</arg>
<arg>GQ</arg>
<arg>GR</arg>
<arg>GS</arg>
<arg>GT</arg>
<arg>GU</arg>
<arg>GW</arg>
<arg>GY</arg>
<arg>HK</arg>
<arg>HM</arg>
<arg>HN</arg>
<arg>HR</arg>
<arg>HT</arg>
<arg>HU</arg>
<arg>ID</arg>
<arg>IE</arg>
<arg>IL</arg>
<arg>IM</arg>
<arg>IN</arg>
<arg>IO</arg>
<arg>IQ</arg>
<arg>IR</arg>
<arg>IS</arg>
<arg>IT</arg>
<arg>JE</arg>
<arg>JM</arg>
<arg>JO</arg>
<arg>JP</arg>
<arg>KE</arg>
<arg>KG</arg>
<arg>KH</arg>
<arg>KI</arg>
<arg>KM</arg>
<arg>KN</arg>
<arg>KP</arg>
<arg>KR</arg>
<arg>KW</arg>
<arg>KY</arg>
<arg>KZ</arg>
<arg>LA</arg>
<arg>LB</arg>
<arg>LC</arg>
<arg>LI</arg>
<arg>LK</arg>
<arg>LR</arg>
<arg>LS</arg>
<arg>LT</arg>
<arg>LU</arg>
<arg>LV</arg>
<arg>LY</arg>
<arg>MA</arg>
<arg>MC</arg>
<arg>MD</arg>
<arg>ME</arg>
<arg>MF</arg>
<arg>MG</arg>
<arg>MH</arg>
<arg>MK</arg>
<arg>ML</arg>
<arg>MM</arg>
<arg>MN</arg>
<arg>MO</arg>
<arg>MP</arg>
<arg>MQ</arg>
<arg>MR</arg>
<arg>MS</arg>
<arg>MT</arg>
<arg>MU</arg>
<arg>MV</arg>
<arg>MW</arg>
<arg>MX</arg>
<arg>MY</arg>
<arg>MZ</arg>
<arg>NA</arg>
<arg>NC</arg>
<arg>NE</arg>
<arg>NF</arg>
<arg>NG</arg>
<arg>NI</arg>
<arg>NL</arg>
<arg>NO</arg>
<arg>NP</arg>
<arg>NR</arg>
<arg>NU</arg>
<arg>NZ</arg>
<arg>OM</arg>
<arg>PA</arg>
<arg>PE</arg>
<arg>PF</arg>
<arg>PG</arg>
<arg>PH</arg>
<arg>PK</arg>
<arg>PL</arg>
<arg>PM</arg>
<arg>PN</arg>
<arg>PR</arg>
<arg>PS</arg>
<arg>PT</arg>
<arg>PW</arg>
<arg>PY</arg>
<arg>QA</arg>
<arg>RE</arg>
<arg>RO</arg>
<arg>RS</arg>
<arg>RU</arg>
<arg>RW</arg>
<arg>SA</arg>
<arg>SB</arg>
<arg>SC</arg>
<arg>SD</arg>
<arg>SE</arg>
<arg>SG</arg>
<arg>SH</arg>
<arg>SI</arg>
<arg>SJ</arg>
<arg>SK</arg>
<arg>SL</arg>
<arg>SM</arg>
<arg>SN</arg>
<arg>SO</arg>
<arg>SR</arg>
<arg>SS</arg>
<arg>ST</arg>
<arg>SV</arg>
<arg>SX</arg>
<arg>SY</arg>
<arg>SZ</arg>
<arg>TC</arg>
<arg>TD</arg>
<arg>TF</arg>
<arg>TG</arg>
<arg>TH</arg>
<arg>TJ</arg>
<arg>TK</arg>
<arg>TL</arg>
<arg>TM</arg>
<arg>TN</arg>
<arg>TO</arg>
<arg>TR</arg>
<arg>TT</arg>
<arg>TV</arg>
<arg>TW</arg>
<arg>TZ</arg>
<arg>UA</arg>
<arg>UG</arg>
<arg>UM</arg>
<arg>US</arg>
<arg>UY</arg>
<arg>UZ</arg>
<arg>VA</arg>
<arg>VC</arg>
<arg>VE</arg>
<arg>VG</arg>
<arg>VI</arg>
<arg>VN</arg>
<arg>VU</arg>
<arg>WF</arg>
<arg>WS</arg>
<arg>XK</arg>
<arg>YE</arg>
<arg>YT</arg>
<arg>ZA</arg>
<arg>ZM</arg>
<arg>ZW</arg>
<doc>Returns a list containing given items.</doc>
<status status="PASS" start="2024-06-20T10:15:48.025808" elapsed="0.000654"/>
</kw>
<kw name="List Should Contain Value" owner="Collections">
<arg>${list_country}</arg>
<arg>${name_country}</arg>
<doc>Fails if the ``value`` is not found from ``list``.</doc>
<status status="PASS" start="2024-06-20T10:15:48.027250" elapsed="0.000203"/>
</kw>
<kw name="Run Keyword If" owner="BuiltIn">
<kw name="Should Be True" owner="BuiltIn">
<arg>${True}</arg>
<doc>Fails if the given condition is not true.</doc>
<status status="PASS" start="2024-06-20T10:15:48.028371" elapsed="0.000138"/>
</kw>
<arg>${json_data["results"][0]["location"]["coordinates"]["latitude"]} &gt;= -90 and ${json_data["results"][0]["location"]["coordinates"]["latitude"]} &lt;= 90</arg>
<arg>Should Be True</arg>
<arg>${True}</arg>
<doc>Runs the given keyword with the given arguments, if ``condition`` is true.</doc>
<status status="PASS" start="2024-06-20T10:15:48.027646" elapsed="0.000988"/>
</kw>
<kw name="Run Keyword If" owner="BuiltIn">
<kw name="Should Be True" owner="BuiltIn">
<arg>${True}</arg>
<doc>Fails if the given condition is not true.</doc>
<status status="PASS" start="2024-06-20T10:15:48.029491" elapsed="0.000133"/>
</kw>
<arg>${json_data["results"][0]["location"]["coordinates"]["longitude"]} &gt;= -180 and ${json_data["results"][0]["location"]["coordinates"]["longitude"]} &lt;= 180</arg>
<arg>Should Be True</arg>
<arg>${True}</arg>
<doc>Runs the given keyword with the given arguments, if ``condition`` is true.</doc>
<status status="PASS" start="2024-06-20T10:15:48.028815" elapsed="0.000931"/>
</kw>
<status status="PASS" start="2024-06-20T10:15:47.909730" elapsed="0.120194"/>
</kw>
<doc>Testa o conteúdo específico dos campos retornados pela API.</doc>
<tag>testeConteudo</tag>
<status status="PASS" start="2024-06-20T10:15:47.909272" elapsed="0.120808"/>
</test>
<status status="PASS" start="2024-06-20T10:15:47.059459" elapsed="0.972589"/>
</suite>
<status status="PASS" start="2024-06-20T10:15:47.045299" elapsed="0.992046"/>
</suite>
<statistics>
<total>
<stat pass="5" fail="0" skip="0">All Tests</stat>
</total>
<tag>
<stat pass="1" fail="0" skip="0">testeConteudo</stat>
<stat pass="1" fail="0" skip="0">testeEstruturaResposta</stat>
<stat pass="1" fail="0" skip="0">testeRequisicaoBasica</stat>
<stat pass="1" fail="0" skip="0">testeTiposDados</stat>
</tag>
<suite>
<stat pass="5" fail="0" skip="0" id="s1" name="Tests">Tests</stat>
<stat pass="5" fail="0" skip="0" id="s1-s1" name="Random-User-Test">Tests.Random-User-Test</stat>
</suite>
</statistics>
<errors>
</errors>
</robot>
