<?xml version="1.0" encoding="UTF-8"?>
<robot generator="Robot 7.0 (Python 3.12.2 on linux)" generated="2024-03-22T16:17:45.885420" rpa="false" schemaversion="5">
<suite id="s1" name="Tests" source="/home/runner/work/DesafioQAItauRogerioJordao/DesafioQAItauRogerioJordao/RamdonUser/tests">
<suite id="s1-s1" name="Random-User-Test" source="/home/runner/work/DesafioQAItauRogerioJordao/DesafioQAItauRogerioJordao/RamdonUser/tests/random-user-test.robot">
<test id="s1-s1-t1" name="Conectar" line="13">
<kw name="Conectar API" owner="random-user-service">
<kw name="Create Session" owner="RequestsLibrary">
<msg time="2024-03-22T16:17:46.249176" level="INFO">Creating Session using : alias=consultarAPI, url=https://randomuser.me/, headers={},                     cookies={}, auth=None, timeout=None, proxies=None, verify=False,                     debug=0 </msg>
<arg>consultarAPI</arg>
<arg>${URL}</arg>
<doc>Create Session: create a HTTP session to a server</doc>
<status status="PASS" start="2024-03-22T16:17:46.248971" elapsed="0.000398"/>
</kw>
<status status="PASS" start="2024-03-22T16:17:46.247910" elapsed="0.001839"/>
</kw>
<status status="PASS" start="2024-03-22T16:17:46.247258" elapsed="0.002702"/>
</test>
<test id="s1-s1-t2" name="Validar retorno 200 e JSON Válido" line="16">
<kw name="Teste de Requisicao Basica" owner="random-user-service">
<kw name="GET On Session" owner="RequestsLibrary">
<msg time="2024-03-22T16:17:46.544256" level="INFO">GET Request : url=https://randomuser.me/api 
 path_url=/api 
 headers={'User-Agent': 'python-requests/2.31.0', 'Accept-Encoding': 'gzip, deflate', 'Accept': '*/*', 'Connection': 'keep-alive'} 
 body=None 
 </msg>
<msg time="2024-03-22T16:17:46.544405" level="INFO">GET Response : url=https://randomuser.me/api 
 status=200, reason=OK 
 headers={'Date': 'Fri, 22 Mar 2024 16:17:46 GMT', 'Content-Type': 'application/json; charset=utf-8', 'Transfer-Encoding': 'chunked', 'Connection': 'keep-alive', 'X-Powered-By': 'Express', 'Access-Control-Allow-Origin': '*', 'Cache-Control': 'no-cache', 'ETag': 'W/"492-6UfyaleKb35DM1se50K7mJiKRbI"', 'Vary': 'Accept-Encoding', 'Content-Encoding': 'gzip', 'CF-Cache-Status': 'DYNAMIC', 'Report-To': '{"endpoints":[{"url":"https:\\/\\/a.nel.cloudflare.com\\/report\\/v4?s=pkOEdFdL33PkLXPN3g%2FK%2BrCE6Qy0uWonRGkgqlIdkxxf2NTWWQ7E8rv2bQ9IxrfJvtKW8xbzTQaOhJLpyMau0QsAZyZ2vZ2QGNeb2f9OE7l8YsTyXTGr%2B7iGHv%2Fu6O4o"}],"group":"cf-nel","max_age":604800}', 'NEL': '{"success_fraction":0,"report_to":"cf-nel","max_age":604800}', 'Server': 'cloudflare', 'CF-RAY': '86877e685cd256b0-IAD', 'alt-svc': 'h3=":443"; ma=86400'} 
 body={"results":[{"gender":"female","name":{"title":"Mrs","first":"Paula","last":"Baltzersen"},"location":{"street":{"number":2804,"name":"Nordseter terrasse"},"city":"Sessvollmoen","state":"Bergen","country":"Norway","postcode":"9585","coordinates":{"latitude":"40.0639","longitude":"171.2072"},"timezone":{"offset":"+4:00","description":"Abu Dhabi, Muscat, Baku, Tbilisi"}},"email":"paula.baltzersen@example.com","login":{"uuid":"c07949b2-c7ec-4786-a10b-ff932be75909","username":"sadzebra957","password":"2002","salt":"B6UBHzjg","md5":"50c253f19821a7cd7a5dbc1fe16ef303","sha1":"79c80087621bac2034b41d88437bbca43475333e","sha256":"316e01b7832f6d37831e4baaaf323089b6447e74241b417a225f45b2f72db803"},"dob":{"date":"1977-12-14T07:06:35.240Z","age":46},"registered":{"date":"2006-06-14T15:54:25.637Z","age":17},"phone":"78435053","cell":"99609977","id":{"name":"FN","value":"14127714801"},"picture":{"large":"https://randomuser.me/api/portraits/women/17.jpg","medium":"https://randomuser.me/api/portraits/med/women/17.jpg","thumbnail":"https://randomuser.me/api/portraits/thumb/women/17.jpg"},"nat":"NO"}],"info":{"seed":"a034aedad335ff63","results":1,"page":1,"version":"1.4"}} 
 </msg>
<msg time="2024-03-22T16:17:46.544511" level="INFO">/opt/hostedtoolcache/Python/3.12.2/x64/lib/python3.12/site-packages/urllib3/connectionpool.py:1103: InsecureRequestWarning: Unverified HTTPS request is being made to host 'randomuser.me'. Adding certificate verification is strongly advised. See: https://urllib3.readthedocs.io/en/latest/advanced-usage.html#tls-warnings
  warnings.warn(</msg>
<msg time="2024-03-22T16:17:46.544660" level="INFO">${response} = &lt;Response [200]&gt;</msg>
<var>${response}</var>
<arg>consultarAPI</arg>
<arg>/api</arg>
<doc>Sends a GET request on a previously created HTTP Session.</doc>
<status status="PASS" start="2024-03-22T16:17:46.252670" elapsed="0.292030"/>
</kw>
<kw name="Should Be Equal As Numbers" owner="BuiltIn">
<msg time="2024-03-22T16:17:46.545703" level="INFO">Argument types are:
&lt;class 'int'&gt;
&lt;class 'str'&gt;</msg>
<arg>${response.status_code}</arg>
<arg>200</arg>
<doc>Fails if objects are unequal after converting them to real numbers.</doc>
<status status="PASS" start="2024-03-22T16:17:46.545243" elapsed="0.000525"/>
</kw>
<kw name="Log" owner="BuiltIn">
<msg time="2024-03-22T16:17:46.546474" level="INFO">200</msg>
<arg>${response.status_code}</arg>
<doc>Logs the given message with the given level.</doc>
<status status="PASS" start="2024-03-22T16:17:46.546090" elapsed="0.000428"/>
</kw>
<kw name="Set Variable" owner="BuiltIn">
<msg time="2024-03-22T16:17:46.547298" level="INFO">${json_data} = {'results': [{'gender': 'female', 'name': {'title': 'Mrs', 'first': 'Paula', 'last': 'Baltzersen'}, 'location': {'street': {'number': 2804, 'name': 'Nordseter terrasse'}, 'city': 'Sessvollmoen', 'stat...</msg>
<var>${json_data}</var>
<arg>${response.json()}</arg>
<doc>Returns the given values which can then be assigned to a variables.</doc>
<status status="PASS" start="2024-03-22T16:17:46.546862" elapsed="0.000463"/>
</kw>
<kw name="Dictionary Should Contain Key" owner="Collections">
<msg time="2024-03-22T16:17:46.547796" level="INFO">False</msg>
<arg>${json_data}</arg>
<arg>results</arg>
<doc>Fails if ``key`` is not found from ``dictionary``.</doc>
<status status="PASS" start="2024-03-22T16:17:46.547625" elapsed="0.000210"/>
</kw>
<status status="PASS" start="2024-03-22T16:17:46.252412" elapsed="0.295682"/>
</kw>
<doc>Testa se a API responde corretamente e retorna um objeto JSON válido.</doc>
<tag>testeRequisicaoBasica</tag>
<status status="PASS" start="2024-03-22T16:17:46.251851" elapsed="0.296430"/>
</test>
<test id="s1-s1-t3" name="Validar estrutura de resposta" line="22">
<kw name="Teste de Estrutura de Resposta" owner="random-user-service">
<kw name="GET On Session" owner="RequestsLibrary">
<msg time="2024-03-22T16:17:46.602535" level="INFO">GET Request : url=https://randomuser.me/api 
 path_url=/api 
 headers={'User-Agent': 'python-requests/2.31.0', 'Accept-Encoding': 'gzip, deflate', 'Accept': '*/*', 'Connection': 'keep-alive'} 
 body=None 
 </msg>
<msg time="2024-03-22T16:17:46.602628" level="INFO">GET Response : url=https://randomuser.me/api 
 status=200, reason=OK 
 headers={'Date': 'Fri, 22 Mar 2024 16:17:46 GMT', 'Content-Type': 'application/json; charset=utf-8', 'Transfer-Encoding': 'chunked', 'Connection': 'keep-alive', 'X-Powered-By': 'Express', 'Access-Control-Allow-Origin': '*', 'Cache-Control': 'no-cache', 'ETag': 'W/"46b-FKdoq5mWG0gJyLN3wCVzCuBdmCw"', 'Vary': 'Accept-Encoding', 'Content-Encoding': 'gzip', 'CF-Cache-Status': 'DYNAMIC', 'Report-To': '{"endpoints":[{"url":"https:\\/\\/a.nel.cloudflare.com\\/report\\/v4?s=dURQrgaqNSuHpZgOoUrPDJZBBa9aACz302AIed%2Bvx9SQc9505uBs7exsOSbjGkLHRBGd0BF2cfFnMDjXIrM5Dba0tbVL0yuwHi1Hx%2FgFAOwTs9EGGV7WOrP2demsVdtf"}],"group":"cf-nel","max_age":604800}', 'NEL': '{"success_fraction":0,"report_to":"cf-nel","max_age":604800}', 'Server': 'cloudflare', 'CF-RAY': '86877e69fe8856b0-IAD', 'alt-svc': 'h3=":443"; ma=86400'} 
 body={"results":[{"gender":"female","name":{"title":"Ms","first":"Lillian","last":"Henry"},"location":{"street":{"number":5594,"name":"Mill Lane"},"city":"Malahide","state":"Offaly","country":"Ireland","postcode":26205,"coordinates":{"latitude":"1.2338","longitude":"8.5322"},"timezone":{"offset":"-10:00","description":"Hawaii"}},"email":"lillian.henry@example.com","login":{"uuid":"96b1869b-2f61-4092-a04d-402309e94fa1","username":"ticklishfish145","password":"dogcat","salt":"7yfdKhja","md5":"d5cdbab8153b0a1f39a6c526e0ac5739","sha1":"b81f5994747aac93dafd1f864eeb400f0509d8bf","sha256":"d4f819141d27e7b0a70f2994c95061e634be0b2c7606030cc8874b7ee43cbf1c"},"dob":{"date":"1953-01-23T21:20:37.973Z","age":71},"registered":{"date":"2006-01-07T22:47:28.090Z","age":18},"phone":"051-952-9610","cell":"081-482-1742","id":{"name":"PPS","value":"9413951T"},"picture":{"large":"https://randomuser.me/api/portraits/women/5.jpg","medium":"https://randomuser.me/api/portraits/med/women/5.jpg","thumbnail":"https://randomuser.me/api/portraits/thumb/women/5.jpg"},"nat":"IE"}],"info":{"seed":"22cd4867c83d038a","results":1,"page":1,"version":"1.4"}} 
 </msg>
<msg time="2024-03-22T16:17:46.602770" level="INFO">/opt/hostedtoolcache/Python/3.12.2/x64/lib/python3.12/site-packages/urllib3/connectionpool.py:1103: InsecureRequestWarning: Unverified HTTPS request is being made to host 'randomuser.me'. Adding certificate verification is strongly advised. See: https://urllib3.readthedocs.io/en/latest/advanced-usage.html#tls-warnings
  warnings.warn(</msg>
<msg time="2024-03-22T16:17:46.602895" level="INFO">${response} = &lt;Response [200]&gt;</msg>
<var>${response}</var>
<arg>consultarAPI</arg>
<arg>/api</arg>
<doc>Sends a GET request on a previously created HTTP Session.</doc>
<status status="PASS" start="2024-03-22T16:17:46.551110" elapsed="0.051834"/>
</kw>
<kw name="Set Variable" owner="BuiltIn">
<msg time="2024-03-22T16:17:46.603880" level="INFO">${json_data} = {'results': [{'gender': 'female', 'name': {'title': 'Ms', 'first': 'Lillian', 'last': 'Henry'}, 'location': {'street': {'number': 5594, 'name': 'Mill Lane'}, 'city': 'Malahide', 'state': 'Offaly', 'co...</msg>
<var>${json_data}</var>
<arg>${response.json()}</arg>
<doc>Returns the given values which can then be assigned to a variables.</doc>
<status status="PASS" start="2024-03-22T16:17:46.603392" elapsed="0.000517"/>
</kw>
<kw name="Log" owner="BuiltIn">
<msg time="2024-03-22T16:17:46.604404" level="INFO">{'results': [{'gender': 'female', 'name': {'title': 'Ms', 'first': 'Lillian', 'last': 'Henry'}, 'location': {'street': {'number': 5594, 'name': 'Mill Lane'}, 'city': 'Malahide', 'state': 'Offaly', 'country': 'Ireland', 'postcode': 26205, 'coordinates': {'latitude': '1.2338', 'longitude': '8.5322'}, 'timezone': {'offset': '-10:00', 'description': 'Hawaii'}}, 'email': 'lillian.henry@example.com', 'login': {'uuid': '96b1869b-2f61-4092-a04d-402309e94fa1', 'username': 'ticklishfish145', 'password': 'dogcat', 'salt': '7yfdKhja', 'md5': 'd5cdbab8153b0a1f39a6c526e0ac5739', 'sha1': 'b81f5994747aac93dafd1f864eeb400f0509d8bf', 'sha256': 'd4f819141d27e7b0a70f2994c95061e634be0b2c7606030cc8874b7ee43cbf1c'}, 'dob': {'date': '1953-01-23T21:20:37.973Z', 'age': 71}, 'registered': {'date': '2006-01-07T22:47:28.090Z', 'age': 18}, 'phone': '051-952-9610', 'cell': '081-482-1742', 'id': {'name': 'PPS', 'value': '9413951T'}, 'picture': {'large': 'https://randomuser.me/api/portraits/women/5.jpg', 'medium': 'https://randomuser.me/api/portraits/med/women/5.jpg', 'thumbnail': 'https://randomuser.me/api/portraits/thumb/women/5.jpg'}, 'nat': 'IE'}], 'info': {'seed': '22cd4867c83d038a', 'results': 1, 'page': 1, 'version': '1.4'}}</msg>
<arg>${json_data}</arg>
<doc>Logs the given message with the given level.</doc>
<status status="PASS" start="2024-03-22T16:17:46.604244" elapsed="0.000209"/>
</kw>
<kw name="Dictionary Should Contain Key" owner="Collections">
<msg time="2024-03-22T16:17:46.604900" level="INFO">False</msg>
<arg>${json_data}</arg>
<arg>results</arg>
<doc>Fails if ``key`` is not found from ``dictionary``.</doc>
<status status="PASS" start="2024-03-22T16:17:46.604746" elapsed="0.000191"/>
</kw>
<kw name="Should Not Be Empty" owner="BuiltIn">
<msg time="2024-03-22T16:17:46.605362" level="INFO">Length is 2.</msg>
<arg>${json_data}</arg>
<doc>Verifies that the given item is not empty.</doc>
<status status="PASS" start="2024-03-22T16:17:46.605230" elapsed="0.000171"/>
</kw>
<kw name="Create List" owner="BuiltIn">
<msg time="2024-03-22T16:17:46.605837" level="INFO">${expected_keys} = ['gender', 'name', 'location', 'email', 'login']</msg>
<var>${expected_keys}</var>
<arg>gender</arg>
<arg>name</arg>
<arg>location</arg>
<arg>email</arg>
<arg>login</arg>
<doc>Returns a list containing given items.</doc>
<status status="PASS" start="2024-03-22T16:17:46.605689" elapsed="0.000173"/>
</kw>
<for flavor="IN">
<iter>
<kw name="Dictionary Should Contain Key" owner="Collections">
<msg time="2024-03-22T16:17:46.606871" level="INFO">False</msg>
<arg>${json_data['results'][0]}</arg>
<arg>${key}</arg>
<doc>Fails if ``key`` is not found from ``dictionary``.</doc>
<status status="PASS" start="2024-03-22T16:17:46.606465" elapsed="0.000446"/>
</kw>
<kw name="Log" owner="BuiltIn">
<msg time="2024-03-22T16:17:46.607604" level="INFO">{'gender': 'female', 'name': {'title': 'Ms', 'first': 'Lillian', 'last': 'Henry'}, 'location': {'street': {'number': 5594, 'name': 'Mill Lane'}, 'city': 'Malahide', 'state': 'Offaly', 'country': 'Ireland', 'postcode': 26205, 'coordinates': {'latitude': '1.2338', 'longitude': '8.5322'}, 'timezone': {'offset': '-10:00', 'description': 'Hawaii'}}, 'email': 'lillian.henry@example.com', 'login': {'uuid': '96b1869b-2f61-4092-a04d-402309e94fa1', 'username': 'ticklishfish145', 'password': 'dogcat', 'salt': '7yfdKhja', 'md5': 'd5cdbab8153b0a1f39a6c526e0ac5739', 'sha1': 'b81f5994747aac93dafd1f864eeb400f0509d8bf', 'sha256': 'd4f819141d27e7b0a70f2994c95061e634be0b2c7606030cc8874b7ee43cbf1c'}, 'dob': {'date': '1953-01-23T21:20:37.973Z', 'age': 71}, 'registered': {'date': '2006-01-07T22:47:28.090Z', 'age': 18}, 'phone': '051-952-9610', 'cell': '081-482-1742', 'id': {'name': 'PPS', 'value': '9413951T'}, 'picture': {'large': 'https://randomuser.me/api/portraits/women/5.jpg', 'medium': 'https://randomuser.me/api/portraits/med/women/5.jpg', 'thumbnail': 'https://randomuser.me/api/portraits/thumb/women/5.jpg'}, 'nat': 'IE'}</msg>
<arg>${json_data['results'][0]}</arg>
<doc>Logs the given message with the given level.</doc>
<status status="PASS" start="2024-03-22T16:17:46.607222" elapsed="0.000436"/>
</kw>
<kw name="Log" owner="BuiltIn">
<msg time="2024-03-22T16:17:46.608095" level="INFO">gender</msg>
<arg>${key}</arg>
<doc>Logs the given message with the given level.</doc>
<status status="PASS" start="2024-03-22T16:17:46.607963" elapsed="0.000170"/>
</kw>
<var name="${key}">gender</var>
<status status="PASS" start="2024-03-22T16:17:46.606339" elapsed="0.002021"/>
</iter>
<iter>
<kw name="Dictionary Should Contain Key" owner="Collections">
<msg time="2024-03-22T16:17:46.609037" level="INFO">False</msg>
<arg>${json_data['results'][0]}</arg>
<arg>${key}</arg>
<doc>Fails if ``key`` is not found from ``dictionary``.</doc>
<status status="PASS" start="2024-03-22T16:17:46.608661" elapsed="0.000413"/>
</kw>
<kw name="Log" owner="BuiltIn">
<msg time="2024-03-22T16:17:46.609766" level="INFO">{'gender': 'female', 'name': {'title': 'Ms', 'first': 'Lillian', 'last': 'Henry'}, 'location': {'street': {'number': 5594, 'name': 'Mill Lane'}, 'city': 'Malahide', 'state': 'Offaly', 'country': 'Ireland', 'postcode': 26205, 'coordinates': {'latitude': '1.2338', 'longitude': '8.5322'}, 'timezone': {'offset': '-10:00', 'description': 'Hawaii'}}, 'email': 'lillian.henry@example.com', 'login': {'uuid': '96b1869b-2f61-4092-a04d-402309e94fa1', 'username': 'ticklishfish145', 'password': 'dogcat', 'salt': '7yfdKhja', 'md5': 'd5cdbab8153b0a1f39a6c526e0ac5739', 'sha1': 'b81f5994747aac93dafd1f864eeb400f0509d8bf', 'sha256': 'd4f819141d27e7b0a70f2994c95061e634be0b2c7606030cc8874b7ee43cbf1c'}, 'dob': {'date': '1953-01-23T21:20:37.973Z', 'age': 71}, 'registered': {'date': '2006-01-07T22:47:28.090Z', 'age': 18}, 'phone': '051-952-9610', 'cell': '081-482-1742', 'id': {'name': 'PPS', 'value': '9413951T'}, 'picture': {'large': 'https://randomuser.me/api/portraits/women/5.jpg', 'medium': 'https://randomuser.me/api/portraits/med/women/5.jpg', 'thumbnail': 'https://randomuser.me/api/portraits/thumb/women/5.jpg'}, 'nat': 'IE'}</msg>
<arg>${json_data['results'][0]}</arg>
<doc>Logs the given message with the given level.</doc>
<status status="PASS" start="2024-03-22T16:17:46.609404" elapsed="0.000410"/>
</kw>
<kw name="Log" owner="BuiltIn">
<msg time="2024-03-22T16:17:46.610264" level="INFO">name</msg>
<arg>${key}</arg>
<doc>Logs the given message with the given level.</doc>
<status status="PASS" start="2024-03-22T16:17:46.610113" elapsed="0.000191"/>
</kw>
<var name="${key}">name</var>
<status status="PASS" start="2024-03-22T16:17:46.608547" elapsed="0.001975"/>
</iter>
<iter>
<kw name="Dictionary Should Contain Key" owner="Collections">
<msg time="2024-03-22T16:17:46.611197" level="INFO">False</msg>
<arg>${json_data['results'][0]}</arg>
<arg>${key}</arg>
<doc>Fails if ``key`` is not found from ``dictionary``.</doc>
<status status="PASS" start="2024-03-22T16:17:46.610814" elapsed="0.000421"/>
</kw>
<kw name="Log" owner="BuiltIn">
<msg time="2024-03-22T16:17:46.611895" level="INFO">{'gender': 'female', 'name': {'title': 'Ms', 'first': 'Lillian', 'last': 'Henry'}, 'location': {'street': {'number': 5594, 'name': 'Mill Lane'}, 'city': 'Malahide', 'state': 'Offaly', 'country': 'Ireland', 'postcode': 26205, 'coordinates': {'latitude': '1.2338', 'longitude': '8.5322'}, 'timezone': {'offset': '-10:00', 'description': 'Hawaii'}}, 'email': 'lillian.henry@example.com', 'login': {'uuid': '96b1869b-2f61-4092-a04d-402309e94fa1', 'username': 'ticklishfish145', 'password': 'dogcat', 'salt': '7yfdKhja', 'md5': 'd5cdbab8153b0a1f39a6c526e0ac5739', 'sha1': 'b81f5994747aac93dafd1f864eeb400f0509d8bf', 'sha256': 'd4f819141d27e7b0a70f2994c95061e634be0b2c7606030cc8874b7ee43cbf1c'}, 'dob': {'date': '1953-01-23T21:20:37.973Z', 'age': 71}, 'registered': {'date': '2006-01-07T22:47:28.090Z', 'age': 18}, 'phone': '051-952-9610', 'cell': '081-482-1742', 'id': {'name': 'PPS', 'value': '9413951T'}, 'picture': {'large': 'https://randomuser.me/api/portraits/women/5.jpg', 'medium': 'https://randomuser.me/api/portraits/med/women/5.jpg', 'thumbnail': 'https://randomuser.me/api/portraits/thumb/women/5.jpg'}, 'nat': 'IE'}</msg>
<arg>${json_data['results'][0]}</arg>
<doc>Logs the given message with the given level.</doc>
<status status="PASS" start="2024-03-22T16:17:46.611533" elapsed="0.000413"/>
</kw>
<kw name="Log" owner="BuiltIn">
<msg time="2024-03-22T16:17:46.612382" level="INFO">location</msg>
<arg>${key}</arg>
<doc>Logs the given message with the given level.</doc>
<status status="PASS" start="2024-03-22T16:17:46.612235" elapsed="0.000187"/>
</kw>
<var name="${key}">location</var>
<status status="PASS" start="2024-03-22T16:17:46.610702" elapsed="0.001937"/>
</iter>
<iter>
<kw name="Dictionary Should Contain Key" owner="Collections">
<msg time="2024-03-22T16:17:46.613292" level="INFO">False</msg>
<arg>${json_data['results'][0]}</arg>
<arg>${key}</arg>
<doc>Fails if ``key`` is not found from ``dictionary``.</doc>
<status status="PASS" start="2024-03-22T16:17:46.612920" elapsed="0.000410"/>
</kw>
<kw name="Log" owner="BuiltIn">
<msg time="2024-03-22T16:17:46.613986" level="INFO">{'gender': 'female', 'name': {'title': 'Ms', 'first': 'Lillian', 'last': 'Henry'}, 'location': {'street': {'number': 5594, 'name': 'Mill Lane'}, 'city': 'Malahide', 'state': 'Offaly', 'country': 'Ireland', 'postcode': 26205, 'coordinates': {'latitude': '1.2338', 'longitude': '8.5322'}, 'timezone': {'offset': '-10:00', 'description': 'Hawaii'}}, 'email': 'lillian.henry@example.com', 'login': {'uuid': '96b1869b-2f61-4092-a04d-402309e94fa1', 'username': 'ticklishfish145', 'password': 'dogcat', 'salt': '7yfdKhja', 'md5': 'd5cdbab8153b0a1f39a6c526e0ac5739', 'sha1': 'b81f5994747aac93dafd1f864eeb400f0509d8bf', 'sha256': 'd4f819141d27e7b0a70f2994c95061e634be0b2c7606030cc8874b7ee43cbf1c'}, 'dob': {'date': '1953-01-23T21:20:37.973Z', 'age': 71}, 'registered': {'date': '2006-01-07T22:47:28.090Z', 'age': 18}, 'phone': '051-952-9610', 'cell': '081-482-1742', 'id': {'name': 'PPS', 'value': '9413951T'}, 'picture': {'large': 'https://randomuser.me/api/portraits/women/5.jpg', 'medium': 'https://randomuser.me/api/portraits/med/women/5.jpg', 'thumbnail': 'https://randomuser.me/api/portraits/thumb/women/5.jpg'}, 'nat': 'IE'}</msg>
<arg>${json_data['results'][0]}</arg>
<doc>Logs the given message with the given level.</doc>
<status status="PASS" start="2024-03-22T16:17:46.613626" elapsed="0.000406"/>
</kw>
<kw name="Log" owner="BuiltIn">
<msg time="2024-03-22T16:17:46.614510" level="INFO">email</msg>
<arg>${key}</arg>
<doc>Logs the given message with the given level.</doc>
<status status="PASS" start="2024-03-22T16:17:46.614343" elapsed="0.000219"/>
</kw>
<var name="${key}">email</var>
<status status="PASS" start="2024-03-22T16:17:46.612809" elapsed="0.001988"/>
</iter>
<iter>
<kw name="Dictionary Should Contain Key" owner="Collections">
<msg time="2024-03-22T16:17:46.615472" level="INFO">False</msg>
<arg>${json_data['results'][0]}</arg>
<arg>${key}</arg>
<doc>Fails if ``key`` is not found from ``dictionary``.</doc>
<status status="PASS" start="2024-03-22T16:17:46.615092" elapsed="0.000418"/>
</kw>
<kw name="Log" owner="BuiltIn">
<msg time="2024-03-22T16:17:46.616153" level="INFO">{'gender': 'female', 'name': {'title': 'Ms', 'first': 'Lillian', 'last': 'Henry'}, 'location': {'street': {'number': 5594, 'name': 'Mill Lane'}, 'city': 'Malahide', 'state': 'Offaly', 'country': 'Ireland', 'postcode': 26205, 'coordinates': {'latitude': '1.2338', 'longitude': '8.5322'}, 'timezone': {'offset': '-10:00', 'description': 'Hawaii'}}, 'email': 'lillian.henry@example.com', 'login': {'uuid': '96b1869b-2f61-4092-a04d-402309e94fa1', 'username': 'ticklishfish145', 'password': 'dogcat', 'salt': '7yfdKhja', 'md5': 'd5cdbab8153b0a1f39a6c526e0ac5739', 'sha1': 'b81f5994747aac93dafd1f864eeb400f0509d8bf', 'sha256': 'd4f819141d27e7b0a70f2994c95061e634be0b2c7606030cc8874b7ee43cbf1c'}, 'dob': {'date': '1953-01-23T21:20:37.973Z', 'age': 71}, 'registered': {'date': '2006-01-07T22:47:28.090Z', 'age': 18}, 'phone': '051-952-9610', 'cell': '081-482-1742', 'id': {'name': 'PPS', 'value': '9413951T'}, 'picture': {'large': 'https://randomuser.me/api/portraits/women/5.jpg', 'medium': 'https://randomuser.me/api/portraits/med/women/5.jpg', 'thumbnail': 'https://randomuser.me/api/portraits/thumb/women/5.jpg'}, 'nat': 'IE'}</msg>
<arg>${json_data['results'][0]}</arg>
<doc>Logs the given message with the given level.</doc>
<status status="PASS" start="2024-03-22T16:17:46.615801" elapsed="0.000398"/>
</kw>
<kw name="Log" owner="BuiltIn">
<msg time="2024-03-22T16:17:46.616612" level="INFO">login</msg>
<arg>${key}</arg>
<doc>Logs the given message with the given level.</doc>
<status status="PASS" start="2024-03-22T16:17:46.616486" elapsed="0.000271"/>
</kw>
<var name="${key}">login</var>
<status status="PASS" start="2024-03-22T16:17:46.614973" elapsed="0.002016"/>
</iter>
<var>${key}</var>
<value>@{expected_keys}</value>
<status status="PASS" start="2024-03-22T16:17:46.606120" elapsed="0.010991"/>
</for>
<kw name="Create List" owner="BuiltIn">
<msg time="2024-03-22T16:17:46.617471" level="INFO">${expected_keysTwo} = ['username', 'password']</msg>
<var>${expected_keysTwo}</var>
<arg>username</arg>
<arg>password</arg>
<doc>Returns a list containing given items.</doc>
<status status="PASS" start="2024-03-22T16:17:46.617330" elapsed="0.000165"/>
</kw>
<for flavor="IN">
<iter>
<kw name="Dictionary Should Contain Key" owner="Collections">
<msg time="2024-03-22T16:17:46.618414" level="INFO">False</msg>
<arg>${json_data['results'][0]['login']}</arg>
<arg>${keyTwo}</arg>
<doc>Fails if ``key`` is not found from ``dictionary``.</doc>
<status status="PASS" start="2024-03-22T16:17:46.617999" elapsed="0.000455"/>
</kw>
<kw name="Dictionary Should Contain Key" owner="Collections">
<msg time="2024-03-22T16:17:46.619132" level="INFO">False</msg>
<arg>${json_data['results'][0]['login']}</arg>
<arg>${keyTwo}</arg>
<doc>Fails if ``key`` is not found from ``dictionary``.</doc>
<status status="PASS" start="2024-03-22T16:17:46.618753" elapsed="0.000424"/>
</kw>
<kw name="Log" owner="BuiltIn">
<msg time="2024-03-22T16:17:46.619614" level="INFO">username</msg>
<arg>${keyTwo}</arg>
<doc>Logs the given message with the given level.</doc>
<status status="PASS" start="2024-03-22T16:17:46.619484" elapsed="0.000168"/>
</kw>
<var name="${keyTwo}">username</var>
<status status="PASS" start="2024-03-22T16:17:46.617888" elapsed="0.001978"/>
</iter>
<iter>
<kw name="Dictionary Should Contain Key" owner="Collections">
<msg time="2024-03-22T16:17:46.620559" level="INFO">False</msg>
<arg>${json_data['results'][0]['login']}</arg>
<arg>${keyTwo}</arg>
<doc>Fails if ``key`` is not found from ``dictionary``.</doc>
<status status="PASS" start="2024-03-22T16:17:46.620170" elapsed="0.000427"/>
</kw>
<kw name="Dictionary Should Contain Key" owner="Collections">
<msg time="2024-03-22T16:17:46.621270" level="INFO">False</msg>
<arg>${json_data['results'][0]['login']}</arg>
<arg>${keyTwo}</arg>
<doc>Fails if ``key`` is not found from ``dictionary``.</doc>
<status status="PASS" start="2024-03-22T16:17:46.620891" elapsed="0.000416"/>
</kw>
<kw name="Log" owner="BuiltIn">
<msg time="2024-03-22T16:17:46.621724" level="INFO">password</msg>
<arg>${keyTwo}</arg>
<doc>Logs the given message with the given level.</doc>
<status status="PASS" start="2024-03-22T16:17:46.621596" elapsed="0.000166"/>
</kw>
<var name="${keyTwo}">password</var>
<status status="PASS" start="2024-03-22T16:17:46.620037" elapsed="0.001940"/>
</iter>
<var>${keyTwo}</var>
<value>@{expected_keysTwo}</value>
<status status="PASS" start="2024-03-22T16:17:46.617735" elapsed="0.004362"/>
</for>
<status status="PASS" start="2024-03-22T16:17:46.550871" elapsed="0.071395"/>
</kw>
<doc>Testa a estrutura da resposta da API.</doc>
<tag>testeEstruturaResposta</tag>
<status status="PASS" start="2024-03-22T16:17:46.550100" elapsed="0.072328"/>
</test>
<test id="s1-s1-t4" name="Validar tipos de dados" line="28">
<kw name="Teste de Tipos de Dados" owner="random-user-service">
<kw name="GET On Session" owner="RequestsLibrary">
<msg time="2024-03-22T16:17:46.687702" level="INFO">GET Request : url=https://randomuser.me/api 
 path_url=/api 
 headers={'User-Agent': 'python-requests/2.31.0', 'Accept-Encoding': 'gzip, deflate', 'Accept': '*/*', 'Connection': 'keep-alive'} 
 body=None 
 </msg>
<msg time="2024-03-22T16:17:46.687811" level="INFO">GET Response : url=https://randomuser.me/api 
 status=200, reason=OK 
 headers={'Date': 'Fri, 22 Mar 2024 16:17:46 GMT', 'Content-Type': 'application/json; charset=utf-8', 'Transfer-Encoding': 'chunked', 'Connection': 'keep-alive', 'X-Powered-By': 'Express', 'Access-Control-Allow-Origin': '*', 'Cache-Control': 'no-cache', 'ETag': 'W/"488-viOeh00dmubVpigBMSWgu3g9oh8"', 'Vary': 'Accept-Encoding', 'Content-Encoding': 'gzip', 'CF-Cache-Status': 'DYNAMIC', 'Report-To': '{"endpoints":[{"url":"https:\\/\\/a.nel.cloudflare.com\\/report\\/v4?s=TiDFld%2BUS30Oa4SbW3BNICZa8RNQCWuPGK8YvUCB%2FAgxp6n7qDku2kWtRjV9NjXAGYHGDEZhig74NWRg8fH163Mi8xNd4ArpXdTV6Ra7zL7uuvqWThlEX0UY3V2CeL17"}],"group":"cf-nel","max_age":604800}', 'NEL': '{"success_fraction":0,"report_to":"cf-nel","max_age":604800}', 'Server': 'cloudflare', 'CF-RAY': '86877e6a6f0156b0-IAD', 'alt-svc': 'h3=":443"; ma=86400'} 
 body={"results":[{"gender":"male","name":{"title":"Mr","first":"Lester","last":"Lawrence"},"location":{"street":{"number":8468,"name":"Oak Lawn Ave"},"city":"Ballarat","state":"Victoria","country":"Australia","postcode":1904,"coordinates":{"latitude":"-82.0619","longitude":"-155.3914"},"timezone":{"offset":"+2:00","description":"Kaliningrad, South Africa"}},"email":"lester.lawrence@example.com","login":{"uuid":"988d91d1-8d26-44ca-835c-2a67ebb6a13b","username":"goldenpeacock241","password":"ccccc","salt":"H2iyqWQc","md5":"15a5bc370eb91513e7610f4a676183a5","sha1":"0e69ac18532eb4b123b2a5819b540f8ca28b4428","sha256":"23ef6475c3072c3aa87b205fa740178b4ee7d6bfecb2951566313e3e55066490"},"dob":{"date":"1983-06-19T03:10:51.788Z","age":40},"registered":{"date":"2010-04-17T11:20:07.371Z","age":13},"phone":"09-6746-1270","cell":"0411-750-089","id":{"name":"TFN","value":"476757844"},"picture":{"large":"https://randomuser.me/api/portraits/men/44.jpg","medium":"https://randomuser.me/api/portraits/med/men/44.jpg","thumbnail":"https://randomuser.me/api/portraits/thumb/men/44.jpg"},"nat":"AU"}],"info":{"seed":"f1b1880748e18a42","results":1,"page":1,"version":"1.4"}} 
 </msg>
<msg time="2024-03-22T16:17:46.687891" level="INFO">/opt/hostedtoolcache/Python/3.12.2/x64/lib/python3.12/site-packages/urllib3/connectionpool.py:1103: InsecureRequestWarning: Unverified HTTPS request is being made to host 'randomuser.me'. Adding certificate verification is strongly advised. See: https://urllib3.readthedocs.io/en/latest/advanced-usage.html#tls-warnings
  warnings.warn(</msg>
<msg time="2024-03-22T16:17:46.688029" level="INFO">${response} = &lt;Response [200]&gt;</msg>
<var>${response}</var>
<arg>consultarAPI</arg>
<arg>/api</arg>
<doc>Sends a GET request on a previously created HTTP Session.</doc>
<status status="PASS" start="2024-03-22T16:17:46.624861" elapsed="0.063221"/>
</kw>
<kw name="Set Variable" owner="BuiltIn">
<msg time="2024-03-22T16:17:46.689149" level="INFO">${json_data} = {'results': [{'gender': 'male', 'name': {'title': 'Mr', 'first': 'Lester', 'last': 'Lawrence'}, 'location': {'street': {'number': 8468, 'name': 'Oak Lawn Ave'}, 'city': 'Ballarat', 'state': 'Victoria'...</msg>
<var>${json_data}</var>
<arg>${response.json()}</arg>
<doc>Returns the given values which can then be assigned to a variables.</doc>
<status status="PASS" start="2024-03-22T16:17:46.688626" elapsed="0.000552"/>
</kw>
<kw name="Log" owner="BuiltIn">
<msg time="2024-03-22T16:17:46.689646" level="INFO">{'results': [{'gender': 'male', 'name': {'title': 'Mr', 'first': 'Lester', 'last': 'Lawrence'}, 'location': {'street': {'number': 8468, 'name': 'Oak Lawn Ave'}, 'city': 'Ballarat', 'state': 'Victoria', 'country': 'Australia', 'postcode': 1904, 'coordinates': {'latitude': '-82.0619', 'longitude': '-155.3914'}, 'timezone': {'offset': '+2:00', 'description': 'Kaliningrad, South Africa'}}, 'email': 'lester.lawrence@example.com', 'login': {'uuid': '988d91d1-8d26-44ca-835c-2a67ebb6a13b', 'username': 'goldenpeacock241', 'password': 'ccccc', 'salt': 'H2iyqWQc', 'md5': '15a5bc370eb91513e7610f4a676183a5', 'sha1': '0e69ac18532eb4b123b2a5819b540f8ca28b4428', 'sha256': '23ef6475c3072c3aa87b205fa740178b4ee7d6bfecb2951566313e3e55066490'}, 'dob': {'date': '1983-06-19T03:10:51.788Z', 'age': 40}, 'registered': {'date': '2010-04-17T11:20:07.371Z', 'age': 13}, 'phone': '09-6746-1270', 'cell': '0411-750-089', 'id': {'name': 'TFN', 'value': '476757844'}, 'picture': {'large': 'https://randomuser.me/api/portraits/men/44.jpg', 'medium': 'https://randomuser.me/api/portraits/med/men/44.jpg', 'thumbnail': 'https://randomuser.me/api/portraits/thumb/men/44.jpg'}, 'nat': 'AU'}], 'info': {'seed': 'f1b1880748e18a42', 'results': 1, 'page': 1, 'version': '1.4'}}</msg>
<arg>${json_data}</arg>
<doc>Logs the given message with the given level.</doc>
<status status="PASS" start="2024-03-22T16:17:46.689488" elapsed="0.000206"/>
</kw>
<kw name="Should Be String" owner="String">
<arg>${json_data['results'][0]['gender']}</arg>
<doc>Fails if the given ``item`` is not a string.</doc>
<status status="PASS" start="2024-03-22T16:17:46.690024" elapsed="0.000398"/>
</kw>
<kw name="Should Match Regexp" owner="BuiltIn">
<arg>${json_data['results'][0]['email']}</arg>
<arg>^[a-zA-Z0-9._%+-]+@[a-zA-Z0-9.-]+\.[a-zA-Z]{2,}$</arg>
<doc>Fails if ``string`` does not match ``pattern`` as a regular expression.</doc>
<status status="PASS" start="2024-03-22T16:17:46.690618" elapsed="0.000524"/>
</kw>
<kw name="Should Match Regexp" owner="BuiltIn">
<arg>${json_data['results'][0]['dob']['date']}</arg>
<arg>\\d{4}-\\d{2}-\\d{2}T\\d{2}:\\d{2}:\\d{2}\\.\\d{3}Z</arg>
<doc>Fails if ``string`` does not match ``pattern`` as a regular expression.</doc>
<status status="PASS" start="2024-03-22T16:17:46.691338" elapsed="0.000483"/>
</kw>
<kw name="Should Match Regexp" owner="BuiltIn">
<arg>${json_data['results'][0]['registered']['date']}</arg>
<arg>\\d{4}-\\d{2}-\\d{2}T\\d{2}:\\d{2}:\\d{2}\\.\\d{3}Z</arg>
<doc>Fails if ``string`` does not match ``pattern`` as a regular expression.</doc>
<status status="PASS" start="2024-03-22T16:17:46.692012" elapsed="0.000368"/>
</kw>
<kw name="Should Match Regexp" owner="BuiltIn">
<arg>${json_data['results'][0]['picture']['large']}</arg>
<arg>^https?://.*\.(?:png|jpe?g|gif|bmp)$</arg>
<doc>Fails if ``string`` does not match ``pattern`` as a regular expression.</doc>
<status status="PASS" start="2024-03-22T16:17:46.692569" elapsed="0.000467"/>
</kw>
<kw name="Should Match Regexp" owner="BuiltIn">
<arg>${json_data['results'][0]['picture']['medium']}</arg>
<arg>^https?://.*\.(?:png|jpe?g|gif|bmp)$</arg>
<doc>Fails if ``string`` does not match ``pattern`` as a regular expression.</doc>
<status status="PASS" start="2024-03-22T16:17:46.693224" elapsed="0.000357"/>
</kw>
<kw name="Should Match Regexp" owner="BuiltIn">
<arg>${json_data['results'][0]['picture']['thumbnail']}</arg>
<arg>^https?://.*\.(?:png|jpe?g|gif|bmp)$</arg>
<doc>Fails if ``string`` does not match ``pattern`` as a regular expression.</doc>
<status status="PASS" start="2024-03-22T16:17:46.693767" elapsed="0.000350"/>
</kw>
<kw name="Log" owner="BuiltIn">
<msg time="2024-03-22T16:17:46.694674" level="INFO">{'large': 'https://randomuser.me/api/portraits/men/44.jpg', 'medium': 'https://randomuser.me/api/portraits/med/men/44.jpg', 'thumbnail': 'https://randomuser.me/api/portraits/thumb/men/44.jpg'}</msg>
<arg>${json_data['results'][0]['picture']}</arg>
<doc>Logs the given message with the given level.</doc>
<status status="PASS" start="2024-03-22T16:17:46.694335" elapsed="0.000386"/>
</kw>
<status status="PASS" start="2024-03-22T16:17:46.624635" elapsed="0.070347"/>
</kw>
<kw name="Teste de Tipos de Dados - Postcode" owner="random-user-service">
<kw name="GET On Session" owner="RequestsLibrary">
<msg time="2024-03-22T16:17:46.788232" level="INFO">GET Request : url=https://randomuser.me/api 
 path_url=/api 
 headers={'User-Agent': 'python-requests/2.31.0', 'Accept-Encoding': 'gzip, deflate', 'Accept': '*/*', 'Connection': 'keep-alive'} 
 body=None 
 </msg>
<msg time="2024-03-22T16:17:46.788340" level="INFO">GET Response : url=https://randomuser.me/api 
 status=200, reason=OK 
 headers={'Date': 'Fri, 22 Mar 2024 16:17:46 GMT', 'Content-Type': 'application/json; charset=utf-8', 'Transfer-Encoding': 'chunked', 'Connection': 'keep-alive', 'X-Powered-By': 'Express', 'Access-Control-Allow-Origin': '*', 'Cache-Control': 'no-cache', 'ETag': 'W/"4a8-3dt3yRjv12DSGp3vw3qY3ZwD57s"', 'Vary': 'Accept-Encoding', 'Content-Encoding': 'gzip', 'CF-Cache-Status': 'DYNAMIC', 'Report-To': '{"endpoints":[{"url":"https:\\/\\/a.nel.cloudflare.com\\/report\\/v4?s=MR%2BJUYc%2BKl8PCP9%2Bq5VwDcdNPrtPCKgbNYyyNjpLJSyZRbS0Wq8jeRlYmOCWtpSe6s%2BphSloJ1lNbgOX0%2BtZUbC%2F72u7c%2FlzVUMazjNLTr%2BBS%2B26Ax0mal%2F6ipvDspY8"}],"group":"cf-nel","max_age":604800}', 'NEL': '{"success_fraction":0,"report_to":"cf-nel","max_age":604800}', 'Server': 'cloudflare', 'CF-RAY': '86877e6adf5d56b0-IAD', 'alt-svc': 'h3=":443"; ma=86400'} 
 body={"results":[{"gender":"female","name":{"title":"Madame","first":"Franca","last":"Martin"},"location":{"street":{"number":1134,"name":"Boulevard de la Duchère"},"city":"Semsales","state":"Appenzell Ausserrhoden","country":"Switzerland","postcode":6274,"coordinates":{"latitude":"-60.3426","longitude":"169.4876"},"timezone":{"offset":"+5:45","description":"Kathmandu"}},"email":"franca.martin@example.com","login":{"uuid":"5a0b12c1-0a67-403b-8ef0-c3cd8b9c07d4","username":"beautifulrabbit280","password":"wrestler","salt":"NACdmUU6","md5":"2bd22efc8d74a5b43dbd6d16ab2d6abb","sha1":"28f52b98544a1b3c123874c9a33e8f0dd22564ad","sha256":"6d767e65c16ea4abbc57e7d1b0ce2a13871720574fbd595d453063518bca0ebf"},"dob":{"date":"1990-04-22T05:19:37.536Z","age":33},"registered":{"date":"2019-01-03T21:29:01.164Z","age":5},"phone":"078 048 28 73","cell":"075 272 23 91","id":{"name":"AVS","value":"756.7259.8157.18"},"picture":{"large":"https://randomuser.me/api/portraits/women/51.jpg","medium":"https://randomuser.me/api/portraits/med/women/51.jpg","thumbnail":"https://randomuser.me/api/portraits/thumb/women/51.jpg"},"nat":"CH"}],"info":{"seed":"82790218c8e686ce","results":1,"page":1,"version":"1.4"}} 
 </msg>
<msg time="2024-03-22T16:17:46.788439" level="INFO">/opt/hostedtoolcache/Python/3.12.2/x64/lib/python3.12/site-packages/urllib3/connectionpool.py:1103: InsecureRequestWarning: Unverified HTTPS request is being made to host 'randomuser.me'. Adding certificate verification is strongly advised. See: https://urllib3.readthedocs.io/en/latest/advanced-usage.html#tls-warnings
  warnings.warn(</msg>
<msg time="2024-03-22T16:17:46.788561" level="INFO">${response} = &lt;Response [200]&gt;</msg>
<var>${response}</var>
<arg>consultarAPI</arg>
<arg>/api</arg>
<doc>Sends a GET request on a previously created HTTP Session.</doc>
<status status="PASS" start="2024-03-22T16:17:46.695597" elapsed="0.093005"/>
</kw>
<kw name="Set Variable" owner="BuiltIn">
<msg time="2024-03-22T16:17:46.789794" level="INFO">${json_data} = {'results': [{'gender': 'female', 'name': {'title': 'Madame', 'first': 'Franca', 'last': 'Martin'}, 'location': {'street': {'number': 1134, 'name': 'Boulevard de la Duchère'}, 'city': 'Semsales', 'sta...</msg>
<var>${json_data}</var>
<arg>${response.json()}</arg>
<doc>Returns the given values which can then be assigned to a variables.</doc>
<status status="PASS" start="2024-03-22T16:17:46.789220" elapsed="0.000603"/>
</kw>
<kw name="Log" owner="BuiltIn">
<msg time="2024-03-22T16:17:46.790362" level="INFO">{'results': [{'gender': 'female', 'name': {'title': 'Madame', 'first': 'Franca', 'last': 'Martin'}, 'location': {'street': {'number': 1134, 'name': 'Boulevard de la Duchère'}, 'city': 'Semsales', 'state': 'Appenzell Ausserrhoden', 'country': 'Switzerland', 'postcode': 6274, 'coordinates': {'latitude': '-60.3426', 'longitude': '169.4876'}, 'timezone': {'offset': '+5:45', 'description': 'Kathmandu'}}, 'email': 'franca.martin@example.com', 'login': {'uuid': '5a0b12c1-0a67-403b-8ef0-c3cd8b9c07d4', 'username': 'beautifulrabbit280', 'password': 'wrestler', 'salt': 'NACdmUU6', 'md5': '2bd22efc8d74a5b43dbd6d16ab2d6abb', 'sha1': '28f52b98544a1b3c123874c9a33e8f0dd22564ad', 'sha256': '6d767e65c16ea4abbc57e7d1b0ce2a13871720574fbd595d453063518bca0ebf'}, 'dob': {'date': '1990-04-22T05:19:37.536Z', 'age': 33}, 'registered': {'date': '2019-01-03T21:29:01.164Z', 'age': 5}, 'phone': '078 048 28 73', 'cell': '075 272 23 91', 'id': {'name': 'AVS', 'value': '756.7259.8157.18'}, 'picture': {'large': 'https://randomuser.me/api/portraits/women/51.jpg', 'medium': 'https://randomuser.me/api/portraits/med/women/51.jpg', 'thumbnail': 'https://randomuser.me/api/portraits/thumb/women/51.jpg'}, 'nat': 'CH'}], 'info': {'seed': '82790218c8e686ce', 'results': 1, 'page': 1, 'version': '1.4'}}</msg>
<arg>${json_data}</arg>
<doc>Logs the given message with the given level.</doc>
<status status="PASS" start="2024-03-22T16:17:46.790141" elapsed="0.000272"/>
</kw>
<kw name="Should Be Equal As Numbers" owner="BuiltIn">
<arg>${json_data['results'][0]['location']['postcode']}</arg>
<arg>${json_data['results'][0]['location']['postcode']}</arg>
<doc>Fails if objects are unequal after converting them to real numbers.</doc>
<status status="PASS" start="2024-03-22T16:17:46.790717" elapsed="0.000663"/>
</kw>
<kw name="Log" owner="BuiltIn">
<msg time="2024-03-22T16:17:46.791922" level="INFO">6274</msg>
<arg>${json_data['results'][0]['location']['postcode']}</arg>
<doc>Logs the given message with the given level.</doc>
<status status="PASS" start="2024-03-22T16:17:46.791572" elapsed="0.000391"/>
</kw>
<status status="PASS" start="2024-03-22T16:17:46.695212" elapsed="0.097012"/>
</kw>
<doc>Testa se os tipos de dados na resposta da API estão corretos.</doc>
<tag>testeTiposDados</tag>
<status status="PASS" start="2024-03-22T16:17:46.624178" elapsed="0.168219"/>
</test>
<test id="s1-s1-t5" name="Validar conteudo" line="35">
<kw name="Teste de Tipos de Conteudo" owner="random-user-service">
<kw name="GET On Session" owner="RequestsLibrary">
<msg time="2024-03-22T16:17:46.889138" level="INFO">GET Request : url=https://randomuser.me/api 
 path_url=/api 
 headers={'User-Agent': 'python-requests/2.31.0', 'Accept-Encoding': 'gzip, deflate', 'Accept': '*/*', 'Connection': 'keep-alive'} 
 body=None 
 </msg>
<msg time="2024-03-22T16:17:46.889249" level="INFO">GET Response : url=https://randomuser.me/api 
 status=200, reason=OK 
 headers={'Date': 'Fri, 22 Mar 2024 16:17:46 GMT', 'Content-Type': 'application/json; charset=utf-8', 'Transfer-Encoding': 'chunked', 'Connection': 'keep-alive', 'X-Powered-By': 'Express', 'Access-Control-Allow-Origin': '*', 'Cache-Control': 'no-cache', 'ETag': 'W/"469-pJCwftpzvpoS6infN52sJUlMC8w"', 'Vary': 'Accept-Encoding', 'Content-Encoding': 'gzip', 'CF-Cache-Status': 'DYNAMIC', 'Report-To': '{"endpoints":[{"url":"https:\\/\\/a.nel.cloudflare.com\\/report\\/v4?s=%2BFhBFQMtIQFy2C1Rl3EI7mVZ7VKGuvHhYimbxGTQpOu%2B2CYqjHFBiyjgS7mbZWJlaRpqAKZUJ9kncOLX%2BhXTho777upOhA%2FZWv0lOr2rQTXoHF90M9hLm130dAvWcHIG"}],"group":"cf-nel","max_age":604800}', 'NEL': '{"success_fraction":0,"report_to":"cf-nel","max_age":604800}', 'Server': 'cloudflare', 'CF-RAY': '86877e6b7ff056b0-IAD', 'alt-svc': 'h3=":443"; ma=86400'} 
 body={"results":[{"gender":"female","name":{"title":"Mrs","first":"زهرا","last":"کوتی"},"location":{"street":{"number":7976,"name":"موسیوند"},"city":"ساری","state":"لرستان","country":"Iran","postcode":59955,"coordinates":{"latitude":"17.6535","longitude":"165.0705"},"timezone":{"offset":"-9:00","description":"Alaska"}},"email":"zhr.khwty@example.com","login":{"uuid":"6ea1ca79-8419-4818-b44b-322a2d01d54d","username":"saddog229","password":"donna","salt":"qeJGeGCr","md5":"d5391815f57bca01244b42a8e2ef9bc1","sha1":"9594e70b304419ec505bf6197a92e734049eada6","sha256":"dadc40bf862887d505038b160f92041878427d5d2fb3a632676a39fef4e40c7d"},"dob":{"date":"1952-03-21T17:59:26.797Z","age":72},"registered":{"date":"2015-05-09T07:21:03.861Z","age":8},"phone":"080-08328256","cell":"0921-363-4365","id":{"name":"","value":null},"picture":{"large":"https://randomuser.me/api/portraits/women/12.jpg","medium":"https://randomuser.me/api/portraits/med/women/12.jpg","thumbnail":"https://randomuser.me/api/portraits/thumb/women/12.jpg"},"nat":"IR"}],"info":{"seed":"99e42dc77b0a1709","results":1,"page":1,"version":"1.4"}} 
 </msg>
<msg time="2024-03-22T16:17:46.889332" level="INFO">/opt/hostedtoolcache/Python/3.12.2/x64/lib/python3.12/site-packages/urllib3/connectionpool.py:1103: InsecureRequestWarning: Unverified HTTPS request is being made to host 'randomuser.me'. Adding certificate verification is strongly advised. See: https://urllib3.readthedocs.io/en/latest/advanced-usage.html#tls-warnings
  warnings.warn(</msg>
<msg time="2024-03-22T16:17:46.889474" level="INFO">${response} = &lt;Response [200]&gt;</msg>
<var>${response}</var>
<arg>consultarAPI</arg>
<arg>/api</arg>
<doc>Sends a GET request on a previously created HTTP Session.</doc>
<status status="PASS" start="2024-03-22T16:17:46.794882" elapsed="0.094644"/>
</kw>
<kw name="Set Variable" owner="BuiltIn">
<msg time="2024-03-22T16:17:46.890773" level="INFO">${json_data} = {'results': [{'gender': 'female', 'name': {'title': 'Mrs', 'first': 'زهرا', 'last': 'کوتی'}, 'location': {'street': {'number': 7976, 'name': 'موسیوند'}, 'city': 'ساری', 'state': 'لرستان', 'country': '...</msg>
<var>${json_data}</var>
<arg>${response.json()}</arg>
<doc>Returns the given values which can then be assigned to a variables.</doc>
<status status="PASS" start="2024-03-22T16:17:46.890204" elapsed="0.000601"/>
</kw>
<kw name="Set Variable" owner="BuiltIn">
<msg time="2024-03-22T16:17:46.891516" level="INFO">${name_title} = Mrs</msg>
<var>${name_title}</var>
<arg>${json_data["results"][0]["name"]["title"]}</arg>
<doc>Returns the given values which can then be assigned to a variables.</doc>
<status status="PASS" start="2024-03-22T16:17:46.891120" elapsed="0.000421"/>
</kw>
<kw name="Create List" owner="BuiltIn">
<msg time="2024-03-22T16:17:46.892000" level="INFO">${allowed_titles} = ['Mr', 'Ms', 'Miss', 'Mrs', 'Madame', 'Monsieur']</msg>
<var>${allowed_titles}</var>
<arg>Mr</arg>
<arg>Ms</arg>
<arg>Miss</arg>
<arg>Mrs</arg>
<arg>Madame</arg>
<arg>Monsieur</arg>
<doc>Returns a list containing given items.</doc>
<status status="PASS" start="2024-03-22T16:17:46.891846" elapsed="0.000179"/>
</kw>
<kw name="List Should Contain Value" owner="Collections">
<msg time="2024-03-22T16:17:46.892513" level="INFO">False</msg>
<arg>${allowed_titles}</arg>
<arg>${name_title}</arg>
<doc>Fails if the ``value`` is not found from ``list``.</doc>
<status status="PASS" start="2024-03-22T16:17:46.892334" elapsed="0.000217"/>
</kw>
<kw name="Set Variable" owner="BuiltIn">
<msg time="2024-03-22T16:17:46.893245" level="INFO">${name_country} = IR</msg>
<var>${name_country}</var>
<arg>${json_data["results"][0]["nat"]}</arg>
<doc>Returns the given values which can then be assigned to a variables.</doc>
<status status="PASS" start="2024-03-22T16:17:46.892851" elapsed="0.000420"/>
</kw>
<kw name="Create List" owner="BuiltIn">
<msg time="2024-03-22T16:17:46.894208" level="INFO">${list_country} = ['AD', 'AE', 'AF', 'AG', 'AI', 'AL', 'AM', 'AO', 'AQ', 'AR', 'AS', 'AT', 'AU', 'AW', 'AX', 'AZ', 'BA', 'BB', 'BD', 'BE', 'BF', 'BG', 'BH', 'BI', 'BJ', 'BL', 'BM', 'BN', 'BO', 'BQ', 'BR', 'BS', 'BT', '...</msg>
<var>${list_country}</var>
<arg>AD</arg>
<arg>AE</arg>
<arg>AF</arg>
<arg>AG</arg>
<arg>AI</arg>
<arg>AL</arg>
<arg>AM</arg>
<arg>AO</arg>
<arg>AQ</arg>
<arg>AR</arg>
<arg>AS</arg>
<arg>AT</arg>
<arg>AU</arg>
<arg>AW</arg>
<arg>AX</arg>
<arg>AZ</arg>
<arg>BA</arg>
<arg>BB</arg>
<arg>BD</arg>
<arg>BE</arg>
<arg>BF</arg>
<arg>BG</arg>
<arg>BH</arg>
<arg>BI</arg>
<arg>BJ</arg>
<arg>BL</arg>
<arg>BM</arg>
<arg>BN</arg>
<arg>BO</arg>
<arg>BQ</arg>
<arg>BR</arg>
<arg>BS</arg>
<arg>BT</arg>
<arg>BV</arg>
<arg>BW</arg>
<arg>BY</arg>
<arg>BZ</arg>
<arg>CA</arg>
<arg>CC</arg>
<arg>CD</arg>
<arg>CF</arg>
<arg>CG</arg>
<arg>CH</arg>
<arg>CI</arg>
<arg>CK</arg>
<arg>CL</arg>
<arg>CM</arg>
<arg>CN</arg>
<arg>CO</arg>
<arg>CR</arg>
<arg>CU</arg>
<arg>CV</arg>
<arg>CW</arg>
<arg>CX</arg>
<arg>CY</arg>
<arg>CZ</arg>
<arg>DE</arg>
<arg>DJ</arg>
<arg>DK</arg>
<arg>DM</arg>
<arg>DO</arg>
<arg>DZ</arg>
<arg>EC</arg>
<arg>EE</arg>
<arg>EG</arg>
<arg>EH</arg>
<arg>ER</arg>
<arg>ES</arg>
<arg>ET</arg>
<arg>FI</arg>
<arg>FJ</arg>
<arg>FK</arg>
<arg>FM</arg>
<arg>FO</arg>
<arg>FR</arg>
<arg>GA</arg>
<arg>GB</arg>
<arg>GD</arg>
<arg>GE</arg>
<arg>GF</arg>
<arg>GG</arg>
<arg>GH</arg>
<arg>GI</arg>
<arg>GL</arg>
<arg>GM</arg>
<arg>GN</arg>
<arg>GP</arg>
<arg>GQ</arg>
<arg>GR</arg>
<arg>GS</arg>
<arg>GT</arg>
<arg>GU</arg>
<arg>GW</arg>
<arg>GY</arg>
<arg>HK</arg>
<arg>HM</arg>
<arg>HN</arg>
<arg>HR</arg>
<arg>HT</arg>
<arg>HU</arg>
<arg>ID</arg>
<arg>IE</arg>
<arg>IL</arg>
<arg>IM</arg>
<arg>IN</arg>
<arg>IO</arg>
<arg>IQ</arg>
<arg>IR</arg>
<arg>IS</arg>
<arg>IT</arg>
<arg>JE</arg>
<arg>JM</arg>
<arg>JO</arg>
<arg>JP</arg>
<arg>KE</arg>
<arg>KG</arg>
<arg>KH</arg>
<arg>KI</arg>
<arg>KM</arg>
<arg>KN</arg>
<arg>KP</arg>
<arg>KR</arg>
<arg>KW</arg>
<arg>KY</arg>
<arg>KZ</arg>
<arg>LA</arg>
<arg>LB</arg>
<arg>LC</arg>
<arg>LI</arg>
<arg>LK</arg>
<arg>LR</arg>
<arg>LS</arg>
<arg>LT</arg>
<arg>LU</arg>
<arg>LV</arg>
<arg>LY</arg>
<arg>MA</arg>
<arg>MC</arg>
<arg>MD</arg>
<arg>ME</arg>
<arg>MF</arg>
<arg>MG</arg>
<arg>MH</arg>
<arg>MK</arg>
<arg>ML</arg>
<arg>MM</arg>
<arg>MN</arg>
<arg>MO</arg>
<arg>MP</arg>
<arg>MQ</arg>
<arg>MR</arg>
<arg>MS</arg>
<arg>MT</arg>
<arg>MU</arg>
<arg>MV</arg>
<arg>MW</arg>
<arg>MX</arg>
<arg>MY</arg>
<arg>MZ</arg>
<arg>NA</arg>
<arg>NC</arg>
<arg>NE</arg>
<arg>NF</arg>
<arg>NG</arg>
<arg>NI</arg>
<arg>NL</arg>
<arg>NO</arg>
<arg>NP</arg>
<arg>NR</arg>
<arg>NU</arg>
<arg>NZ</arg>
<arg>OM</arg>
<arg>PA</arg>
<arg>PE</arg>
<arg>PF</arg>
<arg>PG</arg>
<arg>PH</arg>
<arg>PK</arg>
<arg>PL</arg>
<arg>PM</arg>
<arg>PN</arg>
<arg>PR</arg>
<arg>PS</arg>
<arg>PT</arg>
<arg>PW</arg>
<arg>PY</arg>
<arg>QA</arg>
<arg>RE</arg>
<arg>RO</arg>
<arg>RS</arg>
<arg>RU</arg>
<arg>RW</arg>
<arg>SA</arg>
<arg>SB</arg>
<arg>SC</arg>
<arg>SD</arg>
<arg>SE</arg>
<arg>SG</arg>
<arg>SH</arg>
<arg>SI</arg>
<arg>SJ</arg>
<arg>SK</arg>
<arg>SL</arg>
<arg>SM</arg>
<arg>SN</arg>
<arg>SO</arg>
<arg>SR</arg>
<arg>SS</arg>
<arg>ST</arg>
<arg>SV</arg>
<arg>SX</arg>
<arg>SY</arg>
<arg>SZ</arg>
<arg>TC</arg>
<arg>TD</arg>
<arg>TF</arg>
<arg>TG</arg>
<arg>TH</arg>
<arg>TJ</arg>
<arg>TK</arg>
<arg>TL</arg>
<arg>TM</arg>
<arg>TN</arg>
<arg>TO</arg>
<arg>TR</arg>
<arg>TT</arg>
<arg>TV</arg>
<arg>TW</arg>
<arg>TZ</arg>
<arg>UA</arg>
<arg>UG</arg>
<arg>UM</arg>
<arg>US</arg>
<arg>UY</arg>
<arg>UZ</arg>
<arg>VA</arg>
<arg>VC</arg>
<arg>VE</arg>
<arg>VG</arg>
<arg>VI</arg>
<arg>VN</arg>
<arg>VU</arg>
<arg>WF</arg>
<arg>WS</arg>
<arg>XK</arg>
<arg>YE</arg>
<arg>YT</arg>
<arg>ZA</arg>
<arg>ZM</arg>
<arg>ZW</arg>
<doc>Returns a list containing given items.</doc>
<status status="PASS" start="2024-03-22T16:17:46.893579" elapsed="0.000660"/>
</kw>
<kw name="List Should Contain Value" owner="Collections">
<msg time="2024-03-22T16:17:46.895373" level="INFO">False</msg>
<arg>${list_country}</arg>
<arg>${name_country}</arg>
<doc>Fails if the ``value`` is not found from ``list``.</doc>
<status status="PASS" start="2024-03-22T16:17:46.895166" elapsed="0.000245"/>
</kw>
<kw name="Run Keyword If" owner="BuiltIn">
<kw name="Should Be True" owner="BuiltIn">
<arg>${True}</arg>
<doc>Fails if the given condition is not true.</doc>
<status status="PASS" start="2024-03-22T16:17:46.896485" elapsed="0.000148"/>
</kw>
<arg>${json_data["results"][0]["location"]["coordinates"]["latitude"]} &gt;= -90 and ${json_data["results"][0]["location"]["coordinates"]["latitude"]} &lt;= 90</arg>
<arg>Should Be True</arg>
<arg>${True}</arg>
<doc>Runs the given keyword with the given arguments, if ``condition`` is true.</doc>
<status status="PASS" start="2024-03-22T16:17:46.895724" elapsed="0.001038"/>
</kw>
<kw name="Run Keyword If" owner="BuiltIn">
<kw name="Should Be True" owner="BuiltIn">
<arg>${True}</arg>
<doc>Fails if the given condition is not true.</doc>
<status status="PASS" start="2024-03-22T16:17:46.897652" elapsed="0.000148"/>
</kw>
<arg>${json_data["results"][0]["location"]["coordinates"]["longitude"]} &gt;= -180 and ${json_data["results"][0]["location"]["coordinates"]["longitude"]} &lt;= 180</arg>
<arg>Should Be True</arg>
<arg>${True}</arg>
<doc>Runs the given keyword with the given arguments, if ``condition`` is true.</doc>
<status status="PASS" start="2024-03-22T16:17:46.896950" elapsed="0.000979"/>
</kw>
<status status="PASS" start="2024-03-22T16:17:46.794641" elapsed="0.103423"/>
</kw>
<doc>Testa o conteúdo específico dos campos retornados pela API.</doc>
<tag>testeConteudo</tag>
<status status="PASS" start="2024-03-22T16:17:46.794157" elapsed="0.104095"/>
</test>
<status status="PASS" start="2024-03-22T16:17:45.937873" elapsed="0.962390"/>
</suite>
<status status="PASS" start="2024-03-22T16:17:45.924215" elapsed="0.981416"/>
</suite>
<statistics>
<total>
<stat pass="5" fail="0" skip="0">All Tests</stat>
</total>
<tag>
<stat pass="1" fail="0" skip="0">testeConteudo</stat>
<stat pass="1" fail="0" skip="0">testeEstruturaResposta</stat>
<stat pass="1" fail="0" skip="0">testeRequisicaoBasica</stat>
<stat pass="1" fail="0" skip="0">testeTiposDados</stat>
</tag>
<suite>
<stat pass="5" fail="0" skip="0" id="s1" name="Tests">Tests</stat>
<stat pass="5" fail="0" skip="0" id="s1-s1" name="Random-User-Test">Tests.Random-User-Test</stat>
</suite>
</statistics>
<errors>
</errors>
</robot>
