<?xml version="1.0" encoding="UTF-8"?>
<robot generator="Robot 7.0 (Python 3.12.3 on linux)" generated="2024-05-27T16:17:48.838553" rpa="false" schemaversion="5">
<suite id="s1" name="Tests" source="/home/runner/work/ApiRandomUser/ApiRandomUser/RamdonUser/tests">
<suite id="s1-s1" name="Random-User-Test" source="/home/runner/work/ApiRandomUser/ApiRandomUser/RamdonUser/tests/random-user-test.robot">
<test id="s1-s1-t1" name="Conectar" line="13">
<kw name="Conectar API" owner="random-user-service">
<kw name="Create Session" owner="RequestsLibrary">
<msg time="2024-05-27T16:17:49.242080" level="INFO">Creating Session using : alias=consultarAPI, url=https://randomuser.me/, headers={},                     cookies={}, auth=None, timeout=None, proxies=None, verify=False,                     debug=0 </msg>
<arg>consultarAPI</arg>
<arg>${URL}</arg>
<doc>Create Session: create a HTTP session to a server</doc>
<status status="PASS" start="2024-05-27T16:17:49.241876" elapsed="0.000384"/>
</kw>
<status status="PASS" start="2024-05-27T16:17:49.240880" elapsed="0.001737"/>
</kw>
<status status="PASS" start="2024-05-27T16:17:49.240339" elapsed="0.002471"/>
</test>
<test id="s1-s1-t2" name="Validar retorno 200 e JSON Válido" line="16">
<kw name="Teste de Requisicao Basica" owner="random-user-service">
<kw name="GET On Session" owner="RequestsLibrary">
<msg time="2024-05-27T16:17:49.312896" level="INFO">GET Request : url=https://randomuser.me/api 
 path_url=/api 
 headers={'User-Agent': 'python-requests/2.32.2', 'Accept-Encoding': 'gzip, deflate', 'Accept': '*/*', 'Connection': 'keep-alive'} 
 body=None 
 </msg>
<msg time="2024-05-27T16:17:49.313058" level="INFO">GET Response : url=https://randomuser.me/api 
 status=200, reason=OK 
 headers={'Date': 'Mon, 27 May 2024 16:17:49 GMT', 'Content-Type': 'application/json; charset=utf-8', 'Transfer-Encoding': 'chunked', 'Connection': 'keep-alive', 'X-Powered-By': 'Express', 'Access-Control-Allow-Origin': '*', 'Cache-Control': 'no-cache', 'ETag': 'W/"48f-EnJNRIrvA6as6WyR/yBcqO3E53M"', 'Vary': 'Accept-Encoding', 'Content-Encoding': 'gzip', 'CF-Cache-Status': 'DYNAMIC', 'Report-To': '{"endpoints":[{"url":"https:\\/\\/a.nel.cloudflare.com\\/report\\/v4?s=mEVPBNsEDhdfsdrkedd2UJmA%2FtOxqJEFQFxGZmvkimu4nv6m8xSyLJZ4LuhdG54s7QtU31egUunjzwKv1WRRfI7Zo94Jq6zlykBCnD1AuiLRh0thX%2FYFHI2VkXSdLOht"}],"group":"cf-nel","max_age":604800}', 'NEL': '{"success_fraction":0,"report_to":"cf-nel","max_age":604800}', 'Server': 'cloudflare', 'CF-RAY': '88a7513b0d1d399d-IAD', 'alt-svc': 'h3=":443"; ma=86400'} 
 body={"results":[{"gender":"male","name":{"title":"Mr","first":"Amol","last":"Andrade"},"location":{"street":{"number":3240,"name":"China Bazaar Rd"},"city":"Aurangabad","state":"Jharkhand","country":"India","postcode":89653,"coordinates":{"latitude":"10.1655","longitude":"-106.6350"},"timezone":{"offset":"+9:00","description":"Tokyo, Seoul, Osaka, Sapporo, Yakutsk"}},"email":"amol.andrade@example.com","login":{"uuid":"11d5216e-d95c-45c8-ad43-f2f0e5ec6cca","username":"brownelephant974","password":"storage","salt":"ZJvVwWGi","md5":"d0b8a8e4f5ec33a2677a21cd3394a3a2","sha1":"b91d2e32c556cc7255ab764664584c205961639c","sha256":"584da4e73735876616b0a0c55a03113d8abf6ce7be953b1d958e0bb7047adafc"},"dob":{"date":"1951-12-20T12:38:09.388Z","age":72},"registered":{"date":"2021-11-25T00:14:14.472Z","age":2},"phone":"9397378610","cell":"9177692514","id":{"name":"UIDAI","value":"141287563083"},"picture":{"large":"https://randomuser.me/api/portraits/men/5.jpg","medium":"https://randomuser.me/api/portraits/med/men/5.jpg","thumbnail":"https://randomuser.me/api/portraits/thumb/men/5.jpg"},"nat":"IN"}],"info":{"seed":"5a0ad0c3d345c96c","results":1,"page":1,"version":"1.4"}} 
 </msg>
<msg time="2024-05-27T16:17:49.313142" level="INFO">/opt/hostedtoolcache/Python/3.12.3/x64/lib/python3.12/site-packages/urllib3/connectionpool.py:1103: InsecureRequestWarning: Unverified HTTPS request is being made to host 'randomuser.me'. Adding certificate verification is strongly advised. See: https://urllib3.readthedocs.io/en/latest/advanced-usage.html#tls-warnings
  warnings.warn(</msg>
<msg time="2024-05-27T16:17:49.313290" level="INFO">${response} = &lt;Response [200]&gt;</msg>
<var>${response}</var>
<arg>consultarAPI</arg>
<arg>/api</arg>
<doc>Sends a GET request on a previously created HTTP Session.</doc>
<status status="PASS" start="2024-05-27T16:17:49.245531" elapsed="0.067807"/>
</kw>
<kw name="Should Be Equal As Numbers" owner="BuiltIn">
<msg time="2024-05-27T16:17:49.314540" level="INFO">Argument types are:
&lt;class 'int'&gt;
&lt;class 'str'&gt;</msg>
<arg>${response.status_code}</arg>
<arg>200</arg>
<doc>Fails if objects are unequal after converting them to real numbers.</doc>
<status status="PASS" start="2024-05-27T16:17:49.314031" elapsed="0.000577"/>
</kw>
<kw name="Log" owner="BuiltIn">
<msg time="2024-05-27T16:17:49.315326" level="INFO">200</msg>
<arg>${response.status_code}</arg>
<doc>Logs the given message with the given level.</doc>
<status status="PASS" start="2024-05-27T16:17:49.314961" elapsed="0.000413"/>
</kw>
<kw name="Set Variable" owner="BuiltIn">
<msg time="2024-05-27T16:17:49.316135" level="INFO">${json_data} = {'results': [{'gender': 'male', 'name': {'title': 'Mr', 'first': 'Amol', 'last': 'Andrade'}, 'location': {'street': {'number': 3240, 'name': 'China Bazaar Rd'}, 'city': 'Aurangabad', 'state': 'Jharkha...</msg>
<var>${json_data}</var>
<arg>${response.json()}</arg>
<doc>Returns the given values which can then be assigned to a variables.</doc>
<status status="PASS" start="2024-05-27T16:17:49.315691" elapsed="0.000474"/>
</kw>
<kw name="Dictionary Should Contain Key" owner="Collections">
<msg time="2024-05-27T16:17:49.316694" level="INFO">False</msg>
<arg>${json_data}</arg>
<arg>results</arg>
<doc>Fails if ``key`` is not found from ``dictionary``.</doc>
<status status="PASS" start="2024-05-27T16:17:49.316512" elapsed="0.000222"/>
</kw>
<status status="PASS" start="2024-05-27T16:17:49.245284" elapsed="0.071712"/>
</kw>
<doc>Testa se a API responde corretamente e retorna um objeto JSON válido.</doc>
<tag>testeRequisicaoBasica</tag>
<status status="PASS" start="2024-05-27T16:17:49.244737" elapsed="0.072449"/>
</test>
<test id="s1-s1-t3" name="Validar estrutura de resposta" line="22">
<kw name="Teste de Estrutura de Resposta" owner="random-user-service">
<kw name="GET On Session" owner="RequestsLibrary">
<msg time="2024-05-27T16:17:49.417794" level="INFO">GET Request : url=https://randomuser.me/api 
 path_url=/api 
 headers={'User-Agent': 'python-requests/2.32.2', 'Accept-Encoding': 'gzip, deflate', 'Accept': '*/*', 'Connection': 'keep-alive'} 
 body=None 
 </msg>
<msg time="2024-05-27T16:17:49.417894" level="INFO">GET Response : url=https://randomuser.me/api 
 status=200, reason=OK 
 headers={'Date': 'Mon, 27 May 2024 16:17:49 GMT', 'Content-Type': 'application/json; charset=utf-8', 'Transfer-Encoding': 'chunked', 'Connection': 'keep-alive', 'X-Powered-By': 'Express', 'Access-Control-Allow-Origin': '*', 'Cache-Control': 'no-cache', 'ETag': 'W/"4b0-e01uWEgDgBReJDFljXXC0KDv/s0"', 'Vary': 'Accept-Encoding', 'Content-Encoding': 'gzip', 'CF-Cache-Status': 'DYNAMIC', 'Report-To': '{"endpoints":[{"url":"https:\\/\\/a.nel.cloudflare.com\\/report\\/v4?s=8Mcu%2BN3Zv9bq2yWBkkiNNDt%2BMVrU74Aee5C%2FsDmvdfQHIWzmpiUcpYCO9G%2B1Ja6jUMGsO%2FInNaSjQCA99bD3CJCVn5n%2FwNcOPW3QQ3w4rqPifoIVIWrmobANwMiJHHr6"}],"group":"cf-nel","max_age":604800}', 'NEL': '{"success_fraction":0,"report_to":"cf-nel","max_age":604800}', 'Server': 'cloudflare', 'CF-RAY': '88a7513b4d78399d-IAD', 'alt-svc': 'h3=":443"; ma=86400'} 
 body={"results":[{"gender":"male","name":{"title":"Mr","first":"Jan-Joost","last":"Van Hall"},"location":{"street":{"number":5852,"name":"Jacob Magnusstraat"},"city":"Rijssen-Holten","state":"Limburg","country":"Netherlands","postcode":"5822 OU","coordinates":{"latitude":"36.7099","longitude":"-41.1799"},"timezone":{"offset":"0:00","description":"Western Europe Time, London, Lisbon, Casablanca"}},"email":"jan-joost.vanhall@example.com","login":{"uuid":"6d79db6d-39a8-496c-bfff-17410018bf42","username":"whitezebra200","password":"veronika","salt":"pLMIKxX0","md5":"29080581e85372fd089d8dcce7098d97","sha1":"9237d705215f2fe4ba58eebfe1f8b4760d4e95b6","sha256":"f6b458ae3169c956b9dcf6f259ca86f4af88828c544a0b4ebb88c6a5c50fd045"},"dob":{"date":"1969-12-31T23:15:51.757Z","age":54},"registered":{"date":"2007-10-30T00:32:39.251Z","age":16},"phone":"(0816) 181036","cell":"(06) 89137740","id":{"name":"BSN","value":"59877086"},"picture":{"large":"https://randomuser.me/api/portraits/men/7.jpg","medium":"https://randomuser.me/api/portraits/med/men/7.jpg","thumbnail":"https://randomuser.me/api/portraits/thumb/men/7.jpg"},"nat":"NL"}],"info":{"seed":"5f69a8a66c1775a0","results":1,"page":1,"version":"1.4"}} 
 </msg>
<msg time="2024-05-27T16:17:49.418022" level="INFO">/opt/hostedtoolcache/Python/3.12.3/x64/lib/python3.12/site-packages/urllib3/connectionpool.py:1103: InsecureRequestWarning: Unverified HTTPS request is being made to host 'randomuser.me'. Adding certificate verification is strongly advised. See: https://urllib3.readthedocs.io/en/latest/advanced-usage.html#tls-warnings
  warnings.warn(</msg>
<msg time="2024-05-27T16:17:49.418157" level="INFO">${response} = &lt;Response [200]&gt;</msg>
<var>${response}</var>
<arg>consultarAPI</arg>
<arg>/api</arg>
<doc>Sends a GET request on a previously created HTTP Session.</doc>
<status status="PASS" start="2024-05-27T16:17:49.319961" elapsed="0.098236"/>
</kw>
<kw name="Set Variable" owner="BuiltIn">
<msg time="2024-05-27T16:17:49.419395" level="INFO">${json_data} = {'results': [{'gender': 'male', 'name': {'title': 'Mr', 'first': 'Jan-Joost', 'last': 'Van Hall'}, 'location': {'street': {'number': 5852, 'name': 'Jacob Magnusstraat'}, 'city': 'Rijssen-Holten', 'sta...</msg>
<var>${json_data}</var>
<arg>${response.json()}</arg>
<doc>Returns the given values which can then be assigned to a variables.</doc>
<status status="PASS" start="2024-05-27T16:17:49.418808" elapsed="0.000616"/>
</kw>
<kw name="Log" owner="BuiltIn">
<msg time="2024-05-27T16:17:49.419895" level="INFO">{'results': [{'gender': 'male', 'name': {'title': 'Mr', 'first': 'Jan-Joost', 'last': 'Van Hall'}, 'location': {'street': {'number': 5852, 'name': 'Jacob Magnusstraat'}, 'city': 'Rijssen-Holten', 'state': 'Limburg', 'country': 'Netherlands', 'postcode': '5822 OU', 'coordinates': {'latitude': '36.7099', 'longitude': '-41.1799'}, 'timezone': {'offset': '0:00', 'description': 'Western Europe Time, London, Lisbon, Casablanca'}}, 'email': 'jan-joost.vanhall@example.com', 'login': {'uuid': '6d79db6d-39a8-496c-bfff-17410018bf42', 'username': 'whitezebra200', 'password': 'veronika', 'salt': 'pLMIKxX0', 'md5': '29080581e85372fd089d8dcce7098d97', 'sha1': '9237d705215f2fe4ba58eebfe1f8b4760d4e95b6', 'sha256': 'f6b458ae3169c956b9dcf6f259ca86f4af88828c544a0b4ebb88c6a5c50fd045'}, 'dob': {'date': '1969-12-31T23:15:51.757Z', 'age': 54}, 'registered': {'date': '2007-10-30T00:32:39.251Z', 'age': 16}, 'phone': '(0816) 181036', 'cell': '(06) 89137740', 'id': {'name': 'BSN', 'value': '59877086'}, 'picture': {'large': 'https://randomuser.me/api/portraits/men/7.jpg', 'medium': 'https://randomuser.me/api/portraits/med/men/7.jpg', 'thumbnail': 'https://randomuser.me/api/portraits/thumb/men/7.jpg'}, 'nat': 'NL'}], 'info': {'seed': '5f69a8a66c1775a0', 'results': 1, 'page': 1, 'version': '1.4'}}</msg>
<arg>${json_data}</arg>
<doc>Logs the given message with the given level.</doc>
<status status="PASS" start="2024-05-27T16:17:49.419737" elapsed="0.000210"/>
</kw>
<kw name="Dictionary Should Contain Key" owner="Collections">
<msg time="2024-05-27T16:17:49.420446" level="INFO">False</msg>
<arg>${json_data}</arg>
<arg>results</arg>
<doc>Fails if ``key`` is not found from ``dictionary``.</doc>
<status status="PASS" start="2024-05-27T16:17:49.420275" elapsed="0.000209"/>
</kw>
<kw name="Should Not Be Empty" owner="BuiltIn">
<msg time="2024-05-27T16:17:49.420915" level="INFO">Length is 2.</msg>
<arg>${json_data}</arg>
<doc>Verifies that the given item is not empty.</doc>
<status status="PASS" start="2024-05-27T16:17:49.420781" elapsed="0.000178"/>
</kw>
<kw name="Create List" owner="BuiltIn">
<msg time="2024-05-27T16:17:49.421562" level="INFO">${expected_keys} = ['gender', 'name', 'location', 'email', 'login']</msg>
<var>${expected_keys}</var>
<arg>gender</arg>
<arg>name</arg>
<arg>location</arg>
<arg>email</arg>
<arg>login</arg>
<doc>Returns a list containing given items.</doc>
<status status="PASS" start="2024-05-27T16:17:49.421249" elapsed="0.000338"/>
</kw>
<for flavor="IN">
<iter>
<kw name="Dictionary Should Contain Key" owner="Collections">
<msg time="2024-05-27T16:17:49.422586" level="INFO">False</msg>
<arg>${json_data['results'][0]}</arg>
<arg>${key}</arg>
<doc>Fails if ``key`` is not found from ``dictionary``.</doc>
<status status="PASS" start="2024-05-27T16:17:49.422189" elapsed="0.000436"/>
</kw>
<kw name="Log" owner="BuiltIn">
<msg time="2024-05-27T16:17:49.423290" level="INFO">{'gender': 'male', 'name': {'title': 'Mr', 'first': 'Jan-Joost', 'last': 'Van Hall'}, 'location': {'street': {'number': 5852, 'name': 'Jacob Magnusstraat'}, 'city': 'Rijssen-Holten', 'state': 'Limburg', 'country': 'Netherlands', 'postcode': '5822 OU', 'coordinates': {'latitude': '36.7099', 'longitude': '-41.1799'}, 'timezone': {'offset': '0:00', 'description': 'Western Europe Time, London, Lisbon, Casablanca'}}, 'email': 'jan-joost.vanhall@example.com', 'login': {'uuid': '6d79db6d-39a8-496c-bfff-17410018bf42', 'username': 'whitezebra200', 'password': 'veronika', 'salt': 'pLMIKxX0', 'md5': '29080581e85372fd089d8dcce7098d97', 'sha1': '9237d705215f2fe4ba58eebfe1f8b4760d4e95b6', 'sha256': 'f6b458ae3169c956b9dcf6f259ca86f4af88828c544a0b4ebb88c6a5c50fd045'}, 'dob': {'date': '1969-12-31T23:15:51.757Z', 'age': 54}, 'registered': {'date': '2007-10-30T00:32:39.251Z', 'age': 16}, 'phone': '(0816) 181036', 'cell': '(06) 89137740', 'id': {'name': 'BSN', 'value': '59877086'}, 'picture': {'large': 'https://randomuser.me/api/portraits/men/7.jpg', 'medium': 'https://randomuser.me/api/portraits/med/men/7.jpg', 'thumbnail': 'https://randomuser.me/api/portraits/thumb/men/7.jpg'}, 'nat': 'NL'}</msg>
<arg>${json_data['results'][0]}</arg>
<doc>Logs the given message with the given level.</doc>
<status status="PASS" start="2024-05-27T16:17:49.422925" elapsed="0.000415"/>
</kw>
<kw name="Log" owner="BuiltIn">
<msg time="2024-05-27T16:17:49.423767" level="INFO">gender</msg>
<arg>${key}</arg>
<doc>Logs the given message with the given level.</doc>
<status status="PASS" start="2024-05-27T16:17:49.423637" elapsed="0.000168"/>
</kw>
<var name="${key}">gender</var>
<status status="PASS" start="2024-05-27T16:17:49.422059" elapsed="0.001964"/>
</iter>
<iter>
<kw name="Dictionary Should Contain Key" owner="Collections">
<msg time="2024-05-27T16:17:49.424763" level="INFO">False</msg>
<arg>${json_data['results'][0]}</arg>
<arg>${key}</arg>
<doc>Fails if ``key`` is not found from ``dictionary``.</doc>
<status status="PASS" start="2024-05-27T16:17:49.424366" elapsed="0.000472"/>
</kw>
<kw name="Log" owner="BuiltIn">
<msg time="2024-05-27T16:17:49.425504" level="INFO">{'gender': 'male', 'name': {'title': 'Mr', 'first': 'Jan-Joost', 'last': 'Van Hall'}, 'location': {'street': {'number': 5852, 'name': 'Jacob Magnusstraat'}, 'city': 'Rijssen-Holten', 'state': 'Limburg', 'country': 'Netherlands', 'postcode': '5822 OU', 'coordinates': {'latitude': '36.7099', 'longitude': '-41.1799'}, 'timezone': {'offset': '0:00', 'description': 'Western Europe Time, London, Lisbon, Casablanca'}}, 'email': 'jan-joost.vanhall@example.com', 'login': {'uuid': '6d79db6d-39a8-496c-bfff-17410018bf42', 'username': 'whitezebra200', 'password': 'veronika', 'salt': 'pLMIKxX0', 'md5': '29080581e85372fd089d8dcce7098d97', 'sha1': '9237d705215f2fe4ba58eebfe1f8b4760d4e95b6', 'sha256': 'f6b458ae3169c956b9dcf6f259ca86f4af88828c544a0b4ebb88c6a5c50fd045'}, 'dob': {'date': '1969-12-31T23:15:51.757Z', 'age': 54}, 'registered': {'date': '2007-10-30T00:32:39.251Z', 'age': 16}, 'phone': '(0816) 181036', 'cell': '(06) 89137740', 'id': {'name': 'BSN', 'value': '59877086'}, 'picture': {'large': 'https://randomuser.me/api/portraits/men/7.jpg', 'medium': 'https://randomuser.me/api/portraits/med/men/7.jpg', 'thumbnail': 'https://randomuser.me/api/portraits/thumb/men/7.jpg'}, 'nat': 'NL'}</msg>
<arg>${json_data['results'][0]}</arg>
<doc>Logs the given message with the given level.</doc>
<status status="PASS" start="2024-05-27T16:17:49.425143" elapsed="0.000410"/>
</kw>
<kw name="Log" owner="BuiltIn">
<msg time="2024-05-27T16:17:49.425978" level="INFO">name</msg>
<arg>${key}</arg>
<doc>Logs the given message with the given level.</doc>
<status status="PASS" start="2024-05-27T16:17:49.425851" elapsed="0.000164"/>
</kw>
<var name="${key}">name</var>
<status status="PASS" start="2024-05-27T16:17:49.424211" elapsed="0.002018"/>
</iter>
<iter>
<kw name="Dictionary Should Contain Key" owner="Collections">
<msg time="2024-05-27T16:17:49.426901" level="INFO">False</msg>
<arg>${json_data['results'][0]}</arg>
<arg>${key}</arg>
<doc>Fails if ``key`` is not found from ``dictionary``.</doc>
<status status="PASS" start="2024-05-27T16:17:49.426524" elapsed="0.000415"/>
</kw>
<kw name="Log" owner="BuiltIn">
<msg time="2024-05-27T16:17:49.427595" level="INFO">{'gender': 'male', 'name': {'title': 'Mr', 'first': 'Jan-Joost', 'last': 'Van Hall'}, 'location': {'street': {'number': 5852, 'name': 'Jacob Magnusstraat'}, 'city': 'Rijssen-Holten', 'state': 'Limburg', 'country': 'Netherlands', 'postcode': '5822 OU', 'coordinates': {'latitude': '36.7099', 'longitude': '-41.1799'}, 'timezone': {'offset': '0:00', 'description': 'Western Europe Time, London, Lisbon, Casablanca'}}, 'email': 'jan-joost.vanhall@example.com', 'login': {'uuid': '6d79db6d-39a8-496c-bfff-17410018bf42', 'username': 'whitezebra200', 'password': 'veronika', 'salt': 'pLMIKxX0', 'md5': '29080581e85372fd089d8dcce7098d97', 'sha1': '9237d705215f2fe4ba58eebfe1f8b4760d4e95b6', 'sha256': 'f6b458ae3169c956b9dcf6f259ca86f4af88828c544a0b4ebb88c6a5c50fd045'}, 'dob': {'date': '1969-12-31T23:15:51.757Z', 'age': 54}, 'registered': {'date': '2007-10-30T00:32:39.251Z', 'age': 16}, 'phone': '(0816) 181036', 'cell': '(06) 89137740', 'id': {'name': 'BSN', 'value': '59877086'}, 'picture': {'large': 'https://randomuser.me/api/portraits/men/7.jpg', 'medium': 'https://randomuser.me/api/portraits/med/men/7.jpg', 'thumbnail': 'https://randomuser.me/api/portraits/thumb/men/7.jpg'}, 'nat': 'NL'}</msg>
<arg>${json_data['results'][0]}</arg>
<doc>Logs the given message with the given level.</doc>
<status status="PASS" start="2024-05-27T16:17:49.427236" elapsed="0.000417"/>
</kw>
<kw name="Log" owner="BuiltIn">
<msg time="2024-05-27T16:17:49.428090" level="INFO">location</msg>
<arg>${key}</arg>
<doc>Logs the given message with the given level.</doc>
<status status="PASS" start="2024-05-27T16:17:49.427962" elapsed="0.000173"/>
</kw>
<var name="${key}">location</var>
<status status="PASS" start="2024-05-27T16:17:49.426410" elapsed="0.001981"/>
</iter>
<iter>
<kw name="Dictionary Should Contain Key" owner="Collections">
<msg time="2024-05-27T16:17:49.429078" level="INFO">False</msg>
<arg>${json_data['results'][0]}</arg>
<arg>${key}</arg>
<doc>Fails if ``key`` is not found from ``dictionary``.</doc>
<status status="PASS" start="2024-05-27T16:17:49.428691" elapsed="0.000425"/>
</kw>
<kw name="Log" owner="BuiltIn">
<msg time="2024-05-27T16:17:49.429779" level="INFO">{'gender': 'male', 'name': {'title': 'Mr', 'first': 'Jan-Joost', 'last': 'Van Hall'}, 'location': {'street': {'number': 5852, 'name': 'Jacob Magnusstraat'}, 'city': 'Rijssen-Holten', 'state': 'Limburg', 'country': 'Netherlands', 'postcode': '5822 OU', 'coordinates': {'latitude': '36.7099', 'longitude': '-41.1799'}, 'timezone': {'offset': '0:00', 'description': 'Western Europe Time, London, Lisbon, Casablanca'}}, 'email': 'jan-joost.vanhall@example.com', 'login': {'uuid': '6d79db6d-39a8-496c-bfff-17410018bf42', 'username': 'whitezebra200', 'password': 'veronika', 'salt': 'pLMIKxX0', 'md5': '29080581e85372fd089d8dcce7098d97', 'sha1': '9237d705215f2fe4ba58eebfe1f8b4760d4e95b6', 'sha256': 'f6b458ae3169c956b9dcf6f259ca86f4af88828c544a0b4ebb88c6a5c50fd045'}, 'dob': {'date': '1969-12-31T23:15:51.757Z', 'age': 54}, 'registered': {'date': '2007-10-30T00:32:39.251Z', 'age': 16}, 'phone': '(0816) 181036', 'cell': '(06) 89137740', 'id': {'name': 'BSN', 'value': '59877086'}, 'picture': {'large': 'https://randomuser.me/api/portraits/men/7.jpg', 'medium': 'https://randomuser.me/api/portraits/med/men/7.jpg', 'thumbnail': 'https://randomuser.me/api/portraits/thumb/men/7.jpg'}, 'nat': 'NL'}</msg>
<arg>${json_data['results'][0]}</arg>
<doc>Logs the given message with the given level.</doc>
<status status="PASS" start="2024-05-27T16:17:49.429415" elapsed="0.000412"/>
</kw>
<kw name="Log" owner="BuiltIn">
<msg time="2024-05-27T16:17:49.430252" level="INFO">email</msg>
<arg>${key}</arg>
<doc>Logs the given message with the given level.</doc>
<status status="PASS" start="2024-05-27T16:17:49.430123" elapsed="0.000166"/>
</kw>
<var name="${key}">email</var>
<status status="PASS" start="2024-05-27T16:17:49.428572" elapsed="0.001932"/>
</iter>
<iter>
<kw name="Dictionary Should Contain Key" owner="Collections">
<msg time="2024-05-27T16:17:49.431183" level="INFO">False</msg>
<arg>${json_data['results'][0]}</arg>
<arg>${key}</arg>
<doc>Fails if ``key`` is not found from ``dictionary``.</doc>
<status status="PASS" start="2024-05-27T16:17:49.430794" elapsed="0.000427"/>
</kw>
<kw name="Log" owner="BuiltIn">
<msg time="2024-05-27T16:17:49.431879" level="INFO">{'gender': 'male', 'name': {'title': 'Mr', 'first': 'Jan-Joost', 'last': 'Van Hall'}, 'location': {'street': {'number': 5852, 'name': 'Jacob Magnusstraat'}, 'city': 'Rijssen-Holten', 'state': 'Limburg', 'country': 'Netherlands', 'postcode': '5822 OU', 'coordinates': {'latitude': '36.7099', 'longitude': '-41.1799'}, 'timezone': {'offset': '0:00', 'description': 'Western Europe Time, London, Lisbon, Casablanca'}}, 'email': 'jan-joost.vanhall@example.com', 'login': {'uuid': '6d79db6d-39a8-496c-bfff-17410018bf42', 'username': 'whitezebra200', 'password': 'veronika', 'salt': 'pLMIKxX0', 'md5': '29080581e85372fd089d8dcce7098d97', 'sha1': '9237d705215f2fe4ba58eebfe1f8b4760d4e95b6', 'sha256': 'f6b458ae3169c956b9dcf6f259ca86f4af88828c544a0b4ebb88c6a5c50fd045'}, 'dob': {'date': '1969-12-31T23:15:51.757Z', 'age': 54}, 'registered': {'date': '2007-10-30T00:32:39.251Z', 'age': 16}, 'phone': '(0816) 181036', 'cell': '(06) 89137740', 'id': {'name': 'BSN', 'value': '59877086'}, 'picture': {'large': 'https://randomuser.me/api/portraits/men/7.jpg', 'medium': 'https://randomuser.me/api/portraits/med/men/7.jpg', 'thumbnail': 'https://randomuser.me/api/portraits/thumb/men/7.jpg'}, 'nat': 'NL'}</msg>
<arg>${json_data['results'][0]}</arg>
<doc>Logs the given message with the given level.</doc>
<status status="PASS" start="2024-05-27T16:17:49.431518" elapsed="0.000409"/>
</kw>
<kw name="Log" owner="BuiltIn">
<msg time="2024-05-27T16:17:49.432421" level="INFO">login</msg>
<arg>${key}</arg>
<doc>Logs the given message with the given level.</doc>
<status status="PASS" start="2024-05-27T16:17:49.432283" elapsed="0.000177"/>
</kw>
<var name="${key}">login</var>
<status status="PASS" start="2024-05-27T16:17:49.430681" elapsed="0.002001"/>
</iter>
<var>${key}</var>
<value>@{expected_keys}</value>
<status status="PASS" start="2024-05-27T16:17:49.421858" elapsed="0.010949"/>
</for>
<kw name="Create List" owner="BuiltIn">
<msg time="2024-05-27T16:17:49.433145" level="INFO">${expected_keysTwo} = ['username', 'password']</msg>
<var>${expected_keysTwo}</var>
<arg>username</arg>
<arg>password</arg>
<doc>Returns a list containing given items.</doc>
<status status="PASS" start="2024-05-27T16:17:49.433001" elapsed="0.000168"/>
</kw>
<for flavor="IN">
<iter>
<kw name="Dictionary Should Contain Key" owner="Collections">
<msg time="2024-05-27T16:17:49.434065" level="INFO">False</msg>
<arg>${json_data['results'][0]['login']}</arg>
<arg>${keyTwo}</arg>
<doc>Fails if ``key`` is not found from ``dictionary``.</doc>
<status status="PASS" start="2024-05-27T16:17:49.433675" elapsed="0.000428"/>
</kw>
<kw name="Dictionary Should Contain Key" owner="Collections">
<msg time="2024-05-27T16:17:49.434793" level="INFO">False</msg>
<arg>${json_data['results'][0]['login']}</arg>
<arg>${keyTwo}</arg>
<doc>Fails if ``key`` is not found from ``dictionary``.</doc>
<status status="PASS" start="2024-05-27T16:17:49.434406" elapsed="0.000427"/>
</kw>
<kw name="Log" owner="BuiltIn">
<msg time="2024-05-27T16:17:49.435254" level="INFO">username</msg>
<arg>${keyTwo}</arg>
<doc>Logs the given message with the given level.</doc>
<status status="PASS" start="2024-05-27T16:17:49.435126" elapsed="0.000166"/>
</kw>
<var name="${keyTwo}">username</var>
<status status="PASS" start="2024-05-27T16:17:49.433563" elapsed="0.001941"/>
</iter>
<iter>
<kw name="Dictionary Should Contain Key" owner="Collections">
<msg time="2024-05-27T16:17:49.436174" level="INFO">False</msg>
<arg>${json_data['results'][0]['login']}</arg>
<arg>${keyTwo}</arg>
<doc>Fails if ``key`` is not found from ``dictionary``.</doc>
<status status="PASS" start="2024-05-27T16:17:49.435793" elapsed="0.000419"/>
</kw>
<kw name="Dictionary Should Contain Key" owner="Collections">
<msg time="2024-05-27T16:17:49.436999" level="INFO">False</msg>
<arg>${json_data['results'][0]['login']}</arg>
<arg>${keyTwo}</arg>
<doc>Fails if ``key`` is not found from ``dictionary``.</doc>
<status status="PASS" start="2024-05-27T16:17:49.436541" elapsed="0.000497"/>
</kw>
<kw name="Log" owner="BuiltIn">
<msg time="2024-05-27T16:17:49.437469" level="INFO">password</msg>
<arg>${keyTwo}</arg>
<doc>Logs the given message with the given level.</doc>
<status status="PASS" start="2024-05-27T16:17:49.437339" elapsed="0.000166"/>
</kw>
<var name="${keyTwo}">password</var>
<status status="PASS" start="2024-05-27T16:17:49.435677" elapsed="0.002044"/>
</iter>
<var>${keyTwo}</var>
<value>@{expected_keysTwo}</value>
<status status="PASS" start="2024-05-27T16:17:49.433407" elapsed="0.004439"/>
</for>
<status status="PASS" start="2024-05-27T16:17:49.319711" elapsed="0.118278"/>
</kw>
<doc>Testa a estrutura da resposta da API.</doc>
<tag>testeEstruturaResposta</tag>
<status status="PASS" start="2024-05-27T16:17:49.319042" elapsed="0.119116"/>
</test>
<test id="s1-s1-t4" name="Validar tipos de dados" line="28">
<kw name="Teste de Tipos de Dados" owner="random-user-service">
<kw name="GET On Session" owner="RequestsLibrary">
<msg time="2024-05-27T16:17:49.522205" level="INFO">GET Request : url=https://randomuser.me/api 
 path_url=/api 
 headers={'User-Agent': 'python-requests/2.32.2', 'Accept-Encoding': 'gzip, deflate', 'Accept': '*/*', 'Connection': 'keep-alive'} 
 body=None 
 </msg>
<msg time="2024-05-27T16:17:49.522315" level="INFO">GET Response : url=https://randomuser.me/api 
 status=200, reason=OK 
 headers={'Date': 'Mon, 27 May 2024 16:17:49 GMT', 'Content-Type': 'application/json; charset=utf-8', 'Transfer-Encoding': 'chunked', 'Connection': 'keep-alive', 'X-Powered-By': 'Express', 'Access-Control-Allow-Origin': '*', 'Cache-Control': 'no-cache', 'ETag': 'W/"471-lNkc1MFDT+TkniWSC7WySPX3k3Y"', 'Vary': 'Accept-Encoding', 'Content-Encoding': 'gzip', 'CF-Cache-Status': 'DYNAMIC', 'Report-To': '{"endpoints":[{"url":"https:\\/\\/a.nel.cloudflare.com\\/report\\/v4?s=pSzy7ficH5nsYVvWxZypvt8B6s3LcGzqJrGABCmcQZ%2FuUuqg4j%2FdCHFBu%2BJ2kzWbQB3cke2RQUb%2FX1VGehQEjWRP5erOdO%2FjPcIuYRgjPnfM42DW6CGZGw9M9OwWASfe"}],"group":"cf-nel","max_age":604800}', 'NEL': '{"success_fraction":0,"report_to":"cf-nel","max_age":604800}', 'Server': 'cloudflare', 'CF-RAY': '88a7513c0e9d399d-IAD', 'alt-svc': 'h3=":443"; ma=86400'} 
 body={"results":[{"gender":"female","name":{"title":"Miss","first":"Olivia","last":"Olsen"},"location":{"street":{"number":832,"name":"Østermarken"},"city":"Aarhus","state":"Syddanmark","country":"Denmark","postcode":76826,"coordinates":{"latitude":"-43.6119","longitude":"10.7050"},"timezone":{"offset":"-9:00","description":"Alaska"}},"email":"olivia.olsen@example.com","login":{"uuid":"ca021f0e-b4cc-4ed7-a2d8-e78648faa9ad","username":"orangetiger529","password":"starcraft","salt":"pXX4ZDxi","md5":"c893da88fae027b9b37680e23f624480","sha1":"a0b7027894fcc07d1160202cc87d9689ba7c0e73","sha256":"b1c0e183ca3621609f8a24d630f0a8ab79426f263acea05034e69de45057ec15"},"dob":{"date":"1975-04-29T16:15:09.992Z","age":49},"registered":{"date":"2010-10-09T16:54:23.276Z","age":13},"phone":"59665682","cell":"03862105","id":{"name":"CPR","value":"290475-5561"},"picture":{"large":"https://randomuser.me/api/portraits/women/29.jpg","medium":"https://randomuser.me/api/portraits/med/women/29.jpg","thumbnail":"https://randomuser.me/api/portraits/thumb/women/29.jpg"},"nat":"DK"}],"info":{"seed":"369e50a77564e972","results":1,"page":1,"version":"1.4"}} 
 </msg>
<msg time="2024-05-27T16:17:49.522395" level="INFO">/opt/hostedtoolcache/Python/3.12.3/x64/lib/python3.12/site-packages/urllib3/connectionpool.py:1103: InsecureRequestWarning: Unverified HTTPS request is being made to host 'randomuser.me'. Adding certificate verification is strongly advised. See: https://urllib3.readthedocs.io/en/latest/advanced-usage.html#tls-warnings
  warnings.warn(</msg>
<msg time="2024-05-27T16:17:49.522532" level="INFO">${response} = &lt;Response [200]&gt;</msg>
<var>${response}</var>
<arg>consultarAPI</arg>
<arg>/api</arg>
<doc>Sends a GET request on a previously created HTTP Session.</doc>
<status status="PASS" start="2024-05-27T16:17:49.440750" elapsed="0.081828"/>
</kw>
<kw name="Set Variable" owner="BuiltIn">
<msg time="2024-05-27T16:17:49.523828" level="INFO">${json_data} = {'results': [{'gender': 'female', 'name': {'title': 'Miss', 'first': 'Olivia', 'last': 'Olsen'}, 'location': {'street': {'number': 832, 'name': 'Østermarken'}, 'city': 'Aarhus', 'state': 'Syddanmark',...</msg>
<var>${json_data}</var>
<arg>${response.json()}</arg>
<doc>Returns the given values which can then be assigned to a variables.</doc>
<status status="PASS" start="2024-05-27T16:17:49.523246" elapsed="0.000612"/>
</kw>
<kw name="Log" owner="BuiltIn">
<msg time="2024-05-27T16:17:49.524372" level="INFO">{'results': [{'gender': 'female', 'name': {'title': 'Miss', 'first': 'Olivia', 'last': 'Olsen'}, 'location': {'street': {'number': 832, 'name': 'Østermarken'}, 'city': 'Aarhus', 'state': 'Syddanmark', 'country': 'Denmark', 'postcode': 76826, 'coordinates': {'latitude': '-43.6119', 'longitude': '10.7050'}, 'timezone': {'offset': '-9:00', 'description': 'Alaska'}}, 'email': 'olivia.olsen@example.com', 'login': {'uuid': 'ca021f0e-b4cc-4ed7-a2d8-e78648faa9ad', 'username': 'orangetiger529', 'password': 'starcraft', 'salt': 'pXX4ZDxi', 'md5': 'c893da88fae027b9b37680e23f624480', 'sha1': 'a0b7027894fcc07d1160202cc87d9689ba7c0e73', 'sha256': 'b1c0e183ca3621609f8a24d630f0a8ab79426f263acea05034e69de45057ec15'}, 'dob': {'date': '1975-04-29T16:15:09.992Z', 'age': 49}, 'registered': {'date': '2010-10-09T16:54:23.276Z', 'age': 13}, 'phone': '59665682', 'cell': '03862105', 'id': {'name': 'CPR', 'value': '290475-5561'}, 'picture': {'large': 'https://randomuser.me/api/portraits/women/29.jpg', 'medium': 'https://randomuser.me/api/portraits/med/women/29.jpg', 'thumbnail': 'https://randomuser.me/api/portraits/thumb/women/29.jpg'}, 'nat': 'DK'}], 'info': {'seed': '369e50a77564e972', 'results': 1, 'page': 1, 'version': '1.4'}}</msg>
<arg>${json_data}</arg>
<doc>Logs the given message with the given level.</doc>
<status status="PASS" start="2024-05-27T16:17:49.524171" elapsed="0.000289"/>
</kw>
<kw name="Should Be String" owner="String">
<arg>${json_data['results'][0]['gender']}</arg>
<doc>Fails if the given ``item`` is not a string.</doc>
<status status="PASS" start="2024-05-27T16:17:49.524766" elapsed="0.000368"/>
</kw>
<kw name="Should Match Regexp" owner="BuiltIn">
<arg>${json_data['results'][0]['email']}</arg>
<arg>^[a-zA-Z0-9._%+-]+@[a-zA-Z0-9.-]+\.[a-zA-Z]{2,}$</arg>
<doc>Fails if ``string`` does not match ``pattern`` as a regular expression.</doc>
<status status="PASS" start="2024-05-27T16:17:49.525331" elapsed="0.000508"/>
</kw>
<kw name="Should Match Regexp" owner="BuiltIn">
<arg>${json_data['results'][0]['dob']['date']}</arg>
<arg>\\d{4}-\\d{2}-\\d{2}T\\d{2}:\\d{2}:\\d{2}\\.\\d{3}Z</arg>
<doc>Fails if ``string`` does not match ``pattern`` as a regular expression.</doc>
<status status="PASS" start="2024-05-27T16:17:49.526036" elapsed="0.000491"/>
</kw>
<kw name="Should Match Regexp" owner="BuiltIn">
<arg>${json_data['results'][0]['registered']['date']}</arg>
<arg>\\d{4}-\\d{2}-\\d{2}T\\d{2}:\\d{2}:\\d{2}\\.\\d{3}Z</arg>
<doc>Fails if ``string`` does not match ``pattern`` as a regular expression.</doc>
<status status="PASS" start="2024-05-27T16:17:49.526723" elapsed="0.000368"/>
</kw>
<kw name="Should Match Regexp" owner="BuiltIn">
<arg>${json_data['results'][0]['picture']['large']}</arg>
<arg>^https?://.*\.(?:png|jpe?g|gif|bmp)$</arg>
<doc>Fails if ``string`` does not match ``pattern`` as a regular expression.</doc>
<status status="PASS" start="2024-05-27T16:17:49.527288" elapsed="0.000461"/>
</kw>
<kw name="Should Match Regexp" owner="BuiltIn">
<arg>${json_data['results'][0]['picture']['medium']}</arg>
<arg>^https?://.*\.(?:png|jpe?g|gif|bmp)$</arg>
<doc>Fails if ``string`` does not match ``pattern`` as a regular expression.</doc>
<status status="PASS" start="2024-05-27T16:17:49.527939" elapsed="0.000400"/>
</kw>
<kw name="Should Match Regexp" owner="BuiltIn">
<arg>${json_data['results'][0]['picture']['thumbnail']}</arg>
<arg>^https?://.*\.(?:png|jpe?g|gif|bmp)$</arg>
<doc>Fails if ``string`` does not match ``pattern`` as a regular expression.</doc>
<status status="PASS" start="2024-05-27T16:17:49.528536" elapsed="0.000361"/>
</kw>
<kw name="Log" owner="BuiltIn">
<msg time="2024-05-27T16:17:49.529422" level="INFO">{'large': 'https://randomuser.me/api/portraits/women/29.jpg', 'medium': 'https://randomuser.me/api/portraits/med/women/29.jpg', 'thumbnail': 'https://randomuser.me/api/portraits/thumb/women/29.jpg'}</msg>
<arg>${json_data['results'][0]['picture']}</arg>
<doc>Logs the given message with the given level.</doc>
<status status="PASS" start="2024-05-27T16:17:49.529095" elapsed="0.000370"/>
</kw>
<status status="PASS" start="2024-05-27T16:17:49.440517" elapsed="0.089208"/>
</kw>
<kw name="Teste de Tipos de Dados - Postcode" owner="random-user-service">
<kw name="GET On Session" owner="RequestsLibrary">
<msg time="2024-05-27T16:17:49.616688" level="INFO">GET Request : url=https://randomuser.me/api 
 path_url=/api 
 headers={'User-Agent': 'python-requests/2.32.2', 'Accept-Encoding': 'gzip, deflate', 'Accept': '*/*', 'Connection': 'keep-alive'} 
 body=None 
 </msg>
<msg time="2024-05-27T16:17:49.616811" level="INFO">GET Response : url=https://randomuser.me/api 
 status=200, reason=OK 
 headers={'Date': 'Mon, 27 May 2024 16:17:49 GMT', 'Content-Type': 'application/json; charset=utf-8', 'Transfer-Encoding': 'chunked', 'Connection': 'keep-alive', 'X-Powered-By': 'Express', 'Access-Control-Allow-Origin': '*', 'Cache-Control': 'no-cache', 'ETag': 'W/"493-UMj7F7mrreWPG/1o1Cmm2toJc6M"', 'Vary': 'Accept-Encoding', 'Content-Encoding': 'gzip', 'CF-Cache-Status': 'DYNAMIC', 'Report-To': '{"endpoints":[{"url":"https:\\/\\/a.nel.cloudflare.com\\/report\\/v4?s=kS5gt5WGli%2FozY%2BvDWcfw07TwjSxnsXvmOwyz%2Fpa4WHr7CG%2FDBi2vDbhCmUHJGhpaPU6HX7VlAOv2hDFM%2FU%2FMG%2BVTqcqvfJbrRNN6Oh%2FzFBJtFt5Xt6RDxH%2BIeBBlrM9"}],"group":"cf-nel","max_age":604800}', 'NEL': '{"success_fraction":0,"report_to":"cf-nel","max_age":604800}', 'Server': 'cloudflare', 'CF-RAY': '88a7513c9f47399d-IAD', 'alt-svc': 'h3=":443"; ma=86400'} 
 body={"results":[{"gender":"female","name":{"title":"Mrs","first":"Matilda","last":"Wainio"},"location":{"street":{"number":9396,"name":"Rotuaari"},"city":"Eura","state":"Uusimaa","country":"Finland","postcode":31241,"coordinates":{"latitude":"-24.7496","longitude":"113.9336"},"timezone":{"offset":"+4:00","description":"Abu Dhabi, Muscat, Baku, Tbilisi"}},"email":"matilda.wainio@example.com","login":{"uuid":"8f79fb0e-3e93-4509-8733-7fa7fd226930","username":"brownladybug948","password":"carrie","salt":"5JnwbLWC","md5":"ff2f2bc2b841bcb7ec23f4f2f55adf2a","sha1":"4be357c61912ebabf08ae5a42bbdf4ac683eddff","sha256":"d844bd503bd6e7848d059957a71f7823a9a0a8aaccf8d010811b0e47500e767b"},"dob":{"date":"1982-11-26T20:59:45.783Z","age":41},"registered":{"date":"2012-03-21T20:04:16.234Z","age":12},"phone":"08-114-620","cell":"047-887-14-62","id":{"name":"HETU","value":"NaNNA948undefined"},"picture":{"large":"https://randomuser.me/api/portraits/women/93.jpg","medium":"https://randomuser.me/api/portraits/med/women/93.jpg","thumbnail":"https://randomuser.me/api/portraits/thumb/women/93.jpg"},"nat":"FI"}],"info":{"seed":"dbdf0af18526a4a7","results":1,"page":1,"version":"1.4"}} 
 </msg>
<msg time="2024-05-27T16:17:49.616894" level="INFO">/opt/hostedtoolcache/Python/3.12.3/x64/lib/python3.12/site-packages/urllib3/connectionpool.py:1103: InsecureRequestWarning: Unverified HTTPS request is being made to host 'randomuser.me'. Adding certificate verification is strongly advised. See: https://urllib3.readthedocs.io/en/latest/advanced-usage.html#tls-warnings
  warnings.warn(</msg>
<msg time="2024-05-27T16:17:49.617050" level="INFO">${response} = &lt;Response [200]&gt;</msg>
<var>${response}</var>
<arg>consultarAPI</arg>
<arg>/api</arg>
<doc>Sends a GET request on a previously created HTTP Session.</doc>
<status status="PASS" start="2024-05-27T16:17:49.530200" elapsed="0.086892"/>
</kw>
<kw name="Set Variable" owner="BuiltIn">
<msg time="2024-05-27T16:17:49.618330" level="INFO">${json_data} = {'results': [{'gender': 'female', 'name': {'title': 'Mrs', 'first': 'Matilda', 'last': 'Wainio'}, 'location': {'street': {'number': 9396, 'name': 'Rotuaari'}, 'city': 'Eura', 'state': 'Uusimaa', 'coun...</msg>
<var>${json_data}</var>
<arg>${response.json()}</arg>
<doc>Returns the given values which can then be assigned to a variables.</doc>
<status status="PASS" start="2024-05-27T16:17:49.617732" elapsed="0.000630"/>
</kw>
<kw name="Log" owner="BuiltIn">
<msg time="2024-05-27T16:17:49.618860" level="INFO">{'results': [{'gender': 'female', 'name': {'title': 'Mrs', 'first': 'Matilda', 'last': 'Wainio'}, 'location': {'street': {'number': 9396, 'name': 'Rotuaari'}, 'city': 'Eura', 'state': 'Uusimaa', 'country': 'Finland', 'postcode': 31241, 'coordinates': {'latitude': '-24.7496', 'longitude': '113.9336'}, 'timezone': {'offset': '+4:00', 'description': 'Abu Dhabi, Muscat, Baku, Tbilisi'}}, 'email': 'matilda.wainio@example.com', 'login': {'uuid': '8f79fb0e-3e93-4509-8733-7fa7fd226930', 'username': 'brownladybug948', 'password': 'carrie', 'salt': '5JnwbLWC', 'md5': 'ff2f2bc2b841bcb7ec23f4f2f55adf2a', 'sha1': '4be357c61912ebabf08ae5a42bbdf4ac683eddff', 'sha256': 'd844bd503bd6e7848d059957a71f7823a9a0a8aaccf8d010811b0e47500e767b'}, 'dob': {'date': '1982-11-26T20:59:45.783Z', 'age': 41}, 'registered': {'date': '2012-03-21T20:04:16.234Z', 'age': 12}, 'phone': '08-114-620', 'cell': '047-887-14-62', 'id': {'name': 'HETU', 'value': 'NaNNA948undefined'}, 'picture': {'large': 'https://randomuser.me/api/portraits/women/93.jpg', 'medium': 'https://randomuser.me/api/portraits/med/women/93.jpg', 'thumbnail': 'https://randomuser.me/api/portraits/thumb/women/93.jpg'}, 'nat': 'FI'}], 'info': {'seed': 'dbdf0af18526a4a7', 'results': 1, 'page': 1, 'version': '1.4'}}</msg>
<arg>${json_data}</arg>
<doc>Logs the given message with the given level.</doc>
<status status="PASS" start="2024-05-27T16:17:49.618699" elapsed="0.000245"/>
</kw>
<kw name="Should Be Equal As Numbers" owner="BuiltIn">
<arg>${json_data['results'][0]['location']['postcode']}</arg>
<arg>${json_data['results'][0]['location']['postcode']}</arg>
<doc>Fails if objects are unequal after converting them to real numbers.</doc>
<status status="PASS" start="2024-05-27T16:17:49.619263" elapsed="0.000824"/>
</kw>
<kw name="Log" owner="BuiltIn">
<msg time="2024-05-27T16:17:49.620670" level="INFO">31241</msg>
<arg>${json_data['results'][0]['location']['postcode']}</arg>
<doc>Logs the given message with the given level.</doc>
<status status="PASS" start="2024-05-27T16:17:49.620316" elapsed="0.000396"/>
</kw>
<status status="PASS" start="2024-05-27T16:17:49.529962" elapsed="0.091013"/>
</kw>
<doc>Testa se os tipos de dados na resposta da API estão corretos.</doc>
<tag>testeTiposDados</tag>
<status status="PASS" start="2024-05-27T16:17:49.439923" elapsed="0.181226"/>
</test>
<test id="s1-s1-t5" name="Validar conteudo" line="35">
<kw name="Teste de Tipos de Conteudo" owner="random-user-service">
<kw name="GET On Session" owner="RequestsLibrary">
<msg time="2024-05-27T16:17:49.719314" level="INFO">GET Request : url=https://randomuser.me/api 
 path_url=/api 
 headers={'User-Agent': 'python-requests/2.32.2', 'Accept-Encoding': 'gzip, deflate', 'Accept': '*/*', 'Connection': 'keep-alive'} 
 body=None 
 </msg>
<msg time="2024-05-27T16:17:49.719420" level="INFO">GET Response : url=https://randomuser.me/api 
 status=200, reason=OK 
 headers={'Date': 'Mon, 27 May 2024 16:17:49 GMT', 'Content-Type': 'application/json; charset=utf-8', 'Transfer-Encoding': 'chunked', 'Connection': 'keep-alive', 'X-Powered-By': 'Express', 'Access-Control-Allow-Origin': '*', 'Cache-Control': 'no-cache', 'ETag': 'W/"469-FYRoxoFaSojuebaKQkxwKqGWJgg"', 'Vary': 'Accept-Encoding', 'Content-Encoding': 'gzip', 'CF-Cache-Status': 'DYNAMIC', 'Report-To': '{"endpoints":[{"url":"https:\\/\\/a.nel.cloudflare.com\\/report\\/v4?s=xlHz%2BVUb69b1oYtnWLxn5Iie3S6hc0ABdrpvstI3ismQ1wsVMWhBNxGRRoJVjZkr4g1skpNTVnb%2FcUcWWamqKNJhIHwoiEt9fHXCaMZo%2FW9NJAyeVrLihSZAcQ9%2BeBcF"}],"group":"cf-nel","max_age":604800}', 'NEL': '{"success_fraction":0,"report_to":"cf-nel","max_age":604800}', 'Server': 'cloudflare', 'CF-RAY': '88a7513d2ff4399d-IAD', 'alt-svc': 'h3=":443"; ma=86400'} 
 body={"results":[{"gender":"male","name":{"title":"Mr","first":"Pranay","last":"Prabhu"},"location":{"street":{"number":6560,"name":"Chaman Ganj"},"city":"Kamarhati","state":"Punjab","country":"India","postcode":14542,"coordinates":{"latitude":"5.3149","longitude":"-128.2514"},"timezone":{"offset":"-10:00","description":"Hawaii"}},"email":"pranay.prabhu@example.com","login":{"uuid":"ba1a27c0-c08d-47ed-9502-abfc1bfb5f92","username":"angrydog707","password":"fighting","salt":"XbG1B5Yw","md5":"ac1113ef8c40b93882144ad329eddf9f","sha1":"66d5fcbbcad7d5c208437115ce6fa0048463a67a","sha256":"6799689c4d05fadd36e9862c010c39b453c07b7cbba0109f64e09d5c1dc253a0"},"dob":{"date":"1986-07-03T13:10:11.233Z","age":37},"registered":{"date":"2021-11-16T13:02:58.757Z","age":2},"phone":"7796395159","cell":"7683500988","id":{"name":"UIDAI","value":"019637108633"},"picture":{"large":"https://randomuser.me/api/portraits/men/77.jpg","medium":"https://randomuser.me/api/portraits/med/men/77.jpg","thumbnail":"https://randomuser.me/api/portraits/thumb/men/77.jpg"},"nat":"IN"}],"info":{"seed":"971704d1d4225d8f","results":1,"page":1,"version":"1.4"}} 
 </msg>
<msg time="2024-05-27T16:17:49.719494" level="INFO">/opt/hostedtoolcache/Python/3.12.3/x64/lib/python3.12/site-packages/urllib3/connectionpool.py:1103: InsecureRequestWarning: Unverified HTTPS request is being made to host 'randomuser.me'. Adding certificate verification is strongly advised. See: https://urllib3.readthedocs.io/en/latest/advanced-usage.html#tls-warnings
  warnings.warn(</msg>
<msg time="2024-05-27T16:17:49.719625" level="INFO">${response} = &lt;Response [200]&gt;</msg>
<var>${response}</var>
<arg>consultarAPI</arg>
<arg>/api</arg>
<doc>Sends a GET request on a previously created HTTP Session.</doc>
<status status="PASS" start="2024-05-27T16:17:49.623785" elapsed="0.095882"/>
</kw>
<kw name="Set Variable" owner="BuiltIn">
<msg time="2024-05-27T16:17:49.720958" level="INFO">${json_data} = {'results': [{'gender': 'male', 'name': {'title': 'Mr', 'first': 'Pranay', 'last': 'Prabhu'}, 'location': {'street': {'number': 6560, 'name': 'Chaman Ganj'}, 'city': 'Kamarhati', 'state': 'Punjab', 'c...</msg>
<var>${json_data}</var>
<arg>${response.json()}</arg>
<doc>Returns the given values which can then be assigned to a variables.</doc>
<status status="PASS" start="2024-05-27T16:17:49.720380" elapsed="0.000609"/>
</kw>
<kw name="Set Variable" owner="BuiltIn">
<msg time="2024-05-27T16:17:49.721731" level="INFO">${name_title} = Mr</msg>
<var>${name_title}</var>
<arg>${json_data["results"][0]["name"]["title"]}</arg>
<doc>Returns the given values which can then be assigned to a variables.</doc>
<status status="PASS" start="2024-05-27T16:17:49.721333" elapsed="0.000423"/>
</kw>
<kw name="Create List" owner="BuiltIn">
<msg time="2024-05-27T16:17:49.722217" level="INFO">${allowed_titles} = ['Mr', 'Ms', 'Miss', 'Mrs', 'Madame', 'Monsieur']</msg>
<var>${allowed_titles}</var>
<arg>Mr</arg>
<arg>Ms</arg>
<arg>Miss</arg>
<arg>Mrs</arg>
<arg>Madame</arg>
<arg>Monsieur</arg>
<doc>Returns a list containing given items.</doc>
<status status="PASS" start="2024-05-27T16:17:49.722063" elapsed="0.000180"/>
</kw>
<kw name="List Should Contain Value" owner="Collections">
<msg time="2024-05-27T16:17:49.722733" level="INFO">False</msg>
<arg>${allowed_titles}</arg>
<arg>${name_title}</arg>
<doc>Fails if the ``value`` is not found from ``list``.</doc>
<status status="PASS" start="2024-05-27T16:17:49.722553" elapsed="0.000217"/>
</kw>
<kw name="Set Variable" owner="BuiltIn">
<msg time="2024-05-27T16:17:49.723452" level="INFO">${name_country} = IN</msg>
<var>${name_country}</var>
<arg>${json_data["results"][0]["nat"]}</arg>
<doc>Returns the given values which can then be assigned to a variables.</doc>
<status status="PASS" start="2024-05-27T16:17:49.723064" elapsed="0.000414"/>
</kw>
<kw name="Create List" owner="BuiltIn">
<msg time="2024-05-27T16:17:49.724420" level="INFO">${list_country} = ['AD', 'AE', 'AF', 'AG', 'AI', 'AL', 'AM', 'AO', 'AQ', 'AR', 'AS', 'AT', 'AU', 'AW', 'AX', 'AZ', 'BA', 'BB', 'BD', 'BE', 'BF', 'BG', 'BH', 'BI', 'BJ', 'BL', 'BM', 'BN', 'BO', 'BQ', 'BR', 'BS', 'BT', '...</msg>
<var>${list_country}</var>
<arg>AD</arg>
<arg>AE</arg>
<arg>AF</arg>
<arg>AG</arg>
<arg>AI</arg>
<arg>AL</arg>
<arg>AM</arg>
<arg>AO</arg>
<arg>AQ</arg>
<arg>AR</arg>
<arg>AS</arg>
<arg>AT</arg>
<arg>AU</arg>
<arg>AW</arg>
<arg>AX</arg>
<arg>AZ</arg>
<arg>BA</arg>
<arg>BB</arg>
<arg>BD</arg>
<arg>BE</arg>
<arg>BF</arg>
<arg>BG</arg>
<arg>BH</arg>
<arg>BI</arg>
<arg>BJ</arg>
<arg>BL</arg>
<arg>BM</arg>
<arg>BN</arg>
<arg>BO</arg>
<arg>BQ</arg>
<arg>BR</arg>
<arg>BS</arg>
<arg>BT</arg>
<arg>BV</arg>
<arg>BW</arg>
<arg>BY</arg>
<arg>BZ</arg>
<arg>CA</arg>
<arg>CC</arg>
<arg>CD</arg>
<arg>CF</arg>
<arg>CG</arg>
<arg>CH</arg>
<arg>CI</arg>
<arg>CK</arg>
<arg>CL</arg>
<arg>CM</arg>
<arg>CN</arg>
<arg>CO</arg>
<arg>CR</arg>
<arg>CU</arg>
<arg>CV</arg>
<arg>CW</arg>
<arg>CX</arg>
<arg>CY</arg>
<arg>CZ</arg>
<arg>DE</arg>
<arg>DJ</arg>
<arg>DK</arg>
<arg>DM</arg>
<arg>DO</arg>
<arg>DZ</arg>
<arg>EC</arg>
<arg>EE</arg>
<arg>EG</arg>
<arg>EH</arg>
<arg>ER</arg>
<arg>ES</arg>
<arg>ET</arg>
<arg>FI</arg>
<arg>FJ</arg>
<arg>FK</arg>
<arg>FM</arg>
<arg>FO</arg>
<arg>FR</arg>
<arg>GA</arg>
<arg>GB</arg>
<arg>GD</arg>
<arg>GE</arg>
<arg>GF</arg>
<arg>GG</arg>
<arg>GH</arg>
<arg>GI</arg>
<arg>GL</arg>
<arg>GM</arg>
<arg>GN</arg>
<arg>GP</arg>
<arg>GQ</arg>
<arg>GR</arg>
<arg>GS</arg>
<arg>GT</arg>
<arg>GU</arg>
<arg>GW</arg>
<arg>GY</arg>
<arg>HK</arg>
<arg>HM</arg>
<arg>HN</arg>
<arg>HR</arg>
<arg>HT</arg>
<arg>HU</arg>
<arg>ID</arg>
<arg>IE</arg>
<arg>IL</arg>
<arg>IM</arg>
<arg>IN</arg>
<arg>IO</arg>
<arg>IQ</arg>
<arg>IR</arg>
<arg>IS</arg>
<arg>IT</arg>
<arg>JE</arg>
<arg>JM</arg>
<arg>JO</arg>
<arg>JP</arg>
<arg>KE</arg>
<arg>KG</arg>
<arg>KH</arg>
<arg>KI</arg>
<arg>KM</arg>
<arg>KN</arg>
<arg>KP</arg>
<arg>KR</arg>
<arg>KW</arg>
<arg>KY</arg>
<arg>KZ</arg>
<arg>LA</arg>
<arg>LB</arg>
<arg>LC</arg>
<arg>LI</arg>
<arg>LK</arg>
<arg>LR</arg>
<arg>LS</arg>
<arg>LT</arg>
<arg>LU</arg>
<arg>LV</arg>
<arg>LY</arg>
<arg>MA</arg>
<arg>MC</arg>
<arg>MD</arg>
<arg>ME</arg>
<arg>MF</arg>
<arg>MG</arg>
<arg>MH</arg>
<arg>MK</arg>
<arg>ML</arg>
<arg>MM</arg>
<arg>MN</arg>
<arg>MO</arg>
<arg>MP</arg>
<arg>MQ</arg>
<arg>MR</arg>
<arg>MS</arg>
<arg>MT</arg>
<arg>MU</arg>
<arg>MV</arg>
<arg>MW</arg>
<arg>MX</arg>
<arg>MY</arg>
<arg>MZ</arg>
<arg>NA</arg>
<arg>NC</arg>
<arg>NE</arg>
<arg>NF</arg>
<arg>NG</arg>
<arg>NI</arg>
<arg>NL</arg>
<arg>NO</arg>
<arg>NP</arg>
<arg>NR</arg>
<arg>NU</arg>
<arg>NZ</arg>
<arg>OM</arg>
<arg>PA</arg>
<arg>PE</arg>
<arg>PF</arg>
<arg>PG</arg>
<arg>PH</arg>
<arg>PK</arg>
<arg>PL</arg>
<arg>PM</arg>
<arg>PN</arg>
<arg>PR</arg>
<arg>PS</arg>
<arg>PT</arg>
<arg>PW</arg>
<arg>PY</arg>
<arg>QA</arg>
<arg>RE</arg>
<arg>RO</arg>
<arg>RS</arg>
<arg>RU</arg>
<arg>RW</arg>
<arg>SA</arg>
<arg>SB</arg>
<arg>SC</arg>
<arg>SD</arg>
<arg>SE</arg>
<arg>SG</arg>
<arg>SH</arg>
<arg>SI</arg>
<arg>SJ</arg>
<arg>SK</arg>
<arg>SL</arg>
<arg>SM</arg>
<arg>SN</arg>
<arg>SO</arg>
<arg>SR</arg>
<arg>SS</arg>
<arg>ST</arg>
<arg>SV</arg>
<arg>SX</arg>
<arg>SY</arg>
<arg>SZ</arg>
<arg>TC</arg>
<arg>TD</arg>
<arg>TF</arg>
<arg>TG</arg>
<arg>TH</arg>
<arg>TJ</arg>
<arg>TK</arg>
<arg>TL</arg>
<arg>TM</arg>
<arg>TN</arg>
<arg>TO</arg>
<arg>TR</arg>
<arg>TT</arg>
<arg>TV</arg>
<arg>TW</arg>
<arg>TZ</arg>
<arg>UA</arg>
<arg>UG</arg>
<arg>UM</arg>
<arg>US</arg>
<arg>UY</arg>
<arg>UZ</arg>
<arg>VA</arg>
<arg>VC</arg>
<arg>VE</arg>
<arg>VG</arg>
<arg>VI</arg>
<arg>VN</arg>
<arg>VU</arg>
<arg>WF</arg>
<arg>WS</arg>
<arg>XK</arg>
<arg>YE</arg>
<arg>YT</arg>
<arg>ZA</arg>
<arg>ZM</arg>
<arg>ZW</arg>
<doc>Returns a list containing given items.</doc>
<status status="PASS" start="2024-05-27T16:17:49.723784" elapsed="0.000664"/>
</kw>
<kw name="List Should Contain Value" owner="Collections">
<msg time="2024-05-27T16:17:49.725449" level="INFO">False</msg>
<arg>${list_country}</arg>
<arg>${name_country}</arg>
<doc>Fails if the ``value`` is not found from ``list``.</doc>
<status status="PASS" start="2024-05-27T16:17:49.725242" elapsed="0.000244"/>
</kw>
<kw name="Run Keyword If" owner="BuiltIn">
<kw name="Should Be True" owner="BuiltIn">
<arg>${True}</arg>
<doc>Fails if the given condition is not true.</doc>
<status status="PASS" start="2024-05-27T16:17:49.726552" elapsed="0.000145"/>
</kw>
<arg>${json_data["results"][0]["location"]["coordinates"]["latitude"]} &gt;= -90 and ${json_data["results"][0]["location"]["coordinates"]["latitude"]} &lt;= 90</arg>
<arg>Should Be True</arg>
<arg>${True}</arg>
<doc>Runs the given keyword with the given arguments, if ``condition`` is true.</doc>
<status status="PASS" start="2024-05-27T16:17:49.725798" elapsed="0.001026"/>
</kw>
<kw name="Run Keyword If" owner="BuiltIn">
<kw name="Should Be True" owner="BuiltIn">
<arg>${True}</arg>
<doc>Fails if the given condition is not true.</doc>
<status status="PASS" start="2024-05-27T16:17:49.727714" elapsed="0.000275"/>
</kw>
<arg>${json_data["results"][0]["location"]["coordinates"]["longitude"]} &gt;= -180 and ${json_data["results"][0]["location"]["coordinates"]["longitude"]} &lt;= 180</arg>
<arg>Should Be True</arg>
<arg>${True}</arg>
<doc>Runs the given keyword with the given arguments, if ``condition`` is true.</doc>
<status status="PASS" start="2024-05-27T16:17:49.727011" elapsed="0.001106"/>
</kw>
<status status="PASS" start="2024-05-27T16:17:49.623531" elapsed="0.104755"/>
</kw>
<doc>Testa o conteúdo específico dos campos retornados pela API.</doc>
<tag>testeConteudo</tag>
<status status="PASS" start="2024-05-27T16:17:49.622956" elapsed="0.105506"/>
</test>
<status status="PASS" start="2024-05-27T16:17:48.898166" elapsed="0.832282"/>
</suite>
<status status="PASS" start="2024-05-27T16:17:48.884644" elapsed="0.851533"/>
</suite>
<statistics>
<total>
<stat pass="5" fail="0" skip="0">All Tests</stat>
</total>
<tag>
<stat pass="1" fail="0" skip="0">testeConteudo</stat>
<stat pass="1" fail="0" skip="0">testeEstruturaResposta</stat>
<stat pass="1" fail="0" skip="0">testeRequisicaoBasica</stat>
<stat pass="1" fail="0" skip="0">testeTiposDados</stat>
</tag>
<suite>
<stat pass="5" fail="0" skip="0" id="s1" name="Tests">Tests</stat>
<stat pass="5" fail="0" skip="0" id="s1-s1" name="Random-User-Test">Tests.Random-User-Test</stat>
</suite>
</statistics>
<errors>
</errors>
</robot>
