<?xml version="1.0" encoding="UTF-8"?>
<robot generator="Robot 7.0.1 (Python 3.12.4 on linux)" generated="2024-07-23T09:16:33.803650" rpa="false" schemaversion="5">
<suite id="s1" name="Tests" source="/home/runner/work/ApiRandomUser/ApiRandomUser/RamdonUser/tests">
<suite id="s1-s1" name="Random-User-Test" source="/home/runner/work/ApiRandomUser/ApiRandomUser/RamdonUser/tests/random-user-test.robot">
<test id="s1-s1-t1" name="Conectar" line="13">
<kw name="Conectar API" owner="random-user-service">
<kw name="Create Session" owner="RequestsLibrary">
<msg time="2024-07-23T09:16:34.222037" level="INFO">Creating Session using : alias=consultarAPI, url=https://randomuser.me/, headers={},                     cookies={}, auth=None, timeout=None, proxies=None, verify=False,                     debug=0 </msg>
<arg>consultarAPI</arg>
<arg>${URL}</arg>
<doc>Create Session: create a HTTP session to a server</doc>
<status status="PASS" start="2024-07-23T09:16:34.221826" elapsed="0.000424"/>
</kw>
<status status="PASS" start="2024-07-23T09:16:34.220821" elapsed="0.001791"/>
</kw>
<status status="PASS" start="2024-07-23T09:16:34.220263" elapsed="0.002548"/>
</test>
<test id="s1-s1-t2" name="Validar retorno 200 e JSON Válido" line="16">
<kw name="Teste de Requisicao Basica" owner="random-user-service">
<kw name="GET On Session" owner="RequestsLibrary">
<msg time="2024-07-23T09:16:34.408873" level="INFO">GET Request : url=https://randomuser.me/api 
 path_url=/api 
 headers={'User-Agent': 'python-requests/2.32.3', 'Accept-Encoding': 'gzip, deflate', 'Accept': '*/*', 'Connection': 'keep-alive'} 
 body=None 
 </msg>
<msg time="2024-07-23T09:16:34.409034" level="INFO">GET Response : url=https://randomuser.me/api 
 status=200, reason=OK 
 headers={'Date': 'Tue, 23 Jul 2024 09:16:34 GMT', 'Content-Type': 'application/json; charset=utf-8', 'Transfer-Encoding': 'chunked', 'Connection': 'keep-alive', 'X-Powered-By': 'Express', 'Access-Control-Allow-Origin': '*', 'Cache-Control': 'no-cache', 'ETag': 'W/"491-T3o7dizDo8KxYjWoh1125RyxJWE"', 'Vary': 'Accept-Encoding', 'Content-Encoding': 'gzip', 'CF-Cache-Status': 'DYNAMIC', 'Report-To': '{"endpoints":[{"url":"https:\\/\\/a.nel.cloudflare.com\\/report\\/v4?s=pwZlv1st9rgkfrZElNQ5c3vZSelv1LSwvUM79V8t7cmHajLtaen0CEUi98vQQCHuUFbMGeI0YpOVWy2BaB8WShTchGPwDtNob3cg%2BeWarUNOpKnAFHu7mqDdbEbS3W0t"}],"group":"cf-nel","max_age":604800}', 'NEL': '{"success_fraction":0,"report_to":"cf-nel","max_age":604800}', 'Server': 'cloudflare', 'CF-RAY': '8a7a928ae935c566-IAD', 'alt-svc': 'h3=":443"; ma=86400'} 
 body={"results":[{"gender":"female","name":{"title":"Mrs","first":"Danica","last":"Aleksić"},"location":{"street":{"number":6840,"name":"Stevana Luburića"},"city":"Ljubovija","state":"Jablanica","country":"Serbia","postcode":76164,"coordinates":{"latitude":"56.7074","longitude":"122.6927"},"timezone":{"offset":"-1:00","description":"Azores, Cape Verde Islands"}},"email":"danica.aleksic@example.com","login":{"uuid":"2086ad71-bee3-453d-88a1-c642d5bef3d6","username":"bigrabbit455","password":"nurses","salt":"45mvn2YF","md5":"f2caa89339d9c95972b3735a4a72d3be","sha1":"64a21e202d239812acfd1e69a31ef3f7f9f1bd23","sha256":"9d472c4f70c9a33a8fc95a3f7ad6edd18847037a71f28246a577e79bcb80052c"},"dob":{"date":"1959-02-04T03:12:49.892Z","age":65},"registered":{"date":"2005-02-05T10:52:05.141Z","age":19},"phone":"017-9928-360","cell":"065-1495-668","id":{"name":"SID","value":"425049414"},"picture":{"large":"https://randomuser.me/api/portraits/women/80.jpg","medium":"https://randomuser.me/api/portraits/med/women/80.jpg","thumbnail":"https://randomuser.me/api/portraits/thumb/women/80.jpg"},"nat":"RS"}],"info":{"seed":"b4f41cde1b17eed6","results":1,"page":1,"version":"1.4"}} 
 </msg>
<msg time="2024-07-23T09:16:34.409140" level="INFO">/opt/hostedtoolcache/Python/3.12.4/x64/lib/python3.12/site-packages/urllib3/connectionpool.py:1099: InsecureRequestWarning: Unverified HTTPS request is being made to host 'randomuser.me'. Adding certificate verification is strongly advised. See: https://urllib3.readthedocs.io/en/latest/advanced-usage.html#tls-warnings
  warnings.warn(</msg>
<msg time="2024-07-23T09:16:34.409262" level="INFO">${response} = &lt;Response [200]&gt;</msg>
<var>${response}</var>
<arg>consultarAPI</arg>
<arg>/api</arg>
<doc>Sends a GET request on a previously created HTTP Session.</doc>
<status status="PASS" start="2024-07-23T09:16:34.225572" elapsed="0.183733"/>
</kw>
<kw name="Should Be Equal As Numbers" owner="BuiltIn">
<msg time="2024-07-23T09:16:34.410195" level="INFO">Argument types are:
&lt;class 'int'&gt;
&lt;class 'str'&gt;</msg>
<arg>${response.status_code}</arg>
<arg>200</arg>
<doc>Fails if objects are unequal after converting them to real numbers.</doc>
<status status="PASS" start="2024-07-23T09:16:34.409764" elapsed="0.000494"/>
</kw>
<kw name="Log" owner="BuiltIn">
<msg time="2024-07-23T09:16:34.410995" level="INFO">200</msg>
<arg>${response.status_code}</arg>
<doc>Logs the given message with the given level.</doc>
<status status="PASS" start="2024-07-23T09:16:34.410578" elapsed="0.000480"/>
</kw>
<kw name="Set Variable" owner="BuiltIn">
<msg time="2024-07-23T09:16:34.411840" level="INFO">${json_data} = {'results': [{'gender': 'female', 'name': {'title': 'Mrs', 'first': 'Danica', 'last': 'Aleksić'}, 'location': {'street': {'number': 6840, 'name': 'Stevana Luburića'}, 'city': 'Ljubovija', 'state': 'Ja...</msg>
<var>${json_data}</var>
<arg>${response.json()}</arg>
<doc>Returns the given values which can then be assigned to a variables.</doc>
<status status="PASS" start="2024-07-23T09:16:34.411376" elapsed="0.000495"/>
</kw>
<kw name="Dictionary Should Contain Key" owner="Collections">
<arg>${json_data}</arg>
<arg>results</arg>
<doc>Fails if ``key`` is not found from ``dictionary``.</doc>
<status status="PASS" start="2024-07-23T09:16:34.412197" elapsed="0.000351"/>
</kw>
<status status="PASS" start="2024-07-23T09:16:34.225319" elapsed="0.187382"/>
</kw>
<doc>Testa se a API responde corretamente e retorna um objeto JSON válido.</doc>
<tag>testeRequisicaoBasica</tag>
<status status="PASS" start="2024-07-23T09:16:34.224782" elapsed="0.188089"/>
</test>
<test id="s1-s1-t3" name="Validar estrutura de resposta" line="22">
<kw name="Teste de Estrutura de Resposta" owner="random-user-service">
<kw name="GET On Session" owner="RequestsLibrary">
<msg time="2024-07-23T09:16:34.516721" level="INFO">GET Request : url=https://randomuser.me/api 
 path_url=/api 
 headers={'User-Agent': 'python-requests/2.32.3', 'Accept-Encoding': 'gzip, deflate', 'Accept': '*/*', 'Connection': 'keep-alive'} 
 body=None 
 </msg>
<msg time="2024-07-23T09:16:34.516803" level="INFO">GET Response : url=https://randomuser.me/api 
 status=200, reason=OK 
 headers={'Date': 'Tue, 23 Jul 2024 09:16:34 GMT', 'Content-Type': 'application/json; charset=utf-8', 'Transfer-Encoding': 'chunked', 'Connection': 'keep-alive', 'X-Powered-By': 'Express', 'Access-Control-Allow-Origin': '*', 'Cache-Control': 'no-cache', 'ETag': 'W/"464-JxMKcTONOmKctGngSDpFXYrCFtI"', 'Vary': 'Accept-Encoding', 'Content-Encoding': 'gzip', 'CF-Cache-Status': 'DYNAMIC', 'Report-To': '{"endpoints":[{"url":"https:\\/\\/a.nel.cloudflare.com\\/report\\/v4?s=67d2tx8zQ%2BfLPQhHlzmwzcRjuYRPn7TyfzM6f1J8Ews%2BJoLQYHbLZkvcte61PE0F7LZ74h%2BLB2VGNPUTvYcl4Crz9Ir8RX61qNEa217zJFF%2BRxff3lpAOhiFKKhCUHcS"}],"group":"cf-nel","max_age":604800}', 'NEL': '{"success_fraction":0,"report_to":"cf-nel","max_age":604800}', 'Server': 'cloudflare', 'CF-RAY': '8a7a928b196fc566-IAD', 'alt-svc': 'h3=":443"; ma=86400'} 
 body={"results":[{"gender":"male","name":{"title":"Mr","first":"Ahmet","last":"Akaydın"},"location":{"street":{"number":3732,"name":"Abanoz Sk"},"city":"İstanbul","state":"Hatay","country":"Turkey","postcode":17592,"coordinates":{"latitude":"65.3811","longitude":"-136.4578"},"timezone":{"offset":"+3:30","description":"Tehran"}},"email":"ahmet.akaydin@example.com","login":{"uuid":"00956661-acb2-42f5-8555-647a0810b558","username":"goldengoose441","password":"everton","salt":"OWTli8wV","md5":"9bb14faaa4379a6ab4f5c169ad1286ed","sha1":"ca93a9bc5f97cc22c0414b2901b859dceac22b31","sha256":"92d65327a867319f12913d51663d6241a1bc93b99580b62fc6775c4f8e3be6b5"},"dob":{"date":"1960-11-08T10:09:00.275Z","age":63},"registered":{"date":"2011-05-29T23:18:52.517Z","age":13},"phone":"(050)-073-3599","cell":"(561)-378-2172","id":{"name":"","value":null},"picture":{"large":"https://randomuser.me/api/portraits/men/62.jpg","medium":"https://randomuser.me/api/portraits/med/men/62.jpg","thumbnail":"https://randomuser.me/api/portraits/thumb/men/62.jpg"},"nat":"TR"}],"info":{"seed":"a6f1a43eeeda1f6d","results":1,"page":1,"version":"1.4"}} 
 </msg>
<msg time="2024-07-23T09:16:34.516928" level="INFO">/opt/hostedtoolcache/Python/3.12.4/x64/lib/python3.12/site-packages/urllib3/connectionpool.py:1099: InsecureRequestWarning: Unverified HTTPS request is being made to host 'randomuser.me'. Adding certificate verification is strongly advised. See: https://urllib3.readthedocs.io/en/latest/advanced-usage.html#tls-warnings
  warnings.warn(</msg>
<msg time="2024-07-23T09:16:34.517050" level="INFO">${response} = &lt;Response [200]&gt;</msg>
<var>${response}</var>
<arg>consultarAPI</arg>
<arg>/api</arg>
<doc>Sends a GET request on a previously created HTTP Session.</doc>
<status status="PASS" start="2024-07-23T09:16:34.415394" elapsed="0.101709"/>
</kw>
<kw name="Set Variable" owner="BuiltIn">
<msg time="2024-07-23T09:16:34.518259" level="INFO">${json_data} = {'results': [{'gender': 'male', 'name': {'title': 'Mr', 'first': 'Ahmet', 'last': 'Akaydın'}, 'location': {'street': {'number': 3732, 'name': 'Abanoz Sk'}, 'city': 'İstanbul', 'state': 'Hatay', 'count...</msg>
<var>${json_data}</var>
<arg>${response.json()}</arg>
<doc>Returns the given values which can then be assigned to a variables.</doc>
<status status="PASS" start="2024-07-23T09:16:34.517629" elapsed="0.000661"/>
</kw>
<kw name="Log" owner="BuiltIn">
<msg time="2024-07-23T09:16:34.518781" level="INFO">{'results': [{'gender': 'male', 'name': {'title': 'Mr', 'first': 'Ahmet', 'last': 'Akaydın'}, 'location': {'street': {'number': 3732, 'name': 'Abanoz Sk'}, 'city': 'İstanbul', 'state': 'Hatay', 'country': 'Turkey', 'postcode': 17592, 'coordinates': {'latitude': '65.3811', 'longitude': '-136.4578'}, 'timezone': {'offset': '+3:30', 'description': 'Tehran'}}, 'email': 'ahmet.akaydin@example.com', 'login': {'uuid': '00956661-acb2-42f5-8555-647a0810b558', 'username': 'goldengoose441', 'password': 'everton', 'salt': 'OWTli8wV', 'md5': '9bb14faaa4379a6ab4f5c169ad1286ed', 'sha1': 'ca93a9bc5f97cc22c0414b2901b859dceac22b31', 'sha256': '92d65327a867319f12913d51663d6241a1bc93b99580b62fc6775c4f8e3be6b5'}, 'dob': {'date': '1960-11-08T10:09:00.275Z', 'age': 63}, 'registered': {'date': '2011-05-29T23:18:52.517Z', 'age': 13}, 'phone': '(050)-073-3599', 'cell': '(561)-378-2172', 'id': {'name': '', 'value': None}, 'picture': {'large': 'https://randomuser.me/api/portraits/men/62.jpg', 'medium': 'https://randomuser.me/api/portraits/med/men/62.jpg', 'thumbnail': 'https://randomuser.me/api/portraits/thumb/men/62.jpg'}, 'nat': 'TR'}], 'info': {'seed': 'a6f1a43eeeda1f6d', 'results': 1, 'page': 1, 'version': '1.4'}}</msg>
<arg>${json_data}</arg>
<doc>Logs the given message with the given level.</doc>
<status status="PASS" start="2024-07-23T09:16:34.518595" elapsed="0.000237"/>
</kw>
<kw name="Dictionary Should Contain Key" owner="Collections">
<arg>${json_data}</arg>
<arg>results</arg>
<doc>Fails if ``key`` is not found from ``dictionary``.</doc>
<status status="PASS" start="2024-07-23T09:16:34.519123" elapsed="0.000159"/>
</kw>
<kw name="Should Not Be Empty" owner="BuiltIn">
<msg time="2024-07-23T09:16:34.519596" level="INFO">Length is 2.</msg>
<arg>${json_data}</arg>
<doc>Verifies that the given item is not empty.</doc>
<status status="PASS" start="2024-07-23T09:16:34.519468" elapsed="0.000166"/>
</kw>
<kw name="Create List" owner="BuiltIn">
<msg time="2024-07-23T09:16:34.520077" level="INFO">${expected_keys} = ['gender', 'name', 'location', 'email', 'login']</msg>
<var>${expected_keys}</var>
<arg>gender</arg>
<arg>name</arg>
<arg>location</arg>
<arg>email</arg>
<arg>login</arg>
<doc>Returns a list containing given items.</doc>
<status status="PASS" start="2024-07-23T09:16:34.519924" elapsed="0.000176"/>
</kw>
<for flavor="IN">
<iter>
<kw name="Dictionary Should Contain Key" owner="Collections">
<arg>${json_data['results'][0]}</arg>
<arg>${key}</arg>
<doc>Fails if ``key`` is not found from ``dictionary``.</doc>
<status status="PASS" start="2024-07-23T09:16:34.520701" elapsed="0.000399"/>
</kw>
<kw name="Log" owner="BuiltIn">
<msg time="2024-07-23T09:16:34.521644" level="INFO">{'gender': 'male', 'name': {'title': 'Mr', 'first': 'Ahmet', 'last': 'Akaydın'}, 'location': {'street': {'number': 3732, 'name': 'Abanoz Sk'}, 'city': 'İstanbul', 'state': 'Hatay', 'country': 'Turkey', 'postcode': 17592, 'coordinates': {'latitude': '65.3811', 'longitude': '-136.4578'}, 'timezone': {'offset': '+3:30', 'description': 'Tehran'}}, 'email': 'ahmet.akaydin@example.com', 'login': {'uuid': '00956661-acb2-42f5-8555-647a0810b558', 'username': 'goldengoose441', 'password': 'everton', 'salt': 'OWTli8wV', 'md5': '9bb14faaa4379a6ab4f5c169ad1286ed', 'sha1': 'ca93a9bc5f97cc22c0414b2901b859dceac22b31', 'sha256': '92d65327a867319f12913d51663d6241a1bc93b99580b62fc6775c4f8e3be6b5'}, 'dob': {'date': '1960-11-08T10:09:00.275Z', 'age': 63}, 'registered': {'date': '2011-05-29T23:18:52.517Z', 'age': 13}, 'phone': '(050)-073-3599', 'cell': '(561)-378-2172', 'id': {'name': '', 'value': None}, 'picture': {'large': 'https://randomuser.me/api/portraits/men/62.jpg', 'medium': 'https://randomuser.me/api/portraits/med/men/62.jpg', 'thumbnail': 'https://randomuser.me/api/portraits/thumb/men/62.jpg'}, 'nat': 'TR'}</msg>
<arg>${json_data['results'][0]}</arg>
<doc>Logs the given message with the given level.</doc>
<status status="PASS" start="2024-07-23T09:16:34.521284" elapsed="0.000413"/>
</kw>
<kw name="Log" owner="BuiltIn">
<msg time="2024-07-23T09:16:34.522132" level="INFO">gender</msg>
<arg>${key}</arg>
<doc>Logs the given message with the given level.</doc>
<status status="PASS" start="2024-07-23T09:16:34.522003" elapsed="0.000167"/>
</kw>
<var name="${key}">gender</var>
<status status="PASS" start="2024-07-23T09:16:34.520576" elapsed="0.001812"/>
</iter>
<iter>
<kw name="Dictionary Should Contain Key" owner="Collections">
<arg>${json_data['results'][0]}</arg>
<arg>${key}</arg>
<doc>Fails if ``key`` is not found from ``dictionary``.</doc>
<status status="PASS" start="2024-07-23T09:16:34.522686" elapsed="0.000392"/>
</kw>
<kw name="Log" owner="BuiltIn">
<msg time="2024-07-23T09:16:34.523631" level="INFO">{'gender': 'male', 'name': {'title': 'Mr', 'first': 'Ahmet', 'last': 'Akaydın'}, 'location': {'street': {'number': 3732, 'name': 'Abanoz Sk'}, 'city': 'İstanbul', 'state': 'Hatay', 'country': 'Turkey', 'postcode': 17592, 'coordinates': {'latitude': '65.3811', 'longitude': '-136.4578'}, 'timezone': {'offset': '+3:30', 'description': 'Tehran'}}, 'email': 'ahmet.akaydin@example.com', 'login': {'uuid': '00956661-acb2-42f5-8555-647a0810b558', 'username': 'goldengoose441', 'password': 'everton', 'salt': 'OWTli8wV', 'md5': '9bb14faaa4379a6ab4f5c169ad1286ed', 'sha1': 'ca93a9bc5f97cc22c0414b2901b859dceac22b31', 'sha256': '92d65327a867319f12913d51663d6241a1bc93b99580b62fc6775c4f8e3be6b5'}, 'dob': {'date': '1960-11-08T10:09:00.275Z', 'age': 63}, 'registered': {'date': '2011-05-29T23:18:52.517Z', 'age': 13}, 'phone': '(050)-073-3599', 'cell': '(561)-378-2172', 'id': {'name': '', 'value': None}, 'picture': {'large': 'https://randomuser.me/api/portraits/men/62.jpg', 'medium': 'https://randomuser.me/api/portraits/med/men/62.jpg', 'thumbnail': 'https://randomuser.me/api/portraits/thumb/men/62.jpg'}, 'nat': 'TR'}</msg>
<arg>${json_data['results'][0]}</arg>
<doc>Logs the given message with the given level.</doc>
<status status="PASS" start="2024-07-23T09:16:34.523263" elapsed="0.000453"/>
</kw>
<kw name="Log" owner="BuiltIn">
<msg time="2024-07-23T09:16:34.524143" level="INFO">name</msg>
<arg>${key}</arg>
<doc>Logs the given message with the given level.</doc>
<status status="PASS" start="2024-07-23T09:16:34.524014" elapsed="0.000166"/>
</kw>
<var name="${key}">name</var>
<status status="PASS" start="2024-07-23T09:16:34.522573" elapsed="0.001848"/>
</iter>
<iter>
<kw name="Dictionary Should Contain Key" owner="Collections">
<arg>${json_data['results'][0]}</arg>
<arg>${key}</arg>
<doc>Fails if ``key`` is not found from ``dictionary``.</doc>
<status status="PASS" start="2024-07-23T09:16:34.524713" elapsed="0.000381"/>
</kw>
<kw name="Log" owner="BuiltIn">
<msg time="2024-07-23T09:16:34.525853" level="INFO">{'gender': 'male', 'name': {'title': 'Mr', 'first': 'Ahmet', 'last': 'Akaydın'}, 'location': {'street': {'number': 3732, 'name': 'Abanoz Sk'}, 'city': 'İstanbul', 'state': 'Hatay', 'country': 'Turkey', 'postcode': 17592, 'coordinates': {'latitude': '65.3811', 'longitude': '-136.4578'}, 'timezone': {'offset': '+3:30', 'description': 'Tehran'}}, 'email': 'ahmet.akaydin@example.com', 'login': {'uuid': '00956661-acb2-42f5-8555-647a0810b558', 'username': 'goldengoose441', 'password': 'everton', 'salt': 'OWTli8wV', 'md5': '9bb14faaa4379a6ab4f5c169ad1286ed', 'sha1': 'ca93a9bc5f97cc22c0414b2901b859dceac22b31', 'sha256': '92d65327a867319f12913d51663d6241a1bc93b99580b62fc6775c4f8e3be6b5'}, 'dob': {'date': '1960-11-08T10:09:00.275Z', 'age': 63}, 'registered': {'date': '2011-05-29T23:18:52.517Z', 'age': 13}, 'phone': '(050)-073-3599', 'cell': '(561)-378-2172', 'id': {'name': '', 'value': None}, 'picture': {'large': 'https://randomuser.me/api/portraits/men/62.jpg', 'medium': 'https://randomuser.me/api/portraits/med/men/62.jpg', 'thumbnail': 'https://randomuser.me/api/portraits/thumb/men/62.jpg'}, 'nat': 'TR'}</msg>
<arg>${json_data['results'][0]}</arg>
<doc>Logs the given message with the given level.</doc>
<status status="PASS" start="2024-07-23T09:16:34.525280" elapsed="0.000650"/>
</kw>
<kw name="Log" owner="BuiltIn">
<msg time="2024-07-23T09:16:34.526581" level="INFO">location</msg>
<arg>${key}</arg>
<doc>Logs the given message with the given level.</doc>
<status status="PASS" start="2024-07-23T09:16:34.526383" elapsed="0.000255"/>
</kw>
<var name="${key}">location</var>
<status status="PASS" start="2024-07-23T09:16:34.524605" elapsed="0.002296"/>
</iter>
<iter>
<kw name="Dictionary Should Contain Key" owner="Collections">
<arg>${json_data['results'][0]}</arg>
<arg>${key}</arg>
<doc>Fails if ``key`` is not found from ``dictionary``.</doc>
<status status="PASS" start="2024-07-23T09:16:34.527180" elapsed="0.000392"/>
</kw>
<kw name="Log" owner="BuiltIn">
<msg time="2024-07-23T09:16:34.528233" level="INFO">{'gender': 'male', 'name': {'title': 'Mr', 'first': 'Ahmet', 'last': 'Akaydın'}, 'location': {'street': {'number': 3732, 'name': 'Abanoz Sk'}, 'city': 'İstanbul', 'state': 'Hatay', 'country': 'Turkey', 'postcode': 17592, 'coordinates': {'latitude': '65.3811', 'longitude': '-136.4578'}, 'timezone': {'offset': '+3:30', 'description': 'Tehran'}}, 'email': 'ahmet.akaydin@example.com', 'login': {'uuid': '00956661-acb2-42f5-8555-647a0810b558', 'username': 'goldengoose441', 'password': 'everton', 'salt': 'OWTli8wV', 'md5': '9bb14faaa4379a6ab4f5c169ad1286ed', 'sha1': 'ca93a9bc5f97cc22c0414b2901b859dceac22b31', 'sha256': '92d65327a867319f12913d51663d6241a1bc93b99580b62fc6775c4f8e3be6b5'}, 'dob': {'date': '1960-11-08T10:09:00.275Z', 'age': 63}, 'registered': {'date': '2011-05-29T23:18:52.517Z', 'age': 13}, 'phone': '(050)-073-3599', 'cell': '(561)-378-2172', 'id': {'name': '', 'value': None}, 'picture': {'large': 'https://randomuser.me/api/portraits/men/62.jpg', 'medium': 'https://randomuser.me/api/portraits/med/men/62.jpg', 'thumbnail': 'https://randomuser.me/api/portraits/thumb/men/62.jpg'}, 'nat': 'TR'}</msg>
<arg>${json_data['results'][0]}</arg>
<doc>Logs the given message with the given level.</doc>
<status status="PASS" start="2024-07-23T09:16:34.527870" elapsed="0.000414"/>
</kw>
<kw name="Log" owner="BuiltIn">
<msg time="2024-07-23T09:16:34.528754" level="INFO">email</msg>
<arg>${key}</arg>
<doc>Logs the given message with the given level.</doc>
<status status="PASS" start="2024-07-23T09:16:34.528621" elapsed="0.000172"/>
</kw>
<var name="${key}">email</var>
<status status="PASS" start="2024-07-23T09:16:34.527071" elapsed="0.001940"/>
</iter>
<iter>
<kw name="Dictionary Should Contain Key" owner="Collections">
<arg>${json_data['results'][0]}</arg>
<arg>${key}</arg>
<doc>Fails if ``key`` is not found from ``dictionary``.</doc>
<status status="PASS" start="2024-07-23T09:16:34.529292" elapsed="0.000378"/>
</kw>
<kw name="Log" owner="BuiltIn">
<msg time="2024-07-23T09:16:34.530208" level="INFO">{'gender': 'male', 'name': {'title': 'Mr', 'first': 'Ahmet', 'last': 'Akaydın'}, 'location': {'street': {'number': 3732, 'name': 'Abanoz Sk'}, 'city': 'İstanbul', 'state': 'Hatay', 'country': 'Turkey', 'postcode': 17592, 'coordinates': {'latitude': '65.3811', 'longitude': '-136.4578'}, 'timezone': {'offset': '+3:30', 'description': 'Tehran'}}, 'email': 'ahmet.akaydin@example.com', 'login': {'uuid': '00956661-acb2-42f5-8555-647a0810b558', 'username': 'goldengoose441', 'password': 'everton', 'salt': 'OWTli8wV', 'md5': '9bb14faaa4379a6ab4f5c169ad1286ed', 'sha1': 'ca93a9bc5f97cc22c0414b2901b859dceac22b31', 'sha256': '92d65327a867319f12913d51663d6241a1bc93b99580b62fc6775c4f8e3be6b5'}, 'dob': {'date': '1960-11-08T10:09:00.275Z', 'age': 63}, 'registered': {'date': '2011-05-29T23:18:52.517Z', 'age': 13}, 'phone': '(050)-073-3599', 'cell': '(561)-378-2172', 'id': {'name': '', 'value': None}, 'picture': {'large': 'https://randomuser.me/api/portraits/men/62.jpg', 'medium': 'https://randomuser.me/api/portraits/med/men/62.jpg', 'thumbnail': 'https://randomuser.me/api/portraits/thumb/men/62.jpg'}, 'nat': 'TR'}</msg>
<arg>${json_data['results'][0]}</arg>
<doc>Logs the given message with the given level.</doc>
<status status="PASS" start="2024-07-23T09:16:34.529858" elapsed="0.000400"/>
</kw>
<kw name="Log" owner="BuiltIn">
<msg time="2024-07-23T09:16:34.530677" level="INFO">login</msg>
<arg>${key}</arg>
<doc>Logs the given message with the given level.</doc>
<status status="PASS" start="2024-07-23T09:16:34.530552" elapsed="0.000162"/>
</kw>
<var name="${key}">login</var>
<status status="PASS" start="2024-07-23T09:16:34.529183" elapsed="0.001742"/>
</iter>
<var>${key}</var>
<value>@{expected_keys}</value>
<status status="PASS" start="2024-07-23T09:16:34.520380" elapsed="0.010663"/>
</for>
<kw name="Create List" owner="BuiltIn">
<msg time="2024-07-23T09:16:34.531356" level="INFO">${expected_keysTwo} = ['username', 'password']</msg>
<var>${expected_keysTwo}</var>
<arg>username</arg>
<arg>password</arg>
<doc>Returns a list containing given items.</doc>
<status status="PASS" start="2024-07-23T09:16:34.531226" elapsed="0.000154"/>
</kw>
<for flavor="IN">
<iter>
<kw name="Dictionary Should Contain Key" owner="Collections">
<arg>${json_data['results'][0]['login']}</arg>
<arg>${keyTwo}</arg>
<doc>Fails if ``key`` is not found from ``dictionary``.</doc>
<status status="PASS" start="2024-07-23T09:16:34.531904" elapsed="0.000386"/>
</kw>
<kw name="Dictionary Should Contain Key" owner="Collections">
<arg>${json_data['results'][0]['login']}</arg>
<arg>${keyTwo}</arg>
<doc>Fails if ``key`` is not found from ``dictionary``.</doc>
<status status="PASS" start="2024-07-23T09:16:34.532507" elapsed="0.000381"/>
</kw>
<kw name="Log" owner="BuiltIn">
<msg time="2024-07-23T09:16:34.533187" level="INFO">username</msg>
<arg>${keyTwo}</arg>
<doc>Logs the given message with the given level.</doc>
<status status="PASS" start="2024-07-23T09:16:34.533068" elapsed="0.000157"/>
</kw>
<var name="${keyTwo}">username</var>
<status status="PASS" start="2024-07-23T09:16:34.531796" elapsed="0.001648"/>
</iter>
<iter>
<kw name="Dictionary Should Contain Key" owner="Collections">
<arg>${json_data['results'][0]['login']}</arg>
<arg>${keyTwo}</arg>
<doc>Fails if ``key`` is not found from ``dictionary``.</doc>
<status status="PASS" start="2024-07-23T09:16:34.533728" elapsed="0.000377"/>
</kw>
<kw name="Dictionary Should Contain Key" owner="Collections">
<arg>${json_data['results'][0]['login']}</arg>
<arg>${keyTwo}</arg>
<doc>Fails if ``key`` is not found from ``dictionary``.</doc>
<status status="PASS" start="2024-07-23T09:16:34.534285" elapsed="0.000365"/>
</kw>
<kw name="Log" owner="BuiltIn">
<msg time="2024-07-23T09:16:34.535066" level="INFO">password</msg>
<arg>${keyTwo}</arg>
<doc>Logs the given message with the given level.</doc>
<status status="PASS" start="2024-07-23T09:16:34.534849" elapsed="0.000275"/>
</kw>
<var name="${keyTwo}">password</var>
<status status="PASS" start="2024-07-23T09:16:34.533615" elapsed="0.001831"/>
</iter>
<var>${keyTwo}</var>
<value>@{expected_keysTwo}</value>
<status status="PASS" start="2024-07-23T09:16:34.531642" elapsed="0.003944"/>
</for>
<status status="PASS" start="2024-07-23T09:16:34.415163" elapsed="0.120566"/>
</kw>
<doc>Testa a estrutura da resposta da API.</doc>
<tag>testeEstruturaResposta</tag>
<status status="PASS" start="2024-07-23T09:16:34.414674" elapsed="0.121203"/>
</test>
<test id="s1-s1-t4" name="Validar tipos de dados" line="28">
<kw name="Teste de Tipos de Dados" owner="random-user-service">
<kw name="GET On Session" owner="RequestsLibrary">
<msg time="2024-07-23T09:16:34.609120" level="INFO">GET Request : url=https://randomuser.me/api 
 path_url=/api 
 headers={'User-Agent': 'python-requests/2.32.3', 'Accept-Encoding': 'gzip, deflate', 'Accept': '*/*', 'Connection': 'keep-alive'} 
 body=None 
 </msg>
<msg time="2024-07-23T09:16:34.609204" level="INFO">GET Response : url=https://randomuser.me/api 
 status=200, reason=OK 
 headers={'Date': 'Tue, 23 Jul 2024 09:16:34 GMT', 'Content-Type': 'application/json; charset=utf-8', 'Transfer-Encoding': 'chunked', 'Connection': 'keep-alive', 'X-Powered-By': 'Express', 'Access-Control-Allow-Origin': '*', 'Cache-Control': 'no-cache', 'ETag': 'W/"487-z0v2ESvXxJ3uNoSA69PwdPZYvVw"', 'Vary': 'Accept-Encoding', 'Content-Encoding': 'gzip', 'CF-Cache-Status': 'DYNAMIC', 'Report-To': '{"endpoints":[{"url":"https:\\/\\/a.nel.cloudflare.com\\/report\\/v4?s=bIah2VJlS52dE1fMdYVO97tJ%2BHhuRfYfdyX%2B%2BP3ehRLUmrD%2FM%2BEyPOXJTbHqn4lQ%2BQ4KPhEdVx66bWEsIK0UpkuFbjeoKGK0%2FvTjybYhslZfvhPHOQDV8EC94Xk2JBe%2B"}],"group":"cf-nel","max_age":604800}', 'NEL': '{"success_fraction":0,"report_to":"cf-nel","max_age":604800}', 'Server': 'cloudflare', 'CF-RAY': '8a7a928bea08c566-IAD', 'alt-svc': 'h3=":443"; ma=86400'} 
 body={"results":[{"gender":"female","name":{"title":"Mrs","first":"Mildred","last":"Lowe"},"location":{"street":{"number":7282,"name":"Hunters Creek Dr"},"city":"Elk Grove","state":"Connecticut","country":"United States","postcode":73745,"coordinates":{"latitude":"86.0202","longitude":"162.9716"},"timezone":{"offset":"+4:30","description":"Kabul"}},"email":"mildred.lowe@example.com","login":{"uuid":"b89ab641-b571-44c9-8f2a-40b3a986cb9d","username":"purplefish146","password":"blaster","salt":"uDfsWLs8","md5":"90522e8864f55e2d0ad3c0727070a752","sha1":"b9a2d35a34071cd2f21ddb424f2c92d4e1c727fc","sha256":"61fb95c2eb1fb570edb37531f66846212b74dd61bbe68f19546708a32c26b387"},"dob":{"date":"1986-05-20T17:47:31.933Z","age":38},"registered":{"date":"2006-03-18T16:15:40.174Z","age":18},"phone":"(653) 875-8018","cell":"(641) 327-8997","id":{"name":"SSN","value":"208-04-2769"},"picture":{"large":"https://randomuser.me/api/portraits/women/63.jpg","medium":"https://randomuser.me/api/portraits/med/women/63.jpg","thumbnail":"https://randomuser.me/api/portraits/thumb/women/63.jpg"},"nat":"US"}],"info":{"seed":"89cc967e08cf0431","results":1,"page":1,"version":"1.4"}} 
 </msg>
<msg time="2024-07-23T09:16:34.609277" level="INFO">/opt/hostedtoolcache/Python/3.12.4/x64/lib/python3.12/site-packages/urllib3/connectionpool.py:1099: InsecureRequestWarning: Unverified HTTPS request is being made to host 'randomuser.me'. Adding certificate verification is strongly advised. See: https://urllib3.readthedocs.io/en/latest/advanced-usage.html#tls-warnings
  warnings.warn(</msg>
<msg time="2024-07-23T09:16:34.609397" level="INFO">${response} = &lt;Response [200]&gt;</msg>
<var>${response}</var>
<arg>consultarAPI</arg>
<arg>/api</arg>
<doc>Sends a GET request on a previously created HTTP Session.</doc>
<status status="PASS" start="2024-07-23T09:16:34.538419" elapsed="0.071033"/>
</kw>
<kw name="Set Variable" owner="BuiltIn">
<msg time="2024-07-23T09:16:34.610590" level="INFO">${json_data} = {'results': [{'gender': 'female', 'name': {'title': 'Mrs', 'first': 'Mildred', 'last': 'Lowe'}, 'location': {'street': {'number': 7282, 'name': 'Hunters Creek Dr'}, 'city': 'Elk Grove', 'state': 'Conn...</msg>
<var>${json_data}</var>
<arg>${response.json()}</arg>
<doc>Returns the given values which can then be assigned to a variables.</doc>
<status status="PASS" start="2024-07-23T09:16:34.609956" elapsed="0.000664"/>
</kw>
<kw name="Log" owner="BuiltIn">
<msg time="2024-07-23T09:16:34.611078" level="INFO">{'results': [{'gender': 'female', 'name': {'title': 'Mrs', 'first': 'Mildred', 'last': 'Lowe'}, 'location': {'street': {'number': 7282, 'name': 'Hunters Creek Dr'}, 'city': 'Elk Grove', 'state': 'Connecticut', 'country': 'United States', 'postcode': 73745, 'coordinates': {'latitude': '86.0202', 'longitude': '162.9716'}, 'timezone': {'offset': '+4:30', 'description': 'Kabul'}}, 'email': 'mildred.lowe@example.com', 'login': {'uuid': 'b89ab641-b571-44c9-8f2a-40b3a986cb9d', 'username': 'purplefish146', 'password': 'blaster', 'salt': 'uDfsWLs8', 'md5': '90522e8864f55e2d0ad3c0727070a752', 'sha1': 'b9a2d35a34071cd2f21ddb424f2c92d4e1c727fc', 'sha256': '61fb95c2eb1fb570edb37531f66846212b74dd61bbe68f19546708a32c26b387'}, 'dob': {'date': '1986-05-20T17:47:31.933Z', 'age': 38}, 'registered': {'date': '2006-03-18T16:15:40.174Z', 'age': 18}, 'phone': '(653) 875-8018', 'cell': '(641) 327-8997', 'id': {'name': 'SSN', 'value': '208-04-2769'}, 'picture': {'large': 'https://randomuser.me/api/portraits/women/63.jpg', 'medium': 'https://randomuser.me/api/portraits/med/women/63.jpg', 'thumbnail': 'https://randomuser.me/api/portraits/thumb/women/63.jpg'}, 'nat': 'US'}], 'info': {'seed': '89cc967e08cf0431', 'results': 1, 'page': 1, 'version': '1.4'}}</msg>
<arg>${json_data}</arg>
<doc>Logs the given message with the given level.</doc>
<status status="PASS" start="2024-07-23T09:16:34.610926" elapsed="0.000200"/>
</kw>
<kw name="Should Be String" owner="String">
<arg>${json_data['results'][0]['gender']}</arg>
<doc>Fails if the given ``item`` is not a string.</doc>
<status status="PASS" start="2024-07-23T09:16:34.611442" elapsed="0.000365"/>
</kw>
<kw name="Should Match Regexp" owner="BuiltIn">
<arg>${json_data['results'][0]['email']}</arg>
<arg>^[a-zA-Z0-9._%+-]+@[a-zA-Z0-9.-]+\.[a-zA-Z]{2,}$</arg>
<doc>Fails if ``string`` does not match ``pattern`` as a regular expression.</doc>
<status status="PASS" start="2024-07-23T09:16:34.611996" elapsed="0.000566"/>
</kw>
<kw name="Should Match Regexp" owner="BuiltIn">
<arg>${json_data['results'][0]['dob']['date']}</arg>
<arg>\\d{4}-\\d{2}-\\d{2}T\\d{2}:\\d{2}:\\d{2}\\.\\d{3}Z</arg>
<doc>Fails if ``string`` does not match ``pattern`` as a regular expression.</doc>
<status status="PASS" start="2024-07-23T09:16:34.612795" elapsed="0.000601"/>
</kw>
<kw name="Should Match Regexp" owner="BuiltIn">
<arg>${json_data['results'][0]['registered']['date']}</arg>
<arg>\\d{4}-\\d{2}-\\d{2}T\\d{2}:\\d{2}:\\d{2}\\.\\d{3}Z</arg>
<doc>Fails if ``string`` does not match ``pattern`` as a regular expression.</doc>
<status status="PASS" start="2024-07-23T09:16:34.613594" elapsed="0.000375"/>
</kw>
<kw name="Should Match Regexp" owner="BuiltIn">
<arg>${json_data['results'][0]['picture']['large']}</arg>
<arg>^https?://.*\.(?:png|jpe?g|gif|bmp)$</arg>
<doc>Fails if ``string`` does not match ``pattern`` as a regular expression.</doc>
<status status="PASS" start="2024-07-23T09:16:34.614158" elapsed="0.000466"/>
</kw>
<kw name="Should Match Regexp" owner="BuiltIn">
<arg>${json_data['results'][0]['picture']['medium']}</arg>
<arg>^https?://.*\.(?:png|jpe?g|gif|bmp)$</arg>
<doc>Fails if ``string`` does not match ``pattern`` as a regular expression.</doc>
<status status="PASS" start="2024-07-23T09:16:34.614814" elapsed="0.000360"/>
</kw>
<kw name="Should Match Regexp" owner="BuiltIn">
<arg>${json_data['results'][0]['picture']['thumbnail']}</arg>
<arg>^https?://.*\.(?:png|jpe?g|gif|bmp)$</arg>
<doc>Fails if ``string`` does not match ``pattern`` as a regular expression.</doc>
<status status="PASS" start="2024-07-23T09:16:34.615363" elapsed="0.000353"/>
</kw>
<kw name="Log" owner="BuiltIn">
<msg time="2024-07-23T09:16:34.616230" level="INFO">{'large': 'https://randomuser.me/api/portraits/women/63.jpg', 'medium': 'https://randomuser.me/api/portraits/med/women/63.jpg', 'thumbnail': 'https://randomuser.me/api/portraits/thumb/women/63.jpg'}</msg>
<arg>${json_data['results'][0]['picture']}</arg>
<doc>Logs the given message with the given level.</doc>
<status status="PASS" start="2024-07-23T09:16:34.615898" elapsed="0.000374"/>
</kw>
<status status="PASS" start="2024-07-23T09:16:34.538196" elapsed="0.078380"/>
</kw>
<kw name="Teste de Tipos de Dados - Postcode" owner="random-user-service">
<kw name="GET On Session" owner="RequestsLibrary">
<msg time="2024-07-23T09:16:34.718068" level="INFO">GET Request : url=https://randomuser.me/api 
 path_url=/api 
 headers={'User-Agent': 'python-requests/2.32.3', 'Accept-Encoding': 'gzip, deflate', 'Accept': '*/*', 'Connection': 'keep-alive'} 
 body=None 
 </msg>
<msg time="2024-07-23T09:16:34.718159" level="INFO">GET Response : url=https://randomuser.me/api 
 status=200, reason=OK 
 headers={'Date': 'Tue, 23 Jul 2024 09:16:34 GMT', 'Content-Type': 'application/json; charset=utf-8', 'Transfer-Encoding': 'chunked', 'Connection': 'keep-alive', 'X-Powered-By': 'Express', 'Access-Control-Allow-Origin': '*', 'Cache-Control': 'no-cache', 'ETag': 'W/"4a3-hkhVs9qbTPYdCIq0jvnzzezXKCM"', 'Vary': 'Accept-Encoding', 'Content-Encoding': 'gzip', 'CF-Cache-Status': 'DYNAMIC', 'Report-To': '{"endpoints":[{"url":"https:\\/\\/a.nel.cloudflare.com\\/report\\/v4?s=f2Gj5YkwgT5TMZDM8OximzMmDMw%2Fl6p5MZgYTcAg%2BL14SEKMagtqlSzjHWF%2F53cK6y6p1teTZL3Z6evliwQlxbEJhOg1TdTj6Dt%2FlXTCBSu3l092P6mG6wdJMSVKotN6"}],"group":"cf-nel","max_age":604800}', 'NEL': '{"success_fraction":0,"report_to":"cf-nel","max_age":604800}', 'Server': 'cloudflare', 'CF-RAY': '8a7a928c6a54c566-IAD', 'alt-svc': 'h3=":443"; ma=86400'} 
 body={"results":[{"gender":"female","name":{"title":"Mrs","first":"مریم","last":"نكو نظر"},"location":{"street":{"number":4283,"name":"شهید کشواد"},"city":"زنجان","state":"مازندران","country":"Iran","postcode":39932,"coordinates":{"latitude":"16.8850","longitude":"83.3282"},"timezone":{"offset":"-5:00","description":"Eastern Time (US &amp; Canada), Bogota, Lima"}},"email":"mrym.nkwnzr@example.com","login":{"uuid":"aba4687a-5935-458a-bfeb-9a4e2fd3a663","username":"sadmeercat698","password":"tiffany1","salt":"KowwFPB0","md5":"3c1a154ab1abca27b34e25b3be062f3c","sha1":"eade1a1a19ca11a3fa5be2a4b835e5676ae8ee98","sha256":"25eaa90e5628402ed1e18cb0786fcde33e1963899ea3209e882ccd57c28de715"},"dob":{"date":"1959-12-10T02:28:29.329Z","age":64},"registered":{"date":"2020-10-30T18:44:55.695Z","age":3},"phone":"098-16332620","cell":"0912-204-1901","id":{"name":"","value":null},"picture":{"large":"https://randomuser.me/api/portraits/women/13.jpg","medium":"https://randomuser.me/api/portraits/med/women/13.jpg","thumbnail":"https://randomuser.me/api/portraits/thumb/women/13.jpg"},"nat":"IR"}],"info":{"seed":"40509c85430383e8","results":1,"page":1,"version":"1.4"}} 
 </msg>
<msg time="2024-07-23T09:16:34.718256" level="INFO">/opt/hostedtoolcache/Python/3.12.4/x64/lib/python3.12/site-packages/urllib3/connectionpool.py:1099: InsecureRequestWarning: Unverified HTTPS request is being made to host 'randomuser.me'. Adding certificate verification is strongly advised. See: https://urllib3.readthedocs.io/en/latest/advanced-usage.html#tls-warnings
  warnings.warn(</msg>
<msg time="2024-07-23T09:16:34.718377" level="INFO">${response} = &lt;Response [200]&gt;</msg>
<var>${response}</var>
<arg>consultarAPI</arg>
<arg>/api</arg>
<doc>Sends a GET request on a previously created HTTP Session.</doc>
<status status="PASS" start="2024-07-23T09:16:34.617014" elapsed="0.101399"/>
</kw>
<kw name="Set Variable" owner="BuiltIn">
<msg time="2024-07-23T09:16:34.719583" level="INFO">${json_data} = {'results': [{'gender': 'female', 'name': {'title': 'Mrs', 'first': 'مریم', 'last': 'نكو نظر'}, 'location': {'street': {'number': 4283, 'name': 'شهید کشواد'}, 'city': 'زنجان', 'state': 'مازندران', 'co...</msg>
<var>${json_data}</var>
<arg>${response.json()}</arg>
<doc>Returns the given values which can then be assigned to a variables.</doc>
<status status="PASS" start="2024-07-23T09:16:34.718885" elapsed="0.000749"/>
</kw>
<kw name="Log" owner="BuiltIn">
<msg time="2024-07-23T09:16:34.720394" level="INFO">{'results': [{'gender': 'female', 'name': {'title': 'Mrs', 'first': 'مریم', 'last': 'نكو نظر'}, 'location': {'street': {'number': 4283, 'name': 'شهید کشواد'}, 'city': 'زنجان', 'state': 'مازندران', 'country': 'Iran', 'postcode': 39932, 'coordinates': {'latitude': '16.8850', 'longitude': '83.3282'}, 'timezone': {'offset': '-5:00', 'description': 'Eastern Time (US &amp; Canada), Bogota, Lima'}}, 'email': 'mrym.nkwnzr@example.com', 'login': {'uuid': 'aba4687a-5935-458a-bfeb-9a4e2fd3a663', 'username': 'sadmeercat698', 'password': 'tiffany1', 'salt': 'KowwFPB0', 'md5': '3c1a154ab1abca27b34e25b3be062f3c', 'sha1': 'eade1a1a19ca11a3fa5be2a4b835e5676ae8ee98', 'sha256': '25eaa90e5628402ed1e18cb0786fcde33e1963899ea3209e882ccd57c28de715'}, 'dob': {'date': '1959-12-10T02:28:29.329Z', 'age': 64}, 'registered': {'date': '2020-10-30T18:44:55.695Z', 'age': 3}, 'phone': '098-16332620', 'cell': '0912-204-1901', 'id': {'name': '', 'value': None}, 'picture': {'large': 'https://randomuser.me/api/portraits/women/13.jpg', 'medium': 'https://randomuser.me/api/portraits/med/women/13.jpg', 'thumbnail': 'https://randomuser.me/api/portraits/thumb/women/13.jpg'}, 'nat': 'IR'}], 'info': {'seed': '40509c85430383e8', 'results': 1, 'page': 1, 'version': '1.4'}}</msg>
<arg>${json_data}</arg>
<doc>Logs the given message with the given level.</doc>
<status status="PASS" start="2024-07-23T09:16:34.720119" elapsed="0.000373"/>
</kw>
<kw name="Should Be Equal As Numbers" owner="BuiltIn">
<arg>${json_data['results'][0]['location']['postcode']}</arg>
<arg>${json_data['results'][0]['location']['postcode']}</arg>
<doc>Fails if objects are unequal after converting them to real numbers.</doc>
<status status="PASS" start="2024-07-23T09:16:34.720977" elapsed="0.001071"/>
</kw>
<kw name="Log" owner="BuiltIn">
<msg time="2024-07-23T09:16:34.722937" level="INFO">39932</msg>
<arg>${json_data['results'][0]['location']['postcode']}</arg>
<doc>Logs the given message with the given level.</doc>
<status status="PASS" start="2024-07-23T09:16:34.722367" elapsed="0.000633"/>
</kw>
<status status="PASS" start="2024-07-23T09:16:34.616791" elapsed="0.106605"/>
</kw>
<doc>Testa se os tipos de dados na resposta da API estão corretos.</doc>
<tag>testeTiposDados</tag>
<status status="PASS" start="2024-07-23T09:16:34.537662" elapsed="0.186002"/>
</test>
<test id="s1-s1-t5" name="Validar conteudo" line="35">
<kw name="Teste de Tipos de Conteudo" owner="random-user-service">
<kw name="GET On Session" owner="RequestsLibrary">
<msg time="2024-07-23T09:16:34.811219" level="INFO">GET Request : url=https://randomuser.me/api 
 path_url=/api 
 headers={'User-Agent': 'python-requests/2.32.3', 'Accept-Encoding': 'gzip, deflate', 'Accept': '*/*', 'Connection': 'keep-alive'} 
 body=None 
 </msg>
<msg time="2024-07-23T09:16:34.811305" level="INFO">GET Response : url=https://randomuser.me/api 
 status=200, reason=OK 
 headers={'Date': 'Tue, 23 Jul 2024 09:16:34 GMT', 'Content-Type': 'application/json; charset=utf-8', 'Transfer-Encoding': 'chunked', 'Connection': 'keep-alive', 'X-Powered-By': 'Express', 'Access-Control-Allow-Origin': '*', 'Cache-Control': 'no-cache', 'ETag': 'W/"491-xJd5Y2qd/rozHa+2Czwr7sAXsSY"', 'Vary': 'Accept-Encoding', 'Content-Encoding': 'gzip', 'CF-Cache-Status': 'DYNAMIC', 'Report-To': '{"endpoints":[{"url":"https:\\/\\/a.nel.cloudflare.com\\/report\\/v4?s=1ap8ehqVI8kYZ9Ho3CAw26%2F%2BnUoXYb%2F7VUUBQ6Xo1nHxTwCt%2B3zajbg%2FnwmzZ5fCaew6h%2B13IuWI%2BQx3IgYAUKXwKZOov86XG5wFn3R8vQEoswUhaiTS6Pv6%2FU0EmFZM"}],"group":"cf-nel","max_age":604800}', 'NEL': '{"success_fraction":0,"report_to":"cf-nel","max_age":604800}', 'Server': 'cloudflare', 'CF-RAY': '8a7a928d1ac0c566-IAD', 'alt-svc': 'h3=":443"; ma=86400'} 
 body={"results":[{"gender":"female","name":{"title":"Miss","first":"Karina","last":"Shchurat"},"location":{"street":{"number":459,"name":"Kuharska"},"city":"Noviy Kaliniv","state":"Vinnicka","country":"Ukraine","postcode":91376,"coordinates":{"latitude":"75.5052","longitude":"178.0607"},"timezone":{"offset":"+9:00","description":"Tokyo, Seoul, Osaka, Sapporo, Yakutsk"}},"email":"karina.shchurat@example.com","login":{"uuid":"6f3e0791-ebc8-433b-8077-693b089ba819","username":"lazygorilla614","password":"hopeful","salt":"QUHloQWc","md5":"3600be2d397e40e84a1e01398b5ed1fd","sha1":"11b0323610182d9fad7ab553a5df4e681f25cd0e","sha256":"0e820bc85b4a066affaabe34869677f7c4f5c98c6fcf5280f0944bde647f21cd"},"dob":{"date":"1958-10-31T22:50:54.503Z","age":65},"registered":{"date":"2016-03-11T20:55:01.745Z","age":8},"phone":"(096) P66-5159","cell":"(099) C63-5216","id":{"name":"","value":null},"picture":{"large":"https://randomuser.me/api/portraits/women/0.jpg","medium":"https://randomuser.me/api/portraits/med/women/0.jpg","thumbnail":"https://randomuser.me/api/portraits/thumb/women/0.jpg"},"nat":"UA"}],"info":{"seed":"83b638f893340437","results":1,"page":1,"version":"1.4"}} 
 </msg>
<msg time="2024-07-23T09:16:34.811385" level="INFO">/opt/hostedtoolcache/Python/3.12.4/x64/lib/python3.12/site-packages/urllib3/connectionpool.py:1099: InsecureRequestWarning: Unverified HTTPS request is being made to host 'randomuser.me'. Adding certificate verification is strongly advised. See: https://urllib3.readthedocs.io/en/latest/advanced-usage.html#tls-warnings
  warnings.warn(</msg>
<msg time="2024-07-23T09:16:34.811503" level="INFO">${response} = &lt;Response [200]&gt;</msg>
<var>${response}</var>
<arg>consultarAPI</arg>
<arg>/api</arg>
<doc>Sends a GET request on a previously created HTTP Session.</doc>
<status status="PASS" start="2024-07-23T09:16:34.727910" elapsed="0.083636"/>
</kw>
<kw name="Set Variable" owner="BuiltIn">
<msg time="2024-07-23T09:16:34.812541" level="INFO">${json_data} = {'results': [{'gender': 'female', 'name': {'title': 'Miss', 'first': 'Karina', 'last': 'Shchurat'}, 'location': {'street': {'number': 459, 'name': 'Kuharska'}, 'city': 'Noviy Kaliniv', 'state': 'Vinni...</msg>
<var>${json_data}</var>
<arg>${response.json()}</arg>
<doc>Returns the given values which can then be assigned to a variables.</doc>
<status status="PASS" start="2024-07-23T09:16:34.812021" elapsed="0.000550"/>
</kw>
<kw name="Set Variable" owner="BuiltIn">
<msg time="2024-07-23T09:16:34.813278" level="INFO">${name_title} = Miss</msg>
<var>${name_title}</var>
<arg>${json_data["results"][0]["name"]["title"]}</arg>
<doc>Returns the given values which can then be assigned to a variables.</doc>
<status status="PASS" start="2024-07-23T09:16:34.812888" elapsed="0.000416"/>
</kw>
<kw name="Create List" owner="BuiltIn">
<msg time="2024-07-23T09:16:34.813752" level="INFO">${allowed_titles} = ['Mr', 'Ms', 'Miss', 'Mrs', 'Madame', 'Monsieur']</msg>
<var>${allowed_titles}</var>
<arg>Mr</arg>
<arg>Ms</arg>
<arg>Miss</arg>
<arg>Mrs</arg>
<arg>Madame</arg>
<arg>Monsieur</arg>
<doc>Returns a list containing given items.</doc>
<status status="PASS" start="2024-07-23T09:16:34.813602" elapsed="0.000175"/>
</kw>
<kw name="List Should Contain Value" owner="Collections">
<arg>${allowed_titles}</arg>
<arg>${name_title}</arg>
<doc>Fails if the ``value`` is not found from ``list``.</doc>
<status status="PASS" start="2024-07-23T09:16:34.814077" elapsed="0.000180"/>
</kw>
<kw name="Set Variable" owner="BuiltIn">
<msg time="2024-07-23T09:16:34.814824" level="INFO">${name_country} = UA</msg>
<var>${name_country}</var>
<arg>${json_data["results"][0]["nat"]}</arg>
<doc>Returns the given values which can then be assigned to a variables.</doc>
<status status="PASS" start="2024-07-23T09:16:34.814440" elapsed="0.000409"/>
</kw>
<kw name="Create List" owner="BuiltIn">
<msg time="2024-07-23T09:16:34.815733" level="INFO">${list_country} = ['AD', 'AE', 'AF', 'AG', 'AI', 'AL', 'AM', 'AO', 'AQ', 'AR', 'AS', 'AT', 'AU', 'AW', 'AX', 'AZ', 'BA', 'BB', 'BD', 'BE', 'BF', 'BG', 'BH', 'BI', 'BJ', 'BL', 'BM', 'BN', 'BO', 'BQ', 'BR', 'BS', 'BT', '...</msg>
<var>${list_country}</var>
<arg>AD</arg>
<arg>AE</arg>
<arg>AF</arg>
<arg>AG</arg>
<arg>AI</arg>
<arg>AL</arg>
<arg>AM</arg>
<arg>AO</arg>
<arg>AQ</arg>
<arg>AR</arg>
<arg>AS</arg>
<arg>AT</arg>
<arg>AU</arg>
<arg>AW</arg>
<arg>AX</arg>
<arg>AZ</arg>
<arg>BA</arg>
<arg>BB</arg>
<arg>BD</arg>
<arg>BE</arg>
<arg>BF</arg>
<arg>BG</arg>
<arg>BH</arg>
<arg>BI</arg>
<arg>BJ</arg>
<arg>BL</arg>
<arg>BM</arg>
<arg>BN</arg>
<arg>BO</arg>
<arg>BQ</arg>
<arg>BR</arg>
<arg>BS</arg>
<arg>BT</arg>
<arg>BV</arg>
<arg>BW</arg>
<arg>BY</arg>
<arg>BZ</arg>
<arg>CA</arg>
<arg>CC</arg>
<arg>CD</arg>
<arg>CF</arg>
<arg>CG</arg>
<arg>CH</arg>
<arg>CI</arg>
<arg>CK</arg>
<arg>CL</arg>
<arg>CM</arg>
<arg>CN</arg>
<arg>CO</arg>
<arg>CR</arg>
<arg>CU</arg>
<arg>CV</arg>
<arg>CW</arg>
<arg>CX</arg>
<arg>CY</arg>
<arg>CZ</arg>
<arg>DE</arg>
<arg>DJ</arg>
<arg>DK</arg>
<arg>DM</arg>
<arg>DO</arg>
<arg>DZ</arg>
<arg>EC</arg>
<arg>EE</arg>
<arg>EG</arg>
<arg>EH</arg>
<arg>ER</arg>
<arg>ES</arg>
<arg>ET</arg>
<arg>FI</arg>
<arg>FJ</arg>
<arg>FK</arg>
<arg>FM</arg>
<arg>FO</arg>
<arg>FR</arg>
<arg>GA</arg>
<arg>GB</arg>
<arg>GD</arg>
<arg>GE</arg>
<arg>GF</arg>
<arg>GG</arg>
<arg>GH</arg>
<arg>GI</arg>
<arg>GL</arg>
<arg>GM</arg>
<arg>GN</arg>
<arg>GP</arg>
<arg>GQ</arg>
<arg>GR</arg>
<arg>GS</arg>
<arg>GT</arg>
<arg>GU</arg>
<arg>GW</arg>
<arg>GY</arg>
<arg>HK</arg>
<arg>HM</arg>
<arg>HN</arg>
<arg>HR</arg>
<arg>HT</arg>
<arg>HU</arg>
<arg>ID</arg>
<arg>IE</arg>
<arg>IL</arg>
<arg>IM</arg>
<arg>IN</arg>
<arg>IO</arg>
<arg>IQ</arg>
<arg>IR</arg>
<arg>IS</arg>
<arg>IT</arg>
<arg>JE</arg>
<arg>JM</arg>
<arg>JO</arg>
<arg>JP</arg>
<arg>KE</arg>
<arg>KG</arg>
<arg>KH</arg>
<arg>KI</arg>
<arg>KM</arg>
<arg>KN</arg>
<arg>KP</arg>
<arg>KR</arg>
<arg>KW</arg>
<arg>KY</arg>
<arg>KZ</arg>
<arg>LA</arg>
<arg>LB</arg>
<arg>LC</arg>
<arg>LI</arg>
<arg>LK</arg>
<arg>LR</arg>
<arg>LS</arg>
<arg>LT</arg>
<arg>LU</arg>
<arg>LV</arg>
<arg>LY</arg>
<arg>MA</arg>
<arg>MC</arg>
<arg>MD</arg>
<arg>ME</arg>
<arg>MF</arg>
<arg>MG</arg>
<arg>MH</arg>
<arg>MK</arg>
<arg>ML</arg>
<arg>MM</arg>
<arg>MN</arg>
<arg>MO</arg>
<arg>MP</arg>
<arg>MQ</arg>
<arg>MR</arg>
<arg>MS</arg>
<arg>MT</arg>
<arg>MU</arg>
<arg>MV</arg>
<arg>MW</arg>
<arg>MX</arg>
<arg>MY</arg>
<arg>MZ</arg>
<arg>NA</arg>
<arg>NC</arg>
<arg>NE</arg>
<arg>NF</arg>
<arg>NG</arg>
<arg>NI</arg>
<arg>NL</arg>
<arg>NO</arg>
<arg>NP</arg>
<arg>NR</arg>
<arg>NU</arg>
<arg>NZ</arg>
<arg>OM</arg>
<arg>PA</arg>
<arg>PE</arg>
<arg>PF</arg>
<arg>PG</arg>
<arg>PH</arg>
<arg>PK</arg>
<arg>PL</arg>
<arg>PM</arg>
<arg>PN</arg>
<arg>PR</arg>
<arg>PS</arg>
<arg>PT</arg>
<arg>PW</arg>
<arg>PY</arg>
<arg>QA</arg>
<arg>RE</arg>
<arg>RO</arg>
<arg>RS</arg>
<arg>RU</arg>
<arg>RW</arg>
<arg>SA</arg>
<arg>SB</arg>
<arg>SC</arg>
<arg>SD</arg>
<arg>SE</arg>
<arg>SG</arg>
<arg>SH</arg>
<arg>SI</arg>
<arg>SJ</arg>
<arg>SK</arg>
<arg>SL</arg>
<arg>SM</arg>
<arg>SN</arg>
<arg>SO</arg>
<arg>SR</arg>
<arg>SS</arg>
<arg>ST</arg>
<arg>SV</arg>
<arg>SX</arg>
<arg>SY</arg>
<arg>SZ</arg>
<arg>TC</arg>
<arg>TD</arg>
<arg>TF</arg>
<arg>TG</arg>
<arg>TH</arg>
<arg>TJ</arg>
<arg>TK</arg>
<arg>TL</arg>
<arg>TM</arg>
<arg>TN</arg>
<arg>TO</arg>
<arg>TR</arg>
<arg>TT</arg>
<arg>TV</arg>
<arg>TW</arg>
<arg>TZ</arg>
<arg>UA</arg>
<arg>UG</arg>
<arg>UM</arg>
<arg>US</arg>
<arg>UY</arg>
<arg>UZ</arg>
<arg>VA</arg>
<arg>VC</arg>
<arg>VE</arg>
<arg>VG</arg>
<arg>VI</arg>
<arg>VN</arg>
<arg>VU</arg>
<arg>WF</arg>
<arg>WS</arg>
<arg>XK</arg>
<arg>YE</arg>
<arg>YT</arg>
<arg>ZA</arg>
<arg>ZM</arg>
<arg>ZW</arg>
<doc>Returns a list containing given items.</doc>
<status status="PASS" start="2024-07-23T09:16:34.815141" elapsed="0.000618"/>
</kw>
<kw name="List Should Contain Value" owner="Collections">
<arg>${list_country}</arg>
<arg>${name_country}</arg>
<doc>Fails if the ``value`` is not found from ``list``.</doc>
<status status="PASS" start="2024-07-23T09:16:34.816722" elapsed="0.000212"/>
</kw>
<kw name="Run Keyword If" owner="BuiltIn">
<kw name="Should Be True" owner="BuiltIn">
<arg>${True}</arg>
<doc>Fails if the given condition is not true.</doc>
<status status="PASS" start="2024-07-23T09:16:34.817877" elapsed="0.000142"/>
</kw>
<arg>${json_data["results"][0]["location"]["coordinates"]["latitude"]} &gt;= -90 and ${json_data["results"][0]["location"]["coordinates"]["latitude"]} &lt;= 90</arg>
<arg>Should Be True</arg>
<arg>${True}</arg>
<doc>Runs the given keyword with the given arguments, if ``condition`` is true.</doc>
<status status="PASS" start="2024-07-23T09:16:34.817136" elapsed="0.001013"/>
</kw>
<kw name="Run Keyword If" owner="BuiltIn">
<kw name="Should Be True" owner="BuiltIn">
<arg>${True}</arg>
<doc>Fails if the given condition is not true.</doc>
<status status="PASS" start="2024-07-23T09:16:34.819035" elapsed="0.000140"/>
</kw>
<arg>${json_data["results"][0]["location"]["coordinates"]["longitude"]} &gt;= -180 and ${json_data["results"][0]["location"]["coordinates"]["longitude"]} &lt;= 180</arg>
<arg>Should Be True</arg>
<arg>${True}</arg>
<doc>Runs the given keyword with the given arguments, if ``condition`` is true.</doc>
<status status="PASS" start="2024-07-23T09:16:34.818334" elapsed="0.000968"/>
</kw>
<status status="PASS" start="2024-07-23T09:16:34.727584" elapsed="0.091848"/>
</kw>
<doc>Testa o conteúdo específico dos campos retornados pela API.</doc>
<tag>testeConteudo</tag>
<status status="PASS" start="2024-07-23T09:16:34.726916" elapsed="0.092658"/>
</test>
<status status="PASS" start="2024-07-23T09:16:33.874362" elapsed="0.947127"/>
</suite>
<status status="PASS" start="2024-07-23T09:16:33.860028" elapsed="0.966367"/>
</suite>
<statistics>
<total>
<stat pass="5" fail="0" skip="0">All Tests</stat>
</total>
<tag>
<stat pass="1" fail="0" skip="0">testeConteudo</stat>
<stat pass="1" fail="0" skip="0">testeEstruturaResposta</stat>
<stat pass="1" fail="0" skip="0">testeRequisicaoBasica</stat>
<stat pass="1" fail="0" skip="0">testeTiposDados</stat>
</tag>
<suite>
<stat pass="5" fail="0" skip="0" id="s1" name="Tests">Tests</stat>
<stat pass="5" fail="0" skip="0" id="s1-s1" name="Random-User-Test">Tests.Random-User-Test</stat>
</suite>
</statistics>
<errors>
</errors>
</robot>
