<?xml version="1.0" encoding="UTF-8"?>
<robot generator="Robot 7.0 (Python 3.12.2 on linux)" generated="2024-03-27T13:14:39.410650" rpa="false" schemaversion="5">
<suite id="s1" name="Tests" source="/home/runner/work/DesafioQAItauRogerioJordao/DesafioQAItauRogerioJordao/RamdonUser/tests">
<suite id="s1-s1" name="Random-User-Test" source="/home/runner/work/DesafioQAItauRogerioJordao/DesafioQAItauRogerioJordao/RamdonUser/tests/random-user-test.robot">
<test id="s1-s1-t1" name="Conectar" line="13">
<kw name="Conectar API" owner="random-user-service">
<kw name="Create Session" owner="RequestsLibrary">
<msg time="2024-03-27T13:14:39.850930" level="INFO">Creating Session using : alias=consultarAPI, url=https://randomuser.me/, headers={},                     cookies={}, auth=None, timeout=None, proxies=None, verify=False,                     debug=0 </msg>
<arg>consultarAPI</arg>
<arg>${URL}</arg>
<doc>Create Session: create a HTTP session to a server</doc>
<status status="PASS" start="2024-03-27T13:14:39.850712" elapsed="0.000406"/>
</kw>
<status status="PASS" start="2024-03-27T13:14:39.849631" elapsed="0.001859"/>
</kw>
<status status="PASS" start="2024-03-27T13:14:39.848958" elapsed="0.002739"/>
</test>
<test id="s1-s1-t2" name="Validar retorno 200 e JSON Válido" line="16">
<kw name="Teste de Requisicao Basica" owner="random-user-service">
<kw name="GET On Session" owner="RequestsLibrary">
<msg time="2024-03-27T13:14:40.058643" level="INFO">GET Request : url=https://randomuser.me/api 
 path_url=/api 
 headers={'User-Agent': 'python-requests/2.31.0', 'Accept-Encoding': 'gzip, deflate', 'Accept': '*/*', 'Connection': 'keep-alive'} 
 body=None 
 </msg>
<msg time="2024-03-27T13:14:40.058819" level="INFO">GET Response : url=https://randomuser.me/api 
 status=200, reason=OK 
 headers={'Date': 'Wed, 27 Mar 2024 13:14:40 GMT', 'Content-Type': 'application/json; charset=utf-8', 'Transfer-Encoding': 'chunked', 'Connection': 'keep-alive', 'X-Powered-By': 'Express', 'Access-Control-Allow-Origin': '*', 'Cache-Control': 'no-cache', 'ETag': 'W/"49e-+7lpkEzbTRyqGECKy5z+YkKbLpQ"', 'Vary': 'Accept-Encoding', 'Content-Encoding': 'gzip', 'CF-Cache-Status': 'DYNAMIC', 'Report-To': '{"endpoints":[{"url":"https:\\/\\/a.nel.cloudflare.com\\/report\\/v4?s=9M9WodYM0XvwN%2FXL%2FUOjq6JmnSATOpJPtN6jBYuTVhR6lD1pOJRXs9UdgSYSCWNDp4CJ010iYhHx6%2BU907tPfuiTzmJsG%2FJUZC736AWnotk5OjB2Ei%2F6D5o9mZ0pbLl9"}],"group":"cf-nel","max_age":604800}', 'NEL': '{"success_fraction":0,"report_to":"cf-nel","max_age":604800}', 'Server': 'cloudflare', 'CF-RAY': '86afa50f5d7159fe-IAD', 'alt-svc': 'h3=":443"; ma=86400'} 
 body={"results":[{"gender":"male","name":{"title":"Mr","first":"اميرحسين","last":"گلشن"},"location":{"street":{"number":2464,"name":"آیت الله سعیدی"},"city":"قرچک","state":"اصفهان","country":"Iran","postcode":63458,"coordinates":{"latitude":"20.1748","longitude":"-163.6028"},"timezone":{"offset":"+8:00","description":"Beijing, Perth, Singapore, Hong Kong"}},"email":"myrhsyn.glshn@example.com","login":{"uuid":"2ed30a29-7a39-4c9e-b726-ae8024967687","username":"blackgorilla706","password":"istheman","salt":"EQnJUL68","md5":"d942f56a8ee0032988e332661f0ed308","sha1":"2c773906ba9ab1a1019a084d39da939e57ca87ab","sha256":"d5fb41649da716f300fb7d04aaf42f2f8e90fc5f42701b5cc99ade13adfba95b"},"dob":{"date":"1996-11-13T07:15:32.816Z","age":27},"registered":{"date":"2012-07-30T23:18:33.052Z","age":11},"phone":"012-54445481","cell":"0960-044-2872","id":{"name":"","value":null},"picture":{"large":"https://randomuser.me/api/portraits/men/2.jpg","medium":"https://randomuser.me/api/portraits/med/men/2.jpg","thumbnail":"https://randomuser.me/api/portraits/thumb/men/2.jpg"},"nat":"IR"}],"info":{"seed":"71444c8266ce8cf8","results":1,"page":1,"version":"1.4"}} 
 </msg>
<msg time="2024-03-27T13:14:40.058940" level="INFO">/opt/hostedtoolcache/Python/3.12.2/x64/lib/python3.12/site-packages/urllib3/connectionpool.py:1103: InsecureRequestWarning: Unverified HTTPS request is being made to host 'randomuser.me'. Adding certificate verification is strongly advised. See: https://urllib3.readthedocs.io/en/latest/advanced-usage.html#tls-warnings
  warnings.warn(</msg>
<msg time="2024-03-27T13:14:40.059106" level="INFO">${response} = &lt;Response [200]&gt;</msg>
<var>${response}</var>
<arg>consultarAPI</arg>
<arg>/api</arg>
<doc>Sends a GET request on a previously created HTTP Session.</doc>
<status status="PASS" start="2024-03-27T13:14:39.854380" elapsed="0.204769"/>
</kw>
<kw name="Should Be Equal As Numbers" owner="BuiltIn">
<msg time="2024-03-27T13:14:40.060356" level="INFO">Argument types are:
&lt;class 'int'&gt;
&lt;class 'str'&gt;</msg>
<arg>${response.status_code}</arg>
<arg>200</arg>
<doc>Fails if objects are unequal after converting them to real numbers.</doc>
<status status="PASS" start="2024-03-27T13:14:40.059859" elapsed="0.000568"/>
</kw>
<kw name="Log" owner="BuiltIn">
<msg time="2024-03-27T13:14:40.061232" level="INFO">200</msg>
<arg>${response.status_code}</arg>
<doc>Logs the given message with the given level.</doc>
<status status="PASS" start="2024-03-27T13:14:40.060800" elapsed="0.000479"/>
</kw>
<kw name="Set Variable" owner="BuiltIn">
<msg time="2024-03-27T13:14:40.062143" level="INFO">${json_data} = {'results': [{'gender': 'male', 'name': {'title': 'Mr', 'first': 'اميرحسين', 'last': 'گلشن'}, 'location': {'street': {'number': 2464, 'name': 'آیت الله سعیدی'}, 'city': 'قرچک', 'state': 'اصفهان', 'cou...</msg>
<var>${json_data}</var>
<arg>${response.json()}</arg>
<doc>Returns the given values which can then be assigned to a variables.</doc>
<status status="PASS" start="2024-03-27T13:14:40.061655" elapsed="0.000519"/>
</kw>
<kw name="Dictionary Should Contain Key" owner="Collections">
<msg time="2024-03-27T13:14:40.062666" level="INFO">False</msg>
<arg>${json_data}</arg>
<arg>results</arg>
<doc>Fails if ``key`` is not found from ``dictionary``.</doc>
<status status="PASS" start="2024-03-27T13:14:40.062492" elapsed="0.000214"/>
</kw>
<status status="PASS" start="2024-03-27T13:14:39.854127" elapsed="0.208845"/>
</kw>
<doc>Testa se a API responde corretamente e retorna um objeto JSON válido.</doc>
<tag>testeRequisicaoBasica</tag>
<status status="PASS" start="2024-03-27T13:14:39.853578" elapsed="0.209591"/>
</test>
<test id="s1-s1-t3" name="Validar estrutura de resposta" line="22">
<kw name="Teste de Estrutura de Resposta" owner="random-user-service">
<kw name="GET On Session" owner="RequestsLibrary">
<msg time="2024-03-27T13:14:40.108288" level="INFO">GET Request : url=https://randomuser.me/api 
 path_url=/api 
 headers={'User-Agent': 'python-requests/2.31.0', 'Accept-Encoding': 'gzip, deflate', 'Accept': '*/*', 'Connection': 'keep-alive'} 
 body=None 
 </msg>
<msg time="2024-03-27T13:14:40.108389" level="INFO">GET Response : url=https://randomuser.me/api 
 status=200, reason=OK 
 headers={'Date': 'Wed, 27 Mar 2024 13:14:40 GMT', 'Content-Type': 'application/json; charset=utf-8', 'Transfer-Encoding': 'chunked', 'Connection': 'keep-alive', 'X-Powered-By': 'Express', 'Access-Control-Allow-Origin': '*', 'Cache-Control': 'no-cache', 'ETag': 'W/"4aa-uwhDKW2dYoxlAinHcov9eBTaiPM"', 'Vary': 'Accept-Encoding', 'Content-Encoding': 'gzip', 'CF-Cache-Status': 'DYNAMIC', 'Report-To': '{"endpoints":[{"url":"https:\\/\\/a.nel.cloudflare.com\\/report\\/v4?s=hGp5jCxG3w8dxwzktSDUiWEBc8jzFpfKXlZQkP%2B1RFnOKYuHFdIIHafSlF8T6tEcDPYe%2B%2F%2BcFX5IjlLg798jUgw6tVxQYLX18D4EDwvf0mU2zlXqjK6Dt9FC37rlfqJi"}],"group":"cf-nel","max_age":604800}', 'NEL': '{"success_fraction":0,"report_to":"cf-nel","max_age":604800}', 'Server': 'cloudflare', 'CF-RAY': '86afa5106e3e59fe-IAD', 'alt-svc': 'h3=":443"; ma=86400'} 
 body={"results":[{"gender":"female","name":{"title":"Mrs","first":"Lucie","last":"Dubois"},"location":{"street":{"number":4882,"name":"Rue du Bât-D'Argent"},"city":"Aix-En-Provence","state":"Orne","country":"France","postcode":29721,"coordinates":{"latitude":"-14.1436","longitude":"50.6810"},"timezone":{"offset":"+3:00","description":"Baghdad, Riyadh, Moscow, St. Petersburg"}},"email":"lucie.dubois@example.com","login":{"uuid":"a3997c0c-3c99-4997-b5a4-1f20000aa7a1","username":"crazybutterfly966","password":"nono","salt":"XJJJIDBv","md5":"9b49598a8c498e9f2529508e8d352e41","sha1":"49ffef93a75f58327f1438bce5f7c176a0609a36","sha256":"ef757a6e100a8040d69dc3a0775602e6efcea4146dd023da9aad0ae1d8bae9c8"},"dob":{"date":"1954-05-28T18:46:02.935Z","age":69},"registered":{"date":"2002-03-28T20:33:24.069Z","age":21},"phone":"01-06-64-60-14","cell":"06-10-17-10-26","id":{"name":"INSEE","value":"2540498838276 05"},"picture":{"large":"https://randomuser.me/api/portraits/women/0.jpg","medium":"https://randomuser.me/api/portraits/med/women/0.jpg","thumbnail":"https://randomuser.me/api/portraits/thumb/women/0.jpg"},"nat":"FR"}],"info":{"seed":"655f4e9f5cceaa53","results":1,"page":1,"version":"1.4"}} 
 </msg>
<msg time="2024-03-27T13:14:40.108547" level="INFO">/opt/hostedtoolcache/Python/3.12.2/x64/lib/python3.12/site-packages/urllib3/connectionpool.py:1103: InsecureRequestWarning: Unverified HTTPS request is being made to host 'randomuser.me'. Adding certificate verification is strongly advised. See: https://urllib3.readthedocs.io/en/latest/advanced-usage.html#tls-warnings
  warnings.warn(</msg>
<msg time="2024-03-27T13:14:40.108697" level="INFO">${response} = &lt;Response [200]&gt;</msg>
<var>${response}</var>
<arg>consultarAPI</arg>
<arg>/api</arg>
<doc>Sends a GET request on a previously created HTTP Session.</doc>
<status status="PASS" start="2024-03-27T13:14:40.066058" elapsed="0.042691"/>
</kw>
<kw name="Set Variable" owner="BuiltIn">
<msg time="2024-03-27T13:14:40.109898" level="INFO">${json_data} = {'results': [{'gender': 'female', 'name': {'title': 'Mrs', 'first': 'Lucie', 'last': 'Dubois'}, 'location': {'street': {'number': 4882, 'name': "Rue du Bât-D'Argent"}, 'city': 'Aix-En-Provence', 'stat...</msg>
<var>${json_data}</var>
<arg>${response.json()}</arg>
<doc>Returns the given values which can then be assigned to a variables.</doc>
<status status="PASS" start="2024-03-27T13:14:40.109339" elapsed="0.000589"/>
</kw>
<kw name="Log" owner="BuiltIn">
<msg time="2024-03-27T13:14:40.110446" level="INFO">{'results': [{'gender': 'female', 'name': {'title': 'Mrs', 'first': 'Lucie', 'last': 'Dubois'}, 'location': {'street': {'number': 4882, 'name': "Rue du Bât-D'Argent"}, 'city': 'Aix-En-Provence', 'state': 'Orne', 'country': 'France', 'postcode': 29721, 'coordinates': {'latitude': '-14.1436', 'longitude': '50.6810'}, 'timezone': {'offset': '+3:00', 'description': 'Baghdad, Riyadh, Moscow, St. Petersburg'}}, 'email': 'lucie.dubois@example.com', 'login': {'uuid': 'a3997c0c-3c99-4997-b5a4-1f20000aa7a1', 'username': 'crazybutterfly966', 'password': 'nono', 'salt': 'XJJJIDBv', 'md5': '9b49598a8c498e9f2529508e8d352e41', 'sha1': '49ffef93a75f58327f1438bce5f7c176a0609a36', 'sha256': 'ef757a6e100a8040d69dc3a0775602e6efcea4146dd023da9aad0ae1d8bae9c8'}, 'dob': {'date': '1954-05-28T18:46:02.935Z', 'age': 69}, 'registered': {'date': '2002-03-28T20:33:24.069Z', 'age': 21}, 'phone': '01-06-64-60-14', 'cell': '06-10-17-10-26', 'id': {'name': 'INSEE', 'value': '2540498838276 05'}, 'picture': {'large': 'https://randomuser.me/api/portraits/women/0.jpg', 'medium': 'https://randomuser.me/api/portraits/med/women/0.jpg', 'thumbnail': 'https://randomuser.me/api/portraits/thumb/women/0.jpg'}, 'nat': 'FR'}], 'info': {'seed': '655f4e9f5cceaa53', 'results': 1, 'page': 1, 'version': '1.4'}}</msg>
<arg>${json_data}</arg>
<doc>Logs the given message with the given level.</doc>
<status status="PASS" start="2024-03-27T13:14:40.110272" elapsed="0.000225"/>
</kw>
<kw name="Dictionary Should Contain Key" owner="Collections">
<msg time="2024-03-27T13:14:40.110971" level="INFO">False</msg>
<arg>${json_data}</arg>
<arg>results</arg>
<doc>Fails if ``key`` is not found from ``dictionary``.</doc>
<status status="PASS" start="2024-03-27T13:14:40.110808" elapsed="0.000201"/>
</kw>
<kw name="Should Not Be Empty" owner="BuiltIn">
<msg time="2024-03-27T13:14:40.111447" level="INFO">Length is 2.</msg>
<arg>${json_data}</arg>
<doc>Verifies that the given item is not empty.</doc>
<status status="PASS" start="2024-03-27T13:14:40.111312" elapsed="0.000180"/>
</kw>
<kw name="Create List" owner="BuiltIn">
<msg time="2024-03-27T13:14:40.111945" level="INFO">${expected_keys} = ['gender', 'name', 'location', 'email', 'login']</msg>
<var>${expected_keys}</var>
<arg>gender</arg>
<arg>name</arg>
<arg>location</arg>
<arg>email</arg>
<arg>login</arg>
<doc>Returns a list containing given items.</doc>
<status status="PASS" start="2024-03-27T13:14:40.111792" elapsed="0.000178"/>
</kw>
<for flavor="IN">
<iter>
<kw name="Dictionary Should Contain Key" owner="Collections">
<msg time="2024-03-27T13:14:40.112978" level="INFO">False</msg>
<arg>${json_data['results'][0]}</arg>
<arg>${key}</arg>
<doc>Fails if ``key`` is not found from ``dictionary``.</doc>
<status status="PASS" start="2024-03-27T13:14:40.112567" elapsed="0.000451"/>
</kw>
<kw name="Log" owner="BuiltIn">
<msg time="2024-03-27T13:14:40.113769" level="INFO">{'gender': 'female', 'name': {'title': 'Mrs', 'first': 'Lucie', 'last': 'Dubois'}, 'location': {'street': {'number': 4882, 'name': "Rue du Bât-D'Argent"}, 'city': 'Aix-En-Provence', 'state': 'Orne', 'country': 'France', 'postcode': 29721, 'coordinates': {'latitude': '-14.1436', 'longitude': '50.6810'}, 'timezone': {'offset': '+3:00', 'description': 'Baghdad, Riyadh, Moscow, St. Petersburg'}}, 'email': 'lucie.dubois@example.com', 'login': {'uuid': 'a3997c0c-3c99-4997-b5a4-1f20000aa7a1', 'username': 'crazybutterfly966', 'password': 'nono', 'salt': 'XJJJIDBv', 'md5': '9b49598a8c498e9f2529508e8d352e41', 'sha1': '49ffef93a75f58327f1438bce5f7c176a0609a36', 'sha256': 'ef757a6e100a8040d69dc3a0775602e6efcea4146dd023da9aad0ae1d8bae9c8'}, 'dob': {'date': '1954-05-28T18:46:02.935Z', 'age': 69}, 'registered': {'date': '2002-03-28T20:33:24.069Z', 'age': 21}, 'phone': '01-06-64-60-14', 'cell': '06-10-17-10-26', 'id': {'name': 'INSEE', 'value': '2540498838276 05'}, 'picture': {'large': 'https://randomuser.me/api/portraits/women/0.jpg', 'medium': 'https://randomuser.me/api/portraits/med/women/0.jpg', 'thumbnail': 'https://randomuser.me/api/portraits/thumb/women/0.jpg'}, 'nat': 'FR'}</msg>
<arg>${json_data['results'][0]}</arg>
<doc>Logs the given message with the given level.</doc>
<status status="PASS" start="2024-03-27T13:14:40.113371" elapsed="0.000458"/>
</kw>
<kw name="Log" owner="BuiltIn">
<msg time="2024-03-27T13:14:40.114285" level="INFO">gender</msg>
<arg>${key}</arg>
<doc>Logs the given message with the given level.</doc>
<status status="PASS" start="2024-03-27T13:14:40.114150" elapsed="0.000175"/>
</kw>
<var name="${key}">gender</var>
<status status="PASS" start="2024-03-27T13:14:40.112438" elapsed="0.002115"/>
</iter>
<iter>
<kw name="Dictionary Should Contain Key" owner="Collections">
<msg time="2024-03-27T13:14:40.115255" level="INFO">False</msg>
<arg>${json_data['results'][0]}</arg>
<arg>${key}</arg>
<doc>Fails if ``key`` is not found from ``dictionary``.</doc>
<status status="PASS" start="2024-03-27T13:14:40.114868" elapsed="0.000462"/>
</kw>
<kw name="Log" owner="BuiltIn">
<msg time="2024-03-27T13:14:40.116008" level="INFO">{'gender': 'female', 'name': {'title': 'Mrs', 'first': 'Lucie', 'last': 'Dubois'}, 'location': {'street': {'number': 4882, 'name': "Rue du Bât-D'Argent"}, 'city': 'Aix-En-Provence', 'state': 'Orne', 'country': 'France', 'postcode': 29721, 'coordinates': {'latitude': '-14.1436', 'longitude': '50.6810'}, 'timezone': {'offset': '+3:00', 'description': 'Baghdad, Riyadh, Moscow, St. Petersburg'}}, 'email': 'lucie.dubois@example.com', 'login': {'uuid': 'a3997c0c-3c99-4997-b5a4-1f20000aa7a1', 'username': 'crazybutterfly966', 'password': 'nono', 'salt': 'XJJJIDBv', 'md5': '9b49598a8c498e9f2529508e8d352e41', 'sha1': '49ffef93a75f58327f1438bce5f7c176a0609a36', 'sha256': 'ef757a6e100a8040d69dc3a0775602e6efcea4146dd023da9aad0ae1d8bae9c8'}, 'dob': {'date': '1954-05-28T18:46:02.935Z', 'age': 69}, 'registered': {'date': '2002-03-28T20:33:24.069Z', 'age': 21}, 'phone': '01-06-64-60-14', 'cell': '06-10-17-10-26', 'id': {'name': 'INSEE', 'value': '2540498838276 05'}, 'picture': {'large': 'https://randomuser.me/api/portraits/women/0.jpg', 'medium': 'https://randomuser.me/api/portraits/med/women/0.jpg', 'thumbnail': 'https://randomuser.me/api/portraits/thumb/women/0.jpg'}, 'nat': 'FR'}</msg>
<arg>${json_data['results'][0]}</arg>
<doc>Logs the given message with the given level.</doc>
<status status="PASS" start="2024-03-27T13:14:40.115640" elapsed="0.000419"/>
</kw>
<kw name="Log" owner="BuiltIn">
<msg time="2024-03-27T13:14:40.116490" level="INFO">name</msg>
<arg>${key}</arg>
<doc>Logs the given message with the given level.</doc>
<status status="PASS" start="2024-03-27T13:14:40.116361" elapsed="0.000168"/>
</kw>
<var name="${key}">name</var>
<status status="PASS" start="2024-03-27T13:14:40.114749" elapsed="0.001998"/>
</iter>
<iter>
<kw name="Dictionary Should Contain Key" owner="Collections">
<msg time="2024-03-27T13:14:40.117467" level="INFO">False</msg>
<arg>${json_data['results'][0]}</arg>
<arg>${key}</arg>
<doc>Fails if ``key`` is not found from ``dictionary``.</doc>
<status status="PASS" start="2024-03-27T13:14:40.117042" elapsed="0.000463"/>
</kw>
<kw name="Log" owner="BuiltIn">
<msg time="2024-03-27T13:14:40.118179" level="INFO">{'gender': 'female', 'name': {'title': 'Mrs', 'first': 'Lucie', 'last': 'Dubois'}, 'location': {'street': {'number': 4882, 'name': "Rue du Bât-D'Argent"}, 'city': 'Aix-En-Provence', 'state': 'Orne', 'country': 'France', 'postcode': 29721, 'coordinates': {'latitude': '-14.1436', 'longitude': '50.6810'}, 'timezone': {'offset': '+3:00', 'description': 'Baghdad, Riyadh, Moscow, St. Petersburg'}}, 'email': 'lucie.dubois@example.com', 'login': {'uuid': 'a3997c0c-3c99-4997-b5a4-1f20000aa7a1', 'username': 'crazybutterfly966', 'password': 'nono', 'salt': 'XJJJIDBv', 'md5': '9b49598a8c498e9f2529508e8d352e41', 'sha1': '49ffef93a75f58327f1438bce5f7c176a0609a36', 'sha256': 'ef757a6e100a8040d69dc3a0775602e6efcea4146dd023da9aad0ae1d8bae9c8'}, 'dob': {'date': '1954-05-28T18:46:02.935Z', 'age': 69}, 'registered': {'date': '2002-03-28T20:33:24.069Z', 'age': 21}, 'phone': '01-06-64-60-14', 'cell': '06-10-17-10-26', 'id': {'name': 'INSEE', 'value': '2540498838276 05'}, 'picture': {'large': 'https://randomuser.me/api/portraits/women/0.jpg', 'medium': 'https://randomuser.me/api/portraits/med/women/0.jpg', 'thumbnail': 'https://randomuser.me/api/portraits/thumb/women/0.jpg'}, 'nat': 'FR'}</msg>
<arg>${json_data['results'][0]}</arg>
<doc>Logs the given message with the given level.</doc>
<status status="PASS" start="2024-03-27T13:14:40.117814" elapsed="0.000420"/>
</kw>
<kw name="Log" owner="BuiltIn">
<msg time="2024-03-27T13:14:40.118666" level="INFO">location</msg>
<arg>${key}</arg>
<doc>Logs the given message with the given level.</doc>
<status status="PASS" start="2024-03-27T13:14:40.118538" elapsed="0.000166"/>
</kw>
<var name="${key}">location</var>
<status status="PASS" start="2024-03-27T13:14:40.116930" elapsed="0.001993"/>
</iter>
<iter>
<kw name="Dictionary Should Contain Key" owner="Collections">
<msg time="2024-03-27T13:14:40.119598" level="INFO">False</msg>
<arg>${json_data['results'][0]}</arg>
<arg>${key}</arg>
<doc>Fails if ``key`` is not found from ``dictionary``.</doc>
<status status="PASS" start="2024-03-27T13:14:40.119211" elapsed="0.000425"/>
</kw>
<kw name="Log" owner="BuiltIn">
<msg time="2024-03-27T13:14:40.120311" level="INFO">{'gender': 'female', 'name': {'title': 'Mrs', 'first': 'Lucie', 'last': 'Dubois'}, 'location': {'street': {'number': 4882, 'name': "Rue du Bât-D'Argent"}, 'city': 'Aix-En-Provence', 'state': 'Orne', 'country': 'France', 'postcode': 29721, 'coordinates': {'latitude': '-14.1436', 'longitude': '50.6810'}, 'timezone': {'offset': '+3:00', 'description': 'Baghdad, Riyadh, Moscow, St. Petersburg'}}, 'email': 'lucie.dubois@example.com', 'login': {'uuid': 'a3997c0c-3c99-4997-b5a4-1f20000aa7a1', 'username': 'crazybutterfly966', 'password': 'nono', 'salt': 'XJJJIDBv', 'md5': '9b49598a8c498e9f2529508e8d352e41', 'sha1': '49ffef93a75f58327f1438bce5f7c176a0609a36', 'sha256': 'ef757a6e100a8040d69dc3a0775602e6efcea4146dd023da9aad0ae1d8bae9c8'}, 'dob': {'date': '1954-05-28T18:46:02.935Z', 'age': 69}, 'registered': {'date': '2002-03-28T20:33:24.069Z', 'age': 21}, 'phone': '01-06-64-60-14', 'cell': '06-10-17-10-26', 'id': {'name': 'INSEE', 'value': '2540498838276 05'}, 'picture': {'large': 'https://randomuser.me/api/portraits/women/0.jpg', 'medium': 'https://randomuser.me/api/portraits/med/women/0.jpg', 'thumbnail': 'https://randomuser.me/api/portraits/thumb/women/0.jpg'}, 'nat': 'FR'}</msg>
<arg>${json_data['results'][0]}</arg>
<doc>Logs the given message with the given level.</doc>
<status status="PASS" start="2024-03-27T13:14:40.119943" elapsed="0.000418"/>
</kw>
<kw name="Log" owner="BuiltIn">
<msg time="2024-03-27T13:14:40.120786" level="INFO">email</msg>
<arg>${key}</arg>
<doc>Logs the given message with the given level.</doc>
<status status="PASS" start="2024-03-27T13:14:40.120657" elapsed="0.000168"/>
</kw>
<var name="${key}">email</var>
<status status="PASS" start="2024-03-27T13:14:40.119100" elapsed="0.001940"/>
</iter>
<iter>
<kw name="Dictionary Should Contain Key" owner="Collections">
<msg time="2024-03-27T13:14:40.121761" level="INFO">False</msg>
<arg>${json_data['results'][0]}</arg>
<arg>${key}</arg>
<doc>Fails if ``key`` is not found from ``dictionary``.</doc>
<status status="PASS" start="2024-03-27T13:14:40.121373" elapsed="0.000432"/>
</kw>
<kw name="Log" owner="BuiltIn">
<msg time="2024-03-27T13:14:40.122466" level="INFO">{'gender': 'female', 'name': {'title': 'Mrs', 'first': 'Lucie', 'last': 'Dubois'}, 'location': {'street': {'number': 4882, 'name': "Rue du Bât-D'Argent"}, 'city': 'Aix-En-Provence', 'state': 'Orne', 'country': 'France', 'postcode': 29721, 'coordinates': {'latitude': '-14.1436', 'longitude': '50.6810'}, 'timezone': {'offset': '+3:00', 'description': 'Baghdad, Riyadh, Moscow, St. Petersburg'}}, 'email': 'lucie.dubois@example.com', 'login': {'uuid': 'a3997c0c-3c99-4997-b5a4-1f20000aa7a1', 'username': 'crazybutterfly966', 'password': 'nono', 'salt': 'XJJJIDBv', 'md5': '9b49598a8c498e9f2529508e8d352e41', 'sha1': '49ffef93a75f58327f1438bce5f7c176a0609a36', 'sha256': 'ef757a6e100a8040d69dc3a0775602e6efcea4146dd023da9aad0ae1d8bae9c8'}, 'dob': {'date': '1954-05-28T18:46:02.935Z', 'age': 69}, 'registered': {'date': '2002-03-28T20:33:24.069Z', 'age': 21}, 'phone': '01-06-64-60-14', 'cell': '06-10-17-10-26', 'id': {'name': 'INSEE', 'value': '2540498838276 05'}, 'picture': {'large': 'https://randomuser.me/api/portraits/women/0.jpg', 'medium': 'https://randomuser.me/api/portraits/med/women/0.jpg', 'thumbnail': 'https://randomuser.me/api/portraits/thumb/women/0.jpg'}, 'nat': 'FR'}</msg>
<arg>${json_data['results'][0]}</arg>
<doc>Logs the given message with the given level.</doc>
<status status="PASS" start="2024-03-27T13:14:40.122103" elapsed="0.000411"/>
</kw>
<kw name="Log" owner="BuiltIn">
<msg time="2024-03-27T13:14:40.122938" level="INFO">login</msg>
<arg>${key}</arg>
<doc>Logs the given message with the given level.</doc>
<status status="PASS" start="2024-03-27T13:14:40.122810" elapsed="0.000304"/>
</kw>
<var name="${key}">login</var>
<status status="PASS" start="2024-03-27T13:14:40.121260" elapsed="0.002082"/>
</iter>
<var>${key}</var>
<value>@{expected_keys}</value>
<status status="PASS" start="2024-03-27T13:14:40.112240" elapsed="0.011227"/>
</for>
<kw name="Create List" owner="BuiltIn">
<msg time="2024-03-27T13:14:40.123804" level="INFO">${expected_keysTwo} = ['username', 'password']</msg>
<var>${expected_keysTwo}</var>
<arg>username</arg>
<arg>password</arg>
<doc>Returns a list containing given items.</doc>
<status status="PASS" start="2024-03-27T13:14:40.123667" elapsed="0.000161"/>
</kw>
<for flavor="IN">
<iter>
<kw name="Dictionary Should Contain Key" owner="Collections">
<msg time="2024-03-27T13:14:40.124717" level="INFO">False</msg>
<arg>${json_data['results'][0]['login']}</arg>
<arg>${keyTwo}</arg>
<doc>Fails if ``key`` is not found from ``dictionary``.</doc>
<status status="PASS" start="2024-03-27T13:14:40.124337" elapsed="0.000418"/>
</kw>
<kw name="Dictionary Should Contain Key" owner="Collections">
<msg time="2024-03-27T13:14:40.125484" level="INFO">False</msg>
<arg>${json_data['results'][0]['login']}</arg>
<arg>${keyTwo}</arg>
<doc>Fails if ``key`` is not found from ``dictionary``.</doc>
<status status="PASS" start="2024-03-27T13:14:40.125059" elapsed="0.000464"/>
</kw>
<kw name="Log" owner="BuiltIn">
<msg time="2024-03-27T13:14:40.125955" level="INFO">username</msg>
<arg>${keyTwo}</arg>
<doc>Logs the given message with the given level.</doc>
<status status="PASS" start="2024-03-27T13:14:40.125823" elapsed="0.000169"/>
</kw>
<var name="${keyTwo}">username</var>
<status status="PASS" start="2024-03-27T13:14:40.124227" elapsed="0.001979"/>
</iter>
<iter>
<kw name="Dictionary Should Contain Key" owner="Collections">
<msg time="2024-03-27T13:14:40.126877" level="INFO">False</msg>
<arg>${json_data['results'][0]['login']}</arg>
<arg>${keyTwo}</arg>
<doc>Fails if ``key`` is not found from ``dictionary``.</doc>
<status status="PASS" start="2024-03-27T13:14:40.126493" elapsed="0.000422"/>
</kw>
<kw name="Dictionary Should Contain Key" owner="Collections">
<msg time="2024-03-27T13:14:40.127588" level="INFO">False</msg>
<arg>${json_data['results'][0]['login']}</arg>
<arg>${keyTwo}</arg>
<doc>Fails if ``key`` is not found from ``dictionary``.</doc>
<status status="PASS" start="2024-03-27T13:14:40.127210" elapsed="0.000415"/>
</kw>
<kw name="Log" owner="BuiltIn">
<msg time="2024-03-27T13:14:40.128046" level="INFO">password</msg>
<arg>${keyTwo}</arg>
<doc>Logs the given message with the given level.</doc>
<status status="PASS" start="2024-03-27T13:14:40.127917" elapsed="0.000166"/>
</kw>
<var name="${keyTwo}">password</var>
<status status="PASS" start="2024-03-27T13:14:40.126380" elapsed="0.001920"/>
</iter>
<var>${keyTwo}</var>
<value>@{expected_keysTwo}</value>
<status status="PASS" start="2024-03-27T13:14:40.124072" elapsed="0.004352"/>
</for>
<status status="PASS" start="2024-03-27T13:14:40.065813" elapsed="0.062756"/>
</kw>
<doc>Testa a estrutura da resposta da API.</doc>
<tag>testeEstruturaResposta</tag>
<status status="PASS" start="2024-03-27T13:14:40.065013" elapsed="0.063721"/>
</test>
<test id="s1-s1-t4" name="Validar tipos de dados" line="28">
<kw name="Teste de Tipos de Dados" owner="random-user-service">
<kw name="GET On Session" owner="RequestsLibrary">
<msg time="2024-03-27T13:14:40.205541" level="INFO">GET Request : url=https://randomuser.me/api 
 path_url=/api 
 headers={'User-Agent': 'python-requests/2.31.0', 'Accept-Encoding': 'gzip, deflate', 'Accept': '*/*', 'Connection': 'keep-alive'} 
 body=None 
 </msg>
<msg time="2024-03-27T13:14:40.205652" level="INFO">GET Response : url=https://randomuser.me/api 
 status=200, reason=OK 
 headers={'Date': 'Wed, 27 Mar 2024 13:14:40 GMT', 'Content-Type': 'application/json; charset=utf-8', 'Transfer-Encoding': 'chunked', 'Connection': 'keep-alive', 'X-Powered-By': 'Express', 'Access-Control-Allow-Origin': '*', 'Cache-Control': 'no-cache', 'ETag': 'W/"489-diTjPD7pnrjUUsAboILgLNKLaCs"', 'Vary': 'Accept-Encoding', 'Content-Encoding': 'gzip', 'CF-Cache-Status': 'DYNAMIC', 'Report-To': '{"endpoints":[{"url":"https:\\/\\/a.nel.cloudflare.com\\/report\\/v4?s=kFpx77QjtPVUSdO2WcWTKrjsG3YJeBQjCD6%2FBj47x5jyphis1czFu%2FgXiJaf1Dd7Vrwc6kCFzp3z8zt10osVdbvWgBHvue1RDV48E6vDQK92wGxhXDzfWVq4wxSFqJxA"}],"group":"cf-nel","max_age":604800}', 'NEL': '{"success_fraction":0,"report_to":"cf-nel","max_age":604800}', 'Server': 'cloudflare', 'CF-RAY': '86afa510de9259fe-IAD', 'alt-svc': 'h3=":443"; ma=86400'} 
 body={"results":[{"gender":"male","name":{"title":"Mr","first":"Nikola","last":"Marinković"},"location":{"street":{"number":2711,"name":"Barska"},"city":"Bojnik","state":"Kosovska Mitrovica","country":"Serbia","postcode":34743,"coordinates":{"latitude":"58.3917","longitude":"-109.9274"},"timezone":{"offset":"+7:00","description":"Bangkok, Hanoi, Jakarta"}},"email":"nikola.marinkovic@example.com","login":{"uuid":"96d40244-c13b-430e-b96b-cb52bbe9804c","username":"happypanda815","password":"matilda","salt":"WgnUmd5o","md5":"3a0af16a61c79268c7e2653e4ccab078","sha1":"0e9032c2f5ae68443005d63292aa97d8795252c9","sha256":"4e079f7dc6821bc1af7d0488d1fc760735f2eeebf399e94a85dbc5a1e68d9f09"},"dob":{"date":"1985-09-06T13:54:04.772Z","age":38},"registered":{"date":"2008-08-01T12:52:14.520Z","age":15},"phone":"037-9650-285","cell":"062-3597-065","id":{"name":"SID","value":"034408242"},"picture":{"large":"https://randomuser.me/api/portraits/men/14.jpg","medium":"https://randomuser.me/api/portraits/med/men/14.jpg","thumbnail":"https://randomuser.me/api/portraits/thumb/men/14.jpg"},"nat":"RS"}],"info":{"seed":"dc860e7911421556","results":1,"page":1,"version":"1.4"}} 
 </msg>
<msg time="2024-03-27T13:14:40.205735" level="INFO">/opt/hostedtoolcache/Python/3.12.2/x64/lib/python3.12/site-packages/urllib3/connectionpool.py:1103: InsecureRequestWarning: Unverified HTTPS request is being made to host 'randomuser.me'. Adding certificate verification is strongly advised. See: https://urllib3.readthedocs.io/en/latest/advanced-usage.html#tls-warnings
  warnings.warn(</msg>
<msg time="2024-03-27T13:14:40.205878" level="INFO">${response} = &lt;Response [200]&gt;</msg>
<var>${response}</var>
<arg>consultarAPI</arg>
<arg>/api</arg>
<doc>Sends a GET request on a previously created HTTP Session.</doc>
<status status="PASS" start="2024-03-27T13:14:40.131343" elapsed="0.074586"/>
</kw>
<kw name="Set Variable" owner="BuiltIn">
<msg time="2024-03-27T13:14:40.207155" level="INFO">${json_data} = {'results': [{'gender': 'male', 'name': {'title': 'Mr', 'first': 'Nikola', 'last': 'Marinković'}, 'location': {'street': {'number': 2711, 'name': 'Barska'}, 'city': 'Bojnik', 'state': 'Kosovska Mitrov...</msg>
<var>${json_data}</var>
<arg>${response.json()}</arg>
<doc>Returns the given values which can then be assigned to a variables.</doc>
<status status="PASS" start="2024-03-27T13:14:40.206583" elapsed="0.000603"/>
</kw>
<kw name="Log" owner="BuiltIn">
<msg time="2024-03-27T13:14:40.207721" level="INFO">{'results': [{'gender': 'male', 'name': {'title': 'Mr', 'first': 'Nikola', 'last': 'Marinković'}, 'location': {'street': {'number': 2711, 'name': 'Barska'}, 'city': 'Bojnik', 'state': 'Kosovska Mitrovica', 'country': 'Serbia', 'postcode': 34743, 'coordinates': {'latitude': '58.3917', 'longitude': '-109.9274'}, 'timezone': {'offset': '+7:00', 'description': 'Bangkok, Hanoi, Jakarta'}}, 'email': 'nikola.marinkovic@example.com', 'login': {'uuid': '96d40244-c13b-430e-b96b-cb52bbe9804c', 'username': 'happypanda815', 'password': 'matilda', 'salt': 'WgnUmd5o', 'md5': '3a0af16a61c79268c7e2653e4ccab078', 'sha1': '0e9032c2f5ae68443005d63292aa97d8795252c9', 'sha256': '4e079f7dc6821bc1af7d0488d1fc760735f2eeebf399e94a85dbc5a1e68d9f09'}, 'dob': {'date': '1985-09-06T13:54:04.772Z', 'age': 38}, 'registered': {'date': '2008-08-01T12:52:14.520Z', 'age': 15}, 'phone': '037-9650-285', 'cell': '062-3597-065', 'id': {'name': 'SID', 'value': '034408242'}, 'picture': {'large': 'https://randomuser.me/api/portraits/men/14.jpg', 'medium': 'https://randomuser.me/api/portraits/med/men/14.jpg', 'thumbnail': 'https://randomuser.me/api/portraits/thumb/men/14.jpg'}, 'nat': 'RS'}], 'info': {'seed': 'dc860e7911421556', 'results': 1, 'page': 1, 'version': '1.4'}}</msg>
<arg>${json_data}</arg>
<doc>Logs the given message with the given level.</doc>
<status status="PASS" start="2024-03-27T13:14:40.207547" elapsed="0.000264"/>
</kw>
<kw name="Should Be String" owner="String">
<arg>${json_data['results'][0]['gender']}</arg>
<doc>Fails if the given ``item`` is not a string.</doc>
<status status="PASS" start="2024-03-27T13:14:40.208129" elapsed="0.000380"/>
</kw>
<kw name="Should Match Regexp" owner="BuiltIn">
<arg>${json_data['results'][0]['email']}</arg>
<arg>^[a-zA-Z0-9._%+-]+@[a-zA-Z0-9.-]+\.[a-zA-Z]{2,}$</arg>
<doc>Fails if ``string`` does not match ``pattern`` as a regular expression.</doc>
<status status="PASS" start="2024-03-27T13:14:40.208710" elapsed="0.000569"/>
</kw>
<kw name="Should Match Regexp" owner="BuiltIn">
<arg>${json_data['results'][0]['dob']['date']}</arg>
<arg>\\d{4}-\\d{2}-\\d{2}T\\d{2}:\\d{2}:\\d{2}\\.\\d{3}Z</arg>
<doc>Fails if ``string`` does not match ``pattern`` as a regular expression.</doc>
<status status="PASS" start="2024-03-27T13:14:40.209486" elapsed="0.000499"/>
</kw>
<kw name="Should Match Regexp" owner="BuiltIn">
<arg>${json_data['results'][0]['registered']['date']}</arg>
<arg>\\d{4}-\\d{2}-\\d{2}T\\d{2}:\\d{2}:\\d{2}\\.\\d{3}Z</arg>
<doc>Fails if ``string`` does not match ``pattern`` as a regular expression.</doc>
<status status="PASS" start="2024-03-27T13:14:40.210185" elapsed="0.000372"/>
</kw>
<kw name="Should Match Regexp" owner="BuiltIn">
<arg>${json_data['results'][0]['picture']['large']}</arg>
<arg>^https?://.*\.(?:png|jpe?g|gif|bmp)$</arg>
<doc>Fails if ``string`` does not match ``pattern`` as a regular expression.</doc>
<status status="PASS" start="2024-03-27T13:14:40.210750" elapsed="0.000473"/>
</kw>
<kw name="Should Match Regexp" owner="BuiltIn">
<arg>${json_data['results'][0]['picture']['medium']}</arg>
<arg>^https?://.*\.(?:png|jpe?g|gif|bmp)$</arg>
<doc>Fails if ``string`` does not match ``pattern`` as a regular expression.</doc>
<status status="PASS" start="2024-03-27T13:14:40.211417" elapsed="0.000364"/>
</kw>
<kw name="Should Match Regexp" owner="BuiltIn">
<arg>${json_data['results'][0]['picture']['thumbnail']}</arg>
<arg>^https?://.*\.(?:png|jpe?g|gif|bmp)$</arg>
<doc>Fails if ``string`` does not match ``pattern`` as a regular expression.</doc>
<status status="PASS" start="2024-03-27T13:14:40.211968" elapsed="0.000348"/>
</kw>
<kw name="Log" owner="BuiltIn">
<msg time="2024-03-27T13:14:40.212832" level="INFO">{'large': 'https://randomuser.me/api/portraits/men/14.jpg', 'medium': 'https://randomuser.me/api/portraits/med/men/14.jpg', 'thumbnail': 'https://randomuser.me/api/portraits/thumb/men/14.jpg'}</msg>
<arg>${json_data['results'][0]['picture']}</arg>
<doc>Logs the given message with the given level.</doc>
<status status="PASS" start="2024-03-27T13:14:40.212500" elapsed="0.000379"/>
</kw>
<status status="PASS" start="2024-03-27T13:14:40.131109" elapsed="0.082063"/>
</kw>
<kw name="Teste de Tipos de Dados - Postcode" owner="random-user-service">
<kw name="GET On Session" owner="RequestsLibrary">
<msg time="2024-03-27T13:14:40.319229" level="INFO">GET Request : url=https://randomuser.me/api 
 path_url=/api 
 headers={'User-Agent': 'python-requests/2.31.0', 'Accept-Encoding': 'gzip, deflate', 'Accept': '*/*', 'Connection': 'keep-alive'} 
 body=None 
 </msg>
<msg time="2024-03-27T13:14:40.319335" level="INFO">GET Response : url=https://randomuser.me/api 
 status=200, reason=OK 
 headers={'Date': 'Wed, 27 Mar 2024 13:14:40 GMT', 'Content-Type': 'application/json; charset=utf-8', 'Transfer-Encoding': 'chunked', 'Connection': 'keep-alive', 'X-Powered-By': 'Express', 'Access-Control-Allow-Origin': '*', 'Cache-Control': 'no-cache', 'ETag': 'W/"498-f2QpY5k7wq4Wzo8TdXPovUUgOv4"', 'Vary': 'Accept-Encoding', 'Content-Encoding': 'gzip', 'CF-Cache-Status': 'DYNAMIC', 'Report-To': '{"endpoints":[{"url":"https:\\/\\/a.nel.cloudflare.com\\/report\\/v4?s=uXujjfTjcfWo25MWxg8I1ujP8HII5MhE4%2Fw7G6AxglWDEvHLm54TLPELgBc3g%2B0ydT6GOda0NDvZ%2BrTbRCAIsuhjJBpQL02iUflK3Hx5q5kd8X1n7zBf%2FsNrsPpai7Yj"}],"group":"cf-nel","max_age":604800}', 'NEL': '{"success_fraction":0,"report_to":"cf-nel","max_age":604800}', 'Server': 'cloudflare', 'CF-RAY': '86afa5115f0559fe-IAD', 'alt-svc': 'h3=":443"; ma=86400'} 
 body={"results":[{"gender":"male","name":{"title":"Mr","first":"Joanikije","last":"Lazić"},"location":{"street":{"number":5251,"name":"Mirka Damjanovića"},"city":"Aleksinac","state":"Mačva","country":"Serbia","postcode":34130,"coordinates":{"latitude":"58.0774","longitude":"-111.2744"},"timezone":{"offset":"+1:00","description":"Brussels, Copenhagen, Madrid, Paris"}},"email":"joanikije.lazic@example.com","login":{"uuid":"55788044-7e4c-4f4f-af96-7699c875217a","username":"organicgorilla516","password":"willard","salt":"C5qX0p0z","md5":"d3092f854cb1a66725684f70e0e5e8b5","sha1":"dd15a6f6f1e908027271430a9055a2a5d4bb49fc","sha256":"e39a8616e2b8bf40c2eb54c40e49df8688585140a986b5f4c6e066634bc8f4f2"},"dob":{"date":"1966-12-07T17:31:38.624Z","age":57},"registered":{"date":"2014-03-25T11:56:47.216Z","age":10},"phone":"035-4311-461","cell":"066-6962-550","id":{"name":"SID","value":"872897359"},"picture":{"large":"https://randomuser.me/api/portraits/men/62.jpg","medium":"https://randomuser.me/api/portraits/med/men/62.jpg","thumbnail":"https://randomuser.me/api/portraits/thumb/men/62.jpg"},"nat":"RS"}],"info":{"seed":"552d6da5d1086e38","results":1,"page":1,"version":"1.4"}} 
 </msg>
<msg time="2024-03-27T13:14:40.319429" level="INFO">/opt/hostedtoolcache/Python/3.12.2/x64/lib/python3.12/site-packages/urllib3/connectionpool.py:1103: InsecureRequestWarning: Unverified HTTPS request is being made to host 'randomuser.me'. Adding certificate verification is strongly advised. See: https://urllib3.readthedocs.io/en/latest/advanced-usage.html#tls-warnings
  warnings.warn(</msg>
<msg time="2024-03-27T13:14:40.319564" level="INFO">${response} = &lt;Response [200]&gt;</msg>
<var>${response}</var>
<arg>consultarAPI</arg>
<arg>/api</arg>
<doc>Sends a GET request on a previously created HTTP Session.</doc>
<status status="PASS" start="2024-03-27T13:14:40.213979" elapsed="0.105628"/>
</kw>
<kw name="Set Variable" owner="BuiltIn">
<msg time="2024-03-27T13:14:40.320863" level="INFO">${json_data} = {'results': [{'gender': 'male', 'name': {'title': 'Mr', 'first': 'Joanikije', 'last': 'Lazić'}, 'location': {'street': {'number': 5251, 'name': 'Mirka Damjanovića'}, 'city': 'Aleksinac', 'state': 'Mač...</msg>
<var>${json_data}</var>
<arg>${response.json()}</arg>
<doc>Returns the given values which can then be assigned to a variables.</doc>
<status status="PASS" start="2024-03-27T13:14:40.320282" elapsed="0.000612"/>
</kw>
<kw name="Log" owner="BuiltIn">
<msg time="2024-03-27T13:14:40.321477" level="INFO">{'results': [{'gender': 'male', 'name': {'title': 'Mr', 'first': 'Joanikije', 'last': 'Lazić'}, 'location': {'street': {'number': 5251, 'name': 'Mirka Damjanovića'}, 'city': 'Aleksinac', 'state': 'Mačva', 'country': 'Serbia', 'postcode': 34130, 'coordinates': {'latitude': '58.0774', 'longitude': '-111.2744'}, 'timezone': {'offset': '+1:00', 'description': 'Brussels, Copenhagen, Madrid, Paris'}}, 'email': 'joanikije.lazic@example.com', 'login': {'uuid': '55788044-7e4c-4f4f-af96-7699c875217a', 'username': 'organicgorilla516', 'password': 'willard', 'salt': 'C5qX0p0z', 'md5': 'd3092f854cb1a66725684f70e0e5e8b5', 'sha1': 'dd15a6f6f1e908027271430a9055a2a5d4bb49fc', 'sha256': 'e39a8616e2b8bf40c2eb54c40e49df8688585140a986b5f4c6e066634bc8f4f2'}, 'dob': {'date': '1966-12-07T17:31:38.624Z', 'age': 57}, 'registered': {'date': '2014-03-25T11:56:47.216Z', 'age': 10}, 'phone': '035-4311-461', 'cell': '066-6962-550', 'id': {'name': 'SID', 'value': '872897359'}, 'picture': {'large': 'https://randomuser.me/api/portraits/men/62.jpg', 'medium': 'https://randomuser.me/api/portraits/med/men/62.jpg', 'thumbnail': 'https://randomuser.me/api/portraits/thumb/men/62.jpg'}, 'nat': 'RS'}], 'info': {'seed': '552d6da5d1086e38', 'results': 1, 'page': 1, 'version': '1.4'}}</msg>
<arg>${json_data}</arg>
<doc>Logs the given message with the given level.</doc>
<status status="PASS" start="2024-03-27T13:14:40.321295" elapsed="0.000270"/>
</kw>
<kw name="Should Be Equal As Numbers" owner="BuiltIn">
<arg>${json_data['results'][0]['location']['postcode']}</arg>
<arg>${json_data['results'][0]['location']['postcode']}</arg>
<doc>Fails if objects are unequal after converting them to real numbers.</doc>
<status status="PASS" start="2024-03-27T13:14:40.321899" elapsed="0.000663"/>
</kw>
<kw name="Log" owner="BuiltIn">
<msg time="2024-03-27T13:14:40.323110" level="INFO">34130</msg>
<arg>${json_data['results'][0]['location']['postcode']}</arg>
<doc>Logs the given message with the given level.</doc>
<status status="PASS" start="2024-03-27T13:14:40.322765" elapsed="0.000387"/>
</kw>
<status status="PASS" start="2024-03-27T13:14:40.213517" elapsed="0.109904"/>
</kw>
<doc>Testa se os tipos de dados na resposta da API estão corretos.</doc>
<tag>testeTiposDados</tag>
<status status="PASS" start="2024-03-27T13:14:40.130531" elapsed="0.193069"/>
</test>
<test id="s1-s1-t5" name="Validar conteudo" line="35">
<kw name="Teste de Tipos de Conteudo" owner="random-user-service">
<kw name="GET On Session" owner="RequestsLibrary">
<msg time="2024-03-27T13:14:40.435804" level="INFO">GET Request : url=https://randomuser.me/api 
 path_url=/api 
 headers={'User-Agent': 'python-requests/2.31.0', 'Accept-Encoding': 'gzip, deflate', 'Accept': '*/*', 'Connection': 'keep-alive'} 
 body=None 
 </msg>
<msg time="2024-03-27T13:14:40.435927" level="INFO">GET Response : url=https://randomuser.me/api 
 status=200, reason=OK 
 headers={'Date': 'Wed, 27 Mar 2024 13:14:40 GMT', 'Content-Type': 'application/json; charset=utf-8', 'Transfer-Encoding': 'chunked', 'Connection': 'keep-alive', 'X-Powered-By': 'Express', 'Access-Control-Allow-Origin': '*', 'Cache-Control': 'no-cache', 'ETag': 'W/"48b-PhpJjhydx7OTN0y6LCm6S8LWYJQ"', 'Vary': 'Accept-Encoding', 'Content-Encoding': 'gzip', 'CF-Cache-Status': 'DYNAMIC', 'Report-To': '{"endpoints":[{"url":"https:\\/\\/a.nel.cloudflare.com\\/report\\/v4?s=2oVxQx1qrsrpAc%2BNFK54oKyevzDj5JKwmsSNprtthn9mZboB%2Be8foMutfduPW95l1mkAPBCGQbTYmO%2BUIk4px2NR8xPYbLfeP0j0gAIXKx3qIYzDoqx3koXh5ANiar2r"}],"group":"cf-nel","max_age":604800}', 'NEL': '{"success_fraction":0,"report_to":"cf-nel","max_age":604800}', 'Server': 'cloudflare', 'CF-RAY': '86afa5120f8c59fe-IAD', 'alt-svc': 'h3=":443"; ma=86400'} 
 body={"results":[{"gender":"female","name":{"title":"Ms","first":"Gabrielle","last":"Chan"},"location":{"street":{"number":4768,"name":"Argyle St"},"city":"Greenwood","state":"Nova Scotia","country":"Canada","postcode":"W2T 2K3","coordinates":{"latitude":"-70.9868","longitude":"14.3218"},"timezone":{"offset":"+2:00","description":"Kaliningrad, South Africa"}},"email":"gabrielle.chan@example.com","login":{"uuid":"72d87267-93b1-4082-baaa-ace11496c811","username":"redostrich822","password":"ncc1701","salt":"mTecFjUN","md5":"21934ae7cdc100e87363a63e47f33046","sha1":"052f0d6cce9d165edf2e37af8f24272befead0c3","sha256":"b24ef495fcbfa9900d15e6e797c312f686c97896c8673e88c268ec066e85356d"},"dob":{"date":"1997-05-02T17:56:45.401Z","age":26},"registered":{"date":"2004-01-09T15:50:57.549Z","age":20},"phone":"H53 U51-1320","cell":"W09 O72-4408","id":{"name":"SIN","value":"372308361"},"picture":{"large":"https://randomuser.me/api/portraits/women/8.jpg","medium":"https://randomuser.me/api/portraits/med/women/8.jpg","thumbnail":"https://randomuser.me/api/portraits/thumb/women/8.jpg"},"nat":"CA"}],"info":{"seed":"a7460555bde1adef","results":1,"page":1,"version":"1.4"}} 
 </msg>
<msg time="2024-03-27T13:14:40.436008" level="INFO">/opt/hostedtoolcache/Python/3.12.2/x64/lib/python3.12/site-packages/urllib3/connectionpool.py:1103: InsecureRequestWarning: Unverified HTTPS request is being made to host 'randomuser.me'. Adding certificate verification is strongly advised. See: https://urllib3.readthedocs.io/en/latest/advanced-usage.html#tls-warnings
  warnings.warn(</msg>
<msg time="2024-03-27T13:14:40.436162" level="INFO">${response} = &lt;Response [200]&gt;</msg>
<var>${response}</var>
<arg>consultarAPI</arg>
<arg>/api</arg>
<doc>Sends a GET request on a previously created HTTP Session.</doc>
<status status="PASS" start="2024-03-27T13:14:40.326239" elapsed="0.109973"/>
</kw>
<kw name="Set Variable" owner="BuiltIn">
<msg time="2024-03-27T13:14:40.437514" level="INFO">${json_data} = {'results': [{'gender': 'female', 'name': {'title': 'Ms', 'first': 'Gabrielle', 'last': 'Chan'}, 'location': {'street': {'number': 4768, 'name': 'Argyle St'}, 'city': 'Greenwood', 'state': 'Nova Scoti...</msg>
<var>${json_data}</var>
<arg>${response.json()}</arg>
<doc>Returns the given values which can then be assigned to a variables.</doc>
<status status="PASS" start="2024-03-27T13:14:40.436906" elapsed="0.000637"/>
</kw>
<kw name="Set Variable" owner="BuiltIn">
<msg time="2024-03-27T13:14:40.438334" level="INFO">${name_title} = Ms</msg>
<var>${name_title}</var>
<arg>${json_data["results"][0]["name"]["title"]}</arg>
<doc>Returns the given values which can then be assigned to a variables.</doc>
<status status="PASS" start="2024-03-27T13:14:40.437913" elapsed="0.000447"/>
</kw>
<kw name="Create List" owner="BuiltIn">
<msg time="2024-03-27T13:14:40.438843" level="INFO">${allowed_titles} = ['Mr', 'Ms', 'Miss', 'Mrs', 'Madame', 'Monsieur']</msg>
<var>${allowed_titles}</var>
<arg>Mr</arg>
<arg>Ms</arg>
<arg>Miss</arg>
<arg>Mrs</arg>
<arg>Madame</arg>
<arg>Monsieur</arg>
<doc>Returns a list containing given items.</doc>
<status status="PASS" start="2024-03-27T13:14:40.438685" elapsed="0.000183"/>
</kw>
<kw name="List Should Contain Value" owner="Collections">
<msg time="2024-03-27T13:14:40.439372" level="INFO">False</msg>
<arg>${allowed_titles}</arg>
<arg>${name_title}</arg>
<doc>Fails if the ``value`` is not found from ``list``.</doc>
<status status="PASS" start="2024-03-27T13:14:40.439188" elapsed="0.000224"/>
</kw>
<kw name="Set Variable" owner="BuiltIn">
<msg time="2024-03-27T13:14:40.440106" level="INFO">${name_country} = CA</msg>
<var>${name_country}</var>
<arg>${json_data["results"][0]["nat"]}</arg>
<doc>Returns the given values which can then be assigned to a variables.</doc>
<status status="PASS" start="2024-03-27T13:14:40.439723" elapsed="0.000407"/>
</kw>
<kw name="Create List" owner="BuiltIn">
<msg time="2024-03-27T13:14:40.441049" level="INFO">${list_country} = ['AD', 'AE', 'AF', 'AG', 'AI', 'AL', 'AM', 'AO', 'AQ', 'AR', 'AS', 'AT', 'AU', 'AW', 'AX', 'AZ', 'BA', 'BB', 'BD', 'BE', 'BF', 'BG', 'BH', 'BI', 'BJ', 'BL', 'BM', 'BN', 'BO', 'BQ', 'BR', 'BS', 'BT', '...</msg>
<var>${list_country}</var>
<arg>AD</arg>
<arg>AE</arg>
<arg>AF</arg>
<arg>AG</arg>
<arg>AI</arg>
<arg>AL</arg>
<arg>AM</arg>
<arg>AO</arg>
<arg>AQ</arg>
<arg>AR</arg>
<arg>AS</arg>
<arg>AT</arg>
<arg>AU</arg>
<arg>AW</arg>
<arg>AX</arg>
<arg>AZ</arg>
<arg>BA</arg>
<arg>BB</arg>
<arg>BD</arg>
<arg>BE</arg>
<arg>BF</arg>
<arg>BG</arg>
<arg>BH</arg>
<arg>BI</arg>
<arg>BJ</arg>
<arg>BL</arg>
<arg>BM</arg>
<arg>BN</arg>
<arg>BO</arg>
<arg>BQ</arg>
<arg>BR</arg>
<arg>BS</arg>
<arg>BT</arg>
<arg>BV</arg>
<arg>BW</arg>
<arg>BY</arg>
<arg>BZ</arg>
<arg>CA</arg>
<arg>CC</arg>
<arg>CD</arg>
<arg>CF</arg>
<arg>CG</arg>
<arg>CH</arg>
<arg>CI</arg>
<arg>CK</arg>
<arg>CL</arg>
<arg>CM</arg>
<arg>CN</arg>
<arg>CO</arg>
<arg>CR</arg>
<arg>CU</arg>
<arg>CV</arg>
<arg>CW</arg>
<arg>CX</arg>
<arg>CY</arg>
<arg>CZ</arg>
<arg>DE</arg>
<arg>DJ</arg>
<arg>DK</arg>
<arg>DM</arg>
<arg>DO</arg>
<arg>DZ</arg>
<arg>EC</arg>
<arg>EE</arg>
<arg>EG</arg>
<arg>EH</arg>
<arg>ER</arg>
<arg>ES</arg>
<arg>ET</arg>
<arg>FI</arg>
<arg>FJ</arg>
<arg>FK</arg>
<arg>FM</arg>
<arg>FO</arg>
<arg>FR</arg>
<arg>GA</arg>
<arg>GB</arg>
<arg>GD</arg>
<arg>GE</arg>
<arg>GF</arg>
<arg>GG</arg>
<arg>GH</arg>
<arg>GI</arg>
<arg>GL</arg>
<arg>GM</arg>
<arg>GN</arg>
<arg>GP</arg>
<arg>GQ</arg>
<arg>GR</arg>
<arg>GS</arg>
<arg>GT</arg>
<arg>GU</arg>
<arg>GW</arg>
<arg>GY</arg>
<arg>HK</arg>
<arg>HM</arg>
<arg>HN</arg>
<arg>HR</arg>
<arg>HT</arg>
<arg>HU</arg>
<arg>ID</arg>
<arg>IE</arg>
<arg>IL</arg>
<arg>IM</arg>
<arg>IN</arg>
<arg>IO</arg>
<arg>IQ</arg>
<arg>IR</arg>
<arg>IS</arg>
<arg>IT</arg>
<arg>JE</arg>
<arg>JM</arg>
<arg>JO</arg>
<arg>JP</arg>
<arg>KE</arg>
<arg>KG</arg>
<arg>KH</arg>
<arg>KI</arg>
<arg>KM</arg>
<arg>KN</arg>
<arg>KP</arg>
<arg>KR</arg>
<arg>KW</arg>
<arg>KY</arg>
<arg>KZ</arg>
<arg>LA</arg>
<arg>LB</arg>
<arg>LC</arg>
<arg>LI</arg>
<arg>LK</arg>
<arg>LR</arg>
<arg>LS</arg>
<arg>LT</arg>
<arg>LU</arg>
<arg>LV</arg>
<arg>LY</arg>
<arg>MA</arg>
<arg>MC</arg>
<arg>MD</arg>
<arg>ME</arg>
<arg>MF</arg>
<arg>MG</arg>
<arg>MH</arg>
<arg>MK</arg>
<arg>ML</arg>
<arg>MM</arg>
<arg>MN</arg>
<arg>MO</arg>
<arg>MP</arg>
<arg>MQ</arg>
<arg>MR</arg>
<arg>MS</arg>
<arg>MT</arg>
<arg>MU</arg>
<arg>MV</arg>
<arg>MW</arg>
<arg>MX</arg>
<arg>MY</arg>
<arg>MZ</arg>
<arg>NA</arg>
<arg>NC</arg>
<arg>NE</arg>
<arg>NF</arg>
<arg>NG</arg>
<arg>NI</arg>
<arg>NL</arg>
<arg>NO</arg>
<arg>NP</arg>
<arg>NR</arg>
<arg>NU</arg>
<arg>NZ</arg>
<arg>OM</arg>
<arg>PA</arg>
<arg>PE</arg>
<arg>PF</arg>
<arg>PG</arg>
<arg>PH</arg>
<arg>PK</arg>
<arg>PL</arg>
<arg>PM</arg>
<arg>PN</arg>
<arg>PR</arg>
<arg>PS</arg>
<arg>PT</arg>
<arg>PW</arg>
<arg>PY</arg>
<arg>QA</arg>
<arg>RE</arg>
<arg>RO</arg>
<arg>RS</arg>
<arg>RU</arg>
<arg>RW</arg>
<arg>SA</arg>
<arg>SB</arg>
<arg>SC</arg>
<arg>SD</arg>
<arg>SE</arg>
<arg>SG</arg>
<arg>SH</arg>
<arg>SI</arg>
<arg>SJ</arg>
<arg>SK</arg>
<arg>SL</arg>
<arg>SM</arg>
<arg>SN</arg>
<arg>SO</arg>
<arg>SR</arg>
<arg>SS</arg>
<arg>ST</arg>
<arg>SV</arg>
<arg>SX</arg>
<arg>SY</arg>
<arg>SZ</arg>
<arg>TC</arg>
<arg>TD</arg>
<arg>TF</arg>
<arg>TG</arg>
<arg>TH</arg>
<arg>TJ</arg>
<arg>TK</arg>
<arg>TL</arg>
<arg>TM</arg>
<arg>TN</arg>
<arg>TO</arg>
<arg>TR</arg>
<arg>TT</arg>
<arg>TV</arg>
<arg>TW</arg>
<arg>TZ</arg>
<arg>UA</arg>
<arg>UG</arg>
<arg>UM</arg>
<arg>US</arg>
<arg>UY</arg>
<arg>UZ</arg>
<arg>VA</arg>
<arg>VC</arg>
<arg>VE</arg>
<arg>VG</arg>
<arg>VI</arg>
<arg>VN</arg>
<arg>VU</arg>
<arg>WF</arg>
<arg>WS</arg>
<arg>XK</arg>
<arg>YE</arg>
<arg>YT</arg>
<arg>ZA</arg>
<arg>ZM</arg>
<arg>ZW</arg>
<doc>Returns a list containing given items.</doc>
<status status="PASS" start="2024-03-27T13:14:40.440445" elapsed="0.000650"/>
</kw>
<kw name="List Should Contain Value" owner="Collections">
<msg time="2024-03-27T13:14:40.442256" level="INFO">False</msg>
<arg>${list_country}</arg>
<arg>${name_country}</arg>
<doc>Fails if the ``value`` is not found from ``list``.</doc>
<status status="PASS" start="2024-03-27T13:14:40.442037" elapsed="0.000258"/>
</kw>
<kw name="Run Keyword If" owner="BuiltIn">
<kw name="Should Be True" owner="BuiltIn">
<arg>${True}</arg>
<doc>Fails if the given condition is not true.</doc>
<status status="PASS" start="2024-03-27T13:14:40.443392" elapsed="0.000149"/>
</kw>
<arg>${json_data["results"][0]["location"]["coordinates"]["latitude"]} &gt;= -90 and ${json_data["results"][0]["location"]["coordinates"]["latitude"]} &lt;= 90</arg>
<arg>Should Be True</arg>
<arg>${True}</arg>
<doc>Runs the given keyword with the given arguments, if ``condition`` is true.</doc>
<status status="PASS" start="2024-03-27T13:14:40.442616" elapsed="0.001054"/>
</kw>
<kw name="Run Keyword If" owner="BuiltIn">
<kw name="Should Be True" owner="BuiltIn">
<arg>${True}</arg>
<doc>Fails if the given condition is not true.</doc>
<status status="PASS" start="2024-03-27T13:14:40.444563" elapsed="0.000142"/>
</kw>
<arg>${json_data["results"][0]["location"]["coordinates"]["longitude"]} &gt;= -180 and ${json_data["results"][0]["location"]["coordinates"]["longitude"]} &lt;= 180</arg>
<arg>Should Be True</arg>
<arg>${True}</arg>
<doc>Runs the given keyword with the given arguments, if ``condition`` is true.</doc>
<status status="PASS" start="2024-03-27T13:14:40.443862" elapsed="0.000968"/>
</kw>
<status status="PASS" start="2024-03-27T13:14:40.325999" elapsed="0.118967"/>
</kw>
<doc>Testa o conteúdo específico dos campos retornados pela API.</doc>
<tag>testeConteudo</tag>
<status status="PASS" start="2024-03-27T13:14:40.325444" elapsed="0.119720"/>
</test>
<status status="PASS" start="2024-03-27T13:14:39.463349" elapsed="0.983822"/>
</suite>
<status status="PASS" start="2024-03-27T13:14:39.449657" elapsed="1.002975"/>
</suite>
<statistics>
<total>
<stat pass="5" fail="0" skip="0">All Tests</stat>
</total>
<tag>
<stat pass="1" fail="0" skip="0">testeConteudo</stat>
<stat pass="1" fail="0" skip="0">testeEstruturaResposta</stat>
<stat pass="1" fail="0" skip="0">testeRequisicaoBasica</stat>
<stat pass="1" fail="0" skip="0">testeTiposDados</stat>
</tag>
<suite>
<stat pass="5" fail="0" skip="0" id="s1" name="Tests">Tests</stat>
<stat pass="5" fail="0" skip="0" id="s1-s1" name="Random-User-Test">Tests.Random-User-Test</stat>
</suite>
</statistics>
<errors>
</errors>
</robot>
