<?xml version="1.0" encoding="UTF-8"?>
<robot generator="Robot 7.0 (Python 3.12.2 on linux)" generated="2024-04-06T07:12:37.648995" rpa="false" schemaversion="5">
<suite id="s1" name="Tests" source="/home/runner/work/DesafioQAItauRogerioJordao/DesafioQAItauRogerioJordao/RamdonUser/tests">
<suite id="s1-s1" name="Random-User-Test" source="/home/runner/work/DesafioQAItauRogerioJordao/DesafioQAItauRogerioJordao/RamdonUser/tests/random-user-test.robot">
<test id="s1-s1-t1" name="Conectar" line="13">
<kw name="Conectar API" owner="random-user-service">
<kw name="Create Session" owner="RequestsLibrary">
<msg time="2024-04-06T07:12:38.032078" level="INFO">Creating Session using : alias=consultarAPI, url=https://randomuser.me/, headers={},                     cookies={}, auth=None, timeout=None, proxies=None, verify=False,                     debug=0 </msg>
<arg>consultarAPI</arg>
<arg>${URL}</arg>
<doc>Create Session: create a HTTP session to a server</doc>
<status status="PASS" start="2024-04-06T07:12:38.031794" elapsed="0.000549"/>
</kw>
<status status="PASS" start="2024-04-06T07:12:38.030113" elapsed="0.002618"/>
</kw>
<status status="PASS" start="2024-04-06T07:12:38.029274" elapsed="0.003675"/>
</test>
<test id="s1-s1-t2" name="Validar retorno 200 e JSON Válido" line="16">
<kw name="Teste de Requisicao Basica" owner="random-user-service">
<kw name="GET On Session" owner="RequestsLibrary">
<msg time="2024-04-06T07:12:38.185140" level="INFO">GET Request : url=https://randomuser.me/api 
 path_url=/api 
 headers={'User-Agent': 'python-requests/2.31.0', 'Accept-Encoding': 'gzip, deflate', 'Accept': '*/*', 'Connection': 'keep-alive'} 
 body=None 
 </msg>
<msg time="2024-04-06T07:12:38.185306" level="INFO">GET Response : url=https://randomuser.me/api 
 status=200, reason=OK 
 headers={'Date': 'Sat, 06 Apr 2024 07:12:38 GMT', 'Content-Type': 'application/json; charset=utf-8', 'Transfer-Encoding': 'chunked', 'Connection': 'keep-alive', 'X-Powered-By': 'Express', 'Access-Control-Allow-Origin': '*', 'Cache-Control': 'no-cache', 'ETag': 'W/"4a0-2ILQFtU6+z6NW/m0fdaJeJBXwE0"', 'Vary': 'Accept-Encoding', 'Content-Encoding': 'gzip', 'CF-Cache-Status': 'DYNAMIC', 'Report-To': '{"endpoints":[{"url":"https:\\/\\/a.nel.cloudflare.com\\/report\\/v4?s=iJylEmnzA%2Fi2soZTkYDGGVa98xhB0JYNUHCggGIxYgTsx6cZV%2F5P3kmqUyjkbdmGhA3TTj8ZPGcMqtoavSyfp7eYGkaCFRIPPx%2BnOaGJqH9Jb2V40BNS2AZILuMANaMJ"}],"group":"cf-nel","max_age":604800}', 'NEL': '{"success_fraction":0,"report_to":"cf-nel","max_age":604800}', 'Server': 'cloudflare', 'CF-RAY': '86fff87e08bf2b72-LAX', 'alt-svc': 'h3=":443"; ma=86400'} 
 body={"results":[{"gender":"female","name":{"title":"Miss","first":"Kimberly","last":"Nelson"},"location":{"street":{"number":7995,"name":"Albert Road"},"city":"Portsmouth","state":"Shropshire","country":"United Kingdom","postcode":"Z89 3AH","coordinates":{"latitude":"-10.8064","longitude":"105.3458"},"timezone":{"offset":"+2:00","description":"Kaliningrad, South Africa"}},"email":"kimberly.nelson@example.com","login":{"uuid":"9a38c0ac-84f3-4f2b-9f34-d6d9b16a9a4e","username":"crazysnake472","password":"castor","salt":"q0o0kTg0","md5":"8c6efc516f35f3a3d6f7d8204e478de6","sha1":"e0607f4e0fde70612576def61ad8a09aaf86b52b","sha256":"296f69aae5de36a917d5c48c7dc4c4ca3bd98597a4b04d35d776c16721906841"},"dob":{"date":"1994-01-12T10:50:39.453Z","age":30},"registered":{"date":"2014-04-15T00:00:33.666Z","age":9},"phone":"017687 35958","cell":"07677 388243","id":{"name":"NINO","value":"NL 16 94 84 D"},"picture":{"large":"https://randomuser.me/api/portraits/women/71.jpg","medium":"https://randomuser.me/api/portraits/med/women/71.jpg","thumbnail":"https://randomuser.me/api/portraits/thumb/women/71.jpg"},"nat":"GB"}],"info":{"seed":"2023f8752e99083e","results":1,"page":1,"version":"1.4"}} 
 </msg>
<msg time="2024-04-06T07:12:38.185417" level="INFO">/opt/hostedtoolcache/Python/3.12.2/x64/lib/python3.12/site-packages/urllib3/connectionpool.py:1103: InsecureRequestWarning: Unverified HTTPS request is being made to host 'randomuser.me'. Adding certificate verification is strongly advised. See: https://urllib3.readthedocs.io/en/latest/advanced-usage.html#tls-warnings
  warnings.warn(</msg>
<msg time="2024-04-06T07:12:38.185585" level="INFO">${response} = &lt;Response [200]&gt;</msg>
<var>${response}</var>
<arg>consultarAPI</arg>
<arg>/api</arg>
<doc>Sends a GET request on a previously created HTTP Session.</doc>
<status status="PASS" start="2024-04-06T07:12:38.035668" elapsed="0.149962"/>
</kw>
<kw name="Should Be Equal As Numbers" owner="BuiltIn">
<msg time="2024-04-06T07:12:38.186715" level="INFO">Argument types are:
&lt;class 'int'&gt;
&lt;class 'str'&gt;</msg>
<arg>${response.status_code}</arg>
<arg>200</arg>
<doc>Fails if objects are unequal after converting them to real numbers.</doc>
<status status="PASS" start="2024-04-06T07:12:38.186203" elapsed="0.000586"/>
</kw>
<kw name="Log" owner="BuiltIn">
<msg time="2024-04-06T07:12:38.187471" level="INFO">200</msg>
<arg>${response.status_code}</arg>
<doc>Logs the given message with the given level.</doc>
<status status="PASS" start="2024-04-06T07:12:38.187115" elapsed="0.000399"/>
</kw>
<kw name="Set Variable" owner="BuiltIn">
<msg time="2024-04-06T07:12:38.188255" level="INFO">${json_data} = {'results': [{'gender': 'female', 'name': {'title': 'Miss', 'first': 'Kimberly', 'last': 'Nelson'}, 'location': {'street': {'number': 7995, 'name': 'Albert Road'}, 'city': 'Portsmouth', 'state': 'Shro...</msg>
<var>${json_data}</var>
<arg>${response.json()}</arg>
<doc>Returns the given values which can then be assigned to a variables.</doc>
<status status="PASS" start="2024-04-06T07:12:38.187820" elapsed="0.000462"/>
</kw>
<kw name="Dictionary Should Contain Key" owner="Collections">
<msg time="2024-04-06T07:12:38.188810" level="INFO">False</msg>
<arg>${json_data}</arg>
<arg>results</arg>
<doc>Fails if ``key`` is not found from ``dictionary``.</doc>
<status status="PASS" start="2024-04-06T07:12:38.188583" elapsed="0.000276"/>
</kw>
<status status="PASS" start="2024-04-06T07:12:38.035409" elapsed="0.153733"/>
</kw>
<doc>Testa se a API responde corretamente e retorna um objeto JSON válido.</doc>
<tag>testeRequisicaoBasica</tag>
<status status="PASS" start="2024-04-06T07:12:38.034876" elapsed="0.154466"/>
</test>
<test id="s1-s1-t3" name="Validar estrutura de resposta" line="22">
<kw name="Teste de Estrutura de Resposta" owner="random-user-service">
<kw name="GET On Session" owner="RequestsLibrary">
<msg time="2024-04-06T07:12:38.307663" level="INFO">GET Request : url=https://randomuser.me/api 
 path_url=/api 
 headers={'User-Agent': 'python-requests/2.31.0', 'Accept-Encoding': 'gzip, deflate', 'Accept': '*/*', 'Connection': 'keep-alive'} 
 body=None 
 </msg>
<msg time="2024-04-06T07:12:38.307764" level="INFO">GET Response : url=https://randomuser.me/api 
 status=200, reason=OK 
 headers={'Date': 'Sat, 06 Apr 2024 07:12:38 GMT', 'Content-Type': 'application/json; charset=utf-8', 'Transfer-Encoding': 'chunked', 'Connection': 'keep-alive', 'X-Powered-By': 'Express', 'Access-Control-Allow-Origin': '*', 'Cache-Control': 'no-cache', 'ETag': 'W/"4a1-4dHKGrdAGvJmiWjDRKKtsMVTIgo"', 'Vary': 'Accept-Encoding', 'Content-Encoding': 'gzip', 'CF-Cache-Status': 'DYNAMIC', 'Report-To': '{"endpoints":[{"url":"https:\\/\\/a.nel.cloudflare.com\\/report\\/v4?s=42hpkcRI1nOvEeHkzrTv0hfPzW2soALO4ENw%2FpVAAUd4cBvlxxSoR2puHbx2LFY6XYFF4AvdVhGzpNDc0ZPFr8qNosHLCyEmoxIRpYNkAeV9Fq0YjXiBdpS6HVL%2Fmb6C"}],"group":"cf-nel","max_age":604800}', 'NEL': '{"success_fraction":0,"report_to":"cf-nel","max_age":604800}', 'Server': 'cloudflare', 'CF-RAY': '86fff87eb95e2b72-LAX', 'alt-svc': 'h3=":443"; ma=86400'} 
 body={"results":[{"gender":"female","name":{"title":"Miss","first":"Audrey","last":"Henry"},"location":{"street":{"number":5550,"name":"W Sherman Dr"},"city":"Alexandria","state":"Missouri","country":"United States","postcode":16806,"coordinates":{"latitude":"84.2671","longitude":"100.9825"},"timezone":{"offset":"+11:00","description":"Magadan, Solomon Islands, New Caledonia"}},"email":"audrey.henry@example.com","login":{"uuid":"163f8e07-19d0-4dcd-a904-266ab50119d6","username":"crazycat474","password":"321321","salt":"JYc2XY6L","md5":"6ff104c5ea4c600a2f0a405a27632942","sha1":"77fcf2053b301a931ddee674df13dbc4d1e48be3","sha256":"14c4d2f3c0e340885717769a4f9622deb622aa3b6db933613a8dbfe048aedf8d"},"dob":{"date":"1968-09-29T09:18:17.404Z","age":55},"registered":{"date":"2015-02-01T05:35:36.239Z","age":9},"phone":"(401) 268-3144","cell":"(794) 578-0332","id":{"name":"SSN","value":"457-40-8209"},"picture":{"large":"https://randomuser.me/api/portraits/women/69.jpg","medium":"https://randomuser.me/api/portraits/med/women/69.jpg","thumbnail":"https://randomuser.me/api/portraits/thumb/women/69.jpg"},"nat":"US"}],"info":{"seed":"91b8c9950cd12838","results":1,"page":1,"version":"1.4"}} 
 </msg>
<msg time="2024-04-06T07:12:38.307909" level="INFO">/opt/hostedtoolcache/Python/3.12.2/x64/lib/python3.12/site-packages/urllib3/connectionpool.py:1103: InsecureRequestWarning: Unverified HTTPS request is being made to host 'randomuser.me'. Adding certificate verification is strongly advised. See: https://urllib3.readthedocs.io/en/latest/advanced-usage.html#tls-warnings
  warnings.warn(</msg>
<msg time="2024-04-06T07:12:38.308060" level="INFO">${response} = &lt;Response [200]&gt;</msg>
<var>${response}</var>
<arg>consultarAPI</arg>
<arg>/api</arg>
<doc>Sends a GET request on a previously created HTTP Session.</doc>
<status status="PASS" start="2024-04-06T07:12:38.192138" elapsed="0.115965"/>
</kw>
<kw name="Set Variable" owner="BuiltIn">
<msg time="2024-04-06T07:12:38.309151" level="INFO">${json_data} = {'results': [{'gender': 'female', 'name': {'title': 'Miss', 'first': 'Audrey', 'last': 'Henry'}, 'location': {'street': {'number': 5550, 'name': 'W Sherman Dr'}, 'city': 'Alexandria', 'state': 'Missou...</msg>
<var>${json_data}</var>
<arg>${response.json()}</arg>
<doc>Returns the given values which can then be assigned to a variables.</doc>
<status status="PASS" start="2024-04-06T07:12:38.308641" elapsed="0.000539"/>
</kw>
<kw name="Log" owner="BuiltIn">
<msg time="2024-04-06T07:12:38.309664" level="INFO">{'results': [{'gender': 'female', 'name': {'title': 'Miss', 'first': 'Audrey', 'last': 'Henry'}, 'location': {'street': {'number': 5550, 'name': 'W Sherman Dr'}, 'city': 'Alexandria', 'state': 'Missouri', 'country': 'United States', 'postcode': 16806, 'coordinates': {'latitude': '84.2671', 'longitude': '100.9825'}, 'timezone': {'offset': '+11:00', 'description': 'Magadan, Solomon Islands, New Caledonia'}}, 'email': 'audrey.henry@example.com', 'login': {'uuid': '163f8e07-19d0-4dcd-a904-266ab50119d6', 'username': 'crazycat474', 'password': '321321', 'salt': 'JYc2XY6L', 'md5': '6ff104c5ea4c600a2f0a405a27632942', 'sha1': '77fcf2053b301a931ddee674df13dbc4d1e48be3', 'sha256': '14c4d2f3c0e340885717769a4f9622deb622aa3b6db933613a8dbfe048aedf8d'}, 'dob': {'date': '1968-09-29T09:18:17.404Z', 'age': 55}, 'registered': {'date': '2015-02-01T05:35:36.239Z', 'age': 9}, 'phone': '(401) 268-3144', 'cell': '(794) 578-0332', 'id': {'name': 'SSN', 'value': '457-40-8209'}, 'picture': {'large': 'https://randomuser.me/api/portraits/women/69.jpg', 'medium': 'https://randomuser.me/api/portraits/med/women/69.jpg', 'thumbnail': 'https://randomuser.me/api/portraits/thumb/women/69.jpg'}, 'nat': 'US'}], 'info': {'seed': '91b8c9950cd12838', 'results': 1, 'page': 1, 'version': '1.4'}}</msg>
<arg>${json_data}</arg>
<doc>Logs the given message with the given level.</doc>
<status status="PASS" start="2024-04-06T07:12:38.309493" elapsed="0.000219"/>
</kw>
<kw name="Dictionary Should Contain Key" owner="Collections">
<msg time="2024-04-06T07:12:38.310165" level="INFO">False</msg>
<arg>${json_data}</arg>
<arg>results</arg>
<doc>Fails if ``key`` is not found from ``dictionary``.</doc>
<status status="PASS" start="2024-04-06T07:12:38.310008" elapsed="0.000194"/>
</kw>
<kw name="Should Not Be Empty" owner="BuiltIn">
<msg time="2024-04-06T07:12:38.310674" level="INFO">Length is 2.</msg>
<arg>${json_data}</arg>
<doc>Verifies that the given item is not empty.</doc>
<status status="PASS" start="2024-04-06T07:12:38.310497" elapsed="0.000217"/>
</kw>
<kw name="Create List" owner="BuiltIn">
<msg time="2024-04-06T07:12:38.311171" level="INFO">${expected_keys} = ['gender', 'name', 'location', 'email', 'login']</msg>
<var>${expected_keys}</var>
<arg>gender</arg>
<arg>name</arg>
<arg>location</arg>
<arg>email</arg>
<arg>login</arg>
<doc>Returns a list containing given items.</doc>
<status status="PASS" start="2024-04-06T07:12:38.311012" elapsed="0.000184"/>
</kw>
<for flavor="IN">
<iter>
<kw name="Dictionary Should Contain Key" owner="Collections">
<msg time="2024-04-06T07:12:38.312182" level="INFO">False</msg>
<arg>${json_data['results'][0]}</arg>
<arg>${key}</arg>
<doc>Fails if ``key`` is not found from ``dictionary``.</doc>
<status status="PASS" start="2024-04-06T07:12:38.311779" elapsed="0.000443"/>
</kw>
<kw name="Log" owner="BuiltIn">
<msg time="2024-04-06T07:12:38.312903" level="INFO">{'gender': 'female', 'name': {'title': 'Miss', 'first': 'Audrey', 'last': 'Henry'}, 'location': {'street': {'number': 5550, 'name': 'W Sherman Dr'}, 'city': 'Alexandria', 'state': 'Missouri', 'country': 'United States', 'postcode': 16806, 'coordinates': {'latitude': '84.2671', 'longitude': '100.9825'}, 'timezone': {'offset': '+11:00', 'description': 'Magadan, Solomon Islands, New Caledonia'}}, 'email': 'audrey.henry@example.com', 'login': {'uuid': '163f8e07-19d0-4dcd-a904-266ab50119d6', 'username': 'crazycat474', 'password': '321321', 'salt': 'JYc2XY6L', 'md5': '6ff104c5ea4c600a2f0a405a27632942', 'sha1': '77fcf2053b301a931ddee674df13dbc4d1e48be3', 'sha256': '14c4d2f3c0e340885717769a4f9622deb622aa3b6db933613a8dbfe048aedf8d'}, 'dob': {'date': '1968-09-29T09:18:17.404Z', 'age': 55}, 'registered': {'date': '2015-02-01T05:35:36.239Z', 'age': 9}, 'phone': '(401) 268-3144', 'cell': '(794) 578-0332', 'id': {'name': 'SSN', 'value': '457-40-8209'}, 'picture': {'large': 'https://randomuser.me/api/portraits/women/69.jpg', 'medium': 'https://randomuser.me/api/portraits/med/women/69.jpg', 'thumbnail': 'https://randomuser.me/api/portraits/thumb/women/69.jpg'}, 'nat': 'US'}</msg>
<arg>${json_data['results'][0]}</arg>
<doc>Logs the given message with the given level.</doc>
<status status="PASS" start="2024-04-06T07:12:38.312535" elapsed="0.000417"/>
</kw>
<kw name="Log" owner="BuiltIn">
<msg time="2024-04-06T07:12:38.313397" level="INFO">gender</msg>
<arg>${key}</arg>
<doc>Logs the given message with the given level.</doc>
<status status="PASS" start="2024-04-06T07:12:38.313256" elapsed="0.000179"/>
</kw>
<var name="${key}">gender</var>
<status status="PASS" start="2024-04-06T07:12:38.311654" elapsed="0.002003"/>
</iter>
<iter>
<kw name="Dictionary Should Contain Key" owner="Collections">
<msg time="2024-04-06T07:12:38.314360" level="INFO">False</msg>
<arg>${json_data['results'][0]}</arg>
<arg>${key}</arg>
<doc>Fails if ``key`` is not found from ``dictionary``.</doc>
<status status="PASS" start="2024-04-06T07:12:38.313971" elapsed="0.000427"/>
</kw>
<kw name="Log" owner="BuiltIn">
<msg time="2024-04-06T07:12:38.315132" level="INFO">{'gender': 'female', 'name': {'title': 'Miss', 'first': 'Audrey', 'last': 'Henry'}, 'location': {'street': {'number': 5550, 'name': 'W Sherman Dr'}, 'city': 'Alexandria', 'state': 'Missouri', 'country': 'United States', 'postcode': 16806, 'coordinates': {'latitude': '84.2671', 'longitude': '100.9825'}, 'timezone': {'offset': '+11:00', 'description': 'Magadan, Solomon Islands, New Caledonia'}}, 'email': 'audrey.henry@example.com', 'login': {'uuid': '163f8e07-19d0-4dcd-a904-266ab50119d6', 'username': 'crazycat474', 'password': '321321', 'salt': 'JYc2XY6L', 'md5': '6ff104c5ea4c600a2f0a405a27632942', 'sha1': '77fcf2053b301a931ddee674df13dbc4d1e48be3', 'sha256': '14c4d2f3c0e340885717769a4f9622deb622aa3b6db933613a8dbfe048aedf8d'}, 'dob': {'date': '1968-09-29T09:18:17.404Z', 'age': 55}, 'registered': {'date': '2015-02-01T05:35:36.239Z', 'age': 9}, 'phone': '(401) 268-3144', 'cell': '(794) 578-0332', 'id': {'name': 'SSN', 'value': '457-40-8209'}, 'picture': {'large': 'https://randomuser.me/api/portraits/women/69.jpg', 'medium': 'https://randomuser.me/api/portraits/med/women/69.jpg', 'thumbnail': 'https://randomuser.me/api/portraits/thumb/women/69.jpg'}, 'nat': 'US'}</msg>
<arg>${json_data['results'][0]}</arg>
<doc>Logs the given message with the given level.</doc>
<status status="PASS" start="2024-04-06T07:12:38.314771" elapsed="0.000408"/>
</kw>
<kw name="Log" owner="BuiltIn">
<msg time="2024-04-06T07:12:38.315602" level="INFO">name</msg>
<arg>${key}</arg>
<doc>Logs the given message with the given level.</doc>
<status status="PASS" start="2024-04-06T07:12:38.315472" elapsed="0.000168"/>
</kw>
<var name="${key}">name</var>
<status status="PASS" start="2024-04-06T07:12:38.313856" elapsed="0.002004"/>
</iter>
<iter>
<kw name="Dictionary Should Contain Key" owner="Collections">
<msg time="2024-04-06T07:12:38.316525" level="INFO">False</msg>
<arg>${json_data['results'][0]}</arg>
<arg>${key}</arg>
<doc>Fails if ``key`` is not found from ``dictionary``.</doc>
<status status="PASS" start="2024-04-06T07:12:38.316154" elapsed="0.000410"/>
</kw>
<kw name="Log" owner="BuiltIn">
<msg time="2024-04-06T07:12:38.317220" level="INFO">{'gender': 'female', 'name': {'title': 'Miss', 'first': 'Audrey', 'last': 'Henry'}, 'location': {'street': {'number': 5550, 'name': 'W Sherman Dr'}, 'city': 'Alexandria', 'state': 'Missouri', 'country': 'United States', 'postcode': 16806, 'coordinates': {'latitude': '84.2671', 'longitude': '100.9825'}, 'timezone': {'offset': '+11:00', 'description': 'Magadan, Solomon Islands, New Caledonia'}}, 'email': 'audrey.henry@example.com', 'login': {'uuid': '163f8e07-19d0-4dcd-a904-266ab50119d6', 'username': 'crazycat474', 'password': '321321', 'salt': 'JYc2XY6L', 'md5': '6ff104c5ea4c600a2f0a405a27632942', 'sha1': '77fcf2053b301a931ddee674df13dbc4d1e48be3', 'sha256': '14c4d2f3c0e340885717769a4f9622deb622aa3b6db933613a8dbfe048aedf8d'}, 'dob': {'date': '1968-09-29T09:18:17.404Z', 'age': 55}, 'registered': {'date': '2015-02-01T05:35:36.239Z', 'age': 9}, 'phone': '(401) 268-3144', 'cell': '(794) 578-0332', 'id': {'name': 'SSN', 'value': '457-40-8209'}, 'picture': {'large': 'https://randomuser.me/api/portraits/women/69.jpg', 'medium': 'https://randomuser.me/api/portraits/med/women/69.jpg', 'thumbnail': 'https://randomuser.me/api/portraits/thumb/women/69.jpg'}, 'nat': 'US'}</msg>
<arg>${json_data['results'][0]}</arg>
<doc>Logs the given message with the given level.</doc>
<status status="PASS" start="2024-04-06T07:12:38.316864" elapsed="0.000407"/>
</kw>
<kw name="Log" owner="BuiltIn">
<msg time="2024-04-06T07:12:38.317697" level="INFO">location</msg>
<arg>${key}</arg>
<doc>Logs the given message with the given level.</doc>
<status status="PASS" start="2024-04-06T07:12:38.317563" elapsed="0.000172"/>
</kw>
<var name="${key}">location</var>
<status status="PASS" start="2024-04-06T07:12:38.316042" elapsed="0.001910"/>
</iter>
<iter>
<kw name="Dictionary Should Contain Key" owner="Collections">
<msg time="2024-04-06T07:12:38.318653" level="INFO">False</msg>
<arg>${json_data['results'][0]}</arg>
<arg>${key}</arg>
<doc>Fails if ``key`` is not found from ``dictionary``.</doc>
<status status="PASS" start="2024-04-06T07:12:38.318235" elapsed="0.000458"/>
</kw>
<kw name="Log" owner="BuiltIn">
<msg time="2024-04-06T07:12:38.319366" level="INFO">{'gender': 'female', 'name': {'title': 'Miss', 'first': 'Audrey', 'last': 'Henry'}, 'location': {'street': {'number': 5550, 'name': 'W Sherman Dr'}, 'city': 'Alexandria', 'state': 'Missouri', 'country': 'United States', 'postcode': 16806, 'coordinates': {'latitude': '84.2671', 'longitude': '100.9825'}, 'timezone': {'offset': '+11:00', 'description': 'Magadan, Solomon Islands, New Caledonia'}}, 'email': 'audrey.henry@example.com', 'login': {'uuid': '163f8e07-19d0-4dcd-a904-266ab50119d6', 'username': 'crazycat474', 'password': '321321', 'salt': 'JYc2XY6L', 'md5': '6ff104c5ea4c600a2f0a405a27632942', 'sha1': '77fcf2053b301a931ddee674df13dbc4d1e48be3', 'sha256': '14c4d2f3c0e340885717769a4f9622deb622aa3b6db933613a8dbfe048aedf8d'}, 'dob': {'date': '1968-09-29T09:18:17.404Z', 'age': 55}, 'registered': {'date': '2015-02-01T05:35:36.239Z', 'age': 9}, 'phone': '(401) 268-3144', 'cell': '(794) 578-0332', 'id': {'name': 'SSN', 'value': '457-40-8209'}, 'picture': {'large': 'https://randomuser.me/api/portraits/women/69.jpg', 'medium': 'https://randomuser.me/api/portraits/med/women/69.jpg', 'thumbnail': 'https://randomuser.me/api/portraits/thumb/women/69.jpg'}, 'nat': 'US'}</msg>
<arg>${json_data['results'][0]}</arg>
<doc>Logs the given message with the given level.</doc>
<status status="PASS" start="2024-04-06T07:12:38.319012" elapsed="0.000402"/>
</kw>
<kw name="Log" owner="BuiltIn">
<msg time="2024-04-06T07:12:38.319836" level="INFO">email</msg>
<arg>${key}</arg>
<doc>Logs the given message with the given level.</doc>
<status status="PASS" start="2024-04-06T07:12:38.319709" elapsed="0.000166"/>
</kw>
<var name="${key}">email</var>
<status status="PASS" start="2024-04-06T07:12:38.318125" elapsed="0.001966"/>
</iter>
<iter>
<kw name="Dictionary Should Contain Key" owner="Collections">
<msg time="2024-04-06T07:12:38.320769" level="INFO">False</msg>
<arg>${json_data['results'][0]}</arg>
<arg>${key}</arg>
<doc>Fails if ``key`` is not found from ``dictionary``.</doc>
<status status="PASS" start="2024-04-06T07:12:38.320386" elapsed="0.000421"/>
</kw>
<kw name="Log" owner="BuiltIn">
<msg time="2024-04-06T07:12:38.321460" level="INFO">{'gender': 'female', 'name': {'title': 'Miss', 'first': 'Audrey', 'last': 'Henry'}, 'location': {'street': {'number': 5550, 'name': 'W Sherman Dr'}, 'city': 'Alexandria', 'state': 'Missouri', 'country': 'United States', 'postcode': 16806, 'coordinates': {'latitude': '84.2671', 'longitude': '100.9825'}, 'timezone': {'offset': '+11:00', 'description': 'Magadan, Solomon Islands, New Caledonia'}}, 'email': 'audrey.henry@example.com', 'login': {'uuid': '163f8e07-19d0-4dcd-a904-266ab50119d6', 'username': 'crazycat474', 'password': '321321', 'salt': 'JYc2XY6L', 'md5': '6ff104c5ea4c600a2f0a405a27632942', 'sha1': '77fcf2053b301a931ddee674df13dbc4d1e48be3', 'sha256': '14c4d2f3c0e340885717769a4f9622deb622aa3b6db933613a8dbfe048aedf8d'}, 'dob': {'date': '1968-09-29T09:18:17.404Z', 'age': 55}, 'registered': {'date': '2015-02-01T05:35:36.239Z', 'age': 9}, 'phone': '(401) 268-3144', 'cell': '(794) 578-0332', 'id': {'name': 'SSN', 'value': '457-40-8209'}, 'picture': {'large': 'https://randomuser.me/api/portraits/women/69.jpg', 'medium': 'https://randomuser.me/api/portraits/med/women/69.jpg', 'thumbnail': 'https://randomuser.me/api/portraits/thumb/women/69.jpg'}, 'nat': 'US'}</msg>
<arg>${json_data['results'][0]}</arg>
<doc>Logs the given message with the given level.</doc>
<status status="PASS" start="2024-04-06T07:12:38.321104" elapsed="0.000403"/>
</kw>
<kw name="Log" owner="BuiltIn">
<msg time="2024-04-06T07:12:38.321935" level="INFO">login</msg>
<arg>${key}</arg>
<doc>Logs the given message with the given level.</doc>
<status status="PASS" start="2024-04-06T07:12:38.321806" elapsed="0.000309"/>
</kw>
<var name="${key}">login</var>
<status status="PASS" start="2024-04-06T07:12:38.320267" elapsed="0.002081"/>
</iter>
<var>${key}</var>
<value>@{expected_keys}</value>
<status status="PASS" start="2024-04-06T07:12:38.311460" elapsed="0.011015"/>
</for>
<kw name="Create List" owner="BuiltIn">
<msg time="2024-04-06T07:12:38.322836" level="INFO">${expected_keysTwo} = ['username', 'password']</msg>
<var>${expected_keysTwo}</var>
<arg>username</arg>
<arg>password</arg>
<doc>Returns a list containing given items.</doc>
<status status="PASS" start="2024-04-06T07:12:38.322698" elapsed="0.000162"/>
</kw>
<for flavor="IN">
<iter>
<kw name="Dictionary Should Contain Key" owner="Collections">
<msg time="2024-04-06T07:12:38.323744" level="INFO">False</msg>
<arg>${json_data['results'][0]['login']}</arg>
<arg>${keyTwo}</arg>
<doc>Fails if ``key`` is not found from ``dictionary``.</doc>
<status status="PASS" start="2024-04-06T07:12:38.323364" elapsed="0.000418"/>
</kw>
<kw name="Dictionary Should Contain Key" owner="Collections">
<msg time="2024-04-06T07:12:38.324471" level="INFO">False</msg>
<arg>${json_data['results'][0]['login']}</arg>
<arg>${keyTwo}</arg>
<doc>Fails if ``key`` is not found from ``dictionary``.</doc>
<status status="PASS" start="2024-04-06T07:12:38.324083" elapsed="0.000425"/>
</kw>
<kw name="Log" owner="BuiltIn">
<msg time="2024-04-06T07:12:38.324928" level="INFO">username</msg>
<arg>${keyTwo}</arg>
<doc>Logs the given message with the given level.</doc>
<status status="PASS" start="2024-04-06T07:12:38.324800" elapsed="0.000166"/>
</kw>
<var name="${keyTwo}">username</var>
<status status="PASS" start="2024-04-06T07:12:38.323254" elapsed="0.001938"/>
</iter>
<iter>
<kw name="Dictionary Should Contain Key" owner="Collections">
<msg time="2024-04-06T07:12:38.325857" level="INFO">False</msg>
<arg>${json_data['results'][0]['login']}</arg>
<arg>${keyTwo}</arg>
<doc>Fails if ``key`` is not found from ``dictionary``.</doc>
<status status="PASS" start="2024-04-06T07:12:38.325478" elapsed="0.000417"/>
</kw>
<kw name="Dictionary Should Contain Key" owner="Collections">
<msg time="2024-04-06T07:12:38.326600" level="INFO">False</msg>
<arg>${json_data['results'][0]['login']}</arg>
<arg>${keyTwo}</arg>
<doc>Fails if ``key`` is not found from ``dictionary``.</doc>
<status status="PASS" start="2024-04-06T07:12:38.326191" elapsed="0.000448"/>
</kw>
<kw name="Log" owner="BuiltIn">
<msg time="2024-04-06T07:12:38.327077" level="INFO">password</msg>
<arg>${keyTwo}</arg>
<doc>Logs the given message with the given level.</doc>
<status status="PASS" start="2024-04-06T07:12:38.326937" elapsed="0.000178"/>
</kw>
<var name="${keyTwo}">password</var>
<status status="PASS" start="2024-04-06T07:12:38.325368" elapsed="0.001963"/>
</iter>
<var>${keyTwo}</var>
<value>@{expected_keysTwo}</value>
<status status="PASS" start="2024-04-06T07:12:38.323100" elapsed="0.004355"/>
</for>
<status status="PASS" start="2024-04-06T07:12:38.191901" elapsed="0.135702"/>
</kw>
<doc>Testa a estrutura da resposta da API.</doc>
<tag>testeEstruturaResposta</tag>
<status status="PASS" start="2024-04-06T07:12:38.191227" elapsed="0.136544"/>
</test>
<test id="s1-s1-t4" name="Validar tipos de dados" line="28">
<kw name="Teste de Tipos de Dados" owner="random-user-service">
<kw name="GET On Session" owner="RequestsLibrary">
<msg time="2024-04-06T07:12:38.444535" level="INFO">GET Request : url=https://randomuser.me/api 
 path_url=/api 
 headers={'User-Agent': 'python-requests/2.31.0', 'Accept-Encoding': 'gzip, deflate', 'Accept': '*/*', 'Connection': 'keep-alive'} 
 body=None 
 </msg>
<msg time="2024-04-06T07:12:38.444631" level="INFO">GET Response : url=https://randomuser.me/api 
 status=200, reason=OK 
 headers={'Date': 'Sat, 06 Apr 2024 07:12:38 GMT', 'Content-Type': 'application/json; charset=utf-8', 'Transfer-Encoding': 'chunked', 'Connection': 'keep-alive', 'X-Powered-By': 'Express', 'Access-Control-Allow-Origin': '*', 'Cache-Control': 'no-cache', 'ETag': 'W/"4ab-xHSV+JmCfOoS2d/9MEyOd3dIOAc"', 'Vary': 'Accept-Encoding', 'Content-Encoding': 'gzip', 'CF-Cache-Status': 'DYNAMIC', 'Report-To': '{"endpoints":[{"url":"https:\\/\\/a.nel.cloudflare.com\\/report\\/v4?s=vRC6Ji2BOGanUewz5u%2FNF5sGnFc6jrz73eoKjkILrcIGxhGi356W7IG8Ieq9Mz2A5CWKOASf6XcEqWIMNMAW6y8vuFCkaPCKOgXh2rGZiNV4HVLZnCsIja7CLyx35Gba"}],"group":"cf-nel","max_age":604800}', 'NEL': '{"success_fraction":0,"report_to":"cf-nel","max_age":604800}', 'Server': 'cloudflare', 'CF-RAY': '86fff87f9a292b72-LAX', 'alt-svc': 'h3=":443"; ma=86400'} 
 body={"results":[{"gender":"male","name":{"title":"Mr","first":"Sebastiaan","last":"Koller"},"location":{"street":{"number":5665,"name":"Koningsboulevard"},"city":"Ryptsjerk","state":"Gelderland","country":"Netherlands","postcode":"6002 EQ","coordinates":{"latitude":"33.6387","longitude":"-28.5142"},"timezone":{"offset":"0:00","description":"Western Europe Time, London, Lisbon, Casablanca"}},"email":"sebastiaan.koller@example.com","login":{"uuid":"d679fb40-25c2-4253-ad1c-5c6140a784dd","username":"bigrabbit428","password":"stoppedby","salt":"kvWkjwoN","md5":"ee4ab758930502520337b2caecbce621","sha1":"4ff0c1d3d3840597cfbf74b28a39ec28d1ca3fb8","sha256":"e5782b26511a9685d869497982653471dada67f441c5a529747232a600abc3be"},"dob":{"date":"1987-12-16T08:31:44.386Z","age":36},"registered":{"date":"2010-03-18T12:12:51.000Z","age":14},"phone":"(020) 6452882","cell":"(06) 15013308","id":{"name":"BSN","value":"36166378"},"picture":{"large":"https://randomuser.me/api/portraits/men/8.jpg","medium":"https://randomuser.me/api/portraits/med/men/8.jpg","thumbnail":"https://randomuser.me/api/portraits/thumb/men/8.jpg"},"nat":"NL"}],"info":{"seed":"c705cdcdd4b4996d","results":1,"page":1,"version":"1.4"}} 
 </msg>
<msg time="2024-04-06T07:12:38.444696" level="INFO">/opt/hostedtoolcache/Python/3.12.2/x64/lib/python3.12/site-packages/urllib3/connectionpool.py:1103: InsecureRequestWarning: Unverified HTTPS request is being made to host 'randomuser.me'. Adding certificate verification is strongly advised. See: https://urllib3.readthedocs.io/en/latest/advanced-usage.html#tls-warnings
  warnings.warn(</msg>
<msg time="2024-04-06T07:12:38.444835" level="INFO">${response} = &lt;Response [200]&gt;</msg>
<var>${response}</var>
<arg>consultarAPI</arg>
<arg>/api</arg>
<doc>Sends a GET request on a previously created HTTP Session.</doc>
<status status="PASS" start="2024-04-06T07:12:38.330231" elapsed="0.114646"/>
</kw>
<kw name="Set Variable" owner="BuiltIn">
<msg time="2024-04-06T07:12:38.445895" level="INFO">${json_data} = {'results': [{'gender': 'male', 'name': {'title': 'Mr', 'first': 'Sebastiaan', 'last': 'Koller'}, 'location': {'street': {'number': 5665, 'name': 'Koningsboulevard'}, 'city': 'Ryptsjerk', 'state': 'Ge...</msg>
<var>${json_data}</var>
<arg>${response.json()}</arg>
<doc>Returns the given values which can then be assigned to a variables.</doc>
<status status="PASS" start="2024-04-06T07:12:38.445386" elapsed="0.000537"/>
</kw>
<kw name="Log" owner="BuiltIn">
<msg time="2024-04-06T07:12:38.446389" level="INFO">{'results': [{'gender': 'male', 'name': {'title': 'Mr', 'first': 'Sebastiaan', 'last': 'Koller'}, 'location': {'street': {'number': 5665, 'name': 'Koningsboulevard'}, 'city': 'Ryptsjerk', 'state': 'Gelderland', 'country': 'Netherlands', 'postcode': '6002 EQ', 'coordinates': {'latitude': '33.6387', 'longitude': '-28.5142'}, 'timezone': {'offset': '0:00', 'description': 'Western Europe Time, London, Lisbon, Casablanca'}}, 'email': 'sebastiaan.koller@example.com', 'login': {'uuid': 'd679fb40-25c2-4253-ad1c-5c6140a784dd', 'username': 'bigrabbit428', 'password': 'stoppedby', 'salt': 'kvWkjwoN', 'md5': 'ee4ab758930502520337b2caecbce621', 'sha1': '4ff0c1d3d3840597cfbf74b28a39ec28d1ca3fb8', 'sha256': 'e5782b26511a9685d869497982653471dada67f441c5a529747232a600abc3be'}, 'dob': {'date': '1987-12-16T08:31:44.386Z', 'age': 36}, 'registered': {'date': '2010-03-18T12:12:51.000Z', 'age': 14}, 'phone': '(020) 6452882', 'cell': '(06) 15013308', 'id': {'name': 'BSN', 'value': '36166378'}, 'picture': {'large': 'https://randomuser.me/api/portraits/men/8.jpg', 'medium': 'https://randomuser.me/api/portraits/med/men/8.jpg', 'thumbnail': 'https://randomuser.me/api/portraits/thumb/men/8.jpg'}, 'nat': 'NL'}], 'info': {'seed': 'c705cdcdd4b4996d', 'results': 1, 'page': 1, 'version': '1.4'}}</msg>
<arg>${json_data}</arg>
<doc>Logs the given message with the given level.</doc>
<status status="PASS" start="2024-04-06T07:12:38.446232" elapsed="0.000244"/>
</kw>
<kw name="Should Be String" owner="String">
<arg>${json_data['results'][0]['gender']}</arg>
<doc>Fails if the given ``item`` is not a string.</doc>
<status status="PASS" start="2024-04-06T07:12:38.446834" elapsed="0.000355"/>
</kw>
<kw name="Should Match Regexp" owner="BuiltIn">
<arg>${json_data['results'][0]['email']}</arg>
<arg>^[a-zA-Z0-9._%+-]+@[a-zA-Z0-9.-]+\.[a-zA-Z]{2,}$</arg>
<doc>Fails if ``string`` does not match ``pattern`` as a regular expression.</doc>
<status status="PASS" start="2024-04-06T07:12:38.447381" elapsed="0.000515"/>
</kw>
<kw name="Should Match Regexp" owner="BuiltIn">
<arg>${json_data['results'][0]['dob']['date']}</arg>
<arg>\\d{4}-\\d{2}-\\d{2}T\\d{2}:\\d{2}:\\d{2}\\.\\d{3}Z</arg>
<doc>Fails if ``string`` does not match ``pattern`` as a regular expression.</doc>
<status status="PASS" start="2024-04-06T07:12:38.448090" elapsed="0.000479"/>
</kw>
<kw name="Should Match Regexp" owner="BuiltIn">
<arg>${json_data['results'][0]['registered']['date']}</arg>
<arg>\\d{4}-\\d{2}-\\d{2}T\\d{2}:\\d{2}:\\d{2}\\.\\d{3}Z</arg>
<doc>Fails if ``string`` does not match ``pattern`` as a regular expression.</doc>
<status status="PASS" start="2024-04-06T07:12:38.448759" elapsed="0.000357"/>
</kw>
<kw name="Should Match Regexp" owner="BuiltIn">
<arg>${json_data['results'][0]['picture']['large']}</arg>
<arg>^https?://.*\.(?:png|jpe?g|gif|bmp)$</arg>
<doc>Fails if ``string`` does not match ``pattern`` as a regular expression.</doc>
<status status="PASS" start="2024-04-06T07:12:38.449297" elapsed="0.000450"/>
</kw>
<kw name="Should Match Regexp" owner="BuiltIn">
<arg>${json_data['results'][0]['picture']['medium']}</arg>
<arg>^https?://.*\.(?:png|jpe?g|gif|bmp)$</arg>
<doc>Fails if ``string`` does not match ``pattern`` as a regular expression.</doc>
<status status="PASS" start="2024-04-06T07:12:38.449948" elapsed="0.000363"/>
</kw>
<kw name="Should Match Regexp" owner="BuiltIn">
<arg>${json_data['results'][0]['picture']['thumbnail']}</arg>
<arg>^https?://.*\.(?:png|jpe?g|gif|bmp)$</arg>
<doc>Fails if ``string`` does not match ``pattern`` as a regular expression.</doc>
<status status="PASS" start="2024-04-06T07:12:38.450495" elapsed="0.000377"/>
</kw>
<kw name="Log" owner="BuiltIn">
<msg time="2024-04-06T07:12:38.451369" level="INFO">{'large': 'https://randomuser.me/api/portraits/men/8.jpg', 'medium': 'https://randomuser.me/api/portraits/med/men/8.jpg', 'thumbnail': 'https://randomuser.me/api/portraits/thumb/men/8.jpg'}</msg>
<arg>${json_data['results'][0]['picture']}</arg>
<doc>Logs the given message with the given level.</doc>
<status status="PASS" start="2024-04-06T07:12:38.451051" elapsed="0.000358"/>
</kw>
<status status="PASS" start="2024-04-06T07:12:38.330002" elapsed="0.121667"/>
</kw>
<kw name="Teste de Tipos de Dados - Postcode" owner="random-user-service">
<kw name="GET On Session" owner="RequestsLibrary">
<msg time="2024-04-06T07:12:38.546175" level="INFO">GET Request : url=https://randomuser.me/api 
 path_url=/api 
 headers={'User-Agent': 'python-requests/2.31.0', 'Accept-Encoding': 'gzip, deflate', 'Accept': '*/*', 'Connection': 'keep-alive'} 
 body=None 
 </msg>
<msg time="2024-04-06T07:12:38.546289" level="INFO">GET Response : url=https://randomuser.me/api 
 status=200, reason=OK 
 headers={'Date': 'Sat, 06 Apr 2024 07:12:38 GMT', 'Content-Type': 'application/json; charset=utf-8', 'Transfer-Encoding': 'chunked', 'Connection': 'keep-alive', 'X-Powered-By': 'Express', 'Access-Control-Allow-Origin': '*', 'Cache-Control': 'no-cache', 'ETag': 'W/"483-k/mqe/8BUGixTGzHCV/Vgf3xX+w"', 'Vary': 'Accept-Encoding', 'Content-Encoding': 'gzip', 'CF-Cache-Status': 'DYNAMIC', 'Report-To': '{"endpoints":[{"url":"https:\\/\\/a.nel.cloudflare.com\\/report\\/v4?s=k19CRCT76Xjj1gArer3Zg%2BD6kclii5X%2FtZFRAu%2B%2FZc0OjdPzK2fohf9pbFeNCZnmhhFZ0ya7PVczFQGk8ubEhuXN1%2F%2B85%2By%2BGyD8e2Toj8aQWFUlXpif99EyJZXDuXb9"}],"group":"cf-nel","max_age":604800}', 'NEL': '{"success_fraction":0,"report_to":"cf-nel","max_age":604800}', 'Server': 'cloudflare', 'CF-RAY': '86fff8805ae32b72-LAX', 'alt-svc': 'h3=":443"; ma=86400'} 
 body={"results":[{"gender":"male","name":{"title":"Mr","first":"Ryan","last":"Ross"},"location":{"street":{"number":3286,"name":"West Street"},"city":"Kilcock","state":"Galway City","country":"Ireland","postcode":49886,"coordinates":{"latitude":"4.2181","longitude":"-143.6720"},"timezone":{"offset":"+9:00","description":"Tokyo, Seoul, Osaka, Sapporo, Yakutsk"}},"email":"ryan.ross@example.com","login":{"uuid":"dcd5e757-2a7a-4458-92c5-ed8e5d02b7fc","username":"smallgoose915","password":"bigbob","salt":"jQDQswH3","md5":"2d1a84655ee352fe30f09e8c784c903c","sha1":"66180b3da9343b522a9e9d078175ec5cc5b27af7","sha256":"737a34a4f1c54c3c6431b2201d796104f6671cbe80d70ab2bb19d80eb581565a"},"dob":{"date":"1993-10-06T18:21:36.410Z","age":30},"registered":{"date":"2013-01-08T20:54:15.049Z","age":11},"phone":"031-801-7497","cell":"081-006-8521","id":{"name":"PPS","value":"7313434T"},"picture":{"large":"https://randomuser.me/api/portraits/men/89.jpg","medium":"https://randomuser.me/api/portraits/med/men/89.jpg","thumbnail":"https://randomuser.me/api/portraits/thumb/men/89.jpg"},"nat":"IE"}],"info":{"seed":"b921eba256dede48","results":1,"page":1,"version":"1.4"}} 
 </msg>
<msg time="2024-04-06T07:12:38.546389" level="INFO">/opt/hostedtoolcache/Python/3.12.2/x64/lib/python3.12/site-packages/urllib3/connectionpool.py:1103: InsecureRequestWarning: Unverified HTTPS request is being made to host 'randomuser.me'. Adding certificate verification is strongly advised. See: https://urllib3.readthedocs.io/en/latest/advanced-usage.html#tls-warnings
  warnings.warn(</msg>
<msg time="2024-04-06T07:12:38.546556" level="INFO">${response} = &lt;Response [200]&gt;</msg>
<var>${response}</var>
<arg>consultarAPI</arg>
<arg>/api</arg>
<doc>Sends a GET request on a previously created HTTP Session.</doc>
<status status="PASS" start="2024-04-06T07:12:38.452275" elapsed="0.094326"/>
</kw>
<kw name="Set Variable" owner="BuiltIn">
<msg time="2024-04-06T07:12:38.547617" level="INFO">${json_data} = {'results': [{'gender': 'male', 'name': {'title': 'Mr', 'first': 'Ryan', 'last': 'Ross'}, 'location': {'street': {'number': 3286, 'name': 'West Street'}, 'city': 'Kilcock', 'state': 'Galway City', 'co...</msg>
<var>${json_data}</var>
<arg>${response.json()}</arg>
<doc>Returns the given values which can then be assigned to a variables.</doc>
<status status="PASS" start="2024-04-06T07:12:38.547109" elapsed="0.000535"/>
</kw>
<kw name="Log" owner="BuiltIn">
<msg time="2024-04-06T07:12:38.548099" level="INFO">{'results': [{'gender': 'male', 'name': {'title': 'Mr', 'first': 'Ryan', 'last': 'Ross'}, 'location': {'street': {'number': 3286, 'name': 'West Street'}, 'city': 'Kilcock', 'state': 'Galway City', 'country': 'Ireland', 'postcode': 49886, 'coordinates': {'latitude': '4.2181', 'longitude': '-143.6720'}, 'timezone': {'offset': '+9:00', 'description': 'Tokyo, Seoul, Osaka, Sapporo, Yakutsk'}}, 'email': 'ryan.ross@example.com', 'login': {'uuid': 'dcd5e757-2a7a-4458-92c5-ed8e5d02b7fc', 'username': 'smallgoose915', 'password': 'bigbob', 'salt': 'jQDQswH3', 'md5': '2d1a84655ee352fe30f09e8c784c903c', 'sha1': '66180b3da9343b522a9e9d078175ec5cc5b27af7', 'sha256': '737a34a4f1c54c3c6431b2201d796104f6671cbe80d70ab2bb19d80eb581565a'}, 'dob': {'date': '1993-10-06T18:21:36.410Z', 'age': 30}, 'registered': {'date': '2013-01-08T20:54:15.049Z', 'age': 11}, 'phone': '031-801-7497', 'cell': '081-006-8521', 'id': {'name': 'PPS', 'value': '7313434T'}, 'picture': {'large': 'https://randomuser.me/api/portraits/men/89.jpg', 'medium': 'https://randomuser.me/api/portraits/med/men/89.jpg', 'thumbnail': 'https://randomuser.me/api/portraits/thumb/men/89.jpg'}, 'nat': 'IE'}], 'info': {'seed': 'b921eba256dede48', 'results': 1, 'page': 1, 'version': '1.4'}}</msg>
<arg>${json_data}</arg>
<doc>Logs the given message with the given level.</doc>
<status status="PASS" start="2024-04-06T07:12:38.547945" elapsed="0.000251"/>
</kw>
<kw name="Should Be Equal As Numbers" owner="BuiltIn">
<arg>${json_data['results'][0]['location']['postcode']}</arg>
<arg>${json_data['results'][0]['location']['postcode']}</arg>
<doc>Fails if objects are unequal after converting them to real numbers.</doc>
<status status="PASS" start="2024-04-06T07:12:38.548510" elapsed="0.000626"/>
</kw>
<kw name="Log" owner="BuiltIn">
<msg time="2024-04-06T07:12:38.549657" level="INFO">49886</msg>
<arg>${json_data['results'][0]['location']['postcode']}</arg>
<doc>Logs the given message with the given level.</doc>
<status status="PASS" start="2024-04-06T07:12:38.549326" elapsed="0.000371"/>
</kw>
<status status="PASS" start="2024-04-06T07:12:38.451898" elapsed="0.098057"/>
</kw>
<doc>Testa se os tipos de dados na resposta da API estão corretos.</doc>
<tag>testeTiposDados</tag>
<status status="PASS" start="2024-04-06T07:12:38.329537" elapsed="0.220590"/>
</test>
<test id="s1-s1-t5" name="Validar conteudo" line="35">
<kw name="Teste de Tipos de Conteudo" owner="random-user-service">
<kw name="GET On Session" owner="RequestsLibrary">
<msg time="2024-04-06T07:12:38.649653" level="INFO">GET Request : url=https://randomuser.me/api 
 path_url=/api 
 headers={'User-Agent': 'python-requests/2.31.0', 'Accept-Encoding': 'gzip, deflate', 'Accept': '*/*', 'Connection': 'keep-alive'} 
 body=None 
 </msg>
<msg time="2024-04-06T07:12:38.649753" level="INFO">GET Response : url=https://randomuser.me/api 
 status=200, reason=OK 
 headers={'Date': 'Sat, 06 Apr 2024 07:12:38 GMT', 'Content-Type': 'application/json; charset=utf-8', 'Transfer-Encoding': 'chunked', 'Connection': 'keep-alive', 'X-Powered-By': 'Express', 'Access-Control-Allow-Origin': '*', 'Cache-Control': 'no-cache', 'ETag': 'W/"47e-APrixCP4tplTn3bn7ZuJ2q+/WaM"', 'Vary': 'Accept-Encoding', 'Content-Encoding': 'gzip', 'CF-Cache-Status': 'DYNAMIC', 'Report-To': '{"endpoints":[{"url":"https:\\/\\/a.nel.cloudflare.com\\/report\\/v4?s=W9ysu4zoLhafy2CdoFI%2F2YblRbAq2%2F9VIDJro9ztRm7nU75nC8cua6%2B%2FKkzYW0NlA4Hvwf1erO92bzoJm8PYXhi%2BSRFsou%2BlyvREf%2BCptHeYjSsYxv6glpM5%2BSgHzJk%2B"}],"group":"cf-nel","max_age":604800}', 'NEL': '{"success_fraction":0,"report_to":"cf-nel","max_age":604800}', 'Server': 'cloudflare', 'CF-RAY': '86fff880fb692b72-LAX', 'alt-svc': 'h3=":443"; ma=86400'} 
 body={"results":[{"gender":"female","name":{"title":"Miss","first":"Zinayida","last":"Yarosh"},"location":{"street":{"number":4258,"name":"Potapova"},"city":"Starobilsk","state":"Sumska","country":"Ukraine","postcode":93152,"coordinates":{"latitude":"78.2073","longitude":"47.9250"},"timezone":{"offset":"-12:00","description":"Eniwetok, Kwajalein"}},"email":"zinayida.yarosh@example.com","login":{"uuid":"5f006bdb-eef9-4402-911b-c2c14d731774","username":"sadrabbit243","password":"babyblue","salt":"67Lsai2f","md5":"f5a088bc7d75faa88c4e3083f7c5eaa9","sha1":"19de57b46c6fadcb8e2ddfd05f9ac601746da8c9","sha256":"e2b067f36a9c1bc1e1ed5e4d9c6491eb9728f5e12d2da80d426e1fb0fe77b433"},"dob":{"date":"1990-05-18T18:12:15.083Z","age":33},"registered":{"date":"2004-09-26T14:24:02.018Z","age":19},"phone":"(098) L10-4426","cell":"(068) N96-2583","id":{"name":"","value":null},"picture":{"large":"https://randomuser.me/api/portraits/women/28.jpg","medium":"https://randomuser.me/api/portraits/med/women/28.jpg","thumbnail":"https://randomuser.me/api/portraits/thumb/women/28.jpg"},"nat":"UA"}],"info":{"seed":"29c38a9493fbd008","results":1,"page":1,"version":"1.4"}} 
 </msg>
<msg time="2024-04-06T07:12:38.649820" level="INFO">/opt/hostedtoolcache/Python/3.12.2/x64/lib/python3.12/site-packages/urllib3/connectionpool.py:1103: InsecureRequestWarning: Unverified HTTPS request is being made to host 'randomuser.me'. Adding certificate verification is strongly advised. See: https://urllib3.readthedocs.io/en/latest/advanced-usage.html#tls-warnings
  warnings.warn(</msg>
<msg time="2024-04-06T07:12:38.649958" level="INFO">${response} = &lt;Response [200]&gt;</msg>
<var>${response}</var>
<arg>consultarAPI</arg>
<arg>/api</arg>
<doc>Sends a GET request on a previously created HTTP Session.</doc>
<status status="PASS" start="2024-04-06T07:12:38.552592" elapsed="0.097407"/>
</kw>
<kw name="Set Variable" owner="BuiltIn">
<msg time="2024-04-06T07:12:38.651104" level="INFO">${json_data} = {'results': [{'gender': 'female', 'name': {'title': 'Miss', 'first': 'Zinayida', 'last': 'Yarosh'}, 'location': {'street': {'number': 4258, 'name': 'Potapova'}, 'city': 'Starobilsk', 'state': 'Sumska'...</msg>
<var>${json_data}</var>
<arg>${response.json()}</arg>
<doc>Returns the given values which can then be assigned to a variables.</doc>
<status status="PASS" start="2024-04-06T07:12:38.650582" elapsed="0.000549"/>
</kw>
<kw name="Set Variable" owner="BuiltIn">
<msg time="2024-04-06T07:12:38.651826" level="INFO">${name_title} = Miss</msg>
<var>${name_title}</var>
<arg>${json_data["results"][0]["name"]["title"]}</arg>
<doc>Returns the given values which can then be assigned to a variables.</doc>
<status status="PASS" start="2024-04-06T07:12:38.651435" elapsed="0.000417"/>
</kw>
<kw name="Create List" owner="BuiltIn">
<msg time="2024-04-06T07:12:38.652300" level="INFO">${allowed_titles} = ['Mr', 'Ms', 'Miss', 'Mrs', 'Madame', 'Monsieur']</msg>
<var>${allowed_titles}</var>
<arg>Mr</arg>
<arg>Ms</arg>
<arg>Miss</arg>
<arg>Mrs</arg>
<arg>Madame</arg>
<arg>Monsieur</arg>
<doc>Returns a list containing given items.</doc>
<status status="PASS" start="2024-04-06T07:12:38.652151" elapsed="0.000173"/>
</kw>
<kw name="List Should Contain Value" owner="Collections">
<msg time="2024-04-06T07:12:38.652803" level="INFO">False</msg>
<arg>${allowed_titles}</arg>
<arg>${name_title}</arg>
<doc>Fails if the ``value`` is not found from ``list``.</doc>
<status status="PASS" start="2024-04-06T07:12:38.652627" elapsed="0.000213"/>
</kw>
<kw name="Set Variable" owner="BuiltIn">
<msg time="2024-04-06T07:12:38.653506" level="INFO">${name_country} = UA</msg>
<var>${name_country}</var>
<arg>${json_data["results"][0]["nat"]}</arg>
<doc>Returns the given values which can then be assigned to a variables.</doc>
<status status="PASS" start="2024-04-06T07:12:38.653126" elapsed="0.000406"/>
</kw>
<kw name="Create List" owner="BuiltIn">
<msg time="2024-04-06T07:12:38.654484" level="INFO">${list_country} = ['AD', 'AE', 'AF', 'AG', 'AI', 'AL', 'AM', 'AO', 'AQ', 'AR', 'AS', 'AT', 'AU', 'AW', 'AX', 'AZ', 'BA', 'BB', 'BD', 'BE', 'BF', 'BG', 'BH', 'BI', 'BJ', 'BL', 'BM', 'BN', 'BO', 'BQ', 'BR', 'BS', 'BT', '...</msg>
<var>${list_country}</var>
<arg>AD</arg>
<arg>AE</arg>
<arg>AF</arg>
<arg>AG</arg>
<arg>AI</arg>
<arg>AL</arg>
<arg>AM</arg>
<arg>AO</arg>
<arg>AQ</arg>
<arg>AR</arg>
<arg>AS</arg>
<arg>AT</arg>
<arg>AU</arg>
<arg>AW</arg>
<arg>AX</arg>
<arg>AZ</arg>
<arg>BA</arg>
<arg>BB</arg>
<arg>BD</arg>
<arg>BE</arg>
<arg>BF</arg>
<arg>BG</arg>
<arg>BH</arg>
<arg>BI</arg>
<arg>BJ</arg>
<arg>BL</arg>
<arg>BM</arg>
<arg>BN</arg>
<arg>BO</arg>
<arg>BQ</arg>
<arg>BR</arg>
<arg>BS</arg>
<arg>BT</arg>
<arg>BV</arg>
<arg>BW</arg>
<arg>BY</arg>
<arg>BZ</arg>
<arg>CA</arg>
<arg>CC</arg>
<arg>CD</arg>
<arg>CF</arg>
<arg>CG</arg>
<arg>CH</arg>
<arg>CI</arg>
<arg>CK</arg>
<arg>CL</arg>
<arg>CM</arg>
<arg>CN</arg>
<arg>CO</arg>
<arg>CR</arg>
<arg>CU</arg>
<arg>CV</arg>
<arg>CW</arg>
<arg>CX</arg>
<arg>CY</arg>
<arg>CZ</arg>
<arg>DE</arg>
<arg>DJ</arg>
<arg>DK</arg>
<arg>DM</arg>
<arg>DO</arg>
<arg>DZ</arg>
<arg>EC</arg>
<arg>EE</arg>
<arg>EG</arg>
<arg>EH</arg>
<arg>ER</arg>
<arg>ES</arg>
<arg>ET</arg>
<arg>FI</arg>
<arg>FJ</arg>
<arg>FK</arg>
<arg>FM</arg>
<arg>FO</arg>
<arg>FR</arg>
<arg>GA</arg>
<arg>GB</arg>
<arg>GD</arg>
<arg>GE</arg>
<arg>GF</arg>
<arg>GG</arg>
<arg>GH</arg>
<arg>GI</arg>
<arg>GL</arg>
<arg>GM</arg>
<arg>GN</arg>
<arg>GP</arg>
<arg>GQ</arg>
<arg>GR</arg>
<arg>GS</arg>
<arg>GT</arg>
<arg>GU</arg>
<arg>GW</arg>
<arg>GY</arg>
<arg>HK</arg>
<arg>HM</arg>
<arg>HN</arg>
<arg>HR</arg>
<arg>HT</arg>
<arg>HU</arg>
<arg>ID</arg>
<arg>IE</arg>
<arg>IL</arg>
<arg>IM</arg>
<arg>IN</arg>
<arg>IO</arg>
<arg>IQ</arg>
<arg>IR</arg>
<arg>IS</arg>
<arg>IT</arg>
<arg>JE</arg>
<arg>JM</arg>
<arg>JO</arg>
<arg>JP</arg>
<arg>KE</arg>
<arg>KG</arg>
<arg>KH</arg>
<arg>KI</arg>
<arg>KM</arg>
<arg>KN</arg>
<arg>KP</arg>
<arg>KR</arg>
<arg>KW</arg>
<arg>KY</arg>
<arg>KZ</arg>
<arg>LA</arg>
<arg>LB</arg>
<arg>LC</arg>
<arg>LI</arg>
<arg>LK</arg>
<arg>LR</arg>
<arg>LS</arg>
<arg>LT</arg>
<arg>LU</arg>
<arg>LV</arg>
<arg>LY</arg>
<arg>MA</arg>
<arg>MC</arg>
<arg>MD</arg>
<arg>ME</arg>
<arg>MF</arg>
<arg>MG</arg>
<arg>MH</arg>
<arg>MK</arg>
<arg>ML</arg>
<arg>MM</arg>
<arg>MN</arg>
<arg>MO</arg>
<arg>MP</arg>
<arg>MQ</arg>
<arg>MR</arg>
<arg>MS</arg>
<arg>MT</arg>
<arg>MU</arg>
<arg>MV</arg>
<arg>MW</arg>
<arg>MX</arg>
<arg>MY</arg>
<arg>MZ</arg>
<arg>NA</arg>
<arg>NC</arg>
<arg>NE</arg>
<arg>NF</arg>
<arg>NG</arg>
<arg>NI</arg>
<arg>NL</arg>
<arg>NO</arg>
<arg>NP</arg>
<arg>NR</arg>
<arg>NU</arg>
<arg>NZ</arg>
<arg>OM</arg>
<arg>PA</arg>
<arg>PE</arg>
<arg>PF</arg>
<arg>PG</arg>
<arg>PH</arg>
<arg>PK</arg>
<arg>PL</arg>
<arg>PM</arg>
<arg>PN</arg>
<arg>PR</arg>
<arg>PS</arg>
<arg>PT</arg>
<arg>PW</arg>
<arg>PY</arg>
<arg>QA</arg>
<arg>RE</arg>
<arg>RO</arg>
<arg>RS</arg>
<arg>RU</arg>
<arg>RW</arg>
<arg>SA</arg>
<arg>SB</arg>
<arg>SC</arg>
<arg>SD</arg>
<arg>SE</arg>
<arg>SG</arg>
<arg>SH</arg>
<arg>SI</arg>
<arg>SJ</arg>
<arg>SK</arg>
<arg>SL</arg>
<arg>SM</arg>
<arg>SN</arg>
<arg>SO</arg>
<arg>SR</arg>
<arg>SS</arg>
<arg>ST</arg>
<arg>SV</arg>
<arg>SX</arg>
<arg>SY</arg>
<arg>SZ</arg>
<arg>TC</arg>
<arg>TD</arg>
<arg>TF</arg>
<arg>TG</arg>
<arg>TH</arg>
<arg>TJ</arg>
<arg>TK</arg>
<arg>TL</arg>
<arg>TM</arg>
<arg>TN</arg>
<arg>TO</arg>
<arg>TR</arg>
<arg>TT</arg>
<arg>TV</arg>
<arg>TW</arg>
<arg>TZ</arg>
<arg>UA</arg>
<arg>UG</arg>
<arg>UM</arg>
<arg>US</arg>
<arg>UY</arg>
<arg>UZ</arg>
<arg>VA</arg>
<arg>VC</arg>
<arg>VE</arg>
<arg>VG</arg>
<arg>VI</arg>
<arg>VN</arg>
<arg>VU</arg>
<arg>WF</arg>
<arg>WS</arg>
<arg>XK</arg>
<arg>YE</arg>
<arg>YT</arg>
<arg>ZA</arg>
<arg>ZM</arg>
<arg>ZW</arg>
<doc>Returns a list containing given items.</doc>
<status status="PASS" start="2024-04-06T07:12:38.653841" elapsed="0.000670"/>
</kw>
<kw name="List Should Contain Value" owner="Collections">
<msg time="2024-04-06T07:12:38.655680" level="INFO">False</msg>
<arg>${list_country}</arg>
<arg>${name_country}</arg>
<doc>Fails if the ``value`` is not found from ``list``.</doc>
<status status="PASS" start="2024-04-06T07:12:38.655467" elapsed="0.000251"/>
</kw>
<kw name="Run Keyword If" owner="BuiltIn">
<kw name="Should Be True" owner="BuiltIn">
<arg>${True}</arg>
<doc>Fails if the given condition is not true.</doc>
<status status="PASS" start="2024-04-06T07:12:38.656863" elapsed="0.000146"/>
</kw>
<arg>${json_data["results"][0]["location"]["coordinates"]["latitude"]} &gt;= -90 and ${json_data["results"][0]["location"]["coordinates"]["latitude"]} &lt;= 90</arg>
<arg>Should Be True</arg>
<arg>${True}</arg>
<doc>Runs the given keyword with the given arguments, if ``condition`` is true.</doc>
<status status="PASS" start="2024-04-06T07:12:38.656032" elapsed="0.001104"/>
</kw>
<kw name="Run Keyword If" owner="BuiltIn">
<kw name="Should Be True" owner="BuiltIn">
<arg>${True}</arg>
<doc>Fails if the given condition is not true.</doc>
<status status="PASS" start="2024-04-06T07:12:38.658040" elapsed="0.000139"/>
</kw>
<arg>${json_data["results"][0]["location"]["coordinates"]["longitude"]} &gt;= -180 and ${json_data["results"][0]["location"]["coordinates"]["longitude"]} &lt;= 180</arg>
<arg>Should Be True</arg>
<arg>${True}</arg>
<doc>Runs the given keyword with the given arguments, if ``condition`` is true.</doc>
<status status="PASS" start="2024-04-06T07:12:38.657321" elapsed="0.000984"/>
</kw>
<status status="PASS" start="2024-04-06T07:12:38.552366" elapsed="0.106072"/>
</kw>
<doc>Testa o conteúdo específico dos campos retornados pela API.</doc>
<tag>testeConteudo</tag>
<status status="PASS" start="2024-04-06T07:12:38.551912" elapsed="0.106726"/>
</test>
<status status="PASS" start="2024-04-06T07:12:37.703698" elapsed="0.956845"/>
</suite>
<status status="PASS" start="2024-04-06T07:12:37.689664" elapsed="0.976214"/>
</suite>
<statistics>
<total>
<stat pass="5" fail="0" skip="0">All Tests</stat>
</total>
<tag>
<stat pass="1" fail="0" skip="0">testeConteudo</stat>
<stat pass="1" fail="0" skip="0">testeEstruturaResposta</stat>
<stat pass="1" fail="0" skip="0">testeRequisicaoBasica</stat>
<stat pass="1" fail="0" skip="0">testeTiposDados</stat>
</tag>
<suite>
<stat pass="5" fail="0" skip="0" id="s1" name="Tests">Tests</stat>
<stat pass="5" fail="0" skip="0" id="s1-s1" name="Random-User-Test">Tests.Random-User-Test</stat>
</suite>
</statistics>
<errors>
</errors>
</robot>
