<?xml version="1.0" encoding="UTF-8"?>
<robot generator="Robot 7.0 (Python 3.12.3 on linux)" generated="2024-05-29T02:31:14.397124" rpa="false" schemaversion="5">
<suite id="s1" name="Tests" source="/home/runner/work/ApiRandomUser/ApiRandomUser/RamdonUser/tests">
<suite id="s1-s1" name="Random-User-Test" source="/home/runner/work/ApiRandomUser/ApiRandomUser/RamdonUser/tests/random-user-test.robot">
<test id="s1-s1-t1" name="Conectar" line="13">
<kw name="Conectar API" owner="random-user-service">
<kw name="Create Session" owner="RequestsLibrary">
<msg time="2024-05-29T02:31:14.838013" level="INFO">Creating Session using : alias=consultarAPI, url=https://randomuser.me/, headers={},                     cookies={}, auth=None, timeout=None, proxies=None, verify=False,                     debug=0 </msg>
<arg>consultarAPI</arg>
<arg>${URL}</arg>
<doc>Create Session: create a HTTP session to a server</doc>
<status status="PASS" start="2024-05-29T02:31:14.837801" elapsed="0.000406"/>
</kw>
<status status="PASS" start="2024-05-29T02:31:14.836712" elapsed="0.001874"/>
</kw>
<status status="PASS" start="2024-05-29T02:31:14.836011" elapsed="0.002773"/>
</test>
<test id="s1-s1-t2" name="Validar retorno 200 e JSON Válido" line="16">
<kw name="Teste de Requisicao Basica" owner="random-user-service">
<kw name="GET On Session" owner="RequestsLibrary">
<msg time="2024-05-29T02:31:15.027827" level="INFO">GET Request : url=https://randomuser.me/api 
 path_url=/api 
 headers={'User-Agent': 'python-requests/2.32.2', 'Accept-Encoding': 'gzip, deflate', 'Accept': '*/*', 'Connection': 'keep-alive'} 
 body=None 
 </msg>
<msg time="2024-05-29T02:31:15.027983" level="INFO">GET Response : url=https://randomuser.me/api 
 status=200, reason=OK 
 headers={'Date': 'Wed, 29 May 2024 02:31:15 GMT', 'Content-Type': 'application/json; charset=utf-8', 'Transfer-Encoding': 'chunked', 'Connection': 'keep-alive', 'X-Powered-By': 'Express', 'Access-Control-Allow-Origin': '*', 'Cache-Control': 'no-cache', 'ETag': 'W/"49d-BSHzuG4ZTLzWGnNAc1Ndh5EdtN0"', 'Vary': 'Accept-Encoding', 'Content-Encoding': 'gzip', 'CF-Cache-Status': 'DYNAMIC', 'Report-To': '{"endpoints":[{"url":"https:\\/\\/a.nel.cloudflare.com\\/report\\/v4?s=kQJnV%2B5SC4RkquxbfJHWjYxn7d1AgXAj2Ld31vtDGd04n0meLL%2BABe2Bo%2BFY2mrSCLMQbSHVm0SF2PFaL1rhw9hhAEJZnpLkZyYH3fnFzYY3ASi5wdFdUxgMKXqRAhxf"}],"group":"cf-nel","max_age":604800}', 'NEL': '{"success_fraction":0,"report_to":"cf-nel","max_age":604800}', 'Server': 'cloudflare', 'CF-RAY': '88b3112eafcd116f-ORD', 'alt-svc': 'h3=":443"; ma=86400'} 
 body={"results":[{"gender":"female","name":{"title":"Miss","first":"Ariana","last":"Kumar"},"location":{"street":{"number":8256,"name":"Karamu Road"},"city":"Palmerston North","state":"Hawke'S Bay","country":"New Zealand","postcode":34189,"coordinates":{"latitude":"50.4191","longitude":"31.4132"},"timezone":{"offset":"+11:00","description":"Magadan, Solomon Islands, New Caledonia"}},"email":"ariana.kumar@example.com","login":{"uuid":"160fd694-41f8-4035-aa56-c96e685b442f","username":"happyrabbit652","password":"forget","salt":"e8HbnwQO","md5":"8247302364d46e6cb8dbaecba11c652e","sha1":"50101284277bab29573ab692cb6277451a136509","sha256":"716208245e1f08ef8f39afe298e44c99ff8b4b4eb5812887e66e95ef3ffa914d"},"dob":{"date":"1968-04-14T07:30:06.349Z","age":56},"registered":{"date":"2020-08-02T23:18:27.532Z","age":3},"phone":"(537)-221-9607","cell":"(585)-955-1823","id":{"name":"","value":null},"picture":{"large":"https://randomuser.me/api/portraits/women/38.jpg","medium":"https://randomuser.me/api/portraits/med/women/38.jpg","thumbnail":"https://randomuser.me/api/portraits/thumb/women/38.jpg"},"nat":"NZ"}],"info":{"seed":"609b994138e2aa15","results":1,"page":1,"version":"1.4"}} 
 </msg>
<msg time="2024-05-29T02:31:15.028064" level="INFO">/opt/hostedtoolcache/Python/3.12.3/x64/lib/python3.12/site-packages/urllib3/connectionpool.py:1103: InsecureRequestWarning: Unverified HTTPS request is being made to host 'randomuser.me'. Adding certificate verification is strongly advised. See: https://urllib3.readthedocs.io/en/latest/advanced-usage.html#tls-warnings
  warnings.warn(</msg>
<msg time="2024-05-29T02:31:15.028228" level="INFO">${response} = &lt;Response [200]&gt;</msg>
<var>${response}</var>
<arg>consultarAPI</arg>
<arg>/api</arg>
<doc>Sends a GET request on a previously created HTTP Session.</doc>
<status status="PASS" start="2024-05-29T02:31:14.841530" elapsed="0.186764"/>
</kw>
<kw name="Should Be Equal As Numbers" owner="BuiltIn">
<msg time="2024-05-29T02:31:15.029327" level="INFO">Argument types are:
&lt;class 'int'&gt;
&lt;class 'str'&gt;</msg>
<arg>${response.status_code}</arg>
<arg>200</arg>
<doc>Fails if objects are unequal after converting them to real numbers.</doc>
<status status="PASS" start="2024-05-29T02:31:15.028862" elapsed="0.000531"/>
</kw>
<kw name="Log" owner="BuiltIn">
<msg time="2024-05-29T02:31:15.030081" level="INFO">200</msg>
<arg>${response.status_code}</arg>
<doc>Logs the given message with the given level.</doc>
<status status="PASS" start="2024-05-29T02:31:15.029730" elapsed="0.000400"/>
</kw>
<kw name="Set Variable" owner="BuiltIn">
<msg time="2024-05-29T02:31:15.030886" level="INFO">${json_data} = {'results': [{'gender': 'female', 'name': {'title': 'Miss', 'first': 'Ariana', 'last': 'Kumar'}, 'location': {'street': {'number': 8256, 'name': 'Karamu Road'}, 'city': 'Palmerston North', 'state': "H...</msg>
<var>${json_data}</var>
<arg>${response.json()}</arg>
<doc>Returns the given values which can then be assigned to a variables.</doc>
<status status="PASS" start="2024-05-29T02:31:15.030444" elapsed="0.000471"/>
</kw>
<kw name="Dictionary Should Contain Key" owner="Collections">
<msg time="2024-05-29T02:31:15.031388" level="INFO">False</msg>
<arg>${json_data}</arg>
<arg>results</arg>
<doc>Fails if ``key`` is not found from ``dictionary``.</doc>
<status status="PASS" start="2024-05-29T02:31:15.031222" elapsed="0.000367"/>
</kw>
<status status="PASS" start="2024-05-29T02:31:14.841283" elapsed="0.190580"/>
</kw>
<doc>Testa se a API responde corretamente e retorna um objeto JSON válido.</doc>
<tag>testeRequisicaoBasica</tag>
<status status="PASS" start="2024-05-29T02:31:14.840760" elapsed="0.191291"/>
</test>
<test id="s1-s1-t3" name="Validar estrutura de resposta" line="22">
<kw name="Teste de Estrutura de Resposta" owner="random-user-service">
<kw name="GET On Session" owner="RequestsLibrary">
<msg time="2024-05-29T02:31:15.125061" level="INFO">GET Request : url=https://randomuser.me/api 
 path_url=/api 
 headers={'User-Agent': 'python-requests/2.32.2', 'Accept-Encoding': 'gzip, deflate', 'Accept': '*/*', 'Connection': 'keep-alive'} 
 body=None 
 </msg>
<msg time="2024-05-29T02:31:15.125162" level="INFO">GET Response : url=https://randomuser.me/api 
 status=200, reason=OK 
 headers={'Date': 'Wed, 29 May 2024 02:31:15 GMT', 'Content-Type': 'application/json; charset=utf-8', 'Transfer-Encoding': 'chunked', 'Connection': 'keep-alive', 'X-Powered-By': 'Express', 'Access-Control-Allow-Origin': '*', 'Cache-Control': 'no-cache', 'ETag': 'W/"4a7-aUUyeM+iyvAk0bGZLEHqIt7bBI4"', 'Vary': 'Accept-Encoding', 'Content-Encoding': 'gzip', 'CF-Cache-Status': 'DYNAMIC', 'Report-To': '{"endpoints":[{"url":"https:\\/\\/a.nel.cloudflare.com\\/report\\/v4?s=OorEKlVcm1p8EO%2B9WESmxbGE5pYtp3ixUfqxvyD50h39URTvBbcjmk8rN2Fojcgdk62Abebz2m%2FugrDehJU4koljJxaxZ0XyNASXBfLTrx%2BdsSnOzqqlk04QcpKhFwqU"}],"group":"cf-nel","max_age":604800}', 'NEL': '{"success_fraction":0,"report_to":"cf-nel","max_age":604800}', 'Server': 'cloudflare', 'CF-RAY': '88b3112ef83f116f-ORD', 'alt-svc': 'h3=":443"; ma=86400'} 
 body={"results":[{"gender":"female","name":{"title":"Ms","first":"Taliana","last":"Rocha"},"location":{"street":{"number":8055,"name":"Rua São Luiz "},"city":"Taboão da Serra","state":"Rio Grande do Norte","country":"Brazil","postcode":80586,"coordinates":{"latitude":"-81.1640","longitude":"109.3433"},"timezone":{"offset":"-8:00","description":"Pacific Time (US &amp; Canada)"}},"email":"taliana.rocha@example.com","login":{"uuid":"edb2cceb-c096-4a86-87b8-e56027080bc6","username":"orangetiger420","password":"poison","salt":"bMANFzbD","md5":"32dd570da5e1da2389a6a5d20fc3dae1","sha1":"f7b5dab806a66e705626e2aeae4afb9519875170","sha256":"20a65c95603b6ec4e4b9a3e94d56c78c15d4aa2e561855fcd070d9ccc1e58372"},"dob":{"date":"1967-07-20T21:44:26.441Z","age":56},"registered":{"date":"2002-11-07T06:23:38.119Z","age":21},"phone":"(40) 5077-3868","cell":"(74) 8259-3343","id":{"name":"CPF","value":"617.272.289-73"},"picture":{"large":"https://randomuser.me/api/portraits/women/14.jpg","medium":"https://randomuser.me/api/portraits/med/women/14.jpg","thumbnail":"https://randomuser.me/api/portraits/thumb/women/14.jpg"},"nat":"BR"}],"info":{"seed":"b2e3a0952245b243","results":1,"page":1,"version":"1.4"}} 
 </msg>
<msg time="2024-05-29T02:31:15.125298" level="INFO">/opt/hostedtoolcache/Python/3.12.3/x64/lib/python3.12/site-packages/urllib3/connectionpool.py:1103: InsecureRequestWarning: Unverified HTTPS request is being made to host 'randomuser.me'. Adding certificate verification is strongly advised. See: https://urllib3.readthedocs.io/en/latest/advanced-usage.html#tls-warnings
  warnings.warn(</msg>
<msg time="2024-05-29T02:31:15.125421" level="INFO">${response} = &lt;Response [200]&gt;</msg>
<var>${response}</var>
<arg>consultarAPI</arg>
<arg>/api</arg>
<doc>Sends a GET request on a previously created HTTP Session.</doc>
<status status="PASS" start="2024-05-29T02:31:15.034744" elapsed="0.090706"/>
</kw>
<kw name="Set Variable" owner="BuiltIn">
<msg time="2024-05-29T02:31:15.126503" level="INFO">${json_data} = {'results': [{'gender': 'female', 'name': {'title': 'Ms', 'first': 'Taliana', 'last': 'Rocha'}, 'location': {'street': {'number': 8055, 'name': 'Rua São Luiz '}, 'city': 'Taboão da Serra', 'state': 'R...</msg>
<var>${json_data}</var>
<arg>${response.json()}</arg>
<doc>Returns the given values which can then be assigned to a variables.</doc>
<status status="PASS" start="2024-05-29T02:31:15.125976" elapsed="0.000560"/>
</kw>
<kw name="Log" owner="BuiltIn">
<msg time="2024-05-29T02:31:15.127009" level="INFO">{'results': [{'gender': 'female', 'name': {'title': 'Ms', 'first': 'Taliana', 'last': 'Rocha'}, 'location': {'street': {'number': 8055, 'name': 'Rua São Luiz '}, 'city': 'Taboão da Serra', 'state': 'Rio Grande do Norte', 'country': 'Brazil', 'postcode': 80586, 'coordinates': {'latitude': '-81.1640', 'longitude': '109.3433'}, 'timezone': {'offset': '-8:00', 'description': 'Pacific Time (US &amp; Canada)'}}, 'email': 'taliana.rocha@example.com', 'login': {'uuid': 'edb2cceb-c096-4a86-87b8-e56027080bc6', 'username': 'orangetiger420', 'password': 'poison', 'salt': 'bMANFzbD', 'md5': '32dd570da5e1da2389a6a5d20fc3dae1', 'sha1': 'f7b5dab806a66e705626e2aeae4afb9519875170', 'sha256': '20a65c95603b6ec4e4b9a3e94d56c78c15d4aa2e561855fcd070d9ccc1e58372'}, 'dob': {'date': '1967-07-20T21:44:26.441Z', 'age': 56}, 'registered': {'date': '2002-11-07T06:23:38.119Z', 'age': 21}, 'phone': '(40) 5077-3868', 'cell': '(74) 8259-3343', 'id': {'name': 'CPF', 'value': '617.272.289-73'}, 'picture': {'large': 'https://randomuser.me/api/portraits/women/14.jpg', 'medium': 'https://randomuser.me/api/portraits/med/women/14.jpg', 'thumbnail': 'https://randomuser.me/api/portraits/thumb/women/14.jpg'}, 'nat': 'BR'}], 'info': {'seed': 'b2e3a0952245b243', 'results': 1, 'page': 1, 'version': '1.4'}}</msg>
<arg>${json_data}</arg>
<doc>Logs the given message with the given level.</doc>
<status status="PASS" start="2024-05-29T02:31:15.126847" elapsed="0.000216"/>
</kw>
<kw name="Dictionary Should Contain Key" owner="Collections">
<msg time="2024-05-29T02:31:15.127532" level="INFO">False</msg>
<arg>${json_data}</arg>
<arg>results</arg>
<doc>Fails if ``key`` is not found from ``dictionary``.</doc>
<status status="PASS" start="2024-05-29T02:31:15.127370" elapsed="0.000200"/>
</kw>
<kw name="Should Not Be Empty" owner="BuiltIn">
<msg time="2024-05-29T02:31:15.127999" level="INFO">Length is 2.</msg>
<arg>${json_data}</arg>
<doc>Verifies that the given item is not empty.</doc>
<status status="PASS" start="2024-05-29T02:31:15.127867" elapsed="0.000172"/>
</kw>
<kw name="Create List" owner="BuiltIn">
<msg time="2024-05-29T02:31:15.128548" level="INFO">${expected_keys} = ['gender', 'name', 'location', 'email', 'login']</msg>
<var>${expected_keys}</var>
<arg>gender</arg>
<arg>name</arg>
<arg>location</arg>
<arg>email</arg>
<arg>login</arg>
<doc>Returns a list containing given items.</doc>
<status status="PASS" start="2024-05-29T02:31:15.128385" elapsed="0.000189"/>
</kw>
<for flavor="IN">
<iter>
<kw name="Dictionary Should Contain Key" owner="Collections">
<msg time="2024-05-29T02:31:15.129586" level="INFO">False</msg>
<arg>${json_data['results'][0]}</arg>
<arg>${key}</arg>
<doc>Fails if ``key`` is not found from ``dictionary``.</doc>
<status status="PASS" start="2024-05-29T02:31:15.129180" elapsed="0.000448"/>
</kw>
<kw name="Log" owner="BuiltIn">
<msg time="2024-05-29T02:31:15.130304" level="INFO">{'gender': 'female', 'name': {'title': 'Ms', 'first': 'Taliana', 'last': 'Rocha'}, 'location': {'street': {'number': 8055, 'name': 'Rua São Luiz '}, 'city': 'Taboão da Serra', 'state': 'Rio Grande do Norte', 'country': 'Brazil', 'postcode': 80586, 'coordinates': {'latitude': '-81.1640', 'longitude': '109.3433'}, 'timezone': {'offset': '-8:00', 'description': 'Pacific Time (US &amp; Canada)'}}, 'email': 'taliana.rocha@example.com', 'login': {'uuid': 'edb2cceb-c096-4a86-87b8-e56027080bc6', 'username': 'orangetiger420', 'password': 'poison', 'salt': 'bMANFzbD', 'md5': '32dd570da5e1da2389a6a5d20fc3dae1', 'sha1': 'f7b5dab806a66e705626e2aeae4afb9519875170', 'sha256': '20a65c95603b6ec4e4b9a3e94d56c78c15d4aa2e561855fcd070d9ccc1e58372'}, 'dob': {'date': '1967-07-20T21:44:26.441Z', 'age': 56}, 'registered': {'date': '2002-11-07T06:23:38.119Z', 'age': 21}, 'phone': '(40) 5077-3868', 'cell': '(74) 8259-3343', 'id': {'name': 'CPF', 'value': '617.272.289-73'}, 'picture': {'large': 'https://randomuser.me/api/portraits/women/14.jpg', 'medium': 'https://randomuser.me/api/portraits/med/women/14.jpg', 'thumbnail': 'https://randomuser.me/api/portraits/thumb/women/14.jpg'}, 'nat': 'BR'}</msg>
<arg>${json_data['results'][0]}</arg>
<doc>Logs the given message with the given level.</doc>
<status status="PASS" start="2024-05-29T02:31:15.129933" elapsed="0.000428"/>
</kw>
<kw name="Log" owner="BuiltIn">
<msg time="2024-05-29T02:31:15.130799" level="INFO">gender</msg>
<arg>${key}</arg>
<doc>Logs the given message with the given level.</doc>
<status status="PASS" start="2024-05-29T02:31:15.130669" elapsed="0.000169"/>
</kw>
<var name="${key}">gender</var>
<status status="PASS" start="2024-05-29T02:31:15.129046" elapsed="0.002011"/>
</iter>
<iter>
<kw name="Dictionary Should Contain Key" owner="Collections">
<msg time="2024-05-29T02:31:15.131755" level="INFO">False</msg>
<arg>${json_data['results'][0]}</arg>
<arg>${key}</arg>
<doc>Fails if ``key`` is not found from ``dictionary``.</doc>
<status status="PASS" start="2024-05-29T02:31:15.131362" elapsed="0.000464"/>
</kw>
<kw name="Log" owner="BuiltIn">
<msg time="2024-05-29T02:31:15.132520" level="INFO">{'gender': 'female', 'name': {'title': 'Ms', 'first': 'Taliana', 'last': 'Rocha'}, 'location': {'street': {'number': 8055, 'name': 'Rua São Luiz '}, 'city': 'Taboão da Serra', 'state': 'Rio Grande do Norte', 'country': 'Brazil', 'postcode': 80586, 'coordinates': {'latitude': '-81.1640', 'longitude': '109.3433'}, 'timezone': {'offset': '-8:00', 'description': 'Pacific Time (US &amp; Canada)'}}, 'email': 'taliana.rocha@example.com', 'login': {'uuid': 'edb2cceb-c096-4a86-87b8-e56027080bc6', 'username': 'orangetiger420', 'password': 'poison', 'salt': 'bMANFzbD', 'md5': '32dd570da5e1da2389a6a5d20fc3dae1', 'sha1': 'f7b5dab806a66e705626e2aeae4afb9519875170', 'sha256': '20a65c95603b6ec4e4b9a3e94d56c78c15d4aa2e561855fcd070d9ccc1e58372'}, 'dob': {'date': '1967-07-20T21:44:26.441Z', 'age': 56}, 'registered': {'date': '2002-11-07T06:23:38.119Z', 'age': 21}, 'phone': '(40) 5077-3868', 'cell': '(74) 8259-3343', 'id': {'name': 'CPF', 'value': '617.272.289-73'}, 'picture': {'large': 'https://randomuser.me/api/portraits/women/14.jpg', 'medium': 'https://randomuser.me/api/portraits/med/women/14.jpg', 'thumbnail': 'https://randomuser.me/api/portraits/thumb/women/14.jpg'}, 'nat': 'BR'}</msg>
<arg>${json_data['results'][0]}</arg>
<doc>Logs the given message with the given level.</doc>
<status status="PASS" start="2024-05-29T02:31:15.132131" elapsed="0.000441"/>
</kw>
<kw name="Log" owner="BuiltIn">
<msg time="2024-05-29T02:31:15.132999" level="INFO">name</msg>
<arg>${key}</arg>
<doc>Logs the given message with the given level.</doc>
<status status="PASS" start="2024-05-29T02:31:15.132871" elapsed="0.000167"/>
</kw>
<var name="${key}">name</var>
<status status="PASS" start="2024-05-29T02:31:15.131246" elapsed="0.002018"/>
</iter>
<iter>
<kw name="Dictionary Should Contain Key" owner="Collections">
<msg time="2024-05-29T02:31:15.133943" level="INFO">False</msg>
<arg>${json_data['results'][0]}</arg>
<arg>${key}</arg>
<doc>Fails if ``key`` is not found from ``dictionary``.</doc>
<status status="PASS" start="2024-05-29T02:31:15.133558" elapsed="0.000422"/>
</kw>
<kw name="Log" owner="BuiltIn">
<msg time="2024-05-29T02:31:15.134651" level="INFO">{'gender': 'female', 'name': {'title': 'Ms', 'first': 'Taliana', 'last': 'Rocha'}, 'location': {'street': {'number': 8055, 'name': 'Rua São Luiz '}, 'city': 'Taboão da Serra', 'state': 'Rio Grande do Norte', 'country': 'Brazil', 'postcode': 80586, 'coordinates': {'latitude': '-81.1640', 'longitude': '109.3433'}, 'timezone': {'offset': '-8:00', 'description': 'Pacific Time (US &amp; Canada)'}}, 'email': 'taliana.rocha@example.com', 'login': {'uuid': 'edb2cceb-c096-4a86-87b8-e56027080bc6', 'username': 'orangetiger420', 'password': 'poison', 'salt': 'bMANFzbD', 'md5': '32dd570da5e1da2389a6a5d20fc3dae1', 'sha1': 'f7b5dab806a66e705626e2aeae4afb9519875170', 'sha256': '20a65c95603b6ec4e4b9a3e94d56c78c15d4aa2e561855fcd070d9ccc1e58372'}, 'dob': {'date': '1967-07-20T21:44:26.441Z', 'age': 56}, 'registered': {'date': '2002-11-07T06:23:38.119Z', 'age': 21}, 'phone': '(40) 5077-3868', 'cell': '(74) 8259-3343', 'id': {'name': 'CPF', 'value': '617.272.289-73'}, 'picture': {'large': 'https://randomuser.me/api/portraits/women/14.jpg', 'medium': 'https://randomuser.me/api/portraits/med/women/14.jpg', 'thumbnail': 'https://randomuser.me/api/portraits/thumb/women/14.jpg'}, 'nat': 'BR'}</msg>
<arg>${json_data['results'][0]}</arg>
<doc>Logs the given message with the given level.</doc>
<status status="PASS" start="2024-05-29T02:31:15.134283" elapsed="0.000419"/>
</kw>
<kw name="Log" owner="BuiltIn">
<msg time="2024-05-29T02:31:15.135136" level="INFO">location</msg>
<arg>${key}</arg>
<doc>Logs the given message with the given level.</doc>
<status status="PASS" start="2024-05-29T02:31:15.135010" elapsed="0.000165"/>
</kw>
<var name="${key}">location</var>
<status status="PASS" start="2024-05-29T02:31:15.133444" elapsed="0.001947"/>
</iter>
<iter>
<kw name="Dictionary Should Contain Key" owner="Collections">
<msg time="2024-05-29T02:31:15.136169" level="INFO">False</msg>
<arg>${json_data['results'][0]}</arg>
<arg>${key}</arg>
<doc>Fails if ``key`` is not found from ``dictionary``.</doc>
<status status="PASS" start="2024-05-29T02:31:15.135674" elapsed="0.000534"/>
</kw>
<kw name="Log" owner="BuiltIn">
<msg time="2024-05-29T02:31:15.136934" level="INFO">{'gender': 'female', 'name': {'title': 'Ms', 'first': 'Taliana', 'last': 'Rocha'}, 'location': {'street': {'number': 8055, 'name': 'Rua São Luiz '}, 'city': 'Taboão da Serra', 'state': 'Rio Grande do Norte', 'country': 'Brazil', 'postcode': 80586, 'coordinates': {'latitude': '-81.1640', 'longitude': '109.3433'}, 'timezone': {'offset': '-8:00', 'description': 'Pacific Time (US &amp; Canada)'}}, 'email': 'taliana.rocha@example.com', 'login': {'uuid': 'edb2cceb-c096-4a86-87b8-e56027080bc6', 'username': 'orangetiger420', 'password': 'poison', 'salt': 'bMANFzbD', 'md5': '32dd570da5e1da2389a6a5d20fc3dae1', 'sha1': 'f7b5dab806a66e705626e2aeae4afb9519875170', 'sha256': '20a65c95603b6ec4e4b9a3e94d56c78c15d4aa2e561855fcd070d9ccc1e58372'}, 'dob': {'date': '1967-07-20T21:44:26.441Z', 'age': 56}, 'registered': {'date': '2002-11-07T06:23:38.119Z', 'age': 21}, 'phone': '(40) 5077-3868', 'cell': '(74) 8259-3343', 'id': {'name': 'CPF', 'value': '617.272.289-73'}, 'picture': {'large': 'https://randomuser.me/api/portraits/women/14.jpg', 'medium': 'https://randomuser.me/api/portraits/med/women/14.jpg', 'thumbnail': 'https://randomuser.me/api/portraits/thumb/women/14.jpg'}, 'nat': 'BR'}</msg>
<arg>${json_data['results'][0]}</arg>
<doc>Logs the given message with the given level.</doc>
<status status="PASS" start="2024-05-29T02:31:15.136569" elapsed="0.000418"/>
</kw>
<kw name="Log" owner="BuiltIn">
<msg time="2024-05-29T02:31:15.137424" level="INFO">email</msg>
<arg>${key}</arg>
<doc>Logs the given message with the given level.</doc>
<status status="PASS" start="2024-05-29T02:31:15.137294" elapsed="0.000168"/>
</kw>
<var name="${key}">email</var>
<status status="PASS" start="2024-05-29T02:31:15.135563" elapsed="0.002116"/>
</iter>
<iter>
<kw name="Dictionary Should Contain Key" owner="Collections">
<msg time="2024-05-29T02:31:15.138354" level="INFO">False</msg>
<arg>${json_data['results'][0]}</arg>
<arg>${key}</arg>
<doc>Fails if ``key`` is not found from ``dictionary``.</doc>
<status status="PASS" start="2024-05-29T02:31:15.137968" elapsed="0.000425"/>
</kw>
<kw name="Log" owner="BuiltIn">
<msg time="2024-05-29T02:31:15.139051" level="INFO">{'gender': 'female', 'name': {'title': 'Ms', 'first': 'Taliana', 'last': 'Rocha'}, 'location': {'street': {'number': 8055, 'name': 'Rua São Luiz '}, 'city': 'Taboão da Serra', 'state': 'Rio Grande do Norte', 'country': 'Brazil', 'postcode': 80586, 'coordinates': {'latitude': '-81.1640', 'longitude': '109.3433'}, 'timezone': {'offset': '-8:00', 'description': 'Pacific Time (US &amp; Canada)'}}, 'email': 'taliana.rocha@example.com', 'login': {'uuid': 'edb2cceb-c096-4a86-87b8-e56027080bc6', 'username': 'orangetiger420', 'password': 'poison', 'salt': 'bMANFzbD', 'md5': '32dd570da5e1da2389a6a5d20fc3dae1', 'sha1': 'f7b5dab806a66e705626e2aeae4afb9519875170', 'sha256': '20a65c95603b6ec4e4b9a3e94d56c78c15d4aa2e561855fcd070d9ccc1e58372'}, 'dob': {'date': '1967-07-20T21:44:26.441Z', 'age': 56}, 'registered': {'date': '2002-11-07T06:23:38.119Z', 'age': 21}, 'phone': '(40) 5077-3868', 'cell': '(74) 8259-3343', 'id': {'name': 'CPF', 'value': '617.272.289-73'}, 'picture': {'large': 'https://randomuser.me/api/portraits/women/14.jpg', 'medium': 'https://randomuser.me/api/portraits/med/women/14.jpg', 'thumbnail': 'https://randomuser.me/api/portraits/thumb/women/14.jpg'}, 'nat': 'BR'}</msg>
<arg>${json_data['results'][0]}</arg>
<doc>Logs the given message with the given level.</doc>
<status status="PASS" start="2024-05-29T02:31:15.138689" elapsed="0.000413"/>
</kw>
<kw name="Log" owner="BuiltIn">
<msg time="2024-05-29T02:31:15.139524" level="INFO">login</msg>
<arg>${key}</arg>
<doc>Logs the given message with the given level.</doc>
<status status="PASS" start="2024-05-29T02:31:15.139397" elapsed="0.000198"/>
</kw>
<var name="${key}">login</var>
<status status="PASS" start="2024-05-29T02:31:15.137856" elapsed="0.001963"/>
</iter>
<var>${key}</var>
<value>@{expected_keys}</value>
<status status="PASS" start="2024-05-29T02:31:15.128848" elapsed="0.011093"/>
</for>
<kw name="Create List" owner="BuiltIn">
<msg time="2024-05-29T02:31:15.140302" level="INFO">${expected_keysTwo} = ['username', 'password']</msg>
<var>${expected_keysTwo}</var>
<arg>username</arg>
<arg>password</arg>
<doc>Returns a list containing given items.</doc>
<status status="PASS" start="2024-05-29T02:31:15.140139" elapsed="0.000190"/>
</kw>
<for flavor="IN">
<iter>
<kw name="Dictionary Should Contain Key" owner="Collections">
<msg time="2024-05-29T02:31:15.141227" level="INFO">False</msg>
<arg>${json_data['results'][0]['login']}</arg>
<arg>${keyTwo}</arg>
<doc>Fails if ``key`` is not found from ``dictionary``.</doc>
<status status="PASS" start="2024-05-29T02:31:15.140849" elapsed="0.000415"/>
</kw>
<kw name="Dictionary Should Contain Key" owner="Collections">
<msg time="2024-05-29T02:31:15.141943" level="INFO">False</msg>
<arg>${json_data['results'][0]['login']}</arg>
<arg>${keyTwo}</arg>
<doc>Fails if ``key`` is not found from ``dictionary``.</doc>
<status status="PASS" start="2024-05-29T02:31:15.141561" elapsed="0.000421"/>
</kw>
<kw name="Log" owner="BuiltIn">
<msg time="2024-05-29T02:31:15.142406" level="INFO">username</msg>
<arg>${keyTwo}</arg>
<doc>Logs the given message with the given level.</doc>
<status status="PASS" start="2024-05-29T02:31:15.142278" elapsed="0.000166"/>
</kw>
<var name="${keyTwo}">username</var>
<status status="PASS" start="2024-05-29T02:31:15.140735" elapsed="0.001924"/>
</iter>
<iter>
<kw name="Dictionary Should Contain Key" owner="Collections">
<msg time="2024-05-29T02:31:15.143319" level="INFO">False</msg>
<arg>${json_data['results'][0]['login']}</arg>
<arg>${keyTwo}</arg>
<doc>Fails if ``key`` is not found from ``dictionary``.</doc>
<status status="PASS" start="2024-05-29T02:31:15.142948" elapsed="0.000409"/>
</kw>
<kw name="Dictionary Should Contain Key" owner="Collections">
<msg time="2024-05-29T02:31:15.144032" level="INFO">False</msg>
<arg>${json_data['results'][0]['login']}</arg>
<arg>${keyTwo}</arg>
<doc>Fails if ``key`` is not found from ``dictionary``.</doc>
<status status="PASS" start="2024-05-29T02:31:15.143651" elapsed="0.000419"/>
</kw>
<kw name="Log" owner="BuiltIn">
<msg time="2024-05-29T02:31:15.144547" level="INFO">password</msg>
<arg>${keyTwo}</arg>
<doc>Logs the given message with the given level.</doc>
<status status="PASS" start="2024-05-29T02:31:15.144415" elapsed="0.000170"/>
</kw>
<var name="${keyTwo}">password</var>
<status status="PASS" start="2024-05-29T02:31:15.142832" elapsed="0.001975"/>
</iter>
<var>${keyTwo}</var>
<value>@{expected_keysTwo}</value>
<status status="PASS" start="2024-05-29T02:31:15.140580" elapsed="0.004349"/>
</for>
<status status="PASS" start="2024-05-29T02:31:15.034500" elapsed="0.110573"/>
</kw>
<doc>Testa a estrutura da resposta da API.</doc>
<tag>testeEstruturaResposta</tag>
<status status="PASS" start="2024-05-29T02:31:15.033960" elapsed="0.111271"/>
</test>
<test id="s1-s1-t4" name="Validar tipos de dados" line="28">
<kw name="Teste de Tipos de Dados" owner="random-user-service">
<kw name="GET On Session" owner="RequestsLibrary">
<msg time="2024-05-29T02:31:15.238870" level="INFO">GET Request : url=https://randomuser.me/api 
 path_url=/api 
 headers={'User-Agent': 'python-requests/2.32.2', 'Accept-Encoding': 'gzip, deflate', 'Accept': '*/*', 'Connection': 'keep-alive'} 
 body=None 
 </msg>
<msg time="2024-05-29T02:31:15.238983" level="INFO">GET Response : url=https://randomuser.me/api 
 status=200, reason=OK 
 headers={'Date': 'Wed, 29 May 2024 02:31:15 GMT', 'Content-Type': 'application/json; charset=utf-8', 'Transfer-Encoding': 'chunked', 'Connection': 'keep-alive', 'X-Powered-By': 'Express', 'Access-Control-Allow-Origin': '*', 'Cache-Control': 'no-cache', 'ETag': 'W/"4a9-dGD1bjGR0DJiJq8xi3VKe7Ios60"', 'Vary': 'Accept-Encoding', 'Content-Encoding': 'gzip', 'CF-Cache-Status': 'DYNAMIC', 'Report-To': '{"endpoints":[{"url":"https:\\/\\/a.nel.cloudflare.com\\/report\\/v4?s=OyFWuYOLgLYMhRsOCHmJzveBT4N1CKesCx62dYNapp0YgLj51kPpiyTerCnx1ggG9Kg2E68mz1U2CQhiJ7TCzyNtiDnE0fRpmpXnG7AIzDp2eLYYC7o2%2FYS4Dd3ZsOOi"}],"group":"cf-nel","max_age":604800}', 'NEL': '{"success_fraction":0,"report_to":"cf-nel","max_age":604800}', 'Server': 'cloudflare', 'CF-RAY': '88b3112fa959116f-ORD', 'alt-svc': 'h3=":443"; ma=86400'} 
 body={"results":[{"gender":"male","name":{"title":"Mr","first":"Jean","last":"Carpentier"},"location":{"street":{"number":3653,"name":"Rue Duguesclin"},"city":"Saint-Étienne","state":"Aveyron","country":"France","postcode":58362,"coordinates":{"latitude":"-14.7634","longitude":"-160.8470"},"timezone":{"offset":"+10:00","description":"Eastern Australia, Guam, Vladivostok"}},"email":"jean.carpentier@example.com","login":{"uuid":"62f5dd18-a463-4544-8da1-cd126d80f2aa","username":"purplebutterfly785","password":"sprout","salt":"Nrymwqpp","md5":"a7e0d5ded8fe0ae7d3808da17b1c199b","sha1":"3eceb8d0bb1dbdd212c1f112f1545bf6ae52c16c","sha256":"47d22e7ca6e0f78a820132b2830ca5d2411f4e2ee0786957a3f5a81bb013ed16"},"dob":{"date":"1993-04-29T19:39:15.390Z","age":31},"registered":{"date":"2004-04-25T13:20:25.703Z","age":20},"phone":"03-85-09-16-69","cell":"06-00-72-06-05","id":{"name":"INSEE","value":"1930306122744 90"},"picture":{"large":"https://randomuser.me/api/portraits/men/18.jpg","medium":"https://randomuser.me/api/portraits/med/men/18.jpg","thumbnail":"https://randomuser.me/api/portraits/thumb/men/18.jpg"},"nat":"FR"}],"info":{"seed":"cd8bad12add4a10b","results":1,"page":1,"version":"1.4"}} 
 </msg>
<msg time="2024-05-29T02:31:15.239054" level="INFO">/opt/hostedtoolcache/Python/3.12.3/x64/lib/python3.12/site-packages/urllib3/connectionpool.py:1103: InsecureRequestWarning: Unverified HTTPS request is being made to host 'randomuser.me'. Adding certificate verification is strongly advised. See: https://urllib3.readthedocs.io/en/latest/advanced-usage.html#tls-warnings
  warnings.warn(</msg>
<msg time="2024-05-29T02:31:15.239166" level="INFO">${response} = &lt;Response [200]&gt;</msg>
<var>${response}</var>
<arg>consultarAPI</arg>
<arg>/api</arg>
<doc>Sends a GET request on a previously created HTTP Session.</doc>
<status status="PASS" start="2024-05-29T02:31:15.147841" elapsed="0.091358"/>
</kw>
<kw name="Set Variable" owner="BuiltIn">
<msg time="2024-05-29T02:31:15.240249" level="INFO">${json_data} = {'results': [{'gender': 'male', 'name': {'title': 'Mr', 'first': 'Jean', 'last': 'Carpentier'}, 'location': {'street': {'number': 3653, 'name': 'Rue Duguesclin'}, 'city': 'Saint-Étienne', 'state': 'Av...</msg>
<var>${json_data}</var>
<arg>${response.json()}</arg>
<doc>Returns the given values which can then be assigned to a variables.</doc>
<status status="PASS" start="2024-05-29T02:31:15.239718" elapsed="0.000602"/>
</kw>
<kw name="Log" owner="BuiltIn">
<msg time="2024-05-29T02:31:15.240807" level="INFO">{'results': [{'gender': 'male', 'name': {'title': 'Mr', 'first': 'Jean', 'last': 'Carpentier'}, 'location': {'street': {'number': 3653, 'name': 'Rue Duguesclin'}, 'city': 'Saint-Étienne', 'state': 'Aveyron', 'country': 'France', 'postcode': 58362, 'coordinates': {'latitude': '-14.7634', 'longitude': '-160.8470'}, 'timezone': {'offset': '+10:00', 'description': 'Eastern Australia, Guam, Vladivostok'}}, 'email': 'jean.carpentier@example.com', 'login': {'uuid': '62f5dd18-a463-4544-8da1-cd126d80f2aa', 'username': 'purplebutterfly785', 'password': 'sprout', 'salt': 'Nrymwqpp', 'md5': 'a7e0d5ded8fe0ae7d3808da17b1c199b', 'sha1': '3eceb8d0bb1dbdd212c1f112f1545bf6ae52c16c', 'sha256': '47d22e7ca6e0f78a820132b2830ca5d2411f4e2ee0786957a3f5a81bb013ed16'}, 'dob': {'date': '1993-04-29T19:39:15.390Z', 'age': 31}, 'registered': {'date': '2004-04-25T13:20:25.703Z', 'age': 20}, 'phone': '03-85-09-16-69', 'cell': '06-00-72-06-05', 'id': {'name': 'INSEE', 'value': '1930306122744 90'}, 'picture': {'large': 'https://randomuser.me/api/portraits/men/18.jpg', 'medium': 'https://randomuser.me/api/portraits/med/men/18.jpg', 'thumbnail': 'https://randomuser.me/api/portraits/thumb/men/18.jpg'}, 'nat': 'FR'}], 'info': {'seed': 'cd8bad12add4a10b', 'results': 1, 'page': 1, 'version': '1.4'}}</msg>
<arg>${json_data}</arg>
<doc>Logs the given message with the given level.</doc>
<status status="PASS" start="2024-05-29T02:31:15.240648" elapsed="0.000247"/>
</kw>
<kw name="Should Be String" owner="String">
<arg>${json_data['results'][0]['gender']}</arg>
<doc>Fails if the given ``item`` is not a string.</doc>
<status status="PASS" start="2024-05-29T02:31:15.241201" elapsed="0.000373"/>
</kw>
<kw name="Should Match Regexp" owner="BuiltIn">
<arg>${json_data['results'][0]['email']}</arg>
<arg>^[a-zA-Z0-9._%+-]+@[a-zA-Z0-9.-]+\.[a-zA-Z]{2,}$</arg>
<doc>Fails if ``string`` does not match ``pattern`` as a regular expression.</doc>
<status status="PASS" start="2024-05-29T02:31:15.241771" elapsed="0.000667"/>
</kw>
<kw name="Should Match Regexp" owner="BuiltIn">
<arg>${json_data['results'][0]['dob']['date']}</arg>
<arg>\\d{4}-\\d{2}-\\d{2}T\\d{2}:\\d{2}:\\d{2}\\.\\d{3}Z</arg>
<doc>Fails if ``string`` does not match ``pattern`` as a regular expression.</doc>
<status status="PASS" start="2024-05-29T02:31:15.242639" elapsed="0.000485"/>
</kw>
<kw name="Should Match Regexp" owner="BuiltIn">
<arg>${json_data['results'][0]['registered']['date']}</arg>
<arg>\\d{4}-\\d{2}-\\d{2}T\\d{2}:\\d{2}:\\d{2}\\.\\d{3}Z</arg>
<doc>Fails if ``string`` does not match ``pattern`` as a regular expression.</doc>
<status status="PASS" start="2024-05-29T02:31:15.243318" elapsed="0.000368"/>
</kw>
<kw name="Should Match Regexp" owner="BuiltIn">
<arg>${json_data['results'][0]['picture']['large']}</arg>
<arg>^https?://.*\.(?:png|jpe?g|gif|bmp)$</arg>
<doc>Fails if ``string`` does not match ``pattern`` as a regular expression.</doc>
<status status="PASS" start="2024-05-29T02:31:15.243875" elapsed="0.000496"/>
</kw>
<kw name="Should Match Regexp" owner="BuiltIn">
<arg>${json_data['results'][0]['picture']['medium']}</arg>
<arg>^https?://.*\.(?:png|jpe?g|gif|bmp)$</arg>
<doc>Fails if ``string`` does not match ``pattern`` as a regular expression.</doc>
<status status="PASS" start="2024-05-29T02:31:15.244565" elapsed="0.000354"/>
</kw>
<kw name="Should Match Regexp" owner="BuiltIn">
<arg>${json_data['results'][0]['picture']['thumbnail']}</arg>
<arg>^https?://.*\.(?:png|jpe?g|gif|bmp)$</arg>
<doc>Fails if ``string`` does not match ``pattern`` as a regular expression.</doc>
<status status="PASS" start="2024-05-29T02:31:15.245108" elapsed="0.000352"/>
</kw>
<kw name="Log" owner="BuiltIn">
<msg time="2024-05-29T02:31:15.245965" level="INFO">{'large': 'https://randomuser.me/api/portraits/men/18.jpg', 'medium': 'https://randomuser.me/api/portraits/med/men/18.jpg', 'thumbnail': 'https://randomuser.me/api/portraits/thumb/men/18.jpg'}</msg>
<arg>${json_data['results'][0]['picture']}</arg>
<doc>Logs the given message with the given level.</doc>
<status status="PASS" start="2024-05-29T02:31:15.245642" elapsed="0.000366"/>
</kw>
<status status="PASS" start="2024-05-29T02:31:15.147604" elapsed="0.098667"/>
</kw>
<kw name="Teste de Tipos de Dados - Postcode" owner="random-user-service">
<kw name="GET On Session" owner="RequestsLibrary">
<msg time="2024-05-29T02:31:15.327437" level="INFO">GET Request : url=https://randomuser.me/api 
 path_url=/api 
 headers={'User-Agent': 'python-requests/2.32.2', 'Accept-Encoding': 'gzip, deflate', 'Accept': '*/*', 'Connection': 'keep-alive'} 
 body=None 
 </msg>
<msg time="2024-05-29T02:31:15.327514" level="INFO">GET Response : url=https://randomuser.me/api 
 status=200, reason=OK 
 headers={'Date': 'Wed, 29 May 2024 02:31:15 GMT', 'Content-Type': 'application/json; charset=utf-8', 'Transfer-Encoding': 'chunked', 'Connection': 'keep-alive', 'X-Powered-By': 'Express', 'Access-Control-Allow-Origin': '*', 'Cache-Control': 'no-cache', 'ETag': 'W/"4a7-NmND9YviJew0bJ6X4aUnk5naNhI"', 'Vary': 'Accept-Encoding', 'Content-Encoding': 'gzip', 'CF-Cache-Status': 'DYNAMIC', 'Report-To': '{"endpoints":[{"url":"https:\\/\\/a.nel.cloudflare.com\\/report\\/v4?s=pHZ0roLaGe%2Fw8Y7JH9NfroiOnRYRP5RumU5g0UfOfKrGXm1EqY74TFWFW4eV3oKJpQz8erPhbnDRfSrrsy%2FlhlNQSTDNb1lYV7mKGEwRFXw%2FJrwn1HTc17oRzwVvvcse"}],"group":"cf-nel","max_age":604800}', 'NEL': '{"success_fraction":0,"report_to":"cf-nel","max_age":604800}', 'Server': 'cloudflare', 'CF-RAY': '88b311304a67116f-ORD', 'alt-svc': 'h3=":443"; ma=86400'} 
 body={"results":[{"gender":"male","name":{"title":"Mr","first":"José María","last":"Concepción"},"location":{"street":{"number":8221,"name":"Boulevard Morelos"},"city":"Cibuta","state":"Sonora","country":"Mexico","postcode":11381,"coordinates":{"latitude":"26.1896","longitude":"-177.6230"},"timezone":{"offset":"+9:00","description":"Tokyo, Seoul, Osaka, Sapporo, Yakutsk"}},"email":"josemaria.concepcion@example.com","login":{"uuid":"83ed22c0-0cce-4b50-a34e-adf4bda3f0b2","username":"crazytiger683","password":"camera","salt":"dWV4Qwax","md5":"9c242e832e48ecb445442123c61b4150","sha1":"12a3ad397de353261598ef63eb9becfd32dfd579","sha256":"3472ac34ff3fb5ddf1d40144ae4d721078a48fe99437d7c4536f867fd69d0c5f"},"dob":{"date":"1994-02-18T07:32:00.841Z","age":30},"registered":{"date":"2021-06-09T06:34:14.665Z","age":2},"phone":"(678) 629 0715","cell":"(622) 266 4004","id":{"name":"NSS","value":"39 31 42 7446 3"},"picture":{"large":"https://randomuser.me/api/portraits/men/28.jpg","medium":"https://randomuser.me/api/portraits/med/men/28.jpg","thumbnail":"https://randomuser.me/api/portraits/thumb/men/28.jpg"},"nat":"MX"}],"info":{"seed":"842008e56c9d5848","results":1,"page":1,"version":"1.4"}} 
 </msg>
<msg time="2024-05-29T02:31:15.327584" level="INFO">/opt/hostedtoolcache/Python/3.12.3/x64/lib/python3.12/site-packages/urllib3/connectionpool.py:1103: InsecureRequestWarning: Unverified HTTPS request is being made to host 'randomuser.me'. Adding certificate verification is strongly advised. See: https://urllib3.readthedocs.io/en/latest/advanced-usage.html#tls-warnings
  warnings.warn(</msg>
<msg time="2024-05-29T02:31:15.327688" level="INFO">${response} = &lt;Response [200]&gt;</msg>
<var>${response}</var>
<arg>consultarAPI</arg>
<arg>/api</arg>
<doc>Sends a GET request on a previously created HTTP Session.</doc>
<status status="PASS" start="2024-05-29T02:31:15.246736" elapsed="0.080991"/>
</kw>
<kw name="Set Variable" owner="BuiltIn">
<msg time="2024-05-29T02:31:15.328673" level="INFO">${json_data} = {'results': [{'gender': 'male', 'name': {'title': 'Mr', 'first': 'José María', 'last': 'Concepción'}, 'location': {'street': {'number': 8221, 'name': 'Boulevard Morelos'}, 'city': 'Cibuta', 'state': '...</msg>
<var>${json_data}</var>
<arg>${response.json()}</arg>
<doc>Returns the given values which can then be assigned to a variables.</doc>
<status status="PASS" start="2024-05-29T02:31:15.328172" elapsed="0.000530"/>
</kw>
<kw name="Log" owner="BuiltIn">
<msg time="2024-05-29T02:31:15.329173" level="INFO">{'results': [{'gender': 'male', 'name': {'title': 'Mr', 'first': 'José María', 'last': 'Concepción'}, 'location': {'street': {'number': 8221, 'name': 'Boulevard Morelos'}, 'city': 'Cibuta', 'state': 'Sonora', 'country': 'Mexico', 'postcode': 11381, 'coordinates': {'latitude': '26.1896', 'longitude': '-177.6230'}, 'timezone': {'offset': '+9:00', 'description': 'Tokyo, Seoul, Osaka, Sapporo, Yakutsk'}}, 'email': 'josemaria.concepcion@example.com', 'login': {'uuid': '83ed22c0-0cce-4b50-a34e-adf4bda3f0b2', 'username': 'crazytiger683', 'password': 'camera', 'salt': 'dWV4Qwax', 'md5': '9c242e832e48ecb445442123c61b4150', 'sha1': '12a3ad397de353261598ef63eb9becfd32dfd579', 'sha256': '3472ac34ff3fb5ddf1d40144ae4d721078a48fe99437d7c4536f867fd69d0c5f'}, 'dob': {'date': '1994-02-18T07:32:00.841Z', 'age': 30}, 'registered': {'date': '2021-06-09T06:34:14.665Z', 'age': 2}, 'phone': '(678) 629 0715', 'cell': '(622) 266 4004', 'id': {'name': 'NSS', 'value': '39 31 42 7446 3'}, 'picture': {'large': 'https://randomuser.me/api/portraits/men/28.jpg', 'medium': 'https://randomuser.me/api/portraits/med/men/28.jpg', 'thumbnail': 'https://randomuser.me/api/portraits/thumb/men/28.jpg'}, 'nat': 'MX'}], 'info': {'seed': '842008e56c9d5848', 'results': 1, 'page': 1, 'version': '1.4'}}</msg>
<arg>${json_data}</arg>
<doc>Logs the given message with the given level.</doc>
<status status="PASS" start="2024-05-29T02:31:15.329015" elapsed="0.000237"/>
</kw>
<kw name="Should Be Equal As Numbers" owner="BuiltIn">
<arg>${json_data['results'][0]['location']['postcode']}</arg>
<arg>${json_data['results'][0]['location']['postcode']}</arg>
<doc>Fails if objects are unequal after converting them to real numbers.</doc>
<status status="PASS" start="2024-05-29T02:31:15.329557" elapsed="0.000618"/>
</kw>
<kw name="Log" owner="BuiltIn">
<msg time="2024-05-29T02:31:15.330709" level="INFO">11381</msg>
<arg>${json_data['results'][0]['location']['postcode']}</arg>
<doc>Logs the given message with the given level.</doc>
<status status="PASS" start="2024-05-29T02:31:15.330368" elapsed="0.000382"/>
</kw>
<status status="PASS" start="2024-05-29T02:31:15.246498" elapsed="0.084508"/>
</kw>
<doc>Testa se os tipos de dados na resposta da API estão corretos.</doc>
<tag>testeTiposDados</tag>
<status status="PASS" start="2024-05-29T02:31:15.147069" elapsed="0.184104"/>
</test>
<test id="s1-s1-t5" name="Validar conteudo" line="35">
<kw name="Teste de Tipos de Conteudo" owner="random-user-service">
<kw name="GET On Session" owner="RequestsLibrary">
<msg time="2024-05-29T02:31:15.438907" level="INFO">GET Request : url=https://randomuser.me/api 
 path_url=/api 
 headers={'User-Agent': 'python-requests/2.32.2', 'Accept-Encoding': 'gzip, deflate', 'Accept': '*/*', 'Connection': 'keep-alive'} 
 body=None 
 </msg>
<msg time="2024-05-29T02:31:15.439013" level="INFO">GET Response : url=https://randomuser.me/api 
 status=200, reason=OK 
 headers={'Date': 'Wed, 29 May 2024 02:31:15 GMT', 'Content-Type': 'application/json; charset=utf-8', 'Transfer-Encoding': 'chunked', 'Connection': 'keep-alive', 'X-Powered-By': 'Express', 'Access-Control-Allow-Origin': '*', 'Cache-Control': 'no-cache', 'ETag': 'W/"472-Q02atUfsfEnCsA8r20M/u05Iahk"', 'Vary': 'Accept-Encoding', 'Content-Encoding': 'gzip', 'CF-Cache-Status': 'DYNAMIC', 'Report-To': '{"endpoints":[{"url":"https:\\/\\/a.nel.cloudflare.com\\/report\\/v4?s=SaJUYHhmYlhZriImym0r22DwOK%2BTfU8rVE8caVRBzMRSD79yI8d1oGHwOzdEJ3z6OvVw9AeTK3%2BGflzSy5huF7geUomSnBuJ1kIoKGjx7a7JyLylInsnqiQLx%2BjFYVdI"}],"group":"cf-nel","max_age":604800}', 'NEL': '{"success_fraction":0,"report_to":"cf-nel","max_age":604800}', 'Server': 'cloudflare', 'CF-RAY': '88b31130db20116f-ORD', 'alt-svc': 'h3=":443"; ma=86400'} 
 body={"results":[{"gender":"male","name":{"title":"Mr","first":"Azariy","last":"Kiva"},"location":{"street":{"number":9593,"name":"Kvituchiy provulok"},"city":"Vishneve","state":"Harkivska","country":"Ukraine","postcode":62951,"coordinates":{"latitude":"73.0592","longitude":"-37.1642"},"timezone":{"offset":"+5:45","description":"Kathmandu"}},"email":"azariy.kiva@example.com","login":{"uuid":"06cf62d9-81f9-42e9-bdf6-d62e1c4f57d8","username":"yellowgorilla873","password":"streaming","salt":"Fg0Ij6Mm","md5":"44d52828cb342bc171d8a5007b93d379","sha1":"139c1675c553bcb26911e47e378278cb15c856c0","sha256":"ca434e1294d6ee5c8b9ad24368168dbca9f4347a2cd6d804b7ee52a06f5fe1ee"},"dob":{"date":"1967-08-31T02:57:36.864Z","age":56},"registered":{"date":"2005-11-01T15:27:15.453Z","age":18},"phone":"(066) U39-3485","cell":"(098) D59-1855","id":{"name":"","value":null},"picture":{"large":"https://randomuser.me/api/portraits/men/88.jpg","medium":"https://randomuser.me/api/portraits/med/men/88.jpg","thumbnail":"https://randomuser.me/api/portraits/thumb/men/88.jpg"},"nat":"UA"}],"info":{"seed":"09796cc914a80768","results":1,"page":1,"version":"1.4"}} 
 </msg>
<msg time="2024-05-29T02:31:15.439097" level="INFO">/opt/hostedtoolcache/Python/3.12.3/x64/lib/python3.12/site-packages/urllib3/connectionpool.py:1103: InsecureRequestWarning: Unverified HTTPS request is being made to host 'randomuser.me'. Adding certificate verification is strongly advised. See: https://urllib3.readthedocs.io/en/latest/advanced-usage.html#tls-warnings
  warnings.warn(</msg>
<msg time="2024-05-29T02:31:15.439233" level="INFO">${response} = &lt;Response [200]&gt;</msg>
<var>${response}</var>
<arg>consultarAPI</arg>
<arg>/api</arg>
<doc>Sends a GET request on a previously created HTTP Session.</doc>
<status status="PASS" start="2024-05-29T02:31:15.334054" elapsed="0.105233"/>
</kw>
<kw name="Set Variable" owner="BuiltIn">
<msg time="2024-05-29T02:31:15.440304" level="INFO">${json_data} = {'results': [{'gender': 'male', 'name': {'title': 'Mr', 'first': 'Azariy', 'last': 'Kiva'}, 'location': {'street': {'number': 9593, 'name': 'Kvituchiy provulok'}, 'city': 'Vishneve', 'state': 'Harkivs...</msg>
<var>${json_data}</var>
<arg>${response.json()}</arg>
<doc>Returns the given values which can then be assigned to a variables.</doc>
<status status="PASS" start="2024-05-29T02:31:15.439777" elapsed="0.000576"/>
</kw>
<kw name="Set Variable" owner="BuiltIn">
<msg time="2024-05-29T02:31:15.441082" level="INFO">${name_title} = Mr</msg>
<var>${name_title}</var>
<arg>${json_data["results"][0]["name"]["title"]}</arg>
<doc>Returns the given values which can then be assigned to a variables.</doc>
<status status="PASS" start="2024-05-29T02:31:15.440684" elapsed="0.000425"/>
</kw>
<kw name="Create List" owner="BuiltIn">
<msg time="2024-05-29T02:31:15.441583" level="INFO">${allowed_titles} = ['Mr', 'Ms', 'Miss', 'Mrs', 'Madame', 'Monsieur']</msg>
<var>${allowed_titles}</var>
<arg>Mr</arg>
<arg>Ms</arg>
<arg>Miss</arg>
<arg>Mrs</arg>
<arg>Madame</arg>
<arg>Monsieur</arg>
<doc>Returns a list containing given items.</doc>
<status status="PASS" start="2024-05-29T02:31:15.441427" elapsed="0.000182"/>
</kw>
<kw name="List Should Contain Value" owner="Collections">
<msg time="2024-05-29T02:31:15.442112" level="INFO">False</msg>
<arg>${allowed_titles}</arg>
<arg>${name_title}</arg>
<doc>Fails if the ``value`` is not found from ``list``.</doc>
<status status="PASS" start="2024-05-29T02:31:15.441927" elapsed="0.000223"/>
</kw>
<kw name="Set Variable" owner="BuiltIn">
<msg time="2024-05-29T02:31:15.443016" level="INFO">${name_country} = UA</msg>
<var>${name_country}</var>
<arg>${json_data["results"][0]["nat"]}</arg>
<doc>Returns the given values which can then be assigned to a variables.</doc>
<status status="PASS" start="2024-05-29T02:31:15.442454" elapsed="0.000595"/>
</kw>
<kw name="Create List" owner="BuiltIn">
<msg time="2024-05-29T02:31:15.443989" level="INFO">${list_country} = ['AD', 'AE', 'AF', 'AG', 'AI', 'AL', 'AM', 'AO', 'AQ', 'AR', 'AS', 'AT', 'AU', 'AW', 'AX', 'AZ', 'BA', 'BB', 'BD', 'BE', 'BF', 'BG', 'BH', 'BI', 'BJ', 'BL', 'BM', 'BN', 'BO', 'BQ', 'BR', 'BS', 'BT', '...</msg>
<var>${list_country}</var>
<arg>AD</arg>
<arg>AE</arg>
<arg>AF</arg>
<arg>AG</arg>
<arg>AI</arg>
<arg>AL</arg>
<arg>AM</arg>
<arg>AO</arg>
<arg>AQ</arg>
<arg>AR</arg>
<arg>AS</arg>
<arg>AT</arg>
<arg>AU</arg>
<arg>AW</arg>
<arg>AX</arg>
<arg>AZ</arg>
<arg>BA</arg>
<arg>BB</arg>
<arg>BD</arg>
<arg>BE</arg>
<arg>BF</arg>
<arg>BG</arg>
<arg>BH</arg>
<arg>BI</arg>
<arg>BJ</arg>
<arg>BL</arg>
<arg>BM</arg>
<arg>BN</arg>
<arg>BO</arg>
<arg>BQ</arg>
<arg>BR</arg>
<arg>BS</arg>
<arg>BT</arg>
<arg>BV</arg>
<arg>BW</arg>
<arg>BY</arg>
<arg>BZ</arg>
<arg>CA</arg>
<arg>CC</arg>
<arg>CD</arg>
<arg>CF</arg>
<arg>CG</arg>
<arg>CH</arg>
<arg>CI</arg>
<arg>CK</arg>
<arg>CL</arg>
<arg>CM</arg>
<arg>CN</arg>
<arg>CO</arg>
<arg>CR</arg>
<arg>CU</arg>
<arg>CV</arg>
<arg>CW</arg>
<arg>CX</arg>
<arg>CY</arg>
<arg>CZ</arg>
<arg>DE</arg>
<arg>DJ</arg>
<arg>DK</arg>
<arg>DM</arg>
<arg>DO</arg>
<arg>DZ</arg>
<arg>EC</arg>
<arg>EE</arg>
<arg>EG</arg>
<arg>EH</arg>
<arg>ER</arg>
<arg>ES</arg>
<arg>ET</arg>
<arg>FI</arg>
<arg>FJ</arg>
<arg>FK</arg>
<arg>FM</arg>
<arg>FO</arg>
<arg>FR</arg>
<arg>GA</arg>
<arg>GB</arg>
<arg>GD</arg>
<arg>GE</arg>
<arg>GF</arg>
<arg>GG</arg>
<arg>GH</arg>
<arg>GI</arg>
<arg>GL</arg>
<arg>GM</arg>
<arg>GN</arg>
<arg>GP</arg>
<arg>GQ</arg>
<arg>GR</arg>
<arg>GS</arg>
<arg>GT</arg>
<arg>GU</arg>
<arg>GW</arg>
<arg>GY</arg>
<arg>HK</arg>
<arg>HM</arg>
<arg>HN</arg>
<arg>HR</arg>
<arg>HT</arg>
<arg>HU</arg>
<arg>ID</arg>
<arg>IE</arg>
<arg>IL</arg>
<arg>IM</arg>
<arg>IN</arg>
<arg>IO</arg>
<arg>IQ</arg>
<arg>IR</arg>
<arg>IS</arg>
<arg>IT</arg>
<arg>JE</arg>
<arg>JM</arg>
<arg>JO</arg>
<arg>JP</arg>
<arg>KE</arg>
<arg>KG</arg>
<arg>KH</arg>
<arg>KI</arg>
<arg>KM</arg>
<arg>KN</arg>
<arg>KP</arg>
<arg>KR</arg>
<arg>KW</arg>
<arg>KY</arg>
<arg>KZ</arg>
<arg>LA</arg>
<arg>LB</arg>
<arg>LC</arg>
<arg>LI</arg>
<arg>LK</arg>
<arg>LR</arg>
<arg>LS</arg>
<arg>LT</arg>
<arg>LU</arg>
<arg>LV</arg>
<arg>LY</arg>
<arg>MA</arg>
<arg>MC</arg>
<arg>MD</arg>
<arg>ME</arg>
<arg>MF</arg>
<arg>MG</arg>
<arg>MH</arg>
<arg>MK</arg>
<arg>ML</arg>
<arg>MM</arg>
<arg>MN</arg>
<arg>MO</arg>
<arg>MP</arg>
<arg>MQ</arg>
<arg>MR</arg>
<arg>MS</arg>
<arg>MT</arg>
<arg>MU</arg>
<arg>MV</arg>
<arg>MW</arg>
<arg>MX</arg>
<arg>MY</arg>
<arg>MZ</arg>
<arg>NA</arg>
<arg>NC</arg>
<arg>NE</arg>
<arg>NF</arg>
<arg>NG</arg>
<arg>NI</arg>
<arg>NL</arg>
<arg>NO</arg>
<arg>NP</arg>
<arg>NR</arg>
<arg>NU</arg>
<arg>NZ</arg>
<arg>OM</arg>
<arg>PA</arg>
<arg>PE</arg>
<arg>PF</arg>
<arg>PG</arg>
<arg>PH</arg>
<arg>PK</arg>
<arg>PL</arg>
<arg>PM</arg>
<arg>PN</arg>
<arg>PR</arg>
<arg>PS</arg>
<arg>PT</arg>
<arg>PW</arg>
<arg>PY</arg>
<arg>QA</arg>
<arg>RE</arg>
<arg>RO</arg>
<arg>RS</arg>
<arg>RU</arg>
<arg>RW</arg>
<arg>SA</arg>
<arg>SB</arg>
<arg>SC</arg>
<arg>SD</arg>
<arg>SE</arg>
<arg>SG</arg>
<arg>SH</arg>
<arg>SI</arg>
<arg>SJ</arg>
<arg>SK</arg>
<arg>SL</arg>
<arg>SM</arg>
<arg>SN</arg>
<arg>SO</arg>
<arg>SR</arg>
<arg>SS</arg>
<arg>ST</arg>
<arg>SV</arg>
<arg>SX</arg>
<arg>SY</arg>
<arg>SZ</arg>
<arg>TC</arg>
<arg>TD</arg>
<arg>TF</arg>
<arg>TG</arg>
<arg>TH</arg>
<arg>TJ</arg>
<arg>TK</arg>
<arg>TL</arg>
<arg>TM</arg>
<arg>TN</arg>
<arg>TO</arg>
<arg>TR</arg>
<arg>TT</arg>
<arg>TV</arg>
<arg>TW</arg>
<arg>TZ</arg>
<arg>UA</arg>
<arg>UG</arg>
<arg>UM</arg>
<arg>US</arg>
<arg>UY</arg>
<arg>UZ</arg>
<arg>VA</arg>
<arg>VC</arg>
<arg>VE</arg>
<arg>VG</arg>
<arg>VI</arg>
<arg>VN</arg>
<arg>VU</arg>
<arg>WF</arg>
<arg>WS</arg>
<arg>XK</arg>
<arg>YE</arg>
<arg>YT</arg>
<arg>ZA</arg>
<arg>ZM</arg>
<arg>ZW</arg>
<doc>Returns a list containing given items.</doc>
<status status="PASS" start="2024-05-29T02:31:15.443385" elapsed="0.000631"/>
</kw>
<kw name="List Should Contain Value" owner="Collections">
<msg time="2024-05-29T02:31:15.445054" level="INFO">False</msg>
<arg>${list_country}</arg>
<arg>${name_country}</arg>
<doc>Fails if the ``value`` is not found from ``list``.</doc>
<status status="PASS" start="2024-05-29T02:31:15.444843" elapsed="0.000249"/>
</kw>
<kw name="Run Keyword If" owner="BuiltIn">
<kw name="Should Be True" owner="BuiltIn">
<arg>${True}</arg>
<doc>Fails if the given condition is not true.</doc>
<status status="PASS" start="2024-05-29T02:31:15.446256" elapsed="0.000150"/>
</kw>
<arg>${json_data["results"][0]["location"]["coordinates"]["latitude"]} &gt;= -90 and ${json_data["results"][0]["location"]["coordinates"]["latitude"]} &lt;= 90</arg>
<arg>Should Be True</arg>
<arg>${True}</arg>
<doc>Runs the given keyword with the given arguments, if ``condition`` is true.</doc>
<status status="PASS" start="2024-05-29T02:31:15.445473" elapsed="0.001064"/>
</kw>
<kw name="Run Keyword If" owner="BuiltIn">
<kw name="Should Be True" owner="BuiltIn">
<arg>${True}</arg>
<doc>Fails if the given condition is not true.</doc>
<status status="PASS" start="2024-05-29T02:31:15.447429" elapsed="0.000140"/>
</kw>
<arg>${json_data["results"][0]["location"]["coordinates"]["longitude"]} &gt;= -180 and ${json_data["results"][0]["location"]["coordinates"]["longitude"]} &lt;= 180</arg>
<arg>Should Be True</arg>
<arg>${True}</arg>
<doc>Runs the given keyword with the given arguments, if ``condition`` is true.</doc>
<status status="PASS" start="2024-05-29T02:31:15.446725" elapsed="0.000971"/>
</kw>
<status status="PASS" start="2024-05-29T02:31:15.333672" elapsed="0.114157"/>
</kw>
<doc>Testa o conteúdo específico dos campos retornados pela API.</doc>
<tag>testeConteudo</tag>
<status status="PASS" start="2024-05-29T02:31:15.333013" elapsed="0.114966"/>
</test>
<status status="PASS" start="2024-05-29T02:31:14.455553" elapsed="0.994494"/>
</suite>
<status status="PASS" start="2024-05-29T02:31:14.441926" elapsed="1.013327"/>
</suite>
<statistics>
<total>
<stat pass="5" fail="0" skip="0">All Tests</stat>
</total>
<tag>
<stat pass="1" fail="0" skip="0">testeConteudo</stat>
<stat pass="1" fail="0" skip="0">testeEstruturaResposta</stat>
<stat pass="1" fail="0" skip="0">testeRequisicaoBasica</stat>
<stat pass="1" fail="0" skip="0">testeTiposDados</stat>
</tag>
<suite>
<stat pass="5" fail="0" skip="0" id="s1" name="Tests">Tests</stat>
<stat pass="5" fail="0" skip="0" id="s1-s1" name="Random-User-Test">Tests.Random-User-Test</stat>
</suite>
</statistics>
<errors>
</errors>
</robot>
