<?xml version="1.0" encoding="UTF-8"?>
<robot generator="Robot 7.0.1 (Python 3.12.4 on linux)" generated="2024-08-02T15:16:14.390541" rpa="false" schemaversion="5">
<suite id="s1" name="Tests" source="/home/runner/work/ApiRandomUser/ApiRandomUser/RamdonUser/tests">
<suite id="s1-s1" name="Random-User-Test" source="/home/runner/work/ApiRandomUser/ApiRandomUser/RamdonUser/tests/random-user-test.robot">
<test id="s1-s1-t1" name="Conectar" line="13">
<kw name="Conectar API" owner="random-user-service">
<kw name="Create Session" owner="RequestsLibrary">
<msg time="2024-08-02T15:16:14.798212" level="INFO">Creating Session using : alias=consultarAPI, url=https://randomuser.me/, headers={},                     cookies={}, auth=None, timeout=None, proxies=None, verify=False,                     debug=0 </msg>
<arg>consultarAPI</arg>
<arg>${URL}</arg>
<doc>Create Session: create a HTTP session to a server</doc>
<status status="PASS" start="2024-08-02T15:16:14.798019" elapsed="0.000362"/>
</kw>
<status status="PASS" start="2024-08-02T15:16:14.797018" elapsed="0.001715"/>
</kw>
<status status="PASS" start="2024-08-02T15:16:14.796472" elapsed="0.002454"/>
</test>
<test id="s1-s1-t2" name="Validar retorno 200 e JSON Válido" line="16">
<kw name="Teste de Requisicao Basica" owner="random-user-service">
<kw name="GET On Session" owner="RequestsLibrary">
<msg time="2024-08-02T15:16:15.701549" level="INFO">GET Request : url=https://randomuser.me/api 
 path_url=/api 
 headers={'User-Agent': 'python-requests/2.32.3', 'Accept-Encoding': 'gzip, deflate', 'Accept': '*/*', 'Connection': 'keep-alive'} 
 body=None 
 </msg>
<msg time="2024-08-02T15:16:15.701710" level="INFO">GET Response : url=https://randomuser.me/api 
 status=200, reason=OK 
 headers={'Date': 'Fri, 02 Aug 2024 15:16:15 GMT', 'Content-Type': 'application/json; charset=utf-8', 'Transfer-Encoding': 'chunked', 'Connection': 'keep-alive', 'X-Powered-By': 'Express', 'Access-Control-Allow-Origin': '*', 'Cache-Control': 'no-cache', 'ETag': 'W/"491-cCNFpYn2MQ+NxMIfrjkQF2xCKys"', 'Vary': 'Accept-Encoding', 'Content-Encoding': 'gzip', 'CF-Cache-Status': 'DYNAMIC', 'Report-To': '{"endpoints":[{"url":"https:\\/\\/a.nel.cloudflare.com\\/report\\/v4?s=I39zzGKcdR%2FtupcxAlSbWJArOOcvQw632wHPm08lLC7w2KH7kjHaDcw4VZB2Z7TumkhewwCNVgpFYB2%2Fx9bdGDI3%2FK87rdRfyxYVAl2I8MxYqGF8kWvYsTlr0UNwZTQ2"}],"group":"cf-nel","max_age":604800}', 'NEL': '{"success_fraction":0,"report_to":"cf-nel","max_age":604800}', 'Server': 'cloudflare', 'CF-RAY': '8acf0728bb9817da-SJC', 'alt-svc': 'h3=":443"; ma=86400'} 
 body={"results":[{"gender":"male","name":{"title":"Monsieur","first":"Gino","last":"Nguyen"},"location":{"street":{"number":3827,"name":"Quai Chauveau"},"city":"Rothenthurm","state":"Solothurn","country":"Switzerland","postcode":2645,"coordinates":{"latitude":"-62.8565","longitude":"-43.2459"},"timezone":{"offset":"+7:00","description":"Bangkok, Hanoi, Jakarta"}},"email":"gino.nguyen@example.com","login":{"uuid":"5bc65ba6-f157-47fd-a61c-29dc22e9f820","username":"bigpeacock232","password":"getsome","salt":"9gtEE91y","md5":"04fe497bc4e3a69d9988c150e03e452d","sha1":"1179c6f25e947a9b2b2ad682190682964e8a4cf3","sha256":"a99688d12ab1b341c2306dd8e6ee112dec700892fe9319fd55c3cd13c00ea2aa"},"dob":{"date":"1978-02-08T21:57:31.717Z","age":46},"registered":{"date":"2018-12-05T01:43:16.600Z","age":5},"phone":"075 859 51 03","cell":"078 462 09 35","id":{"name":"AVS","value":"756.5754.9617.24"},"picture":{"large":"https://randomuser.me/api/portraits/men/75.jpg","medium":"https://randomuser.me/api/portraits/med/men/75.jpg","thumbnail":"https://randomuser.me/api/portraits/thumb/men/75.jpg"},"nat":"CH"}],"info":{"seed":"37e1bc590858a42c","results":1,"page":1,"version":"1.4"}} 
 </msg>
<msg time="2024-08-02T15:16:15.701793" level="INFO">/opt/hostedtoolcache/Python/3.12.4/x64/lib/python3.12/site-packages/urllib3/connectionpool.py:1099: InsecureRequestWarning: Unverified HTTPS request is being made to host 'randomuser.me'. Adding certificate verification is strongly advised. See: https://urllib3.readthedocs.io/en/latest/advanced-usage.html#tls-warnings
  warnings.warn(</msg>
<msg time="2024-08-02T15:16:15.701943" level="INFO">${response} = &lt;Response [200]&gt;</msg>
<var>${response}</var>
<arg>consultarAPI</arg>
<arg>/api</arg>
<doc>Sends a GET request on a previously created HTTP Session.</doc>
<status status="PASS" start="2024-08-02T15:16:14.801545" elapsed="0.900444"/>
</kw>
<kw name="Should Be Equal As Numbers" owner="BuiltIn">
<msg time="2024-08-02T15:16:15.703207" level="INFO">Argument types are:
&lt;class 'int'&gt;
&lt;class 'str'&gt;</msg>
<arg>${response.status_code}</arg>
<arg>200</arg>
<doc>Fails if objects are unequal after converting them to real numbers.</doc>
<status status="PASS" start="2024-08-02T15:16:15.702665" elapsed="0.000608"/>
</kw>
<kw name="Log" owner="BuiltIn">
<msg time="2024-08-02T15:16:15.703937" level="INFO">200</msg>
<arg>${response.status_code}</arg>
<doc>Logs the given message with the given level.</doc>
<status status="PASS" start="2024-08-02T15:16:15.703593" elapsed="0.000386"/>
</kw>
<kw name="Set Variable" owner="BuiltIn">
<msg time="2024-08-02T15:16:15.704710" level="INFO">${json_data} = {'results': [{'gender': 'male', 'name': {'title': 'Monsieur', 'first': 'Gino', 'last': 'Nguyen'}, 'location': {'street': {'number': 3827, 'name': 'Quai Chauveau'}, 'city': 'Rothenthurm', 'state': 'Sol...</msg>
<var>${json_data}</var>
<arg>${response.json()}</arg>
<doc>Returns the given values which can then be assigned to a variables.</doc>
<status status="PASS" start="2024-08-02T15:16:15.704278" elapsed="0.000461"/>
</kw>
<kw name="Dictionary Should Contain Key" owner="Collections">
<arg>${json_data}</arg>
<arg>results</arg>
<doc>Fails if ``key`` is not found from ``dictionary``.</doc>
<status status="PASS" start="2024-08-02T15:16:15.705075" elapsed="0.000328"/>
</kw>
<status status="PASS" start="2024-08-02T15:16:14.801300" elapsed="0.904259"/>
</kw>
<doc>Testa se a API responde corretamente e retorna um objeto JSON válido.</doc>
<tag>testeRequisicaoBasica</tag>
<status status="PASS" start="2024-08-02T15:16:14.800795" elapsed="0.904939"/>
</test>
<test id="s1-s1-t3" name="Validar estrutura de resposta" line="22">
<kw name="Teste de Estrutura de Resposta" owner="random-user-service">
<kw name="GET On Session" owner="RequestsLibrary">
<msg time="2024-08-02T15:16:16.388259" level="INFO">GET Request : url=https://randomuser.me/api 
 path_url=/api 
 headers={'User-Agent': 'python-requests/2.32.3', 'Accept-Encoding': 'gzip, deflate', 'Accept': '*/*', 'Connection': 'keep-alive'} 
 body=None 
 </msg>
<msg time="2024-08-02T15:16:16.388387" level="INFO">GET Response : url=https://randomuser.me/api 
 status=200, reason=OK 
 headers={'Date': 'Fri, 02 Aug 2024 15:16:16 GMT', 'Content-Type': 'application/json; charset=utf-8', 'Transfer-Encoding': 'chunked', 'Connection': 'keep-alive', 'X-Powered-By': 'Express', 'Access-Control-Allow-Origin': '*', 'Cache-Control': 'no-cache', 'ETag': 'W/"4ac-fvMpiGS95l8OOz9D/U8PcELRNPM"', 'Vary': 'Accept-Encoding', 'Content-Encoding': 'gzip', 'CF-Cache-Status': 'DYNAMIC', 'Report-To': '{"endpoints":[{"url":"https:\\/\\/a.nel.cloudflare.com\\/report\\/v4?s=CRf%2FxCVbmsXjx%2FKImaZY7F23tdf%2FogNrF3LFb64ALLOdK0%2F4NZO1Rp2aFFmBjlhchBjHfqTuT0u45AbPZkOGdUPoOBJ1%2BAXyJWQOtIsABC0AU4p1%2FQnOvNAJY%2B4dzjyw"}],"group":"cf-nel","max_age":604800}', 'NEL': '{"success_fraction":0,"report_to":"cf-nel","max_age":604800}', 'Server': 'cloudflare', 'CF-RAY': '8acf072e38ed17da-SJC', 'alt-svc': 'h3=":443"; ma=86400'} 
 body={"results":[{"gender":"female","name":{"title":"Mrs","first":"Marcela","last":"Roque"},"location":{"street":{"number":2642,"name":"Calle Cadena"},"city":"General Ignacio Zaragoza","state":"Sonora","country":"Mexico","postcode":24586,"coordinates":{"latitude":"27.5122","longitude":"154.7852"},"timezone":{"offset":"+5:00","description":"Ekaterinburg, Islamabad, Karachi, Tashkent"}},"email":"marcela.roque@example.com","login":{"uuid":"9c7a425c-2865-4307-ba51-87cf3e664868","username":"biglion522","password":"elway7","salt":"FxwocESQ","md5":"e66a9b95421114e9eb6bb65cf49f5733","sha1":"09bc9a9000407379c619eeb13f62fd50dc9332af","sha256":"301deabcdda3bb47b22eade9dd177879fd3fa629ebb3b70fee88bd1b72e6f8e4"},"dob":{"date":"1988-03-18T16:52:54.195Z","age":36},"registered":{"date":"2021-04-27T05:41:33.789Z","age":3},"phone":"(684) 425 4573","cell":"(612) 822 3467","id":{"name":"NSS","value":"76 34 29 7696 7"},"picture":{"large":"https://randomuser.me/api/portraits/women/22.jpg","medium":"https://randomuser.me/api/portraits/med/women/22.jpg","thumbnail":"https://randomuser.me/api/portraits/thumb/women/22.jpg"},"nat":"MX"}],"info":{"seed":"8ea36ff965818eff","results":1,"page":1,"version":"1.4"}} 
 </msg>
<msg time="2024-08-02T15:16:16.388555" level="INFO">/opt/hostedtoolcache/Python/3.12.4/x64/lib/python3.12/site-packages/urllib3/connectionpool.py:1099: InsecureRequestWarning: Unverified HTTPS request is being made to host 'randomuser.me'. Adding certificate verification is strongly advised. See: https://urllib3.readthedocs.io/en/latest/advanced-usage.html#tls-warnings
  warnings.warn(</msg>
<msg time="2024-08-02T15:16:16.388701" level="INFO">${response} = &lt;Response [200]&gt;</msg>
<var>${response}</var>
<arg>consultarAPI</arg>
<arg>/api</arg>
<doc>Sends a GET request on a previously created HTTP Session.</doc>
<status status="PASS" start="2024-08-02T15:16:15.708401" elapsed="0.680340"/>
</kw>
<kw name="Set Variable" owner="BuiltIn">
<msg time="2024-08-02T15:16:16.390120" level="INFO">${json_data} = {'results': [{'gender': 'female', 'name': {'title': 'Mrs', 'first': 'Marcela', 'last': 'Roque'}, 'location': {'street': {'number': 2642, 'name': 'Calle Cadena'}, 'city': 'General Ignacio Zaragoza', 's...</msg>
<var>${json_data}</var>
<arg>${response.json()}</arg>
<doc>Returns the given values which can then be assigned to a variables.</doc>
<status status="PASS" start="2024-08-02T15:16:16.389469" elapsed="0.000680"/>
</kw>
<kw name="Log" owner="BuiltIn">
<msg time="2024-08-02T15:16:16.390623" level="INFO">{'results': [{'gender': 'female', 'name': {'title': 'Mrs', 'first': 'Marcela', 'last': 'Roque'}, 'location': {'street': {'number': 2642, 'name': 'Calle Cadena'}, 'city': 'General Ignacio Zaragoza', 'state': 'Sonora', 'country': 'Mexico', 'postcode': 24586, 'coordinates': {'latitude': '27.5122', 'longitude': '154.7852'}, 'timezone': {'offset': '+5:00', 'description': 'Ekaterinburg, Islamabad, Karachi, Tashkent'}}, 'email': 'marcela.roque@example.com', 'login': {'uuid': '9c7a425c-2865-4307-ba51-87cf3e664868', 'username': 'biglion522', 'password': 'elway7', 'salt': 'FxwocESQ', 'md5': 'e66a9b95421114e9eb6bb65cf49f5733', 'sha1': '09bc9a9000407379c619eeb13f62fd50dc9332af', 'sha256': '301deabcdda3bb47b22eade9dd177879fd3fa629ebb3b70fee88bd1b72e6f8e4'}, 'dob': {'date': '1988-03-18T16:52:54.195Z', 'age': 36}, 'registered': {'date': '2021-04-27T05:41:33.789Z', 'age': 3}, 'phone': '(684) 425 4573', 'cell': '(612) 822 3467', 'id': {'name': 'NSS', 'value': '76 34 29 7696 7'}, 'picture': {'large': 'https://randomuser.me/api/portraits/women/22.jpg', 'medium': 'https://randomuser.me/api/portraits/med/women/22.jpg', 'thumbnail': 'https://randomuser.me/api/portraits/thumb/women/22.jpg'}, 'nat': 'MX'}], 'info': {'seed': '8ea36ff965818eff', 'results': 1, 'page': 1, 'version': '1.4'}}</msg>
<arg>${json_data}</arg>
<doc>Logs the given message with the given level.</doc>
<status status="PASS" start="2024-08-02T15:16:16.390459" elapsed="0.000216"/>
</kw>
<kw name="Dictionary Should Contain Key" owner="Collections">
<arg>${json_data}</arg>
<arg>results</arg>
<doc>Fails if ``key`` is not found from ``dictionary``.</doc>
<status status="PASS" start="2024-08-02T15:16:16.390967" elapsed="0.000168"/>
</kw>
<kw name="Should Not Be Empty" owner="BuiltIn">
<msg time="2024-08-02T15:16:16.391441" level="INFO">Length is 2.</msg>
<arg>${json_data}</arg>
<doc>Verifies that the given item is not empty.</doc>
<status status="PASS" start="2024-08-02T15:16:16.391318" elapsed="0.000160"/>
</kw>
<kw name="Create List" owner="BuiltIn">
<msg time="2024-08-02T15:16:16.391921" level="INFO">${expected_keys} = ['gender', 'name', 'location', 'email', 'login']</msg>
<var>${expected_keys}</var>
<arg>gender</arg>
<arg>name</arg>
<arg>location</arg>
<arg>email</arg>
<arg>login</arg>
<doc>Returns a list containing given items.</doc>
<status status="PASS" start="2024-08-02T15:16:16.391767" elapsed="0.000178"/>
</kw>
<for flavor="IN">
<iter>
<kw name="Dictionary Should Contain Key" owner="Collections">
<arg>${json_data['results'][0]}</arg>
<arg>${key}</arg>
<doc>Fails if ``key`` is not found from ``dictionary``.</doc>
<status status="PASS" start="2024-08-02T15:16:16.392544" elapsed="0.000399"/>
</kw>
<kw name="Log" owner="BuiltIn">
<msg time="2024-08-02T15:16:16.393546" level="INFO">{'gender': 'female', 'name': {'title': 'Mrs', 'first': 'Marcela', 'last': 'Roque'}, 'location': {'street': {'number': 2642, 'name': 'Calle Cadena'}, 'city': 'General Ignacio Zaragoza', 'state': 'Sonora', 'country': 'Mexico', 'postcode': 24586, 'coordinates': {'latitude': '27.5122', 'longitude': '154.7852'}, 'timezone': {'offset': '+5:00', 'description': 'Ekaterinburg, Islamabad, Karachi, Tashkent'}}, 'email': 'marcela.roque@example.com', 'login': {'uuid': '9c7a425c-2865-4307-ba51-87cf3e664868', 'username': 'biglion522', 'password': 'elway7', 'salt': 'FxwocESQ', 'md5': 'e66a9b95421114e9eb6bb65cf49f5733', 'sha1': '09bc9a9000407379c619eeb13f62fd50dc9332af', 'sha256': '301deabcdda3bb47b22eade9dd177879fd3fa629ebb3b70fee88bd1b72e6f8e4'}, 'dob': {'date': '1988-03-18T16:52:54.195Z', 'age': 36}, 'registered': {'date': '2021-04-27T05:41:33.789Z', 'age': 3}, 'phone': '(684) 425 4573', 'cell': '(612) 822 3467', 'id': {'name': 'NSS', 'value': '76 34 29 7696 7'}, 'picture': {'large': 'https://randomuser.me/api/portraits/women/22.jpg', 'medium': 'https://randomuser.me/api/portraits/med/women/22.jpg', 'thumbnail': 'https://randomuser.me/api/portraits/thumb/women/22.jpg'}, 'nat': 'MX'}</msg>
<arg>${json_data['results'][0]}</arg>
<doc>Logs the given message with the given level.</doc>
<status status="PASS" start="2024-08-02T15:16:16.393183" elapsed="0.000411"/>
</kw>
<kw name="Log" owner="BuiltIn">
<msg time="2024-08-02T15:16:16.394018" level="INFO">gender</msg>
<arg>${key}</arg>
<doc>Logs the given message with the given level.</doc>
<status status="PASS" start="2024-08-02T15:16:16.393889" elapsed="0.000167"/>
</kw>
<var name="${key}">gender</var>
<status status="PASS" start="2024-08-02T15:16:16.392417" elapsed="0.001878"/>
</iter>
<iter>
<kw name="Dictionary Should Contain Key" owner="Collections">
<arg>${json_data['results'][0]}</arg>
<arg>${key}</arg>
<doc>Fails if ``key`` is not found from ``dictionary``.</doc>
<status status="PASS" start="2024-08-02T15:16:16.394603" elapsed="0.000391"/>
</kw>
<kw name="Log" owner="BuiltIn">
<msg time="2024-08-02T15:16:16.395571" level="INFO">{'gender': 'female', 'name': {'title': 'Mrs', 'first': 'Marcela', 'last': 'Roque'}, 'location': {'street': {'number': 2642, 'name': 'Calle Cadena'}, 'city': 'General Ignacio Zaragoza', 'state': 'Sonora', 'country': 'Mexico', 'postcode': 24586, 'coordinates': {'latitude': '27.5122', 'longitude': '154.7852'}, 'timezone': {'offset': '+5:00', 'description': 'Ekaterinburg, Islamabad, Karachi, Tashkent'}}, 'email': 'marcela.roque@example.com', 'login': {'uuid': '9c7a425c-2865-4307-ba51-87cf3e664868', 'username': 'biglion522', 'password': 'elway7', 'salt': 'FxwocESQ', 'md5': 'e66a9b95421114e9eb6bb65cf49f5733', 'sha1': '09bc9a9000407379c619eeb13f62fd50dc9332af', 'sha256': '301deabcdda3bb47b22eade9dd177879fd3fa629ebb3b70fee88bd1b72e6f8e4'}, 'dob': {'date': '1988-03-18T16:52:54.195Z', 'age': 36}, 'registered': {'date': '2021-04-27T05:41:33.789Z', 'age': 3}, 'phone': '(684) 425 4573', 'cell': '(612) 822 3467', 'id': {'name': 'NSS', 'value': '76 34 29 7696 7'}, 'picture': {'large': 'https://randomuser.me/api/portraits/women/22.jpg', 'medium': 'https://randomuser.me/api/portraits/med/women/22.jpg', 'thumbnail': 'https://randomuser.me/api/portraits/thumb/women/22.jpg'}, 'nat': 'MX'}</msg>
<arg>${json_data['results'][0]}</arg>
<doc>Logs the given message with the given level.</doc>
<status status="PASS" start="2024-08-02T15:16:16.395209" elapsed="0.000409"/>
</kw>
<kw name="Log" owner="BuiltIn">
<msg time="2024-08-02T15:16:16.396054" level="INFO">name</msg>
<arg>${key}</arg>
<doc>Logs the given message with the given level.</doc>
<status status="PASS" start="2024-08-02T15:16:16.395924" elapsed="0.000167"/>
</kw>
<var name="${key}">name</var>
<status status="PASS" start="2024-08-02T15:16:16.394492" elapsed="0.001817"/>
</iter>
<iter>
<kw name="Dictionary Should Contain Key" owner="Collections">
<arg>${json_data['results'][0]}</arg>
<arg>${key}</arg>
<doc>Fails if ``key`` is not found from ``dictionary``.</doc>
<status status="PASS" start="2024-08-02T15:16:16.396591" elapsed="0.000408"/>
</kw>
<kw name="Log" owner="BuiltIn">
<msg time="2024-08-02T15:16:16.397566" level="INFO">{'gender': 'female', 'name': {'title': 'Mrs', 'first': 'Marcela', 'last': 'Roque'}, 'location': {'street': {'number': 2642, 'name': 'Calle Cadena'}, 'city': 'General Ignacio Zaragoza', 'state': 'Sonora', 'country': 'Mexico', 'postcode': 24586, 'coordinates': {'latitude': '27.5122', 'longitude': '154.7852'}, 'timezone': {'offset': '+5:00', 'description': 'Ekaterinburg, Islamabad, Karachi, Tashkent'}}, 'email': 'marcela.roque@example.com', 'login': {'uuid': '9c7a425c-2865-4307-ba51-87cf3e664868', 'username': 'biglion522', 'password': 'elway7', 'salt': 'FxwocESQ', 'md5': 'e66a9b95421114e9eb6bb65cf49f5733', 'sha1': '09bc9a9000407379c619eeb13f62fd50dc9332af', 'sha256': '301deabcdda3bb47b22eade9dd177879fd3fa629ebb3b70fee88bd1b72e6f8e4'}, 'dob': {'date': '1988-03-18T16:52:54.195Z', 'age': 36}, 'registered': {'date': '2021-04-27T05:41:33.789Z', 'age': 3}, 'phone': '(684) 425 4573', 'cell': '(612) 822 3467', 'id': {'name': 'NSS', 'value': '76 34 29 7696 7'}, 'picture': {'large': 'https://randomuser.me/api/portraits/women/22.jpg', 'medium': 'https://randomuser.me/api/portraits/med/women/22.jpg', 'thumbnail': 'https://randomuser.me/api/portraits/thumb/women/22.jpg'}, 'nat': 'MX'}</msg>
<arg>${json_data['results'][0]}</arg>
<doc>Logs the given message with the given level.</doc>
<status status="PASS" start="2024-08-02T15:16:16.397206" elapsed="0.000408"/>
</kw>
<kw name="Log" owner="BuiltIn">
<msg time="2024-08-02T15:16:16.398042" level="INFO">location</msg>
<arg>${key}</arg>
<doc>Logs the given message with the given level.</doc>
<status status="PASS" start="2024-08-02T15:16:16.397913" elapsed="0.000166"/>
</kw>
<var name="${key}">location</var>
<status status="PASS" start="2024-08-02T15:16:16.396483" elapsed="0.001812"/>
</iter>
<iter>
<kw name="Dictionary Should Contain Key" owner="Collections">
<arg>${json_data['results'][0]}</arg>
<arg>${key}</arg>
<doc>Fails if ``key`` is not found from ``dictionary``.</doc>
<status status="PASS" start="2024-08-02T15:16:16.398583" elapsed="0.000374"/>
</kw>
<kw name="Log" owner="BuiltIn">
<msg time="2024-08-02T15:16:16.399612" level="INFO">{'gender': 'female', 'name': {'title': 'Mrs', 'first': 'Marcela', 'last': 'Roque'}, 'location': {'street': {'number': 2642, 'name': 'Calle Cadena'}, 'city': 'General Ignacio Zaragoza', 'state': 'Sonora', 'country': 'Mexico', 'postcode': 24586, 'coordinates': {'latitude': '27.5122', 'longitude': '154.7852'}, 'timezone': {'offset': '+5:00', 'description': 'Ekaterinburg, Islamabad, Karachi, Tashkent'}}, 'email': 'marcela.roque@example.com', 'login': {'uuid': '9c7a425c-2865-4307-ba51-87cf3e664868', 'username': 'biglion522', 'password': 'elway7', 'salt': 'FxwocESQ', 'md5': 'e66a9b95421114e9eb6bb65cf49f5733', 'sha1': '09bc9a9000407379c619eeb13f62fd50dc9332af', 'sha256': '301deabcdda3bb47b22eade9dd177879fd3fa629ebb3b70fee88bd1b72e6f8e4'}, 'dob': {'date': '1988-03-18T16:52:54.195Z', 'age': 36}, 'registered': {'date': '2021-04-27T05:41:33.789Z', 'age': 3}, 'phone': '(684) 425 4573', 'cell': '(612) 822 3467', 'id': {'name': 'NSS', 'value': '76 34 29 7696 7'}, 'picture': {'large': 'https://randomuser.me/api/portraits/women/22.jpg', 'medium': 'https://randomuser.me/api/portraits/med/women/22.jpg', 'thumbnail': 'https://randomuser.me/api/portraits/thumb/women/22.jpg'}, 'nat': 'MX'}</msg>
<arg>${json_data['results'][0]}</arg>
<doc>Logs the given message with the given level.</doc>
<status status="PASS" start="2024-08-02T15:16:16.399262" elapsed="0.000397"/>
</kw>
<kw name="Log" owner="BuiltIn">
<msg time="2024-08-02T15:16:16.400083" level="INFO">email</msg>
<arg>${key}</arg>
<doc>Logs the given message with the given level.</doc>
<status status="PASS" start="2024-08-02T15:16:16.399953" elapsed="0.000168"/>
</kw>
<var name="${key}">email</var>
<status status="PASS" start="2024-08-02T15:16:16.398467" elapsed="0.001870"/>
</iter>
<iter>
<kw name="Dictionary Should Contain Key" owner="Collections">
<arg>${json_data['results'][0]}</arg>
<arg>${key}</arg>
<doc>Fails if ``key`` is not found from ``dictionary``.</doc>
<status status="PASS" start="2024-08-02T15:16:16.400619" elapsed="0.000418"/>
</kw>
<kw name="Log" owner="BuiltIn">
<msg time="2024-08-02T15:16:16.401586" level="INFO">{'gender': 'female', 'name': {'title': 'Mrs', 'first': 'Marcela', 'last': 'Roque'}, 'location': {'street': {'number': 2642, 'name': 'Calle Cadena'}, 'city': 'General Ignacio Zaragoza', 'state': 'Sonora', 'country': 'Mexico', 'postcode': 24586, 'coordinates': {'latitude': '27.5122', 'longitude': '154.7852'}, 'timezone': {'offset': '+5:00', 'description': 'Ekaterinburg, Islamabad, Karachi, Tashkent'}}, 'email': 'marcela.roque@example.com', 'login': {'uuid': '9c7a425c-2865-4307-ba51-87cf3e664868', 'username': 'biglion522', 'password': 'elway7', 'salt': 'FxwocESQ', 'md5': 'e66a9b95421114e9eb6bb65cf49f5733', 'sha1': '09bc9a9000407379c619eeb13f62fd50dc9332af', 'sha256': '301deabcdda3bb47b22eade9dd177879fd3fa629ebb3b70fee88bd1b72e6f8e4'}, 'dob': {'date': '1988-03-18T16:52:54.195Z', 'age': 36}, 'registered': {'date': '2021-04-27T05:41:33.789Z', 'age': 3}, 'phone': '(684) 425 4573', 'cell': '(612) 822 3467', 'id': {'name': 'NSS', 'value': '76 34 29 7696 7'}, 'picture': {'large': 'https://randomuser.me/api/portraits/women/22.jpg', 'medium': 'https://randomuser.me/api/portraits/med/women/22.jpg', 'thumbnail': 'https://randomuser.me/api/portraits/thumb/women/22.jpg'}, 'nat': 'MX'}</msg>
<arg>${json_data['results'][0]}</arg>
<doc>Logs the given message with the given level.</doc>
<status status="PASS" start="2024-08-02T15:16:16.401229" elapsed="0.000403"/>
</kw>
<kw name="Log" owner="BuiltIn">
<msg time="2024-08-02T15:16:16.402049" level="INFO">login</msg>
<arg>${key}</arg>
<doc>Logs the given message with the given level.</doc>
<status status="PASS" start="2024-08-02T15:16:16.401922" elapsed="0.000164"/>
</kw>
<var name="${key}">login</var>
<status status="PASS" start="2024-08-02T15:16:16.400512" elapsed="0.001803"/>
</iter>
<var>${key}</var>
<value>@{expected_keys}</value>
<status status="PASS" start="2024-08-02T15:16:16.392215" elapsed="0.010246"/>
</for>
<kw name="Create List" owner="BuiltIn">
<msg time="2024-08-02T15:16:16.402794" level="INFO">${expected_keysTwo} = ['username', 'password']</msg>
<var>${expected_keysTwo}</var>
<arg>username</arg>
<arg>password</arg>
<doc>Returns a list containing given items.</doc>
<status status="PASS" start="2024-08-02T15:16:16.402660" elapsed="0.000158"/>
</kw>
<for flavor="IN">
<iter>
<kw name="Dictionary Should Contain Key" owner="Collections">
<arg>${json_data['results'][0]['login']}</arg>
<arg>${keyTwo}</arg>
<doc>Fails if ``key`` is not found from ``dictionary``.</doc>
<status status="PASS" start="2024-08-02T15:16:16.403309" elapsed="0.000378"/>
</kw>
<kw name="Dictionary Should Contain Key" owner="Collections">
<arg>${json_data['results'][0]['login']}</arg>
<arg>${keyTwo}</arg>
<doc>Fails if ``key`` is not found from ``dictionary``.</doc>
<status status="PASS" start="2024-08-02T15:16:16.403866" elapsed="0.000371"/>
</kw>
<kw name="Log" owner="BuiltIn">
<msg time="2024-08-02T15:16:16.404540" level="INFO">username</msg>
<arg>${keyTwo}</arg>
<doc>Logs the given message with the given level.</doc>
<status status="PASS" start="2024-08-02T15:16:16.404420" elapsed="0.000156"/>
</kw>
<var name="${keyTwo}">username</var>
<status status="PASS" start="2024-08-02T15:16:16.403204" elapsed="0.001593"/>
</iter>
<iter>
<kw name="Dictionary Should Contain Key" owner="Collections">
<arg>${json_data['results'][0]['login']}</arg>
<arg>${keyTwo}</arg>
<doc>Fails if ``key`` is not found from ``dictionary``.</doc>
<status status="PASS" start="2024-08-02T15:16:16.405116" elapsed="0.000391"/>
</kw>
<kw name="Dictionary Should Contain Key" owner="Collections">
<arg>${json_data['results'][0]['login']}</arg>
<arg>${keyTwo}</arg>
<doc>Fails if ``key`` is not found from ``dictionary``.</doc>
<status status="PASS" start="2024-08-02T15:16:16.405691" elapsed="0.000367"/>
</kw>
<kw name="Log" owner="BuiltIn">
<msg time="2024-08-02T15:16:16.406357" level="INFO">password</msg>
<arg>${keyTwo}</arg>
<doc>Logs the given message with the given level.</doc>
<status status="PASS" start="2024-08-02T15:16:16.406233" elapsed="0.000162"/>
</kw>
<var name="${keyTwo}">password</var>
<status status="PASS" start="2024-08-02T15:16:16.404967" elapsed="0.001650"/>
</iter>
<var>${keyTwo}</var>
<value>@{expected_keysTwo}</value>
<status status="PASS" start="2024-08-02T15:16:16.403052" elapsed="0.003686"/>
</for>
<status status="PASS" start="2024-08-02T15:16:15.708164" elapsed="0.698716"/>
</kw>
<doc>Testa a estrutura da resposta da API.</doc>
<tag>testeEstruturaResposta</tag>
<status status="PASS" start="2024-08-02T15:16:15.707569" elapsed="0.699471"/>
</test>
<test id="s1-s1-t4" name="Validar tipos de dados" line="28">
<kw name="Teste de Tipos de Dados" owner="random-user-service">
<kw name="GET On Session" owner="RequestsLibrary">
<msg time="2024-08-02T15:16:17.138291" level="INFO">GET Request : url=https://randomuser.me/api 
 path_url=/api 
 headers={'User-Agent': 'python-requests/2.32.3', 'Accept-Encoding': 'gzip, deflate', 'Accept': '*/*', 'Connection': 'keep-alive'} 
 body=None 
 </msg>
<msg time="2024-08-02T15:16:17.138392" level="INFO">GET Response : url=https://randomuser.me/api 
 status=200, reason=OK 
 headers={'Date': 'Fri, 02 Aug 2024 15:16:17 GMT', 'Content-Type': 'application/json; charset=utf-8', 'Transfer-Encoding': 'chunked', 'Connection': 'keep-alive', 'X-Powered-By': 'Express', 'Access-Control-Allow-Origin': '*', 'Cache-Control': 'no-cache', 'ETag': 'W/"4a0-wQfraPuNxZcIi5hUfGcz30mTIR8"', 'Vary': 'Accept-Encoding', 'Content-Encoding': 'gzip', 'CF-Cache-Status': 'DYNAMIC', 'Report-To': '{"endpoints":[{"url":"https:\\/\\/a.nel.cloudflare.com\\/report\\/v4?s=ta%2B5gAdy%2BEK5zvg44ei%2BsENSqslh%2F9TeORGsZl0ONB9fvkDItOLXC7%2F%2F1gyiCioE6xsApxHHo6VyRypkZcsc4pz5EPKXF6B4TK8DLedUP%2BhjYwzB0NWsawPgVPvZVHIw"}],"group":"cf-nel","max_age":604800}', 'NEL': '{"success_fraction":0,"report_to":"cf-nel","max_age":604800}', 'Server': 'cloudflare', 'CF-RAY': '8acf07329d1f17da-SJC', 'alt-svc': 'h3=":443"; ma=86400'} 
 body={"results":[{"gender":"female","name":{"title":"Ms","first":"Lumi","last":"Kallio"},"location":{"street":{"number":7082,"name":"Suvantokatu"},"city":"Humppila","state":"Southern Ostrobothnia","country":"Finland","postcode":21446,"coordinates":{"latitude":"-26.2912","longitude":"46.1765"},"timezone":{"offset":"+1:00","description":"Brussels, Copenhagen, Madrid, Paris"}},"email":"lumi.kallio@example.com","login":{"uuid":"83c7bd1b-23aa-4cda-a6cf-7aa500bda77a","username":"whiteladybug710","password":"roger1","salt":"nPPVZOjx","md5":"32b60f46682f74eb6a463920b6a8f065","sha1":"737e13c5b2934efbb22d126acc8aeb90bb94f2d7","sha256":"ae5572bc49b7e1a9ef8866e6f1872038ed6d863bbb260d8578cbaa09044361ed"},"dob":{"date":"1981-12-28T10:05:02.791Z","age":42},"registered":{"date":"2008-10-01T12:42:00.560Z","age":15},"phone":"02-686-446","cell":"049-045-05-25","id":{"name":"HETU","value":"NaNNA182undefined"},"picture":{"large":"https://randomuser.me/api/portraits/women/4.jpg","medium":"https://randomuser.me/api/portraits/med/women/4.jpg","thumbnail":"https://randomuser.me/api/portraits/thumb/women/4.jpg"},"nat":"FI"}],"info":{"seed":"c981a00637cdbb1f","results":1,"page":1,"version":"1.4"}} 
 </msg>
<msg time="2024-08-02T15:16:17.138467" level="INFO">/opt/hostedtoolcache/Python/3.12.4/x64/lib/python3.12/site-packages/urllib3/connectionpool.py:1099: InsecureRequestWarning: Unverified HTTPS request is being made to host 'randomuser.me'. Adding certificate verification is strongly advised. See: https://urllib3.readthedocs.io/en/latest/advanced-usage.html#tls-warnings
  warnings.warn(</msg>
<msg time="2024-08-02T15:16:17.138596" level="INFO">${response} = &lt;Response [200]&gt;</msg>
<var>${response}</var>
<arg>consultarAPI</arg>
<arg>/api</arg>
<doc>Sends a GET request on a previously created HTTP Session.</doc>
<status status="PASS" start="2024-08-02T15:16:16.409606" elapsed="0.729030"/>
</kw>
<kw name="Set Variable" owner="BuiltIn">
<msg time="2024-08-02T15:16:17.139931" level="INFO">${json_data} = {'results': [{'gender': 'female', 'name': {'title': 'Ms', 'first': 'Lumi', 'last': 'Kallio'}, 'location': {'street': {'number': 7082, 'name': 'Suvantokatu'}, 'city': 'Humppila', 'state': 'Southern Ost...</msg>
<var>${json_data}</var>
<arg>${response.json()}</arg>
<doc>Returns the given values which can then be assigned to a variables.</doc>
<status status="PASS" start="2024-08-02T15:16:17.139328" elapsed="0.000631"/>
</kw>
<kw name="Log" owner="BuiltIn">
<msg time="2024-08-02T15:16:17.140432" level="INFO">{'results': [{'gender': 'female', 'name': {'title': 'Ms', 'first': 'Lumi', 'last': 'Kallio'}, 'location': {'street': {'number': 7082, 'name': 'Suvantokatu'}, 'city': 'Humppila', 'state': 'Southern Ostrobothnia', 'country': 'Finland', 'postcode': 21446, 'coordinates': {'latitude': '-26.2912', 'longitude': '46.1765'}, 'timezone': {'offset': '+1:00', 'description': 'Brussels, Copenhagen, Madrid, Paris'}}, 'email': 'lumi.kallio@example.com', 'login': {'uuid': '83c7bd1b-23aa-4cda-a6cf-7aa500bda77a', 'username': 'whiteladybug710', 'password': 'roger1', 'salt': 'nPPVZOjx', 'md5': '32b60f46682f74eb6a463920b6a8f065', 'sha1': '737e13c5b2934efbb22d126acc8aeb90bb94f2d7', 'sha256': 'ae5572bc49b7e1a9ef8866e6f1872038ed6d863bbb260d8578cbaa09044361ed'}, 'dob': {'date': '1981-12-28T10:05:02.791Z', 'age': 42}, 'registered': {'date': '2008-10-01T12:42:00.560Z', 'age': 15}, 'phone': '02-686-446', 'cell': '049-045-05-25', 'id': {'name': 'HETU', 'value': 'NaNNA182undefined'}, 'picture': {'large': 'https://randomuser.me/api/portraits/women/4.jpg', 'medium': 'https://randomuser.me/api/portraits/med/women/4.jpg', 'thumbnail': 'https://randomuser.me/api/portraits/thumb/women/4.jpg'}, 'nat': 'FI'}], 'info': {'seed': 'c981a00637cdbb1f', 'results': 1, 'page': 1, 'version': '1.4'}}</msg>
<arg>${json_data}</arg>
<doc>Logs the given message with the given level.</doc>
<status status="PASS" start="2024-08-02T15:16:17.140275" elapsed="0.000205"/>
</kw>
<kw name="Should Be String" owner="String">
<arg>${json_data['results'][0]['gender']}</arg>
<doc>Fails if the given ``item`` is not a string.</doc>
<status status="PASS" start="2024-08-02T15:16:17.140803" elapsed="0.000404"/>
</kw>
<kw name="Should Match Regexp" owner="BuiltIn">
<arg>${json_data['results'][0]['email']}</arg>
<arg>^[a-zA-Z0-9._%+-]+@[a-zA-Z0-9.-]+\.[a-zA-Z]{2,}$</arg>
<doc>Fails if ``string`` does not match ``pattern`` as a regular expression.</doc>
<status status="PASS" start="2024-08-02T15:16:17.141397" elapsed="0.000513"/>
</kw>
<kw name="Should Match Regexp" owner="BuiltIn">
<arg>${json_data['results'][0]['dob']['date']}</arg>
<arg>\\d{4}-\\d{2}-\\d{2}T\\d{2}:\\d{2}:\\d{2}\\.\\d{3}Z</arg>
<doc>Fails if ``string`` does not match ``pattern`` as a regular expression.</doc>
<status status="PASS" start="2024-08-02T15:16:17.142103" elapsed="0.000664"/>
</kw>
<kw name="Should Match Regexp" owner="BuiltIn">
<arg>${json_data['results'][0]['registered']['date']}</arg>
<arg>\\d{4}-\\d{2}-\\d{2}T\\d{2}:\\d{2}:\\d{2}\\.\\d{3}Z</arg>
<doc>Fails if ``string`` does not match ``pattern`` as a regular expression.</doc>
<status status="PASS" start="2024-08-02T15:16:17.142961" elapsed="0.000380"/>
</kw>
<kw name="Should Match Regexp" owner="BuiltIn">
<arg>${json_data['results'][0]['picture']['large']}</arg>
<arg>^https?://.*\.(?:png|jpe?g|gif|bmp)$</arg>
<doc>Fails if ``string`` does not match ``pattern`` as a regular expression.</doc>
<status status="PASS" start="2024-08-02T15:16:17.143558" elapsed="0.000468"/>
</kw>
<kw name="Should Match Regexp" owner="BuiltIn">
<arg>${json_data['results'][0]['picture']['medium']}</arg>
<arg>^https?://.*\.(?:png|jpe?g|gif|bmp)$</arg>
<doc>Fails if ``string`` does not match ``pattern`` as a regular expression.</doc>
<status status="PASS" start="2024-08-02T15:16:17.144230" elapsed="0.000405"/>
</kw>
<kw name="Should Match Regexp" owner="BuiltIn">
<arg>${json_data['results'][0]['picture']['thumbnail']}</arg>
<arg>^https?://.*\.(?:png|jpe?g|gif|bmp)$</arg>
<doc>Fails if ``string`` does not match ``pattern`` as a regular expression.</doc>
<status status="PASS" start="2024-08-02T15:16:17.144820" elapsed="0.000392"/>
</kw>
<kw name="Log" owner="BuiltIn">
<msg time="2024-08-02T15:16:17.145716" level="INFO">{'large': 'https://randomuser.me/api/portraits/women/4.jpg', 'medium': 'https://randomuser.me/api/portraits/med/women/4.jpg', 'thumbnail': 'https://randomuser.me/api/portraits/thumb/women/4.jpg'}</msg>
<arg>${json_data['results'][0]['picture']}</arg>
<doc>Logs the given message with the given level.</doc>
<status status="PASS" start="2024-08-02T15:16:17.145392" elapsed="0.000366"/>
</kw>
<status status="PASS" start="2024-08-02T15:16:16.409379" elapsed="0.736639"/>
</kw>
<kw name="Teste de Tipos de Dados - Postcode" owner="random-user-service">
<kw name="GET On Session" owner="RequestsLibrary">
<msg time="2024-08-02T15:16:17.584735" level="INFO">GET Request : url=https://randomuser.me/api 
 path_url=/api 
 headers={'User-Agent': 'python-requests/2.32.3', 'Accept-Encoding': 'gzip, deflate', 'Accept': '*/*', 'Connection': 'keep-alive'} 
 body=None 
 </msg>
<msg time="2024-08-02T15:16:17.584834" level="INFO">GET Response : url=https://randomuser.me/api 
 status=200, reason=OK 
 headers={'Date': 'Fri, 02 Aug 2024 15:16:17 GMT', 'Content-Type': 'application/json; charset=utf-8', 'Transfer-Encoding': 'chunked', 'Connection': 'keep-alive', 'X-Powered-By': 'Express', 'Access-Control-Allow-Origin': '*', 'Cache-Control': 'no-cache', 'ETag': 'W/"496-YgHiez5+8fFexPd3u0uFF0nvqaE"', 'Vary': 'Accept-Encoding', 'Content-Encoding': 'gzip', 'CF-Cache-Status': 'DYNAMIC', 'Report-To': '{"endpoints":[{"url":"https:\\/\\/a.nel.cloudflare.com\\/report\\/v4?s=KHt5fwXo0X1%2B363V0EWGR1S3UZEcNCl1XMzpzo9M44AAeUYyEblj1a4iz8IM0ifAX0AVwXy7bbc30HRWqEJB6T9RNNoKFnhTjyNc2D9Cj9%2BVoucw6y%2F5T6xfDLjHdyG4"}],"group":"cf-nel","max_age":604800}', 'NEL': '{"success_fraction":0,"report_to":"cf-nel","max_age":604800}', 'Server': 'cloudflare', 'CF-RAY': '8acf07372a0d17da-SJC', 'alt-svc': 'h3=":443"; ma=86400'} 
 body={"results":[{"gender":"male","name":{"title":"Mr","first":"Kalpit","last":"Saldanha"},"location":{"street":{"number":9595,"name":"Jagadamba Centre"},"city":"Pudukkottai","state":"Jammu and Kashmir","country":"India","postcode":99575,"coordinates":{"latitude":"12.3372","longitude":"-136.3359"},"timezone":{"offset":"-1:00","description":"Azores, Cape Verde Islands"}},"email":"kalpit.saldanha@example.com","login":{"uuid":"8c6f5b6f-3c99-4329-8c33-b2f91e284191","username":"blueelephant734","password":"secrets","salt":"mXKMoiLV","md5":"f94414effff82664bba62d0e49d55e80","sha1":"c672616373f27aa7be1c26cf865d30e88b58867d","sha256":"b69fe0545acca914d165bef3d9a7ab676efc283362c0bb325c138f6bd5c77acc"},"dob":{"date":"1952-09-23T12:20:15.258Z","age":71},"registered":{"date":"2022-02-14T12:27:51.800Z","age":2},"phone":"7815216035","cell":"7093293408","id":{"name":"UIDAI","value":"077937397855"},"picture":{"large":"https://randomuser.me/api/portraits/men/58.jpg","medium":"https://randomuser.me/api/portraits/med/men/58.jpg","thumbnail":"https://randomuser.me/api/portraits/thumb/men/58.jpg"},"nat":"IN"}],"info":{"seed":"0b416f9e29817d23","results":1,"page":1,"version":"1.4"}} 
 </msg>
<msg time="2024-08-02T15:16:17.584902" level="INFO">/opt/hostedtoolcache/Python/3.12.4/x64/lib/python3.12/site-packages/urllib3/connectionpool.py:1099: InsecureRequestWarning: Unverified HTTPS request is being made to host 'randomuser.me'. Adding certificate verification is strongly advised. See: https://urllib3.readthedocs.io/en/latest/advanced-usage.html#tls-warnings
  warnings.warn(</msg>
<msg time="2024-08-02T15:16:17.585050" level="INFO">${response} = &lt;Response [200]&gt;</msg>
<var>${response}</var>
<arg>consultarAPI</arg>
<arg>/api</arg>
<doc>Sends a GET request on a previously created HTTP Session.</doc>
<status status="PASS" start="2024-08-02T15:16:17.146539" elapsed="0.438560"/>
</kw>
<kw name="Set Variable" owner="BuiltIn">
<msg time="2024-08-02T15:16:17.586288" level="INFO">${json_data} = {'results': [{'gender': 'male', 'name': {'title': 'Mr', 'first': 'Kalpit', 'last': 'Saldanha'}, 'location': {'street': {'number': 9595, 'name': 'Jagadamba Centre'}, 'city': 'Pudukkottai', 'state': 'Ja...</msg>
<var>${json_data}</var>
<arg>${response.json()}</arg>
<doc>Returns the given values which can then be assigned to a variables.</doc>
<status status="PASS" start="2024-08-02T15:16:17.585664" elapsed="0.000653"/>
</kw>
<kw name="Log" owner="BuiltIn">
<msg time="2024-08-02T15:16:17.586786" level="INFO">{'results': [{'gender': 'male', 'name': {'title': 'Mr', 'first': 'Kalpit', 'last': 'Saldanha'}, 'location': {'street': {'number': 9595, 'name': 'Jagadamba Centre'}, 'city': 'Pudukkottai', 'state': 'Jammu and Kashmir', 'country': 'India', 'postcode': 99575, 'coordinates': {'latitude': '12.3372', 'longitude': '-136.3359'}, 'timezone': {'offset': '-1:00', 'description': 'Azores, Cape Verde Islands'}}, 'email': 'kalpit.saldanha@example.com', 'login': {'uuid': '8c6f5b6f-3c99-4329-8c33-b2f91e284191', 'username': 'blueelephant734', 'password': 'secrets', 'salt': 'mXKMoiLV', 'md5': 'f94414effff82664bba62d0e49d55e80', 'sha1': 'c672616373f27aa7be1c26cf865d30e88b58867d', 'sha256': 'b69fe0545acca914d165bef3d9a7ab676efc283362c0bb325c138f6bd5c77acc'}, 'dob': {'date': '1952-09-23T12:20:15.258Z', 'age': 71}, 'registered': {'date': '2022-02-14T12:27:51.800Z', 'age': 2}, 'phone': '7815216035', 'cell': '7093293408', 'id': {'name': 'UIDAI', 'value': '077937397855'}, 'picture': {'large': 'https://randomuser.me/api/portraits/men/58.jpg', 'medium': 'https://randomuser.me/api/portraits/med/men/58.jpg', 'thumbnail': 'https://randomuser.me/api/portraits/thumb/men/58.jpg'}, 'nat': 'IN'}], 'info': {'seed': '0b416f9e29817d23', 'results': 1, 'page': 1, 'version': '1.4'}}</msg>
<arg>${json_data}</arg>
<doc>Logs the given message with the given level.</doc>
<status status="PASS" start="2024-08-02T15:16:17.586627" elapsed="0.000205"/>
</kw>
<kw name="Should Be Equal As Numbers" owner="BuiltIn">
<arg>${json_data['results'][0]['location']['postcode']}</arg>
<arg>${json_data['results'][0]['location']['postcode']}</arg>
<doc>Fails if objects are unequal after converting them to real numbers.</doc>
<status status="PASS" start="2024-08-02T15:16:17.587128" elapsed="0.000621"/>
</kw>
<kw name="Log" owner="BuiltIn">
<msg time="2024-08-02T15:16:17.588312" level="INFO">99575</msg>
<arg>${json_data['results'][0]['location']['postcode']}</arg>
<doc>Logs the given message with the given level.</doc>
<status status="PASS" start="2024-08-02T15:16:17.587975" elapsed="0.000378"/>
</kw>
<status status="PASS" start="2024-08-02T15:16:17.146281" elapsed="0.442323"/>
</kw>
<doc>Testa se os tipos de dados na resposta da API estão corretos.</doc>
<tag>testeTiposDados</tag>
<status status="PASS" start="2024-08-02T15:16:16.408791" elapsed="1.179985"/>
</test>
<test id="s1-s1-t5" name="Validar conteudo" line="35">
<kw name="Teste de Tipos de Conteudo" owner="random-user-service">
<kw name="GET On Session" owner="RequestsLibrary">
<msg time="2024-08-02T15:16:17.927716" level="INFO">GET Request : url=https://randomuser.me/api 
 path_url=/api 
 headers={'User-Agent': 'python-requests/2.32.3', 'Accept-Encoding': 'gzip, deflate', 'Accept': '*/*', 'Connection': 'keep-alive'} 
 body=None 
 </msg>
<msg time="2024-08-02T15:16:17.927800" level="INFO">GET Response : url=https://randomuser.me/api 
 status=200, reason=OK 
 headers={'Date': 'Fri, 02 Aug 2024 15:16:17 GMT', 'Content-Type': 'application/json; charset=utf-8', 'Transfer-Encoding': 'chunked', 'Connection': 'keep-alive', 'X-Powered-By': 'Express', 'Access-Control-Allow-Origin': '*', 'Cache-Control': 'no-cache', 'ETag': 'W/"483-FcRnooBDnlHkPebkw+ukMe1BlN4"', 'Vary': 'Accept-Encoding', 'Content-Encoding': 'gzip', 'CF-Cache-Status': 'DYNAMIC', 'Report-To': '{"endpoints":[{"url":"https:\\/\\/a.nel.cloudflare.com\\/report\\/v4?s=OoHxXMHl2Nn5Zrzqm3yHEAf%2BsxjT3AKKf9X3yGe22LebQBwPEURgog1x4onFh8BKRQdQ1Wn2Mf0VHUCSsJ%2BdwX9l6V4DBZa6g9yS1zFzx%2BqHi2X3yQWEXXmMtUjB8MW0"}],"group":"cf-nel","max_age":604800}', 'NEL': '{"success_fraction":0,"report_to":"cf-nel","max_age":604800}', 'Server': 'cloudflare', 'CF-RAY': '8acf0739fcb417da-SJC', 'alt-svc': 'h3=":443"; ma=86400'} 
 body={"results":[{"gender":"male","name":{"title":"Mr","first":"Lauri","last":"Wuollet"},"location":{"street":{"number":3395,"name":"Reijolankatu"},"city":"Haukipudas","state":"Kainuu","country":"Finland","postcode":20993,"coordinates":{"latitude":"-29.7774","longitude":"-93.3694"},"timezone":{"offset":"+2:00","description":"Kaliningrad, South Africa"}},"email":"lauri.wuollet@example.com","login":{"uuid":"7f85b121-dfa2-4a24-961b-73da13078c85","username":"bigpanda522","password":"gene","salt":"Z0OkOjsu","md5":"7f27ca4e5c5f80c9766ef8ef85ebbad4","sha1":"a9d0a409d08f991dae99bb7fe75b093363c4bfad","sha256":"b8dbad38eb19bb75af960d2a33f73a2bd0765bac729eacacfc552c810c469265"},"dob":{"date":"1957-08-15T13:26:19.784Z","age":66},"registered":{"date":"2019-02-20T17:33:27.916Z","age":5},"phone":"02-204-575","cell":"043-204-46-10","id":{"name":"HETU","value":"NaNNA077undefined"},"picture":{"large":"https://randomuser.me/api/portraits/men/63.jpg","medium":"https://randomuser.me/api/portraits/med/men/63.jpg","thumbnail":"https://randomuser.me/api/portraits/thumb/men/63.jpg"},"nat":"FI"}],"info":{"seed":"d9194016b436a02f","results":1,"page":1,"version":"1.4"}} 
 </msg>
<msg time="2024-08-02T15:16:17.927868" level="INFO">/opt/hostedtoolcache/Python/3.12.4/x64/lib/python3.12/site-packages/urllib3/connectionpool.py:1099: InsecureRequestWarning: Unverified HTTPS request is being made to host 'randomuser.me'. Adding certificate verification is strongly advised. See: https://urllib3.readthedocs.io/en/latest/advanced-usage.html#tls-warnings
  warnings.warn(</msg>
<msg time="2024-08-02T15:16:17.927976" level="INFO">${response} = &lt;Response [200]&gt;</msg>
<var>${response}</var>
<arg>consultarAPI</arg>
<arg>/api</arg>
<doc>Sends a GET request on a previously created HTTP Session.</doc>
<status status="PASS" start="2024-08-02T15:16:17.591317" elapsed="0.336700"/>
</kw>
<kw name="Set Variable" owner="BuiltIn">
<msg time="2024-08-02T15:16:17.929240" level="INFO">${json_data} = {'results': [{'gender': 'male', 'name': {'title': 'Mr', 'first': 'Lauri', 'last': 'Wuollet'}, 'location': {'street': {'number': 3395, 'name': 'Reijolankatu'}, 'city': 'Haukipudas', 'state': 'Kainuu', ...</msg>
<var>${json_data}</var>
<arg>${response.json()}</arg>
<doc>Returns the given values which can then be assigned to a variables.</doc>
<status status="PASS" start="2024-08-02T15:16:17.928606" elapsed="0.000663"/>
</kw>
<kw name="Set Variable" owner="BuiltIn">
<msg time="2024-08-02T15:16:17.929952" level="INFO">${name_title} = Mr</msg>
<var>${name_title}</var>
<arg>${json_data["results"][0]["name"]["title"]}</arg>
<doc>Returns the given values which can then be assigned to a variables.</doc>
<status status="PASS" start="2024-08-02T15:16:17.929575" elapsed="0.000403"/>
</kw>
<kw name="Create List" owner="BuiltIn">
<msg time="2024-08-02T15:16:17.930425" level="INFO">${allowed_titles} = ['Mr', 'Ms', 'Miss', 'Mrs', 'Madame', 'Monsieur']</msg>
<var>${allowed_titles}</var>
<arg>Mr</arg>
<arg>Ms</arg>
<arg>Miss</arg>
<arg>Mrs</arg>
<arg>Madame</arg>
<arg>Monsieur</arg>
<doc>Returns a list containing given items.</doc>
<status status="PASS" start="2024-08-02T15:16:17.930275" elapsed="0.000175"/>
</kw>
<kw name="List Should Contain Value" owner="Collections">
<arg>${allowed_titles}</arg>
<arg>${name_title}</arg>
<doc>Fails if the ``value`` is not found from ``list``.</doc>
<status status="PASS" start="2024-08-02T15:16:17.930756" elapsed="0.000178"/>
</kw>
<kw name="Set Variable" owner="BuiltIn">
<msg time="2024-08-02T15:16:17.931489" level="INFO">${name_country} = FI</msg>
<var>${name_country}</var>
<arg>${json_data["results"][0]["nat"]}</arg>
<doc>Returns the given values which can then be assigned to a variables.</doc>
<status status="PASS" start="2024-08-02T15:16:17.931112" elapsed="0.000402"/>
</kw>
<kw name="Create List" owner="BuiltIn">
<msg time="2024-08-02T15:16:17.932387" level="INFO">${list_country} = ['AD', 'AE', 'AF', 'AG', 'AI', 'AL', 'AM', 'AO', 'AQ', 'AR', 'AS', 'AT', 'AU', 'AW', 'AX', 'AZ', 'BA', 'BB', 'BD', 'BE', 'BF', 'BG', 'BH', 'BI', 'BJ', 'BL', 'BM', 'BN', 'BO', 'BQ', 'BR', 'BS', 'BT', '...</msg>
<var>${list_country}</var>
<arg>AD</arg>
<arg>AE</arg>
<arg>AF</arg>
<arg>AG</arg>
<arg>AI</arg>
<arg>AL</arg>
<arg>AM</arg>
<arg>AO</arg>
<arg>AQ</arg>
<arg>AR</arg>
<arg>AS</arg>
<arg>AT</arg>
<arg>AU</arg>
<arg>AW</arg>
<arg>AX</arg>
<arg>AZ</arg>
<arg>BA</arg>
<arg>BB</arg>
<arg>BD</arg>
<arg>BE</arg>
<arg>BF</arg>
<arg>BG</arg>
<arg>BH</arg>
<arg>BI</arg>
<arg>BJ</arg>
<arg>BL</arg>
<arg>BM</arg>
<arg>BN</arg>
<arg>BO</arg>
<arg>BQ</arg>
<arg>BR</arg>
<arg>BS</arg>
<arg>BT</arg>
<arg>BV</arg>
<arg>BW</arg>
<arg>BY</arg>
<arg>BZ</arg>
<arg>CA</arg>
<arg>CC</arg>
<arg>CD</arg>
<arg>CF</arg>
<arg>CG</arg>
<arg>CH</arg>
<arg>CI</arg>
<arg>CK</arg>
<arg>CL</arg>
<arg>CM</arg>
<arg>CN</arg>
<arg>CO</arg>
<arg>CR</arg>
<arg>CU</arg>
<arg>CV</arg>
<arg>CW</arg>
<arg>CX</arg>
<arg>CY</arg>
<arg>CZ</arg>
<arg>DE</arg>
<arg>DJ</arg>
<arg>DK</arg>
<arg>DM</arg>
<arg>DO</arg>
<arg>DZ</arg>
<arg>EC</arg>
<arg>EE</arg>
<arg>EG</arg>
<arg>EH</arg>
<arg>ER</arg>
<arg>ES</arg>
<arg>ET</arg>
<arg>FI</arg>
<arg>FJ</arg>
<arg>FK</arg>
<arg>FM</arg>
<arg>FO</arg>
<arg>FR</arg>
<arg>GA</arg>
<arg>GB</arg>
<arg>GD</arg>
<arg>GE</arg>
<arg>GF</arg>
<arg>GG</arg>
<arg>GH</arg>
<arg>GI</arg>
<arg>GL</arg>
<arg>GM</arg>
<arg>GN</arg>
<arg>GP</arg>
<arg>GQ</arg>
<arg>GR</arg>
<arg>GS</arg>
<arg>GT</arg>
<arg>GU</arg>
<arg>GW</arg>
<arg>GY</arg>
<arg>HK</arg>
<arg>HM</arg>
<arg>HN</arg>
<arg>HR</arg>
<arg>HT</arg>
<arg>HU</arg>
<arg>ID</arg>
<arg>IE</arg>
<arg>IL</arg>
<arg>IM</arg>
<arg>IN</arg>
<arg>IO</arg>
<arg>IQ</arg>
<arg>IR</arg>
<arg>IS</arg>
<arg>IT</arg>
<arg>JE</arg>
<arg>JM</arg>
<arg>JO</arg>
<arg>JP</arg>
<arg>KE</arg>
<arg>KG</arg>
<arg>KH</arg>
<arg>KI</arg>
<arg>KM</arg>
<arg>KN</arg>
<arg>KP</arg>
<arg>KR</arg>
<arg>KW</arg>
<arg>KY</arg>
<arg>KZ</arg>
<arg>LA</arg>
<arg>LB</arg>
<arg>LC</arg>
<arg>LI</arg>
<arg>LK</arg>
<arg>LR</arg>
<arg>LS</arg>
<arg>LT</arg>
<arg>LU</arg>
<arg>LV</arg>
<arg>LY</arg>
<arg>MA</arg>
<arg>MC</arg>
<arg>MD</arg>
<arg>ME</arg>
<arg>MF</arg>
<arg>MG</arg>
<arg>MH</arg>
<arg>MK</arg>
<arg>ML</arg>
<arg>MM</arg>
<arg>MN</arg>
<arg>MO</arg>
<arg>MP</arg>
<arg>MQ</arg>
<arg>MR</arg>
<arg>MS</arg>
<arg>MT</arg>
<arg>MU</arg>
<arg>MV</arg>
<arg>MW</arg>
<arg>MX</arg>
<arg>MY</arg>
<arg>MZ</arg>
<arg>NA</arg>
<arg>NC</arg>
<arg>NE</arg>
<arg>NF</arg>
<arg>NG</arg>
<arg>NI</arg>
<arg>NL</arg>
<arg>NO</arg>
<arg>NP</arg>
<arg>NR</arg>
<arg>NU</arg>
<arg>NZ</arg>
<arg>OM</arg>
<arg>PA</arg>
<arg>PE</arg>
<arg>PF</arg>
<arg>PG</arg>
<arg>PH</arg>
<arg>PK</arg>
<arg>PL</arg>
<arg>PM</arg>
<arg>PN</arg>
<arg>PR</arg>
<arg>PS</arg>
<arg>PT</arg>
<arg>PW</arg>
<arg>PY</arg>
<arg>QA</arg>
<arg>RE</arg>
<arg>RO</arg>
<arg>RS</arg>
<arg>RU</arg>
<arg>RW</arg>
<arg>SA</arg>
<arg>SB</arg>
<arg>SC</arg>
<arg>SD</arg>
<arg>SE</arg>
<arg>SG</arg>
<arg>SH</arg>
<arg>SI</arg>
<arg>SJ</arg>
<arg>SK</arg>
<arg>SL</arg>
<arg>SM</arg>
<arg>SN</arg>
<arg>SO</arg>
<arg>SR</arg>
<arg>SS</arg>
<arg>ST</arg>
<arg>SV</arg>
<arg>SX</arg>
<arg>SY</arg>
<arg>SZ</arg>
<arg>TC</arg>
<arg>TD</arg>
<arg>TF</arg>
<arg>TG</arg>
<arg>TH</arg>
<arg>TJ</arg>
<arg>TK</arg>
<arg>TL</arg>
<arg>TM</arg>
<arg>TN</arg>
<arg>TO</arg>
<arg>TR</arg>
<arg>TT</arg>
<arg>TV</arg>
<arg>TW</arg>
<arg>TZ</arg>
<arg>UA</arg>
<arg>UG</arg>
<arg>UM</arg>
<arg>US</arg>
<arg>UY</arg>
<arg>UZ</arg>
<arg>VA</arg>
<arg>VC</arg>
<arg>VE</arg>
<arg>VG</arg>
<arg>VI</arg>
<arg>VN</arg>
<arg>VU</arg>
<arg>WF</arg>
<arg>WS</arg>
<arg>XK</arg>
<arg>YE</arg>
<arg>YT</arg>
<arg>ZA</arg>
<arg>ZM</arg>
<arg>ZW</arg>
<doc>Returns a list containing given items.</doc>
<status status="PASS" start="2024-08-02T15:16:17.931801" elapsed="0.000612"/>
</kw>
<kw name="List Should Contain Value" owner="Collections">
<arg>${list_country}</arg>
<arg>${name_country}</arg>
<doc>Fails if the ``value`` is not found from ``list``.</doc>
<status status="PASS" start="2024-08-02T15:16:17.933408" elapsed="0.000219"/>
</kw>
<kw name="Run Keyword If" owner="BuiltIn">
<kw name="Should Be True" owner="BuiltIn">
<arg>${True}</arg>
<doc>Fails if the given condition is not true.</doc>
<status status="PASS" start="2024-08-02T15:16:17.934586" elapsed="0.000142"/>
</kw>
<arg>${json_data["results"][0]["location"]["coordinates"]["latitude"]} &gt;= -90 and ${json_data["results"][0]["location"]["coordinates"]["latitude"]} &lt;= 90</arg>
<arg>Should Be True</arg>
<arg>${True}</arg>
<doc>Runs the given keyword with the given arguments, if ``condition`` is true.</doc>
<status status="PASS" start="2024-08-02T15:16:17.933827" elapsed="0.001026"/>
</kw>
<kw name="Run Keyword If" owner="BuiltIn">
<kw name="Should Be True" owner="BuiltIn">
<arg>${True}</arg>
<doc>Fails if the given condition is not true.</doc>
<status status="PASS" start="2024-08-02T15:16:17.935731" elapsed="0.000137"/>
</kw>
<arg>${json_data["results"][0]["location"]["coordinates"]["longitude"]} &gt;= -180 and ${json_data["results"][0]["location"]["coordinates"]["longitude"]} &lt;= 180</arg>
<arg>Should Be True</arg>
<arg>${True}</arg>
<doc>Runs the given keyword with the given arguments, if ``condition`` is true.</doc>
<status status="PASS" start="2024-08-02T15:16:17.935033" elapsed="0.000959"/>
</kw>
<status status="PASS" start="2024-08-02T15:16:17.591094" elapsed="0.345027"/>
</kw>
<doc>Testa o conteúdo específico dos campos retornados pela API.</doc>
<tag>testeConteudo</tag>
<status status="PASS" start="2024-08-02T15:16:17.590565" elapsed="0.345712"/>
</test>
<status status="PASS" start="2024-08-02T15:16:14.449309" elapsed="3.488989"/>
</suite>
<status status="PASS" start="2024-08-02T15:16:14.434755" elapsed="3.508668"/>
</suite>
<statistics>
<total>
<stat pass="5" fail="0" skip="0">All Tests</stat>
</total>
<tag>
<stat pass="1" fail="0" skip="0">testeConteudo</stat>
<stat pass="1" fail="0" skip="0">testeEstruturaResposta</stat>
<stat pass="1" fail="0" skip="0">testeRequisicaoBasica</stat>
<stat pass="1" fail="0" skip="0">testeTiposDados</stat>
</tag>
<suite>
<stat pass="5" fail="0" skip="0" id="s1" name="Tests">Tests</stat>
<stat pass="5" fail="0" skip="0" id="s1-s1" name="Random-User-Test">Tests.Random-User-Test</stat>
</suite>
</statistics>
<errors>
</errors>
</robot>
