<?xml version="1.0" encoding="UTF-8"?>
<robot generator="Robot 7.0.1 (Python 3.12.4 on linux)" generated="2024-07-18T15:17:10.437228" rpa="false" schemaversion="5">
<suite id="s1" name="Tests" source="/home/runner/work/ApiRandomUser/ApiRandomUser/RamdonUser/tests">
<suite id="s1-s1" name="Random-User-Test" source="/home/runner/work/ApiRandomUser/ApiRandomUser/RamdonUser/tests/random-user-test.robot">
<test id="s1-s1-t1" name="Conectar" line="13">
<kw name="Conectar API" owner="random-user-service">
<kw name="Create Session" owner="RequestsLibrary">
<msg time="2024-07-18T15:17:10.856821" level="INFO">Creating Session using : alias=consultarAPI, url=https://randomuser.me/, headers={},                     cookies={}, auth=None, timeout=None, proxies=None, verify=False,                     debug=0 </msg>
<arg>consultarAPI</arg>
<arg>${URL}</arg>
<doc>Create Session: create a HTTP session to a server</doc>
<status status="PASS" start="2024-07-18T15:17:10.856606" elapsed="0.000415"/>
</kw>
<status status="PASS" start="2024-07-18T15:17:10.855573" elapsed="0.001814"/>
</kw>
<status status="PASS" start="2024-07-18T15:17:10.854938" elapsed="0.002642"/>
</test>
<test id="s1-s1-t2" name="Validar retorno 200 e JSON Válido" line="16">
<kw name="Teste de Requisicao Basica" owner="random-user-service">
<kw name="GET On Session" owner="RequestsLibrary">
<msg time="2024-07-18T15:17:10.981199" level="INFO">GET Request : url=https://randomuser.me/api 
 path_url=/api 
 headers={'User-Agent': 'python-requests/2.32.3', 'Accept-Encoding': 'gzip, deflate', 'Accept': '*/*', 'Connection': 'keep-alive'} 
 body=None 
 </msg>
<msg time="2024-07-18T15:17:10.981354" level="INFO">GET Response : url=https://randomuser.me/api 
 status=200, reason=OK 
 headers={'Date': 'Thu, 18 Jul 2024 15:17:10 GMT', 'Content-Type': 'application/json; charset=utf-8', 'Transfer-Encoding': 'chunked', 'Connection': 'keep-alive', 'X-Powered-By': 'Express', 'Access-Control-Allow-Origin': '*', 'Cache-Control': 'no-cache', 'ETag': 'W/"49a-fFhs2SWLPnF8Zh3jW33E5ntqXIo"', 'Vary': 'Accept-Encoding', 'Content-Encoding': 'gzip', 'CF-Cache-Status': 'DYNAMIC', 'Report-To': '{"endpoints":[{"url":"https:\\/\\/a.nel.cloudflare.com\\/report\\/v4?s=tPdWhyZwwQ8337Whd6%2FUJabOwYUhCkkAOOTNDT8jbtpkhudjnkfCAToBpj3NQ6gUYFgk%2FEiadQ4gcOz67AUyP6%2FNllc04OZihgj%2BC5%2FoMv32%2BV3jE9gTvyvRFzVa%2Ftxy"}],"group":"cf-nel","max_age":604800}', 'NEL': '{"success_fraction":0,"report_to":"cf-nel","max_age":604800}', 'Server': 'cloudflare', 'CF-RAY': '8a536fe71d03aaa6-SJC', 'alt-svc': 'h3=":443"; ma=86400'} 
 body={"results":[{"gender":"male","name":{"title":"Mr","first":"Felix","last":"Scott"},"location":{"street":{"number":2690,"name":"Charles St"},"city":"Hudson","state":"Newfoundland and Labrador","country":"Canada","postcode":"D4K 7W6","coordinates":{"latitude":"-69.9925","longitude":"-28.7502"},"timezone":{"offset":"-4:00","description":"Atlantic Time (Canada), Caracas, La Paz"}},"email":"felix.scott@example.com","login":{"uuid":"5c44474e-4e80-4a64-bc13-e8b9fa21a2ef","username":"bigelephant914","password":"rrrrrr","salt":"r3IaNxqD","md5":"bf1db3de7e2b9144aac0122e873cdb6e","sha1":"8a3000c705034f2a6a04ffa1252d9c259c5c0223","sha256":"17368487ad89facb3f750d01466c75276a50a59d20487eb78f8eac1f72dfffd5"},"dob":{"date":"1974-04-30T02:36:18.323Z","age":50},"registered":{"date":"2016-10-25T00:29:14.851Z","age":7},"phone":"Z61 C61-8910","cell":"D15 L42-0990","id":{"name":"SIN","value":"355591611"},"picture":{"large":"https://randomuser.me/api/portraits/men/60.jpg","medium":"https://randomuser.me/api/portraits/med/men/60.jpg","thumbnail":"https://randomuser.me/api/portraits/thumb/men/60.jpg"},"nat":"CA"}],"info":{"seed":"898a1c3db0bef4cc","results":1,"page":1,"version":"1.4"}} 
 </msg>
<msg time="2024-07-18T15:17:10.981441" level="INFO">/opt/hostedtoolcache/Python/3.12.4/x64/lib/python3.12/site-packages/urllib3/connectionpool.py:1099: InsecureRequestWarning: Unverified HTTPS request is being made to host 'randomuser.me'. Adding certificate verification is strongly advised. See: https://urllib3.readthedocs.io/en/latest/advanced-usage.html#tls-warnings
  warnings.warn(</msg>
<msg time="2024-07-18T15:17:10.981607" level="INFO">${response} = &lt;Response [200]&gt;</msg>
<var>${response}</var>
<arg>consultarAPI</arg>
<arg>/api</arg>
<doc>Sends a GET request on a previously created HTTP Session.</doc>
<status status="PASS" start="2024-07-18T15:17:10.860293" elapsed="0.121358"/>
</kw>
<kw name="Should Be Equal As Numbers" owner="BuiltIn">
<msg time="2024-07-18T15:17:10.982630" level="INFO">Argument types are:
&lt;class 'int'&gt;
&lt;class 'str'&gt;</msg>
<arg>${response.status_code}</arg>
<arg>200</arg>
<doc>Fails if objects are unequal after converting them to real numbers.</doc>
<status status="PASS" start="2024-07-18T15:17:10.982173" elapsed="0.000522"/>
</kw>
<kw name="Log" owner="BuiltIn">
<msg time="2024-07-18T15:17:10.983356" level="INFO">200</msg>
<arg>${response.status_code}</arg>
<doc>Logs the given message with the given level.</doc>
<status status="PASS" start="2024-07-18T15:17:10.983009" elapsed="0.000390"/>
</kw>
<kw name="Set Variable" owner="BuiltIn">
<msg time="2024-07-18T15:17:10.984121" level="INFO">${json_data} = {'results': [{'gender': 'male', 'name': {'title': 'Mr', 'first': 'Felix', 'last': 'Scott'}, 'location': {'street': {'number': 2690, 'name': 'Charles St'}, 'city': 'Hudson', 'state': 'Newfoundland and ...</msg>
<var>${json_data}</var>
<arg>${response.json()}</arg>
<doc>Returns the given values which can then be assigned to a variables.</doc>
<status status="PASS" start="2024-07-18T15:17:10.983696" elapsed="0.000454"/>
</kw>
<kw name="Dictionary Should Contain Key" owner="Collections">
<arg>${json_data}</arg>
<arg>results</arg>
<doc>Fails if ``key`` is not found from ``dictionary``.</doc>
<status status="PASS" start="2024-07-18T15:17:10.984495" elapsed="0.000169"/>
</kw>
<status status="PASS" start="2024-07-18T15:17:10.860011" elapsed="0.124809"/>
</kw>
<doc>Testa se a API responde corretamente e retorna um objeto JSON válido.</doc>
<tag>testeRequisicaoBasica</tag>
<status status="PASS" start="2024-07-18T15:17:10.859473" elapsed="0.125520"/>
</test>
<test id="s1-s1-t3" name="Validar estrutura de resposta" line="22">
<kw name="Teste de Estrutura de Resposta" owner="random-user-service">
<kw name="GET On Session" owner="RequestsLibrary">
<msg time="2024-07-18T15:17:11.081007" level="INFO">GET Request : url=https://randomuser.me/api 
 path_url=/api 
 headers={'User-Agent': 'python-requests/2.32.3', 'Accept-Encoding': 'gzip, deflate', 'Accept': '*/*', 'Connection': 'keep-alive'} 
 body=None 
 </msg>
<msg time="2024-07-18T15:17:11.081119" level="INFO">GET Response : url=https://randomuser.me/api 
 status=200, reason=OK 
 headers={'Date': 'Thu, 18 Jul 2024 15:17:11 GMT', 'Content-Type': 'application/json; charset=utf-8', 'Transfer-Encoding': 'chunked', 'Connection': 'keep-alive', 'X-Powered-By': 'Express', 'Access-Control-Allow-Origin': '*', 'Cache-Control': 'no-cache', 'ETag': 'W/"472-b1+B1CditZBw0pGQzbkyLHMkjiU"', 'Vary': 'Accept-Encoding', 'Content-Encoding': 'gzip', 'CF-Cache-Status': 'DYNAMIC', 'Report-To': '{"endpoints":[{"url":"https:\\/\\/a.nel.cloudflare.com\\/report\\/v4?s=iFghgh5YqA1vhQM%2Bvsg8Gm0TI59DaYT6yjzIoyDRjaUicAtB4Xpi9FS6%2BjrDUd1zdfCnrJ6DIOSU6KBmjhKnB67Rc0gL7YmvEQqzdSwwSUbWI3FVKqso4rhiWowKhUAz"}],"group":"cf-nel","max_age":604800}', 'NEL': '{"success_fraction":0,"report_to":"cf-nel","max_age":604800}', 'Server': 'cloudflare', 'CF-RAY': '8a536fe7bd5daaa6-SJC', 'alt-svc': 'h3=":443"; ma=86400'} 
 body={"results":[{"gender":"male","name":{"title":"Mr","first":"David","last":"Wright"},"location":{"street":{"number":6809,"name":"E Sandy Lake Rd"},"city":"Geelong","state":"South Australia","country":"Australia","postcode":4123,"coordinates":{"latitude":"-88.4562","longitude":"-45.0430"},"timezone":{"offset":"+3:30","description":"Tehran"}},"email":"david.wright@example.com","login":{"uuid":"3f9a368e-4fb0-4053-a56d-04bf3a8e0412","username":"happyswan150","password":"entry","salt":"s0TbcwoO","md5":"9eb42e86f2499510ddc370ce6b029316","sha1":"1f395a93cca47cde54b460bd1251ad038de8e840","sha256":"7713ad98f29dfa3566b639a69ed6f63000222211c342b16b2bc1b9e2a44e5c4d"},"dob":{"date":"1961-11-04T00:47:04.456Z","age":62},"registered":{"date":"2016-07-01T02:07:02.780Z","age":8},"phone":"02-6580-2013","cell":"0494-529-915","id":{"name":"TFN","value":"992473076"},"picture":{"large":"https://randomuser.me/api/portraits/men/95.jpg","medium":"https://randomuser.me/api/portraits/med/men/95.jpg","thumbnail":"https://randomuser.me/api/portraits/thumb/men/95.jpg"},"nat":"AU"}],"info":{"seed":"43135429709f1457","results":1,"page":1,"version":"1.4"}} 
 </msg>
<msg time="2024-07-18T15:17:11.081255" level="INFO">/opt/hostedtoolcache/Python/3.12.4/x64/lib/python3.12/site-packages/urllib3/connectionpool.py:1099: InsecureRequestWarning: Unverified HTTPS request is being made to host 'randomuser.me'. Adding certificate verification is strongly advised. See: https://urllib3.readthedocs.io/en/latest/advanced-usage.html#tls-warnings
  warnings.warn(</msg>
<msg time="2024-07-18T15:17:11.081424" level="INFO">${response} = &lt;Response [200]&gt;</msg>
<var>${response}</var>
<arg>consultarAPI</arg>
<arg>/api</arg>
<doc>Sends a GET request on a previously created HTTP Session.</doc>
<status status="PASS" start="2024-07-18T15:17:10.987496" elapsed="0.093981"/>
</kw>
<kw name="Set Variable" owner="BuiltIn">
<msg time="2024-07-18T15:17:11.082520" level="INFO">${json_data} = {'results': [{'gender': 'male', 'name': {'title': 'Mr', 'first': 'David', 'last': 'Wright'}, 'location': {'street': {'number': 6809, 'name': 'E Sandy Lake Rd'}, 'city': 'Geelong', 'state': 'South Aust...</msg>
<var>${json_data}</var>
<arg>${response.json()}</arg>
<doc>Returns the given values which can then be assigned to a variables.</doc>
<status status="PASS" start="2024-07-18T15:17:11.081979" elapsed="0.000571"/>
</kw>
<kw name="Log" owner="BuiltIn">
<msg time="2024-07-18T15:17:11.083029" level="INFO">{'results': [{'gender': 'male', 'name': {'title': 'Mr', 'first': 'David', 'last': 'Wright'}, 'location': {'street': {'number': 6809, 'name': 'E Sandy Lake Rd'}, 'city': 'Geelong', 'state': 'South Australia', 'country': 'Australia', 'postcode': 4123, 'coordinates': {'latitude': '-88.4562', 'longitude': '-45.0430'}, 'timezone': {'offset': '+3:30', 'description': 'Tehran'}}, 'email': 'david.wright@example.com', 'login': {'uuid': '3f9a368e-4fb0-4053-a56d-04bf3a8e0412', 'username': 'happyswan150', 'password': 'entry', 'salt': 's0TbcwoO', 'md5': '9eb42e86f2499510ddc370ce6b029316', 'sha1': '1f395a93cca47cde54b460bd1251ad038de8e840', 'sha256': '7713ad98f29dfa3566b639a69ed6f63000222211c342b16b2bc1b9e2a44e5c4d'}, 'dob': {'date': '1961-11-04T00:47:04.456Z', 'age': 62}, 'registered': {'date': '2016-07-01T02:07:02.780Z', 'age': 8}, 'phone': '02-6580-2013', 'cell': '0494-529-915', 'id': {'name': 'TFN', 'value': '992473076'}, 'picture': {'large': 'https://randomuser.me/api/portraits/men/95.jpg', 'medium': 'https://randomuser.me/api/portraits/med/men/95.jpg', 'thumbnail': 'https://randomuser.me/api/portraits/thumb/men/95.jpg'}, 'nat': 'AU'}], 'info': {'seed': '43135429709f1457', 'results': 1, 'page': 1, 'version': '1.4'}}</msg>
<arg>${json_data}</arg>
<doc>Logs the given message with the given level.</doc>
<status status="PASS" start="2024-07-18T15:17:11.082864" elapsed="0.000217"/>
</kw>
<kw name="Dictionary Should Contain Key" owner="Collections">
<arg>${json_data}</arg>
<arg>results</arg>
<doc>Fails if ``key`` is not found from ``dictionary``.</doc>
<status status="PASS" start="2024-07-18T15:17:11.083377" elapsed="0.000170"/>
</kw>
<kw name="Should Not Be Empty" owner="BuiltIn">
<msg time="2024-07-18T15:17:11.083871" level="INFO">Length is 2.</msg>
<arg>${json_data}</arg>
<doc>Verifies that the given item is not empty.</doc>
<status status="PASS" start="2024-07-18T15:17:11.083743" elapsed="0.000167"/>
</kw>
<kw name="Create List" owner="BuiltIn">
<msg time="2024-07-18T15:17:11.084558" level="INFO">${expected_keys} = ['gender', 'name', 'location', 'email', 'login']</msg>
<var>${expected_keys}</var>
<arg>gender</arg>
<arg>name</arg>
<arg>location</arg>
<arg>email</arg>
<arg>login</arg>
<doc>Returns a list containing given items.</doc>
<status status="PASS" start="2024-07-18T15:17:11.084199" elapsed="0.000385"/>
</kw>
<for flavor="IN">
<iter>
<kw name="Dictionary Should Contain Key" owner="Collections">
<arg>${json_data['results'][0]}</arg>
<arg>${key}</arg>
<doc>Fails if ``key`` is not found from ``dictionary``.</doc>
<status status="PASS" start="2024-07-18T15:17:11.085187" elapsed="0.000412"/>
</kw>
<kw name="Log" owner="BuiltIn">
<msg time="2024-07-18T15:17:11.086160" level="INFO">{'gender': 'male', 'name': {'title': 'Mr', 'first': 'David', 'last': 'Wright'}, 'location': {'street': {'number': 6809, 'name': 'E Sandy Lake Rd'}, 'city': 'Geelong', 'state': 'South Australia', 'country': 'Australia', 'postcode': 4123, 'coordinates': {'latitude': '-88.4562', 'longitude': '-45.0430'}, 'timezone': {'offset': '+3:30', 'description': 'Tehran'}}, 'email': 'david.wright@example.com', 'login': {'uuid': '3f9a368e-4fb0-4053-a56d-04bf3a8e0412', 'username': 'happyswan150', 'password': 'entry', 'salt': 's0TbcwoO', 'md5': '9eb42e86f2499510ddc370ce6b029316', 'sha1': '1f395a93cca47cde54b460bd1251ad038de8e840', 'sha256': '7713ad98f29dfa3566b639a69ed6f63000222211c342b16b2bc1b9e2a44e5c4d'}, 'dob': {'date': '1961-11-04T00:47:04.456Z', 'age': 62}, 'registered': {'date': '2016-07-01T02:07:02.780Z', 'age': 8}, 'phone': '02-6580-2013', 'cell': '0494-529-915', 'id': {'name': 'TFN', 'value': '992473076'}, 'picture': {'large': 'https://randomuser.me/api/portraits/men/95.jpg', 'medium': 'https://randomuser.me/api/portraits/med/men/95.jpg', 'thumbnail': 'https://randomuser.me/api/portraits/thumb/men/95.jpg'}, 'nat': 'AU'}</msg>
<arg>${json_data['results'][0]}</arg>
<doc>Logs the given message with the given level.</doc>
<status status="PASS" start="2024-07-18T15:17:11.085788" elapsed="0.000422"/>
</kw>
<kw name="Log" owner="BuiltIn">
<msg time="2024-07-18T15:17:11.086641" level="INFO">gender</msg>
<arg>${key}</arg>
<doc>Logs the given message with the given level.</doc>
<status status="PASS" start="2024-07-18T15:17:11.086510" elapsed="0.000169"/>
</kw>
<var name="${key}">gender</var>
<status status="PASS" start="2024-07-18T15:17:11.085061" elapsed="0.001839"/>
</iter>
<iter>
<kw name="Dictionary Should Contain Key" owner="Collections">
<arg>${json_data['results'][0]}</arg>
<arg>${key}</arg>
<doc>Fails if ``key`` is not found from ``dictionary``.</doc>
<status status="PASS" start="2024-07-18T15:17:11.087203" elapsed="0.000386"/>
</kw>
<kw name="Log" owner="BuiltIn">
<msg time="2024-07-18T15:17:11.088118" level="INFO">{'gender': 'male', 'name': {'title': 'Mr', 'first': 'David', 'last': 'Wright'}, 'location': {'street': {'number': 6809, 'name': 'E Sandy Lake Rd'}, 'city': 'Geelong', 'state': 'South Australia', 'country': 'Australia', 'postcode': 4123, 'coordinates': {'latitude': '-88.4562', 'longitude': '-45.0430'}, 'timezone': {'offset': '+3:30', 'description': 'Tehran'}}, 'email': 'david.wright@example.com', 'login': {'uuid': '3f9a368e-4fb0-4053-a56d-04bf3a8e0412', 'username': 'happyswan150', 'password': 'entry', 'salt': 's0TbcwoO', 'md5': '9eb42e86f2499510ddc370ce6b029316', 'sha1': '1f395a93cca47cde54b460bd1251ad038de8e840', 'sha256': '7713ad98f29dfa3566b639a69ed6f63000222211c342b16b2bc1b9e2a44e5c4d'}, 'dob': {'date': '1961-11-04T00:47:04.456Z', 'age': 62}, 'registered': {'date': '2016-07-01T02:07:02.780Z', 'age': 8}, 'phone': '02-6580-2013', 'cell': '0494-529-915', 'id': {'name': 'TFN', 'value': '992473076'}, 'picture': {'large': 'https://randomuser.me/api/portraits/men/95.jpg', 'medium': 'https://randomuser.me/api/portraits/med/men/95.jpg', 'thumbnail': 'https://randomuser.me/api/portraits/thumb/men/95.jpg'}, 'nat': 'AU'}</msg>
<arg>${json_data['results'][0]}</arg>
<doc>Logs the given message with the given level.</doc>
<status status="PASS" start="2024-07-18T15:17:11.087772" elapsed="0.000428"/>
</kw>
<kw name="Log" owner="BuiltIn">
<msg time="2024-07-18T15:17:11.088661" level="INFO">name</msg>
<arg>${key}</arg>
<doc>Logs the given message with the given level.</doc>
<status status="PASS" start="2024-07-18T15:17:11.088532" elapsed="0.000167"/>
</kw>
<var name="${key}">name</var>
<status status="PASS" start="2024-07-18T15:17:11.087089" elapsed="0.001826"/>
</iter>
<iter>
<kw name="Dictionary Should Contain Key" owner="Collections">
<arg>${json_data['results'][0]}</arg>
<arg>${key}</arg>
<doc>Fails if ``key`` is not found from ``dictionary``.</doc>
<status status="PASS" start="2024-07-18T15:17:11.089198" elapsed="0.000389"/>
</kw>
<kw name="Log" owner="BuiltIn">
<msg time="2024-07-18T15:17:11.090120" level="INFO">{'gender': 'male', 'name': {'title': 'Mr', 'first': 'David', 'last': 'Wright'}, 'location': {'street': {'number': 6809, 'name': 'E Sandy Lake Rd'}, 'city': 'Geelong', 'state': 'South Australia', 'country': 'Australia', 'postcode': 4123, 'coordinates': {'latitude': '-88.4562', 'longitude': '-45.0430'}, 'timezone': {'offset': '+3:30', 'description': 'Tehran'}}, 'email': 'david.wright@example.com', 'login': {'uuid': '3f9a368e-4fb0-4053-a56d-04bf3a8e0412', 'username': 'happyswan150', 'password': 'entry', 'salt': 's0TbcwoO', 'md5': '9eb42e86f2499510ddc370ce6b029316', 'sha1': '1f395a93cca47cde54b460bd1251ad038de8e840', 'sha256': '7713ad98f29dfa3566b639a69ed6f63000222211c342b16b2bc1b9e2a44e5c4d'}, 'dob': {'date': '1961-11-04T00:47:04.456Z', 'age': 62}, 'registered': {'date': '2016-07-01T02:07:02.780Z', 'age': 8}, 'phone': '02-6580-2013', 'cell': '0494-529-915', 'id': {'name': 'TFN', 'value': '992473076'}, 'picture': {'large': 'https://randomuser.me/api/portraits/men/95.jpg', 'medium': 'https://randomuser.me/api/portraits/med/men/95.jpg', 'thumbnail': 'https://randomuser.me/api/portraits/thumb/men/95.jpg'}, 'nat': 'AU'}</msg>
<arg>${json_data['results'][0]}</arg>
<doc>Logs the given message with the given level.</doc>
<status status="PASS" start="2024-07-18T15:17:11.089770" elapsed="0.000401"/>
</kw>
<kw name="Log" owner="BuiltIn">
<msg time="2024-07-18T15:17:11.090597" level="INFO">location</msg>
<arg>${key}</arg>
<doc>Logs the given message with the given level.</doc>
<status status="PASS" start="2024-07-18T15:17:11.090469" elapsed="0.000166"/>
</kw>
<var name="${key}">location</var>
<status status="PASS" start="2024-07-18T15:17:11.089091" elapsed="0.001762"/>
</iter>
<iter>
<kw name="Dictionary Should Contain Key" owner="Collections">
<arg>${json_data['results'][0]}</arg>
<arg>${key}</arg>
<doc>Fails if ``key`` is not found from ``dictionary``.</doc>
<status status="PASS" start="2024-07-18T15:17:11.091139" elapsed="0.000387"/>
</kw>
<kw name="Log" owner="BuiltIn">
<msg time="2024-07-18T15:17:11.092061" level="INFO">{'gender': 'male', 'name': {'title': 'Mr', 'first': 'David', 'last': 'Wright'}, 'location': {'street': {'number': 6809, 'name': 'E Sandy Lake Rd'}, 'city': 'Geelong', 'state': 'South Australia', 'country': 'Australia', 'postcode': 4123, 'coordinates': {'latitude': '-88.4562', 'longitude': '-45.0430'}, 'timezone': {'offset': '+3:30', 'description': 'Tehran'}}, 'email': 'david.wright@example.com', 'login': {'uuid': '3f9a368e-4fb0-4053-a56d-04bf3a8e0412', 'username': 'happyswan150', 'password': 'entry', 'salt': 's0TbcwoO', 'md5': '9eb42e86f2499510ddc370ce6b029316', 'sha1': '1f395a93cca47cde54b460bd1251ad038de8e840', 'sha256': '7713ad98f29dfa3566b639a69ed6f63000222211c342b16b2bc1b9e2a44e5c4d'}, 'dob': {'date': '1961-11-04T00:47:04.456Z', 'age': 62}, 'registered': {'date': '2016-07-01T02:07:02.780Z', 'age': 8}, 'phone': '02-6580-2013', 'cell': '0494-529-915', 'id': {'name': 'TFN', 'value': '992473076'}, 'picture': {'large': 'https://randomuser.me/api/portraits/men/95.jpg', 'medium': 'https://randomuser.me/api/portraits/med/men/95.jpg', 'thumbnail': 'https://randomuser.me/api/portraits/thumb/men/95.jpg'}, 'nat': 'AU'}</msg>
<arg>${json_data['results'][0]}</arg>
<doc>Logs the given message with the given level.</doc>
<status status="PASS" start="2024-07-18T15:17:11.091708" elapsed="0.000402"/>
</kw>
<kw name="Log" owner="BuiltIn">
<msg time="2024-07-18T15:17:11.092563" level="INFO">email</msg>
<arg>${key}</arg>
<doc>Logs the given message with the given level.</doc>
<status status="PASS" start="2024-07-18T15:17:11.092435" elapsed="0.000167"/>
</kw>
<var name="${key}">email</var>
<status status="PASS" start="2024-07-18T15:17:11.091026" elapsed="0.001789"/>
</iter>
<iter>
<kw name="Dictionary Should Contain Key" owner="Collections">
<arg>${json_data['results'][0]}</arg>
<arg>${key}</arg>
<doc>Fails if ``key`` is not found from ``dictionary``.</doc>
<status status="PASS" start="2024-07-18T15:17:11.093090" elapsed="0.000388"/>
</kw>
<kw name="Log" owner="BuiltIn">
<msg time="2024-07-18T15:17:11.094007" level="INFO">{'gender': 'male', 'name': {'title': 'Mr', 'first': 'David', 'last': 'Wright'}, 'location': {'street': {'number': 6809, 'name': 'E Sandy Lake Rd'}, 'city': 'Geelong', 'state': 'South Australia', 'country': 'Australia', 'postcode': 4123, 'coordinates': {'latitude': '-88.4562', 'longitude': '-45.0430'}, 'timezone': {'offset': '+3:30', 'description': 'Tehran'}}, 'email': 'david.wright@example.com', 'login': {'uuid': '3f9a368e-4fb0-4053-a56d-04bf3a8e0412', 'username': 'happyswan150', 'password': 'entry', 'salt': 's0TbcwoO', 'md5': '9eb42e86f2499510ddc370ce6b029316', 'sha1': '1f395a93cca47cde54b460bd1251ad038de8e840', 'sha256': '7713ad98f29dfa3566b639a69ed6f63000222211c342b16b2bc1b9e2a44e5c4d'}, 'dob': {'date': '1961-11-04T00:47:04.456Z', 'age': 62}, 'registered': {'date': '2016-07-01T02:07:02.780Z', 'age': 8}, 'phone': '02-6580-2013', 'cell': '0494-529-915', 'id': {'name': 'TFN', 'value': '992473076'}, 'picture': {'large': 'https://randomuser.me/api/portraits/men/95.jpg', 'medium': 'https://randomuser.me/api/portraits/med/men/95.jpg', 'thumbnail': 'https://randomuser.me/api/portraits/thumb/men/95.jpg'}, 'nat': 'AU'}</msg>
<arg>${json_data['results'][0]}</arg>
<doc>Logs the given message with the given level.</doc>
<status status="PASS" start="2024-07-18T15:17:11.093660" elapsed="0.000395"/>
</kw>
<kw name="Log" owner="BuiltIn">
<msg time="2024-07-18T15:17:11.094470" level="INFO">login</msg>
<arg>${key}</arg>
<doc>Logs the given message with the given level.</doc>
<status status="PASS" start="2024-07-18T15:17:11.094344" elapsed="0.000169"/>
</kw>
<var name="${key}">login</var>
<status status="PASS" start="2024-07-18T15:17:11.092983" elapsed="0.001748"/>
</iter>
<var>${key}</var>
<value>@{expected_keys}</value>
<status status="PASS" start="2024-07-18T15:17:11.084858" elapsed="0.009992"/>
</for>
<kw name="Create List" owner="BuiltIn">
<msg time="2024-07-18T15:17:11.095173" level="INFO">${expected_keysTwo} = ['username', 'password']</msg>
<var>${expected_keysTwo}</var>
<arg>username</arg>
<arg>password</arg>
<doc>Returns a list containing given items.</doc>
<status status="PASS" start="2024-07-18T15:17:11.095038" elapsed="0.000159"/>
</kw>
<for flavor="IN">
<iter>
<kw name="Dictionary Should Contain Key" owner="Collections">
<arg>${json_data['results'][0]['login']}</arg>
<arg>${keyTwo}</arg>
<doc>Fails if ``key`` is not found from ``dictionary``.</doc>
<status status="PASS" start="2024-07-18T15:17:11.095725" elapsed="0.000393"/>
</kw>
<kw name="Dictionary Should Contain Key" owner="Collections">
<arg>${json_data['results'][0]['login']}</arg>
<arg>${keyTwo}</arg>
<doc>Fails if ``key`` is not found from ``dictionary``.</doc>
<status status="PASS" start="2024-07-18T15:17:11.096334" elapsed="0.000389"/>
</kw>
<kw name="Log" owner="BuiltIn">
<msg time="2024-07-18T15:17:11.097029" level="INFO">username</msg>
<arg>${keyTwo}</arg>
<doc>Logs the given message with the given level.</doc>
<status status="PASS" start="2024-07-18T15:17:11.096908" elapsed="0.000159"/>
</kw>
<var name="${keyTwo}">username</var>
<status status="PASS" start="2024-07-18T15:17:11.095618" elapsed="0.001668"/>
</iter>
<iter>
<kw name="Dictionary Should Contain Key" owner="Collections">
<arg>${json_data['results'][0]['login']}</arg>
<arg>${keyTwo}</arg>
<doc>Fails if ``key`` is not found from ``dictionary``.</doc>
<status status="PASS" start="2024-07-18T15:17:11.097568" elapsed="0.000380"/>
</kw>
<kw name="Dictionary Should Contain Key" owner="Collections">
<arg>${json_data['results'][0]['login']}</arg>
<arg>${keyTwo}</arg>
<doc>Fails if ``key`` is not found from ``dictionary``.</doc>
<status status="PASS" start="2024-07-18T15:17:11.098128" elapsed="0.000377"/>
</kw>
<kw name="Log" owner="BuiltIn">
<msg time="2024-07-18T15:17:11.098804" level="INFO">password</msg>
<arg>${keyTwo}</arg>
<doc>Logs the given message with the given level.</doc>
<status status="PASS" start="2024-07-18T15:17:11.098681" elapsed="0.000160"/>
</kw>
<var name="${keyTwo}">password</var>
<status status="PASS" start="2024-07-18T15:17:11.097457" elapsed="0.001694"/>
</iter>
<var>${keyTwo}</var>
<value>@{expected_keysTwo}</value>
<status status="PASS" start="2024-07-18T15:17:11.095466" elapsed="0.003807"/>
</for>
<status status="PASS" start="2024-07-18T15:17:10.987264" elapsed="0.112152"/>
</kw>
<doc>Testa a estrutura da resposta da API.</doc>
<tag>testeEstruturaResposta</tag>
<status status="PASS" start="2024-07-18T15:17:10.986783" elapsed="0.112790"/>
</test>
<test id="s1-s1-t4" name="Validar tipos de dados" line="28">
<kw name="Teste de Tipos de Dados" owner="random-user-service">
<kw name="GET On Session" owner="RequestsLibrary">
<msg time="2024-07-18T15:17:11.193179" level="INFO">GET Request : url=https://randomuser.me/api 
 path_url=/api 
 headers={'User-Agent': 'python-requests/2.32.3', 'Accept-Encoding': 'gzip, deflate', 'Accept': '*/*', 'Connection': 'keep-alive'} 
 body=None 
 </msg>
<msg time="2024-07-18T15:17:11.193277" level="INFO">GET Response : url=https://randomuser.me/api 
 status=200, reason=OK 
 headers={'Date': 'Thu, 18 Jul 2024 15:17:11 GMT', 'Content-Type': 'application/json; charset=utf-8', 'Transfer-Encoding': 'chunked', 'Connection': 'keep-alive', 'X-Powered-By': 'Express', 'Access-Control-Allow-Origin': '*', 'Cache-Control': 'no-cache', 'ETag': 'W/"483-3jOr8dLHKTwkgArYfLno+5lvZ6A"', 'Vary': 'Accept-Encoding', 'Content-Encoding': 'gzip', 'CF-Cache-Status': 'DYNAMIC', 'Report-To': '{"endpoints":[{"url":"https:\\/\\/a.nel.cloudflare.com\\/report\\/v4?s=7C88%2BNFQGT6xK0MKn9oKre7k7vKRbIoGfjSq9bZ1QzIoTZ4Vv%2BQxhM1aDosFNb42NCpH52rFXZoe%2BRlLwPJV5mFGXqdS%2BUxHL5kY%2BcoZHggAuvEYw0kW6nRnzRvy139Z"}],"group":"cf-nel","max_age":604800}', 'NEL': '{"success_fraction":0,"report_to":"cf-nel","max_age":604800}', 'Server': 'cloudflare', 'CF-RAY': '8a536fe86df9aaa6-SJC', 'alt-svc': 'h3=":443"; ma=86400'} 
 body={"results":[{"gender":"female","name":{"title":"Ms","first":"Olivia","last":"Gill"},"location":{"street":{"number":2978,"name":"Elgin St"},"city":"Brockton","state":"Nunavut","country":"Canada","postcode":"U0Y 0H0","coordinates":{"latitude":"-67.3998","longitude":"30.3169"},"timezone":{"offset":"-8:00","description":"Pacific Time (US &amp; Canada)"}},"email":"olivia.gill@example.com","login":{"uuid":"d5e24719-6326-477a-a638-a030b9294594","username":"lazymouse107","password":"caligula","salt":"nizEBQOA","md5":"ca7916aab07c680577f2763c76cdae25","sha1":"23e2d86c77cdfc477cf781e326f702bab80e9a99","sha256":"96ff42545a4674cbed5f2ea95f42bb9a31ac99ce1a4dddd329fc7b91e0cf0434"},"dob":{"date":"1957-03-30T22:44:59.311Z","age":67},"registered":{"date":"2002-12-13T17:52:08.403Z","age":21},"phone":"P16 I35-2263","cell":"E57 L96-9933","id":{"name":"SIN","value":"611491390"},"picture":{"large":"https://randomuser.me/api/portraits/women/66.jpg","medium":"https://randomuser.me/api/portraits/med/women/66.jpg","thumbnail":"https://randomuser.me/api/portraits/thumb/women/66.jpg"},"nat":"CA"}],"info":{"seed":"18bc2f86117b246f","results":1,"page":1,"version":"1.4"}} 
 </msg>
<msg time="2024-07-18T15:17:11.193356" level="INFO">/opt/hostedtoolcache/Python/3.12.4/x64/lib/python3.12/site-packages/urllib3/connectionpool.py:1099: InsecureRequestWarning: Unverified HTTPS request is being made to host 'randomuser.me'. Adding certificate verification is strongly advised. See: https://urllib3.readthedocs.io/en/latest/advanced-usage.html#tls-warnings
  warnings.warn(</msg>
<msg time="2024-07-18T15:17:11.193483" level="INFO">${response} = &lt;Response [200]&gt;</msg>
<var>${response}</var>
<arg>consultarAPI</arg>
<arg>/api</arg>
<doc>Sends a GET request on a previously created HTTP Session.</doc>
<status status="PASS" start="2024-07-18T15:17:11.102191" elapsed="0.091335"/>
</kw>
<kw name="Set Variable" owner="BuiltIn">
<msg time="2024-07-18T15:17:11.194490" level="INFO">${json_data} = {'results': [{'gender': 'female', 'name': {'title': 'Ms', 'first': 'Olivia', 'last': 'Gill'}, 'location': {'street': {'number': 2978, 'name': 'Elgin St'}, 'city': 'Brockton', 'state': 'Nunavut', 'coun...</msg>
<var>${json_data}</var>
<arg>${response.json()}</arg>
<doc>Returns the given values which can then be assigned to a variables.</doc>
<status status="PASS" start="2024-07-18T15:17:11.193975" elapsed="0.000544"/>
</kw>
<kw name="Log" owner="BuiltIn">
<msg time="2024-07-18T15:17:11.195088" level="INFO">{'results': [{'gender': 'female', 'name': {'title': 'Ms', 'first': 'Olivia', 'last': 'Gill'}, 'location': {'street': {'number': 2978, 'name': 'Elgin St'}, 'city': 'Brockton', 'state': 'Nunavut', 'country': 'Canada', 'postcode': 'U0Y 0H0', 'coordinates': {'latitude': '-67.3998', 'longitude': '30.3169'}, 'timezone': {'offset': '-8:00', 'description': 'Pacific Time (US &amp; Canada)'}}, 'email': 'olivia.gill@example.com', 'login': {'uuid': 'd5e24719-6326-477a-a638-a030b9294594', 'username': 'lazymouse107', 'password': 'caligula', 'salt': 'nizEBQOA', 'md5': 'ca7916aab07c680577f2763c76cdae25', 'sha1': '23e2d86c77cdfc477cf781e326f702bab80e9a99', 'sha256': '96ff42545a4674cbed5f2ea95f42bb9a31ac99ce1a4dddd329fc7b91e0cf0434'}, 'dob': {'date': '1957-03-30T22:44:59.311Z', 'age': 67}, 'registered': {'date': '2002-12-13T17:52:08.403Z', 'age': 21}, 'phone': 'P16 I35-2263', 'cell': 'E57 L96-9933', 'id': {'name': 'SIN', 'value': '611491390'}, 'picture': {'large': 'https://randomuser.me/api/portraits/women/66.jpg', 'medium': 'https://randomuser.me/api/portraits/med/women/66.jpg', 'thumbnail': 'https://randomuser.me/api/portraits/thumb/women/66.jpg'}, 'nat': 'CA'}], 'info': {'seed': '18bc2f86117b246f', 'results': 1, 'page': 1, 'version': '1.4'}}</msg>
<arg>${json_data}</arg>
<doc>Logs the given message with the given level.</doc>
<status status="PASS" start="2024-07-18T15:17:11.194852" elapsed="0.000322"/>
</kw>
<kw name="Should Be String" owner="String">
<arg>${json_data['results'][0]['gender']}</arg>
<doc>Fails if the given ``item`` is not a string.</doc>
<status status="PASS" start="2024-07-18T15:17:11.195647" elapsed="0.000611"/>
</kw>
<kw name="Should Match Regexp" owner="BuiltIn">
<arg>${json_data['results'][0]['email']}</arg>
<arg>^[a-zA-Z0-9._%+-]+@[a-zA-Z0-9.-]+\.[a-zA-Z]{2,}$</arg>
<doc>Fails if ``string`` does not match ``pattern`` as a regular expression.</doc>
<status status="PASS" start="2024-07-18T15:17:11.196539" elapsed="0.000837"/>
</kw>
<kw name="Should Match Regexp" owner="BuiltIn">
<arg>${json_data['results'][0]['dob']['date']}</arg>
<arg>\\d{4}-\\d{2}-\\d{2}T\\d{2}:\\d{2}:\\d{2}\\.\\d{3}Z</arg>
<doc>Fails if ``string`` does not match ``pattern`` as a regular expression.</doc>
<status status="PASS" start="2024-07-18T15:17:11.197754" elapsed="0.000842"/>
</kw>
<kw name="Should Match Regexp" owner="BuiltIn">
<arg>${json_data['results'][0]['registered']['date']}</arg>
<arg>\\d{4}-\\d{2}-\\d{2}T\\d{2}:\\d{2}:\\d{2}\\.\\d{3}Z</arg>
<doc>Fails if ``string`` does not match ``pattern`` as a regular expression.</doc>
<status status="PASS" start="2024-07-18T15:17:11.198877" elapsed="0.000578"/>
</kw>
<kw name="Should Match Regexp" owner="BuiltIn">
<arg>${json_data['results'][0]['picture']['large']}</arg>
<arg>^https?://.*\.(?:png|jpe?g|gif|bmp)$</arg>
<doc>Fails if ``string`` does not match ``pattern`` as a regular expression.</doc>
<status status="PASS" start="2024-07-18T15:17:11.199736" elapsed="0.000687"/>
</kw>
<kw name="Should Match Regexp" owner="BuiltIn">
<arg>${json_data['results'][0]['picture']['medium']}</arg>
<arg>^https?://.*\.(?:png|jpe?g|gif|bmp)$</arg>
<doc>Fails if ``string`` does not match ``pattern`` as a regular expression.</doc>
<status status="PASS" start="2024-07-18T15:17:11.200628" elapsed="0.000376"/>
</kw>
<kw name="Should Match Regexp" owner="BuiltIn">
<arg>${json_data['results'][0]['picture']['thumbnail']}</arg>
<arg>^https?://.*\.(?:png|jpe?g|gif|bmp)$</arg>
<doc>Fails if ``string`` does not match ``pattern`` as a regular expression.</doc>
<status status="PASS" start="2024-07-18T15:17:11.201196" elapsed="0.000377"/>
</kw>
<kw name="Log" owner="BuiltIn">
<msg time="2024-07-18T15:17:11.202132" level="INFO">{'large': 'https://randomuser.me/api/portraits/women/66.jpg', 'medium': 'https://randomuser.me/api/portraits/med/women/66.jpg', 'thumbnail': 'https://randomuser.me/api/portraits/thumb/women/66.jpg'}</msg>
<arg>${json_data['results'][0]['picture']}</arg>
<doc>Logs the given message with the given level.</doc>
<status status="PASS" start="2024-07-18T15:17:11.201763" elapsed="0.000413"/>
</kw>
<status status="PASS" start="2024-07-18T15:17:11.101961" elapsed="0.100480"/>
</kw>
<kw name="Teste de Tipos de Dados - Postcode" owner="random-user-service">
<kw name="GET On Session" owner="RequestsLibrary">
<msg time="2024-07-18T15:17:11.313690" level="INFO">GET Request : url=https://randomuser.me/api 
 path_url=/api 
 headers={'User-Agent': 'python-requests/2.32.3', 'Accept-Encoding': 'gzip, deflate', 'Accept': '*/*', 'Connection': 'keep-alive'} 
 body=None 
 </msg>
<msg time="2024-07-18T15:17:11.313781" level="INFO">GET Response : url=https://randomuser.me/api 
 status=200, reason=OK 
 headers={'Date': 'Thu, 18 Jul 2024 15:17:11 GMT', 'Content-Type': 'application/json; charset=utf-8', 'Transfer-Encoding': 'chunked', 'Connection': 'keep-alive', 'X-Powered-By': 'Express', 'Access-Control-Allow-Origin': '*', 'Cache-Control': 'no-cache', 'ETag': 'W/"4c7-7pfFK9SDRpusSHn/DLNXlPZ+UTE"', 'Vary': 'Accept-Encoding', 'Content-Encoding': 'gzip', 'CF-Cache-Status': 'DYNAMIC', 'Report-To': '{"endpoints":[{"url":"https:\\/\\/a.nel.cloudflare.com\\/report\\/v4?s=%2BPYiZqL5K8vm4rCpRStfMoywDoop%2BqTM7nIGFYNeYcqRktJ%2BIb843tHrppyXytFFyTPTY5OZ34bSKVVgKaFqclZ6l%2FZOv9WfGMS%2FczV6BwrS6Jk9VZ6dA3umnHQrgYUt"}],"group":"cf-nel","max_age":604800}', 'NEL': '{"success_fraction":0,"report_to":"cf-nel","max_age":604800}', 'Server': 'cloudflare', 'CF-RAY': '8a536fe90e5baaa6-SJC', 'alt-svc': 'h3=":443"; ma=86400'} 
 body={"results":[{"gender":"female","name":{"title":"Mademoiselle","first":"Murielle","last":"Lacroix"},"location":{"street":{"number":8972,"name":"Rue de L'Abbé-De-L'Épée"},"city":"Dinhard","state":"Solothurn","country":"Switzerland","postcode":4726,"coordinates":{"latitude":"-62.3282","longitude":"69.5523"},"timezone":{"offset":"0:00","description":"Western Europe Time, London, Lisbon, Casablanca"}},"email":"murielle.lacroix@example.com","login":{"uuid":"b7b7e83a-9fd0-48d6-aaa6-c80e7368f46f","username":"greenpeacock596","password":"nipper","salt":"92cGYAzN","md5":"27cf4ee9a1584676f603f7be58c36a2d","sha1":"b5b7b16a22b242baa8ce627e65004334f080bf03","sha256":"0482bb689ee4b5e45e98728689015ddb8a7af203d67ec0ddba61e4e4704f1e18"},"dob":{"date":"1945-03-17T20:27:39.067Z","age":79},"registered":{"date":"2020-01-31T13:31:27.511Z","age":4},"phone":"077 924 94 74","cell":"079 661 75 39","id":{"name":"AVS","value":"756.8451.8106.36"},"picture":{"large":"https://randomuser.me/api/portraits/women/46.jpg","medium":"https://randomuser.me/api/portraits/med/women/46.jpg","thumbnail":"https://randomuser.me/api/portraits/thumb/women/46.jpg"},"nat":"CH"}],"info":{"seed":"aa2b9f1f00fad4f5","results":1,"page":1,"version":"1.4"}} 
 </msg>
<msg time="2024-07-18T15:17:11.313858" level="INFO">/opt/hostedtoolcache/Python/3.12.4/x64/lib/python3.12/site-packages/urllib3/connectionpool.py:1099: InsecureRequestWarning: Unverified HTTPS request is being made to host 'randomuser.me'. Adding certificate verification is strongly advised. See: https://urllib3.readthedocs.io/en/latest/advanced-usage.html#tls-warnings
  warnings.warn(</msg>
<msg time="2024-07-18T15:17:11.313996" level="INFO">${response} = &lt;Response [200]&gt;</msg>
<var>${response}</var>
<arg>consultarAPI</arg>
<arg>/api</arg>
<doc>Sends a GET request on a previously created HTTP Session.</doc>
<status status="PASS" start="2024-07-18T15:17:11.202918" elapsed="0.111120"/>
</kw>
<kw name="Set Variable" owner="BuiltIn">
<msg time="2024-07-18T15:17:11.315014" level="INFO">${json_data} = {'results': [{'gender': 'female', 'name': {'title': 'Mademoiselle', 'first': 'Murielle', 'last': 'Lacroix'}, 'location': {'street': {'number': 8972, 'name': "Rue de L'Abbé-De-L'Épée"}, 'city': 'Dinhar...</msg>
<var>${json_data}</var>
<arg>${response.json()}</arg>
<doc>Returns the given values which can then be assigned to a variables.</doc>
<status status="PASS" start="2024-07-18T15:17:11.314498" elapsed="0.000547"/>
</kw>
<kw name="Log" owner="BuiltIn">
<msg time="2024-07-18T15:17:11.315534" level="INFO">{'results': [{'gender': 'female', 'name': {'title': 'Mademoiselle', 'first': 'Murielle', 'last': 'Lacroix'}, 'location': {'street': {'number': 8972, 'name': "Rue de L'Abbé-De-L'Épée"}, 'city': 'Dinhard', 'state': 'Solothurn', 'country': 'Switzerland', 'postcode': 4726, 'coordinates': {'latitude': '-62.3282', 'longitude': '69.5523'}, 'timezone': {'offset': '0:00', 'description': 'Western Europe Time, London, Lisbon, Casablanca'}}, 'email': 'murielle.lacroix@example.com', 'login': {'uuid': 'b7b7e83a-9fd0-48d6-aaa6-c80e7368f46f', 'username': 'greenpeacock596', 'password': 'nipper', 'salt': '92cGYAzN', 'md5': '27cf4ee9a1584676f603f7be58c36a2d', 'sha1': 'b5b7b16a22b242baa8ce627e65004334f080bf03', 'sha256': '0482bb689ee4b5e45e98728689015ddb8a7af203d67ec0ddba61e4e4704f1e18'}, 'dob': {'date': '1945-03-17T20:27:39.067Z', 'age': 79}, 'registered': {'date': '2020-01-31T13:31:27.511Z', 'age': 4}, 'phone': '077 924 94 74', 'cell': '079 661 75 39', 'id': {'name': 'AVS', 'value': '756.8451.8106.36'}, 'picture': {'large': 'https://randomuser.me/api/portraits/women/46.jpg', 'medium': 'https://randomuser.me/api/portraits/med/women/46.jpg', 'thumbnail': 'https://randomuser.me/api/portraits/thumb/women/46.jpg'}, 'nat': 'CH'}], 'info': {'seed': 'aa2b9f1f00fad4f5', 'results': 1, 'page': 1, 'version': '1.4'}}</msg>
<arg>${json_data}</arg>
<doc>Logs the given message with the given level.</doc>
<status status="PASS" start="2024-07-18T15:17:11.315371" elapsed="0.000216"/>
</kw>
<kw name="Should Be Equal As Numbers" owner="BuiltIn">
<arg>${json_data['results'][0]['location']['postcode']}</arg>
<arg>${json_data['results'][0]['location']['postcode']}</arg>
<doc>Fails if objects are unequal after converting them to real numbers.</doc>
<status status="PASS" start="2024-07-18T15:17:11.315898" elapsed="0.000683"/>
</kw>
<kw name="Log" owner="BuiltIn">
<msg time="2024-07-18T15:17:11.317289" level="INFO">4726</msg>
<arg>${json_data['results'][0]['location']['postcode']}</arg>
<doc>Logs the given message with the given level.</doc>
<status status="PASS" start="2024-07-18T15:17:11.316782" elapsed="0.000549"/>
</kw>
<status status="PASS" start="2024-07-18T15:17:11.202672" elapsed="0.114948"/>
</kw>
<doc>Testa se os tipos de dados na resposta da API estão corretos.</doc>
<tag>testeTiposDados</tag>
<status status="PASS" start="2024-07-18T15:17:11.101421" elapsed="0.216366"/>
</test>
<test id="s1-s1-t5" name="Validar conteudo" line="35">
<kw name="Teste de Tipos de Conteudo" owner="random-user-service">
<kw name="GET On Session" owner="RequestsLibrary">
<msg time="2024-07-18T15:17:11.426274" level="INFO">GET Request : url=https://randomuser.me/api 
 path_url=/api 
 headers={'User-Agent': 'python-requests/2.32.3', 'Accept-Encoding': 'gzip, deflate', 'Accept': '*/*', 'Connection': 'keep-alive'} 
 body=None 
 </msg>
<msg time="2024-07-18T15:17:11.426375" level="INFO">GET Response : url=https://randomuser.me/api 
 status=200, reason=OK 
 headers={'Date': 'Thu, 18 Jul 2024 15:17:11 GMT', 'Content-Type': 'application/json; charset=utf-8', 'Transfer-Encoding': 'chunked', 'Connection': 'keep-alive', 'X-Powered-By': 'Express', 'Access-Control-Allow-Origin': '*', 'Cache-Control': 'no-cache', 'ETag': 'W/"485-WmoNJzLjlK2+9YTOy12gWTg8DIw"', 'Vary': 'Accept-Encoding', 'Content-Encoding': 'gzip', 'CF-Cache-Status': 'DYNAMIC', 'Report-To': '{"endpoints":[{"url":"https:\\/\\/a.nel.cloudflare.com\\/report\\/v4?s=NqpYylzOYeJO7yanFu9OD7JcJm1QZ41rDIw%2Bc1OnC3JbgPnTDHKA2U8GpZXptcBPsRjHMgd9ZfWL3haZqsdA88HjRpoX9Uxzjf%2F5QJu%2FBk8ORBzH9yeuWhyQcfaNoonK"}],"group":"cf-nel","max_age":604800}', 'NEL': '{"success_fraction":0,"report_to":"cf-nel","max_age":604800}', 'Server': 'cloudflare', 'CF-RAY': '8a536fe9cee5aaa6-SJC', 'alt-svc': 'h3=":443"; ma=86400'} 
 body={"results":[{"gender":"male","name":{"title":"Mr","first":"Ildefonso","last":"da Cunha"},"location":{"street":{"number":3578,"name":"Rua Pernambuco "},"city":"Poá","state":"Amapá","country":"Brazil","postcode":34889,"coordinates":{"latitude":"-77.2475","longitude":"-55.8017"},"timezone":{"offset":"+9:30","description":"Adelaide, Darwin"}},"email":"ildefonso.dacunha@example.com","login":{"uuid":"83e58b14-a089-4c2d-b0d5-f3eab32dbab1","username":"ticklishgoose959","password":"1018","salt":"PcHKVjY9","md5":"5a7080783585f354e95c0ec1dbaf7d8f","sha1":"221fc048dd913cc6dc8f0d5b92c89ea4676bcbc7","sha256":"e8804a5bead010ac5757fa77c855496fd571d66d7408b77d0e1556a776bfdc40"},"dob":{"date":"1958-01-22T11:25:41.117Z","age":66},"registered":{"date":"2021-01-19T19:06:05.453Z","age":3},"phone":"(62) 1876-7129","cell":"(81) 9869-4732","id":{"name":"CPF","value":"806.919.921-62"},"picture":{"large":"https://randomuser.me/api/portraits/men/67.jpg","medium":"https://randomuser.me/api/portraits/med/men/67.jpg","thumbnail":"https://randomuser.me/api/portraits/thumb/men/67.jpg"},"nat":"BR"}],"info":{"seed":"65c8b9c475dd3237","results":1,"page":1,"version":"1.4"}} 
 </msg>
<msg time="2024-07-18T15:17:11.426459" level="INFO">/opt/hostedtoolcache/Python/3.12.4/x64/lib/python3.12/site-packages/urllib3/connectionpool.py:1099: InsecureRequestWarning: Unverified HTTPS request is being made to host 'randomuser.me'. Adding certificate verification is strongly advised. See: https://urllib3.readthedocs.io/en/latest/advanced-usage.html#tls-warnings
  warnings.warn(</msg>
<msg time="2024-07-18T15:17:11.426613" level="INFO">${response} = &lt;Response [200]&gt;</msg>
<var>${response}</var>
<arg>consultarAPI</arg>
<arg>/api</arg>
<doc>Sends a GET request on a previously created HTTP Session.</doc>
<status status="PASS" start="2024-07-18T15:17:11.320361" elapsed="0.106306"/>
</kw>
<kw name="Set Variable" owner="BuiltIn">
<msg time="2024-07-18T15:17:11.427717" level="INFO">${json_data} = {'results': [{'gender': 'male', 'name': {'title': 'Mr', 'first': 'Ildefonso', 'last': 'da Cunha'}, 'location': {'street': {'number': 3578, 'name': 'Rua Pernambuco '}, 'city': 'Poá', 'state': 'Amapá', ...</msg>
<var>${json_data}</var>
<arg>${response.json()}</arg>
<doc>Returns the given values which can then be assigned to a variables.</doc>
<status status="PASS" start="2024-07-18T15:17:11.427160" elapsed="0.000588"/>
</kw>
<kw name="Set Variable" owner="BuiltIn">
<msg time="2024-07-18T15:17:11.428542" level="INFO">${name_title} = Mr</msg>
<var>${name_title}</var>
<arg>${json_data["results"][0]["name"]["title"]}</arg>
<doc>Returns the given values which can then be assigned to a variables.</doc>
<status status="PASS" start="2024-07-18T15:17:11.428093" elapsed="0.000476"/>
</kw>
<kw name="Create List" owner="BuiltIn">
<msg time="2024-07-18T15:17:11.429039" level="INFO">${allowed_titles} = ['Mr', 'Ms', 'Miss', 'Mrs', 'Madame', 'Monsieur']</msg>
<var>${allowed_titles}</var>
<arg>Mr</arg>
<arg>Ms</arg>
<arg>Miss</arg>
<arg>Mrs</arg>
<arg>Madame</arg>
<arg>Monsieur</arg>
<doc>Returns a list containing given items.</doc>
<status status="PASS" start="2024-07-18T15:17:11.428884" elapsed="0.000180"/>
</kw>
<kw name="List Should Contain Value" owner="Collections">
<arg>${allowed_titles}</arg>
<arg>${name_title}</arg>
<doc>Fails if the ``value`` is not found from ``list``.</doc>
<status status="PASS" start="2024-07-18T15:17:11.429377" elapsed="0.000187"/>
</kw>
<kw name="Set Variable" owner="BuiltIn">
<msg time="2024-07-18T15:17:11.430126" level="INFO">${name_country} = BR</msg>
<var>${name_country}</var>
<arg>${json_data["results"][0]["nat"]}</arg>
<doc>Returns the given values which can then be assigned to a variables.</doc>
<status status="PASS" start="2024-07-18T15:17:11.429752" elapsed="0.000400"/>
</kw>
<kw name="Create List" owner="BuiltIn">
<msg time="2024-07-18T15:17:11.431044" level="INFO">${list_country} = ['AD', 'AE', 'AF', 'AG', 'AI', 'AL', 'AM', 'AO', 'AQ', 'AR', 'AS', 'AT', 'AU', 'AW', 'AX', 'AZ', 'BA', 'BB', 'BD', 'BE', 'BF', 'BG', 'BH', 'BI', 'BJ', 'BL', 'BM', 'BN', 'BO', 'BQ', 'BR', 'BS', 'BT', '...</msg>
<var>${list_country}</var>
<arg>AD</arg>
<arg>AE</arg>
<arg>AF</arg>
<arg>AG</arg>
<arg>AI</arg>
<arg>AL</arg>
<arg>AM</arg>
<arg>AO</arg>
<arg>AQ</arg>
<arg>AR</arg>
<arg>AS</arg>
<arg>AT</arg>
<arg>AU</arg>
<arg>AW</arg>
<arg>AX</arg>
<arg>AZ</arg>
<arg>BA</arg>
<arg>BB</arg>
<arg>BD</arg>
<arg>BE</arg>
<arg>BF</arg>
<arg>BG</arg>
<arg>BH</arg>
<arg>BI</arg>
<arg>BJ</arg>
<arg>BL</arg>
<arg>BM</arg>
<arg>BN</arg>
<arg>BO</arg>
<arg>BQ</arg>
<arg>BR</arg>
<arg>BS</arg>
<arg>BT</arg>
<arg>BV</arg>
<arg>BW</arg>
<arg>BY</arg>
<arg>BZ</arg>
<arg>CA</arg>
<arg>CC</arg>
<arg>CD</arg>
<arg>CF</arg>
<arg>CG</arg>
<arg>CH</arg>
<arg>CI</arg>
<arg>CK</arg>
<arg>CL</arg>
<arg>CM</arg>
<arg>CN</arg>
<arg>CO</arg>
<arg>CR</arg>
<arg>CU</arg>
<arg>CV</arg>
<arg>CW</arg>
<arg>CX</arg>
<arg>CY</arg>
<arg>CZ</arg>
<arg>DE</arg>
<arg>DJ</arg>
<arg>DK</arg>
<arg>DM</arg>
<arg>DO</arg>
<arg>DZ</arg>
<arg>EC</arg>
<arg>EE</arg>
<arg>EG</arg>
<arg>EH</arg>
<arg>ER</arg>
<arg>ES</arg>
<arg>ET</arg>
<arg>FI</arg>
<arg>FJ</arg>
<arg>FK</arg>
<arg>FM</arg>
<arg>FO</arg>
<arg>FR</arg>
<arg>GA</arg>
<arg>GB</arg>
<arg>GD</arg>
<arg>GE</arg>
<arg>GF</arg>
<arg>GG</arg>
<arg>GH</arg>
<arg>GI</arg>
<arg>GL</arg>
<arg>GM</arg>
<arg>GN</arg>
<arg>GP</arg>
<arg>GQ</arg>
<arg>GR</arg>
<arg>GS</arg>
<arg>GT</arg>
<arg>GU</arg>
<arg>GW</arg>
<arg>GY</arg>
<arg>HK</arg>
<arg>HM</arg>
<arg>HN</arg>
<arg>HR</arg>
<arg>HT</arg>
<arg>HU</arg>
<arg>ID</arg>
<arg>IE</arg>
<arg>IL</arg>
<arg>IM</arg>
<arg>IN</arg>
<arg>IO</arg>
<arg>IQ</arg>
<arg>IR</arg>
<arg>IS</arg>
<arg>IT</arg>
<arg>JE</arg>
<arg>JM</arg>
<arg>JO</arg>
<arg>JP</arg>
<arg>KE</arg>
<arg>KG</arg>
<arg>KH</arg>
<arg>KI</arg>
<arg>KM</arg>
<arg>KN</arg>
<arg>KP</arg>
<arg>KR</arg>
<arg>KW</arg>
<arg>KY</arg>
<arg>KZ</arg>
<arg>LA</arg>
<arg>LB</arg>
<arg>LC</arg>
<arg>LI</arg>
<arg>LK</arg>
<arg>LR</arg>
<arg>LS</arg>
<arg>LT</arg>
<arg>LU</arg>
<arg>LV</arg>
<arg>LY</arg>
<arg>MA</arg>
<arg>MC</arg>
<arg>MD</arg>
<arg>ME</arg>
<arg>MF</arg>
<arg>MG</arg>
<arg>MH</arg>
<arg>MK</arg>
<arg>ML</arg>
<arg>MM</arg>
<arg>MN</arg>
<arg>MO</arg>
<arg>MP</arg>
<arg>MQ</arg>
<arg>MR</arg>
<arg>MS</arg>
<arg>MT</arg>
<arg>MU</arg>
<arg>MV</arg>
<arg>MW</arg>
<arg>MX</arg>
<arg>MY</arg>
<arg>MZ</arg>
<arg>NA</arg>
<arg>NC</arg>
<arg>NE</arg>
<arg>NF</arg>
<arg>NG</arg>
<arg>NI</arg>
<arg>NL</arg>
<arg>NO</arg>
<arg>NP</arg>
<arg>NR</arg>
<arg>NU</arg>
<arg>NZ</arg>
<arg>OM</arg>
<arg>PA</arg>
<arg>PE</arg>
<arg>PF</arg>
<arg>PG</arg>
<arg>PH</arg>
<arg>PK</arg>
<arg>PL</arg>
<arg>PM</arg>
<arg>PN</arg>
<arg>PR</arg>
<arg>PS</arg>
<arg>PT</arg>
<arg>PW</arg>
<arg>PY</arg>
<arg>QA</arg>
<arg>RE</arg>
<arg>RO</arg>
<arg>RS</arg>
<arg>RU</arg>
<arg>RW</arg>
<arg>SA</arg>
<arg>SB</arg>
<arg>SC</arg>
<arg>SD</arg>
<arg>SE</arg>
<arg>SG</arg>
<arg>SH</arg>
<arg>SI</arg>
<arg>SJ</arg>
<arg>SK</arg>
<arg>SL</arg>
<arg>SM</arg>
<arg>SN</arg>
<arg>SO</arg>
<arg>SR</arg>
<arg>SS</arg>
<arg>ST</arg>
<arg>SV</arg>
<arg>SX</arg>
<arg>SY</arg>
<arg>SZ</arg>
<arg>TC</arg>
<arg>TD</arg>
<arg>TF</arg>
<arg>TG</arg>
<arg>TH</arg>
<arg>TJ</arg>
<arg>TK</arg>
<arg>TL</arg>
<arg>TM</arg>
<arg>TN</arg>
<arg>TO</arg>
<arg>TR</arg>
<arg>TT</arg>
<arg>TV</arg>
<arg>TW</arg>
<arg>TZ</arg>
<arg>UA</arg>
<arg>UG</arg>
<arg>UM</arg>
<arg>US</arg>
<arg>UY</arg>
<arg>UZ</arg>
<arg>VA</arg>
<arg>VC</arg>
<arg>VE</arg>
<arg>VG</arg>
<arg>VI</arg>
<arg>VN</arg>
<arg>VU</arg>
<arg>WF</arg>
<arg>WS</arg>
<arg>XK</arg>
<arg>YE</arg>
<arg>YT</arg>
<arg>ZA</arg>
<arg>ZM</arg>
<arg>ZW</arg>
<doc>Returns a list containing given items.</doc>
<status status="PASS" start="2024-07-18T15:17:11.430448" elapsed="0.000622"/>
</kw>
<kw name="List Should Contain Value" owner="Collections">
<arg>${list_country}</arg>
<arg>${name_country}</arg>
<doc>Fails if the ``value`` is not found from ``list``.</doc>
<status status="PASS" start="2024-07-18T15:17:11.431872" elapsed="0.000205"/>
</kw>
<kw name="Run Keyword If" owner="BuiltIn">
<kw name="Should Be True" owner="BuiltIn">
<arg>${True}</arg>
<doc>Fails if the given condition is not true.</doc>
<status status="PASS" start="2024-07-18T15:17:11.433062" elapsed="0.000142"/>
</kw>
<arg>${json_data["results"][0]["location"]["coordinates"]["latitude"]} &gt;= -90 and ${json_data["results"][0]["location"]["coordinates"]["latitude"]} &lt;= 90</arg>
<arg>Should Be True</arg>
<arg>${True}</arg>
<doc>Runs the given keyword with the given arguments, if ``condition`` is true.</doc>
<status status="PASS" start="2024-07-18T15:17:11.432295" elapsed="0.001042"/>
</kw>
<kw name="Run Keyword If" owner="BuiltIn">
<kw name="Should Be True" owner="BuiltIn">
<arg>${True}</arg>
<doc>Fails if the given condition is not true.</doc>
<status status="PASS" start="2024-07-18T15:17:11.434251" elapsed="0.000242"/>
</kw>
<arg>${json_data["results"][0]["location"]["coordinates"]["longitude"]} &gt;= -180 and ${json_data["results"][0]["location"]["coordinates"]["longitude"]} &lt;= 180</arg>
<arg>Should Be True</arg>
<arg>${True}</arg>
<doc>Runs the given keyword with the given arguments, if ``condition`` is true.</doc>
<status status="PASS" start="2024-07-18T15:17:11.433542" elapsed="0.001082"/>
</kw>
<status status="PASS" start="2024-07-18T15:17:11.320088" elapsed="0.114671"/>
</kw>
<doc>Testa o conteúdo específico dos campos retornados pela API.</doc>
<tag>testeConteudo</tag>
<status status="PASS" start="2024-07-18T15:17:11.319564" elapsed="0.115347"/>
</test>
<status status="PASS" start="2024-07-18T15:17:10.499000" elapsed="0.937959"/>
</suite>
<status status="PASS" start="2024-07-18T15:17:10.484095" elapsed="0.957985"/>
</suite>
<statistics>
<total>
<stat pass="5" fail="0" skip="0">All Tests</stat>
</total>
<tag>
<stat pass="1" fail="0" skip="0">testeConteudo</stat>
<stat pass="1" fail="0" skip="0">testeEstruturaResposta</stat>
<stat pass="1" fail="0" skip="0">testeRequisicaoBasica</stat>
<stat pass="1" fail="0" skip="0">testeTiposDados</stat>
</tag>
<suite>
<stat pass="5" fail="0" skip="0" id="s1" name="Tests">Tests</stat>
<stat pass="5" fail="0" skip="0" id="s1-s1" name="Random-User-Test">Tests.Random-User-Test</stat>
</suite>
</statistics>
<errors>
</errors>
</robot>
