<?xml version="1.0" encoding="UTF-8"?>
<robot generator="Robot 7.0 (Python 3.12.2 on linux)" generated="2024-03-29T08:16:54.797735" rpa="false" schemaversion="5">
<suite id="s1" name="Tests" source="/home/runner/work/DesafioQAItauRogerioJordao/DesafioQAItauRogerioJordao/RamdonUser/tests">
<suite id="s1-s1" name="Random-User-Test" source="/home/runner/work/DesafioQAItauRogerioJordao/DesafioQAItauRogerioJordao/RamdonUser/tests/random-user-test.robot">
<test id="s1-s1-t1" name="Conectar" line="13">
<kw name="Conectar API" owner="random-user-service">
<kw name="Create Session" owner="RequestsLibrary">
<msg time="2024-03-29T08:16:55.255692" level="INFO">Creating Session using : alias=consultarAPI, url=https://randomuser.me/, headers={},                     cookies={}, auth=None, timeout=None, proxies=None, verify=False,                     debug=0 </msg>
<arg>consultarAPI</arg>
<arg>${URL}</arg>
<doc>Create Session: create a HTTP session to a server</doc>
<status status="PASS" start="2024-03-29T08:16:55.255480" elapsed="0.000395"/>
</kw>
<status status="PASS" start="2024-03-29T08:16:55.254409" elapsed="0.001837"/>
</kw>
<status status="PASS" start="2024-03-29T08:16:55.253812" elapsed="0.002642"/>
</test>
<test id="s1-s1-t2" name="Validar retorno 200 e JSON Válido" line="16">
<kw name="Teste de Requisicao Basica" owner="random-user-service">
<kw name="GET On Session" owner="RequestsLibrary">
<msg time="2024-03-29T08:16:55.313684" level="INFO">GET Request : url=https://randomuser.me/api 
 path_url=/api 
 headers={'User-Agent': 'python-requests/2.31.0', 'Accept-Encoding': 'gzip, deflate', 'Accept': '*/*', 'Connection': 'keep-alive'} 
 body=None 
 </msg>
<msg time="2024-03-29T08:16:55.313821" level="INFO">GET Response : url=https://randomuser.me/api 
 status=200, reason=OK 
 headers={'Date': 'Fri, 29 Mar 2024 08:16:55 GMT', 'Content-Type': 'application/json; charset=utf-8', 'Transfer-Encoding': 'chunked', 'Connection': 'keep-alive', 'X-Powered-By': 'Express', 'Access-Control-Allow-Origin': '*', 'Cache-Control': 'no-cache', 'ETag': 'W/"470-cjlxDexm/97O5219lF5ZmrwWToc"', 'Vary': 'Accept-Encoding', 'Content-Encoding': 'gzip', 'CF-Cache-Status': 'DYNAMIC', 'Report-To': '{"endpoints":[{"url":"https:\\/\\/a.nel.cloudflare.com\\/report\\/v4?s=LaM1sRJEWxI9FvSdhCsevnjXzaxMFNqW5wSVyk3SYlAXnaqw1jIDkWx5CuERt%2BVaZ%2Bz9yzSUZzcDqEzPLnND0hY%2Fu0RcELBzTqWkgGV5tQhT6D%2Bq8bI87E9IgfmNTcfV"}],"group":"cf-nel","max_age":604800}', 'NEL': '{"success_fraction":0,"report_to":"cf-nel","max_age":604800}', 'Server': 'cloudflare', 'CF-RAY': '86be6ba98fcf07d3-IAD', 'alt-svc': 'h3=":443"; ma=86400'} 
 body={"results":[{"gender":"male","name":{"title":"Mr","first":"Kent","last":"Lewis"},"location":{"street":{"number":1005,"name":"Pecan Acres Ln"},"city":"Cary","state":"Louisiana","country":"United States","postcode":65379,"coordinates":{"latitude":"86.8948","longitude":"-175.6007"},"timezone":{"offset":"-9:00","description":"Alaska"}},"email":"kent.lewis@example.com","login":{"uuid":"98119259-f83b-4943-87d0-74303ba8a94e","username":"ticklishbear537","password":"jiang","salt":"8FpSJtoF","md5":"34720d624135a0b5d012152ff9e960ec","sha1":"073573c7bc8e5d81e4db5bc0c52491f066c00102","sha256":"bdfaeb74cfcd64e2f751beae88e067c133c955d65d17987e0d184fdde434cf0c"},"dob":{"date":"1960-08-24T12:14:59.698Z","age":63},"registered":{"date":"2006-11-14T11:57:50.804Z","age":17},"phone":"(376) 665-2837","cell":"(560) 930-2754","id":{"name":"SSN","value":"197-88-0848"},"picture":{"large":"https://randomuser.me/api/portraits/men/4.jpg","medium":"https://randomuser.me/api/portraits/med/men/4.jpg","thumbnail":"https://randomuser.me/api/portraits/thumb/men/4.jpg"},"nat":"US"}],"info":{"seed":"88e5765527ec291c","results":1,"page":1,"version":"1.4"}} 
 </msg>
<msg time="2024-03-29T08:16:55.313920" level="INFO">/opt/hostedtoolcache/Python/3.12.2/x64/lib/python3.12/site-packages/urllib3/connectionpool.py:1103: InsecureRequestWarning: Unverified HTTPS request is being made to host 'randomuser.me'. Adding certificate verification is strongly advised. See: https://urllib3.readthedocs.io/en/latest/advanced-usage.html#tls-warnings
  warnings.warn(</msg>
<msg time="2024-03-29T08:16:55.314044" level="INFO">${response} = &lt;Response [200]&gt;</msg>
<var>${response}</var>
<arg>consultarAPI</arg>
<arg>/api</arg>
<doc>Sends a GET request on a previously created HTTP Session.</doc>
<status status="PASS" start="2024-03-29T08:16:55.259078" elapsed="0.055010"/>
</kw>
<kw name="Should Be Equal As Numbers" owner="BuiltIn">
<msg time="2024-03-29T08:16:55.315048" level="INFO">Argument types are:
&lt;class 'int'&gt;
&lt;class 'str'&gt;</msg>
<arg>${response.status_code}</arg>
<arg>200</arg>
<doc>Fails if objects are unequal after converting them to real numbers.</doc>
<status status="PASS" start="2024-03-29T08:16:55.314598" elapsed="0.000515"/>
</kw>
<kw name="Log" owner="BuiltIn">
<msg time="2024-03-29T08:16:55.315821" level="INFO">200</msg>
<arg>${response.status_code}</arg>
<doc>Logs the given message with the given level.</doc>
<status status="PASS" start="2024-03-29T08:16:55.315448" elapsed="0.000416"/>
</kw>
<kw name="Set Variable" owner="BuiltIn">
<msg time="2024-03-29T08:16:55.316640" level="INFO">${json_data} = {'results': [{'gender': 'male', 'name': {'title': 'Mr', 'first': 'Kent', 'last': 'Lewis'}, 'location': {'street': {'number': 1005, 'name': 'Pecan Acres Ln'}, 'city': 'Cary', 'state': 'Louisiana', 'cou...</msg>
<var>${json_data}</var>
<arg>${response.json()}</arg>
<doc>Returns the given values which can then be assigned to a variables.</doc>
<status status="PASS" start="2024-03-29T08:16:55.316202" elapsed="0.000465"/>
</kw>
<kw name="Dictionary Should Contain Key" owner="Collections">
<msg time="2024-03-29T08:16:55.317137" level="INFO">False</msg>
<arg>${json_data}</arg>
<arg>results</arg>
<doc>Fails if ``key`` is not found from ``dictionary``.</doc>
<status status="PASS" start="2024-03-29T08:16:55.316969" elapsed="0.000207"/>
</kw>
<status status="PASS" start="2024-03-29T08:16:55.258823" elapsed="0.058608"/>
</kw>
<doc>Testa se a API responde corretamente e retorna um objeto JSON válido.</doc>
<tag>testeRequisicaoBasica</tag>
<status status="PASS" start="2024-03-29T08:16:55.258336" elapsed="0.059279"/>
</test>
<test id="s1-s1-t3" name="Validar estrutura de resposta" line="22">
<kw name="Teste de Estrutura de Resposta" owner="random-user-service">
<kw name="GET On Session" owner="RequestsLibrary">
<msg time="2024-03-29T08:16:55.420055" level="INFO">GET Request : url=https://randomuser.me/api 
 path_url=/api 
 headers={'User-Agent': 'python-requests/2.31.0', 'Accept-Encoding': 'gzip, deflate', 'Accept': '*/*', 'Connection': 'keep-alive'} 
 body=None 
 </msg>
<msg time="2024-03-29T08:16:55.420149" level="INFO">GET Response : url=https://randomuser.me/api 
 status=200, reason=OK 
 headers={'Date': 'Fri, 29 Mar 2024 08:16:55 GMT', 'Content-Type': 'application/json; charset=utf-8', 'Transfer-Encoding': 'chunked', 'Connection': 'keep-alive', 'X-Powered-By': 'Express', 'Access-Control-Allow-Origin': '*', 'Cache-Control': 'no-cache', 'ETag': 'W/"4ac-vKqevGW05zRqTB7kylRLliaXhrs"', 'Vary': 'Accept-Encoding', 'Content-Encoding': 'gzip', 'CF-Cache-Status': 'DYNAMIC', 'Report-To': '{"endpoints":[{"url":"https:\\/\\/a.nel.cloudflare.com\\/report\\/v4?s=WMegb0KbON2GSngcpI%2FOyufdX48yLOCGhE6dADT9AorBO%2BJ5nU%2Br9ZjGgOgrx2u5hC279dEXniz%2FeQGJ7pU0IqjillWvdA1SJPQHuww00nLG1iveTYbwe3EFFAX30tZU"}],"group":"cf-nel","max_age":604800}', 'NEL': '{"success_fraction":0,"report_to":"cf-nel","max_age":604800}', 'Server': 'cloudflare', 'CF-RAY': '86be6ba9c80607d3-IAD', 'alt-svc': 'h3=":443"; ma=86400'} 
 body={"results":[{"gender":"female","name":{"title":"Ms","first":"Yashika","last":"Chatterjee"},"location":{"street":{"number":3970,"name":"Ranganathan St"},"city":"Anantapuram","state":"Andhra Pradesh","country":"India","postcode":37798,"coordinates":{"latitude":"5.5894","longitude":"126.9746"},"timezone":{"offset":"+11:00","description":"Magadan, Solomon Islands, New Caledonia"}},"email":"yashika.chatterjee@example.com","login":{"uuid":"f3bf6b10-413b-4936-bb39-e7af38592095","username":"organictiger538","password":"christin","salt":"hmRJozCR","md5":"7f666db9cea81e09d73133adf9c0f3fb","sha1":"11fbf5819f4b74f3b3a42ac3a094546d479c4867","sha256":"c5616572f7e2870c27e18e4cf3f587396e0aec8d84a38937e5b7444664e68b0e"},"dob":{"date":"1981-05-03T23:29:19.915Z","age":42},"registered":{"date":"2021-04-23T13:59:36.552Z","age":2},"phone":"8351053173","cell":"8166747501","id":{"name":"UIDAI","value":"584975856214"},"picture":{"large":"https://randomuser.me/api/portraits/women/22.jpg","medium":"https://randomuser.me/api/portraits/med/women/22.jpg","thumbnail":"https://randomuser.me/api/portraits/thumb/women/22.jpg"},"nat":"IN"}],"info":{"seed":"afdef3779af449be","results":1,"page":1,"version":"1.4"}} 
 </msg>
<msg time="2024-03-29T08:16:55.420298" level="INFO">/opt/hostedtoolcache/Python/3.12.2/x64/lib/python3.12/site-packages/urllib3/connectionpool.py:1103: InsecureRequestWarning: Unverified HTTPS request is being made to host 'randomuser.me'. Adding certificate verification is strongly advised. See: https://urllib3.readthedocs.io/en/latest/advanced-usage.html#tls-warnings
  warnings.warn(</msg>
<msg time="2024-03-29T08:16:55.420419" level="INFO">${response} = &lt;Response [200]&gt;</msg>
<var>${response}</var>
<arg>consultarAPI</arg>
<arg>/api</arg>
<doc>Sends a GET request on a previously created HTTP Session.</doc>
<status status="PASS" start="2024-03-29T08:16:55.320406" elapsed="0.100046"/>
</kw>
<kw name="Set Variable" owner="BuiltIn">
<msg time="2024-03-29T08:16:55.421504" level="INFO">${json_data} = {'results': [{'gender': 'female', 'name': {'title': 'Ms', 'first': 'Yashika', 'last': 'Chatterjee'}, 'location': {'street': {'number': 3970, 'name': 'Ranganathan St'}, 'city': 'Anantapuram', 'state': ...</msg>
<var>${json_data}</var>
<arg>${response.json()}</arg>
<doc>Returns the given values which can then be assigned to a variables.</doc>
<status status="PASS" start="2024-03-29T08:16:55.420975" elapsed="0.000558"/>
</kw>
<kw name="Log" owner="BuiltIn">
<msg time="2024-03-29T08:16:55.422048" level="INFO">{'results': [{'gender': 'female', 'name': {'title': 'Ms', 'first': 'Yashika', 'last': 'Chatterjee'}, 'location': {'street': {'number': 3970, 'name': 'Ranganathan St'}, 'city': 'Anantapuram', 'state': 'Andhra Pradesh', 'country': 'India', 'postcode': 37798, 'coordinates': {'latitude': '5.5894', 'longitude': '126.9746'}, 'timezone': {'offset': '+11:00', 'description': 'Magadan, Solomon Islands, New Caledonia'}}, 'email': 'yashika.chatterjee@example.com', 'login': {'uuid': 'f3bf6b10-413b-4936-bb39-e7af38592095', 'username': 'organictiger538', 'password': 'christin', 'salt': 'hmRJozCR', 'md5': '7f666db9cea81e09d73133adf9c0f3fb', 'sha1': '11fbf5819f4b74f3b3a42ac3a094546d479c4867', 'sha256': 'c5616572f7e2870c27e18e4cf3f587396e0aec8d84a38937e5b7444664e68b0e'}, 'dob': {'date': '1981-05-03T23:29:19.915Z', 'age': 42}, 'registered': {'date': '2021-04-23T13:59:36.552Z', 'age': 2}, 'phone': '8351053173', 'cell': '8166747501', 'id': {'name': 'UIDAI', 'value': '584975856214'}, 'picture': {'large': 'https://randomuser.me/api/portraits/women/22.jpg', 'medium': 'https://randomuser.me/api/portraits/med/women/22.jpg', 'thumbnail': 'https://randomuser.me/api/portraits/thumb/women/22.jpg'}, 'nat': 'IN'}], 'info': {'seed': 'afdef3779af449be', 'results': 1, 'page': 1, 'version': '1.4'}}</msg>
<arg>${json_data}</arg>
<doc>Logs the given message with the given level.</doc>
<status status="PASS" start="2024-03-29T08:16:55.421878" elapsed="0.000218"/>
</kw>
<kw name="Dictionary Should Contain Key" owner="Collections">
<msg time="2024-03-29T08:16:55.422627" level="INFO">False</msg>
<arg>${json_data}</arg>
<arg>results</arg>
<doc>Fails if ``key`` is not found from ``dictionary``.</doc>
<status status="PASS" start="2024-03-29T08:16:55.422461" elapsed="0.000205"/>
</kw>
<kw name="Should Not Be Empty" owner="BuiltIn">
<msg time="2024-03-29T08:16:55.423115" level="INFO">Length is 2.</msg>
<arg>${json_data}</arg>
<doc>Verifies that the given item is not empty.</doc>
<status status="PASS" start="2024-03-29T08:16:55.422977" elapsed="0.000179"/>
</kw>
<kw name="Create List" owner="BuiltIn">
<msg time="2024-03-29T08:16:55.423608" level="INFO">${expected_keys} = ['gender', 'name', 'location', 'email', 'login']</msg>
<var>${expected_keys}</var>
<arg>gender</arg>
<arg>name</arg>
<arg>location</arg>
<arg>email</arg>
<arg>login</arg>
<doc>Returns a list containing given items.</doc>
<status status="PASS" start="2024-03-29T08:16:55.423457" elapsed="0.000175"/>
</kw>
<for flavor="IN">
<iter>
<kw name="Dictionary Should Contain Key" owner="Collections">
<msg time="2024-03-29T08:16:55.424647" level="INFO">False</msg>
<arg>${json_data['results'][0]}</arg>
<arg>${key}</arg>
<doc>Fails if ``key`` is not found from ``dictionary``.</doc>
<status status="PASS" start="2024-03-29T08:16:55.424217" elapsed="0.000470"/>
</kw>
<kw name="Log" owner="BuiltIn">
<msg time="2024-03-29T08:16:55.425368" level="INFO">{'gender': 'female', 'name': {'title': 'Ms', 'first': 'Yashika', 'last': 'Chatterjee'}, 'location': {'street': {'number': 3970, 'name': 'Ranganathan St'}, 'city': 'Anantapuram', 'state': 'Andhra Pradesh', 'country': 'India', 'postcode': 37798, 'coordinates': {'latitude': '5.5894', 'longitude': '126.9746'}, 'timezone': {'offset': '+11:00', 'description': 'Magadan, Solomon Islands, New Caledonia'}}, 'email': 'yashika.chatterjee@example.com', 'login': {'uuid': 'f3bf6b10-413b-4936-bb39-e7af38592095', 'username': 'organictiger538', 'password': 'christin', 'salt': 'hmRJozCR', 'md5': '7f666db9cea81e09d73133adf9c0f3fb', 'sha1': '11fbf5819f4b74f3b3a42ac3a094546d479c4867', 'sha256': 'c5616572f7e2870c27e18e4cf3f587396e0aec8d84a38937e5b7444664e68b0e'}, 'dob': {'date': '1981-05-03T23:29:19.915Z', 'age': 42}, 'registered': {'date': '2021-04-23T13:59:36.552Z', 'age': 2}, 'phone': '8351053173', 'cell': '8166747501', 'id': {'name': 'UIDAI', 'value': '584975856214'}, 'picture': {'large': 'https://randomuser.me/api/portraits/women/22.jpg', 'medium': 'https://randomuser.me/api/portraits/med/women/22.jpg', 'thumbnail': 'https://randomuser.me/api/portraits/thumb/women/22.jpg'}, 'nat': 'IN'}</msg>
<arg>${json_data['results'][0]}</arg>
<doc>Logs the given message with the given level.</doc>
<status status="PASS" start="2024-03-29T08:16:55.424995" elapsed="0.000427"/>
</kw>
<kw name="Log" owner="BuiltIn">
<msg time="2024-03-29T08:16:55.425871" level="INFO">gender</msg>
<arg>${key}</arg>
<doc>Logs the given message with the given level.</doc>
<status status="PASS" start="2024-03-29T08:16:55.425729" elapsed="0.000180"/>
</kw>
<var name="${key}">gender</var>
<status status="PASS" start="2024-03-29T08:16:55.424089" elapsed="0.002050"/>
</iter>
<iter>
<kw name="Dictionary Should Contain Key" owner="Collections">
<msg time="2024-03-29T08:16:55.426877" level="INFO">False</msg>
<arg>${json_data['results'][0]}</arg>
<arg>${key}</arg>
<doc>Fails if ``key`` is not found from ``dictionary``.</doc>
<status status="PASS" start="2024-03-29T08:16:55.426474" elapsed="0.000479"/>
</kw>
<kw name="Log" owner="BuiltIn">
<msg time="2024-03-29T08:16:55.427622" level="INFO">{'gender': 'female', 'name': {'title': 'Ms', 'first': 'Yashika', 'last': 'Chatterjee'}, 'location': {'street': {'number': 3970, 'name': 'Ranganathan St'}, 'city': 'Anantapuram', 'state': 'Andhra Pradesh', 'country': 'India', 'postcode': 37798, 'coordinates': {'latitude': '5.5894', 'longitude': '126.9746'}, 'timezone': {'offset': '+11:00', 'description': 'Magadan, Solomon Islands, New Caledonia'}}, 'email': 'yashika.chatterjee@example.com', 'login': {'uuid': 'f3bf6b10-413b-4936-bb39-e7af38592095', 'username': 'organictiger538', 'password': 'christin', 'salt': 'hmRJozCR', 'md5': '7f666db9cea81e09d73133adf9c0f3fb', 'sha1': '11fbf5819f4b74f3b3a42ac3a094546d479c4867', 'sha256': 'c5616572f7e2870c27e18e4cf3f587396e0aec8d84a38937e5b7444664e68b0e'}, 'dob': {'date': '1981-05-03T23:29:19.915Z', 'age': 42}, 'registered': {'date': '2021-04-23T13:59:36.552Z', 'age': 2}, 'phone': '8351053173', 'cell': '8166747501', 'id': {'name': 'UIDAI', 'value': '584975856214'}, 'picture': {'large': 'https://randomuser.me/api/portraits/women/22.jpg', 'medium': 'https://randomuser.me/api/portraits/med/women/22.jpg', 'thumbnail': 'https://randomuser.me/api/portraits/thumb/women/22.jpg'}, 'nat': 'IN'}</msg>
<arg>${json_data['results'][0]}</arg>
<doc>Logs the given message with the given level.</doc>
<status status="PASS" start="2024-03-29T08:16:55.427262" elapsed="0.000407"/>
</kw>
<kw name="Log" owner="BuiltIn">
<msg time="2024-03-29T08:16:55.428098" level="INFO">name</msg>
<arg>${key}</arg>
<doc>Logs the given message with the given level.</doc>
<status status="PASS" start="2024-03-29T08:16:55.427970" elapsed="0.000166"/>
</kw>
<var name="${key}">name</var>
<status status="PASS" start="2024-03-29T08:16:55.426359" elapsed="0.001993"/>
</iter>
<iter>
<kw name="Dictionary Should Contain Key" owner="Collections">
<msg time="2024-03-29T08:16:55.429037" level="INFO">False</msg>
<arg>${json_data['results'][0]}</arg>
<arg>${key}</arg>
<doc>Fails if ``key`` is not found from ``dictionary``.</doc>
<status status="PASS" start="2024-03-29T08:16:55.428662" elapsed="0.000411"/>
</kw>
<kw name="Log" owner="BuiltIn">
<msg time="2024-03-29T08:16:55.429754" level="INFO">{'gender': 'female', 'name': {'title': 'Ms', 'first': 'Yashika', 'last': 'Chatterjee'}, 'location': {'street': {'number': 3970, 'name': 'Ranganathan St'}, 'city': 'Anantapuram', 'state': 'Andhra Pradesh', 'country': 'India', 'postcode': 37798, 'coordinates': {'latitude': '5.5894', 'longitude': '126.9746'}, 'timezone': {'offset': '+11:00', 'description': 'Magadan, Solomon Islands, New Caledonia'}}, 'email': 'yashika.chatterjee@example.com', 'login': {'uuid': 'f3bf6b10-413b-4936-bb39-e7af38592095', 'username': 'organictiger538', 'password': 'christin', 'salt': 'hmRJozCR', 'md5': '7f666db9cea81e09d73133adf9c0f3fb', 'sha1': '11fbf5819f4b74f3b3a42ac3a094546d479c4867', 'sha256': 'c5616572f7e2870c27e18e4cf3f587396e0aec8d84a38937e5b7444664e68b0e'}, 'dob': {'date': '1981-05-03T23:29:19.915Z', 'age': 42}, 'registered': {'date': '2021-04-23T13:59:36.552Z', 'age': 2}, 'phone': '8351053173', 'cell': '8166747501', 'id': {'name': 'UIDAI', 'value': '584975856214'}, 'picture': {'large': 'https://randomuser.me/api/portraits/women/22.jpg', 'medium': 'https://randomuser.me/api/portraits/med/women/22.jpg', 'thumbnail': 'https://randomuser.me/api/portraits/thumb/women/22.jpg'}, 'nat': 'IN'}</msg>
<arg>${json_data['results'][0]}</arg>
<doc>Logs the given message with the given level.</doc>
<status status="PASS" start="2024-03-29T08:16:55.429383" elapsed="0.000422"/>
</kw>
<kw name="Log" owner="BuiltIn">
<msg time="2024-03-29T08:16:55.430255" level="INFO">location</msg>
<arg>${key}</arg>
<doc>Logs the given message with the given level.</doc>
<status status="PASS" start="2024-03-29T08:16:55.430107" elapsed="0.000199"/>
</kw>
<var name="${key}">location</var>
<status status="PASS" start="2024-03-29T08:16:55.428541" elapsed="0.001984"/>
</iter>
<iter>
<kw name="Dictionary Should Contain Key" owner="Collections">
<msg time="2024-03-29T08:16:55.431205" level="INFO">False</msg>
<arg>${json_data['results'][0]}</arg>
<arg>${key}</arg>
<doc>Fails if ``key`` is not found from ``dictionary``.</doc>
<status status="PASS" start="2024-03-29T08:16:55.430827" elapsed="0.000415"/>
</kw>
<kw name="Log" owner="BuiltIn">
<msg time="2024-03-29T08:16:55.431900" level="INFO">{'gender': 'female', 'name': {'title': 'Ms', 'first': 'Yashika', 'last': 'Chatterjee'}, 'location': {'street': {'number': 3970, 'name': 'Ranganathan St'}, 'city': 'Anantapuram', 'state': 'Andhra Pradesh', 'country': 'India', 'postcode': 37798, 'coordinates': {'latitude': '5.5894', 'longitude': '126.9746'}, 'timezone': {'offset': '+11:00', 'description': 'Magadan, Solomon Islands, New Caledonia'}}, 'email': 'yashika.chatterjee@example.com', 'login': {'uuid': 'f3bf6b10-413b-4936-bb39-e7af38592095', 'username': 'organictiger538', 'password': 'christin', 'salt': 'hmRJozCR', 'md5': '7f666db9cea81e09d73133adf9c0f3fb', 'sha1': '11fbf5819f4b74f3b3a42ac3a094546d479c4867', 'sha256': 'c5616572f7e2870c27e18e4cf3f587396e0aec8d84a38937e5b7444664e68b0e'}, 'dob': {'date': '1981-05-03T23:29:19.915Z', 'age': 42}, 'registered': {'date': '2021-04-23T13:59:36.552Z', 'age': 2}, 'phone': '8351053173', 'cell': '8166747501', 'id': {'name': 'UIDAI', 'value': '584975856214'}, 'picture': {'large': 'https://randomuser.me/api/portraits/women/22.jpg', 'medium': 'https://randomuser.me/api/portraits/med/women/22.jpg', 'thumbnail': 'https://randomuser.me/api/portraits/thumb/women/22.jpg'}, 'nat': 'IN'}</msg>
<arg>${json_data['results'][0]}</arg>
<doc>Logs the given message with the given level.</doc>
<status status="PASS" start="2024-03-29T08:16:55.431541" elapsed="0.000407"/>
</kw>
<kw name="Log" owner="BuiltIn">
<msg time="2024-03-29T08:16:55.432369" level="INFO">email</msg>
<arg>${key}</arg>
<doc>Logs the given message with the given level.</doc>
<status status="PASS" start="2024-03-29T08:16:55.432242" elapsed="0.000164"/>
</kw>
<var name="${key}">email</var>
<status status="PASS" start="2024-03-29T08:16:55.430708" elapsed="0.001912"/>
</iter>
<iter>
<kw name="Dictionary Should Contain Key" owner="Collections">
<msg time="2024-03-29T08:16:55.433301" level="INFO">False</msg>
<arg>${json_data['results'][0]}</arg>
<arg>${key}</arg>
<doc>Fails if ``key`` is not found from ``dictionary``.</doc>
<status status="PASS" start="2024-03-29T08:16:55.432911" elapsed="0.000427"/>
</kw>
<kw name="Log" owner="BuiltIn">
<msg time="2024-03-29T08:16:55.434000" level="INFO">{'gender': 'female', 'name': {'title': 'Ms', 'first': 'Yashika', 'last': 'Chatterjee'}, 'location': {'street': {'number': 3970, 'name': 'Ranganathan St'}, 'city': 'Anantapuram', 'state': 'Andhra Pradesh', 'country': 'India', 'postcode': 37798, 'coordinates': {'latitude': '5.5894', 'longitude': '126.9746'}, 'timezone': {'offset': '+11:00', 'description': 'Magadan, Solomon Islands, New Caledonia'}}, 'email': 'yashika.chatterjee@example.com', 'login': {'uuid': 'f3bf6b10-413b-4936-bb39-e7af38592095', 'username': 'organictiger538', 'password': 'christin', 'salt': 'hmRJozCR', 'md5': '7f666db9cea81e09d73133adf9c0f3fb', 'sha1': '11fbf5819f4b74f3b3a42ac3a094546d479c4867', 'sha256': 'c5616572f7e2870c27e18e4cf3f587396e0aec8d84a38937e5b7444664e68b0e'}, 'dob': {'date': '1981-05-03T23:29:19.915Z', 'age': 42}, 'registered': {'date': '2021-04-23T13:59:36.552Z', 'age': 2}, 'phone': '8351053173', 'cell': '8166747501', 'id': {'name': 'UIDAI', 'value': '584975856214'}, 'picture': {'large': 'https://randomuser.me/api/portraits/women/22.jpg', 'medium': 'https://randomuser.me/api/portraits/med/women/22.jpg', 'thumbnail': 'https://randomuser.me/api/portraits/thumb/women/22.jpg'}, 'nat': 'IN'}</msg>
<arg>${json_data['results'][0]}</arg>
<doc>Logs the given message with the given level.</doc>
<status status="PASS" start="2024-03-29T08:16:55.433634" elapsed="0.000420"/>
</kw>
<kw name="Log" owner="BuiltIn">
<msg time="2024-03-29T08:16:55.434542" level="INFO">login</msg>
<arg>${key}</arg>
<doc>Logs the given message with the given level.</doc>
<status status="PASS" start="2024-03-29T08:16:55.434374" elapsed="0.000312"/>
</kw>
<var name="${key}">login</var>
<status status="PASS" start="2024-03-29T08:16:55.432795" elapsed="0.002134"/>
</iter>
<var>${key}</var>
<value>@{expected_keys}</value>
<status status="PASS" start="2024-03-29T08:16:55.423894" elapsed="0.011161"/>
</for>
<kw name="Create List" owner="BuiltIn">
<msg time="2024-03-29T08:16:55.435392" level="INFO">${expected_keysTwo} = ['username', 'password']</msg>
<var>${expected_keysTwo}</var>
<arg>username</arg>
<arg>password</arg>
<doc>Returns a list containing given items.</doc>
<status status="PASS" start="2024-03-29T08:16:55.435252" elapsed="0.000164"/>
</kw>
<for flavor="IN">
<iter>
<kw name="Dictionary Should Contain Key" owner="Collections">
<msg time="2024-03-29T08:16:55.436302" level="INFO">False</msg>
<arg>${json_data['results'][0]['login']}</arg>
<arg>${keyTwo}</arg>
<doc>Fails if ``key`` is not found from ``dictionary``.</doc>
<status status="PASS" start="2024-03-29T08:16:55.435920" elapsed="0.000418"/>
</kw>
<kw name="Dictionary Should Contain Key" owner="Collections">
<msg time="2024-03-29T08:16:55.437035" level="INFO">False</msg>
<arg>${json_data['results'][0]['login']}</arg>
<arg>${keyTwo}</arg>
<doc>Fails if ``key`` is not found from ``dictionary``.</doc>
<status status="PASS" start="2024-03-29T08:16:55.436643" elapsed="0.000429"/>
</kw>
<kw name="Log" owner="BuiltIn">
<msg time="2024-03-29T08:16:55.437488" level="INFO">username</msg>
<arg>${keyTwo}</arg>
<doc>Logs the given message with the given level.</doc>
<status status="PASS" start="2024-03-29T08:16:55.437362" elapsed="0.000163"/>
</kw>
<var name="${keyTwo}">username</var>
<status status="PASS" start="2024-03-29T08:16:55.435810" elapsed="0.001936"/>
</iter>
<iter>
<kw name="Dictionary Should Contain Key" owner="Collections">
<msg time="2024-03-29T08:16:55.438453" level="INFO">False</msg>
<arg>${json_data['results'][0]['login']}</arg>
<arg>${keyTwo}</arg>
<doc>Fails if ``key`` is not found from ``dictionary``.</doc>
<status status="PASS" start="2024-03-29T08:16:55.438039" elapsed="0.000451"/>
</kw>
<kw name="Dictionary Should Contain Key" owner="Collections">
<msg time="2024-03-29T08:16:55.439161" level="INFO">False</msg>
<arg>${json_data['results'][0]['login']}</arg>
<arg>${keyTwo}</arg>
<doc>Fails if ``key`` is not found from ``dictionary``.</doc>
<status status="PASS" start="2024-03-29T08:16:55.438784" elapsed="0.000413"/>
</kw>
<kw name="Log" owner="BuiltIn">
<msg time="2024-03-29T08:16:55.439613" level="INFO">password</msg>
<arg>${keyTwo}</arg>
<doc>Logs the given message with the given level.</doc>
<status status="PASS" start="2024-03-29T08:16:55.439486" elapsed="0.000163"/>
</kw>
<var name="${keyTwo}">password</var>
<status status="PASS" start="2024-03-29T08:16:55.437929" elapsed="0.001932"/>
</iter>
<var>${keyTwo}</var>
<value>@{expected_keysTwo}</value>
<status status="PASS" start="2024-03-29T08:16:55.435655" elapsed="0.004330"/>
</for>
<status status="PASS" start="2024-03-29T08:16:55.320166" elapsed="0.119971"/>
</kw>
<doc>Testa a estrutura da resposta da API.</doc>
<tag>testeEstruturaResposta</tag>
<status status="PASS" start="2024-03-29T08:16:55.319500" elapsed="0.120810"/>
</test>
<test id="s1-s1-t4" name="Validar tipos de dados" line="28">
<kw name="Teste de Tipos de Dados" owner="random-user-service">
<kw name="GET On Session" owner="RequestsLibrary">
<msg time="2024-03-29T08:16:55.514811" level="INFO">GET Request : url=https://randomuser.me/api 
 path_url=/api 
 headers={'User-Agent': 'python-requests/2.31.0', 'Accept-Encoding': 'gzip, deflate', 'Accept': '*/*', 'Connection': 'keep-alive'} 
 body=None 
 </msg>
<msg time="2024-03-29T08:16:55.514897" level="INFO">GET Response : url=https://randomuser.me/api 
 status=200, reason=OK 
 headers={'Date': 'Fri, 29 Mar 2024 08:16:55 GMT', 'Content-Type': 'application/json; charset=utf-8', 'Transfer-Encoding': 'chunked', 'Connection': 'keep-alive', 'X-Powered-By': 'Express', 'Access-Control-Allow-Origin': '*', 'Cache-Control': 'no-cache', 'ETag': 'W/"490-z/d92hmG+NBcAf4bCKGUbr2HRiU"', 'Vary': 'Accept-Encoding', 'Content-Encoding': 'gzip', 'CF-Cache-Status': 'DYNAMIC', 'Report-To': '{"endpoints":[{"url":"https:\\/\\/a.nel.cloudflare.com\\/report\\/v4?s=jhU3Y%2F0PBviT82LusZ7P95JklbuOxpujZojNV%2FR%2BN4tj%2B5Zw78q5xwwcL0d7bYDdwIzIlPElfexBYsGQjiDJPZeoWbES6P1znVVdRACWMxYNS39WsoTCsxc5mAsVskYB"}],"group":"cf-nel","max_age":604800}', 'NEL': '{"success_fraction":0,"report_to":"cf-nel","max_age":604800}', 'Server': 'cloudflare', 'CF-RAY': '86be6baa88a307d3-IAD', 'alt-svc': 'h3=":443"; ma=86400'} 
 body={"results":[{"gender":"female","name":{"title":"Mrs","first":"Magnólia","last":"Caldeira"},"location":{"street":{"number":657,"name":"Rua Um"},"city":"Vila Velha","state":"Pernambuco","country":"Brazil","postcode":32767,"coordinates":{"latitude":"-73.9682","longitude":"15.4710"},"timezone":{"offset":"-11:00","description":"Midway Island, Samoa"}},"email":"magnolia.caldeira@example.com","login":{"uuid":"a1801ef9-42c9-4060-a11e-006b21ec4d65","username":"whitebear144","password":"adonis","salt":"lWKbxbhf","md5":"adc84db1c614f6e436e7edd8979a4d1e","sha1":"86fa643684820b4b7980fdd90978e1b7eb86d2aa","sha256":"015cf6d7c418957c956393dcf00aab70ff227d85910e6aef93873a568c24c22e"},"dob":{"date":"1967-08-09T00:41:25.524Z","age":56},"registered":{"date":"2016-10-23T04:01:46.387Z","age":7},"phone":"(09) 7283-3227","cell":"(45) 8335-5062","id":{"name":"CPF","value":"139.929.459-56"},"picture":{"large":"https://randomuser.me/api/portraits/women/16.jpg","medium":"https://randomuser.me/api/portraits/med/women/16.jpg","thumbnail":"https://randomuser.me/api/portraits/thumb/women/16.jpg"},"nat":"BR"}],"info":{"seed":"03c1b73045b54eb2","results":1,"page":1,"version":"1.4"}} 
 </msg>
<msg time="2024-03-29T08:16:55.514968" level="INFO">/opt/hostedtoolcache/Python/3.12.2/x64/lib/python3.12/site-packages/urllib3/connectionpool.py:1103: InsecureRequestWarning: Unverified HTTPS request is being made to host 'randomuser.me'. Adding certificate verification is strongly advised. See: https://urllib3.readthedocs.io/en/latest/advanced-usage.html#tls-warnings
  warnings.warn(</msg>
<msg time="2024-03-29T08:16:55.515080" level="INFO">${response} = &lt;Response [200]&gt;</msg>
<var>${response}</var>
<arg>consultarAPI</arg>
<arg>/api</arg>
<doc>Sends a GET request on a previously created HTTP Session.</doc>
<status status="PASS" start="2024-03-29T08:16:55.442825" elapsed="0.072295"/>
</kw>
<kw name="Set Variable" owner="BuiltIn">
<msg time="2024-03-29T08:16:55.516044" level="INFO">${json_data} = {'results': [{'gender': 'female', 'name': {'title': 'Mrs', 'first': 'Magnólia', 'last': 'Caldeira'}, 'location': {'street': {'number': 657, 'name': 'Rua Um'}, 'city': 'Vila Velha', 'state': 'Pernambuc...</msg>
<var>${json_data}</var>
<arg>${response.json()}</arg>
<doc>Returns the given values which can then be assigned to a variables.</doc>
<status status="PASS" start="2024-03-29T08:16:55.515558" elapsed="0.000515"/>
</kw>
<kw name="Log" owner="BuiltIn">
<msg time="2024-03-29T08:16:55.516569" level="INFO">{'results': [{'gender': 'female', 'name': {'title': 'Mrs', 'first': 'Magnólia', 'last': 'Caldeira'}, 'location': {'street': {'number': 657, 'name': 'Rua Um'}, 'city': 'Vila Velha', 'state': 'Pernambuco', 'country': 'Brazil', 'postcode': 32767, 'coordinates': {'latitude': '-73.9682', 'longitude': '15.4710'}, 'timezone': {'offset': '-11:00', 'description': 'Midway Island, Samoa'}}, 'email': 'magnolia.caldeira@example.com', 'login': {'uuid': 'a1801ef9-42c9-4060-a11e-006b21ec4d65', 'username': 'whitebear144', 'password': 'adonis', 'salt': 'lWKbxbhf', 'md5': 'adc84db1c614f6e436e7edd8979a4d1e', 'sha1': '86fa643684820b4b7980fdd90978e1b7eb86d2aa', 'sha256': '015cf6d7c418957c956393dcf00aab70ff227d85910e6aef93873a568c24c22e'}, 'dob': {'date': '1967-08-09T00:41:25.524Z', 'age': 56}, 'registered': {'date': '2016-10-23T04:01:46.387Z', 'age': 7}, 'phone': '(09) 7283-3227', 'cell': '(45) 8335-5062', 'id': {'name': 'CPF', 'value': '139.929.459-56'}, 'picture': {'large': 'https://randomuser.me/api/portraits/women/16.jpg', 'medium': 'https://randomuser.me/api/portraits/med/women/16.jpg', 'thumbnail': 'https://randomuser.me/api/portraits/thumb/women/16.jpg'}, 'nat': 'BR'}], 'info': {'seed': '03c1b73045b54eb2', 'results': 1, 'page': 1, 'version': '1.4'}}</msg>
<arg>${json_data}</arg>
<doc>Logs the given message with the given level.</doc>
<status status="PASS" start="2024-03-29T08:16:55.516404" elapsed="0.000250"/>
</kw>
<kw name="Should Be String" owner="String">
<arg>${json_data['results'][0]['gender']}</arg>
<doc>Fails if the given ``item`` is not a string.</doc>
<status status="PASS" start="2024-03-29T08:16:55.516958" elapsed="0.000366"/>
</kw>
<kw name="Should Match Regexp" owner="BuiltIn">
<arg>${json_data['results'][0]['email']}</arg>
<arg>^[a-zA-Z0-9._%+-]+@[a-zA-Z0-9.-]+\.[a-zA-Z]{2,}$</arg>
<doc>Fails if ``string`` does not match ``pattern`` as a regular expression.</doc>
<status status="PASS" start="2024-03-29T08:16:55.517520" elapsed="0.000515"/>
</kw>
<kw name="Should Match Regexp" owner="BuiltIn">
<arg>${json_data['results'][0]['dob']['date']}</arg>
<arg>\\d{4}-\\d{2}-\\d{2}T\\d{2}:\\d{2}:\\d{2}\\.\\d{3}Z</arg>
<doc>Fails if ``string`` does not match ``pattern`` as a regular expression.</doc>
<status status="PASS" start="2024-03-29T08:16:55.518275" elapsed="0.000518"/>
</kw>
<kw name="Should Match Regexp" owner="BuiltIn">
<arg>${json_data['results'][0]['registered']['date']}</arg>
<arg>\\d{4}-\\d{2}-\\d{2}T\\d{2}:\\d{2}:\\d{2}\\.\\d{3}Z</arg>
<doc>Fails if ``string`` does not match ``pattern`` as a regular expression.</doc>
<status status="PASS" start="2024-03-29T08:16:55.518990" elapsed="0.000370"/>
</kw>
<kw name="Should Match Regexp" owner="BuiltIn">
<arg>${json_data['results'][0]['picture']['large']}</arg>
<arg>^https?://.*\.(?:png|jpe?g|gif|bmp)$</arg>
<doc>Fails if ``string`` does not match ``pattern`` as a regular expression.</doc>
<status status="PASS" start="2024-03-29T08:16:55.519547" elapsed="0.000463"/>
</kw>
<kw name="Should Match Regexp" owner="BuiltIn">
<arg>${json_data['results'][0]['picture']['medium']}</arg>
<arg>^https?://.*\.(?:png|jpe?g|gif|bmp)$</arg>
<doc>Fails if ``string`` does not match ``pattern`` as a regular expression.</doc>
<status status="PASS" start="2024-03-29T08:16:55.520209" elapsed="0.000376"/>
</kw>
<kw name="Should Match Regexp" owner="BuiltIn">
<arg>${json_data['results'][0]['picture']['thumbnail']}</arg>
<arg>^https?://.*\.(?:png|jpe?g|gif|bmp)$</arg>
<doc>Fails if ``string`` does not match ``pattern`` as a regular expression.</doc>
<status status="PASS" start="2024-03-29T08:16:55.520770" elapsed="0.000381"/>
</kw>
<kw name="Log" owner="BuiltIn">
<msg time="2024-03-29T08:16:55.521651" level="INFO">{'large': 'https://randomuser.me/api/portraits/women/16.jpg', 'medium': 'https://randomuser.me/api/portraits/med/women/16.jpg', 'thumbnail': 'https://randomuser.me/api/portraits/thumb/women/16.jpg'}</msg>
<arg>${json_data['results'][0]['picture']}</arg>
<doc>Logs the given message with the given level.</doc>
<status status="PASS" start="2024-03-29T08:16:55.521331" elapsed="0.000366"/>
</kw>
<status status="PASS" start="2024-03-29T08:16:55.442590" elapsed="0.079362"/>
</kw>
<kw name="Teste de Tipos de Dados - Postcode" owner="random-user-service">
<kw name="GET On Session" owner="RequestsLibrary">
<msg time="2024-03-29T08:16:55.621743" level="INFO">GET Request : url=https://randomuser.me/api 
 path_url=/api 
 headers={'User-Agent': 'python-requests/2.31.0', 'Accept-Encoding': 'gzip, deflate', 'Accept': '*/*', 'Connection': 'keep-alive'} 
 body=None 
 </msg>
<msg time="2024-03-29T08:16:55.621852" level="INFO">GET Response : url=https://randomuser.me/api 
 status=200, reason=OK 
 headers={'Date': 'Fri, 29 Mar 2024 08:16:55 GMT', 'Content-Type': 'application/json; charset=utf-8', 'Transfer-Encoding': 'chunked', 'Connection': 'keep-alive', 'X-Powered-By': 'Express', 'Access-Control-Allow-Origin': '*', 'Cache-Control': 'no-cache', 'ETag': 'W/"472-lT56gDwwWxng1fudY9giO8Auq4w"', 'Vary': 'Accept-Encoding', 'Content-Encoding': 'gzip', 'CF-Cache-Status': 'DYNAMIC', 'Report-To': '{"endpoints":[{"url":"https:\\/\\/a.nel.cloudflare.com\\/report\\/v4?s=xNXRWMMpghkgm95oLwS4q8iGDofBBZfrSTwiGZkEORpu%2F8%2F2r%2FexxsSsO%2B2R%2FfHCBqjyNTr6pKzDuNFOpiQUmuBAPO%2B%2BC6QMzZk1ia1BbqKV7%2FNZkqL459kM46wb%2Fxf5"}],"group":"cf-nel","max_age":604800}', 'NEL': '{"success_fraction":0,"report_to":"cf-nel","max_age":604800}', 'Server': 'cloudflare', 'CF-RAY': '86be6bab090507d3-IAD', 'alt-svc': 'h3=":443"; ma=86400'} 
 body={"results":[{"gender":"male","name":{"title":"Mr","first":"Vedat","last":"Velioğlu"},"location":{"street":{"number":5585,"name":"Maçka Cd"},"city":"Gümüşhane","state":"Muş","country":"Turkey","postcode":11643,"coordinates":{"latitude":"65.2347","longitude":"-16.1214"},"timezone":{"offset":"-11:00","description":"Midway Island, Samoa"}},"email":"vedat.velioglu@example.com","login":{"uuid":"fd18b590-da4d-486b-b763-94ec88d48c5e","username":"happyduck661","password":"hudson","salt":"ZOsZFxRo","md5":"151a0e70fb929e80b7ae174f29f5f536","sha1":"3892d38f78d9c8e85699950b4f2bf1c6ecff4888","sha256":"8f8d83a7f694d6c1e210aae69d4de74877ecf0686255d2e726b884d1344c4a20"},"dob":{"date":"1962-04-19T02:01:42.305Z","age":61},"registered":{"date":"2020-01-09T21:37:01.484Z","age":4},"phone":"(558)-258-3951","cell":"(985)-072-1862","id":{"name":"","value":null},"picture":{"large":"https://randomuser.me/api/portraits/men/75.jpg","medium":"https://randomuser.me/api/portraits/med/men/75.jpg","thumbnail":"https://randomuser.me/api/portraits/thumb/men/75.jpg"},"nat":"TR"}],"info":{"seed":"f968a55eb60b7171","results":1,"page":1,"version":"1.4"}} 
 </msg>
<msg time="2024-03-29T08:16:55.621957" level="INFO">/opt/hostedtoolcache/Python/3.12.2/x64/lib/python3.12/site-packages/urllib3/connectionpool.py:1103: InsecureRequestWarning: Unverified HTTPS request is being made to host 'randomuser.me'. Adding certificate verification is strongly advised. See: https://urllib3.readthedocs.io/en/latest/advanced-usage.html#tls-warnings
  warnings.warn(</msg>
<msg time="2024-03-29T08:16:55.622096" level="INFO">${response} = &lt;Response [200]&gt;</msg>
<var>${response}</var>
<arg>consultarAPI</arg>
<arg>/api</arg>
<doc>Sends a GET request on a previously created HTTP Session.</doc>
<status status="PASS" start="2024-03-29T08:16:55.522581" elapsed="0.099564"/>
</kw>
<kw name="Set Variable" owner="BuiltIn">
<msg time="2024-03-29T08:16:55.623227" level="INFO">${json_data} = {'results': [{'gender': 'male', 'name': {'title': 'Mr', 'first': 'Vedat', 'last': 'Velioğlu'}, 'location': {'street': {'number': 5585, 'name': 'Maçka Cd'}, 'city': 'Gümüşhane', 'state': 'Muş', 'countr...</msg>
<var>${json_data}</var>
<arg>${response.json()}</arg>
<doc>Returns the given values which can then be assigned to a variables.</doc>
<status status="PASS" start="2024-03-29T08:16:55.622715" elapsed="0.000541"/>
</kw>
<kw name="Log" owner="BuiltIn">
<msg time="2024-03-29T08:16:55.623753" level="INFO">{'results': [{'gender': 'male', 'name': {'title': 'Mr', 'first': 'Vedat', 'last': 'Velioğlu'}, 'location': {'street': {'number': 5585, 'name': 'Maçka Cd'}, 'city': 'Gümüşhane', 'state': 'Muş', 'country': 'Turkey', 'postcode': 11643, 'coordinates': {'latitude': '65.2347', 'longitude': '-16.1214'}, 'timezone': {'offset': '-11:00', 'description': 'Midway Island, Samoa'}}, 'email': 'vedat.velioglu@example.com', 'login': {'uuid': 'fd18b590-da4d-486b-b763-94ec88d48c5e', 'username': 'happyduck661', 'password': 'hudson', 'salt': 'ZOsZFxRo', 'md5': '151a0e70fb929e80b7ae174f29f5f536', 'sha1': '3892d38f78d9c8e85699950b4f2bf1c6ecff4888', 'sha256': '8f8d83a7f694d6c1e210aae69d4de74877ecf0686255d2e726b884d1344c4a20'}, 'dob': {'date': '1962-04-19T02:01:42.305Z', 'age': 61}, 'registered': {'date': '2020-01-09T21:37:01.484Z', 'age': 4}, 'phone': '(558)-258-3951', 'cell': '(985)-072-1862', 'id': {'name': '', 'value': None}, 'picture': {'large': 'https://randomuser.me/api/portraits/men/75.jpg', 'medium': 'https://randomuser.me/api/portraits/med/men/75.jpg', 'thumbnail': 'https://randomuser.me/api/portraits/thumb/men/75.jpg'}, 'nat': 'TR'}], 'info': {'seed': 'f968a55eb60b7171', 'results': 1, 'page': 1, 'version': '1.4'}}</msg>
<arg>${json_data}</arg>
<doc>Logs the given message with the given level.</doc>
<status status="PASS" start="2024-03-29T08:16:55.623589" elapsed="0.000249"/>
</kw>
<kw name="Should Be Equal As Numbers" owner="BuiltIn">
<arg>${json_data['results'][0]['location']['postcode']}</arg>
<arg>${json_data['results'][0]['location']['postcode']}</arg>
<doc>Fails if objects are unequal after converting them to real numbers.</doc>
<status status="PASS" start="2024-03-29T08:16:55.624147" elapsed="0.000657"/>
</kw>
<kw name="Log" owner="BuiltIn">
<msg time="2024-03-29T08:16:55.625338" level="INFO">11643</msg>
<arg>${json_data['results'][0]['location']['postcode']}</arg>
<doc>Logs the given message with the given level.</doc>
<status status="PASS" start="2024-03-29T08:16:55.624999" elapsed="0.000380"/>
</kw>
<status status="PASS" start="2024-03-29T08:16:55.522209" elapsed="0.103431"/>
</kw>
<doc>Testa se os tipos de dados na resposta da API estão corretos.</doc>
<tag>testeTiposDados</tag>
<status status="PASS" start="2024-03-29T08:16:55.442097" elapsed="0.183717"/>
</test>
<test id="s1-s1-t5" name="Validar conteudo" line="35">
<kw name="Teste de Tipos de Conteudo" owner="random-user-service">
<kw name="GET On Session" owner="RequestsLibrary">
<msg time="2024-03-29T08:16:55.736733" level="INFO">GET Request : url=https://randomuser.me/api 
 path_url=/api 
 headers={'User-Agent': 'python-requests/2.31.0', 'Accept-Encoding': 'gzip, deflate', 'Accept': '*/*', 'Connection': 'keep-alive'} 
 body=None 
 </msg>
<msg time="2024-03-29T08:16:55.736814" level="INFO">GET Response : url=https://randomuser.me/api 
 status=200, reason=OK 
 headers={'Date': 'Fri, 29 Mar 2024 08:16:55 GMT', 'Content-Type': 'application/json; charset=utf-8', 'Transfer-Encoding': 'chunked', 'Connection': 'keep-alive', 'X-Powered-By': 'Express', 'Access-Control-Allow-Origin': '*', 'Cache-Control': 'no-cache', 'ETag': 'W/"496-MCzyXuUZF8xwz2y9zB07DK70OwY"', 'Vary': 'Accept-Encoding', 'Content-Encoding': 'gzip', 'CF-Cache-Status': 'DYNAMIC', 'Report-To': '{"endpoints":[{"url":"https:\\/\\/a.nel.cloudflare.com\\/report\\/v4?s=nbcAfBccBxRpsRfsoDyyiOeEERxPTFGSQScCV%2FL9VXo9qx9ND0Ku9qYQuwg97m4eRbOIHVtOVgqtMaKXR8L1Wmd1UuZ%2FlkspukJLlBWeuUqhgWr9lVy9muOtbFNLDBXP"}],"group":"cf-nel","max_age":604800}', 'NEL': '{"success_fraction":0,"report_to":"cf-nel","max_age":604800}', 'Server': 'cloudflare', 'CF-RAY': '86be6baba99807d3-IAD', 'alt-svc': 'h3=":443"; ma=86400'} 
 body={"results":[{"gender":"female","name":{"title":"Miss","first":"Leonor","last":"Zapata"},"location":{"street":{"number":1702,"name":"Boulevard República Checa"},"city":"Ixtlahuaca","state":"Quintana Roo","country":"Mexico","postcode":49217,"coordinates":{"latitude":"28.8022","longitude":"90.8598"},"timezone":{"offset":"+5:45","description":"Kathmandu"}},"email":"leonor.zapata@example.com","login":{"uuid":"8f2c226b-6f8e-4a1a-aecb-42989425d790","username":"sadelephant232","password":"rocket","salt":"0I4OeMN5","md5":"aa0324af54645c7f51a9d1cc94f464e4","sha1":"3368a04b5178f359a8af4be84c00dc0ec777a6e8","sha256":"9ccdb97f725baaa91899f93fe8a0c24d30c8f5aa0b02c5660c205ef8cf4cad61"},"dob":{"date":"1979-08-30T03:47:55.101Z","age":44},"registered":{"date":"2012-07-29T19:06:13.473Z","age":11},"phone":"(621) 384 6097","cell":"(632) 940 3888","id":{"name":"NSS","value":"21 98 62 6123 2"},"picture":{"large":"https://randomuser.me/api/portraits/women/56.jpg","medium":"https://randomuser.me/api/portraits/med/women/56.jpg","thumbnail":"https://randomuser.me/api/portraits/thumb/women/56.jpg"},"nat":"MX"}],"info":{"seed":"971c3e2bfa660541","results":1,"page":1,"version":"1.4"}} 
 </msg>
<msg time="2024-03-29T08:16:55.736876" level="INFO">/opt/hostedtoolcache/Python/3.12.2/x64/lib/python3.12/site-packages/urllib3/connectionpool.py:1103: InsecureRequestWarning: Unverified HTTPS request is being made to host 'randomuser.me'. Adding certificate verification is strongly advised. See: https://urllib3.readthedocs.io/en/latest/advanced-usage.html#tls-warnings
  warnings.warn(</msg>
<msg time="2024-03-29T08:16:55.736984" level="INFO">${response} = &lt;Response [200]&gt;</msg>
<var>${response}</var>
<arg>consultarAPI</arg>
<arg>/api</arg>
<doc>Sends a GET request on a previously created HTTP Session.</doc>
<status status="PASS" start="2024-03-29T08:16:55.628428" elapsed="0.108597"/>
</kw>
<kw name="Set Variable" owner="BuiltIn">
<msg time="2024-03-29T08:16:55.738218" level="INFO">${json_data} = {'results': [{'gender': 'female', 'name': {'title': 'Miss', 'first': 'Leonor', 'last': 'Zapata'}, 'location': {'street': {'number': 1702, 'name': 'Boulevard República Checa'}, 'city': 'Ixtlahuaca', 's...</msg>
<var>${json_data}</var>
<arg>${response.json()}</arg>
<doc>Returns the given values which can then be assigned to a variables.</doc>
<status status="PASS" start="2024-03-29T08:16:55.737595" elapsed="0.000656"/>
</kw>
<kw name="Set Variable" owner="BuiltIn">
<msg time="2024-03-29T08:16:55.738944" level="INFO">${name_title} = Miss</msg>
<var>${name_title}</var>
<arg>${json_data["results"][0]["name"]["title"]}</arg>
<doc>Returns the given values which can then be assigned to a variables.</doc>
<status status="PASS" start="2024-03-29T08:16:55.738566" elapsed="0.000403"/>
</kw>
<kw name="Create List" owner="BuiltIn">
<msg time="2024-03-29T08:16:55.739423" level="INFO">${allowed_titles} = ['Mr', 'Ms', 'Miss', 'Mrs', 'Madame', 'Monsieur']</msg>
<var>${allowed_titles}</var>
<arg>Mr</arg>
<arg>Ms</arg>
<arg>Miss</arg>
<arg>Mrs</arg>
<arg>Madame</arg>
<arg>Monsieur</arg>
<doc>Returns a list containing given items.</doc>
<status status="PASS" start="2024-03-29T08:16:55.739273" elapsed="0.000175"/>
</kw>
<kw name="List Should Contain Value" owner="Collections">
<msg time="2024-03-29T08:16:55.739960" level="INFO">False</msg>
<arg>${allowed_titles}</arg>
<arg>${name_title}</arg>
<doc>Fails if the ``value`` is not found from ``list``.</doc>
<status status="PASS" start="2024-03-29T08:16:55.739764" elapsed="0.000232"/>
</kw>
<kw name="Set Variable" owner="BuiltIn">
<msg time="2024-03-29T08:16:55.740685" level="INFO">${name_country} = MX</msg>
<var>${name_country}</var>
<arg>${json_data["results"][0]["nat"]}</arg>
<doc>Returns the given values which can then be assigned to a variables.</doc>
<status status="PASS" start="2024-03-29T08:16:55.740296" elapsed="0.000415"/>
</kw>
<kw name="Create List" owner="BuiltIn">
<msg time="2024-03-29T08:16:55.741615" level="INFO">${list_country} = ['AD', 'AE', 'AF', 'AG', 'AI', 'AL', 'AM', 'AO', 'AQ', 'AR', 'AS', 'AT', 'AU', 'AW', 'AX', 'AZ', 'BA', 'BB', 'BD', 'BE', 'BF', 'BG', 'BH', 'BI', 'BJ', 'BL', 'BM', 'BN', 'BO', 'BQ', 'BR', 'BS', 'BT', '...</msg>
<var>${list_country}</var>
<arg>AD</arg>
<arg>AE</arg>
<arg>AF</arg>
<arg>AG</arg>
<arg>AI</arg>
<arg>AL</arg>
<arg>AM</arg>
<arg>AO</arg>
<arg>AQ</arg>
<arg>AR</arg>
<arg>AS</arg>
<arg>AT</arg>
<arg>AU</arg>
<arg>AW</arg>
<arg>AX</arg>
<arg>AZ</arg>
<arg>BA</arg>
<arg>BB</arg>
<arg>BD</arg>
<arg>BE</arg>
<arg>BF</arg>
<arg>BG</arg>
<arg>BH</arg>
<arg>BI</arg>
<arg>BJ</arg>
<arg>BL</arg>
<arg>BM</arg>
<arg>BN</arg>
<arg>BO</arg>
<arg>BQ</arg>
<arg>BR</arg>
<arg>BS</arg>
<arg>BT</arg>
<arg>BV</arg>
<arg>BW</arg>
<arg>BY</arg>
<arg>BZ</arg>
<arg>CA</arg>
<arg>CC</arg>
<arg>CD</arg>
<arg>CF</arg>
<arg>CG</arg>
<arg>CH</arg>
<arg>CI</arg>
<arg>CK</arg>
<arg>CL</arg>
<arg>CM</arg>
<arg>CN</arg>
<arg>CO</arg>
<arg>CR</arg>
<arg>CU</arg>
<arg>CV</arg>
<arg>CW</arg>
<arg>CX</arg>
<arg>CY</arg>
<arg>CZ</arg>
<arg>DE</arg>
<arg>DJ</arg>
<arg>DK</arg>
<arg>DM</arg>
<arg>DO</arg>
<arg>DZ</arg>
<arg>EC</arg>
<arg>EE</arg>
<arg>EG</arg>
<arg>EH</arg>
<arg>ER</arg>
<arg>ES</arg>
<arg>ET</arg>
<arg>FI</arg>
<arg>FJ</arg>
<arg>FK</arg>
<arg>FM</arg>
<arg>FO</arg>
<arg>FR</arg>
<arg>GA</arg>
<arg>GB</arg>
<arg>GD</arg>
<arg>GE</arg>
<arg>GF</arg>
<arg>GG</arg>
<arg>GH</arg>
<arg>GI</arg>
<arg>GL</arg>
<arg>GM</arg>
<arg>GN</arg>
<arg>GP</arg>
<arg>GQ</arg>
<arg>GR</arg>
<arg>GS</arg>
<arg>GT</arg>
<arg>GU</arg>
<arg>GW</arg>
<arg>GY</arg>
<arg>HK</arg>
<arg>HM</arg>
<arg>HN</arg>
<arg>HR</arg>
<arg>HT</arg>
<arg>HU</arg>
<arg>ID</arg>
<arg>IE</arg>
<arg>IL</arg>
<arg>IM</arg>
<arg>IN</arg>
<arg>IO</arg>
<arg>IQ</arg>
<arg>IR</arg>
<arg>IS</arg>
<arg>IT</arg>
<arg>JE</arg>
<arg>JM</arg>
<arg>JO</arg>
<arg>JP</arg>
<arg>KE</arg>
<arg>KG</arg>
<arg>KH</arg>
<arg>KI</arg>
<arg>KM</arg>
<arg>KN</arg>
<arg>KP</arg>
<arg>KR</arg>
<arg>KW</arg>
<arg>KY</arg>
<arg>KZ</arg>
<arg>LA</arg>
<arg>LB</arg>
<arg>LC</arg>
<arg>LI</arg>
<arg>LK</arg>
<arg>LR</arg>
<arg>LS</arg>
<arg>LT</arg>
<arg>LU</arg>
<arg>LV</arg>
<arg>LY</arg>
<arg>MA</arg>
<arg>MC</arg>
<arg>MD</arg>
<arg>ME</arg>
<arg>MF</arg>
<arg>MG</arg>
<arg>MH</arg>
<arg>MK</arg>
<arg>ML</arg>
<arg>MM</arg>
<arg>MN</arg>
<arg>MO</arg>
<arg>MP</arg>
<arg>MQ</arg>
<arg>MR</arg>
<arg>MS</arg>
<arg>MT</arg>
<arg>MU</arg>
<arg>MV</arg>
<arg>MW</arg>
<arg>MX</arg>
<arg>MY</arg>
<arg>MZ</arg>
<arg>NA</arg>
<arg>NC</arg>
<arg>NE</arg>
<arg>NF</arg>
<arg>NG</arg>
<arg>NI</arg>
<arg>NL</arg>
<arg>NO</arg>
<arg>NP</arg>
<arg>NR</arg>
<arg>NU</arg>
<arg>NZ</arg>
<arg>OM</arg>
<arg>PA</arg>
<arg>PE</arg>
<arg>PF</arg>
<arg>PG</arg>
<arg>PH</arg>
<arg>PK</arg>
<arg>PL</arg>
<arg>PM</arg>
<arg>PN</arg>
<arg>PR</arg>
<arg>PS</arg>
<arg>PT</arg>
<arg>PW</arg>
<arg>PY</arg>
<arg>QA</arg>
<arg>RE</arg>
<arg>RO</arg>
<arg>RS</arg>
<arg>RU</arg>
<arg>RW</arg>
<arg>SA</arg>
<arg>SB</arg>
<arg>SC</arg>
<arg>SD</arg>
<arg>SE</arg>
<arg>SG</arg>
<arg>SH</arg>
<arg>SI</arg>
<arg>SJ</arg>
<arg>SK</arg>
<arg>SL</arg>
<arg>SM</arg>
<arg>SN</arg>
<arg>SO</arg>
<arg>SR</arg>
<arg>SS</arg>
<arg>ST</arg>
<arg>SV</arg>
<arg>SX</arg>
<arg>SY</arg>
<arg>SZ</arg>
<arg>TC</arg>
<arg>TD</arg>
<arg>TF</arg>
<arg>TG</arg>
<arg>TH</arg>
<arg>TJ</arg>
<arg>TK</arg>
<arg>TL</arg>
<arg>TM</arg>
<arg>TN</arg>
<arg>TO</arg>
<arg>TR</arg>
<arg>TT</arg>
<arg>TV</arg>
<arg>TW</arg>
<arg>TZ</arg>
<arg>UA</arg>
<arg>UG</arg>
<arg>UM</arg>
<arg>US</arg>
<arg>UY</arg>
<arg>UZ</arg>
<arg>VA</arg>
<arg>VC</arg>
<arg>VE</arg>
<arg>VG</arg>
<arg>VI</arg>
<arg>VN</arg>
<arg>VU</arg>
<arg>WF</arg>
<arg>WS</arg>
<arg>XK</arg>
<arg>YE</arg>
<arg>YT</arg>
<arg>ZA</arg>
<arg>ZM</arg>
<arg>ZW</arg>
<doc>Returns a list containing given items.</doc>
<status status="PASS" start="2024-03-29T08:16:55.741019" elapsed="0.000622"/>
</kw>
<kw name="List Should Contain Value" owner="Collections">
<msg time="2024-03-29T08:16:55.742791" level="INFO">False</msg>
<arg>${list_country}</arg>
<arg>${name_country}</arg>
<doc>Fails if the ``value`` is not found from ``list``.</doc>
<status status="PASS" start="2024-03-29T08:16:55.742585" elapsed="0.000243"/>
</kw>
<kw name="Run Keyword If" owner="BuiltIn">
<kw name="Should Be True" owner="BuiltIn">
<arg>${True}</arg>
<doc>Fails if the given condition is not true.</doc>
<status status="PASS" start="2024-03-29T08:16:55.743904" elapsed="0.000145"/>
</kw>
<arg>${json_data["results"][0]["location"]["coordinates"]["latitude"]} &gt;= -90 and ${json_data["results"][0]["location"]["coordinates"]["latitude"]} &lt;= 90</arg>
<arg>Should Be True</arg>
<arg>${True}</arg>
<doc>Runs the given keyword with the given arguments, if ``condition`` is true.</doc>
<status status="PASS" start="2024-03-29T08:16:55.743140" elapsed="0.001038"/>
</kw>
<kw name="Run Keyword If" owner="BuiltIn">
<kw name="Should Be True" owner="BuiltIn">
<arg>${True}</arg>
<doc>Fails if the given condition is not true.</doc>
<status status="PASS" start="2024-03-29T08:16:55.745056" elapsed="0.000138"/>
</kw>
<arg>${json_data["results"][0]["location"]["coordinates"]["longitude"]} &gt;= -180 and ${json_data["results"][0]["location"]["coordinates"]["longitude"]} &lt;= 180</arg>
<arg>Should Be True</arg>
<arg>${True}</arg>
<doc>Runs the given keyword with the given arguments, if ``condition`` is true.</doc>
<status status="PASS" start="2024-03-29T08:16:55.744365" elapsed="0.000952"/>
</kw>
<status status="PASS" start="2024-03-29T08:16:55.628194" elapsed="0.117252"/>
</kw>
<doc>Testa o conteúdo específico dos campos retornados pela API.</doc>
<tag>testeConteudo</tag>
<status status="PASS" start="2024-03-29T08:16:55.627651" elapsed="0.117947"/>
</test>
<status status="PASS" start="2024-03-29T08:16:54.850392" elapsed="0.897217"/>
</suite>
<status status="PASS" start="2024-03-29T08:16:54.836581" elapsed="0.916404"/>
</suite>
<statistics>
<total>
<stat pass="5" fail="0" skip="0">All Tests</stat>
</total>
<tag>
<stat pass="1" fail="0" skip="0">testeConteudo</stat>
<stat pass="1" fail="0" skip="0">testeEstruturaResposta</stat>
<stat pass="1" fail="0" skip="0">testeRequisicaoBasica</stat>
<stat pass="1" fail="0" skip="0">testeTiposDados</stat>
</tag>
<suite>
<stat pass="5" fail="0" skip="0" id="s1" name="Tests">Tests</stat>
<stat pass="5" fail="0" skip="0" id="s1-s1" name="Random-User-Test">Tests.Random-User-Test</stat>
</suite>
</statistics>
<errors>
</errors>
</robot>
