<?xml version="1.0" encoding="UTF-8"?>
<robot generator="Robot 7.0 (Python 3.12.2 on linux)" generated="2024-03-23T11:10:27.955675" rpa="false" schemaversion="5">
<suite id="s1" name="Tests" source="/home/runner/work/DesafioQAItauRogerioJordao/DesafioQAItauRogerioJordao/RamdonUser/tests">
<suite id="s1-s1" name="Random-User-Test" source="/home/runner/work/DesafioQAItauRogerioJordao/DesafioQAItauRogerioJordao/RamdonUser/tests/random-user-test.robot">
<test id="s1-s1-t1" name="Conectar" line="13">
<kw name="Conectar API" owner="random-user-service">
<kw name="Create Session" owner="RequestsLibrary">
<msg time="2024-03-23T11:10:28.312860" level="INFO">Creating Session using : alias=consultarAPI, url=https://randomuser.me/, headers={},                     cookies={}, auth=None, timeout=None, proxies=None, verify=False,                     debug=0 </msg>
<arg>consultarAPI</arg>
<arg>${URL}</arg>
<doc>Create Session: create a HTTP session to a server</doc>
<status status="PASS" start="2024-03-23T11:10:28.312657" elapsed="0.000390"/>
</kw>
<status status="PASS" start="2024-03-23T11:10:28.311591" elapsed="0.001830"/>
</kw>
<status status="PASS" start="2024-03-23T11:10:28.310996" elapsed="0.002631"/>
</test>
<test id="s1-s1-t2" name="Validar retorno 200 e JSON Válido" line="16">
<kw name="Teste de Requisicao Basica" owner="random-user-service">
<kw name="GET On Session" owner="RequestsLibrary">
<msg time="2024-03-23T11:10:28.398031" level="INFO">GET Request : url=https://randomuser.me/api 
 path_url=/api 
 headers={'User-Agent': 'python-requests/2.31.0', 'Accept-Encoding': 'gzip, deflate', 'Accept': '*/*', 'Connection': 'keep-alive'} 
 body=None 
 </msg>
<msg time="2024-03-23T11:10:28.398183" level="INFO">GET Response : url=https://randomuser.me/api 
 status=200, reason=OK 
 headers={'Date': 'Sat, 23 Mar 2024 11:10:28 GMT', 'Content-Type': 'application/json; charset=utf-8', 'Transfer-Encoding': 'chunked', 'Connection': 'keep-alive', 'X-Powered-By': 'Express', 'Access-Control-Allow-Origin': '*', 'Cache-Control': 'no-cache', 'ETag': 'W/"472-WM5bqLlDGa4Fmf7I3KUbDlcDQV0"', 'Vary': 'Accept-Encoding', 'Content-Encoding': 'gzip', 'CF-Cache-Status': 'DYNAMIC', 'Report-To': '{"endpoints":[{"url":"https:\\/\\/a.nel.cloudflare.com\\/report\\/v4?s=iy2oluZacplYiyn6yVqw13PemR64pgZYkGeMeF1VumD6w2S7SnH5%2FVOTi9Iq5bC69WZdDUNTdtIRmuW7qZip76UfBKUanukm5KhKM2Z12R1mix5KBLrUS0oQXchaWCKw"}],"group":"cf-nel","max_age":604800}', 'NEL': '{"success_fraction":0,"report_to":"cf-nel","max_age":604800}', 'Server': 'cloudflare', 'CF-RAY': '868df9a32ab70262-ORD', 'alt-svc': 'h3=":443"; ma=86400'} 
 body={"results":[{"gender":"male","name":{"title":"Mr","first":"Bhuv","last":"Kamath"},"location":{"street":{"number":3356,"name":"Tank Bund Rd"},"city":"Ichalkaranji","state":"Manipur","country":"India","postcode":66616,"coordinates":{"latitude":"11.6358","longitude":"-75.2627"},"timezone":{"offset":"+9:30","description":"Adelaide, Darwin"}},"email":"bhuv.kamath@example.com","login":{"uuid":"36e5f69a-8e7b-4246-af8a-acbbe169117e","username":"lazyostrich696","password":"xxxx","salt":"H4DRiqAi","md5":"d35161e082b3ce10f53e079c3d17e537","sha1":"ffa6126796a7a3c60436e0069689fd8037949950","sha256":"c22f67284f3205cadaaac83f22daeff7c996adb26d32fda299d30cdb097ef724"},"dob":{"date":"1989-03-06T21:14:19.677Z","age":35},"registered":{"date":"2016-02-24T23:31:43.561Z","age":8},"phone":"9036114894","cell":"7548258783","id":{"name":"UIDAI","value":"185189667880"},"picture":{"large":"https://randomuser.me/api/portraits/men/74.jpg","medium":"https://randomuser.me/api/portraits/med/men/74.jpg","thumbnail":"https://randomuser.me/api/portraits/thumb/men/74.jpg"},"nat":"IN"}],"info":{"seed":"cd3d607dc67dfe8c","results":1,"page":1,"version":"1.4"}} 
 </msg>
<msg time="2024-03-23T11:10:28.398320" level="INFO">/opt/hostedtoolcache/Python/3.12.2/x64/lib/python3.12/site-packages/urllib3/connectionpool.py:1103: InsecureRequestWarning: Unverified HTTPS request is being made to host 'randomuser.me'. Adding certificate verification is strongly advised. See: https://urllib3.readthedocs.io/en/latest/advanced-usage.html#tls-warnings
  warnings.warn(</msg>
<msg time="2024-03-23T11:10:28.398476" level="INFO">${response} = &lt;Response [200]&gt;</msg>
<var>${response}</var>
<arg>consultarAPI</arg>
<arg>/api</arg>
<doc>Sends a GET request on a previously created HTTP Session.</doc>
<status status="PASS" start="2024-03-23T11:10:28.316343" elapsed="0.082176"/>
</kw>
<kw name="Should Be Equal As Numbers" owner="BuiltIn">
<msg time="2024-03-23T11:10:28.399692" level="INFO">Argument types are:
&lt;class 'int'&gt;
&lt;class 'str'&gt;</msg>
<arg>${response.status_code}</arg>
<arg>200</arg>
<doc>Fails if objects are unequal after converting them to real numbers.</doc>
<status status="PASS" start="2024-03-23T11:10:28.399201" elapsed="0.000557"/>
</kw>
<kw name="Log" owner="BuiltIn">
<msg time="2024-03-23T11:10:28.400436" level="INFO">200</msg>
<arg>${response.status_code}</arg>
<doc>Logs the given message with the given level.</doc>
<status status="PASS" start="2024-03-23T11:10:28.400080" elapsed="0.000399"/>
</kw>
<kw name="Set Variable" owner="BuiltIn">
<msg time="2024-03-23T11:10:28.401251" level="INFO">${json_data} = {'results': [{'gender': 'male', 'name': {'title': 'Mr', 'first': 'Bhuv', 'last': 'Kamath'}, 'location': {'street': {'number': 3356, 'name': 'Tank Bund Rd'}, 'city': 'Ichalkaranji', 'state': 'Manipur',...</msg>
<var>${json_data}</var>
<arg>${response.json()}</arg>
<doc>Returns the given values which can then be assigned to a variables.</doc>
<status status="PASS" start="2024-03-23T11:10:28.400807" elapsed="0.000472"/>
</kw>
<kw name="Dictionary Should Contain Key" owner="Collections">
<msg time="2024-03-23T11:10:28.401753" level="INFO">False</msg>
<arg>${json_data}</arg>
<arg>results</arg>
<doc>Fails if ``key`` is not found from ``dictionary``.</doc>
<status status="PASS" start="2024-03-23T11:10:28.401584" elapsed="0.000208"/>
</kw>
<status status="PASS" start="2024-03-23T11:10:28.316093" elapsed="0.085961"/>
</kw>
<doc>Testa se a API responde corretamente e retorna um objeto JSON válido.</doc>
<tag>testeRequisicaoBasica</tag>
<status status="PASS" start="2024-03-23T11:10:28.315518" elapsed="0.086728"/>
</test>
<test id="s1-s1-t3" name="Validar estrutura de resposta" line="22">
<kw name="Teste de Estrutura de Resposta" owner="random-user-service">
<kw name="GET On Session" owner="RequestsLibrary">
<msg time="2024-03-23T11:10:28.485733" level="INFO">GET Request : url=https://randomuser.me/api 
 path_url=/api 
 headers={'User-Agent': 'python-requests/2.31.0', 'Accept-Encoding': 'gzip, deflate', 'Accept': '*/*', 'Connection': 'keep-alive'} 
 body=None 
 </msg>
<msg time="2024-03-23T11:10:28.485853" level="INFO">GET Response : url=https://randomuser.me/api 
 status=200, reason=OK 
 headers={'Date': 'Sat, 23 Mar 2024 11:10:28 GMT', 'Content-Type': 'application/json; charset=utf-8', 'Transfer-Encoding': 'chunked', 'Connection': 'keep-alive', 'X-Powered-By': 'Express', 'Access-Control-Allow-Origin': '*', 'Cache-Control': 'no-cache', 'ETag': 'W/"476-sUdzhP6qW+H9NKVhwBwgUY8wqd4"', 'Vary': 'Accept-Encoding', 'Content-Encoding': 'gzip', 'CF-Cache-Status': 'DYNAMIC', 'Report-To': '{"endpoints":[{"url":"https:\\/\\/a.nel.cloudflare.com\\/report\\/v4?s=CrOSrKp1rTmwNin6pPS02RFNh%2Fv4CzxMEeFKAvPjrt%2BEvpXDqNNWVCacY4UhWqXd60UaEiyjrR5CtYI2ZphhJ3QT4DozslUXVS7sxDbaUbo%2BE1Yp29MUe4B7U2dSxSFn"}],"group":"cf-nel","max_age":604800}', 'NEL': '{"success_fraction":0,"report_to":"cf-nel","max_age":604800}', 'Server': 'cloudflare', 'CF-RAY': '868df9a38af00262-ORD', 'alt-svc': 'h3=":443"; ma=86400'} 
 body={"results":[{"gender":"male","name":{"title":"Mr","first":"Brian","last":"Haddeland"},"location":{"street":{"number":7632,"name":"Sollerudveien"},"city":"Tinn Austbygd","state":"Rogaland","country":"Norway","postcode":"0902","coordinates":{"latitude":"46.4486","longitude":"-101.7029"},"timezone":{"offset":"-2:00","description":"Mid-Atlantic"}},"email":"brian.haddeland@example.com","login":{"uuid":"246ccda0-673a-4e88-942b-b0532e4243bb","username":"blackpanda740","password":"davids","salt":"xDlO4FH2","md5":"a2911ecd0876c742c6b923605a61cec2","sha1":"5cbafd0d8428f33a7a5ea94f127e19eb386faf64","sha256":"20e5458968c45c0401fa1a73e313a750a30ca7366a6485a973efba38a3017659"},"dob":{"date":"1946-05-16T00:39:53.568Z","age":77},"registered":{"date":"2009-05-11T11:25:25.689Z","age":14},"phone":"28212277","cell":"45914667","id":{"name":"FN","value":"16054634912"},"picture":{"large":"https://randomuser.me/api/portraits/men/22.jpg","medium":"https://randomuser.me/api/portraits/med/men/22.jpg","thumbnail":"https://randomuser.me/api/portraits/thumb/men/22.jpg"},"nat":"NO"}],"info":{"seed":"0b7dd6d624821731","results":1,"page":1,"version":"1.4"}} 
 </msg>
<msg time="2024-03-23T11:10:28.486022" level="INFO">/opt/hostedtoolcache/Python/3.12.2/x64/lib/python3.12/site-packages/urllib3/connectionpool.py:1103: InsecureRequestWarning: Unverified HTTPS request is being made to host 'randomuser.me'. Adding certificate verification is strongly advised. See: https://urllib3.readthedocs.io/en/latest/advanced-usage.html#tls-warnings
  warnings.warn(</msg>
<msg time="2024-03-23T11:10:28.486156" level="INFO">${response} = &lt;Response [200]&gt;</msg>
<var>${response}</var>
<arg>consultarAPI</arg>
<arg>/api</arg>
<doc>Sends a GET request on a previously created HTTP Session.</doc>
<status status="PASS" start="2024-03-23T11:10:28.405150" elapsed="0.081048"/>
</kw>
<kw name="Set Variable" owner="BuiltIn">
<msg time="2024-03-23T11:10:28.487446" level="INFO">${json_data} = {'results': [{'gender': 'male', 'name': {'title': 'Mr', 'first': 'Brian', 'last': 'Haddeland'}, 'location': {'street': {'number': 7632, 'name': 'Sollerudveien'}, 'city': 'Tinn Austbygd', 'state': 'Rog...</msg>
<var>${json_data}</var>
<arg>${response.json()}</arg>
<doc>Returns the given values which can then be assigned to a variables.</doc>
<status status="PASS" start="2024-03-23T11:10:28.486860" elapsed="0.000616"/>
</kw>
<kw name="Log" owner="BuiltIn">
<msg time="2024-03-23T11:10:28.488007" level="INFO">{'results': [{'gender': 'male', 'name': {'title': 'Mr', 'first': 'Brian', 'last': 'Haddeland'}, 'location': {'street': {'number': 7632, 'name': 'Sollerudveien'}, 'city': 'Tinn Austbygd', 'state': 'Rogaland', 'country': 'Norway', 'postcode': '0902', 'coordinates': {'latitude': '46.4486', 'longitude': '-101.7029'}, 'timezone': {'offset': '-2:00', 'description': 'Mid-Atlantic'}}, 'email': 'brian.haddeland@example.com', 'login': {'uuid': '246ccda0-673a-4e88-942b-b0532e4243bb', 'username': 'blackpanda740', 'password': 'davids', 'salt': 'xDlO4FH2', 'md5': 'a2911ecd0876c742c6b923605a61cec2', 'sha1': '5cbafd0d8428f33a7a5ea94f127e19eb386faf64', 'sha256': '20e5458968c45c0401fa1a73e313a750a30ca7366a6485a973efba38a3017659'}, 'dob': {'date': '1946-05-16T00:39:53.568Z', 'age': 77}, 'registered': {'date': '2009-05-11T11:25:25.689Z', 'age': 14}, 'phone': '28212277', 'cell': '45914667', 'id': {'name': 'FN', 'value': '16054634912'}, 'picture': {'large': 'https://randomuser.me/api/portraits/men/22.jpg', 'medium': 'https://randomuser.me/api/portraits/med/men/22.jpg', 'thumbnail': 'https://randomuser.me/api/portraits/thumb/men/22.jpg'}, 'nat': 'NO'}], 'info': {'seed': '0b7dd6d624821731', 'results': 1, 'page': 1, 'version': '1.4'}}</msg>
<arg>${json_data}</arg>
<doc>Logs the given message with the given level.</doc>
<status status="PASS" start="2024-03-23T11:10:28.487834" elapsed="0.000223"/>
</kw>
<kw name="Dictionary Should Contain Key" owner="Collections">
<msg time="2024-03-23T11:10:28.488548" level="INFO">False</msg>
<arg>${json_data}</arg>
<arg>results</arg>
<doc>Fails if ``key`` is not found from ``dictionary``.</doc>
<status status="PASS" start="2024-03-23T11:10:28.488379" elapsed="0.000208"/>
</kw>
<kw name="Should Not Be Empty" owner="BuiltIn">
<msg time="2024-03-23T11:10:28.489028" level="INFO">Length is 2.</msg>
<arg>${json_data}</arg>
<doc>Verifies that the given item is not empty.</doc>
<status status="PASS" start="2024-03-23T11:10:28.488891" elapsed="0.000178"/>
</kw>
<kw name="Create List" owner="BuiltIn">
<msg time="2024-03-23T11:10:28.489516" level="INFO">${expected_keys} = ['gender', 'name', 'location', 'email', 'login']</msg>
<var>${expected_keys}</var>
<arg>gender</arg>
<arg>name</arg>
<arg>location</arg>
<arg>email</arg>
<arg>login</arg>
<doc>Returns a list containing given items.</doc>
<status status="PASS" start="2024-03-23T11:10:28.489366" elapsed="0.000174"/>
</kw>
<for flavor="IN">
<iter>
<kw name="Dictionary Should Contain Key" owner="Collections">
<msg time="2024-03-23T11:10:28.490599" level="INFO">False</msg>
<arg>${json_data['results'][0]}</arg>
<arg>${key}</arg>
<doc>Fails if ``key`` is not found from ``dictionary``.</doc>
<status status="PASS" start="2024-03-23T11:10:28.490143" elapsed="0.000496"/>
</kw>
<kw name="Log" owner="BuiltIn">
<msg time="2024-03-23T11:10:28.491320" level="INFO">{'gender': 'male', 'name': {'title': 'Mr', 'first': 'Brian', 'last': 'Haddeland'}, 'location': {'street': {'number': 7632, 'name': 'Sollerudveien'}, 'city': 'Tinn Austbygd', 'state': 'Rogaland', 'country': 'Norway', 'postcode': '0902', 'coordinates': {'latitude': '46.4486', 'longitude': '-101.7029'}, 'timezone': {'offset': '-2:00', 'description': 'Mid-Atlantic'}}, 'email': 'brian.haddeland@example.com', 'login': {'uuid': '246ccda0-673a-4e88-942b-b0532e4243bb', 'username': 'blackpanda740', 'password': 'davids', 'salt': 'xDlO4FH2', 'md5': 'a2911ecd0876c742c6b923605a61cec2', 'sha1': '5cbafd0d8428f33a7a5ea94f127e19eb386faf64', 'sha256': '20e5458968c45c0401fa1a73e313a750a30ca7366a6485a973efba38a3017659'}, 'dob': {'date': '1946-05-16T00:39:53.568Z', 'age': 77}, 'registered': {'date': '2009-05-11T11:25:25.689Z', 'age': 14}, 'phone': '28212277', 'cell': '45914667', 'id': {'name': 'FN', 'value': '16054634912'}, 'picture': {'large': 'https://randomuser.me/api/portraits/men/22.jpg', 'medium': 'https://randomuser.me/api/portraits/med/men/22.jpg', 'thumbnail': 'https://randomuser.me/api/portraits/thumb/men/22.jpg'}, 'nat': 'NO'}</msg>
<arg>${json_data['results'][0]}</arg>
<doc>Logs the given message with the given level.</doc>
<status status="PASS" start="2024-03-23T11:10:28.490947" elapsed="0.000427"/>
</kw>
<kw name="Log" owner="BuiltIn">
<msg time="2024-03-23T11:10:28.491809" level="INFO">gender</msg>
<arg>${key}</arg>
<doc>Logs the given message with the given level.</doc>
<status status="PASS" start="2024-03-23T11:10:28.491678" elapsed="0.000171"/>
</kw>
<var name="${key}">gender</var>
<status status="PASS" start="2024-03-23T11:10:28.490015" elapsed="0.002056"/>
</iter>
<iter>
<kw name="Dictionary Should Contain Key" owner="Collections">
<msg time="2024-03-23T11:10:28.492764" level="INFO">False</msg>
<arg>${json_data['results'][0]}</arg>
<arg>${key}</arg>
<doc>Fails if ``key`` is not found from ``dictionary``.</doc>
<status status="PASS" start="2024-03-23T11:10:28.492380" elapsed="0.000422"/>
</kw>
<kw name="Log" owner="BuiltIn">
<msg time="2024-03-23T11:10:28.493509" level="INFO">{'gender': 'male', 'name': {'title': 'Mr', 'first': 'Brian', 'last': 'Haddeland'}, 'location': {'street': {'number': 7632, 'name': 'Sollerudveien'}, 'city': 'Tinn Austbygd', 'state': 'Rogaland', 'country': 'Norway', 'postcode': '0902', 'coordinates': {'latitude': '46.4486', 'longitude': '-101.7029'}, 'timezone': {'offset': '-2:00', 'description': 'Mid-Atlantic'}}, 'email': 'brian.haddeland@example.com', 'login': {'uuid': '246ccda0-673a-4e88-942b-b0532e4243bb', 'username': 'blackpanda740', 'password': 'davids', 'salt': 'xDlO4FH2', 'md5': 'a2911ecd0876c742c6b923605a61cec2', 'sha1': '5cbafd0d8428f33a7a5ea94f127e19eb386faf64', 'sha256': '20e5458968c45c0401fa1a73e313a750a30ca7366a6485a973efba38a3017659'}, 'dob': {'date': '1946-05-16T00:39:53.568Z', 'age': 77}, 'registered': {'date': '2009-05-11T11:25:25.689Z', 'age': 14}, 'phone': '28212277', 'cell': '45914667', 'id': {'name': 'FN', 'value': '16054634912'}, 'picture': {'large': 'https://randomuser.me/api/portraits/men/22.jpg', 'medium': 'https://randomuser.me/api/portraits/med/men/22.jpg', 'thumbnail': 'https://randomuser.me/api/portraits/thumb/men/22.jpg'}, 'nat': 'NO'}</msg>
<arg>${json_data['results'][0]}</arg>
<doc>Logs the given message with the given level.</doc>
<status status="PASS" start="2024-03-23T11:10:28.493146" elapsed="0.000412"/>
</kw>
<kw name="Log" owner="BuiltIn">
<msg time="2024-03-23T11:10:28.493989" level="INFO">name</msg>
<arg>${key}</arg>
<doc>Logs the given message with the given level.</doc>
<status status="PASS" start="2024-03-23T11:10:28.493859" elapsed="0.000169"/>
</kw>
<var name="${key}">name</var>
<status status="PASS" start="2024-03-23T11:10:28.492264" elapsed="0.001984"/>
</iter>
<iter>
<kw name="Dictionary Should Contain Key" owner="Collections">
<msg time="2024-03-23T11:10:28.494967" level="INFO">False</msg>
<arg>${json_data['results'][0]}</arg>
<arg>${key}</arg>
<doc>Fails if ``key`` is not found from ``dictionary``.</doc>
<status status="PASS" start="2024-03-23T11:10:28.494583" elapsed="0.000422"/>
</kw>
<kw name="Log" owner="BuiltIn">
<msg time="2024-03-23T11:10:28.495693" level="INFO">{'gender': 'male', 'name': {'title': 'Mr', 'first': 'Brian', 'last': 'Haddeland'}, 'location': {'street': {'number': 7632, 'name': 'Sollerudveien'}, 'city': 'Tinn Austbygd', 'state': 'Rogaland', 'country': 'Norway', 'postcode': '0902', 'coordinates': {'latitude': '46.4486', 'longitude': '-101.7029'}, 'timezone': {'offset': '-2:00', 'description': 'Mid-Atlantic'}}, 'email': 'brian.haddeland@example.com', 'login': {'uuid': '246ccda0-673a-4e88-942b-b0532e4243bb', 'username': 'blackpanda740', 'password': 'davids', 'salt': 'xDlO4FH2', 'md5': 'a2911ecd0876c742c6b923605a61cec2', 'sha1': '5cbafd0d8428f33a7a5ea94f127e19eb386faf64', 'sha256': '20e5458968c45c0401fa1a73e313a750a30ca7366a6485a973efba38a3017659'}, 'dob': {'date': '1946-05-16T00:39:53.568Z', 'age': 77}, 'registered': {'date': '2009-05-11T11:25:25.689Z', 'age': 14}, 'phone': '28212277', 'cell': '45914667', 'id': {'name': 'FN', 'value': '16054634912'}, 'picture': {'large': 'https://randomuser.me/api/portraits/men/22.jpg', 'medium': 'https://randomuser.me/api/portraits/med/men/22.jpg', 'thumbnail': 'https://randomuser.me/api/portraits/thumb/men/22.jpg'}, 'nat': 'NO'}</msg>
<arg>${json_data['results'][0]}</arg>
<doc>Logs the given message with the given level.</doc>
<status status="PASS" start="2024-03-23T11:10:28.495326" elapsed="0.000420"/>
</kw>
<kw name="Log" owner="BuiltIn">
<msg time="2024-03-23T11:10:28.496173" level="INFO">location</msg>
<arg>${key}</arg>
<doc>Logs the given message with the given level.</doc>
<status status="PASS" start="2024-03-23T11:10:28.496045" elapsed="0.000166"/>
</kw>
<var name="${key}">location</var>
<status status="PASS" start="2024-03-23T11:10:28.494464" elapsed="0.001963"/>
</iter>
<iter>
<kw name="Dictionary Should Contain Key" owner="Collections">
<msg time="2024-03-23T11:10:28.497115" level="INFO">False</msg>
<arg>${json_data['results'][0]}</arg>
<arg>${key}</arg>
<doc>Fails if ``key`` is not found from ``dictionary``.</doc>
<status status="PASS" start="2024-03-23T11:10:28.496712" elapsed="0.000456"/>
</kw>
<kw name="Log" owner="BuiltIn">
<msg time="2024-03-23T11:10:28.498097" level="INFO">{'gender': 'male', 'name': {'title': 'Mr', 'first': 'Brian', 'last': 'Haddeland'}, 'location': {'street': {'number': 7632, 'name': 'Sollerudveien'}, 'city': 'Tinn Austbygd', 'state': 'Rogaland', 'country': 'Norway', 'postcode': '0902', 'coordinates': {'latitude': '46.4486', 'longitude': '-101.7029'}, 'timezone': {'offset': '-2:00', 'description': 'Mid-Atlantic'}}, 'email': 'brian.haddeland@example.com', 'login': {'uuid': '246ccda0-673a-4e88-942b-b0532e4243bb', 'username': 'blackpanda740', 'password': 'davids', 'salt': 'xDlO4FH2', 'md5': 'a2911ecd0876c742c6b923605a61cec2', 'sha1': '5cbafd0d8428f33a7a5ea94f127e19eb386faf64', 'sha256': '20e5458968c45c0401fa1a73e313a750a30ca7366a6485a973efba38a3017659'}, 'dob': {'date': '1946-05-16T00:39:53.568Z', 'age': 77}, 'registered': {'date': '2009-05-11T11:25:25.689Z', 'age': 14}, 'phone': '28212277', 'cell': '45914667', 'id': {'name': 'FN', 'value': '16054634912'}, 'picture': {'large': 'https://randomuser.me/api/portraits/men/22.jpg', 'medium': 'https://randomuser.me/api/portraits/med/men/22.jpg', 'thumbnail': 'https://randomuser.me/api/portraits/thumb/men/22.jpg'}, 'nat': 'NO'}</msg>
<arg>${json_data['results'][0]}</arg>
<doc>Logs the given message with the given level.</doc>
<status status="PASS" start="2024-03-23T11:10:28.497574" elapsed="0.000573"/>
</kw>
<kw name="Log" owner="BuiltIn">
<msg time="2024-03-23T11:10:28.498613" level="INFO">email</msg>
<arg>${key}</arg>
<doc>Logs the given message with the given level.</doc>
<status status="PASS" start="2024-03-23T11:10:28.498482" elapsed="0.000169"/>
</kw>
<var name="${key}">email</var>
<status status="PASS" start="2024-03-23T11:10:28.496601" elapsed="0.002264"/>
</iter>
<iter>
<kw name="Dictionary Should Contain Key" owner="Collections">
<msg time="2024-03-23T11:10:28.499556" level="INFO">False</msg>
<arg>${json_data['results'][0]}</arg>
<arg>${key}</arg>
<doc>Fails if ``key`` is not found from ``dictionary``.</doc>
<status status="PASS" start="2024-03-23T11:10:28.499157" elapsed="0.000437"/>
</kw>
<kw name="Log" owner="BuiltIn">
<msg time="2024-03-23T11:10:28.500248" level="INFO">{'gender': 'male', 'name': {'title': 'Mr', 'first': 'Brian', 'last': 'Haddeland'}, 'location': {'street': {'number': 7632, 'name': 'Sollerudveien'}, 'city': 'Tinn Austbygd', 'state': 'Rogaland', 'country': 'Norway', 'postcode': '0902', 'coordinates': {'latitude': '46.4486', 'longitude': '-101.7029'}, 'timezone': {'offset': '-2:00', 'description': 'Mid-Atlantic'}}, 'email': 'brian.haddeland@example.com', 'login': {'uuid': '246ccda0-673a-4e88-942b-b0532e4243bb', 'username': 'blackpanda740', 'password': 'davids', 'salt': 'xDlO4FH2', 'md5': 'a2911ecd0876c742c6b923605a61cec2', 'sha1': '5cbafd0d8428f33a7a5ea94f127e19eb386faf64', 'sha256': '20e5458968c45c0401fa1a73e313a750a30ca7366a6485a973efba38a3017659'}, 'dob': {'date': '1946-05-16T00:39:53.568Z', 'age': 77}, 'registered': {'date': '2009-05-11T11:25:25.689Z', 'age': 14}, 'phone': '28212277', 'cell': '45914667', 'id': {'name': 'FN', 'value': '16054634912'}, 'picture': {'large': 'https://randomuser.me/api/portraits/men/22.jpg', 'medium': 'https://randomuser.me/api/portraits/med/men/22.jpg', 'thumbnail': 'https://randomuser.me/api/portraits/thumb/men/22.jpg'}, 'nat': 'NO'}</msg>
<arg>${json_data['results'][0]}</arg>
<doc>Logs the given message with the given level.</doc>
<status status="PASS" start="2024-03-23T11:10:28.499893" elapsed="0.000402"/>
</kw>
<kw name="Log" owner="BuiltIn">
<msg time="2024-03-23T11:10:28.500716" level="INFO">login</msg>
<arg>${key}</arg>
<doc>Logs the given message with the given level.</doc>
<status status="PASS" start="2024-03-23T11:10:28.500589" elapsed="0.000284"/>
</kw>
<var name="${key}">login</var>
<status status="PASS" start="2024-03-23T11:10:28.499039" elapsed="0.002074"/>
</iter>
<var>${key}</var>
<value>@{expected_keys}</value>
<status status="PASS" start="2024-03-23T11:10:28.489812" elapsed="0.011426"/>
</for>
<kw name="Create List" owner="BuiltIn">
<msg time="2024-03-23T11:10:28.501609" level="INFO">${expected_keysTwo} = ['username', 'password']</msg>
<var>${expected_keysTwo}</var>
<arg>username</arg>
<arg>password</arg>
<doc>Returns a list containing given items.</doc>
<status status="PASS" start="2024-03-23T11:10:28.501468" elapsed="0.000165"/>
</kw>
<for flavor="IN">
<iter>
<kw name="Dictionary Should Contain Key" owner="Collections">
<msg time="2024-03-23T11:10:28.502564" level="INFO">False</msg>
<arg>${json_data['results'][0]['login']}</arg>
<arg>${keyTwo}</arg>
<doc>Fails if ``key`` is not found from ``dictionary``.</doc>
<status status="PASS" start="2024-03-23T11:10:28.502135" elapsed="0.000467"/>
</kw>
<kw name="Dictionary Should Contain Key" owner="Collections">
<msg time="2024-03-23T11:10:28.503286" level="INFO">False</msg>
<arg>${json_data['results'][0]['login']}</arg>
<arg>${keyTwo}</arg>
<doc>Fails if ``key`` is not found from ``dictionary``.</doc>
<status status="PASS" start="2024-03-23T11:10:28.502901" elapsed="0.000423"/>
</kw>
<kw name="Log" owner="BuiltIn">
<msg time="2024-03-23T11:10:28.503744" level="INFO">username</msg>
<arg>${keyTwo}</arg>
<doc>Logs the given message with the given level.</doc>
<status status="PASS" start="2024-03-23T11:10:28.503616" elapsed="0.000166"/>
</kw>
<var name="${keyTwo}">username</var>
<status status="PASS" start="2024-03-23T11:10:28.502025" elapsed="0.001973"/>
</iter>
<iter>
<kw name="Dictionary Should Contain Key" owner="Collections">
<msg time="2024-03-23T11:10:28.504670" level="INFO">False</msg>
<arg>${json_data['results'][0]['login']}</arg>
<arg>${keyTwo}</arg>
<doc>Fails if ``key`` is not found from ``dictionary``.</doc>
<status status="PASS" start="2024-03-23T11:10:28.504282" elapsed="0.000425"/>
</kw>
<kw name="Dictionary Should Contain Key" owner="Collections">
<msg time="2024-03-23T11:10:28.505391" level="INFO">False</msg>
<arg>${json_data['results'][0]['login']}</arg>
<arg>${keyTwo}</arg>
<doc>Fails if ``key`` is not found from ``dictionary``.</doc>
<status status="PASS" start="2024-03-23T11:10:28.505000" elapsed="0.000428"/>
</kw>
<kw name="Log" owner="BuiltIn">
<msg time="2024-03-23T11:10:28.505853" level="INFO">password</msg>
<arg>${keyTwo}</arg>
<doc>Logs the given message with the given level.</doc>
<status status="PASS" start="2024-03-23T11:10:28.505725" elapsed="0.000166"/>
</kw>
<var name="${keyTwo}">password</var>
<status status="PASS" start="2024-03-23T11:10:28.504172" elapsed="0.001937"/>
</iter>
<var>${keyTwo}</var>
<value>@{expected_keysTwo}</value>
<status status="PASS" start="2024-03-23T11:10:28.501873" elapsed="0.004357"/>
</for>
<status status="PASS" start="2024-03-23T11:10:28.404901" elapsed="0.101521"/>
</kw>
<doc>Testa a estrutura da resposta da API.</doc>
<tag>testeEstruturaResposta</tag>
<status status="PASS" start="2024-03-23T11:10:28.404134" elapsed="0.102458"/>
</test>
<test id="s1-s1-t4" name="Validar tipos de dados" line="28">
<kw name="Teste de Tipos de Dados" owner="random-user-service">
<kw name="GET On Session" owner="RequestsLibrary">
<msg time="2024-03-23T11:10:28.587194" level="INFO">GET Request : url=https://randomuser.me/api 
 path_url=/api 
 headers={'User-Agent': 'python-requests/2.31.0', 'Accept-Encoding': 'gzip, deflate', 'Accept': '*/*', 'Connection': 'keep-alive'} 
 body=None 
 </msg>
<msg time="2024-03-23T11:10:28.587291" level="INFO">GET Response : url=https://randomuser.me/api 
 status=200, reason=OK 
 headers={'Date': 'Sat, 23 Mar 2024 11:10:28 GMT', 'Content-Type': 'application/json; charset=utf-8', 'Transfer-Encoding': 'chunked', 'Connection': 'keep-alive', 'X-Powered-By': 'Express', 'Access-Control-Allow-Origin': '*', 'Cache-Control': 'no-cache', 'ETag': 'W/"499-EHv01hHI1RdedANhLD8nDA4OjQo"', 'Vary': 'Accept-Encoding', 'Content-Encoding': 'gzip', 'CF-Cache-Status': 'DYNAMIC', 'Report-To': '{"endpoints":[{"url":"https:\\/\\/a.nel.cloudflare.com\\/report\\/v4?s=oLvjevjDvwWxss%2Frkws2wT%2BsmvTENmOkQox92PXjlPH3wqL0FqpfPPOltzowPHFlSMxqwKMfC43KlMu8404h5Rj%2BaWB8Hch9r2NyWoLZ5ACMu6LDkJR%2BW0vihp9H4iWT"}],"group":"cf-nel","max_age":604800}', 'NEL': '{"success_fraction":0,"report_to":"cf-nel","max_age":604800}', 'Server': 'cloudflare', 'CF-RAY': '868df9a42b690262-ORD', 'alt-svc': 'h3=":443"; ma=86400'} 
 body={"results":[{"gender":"male","name":{"title":"Mr","first":"Mahmut","last":"Hagen"},"location":{"street":{"number":8649,"name":"Kapellenweg"},"city":"Friedrichroda","state":"Sachsen-Anhalt","country":"Germany","postcode":92202,"coordinates":{"latitude":"-48.7688","longitude":"-1.4798"},"timezone":{"offset":"+8:00","description":"Beijing, Perth, Singapore, Hong Kong"}},"email":"mahmut.hagen@example.com","login":{"uuid":"a4dd74de-de8f-400c-8823-80c8311aa875","username":"blueelephant594","password":"lotus","salt":"25F7aaUp","md5":"6b2a5c6d19ec23e0aa58e359d8cdef53","sha1":"465f74302b69427124442139f7b481d43e2acdd4","sha256":"c05fccebf1b171d6416bd4199cd2a1dcfc9a2c1c30b882a9e2ce260d321f6062"},"dob":{"date":"1945-08-08T14:29:38.412Z","age":78},"registered":{"date":"2017-05-30T00:44:00.678Z","age":6},"phone":"0201-6654309","cell":"0173-3091191","id":{"name":"SVNR","value":"15 080845 H 089"},"picture":{"large":"https://randomuser.me/api/portraits/men/52.jpg","medium":"https://randomuser.me/api/portraits/med/men/52.jpg","thumbnail":"https://randomuser.me/api/portraits/thumb/men/52.jpg"},"nat":"DE"}],"info":{"seed":"d133d5cd76795b21","results":1,"page":1,"version":"1.4"}} 
 </msg>
<msg time="2024-03-23T11:10:28.587369" level="INFO">/opt/hostedtoolcache/Python/3.12.2/x64/lib/python3.12/site-packages/urllib3/connectionpool.py:1103: InsecureRequestWarning: Unverified HTTPS request is being made to host 'randomuser.me'. Adding certificate verification is strongly advised. See: https://urllib3.readthedocs.io/en/latest/advanced-usage.html#tls-warnings
  warnings.warn(</msg>
<msg time="2024-03-23T11:10:28.587524" level="INFO">${response} = &lt;Response [200]&gt;</msg>
<var>${response}</var>
<arg>consultarAPI</arg>
<arg>/api</arg>
<doc>Sends a GET request on a previously created HTTP Session.</doc>
<status status="PASS" start="2024-03-23T11:10:28.509178" elapsed="0.078385"/>
</kw>
<kw name="Set Variable" owner="BuiltIn">
<msg time="2024-03-23T11:10:28.588756" level="INFO">${json_data} = {'results': [{'gender': 'male', 'name': {'title': 'Mr', 'first': 'Mahmut', 'last': 'Hagen'}, 'location': {'street': {'number': 8649, 'name': 'Kapellenweg'}, 'city': 'Friedrichroda', 'state': 'Sachsen-...</msg>
<var>${json_data}</var>
<arg>${response.json()}</arg>
<doc>Returns the given values which can then be assigned to a variables.</doc>
<status status="PASS" start="2024-03-23T11:10:28.588226" elapsed="0.000559"/>
</kw>
<kw name="Log" owner="BuiltIn">
<msg time="2024-03-23T11:10:28.589301" level="INFO">{'results': [{'gender': 'male', 'name': {'title': 'Mr', 'first': 'Mahmut', 'last': 'Hagen'}, 'location': {'street': {'number': 8649, 'name': 'Kapellenweg'}, 'city': 'Friedrichroda', 'state': 'Sachsen-Anhalt', 'country': 'Germany', 'postcode': 92202, 'coordinates': {'latitude': '-48.7688', 'longitude': '-1.4798'}, 'timezone': {'offset': '+8:00', 'description': 'Beijing, Perth, Singapore, Hong Kong'}}, 'email': 'mahmut.hagen@example.com', 'login': {'uuid': 'a4dd74de-de8f-400c-8823-80c8311aa875', 'username': 'blueelephant594', 'password': 'lotus', 'salt': '25F7aaUp', 'md5': '6b2a5c6d19ec23e0aa58e359d8cdef53', 'sha1': '465f74302b69427124442139f7b481d43e2acdd4', 'sha256': 'c05fccebf1b171d6416bd4199cd2a1dcfc9a2c1c30b882a9e2ce260d321f6062'}, 'dob': {'date': '1945-08-08T14:29:38.412Z', 'age': 78}, 'registered': {'date': '2017-05-30T00:44:00.678Z', 'age': 6}, 'phone': '0201-6654309', 'cell': '0173-3091191', 'id': {'name': 'SVNR', 'value': '15 080845 H 089'}, 'picture': {'large': 'https://randomuser.me/api/portraits/men/52.jpg', 'medium': 'https://randomuser.me/api/portraits/med/men/52.jpg', 'thumbnail': 'https://randomuser.me/api/portraits/thumb/men/52.jpg'}, 'nat': 'DE'}], 'info': {'seed': 'd133d5cd76795b21', 'results': 1, 'page': 1, 'version': '1.4'}}</msg>
<arg>${json_data}</arg>
<doc>Logs the given message with the given level.</doc>
<status status="PASS" start="2024-03-23T11:10:28.589135" elapsed="0.000253"/>
</kw>
<kw name="Should Be String" owner="String">
<arg>${json_data['results'][0]['gender']}</arg>
<doc>Fails if the given ``item`` is not a string.</doc>
<status status="PASS" start="2024-03-23T11:10:28.589708" elapsed="0.000388"/>
</kw>
<kw name="Should Match Regexp" owner="BuiltIn">
<arg>${json_data['results'][0]['email']}</arg>
<arg>^[a-zA-Z0-9._%+-]+@[a-zA-Z0-9.-]+\.[a-zA-Z]{2,}$</arg>
<doc>Fails if ``string`` does not match ``pattern`` as a regular expression.</doc>
<status status="PASS" start="2024-03-23T11:10:28.590330" elapsed="0.000540"/>
</kw>
<kw name="Should Match Regexp" owner="BuiltIn">
<arg>${json_data['results'][0]['dob']['date']}</arg>
<arg>\\d{4}-\\d{2}-\\d{2}T\\d{2}:\\d{2}:\\d{2}\\.\\d{3}Z</arg>
<doc>Fails if ``string`` does not match ``pattern`` as a regular expression.</doc>
<status status="PASS" start="2024-03-23T11:10:28.591072" elapsed="0.000497"/>
</kw>
<kw name="Should Match Regexp" owner="BuiltIn">
<arg>${json_data['results'][0]['registered']['date']}</arg>
<arg>\\d{4}-\\d{2}-\\d{2}T\\d{2}:\\d{2}:\\d{2}\\.\\d{3}Z</arg>
<doc>Fails if ``string`` does not match ``pattern`` as a regular expression.</doc>
<status status="PASS" start="2024-03-23T11:10:28.591766" elapsed="0.000370"/>
</kw>
<kw name="Should Match Regexp" owner="BuiltIn">
<arg>${json_data['results'][0]['picture']['large']}</arg>
<arg>^https?://.*\.(?:png|jpe?g|gif|bmp)$</arg>
<doc>Fails if ``string`` does not match ``pattern`` as a regular expression.</doc>
<status status="PASS" start="2024-03-23T11:10:28.592337" elapsed="0.000464"/>
</kw>
<kw name="Should Match Regexp" owner="BuiltIn">
<arg>${json_data['results'][0]['picture']['medium']}</arg>
<arg>^https?://.*\.(?:png|jpe?g|gif|bmp)$</arg>
<doc>Fails if ``string`` does not match ``pattern`` as a regular expression.</doc>
<status status="PASS" start="2024-03-23T11:10:28.592991" elapsed="0.000357"/>
</kw>
<kw name="Should Match Regexp" owner="BuiltIn">
<arg>${json_data['results'][0]['picture']['thumbnail']}</arg>
<arg>^https?://.*\.(?:png|jpe?g|gif|bmp)$</arg>
<doc>Fails if ``string`` does not match ``pattern`` as a regular expression.</doc>
<status status="PASS" start="2024-03-23T11:10:28.593536" elapsed="0.000354"/>
</kw>
<kw name="Log" owner="BuiltIn">
<msg time="2024-03-23T11:10:28.594428" level="INFO">{'large': 'https://randomuser.me/api/portraits/men/52.jpg', 'medium': 'https://randomuser.me/api/portraits/med/men/52.jpg', 'thumbnail': 'https://randomuser.me/api/portraits/thumb/men/52.jpg'}</msg>
<arg>${json_data['results'][0]['picture']}</arg>
<doc>Logs the given message with the given level.</doc>
<status status="PASS" start="2024-03-23T11:10:28.594073" elapsed="0.000402"/>
</kw>
<status status="PASS" start="2024-03-23T11:10:28.508943" elapsed="0.085796"/>
</kw>
<kw name="Teste de Tipos de Dados - Postcode" owner="random-user-service">
<kw name="GET On Session" owner="RequestsLibrary">
<msg time="2024-03-23T11:10:28.690800" level="INFO">GET Request : url=https://randomuser.me/api 
 path_url=/api 
 headers={'User-Agent': 'python-requests/2.31.0', 'Accept-Encoding': 'gzip, deflate', 'Accept': '*/*', 'Connection': 'keep-alive'} 
 body=None 
 </msg>
<msg time="2024-03-23T11:10:28.690914" level="INFO">GET Response : url=https://randomuser.me/api 
 status=200, reason=OK 
 headers={'Date': 'Sat, 23 Mar 2024 11:10:28 GMT', 'Content-Type': 'application/json; charset=utf-8', 'Transfer-Encoding': 'chunked', 'Connection': 'keep-alive', 'X-Powered-By': 'Express', 'Access-Control-Allow-Origin': '*', 'Cache-Control': 'no-cache', 'ETag': 'W/"48e-cJmVFRnKvbswjtlqg93bcWSEwwI"', 'Vary': 'Accept-Encoding', 'Content-Encoding': 'gzip', 'CF-Cache-Status': 'DYNAMIC', 'Report-To': '{"endpoints":[{"url":"https:\\/\\/a.nel.cloudflare.com\\/report\\/v4?s=9MGvxohC1wBLf73IKpp0jif7EPC3h7g6gZN4jgpM05x0Gc8iMgmwHzRUn1n93ZvejsUow1lgLTyn9UTYDj0gHEfsO4QKqM02X0yBcpx33EoPUTkeyUU9DUiXqXhQQ1AP"}],"group":"cf-nel","max_age":604800}', 'NEL': '{"success_fraction":0,"report_to":"cf-nel","max_age":604800}', 'Server': 'cloudflare', 'CF-RAY': '868df9a4bbc80262-ORD', 'alt-svc': 'h3=":443"; ma=86400'} 
 body={"results":[{"gender":"female","name":{"title":"Miss","first":"Marianne","last":"Nesheim"},"location":{"street":{"number":3123,"name":"Trollvannsveien"},"city":"Hollingen","state":"Oslo","country":"Norway","postcode":"0116","coordinates":{"latitude":"46.2803","longitude":"44.9488"},"timezone":{"offset":"-3:00","description":"Brazil, Buenos Aires, Georgetown"}},"email":"marianne.nesheim@example.com","login":{"uuid":"a9554e49-e367-4b06-b896-63cb6e383f3e","username":"greenkoala274","password":"morgan1","salt":"nzESby8G","md5":"cbad87ff2000aa920f1eb5eb9d9e595e","sha1":"2eb3265ed89b804cd24f9f7f29e830523560a897","sha256":"70064e852051f53433f6899e46b7ab54bf382eebde37831de87bc5cd881f4119"},"dob":{"date":"1989-05-11T16:27:35.829Z","age":34},"registered":{"date":"2016-11-13T07:35:14.383Z","age":7},"phone":"82529186","cell":"47063229","id":{"name":"FN","value":"11058922414"},"picture":{"large":"https://randomuser.me/api/portraits/women/39.jpg","medium":"https://randomuser.me/api/portraits/med/women/39.jpg","thumbnail":"https://randomuser.me/api/portraits/thumb/women/39.jpg"},"nat":"NO"}],"info":{"seed":"d75ccef316969144","results":1,"page":1,"version":"1.4"}} 
 </msg>
<msg time="2024-03-23T11:10:28.691016" level="INFO">/opt/hostedtoolcache/Python/3.12.2/x64/lib/python3.12/site-packages/urllib3/connectionpool.py:1103: InsecureRequestWarning: Unverified HTTPS request is being made to host 'randomuser.me'. Adding certificate verification is strongly advised. See: https://urllib3.readthedocs.io/en/latest/advanced-usage.html#tls-warnings
  warnings.warn(</msg>
<msg time="2024-03-23T11:10:28.691161" level="INFO">${response} = &lt;Response [200]&gt;</msg>
<var>${response}</var>
<arg>consultarAPI</arg>
<arg>/api</arg>
<doc>Sends a GET request on a previously created HTTP Session.</doc>
<status status="PASS" start="2024-03-23T11:10:28.595365" elapsed="0.095846"/>
</kw>
<kw name="Set Variable" owner="BuiltIn">
<msg time="2024-03-23T11:10:28.692278" level="INFO">${json_data} = {'results': [{'gender': 'female', 'name': {'title': 'Miss', 'first': 'Marianne', 'last': 'Nesheim'}, 'location': {'street': {'number': 3123, 'name': 'Trollvannsveien'}, 'city': 'Hollingen', 'state': '...</msg>
<var>${json_data}</var>
<arg>${response.json()}</arg>
<doc>Returns the given values which can then be assigned to a variables.</doc>
<status status="PASS" start="2024-03-23T11:10:28.691753" elapsed="0.000553"/>
</kw>
<kw name="Log" owner="BuiltIn">
<msg time="2024-03-23T11:10:28.692818" level="INFO">{'results': [{'gender': 'female', 'name': {'title': 'Miss', 'first': 'Marianne', 'last': 'Nesheim'}, 'location': {'street': {'number': 3123, 'name': 'Trollvannsveien'}, 'city': 'Hollingen', 'state': 'Oslo', 'country': 'Norway', 'postcode': '0116', 'coordinates': {'latitude': '46.2803', 'longitude': '44.9488'}, 'timezone': {'offset': '-3:00', 'description': 'Brazil, Buenos Aires, Georgetown'}}, 'email': 'marianne.nesheim@example.com', 'login': {'uuid': 'a9554e49-e367-4b06-b896-63cb6e383f3e', 'username': 'greenkoala274', 'password': 'morgan1', 'salt': 'nzESby8G', 'md5': 'cbad87ff2000aa920f1eb5eb9d9e595e', 'sha1': '2eb3265ed89b804cd24f9f7f29e830523560a897', 'sha256': '70064e852051f53433f6899e46b7ab54bf382eebde37831de87bc5cd881f4119'}, 'dob': {'date': '1989-05-11T16:27:35.829Z', 'age': 34}, 'registered': {'date': '2016-11-13T07:35:14.383Z', 'age': 7}, 'phone': '82529186', 'cell': '47063229', 'id': {'name': 'FN', 'value': '11058922414'}, 'picture': {'large': 'https://randomuser.me/api/portraits/women/39.jpg', 'medium': 'https://randomuser.me/api/portraits/med/women/39.jpg', 'thumbnail': 'https://randomuser.me/api/portraits/thumb/women/39.jpg'}, 'nat': 'NO'}], 'info': {'seed': 'd75ccef316969144', 'results': 1, 'page': 1, 'version': '1.4'}}</msg>
<arg>${json_data}</arg>
<doc>Logs the given message with the given level.</doc>
<status status="PASS" start="2024-03-23T11:10:28.692655" elapsed="0.000210"/>
</kw>
<kw name="Should Be Equal As Numbers" owner="BuiltIn">
<arg>${json_data['results'][0]['location']['postcode']}</arg>
<arg>${json_data['results'][0]['location']['postcode']}</arg>
<doc>Fails if objects are unequal after converting them to real numbers.</doc>
<status status="PASS" start="2024-03-23T11:10:28.693174" elapsed="0.000687"/>
</kw>
<kw name="Log" owner="BuiltIn">
<msg time="2024-03-23T11:10:28.694436" level="INFO">0116</msg>
<arg>${json_data['results'][0]['location']['postcode']}</arg>
<doc>Logs the given message with the given level.</doc>
<status status="PASS" start="2024-03-23T11:10:28.694060" elapsed="0.000419"/>
</kw>
<status status="PASS" start="2024-03-23T11:10:28.594977" elapsed="0.099769"/>
</kw>
<doc>Testa se os tipos de dados na resposta da API estão corretos.</doc>
<tag>testeTiposDados</tag>
<status status="PASS" start="2024-03-23T11:10:28.508387" elapsed="0.186534"/>
</test>
<test id="s1-s1-t5" name="Validar conteudo" line="35">
<kw name="Teste de Tipos de Conteudo" owner="random-user-service">
<kw name="GET On Session" owner="RequestsLibrary">
<msg time="2024-03-23T11:10:28.788303" level="INFO">GET Request : url=https://randomuser.me/api 
 path_url=/api 
 headers={'User-Agent': 'python-requests/2.31.0', 'Accept-Encoding': 'gzip, deflate', 'Accept': '*/*', 'Connection': 'keep-alive'} 
 body=None 
 </msg>
<msg time="2024-03-23T11:10:28.788410" level="INFO">GET Response : url=https://randomuser.me/api 
 status=200, reason=OK 
 headers={'Date': 'Sat, 23 Mar 2024 11:10:28 GMT', 'Content-Type': 'application/json; charset=utf-8', 'Transfer-Encoding': 'chunked', 'Connection': 'keep-alive', 'X-Powered-By': 'Express', 'Access-Control-Allow-Origin': '*', 'Cache-Control': 'no-cache', 'ETag': 'W/"481-KZZk5bCjKP3zJX75crT8LG8jQWg"', 'Vary': 'Accept-Encoding', 'Content-Encoding': 'gzip', 'CF-Cache-Status': 'DYNAMIC', 'Report-To': '{"endpoints":[{"url":"https:\\/\\/a.nel.cloudflare.com\\/report\\/v4?s=az32B0Woycr95iupw8TTqYq6lnMdkKidPY3IXl1mx8pHUosq9Y44eHXVYBxlch99HlTKe0cOd29qvOMV7p2EJ7DfzCHRS8z5GjFbKn3egKO5MqQY%2FTyTuwgWnFcZTUYd"}],"group":"cf-nel","max_age":604800}', 'NEL': '{"success_fraction":0,"report_to":"cf-nel","max_age":604800}', 'Server': 'cloudflare', 'CF-RAY': '868df9a55c3e0262-ORD', 'alt-svc': 'h3=":443"; ma=86400'} 
 body={"results":[{"gender":"male","name":{"title":"Mr","first":"Alex","last":"Roberts"},"location":{"street":{"number":6356,"name":"Napier-Hastings Expressway"},"city":"Hamilton","state":"Manawatu-Wanganui","country":"New Zealand","postcode":86160,"coordinates":{"latitude":"54.7922","longitude":"-45.3007"},"timezone":{"offset":"+4:30","description":"Kabul"}},"email":"alex.roberts@example.com","login":{"uuid":"09aa945d-491a-4044-a619-b86801b8e2a3","username":"bigmeercat729","password":"girfriend","salt":"tJfPapqP","md5":"c9b2688736d0a3b6ef242685eb588146","sha1":"475daba04bb829db76e2a4cc9672dced12241256","sha256":"bd94c022e7f0f51697eaf96c17c32309356dcfba4cdb4d3d8cbfd7b797f97352"},"dob":{"date":"1974-01-12T23:41:32.120Z","age":50},"registered":{"date":"2010-09-15T04:23:57.724Z","age":13},"phone":"(007)-591-6230","cell":"(803)-580-7335","id":{"name":"","value":null},"picture":{"large":"https://randomuser.me/api/portraits/men/50.jpg","medium":"https://randomuser.me/api/portraits/med/men/50.jpg","thumbnail":"https://randomuser.me/api/portraits/thumb/men/50.jpg"},"nat":"NZ"}],"info":{"seed":"143abb312dad66bd","results":1,"page":1,"version":"1.4"}} 
 </msg>
<msg time="2024-03-23T11:10:28.788489" level="INFO">/opt/hostedtoolcache/Python/3.12.2/x64/lib/python3.12/site-packages/urllib3/connectionpool.py:1103: InsecureRequestWarning: Unverified HTTPS request is being made to host 'randomuser.me'. Adding certificate verification is strongly advised. See: https://urllib3.readthedocs.io/en/latest/advanced-usage.html#tls-warnings
  warnings.warn(</msg>
<msg time="2024-03-23T11:10:28.788623" level="INFO">${response} = &lt;Response [200]&gt;</msg>
<var>${response}</var>
<arg>consultarAPI</arg>
<arg>/api</arg>
<doc>Sends a GET request on a previously created HTTP Session.</doc>
<status status="PASS" start="2024-03-23T11:10:28.697378" elapsed="0.091285"/>
</kw>
<kw name="Set Variable" owner="BuiltIn">
<msg time="2024-03-23T11:10:28.789659" level="INFO">${json_data} = {'results': [{'gender': 'male', 'name': {'title': 'Mr', 'first': 'Alex', 'last': 'Roberts'}, 'location': {'street': {'number': 6356, 'name': 'Napier-Hastings Expressway'}, 'city': 'Hamilton', 'state':...</msg>
<var>${json_data}</var>
<arg>${response.json()}</arg>
<doc>Returns the given values which can then be assigned to a variables.</doc>
<status status="PASS" start="2024-03-23T11:10:28.789144" elapsed="0.000543"/>
</kw>
<kw name="Set Variable" owner="BuiltIn">
<msg time="2024-03-23T11:10:28.790403" level="INFO">${name_title} = Mr</msg>
<var>${name_title}</var>
<arg>${json_data["results"][0]["name"]["title"]}</arg>
<doc>Returns the given values which can then be assigned to a variables.</doc>
<status status="PASS" start="2024-03-23T11:10:28.789991" elapsed="0.000444"/>
</kw>
<kw name="Create List" owner="BuiltIn">
<msg time="2024-03-23T11:10:28.790885" level="INFO">${allowed_titles} = ['Mr', 'Ms', 'Miss', 'Mrs', 'Madame', 'Monsieur']</msg>
<var>${allowed_titles}</var>
<arg>Mr</arg>
<arg>Ms</arg>
<arg>Miss</arg>
<arg>Mrs</arg>
<arg>Madame</arg>
<arg>Monsieur</arg>
<doc>Returns a list containing given items.</doc>
<status status="PASS" start="2024-03-23T11:10:28.790736" elapsed="0.000172"/>
</kw>
<kw name="List Should Contain Value" owner="Collections">
<msg time="2024-03-23T11:10:28.791385" level="INFO">False</msg>
<arg>${allowed_titles}</arg>
<arg>${name_title}</arg>
<doc>Fails if the ``value`` is not found from ``list``.</doc>
<status status="PASS" start="2024-03-23T11:10:28.791210" elapsed="0.000213"/>
</kw>
<kw name="Set Variable" owner="BuiltIn">
<msg time="2024-03-23T11:10:28.792086" level="INFO">${name_country} = NZ</msg>
<var>${name_country}</var>
<arg>${json_data["results"][0]["nat"]}</arg>
<doc>Returns the given values which can then be assigned to a variables.</doc>
<status status="PASS" start="2024-03-23T11:10:28.791709" elapsed="0.000401"/>
</kw>
<kw name="Create List" owner="BuiltIn">
<msg time="2024-03-23T11:10:28.793016" level="INFO">${list_country} = ['AD', 'AE', 'AF', 'AG', 'AI', 'AL', 'AM', 'AO', 'AQ', 'AR', 'AS', 'AT', 'AU', 'AW', 'AX', 'AZ', 'BA', 'BB', 'BD', 'BE', 'BF', 'BG', 'BH', 'BI', 'BJ', 'BL', 'BM', 'BN', 'BO', 'BQ', 'BR', 'BS', 'BT', '...</msg>
<var>${list_country}</var>
<arg>AD</arg>
<arg>AE</arg>
<arg>AF</arg>
<arg>AG</arg>
<arg>AI</arg>
<arg>AL</arg>
<arg>AM</arg>
<arg>AO</arg>
<arg>AQ</arg>
<arg>AR</arg>
<arg>AS</arg>
<arg>AT</arg>
<arg>AU</arg>
<arg>AW</arg>
<arg>AX</arg>
<arg>AZ</arg>
<arg>BA</arg>
<arg>BB</arg>
<arg>BD</arg>
<arg>BE</arg>
<arg>BF</arg>
<arg>BG</arg>
<arg>BH</arg>
<arg>BI</arg>
<arg>BJ</arg>
<arg>BL</arg>
<arg>BM</arg>
<arg>BN</arg>
<arg>BO</arg>
<arg>BQ</arg>
<arg>BR</arg>
<arg>BS</arg>
<arg>BT</arg>
<arg>BV</arg>
<arg>BW</arg>
<arg>BY</arg>
<arg>BZ</arg>
<arg>CA</arg>
<arg>CC</arg>
<arg>CD</arg>
<arg>CF</arg>
<arg>CG</arg>
<arg>CH</arg>
<arg>CI</arg>
<arg>CK</arg>
<arg>CL</arg>
<arg>CM</arg>
<arg>CN</arg>
<arg>CO</arg>
<arg>CR</arg>
<arg>CU</arg>
<arg>CV</arg>
<arg>CW</arg>
<arg>CX</arg>
<arg>CY</arg>
<arg>CZ</arg>
<arg>DE</arg>
<arg>DJ</arg>
<arg>DK</arg>
<arg>DM</arg>
<arg>DO</arg>
<arg>DZ</arg>
<arg>EC</arg>
<arg>EE</arg>
<arg>EG</arg>
<arg>EH</arg>
<arg>ER</arg>
<arg>ES</arg>
<arg>ET</arg>
<arg>FI</arg>
<arg>FJ</arg>
<arg>FK</arg>
<arg>FM</arg>
<arg>FO</arg>
<arg>FR</arg>
<arg>GA</arg>
<arg>GB</arg>
<arg>GD</arg>
<arg>GE</arg>
<arg>GF</arg>
<arg>GG</arg>
<arg>GH</arg>
<arg>GI</arg>
<arg>GL</arg>
<arg>GM</arg>
<arg>GN</arg>
<arg>GP</arg>
<arg>GQ</arg>
<arg>GR</arg>
<arg>GS</arg>
<arg>GT</arg>
<arg>GU</arg>
<arg>GW</arg>
<arg>GY</arg>
<arg>HK</arg>
<arg>HM</arg>
<arg>HN</arg>
<arg>HR</arg>
<arg>HT</arg>
<arg>HU</arg>
<arg>ID</arg>
<arg>IE</arg>
<arg>IL</arg>
<arg>IM</arg>
<arg>IN</arg>
<arg>IO</arg>
<arg>IQ</arg>
<arg>IR</arg>
<arg>IS</arg>
<arg>IT</arg>
<arg>JE</arg>
<arg>JM</arg>
<arg>JO</arg>
<arg>JP</arg>
<arg>KE</arg>
<arg>KG</arg>
<arg>KH</arg>
<arg>KI</arg>
<arg>KM</arg>
<arg>KN</arg>
<arg>KP</arg>
<arg>KR</arg>
<arg>KW</arg>
<arg>KY</arg>
<arg>KZ</arg>
<arg>LA</arg>
<arg>LB</arg>
<arg>LC</arg>
<arg>LI</arg>
<arg>LK</arg>
<arg>LR</arg>
<arg>LS</arg>
<arg>LT</arg>
<arg>LU</arg>
<arg>LV</arg>
<arg>LY</arg>
<arg>MA</arg>
<arg>MC</arg>
<arg>MD</arg>
<arg>ME</arg>
<arg>MF</arg>
<arg>MG</arg>
<arg>MH</arg>
<arg>MK</arg>
<arg>ML</arg>
<arg>MM</arg>
<arg>MN</arg>
<arg>MO</arg>
<arg>MP</arg>
<arg>MQ</arg>
<arg>MR</arg>
<arg>MS</arg>
<arg>MT</arg>
<arg>MU</arg>
<arg>MV</arg>
<arg>MW</arg>
<arg>MX</arg>
<arg>MY</arg>
<arg>MZ</arg>
<arg>NA</arg>
<arg>NC</arg>
<arg>NE</arg>
<arg>NF</arg>
<arg>NG</arg>
<arg>NI</arg>
<arg>NL</arg>
<arg>NO</arg>
<arg>NP</arg>
<arg>NR</arg>
<arg>NU</arg>
<arg>NZ</arg>
<arg>OM</arg>
<arg>PA</arg>
<arg>PE</arg>
<arg>PF</arg>
<arg>PG</arg>
<arg>PH</arg>
<arg>PK</arg>
<arg>PL</arg>
<arg>PM</arg>
<arg>PN</arg>
<arg>PR</arg>
<arg>PS</arg>
<arg>PT</arg>
<arg>PW</arg>
<arg>PY</arg>
<arg>QA</arg>
<arg>RE</arg>
<arg>RO</arg>
<arg>RS</arg>
<arg>RU</arg>
<arg>RW</arg>
<arg>SA</arg>
<arg>SB</arg>
<arg>SC</arg>
<arg>SD</arg>
<arg>SE</arg>
<arg>SG</arg>
<arg>SH</arg>
<arg>SI</arg>
<arg>SJ</arg>
<arg>SK</arg>
<arg>SL</arg>
<arg>SM</arg>
<arg>SN</arg>
<arg>SO</arg>
<arg>SR</arg>
<arg>SS</arg>
<arg>ST</arg>
<arg>SV</arg>
<arg>SX</arg>
<arg>SY</arg>
<arg>SZ</arg>
<arg>TC</arg>
<arg>TD</arg>
<arg>TF</arg>
<arg>TG</arg>
<arg>TH</arg>
<arg>TJ</arg>
<arg>TK</arg>
<arg>TL</arg>
<arg>TM</arg>
<arg>TN</arg>
<arg>TO</arg>
<arg>TR</arg>
<arg>TT</arg>
<arg>TV</arg>
<arg>TW</arg>
<arg>TZ</arg>
<arg>UA</arg>
<arg>UG</arg>
<arg>UM</arg>
<arg>US</arg>
<arg>UY</arg>
<arg>UZ</arg>
<arg>VA</arg>
<arg>VC</arg>
<arg>VE</arg>
<arg>VG</arg>
<arg>VI</arg>
<arg>VN</arg>
<arg>VU</arg>
<arg>WF</arg>
<arg>WS</arg>
<arg>XK</arg>
<arg>YE</arg>
<arg>YT</arg>
<arg>ZA</arg>
<arg>ZM</arg>
<arg>ZW</arg>
<doc>Returns a list containing given items.</doc>
<status status="PASS" start="2024-03-23T11:10:28.792412" elapsed="0.000629"/>
</kw>
<kw name="List Should Contain Value" owner="Collections">
<msg time="2024-03-23T11:10:28.794161" level="INFO">False</msg>
<arg>${list_country}</arg>
<arg>${name_country}</arg>
<doc>Fails if the ``value`` is not found from ``list``.</doc>
<status status="PASS" start="2024-03-23T11:10:28.793957" elapsed="0.000240"/>
</kw>
<kw name="Run Keyword If" owner="BuiltIn">
<kw name="Should Be True" owner="BuiltIn">
<arg>${True}</arg>
<doc>Fails if the given condition is not true.</doc>
<status status="PASS" start="2024-03-23T11:10:28.795293" elapsed="0.000145"/>
</kw>
<arg>${json_data["results"][0]["location"]["coordinates"]["latitude"]} &gt;= -90 and ${json_data["results"][0]["location"]["coordinates"]["latitude"]} &lt;= 90</arg>
<arg>Should Be True</arg>
<arg>${True}</arg>
<doc>Runs the given keyword with the given arguments, if ``condition`` is true.</doc>
<status status="PASS" start="2024-03-23T11:10:28.794543" elapsed="0.001021"/>
</kw>
<kw name="Run Keyword If" owner="BuiltIn">
<kw name="Should Be True" owner="BuiltIn">
<arg>${True}</arg>
<doc>Fails if the given condition is not true.</doc>
<status status="PASS" start="2024-03-23T11:10:28.796447" elapsed="0.000140"/>
</kw>
<arg>${json_data["results"][0]["location"]["coordinates"]["longitude"]} &gt;= -180 and ${json_data["results"][0]["location"]["coordinates"]["longitude"]} &lt;= 180</arg>
<arg>Should Be True</arg>
<arg>${True}</arg>
<doc>Runs the given keyword with the given arguments, if ``condition`` is true.</doc>
<status status="PASS" start="2024-03-23T11:10:28.795747" elapsed="0.000963"/>
</kw>
<status status="PASS" start="2024-03-23T11:10:28.697143" elapsed="0.099700"/>
</kw>
<doc>Testa o conteúdo específico dos campos retornados pela API.</doc>
<tag>testeConteudo</tag>
<status status="PASS" start="2024-03-23T11:10:28.696683" elapsed="0.100316"/>
</test>
<status status="PASS" start="2024-03-23T11:10:28.009916" elapsed="0.789019"/>
</suite>
<status status="PASS" start="2024-03-23T11:10:27.996091" elapsed="0.808189"/>
</suite>
<statistics>
<total>
<stat pass="5" fail="0" skip="0">All Tests</stat>
</total>
<tag>
<stat pass="1" fail="0" skip="0">testeConteudo</stat>
<stat pass="1" fail="0" skip="0">testeEstruturaResposta</stat>
<stat pass="1" fail="0" skip="0">testeRequisicaoBasica</stat>
<stat pass="1" fail="0" skip="0">testeTiposDados</stat>
</tag>
<suite>
<stat pass="5" fail="0" skip="0" id="s1" name="Tests">Tests</stat>
<stat pass="5" fail="0" skip="0" id="s1-s1" name="Random-User-Test">Tests.Random-User-Test</stat>
</suite>
</statistics>
<errors>
</errors>
</robot>
