<?xml version="1.0" encoding="UTF-8"?>
<robot generator="Robot 7.0.1 (Python 3.12.3 on linux)" generated="2024-06-14T07:15:02.776512" rpa="false" schemaversion="5">
<suite id="s1" name="Tests" source="/home/runner/work/ApiRandomUser/ApiRandomUser/RamdonUser/tests">
<suite id="s1-s1" name="Random-User-Test" source="/home/runner/work/ApiRandomUser/ApiRandomUser/RamdonUser/tests/random-user-test.robot">
<test id="s1-s1-t1" name="Conectar" line="13">
<kw name="Conectar API" owner="random-user-service">
<kw name="Create Session" owner="RequestsLibrary">
<msg time="2024-06-14T07:15:03.163302" level="INFO">Creating Session using : alias=consultarAPI, url=https://randomuser.me/, headers={},                     cookies={}, auth=None, timeout=None, proxies=None, verify=False,                     debug=0 </msg>
<arg>consultarAPI</arg>
<arg>${URL}</arg>
<doc>Create Session: create a HTTP session to a server</doc>
<status status="PASS" start="2024-06-14T07:15:03.163099" elapsed="0.000386"/>
</kw>
<status status="PASS" start="2024-06-14T07:15:03.162044" elapsed="0.001798"/>
</kw>
<status status="PASS" start="2024-06-14T07:15:03.161444" elapsed="0.002586"/>
</test>
<test id="s1-s1-t2" name="Validar retorno 200 e JSON Válido" line="16">
<kw name="Teste de Requisicao Basica" owner="random-user-service">
<kw name="GET On Session" owner="RequestsLibrary">
<msg time="2024-06-14T07:15:03.686348" level="INFO">GET Request : url=https://randomuser.me/api 
 path_url=/api 
 headers={'User-Agent': 'python-requests/2.32.3', 'Accept-Encoding': 'gzip, deflate', 'Accept': '*/*', 'Connection': 'keep-alive'} 
 body=None 
 </msg>
<msg time="2024-06-14T07:15:03.686533" level="INFO">GET Response : url=https://randomuser.me/api 
 status=200, reason=OK 
 headers={'Date': 'Fri, 14 Jun 2024 07:15:03 GMT', 'Content-Type': 'application/json; charset=utf-8', 'Transfer-Encoding': 'chunked', 'Connection': 'keep-alive', 'X-Powered-By': 'Express', 'Access-Control-Allow-Origin': '*', 'Cache-Control': 'no-cache', 'ETag': 'W/"47a-WajUU1bklJ2dWdcxyXxH+L73WgQ"', 'Vary': 'Accept-Encoding', 'Content-Encoding': 'gzip', 'CF-Cache-Status': 'DYNAMIC', 'Report-To': '{"endpoints":[{"url":"https:\\/\\/a.nel.cloudflare.com\\/report\\/v4?s=45X0Kpyncn9P5rweByAZqWhV3YGrYHjLFrjk3rJ1nmu0gx6PseWmacNL0BwTSTivVvxeuQWS%2BfStP%2FScGcouY5r%2Fdvve%2F5Vt3LGzcC6YEpITx7ALh5WUwxGafxfur%2BKF"}],"group":"cf-nel","max_age":604800}', 'NEL': '{"success_fraction":0,"report_to":"cf-nel","max_age":604800}', 'Server': 'cloudflare', 'CF-RAY': '893886ea385c2a85-LAX', 'alt-svc': 'h3=":443"; ma=86400'} 
 body={"results":[{"gender":"male","name":{"title":"Mr","first":"Efe","last":"Paksüt"},"location":{"street":{"number":533,"name":"Bağdat Cd"},"city":"Antalya","state":"Kahramanmaraş","country":"Turkey","postcode":24565,"coordinates":{"latitude":"67.2774","longitude":"-146.4005"},"timezone":{"offset":"-3:00","description":"Brazil, Buenos Aires, Georgetown"}},"email":"efe.paksut@example.com","login":{"uuid":"4a50d192-76ce-4f1d-ab4b-64fbd45deb54","username":"crazypanda475","password":"r2d2","salt":"CxX58eZk","md5":"b2340d6f245204fdfa22e7e91d893c14","sha1":"06ca3b620613d9bae49d21060c93c6e3f2b4c8a8","sha256":"5ab38d6498484e244f278eced107c47bb005878ab2b6d285adb1fe499cb51561"},"dob":{"date":"1960-12-09T08:31:24.805Z","age":63},"registered":{"date":"2022-01-12T20:53:34.228Z","age":2},"phone":"(823)-897-3350","cell":"(826)-966-4284","id":{"name":"","value":null},"picture":{"large":"https://randomuser.me/api/portraits/men/71.jpg","medium":"https://randomuser.me/api/portraits/med/men/71.jpg","thumbnail":"https://randomuser.me/api/portraits/thumb/men/71.jpg"},"nat":"TR"}],"info":{"seed":"bd2c3e05e7d233b8","results":1,"page":1,"version":"1.4"}} 
 </msg>
<msg time="2024-06-14T07:15:03.686621" level="INFO">/opt/hostedtoolcache/Python/3.12.3/x64/lib/python3.12/site-packages/urllib3/connectionpool.py:1103: InsecureRequestWarning: Unverified HTTPS request is being made to host 'randomuser.me'. Adding certificate verification is strongly advised. See: https://urllib3.readthedocs.io/en/latest/advanced-usage.html#tls-warnings
  warnings.warn(</msg>
<msg time="2024-06-14T07:15:03.686786" level="INFO">${response} = &lt;Response [200]&gt;</msg>
<var>${response}</var>
<arg>consultarAPI</arg>
<arg>/api</arg>
<doc>Sends a GET request on a previously created HTTP Session.</doc>
<status status="PASS" start="2024-06-14T07:15:03.166729" elapsed="0.520101"/>
</kw>
<kw name="Should Be Equal As Numbers" owner="BuiltIn">
<msg time="2024-06-14T07:15:03.687811" level="INFO">Argument types are:
&lt;class 'int'&gt;
&lt;class 'str'&gt;</msg>
<arg>${response.status_code}</arg>
<arg>200</arg>
<doc>Fails if objects are unequal after converting them to real numbers.</doc>
<status status="PASS" start="2024-06-14T07:15:03.687366" elapsed="0.000510"/>
</kw>
<kw name="Log" owner="BuiltIn">
<msg time="2024-06-14T07:15:03.688564" level="INFO">200</msg>
<arg>${response.status_code}</arg>
<doc>Logs the given message with the given level.</doc>
<status status="PASS" start="2024-06-14T07:15:03.688219" elapsed="0.000391"/>
</kw>
<kw name="Set Variable" owner="BuiltIn">
<msg time="2024-06-14T07:15:03.689359" level="INFO">${json_data} = {'results': [{'gender': 'male', 'name': {'title': 'Mr', 'first': 'Efe', 'last': 'Paksüt'}, 'location': {'street': {'number': 533, 'name': 'Bağdat Cd'}, 'city': 'Antalya', 'state': 'Kahramanmaraş', 'co...</msg>
<var>${json_data}</var>
<arg>${response.json()}</arg>
<doc>Returns the given values which can then be assigned to a variables.</doc>
<status status="PASS" start="2024-06-14T07:15:03.688913" elapsed="0.000477"/>
</kw>
<kw name="Dictionary Should Contain Key" owner="Collections">
<arg>${json_data}</arg>
<arg>results</arg>
<doc>Fails if ``key`` is not found from ``dictionary``.</doc>
<status status="PASS" start="2024-06-14T07:15:03.689691" elapsed="0.000164"/>
</kw>
<status status="PASS" start="2024-06-14T07:15:03.166460" elapsed="0.523546"/>
</kw>
<doc>Testa se a API responde corretamente e retorna um objeto JSON válido.</doc>
<tag>testeRequisicaoBasica</tag>
<status status="PASS" start="2024-06-14T07:15:03.165908" elapsed="0.524271"/>
</test>
<test id="s1-s1-t3" name="Validar estrutura de resposta" line="22">
<kw name="Teste de Estrutura de Resposta" owner="random-user-service">
<kw name="GET On Session" owner="RequestsLibrary">
<msg time="2024-06-14T07:15:03.934267" level="INFO">GET Request : url=https://randomuser.me/api 
 path_url=/api 
 headers={'User-Agent': 'python-requests/2.32.3', 'Accept-Encoding': 'gzip, deflate', 'Accept': '*/*', 'Connection': 'keep-alive'} 
 body=None 
 </msg>
<msg time="2024-06-14T07:15:03.934349" level="INFO">GET Response : url=https://randomuser.me/api 
 status=200, reason=OK 
 headers={'Date': 'Fri, 14 Jun 2024 07:15:03 GMT', 'Content-Type': 'application/json; charset=utf-8', 'Transfer-Encoding': 'chunked', 'Connection': 'keep-alive', 'X-Powered-By': 'Express', 'Access-Control-Allow-Origin': '*', 'Cache-Control': 'no-cache', 'ETag': 'W/"49e-Onjrz52nGlTnsQA2frrAbiXcEM4"', 'Vary': 'Accept-Encoding', 'Content-Encoding': 'gzip', 'CF-Cache-Status': 'DYNAMIC', 'Report-To': '{"endpoints":[{"url":"https:\\/\\/a.nel.cloudflare.com\\/report\\/v4?s=gfYOcP20MunD%2BL0y1Xvsa7GLnHxTw32KpYDAjG%2BSXm6AQXgd5SLyPvSiiRuPEvkgiOj5mlZkuEzZe1uVXG0ARE0skBoVg2JstrmX6dCPXh1DXwUVU8C8hoZh1TOP1QPv"}],"group":"cf-nel","max_age":604800}', 'NEL': '{"success_fraction":0,"report_to":"cf-nel","max_age":604800}', 'Server': 'cloudflare', 'CF-RAY': '893886ec1a432a85-LAX', 'alt-svc': 'h3=":443"; ma=86400'} 
 body={"results":[{"gender":"male","name":{"title":"Mr","first":"Bradley","last":"Lawrence"},"location":{"street":{"number":64,"name":"Springfield Road"},"city":"Exeter","state":"County Fermanagh","country":"United Kingdom","postcode":"QN7F 4LJ","coordinates":{"latitude":"-6.0593","longitude":"-125.4816"},"timezone":{"offset":"-1:00","description":"Azores, Cape Verde Islands"}},"email":"bradley.lawrence@example.com","login":{"uuid":"1860c53b-e108-40c0-a2bc-107c66dd5a34","username":"sadrabbit197","password":"bottom","salt":"4gbIdVd6","md5":"121421baa5d4c0bdc04467ee8c642f81","sha1":"5b1ae732f12a9a3e86a5459962a97c48cae0f512","sha256":"dfa9e089af9c44101a434eb09d33fd5042bfd5db455369d405e80bd806274d6c"},"dob":{"date":"1946-01-02T09:45:47.529Z","age":78},"registered":{"date":"2011-08-19T21:46:45.599Z","age":12},"phone":"01348 83613","cell":"07714 055960","id":{"name":"NINO","value":"HW 87 97 90 S"},"picture":{"large":"https://randomuser.me/api/portraits/men/79.jpg","medium":"https://randomuser.me/api/portraits/med/men/79.jpg","thumbnail":"https://randomuser.me/api/portraits/thumb/men/79.jpg"},"nat":"GB"}],"info":{"seed":"79a1ad92445c61b4","results":1,"page":1,"version":"1.4"}} 
 </msg>
<msg time="2024-06-14T07:15:03.934471" level="INFO">/opt/hostedtoolcache/Python/3.12.3/x64/lib/python3.12/site-packages/urllib3/connectionpool.py:1103: InsecureRequestWarning: Unverified HTTPS request is being made to host 'randomuser.me'. Adding certificate verification is strongly advised. See: https://urllib3.readthedocs.io/en/latest/advanced-usage.html#tls-warnings
  warnings.warn(</msg>
<msg time="2024-06-14T07:15:03.934581" level="INFO">${response} = &lt;Response [200]&gt;</msg>
<var>${response}</var>
<arg>consultarAPI</arg>
<arg>/api</arg>
<doc>Sends a GET request on a previously created HTTP Session.</doc>
<status status="PASS" start="2024-06-14T07:15:03.692939" elapsed="0.241685"/>
</kw>
<kw name="Set Variable" owner="BuiltIn">
<msg time="2024-06-14T07:15:03.935692" level="INFO">${json_data} = {'results': [{'gender': 'male', 'name': {'title': 'Mr', 'first': 'Bradley', 'last': 'Lawrence'}, 'location': {'street': {'number': 64, 'name': 'Springfield Road'}, 'city': 'Exeter', 'state': 'County F...</msg>
<var>${json_data}</var>
<arg>${response.json()}</arg>
<doc>Returns the given values which can then be assigned to a variables.</doc>
<status status="PASS" start="2024-06-14T07:15:03.935156" elapsed="0.000566"/>
</kw>
<kw name="Log" owner="BuiltIn">
<msg time="2024-06-14T07:15:03.936185" level="INFO">{'results': [{'gender': 'male', 'name': {'title': 'Mr', 'first': 'Bradley', 'last': 'Lawrence'}, 'location': {'street': {'number': 64, 'name': 'Springfield Road'}, 'city': 'Exeter', 'state': 'County Fermanagh', 'country': 'United Kingdom', 'postcode': 'QN7F 4LJ', 'coordinates': {'latitude': '-6.0593', 'longitude': '-125.4816'}, 'timezone': {'offset': '-1:00', 'description': 'Azores, Cape Verde Islands'}}, 'email': 'bradley.lawrence@example.com', 'login': {'uuid': '1860c53b-e108-40c0-a2bc-107c66dd5a34', 'username': 'sadrabbit197', 'password': 'bottom', 'salt': '4gbIdVd6', 'md5': '121421baa5d4c0bdc04467ee8c642f81', 'sha1': '5b1ae732f12a9a3e86a5459962a97c48cae0f512', 'sha256': 'dfa9e089af9c44101a434eb09d33fd5042bfd5db455369d405e80bd806274d6c'}, 'dob': {'date': '1946-01-02T09:45:47.529Z', 'age': 78}, 'registered': {'date': '2011-08-19T21:46:45.599Z', 'age': 12}, 'phone': '01348 83613', 'cell': '07714 055960', 'id': {'name': 'NINO', 'value': 'HW 87 97 90 S'}, 'picture': {'large': 'https://randomuser.me/api/portraits/men/79.jpg', 'medium': 'https://randomuser.me/api/portraits/med/men/79.jpg', 'thumbnail': 'https://randomuser.me/api/portraits/thumb/men/79.jpg'}, 'nat': 'GB'}], 'info': {'seed': '79a1ad92445c61b4', 'results': 1, 'page': 1, 'version': '1.4'}}</msg>
<arg>${json_data}</arg>
<doc>Logs the given message with the given level.</doc>
<status status="PASS" start="2024-06-14T07:15:03.936030" elapsed="0.000204"/>
</kw>
<kw name="Dictionary Should Contain Key" owner="Collections">
<arg>${json_data}</arg>
<arg>results</arg>
<doc>Fails if ``key`` is not found from ``dictionary``.</doc>
<status status="PASS" start="2024-06-14T07:15:03.936522" elapsed="0.000157"/>
</kw>
<kw name="Should Not Be Empty" owner="BuiltIn">
<msg time="2024-06-14T07:15:03.936988" level="INFO">Length is 2.</msg>
<arg>${json_data}</arg>
<doc>Verifies that the given item is not empty.</doc>
<status status="PASS" start="2024-06-14T07:15:03.936864" elapsed="0.000162"/>
</kw>
<kw name="Create List" owner="BuiltIn">
<msg time="2024-06-14T07:15:03.937459" level="INFO">${expected_keys} = ['gender', 'name', 'location', 'email', 'login']</msg>
<var>${expected_keys}</var>
<arg>gender</arg>
<arg>name</arg>
<arg>location</arg>
<arg>email</arg>
<arg>login</arg>
<doc>Returns a list containing given items.</doc>
<status status="PASS" start="2024-06-14T07:15:03.937312" elapsed="0.000171"/>
</kw>
<for flavor="IN">
<iter>
<kw name="Dictionary Should Contain Key" owner="Collections">
<arg>${json_data['results'][0]}</arg>
<arg>${key}</arg>
<doc>Fails if ``key`` is not found from ``dictionary``.</doc>
<status status="PASS" start="2024-06-14T07:15:03.938068" elapsed="0.000393"/>
</kw>
<kw name="Log" owner="BuiltIn">
<msg time="2024-06-14T07:15:03.939053" level="INFO">{'gender': 'male', 'name': {'title': 'Mr', 'first': 'Bradley', 'last': 'Lawrence'}, 'location': {'street': {'number': 64, 'name': 'Springfield Road'}, 'city': 'Exeter', 'state': 'County Fermanagh', 'country': 'United Kingdom', 'postcode': 'QN7F 4LJ', 'coordinates': {'latitude': '-6.0593', 'longitude': '-125.4816'}, 'timezone': {'offset': '-1:00', 'description': 'Azores, Cape Verde Islands'}}, 'email': 'bradley.lawrence@example.com', 'login': {'uuid': '1860c53b-e108-40c0-a2bc-107c66dd5a34', 'username': 'sadrabbit197', 'password': 'bottom', 'salt': '4gbIdVd6', 'md5': '121421baa5d4c0bdc04467ee8c642f81', 'sha1': '5b1ae732f12a9a3e86a5459962a97c48cae0f512', 'sha256': 'dfa9e089af9c44101a434eb09d33fd5042bfd5db455369d405e80bd806274d6c'}, 'dob': {'date': '1946-01-02T09:45:47.529Z', 'age': 78}, 'registered': {'date': '2011-08-19T21:46:45.599Z', 'age': 12}, 'phone': '01348 83613', 'cell': '07714 055960', 'id': {'name': 'NINO', 'value': 'HW 87 97 90 S'}, 'picture': {'large': 'https://randomuser.me/api/portraits/men/79.jpg', 'medium': 'https://randomuser.me/api/portraits/med/men/79.jpg', 'thumbnail': 'https://randomuser.me/api/portraits/thumb/men/79.jpg'}, 'nat': 'GB'}</msg>
<arg>${json_data['results'][0]}</arg>
<doc>Logs the given message with the given level.</doc>
<status status="PASS" start="2024-06-14T07:15:03.938679" elapsed="0.000424"/>
</kw>
<kw name="Log" owner="BuiltIn">
<msg time="2024-06-14T07:15:03.939526" level="INFO">gender</msg>
<arg>${key}</arg>
<doc>Logs the given message with the given level.</doc>
<status status="PASS" start="2024-06-14T07:15:03.939398" elapsed="0.000166"/>
</kw>
<var name="${key}">gender</var>
<status status="PASS" start="2024-06-14T07:15:03.937944" elapsed="0.001845"/>
</iter>
<iter>
<kw name="Dictionary Should Contain Key" owner="Collections">
<arg>${json_data['results'][0]}</arg>
<arg>${key}</arg>
<doc>Fails if ``key`` is not found from ``dictionary``.</doc>
<status status="PASS" start="2024-06-14T07:15:03.940087" elapsed="0.000376"/>
</kw>
<kw name="Log" owner="BuiltIn">
<msg time="2024-06-14T07:15:03.941031" level="INFO">{'gender': 'male', 'name': {'title': 'Mr', 'first': 'Bradley', 'last': 'Lawrence'}, 'location': {'street': {'number': 64, 'name': 'Springfield Road'}, 'city': 'Exeter', 'state': 'County Fermanagh', 'country': 'United Kingdom', 'postcode': 'QN7F 4LJ', 'coordinates': {'latitude': '-6.0593', 'longitude': '-125.4816'}, 'timezone': {'offset': '-1:00', 'description': 'Azores, Cape Verde Islands'}}, 'email': 'bradley.lawrence@example.com', 'login': {'uuid': '1860c53b-e108-40c0-a2bc-107c66dd5a34', 'username': 'sadrabbit197', 'password': 'bottom', 'salt': '4gbIdVd6', 'md5': '121421baa5d4c0bdc04467ee8c642f81', 'sha1': '5b1ae732f12a9a3e86a5459962a97c48cae0f512', 'sha256': 'dfa9e089af9c44101a434eb09d33fd5042bfd5db455369d405e80bd806274d6c'}, 'dob': {'date': '1946-01-02T09:45:47.529Z', 'age': 78}, 'registered': {'date': '2011-08-19T21:46:45.599Z', 'age': 12}, 'phone': '01348 83613', 'cell': '07714 055960', 'id': {'name': 'NINO', 'value': 'HW 87 97 90 S'}, 'picture': {'large': 'https://randomuser.me/api/portraits/men/79.jpg', 'medium': 'https://randomuser.me/api/portraits/med/men/79.jpg', 'thumbnail': 'https://randomuser.me/api/portraits/thumb/men/79.jpg'}, 'nat': 'GB'}</msg>
<arg>${json_data['results'][0]}</arg>
<doc>Logs the given message with the given level.</doc>
<status status="PASS" start="2024-06-14T07:15:03.940648" elapsed="0.000433"/>
</kw>
<kw name="Log" owner="BuiltIn">
<msg time="2024-06-14T07:15:03.941513" level="INFO">name</msg>
<arg>${key}</arg>
<doc>Logs the given message with the given level.</doc>
<status status="PASS" start="2024-06-14T07:15:03.941379" elapsed="0.000173"/>
</kw>
<var name="${key}">name</var>
<status status="PASS" start="2024-06-14T07:15:03.939976" elapsed="0.001862"/>
</iter>
<iter>
<kw name="Dictionary Should Contain Key" owner="Collections">
<arg>${json_data['results'][0]}</arg>
<arg>${key}</arg>
<doc>Fails if ``key`` is not found from ``dictionary``.</doc>
<status status="PASS" start="2024-06-14T07:15:03.942145" elapsed="0.000387"/>
</kw>
<kw name="Log" owner="BuiltIn">
<msg time="2024-06-14T07:15:03.943099" level="INFO">{'gender': 'male', 'name': {'title': 'Mr', 'first': 'Bradley', 'last': 'Lawrence'}, 'location': {'street': {'number': 64, 'name': 'Springfield Road'}, 'city': 'Exeter', 'state': 'County Fermanagh', 'country': 'United Kingdom', 'postcode': 'QN7F 4LJ', 'coordinates': {'latitude': '-6.0593', 'longitude': '-125.4816'}, 'timezone': {'offset': '-1:00', 'description': 'Azores, Cape Verde Islands'}}, 'email': 'bradley.lawrence@example.com', 'login': {'uuid': '1860c53b-e108-40c0-a2bc-107c66dd5a34', 'username': 'sadrabbit197', 'password': 'bottom', 'salt': '4gbIdVd6', 'md5': '121421baa5d4c0bdc04467ee8c642f81', 'sha1': '5b1ae732f12a9a3e86a5459962a97c48cae0f512', 'sha256': 'dfa9e089af9c44101a434eb09d33fd5042bfd5db455369d405e80bd806274d6c'}, 'dob': {'date': '1946-01-02T09:45:47.529Z', 'age': 78}, 'registered': {'date': '2011-08-19T21:46:45.599Z', 'age': 12}, 'phone': '01348 83613', 'cell': '07714 055960', 'id': {'name': 'NINO', 'value': 'HW 87 97 90 S'}, 'picture': {'large': 'https://randomuser.me/api/portraits/men/79.jpg', 'medium': 'https://randomuser.me/api/portraits/med/men/79.jpg', 'thumbnail': 'https://randomuser.me/api/portraits/thumb/men/79.jpg'}, 'nat': 'GB'}</msg>
<arg>${json_data['results'][0]}</arg>
<doc>Logs the given message with the given level.</doc>
<status status="PASS" start="2024-06-14T07:15:03.942750" elapsed="0.000396"/>
</kw>
<kw name="Log" owner="BuiltIn">
<msg time="2024-06-14T07:15:03.943601" level="INFO">location</msg>
<arg>${key}</arg>
<doc>Logs the given message with the given level.</doc>
<status status="PASS" start="2024-06-14T07:15:03.943472" elapsed="0.000165"/>
</kw>
<var name="${key}">location</var>
<status status="PASS" start="2024-06-14T07:15:03.942034" elapsed="0.001830"/>
</iter>
<iter>
<kw name="Dictionary Should Contain Key" owner="Collections">
<arg>${json_data['results'][0]}</arg>
<arg>${key}</arg>
<doc>Fails if ``key`` is not found from ``dictionary``.</doc>
<status status="PASS" start="2024-06-14T07:15:03.944146" elapsed="0.000376"/>
</kw>
<kw name="Log" owner="BuiltIn">
<msg time="2024-06-14T07:15:03.945060" level="INFO">{'gender': 'male', 'name': {'title': 'Mr', 'first': 'Bradley', 'last': 'Lawrence'}, 'location': {'street': {'number': 64, 'name': 'Springfield Road'}, 'city': 'Exeter', 'state': 'County Fermanagh', 'country': 'United Kingdom', 'postcode': 'QN7F 4LJ', 'coordinates': {'latitude': '-6.0593', 'longitude': '-125.4816'}, 'timezone': {'offset': '-1:00', 'description': 'Azores, Cape Verde Islands'}}, 'email': 'bradley.lawrence@example.com', 'login': {'uuid': '1860c53b-e108-40c0-a2bc-107c66dd5a34', 'username': 'sadrabbit197', 'password': 'bottom', 'salt': '4gbIdVd6', 'md5': '121421baa5d4c0bdc04467ee8c642f81', 'sha1': '5b1ae732f12a9a3e86a5459962a97c48cae0f512', 'sha256': 'dfa9e089af9c44101a434eb09d33fd5042bfd5db455369d405e80bd806274d6c'}, 'dob': {'date': '1946-01-02T09:45:47.529Z', 'age': 78}, 'registered': {'date': '2011-08-19T21:46:45.599Z', 'age': 12}, 'phone': '01348 83613', 'cell': '07714 055960', 'id': {'name': 'NINO', 'value': 'HW 87 97 90 S'}, 'picture': {'large': 'https://randomuser.me/api/portraits/men/79.jpg', 'medium': 'https://randomuser.me/api/portraits/med/men/79.jpg', 'thumbnail': 'https://randomuser.me/api/portraits/thumb/men/79.jpg'}, 'nat': 'GB'}</msg>
<arg>${json_data['results'][0]}</arg>
<doc>Logs the given message with the given level.</doc>
<status status="PASS" start="2024-06-14T07:15:03.944706" elapsed="0.000399"/>
</kw>
<kw name="Log" owner="BuiltIn">
<msg time="2024-06-14T07:15:03.945528" level="INFO">email</msg>
<arg>${key}</arg>
<doc>Logs the given message with the given level.</doc>
<status status="PASS" start="2024-06-14T07:15:03.945401" elapsed="0.000165"/>
</kw>
<var name="${key}">email</var>
<status status="PASS" start="2024-06-14T07:15:03.944038" elapsed="0.001744"/>
</iter>
<iter>
<kw name="Dictionary Should Contain Key" owner="Collections">
<arg>${json_data['results'][0]}</arg>
<arg>${key}</arg>
<doc>Fails if ``key`` is not found from ``dictionary``.</doc>
<status status="PASS" start="2024-06-14T07:15:03.946063" elapsed="0.000389"/>
</kw>
<kw name="Log" owner="BuiltIn">
<msg time="2024-06-14T07:15:03.947010" level="INFO">{'gender': 'male', 'name': {'title': 'Mr', 'first': 'Bradley', 'last': 'Lawrence'}, 'location': {'street': {'number': 64, 'name': 'Springfield Road'}, 'city': 'Exeter', 'state': 'County Fermanagh', 'country': 'United Kingdom', 'postcode': 'QN7F 4LJ', 'coordinates': {'latitude': '-6.0593', 'longitude': '-125.4816'}, 'timezone': {'offset': '-1:00', 'description': 'Azores, Cape Verde Islands'}}, 'email': 'bradley.lawrence@example.com', 'login': {'uuid': '1860c53b-e108-40c0-a2bc-107c66dd5a34', 'username': 'sadrabbit197', 'password': 'bottom', 'salt': '4gbIdVd6', 'md5': '121421baa5d4c0bdc04467ee8c642f81', 'sha1': '5b1ae732f12a9a3e86a5459962a97c48cae0f512', 'sha256': 'dfa9e089af9c44101a434eb09d33fd5042bfd5db455369d405e80bd806274d6c'}, 'dob': {'date': '1946-01-02T09:45:47.529Z', 'age': 78}, 'registered': {'date': '2011-08-19T21:46:45.599Z', 'age': 12}, 'phone': '01348 83613', 'cell': '07714 055960', 'id': {'name': 'NINO', 'value': 'HW 87 97 90 S'}, 'picture': {'large': 'https://randomuser.me/api/portraits/men/79.jpg', 'medium': 'https://randomuser.me/api/portraits/med/men/79.jpg', 'thumbnail': 'https://randomuser.me/api/portraits/thumb/men/79.jpg'}, 'nat': 'GB'}</msg>
<arg>${json_data['results'][0]}</arg>
<doc>Logs the given message with the given level.</doc>
<status status="PASS" start="2024-06-14T07:15:03.946655" elapsed="0.000402"/>
</kw>
<kw name="Log" owner="BuiltIn">
<msg time="2024-06-14T07:15:03.947579" level="INFO">login</msg>
<arg>${key}</arg>
<doc>Logs the given message with the given level.</doc>
<status status="PASS" start="2024-06-14T07:15:03.947351" elapsed="0.000266"/>
</kw>
<var name="${key}">login</var>
<status status="PASS" start="2024-06-14T07:15:03.945955" elapsed="0.001879"/>
</iter>
<var>${key}</var>
<value>@{expected_keys}</value>
<status status="PASS" start="2024-06-14T07:15:03.937757" elapsed="0.010197"/>
</for>
<kw name="Create List" owner="BuiltIn">
<msg time="2024-06-14T07:15:03.948315" level="INFO">${expected_keysTwo} = ['username', 'password']</msg>
<var>${expected_keysTwo}</var>
<arg>username</arg>
<arg>password</arg>
<doc>Returns a list containing given items.</doc>
<status status="PASS" start="2024-06-14T07:15:03.948171" elapsed="0.000169"/>
</kw>
<for flavor="IN">
<iter>
<kw name="Dictionary Should Contain Key" owner="Collections">
<arg>${json_data['results'][0]['login']}</arg>
<arg>${keyTwo}</arg>
<doc>Fails if ``key`` is not found from ``dictionary``.</doc>
<status status="PASS" start="2024-06-14T07:15:03.948832" elapsed="0.000377"/>
</kw>
<kw name="Dictionary Should Contain Key" owner="Collections">
<arg>${json_data['results'][0]['login']}</arg>
<arg>${keyTwo}</arg>
<doc>Fails if ``key`` is not found from ``dictionary``.</doc>
<status status="PASS" start="2024-06-14T07:15:03.949387" elapsed="0.000366"/>
</kw>
<kw name="Log" owner="BuiltIn">
<msg time="2024-06-14T07:15:03.950052" level="INFO">username</msg>
<arg>${keyTwo}</arg>
<doc>Logs the given message with the given level.</doc>
<status status="PASS" start="2024-06-14T07:15:03.949931" elapsed="0.000157"/>
</kw>
<var name="${keyTwo}">username</var>
<status status="PASS" start="2024-06-14T07:15:03.948728" elapsed="0.001577"/>
</iter>
<iter>
<kw name="Dictionary Should Contain Key" owner="Collections">
<arg>${json_data['results'][0]['login']}</arg>
<arg>${keyTwo}</arg>
<doc>Fails if ``key`` is not found from ``dictionary``.</doc>
<status status="PASS" start="2024-06-14T07:15:03.950591" elapsed="0.000402"/>
</kw>
<kw name="Dictionary Should Contain Key" owner="Collections">
<arg>${json_data['results'][0]['login']}</arg>
<arg>${keyTwo}</arg>
<doc>Fails if ``key`` is not found from ``dictionary``.</doc>
<status status="PASS" start="2024-06-14T07:15:03.951173" elapsed="0.000365"/>
</kw>
<kw name="Log" owner="BuiltIn">
<msg time="2024-06-14T07:15:03.951833" level="INFO">password</msg>
<arg>${keyTwo}</arg>
<doc>Logs the given message with the given level.</doc>
<status status="PASS" start="2024-06-14T07:15:03.951715" elapsed="0.000154"/>
</kw>
<var name="${keyTwo}">password</var>
<status status="PASS" start="2024-06-14T07:15:03.950485" elapsed="0.001614"/>
</iter>
<var>${keyTwo}</var>
<value>@{expected_keysTwo}</value>
<status status="PASS" start="2024-06-14T07:15:03.948578" elapsed="0.003640"/>
</for>
<status status="PASS" start="2024-06-14T07:15:03.692706" elapsed="0.259655"/>
</kw>
<doc>Testa a estrutura da resposta da API.</doc>
<tag>testeEstruturaResposta</tag>
<status status="PASS" start="2024-06-14T07:15:03.692020" elapsed="0.260495"/>
</test>
<test id="s1-s1-t4" name="Validar tipos de dados" line="28">
<kw name="Teste de Tipos de Dados" owner="random-user-service">
<kw name="GET On Session" owner="RequestsLibrary">
<msg time="2024-06-14T07:15:04.116198" level="INFO">GET Request : url=https://randomuser.me/api 
 path_url=/api 
 headers={'User-Agent': 'python-requests/2.32.3', 'Accept-Encoding': 'gzip, deflate', 'Accept': '*/*', 'Connection': 'keep-alive'} 
 body=None 
 </msg>
<msg time="2024-06-14T07:15:04.116305" level="INFO">GET Response : url=https://randomuser.me/api 
 status=200, reason=OK 
 headers={'Date': 'Fri, 14 Jun 2024 07:15:04 GMT', 'Content-Type': 'application/json; charset=utf-8', 'Transfer-Encoding': 'chunked', 'Connection': 'keep-alive', 'X-Powered-By': 'Express', 'Access-Control-Allow-Origin': '*', 'Cache-Control': 'no-cache', 'ETag': 'W/"489-JDtOFrMHna8sqU5UhEEBvBEHtVI"', 'Vary': 'Accept-Encoding', 'Content-Encoding': 'gzip', 'CF-Cache-Status': 'DYNAMIC', 'Report-To': '{"endpoints":[{"url":"https:\\/\\/a.nel.cloudflare.com\\/report\\/v4?s=7anRYWGL%2ByVqohzz0KRHoCU5WJGsX0wFkFsimiFuYLzXTX54mHFCQavd%2Bkbkm4v%2F5ksrD0yMRq%2BcFwHteIILS5nQbBjvFxreAjVUli0B1YxhhAb2gdA%2Bo9qERlwEYcrQ"}],"group":"cf-nel","max_age":604800}', 'NEL': '{"success_fraction":0,"report_to":"cf-nel","max_age":604800}', 'Server': 'cloudflare', 'CF-RAY': '893886edbc642a85-LAX', 'alt-svc': 'h3=":443"; ma=86400'} 
 body={"results":[{"gender":"male","name":{"title":"Mr","first":"Ahmet","last":"Topçuoğlu"},"location":{"street":{"number":8055,"name":"Bağdat Cd"},"city":"Sakarya","state":"Çorum","country":"Turkey","postcode":80026,"coordinates":{"latitude":"68.8479","longitude":"-30.4970"},"timezone":{"offset":"+5:00","description":"Ekaterinburg, Islamabad, Karachi, Tashkent"}},"email":"ahmet.topcuoglu@example.com","login":{"uuid":"0cacda3c-9df9-4c4f-a139-fd3253f1b9f4","username":"brownlion978","password":"barton","salt":"K20JVr8O","md5":"76053041257afe28ed5ef4dc951a5810","sha1":"d0a0a3adb4f97f74e6c1b270e54ce2ed42b8cbaf","sha256":"33e6408036e0af55921baf01894f6c77921e9b8e5d0089ae56845afff43984ad"},"dob":{"date":"1993-02-28T12:30:54.862Z","age":31},"registered":{"date":"2006-11-11T09:32:23.874Z","age":17},"phone":"(329)-075-9291","cell":"(444)-390-2005","id":{"name":"","value":null},"picture":{"large":"https://randomuser.me/api/portraits/men/14.jpg","medium":"https://randomuser.me/api/portraits/med/men/14.jpg","thumbnail":"https://randomuser.me/api/portraits/thumb/men/14.jpg"},"nat":"TR"}],"info":{"seed":"1b74408bc5a08ca0","results":1,"page":1,"version":"1.4"}} 
 </msg>
<msg time="2024-06-14T07:15:04.116392" level="INFO">/opt/hostedtoolcache/Python/3.12.3/x64/lib/python3.12/site-packages/urllib3/connectionpool.py:1103: InsecureRequestWarning: Unverified HTTPS request is being made to host 'randomuser.me'. Adding certificate verification is strongly advised. See: https://urllib3.readthedocs.io/en/latest/advanced-usage.html#tls-warnings
  warnings.warn(</msg>
<msg time="2024-06-14T07:15:04.116527" level="INFO">${response} = &lt;Response [200]&gt;</msg>
<var>${response}</var>
<arg>consultarAPI</arg>
<arg>/api</arg>
<doc>Sends a GET request on a previously created HTTP Session.</doc>
<status status="PASS" start="2024-06-14T07:15:03.954976" elapsed="0.161591"/>
</kw>
<kw name="Set Variable" owner="BuiltIn">
<msg time="2024-06-14T07:15:04.117741" level="INFO">${json_data} = {'results': [{'gender': 'male', 'name': {'title': 'Mr', 'first': 'Ahmet', 'last': 'Topçuoğlu'}, 'location': {'street': {'number': 8055, 'name': 'Bağdat Cd'}, 'city': 'Sakarya', 'state': 'Çorum', 'coun...</msg>
<var>${json_data}</var>
<arg>${response.json()}</arg>
<doc>Returns the given values which can then be assigned to a variables.</doc>
<status status="PASS" start="2024-06-14T07:15:04.117179" elapsed="0.000593"/>
</kw>
<kw name="Log" owner="BuiltIn">
<msg time="2024-06-14T07:15:04.118241" level="INFO">{'results': [{'gender': 'male', 'name': {'title': 'Mr', 'first': 'Ahmet', 'last': 'Topçuoğlu'}, 'location': {'street': {'number': 8055, 'name': 'Bağdat Cd'}, 'city': 'Sakarya', 'state': 'Çorum', 'country': 'Turkey', 'postcode': 80026, 'coordinates': {'latitude': '68.8479', 'longitude': '-30.4970'}, 'timezone': {'offset': '+5:00', 'description': 'Ekaterinburg, Islamabad, Karachi, Tashkent'}}, 'email': 'ahmet.topcuoglu@example.com', 'login': {'uuid': '0cacda3c-9df9-4c4f-a139-fd3253f1b9f4', 'username': 'brownlion978', 'password': 'barton', 'salt': 'K20JVr8O', 'md5': '76053041257afe28ed5ef4dc951a5810', 'sha1': 'd0a0a3adb4f97f74e6c1b270e54ce2ed42b8cbaf', 'sha256': '33e6408036e0af55921baf01894f6c77921e9b8e5d0089ae56845afff43984ad'}, 'dob': {'date': '1993-02-28T12:30:54.862Z', 'age': 31}, 'registered': {'date': '2006-11-11T09:32:23.874Z', 'age': 17}, 'phone': '(329)-075-9291', 'cell': '(444)-390-2005', 'id': {'name': '', 'value': None}, 'picture': {'large': 'https://randomuser.me/api/portraits/men/14.jpg', 'medium': 'https://randomuser.me/api/portraits/med/men/14.jpg', 'thumbnail': 'https://randomuser.me/api/portraits/thumb/men/14.jpg'}, 'nat': 'TR'}], 'info': {'seed': '1b74408bc5a08ca0', 'results': 1, 'page': 1, 'version': '1.4'}}</msg>
<arg>${json_data}</arg>
<doc>Logs the given message with the given level.</doc>
<status status="PASS" start="2024-06-14T07:15:04.118081" elapsed="0.000212"/>
</kw>
<kw name="Should Be String" owner="String">
<arg>${json_data['results'][0]['gender']}</arg>
<doc>Fails if the given ``item`` is not a string.</doc>
<status status="PASS" start="2024-06-14T07:15:04.118597" elapsed="0.000403"/>
</kw>
<kw name="Should Match Regexp" owner="BuiltIn">
<arg>${json_data['results'][0]['email']}</arg>
<arg>^[a-zA-Z0-9._%+-]+@[a-zA-Z0-9.-]+\.[a-zA-Z]{2,}$</arg>
<doc>Fails if ``string`` does not match ``pattern`` as a regular expression.</doc>
<status status="PASS" start="2024-06-14T07:15:04.119227" elapsed="0.000517"/>
</kw>
<kw name="Should Match Regexp" owner="BuiltIn">
<arg>${json_data['results'][0]['dob']['date']}</arg>
<arg>\\d{4}-\\d{2}-\\d{2}T\\d{2}:\\d{2}:\\d{2}\\.\\d{3}Z</arg>
<doc>Fails if ``string`` does not match ``pattern`` as a regular expression.</doc>
<status status="PASS" start="2024-06-14T07:15:04.119938" elapsed="0.000482"/>
</kw>
<kw name="Should Match Regexp" owner="BuiltIn">
<arg>${json_data['results'][0]['registered']['date']}</arg>
<arg>\\d{4}-\\d{2}-\\d{2}T\\d{2}:\\d{2}:\\d{2}\\.\\d{3}Z</arg>
<doc>Fails if ``string`` does not match ``pattern`` as a regular expression.</doc>
<status status="PASS" start="2024-06-14T07:15:04.120608" elapsed="0.000356"/>
</kw>
<kw name="Should Match Regexp" owner="BuiltIn">
<arg>${json_data['results'][0]['picture']['large']}</arg>
<arg>^https?://.*\.(?:png|jpe?g|gif|bmp)$</arg>
<doc>Fails if ``string`` does not match ``pattern`` as a regular expression.</doc>
<status status="PASS" start="2024-06-14T07:15:04.121147" elapsed="0.000449"/>
</kw>
<kw name="Should Match Regexp" owner="BuiltIn">
<arg>${json_data['results'][0]['picture']['medium']}</arg>
<arg>^https?://.*\.(?:png|jpe?g|gif|bmp)$</arg>
<doc>Fails if ``string`` does not match ``pattern`` as a regular expression.</doc>
<status status="PASS" start="2024-06-14T07:15:04.121796" elapsed="0.000349"/>
</kw>
<kw name="Should Match Regexp" owner="BuiltIn">
<arg>${json_data['results'][0]['picture']['thumbnail']}</arg>
<arg>^https?://.*\.(?:png|jpe?g|gif|bmp)$</arg>
<doc>Fails if ``string`` does not match ``pattern`` as a regular expression.</doc>
<status status="PASS" start="2024-06-14T07:15:04.122332" elapsed="0.000382"/>
</kw>
<kw name="Log" owner="BuiltIn">
<msg time="2024-06-14T07:15:04.123235" level="INFO">{'large': 'https://randomuser.me/api/portraits/men/14.jpg', 'medium': 'https://randomuser.me/api/portraits/med/men/14.jpg', 'thumbnail': 'https://randomuser.me/api/portraits/thumb/men/14.jpg'}</msg>
<arg>${json_data['results'][0]['picture']}</arg>
<doc>Logs the given message with the given level.</doc>
<status status="PASS" start="2024-06-14T07:15:04.122906" elapsed="0.000371"/>
</kw>
<status status="PASS" start="2024-06-14T07:15:03.954747" elapsed="0.168787"/>
</kw>
<kw name="Teste de Tipos de Dados - Postcode" owner="random-user-service">
<kw name="GET On Session" owner="RequestsLibrary">
<msg time="2024-06-14T07:15:04.280928" level="INFO">GET Request : url=https://randomuser.me/api 
 path_url=/api 
 headers={'User-Agent': 'python-requests/2.32.3', 'Accept-Encoding': 'gzip, deflate', 'Accept': '*/*', 'Connection': 'keep-alive'} 
 body=None 
 </msg>
<msg time="2024-06-14T07:15:04.281018" level="INFO">GET Response : url=https://randomuser.me/api 
 status=200, reason=OK 
 headers={'Date': 'Fri, 14 Jun 2024 07:15:04 GMT', 'Content-Type': 'application/json; charset=utf-8', 'Transfer-Encoding': 'chunked', 'Connection': 'keep-alive', 'X-Powered-By': 'Express', 'Access-Control-Allow-Origin': '*', 'Cache-Control': 'no-cache', 'ETag': 'W/"479-gjLf9SEbq90hcYhbiBNFdPrmDAQ"', 'Vary': 'Accept-Encoding', 'Content-Encoding': 'gzip', 'CF-Cache-Status': 'DYNAMIC', 'Report-To': '{"endpoints":[{"url":"https:\\/\\/a.nel.cloudflare.com\\/report\\/v4?s=r2WlDxpVjiIwN8Hp7AX2Lka%2FaqdHJ%2BtnzR%2BS8IMJEUXq%2FpA7ONadyCVpdMh1xWy2yeXjF3Cj8fbIWzODWIquAyTeui5HM74bkeIQFFxHNI6LTzvhtLuS9wEK0FZ5XR12"}],"group":"cf-nel","max_age":604800}', 'NEL': '{"success_fraction":0,"report_to":"cf-nel","max_age":604800}', 'Server': 'cloudflare', 'CF-RAY': '893886eecda82a85-LAX', 'alt-svc': 'h3=":443"; ma=86400'} 
 body={"results":[{"gender":"female","name":{"title":"Ms","first":"Nájela","last":"Rocha"},"location":{"street":{"number":9241,"name":"Rua Um"},"city":"Tatuí","state":"Amazonas","country":"Brazil","postcode":63499,"coordinates":{"latitude":"-80.0152","longitude":"128.5431"},"timezone":{"offset":"+5:45","description":"Kathmandu"}},"email":"najela.rocha@example.com","login":{"uuid":"bdfceee2-9d55-46c1-b889-dce7ec590a8e","username":"organicswan828","password":"kestrel","salt":"YtvAVeDH","md5":"79d7fa687633b5c7b30e2ce41880e13a","sha1":"ac30541a616c65012a116e07547a5ddbdc106d83","sha256":"7a32b7a0bb9015a4d12861d73756ae32b3c3b67bbbeff02c1cccbdde6118dcfd"},"dob":{"date":"1995-06-26T17:50:54.064Z","age":28},"registered":{"date":"2011-05-23T01:36:13.701Z","age":13},"phone":"(73) 5065-8877","cell":"(47) 3630-6291","id":{"name":"CPF","value":"904.576.978-91"},"picture":{"large":"https://randomuser.me/api/portraits/women/90.jpg","medium":"https://randomuser.me/api/portraits/med/women/90.jpg","thumbnail":"https://randomuser.me/api/portraits/thumb/women/90.jpg"},"nat":"BR"}],"info":{"seed":"38a979270cab1543","results":1,"page":1,"version":"1.4"}} 
 </msg>
<msg time="2024-06-14T07:15:04.281109" level="INFO">/opt/hostedtoolcache/Python/3.12.3/x64/lib/python3.12/site-packages/urllib3/connectionpool.py:1103: InsecureRequestWarning: Unverified HTTPS request is being made to host 'randomuser.me'. Adding certificate verification is strongly advised. See: https://urllib3.readthedocs.io/en/latest/advanced-usage.html#tls-warnings
  warnings.warn(</msg>
<msg time="2024-06-14T07:15:04.281225" level="INFO">${response} = &lt;Response [200]&gt;</msg>
<var>${response}</var>
<arg>consultarAPI</arg>
<arg>/api</arg>
<doc>Sends a GET request on a previously created HTTP Session.</doc>
<status status="PASS" start="2024-06-14T07:15:04.123999" elapsed="0.157270"/>
</kw>
<kw name="Set Variable" owner="BuiltIn">
<msg time="2024-06-14T07:15:04.282215" level="INFO">${json_data} = {'results': [{'gender': 'female', 'name': {'title': 'Ms', 'first': 'Nájela', 'last': 'Rocha'}, 'location': {'street': {'number': 9241, 'name': 'Rua Um'}, 'city': 'Tatuí', 'state': 'Amazonas', 'country...</msg>
<var>${json_data}</var>
<arg>${response.json()}</arg>
<doc>Returns the given values which can then be assigned to a variables.</doc>
<status status="PASS" start="2024-06-14T07:15:04.281751" elapsed="0.000493"/>
</kw>
<kw name="Log" owner="BuiltIn">
<msg time="2024-06-14T07:15:04.282734" level="INFO">{'results': [{'gender': 'female', 'name': {'title': 'Ms', 'first': 'Nájela', 'last': 'Rocha'}, 'location': {'street': {'number': 9241, 'name': 'Rua Um'}, 'city': 'Tatuí', 'state': 'Amazonas', 'country': 'Brazil', 'postcode': 63499, 'coordinates': {'latitude': '-80.0152', 'longitude': '128.5431'}, 'timezone': {'offset': '+5:45', 'description': 'Kathmandu'}}, 'email': 'najela.rocha@example.com', 'login': {'uuid': 'bdfceee2-9d55-46c1-b889-dce7ec590a8e', 'username': 'organicswan828', 'password': 'kestrel', 'salt': 'YtvAVeDH', 'md5': '79d7fa687633b5c7b30e2ce41880e13a', 'sha1': 'ac30541a616c65012a116e07547a5ddbdc106d83', 'sha256': '7a32b7a0bb9015a4d12861d73756ae32b3c3b67bbbeff02c1cccbdde6118dcfd'}, 'dob': {'date': '1995-06-26T17:50:54.064Z', 'age': 28}, 'registered': {'date': '2011-05-23T01:36:13.701Z', 'age': 13}, 'phone': '(73) 5065-8877', 'cell': '(47) 3630-6291', 'id': {'name': 'CPF', 'value': '904.576.978-91'}, 'picture': {'large': 'https://randomuser.me/api/portraits/women/90.jpg', 'medium': 'https://randomuser.me/api/portraits/med/women/90.jpg', 'thumbnail': 'https://randomuser.me/api/portraits/thumb/women/90.jpg'}, 'nat': 'BR'}], 'info': {'seed': '38a979270cab1543', 'results': 1, 'page': 1, 'version': '1.4'}}</msg>
<arg>${json_data}</arg>
<doc>Logs the given message with the given level.</doc>
<status status="PASS" start="2024-06-14T07:15:04.282548" elapsed="0.000244"/>
</kw>
<kw name="Should Be Equal As Numbers" owner="BuiltIn">
<arg>${json_data['results'][0]['location']['postcode']}</arg>
<arg>${json_data['results'][0]['location']['postcode']}</arg>
<doc>Fails if objects are unequal after converting them to real numbers.</doc>
<status status="PASS" start="2024-06-14T07:15:04.283093" elapsed="0.000616"/>
</kw>
<kw name="Log" owner="BuiltIn">
<msg time="2024-06-14T07:15:04.284236" level="INFO">63499</msg>
<arg>${json_data['results'][0]['location']['postcode']}</arg>
<doc>Logs the given message with the given level.</doc>
<status status="PASS" start="2024-06-14T07:15:04.283897" elapsed="0.000413"/>
</kw>
<status status="PASS" start="2024-06-14T07:15:04.123763" elapsed="0.160799"/>
</kw>
<doc>Testa se os tipos de dados na resposta da API estão corretos.</doc>
<tag>testeTiposDados</tag>
<status status="PASS" start="2024-06-14T07:15:03.954272" elapsed="0.330455"/>
</test>
<test id="s1-s1-t5" name="Validar conteudo" line="35">
<kw name="Teste de Tipos de Conteudo" owner="random-user-service">
<kw name="GET On Session" owner="RequestsLibrary">
<msg time="2024-06-14T07:15:04.431989" level="INFO">GET Request : url=https://randomuser.me/api 
 path_url=/api 
 headers={'User-Agent': 'python-requests/2.32.3', 'Accept-Encoding': 'gzip, deflate', 'Accept': '*/*', 'Connection': 'keep-alive'} 
 body=None 
 </msg>
<msg time="2024-06-14T07:15:04.432079" level="INFO">GET Response : url=https://randomuser.me/api 
 status=200, reason=OK 
 headers={'Date': 'Fri, 14 Jun 2024 07:15:04 GMT', 'Content-Type': 'application/json; charset=utf-8', 'Transfer-Encoding': 'chunked', 'Connection': 'keep-alive', 'X-Powered-By': 'Express', 'Access-Control-Allow-Origin': '*', 'Cache-Control': 'no-cache', 'ETag': 'W/"493-v0m/3bN9dvfB0UjPkdRDx5Qinds"', 'Vary': 'Accept-Encoding', 'Content-Encoding': 'gzip', 'CF-Cache-Status': 'DYNAMIC', 'Report-To': '{"endpoints":[{"url":"https:\\/\\/a.nel.cloudflare.com\\/report\\/v4?s=MIMODMkUbWIIzcii6WwLxMa4kU2h%2FK%2Bt7KO5mrKPL8Q3%2F7wZk2D1jPrWooTNuv4bi%2BHXj3OaLO6EC41WaQIx%2BoE9ouDO2qXZeAtZRgDTCEjiS74ZJ7AbY4R0wus6DLk2"}],"group":"cf-nel","max_age":604800}', 'NEL': '{"success_fraction":0,"report_to":"cf-nel","max_age":604800}', 'Server': 'cloudflare', 'CF-RAY': '893886efcec42a85-LAX', 'alt-svc': 'h3=":443"; ma=86400'} 
 body={"results":[{"gender":"male","name":{"title":"Mr","first":"Hicham","last":"Verlaan"},"location":{"street":{"number":4254,"name":"Boterweid"},"city":"Middelie","state":"Drenthe","country":"Netherlands","postcode":"5694 VB","coordinates":{"latitude":"32.3604","longitude":"-57.6443"},"timezone":{"offset":"+11:00","description":"Magadan, Solomon Islands, New Caledonia"}},"email":"hicham.verlaan@example.com","login":{"uuid":"5ef6380d-b29b-4061-8d2f-e5ceb345dfd5","username":"blackzebra938","password":"skunk","salt":"UiJUdyeG","md5":"7dabbd17035fb1ebe9b05fd4738c7357","sha1":"407a15b71b72d420aa2b9e08e93904a34a5daa88","sha256":"d4a61077e1d4eb37f991e1c1854bf32eca736c96e86dee26d80c3d663cd9fcac"},"dob":{"date":"1964-02-29T00:01:44.742Z","age":60},"registered":{"date":"2017-09-16T10:36:39.291Z","age":6},"phone":"(062) 2389833","cell":"(06) 43621542","id":{"name":"BSN","value":"35781534"},"picture":{"large":"https://randomuser.me/api/portraits/men/90.jpg","medium":"https://randomuser.me/api/portraits/med/men/90.jpg","thumbnail":"https://randomuser.me/api/portraits/thumb/men/90.jpg"},"nat":"NL"}],"info":{"seed":"65b5629cb036a1c9","results":1,"page":1,"version":"1.4"}} 
 </msg>
<msg time="2024-06-14T07:15:04.432140" level="INFO">/opt/hostedtoolcache/Python/3.12.3/x64/lib/python3.12/site-packages/urllib3/connectionpool.py:1103: InsecureRequestWarning: Unverified HTTPS request is being made to host 'randomuser.me'. Adding certificate verification is strongly advised. See: https://urllib3.readthedocs.io/en/latest/advanced-usage.html#tls-warnings
  warnings.warn(</msg>
<msg time="2024-06-14T07:15:04.432242" level="INFO">${response} = &lt;Response [200]&gt;</msg>
<var>${response}</var>
<arg>consultarAPI</arg>
<arg>/api</arg>
<doc>Sends a GET request on a previously created HTTP Session.</doc>
<status status="PASS" start="2024-06-14T07:15:04.287620" elapsed="0.144661"/>
</kw>
<kw name="Set Variable" owner="BuiltIn">
<msg time="2024-06-14T07:15:04.433220" level="INFO">${json_data} = {'results': [{'gender': 'male', 'name': {'title': 'Mr', 'first': 'Hicham', 'last': 'Verlaan'}, 'location': {'street': {'number': 4254, 'name': 'Boterweid'}, 'city': 'Middelie', 'state': 'Drenthe', 'co...</msg>
<var>${json_data}</var>
<arg>${response.json()}</arg>
<doc>Returns the given values which can then be assigned to a variables.</doc>
<status status="PASS" start="2024-06-14T07:15:04.432733" elapsed="0.000515"/>
</kw>
<kw name="Set Variable" owner="BuiltIn">
<msg time="2024-06-14T07:15:04.433923" level="INFO">${name_title} = Mr</msg>
<var>${name_title}</var>
<arg>${json_data["results"][0]["name"]["title"]}</arg>
<doc>Returns the given values which can then be assigned to a variables.</doc>
<status status="PASS" start="2024-06-14T07:15:04.433546" elapsed="0.000402"/>
</kw>
<kw name="Create List" owner="BuiltIn">
<msg time="2024-06-14T07:15:04.434397" level="INFO">${allowed_titles} = ['Mr', 'Ms', 'Miss', 'Mrs', 'Madame', 'Monsieur']</msg>
<var>${allowed_titles}</var>
<arg>Mr</arg>
<arg>Ms</arg>
<arg>Miss</arg>
<arg>Mrs</arg>
<arg>Madame</arg>
<arg>Monsieur</arg>
<doc>Returns a list containing given items.</doc>
<status status="PASS" start="2024-06-14T07:15:04.434246" elapsed="0.000175"/>
</kw>
<kw name="List Should Contain Value" owner="Collections">
<arg>${allowed_titles}</arg>
<arg>${name_title}</arg>
<doc>Fails if the ``value`` is not found from ``list``.</doc>
<status status="PASS" start="2024-06-14T07:15:04.434758" elapsed="0.000179"/>
</kw>
<kw name="Set Variable" owner="BuiltIn">
<msg time="2024-06-14T07:15:04.435505" level="INFO">${name_country} = NL</msg>
<var>${name_country}</var>
<arg>${json_data["results"][0]["nat"]}</arg>
<doc>Returns the given values which can then be assigned to a variables.</doc>
<status status="PASS" start="2024-06-14T07:15:04.435128" elapsed="0.000401"/>
</kw>
<kw name="Create List" owner="BuiltIn">
<msg time="2024-06-14T07:15:04.436419" level="INFO">${list_country} = ['AD', 'AE', 'AF', 'AG', 'AI', 'AL', 'AM', 'AO', 'AQ', 'AR', 'AS', 'AT', 'AU', 'AW', 'AX', 'AZ', 'BA', 'BB', 'BD', 'BE', 'BF', 'BG', 'BH', 'BI', 'BJ', 'BL', 'BM', 'BN', 'BO', 'BQ', 'BR', 'BS', 'BT', '...</msg>
<var>${list_country}</var>
<arg>AD</arg>
<arg>AE</arg>
<arg>AF</arg>
<arg>AG</arg>
<arg>AI</arg>
<arg>AL</arg>
<arg>AM</arg>
<arg>AO</arg>
<arg>AQ</arg>
<arg>AR</arg>
<arg>AS</arg>
<arg>AT</arg>
<arg>AU</arg>
<arg>AW</arg>
<arg>AX</arg>
<arg>AZ</arg>
<arg>BA</arg>
<arg>BB</arg>
<arg>BD</arg>
<arg>BE</arg>
<arg>BF</arg>
<arg>BG</arg>
<arg>BH</arg>
<arg>BI</arg>
<arg>BJ</arg>
<arg>BL</arg>
<arg>BM</arg>
<arg>BN</arg>
<arg>BO</arg>
<arg>BQ</arg>
<arg>BR</arg>
<arg>BS</arg>
<arg>BT</arg>
<arg>BV</arg>
<arg>BW</arg>
<arg>BY</arg>
<arg>BZ</arg>
<arg>CA</arg>
<arg>CC</arg>
<arg>CD</arg>
<arg>CF</arg>
<arg>CG</arg>
<arg>CH</arg>
<arg>CI</arg>
<arg>CK</arg>
<arg>CL</arg>
<arg>CM</arg>
<arg>CN</arg>
<arg>CO</arg>
<arg>CR</arg>
<arg>CU</arg>
<arg>CV</arg>
<arg>CW</arg>
<arg>CX</arg>
<arg>CY</arg>
<arg>CZ</arg>
<arg>DE</arg>
<arg>DJ</arg>
<arg>DK</arg>
<arg>DM</arg>
<arg>DO</arg>
<arg>DZ</arg>
<arg>EC</arg>
<arg>EE</arg>
<arg>EG</arg>
<arg>EH</arg>
<arg>ER</arg>
<arg>ES</arg>
<arg>ET</arg>
<arg>FI</arg>
<arg>FJ</arg>
<arg>FK</arg>
<arg>FM</arg>
<arg>FO</arg>
<arg>FR</arg>
<arg>GA</arg>
<arg>GB</arg>
<arg>GD</arg>
<arg>GE</arg>
<arg>GF</arg>
<arg>GG</arg>
<arg>GH</arg>
<arg>GI</arg>
<arg>GL</arg>
<arg>GM</arg>
<arg>GN</arg>
<arg>GP</arg>
<arg>GQ</arg>
<arg>GR</arg>
<arg>GS</arg>
<arg>GT</arg>
<arg>GU</arg>
<arg>GW</arg>
<arg>GY</arg>
<arg>HK</arg>
<arg>HM</arg>
<arg>HN</arg>
<arg>HR</arg>
<arg>HT</arg>
<arg>HU</arg>
<arg>ID</arg>
<arg>IE</arg>
<arg>IL</arg>
<arg>IM</arg>
<arg>IN</arg>
<arg>IO</arg>
<arg>IQ</arg>
<arg>IR</arg>
<arg>IS</arg>
<arg>IT</arg>
<arg>JE</arg>
<arg>JM</arg>
<arg>JO</arg>
<arg>JP</arg>
<arg>KE</arg>
<arg>KG</arg>
<arg>KH</arg>
<arg>KI</arg>
<arg>KM</arg>
<arg>KN</arg>
<arg>KP</arg>
<arg>KR</arg>
<arg>KW</arg>
<arg>KY</arg>
<arg>KZ</arg>
<arg>LA</arg>
<arg>LB</arg>
<arg>LC</arg>
<arg>LI</arg>
<arg>LK</arg>
<arg>LR</arg>
<arg>LS</arg>
<arg>LT</arg>
<arg>LU</arg>
<arg>LV</arg>
<arg>LY</arg>
<arg>MA</arg>
<arg>MC</arg>
<arg>MD</arg>
<arg>ME</arg>
<arg>MF</arg>
<arg>MG</arg>
<arg>MH</arg>
<arg>MK</arg>
<arg>ML</arg>
<arg>MM</arg>
<arg>MN</arg>
<arg>MO</arg>
<arg>MP</arg>
<arg>MQ</arg>
<arg>MR</arg>
<arg>MS</arg>
<arg>MT</arg>
<arg>MU</arg>
<arg>MV</arg>
<arg>MW</arg>
<arg>MX</arg>
<arg>MY</arg>
<arg>MZ</arg>
<arg>NA</arg>
<arg>NC</arg>
<arg>NE</arg>
<arg>NF</arg>
<arg>NG</arg>
<arg>NI</arg>
<arg>NL</arg>
<arg>NO</arg>
<arg>NP</arg>
<arg>NR</arg>
<arg>NU</arg>
<arg>NZ</arg>
<arg>OM</arg>
<arg>PA</arg>
<arg>PE</arg>
<arg>PF</arg>
<arg>PG</arg>
<arg>PH</arg>
<arg>PK</arg>
<arg>PL</arg>
<arg>PM</arg>
<arg>PN</arg>
<arg>PR</arg>
<arg>PS</arg>
<arg>PT</arg>
<arg>PW</arg>
<arg>PY</arg>
<arg>QA</arg>
<arg>RE</arg>
<arg>RO</arg>
<arg>RS</arg>
<arg>RU</arg>
<arg>RW</arg>
<arg>SA</arg>
<arg>SB</arg>
<arg>SC</arg>
<arg>SD</arg>
<arg>SE</arg>
<arg>SG</arg>
<arg>SH</arg>
<arg>SI</arg>
<arg>SJ</arg>
<arg>SK</arg>
<arg>SL</arg>
<arg>SM</arg>
<arg>SN</arg>
<arg>SO</arg>
<arg>SR</arg>
<arg>SS</arg>
<arg>ST</arg>
<arg>SV</arg>
<arg>SX</arg>
<arg>SY</arg>
<arg>SZ</arg>
<arg>TC</arg>
<arg>TD</arg>
<arg>TF</arg>
<arg>TG</arg>
<arg>TH</arg>
<arg>TJ</arg>
<arg>TK</arg>
<arg>TL</arg>
<arg>TM</arg>
<arg>TN</arg>
<arg>TO</arg>
<arg>TR</arg>
<arg>TT</arg>
<arg>TV</arg>
<arg>TW</arg>
<arg>TZ</arg>
<arg>UA</arg>
<arg>UG</arg>
<arg>UM</arg>
<arg>US</arg>
<arg>UY</arg>
<arg>UZ</arg>
<arg>VA</arg>
<arg>VC</arg>
<arg>VE</arg>
<arg>VG</arg>
<arg>VI</arg>
<arg>VN</arg>
<arg>VU</arg>
<arg>WF</arg>
<arg>WS</arg>
<arg>XK</arg>
<arg>YE</arg>
<arg>YT</arg>
<arg>ZA</arg>
<arg>ZM</arg>
<arg>ZW</arg>
<doc>Returns a list containing given items.</doc>
<status status="PASS" start="2024-06-14T07:15:04.435821" elapsed="0.000623"/>
</kw>
<kw name="List Should Contain Value" owner="Collections">
<arg>${list_country}</arg>
<arg>${name_country}</arg>
<doc>Fails if the ``value`` is not found from ``list``.</doc>
<status status="PASS" start="2024-06-14T07:15:04.437242" elapsed="0.000207"/>
</kw>
<kw name="Run Keyword If" owner="BuiltIn">
<kw name="Should Be True" owner="BuiltIn">
<arg>${True}</arg>
<doc>Fails if the given condition is not true.</doc>
<status status="PASS" start="2024-06-14T07:15:04.438515" elapsed="0.000166"/>
</kw>
<arg>${json_data["results"][0]["location"]["coordinates"]["latitude"]} &gt;= -90 and ${json_data["results"][0]["location"]["coordinates"]["latitude"]} &lt;= 90</arg>
<arg>Should Be True</arg>
<arg>${True}</arg>
<doc>Runs the given keyword with the given arguments, if ``condition`` is true.</doc>
<status status="PASS" start="2024-06-14T07:15:04.437650" elapsed="0.001164"/>
</kw>
<kw name="Run Keyword If" owner="BuiltIn">
<kw name="Should Be True" owner="BuiltIn">
<arg>${True}</arg>
<doc>Fails if the given condition is not true.</doc>
<status status="PASS" start="2024-06-14T07:15:04.439681" elapsed="0.000138"/>
</kw>
<arg>${json_data["results"][0]["location"]["coordinates"]["longitude"]} &gt;= -180 and ${json_data["results"][0]["location"]["coordinates"]["longitude"]} &lt;= 180</arg>
<arg>Should Be True</arg>
<arg>${True}</arg>
<doc>Runs the given keyword with the given arguments, if ``condition`` is true.</doc>
<status status="PASS" start="2024-06-14T07:15:04.438997" elapsed="0.000947"/>
</kw>
<status status="PASS" start="2024-06-14T07:15:04.287255" elapsed="0.152820"/>
</kw>
<doc>Testa o conteúdo específico dos campos retornados pela API.</doc>
<tag>testeConteudo</tag>
<status status="PASS" start="2024-06-14T07:15:04.286578" elapsed="0.153648"/>
</test>
<status status="PASS" start="2024-06-14T07:15:02.835623" elapsed="1.606486"/>
</suite>
<status status="PASS" start="2024-06-14T07:15:02.821041" elapsed="1.626082"/>
</suite>
<statistics>
<total>
<stat pass="5" fail="0" skip="0">All Tests</stat>
</total>
<tag>
<stat pass="1" fail="0" skip="0">testeConteudo</stat>
<stat pass="1" fail="0" skip="0">testeEstruturaResposta</stat>
<stat pass="1" fail="0" skip="0">testeRequisicaoBasica</stat>
<stat pass="1" fail="0" skip="0">testeTiposDados</stat>
</tag>
<suite>
<stat pass="5" fail="0" skip="0" id="s1" name="Tests">Tests</stat>
<stat pass="5" fail="0" skip="0" id="s1-s1" name="Random-User-Test">Tests.Random-User-Test</stat>
</suite>
</statistics>
<errors>
</errors>
</robot>
