<?xml version="1.0" encoding="UTF-8"?>
<robot generator="Robot 7.0.1 (Python 3.12.4 on linux)" generated="2024-07-23T19:11:53.915315" rpa="false" schemaversion="5">
<suite id="s1" name="Tests" source="/home/runner/work/ApiRandomUser/ApiRandomUser/RamdonUser/tests">
<suite id="s1-s1" name="Random-User-Test" source="/home/runner/work/ApiRandomUser/ApiRandomUser/RamdonUser/tests/random-user-test.robot">
<test id="s1-s1-t1" name="Conectar" line="13">
<kw name="Conectar API" owner="random-user-service">
<kw name="Create Session" owner="RequestsLibrary">
<msg time="2024-07-23T19:11:54.312342" level="INFO">Creating Session using : alias=consultarAPI, url=https://randomuser.me/, headers={},                     cookies={}, auth=None, timeout=None, proxies=None, verify=False,                     debug=0 </msg>
<arg>consultarAPI</arg>
<arg>${URL}</arg>
<doc>Create Session: create a HTTP session to a server</doc>
<status status="PASS" start="2024-07-23T19:11:54.312144" elapsed="0.000377"/>
</kw>
<status status="PASS" start="2024-07-23T19:11:54.311069" elapsed="0.001803"/>
</kw>
<status status="PASS" start="2024-07-23T19:11:54.310533" elapsed="0.002530"/>
</test>
<test id="s1-s1-t2" name="Validar retorno 200 e JSON Válido" line="16">
<kw name="Teste de Requisicao Basica" owner="random-user-service">
<kw name="GET On Session" owner="RequestsLibrary">
<msg time="2024-07-23T19:11:54.531868" level="INFO">GET Request : url=https://randomuser.me/api 
 path_url=/api 
 headers={'User-Agent': 'python-requests/2.32.3', 'Accept-Encoding': 'gzip, deflate', 'Accept': '*/*', 'Connection': 'keep-alive'} 
 body=None 
 </msg>
<msg time="2024-07-23T19:11:54.532017" level="INFO">GET Response : url=https://randomuser.me/api 
 status=200, reason=OK 
 headers={'Date': 'Tue, 23 Jul 2024 19:11:54 GMT', 'Content-Type': 'application/json; charset=utf-8', 'Transfer-Encoding': 'chunked', 'Connection': 'keep-alive', 'X-Powered-By': 'Express', 'Access-Control-Allow-Origin': '*', 'Cache-Control': 'no-cache', 'ETag': 'W/"49f-WR7cZFtSYsq8ZzOMETqnw08bUcc"', 'Vary': 'Accept-Encoding', 'Content-Encoding': 'gzip', 'CF-Cache-Status': 'DYNAMIC', 'Report-To': '{"endpoints":[{"url":"https:\\/\\/a.nel.cloudflare.com\\/report\\/v4?s=BvJMkctxkp94OouRZZf9D2lHkp%2BcPEPqWqW9dOOLzFX%2BZe9xLrNlfUo7Fcbf6VONFqSqE644GYPxcIWyGdX%2F1P8QqZ%2BWmVUqeeaQHdqXv9502bapCj2RtXgC32%2BGATJO"}],"group":"cf-nel","max_age":604800}', 'NEL': '{"success_fraction":0,"report_to":"cf-nel","max_age":604800}', 'Server': 'cloudflare', 'CF-RAY': '8a7dfa9d593b2d14-IAD', 'alt-svc': 'h3=":443"; ma=86400'} 
 body={"results":[{"gender":"female","name":{"title":"Miss","first":"Emily","last":"Andersen"},"location":{"street":{"number":1810,"name":"Hjulets Kvarter"},"city":"Gjerlev","state":"Sjælland","country":"Denmark","postcode":92231,"coordinates":{"latitude":"-43.1740","longitude":"6.1977"},"timezone":{"offset":"0:00","description":"Western Europe Time, London, Lisbon, Casablanca"}},"email":"emily.andersen@example.com","login":{"uuid":"4007253c-e768-4359-ae43-7d6c897732a2","username":"brownladybug858","password":"cowboys1","salt":"BAFowJ34","md5":"d3641a0e7de194672bd1f19b071e3bd7","sha1":"41f14d632a0aff829de15661d23f4eab5bd9cde9","sha256":"dfc9934769ff4e9a26749bb117405e3ae95cb2ccc056a26240aa282aa8cb24b1"},"dob":{"date":"1969-02-07T07:28:00.437Z","age":55},"registered":{"date":"2018-03-05T15:49:43.438Z","age":6},"phone":"54411613","cell":"54556900","id":{"name":"CPR","value":"070269-6416"},"picture":{"large":"https://randomuser.me/api/portraits/women/53.jpg","medium":"https://randomuser.me/api/portraits/med/women/53.jpg","thumbnail":"https://randomuser.me/api/portraits/thumb/women/53.jpg"},"nat":"DK"}],"info":{"seed":"ee752f8ff9779a64","results":1,"page":1,"version":"1.4"}} 
 </msg>
<msg time="2024-07-23T19:11:54.532112" level="INFO">/opt/hostedtoolcache/Python/3.12.4/x64/lib/python3.12/site-packages/urllib3/connectionpool.py:1099: InsecureRequestWarning: Unverified HTTPS request is being made to host 'randomuser.me'. Adding certificate verification is strongly advised. See: https://urllib3.readthedocs.io/en/latest/advanced-usage.html#tls-warnings
  warnings.warn(</msg>
<msg time="2024-07-23T19:11:54.532284" level="INFO">${response} = &lt;Response [200]&gt;</msg>
<var>${response}</var>
<arg>consultarAPI</arg>
<arg>/api</arg>
<doc>Sends a GET request on a previously created HTTP Session.</doc>
<status status="PASS" start="2024-07-23T19:11:54.315657" elapsed="0.216682"/>
</kw>
<kw name="Should Be Equal As Numbers" owner="BuiltIn">
<msg time="2024-07-23T19:11:54.533232" level="INFO">Argument types are:
&lt;class 'int'&gt;
&lt;class 'str'&gt;</msg>
<arg>${response.status_code}</arg>
<arg>200</arg>
<doc>Fails if objects are unequal after converting them to real numbers.</doc>
<status status="PASS" start="2024-07-23T19:11:54.532798" elapsed="0.000498"/>
</kw>
<kw name="Log" owner="BuiltIn">
<msg time="2024-07-23T19:11:54.533970" level="INFO">200</msg>
<arg>${response.status_code}</arg>
<doc>Logs the given message with the given level.</doc>
<status status="PASS" start="2024-07-23T19:11:54.533620" elapsed="0.000394"/>
</kw>
<kw name="Set Variable" owner="BuiltIn">
<msg time="2024-07-23T19:11:54.534766" level="INFO">${json_data} = {'results': [{'gender': 'female', 'name': {'title': 'Miss', 'first': 'Emily', 'last': 'Andersen'}, 'location': {'street': {'number': 1810, 'name': 'Hjulets Kvarter'}, 'city': 'Gjerlev', 'state': 'Sjæl...</msg>
<var>${json_data}</var>
<arg>${response.json()}</arg>
<doc>Returns the given values which can then be assigned to a variables.</doc>
<status status="PASS" start="2024-07-23T19:11:54.534322" elapsed="0.000474"/>
</kw>
<kw name="Dictionary Should Contain Key" owner="Collections">
<arg>${json_data}</arg>
<arg>results</arg>
<doc>Fails if ``key`` is not found from ``dictionary``.</doc>
<status status="PASS" start="2024-07-23T19:11:54.535111" elapsed="0.000351"/>
</kw>
<status status="PASS" start="2024-07-23T19:11:54.315412" elapsed="0.220207"/>
</kw>
<doc>Testa se a API responde corretamente e retorna um objeto JSON válido.</doc>
<tag>testeRequisicaoBasica</tag>
<status status="PASS" start="2024-07-23T19:11:54.314910" elapsed="0.220879"/>
</test>
<test id="s1-s1-t3" name="Validar estrutura de resposta" line="22">
<kw name="Teste de Estrutura de Resposta" owner="random-user-service">
<kw name="GET On Session" owner="RequestsLibrary">
<msg time="2024-07-23T19:11:54.637845" level="INFO">GET Request : url=https://randomuser.me/api 
 path_url=/api 
 headers={'User-Agent': 'python-requests/2.32.3', 'Accept-Encoding': 'gzip, deflate', 'Accept': '*/*', 'Connection': 'keep-alive'} 
 body=None 
 </msg>
<msg time="2024-07-23T19:11:54.637926" level="INFO">GET Response : url=https://randomuser.me/api 
 status=200, reason=OK 
 headers={'Date': 'Tue, 23 Jul 2024 19:11:54 GMT', 'Content-Type': 'application/json; charset=utf-8', 'Transfer-Encoding': 'chunked', 'Connection': 'keep-alive', 'X-Powered-By': 'Express', 'Access-Control-Allow-Origin': '*', 'Cache-Control': 'no-cache', 'ETag': 'W/"481-eCPmCLKa8H9AzGp06g+rJRnby74"', 'Vary': 'Accept-Encoding', 'Content-Encoding': 'gzip', 'CF-Cache-Status': 'DYNAMIC', 'Report-To': '{"endpoints":[{"url":"https:\\/\\/a.nel.cloudflare.com\\/report\\/v4?s=K7ly4fJ7lAzqnG5bS5Az7YvnkBw6hJTQVpRUn9Y9cFvRiZRgfFmVs9plCqYxY8Uqw12ZhdMtp3NJXCnInrLBoAqfJZah8f0ttDaAtyRz5tpV%2BZhj1qtnubXgCVj4A5Lu"}],"group":"cf-nel","max_age":604800}', 'NEL': '{"success_fraction":0,"report_to":"cf-nel","max_age":604800}', 'Server': 'cloudflare', 'CF-RAY': '8a7dfa9dea052d14-IAD', 'alt-svc': 'h3=":443"; ma=86400'} 
 body={"results":[{"gender":"female","name":{"title":"Miss","first":"Trinidad","last":"León"},"location":{"street":{"number":5814,"name":"Calle de La Almudena"},"city":"Arrecife","state":"Comunidad de Madrid","country":"Spain","postcode":13355,"coordinates":{"latitude":"-31.7295","longitude":"92.6441"},"timezone":{"offset":"-10:00","description":"Hawaii"}},"email":"trinidad.leon@example.com","login":{"uuid":"e7019718-0aca-499e-a0ca-33b01963f8b7","username":"redduck311","password":"sally","salt":"NVPML3zc","md5":"a5f8413de9954c35ce44b00b4a0eee82","sha1":"3af88a5db3e12463670ba5546a50f758c3bdc24c","sha256":"17a6ccf7e854f6245337f3301cd8f2a8f3d5cfb2c39a2c936237ad85d2e29bb8"},"dob":{"date":"1984-08-03T05:52:51.118Z","age":39},"registered":{"date":"2002-07-28T07:29:44.467Z","age":21},"phone":"953-295-745","cell":"659-811-690","id":{"name":"DNI","value":"50873818-B"},"picture":{"large":"https://randomuser.me/api/portraits/women/6.jpg","medium":"https://randomuser.me/api/portraits/med/women/6.jpg","thumbnail":"https://randomuser.me/api/portraits/thumb/women/6.jpg"},"nat":"ES"}],"info":{"seed":"2ed30bc49c12a9ec","results":1,"page":1,"version":"1.4"}} 
 </msg>
<msg time="2024-07-23T19:11:54.638043" level="INFO">/opt/hostedtoolcache/Python/3.12.4/x64/lib/python3.12/site-packages/urllib3/connectionpool.py:1099: InsecureRequestWarning: Unverified HTTPS request is being made to host 'randomuser.me'. Adding certificate verification is strongly advised. See: https://urllib3.readthedocs.io/en/latest/advanced-usage.html#tls-warnings
  warnings.warn(</msg>
<msg time="2024-07-23T19:11:54.638181" level="INFO">${response} = &lt;Response [200]&gt;</msg>
<var>${response}</var>
<arg>consultarAPI</arg>
<arg>/api</arg>
<doc>Sends a GET request on a previously created HTTP Session.</doc>
<status status="PASS" start="2024-07-23T19:11:54.538392" elapsed="0.099842"/>
</kw>
<kw name="Set Variable" owner="BuiltIn">
<msg time="2024-07-23T19:11:54.639109" level="INFO">${json_data} = {'results': [{'gender': 'female', 'name': {'title': 'Miss', 'first': 'Trinidad', 'last': 'León'}, 'location': {'street': {'number': 5814, 'name': 'Calle de La Almudena'}, 'city': 'Arrecife', 'state': ...</msg>
<var>${json_data}</var>
<arg>${response.json()}</arg>
<doc>Returns the given values which can then be assigned to a variables.</doc>
<status status="PASS" start="2024-07-23T19:11:54.638656" elapsed="0.000483"/>
</kw>
<kw name="Log" owner="BuiltIn">
<msg time="2024-07-23T19:11:54.639642" level="INFO">{'results': [{'gender': 'female', 'name': {'title': 'Miss', 'first': 'Trinidad', 'last': 'León'}, 'location': {'street': {'number': 5814, 'name': 'Calle de La Almudena'}, 'city': 'Arrecife', 'state': 'Comunidad de Madrid', 'country': 'Spain', 'postcode': 13355, 'coordinates': {'latitude': '-31.7295', 'longitude': '92.6441'}, 'timezone': {'offset': '-10:00', 'description': 'Hawaii'}}, 'email': 'trinidad.leon@example.com', 'login': {'uuid': 'e7019718-0aca-499e-a0ca-33b01963f8b7', 'username': 'redduck311', 'password': 'sally', 'salt': 'NVPML3zc', 'md5': 'a5f8413de9954c35ce44b00b4a0eee82', 'sha1': '3af88a5db3e12463670ba5546a50f758c3bdc24c', 'sha256': '17a6ccf7e854f6245337f3301cd8f2a8f3d5cfb2c39a2c936237ad85d2e29bb8'}, 'dob': {'date': '1984-08-03T05:52:51.118Z', 'age': 39}, 'registered': {'date': '2002-07-28T07:29:44.467Z', 'age': 21}, 'phone': '953-295-745', 'cell': '659-811-690', 'id': {'name': 'DNI', 'value': '50873818-B'}, 'picture': {'large': 'https://randomuser.me/api/portraits/women/6.jpg', 'medium': 'https://randomuser.me/api/portraits/med/women/6.jpg', 'thumbnail': 'https://randomuser.me/api/portraits/thumb/women/6.jpg'}, 'nat': 'ES'}], 'info': {'seed': '2ed30bc49c12a9ec', 'results': 1, 'page': 1, 'version': '1.4'}}</msg>
<arg>${json_data}</arg>
<doc>Logs the given message with the given level.</doc>
<status status="PASS" start="2024-07-23T19:11:54.639484" elapsed="0.000211"/>
</kw>
<kw name="Dictionary Should Contain Key" owner="Collections">
<arg>${json_data}</arg>
<arg>results</arg>
<doc>Fails if ``key`` is not found from ``dictionary``.</doc>
<status status="PASS" start="2024-07-23T19:11:54.639988" elapsed="0.000160"/>
</kw>
<kw name="Should Not Be Empty" owner="BuiltIn">
<msg time="2024-07-23T19:11:54.640450" level="INFO">Length is 2.</msg>
<arg>${json_data}</arg>
<doc>Verifies that the given item is not empty.</doc>
<status status="PASS" start="2024-07-23T19:11:54.640329" elapsed="0.000158"/>
</kw>
<kw name="Create List" owner="BuiltIn">
<msg time="2024-07-23T19:11:54.640917" level="INFO">${expected_keys} = ['gender', 'name', 'location', 'email', 'login']</msg>
<var>${expected_keys}</var>
<arg>gender</arg>
<arg>name</arg>
<arg>location</arg>
<arg>email</arg>
<arg>login</arg>
<doc>Returns a list containing given items.</doc>
<status status="PASS" start="2024-07-23T19:11:54.640770" elapsed="0.000171"/>
</kw>
<for flavor="IN">
<iter>
<kw name="Dictionary Should Contain Key" owner="Collections">
<arg>${json_data['results'][0]}</arg>
<arg>${key}</arg>
<doc>Fails if ``key`` is not found from ``dictionary``.</doc>
<status status="PASS" start="2024-07-23T19:11:54.641500" elapsed="0.000397"/>
</kw>
<kw name="Log" owner="BuiltIn">
<msg time="2024-07-23T19:11:54.642444" level="INFO">{'gender': 'female', 'name': {'title': 'Miss', 'first': 'Trinidad', 'last': 'León'}, 'location': {'street': {'number': 5814, 'name': 'Calle de La Almudena'}, 'city': 'Arrecife', 'state': 'Comunidad de Madrid', 'country': 'Spain', 'postcode': 13355, 'coordinates': {'latitude': '-31.7295', 'longitude': '92.6441'}, 'timezone': {'offset': '-10:00', 'description': 'Hawaii'}}, 'email': 'trinidad.leon@example.com', 'login': {'uuid': 'e7019718-0aca-499e-a0ca-33b01963f8b7', 'username': 'redduck311', 'password': 'sally', 'salt': 'NVPML3zc', 'md5': 'a5f8413de9954c35ce44b00b4a0eee82', 'sha1': '3af88a5db3e12463670ba5546a50f758c3bdc24c', 'sha256': '17a6ccf7e854f6245337f3301cd8f2a8f3d5cfb2c39a2c936237ad85d2e29bb8'}, 'dob': {'date': '1984-08-03T05:52:51.118Z', 'age': 39}, 'registered': {'date': '2002-07-28T07:29:44.467Z', 'age': 21}, 'phone': '953-295-745', 'cell': '659-811-690', 'id': {'name': 'DNI', 'value': '50873818-B'}, 'picture': {'large': 'https://randomuser.me/api/portraits/women/6.jpg', 'medium': 'https://randomuser.me/api/portraits/med/women/6.jpg', 'thumbnail': 'https://randomuser.me/api/portraits/thumb/women/6.jpg'}, 'nat': 'ES'}</msg>
<arg>${json_data['results'][0]}</arg>
<doc>Logs the given message with the given level.</doc>
<status status="PASS" start="2024-07-23T19:11:54.642086" elapsed="0.000409"/>
</kw>
<kw name="Log" owner="BuiltIn">
<msg time="2024-07-23T19:11:54.642915" level="INFO">gender</msg>
<arg>${key}</arg>
<doc>Logs the given message with the given level.</doc>
<status status="PASS" start="2024-07-23T19:11:54.642788" elapsed="0.000165"/>
</kw>
<var name="${key}">gender</var>
<status status="PASS" start="2024-07-23T19:11:54.641376" elapsed="0.001790"/>
</iter>
<iter>
<kw name="Dictionary Should Contain Key" owner="Collections">
<arg>${json_data['results'][0]}</arg>
<arg>${key}</arg>
<doc>Fails if ``key`` is not found from ``dictionary``.</doc>
<status status="PASS" start="2024-07-23T19:11:54.643487" elapsed="0.000380"/>
</kw>
<kw name="Log" owner="BuiltIn">
<msg time="2024-07-23T19:11:54.644398" level="INFO">{'gender': 'female', 'name': {'title': 'Miss', 'first': 'Trinidad', 'last': 'León'}, 'location': {'street': {'number': 5814, 'name': 'Calle de La Almudena'}, 'city': 'Arrecife', 'state': 'Comunidad de Madrid', 'country': 'Spain', 'postcode': 13355, 'coordinates': {'latitude': '-31.7295', 'longitude': '92.6441'}, 'timezone': {'offset': '-10:00', 'description': 'Hawaii'}}, 'email': 'trinidad.leon@example.com', 'login': {'uuid': 'e7019718-0aca-499e-a0ca-33b01963f8b7', 'username': 'redduck311', 'password': 'sally', 'salt': 'NVPML3zc', 'md5': 'a5f8413de9954c35ce44b00b4a0eee82', 'sha1': '3af88a5db3e12463670ba5546a50f758c3bdc24c', 'sha256': '17a6ccf7e854f6245337f3301cd8f2a8f3d5cfb2c39a2c936237ad85d2e29bb8'}, 'dob': {'date': '1984-08-03T05:52:51.118Z', 'age': 39}, 'registered': {'date': '2002-07-28T07:29:44.467Z', 'age': 21}, 'phone': '953-295-745', 'cell': '659-811-690', 'id': {'name': 'DNI', 'value': '50873818-B'}, 'picture': {'large': 'https://randomuser.me/api/portraits/women/6.jpg', 'medium': 'https://randomuser.me/api/portraits/med/women/6.jpg', 'thumbnail': 'https://randomuser.me/api/portraits/thumb/women/6.jpg'}, 'nat': 'ES'}</msg>
<arg>${json_data['results'][0]}</arg>
<doc>Logs the given message with the given level.</doc>
<status status="PASS" start="2024-07-23T19:11:54.644046" elapsed="0.000434"/>
</kw>
<kw name="Log" owner="BuiltIn">
<msg time="2024-07-23T19:11:54.644899" level="INFO">name</msg>
<arg>${key}</arg>
<doc>Logs the given message with the given level.</doc>
<status status="PASS" start="2024-07-23T19:11:54.644775" elapsed="0.000161"/>
</kw>
<var name="${key}">name</var>
<status status="PASS" start="2024-07-23T19:11:54.643368" elapsed="0.001786"/>
</iter>
<iter>
<kw name="Dictionary Should Contain Key" owner="Collections">
<arg>${json_data['results'][0]}</arg>
<arg>${key}</arg>
<doc>Fails if ``key`` is not found from ``dictionary``.</doc>
<status status="PASS" start="2024-07-23T19:11:54.645434" elapsed="0.000384"/>
</kw>
<kw name="Log" owner="BuiltIn">
<msg time="2024-07-23T19:11:54.646352" level="INFO">{'gender': 'female', 'name': {'title': 'Miss', 'first': 'Trinidad', 'last': 'León'}, 'location': {'street': {'number': 5814, 'name': 'Calle de La Almudena'}, 'city': 'Arrecife', 'state': 'Comunidad de Madrid', 'country': 'Spain', 'postcode': 13355, 'coordinates': {'latitude': '-31.7295', 'longitude': '92.6441'}, 'timezone': {'offset': '-10:00', 'description': 'Hawaii'}}, 'email': 'trinidad.leon@example.com', 'login': {'uuid': 'e7019718-0aca-499e-a0ca-33b01963f8b7', 'username': 'redduck311', 'password': 'sally', 'salt': 'NVPML3zc', 'md5': 'a5f8413de9954c35ce44b00b4a0eee82', 'sha1': '3af88a5db3e12463670ba5546a50f758c3bdc24c', 'sha256': '17a6ccf7e854f6245337f3301cd8f2a8f3d5cfb2c39a2c936237ad85d2e29bb8'}, 'dob': {'date': '1984-08-03T05:52:51.118Z', 'age': 39}, 'registered': {'date': '2002-07-28T07:29:44.467Z', 'age': 21}, 'phone': '953-295-745', 'cell': '659-811-690', 'id': {'name': 'DNI', 'value': '50873818-B'}, 'picture': {'large': 'https://randomuser.me/api/portraits/women/6.jpg', 'medium': 'https://randomuser.me/api/portraits/med/women/6.jpg', 'thumbnail': 'https://randomuser.me/api/portraits/thumb/women/6.jpg'}, 'nat': 'ES'}</msg>
<arg>${json_data['results'][0]}</arg>
<doc>Logs the given message with the given level.</doc>
<status status="PASS" start="2024-07-23T19:11:54.646005" elapsed="0.000397"/>
</kw>
<kw name="Log" owner="BuiltIn">
<msg time="2024-07-23T19:11:54.646821" level="INFO">location</msg>
<arg>${key}</arg>
<doc>Logs the given message with the given level.</doc>
<status status="PASS" start="2024-07-23T19:11:54.646697" elapsed="0.000162"/>
</kw>
<var name="${key}">location</var>
<status status="PASS" start="2024-07-23T19:11:54.645327" elapsed="0.001742"/>
</iter>
<iter>
<kw name="Dictionary Should Contain Key" owner="Collections">
<arg>${json_data['results'][0]}</arg>
<arg>${key}</arg>
<doc>Fails if ``key`` is not found from ``dictionary``.</doc>
<status status="PASS" start="2024-07-23T19:11:54.647382" elapsed="0.000393"/>
</kw>
<kw name="Log" owner="BuiltIn">
<msg time="2024-07-23T19:11:54.648427" level="INFO">{'gender': 'female', 'name': {'title': 'Miss', 'first': 'Trinidad', 'last': 'León'}, 'location': {'street': {'number': 5814, 'name': 'Calle de La Almudena'}, 'city': 'Arrecife', 'state': 'Comunidad de Madrid', 'country': 'Spain', 'postcode': 13355, 'coordinates': {'latitude': '-31.7295', 'longitude': '92.6441'}, 'timezone': {'offset': '-10:00', 'description': 'Hawaii'}}, 'email': 'trinidad.leon@example.com', 'login': {'uuid': 'e7019718-0aca-499e-a0ca-33b01963f8b7', 'username': 'redduck311', 'password': 'sally', 'salt': 'NVPML3zc', 'md5': 'a5f8413de9954c35ce44b00b4a0eee82', 'sha1': '3af88a5db3e12463670ba5546a50f758c3bdc24c', 'sha256': '17a6ccf7e854f6245337f3301cd8f2a8f3d5cfb2c39a2c936237ad85d2e29bb8'}, 'dob': {'date': '1984-08-03T05:52:51.118Z', 'age': 39}, 'registered': {'date': '2002-07-28T07:29:44.467Z', 'age': 21}, 'phone': '953-295-745', 'cell': '659-811-690', 'id': {'name': 'DNI', 'value': '50873818-B'}, 'picture': {'large': 'https://randomuser.me/api/portraits/women/6.jpg', 'medium': 'https://randomuser.me/api/portraits/med/women/6.jpg', 'thumbnail': 'https://randomuser.me/api/portraits/thumb/women/6.jpg'}, 'nat': 'ES'}</msg>
<arg>${json_data['results'][0]}</arg>
<doc>Logs the given message with the given level.</doc>
<status status="PASS" start="2024-07-23T19:11:54.648074" elapsed="0.000404"/>
</kw>
<kw name="Log" owner="BuiltIn">
<msg time="2024-07-23T19:11:54.648904" level="INFO">email</msg>
<arg>${key}</arg>
<doc>Logs the given message with the given level.</doc>
<status status="PASS" start="2024-07-23T19:11:54.648777" elapsed="0.000166"/>
</kw>
<var name="${key}">email</var>
<status status="PASS" start="2024-07-23T19:11:54.647237" elapsed="0.001920"/>
</iter>
<iter>
<kw name="Dictionary Should Contain Key" owner="Collections">
<arg>${json_data['results'][0]}</arg>
<arg>${key}</arg>
<doc>Fails if ``key`` is not found from ``dictionary``.</doc>
<status status="PASS" start="2024-07-23T19:11:54.649438" elapsed="0.000371"/>
</kw>
<kw name="Log" owner="BuiltIn">
<msg time="2024-07-23T19:11:54.650343" level="INFO">{'gender': 'female', 'name': {'title': 'Miss', 'first': 'Trinidad', 'last': 'León'}, 'location': {'street': {'number': 5814, 'name': 'Calle de La Almudena'}, 'city': 'Arrecife', 'state': 'Comunidad de Madrid', 'country': 'Spain', 'postcode': 13355, 'coordinates': {'latitude': '-31.7295', 'longitude': '92.6441'}, 'timezone': {'offset': '-10:00', 'description': 'Hawaii'}}, 'email': 'trinidad.leon@example.com', 'login': {'uuid': 'e7019718-0aca-499e-a0ca-33b01963f8b7', 'username': 'redduck311', 'password': 'sally', 'salt': 'NVPML3zc', 'md5': 'a5f8413de9954c35ce44b00b4a0eee82', 'sha1': '3af88a5db3e12463670ba5546a50f758c3bdc24c', 'sha256': '17a6ccf7e854f6245337f3301cd8f2a8f3d5cfb2c39a2c936237ad85d2e29bb8'}, 'dob': {'date': '1984-08-03T05:52:51.118Z', 'age': 39}, 'registered': {'date': '2002-07-28T07:29:44.467Z', 'age': 21}, 'phone': '953-295-745', 'cell': '659-811-690', 'id': {'name': 'DNI', 'value': '50873818-B'}, 'picture': {'large': 'https://randomuser.me/api/portraits/women/6.jpg', 'medium': 'https://randomuser.me/api/portraits/med/women/6.jpg', 'thumbnail': 'https://randomuser.me/api/portraits/thumb/women/6.jpg'}, 'nat': 'ES'}</msg>
<arg>${json_data['results'][0]}</arg>
<doc>Logs the given message with the given level.</doc>
<status status="PASS" start="2024-07-23T19:11:54.649989" elapsed="0.000404"/>
</kw>
<kw name="Log" owner="BuiltIn">
<msg time="2024-07-23T19:11:54.650808" level="INFO">login</msg>
<arg>${key}</arg>
<doc>Logs the given message with the given level.</doc>
<status status="PASS" start="2024-07-23T19:11:54.650684" elapsed="0.000161"/>
</kw>
<var name="${key}">login</var>
<status status="PASS" start="2024-07-23T19:11:54.649329" elapsed="0.001725"/>
</iter>
<var>${key}</var>
<value>@{expected_keys}</value>
<status status="PASS" start="2024-07-23T19:11:54.641196" elapsed="0.009977"/>
</for>
<kw name="Create List" owner="BuiltIn">
<msg time="2024-07-23T19:11:54.651528" level="INFO">${expected_keysTwo} = ['username', 'password']</msg>
<var>${expected_keysTwo}</var>
<arg>username</arg>
<arg>password</arg>
<doc>Returns a list containing given items.</doc>
<status status="PASS" start="2024-07-23T19:11:54.651393" elapsed="0.000159"/>
</kw>
<for flavor="IN">
<iter>
<kw name="Dictionary Should Contain Key" owner="Collections">
<arg>${json_data['results'][0]['login']}</arg>
<arg>${keyTwo}</arg>
<doc>Fails if ``key`` is not found from ``dictionary``.</doc>
<status status="PASS" start="2024-07-23T19:11:54.652065" elapsed="0.000378"/>
</kw>
<kw name="Dictionary Should Contain Key" owner="Collections">
<arg>${json_data['results'][0]['login']}</arg>
<arg>${keyTwo}</arg>
<doc>Fails if ``key`` is not found from ``dictionary``.</doc>
<status status="PASS" start="2024-07-23T19:11:54.652623" elapsed="0.000364"/>
</kw>
<kw name="Log" owner="BuiltIn">
<msg time="2024-07-23T19:11:54.653278" level="INFO">username</msg>
<arg>${keyTwo}</arg>
<doc>Logs the given message with the given level.</doc>
<status status="PASS" start="2024-07-23T19:11:54.653163" elapsed="0.000153"/>
</kw>
<var name="${keyTwo}">username</var>
<status status="PASS" start="2024-07-23T19:11:54.651960" elapsed="0.001572"/>
</iter>
<iter>
<kw name="Dictionary Should Contain Key" owner="Collections">
<arg>${json_data['results'][0]['login']}</arg>
<arg>${keyTwo}</arg>
<doc>Fails if ``key`` is not found from ``dictionary``.</doc>
<status status="PASS" start="2024-07-23T19:11:54.653814" elapsed="0.000378"/>
</kw>
<kw name="Dictionary Should Contain Key" owner="Collections">
<arg>${json_data['results'][0]['login']}</arg>
<arg>${keyTwo}</arg>
<doc>Fails if ``key`` is not found from ``dictionary``.</doc>
<status status="PASS" start="2024-07-23T19:11:54.654369" elapsed="0.000369"/>
</kw>
<kw name="Log" owner="BuiltIn">
<msg time="2024-07-23T19:11:54.655033" level="INFO">password</msg>
<arg>${keyTwo}</arg>
<doc>Logs the given message with the given level.</doc>
<status status="PASS" start="2024-07-23T19:11:54.654912" elapsed="0.000158"/>
</kw>
<var name="${keyTwo}">password</var>
<status status="PASS" start="2024-07-23T19:11:54.653703" elapsed="0.001622"/>
</iter>
<var>${keyTwo}</var>
<value>@{expected_keysTwo}</value>
<status status="PASS" start="2024-07-23T19:11:54.651810" elapsed="0.003638"/>
</for>
<status status="PASS" start="2024-07-23T19:11:54.538156" elapsed="0.117440"/>
</kw>
<doc>Testa a estrutura da resposta da API.</doc>
<tag>testeEstruturaResposta</tag>
<status status="PASS" start="2024-07-23T19:11:54.537628" elapsed="0.118112"/>
</test>
<test id="s1-s1-t4" name="Validar tipos de dados" line="28">
<kw name="Teste de Tipos de Dados" owner="random-user-service">
<kw name="GET On Session" owner="RequestsLibrary">
<msg time="2024-07-23T19:11:54.729388" level="INFO">GET Request : url=https://randomuser.me/api 
 path_url=/api 
 headers={'User-Agent': 'python-requests/2.32.3', 'Accept-Encoding': 'gzip, deflate', 'Accept': '*/*', 'Connection': 'keep-alive'} 
 body=None 
 </msg>
<msg time="2024-07-23T19:11:54.729473" level="INFO">GET Response : url=https://randomuser.me/api 
 status=200, reason=OK 
 headers={'Date': 'Tue, 23 Jul 2024 19:11:54 GMT', 'Content-Type': 'application/json; charset=utf-8', 'Transfer-Encoding': 'chunked', 'Connection': 'keep-alive', 'X-Powered-By': 'Express', 'Access-Control-Allow-Origin': '*', 'Cache-Control': 'no-cache', 'ETag': 'W/"4ac-kBxmEWF0xt4t17qMXkvsRTYzmrY"', 'Vary': 'Accept-Encoding', 'Content-Encoding': 'gzip', 'CF-Cache-Status': 'DYNAMIC', 'Report-To': '{"endpoints":[{"url":"https:\\/\\/a.nel.cloudflare.com\\/report\\/v4?s=XVGgVlv%2FkHhxnsF4tp5OgrCeMo1hzWnsuRT%2FhsAwNMmM6sGqySuKfZr%2BxyNyKCdWQA127WdHeHzFuLT4czIaymrMkuaLe1SYfFsOE6Hh8Sv5EQXPYBxTKE0qN37daazB"}],"group":"cf-nel","max_age":604800}', 'NEL': '{"success_fraction":0,"report_to":"cf-nel","max_age":604800}', 'Server': 'cloudflare', 'CF-RAY': '8a7dfa9eab262d14-IAD', 'alt-svc': 'h3=":443"; ma=86400'} 
 body={"results":[{"gender":"female","name":{"title":"Ms","first":"Bernardina","last":"Rocha"},"location":{"street":{"number":542,"name":"Rua São Pedro "},"city":"Londrina","state":"Mato Grosso do Sul","country":"Brazil","postcode":94787,"coordinates":{"latitude":"-75.5615","longitude":"125.0731"},"timezone":{"offset":"+10:00","description":"Eastern Australia, Guam, Vladivostok"}},"email":"bernardina.rocha@example.com","login":{"uuid":"1dff0d86-f849-41c0-8403-3e22d6b39a9e","username":"blueduck931","password":"963852","salt":"FrKgWccr","md5":"fb9bd4d0104e653c604426cd86535269","sha1":"e013e2621edf8dddd8b98c0adc469d463a2751fe","sha256":"74510fd987ff19c73e2a320bef1c635e5f3918cb0eff3a3dcb83865eb3822434"},"dob":{"date":"1954-08-27T22:36:27.888Z","age":69},"registered":{"date":"2005-10-05T21:54:15.605Z","age":18},"phone":"(47) 2565-9512","cell":"(91) 4943-2127","id":{"name":"CPF","value":"072.553.762-01"},"picture":{"large":"https://randomuser.me/api/portraits/women/79.jpg","medium":"https://randomuser.me/api/portraits/med/women/79.jpg","thumbnail":"https://randomuser.me/api/portraits/thumb/women/79.jpg"},"nat":"BR"}],"info":{"seed":"7b89e2a44a1c6fa4","results":1,"page":1,"version":"1.4"}} 
 </msg>
<msg time="2024-07-23T19:11:54.729548" level="INFO">/opt/hostedtoolcache/Python/3.12.4/x64/lib/python3.12/site-packages/urllib3/connectionpool.py:1099: InsecureRequestWarning: Unverified HTTPS request is being made to host 'randomuser.me'. Adding certificate verification is strongly advised. See: https://urllib3.readthedocs.io/en/latest/advanced-usage.html#tls-warnings
  warnings.warn(</msg>
<msg time="2024-07-23T19:11:54.729682" level="INFO">${response} = &lt;Response [200]&gt;</msg>
<var>${response}</var>
<arg>consultarAPI</arg>
<arg>/api</arg>
<doc>Sends a GET request on a previously created HTTP Session.</doc>
<status status="PASS" start="2024-07-23T19:11:54.658130" elapsed="0.071599"/>
</kw>
<kw name="Set Variable" owner="BuiltIn">
<msg time="2024-07-23T19:11:54.730595" level="INFO">${json_data} = {'results': [{'gender': 'female', 'name': {'title': 'Ms', 'first': 'Bernardina', 'last': 'Rocha'}, 'location': {'street': {'number': 542, 'name': 'Rua São Pedro '}, 'city': 'Londrina', 'state': 'Mato ...</msg>
<var>${json_data}</var>
<arg>${response.json()}</arg>
<doc>Returns the given values which can then be assigned to a variables.</doc>
<status status="PASS" start="2024-07-23T19:11:54.730120" elapsed="0.000507"/>
</kw>
<kw name="Log" owner="BuiltIn">
<msg time="2024-07-23T19:11:54.731099" level="INFO">{'results': [{'gender': 'female', 'name': {'title': 'Ms', 'first': 'Bernardina', 'last': 'Rocha'}, 'location': {'street': {'number': 542, 'name': 'Rua São Pedro '}, 'city': 'Londrina', 'state': 'Mato Grosso do Sul', 'country': 'Brazil', 'postcode': 94787, 'coordinates': {'latitude': '-75.5615', 'longitude': '125.0731'}, 'timezone': {'offset': '+10:00', 'description': 'Eastern Australia, Guam, Vladivostok'}}, 'email': 'bernardina.rocha@example.com', 'login': {'uuid': '1dff0d86-f849-41c0-8403-3e22d6b39a9e', 'username': 'blueduck931', 'password': '963852', 'salt': 'FrKgWccr', 'md5': 'fb9bd4d0104e653c604426cd86535269', 'sha1': 'e013e2621edf8dddd8b98c0adc469d463a2751fe', 'sha256': '74510fd987ff19c73e2a320bef1c635e5f3918cb0eff3a3dcb83865eb3822434'}, 'dob': {'date': '1954-08-27T22:36:27.888Z', 'age': 69}, 'registered': {'date': '2005-10-05T21:54:15.605Z', 'age': 18}, 'phone': '(47) 2565-9512', 'cell': '(91) 4943-2127', 'id': {'name': 'CPF', 'value': '072.553.762-01'}, 'picture': {'large': 'https://randomuser.me/api/portraits/women/79.jpg', 'medium': 'https://randomuser.me/api/portraits/med/women/79.jpg', 'thumbnail': 'https://randomuser.me/api/portraits/thumb/women/79.jpg'}, 'nat': 'BR'}], 'info': {'seed': '7b89e2a44a1c6fa4', 'results': 1, 'page': 1, 'version': '1.4'}}</msg>
<arg>${json_data}</arg>
<doc>Logs the given message with the given level.</doc>
<status status="PASS" start="2024-07-23T19:11:54.730940" elapsed="0.000211"/>
</kw>
<kw name="Should Be String" owner="String">
<arg>${json_data['results'][0]['gender']}</arg>
<doc>Fails if the given ``item`` is not a string.</doc>
<status status="PASS" start="2024-07-23T19:11:54.731483" elapsed="0.000390"/>
</kw>
<kw name="Should Match Regexp" owner="BuiltIn">
<arg>${json_data['results'][0]['email']}</arg>
<arg>^[a-zA-Z0-9._%+-]+@[a-zA-Z0-9.-]+\.[a-zA-Z]{2,}$</arg>
<doc>Fails if ``string`` does not match ``pattern`` as a regular expression.</doc>
<status status="PASS" start="2024-07-23T19:11:54.732069" elapsed="0.000529"/>
</kw>
<kw name="Should Match Regexp" owner="BuiltIn">
<arg>${json_data['results'][0]['dob']['date']}</arg>
<arg>\\d{4}-\\d{2}-\\d{2}T\\d{2}:\\d{2}:\\d{2}\\.\\d{3}Z</arg>
<doc>Fails if ``string`` does not match ``pattern`` as a regular expression.</doc>
<status status="PASS" start="2024-07-23T19:11:54.732842" elapsed="0.000611"/>
</kw>
<kw name="Should Match Regexp" owner="BuiltIn">
<arg>${json_data['results'][0]['registered']['date']}</arg>
<arg>\\d{4}-\\d{2}-\\d{2}T\\d{2}:\\d{2}:\\d{2}\\.\\d{3}Z</arg>
<doc>Fails if ``string`` does not match ``pattern`` as a regular expression.</doc>
<status status="PASS" start="2024-07-23T19:11:54.733652" elapsed="0.000377"/>
</kw>
<kw name="Should Match Regexp" owner="BuiltIn">
<arg>${json_data['results'][0]['picture']['large']}</arg>
<arg>^https?://.*\.(?:png|jpe?g|gif|bmp)$</arg>
<doc>Fails if ``string`` does not match ``pattern`` as a regular expression.</doc>
<status status="PASS" start="2024-07-23T19:11:54.734217" elapsed="0.000464"/>
</kw>
<kw name="Should Match Regexp" owner="BuiltIn">
<arg>${json_data['results'][0]['picture']['medium']}</arg>
<arg>^https?://.*\.(?:png|jpe?g|gif|bmp)$</arg>
<doc>Fails if ``string`` does not match ``pattern`` as a regular expression.</doc>
<status status="PASS" start="2024-07-23T19:11:54.734872" elapsed="0.000355"/>
</kw>
<kw name="Should Match Regexp" owner="BuiltIn">
<arg>${json_data['results'][0]['picture']['thumbnail']}</arg>
<arg>^https?://.*\.(?:png|jpe?g|gif|bmp)$</arg>
<doc>Fails if ``string`` does not match ``pattern`` as a regular expression.</doc>
<status status="PASS" start="2024-07-23T19:11:54.735439" elapsed="0.000353"/>
</kw>
<kw name="Log" owner="BuiltIn">
<msg time="2024-07-23T19:11:54.736299" level="INFO">{'large': 'https://randomuser.me/api/portraits/women/79.jpg', 'medium': 'https://randomuser.me/api/portraits/med/women/79.jpg', 'thumbnail': 'https://randomuser.me/api/portraits/thumb/women/79.jpg'}</msg>
<arg>${json_data['results'][0]['picture']}</arg>
<doc>Logs the given message with the given level.</doc>
<status status="PASS" start="2024-07-23T19:11:54.735973" elapsed="0.000369"/>
</kw>
<status status="PASS" start="2024-07-23T19:11:54.657913" elapsed="0.078684"/>
</kw>
<kw name="Teste de Tipos de Dados - Postcode" owner="random-user-service">
<kw name="GET On Session" owner="RequestsLibrary">
<msg time="2024-07-23T19:11:54.826569" level="INFO">GET Request : url=https://randomuser.me/api 
 path_url=/api 
 headers={'User-Agent': 'python-requests/2.32.3', 'Accept-Encoding': 'gzip, deflate', 'Accept': '*/*', 'Connection': 'keep-alive'} 
 body=None 
 </msg>
<msg time="2024-07-23T19:11:54.826647" level="INFO">GET Response : url=https://randomuser.me/api 
 status=200, reason=OK 
 headers={'Date': 'Tue, 23 Jul 2024 19:11:54 GMT', 'Content-Type': 'application/json; charset=utf-8', 'Transfer-Encoding': 'chunked', 'Connection': 'keep-alive', 'X-Powered-By': 'Express', 'Access-Control-Allow-Origin': '*', 'Cache-Control': 'no-cache', 'ETag': 'W/"492-/sLjKDZkM0JNl3TUd9zQCvygO7g"', 'Vary': 'Accept-Encoding', 'Content-Encoding': 'gzip', 'CF-Cache-Status': 'DYNAMIC', 'Report-To': '{"endpoints":[{"url":"https:\\/\\/a.nel.cloudflare.com\\/report\\/v4?s=WCSs1P6IuQ4z22KjWrI6kWV%2BoIMqyE1v7%2BrdG764Mn5gbwBZyXy7GR6TpSXm4FFDhC49A0F%2Bir1wA3zBYVcZ4ZPmBwls%2FMroHhl%2FfR03YQpyU8s%2BwK%2FZVGurOGgnh1kK"}],"group":"cf-nel","max_age":604800}', 'NEL': '{"success_fraction":0,"report_to":"cf-nel","max_age":604800}', 'Server': 'cloudflare', 'CF-RAY': '8a7dfa9f2bc62d14-IAD', 'alt-svc': 'h3=":443"; ma=86400'} 
 body={"results":[{"gender":"male","name":{"title":"Mr","first":"Joel","last":"Toivonen"},"location":{"street":{"number":1066,"name":"Rautatienkatu"},"city":"Karijoki","state":"Southern Ostrobothnia","country":"Finland","postcode":33057,"coordinates":{"latitude":"-26.7687","longitude":"-110.2124"},"timezone":{"offset":"-12:00","description":"Eniwetok, Kwajalein"}},"email":"joel.toivonen@example.com","login":{"uuid":"5e01a3b4-2d82-456a-9de6-ae0ae5fd5f88","username":"whitegoose678","password":"stalin","salt":"i3HjtyMv","md5":"51009d26c7cb5fca8efc2e01a349ee5c","sha1":"b3cbf1485d74de8b4a0a9ce690a58545d168ec24","sha256":"19881629a71ce3e558784e883dd85e1f437f298928c3be89525691c538e660ac"},"dob":{"date":"1997-10-25T04:10:53.275Z","age":26},"registered":{"date":"2003-01-20T13:10:25.880Z","age":21},"phone":"09-398-395","cell":"045-619-50-49","id":{"name":"HETU","value":"NaNNA157undefined"},"picture":{"large":"https://randomuser.me/api/portraits/men/64.jpg","medium":"https://randomuser.me/api/portraits/med/men/64.jpg","thumbnail":"https://randomuser.me/api/portraits/thumb/men/64.jpg"},"nat":"FI"}],"info":{"seed":"be529cdfa8017acf","results":1,"page":1,"version":"1.4"}} 
 </msg>
<msg time="2024-07-23T19:11:54.826716" level="INFO">/opt/hostedtoolcache/Python/3.12.4/x64/lib/python3.12/site-packages/urllib3/connectionpool.py:1099: InsecureRequestWarning: Unverified HTTPS request is being made to host 'randomuser.me'. Adding certificate verification is strongly advised. See: https://urllib3.readthedocs.io/en/latest/advanced-usage.html#tls-warnings
  warnings.warn(</msg>
<msg time="2024-07-23T19:11:54.826818" level="INFO">${response} = &lt;Response [200]&gt;</msg>
<var>${response}</var>
<arg>consultarAPI</arg>
<arg>/api</arg>
<doc>Sends a GET request on a previously created HTTP Session.</doc>
<status status="PASS" start="2024-07-23T19:11:54.737035" elapsed="0.089826"/>
</kw>
<kw name="Set Variable" owner="BuiltIn">
<msg time="2024-07-23T19:11:54.827713" level="INFO">${json_data} = {'results': [{'gender': 'male', 'name': {'title': 'Mr', 'first': 'Joel', 'last': 'Toivonen'}, 'location': {'street': {'number': 1066, 'name': 'Rautatienkatu'}, 'city': 'Karijoki', 'state': 'Southern O...</msg>
<var>${json_data}</var>
<arg>${response.json()}</arg>
<doc>Returns the given values which can then be assigned to a variables.</doc>
<status status="PASS" start="2024-07-23T19:11:54.827238" elapsed="0.000503"/>
</kw>
<kw name="Log" owner="BuiltIn">
<msg time="2024-07-23T19:11:54.828196" level="INFO">{'results': [{'gender': 'male', 'name': {'title': 'Mr', 'first': 'Joel', 'last': 'Toivonen'}, 'location': {'street': {'number': 1066, 'name': 'Rautatienkatu'}, 'city': 'Karijoki', 'state': 'Southern Ostrobothnia', 'country': 'Finland', 'postcode': 33057, 'coordinates': {'latitude': '-26.7687', 'longitude': '-110.2124'}, 'timezone': {'offset': '-12:00', 'description': 'Eniwetok, Kwajalein'}}, 'email': 'joel.toivonen@example.com', 'login': {'uuid': '5e01a3b4-2d82-456a-9de6-ae0ae5fd5f88', 'username': 'whitegoose678', 'password': 'stalin', 'salt': 'i3HjtyMv', 'md5': '51009d26c7cb5fca8efc2e01a349ee5c', 'sha1': 'b3cbf1485d74de8b4a0a9ce690a58545d168ec24', 'sha256': '19881629a71ce3e558784e883dd85e1f437f298928c3be89525691c538e660ac'}, 'dob': {'date': '1997-10-25T04:10:53.275Z', 'age': 26}, 'registered': {'date': '2003-01-20T13:10:25.880Z', 'age': 21}, 'phone': '09-398-395', 'cell': '045-619-50-49', 'id': {'name': 'HETU', 'value': 'NaNNA157undefined'}, 'picture': {'large': 'https://randomuser.me/api/portraits/men/64.jpg', 'medium': 'https://randomuser.me/api/portraits/med/men/64.jpg', 'thumbnail': 'https://randomuser.me/api/portraits/thumb/men/64.jpg'}, 'nat': 'FI'}], 'info': {'seed': 'be529cdfa8017acf', 'results': 1, 'page': 1, 'version': '1.4'}}</msg>
<arg>${json_data}</arg>
<doc>Logs the given message with the given level.</doc>
<status status="PASS" start="2024-07-23T19:11:54.828042" elapsed="0.000201"/>
</kw>
<kw name="Should Be Equal As Numbers" owner="BuiltIn">
<arg>${json_data['results'][0]['location']['postcode']}</arg>
<arg>${json_data['results'][0]['location']['postcode']}</arg>
<doc>Fails if objects are unequal after converting them to real numbers.</doc>
<status status="PASS" start="2024-07-23T19:11:54.828529" elapsed="0.000612"/>
</kw>
<kw name="Log" owner="BuiltIn">
<msg time="2024-07-23T19:11:54.829660" level="INFO">33057</msg>
<arg>${json_data['results'][0]['location']['postcode']}</arg>
<doc>Logs the given message with the given level.</doc>
<status status="PASS" start="2024-07-23T19:11:54.829330" elapsed="0.000370"/>
</kw>
<status status="PASS" start="2024-07-23T19:11:54.736811" elapsed="0.093160"/>
</kw>
<doc>Testa se os tipos de dados na resposta da API estão corretos.</doc>
<tag>testeTiposDados</tag>
<status status="PASS" start="2024-07-23T19:11:54.657462" elapsed="0.172668"/>
</test>
<test id="s1-s1-t5" name="Validar conteudo" line="35">
<kw name="Teste de Tipos de Conteudo" owner="random-user-service">
<kw name="GET On Session" owner="RequestsLibrary">
<msg time="2024-07-23T19:11:54.929010" level="INFO">GET Request : url=https://randomuser.me/api 
 path_url=/api 
 headers={'User-Agent': 'python-requests/2.32.3', 'Accept-Encoding': 'gzip, deflate', 'Accept': '*/*', 'Connection': 'keep-alive'} 
 body=None 
 </msg>
<msg time="2024-07-23T19:11:54.929089" level="INFO">GET Response : url=https://randomuser.me/api 
 status=200, reason=OK 
 headers={'Date': 'Tue, 23 Jul 2024 19:11:54 GMT', 'Content-Type': 'application/json; charset=utf-8', 'Transfer-Encoding': 'chunked', 'Connection': 'keep-alive', 'X-Powered-By': 'Express', 'Access-Control-Allow-Origin': '*', 'Cache-Control': 'no-cache', 'ETag': 'W/"46c-V8DyAt6kydqHVSyhLHJrUjYW9Po"', 'Vary': 'Accept-Encoding', 'Content-Encoding': 'gzip', 'CF-Cache-Status': 'DYNAMIC', 'Report-To': '{"endpoints":[{"url":"https:\\/\\/a.nel.cloudflare.com\\/report\\/v4?s=hESQfwvFzFmlj4VLsiLuK2ckr9gHpN68OM%2BoMnH7qZvJ4Pe7sbffp2eprL29rL3oOjoXTqIdItzPMI7qUU4FT3h8vTrRfyFh7h09BCkWSvXRtgYOlhb7U5C8IuQ3jrUu"}],"group":"cf-nel","max_age":604800}', 'NEL': '{"success_fraction":0,"report_to":"cf-nel","max_age":604800}', 'Server': 'cloudflare', 'CF-RAY': '8a7dfa9fbc9e2d14-IAD', 'alt-svc': 'h3=":443"; ma=86400'} 
 body={"results":[{"gender":"female","name":{"title":"Ms","first":"Molly","last":"Holmes"},"location":{"street":{"number":1535,"name":"Church Lane"},"city":"Tramore","state":"Fingal","country":"Ireland","postcode":22512,"coordinates":{"latitude":"2.8595","longitude":"35.5383"},"timezone":{"offset":"+5:45","description":"Kathmandu"}},"email":"molly.holmes@example.com","login":{"uuid":"b6cc20e4-2b9f-4995-a5d1-6c6fea20ef9f","username":"biggorilla796","password":"sound","salt":"TL9MLwzu","md5":"d5053178db473c574dce308a1ef608e3","sha1":"b7a58901ea948dcf6d5074cf6bb1855119accce3","sha256":"42c2256f9ed4d90b1e129d5c94fed94ef76e4ce83eadc8f0e36747a6a6b8b6b3"},"dob":{"date":"1969-06-05T00:14:51.047Z","age":55},"registered":{"date":"2021-11-08T10:22:54.517Z","age":2},"phone":"051-109-9692","cell":"081-701-8850","id":{"name":"PPS","value":"0501615T"},"picture":{"large":"https://randomuser.me/api/portraits/women/85.jpg","medium":"https://randomuser.me/api/portraits/med/women/85.jpg","thumbnail":"https://randomuser.me/api/portraits/thumb/women/85.jpg"},"nat":"IE"}],"info":{"seed":"bf94adb55dd46d02","results":1,"page":1,"version":"1.4"}} 
 </msg>
<msg time="2024-07-23T19:11:54.929146" level="INFO">/opt/hostedtoolcache/Python/3.12.4/x64/lib/python3.12/site-packages/urllib3/connectionpool.py:1099: InsecureRequestWarning: Unverified HTTPS request is being made to host 'randomuser.me'. Adding certificate verification is strongly advised. See: https://urllib3.readthedocs.io/en/latest/advanced-usage.html#tls-warnings
  warnings.warn(</msg>
<msg time="2024-07-23T19:11:54.929232" level="INFO">${response} = &lt;Response [200]&gt;</msg>
<var>${response}</var>
<arg>consultarAPI</arg>
<arg>/api</arg>
<doc>Sends a GET request on a previously created HTTP Session.</doc>
<status status="PASS" start="2024-07-23T19:11:54.832536" elapsed="0.096726"/>
</kw>
<kw name="Set Variable" owner="BuiltIn">
<msg time="2024-07-23T19:11:54.930071" level="INFO">${json_data} = {'results': [{'gender': 'female', 'name': {'title': 'Ms', 'first': 'Molly', 'last': 'Holmes'}, 'location': {'street': {'number': 1535, 'name': 'Church Lane'}, 'city': 'Tramore', 'state': 'Fingal', 'co...</msg>
<var>${json_data}</var>
<arg>${response.json()}</arg>
<doc>Returns the given values which can then be assigned to a variables.</doc>
<status status="PASS" start="2024-07-23T19:11:54.929622" elapsed="0.000477"/>
</kw>
<kw name="Set Variable" owner="BuiltIn">
<msg time="2024-07-23T19:11:54.930782" level="INFO">${name_title} = Ms</msg>
<var>${name_title}</var>
<arg>${json_data["results"][0]["name"]["title"]}</arg>
<doc>Returns the given values which can then be assigned to a variables.</doc>
<status status="PASS" start="2024-07-23T19:11:54.930406" elapsed="0.000402"/>
</kw>
<kw name="Create List" owner="BuiltIn">
<msg time="2024-07-23T19:11:54.931241" level="INFO">${allowed_titles} = ['Mr', 'Ms', 'Miss', 'Mrs', 'Madame', 'Monsieur']</msg>
<var>${allowed_titles}</var>
<arg>Mr</arg>
<arg>Ms</arg>
<arg>Miss</arg>
<arg>Mrs</arg>
<arg>Madame</arg>
<arg>Monsieur</arg>
<doc>Returns a list containing given items.</doc>
<status status="PASS" start="2024-07-23T19:11:54.931098" elapsed="0.000167"/>
</kw>
<kw name="List Should Contain Value" owner="Collections">
<arg>${allowed_titles}</arg>
<arg>${name_title}</arg>
<doc>Fails if the ``value`` is not found from ``list``.</doc>
<status status="PASS" start="2024-07-23T19:11:54.931610" elapsed="0.000184"/>
</kw>
<kw name="Set Variable" owner="BuiltIn">
<msg time="2024-07-23T19:11:54.932335" level="INFO">${name_country} = IE</msg>
<var>${name_country}</var>
<arg>${json_data["results"][0]["nat"]}</arg>
<doc>Returns the given values which can then be assigned to a variables.</doc>
<status status="PASS" start="2024-07-23T19:11:54.931969" elapsed="0.000391"/>
</kw>
<kw name="Create List" owner="BuiltIn">
<msg time="2024-07-23T19:11:54.933244" level="INFO">${list_country} = ['AD', 'AE', 'AF', 'AG', 'AI', 'AL', 'AM', 'AO', 'AQ', 'AR', 'AS', 'AT', 'AU', 'AW', 'AX', 'AZ', 'BA', 'BB', 'BD', 'BE', 'BF', 'BG', 'BH', 'BI', 'BJ', 'BL', 'BM', 'BN', 'BO', 'BQ', 'BR', 'BS', 'BT', '...</msg>
<var>${list_country}</var>
<arg>AD</arg>
<arg>AE</arg>
<arg>AF</arg>
<arg>AG</arg>
<arg>AI</arg>
<arg>AL</arg>
<arg>AM</arg>
<arg>AO</arg>
<arg>AQ</arg>
<arg>AR</arg>
<arg>AS</arg>
<arg>AT</arg>
<arg>AU</arg>
<arg>AW</arg>
<arg>AX</arg>
<arg>AZ</arg>
<arg>BA</arg>
<arg>BB</arg>
<arg>BD</arg>
<arg>BE</arg>
<arg>BF</arg>
<arg>BG</arg>
<arg>BH</arg>
<arg>BI</arg>
<arg>BJ</arg>
<arg>BL</arg>
<arg>BM</arg>
<arg>BN</arg>
<arg>BO</arg>
<arg>BQ</arg>
<arg>BR</arg>
<arg>BS</arg>
<arg>BT</arg>
<arg>BV</arg>
<arg>BW</arg>
<arg>BY</arg>
<arg>BZ</arg>
<arg>CA</arg>
<arg>CC</arg>
<arg>CD</arg>
<arg>CF</arg>
<arg>CG</arg>
<arg>CH</arg>
<arg>CI</arg>
<arg>CK</arg>
<arg>CL</arg>
<arg>CM</arg>
<arg>CN</arg>
<arg>CO</arg>
<arg>CR</arg>
<arg>CU</arg>
<arg>CV</arg>
<arg>CW</arg>
<arg>CX</arg>
<arg>CY</arg>
<arg>CZ</arg>
<arg>DE</arg>
<arg>DJ</arg>
<arg>DK</arg>
<arg>DM</arg>
<arg>DO</arg>
<arg>DZ</arg>
<arg>EC</arg>
<arg>EE</arg>
<arg>EG</arg>
<arg>EH</arg>
<arg>ER</arg>
<arg>ES</arg>
<arg>ET</arg>
<arg>FI</arg>
<arg>FJ</arg>
<arg>FK</arg>
<arg>FM</arg>
<arg>FO</arg>
<arg>FR</arg>
<arg>GA</arg>
<arg>GB</arg>
<arg>GD</arg>
<arg>GE</arg>
<arg>GF</arg>
<arg>GG</arg>
<arg>GH</arg>
<arg>GI</arg>
<arg>GL</arg>
<arg>GM</arg>
<arg>GN</arg>
<arg>GP</arg>
<arg>GQ</arg>
<arg>GR</arg>
<arg>GS</arg>
<arg>GT</arg>
<arg>GU</arg>
<arg>GW</arg>
<arg>GY</arg>
<arg>HK</arg>
<arg>HM</arg>
<arg>HN</arg>
<arg>HR</arg>
<arg>HT</arg>
<arg>HU</arg>
<arg>ID</arg>
<arg>IE</arg>
<arg>IL</arg>
<arg>IM</arg>
<arg>IN</arg>
<arg>IO</arg>
<arg>IQ</arg>
<arg>IR</arg>
<arg>IS</arg>
<arg>IT</arg>
<arg>JE</arg>
<arg>JM</arg>
<arg>JO</arg>
<arg>JP</arg>
<arg>KE</arg>
<arg>KG</arg>
<arg>KH</arg>
<arg>KI</arg>
<arg>KM</arg>
<arg>KN</arg>
<arg>KP</arg>
<arg>KR</arg>
<arg>KW</arg>
<arg>KY</arg>
<arg>KZ</arg>
<arg>LA</arg>
<arg>LB</arg>
<arg>LC</arg>
<arg>LI</arg>
<arg>LK</arg>
<arg>LR</arg>
<arg>LS</arg>
<arg>LT</arg>
<arg>LU</arg>
<arg>LV</arg>
<arg>LY</arg>
<arg>MA</arg>
<arg>MC</arg>
<arg>MD</arg>
<arg>ME</arg>
<arg>MF</arg>
<arg>MG</arg>
<arg>MH</arg>
<arg>MK</arg>
<arg>ML</arg>
<arg>MM</arg>
<arg>MN</arg>
<arg>MO</arg>
<arg>MP</arg>
<arg>MQ</arg>
<arg>MR</arg>
<arg>MS</arg>
<arg>MT</arg>
<arg>MU</arg>
<arg>MV</arg>
<arg>MW</arg>
<arg>MX</arg>
<arg>MY</arg>
<arg>MZ</arg>
<arg>NA</arg>
<arg>NC</arg>
<arg>NE</arg>
<arg>NF</arg>
<arg>NG</arg>
<arg>NI</arg>
<arg>NL</arg>
<arg>NO</arg>
<arg>NP</arg>
<arg>NR</arg>
<arg>NU</arg>
<arg>NZ</arg>
<arg>OM</arg>
<arg>PA</arg>
<arg>PE</arg>
<arg>PF</arg>
<arg>PG</arg>
<arg>PH</arg>
<arg>PK</arg>
<arg>PL</arg>
<arg>PM</arg>
<arg>PN</arg>
<arg>PR</arg>
<arg>PS</arg>
<arg>PT</arg>
<arg>PW</arg>
<arg>PY</arg>
<arg>QA</arg>
<arg>RE</arg>
<arg>RO</arg>
<arg>RS</arg>
<arg>RU</arg>
<arg>RW</arg>
<arg>SA</arg>
<arg>SB</arg>
<arg>SC</arg>
<arg>SD</arg>
<arg>SE</arg>
<arg>SG</arg>
<arg>SH</arg>
<arg>SI</arg>
<arg>SJ</arg>
<arg>SK</arg>
<arg>SL</arg>
<arg>SM</arg>
<arg>SN</arg>
<arg>SO</arg>
<arg>SR</arg>
<arg>SS</arg>
<arg>ST</arg>
<arg>SV</arg>
<arg>SX</arg>
<arg>SY</arg>
<arg>SZ</arg>
<arg>TC</arg>
<arg>TD</arg>
<arg>TF</arg>
<arg>TG</arg>
<arg>TH</arg>
<arg>TJ</arg>
<arg>TK</arg>
<arg>TL</arg>
<arg>TM</arg>
<arg>TN</arg>
<arg>TO</arg>
<arg>TR</arg>
<arg>TT</arg>
<arg>TV</arg>
<arg>TW</arg>
<arg>TZ</arg>
<arg>UA</arg>
<arg>UG</arg>
<arg>UM</arg>
<arg>US</arg>
<arg>UY</arg>
<arg>UZ</arg>
<arg>VA</arg>
<arg>VC</arg>
<arg>VE</arg>
<arg>VG</arg>
<arg>VI</arg>
<arg>VN</arg>
<arg>VU</arg>
<arg>WF</arg>
<arg>WS</arg>
<arg>XK</arg>
<arg>YE</arg>
<arg>YT</arg>
<arg>ZA</arg>
<arg>ZM</arg>
<arg>ZW</arg>
<doc>Returns a list containing given items.</doc>
<status status="PASS" start="2024-07-23T19:11:54.932647" elapsed="0.000622"/>
</kw>
<kw name="List Should Contain Value" owner="Collections">
<arg>${list_country}</arg>
<arg>${name_country}</arg>
<doc>Fails if the ``value`` is not found from ``list``.</doc>
<status status="PASS" start="2024-07-23T19:11:54.934210" elapsed="0.000204"/>
</kw>
<kw name="Run Keyword If" owner="BuiltIn">
<kw name="Should Be True" owner="BuiltIn">
<arg>${True}</arg>
<doc>Fails if the given condition is not true.</doc>
<status status="PASS" start="2024-07-23T19:11:54.935372" elapsed="0.000148"/>
</kw>
<arg>${json_data["results"][0]["location"]["coordinates"]["latitude"]} &gt;= -90 and ${json_data["results"][0]["location"]["coordinates"]["latitude"]} &lt;= 90</arg>
<arg>Should Be True</arg>
<arg>${True}</arg>
<doc>Runs the given keyword with the given arguments, if ``condition`` is true.</doc>
<status status="PASS" start="2024-07-23T19:11:54.934608" elapsed="0.001035"/>
</kw>
<kw name="Run Keyword If" owner="BuiltIn">
<kw name="Should Be True" owner="BuiltIn">
<arg>${True}</arg>
<doc>Fails if the given condition is not true.</doc>
<status status="PASS" start="2024-07-23T19:11:54.936510" elapsed="0.000135"/>
</kw>
<arg>${json_data["results"][0]["location"]["coordinates"]["longitude"]} &gt;= -180 and ${json_data["results"][0]["location"]["coordinates"]["longitude"]} &lt;= 180</arg>
<arg>Should Be True</arg>
<arg>${True}</arg>
<doc>Runs the given keyword with the given arguments, if ``condition`` is true.</doc>
<status status="PASS" start="2024-07-23T19:11:54.935825" elapsed="0.000942"/>
</kw>
<status status="PASS" start="2024-07-23T19:11:54.832322" elapsed="0.104578"/>
</kw>
<doc>Testa o conteúdo específico dos campos retornados pela API.</doc>
<tag>testeConteudo</tag>
<status status="PASS" start="2024-07-23T19:11:54.831900" elapsed="0.105142"/>
</test>
<status status="PASS" start="2024-07-23T19:11:53.973737" elapsed="0.965200"/>
</suite>
<status status="PASS" start="2024-07-23T19:11:53.959499" elapsed="0.984401"/>
</suite>
<statistics>
<total>
<stat pass="5" fail="0" skip="0">All Tests</stat>
</total>
<tag>
<stat pass="1" fail="0" skip="0">testeConteudo</stat>
<stat pass="1" fail="0" skip="0">testeEstruturaResposta</stat>
<stat pass="1" fail="0" skip="0">testeRequisicaoBasica</stat>
<stat pass="1" fail="0" skip="0">testeTiposDados</stat>
</tag>
<suite>
<stat pass="5" fail="0" skip="0" id="s1" name="Tests">Tests</stat>
<stat pass="5" fail="0" skip="0" id="s1-s1" name="Random-User-Test">Tests.Random-User-Test</stat>
</suite>
</statistics>
<errors>
</errors>
</robot>
