<?xml version="1.0" encoding="UTF-8"?>
<robot generator="Robot 7.0.1 (Python 3.12.4 on linux)" generated="2024-08-10T09:15:54.585786" rpa="false" schemaversion="5">
<suite id="s1" name="Tests" source="/home/runner/work/ApiRandomUser/ApiRandomUser/RamdonUser/tests">
<suite id="s1-s1" name="Random-User-Test" source="/home/runner/work/ApiRandomUser/ApiRandomUser/RamdonUser/tests/random-user-test.robot">
<test id="s1-s1-t1" name="Conectar" line="13">
<kw name="Conectar API" owner="random-user-service">
<kw name="Create Session" owner="RequestsLibrary">
<msg time="2024-08-10T09:15:55.018718" level="INFO">Creating Session using : alias=consultarAPI, url=https://randomuser.me/, headers={},                     cookies={}, auth=None, timeout=None, proxies=None, verify=False,                     debug=0 </msg>
<arg>consultarAPI</arg>
<arg>${URL}</arg>
<doc>Create Session: create a HTTP session to a server</doc>
<status status="PASS" start="2024-08-10T09:15:55.018435" elapsed="0.000526"/>
</kw>
<status status="PASS" start="2024-08-10T09:15:55.016606" elapsed="0.002833"/>
</kw>
<status status="PASS" start="2024-08-10T09:15:55.015774" elapsed="0.003953"/>
</test>
<test id="s1-s1-t2" name="Validar retorno 200 e JSON Válido" line="16">
<kw name="Teste de Requisicao Basica" owner="random-user-service">
<kw name="GET On Session" owner="RequestsLibrary">
<msg time="2024-08-10T09:15:55.092413" level="INFO">GET Request : url=https://randomuser.me/api 
 path_url=/api 
 headers={'User-Agent': 'python-requests/2.32.3', 'Accept-Encoding': 'gzip, deflate', 'Accept': '*/*', 'Connection': 'keep-alive'} 
 body=None 
 </msg>
<msg time="2024-08-10T09:15:55.092542" level="INFO">GET Response : url=https://randomuser.me/api 
 status=200, reason=OK 
 headers={'Date': 'Sat, 10 Aug 2024 09:15:55 GMT', 'Content-Type': 'application/json; charset=utf-8', 'Transfer-Encoding': 'chunked', 'Connection': 'keep-alive', 'X-Powered-By': 'Express', 'Access-Control-Allow-Origin': '*', 'Cache-Control': 'no-cache', 'ETag': 'W/"48c-4kqT6Ddpu0xrQpVHXKxWphHfTBQ"', 'Vary': 'Accept-Encoding', 'Content-Encoding': 'gzip', 'CF-Cache-Status': 'DYNAMIC', 'Report-To': '{"endpoints":[{"url":"https:\\/\\/a.nel.cloudflare.com\\/report\\/v4?s=FzBq0%2BY5svghF4My1eEDJGn35pfW7kR95as8QdFDSdnWr7iPLqU5%2Byo0OrVW2LNIUEWvtJKM3tBp1%2BfrzxRQxL1c5M7ij1T4XhvRfUIIQptL4T%2BxfnoCyARa2%2BzPcT0a"}],"group":"cf-nel","max_age":604800}', 'NEL': '{"success_fraction":0,"report_to":"cf-nel","max_age":604800}', 'Server': 'cloudflare', 'CF-RAY': '8b0ee2552aca72ed-IAD', 'alt-svc': 'h3=":443"; ma=86400'} 
 body={"results":[{"gender":"female","name":{"title":"Mrs","first":"Ayten","last":"Siepmann"},"location":{"street":{"number":1346,"name":"Tulpenweg"},"city":"Bitterfeld-Wolfen","state":"Rheinland-Pfalz","country":"Germany","postcode":71482,"coordinates":{"latitude":"-47.8653","longitude":"52.0149"},"timezone":{"offset":"-9:00","description":"Alaska"}},"email":"ayten.siepmann@example.com","login":{"uuid":"1d812e1a-a707-46b0-8639-2458c0aec05d","username":"organiccat340","password":"charles","salt":"DdCATdcA","md5":"7f97c2ca212f30725ef8978fdc28e52b","sha1":"a26ff18ab55379e020ec276ccea3e822a62213de","sha256":"2d93348dfcb909a7442f9c4a5b0716078da1d531a1374b2fdb51cb73c2095e85"},"dob":{"date":"1964-02-01T06:15:20.251Z","age":60},"registered":{"date":"2012-10-16T11:21:13.891Z","age":11},"phone":"0068-7038986","cell":"0170-7148651","id":{"name":"SVNR","value":"04 010264 S 570"},"picture":{"large":"https://randomuser.me/api/portraits/women/78.jpg","medium":"https://randomuser.me/api/portraits/med/women/78.jpg","thumbnail":"https://randomuser.me/api/portraits/thumb/women/78.jpg"},"nat":"DE"}],"info":{"seed":"f7f77698a90b4435","results":1,"page":1,"version":"1.4"}} 
 </msg>
<msg time="2024-08-10T09:15:55.092614" level="INFO">/opt/hostedtoolcache/Python/3.12.4/x64/lib/python3.12/site-packages/urllib3/connectionpool.py:1099: InsecureRequestWarning: Unverified HTTPS request is being made to host 'randomuser.me'. Adding certificate verification is strongly advised. See: https://urllib3.readthedocs.io/en/latest/advanced-usage.html#tls-warnings
  warnings.warn(</msg>
<msg time="2024-08-10T09:15:55.092755" level="INFO">${response} = &lt;Response [200]&gt;</msg>
<var>${response}</var>
<arg>consultarAPI</arg>
<arg>/api</arg>
<doc>Sends a GET request on a previously created HTTP Session.</doc>
<status status="PASS" start="2024-08-10T09:15:55.024052" elapsed="0.068776"/>
</kw>
<kw name="Should Be Equal As Numbers" owner="BuiltIn">
<msg time="2024-08-10T09:15:55.093718" level="INFO">Argument types are:
&lt;class 'int'&gt;
&lt;class 'str'&gt;</msg>
<arg>${response.status_code}</arg>
<arg>200</arg>
<doc>Fails if objects are unequal after converting them to real numbers.</doc>
<status status="PASS" start="2024-08-10T09:15:55.093285" elapsed="0.000496"/>
</kw>
<kw name="Log" owner="BuiltIn">
<msg time="2024-08-10T09:15:55.094437" level="INFO">200</msg>
<arg>${response.status_code}</arg>
<doc>Logs the given message with the given level.</doc>
<status status="PASS" start="2024-08-10T09:15:55.094089" elapsed="0.000388"/>
</kw>
<kw name="Set Variable" owner="BuiltIn">
<msg time="2024-08-10T09:15:55.095201" level="INFO">${json_data} = {'results': [{'gender': 'female', 'name': {'title': 'Mrs', 'first': 'Ayten', 'last': 'Siepmann'}, 'location': {'street': {'number': 1346, 'name': 'Tulpenweg'}, 'city': 'Bitterfeld-Wolfen', 'state': 'R...</msg>
<var>${json_data}</var>
<arg>${response.json()}</arg>
<doc>Returns the given values which can then be assigned to a variables.</doc>
<status status="PASS" start="2024-08-10T09:15:55.094776" elapsed="0.000453"/>
</kw>
<kw name="Dictionary Should Contain Key" owner="Collections">
<arg>${json_data}</arg>
<arg>results</arg>
<doc>Fails if ``key`` is not found from ``dictionary``.</doc>
<status status="PASS" start="2024-08-10T09:15:55.095525" elapsed="0.000302"/>
</kw>
<status status="PASS" start="2024-08-10T09:15:55.023661" elapsed="0.072318"/>
</kw>
<doc>Testa se a API responde corretamente e retorna um objeto JSON válido.</doc>
<tag>testeRequisicaoBasica</tag>
<status status="PASS" start="2024-08-10T09:15:55.022949" elapsed="0.073197"/>
</test>
<test id="s1-s1-t3" name="Validar estrutura de resposta" line="22">
<kw name="Teste de Estrutura de Resposta" owner="random-user-service">
<kw name="GET On Session" owner="RequestsLibrary">
<msg time="2024-08-10T09:15:55.201261" level="INFO">GET Request : url=https://randomuser.me/api 
 path_url=/api 
 headers={'User-Agent': 'python-requests/2.32.3', 'Accept-Encoding': 'gzip, deflate', 'Accept': '*/*', 'Connection': 'keep-alive'} 
 body=None 
 </msg>
<msg time="2024-08-10T09:15:55.201341" level="INFO">GET Response : url=https://randomuser.me/api 
 status=200, reason=OK 
 headers={'Date': 'Sat, 10 Aug 2024 09:15:55 GMT', 'Content-Type': 'application/json; charset=utf-8', 'Transfer-Encoding': 'chunked', 'Connection': 'keep-alive', 'X-Powered-By': 'Express', 'Access-Control-Allow-Origin': '*', 'Cache-Control': 'no-cache', 'ETag': 'W/"482-TqdJKmk3+pO/0hRpeH0rnNv85BU"', 'Vary': 'Accept-Encoding', 'Content-Encoding': 'gzip', 'CF-Cache-Status': 'DYNAMIC', 'Report-To': '{"endpoints":[{"url":"https:\\/\\/a.nel.cloudflare.com\\/report\\/v4?s=Gy7UETTiAExku9YbsC1eBN1W%2B2C3jMc9XtrlD%2Bgk28r682tlznqMak9lOsGTDubr5SSHZ%2FGg%2BH2WFhYSBNlBOGREHgA95XCbrMcxoCKvRR4QON9qEA7N4s%2FdPk0OcJ80"}],"group":"cf-nel","max_age":604800}', 'NEL': '{"success_fraction":0,"report_to":"cf-nel","max_age":604800}', 'Server': 'cloudflare', 'CF-RAY': '8b0ee2556afe72ed-IAD', 'alt-svc': 'h3=":443"; ma=86400'} 
 body={"results":[{"gender":"female","name":{"title":"Miss","first":"Emily","last":"Collins"},"location":{"street":{"number":1621,"name":"Manor Road"},"city":"Athenry","state":"Waterford","country":"Ireland","postcode":69096,"coordinates":{"latitude":"-0.3883","longitude":"116.9647"},"timezone":{"offset":"+9:30","description":"Adelaide, Darwin"}},"email":"emily.collins@example.com","login":{"uuid":"520e260e-a169-4247-b3e9-4341d68d0a46","username":"organicelephant270","password":"umpire","salt":"fAKjqEBo","md5":"60caa7ea1c3498ddd140d89495bef356","sha1":"4d3c55974104e64a5c05238b88421c9f96da7e1e","sha256":"2e4d4303a8a0d62260b6b04eead86a8315ac265d5512ce21ff996f610a189c93"},"dob":{"date":"1958-12-10T06:34:12.313Z","age":65},"registered":{"date":"2004-03-29T17:55:52.692Z","age":20},"phone":"031-580-6235","cell":"081-696-4101","id":{"name":"PPS","value":"5306841T"},"picture":{"large":"https://randomuser.me/api/portraits/women/81.jpg","medium":"https://randomuser.me/api/portraits/med/women/81.jpg","thumbnail":"https://randomuser.me/api/portraits/thumb/women/81.jpg"},"nat":"IE"}],"info":{"seed":"0a97454d385bcd2b","results":1,"page":1,"version":"1.4"}} 
 </msg>
<msg time="2024-08-10T09:15:55.201451" level="INFO">/opt/hostedtoolcache/Python/3.12.4/x64/lib/python3.12/site-packages/urllib3/connectionpool.py:1099: InsecureRequestWarning: Unverified HTTPS request is being made to host 'randomuser.me'. Adding certificate verification is strongly advised. See: https://urllib3.readthedocs.io/en/latest/advanced-usage.html#tls-warnings
  warnings.warn(</msg>
<msg time="2024-08-10T09:15:55.201584" level="INFO">${response} = &lt;Response [200]&gt;</msg>
<var>${response}</var>
<arg>consultarAPI</arg>
<arg>/api</arg>
<doc>Sends a GET request on a previously created HTTP Session.</doc>
<status status="PASS" start="2024-08-10T09:15:55.099183" elapsed="0.102443"/>
</kw>
<kw name="Set Variable" owner="BuiltIn">
<msg time="2024-08-10T09:15:55.202428" level="INFO">${json_data} = {'results': [{'gender': 'female', 'name': {'title': 'Miss', 'first': 'Emily', 'last': 'Collins'}, 'location': {'street': {'number': 1621, 'name': 'Manor Road'}, 'city': 'Athenry', 'state': 'Waterford'...</msg>
<var>${json_data}</var>
<arg>${response.json()}</arg>
<doc>Returns the given values which can then be assigned to a variables.</doc>
<status status="PASS" start="2024-08-10T09:15:55.201980" elapsed="0.000476"/>
</kw>
<kw name="Log" owner="BuiltIn">
<msg time="2024-08-10T09:15:55.202900" level="INFO">{'results': [{'gender': 'female', 'name': {'title': 'Miss', 'first': 'Emily', 'last': 'Collins'}, 'location': {'street': {'number': 1621, 'name': 'Manor Road'}, 'city': 'Athenry', 'state': 'Waterford', 'country': 'Ireland', 'postcode': 69096, 'coordinates': {'latitude': '-0.3883', 'longitude': '116.9647'}, 'timezone': {'offset': '+9:30', 'description': 'Adelaide, Darwin'}}, 'email': 'emily.collins@example.com', 'login': {'uuid': '520e260e-a169-4247-b3e9-4341d68d0a46', 'username': 'organicelephant270', 'password': 'umpire', 'salt': 'fAKjqEBo', 'md5': '60caa7ea1c3498ddd140d89495bef356', 'sha1': '4d3c55974104e64a5c05238b88421c9f96da7e1e', 'sha256': '2e4d4303a8a0d62260b6b04eead86a8315ac265d5512ce21ff996f610a189c93'}, 'dob': {'date': '1958-12-10T06:34:12.313Z', 'age': 65}, 'registered': {'date': '2004-03-29T17:55:52.692Z', 'age': 20}, 'phone': '031-580-6235', 'cell': '081-696-4101', 'id': {'name': 'PPS', 'value': '5306841T'}, 'picture': {'large': 'https://randomuser.me/api/portraits/women/81.jpg', 'medium': 'https://randomuser.me/api/portraits/med/women/81.jpg', 'thumbnail': 'https://randomuser.me/api/portraits/thumb/women/81.jpg'}, 'nat': 'IE'}], 'info': {'seed': '0a97454d385bcd2b', 'results': 1, 'page': 1, 'version': '1.4'}}</msg>
<arg>${json_data}</arg>
<doc>Logs the given message with the given level.</doc>
<status status="PASS" start="2024-08-10T09:15:55.202749" elapsed="0.000196"/>
</kw>
<kw name="Dictionary Should Contain Key" owner="Collections">
<arg>${json_data}</arg>
<arg>results</arg>
<doc>Fails if ``key`` is not found from ``dictionary``.</doc>
<status status="PASS" start="2024-08-10T09:15:55.203230" elapsed="0.000156"/>
</kw>
<kw name="Should Not Be Empty" owner="BuiltIn">
<msg time="2024-08-10T09:15:55.203687" level="INFO">Length is 2.</msg>
<arg>${json_data}</arg>
<doc>Verifies that the given item is not empty.</doc>
<status status="PASS" start="2024-08-10T09:15:55.203565" elapsed="0.000158"/>
</kw>
<kw name="Create List" owner="BuiltIn">
<msg time="2024-08-10T09:15:55.204157" level="INFO">${expected_keys} = ['gender', 'name', 'location', 'email', 'login']</msg>
<var>${expected_keys}</var>
<arg>gender</arg>
<arg>name</arg>
<arg>location</arg>
<arg>email</arg>
<arg>login</arg>
<doc>Returns a list containing given items.</doc>
<status status="PASS" start="2024-08-10T09:15:55.204008" elapsed="0.000173"/>
</kw>
<for flavor="IN">
<iter>
<kw name="Dictionary Should Contain Key" owner="Collections">
<arg>${json_data['results'][0]}</arg>
<arg>${key}</arg>
<doc>Fails if ``key`` is not found from ``dictionary``.</doc>
<status status="PASS" start="2024-08-10T09:15:55.204734" elapsed="0.000433"/>
</kw>
<kw name="Log" owner="BuiltIn">
<msg time="2024-08-10T09:15:55.205709" level="INFO">{'gender': 'female', 'name': {'title': 'Miss', 'first': 'Emily', 'last': 'Collins'}, 'location': {'street': {'number': 1621, 'name': 'Manor Road'}, 'city': 'Athenry', 'state': 'Waterford', 'country': 'Ireland', 'postcode': 69096, 'coordinates': {'latitude': '-0.3883', 'longitude': '116.9647'}, 'timezone': {'offset': '+9:30', 'description': 'Adelaide, Darwin'}}, 'email': 'emily.collins@example.com', 'login': {'uuid': '520e260e-a169-4247-b3e9-4341d68d0a46', 'username': 'organicelephant270', 'password': 'umpire', 'salt': 'fAKjqEBo', 'md5': '60caa7ea1c3498ddd140d89495bef356', 'sha1': '4d3c55974104e64a5c05238b88421c9f96da7e1e', 'sha256': '2e4d4303a8a0d62260b6b04eead86a8315ac265d5512ce21ff996f610a189c93'}, 'dob': {'date': '1958-12-10T06:34:12.313Z', 'age': 65}, 'registered': {'date': '2004-03-29T17:55:52.692Z', 'age': 20}, 'phone': '031-580-6235', 'cell': '081-696-4101', 'id': {'name': 'PPS', 'value': '5306841T'}, 'picture': {'large': 'https://randomuser.me/api/portraits/women/81.jpg', 'medium': 'https://randomuser.me/api/portraits/med/women/81.jpg', 'thumbnail': 'https://randomuser.me/api/portraits/thumb/women/81.jpg'}, 'nat': 'IE'}</msg>
<arg>${json_data['results'][0]}</arg>
<doc>Logs the given message with the given level.</doc>
<status status="PASS" start="2024-08-10T09:15:55.205355" elapsed="0.000401"/>
</kw>
<kw name="Log" owner="BuiltIn">
<msg time="2024-08-10T09:15:55.206173" level="INFO">gender</msg>
<arg>${key}</arg>
<doc>Logs the given message with the given level.</doc>
<status status="PASS" start="2024-08-10T09:15:55.206046" elapsed="0.000164"/>
</kw>
<var name="${key}">gender</var>
<status status="PASS" start="2024-08-10T09:15:55.204612" elapsed="0.001810"/>
</iter>
<iter>
<kw name="Dictionary Should Contain Key" owner="Collections">
<arg>${json_data['results'][0]}</arg>
<arg>${key}</arg>
<doc>Fails if ``key`` is not found from ``dictionary``.</doc>
<status status="PASS" start="2024-08-10T09:15:55.206718" elapsed="0.000381"/>
</kw>
<kw name="Log" owner="BuiltIn">
<msg time="2024-08-10T09:15:55.207627" level="INFO">{'gender': 'female', 'name': {'title': 'Miss', 'first': 'Emily', 'last': 'Collins'}, 'location': {'street': {'number': 1621, 'name': 'Manor Road'}, 'city': 'Athenry', 'state': 'Waterford', 'country': 'Ireland', 'postcode': 69096, 'coordinates': {'latitude': '-0.3883', 'longitude': '116.9647'}, 'timezone': {'offset': '+9:30', 'description': 'Adelaide, Darwin'}}, 'email': 'emily.collins@example.com', 'login': {'uuid': '520e260e-a169-4247-b3e9-4341d68d0a46', 'username': 'organicelephant270', 'password': 'umpire', 'salt': 'fAKjqEBo', 'md5': '60caa7ea1c3498ddd140d89495bef356', 'sha1': '4d3c55974104e64a5c05238b88421c9f96da7e1e', 'sha256': '2e4d4303a8a0d62260b6b04eead86a8315ac265d5512ce21ff996f610a189c93'}, 'dob': {'date': '1958-12-10T06:34:12.313Z', 'age': 65}, 'registered': {'date': '2004-03-29T17:55:52.692Z', 'age': 20}, 'phone': '031-580-6235', 'cell': '081-696-4101', 'id': {'name': 'PPS', 'value': '5306841T'}, 'picture': {'large': 'https://randomuser.me/api/portraits/women/81.jpg', 'medium': 'https://randomuser.me/api/portraits/med/women/81.jpg', 'thumbnail': 'https://randomuser.me/api/portraits/thumb/women/81.jpg'}, 'nat': 'IE'}</msg>
<arg>${json_data['results'][0]}</arg>
<doc>Logs the given message with the given level.</doc>
<status status="PASS" start="2024-08-10T09:15:55.207279" elapsed="0.000426"/>
</kw>
<kw name="Log" owner="BuiltIn">
<msg time="2024-08-10T09:15:55.208125" level="INFO">name</msg>
<arg>${key}</arg>
<doc>Logs the given message with the given level.</doc>
<status status="PASS" start="2024-08-10T09:15:55.207998" elapsed="0.000164"/>
</kw>
<var name="${key}">name</var>
<status status="PASS" start="2024-08-10T09:15:55.206603" elapsed="0.001772"/>
</iter>
<iter>
<kw name="Dictionary Should Contain Key" owner="Collections">
<arg>${json_data['results'][0]}</arg>
<arg>${key}</arg>
<doc>Fails if ``key`` is not found from ``dictionary``.</doc>
<status status="PASS" start="2024-08-10T09:15:55.208656" elapsed="0.000399"/>
</kw>
<kw name="Log" owner="BuiltIn">
<msg time="2024-08-10T09:15:55.209571" level="INFO">{'gender': 'female', 'name': {'title': 'Miss', 'first': 'Emily', 'last': 'Collins'}, 'location': {'street': {'number': 1621, 'name': 'Manor Road'}, 'city': 'Athenry', 'state': 'Waterford', 'country': 'Ireland', 'postcode': 69096, 'coordinates': {'latitude': '-0.3883', 'longitude': '116.9647'}, 'timezone': {'offset': '+9:30', 'description': 'Adelaide, Darwin'}}, 'email': 'emily.collins@example.com', 'login': {'uuid': '520e260e-a169-4247-b3e9-4341d68d0a46', 'username': 'organicelephant270', 'password': 'umpire', 'salt': 'fAKjqEBo', 'md5': '60caa7ea1c3498ddd140d89495bef356', 'sha1': '4d3c55974104e64a5c05238b88421c9f96da7e1e', 'sha256': '2e4d4303a8a0d62260b6b04eead86a8315ac265d5512ce21ff996f610a189c93'}, 'dob': {'date': '1958-12-10T06:34:12.313Z', 'age': 65}, 'registered': {'date': '2004-03-29T17:55:52.692Z', 'age': 20}, 'phone': '031-580-6235', 'cell': '081-696-4101', 'id': {'name': 'PPS', 'value': '5306841T'}, 'picture': {'large': 'https://randomuser.me/api/portraits/women/81.jpg', 'medium': 'https://randomuser.me/api/portraits/med/women/81.jpg', 'thumbnail': 'https://randomuser.me/api/portraits/thumb/women/81.jpg'}, 'nat': 'IE'}</msg>
<arg>${json_data['results'][0]}</arg>
<doc>Logs the given message with the given level.</doc>
<status status="PASS" start="2024-08-10T09:15:55.209232" elapsed="0.000384"/>
</kw>
<kw name="Log" owner="BuiltIn">
<msg time="2024-08-10T09:15:55.210039" level="INFO">location</msg>
<arg>${key}</arg>
<doc>Logs the given message with the given level.</doc>
<status status="PASS" start="2024-08-10T09:15:55.209913" elapsed="0.000162"/>
</kw>
<var name="${key}">location</var>
<status status="PASS" start="2024-08-10T09:15:55.208549" elapsed="0.001738"/>
</iter>
<iter>
<kw name="Dictionary Should Contain Key" owner="Collections">
<arg>${json_data['results'][0]}</arg>
<arg>${key}</arg>
<doc>Fails if ``key`` is not found from ``dictionary``.</doc>
<status status="PASS" start="2024-08-10T09:15:55.210563" elapsed="0.000379"/>
</kw>
<kw name="Log" owner="BuiltIn">
<msg time="2024-08-10T09:15:55.211580" level="INFO">{'gender': 'female', 'name': {'title': 'Miss', 'first': 'Emily', 'last': 'Collins'}, 'location': {'street': {'number': 1621, 'name': 'Manor Road'}, 'city': 'Athenry', 'state': 'Waterford', 'country': 'Ireland', 'postcode': 69096, 'coordinates': {'latitude': '-0.3883', 'longitude': '116.9647'}, 'timezone': {'offset': '+9:30', 'description': 'Adelaide, Darwin'}}, 'email': 'emily.collins@example.com', 'login': {'uuid': '520e260e-a169-4247-b3e9-4341d68d0a46', 'username': 'organicelephant270', 'password': 'umpire', 'salt': 'fAKjqEBo', 'md5': '60caa7ea1c3498ddd140d89495bef356', 'sha1': '4d3c55974104e64a5c05238b88421c9f96da7e1e', 'sha256': '2e4d4303a8a0d62260b6b04eead86a8315ac265d5512ce21ff996f610a189c93'}, 'dob': {'date': '1958-12-10T06:34:12.313Z', 'age': 65}, 'registered': {'date': '2004-03-29T17:55:52.692Z', 'age': 20}, 'phone': '031-580-6235', 'cell': '081-696-4101', 'id': {'name': 'PPS', 'value': '5306841T'}, 'picture': {'large': 'https://randomuser.me/api/portraits/women/81.jpg', 'medium': 'https://randomuser.me/api/portraits/med/women/81.jpg', 'thumbnail': 'https://randomuser.me/api/portraits/thumb/women/81.jpg'}, 'nat': 'IE'}</msg>
<arg>${json_data['results'][0]}</arg>
<doc>Logs the given message with the given level.</doc>
<status status="PASS" start="2024-08-10T09:15:55.211229" elapsed="0.000399"/>
</kw>
<kw name="Log" owner="BuiltIn">
<msg time="2024-08-10T09:15:55.212079" level="INFO">email</msg>
<arg>${key}</arg>
<doc>Logs the given message with the given level.</doc>
<status status="PASS" start="2024-08-10T09:15:55.211946" elapsed="0.000171"/>
</kw>
<var name="${key}">email</var>
<status status="PASS" start="2024-08-10T09:15:55.210456" elapsed="0.001876"/>
</iter>
<iter>
<kw name="Dictionary Should Contain Key" owner="Collections">
<arg>${json_data['results'][0]}</arg>
<arg>${key}</arg>
<doc>Fails if ``key`` is not found from ``dictionary``.</doc>
<status status="PASS" start="2024-08-10T09:15:55.212620" elapsed="0.000394"/>
</kw>
<kw name="Log" owner="BuiltIn">
<msg time="2024-08-10T09:15:55.213535" level="INFO">{'gender': 'female', 'name': {'title': 'Miss', 'first': 'Emily', 'last': 'Collins'}, 'location': {'street': {'number': 1621, 'name': 'Manor Road'}, 'city': 'Athenry', 'state': 'Waterford', 'country': 'Ireland', 'postcode': 69096, 'coordinates': {'latitude': '-0.3883', 'longitude': '116.9647'}, 'timezone': {'offset': '+9:30', 'description': 'Adelaide, Darwin'}}, 'email': 'emily.collins@example.com', 'login': {'uuid': '520e260e-a169-4247-b3e9-4341d68d0a46', 'username': 'organicelephant270', 'password': 'umpire', 'salt': 'fAKjqEBo', 'md5': '60caa7ea1c3498ddd140d89495bef356', 'sha1': '4d3c55974104e64a5c05238b88421c9f96da7e1e', 'sha256': '2e4d4303a8a0d62260b6b04eead86a8315ac265d5512ce21ff996f610a189c93'}, 'dob': {'date': '1958-12-10T06:34:12.313Z', 'age': 65}, 'registered': {'date': '2004-03-29T17:55:52.692Z', 'age': 20}, 'phone': '031-580-6235', 'cell': '081-696-4101', 'id': {'name': 'PPS', 'value': '5306841T'}, 'picture': {'large': 'https://randomuser.me/api/portraits/women/81.jpg', 'medium': 'https://randomuser.me/api/portraits/med/women/81.jpg', 'thumbnail': 'https://randomuser.me/api/portraits/thumb/women/81.jpg'}, 'nat': 'IE'}</msg>
<arg>${json_data['results'][0]}</arg>
<doc>Logs the given message with the given level.</doc>
<status status="PASS" start="2024-08-10T09:15:55.213190" elapsed="0.000391"/>
</kw>
<kw name="Log" owner="BuiltIn">
<msg time="2024-08-10T09:15:55.213997" level="INFO">login</msg>
<arg>${key}</arg>
<doc>Logs the given message with the given level.</doc>
<status status="PASS" start="2024-08-10T09:15:55.213870" elapsed="0.000163"/>
</kw>
<var name="${key}">login</var>
<status status="PASS" start="2024-08-10T09:15:55.212511" elapsed="0.001734"/>
</iter>
<var>${key}</var>
<value>@{expected_keys}</value>
<status status="PASS" start="2024-08-10T09:15:55.204430" elapsed="0.009933"/>
</for>
<kw name="Create List" owner="BuiltIn">
<msg time="2024-08-10T09:15:55.214684" level="INFO">${expected_keysTwo} = ['username', 'password']</msg>
<var>${expected_keysTwo}</var>
<arg>username</arg>
<arg>password</arg>
<doc>Returns a list containing given items.</doc>
<status status="PASS" start="2024-08-10T09:15:55.214550" elapsed="0.000157"/>
</kw>
<for flavor="IN">
<iter>
<kw name="Dictionary Should Contain Key" owner="Collections">
<arg>${json_data['results'][0]['login']}</arg>
<arg>${keyTwo}</arg>
<doc>Fails if ``key`` is not found from ``dictionary``.</doc>
<status status="PASS" start="2024-08-10T09:15:55.215230" elapsed="0.000384"/>
</kw>
<kw name="Dictionary Should Contain Key" owner="Collections">
<arg>${json_data['results'][0]['login']}</arg>
<arg>${keyTwo}</arg>
<doc>Fails if ``key`` is not found from ``dictionary``.</doc>
<status status="PASS" start="2024-08-10T09:15:55.215792" elapsed="0.000361"/>
</kw>
<kw name="Log" owner="BuiltIn">
<msg time="2024-08-10T09:15:55.216443" level="INFO">username</msg>
<arg>${keyTwo}</arg>
<doc>Logs the given message with the given level.</doc>
<status status="PASS" start="2024-08-10T09:15:55.216326" elapsed="0.000153"/>
</kw>
<var name="${keyTwo}">username</var>
<status status="PASS" start="2024-08-10T09:15:55.215124" elapsed="0.001569"/>
</iter>
<iter>
<kw name="Dictionary Should Contain Key" owner="Collections">
<arg>${json_data['results'][0]['login']}</arg>
<arg>${keyTwo}</arg>
<doc>Fails if ``key`` is not found from ``dictionary``.</doc>
<status status="PASS" start="2024-08-10T09:15:55.216991" elapsed="0.000382"/>
</kw>
<kw name="Dictionary Should Contain Key" owner="Collections">
<arg>${json_data['results'][0]['login']}</arg>
<arg>${keyTwo}</arg>
<doc>Fails if ``key`` is not found from ``dictionary``.</doc>
<status status="PASS" start="2024-08-10T09:15:55.217551" elapsed="0.000363"/>
</kw>
<kw name="Log" owner="BuiltIn">
<msg time="2024-08-10T09:15:55.218207" level="INFO">password</msg>
<arg>${keyTwo}</arg>
<doc>Logs the given message with the given level.</doc>
<status status="PASS" start="2024-08-10T09:15:55.218089" elapsed="0.000154"/>
</kw>
<var name="${keyTwo}">password</var>
<status status="PASS" start="2024-08-10T09:15:55.216885" elapsed="0.001576"/>
</iter>
<var>${keyTwo}</var>
<value>@{expected_keysTwo}</value>
<status status="PASS" start="2024-08-10T09:15:55.214971" elapsed="0.003611"/>
</for>
<status status="PASS" start="2024-08-10T09:15:55.098848" elapsed="0.119872"/>
</kw>
<doc>Testa a estrutura da resposta da API.</doc>
<tag>testeEstruturaResposta</tag>
<status status="PASS" start="2024-08-10T09:15:55.098081" elapsed="0.120785"/>
</test>
<test id="s1-s1-t4" name="Validar tipos de dados" line="28">
<kw name="Teste de Tipos de Dados" owner="random-user-service">
<kw name="GET On Session" owner="RequestsLibrary">
<msg time="2024-08-10T09:15:55.295975" level="INFO">GET Request : url=https://randomuser.me/api 
 path_url=/api 
 headers={'User-Agent': 'python-requests/2.32.3', 'Accept-Encoding': 'gzip, deflate', 'Accept': '*/*', 'Connection': 'keep-alive'} 
 body=None 
 </msg>
<msg time="2024-08-10T09:15:55.296054" level="INFO">GET Response : url=https://randomuser.me/api 
 status=200, reason=OK 
 headers={'Date': 'Sat, 10 Aug 2024 09:15:55 GMT', 'Content-Type': 'application/json; charset=utf-8', 'Transfer-Encoding': 'chunked', 'Connection': 'keep-alive', 'X-Powered-By': 'Express', 'Access-Control-Allow-Origin': '*', 'Cache-Control': 'no-cache', 'ETag': 'W/"48c-NgzYujYtW7+naRODRwemp5KtoTc"', 'Vary': 'Accept-Encoding', 'Content-Encoding': 'gzip', 'CF-Cache-Status': 'DYNAMIC', 'Report-To': '{"endpoints":[{"url":"https:\\/\\/a.nel.cloudflare.com\\/report\\/v4?s=qEp9FCEPebdqWweDQQidXdCsuBGPC70T5YOVCZ1frmDCwc1RUUeLip0Xf%2BeGUW%2BJBcMsRghMZDkl6nGqNBOKCxuM3%2FuCIaxMeCjXWtu2lvj1hHVmP737VEiKVCq85Xe8"}],"group":"cf-nel","max_age":604800}', 'NEL': '{"success_fraction":0,"report_to":"cf-nel","max_age":604800}', 'Server': 'cloudflare', 'CF-RAY': '8b0ee2562b9272ed-IAD', 'alt-svc': 'h3=":443"; ma=86400'} 
 body={"results":[{"gender":"female","name":{"title":"Ms","first":"Sadie","last":"Thompson"},"location":{"street":{"number":4731,"name":"Brougham Street"},"city":"Auckland","state":"Southland","country":"New Zealand","postcode":77431,"coordinates":{"latitude":"50.2731","longitude":"84.4745"},"timezone":{"offset":"+2:00","description":"Kaliningrad, South Africa"}},"email":"sadie.thompson@example.com","login":{"uuid":"dbd8710a-bd13-421b-84dd-aab1ef236407","username":"ticklishmouse666","password":"spurs","salt":"1gmkfTbs","md5":"182e893b640b07f51160995f981143dd","sha1":"4e5eb41bb41f716d507732be40357de369c74188","sha256":"9300e73367a9b2c5b58cf0166b47f2de896a224ab0aa06d31e2ebc7a563a2238"},"dob":{"date":"1985-07-06T09:25:28.370Z","age":39},"registered":{"date":"2003-10-19T01:51:12.327Z","age":20},"phone":"(911)-330-4323","cell":"(151)-913-3436","id":{"name":"","value":null},"picture":{"large":"https://randomuser.me/api/portraits/women/87.jpg","medium":"https://randomuser.me/api/portraits/med/women/87.jpg","thumbnail":"https://randomuser.me/api/portraits/thumb/women/87.jpg"},"nat":"NZ"}],"info":{"seed":"6bf01593d1c5f4f5","results":1,"page":1,"version":"1.4"}} 
 </msg>
<msg time="2024-08-10T09:15:55.296121" level="INFO">/opt/hostedtoolcache/Python/3.12.4/x64/lib/python3.12/site-packages/urllib3/connectionpool.py:1099: InsecureRequestWarning: Unverified HTTPS request is being made to host 'randomuser.me'. Adding certificate verification is strongly advised. See: https://urllib3.readthedocs.io/en/latest/advanced-usage.html#tls-warnings
  warnings.warn(</msg>
<msg time="2024-08-10T09:15:55.296248" level="INFO">${response} = &lt;Response [200]&gt;</msg>
<var>${response}</var>
<arg>consultarAPI</arg>
<arg>/api</arg>
<doc>Sends a GET request on a previously created HTTP Session.</doc>
<status status="PASS" start="2024-08-10T09:15:55.221267" elapsed="0.075028"/>
</kw>
<kw name="Set Variable" owner="BuiltIn">
<msg time="2024-08-10T09:15:55.297294" level="INFO">${json_data} = {'results': [{'gender': 'female', 'name': {'title': 'Ms', 'first': 'Sadie', 'last': 'Thompson'}, 'location': {'street': {'number': 4731, 'name': 'Brougham Street'}, 'city': 'Auckland', 'state': 'South...</msg>
<var>${json_data}</var>
<arg>${response.json()}</arg>
<doc>Returns the given values which can then be assigned to a variables.</doc>
<status status="PASS" start="2024-08-10T09:15:55.296739" elapsed="0.000583"/>
</kw>
<kw name="Log" owner="BuiltIn">
<msg time="2024-08-10T09:15:55.297772" level="INFO">{'results': [{'gender': 'female', 'name': {'title': 'Ms', 'first': 'Sadie', 'last': 'Thompson'}, 'location': {'street': {'number': 4731, 'name': 'Brougham Street'}, 'city': 'Auckland', 'state': 'Southland', 'country': 'New Zealand', 'postcode': 77431, 'coordinates': {'latitude': '50.2731', 'longitude': '84.4745'}, 'timezone': {'offset': '+2:00', 'description': 'Kaliningrad, South Africa'}}, 'email': 'sadie.thompson@example.com', 'login': {'uuid': 'dbd8710a-bd13-421b-84dd-aab1ef236407', 'username': 'ticklishmouse666', 'password': 'spurs', 'salt': '1gmkfTbs', 'md5': '182e893b640b07f51160995f981143dd', 'sha1': '4e5eb41bb41f716d507732be40357de369c74188', 'sha256': '9300e73367a9b2c5b58cf0166b47f2de896a224ab0aa06d31e2ebc7a563a2238'}, 'dob': {'date': '1985-07-06T09:25:28.370Z', 'age': 39}, 'registered': {'date': '2003-10-19T01:51:12.327Z', 'age': 20}, 'phone': '(911)-330-4323', 'cell': '(151)-913-3436', 'id': {'name': '', 'value': None}, 'picture': {'large': 'https://randomuser.me/api/portraits/women/87.jpg', 'medium': 'https://randomuser.me/api/portraits/med/women/87.jpg', 'thumbnail': 'https://randomuser.me/api/portraits/thumb/women/87.jpg'}, 'nat': 'NZ'}], 'info': {'seed': '6bf01593d1c5f4f5', 'results': 1, 'page': 1, 'version': '1.4'}}</msg>
<arg>${json_data}</arg>
<doc>Logs the given message with the given level.</doc>
<status status="PASS" start="2024-08-10T09:15:55.297621" elapsed="0.000197"/>
</kw>
<kw name="Should Be String" owner="String">
<arg>${json_data['results'][0]['gender']}</arg>
<doc>Fails if the given ``item`` is not a string.</doc>
<status status="PASS" start="2024-08-10T09:15:55.298105" elapsed="0.000359"/>
</kw>
<kw name="Should Match Regexp" owner="BuiltIn">
<arg>${json_data['results'][0]['email']}</arg>
<arg>^[a-zA-Z0-9._%+-]+@[a-zA-Z0-9.-]+\.[a-zA-Z]{2,}$</arg>
<doc>Fails if ``string`` does not match ``pattern`` as a regular expression.</doc>
<status status="PASS" start="2024-08-10T09:15:55.298657" elapsed="0.000508"/>
</kw>
<kw name="Should Match Regexp" owner="BuiltIn">
<arg>${json_data['results'][0]['dob']['date']}</arg>
<arg>\\d{4}-\\d{2}-\\d{2}T\\d{2}:\\d{2}:\\d{2}\\.\\d{3}Z</arg>
<doc>Fails if ``string`` does not match ``pattern`` as a regular expression.</doc>
<status status="PASS" start="2024-08-10T09:15:55.299393" elapsed="0.000603"/>
</kw>
<kw name="Should Match Regexp" owner="BuiltIn">
<arg>${json_data['results'][0]['registered']['date']}</arg>
<arg>\\d{4}-\\d{2}-\\d{2}T\\d{2}:\\d{2}:\\d{2}\\.\\d{3}Z</arg>
<doc>Fails if ``string`` does not match ``pattern`` as a regular expression.</doc>
<status status="PASS" start="2024-08-10T09:15:55.300189" elapsed="0.000368"/>
</kw>
<kw name="Should Match Regexp" owner="BuiltIn">
<arg>${json_data['results'][0]['picture']['large']}</arg>
<arg>^https?://.*\.(?:png|jpe?g|gif|bmp)$</arg>
<doc>Fails if ``string`` does not match ``pattern`` as a regular expression.</doc>
<status status="PASS" start="2024-08-10T09:15:55.300740" elapsed="0.000489"/>
</kw>
<kw name="Should Match Regexp" owner="BuiltIn">
<arg>${json_data['results'][0]['picture']['medium']}</arg>
<arg>^https?://.*\.(?:png|jpe?g|gif|bmp)$</arg>
<doc>Fails if ``string`` does not match ``pattern`` as a regular expression.</doc>
<status status="PASS" start="2024-08-10T09:15:55.301416" elapsed="0.000357"/>
</kw>
<kw name="Should Match Regexp" owner="BuiltIn">
<arg>${json_data['results'][0]['picture']['thumbnail']}</arg>
<arg>^https?://.*\.(?:png|jpe?g|gif|bmp)$</arg>
<doc>Fails if ``string`` does not match ``pattern`` as a regular expression.</doc>
<status status="PASS" start="2024-08-10T09:15:55.301955" elapsed="0.000354"/>
</kw>
<kw name="Log" owner="BuiltIn">
<msg time="2024-08-10T09:15:55.302810" level="INFO">{'large': 'https://randomuser.me/api/portraits/women/87.jpg', 'medium': 'https://randomuser.me/api/portraits/med/women/87.jpg', 'thumbnail': 'https://randomuser.me/api/portraits/thumb/women/87.jpg'}</msg>
<arg>${json_data['results'][0]['picture']}</arg>
<doc>Logs the given message with the given level.</doc>
<status status="PASS" start="2024-08-10T09:15:55.302488" elapsed="0.000365"/>
</kw>
<status status="PASS" start="2024-08-10T09:15:55.221049" elapsed="0.082056"/>
</kw>
<kw name="Teste de Tipos de Dados - Postcode" owner="random-user-service">
<kw name="GET On Session" owner="RequestsLibrary">
<msg time="2024-08-10T09:15:55.393465" level="INFO">GET Request : url=https://randomuser.me/api 
 path_url=/api 
 headers={'User-Agent': 'python-requests/2.32.3', 'Accept-Encoding': 'gzip, deflate', 'Accept': '*/*', 'Connection': 'keep-alive'} 
 body=None 
 </msg>
<msg time="2024-08-10T09:15:55.393541" level="INFO">GET Response : url=https://randomuser.me/api 
 status=200, reason=OK 
 headers={'Date': 'Sat, 10 Aug 2024 09:15:55 GMT', 'Content-Type': 'application/json; charset=utf-8', 'Transfer-Encoding': 'chunked', 'Connection': 'keep-alive', 'X-Powered-By': 'Express', 'Access-Control-Allow-Origin': '*', 'Cache-Control': 'no-cache', 'ETag': 'W/"477-S9+XpZGftS/0GtzMm/uvEfrw9mI"', 'Vary': 'Accept-Encoding', 'Content-Encoding': 'gzip', 'CF-Cache-Status': 'DYNAMIC', 'Report-To': '{"endpoints":[{"url":"https:\\/\\/a.nel.cloudflare.com\\/report\\/v4?s=urqD6e19XaX1inHlN%2FbJn%2BQ%2FLa6cq%2BUkq%2FBhMLKRvKzxHFq4lIiqdpCz0at%2FZIeTVADLSRESo2FR6ArtqoD5oyn8ZVLjECSFxkkjm7aaqXMoxupTVpMumtwP4ULD1wcy"}],"group":"cf-nel","max_age":604800}', 'NEL': '{"success_fraction":0,"report_to":"cf-nel","max_age":604800}', 'Server': 'cloudflare', 'CF-RAY': '8b0ee256abf772ed-IAD', 'alt-svc': 'h3=":443"; ma=86400'} 
 body={"results":[{"gender":"male","name":{"title":"Mr","first":"Bratislav","last":"Drozd"},"location":{"street":{"number":554,"name":"Mikoli Ievshana"},"city":"P'yatihatki","state":"Ivano-Frankivska","country":"Ukraine","postcode":50535,"coordinates":{"latitude":"78.7022","longitude":"-36.0986"},"timezone":{"offset":"+5:45","description":"Kathmandu"}},"email":"bratislav.drozd@example.com","login":{"uuid":"14b03b57-3398-454f-b9cc-19b185efc5ed","username":"smallrabbit177","password":"magnum","salt":"mlKGvs8o","md5":"d88b8fc368abd9050d3ea335f1f6f1fd","sha1":"2be6030354000fb885f775dd48e916a34293b3c9","sha256":"f3a4d4bcd0f3eeb62917723ed7eabe2ca717cb48c58d6d71db11bd06279fd09c"},"dob":{"date":"1979-10-22T12:55:24.774Z","age":44},"registered":{"date":"2016-08-13T07:19:09.896Z","age":7},"phone":"(096) I89-7388","cell":"(099) Q32-8413","id":{"name":"","value":null},"picture":{"large":"https://randomuser.me/api/portraits/men/6.jpg","medium":"https://randomuser.me/api/portraits/med/men/6.jpg","thumbnail":"https://randomuser.me/api/portraits/thumb/men/6.jpg"},"nat":"UA"}],"info":{"seed":"326ee046fb6d406b","results":1,"page":1,"version":"1.4"}} 
 </msg>
<msg time="2024-08-10T09:15:55.393606" level="INFO">/opt/hostedtoolcache/Python/3.12.4/x64/lib/python3.12/site-packages/urllib3/connectionpool.py:1099: InsecureRequestWarning: Unverified HTTPS request is being made to host 'randomuser.me'. Adding certificate verification is strongly advised. See: https://urllib3.readthedocs.io/en/latest/advanced-usage.html#tls-warnings
  warnings.warn(</msg>
<msg time="2024-08-10T09:15:55.393732" level="INFO">${response} = &lt;Response [200]&gt;</msg>
<var>${response}</var>
<arg>consultarAPI</arg>
<arg>/api</arg>
<doc>Sends a GET request on a previously created HTTP Session.</doc>
<status status="PASS" start="2024-08-10T09:15:55.303541" elapsed="0.090231"/>
</kw>
<kw name="Set Variable" owner="BuiltIn">
<msg time="2024-08-10T09:15:55.394553" level="INFO">${json_data} = {'results': [{'gender': 'male', 'name': {'title': 'Mr', 'first': 'Bratislav', 'last': 'Drozd'}, 'location': {'street': {'number': 554, 'name': 'Mikoli Ievshana'}, 'city': "P'yatihatki", 'state': 'Ivan...</msg>
<var>${json_data}</var>
<arg>${response.json()}</arg>
<doc>Returns the given values which can then be assigned to a variables.</doc>
<status status="PASS" start="2024-08-10T09:15:55.394113" elapsed="0.000468"/>
</kw>
<kw name="Log" owner="BuiltIn">
<msg time="2024-08-10T09:15:55.395030" level="INFO">{'results': [{'gender': 'male', 'name': {'title': 'Mr', 'first': 'Bratislav', 'last': 'Drozd'}, 'location': {'street': {'number': 554, 'name': 'Mikoli Ievshana'}, 'city': "P'yatihatki", 'state': 'Ivano-Frankivska', 'country': 'Ukraine', 'postcode': 50535, 'coordinates': {'latitude': '78.7022', 'longitude': '-36.0986'}, 'timezone': {'offset': '+5:45', 'description': 'Kathmandu'}}, 'email': 'bratislav.drozd@example.com', 'login': {'uuid': '14b03b57-3398-454f-b9cc-19b185efc5ed', 'username': 'smallrabbit177', 'password': 'magnum', 'salt': 'mlKGvs8o', 'md5': 'd88b8fc368abd9050d3ea335f1f6f1fd', 'sha1': '2be6030354000fb885f775dd48e916a34293b3c9', 'sha256': 'f3a4d4bcd0f3eeb62917723ed7eabe2ca717cb48c58d6d71db11bd06279fd09c'}, 'dob': {'date': '1979-10-22T12:55:24.774Z', 'age': 44}, 'registered': {'date': '2016-08-13T07:19:09.896Z', 'age': 7}, 'phone': '(096) I89-7388', 'cell': '(099) Q32-8413', 'id': {'name': '', 'value': None}, 'picture': {'large': 'https://randomuser.me/api/portraits/men/6.jpg', 'medium': 'https://randomuser.me/api/portraits/med/men/6.jpg', 'thumbnail': 'https://randomuser.me/api/portraits/thumb/men/6.jpg'}, 'nat': 'UA'}], 'info': {'seed': '326ee046fb6d406b', 'results': 1, 'page': 1, 'version': '1.4'}}</msg>
<arg>${json_data}</arg>
<doc>Logs the given message with the given level.</doc>
<status status="PASS" start="2024-08-10T09:15:55.394878" elapsed="0.000197"/>
</kw>
<kw name="Should Be Equal As Numbers" owner="BuiltIn">
<arg>${json_data['results'][0]['location']['postcode']}</arg>
<arg>${json_data['results'][0]['location']['postcode']}</arg>
<doc>Fails if objects are unequal after converting them to real numbers.</doc>
<status status="PASS" start="2024-08-10T09:15:55.395361" elapsed="0.000615"/>
</kw>
<kw name="Log" owner="BuiltIn">
<msg time="2024-08-10T09:15:55.396498" level="INFO">50535</msg>
<arg>${json_data['results'][0]['location']['postcode']}</arg>
<doc>Logs the given message with the given level.</doc>
<status status="PASS" start="2024-08-10T09:15:55.396163" elapsed="0.000375"/>
</kw>
<status status="PASS" start="2024-08-10T09:15:55.303322" elapsed="0.093530"/>
</kw>
<doc>Testa se os tipos de dados na resposta da API estão corretos.</doc>
<tag>testeTiposDados</tag>
<status status="PASS" start="2024-08-10T09:15:55.220593" elapsed="0.176431"/>
</test>
<test id="s1-s1-t5" name="Validar conteudo" line="35">
<kw name="Teste de Tipos de Conteudo" owner="random-user-service">
<kw name="GET On Session" owner="RequestsLibrary">
<msg time="2024-08-10T09:15:55.489094" level="INFO">GET Request : url=https://randomuser.me/api 
 path_url=/api 
 headers={'User-Agent': 'python-requests/2.32.3', 'Accept-Encoding': 'gzip, deflate', 'Accept': '*/*', 'Connection': 'keep-alive'} 
 body=None 
 </msg>
<msg time="2024-08-10T09:15:55.489158" level="INFO">GET Response : url=https://randomuser.me/api 
 status=200, reason=OK 
 headers={'Date': 'Sat, 10 Aug 2024 09:15:55 GMT', 'Content-Type': 'application/json; charset=utf-8', 'Transfer-Encoding': 'chunked', 'Connection': 'keep-alive', 'X-Powered-By': 'Express', 'Access-Control-Allow-Origin': '*', 'Cache-Control': 'no-cache', 'ETag': 'W/"4af-Ie7hj9QI7PGFSwdkF6w+v8Nf44w"', 'Vary': 'Accept-Encoding', 'Content-Encoding': 'gzip', 'CF-Cache-Status': 'DYNAMIC', 'Report-To': '{"endpoints":[{"url":"https:\\/\\/a.nel.cloudflare.com\\/report\\/v4?s=Zjkj33WEtpbD3Lr7bI5WP7NBHe9sYqYJfq279gfdfRdo0M8QkCys%2By0R2yUy5G%2FCdg11EJVnJnRV%2Fmi3sgcv8A4hjjvjHdRQwd%2BsE6F9n0ikBBumBBLaxKViYzrCfmPj"}],"group":"cf-nel","max_age":604800}', 'NEL': '{"success_fraction":0,"report_to":"cf-nel","max_age":604800}', 'Server': 'cloudflare', 'CF-RAY': '8b0ee2574c4a72ed-IAD', 'alt-svc': 'h3=":443"; ma=86400'} 
 body={"results":[{"gender":"male","name":{"title":"Mr","first":"Leonard","last":"Pollak"},"location":{"street":{"number":5713,"name":"Schützenstraße"},"city":"Erlangen-Höchstadt","state":"Rheinland-Pfalz","country":"Germany","postcode":42530,"coordinates":{"latitude":"-53.4438","longitude":"-77.3346"},"timezone":{"offset":"+8:00","description":"Beijing, Perth, Singapore, Hong Kong"}},"email":"leonard.pollak@example.com","login":{"uuid":"aad9e3a5-47fe-4503-85da-8df6a023548a","username":"ticklishostrich571","password":"eastern","salt":"pC74vamG","md5":"41aead147c12a403aed8ab313cee5867","sha1":"49752c7c227f6a07e51c1910ab987177584b0be7","sha256":"44669a5cadc42f869c43c0af1203bc7b88184ced3013b6470dbf2548e64502af"},"dob":{"date":"1992-04-21T09:27:39.182Z","age":32},"registered":{"date":"2022-01-03T07:57:52.306Z","age":2},"phone":"0601-2325602","cell":"0179-6302837","id":{"name":"SVNR","value":"28 210492 P 312"},"picture":{"large":"https://randomuser.me/api/portraits/men/37.jpg","medium":"https://randomuser.me/api/portraits/med/men/37.jpg","thumbnail":"https://randomuser.me/api/portraits/thumb/men/37.jpg"},"nat":"DE"}],"info":{"seed":"1e8444740e5297e9","results":1,"page":1,"version":"1.4"}} 
 </msg>
<msg time="2024-08-10T09:15:55.489214" level="INFO">/opt/hostedtoolcache/Python/3.12.4/x64/lib/python3.12/site-packages/urllib3/connectionpool.py:1099: InsecureRequestWarning: Unverified HTTPS request is being made to host 'randomuser.me'. Adding certificate verification is strongly advised. See: https://urllib3.readthedocs.io/en/latest/advanced-usage.html#tls-warnings
  warnings.warn(</msg>
<msg time="2024-08-10T09:15:55.489320" level="INFO">${response} = &lt;Response [200]&gt;</msg>
<var>${response}</var>
<arg>consultarAPI</arg>
<arg>/api</arg>
<doc>Sends a GET request on a previously created HTTP Session.</doc>
<status status="PASS" start="2024-08-10T09:15:55.399773" elapsed="0.089588"/>
</kw>
<kw name="Set Variable" owner="BuiltIn">
<msg time="2024-08-10T09:15:55.490174" level="INFO">${json_data} = {'results': [{'gender': 'male', 'name': {'title': 'Mr', 'first': 'Leonard', 'last': 'Pollak'}, 'location': {'street': {'number': 5713, 'name': 'Schützenstraße'}, 'city': 'Erlangen-Höchstadt', 'state':...</msg>
<var>${json_data}</var>
<arg>${response.json()}</arg>
<doc>Returns the given values which can then be assigned to a variables.</doc>
<status status="PASS" start="2024-08-10T09:15:55.489711" elapsed="0.000492"/>
</kw>
<kw name="Set Variable" owner="BuiltIn">
<msg time="2024-08-10T09:15:55.490880" level="INFO">${name_title} = Mr</msg>
<var>${name_title}</var>
<arg>${json_data["results"][0]["name"]["title"]}</arg>
<doc>Returns the given values which can then be assigned to a variables.</doc>
<status status="PASS" start="2024-08-10T09:15:55.490501" elapsed="0.000404"/>
</kw>
<kw name="Create List" owner="BuiltIn">
<msg time="2024-08-10T09:15:55.491344" level="INFO">${allowed_titles} = ['Mr', 'Ms', 'Miss', 'Mrs', 'Madame', 'Monsieur']</msg>
<var>${allowed_titles}</var>
<arg>Mr</arg>
<arg>Ms</arg>
<arg>Miss</arg>
<arg>Mrs</arg>
<arg>Madame</arg>
<arg>Monsieur</arg>
<doc>Returns a list containing given items.</doc>
<status status="PASS" start="2024-08-10T09:15:55.491196" elapsed="0.000173"/>
</kw>
<kw name="List Should Contain Value" owner="Collections">
<arg>${allowed_titles}</arg>
<arg>${name_title}</arg>
<doc>Fails if the ``value`` is not found from ``list``.</doc>
<status status="PASS" start="2024-08-10T09:15:55.491662" elapsed="0.000176"/>
</kw>
<kw name="Set Variable" owner="BuiltIn">
<msg time="2024-08-10T09:15:55.492393" level="INFO">${name_country} = DE</msg>
<var>${name_country}</var>
<arg>${json_data["results"][0]["nat"]}</arg>
<doc>Returns the given values which can then be assigned to a variables.</doc>
<status status="PASS" start="2024-08-10T09:15:55.492021" elapsed="0.000396"/>
</kw>
<kw name="Create List" owner="BuiltIn">
<msg time="2024-08-10T09:15:55.493320" level="INFO">${list_country} = ['AD', 'AE', 'AF', 'AG', 'AI', 'AL', 'AM', 'AO', 'AQ', 'AR', 'AS', 'AT', 'AU', 'AW', 'AX', 'AZ', 'BA', 'BB', 'BD', 'BE', 'BF', 'BG', 'BH', 'BI', 'BJ', 'BL', 'BM', 'BN', 'BO', 'BQ', 'BR', 'BS', 'BT', '...</msg>
<var>${list_country}</var>
<arg>AD</arg>
<arg>AE</arg>
<arg>AF</arg>
<arg>AG</arg>
<arg>AI</arg>
<arg>AL</arg>
<arg>AM</arg>
<arg>AO</arg>
<arg>AQ</arg>
<arg>AR</arg>
<arg>AS</arg>
<arg>AT</arg>
<arg>AU</arg>
<arg>AW</arg>
<arg>AX</arg>
<arg>AZ</arg>
<arg>BA</arg>
<arg>BB</arg>
<arg>BD</arg>
<arg>BE</arg>
<arg>BF</arg>
<arg>BG</arg>
<arg>BH</arg>
<arg>BI</arg>
<arg>BJ</arg>
<arg>BL</arg>
<arg>BM</arg>
<arg>BN</arg>
<arg>BO</arg>
<arg>BQ</arg>
<arg>BR</arg>
<arg>BS</arg>
<arg>BT</arg>
<arg>BV</arg>
<arg>BW</arg>
<arg>BY</arg>
<arg>BZ</arg>
<arg>CA</arg>
<arg>CC</arg>
<arg>CD</arg>
<arg>CF</arg>
<arg>CG</arg>
<arg>CH</arg>
<arg>CI</arg>
<arg>CK</arg>
<arg>CL</arg>
<arg>CM</arg>
<arg>CN</arg>
<arg>CO</arg>
<arg>CR</arg>
<arg>CU</arg>
<arg>CV</arg>
<arg>CW</arg>
<arg>CX</arg>
<arg>CY</arg>
<arg>CZ</arg>
<arg>DE</arg>
<arg>DJ</arg>
<arg>DK</arg>
<arg>DM</arg>
<arg>DO</arg>
<arg>DZ</arg>
<arg>EC</arg>
<arg>EE</arg>
<arg>EG</arg>
<arg>EH</arg>
<arg>ER</arg>
<arg>ES</arg>
<arg>ET</arg>
<arg>FI</arg>
<arg>FJ</arg>
<arg>FK</arg>
<arg>FM</arg>
<arg>FO</arg>
<arg>FR</arg>
<arg>GA</arg>
<arg>GB</arg>
<arg>GD</arg>
<arg>GE</arg>
<arg>GF</arg>
<arg>GG</arg>
<arg>GH</arg>
<arg>GI</arg>
<arg>GL</arg>
<arg>GM</arg>
<arg>GN</arg>
<arg>GP</arg>
<arg>GQ</arg>
<arg>GR</arg>
<arg>GS</arg>
<arg>GT</arg>
<arg>GU</arg>
<arg>GW</arg>
<arg>GY</arg>
<arg>HK</arg>
<arg>HM</arg>
<arg>HN</arg>
<arg>HR</arg>
<arg>HT</arg>
<arg>HU</arg>
<arg>ID</arg>
<arg>IE</arg>
<arg>IL</arg>
<arg>IM</arg>
<arg>IN</arg>
<arg>IO</arg>
<arg>IQ</arg>
<arg>IR</arg>
<arg>IS</arg>
<arg>IT</arg>
<arg>JE</arg>
<arg>JM</arg>
<arg>JO</arg>
<arg>JP</arg>
<arg>KE</arg>
<arg>KG</arg>
<arg>KH</arg>
<arg>KI</arg>
<arg>KM</arg>
<arg>KN</arg>
<arg>KP</arg>
<arg>KR</arg>
<arg>KW</arg>
<arg>KY</arg>
<arg>KZ</arg>
<arg>LA</arg>
<arg>LB</arg>
<arg>LC</arg>
<arg>LI</arg>
<arg>LK</arg>
<arg>LR</arg>
<arg>LS</arg>
<arg>LT</arg>
<arg>LU</arg>
<arg>LV</arg>
<arg>LY</arg>
<arg>MA</arg>
<arg>MC</arg>
<arg>MD</arg>
<arg>ME</arg>
<arg>MF</arg>
<arg>MG</arg>
<arg>MH</arg>
<arg>MK</arg>
<arg>ML</arg>
<arg>MM</arg>
<arg>MN</arg>
<arg>MO</arg>
<arg>MP</arg>
<arg>MQ</arg>
<arg>MR</arg>
<arg>MS</arg>
<arg>MT</arg>
<arg>MU</arg>
<arg>MV</arg>
<arg>MW</arg>
<arg>MX</arg>
<arg>MY</arg>
<arg>MZ</arg>
<arg>NA</arg>
<arg>NC</arg>
<arg>NE</arg>
<arg>NF</arg>
<arg>NG</arg>
<arg>NI</arg>
<arg>NL</arg>
<arg>NO</arg>
<arg>NP</arg>
<arg>NR</arg>
<arg>NU</arg>
<arg>NZ</arg>
<arg>OM</arg>
<arg>PA</arg>
<arg>PE</arg>
<arg>PF</arg>
<arg>PG</arg>
<arg>PH</arg>
<arg>PK</arg>
<arg>PL</arg>
<arg>PM</arg>
<arg>PN</arg>
<arg>PR</arg>
<arg>PS</arg>
<arg>PT</arg>
<arg>PW</arg>
<arg>PY</arg>
<arg>QA</arg>
<arg>RE</arg>
<arg>RO</arg>
<arg>RS</arg>
<arg>RU</arg>
<arg>RW</arg>
<arg>SA</arg>
<arg>SB</arg>
<arg>SC</arg>
<arg>SD</arg>
<arg>SE</arg>
<arg>SG</arg>
<arg>SH</arg>
<arg>SI</arg>
<arg>SJ</arg>
<arg>SK</arg>
<arg>SL</arg>
<arg>SM</arg>
<arg>SN</arg>
<arg>SO</arg>
<arg>SR</arg>
<arg>SS</arg>
<arg>ST</arg>
<arg>SV</arg>
<arg>SX</arg>
<arg>SY</arg>
<arg>SZ</arg>
<arg>TC</arg>
<arg>TD</arg>
<arg>TF</arg>
<arg>TG</arg>
<arg>TH</arg>
<arg>TJ</arg>
<arg>TK</arg>
<arg>TL</arg>
<arg>TM</arg>
<arg>TN</arg>
<arg>TO</arg>
<arg>TR</arg>
<arg>TT</arg>
<arg>TV</arg>
<arg>TW</arg>
<arg>TZ</arg>
<arg>UA</arg>
<arg>UG</arg>
<arg>UM</arg>
<arg>US</arg>
<arg>UY</arg>
<arg>UZ</arg>
<arg>VA</arg>
<arg>VC</arg>
<arg>VE</arg>
<arg>VG</arg>
<arg>VI</arg>
<arg>VN</arg>
<arg>VU</arg>
<arg>WF</arg>
<arg>WS</arg>
<arg>XK</arg>
<arg>YE</arg>
<arg>YT</arg>
<arg>ZA</arg>
<arg>ZM</arg>
<arg>ZW</arg>
<doc>Returns a list containing given items.</doc>
<status status="PASS" start="2024-08-10T09:15:55.492704" elapsed="0.000641"/>
</kw>
<kw name="List Should Contain Value" owner="Collections">
<arg>${list_country}</arg>
<arg>${name_country}</arg>
<doc>Fails if the ``value`` is not found from ``list``.</doc>
<status status="PASS" start="2024-08-10T09:15:55.494278" elapsed="0.000208"/>
</kw>
<kw name="Run Keyword If" owner="BuiltIn">
<kw name="Should Be True" owner="BuiltIn">
<arg>${True}</arg>
<doc>Fails if the given condition is not true.</doc>
<status status="PASS" start="2024-08-10T09:15:55.495414" elapsed="0.000141"/>
</kw>
<arg>${json_data["results"][0]["location"]["coordinates"]["latitude"]} &gt;= -90 and ${json_data["results"][0]["location"]["coordinates"]["latitude"]} &lt;= 90</arg>
<arg>Should Be True</arg>
<arg>${True}</arg>
<doc>Runs the given keyword with the given arguments, if ``condition`` is true.</doc>
<status status="PASS" start="2024-08-10T09:15:55.494681" elapsed="0.001000"/>
</kw>
<kw name="Run Keyword If" owner="BuiltIn">
<kw name="Should Be True" owner="BuiltIn">
<arg>${True}</arg>
<doc>Fails if the given condition is not true.</doc>
<status status="PASS" start="2024-08-10T09:15:55.496557" elapsed="0.000135"/>
</kw>
<arg>${json_data["results"][0]["location"]["coordinates"]["longitude"]} &gt;= -180 and ${json_data["results"][0]["location"]["coordinates"]["longitude"]} &lt;= 180</arg>
<arg>Should Be True</arg>
<arg>${True}</arg>
<doc>Runs the given keyword with the given arguments, if ``condition`` is true.</doc>
<status status="PASS" start="2024-08-10T09:15:55.495858" elapsed="0.000974"/>
</kw>
<status status="PASS" start="2024-08-10T09:15:55.399415" elapsed="0.097550"/>
</kw>
<doc>Testa o conteúdo específico dos campos retornados pela API.</doc>
<tag>testeConteudo</tag>
<status status="PASS" start="2024-08-10T09:15:55.398777" elapsed="0.098330"/>
</test>
<status status="PASS" start="2024-08-10T09:15:54.654683" elapsed="0.844292"/>
</suite>
<status status="PASS" start="2024-08-10T09:15:54.639492" elapsed="0.864438"/>
</suite>
<statistics>
<total>
<stat pass="5" fail="0" skip="0">All Tests</stat>
</total>
<tag>
<stat pass="1" fail="0" skip="0">testeConteudo</stat>
<stat pass="1" fail="0" skip="0">testeEstruturaResposta</stat>
<stat pass="1" fail="0" skip="0">testeRequisicaoBasica</stat>
<stat pass="1" fail="0" skip="0">testeTiposDados</stat>
</tag>
<suite>
<stat pass="5" fail="0" skip="0" id="s1" name="Tests">Tests</stat>
<stat pass="5" fail="0" skip="0" id="s1-s1" name="Random-User-Test">Tests.Random-User-Test</stat>
</suite>
</statistics>
<errors>
</errors>
</robot>
