<?xml version="1.0" encoding="UTF-8"?>
<robot generator="Robot 7.0 (Python 3.12.3 on linux)" generated="2024-06-01T20:14:01.750708" rpa="false" schemaversion="5">
<suite id="s1" name="Tests" source="/home/runner/work/ApiRandomUser/ApiRandomUser/RamdonUser/tests">
<suite id="s1-s1" name="Random-User-Test" source="/home/runner/work/ApiRandomUser/ApiRandomUser/RamdonUser/tests/random-user-test.robot">
<test id="s1-s1-t1" name="Conectar" line="13">
<kw name="Conectar API" owner="random-user-service">
<kw name="Create Session" owner="RequestsLibrary">
<msg time="2024-06-01T20:14:02.193507" level="INFO">Creating Session using : alias=consultarAPI, url=https://randomuser.me/, headers={},                     cookies={}, auth=None, timeout=None, proxies=None, verify=False,                     debug=0 </msg>
<arg>consultarAPI</arg>
<arg>${URL}</arg>
<doc>Create Session: create a HTTP session to a server</doc>
<status status="PASS" start="2024-06-01T20:14:02.193301" elapsed="0.000389"/>
</kw>
<status status="PASS" start="2024-06-01T20:14:02.192270" elapsed="0.001802"/>
</kw>
<status status="PASS" start="2024-06-01T20:14:02.191742" elapsed="0.002526"/>
</test>
<test id="s1-s1-t2" name="Validar retorno 200 e JSON Válido" line="16">
<kw name="Teste de Requisicao Basica" owner="random-user-service">
<kw name="GET On Session" owner="RequestsLibrary">
<msg time="2024-06-01T20:14:03.229735" level="INFO">GET Request : url=https://randomuser.me/api 
 path_url=/api 
 headers={'User-Agent': 'python-requests/2.32.3', 'Accept-Encoding': 'gzip, deflate', 'Accept': '*/*', 'Connection': 'keep-alive'} 
 body=None 
 </msg>
<msg time="2024-06-01T20:14:03.229952" level="INFO">GET Response : url=https://randomuser.me/api 
 status=200, reason=OK 
 headers={'Date': 'Sat, 01 Jun 2024 20:14:03 GMT', 'Content-Type': 'application/json; charset=utf-8', 'Transfer-Encoding': 'chunked', 'Connection': 'keep-alive', 'X-Powered-By': 'Express', 'Access-Control-Allow-Origin': '*', 'Cache-Control': 'no-cache', 'ETag': 'W/"471-UCjS6tX34AaqP+k+5AR/J6jqA+0"', 'Vary': 'Accept-Encoding', 'Content-Encoding': 'gzip', 'CF-Cache-Status': 'DYNAMIC', 'Report-To': '{"endpoints":[{"url":"https:\\/\\/a.nel.cloudflare.com\\/report\\/v4?s=nV600fRDwy0R%2Bzt1dvYIboL9pxqY5FRt1xrfZtGHeRlbe3RpX6XCuGZYV6I7nnVEAdMEmaCAmb7b6ht1xeauMLVD1dnCAXH8IRcVKyh%2FKnIQnutQnXg5WOIbdUwUe7kh"}],"group":"cf-nel","max_age":604800}', 'NEL': '{"success_fraction":0,"report_to":"cf-nel","max_age":604800}', 'Server': 'cloudflare', 'CF-RAY': '88d1de20dea029b8-IAD', 'alt-svc': 'h3=":443"; ma=86400'} 
 body={"results":[{"gender":"male","name":{"title":"Mr","first":"Oliver","last":"Johansen"},"location":{"street":{"number":5837,"name":"H.C. Andersens Vej"},"city":"Lundby","state":"Danmark","country":"Denmark","postcode":11395,"coordinates":{"latitude":"-40.7226","longitude":"-70.9443"},"timezone":{"offset":"-3:30","description":"Newfoundland"}},"email":"oliver.johansen@example.com","login":{"uuid":"b4594710-e076-4ea3-8b1e-b09335b8a011","username":"bigtiger729","password":"pulled","salt":"6cEA4MoW","md5":"0304c2d587b7058f71f2c47fa530f307","sha1":"218a4bbb31343a2691eb356eb81edd0041f8d191","sha256":"85ef2f7a0c04c32f13d14a33074e76b49279d4b14f37b2b1add8e69198e92271"},"dob":{"date":"1945-05-03T10:06:47.726Z","age":79},"registered":{"date":"2014-07-21T18:42:41.079Z","age":9},"phone":"23756001","cell":"52057134","id":{"name":"CPR","value":"030545-4446"},"picture":{"large":"https://randomuser.me/api/portraits/men/24.jpg","medium":"https://randomuser.me/api/portraits/med/men/24.jpg","thumbnail":"https://randomuser.me/api/portraits/thumb/men/24.jpg"},"nat":"DK"}],"info":{"seed":"9e7f87ec4650d560","results":1,"page":1,"version":"1.4"}} 
 </msg>
<msg time="2024-06-01T20:14:03.230052" level="INFO">/opt/hostedtoolcache/Python/3.12.3/x64/lib/python3.12/site-packages/urllib3/connectionpool.py:1103: InsecureRequestWarning: Unverified HTTPS request is being made to host 'randomuser.me'. Adding certificate verification is strongly advised. See: https://urllib3.readthedocs.io/en/latest/advanced-usage.html#tls-warnings
  warnings.warn(</msg>
<msg time="2024-06-01T20:14:03.230198" level="INFO">${response} = &lt;Response [200]&gt;</msg>
<var>${response}</var>
<arg>consultarAPI</arg>
<arg>/api</arg>
<doc>Sends a GET request on a previously created HTTP Session.</doc>
<status status="PASS" start="2024-06-01T20:14:02.196936" elapsed="1.033303"/>
</kw>
<kw name="Should Be Equal As Numbers" owner="BuiltIn">
<msg time="2024-06-01T20:14:03.231394" level="INFO">Argument types are:
&lt;class 'int'&gt;
&lt;class 'str'&gt;</msg>
<arg>${response.status_code}</arg>
<arg>200</arg>
<doc>Fails if objects are unequal after converting them to real numbers.</doc>
<status status="PASS" start="2024-06-01T20:14:03.230901" elapsed="0.000564"/>
</kw>
<kw name="Log" owner="BuiltIn">
<msg time="2024-06-01T20:14:03.232189" level="INFO">200</msg>
<arg>${response.status_code}</arg>
<doc>Logs the given message with the given level.</doc>
<status status="PASS" start="2024-06-01T20:14:03.231836" elapsed="0.000403"/>
</kw>
<kw name="Set Variable" owner="BuiltIn">
<msg time="2024-06-01T20:14:03.232984" level="INFO">${json_data} = {'results': [{'gender': 'male', 'name': {'title': 'Mr', 'first': 'Oliver', 'last': 'Johansen'}, 'location': {'street': {'number': 5837, 'name': 'H.C. Andersens Vej'}, 'city': 'Lundby', 'state': 'Danma...</msg>
<var>${json_data}</var>
<arg>${response.json()}</arg>
<doc>Returns the given values which can then be assigned to a variables.</doc>
<status status="PASS" start="2024-06-01T20:14:03.232548" elapsed="0.000464"/>
</kw>
<kw name="Dictionary Should Contain Key" owner="Collections">
<msg time="2024-06-01T20:14:03.233489" level="INFO">False</msg>
<arg>${json_data}</arg>
<arg>results</arg>
<doc>Fails if ``key`` is not found from ``dictionary``.</doc>
<status status="PASS" start="2024-06-01T20:14:03.233311" elapsed="0.000377"/>
</kw>
<status status="PASS" start="2024-06-01T20:14:02.196677" elapsed="1.037324"/>
</kw>
<doc>Testa se a API responde corretamente e retorna um objeto JSON válido.</doc>
<tag>testeRequisicaoBasica</tag>
<status status="PASS" start="2024-06-01T20:14:02.196139" elapsed="1.038059"/>
</test>
<test id="s1-s1-t3" name="Validar estrutura de resposta" line="22">
<kw name="Teste de Estrutura de Resposta" owner="random-user-service">
<kw name="GET On Session" owner="RequestsLibrary">
<msg time="2024-06-01T20:14:03.421023" level="INFO">GET Request : url=https://randomuser.me/api 
 path_url=/api 
 headers={'User-Agent': 'python-requests/2.32.3', 'Accept-Encoding': 'gzip, deflate', 'Accept': '*/*', 'Connection': 'keep-alive'} 
 body=None 
 </msg>
<msg time="2024-06-01T20:14:03.421137" level="INFO">GET Response : url=https://randomuser.me/api 
 status=200, reason=OK 
 headers={'Date': 'Sat, 01 Jun 2024 20:14:03 GMT', 'Content-Type': 'application/json; charset=utf-8', 'Transfer-Encoding': 'chunked', 'Connection': 'keep-alive', 'X-Powered-By': 'Express', 'Access-Control-Allow-Origin': '*', 'Cache-Control': 'no-cache', 'ETag': 'W/"488-0f3525UExseOkE7W9DqIYo+qQ6Q"', 'Vary': 'Accept-Encoding', 'Content-Encoding': 'gzip', 'CF-Cache-Status': 'DYNAMIC', 'Report-To': '{"endpoints":[{"url":"https:\\/\\/a.nel.cloudflare.com\\/report\\/v4?s=c6dhqfE5zs0u3yAG1KBYtP3ikFiuW0dbjXzyuMVlGqWcvr3LgXvRTw1UKN49txcUprxDCQvhYqm70wfi%2F96T8Jua6SD%2BdzzG5GnnTEfbP7uJZsUTuT9Gas%2BQ9stH1pGm"}],"group":"cf-nel","max_age":604800}', 'NEL': '{"success_fraction":0,"report_to":"cf-nel","max_age":604800}', 'Server': 'cloudflare', 'CF-RAY': '88d1de265ee729b8-IAD', 'alt-svc': 'h3=":443"; ma=86400'} 
 body={"results":[{"gender":"male","name":{"title":"Mr","first":"Emo","last":"Lopes"},"location":{"street":{"number":8946,"name":"Rua São José "},"city":"Colombo","state":"Distrito Federal","country":"Brazil","postcode":24149,"coordinates":{"latitude":"-77.1256","longitude":"-100.3814"},"timezone":{"offset":"-8:00","description":"Pacific Time (US &amp; Canada)"}},"email":"emo.lopes@example.com","login":{"uuid":"582ec332-fc92-421c-8751-a64f47b6bb6e","username":"greencat690","password":"july","salt":"7YLihfVF","md5":"0525365c290e391550404205923c4cc1","sha1":"1e98d8a19ca089a2ce35e3d2f3b86daaeeec1764","sha256":"2de4f23a23fd8eee3eee8a166767ebf18ba4c3bad62017c3acacb0e857065d8d"},"dob":{"date":"1968-08-16T06:24:03.883Z","age":55},"registered":{"date":"2008-06-25T17:37:07.476Z","age":15},"phone":"(24) 7477-4992","cell":"(39) 1231-0351","id":{"name":"CPF","value":"372.463.190-32"},"picture":{"large":"https://randomuser.me/api/portraits/men/96.jpg","medium":"https://randomuser.me/api/portraits/med/men/96.jpg","thumbnail":"https://randomuser.me/api/portraits/thumb/men/96.jpg"},"nat":"BR"}],"info":{"seed":"22495e2a70ef5122","results":1,"page":1,"version":"1.4"}} 
 </msg>
<msg time="2024-06-01T20:14:03.421291" level="INFO">/opt/hostedtoolcache/Python/3.12.3/x64/lib/python3.12/site-packages/urllib3/connectionpool.py:1103: InsecureRequestWarning: Unverified HTTPS request is being made to host 'randomuser.me'. Adding certificate verification is strongly advised. See: https://urllib3.readthedocs.io/en/latest/advanced-usage.html#tls-warnings
  warnings.warn(</msg>
<msg time="2024-06-01T20:14:03.421429" level="INFO">${response} = &lt;Response [200]&gt;</msg>
<var>${response}</var>
<arg>consultarAPI</arg>
<arg>/api</arg>
<doc>Sends a GET request on a previously created HTTP Session.</doc>
<status status="PASS" start="2024-06-01T20:14:03.236914" elapsed="0.184557"/>
</kw>
<kw name="Set Variable" owner="BuiltIn">
<msg time="2024-06-01T20:14:03.422705" level="INFO">${json_data} = {'results': [{'gender': 'male', 'name': {'title': 'Mr', 'first': 'Emo', 'last': 'Lopes'}, 'location': {'street': {'number': 8946, 'name': 'Rua São José '}, 'city': 'Colombo', 'state': 'Distrito Federa...</msg>
<var>${json_data}</var>
<arg>${response.json()}</arg>
<doc>Returns the given values which can then be assigned to a variables.</doc>
<status status="PASS" start="2024-06-01T20:14:03.422128" elapsed="0.000607"/>
</kw>
<kw name="Log" owner="BuiltIn">
<msg time="2024-06-01T20:14:03.423218" level="INFO">{'results': [{'gender': 'male', 'name': {'title': 'Mr', 'first': 'Emo', 'last': 'Lopes'}, 'location': {'street': {'number': 8946, 'name': 'Rua São José '}, 'city': 'Colombo', 'state': 'Distrito Federal', 'country': 'Brazil', 'postcode': 24149, 'coordinates': {'latitude': '-77.1256', 'longitude': '-100.3814'}, 'timezone': {'offset': '-8:00', 'description': 'Pacific Time (US &amp; Canada)'}}, 'email': 'emo.lopes@example.com', 'login': {'uuid': '582ec332-fc92-421c-8751-a64f47b6bb6e', 'username': 'greencat690', 'password': 'july', 'salt': '7YLihfVF', 'md5': '0525365c290e391550404205923c4cc1', 'sha1': '1e98d8a19ca089a2ce35e3d2f3b86daaeeec1764', 'sha256': '2de4f23a23fd8eee3eee8a166767ebf18ba4c3bad62017c3acacb0e857065d8d'}, 'dob': {'date': '1968-08-16T06:24:03.883Z', 'age': 55}, 'registered': {'date': '2008-06-25T17:37:07.476Z', 'age': 15}, 'phone': '(24) 7477-4992', 'cell': '(39) 1231-0351', 'id': {'name': 'CPF', 'value': '372.463.190-32'}, 'picture': {'large': 'https://randomuser.me/api/portraits/men/96.jpg', 'medium': 'https://randomuser.me/api/portraits/med/men/96.jpg', 'thumbnail': 'https://randomuser.me/api/portraits/thumb/men/96.jpg'}, 'nat': 'BR'}], 'info': {'seed': '22495e2a70ef5122', 'results': 1, 'page': 1, 'version': '1.4'}}</msg>
<arg>${json_data}</arg>
<doc>Logs the given message with the given level.</doc>
<status status="PASS" start="2024-06-01T20:14:03.423053" elapsed="0.000216"/>
</kw>
<kw name="Dictionary Should Contain Key" owner="Collections">
<msg time="2024-06-01T20:14:03.423735" level="INFO">False</msg>
<arg>${json_data}</arg>
<arg>results</arg>
<doc>Fails if ``key`` is not found from ``dictionary``.</doc>
<status status="PASS" start="2024-06-01T20:14:03.423571" elapsed="0.000201"/>
</kw>
<kw name="Should Not Be Empty" owner="BuiltIn">
<msg time="2024-06-01T20:14:03.424193" level="INFO">Length is 2.</msg>
<arg>${json_data}</arg>
<doc>Verifies that the given item is not empty.</doc>
<status status="PASS" start="2024-06-01T20:14:03.424062" elapsed="0.000169"/>
</kw>
<kw name="Create List" owner="BuiltIn">
<msg time="2024-06-01T20:14:03.424673" level="INFO">${expected_keys} = ['gender', 'name', 'location', 'email', 'login']</msg>
<var>${expected_keys}</var>
<arg>gender</arg>
<arg>name</arg>
<arg>location</arg>
<arg>email</arg>
<arg>login</arg>
<doc>Returns a list containing given items.</doc>
<status status="PASS" start="2024-06-01T20:14:03.424525" elapsed="0.000171"/>
</kw>
<for flavor="IN">
<iter>
<kw name="Dictionary Should Contain Key" owner="Collections">
<msg time="2024-06-01T20:14:03.425693" level="INFO">False</msg>
<arg>${json_data['results'][0]}</arg>
<arg>${key}</arg>
<doc>Fails if ``key`` is not found from ``dictionary``.</doc>
<status status="PASS" start="2024-06-01T20:14:03.425276" elapsed="0.000460"/>
</kw>
<kw name="Log" owner="BuiltIn">
<msg time="2024-06-01T20:14:03.426451" level="INFO">{'gender': 'male', 'name': {'title': 'Mr', 'first': 'Emo', 'last': 'Lopes'}, 'location': {'street': {'number': 8946, 'name': 'Rua São José '}, 'city': 'Colombo', 'state': 'Distrito Federal', 'country': 'Brazil', 'postcode': 24149, 'coordinates': {'latitude': '-77.1256', 'longitude': '-100.3814'}, 'timezone': {'offset': '-8:00', 'description': 'Pacific Time (US &amp; Canada)'}}, 'email': 'emo.lopes@example.com', 'login': {'uuid': '582ec332-fc92-421c-8751-a64f47b6bb6e', 'username': 'greencat690', 'password': 'july', 'salt': '7YLihfVF', 'md5': '0525365c290e391550404205923c4cc1', 'sha1': '1e98d8a19ca089a2ce35e3d2f3b86daaeeec1764', 'sha256': '2de4f23a23fd8eee3eee8a166767ebf18ba4c3bad62017c3acacb0e857065d8d'}, 'dob': {'date': '1968-08-16T06:24:03.883Z', 'age': 55}, 'registered': {'date': '2008-06-25T17:37:07.476Z', 'age': 15}, 'phone': '(24) 7477-4992', 'cell': '(39) 1231-0351', 'id': {'name': 'CPF', 'value': '372.463.190-32'}, 'picture': {'large': 'https://randomuser.me/api/portraits/men/96.jpg', 'medium': 'https://randomuser.me/api/portraits/med/men/96.jpg', 'thumbnail': 'https://randomuser.me/api/portraits/thumb/men/96.jpg'}, 'nat': 'BR'}</msg>
<arg>${json_data['results'][0]}</arg>
<doc>Logs the given message with the given level.</doc>
<status status="PASS" start="2024-06-01T20:14:03.426079" elapsed="0.000425"/>
</kw>
<kw name="Log" owner="BuiltIn">
<msg time="2024-06-01T20:14:03.426938" level="INFO">gender</msg>
<arg>${key}</arg>
<doc>Logs the given message with the given level.</doc>
<status status="PASS" start="2024-06-01T20:14:03.426807" elapsed="0.000169"/>
</kw>
<var name="${key}">gender</var>
<status status="PASS" start="2024-06-01T20:14:03.425149" elapsed="0.002046"/>
</iter>
<iter>
<kw name="Dictionary Should Contain Key" owner="Collections">
<msg time="2024-06-01T20:14:03.427887" level="INFO">False</msg>
<arg>${json_data['results'][0]}</arg>
<arg>${key}</arg>
<doc>Fails if ``key`` is not found from ``dictionary``.</doc>
<status status="PASS" start="2024-06-01T20:14:03.427499" elapsed="0.000426"/>
</kw>
<kw name="Log" owner="BuiltIn">
<msg time="2024-06-01T20:14:03.428612" level="INFO">{'gender': 'male', 'name': {'title': 'Mr', 'first': 'Emo', 'last': 'Lopes'}, 'location': {'street': {'number': 8946, 'name': 'Rua São José '}, 'city': 'Colombo', 'state': 'Distrito Federal', 'country': 'Brazil', 'postcode': 24149, 'coordinates': {'latitude': '-77.1256', 'longitude': '-100.3814'}, 'timezone': {'offset': '-8:00', 'description': 'Pacific Time (US &amp; Canada)'}}, 'email': 'emo.lopes@example.com', 'login': {'uuid': '582ec332-fc92-421c-8751-a64f47b6bb6e', 'username': 'greencat690', 'password': 'july', 'salt': '7YLihfVF', 'md5': '0525365c290e391550404205923c4cc1', 'sha1': '1e98d8a19ca089a2ce35e3d2f3b86daaeeec1764', 'sha256': '2de4f23a23fd8eee3eee8a166767ebf18ba4c3bad62017c3acacb0e857065d8d'}, 'dob': {'date': '1968-08-16T06:24:03.883Z', 'age': 55}, 'registered': {'date': '2008-06-25T17:37:07.476Z', 'age': 15}, 'phone': '(24) 7477-4992', 'cell': '(39) 1231-0351', 'id': {'name': 'CPF', 'value': '372.463.190-32'}, 'picture': {'large': 'https://randomuser.me/api/portraits/men/96.jpg', 'medium': 'https://randomuser.me/api/portraits/med/men/96.jpg', 'thumbnail': 'https://randomuser.me/api/portraits/thumb/men/96.jpg'}, 'nat': 'BR'}</msg>
<arg>${json_data['results'][0]}</arg>
<doc>Logs the given message with the given level.</doc>
<status status="PASS" start="2024-06-01T20:14:03.428249" elapsed="0.000416"/>
</kw>
<kw name="Log" owner="BuiltIn">
<msg time="2024-06-01T20:14:03.429092" level="INFO">name</msg>
<arg>${key}</arg>
<doc>Logs the given message with the given level.</doc>
<status status="PASS" start="2024-06-01T20:14:03.428964" elapsed="0.000173"/>
</kw>
<var name="${key}">name</var>
<status status="PASS" start="2024-06-01T20:14:03.427383" elapsed="0.001978"/>
</iter>
<iter>
<kw name="Dictionary Should Contain Key" owner="Collections">
<msg time="2024-06-01T20:14:03.430076" level="INFO">False</msg>
<arg>${json_data['results'][0]}</arg>
<arg>${key}</arg>
<doc>Fails if ``key`` is not found from ``dictionary``.</doc>
<status status="PASS" start="2024-06-01T20:14:03.429652" elapsed="0.000461"/>
</kw>
<kw name="Log" owner="BuiltIn">
<msg time="2024-06-01T20:14:03.430801" level="INFO">{'gender': 'male', 'name': {'title': 'Mr', 'first': 'Emo', 'last': 'Lopes'}, 'location': {'street': {'number': 8946, 'name': 'Rua São José '}, 'city': 'Colombo', 'state': 'Distrito Federal', 'country': 'Brazil', 'postcode': 24149, 'coordinates': {'latitude': '-77.1256', 'longitude': '-100.3814'}, 'timezone': {'offset': '-8:00', 'description': 'Pacific Time (US &amp; Canada)'}}, 'email': 'emo.lopes@example.com', 'login': {'uuid': '582ec332-fc92-421c-8751-a64f47b6bb6e', 'username': 'greencat690', 'password': 'july', 'salt': '7YLihfVF', 'md5': '0525365c290e391550404205923c4cc1', 'sha1': '1e98d8a19ca089a2ce35e3d2f3b86daaeeec1764', 'sha256': '2de4f23a23fd8eee3eee8a166767ebf18ba4c3bad62017c3acacb0e857065d8d'}, 'dob': {'date': '1968-08-16T06:24:03.883Z', 'age': 55}, 'registered': {'date': '2008-06-25T17:37:07.476Z', 'age': 15}, 'phone': '(24) 7477-4992', 'cell': '(39) 1231-0351', 'id': {'name': 'CPF', 'value': '372.463.190-32'}, 'picture': {'large': 'https://randomuser.me/api/portraits/men/96.jpg', 'medium': 'https://randomuser.me/api/portraits/med/men/96.jpg', 'thumbnail': 'https://randomuser.me/api/portraits/thumb/men/96.jpg'}, 'nat': 'BR'}</msg>
<arg>${json_data['results'][0]}</arg>
<doc>Logs the given message with the given level.</doc>
<status status="PASS" start="2024-06-01T20:14:03.430427" elapsed="0.000425"/>
</kw>
<kw name="Log" owner="BuiltIn">
<msg time="2024-06-01T20:14:03.431279" level="INFO">location</msg>
<arg>${key}</arg>
<doc>Logs the given message with the given level.</doc>
<status status="PASS" start="2024-06-01T20:14:03.431150" elapsed="0.000166"/>
</kw>
<var name="${key}">location</var>
<status status="PASS" start="2024-06-01T20:14:03.429539" elapsed="0.001993"/>
</iter>
<iter>
<kw name="Dictionary Should Contain Key" owner="Collections">
<msg time="2024-06-01T20:14:03.432325" level="INFO">False</msg>
<arg>${json_data['results'][0]}</arg>
<arg>${key}</arg>
<doc>Fails if ``key`` is not found from ``dictionary``.</doc>
<status status="PASS" start="2024-06-01T20:14:03.431813" elapsed="0.000550"/>
</kw>
<kw name="Log" owner="BuiltIn">
<msg time="2024-06-01T20:14:03.433025" level="INFO">{'gender': 'male', 'name': {'title': 'Mr', 'first': 'Emo', 'last': 'Lopes'}, 'location': {'street': {'number': 8946, 'name': 'Rua São José '}, 'city': 'Colombo', 'state': 'Distrito Federal', 'country': 'Brazil', 'postcode': 24149, 'coordinates': {'latitude': '-77.1256', 'longitude': '-100.3814'}, 'timezone': {'offset': '-8:00', 'description': 'Pacific Time (US &amp; Canada)'}}, 'email': 'emo.lopes@example.com', 'login': {'uuid': '582ec332-fc92-421c-8751-a64f47b6bb6e', 'username': 'greencat690', 'password': 'july', 'salt': '7YLihfVF', 'md5': '0525365c290e391550404205923c4cc1', 'sha1': '1e98d8a19ca089a2ce35e3d2f3b86daaeeec1764', 'sha256': '2de4f23a23fd8eee3eee8a166767ebf18ba4c3bad62017c3acacb0e857065d8d'}, 'dob': {'date': '1968-08-16T06:24:03.883Z', 'age': 55}, 'registered': {'date': '2008-06-25T17:37:07.476Z', 'age': 15}, 'phone': '(24) 7477-4992', 'cell': '(39) 1231-0351', 'id': {'name': 'CPF', 'value': '372.463.190-32'}, 'picture': {'large': 'https://randomuser.me/api/portraits/men/96.jpg', 'medium': 'https://randomuser.me/api/portraits/med/men/96.jpg', 'thumbnail': 'https://randomuser.me/api/portraits/thumb/men/96.jpg'}, 'nat': 'BR'}</msg>
<arg>${json_data['results'][0]}</arg>
<doc>Logs the given message with the given level.</doc>
<status status="PASS" start="2024-06-01T20:14:03.432661" elapsed="0.000424"/>
</kw>
<kw name="Log" owner="BuiltIn">
<msg time="2024-06-01T20:14:03.433530" level="INFO">email</msg>
<arg>${key}</arg>
<doc>Logs the given message with the given level.</doc>
<status status="PASS" start="2024-06-01T20:14:03.433400" elapsed="0.000166"/>
</kw>
<var name="${key}">email</var>
<status status="PASS" start="2024-06-01T20:14:03.431702" elapsed="0.002081"/>
</iter>
<iter>
<kw name="Dictionary Should Contain Key" owner="Collections">
<msg time="2024-06-01T20:14:03.434508" level="INFO">False</msg>
<arg>${json_data['results'][0]}</arg>
<arg>${key}</arg>
<doc>Fails if ``key`` is not found from ``dictionary``.</doc>
<status status="PASS" start="2024-06-01T20:14:03.434122" elapsed="0.000423"/>
</kw>
<kw name="Log" owner="BuiltIn">
<msg time="2024-06-01T20:14:03.435205" level="INFO">{'gender': 'male', 'name': {'title': 'Mr', 'first': 'Emo', 'last': 'Lopes'}, 'location': {'street': {'number': 8946, 'name': 'Rua São José '}, 'city': 'Colombo', 'state': 'Distrito Federal', 'country': 'Brazil', 'postcode': 24149, 'coordinates': {'latitude': '-77.1256', 'longitude': '-100.3814'}, 'timezone': {'offset': '-8:00', 'description': 'Pacific Time (US &amp; Canada)'}}, 'email': 'emo.lopes@example.com', 'login': {'uuid': '582ec332-fc92-421c-8751-a64f47b6bb6e', 'username': 'greencat690', 'password': 'july', 'salt': '7YLihfVF', 'md5': '0525365c290e391550404205923c4cc1', 'sha1': '1e98d8a19ca089a2ce35e3d2f3b86daaeeec1764', 'sha256': '2de4f23a23fd8eee3eee8a166767ebf18ba4c3bad62017c3acacb0e857065d8d'}, 'dob': {'date': '1968-08-16T06:24:03.883Z', 'age': 55}, 'registered': {'date': '2008-06-25T17:37:07.476Z', 'age': 15}, 'phone': '(24) 7477-4992', 'cell': '(39) 1231-0351', 'id': {'name': 'CPF', 'value': '372.463.190-32'}, 'picture': {'large': 'https://randomuser.me/api/portraits/men/96.jpg', 'medium': 'https://randomuser.me/api/portraits/med/men/96.jpg', 'thumbnail': 'https://randomuser.me/api/portraits/thumb/men/96.jpg'}, 'nat': 'BR'}</msg>
<arg>${json_data['results'][0]}</arg>
<doc>Logs the given message with the given level.</doc>
<status status="PASS" start="2024-06-01T20:14:03.434843" elapsed="0.000422"/>
</kw>
<kw name="Log" owner="BuiltIn">
<msg time="2024-06-01T20:14:03.435687" level="INFO">login</msg>
<arg>${key}</arg>
<doc>Logs the given message with the given level.</doc>
<status status="PASS" start="2024-06-01T20:14:03.435558" elapsed="0.000166"/>
</kw>
<var name="${key}">login</var>
<status status="PASS" start="2024-06-01T20:14:03.434006" elapsed="0.001957"/>
</iter>
<var>${key}</var>
<value>@{expected_keys}</value>
<status status="PASS" start="2024-06-01T20:14:03.424953" elapsed="0.011139"/>
</for>
<kw name="Create List" owner="BuiltIn">
<msg time="2024-06-01T20:14:03.436428" level="INFO">${expected_keysTwo} = ['username', 'password']</msg>
<var>${expected_keysTwo}</var>
<arg>username</arg>
<arg>password</arg>
<doc>Returns a list containing given items.</doc>
<status status="PASS" start="2024-06-01T20:14:03.436290" elapsed="0.000161"/>
</kw>
<for flavor="IN">
<iter>
<kw name="Dictionary Should Contain Key" owner="Collections">
<msg time="2024-06-01T20:14:03.437346" level="INFO">False</msg>
<arg>${json_data['results'][0]['login']}</arg>
<arg>${keyTwo}</arg>
<doc>Fails if ``key`` is not found from ``dictionary``.</doc>
<status status="PASS" start="2024-06-01T20:14:03.436957" elapsed="0.000426"/>
</kw>
<kw name="Dictionary Should Contain Key" owner="Collections">
<msg time="2024-06-01T20:14:03.438107" level="INFO">False</msg>
<arg>${json_data['results'][0]['login']}</arg>
<arg>${keyTwo}</arg>
<doc>Fails if ``key`` is not found from ``dictionary``.</doc>
<status status="PASS" start="2024-06-01T20:14:03.437677" elapsed="0.000466"/>
</kw>
<kw name="Log" owner="BuiltIn">
<msg time="2024-06-01T20:14:03.438568" level="INFO">username</msg>
<arg>${keyTwo}</arg>
<doc>Logs the given message with the given level.</doc>
<status status="PASS" start="2024-06-01T20:14:03.438440" elapsed="0.000165"/>
</kw>
<var name="${keyTwo}">username</var>
<status status="PASS" start="2024-06-01T20:14:03.436846" elapsed="0.001974"/>
</iter>
<iter>
<kw name="Dictionary Should Contain Key" owner="Collections">
<msg time="2024-06-01T20:14:03.439496" level="INFO">False</msg>
<arg>${json_data['results'][0]['login']}</arg>
<arg>${keyTwo}</arg>
<doc>Fails if ``key`` is not found from ``dictionary``.</doc>
<status status="PASS" start="2024-06-01T20:14:03.439098" elapsed="0.000434"/>
</kw>
<kw name="Dictionary Should Contain Key" owner="Collections">
<msg time="2024-06-01T20:14:03.440211" level="INFO">False</msg>
<arg>${json_data['results'][0]['login']}</arg>
<arg>${keyTwo}</arg>
<doc>Fails if ``key`` is not found from ``dictionary``.</doc>
<status status="PASS" start="2024-06-01T20:14:03.439824" elapsed="0.000427"/>
</kw>
<kw name="Log" owner="BuiltIn">
<msg time="2024-06-01T20:14:03.440695" level="INFO">password</msg>
<arg>${keyTwo}</arg>
<doc>Logs the given message with the given level.</doc>
<status status="PASS" start="2024-06-01T20:14:03.440568" elapsed="0.000164"/>
</kw>
<var name="${keyTwo}">password</var>
<status status="PASS" start="2024-06-01T20:14:03.438988" elapsed="0.001959"/>
</iter>
<var>${keyTwo}</var>
<value>@{expected_keysTwo}</value>
<status status="PASS" start="2024-06-01T20:14:03.436691" elapsed="0.004375"/>
</for>
<status status="PASS" start="2024-06-01T20:14:03.236670" elapsed="0.204539"/>
</kw>
<doc>Testa a estrutura da resposta da API.</doc>
<tag>testeEstruturaResposta</tag>
<status status="PASS" start="2024-06-01T20:14:03.236039" elapsed="0.205327"/>
</test>
<test id="s1-s1-t4" name="Validar tipos de dados" line="28">
<kw name="Teste de Tipos de Dados" owner="random-user-service">
<kw name="GET On Session" owner="RequestsLibrary">
<msg time="2024-06-01T20:14:03.622581" level="INFO">GET Request : url=https://randomuser.me/api 
 path_url=/api 
 headers={'User-Agent': 'python-requests/2.32.3', 'Accept-Encoding': 'gzip, deflate', 'Accept': '*/*', 'Connection': 'keep-alive'} 
 body=None 
 </msg>
<msg time="2024-06-01T20:14:03.622691" level="INFO">GET Response : url=https://randomuser.me/api 
 status=200, reason=OK 
 headers={'Date': 'Sat, 01 Jun 2024 20:14:03 GMT', 'Content-Type': 'application/json; charset=utf-8', 'Transfer-Encoding': 'chunked', 'Connection': 'keep-alive', 'X-Powered-By': 'Express', 'Access-Control-Allow-Origin': '*', 'Cache-Control': 'no-cache', 'ETag': 'W/"481-iNFa3Zt6WyqjemubzzqL0OAtSQY"', 'Vary': 'Accept-Encoding', 'Content-Encoding': 'gzip', 'CF-Cache-Status': 'DYNAMIC', 'Report-To': '{"endpoints":[{"url":"https:\\/\\/a.nel.cloudflare.com\\/report\\/v4?s=45ystobeZRV34sx7x%2Fd0wdPTP%2BK0MtMED4Ai6WME562Yymd3fpJPm2MblhpWwb2xUySzTEyg8xJelKKvE7qN97aVNGTbLRYUBO4pqbc6jsBdHhjrmxXae0DipuLj4tnv"}],"group":"cf-nel","max_age":604800}', 'NEL': '{"success_fraction":0,"report_to":"cf-nel","max_age":604800}', 'Server': 'cloudflare', 'CF-RAY': '88d1de27a86d29b8-IAD', 'alt-svc': 'h3=":443"; ma=86400'} 
 body={"results":[{"gender":"male","name":{"title":"Mr","first":"Adrien","last":"Dufour"},"location":{"street":{"number":1237,"name":"Rue du Bât-D'Argent"},"city":"Mulhouse","state":"Gironde","country":"France","postcode":63879,"coordinates":{"latitude":"-17.7792","longitude":"-33.4183"},"timezone":{"offset":"+3:30","description":"Tehran"}},"email":"adrien.dufour@example.com","login":{"uuid":"0391c859-ffd0-48c8-b3fd-8958722acc26","username":"whiteswan583","password":"carpedie","salt":"98YbGXHC","md5":"38c02a996b51f436e951756dedcb0f20","sha1":"ec3d85b7aa71beeba145f501531eb22394d42b9c","sha256":"d8d9a4b85835d6ad2c4ccf37c6e719a1588da19c3b04f28eab0a7f89bc07b510"},"dob":{"date":"1978-06-30T18:21:15.522Z","age":45},"registered":{"date":"2008-08-31T03:27:56.440Z","age":15},"phone":"03-11-67-71-49","cell":"06-35-83-80-24","id":{"name":"INSEE","value":"1780577533463 83"},"picture":{"large":"https://randomuser.me/api/portraits/men/52.jpg","medium":"https://randomuser.me/api/portraits/med/men/52.jpg","thumbnail":"https://randomuser.me/api/portraits/thumb/men/52.jpg"},"nat":"FR"}],"info":{"seed":"d9a7e72402ad7791","results":1,"page":1,"version":"1.4"}} 
 </msg>
<msg time="2024-06-01T20:14:03.622772" level="INFO">/opt/hostedtoolcache/Python/3.12.3/x64/lib/python3.12/site-packages/urllib3/connectionpool.py:1103: InsecureRequestWarning: Unverified HTTPS request is being made to host 'randomuser.me'. Adding certificate verification is strongly advised. See: https://urllib3.readthedocs.io/en/latest/advanced-usage.html#tls-warnings
  warnings.warn(</msg>
<msg time="2024-06-01T20:14:03.622887" level="INFO">${response} = &lt;Response [200]&gt;</msg>
<var>${response}</var>
<arg>consultarAPI</arg>
<arg>/api</arg>
<doc>Sends a GET request on a previously created HTTP Session.</doc>
<status status="PASS" start="2024-06-01T20:14:03.444022" elapsed="0.178904"/>
</kw>
<kw name="Set Variable" owner="BuiltIn">
<msg time="2024-06-01T20:14:03.624137" level="INFO">${json_data} = {'results': [{'gender': 'male', 'name': {'title': 'Mr', 'first': 'Adrien', 'last': 'Dufour'}, 'location': {'street': {'number': 1237, 'name': "Rue du Bât-D'Argent"}, 'city': 'Mulhouse', 'state': 'Giro...</msg>
<var>${json_data}</var>
<arg>${response.json()}</arg>
<doc>Returns the given values which can then be assigned to a variables.</doc>
<status status="PASS" start="2024-06-01T20:14:03.623559" elapsed="0.000608"/>
</kw>
<kw name="Log" owner="BuiltIn">
<msg time="2024-06-01T20:14:03.624650" level="INFO">{'results': [{'gender': 'male', 'name': {'title': 'Mr', 'first': 'Adrien', 'last': 'Dufour'}, 'location': {'street': {'number': 1237, 'name': "Rue du Bât-D'Argent"}, 'city': 'Mulhouse', 'state': 'Gironde', 'country': 'France', 'postcode': 63879, 'coordinates': {'latitude': '-17.7792', 'longitude': '-33.4183'}, 'timezone': {'offset': '+3:30', 'description': 'Tehran'}}, 'email': 'adrien.dufour@example.com', 'login': {'uuid': '0391c859-ffd0-48c8-b3fd-8958722acc26', 'username': 'whiteswan583', 'password': 'carpedie', 'salt': '98YbGXHC', 'md5': '38c02a996b51f436e951756dedcb0f20', 'sha1': 'ec3d85b7aa71beeba145f501531eb22394d42b9c', 'sha256': 'd8d9a4b85835d6ad2c4ccf37c6e719a1588da19c3b04f28eab0a7f89bc07b510'}, 'dob': {'date': '1978-06-30T18:21:15.522Z', 'age': 45}, 'registered': {'date': '2008-08-31T03:27:56.440Z', 'age': 15}, 'phone': '03-11-67-71-49', 'cell': '06-35-83-80-24', 'id': {'name': 'INSEE', 'value': '1780577533463 83'}, 'picture': {'large': 'https://randomuser.me/api/portraits/men/52.jpg', 'medium': 'https://randomuser.me/api/portraits/med/men/52.jpg', 'thumbnail': 'https://randomuser.me/api/portraits/thumb/men/52.jpg'}, 'nat': 'FR'}], 'info': {'seed': 'd9a7e72402ad7791', 'results': 1, 'page': 1, 'version': '1.4'}}</msg>
<arg>${json_data}</arg>
<doc>Logs the given message with the given level.</doc>
<status status="PASS" start="2024-06-01T20:14:03.624482" elapsed="0.000255"/>
</kw>
<kw name="Should Be String" owner="String">
<arg>${json_data['results'][0]['gender']}</arg>
<doc>Fails if the given ``item`` is not a string.</doc>
<status status="PASS" start="2024-06-01T20:14:03.625042" elapsed="0.000369"/>
</kw>
<kw name="Should Match Regexp" owner="BuiltIn">
<arg>${json_data['results'][0]['email']}</arg>
<arg>^[a-zA-Z0-9._%+-]+@[a-zA-Z0-9.-]+\.[a-zA-Z]{2,}$</arg>
<doc>Fails if ``string`` does not match ``pattern`` as a regular expression.</doc>
<status status="PASS" start="2024-06-01T20:14:03.625604" elapsed="0.000723"/>
</kw>
<kw name="Should Match Regexp" owner="BuiltIn">
<arg>${json_data['results'][0]['dob']['date']}</arg>
<arg>\\d{4}-\\d{2}-\\d{2}T\\d{2}:\\d{2}:\\d{2}\\.\\d{3}Z</arg>
<doc>Fails if ``string`` does not match ``pattern`` as a regular expression.</doc>
<status status="PASS" start="2024-06-01T20:14:03.626531" elapsed="0.000489"/>
</kw>
<kw name="Should Match Regexp" owner="BuiltIn">
<arg>${json_data['results'][0]['registered']['date']}</arg>
<arg>\\d{4}-\\d{2}-\\d{2}T\\d{2}:\\d{2}:\\d{2}\\.\\d{3}Z</arg>
<doc>Fails if ``string`` does not match ``pattern`` as a regular expression.</doc>
<status status="PASS" start="2024-06-01T20:14:03.627213" elapsed="0.000375"/>
</kw>
<kw name="Should Match Regexp" owner="BuiltIn">
<arg>${json_data['results'][0]['picture']['large']}</arg>
<arg>^https?://.*\.(?:png|jpe?g|gif|bmp)$</arg>
<doc>Fails if ``string`` does not match ``pattern`` as a regular expression.</doc>
<status status="PASS" start="2024-06-01T20:14:03.627775" elapsed="0.000462"/>
</kw>
<kw name="Should Match Regexp" owner="BuiltIn">
<arg>${json_data['results'][0]['picture']['medium']}</arg>
<arg>^https?://.*\.(?:png|jpe?g|gif|bmp)$</arg>
<doc>Fails if ``string`` does not match ``pattern`` as a regular expression.</doc>
<status status="PASS" start="2024-06-01T20:14:03.628426" elapsed="0.000354"/>
</kw>
<kw name="Should Match Regexp" owner="BuiltIn">
<arg>${json_data['results'][0]['picture']['thumbnail']}</arg>
<arg>^https?://.*\.(?:png|jpe?g|gif|bmp)$</arg>
<doc>Fails if ``string`` does not match ``pattern`` as a regular expression.</doc>
<status status="PASS" start="2024-06-01T20:14:03.628969" elapsed="0.000351"/>
</kw>
<kw name="Log" owner="BuiltIn">
<msg time="2024-06-01T20:14:03.629838" level="INFO">{'large': 'https://randomuser.me/api/portraits/men/52.jpg', 'medium': 'https://randomuser.me/api/portraits/med/men/52.jpg', 'thumbnail': 'https://randomuser.me/api/portraits/thumb/men/52.jpg'}</msg>
<arg>${json_data['results'][0]['picture']}</arg>
<doc>Logs the given message with the given level.</doc>
<status status="PASS" start="2024-06-01T20:14:03.629509" elapsed="0.000399"/>
</kw>
<status status="PASS" start="2024-06-01T20:14:03.443782" elapsed="0.186387"/>
</kw>
<kw name="Teste de Tipos de Dados - Postcode" owner="random-user-service">
<kw name="GET On Session" owner="RequestsLibrary">
<msg time="2024-06-01T20:14:04.074637" level="INFO">GET Request : url=https://randomuser.me/api 
 path_url=/api 
 headers={'User-Agent': 'python-requests/2.32.3', 'Accept-Encoding': 'gzip, deflate', 'Accept': '*/*', 'Connection': 'keep-alive'} 
 body=None 
 </msg>
<msg time="2024-06-01T20:14:04.074737" level="INFO">GET Response : url=https://randomuser.me/api 
 status=200, reason=OK 
 headers={'Date': 'Sat, 01 Jun 2024 20:14:04 GMT', 'Content-Type': 'application/json; charset=utf-8', 'Transfer-Encoding': 'chunked', 'Connection': 'keep-alive', 'X-Powered-By': 'Express', 'Access-Control-Allow-Origin': '*', 'Cache-Control': 'no-cache', 'ETag': 'W/"462-mOfn+qnzkDorVyEzjsg4uPPyKvQ"', 'Vary': 'Accept-Encoding', 'Content-Encoding': 'gzip', 'CF-Cache-Status': 'DYNAMIC', 'Report-To': '{"endpoints":[{"url":"https:\\/\\/a.nel.cloudflare.com\\/report\\/v4?s=AW4HcTdmWHrBNYkS5%2FlRRLuV7koPWvl1RDo27tg%2Fw6AG867HIt7sv7j7Q%2Bfq7uGhtzVGHaDtloI2nqJfCu4c7hsjIgk9Yl3k9hKJgamGD6aybWHjzjtUwvUbevyd5yks"}],"group":"cf-nel","max_age":604800}', 'NEL': '{"success_fraction":0,"report_to":"cf-nel","max_age":604800}', 'Server': 'cloudflare', 'CF-RAY': '88d1de28ca2c29b8-IAD', 'alt-svc': 'h3=":443"; ma=86400'} 
 body={"results":[{"gender":"male","name":{"title":"Mr","first":"Çetin","last":"Abacı"},"location":{"street":{"number":427,"name":"Vatan Cd"},"city":"Denizli","state":"Bolu","country":"Turkey","postcode":52064,"coordinates":{"latitude":"69.6960","longitude":"-53.2612"},"timezone":{"offset":"+9:30","description":"Adelaide, Darwin"}},"email":"cetin.abaci@example.com","login":{"uuid":"30e0f327-e42d-45ce-9535-70b9d8efe0ab","username":"bluegoose528","password":"forrest","salt":"6rlZuX5Z","md5":"a2999a78d4195f289ccdf33a06fc4c18","sha1":"55a1d093f82efb1547c667385826f4d0826158f4","sha256":"fed5def84cbe682a9eda83658ed4b2778eb5b804b4838932e3f16cc082431093"},"dob":{"date":"1944-11-20T13:10:08.250Z","age":79},"registered":{"date":"2016-08-21T11:42:52.361Z","age":7},"phone":"(859)-980-6742","cell":"(333)-893-6603","id":{"name":"","value":null},"picture":{"large":"https://randomuser.me/api/portraits/men/60.jpg","medium":"https://randomuser.me/api/portraits/med/men/60.jpg","thumbnail":"https://randomuser.me/api/portraits/thumb/men/60.jpg"},"nat":"TR"}],"info":{"seed":"a1dae978fa19ffed","results":1,"page":1,"version":"1.4"}} 
 </msg>
<msg time="2024-06-01T20:14:04.074807" level="INFO">/opt/hostedtoolcache/Python/3.12.3/x64/lib/python3.12/site-packages/urllib3/connectionpool.py:1103: InsecureRequestWarning: Unverified HTTPS request is being made to host 'randomuser.me'. Adding certificate verification is strongly advised. See: https://urllib3.readthedocs.io/en/latest/advanced-usage.html#tls-warnings
  warnings.warn(</msg>
<msg time="2024-06-01T20:14:04.074923" level="INFO">${response} = &lt;Response [200]&gt;</msg>
<var>${response}</var>
<arg>consultarAPI</arg>
<arg>/api</arg>
<doc>Sends a GET request on a previously created HTTP Session.</doc>
<status status="PASS" start="2024-06-01T20:14:03.630636" elapsed="0.444312"/>
</kw>
<kw name="Set Variable" owner="BuiltIn">
<msg time="2024-06-01T20:14:04.076031" level="INFO">${json_data} = {'results': [{'gender': 'male', 'name': {'title': 'Mr', 'first': 'Çetin', 'last': 'Abacı'}, 'location': {'street': {'number': 427, 'name': 'Vatan Cd'}, 'city': 'Denizli', 'state': 'Bolu', 'country': '...</msg>
<var>${json_data}</var>
<arg>${response.json()}</arg>
<doc>Returns the given values which can then be assigned to a variables.</doc>
<status status="PASS" start="2024-06-01T20:14:04.075504" elapsed="0.000558"/>
</kw>
<kw name="Log" owner="BuiltIn">
<msg time="2024-06-01T20:14:04.076545" level="INFO">{'results': [{'gender': 'male', 'name': {'title': 'Mr', 'first': 'Çetin', 'last': 'Abacı'}, 'location': {'street': {'number': 427, 'name': 'Vatan Cd'}, 'city': 'Denizli', 'state': 'Bolu', 'country': 'Turkey', 'postcode': 52064, 'coordinates': {'latitude': '69.6960', 'longitude': '-53.2612'}, 'timezone': {'offset': '+9:30', 'description': 'Adelaide, Darwin'}}, 'email': 'cetin.abaci@example.com', 'login': {'uuid': '30e0f327-e42d-45ce-9535-70b9d8efe0ab', 'username': 'bluegoose528', 'password': 'forrest', 'salt': '6rlZuX5Z', 'md5': 'a2999a78d4195f289ccdf33a06fc4c18', 'sha1': '55a1d093f82efb1547c667385826f4d0826158f4', 'sha256': 'fed5def84cbe682a9eda83658ed4b2778eb5b804b4838932e3f16cc082431093'}, 'dob': {'date': '1944-11-20T13:10:08.250Z', 'age': 79}, 'registered': {'date': '2016-08-21T11:42:52.361Z', 'age': 7}, 'phone': '(859)-980-6742', 'cell': '(333)-893-6603', 'id': {'name': '', 'value': None}, 'picture': {'large': 'https://randomuser.me/api/portraits/men/60.jpg', 'medium': 'https://randomuser.me/api/portraits/med/men/60.jpg', 'thumbnail': 'https://randomuser.me/api/portraits/thumb/men/60.jpg'}, 'nat': 'TR'}], 'info': {'seed': 'a1dae978fa19ffed', 'results': 1, 'page': 1, 'version': '1.4'}}</msg>
<arg>${json_data}</arg>
<doc>Logs the given message with the given level.</doc>
<status status="PASS" start="2024-06-01T20:14:04.076378" elapsed="0.000253"/>
</kw>
<kw name="Should Be Equal As Numbers" owner="BuiltIn">
<arg>${json_data['results'][0]['location']['postcode']}</arg>
<arg>${json_data['results'][0]['location']['postcode']}</arg>
<doc>Fails if objects are unequal after converting them to real numbers.</doc>
<status status="PASS" start="2024-06-01T20:14:04.076939" elapsed="0.000627"/>
</kw>
<kw name="Log" owner="BuiltIn">
<msg time="2024-06-01T20:14:04.078148" level="INFO">52064</msg>
<arg>${json_data['results'][0]['location']['postcode']}</arg>
<doc>Logs the given message with the given level.</doc>
<status status="PASS" start="2024-06-01T20:14:04.077761" elapsed="0.000428"/>
</kw>
<status status="PASS" start="2024-06-01T20:14:03.630396" elapsed="0.448053"/>
</kw>
<doc>Testa se os tipos de dados na resposta da API estão corretos.</doc>
<tag>testeTiposDados</tag>
<status status="PASS" start="2024-06-01T20:14:03.443183" elapsed="0.635439"/>
</test>
<test id="s1-s1-t5" name="Validar conteudo" line="35">
<kw name="Teste de Tipos de Conteudo" owner="random-user-service">
<kw name="GET On Session" owner="RequestsLibrary">
<msg time="2024-06-01T20:14:04.307771" level="INFO">GET Request : url=https://randomuser.me/api 
 path_url=/api 
 headers={'User-Agent': 'python-requests/2.32.3', 'Accept-Encoding': 'gzip, deflate', 'Accept': '*/*', 'Connection': 'keep-alive'} 
 body=None 
 </msg>
<msg time="2024-06-01T20:14:04.307882" level="INFO">GET Response : url=https://randomuser.me/api 
 status=200, reason=OK 
 headers={'Date': 'Sat, 01 Jun 2024 20:14:04 GMT', 'Content-Type': 'application/json; charset=utf-8', 'Transfer-Encoding': 'chunked', 'Connection': 'keep-alive', 'X-Powered-By': 'Express', 'Access-Control-Allow-Origin': '*', 'Cache-Control': 'no-cache', 'ETag': 'W/"487-HZme7xiSNxGGfkKvJltRQGiGS0Q"', 'Vary': 'Accept-Encoding', 'Content-Encoding': 'gzip', 'CF-Cache-Status': 'DYNAMIC', 'Report-To': '{"endpoints":[{"url":"https:\\/\\/a.nel.cloudflare.com\\/report\\/v4?s=a3EVAWLd2eyc%2FzaYrczac05TrjVdioFRo3EMQIH3Ie1Z569B9ZtC2AHpgf%2BCO3Rv7NUAW2q1h%2BPmneHF6I62l8u42Q2a1tCiWbfnb3N0PtJYQlZn32kD%2BQkx7QdvVGCO"}],"group":"cf-nel","max_age":604800}', 'NEL': '{"success_fraction":0,"report_to":"cf-nel","max_age":604800}', 'Server': 'cloudflare', 'CF-RAY': '88d1de2b9e4329b8-IAD', 'alt-svc': 'h3=":443"; ma=86400'} 
 body={"results":[{"gender":"male","name":{"title":"Mr","first":"Fletcher","last":"Davies"},"location":{"street":{"number":4691,"name":"Ronwood Avenue"},"city":"Whangarei","state":"Manawatu-Wanganui","country":"New Zealand","postcode":53896,"coordinates":{"latitude":"52.7165","longitude":"-42.2635"},"timezone":{"offset":"-11:00","description":"Midway Island, Samoa"}},"email":"fletcher.davies@example.com","login":{"uuid":"5207cf57-2241-4bb6-99fb-e960cc25979c","username":"yellowpanda924","password":"miriam","salt":"jlqhSRxJ","md5":"640c47f58523e5cd397c5ebc93f4851d","sha1":"f9749b72586193fae30440b4dfedfb72a4b4809d","sha256":"2876c492f0e211fdd58a88f9166c6f5863180a4eaec413be29502e6e6e52f164"},"dob":{"date":"1978-09-18T18:06:10.156Z","age":45},"registered":{"date":"2009-11-21T14:34:36.336Z","age":14},"phone":"(771)-354-6888","cell":"(054)-502-5241","id":{"name":"","value":null},"picture":{"large":"https://randomuser.me/api/portraits/men/4.jpg","medium":"https://randomuser.me/api/portraits/med/men/4.jpg","thumbnail":"https://randomuser.me/api/portraits/thumb/men/4.jpg"},"nat":"NZ"}],"info":{"seed":"e64ecfdafe73ed8a","results":1,"page":1,"version":"1.4"}} 
 </msg>
<msg time="2024-06-01T20:14:04.307963" level="INFO">/opt/hostedtoolcache/Python/3.12.3/x64/lib/python3.12/site-packages/urllib3/connectionpool.py:1103: InsecureRequestWarning: Unverified HTTPS request is being made to host 'randomuser.me'. Adding certificate verification is strongly advised. See: https://urllib3.readthedocs.io/en/latest/advanced-usage.html#tls-warnings
  warnings.warn(</msg>
<msg time="2024-06-01T20:14:04.308096" level="INFO">${response} = &lt;Response [200]&gt;</msg>
<var>${response}</var>
<arg>consultarAPI</arg>
<arg>/api</arg>
<doc>Sends a GET request on a previously created HTTP Session.</doc>
<status status="PASS" start="2024-06-01T20:14:04.081180" elapsed="0.226957"/>
</kw>
<kw name="Set Variable" owner="BuiltIn">
<msg time="2024-06-01T20:14:04.309328" level="INFO">${json_data} = {'results': [{'gender': 'male', 'name': {'title': 'Mr', 'first': 'Fletcher', 'last': 'Davies'}, 'location': {'street': {'number': 4691, 'name': 'Ronwood Avenue'}, 'city': 'Whangarei', 'state': 'Manawa...</msg>
<var>${json_data}</var>
<arg>${response.json()}</arg>
<doc>Returns the given values which can then be assigned to a variables.</doc>
<status status="PASS" start="2024-06-01T20:14:04.308764" elapsed="0.000594"/>
</kw>
<kw name="Set Variable" owner="BuiltIn">
<msg time="2024-06-01T20:14:04.310118" level="INFO">${name_title} = Mr</msg>
<var>${name_title}</var>
<arg>${json_data["results"][0]["name"]["title"]}</arg>
<doc>Returns the given values which can then be assigned to a variables.</doc>
<status status="PASS" start="2024-06-01T20:14:04.309683" elapsed="0.000461"/>
</kw>
<kw name="Create List" owner="BuiltIn">
<msg time="2024-06-01T20:14:04.310607" level="INFO">${allowed_titles} = ['Mr', 'Ms', 'Miss', 'Mrs', 'Madame', 'Monsieur']</msg>
<var>${allowed_titles}</var>
<arg>Mr</arg>
<arg>Ms</arg>
<arg>Miss</arg>
<arg>Mrs</arg>
<arg>Madame</arg>
<arg>Monsieur</arg>
<doc>Returns a list containing given items.</doc>
<status status="PASS" start="2024-06-01T20:14:04.310450" elapsed="0.000182"/>
</kw>
<kw name="List Should Contain Value" owner="Collections">
<msg time="2024-06-01T20:14:04.311114" level="INFO">False</msg>
<arg>${allowed_titles}</arg>
<arg>${name_title}</arg>
<doc>Fails if the ``value`` is not found from ``list``.</doc>
<status status="PASS" start="2024-06-01T20:14:04.310934" elapsed="0.000216"/>
</kw>
<kw name="Set Variable" owner="BuiltIn">
<msg time="2024-06-01T20:14:04.312017" level="INFO">${name_country} = NZ</msg>
<var>${name_country}</var>
<arg>${json_data["results"][0]["nat"]}</arg>
<doc>Returns the given values which can then be assigned to a variables.</doc>
<status status="PASS" start="2024-06-01T20:14:04.311445" elapsed="0.000597"/>
</kw>
<kw name="Create List" owner="BuiltIn">
<msg time="2024-06-01T20:14:04.312958" level="INFO">${list_country} = ['AD', 'AE', 'AF', 'AG', 'AI', 'AL', 'AM', 'AO', 'AQ', 'AR', 'AS', 'AT', 'AU', 'AW', 'AX', 'AZ', 'BA', 'BB', 'BD', 'BE', 'BF', 'BG', 'BH', 'BI', 'BJ', 'BL', 'BM', 'BN', 'BO', 'BQ', 'BR', 'BS', 'BT', '...</msg>
<var>${list_country}</var>
<arg>AD</arg>
<arg>AE</arg>
<arg>AF</arg>
<arg>AG</arg>
<arg>AI</arg>
<arg>AL</arg>
<arg>AM</arg>
<arg>AO</arg>
<arg>AQ</arg>
<arg>AR</arg>
<arg>AS</arg>
<arg>AT</arg>
<arg>AU</arg>
<arg>AW</arg>
<arg>AX</arg>
<arg>AZ</arg>
<arg>BA</arg>
<arg>BB</arg>
<arg>BD</arg>
<arg>BE</arg>
<arg>BF</arg>
<arg>BG</arg>
<arg>BH</arg>
<arg>BI</arg>
<arg>BJ</arg>
<arg>BL</arg>
<arg>BM</arg>
<arg>BN</arg>
<arg>BO</arg>
<arg>BQ</arg>
<arg>BR</arg>
<arg>BS</arg>
<arg>BT</arg>
<arg>BV</arg>
<arg>BW</arg>
<arg>BY</arg>
<arg>BZ</arg>
<arg>CA</arg>
<arg>CC</arg>
<arg>CD</arg>
<arg>CF</arg>
<arg>CG</arg>
<arg>CH</arg>
<arg>CI</arg>
<arg>CK</arg>
<arg>CL</arg>
<arg>CM</arg>
<arg>CN</arg>
<arg>CO</arg>
<arg>CR</arg>
<arg>CU</arg>
<arg>CV</arg>
<arg>CW</arg>
<arg>CX</arg>
<arg>CY</arg>
<arg>CZ</arg>
<arg>DE</arg>
<arg>DJ</arg>
<arg>DK</arg>
<arg>DM</arg>
<arg>DO</arg>
<arg>DZ</arg>
<arg>EC</arg>
<arg>EE</arg>
<arg>EG</arg>
<arg>EH</arg>
<arg>ER</arg>
<arg>ES</arg>
<arg>ET</arg>
<arg>FI</arg>
<arg>FJ</arg>
<arg>FK</arg>
<arg>FM</arg>
<arg>FO</arg>
<arg>FR</arg>
<arg>GA</arg>
<arg>GB</arg>
<arg>GD</arg>
<arg>GE</arg>
<arg>GF</arg>
<arg>GG</arg>
<arg>GH</arg>
<arg>GI</arg>
<arg>GL</arg>
<arg>GM</arg>
<arg>GN</arg>
<arg>GP</arg>
<arg>GQ</arg>
<arg>GR</arg>
<arg>GS</arg>
<arg>GT</arg>
<arg>GU</arg>
<arg>GW</arg>
<arg>GY</arg>
<arg>HK</arg>
<arg>HM</arg>
<arg>HN</arg>
<arg>HR</arg>
<arg>HT</arg>
<arg>HU</arg>
<arg>ID</arg>
<arg>IE</arg>
<arg>IL</arg>
<arg>IM</arg>
<arg>IN</arg>
<arg>IO</arg>
<arg>IQ</arg>
<arg>IR</arg>
<arg>IS</arg>
<arg>IT</arg>
<arg>JE</arg>
<arg>JM</arg>
<arg>JO</arg>
<arg>JP</arg>
<arg>KE</arg>
<arg>KG</arg>
<arg>KH</arg>
<arg>KI</arg>
<arg>KM</arg>
<arg>KN</arg>
<arg>KP</arg>
<arg>KR</arg>
<arg>KW</arg>
<arg>KY</arg>
<arg>KZ</arg>
<arg>LA</arg>
<arg>LB</arg>
<arg>LC</arg>
<arg>LI</arg>
<arg>LK</arg>
<arg>LR</arg>
<arg>LS</arg>
<arg>LT</arg>
<arg>LU</arg>
<arg>LV</arg>
<arg>LY</arg>
<arg>MA</arg>
<arg>MC</arg>
<arg>MD</arg>
<arg>ME</arg>
<arg>MF</arg>
<arg>MG</arg>
<arg>MH</arg>
<arg>MK</arg>
<arg>ML</arg>
<arg>MM</arg>
<arg>MN</arg>
<arg>MO</arg>
<arg>MP</arg>
<arg>MQ</arg>
<arg>MR</arg>
<arg>MS</arg>
<arg>MT</arg>
<arg>MU</arg>
<arg>MV</arg>
<arg>MW</arg>
<arg>MX</arg>
<arg>MY</arg>
<arg>MZ</arg>
<arg>NA</arg>
<arg>NC</arg>
<arg>NE</arg>
<arg>NF</arg>
<arg>NG</arg>
<arg>NI</arg>
<arg>NL</arg>
<arg>NO</arg>
<arg>NP</arg>
<arg>NR</arg>
<arg>NU</arg>
<arg>NZ</arg>
<arg>OM</arg>
<arg>PA</arg>
<arg>PE</arg>
<arg>PF</arg>
<arg>PG</arg>
<arg>PH</arg>
<arg>PK</arg>
<arg>PL</arg>
<arg>PM</arg>
<arg>PN</arg>
<arg>PR</arg>
<arg>PS</arg>
<arg>PT</arg>
<arg>PW</arg>
<arg>PY</arg>
<arg>QA</arg>
<arg>RE</arg>
<arg>RO</arg>
<arg>RS</arg>
<arg>RU</arg>
<arg>RW</arg>
<arg>SA</arg>
<arg>SB</arg>
<arg>SC</arg>
<arg>SD</arg>
<arg>SE</arg>
<arg>SG</arg>
<arg>SH</arg>
<arg>SI</arg>
<arg>SJ</arg>
<arg>SK</arg>
<arg>SL</arg>
<arg>SM</arg>
<arg>SN</arg>
<arg>SO</arg>
<arg>SR</arg>
<arg>SS</arg>
<arg>ST</arg>
<arg>SV</arg>
<arg>SX</arg>
<arg>SY</arg>
<arg>SZ</arg>
<arg>TC</arg>
<arg>TD</arg>
<arg>TF</arg>
<arg>TG</arg>
<arg>TH</arg>
<arg>TJ</arg>
<arg>TK</arg>
<arg>TL</arg>
<arg>TM</arg>
<arg>TN</arg>
<arg>TO</arg>
<arg>TR</arg>
<arg>TT</arg>
<arg>TV</arg>
<arg>TW</arg>
<arg>TZ</arg>
<arg>UA</arg>
<arg>UG</arg>
<arg>UM</arg>
<arg>US</arg>
<arg>UY</arg>
<arg>UZ</arg>
<arg>VA</arg>
<arg>VC</arg>
<arg>VE</arg>
<arg>VG</arg>
<arg>VI</arg>
<arg>VN</arg>
<arg>VU</arg>
<arg>WF</arg>
<arg>WS</arg>
<arg>XK</arg>
<arg>YE</arg>
<arg>YT</arg>
<arg>ZA</arg>
<arg>ZM</arg>
<arg>ZW</arg>
<doc>Returns a list containing given items.</doc>
<status status="PASS" start="2024-06-01T20:14:04.312353" elapsed="0.000630"/>
</kw>
<kw name="List Should Contain Value" owner="Collections">
<msg time="2024-06-01T20:14:04.314002" level="INFO">False</msg>
<arg>${list_country}</arg>
<arg>${name_country}</arg>
<doc>Fails if the ``value`` is not found from ``list``.</doc>
<status status="PASS" start="2024-06-01T20:14:04.313768" elapsed="0.000272"/>
</kw>
<kw name="Run Keyword If" owner="BuiltIn">
<kw name="Should Be True" owner="BuiltIn">
<arg>${True}</arg>
<doc>Fails if the given condition is not true.</doc>
<status status="PASS" start="2024-06-01T20:14:04.315123" elapsed="0.000144"/>
</kw>
<arg>${json_data["results"][0]["location"]["coordinates"]["latitude"]} &gt;= -90 and ${json_data["results"][0]["location"]["coordinates"]["latitude"]} &lt;= 90</arg>
<arg>Should Be True</arg>
<arg>${True}</arg>
<doc>Runs the given keyword with the given arguments, if ``condition`` is true.</doc>
<status status="PASS" start="2024-06-01T20:14:04.314355" elapsed="0.001038"/>
</kw>
<kw name="Run Keyword If" owner="BuiltIn">
<kw name="Should Be True" owner="BuiltIn">
<arg>${True}</arg>
<doc>Fails if the given condition is not true.</doc>
<status status="PASS" start="2024-06-01T20:14:04.316282" elapsed="0.000139"/>
</kw>
<arg>${json_data["results"][0]["location"]["coordinates"]["longitude"]} &gt;= -180 and ${json_data["results"][0]["location"]["coordinates"]["longitude"]} &lt;= 180</arg>
<arg>Should Be True</arg>
<arg>${True}</arg>
<doc>Runs the given keyword with the given arguments, if ``condition`` is true.</doc>
<status status="PASS" start="2024-06-01T20:14:04.315582" elapsed="0.000967"/>
</kw>
<status status="PASS" start="2024-06-01T20:14:04.080948" elapsed="0.235735"/>
</kw>
<doc>Testa o conteúdo específico dos campos retornados pela API.</doc>
<tag>testeConteudo</tag>
<status status="PASS" start="2024-06-01T20:14:04.080400" elapsed="0.236436"/>
</test>
<status status="PASS" start="2024-06-01T20:14:01.809308" elapsed="2.509548"/>
</suite>
<status status="PASS" start="2024-06-01T20:14:01.795724" elapsed="2.528410"/>
</suite>
<statistics>
<total>
<stat pass="5" fail="0" skip="0">All Tests</stat>
</total>
<tag>
<stat pass="1" fail="0" skip="0">testeConteudo</stat>
<stat pass="1" fail="0" skip="0">testeEstruturaResposta</stat>
<stat pass="1" fail="0" skip="0">testeRequisicaoBasica</stat>
<stat pass="1" fail="0" skip="0">testeTiposDados</stat>
</tag>
<suite>
<stat pass="5" fail="0" skip="0" id="s1" name="Tests">Tests</stat>
<stat pass="5" fail="0" skip="0" id="s1-s1" name="Random-User-Test">Tests.Random-User-Test</stat>
</suite>
</statistics>
<errors>
</errors>
</robot>
