<?xml version="1.0" encoding="UTF-8"?>
<robot generator="Robot 7.0 (Python 3.12.3 on linux)" generated="2024-05-11T01:01:48.090118" rpa="false" schemaversion="5">
<suite id="s1" name="Tests" source="/home/runner/work/DesafioQAItauRogerioJordao/DesafioQAItauRogerioJordao/RamdonUser/tests">
<suite id="s1-s1" name="Random-User-Test" source="/home/runner/work/DesafioQAItauRogerioJordao/DesafioQAItauRogerioJordao/RamdonUser/tests/random-user-test.robot">
<test id="s1-s1-t1" name="Conectar" line="13">
<kw name="Conectar API" owner="random-user-service">
<kw name="Create Session" owner="RequestsLibrary">
<msg time="2024-05-11T01:01:48.442995" level="INFO">Creating Session using : alias=consultarAPI, url=https://randomuser.me/, headers={},                     cookies={}, auth=None, timeout=None, proxies=None, verify=False,                     debug=0 </msg>
<arg>consultarAPI</arg>
<arg>${URL}</arg>
<doc>Create Session: create a HTTP session to a server</doc>
<status status="PASS" start="2024-05-11T01:01:48.442802" elapsed="0.000359"/>
</kw>
<status status="PASS" start="2024-05-11T01:01:48.441878" elapsed="0.001660"/>
</kw>
<status status="PASS" start="2024-05-11T01:01:48.441298" elapsed="0.002433"/>
</test>
<test id="s1-s1-t2" name="Validar retorno 200 e JSON Válido" line="16">
<kw name="Teste de Requisicao Basica" owner="random-user-service">
<kw name="GET On Session" owner="RequestsLibrary">
<msg time="2024-05-11T01:01:48.628028" level="INFO">GET Request : url=https://randomuser.me/api 
 path_url=/api 
 headers={'User-Agent': 'python-requests/2.31.0', 'Accept-Encoding': 'gzip, deflate', 'Accept': '*/*', 'Connection': 'keep-alive'} 
 body=None 
 </msg>
<msg time="2024-05-11T01:01:48.628133" level="INFO">GET Response : url=https://randomuser.me/api 
 status=200, reason=OK 
 headers={'Date': 'Sat, 11 May 2024 01:01:48 GMT', 'Content-Type': 'application/json; charset=utf-8', 'Transfer-Encoding': 'chunked', 'Connection': 'keep-alive', 'X-Powered-By': 'Express', 'Access-Control-Allow-Origin': '*', 'Cache-Control': 'no-cache', 'ETag': 'W/"498-WTKS7cwEtt1zEYp93N44RX4tNUc"', 'Vary': 'Accept-Encoding', 'Content-Encoding': 'gzip', 'CF-Cache-Status': 'DYNAMIC', 'Report-To': '{"endpoints":[{"url":"https:\\/\\/a.nel.cloudflare.com\\/report\\/v4?s=E%2BP6kGJGwdrtPqa5ya9fqOTkT0hQ9mbcpKloPmmtlUVr2%2BEjS2g3fRHECpNvL8fj9xN5VzbdUDpBwFPSb0NtfYNDToxep8YLlOngKvstFFhXSRUUIHCeNxoHJJLJZr8z"}],"group":"cf-nel","max_age":604800}', 'NEL': '{"success_fraction":0,"report_to":"cf-nel","max_age":604800}', 'Server': 'cloudflare', 'CF-RAY': '881e3d6a3d0f08d2-LAX', 'alt-svc': 'h3=":443"; ma=86400'} 
 body={"results":[{"gender":"female","name":{"title":"Miss","first":"Beatrice","last":"Ramkisoen"},"location":{"street":{"number":9208,"name":"De Geestakkers"},"city":"Horst","state":"Flevoland","country":"Netherlands","postcode":"7307 LG","coordinates":{"latitude":"34.1998","longitude":"133.9611"},"timezone":{"offset":"-11:00","description":"Midway Island, Samoa"}},"email":"beatrice.ramkisoen@example.com","login":{"uuid":"1930e552-946d-4d8d-a216-d9b679dc2adf","username":"greensnake650","password":"babies","salt":"sAZYF25k","md5":"3580434b8d85698b1d525e59a98734b2","sha1":"395e507294c8ba1397b9a2c52e27d668a76cab9a","sha256":"3863b76e58d89e96d646560aa1b477c16c4a4aaca11dd0f071b0450af8ca5fc8"},"dob":{"date":"1986-10-03T02:24:14.024Z","age":37},"registered":{"date":"2010-12-28T05:41:51.191Z","age":13},"phone":"(058) 7168949","cell":"(06) 42495220","id":{"name":"BSN","value":"09932775"},"picture":{"large":"https://randomuser.me/api/portraits/women/47.jpg","medium":"https://randomuser.me/api/portraits/med/women/47.jpg","thumbnail":"https://randomuser.me/api/portraits/thumb/women/47.jpg"},"nat":"NL"}],"info":{"seed":"50ec261517a2dff7","results":1,"page":1,"version":"1.4"}} 
 </msg>
<msg time="2024-05-11T01:01:48.628200" level="INFO">/opt/hostedtoolcache/Python/3.12.3/x64/lib/python3.12/site-packages/urllib3/connectionpool.py:1103: InsecureRequestWarning: Unverified HTTPS request is being made to host 'randomuser.me'. Adding certificate verification is strongly advised. See: https://urllib3.readthedocs.io/en/latest/advanced-usage.html#tls-warnings
  warnings.warn(</msg>
<msg time="2024-05-11T01:01:48.628316" level="INFO">${response} = &lt;Response [200]&gt;</msg>
<var>${response}</var>
<arg>consultarAPI</arg>
<arg>/api</arg>
<doc>Sends a GET request on a previously created HTTP Session.</doc>
<status status="PASS" start="2024-05-11T01:01:48.446372" elapsed="0.181985"/>
</kw>
<kw name="Should Be Equal As Numbers" owner="BuiltIn">
<msg time="2024-05-11T01:01:48.629345" level="INFO">Argument types are:
&lt;class 'int'&gt;
&lt;class 'str'&gt;</msg>
<arg>${response.status_code}</arg>
<arg>200</arg>
<doc>Fails if objects are unequal after converting them to real numbers.</doc>
<status status="PASS" start="2024-05-11T01:01:48.628860" elapsed="0.000549"/>
</kw>
<kw name="Log" owner="BuiltIn">
<msg time="2024-05-11T01:01:48.630094" level="INFO">200</msg>
<arg>${response.status_code}</arg>
<doc>Logs the given message with the given level.</doc>
<status status="PASS" start="2024-05-11T01:01:48.629731" elapsed="0.000405"/>
</kw>
<kw name="Set Variable" owner="BuiltIn">
<msg time="2024-05-11T01:01:48.630869" level="INFO">${json_data} = {'results': [{'gender': 'female', 'name': {'title': 'Miss', 'first': 'Beatrice', 'last': 'Ramkisoen'}, 'location': {'street': {'number': 9208, 'name': 'De Geestakkers'}, 'city': 'Horst', 'state': 'Fle...</msg>
<var>${json_data}</var>
<arg>${response.json()}</arg>
<doc>Returns the given values which can then be assigned to a variables.</doc>
<status status="PASS" start="2024-05-11T01:01:48.630440" elapsed="0.000456"/>
</kw>
<kw name="Dictionary Should Contain Key" owner="Collections">
<msg time="2024-05-11T01:01:48.631364" level="INFO">False</msg>
<arg>${json_data}</arg>
<arg>results</arg>
<doc>Fails if ``key`` is not found from ``dictionary``.</doc>
<status status="PASS" start="2024-05-11T01:01:48.631196" elapsed="0.000208"/>
</kw>
<status status="PASS" start="2024-05-11T01:01:48.446130" elapsed="0.185576"/>
</kw>
<doc>Testa se a API responde corretamente e retorna um objeto JSON válido.</doc>
<tag>testeRequisicaoBasica</tag>
<status status="PASS" start="2024-05-11T01:01:48.445591" elapsed="0.186289"/>
</test>
<test id="s1-s1-t3" name="Validar estrutura de resposta" line="22">
<kw name="Teste de Estrutura de Resposta" owner="random-user-service">
<kw name="GET On Session" owner="RequestsLibrary">
<msg time="2024-05-11T01:01:48.731195" level="INFO">GET Request : url=https://randomuser.me/api 
 path_url=/api 
 headers={'User-Agent': 'python-requests/2.31.0', 'Accept-Encoding': 'gzip, deflate', 'Accept': '*/*', 'Connection': 'keep-alive'} 
 body=None 
 </msg>
<msg time="2024-05-11T01:01:48.731260" level="INFO">GET Response : url=https://randomuser.me/api 
 status=200, reason=OK 
 headers={'Date': 'Sat, 11 May 2024 01:01:48 GMT', 'Content-Type': 'application/json; charset=utf-8', 'Transfer-Encoding': 'chunked', 'Connection': 'keep-alive', 'X-Powered-By': 'Express', 'Access-Control-Allow-Origin': '*', 'Cache-Control': 'no-cache', 'ETag': 'W/"48d-1q75VrG9NtJn/m2R8jmxVK+ClKI"', 'Vary': 'Accept-Encoding', 'Content-Encoding': 'gzip', 'CF-Cache-Status': 'DYNAMIC', 'Report-To': '{"endpoints":[{"url":"https:\\/\\/a.nel.cloudflare.com\\/report\\/v4?s=Uf5wAggsJ%2Fbo3mcgfD3I0VS0rWrqtSv4TiuY%2BEzsuJrgnvyHlcJGZj35%2BlHaXsZ0yG7Y18WRedF6QFssDPjX7kXh%2FAZuB3dUodxoK%2BcujK7yz%2FkIK7qjWh1xVqz19Zzb"}],"group":"cf-nel","max_age":604800}', 'NEL': '{"success_fraction":0,"report_to":"cf-nel","max_age":604800}', 'Server': 'cloudflare', 'CF-RAY': '881e3d6afdd408d2-LAX', 'alt-svc': 'h3=":443"; ma=86400'} 
 body={"results":[{"gender":"female","name":{"title":"Ms","first":"Diane","last":"Fox"},"location":{"street":{"number":919,"name":"Sunset St"},"city":"Queanbeyan","state":"Tasmania","country":"Australia","postcode":7461,"coordinates":{"latitude":"-87.5193","longitude":"48.9112"},"timezone":{"offset":"-6:00","description":"Central Time (US &amp; Canada), Mexico City"}},"email":"diane.fox@example.com","login":{"uuid":"44e31cba-746c-4ea1-98b0-ea07a9b8e3c5","username":"angrytiger689","password":"project","salt":"qyV5OheI","md5":"6cd6f92d04d4250d8c5b8da2df1996dd","sha1":"77347068f5a1dc5c9f2f02decbacb15aad3c8233","sha256":"b9866bf48fe75079528aea5a4a077d8fcab0a6a673c08e7ab176059609f9c8d9"},"dob":{"date":"1945-08-26T21:45:26.160Z","age":78},"registered":{"date":"2012-02-15T19:23:33.180Z","age":12},"phone":"05-7592-7324","cell":"0431-888-512","id":{"name":"TFN","value":"797363824"},"picture":{"large":"https://randomuser.me/api/portraits/women/65.jpg","medium":"https://randomuser.me/api/portraits/med/women/65.jpg","thumbnail":"https://randomuser.me/api/portraits/thumb/women/65.jpg"},"nat":"AU"}],"info":{"seed":"37c543b92103bfff","results":1,"page":1,"version":"1.4"}} 
 </msg>
<msg time="2024-05-11T01:01:48.731353" level="INFO">/opt/hostedtoolcache/Python/3.12.3/x64/lib/python3.12/site-packages/urllib3/connectionpool.py:1103: InsecureRequestWarning: Unverified HTTPS request is being made to host 'randomuser.me'. Adding certificate verification is strongly advised. See: https://urllib3.readthedocs.io/en/latest/advanced-usage.html#tls-warnings
  warnings.warn(</msg>
<msg time="2024-05-11T01:01:48.731472" level="INFO">${response} = &lt;Response [200]&gt;</msg>
<var>${response}</var>
<arg>consultarAPI</arg>
<arg>/api</arg>
<doc>Sends a GET request on a previously created HTTP Session.</doc>
<status status="PASS" start="2024-05-11T01:01:48.634497" elapsed="0.097017"/>
</kw>
<kw name="Set Variable" owner="BuiltIn">
<msg time="2024-05-11T01:01:48.732532" level="INFO">${json_data} = {'results': [{'gender': 'female', 'name': {'title': 'Ms', 'first': 'Diane', 'last': 'Fox'}, 'location': {'street': {'number': 919, 'name': 'Sunset St'}, 'city': 'Queanbeyan', 'state': 'Tasmania', 'cou...</msg>
<var>${json_data}</var>
<arg>${response.json()}</arg>
<doc>Returns the given values which can then be assigned to a variables.</doc>
<status status="PASS" start="2024-05-11T01:01:48.731961" elapsed="0.000600"/>
</kw>
<kw name="Log" owner="BuiltIn">
<msg time="2024-05-11T01:01:48.733022" level="INFO">{'results': [{'gender': 'female', 'name': {'title': 'Ms', 'first': 'Diane', 'last': 'Fox'}, 'location': {'street': {'number': 919, 'name': 'Sunset St'}, 'city': 'Queanbeyan', 'state': 'Tasmania', 'country': 'Australia', 'postcode': 7461, 'coordinates': {'latitude': '-87.5193', 'longitude': '48.9112'}, 'timezone': {'offset': '-6:00', 'description': 'Central Time (US &amp; Canada), Mexico City'}}, 'email': 'diane.fox@example.com', 'login': {'uuid': '44e31cba-746c-4ea1-98b0-ea07a9b8e3c5', 'username': 'angrytiger689', 'password': 'project', 'salt': 'qyV5OheI', 'md5': '6cd6f92d04d4250d8c5b8da2df1996dd', 'sha1': '77347068f5a1dc5c9f2f02decbacb15aad3c8233', 'sha256': 'b9866bf48fe75079528aea5a4a077d8fcab0a6a673c08e7ab176059609f9c8d9'}, 'dob': {'date': '1945-08-26T21:45:26.160Z', 'age': 78}, 'registered': {'date': '2012-02-15T19:23:33.180Z', 'age': 12}, 'phone': '05-7592-7324', 'cell': '0431-888-512', 'id': {'name': 'TFN', 'value': '797363824'}, 'picture': {'large': 'https://randomuser.me/api/portraits/women/65.jpg', 'medium': 'https://randomuser.me/api/portraits/med/women/65.jpg', 'thumbnail': 'https://randomuser.me/api/portraits/thumb/women/65.jpg'}, 'nat': 'AU'}], 'info': {'seed': '37c543b92103bfff', 'results': 1, 'page': 1, 'version': '1.4'}}</msg>
<arg>${json_data}</arg>
<doc>Logs the given message with the given level.</doc>
<status status="PASS" start="2024-05-11T01:01:48.732867" elapsed="0.000204"/>
</kw>
<kw name="Dictionary Should Contain Key" owner="Collections">
<msg time="2024-05-11T01:01:48.733523" level="INFO">False</msg>
<arg>${json_data}</arg>
<arg>results</arg>
<doc>Fails if ``key`` is not found from ``dictionary``.</doc>
<status status="PASS" start="2024-05-11T01:01:48.733362" elapsed="0.000199"/>
</kw>
<kw name="Should Not Be Empty" owner="BuiltIn">
<msg time="2024-05-11T01:01:48.733983" level="INFO">Length is 2.</msg>
<arg>${json_data}</arg>
<doc>Verifies that the given item is not empty.</doc>
<status status="PASS" start="2024-05-11T01:01:48.733848" elapsed="0.000296"/>
</kw>
<kw name="Create List" owner="BuiltIn">
<msg time="2024-05-11T01:01:48.734595" level="INFO">${expected_keys} = ['gender', 'name', 'location', 'email', 'login']</msg>
<var>${expected_keys}</var>
<arg>gender</arg>
<arg>name</arg>
<arg>location</arg>
<arg>email</arg>
<arg>login</arg>
<doc>Returns a list containing given items.</doc>
<status status="PASS" start="2024-05-11T01:01:48.734439" elapsed="0.000180"/>
</kw>
<for flavor="IN">
<iter>
<kw name="Dictionary Should Contain Key" owner="Collections">
<msg time="2024-05-11T01:01:48.735623" level="INFO">False</msg>
<arg>${json_data['results'][0]}</arg>
<arg>${key}</arg>
<doc>Fails if ``key`` is not found from ``dictionary``.</doc>
<status status="PASS" start="2024-05-11T01:01:48.735173" elapsed="0.000491"/>
</kw>
<kw name="Log" owner="BuiltIn">
<msg time="2024-05-11T01:01:48.736327" level="INFO">{'gender': 'female', 'name': {'title': 'Ms', 'first': 'Diane', 'last': 'Fox'}, 'location': {'street': {'number': 919, 'name': 'Sunset St'}, 'city': 'Queanbeyan', 'state': 'Tasmania', 'country': 'Australia', 'postcode': 7461, 'coordinates': {'latitude': '-87.5193', 'longitude': '48.9112'}, 'timezone': {'offset': '-6:00', 'description': 'Central Time (US &amp; Canada), Mexico City'}}, 'email': 'diane.fox@example.com', 'login': {'uuid': '44e31cba-746c-4ea1-98b0-ea07a9b8e3c5', 'username': 'angrytiger689', 'password': 'project', 'salt': 'qyV5OheI', 'md5': '6cd6f92d04d4250d8c5b8da2df1996dd', 'sha1': '77347068f5a1dc5c9f2f02decbacb15aad3c8233', 'sha256': 'b9866bf48fe75079528aea5a4a077d8fcab0a6a673c08e7ab176059609f9c8d9'}, 'dob': {'date': '1945-08-26T21:45:26.160Z', 'age': 78}, 'registered': {'date': '2012-02-15T19:23:33.180Z', 'age': 12}, 'phone': '05-7592-7324', 'cell': '0431-888-512', 'id': {'name': 'TFN', 'value': '797363824'}, 'picture': {'large': 'https://randomuser.me/api/portraits/women/65.jpg', 'medium': 'https://randomuser.me/api/portraits/med/women/65.jpg', 'thumbnail': 'https://randomuser.me/api/portraits/thumb/women/65.jpg'}, 'nat': 'AU'}</msg>
<arg>${json_data['results'][0]}</arg>
<doc>Logs the given message with the given level.</doc>
<status status="PASS" start="2024-05-11T01:01:48.735962" elapsed="0.000414"/>
</kw>
<kw name="Log" owner="BuiltIn">
<msg time="2024-05-11T01:01:48.736801" level="INFO">gender</msg>
<arg>${key}</arg>
<doc>Logs the given message with the given level.</doc>
<status status="PASS" start="2024-05-11T01:01:48.736674" elapsed="0.000165"/>
</kw>
<var name="${key}">gender</var>
<status status="PASS" start="2024-05-11T01:01:48.735049" elapsed="0.002002"/>
</iter>
<iter>
<kw name="Dictionary Should Contain Key" owner="Collections">
<msg time="2024-05-11T01:01:48.737736" level="INFO">False</msg>
<arg>${json_data['results'][0]}</arg>
<arg>${key}</arg>
<doc>Fails if ``key`` is not found from ``dictionary``.</doc>
<status status="PASS" start="2024-05-11T01:01:48.737351" elapsed="0.000423"/>
</kw>
<kw name="Log" owner="BuiltIn">
<msg time="2024-05-11T01:01:48.738452" level="INFO">{'gender': 'female', 'name': {'title': 'Ms', 'first': 'Diane', 'last': 'Fox'}, 'location': {'street': {'number': 919, 'name': 'Sunset St'}, 'city': 'Queanbeyan', 'state': 'Tasmania', 'country': 'Australia', 'postcode': 7461, 'coordinates': {'latitude': '-87.5193', 'longitude': '48.9112'}, 'timezone': {'offset': '-6:00', 'description': 'Central Time (US &amp; Canada), Mexico City'}}, 'email': 'diane.fox@example.com', 'login': {'uuid': '44e31cba-746c-4ea1-98b0-ea07a9b8e3c5', 'username': 'angrytiger689', 'password': 'project', 'salt': 'qyV5OheI', 'md5': '6cd6f92d04d4250d8c5b8da2df1996dd', 'sha1': '77347068f5a1dc5c9f2f02decbacb15aad3c8233', 'sha256': 'b9866bf48fe75079528aea5a4a077d8fcab0a6a673c08e7ab176059609f9c8d9'}, 'dob': {'date': '1945-08-26T21:45:26.160Z', 'age': 78}, 'registered': {'date': '2012-02-15T19:23:33.180Z', 'age': 12}, 'phone': '05-7592-7324', 'cell': '0431-888-512', 'id': {'name': 'TFN', 'value': '797363824'}, 'picture': {'large': 'https://randomuser.me/api/portraits/women/65.jpg', 'medium': 'https://randomuser.me/api/portraits/med/women/65.jpg', 'thumbnail': 'https://randomuser.me/api/portraits/thumb/women/65.jpg'}, 'nat': 'AU'}</msg>
<arg>${json_data['results'][0]}</arg>
<doc>Logs the given message with the given level.</doc>
<status status="PASS" start="2024-05-11T01:01:48.738092" elapsed="0.000408"/>
</kw>
<kw name="Log" owner="BuiltIn">
<msg time="2024-05-11T01:01:48.738921" level="INFO">name</msg>
<arg>${key}</arg>
<doc>Logs the given message with the given level.</doc>
<status status="PASS" start="2024-05-11T01:01:48.738794" elapsed="0.000165"/>
</kw>
<var name="${key}">name</var>
<status status="PASS" start="2024-05-11T01:01:48.737237" elapsed="0.001936"/>
</iter>
<iter>
<kw name="Dictionary Should Contain Key" owner="Collections">
<msg time="2024-05-11T01:01:48.739900" level="INFO">False</msg>
<arg>${json_data['results'][0]}</arg>
<arg>${key}</arg>
<doc>Fails if ``key`` is not found from ``dictionary``.</doc>
<status status="PASS" start="2024-05-11T01:01:48.739494" elapsed="0.000443"/>
</kw>
<kw name="Log" owner="BuiltIn">
<msg time="2024-05-11T01:01:48.740606" level="INFO">{'gender': 'female', 'name': {'title': 'Ms', 'first': 'Diane', 'last': 'Fox'}, 'location': {'street': {'number': 919, 'name': 'Sunset St'}, 'city': 'Queanbeyan', 'state': 'Tasmania', 'country': 'Australia', 'postcode': 7461, 'coordinates': {'latitude': '-87.5193', 'longitude': '48.9112'}, 'timezone': {'offset': '-6:00', 'description': 'Central Time (US &amp; Canada), Mexico City'}}, 'email': 'diane.fox@example.com', 'login': {'uuid': '44e31cba-746c-4ea1-98b0-ea07a9b8e3c5', 'username': 'angrytiger689', 'password': 'project', 'salt': 'qyV5OheI', 'md5': '6cd6f92d04d4250d8c5b8da2df1996dd', 'sha1': '77347068f5a1dc5c9f2f02decbacb15aad3c8233', 'sha256': 'b9866bf48fe75079528aea5a4a077d8fcab0a6a673c08e7ab176059609f9c8d9'}, 'dob': {'date': '1945-08-26T21:45:26.160Z', 'age': 78}, 'registered': {'date': '2012-02-15T19:23:33.180Z', 'age': 12}, 'phone': '05-7592-7324', 'cell': '0431-888-512', 'id': {'name': 'TFN', 'value': '797363824'}, 'picture': {'large': 'https://randomuser.me/api/portraits/women/65.jpg', 'medium': 'https://randomuser.me/api/portraits/med/women/65.jpg', 'thumbnail': 'https://randomuser.me/api/portraits/thumb/women/65.jpg'}, 'nat': 'AU'}</msg>
<arg>${json_data['results'][0]}</arg>
<doc>Logs the given message with the given level.</doc>
<status status="PASS" start="2024-05-11T01:01:48.740240" elapsed="0.000414"/>
</kw>
<kw name="Log" owner="BuiltIn">
<msg time="2024-05-11T01:01:48.741072" level="INFO">location</msg>
<arg>${key}</arg>
<doc>Logs the given message with the given level.</doc>
<status status="PASS" start="2024-05-11T01:01:48.740946" elapsed="0.000164"/>
</kw>
<var name="${key}">location</var>
<status status="PASS" start="2024-05-11T01:01:48.739353" elapsed="0.001971"/>
</iter>
<iter>
<kw name="Dictionary Should Contain Key" owner="Collections">
<msg time="2024-05-11T01:01:48.741998" level="INFO">False</msg>
<arg>${json_data['results'][0]}</arg>
<arg>${key}</arg>
<doc>Fails if ``key`` is not found from ``dictionary``.</doc>
<status status="PASS" start="2024-05-11T01:01:48.741613" elapsed="0.000423"/>
</kw>
<kw name="Log" owner="BuiltIn">
<msg time="2024-05-11T01:01:48.742700" level="INFO">{'gender': 'female', 'name': {'title': 'Ms', 'first': 'Diane', 'last': 'Fox'}, 'location': {'street': {'number': 919, 'name': 'Sunset St'}, 'city': 'Queanbeyan', 'state': 'Tasmania', 'country': 'Australia', 'postcode': 7461, 'coordinates': {'latitude': '-87.5193', 'longitude': '48.9112'}, 'timezone': {'offset': '-6:00', 'description': 'Central Time (US &amp; Canada), Mexico City'}}, 'email': 'diane.fox@example.com', 'login': {'uuid': '44e31cba-746c-4ea1-98b0-ea07a9b8e3c5', 'username': 'angrytiger689', 'password': 'project', 'salt': 'qyV5OheI', 'md5': '6cd6f92d04d4250d8c5b8da2df1996dd', 'sha1': '77347068f5a1dc5c9f2f02decbacb15aad3c8233', 'sha256': 'b9866bf48fe75079528aea5a4a077d8fcab0a6a673c08e7ab176059609f9c8d9'}, 'dob': {'date': '1945-08-26T21:45:26.160Z', 'age': 78}, 'registered': {'date': '2012-02-15T19:23:33.180Z', 'age': 12}, 'phone': '05-7592-7324', 'cell': '0431-888-512', 'id': {'name': 'TFN', 'value': '797363824'}, 'picture': {'large': 'https://randomuser.me/api/portraits/women/65.jpg', 'medium': 'https://randomuser.me/api/portraits/med/women/65.jpg', 'thumbnail': 'https://randomuser.me/api/portraits/thumb/women/65.jpg'}, 'nat': 'AU'}</msg>
<arg>${json_data['results'][0]}</arg>
<doc>Logs the given message with the given level.</doc>
<status status="PASS" start="2024-05-11T01:01:48.742336" elapsed="0.000414"/>
</kw>
<kw name="Log" owner="BuiltIn">
<msg time="2024-05-11T01:01:48.743168" level="INFO">email</msg>
<arg>${key}</arg>
<doc>Logs the given message with the given level.</doc>
<status status="PASS" start="2024-05-11T01:01:48.743041" elapsed="0.000165"/>
</kw>
<var name="${key}">email</var>
<status status="PASS" start="2024-05-11T01:01:48.741501" elapsed="0.001922"/>
</iter>
<iter>
<kw name="Dictionary Should Contain Key" owner="Collections">
<msg time="2024-05-11T01:01:48.744138" level="INFO">False</msg>
<arg>${json_data['results'][0]}</arg>
<arg>${key}</arg>
<doc>Fails if ``key`` is not found from ``dictionary``.</doc>
<status status="PASS" start="2024-05-11T01:01:48.743749" elapsed="0.000426"/>
</kw>
<kw name="Log" owner="BuiltIn">
<msg time="2024-05-11T01:01:48.744836" level="INFO">{'gender': 'female', 'name': {'title': 'Ms', 'first': 'Diane', 'last': 'Fox'}, 'location': {'street': {'number': 919, 'name': 'Sunset St'}, 'city': 'Queanbeyan', 'state': 'Tasmania', 'country': 'Australia', 'postcode': 7461, 'coordinates': {'latitude': '-87.5193', 'longitude': '48.9112'}, 'timezone': {'offset': '-6:00', 'description': 'Central Time (US &amp; Canada), Mexico City'}}, 'email': 'diane.fox@example.com', 'login': {'uuid': '44e31cba-746c-4ea1-98b0-ea07a9b8e3c5', 'username': 'angrytiger689', 'password': 'project', 'salt': 'qyV5OheI', 'md5': '6cd6f92d04d4250d8c5b8da2df1996dd', 'sha1': '77347068f5a1dc5c9f2f02decbacb15aad3c8233', 'sha256': 'b9866bf48fe75079528aea5a4a077d8fcab0a6a673c08e7ab176059609f9c8d9'}, 'dob': {'date': '1945-08-26T21:45:26.160Z', 'age': 78}, 'registered': {'date': '2012-02-15T19:23:33.180Z', 'age': 12}, 'phone': '05-7592-7324', 'cell': '0431-888-512', 'id': {'name': 'TFN', 'value': '797363824'}, 'picture': {'large': 'https://randomuser.me/api/portraits/women/65.jpg', 'medium': 'https://randomuser.me/api/portraits/med/women/65.jpg', 'thumbnail': 'https://randomuser.me/api/portraits/thumb/women/65.jpg'}, 'nat': 'AU'}</msg>
<arg>${json_data['results'][0]}</arg>
<doc>Logs the given message with the given level.</doc>
<status status="PASS" start="2024-05-11T01:01:48.744469" elapsed="0.000417"/>
</kw>
<kw name="Log" owner="BuiltIn">
<msg time="2024-05-11T01:01:48.745306" level="INFO">login</msg>
<arg>${key}</arg>
<doc>Logs the given message with the given level.</doc>
<status status="PASS" start="2024-05-11T01:01:48.745178" elapsed="0.000166"/>
</kw>
<var name="${key}">login</var>
<status status="PASS" start="2024-05-11T01:01:48.743636" elapsed="0.001949"/>
</iter>
<var>${key}</var>
<value>@{expected_keys}</value>
<status status="PASS" start="2024-05-11T01:01:48.734870" elapsed="0.010843"/>
</for>
<kw name="Create List" owner="BuiltIn">
<msg time="2024-05-11T01:01:48.746043" level="INFO">${expected_keysTwo} = ['username', 'password']</msg>
<var>${expected_keysTwo}</var>
<arg>username</arg>
<arg>password</arg>
<doc>Returns a list containing given items.</doc>
<status status="PASS" start="2024-05-11T01:01:48.745905" elapsed="0.000161"/>
</kw>
<for flavor="IN">
<iter>
<kw name="Dictionary Should Contain Key" owner="Collections">
<msg time="2024-05-11T01:01:48.747284" level="INFO">False</msg>
<arg>${json_data['results'][0]['login']}</arg>
<arg>${keyTwo}</arg>
<doc>Fails if ``key`` is not found from ``dictionary``.</doc>
<status status="PASS" start="2024-05-11T01:01:48.746738" elapsed="0.000586"/>
</kw>
<kw name="Dictionary Should Contain Key" owner="Collections">
<msg time="2024-05-11T01:01:48.748059" level="INFO">False</msg>
<arg>${json_data['results'][0]['login']}</arg>
<arg>${keyTwo}</arg>
<doc>Fails if ``key`` is not found from ``dictionary``.</doc>
<status status="PASS" start="2024-05-11T01:01:48.747662" elapsed="0.000437"/>
</kw>
<kw name="Log" owner="BuiltIn">
<msg time="2024-05-11T01:01:48.748524" level="INFO">username</msg>
<arg>${keyTwo}</arg>
<doc>Logs the given message with the given level.</doc>
<status status="PASS" start="2024-05-11T01:01:48.748395" elapsed="0.000173"/>
</kw>
<var name="${keyTwo}">username</var>
<status status="PASS" start="2024-05-11T01:01:48.746573" elapsed="0.002212"/>
</iter>
<iter>
<kw name="Dictionary Should Contain Key" owner="Collections">
<msg time="2024-05-11T01:01:48.749543" level="INFO">False</msg>
<arg>${json_data['results'][0]['login']}</arg>
<arg>${keyTwo}</arg>
<doc>Fails if ``key`` is not found from ``dictionary``.</doc>
<status status="PASS" start="2024-05-11T01:01:48.749072" elapsed="0.000511"/>
</kw>
<kw name="Dictionary Should Contain Key" owner="Collections">
<msg time="2024-05-11T01:01:48.750267" level="INFO">False</msg>
<arg>${json_data['results'][0]['login']}</arg>
<arg>${keyTwo}</arg>
<doc>Fails if ``key`` is not found from ``dictionary``.</doc>
<status status="PASS" start="2024-05-11T01:01:48.749882" elapsed="0.000422"/>
</kw>
<kw name="Log" owner="BuiltIn">
<msg time="2024-05-11T01:01:48.750728" level="INFO">password</msg>
<arg>${keyTwo}</arg>
<doc>Logs the given message with the given level.</doc>
<status status="PASS" start="2024-05-11T01:01:48.750598" elapsed="0.000167"/>
</kw>
<var name="${keyTwo}">password</var>
<status status="PASS" start="2024-05-11T01:01:48.748961" elapsed="0.002024"/>
</iter>
<var>${keyTwo}</var>
<value>@{expected_keysTwo}</value>
<status status="PASS" start="2024-05-11T01:01:48.746357" elapsed="0.004752"/>
</for>
<status status="PASS" start="2024-05-11T01:01:48.634262" elapsed="0.116986"/>
</kw>
<doc>Testa a estrutura da resposta da API.</doc>
<tag>testeEstruturaResposta</tag>
<status status="PASS" start="2024-05-11T01:01:48.633679" elapsed="0.117715"/>
</test>
<test id="s1-s1-t4" name="Validar tipos de dados" line="28">
<kw name="Teste de Tipos de Dados" owner="random-user-service">
<kw name="GET On Session" owner="RequestsLibrary">
<msg time="2024-05-11T01:01:48.848565" level="INFO">GET Request : url=https://randomuser.me/api 
 path_url=/api 
 headers={'User-Agent': 'python-requests/2.31.0', 'Accept-Encoding': 'gzip, deflate', 'Accept': '*/*', 'Connection': 'keep-alive'} 
 body=None 
 </msg>
<msg time="2024-05-11T01:01:48.848652" level="INFO">GET Response : url=https://randomuser.me/api 
 status=200, reason=OK 
 headers={'Date': 'Sat, 11 May 2024 01:01:48 GMT', 'Content-Type': 'application/json; charset=utf-8', 'Transfer-Encoding': 'chunked', 'Connection': 'keep-alive', 'X-Powered-By': 'Express', 'Access-Control-Allow-Origin': '*', 'Cache-Control': 'no-cache', 'ETag': 'W/"49d-kZ82G0gx32Vf54KpdoxKxK3Y210"', 'Vary': 'Accept-Encoding', 'Content-Encoding': 'gzip', 'CF-Cache-Status': 'DYNAMIC', 'Report-To': '{"endpoints":[{"url":"https:\\/\\/a.nel.cloudflare.com\\/report\\/v4?s=%2B95Lz%2B4JmxGAx8jHddkcY0dK%2FqEPp%2F5BvalrjaF%2BNFoi6x%2FUlmSn8KrxFHLmNYZdR8a2XU1u1PdJvphZpKZn6UJ4HvIdkwe5E%2Fjb%2FzMakpCG8am8Fb5wA8%2FoA476P2bO"}],"group":"cf-nel","max_age":604800}', 'NEL': '{"success_fraction":0,"report_to":"cf-nel","max_age":604800}', 'Server': 'cloudflare', 'CF-RAY': '881e3d6bbed708d2-LAX', 'alt-svc': 'h3=":443"; ma=86400'} 
 body={"results":[{"gender":"female","name":{"title":"Ms","first":"Nuria","last":"Méndez"},"location":{"street":{"number":1265,"name":"Calle de Argumosa"},"city":"Lorca","state":"Castilla y León","country":"Spain","postcode":48154,"coordinates":{"latitude":"-33.3218","longitude":"121.9137"},"timezone":{"offset":"+8:00","description":"Beijing, Perth, Singapore, Hong Kong"}},"email":"nuria.mendez@example.com","login":{"uuid":"b8fd2575-6517-41a4-a35a-b0cef785be12","username":"purplepeacock135","password":"favorite","salt":"xeDeOrym","md5":"f1cf74242f8c0f5b29a28fe901dd4cd4","sha1":"283337fcc4481bf2341f2499cbefafe3b09d5737","sha256":"5ade86b69c19d6aa4b2cdf749f98c772cfdae00ad1438822e1449eaa2f2725b0"},"dob":{"date":"1988-01-20T15:43:32.177Z","age":36},"registered":{"date":"2020-01-13T01:09:05.812Z","age":4},"phone":"945-369-110","cell":"628-637-352","id":{"name":"DNI","value":"37610536-V"},"picture":{"large":"https://randomuser.me/api/portraits/women/92.jpg","medium":"https://randomuser.me/api/portraits/med/women/92.jpg","thumbnail":"https://randomuser.me/api/portraits/thumb/women/92.jpg"},"nat":"ES"}],"info":{"seed":"b48ce55113bcd207","results":1,"page":1,"version":"1.4"}} 
 </msg>
<msg time="2024-05-11T01:01:48.848729" level="INFO">/opt/hostedtoolcache/Python/3.12.3/x64/lib/python3.12/site-packages/urllib3/connectionpool.py:1103: InsecureRequestWarning: Unverified HTTPS request is being made to host 'randomuser.me'. Adding certificate verification is strongly advised. See: https://urllib3.readthedocs.io/en/latest/advanced-usage.html#tls-warnings
  warnings.warn(</msg>
<msg time="2024-05-11T01:01:48.848854" level="INFO">${response} = &lt;Response [200]&gt;</msg>
<var>${response}</var>
<arg>consultarAPI</arg>
<arg>/api</arg>
<doc>Sends a GET request on a previously created HTTP Session.</doc>
<status status="PASS" start="2024-05-11T01:01:48.753933" elapsed="0.094977"/>
</kw>
<kw name="Set Variable" owner="BuiltIn">
<msg time="2024-05-11T01:01:48.850050" level="INFO">${json_data} = {'results': [{'gender': 'female', 'name': {'title': 'Ms', 'first': 'Nuria', 'last': 'Méndez'}, 'location': {'street': {'number': 1265, 'name': 'Calle de Argumosa'}, 'city': 'Lorca', 'state': 'Castilla...</msg>
<var>${json_data}</var>
<arg>${response.json()}</arg>
<doc>Returns the given values which can then be assigned to a variables.</doc>
<status status="PASS" start="2024-05-11T01:01:48.849489" elapsed="0.000591"/>
</kw>
<kw name="Log" owner="BuiltIn">
<msg time="2024-05-11T01:01:48.850550" level="INFO">{'results': [{'gender': 'female', 'name': {'title': 'Ms', 'first': 'Nuria', 'last': 'Méndez'}, 'location': {'street': {'number': 1265, 'name': 'Calle de Argumosa'}, 'city': 'Lorca', 'state': 'Castilla y León', 'country': 'Spain', 'postcode': 48154, 'coordinates': {'latitude': '-33.3218', 'longitude': '121.9137'}, 'timezone': {'offset': '+8:00', 'description': 'Beijing, Perth, Singapore, Hong Kong'}}, 'email': 'nuria.mendez@example.com', 'login': {'uuid': 'b8fd2575-6517-41a4-a35a-b0cef785be12', 'username': 'purplepeacock135', 'password': 'favorite', 'salt': 'xeDeOrym', 'md5': 'f1cf74242f8c0f5b29a28fe901dd4cd4', 'sha1': '283337fcc4481bf2341f2499cbefafe3b09d5737', 'sha256': '5ade86b69c19d6aa4b2cdf749f98c772cfdae00ad1438822e1449eaa2f2725b0'}, 'dob': {'date': '1988-01-20T15:43:32.177Z', 'age': 36}, 'registered': {'date': '2020-01-13T01:09:05.812Z', 'age': 4}, 'phone': '945-369-110', 'cell': '628-637-352', 'id': {'name': 'DNI', 'value': '37610536-V'}, 'picture': {'large': 'https://randomuser.me/api/portraits/women/92.jpg', 'medium': 'https://randomuser.me/api/portraits/med/women/92.jpg', 'thumbnail': 'https://randomuser.me/api/portraits/thumb/women/92.jpg'}, 'nat': 'ES'}], 'info': {'seed': 'b48ce55113bcd207', 'results': 1, 'page': 1, 'version': '1.4'}}</msg>
<arg>${json_data}</arg>
<doc>Logs the given message with the given level.</doc>
<status status="PASS" start="2024-05-11T01:01:48.850393" elapsed="0.000237"/>
</kw>
<kw name="Should Be String" owner="String">
<arg>${json_data['results'][0]['gender']}</arg>
<doc>Fails if the given ``item`` is not a string.</doc>
<status status="PASS" start="2024-05-11T01:01:48.850929" elapsed="0.000365"/>
</kw>
<kw name="Should Match Regexp" owner="BuiltIn">
<arg>${json_data['results'][0]['email']}</arg>
<arg>^[a-zA-Z0-9._%+-]+@[a-zA-Z0-9.-]+\.[a-zA-Z]{2,}$</arg>
<doc>Fails if ``string`` does not match ``pattern`` as a regular expression.</doc>
<status status="PASS" start="2024-05-11T01:01:48.851531" elapsed="0.000512"/>
</kw>
<kw name="Should Match Regexp" owner="BuiltIn">
<arg>${json_data['results'][0]['dob']['date']}</arg>
<arg>\\d{4}-\\d{2}-\\d{2}T\\d{2}:\\d{2}:\\d{2}\\.\\d{3}Z</arg>
<doc>Fails if ``string`` does not match ``pattern`` as a regular expression.</doc>
<status status="PASS" start="2024-05-11T01:01:48.852239" elapsed="0.000491"/>
</kw>
<kw name="Should Match Regexp" owner="BuiltIn">
<arg>${json_data['results'][0]['registered']['date']}</arg>
<arg>\\d{4}-\\d{2}-\\d{2}T\\d{2}:\\d{2}:\\d{2}\\.\\d{3}Z</arg>
<doc>Fails if ``string`` does not match ``pattern`` as a regular expression.</doc>
<status status="PASS" start="2024-05-11T01:01:48.852922" elapsed="0.000367"/>
</kw>
<kw name="Should Match Regexp" owner="BuiltIn">
<arg>${json_data['results'][0]['picture']['large']}</arg>
<arg>^https?://.*\.(?:png|jpe?g|gif|bmp)$</arg>
<doc>Fails if ``string`` does not match ``pattern`` as a regular expression.</doc>
<status status="PASS" start="2024-05-11T01:01:48.853479" elapsed="0.000465"/>
</kw>
<kw name="Should Match Regexp" owner="BuiltIn">
<arg>${json_data['results'][0]['picture']['medium']}</arg>
<arg>^https?://.*\.(?:png|jpe?g|gif|bmp)$</arg>
<doc>Fails if ``string`` does not match ``pattern`` as a regular expression.</doc>
<status status="PASS" start="2024-05-11T01:01:48.854139" elapsed="0.000363"/>
</kw>
<kw name="Should Match Regexp" owner="BuiltIn">
<arg>${json_data['results'][0]['picture']['thumbnail']}</arg>
<arg>^https?://.*\.(?:png|jpe?g|gif|bmp)$</arg>
<doc>Fails if ``string`` does not match ``pattern`` as a regular expression.</doc>
<status status="PASS" start="2024-05-11T01:01:48.854692" elapsed="0.000349"/>
</kw>
<kw name="Log" owner="BuiltIn">
<msg time="2024-05-11T01:01:48.855570" level="INFO">{'large': 'https://randomuser.me/api/portraits/women/92.jpg', 'medium': 'https://randomuser.me/api/portraits/med/women/92.jpg', 'thumbnail': 'https://randomuser.me/api/portraits/thumb/women/92.jpg'}</msg>
<arg>${json_data['results'][0]['picture']}</arg>
<doc>Logs the given message with the given level.</doc>
<status status="PASS" start="2024-05-11T01:01:48.855222" elapsed="0.000390"/>
</kw>
<status status="PASS" start="2024-05-11T01:01:48.753709" elapsed="0.102160"/>
</kw>
<kw name="Teste de Tipos de Dados - Postcode" owner="random-user-service">
<kw name="GET On Session" owner="RequestsLibrary">
<msg time="2024-05-11T01:01:48.958577" level="INFO">GET Request : url=https://randomuser.me/api 
 path_url=/api 
 headers={'User-Agent': 'python-requests/2.31.0', 'Accept-Encoding': 'gzip, deflate', 'Accept': '*/*', 'Connection': 'keep-alive'} 
 body=None 
 </msg>
<msg time="2024-05-11T01:01:48.958648" level="INFO">GET Response : url=https://randomuser.me/api 
 status=200, reason=OK 
 headers={'Date': 'Sat, 11 May 2024 01:01:48 GMT', 'Content-Type': 'application/json; charset=utf-8', 'Transfer-Encoding': 'chunked', 'Connection': 'keep-alive', 'X-Powered-By': 'Express', 'Access-Control-Allow-Origin': '*', 'Cache-Control': 'no-cache', 'ETag': 'W/"49c-pqnQVQYnvhk9jX5S0oA+VvRwn2Y"', 'Vary': 'Accept-Encoding', 'Content-Encoding': 'gzip', 'CF-Cache-Status': 'DYNAMIC', 'Report-To': '{"endpoints":[{"url":"https:\\/\\/a.nel.cloudflare.com\\/report\\/v4?s=WqhhLLEj56%2BuptsAsByGs0OXvsVyCPfZX%2Fg5LUmBjB4lp48uB8HZryQtToHYjcvsagKAfG3y1RlJpVRbRDodTETkgjvgT7gsBYVXJkWLHEhWqr%2B5LeNtYrX7jZgY6orV"}],"group":"cf-nel","max_age":604800}', 'NEL': '{"success_fraction":0,"report_to":"cf-nel","max_age":604800}', 'Server': 'cloudflare', 'CF-RAY': '881e3d6c5fe708d2-LAX', 'alt-svc': 'h3=":443"; ma=86400'} 
 body={"results":[{"gender":"female","name":{"title":"Mrs","first":"Mirna","last":"Subašić"},"location":{"street":{"number":3910,"name":"Živorada Pavlovića "},"city":"Vladimirci","state":"Peć","country":"Serbia","postcode":66812,"coordinates":{"latitude":"55.7393","longitude":"147.1818"},"timezone":{"offset":"+5:30","description":"Bombay, Calcutta, Madras, New Delhi"}},"email":"mirna.subasic@example.com","login":{"uuid":"9c9b6fe7-a174-4c8e-8d40-462ed54d5648","username":"beautifulfish461","password":"disney","salt":"fErXG5VZ","md5":"0d0ff8b76a9677dcfe392427d9ad33a1","sha1":"60a26c8895a49325394a8f8cbf03559f8900f97b","sha256":"56aae0f84d3ddeeba8b83a1749dbf506a3e2b7becba0ec9e775724ec9af00342"},"dob":{"date":"1954-11-30T09:57:00.489Z","age":69},"registered":{"date":"2020-08-22T13:33:14.377Z","age":3},"phone":"012-8342-537","cell":"067-4204-568","id":{"name":"SID","value":"546622354"},"picture":{"large":"https://randomuser.me/api/portraits/women/82.jpg","medium":"https://randomuser.me/api/portraits/med/women/82.jpg","thumbnail":"https://randomuser.me/api/portraits/thumb/women/82.jpg"},"nat":"RS"}],"info":{"seed":"b9d4d6bd857d513d","results":1,"page":1,"version":"1.4"}} 
 </msg>
<msg time="2024-05-11T01:01:48.958707" level="INFO">/opt/hostedtoolcache/Python/3.12.3/x64/lib/python3.12/site-packages/urllib3/connectionpool.py:1103: InsecureRequestWarning: Unverified HTTPS request is being made to host 'randomuser.me'. Adding certificate verification is strongly advised. See: https://urllib3.readthedocs.io/en/latest/advanced-usage.html#tls-warnings
  warnings.warn(</msg>
<msg time="2024-05-11T01:01:48.958791" level="INFO">${response} = &lt;Response [200]&gt;</msg>
<var>${response}</var>
<arg>consultarAPI</arg>
<arg>/api</arg>
<doc>Sends a GET request on a previously created HTTP Session.</doc>
<status status="PASS" start="2024-05-11T01:01:48.856305" elapsed="0.102525"/>
</kw>
<kw name="Set Variable" owner="BuiltIn">
<msg time="2024-05-11T01:01:48.959905" level="INFO">${json_data} = {'results': [{'gender': 'female', 'name': {'title': 'Mrs', 'first': 'Mirna', 'last': 'Subašić'}, 'location': {'street': {'number': 3910, 'name': 'Živorada Pavlovića '}, 'city': 'Vladimirci', 'state': ...</msg>
<var>${json_data}</var>
<arg>${response.json()}</arg>
<doc>Returns the given values which can then be assigned to a variables.</doc>
<status status="PASS" start="2024-05-11T01:01:48.959276" elapsed="0.000659"/>
</kw>
<kw name="Log" owner="BuiltIn">
<msg time="2024-05-11T01:01:48.960406" level="INFO">{'results': [{'gender': 'female', 'name': {'title': 'Mrs', 'first': 'Mirna', 'last': 'Subašić'}, 'location': {'street': {'number': 3910, 'name': 'Živorada Pavlovića '}, 'city': 'Vladimirci', 'state': 'Peć', 'country': 'Serbia', 'postcode': 66812, 'coordinates': {'latitude': '55.7393', 'longitude': '147.1818'}, 'timezone': {'offset': '+5:30', 'description': 'Bombay, Calcutta, Madras, New Delhi'}}, 'email': 'mirna.subasic@example.com', 'login': {'uuid': '9c9b6fe7-a174-4c8e-8d40-462ed54d5648', 'username': 'beautifulfish461', 'password': 'disney', 'salt': 'fErXG5VZ', 'md5': '0d0ff8b76a9677dcfe392427d9ad33a1', 'sha1': '60a26c8895a49325394a8f8cbf03559f8900f97b', 'sha256': '56aae0f84d3ddeeba8b83a1749dbf506a3e2b7becba0ec9e775724ec9af00342'}, 'dob': {'date': '1954-11-30T09:57:00.489Z', 'age': 69}, 'registered': {'date': '2020-08-22T13:33:14.377Z', 'age': 3}, 'phone': '012-8342-537', 'cell': '067-4204-568', 'id': {'name': 'SID', 'value': '546622354'}, 'picture': {'large': 'https://randomuser.me/api/portraits/women/82.jpg', 'medium': 'https://randomuser.me/api/portraits/med/women/82.jpg', 'thumbnail': 'https://randomuser.me/api/portraits/thumb/women/82.jpg'}, 'nat': 'RS'}], 'info': {'seed': 'b9d4d6bd857d513d', 'results': 1, 'page': 1, 'version': '1.4'}}</msg>
<arg>${json_data}</arg>
<doc>Logs the given message with the given level.</doc>
<status status="PASS" start="2024-05-11T01:01:48.960246" elapsed="0.000242"/>
</kw>
<kw name="Should Be Equal As Numbers" owner="BuiltIn">
<arg>${json_data['results'][0]['location']['postcode']}</arg>
<arg>${json_data['results'][0]['location']['postcode']}</arg>
<doc>Fails if objects are unequal after converting them to real numbers.</doc>
<status status="PASS" start="2024-05-11T01:01:48.960920" elapsed="0.000623"/>
</kw>
<kw name="Log" owner="BuiltIn">
<msg time="2024-05-11T01:01:48.962077" level="INFO">66812</msg>
<arg>${json_data['results'][0]['location']['postcode']}</arg>
<doc>Logs the given message with the given level.</doc>
<status status="PASS" start="2024-05-11T01:01:48.961738" elapsed="0.000380"/>
</kw>
<status status="PASS" start="2024-05-11T01:01:48.856084" elapsed="0.106281"/>
</kw>
<doc>Testa se os tipos de dados na resposta da API estão corretos.</doc>
<tag>testeTiposDados</tag>
<status status="PASS" start="2024-05-11T01:01:48.753190" elapsed="0.209333"/>
</test>
<test id="s1-s1-t5" name="Validar conteudo" line="35">
<kw name="Teste de Tipos de Conteudo" owner="random-user-service">
<kw name="GET On Session" owner="RequestsLibrary">
<msg time="2024-05-11T01:01:49.073971" level="INFO">GET Request : url=https://randomuser.me/api 
 path_url=/api 
 headers={'User-Agent': 'python-requests/2.31.0', 'Accept-Encoding': 'gzip, deflate', 'Accept': '*/*', 'Connection': 'keep-alive'} 
 body=None 
 </msg>
<msg time="2024-05-11T01:01:49.074054" level="INFO">GET Response : url=https://randomuser.me/api 
 status=200, reason=OK 
 headers={'Date': 'Sat, 11 May 2024 01:01:49 GMT', 'Content-Type': 'application/json; charset=utf-8', 'Transfer-Encoding': 'chunked', 'Connection': 'keep-alive', 'X-Powered-By': 'Express', 'Access-Control-Allow-Origin': '*', 'Cache-Control': 'no-cache', 'ETag': 'W/"478-2FJI17RMo3xS+1PoDtXvxYgHVaY"', 'Vary': 'Accept-Encoding', 'Content-Encoding': 'gzip', 'CF-Cache-Status': 'DYNAMIC', 'Report-To': '{"endpoints":[{"url":"https:\\/\\/a.nel.cloudflare.com\\/report\\/v4?s=hG5AcQ%2BJU30Z5N%2BxdgOei2PsH1lg%2F9nb3pUGUNiri%2FBmvu0KIoXjFYSUhYcjEf0DP%2FFLXP6qKA4%2B%2BAGJ5rJkgJkiZh2nWjTCrWi6DNSfnWCrE0CKrJaHicHuOsw3elyu"}],"group":"cf-nel","max_age":604800}', 'NEL': '{"success_fraction":0,"report_to":"cf-nel","max_age":604800}', 'Server': 'cloudflare', 'CF-RAY': '881e3d6d08e408d2-LAX', 'alt-svc': 'h3=":443"; ma=86400'} 
 body={"results":[{"gender":"female","name":{"title":"Miss","first":"Marianne","last":"Claire"},"location":{"street":{"number":7010,"name":"Dundas Rd"},"city":"Russell","state":"Ontario","country":"Canada","postcode":"W8H 0F2","coordinates":{"latitude":"-64.8758","longitude":"7.6977"},"timezone":{"offset":"+5:45","description":"Kathmandu"}},"email":"marianne.claire@example.com","login":{"uuid":"c33bb6ba-7dd6-4c9e-b771-f93d2d0ebc74","username":"bigzebra620","password":"jeremy1","salt":"Z2yUK5CB","md5":"0471144db333596f5930c5943c0e82be","sha1":"a9734717aed226bde6b278ac3c1709e52c933198","sha256":"90047a74f1f1796be61f5d1ced87277f48d2a705de98ce11cba8dec7cbfb5e94"},"dob":{"date":"1956-03-27T06:18:40.709Z","age":68},"registered":{"date":"2019-07-05T22:16:45.681Z","age":4},"phone":"W08 S74-3674","cell":"D90 M52-9602","id":{"name":"SIN","value":"352641773"},"picture":{"large":"https://randomuser.me/api/portraits/women/17.jpg","medium":"https://randomuser.me/api/portraits/med/women/17.jpg","thumbnail":"https://randomuser.me/api/portraits/thumb/women/17.jpg"},"nat":"CA"}],"info":{"seed":"37b5c21519d9cb43","results":1,"page":1,"version":"1.4"}} 
 </msg>
<msg time="2024-05-11T01:01:49.074130" level="INFO">/opt/hostedtoolcache/Python/3.12.3/x64/lib/python3.12/site-packages/urllib3/connectionpool.py:1103: InsecureRequestWarning: Unverified HTTPS request is being made to host 'randomuser.me'. Adding certificate verification is strongly advised. See: https://urllib3.readthedocs.io/en/latest/advanced-usage.html#tls-warnings
  warnings.warn(</msg>
<msg time="2024-05-11T01:01:49.074242" level="INFO">${response} = &lt;Response [200]&gt;</msg>
<var>${response}</var>
<arg>consultarAPI</arg>
<arg>/api</arg>
<doc>Sends a GET request on a previously created HTTP Session.</doc>
<status status="PASS" start="2024-05-11T01:01:48.965783" elapsed="0.108498"/>
</kw>
<kw name="Set Variable" owner="BuiltIn">
<msg time="2024-05-11T01:01:49.075218" level="INFO">${json_data} = {'results': [{'gender': 'female', 'name': {'title': 'Miss', 'first': 'Marianne', 'last': 'Claire'}, 'location': {'street': {'number': 7010, 'name': 'Dundas Rd'}, 'city': 'Russell', 'state': 'Ontario',...</msg>
<var>${json_data}</var>
<arg>${response.json()}</arg>
<doc>Returns the given values which can then be assigned to a variables.</doc>
<status status="PASS" start="2024-05-11T01:01:49.074773" elapsed="0.000473"/>
</kw>
<kw name="Set Variable" owner="BuiltIn">
<msg time="2024-05-11T01:01:49.075970" level="INFO">${name_title} = Miss</msg>
<var>${name_title}</var>
<arg>${json_data["results"][0]["name"]["title"]}</arg>
<doc>Returns the given values which can then be assigned to a variables.</doc>
<status status="PASS" start="2024-05-11T01:01:49.075579" elapsed="0.000416"/>
</kw>
<kw name="Create List" owner="BuiltIn">
<msg time="2024-05-11T01:01:49.076434" level="INFO">${allowed_titles} = ['Mr', 'Ms', 'Miss', 'Mrs', 'Madame', 'Monsieur']</msg>
<var>${allowed_titles}</var>
<arg>Mr</arg>
<arg>Ms</arg>
<arg>Miss</arg>
<arg>Mrs</arg>
<arg>Madame</arg>
<arg>Monsieur</arg>
<doc>Returns a list containing given items.</doc>
<status status="PASS" start="2024-05-11T01:01:49.076290" elapsed="0.000168"/>
</kw>
<kw name="List Should Contain Value" owner="Collections">
<msg time="2024-05-11T01:01:49.076915" level="INFO">False</msg>
<arg>${allowed_titles}</arg>
<arg>${name_title}</arg>
<doc>Fails if the ``value`` is not found from ``list``.</doc>
<status status="PASS" start="2024-05-11T01:01:49.076749" elapsed="0.000201"/>
</kw>
<kw name="Set Variable" owner="BuiltIn">
<msg time="2024-05-11T01:01:49.077615" level="INFO">${name_country} = CA</msg>
<var>${name_country}</var>
<arg>${json_data["results"][0]["nat"]}</arg>
<doc>Returns the given values which can then be assigned to a variables.</doc>
<status status="PASS" start="2024-05-11T01:01:49.077236" elapsed="0.000403"/>
</kw>
<kw name="Create List" owner="BuiltIn">
<msg time="2024-05-11T01:01:49.078519" level="INFO">${list_country} = ['AD', 'AE', 'AF', 'AG', 'AI', 'AL', 'AM', 'AO', 'AQ', 'AR', 'AS', 'AT', 'AU', 'AW', 'AX', 'AZ', 'BA', 'BB', 'BD', 'BE', 'BF', 'BG', 'BH', 'BI', 'BJ', 'BL', 'BM', 'BN', 'BO', 'BQ', 'BR', 'BS', 'BT', '...</msg>
<var>${list_country}</var>
<arg>AD</arg>
<arg>AE</arg>
<arg>AF</arg>
<arg>AG</arg>
<arg>AI</arg>
<arg>AL</arg>
<arg>AM</arg>
<arg>AO</arg>
<arg>AQ</arg>
<arg>AR</arg>
<arg>AS</arg>
<arg>AT</arg>
<arg>AU</arg>
<arg>AW</arg>
<arg>AX</arg>
<arg>AZ</arg>
<arg>BA</arg>
<arg>BB</arg>
<arg>BD</arg>
<arg>BE</arg>
<arg>BF</arg>
<arg>BG</arg>
<arg>BH</arg>
<arg>BI</arg>
<arg>BJ</arg>
<arg>BL</arg>
<arg>BM</arg>
<arg>BN</arg>
<arg>BO</arg>
<arg>BQ</arg>
<arg>BR</arg>
<arg>BS</arg>
<arg>BT</arg>
<arg>BV</arg>
<arg>BW</arg>
<arg>BY</arg>
<arg>BZ</arg>
<arg>CA</arg>
<arg>CC</arg>
<arg>CD</arg>
<arg>CF</arg>
<arg>CG</arg>
<arg>CH</arg>
<arg>CI</arg>
<arg>CK</arg>
<arg>CL</arg>
<arg>CM</arg>
<arg>CN</arg>
<arg>CO</arg>
<arg>CR</arg>
<arg>CU</arg>
<arg>CV</arg>
<arg>CW</arg>
<arg>CX</arg>
<arg>CY</arg>
<arg>CZ</arg>
<arg>DE</arg>
<arg>DJ</arg>
<arg>DK</arg>
<arg>DM</arg>
<arg>DO</arg>
<arg>DZ</arg>
<arg>EC</arg>
<arg>EE</arg>
<arg>EG</arg>
<arg>EH</arg>
<arg>ER</arg>
<arg>ES</arg>
<arg>ET</arg>
<arg>FI</arg>
<arg>FJ</arg>
<arg>FK</arg>
<arg>FM</arg>
<arg>FO</arg>
<arg>FR</arg>
<arg>GA</arg>
<arg>GB</arg>
<arg>GD</arg>
<arg>GE</arg>
<arg>GF</arg>
<arg>GG</arg>
<arg>GH</arg>
<arg>GI</arg>
<arg>GL</arg>
<arg>GM</arg>
<arg>GN</arg>
<arg>GP</arg>
<arg>GQ</arg>
<arg>GR</arg>
<arg>GS</arg>
<arg>GT</arg>
<arg>GU</arg>
<arg>GW</arg>
<arg>GY</arg>
<arg>HK</arg>
<arg>HM</arg>
<arg>HN</arg>
<arg>HR</arg>
<arg>HT</arg>
<arg>HU</arg>
<arg>ID</arg>
<arg>IE</arg>
<arg>IL</arg>
<arg>IM</arg>
<arg>IN</arg>
<arg>IO</arg>
<arg>IQ</arg>
<arg>IR</arg>
<arg>IS</arg>
<arg>IT</arg>
<arg>JE</arg>
<arg>JM</arg>
<arg>JO</arg>
<arg>JP</arg>
<arg>KE</arg>
<arg>KG</arg>
<arg>KH</arg>
<arg>KI</arg>
<arg>KM</arg>
<arg>KN</arg>
<arg>KP</arg>
<arg>KR</arg>
<arg>KW</arg>
<arg>KY</arg>
<arg>KZ</arg>
<arg>LA</arg>
<arg>LB</arg>
<arg>LC</arg>
<arg>LI</arg>
<arg>LK</arg>
<arg>LR</arg>
<arg>LS</arg>
<arg>LT</arg>
<arg>LU</arg>
<arg>LV</arg>
<arg>LY</arg>
<arg>MA</arg>
<arg>MC</arg>
<arg>MD</arg>
<arg>ME</arg>
<arg>MF</arg>
<arg>MG</arg>
<arg>MH</arg>
<arg>MK</arg>
<arg>ML</arg>
<arg>MM</arg>
<arg>MN</arg>
<arg>MO</arg>
<arg>MP</arg>
<arg>MQ</arg>
<arg>MR</arg>
<arg>MS</arg>
<arg>MT</arg>
<arg>MU</arg>
<arg>MV</arg>
<arg>MW</arg>
<arg>MX</arg>
<arg>MY</arg>
<arg>MZ</arg>
<arg>NA</arg>
<arg>NC</arg>
<arg>NE</arg>
<arg>NF</arg>
<arg>NG</arg>
<arg>NI</arg>
<arg>NL</arg>
<arg>NO</arg>
<arg>NP</arg>
<arg>NR</arg>
<arg>NU</arg>
<arg>NZ</arg>
<arg>OM</arg>
<arg>PA</arg>
<arg>PE</arg>
<arg>PF</arg>
<arg>PG</arg>
<arg>PH</arg>
<arg>PK</arg>
<arg>PL</arg>
<arg>PM</arg>
<arg>PN</arg>
<arg>PR</arg>
<arg>PS</arg>
<arg>PT</arg>
<arg>PW</arg>
<arg>PY</arg>
<arg>QA</arg>
<arg>RE</arg>
<arg>RO</arg>
<arg>RS</arg>
<arg>RU</arg>
<arg>RW</arg>
<arg>SA</arg>
<arg>SB</arg>
<arg>SC</arg>
<arg>SD</arg>
<arg>SE</arg>
<arg>SG</arg>
<arg>SH</arg>
<arg>SI</arg>
<arg>SJ</arg>
<arg>SK</arg>
<arg>SL</arg>
<arg>SM</arg>
<arg>SN</arg>
<arg>SO</arg>
<arg>SR</arg>
<arg>SS</arg>
<arg>ST</arg>
<arg>SV</arg>
<arg>SX</arg>
<arg>SY</arg>
<arg>SZ</arg>
<arg>TC</arg>
<arg>TD</arg>
<arg>TF</arg>
<arg>TG</arg>
<arg>TH</arg>
<arg>TJ</arg>
<arg>TK</arg>
<arg>TL</arg>
<arg>TM</arg>
<arg>TN</arg>
<arg>TO</arg>
<arg>TR</arg>
<arg>TT</arg>
<arg>TV</arg>
<arg>TW</arg>
<arg>TZ</arg>
<arg>UA</arg>
<arg>UG</arg>
<arg>UM</arg>
<arg>US</arg>
<arg>UY</arg>
<arg>UZ</arg>
<arg>VA</arg>
<arg>VC</arg>
<arg>VE</arg>
<arg>VG</arg>
<arg>VI</arg>
<arg>VN</arg>
<arg>VU</arg>
<arg>WF</arg>
<arg>WS</arg>
<arg>XK</arg>
<arg>YE</arg>
<arg>YT</arg>
<arg>ZA</arg>
<arg>ZM</arg>
<arg>ZW</arg>
<doc>Returns a list containing given items.</doc>
<status status="PASS" start="2024-05-11T01:01:49.077936" elapsed="0.000608"/>
</kw>
<kw name="List Should Contain Value" owner="Collections">
<msg time="2024-05-11T01:01:49.079549" level="INFO">False</msg>
<arg>${list_country}</arg>
<arg>${name_country}</arg>
<doc>Fails if the ``value`` is not found from ``list``.</doc>
<status status="PASS" start="2024-05-11T01:01:49.079330" elapsed="0.000262"/>
</kw>
<kw name="Run Keyword If" owner="BuiltIn">
<kw name="Should Be True" owner="BuiltIn">
<arg>${True}</arg>
<doc>Fails if the given condition is not true.</doc>
<status status="PASS" start="2024-05-11T01:01:49.080645" elapsed="0.000240"/>
</kw>
<arg>${json_data["results"][0]["location"]["coordinates"]["latitude"]} &gt;= -90 and ${json_data["results"][0]["location"]["coordinates"]["latitude"]} &lt;= 90</arg>
<arg>Should Be True</arg>
<arg>${True}</arg>
<doc>Runs the given keyword with the given arguments, if ``condition`` is true.</doc>
<status status="PASS" start="2024-05-11T01:01:49.079902" elapsed="0.001116"/>
</kw>
<kw name="Run Keyword If" owner="BuiltIn">
<kw name="Should Be True" owner="BuiltIn">
<arg>${True}</arg>
<doc>Fails if the given condition is not true.</doc>
<status status="PASS" start="2024-05-11T01:01:49.081905" elapsed="0.000138"/>
</kw>
<arg>${json_data["results"][0]["location"]["coordinates"]["longitude"]} &gt;= -180 and ${json_data["results"][0]["location"]["coordinates"]["longitude"]} &lt;= 180</arg>
<arg>Should Be True</arg>
<arg>${True}</arg>
<doc>Runs the given keyword with the given arguments, if ``condition`` is true.</doc>
<status status="PASS" start="2024-05-11T01:01:49.081204" elapsed="0.000961"/>
</kw>
<status status="PASS" start="2024-05-11T01:01:48.965416" elapsed="0.116876"/>
</kw>
<doc>Testa o conteúdo específico dos campos retornados pela API.</doc>
<tag>testeConteudo</tag>
<status status="PASS" start="2024-05-11T01:01:48.964738" elapsed="0.117696"/>
</test>
<status status="PASS" start="2024-05-11T01:01:48.147078" elapsed="0.937271"/>
</suite>
<status status="PASS" start="2024-05-11T01:01:48.133654" elapsed="0.955729"/>
</suite>
<statistics>
<total>
<stat pass="5" fail="0" skip="0">All Tests</stat>
</total>
<tag>
<stat pass="1" fail="0" skip="0">testeConteudo</stat>
<stat pass="1" fail="0" skip="0">testeEstruturaResposta</stat>
<stat pass="1" fail="0" skip="0">testeRequisicaoBasica</stat>
<stat pass="1" fail="0" skip="0">testeTiposDados</stat>
</tag>
<suite>
<stat pass="5" fail="0" skip="0" id="s1" name="Tests">Tests</stat>
<stat pass="5" fail="0" skip="0" id="s1-s1" name="Random-User-Test">Tests.Random-User-Test</stat>
</suite>
</statistics>
<errors>
</errors>
</robot>
