<?xml version="1.0" encoding="UTF-8"?>
<robot generator="Robot 7.0 (Python 3.12.3 on linux)" generated="2024-05-19T03:17:11.016852" rpa="false" schemaversion="5">
<suite id="s1" name="Tests" source="/home/runner/work/DesafioQAItauRogerioJordao/DesafioQAItauRogerioJordao/RamdonUser/tests">
<suite id="s1-s1" name="Random-User-Test" source="/home/runner/work/DesafioQAItauRogerioJordao/DesafioQAItauRogerioJordao/RamdonUser/tests/random-user-test.robot">
<test id="s1-s1-t1" name="Conectar" line="13">
<kw name="Conectar API" owner="random-user-service">
<kw name="Create Session" owner="RequestsLibrary">
<msg time="2024-05-19T03:17:11.406813" level="INFO">Creating Session using : alias=consultarAPI, url=https://randomuser.me/, headers={},                     cookies={}, auth=None, timeout=None, proxies=None, verify=False,                     debug=0 </msg>
<arg>consultarAPI</arg>
<arg>${URL}</arg>
<doc>Create Session: create a HTTP session to a server</doc>
<status status="PASS" start="2024-05-19T03:17:11.406603" elapsed="0.000409"/>
</kw>
<status status="PASS" start="2024-05-19T03:17:11.405527" elapsed="0.001855"/>
</kw>
<status status="PASS" start="2024-05-19T03:17:11.404785" elapsed="0.002792"/>
</test>
<test id="s1-s1-t2" name="Validar retorno 200 e JSON Válido" line="16">
<kw name="Teste de Requisicao Basica" owner="random-user-service">
<kw name="GET On Session" owner="RequestsLibrary">
<msg time="2024-05-19T03:17:11.503355" level="INFO">GET Request : url=https://randomuser.me/api 
 path_url=/api 
 headers={'User-Agent': 'python-requests/2.31.0', 'Accept-Encoding': 'gzip, deflate', 'Accept': '*/*', 'Connection': 'keep-alive'} 
 body=None 
 </msg>
<msg time="2024-05-19T03:17:11.503508" level="INFO">GET Response : url=https://randomuser.me/api 
 status=200, reason=OK 
 headers={'Date': 'Sun, 19 May 2024 03:17:11 GMT', 'Content-Type': 'application/json; charset=utf-8', 'Transfer-Encoding': 'chunked', 'Connection': 'keep-alive', 'X-Powered-By': 'Express', 'Access-Control-Allow-Origin': '*', 'Cache-Control': 'no-cache', 'ETag': 'W/"472-qrMJOlQ2Cvw7s+RyHX+WRiALcsY"', 'Vary': 'Accept-Encoding', 'Content-Encoding': 'gzip', 'CF-Cache-Status': 'DYNAMIC', 'Report-To': '{"endpoints":[{"url":"https:\\/\\/a.nel.cloudflare.com\\/report\\/v4?s=lobg%2BZ%2BdYPWipiiVxG93jdaEiDjqFTLguVH%2FdeNQHkjv45vR6fOvszAgV9Xi0G6CICB7HHp3db3Y5js80WzJARB7TM%2BPg%2Bszds%2F%2BWe3A6SK%2BBoN5LCjNIl0kjSqQDoeC"}],"group":"cf-nel","max_age":604800}', 'NEL': '{"success_fraction":0,"report_to":"cf-nel","max_age":604800}', 'Server': 'cloudflare', 'CF-RAY': '8860eeba9f8986fe-ORD', 'alt-svc': 'h3=":443"; ma=86400'} 
 body={"results":[{"gender":"male","name":{"title":"Mr","first":"Iver","last":"Bryn"},"location":{"street":{"number":6749,"name":"Kirkebakken"},"city":"Sommarøy","state":"Hordaland","country":"Norway","postcode":"6512","coordinates":{"latitude":"39.3037","longitude":"-43.1398"},"timezone":{"offset":"+6:00","description":"Almaty, Dhaka, Colombo"}},"email":"iver.bryn@example.com","login":{"uuid":"61ca6c5f-41ba-49a6-9241-f809918f0187","username":"crazybutterfly978","password":"bernie","salt":"qgTPJNyL","md5":"ce88b006a1b9397f045b95fdfbac59c5","sha1":"b7217bfa846496690aa06de9831220e6b118c874","sha256":"0b96c3737c2c8daf6a5d7c153d6d1eea8b8b26efbbade94548dad6c4f30808f2"},"dob":{"date":"1974-04-15T17:55:23.829Z","age":50},"registered":{"date":"2002-11-09T14:41:40.310Z","age":21},"phone":"61590054","cell":"49125372","id":{"name":"FN","value":"15047414315"},"picture":{"large":"https://randomuser.me/api/portraits/men/57.jpg","medium":"https://randomuser.me/api/portraits/med/men/57.jpg","thumbnail":"https://randomuser.me/api/portraits/thumb/men/57.jpg"},"nat":"NO"}],"info":{"seed":"d7e74d1136252737","results":1,"page":1,"version":"1.4"}} 
 </msg>
<msg time="2024-05-19T03:17:11.503596" level="INFO">/opt/hostedtoolcache/Python/3.12.3/x64/lib/python3.12/site-packages/urllib3/connectionpool.py:1103: InsecureRequestWarning: Unverified HTTPS request is being made to host 'randomuser.me'. Adding certificate verification is strongly advised. See: https://urllib3.readthedocs.io/en/latest/advanced-usage.html#tls-warnings
  warnings.warn(</msg>
<msg time="2024-05-19T03:17:11.503755" level="INFO">${response} = &lt;Response [200]&gt;</msg>
<var>${response}</var>
<arg>consultarAPI</arg>
<arg>/api</arg>
<doc>Sends a GET request on a previously created HTTP Session.</doc>
<status status="PASS" start="2024-05-19T03:17:11.410333" elapsed="0.093466"/>
</kw>
<kw name="Should Be Equal As Numbers" owner="BuiltIn">
<msg time="2024-05-19T03:17:11.504999" level="INFO">Argument types are:
&lt;class 'int'&gt;
&lt;class 'str'&gt;</msg>
<arg>${response.status_code}</arg>
<arg>200</arg>
<doc>Fails if objects are unequal after converting them to real numbers.</doc>
<status status="PASS" start="2024-05-19T03:17:11.504483" elapsed="0.000586"/>
</kw>
<kw name="Log" owner="BuiltIn">
<msg time="2024-05-19T03:17:11.505842" level="INFO">200</msg>
<arg>${response.status_code}</arg>
<doc>Logs the given message with the given level.</doc>
<status status="PASS" start="2024-05-19T03:17:11.505427" elapsed="0.000460"/>
</kw>
<kw name="Set Variable" owner="BuiltIn">
<msg time="2024-05-19T03:17:11.506651" level="INFO">${json_data} = {'results': [{'gender': 'male', 'name': {'title': 'Mr', 'first': 'Iver', 'last': 'Bryn'}, 'location': {'street': {'number': 6749, 'name': 'Kirkebakken'}, 'city': 'Sommarøy', 'state': 'Hordaland', 'cou...</msg>
<var>${json_data}</var>
<arg>${response.json()}</arg>
<doc>Returns the given values which can then be assigned to a variables.</doc>
<status status="PASS" start="2024-05-19T03:17:11.506204" elapsed="0.000478"/>
</kw>
<kw name="Dictionary Should Contain Key" owner="Collections">
<msg time="2024-05-19T03:17:11.507213" level="INFO">False</msg>
<arg>${json_data}</arg>
<arg>results</arg>
<doc>Fails if ``key`` is not found from ``dictionary``.</doc>
<status status="PASS" start="2024-05-19T03:17:11.507033" elapsed="0.000222"/>
</kw>
<status status="PASS" start="2024-05-19T03:17:11.410084" elapsed="0.097435"/>
</kw>
<doc>Testa se a API responde corretamente e retorna um objeto JSON válido.</doc>
<tag>testeRequisicaoBasica</tag>
<status status="PASS" start="2024-05-19T03:17:11.409485" elapsed="0.098223"/>
</test>
<test id="s1-s1-t3" name="Validar estrutura de resposta" line="22">
<kw name="Teste de Estrutura de Resposta" owner="random-user-service">
<kw name="GET On Session" owner="RequestsLibrary">
<msg time="2024-05-19T03:17:11.606072" level="INFO">GET Request : url=https://randomuser.me/api 
 path_url=/api 
 headers={'User-Agent': 'python-requests/2.31.0', 'Accept-Encoding': 'gzip, deflate', 'Accept': '*/*', 'Connection': 'keep-alive'} 
 body=None 
 </msg>
<msg time="2024-05-19T03:17:11.606184" level="INFO">GET Response : url=https://randomuser.me/api 
 status=200, reason=OK 
 headers={'Date': 'Sun, 19 May 2024 03:17:11 GMT', 'Content-Type': 'application/json; charset=utf-8', 'Transfer-Encoding': 'chunked', 'Connection': 'keep-alive', 'X-Powered-By': 'Express', 'Access-Control-Allow-Origin': '*', 'Cache-Control': 'no-cache', 'ETag': 'W/"485-587PqAAMxyHCbR0hGJs2kr/NBRs"', 'Vary': 'Accept-Encoding', 'Content-Encoding': 'gzip', 'CF-Cache-Status': 'DYNAMIC', 'Report-To': '{"endpoints":[{"url":"https:\\/\\/a.nel.cloudflare.com\\/report\\/v4?s=vDQvupexGaqe0GBT3e6UiIX%2BMp88qmQSB2neJ46j9Rl9pJJcNOwSRa8dWLYvM0zSdrhsPDb%2BDrmj9wgJW%2FouXKz1TpJ9Jf%2FfCGgMn%2BOyJlS04506Yc4fK9sLQblKiteb"}],"group":"cf-nel","max_age":604800}', 'NEL': '{"success_fraction":0,"report_to":"cf-nel","max_age":604800}', 'Server': 'cloudflare', 'CF-RAY': '8860eebaffeb86fe-ORD', 'alt-svc': 'h3=":443"; ma=86400'} 
 body={"results":[{"gender":"female","name":{"title":"Ms","first":"Andrea","last":"Hansen"},"location":{"street":{"number":5906,"name":"Mill Road"},"city":"Preston","state":"County Armagh","country":"United Kingdom","postcode":"OX7F 8NQ","coordinates":{"latitude":"-6.7727","longitude":"121.9973"},"timezone":{"offset":"+4:30","description":"Kabul"}},"email":"andrea.hansen@example.com","login":{"uuid":"15ca97a2-e302-4f39-86e9-c3d306625c38","username":"organicrabbit275","password":"theman","salt":"ock0oLsA","md5":"aeef6575ac9503c3a12aa38d2ee3f546","sha1":"b72597b5d2941e03aca92de100314913d23ad17a","sha256":"a092a4c583fc4dd0ea357924b6645e6d655900525cf867f4ad264da2eed22e67"},"dob":{"date":"1991-08-29T09:37:41.070Z","age":32},"registered":{"date":"2006-01-07T03:18:40.706Z","age":18},"phone":"017687 93170","cell":"07097 354429","id":{"name":"NINO","value":"TB 07 41 27 N"},"picture":{"large":"https://randomuser.me/api/portraits/women/2.jpg","medium":"https://randomuser.me/api/portraits/med/women/2.jpg","thumbnail":"https://randomuser.me/api/portraits/thumb/women/2.jpg"},"nat":"GB"}],"info":{"seed":"996e1508a1c90681","results":1,"page":1,"version":"1.4"}} 
 </msg>
<msg time="2024-05-19T03:17:11.606318" level="INFO">/opt/hostedtoolcache/Python/3.12.3/x64/lib/python3.12/site-packages/urllib3/connectionpool.py:1103: InsecureRequestWarning: Unverified HTTPS request is being made to host 'randomuser.me'. Adding certificate verification is strongly advised. See: https://urllib3.readthedocs.io/en/latest/advanced-usage.html#tls-warnings
  warnings.warn(</msg>
<msg time="2024-05-19T03:17:11.606447" level="INFO">${response} = &lt;Response [200]&gt;</msg>
<var>${response}</var>
<arg>consultarAPI</arg>
<arg>/api</arg>
<doc>Sends a GET request on a previously created HTTP Session.</doc>
<status status="PASS" start="2024-05-19T03:17:11.510446" elapsed="0.096039"/>
</kw>
<kw name="Set Variable" owner="BuiltIn">
<msg time="2024-05-19T03:17:11.607560" level="INFO">${json_data} = {'results': [{'gender': 'female', 'name': {'title': 'Ms', 'first': 'Andrea', 'last': 'Hansen'}, 'location': {'street': {'number': 5906, 'name': 'Mill Road'}, 'city': 'Preston', 'state': 'County Armagh...</msg>
<var>${json_data}</var>
<arg>${response.json()}</arg>
<doc>Returns the given values which can then be assigned to a variables.</doc>
<status status="PASS" start="2024-05-19T03:17:11.607013" elapsed="0.000579"/>
</kw>
<kw name="Log" owner="BuiltIn">
<msg time="2024-05-19T03:17:11.608072" level="INFO">{'results': [{'gender': 'female', 'name': {'title': 'Ms', 'first': 'Andrea', 'last': 'Hansen'}, 'location': {'street': {'number': 5906, 'name': 'Mill Road'}, 'city': 'Preston', 'state': 'County Armagh', 'country': 'United Kingdom', 'postcode': 'OX7F 8NQ', 'coordinates': {'latitude': '-6.7727', 'longitude': '121.9973'}, 'timezone': {'offset': '+4:30', 'description': 'Kabul'}}, 'email': 'andrea.hansen@example.com', 'login': {'uuid': '15ca97a2-e302-4f39-86e9-c3d306625c38', 'username': 'organicrabbit275', 'password': 'theman', 'salt': 'ock0oLsA', 'md5': 'aeef6575ac9503c3a12aa38d2ee3f546', 'sha1': 'b72597b5d2941e03aca92de100314913d23ad17a', 'sha256': 'a092a4c583fc4dd0ea357924b6645e6d655900525cf867f4ad264da2eed22e67'}, 'dob': {'date': '1991-08-29T09:37:41.070Z', 'age': 32}, 'registered': {'date': '2006-01-07T03:18:40.706Z', 'age': 18}, 'phone': '017687 93170', 'cell': '07097 354429', 'id': {'name': 'NINO', 'value': 'TB 07 41 27 N'}, 'picture': {'large': 'https://randomuser.me/api/portraits/women/2.jpg', 'medium': 'https://randomuser.me/api/portraits/med/women/2.jpg', 'thumbnail': 'https://randomuser.me/api/portraits/thumb/women/2.jpg'}, 'nat': 'GB'}], 'info': {'seed': '996e1508a1c90681', 'results': 1, 'page': 1, 'version': '1.4'}}</msg>
<arg>${json_data}</arg>
<doc>Logs the given message with the given level.</doc>
<status status="PASS" start="2024-05-19T03:17:11.607910" elapsed="0.000211"/>
</kw>
<kw name="Dictionary Should Contain Key" owner="Collections">
<msg time="2024-05-19T03:17:11.608585" level="INFO">False</msg>
<arg>${json_data}</arg>
<arg>results</arg>
<doc>Fails if ``key`` is not found from ``dictionary``.</doc>
<status status="PASS" start="2024-05-19T03:17:11.608419" elapsed="0.000204"/>
</kw>
<kw name="Should Not Be Empty" owner="BuiltIn">
<msg time="2024-05-19T03:17:11.609063" level="INFO">Length is 2.</msg>
<arg>${json_data}</arg>
<doc>Verifies that the given item is not empty.</doc>
<status status="PASS" start="2024-05-19T03:17:11.608924" elapsed="0.000346"/>
</kw>
<kw name="Create List" owner="BuiltIn">
<msg time="2024-05-19T03:17:11.609789" level="INFO">${expected_keys} = ['gender', 'name', 'location', 'email', 'login']</msg>
<var>${expected_keys}</var>
<arg>gender</arg>
<arg>name</arg>
<arg>location</arg>
<arg>email</arg>
<arg>login</arg>
<doc>Returns a list containing given items.</doc>
<status status="PASS" start="2024-05-19T03:17:11.609614" elapsed="0.000200"/>
</kw>
<for flavor="IN">
<iter>
<kw name="Dictionary Should Contain Key" owner="Collections">
<msg time="2024-05-19T03:17:11.610834" level="INFO">False</msg>
<arg>${json_data['results'][0]}</arg>
<arg>${key}</arg>
<doc>Fails if ``key`` is not found from ``dictionary``.</doc>
<status status="PASS" start="2024-05-19T03:17:11.610414" elapsed="0.000460"/>
</kw>
<kw name="Log" owner="BuiltIn">
<msg time="2024-05-19T03:17:11.611572" level="INFO">{'gender': 'female', 'name': {'title': 'Ms', 'first': 'Andrea', 'last': 'Hansen'}, 'location': {'street': {'number': 5906, 'name': 'Mill Road'}, 'city': 'Preston', 'state': 'County Armagh', 'country': 'United Kingdom', 'postcode': 'OX7F 8NQ', 'coordinates': {'latitude': '-6.7727', 'longitude': '121.9973'}, 'timezone': {'offset': '+4:30', 'description': 'Kabul'}}, 'email': 'andrea.hansen@example.com', 'login': {'uuid': '15ca97a2-e302-4f39-86e9-c3d306625c38', 'username': 'organicrabbit275', 'password': 'theman', 'salt': 'ock0oLsA', 'md5': 'aeef6575ac9503c3a12aa38d2ee3f546', 'sha1': 'b72597b5d2941e03aca92de100314913d23ad17a', 'sha256': 'a092a4c583fc4dd0ea357924b6645e6d655900525cf867f4ad264da2eed22e67'}, 'dob': {'date': '1991-08-29T09:37:41.070Z', 'age': 32}, 'registered': {'date': '2006-01-07T03:18:40.706Z', 'age': 18}, 'phone': '017687 93170', 'cell': '07097 354429', 'id': {'name': 'NINO', 'value': 'TB 07 41 27 N'}, 'picture': {'large': 'https://randomuser.me/api/portraits/women/2.jpg', 'medium': 'https://randomuser.me/api/portraits/med/women/2.jpg', 'thumbnail': 'https://randomuser.me/api/portraits/thumb/women/2.jpg'}, 'nat': 'GB'}</msg>
<arg>${json_data['results'][0]}</arg>
<doc>Logs the given message with the given level.</doc>
<status status="PASS" start="2024-05-19T03:17:11.611177" elapsed="0.000454"/>
</kw>
<kw name="Log" owner="BuiltIn">
<msg time="2024-05-19T03:17:11.612135" level="INFO">gender</msg>
<arg>${key}</arg>
<doc>Logs the given message with the given level.</doc>
<status status="PASS" start="2024-05-19T03:17:11.611946" elapsed="0.000250"/>
</kw>
<var name="${key}">gender</var>
<status status="PASS" start="2024-05-19T03:17:11.610286" elapsed="0.002259"/>
</iter>
<iter>
<kw name="Dictionary Should Contain Key" owner="Collections">
<msg time="2024-05-19T03:17:11.613627" level="INFO">False</msg>
<arg>${json_data['results'][0]}</arg>
<arg>${key}</arg>
<doc>Fails if ``key`` is not found from ``dictionary``.</doc>
<status status="PASS" start="2024-05-19T03:17:11.613004" elapsed="0.000690"/>
</kw>
<kw name="Log" owner="BuiltIn">
<msg time="2024-05-19T03:17:11.614551" level="INFO">{'gender': 'female', 'name': {'title': 'Ms', 'first': 'Andrea', 'last': 'Hansen'}, 'location': {'street': {'number': 5906, 'name': 'Mill Road'}, 'city': 'Preston', 'state': 'County Armagh', 'country': 'United Kingdom', 'postcode': 'OX7F 8NQ', 'coordinates': {'latitude': '-6.7727', 'longitude': '121.9973'}, 'timezone': {'offset': '+4:30', 'description': 'Kabul'}}, 'email': 'andrea.hansen@example.com', 'login': {'uuid': '15ca97a2-e302-4f39-86e9-c3d306625c38', 'username': 'organicrabbit275', 'password': 'theman', 'salt': 'ock0oLsA', 'md5': 'aeef6575ac9503c3a12aa38d2ee3f546', 'sha1': 'b72597b5d2941e03aca92de100314913d23ad17a', 'sha256': 'a092a4c583fc4dd0ea357924b6645e6d655900525cf867f4ad264da2eed22e67'}, 'dob': {'date': '1991-08-29T09:37:41.070Z', 'age': 32}, 'registered': {'date': '2006-01-07T03:18:40.706Z', 'age': 18}, 'phone': '017687 93170', 'cell': '07097 354429', 'id': {'name': 'NINO', 'value': 'TB 07 41 27 N'}, 'picture': {'large': 'https://randomuser.me/api/portraits/women/2.jpg', 'medium': 'https://randomuser.me/api/portraits/med/women/2.jpg', 'thumbnail': 'https://randomuser.me/api/portraits/thumb/women/2.jpg'}, 'nat': 'GB'}</msg>
<arg>${json_data['results'][0]}</arg>
<doc>Logs the given message with the given level.</doc>
<status status="PASS" start="2024-05-19T03:17:11.614168" elapsed="0.000435"/>
</kw>
<kw name="Log" owner="BuiltIn">
<msg time="2024-05-19T03:17:11.615054" level="INFO">name</msg>
<arg>${key}</arg>
<doc>Logs the given message with the given level.</doc>
<status status="PASS" start="2024-05-19T03:17:11.614922" elapsed="0.000171"/>
</kw>
<var name="${key}">name</var>
<status status="PASS" start="2024-05-19T03:17:11.612830" elapsed="0.002484"/>
</iter>
<iter>
<kw name="Dictionary Should Contain Key" owner="Collections">
<msg time="2024-05-19T03:17:11.616136" level="INFO">False</msg>
<arg>${json_data['results'][0]}</arg>
<arg>${key}</arg>
<doc>Fails if ``key`` is not found from ``dictionary``.</doc>
<status status="PASS" start="2024-05-19T03:17:11.615649" elapsed="0.000553"/>
</kw>
<kw name="Log" owner="BuiltIn">
<msg time="2024-05-19T03:17:11.617036" level="INFO">{'gender': 'female', 'name': {'title': 'Ms', 'first': 'Andrea', 'last': 'Hansen'}, 'location': {'street': {'number': 5906, 'name': 'Mill Road'}, 'city': 'Preston', 'state': 'County Armagh', 'country': 'United Kingdom', 'postcode': 'OX7F 8NQ', 'coordinates': {'latitude': '-6.7727', 'longitude': '121.9973'}, 'timezone': {'offset': '+4:30', 'description': 'Kabul'}}, 'email': 'andrea.hansen@example.com', 'login': {'uuid': '15ca97a2-e302-4f39-86e9-c3d306625c38', 'username': 'organicrabbit275', 'password': 'theman', 'salt': 'ock0oLsA', 'md5': 'aeef6575ac9503c3a12aa38d2ee3f546', 'sha1': 'b72597b5d2941e03aca92de100314913d23ad17a', 'sha256': 'a092a4c583fc4dd0ea357924b6645e6d655900525cf867f4ad264da2eed22e67'}, 'dob': {'date': '1991-08-29T09:37:41.070Z', 'age': 32}, 'registered': {'date': '2006-01-07T03:18:40.706Z', 'age': 18}, 'phone': '017687 93170', 'cell': '07097 354429', 'id': {'name': 'NINO', 'value': 'TB 07 41 27 N'}, 'picture': {'large': 'https://randomuser.me/api/portraits/women/2.jpg', 'medium': 'https://randomuser.me/api/portraits/med/women/2.jpg', 'thumbnail': 'https://randomuser.me/api/portraits/thumb/women/2.jpg'}, 'nat': 'GB'}</msg>
<arg>${json_data['results'][0]}</arg>
<doc>Logs the given message with the given level.</doc>
<status status="PASS" start="2024-05-19T03:17:11.616652" elapsed="0.000434"/>
</kw>
<kw name="Log" owner="BuiltIn">
<msg time="2024-05-19T03:17:11.617518" level="INFO">location</msg>
<arg>${key}</arg>
<doc>Logs the given message with the given level.</doc>
<status status="PASS" start="2024-05-19T03:17:11.617390" elapsed="0.000200"/>
</kw>
<var name="${key}">location</var>
<status status="PASS" start="2024-05-19T03:17:11.615518" elapsed="0.002303"/>
</iter>
<iter>
<kw name="Dictionary Should Contain Key" owner="Collections">
<msg time="2024-05-19T03:17:11.618500" level="INFO">False</msg>
<arg>${json_data['results'][0]}</arg>
<arg>${key}</arg>
<doc>Fails if ``key`` is not found from ``dictionary``.</doc>
<status status="PASS" start="2024-05-19T03:17:11.618112" elapsed="0.000426"/>
</kw>
<kw name="Log" owner="BuiltIn">
<msg time="2024-05-19T03:17:11.619198" level="INFO">{'gender': 'female', 'name': {'title': 'Ms', 'first': 'Andrea', 'last': 'Hansen'}, 'location': {'street': {'number': 5906, 'name': 'Mill Road'}, 'city': 'Preston', 'state': 'County Armagh', 'country': 'United Kingdom', 'postcode': 'OX7F 8NQ', 'coordinates': {'latitude': '-6.7727', 'longitude': '121.9973'}, 'timezone': {'offset': '+4:30', 'description': 'Kabul'}}, 'email': 'andrea.hansen@example.com', 'login': {'uuid': '15ca97a2-e302-4f39-86e9-c3d306625c38', 'username': 'organicrabbit275', 'password': 'theman', 'salt': 'ock0oLsA', 'md5': 'aeef6575ac9503c3a12aa38d2ee3f546', 'sha1': 'b72597b5d2941e03aca92de100314913d23ad17a', 'sha256': 'a092a4c583fc4dd0ea357924b6645e6d655900525cf867f4ad264da2eed22e67'}, 'dob': {'date': '1991-08-29T09:37:41.070Z', 'age': 32}, 'registered': {'date': '2006-01-07T03:18:40.706Z', 'age': 18}, 'phone': '017687 93170', 'cell': '07097 354429', 'id': {'name': 'NINO', 'value': 'TB 07 41 27 N'}, 'picture': {'large': 'https://randomuser.me/api/portraits/women/2.jpg', 'medium': 'https://randomuser.me/api/portraits/med/women/2.jpg', 'thumbnail': 'https://randomuser.me/api/portraits/thumb/women/2.jpg'}, 'nat': 'GB'}</msg>
<arg>${json_data['results'][0]}</arg>
<doc>Logs the given message with the given level.</doc>
<status status="PASS" start="2024-05-19T03:17:11.618840" elapsed="0.000408"/>
</kw>
<kw name="Log" owner="BuiltIn">
<msg time="2024-05-19T03:17:11.619676" level="INFO">email</msg>
<arg>${key}</arg>
<doc>Logs the given message with the given level.</doc>
<status status="PASS" start="2024-05-19T03:17:11.619548" elapsed="0.000166"/>
</kw>
<var name="${key}">email</var>
<status status="PASS" start="2024-05-19T03:17:11.617998" elapsed="0.001934"/>
</iter>
<iter>
<kw name="Dictionary Should Contain Key" owner="Collections">
<msg time="2024-05-19T03:17:11.620600" level="INFO">False</msg>
<arg>${json_data['results'][0]}</arg>
<arg>${key}</arg>
<doc>Fails if ``key`` is not found from ``dictionary``.</doc>
<status status="PASS" start="2024-05-19T03:17:11.620214" elapsed="0.000424"/>
</kw>
<kw name="Log" owner="BuiltIn">
<msg time="2024-05-19T03:17:11.621303" level="INFO">{'gender': 'female', 'name': {'title': 'Ms', 'first': 'Andrea', 'last': 'Hansen'}, 'location': {'street': {'number': 5906, 'name': 'Mill Road'}, 'city': 'Preston', 'state': 'County Armagh', 'country': 'United Kingdom', 'postcode': 'OX7F 8NQ', 'coordinates': {'latitude': '-6.7727', 'longitude': '121.9973'}, 'timezone': {'offset': '+4:30', 'description': 'Kabul'}}, 'email': 'andrea.hansen@example.com', 'login': {'uuid': '15ca97a2-e302-4f39-86e9-c3d306625c38', 'username': 'organicrabbit275', 'password': 'theman', 'salt': 'ock0oLsA', 'md5': 'aeef6575ac9503c3a12aa38d2ee3f546', 'sha1': 'b72597b5d2941e03aca92de100314913d23ad17a', 'sha256': 'a092a4c583fc4dd0ea357924b6645e6d655900525cf867f4ad264da2eed22e67'}, 'dob': {'date': '1991-08-29T09:37:41.070Z', 'age': 32}, 'registered': {'date': '2006-01-07T03:18:40.706Z', 'age': 18}, 'phone': '017687 93170', 'cell': '07097 354429', 'id': {'name': 'NINO', 'value': 'TB 07 41 27 N'}, 'picture': {'large': 'https://randomuser.me/api/portraits/women/2.jpg', 'medium': 'https://randomuser.me/api/portraits/med/women/2.jpg', 'thumbnail': 'https://randomuser.me/api/portraits/thumb/women/2.jpg'}, 'nat': 'GB'}</msg>
<arg>${json_data['results'][0]}</arg>
<doc>Logs the given message with the given level.</doc>
<status status="PASS" start="2024-05-19T03:17:11.620933" elapsed="0.000420"/>
</kw>
<kw name="Log" owner="BuiltIn">
<msg time="2024-05-19T03:17:11.621811" level="INFO">login</msg>
<arg>${key}</arg>
<doc>Logs the given message with the given level.</doc>
<status status="PASS" start="2024-05-19T03:17:11.621680" elapsed="0.000169"/>
</kw>
<var name="${key}">login</var>
<status status="PASS" start="2024-05-19T03:17:11.620103" elapsed="0.001980"/>
</iter>
<var>${key}</var>
<value>@{expected_keys}</value>
<status status="PASS" start="2024-05-19T03:17:11.610087" elapsed="0.012147"/>
</for>
<kw name="Create List" owner="BuiltIn">
<msg time="2024-05-19T03:17:11.622588" level="INFO">${expected_keysTwo} = ['username', 'password']</msg>
<var>${expected_keysTwo}</var>
<arg>username</arg>
<arg>password</arg>
<doc>Returns a list containing given items.</doc>
<status status="PASS" start="2024-05-19T03:17:11.622440" elapsed="0.000172"/>
</kw>
<for flavor="IN">
<iter>
<kw name="Dictionary Should Contain Key" owner="Collections">
<msg time="2024-05-19T03:17:11.623510" level="INFO">False</msg>
<arg>${json_data['results'][0]['login']}</arg>
<arg>${keyTwo}</arg>
<doc>Fails if ``key`` is not found from ``dictionary``.</doc>
<status status="PASS" start="2024-05-19T03:17:11.623118" elapsed="0.000430"/>
</kw>
<kw name="Dictionary Should Contain Key" owner="Collections">
<msg time="2024-05-19T03:17:11.624223" level="INFO">False</msg>
<arg>${json_data['results'][0]['login']}</arg>
<arg>${keyTwo}</arg>
<doc>Fails if ``key`` is not found from ``dictionary``.</doc>
<status status="PASS" start="2024-05-19T03:17:11.623843" elapsed="0.000418"/>
</kw>
<kw name="Log" owner="BuiltIn">
<msg time="2024-05-19T03:17:11.624676" level="INFO">username</msg>
<arg>${keyTwo}</arg>
<doc>Logs the given message with the given level.</doc>
<status status="PASS" start="2024-05-19T03:17:11.624550" elapsed="0.000169"/>
</kw>
<var name="${keyTwo}">username</var>
<status status="PASS" start="2024-05-19T03:17:11.623009" elapsed="0.001927"/>
</iter>
<iter>
<kw name="Dictionary Should Contain Key" owner="Collections">
<msg time="2024-05-19T03:17:11.625712" level="INFO">False</msg>
<arg>${json_data['results'][0]['login']}</arg>
<arg>${keyTwo}</arg>
<doc>Fails if ``key`` is not found from ``dictionary``.</doc>
<status status="PASS" start="2024-05-19T03:17:11.625216" elapsed="0.000537"/>
</kw>
<kw name="Dictionary Should Contain Key" owner="Collections">
<msg time="2024-05-19T03:17:11.626440" level="INFO">False</msg>
<arg>${json_data['results'][0]['login']}</arg>
<arg>${keyTwo}</arg>
<doc>Fails if ``key`` is not found from ``dictionary``.</doc>
<status status="PASS" start="2024-05-19T03:17:11.626060" elapsed="0.000416"/>
</kw>
<kw name="Log" owner="BuiltIn">
<msg time="2024-05-19T03:17:11.626903" level="INFO">password</msg>
<arg>${keyTwo}</arg>
<doc>Logs the given message with the given level.</doc>
<status status="PASS" start="2024-05-19T03:17:11.626772" elapsed="0.000169"/>
</kw>
<var name="${keyTwo}">password</var>
<status status="PASS" start="2024-05-19T03:17:11.625105" elapsed="0.002056"/>
</iter>
<var>${keyTwo}</var>
<value>@{expected_keysTwo}</value>
<status status="PASS" start="2024-05-19T03:17:11.622854" elapsed="0.004426"/>
</for>
<status status="PASS" start="2024-05-19T03:17:11.510207" elapsed="0.117215"/>
</kw>
<doc>Testa a estrutura da resposta da API.</doc>
<tag>testeEstruturaResposta</tag>
<status status="PASS" start="2024-05-19T03:17:11.509595" elapsed="0.117990"/>
</test>
<test id="s1-s1-t4" name="Validar tipos de dados" line="28">
<kw name="Teste de Tipos de Dados" owner="random-user-service">
<kw name="GET On Session" owner="RequestsLibrary">
<msg time="2024-05-19T03:17:11.701840" level="INFO">GET Request : url=https://randomuser.me/api 
 path_url=/api 
 headers={'User-Agent': 'python-requests/2.31.0', 'Accept-Encoding': 'gzip, deflate', 'Accept': '*/*', 'Connection': 'keep-alive'} 
 body=None 
 </msg>
<msg time="2024-05-19T03:17:11.701951" level="INFO">GET Response : url=https://randomuser.me/api 
 status=200, reason=OK 
 headers={'Date': 'Sun, 19 May 2024 03:17:11 GMT', 'Content-Type': 'application/json; charset=utf-8', 'Transfer-Encoding': 'chunked', 'Connection': 'keep-alive', 'X-Powered-By': 'Express', 'Access-Control-Allow-Origin': '*', 'Cache-Control': 'no-cache', 'ETag': 'W/"48b-6a2wc/Vur2pwDr0TRugX2p6/Xxk"', 'Vary': 'Accept-Encoding', 'Content-Encoding': 'gzip', 'CF-Cache-Status': 'DYNAMIC', 'Report-To': '{"endpoints":[{"url":"https:\\/\\/a.nel.cloudflare.com\\/report\\/v4?s=MO3e6dd4J3jiEXSqI2St9biVMproiqgMRk%2FEu1acRqVb5O0tPsX71RPBPQD8uqIyYUEdRkaJulqcsqk2PAtfTtMoBdUsZXPGre76MB7SK0erQVadZho4eMXewZSPglbW"}],"group":"cf-nel","max_age":604800}', 'NEL': '{"success_fraction":0,"report_to":"cf-nel","max_age":604800}', 'Server': 'cloudflare', 'CF-RAY': '8860eebbb91686fe-ORD', 'alt-svc': 'h3=":443"; ma=86400'} 
 body={"results":[{"gender":"male","name":{"title":"Mr","first":"Harvey","last":"Williamson"},"location":{"street":{"number":4334,"name":"Jones Road"},"city":"Birr","state":"Leitrim","country":"Ireland","postcode":52530,"coordinates":{"latitude":"1.6450","longitude":"-138.9826"},"timezone":{"offset":"+1:00","description":"Brussels, Copenhagen, Madrid, Paris"}},"email":"harvey.williamson@example.com","login":{"uuid":"6f765187-3caf-45f3-b37c-b59b8622cb67","username":"heavypeacock750","password":"carbon","salt":"oWN8w0mn","md5":"00cf33dda5533f20b1b1d9937fc174f3","sha1":"fecd8a3ccf3c28b8164299501ce6bf35a1c321b4","sha256":"ee3c446214e8b39c632c39e63e793c2af3ee8acc7ef53a46eb2926c4e3a086ce"},"dob":{"date":"1963-05-06T13:49:28.903Z","age":61},"registered":{"date":"2013-10-04T17:25:41.792Z","age":10},"phone":"041-411-7634","cell":"081-304-4732","id":{"name":"PPS","value":"9197899T"},"picture":{"large":"https://randomuser.me/api/portraits/men/71.jpg","medium":"https://randomuser.me/api/portraits/med/men/71.jpg","thumbnail":"https://randomuser.me/api/portraits/thumb/men/71.jpg"},"nat":"IE"}],"info":{"seed":"e4f1289b939d283d","results":1,"page":1,"version":"1.4"}} 
 </msg>
<msg time="2024-05-19T03:17:11.702031" level="INFO">/opt/hostedtoolcache/Python/3.12.3/x64/lib/python3.12/site-packages/urllib3/connectionpool.py:1103: InsecureRequestWarning: Unverified HTTPS request is being made to host 'randomuser.me'. Adding certificate verification is strongly advised. See: https://urllib3.readthedocs.io/en/latest/advanced-usage.html#tls-warnings
  warnings.warn(</msg>
<msg time="2024-05-19T03:17:11.702175" level="INFO">${response} = &lt;Response [200]&gt;</msg>
<var>${response}</var>
<arg>consultarAPI</arg>
<arg>/api</arg>
<doc>Sends a GET request on a previously created HTTP Session.</doc>
<status status="PASS" start="2024-05-19T03:17:11.630229" elapsed="0.071993"/>
</kw>
<kw name="Set Variable" owner="BuiltIn">
<msg time="2024-05-19T03:17:11.703354" level="INFO">${json_data} = {'results': [{'gender': 'male', 'name': {'title': 'Mr', 'first': 'Harvey', 'last': 'Williamson'}, 'location': {'street': {'number': 4334, 'name': 'Jones Road'}, 'city': 'Birr', 'state': 'Leitrim', 'co...</msg>
<var>${json_data}</var>
<arg>${response.json()}</arg>
<doc>Returns the given values which can then be assigned to a variables.</doc>
<status status="PASS" start="2024-05-19T03:17:11.702811" elapsed="0.000574"/>
</kw>
<kw name="Log" owner="BuiltIn">
<msg time="2024-05-19T03:17:11.703860" level="INFO">{'results': [{'gender': 'male', 'name': {'title': 'Mr', 'first': 'Harvey', 'last': 'Williamson'}, 'location': {'street': {'number': 4334, 'name': 'Jones Road'}, 'city': 'Birr', 'state': 'Leitrim', 'country': 'Ireland', 'postcode': 52530, 'coordinates': {'latitude': '1.6450', 'longitude': '-138.9826'}, 'timezone': {'offset': '+1:00', 'description': 'Brussels, Copenhagen, Madrid, Paris'}}, 'email': 'harvey.williamson@example.com', 'login': {'uuid': '6f765187-3caf-45f3-b37c-b59b8622cb67', 'username': 'heavypeacock750', 'password': 'carbon', 'salt': 'oWN8w0mn', 'md5': '00cf33dda5533f20b1b1d9937fc174f3', 'sha1': 'fecd8a3ccf3c28b8164299501ce6bf35a1c321b4', 'sha256': 'ee3c446214e8b39c632c39e63e793c2af3ee8acc7ef53a46eb2926c4e3a086ce'}, 'dob': {'date': '1963-05-06T13:49:28.903Z', 'age': 61}, 'registered': {'date': '2013-10-04T17:25:41.792Z', 'age': 10}, 'phone': '041-411-7634', 'cell': '081-304-4732', 'id': {'name': 'PPS', 'value': '9197899T'}, 'picture': {'large': 'https://randomuser.me/api/portraits/men/71.jpg', 'medium': 'https://randomuser.me/api/portraits/med/men/71.jpg', 'thumbnail': 'https://randomuser.me/api/portraits/thumb/men/71.jpg'}, 'nat': 'IE'}], 'info': {'seed': 'e4f1289b939d283d', 'results': 1, 'page': 1, 'version': '1.4'}}</msg>
<arg>${json_data}</arg>
<doc>Logs the given message with the given level.</doc>
<status status="PASS" start="2024-05-19T03:17:11.703703" elapsed="0.000242"/>
</kw>
<kw name="Should Be String" owner="String">
<arg>${json_data['results'][0]['gender']}</arg>
<doc>Fails if the given ``item`` is not a string.</doc>
<status status="PASS" start="2024-05-19T03:17:11.704249" elapsed="0.000378"/>
</kw>
<kw name="Should Match Regexp" owner="BuiltIn">
<arg>${json_data['results'][0]['email']}</arg>
<arg>^[a-zA-Z0-9._%+-]+@[a-zA-Z0-9.-]+\.[a-zA-Z]{2,}$</arg>
<doc>Fails if ``string`` does not match ``pattern`` as a regular expression.</doc>
<status status="PASS" start="2024-05-19T03:17:11.704826" elapsed="0.000517"/>
</kw>
<kw name="Should Match Regexp" owner="BuiltIn">
<arg>${json_data['results'][0]['dob']['date']}</arg>
<arg>\\d{4}-\\d{2}-\\d{2}T\\d{2}:\\d{2}:\\d{2}\\.\\d{3}Z</arg>
<doc>Fails if ``string`` does not match ``pattern`` as a regular expression.</doc>
<status status="PASS" start="2024-05-19T03:17:11.705541" elapsed="0.000539"/>
</kw>
<kw name="Should Match Regexp" owner="BuiltIn">
<arg>${json_data['results'][0]['registered']['date']}</arg>
<arg>\\d{4}-\\d{2}-\\d{2}T\\d{2}:\\d{2}:\\d{2}\\.\\d{3}Z</arg>
<doc>Fails if ``string`` does not match ``pattern`` as a regular expression.</doc>
<status status="PASS" start="2024-05-19T03:17:11.706278" elapsed="0.000376"/>
</kw>
<kw name="Should Match Regexp" owner="BuiltIn">
<arg>${json_data['results'][0]['picture']['large']}</arg>
<arg>^https?://.*\.(?:png|jpe?g|gif|bmp)$</arg>
<doc>Fails if ``string`` does not match ``pattern`` as a regular expression.</doc>
<status status="PASS" start="2024-05-19T03:17:11.706852" elapsed="0.000466"/>
</kw>
<kw name="Should Match Regexp" owner="BuiltIn">
<arg>${json_data['results'][0]['picture']['medium']}</arg>
<arg>^https?://.*\.(?:png|jpe?g|gif|bmp)$</arg>
<doc>Fails if ``string`` does not match ``pattern`` as a regular expression.</doc>
<status status="PASS" start="2024-05-19T03:17:11.707511" elapsed="0.000358"/>
</kw>
<kw name="Should Match Regexp" owner="BuiltIn">
<arg>${json_data['results'][0]['picture']['thumbnail']}</arg>
<arg>^https?://.*\.(?:png|jpe?g|gif|bmp)$</arg>
<doc>Fails if ``string`` does not match ``pattern`` as a regular expression.</doc>
<status status="PASS" start="2024-05-19T03:17:11.708065" elapsed="0.000355"/>
</kw>
<kw name="Log" owner="BuiltIn">
<msg time="2024-05-19T03:17:11.708930" level="INFO">{'large': 'https://randomuser.me/api/portraits/men/71.jpg', 'medium': 'https://randomuser.me/api/portraits/med/men/71.jpg', 'thumbnail': 'https://randomuser.me/api/portraits/thumb/men/71.jpg'}</msg>
<arg>${json_data['results'][0]['picture']}</arg>
<doc>Logs the given message with the given level.</doc>
<status status="PASS" start="2024-05-19T03:17:11.708607" elapsed="0.000367"/>
</kw>
<status status="PASS" start="2024-05-19T03:17:11.629994" elapsed="0.079249"/>
</kw>
<kw name="Teste de Tipos de Dados - Postcode" owner="random-user-service">
<kw name="GET On Session" owner="RequestsLibrary">
<msg time="2024-05-19T03:17:11.804563" level="INFO">GET Request : url=https://randomuser.me/api 
 path_url=/api 
 headers={'User-Agent': 'python-requests/2.31.0', 'Accept-Encoding': 'gzip, deflate', 'Accept': '*/*', 'Connection': 'keep-alive'} 
 body=None 
 </msg>
<msg time="2024-05-19T03:17:11.804665" level="INFO">GET Response : url=https://randomuser.me/api 
 status=200, reason=OK 
 headers={'Date': 'Sun, 19 May 2024 03:17:11 GMT', 'Content-Type': 'application/json; charset=utf-8', 'Transfer-Encoding': 'chunked', 'Connection': 'keep-alive', 'X-Powered-By': 'Express', 'Access-Control-Allow-Origin': '*', 'Cache-Control': 'no-cache', 'ETag': 'W/"49c-5zo/vU0HqTHDghHT45FSSkZXMAU"', 'Vary': 'Accept-Encoding', 'Content-Encoding': 'gzip', 'CF-Cache-Status': 'DYNAMIC', 'Report-To': '{"endpoints":[{"url":"https:\\/\\/a.nel.cloudflare.com\\/report\\/v4?s=LhmWgBmZKVr3LbWAopKRxaaDeXeg2rHTH9KFi4%2BKv7xfT4taqc%2BemV0VUirhd8P6eWCVyGPAl2aiTSn3c7Hlg7yUVibCeCBn5We1aj%2FrBLPDrlvHUgNvvid9TwGXB1Of"}],"group":"cf-nel","max_age":604800}', 'NEL': '{"success_fraction":0,"report_to":"cf-nel","max_age":604800}', 'Server': 'cloudflare', 'CF-RAY': '8860eebc39a386fe-ORD', 'alt-svc': 'h3=":443"; ma=86400'} 
 body={"results":[{"gender":"male","name":{"title":"Mr","first":"Rolando","last":"Souza"},"location":{"street":{"number":9520,"name":"Rua Castro Alves "},"city":"Vila Velha","state":"Paraná","country":"Brazil","postcode":86293,"coordinates":{"latitude":"-74.9598","longitude":"-34.1591"},"timezone":{"offset":"-4:00","description":"Atlantic Time (Canada), Caracas, La Paz"}},"email":"rolando.souza@example.com","login":{"uuid":"df4f2f8d-ce59-4814-9d83-50a57a741cd6","username":"orangeduck402","password":"spinner","salt":"V5uJHhqK","md5":"962de16be71c362e6bfd4a51dfba968b","sha1":"4912f48c7fe83472339eab05ae0b5abedf1fa709","sha256":"9a60d11a8f36dd1a594a43a3c7dc90d9bfa48be50522c55a1d1d375c12e05e1d"},"dob":{"date":"1945-07-11T22:06:59.432Z","age":78},"registered":{"date":"2015-11-20T12:09:02.150Z","age":8},"phone":"(46) 4208-8302","cell":"(62) 2226-9889","id":{"name":"CPF","value":"780.717.376-55"},"picture":{"large":"https://randomuser.me/api/portraits/men/34.jpg","medium":"https://randomuser.me/api/portraits/med/men/34.jpg","thumbnail":"https://randomuser.me/api/portraits/thumb/men/34.jpg"},"nat":"BR"}],"info":{"seed":"75a856673b070867","results":1,"page":1,"version":"1.4"}} 
 </msg>
<msg time="2024-05-19T03:17:11.804740" level="INFO">/opt/hostedtoolcache/Python/3.12.3/x64/lib/python3.12/site-packages/urllib3/connectionpool.py:1103: InsecureRequestWarning: Unverified HTTPS request is being made to host 'randomuser.me'. Adding certificate verification is strongly advised. See: https://urllib3.readthedocs.io/en/latest/advanced-usage.html#tls-warnings
  warnings.warn(</msg>
<msg time="2024-05-19T03:17:11.804861" level="INFO">${response} = &lt;Response [200]&gt;</msg>
<var>${response}</var>
<arg>consultarAPI</arg>
<arg>/api</arg>
<doc>Sends a GET request on a previously created HTTP Session.</doc>
<status status="PASS" start="2024-05-19T03:17:11.709728" elapsed="0.095165"/>
</kw>
<kw name="Set Variable" owner="BuiltIn">
<msg time="2024-05-19T03:17:11.806037" level="INFO">${json_data} = {'results': [{'gender': 'male', 'name': {'title': 'Mr', 'first': 'Rolando', 'last': 'Souza'}, 'location': {'street': {'number': 9520, 'name': 'Rua Castro Alves '}, 'city': 'Vila Velha', 'state': 'Para...</msg>
<var>${json_data}</var>
<arg>${response.json()}</arg>
<doc>Returns the given values which can then be assigned to a variables.</doc>
<status status="PASS" start="2024-05-19T03:17:11.805453" elapsed="0.000616"/>
</kw>
<kw name="Log" owner="BuiltIn">
<msg time="2024-05-19T03:17:11.806555" level="INFO">{'results': [{'gender': 'male', 'name': {'title': 'Mr', 'first': 'Rolando', 'last': 'Souza'}, 'location': {'street': {'number': 9520, 'name': 'Rua Castro Alves '}, 'city': 'Vila Velha', 'state': 'Paraná', 'country': 'Brazil', 'postcode': 86293, 'coordinates': {'latitude': '-74.9598', 'longitude': '-34.1591'}, 'timezone': {'offset': '-4:00', 'description': 'Atlantic Time (Canada), Caracas, La Paz'}}, 'email': 'rolando.souza@example.com', 'login': {'uuid': 'df4f2f8d-ce59-4814-9d83-50a57a741cd6', 'username': 'orangeduck402', 'password': 'spinner', 'salt': 'V5uJHhqK', 'md5': '962de16be71c362e6bfd4a51dfba968b', 'sha1': '4912f48c7fe83472339eab05ae0b5abedf1fa709', 'sha256': '9a60d11a8f36dd1a594a43a3c7dc90d9bfa48be50522c55a1d1d375c12e05e1d'}, 'dob': {'date': '1945-07-11T22:06:59.432Z', 'age': 78}, 'registered': {'date': '2015-11-20T12:09:02.150Z', 'age': 8}, 'phone': '(46) 4208-8302', 'cell': '(62) 2226-9889', 'id': {'name': 'CPF', 'value': '780.717.376-55'}, 'picture': {'large': 'https://randomuser.me/api/portraits/men/34.jpg', 'medium': 'https://randomuser.me/api/portraits/med/men/34.jpg', 'thumbnail': 'https://randomuser.me/api/portraits/thumb/men/34.jpg'}, 'nat': 'BR'}], 'info': {'seed': '75a856673b070867', 'results': 1, 'page': 1, 'version': '1.4'}}</msg>
<arg>${json_data}</arg>
<doc>Logs the given message with the given level.</doc>
<status status="PASS" start="2024-05-19T03:17:11.806394" elapsed="0.000245"/>
</kw>
<kw name="Should Be Equal As Numbers" owner="BuiltIn">
<arg>${json_data['results'][0]['location']['postcode']}</arg>
<arg>${json_data['results'][0]['location']['postcode']}</arg>
<doc>Fails if objects are unequal after converting them to real numbers.</doc>
<status status="PASS" start="2024-05-19T03:17:11.807128" elapsed="0.000625"/>
</kw>
<kw name="Log" owner="BuiltIn">
<msg time="2024-05-19T03:17:11.808293" level="INFO">86293</msg>
<arg>${json_data['results'][0]['location']['postcode']}</arg>
<doc>Logs the given message with the given level.</doc>
<status status="PASS" start="2024-05-19T03:17:11.807948" elapsed="0.000385"/>
</kw>
<status status="PASS" start="2024-05-19T03:17:11.709471" elapsed="0.099127"/>
</kw>
<doc>Testa se os tipos de dados na resposta da API estão corretos.</doc>
<tag>testeTiposDados</tag>
<status status="PASS" start="2024-05-19T03:17:11.629407" elapsed="0.179364"/>
</test>
<test id="s1-s1-t5" name="Validar conteudo" line="35">
<kw name="Teste de Tipos de Conteudo" owner="random-user-service">
<kw name="GET On Session" owner="RequestsLibrary">
<msg time="2024-05-19T03:17:11.908489" level="INFO">GET Request : url=https://randomuser.me/api 
 path_url=/api 
 headers={'User-Agent': 'python-requests/2.31.0', 'Accept-Encoding': 'gzip, deflate', 'Accept': '*/*', 'Connection': 'keep-alive'} 
 body=None 
 </msg>
<msg time="2024-05-19T03:17:11.908607" level="INFO">GET Response : url=https://randomuser.me/api 
 status=200, reason=OK 
 headers={'Date': 'Sun, 19 May 2024 03:17:11 GMT', 'Content-Type': 'application/json; charset=utf-8', 'Transfer-Encoding': 'chunked', 'Connection': 'keep-alive', 'X-Powered-By': 'Express', 'Access-Control-Allow-Origin': '*', 'Cache-Control': 'no-cache', 'ETag': 'W/"496-3JY3/xW9BEAVnC7VDNb1tPi3/3A"', 'Vary': 'Accept-Encoding', 'Content-Encoding': 'gzip', 'CF-Cache-Status': 'DYNAMIC', 'Report-To': '{"endpoints":[{"url":"https:\\/\\/a.nel.cloudflare.com\\/report\\/v4?s=ZfHfwhROnUB8qEttXTlD5rqhc%2Ban9%2BdMxPdSaKPNH6BMG5cGLeSZA%2FrbME6EVBn8YDOwTVPvn4DjxxVzt2FnpXWc1yRcQ3RVCK2rrLAti1CSlUPzWtuJPO28%2B4x81OMP"}],"group":"cf-nel","max_age":604800}', 'NEL': '{"success_fraction":0,"report_to":"cf-nel","max_age":604800}', 'Server': 'cloudflare', 'CF-RAY': '8860eebcda5f86fe-ORD', 'alt-svc': 'h3=":443"; ma=86400'} 
 body={"results":[{"gender":"female","name":{"title":"Mrs","first":"ستایش","last":"صدر"},"location":{"street":{"number":9800,"name":"شهید کبیری طامه"},"city":"سبزوار","state":"خراسان شمالی","country":"Iran","postcode":35332,"coordinates":{"latitude":"21.2514","longitude":"150.9356"},"timezone":{"offset":"+9:30","description":"Adelaide, Darwin"}},"email":"stysh.sdr@example.com","login":{"uuid":"76aef885-4c7e-4369-a9b4-cb174b5af024","username":"crazypeacock730","password":"pics","salt":"VD3nAL6M","md5":"1d6358923b8564fa65090e2bab6475bd","sha1":"f8c2273c3114b44a659b6fe85c3fc5db57dbed2a","sha256":"92764ed8bb190a36beaee5c4d9ff6f0bb7a90285c005487e562e0ac41b471cee"},"dob":{"date":"1949-12-10T13:46:35.925Z","age":74},"registered":{"date":"2011-06-21T13:59:08.989Z","age":12},"phone":"073-69012451","cell":"0933-537-9093","id":{"name":"","value":null},"picture":{"large":"https://randomuser.me/api/portraits/women/25.jpg","medium":"https://randomuser.me/api/portraits/med/women/25.jpg","thumbnail":"https://randomuser.me/api/portraits/thumb/women/25.jpg"},"nat":"IR"}],"info":{"seed":"5663b463fb5b8d8a","results":1,"page":1,"version":"1.4"}} 
 </msg>
<msg time="2024-05-19T03:17:11.908697" level="INFO">/opt/hostedtoolcache/Python/3.12.3/x64/lib/python3.12/site-packages/urllib3/connectionpool.py:1103: InsecureRequestWarning: Unverified HTTPS request is being made to host 'randomuser.me'. Adding certificate verification is strongly advised. See: https://urllib3.readthedocs.io/en/latest/advanced-usage.html#tls-warnings
  warnings.warn(</msg>
<msg time="2024-05-19T03:17:11.908842" level="INFO">${response} = &lt;Response [200]&gt;</msg>
<var>${response}</var>
<arg>consultarAPI</arg>
<arg>/api</arg>
<doc>Sends a GET request on a previously created HTTP Session.</doc>
<status status="PASS" start="2024-05-19T03:17:11.811650" elapsed="0.097236"/>
</kw>
<kw name="Set Variable" owner="BuiltIn">
<msg time="2024-05-19T03:17:11.910215" level="INFO">${json_data} = {'results': [{'gender': 'female', 'name': {'title': 'Mrs', 'first': 'ستایش', 'last': 'صدر'}, 'location': {'street': {'number': 9800, 'name': 'شهید کبیری طامه'}, 'city': 'سبزوار', 'state': 'خراسان شمال...</msg>
<var>${json_data}</var>
<arg>${response.json()}</arg>
<doc>Returns the given values which can then be assigned to a variables.</doc>
<status status="PASS" start="2024-05-19T03:17:11.909594" elapsed="0.000653"/>
</kw>
<kw name="Set Variable" owner="BuiltIn">
<msg time="2024-05-19T03:17:11.910961" level="INFO">${name_title} = Mrs</msg>
<var>${name_title}</var>
<arg>${json_data["results"][0]["name"]["title"]}</arg>
<doc>Returns the given values which can then be assigned to a variables.</doc>
<status status="PASS" start="2024-05-19T03:17:11.910572" elapsed="0.000415"/>
</kw>
<kw name="Create List" owner="BuiltIn">
<msg time="2024-05-19T03:17:11.911443" level="INFO">${allowed_titles} = ['Mr', 'Ms', 'Miss', 'Mrs', 'Madame', 'Monsieur']</msg>
<var>${allowed_titles}</var>
<arg>Mr</arg>
<arg>Ms</arg>
<arg>Miss</arg>
<arg>Mrs</arg>
<arg>Madame</arg>
<arg>Monsieur</arg>
<doc>Returns a list containing given items.</doc>
<status status="PASS" start="2024-05-19T03:17:11.911292" elapsed="0.000176"/>
</kw>
<kw name="List Should Contain Value" owner="Collections">
<msg time="2024-05-19T03:17:11.911961" level="INFO">False</msg>
<arg>${allowed_titles}</arg>
<arg>${name_title}</arg>
<doc>Fails if the ``value`` is not found from ``list``.</doc>
<status status="PASS" start="2024-05-19T03:17:11.911775" elapsed="0.000224"/>
</kw>
<kw name="Set Variable" owner="BuiltIn">
<msg time="2024-05-19T03:17:11.912696" level="INFO">${name_country} = IR</msg>
<var>${name_country}</var>
<arg>${json_data["results"][0]["nat"]}</arg>
<doc>Returns the given values which can then be assigned to a variables.</doc>
<status status="PASS" start="2024-05-19T03:17:11.912312" elapsed="0.000410"/>
</kw>
<kw name="Create List" owner="BuiltIn">
<msg time="2024-05-19T03:17:11.913666" level="INFO">${list_country} = ['AD', 'AE', 'AF', 'AG', 'AI', 'AL', 'AM', 'AO', 'AQ', 'AR', 'AS', 'AT', 'AU', 'AW', 'AX', 'AZ', 'BA', 'BB', 'BD', 'BE', 'BF', 'BG', 'BH', 'BI', 'BJ', 'BL', 'BM', 'BN', 'BO', 'BQ', 'BR', 'BS', 'BT', '...</msg>
<var>${list_country}</var>
<arg>AD</arg>
<arg>AE</arg>
<arg>AF</arg>
<arg>AG</arg>
<arg>AI</arg>
<arg>AL</arg>
<arg>AM</arg>
<arg>AO</arg>
<arg>AQ</arg>
<arg>AR</arg>
<arg>AS</arg>
<arg>AT</arg>
<arg>AU</arg>
<arg>AW</arg>
<arg>AX</arg>
<arg>AZ</arg>
<arg>BA</arg>
<arg>BB</arg>
<arg>BD</arg>
<arg>BE</arg>
<arg>BF</arg>
<arg>BG</arg>
<arg>BH</arg>
<arg>BI</arg>
<arg>BJ</arg>
<arg>BL</arg>
<arg>BM</arg>
<arg>BN</arg>
<arg>BO</arg>
<arg>BQ</arg>
<arg>BR</arg>
<arg>BS</arg>
<arg>BT</arg>
<arg>BV</arg>
<arg>BW</arg>
<arg>BY</arg>
<arg>BZ</arg>
<arg>CA</arg>
<arg>CC</arg>
<arg>CD</arg>
<arg>CF</arg>
<arg>CG</arg>
<arg>CH</arg>
<arg>CI</arg>
<arg>CK</arg>
<arg>CL</arg>
<arg>CM</arg>
<arg>CN</arg>
<arg>CO</arg>
<arg>CR</arg>
<arg>CU</arg>
<arg>CV</arg>
<arg>CW</arg>
<arg>CX</arg>
<arg>CY</arg>
<arg>CZ</arg>
<arg>DE</arg>
<arg>DJ</arg>
<arg>DK</arg>
<arg>DM</arg>
<arg>DO</arg>
<arg>DZ</arg>
<arg>EC</arg>
<arg>EE</arg>
<arg>EG</arg>
<arg>EH</arg>
<arg>ER</arg>
<arg>ES</arg>
<arg>ET</arg>
<arg>FI</arg>
<arg>FJ</arg>
<arg>FK</arg>
<arg>FM</arg>
<arg>FO</arg>
<arg>FR</arg>
<arg>GA</arg>
<arg>GB</arg>
<arg>GD</arg>
<arg>GE</arg>
<arg>GF</arg>
<arg>GG</arg>
<arg>GH</arg>
<arg>GI</arg>
<arg>GL</arg>
<arg>GM</arg>
<arg>GN</arg>
<arg>GP</arg>
<arg>GQ</arg>
<arg>GR</arg>
<arg>GS</arg>
<arg>GT</arg>
<arg>GU</arg>
<arg>GW</arg>
<arg>GY</arg>
<arg>HK</arg>
<arg>HM</arg>
<arg>HN</arg>
<arg>HR</arg>
<arg>HT</arg>
<arg>HU</arg>
<arg>ID</arg>
<arg>IE</arg>
<arg>IL</arg>
<arg>IM</arg>
<arg>IN</arg>
<arg>IO</arg>
<arg>IQ</arg>
<arg>IR</arg>
<arg>IS</arg>
<arg>IT</arg>
<arg>JE</arg>
<arg>JM</arg>
<arg>JO</arg>
<arg>JP</arg>
<arg>KE</arg>
<arg>KG</arg>
<arg>KH</arg>
<arg>KI</arg>
<arg>KM</arg>
<arg>KN</arg>
<arg>KP</arg>
<arg>KR</arg>
<arg>KW</arg>
<arg>KY</arg>
<arg>KZ</arg>
<arg>LA</arg>
<arg>LB</arg>
<arg>LC</arg>
<arg>LI</arg>
<arg>LK</arg>
<arg>LR</arg>
<arg>LS</arg>
<arg>LT</arg>
<arg>LU</arg>
<arg>LV</arg>
<arg>LY</arg>
<arg>MA</arg>
<arg>MC</arg>
<arg>MD</arg>
<arg>ME</arg>
<arg>MF</arg>
<arg>MG</arg>
<arg>MH</arg>
<arg>MK</arg>
<arg>ML</arg>
<arg>MM</arg>
<arg>MN</arg>
<arg>MO</arg>
<arg>MP</arg>
<arg>MQ</arg>
<arg>MR</arg>
<arg>MS</arg>
<arg>MT</arg>
<arg>MU</arg>
<arg>MV</arg>
<arg>MW</arg>
<arg>MX</arg>
<arg>MY</arg>
<arg>MZ</arg>
<arg>NA</arg>
<arg>NC</arg>
<arg>NE</arg>
<arg>NF</arg>
<arg>NG</arg>
<arg>NI</arg>
<arg>NL</arg>
<arg>NO</arg>
<arg>NP</arg>
<arg>NR</arg>
<arg>NU</arg>
<arg>NZ</arg>
<arg>OM</arg>
<arg>PA</arg>
<arg>PE</arg>
<arg>PF</arg>
<arg>PG</arg>
<arg>PH</arg>
<arg>PK</arg>
<arg>PL</arg>
<arg>PM</arg>
<arg>PN</arg>
<arg>PR</arg>
<arg>PS</arg>
<arg>PT</arg>
<arg>PW</arg>
<arg>PY</arg>
<arg>QA</arg>
<arg>RE</arg>
<arg>RO</arg>
<arg>RS</arg>
<arg>RU</arg>
<arg>RW</arg>
<arg>SA</arg>
<arg>SB</arg>
<arg>SC</arg>
<arg>SD</arg>
<arg>SE</arg>
<arg>SG</arg>
<arg>SH</arg>
<arg>SI</arg>
<arg>SJ</arg>
<arg>SK</arg>
<arg>SL</arg>
<arg>SM</arg>
<arg>SN</arg>
<arg>SO</arg>
<arg>SR</arg>
<arg>SS</arg>
<arg>ST</arg>
<arg>SV</arg>
<arg>SX</arg>
<arg>SY</arg>
<arg>SZ</arg>
<arg>TC</arg>
<arg>TD</arg>
<arg>TF</arg>
<arg>TG</arg>
<arg>TH</arg>
<arg>TJ</arg>
<arg>TK</arg>
<arg>TL</arg>
<arg>TM</arg>
<arg>TN</arg>
<arg>TO</arg>
<arg>TR</arg>
<arg>TT</arg>
<arg>TV</arg>
<arg>TW</arg>
<arg>TZ</arg>
<arg>UA</arg>
<arg>UG</arg>
<arg>UM</arg>
<arg>US</arg>
<arg>UY</arg>
<arg>UZ</arg>
<arg>VA</arg>
<arg>VC</arg>
<arg>VE</arg>
<arg>VG</arg>
<arg>VI</arg>
<arg>VN</arg>
<arg>VU</arg>
<arg>WF</arg>
<arg>WS</arg>
<arg>XK</arg>
<arg>YE</arg>
<arg>YT</arg>
<arg>ZA</arg>
<arg>ZM</arg>
<arg>ZW</arg>
<doc>Returns a list containing given items.</doc>
<status status="PASS" start="2024-05-19T03:17:11.913032" elapsed="0.000662"/>
</kw>
<kw name="List Should Contain Value" owner="Collections">
<msg time="2024-05-19T03:17:11.914695" level="INFO">False</msg>
<arg>${list_country}</arg>
<arg>${name_country}</arg>
<doc>Fails if the ``value`` is not found from ``list``.</doc>
<status status="PASS" start="2024-05-19T03:17:11.914488" elapsed="0.000246"/>
</kw>
<kw name="Run Keyword If" owner="BuiltIn">
<kw name="Should Be True" owner="BuiltIn">
<arg>${True}</arg>
<doc>Fails if the given condition is not true.</doc>
<status status="PASS" start="2024-05-19T03:17:11.915820" elapsed="0.000265"/>
</kw>
<arg>${json_data["results"][0]["location"]["coordinates"]["latitude"]} &gt;= -90 and ${json_data["results"][0]["location"]["coordinates"]["latitude"]} &lt;= 90</arg>
<arg>Should Be True</arg>
<arg>${True}</arg>
<doc>Runs the given keyword with the given arguments, if ``condition`` is true.</doc>
<status status="PASS" start="2024-05-19T03:17:11.915051" elapsed="0.001175"/>
</kw>
<kw name="Run Keyword If" owner="BuiltIn">
<kw name="Should Be True" owner="BuiltIn">
<arg>${True}</arg>
<doc>Fails if the given condition is not true.</doc>
<status status="PASS" start="2024-05-19T03:17:11.917112" elapsed="0.000138"/>
</kw>
<arg>${json_data["results"][0]["location"]["coordinates"]["longitude"]} &gt;= -180 and ${json_data["results"][0]["location"]["coordinates"]["longitude"]} &lt;= 180</arg>
<arg>Should Be True</arg>
<arg>${True}</arg>
<doc>Runs the given keyword with the given arguments, if ``condition`` is true.</doc>
<status status="PASS" start="2024-05-19T03:17:11.916415" elapsed="0.000961"/>
</kw>
<status status="PASS" start="2024-05-19T03:17:11.811255" elapsed="0.106255"/>
</kw>
<doc>Testa o conteúdo específico dos campos retornados pela API.</doc>
<tag>testeConteudo</tag>
<status status="PASS" start="2024-05-19T03:17:11.810565" elapsed="0.107150"/>
</test>
<status status="PASS" start="2024-05-19T03:17:11.077892" elapsed="0.841843"/>
</suite>
<status status="PASS" start="2024-05-19T03:17:11.063196" elapsed="0.861885"/>
</suite>
<statistics>
<total>
<stat pass="5" fail="0" skip="0">All Tests</stat>
</total>
<tag>
<stat pass="1" fail="0" skip="0">testeConteudo</stat>
<stat pass="1" fail="0" skip="0">testeEstruturaResposta</stat>
<stat pass="1" fail="0" skip="0">testeRequisicaoBasica</stat>
<stat pass="1" fail="0" skip="0">testeTiposDados</stat>
</tag>
<suite>
<stat pass="5" fail="0" skip="0" id="s1" name="Tests">Tests</stat>
<stat pass="5" fail="0" skip="0" id="s1-s1" name="Random-User-Test">Tests.Random-User-Test</stat>
</suite>
</statistics>
<errors>
</errors>
</robot>
