<?xml version="1.0" encoding="UTF-8"?>
<robot generator="Robot 7.0 (Python 3.12.3 on linux)" generated="2024-06-02T14:12:21.632509" rpa="false" schemaversion="5">
<suite id="s1" name="Tests" source="/home/runner/work/ApiRandomUser/ApiRandomUser/RamdonUser/tests">
<suite id="s1-s1" name="Random-User-Test" source="/home/runner/work/ApiRandomUser/ApiRandomUser/RamdonUser/tests/random-user-test.robot">
<test id="s1-s1-t1" name="Conectar" line="13">
<kw name="Conectar API" owner="random-user-service">
<kw name="Create Session" owner="RequestsLibrary">
<msg time="2024-06-02T14:12:22.012524" level="INFO">Creating Session using : alias=consultarAPI, url=https://randomuser.me/, headers={},                     cookies={}, auth=None, timeout=None, proxies=None, verify=False,                     debug=0 </msg>
<arg>consultarAPI</arg>
<arg>${URL}</arg>
<doc>Create Session: create a HTTP session to a server</doc>
<status status="PASS" start="2024-06-02T14:12:22.012330" elapsed="0.000390"/>
</kw>
<status status="PASS" start="2024-06-02T14:12:22.011339" elapsed="0.001729"/>
</kw>
<status status="PASS" start="2024-06-02T14:12:22.010763" elapsed="0.002495"/>
</test>
<test id="s1-s1-t2" name="Validar retorno 200 e JSON Válido" line="16">
<kw name="Teste de Requisicao Basica" owner="random-user-service">
<kw name="GET On Session" owner="RequestsLibrary">
<msg time="2024-06-02T14:12:22.270136" level="INFO">GET Request : url=https://randomuser.me/api 
 path_url=/api 
 headers={'User-Agent': 'python-requests/2.32.3', 'Accept-Encoding': 'gzip, deflate', 'Accept': '*/*', 'Connection': 'keep-alive'} 
 body=None 
 </msg>
<msg time="2024-06-02T14:12:22.270279" level="INFO">GET Response : url=https://randomuser.me/api 
 status=200, reason=OK 
 headers={'Date': 'Sun, 02 Jun 2024 14:12:22 GMT', 'Content-Type': 'application/json; charset=utf-8', 'Transfer-Encoding': 'chunked', 'Connection': 'keep-alive', 'X-Powered-By': 'Express', 'Access-Control-Allow-Origin': '*', 'Cache-Control': 'no-cache', 'ETag': 'W/"49d-8ImrAEMBTu65QV0hDNHT+kTlOKw"', 'Vary': 'Accept-Encoding', 'Content-Encoding': 'gzip', 'CF-Cache-Status': 'DYNAMIC', 'Report-To': '{"endpoints":[{"url":"https:\\/\\/a.nel.cloudflare.com\\/report\\/v4?s=vKHxVNhaL8bL7AFlv%2BPpz9LSSI4mMq2MZoxJQZlMYOSgMRr%2BDHUhBgjQgIC8fCjstZHPCNleNXMRoDojy6YnxXlBenO%2F2l6hNV5DgT1Ayx4ZKKnauKnaUC%2F5vQsPvX5l"}],"group":"cf-nel","max_age":604800}', 'NEL': '{"success_fraction":0,"report_to":"cf-nel","max_age":604800}', 'Server': 'cloudflare', 'CF-RAY': '88d809b6aed0fa8e-SJC', 'alt-svc': 'h3=":443"; ma=86400'} 
 body={"results":[{"gender":"female","name":{"title":"Mrs","first":"Odila","last":"Costa"},"location":{"street":{"number":4404,"name":"Rua Vinte E Dois "},"city":"Apucarana","state":"Mato Grosso","country":"Brazil","postcode":58579,"coordinates":{"latitude":"-74.9364","longitude":"126.9135"},"timezone":{"offset":"-1:00","description":"Azores, Cape Verde Islands"}},"email":"odila.costa@example.com","login":{"uuid":"c3867f05-8777-44d3-9e1c-1123fc24b5a2","username":"smallbutterfly192","password":"abcd1234","salt":"CBBp1lJ6","md5":"0a3496b602a41f5b71d4aaf760f46b5c","sha1":"57eafcf126ec9bcd1f98b4d507c0b670945184ef","sha256":"f34b6fe1a362eab981665e40a03eb0c76940ff8a69acfb04c618b755f1795c78"},"dob":{"date":"1952-11-14T20:43:48.196Z","age":71},"registered":{"date":"2007-03-13T16:08:28.476Z","age":17},"phone":"(71) 2736-1048","cell":"(27) 0841-7952","id":{"name":"CPF","value":"517.043.891-57"},"picture":{"large":"https://randomuser.me/api/portraits/women/91.jpg","medium":"https://randomuser.me/api/portraits/med/women/91.jpg","thumbnail":"https://randomuser.me/api/portraits/thumb/women/91.jpg"},"nat":"BR"}],"info":{"seed":"1f71bc532e861b09","results":1,"page":1,"version":"1.4"}} 
 </msg>
<msg time="2024-06-02T14:12:22.270355" level="INFO">/opt/hostedtoolcache/Python/3.12.3/x64/lib/python3.12/site-packages/urllib3/connectionpool.py:1103: InsecureRequestWarning: Unverified HTTPS request is being made to host 'randomuser.me'. Adding certificate verification is strongly advised. See: https://urllib3.readthedocs.io/en/latest/advanced-usage.html#tls-warnings
  warnings.warn(</msg>
<msg time="2024-06-02T14:12:22.270490" level="INFO">${response} = &lt;Response [200]&gt;</msg>
<var>${response}</var>
<arg>consultarAPI</arg>
<arg>/api</arg>
<doc>Sends a GET request on a previously created HTTP Session.</doc>
<status status="PASS" start="2024-06-02T14:12:22.016122" elapsed="0.254398"/>
</kw>
<kw name="Should Be Equal As Numbers" owner="BuiltIn">
<msg time="2024-06-02T14:12:22.271352" level="INFO">Argument types are:
&lt;class 'int'&gt;
&lt;class 'str'&gt;</msg>
<arg>${response.status_code}</arg>
<arg>200</arg>
<doc>Fails if objects are unequal after converting them to real numbers.</doc>
<status status="PASS" start="2024-06-02T14:12:22.270931" elapsed="0.000485"/>
</kw>
<kw name="Log" owner="BuiltIn">
<msg time="2024-06-02T14:12:22.272086" level="INFO">200</msg>
<arg>${response.status_code}</arg>
<doc>Logs the given message with the given level.</doc>
<status status="PASS" start="2024-06-02T14:12:22.271738" elapsed="0.000395"/>
</kw>
<kw name="Set Variable" owner="BuiltIn">
<msg time="2024-06-02T14:12:22.272906" level="INFO">${json_data} = {'results': [{'gender': 'female', 'name': {'title': 'Mrs', 'first': 'Odila', 'last': 'Costa'}, 'location': {'street': {'number': 4404, 'name': 'Rua Vinte E Dois '}, 'city': 'Apucarana', 'state': 'Mato...</msg>
<var>${json_data}</var>
<arg>${response.json()}</arg>
<doc>Returns the given values which can then be assigned to a variables.</doc>
<status status="PASS" start="2024-06-02T14:12:22.272437" elapsed="0.000498"/>
</kw>
<kw name="Dictionary Should Contain Key" owner="Collections">
<msg time="2024-06-02T14:12:22.273407" level="INFO">False</msg>
<arg>${json_data}</arg>
<arg>results</arg>
<doc>Fails if ``key`` is not found from ``dictionary``.</doc>
<status status="PASS" start="2024-06-02T14:12:22.273238" elapsed="0.000341"/>
</kw>
<status status="PASS" start="2024-06-02T14:12:22.015860" elapsed="0.257977"/>
</kw>
<doc>Testa se a API responde corretamente e retorna um objeto JSON válido.</doc>
<tag>testeRequisicaoBasica</tag>
<status status="PASS" start="2024-06-02T14:12:22.015304" elapsed="0.258705"/>
</test>
<test id="s1-s1-t3" name="Validar estrutura de resposta" line="22">
<kw name="Teste de Estrutura de Resposta" owner="random-user-service">
<kw name="GET On Session" owner="RequestsLibrary">
<msg time="2024-06-02T14:12:22.367526" level="INFO">GET Request : url=https://randomuser.me/api 
 path_url=/api 
 headers={'User-Agent': 'python-requests/2.32.3', 'Accept-Encoding': 'gzip, deflate', 'Accept': '*/*', 'Connection': 'keep-alive'} 
 body=None 
 </msg>
<msg time="2024-06-02T14:12:22.367590" level="INFO">GET Response : url=https://randomuser.me/api 
 status=200, reason=OK 
 headers={'Date': 'Sun, 02 Jun 2024 14:12:22 GMT', 'Content-Type': 'application/json; charset=utf-8', 'Transfer-Encoding': 'chunked', 'Connection': 'keep-alive', 'X-Powered-By': 'Express', 'Access-Control-Allow-Origin': '*', 'Cache-Control': 'no-cache', 'ETag': 'W/"494-XLZk04MI2QY3GWDjGlHsS7OLTvY"', 'Vary': 'Accept-Encoding', 'Content-Encoding': 'gzip', 'CF-Cache-Status': 'DYNAMIC', 'Report-To': '{"endpoints":[{"url":"https:\\/\\/a.nel.cloudflare.com\\/report\\/v4?s=YE24Axo6KETvSk01OweaXrqP0qcRvrYGJNcfwLfC7gvXm2U3xP3JnmFMI8ju2QGYdgPEnl8BG3K4FuczlUhHJvnB5d9sO1JC81d%2BRmbv8EGClsYqQn%2F00TEMdvz%2F0bJE"}],"group":"cf-nel","max_age":604800}', 'NEL': '{"success_fraction":0,"report_to":"cf-nel","max_age":604800}', 'Server': 'cloudflare', 'CF-RAY': '88d809b73f37fa8e-SJC', 'alt-svc': 'h3=":443"; ma=86400'} 
 body={"results":[{"gender":"female","name":{"title":"Ms","first":"Rozemarijn","last":"Van Tetering"},"location":{"street":{"number":7768,"name":"De Tieme"},"city":"Spanga","state":"Zeeland","country":"Netherlands","postcode":"9936 GH","coordinates":{"latitude":"36.9929","longitude":"53.4620"},"timezone":{"offset":"-11:00","description":"Midway Island, Samoa"}},"email":"rozemarijn.vantetering@example.com","login":{"uuid":"ced0c6cd-dbe1-4dce-b0c6-531a4b62b8b5","username":"greenfrog281","password":"santa","salt":"Q4e3X4Uc","md5":"ed32caf2b9ad6125b56337b47d353dc6","sha1":"16ae745d04f42d84867f71f576cb9cab85c3c462","sha256":"830ab17f44e2ec98de80856211c89feb7d45d8d5657b3c8c4a16cf369f3bb93a"},"dob":{"date":"1950-07-08T14:43:43.375Z","age":73},"registered":{"date":"2015-01-17T09:11:29.078Z","age":9},"phone":"(064) 1656356","cell":"(06) 94203140","id":{"name":"BSN","value":"49973690"},"picture":{"large":"https://randomuser.me/api/portraits/women/28.jpg","medium":"https://randomuser.me/api/portraits/med/women/28.jpg","thumbnail":"https://randomuser.me/api/portraits/thumb/women/28.jpg"},"nat":"NL"}],"info":{"seed":"ba9ca2e87a57d8ed","results":1,"page":1,"version":"1.4"}} 
 </msg>
<msg time="2024-06-02T14:12:22.367683" level="INFO">/opt/hostedtoolcache/Python/3.12.3/x64/lib/python3.12/site-packages/urllib3/connectionpool.py:1103: InsecureRequestWarning: Unverified HTTPS request is being made to host 'randomuser.me'. Adding certificate verification is strongly advised. See: https://urllib3.readthedocs.io/en/latest/advanced-usage.html#tls-warnings
  warnings.warn(</msg>
<msg time="2024-06-02T14:12:22.367796" level="INFO">${response} = &lt;Response [200]&gt;</msg>
<var>${response}</var>
<arg>consultarAPI</arg>
<arg>/api</arg>
<doc>Sends a GET request on a previously created HTTP Session.</doc>
<status status="PASS" start="2024-06-02T14:12:22.276518" elapsed="0.091320"/>
</kw>
<kw name="Set Variable" owner="BuiltIn">
<msg time="2024-06-02T14:12:22.368693" level="INFO">${json_data} = {'results': [{'gender': 'female', 'name': {'title': 'Ms', 'first': 'Rozemarijn', 'last': 'Van Tetering'}, 'location': {'street': {'number': 7768, 'name': 'De Tieme'}, 'city': 'Spanga', 'state': 'Zeela...</msg>
<var>${json_data}</var>
<arg>${response.json()}</arg>
<doc>Returns the given values which can then be assigned to a variables.</doc>
<status status="PASS" start="2024-06-02T14:12:22.368208" elapsed="0.000518"/>
</kw>
<kw name="Log" owner="BuiltIn">
<msg time="2024-06-02T14:12:22.369200" level="INFO">{'results': [{'gender': 'female', 'name': {'title': 'Ms', 'first': 'Rozemarijn', 'last': 'Van Tetering'}, 'location': {'street': {'number': 7768, 'name': 'De Tieme'}, 'city': 'Spanga', 'state': 'Zeeland', 'country': 'Netherlands', 'postcode': '9936 GH', 'coordinates': {'latitude': '36.9929', 'longitude': '53.4620'}, 'timezone': {'offset': '-11:00', 'description': 'Midway Island, Samoa'}}, 'email': 'rozemarijn.vantetering@example.com', 'login': {'uuid': 'ced0c6cd-dbe1-4dce-b0c6-531a4b62b8b5', 'username': 'greenfrog281', 'password': 'santa', 'salt': 'Q4e3X4Uc', 'md5': 'ed32caf2b9ad6125b56337b47d353dc6', 'sha1': '16ae745d04f42d84867f71f576cb9cab85c3c462', 'sha256': '830ab17f44e2ec98de80856211c89feb7d45d8d5657b3c8c4a16cf369f3bb93a'}, 'dob': {'date': '1950-07-08T14:43:43.375Z', 'age': 73}, 'registered': {'date': '2015-01-17T09:11:29.078Z', 'age': 9}, 'phone': '(064) 1656356', 'cell': '(06) 94203140', 'id': {'name': 'BSN', 'value': '49973690'}, 'picture': {'large': 'https://randomuser.me/api/portraits/women/28.jpg', 'medium': 'https://randomuser.me/api/portraits/med/women/28.jpg', 'thumbnail': 'https://randomuser.me/api/portraits/thumb/women/28.jpg'}, 'nat': 'NL'}], 'info': {'seed': 'ba9ca2e87a57d8ed', 'results': 1, 'page': 1, 'version': '1.4'}}</msg>
<arg>${json_data}</arg>
<doc>Logs the given message with the given level.</doc>
<status status="PASS" start="2024-06-02T14:12:22.369043" elapsed="0.000206"/>
</kw>
<kw name="Dictionary Should Contain Key" owner="Collections">
<msg time="2024-06-02T14:12:22.369697" level="INFO">False</msg>
<arg>${json_data}</arg>
<arg>results</arg>
<doc>Fails if ``key`` is not found from ``dictionary``.</doc>
<status status="PASS" start="2024-06-02T14:12:22.369548" elapsed="0.000184"/>
</kw>
<kw name="Should Not Be Empty" owner="BuiltIn">
<msg time="2024-06-02T14:12:22.370163" level="INFO">Length is 2.</msg>
<arg>${json_data}</arg>
<doc>Verifies that the given item is not empty.</doc>
<status status="PASS" start="2024-06-02T14:12:22.370025" elapsed="0.000176"/>
</kw>
<kw name="Create List" owner="BuiltIn">
<msg time="2024-06-02T14:12:22.370642" level="INFO">${expected_keys} = ['gender', 'name', 'location', 'email', 'login']</msg>
<var>${expected_keys}</var>
<arg>gender</arg>
<arg>name</arg>
<arg>location</arg>
<arg>email</arg>
<arg>login</arg>
<doc>Returns a list containing given items.</doc>
<status status="PASS" start="2024-06-02T14:12:22.370496" elapsed="0.000170"/>
</kw>
<for flavor="IN">
<iter>
<kw name="Dictionary Should Contain Key" owner="Collections">
<msg time="2024-06-02T14:12:22.371622" level="INFO">False</msg>
<arg>${json_data['results'][0]}</arg>
<arg>${key}</arg>
<doc>Fails if ``key`` is not found from ``dictionary``.</doc>
<status status="PASS" start="2024-06-02T14:12:22.371219" elapsed="0.000447"/>
</kw>
<kw name="Log" owner="BuiltIn">
<msg time="2024-06-02T14:12:22.372329" level="INFO">{'gender': 'female', 'name': {'title': 'Ms', 'first': 'Rozemarijn', 'last': 'Van Tetering'}, 'location': {'street': {'number': 7768, 'name': 'De Tieme'}, 'city': 'Spanga', 'state': 'Zeeland', 'country': 'Netherlands', 'postcode': '9936 GH', 'coordinates': {'latitude': '36.9929', 'longitude': '53.4620'}, 'timezone': {'offset': '-11:00', 'description': 'Midway Island, Samoa'}}, 'email': 'rozemarijn.vantetering@example.com', 'login': {'uuid': 'ced0c6cd-dbe1-4dce-b0c6-531a4b62b8b5', 'username': 'greenfrog281', 'password': 'santa', 'salt': 'Q4e3X4Uc', 'md5': 'ed32caf2b9ad6125b56337b47d353dc6', 'sha1': '16ae745d04f42d84867f71f576cb9cab85c3c462', 'sha256': '830ab17f44e2ec98de80856211c89feb7d45d8d5657b3c8c4a16cf369f3bb93a'}, 'dob': {'date': '1950-07-08T14:43:43.375Z', 'age': 73}, 'registered': {'date': '2015-01-17T09:11:29.078Z', 'age': 9}, 'phone': '(064) 1656356', 'cell': '(06) 94203140', 'id': {'name': 'BSN', 'value': '49973690'}, 'picture': {'large': 'https://randomuser.me/api/portraits/women/28.jpg', 'medium': 'https://randomuser.me/api/portraits/med/women/28.jpg', 'thumbnail': 'https://randomuser.me/api/portraits/thumb/women/28.jpg'}, 'nat': 'NL'}</msg>
<arg>${json_data['results'][0]}</arg>
<doc>Logs the given message with the given level.</doc>
<status status="PASS" start="2024-06-02T14:12:22.371969" elapsed="0.000409"/>
</kw>
<kw name="Log" owner="BuiltIn">
<msg time="2024-06-02T14:12:22.372838" level="INFO">gender</msg>
<arg>${key}</arg>
<doc>Logs the given message with the given level.</doc>
<status status="PASS" start="2024-06-02T14:12:22.372700" elapsed="0.000176"/>
</kw>
<var name="${key}">gender</var>
<status status="PASS" start="2024-06-02T14:12:22.371096" elapsed="0.001994"/>
</iter>
<iter>
<kw name="Dictionary Should Contain Key" owner="Collections">
<msg time="2024-06-02T14:12:22.373770" level="INFO">False</msg>
<arg>${json_data['results'][0]}</arg>
<arg>${key}</arg>
<doc>Fails if ``key`` is not found from ``dictionary``.</doc>
<status status="PASS" start="2024-06-02T14:12:22.373387" elapsed="0.000420"/>
</kw>
<kw name="Log" owner="BuiltIn">
<msg time="2024-06-02T14:12:22.374486" level="INFO">{'gender': 'female', 'name': {'title': 'Ms', 'first': 'Rozemarijn', 'last': 'Van Tetering'}, 'location': {'street': {'number': 7768, 'name': 'De Tieme'}, 'city': 'Spanga', 'state': 'Zeeland', 'country': 'Netherlands', 'postcode': '9936 GH', 'coordinates': {'latitude': '36.9929', 'longitude': '53.4620'}, 'timezone': {'offset': '-11:00', 'description': 'Midway Island, Samoa'}}, 'email': 'rozemarijn.vantetering@example.com', 'login': {'uuid': 'ced0c6cd-dbe1-4dce-b0c6-531a4b62b8b5', 'username': 'greenfrog281', 'password': 'santa', 'salt': 'Q4e3X4Uc', 'md5': 'ed32caf2b9ad6125b56337b47d353dc6', 'sha1': '16ae745d04f42d84867f71f576cb9cab85c3c462', 'sha256': '830ab17f44e2ec98de80856211c89feb7d45d8d5657b3c8c4a16cf369f3bb93a'}, 'dob': {'date': '1950-07-08T14:43:43.375Z', 'age': 73}, 'registered': {'date': '2015-01-17T09:11:29.078Z', 'age': 9}, 'phone': '(064) 1656356', 'cell': '(06) 94203140', 'id': {'name': 'BSN', 'value': '49973690'}, 'picture': {'large': 'https://randomuser.me/api/portraits/women/28.jpg', 'medium': 'https://randomuser.me/api/portraits/med/women/28.jpg', 'thumbnail': 'https://randomuser.me/api/portraits/thumb/women/28.jpg'}, 'nat': 'NL'}</msg>
<arg>${json_data['results'][0]}</arg>
<doc>Logs the given message with the given level.</doc>
<status status="PASS" start="2024-06-02T14:12:22.374126" elapsed="0.000407"/>
</kw>
<kw name="Log" owner="BuiltIn">
<msg time="2024-06-02T14:12:22.374952" level="INFO">name</msg>
<arg>${key}</arg>
<doc>Logs the given message with the given level.</doc>
<status status="PASS" start="2024-06-02T14:12:22.374827" elapsed="0.000162"/>
</kw>
<var name="${key}">name</var>
<status status="PASS" start="2024-06-02T14:12:22.373273" elapsed="0.001935"/>
</iter>
<iter>
<kw name="Dictionary Should Contain Key" owner="Collections">
<msg time="2024-06-02T14:12:22.375867" level="INFO">False</msg>
<arg>${json_data['results'][0]}</arg>
<arg>${key}</arg>
<doc>Fails if ``key`` is not found from ``dictionary``.</doc>
<status status="PASS" start="2024-06-02T14:12:22.375495" elapsed="0.000409"/>
</kw>
<kw name="Log" owner="BuiltIn">
<msg time="2024-06-02T14:12:22.376569" level="INFO">{'gender': 'female', 'name': {'title': 'Ms', 'first': 'Rozemarijn', 'last': 'Van Tetering'}, 'location': {'street': {'number': 7768, 'name': 'De Tieme'}, 'city': 'Spanga', 'state': 'Zeeland', 'country': 'Netherlands', 'postcode': '9936 GH', 'coordinates': {'latitude': '36.9929', 'longitude': '53.4620'}, 'timezone': {'offset': '-11:00', 'description': 'Midway Island, Samoa'}}, 'email': 'rozemarijn.vantetering@example.com', 'login': {'uuid': 'ced0c6cd-dbe1-4dce-b0c6-531a4b62b8b5', 'username': 'greenfrog281', 'password': 'santa', 'salt': 'Q4e3X4Uc', 'md5': 'ed32caf2b9ad6125b56337b47d353dc6', 'sha1': '16ae745d04f42d84867f71f576cb9cab85c3c462', 'sha256': '830ab17f44e2ec98de80856211c89feb7d45d8d5657b3c8c4a16cf369f3bb93a'}, 'dob': {'date': '1950-07-08T14:43:43.375Z', 'age': 73}, 'registered': {'date': '2015-01-17T09:11:29.078Z', 'age': 9}, 'phone': '(064) 1656356', 'cell': '(06) 94203140', 'id': {'name': 'BSN', 'value': '49973690'}, 'picture': {'large': 'https://randomuser.me/api/portraits/women/28.jpg', 'medium': 'https://randomuser.me/api/portraits/med/women/28.jpg', 'thumbnail': 'https://randomuser.me/api/portraits/thumb/women/28.jpg'}, 'nat': 'NL'}</msg>
<arg>${json_data['results'][0]}</arg>
<doc>Logs the given message with the given level.</doc>
<status status="PASS" start="2024-06-02T14:12:22.376206" elapsed="0.000411"/>
</kw>
<kw name="Log" owner="BuiltIn">
<msg time="2024-06-02T14:12:22.377079" level="INFO">location</msg>
<arg>${key}</arg>
<doc>Logs the given message with the given level.</doc>
<status status="PASS" start="2024-06-02T14:12:22.376953" elapsed="0.000163"/>
</kw>
<var name="${key}">location</var>
<status status="PASS" start="2024-06-02T14:12:22.375384" elapsed="0.001946"/>
</iter>
<iter>
<kw name="Dictionary Should Contain Key" owner="Collections">
<msg time="2024-06-02T14:12:22.378080" level="INFO">False</msg>
<arg>${json_data['results'][0]}</arg>
<arg>${key}</arg>
<doc>Fails if ``key`` is not found from ``dictionary``.</doc>
<status status="PASS" start="2024-06-02T14:12:22.377608" elapsed="0.000510"/>
</kw>
<kw name="Log" owner="BuiltIn">
<msg time="2024-06-02T14:12:22.378768" level="INFO">{'gender': 'female', 'name': {'title': 'Ms', 'first': 'Rozemarijn', 'last': 'Van Tetering'}, 'location': {'street': {'number': 7768, 'name': 'De Tieme'}, 'city': 'Spanga', 'state': 'Zeeland', 'country': 'Netherlands', 'postcode': '9936 GH', 'coordinates': {'latitude': '36.9929', 'longitude': '53.4620'}, 'timezone': {'offset': '-11:00', 'description': 'Midway Island, Samoa'}}, 'email': 'rozemarijn.vantetering@example.com', 'login': {'uuid': 'ced0c6cd-dbe1-4dce-b0c6-531a4b62b8b5', 'username': 'greenfrog281', 'password': 'santa', 'salt': 'Q4e3X4Uc', 'md5': 'ed32caf2b9ad6125b56337b47d353dc6', 'sha1': '16ae745d04f42d84867f71f576cb9cab85c3c462', 'sha256': '830ab17f44e2ec98de80856211c89feb7d45d8d5657b3c8c4a16cf369f3bb93a'}, 'dob': {'date': '1950-07-08T14:43:43.375Z', 'age': 73}, 'registered': {'date': '2015-01-17T09:11:29.078Z', 'age': 9}, 'phone': '(064) 1656356', 'cell': '(06) 94203140', 'id': {'name': 'BSN', 'value': '49973690'}, 'picture': {'large': 'https://randomuser.me/api/portraits/women/28.jpg', 'medium': 'https://randomuser.me/api/portraits/med/women/28.jpg', 'thumbnail': 'https://randomuser.me/api/portraits/thumb/women/28.jpg'}, 'nat': 'NL'}</msg>
<arg>${json_data['results'][0]}</arg>
<doc>Logs the given message with the given level.</doc>
<status status="PASS" start="2024-06-02T14:12:22.378414" elapsed="0.000403"/>
</kw>
<kw name="Log" owner="BuiltIn">
<msg time="2024-06-02T14:12:22.379238" level="INFO">email</msg>
<arg>${key}</arg>
<doc>Logs the given message with the given level.</doc>
<status status="PASS" start="2024-06-02T14:12:22.379113" elapsed="0.000161"/>
</kw>
<var name="${key}">email</var>
<status status="PASS" start="2024-06-02T14:12:22.377499" elapsed="0.001997"/>
</iter>
<iter>
<kw name="Dictionary Should Contain Key" owner="Collections">
<msg time="2024-06-02T14:12:22.380165" level="INFO">False</msg>
<arg>${json_data['results'][0]}</arg>
<arg>${key}</arg>
<doc>Fails if ``key`` is not found from ``dictionary``.</doc>
<status status="PASS" start="2024-06-02T14:12:22.379788" elapsed="0.000414"/>
</kw>
<kw name="Log" owner="BuiltIn">
<msg time="2024-06-02T14:12:22.380865" level="INFO">{'gender': 'female', 'name': {'title': 'Ms', 'first': 'Rozemarijn', 'last': 'Van Tetering'}, 'location': {'street': {'number': 7768, 'name': 'De Tieme'}, 'city': 'Spanga', 'state': 'Zeeland', 'country': 'Netherlands', 'postcode': '9936 GH', 'coordinates': {'latitude': '36.9929', 'longitude': '53.4620'}, 'timezone': {'offset': '-11:00', 'description': 'Midway Island, Samoa'}}, 'email': 'rozemarijn.vantetering@example.com', 'login': {'uuid': 'ced0c6cd-dbe1-4dce-b0c6-531a4b62b8b5', 'username': 'greenfrog281', 'password': 'santa', 'salt': 'Q4e3X4Uc', 'md5': 'ed32caf2b9ad6125b56337b47d353dc6', 'sha1': '16ae745d04f42d84867f71f576cb9cab85c3c462', 'sha256': '830ab17f44e2ec98de80856211c89feb7d45d8d5657b3c8c4a16cf369f3bb93a'}, 'dob': {'date': '1950-07-08T14:43:43.375Z', 'age': 73}, 'registered': {'date': '2015-01-17T09:11:29.078Z', 'age': 9}, 'phone': '(064) 1656356', 'cell': '(06) 94203140', 'id': {'name': 'BSN', 'value': '49973690'}, 'picture': {'large': 'https://randomuser.me/api/portraits/women/28.jpg', 'medium': 'https://randomuser.me/api/portraits/med/women/28.jpg', 'thumbnail': 'https://randomuser.me/api/portraits/thumb/women/28.jpg'}, 'nat': 'NL'}</msg>
<arg>${json_data['results'][0]}</arg>
<doc>Logs the given message with the given level.</doc>
<status status="PASS" start="2024-06-02T14:12:22.380493" elapsed="0.000419"/>
</kw>
<kw name="Log" owner="BuiltIn">
<msg time="2024-06-02T14:12:22.381324" level="INFO">login</msg>
<arg>${key}</arg>
<doc>Logs the given message with the given level.</doc>
<status status="PASS" start="2024-06-02T14:12:22.381202" elapsed="0.000158"/>
</kw>
<var name="${key}">login</var>
<status status="PASS" start="2024-06-02T14:12:22.379678" elapsed="0.001918"/>
</iter>
<var>${key}</var>
<value>@{expected_keys}</value>
<status status="PASS" start="2024-06-02T14:12:22.370919" elapsed="0.010801"/>
</for>
<kw name="Create List" owner="BuiltIn">
<msg time="2024-06-02T14:12:22.382045" level="INFO">${expected_keysTwo} = ['username', 'password']</msg>
<var>${expected_keysTwo}</var>
<arg>username</arg>
<arg>password</arg>
<doc>Returns a list containing given items.</doc>
<status status="PASS" start="2024-06-02T14:12:22.381911" elapsed="0.000157"/>
</kw>
<for flavor="IN">
<iter>
<kw name="Dictionary Should Contain Key" owner="Collections">
<msg time="2024-06-02T14:12:22.382936" level="INFO">False</msg>
<arg>${json_data['results'][0]['login']}</arg>
<arg>${keyTwo}</arg>
<doc>Fails if ``key`` is not found from ``dictionary``.</doc>
<status status="PASS" start="2024-06-02T14:12:22.382557" elapsed="0.000415"/>
</kw>
<kw name="Dictionary Should Contain Key" owner="Collections">
<msg time="2024-06-02T14:12:22.383641" level="INFO">False</msg>
<arg>${json_data['results'][0]['login']}</arg>
<arg>${keyTwo}</arg>
<doc>Fails if ``key`` is not found from ``dictionary``.</doc>
<status status="PASS" start="2024-06-02T14:12:22.383264" elapsed="0.000413"/>
</kw>
<kw name="Log" owner="BuiltIn">
<msg time="2024-06-02T14:12:22.384092" level="INFO">username</msg>
<arg>${keyTwo}</arg>
<doc>Logs the given message with the given level.</doc>
<status status="PASS" start="2024-06-02T14:12:22.383967" elapsed="0.000160"/>
</kw>
<var name="${keyTwo}">username</var>
<status status="PASS" start="2024-06-02T14:12:22.382448" elapsed="0.001890"/>
</iter>
<iter>
<kw name="Dictionary Should Contain Key" owner="Collections">
<msg time="2024-06-02T14:12:22.385013" level="INFO">False</msg>
<arg>${json_data['results'][0]['login']}</arg>
<arg>${keyTwo}</arg>
<doc>Fails if ``key`` is not found from ``dictionary``.</doc>
<status status="PASS" start="2024-06-02T14:12:22.384614" elapsed="0.000436"/>
</kw>
<kw name="Dictionary Should Contain Key" owner="Collections">
<msg time="2024-06-02T14:12:22.385744" level="INFO">False</msg>
<arg>${json_data['results'][0]['login']}</arg>
<arg>${keyTwo}</arg>
<doc>Fails if ``key`` is not found from ``dictionary``.</doc>
<status status="PASS" start="2024-06-02T14:12:22.385364" elapsed="0.000415"/>
</kw>
<kw name="Log" owner="BuiltIn">
<msg time="2024-06-02T14:12:22.386192" level="INFO">password</msg>
<arg>${keyTwo}</arg>
<doc>Logs the given message with the given level.</doc>
<status status="PASS" start="2024-06-02T14:12:22.386068" elapsed="0.000160"/>
</kw>
<var name="${keyTwo}">password</var>
<status status="PASS" start="2024-06-02T14:12:22.384506" elapsed="0.001937"/>
</iter>
<var>${keyTwo}</var>
<value>@{expected_keysTwo}</value>
<status status="PASS" start="2024-06-02T14:12:22.382302" elapsed="0.004258"/>
</for>
<status status="PASS" start="2024-06-02T14:12:22.276283" elapsed="0.110412"/>
</kw>
<doc>Testa a estrutura da resposta da API.</doc>
<tag>testeEstruturaResposta</tag>
<status status="PASS" start="2024-06-02T14:12:22.275818" elapsed="0.111023"/>
</test>
<test id="s1-s1-t4" name="Validar tipos de dados" line="28">
<kw name="Teste de Tipos de Dados" owner="random-user-service">
<kw name="GET On Session" owner="RequestsLibrary">
<msg time="2024-06-02T14:12:22.477358" level="INFO">GET Request : url=https://randomuser.me/api 
 path_url=/api 
 headers={'User-Agent': 'python-requests/2.32.3', 'Accept-Encoding': 'gzip, deflate', 'Accept': '*/*', 'Connection': 'keep-alive'} 
 body=None 
 </msg>
<msg time="2024-06-02T14:12:22.477443" level="INFO">GET Response : url=https://randomuser.me/api 
 status=200, reason=OK 
 headers={'Date': 'Sun, 02 Jun 2024 14:12:22 GMT', 'Content-Type': 'application/json; charset=utf-8', 'Transfer-Encoding': 'chunked', 'Connection': 'keep-alive', 'X-Powered-By': 'Express', 'Access-Control-Allow-Origin': '*', 'Cache-Control': 'no-cache', 'ETag': 'W/"4aa-hWmOjlG8Wd8U58CBRWwCFi/1npo"', 'Vary': 'Accept-Encoding', 'Content-Encoding': 'gzip', 'CF-Cache-Status': 'DYNAMIC', 'Report-To': '{"endpoints":[{"url":"https:\\/\\/a.nel.cloudflare.com\\/report\\/v4?s=SWBEpthM4%2Bs7J7%2B5LfVNqZpv5naDJ9gHm0ZlWgoqbnXPh3HVYQuZ7WPcHkW3Zlo312dQiOV5LxfKggZEWKWkmr3j9MRaYaca56WGEb5852jwlSz9nw2DwaJ4HUHDGvdE"}],"group":"cf-nel","max_age":604800}', 'NEL': '{"success_fraction":0,"report_to":"cf-nel","max_age":604800}', 'Server': 'cloudflare', 'CF-RAY': '88d809b7ffc1fa8e-SJC', 'alt-svc': 'h3=":443"; ma=86400'} 
 body={"results":[{"gender":"female","name":{"title":"Mrs","first":"Lorena","last":"Muñoz"},"location":{"street":{"number":7250,"name":"Ronda de Toledo"},"city":"Torrejón de Ardoz","state":"País Vasco","country":"Spain","postcode":29697,"coordinates":{"latitude":"-30.1802","longitude":"99.6496"},"timezone":{"offset":"0:00","description":"Western Europe Time, London, Lisbon, Casablanca"}},"email":"lorena.munoz@example.com","login":{"uuid":"8a66bfde-3b6b-447a-862c-b746772395d7","username":"silverpanda545","password":"brewer","salt":"RxStCNXy","md5":"f4313a20a62632198b1192fd67603f25","sha1":"a86a477dccdf54c1ce78469912aa9619bd0e8682","sha256":"0cfcff78e1bcc70324b013f9129429a892eb7221f810acb9546e7ec5c43c6457"},"dob":{"date":"1961-08-04T19:38:05.506Z","age":62},"registered":{"date":"2010-06-16T20:41:36.047Z","age":13},"phone":"941-263-843","cell":"618-071-050","id":{"name":"DNI","value":"32916002-N"},"picture":{"large":"https://randomuser.me/api/portraits/women/44.jpg","medium":"https://randomuser.me/api/portraits/med/women/44.jpg","thumbnail":"https://randomuser.me/api/portraits/thumb/women/44.jpg"},"nat":"ES"}],"info":{"seed":"d09f4f8bdd272200","results":1,"page":1,"version":"1.4"}} 
 </msg>
<msg time="2024-06-02T14:12:22.477520" level="INFO">/opt/hostedtoolcache/Python/3.12.3/x64/lib/python3.12/site-packages/urllib3/connectionpool.py:1103: InsecureRequestWarning: Unverified HTTPS request is being made to host 'randomuser.me'. Adding certificate verification is strongly advised. See: https://urllib3.readthedocs.io/en/latest/advanced-usage.html#tls-warnings
  warnings.warn(</msg>
<msg time="2024-06-02T14:12:22.477659" level="INFO">${response} = &lt;Response [200]&gt;</msg>
<var>${response}</var>
<arg>consultarAPI</arg>
<arg>/api</arg>
<doc>Sends a GET request on a previously created HTTP Session.</doc>
<status status="PASS" start="2024-06-02T14:12:22.389245" elapsed="0.088471"/>
</kw>
<kw name="Set Variable" owner="BuiltIn">
<msg time="2024-06-02T14:12:22.478550" level="INFO">${json_data} = {'results': [{'gender': 'female', 'name': {'title': 'Mrs', 'first': 'Lorena', 'last': 'Muñoz'}, 'location': {'street': {'number': 7250, 'name': 'Ronda de Toledo'}, 'city': 'Torrejón de Ardoz', 'state'...</msg>
<var>${json_data}</var>
<arg>${response.json()}</arg>
<doc>Returns the given values which can then be assigned to a variables.</doc>
<status status="PASS" start="2024-06-02T14:12:22.478085" elapsed="0.000495"/>
</kw>
<kw name="Log" owner="BuiltIn">
<msg time="2024-06-02T14:12:22.479049" level="INFO">{'results': [{'gender': 'female', 'name': {'title': 'Mrs', 'first': 'Lorena', 'last': 'Muñoz'}, 'location': {'street': {'number': 7250, 'name': 'Ronda de Toledo'}, 'city': 'Torrejón de Ardoz', 'state': 'País Vasco', 'country': 'Spain', 'postcode': 29697, 'coordinates': {'latitude': '-30.1802', 'longitude': '99.6496'}, 'timezone': {'offset': '0:00', 'description': 'Western Europe Time, London, Lisbon, Casablanca'}}, 'email': 'lorena.munoz@example.com', 'login': {'uuid': '8a66bfde-3b6b-447a-862c-b746772395d7', 'username': 'silverpanda545', 'password': 'brewer', 'salt': 'RxStCNXy', 'md5': 'f4313a20a62632198b1192fd67603f25', 'sha1': 'a86a477dccdf54c1ce78469912aa9619bd0e8682', 'sha256': '0cfcff78e1bcc70324b013f9129429a892eb7221f810acb9546e7ec5c43c6457'}, 'dob': {'date': '1961-08-04T19:38:05.506Z', 'age': 62}, 'registered': {'date': '2010-06-16T20:41:36.047Z', 'age': 13}, 'phone': '941-263-843', 'cell': '618-071-050', 'id': {'name': 'DNI', 'value': '32916002-N'}, 'picture': {'large': 'https://randomuser.me/api/portraits/women/44.jpg', 'medium': 'https://randomuser.me/api/portraits/med/women/44.jpg', 'thumbnail': 'https://randomuser.me/api/portraits/thumb/women/44.jpg'}, 'nat': 'ES'}], 'info': {'seed': 'd09f4f8bdd272200', 'results': 1, 'page': 1, 'version': '1.4'}}</msg>
<arg>${json_data}</arg>
<doc>Logs the given message with the given level.</doc>
<status status="PASS" start="2024-06-02T14:12:22.478891" elapsed="0.000240"/>
</kw>
<kw name="Should Be String" owner="String">
<arg>${json_data['results'][0]['gender']}</arg>
<doc>Fails if the given ``item`` is not a string.</doc>
<status status="PASS" start="2024-06-02T14:12:22.479430" elapsed="0.000362"/>
</kw>
<kw name="Should Match Regexp" owner="BuiltIn">
<arg>${json_data['results'][0]['email']}</arg>
<arg>^[a-zA-Z0-9._%+-]+@[a-zA-Z0-9.-]+\.[a-zA-Z]{2,}$</arg>
<doc>Fails if ``string`` does not match ``pattern`` as a regular expression.</doc>
<status status="PASS" start="2024-06-02T14:12:22.479987" elapsed="0.000611"/>
</kw>
<kw name="Should Match Regexp" owner="BuiltIn">
<arg>${json_data['results'][0]['dob']['date']}</arg>
<arg>\\d{4}-\\d{2}-\\d{2}T\\d{2}:\\d{2}:\\d{2}\\.\\d{3}Z</arg>
<doc>Fails if ``string`` does not match ``pattern`` as a regular expression.</doc>
<status status="PASS" start="2024-06-02T14:12:22.480851" elapsed="0.000486"/>
</kw>
<kw name="Should Match Regexp" owner="BuiltIn">
<arg>${json_data['results'][0]['registered']['date']}</arg>
<arg>\\d{4}-\\d{2}-\\d{2}T\\d{2}:\\d{2}:\\d{2}\\.\\d{3}Z</arg>
<doc>Fails if ``string`` does not match ``pattern`` as a regular expression.</doc>
<status status="PASS" start="2024-06-02T14:12:22.481532" elapsed="0.000365"/>
</kw>
<kw name="Should Match Regexp" owner="BuiltIn">
<arg>${json_data['results'][0]['picture']['large']}</arg>
<arg>^https?://.*\.(?:png|jpe?g|gif|bmp)$</arg>
<doc>Fails if ``string`` does not match ``pattern`` as a regular expression.</doc>
<status status="PASS" start="2024-06-02T14:12:22.482085" elapsed="0.000455"/>
</kw>
<kw name="Should Match Regexp" owner="BuiltIn">
<arg>${json_data['results'][0]['picture']['medium']}</arg>
<arg>^https?://.*\.(?:png|jpe?g|gif|bmp)$</arg>
<doc>Fails if ``string`` does not match ``pattern`` as a regular expression.</doc>
<status status="PASS" start="2024-06-02T14:12:22.482732" elapsed="0.000348"/>
</kw>
<kw name="Should Match Regexp" owner="BuiltIn">
<arg>${json_data['results'][0]['picture']['thumbnail']}</arg>
<arg>^https?://.*\.(?:png|jpe?g|gif|bmp)$</arg>
<doc>Fails if ``string`` does not match ``pattern`` as a regular expression.</doc>
<status status="PASS" start="2024-06-02T14:12:22.483266" elapsed="0.000350"/>
</kw>
<kw name="Log" owner="BuiltIn">
<msg time="2024-06-02T14:12:22.484112" level="INFO">{'large': 'https://randomuser.me/api/portraits/women/44.jpg', 'medium': 'https://randomuser.me/api/portraits/med/women/44.jpg', 'thumbnail': 'https://randomuser.me/api/portraits/thumb/women/44.jpg'}</msg>
<arg>${json_data['results'][0]['picture']}</arg>
<doc>Logs the given message with the given level.</doc>
<status status="PASS" start="2024-06-02T14:12:22.483796" elapsed="0.000358"/>
</kw>
<status status="PASS" start="2024-06-02T14:12:22.389022" elapsed="0.095380"/>
</kw>
<kw name="Teste de Tipos de Dados - Postcode" owner="random-user-service">
<kw name="GET On Session" owner="RequestsLibrary">
<msg time="2024-06-02T14:12:22.576340" level="INFO">GET Request : url=https://randomuser.me/api 
 path_url=/api 
 headers={'User-Agent': 'python-requests/2.32.3', 'Accept-Encoding': 'gzip, deflate', 'Accept': '*/*', 'Connection': 'keep-alive'} 
 body=None 
 </msg>
<msg time="2024-06-02T14:12:22.576405" level="INFO">GET Response : url=https://randomuser.me/api 
 status=200, reason=OK 
 headers={'Date': 'Sun, 02 Jun 2024 14:12:22 GMT', 'Content-Type': 'application/json; charset=utf-8', 'Transfer-Encoding': 'chunked', 'Connection': 'keep-alive', 'X-Powered-By': 'Express', 'Access-Control-Allow-Origin': '*', 'Cache-Control': 'no-cache', 'ETag': 'W/"482-LR7y4ghqZvkxnl52EpNj769d0Ak"', 'Vary': 'Accept-Encoding', 'Content-Encoding': 'gzip', 'CF-Cache-Status': 'DYNAMIC', 'Report-To': '{"endpoints":[{"url":"https:\\/\\/a.nel.cloudflare.com\\/report\\/v4?s=ggcjavrqH%2Fi8%2FdXTeSHgDrfbXDNcOkJqn1nAmdsbIbmCIxbzDkF%2B1iqJz44dZYNApDISBAT5yTR%2FLa0uSILZG4OqK1eYsDsWhSukFxUGKUZ3vv5hICmFlGjHf1au%2FAL8"}],"group":"cf-nel","max_age":604800}', 'NEL': '{"success_fraction":0,"report_to":"cf-nel","max_age":604800}', 'Server': 'cloudflare', 'CF-RAY': '88d809b88848fa8e-SJC', 'alt-svc': 'h3=":443"; ma=86400'} 
 body={"results":[{"gender":"female","name":{"title":"Mrs","first":"Siiri","last":"Tanner"},"location":{"street":{"number":3844,"name":"Itsenäisyydenkatu"},"city":"Rautjärvi","state":"Pirkanmaa","country":"Finland","postcode":63040,"coordinates":{"latitude":"-24.2794","longitude":"87.9657"},"timezone":{"offset":"+3:30","description":"Tehran"}},"email":"siiri.tanner@example.com","login":{"uuid":"ee8965b8-9ade-44b5-9387-e7cc5d8d6051","username":"heavyswan502","password":"little","salt":"N15tUten","md5":"7d82eb0d9354d50565e028fed1de6793","sha1":"e0e76d0d13120a8f6acaa81b256f2096a66452af","sha256":"f824d75c0c65739773a418f1ae67b2947b0673c06a55f37bd544c08238c9e68c"},"dob":{"date":"1989-04-01T08:24:33.766Z","age":35},"registered":{"date":"2017-05-14T21:15:21.610Z","age":7},"phone":"08-584-030","cell":"049-280-77-89","id":{"name":"HETU","value":"NaNNA956undefined"},"picture":{"large":"https://randomuser.me/api/portraits/women/33.jpg","medium":"https://randomuser.me/api/portraits/med/women/33.jpg","thumbnail":"https://randomuser.me/api/portraits/thumb/women/33.jpg"},"nat":"FI"}],"info":{"seed":"5d108fc71e8f35f9","results":1,"page":1,"version":"1.4"}} 
 </msg>
<msg time="2024-06-02T14:12:22.576462" level="INFO">/opt/hostedtoolcache/Python/3.12.3/x64/lib/python3.12/site-packages/urllib3/connectionpool.py:1103: InsecureRequestWarning: Unverified HTTPS request is being made to host 'randomuser.me'. Adding certificate verification is strongly advised. See: https://urllib3.readthedocs.io/en/latest/advanced-usage.html#tls-warnings
  warnings.warn(</msg>
<msg time="2024-06-02T14:12:22.576566" level="INFO">${response} = &lt;Response [200]&gt;</msg>
<var>${response}</var>
<arg>consultarAPI</arg>
<arg>/api</arg>
<doc>Sends a GET request on a previously created HTTP Session.</doc>
<status status="PASS" start="2024-06-02T14:12:22.484850" elapsed="0.091758"/>
</kw>
<kw name="Set Variable" owner="BuiltIn">
<msg time="2024-06-02T14:12:22.577460" level="INFO">${json_data} = {'results': [{'gender': 'female', 'name': {'title': 'Mrs', 'first': 'Siiri', 'last': 'Tanner'}, 'location': {'street': {'number': 3844, 'name': 'Itsenäisyydenkatu'}, 'city': 'Rautjärvi', 'state': 'Pir...</msg>
<var>${json_data}</var>
<arg>${response.json()}</arg>
<doc>Returns the given values which can then be assigned to a variables.</doc>
<status status="PASS" start="2024-06-02T14:12:22.577003" elapsed="0.000487"/>
</kw>
<kw name="Log" owner="BuiltIn">
<msg time="2024-06-02T14:12:22.577952" level="INFO">{'results': [{'gender': 'female', 'name': {'title': 'Mrs', 'first': 'Siiri', 'last': 'Tanner'}, 'location': {'street': {'number': 3844, 'name': 'Itsenäisyydenkatu'}, 'city': 'Rautjärvi', 'state': 'Pirkanmaa', 'country': 'Finland', 'postcode': 63040, 'coordinates': {'latitude': '-24.2794', 'longitude': '87.9657'}, 'timezone': {'offset': '+3:30', 'description': 'Tehran'}}, 'email': 'siiri.tanner@example.com', 'login': {'uuid': 'ee8965b8-9ade-44b5-9387-e7cc5d8d6051', 'username': 'heavyswan502', 'password': 'little', 'salt': 'N15tUten', 'md5': '7d82eb0d9354d50565e028fed1de6793', 'sha1': 'e0e76d0d13120a8f6acaa81b256f2096a66452af', 'sha256': 'f824d75c0c65739773a418f1ae67b2947b0673c06a55f37bd544c08238c9e68c'}, 'dob': {'date': '1989-04-01T08:24:33.766Z', 'age': 35}, 'registered': {'date': '2017-05-14T21:15:21.610Z', 'age': 7}, 'phone': '08-584-030', 'cell': '049-280-77-89', 'id': {'name': 'HETU', 'value': 'NaNNA956undefined'}, 'picture': {'large': 'https://randomuser.me/api/portraits/women/33.jpg', 'medium': 'https://randomuser.me/api/portraits/med/women/33.jpg', 'thumbnail': 'https://randomuser.me/api/portraits/thumb/women/33.jpg'}, 'nat': 'FI'}], 'info': {'seed': '5d108fc71e8f35f9', 'results': 1, 'page': 1, 'version': '1.4'}}</msg>
<arg>${json_data}</arg>
<doc>Logs the given message with the given level.</doc>
<status status="PASS" start="2024-06-02T14:12:22.577797" elapsed="0.000233"/>
</kw>
<kw name="Should Be Equal As Numbers" owner="BuiltIn">
<arg>${json_data['results'][0]['location']['postcode']}</arg>
<arg>${json_data['results'][0]['location']['postcode']}</arg>
<doc>Fails if objects are unequal after converting them to real numbers.</doc>
<status status="PASS" start="2024-06-02T14:12:22.578329" elapsed="0.000617"/>
</kw>
<kw name="Log" owner="BuiltIn">
<msg time="2024-06-02T14:12:22.579479" level="INFO">63040</msg>
<arg>${json_data['results'][0]['location']['postcode']}</arg>
<doc>Logs the given message with the given level.</doc>
<status status="PASS" start="2024-06-02T14:12:22.579141" elapsed="0.000378"/>
</kw>
<status status="PASS" start="2024-06-02T14:12:22.484608" elapsed="0.095174"/>
</kw>
<doc>Testa se os tipos de dados na resposta da API estão corretos.</doc>
<tag>testeTiposDados</tag>
<status status="PASS" start="2024-06-02T14:12:22.388549" elapsed="0.191390"/>
</test>
<test id="s1-s1-t5" name="Validar conteudo" line="35">
<kw name="Teste de Tipos de Conteudo" owner="random-user-service">
<kw name="GET On Session" owner="RequestsLibrary">
<msg time="2024-06-02T14:12:22.696822" level="INFO">GET Request : url=https://randomuser.me/api 
 path_url=/api 
 headers={'User-Agent': 'python-requests/2.32.3', 'Accept-Encoding': 'gzip, deflate', 'Accept': '*/*', 'Connection': 'keep-alive'} 
 body=None 
 </msg>
<msg time="2024-06-02T14:12:22.696906" level="INFO">GET Response : url=https://randomuser.me/api 
 status=200, reason=OK 
 headers={'Date': 'Sun, 02 Jun 2024 14:12:22 GMT', 'Content-Type': 'application/json; charset=utf-8', 'Transfer-Encoding': 'chunked', 'Connection': 'keep-alive', 'X-Powered-By': 'Express', 'Access-Control-Allow-Origin': '*', 'Cache-Control': 'no-cache', 'ETag': 'W/"494-zkIf8s370EYG2rXp5VZHm8x8THU"', 'Vary': 'Accept-Encoding', 'Content-Encoding': 'gzip', 'CF-Cache-Status': 'DYNAMIC', 'Report-To': '{"endpoints":[{"url":"https:\\/\\/a.nel.cloudflare.com\\/report\\/v4?s=xkReiwgq94aqGH2e3vHbUBflV1P4HqdbD%2FE9I5i5u3y5Ro87UFVM7p4wMfrh6K3NdjNJ6%2F0dVPtdeRDbZV1%2BAsXhBvyoXRYDAEpXS3CmHYN3lvv%2Bofaq%2FQlGXMVJYU%2Be"}],"group":"cf-nel","max_age":604800}', 'NEL': '{"success_fraction":0,"report_to":"cf-nel","max_age":604800}', 'Server': 'cloudflare', 'CF-RAY': '88d809b928c9fa8e-SJC', 'alt-svc': 'h3=":443"; ma=86400'} 
 body={"results":[{"gender":"male","name":{"title":"Mr","first":"Roope","last":"Kivisto"},"location":{"street":{"number":6688,"name":"Pirkankatu"},"city":"Kalajoki","state":"Finland Proper","country":"Finland","postcode":12863,"coordinates":{"latitude":"-29.8702","longitude":"-25.6121"},"timezone":{"offset":"+4:00","description":"Abu Dhabi, Muscat, Baku, Tbilisi"}},"email":"roope.kivisto@example.com","login":{"uuid":"c59a8310-2815-4917-8bf4-524f8c257908","username":"yellowfish418","password":"quattro","salt":"kFhtMfCU","md5":"fd93cc681713bece049591f57357a5ba","sha1":"e822f7e5b4c27ac895c24b8c44792e70863016f9","sha256":"036ebcf6c1a87d136efadf8d75639efb324949323059e2fe8d443e74e7352637"},"dob":{"date":"1953-06-07T15:42:14.068Z","age":70},"registered":{"date":"2008-04-20T10:47:53.635Z","age":16},"phone":"06-713-450","cell":"045-909-27-95","id":{"name":"HETU","value":"NaNNA189undefined"},"picture":{"large":"https://randomuser.me/api/portraits/men/98.jpg","medium":"https://randomuser.me/api/portraits/med/men/98.jpg","thumbnail":"https://randomuser.me/api/portraits/thumb/men/98.jpg"},"nat":"FI"}],"info":{"seed":"9e064eed8968c088","results":1,"page":1,"version":"1.4"}} 
 </msg>
<msg time="2024-06-02T14:12:22.696978" level="INFO">/opt/hostedtoolcache/Python/3.12.3/x64/lib/python3.12/site-packages/urllib3/connectionpool.py:1103: InsecureRequestWarning: Unverified HTTPS request is being made to host 'randomuser.me'. Adding certificate verification is strongly advised. See: https://urllib3.readthedocs.io/en/latest/advanced-usage.html#tls-warnings
  warnings.warn(</msg>
<msg time="2024-06-02T14:12:22.697122" level="INFO">${response} = &lt;Response [200]&gt;</msg>
<var>${response}</var>
<arg>consultarAPI</arg>
<arg>/api</arg>
<doc>Sends a GET request on a previously created HTTP Session.</doc>
<status status="PASS" start="2024-06-02T14:12:22.582337" elapsed="0.114826"/>
</kw>
<kw name="Set Variable" owner="BuiltIn">
<msg time="2024-06-02T14:12:22.697996" level="INFO">${json_data} = {'results': [{'gender': 'male', 'name': {'title': 'Mr', 'first': 'Roope', 'last': 'Kivisto'}, 'location': {'street': {'number': 6688, 'name': 'Pirkankatu'}, 'city': 'Kalajoki', 'state': 'Finland Prope...</msg>
<var>${json_data}</var>
<arg>${response.json()}</arg>
<doc>Returns the given values which can then be assigned to a variables.</doc>
<status status="PASS" start="2024-06-02T14:12:22.697553" elapsed="0.000473"/>
</kw>
<kw name="Set Variable" owner="BuiltIn">
<msg time="2024-06-02T14:12:22.698697" level="INFO">${name_title} = Mr</msg>
<var>${name_title}</var>
<arg>${json_data["results"][0]["name"]["title"]}</arg>
<doc>Returns the given values which can then be assigned to a variables.</doc>
<status status="PASS" start="2024-06-02T14:12:22.698326" elapsed="0.000396"/>
</kw>
<kw name="Create List" owner="BuiltIn">
<msg time="2024-06-02T14:12:22.699163" level="INFO">${allowed_titles} = ['Mr', 'Ms', 'Miss', 'Mrs', 'Madame', 'Monsieur']</msg>
<var>${allowed_titles}</var>
<arg>Mr</arg>
<arg>Ms</arg>
<arg>Miss</arg>
<arg>Mrs</arg>
<arg>Madame</arg>
<arg>Monsieur</arg>
<doc>Returns a list containing given items.</doc>
<status status="PASS" start="2024-06-02T14:12:22.699017" elapsed="0.000170"/>
</kw>
<kw name="List Should Contain Value" owner="Collections">
<msg time="2024-06-02T14:12:22.699652" level="INFO">False</msg>
<arg>${allowed_titles}</arg>
<arg>${name_title}</arg>
<doc>Fails if the ``value`` is not found from ``list``.</doc>
<status status="PASS" start="2024-06-02T14:12:22.699487" elapsed="0.000200"/>
</kw>
<kw name="Set Variable" owner="BuiltIn">
<msg time="2024-06-02T14:12:22.700468" level="INFO">${name_country} = FI</msg>
<var>${name_country}</var>
<arg>${json_data["results"][0]["nat"]}</arg>
<doc>Returns the given values which can then be assigned to a variables.</doc>
<status status="PASS" start="2024-06-02T14:12:22.699976" elapsed="0.000517"/>
</kw>
<kw name="Create List" owner="BuiltIn">
<msg time="2024-06-02T14:12:22.701444" level="INFO">${list_country} = ['AD', 'AE', 'AF', 'AG', 'AI', 'AL', 'AM', 'AO', 'AQ', 'AR', 'AS', 'AT', 'AU', 'AW', 'AX', 'AZ', 'BA', 'BB', 'BD', 'BE', 'BF', 'BG', 'BH', 'BI', 'BJ', 'BL', 'BM', 'BN', 'BO', 'BQ', 'BR', 'BS', 'BT', '...</msg>
<var>${list_country}</var>
<arg>AD</arg>
<arg>AE</arg>
<arg>AF</arg>
<arg>AG</arg>
<arg>AI</arg>
<arg>AL</arg>
<arg>AM</arg>
<arg>AO</arg>
<arg>AQ</arg>
<arg>AR</arg>
<arg>AS</arg>
<arg>AT</arg>
<arg>AU</arg>
<arg>AW</arg>
<arg>AX</arg>
<arg>AZ</arg>
<arg>BA</arg>
<arg>BB</arg>
<arg>BD</arg>
<arg>BE</arg>
<arg>BF</arg>
<arg>BG</arg>
<arg>BH</arg>
<arg>BI</arg>
<arg>BJ</arg>
<arg>BL</arg>
<arg>BM</arg>
<arg>BN</arg>
<arg>BO</arg>
<arg>BQ</arg>
<arg>BR</arg>
<arg>BS</arg>
<arg>BT</arg>
<arg>BV</arg>
<arg>BW</arg>
<arg>BY</arg>
<arg>BZ</arg>
<arg>CA</arg>
<arg>CC</arg>
<arg>CD</arg>
<arg>CF</arg>
<arg>CG</arg>
<arg>CH</arg>
<arg>CI</arg>
<arg>CK</arg>
<arg>CL</arg>
<arg>CM</arg>
<arg>CN</arg>
<arg>CO</arg>
<arg>CR</arg>
<arg>CU</arg>
<arg>CV</arg>
<arg>CW</arg>
<arg>CX</arg>
<arg>CY</arg>
<arg>CZ</arg>
<arg>DE</arg>
<arg>DJ</arg>
<arg>DK</arg>
<arg>DM</arg>
<arg>DO</arg>
<arg>DZ</arg>
<arg>EC</arg>
<arg>EE</arg>
<arg>EG</arg>
<arg>EH</arg>
<arg>ER</arg>
<arg>ES</arg>
<arg>ET</arg>
<arg>FI</arg>
<arg>FJ</arg>
<arg>FK</arg>
<arg>FM</arg>
<arg>FO</arg>
<arg>FR</arg>
<arg>GA</arg>
<arg>GB</arg>
<arg>GD</arg>
<arg>GE</arg>
<arg>GF</arg>
<arg>GG</arg>
<arg>GH</arg>
<arg>GI</arg>
<arg>GL</arg>
<arg>GM</arg>
<arg>GN</arg>
<arg>GP</arg>
<arg>GQ</arg>
<arg>GR</arg>
<arg>GS</arg>
<arg>GT</arg>
<arg>GU</arg>
<arg>GW</arg>
<arg>GY</arg>
<arg>HK</arg>
<arg>HM</arg>
<arg>HN</arg>
<arg>HR</arg>
<arg>HT</arg>
<arg>HU</arg>
<arg>ID</arg>
<arg>IE</arg>
<arg>IL</arg>
<arg>IM</arg>
<arg>IN</arg>
<arg>IO</arg>
<arg>IQ</arg>
<arg>IR</arg>
<arg>IS</arg>
<arg>IT</arg>
<arg>JE</arg>
<arg>JM</arg>
<arg>JO</arg>
<arg>JP</arg>
<arg>KE</arg>
<arg>KG</arg>
<arg>KH</arg>
<arg>KI</arg>
<arg>KM</arg>
<arg>KN</arg>
<arg>KP</arg>
<arg>KR</arg>
<arg>KW</arg>
<arg>KY</arg>
<arg>KZ</arg>
<arg>LA</arg>
<arg>LB</arg>
<arg>LC</arg>
<arg>LI</arg>
<arg>LK</arg>
<arg>LR</arg>
<arg>LS</arg>
<arg>LT</arg>
<arg>LU</arg>
<arg>LV</arg>
<arg>LY</arg>
<arg>MA</arg>
<arg>MC</arg>
<arg>MD</arg>
<arg>ME</arg>
<arg>MF</arg>
<arg>MG</arg>
<arg>MH</arg>
<arg>MK</arg>
<arg>ML</arg>
<arg>MM</arg>
<arg>MN</arg>
<arg>MO</arg>
<arg>MP</arg>
<arg>MQ</arg>
<arg>MR</arg>
<arg>MS</arg>
<arg>MT</arg>
<arg>MU</arg>
<arg>MV</arg>
<arg>MW</arg>
<arg>MX</arg>
<arg>MY</arg>
<arg>MZ</arg>
<arg>NA</arg>
<arg>NC</arg>
<arg>NE</arg>
<arg>NF</arg>
<arg>NG</arg>
<arg>NI</arg>
<arg>NL</arg>
<arg>NO</arg>
<arg>NP</arg>
<arg>NR</arg>
<arg>NU</arg>
<arg>NZ</arg>
<arg>OM</arg>
<arg>PA</arg>
<arg>PE</arg>
<arg>PF</arg>
<arg>PG</arg>
<arg>PH</arg>
<arg>PK</arg>
<arg>PL</arg>
<arg>PM</arg>
<arg>PN</arg>
<arg>PR</arg>
<arg>PS</arg>
<arg>PT</arg>
<arg>PW</arg>
<arg>PY</arg>
<arg>QA</arg>
<arg>RE</arg>
<arg>RO</arg>
<arg>RS</arg>
<arg>RU</arg>
<arg>RW</arg>
<arg>SA</arg>
<arg>SB</arg>
<arg>SC</arg>
<arg>SD</arg>
<arg>SE</arg>
<arg>SG</arg>
<arg>SH</arg>
<arg>SI</arg>
<arg>SJ</arg>
<arg>SK</arg>
<arg>SL</arg>
<arg>SM</arg>
<arg>SN</arg>
<arg>SO</arg>
<arg>SR</arg>
<arg>SS</arg>
<arg>ST</arg>
<arg>SV</arg>
<arg>SX</arg>
<arg>SY</arg>
<arg>SZ</arg>
<arg>TC</arg>
<arg>TD</arg>
<arg>TF</arg>
<arg>TG</arg>
<arg>TH</arg>
<arg>TJ</arg>
<arg>TK</arg>
<arg>TL</arg>
<arg>TM</arg>
<arg>TN</arg>
<arg>TO</arg>
<arg>TR</arg>
<arg>TT</arg>
<arg>TV</arg>
<arg>TW</arg>
<arg>TZ</arg>
<arg>UA</arg>
<arg>UG</arg>
<arg>UM</arg>
<arg>US</arg>
<arg>UY</arg>
<arg>UZ</arg>
<arg>VA</arg>
<arg>VC</arg>
<arg>VE</arg>
<arg>VG</arg>
<arg>VI</arg>
<arg>VN</arg>
<arg>VU</arg>
<arg>WF</arg>
<arg>WS</arg>
<arg>XK</arg>
<arg>YE</arg>
<arg>YT</arg>
<arg>ZA</arg>
<arg>ZM</arg>
<arg>ZW</arg>
<doc>Returns a list containing given items.</doc>
<status status="PASS" start="2024-06-02T14:12:22.700836" elapsed="0.000633"/>
</kw>
<kw name="List Should Contain Value" owner="Collections">
<msg time="2024-06-02T14:12:22.702454" level="INFO">False</msg>
<arg>${list_country}</arg>
<arg>${name_country}</arg>
<doc>Fails if the ``value`` is not found from ``list``.</doc>
<status status="PASS" start="2024-06-02T14:12:22.702250" elapsed="0.000240"/>
</kw>
<kw name="Run Keyword If" owner="BuiltIn">
<kw name="Should Be True" owner="BuiltIn">
<arg>${True}</arg>
<doc>Fails if the given condition is not true.</doc>
<status status="PASS" start="2024-06-02T14:12:22.703530" elapsed="0.000143"/>
</kw>
<arg>${json_data["results"][0]["location"]["coordinates"]["latitude"]} &gt;= -90 and ${json_data["results"][0]["location"]["coordinates"]["latitude"]} &lt;= 90</arg>
<arg>Should Be True</arg>
<arg>${True}</arg>
<doc>Runs the given keyword with the given arguments, if ``condition`` is true.</doc>
<status status="PASS" start="2024-06-02T14:12:22.702797" elapsed="0.001003"/>
</kw>
<kw name="Run Keyword If" owner="BuiltIn">
<kw name="Should Be True" owner="BuiltIn">
<arg>${True}</arg>
<doc>Fails if the given condition is not true.</doc>
<status status="PASS" start="2024-06-02T14:12:22.704687" elapsed="0.000143"/>
</kw>
<arg>${json_data["results"][0]["location"]["coordinates"]["longitude"]} &gt;= -180 and ${json_data["results"][0]["location"]["coordinates"]["longitude"]} &lt;= 180</arg>
<arg>Should Be True</arg>
<arg>${True}</arg>
<doc>Runs the given keyword with the given arguments, if ``condition`` is true.</doc>
<status status="PASS" start="2024-06-02T14:12:22.703988" elapsed="0.000965"/>
</kw>
<status status="PASS" start="2024-06-02T14:12:22.582116" elapsed="0.122961"/>
</kw>
<doc>Testa o conteúdo específico dos campos retornados pela API.</doc>
<tag>testeConteudo</tag>
<status status="PASS" start="2024-06-02T14:12:22.581687" elapsed="0.123528"/>
</test>
<status status="PASS" start="2024-06-02T14:12:21.689111" elapsed="1.017937"/>
</suite>
<status status="PASS" start="2024-06-02T14:12:21.675870" elapsed="1.036152"/>
</suite>
<statistics>
<total>
<stat pass="5" fail="0" skip="0">All Tests</stat>
</total>
<tag>
<stat pass="1" fail="0" skip="0">testeConteudo</stat>
<stat pass="1" fail="0" skip="0">testeEstruturaResposta</stat>
<stat pass="1" fail="0" skip="0">testeRequisicaoBasica</stat>
<stat pass="1" fail="0" skip="0">testeTiposDados</stat>
</tag>
<suite>
<stat pass="5" fail="0" skip="0" id="s1" name="Tests">Tests</stat>
<stat pass="5" fail="0" skip="0" id="s1-s1" name="Random-User-Test">Tests.Random-User-Test</stat>
</suite>
</statistics>
<errors>
</errors>
</robot>
