<?xml version="1.0" encoding="UTF-8"?>
<robot generator="Robot 7.0 (Python 3.12.3 on linux)" generated="2024-05-16T18:18:12.303213" rpa="false" schemaversion="5">
<suite id="s1" name="Tests" source="/home/runner/work/DesafioQAItauRogerioJordao/DesafioQAItauRogerioJordao/RamdonUser/tests">
<suite id="s1-s1" name="Random-User-Test" source="/home/runner/work/DesafioQAItauRogerioJordao/DesafioQAItauRogerioJordao/RamdonUser/tests/random-user-test.robot">
<test id="s1-s1-t1" name="Conectar" line="13">
<kw name="Conectar API" owner="random-user-service">
<kw name="Create Session" owner="RequestsLibrary">
<msg time="2024-05-16T18:18:12.669393" level="INFO">Creating Session using : alias=consultarAPI, url=https://randomuser.me/, headers={},                     cookies={}, auth=None, timeout=None, proxies=None, verify=False,                     debug=0 </msg>
<arg>consultarAPI</arg>
<arg>${URL}</arg>
<doc>Create Session: create a HTTP session to a server</doc>
<status status="PASS" start="2024-05-16T18:18:12.669186" elapsed="0.000410"/>
</kw>
<status status="PASS" start="2024-05-16T18:18:12.668173" elapsed="0.001790"/>
</kw>
<status status="PASS" start="2024-05-16T18:18:12.667494" elapsed="0.002663"/>
</test>
<test id="s1-s1-t2" name="Validar retorno 200 e JSON Válido" line="16">
<kw name="Teste de Requisicao Basica" owner="random-user-service">
<kw name="GET On Session" owner="RequestsLibrary">
<msg time="2024-05-16T18:18:12.824551" level="INFO">GET Request : url=https://randomuser.me/api 
 path_url=/api 
 headers={'User-Agent': 'python-requests/2.31.0', 'Accept-Encoding': 'gzip, deflate', 'Accept': '*/*', 'Connection': 'keep-alive'} 
 body=None 
 </msg>
<msg time="2024-05-16T18:18:12.824699" level="INFO">GET Response : url=https://randomuser.me/api 
 status=200, reason=OK 
 headers={'Date': 'Thu, 16 May 2024 18:18:12 GMT', 'Content-Type': 'application/json; charset=utf-8', 'Transfer-Encoding': 'chunked', 'Connection': 'keep-alive', 'X-Powered-By': 'Express', 'Access-Control-Allow-Origin': '*', 'Cache-Control': 'no-cache', 'ETag': 'W/"487-pKU7XSgJu/YuEmSdZy6l/4BqEnA"', 'Vary': 'Accept-Encoding', 'Content-Encoding': 'gzip', 'CF-Cache-Status': 'DYNAMIC', 'Report-To': '{"endpoints":[{"url":"https:\\/\\/a.nel.cloudflare.com\\/report\\/v4?s=Iucrt%2FVYn0nC3z4eAIILq0%2BCQ9qHCYdzMMTbPvVN8lq%2B7DWfd0Wua6yPBXRX4OX3IymciGE3alx8nm%2FqONLMLn5GijPxEd7t1Ad333UYf%2BJkuqnTXolCvkKYoY%2Bw7BGE"}],"group":"cf-nel","max_age":604800}', 'NEL': '{"success_fraction":0,"report_to":"cf-nel","max_age":604800}', 'Server': 'cloudflare', 'CF-RAY': '884d5e756b9b67be-SJC', 'alt-svc': 'h3=":443"; ma=86400'} 
 body={"results":[{"gender":"male","name":{"title":"Mr","first":"Neil","last":"Henderson"},"location":{"street":{"number":1265,"name":"Wheeler Ridge Dr"},"city":"Port Macquarie","state":"South Australia","country":"Australia","postcode":8927,"coordinates":{"latitude":"-88.6582","longitude":"-102.9958"},"timezone":{"offset":"-2:00","description":"Mid-Atlantic"}},"email":"neil.henderson@example.com","login":{"uuid":"b662fb99-30f9-4995-bf4c-5c39a2aa9a0b","username":"crazyrabbit402","password":"xiao","salt":"od8MJLv9","md5":"2e94fc82da19fda1e87609349b197e0b","sha1":"9c43b4d9fb0ccb0f16f1592e1b9871990c71a73e","sha256":"d6ce1536bb1a66a98a4f6a5f1cd432b54a2eca7ad78ce007644fd7fb2d6fd9d7"},"dob":{"date":"1989-12-04T07:15:16.695Z","age":34},"registered":{"date":"2006-09-18T07:02:07.262Z","age":17},"phone":"06-1665-6070","cell":"0491-303-686","id":{"name":"TFN","value":"310609479"},"picture":{"large":"https://randomuser.me/api/portraits/men/58.jpg","medium":"https://randomuser.me/api/portraits/med/men/58.jpg","thumbnail":"https://randomuser.me/api/portraits/thumb/men/58.jpg"},"nat":"AU"}],"info":{"seed":"5afb3e4fa1531857","results":1,"page":1,"version":"1.4"}} 
 </msg>
<msg time="2024-05-16T18:18:12.824779" level="INFO">/opt/hostedtoolcache/Python/3.12.3/x64/lib/python3.12/site-packages/urllib3/connectionpool.py:1103: InsecureRequestWarning: Unverified HTTPS request is being made to host 'randomuser.me'. Adding certificate verification is strongly advised. See: https://urllib3.readthedocs.io/en/latest/advanced-usage.html#tls-warnings
  warnings.warn(</msg>
<msg time="2024-05-16T18:18:12.824929" level="INFO">${response} = &lt;Response [200]&gt;</msg>
<var>${response}</var>
<arg>consultarAPI</arg>
<arg>/api</arg>
<doc>Sends a GET request on a previously created HTTP Session.</doc>
<status status="PASS" start="2024-05-16T18:18:12.672912" elapsed="0.152058"/>
</kw>
<kw name="Should Be Equal As Numbers" owner="BuiltIn">
<msg time="2024-05-16T18:18:12.825956" level="INFO">Argument types are:
&lt;class 'int'&gt;
&lt;class 'str'&gt;</msg>
<arg>${response.status_code}</arg>
<arg>200</arg>
<doc>Fails if objects are unequal after converting them to real numbers.</doc>
<status status="PASS" start="2024-05-16T18:18:12.825506" elapsed="0.000514"/>
</kw>
<kw name="Log" owner="BuiltIn">
<msg time="2024-05-16T18:18:12.826704" level="INFO">200</msg>
<arg>${response.status_code}</arg>
<doc>Logs the given message with the given level.</doc>
<status status="PASS" start="2024-05-16T18:18:12.826354" elapsed="0.000392"/>
</kw>
<kw name="Set Variable" owner="BuiltIn">
<msg time="2024-05-16T18:18:12.827522" level="INFO">${json_data} = {'results': [{'gender': 'male', 'name': {'title': 'Mr', 'first': 'Neil', 'last': 'Henderson'}, 'location': {'street': {'number': 1265, 'name': 'Wheeler Ridge Dr'}, 'city': 'Port Macquarie', 'state': '...</msg>
<var>${json_data}</var>
<arg>${response.json()}</arg>
<doc>Returns the given values which can then be assigned to a variables.</doc>
<status status="PASS" start="2024-05-16T18:18:12.827050" elapsed="0.000500"/>
</kw>
<kw name="Dictionary Should Contain Key" owner="Collections">
<msg time="2024-05-16T18:18:12.828023" level="INFO">False</msg>
<arg>${json_data}</arg>
<arg>results</arg>
<doc>Fails if ``key`` is not found from ``dictionary``.</doc>
<status status="PASS" start="2024-05-16T18:18:12.827852" elapsed="0.000210"/>
</kw>
<status status="PASS" start="2024-05-16T18:18:12.672664" elapsed="0.155661"/>
</kw>
<doc>Testa se a API responde corretamente e retorna um objeto JSON válido.</doc>
<tag>testeRequisicaoBasica</tag>
<status status="PASS" start="2024-05-16T18:18:12.672110" elapsed="0.156400"/>
</test>
<test id="s1-s1-t3" name="Validar estrutura de resposta" line="22">
<kw name="Teste de Estrutura de Resposta" owner="random-user-service">
<kw name="GET On Session" owner="RequestsLibrary">
<msg time="2024-05-16T18:18:12.940401" level="INFO">GET Request : url=https://randomuser.me/api 
 path_url=/api 
 headers={'User-Agent': 'python-requests/2.31.0', 'Accept-Encoding': 'gzip, deflate', 'Accept': '*/*', 'Connection': 'keep-alive'} 
 body=None 
 </msg>
<msg time="2024-05-16T18:18:12.940501" level="INFO">GET Response : url=https://randomuser.me/api 
 status=200, reason=OK 
 headers={'Date': 'Thu, 16 May 2024 18:18:12 GMT', 'Content-Type': 'application/json; charset=utf-8', 'Transfer-Encoding': 'chunked', 'Connection': 'keep-alive', 'X-Powered-By': 'Express', 'Access-Control-Allow-Origin': '*', 'Cache-Control': 'no-cache', 'ETag': 'W/"492-KypDiAEKYAnhVlxo/ZHkJAxKAw8"', 'Vary': 'Accept-Encoding', 'Content-Encoding': 'gzip', 'CF-Cache-Status': 'DYNAMIC', 'Report-To': '{"endpoints":[{"url":"https:\\/\\/a.nel.cloudflare.com\\/report\\/v4?s=0Gc03fyh51lBN3F0d0vJZ3c3CmC5V53HNyf8YhFKYZ6JGtgDtyLZOg8EE7QJ76WUG6eN3c4856KCX8J0k4wnmdj4TGVvAEFxf3%2B4PSuagcQsUPAHWdDCHDGVCupNADh0"}],"group":"cf-nel","max_age":604800}', 'NEL': '{"success_fraction":0,"report_to":"cf-nel","max_age":604800}', 'Server': 'cloudflare', 'CF-RAY': '884d5e763c4867be-SJC', 'alt-svc': 'h3=":443"; ma=86400'} 
 body={"results":[{"gender":"female","name":{"title":"Ms","first":"Heather","last":"Cook"},"location":{"street":{"number":4036,"name":"Bruce St"},"city":"Bendigo","state":"Australian Capital Territory","country":"Australia","postcode":1853,"coordinates":{"latitude":"-88.3223","longitude":"79.8117"},"timezone":{"offset":"-8:00","description":"Pacific Time (US &amp; Canada)"}},"email":"heather.cook@example.com","login":{"uuid":"62b26120-70a8-414c-86a1-f11874770e32","username":"bigzebra169","password":"noel","salt":"cPHhsXFy","md5":"a01a0d302f3fcb11e2bd276c57bea4e0","sha1":"67d6e5036c986e7442f3ef1589f7fa92c69e5577","sha256":"15460ff3faf9395848c0a714b1946966ad6166473cffee728d8d3227e969e571"},"dob":{"date":"1949-07-27T12:44:11.609Z","age":74},"registered":{"date":"2012-06-25T06:54:50.959Z","age":11},"phone":"02-4409-1161","cell":"0407-199-151","id":{"name":"TFN","value":"333270153"},"picture":{"large":"https://randomuser.me/api/portraits/women/45.jpg","medium":"https://randomuser.me/api/portraits/med/women/45.jpg","thumbnail":"https://randomuser.me/api/portraits/thumb/women/45.jpg"},"nat":"AU"}],"info":{"seed":"d06f7a950d29b918","results":1,"page":1,"version":"1.4"}} 
 </msg>
<msg time="2024-05-16T18:18:12.940642" level="INFO">/opt/hostedtoolcache/Python/3.12.3/x64/lib/python3.12/site-packages/urllib3/connectionpool.py:1103: InsecureRequestWarning: Unverified HTTPS request is being made to host 'randomuser.me'. Adding certificate verification is strongly advised. See: https://urllib3.readthedocs.io/en/latest/advanced-usage.html#tls-warnings
  warnings.warn(</msg>
<msg time="2024-05-16T18:18:12.940774" level="INFO">${response} = &lt;Response [200]&gt;</msg>
<var>${response}</var>
<arg>consultarAPI</arg>
<arg>/api</arg>
<doc>Sends a GET request on a previously created HTTP Session.</doc>
<status status="PASS" start="2024-05-16T18:18:12.831065" elapsed="0.109753"/>
</kw>
<kw name="Set Variable" owner="BuiltIn">
<msg time="2024-05-16T18:18:12.941899" level="INFO">${json_data} = {'results': [{'gender': 'female', 'name': {'title': 'Ms', 'first': 'Heather', 'last': 'Cook'}, 'location': {'street': {'number': 4036, 'name': 'Bruce St'}, 'city': 'Bendigo', 'state': 'Australian Capi...</msg>
<var>${json_data}</var>
<arg>${response.json()}</arg>
<doc>Returns the given values which can then be assigned to a variables.</doc>
<status status="PASS" start="2024-05-16T18:18:12.941359" elapsed="0.000572"/>
</kw>
<kw name="Log" owner="BuiltIn">
<msg time="2024-05-16T18:18:12.942443" level="INFO">{'results': [{'gender': 'female', 'name': {'title': 'Ms', 'first': 'Heather', 'last': 'Cook'}, 'location': {'street': {'number': 4036, 'name': 'Bruce St'}, 'city': 'Bendigo', 'state': 'Australian Capital Territory', 'country': 'Australia', 'postcode': 1853, 'coordinates': {'latitude': '-88.3223', 'longitude': '79.8117'}, 'timezone': {'offset': '-8:00', 'description': 'Pacific Time (US &amp; Canada)'}}, 'email': 'heather.cook@example.com', 'login': {'uuid': '62b26120-70a8-414c-86a1-f11874770e32', 'username': 'bigzebra169', 'password': 'noel', 'salt': 'cPHhsXFy', 'md5': 'a01a0d302f3fcb11e2bd276c57bea4e0', 'sha1': '67d6e5036c986e7442f3ef1589f7fa92c69e5577', 'sha256': '15460ff3faf9395848c0a714b1946966ad6166473cffee728d8d3227e969e571'}, 'dob': {'date': '1949-07-27T12:44:11.609Z', 'age': 74}, 'registered': {'date': '2012-06-25T06:54:50.959Z', 'age': 11}, 'phone': '02-4409-1161', 'cell': '0407-199-151', 'id': {'name': 'TFN', 'value': '333270153'}, 'picture': {'large': 'https://randomuser.me/api/portraits/women/45.jpg', 'medium': 'https://randomuser.me/api/portraits/med/women/45.jpg', 'thumbnail': 'https://randomuser.me/api/portraits/thumb/women/45.jpg'}, 'nat': 'AU'}], 'info': {'seed': 'd06f7a950d29b918', 'results': 1, 'page': 1, 'version': '1.4'}}</msg>
<arg>${json_data}</arg>
<doc>Logs the given message with the given level.</doc>
<status status="PASS" start="2024-05-16T18:18:12.942265" elapsed="0.000231"/>
</kw>
<kw name="Dictionary Should Contain Key" owner="Collections">
<msg time="2024-05-16T18:18:12.942982" level="INFO">False</msg>
<arg>${json_data}</arg>
<arg>results</arg>
<doc>Fails if ``key`` is not found from ``dictionary``.</doc>
<status status="PASS" start="2024-05-16T18:18:12.942811" elapsed="0.000209"/>
</kw>
<kw name="Should Not Be Empty" owner="BuiltIn">
<msg time="2024-05-16T18:18:12.943524" level="INFO">Length is 2.</msg>
<arg>${json_data}</arg>
<doc>Verifies that the given item is not empty.</doc>
<status status="PASS" start="2024-05-16T18:18:12.943387" elapsed="0.000174"/>
</kw>
<kw name="Create List" owner="BuiltIn">
<msg time="2024-05-16T18:18:12.944188" level="INFO">${expected_keys} = ['gender', 'name', 'location', 'email', 'login']</msg>
<var>${expected_keys}</var>
<arg>gender</arg>
<arg>name</arg>
<arg>location</arg>
<arg>email</arg>
<arg>login</arg>
<doc>Returns a list containing given items.</doc>
<status status="PASS" start="2024-05-16T18:18:12.943872" elapsed="0.000341"/>
</kw>
<for flavor="IN">
<iter>
<kw name="Dictionary Should Contain Key" owner="Collections">
<msg time="2024-05-16T18:18:12.945223" level="INFO">False</msg>
<arg>${json_data['results'][0]}</arg>
<arg>${key}</arg>
<doc>Fails if ``key`` is not found from ``dictionary``.</doc>
<status status="PASS" start="2024-05-16T18:18:12.944815" elapsed="0.000447"/>
</kw>
<kw name="Log" owner="BuiltIn">
<msg time="2024-05-16T18:18:12.945926" level="INFO">{'gender': 'female', 'name': {'title': 'Ms', 'first': 'Heather', 'last': 'Cook'}, 'location': {'street': {'number': 4036, 'name': 'Bruce St'}, 'city': 'Bendigo', 'state': 'Australian Capital Territory', 'country': 'Australia', 'postcode': 1853, 'coordinates': {'latitude': '-88.3223', 'longitude': '79.8117'}, 'timezone': {'offset': '-8:00', 'description': 'Pacific Time (US &amp; Canada)'}}, 'email': 'heather.cook@example.com', 'login': {'uuid': '62b26120-70a8-414c-86a1-f11874770e32', 'username': 'bigzebra169', 'password': 'noel', 'salt': 'cPHhsXFy', 'md5': 'a01a0d302f3fcb11e2bd276c57bea4e0', 'sha1': '67d6e5036c986e7442f3ef1589f7fa92c69e5577', 'sha256': '15460ff3faf9395848c0a714b1946966ad6166473cffee728d8d3227e969e571'}, 'dob': {'date': '1949-07-27T12:44:11.609Z', 'age': 74}, 'registered': {'date': '2012-06-25T06:54:50.959Z', 'age': 11}, 'phone': '02-4409-1161', 'cell': '0407-199-151', 'id': {'name': 'TFN', 'value': '333270153'}, 'picture': {'large': 'https://randomuser.me/api/portraits/women/45.jpg', 'medium': 'https://randomuser.me/api/portraits/med/women/45.jpg', 'thumbnail': 'https://randomuser.me/api/portraits/thumb/women/45.jpg'}, 'nat': 'AU'}</msg>
<arg>${json_data['results'][0]}</arg>
<doc>Logs the given message with the given level.</doc>
<status status="PASS" start="2024-05-16T18:18:12.945562" elapsed="0.000417"/>
</kw>
<kw name="Log" owner="BuiltIn">
<msg time="2024-05-16T18:18:12.946413" level="INFO">gender</msg>
<arg>${key}</arg>
<doc>Logs the given message with the given level.</doc>
<status status="PASS" start="2024-05-16T18:18:12.946284" elapsed="0.000167"/>
</kw>
<var name="${key}">gender</var>
<status status="PASS" start="2024-05-16T18:18:12.944686" elapsed="0.001979"/>
</iter>
<iter>
<kw name="Dictionary Should Contain Key" owner="Collections">
<msg time="2024-05-16T18:18:12.947373" level="INFO">False</msg>
<arg>${json_data['results'][0]}</arg>
<arg>${key}</arg>
<doc>Fails if ``key`` is not found from ``dictionary``.</doc>
<status status="PASS" start="2024-05-16T18:18:12.946968" elapsed="0.000442"/>
</kw>
<kw name="Log" owner="BuiltIn">
<msg time="2024-05-16T18:18:12.948092" level="INFO">{'gender': 'female', 'name': {'title': 'Ms', 'first': 'Heather', 'last': 'Cook'}, 'location': {'street': {'number': 4036, 'name': 'Bruce St'}, 'city': 'Bendigo', 'state': 'Australian Capital Territory', 'country': 'Australia', 'postcode': 1853, 'coordinates': {'latitude': '-88.3223', 'longitude': '79.8117'}, 'timezone': {'offset': '-8:00', 'description': 'Pacific Time (US &amp; Canada)'}}, 'email': 'heather.cook@example.com', 'login': {'uuid': '62b26120-70a8-414c-86a1-f11874770e32', 'username': 'bigzebra169', 'password': 'noel', 'salt': 'cPHhsXFy', 'md5': 'a01a0d302f3fcb11e2bd276c57bea4e0', 'sha1': '67d6e5036c986e7442f3ef1589f7fa92c69e5577', 'sha256': '15460ff3faf9395848c0a714b1946966ad6166473cffee728d8d3227e969e571'}, 'dob': {'date': '1949-07-27T12:44:11.609Z', 'age': 74}, 'registered': {'date': '2012-06-25T06:54:50.959Z', 'age': 11}, 'phone': '02-4409-1161', 'cell': '0407-199-151', 'id': {'name': 'TFN', 'value': '333270153'}, 'picture': {'large': 'https://randomuser.me/api/portraits/women/45.jpg', 'medium': 'https://randomuser.me/api/portraits/med/women/45.jpg', 'thumbnail': 'https://randomuser.me/api/portraits/thumb/women/45.jpg'}, 'nat': 'AU'}</msg>
<arg>${json_data['results'][0]}</arg>
<doc>Logs the given message with the given level.</doc>
<status status="PASS" start="2024-05-16T18:18:12.947737" elapsed="0.000405"/>
</kw>
<kw name="Log" owner="BuiltIn">
<msg time="2024-05-16T18:18:12.948565" level="INFO">name</msg>
<arg>${key}</arg>
<doc>Logs the given message with the given level.</doc>
<status status="PASS" start="2024-05-16T18:18:12.948439" elapsed="0.000163"/>
</kw>
<var name="${key}">name</var>
<status status="PASS" start="2024-05-16T18:18:12.946853" elapsed="0.001966"/>
</iter>
<iter>
<kw name="Dictionary Should Contain Key" owner="Collections">
<msg time="2024-05-16T18:18:12.949484" level="INFO">False</msg>
<arg>${json_data['results'][0]}</arg>
<arg>${key}</arg>
<doc>Fails if ``key`` is not found from ``dictionary``.</doc>
<status status="PASS" start="2024-05-16T18:18:12.949107" elapsed="0.000414"/>
</kw>
<kw name="Log" owner="BuiltIn">
<msg time="2024-05-16T18:18:12.950180" level="INFO">{'gender': 'female', 'name': {'title': 'Ms', 'first': 'Heather', 'last': 'Cook'}, 'location': {'street': {'number': 4036, 'name': 'Bruce St'}, 'city': 'Bendigo', 'state': 'Australian Capital Territory', 'country': 'Australia', 'postcode': 1853, 'coordinates': {'latitude': '-88.3223', 'longitude': '79.8117'}, 'timezone': {'offset': '-8:00', 'description': 'Pacific Time (US &amp; Canada)'}}, 'email': 'heather.cook@example.com', 'login': {'uuid': '62b26120-70a8-414c-86a1-f11874770e32', 'username': 'bigzebra169', 'password': 'noel', 'salt': 'cPHhsXFy', 'md5': 'a01a0d302f3fcb11e2bd276c57bea4e0', 'sha1': '67d6e5036c986e7442f3ef1589f7fa92c69e5577', 'sha256': '15460ff3faf9395848c0a714b1946966ad6166473cffee728d8d3227e969e571'}, 'dob': {'date': '1949-07-27T12:44:11.609Z', 'age': 74}, 'registered': {'date': '2012-06-25T06:54:50.959Z', 'age': 11}, 'phone': '02-4409-1161', 'cell': '0407-199-151', 'id': {'name': 'TFN', 'value': '333270153'}, 'picture': {'large': 'https://randomuser.me/api/portraits/women/45.jpg', 'medium': 'https://randomuser.me/api/portraits/med/women/45.jpg', 'thumbnail': 'https://randomuser.me/api/portraits/thumb/women/45.jpg'}, 'nat': 'AU'}</msg>
<arg>${json_data['results'][0]}</arg>
<doc>Logs the given message with the given level.</doc>
<status status="PASS" start="2024-05-16T18:18:12.949818" elapsed="0.000413"/>
</kw>
<kw name="Log" owner="BuiltIn">
<msg time="2024-05-16T18:18:12.950644" level="INFO">location</msg>
<arg>${key}</arg>
<doc>Logs the given message with the given level.</doc>
<status status="PASS" start="2024-05-16T18:18:12.950520" elapsed="0.000161"/>
</kw>
<var name="${key}">location</var>
<status status="PASS" start="2024-05-16T18:18:12.948996" elapsed="0.001896"/>
</iter>
<iter>
<kw name="Dictionary Should Contain Key" owner="Collections">
<msg time="2024-05-16T18:18:12.951590" level="INFO">False</msg>
<arg>${json_data['results'][0]}</arg>
<arg>${key}</arg>
<doc>Fails if ``key`` is not found from ``dictionary``.</doc>
<status status="PASS" start="2024-05-16T18:18:12.951209" elapsed="0.000418"/>
</kw>
<kw name="Log" owner="BuiltIn">
<msg time="2024-05-16T18:18:12.952277" level="INFO">{'gender': 'female', 'name': {'title': 'Ms', 'first': 'Heather', 'last': 'Cook'}, 'location': {'street': {'number': 4036, 'name': 'Bruce St'}, 'city': 'Bendigo', 'state': 'Australian Capital Territory', 'country': 'Australia', 'postcode': 1853, 'coordinates': {'latitude': '-88.3223', 'longitude': '79.8117'}, 'timezone': {'offset': '-8:00', 'description': 'Pacific Time (US &amp; Canada)'}}, 'email': 'heather.cook@example.com', 'login': {'uuid': '62b26120-70a8-414c-86a1-f11874770e32', 'username': 'bigzebra169', 'password': 'noel', 'salt': 'cPHhsXFy', 'md5': 'a01a0d302f3fcb11e2bd276c57bea4e0', 'sha1': '67d6e5036c986e7442f3ef1589f7fa92c69e5577', 'sha256': '15460ff3faf9395848c0a714b1946966ad6166473cffee728d8d3227e969e571'}, 'dob': {'date': '1949-07-27T12:44:11.609Z', 'age': 74}, 'registered': {'date': '2012-06-25T06:54:50.959Z', 'age': 11}, 'phone': '02-4409-1161', 'cell': '0407-199-151', 'id': {'name': 'TFN', 'value': '333270153'}, 'picture': {'large': 'https://randomuser.me/api/portraits/women/45.jpg', 'medium': 'https://randomuser.me/api/portraits/med/women/45.jpg', 'thumbnail': 'https://randomuser.me/api/portraits/thumb/women/45.jpg'}, 'nat': 'AU'}</msg>
<arg>${json_data['results'][0]}</arg>
<doc>Logs the given message with the given level.</doc>
<status status="PASS" start="2024-05-16T18:18:12.951927" elapsed="0.000402"/>
</kw>
<kw name="Log" owner="BuiltIn">
<msg time="2024-05-16T18:18:12.952748" level="INFO">email</msg>
<arg>${key}</arg>
<doc>Logs the given message with the given level.</doc>
<status status="PASS" start="2024-05-16T18:18:12.952621" elapsed="0.000164"/>
</kw>
<var name="${key}">email</var>
<status status="PASS" start="2024-05-16T18:18:12.951064" elapsed="0.001941"/>
</iter>
<iter>
<kw name="Dictionary Should Contain Key" owner="Collections">
<msg time="2024-05-16T18:18:12.953673" level="INFO">False</msg>
<arg>${json_data['results'][0]}</arg>
<arg>${key}</arg>
<doc>Fails if ``key`` is not found from ``dictionary``.</doc>
<status status="PASS" start="2024-05-16T18:18:12.953289" elapsed="0.000421"/>
</kw>
<kw name="Log" owner="BuiltIn">
<msg time="2024-05-16T18:18:12.954369" level="INFO">{'gender': 'female', 'name': {'title': 'Ms', 'first': 'Heather', 'last': 'Cook'}, 'location': {'street': {'number': 4036, 'name': 'Bruce St'}, 'city': 'Bendigo', 'state': 'Australian Capital Territory', 'country': 'Australia', 'postcode': 1853, 'coordinates': {'latitude': '-88.3223', 'longitude': '79.8117'}, 'timezone': {'offset': '-8:00', 'description': 'Pacific Time (US &amp; Canada)'}}, 'email': 'heather.cook@example.com', 'login': {'uuid': '62b26120-70a8-414c-86a1-f11874770e32', 'username': 'bigzebra169', 'password': 'noel', 'salt': 'cPHhsXFy', 'md5': 'a01a0d302f3fcb11e2bd276c57bea4e0', 'sha1': '67d6e5036c986e7442f3ef1589f7fa92c69e5577', 'sha256': '15460ff3faf9395848c0a714b1946966ad6166473cffee728d8d3227e969e571'}, 'dob': {'date': '1949-07-27T12:44:11.609Z', 'age': 74}, 'registered': {'date': '2012-06-25T06:54:50.959Z', 'age': 11}, 'phone': '02-4409-1161', 'cell': '0407-199-151', 'id': {'name': 'TFN', 'value': '333270153'}, 'picture': {'large': 'https://randomuser.me/api/portraits/women/45.jpg', 'medium': 'https://randomuser.me/api/portraits/med/women/45.jpg', 'thumbnail': 'https://randomuser.me/api/portraits/thumb/women/45.jpg'}, 'nat': 'AU'}</msg>
<arg>${json_data['results'][0]}</arg>
<doc>Logs the given message with the given level.</doc>
<status status="PASS" start="2024-05-16T18:18:12.954004" elapsed="0.000415"/>
</kw>
<kw name="Log" owner="BuiltIn">
<msg time="2024-05-16T18:18:12.954853" level="INFO">login</msg>
<arg>${key}</arg>
<doc>Logs the given message with the given level.</doc>
<status status="PASS" start="2024-05-16T18:18:12.954724" elapsed="0.000167"/>
</kw>
<var name="${key}">login</var>
<status status="PASS" start="2024-05-16T18:18:12.953177" elapsed="0.001974"/>
</iter>
<var>${key}</var>
<value>@{expected_keys}</value>
<status status="PASS" start="2024-05-16T18:18:12.944485" elapsed="0.010796"/>
</for>
<kw name="Create List" owner="BuiltIn">
<msg time="2024-05-16T18:18:12.955618" level="INFO">${expected_keysTwo} = ['username', 'password']</msg>
<var>${expected_keysTwo}</var>
<arg>username</arg>
<arg>password</arg>
<doc>Returns a list containing given items.</doc>
<status status="PASS" start="2024-05-16T18:18:12.955480" elapsed="0.000161"/>
</kw>
<for flavor="IN">
<iter>
<kw name="Dictionary Should Contain Key" owner="Collections">
<msg time="2024-05-16T18:18:12.956540" level="INFO">False</msg>
<arg>${json_data['results'][0]['login']}</arg>
<arg>${keyTwo}</arg>
<doc>Fails if ``key`` is not found from ``dictionary``.</doc>
<status status="PASS" start="2024-05-16T18:18:12.956155" elapsed="0.000421"/>
</kw>
<kw name="Dictionary Should Contain Key" owner="Collections">
<msg time="2024-05-16T18:18:12.957247" level="INFO">False</msg>
<arg>${json_data['results'][0]['login']}</arg>
<arg>${keyTwo}</arg>
<doc>Fails if ``key`` is not found from ``dictionary``.</doc>
<status status="PASS" start="2024-05-16T18:18:12.956870" elapsed="0.000415"/>
</kw>
<kw name="Log" owner="BuiltIn">
<msg time="2024-05-16T18:18:12.957704" level="INFO">username</msg>
<arg>${keyTwo}</arg>
<doc>Logs the given message with the given level.</doc>
<status status="PASS" start="2024-05-16T18:18:12.957578" elapsed="0.000169"/>
</kw>
<var name="${keyTwo}">username</var>
<status status="PASS" start="2024-05-16T18:18:12.956045" elapsed="0.001916"/>
</iter>
<iter>
<kw name="Dictionary Should Contain Key" owner="Collections">
<msg time="2024-05-16T18:18:12.958621" level="INFO">False</msg>
<arg>${json_data['results'][0]['login']}</arg>
<arg>${keyTwo}</arg>
<doc>Fails if ``key`` is not found from ``dictionary``.</doc>
<status status="PASS" start="2024-05-16T18:18:12.958242" elapsed="0.000416"/>
</kw>
<kw name="Dictionary Should Contain Key" owner="Collections">
<msg time="2024-05-16T18:18:12.959441" level="INFO">False</msg>
<arg>${json_data['results'][0]['login']}</arg>
<arg>${keyTwo}</arg>
<doc>Fails if ``key`` is not found from ``dictionary``.</doc>
<status status="PASS" start="2024-05-16T18:18:12.958948" elapsed="0.000532"/>
</kw>
<kw name="Log" owner="BuiltIn">
<msg time="2024-05-16T18:18:12.959905" level="INFO">password</msg>
<arg>${keyTwo}</arg>
<doc>Logs the given message with the given level.</doc>
<status status="PASS" start="2024-05-16T18:18:12.959777" elapsed="0.000166"/>
</kw>
<var name="${keyTwo}">password</var>
<status status="PASS" start="2024-05-16T18:18:12.958132" elapsed="0.002031"/>
</iter>
<var>${keyTwo}</var>
<value>@{expected_keysTwo}</value>
<status status="PASS" start="2024-05-16T18:18:12.955883" elapsed="0.004400"/>
</for>
<status status="PASS" start="2024-05-16T18:18:12.830832" elapsed="0.129596"/>
</kw>
<doc>Testa a estrutura da resposta da API.</doc>
<tag>testeEstruturaResposta</tag>
<status status="PASS" start="2024-05-16T18:18:12.830325" elapsed="0.130265"/>
</test>
<test id="s1-s1-t4" name="Validar tipos de dados" line="28">
<kw name="Teste de Tipos de Dados" owner="random-user-service">
<kw name="GET On Session" owner="RequestsLibrary">
<msg time="2024-05-16T18:18:13.103833" level="INFO">GET Request : url=https://randomuser.me/api 
 path_url=/api 
 headers={'User-Agent': 'python-requests/2.31.0', 'Accept-Encoding': 'gzip, deflate', 'Accept': '*/*', 'Connection': 'keep-alive'} 
 body=None 
 </msg>
<msg time="2024-05-16T18:18:13.103938" level="INFO">GET Response : url=https://randomuser.me/api 
 status=200, reason=OK 
 headers={'Date': 'Thu, 16 May 2024 18:18:13 GMT', 'Content-Type': 'application/json; charset=utf-8', 'Transfer-Encoding': 'chunked', 'Connection': 'keep-alive', 'X-Powered-By': 'Express', 'Access-Control-Allow-Origin': '*', 'Cache-Control': 'no-cache', 'ETag': 'W/"482-bsvgHgZobU9oIrW4nphHTr2P6UM"', 'Vary': 'Accept-Encoding', 'Content-Encoding': 'gzip', 'CF-Cache-Status': 'DYNAMIC', 'Report-To': '{"endpoints":[{"url":"https:\\/\\/a.nel.cloudflare.com\\/report\\/v4?s=5bqfKy1RncwmfRQhQ7DxIJy9coLnJOkjJtQFmCkxPC358e1PcoGubjOgaYLqrOk%2Bl8E%2Fm31YyY3nnRAqyaTIfGOA%2BHg%2BjQevtD5i6M%2BucdmjPSJLLF0I8LRtDsami2E1"}],"group":"cf-nel","max_age":604800}', 'NEL': '{"success_fraction":0,"report_to":"cf-nel","max_age":604800}', 'Server': 'cloudflare', 'CF-RAY': '884d5e770ceb67be-SJC', 'alt-svc': 'h3=":443"; ma=86400'} 
 body={"results":[{"gender":"female","name":{"title":"Ms","first":"کیانا","last":"قاسمی"},"location":{"street":{"number":8447,"name":"پیروزی"},"city":"بابل","state":"گلستان","country":"Iran","postcode":60529,"coordinates":{"latitude":"21.3949","longitude":"146.6409"},"timezone":{"offset":"-11:00","description":"Midway Island, Samoa"}},"email":"khyn.qsmy@example.com","login":{"uuid":"e7e0df2e-8d18-4532-a9fd-ac17a47470c6","username":"smallostrich824","password":"vietnam","salt":"YfIvnkxM","md5":"f60d2581edc8850e1b5d9a7d2565693f","sha1":"0275bd385898dd97394649ebc93ca5b022cfb54c","sha256":"fe3f654bf9f4508a80194f255048a71bbaf97378cb36a0c287ffe47b6b58fc49"},"dob":{"date":"1950-11-07T11:35:55.299Z","age":73},"registered":{"date":"2011-09-29T02:04:39.288Z","age":12},"phone":"024-24073622","cell":"0998-127-9820","id":{"name":"","value":null},"picture":{"large":"https://randomuser.me/api/portraits/women/66.jpg","medium":"https://randomuser.me/api/portraits/med/women/66.jpg","thumbnail":"https://randomuser.me/api/portraits/thumb/women/66.jpg"},"nat":"IR"}],"info":{"seed":"581c42bdf0a19256","results":1,"page":1,"version":"1.4"}} 
 </msg>
<msg time="2024-05-16T18:18:13.104021" level="INFO">/opt/hostedtoolcache/Python/3.12.3/x64/lib/python3.12/site-packages/urllib3/connectionpool.py:1103: InsecureRequestWarning: Unverified HTTPS request is being made to host 'randomuser.me'. Adding certificate verification is strongly advised. See: https://urllib3.readthedocs.io/en/latest/advanced-usage.html#tls-warnings
  warnings.warn(</msg>
<msg time="2024-05-16T18:18:13.104152" level="INFO">${response} = &lt;Response [200]&gt;</msg>
<var>${response}</var>
<arg>consultarAPI</arg>
<arg>/api</arg>
<doc>Sends a GET request on a previously created HTTP Session.</doc>
<status status="PASS" start="2024-05-16T18:18:12.963046" elapsed="0.141152"/>
</kw>
<kw name="Set Variable" owner="BuiltIn">
<msg time="2024-05-16T18:18:13.105532" level="INFO">${json_data} = {'results': [{'gender': 'female', 'name': {'title': 'Ms', 'first': 'کیانا', 'last': 'قاسمی'}, 'location': {'street': {'number': 8447, 'name': 'پیروزی'}, 'city': 'بابل', 'state': 'گلستان', 'country': '...</msg>
<var>${json_data}</var>
<arg>${response.json()}</arg>
<doc>Returns the given values which can then be assigned to a variables.</doc>
<status status="PASS" start="2024-05-16T18:18:13.104904" elapsed="0.000661"/>
</kw>
<kw name="Log" owner="BuiltIn">
<msg time="2024-05-16T18:18:13.106097" level="INFO">{'results': [{'gender': 'female', 'name': {'title': 'Ms', 'first': 'کیانا', 'last': 'قاسمی'}, 'location': {'street': {'number': 8447, 'name': 'پیروزی'}, 'city': 'بابل', 'state': 'گلستان', 'country': 'Iran', 'postcode': 60529, 'coordinates': {'latitude': '21.3949', 'longitude': '146.6409'}, 'timezone': {'offset': '-11:00', 'description': 'Midway Island, Samoa'}}, 'email': 'khyn.qsmy@example.com', 'login': {'uuid': 'e7e0df2e-8d18-4532-a9fd-ac17a47470c6', 'username': 'smallostrich824', 'password': 'vietnam', 'salt': 'YfIvnkxM', 'md5': 'f60d2581edc8850e1b5d9a7d2565693f', 'sha1': '0275bd385898dd97394649ebc93ca5b022cfb54c', 'sha256': 'fe3f654bf9f4508a80194f255048a71bbaf97378cb36a0c287ffe47b6b58fc49'}, 'dob': {'date': '1950-11-07T11:35:55.299Z', 'age': 73}, 'registered': {'date': '2011-09-29T02:04:39.288Z', 'age': 12}, 'phone': '024-24073622', 'cell': '0998-127-9820', 'id': {'name': '', 'value': None}, 'picture': {'large': 'https://randomuser.me/api/portraits/women/66.jpg', 'medium': 'https://randomuser.me/api/portraits/med/women/66.jpg', 'thumbnail': 'https://randomuser.me/api/portraits/thumb/women/66.jpg'}, 'nat': 'IR'}], 'info': {'seed': '581c42bdf0a19256', 'results': 1, 'page': 1, 'version': '1.4'}}</msg>
<arg>${json_data}</arg>
<doc>Logs the given message with the given level.</doc>
<status status="PASS" start="2024-05-16T18:18:13.105925" elapsed="0.000271"/>
</kw>
<kw name="Should Be String" owner="String">
<arg>${json_data['results'][0]['gender']}</arg>
<doc>Fails if the given ``item`` is not a string.</doc>
<status status="PASS" start="2024-05-16T18:18:13.106516" elapsed="0.000383"/>
</kw>
<kw name="Should Match Regexp" owner="BuiltIn">
<arg>${json_data['results'][0]['email']}</arg>
<arg>^[a-zA-Z0-9._%+-]+@[a-zA-Z0-9.-]+\.[a-zA-Z]{2,}$</arg>
<doc>Fails if ``string`` does not match ``pattern`` as a regular expression.</doc>
<status status="PASS" start="2024-05-16T18:18:13.107165" elapsed="0.000571"/>
</kw>
<kw name="Should Match Regexp" owner="BuiltIn">
<arg>${json_data['results'][0]['dob']['date']}</arg>
<arg>\\d{4}-\\d{2}-\\d{2}T\\d{2}:\\d{2}:\\d{2}\\.\\d{3}Z</arg>
<doc>Fails if ``string`` does not match ``pattern`` as a regular expression.</doc>
<status status="PASS" start="2024-05-16T18:18:13.107942" elapsed="0.000506"/>
</kw>
<kw name="Should Match Regexp" owner="BuiltIn">
<arg>${json_data['results'][0]['registered']['date']}</arg>
<arg>\\d{4}-\\d{2}-\\d{2}T\\d{2}:\\d{2}:\\d{2}\\.\\d{3}Z</arg>
<doc>Fails if ``string`` does not match ``pattern`` as a regular expression.</doc>
<status status="PASS" start="2024-05-16T18:18:13.108649" elapsed="0.000385"/>
</kw>
<kw name="Should Match Regexp" owner="BuiltIn">
<arg>${json_data['results'][0]['picture']['large']}</arg>
<arg>^https?://.*\.(?:png|jpe?g|gif|bmp)$</arg>
<doc>Fails if ``string`` does not match ``pattern`` as a regular expression.</doc>
<status status="PASS" start="2024-05-16T18:18:13.109229" elapsed="0.000482"/>
</kw>
<kw name="Should Match Regexp" owner="BuiltIn">
<arg>${json_data['results'][0]['picture']['medium']}</arg>
<arg>^https?://.*\.(?:png|jpe?g|gif|bmp)$</arg>
<doc>Fails if ``string`` does not match ``pattern`` as a regular expression.</doc>
<status status="PASS" start="2024-05-16T18:18:13.109911" elapsed="0.000384"/>
</kw>
<kw name="Should Match Regexp" owner="BuiltIn">
<arg>${json_data['results'][0]['picture']['thumbnail']}</arg>
<arg>^https?://.*\.(?:png|jpe?g|gif|bmp)$</arg>
<doc>Fails if ``string`` does not match ``pattern`` as a regular expression.</doc>
<status status="PASS" start="2024-05-16T18:18:13.110493" elapsed="0.000380"/>
</kw>
<kw name="Log" owner="BuiltIn">
<msg time="2024-05-16T18:18:13.111447" level="INFO">{'large': 'https://randomuser.me/api/portraits/women/66.jpg', 'medium': 'https://randomuser.me/api/portraits/med/women/66.jpg', 'thumbnail': 'https://randomuser.me/api/portraits/thumb/women/66.jpg'}</msg>
<arg>${json_data['results'][0]['picture']}</arg>
<doc>Logs the given message with the given level.</doc>
<status status="PASS" start="2024-05-16T18:18:13.111061" elapsed="0.000428"/>
</kw>
<status status="PASS" start="2024-05-16T18:18:12.962821" elapsed="0.148958"/>
</kw>
<kw name="Teste de Tipos de Dados - Postcode" owner="random-user-service">
<kw name="GET On Session" owner="RequestsLibrary">
<msg time="2024-05-16T18:18:13.208719" level="INFO">GET Request : url=https://randomuser.me/api 
 path_url=/api 
 headers={'User-Agent': 'python-requests/2.31.0', 'Accept-Encoding': 'gzip, deflate', 'Accept': '*/*', 'Connection': 'keep-alive'} 
 body=None 
 </msg>
<msg time="2024-05-16T18:18:13.208828" level="INFO">GET Response : url=https://randomuser.me/api 
 status=200, reason=OK 
 headers={'Date': 'Thu, 16 May 2024 18:18:13 GMT', 'Content-Type': 'application/json; charset=utf-8', 'Transfer-Encoding': 'chunked', 'Connection': 'keep-alive', 'X-Powered-By': 'Express', 'Access-Control-Allow-Origin': '*', 'Cache-Control': 'no-cache', 'ETag': 'W/"4a4-Je3YPWeQkwU1jtcs0vUSH0jPpRY"', 'Vary': 'Accept-Encoding', 'Content-Encoding': 'gzip', 'CF-Cache-Status': 'DYNAMIC', 'Report-To': '{"endpoints":[{"url":"https:\\/\\/a.nel.cloudflare.com\\/report\\/v4?s=cHoLlhml%2FNro4yJXO4QeoC20J%2BncwVNbrzG7Ic5L3ynD6EvByEBMMoEu2SSvjjgdE9eNj%2FsCW%2BXh80Bqhq1Z%2B3SRaSQliwp3B%2FX6D0XvEXKgobGv37XUWGrynMpCPi9i"}],"group":"cf-nel","max_age":604800}', 'NEL': '{"success_fraction":0,"report_to":"cf-nel","max_age":604800}', 'Server': 'cloudflare', 'CF-RAY': '884d5e77fdcf67be-SJC', 'alt-svc': 'h3=":443"; ma=86400'} 
 body={"results":[{"gender":"male","name":{"title":"Mr","first":"Humberto","last":"Meraz"},"location":{"street":{"number":2795,"name":"Viaducto Norte Gamboa"},"city":"Tenancingo","state":"Guerrero","country":"Mexico","postcode":12939,"coordinates":{"latitude":"23.4855","longitude":"-31.3107"},"timezone":{"offset":"-5:00","description":"Eastern Time (US &amp; Canada), Bogota, Lima"}},"email":"humberto.meraz@example.com","login":{"uuid":"6844fd60-8863-4471-8564-2bb9f3b61cc6","username":"greenfish258","password":"eastwood","salt":"HFznsBgs","md5":"e271c37e4ab2a48dd834890a8742e1f3","sha1":"47146c3b65132f260e669e12663a5d358c3ef2c1","sha256":"afa1214722cfcacc1532f7d78d53724c345386cee9759df21ec1a8e13286109d"},"dob":{"date":"1985-12-11T02:42:11.326Z","age":38},"registered":{"date":"2016-09-30T01:31:49.107Z","age":7},"phone":"(692) 731 7738","cell":"(613) 343 7474","id":{"name":"NSS","value":"10 97 05 2364 7"},"picture":{"large":"https://randomuser.me/api/portraits/men/56.jpg","medium":"https://randomuser.me/api/portraits/med/men/56.jpg","thumbnail":"https://randomuser.me/api/portraits/thumb/men/56.jpg"},"nat":"MX"}],"info":{"seed":"964a2d778488b726","results":1,"page":1,"version":"1.4"}} 
 </msg>
<msg time="2024-05-16T18:18:13.208908" level="INFO">/opt/hostedtoolcache/Python/3.12.3/x64/lib/python3.12/site-packages/urllib3/connectionpool.py:1103: InsecureRequestWarning: Unverified HTTPS request is being made to host 'randomuser.me'. Adding certificate verification is strongly advised. See: https://urllib3.readthedocs.io/en/latest/advanced-usage.html#tls-warnings
  warnings.warn(</msg>
<msg time="2024-05-16T18:18:13.209031" level="INFO">${response} = &lt;Response [200]&gt;</msg>
<var>${response}</var>
<arg>consultarAPI</arg>
<arg>/api</arg>
<doc>Sends a GET request on a previously created HTTP Session.</doc>
<status status="PASS" start="2024-05-16T18:18:13.112267" elapsed="0.096801"/>
</kw>
<kw name="Set Variable" owner="BuiltIn">
<msg time="2024-05-16T18:18:13.210337" level="INFO">${json_data} = {'results': [{'gender': 'male', 'name': {'title': 'Mr', 'first': 'Humberto', 'last': 'Meraz'}, 'location': {'street': {'number': 2795, 'name': 'Viaducto Norte Gamboa'}, 'city': 'Tenancingo', 'state': ...</msg>
<var>${json_data}</var>
<arg>${response.json()}</arg>
<doc>Returns the given values which can then be assigned to a variables.</doc>
<status status="PASS" start="2024-05-16T18:18:13.209734" elapsed="0.000632"/>
</kw>
<kw name="Log" owner="BuiltIn">
<msg time="2024-05-16T18:18:13.210828" level="INFO">{'results': [{'gender': 'male', 'name': {'title': 'Mr', 'first': 'Humberto', 'last': 'Meraz'}, 'location': {'street': {'number': 2795, 'name': 'Viaducto Norte Gamboa'}, 'city': 'Tenancingo', 'state': 'Guerrero', 'country': 'Mexico', 'postcode': 12939, 'coordinates': {'latitude': '23.4855', 'longitude': '-31.3107'}, 'timezone': {'offset': '-5:00', 'description': 'Eastern Time (US &amp; Canada), Bogota, Lima'}}, 'email': 'humberto.meraz@example.com', 'login': {'uuid': '6844fd60-8863-4471-8564-2bb9f3b61cc6', 'username': 'greenfish258', 'password': 'eastwood', 'salt': 'HFznsBgs', 'md5': 'e271c37e4ab2a48dd834890a8742e1f3', 'sha1': '47146c3b65132f260e669e12663a5d358c3ef2c1', 'sha256': 'afa1214722cfcacc1532f7d78d53724c345386cee9759df21ec1a8e13286109d'}, 'dob': {'date': '1985-12-11T02:42:11.326Z', 'age': 38}, 'registered': {'date': '2016-09-30T01:31:49.107Z', 'age': 7}, 'phone': '(692) 731 7738', 'cell': '(613) 343 7474', 'id': {'name': 'NSS', 'value': '10 97 05 2364 7'}, 'picture': {'large': 'https://randomuser.me/api/portraits/men/56.jpg', 'medium': 'https://randomuser.me/api/portraits/med/men/56.jpg', 'thumbnail': 'https://randomuser.me/api/portraits/thumb/men/56.jpg'}, 'nat': 'MX'}], 'info': {'seed': '964a2d778488b726', 'results': 1, 'page': 1, 'version': '1.4'}}</msg>
<arg>${json_data}</arg>
<doc>Logs the given message with the given level.</doc>
<status status="PASS" start="2024-05-16T18:18:13.210673" elapsed="0.000237"/>
</kw>
<kw name="Should Be Equal As Numbers" owner="BuiltIn">
<arg>${json_data['results'][0]['location']['postcode']}</arg>
<arg>${json_data['results'][0]['location']['postcode']}</arg>
<doc>Fails if objects are unequal after converting them to real numbers.</doc>
<status status="PASS" start="2024-05-16T18:18:13.211260" elapsed="0.000798"/>
</kw>
<kw name="Log" owner="BuiltIn">
<msg time="2024-05-16T18:18:13.212585" level="INFO">12939</msg>
<arg>${json_data['results'][0]['location']['postcode']}</arg>
<doc>Logs the given message with the given level.</doc>
<status status="PASS" start="2024-05-16T18:18:13.212251" elapsed="0.000374"/>
</kw>
<status status="PASS" start="2024-05-16T18:18:13.112023" elapsed="0.100862"/>
</kw>
<doc>Testa se os tipos de dados na resposta da API estão corretos.</doc>
<tag>testeTiposDados</tag>
<status status="PASS" start="2024-05-16T18:18:12.962347" elapsed="0.250709"/>
</test>
<test id="s1-s1-t5" name="Validar conteudo" line="35">
<kw name="Teste de Tipos de Conteudo" owner="random-user-service">
<kw name="GET On Session" owner="RequestsLibrary">
<msg time="2024-05-16T18:18:13.310463" level="INFO">GET Request : url=https://randomuser.me/api 
 path_url=/api 
 headers={'User-Agent': 'python-requests/2.31.0', 'Accept-Encoding': 'gzip, deflate', 'Accept': '*/*', 'Connection': 'keep-alive'} 
 body=None 
 </msg>
<msg time="2024-05-16T18:18:13.310576" level="INFO">GET Response : url=https://randomuser.me/api 
 status=200, reason=OK 
 headers={'Date': 'Thu, 16 May 2024 18:18:13 GMT', 'Content-Type': 'application/json; charset=utf-8', 'Transfer-Encoding': 'chunked', 'Connection': 'keep-alive', 'X-Powered-By': 'Express', 'Access-Control-Allow-Origin': '*', 'Cache-Control': 'no-cache', 'ETag': 'W/"499-lUa/igQKh9TTljecDw59pVyCyw0"', 'Vary': 'Accept-Encoding', 'Content-Encoding': 'gzip', 'CF-Cache-Status': 'DYNAMIC', 'Report-To': '{"endpoints":[{"url":"https:\\/\\/a.nel.cloudflare.com\\/report\\/v4?s=Mjb7paHDfRrKyEM2Kb1HjGYDxyLf2CcpTDr5o4VmKIESqx4zdEiX8OZp0%2BWZrosIchPx7lkMTmFvB%2BkuzlohGDxhCrV7orYBKIsDs5cY%2B%2Fd7SfW8HIdoHaEVaElv8XIE"}],"group":"cf-nel","max_age":604800}', 'NEL': '{"success_fraction":0,"report_to":"cf-nel","max_age":604800}', 'Server': 'cloudflare', 'CF-RAY': '884d5e789e4867be-SJC', 'alt-svc': 'h3=":443"; ma=86400'} 
 body={"results":[{"gender":"female","name":{"title":"Ms","first":"Olivia","last":"Lahti"},"location":{"street":{"number":443,"name":"Pyynikintie"},"city":"Taivalkoski","state":"North Karelia","country":"Finland","postcode":72614,"coordinates":{"latitude":"-24.4214","longitude":"62.0472"},"timezone":{"offset":"-3:00","description":"Brazil, Buenos Aires, Georgetown"}},"email":"olivia.lahti@example.com","login":{"uuid":"b6b509d5-b3e3-4c08-a5ca-019bd4be99b0","username":"purplebear165","password":"shrimp","salt":"m4mWaFNt","md5":"df8cbaf965cc641d1c4ab4061944bbc8","sha1":"7dd7cbf0b2113893db012cdf038906347956c08c","sha256":"079e0c0e7e6e4dc2157b9faee18539ad28d4ff60014b688fe66e2e8f4e4ff671"},"dob":{"date":"1979-06-19T05:44:24.957Z","age":44},"registered":{"date":"2017-04-02T04:04:37.481Z","age":7},"phone":"04-785-560","cell":"049-565-13-40","id":{"name":"HETU","value":"NaNNA908undefined"},"picture":{"large":"https://randomuser.me/api/portraits/women/82.jpg","medium":"https://randomuser.me/api/portraits/med/women/82.jpg","thumbnail":"https://randomuser.me/api/portraits/thumb/women/82.jpg"},"nat":"FI"}],"info":{"seed":"3ff0d7d07c7120b0","results":1,"page":1,"version":"1.4"}} 
 </msg>
<msg time="2024-05-16T18:18:13.310666" level="INFO">/opt/hostedtoolcache/Python/3.12.3/x64/lib/python3.12/site-packages/urllib3/connectionpool.py:1103: InsecureRequestWarning: Unverified HTTPS request is being made to host 'randomuser.me'. Adding certificate verification is strongly advised. See: https://urllib3.readthedocs.io/en/latest/advanced-usage.html#tls-warnings
  warnings.warn(</msg>
<msg time="2024-05-16T18:18:13.310811" level="INFO">${response} = &lt;Response [200]&gt;</msg>
<var>${response}</var>
<arg>consultarAPI</arg>
<arg>/api</arg>
<doc>Sends a GET request on a previously created HTTP Session.</doc>
<status status="PASS" start="2024-05-16T18:18:13.215534" elapsed="0.095335"/>
</kw>
<kw name="Set Variable" owner="BuiltIn">
<msg time="2024-05-16T18:18:13.312181" level="INFO">${json_data} = {'results': [{'gender': 'female', 'name': {'title': 'Ms', 'first': 'Olivia', 'last': 'Lahti'}, 'location': {'street': {'number': 443, 'name': 'Pyynikintie'}, 'city': 'Taivalkoski', 'state': 'North Kar...</msg>
<var>${json_data}</var>
<arg>${response.json()}</arg>
<doc>Returns the given values which can then be assigned to a variables.</doc>
<status status="PASS" start="2024-05-16T18:18:13.311590" elapsed="0.000619"/>
</kw>
<kw name="Set Variable" owner="BuiltIn">
<msg time="2024-05-16T18:18:13.312945" level="INFO">${name_title} = Ms</msg>
<var>${name_title}</var>
<arg>${json_data["results"][0]["name"]["title"]}</arg>
<doc>Returns the given values which can then be assigned to a variables.</doc>
<status status="PASS" start="2024-05-16T18:18:13.312550" elapsed="0.000420"/>
</kw>
<kw name="Create List" owner="BuiltIn">
<msg time="2024-05-16T18:18:13.313442" level="INFO">${allowed_titles} = ['Mr', 'Ms', 'Miss', 'Mrs', 'Madame', 'Monsieur']</msg>
<var>${allowed_titles}</var>
<arg>Mr</arg>
<arg>Ms</arg>
<arg>Miss</arg>
<arg>Mrs</arg>
<arg>Madame</arg>
<arg>Monsieur</arg>
<doc>Returns a list containing given items.</doc>
<status status="PASS" start="2024-05-16T18:18:13.313288" elapsed="0.000177"/>
</kw>
<kw name="List Should Contain Value" owner="Collections">
<msg time="2024-05-16T18:18:13.313944" level="INFO">False</msg>
<arg>${allowed_titles}</arg>
<arg>${name_title}</arg>
<doc>Fails if the ``value`` is not found from ``list``.</doc>
<status status="PASS" start="2024-05-16T18:18:13.313769" elapsed="0.000212"/>
</kw>
<kw name="Set Variable" owner="BuiltIn">
<msg time="2024-05-16T18:18:13.314658" level="INFO">${name_country} = FI</msg>
<var>${name_country}</var>
<arg>${json_data["results"][0]["nat"]}</arg>
<doc>Returns the given values which can then be assigned to a variables.</doc>
<status status="PASS" start="2024-05-16T18:18:13.314276" elapsed="0.000408"/>
</kw>
<kw name="Create List" owner="BuiltIn">
<msg time="2024-05-16T18:18:13.315635" level="INFO">${list_country} = ['AD', 'AE', 'AF', 'AG', 'AI', 'AL', 'AM', 'AO', 'AQ', 'AR', 'AS', 'AT', 'AU', 'AW', 'AX', 'AZ', 'BA', 'BB', 'BD', 'BE', 'BF', 'BG', 'BH', 'BI', 'BJ', 'BL', 'BM', 'BN', 'BO', 'BQ', 'BR', 'BS', 'BT', '...</msg>
<var>${list_country}</var>
<arg>AD</arg>
<arg>AE</arg>
<arg>AF</arg>
<arg>AG</arg>
<arg>AI</arg>
<arg>AL</arg>
<arg>AM</arg>
<arg>AO</arg>
<arg>AQ</arg>
<arg>AR</arg>
<arg>AS</arg>
<arg>AT</arg>
<arg>AU</arg>
<arg>AW</arg>
<arg>AX</arg>
<arg>AZ</arg>
<arg>BA</arg>
<arg>BB</arg>
<arg>BD</arg>
<arg>BE</arg>
<arg>BF</arg>
<arg>BG</arg>
<arg>BH</arg>
<arg>BI</arg>
<arg>BJ</arg>
<arg>BL</arg>
<arg>BM</arg>
<arg>BN</arg>
<arg>BO</arg>
<arg>BQ</arg>
<arg>BR</arg>
<arg>BS</arg>
<arg>BT</arg>
<arg>BV</arg>
<arg>BW</arg>
<arg>BY</arg>
<arg>BZ</arg>
<arg>CA</arg>
<arg>CC</arg>
<arg>CD</arg>
<arg>CF</arg>
<arg>CG</arg>
<arg>CH</arg>
<arg>CI</arg>
<arg>CK</arg>
<arg>CL</arg>
<arg>CM</arg>
<arg>CN</arg>
<arg>CO</arg>
<arg>CR</arg>
<arg>CU</arg>
<arg>CV</arg>
<arg>CW</arg>
<arg>CX</arg>
<arg>CY</arg>
<arg>CZ</arg>
<arg>DE</arg>
<arg>DJ</arg>
<arg>DK</arg>
<arg>DM</arg>
<arg>DO</arg>
<arg>DZ</arg>
<arg>EC</arg>
<arg>EE</arg>
<arg>EG</arg>
<arg>EH</arg>
<arg>ER</arg>
<arg>ES</arg>
<arg>ET</arg>
<arg>FI</arg>
<arg>FJ</arg>
<arg>FK</arg>
<arg>FM</arg>
<arg>FO</arg>
<arg>FR</arg>
<arg>GA</arg>
<arg>GB</arg>
<arg>GD</arg>
<arg>GE</arg>
<arg>GF</arg>
<arg>GG</arg>
<arg>GH</arg>
<arg>GI</arg>
<arg>GL</arg>
<arg>GM</arg>
<arg>GN</arg>
<arg>GP</arg>
<arg>GQ</arg>
<arg>GR</arg>
<arg>GS</arg>
<arg>GT</arg>
<arg>GU</arg>
<arg>GW</arg>
<arg>GY</arg>
<arg>HK</arg>
<arg>HM</arg>
<arg>HN</arg>
<arg>HR</arg>
<arg>HT</arg>
<arg>HU</arg>
<arg>ID</arg>
<arg>IE</arg>
<arg>IL</arg>
<arg>IM</arg>
<arg>IN</arg>
<arg>IO</arg>
<arg>IQ</arg>
<arg>IR</arg>
<arg>IS</arg>
<arg>IT</arg>
<arg>JE</arg>
<arg>JM</arg>
<arg>JO</arg>
<arg>JP</arg>
<arg>KE</arg>
<arg>KG</arg>
<arg>KH</arg>
<arg>KI</arg>
<arg>KM</arg>
<arg>KN</arg>
<arg>KP</arg>
<arg>KR</arg>
<arg>KW</arg>
<arg>KY</arg>
<arg>KZ</arg>
<arg>LA</arg>
<arg>LB</arg>
<arg>LC</arg>
<arg>LI</arg>
<arg>LK</arg>
<arg>LR</arg>
<arg>LS</arg>
<arg>LT</arg>
<arg>LU</arg>
<arg>LV</arg>
<arg>LY</arg>
<arg>MA</arg>
<arg>MC</arg>
<arg>MD</arg>
<arg>ME</arg>
<arg>MF</arg>
<arg>MG</arg>
<arg>MH</arg>
<arg>MK</arg>
<arg>ML</arg>
<arg>MM</arg>
<arg>MN</arg>
<arg>MO</arg>
<arg>MP</arg>
<arg>MQ</arg>
<arg>MR</arg>
<arg>MS</arg>
<arg>MT</arg>
<arg>MU</arg>
<arg>MV</arg>
<arg>MW</arg>
<arg>MX</arg>
<arg>MY</arg>
<arg>MZ</arg>
<arg>NA</arg>
<arg>NC</arg>
<arg>NE</arg>
<arg>NF</arg>
<arg>NG</arg>
<arg>NI</arg>
<arg>NL</arg>
<arg>NO</arg>
<arg>NP</arg>
<arg>NR</arg>
<arg>NU</arg>
<arg>NZ</arg>
<arg>OM</arg>
<arg>PA</arg>
<arg>PE</arg>
<arg>PF</arg>
<arg>PG</arg>
<arg>PH</arg>
<arg>PK</arg>
<arg>PL</arg>
<arg>PM</arg>
<arg>PN</arg>
<arg>PR</arg>
<arg>PS</arg>
<arg>PT</arg>
<arg>PW</arg>
<arg>PY</arg>
<arg>QA</arg>
<arg>RE</arg>
<arg>RO</arg>
<arg>RS</arg>
<arg>RU</arg>
<arg>RW</arg>
<arg>SA</arg>
<arg>SB</arg>
<arg>SC</arg>
<arg>SD</arg>
<arg>SE</arg>
<arg>SG</arg>
<arg>SH</arg>
<arg>SI</arg>
<arg>SJ</arg>
<arg>SK</arg>
<arg>SL</arg>
<arg>SM</arg>
<arg>SN</arg>
<arg>SO</arg>
<arg>SR</arg>
<arg>SS</arg>
<arg>ST</arg>
<arg>SV</arg>
<arg>SX</arg>
<arg>SY</arg>
<arg>SZ</arg>
<arg>TC</arg>
<arg>TD</arg>
<arg>TF</arg>
<arg>TG</arg>
<arg>TH</arg>
<arg>TJ</arg>
<arg>TK</arg>
<arg>TL</arg>
<arg>TM</arg>
<arg>TN</arg>
<arg>TO</arg>
<arg>TR</arg>
<arg>TT</arg>
<arg>TV</arg>
<arg>TW</arg>
<arg>TZ</arg>
<arg>UA</arg>
<arg>UG</arg>
<arg>UM</arg>
<arg>US</arg>
<arg>UY</arg>
<arg>UZ</arg>
<arg>VA</arg>
<arg>VC</arg>
<arg>VE</arg>
<arg>VG</arg>
<arg>VI</arg>
<arg>VN</arg>
<arg>VU</arg>
<arg>WF</arg>
<arg>WS</arg>
<arg>XK</arg>
<arg>YE</arg>
<arg>YT</arg>
<arg>ZA</arg>
<arg>ZM</arg>
<arg>ZW</arg>
<doc>Returns a list containing given items.</doc>
<status status="PASS" start="2024-05-16T18:18:13.314985" elapsed="0.000678"/>
</kw>
<kw name="List Should Contain Value" owner="Collections">
<msg time="2024-05-16T18:18:13.316663" level="INFO">False</msg>
<arg>${list_country}</arg>
<arg>${name_country}</arg>
<doc>Fails if the ``value`` is not found from ``list``.</doc>
<status status="PASS" start="2024-05-16T18:18:13.316460" elapsed="0.000239"/>
</kw>
<kw name="Run Keyword If" owner="BuiltIn">
<kw name="Should Be True" owner="BuiltIn">
<arg>${True}</arg>
<doc>Fails if the given condition is not true.</doc>
<status status="PASS" start="2024-05-16T18:18:13.317792" elapsed="0.000150"/>
</kw>
<arg>${json_data["results"][0]["location"]["coordinates"]["latitude"]} &gt;= -90 and ${json_data["results"][0]["location"]["coordinates"]["latitude"]} &lt;= 90</arg>
<arg>Should Be True</arg>
<arg>${True}</arg>
<doc>Runs the given keyword with the given arguments, if ``condition`` is true.</doc>
<status status="PASS" start="2024-05-16T18:18:13.317010" elapsed="0.001058"/>
</kw>
<kw name="Run Keyword If" owner="BuiltIn">
<kw name="Should Be True" owner="BuiltIn">
<arg>${True}</arg>
<doc>Fails if the given condition is not true.</doc>
<status status="PASS" start="2024-05-16T18:18:13.318959" elapsed="0.000319"/>
</kw>
<arg>${json_data["results"][0]["location"]["coordinates"]["longitude"]} &gt;= -180 and ${json_data["results"][0]["location"]["coordinates"]["longitude"]} &lt;= 180</arg>
<arg>Should Be True</arg>
<arg>${True}</arg>
<doc>Runs the given keyword with the given arguments, if ``condition`` is true.</doc>
<status status="PASS" start="2024-05-16T18:18:13.318254" elapsed="0.001156"/>
</kw>
<status status="PASS" start="2024-05-16T18:18:13.215304" elapsed="0.104248"/>
</kw>
<doc>Testa o conteúdo específico dos campos retornados pela API.</doc>
<tag>testeConteudo</tag>
<status status="PASS" start="2024-05-16T18:18:13.214812" elapsed="0.104895"/>
</test>
<status status="PASS" start="2024-05-16T18:18:12.362204" elapsed="0.959519"/>
</suite>
<status status="PASS" start="2024-05-16T18:18:12.348483" elapsed="0.978429"/>
</suite>
<statistics>
<total>
<stat pass="5" fail="0" skip="0">All Tests</stat>
</total>
<tag>
<stat pass="1" fail="0" skip="0">testeConteudo</stat>
<stat pass="1" fail="0" skip="0">testeEstruturaResposta</stat>
<stat pass="1" fail="0" skip="0">testeRequisicaoBasica</stat>
<stat pass="1" fail="0" skip="0">testeTiposDados</stat>
</tag>
<suite>
<stat pass="5" fail="0" skip="0" id="s1" name="Tests">Tests</stat>
<stat pass="5" fail="0" skip="0" id="s1-s1" name="Random-User-Test">Tests.Random-User-Test</stat>
</suite>
</statistics>
<errors>
</errors>
</robot>
