<?xml version="1.0" encoding="UTF-8"?>
<robot generator="Robot 7.0.1 (Python 3.12.4 on linux)" generated="2024-07-29T08:19:50.037612" rpa="false" schemaversion="5">
<suite id="s1" name="Tests" source="/home/runner/work/ApiRandomUser/ApiRandomUser/RamdonUser/tests">
<suite id="s1-s1" name="Random-User-Test" source="/home/runner/work/ApiRandomUser/ApiRandomUser/RamdonUser/tests/random-user-test.robot">
<test id="s1-s1-t1" name="Conectar" line="13">
<kw name="Conectar API" owner="random-user-service">
<kw name="Create Session" owner="RequestsLibrary">
<msg time="2024-07-29T08:19:50.503804" level="INFO">Creating Session using : alias=consultarAPI, url=https://randomuser.me/, headers={},                     cookies={}, auth=None, timeout=None, proxies=None, verify=False,                     debug=0 </msg>
<arg>consultarAPI</arg>
<arg>${URL}</arg>
<doc>Create Session: create a HTTP session to a server</doc>
<status status="PASS" start="2024-07-29T08:19:50.503580" elapsed="0.000442"/>
</kw>
<status status="PASS" start="2024-07-29T08:19:50.502390" elapsed="0.002045"/>
</kw>
<status status="PASS" start="2024-07-29T08:19:50.501760" elapsed="0.002874"/>
</test>
<test id="s1-s1-t2" name="Validar retorno 200 e JSON Válido" line="16">
<kw name="Teste de Requisicao Basica" owner="random-user-service">
<kw name="GET On Session" owner="RequestsLibrary">
<msg time="2024-07-29T08:19:50.626171" level="INFO">GET Request : url=https://randomuser.me/api 
 path_url=/api 
 headers={'User-Agent': 'python-requests/2.32.3', 'Accept-Encoding': 'gzip, deflate', 'Accept': '*/*', 'Connection': 'keep-alive'} 
 body=None 
 </msg>
<msg time="2024-07-29T08:19:50.626344" level="INFO">GET Response : url=https://randomuser.me/api 
 status=200, reason=OK 
 headers={'Date': 'Mon, 29 Jul 2024 08:19:50 GMT', 'Content-Type': 'application/json; charset=utf-8', 'Transfer-Encoding': 'chunked', 'Connection': 'keep-alive', 'X-Powered-By': 'Express', 'Access-Control-Allow-Origin': '*', 'Cache-Control': 'no-cache', 'ETag': 'W/"48b-pO4VcEz0r6Rn06WOGL+RFLpW0b0"', 'Vary': 'Accept-Encoding', 'Content-Encoding': 'gzip', 'CF-Cache-Status': 'DYNAMIC', 'Report-To': '{"endpoints":[{"url":"https:\\/\\/a.nel.cloudflare.com\\/report\\/v4?s=faPdQwII8CXIT4TGxCVs7eVMSbiTiB2gDxiCsCfnYhQWBnmpPDIY0kyFyu0PBgn97wZjVXdpfMq4YYSQ1cz7wCMPiHoLvJktx98CIpiZhICsFyylwYmwH6FX9jOKfNXU"}],"group":"cf-nel","max_age":604800}', 'NEL': '{"success_fraction":0,"report_to":"cf-nel","max_age":604800}', 'Server': 'cloudflare', 'CF-RAY': '8aabafb0dfb617de-SJC', 'alt-svc': 'h3=":443"; ma=86400'} 
 body={"results":[{"gender":"female","name":{"title":"Mrs","first":"Célia","last":"Santos"},"location":{"street":{"number":7965,"name":"Rua Dezenove de Outubro"},"city":"Simões Filho","state":"Sergipe","country":"Brazil","postcode":72351,"coordinates":{"latitude":"-75.1694","longitude":"150.3143"},"timezone":{"offset":"+4:30","description":"Kabul"}},"email":"celia.santos@example.com","login":{"uuid":"3e8ac3de-ba98-4c4e-83fe-547977e9a43f","username":"tinygoose334","password":"wallace","salt":"OJIWp3do","md5":"729e865fab67b549c16571c6305789b6","sha1":"5871577849018a6b113f1f4cec92ba7196429897","sha256":"80dc5477d48e7177900f11214e88494fbbc5c2f2e12ff9d0efa740f05d682779"},"dob":{"date":"1971-05-26T02:07:47.074Z","age":53},"registered":{"date":"2014-06-28T23:13:35.878Z","age":10},"phone":"(48) 6632-9976","cell":"(44) 1764-8617","id":{"name":"CPF","value":"617.016.828-64"},"picture":{"large":"https://randomuser.me/api/portraits/women/47.jpg","medium":"https://randomuser.me/api/portraits/med/women/47.jpg","thumbnail":"https://randomuser.me/api/portraits/thumb/women/47.jpg"},"nat":"BR"}],"info":{"seed":"21ef370d48287fa6","results":1,"page":1,"version":"1.4"}} 
 </msg>
<msg time="2024-07-29T08:19:50.626430" level="INFO">/opt/hostedtoolcache/Python/3.12.4/x64/lib/python3.12/site-packages/urllib3/connectionpool.py:1099: InsecureRequestWarning: Unverified HTTPS request is being made to host 'randomuser.me'. Adding certificate verification is strongly advised. See: https://urllib3.readthedocs.io/en/latest/advanced-usage.html#tls-warnings
  warnings.warn(</msg>
<msg time="2024-07-29T08:19:50.626578" level="INFO">${response} = &lt;Response [200]&gt;</msg>
<var>${response}</var>
<arg>consultarAPI</arg>
<arg>/api</arg>
<doc>Sends a GET request on a previously created HTTP Session.</doc>
<status status="PASS" start="2024-07-29T08:19:50.507392" elapsed="0.119216"/>
</kw>
<kw name="Should Be Equal As Numbers" owner="BuiltIn">
<msg time="2024-07-29T08:19:50.627741" level="INFO">Argument types are:
&lt;class 'int'&gt;
&lt;class 'str'&gt;</msg>
<arg>${response.status_code}</arg>
<arg>200</arg>
<doc>Fails if objects are unequal after converting them to real numbers.</doc>
<status status="PASS" start="2024-07-29T08:19:50.627253" elapsed="0.000559"/>
</kw>
<kw name="Log" owner="BuiltIn">
<msg time="2024-07-29T08:19:50.628525" level="INFO">200</msg>
<arg>${response.status_code}</arg>
<doc>Logs the given message with the given level.</doc>
<status status="PASS" start="2024-07-29T08:19:50.628159" elapsed="0.000410"/>
</kw>
<kw name="Set Variable" owner="BuiltIn">
<msg time="2024-07-29T08:19:50.629334" level="INFO">${json_data} = {'results': [{'gender': 'female', 'name': {'title': 'Mrs', 'first': 'Célia', 'last': 'Santos'}, 'location': {'street': {'number': 7965, 'name': 'Rua Dezenove de Outubro'}, 'city': 'Simões Filho', 'sta...</msg>
<var>${json_data}</var>
<arg>${response.json()}</arg>
<doc>Returns the given values which can then be assigned to a variables.</doc>
<status status="PASS" start="2024-07-29T08:19:50.628881" elapsed="0.000482"/>
</kw>
<kw name="Dictionary Should Contain Key" owner="Collections">
<arg>${json_data}</arg>
<arg>results</arg>
<doc>Fails if ``key`` is not found from ``dictionary``.</doc>
<status status="PASS" start="2024-07-29T08:19:50.629678" elapsed="0.000351"/>
</kw>
<status status="PASS" start="2024-07-29T08:19:50.507110" elapsed="0.123075"/>
</kw>
<doc>Testa se a API responde corretamente e retorna um objeto JSON válido.</doc>
<tag>testeRequisicaoBasica</tag>
<status status="PASS" start="2024-07-29T08:19:50.506567" elapsed="0.123797"/>
</test>
<test id="s1-s1-t3" name="Validar estrutura de resposta" line="22">
<kw name="Teste de Estrutura de Resposta" owner="random-user-service">
<kw name="GET On Session" owner="RequestsLibrary">
<msg time="2024-07-29T08:19:50.732868" level="INFO">GET Request : url=https://randomuser.me/api 
 path_url=/api 
 headers={'User-Agent': 'python-requests/2.32.3', 'Accept-Encoding': 'gzip, deflate', 'Accept': '*/*', 'Connection': 'keep-alive'} 
 body=None 
 </msg>
<msg time="2024-07-29T08:19:50.732992" level="INFO">GET Response : url=https://randomuser.me/api 
 status=200, reason=OK 
 headers={'Date': 'Mon, 29 Jul 2024 08:19:50 GMT', 'Content-Type': 'application/json; charset=utf-8', 'Transfer-Encoding': 'chunked', 'Connection': 'keep-alive', 'X-Powered-By': 'Express', 'Access-Control-Allow-Origin': '*', 'Cache-Control': 'no-cache', 'ETag': 'W/"47f-+O87gqAqr1cmP9ALobXlHr+R+Ro"', 'Vary': 'Accept-Encoding', 'Content-Encoding': 'gzip', 'CF-Cache-Status': 'DYNAMIC', 'Report-To': '{"endpoints":[{"url":"https:\\/\\/a.nel.cloudflare.com\\/report\\/v4?s=FyynxZNjVFSThVphcH1ge%2FBlZlJkR2cWB71Kx2BbvABGUKpZyrASU0Cq0pe3JfVX92%2Fvcn7kHbhRRFwTbTcsoWluvaqIpeu3kmXBXYUtkqbEuBVf55%2F%2FztQZfBhj4YaI"}],"group":"cf-nel","max_age":604800}', 'NEL': '{"success_fraction":0,"report_to":"cf-nel","max_age":604800}', 'Server': 'cloudflare', 'CF-RAY': '8aabafb1783517de-SJC', 'alt-svc': 'h3=":443"; ma=86400'} 
 body={"results":[{"gender":"female","name":{"title":"Mrs","first":"Cecilie","last":"Christensen"},"location":{"street":{"number":9412,"name":"Rødlundvej"},"city":"Beder","state":"Hovedstaden","country":"Denmark","postcode":84288,"coordinates":{"latitude":"-38.5901","longitude":"131.4552"},"timezone":{"offset":"-10:00","description":"Hawaii"}},"email":"cecilie.christensen@example.com","login":{"uuid":"2091fa22-df2e-4197-9f7f-a01812a8d0e2","username":"yellowostrich147","password":"hughes","salt":"0h5gMEJ8","md5":"db191b6973fc655de307c31c49bf1756","sha1":"e0d96813a234b90fdb2f6e7084897d114aa80938","sha256":"936cfac239d7cc0cb64c3c027872102fc0ea40ae3d921ffe9bd7cf608e5ced67"},"dob":{"date":"1948-04-22T20:17:03.566Z","age":76},"registered":{"date":"2012-09-25T20:01:36.718Z","age":11},"phone":"16580910","cell":"21669812","id":{"name":"CPR","value":"220448-3820"},"picture":{"large":"https://randomuser.me/api/portraits/women/11.jpg","medium":"https://randomuser.me/api/portraits/med/women/11.jpg","thumbnail":"https://randomuser.me/api/portraits/thumb/women/11.jpg"},"nat":"DK"}],"info":{"seed":"ea6a90d9ce740b60","results":1,"page":1,"version":"1.4"}} 
 </msg>
<msg time="2024-07-29T08:19:50.733145" level="INFO">/opt/hostedtoolcache/Python/3.12.4/x64/lib/python3.12/site-packages/urllib3/connectionpool.py:1099: InsecureRequestWarning: Unverified HTTPS request is being made to host 'randomuser.me'. Adding certificate verification is strongly advised. See: https://urllib3.readthedocs.io/en/latest/advanced-usage.html#tls-warnings
  warnings.warn(</msg>
<msg time="2024-07-29T08:19:50.733278" level="INFO">${response} = &lt;Response [200]&gt;</msg>
<var>${response}</var>
<arg>consultarAPI</arg>
<arg>/api</arg>
<doc>Sends a GET request on a previously created HTTP Session.</doc>
<status status="PASS" start="2024-07-29T08:19:50.633155" elapsed="0.100152"/>
</kw>
<kw name="Set Variable" owner="BuiltIn">
<msg time="2024-07-29T08:19:50.734422" level="INFO">${json_data} = {'results': [{'gender': 'female', 'name': {'title': 'Mrs', 'first': 'Cecilie', 'last': 'Christensen'}, 'location': {'street': {'number': 9412, 'name': 'Rødlundvej'}, 'city': 'Beder', 'state': 'Hovedst...</msg>
<var>${json_data}</var>
<arg>${response.json()}</arg>
<doc>Returns the given values which can then be assigned to a variables.</doc>
<status status="PASS" start="2024-07-29T08:19:50.733872" elapsed="0.000580"/>
</kw>
<kw name="Log" owner="BuiltIn">
<msg time="2024-07-29T08:19:50.734943" level="INFO">{'results': [{'gender': 'female', 'name': {'title': 'Mrs', 'first': 'Cecilie', 'last': 'Christensen'}, 'location': {'street': {'number': 9412, 'name': 'Rødlundvej'}, 'city': 'Beder', 'state': 'Hovedstaden', 'country': 'Denmark', 'postcode': 84288, 'coordinates': {'latitude': '-38.5901', 'longitude': '131.4552'}, 'timezone': {'offset': '-10:00', 'description': 'Hawaii'}}, 'email': 'cecilie.christensen@example.com', 'login': {'uuid': '2091fa22-df2e-4197-9f7f-a01812a8d0e2', 'username': 'yellowostrich147', 'password': 'hughes', 'salt': '0h5gMEJ8', 'md5': 'db191b6973fc655de307c31c49bf1756', 'sha1': 'e0d96813a234b90fdb2f6e7084897d114aa80938', 'sha256': '936cfac239d7cc0cb64c3c027872102fc0ea40ae3d921ffe9bd7cf608e5ced67'}, 'dob': {'date': '1948-04-22T20:17:03.566Z', 'age': 76}, 'registered': {'date': '2012-09-25T20:01:36.718Z', 'age': 11}, 'phone': '16580910', 'cell': '21669812', 'id': {'name': 'CPR', 'value': '220448-3820'}, 'picture': {'large': 'https://randomuser.me/api/portraits/women/11.jpg', 'medium': 'https://randomuser.me/api/portraits/med/women/11.jpg', 'thumbnail': 'https://randomuser.me/api/portraits/thumb/women/11.jpg'}, 'nat': 'DK'}], 'info': {'seed': 'ea6a90d9ce740b60', 'results': 1, 'page': 1, 'version': '1.4'}}</msg>
<arg>${json_data}</arg>
<doc>Logs the given message with the given level.</doc>
<status status="PASS" start="2024-07-29T08:19:50.734770" elapsed="0.000260"/>
</kw>
<kw name="Dictionary Should Contain Key" owner="Collections">
<arg>${json_data}</arg>
<arg>results</arg>
<doc>Fails if ``key`` is not found from ``dictionary``.</doc>
<status status="PASS" start="2024-07-29T08:19:50.735337" elapsed="0.000165"/>
</kw>
<kw name="Should Not Be Empty" owner="BuiltIn">
<msg time="2024-07-29T08:19:50.735818" level="INFO">Length is 2.</msg>
<arg>${json_data}</arg>
<doc>Verifies that the given item is not empty.</doc>
<status status="PASS" start="2024-07-29T08:19:50.735689" elapsed="0.000167"/>
</kw>
<kw name="Create List" owner="BuiltIn">
<msg time="2024-07-29T08:19:50.736306" level="INFO">${expected_keys} = ['gender', 'name', 'location', 'email', 'login']</msg>
<var>${expected_keys}</var>
<arg>gender</arg>
<arg>name</arg>
<arg>location</arg>
<arg>email</arg>
<arg>login</arg>
<doc>Returns a list containing given items.</doc>
<status status="PASS" start="2024-07-29T08:19:50.736148" elapsed="0.000181"/>
</kw>
<for flavor="IN">
<iter>
<kw name="Dictionary Should Contain Key" owner="Collections">
<arg>${json_data['results'][0]}</arg>
<arg>${key}</arg>
<doc>Fails if ``key`` is not found from ``dictionary``.</doc>
<status status="PASS" start="2024-07-29T08:19:50.736944" elapsed="0.000434"/>
</kw>
<kw name="Log" owner="BuiltIn">
<msg time="2024-07-29T08:19:50.737943" level="INFO">{'gender': 'female', 'name': {'title': 'Mrs', 'first': 'Cecilie', 'last': 'Christensen'}, 'location': {'street': {'number': 9412, 'name': 'Rødlundvej'}, 'city': 'Beder', 'state': 'Hovedstaden', 'country': 'Denmark', 'postcode': 84288, 'coordinates': {'latitude': '-38.5901', 'longitude': '131.4552'}, 'timezone': {'offset': '-10:00', 'description': 'Hawaii'}}, 'email': 'cecilie.christensen@example.com', 'login': {'uuid': '2091fa22-df2e-4197-9f7f-a01812a8d0e2', 'username': 'yellowostrich147', 'password': 'hughes', 'salt': '0h5gMEJ8', 'md5': 'db191b6973fc655de307c31c49bf1756', 'sha1': 'e0d96813a234b90fdb2f6e7084897d114aa80938', 'sha256': '936cfac239d7cc0cb64c3c027872102fc0ea40ae3d921ffe9bd7cf608e5ced67'}, 'dob': {'date': '1948-04-22T20:17:03.566Z', 'age': 76}, 'registered': {'date': '2012-09-25T20:01:36.718Z', 'age': 11}, 'phone': '16580910', 'cell': '21669812', 'id': {'name': 'CPR', 'value': '220448-3820'}, 'picture': {'large': 'https://randomuser.me/api/portraits/women/11.jpg', 'medium': 'https://randomuser.me/api/portraits/med/women/11.jpg', 'thumbnail': 'https://randomuser.me/api/portraits/thumb/women/11.jpg'}, 'nat': 'DK'}</msg>
<arg>${json_data['results'][0]}</arg>
<doc>Logs the given message with the given level.</doc>
<status status="PASS" start="2024-07-29T08:19:50.737566" elapsed="0.000430"/>
</kw>
<kw name="Log" owner="BuiltIn">
<msg time="2024-07-29T08:19:50.738457" level="INFO">gender</msg>
<arg>${key}</arg>
<doc>Logs the given message with the given level.</doc>
<status status="PASS" start="2024-07-29T08:19:50.738321" elapsed="0.000174"/>
</kw>
<var name="${key}">gender</var>
<status status="PASS" start="2024-07-29T08:19:50.736811" elapsed="0.001908"/>
</iter>
<iter>
<kw name="Dictionary Should Contain Key" owner="Collections">
<arg>${json_data['results'][0]}</arg>
<arg>${key}</arg>
<doc>Fails if ``key`` is not found from ``dictionary``.</doc>
<status status="PASS" start="2024-07-29T08:19:50.739054" elapsed="0.000392"/>
</kw>
<kw name="Log" owner="BuiltIn">
<msg time="2024-07-29T08:19:50.739990" level="INFO">{'gender': 'female', 'name': {'title': 'Mrs', 'first': 'Cecilie', 'last': 'Christensen'}, 'location': {'street': {'number': 9412, 'name': 'Rødlundvej'}, 'city': 'Beder', 'state': 'Hovedstaden', 'country': 'Denmark', 'postcode': 84288, 'coordinates': {'latitude': '-38.5901', 'longitude': '131.4552'}, 'timezone': {'offset': '-10:00', 'description': 'Hawaii'}}, 'email': 'cecilie.christensen@example.com', 'login': {'uuid': '2091fa22-df2e-4197-9f7f-a01812a8d0e2', 'username': 'yellowostrich147', 'password': 'hughes', 'salt': '0h5gMEJ8', 'md5': 'db191b6973fc655de307c31c49bf1756', 'sha1': 'e0d96813a234b90fdb2f6e7084897d114aa80938', 'sha256': '936cfac239d7cc0cb64c3c027872102fc0ea40ae3d921ffe9bd7cf608e5ced67'}, 'dob': {'date': '1948-04-22T20:17:03.566Z', 'age': 76}, 'registered': {'date': '2012-09-25T20:01:36.718Z', 'age': 11}, 'phone': '16580910', 'cell': '21669812', 'id': {'name': 'CPR', 'value': '220448-3820'}, 'picture': {'large': 'https://randomuser.me/api/portraits/women/11.jpg', 'medium': 'https://randomuser.me/api/portraits/med/women/11.jpg', 'thumbnail': 'https://randomuser.me/api/portraits/thumb/women/11.jpg'}, 'nat': 'DK'}</msg>
<arg>${json_data['results'][0]}</arg>
<doc>Logs the given message with the given level.</doc>
<status status="PASS" start="2024-07-29T08:19:50.739629" elapsed="0.000457"/>
</kw>
<kw name="Log" owner="BuiltIn">
<msg time="2024-07-29T08:19:50.740523" level="INFO">name</msg>
<arg>${key}</arg>
<doc>Logs the given message with the given level.</doc>
<status status="PASS" start="2024-07-29T08:19:50.740393" elapsed="0.000168"/>
</kw>
<var name="${key}">name</var>
<status status="PASS" start="2024-07-29T08:19:50.738918" elapsed="0.001862"/>
</iter>
<iter>
<kw name="Dictionary Should Contain Key" owner="Collections">
<arg>${json_data['results'][0]}</arg>
<arg>${key}</arg>
<doc>Fails if ``key`` is not found from ``dictionary``.</doc>
<status status="PASS" start="2024-07-29T08:19:50.741069" elapsed="0.000392"/>
</kw>
<kw name="Log" owner="BuiltIn">
<msg time="2024-07-29T08:19:50.742015" level="INFO">{'gender': 'female', 'name': {'title': 'Mrs', 'first': 'Cecilie', 'last': 'Christensen'}, 'location': {'street': {'number': 9412, 'name': 'Rødlundvej'}, 'city': 'Beder', 'state': 'Hovedstaden', 'country': 'Denmark', 'postcode': 84288, 'coordinates': {'latitude': '-38.5901', 'longitude': '131.4552'}, 'timezone': {'offset': '-10:00', 'description': 'Hawaii'}}, 'email': 'cecilie.christensen@example.com', 'login': {'uuid': '2091fa22-df2e-4197-9f7f-a01812a8d0e2', 'username': 'yellowostrich147', 'password': 'hughes', 'salt': '0h5gMEJ8', 'md5': 'db191b6973fc655de307c31c49bf1756', 'sha1': 'e0d96813a234b90fdb2f6e7084897d114aa80938', 'sha256': '936cfac239d7cc0cb64c3c027872102fc0ea40ae3d921ffe9bd7cf608e5ced67'}, 'dob': {'date': '1948-04-22T20:17:03.566Z', 'age': 76}, 'registered': {'date': '2012-09-25T20:01:36.718Z', 'age': 11}, 'phone': '16580910', 'cell': '21669812', 'id': {'name': 'CPR', 'value': '220448-3820'}, 'picture': {'large': 'https://randomuser.me/api/portraits/women/11.jpg', 'medium': 'https://randomuser.me/api/portraits/med/women/11.jpg', 'thumbnail': 'https://randomuser.me/api/portraits/thumb/women/11.jpg'}, 'nat': 'DK'}</msg>
<arg>${json_data['results'][0]}</arg>
<doc>Logs the given message with the given level.</doc>
<status status="PASS" start="2024-07-29T08:19:50.741655" elapsed="0.000411"/>
</kw>
<kw name="Log" owner="BuiltIn">
<msg time="2024-07-29T08:19:50.742497" level="INFO">location</msg>
<arg>${key}</arg>
<doc>Logs the given message with the given level.</doc>
<status status="PASS" start="2024-07-29T08:19:50.742368" elapsed="0.000167"/>
</kw>
<var name="${key}">location</var>
<status status="PASS" start="2024-07-29T08:19:50.740960" elapsed="0.001802"/>
</iter>
<iter>
<kw name="Dictionary Should Contain Key" owner="Collections">
<arg>${json_data['results'][0]}</arg>
<arg>${key}</arg>
<doc>Fails if ``key`` is not found from ``dictionary``.</doc>
<status status="PASS" start="2024-07-29T08:19:50.743079" elapsed="0.000400"/>
</kw>
<kw name="Log" owner="BuiltIn">
<msg time="2024-07-29T08:19:50.744179" level="INFO">{'gender': 'female', 'name': {'title': 'Mrs', 'first': 'Cecilie', 'last': 'Christensen'}, 'location': {'street': {'number': 9412, 'name': 'Rødlundvej'}, 'city': 'Beder', 'state': 'Hovedstaden', 'country': 'Denmark', 'postcode': 84288, 'coordinates': {'latitude': '-38.5901', 'longitude': '131.4552'}, 'timezone': {'offset': '-10:00', 'description': 'Hawaii'}}, 'email': 'cecilie.christensen@example.com', 'login': {'uuid': '2091fa22-df2e-4197-9f7f-a01812a8d0e2', 'username': 'yellowostrich147', 'password': 'hughes', 'salt': '0h5gMEJ8', 'md5': 'db191b6973fc655de307c31c49bf1756', 'sha1': 'e0d96813a234b90fdb2f6e7084897d114aa80938', 'sha256': '936cfac239d7cc0cb64c3c027872102fc0ea40ae3d921ffe9bd7cf608e5ced67'}, 'dob': {'date': '1948-04-22T20:17:03.566Z', 'age': 76}, 'registered': {'date': '2012-09-25T20:01:36.718Z', 'age': 11}, 'phone': '16580910', 'cell': '21669812', 'id': {'name': 'CPR', 'value': '220448-3820'}, 'picture': {'large': 'https://randomuser.me/api/portraits/women/11.jpg', 'medium': 'https://randomuser.me/api/portraits/med/women/11.jpg', 'thumbnail': 'https://randomuser.me/api/portraits/thumb/women/11.jpg'}, 'nat': 'DK'}</msg>
<arg>${json_data['results'][0]}</arg>
<doc>Logs the given message with the given level.</doc>
<status status="PASS" start="2024-07-29T08:19:50.743818" elapsed="0.000412"/>
</kw>
<kw name="Log" owner="BuiltIn">
<msg time="2024-07-29T08:19:50.744682" level="INFO">email</msg>
<arg>${key}</arg>
<doc>Logs the given message with the given level.</doc>
<status status="PASS" start="2024-07-29T08:19:50.744544" elapsed="0.000178"/>
</kw>
<var name="${key}">email</var>
<status status="PASS" start="2024-07-29T08:19:50.742940" elapsed="0.002010"/>
</iter>
<iter>
<kw name="Dictionary Should Contain Key" owner="Collections">
<arg>${json_data['results'][0]}</arg>
<arg>${key}</arg>
<doc>Fails if ``key`` is not found from ``dictionary``.</doc>
<status status="PASS" start="2024-07-29T08:19:50.745240" elapsed="0.000380"/>
</kw>
<kw name="Log" owner="BuiltIn">
<msg time="2024-07-29T08:19:50.746163" level="INFO">{'gender': 'female', 'name': {'title': 'Mrs', 'first': 'Cecilie', 'last': 'Christensen'}, 'location': {'street': {'number': 9412, 'name': 'Rødlundvej'}, 'city': 'Beder', 'state': 'Hovedstaden', 'country': 'Denmark', 'postcode': 84288, 'coordinates': {'latitude': '-38.5901', 'longitude': '131.4552'}, 'timezone': {'offset': '-10:00', 'description': 'Hawaii'}}, 'email': 'cecilie.christensen@example.com', 'login': {'uuid': '2091fa22-df2e-4197-9f7f-a01812a8d0e2', 'username': 'yellowostrich147', 'password': 'hughes', 'salt': '0h5gMEJ8', 'md5': 'db191b6973fc655de307c31c49bf1756', 'sha1': 'e0d96813a234b90fdb2f6e7084897d114aa80938', 'sha256': '936cfac239d7cc0cb64c3c027872102fc0ea40ae3d921ffe9bd7cf608e5ced67'}, 'dob': {'date': '1948-04-22T20:17:03.566Z', 'age': 76}, 'registered': {'date': '2012-09-25T20:01:36.718Z', 'age': 11}, 'phone': '16580910', 'cell': '21669812', 'id': {'name': 'CPR', 'value': '220448-3820'}, 'picture': {'large': 'https://randomuser.me/api/portraits/women/11.jpg', 'medium': 'https://randomuser.me/api/portraits/med/women/11.jpg', 'thumbnail': 'https://randomuser.me/api/portraits/thumb/women/11.jpg'}, 'nat': 'DK'}</msg>
<arg>${json_data['results'][0]}</arg>
<doc>Logs the given message with the given level.</doc>
<status status="PASS" start="2024-07-29T08:19:50.745803" elapsed="0.000418"/>
</kw>
<kw name="Log" owner="BuiltIn">
<msg time="2024-07-29T08:19:50.746659" level="INFO">login</msg>
<arg>${key}</arg>
<doc>Logs the given message with the given level.</doc>
<status status="PASS" start="2024-07-29T08:19:50.746523" elapsed="0.000172"/>
</kw>
<var name="${key}">login</var>
<status status="PASS" start="2024-07-29T08:19:50.745128" elapsed="0.001796"/>
</iter>
<var>${key}</var>
<value>@{expected_keys}</value>
<status status="PASS" start="2024-07-29T08:19:50.736605" elapsed="0.010476"/>
</for>
<kw name="Create List" owner="BuiltIn">
<msg time="2024-07-29T08:19:50.747433" level="INFO">${expected_keysTwo} = ['username', 'password']</msg>
<var>${expected_keysTwo}</var>
<arg>username</arg>
<arg>password</arg>
<doc>Returns a list containing given items.</doc>
<status status="PASS" start="2024-07-29T08:19:50.747288" elapsed="0.000170"/>
</kw>
<for flavor="IN">
<iter>
<kw name="Dictionary Should Contain Key" owner="Collections">
<arg>${json_data['results'][0]['login']}</arg>
<arg>${keyTwo}</arg>
<doc>Fails if ``key`` is not found from ``dictionary``.</doc>
<status status="PASS" start="2024-07-29T08:19:50.748014" elapsed="0.000393"/>
</kw>
<kw name="Dictionary Should Contain Key" owner="Collections">
<arg>${json_data['results'][0]['login']}</arg>
<arg>${keyTwo}</arg>
<doc>Fails if ``key`` is not found from ``dictionary``.</doc>
<status status="PASS" start="2024-07-29T08:19:50.748684" elapsed="0.000395"/>
</kw>
<kw name="Log" owner="BuiltIn">
<msg time="2024-07-29T08:19:50.749384" level="INFO">username</msg>
<arg>${keyTwo}</arg>
<doc>Logs the given message with the given level.</doc>
<status status="PASS" start="2024-07-29T08:19:50.749260" elapsed="0.000162"/>
</kw>
<var name="${keyTwo}">username</var>
<status status="PASS" start="2024-07-29T08:19:50.747898" elapsed="0.001755"/>
</iter>
<iter>
<kw name="Dictionary Should Contain Key" owner="Collections">
<arg>${json_data['results'][0]['login']}</arg>
<arg>${keyTwo}</arg>
<doc>Fails if ``key`` is not found from ``dictionary``.</doc>
<status status="PASS" start="2024-07-29T08:19:50.749951" elapsed="0.000386"/>
</kw>
<kw name="Dictionary Should Contain Key" owner="Collections">
<arg>${json_data['results'][0]['login']}</arg>
<arg>${keyTwo}</arg>
<doc>Fails if ``key`` is not found from ``dictionary``.</doc>
<status status="PASS" start="2024-07-29T08:19:50.750517" elapsed="0.000375"/>
</kw>
<kw name="Log" owner="BuiltIn">
<msg time="2024-07-29T08:19:50.751227" level="INFO">password</msg>
<arg>${keyTwo}</arg>
<doc>Logs the given message with the given level.</doc>
<status status="PASS" start="2024-07-29T08:19:50.751094" elapsed="0.000172"/>
</kw>
<var name="${keyTwo}">password</var>
<status status="PASS" start="2024-07-29T08:19:50.749830" elapsed="0.001666"/>
</iter>
<var>${keyTwo}</var>
<value>@{expected_keysTwo}</value>
<status status="PASS" start="2024-07-29T08:19:50.747733" elapsed="0.003886"/>
</for>
<status status="PASS" start="2024-07-29T08:19:50.632899" elapsed="0.118876"/>
</kw>
<doc>Testa a estrutura da resposta da API.</doc>
<tag>testeEstruturaResposta</tag>
<status status="PASS" start="2024-07-29T08:19:50.632321" elapsed="0.119624"/>
</test>
<test id="s1-s1-t4" name="Validar tipos de dados" line="28">
<kw name="Teste de Tipos de Dados" owner="random-user-service">
<kw name="GET On Session" owner="RequestsLibrary">
<msg time="2024-07-29T08:19:50.851886" level="INFO">GET Request : url=https://randomuser.me/api 
 path_url=/api 
 headers={'User-Agent': 'python-requests/2.32.3', 'Accept-Encoding': 'gzip, deflate', 'Accept': '*/*', 'Connection': 'keep-alive'} 
 body=None 
 </msg>
<msg time="2024-07-29T08:19:50.852003" level="INFO">GET Response : url=https://randomuser.me/api 
 status=200, reason=OK 
 headers={'Date': 'Mon, 29 Jul 2024 08:19:50 GMT', 'Content-Type': 'application/json; charset=utf-8', 'Transfer-Encoding': 'chunked', 'Connection': 'keep-alive', 'X-Powered-By': 'Express', 'Access-Control-Allow-Origin': '*', 'Cache-Control': 'no-cache', 'ETag': 'W/"48a-qYzrs3mGBFW3CvNS0y2ZhT1cL6w"', 'Vary': 'Accept-Encoding', 'Content-Encoding': 'gzip', 'CF-Cache-Status': 'DYNAMIC', 'Report-To': '{"endpoints":[{"url":"https:\\/\\/a.nel.cloudflare.com\\/report\\/v4?s=lrpFB96cgOJiCaEuskkBxzpeuljyN3NEgATf2cYgQ2iRVUaxXzrkNBFYdof7lCsKT1r8k7o9xMVLygEZWaQmqhqUB9XNkYsrhZE2gLoJGtk45ymrg8k4IFfLVEpEsqDK"}],"group":"cf-nel","max_age":604800}', 'NEL': '{"success_fraction":0,"report_to":"cf-nel","max_age":604800}', 'Server': 'cloudflare', 'CF-RAY': '8aabafb238d217de-SJC', 'alt-svc': 'h3=":443"; ma=86400'} 
 body={"results":[{"gender":"female","name":{"title":"Madame","first":"Sharon","last":"Marchand"},"location":{"street":{"number":3232,"name":"Rue de Gerland"},"city":"Lichtensteig","state":"Uri","country":"Switzerland","postcode":6681,"coordinates":{"latitude":"-60.9769","longitude":"113.4557"},"timezone":{"offset":"+3:30","description":"Tehran"}},"email":"sharon.marchand@example.com","login":{"uuid":"d9e9577d-deb6-442e-b894-71be3fa2a1b9","username":"crazyladybug158","password":"mamas","salt":"6RAql5lH","md5":"cef9b7c53c9df650ba7c540ff1033436","sha1":"5266c6bc1eb71c0aca0ff3aa74474af927f7234b","sha256":"ff88befffc5033b6a419fb2ce192d25d468a41fdaf0bb90813c0fd523ce940d6"},"dob":{"date":"1984-12-11T19:22:08.093Z","age":39},"registered":{"date":"2020-06-16T09:39:14.449Z","age":4},"phone":"075 617 66 26","cell":"075 719 91 94","id":{"name":"AVS","value":"756.6006.9544.01"},"picture":{"large":"https://randomuser.me/api/portraits/women/23.jpg","medium":"https://randomuser.me/api/portraits/med/women/23.jpg","thumbnail":"https://randomuser.me/api/portraits/thumb/women/23.jpg"},"nat":"CH"}],"info":{"seed":"68d0e52402abb948","results":1,"page":1,"version":"1.4"}} 
 </msg>
<msg time="2024-07-29T08:19:50.852087" level="INFO">/opt/hostedtoolcache/Python/3.12.4/x64/lib/python3.12/site-packages/urllib3/connectionpool.py:1099: InsecureRequestWarning: Unverified HTTPS request is being made to host 'randomuser.me'. Adding certificate verification is strongly advised. See: https://urllib3.readthedocs.io/en/latest/advanced-usage.html#tls-warnings
  warnings.warn(</msg>
<msg time="2024-07-29T08:19:50.852228" level="INFO">${response} = &lt;Response [200]&gt;</msg>
<var>${response}</var>
<arg>consultarAPI</arg>
<arg>/api</arg>
<doc>Sends a GET request on a previously created HTTP Session.</doc>
<status status="PASS" start="2024-07-29T08:19:50.754512" elapsed="0.097752"/>
</kw>
<kw name="Set Variable" owner="BuiltIn">
<msg time="2024-07-29T08:19:50.853408" level="INFO">${json_data} = {'results': [{'gender': 'female', 'name': {'title': 'Madame', 'first': 'Sharon', 'last': 'Marchand'}, 'location': {'street': {'number': 3232, 'name': 'Rue de Gerland'}, 'city': 'Lichtensteig', 'state'...</msg>
<var>${json_data}</var>
<arg>${response.json()}</arg>
<doc>Returns the given values which can then be assigned to a variables.</doc>
<status status="PASS" start="2024-07-29T08:19:50.852860" elapsed="0.000578"/>
</kw>
<kw name="Log" owner="BuiltIn">
<msg time="2024-07-29T08:19:50.853989" level="INFO">{'results': [{'gender': 'female', 'name': {'title': 'Madame', 'first': 'Sharon', 'last': 'Marchand'}, 'location': {'street': {'number': 3232, 'name': 'Rue de Gerland'}, 'city': 'Lichtensteig', 'state': 'Uri', 'country': 'Switzerland', 'postcode': 6681, 'coordinates': {'latitude': '-60.9769', 'longitude': '113.4557'}, 'timezone': {'offset': '+3:30', 'description': 'Tehran'}}, 'email': 'sharon.marchand@example.com', 'login': {'uuid': 'd9e9577d-deb6-442e-b894-71be3fa2a1b9', 'username': 'crazyladybug158', 'password': 'mamas', 'salt': '6RAql5lH', 'md5': 'cef9b7c53c9df650ba7c540ff1033436', 'sha1': '5266c6bc1eb71c0aca0ff3aa74474af927f7234b', 'sha256': 'ff88befffc5033b6a419fb2ce192d25d468a41fdaf0bb90813c0fd523ce940d6'}, 'dob': {'date': '1984-12-11T19:22:08.093Z', 'age': 39}, 'registered': {'date': '2020-06-16T09:39:14.449Z', 'age': 4}, 'phone': '075 617 66 26', 'cell': '075 719 91 94', 'id': {'name': 'AVS', 'value': '756.6006.9544.01'}, 'picture': {'large': 'https://randomuser.me/api/portraits/women/23.jpg', 'medium': 'https://randomuser.me/api/portraits/med/women/23.jpg', 'thumbnail': 'https://randomuser.me/api/portraits/thumb/women/23.jpg'}, 'nat': 'CH'}], 'info': {'seed': '68d0e52402abb948', 'results': 1, 'page': 1, 'version': '1.4'}}</msg>
<arg>${json_data}</arg>
<doc>Logs the given message with the given level.</doc>
<status status="PASS" start="2024-07-29T08:19:50.853811" elapsed="0.000260"/>
</kw>
<kw name="Should Be String" owner="String">
<arg>${json_data['results'][0]['gender']}</arg>
<doc>Fails if the given ``item`` is not a string.</doc>
<status status="PASS" start="2024-07-29T08:19:50.854414" elapsed="0.000419"/>
</kw>
<kw name="Should Match Regexp" owner="BuiltIn">
<arg>${json_data['results'][0]['email']}</arg>
<arg>^[a-zA-Z0-9._%+-]+@[a-zA-Z0-9.-]+\.[a-zA-Z]{2,}$</arg>
<doc>Fails if ``string`` does not match ``pattern`` as a regular expression.</doc>
<status status="PASS" start="2024-07-29T08:19:50.855093" elapsed="0.000563"/>
</kw>
<kw name="Should Match Regexp" owner="BuiltIn">
<arg>${json_data['results'][0]['dob']['date']}</arg>
<arg>\\d{4}-\\d{2}-\\d{2}T\\d{2}:\\d{2}:\\d{2}\\.\\d{3}Z</arg>
<doc>Fails if ``string`` does not match ``pattern`` as a regular expression.</doc>
<status status="PASS" start="2024-07-29T08:19:50.855896" elapsed="0.000669"/>
</kw>
<kw name="Should Match Regexp" owner="BuiltIn">
<arg>${json_data['results'][0]['registered']['date']}</arg>
<arg>\\d{4}-\\d{2}-\\d{2}T\\d{2}:\\d{2}:\\d{2}\\.\\d{3}Z</arg>
<doc>Fails if ``string`` does not match ``pattern`` as a regular expression.</doc>
<status status="PASS" start="2024-07-29T08:19:50.856758" elapsed="0.000369"/>
</kw>
<kw name="Should Match Regexp" owner="BuiltIn">
<arg>${json_data['results'][0]['picture']['large']}</arg>
<arg>^https?://.*\.(?:png|jpe?g|gif|bmp)$</arg>
<doc>Fails if ``string`` does not match ``pattern`` as a regular expression.</doc>
<status status="PASS" start="2024-07-29T08:19:50.857312" elapsed="0.000457"/>
</kw>
<kw name="Should Match Regexp" owner="BuiltIn">
<arg>${json_data['results'][0]['picture']['medium']}</arg>
<arg>^https?://.*\.(?:png|jpe?g|gif|bmp)$</arg>
<doc>Fails if ``string`` does not match ``pattern`` as a regular expression.</doc>
<status status="PASS" start="2024-07-29T08:19:50.857955" elapsed="0.000351"/>
</kw>
<kw name="Should Match Regexp" owner="BuiltIn">
<arg>${json_data['results'][0]['picture']['thumbnail']}</arg>
<arg>^https?://.*\.(?:png|jpe?g|gif|bmp)$</arg>
<doc>Fails if ``string`` does not match ``pattern`` as a regular expression.</doc>
<status status="PASS" start="2024-07-29T08:19:50.858487" elapsed="0.000354"/>
</kw>
<kw name="Log" owner="BuiltIn">
<msg time="2024-07-29T08:19:50.859388" level="INFO">{'large': 'https://randomuser.me/api/portraits/women/23.jpg', 'medium': 'https://randomuser.me/api/portraits/med/women/23.jpg', 'thumbnail': 'https://randomuser.me/api/portraits/thumb/women/23.jpg'}</msg>
<arg>${json_data['results'][0]['picture']}</arg>
<doc>Logs the given message with the given level.</doc>
<status status="PASS" start="2024-07-29T08:19:50.859052" elapsed="0.000382"/>
</kw>
<status status="PASS" start="2024-07-29T08:19:50.754266" elapsed="0.105486"/>
</kw>
<kw name="Teste de Tipos de Dados - Postcode" owner="random-user-service">
<kw name="GET On Session" owner="RequestsLibrary">
<msg time="2024-07-29T08:19:50.950328" level="INFO">GET Request : url=https://randomuser.me/api 
 path_url=/api 
 headers={'User-Agent': 'python-requests/2.32.3', 'Accept-Encoding': 'gzip, deflate', 'Accept': '*/*', 'Connection': 'keep-alive'} 
 body=None 
 </msg>
<msg time="2024-07-29T08:19:50.950442" level="INFO">GET Response : url=https://randomuser.me/api 
 status=200, reason=OK 
 headers={'Date': 'Mon, 29 Jul 2024 08:19:50 GMT', 'Content-Type': 'application/json; charset=utf-8', 'Transfer-Encoding': 'chunked', 'Connection': 'keep-alive', 'X-Powered-By': 'Express', 'Access-Control-Allow-Origin': '*', 'Cache-Control': 'no-cache', 'ETag': 'W/"480-/nFxqIleKO0lM5PJaz309JYgIAk"', 'Vary': 'Accept-Encoding', 'Content-Encoding': 'gzip', 'CF-Cache-Status': 'DYNAMIC', 'Report-To': '{"endpoints":[{"url":"https:\\/\\/a.nel.cloudflare.com\\/report\\/v4?s=gJGDB3KE%2Ba%2FJORidfIPG6XqApIM5yvinblp6xYQnyHrp%2Fc8m2TUKQz6N1S1QfYqqYNDn1CDmZHOvKem0%2BFJrmgG9RNbicT85v0RFvqOhsniv9p2hq%2FAw4K%2B81%2B3naWhe"}],"group":"cf-nel","max_age":604800}', 'NEL': '{"success_fraction":0,"report_to":"cf-nel","max_age":604800}', 'Server': 'cloudflare', 'CF-RAY': '8aabafb2e94e17de-SJC', 'alt-svc': 'h3=":443"; ma=86400'} 
 body={"results":[{"gender":"female","name":{"title":"Mrs","first":"Susie","last":"Webb"},"location":{"street":{"number":7047,"name":"Park Avenue"},"city":"Dublin","state":"Cavan","country":"Ireland","postcode":60225,"coordinates":{"latitude":"2.1253","longitude":"145.8909"},"timezone":{"offset":"+1:00","description":"Brussels, Copenhagen, Madrid, Paris"}},"email":"susie.webb@example.com","login":{"uuid":"ef67b950-83c2-4b1e-91d2-869c6086b846","username":"biglion443","password":"stacie","salt":"oUjTg3hf","md5":"5e57f2cb8d95da5d88a18996f827c68a","sha1":"64d628abb24f0a1f70bd077217d123db1949a8ad","sha256":"f7c7bc84f90510406d5e30c7121c968ae003647a842d26aae58aae86cae6a1d1"},"dob":{"date":"1978-12-10T11:52:35.471Z","age":45},"registered":{"date":"2017-06-19T21:30:20.327Z","age":7},"phone":"011-537-5235","cell":"081-260-5863","id":{"name":"PPS","value":"8715488T"},"picture":{"large":"https://randomuser.me/api/portraits/women/41.jpg","medium":"https://randomuser.me/api/portraits/med/women/41.jpg","thumbnail":"https://randomuser.me/api/portraits/thumb/women/41.jpg"},"nat":"IE"}],"info":{"seed":"f6f7529be3230a3d","results":1,"page":1,"version":"1.4"}} 
 </msg>
<msg time="2024-07-29T08:19:50.950516" level="INFO">/opt/hostedtoolcache/Python/3.12.4/x64/lib/python3.12/site-packages/urllib3/connectionpool.py:1099: InsecureRequestWarning: Unverified HTTPS request is being made to host 'randomuser.me'. Adding certificate verification is strongly advised. See: https://urllib3.readthedocs.io/en/latest/advanced-usage.html#tls-warnings
  warnings.warn(</msg>
<msg time="2024-07-29T08:19:50.950638" level="INFO">${response} = &lt;Response [200]&gt;</msg>
<var>${response}</var>
<arg>consultarAPI</arg>
<arg>/api</arg>
<doc>Sends a GET request on a previously created HTTP Session.</doc>
<status status="PASS" start="2024-07-29T08:19:50.860235" elapsed="0.090429"/>
</kw>
<kw name="Set Variable" owner="BuiltIn">
<msg time="2024-07-29T08:19:50.951786" level="INFO">${json_data} = {'results': [{'gender': 'female', 'name': {'title': 'Mrs', 'first': 'Susie', 'last': 'Webb'}, 'location': {'street': {'number': 7047, 'name': 'Park Avenue'}, 'city': 'Dublin', 'state': 'Cavan', 'count...</msg>
<var>${json_data}</var>
<arg>${response.json()}</arg>
<doc>Returns the given values which can then be assigned to a variables.</doc>
<status status="PASS" start="2024-07-29T08:19:50.951249" elapsed="0.000568"/>
</kw>
<kw name="Log" owner="BuiltIn">
<msg time="2024-07-29T08:19:50.952309" level="INFO">{'results': [{'gender': 'female', 'name': {'title': 'Mrs', 'first': 'Susie', 'last': 'Webb'}, 'location': {'street': {'number': 7047, 'name': 'Park Avenue'}, 'city': 'Dublin', 'state': 'Cavan', 'country': 'Ireland', 'postcode': 60225, 'coordinates': {'latitude': '2.1253', 'longitude': '145.8909'}, 'timezone': {'offset': '+1:00', 'description': 'Brussels, Copenhagen, Madrid, Paris'}}, 'email': 'susie.webb@example.com', 'login': {'uuid': 'ef67b950-83c2-4b1e-91d2-869c6086b846', 'username': 'biglion443', 'password': 'stacie', 'salt': 'oUjTg3hf', 'md5': '5e57f2cb8d95da5d88a18996f827c68a', 'sha1': '64d628abb24f0a1f70bd077217d123db1949a8ad', 'sha256': 'f7c7bc84f90510406d5e30c7121c968ae003647a842d26aae58aae86cae6a1d1'}, 'dob': {'date': '1978-12-10T11:52:35.471Z', 'age': 45}, 'registered': {'date': '2017-06-19T21:30:20.327Z', 'age': 7}, 'phone': '011-537-5235', 'cell': '081-260-5863', 'id': {'name': 'PPS', 'value': '8715488T'}, 'picture': {'large': 'https://randomuser.me/api/portraits/women/41.jpg', 'medium': 'https://randomuser.me/api/portraits/med/women/41.jpg', 'thumbnail': 'https://randomuser.me/api/portraits/thumb/women/41.jpg'}, 'nat': 'IE'}], 'info': {'seed': 'f6f7529be3230a3d', 'results': 1, 'page': 1, 'version': '1.4'}}</msg>
<arg>${json_data}</arg>
<doc>Logs the given message with the given level.</doc>
<status status="PASS" start="2024-07-29T08:19:50.952148" elapsed="0.000209"/>
</kw>
<kw name="Should Be Equal As Numbers" owner="BuiltIn">
<arg>${json_data['results'][0]['location']['postcode']}</arg>
<arg>${json_data['results'][0]['location']['postcode']}</arg>
<doc>Fails if objects are unequal after converting them to real numbers.</doc>
<status status="PASS" start="2024-07-29T08:19:50.952651" elapsed="0.000644"/>
</kw>
<kw name="Log" owner="BuiltIn">
<msg time="2024-07-29T08:19:50.953824" level="INFO">60225</msg>
<arg>${json_data['results'][0]['location']['postcode']}</arg>
<doc>Logs the given message with the given level.</doc>
<status status="PASS" start="2024-07-29T08:19:50.953491" elapsed="0.000373"/>
</kw>
<status status="PASS" start="2024-07-29T08:19:50.859985" elapsed="0.094182"/>
</kw>
<doc>Testa se os tipos de dados na resposta da API estão corretos.</doc>
<tag>testeTiposDados</tag>
<status status="PASS" start="2024-07-29T08:19:50.753757" elapsed="0.200589"/>
</test>
<test id="s1-s1-t5" name="Validar conteudo" line="35">
<kw name="Teste de Tipos de Conteudo" owner="random-user-service">
<kw name="GET On Session" owner="RequestsLibrary">
<msg time="2024-07-29T08:19:51.074361" level="INFO">GET Request : url=https://randomuser.me/api 
 path_url=/api 
 headers={'User-Agent': 'python-requests/2.32.3', 'Accept-Encoding': 'gzip, deflate', 'Accept': '*/*', 'Connection': 'keep-alive'} 
 body=None 
 </msg>
<msg time="2024-07-29T08:19:51.074479" level="INFO">GET Response : url=https://randomuser.me/api 
 status=200, reason=OK 
 headers={'Date': 'Mon, 29 Jul 2024 08:19:51 GMT', 'Content-Type': 'application/json; charset=utf-8', 'Transfer-Encoding': 'chunked', 'Connection': 'keep-alive', 'X-Powered-By': 'Express', 'Access-Control-Allow-Origin': '*', 'Cache-Control': 'no-cache', 'ETag': 'W/"484-s/ivNFzm4ej5Xp7xXfPsYy+MED4"', 'Vary': 'Accept-Encoding', 'Content-Encoding': 'gzip', 'CF-Cache-Status': 'DYNAMIC', 'Report-To': '{"endpoints":[{"url":"https:\\/\\/a.nel.cloudflare.com\\/report\\/v4?s=%2F627dKX3Uf%2BH2FSyjJt1HIZ9B3M%2Fb%2BNan3GrUTol5w4%2BsC9t%2BrfFA0m0jUFAZzm3HR4fvZbswK0ViiGKXoPwJmlU8xOMQn1oAuaXpnlWVwhPCew7DW%2BzDh7b10JngNpM"}],"group":"cf-nel","max_age":604800}', 'NEL': '{"success_fraction":0,"report_to":"cf-nel","max_age":604800}', 'Server': 'cloudflare', 'CF-RAY': '8aabafb37a1f17de-SJC', 'alt-svc': 'h3=":443"; ma=86400'} 
 body={"results":[{"gender":"male","name":{"title":"Mr","first":"Fatih","last":"Özdenak"},"location":{"street":{"number":3509,"name":"Mevlana Cd"},"city":"Yalova","state":"Aksaray","country":"Turkey","postcode":89544,"coordinates":{"latitude":"67.7420","longitude":"-138.9993"},"timezone":{"offset":"+11:00","description":"Magadan, Solomon Islands, New Caledonia"}},"email":"fatih.ozdenak@example.com","login":{"uuid":"6ff5efde-370d-4d01-95d1-a70fe3a98d27","username":"ticklishcat675","password":"fffff","salt":"pCc2Zdhx","md5":"6a74bf7e397c9a0dcbfd56fd42e8b769","sha1":"3ab34d0ce06afef890707509573829c96ad72c8d","sha256":"bc15f62d9fb4861e9ce651d9fd46861afec9689596415c81bf151d9f6bd6677e"},"dob":{"date":"1972-07-20T00:00:26.684Z","age":52},"registered":{"date":"2002-08-14T17:01:09.676Z","age":21},"phone":"(916)-658-1448","cell":"(365)-735-5180","id":{"name":"","value":null},"picture":{"large":"https://randomuser.me/api/portraits/men/98.jpg","medium":"https://randomuser.me/api/portraits/med/men/98.jpg","thumbnail":"https://randomuser.me/api/portraits/thumb/men/98.jpg"},"nat":"TR"}],"info":{"seed":"ffd739c94b768a03","results":1,"page":1,"version":"1.4"}} 
 </msg>
<msg time="2024-07-29T08:19:51.074564" level="INFO">/opt/hostedtoolcache/Python/3.12.4/x64/lib/python3.12/site-packages/urllib3/connectionpool.py:1099: InsecureRequestWarning: Unverified HTTPS request is being made to host 'randomuser.me'. Adding certificate verification is strongly advised. See: https://urllib3.readthedocs.io/en/latest/advanced-usage.html#tls-warnings
  warnings.warn(</msg>
<msg time="2024-07-29T08:19:51.074702" level="INFO">${response} = &lt;Response [200]&gt;</msg>
<var>${response}</var>
<arg>consultarAPI</arg>
<arg>/api</arg>
<doc>Sends a GET request on a previously created HTTP Session.</doc>
<status status="PASS" start="2024-07-29T08:19:50.956946" elapsed="0.117784"/>
</kw>
<kw name="Set Variable" owner="BuiltIn">
<msg time="2024-07-29T08:19:51.075860" level="INFO">${json_data} = {'results': [{'gender': 'male', 'name': {'title': 'Mr', 'first': 'Fatih', 'last': 'Özdenak'}, 'location': {'street': {'number': 3509, 'name': 'Mevlana Cd'}, 'city': 'Yalova', 'state': 'Aksaray', 'coun...</msg>
<var>${json_data}</var>
<arg>${response.json()}</arg>
<doc>Returns the given values which can then be assigned to a variables.</doc>
<status status="PASS" start="2024-07-29T08:19:51.075319" elapsed="0.000572"/>
</kw>
<kw name="Set Variable" owner="BuiltIn">
<msg time="2024-07-29T08:19:51.076596" level="INFO">${name_title} = Mr</msg>
<var>${name_title}</var>
<arg>${json_data["results"][0]["name"]["title"]}</arg>
<doc>Returns the given values which can then be assigned to a variables.</doc>
<status status="PASS" start="2024-07-29T08:19:51.076207" elapsed="0.000415"/>
</kw>
<kw name="Create List" owner="BuiltIn">
<msg time="2024-07-29T08:19:51.077074" level="INFO">${allowed_titles} = ['Mr', 'Ms', 'Miss', 'Mrs', 'Madame', 'Monsieur']</msg>
<var>${allowed_titles}</var>
<arg>Mr</arg>
<arg>Ms</arg>
<arg>Miss</arg>
<arg>Mrs</arg>
<arg>Madame</arg>
<arg>Monsieur</arg>
<doc>Returns a list containing given items.</doc>
<status status="PASS" start="2024-07-29T08:19:51.076921" elapsed="0.000178"/>
</kw>
<kw name="List Should Contain Value" owner="Collections">
<arg>${allowed_titles}</arg>
<arg>${name_title}</arg>
<doc>Fails if the ``value`` is not found from ``list``.</doc>
<status status="PASS" start="2024-07-29T08:19:51.077404" elapsed="0.000183"/>
</kw>
<kw name="Set Variable" owner="BuiltIn">
<msg time="2024-07-29T08:19:51.078143" level="INFO">${name_country} = TR</msg>
<var>${name_country}</var>
<arg>${json_data["results"][0]["nat"]}</arg>
<doc>Returns the given values which can then be assigned to a variables.</doc>
<status status="PASS" start="2024-07-29T08:19:51.077771" elapsed="0.000397"/>
</kw>
<kw name="Create List" owner="BuiltIn">
<msg time="2024-07-29T08:19:51.079106" level="INFO">${list_country} = ['AD', 'AE', 'AF', 'AG', 'AI', 'AL', 'AM', 'AO', 'AQ', 'AR', 'AS', 'AT', 'AU', 'AW', 'AX', 'AZ', 'BA', 'BB', 'BD', 'BE', 'BF', 'BG', 'BH', 'BI', 'BJ', 'BL', 'BM', 'BN', 'BO', 'BQ', 'BR', 'BS', 'BT', '...</msg>
<var>${list_country}</var>
<arg>AD</arg>
<arg>AE</arg>
<arg>AF</arg>
<arg>AG</arg>
<arg>AI</arg>
<arg>AL</arg>
<arg>AM</arg>
<arg>AO</arg>
<arg>AQ</arg>
<arg>AR</arg>
<arg>AS</arg>
<arg>AT</arg>
<arg>AU</arg>
<arg>AW</arg>
<arg>AX</arg>
<arg>AZ</arg>
<arg>BA</arg>
<arg>BB</arg>
<arg>BD</arg>
<arg>BE</arg>
<arg>BF</arg>
<arg>BG</arg>
<arg>BH</arg>
<arg>BI</arg>
<arg>BJ</arg>
<arg>BL</arg>
<arg>BM</arg>
<arg>BN</arg>
<arg>BO</arg>
<arg>BQ</arg>
<arg>BR</arg>
<arg>BS</arg>
<arg>BT</arg>
<arg>BV</arg>
<arg>BW</arg>
<arg>BY</arg>
<arg>BZ</arg>
<arg>CA</arg>
<arg>CC</arg>
<arg>CD</arg>
<arg>CF</arg>
<arg>CG</arg>
<arg>CH</arg>
<arg>CI</arg>
<arg>CK</arg>
<arg>CL</arg>
<arg>CM</arg>
<arg>CN</arg>
<arg>CO</arg>
<arg>CR</arg>
<arg>CU</arg>
<arg>CV</arg>
<arg>CW</arg>
<arg>CX</arg>
<arg>CY</arg>
<arg>CZ</arg>
<arg>DE</arg>
<arg>DJ</arg>
<arg>DK</arg>
<arg>DM</arg>
<arg>DO</arg>
<arg>DZ</arg>
<arg>EC</arg>
<arg>EE</arg>
<arg>EG</arg>
<arg>EH</arg>
<arg>ER</arg>
<arg>ES</arg>
<arg>ET</arg>
<arg>FI</arg>
<arg>FJ</arg>
<arg>FK</arg>
<arg>FM</arg>
<arg>FO</arg>
<arg>FR</arg>
<arg>GA</arg>
<arg>GB</arg>
<arg>GD</arg>
<arg>GE</arg>
<arg>GF</arg>
<arg>GG</arg>
<arg>GH</arg>
<arg>GI</arg>
<arg>GL</arg>
<arg>GM</arg>
<arg>GN</arg>
<arg>GP</arg>
<arg>GQ</arg>
<arg>GR</arg>
<arg>GS</arg>
<arg>GT</arg>
<arg>GU</arg>
<arg>GW</arg>
<arg>GY</arg>
<arg>HK</arg>
<arg>HM</arg>
<arg>HN</arg>
<arg>HR</arg>
<arg>HT</arg>
<arg>HU</arg>
<arg>ID</arg>
<arg>IE</arg>
<arg>IL</arg>
<arg>IM</arg>
<arg>IN</arg>
<arg>IO</arg>
<arg>IQ</arg>
<arg>IR</arg>
<arg>IS</arg>
<arg>IT</arg>
<arg>JE</arg>
<arg>JM</arg>
<arg>JO</arg>
<arg>JP</arg>
<arg>KE</arg>
<arg>KG</arg>
<arg>KH</arg>
<arg>KI</arg>
<arg>KM</arg>
<arg>KN</arg>
<arg>KP</arg>
<arg>KR</arg>
<arg>KW</arg>
<arg>KY</arg>
<arg>KZ</arg>
<arg>LA</arg>
<arg>LB</arg>
<arg>LC</arg>
<arg>LI</arg>
<arg>LK</arg>
<arg>LR</arg>
<arg>LS</arg>
<arg>LT</arg>
<arg>LU</arg>
<arg>LV</arg>
<arg>LY</arg>
<arg>MA</arg>
<arg>MC</arg>
<arg>MD</arg>
<arg>ME</arg>
<arg>MF</arg>
<arg>MG</arg>
<arg>MH</arg>
<arg>MK</arg>
<arg>ML</arg>
<arg>MM</arg>
<arg>MN</arg>
<arg>MO</arg>
<arg>MP</arg>
<arg>MQ</arg>
<arg>MR</arg>
<arg>MS</arg>
<arg>MT</arg>
<arg>MU</arg>
<arg>MV</arg>
<arg>MW</arg>
<arg>MX</arg>
<arg>MY</arg>
<arg>MZ</arg>
<arg>NA</arg>
<arg>NC</arg>
<arg>NE</arg>
<arg>NF</arg>
<arg>NG</arg>
<arg>NI</arg>
<arg>NL</arg>
<arg>NO</arg>
<arg>NP</arg>
<arg>NR</arg>
<arg>NU</arg>
<arg>NZ</arg>
<arg>OM</arg>
<arg>PA</arg>
<arg>PE</arg>
<arg>PF</arg>
<arg>PG</arg>
<arg>PH</arg>
<arg>PK</arg>
<arg>PL</arg>
<arg>PM</arg>
<arg>PN</arg>
<arg>PR</arg>
<arg>PS</arg>
<arg>PT</arg>
<arg>PW</arg>
<arg>PY</arg>
<arg>QA</arg>
<arg>RE</arg>
<arg>RO</arg>
<arg>RS</arg>
<arg>RU</arg>
<arg>RW</arg>
<arg>SA</arg>
<arg>SB</arg>
<arg>SC</arg>
<arg>SD</arg>
<arg>SE</arg>
<arg>SG</arg>
<arg>SH</arg>
<arg>SI</arg>
<arg>SJ</arg>
<arg>SK</arg>
<arg>SL</arg>
<arg>SM</arg>
<arg>SN</arg>
<arg>SO</arg>
<arg>SR</arg>
<arg>SS</arg>
<arg>ST</arg>
<arg>SV</arg>
<arg>SX</arg>
<arg>SY</arg>
<arg>SZ</arg>
<arg>TC</arg>
<arg>TD</arg>
<arg>TF</arg>
<arg>TG</arg>
<arg>TH</arg>
<arg>TJ</arg>
<arg>TK</arg>
<arg>TL</arg>
<arg>TM</arg>
<arg>TN</arg>
<arg>TO</arg>
<arg>TR</arg>
<arg>TT</arg>
<arg>TV</arg>
<arg>TW</arg>
<arg>TZ</arg>
<arg>UA</arg>
<arg>UG</arg>
<arg>UM</arg>
<arg>US</arg>
<arg>UY</arg>
<arg>UZ</arg>
<arg>VA</arg>
<arg>VC</arg>
<arg>VE</arg>
<arg>VG</arg>
<arg>VI</arg>
<arg>VN</arg>
<arg>VU</arg>
<arg>WF</arg>
<arg>WS</arg>
<arg>XK</arg>
<arg>YE</arg>
<arg>YT</arg>
<arg>ZA</arg>
<arg>ZM</arg>
<arg>ZW</arg>
<doc>Returns a list containing given items.</doc>
<status status="PASS" start="2024-07-29T08:19:51.078463" elapsed="0.000671"/>
</kw>
<kw name="List Should Contain Value" owner="Collections">
<arg>${list_country}</arg>
<arg>${name_country}</arg>
<doc>Fails if the ``value`` is not found from ``list``.</doc>
<status status="PASS" start="2024-07-29T08:19:51.080159" elapsed="0.000228"/>
</kw>
<kw name="Run Keyword If" owner="BuiltIn">
<kw name="Should Be True" owner="BuiltIn">
<arg>${True}</arg>
<doc>Fails if the given condition is not true.</doc>
<status status="PASS" start="2024-07-29T08:19:51.081360" elapsed="0.000148"/>
</kw>
<arg>${json_data["results"][0]["location"]["coordinates"]["latitude"]} &gt;= -90 and ${json_data["results"][0]["location"]["coordinates"]["latitude"]} &lt;= 90</arg>
<arg>Should Be True</arg>
<arg>${True}</arg>
<doc>Runs the given keyword with the given arguments, if ``condition`` is true.</doc>
<status status="PASS" start="2024-07-29T08:19:51.080590" elapsed="0.001044"/>
</kw>
<kw name="Run Keyword If" owner="BuiltIn">
<kw name="Should Be True" owner="BuiltIn">
<arg>${True}</arg>
<doc>Fails if the given condition is not true.</doc>
<status status="PASS" start="2024-07-29T08:19:51.082524" elapsed="0.000167"/>
</kw>
<arg>${json_data["results"][0]["location"]["coordinates"]["longitude"]} &gt;= -180 and ${json_data["results"][0]["location"]["coordinates"]["longitude"]} &lt;= 180</arg>
<arg>Should Be True</arg>
<arg>${True}</arg>
<doc>Runs the given keyword with the given arguments, if ``condition`` is true.</doc>
<status status="PASS" start="2024-07-29T08:19:51.081818" elapsed="0.001005"/>
</kw>
<status status="PASS" start="2024-07-29T08:19:50.956703" elapsed="0.126259"/>
</kw>
<doc>Testa o conteúdo específico dos campos retornados pela API.</doc>
<tag>testeConteudo</tag>
<status status="PASS" start="2024-07-29T08:19:50.956218" elapsed="0.126964"/>
</test>
<status status="PASS" start="2024-07-29T08:19:50.100763" elapsed="0.984392"/>
</suite>
<status status="PASS" start="2024-07-29T08:19:50.085434" elapsed="1.004958"/>
</suite>
<statistics>
<total>
<stat pass="5" fail="0" skip="0">All Tests</stat>
</total>
<tag>
<stat pass="1" fail="0" skip="0">testeConteudo</stat>
<stat pass="1" fail="0" skip="0">testeEstruturaResposta</stat>
<stat pass="1" fail="0" skip="0">testeRequisicaoBasica</stat>
<stat pass="1" fail="0" skip="0">testeTiposDados</stat>
</tag>
<suite>
<stat pass="5" fail="0" skip="0" id="s1" name="Tests">Tests</stat>
<stat pass="5" fail="0" skip="0" id="s1-s1" name="Random-User-Test">Tests.Random-User-Test</stat>
</suite>
</statistics>
<errors>
</errors>
</robot>
