<?xml version="1.0" encoding="UTF-8"?>
<robot generator="Robot 7.0 (Python 3.12.3 on linux)" generated="2024-05-27T11:13:28.402022" rpa="false" schemaversion="5">
<suite id="s1" name="Tests" source="/home/runner/work/ApiRandomUser/ApiRandomUser/RamdonUser/tests">
<suite id="s1-s1" name="Random-User-Test" source="/home/runner/work/ApiRandomUser/ApiRandomUser/RamdonUser/tests/random-user-test.robot">
<test id="s1-s1-t1" name="Conectar" line="13">
<kw name="Conectar API" owner="random-user-service">
<kw name="Create Session" owner="RequestsLibrary">
<msg time="2024-05-27T11:13:28.783709" level="INFO">Creating Session using : alias=consultarAPI, url=https://randomuser.me/, headers={},                     cookies={}, auth=None, timeout=None, proxies=None, verify=False,                     debug=0 </msg>
<arg>consultarAPI</arg>
<arg>${URL}</arg>
<doc>Create Session: create a HTTP session to a server</doc>
<status status="PASS" start="2024-05-27T11:13:28.783400" elapsed="0.000575"/>
</kw>
<status status="PASS" start="2024-05-27T11:13:28.781510" elapsed="0.002997"/>
</kw>
<status status="PASS" start="2024-05-27T11:13:28.780985" elapsed="0.003832"/>
</test>
<test id="s1-s1-t2" name="Validar retorno 200 e JSON Válido" line="16">
<kw name="Teste de Requisicao Basica" owner="random-user-service">
<kw name="GET On Session" owner="RequestsLibrary">
<msg time="2024-05-27T11:13:28.964398" level="INFO">GET Request : url=https://randomuser.me/api 
 path_url=/api 
 headers={'User-Agent': 'python-requests/2.32.2', 'Accept-Encoding': 'gzip, deflate', 'Accept': '*/*', 'Connection': 'keep-alive'} 
 body=None 
 </msg>
<msg time="2024-05-27T11:13:28.964517" level="INFO">GET Response : url=https://randomuser.me/api 
 status=200, reason=OK 
 headers={'Date': 'Mon, 27 May 2024 11:13:28 GMT', 'Content-Type': 'application/json; charset=utf-8', 'Transfer-Encoding': 'chunked', 'Connection': 'keep-alive', 'X-Powered-By': 'Express', 'Access-Control-Allow-Origin': '*', 'Cache-Control': 'no-cache', 'ETag': 'W/"466-IjI3EohdO0Th9FWuBkzh3MGFm1A"', 'Vary': 'Accept-Encoding', 'Content-Encoding': 'gzip', 'CF-Cache-Status': 'DYNAMIC', 'Report-To': '{"endpoints":[{"url":"https:\\/\\/a.nel.cloudflare.com\\/report\\/v4?s=rT4bDOb1YcLZVFLIO%2FB76%2Fay%2FFNDc%2FNXLcfRvcnTFa9Gbv6CbC6w8DkQE%2BbzjBTEmYna6sAoZH%2B1b0J0wnEFBIdAdmnMi7S8duo53HNvj9CHITeJYYPE9uVVI7S3W6FR"}],"group":"cf-nel","max_age":604800}', 'NEL': '{"success_fraction":0,"report_to":"cf-nel","max_age":604800}', 'Server': 'cloudflare', 'CF-RAY': '88a5936bdaef38af-IAD', 'alt-svc': 'h3=":443"; ma=86400'} 
 body={"results":[{"gender":"male","name":{"title":"Mr","first":"Koray","last":"Mertoğlu"},"location":{"street":{"number":3887,"name":"Mevlana Cd"},"city":"Kırşehir","state":"Kastamonu","country":"Turkey","postcode":53600,"coordinates":{"latitude":"64.4415","longitude":"-20.9632"},"timezone":{"offset":"+5:45","description":"Kathmandu"}},"email":"koray.mertoglu@example.com","login":{"uuid":"99b6e777-a205-45b2-84be-aae42d914da4","username":"sadwolf683","password":"devo","salt":"QkatvUkG","md5":"d21932cfaf84649a4e5017018a2df6af","sha1":"75f38861c98b7fbfd7589d0fee7149607f7748b5","sha256":"5ffbe93f51c340a9ff85b5ff97ef7334d5fa30d3d85262b237f714bf33243b69"},"dob":{"date":"1982-10-28T22:00:40.053Z","age":41},"registered":{"date":"2020-09-03T10:44:08.170Z","age":3},"phone":"(186)-028-6270","cell":"(837)-758-3379","id":{"name":"","value":null},"picture":{"large":"https://randomuser.me/api/portraits/men/26.jpg","medium":"https://randomuser.me/api/portraits/med/men/26.jpg","thumbnail":"https://randomuser.me/api/portraits/thumb/men/26.jpg"},"nat":"TR"}],"info":{"seed":"68ec4a3d722dcd88","results":1,"page":1,"version":"1.4"}} 
 </msg>
<msg time="2024-05-27T11:13:28.964597" level="INFO">/opt/hostedtoolcache/Python/3.12.3/x64/lib/python3.12/site-packages/urllib3/connectionpool.py:1103: InsecureRequestWarning: Unverified HTTPS request is being made to host 'randomuser.me'. Adding certificate verification is strongly advised. See: https://urllib3.readthedocs.io/en/latest/advanced-usage.html#tls-warnings
  warnings.warn(</msg>
<msg time="2024-05-27T11:13:28.964718" level="INFO">${response} = &lt;Response [200]&gt;</msg>
<var>${response}</var>
<arg>consultarAPI</arg>
<arg>/api</arg>
<doc>Sends a GET request on a previously created HTTP Session.</doc>
<status status="PASS" start="2024-05-27T11:13:28.789036" elapsed="0.175721"/>
</kw>
<kw name="Should Be Equal As Numbers" owner="BuiltIn">
<msg time="2024-05-27T11:13:28.965599" level="INFO">Argument types are:
&lt;class 'int'&gt;
&lt;class 'str'&gt;</msg>
<arg>${response.status_code}</arg>
<arg>200</arg>
<doc>Fails if objects are unequal after converting them to real numbers.</doc>
<status status="PASS" start="2024-05-27T11:13:28.965183" elapsed="0.000480"/>
</kw>
<kw name="Log" owner="BuiltIn">
<msg time="2024-05-27T11:13:28.966376" level="INFO">200</msg>
<arg>${response.status_code}</arg>
<doc>Logs the given message with the given level.</doc>
<status status="PASS" start="2024-05-27T11:13:28.966025" elapsed="0.000400"/>
</kw>
<kw name="Set Variable" owner="BuiltIn">
<msg time="2024-05-27T11:13:28.967177" level="INFO">${json_data} = {'results': [{'gender': 'male', 'name': {'title': 'Mr', 'first': 'Koray', 'last': 'Mertoğlu'}, 'location': {'street': {'number': 3887, 'name': 'Mevlana Cd'}, 'city': 'Kırşehir', 'state': 'Kastamonu', ...</msg>
<var>${json_data}</var>
<arg>${response.json()}</arg>
<doc>Returns the given values which can then be assigned to a variables.</doc>
<status status="PASS" start="2024-05-27T11:13:28.966732" elapsed="0.000474"/>
</kw>
<kw name="Dictionary Should Contain Key" owner="Collections">
<msg time="2024-05-27T11:13:28.967678" level="INFO">False</msg>
<arg>${json_data}</arg>
<arg>results</arg>
<doc>Fails if ``key`` is not found from ``dictionary``.</doc>
<status status="PASS" start="2024-05-27T11:13:28.967508" elapsed="0.000340"/>
</kw>
<status status="PASS" start="2024-05-27T11:13:28.788688" elapsed="0.179418"/>
</kw>
<doc>Testa se a API responde corretamente e retorna um objeto JSON válido.</doc>
<tag>testeRequisicaoBasica</tag>
<status status="PASS" start="2024-05-27T11:13:28.788035" elapsed="0.180245"/>
</test>
<test id="s1-s1-t3" name="Validar estrutura de resposta" line="22">
<kw name="Teste de Estrutura de Resposta" owner="random-user-service">
<kw name="GET On Session" owner="RequestsLibrary">
<msg time="2024-05-27T11:13:29.075408" level="INFO">GET Request : url=https://randomuser.me/api 
 path_url=/api 
 headers={'User-Agent': 'python-requests/2.32.2', 'Accept-Encoding': 'gzip, deflate', 'Accept': '*/*', 'Connection': 'keep-alive'} 
 body=None 
 </msg>
<msg time="2024-05-27T11:13:29.075494" level="INFO">GET Response : url=https://randomuser.me/api 
 status=200, reason=OK 
 headers={'Date': 'Mon, 27 May 2024 11:13:29 GMT', 'Content-Type': 'application/json; charset=utf-8', 'Transfer-Encoding': 'chunked', 'Connection': 'keep-alive', 'X-Powered-By': 'Express', 'Access-Control-Allow-Origin': '*', 'Cache-Control': 'no-cache', 'ETag': 'W/"485-Cck5X5uFSreZDKhFZrEx6fnwGaI"', 'Vary': 'Accept-Encoding', 'Content-Encoding': 'gzip', 'CF-Cache-Status': 'DYNAMIC', 'Report-To': '{"endpoints":[{"url":"https:\\/\\/a.nel.cloudflare.com\\/report\\/v4?s=zae7jWc2vfwzxpajJvxvj2qy6qXrvqAnasdu75okZ4Mo%2BeOk7MSsIvY3Akozb2x88oZIFS4sdYQloWx6PgQFcdPeYNSOYksxfiuYvNk8viO%2BNiZzrVrEEdHHtzbf1U8W"}],"group":"cf-nel","max_age":604800}', 'NEL': '{"success_fraction":0,"report_to":"cf-nel","max_age":604800}', 'Server': 'cloudflare', 'CF-RAY': '88a5936c1b3338af-IAD', 'alt-svc': 'h3=":443"; ma=86400'} 
 body={"results":[{"gender":"male","name":{"title":"Mr","first":"ماهان","last":"رضایی"},"location":{"street":{"number":747,"name":"برادران حسنی"},"city":"قدس","state":"همدان","country":"Iran","postcode":14956,"coordinates":{"latitude":"20.8501","longitude":"-62.5152"},"timezone":{"offset":"+7:00","description":"Bangkok, Hanoi, Jakarta"}},"email":"mhn.rdyy@example.com","login":{"uuid":"b2d12ab0-668b-417e-bcb1-0c1e807cf749","username":"silverbutterfly113","password":"scheisse","salt":"zyHTfD5m","md5":"e8a75d2034a1a1068db9209c8e1c8806","sha1":"ad16af7b99c2f2069b9bbaaa5377de4e3b1e6d90","sha256":"1cba0ac2bf46c835031d278c8d87bd7d07b28d63b05944d0b4cf096afc80c06e"},"dob":{"date":"1990-07-29T16:00:05.680Z","age":33},"registered":{"date":"2003-11-23T15:58:09.430Z","age":20},"phone":"050-47942661","cell":"0939-553-7333","id":{"name":"","value":null},"picture":{"large":"https://randomuser.me/api/portraits/men/89.jpg","medium":"https://randomuser.me/api/portraits/med/men/89.jpg","thumbnail":"https://randomuser.me/api/portraits/thumb/men/89.jpg"},"nat":"IR"}],"info":{"seed":"ae0d6803a4289e58","results":1,"page":1,"version":"1.4"}} 
 </msg>
<msg time="2024-05-27T11:13:29.075617" level="INFO">/opt/hostedtoolcache/Python/3.12.3/x64/lib/python3.12/site-packages/urllib3/connectionpool.py:1103: InsecureRequestWarning: Unverified HTTPS request is being made to host 'randomuser.me'. Adding certificate verification is strongly advised. See: https://urllib3.readthedocs.io/en/latest/advanced-usage.html#tls-warnings
  warnings.warn(</msg>
<msg time="2024-05-27T11:13:29.075740" level="INFO">${response} = &lt;Response [200]&gt;</msg>
<var>${response}</var>
<arg>consultarAPI</arg>
<arg>/api</arg>
<doc>Sends a GET request on a previously created HTTP Session.</doc>
<status status="PASS" start="2024-05-27T11:13:28.970884" elapsed="0.104908"/>
</kw>
<kw name="Set Variable" owner="BuiltIn">
<msg time="2024-05-27T11:13:29.076984" level="INFO">${json_data} = {'results': [{'gender': 'male', 'name': {'title': 'Mr', 'first': 'ماهان', 'last': 'رضایی'}, 'location': {'street': {'number': 747, 'name': 'برادران حسنی'}, 'city': 'قدس', 'state': 'همدان', 'country': ...</msg>
<var>${json_data}</var>
<arg>${response.json()}</arg>
<doc>Returns the given values which can then be assigned to a variables.</doc>
<status status="PASS" start="2024-05-27T11:13:29.076368" elapsed="0.000649"/>
</kw>
<kw name="Log" owner="BuiltIn">
<msg time="2024-05-27T11:13:29.077495" level="INFO">{'results': [{'gender': 'male', 'name': {'title': 'Mr', 'first': 'ماهان', 'last': 'رضایی'}, 'location': {'street': {'number': 747, 'name': 'برادران حسنی'}, 'city': 'قدس', 'state': 'همدان', 'country': 'Iran', 'postcode': 14956, 'coordinates': {'latitude': '20.8501', 'longitude': '-62.5152'}, 'timezone': {'offset': '+7:00', 'description': 'Bangkok, Hanoi, Jakarta'}}, 'email': 'mhn.rdyy@example.com', 'login': {'uuid': 'b2d12ab0-668b-417e-bcb1-0c1e807cf749', 'username': 'silverbutterfly113', 'password': 'scheisse', 'salt': 'zyHTfD5m', 'md5': 'e8a75d2034a1a1068db9209c8e1c8806', 'sha1': 'ad16af7b99c2f2069b9bbaaa5377de4e3b1e6d90', 'sha256': '1cba0ac2bf46c835031d278c8d87bd7d07b28d63b05944d0b4cf096afc80c06e'}, 'dob': {'date': '1990-07-29T16:00:05.680Z', 'age': 33}, 'registered': {'date': '2003-11-23T15:58:09.430Z', 'age': 20}, 'phone': '050-47942661', 'cell': '0939-553-7333', 'id': {'name': '', 'value': None}, 'picture': {'large': 'https://randomuser.me/api/portraits/men/89.jpg', 'medium': 'https://randomuser.me/api/portraits/med/men/89.jpg', 'thumbnail': 'https://randomuser.me/api/portraits/thumb/men/89.jpg'}, 'nat': 'IR'}], 'info': {'seed': 'ae0d6803a4289e58', 'results': 1, 'page': 1, 'version': '1.4'}}</msg>
<arg>${json_data}</arg>
<doc>Logs the given message with the given level.</doc>
<status status="PASS" start="2024-05-27T11:13:29.077332" elapsed="0.000216"/>
</kw>
<kw name="Dictionary Should Contain Key" owner="Collections">
<msg time="2024-05-27T11:13:29.078033" level="INFO">False</msg>
<arg>${json_data}</arg>
<arg>results</arg>
<doc>Fails if ``key`` is not found from ``dictionary``.</doc>
<status status="PASS" start="2024-05-27T11:13:29.077850" elapsed="0.000231"/>
</kw>
<kw name="Should Not Be Empty" owner="BuiltIn">
<msg time="2024-05-27T11:13:29.078520" level="INFO">Length is 2.</msg>
<arg>${json_data}</arg>
<doc>Verifies that the given item is not empty.</doc>
<status status="PASS" start="2024-05-27T11:13:29.078381" elapsed="0.000178"/>
</kw>
<kw name="Create List" owner="BuiltIn">
<msg time="2024-05-27T11:13:29.078997" level="INFO">${expected_keys} = ['gender', 'name', 'location', 'email', 'login']</msg>
<var>${expected_keys}</var>
<arg>gender</arg>
<arg>name</arg>
<arg>location</arg>
<arg>email</arg>
<arg>login</arg>
<doc>Returns a list containing given items.</doc>
<status status="PASS" start="2024-05-27T11:13:29.078851" elapsed="0.000170"/>
</kw>
<for flavor="IN">
<iter>
<kw name="Dictionary Should Contain Key" owner="Collections">
<msg time="2024-05-27T11:13:29.080004" level="INFO">False</msg>
<arg>${json_data['results'][0]}</arg>
<arg>${key}</arg>
<doc>Fails if ``key`` is not found from ``dictionary``.</doc>
<status status="PASS" start="2024-05-27T11:13:29.079592" elapsed="0.000451"/>
</kw>
<kw name="Log" owner="BuiltIn">
<msg time="2024-05-27T11:13:29.080714" level="INFO">{'gender': 'male', 'name': {'title': 'Mr', 'first': 'ماهان', 'last': 'رضایی'}, 'location': {'street': {'number': 747, 'name': 'برادران حسنی'}, 'city': 'قدس', 'state': 'همدان', 'country': 'Iran', 'postcode': 14956, 'coordinates': {'latitude': '20.8501', 'longitude': '-62.5152'}, 'timezone': {'offset': '+7:00', 'description': 'Bangkok, Hanoi, Jakarta'}}, 'email': 'mhn.rdyy@example.com', 'login': {'uuid': 'b2d12ab0-668b-417e-bcb1-0c1e807cf749', 'username': 'silverbutterfly113', 'password': 'scheisse', 'salt': 'zyHTfD5m', 'md5': 'e8a75d2034a1a1068db9209c8e1c8806', 'sha1': 'ad16af7b99c2f2069b9bbaaa5377de4e3b1e6d90', 'sha256': '1cba0ac2bf46c835031d278c8d87bd7d07b28d63b05944d0b4cf096afc80c06e'}, 'dob': {'date': '1990-07-29T16:00:05.680Z', 'age': 33}, 'registered': {'date': '2003-11-23T15:58:09.430Z', 'age': 20}, 'phone': '050-47942661', 'cell': '0939-553-7333', 'id': {'name': '', 'value': None}, 'picture': {'large': 'https://randomuser.me/api/portraits/men/89.jpg', 'medium': 'https://randomuser.me/api/portraits/med/men/89.jpg', 'thumbnail': 'https://randomuser.me/api/portraits/thumb/men/89.jpg'}, 'nat': 'IR'}</msg>
<arg>${json_data['results'][0]}</arg>
<doc>Logs the given message with the given level.</doc>
<status status="PASS" start="2024-05-27T11:13:29.080341" elapsed="0.000425"/>
</kw>
<kw name="Log" owner="BuiltIn">
<msg time="2024-05-27T11:13:29.081198" level="INFO">gender</msg>
<arg>${key}</arg>
<doc>Logs the given message with the given level.</doc>
<status status="PASS" start="2024-05-27T11:13:29.081068" elapsed="0.000167"/>
</kw>
<var name="${key}">gender</var>
<status status="PASS" start="2024-05-27T11:13:29.079467" elapsed="0.001980"/>
</iter>
<iter>
<kw name="Dictionary Should Contain Key" owner="Collections">
<msg time="2024-05-27T11:13:29.082184" level="INFO">False</msg>
<arg>${json_data['results'][0]}</arg>
<arg>${key}</arg>
<doc>Fails if ``key`` is not found from ``dictionary``.</doc>
<status status="PASS" start="2024-05-27T11:13:29.081753" elapsed="0.000469"/>
</kw>
<kw name="Log" owner="BuiltIn">
<msg time="2024-05-27T11:13:29.082916" level="INFO">{'gender': 'male', 'name': {'title': 'Mr', 'first': 'ماهان', 'last': 'رضایی'}, 'location': {'street': {'number': 747, 'name': 'برادران حسنی'}, 'city': 'قدس', 'state': 'همدان', 'country': 'Iran', 'postcode': 14956, 'coordinates': {'latitude': '20.8501', 'longitude': '-62.5152'}, 'timezone': {'offset': '+7:00', 'description': 'Bangkok, Hanoi, Jakarta'}}, 'email': 'mhn.rdyy@example.com', 'login': {'uuid': 'b2d12ab0-668b-417e-bcb1-0c1e807cf749', 'username': 'silverbutterfly113', 'password': 'scheisse', 'salt': 'zyHTfD5m', 'md5': 'e8a75d2034a1a1068db9209c8e1c8806', 'sha1': 'ad16af7b99c2f2069b9bbaaa5377de4e3b1e6d90', 'sha256': '1cba0ac2bf46c835031d278c8d87bd7d07b28d63b05944d0b4cf096afc80c06e'}, 'dob': {'date': '1990-07-29T16:00:05.680Z', 'age': 33}, 'registered': {'date': '2003-11-23T15:58:09.430Z', 'age': 20}, 'phone': '050-47942661', 'cell': '0939-553-7333', 'id': {'name': '', 'value': None}, 'picture': {'large': 'https://randomuser.me/api/portraits/men/89.jpg', 'medium': 'https://randomuser.me/api/portraits/med/men/89.jpg', 'thumbnail': 'https://randomuser.me/api/portraits/thumb/men/89.jpg'}, 'nat': 'IR'}</msg>
<arg>${json_data['results'][0]}</arg>
<doc>Logs the given message with the given level.</doc>
<status status="PASS" start="2024-05-27T11:13:29.082551" elapsed="0.000416"/>
</kw>
<kw name="Log" owner="BuiltIn">
<msg time="2024-05-27T11:13:29.083389" level="INFO">name</msg>
<arg>${key}</arg>
<doc>Logs the given message with the given level.</doc>
<status status="PASS" start="2024-05-27T11:13:29.083264" elapsed="0.000161"/>
</kw>
<var name="${key}">name</var>
<status status="PASS" start="2024-05-27T11:13:29.081635" elapsed="0.002008"/>
</iter>
<iter>
<kw name="Dictionary Should Contain Key" owner="Collections">
<msg time="2024-05-27T11:13:29.084306" level="INFO">False</msg>
<arg>${json_data['results'][0]}</arg>
<arg>${key}</arg>
<doc>Fails if ``key`` is not found from ``dictionary``.</doc>
<status status="PASS" start="2024-05-27T11:13:29.083931" elapsed="0.000412"/>
</kw>
<kw name="Log" owner="BuiltIn">
<msg time="2024-05-27T11:13:29.085005" level="INFO">{'gender': 'male', 'name': {'title': 'Mr', 'first': 'ماهان', 'last': 'رضایی'}, 'location': {'street': {'number': 747, 'name': 'برادران حسنی'}, 'city': 'قدس', 'state': 'همدان', 'country': 'Iran', 'postcode': 14956, 'coordinates': {'latitude': '20.8501', 'longitude': '-62.5152'}, 'timezone': {'offset': '+7:00', 'description': 'Bangkok, Hanoi, Jakarta'}}, 'email': 'mhn.rdyy@example.com', 'login': {'uuid': 'b2d12ab0-668b-417e-bcb1-0c1e807cf749', 'username': 'silverbutterfly113', 'password': 'scheisse', 'salt': 'zyHTfD5m', 'md5': 'e8a75d2034a1a1068db9209c8e1c8806', 'sha1': 'ad16af7b99c2f2069b9bbaaa5377de4e3b1e6d90', 'sha256': '1cba0ac2bf46c835031d278c8d87bd7d07b28d63b05944d0b4cf096afc80c06e'}, 'dob': {'date': '1990-07-29T16:00:05.680Z', 'age': 33}, 'registered': {'date': '2003-11-23T15:58:09.430Z', 'age': 20}, 'phone': '050-47942661', 'cell': '0939-553-7333', 'id': {'name': '', 'value': None}, 'picture': {'large': 'https://randomuser.me/api/portraits/men/89.jpg', 'medium': 'https://randomuser.me/api/portraits/med/men/89.jpg', 'thumbnail': 'https://randomuser.me/api/portraits/thumb/men/89.jpg'}, 'nat': 'IR'}</msg>
<arg>${json_data['results'][0]}</arg>
<doc>Logs the given message with the given level.</doc>
<status status="PASS" start="2024-05-27T11:13:29.084639" elapsed="0.000416"/>
</kw>
<kw name="Log" owner="BuiltIn">
<msg time="2024-05-27T11:13:29.085476" level="INFO">location</msg>
<arg>${key}</arg>
<doc>Logs the given message with the given level.</doc>
<status status="PASS" start="2024-05-27T11:13:29.085350" elapsed="0.000163"/>
</kw>
<var name="${key}">location</var>
<status status="PASS" start="2024-05-27T11:13:29.083821" elapsed="0.001906"/>
</iter>
<iter>
<kw name="Dictionary Should Contain Key" owner="Collections">
<msg time="2024-05-27T11:13:29.086522" level="INFO">False</msg>
<arg>${json_data['results'][0]}</arg>
<arg>${key}</arg>
<doc>Fails if ``key`` is not found from ``dictionary``.</doc>
<status status="PASS" start="2024-05-27T11:13:29.086032" elapsed="0.000527"/>
</kw>
<kw name="Log" owner="BuiltIn">
<msg time="2024-05-27T11:13:29.087217" level="INFO">{'gender': 'male', 'name': {'title': 'Mr', 'first': 'ماهان', 'last': 'رضایی'}, 'location': {'street': {'number': 747, 'name': 'برادران حسنی'}, 'city': 'قدس', 'state': 'همدان', 'country': 'Iran', 'postcode': 14956, 'coordinates': {'latitude': '20.8501', 'longitude': '-62.5152'}, 'timezone': {'offset': '+7:00', 'description': 'Bangkok, Hanoi, Jakarta'}}, 'email': 'mhn.rdyy@example.com', 'login': {'uuid': 'b2d12ab0-668b-417e-bcb1-0c1e807cf749', 'username': 'silverbutterfly113', 'password': 'scheisse', 'salt': 'zyHTfD5m', 'md5': 'e8a75d2034a1a1068db9209c8e1c8806', 'sha1': 'ad16af7b99c2f2069b9bbaaa5377de4e3b1e6d90', 'sha256': '1cba0ac2bf46c835031d278c8d87bd7d07b28d63b05944d0b4cf096afc80c06e'}, 'dob': {'date': '1990-07-29T16:00:05.680Z', 'age': 33}, 'registered': {'date': '2003-11-23T15:58:09.430Z', 'age': 20}, 'phone': '050-47942661', 'cell': '0939-553-7333', 'id': {'name': '', 'value': None}, 'picture': {'large': 'https://randomuser.me/api/portraits/men/89.jpg', 'medium': 'https://randomuser.me/api/portraits/med/men/89.jpg', 'thumbnail': 'https://randomuser.me/api/portraits/thumb/men/89.jpg'}, 'nat': 'IR'}</msg>
<arg>${json_data['results'][0]}</arg>
<doc>Logs the given message with the given level.</doc>
<status status="PASS" start="2024-05-27T11:13:29.086857" elapsed="0.000419"/>
</kw>
<kw name="Log" owner="BuiltIn">
<msg time="2024-05-27T11:13:29.087700" level="INFO">email</msg>
<arg>${key}</arg>
<doc>Logs the given message with the given level.</doc>
<status status="PASS" start="2024-05-27T11:13:29.087573" elapsed="0.000163"/>
</kw>
<var name="${key}">email</var>
<status status="PASS" start="2024-05-27T11:13:29.085898" elapsed="0.002049"/>
</iter>
<iter>
<kw name="Dictionary Should Contain Key" owner="Collections">
<msg time="2024-05-27T11:13:29.088600" level="INFO">False</msg>
<arg>${json_data['results'][0]}</arg>
<arg>${key}</arg>
<doc>Fails if ``key`` is not found from ``dictionary``.</doc>
<status status="PASS" start="2024-05-27T11:13:29.088229" elapsed="0.000406"/>
</kw>
<kw name="Log" owner="BuiltIn">
<msg time="2024-05-27T11:13:29.089284" level="INFO">{'gender': 'male', 'name': {'title': 'Mr', 'first': 'ماهان', 'last': 'رضایی'}, 'location': {'street': {'number': 747, 'name': 'برادران حسنی'}, 'city': 'قدس', 'state': 'همدان', 'country': 'Iran', 'postcode': 14956, 'coordinates': {'latitude': '20.8501', 'longitude': '-62.5152'}, 'timezone': {'offset': '+7:00', 'description': 'Bangkok, Hanoi, Jakarta'}}, 'email': 'mhn.rdyy@example.com', 'login': {'uuid': 'b2d12ab0-668b-417e-bcb1-0c1e807cf749', 'username': 'silverbutterfly113', 'password': 'scheisse', 'salt': 'zyHTfD5m', 'md5': 'e8a75d2034a1a1068db9209c8e1c8806', 'sha1': 'ad16af7b99c2f2069b9bbaaa5377de4e3b1e6d90', 'sha256': '1cba0ac2bf46c835031d278c8d87bd7d07b28d63b05944d0b4cf096afc80c06e'}, 'dob': {'date': '1990-07-29T16:00:05.680Z', 'age': 33}, 'registered': {'date': '2003-11-23T15:58:09.430Z', 'age': 20}, 'phone': '050-47942661', 'cell': '0939-553-7333', 'id': {'name': '', 'value': None}, 'picture': {'large': 'https://randomuser.me/api/portraits/men/89.jpg', 'medium': 'https://randomuser.me/api/portraits/med/men/89.jpg', 'thumbnail': 'https://randomuser.me/api/portraits/thumb/men/89.jpg'}, 'nat': 'IR'}</msg>
<arg>${json_data['results'][0]}</arg>
<doc>Logs the given message with the given level.</doc>
<status status="PASS" start="2024-05-27T11:13:29.088923" elapsed="0.000409"/>
</kw>
<kw name="Log" owner="BuiltIn">
<msg time="2024-05-27T11:13:29.089748" level="INFO">login</msg>
<arg>${key}</arg>
<doc>Logs the given message with the given level.</doc>
<status status="PASS" start="2024-05-27T11:13:29.089623" elapsed="0.000161"/>
</kw>
<var name="${key}">login</var>
<status status="PASS" start="2024-05-27T11:13:29.088118" elapsed="0.001904"/>
</iter>
<var>${key}</var>
<value>@{expected_keys}</value>
<status status="PASS" start="2024-05-27T11:13:29.079282" elapsed="0.010902"/>
</for>
<kw name="Create List" owner="BuiltIn">
<msg time="2024-05-27T11:13:29.090520" level="INFO">${expected_keysTwo} = ['username', 'password']</msg>
<var>${expected_keysTwo}</var>
<arg>username</arg>
<arg>password</arg>
<doc>Returns a list containing given items.</doc>
<status status="PASS" start="2024-05-27T11:13:29.090384" elapsed="0.000159"/>
</kw>
<for flavor="IN">
<iter>
<kw name="Dictionary Should Contain Key" owner="Collections">
<msg time="2024-05-27T11:13:29.091410" level="INFO">False</msg>
<arg>${json_data['results'][0]['login']}</arg>
<arg>${keyTwo}</arg>
<doc>Fails if ``key`` is not found from ``dictionary``.</doc>
<status status="PASS" start="2024-05-27T11:13:29.091034" elapsed="0.000411"/>
</kw>
<kw name="Dictionary Should Contain Key" owner="Collections">
<msg time="2024-05-27T11:13:29.092112" level="INFO">False</msg>
<arg>${json_data['results'][0]['login']}</arg>
<arg>${keyTwo}</arg>
<doc>Fails if ``key`` is not found from ``dictionary``.</doc>
<status status="PASS" start="2024-05-27T11:13:29.091734" elapsed="0.000414"/>
</kw>
<kw name="Log" owner="BuiltIn">
<msg time="2024-05-27T11:13:29.092562" level="INFO">username</msg>
<arg>${keyTwo}</arg>
<doc>Logs the given message with the given level.</doc>
<status status="PASS" start="2024-05-27T11:13:29.092437" elapsed="0.000161"/>
</kw>
<var name="${keyTwo}">username</var>
<status status="PASS" start="2024-05-27T11:13:29.090927" elapsed="0.001881"/>
</iter>
<iter>
<kw name="Dictionary Should Contain Key" owner="Collections">
<msg time="2024-05-27T11:13:29.093462" level="INFO">False</msg>
<arg>${json_data['results'][0]['login']}</arg>
<arg>${keyTwo}</arg>
<doc>Fails if ``key`` is not found from ``dictionary``.</doc>
<status status="PASS" start="2024-05-27T11:13:29.093085" elapsed="0.000413"/>
</kw>
<kw name="Dictionary Should Contain Key" owner="Collections">
<msg time="2024-05-27T11:13:29.094191" level="INFO">False</msg>
<arg>${json_data['results'][0]['login']}</arg>
<arg>${keyTwo}</arg>
<doc>Fails if ``key`` is not found from ``dictionary``.</doc>
<status status="PASS" start="2024-05-27T11:13:29.093785" elapsed="0.000444"/>
</kw>
<kw name="Log" owner="BuiltIn">
<msg time="2024-05-27T11:13:29.094644" level="INFO">password</msg>
<arg>${keyTwo}</arg>
<doc>Logs the given message with the given level.</doc>
<status status="PASS" start="2024-05-27T11:13:29.094519" elapsed="0.000162"/>
</kw>
<var name="${keyTwo}">password</var>
<status status="PASS" start="2024-05-27T11:13:29.092977" elapsed="0.001917"/>
</iter>
<var>${keyTwo}</var>
<value>@{expected_keysTwo}</value>
<status status="PASS" start="2024-05-27T11:13:29.090778" elapsed="0.004235"/>
</for>
<status status="PASS" start="2024-05-27T11:13:28.970641" elapsed="0.124509"/>
</kw>
<doc>Testa a estrutura da resposta da API.</doc>
<tag>testeEstruturaResposta</tag>
<status status="PASS" start="2024-05-27T11:13:28.970091" elapsed="0.125205"/>
</test>
<test id="s1-s1-t4" name="Validar tipos de dados" line="28">
<kw name="Teste de Tipos de Dados" owner="random-user-service">
<kw name="GET On Session" owner="RequestsLibrary">
<msg time="2024-05-27T11:13:29.172568" level="INFO">GET Request : url=https://randomuser.me/api 
 path_url=/api 
 headers={'User-Agent': 'python-requests/2.32.2', 'Accept-Encoding': 'gzip, deflate', 'Accept': '*/*', 'Connection': 'keep-alive'} 
 body=None 
 </msg>
<msg time="2024-05-27T11:13:29.172650" level="INFO">GET Response : url=https://randomuser.me/api 
 status=200, reason=OK 
 headers={'Date': 'Mon, 27 May 2024 11:13:29 GMT', 'Content-Type': 'application/json; charset=utf-8', 'Transfer-Encoding': 'chunked', 'Connection': 'keep-alive', 'X-Powered-By': 'Express', 'Access-Control-Allow-Origin': '*', 'Cache-Control': 'no-cache', 'ETag': 'W/"499-1Hu3aF1njY1EvBC+l82ESPvQz1E"', 'Vary': 'Accept-Encoding', 'Content-Encoding': 'gzip', 'CF-Cache-Status': 'DYNAMIC', 'Report-To': '{"endpoints":[{"url":"https:\\/\\/a.nel.cloudflare.com\\/report\\/v4?s=fz%2F%2FODIhBGdD6N%2BTZd8HYFKafrxQ3%2FbMqRvi5mBvzqUYFRNil%2BBe%2BDGO3mOjh9VlSGD0s1z8EN9jV6APDhLDSIHktE2COHWmwnd595NgeF%2FlFJdxWRQ8oIUgCUEdnclX"}],"group":"cf-nel","max_age":604800}', 'NEL': '{"success_fraction":0,"report_to":"cf-nel","max_age":604800}', 'Server': 'cloudflare', 'CF-RAY': '88a5936cebdc38af-IAD', 'alt-svc': 'h3=":443"; ma=86400'} 
 body={"results":[{"gender":"male","name":{"title":"Mr","first":"Primitivo","last":"Cardoso"},"location":{"street":{"number":5916,"name":"Avenida da Democracia"},"city":"Parauapebas","state":"Santa Catarina","country":"Brazil","postcode":18681,"coordinates":{"latitude":"-80.3381","longitude":"-47.9490"},"timezone":{"offset":"+5:45","description":"Kathmandu"}},"email":"primitivo.cardoso@example.com","login":{"uuid":"c2b909d1-1186-4019-9309-0dfd7178d03c","username":"beautifulmeercat133","password":"clevelan","salt":"fdHxaeJL","md5":"fc4bc1215256d076cd00551c3f08c230","sha1":"9e3a3433883a22581bb32f7e6ef6b2003fa0a879","sha256":"ecda805032a1a4b6704fd6de8c82a57ec5f800026fd1d5f1fedaaeed531bbc67"},"dob":{"date":"1991-05-10T09:47:32.092Z","age":33},"registered":{"date":"2021-07-09T17:38:20.683Z","age":2},"phone":"(40) 4580-2701","cell":"(95) 3044-2862","id":{"name":"CPF","value":"759.038.808-55"},"picture":{"large":"https://randomuser.me/api/portraits/men/83.jpg","medium":"https://randomuser.me/api/portraits/med/men/83.jpg","thumbnail":"https://randomuser.me/api/portraits/thumb/men/83.jpg"},"nat":"BR"}],"info":{"seed":"2801b9f4e224237c","results":1,"page":1,"version":"1.4"}} 
 </msg>
<msg time="2024-05-27T11:13:29.172723" level="INFO">/opt/hostedtoolcache/Python/3.12.3/x64/lib/python3.12/site-packages/urllib3/connectionpool.py:1103: InsecureRequestWarning: Unverified HTTPS request is being made to host 'randomuser.me'. Adding certificate verification is strongly advised. See: https://urllib3.readthedocs.io/en/latest/advanced-usage.html#tls-warnings
  warnings.warn(</msg>
<msg time="2024-05-27T11:13:29.172835" level="INFO">${response} = &lt;Response [200]&gt;</msg>
<var>${response}</var>
<arg>consultarAPI</arg>
<arg>/api</arg>
<doc>Sends a GET request on a previously created HTTP Session.</doc>
<status status="PASS" start="2024-05-27T11:13:29.097789" elapsed="0.075100"/>
</kw>
<kw name="Set Variable" owner="BuiltIn">
<msg time="2024-05-27T11:13:29.174089" level="INFO">${json_data} = {'results': [{'gender': 'male', 'name': {'title': 'Mr', 'first': 'Primitivo', 'last': 'Cardoso'}, 'location': {'street': {'number': 5916, 'name': 'Avenida da Democracia'}, 'city': 'Parauapebas', 'stat...</msg>
<var>${json_data}</var>
<arg>${response.json()}</arg>
<doc>Returns the given values which can then be assigned to a variables.</doc>
<status status="PASS" start="2024-05-27T11:13:29.173469" elapsed="0.000649"/>
</kw>
<kw name="Log" owner="BuiltIn">
<msg time="2024-05-27T11:13:29.174583" level="INFO">{'results': [{'gender': 'male', 'name': {'title': 'Mr', 'first': 'Primitivo', 'last': 'Cardoso'}, 'location': {'street': {'number': 5916, 'name': 'Avenida da Democracia'}, 'city': 'Parauapebas', 'state': 'Santa Catarina', 'country': 'Brazil', 'postcode': 18681, 'coordinates': {'latitude': '-80.3381', 'longitude': '-47.9490'}, 'timezone': {'offset': '+5:45', 'description': 'Kathmandu'}}, 'email': 'primitivo.cardoso@example.com', 'login': {'uuid': 'c2b909d1-1186-4019-9309-0dfd7178d03c', 'username': 'beautifulmeercat133', 'password': 'clevelan', 'salt': 'fdHxaeJL', 'md5': 'fc4bc1215256d076cd00551c3f08c230', 'sha1': '9e3a3433883a22581bb32f7e6ef6b2003fa0a879', 'sha256': 'ecda805032a1a4b6704fd6de8c82a57ec5f800026fd1d5f1fedaaeed531bbc67'}, 'dob': {'date': '1991-05-10T09:47:32.092Z', 'age': 33}, 'registered': {'date': '2021-07-09T17:38:20.683Z', 'age': 2}, 'phone': '(40) 4580-2701', 'cell': '(95) 3044-2862', 'id': {'name': 'CPF', 'value': '759.038.808-55'}, 'picture': {'large': 'https://randomuser.me/api/portraits/men/83.jpg', 'medium': 'https://randomuser.me/api/portraits/med/men/83.jpg', 'thumbnail': 'https://randomuser.me/api/portraits/thumb/men/83.jpg'}, 'nat': 'BR'}], 'info': {'seed': '2801b9f4e224237c', 'results': 1, 'page': 1, 'version': '1.4'}}</msg>
<arg>${json_data}</arg>
<doc>Logs the given message with the given level.</doc>
<status status="PASS" start="2024-05-27T11:13:29.174428" elapsed="0.000241"/>
</kw>
<kw name="Should Be String" owner="String">
<arg>${json_data['results'][0]['gender']}</arg>
<doc>Fails if the given ``item`` is not a string.</doc>
<status status="PASS" start="2024-05-27T11:13:29.174968" elapsed="0.000358"/>
</kw>
<kw name="Should Match Regexp" owner="BuiltIn">
<arg>${json_data['results'][0]['email']}</arg>
<arg>^[a-zA-Z0-9._%+-]+@[a-zA-Z0-9.-]+\.[a-zA-Z]{2,}$</arg>
<doc>Fails if ``string`` does not match ``pattern`` as a regular expression.</doc>
<status status="PASS" start="2024-05-27T11:13:29.175515" elapsed="0.000614"/>
</kw>
<kw name="Should Match Regexp" owner="BuiltIn">
<arg>${json_data['results'][0]['dob']['date']}</arg>
<arg>\\d{4}-\\d{2}-\\d{2}T\\d{2}:\\d{2}:\\d{2}\\.\\d{3}Z</arg>
<doc>Fails if ``string`` does not match ``pattern`` as a regular expression.</doc>
<status status="PASS" start="2024-05-27T11:13:29.176324" elapsed="0.000487"/>
</kw>
<kw name="Should Match Regexp" owner="BuiltIn">
<arg>${json_data['results'][0]['registered']['date']}</arg>
<arg>\\d{4}-\\d{2}-\\d{2}T\\d{2}:\\d{2}:\\d{2}\\.\\d{3}Z</arg>
<doc>Fails if ``string`` does not match ``pattern`` as a regular expression.</doc>
<status status="PASS" start="2024-05-27T11:13:29.177002" elapsed="0.000361"/>
</kw>
<kw name="Should Match Regexp" owner="BuiltIn">
<arg>${json_data['results'][0]['picture']['large']}</arg>
<arg>^https?://.*\.(?:png|jpe?g|gif|bmp)$</arg>
<doc>Fails if ``string`` does not match ``pattern`` as a regular expression.</doc>
<status status="PASS" start="2024-05-27T11:13:29.177548" elapsed="0.000487"/>
</kw>
<kw name="Should Match Regexp" owner="BuiltIn">
<arg>${json_data['results'][0]['picture']['medium']}</arg>
<arg>^https?://.*\.(?:png|jpe?g|gif|bmp)$</arg>
<doc>Fails if ``string`` does not match ``pattern`` as a regular expression.</doc>
<status status="PASS" start="2024-05-27T11:13:29.178234" elapsed="0.000352"/>
</kw>
<kw name="Should Match Regexp" owner="BuiltIn">
<arg>${json_data['results'][0]['picture']['thumbnail']}</arg>
<arg>^https?://.*\.(?:png|jpe?g|gif|bmp)$</arg>
<doc>Fails if ``string`` does not match ``pattern`` as a regular expression.</doc>
<status status="PASS" start="2024-05-27T11:13:29.178773" elapsed="0.000345"/>
</kw>
<kw name="Log" owner="BuiltIn">
<msg time="2024-05-27T11:13:29.179618" level="INFO">{'large': 'https://randomuser.me/api/portraits/men/83.jpg', 'medium': 'https://randomuser.me/api/portraits/med/men/83.jpg', 'thumbnail': 'https://randomuser.me/api/portraits/thumb/men/83.jpg'}</msg>
<arg>${json_data['results'][0]['picture']}</arg>
<doc>Logs the given message with the given level.</doc>
<status status="PASS" start="2024-05-27T11:13:29.179299" elapsed="0.000359"/>
</kw>
<status status="PASS" start="2024-05-27T11:13:29.097561" elapsed="0.082345"/>
</kw>
<kw name="Teste de Tipos de Dados - Postcode" owner="random-user-service">
<kw name="GET On Session" owner="RequestsLibrary">
<msg time="2024-05-27T11:13:29.266446" level="INFO">GET Request : url=https://randomuser.me/api 
 path_url=/api 
 headers={'User-Agent': 'python-requests/2.32.2', 'Accept-Encoding': 'gzip, deflate', 'Accept': '*/*', 'Connection': 'keep-alive'} 
 body=None 
 </msg>
<msg time="2024-05-27T11:13:29.266522" level="INFO">GET Response : url=https://randomuser.me/api 
 status=200, reason=OK 
 headers={'Date': 'Mon, 27 May 2024 11:13:29 GMT', 'Content-Type': 'application/json; charset=utf-8', 'Transfer-Encoding': 'chunked', 'Connection': 'keep-alive', 'X-Powered-By': 'Express', 'Access-Control-Allow-Origin': '*', 'Cache-Control': 'no-cache', 'ETag': 'W/"495-t+EKia49YOU2M666rNtKFo4cI9M"', 'Vary': 'Accept-Encoding', 'Content-Encoding': 'gzip', 'CF-Cache-Status': 'DYNAMIC', 'Report-To': '{"endpoints":[{"url":"https:\\/\\/a.nel.cloudflare.com\\/report\\/v4?s=rWYNV2MboxzNNoXEq%2BEwoMCqNflToOXAKs%2F%2FBcF3mW88zqLHPkaWTqxSi9VbHPtNl1sX1ufGVvzJhx3bt%2FxPoXnVIRneMv02t2FCjGWnhISxHbz8LxCzpGHSr2%2BBYGgZ"}],"group":"cf-nel","max_age":604800}', 'NEL': '{"success_fraction":0,"report_to":"cf-nel","max_age":604800}', 'Server': 'cloudflare', 'CF-RAY': '88a5936d6c5738af-IAD', 'alt-svc': 'h3=":443"; ma=86400'} 
 body={"results":[{"gender":"female","name":{"title":"Mrs","first":"Ilse","last":"Lebrón"},"location":{"street":{"number":2731,"name":"Continuación Sur Peralta"},"city":"El Sauz(Villaseñor)","state":"Chiapas","country":"Mexico","postcode":69084,"coordinates":{"latitude":"29.6151","longitude":"127.2651"},"timezone":{"offset":"+5:45","description":"Kathmandu"}},"email":"ilse.lebron@example.com","login":{"uuid":"779b4742-ab5a-457d-90f6-b00e81f1641a","username":"happypanda130","password":"woodie","salt":"QuQwC1Ma","md5":"f2e4bc3b8e661ad7bb3727aebabbcfe6","sha1":"3d90728ef0dacda99d6b0d51ad2608a50e7c1694","sha256":"063ab9f2c24c09d0419490b2047f55eca518c33b35e881cd2b5210507615c8b9"},"dob":{"date":"1946-05-19T22:33:10.538Z","age":78},"registered":{"date":"2020-06-08T13:05:39.087Z","age":3},"phone":"(619) 033 0621","cell":"(603) 995 3440","id":{"name":"NSS","value":"31 43 86 5169 5"},"picture":{"large":"https://randomuser.me/api/portraits/women/53.jpg","medium":"https://randomuser.me/api/portraits/med/women/53.jpg","thumbnail":"https://randomuser.me/api/portraits/thumb/women/53.jpg"},"nat":"MX"}],"info":{"seed":"e5b87588849ba34f","results":1,"page":1,"version":"1.4"}} 
 </msg>
<msg time="2024-05-27T11:13:29.266579" level="INFO">/opt/hostedtoolcache/Python/3.12.3/x64/lib/python3.12/site-packages/urllib3/connectionpool.py:1103: InsecureRequestWarning: Unverified HTTPS request is being made to host 'randomuser.me'. Adding certificate verification is strongly advised. See: https://urllib3.readthedocs.io/en/latest/advanced-usage.html#tls-warnings
  warnings.warn(</msg>
<msg time="2024-05-27T11:13:29.266665" level="INFO">${response} = &lt;Response [200]&gt;</msg>
<var>${response}</var>
<arg>consultarAPI</arg>
<arg>/api</arg>
<doc>Sends a GET request on a previously created HTTP Session.</doc>
<status status="PASS" start="2024-05-27T11:13:29.180336" elapsed="0.086367"/>
</kw>
<kw name="Set Variable" owner="BuiltIn">
<msg time="2024-05-27T11:13:29.267758" level="INFO">${json_data} = {'results': [{'gender': 'female', 'name': {'title': 'Mrs', 'first': 'Ilse', 'last': 'Lebrón'}, 'location': {'street': {'number': 2731, 'name': 'Continuación Sur Peralta'}, 'city': 'El Sauz(Villaseñor)...</msg>
<var>${json_data}</var>
<arg>${response.json()}</arg>
<doc>Returns the given values which can then be assigned to a variables.</doc>
<status status="PASS" start="2024-05-27T11:13:29.267168" elapsed="0.000619"/>
</kw>
<kw name="Log" owner="BuiltIn">
<msg time="2024-05-27T11:13:29.268244" level="INFO">{'results': [{'gender': 'female', 'name': {'title': 'Mrs', 'first': 'Ilse', 'last': 'Lebrón'}, 'location': {'street': {'number': 2731, 'name': 'Continuación Sur Peralta'}, 'city': 'El Sauz(Villaseñor)', 'state': 'Chiapas', 'country': 'Mexico', 'postcode': 69084, 'coordinates': {'latitude': '29.6151', 'longitude': '127.2651'}, 'timezone': {'offset': '+5:45', 'description': 'Kathmandu'}}, 'email': 'ilse.lebron@example.com', 'login': {'uuid': '779b4742-ab5a-457d-90f6-b00e81f1641a', 'username': 'happypanda130', 'password': 'woodie', 'salt': 'QuQwC1Ma', 'md5': 'f2e4bc3b8e661ad7bb3727aebabbcfe6', 'sha1': '3d90728ef0dacda99d6b0d51ad2608a50e7c1694', 'sha256': '063ab9f2c24c09d0419490b2047f55eca518c33b35e881cd2b5210507615c8b9'}, 'dob': {'date': '1946-05-19T22:33:10.538Z', 'age': 78}, 'registered': {'date': '2020-06-08T13:05:39.087Z', 'age': 3}, 'phone': '(619) 033 0621', 'cell': '(603) 995 3440', 'id': {'name': 'NSS', 'value': '31 43 86 5169 5'}, 'picture': {'large': 'https://randomuser.me/api/portraits/women/53.jpg', 'medium': 'https://randomuser.me/api/portraits/med/women/53.jpg', 'thumbnail': 'https://randomuser.me/api/portraits/thumb/women/53.jpg'}, 'nat': 'MX'}], 'info': {'seed': 'e5b87588849ba34f', 'results': 1, 'page': 1, 'version': '1.4'}}</msg>
<arg>${json_data}</arg>
<doc>Logs the given message with the given level.</doc>
<status status="PASS" start="2024-05-27T11:13:29.268090" elapsed="0.000233"/>
</kw>
<kw name="Should Be Equal As Numbers" owner="BuiltIn">
<arg>${json_data['results'][0]['location']['postcode']}</arg>
<arg>${json_data['results'][0]['location']['postcode']}</arg>
<doc>Fails if objects are unequal after converting them to real numbers.</doc>
<status status="PASS" start="2024-05-27T11:13:29.268625" elapsed="0.000615"/>
</kw>
<kw name="Log" owner="BuiltIn">
<msg time="2024-05-27T11:13:29.269779" level="INFO">69084</msg>
<arg>${json_data['results'][0]['location']['postcode']}</arg>
<doc>Logs the given message with the given level.</doc>
<status status="PASS" start="2024-05-27T11:13:29.269436" elapsed="0.000384"/>
</kw>
<status status="PASS" start="2024-05-27T11:13:29.180114" elapsed="0.089989"/>
</kw>
<doc>Testa se os tipos de dados na resposta da API estão corretos.</doc>
<tag>testeTiposDados</tag>
<status status="PASS" start="2024-05-27T11:13:29.097010" elapsed="0.173256"/>
</test>
<test id="s1-s1-t5" name="Validar conteudo" line="35">
<kw name="Teste de Tipos de Conteudo" owner="random-user-service">
<kw name="GET On Session" owner="RequestsLibrary">
<msg time="2024-05-27T11:13:29.363704" level="INFO">GET Request : url=https://randomuser.me/api 
 path_url=/api 
 headers={'User-Agent': 'python-requests/2.32.2', 'Accept-Encoding': 'gzip, deflate', 'Accept': '*/*', 'Connection': 'keep-alive'} 
 body=None 
 </msg>
<msg time="2024-05-27T11:13:29.363776" level="INFO">GET Response : url=https://randomuser.me/api 
 status=200, reason=OK 
 headers={'Date': 'Mon, 27 May 2024 11:13:29 GMT', 'Content-Type': 'application/json; charset=utf-8', 'Transfer-Encoding': 'chunked', 'Connection': 'keep-alive', 'X-Powered-By': 'Express', 'Access-Control-Allow-Origin': '*', 'Cache-Control': 'no-cache', 'ETag': 'W/"4a4-xv61a7TnQpqFlomkUZZF3O6K1Y4"', 'Vary': 'Accept-Encoding', 'Content-Encoding': 'gzip', 'CF-Cache-Status': 'DYNAMIC', 'Report-To': '{"endpoints":[{"url":"https:\\/\\/a.nel.cloudflare.com\\/report\\/v4?s=jj6RegzgoLDgzWJwvp2ADwlHeHKK5e8KqqWdEoXIAv3dpU0jwQ%2FTaXhIe7buPPV4XYKGiiOfNqH6ZkEAj2lCjHsr%2Fb%2Bro%2BFygeRGgP8k3rs5QNxIvtYME1WFlaApAQ8G"}],"group":"cf-nel","max_age":604800}', 'NEL': '{"success_fraction":0,"report_to":"cf-nel","max_age":604800}', 'Server': 'cloudflare', 'CF-RAY': '88a5936dfce138af-IAD', 'alt-svc': 'h3=":443"; ma=86400'} 
 body={"results":[{"gender":"female","name":{"title":"Ms","first":"Greetje","last":"Wardenaar"},"location":{"street":{"number":2160,"name":"Korte Distelstraat"},"city":"Koningslust","state":"Zuid-Holland","country":"Netherlands","postcode":"8294 QB","coordinates":{"latitude":"31.1072","longitude":"110.5569"},"timezone":{"offset":"-8:00","description":"Pacific Time (US &amp; Canada)"}},"email":"greetje.wardenaar@example.com","login":{"uuid":"5fc23f6f-a3a3-4ba4-9213-5c02cb50199f","username":"bluefrog823","password":"amber1","salt":"nNmRPqJi","md5":"a27e7103596f18cbeb369d08445c45f1","sha1":"eba9cd22bef57258d4b083c92bb4674dfc563053","sha256":"a3728292cae158a326f4c9a4bb6afb91e87522d5c99bbb491e0543483e32ccc8"},"dob":{"date":"1945-12-31T10:19:03.138Z","age":78},"registered":{"date":"2004-11-03T08:45:33.250Z","age":19},"phone":"(0619) 358833","cell":"(06) 91901837","id":{"name":"BSN","value":"92538070"},"picture":{"large":"https://randomuser.me/api/portraits/women/78.jpg","medium":"https://randomuser.me/api/portraits/med/women/78.jpg","thumbnail":"https://randomuser.me/api/portraits/thumb/women/78.jpg"},"nat":"NL"}],"info":{"seed":"0efdd4f2c51c1989","results":1,"page":1,"version":"1.4"}} 
 </msg>
<msg time="2024-05-27T11:13:29.363834" level="INFO">/opt/hostedtoolcache/Python/3.12.3/x64/lib/python3.12/site-packages/urllib3/connectionpool.py:1103: InsecureRequestWarning: Unverified HTTPS request is being made to host 'randomuser.me'. Adding certificate verification is strongly advised. See: https://urllib3.readthedocs.io/en/latest/advanced-usage.html#tls-warnings
  warnings.warn(</msg>
<msg time="2024-05-27T11:13:29.363922" level="INFO">${response} = &lt;Response [200]&gt;</msg>
<var>${response}</var>
<arg>consultarAPI</arg>
<arg>/api</arg>
<doc>Sends a GET request on a previously created HTTP Session.</doc>
<status status="PASS" start="2024-05-27T11:13:29.272724" elapsed="0.091237"/>
</kw>
<kw name="Set Variable" owner="BuiltIn">
<msg time="2024-05-27T11:13:29.365005" level="INFO">${json_data} = {'results': [{'gender': 'female', 'name': {'title': 'Ms', 'first': 'Greetje', 'last': 'Wardenaar'}, 'location': {'street': {'number': 2160, 'name': 'Korte Distelstraat'}, 'city': 'Koningslust', 'state...</msg>
<var>${json_data}</var>
<arg>${response.json()}</arg>
<doc>Returns the given values which can then be assigned to a variables.</doc>
<status status="PASS" start="2024-05-27T11:13:29.364421" elapsed="0.000613"/>
</kw>
<kw name="Set Variable" owner="BuiltIn">
<msg time="2024-05-27T11:13:29.365708" level="INFO">${name_title} = Ms</msg>
<var>${name_title}</var>
<arg>${json_data["results"][0]["name"]["title"]}</arg>
<doc>Returns the given values which can then be assigned to a variables.</doc>
<status status="PASS" start="2024-05-27T11:13:29.365337" elapsed="0.000396"/>
</kw>
<kw name="Create List" owner="BuiltIn">
<msg time="2024-05-27T11:13:29.366233" level="INFO">${allowed_titles} = ['Mr', 'Ms', 'Miss', 'Mrs', 'Madame', 'Monsieur']</msg>
<var>${allowed_titles}</var>
<arg>Mr</arg>
<arg>Ms</arg>
<arg>Miss</arg>
<arg>Mrs</arg>
<arg>Madame</arg>
<arg>Monsieur</arg>
<doc>Returns a list containing given items.</doc>
<status status="PASS" start="2024-05-27T11:13:29.366069" elapsed="0.000188"/>
</kw>
<kw name="List Should Contain Value" owner="Collections">
<msg time="2024-05-27T11:13:29.366745" level="INFO">False</msg>
<arg>${allowed_titles}</arg>
<arg>${name_title}</arg>
<doc>Fails if the ``value`` is not found from ``list``.</doc>
<status status="PASS" start="2024-05-27T11:13:29.366568" elapsed="0.000214"/>
</kw>
<kw name="Set Variable" owner="BuiltIn">
<msg time="2024-05-27T11:13:29.367593" level="INFO">${name_country} = NL</msg>
<var>${name_country}</var>
<arg>${json_data["results"][0]["nat"]}</arg>
<doc>Returns the given values which can then be assigned to a variables.</doc>
<status status="PASS" start="2024-05-27T11:13:29.367082" elapsed="0.000536"/>
</kw>
<kw name="Create List" owner="BuiltIn">
<msg time="2024-05-27T11:13:29.368523" level="INFO">${list_country} = ['AD', 'AE', 'AF', 'AG', 'AI', 'AL', 'AM', 'AO', 'AQ', 'AR', 'AS', 'AT', 'AU', 'AW', 'AX', 'AZ', 'BA', 'BB', 'BD', 'BE', 'BF', 'BG', 'BH', 'BI', 'BJ', 'BL', 'BM', 'BN', 'BO', 'BQ', 'BR', 'BS', 'BT', '...</msg>
<var>${list_country}</var>
<arg>AD</arg>
<arg>AE</arg>
<arg>AF</arg>
<arg>AG</arg>
<arg>AI</arg>
<arg>AL</arg>
<arg>AM</arg>
<arg>AO</arg>
<arg>AQ</arg>
<arg>AR</arg>
<arg>AS</arg>
<arg>AT</arg>
<arg>AU</arg>
<arg>AW</arg>
<arg>AX</arg>
<arg>AZ</arg>
<arg>BA</arg>
<arg>BB</arg>
<arg>BD</arg>
<arg>BE</arg>
<arg>BF</arg>
<arg>BG</arg>
<arg>BH</arg>
<arg>BI</arg>
<arg>BJ</arg>
<arg>BL</arg>
<arg>BM</arg>
<arg>BN</arg>
<arg>BO</arg>
<arg>BQ</arg>
<arg>BR</arg>
<arg>BS</arg>
<arg>BT</arg>
<arg>BV</arg>
<arg>BW</arg>
<arg>BY</arg>
<arg>BZ</arg>
<arg>CA</arg>
<arg>CC</arg>
<arg>CD</arg>
<arg>CF</arg>
<arg>CG</arg>
<arg>CH</arg>
<arg>CI</arg>
<arg>CK</arg>
<arg>CL</arg>
<arg>CM</arg>
<arg>CN</arg>
<arg>CO</arg>
<arg>CR</arg>
<arg>CU</arg>
<arg>CV</arg>
<arg>CW</arg>
<arg>CX</arg>
<arg>CY</arg>
<arg>CZ</arg>
<arg>DE</arg>
<arg>DJ</arg>
<arg>DK</arg>
<arg>DM</arg>
<arg>DO</arg>
<arg>DZ</arg>
<arg>EC</arg>
<arg>EE</arg>
<arg>EG</arg>
<arg>EH</arg>
<arg>ER</arg>
<arg>ES</arg>
<arg>ET</arg>
<arg>FI</arg>
<arg>FJ</arg>
<arg>FK</arg>
<arg>FM</arg>
<arg>FO</arg>
<arg>FR</arg>
<arg>GA</arg>
<arg>GB</arg>
<arg>GD</arg>
<arg>GE</arg>
<arg>GF</arg>
<arg>GG</arg>
<arg>GH</arg>
<arg>GI</arg>
<arg>GL</arg>
<arg>GM</arg>
<arg>GN</arg>
<arg>GP</arg>
<arg>GQ</arg>
<arg>GR</arg>
<arg>GS</arg>
<arg>GT</arg>
<arg>GU</arg>
<arg>GW</arg>
<arg>GY</arg>
<arg>HK</arg>
<arg>HM</arg>
<arg>HN</arg>
<arg>HR</arg>
<arg>HT</arg>
<arg>HU</arg>
<arg>ID</arg>
<arg>IE</arg>
<arg>IL</arg>
<arg>IM</arg>
<arg>IN</arg>
<arg>IO</arg>
<arg>IQ</arg>
<arg>IR</arg>
<arg>IS</arg>
<arg>IT</arg>
<arg>JE</arg>
<arg>JM</arg>
<arg>JO</arg>
<arg>JP</arg>
<arg>KE</arg>
<arg>KG</arg>
<arg>KH</arg>
<arg>KI</arg>
<arg>KM</arg>
<arg>KN</arg>
<arg>KP</arg>
<arg>KR</arg>
<arg>KW</arg>
<arg>KY</arg>
<arg>KZ</arg>
<arg>LA</arg>
<arg>LB</arg>
<arg>LC</arg>
<arg>LI</arg>
<arg>LK</arg>
<arg>LR</arg>
<arg>LS</arg>
<arg>LT</arg>
<arg>LU</arg>
<arg>LV</arg>
<arg>LY</arg>
<arg>MA</arg>
<arg>MC</arg>
<arg>MD</arg>
<arg>ME</arg>
<arg>MF</arg>
<arg>MG</arg>
<arg>MH</arg>
<arg>MK</arg>
<arg>ML</arg>
<arg>MM</arg>
<arg>MN</arg>
<arg>MO</arg>
<arg>MP</arg>
<arg>MQ</arg>
<arg>MR</arg>
<arg>MS</arg>
<arg>MT</arg>
<arg>MU</arg>
<arg>MV</arg>
<arg>MW</arg>
<arg>MX</arg>
<arg>MY</arg>
<arg>MZ</arg>
<arg>NA</arg>
<arg>NC</arg>
<arg>NE</arg>
<arg>NF</arg>
<arg>NG</arg>
<arg>NI</arg>
<arg>NL</arg>
<arg>NO</arg>
<arg>NP</arg>
<arg>NR</arg>
<arg>NU</arg>
<arg>NZ</arg>
<arg>OM</arg>
<arg>PA</arg>
<arg>PE</arg>
<arg>PF</arg>
<arg>PG</arg>
<arg>PH</arg>
<arg>PK</arg>
<arg>PL</arg>
<arg>PM</arg>
<arg>PN</arg>
<arg>PR</arg>
<arg>PS</arg>
<arg>PT</arg>
<arg>PW</arg>
<arg>PY</arg>
<arg>QA</arg>
<arg>RE</arg>
<arg>RO</arg>
<arg>RS</arg>
<arg>RU</arg>
<arg>RW</arg>
<arg>SA</arg>
<arg>SB</arg>
<arg>SC</arg>
<arg>SD</arg>
<arg>SE</arg>
<arg>SG</arg>
<arg>SH</arg>
<arg>SI</arg>
<arg>SJ</arg>
<arg>SK</arg>
<arg>SL</arg>
<arg>SM</arg>
<arg>SN</arg>
<arg>SO</arg>
<arg>SR</arg>
<arg>SS</arg>
<arg>ST</arg>
<arg>SV</arg>
<arg>SX</arg>
<arg>SY</arg>
<arg>SZ</arg>
<arg>TC</arg>
<arg>TD</arg>
<arg>TF</arg>
<arg>TG</arg>
<arg>TH</arg>
<arg>TJ</arg>
<arg>TK</arg>
<arg>TL</arg>
<arg>TM</arg>
<arg>TN</arg>
<arg>TO</arg>
<arg>TR</arg>
<arg>TT</arg>
<arg>TV</arg>
<arg>TW</arg>
<arg>TZ</arg>
<arg>UA</arg>
<arg>UG</arg>
<arg>UM</arg>
<arg>US</arg>
<arg>UY</arg>
<arg>UZ</arg>
<arg>VA</arg>
<arg>VC</arg>
<arg>VE</arg>
<arg>VG</arg>
<arg>VI</arg>
<arg>VN</arg>
<arg>VU</arg>
<arg>WF</arg>
<arg>WS</arg>
<arg>XK</arg>
<arg>YE</arg>
<arg>YT</arg>
<arg>ZA</arg>
<arg>ZM</arg>
<arg>ZW</arg>
<doc>Returns a list containing given items.</doc>
<status status="PASS" start="2024-05-27T11:13:29.367927" elapsed="0.000622"/>
</kw>
<kw name="List Should Contain Value" owner="Collections">
<msg time="2024-05-27T11:13:29.369521" level="INFO">False</msg>
<arg>${list_country}</arg>
<arg>${name_country}</arg>
<doc>Fails if the ``value`` is not found from ``list``.</doc>
<status status="PASS" start="2024-05-27T11:13:29.369320" elapsed="0.000237"/>
</kw>
<kw name="Run Keyword If" owner="BuiltIn">
<kw name="Should Be True" owner="BuiltIn">
<arg>${True}</arg>
<doc>Fails if the given condition is not true.</doc>
<status status="PASS" start="2024-05-27T11:13:29.370652" elapsed="0.000143"/>
</kw>
<arg>${json_data["results"][0]["location"]["coordinates"]["latitude"]} &gt;= -90 and ${json_data["results"][0]["location"]["coordinates"]["latitude"]} &lt;= 90</arg>
<arg>Should Be True</arg>
<arg>${True}</arg>
<doc>Runs the given keyword with the given arguments, if ``condition`` is true.</doc>
<status status="PASS" start="2024-05-27T11:13:29.369865" elapsed="0.001055"/>
</kw>
<kw name="Run Keyword If" owner="BuiltIn">
<kw name="Should Be True" owner="BuiltIn">
<arg>${True}</arg>
<doc>Fails if the given condition is not true.</doc>
<status status="PASS" start="2024-05-27T11:13:29.371787" elapsed="0.000137"/>
</kw>
<arg>${json_data["results"][0]["location"]["coordinates"]["longitude"]} &gt;= -180 and ${json_data["results"][0]["location"]["coordinates"]["longitude"]} &lt;= 180</arg>
<arg>Should Be True</arg>
<arg>${True}</arg>
<doc>Runs the given keyword with the given arguments, if ``condition`` is true.</doc>
<status status="PASS" start="2024-05-27T11:13:29.371102" elapsed="0.000945"/>
</kw>
<status status="PASS" start="2024-05-27T11:13:29.272501" elapsed="0.099671"/>
</kw>
<doc>Testa o conteúdo específico dos campos retornados pela API.</doc>
<tag>testeConteudo</tag>
<status status="PASS" start="2024-05-27T11:13:29.271996" elapsed="0.100317"/>
</test>
<status status="PASS" start="2024-05-27T11:13:28.459272" elapsed="0.914968"/>
</suite>
<status status="PASS" start="2024-05-27T11:13:28.445808" elapsed="0.933568"/>
</suite>
<statistics>
<total>
<stat pass="5" fail="0" skip="0">All Tests</stat>
</total>
<tag>
<stat pass="1" fail="0" skip="0">testeConteudo</stat>
<stat pass="1" fail="0" skip="0">testeEstruturaResposta</stat>
<stat pass="1" fail="0" skip="0">testeRequisicaoBasica</stat>
<stat pass="1" fail="0" skip="0">testeTiposDados</stat>
</tag>
<suite>
<stat pass="5" fail="0" skip="0" id="s1" name="Tests">Tests</stat>
<stat pass="5" fail="0" skip="0" id="s1-s1" name="Random-User-Test">Tests.Random-User-Test</stat>
</suite>
</statistics>
<errors>
</errors>
</robot>
