<?xml version="1.0" encoding="UTF-8"?>
<robot generator="Robot 7.0 (Python 3.12.2 on linux)" generated="2024-03-31T16:15:36.127036" rpa="false" schemaversion="5">
<suite id="s1" name="Tests" source="/home/runner/work/DesafioQAItauRogerioJordao/DesafioQAItauRogerioJordao/RamdonUser/tests">
<suite id="s1-s1" name="Random-User-Test" source="/home/runner/work/DesafioQAItauRogerioJordao/DesafioQAItauRogerioJordao/RamdonUser/tests/random-user-test.robot">
<test id="s1-s1-t1" name="Conectar" line="13">
<kw name="Conectar API" owner="random-user-service">
<kw name="Create Session" owner="RequestsLibrary">
<msg time="2024-03-31T16:15:36.507963" level="INFO">Creating Session using : alias=consultarAPI, url=https://randomuser.me/, headers={},                     cookies={}, auth=None, timeout=None, proxies=None, verify=False,                     debug=0 </msg>
<arg>consultarAPI</arg>
<arg>${URL}</arg>
<doc>Create Session: create a HTTP session to a server</doc>
<status status="PASS" start="2024-03-31T16:15:36.507765" elapsed="0.000367"/>
</kw>
<status status="PASS" start="2024-03-31T16:15:36.506748" elapsed="0.001732"/>
</kw>
<status status="PASS" start="2024-03-31T16:15:36.506167" elapsed="0.002514"/>
</test>
<test id="s1-s1-t2" name="Validar retorno 200 e JSON Válido" line="16">
<kw name="Teste de Requisicao Basica" owner="random-user-service">
<kw name="GET On Session" owner="RequestsLibrary">
<msg time="2024-03-31T16:15:36.749100" level="INFO">GET Request : url=https://randomuser.me/api 
 path_url=/api 
 headers={'User-Agent': 'python-requests/2.31.0', 'Accept-Encoding': 'gzip, deflate', 'Accept': '*/*', 'Connection': 'keep-alive'} 
 body=None 
 </msg>
<msg time="2024-03-31T16:15:36.749238" level="INFO">GET Response : url=https://randomuser.me/api 
 status=200, reason=OK 
 headers={'Date': 'Sun, 31 Mar 2024 16:15:36 GMT', 'Content-Type': 'application/json; charset=utf-8', 'Transfer-Encoding': 'chunked', 'Connection': 'keep-alive', 'X-Powered-By': 'Express', 'Access-Control-Allow-Origin': '*', 'Cache-Control': 'no-cache', 'ETag': 'W/"48f-K4ir1D/GFlB0C8qmj8r5KlX5K4g"', 'Vary': 'Accept-Encoding', 'Content-Encoding': 'gzip', 'CF-Cache-Status': 'DYNAMIC', 'Report-To': '{"endpoints":[{"url":"https:\\/\\/a.nel.cloudflare.com\\/report\\/v4?s=83bxsnf26H%2B1sxi23jSpEBCLSO0J0YCN84n0SCNy2ighmFT4BJ8fTweuIZ07BhHw6l7neTJTFEbuuVEBtNUXPc%2BjmNHEk63TdrN3f9zfWUGWandNt1tntbI038xocTh0"}],"group":"cf-nel","max_age":604800}', 'NEL': '{"success_fraction":0,"report_to":"cf-nel","max_age":604800}', 'Server': 'cloudflare', 'CF-RAY': '86d1a39e5c9d10c3-ORD', 'alt-svc': 'h3=":443"; ma=86400'} 
 body={"results":[{"gender":"female","name":{"title":"Miss","first":"Kristin","last":"Aarum"},"location":{"street":{"number":4389,"name":"Edmund Neuperts gate"},"city":"Kolbu","state":"Akershus","country":"Norway","postcode":"3650","coordinates":{"latitude":"44.2459","longitude":"102.0392"},"timezone":{"offset":"+5:30","description":"Bombay, Calcutta, Madras, New Delhi"}},"email":"kristin.aarum@example.com","login":{"uuid":"8f0b7260-a80b-4027-b4db-4db3f1bac4fa","username":"sadfish870","password":"surfer1","salt":"GcSakETr","md5":"b59acd42895f78e11881cc11d21b4257","sha1":"b6d4edb7167b6908e64425ab16dc28bac22b00c6","sha256":"32053ab3bde5c7631d4084dc050945be7a9d555259794c1a192840c6f6a7442f"},"dob":{"date":"1984-03-03T03:54:20.368Z","age":40},"registered":{"date":"2007-03-22T10:43:19.272Z","age":17},"phone":"27683965","cell":"40525000","id":{"name":"FN","value":"03038415874"},"picture":{"large":"https://randomuser.me/api/portraits/women/94.jpg","medium":"https://randomuser.me/api/portraits/med/women/94.jpg","thumbnail":"https://randomuser.me/api/portraits/thumb/women/94.jpg"},"nat":"NO"}],"info":{"seed":"1279b2a321801d32","results":1,"page":1,"version":"1.4"}} 
 </msg>
<msg time="2024-03-31T16:15:36.749344" level="INFO">/opt/hostedtoolcache/Python/3.12.2/x64/lib/python3.12/site-packages/urllib3/connectionpool.py:1103: InsecureRequestWarning: Unverified HTTPS request is being made to host 'randomuser.me'. Adding certificate verification is strongly advised. See: https://urllib3.readthedocs.io/en/latest/advanced-usage.html#tls-warnings
  warnings.warn(</msg>
<msg time="2024-03-31T16:15:36.749489" level="INFO">${response} = &lt;Response [200]&gt;</msg>
<var>${response}</var>
<arg>consultarAPI</arg>
<arg>/api</arg>
<doc>Sends a GET request on a previously created HTTP Session.</doc>
<status status="PASS" start="2024-03-31T16:15:36.511209" elapsed="0.238322"/>
</kw>
<kw name="Should Be Equal As Numbers" owner="BuiltIn">
<msg time="2024-03-31T16:15:36.750622" level="INFO">Argument types are:
&lt;class 'int'&gt;
&lt;class 'str'&gt;</msg>
<arg>${response.status_code}</arg>
<arg>200</arg>
<doc>Fails if objects are unequal after converting them to real numbers.</doc>
<status status="PASS" start="2024-03-31T16:15:36.750140" elapsed="0.000548"/>
</kw>
<kw name="Log" owner="BuiltIn">
<msg time="2024-03-31T16:15:36.751398" level="INFO">200</msg>
<arg>${response.status_code}</arg>
<doc>Logs the given message with the given level.</doc>
<status status="PASS" start="2024-03-31T16:15:36.751012" elapsed="0.000429"/>
</kw>
<kw name="Set Variable" owner="BuiltIn">
<msg time="2024-03-31T16:15:36.752286" level="INFO">${json_data} = {'results': [{'gender': 'female', 'name': {'title': 'Miss', 'first': 'Kristin', 'last': 'Aarum'}, 'location': {'street': {'number': 4389, 'name': 'Edmund Neuperts gate'}, 'city': 'Kolbu', 'state': 'Ak...</msg>
<var>${json_data}</var>
<arg>${response.json()}</arg>
<doc>Returns the given values which can then be assigned to a variables.</doc>
<status status="PASS" start="2024-03-31T16:15:36.751825" elapsed="0.000489"/>
</kw>
<kw name="Dictionary Should Contain Key" owner="Collections">
<msg time="2024-03-31T16:15:36.752806" level="INFO">False</msg>
<arg>${json_data}</arg>
<arg>results</arg>
<doc>Fails if ``key`` is not found from ``dictionary``.</doc>
<status status="PASS" start="2024-03-31T16:15:36.752634" elapsed="0.000218"/>
</kw>
<status status="PASS" start="2024-03-31T16:15:36.510962" elapsed="0.242158"/>
</kw>
<doc>Testa se a API responde corretamente e retorna um objeto JSON válido.</doc>
<tag>testeRequisicaoBasica</tag>
<status status="PASS" start="2024-03-31T16:15:36.510509" elapsed="0.242811"/>
</test>
<test id="s1-s1-t3" name="Validar estrutura de resposta" line="22">
<kw name="Teste de Estrutura de Resposta" owner="random-user-service">
<kw name="GET On Session" owner="RequestsLibrary">
<msg time="2024-03-31T16:15:36.843103" level="INFO">GET Request : url=https://randomuser.me/api 
 path_url=/api 
 headers={'User-Agent': 'python-requests/2.31.0', 'Accept-Encoding': 'gzip, deflate', 'Accept': '*/*', 'Connection': 'keep-alive'} 
 body=None 
 </msg>
<msg time="2024-03-31T16:15:36.843174" level="INFO">GET Response : url=https://randomuser.me/api 
 status=200, reason=OK 
 headers={'Date': 'Sun, 31 Mar 2024 16:15:36 GMT', 'Content-Type': 'application/json; charset=utf-8', 'Transfer-Encoding': 'chunked', 'Connection': 'keep-alive', 'X-Powered-By': 'Express', 'Access-Control-Allow-Origin': '*', 'Cache-Control': 'no-cache', 'ETag': 'W/"489-6Mj6KszBOGo59NSZROjlD46lWPA"', 'Vary': 'Accept-Encoding', 'Content-Encoding': 'gzip', 'CF-Cache-Status': 'DYNAMIC', 'Report-To': '{"endpoints":[{"url":"https:\\/\\/a.nel.cloudflare.com\\/report\\/v4?s=sUlMAnuOuvl%2BEp3JRqu09ytUI3BQEynCvOYZ05kw8YAo2wLok8WeIQu2BwpauAdkwdi9XiTGkVr%2Fntu8Ks%2BqWzkX66PWt1WAYQt%2BQpEOCHvo6H3lLss%2B522ljJuKGjs0"}],"group":"cf-nel","max_age":604800}', 'NEL': '{"success_fraction":0,"report_to":"cf-nel","max_age":604800}', 'Server': 'cloudflare', 'CF-RAY': '86d1a39ebcff10c3-ORD', 'alt-svc': 'h3=":443"; ma=86400'} 
 body={"results":[{"gender":"male","name":{"title":"Mr","first":"Pranay","last":"Kulkarni"},"location":{"street":{"number":9464,"name":"Mint St"},"city":"Nizamabad","state":"Odisha","country":"India","postcode":10467,"coordinates":{"latitude":"12.6358","longitude":"-45.2731"},"timezone":{"offset":"+3:00","description":"Baghdad, Riyadh, Moscow, St. Petersburg"}},"email":"pranay.kulkarni@example.com","login":{"uuid":"b79f8ab0-446a-442d-9523-172378b75072","username":"blackduck167","password":"fitter","salt":"sryMrhZw","md5":"63bd73171d5ffc6aa2a3dd716e3b2c35","sha1":"b393bc76253641a88e8663d4d7ca77ac0f014465","sha256":"b27ee0b93cf34cffb8ed92d5a078a47b2669ce7e65c430172983694e74673f65"},"dob":{"date":"1970-04-16T23:35:47.251Z","age":53},"registered":{"date":"2004-11-19T06:20:50.513Z","age":19},"phone":"8574304121","cell":"9806789861","id":{"name":"UIDAI","value":"743876269511"},"picture":{"large":"https://randomuser.me/api/portraits/men/20.jpg","medium":"https://randomuser.me/api/portraits/med/men/20.jpg","thumbnail":"https://randomuser.me/api/portraits/thumb/men/20.jpg"},"nat":"IN"}],"info":{"seed":"5615628791d07e80","results":1,"page":1,"version":"1.4"}} 
 </msg>
<msg time="2024-03-31T16:15:36.843287" level="INFO">/opt/hostedtoolcache/Python/3.12.2/x64/lib/python3.12/site-packages/urllib3/connectionpool.py:1103: InsecureRequestWarning: Unverified HTTPS request is being made to host 'randomuser.me'. Adding certificate verification is strongly advised. See: https://urllib3.readthedocs.io/en/latest/advanced-usage.html#tls-warnings
  warnings.warn(</msg>
<msg time="2024-03-31T16:15:36.843389" level="INFO">${response} = &lt;Response [200]&gt;</msg>
<var>${response}</var>
<arg>consultarAPI</arg>
<arg>/api</arg>
<doc>Sends a GET request on a previously created HTTP Session.</doc>
<status status="PASS" start="2024-03-31T16:15:36.756527" elapsed="0.086903"/>
</kw>
<kw name="Set Variable" owner="BuiltIn">
<msg time="2024-03-31T16:15:36.844321" level="INFO">${json_data} = {'results': [{'gender': 'male', 'name': {'title': 'Mr', 'first': 'Pranay', 'last': 'Kulkarni'}, 'location': {'street': {'number': 9464, 'name': 'Mint St'}, 'city': 'Nizamabad', 'state': 'Odisha', 'cou...</msg>
<var>${json_data}</var>
<arg>${response.json()}</arg>
<doc>Returns the given values which can then be assigned to a variables.</doc>
<status status="PASS" start="2024-03-31T16:15:36.843849" elapsed="0.000501"/>
</kw>
<kw name="Log" owner="BuiltIn">
<msg time="2024-03-31T16:15:36.844828" level="INFO">{'results': [{'gender': 'male', 'name': {'title': 'Mr', 'first': 'Pranay', 'last': 'Kulkarni'}, 'location': {'street': {'number': 9464, 'name': 'Mint St'}, 'city': 'Nizamabad', 'state': 'Odisha', 'country': 'India', 'postcode': 10467, 'coordinates': {'latitude': '12.6358', 'longitude': '-45.2731'}, 'timezone': {'offset': '+3:00', 'description': 'Baghdad, Riyadh, Moscow, St. Petersburg'}}, 'email': 'pranay.kulkarni@example.com', 'login': {'uuid': 'b79f8ab0-446a-442d-9523-172378b75072', 'username': 'blackduck167', 'password': 'fitter', 'salt': 'sryMrhZw', 'md5': '63bd73171d5ffc6aa2a3dd716e3b2c35', 'sha1': 'b393bc76253641a88e8663d4d7ca77ac0f014465', 'sha256': 'b27ee0b93cf34cffb8ed92d5a078a47b2669ce7e65c430172983694e74673f65'}, 'dob': {'date': '1970-04-16T23:35:47.251Z', 'age': 53}, 'registered': {'date': '2004-11-19T06:20:50.513Z', 'age': 19}, 'phone': '8574304121', 'cell': '9806789861', 'id': {'name': 'UIDAI', 'value': '743876269511'}, 'picture': {'large': 'https://randomuser.me/api/portraits/men/20.jpg', 'medium': 'https://randomuser.me/api/portraits/med/men/20.jpg', 'thumbnail': 'https://randomuser.me/api/portraits/thumb/men/20.jpg'}, 'nat': 'IN'}], 'info': {'seed': '5615628791d07e80', 'results': 1, 'page': 1, 'version': '1.4'}}</msg>
<arg>${json_data}</arg>
<doc>Logs the given message with the given level.</doc>
<status status="PASS" start="2024-03-31T16:15:36.844666" elapsed="0.000210"/>
</kw>
<kw name="Dictionary Should Contain Key" owner="Collections">
<msg time="2024-03-31T16:15:36.845337" level="INFO">False</msg>
<arg>${json_data}</arg>
<arg>results</arg>
<doc>Fails if ``key`` is not found from ``dictionary``.</doc>
<status status="PASS" start="2024-03-31T16:15:36.845178" elapsed="0.000198"/>
</kw>
<kw name="Should Not Be Empty" owner="BuiltIn">
<msg time="2024-03-31T16:15:36.845815" level="INFO">Length is 2.</msg>
<arg>${json_data}</arg>
<doc>Verifies that the given item is not empty.</doc>
<status status="PASS" start="2024-03-31T16:15:36.845678" elapsed="0.000177"/>
</kw>
<kw name="Create List" owner="BuiltIn">
<msg time="2024-03-31T16:15:36.846317" level="INFO">${expected_keys} = ['gender', 'name', 'location', 'email', 'login']</msg>
<var>${expected_keys}</var>
<arg>gender</arg>
<arg>name</arg>
<arg>location</arg>
<arg>email</arg>
<arg>login</arg>
<doc>Returns a list containing given items.</doc>
<status status="PASS" start="2024-03-31T16:15:36.846161" elapsed="0.000182"/>
</kw>
<for flavor="IN">
<iter>
<kw name="Dictionary Should Contain Key" owner="Collections">
<msg time="2024-03-31T16:15:36.847343" level="INFO">False</msg>
<arg>${json_data['results'][0]}</arg>
<arg>${key}</arg>
<doc>Fails if ``key`` is not found from ``dictionary``.</doc>
<status status="PASS" start="2024-03-31T16:15:36.846925" elapsed="0.000458"/>
</kw>
<kw name="Log" owner="BuiltIn">
<msg time="2024-03-31T16:15:36.848100" level="INFO">{'gender': 'male', 'name': {'title': 'Mr', 'first': 'Pranay', 'last': 'Kulkarni'}, 'location': {'street': {'number': 9464, 'name': 'Mint St'}, 'city': 'Nizamabad', 'state': 'Odisha', 'country': 'India', 'postcode': 10467, 'coordinates': {'latitude': '12.6358', 'longitude': '-45.2731'}, 'timezone': {'offset': '+3:00', 'description': 'Baghdad, Riyadh, Moscow, St. Petersburg'}}, 'email': 'pranay.kulkarni@example.com', 'login': {'uuid': 'b79f8ab0-446a-442d-9523-172378b75072', 'username': 'blackduck167', 'password': 'fitter', 'salt': 'sryMrhZw', 'md5': '63bd73171d5ffc6aa2a3dd716e3b2c35', 'sha1': 'b393bc76253641a88e8663d4d7ca77ac0f014465', 'sha256': 'b27ee0b93cf34cffb8ed92d5a078a47b2669ce7e65c430172983694e74673f65'}, 'dob': {'date': '1970-04-16T23:35:47.251Z', 'age': 53}, 'registered': {'date': '2004-11-19T06:20:50.513Z', 'age': 19}, 'phone': '8574304121', 'cell': '9806789861', 'id': {'name': 'UIDAI', 'value': '743876269511'}, 'picture': {'large': 'https://randomuser.me/api/portraits/men/20.jpg', 'medium': 'https://randomuser.me/api/portraits/med/men/20.jpg', 'thumbnail': 'https://randomuser.me/api/portraits/thumb/men/20.jpg'}, 'nat': 'IN'}</msg>
<arg>${json_data['results'][0]}</arg>
<doc>Logs the given message with the given level.</doc>
<status status="PASS" start="2024-03-31T16:15:36.847723" elapsed="0.000432"/>
</kw>
<kw name="Log" owner="BuiltIn">
<msg time="2024-03-31T16:15:36.848597" level="INFO">gender</msg>
<arg>${key}</arg>
<doc>Logs the given message with the given level.</doc>
<status status="PASS" start="2024-03-31T16:15:36.848464" elapsed="0.000173"/>
</kw>
<var name="${key}">gender</var>
<status status="PASS" start="2024-03-31T16:15:36.846797" elapsed="0.002064"/>
</iter>
<iter>
<kw name="Dictionary Should Contain Key" owner="Collections">
<msg time="2024-03-31T16:15:36.849560" level="INFO">False</msg>
<arg>${json_data['results'][0]}</arg>
<arg>${key}</arg>
<doc>Fails if ``key`` is not found from ``dictionary``.</doc>
<status status="PASS" start="2024-03-31T16:15:36.849166" elapsed="0.000432"/>
</kw>
<kw name="Log" owner="BuiltIn">
<msg time="2024-03-31T16:15:36.850300" level="INFO">{'gender': 'male', 'name': {'title': 'Mr', 'first': 'Pranay', 'last': 'Kulkarni'}, 'location': {'street': {'number': 9464, 'name': 'Mint St'}, 'city': 'Nizamabad', 'state': 'Odisha', 'country': 'India', 'postcode': 10467, 'coordinates': {'latitude': '12.6358', 'longitude': '-45.2731'}, 'timezone': {'offset': '+3:00', 'description': 'Baghdad, Riyadh, Moscow, St. Petersburg'}}, 'email': 'pranay.kulkarni@example.com', 'login': {'uuid': 'b79f8ab0-446a-442d-9523-172378b75072', 'username': 'blackduck167', 'password': 'fitter', 'salt': 'sryMrhZw', 'md5': '63bd73171d5ffc6aa2a3dd716e3b2c35', 'sha1': 'b393bc76253641a88e8663d4d7ca77ac0f014465', 'sha256': 'b27ee0b93cf34cffb8ed92d5a078a47b2669ce7e65c430172983694e74673f65'}, 'dob': {'date': '1970-04-16T23:35:47.251Z', 'age': 53}, 'registered': {'date': '2004-11-19T06:20:50.513Z', 'age': 19}, 'phone': '8574304121', 'cell': '9806789861', 'id': {'name': 'UIDAI', 'value': '743876269511'}, 'picture': {'large': 'https://randomuser.me/api/portraits/men/20.jpg', 'medium': 'https://randomuser.me/api/portraits/med/men/20.jpg', 'thumbnail': 'https://randomuser.me/api/portraits/thumb/men/20.jpg'}, 'nat': 'IN'}</msg>
<arg>${json_data['results'][0]}</arg>
<doc>Logs the given message with the given level.</doc>
<status status="PASS" start="2024-03-31T16:15:36.849935" elapsed="0.000414"/>
</kw>
<kw name="Log" owner="BuiltIn">
<msg time="2024-03-31T16:15:36.850779" level="INFO">name</msg>
<arg>${key}</arg>
<doc>Logs the given message with the given level.</doc>
<status status="PASS" start="2024-03-31T16:15:36.850650" elapsed="0.000168"/>
</kw>
<var name="${key}">name</var>
<status status="PASS" start="2024-03-31T16:15:36.849052" elapsed="0.001985"/>
</iter>
<iter>
<kw name="Dictionary Should Contain Key" owner="Collections">
<msg time="2024-03-31T16:15:36.851744" level="INFO">False</msg>
<arg>${json_data['results'][0]}</arg>
<arg>${key}</arg>
<doc>Fails if ``key`` is not found from ``dictionary``.</doc>
<status status="PASS" start="2024-03-31T16:15:36.851327" elapsed="0.000455"/>
</kw>
<kw name="Log" owner="BuiltIn">
<msg time="2024-03-31T16:15:36.852450" level="INFO">{'gender': 'male', 'name': {'title': 'Mr', 'first': 'Pranay', 'last': 'Kulkarni'}, 'location': {'street': {'number': 9464, 'name': 'Mint St'}, 'city': 'Nizamabad', 'state': 'Odisha', 'country': 'India', 'postcode': 10467, 'coordinates': {'latitude': '12.6358', 'longitude': '-45.2731'}, 'timezone': {'offset': '+3:00', 'description': 'Baghdad, Riyadh, Moscow, St. Petersburg'}}, 'email': 'pranay.kulkarni@example.com', 'login': {'uuid': 'b79f8ab0-446a-442d-9523-172378b75072', 'username': 'blackduck167', 'password': 'fitter', 'salt': 'sryMrhZw', 'md5': '63bd73171d5ffc6aa2a3dd716e3b2c35', 'sha1': 'b393bc76253641a88e8663d4d7ca77ac0f014465', 'sha256': 'b27ee0b93cf34cffb8ed92d5a078a47b2669ce7e65c430172983694e74673f65'}, 'dob': {'date': '1970-04-16T23:35:47.251Z', 'age': 53}, 'registered': {'date': '2004-11-19T06:20:50.513Z', 'age': 19}, 'phone': '8574304121', 'cell': '9806789861', 'id': {'name': 'UIDAI', 'value': '743876269511'}, 'picture': {'large': 'https://randomuser.me/api/portraits/men/20.jpg', 'medium': 'https://randomuser.me/api/portraits/med/men/20.jpg', 'thumbnail': 'https://randomuser.me/api/portraits/thumb/men/20.jpg'}, 'nat': 'IN'}</msg>
<arg>${json_data['results'][0]}</arg>
<doc>Logs the given message with the given level.</doc>
<status status="PASS" start="2024-03-31T16:15:36.852083" elapsed="0.000418"/>
</kw>
<kw name="Log" owner="BuiltIn">
<msg time="2024-03-31T16:15:36.852923" level="INFO">location</msg>
<arg>${key}</arg>
<doc>Logs the given message with the given level.</doc>
<status status="PASS" start="2024-03-31T16:15:36.852796" elapsed="0.000165"/>
</kw>
<var name="${key}">location</var>
<status status="PASS" start="2024-03-31T16:15:36.851215" elapsed="0.001963"/>
</iter>
<iter>
<kw name="Dictionary Should Contain Key" owner="Collections">
<msg time="2024-03-31T16:15:36.853840" level="INFO">False</msg>
<arg>${json_data['results'][0]}</arg>
<arg>${key}</arg>
<doc>Fails if ``key`` is not found from ``dictionary``.</doc>
<status status="PASS" start="2024-03-31T16:15:36.853462" elapsed="0.000415"/>
</kw>
<kw name="Log" owner="BuiltIn">
<msg time="2024-03-31T16:15:36.854536" level="INFO">{'gender': 'male', 'name': {'title': 'Mr', 'first': 'Pranay', 'last': 'Kulkarni'}, 'location': {'street': {'number': 9464, 'name': 'Mint St'}, 'city': 'Nizamabad', 'state': 'Odisha', 'country': 'India', 'postcode': 10467, 'coordinates': {'latitude': '12.6358', 'longitude': '-45.2731'}, 'timezone': {'offset': '+3:00', 'description': 'Baghdad, Riyadh, Moscow, St. Petersburg'}}, 'email': 'pranay.kulkarni@example.com', 'login': {'uuid': 'b79f8ab0-446a-442d-9523-172378b75072', 'username': 'blackduck167', 'password': 'fitter', 'salt': 'sryMrhZw', 'md5': '63bd73171d5ffc6aa2a3dd716e3b2c35', 'sha1': 'b393bc76253641a88e8663d4d7ca77ac0f014465', 'sha256': 'b27ee0b93cf34cffb8ed92d5a078a47b2669ce7e65c430172983694e74673f65'}, 'dob': {'date': '1970-04-16T23:35:47.251Z', 'age': 53}, 'registered': {'date': '2004-11-19T06:20:50.513Z', 'age': 19}, 'phone': '8574304121', 'cell': '9806789861', 'id': {'name': 'UIDAI', 'value': '743876269511'}, 'picture': {'large': 'https://randomuser.me/api/portraits/men/20.jpg', 'medium': 'https://randomuser.me/api/portraits/med/men/20.jpg', 'thumbnail': 'https://randomuser.me/api/portraits/thumb/men/20.jpg'}, 'nat': 'IN'}</msg>
<arg>${json_data['results'][0]}</arg>
<doc>Logs the given message with the given level.</doc>
<status status="PASS" start="2024-03-31T16:15:36.854180" elapsed="0.000403"/>
</kw>
<kw name="Log" owner="BuiltIn">
<msg time="2024-03-31T16:15:36.855001" level="INFO">email</msg>
<arg>${key}</arg>
<doc>Logs the given message with the given level.</doc>
<status status="PASS" start="2024-03-31T16:15:36.854875" elapsed="0.000164"/>
</kw>
<var name="${key}">email</var>
<status status="PASS" start="2024-03-31T16:15:36.853351" elapsed="0.001900"/>
</iter>
<iter>
<kw name="Dictionary Should Contain Key" owner="Collections">
<msg time="2024-03-31T16:15:36.855961" level="INFO">False</msg>
<arg>${json_data['results'][0]}</arg>
<arg>${key}</arg>
<doc>Fails if ``key`` is not found from ``dictionary``.</doc>
<status status="PASS" start="2024-03-31T16:15:36.855569" elapsed="0.000428"/>
</kw>
<kw name="Log" owner="BuiltIn">
<msg time="2024-03-31T16:15:36.856664" level="INFO">{'gender': 'male', 'name': {'title': 'Mr', 'first': 'Pranay', 'last': 'Kulkarni'}, 'location': {'street': {'number': 9464, 'name': 'Mint St'}, 'city': 'Nizamabad', 'state': 'Odisha', 'country': 'India', 'postcode': 10467, 'coordinates': {'latitude': '12.6358', 'longitude': '-45.2731'}, 'timezone': {'offset': '+3:00', 'description': 'Baghdad, Riyadh, Moscow, St. Petersburg'}}, 'email': 'pranay.kulkarni@example.com', 'login': {'uuid': 'b79f8ab0-446a-442d-9523-172378b75072', 'username': 'blackduck167', 'password': 'fitter', 'salt': 'sryMrhZw', 'md5': '63bd73171d5ffc6aa2a3dd716e3b2c35', 'sha1': 'b393bc76253641a88e8663d4d7ca77ac0f014465', 'sha256': 'b27ee0b93cf34cffb8ed92d5a078a47b2669ce7e65c430172983694e74673f65'}, 'dob': {'date': '1970-04-16T23:35:47.251Z', 'age': 53}, 'registered': {'date': '2004-11-19T06:20:50.513Z', 'age': 19}, 'phone': '8574304121', 'cell': '9806789861', 'id': {'name': 'UIDAI', 'value': '743876269511'}, 'picture': {'large': 'https://randomuser.me/api/portraits/men/20.jpg', 'medium': 'https://randomuser.me/api/portraits/med/men/20.jpg', 'thumbnail': 'https://randomuser.me/api/portraits/thumb/men/20.jpg'}, 'nat': 'IN'}</msg>
<arg>${json_data['results'][0]}</arg>
<doc>Logs the given message with the given level.</doc>
<status status="PASS" start="2024-03-31T16:15:36.856305" elapsed="0.000404"/>
</kw>
<kw name="Log" owner="BuiltIn">
<msg time="2024-03-31T16:15:36.857128" level="INFO">login</msg>
<arg>${key}</arg>
<doc>Logs the given message with the given level.</doc>
<status status="PASS" start="2024-03-31T16:15:36.857001" elapsed="0.000264"/>
</kw>
<var name="${key}">login</var>
<status status="PASS" start="2024-03-31T16:15:36.855423" elapsed="0.002100"/>
</iter>
<var>${key}</var>
<value>@{expected_keys}</value>
<status status="PASS" start="2024-03-31T16:15:36.846606" elapsed="0.011046"/>
</for>
<kw name="Create List" owner="BuiltIn">
<msg time="2024-03-31T16:15:36.857979" level="INFO">${expected_keysTwo} = ['username', 'password']</msg>
<var>${expected_keysTwo}</var>
<arg>username</arg>
<arg>password</arg>
<doc>Returns a list containing given items.</doc>
<status status="PASS" start="2024-03-31T16:15:36.857844" elapsed="0.000159"/>
</kw>
<for flavor="IN">
<iter>
<kw name="Dictionary Should Contain Key" owner="Collections">
<msg time="2024-03-31T16:15:36.858902" level="INFO">False</msg>
<arg>${json_data['results'][0]['login']}</arg>
<arg>${keyTwo}</arg>
<doc>Fails if ``key`` is not found from ``dictionary``.</doc>
<status status="PASS" start="2024-03-31T16:15:36.858519" elapsed="0.000420"/>
</kw>
<kw name="Dictionary Should Contain Key" owner="Collections">
<msg time="2024-03-31T16:15:36.859660" level="INFO">False</msg>
<arg>${json_data['results'][0]['login']}</arg>
<arg>${keyTwo}</arg>
<doc>Fails if ``key`` is not found from ``dictionary``.</doc>
<status status="PASS" start="2024-03-31T16:15:36.859233" elapsed="0.000464"/>
</kw>
<kw name="Log" owner="BuiltIn">
<msg time="2024-03-31T16:15:36.860120" level="INFO">username</msg>
<arg>${keyTwo}</arg>
<doc>Logs the given message with the given level.</doc>
<status status="PASS" start="2024-03-31T16:15:36.859993" elapsed="0.000164"/>
</kw>
<var name="${keyTwo}">username</var>
<status status="PASS" start="2024-03-31T16:15:36.858410" elapsed="0.001961"/>
</iter>
<iter>
<kw name="Dictionary Should Contain Key" owner="Collections">
<msg time="2024-03-31T16:15:36.861025" level="INFO">False</msg>
<arg>${json_data['results'][0]['login']}</arg>
<arg>${keyTwo}</arg>
<doc>Fails if ``key`` is not found from ``dictionary``.</doc>
<status status="PASS" start="2024-03-31T16:15:36.860652" elapsed="0.000411"/>
</kw>
<kw name="Dictionary Should Contain Key" owner="Collections">
<msg time="2024-03-31T16:15:36.861741" level="INFO">False</msg>
<arg>${json_data['results'][0]['login']}</arg>
<arg>${keyTwo}</arg>
<doc>Fails if ``key`` is not found from ``dictionary``.</doc>
<status status="PASS" start="2024-03-31T16:15:36.861357" elapsed="0.000420"/>
</kw>
<kw name="Log" owner="BuiltIn">
<msg time="2024-03-31T16:15:36.862201" level="INFO">password</msg>
<arg>${keyTwo}</arg>
<doc>Logs the given message with the given level.</doc>
<status status="PASS" start="2024-03-31T16:15:36.862074" elapsed="0.000164"/>
</kw>
<var name="${keyTwo}">password</var>
<status status="PASS" start="2024-03-31T16:15:36.860544" elapsed="0.001911"/>
</iter>
<var>${keyTwo}</var>
<value>@{expected_keysTwo}</value>
<status status="PASS" start="2024-03-31T16:15:36.858238" elapsed="0.004337"/>
</for>
<status status="PASS" start="2024-03-31T16:15:36.756223" elapsed="0.106494"/>
</kw>
<doc>Testa a estrutura da resposta da API.</doc>
<tag>testeEstruturaResposta</tag>
<status status="PASS" start="2024-03-31T16:15:36.755224" elapsed="0.107650"/>
</test>
<test id="s1-s1-t4" name="Validar tipos de dados" line="28">
<kw name="Teste de Tipos de Dados" owner="random-user-service">
<kw name="GET On Session" owner="RequestsLibrary">
<msg time="2024-03-31T16:15:36.949722" level="INFO">GET Request : url=https://randomuser.me/api 
 path_url=/api 
 headers={'User-Agent': 'python-requests/2.31.0', 'Accept-Encoding': 'gzip, deflate', 'Accept': '*/*', 'Connection': 'keep-alive'} 
 body=None 
 </msg>
<msg time="2024-03-31T16:15:36.949800" level="INFO">GET Response : url=https://randomuser.me/api 
 status=200, reason=OK 
 headers={'Date': 'Sun, 31 Mar 2024 16:15:36 GMT', 'Content-Type': 'application/json; charset=utf-8', 'Transfer-Encoding': 'chunked', 'Connection': 'keep-alive', 'X-Powered-By': 'Express', 'Access-Control-Allow-Origin': '*', 'Cache-Control': 'no-cache', 'ETag': 'W/"49d-/TTWQKrnq4INeea0UCuji/5ByBU"', 'Vary': 'Accept-Encoding', 'Content-Encoding': 'gzip', 'CF-Cache-Status': 'DYNAMIC', 'Report-To': '{"endpoints":[{"url":"https:\\/\\/a.nel.cloudflare.com\\/report\\/v4?s=VAR8VLBLYXXfoLFkznPE6wIEsvSAO6Gppj1oxFJqH3BZ7tdYJZHTOxwH5XD29quDvAapDtAyNlKrJccJUOnAAseJ8bOJzTqUpo09MCtGKSaee7y4pSAlTcAEAHpxVlZX"}],"group":"cf-nel","max_age":604800}', 'NEL': '{"success_fraction":0,"report_to":"cf-nel","max_age":604800}', 'Server': 'cloudflare', 'CF-RAY': '86d1a39f6dd010c3-ORD', 'alt-svc': 'h3=":443"; ma=86400'} 
 body={"results":[{"gender":"female","name":{"title":"Ms","first":"Judy","last":"Reynolds"},"location":{"street":{"number":2488,"name":"Adams St"},"city":"Warrnambool","state":"Western Australia","country":"Australia","postcode":2880,"coordinates":{"latitude":"-86.0877","longitude":"50.5519"},"timezone":{"offset":"-4:00","description":"Atlantic Time (Canada), Caracas, La Paz"}},"email":"judy.reynolds@example.com","login":{"uuid":"7ba430ff-b178-4782-a0c7-fd5ae7b324ec","username":"heavyzebra868","password":"silent","salt":"hBGEIk5d","md5":"3fc25a604803bf91783e826dd414ea59","sha1":"8187ad036bd1958ea04ed432dd126fefc7416460","sha256":"96909da25272e38d67d3fc1be707d327876fcf56c975772301645f12a9004a4b"},"dob":{"date":"1965-02-26T04:06:39.799Z","age":59},"registered":{"date":"2015-01-29T08:08:02.943Z","age":9},"phone":"04-7213-9736","cell":"0430-390-156","id":{"name":"TFN","value":"967136367"},"picture":{"large":"https://randomuser.me/api/portraits/women/89.jpg","medium":"https://randomuser.me/api/portraits/med/women/89.jpg","thumbnail":"https://randomuser.me/api/portraits/thumb/women/89.jpg"},"nat":"AU"}],"info":{"seed":"e349637f3c4063ef","results":1,"page":1,"version":"1.4"}} 
 </msg>
<msg time="2024-03-31T16:15:36.949866" level="INFO">/opt/hostedtoolcache/Python/3.12.2/x64/lib/python3.12/site-packages/urllib3/connectionpool.py:1103: InsecureRequestWarning: Unverified HTTPS request is being made to host 'randomuser.me'. Adding certificate verification is strongly advised. See: https://urllib3.readthedocs.io/en/latest/advanced-usage.html#tls-warnings
  warnings.warn(</msg>
<msg time="2024-03-31T16:15:36.949974" level="INFO">${response} = &lt;Response [200]&gt;</msg>
<var>${response}</var>
<arg>consultarAPI</arg>
<arg>/api</arg>
<doc>Sends a GET request on a previously created HTTP Session.</doc>
<status status="PASS" start="2024-03-31T16:15:36.865534" elapsed="0.084486"/>
</kw>
<kw name="Set Variable" owner="BuiltIn">
<msg time="2024-03-31T16:15:36.950932" level="INFO">${json_data} = {'results': [{'gender': 'female', 'name': {'title': 'Ms', 'first': 'Judy', 'last': 'Reynolds'}, 'location': {'street': {'number': 2488, 'name': 'Adams St'}, 'city': 'Warrnambool', 'state': 'Western Au...</msg>
<var>${json_data}</var>
<arg>${response.json()}</arg>
<doc>Returns the given values which can then be assigned to a variables.</doc>
<status status="PASS" start="2024-03-31T16:15:36.950461" elapsed="0.000499"/>
</kw>
<kw name="Log" owner="BuiltIn">
<msg time="2024-03-31T16:15:36.951422" level="INFO">{'results': [{'gender': 'female', 'name': {'title': 'Ms', 'first': 'Judy', 'last': 'Reynolds'}, 'location': {'street': {'number': 2488, 'name': 'Adams St'}, 'city': 'Warrnambool', 'state': 'Western Australia', 'country': 'Australia', 'postcode': 2880, 'coordinates': {'latitude': '-86.0877', 'longitude': '50.5519'}, 'timezone': {'offset': '-4:00', 'description': 'Atlantic Time (Canada), Caracas, La Paz'}}, 'email': 'judy.reynolds@example.com', 'login': {'uuid': '7ba430ff-b178-4782-a0c7-fd5ae7b324ec', 'username': 'heavyzebra868', 'password': 'silent', 'salt': 'hBGEIk5d', 'md5': '3fc25a604803bf91783e826dd414ea59', 'sha1': '8187ad036bd1958ea04ed432dd126fefc7416460', 'sha256': '96909da25272e38d67d3fc1be707d327876fcf56c975772301645f12a9004a4b'}, 'dob': {'date': '1965-02-26T04:06:39.799Z', 'age': 59}, 'registered': {'date': '2015-01-29T08:08:02.943Z', 'age': 9}, 'phone': '04-7213-9736', 'cell': '0430-390-156', 'id': {'name': 'TFN', 'value': '967136367'}, 'picture': {'large': 'https://randomuser.me/api/portraits/women/89.jpg', 'medium': 'https://randomuser.me/api/portraits/med/women/89.jpg', 'thumbnail': 'https://randomuser.me/api/portraits/thumb/women/89.jpg'}, 'nat': 'AU'}], 'info': {'seed': 'e349637f3c4063ef', 'results': 1, 'page': 1, 'version': '1.4'}}</msg>
<arg>${json_data}</arg>
<doc>Logs the given message with the given level.</doc>
<status status="PASS" start="2024-03-31T16:15:36.951270" elapsed="0.000262"/>
</kw>
<kw name="Should Be String" owner="String">
<arg>${json_data['results'][0]['gender']}</arg>
<doc>Fails if the given ``item`` is not a string.</doc>
<status status="PASS" start="2024-03-31T16:15:36.951846" elapsed="0.000366"/>
</kw>
<kw name="Should Match Regexp" owner="BuiltIn">
<arg>${json_data['results'][0]['email']}</arg>
<arg>^[a-zA-Z0-9._%+-]+@[a-zA-Z0-9.-]+\.[a-zA-Z]{2,}$</arg>
<doc>Fails if ``string`` does not match ``pattern`` as a regular expression.</doc>
<status status="PASS" start="2024-03-31T16:15:36.952407" elapsed="0.000525"/>
</kw>
<kw name="Should Match Regexp" owner="BuiltIn">
<arg>${json_data['results'][0]['dob']['date']}</arg>
<arg>\\d{4}-\\d{2}-\\d{2}T\\d{2}:\\d{2}:\\d{2}\\.\\d{3}Z</arg>
<doc>Fails if ``string`` does not match ``pattern`` as a regular expression.</doc>
<status status="PASS" start="2024-03-31T16:15:36.953132" elapsed="0.000498"/>
</kw>
<kw name="Should Match Regexp" owner="BuiltIn">
<arg>${json_data['results'][0]['registered']['date']}</arg>
<arg>\\d{4}-\\d{2}-\\d{2}T\\d{2}:\\d{2}:\\d{2}\\.\\d{3}Z</arg>
<doc>Fails if ``string`` does not match ``pattern`` as a regular expression.</doc>
<status status="PASS" start="2024-03-31T16:15:36.953835" elapsed="0.000377"/>
</kw>
<kw name="Should Match Regexp" owner="BuiltIn">
<arg>${json_data['results'][0]['picture']['large']}</arg>
<arg>^https?://.*\.(?:png|jpe?g|gif|bmp)$</arg>
<doc>Fails if ``string`` does not match ``pattern`` as a regular expression.</doc>
<status status="PASS" start="2024-03-31T16:15:36.954400" elapsed="0.000453"/>
</kw>
<kw name="Should Match Regexp" owner="BuiltIn">
<arg>${json_data['results'][0]['picture']['medium']}</arg>
<arg>^https?://.*\.(?:png|jpe?g|gif|bmp)$</arg>
<doc>Fails if ``string`` does not match ``pattern`` as a regular expression.</doc>
<status status="PASS" start="2024-03-31T16:15:36.955041" elapsed="0.000357"/>
</kw>
<kw name="Should Match Regexp" owner="BuiltIn">
<arg>${json_data['results'][0]['picture']['thumbnail']}</arg>
<arg>^https?://.*\.(?:png|jpe?g|gif|bmp)$</arg>
<doc>Fails if ``string`` does not match ``pattern`` as a regular expression.</doc>
<status status="PASS" start="2024-03-31T16:15:36.955605" elapsed="0.000359"/>
</kw>
<kw name="Log" owner="BuiltIn">
<msg time="2024-03-31T16:15:36.956472" level="INFO">{'large': 'https://randomuser.me/api/portraits/women/89.jpg', 'medium': 'https://randomuser.me/api/portraits/med/women/89.jpg', 'thumbnail': 'https://randomuser.me/api/portraits/thumb/women/89.jpg'}</msg>
<arg>${json_data['results'][0]['picture']}</arg>
<doc>Logs the given message with the given level.</doc>
<status status="PASS" start="2024-03-31T16:15:36.956144" elapsed="0.000374"/>
</kw>
<status status="PASS" start="2024-03-31T16:15:36.865306" elapsed="0.091463"/>
</kw>
<kw name="Teste de Tipos de Dados - Postcode" owner="random-user-service">
<kw name="GET On Session" owner="RequestsLibrary">
<msg time="2024-03-31T16:15:37.041364" level="INFO">GET Request : url=https://randomuser.me/api 
 path_url=/api 
 headers={'User-Agent': 'python-requests/2.31.0', 'Accept-Encoding': 'gzip, deflate', 'Accept': '*/*', 'Connection': 'keep-alive'} 
 body=None 
 </msg>
<msg time="2024-03-31T16:15:37.041454" level="INFO">GET Response : url=https://randomuser.me/api 
 status=200, reason=OK 
 headers={'Date': 'Sun, 31 Mar 2024 16:15:37 GMT', 'Content-Type': 'application/json; charset=utf-8', 'Transfer-Encoding': 'chunked', 'Connection': 'keep-alive', 'X-Powered-By': 'Express', 'Access-Control-Allow-Origin': '*', 'Cache-Control': 'no-cache', 'ETag': 'W/"4b2-2vcGt89h8vnLQMQ6yBR03jHoE3g"', 'Vary': 'Accept-Encoding', 'Content-Encoding': 'gzip', 'CF-Cache-Status': 'DYNAMIC', 'Report-To': '{"endpoints":[{"url":"https:\\/\\/a.nel.cloudflare.com\\/report\\/v4?s=8mHBx08wo6mPBQySPhnxzNoVdu5A%2FGq3D5GTCV4f6MbnEtBe%2BDkBGiz5tBFctnCuhuLRXJHONK%2Fqv5iyepPJ3szh8qZqkOtxSZ7Z8ferRL2hG1tcmXETZ1uW9nrOBZpc"}],"group":"cf-nel","max_age":604800}', 'NEL': '{"success_fraction":0,"report_to":"cf-nel","max_age":604800}', 'Server': 'cloudflare', 'CF-RAY': '86d1a39ffeae10c3-ORD', 'alt-svc': 'h3=":443"; ma=86400'} 
 body={"results":[{"gender":"female","name":{"title":"Mrs","first":"Priscilla","last":"Austin"},"location":{"street":{"number":8034,"name":"Hogan St"},"city":"Australian Capital Territory","state":"New South Wales","country":"Australia","postcode":2768,"coordinates":{"latitude":"-89.7619","longitude":"12.6817"},"timezone":{"offset":"-6:00","description":"Central Time (US &amp; Canada), Mexico City"}},"email":"priscilla.austin@example.com","login":{"uuid":"c063c612-848c-4593-9ae2-00e092d3f2ed","username":"bluebear105","password":"thumbs","salt":"rFVvJoMN","md5":"5a44f503ad96b2acbfb64247c313e382","sha1":"f4d149a1b790e3b51b9cd3469a6f1104e4aa8041","sha256":"b5b423ddc19df9201838762fd5be0d8070112cfc300ae899644be5ec317a2819"},"dob":{"date":"1997-08-14T11:46:01.190Z","age":26},"registered":{"date":"2002-05-16T13:45:55.095Z","age":21},"phone":"01-8291-8837","cell":"0444-579-607","id":{"name":"TFN","value":"194478195"},"picture":{"large":"https://randomuser.me/api/portraits/women/54.jpg","medium":"https://randomuser.me/api/portraits/med/women/54.jpg","thumbnail":"https://randomuser.me/api/portraits/thumb/women/54.jpg"},"nat":"AU"}],"info":{"seed":"8624ac2872cf96ce","results":1,"page":1,"version":"1.4"}} 
 </msg>
<msg time="2024-03-31T16:15:37.041543" level="INFO">/opt/hostedtoolcache/Python/3.12.2/x64/lib/python3.12/site-packages/urllib3/connectionpool.py:1103: InsecureRequestWarning: Unverified HTTPS request is being made to host 'randomuser.me'. Adding certificate verification is strongly advised. See: https://urllib3.readthedocs.io/en/latest/advanced-usage.html#tls-warnings
  warnings.warn(</msg>
<msg time="2024-03-31T16:15:37.041660" level="INFO">${response} = &lt;Response [200]&gt;</msg>
<var>${response}</var>
<arg>consultarAPI</arg>
<arg>/api</arg>
<doc>Sends a GET request on a previously created HTTP Session.</doc>
<status status="PASS" start="2024-03-31T16:15:36.957321" elapsed="0.084385"/>
</kw>
<kw name="Set Variable" owner="BuiltIn">
<msg time="2024-03-31T16:15:37.042624" level="INFO">${json_data} = {'results': [{'gender': 'female', 'name': {'title': 'Mrs', 'first': 'Priscilla', 'last': 'Austin'}, 'location': {'street': {'number': 8034, 'name': 'Hogan St'}, 'city': 'Australian Capital Territory',...</msg>
<var>${json_data}</var>
<arg>${response.json()}</arg>
<doc>Returns the given values which can then be assigned to a variables.</doc>
<status status="PASS" start="2024-03-31T16:15:37.042154" elapsed="0.000498"/>
</kw>
<kw name="Log" owner="BuiltIn">
<msg time="2024-03-31T16:15:37.043104" level="INFO">{'results': [{'gender': 'female', 'name': {'title': 'Mrs', 'first': 'Priscilla', 'last': 'Austin'}, 'location': {'street': {'number': 8034, 'name': 'Hogan St'}, 'city': 'Australian Capital Territory', 'state': 'New South Wales', 'country': 'Australia', 'postcode': 2768, 'coordinates': {'latitude': '-89.7619', 'longitude': '12.6817'}, 'timezone': {'offset': '-6:00', 'description': 'Central Time (US &amp; Canada), Mexico City'}}, 'email': 'priscilla.austin@example.com', 'login': {'uuid': 'c063c612-848c-4593-9ae2-00e092d3f2ed', 'username': 'bluebear105', 'password': 'thumbs', 'salt': 'rFVvJoMN', 'md5': '5a44f503ad96b2acbfb64247c313e382', 'sha1': 'f4d149a1b790e3b51b9cd3469a6f1104e4aa8041', 'sha256': 'b5b423ddc19df9201838762fd5be0d8070112cfc300ae899644be5ec317a2819'}, 'dob': {'date': '1997-08-14T11:46:01.190Z', 'age': 26}, 'registered': {'date': '2002-05-16T13:45:55.095Z', 'age': 21}, 'phone': '01-8291-8837', 'cell': '0444-579-607', 'id': {'name': 'TFN', 'value': '194478195'}, 'picture': {'large': 'https://randomuser.me/api/portraits/women/54.jpg', 'medium': 'https://randomuser.me/api/portraits/med/women/54.jpg', 'thumbnail': 'https://randomuser.me/api/portraits/thumb/women/54.jpg'}, 'nat': 'AU'}], 'info': {'seed': '8624ac2872cf96ce', 'results': 1, 'page': 1, 'version': '1.4'}}</msg>
<arg>${json_data}</arg>
<doc>Logs the given message with the given level.</doc>
<status status="PASS" start="2024-03-31T16:15:37.042952" elapsed="0.000232"/>
</kw>
<kw name="Should Be Equal As Numbers" owner="BuiltIn">
<arg>${json_data['results'][0]['location']['postcode']}</arg>
<arg>${json_data['results'][0]['location']['postcode']}</arg>
<doc>Fails if objects are unequal after converting them to real numbers.</doc>
<status status="PASS" start="2024-03-31T16:15:37.043485" elapsed="0.000673"/>
</kw>
<kw name="Log" owner="BuiltIn">
<msg time="2024-03-31T16:15:37.044687" level="INFO">2768</msg>
<arg>${json_data['results'][0]['location']['postcode']}</arg>
<doc>Logs the given message with the given level.</doc>
<status status="PASS" start="2024-03-31T16:15:37.044349" elapsed="0.000378"/>
</kw>
<status status="PASS" start="2024-03-31T16:15:36.956980" elapsed="0.088001"/>
</kw>
<doc>Testa se os tipos de dados na resposta da API estão corretos.</doc>
<tag>testeTiposDados</tag>
<status status="PASS" start="2024-03-31T16:15:36.864756" elapsed="0.180394"/>
</test>
<test id="s1-s1-t5" name="Validar conteudo" line="35">
<kw name="Teste de Tipos de Conteudo" owner="random-user-service">
<kw name="GET On Session" owner="RequestsLibrary">
<msg time="2024-03-31T16:15:37.148140" level="INFO">GET Request : url=https://randomuser.me/api 
 path_url=/api 
 headers={'User-Agent': 'python-requests/2.31.0', 'Accept-Encoding': 'gzip, deflate', 'Accept': '*/*', 'Connection': 'keep-alive'} 
 body=None 
 </msg>
<msg time="2024-03-31T16:15:37.148204" level="INFO">GET Response : url=https://randomuser.me/api 
 status=200, reason=OK 
 headers={'Date': 'Sun, 31 Mar 2024 16:15:37 GMT', 'Content-Type': 'application/json; charset=utf-8', 'Transfer-Encoding': 'chunked', 'Connection': 'keep-alive', 'X-Powered-By': 'Express', 'Access-Control-Allow-Origin': '*', 'Cache-Control': 'no-cache', 'ETag': 'W/"4a7-Y6XKtO7kBpzqzrlSyttzaoK6MhI"', 'Vary': 'Accept-Encoding', 'Content-Encoding': 'gzip', 'CF-Cache-Status': 'DYNAMIC', 'Report-To': '{"endpoints":[{"url":"https:\\/\\/a.nel.cloudflare.com\\/report\\/v4?s=Ze2tuP7bX5FLorlWmZVboiosM2dTr3Rrc1QKh9Jn0IWSzeGZhaqzbCgCXphhTwYqW8gWPTFugrbWY2kbua5DceXepcajhZ3oYQluFA7ogfxIN%2B83CcfPeIiRZIrjZBeM"}],"group":"cf-nel","max_age":604800}', 'NEL': '{"success_fraction":0,"report_to":"cf-nel","max_age":604800}', 'Server': 'cloudflare', 'CF-RAY': '86d1a3a08f4910c3-ORD', 'alt-svc': 'h3=":443"; ma=86400'} 
 body={"results":[{"gender":"male","name":{"title":"Mr","first":"John","last":"Hughes"},"location":{"street":{"number":5135,"name":"Lone Wolf Trail"},"city":"Virginia Beach","state":"New Jersey","country":"United States","postcode":88317,"coordinates":{"latitude":"83.9195","longitude":"-62.5260"},"timezone":{"offset":"0:00","description":"Western Europe Time, London, Lisbon, Casablanca"}},"email":"john.hughes@example.com","login":{"uuid":"86787f9d-f0d1-4322-9a17-0b267556d633","username":"bigkoala126","password":"patricia","salt":"0dZgoikK","md5":"efddef43f2fdc2e0bf8c5eaf8de3beeb","sha1":"8d18e964b1c0bf6200f3c90f38ab03bd320944d8","sha256":"a6c7b74295ec12d9b876b58457c197a007b301931f35e5c475b3f17e9ae7cb91"},"dob":{"date":"1986-08-12T21:41:06.799Z","age":37},"registered":{"date":"2004-10-21T04:40:43.663Z","age":19},"phone":"(533) 584-1202","cell":"(229) 660-9853","id":{"name":"SSN","value":"012-52-1350"},"picture":{"large":"https://randomuser.me/api/portraits/men/42.jpg","medium":"https://randomuser.me/api/portraits/med/men/42.jpg","thumbnail":"https://randomuser.me/api/portraits/thumb/men/42.jpg"},"nat":"US"}],"info":{"seed":"299a043220a54fe7","results":1,"page":1,"version":"1.4"}} 
 </msg>
<msg time="2024-03-31T16:15:37.148259" level="INFO">/opt/hostedtoolcache/Python/3.12.2/x64/lib/python3.12/site-packages/urllib3/connectionpool.py:1103: InsecureRequestWarning: Unverified HTTPS request is being made to host 'randomuser.me'. Adding certificate verification is strongly advised. See: https://urllib3.readthedocs.io/en/latest/advanced-usage.html#tls-warnings
  warnings.warn(</msg>
<msg time="2024-03-31T16:15:37.148345" level="INFO">${response} = &lt;Response [200]&gt;</msg>
<var>${response}</var>
<arg>consultarAPI</arg>
<arg>/api</arg>
<doc>Sends a GET request on a previously created HTTP Session.</doc>
<status status="PASS" start="2024-03-31T16:15:37.047644" elapsed="0.100732"/>
</kw>
<kw name="Set Variable" owner="BuiltIn">
<msg time="2024-03-31T16:15:37.149210" level="INFO">${json_data} = {'results': [{'gender': 'male', 'name': {'title': 'Mr', 'first': 'John', 'last': 'Hughes'}, 'location': {'street': {'number': 5135, 'name': 'Lone Wolf Trail'}, 'city': 'Virginia Beach', 'state': 'New ...</msg>
<var>${json_data}</var>
<arg>${response.json()}</arg>
<doc>Returns the given values which can then be assigned to a variables.</doc>
<status status="PASS" start="2024-03-31T16:15:37.148758" elapsed="0.000480"/>
</kw>
<kw name="Set Variable" owner="BuiltIn">
<msg time="2024-03-31T16:15:37.149925" level="INFO">${name_title} = Mr</msg>
<var>${name_title}</var>
<arg>${json_data["results"][0]["name"]["title"]}</arg>
<doc>Returns the given values which can then be assigned to a variables.</doc>
<status status="PASS" start="2024-03-31T16:15:37.149544" elapsed="0.000407"/>
</kw>
<kw name="Create List" owner="BuiltIn">
<msg time="2024-03-31T16:15:37.150398" level="INFO">${allowed_titles} = ['Mr', 'Ms', 'Miss', 'Mrs', 'Madame', 'Monsieur']</msg>
<var>${allowed_titles}</var>
<arg>Mr</arg>
<arg>Ms</arg>
<arg>Miss</arg>
<arg>Mrs</arg>
<arg>Madame</arg>
<arg>Monsieur</arg>
<doc>Returns a list containing given items.</doc>
<status status="PASS" start="2024-03-31T16:15:37.150249" elapsed="0.000173"/>
</kw>
<kw name="List Should Contain Value" owner="Collections">
<msg time="2024-03-31T16:15:37.150901" level="INFO">False</msg>
<arg>${allowed_titles}</arg>
<arg>${name_title}</arg>
<doc>Fails if the ``value`` is not found from ``list``.</doc>
<status status="PASS" start="2024-03-31T16:15:37.150725" elapsed="0.000213"/>
</kw>
<kw name="Set Variable" owner="BuiltIn">
<msg time="2024-03-31T16:15:37.151662" level="INFO">${name_country} = US</msg>
<var>${name_country}</var>
<arg>${json_data["results"][0]["nat"]}</arg>
<doc>Returns the given values which can then be assigned to a variables.</doc>
<status status="PASS" start="2024-03-31T16:15:37.151222" elapsed="0.000465"/>
</kw>
<kw name="Create List" owner="BuiltIn">
<msg time="2024-03-31T16:15:37.152608" level="INFO">${list_country} = ['AD', 'AE', 'AF', 'AG', 'AI', 'AL', 'AM', 'AO', 'AQ', 'AR', 'AS', 'AT', 'AU', 'AW', 'AX', 'AZ', 'BA', 'BB', 'BD', 'BE', 'BF', 'BG', 'BH', 'BI', 'BJ', 'BL', 'BM', 'BN', 'BO', 'BQ', 'BR', 'BS', 'BT', '...</msg>
<var>${list_country}</var>
<arg>AD</arg>
<arg>AE</arg>
<arg>AF</arg>
<arg>AG</arg>
<arg>AI</arg>
<arg>AL</arg>
<arg>AM</arg>
<arg>AO</arg>
<arg>AQ</arg>
<arg>AR</arg>
<arg>AS</arg>
<arg>AT</arg>
<arg>AU</arg>
<arg>AW</arg>
<arg>AX</arg>
<arg>AZ</arg>
<arg>BA</arg>
<arg>BB</arg>
<arg>BD</arg>
<arg>BE</arg>
<arg>BF</arg>
<arg>BG</arg>
<arg>BH</arg>
<arg>BI</arg>
<arg>BJ</arg>
<arg>BL</arg>
<arg>BM</arg>
<arg>BN</arg>
<arg>BO</arg>
<arg>BQ</arg>
<arg>BR</arg>
<arg>BS</arg>
<arg>BT</arg>
<arg>BV</arg>
<arg>BW</arg>
<arg>BY</arg>
<arg>BZ</arg>
<arg>CA</arg>
<arg>CC</arg>
<arg>CD</arg>
<arg>CF</arg>
<arg>CG</arg>
<arg>CH</arg>
<arg>CI</arg>
<arg>CK</arg>
<arg>CL</arg>
<arg>CM</arg>
<arg>CN</arg>
<arg>CO</arg>
<arg>CR</arg>
<arg>CU</arg>
<arg>CV</arg>
<arg>CW</arg>
<arg>CX</arg>
<arg>CY</arg>
<arg>CZ</arg>
<arg>DE</arg>
<arg>DJ</arg>
<arg>DK</arg>
<arg>DM</arg>
<arg>DO</arg>
<arg>DZ</arg>
<arg>EC</arg>
<arg>EE</arg>
<arg>EG</arg>
<arg>EH</arg>
<arg>ER</arg>
<arg>ES</arg>
<arg>ET</arg>
<arg>FI</arg>
<arg>FJ</arg>
<arg>FK</arg>
<arg>FM</arg>
<arg>FO</arg>
<arg>FR</arg>
<arg>GA</arg>
<arg>GB</arg>
<arg>GD</arg>
<arg>GE</arg>
<arg>GF</arg>
<arg>GG</arg>
<arg>GH</arg>
<arg>GI</arg>
<arg>GL</arg>
<arg>GM</arg>
<arg>GN</arg>
<arg>GP</arg>
<arg>GQ</arg>
<arg>GR</arg>
<arg>GS</arg>
<arg>GT</arg>
<arg>GU</arg>
<arg>GW</arg>
<arg>GY</arg>
<arg>HK</arg>
<arg>HM</arg>
<arg>HN</arg>
<arg>HR</arg>
<arg>HT</arg>
<arg>HU</arg>
<arg>ID</arg>
<arg>IE</arg>
<arg>IL</arg>
<arg>IM</arg>
<arg>IN</arg>
<arg>IO</arg>
<arg>IQ</arg>
<arg>IR</arg>
<arg>IS</arg>
<arg>IT</arg>
<arg>JE</arg>
<arg>JM</arg>
<arg>JO</arg>
<arg>JP</arg>
<arg>KE</arg>
<arg>KG</arg>
<arg>KH</arg>
<arg>KI</arg>
<arg>KM</arg>
<arg>KN</arg>
<arg>KP</arg>
<arg>KR</arg>
<arg>KW</arg>
<arg>KY</arg>
<arg>KZ</arg>
<arg>LA</arg>
<arg>LB</arg>
<arg>LC</arg>
<arg>LI</arg>
<arg>LK</arg>
<arg>LR</arg>
<arg>LS</arg>
<arg>LT</arg>
<arg>LU</arg>
<arg>LV</arg>
<arg>LY</arg>
<arg>MA</arg>
<arg>MC</arg>
<arg>MD</arg>
<arg>ME</arg>
<arg>MF</arg>
<arg>MG</arg>
<arg>MH</arg>
<arg>MK</arg>
<arg>ML</arg>
<arg>MM</arg>
<arg>MN</arg>
<arg>MO</arg>
<arg>MP</arg>
<arg>MQ</arg>
<arg>MR</arg>
<arg>MS</arg>
<arg>MT</arg>
<arg>MU</arg>
<arg>MV</arg>
<arg>MW</arg>
<arg>MX</arg>
<arg>MY</arg>
<arg>MZ</arg>
<arg>NA</arg>
<arg>NC</arg>
<arg>NE</arg>
<arg>NF</arg>
<arg>NG</arg>
<arg>NI</arg>
<arg>NL</arg>
<arg>NO</arg>
<arg>NP</arg>
<arg>NR</arg>
<arg>NU</arg>
<arg>NZ</arg>
<arg>OM</arg>
<arg>PA</arg>
<arg>PE</arg>
<arg>PF</arg>
<arg>PG</arg>
<arg>PH</arg>
<arg>PK</arg>
<arg>PL</arg>
<arg>PM</arg>
<arg>PN</arg>
<arg>PR</arg>
<arg>PS</arg>
<arg>PT</arg>
<arg>PW</arg>
<arg>PY</arg>
<arg>QA</arg>
<arg>RE</arg>
<arg>RO</arg>
<arg>RS</arg>
<arg>RU</arg>
<arg>RW</arg>
<arg>SA</arg>
<arg>SB</arg>
<arg>SC</arg>
<arg>SD</arg>
<arg>SE</arg>
<arg>SG</arg>
<arg>SH</arg>
<arg>SI</arg>
<arg>SJ</arg>
<arg>SK</arg>
<arg>SL</arg>
<arg>SM</arg>
<arg>SN</arg>
<arg>SO</arg>
<arg>SR</arg>
<arg>SS</arg>
<arg>ST</arg>
<arg>SV</arg>
<arg>SX</arg>
<arg>SY</arg>
<arg>SZ</arg>
<arg>TC</arg>
<arg>TD</arg>
<arg>TF</arg>
<arg>TG</arg>
<arg>TH</arg>
<arg>TJ</arg>
<arg>TK</arg>
<arg>TL</arg>
<arg>TM</arg>
<arg>TN</arg>
<arg>TO</arg>
<arg>TR</arg>
<arg>TT</arg>
<arg>TV</arg>
<arg>TW</arg>
<arg>TZ</arg>
<arg>UA</arg>
<arg>UG</arg>
<arg>UM</arg>
<arg>US</arg>
<arg>UY</arg>
<arg>UZ</arg>
<arg>VA</arg>
<arg>VC</arg>
<arg>VE</arg>
<arg>VG</arg>
<arg>VI</arg>
<arg>VN</arg>
<arg>VU</arg>
<arg>WF</arg>
<arg>WS</arg>
<arg>XK</arg>
<arg>YE</arg>
<arg>YT</arg>
<arg>ZA</arg>
<arg>ZM</arg>
<arg>ZW</arg>
<doc>Returns a list containing given items.</doc>
<status status="PASS" start="2024-03-31T16:15:37.152009" elapsed="0.000625"/>
</kw>
<kw name="List Should Contain Value" owner="Collections">
<msg time="2024-03-31T16:15:37.153739" level="INFO">False</msg>
<arg>${list_country}</arg>
<arg>${name_country}</arg>
<doc>Fails if the ``value`` is not found from ``list``.</doc>
<status status="PASS" start="2024-03-31T16:15:37.153532" elapsed="0.000244"/>
</kw>
<kw name="Run Keyword If" owner="BuiltIn">
<kw name="Should Be True" owner="BuiltIn">
<arg>${True}</arg>
<doc>Fails if the given condition is not true.</doc>
<status status="PASS" start="2024-03-31T16:15:37.154862" elapsed="0.000145"/>
</kw>
<arg>${json_data["results"][0]["location"]["coordinates"]["latitude"]} &gt;= -90 and ${json_data["results"][0]["location"]["coordinates"]["latitude"]} &lt;= 90</arg>
<arg>Should Be True</arg>
<arg>${True}</arg>
<doc>Runs the given keyword with the given arguments, if ``condition`` is true.</doc>
<status status="PASS" start="2024-03-31T16:15:37.154095" elapsed="0.001042"/>
</kw>
<kw name="Run Keyword If" owner="BuiltIn">
<kw name="Should Be True" owner="BuiltIn">
<arg>${True}</arg>
<doc>Fails if the given condition is not true.</doc>
<status status="PASS" start="2024-03-31T16:15:37.156070" elapsed="0.000139"/>
</kw>
<arg>${json_data["results"][0]["location"]["coordinates"]["longitude"]} &gt;= -180 and ${json_data["results"][0]["location"]["coordinates"]["longitude"]} &lt;= 180</arg>
<arg>Should Be True</arg>
<arg>${True}</arg>
<doc>Runs the given keyword with the given arguments, if ``condition`` is true.</doc>
<status status="PASS" start="2024-03-31T16:15:37.155324" elapsed="0.001008"/>
</kw>
<status status="PASS" start="2024-03-31T16:15:37.047390" elapsed="0.109069"/>
</kw>
<doc>Testa o conteúdo específico dos campos retornados pela API.</doc>
<tag>testeConteudo</tag>
<status status="PASS" start="2024-03-31T16:15:37.046930" elapsed="0.109675"/>
</test>
<status status="PASS" start="2024-03-31T16:15:36.178904" elapsed="0.979629"/>
</suite>
<status status="PASS" start="2024-03-31T16:15:36.165328" elapsed="0.998543"/>
</suite>
<statistics>
<total>
<stat pass="5" fail="0" skip="0">All Tests</stat>
</total>
<tag>
<stat pass="1" fail="0" skip="0">testeConteudo</stat>
<stat pass="1" fail="0" skip="0">testeEstruturaResposta</stat>
<stat pass="1" fail="0" skip="0">testeRequisicaoBasica</stat>
<stat pass="1" fail="0" skip="0">testeTiposDados</stat>
</tag>
<suite>
<stat pass="5" fail="0" skip="0" id="s1" name="Tests">Tests</stat>
<stat pass="5" fail="0" skip="0" id="s1-s1" name="Random-User-Test">Tests.Random-User-Test</stat>
</suite>
</statistics>
<errors>
</errors>
</robot>
