<?xml version="1.0" encoding="UTF-8"?>
<robot generator="Robot 7.0.1 (Python 3.12.4 on linux)" generated="2024-06-28T04:17:29.078148" rpa="false" schemaversion="5">
<suite id="s1" name="Tests" source="/home/runner/work/ApiRandomUser/ApiRandomUser/RamdonUser/tests">
<suite id="s1-s1" name="Random-User-Test" source="/home/runner/work/ApiRandomUser/ApiRandomUser/RamdonUser/tests/random-user-test.robot">
<test id="s1-s1-t1" name="Conectar" line="13">
<kw name="Conectar API" owner="random-user-service">
<kw name="Create Session" owner="RequestsLibrary">
<msg time="2024-06-28T04:17:29.491635" level="INFO">Creating Session using : alias=consultarAPI, url=https://randomuser.me/, headers={},                     cookies={}, auth=None, timeout=None, proxies=None, verify=False,                     debug=0 </msg>
<arg>consultarAPI</arg>
<arg>${URL}</arg>
<doc>Create Session: create a HTTP session to a server</doc>
<status status="PASS" start="2024-06-28T04:17:29.491429" elapsed="0.000385"/>
</kw>
<status status="PASS" start="2024-06-28T04:17:29.490465" elapsed="0.001729"/>
</kw>
<status status="PASS" start="2024-06-28T04:17:29.489914" elapsed="0.002473"/>
</test>
<test id="s1-s1-t2" name="Validar retorno 200 e JSON Válido" line="16">
<kw name="Teste de Requisicao Basica" owner="random-user-service">
<kw name="GET On Session" owner="RequestsLibrary">
<msg time="2024-06-28T04:17:29.667711" level="INFO">GET Request : url=https://randomuser.me/api 
 path_url=/api 
 headers={'User-Agent': 'python-requests/2.32.3', 'Accept-Encoding': 'gzip, deflate', 'Accept': '*/*', 'Connection': 'keep-alive'} 
 body=None 
 </msg>
<msg time="2024-06-28T04:17:29.667861" level="INFO">GET Response : url=https://randomuser.me/api 
 status=200, reason=OK 
 headers={'Date': 'Fri, 28 Jun 2024 04:17:29 GMT', 'Content-Type': 'application/json; charset=utf-8', 'Transfer-Encoding': 'chunked', 'Connection': 'keep-alive', 'X-Powered-By': 'Express', 'Access-Control-Allow-Origin': '*', 'Cache-Control': 'no-cache', 'ETag': 'W/"480-6Zc21v8rO6dJ4JHRBKtRvxNQOt4"', 'Vary': 'Accept-Encoding', 'Content-Encoding': 'gzip', 'CF-Cache-Status': 'DYNAMIC', 'Report-To': '{"endpoints":[{"url":"https:\\/\\/a.nel.cloudflare.com\\/report\\/v4?s=MSQDM%2FILdvuH5Ud4%2FeVEnMvofn1skFTQJfHbxSS3kvMgJjgaoidTXIdZSYFNE7omXFMIYSILN7Fzq8mj%2BRxjdW4gjNojA8BxNQ8Jm78vjesO4TzeADQgXMbywtHfUwYC"}],"group":"cf-nel","max_age":604800}', 'NEL': '{"success_fraction":0,"report_to":"cf-nel","max_age":604800}', 'Server': 'cloudflare', 'CF-RAY': '89aade1028e62015-IAD', 'alt-svc': 'h3=":443"; ma=86400'} 
 body={"results":[{"gender":"male","name":{"title":"Mr","first":"Ray","last":"Dixon"},"location":{"street":{"number":823,"name":"Mockingbird Hill"},"city":"Bendigo","state":"South Australia","country":"Australia","postcode":6609,"coordinates":{"latitude":"-85.1792","longitude":"-75.4517"},"timezone":{"offset":"+7:00","description":"Bangkok, Hanoi, Jakarta"}},"email":"ray.dixon@example.com","login":{"uuid":"c3c1829c-76a0-4748-857b-19f071b64685","username":"heavyostrich185","password":"eldorado","salt":"DAQcBrGc","md5":"b307532f369ad78484130e2274f2acca","sha1":"257c4f70c082c0d22e47366afa547951641acf4b","sha256":"2784bb6ecb77466c3f01a5ede14dac28fb776599f97bc0fa689073a2ce517953"},"dob":{"date":"1977-03-13T01:52:53.585Z","age":47},"registered":{"date":"2021-12-20T21:09:16.413Z","age":2},"phone":"04-0733-3537","cell":"0461-857-867","id":{"name":"TFN","value":"878962010"},"picture":{"large":"https://randomuser.me/api/portraits/men/6.jpg","medium":"https://randomuser.me/api/portraits/med/men/6.jpg","thumbnail":"https://randomuser.me/api/portraits/thumb/men/6.jpg"},"nat":"AU"}],"info":{"seed":"0e8f24da7a0c754d","results":1,"page":1,"version":"1.4"}} 
 </msg>
<msg time="2024-06-28T04:17:29.667951" level="INFO">/opt/hostedtoolcache/Python/3.12.4/x64/lib/python3.12/site-packages/urllib3/connectionpool.py:1099: InsecureRequestWarning: Unverified HTTPS request is being made to host 'randomuser.me'. Adding certificate verification is strongly advised. See: https://urllib3.readthedocs.io/en/latest/advanced-usage.html#tls-warnings
  warnings.warn(</msg>
<msg time="2024-06-28T04:17:29.668100" level="INFO">${response} = &lt;Response [200]&gt;</msg>
<var>${response}</var>
<arg>consultarAPI</arg>
<arg>/api</arg>
<doc>Sends a GET request on a previously created HTTP Session.</doc>
<status status="PASS" start="2024-06-28T04:17:29.494960" elapsed="0.173184"/>
</kw>
<kw name="Should Be Equal As Numbers" owner="BuiltIn">
<msg time="2024-06-28T04:17:29.669246" level="INFO">Argument types are:
&lt;class 'int'&gt;
&lt;class 'str'&gt;</msg>
<arg>${response.status_code}</arg>
<arg>200</arg>
<doc>Fails if objects are unequal after converting them to real numbers.</doc>
<status status="PASS" start="2024-06-28T04:17:29.668742" elapsed="0.000570"/>
</kw>
<kw name="Log" owner="BuiltIn">
<msg time="2024-06-28T04:17:29.669974" level="INFO">200</msg>
<arg>${response.status_code}</arg>
<doc>Logs the given message with the given level.</doc>
<status status="PASS" start="2024-06-28T04:17:29.669626" elapsed="0.000391"/>
</kw>
<kw name="Set Variable" owner="BuiltIn">
<msg time="2024-06-28T04:17:29.670755" level="INFO">${json_data} = {'results': [{'gender': 'male', 'name': {'title': 'Mr', 'first': 'Ray', 'last': 'Dixon'}, 'location': {'street': {'number': 823, 'name': 'Mockingbird Hill'}, 'city': 'Bendigo', 'state': 'South Austral...</msg>
<var>${json_data}</var>
<arg>${response.json()}</arg>
<doc>Returns the given values which can then be assigned to a variables.</doc>
<status status="PASS" start="2024-06-28T04:17:29.670316" elapsed="0.000467"/>
</kw>
<kw name="Dictionary Should Contain Key" owner="Collections">
<arg>${json_data}</arg>
<arg>results</arg>
<doc>Fails if ``key`` is not found from ``dictionary``.</doc>
<status status="PASS" start="2024-06-28T04:17:29.671078" elapsed="0.000164"/>
</kw>
<status status="PASS" start="2024-06-28T04:17:29.494716" elapsed="0.176679"/>
</kw>
<doc>Testa se a API responde corretamente e retorna um objeto JSON válido.</doc>
<tag>testeRequisicaoBasica</tag>
<status status="PASS" start="2024-06-28T04:17:29.494261" elapsed="0.177307"/>
</test>
<test id="s1-s1-t3" name="Validar estrutura de resposta" line="22">
<kw name="Teste de Estrutura de Resposta" owner="random-user-service">
<kw name="GET On Session" owner="RequestsLibrary">
<msg time="2024-06-28T04:17:29.763444" level="INFO">GET Request : url=https://randomuser.me/api 
 path_url=/api 
 headers={'User-Agent': 'python-requests/2.32.3', 'Accept-Encoding': 'gzip, deflate', 'Accept': '*/*', 'Connection': 'keep-alive'} 
 body=None 
 </msg>
<msg time="2024-06-28T04:17:29.763529" level="INFO">GET Response : url=https://randomuser.me/api 
 status=200, reason=OK 
 headers={'Date': 'Fri, 28 Jun 2024 04:17:29 GMT', 'Content-Type': 'application/json; charset=utf-8', 'Transfer-Encoding': 'chunked', 'Connection': 'keep-alive', 'X-Powered-By': 'Express', 'Access-Control-Allow-Origin': '*', 'Cache-Control': 'no-cache', 'ETag': 'W/"488-uzQki3Tx06+LJKUpB9qRbx65iN4"', 'Vary': 'Accept-Encoding', 'Content-Encoding': 'gzip', 'CF-Cache-Status': 'DYNAMIC', 'Report-To': '{"endpoints":[{"url":"https:\\/\\/a.nel.cloudflare.com\\/report\\/v4?s=ur0EvitQBeFdAiTYqgJuPx2EZu5Qetb8kZLZ7lgGGIYeizZj9p%2BkJ%2BseQx4o5hFOuWGkN5nuFUBqCU3ZLWeOhxiazO5GuvBaSuoiA603gL0YJN2pE7aGSNd7YQNyxjgY"}],"group":"cf-nel","max_age":604800}', 'NEL': '{"success_fraction":0,"report_to":"cf-nel","max_age":604800}', 'Server': 'cloudflare', 'CF-RAY': '89aade1079352015-IAD', 'alt-svc': 'h3=":443"; ma=86400'} 
 body={"results":[{"gender":"female","name":{"title":"Ms","first":"Isla","last":"Evans"},"location":{"street":{"number":4064,"name":"Brougham Street"},"city":"Wellington","state":"Marlborough","country":"New Zealand","postcode":31764,"coordinates":{"latitude":"49.9344","longitude":"87.3541"},"timezone":{"offset":"+2:00","description":"Kaliningrad, South Africa"}},"email":"isla.evans@example.com","login":{"uuid":"72b861e6-35b9-4933-b44c-784dd3210c11","username":"silverladybug553","password":"cramps","salt":"uTLLnnEq","md5":"af010be52f54ff807f1bfb7e609aba55","sha1":"108325ebdc7de848dbdb74fd6aada1219f42b5ad","sha256":"babfa44156291b9694793472d0cc9589efcedf239857630ca1fdb147ba18c44f"},"dob":{"date":"1960-01-02T18:52:12.448Z","age":64},"registered":{"date":"2019-02-16T20:28:55.011Z","age":5},"phone":"(210)-070-1838","cell":"(603)-290-0269","id":{"name":"","value":null},"picture":{"large":"https://randomuser.me/api/portraits/women/82.jpg","medium":"https://randomuser.me/api/portraits/med/women/82.jpg","thumbnail":"https://randomuser.me/api/portraits/thumb/women/82.jpg"},"nat":"NZ"}],"info":{"seed":"ac571f3b954dc5e1","results":1,"page":1,"version":"1.4"}} 
 </msg>
<msg time="2024-06-28T04:17:29.763651" level="INFO">/opt/hostedtoolcache/Python/3.12.4/x64/lib/python3.12/site-packages/urllib3/connectionpool.py:1099: InsecureRequestWarning: Unverified HTTPS request is being made to host 'randomuser.me'. Adding certificate verification is strongly advised. See: https://urllib3.readthedocs.io/en/latest/advanced-usage.html#tls-warnings
  warnings.warn(</msg>
<msg time="2024-06-28T04:17:29.763773" level="INFO">${response} = &lt;Response [200]&gt;</msg>
<var>${response}</var>
<arg>consultarAPI</arg>
<arg>/api</arg>
<doc>Sends a GET request on a previously created HTTP Session.</doc>
<status status="PASS" start="2024-06-28T04:17:29.674260" elapsed="0.089566"/>
</kw>
<kw name="Set Variable" owner="BuiltIn">
<msg time="2024-06-28T04:17:29.764975" level="INFO">${json_data} = {'results': [{'gender': 'female', 'name': {'title': 'Ms', 'first': 'Isla', 'last': 'Evans'}, 'location': {'street': {'number': 4064, 'name': 'Brougham Street'}, 'city': 'Wellington', 'state': 'Marlbor...</msg>
<var>${json_data}</var>
<arg>${response.json()}</arg>
<doc>Returns the given values which can then be assigned to a variables.</doc>
<status status="PASS" start="2024-06-28T04:17:29.764392" elapsed="0.000613"/>
</kw>
<kw name="Log" owner="BuiltIn">
<msg time="2024-06-28T04:17:29.765461" level="INFO">{'results': [{'gender': 'female', 'name': {'title': 'Ms', 'first': 'Isla', 'last': 'Evans'}, 'location': {'street': {'number': 4064, 'name': 'Brougham Street'}, 'city': 'Wellington', 'state': 'Marlborough', 'country': 'New Zealand', 'postcode': 31764, 'coordinates': {'latitude': '49.9344', 'longitude': '87.3541'}, 'timezone': {'offset': '+2:00', 'description': 'Kaliningrad, South Africa'}}, 'email': 'isla.evans@example.com', 'login': {'uuid': '72b861e6-35b9-4933-b44c-784dd3210c11', 'username': 'silverladybug553', 'password': 'cramps', 'salt': 'uTLLnnEq', 'md5': 'af010be52f54ff807f1bfb7e609aba55', 'sha1': '108325ebdc7de848dbdb74fd6aada1219f42b5ad', 'sha256': 'babfa44156291b9694793472d0cc9589efcedf239857630ca1fdb147ba18c44f'}, 'dob': {'date': '1960-01-02T18:52:12.448Z', 'age': 64}, 'registered': {'date': '2019-02-16T20:28:55.011Z', 'age': 5}, 'phone': '(210)-070-1838', 'cell': '(603)-290-0269', 'id': {'name': '', 'value': None}, 'picture': {'large': 'https://randomuser.me/api/portraits/women/82.jpg', 'medium': 'https://randomuser.me/api/portraits/med/women/82.jpg', 'thumbnail': 'https://randomuser.me/api/portraits/thumb/women/82.jpg'}, 'nat': 'NZ'}], 'info': {'seed': 'ac571f3b954dc5e1', 'results': 1, 'page': 1, 'version': '1.4'}}</msg>
<arg>${json_data}</arg>
<doc>Logs the given message with the given level.</doc>
<status status="PASS" start="2024-06-28T04:17:29.765308" elapsed="0.000202"/>
</kw>
<kw name="Dictionary Should Contain Key" owner="Collections">
<arg>${json_data}</arg>
<arg>results</arg>
<doc>Fails if ``key`` is not found from ``dictionary``.</doc>
<status status="PASS" start="2024-06-28T04:17:29.765798" elapsed="0.000156"/>
</kw>
<kw name="Should Not Be Empty" owner="BuiltIn">
<msg time="2024-06-28T04:17:29.766266" level="INFO">Length is 2.</msg>
<arg>${json_data}</arg>
<doc>Verifies that the given item is not empty.</doc>
<status status="PASS" start="2024-06-28T04:17:29.766135" elapsed="0.000170"/>
</kw>
<kw name="Create List" owner="BuiltIn">
<msg time="2024-06-28T04:17:29.766741" level="INFO">${expected_keys} = ['gender', 'name', 'location', 'email', 'login']</msg>
<var>${expected_keys}</var>
<arg>gender</arg>
<arg>name</arg>
<arg>location</arg>
<arg>email</arg>
<arg>login</arg>
<doc>Returns a list containing given items.</doc>
<status status="PASS" start="2024-06-28T04:17:29.766593" elapsed="0.000172"/>
</kw>
<for flavor="IN">
<iter>
<kw name="Dictionary Should Contain Key" owner="Collections">
<arg>${json_data['results'][0]}</arg>
<arg>${key}</arg>
<doc>Fails if ``key`` is not found from ``dictionary``.</doc>
<status status="PASS" start="2024-06-28T04:17:29.767479" elapsed="0.000391"/>
</kw>
<kw name="Log" owner="BuiltIn">
<msg time="2024-06-28T04:17:29.768456" level="INFO">{'gender': 'female', 'name': {'title': 'Ms', 'first': 'Isla', 'last': 'Evans'}, 'location': {'street': {'number': 4064, 'name': 'Brougham Street'}, 'city': 'Wellington', 'state': 'Marlborough', 'country': 'New Zealand', 'postcode': 31764, 'coordinates': {'latitude': '49.9344', 'longitude': '87.3541'}, 'timezone': {'offset': '+2:00', 'description': 'Kaliningrad, South Africa'}}, 'email': 'isla.evans@example.com', 'login': {'uuid': '72b861e6-35b9-4933-b44c-784dd3210c11', 'username': 'silverladybug553', 'password': 'cramps', 'salt': 'uTLLnnEq', 'md5': 'af010be52f54ff807f1bfb7e609aba55', 'sha1': '108325ebdc7de848dbdb74fd6aada1219f42b5ad', 'sha256': 'babfa44156291b9694793472d0cc9589efcedf239857630ca1fdb147ba18c44f'}, 'dob': {'date': '1960-01-02T18:52:12.448Z', 'age': 64}, 'registered': {'date': '2019-02-16T20:28:55.011Z', 'age': 5}, 'phone': '(210)-070-1838', 'cell': '(603)-290-0269', 'id': {'name': '', 'value': None}, 'picture': {'large': 'https://randomuser.me/api/portraits/women/82.jpg', 'medium': 'https://randomuser.me/api/portraits/med/women/82.jpg', 'thumbnail': 'https://randomuser.me/api/portraits/thumb/women/82.jpg'}, 'nat': 'NZ'}</msg>
<arg>${json_data['results'][0]}</arg>
<doc>Logs the given message with the given level.</doc>
<status status="PASS" start="2024-06-28T04:17:29.768087" elapsed="0.000417"/>
</kw>
<kw name="Log" owner="BuiltIn">
<msg time="2024-06-28T04:17:29.768934" level="INFO">gender</msg>
<arg>${key}</arg>
<doc>Logs the given message with the given level.</doc>
<status status="PASS" start="2024-06-28T04:17:29.768806" elapsed="0.000166"/>
</kw>
<var name="${key}">gender</var>
<status status="PASS" start="2024-06-28T04:17:29.767355" elapsed="0.001832"/>
</iter>
<iter>
<kw name="Dictionary Should Contain Key" owner="Collections">
<arg>${json_data['results'][0]}</arg>
<arg>${key}</arg>
<doc>Fails if ``key`` is not found from ``dictionary``.</doc>
<status status="PASS" start="2024-06-28T04:17:29.769484" elapsed="0.000391"/>
</kw>
<kw name="Log" owner="BuiltIn">
<msg time="2024-06-28T04:17:29.770402" level="INFO">{'gender': 'female', 'name': {'title': 'Ms', 'first': 'Isla', 'last': 'Evans'}, 'location': {'street': {'number': 4064, 'name': 'Brougham Street'}, 'city': 'Wellington', 'state': 'Marlborough', 'country': 'New Zealand', 'postcode': 31764, 'coordinates': {'latitude': '49.9344', 'longitude': '87.3541'}, 'timezone': {'offset': '+2:00', 'description': 'Kaliningrad, South Africa'}}, 'email': 'isla.evans@example.com', 'login': {'uuid': '72b861e6-35b9-4933-b44c-784dd3210c11', 'username': 'silverladybug553', 'password': 'cramps', 'salt': 'uTLLnnEq', 'md5': 'af010be52f54ff807f1bfb7e609aba55', 'sha1': '108325ebdc7de848dbdb74fd6aada1219f42b5ad', 'sha256': 'babfa44156291b9694793472d0cc9589efcedf239857630ca1fdb147ba18c44f'}, 'dob': {'date': '1960-01-02T18:52:12.448Z', 'age': 64}, 'registered': {'date': '2019-02-16T20:28:55.011Z', 'age': 5}, 'phone': '(210)-070-1838', 'cell': '(603)-290-0269', 'id': {'name': '', 'value': None}, 'picture': {'large': 'https://randomuser.me/api/portraits/women/82.jpg', 'medium': 'https://randomuser.me/api/portraits/med/women/82.jpg', 'thumbnail': 'https://randomuser.me/api/portraits/thumb/women/82.jpg'}, 'nat': 'NZ'}</msg>
<arg>${json_data['results'][0]}</arg>
<doc>Logs the given message with the given level.</doc>
<status status="PASS" start="2024-06-28T04:17:29.770054" elapsed="0.000427"/>
</kw>
<kw name="Log" owner="BuiltIn">
<msg time="2024-06-28T04:17:29.770901" level="INFO">name</msg>
<arg>${key}</arg>
<doc>Logs the given message with the given level.</doc>
<status status="PASS" start="2024-06-28T04:17:29.770776" elapsed="0.000162"/>
</kw>
<var name="${key}">name</var>
<status status="PASS" start="2024-06-28T04:17:29.769374" elapsed="0.001784"/>
</iter>
<iter>
<kw name="Dictionary Should Contain Key" owner="Collections">
<arg>${json_data['results'][0]}</arg>
<arg>${key}</arg>
<doc>Fails if ``key`` is not found from ``dictionary``.</doc>
<status status="PASS" start="2024-06-28T04:17:29.771439" elapsed="0.000372"/>
</kw>
<kw name="Log" owner="BuiltIn">
<msg time="2024-06-28T04:17:29.772367" level="INFO">{'gender': 'female', 'name': {'title': 'Ms', 'first': 'Isla', 'last': 'Evans'}, 'location': {'street': {'number': 4064, 'name': 'Brougham Street'}, 'city': 'Wellington', 'state': 'Marlborough', 'country': 'New Zealand', 'postcode': 31764, 'coordinates': {'latitude': '49.9344', 'longitude': '87.3541'}, 'timezone': {'offset': '+2:00', 'description': 'Kaliningrad, South Africa'}}, 'email': 'isla.evans@example.com', 'login': {'uuid': '72b861e6-35b9-4933-b44c-784dd3210c11', 'username': 'silverladybug553', 'password': 'cramps', 'salt': 'uTLLnnEq', 'md5': 'af010be52f54ff807f1bfb7e609aba55', 'sha1': '108325ebdc7de848dbdb74fd6aada1219f42b5ad', 'sha256': 'babfa44156291b9694793472d0cc9589efcedf239857630ca1fdb147ba18c44f'}, 'dob': {'date': '1960-01-02T18:52:12.448Z', 'age': 64}, 'registered': {'date': '2019-02-16T20:28:55.011Z', 'age': 5}, 'phone': '(210)-070-1838', 'cell': '(603)-290-0269', 'id': {'name': '', 'value': None}, 'picture': {'large': 'https://randomuser.me/api/portraits/women/82.jpg', 'medium': 'https://randomuser.me/api/portraits/med/women/82.jpg', 'thumbnail': 'https://randomuser.me/api/portraits/thumb/women/82.jpg'}, 'nat': 'NZ'}</msg>
<arg>${json_data['results'][0]}</arg>
<doc>Logs the given message with the given level.</doc>
<status status="PASS" start="2024-06-28T04:17:29.771989" elapsed="0.000425"/>
</kw>
<kw name="Log" owner="BuiltIn">
<msg time="2024-06-28T04:17:29.772833" level="INFO">location</msg>
<arg>${key}</arg>
<doc>Logs the given message with the given level.</doc>
<status status="PASS" start="2024-06-28T04:17:29.772709" elapsed="0.000161"/>
</kw>
<var name="${key}">location</var>
<status status="PASS" start="2024-06-28T04:17:29.771333" elapsed="0.001750"/>
</iter>
<iter>
<kw name="Dictionary Should Contain Key" owner="Collections">
<arg>${json_data['results'][0]}</arg>
<arg>${key}</arg>
<doc>Fails if ``key`` is not found from ``dictionary``.</doc>
<status status="PASS" start="2024-06-28T04:17:29.773357" elapsed="0.000380"/>
</kw>
<kw name="Log" owner="BuiltIn">
<msg time="2024-06-28T04:17:29.774261" level="INFO">{'gender': 'female', 'name': {'title': 'Ms', 'first': 'Isla', 'last': 'Evans'}, 'location': {'street': {'number': 4064, 'name': 'Brougham Street'}, 'city': 'Wellington', 'state': 'Marlborough', 'country': 'New Zealand', 'postcode': 31764, 'coordinates': {'latitude': '49.9344', 'longitude': '87.3541'}, 'timezone': {'offset': '+2:00', 'description': 'Kaliningrad, South Africa'}}, 'email': 'isla.evans@example.com', 'login': {'uuid': '72b861e6-35b9-4933-b44c-784dd3210c11', 'username': 'silverladybug553', 'password': 'cramps', 'salt': 'uTLLnnEq', 'md5': 'af010be52f54ff807f1bfb7e609aba55', 'sha1': '108325ebdc7de848dbdb74fd6aada1219f42b5ad', 'sha256': 'babfa44156291b9694793472d0cc9589efcedf239857630ca1fdb147ba18c44f'}, 'dob': {'date': '1960-01-02T18:52:12.448Z', 'age': 64}, 'registered': {'date': '2019-02-16T20:28:55.011Z', 'age': 5}, 'phone': '(210)-070-1838', 'cell': '(603)-290-0269', 'id': {'name': '', 'value': None}, 'picture': {'large': 'https://randomuser.me/api/portraits/women/82.jpg', 'medium': 'https://randomuser.me/api/portraits/med/women/82.jpg', 'thumbnail': 'https://randomuser.me/api/portraits/thumb/women/82.jpg'}, 'nat': 'NZ'}</msg>
<arg>${json_data['results'][0]}</arg>
<doc>Logs the given message with the given level.</doc>
<status status="PASS" start="2024-06-28T04:17:29.773916" elapsed="0.000392"/>
</kw>
<kw name="Log" owner="BuiltIn">
<msg time="2024-06-28T04:17:29.774727" level="INFO">email</msg>
<arg>${key}</arg>
<doc>Logs the given message with the given level.</doc>
<status status="PASS" start="2024-06-28T04:17:29.774602" elapsed="0.000163"/>
</kw>
<var name="${key}">email</var>
<status status="PASS" start="2024-06-28T04:17:29.773252" elapsed="0.001731"/>
</iter>
<iter>
<kw name="Dictionary Should Contain Key" owner="Collections">
<arg>${json_data['results'][0]}</arg>
<arg>${key}</arg>
<doc>Fails if ``key`` is not found from ``dictionary``.</doc>
<status status="PASS" start="2024-06-28T04:17:29.775260" elapsed="0.000389"/>
</kw>
<kw name="Log" owner="BuiltIn">
<msg time="2024-06-28T04:17:29.776231" level="INFO">{'gender': 'female', 'name': {'title': 'Ms', 'first': 'Isla', 'last': 'Evans'}, 'location': {'street': {'number': 4064, 'name': 'Brougham Street'}, 'city': 'Wellington', 'state': 'Marlborough', 'country': 'New Zealand', 'postcode': 31764, 'coordinates': {'latitude': '49.9344', 'longitude': '87.3541'}, 'timezone': {'offset': '+2:00', 'description': 'Kaliningrad, South Africa'}}, 'email': 'isla.evans@example.com', 'login': {'uuid': '72b861e6-35b9-4933-b44c-784dd3210c11', 'username': 'silverladybug553', 'password': 'cramps', 'salt': 'uTLLnnEq', 'md5': 'af010be52f54ff807f1bfb7e609aba55', 'sha1': '108325ebdc7de848dbdb74fd6aada1219f42b5ad', 'sha256': 'babfa44156291b9694793472d0cc9589efcedf239857630ca1fdb147ba18c44f'}, 'dob': {'date': '1960-01-02T18:52:12.448Z', 'age': 64}, 'registered': {'date': '2019-02-16T20:28:55.011Z', 'age': 5}, 'phone': '(210)-070-1838', 'cell': '(603)-290-0269', 'id': {'name': '', 'value': None}, 'picture': {'large': 'https://randomuser.me/api/portraits/women/82.jpg', 'medium': 'https://randomuser.me/api/portraits/med/women/82.jpg', 'thumbnail': 'https://randomuser.me/api/portraits/thumb/women/82.jpg'}, 'nat': 'NZ'}</msg>
<arg>${json_data['results'][0]}</arg>
<doc>Logs the given message with the given level.</doc>
<status status="PASS" start="2024-06-28T04:17:29.775833" elapsed="0.000446"/>
</kw>
<kw name="Log" owner="BuiltIn">
<msg time="2024-06-28T04:17:29.776694" level="INFO">login</msg>
<arg>${key}</arg>
<doc>Logs the given message with the given level.</doc>
<status status="PASS" start="2024-06-28T04:17:29.776570" elapsed="0.000162"/>
</kw>
<var name="${key}">login</var>
<status status="PASS" start="2024-06-28T04:17:29.775151" elapsed="0.001798"/>
</iter>
<var>${key}</var>
<value>@{expected_keys}</value>
<status status="PASS" start="2024-06-28T04:17:29.767165" elapsed="0.009903"/>
</for>
<kw name="Create List" owner="BuiltIn">
<msg time="2024-06-28T04:17:29.777386" level="INFO">${expected_keysTwo} = ['username', 'password']</msg>
<var>${expected_keysTwo}</var>
<arg>username</arg>
<arg>password</arg>
<doc>Returns a list containing given items.</doc>
<status status="PASS" start="2024-06-28T04:17:29.777255" elapsed="0.000154"/>
</kw>
<for flavor="IN">
<iter>
<kw name="Dictionary Should Contain Key" owner="Collections">
<arg>${json_data['results'][0]['login']}</arg>
<arg>${keyTwo}</arg>
<doc>Fails if ``key`` is not found from ``dictionary``.</doc>
<status status="PASS" start="2024-06-28T04:17:29.777932" elapsed="0.000384"/>
</kw>
<kw name="Dictionary Should Contain Key" owner="Collections">
<arg>${json_data['results'][0]['login']}</arg>
<arg>${keyTwo}</arg>
<doc>Fails if ``key`` is not found from ``dictionary``.</doc>
<status status="PASS" start="2024-06-28T04:17:29.778492" elapsed="0.000373"/>
</kw>
<kw name="Log" owner="BuiltIn">
<msg time="2024-06-28T04:17:29.779170" level="INFO">username</msg>
<arg>${keyTwo}</arg>
<doc>Logs the given message with the given level.</doc>
<status status="PASS" start="2024-06-28T04:17:29.779046" elapsed="0.000163"/>
</kw>
<var name="${keyTwo}">username</var>
<status status="PASS" start="2024-06-28T04:17:29.777827" elapsed="0.001610"/>
</iter>
<iter>
<kw name="Dictionary Should Contain Key" owner="Collections">
<arg>${json_data['results'][0]['login']}</arg>
<arg>${keyTwo}</arg>
<doc>Fails if ``key`` is not found from ``dictionary``.</doc>
<status status="PASS" start="2024-06-28T04:17:29.779723" elapsed="0.000402"/>
</kw>
<kw name="Dictionary Should Contain Key" owner="Collections">
<arg>${json_data['results'][0]['login']}</arg>
<arg>${keyTwo}</arg>
<doc>Fails if ``key`` is not found from ``dictionary``.</doc>
<status status="PASS" start="2024-06-28T04:17:29.780302" elapsed="0.000368"/>
</kw>
<kw name="Log" owner="BuiltIn">
<msg time="2024-06-28T04:17:29.780960" level="INFO">password</msg>
<arg>${keyTwo}</arg>
<doc>Logs the given message with the given level.</doc>
<status status="PASS" start="2024-06-28T04:17:29.780842" elapsed="0.000161"/>
</kw>
<var name="${keyTwo}">password</var>
<status status="PASS" start="2024-06-28T04:17:29.779618" elapsed="0.001603"/>
</iter>
<var>${keyTwo}</var>
<value>@{expected_keysTwo}</value>
<status status="PASS" start="2024-06-28T04:17:29.777676" elapsed="0.003666"/>
</for>
<status status="PASS" start="2024-06-28T04:17:29.674023" elapsed="0.107456"/>
</kw>
<doc>Testa a estrutura da resposta da API.</doc>
<tag>testeEstruturaResposta</tag>
<status status="PASS" start="2024-06-28T04:17:29.673448" elapsed="0.108176"/>
</test>
<test id="s1-s1-t4" name="Validar tipos de dados" line="28">
<kw name="Teste de Tipos de Dados" owner="random-user-service">
<kw name="GET On Session" owner="RequestsLibrary">
<msg time="2024-06-28T04:17:29.860290" level="INFO">GET Request : url=https://randomuser.me/api 
 path_url=/api 
 headers={'User-Agent': 'python-requests/2.32.3', 'Accept-Encoding': 'gzip, deflate', 'Accept': '*/*', 'Connection': 'keep-alive'} 
 body=None 
 </msg>
<msg time="2024-06-28T04:17:29.860353" level="INFO">GET Response : url=https://randomuser.me/api 
 status=200, reason=OK 
 headers={'Date': 'Fri, 28 Jun 2024 04:17:29 GMT', 'Content-Type': 'application/json; charset=utf-8', 'Transfer-Encoding': 'chunked', 'Connection': 'keep-alive', 'X-Powered-By': 'Express', 'Access-Control-Allow-Origin': '*', 'Cache-Control': 'no-cache', 'ETag': 'W/"497-tsfU3Us2a7C0tQ0lPdOvp6aoaZQ"', 'Vary': 'Accept-Encoding', 'Content-Encoding': 'gzip', 'CF-Cache-Status': 'DYNAMIC', 'Report-To': '{"endpoints":[{"url":"https:\\/\\/a.nel.cloudflare.com\\/report\\/v4?s=yWipSdmketNPTqsBKrxXNNbxRq%2Fxi4ZoGPi7w7Kl65qatKD%2B2hiGXN3V58Nfzdj5gBm%2FpKExHQqxiJjm6T9xTqBEcilyWX0pAIoI6I5cLf47wPJJSJ2JEp67N%2BShqhQ2"}],"group":"cf-nel","max_age":604800}', 'NEL': '{"success_fraction":0,"report_to":"cf-nel","max_age":604800}', 'Server': 'cloudflare', 'CF-RAY': '89aade1129ca2015-IAD', 'alt-svc': 'h3=":443"; ma=86400'} 
 body={"results":[{"gender":"female","name":{"title":"Mrs","first":"Aino","last":"Harju"},"location":{"street":{"number":1425,"name":"Satakennankatu"},"city":"Nastola","state":"Lapland","country":"Finland","postcode":49144,"coordinates":{"latitude":"-23.0100","longitude":"51.4385"},"timezone":{"offset":"-5:00","description":"Eastern Time (US &amp; Canada), Bogota, Lima"}},"email":"aino.harju@example.com","login":{"uuid":"01942c84-607c-461b-8bcb-999bd30c3387","username":"sadmouse631","password":"sheriff","salt":"dBXBgScT","md5":"04ebc56a0364ab33b536cfdaab22d02c","sha1":"8c26560039c89542f9a02a901cdf413914bd998a","sha256":"01e262c80609a48ac6771e88c95dc94c0c02f3af3deb5f3569c7b6f91aab87d3"},"dob":{"date":"1978-12-08T12:32:11.402Z","age":45},"registered":{"date":"2017-05-06T22:54:16.187Z","age":7},"phone":"03-072-154","cell":"048-291-07-70","id":{"name":"HETU","value":"NaNNA834undefined"},"picture":{"large":"https://randomuser.me/api/portraits/women/79.jpg","medium":"https://randomuser.me/api/portraits/med/women/79.jpg","thumbnail":"https://randomuser.me/api/portraits/thumb/women/79.jpg"},"nat":"FI"}],"info":{"seed":"6797a8c0f8e08ba9","results":1,"page":1,"version":"1.4"}} 
 </msg>
<msg time="2024-06-28T04:17:29.860412" level="INFO">/opt/hostedtoolcache/Python/3.12.4/x64/lib/python3.12/site-packages/urllib3/connectionpool.py:1099: InsecureRequestWarning: Unverified HTTPS request is being made to host 'randomuser.me'. Adding certificate verification is strongly advised. See: https://urllib3.readthedocs.io/en/latest/advanced-usage.html#tls-warnings
  warnings.warn(</msg>
<msg time="2024-06-28T04:17:29.860497" level="INFO">${response} = &lt;Response [200]&gt;</msg>
<var>${response}</var>
<arg>consultarAPI</arg>
<arg>/api</arg>
<doc>Sends a GET request on a previously created HTTP Session.</doc>
<status status="PASS" start="2024-06-28T04:17:29.784163" elapsed="0.076362"/>
</kw>
<kw name="Set Variable" owner="BuiltIn">
<msg time="2024-06-28T04:17:29.861371" level="INFO">${json_data} = {'results': [{'gender': 'female', 'name': {'title': 'Mrs', 'first': 'Aino', 'last': 'Harju'}, 'location': {'street': {'number': 1425, 'name': 'Satakennankatu'}, 'city': 'Nastola', 'state': 'Lapland', ...</msg>
<var>${json_data}</var>
<arg>${response.json()}</arg>
<doc>Returns the given values which can then be assigned to a variables.</doc>
<status status="PASS" start="2024-06-28T04:17:29.860910" elapsed="0.000489"/>
</kw>
<kw name="Log" owner="BuiltIn">
<msg time="2024-06-28T04:17:29.861874" level="INFO">{'results': [{'gender': 'female', 'name': {'title': 'Mrs', 'first': 'Aino', 'last': 'Harju'}, 'location': {'street': {'number': 1425, 'name': 'Satakennankatu'}, 'city': 'Nastola', 'state': 'Lapland', 'country': 'Finland', 'postcode': 49144, 'coordinates': {'latitude': '-23.0100', 'longitude': '51.4385'}, 'timezone': {'offset': '-5:00', 'description': 'Eastern Time (US &amp; Canada), Bogota, Lima'}}, 'email': 'aino.harju@example.com', 'login': {'uuid': '01942c84-607c-461b-8bcb-999bd30c3387', 'username': 'sadmouse631', 'password': 'sheriff', 'salt': 'dBXBgScT', 'md5': '04ebc56a0364ab33b536cfdaab22d02c', 'sha1': '8c26560039c89542f9a02a901cdf413914bd998a', 'sha256': '01e262c80609a48ac6771e88c95dc94c0c02f3af3deb5f3569c7b6f91aab87d3'}, 'dob': {'date': '1978-12-08T12:32:11.402Z', 'age': 45}, 'registered': {'date': '2017-05-06T22:54:16.187Z', 'age': 7}, 'phone': '03-072-154', 'cell': '048-291-07-70', 'id': {'name': 'HETU', 'value': 'NaNNA834undefined'}, 'picture': {'large': 'https://randomuser.me/api/portraits/women/79.jpg', 'medium': 'https://randomuser.me/api/portraits/med/women/79.jpg', 'thumbnail': 'https://randomuser.me/api/portraits/thumb/women/79.jpg'}, 'nat': 'FI'}], 'info': {'seed': '6797a8c0f8e08ba9', 'results': 1, 'page': 1, 'version': '1.4'}}</msg>
<arg>${json_data}</arg>
<doc>Logs the given message with the given level.</doc>
<status status="PASS" start="2024-06-28T04:17:29.861712" elapsed="0.000211"/>
</kw>
<kw name="Should Be String" owner="String">
<arg>${json_data['results'][0]['gender']}</arg>
<doc>Fails if the given ``item`` is not a string.</doc>
<status status="PASS" start="2024-06-28T04:17:29.862225" elapsed="0.000364"/>
</kw>
<kw name="Should Match Regexp" owner="BuiltIn">
<arg>${json_data['results'][0]['email']}</arg>
<arg>^[a-zA-Z0-9._%+-]+@[a-zA-Z0-9.-]+\.[a-zA-Z]{2,}$</arg>
<doc>Fails if ``string`` does not match ``pattern`` as a regular expression.</doc>
<status status="PASS" start="2024-06-28T04:17:29.862780" elapsed="0.000521"/>
</kw>
<kw name="Should Match Regexp" owner="BuiltIn">
<arg>${json_data['results'][0]['dob']['date']}</arg>
<arg>\\d{4}-\\d{2}-\\d{2}T\\d{2}:\\d{2}:\\d{2}\\.\\d{3}Z</arg>
<doc>Fails if ``string`` does not match ``pattern`` as a regular expression.</doc>
<status status="PASS" start="2024-06-28T04:17:29.863527" elapsed="0.000482"/>
</kw>
<kw name="Should Match Regexp" owner="BuiltIn">
<arg>${json_data['results'][0]['registered']['date']}</arg>
<arg>\\d{4}-\\d{2}-\\d{2}T\\d{2}:\\d{2}:\\d{2}\\.\\d{3}Z</arg>
<doc>Fails if ``string`` does not match ``pattern`` as a regular expression.</doc>
<status status="PASS" start="2024-06-28T04:17:29.864237" elapsed="0.000370"/>
</kw>
<kw name="Should Match Regexp" owner="BuiltIn">
<arg>${json_data['results'][0]['picture']['large']}</arg>
<arg>^https?://.*\.(?:png|jpe?g|gif|bmp)$</arg>
<doc>Fails if ``string`` does not match ``pattern`` as a regular expression.</doc>
<status status="PASS" start="2024-06-28T04:17:29.864790" elapsed="0.000455"/>
</kw>
<kw name="Should Match Regexp" owner="BuiltIn">
<arg>${json_data['results'][0]['picture']['medium']}</arg>
<arg>^https?://.*\.(?:png|jpe?g|gif|bmp)$</arg>
<doc>Fails if ``string`` does not match ``pattern`` as a regular expression.</doc>
<status status="PASS" start="2024-06-28T04:17:29.865436" elapsed="0.000347"/>
</kw>
<kw name="Should Match Regexp" owner="BuiltIn">
<arg>${json_data['results'][0]['picture']['thumbnail']}</arg>
<arg>^https?://.*\.(?:png|jpe?g|gif|bmp)$</arg>
<doc>Fails if ``string`` does not match ``pattern`` as a regular expression.</doc>
<status status="PASS" start="2024-06-28T04:17:29.865959" elapsed="0.000344"/>
</kw>
<kw name="Log" owner="BuiltIn">
<msg time="2024-06-28T04:17:29.866809" level="INFO">{'large': 'https://randomuser.me/api/portraits/women/79.jpg', 'medium': 'https://randomuser.me/api/portraits/med/women/79.jpg', 'thumbnail': 'https://randomuser.me/api/portraits/thumb/women/79.jpg'}</msg>
<arg>${json_data['results'][0]['picture']}</arg>
<doc>Logs the given message with the given level.</doc>
<status status="PASS" start="2024-06-28T04:17:29.866483" elapsed="0.000367"/>
</kw>
<status status="PASS" start="2024-06-28T04:17:29.783922" elapsed="0.083178"/>
</kw>
<kw name="Teste de Tipos de Dados - Postcode" owner="random-user-service">
<kw name="GET On Session" owner="RequestsLibrary">
<msg time="2024-06-28T04:17:29.955483" level="INFO">GET Request : url=https://randomuser.me/api 
 path_url=/api 
 headers={'User-Agent': 'python-requests/2.32.3', 'Accept-Encoding': 'gzip, deflate', 'Accept': '*/*', 'Connection': 'keep-alive'} 
 body=None 
 </msg>
<msg time="2024-06-28T04:17:29.955548" level="INFO">GET Response : url=https://randomuser.me/api 
 status=200, reason=OK 
 headers={'Date': 'Fri, 28 Jun 2024 04:17:29 GMT', 'Content-Type': 'application/json; charset=utf-8', 'Transfer-Encoding': 'chunked', 'Connection': 'keep-alive', 'X-Powered-By': 'Express', 'Access-Control-Allow-Origin': '*', 'Cache-Control': 'no-cache', 'ETag': 'W/"49c-PNF4l6RZfg798ie84KIUuA66EVw"', 'Vary': 'Accept-Encoding', 'Content-Encoding': 'gzip', 'CF-Cache-Status': 'DYNAMIC', 'Report-To': '{"endpoints":[{"url":"https:\\/\\/a.nel.cloudflare.com\\/report\\/v4?s=VjjRXoOh%2FMUux9POYTRzrXjmcHQP3p2v2owe42pftcQ8qw0%2BbQb19yvmHK0IeEO%2F8yUUn5JvmmbYRIMOQiWf8o0fe2944998jVADLQZfTAzhcHPtL2Krp7Dk4FpsAiTK"}],"group":"cf-nel","max_age":604800}', 'NEL': '{"success_fraction":0,"report_to":"cf-nel","max_age":604800}', 'Server': 'cloudflare', 'CF-RAY': '89aade11aa452015-IAD', 'alt-svc': 'h3=":443"; ma=86400'} 
 body={"results":[{"gender":"male","name":{"title":"Mr","first":"Antoine","last":"Dubois"},"location":{"street":{"number":7365,"name":"Rue de L'Abbé-Roger-Derry"},"city":"Mulhouse","state":"Oise","country":"France","postcode":89577,"coordinates":{"latitude":"-16.7949","longitude":"-72.5297"},"timezone":{"offset":"+4:00","description":"Abu Dhabi, Muscat, Baku, Tbilisi"}},"email":"antoine.dubois@example.com","login":{"uuid":"139b98be-ce64-41a4-93af-49f62d60a3b9","username":"redwolf363","password":"cheater","salt":"X5zqfQrw","md5":"a5237139c9e26380c0045980db2ea569","sha1":"132ff59f05ef357f47c74d6ddb6c753609081a7e","sha256":"48ad5aefa7af3078c6a0f0dee3a67f1d81d568404f5f6777e414a81ade3d07f4"},"dob":{"date":"1977-05-18T16:37:35.993Z","age":47},"registered":{"date":"2021-12-15T05:30:22.187Z","age":2},"phone":"01-83-06-17-50","cell":"06-18-46-36-53","id":{"name":"INSEE","value":"1770466671504 15"},"picture":{"large":"https://randomuser.me/api/portraits/men/38.jpg","medium":"https://randomuser.me/api/portraits/med/men/38.jpg","thumbnail":"https://randomuser.me/api/portraits/thumb/men/38.jpg"},"nat":"FR"}],"info":{"seed":"aad8d446e8b8121f","results":1,"page":1,"version":"1.4"}} 
 </msg>
<msg time="2024-06-28T04:17:29.955605" level="INFO">/opt/hostedtoolcache/Python/3.12.4/x64/lib/python3.12/site-packages/urllib3/connectionpool.py:1099: InsecureRequestWarning: Unverified HTTPS request is being made to host 'randomuser.me'. Adding certificate verification is strongly advised. See: https://urllib3.readthedocs.io/en/latest/advanced-usage.html#tls-warnings
  warnings.warn(</msg>
<msg time="2024-06-28T04:17:29.955687" level="INFO">${response} = &lt;Response [200]&gt;</msg>
<var>${response}</var>
<arg>consultarAPI</arg>
<arg>/api</arg>
<doc>Sends a GET request on a previously created HTTP Session.</doc>
<status status="PASS" start="2024-06-28T04:17:29.867526" elapsed="0.088185"/>
</kw>
<kw name="Set Variable" owner="BuiltIn">
<msg time="2024-06-28T04:17:29.956566" level="INFO">${json_data} = {'results': [{'gender': 'male', 'name': {'title': 'Mr', 'first': 'Antoine', 'last': 'Dubois'}, 'location': {'street': {'number': 7365, 'name': "Rue de L'Abbé-Roger-Derry"}, 'city': 'Mulhouse', 'state'...</msg>
<var>${json_data}</var>
<arg>${response.json()}</arg>
<doc>Returns the given values which can then be assigned to a variables.</doc>
<status status="PASS" start="2024-06-28T04:17:29.956112" elapsed="0.000482"/>
</kw>
<kw name="Log" owner="BuiltIn">
<msg time="2024-06-28T04:17:29.957051" level="INFO">{'results': [{'gender': 'male', 'name': {'title': 'Mr', 'first': 'Antoine', 'last': 'Dubois'}, 'location': {'street': {'number': 7365, 'name': "Rue de L'Abbé-Roger-Derry"}, 'city': 'Mulhouse', 'state': 'Oise', 'country': 'France', 'postcode': 89577, 'coordinates': {'latitude': '-16.7949', 'longitude': '-72.5297'}, 'timezone': {'offset': '+4:00', 'description': 'Abu Dhabi, Muscat, Baku, Tbilisi'}}, 'email': 'antoine.dubois@example.com', 'login': {'uuid': '139b98be-ce64-41a4-93af-49f62d60a3b9', 'username': 'redwolf363', 'password': 'cheater', 'salt': 'X5zqfQrw', 'md5': 'a5237139c9e26380c0045980db2ea569', 'sha1': '132ff59f05ef357f47c74d6ddb6c753609081a7e', 'sha256': '48ad5aefa7af3078c6a0f0dee3a67f1d81d568404f5f6777e414a81ade3d07f4'}, 'dob': {'date': '1977-05-18T16:37:35.993Z', 'age': 47}, 'registered': {'date': '2021-12-15T05:30:22.187Z', 'age': 2}, 'phone': '01-83-06-17-50', 'cell': '06-18-46-36-53', 'id': {'name': 'INSEE', 'value': '1770466671504 15'}, 'picture': {'large': 'https://randomuser.me/api/portraits/men/38.jpg', 'medium': 'https://randomuser.me/api/portraits/med/men/38.jpg', 'thumbnail': 'https://randomuser.me/api/portraits/thumb/men/38.jpg'}, 'nat': 'FR'}], 'info': {'seed': 'aad8d446e8b8121f', 'results': 1, 'page': 1, 'version': '1.4'}}</msg>
<arg>${json_data}</arg>
<doc>Logs the given message with the given level.</doc>
<status status="PASS" start="2024-06-28T04:17:29.956893" elapsed="0.000206"/>
</kw>
<kw name="Should Be Equal As Numbers" owner="BuiltIn">
<arg>${json_data['results'][0]['location']['postcode']}</arg>
<arg>${json_data['results'][0]['location']['postcode']}</arg>
<doc>Fails if objects are unequal after converting them to real numbers.</doc>
<status status="PASS" start="2024-06-28T04:17:29.957387" elapsed="0.000615"/>
</kw>
<kw name="Log" owner="BuiltIn">
<msg time="2024-06-28T04:17:29.958518" level="INFO">89577</msg>
<arg>${json_data['results'][0]['location']['postcode']}</arg>
<doc>Logs the given message with the given level.</doc>
<status status="PASS" start="2024-06-28T04:17:29.958185" elapsed="0.000372"/>
</kw>
<status status="PASS" start="2024-06-28T04:17:29.867307" elapsed="0.091517"/>
</kw>
<doc>Testa se os tipos de dados na resposta da API estão corretos.</doc>
<tag>testeTiposDados</tag>
<status status="PASS" start="2024-06-28T04:17:29.783397" elapsed="0.175582"/>
</test>
<test id="s1-s1-t5" name="Validar conteudo" line="35">
<kw name="Teste de Tipos de Conteudo" owner="random-user-service">
<kw name="GET On Session" owner="RequestsLibrary">
<msg time="2024-06-28T04:17:30.057400" level="INFO">GET Request : url=https://randomuser.me/api 
 path_url=/api 
 headers={'User-Agent': 'python-requests/2.32.3', 'Accept-Encoding': 'gzip, deflate', 'Accept': '*/*', 'Connection': 'keep-alive'} 
 body=None 
 </msg>
<msg time="2024-06-28T04:17:30.057493" level="INFO">GET Response : url=https://randomuser.me/api 
 status=200, reason=OK 
 headers={'Date': 'Fri, 28 Jun 2024 04:17:30 GMT', 'Content-Type': 'application/json; charset=utf-8', 'Transfer-Encoding': 'chunked', 'Connection': 'keep-alive', 'X-Powered-By': 'Express', 'Access-Control-Allow-Origin': '*', 'Cache-Control': 'no-cache', 'ETag': 'W/"47b-MpGgb4gOw1s3tfiBweDRUN4Xp6s"', 'Vary': 'Accept-Encoding', 'Content-Encoding': 'gzip', 'CF-Cache-Status': 'DYNAMIC', 'Report-To': '{"endpoints":[{"url":"https:\\/\\/a.nel.cloudflare.com\\/report\\/v4?s=kxSllV%2FcCUzM%2BPtEy0YeDS%2BM4Aj4ndhJ6DBBgVpG4rV4UsQ2IO5RwJclpGHACSc7bf4eQWuQG9ZauS184hpraUgIRZNK%2FlQHDbsOVUJhy5nzFlQNdBcwyQSHmku%2BDWhr"}],"group":"cf-nel","max_age":604800}', 'NEL': '{"success_fraction":0,"report_to":"cf-nel","max_age":604800}', 'Server': 'cloudflare', 'CF-RAY': '89aade124ae82015-IAD', 'alt-svc': 'h3=":443"; ma=86400'} 
 body={"results":[{"gender":"male","name":{"title":"Mr","first":"Darrell","last":"Stanley"},"location":{"street":{"number":449,"name":"Northaven Rd"},"city":"Augusta","state":"Alabama","country":"United States","postcode":20652,"coordinates":{"latitude":"85.5101","longitude":"-174.3171"},"timezone":{"offset":"-10:00","description":"Hawaii"}},"email":"darrell.stanley@example.com","login":{"uuid":"3d108001-d85b-4fe4-9863-c9158b4c7a03","username":"greenduck818","password":"keepout","salt":"1FuT86qZ","md5":"b07e883034496731c2cbf4a0018d21bd","sha1":"0914322639bce0a9562e1c108db96e602b652a01","sha256":"bb0eee2ede12baed44ee9fc60c62b374c9223973a1ad3a148c4b4d371e27e8b3"},"dob":{"date":"1979-10-22T10:00:23.371Z","age":44},"registered":{"date":"2003-07-06T16:35:24.676Z","age":20},"phone":"(672) 846-0263","cell":"(241) 783-1449","id":{"name":"SSN","value":"330-25-8080"},"picture":{"large":"https://randomuser.me/api/portraits/men/32.jpg","medium":"https://randomuser.me/api/portraits/med/men/32.jpg","thumbnail":"https://randomuser.me/api/portraits/thumb/men/32.jpg"},"nat":"US"}],"info":{"seed":"ecf4dfc33cf6710e","results":1,"page":1,"version":"1.4"}} 
 </msg>
<msg time="2024-06-28T04:17:30.057583" level="INFO">/opt/hostedtoolcache/Python/3.12.4/x64/lib/python3.12/site-packages/urllib3/connectionpool.py:1099: InsecureRequestWarning: Unverified HTTPS request is being made to host 'randomuser.me'. Adding certificate verification is strongly advised. See: https://urllib3.readthedocs.io/en/latest/advanced-usage.html#tls-warnings
  warnings.warn(</msg>
<msg time="2024-06-28T04:17:30.057702" level="INFO">${response} = &lt;Response [200]&gt;</msg>
<var>${response}</var>
<arg>consultarAPI</arg>
<arg>/api</arg>
<doc>Sends a GET request on a previously created HTTP Session.</doc>
<status status="PASS" start="2024-06-28T04:17:29.961910" elapsed="0.095819"/>
</kw>
<kw name="Set Variable" owner="BuiltIn">
<msg time="2024-06-28T04:17:30.058671" level="INFO">${json_data} = {'results': [{'gender': 'male', 'name': {'title': 'Mr', 'first': 'Darrell', 'last': 'Stanley'}, 'location': {'street': {'number': 449, 'name': 'Northaven Rd'}, 'city': 'Augusta', 'state': 'Alabama', '...</msg>
<var>${json_data}</var>
<arg>${response.json()}</arg>
<doc>Returns the given values which can then be assigned to a variables.</doc>
<status status="PASS" start="2024-06-28T04:17:30.058196" elapsed="0.000502"/>
</kw>
<kw name="Set Variable" owner="BuiltIn">
<msg time="2024-06-28T04:17:30.059368" level="INFO">${name_title} = Mr</msg>
<var>${name_title}</var>
<arg>${json_data["results"][0]["name"]["title"]}</arg>
<doc>Returns the given values which can then be assigned to a variables.</doc>
<status status="PASS" start="2024-06-28T04:17:30.058998" elapsed="0.000394"/>
</kw>
<kw name="Create List" owner="BuiltIn">
<msg time="2024-06-28T04:17:30.059829" level="INFO">${allowed_titles} = ['Mr', 'Ms', 'Miss', 'Mrs', 'Madame', 'Monsieur']</msg>
<var>${allowed_titles}</var>
<arg>Mr</arg>
<arg>Ms</arg>
<arg>Miss</arg>
<arg>Mrs</arg>
<arg>Madame</arg>
<arg>Monsieur</arg>
<doc>Returns a list containing given items.</doc>
<status status="PASS" start="2024-06-28T04:17:30.059682" elapsed="0.000171"/>
</kw>
<kw name="List Should Contain Value" owner="Collections">
<arg>${allowed_titles}</arg>
<arg>${name_title}</arg>
<doc>Fails if the ``value`` is not found from ``list``.</doc>
<status status="PASS" start="2024-06-28T04:17:30.060181" elapsed="0.000175"/>
</kw>
<kw name="Set Variable" owner="BuiltIn">
<msg time="2024-06-28T04:17:30.060888" level="INFO">${name_country} = US</msg>
<var>${name_country}</var>
<arg>${json_data["results"][0]["nat"]}</arg>
<doc>Returns the given values which can then be assigned to a variables.</doc>
<status status="PASS" start="2024-06-28T04:17:30.060528" elapsed="0.000384"/>
</kw>
<kw name="Create List" owner="BuiltIn">
<msg time="2024-06-28T04:17:30.061796" level="INFO">${list_country} = ['AD', 'AE', 'AF', 'AG', 'AI', 'AL', 'AM', 'AO', 'AQ', 'AR', 'AS', 'AT', 'AU', 'AW', 'AX', 'AZ', 'BA', 'BB', 'BD', 'BE', 'BF', 'BG', 'BH', 'BI', 'BJ', 'BL', 'BM', 'BN', 'BO', 'BQ', 'BR', 'BS', 'BT', '...</msg>
<var>${list_country}</var>
<arg>AD</arg>
<arg>AE</arg>
<arg>AF</arg>
<arg>AG</arg>
<arg>AI</arg>
<arg>AL</arg>
<arg>AM</arg>
<arg>AO</arg>
<arg>AQ</arg>
<arg>AR</arg>
<arg>AS</arg>
<arg>AT</arg>
<arg>AU</arg>
<arg>AW</arg>
<arg>AX</arg>
<arg>AZ</arg>
<arg>BA</arg>
<arg>BB</arg>
<arg>BD</arg>
<arg>BE</arg>
<arg>BF</arg>
<arg>BG</arg>
<arg>BH</arg>
<arg>BI</arg>
<arg>BJ</arg>
<arg>BL</arg>
<arg>BM</arg>
<arg>BN</arg>
<arg>BO</arg>
<arg>BQ</arg>
<arg>BR</arg>
<arg>BS</arg>
<arg>BT</arg>
<arg>BV</arg>
<arg>BW</arg>
<arg>BY</arg>
<arg>BZ</arg>
<arg>CA</arg>
<arg>CC</arg>
<arg>CD</arg>
<arg>CF</arg>
<arg>CG</arg>
<arg>CH</arg>
<arg>CI</arg>
<arg>CK</arg>
<arg>CL</arg>
<arg>CM</arg>
<arg>CN</arg>
<arg>CO</arg>
<arg>CR</arg>
<arg>CU</arg>
<arg>CV</arg>
<arg>CW</arg>
<arg>CX</arg>
<arg>CY</arg>
<arg>CZ</arg>
<arg>DE</arg>
<arg>DJ</arg>
<arg>DK</arg>
<arg>DM</arg>
<arg>DO</arg>
<arg>DZ</arg>
<arg>EC</arg>
<arg>EE</arg>
<arg>EG</arg>
<arg>EH</arg>
<arg>ER</arg>
<arg>ES</arg>
<arg>ET</arg>
<arg>FI</arg>
<arg>FJ</arg>
<arg>FK</arg>
<arg>FM</arg>
<arg>FO</arg>
<arg>FR</arg>
<arg>GA</arg>
<arg>GB</arg>
<arg>GD</arg>
<arg>GE</arg>
<arg>GF</arg>
<arg>GG</arg>
<arg>GH</arg>
<arg>GI</arg>
<arg>GL</arg>
<arg>GM</arg>
<arg>GN</arg>
<arg>GP</arg>
<arg>GQ</arg>
<arg>GR</arg>
<arg>GS</arg>
<arg>GT</arg>
<arg>GU</arg>
<arg>GW</arg>
<arg>GY</arg>
<arg>HK</arg>
<arg>HM</arg>
<arg>HN</arg>
<arg>HR</arg>
<arg>HT</arg>
<arg>HU</arg>
<arg>ID</arg>
<arg>IE</arg>
<arg>IL</arg>
<arg>IM</arg>
<arg>IN</arg>
<arg>IO</arg>
<arg>IQ</arg>
<arg>IR</arg>
<arg>IS</arg>
<arg>IT</arg>
<arg>JE</arg>
<arg>JM</arg>
<arg>JO</arg>
<arg>JP</arg>
<arg>KE</arg>
<arg>KG</arg>
<arg>KH</arg>
<arg>KI</arg>
<arg>KM</arg>
<arg>KN</arg>
<arg>KP</arg>
<arg>KR</arg>
<arg>KW</arg>
<arg>KY</arg>
<arg>KZ</arg>
<arg>LA</arg>
<arg>LB</arg>
<arg>LC</arg>
<arg>LI</arg>
<arg>LK</arg>
<arg>LR</arg>
<arg>LS</arg>
<arg>LT</arg>
<arg>LU</arg>
<arg>LV</arg>
<arg>LY</arg>
<arg>MA</arg>
<arg>MC</arg>
<arg>MD</arg>
<arg>ME</arg>
<arg>MF</arg>
<arg>MG</arg>
<arg>MH</arg>
<arg>MK</arg>
<arg>ML</arg>
<arg>MM</arg>
<arg>MN</arg>
<arg>MO</arg>
<arg>MP</arg>
<arg>MQ</arg>
<arg>MR</arg>
<arg>MS</arg>
<arg>MT</arg>
<arg>MU</arg>
<arg>MV</arg>
<arg>MW</arg>
<arg>MX</arg>
<arg>MY</arg>
<arg>MZ</arg>
<arg>NA</arg>
<arg>NC</arg>
<arg>NE</arg>
<arg>NF</arg>
<arg>NG</arg>
<arg>NI</arg>
<arg>NL</arg>
<arg>NO</arg>
<arg>NP</arg>
<arg>NR</arg>
<arg>NU</arg>
<arg>NZ</arg>
<arg>OM</arg>
<arg>PA</arg>
<arg>PE</arg>
<arg>PF</arg>
<arg>PG</arg>
<arg>PH</arg>
<arg>PK</arg>
<arg>PL</arg>
<arg>PM</arg>
<arg>PN</arg>
<arg>PR</arg>
<arg>PS</arg>
<arg>PT</arg>
<arg>PW</arg>
<arg>PY</arg>
<arg>QA</arg>
<arg>RE</arg>
<arg>RO</arg>
<arg>RS</arg>
<arg>RU</arg>
<arg>RW</arg>
<arg>SA</arg>
<arg>SB</arg>
<arg>SC</arg>
<arg>SD</arg>
<arg>SE</arg>
<arg>SG</arg>
<arg>SH</arg>
<arg>SI</arg>
<arg>SJ</arg>
<arg>SK</arg>
<arg>SL</arg>
<arg>SM</arg>
<arg>SN</arg>
<arg>SO</arg>
<arg>SR</arg>
<arg>SS</arg>
<arg>ST</arg>
<arg>SV</arg>
<arg>SX</arg>
<arg>SY</arg>
<arg>SZ</arg>
<arg>TC</arg>
<arg>TD</arg>
<arg>TF</arg>
<arg>TG</arg>
<arg>TH</arg>
<arg>TJ</arg>
<arg>TK</arg>
<arg>TL</arg>
<arg>TM</arg>
<arg>TN</arg>
<arg>TO</arg>
<arg>TR</arg>
<arg>TT</arg>
<arg>TV</arg>
<arg>TW</arg>
<arg>TZ</arg>
<arg>UA</arg>
<arg>UG</arg>
<arg>UM</arg>
<arg>US</arg>
<arg>UY</arg>
<arg>UZ</arg>
<arg>VA</arg>
<arg>VC</arg>
<arg>VE</arg>
<arg>VG</arg>
<arg>VI</arg>
<arg>VN</arg>
<arg>VU</arg>
<arg>WF</arg>
<arg>WS</arg>
<arg>XK</arg>
<arg>YE</arg>
<arg>YT</arg>
<arg>ZA</arg>
<arg>ZM</arg>
<arg>ZW</arg>
<doc>Returns a list containing given items.</doc>
<status status="PASS" start="2024-06-28T04:17:30.061197" elapsed="0.000624"/>
</kw>
<kw name="List Should Contain Value" owner="Collections">
<arg>${list_country}</arg>
<arg>${name_country}</arg>
<doc>Fails if the ``value`` is not found from ``list``.</doc>
<status status="PASS" start="2024-06-28T04:17:30.062607" elapsed="0.000210"/>
</kw>
<kw name="Run Keyword If" owner="BuiltIn">
<kw name="Should Be True" owner="BuiltIn">
<arg>${True}</arg>
<doc>Fails if the given condition is not true.</doc>
<status status="PASS" start="2024-06-28T04:17:30.063749" elapsed="0.000140"/>
</kw>
<arg>${json_data["results"][0]["location"]["coordinates"]["latitude"]} &gt;= -90 and ${json_data["results"][0]["location"]["coordinates"]["latitude"]} &lt;= 90</arg>
<arg>Should Be True</arg>
<arg>${True}</arg>
<doc>Runs the given keyword with the given arguments, if ``condition`` is true.</doc>
<status status="PASS" start="2024-06-28T04:17:30.063014" elapsed="0.000999"/>
</kw>
<kw name="Run Keyword If" owner="BuiltIn">
<kw name="Should Be True" owner="BuiltIn">
<arg>${True}</arg>
<doc>Fails if the given condition is not true.</doc>
<status status="PASS" start="2024-06-28T04:17:30.064910" elapsed="0.000137"/>
</kw>
<arg>${json_data["results"][0]["location"]["coordinates"]["longitude"]} &gt;= -180 and ${json_data["results"][0]["location"]["coordinates"]["longitude"]} &lt;= 180</arg>
<arg>Should Be True</arg>
<arg>${True}</arg>
<doc>Runs the given keyword with the given arguments, if ``condition`` is true.</doc>
<status status="PASS" start="2024-06-28T04:17:30.064214" elapsed="0.000953"/>
</kw>
<status status="PASS" start="2024-06-28T04:17:29.961366" elapsed="0.103932"/>
</kw>
<doc>Testa o conteúdo específico dos campos retornados pela API.</doc>
<tag>testeConteudo</tag>
<status status="PASS" start="2024-06-28T04:17:29.960738" elapsed="0.104709"/>
</test>
<status status="PASS" start="2024-06-28T04:17:29.140545" elapsed="0.926806"/>
</suite>
<status status="PASS" start="2024-06-28T04:17:29.124899" elapsed="0.947531"/>
</suite>
<statistics>
<total>
<stat pass="5" fail="0" skip="0">All Tests</stat>
</total>
<tag>
<stat pass="1" fail="0" skip="0">testeConteudo</stat>
<stat pass="1" fail="0" skip="0">testeEstruturaResposta</stat>
<stat pass="1" fail="0" skip="0">testeRequisicaoBasica</stat>
<stat pass="1" fail="0" skip="0">testeTiposDados</stat>
</tag>
<suite>
<stat pass="5" fail="0" skip="0" id="s1" name="Tests">Tests</stat>
<stat pass="5" fail="0" skip="0" id="s1-s1" name="Random-User-Test">Tests.Random-User-Test</stat>
</suite>
</statistics>
<errors>
</errors>
</robot>
