<?xml version="1.0" encoding="UTF-8"?>
<robot generator="Robot 7.0 (Python 3.12.3 on linux)" generated="2024-05-19T18:17:54.493179" rpa="false" schemaversion="5">
<suite id="s1" name="Tests" source="/home/runner/work/DesafioQAItauRogerioJordao/DesafioQAItauRogerioJordao/RamdonUser/tests">
<suite id="s1-s1" name="Random-User-Test" source="/home/runner/work/DesafioQAItauRogerioJordao/DesafioQAItauRogerioJordao/RamdonUser/tests/random-user-test.robot">
<test id="s1-s1-t1" name="Conectar" line="13">
<kw name="Conectar API" owner="random-user-service">
<kw name="Create Session" owner="RequestsLibrary">
<msg time="2024-05-19T18:17:54.883218" level="INFO">Creating Session using : alias=consultarAPI, url=https://randomuser.me/, headers={},                     cookies={}, auth=None, timeout=None, proxies=None, verify=False,                     debug=0 </msg>
<arg>consultarAPI</arg>
<arg>${URL}</arg>
<doc>Create Session: create a HTTP session to a server</doc>
<status status="PASS" start="2024-05-19T18:17:54.883018" elapsed="0.000378"/>
</kw>
<status status="PASS" start="2024-05-19T18:17:54.882068" elapsed="0.001691"/>
</kw>
<status status="PASS" start="2024-05-19T18:17:54.881515" elapsed="0.002475"/>
</test>
<test id="s1-s1-t2" name="Validar retorno 200 e JSON Válido" line="16">
<kw name="Teste de Requisicao Basica" owner="random-user-service">
<kw name="GET On Session" owner="RequestsLibrary">
<msg time="2024-05-19T18:17:54.969931" level="INFO">GET Request : url=https://randomuser.me/api 
 path_url=/api 
 headers={'User-Agent': 'python-requests/2.31.0', 'Accept-Encoding': 'gzip, deflate', 'Accept': '*/*', 'Connection': 'keep-alive'} 
 body=None 
 </msg>
<msg time="2024-05-19T18:17:54.970062" level="INFO">GET Response : url=https://randomuser.me/api 
 status=200, reason=OK 
 headers={'Date': 'Sun, 19 May 2024 18:17:54 GMT', 'Content-Type': 'application/json; charset=utf-8', 'Transfer-Encoding': 'chunked', 'Connection': 'keep-alive', 'X-Powered-By': 'Express', 'Access-Control-Allow-Origin': '*', 'Cache-Control': 'no-cache', 'ETag': 'W/"470-nWRZr0dGtqtaLFUPzuDPOtzxFRY"', 'Vary': 'Accept-Encoding', 'Content-Encoding': 'gzip', 'CF-Cache-Status': 'DYNAMIC', 'Report-To': '{"endpoints":[{"url":"https:\\/\\/a.nel.cloudflare.com\\/report\\/v4?s=YEzkgNPcIBGj21jEGdNatwEHuZaQGOH%2FJNYz3RVKugYb%2B8Hp94Fi5TUG%2FPdf%2F%2BzBQ1Jx0u52%2BiXNpxsthdcoDRKZ5g7RElbybteBVXd1%2FIeCenPgPDcNA1x1lBMPmmpP"}],"group":"cf-nel","max_age":604800}', 'NEL': '{"success_fraction":0,"report_to":"cf-nel","max_age":604800}', 'Server': 'cloudflare', 'CF-RAY': '886616264ce13985-IAD', 'alt-svc': 'h3=":443"; ma=86400'} 
 body={"results":[{"gender":"male","name":{"title":"Mr","first":"Eelis","last":"Puro"},"location":{"street":{"number":5840,"name":"Rotuaari"},"city":"Siilinjärvi","state":"Pirkanmaa","country":"Finland","postcode":69790,"coordinates":{"latitude":"-24.9811","longitude":"-115.5229"},"timezone":{"offset":"+3:30","description":"Tehran"}},"email":"eelis.puro@example.com","login":{"uuid":"2b99bc9a-39cd-4742-b673-f039eef85e07","username":"heavyduck983","password":"grinch","salt":"nMVZBrkS","md5":"b69b1eac5804122edac5a79a88711fce","sha1":"3dbae0aa9993fdd481b78f11623c8464e09a3298","sha256":"716e98b33004e4c69a536ca82db21f1f01c0da1aaf9b3157eb5dffffc85b25e8"},"dob":{"date":"1944-10-08T19:30:57.046Z","age":79},"registered":{"date":"2007-01-18T04:51:10.364Z","age":17},"phone":"09-895-380","cell":"044-551-37-88","id":{"name":"HETU","value":"NaNNA607undefined"},"picture":{"large":"https://randomuser.me/api/portraits/men/60.jpg","medium":"https://randomuser.me/api/portraits/med/men/60.jpg","thumbnail":"https://randomuser.me/api/portraits/thumb/men/60.jpg"},"nat":"FI"}],"info":{"seed":"87a6760e59f61408","results":1,"page":1,"version":"1.4"}} 
 </msg>
<msg time="2024-05-19T18:17:54.970141" level="INFO">/opt/hostedtoolcache/Python/3.12.3/x64/lib/python3.12/site-packages/urllib3/connectionpool.py:1103: InsecureRequestWarning: Unverified HTTPS request is being made to host 'randomuser.me'. Adding certificate verification is strongly advised. See: https://urllib3.readthedocs.io/en/latest/advanced-usage.html#tls-warnings
  warnings.warn(</msg>
<msg time="2024-05-19T18:17:54.970282" level="INFO">${response} = &lt;Response [200]&gt;</msg>
<var>${response}</var>
<arg>consultarAPI</arg>
<arg>/api</arg>
<doc>Sends a GET request on a previously created HTTP Session.</doc>
<status status="PASS" start="2024-05-19T18:17:54.886571" elapsed="0.083753"/>
</kw>
<kw name="Should Be Equal As Numbers" owner="BuiltIn">
<msg time="2024-05-19T18:17:54.971358" level="INFO">Argument types are:
&lt;class 'int'&gt;
&lt;class 'str'&gt;</msg>
<arg>${response.status_code}</arg>
<arg>200</arg>
<doc>Fails if objects are unequal after converting them to real numbers.</doc>
<status status="PASS" start="2024-05-19T18:17:54.970890" elapsed="0.000536"/>
</kw>
<kw name="Log" owner="BuiltIn">
<msg time="2024-05-19T18:17:54.972204" level="INFO">200</msg>
<arg>${response.status_code}</arg>
<doc>Logs the given message with the given level.</doc>
<status status="PASS" start="2024-05-19T18:17:54.971794" elapsed="0.000454"/>
</kw>
<kw name="Set Variable" owner="BuiltIn">
<msg time="2024-05-19T18:17:54.973024" level="INFO">${json_data} = {'results': [{'gender': 'male', 'name': {'title': 'Mr', 'first': 'Eelis', 'last': 'Puro'}, 'location': {'street': {'number': 5840, 'name': 'Rotuaari'}, 'city': 'Siilinjärvi', 'state': 'Pirkanmaa', 'co...</msg>
<var>${json_data}</var>
<arg>${response.json()}</arg>
<doc>Returns the given values which can then be assigned to a variables.</doc>
<status status="PASS" start="2024-05-19T18:17:54.972571" elapsed="0.000484"/>
</kw>
<kw name="Dictionary Should Contain Key" owner="Collections">
<msg time="2024-05-19T18:17:54.973546" level="INFO">False</msg>
<arg>${json_data}</arg>
<arg>results</arg>
<doc>Fails if ``key`` is not found from ``dictionary``.</doc>
<status status="PASS" start="2024-05-19T18:17:54.973371" elapsed="0.000216"/>
</kw>
<status status="PASS" start="2024-05-19T18:17:54.886326" elapsed="0.087522"/>
</kw>
<doc>Testa se a API responde corretamente e retorna um objeto JSON válido.</doc>
<tag>testeRequisicaoBasica</tag>
<status status="PASS" start="2024-05-19T18:17:54.885860" elapsed="0.088173"/>
</test>
<test id="s1-s1-t3" name="Validar estrutura de resposta" line="22">
<kw name="Teste de Estrutura de Resposta" owner="random-user-service">
<kw name="GET On Session" owner="RequestsLibrary">
<msg time="2024-05-19T18:17:55.073045" level="INFO">GET Request : url=https://randomuser.me/api 
 path_url=/api 
 headers={'User-Agent': 'python-requests/2.31.0', 'Accept-Encoding': 'gzip, deflate', 'Accept': '*/*', 'Connection': 'keep-alive'} 
 body=None 
 </msg>
<msg time="2024-05-19T18:17:55.073141" level="INFO">GET Response : url=https://randomuser.me/api 
 status=200, reason=OK 
 headers={'Date': 'Sun, 19 May 2024 18:17:55 GMT', 'Content-Type': 'application/json; charset=utf-8', 'Transfer-Encoding': 'chunked', 'Connection': 'keep-alive', 'X-Powered-By': 'Express', 'Access-Control-Allow-Origin': '*', 'Cache-Control': 'no-cache', 'ETag': 'W/"494-ZFdAE4LyRgRu6l99QE/UaEwPs5E"', 'Vary': 'Accept-Encoding', 'Content-Encoding': 'gzip', 'CF-Cache-Status': 'DYNAMIC', 'Report-To': '{"endpoints":[{"url":"https:\\/\\/a.nel.cloudflare.com\\/report\\/v4?s=FHTziVi0c%2BR6dWh9AwwnWllIEoGdfbl6cDaJ2q1o8HnhUSVpstwP7l5Oy1XMpeyQOzrukZH4qHBJMyy3XmzHgr%2FPaHzoLTsascE2WmZyzdUVo2Y2oyFq%2BxX1MMBBEKrg"}],"group":"cf-nel","max_age":604800}', 'NEL': '{"success_fraction":0,"report_to":"cf-nel","max_age":604800}', 'Server': 'cloudflare', 'CF-RAY': '88661626ad4a3985-IAD', 'alt-svc': 'h3=":443"; ma=86400'} 
 body={"results":[{"gender":"male","name":{"title":"Mr","first":"Lloyd","last":"Garza"},"location":{"street":{"number":9639,"name":"Dogwood Ave"},"city":"Brisbane","state":"Northern Territory","country":"Australia","postcode":5534,"coordinates":{"latitude":"-88.1318","longitude":"-10.0187"},"timezone":{"offset":"+3:00","description":"Baghdad, Riyadh, Moscow, St. Petersburg"}},"email":"lloyd.garza@example.com","login":{"uuid":"a48f2240-ccb6-41dd-b5cd-5a221a4b666f","username":"silversnake409","password":"entry","salt":"VURxg31D","md5":"42067f988746fcf9d370739223daba91","sha1":"e34857a41250d5f7516f308bf412b695fd742c6f","sha256":"bf98a1c518b9e9b016da853b57f880ea0186aa974f4890208a0f7b27c74c5d15"},"dob":{"date":"1982-03-02T15:56:54.511Z","age":42},"registered":{"date":"2005-10-21T06:58:21.894Z","age":18},"phone":"01-6274-4495","cell":"0484-188-703","id":{"name":"TFN","value":"821492797"},"picture":{"large":"https://randomuser.me/api/portraits/men/13.jpg","medium":"https://randomuser.me/api/portraits/med/men/13.jpg","thumbnail":"https://randomuser.me/api/portraits/thumb/men/13.jpg"},"nat":"AU"}],"info":{"seed":"723f68f80061e71d","results":1,"page":1,"version":"1.4"}} 
 </msg>
<msg time="2024-05-19T18:17:55.073259" level="INFO">/opt/hostedtoolcache/Python/3.12.3/x64/lib/python3.12/site-packages/urllib3/connectionpool.py:1103: InsecureRequestWarning: Unverified HTTPS request is being made to host 'randomuser.me'. Adding certificate verification is strongly advised. See: https://urllib3.readthedocs.io/en/latest/advanced-usage.html#tls-warnings
  warnings.warn(</msg>
<msg time="2024-05-19T18:17:55.073377" level="INFO">${response} = &lt;Response [200]&gt;</msg>
<var>${response}</var>
<arg>consultarAPI</arg>
<arg>/api</arg>
<doc>Sends a GET request on a previously created HTTP Session.</doc>
<status status="PASS" start="2024-05-19T18:17:54.976680" elapsed="0.096739"/>
</kw>
<kw name="Set Variable" owner="BuiltIn">
<msg time="2024-05-19T18:17:55.074542" level="INFO">${json_data} = {'results': [{'gender': 'male', 'name': {'title': 'Mr', 'first': 'Lloyd', 'last': 'Garza'}, 'location': {'street': {'number': 9639, 'name': 'Dogwood Ave'}, 'city': 'Brisbane', 'state': 'Northern Terri...</msg>
<var>${json_data}</var>
<arg>${response.json()}</arg>
<doc>Returns the given values which can then be assigned to a variables.</doc>
<status status="PASS" start="2024-05-19T18:17:55.073957" elapsed="0.000614"/>
</kw>
<kw name="Log" owner="BuiltIn">
<msg time="2024-05-19T18:17:55.075068" level="INFO">{'results': [{'gender': 'male', 'name': {'title': 'Mr', 'first': 'Lloyd', 'last': 'Garza'}, 'location': {'street': {'number': 9639, 'name': 'Dogwood Ave'}, 'city': 'Brisbane', 'state': 'Northern Territory', 'country': 'Australia', 'postcode': 5534, 'coordinates': {'latitude': '-88.1318', 'longitude': '-10.0187'}, 'timezone': {'offset': '+3:00', 'description': 'Baghdad, Riyadh, Moscow, St. Petersburg'}}, 'email': 'lloyd.garza@example.com', 'login': {'uuid': 'a48f2240-ccb6-41dd-b5cd-5a221a4b666f', 'username': 'silversnake409', 'password': 'entry', 'salt': 'VURxg31D', 'md5': '42067f988746fcf9d370739223daba91', 'sha1': 'e34857a41250d5f7516f308bf412b695fd742c6f', 'sha256': 'bf98a1c518b9e9b016da853b57f880ea0186aa974f4890208a0f7b27c74c5d15'}, 'dob': {'date': '1982-03-02T15:56:54.511Z', 'age': 42}, 'registered': {'date': '2005-10-21T06:58:21.894Z', 'age': 18}, 'phone': '01-6274-4495', 'cell': '0484-188-703', 'id': {'name': 'TFN', 'value': '821492797'}, 'picture': {'large': 'https://randomuser.me/api/portraits/men/13.jpg', 'medium': 'https://randomuser.me/api/portraits/med/men/13.jpg', 'thumbnail': 'https://randomuser.me/api/portraits/thumb/men/13.jpg'}, 'nat': 'AU'}], 'info': {'seed': '723f68f80061e71d', 'results': 1, 'page': 1, 'version': '1.4'}}</msg>
<arg>${json_data}</arg>
<doc>Logs the given message with the given level.</doc>
<status status="PASS" start="2024-05-19T18:17:55.074900" elapsed="0.000226"/>
</kw>
<kw name="Dictionary Should Contain Key" owner="Collections">
<msg time="2024-05-19T18:17:55.075589" level="INFO">False</msg>
<arg>${json_data}</arg>
<arg>results</arg>
<doc>Fails if ``key`` is not found from ``dictionary``.</doc>
<status status="PASS" start="2024-05-19T18:17:55.075429" elapsed="0.000197"/>
</kw>
<kw name="Should Not Be Empty" owner="BuiltIn">
<msg time="2024-05-19T18:17:55.076102" level="INFO">Length is 2.</msg>
<arg>${json_data}</arg>
<doc>Verifies that the given item is not empty.</doc>
<status status="PASS" start="2024-05-19T18:17:55.075964" elapsed="0.000331"/>
</kw>
<kw name="Create List" owner="BuiltIn">
<msg time="2024-05-19T18:17:55.076750" level="INFO">${expected_keys} = ['gender', 'name', 'location', 'email', 'login']</msg>
<var>${expected_keys}</var>
<arg>gender</arg>
<arg>name</arg>
<arg>location</arg>
<arg>email</arg>
<arg>login</arg>
<doc>Returns a list containing given items.</doc>
<status status="PASS" start="2024-05-19T18:17:55.076597" elapsed="0.000178"/>
</kw>
<for flavor="IN">
<iter>
<kw name="Dictionary Should Contain Key" owner="Collections">
<msg time="2024-05-19T18:17:55.077768" level="INFO">False</msg>
<arg>${json_data['results'][0]}</arg>
<arg>${key}</arg>
<doc>Fails if ``key`` is not found from ``dictionary``.</doc>
<status status="PASS" start="2024-05-19T18:17:55.077356" elapsed="0.000451"/>
</kw>
<kw name="Log" owner="BuiltIn">
<msg time="2024-05-19T18:17:55.078471" level="INFO">{'gender': 'male', 'name': {'title': 'Mr', 'first': 'Lloyd', 'last': 'Garza'}, 'location': {'street': {'number': 9639, 'name': 'Dogwood Ave'}, 'city': 'Brisbane', 'state': 'Northern Territory', 'country': 'Australia', 'postcode': 5534, 'coordinates': {'latitude': '-88.1318', 'longitude': '-10.0187'}, 'timezone': {'offset': '+3:00', 'description': 'Baghdad, Riyadh, Moscow, St. Petersburg'}}, 'email': 'lloyd.garza@example.com', 'login': {'uuid': 'a48f2240-ccb6-41dd-b5cd-5a221a4b666f', 'username': 'silversnake409', 'password': 'entry', 'salt': 'VURxg31D', 'md5': '42067f988746fcf9d370739223daba91', 'sha1': 'e34857a41250d5f7516f308bf412b695fd742c6f', 'sha256': 'bf98a1c518b9e9b016da853b57f880ea0186aa974f4890208a0f7b27c74c5d15'}, 'dob': {'date': '1982-03-02T15:56:54.511Z', 'age': 42}, 'registered': {'date': '2005-10-21T06:58:21.894Z', 'age': 18}, 'phone': '01-6274-4495', 'cell': '0484-188-703', 'id': {'name': 'TFN', 'value': '821492797'}, 'picture': {'large': 'https://randomuser.me/api/portraits/men/13.jpg', 'medium': 'https://randomuser.me/api/portraits/med/men/13.jpg', 'thumbnail': 'https://randomuser.me/api/portraits/thumb/men/13.jpg'}, 'nat': 'AU'}</msg>
<arg>${json_data['results'][0]}</arg>
<doc>Logs the given message with the given level.</doc>
<status status="PASS" start="2024-05-19T18:17:55.078105" elapsed="0.000414"/>
</kw>
<kw name="Log" owner="BuiltIn">
<msg time="2024-05-19T18:17:55.078945" level="INFO">gender</msg>
<arg>${key}</arg>
<doc>Logs the given message with the given level.</doc>
<status status="PASS" start="2024-05-19T18:17:55.078820" elapsed="0.000162"/>
</kw>
<var name="${key}">gender</var>
<status status="PASS" start="2024-05-19T18:17:55.077230" elapsed="0.001966"/>
</iter>
<iter>
<kw name="Dictionary Should Contain Key" owner="Collections">
<msg time="2024-05-19T18:17:55.079873" level="INFO">False</msg>
<arg>${json_data['results'][0]}</arg>
<arg>${key}</arg>
<doc>Fails if ``key`` is not found from ``dictionary``.</doc>
<status status="PASS" start="2024-05-19T18:17:55.079498" elapsed="0.000440"/>
</kw>
<kw name="Log" owner="BuiltIn">
<msg time="2024-05-19T18:17:55.080645" level="INFO">{'gender': 'male', 'name': {'title': 'Mr', 'first': 'Lloyd', 'last': 'Garza'}, 'location': {'street': {'number': 9639, 'name': 'Dogwood Ave'}, 'city': 'Brisbane', 'state': 'Northern Territory', 'country': 'Australia', 'postcode': 5534, 'coordinates': {'latitude': '-88.1318', 'longitude': '-10.0187'}, 'timezone': {'offset': '+3:00', 'description': 'Baghdad, Riyadh, Moscow, St. Petersburg'}}, 'email': 'lloyd.garza@example.com', 'login': {'uuid': 'a48f2240-ccb6-41dd-b5cd-5a221a4b666f', 'username': 'silversnake409', 'password': 'entry', 'salt': 'VURxg31D', 'md5': '42067f988746fcf9d370739223daba91', 'sha1': 'e34857a41250d5f7516f308bf412b695fd742c6f', 'sha256': 'bf98a1c518b9e9b016da853b57f880ea0186aa974f4890208a0f7b27c74c5d15'}, 'dob': {'date': '1982-03-02T15:56:54.511Z', 'age': 42}, 'registered': {'date': '2005-10-21T06:58:21.894Z', 'age': 18}, 'phone': '01-6274-4495', 'cell': '0484-188-703', 'id': {'name': 'TFN', 'value': '821492797'}, 'picture': {'large': 'https://randomuser.me/api/portraits/men/13.jpg', 'medium': 'https://randomuser.me/api/portraits/med/men/13.jpg', 'thumbnail': 'https://randomuser.me/api/portraits/thumb/men/13.jpg'}, 'nat': 'AU'}</msg>
<arg>${json_data['results'][0]}</arg>
<doc>Logs the given message with the given level.</doc>
<status status="PASS" start="2024-05-19T18:17:55.080282" elapsed="0.000411"/>
</kw>
<kw name="Log" owner="BuiltIn">
<msg time="2024-05-19T18:17:55.081125" level="INFO">name</msg>
<arg>${key}</arg>
<doc>Logs the given message with the given level.</doc>
<status status="PASS" start="2024-05-19T18:17:55.080998" elapsed="0.000165"/>
</kw>
<var name="${key}">name</var>
<status status="PASS" start="2024-05-19T18:17:55.079383" elapsed="0.001999"/>
</iter>
<iter>
<kw name="Dictionary Should Contain Key" owner="Collections">
<msg time="2024-05-19T18:17:55.082062" level="INFO">False</msg>
<arg>${json_data['results'][0]}</arg>
<arg>${key}</arg>
<doc>Fails if ``key`` is not found from ``dictionary``.</doc>
<status status="PASS" start="2024-05-19T18:17:55.081674" elapsed="0.000426"/>
</kw>
<kw name="Log" owner="BuiltIn">
<msg time="2024-05-19T18:17:55.082753" level="INFO">{'gender': 'male', 'name': {'title': 'Mr', 'first': 'Lloyd', 'last': 'Garza'}, 'location': {'street': {'number': 9639, 'name': 'Dogwood Ave'}, 'city': 'Brisbane', 'state': 'Northern Territory', 'country': 'Australia', 'postcode': 5534, 'coordinates': {'latitude': '-88.1318', 'longitude': '-10.0187'}, 'timezone': {'offset': '+3:00', 'description': 'Baghdad, Riyadh, Moscow, St. Petersburg'}}, 'email': 'lloyd.garza@example.com', 'login': {'uuid': 'a48f2240-ccb6-41dd-b5cd-5a221a4b666f', 'username': 'silversnake409', 'password': 'entry', 'salt': 'VURxg31D', 'md5': '42067f988746fcf9d370739223daba91', 'sha1': 'e34857a41250d5f7516f308bf412b695fd742c6f', 'sha256': 'bf98a1c518b9e9b016da853b57f880ea0186aa974f4890208a0f7b27c74c5d15'}, 'dob': {'date': '1982-03-02T15:56:54.511Z', 'age': 42}, 'registered': {'date': '2005-10-21T06:58:21.894Z', 'age': 18}, 'phone': '01-6274-4495', 'cell': '0484-188-703', 'id': {'name': 'TFN', 'value': '821492797'}, 'picture': {'large': 'https://randomuser.me/api/portraits/men/13.jpg', 'medium': 'https://randomuser.me/api/portraits/med/men/13.jpg', 'thumbnail': 'https://randomuser.me/api/portraits/thumb/men/13.jpg'}, 'nat': 'AU'}</msg>
<arg>${json_data['results'][0]}</arg>
<doc>Logs the given message with the given level.</doc>
<status status="PASS" start="2024-05-19T18:17:55.082400" elapsed="0.000403"/>
</kw>
<kw name="Log" owner="BuiltIn">
<msg time="2024-05-19T18:17:55.083222" level="INFO">location</msg>
<arg>${key}</arg>
<doc>Logs the given message with the given level.</doc>
<status status="PASS" start="2024-05-19T18:17:55.083099" elapsed="0.000161"/>
</kw>
<var name="${key}">location</var>
<status status="PASS" start="2024-05-19T18:17:55.081562" elapsed="0.001912"/>
</iter>
<iter>
<kw name="Dictionary Should Contain Key" owner="Collections">
<msg time="2024-05-19T18:17:55.084184" level="INFO">False</msg>
<arg>${json_data['results'][0]}</arg>
<arg>${key}</arg>
<doc>Fails if ``key`` is not found from ``dictionary``.</doc>
<status status="PASS" start="2024-05-19T18:17:55.083768" elapsed="0.000453"/>
</kw>
<kw name="Log" owner="BuiltIn">
<msg time="2024-05-19T18:17:55.084889" level="INFO">{'gender': 'male', 'name': {'title': 'Mr', 'first': 'Lloyd', 'last': 'Garza'}, 'location': {'street': {'number': 9639, 'name': 'Dogwood Ave'}, 'city': 'Brisbane', 'state': 'Northern Territory', 'country': 'Australia', 'postcode': 5534, 'coordinates': {'latitude': '-88.1318', 'longitude': '-10.0187'}, 'timezone': {'offset': '+3:00', 'description': 'Baghdad, Riyadh, Moscow, St. Petersburg'}}, 'email': 'lloyd.garza@example.com', 'login': {'uuid': 'a48f2240-ccb6-41dd-b5cd-5a221a4b666f', 'username': 'silversnake409', 'password': 'entry', 'salt': 'VURxg31D', 'md5': '42067f988746fcf9d370739223daba91', 'sha1': 'e34857a41250d5f7516f308bf412b695fd742c6f', 'sha256': 'bf98a1c518b9e9b016da853b57f880ea0186aa974f4890208a0f7b27c74c5d15'}, 'dob': {'date': '1982-03-02T15:56:54.511Z', 'age': 42}, 'registered': {'date': '2005-10-21T06:58:21.894Z', 'age': 18}, 'phone': '01-6274-4495', 'cell': '0484-188-703', 'id': {'name': 'TFN', 'value': '821492797'}, 'picture': {'large': 'https://randomuser.me/api/portraits/men/13.jpg', 'medium': 'https://randomuser.me/api/portraits/med/men/13.jpg', 'thumbnail': 'https://randomuser.me/api/portraits/thumb/men/13.jpg'}, 'nat': 'AU'}</msg>
<arg>${json_data['results'][0]}</arg>
<doc>Logs the given message with the given level.</doc>
<status status="PASS" start="2024-05-19T18:17:55.084525" elapsed="0.000412"/>
</kw>
<kw name="Log" owner="BuiltIn">
<msg time="2024-05-19T18:17:55.085369" level="INFO">email</msg>
<arg>${key}</arg>
<doc>Logs the given message with the given level.</doc>
<status status="PASS" start="2024-05-19T18:17:55.085245" elapsed="0.000161"/>
</kw>
<var name="${key}">email</var>
<status status="PASS" start="2024-05-19T18:17:55.083648" elapsed="0.001972"/>
</iter>
<iter>
<kw name="Dictionary Should Contain Key" owner="Collections">
<msg time="2024-05-19T18:17:55.086284" level="INFO">False</msg>
<arg>${json_data['results'][0]}</arg>
<arg>${key}</arg>
<doc>Fails if ``key`` is not found from ``dictionary``.</doc>
<status status="PASS" start="2024-05-19T18:17:55.085901" elapsed="0.000420"/>
</kw>
<kw name="Log" owner="BuiltIn">
<msg time="2024-05-19T18:17:55.086981" level="INFO">{'gender': 'male', 'name': {'title': 'Mr', 'first': 'Lloyd', 'last': 'Garza'}, 'location': {'street': {'number': 9639, 'name': 'Dogwood Ave'}, 'city': 'Brisbane', 'state': 'Northern Territory', 'country': 'Australia', 'postcode': 5534, 'coordinates': {'latitude': '-88.1318', 'longitude': '-10.0187'}, 'timezone': {'offset': '+3:00', 'description': 'Baghdad, Riyadh, Moscow, St. Petersburg'}}, 'email': 'lloyd.garza@example.com', 'login': {'uuid': 'a48f2240-ccb6-41dd-b5cd-5a221a4b666f', 'username': 'silversnake409', 'password': 'entry', 'salt': 'VURxg31D', 'md5': '42067f988746fcf9d370739223daba91', 'sha1': 'e34857a41250d5f7516f308bf412b695fd742c6f', 'sha256': 'bf98a1c518b9e9b016da853b57f880ea0186aa974f4890208a0f7b27c74c5d15'}, 'dob': {'date': '1982-03-02T15:56:54.511Z', 'age': 42}, 'registered': {'date': '2005-10-21T06:58:21.894Z', 'age': 18}, 'phone': '01-6274-4495', 'cell': '0484-188-703', 'id': {'name': 'TFN', 'value': '821492797'}, 'picture': {'large': 'https://randomuser.me/api/portraits/men/13.jpg', 'medium': 'https://randomuser.me/api/portraits/med/men/13.jpg', 'thumbnail': 'https://randomuser.me/api/portraits/thumb/men/13.jpg'}, 'nat': 'AU'}</msg>
<arg>${json_data['results'][0]}</arg>
<doc>Logs the given message with the given level.</doc>
<status status="PASS" start="2024-05-19T18:17:55.086622" elapsed="0.000408"/>
</kw>
<kw name="Log" owner="BuiltIn">
<msg time="2024-05-19T18:17:55.087450" level="INFO">login</msg>
<arg>${key}</arg>
<doc>Logs the given message with the given level.</doc>
<status status="PASS" start="2024-05-19T18:17:55.087325" elapsed="0.000163"/>
</kw>
<var name="${key}">login</var>
<status status="PASS" start="2024-05-19T18:17:55.085791" elapsed="0.001941"/>
</iter>
<var>${key}</var>
<value>@{expected_keys}</value>
<status status="PASS" start="2024-05-19T18:17:55.077040" elapsed="0.010817"/>
</for>
<kw name="Create List" owner="BuiltIn">
<msg time="2024-05-19T18:17:55.088236" level="INFO">${expected_keysTwo} = ['username', 'password']</msg>
<var>${expected_keysTwo}</var>
<arg>username</arg>
<arg>password</arg>
<doc>Returns a list containing given items.</doc>
<status status="PASS" start="2024-05-19T18:17:55.088099" elapsed="0.000160"/>
</kw>
<for flavor="IN">
<iter>
<kw name="Dictionary Should Contain Key" owner="Collections">
<msg time="2024-05-19T18:17:55.089276" level="INFO">False</msg>
<arg>${json_data['results'][0]['login']}</arg>
<arg>${keyTwo}</arg>
<doc>Fails if ``key`` is not found from ``dictionary``.</doc>
<status status="PASS" start="2024-05-19T18:17:55.088759" elapsed="0.000570"/>
</kw>
<kw name="Dictionary Should Contain Key" owner="Collections">
<msg time="2024-05-19T18:17:55.090148" level="INFO">False</msg>
<arg>${json_data['results'][0]['login']}</arg>
<arg>${keyTwo}</arg>
<doc>Fails if ``key`` is not found from ``dictionary``.</doc>
<status status="PASS" start="2024-05-19T18:17:55.089755" elapsed="0.000432"/>
</kw>
<kw name="Log" owner="BuiltIn">
<msg time="2024-05-19T18:17:55.090619" level="INFO">username</msg>
<arg>${keyTwo}</arg>
<doc>Logs the given message with the given level.</doc>
<status status="PASS" start="2024-05-19T18:17:55.090492" elapsed="0.000170"/>
</kw>
<var name="${keyTwo}">username</var>
<status status="PASS" start="2024-05-19T18:17:55.088651" elapsed="0.002230"/>
</iter>
<iter>
<kw name="Dictionary Should Contain Key" owner="Collections">
<msg time="2024-05-19T18:17:55.091641" level="INFO">False</msg>
<arg>${json_data['results'][0]['login']}</arg>
<arg>${keyTwo}</arg>
<doc>Fails if ``key`` is not found from ``dictionary``.</doc>
<status status="PASS" start="2024-05-19T18:17:55.091172" elapsed="0.000510"/>
</kw>
<kw name="Dictionary Should Contain Key" owner="Collections">
<msg time="2024-05-19T18:17:55.092386" level="INFO">False</msg>
<arg>${json_data['results'][0]['login']}</arg>
<arg>${keyTwo}</arg>
<doc>Fails if ``key`` is not found from ``dictionary``.</doc>
<status status="PASS" start="2024-05-19T18:17:55.092005" elapsed="0.000419"/>
</kw>
<kw name="Log" owner="BuiltIn">
<msg time="2024-05-19T18:17:55.092847" level="INFO">password</msg>
<arg>${keyTwo}</arg>
<doc>Logs the given message with the given level.</doc>
<status status="PASS" start="2024-05-19T18:17:55.092721" elapsed="0.000164"/>
</kw>
<var name="${keyTwo}">password</var>
<status status="PASS" start="2024-05-19T18:17:55.091062" elapsed="0.002039"/>
</iter>
<var>${keyTwo}</var>
<value>@{expected_keysTwo}</value>
<status status="PASS" start="2024-05-19T18:17:55.088499" elapsed="0.004721"/>
</for>
<status status="PASS" start="2024-05-19T18:17:54.976436" elapsed="0.116923"/>
</kw>
<doc>Testa a estrutura da resposta da API.</doc>
<tag>testeEstruturaResposta</tag>
<status status="PASS" start="2024-05-19T18:17:54.975888" elapsed="0.117627"/>
</test>
<test id="s1-s1-t4" name="Validar tipos de dados" line="28">
<kw name="Teste de Tipos de Dados" owner="random-user-service">
<kw name="GET On Session" owner="RequestsLibrary">
<msg time="2024-05-19T18:17:55.175580" level="INFO">GET Request : url=https://randomuser.me/api 
 path_url=/api 
 headers={'User-Agent': 'python-requests/2.31.0', 'Accept-Encoding': 'gzip, deflate', 'Accept': '*/*', 'Connection': 'keep-alive'} 
 body=None 
 </msg>
<msg time="2024-05-19T18:17:55.175679" level="INFO">GET Response : url=https://randomuser.me/api 
 status=200, reason=OK 
 headers={'Date': 'Sun, 19 May 2024 18:17:55 GMT', 'Content-Type': 'application/json; charset=utf-8', 'Transfer-Encoding': 'chunked', 'Connection': 'keep-alive', 'X-Powered-By': 'Express', 'Access-Control-Allow-Origin': '*', 'Cache-Control': 'no-cache', 'ETag': 'W/"4b4-eY2+fvoqi/wPCbAwp6jwiFubLnI"', 'Vary': 'Accept-Encoding', 'Content-Encoding': 'gzip', 'CF-Cache-Status': 'DYNAMIC', 'Report-To': '{"endpoints":[{"url":"https:\\/\\/a.nel.cloudflare.com\\/report\\/v4?s=M2tRLT1pNevRspq0af2ikVo3kNidl5nBVWUFW0Kw4th2MxVdXY%2FiqYLq4dNLNje2vUYide13YkhdYD7TNjE%2FpmXEK6FugXYKa10s%2F%2Fuqe01GG3SnGQY0US9MsJzDSM9G"}],"group":"cf-nel","max_age":604800}', 'NEL': '{"success_fraction":0,"report_to":"cf-nel","max_age":604800}', 'Server': 'cloudflare', 'CF-RAY': '886616276e1c3985-IAD', 'alt-svc': 'h3=":443"; ma=86400'} 
 body={"results":[{"gender":"female","name":{"title":"Ms","first":"Esparta","last":"Carmona"},"location":{"street":{"number":5525,"name":"Periférico Nuevo León"},"city":"Chiconquiaco","state":"Coahuila","country":"Mexico","postcode":79625,"coordinates":{"latitude":"25.2739","longitude":"144.3356"},"timezone":{"offset":"-4:00","description":"Atlantic Time (Canada), Caracas, La Paz"}},"email":"esparta.carmona@example.com","login":{"uuid":"52c48c23-ca2a-4ae7-89fb-a00b5ab6e1e8","username":"silverostrich137","password":"whitney","salt":"OkOQ4DFK","md5":"1d1ac5d25bb98a1cca1311cab260f9b3","sha1":"ebaf189b303f013fd6550721ae75f62b8850dad8","sha256":"d6c527c04a4fab1901af07672a1e7937f7eace110d3fe75c45b6fb8450ea371e"},"dob":{"date":"1946-02-12T07:32:33.577Z","age":78},"registered":{"date":"2017-03-21T08:43:49.986Z","age":7},"phone":"(666) 490 8598","cell":"(674) 303 9647","id":{"name":"NSS","value":"45 61 26 1948 1"},"picture":{"large":"https://randomuser.me/api/portraits/women/32.jpg","medium":"https://randomuser.me/api/portraits/med/women/32.jpg","thumbnail":"https://randomuser.me/api/portraits/thumb/women/32.jpg"},"nat":"MX"}],"info":{"seed":"8bed92fe2189a30a","results":1,"page":1,"version":"1.4"}} 
 </msg>
<msg time="2024-05-19T18:17:55.175753" level="INFO">/opt/hostedtoolcache/Python/3.12.3/x64/lib/python3.12/site-packages/urllib3/connectionpool.py:1103: InsecureRequestWarning: Unverified HTTPS request is being made to host 'randomuser.me'. Adding certificate verification is strongly advised. See: https://urllib3.readthedocs.io/en/latest/advanced-usage.html#tls-warnings
  warnings.warn(</msg>
<msg time="2024-05-19T18:17:55.175886" level="INFO">${response} = &lt;Response [200]&gt;</msg>
<var>${response}</var>
<arg>consultarAPI</arg>
<arg>/api</arg>
<doc>Sends a GET request on a previously created HTTP Session.</doc>
<status status="PASS" start="2024-05-19T18:17:55.095970" elapsed="0.079980"/>
</kw>
<kw name="Set Variable" owner="BuiltIn">
<msg time="2024-05-19T18:17:55.177159" level="INFO">${json_data} = {'results': [{'gender': 'female', 'name': {'title': 'Ms', 'first': 'Esparta', 'last': 'Carmona'}, 'location': {'street': {'number': 5525, 'name': 'Periférico Nuevo León'}, 'city': 'Chiconquiaco', 'sta...</msg>
<var>${json_data}</var>
<arg>${response.json()}</arg>
<doc>Returns the given values which can then be assigned to a variables.</doc>
<status status="PASS" start="2024-05-19T18:17:55.176580" elapsed="0.000610"/>
</kw>
<kw name="Log" owner="BuiltIn">
<msg time="2024-05-19T18:17:55.177715" level="INFO">{'results': [{'gender': 'female', 'name': {'title': 'Ms', 'first': 'Esparta', 'last': 'Carmona'}, 'location': {'street': {'number': 5525, 'name': 'Periférico Nuevo León'}, 'city': 'Chiconquiaco', 'state': 'Coahuila', 'country': 'Mexico', 'postcode': 79625, 'coordinates': {'latitude': '25.2739', 'longitude': '144.3356'}, 'timezone': {'offset': '-4:00', 'description': 'Atlantic Time (Canada), Caracas, La Paz'}}, 'email': 'esparta.carmona@example.com', 'login': {'uuid': '52c48c23-ca2a-4ae7-89fb-a00b5ab6e1e8', 'username': 'silverostrich137', 'password': 'whitney', 'salt': 'OkOQ4DFK', 'md5': '1d1ac5d25bb98a1cca1311cab260f9b3', 'sha1': 'ebaf189b303f013fd6550721ae75f62b8850dad8', 'sha256': 'd6c527c04a4fab1901af07672a1e7937f7eace110d3fe75c45b6fb8450ea371e'}, 'dob': {'date': '1946-02-12T07:32:33.577Z', 'age': 78}, 'registered': {'date': '2017-03-21T08:43:49.986Z', 'age': 7}, 'phone': '(666) 490 8598', 'cell': '(674) 303 9647', 'id': {'name': 'NSS', 'value': '45 61 26 1948 1'}, 'picture': {'large': 'https://randomuser.me/api/portraits/women/32.jpg', 'medium': 'https://randomuser.me/api/portraits/med/women/32.jpg', 'thumbnail': 'https://randomuser.me/api/portraits/thumb/women/32.jpg'}, 'nat': 'MX'}], 'info': {'seed': '8bed92fe2189a30a', 'results': 1, 'page': 1, 'version': '1.4'}}</msg>
<arg>${json_data}</arg>
<doc>Logs the given message with the given level.</doc>
<status status="PASS" start="2024-05-19T18:17:55.177547" elapsed="0.000261"/>
</kw>
<kw name="Should Be String" owner="String">
<arg>${json_data['results'][0]['gender']}</arg>
<doc>Fails if the given ``item`` is not a string.</doc>
<status status="PASS" start="2024-05-19T18:17:55.178126" elapsed="0.000381"/>
</kw>
<kw name="Should Match Regexp" owner="BuiltIn">
<arg>${json_data['results'][0]['email']}</arg>
<arg>^[a-zA-Z0-9._%+-]+@[a-zA-Z0-9.-]+\.[a-zA-Z]{2,}$</arg>
<doc>Fails if ``string`` does not match ``pattern`` as a regular expression.</doc>
<status status="PASS" start="2024-05-19T18:17:55.178708" elapsed="0.000523"/>
</kw>
<kw name="Should Match Regexp" owner="BuiltIn">
<arg>${json_data['results'][0]['dob']['date']}</arg>
<arg>\\d{4}-\\d{2}-\\d{2}T\\d{2}:\\d{2}:\\d{2}\\.\\d{3}Z</arg>
<doc>Fails if ``string`` does not match ``pattern`` as a regular expression.</doc>
<status status="PASS" start="2024-05-19T18:17:55.179429" elapsed="0.000533"/>
</kw>
<kw name="Should Match Regexp" owner="BuiltIn">
<arg>${json_data['results'][0]['registered']['date']}</arg>
<arg>\\d{4}-\\d{2}-\\d{2}T\\d{2}:\\d{2}:\\d{2}\\.\\d{3}Z</arg>
<doc>Fails if ``string`` does not match ``pattern`` as a regular expression.</doc>
<status status="PASS" start="2024-05-19T18:17:55.180162" elapsed="0.000369"/>
</kw>
<kw name="Should Match Regexp" owner="BuiltIn">
<arg>${json_data['results'][0]['picture']['large']}</arg>
<arg>^https?://.*\.(?:png|jpe?g|gif|bmp)$</arg>
<doc>Fails if ``string`` does not match ``pattern`` as a regular expression.</doc>
<status status="PASS" start="2024-05-19T18:17:55.180728" elapsed="0.000461"/>
</kw>
<kw name="Should Match Regexp" owner="BuiltIn">
<arg>${json_data['results'][0]['picture']['medium']}</arg>
<arg>^https?://.*\.(?:png|jpe?g|gif|bmp)$</arg>
<doc>Fails if ``string`` does not match ``pattern`` as a regular expression.</doc>
<status status="PASS" start="2024-05-19T18:17:55.181379" elapsed="0.000364"/>
</kw>
<kw name="Should Match Regexp" owner="BuiltIn">
<arg>${json_data['results'][0]['picture']['thumbnail']}</arg>
<arg>^https?://.*\.(?:png|jpe?g|gif|bmp)$</arg>
<doc>Fails if ``string`` does not match ``pattern`` as a regular expression.</doc>
<status status="PASS" start="2024-05-19T18:17:55.181938" elapsed="0.000352"/>
</kw>
<kw name="Log" owner="BuiltIn">
<msg time="2024-05-19T18:17:55.182799" level="INFO">{'large': 'https://randomuser.me/api/portraits/women/32.jpg', 'medium': 'https://randomuser.me/api/portraits/med/women/32.jpg', 'thumbnail': 'https://randomuser.me/api/portraits/thumb/women/32.jpg'}</msg>
<arg>${json_data['results'][0]['picture']}</arg>
<doc>Logs the given message with the given level.</doc>
<status status="PASS" start="2024-05-19T18:17:55.182473" elapsed="0.000368"/>
</kw>
<status status="PASS" start="2024-05-19T18:17:55.095721" elapsed="0.087379"/>
</kw>
<kw name="Teste de Tipos de Dados - Postcode" owner="random-user-service">
<kw name="GET On Session" owner="RequestsLibrary">
<msg time="2024-05-19T18:17:55.275113" level="INFO">GET Request : url=https://randomuser.me/api 
 path_url=/api 
 headers={'User-Agent': 'python-requests/2.31.0', 'Accept-Encoding': 'gzip, deflate', 'Accept': '*/*', 'Connection': 'keep-alive'} 
 body=None 
 </msg>
<msg time="2024-05-19T18:17:55.275191" level="INFO">GET Response : url=https://randomuser.me/api 
 status=200, reason=OK 
 headers={'Date': 'Sun, 19 May 2024 18:17:55 GMT', 'Content-Type': 'application/json; charset=utf-8', 'Transfer-Encoding': 'chunked', 'Connection': 'keep-alive', 'X-Powered-By': 'Express', 'Access-Control-Allow-Origin': '*', 'Cache-Control': 'no-cache', 'ETag': 'W/"48c-GjbRK4yigEGWR00P8frHpdKm0yM"', 'Vary': 'Accept-Encoding', 'Content-Encoding': 'gzip', 'CF-Cache-Status': 'DYNAMIC', 'Report-To': '{"endpoints":[{"url":"https:\\/\\/a.nel.cloudflare.com\\/report\\/v4?s=m44%2FIzkIhJouo1plfpEyjKU6WElMRWLL%2FFiCeXnV3EGKyXRIP7eXy0mGOHwEuJBy%2FRiBBADpQ2LzISRlYz8UR8Ao5WRFrrs1tgOa7UtllsNW9dHM7UfWWgIWAao%2BVD1S"}],"group":"cf-nel","max_age":604800}', 'NEL': '{"success_fraction":0,"report_to":"cf-nel","max_age":604800}', 'Server': 'cloudflare', 'CF-RAY': '88661627eea43985-IAD', 'alt-svc': 'h3=":443"; ma=86400'} 
 body={"results":[{"gender":"male","name":{"title":"Mr","first":"Eemil","last":"Keto"},"location":{"street":{"number":3924,"name":"Fredrikinkatu"},"city":"Pielavesi","state":"Central Ostrobothnia","country":"Finland","postcode":70776,"coordinates":{"latitude":"-26.7383","longitude":"-97.3922"},"timezone":{"offset":"-1:00","description":"Azores, Cape Verde Islands"}},"email":"eemil.keto@example.com","login":{"uuid":"34661a1a-fa99-4410-b05b-e100497eb846","username":"greenpanda889","password":"1989","salt":"0OKIrhbl","md5":"1d9d3ff46089cef9f7c1b8ba3b580c7a","sha1":"23ba38d8d0abc8f62e67afc7b02e3cfe8e2e6243","sha256":"68848377ad83253cccb7573206cd0cb914cb049f15fea098099a28f53ef617b9"},"dob":{"date":"1948-10-11T03:10:23.225Z","age":75},"registered":{"date":"2002-12-02T12:10:24.137Z","age":21},"phone":"04-648-752","cell":"043-770-34-36","id":{"name":"HETU","value":"NaNNA729undefined"},"picture":{"large":"https://randomuser.me/api/portraits/men/0.jpg","medium":"https://randomuser.me/api/portraits/med/men/0.jpg","thumbnail":"https://randomuser.me/api/portraits/thumb/men/0.jpg"},"nat":"FI"}],"info":{"seed":"2e2587e1fae5547d","results":1,"page":1,"version":"1.4"}} 
 </msg>
<msg time="2024-05-19T18:17:55.275259" level="INFO">/opt/hostedtoolcache/Python/3.12.3/x64/lib/python3.12/site-packages/urllib3/connectionpool.py:1103: InsecureRequestWarning: Unverified HTTPS request is being made to host 'randomuser.me'. Adding certificate verification is strongly advised. See: https://urllib3.readthedocs.io/en/latest/advanced-usage.html#tls-warnings
  warnings.warn(</msg>
<msg time="2024-05-19T18:17:55.275364" level="INFO">${response} = &lt;Response [200]&gt;</msg>
<var>${response}</var>
<arg>consultarAPI</arg>
<arg>/api</arg>
<doc>Sends a GET request on a previously created HTTP Session.</doc>
<status status="PASS" start="2024-05-19T18:17:55.183564" elapsed="0.091849"/>
</kw>
<kw name="Set Variable" owner="BuiltIn">
<msg time="2024-05-19T18:17:55.276494" level="INFO">${json_data} = {'results': [{'gender': 'male', 'name': {'title': 'Mr', 'first': 'Eemil', 'last': 'Keto'}, 'location': {'street': {'number': 3924, 'name': 'Fredrikinkatu'}, 'city': 'Pielavesi', 'state': 'Central Ostr...</msg>
<var>${json_data}</var>
<arg>${response.json()}</arg>
<doc>Returns the given values which can then be assigned to a variables.</doc>
<status status="PASS" start="2024-05-19T18:17:55.275925" elapsed="0.000603"/>
</kw>
<kw name="Log" owner="BuiltIn">
<msg time="2024-05-19T18:17:55.276988" level="INFO">{'results': [{'gender': 'male', 'name': {'title': 'Mr', 'first': 'Eemil', 'last': 'Keto'}, 'location': {'street': {'number': 3924, 'name': 'Fredrikinkatu'}, 'city': 'Pielavesi', 'state': 'Central Ostrobothnia', 'country': 'Finland', 'postcode': 70776, 'coordinates': {'latitude': '-26.7383', 'longitude': '-97.3922'}, 'timezone': {'offset': '-1:00', 'description': 'Azores, Cape Verde Islands'}}, 'email': 'eemil.keto@example.com', 'login': {'uuid': '34661a1a-fa99-4410-b05b-e100497eb846', 'username': 'greenpanda889', 'password': '1989', 'salt': '0OKIrhbl', 'md5': '1d9d3ff46089cef9f7c1b8ba3b580c7a', 'sha1': '23ba38d8d0abc8f62e67afc7b02e3cfe8e2e6243', 'sha256': '68848377ad83253cccb7573206cd0cb914cb049f15fea098099a28f53ef617b9'}, 'dob': {'date': '1948-10-11T03:10:23.225Z', 'age': 75}, 'registered': {'date': '2002-12-02T12:10:24.137Z', 'age': 21}, 'phone': '04-648-752', 'cell': '043-770-34-36', 'id': {'name': 'HETU', 'value': 'NaNNA729undefined'}, 'picture': {'large': 'https://randomuser.me/api/portraits/men/0.jpg', 'medium': 'https://randomuser.me/api/portraits/med/men/0.jpg', 'thumbnail': 'https://randomuser.me/api/portraits/thumb/men/0.jpg'}, 'nat': 'FI'}], 'info': {'seed': '2e2587e1fae5547d', 'results': 1, 'page': 1, 'version': '1.4'}}</msg>
<arg>${json_data}</arg>
<doc>Logs the given message with the given level.</doc>
<status status="PASS" start="2024-05-19T18:17:55.276837" elapsed="0.000231"/>
</kw>
<kw name="Should Be Equal As Numbers" owner="BuiltIn">
<arg>${json_data['results'][0]['location']['postcode']}</arg>
<arg>${json_data['results'][0]['location']['postcode']}</arg>
<doc>Fails if objects are unequal after converting them to real numbers.</doc>
<status status="PASS" start="2024-05-19T18:17:55.277513" elapsed="0.000615"/>
</kw>
<kw name="Log" owner="BuiltIn">
<msg time="2024-05-19T18:17:55.278653" level="INFO">70776</msg>
<arg>${json_data['results'][0]['location']['postcode']}</arg>
<doc>Logs the given message with the given level.</doc>
<status status="PASS" start="2024-05-19T18:17:55.278318" elapsed="0.000376"/>
</kw>
<status status="PASS" start="2024-05-19T18:17:55.183331" elapsed="0.095616"/>
</kw>
<doc>Testa se os tipos de dados na resposta da API estão corretos.</doc>
<tag>testeTiposDados</tag>
<status status="PASS" start="2024-05-19T18:17:55.095264" elapsed="0.183849"/>
</test>
<test id="s1-s1-t5" name="Validar conteudo" line="35">
<kw name="Teste de Tipos de Conteudo" owner="random-user-service">
<kw name="GET On Session" owner="RequestsLibrary">
<msg time="2024-05-19T18:17:55.364748" level="INFO">GET Request : url=https://randomuser.me/api 
 path_url=/api 
 headers={'User-Agent': 'python-requests/2.31.0', 'Accept-Encoding': 'gzip, deflate', 'Accept': '*/*', 'Connection': 'keep-alive'} 
 body=None 
 </msg>
<msg time="2024-05-19T18:17:55.364823" level="INFO">GET Response : url=https://randomuser.me/api 
 status=200, reason=OK 
 headers={'Date': 'Sun, 19 May 2024 18:17:55 GMT', 'Content-Type': 'application/json; charset=utf-8', 'Transfer-Encoding': 'chunked', 'Connection': 'keep-alive', 'X-Powered-By': 'Express', 'Access-Control-Allow-Origin': '*', 'Cache-Control': 'no-cache', 'ETag': 'W/"47d-7dG8PSHj9K1LbROOmtIKGMFIYoE"', 'Vary': 'Accept-Encoding', 'Content-Encoding': 'gzip', 'CF-Cache-Status': 'DYNAMIC', 'Report-To': '{"endpoints":[{"url":"https:\\/\\/a.nel.cloudflare.com\\/report\\/v4?s=MCAK%2F2RBUiVVixtcyXYuZ4ms05vQg%2F%2BOLb4fpengKCojnCChW1WcwjOm727YE2KP6PqR4O%2FkmOdVAs02%2BjQcZys9dlhMb3lQfmHpQoFiLjzfnrw%2BqzzvtRqx3ZVTXDtL"}],"group":"cf-nel","max_age":604800}', 'NEL': '{"success_fraction":0,"report_to":"cf-nel","max_age":604800}', 'Server': 'cloudflare', 'CF-RAY': '886616288f3e3985-IAD', 'alt-svc': 'h3=":443"; ma=86400'} 
 body={"results":[{"gender":"male","name":{"title":"Mr","first":"Goran","last":"Ninković"},"location":{"street":{"number":9418,"name":"Mazgitska"},"city":"Osečina","state":"Nišava","country":"Serbia","postcode":99266,"coordinates":{"latitude":"63.8687","longitude":"-27.1800"},"timezone":{"offset":"+7:00","description":"Bangkok, Hanoi, Jakarta"}},"email":"goran.ninkovic@example.com","login":{"uuid":"47df796f-1208-40a5-8a58-e908f248616e","username":"goldenleopard916","password":"perry","salt":"gibIcOuq","md5":"c88ee981c499812393dca419c0d913fa","sha1":"6bf845a35f0fe622be7c38860d8ef60454b3f390","sha256":"dabe47376f483ab3f3b7a4780e0563c239cdcaafd2f515f98aeade44621fec99"},"dob":{"date":"1979-02-10T11:19:00.668Z","age":45},"registered":{"date":"2003-03-05T01:31:05.634Z","age":21},"phone":"031-2540-483","cell":"066-9603-974","id":{"name":"SID","value":"370523955"},"picture":{"large":"https://randomuser.me/api/portraits/men/54.jpg","medium":"https://randomuser.me/api/portraits/med/men/54.jpg","thumbnail":"https://randomuser.me/api/portraits/thumb/men/54.jpg"},"nat":"RS"}],"info":{"seed":"ccede126ef522923","results":1,"page":1,"version":"1.4"}} 
 </msg>
<msg time="2024-05-19T18:17:55.364886" level="INFO">/opt/hostedtoolcache/Python/3.12.3/x64/lib/python3.12/site-packages/urllib3/connectionpool.py:1103: InsecureRequestWarning: Unverified HTTPS request is being made to host 'randomuser.me'. Adding certificate verification is strongly advised. See: https://urllib3.readthedocs.io/en/latest/advanced-usage.html#tls-warnings
  warnings.warn(</msg>
<msg time="2024-05-19T18:17:55.364996" level="INFO">${response} = &lt;Response [200]&gt;</msg>
<var>${response}</var>
<arg>consultarAPI</arg>
<arg>/api</arg>
<doc>Sends a GET request on a previously created HTTP Session.</doc>
<status status="PASS" start="2024-05-19T18:17:55.282018" elapsed="0.083021"/>
</kw>
<kw name="Set Variable" owner="BuiltIn">
<msg time="2024-05-19T18:17:55.366099" level="INFO">${json_data} = {'results': [{'gender': 'male', 'name': {'title': 'Mr', 'first': 'Goran', 'last': 'Ninković'}, 'location': {'street': {'number': 9418, 'name': 'Mazgitska'}, 'city': 'Osečina', 'state': 'Nišava', 'coun...</msg>
<var>${json_data}</var>
<arg>${response.json()}</arg>
<doc>Returns the given values which can then be assigned to a variables.</doc>
<status status="PASS" start="2024-05-19T18:17:55.365533" elapsed="0.000598"/>
</kw>
<kw name="Set Variable" owner="BuiltIn">
<msg time="2024-05-19T18:17:55.366850" level="INFO">${name_title} = Mr</msg>
<var>${name_title}</var>
<arg>${json_data["results"][0]["name"]["title"]}</arg>
<doc>Returns the given values which can then be assigned to a variables.</doc>
<status status="PASS" start="2024-05-19T18:17:55.366456" elapsed="0.000420"/>
</kw>
<kw name="Create List" owner="BuiltIn">
<msg time="2024-05-19T18:17:55.367339" level="INFO">${allowed_titles} = ['Mr', 'Ms', 'Miss', 'Mrs', 'Madame', 'Monsieur']</msg>
<var>${allowed_titles}</var>
<arg>Mr</arg>
<arg>Ms</arg>
<arg>Miss</arg>
<arg>Mrs</arg>
<arg>Madame</arg>
<arg>Monsieur</arg>
<doc>Returns a list containing given items.</doc>
<status status="PASS" start="2024-05-19T18:17:55.367183" elapsed="0.000180"/>
</kw>
<kw name="List Should Contain Value" owner="Collections">
<msg time="2024-05-19T18:17:55.367839" level="INFO">False</msg>
<arg>${allowed_titles}</arg>
<arg>${name_title}</arg>
<doc>Fails if the ``value`` is not found from ``list``.</doc>
<status status="PASS" start="2024-05-19T18:17:55.367665" elapsed="0.000211"/>
</kw>
<kw name="Set Variable" owner="BuiltIn">
<msg time="2024-05-19T18:17:55.368600" level="INFO">${name_country} = RS</msg>
<var>${name_country}</var>
<arg>${json_data["results"][0]["nat"]}</arg>
<doc>Returns the given values which can then be assigned to a variables.</doc>
<status status="PASS" start="2024-05-19T18:17:55.368220" elapsed="0.000406"/>
</kw>
<kw name="Create List" owner="BuiltIn">
<msg time="2024-05-19T18:17:55.369524" level="INFO">${list_country} = ['AD', 'AE', 'AF', 'AG', 'AI', 'AL', 'AM', 'AO', 'AQ', 'AR', 'AS', 'AT', 'AU', 'AW', 'AX', 'AZ', 'BA', 'BB', 'BD', 'BE', 'BF', 'BG', 'BH', 'BI', 'BJ', 'BL', 'BM', 'BN', 'BO', 'BQ', 'BR', 'BS', 'BT', '...</msg>
<var>${list_country}</var>
<arg>AD</arg>
<arg>AE</arg>
<arg>AF</arg>
<arg>AG</arg>
<arg>AI</arg>
<arg>AL</arg>
<arg>AM</arg>
<arg>AO</arg>
<arg>AQ</arg>
<arg>AR</arg>
<arg>AS</arg>
<arg>AT</arg>
<arg>AU</arg>
<arg>AW</arg>
<arg>AX</arg>
<arg>AZ</arg>
<arg>BA</arg>
<arg>BB</arg>
<arg>BD</arg>
<arg>BE</arg>
<arg>BF</arg>
<arg>BG</arg>
<arg>BH</arg>
<arg>BI</arg>
<arg>BJ</arg>
<arg>BL</arg>
<arg>BM</arg>
<arg>BN</arg>
<arg>BO</arg>
<arg>BQ</arg>
<arg>BR</arg>
<arg>BS</arg>
<arg>BT</arg>
<arg>BV</arg>
<arg>BW</arg>
<arg>BY</arg>
<arg>BZ</arg>
<arg>CA</arg>
<arg>CC</arg>
<arg>CD</arg>
<arg>CF</arg>
<arg>CG</arg>
<arg>CH</arg>
<arg>CI</arg>
<arg>CK</arg>
<arg>CL</arg>
<arg>CM</arg>
<arg>CN</arg>
<arg>CO</arg>
<arg>CR</arg>
<arg>CU</arg>
<arg>CV</arg>
<arg>CW</arg>
<arg>CX</arg>
<arg>CY</arg>
<arg>CZ</arg>
<arg>DE</arg>
<arg>DJ</arg>
<arg>DK</arg>
<arg>DM</arg>
<arg>DO</arg>
<arg>DZ</arg>
<arg>EC</arg>
<arg>EE</arg>
<arg>EG</arg>
<arg>EH</arg>
<arg>ER</arg>
<arg>ES</arg>
<arg>ET</arg>
<arg>FI</arg>
<arg>FJ</arg>
<arg>FK</arg>
<arg>FM</arg>
<arg>FO</arg>
<arg>FR</arg>
<arg>GA</arg>
<arg>GB</arg>
<arg>GD</arg>
<arg>GE</arg>
<arg>GF</arg>
<arg>GG</arg>
<arg>GH</arg>
<arg>GI</arg>
<arg>GL</arg>
<arg>GM</arg>
<arg>GN</arg>
<arg>GP</arg>
<arg>GQ</arg>
<arg>GR</arg>
<arg>GS</arg>
<arg>GT</arg>
<arg>GU</arg>
<arg>GW</arg>
<arg>GY</arg>
<arg>HK</arg>
<arg>HM</arg>
<arg>HN</arg>
<arg>HR</arg>
<arg>HT</arg>
<arg>HU</arg>
<arg>ID</arg>
<arg>IE</arg>
<arg>IL</arg>
<arg>IM</arg>
<arg>IN</arg>
<arg>IO</arg>
<arg>IQ</arg>
<arg>IR</arg>
<arg>IS</arg>
<arg>IT</arg>
<arg>JE</arg>
<arg>JM</arg>
<arg>JO</arg>
<arg>JP</arg>
<arg>KE</arg>
<arg>KG</arg>
<arg>KH</arg>
<arg>KI</arg>
<arg>KM</arg>
<arg>KN</arg>
<arg>KP</arg>
<arg>KR</arg>
<arg>KW</arg>
<arg>KY</arg>
<arg>KZ</arg>
<arg>LA</arg>
<arg>LB</arg>
<arg>LC</arg>
<arg>LI</arg>
<arg>LK</arg>
<arg>LR</arg>
<arg>LS</arg>
<arg>LT</arg>
<arg>LU</arg>
<arg>LV</arg>
<arg>LY</arg>
<arg>MA</arg>
<arg>MC</arg>
<arg>MD</arg>
<arg>ME</arg>
<arg>MF</arg>
<arg>MG</arg>
<arg>MH</arg>
<arg>MK</arg>
<arg>ML</arg>
<arg>MM</arg>
<arg>MN</arg>
<arg>MO</arg>
<arg>MP</arg>
<arg>MQ</arg>
<arg>MR</arg>
<arg>MS</arg>
<arg>MT</arg>
<arg>MU</arg>
<arg>MV</arg>
<arg>MW</arg>
<arg>MX</arg>
<arg>MY</arg>
<arg>MZ</arg>
<arg>NA</arg>
<arg>NC</arg>
<arg>NE</arg>
<arg>NF</arg>
<arg>NG</arg>
<arg>NI</arg>
<arg>NL</arg>
<arg>NO</arg>
<arg>NP</arg>
<arg>NR</arg>
<arg>NU</arg>
<arg>NZ</arg>
<arg>OM</arg>
<arg>PA</arg>
<arg>PE</arg>
<arg>PF</arg>
<arg>PG</arg>
<arg>PH</arg>
<arg>PK</arg>
<arg>PL</arg>
<arg>PM</arg>
<arg>PN</arg>
<arg>PR</arg>
<arg>PS</arg>
<arg>PT</arg>
<arg>PW</arg>
<arg>PY</arg>
<arg>QA</arg>
<arg>RE</arg>
<arg>RO</arg>
<arg>RS</arg>
<arg>RU</arg>
<arg>RW</arg>
<arg>SA</arg>
<arg>SB</arg>
<arg>SC</arg>
<arg>SD</arg>
<arg>SE</arg>
<arg>SG</arg>
<arg>SH</arg>
<arg>SI</arg>
<arg>SJ</arg>
<arg>SK</arg>
<arg>SL</arg>
<arg>SM</arg>
<arg>SN</arg>
<arg>SO</arg>
<arg>SR</arg>
<arg>SS</arg>
<arg>ST</arg>
<arg>SV</arg>
<arg>SX</arg>
<arg>SY</arg>
<arg>SZ</arg>
<arg>TC</arg>
<arg>TD</arg>
<arg>TF</arg>
<arg>TG</arg>
<arg>TH</arg>
<arg>TJ</arg>
<arg>TK</arg>
<arg>TL</arg>
<arg>TM</arg>
<arg>TN</arg>
<arg>TO</arg>
<arg>TR</arg>
<arg>TT</arg>
<arg>TV</arg>
<arg>TW</arg>
<arg>TZ</arg>
<arg>UA</arg>
<arg>UG</arg>
<arg>UM</arg>
<arg>US</arg>
<arg>UY</arg>
<arg>UZ</arg>
<arg>VA</arg>
<arg>VC</arg>
<arg>VE</arg>
<arg>VG</arg>
<arg>VI</arg>
<arg>VN</arg>
<arg>VU</arg>
<arg>WF</arg>
<arg>WS</arg>
<arg>XK</arg>
<arg>YE</arg>
<arg>YT</arg>
<arg>ZA</arg>
<arg>ZM</arg>
<arg>ZW</arg>
<doc>Returns a list containing given items.</doc>
<status status="PASS" start="2024-05-19T18:17:55.368929" elapsed="0.000620"/>
</kw>
<kw name="List Should Contain Value" owner="Collections">
<msg time="2024-05-19T18:17:55.370537" level="INFO">False</msg>
<arg>${list_country}</arg>
<arg>${name_country}</arg>
<doc>Fails if the ``value`` is not found from ``list``.</doc>
<status status="PASS" start="2024-05-19T18:17:55.370335" elapsed="0.000237"/>
</kw>
<kw name="Run Keyword If" owner="BuiltIn">
<kw name="Should Be True" owner="BuiltIn">
<arg>${True}</arg>
<doc>Fails if the given condition is not true.</doc>
<status status="PASS" start="2024-05-19T18:17:55.371638" elapsed="0.000248"/>
</kw>
<arg>${json_data["results"][0]["location"]["coordinates"]["latitude"]} &gt;= -90 and ${json_data["results"][0]["location"]["coordinates"]["latitude"]} &lt;= 90</arg>
<arg>Should Be True</arg>
<arg>${True}</arg>
<doc>Runs the given keyword with the given arguments, if ``condition`` is true.</doc>
<status status="PASS" start="2024-05-19T18:17:55.370885" elapsed="0.001174"/>
</kw>
<kw name="Run Keyword If" owner="BuiltIn">
<kw name="Should Be True" owner="BuiltIn">
<arg>${True}</arg>
<doc>Fails if the given condition is not true.</doc>
<status status="PASS" start="2024-05-19T18:17:55.372973" elapsed="0.000141"/>
</kw>
<arg>${json_data["results"][0]["location"]["coordinates"]["longitude"]} &gt;= -180 and ${json_data["results"][0]["location"]["coordinates"]["longitude"]} &lt;= 180</arg>
<arg>Should Be True</arg>
<arg>${True}</arg>
<doc>Runs the given keyword with the given arguments, if ``condition`` is true.</doc>
<status status="PASS" start="2024-05-19T18:17:55.372254" elapsed="0.000986"/>
</kw>
<status status="PASS" start="2024-05-19T18:17:55.281645" elapsed="0.091724"/>
</kw>
<doc>Testa o conteúdo específico dos campos retornados pela API.</doc>
<tag>testeConteudo</tag>
<status status="PASS" start="2024-05-19T18:17:55.280964" elapsed="0.092554"/>
</test>
<status status="PASS" start="2024-05-19T18:17:54.550518" elapsed="0.824946"/>
</suite>
<status status="PASS" start="2024-05-19T18:17:54.536914" elapsed="0.843896"/>
</suite>
<statistics>
<total>
<stat pass="5" fail="0" skip="0">All Tests</stat>
</total>
<tag>
<stat pass="1" fail="0" skip="0">testeConteudo</stat>
<stat pass="1" fail="0" skip="0">testeEstruturaResposta</stat>
<stat pass="1" fail="0" skip="0">testeRequisicaoBasica</stat>
<stat pass="1" fail="0" skip="0">testeTiposDados</stat>
</tag>
<suite>
<stat pass="5" fail="0" skip="0" id="s1" name="Tests">Tests</stat>
<stat pass="5" fail="0" skip="0" id="s1-s1" name="Random-User-Test">Tests.Random-User-Test</stat>
</suite>
</statistics>
<errors>
</errors>
</robot>
