<?xml version="1.0" encoding="UTF-8"?>
<robot generator="Robot 7.0 (Python 3.12.3 on linux)" generated="2024-04-17T18:17:45.795121" rpa="false" schemaversion="5">
<suite id="s1" name="Tests" source="/home/runner/work/DesafioQAItauRogerioJordao/DesafioQAItauRogerioJordao/RamdonUser/tests">
<suite id="s1-s1" name="Random-User-Test" source="/home/runner/work/DesafioQAItauRogerioJordao/DesafioQAItauRogerioJordao/RamdonUser/tests/random-user-test.robot">
<test id="s1-s1-t1" name="Conectar" line="13">
<kw name="Conectar API" owner="random-user-service">
<kw name="Create Session" owner="RequestsLibrary">
<msg time="2024-04-17T18:17:46.160262" level="INFO">Creating Session using : alias=consultarAPI, url=https://randomuser.me/, headers={},                     cookies={}, auth=None, timeout=None, proxies=None, verify=False,                     debug=0 </msg>
<arg>consultarAPI</arg>
<arg>${URL}</arg>
<doc>Create Session: create a HTTP session to a server</doc>
<status status="PASS" start="2024-04-17T18:17:46.160068" elapsed="0.000366"/>
</kw>
<status status="PASS" start="2024-04-17T18:17:46.159138" elapsed="0.001690"/>
</kw>
<status status="PASS" start="2024-04-17T18:17:46.158536" elapsed="0.002485"/>
</test>
<test id="s1-s1-t2" name="Validar retorno 200 e JSON Válido" line="16">
<kw name="Teste de Requisicao Basica" owner="random-user-service">
<kw name="GET On Session" owner="RequestsLibrary">
<msg time="2024-04-17T18:17:46.819226" level="INFO">GET Request : url=https://randomuser.me/api 
 path_url=/api 
 headers={'User-Agent': 'python-requests/2.31.0', 'Accept-Encoding': 'gzip, deflate', 'Accept': '*/*', 'Connection': 'keep-alive'} 
 body=None 
 </msg>
<msg time="2024-04-17T18:17:46.819407" level="INFO">GET Response : url=https://randomuser.me/api 
 status=200, reason=OK 
 headers={'Date': 'Wed, 17 Apr 2024 18:17:46 GMT', 'Content-Type': 'application/json; charset=utf-8', 'Transfer-Encoding': 'chunked', 'Connection': 'keep-alive', 'X-Powered-By': 'Express', 'Access-Control-Allow-Origin': '*', 'Cache-Control': 'no-cache', 'ETag': 'W/"45e-NJ1Y2rHwfs0FTBAOMfmT3ZAsAco"', 'Vary': 'Accept-Encoding', 'Content-Encoding': 'gzip', 'CF-Cache-Status': 'DYNAMIC', 'Report-To': '{"endpoints":[{"url":"https:\\/\\/a.nel.cloudflare.com\\/report\\/v4?s=gm1hAH9zIHy2U5Aj12gzplj6dmmE9ngtLOTMIT5LPnbaVidAPD%2BaBRN9cC1iPQXSGiDwyjMpMchjEJ9Z58BrcfVVAhqO8bxVS7E1ZKdqfBieotxNEwjsoLybnIayJNkR"}],"group":"cf-nel","max_age":604800}', 'NEL': '{"success_fraction":0,"report_to":"cf-nel","max_age":604800}', 'Server': 'cloudflare', 'CF-RAY': '875e69efca901fda-IAD', 'alt-svc': 'h3=":443"; ma=86400'} 
 body={"results":[{"gender":"male","name":{"title":"Mr","first":"Adem","last":"Öymen"},"location":{"street":{"number":4282,"name":"Mevlana Cd"},"city":"Van","state":"Burdur","country":"Turkey","postcode":53752,"coordinates":{"latitude":"65.2762","longitude":"-33.9980"},"timezone":{"offset":"+5:45","description":"Kathmandu"}},"email":"adem.oymen@example.com","login":{"uuid":"1fc6ec27-c81d-4b7d-86d1-01558fde3c00","username":"ticklishbird145","password":"gretchen","salt":"VFeZSEZd","md5":"afe32c0da389cd274dd633ecf3488904","sha1":"95cc359dc370521831b4dcec45fed1a4488c536a","sha256":"973787c70c485d47da0d5580770fc6d31e71594c521948f089cf9350215d8db4"},"dob":{"date":"1950-09-06T09:15:48.350Z","age":73},"registered":{"date":"2009-01-14T12:20:55.175Z","age":15},"phone":"(598)-927-0067","cell":"(264)-926-9655","id":{"name":"","value":null},"picture":{"large":"https://randomuser.me/api/portraits/men/34.jpg","medium":"https://randomuser.me/api/portraits/med/men/34.jpg","thumbnail":"https://randomuser.me/api/portraits/thumb/men/34.jpg"},"nat":"TR"}],"info":{"seed":"de16dda9dcd517aa","results":1,"page":1,"version":"1.4"}} 
 </msg>
<msg time="2024-04-17T18:17:46.819508" level="INFO">/opt/hostedtoolcache/Python/3.12.3/x64/lib/python3.12/site-packages/urllib3/connectionpool.py:1103: InsecureRequestWarning: Unverified HTTPS request is being made to host 'randomuser.me'. Adding certificate verification is strongly advised. See: https://urllib3.readthedocs.io/en/latest/advanced-usage.html#tls-warnings
  warnings.warn(</msg>
<msg time="2024-04-17T18:17:46.819709" level="INFO">${response} = &lt;Response [200]&gt;</msg>
<var>${response}</var>
<arg>consultarAPI</arg>
<arg>/api</arg>
<doc>Sends a GET request on a previously created HTTP Session.</doc>
<status status="PASS" start="2024-04-17T18:17:46.163696" elapsed="0.656070"/>
</kw>
<kw name="Should Be Equal As Numbers" owner="BuiltIn">
<msg time="2024-04-17T18:17:46.820813" level="INFO">Argument types are:
&lt;class 'int'&gt;
&lt;class 'str'&gt;</msg>
<arg>${response.status_code}</arg>
<arg>200</arg>
<doc>Fails if objects are unequal after converting them to real numbers.</doc>
<status status="PASS" start="2024-04-17T18:17:46.820318" elapsed="0.000558"/>
</kw>
<kw name="Log" owner="BuiltIn">
<msg time="2024-04-17T18:17:46.821572" level="INFO">200</msg>
<arg>${response.status_code}</arg>
<doc>Logs the given message with the given level.</doc>
<status status="PASS" start="2024-04-17T18:17:46.821225" elapsed="0.000388"/>
</kw>
<kw name="Set Variable" owner="BuiltIn">
<msg time="2024-04-17T18:17:46.822352" level="INFO">${json_data} = {'results': [{'gender': 'male', 'name': {'title': 'Mr', 'first': 'Adem', 'last': 'Öymen'}, 'location': {'street': {'number': 4282, 'name': 'Mevlana Cd'}, 'city': 'Van', 'state': 'Burdur', 'country': '...</msg>
<var>${json_data}</var>
<arg>${response.json()}</arg>
<doc>Returns the given values which can then be assigned to a variables.</doc>
<status status="PASS" start="2024-04-17T18:17:46.821912" elapsed="0.000469"/>
</kw>
<kw name="Dictionary Should Contain Key" owner="Collections">
<msg time="2024-04-17T18:17:46.822839" level="INFO">False</msg>
<arg>${json_data}</arg>
<arg>results</arg>
<doc>Fails if ``key`` is not found from ``dictionary``.</doc>
<status status="PASS" start="2024-04-17T18:17:46.822676" elapsed="0.000206"/>
</kw>
<status status="PASS" start="2024-04-17T18:17:46.163448" elapsed="0.659691"/>
</kw>
<doc>Testa se a API responde corretamente e retorna um objeto JSON válido.</doc>
<tag>testeRequisicaoBasica</tag>
<status status="PASS" start="2024-04-17T18:17:46.162929" elapsed="0.660391"/>
</test>
<test id="s1-s1-t3" name="Validar estrutura de resposta" line="22">
<kw name="Teste de Estrutura de Resposta" owner="random-user-service">
<kw name="GET On Session" owner="RequestsLibrary">
<msg time="2024-04-17T18:17:46.888748" level="INFO">GET Request : url=https://randomuser.me/api 
 path_url=/api 
 headers={'User-Agent': 'python-requests/2.31.0', 'Accept-Encoding': 'gzip, deflate', 'Accept': '*/*', 'Connection': 'keep-alive'} 
 body=None 
 </msg>
<msg time="2024-04-17T18:17:46.888816" level="INFO">GET Response : url=https://randomuser.me/api 
 status=200, reason=OK 
 headers={'Date': 'Wed, 17 Apr 2024 18:17:46 GMT', 'Content-Type': 'application/json; charset=utf-8', 'Transfer-Encoding': 'chunked', 'Connection': 'keep-alive', 'X-Powered-By': 'Express', 'Access-Control-Allow-Origin': '*', 'Cache-Control': 'no-cache', 'ETag': 'W/"4a1-KnOK6kMO0FKJ5gJDX5HZJSA6I5w"', 'Vary': 'Accept-Encoding', 'Content-Encoding': 'gzip', 'CF-Cache-Status': 'DYNAMIC', 'Report-To': '{"endpoints":[{"url":"https:\\/\\/a.nel.cloudflare.com\\/report\\/v4?s=pBzyiJ9vP8Ef2k3Zs0WMsdbxPkCQQZ9rIoxCYoUi%2F3AR6Wm%2BamVlOZA09sqeSfnq%2FANP2i15HXi7onthc%2B9xM5E2rgJDMaVJDhc67JHzvlDUC4LRibT47f5BKmR%2FHbo4"}],"group":"cf-nel","max_age":604800}', 'NEL': '{"success_fraction":0,"report_to":"cf-nel","max_age":604800}', 'Server': 'cloudflare', 'CF-RAY': '875e69f3b80d1fda-IAD', 'alt-svc': 'h3=":443"; ma=86400'} 
 body={"results":[{"gender":"male","name":{"title":"Mr","first":"مهدي","last":"علیزاده"},"location":{"street":{"number":5163,"name":"آیت الله طالقانی"},"city":"نیشابور","state":"خراسان شمالی","country":"Iran","postcode":10444,"coordinates":{"latitude":"21.1852","longitude":"-164.7132"},"timezone":{"offset":"+2:00","description":"Kaliningrad, South Africa"}},"email":"mhdy.aalyzdh@example.com","login":{"uuid":"d7880c50-bdb3-490c-8e1a-f2e07adeda5b","username":"bigostrich989","password":"teacher","salt":"S2TmJbVW","md5":"aaf4642a10f2e735f10c6c5c4ed25c7d","sha1":"7074e82a97bdd276853e5e6964cbfe668744b20a","sha256":"339b39cc3ce1e572aa3438863ca6edb85ca056e1f5cf77c643563003ab67fbed"},"dob":{"date":"1954-01-27T00:37:06.399Z","age":70},"registered":{"date":"2020-05-04T17:07:19.653Z","age":3},"phone":"046-88863732","cell":"0943-303-1301","id":{"name":"","value":null},"picture":{"large":"https://randomuser.me/api/portraits/men/5.jpg","medium":"https://randomuser.me/api/portraits/med/men/5.jpg","thumbnail":"https://randomuser.me/api/portraits/thumb/men/5.jpg"},"nat":"IR"}],"info":{"seed":"5d3e83ad36d07a81","results":1,"page":1,"version":"1.4"}} 
 </msg>
<msg time="2024-04-17T18:17:46.888911" level="INFO">/opt/hostedtoolcache/Python/3.12.3/x64/lib/python3.12/site-packages/urllib3/connectionpool.py:1103: InsecureRequestWarning: Unverified HTTPS request is being made to host 'randomuser.me'. Adding certificate verification is strongly advised. See: https://urllib3.readthedocs.io/en/latest/advanced-usage.html#tls-warnings
  warnings.warn(</msg>
<msg time="2024-04-17T18:17:46.889001" level="INFO">${response} = &lt;Response [200]&gt;</msg>
<var>${response}</var>
<arg>consultarAPI</arg>
<arg>/api</arg>
<doc>Sends a GET request on a previously created HTTP Session.</doc>
<status status="PASS" start="2024-04-17T18:17:46.825911" elapsed="0.063122"/>
</kw>
<kw name="Set Variable" owner="BuiltIn">
<msg time="2024-04-17T18:17:46.889883" level="INFO">${json_data} = {'results': [{'gender': 'male', 'name': {'title': 'Mr', 'first': 'مهدي', 'last': 'علیزاده'}, 'location': {'street': {'number': 5163, 'name': 'آیت الله طالقانی'}, 'city': 'نیشابور', 'state': 'خراسان شم...</msg>
<var>${json_data}</var>
<arg>${response.json()}</arg>
<doc>Returns the given values which can then be assigned to a variables.</doc>
<status status="PASS" start="2024-04-17T18:17:46.889416" elapsed="0.000498"/>
</kw>
<kw name="Log" owner="BuiltIn">
<msg time="2024-04-17T18:17:46.890372" level="INFO">{'results': [{'gender': 'male', 'name': {'title': 'Mr', 'first': 'مهدي', 'last': 'علیزاده'}, 'location': {'street': {'number': 5163, 'name': 'آیت الله طالقانی'}, 'city': 'نیشابور', 'state': 'خراسان شمالی', 'country': 'Iran', 'postcode': 10444, 'coordinates': {'latitude': '21.1852', 'longitude': '-164.7132'}, 'timezone': {'offset': '+2:00', 'description': 'Kaliningrad, South Africa'}}, 'email': 'mhdy.aalyzdh@example.com', 'login': {'uuid': 'd7880c50-bdb3-490c-8e1a-f2e07adeda5b', 'username': 'bigostrich989', 'password': 'teacher', 'salt': 'S2TmJbVW', 'md5': 'aaf4642a10f2e735f10c6c5c4ed25c7d', 'sha1': '7074e82a97bdd276853e5e6964cbfe668744b20a', 'sha256': '339b39cc3ce1e572aa3438863ca6edb85ca056e1f5cf77c643563003ab67fbed'}, 'dob': {'date': '1954-01-27T00:37:06.399Z', 'age': 70}, 'registered': {'date': '2020-05-04T17:07:19.653Z', 'age': 3}, 'phone': '046-88863732', 'cell': '0943-303-1301', 'id': {'name': '', 'value': None}, 'picture': {'large': 'https://randomuser.me/api/portraits/men/5.jpg', 'medium': 'https://randomuser.me/api/portraits/med/men/5.jpg', 'thumbnail': 'https://randomuser.me/api/portraits/thumb/men/5.jpg'}, 'nat': 'IR'}], 'info': {'seed': '5d3e83ad36d07a81', 'results': 1, 'page': 1, 'version': '1.4'}}</msg>
<arg>${json_data}</arg>
<doc>Logs the given message with the given level.</doc>
<status status="PASS" start="2024-04-17T18:17:46.890215" elapsed="0.000205"/>
</kw>
<kw name="Dictionary Should Contain Key" owner="Collections">
<msg time="2024-04-17T18:17:46.890864" level="INFO">False</msg>
<arg>${json_data}</arg>
<arg>results</arg>
<doc>Fails if ``key`` is not found from ``dictionary``.</doc>
<status status="PASS" start="2024-04-17T18:17:46.890712" elapsed="0.000188"/>
</kw>
<kw name="Should Not Be Empty" owner="BuiltIn">
<msg time="2024-04-17T18:17:46.891321" level="INFO">Length is 2.</msg>
<arg>${json_data}</arg>
<doc>Verifies that the given item is not empty.</doc>
<status status="PASS" start="2024-04-17T18:17:46.891193" elapsed="0.000294"/>
</kw>
<kw name="Create List" owner="BuiltIn">
<msg time="2024-04-17T18:17:46.891926" level="INFO">${expected_keys} = ['gender', 'name', 'location', 'email', 'login']</msg>
<var>${expected_keys}</var>
<arg>gender</arg>
<arg>name</arg>
<arg>location</arg>
<arg>email</arg>
<arg>login</arg>
<doc>Returns a list containing given items.</doc>
<status status="PASS" start="2024-04-17T18:17:46.891779" elapsed="0.000171"/>
</kw>
<for flavor="IN">
<iter>
<kw name="Dictionary Should Contain Key" owner="Collections">
<msg time="2024-04-17T18:17:46.892962" level="INFO">False</msg>
<arg>${json_data['results'][0]}</arg>
<arg>${key}</arg>
<doc>Fails if ``key`` is not found from ``dictionary``.</doc>
<status status="PASS" start="2024-04-17T18:17:46.892528" elapsed="0.000471"/>
</kw>
<kw name="Log" owner="BuiltIn">
<msg time="2024-04-17T18:17:46.893663" level="INFO">{'gender': 'male', 'name': {'title': 'Mr', 'first': 'مهدي', 'last': 'علیزاده'}, 'location': {'street': {'number': 5163, 'name': 'آیت الله طالقانی'}, 'city': 'نیشابور', 'state': 'خراسان شمالی', 'country': 'Iran', 'postcode': 10444, 'coordinates': {'latitude': '21.1852', 'longitude': '-164.7132'}, 'timezone': {'offset': '+2:00', 'description': 'Kaliningrad, South Africa'}}, 'email': 'mhdy.aalyzdh@example.com', 'login': {'uuid': 'd7880c50-bdb3-490c-8e1a-f2e07adeda5b', 'username': 'bigostrich989', 'password': 'teacher', 'salt': 'S2TmJbVW', 'md5': 'aaf4642a10f2e735f10c6c5c4ed25c7d', 'sha1': '7074e82a97bdd276853e5e6964cbfe668744b20a', 'sha256': '339b39cc3ce1e572aa3438863ca6edb85ca056e1f5cf77c643563003ab67fbed'}, 'dob': {'date': '1954-01-27T00:37:06.399Z', 'age': 70}, 'registered': {'date': '2020-05-04T17:07:19.653Z', 'age': 3}, 'phone': '046-88863732', 'cell': '0943-303-1301', 'id': {'name': '', 'value': None}, 'picture': {'large': 'https://randomuser.me/api/portraits/men/5.jpg', 'medium': 'https://randomuser.me/api/portraits/med/men/5.jpg', 'thumbnail': 'https://randomuser.me/api/portraits/thumb/men/5.jpg'}, 'nat': 'IR'}</msg>
<arg>${json_data['results'][0]}</arg>
<doc>Logs the given message with the given level.</doc>
<status status="PASS" start="2024-04-17T18:17:46.893298" elapsed="0.000415"/>
</kw>
<kw name="Log" owner="BuiltIn">
<msg time="2024-04-17T18:17:46.894138" level="INFO">gender</msg>
<arg>${key}</arg>
<doc>Logs the given message with the given level.</doc>
<status status="PASS" start="2024-04-17T18:17:46.894009" elapsed="0.000167"/>
</kw>
<var name="${key}">gender</var>
<status status="PASS" start="2024-04-17T18:17:46.892380" elapsed="0.002008"/>
</iter>
<iter>
<kw name="Dictionary Should Contain Key" owner="Collections">
<msg time="2024-04-17T18:17:46.895073" level="INFO">False</msg>
<arg>${json_data['results'][0]}</arg>
<arg>${key}</arg>
<doc>Fails if ``key`` is not found from ``dictionary``.</doc>
<status status="PASS" start="2024-04-17T18:17:46.894688" elapsed="0.000453"/>
</kw>
<kw name="Log" owner="BuiltIn">
<msg time="2024-04-17T18:17:46.895796" level="INFO">{'gender': 'male', 'name': {'title': 'Mr', 'first': 'مهدي', 'last': 'علیزاده'}, 'location': {'street': {'number': 5163, 'name': 'آیت الله طالقانی'}, 'city': 'نیشابور', 'state': 'خراسان شمالی', 'country': 'Iran', 'postcode': 10444, 'coordinates': {'latitude': '21.1852', 'longitude': '-164.7132'}, 'timezone': {'offset': '+2:00', 'description': 'Kaliningrad, South Africa'}}, 'email': 'mhdy.aalyzdh@example.com', 'login': {'uuid': 'd7880c50-bdb3-490c-8e1a-f2e07adeda5b', 'username': 'bigostrich989', 'password': 'teacher', 'salt': 'S2TmJbVW', 'md5': 'aaf4642a10f2e735f10c6c5c4ed25c7d', 'sha1': '7074e82a97bdd276853e5e6964cbfe668744b20a', 'sha256': '339b39cc3ce1e572aa3438863ca6edb85ca056e1f5cf77c643563003ab67fbed'}, 'dob': {'date': '1954-01-27T00:37:06.399Z', 'age': 70}, 'registered': {'date': '2020-05-04T17:07:19.653Z', 'age': 3}, 'phone': '046-88863732', 'cell': '0943-303-1301', 'id': {'name': '', 'value': None}, 'picture': {'large': 'https://randomuser.me/api/portraits/men/5.jpg', 'medium': 'https://randomuser.me/api/portraits/med/men/5.jpg', 'thumbnail': 'https://randomuser.me/api/portraits/thumb/men/5.jpg'}, 'nat': 'IR'}</msg>
<arg>${json_data['results'][0]}</arg>
<doc>Logs the given message with the given level.</doc>
<status status="PASS" start="2024-04-17T18:17:46.895438" elapsed="0.000408"/>
</kw>
<kw name="Log" owner="BuiltIn">
<msg time="2024-04-17T18:17:46.896268" level="INFO">name</msg>
<arg>${key}</arg>
<doc>Logs the given message with the given level.</doc>
<status status="PASS" start="2024-04-17T18:17:46.896143" elapsed="0.000162"/>
</kw>
<var name="${key}">name</var>
<status status="PASS" start="2024-04-17T18:17:46.894574" elapsed="0.001966"/>
</iter>
<iter>
<kw name="Dictionary Should Contain Key" owner="Collections">
<msg time="2024-04-17T18:17:46.897212" level="INFO">False</msg>
<arg>${json_data['results'][0]}</arg>
<arg>${key}</arg>
<doc>Fails if ``key`` is not found from ``dictionary``.</doc>
<status status="PASS" start="2024-04-17T18:17:46.896831" elapsed="0.000417"/>
</kw>
<kw name="Log" owner="BuiltIn">
<msg time="2024-04-17T18:17:46.897909" level="INFO">{'gender': 'male', 'name': {'title': 'Mr', 'first': 'مهدي', 'last': 'علیزاده'}, 'location': {'street': {'number': 5163, 'name': 'آیت الله طالقانی'}, 'city': 'نیشابور', 'state': 'خراسان شمالی', 'country': 'Iran', 'postcode': 10444, 'coordinates': {'latitude': '21.1852', 'longitude': '-164.7132'}, 'timezone': {'offset': '+2:00', 'description': 'Kaliningrad, South Africa'}}, 'email': 'mhdy.aalyzdh@example.com', 'login': {'uuid': 'd7880c50-bdb3-490c-8e1a-f2e07adeda5b', 'username': 'bigostrich989', 'password': 'teacher', 'salt': 'S2TmJbVW', 'md5': 'aaf4642a10f2e735f10c6c5c4ed25c7d', 'sha1': '7074e82a97bdd276853e5e6964cbfe668744b20a', 'sha256': '339b39cc3ce1e572aa3438863ca6edb85ca056e1f5cf77c643563003ab67fbed'}, 'dob': {'date': '1954-01-27T00:37:06.399Z', 'age': 70}, 'registered': {'date': '2020-05-04T17:07:19.653Z', 'age': 3}, 'phone': '046-88863732', 'cell': '0943-303-1301', 'id': {'name': '', 'value': None}, 'picture': {'large': 'https://randomuser.me/api/portraits/men/5.jpg', 'medium': 'https://randomuser.me/api/portraits/med/men/5.jpg', 'thumbnail': 'https://randomuser.me/api/portraits/thumb/men/5.jpg'}, 'nat': 'IR'}</msg>
<arg>${json_data['results'][0]}</arg>
<doc>Logs the given message with the given level.</doc>
<status status="PASS" start="2024-04-17T18:17:46.897541" elapsed="0.000418"/>
</kw>
<kw name="Log" owner="BuiltIn">
<msg time="2024-04-17T18:17:46.898372" level="INFO">location</msg>
<arg>${key}</arg>
<doc>Logs the given message with the given level.</doc>
<status status="PASS" start="2024-04-17T18:17:46.898248" elapsed="0.000161"/>
</kw>
<var name="${key}">location</var>
<status status="PASS" start="2024-04-17T18:17:46.896719" elapsed="0.001898"/>
</iter>
<iter>
<kw name="Dictionary Should Contain Key" owner="Collections">
<msg time="2024-04-17T18:17:46.899275" level="INFO">False</msg>
<arg>${json_data['results'][0]}</arg>
<arg>${key}</arg>
<doc>Fails if ``key`` is not found from ``dictionary``.</doc>
<status status="PASS" start="2024-04-17T18:17:46.898895" elapsed="0.000416"/>
</kw>
<kw name="Log" owner="BuiltIn">
<msg time="2024-04-17T18:17:46.899960" level="INFO">{'gender': 'male', 'name': {'title': 'Mr', 'first': 'مهدي', 'last': 'علیزاده'}, 'location': {'street': {'number': 5163, 'name': 'آیت الله طالقانی'}, 'city': 'نیشابور', 'state': 'خراسان شمالی', 'country': 'Iran', 'postcode': 10444, 'coordinates': {'latitude': '21.1852', 'longitude': '-164.7132'}, 'timezone': {'offset': '+2:00', 'description': 'Kaliningrad, South Africa'}}, 'email': 'mhdy.aalyzdh@example.com', 'login': {'uuid': 'd7880c50-bdb3-490c-8e1a-f2e07adeda5b', 'username': 'bigostrich989', 'password': 'teacher', 'salt': 'S2TmJbVW', 'md5': 'aaf4642a10f2e735f10c6c5c4ed25c7d', 'sha1': '7074e82a97bdd276853e5e6964cbfe668744b20a', 'sha256': '339b39cc3ce1e572aa3438863ca6edb85ca056e1f5cf77c643563003ab67fbed'}, 'dob': {'date': '1954-01-27T00:37:06.399Z', 'age': 70}, 'registered': {'date': '2020-05-04T17:07:19.653Z', 'age': 3}, 'phone': '046-88863732', 'cell': '0943-303-1301', 'id': {'name': '', 'value': None}, 'picture': {'large': 'https://randomuser.me/api/portraits/men/5.jpg', 'medium': 'https://randomuser.me/api/portraits/med/men/5.jpg', 'thumbnail': 'https://randomuser.me/api/portraits/thumb/men/5.jpg'}, 'nat': 'IR'}</msg>
<arg>${json_data['results'][0]}</arg>
<doc>Logs the given message with the given level.</doc>
<status status="PASS" start="2024-04-17T18:17:46.899603" elapsed="0.000405"/>
</kw>
<kw name="Log" owner="BuiltIn">
<msg time="2024-04-17T18:17:46.900416" level="INFO">email</msg>
<arg>${key}</arg>
<doc>Logs the given message with the given level.</doc>
<status status="PASS" start="2024-04-17T18:17:46.900293" elapsed="0.000159"/>
</kw>
<var name="${key}">email</var>
<status status="PASS" start="2024-04-17T18:17:46.898787" elapsed="0.001948"/>
</iter>
<iter>
<kw name="Dictionary Should Contain Key" owner="Collections">
<msg time="2024-04-17T18:17:46.901406" level="INFO">False</msg>
<arg>${json_data['results'][0]}</arg>
<arg>${key}</arg>
<doc>Fails if ``key`` is not found from ``dictionary``.</doc>
<status status="PASS" start="2024-04-17T18:17:46.901015" elapsed="0.000427"/>
</kw>
<kw name="Log" owner="BuiltIn">
<msg time="2024-04-17T18:17:46.902102" level="INFO">{'gender': 'male', 'name': {'title': 'Mr', 'first': 'مهدي', 'last': 'علیزاده'}, 'location': {'street': {'number': 5163, 'name': 'آیت الله طالقانی'}, 'city': 'نیشابور', 'state': 'خراسان شمالی', 'country': 'Iran', 'postcode': 10444, 'coordinates': {'latitude': '21.1852', 'longitude': '-164.7132'}, 'timezone': {'offset': '+2:00', 'description': 'Kaliningrad, South Africa'}}, 'email': 'mhdy.aalyzdh@example.com', 'login': {'uuid': 'd7880c50-bdb3-490c-8e1a-f2e07adeda5b', 'username': 'bigostrich989', 'password': 'teacher', 'salt': 'S2TmJbVW', 'md5': 'aaf4642a10f2e735f10c6c5c4ed25c7d', 'sha1': '7074e82a97bdd276853e5e6964cbfe668744b20a', 'sha256': '339b39cc3ce1e572aa3438863ca6edb85ca056e1f5cf77c643563003ab67fbed'}, 'dob': {'date': '1954-01-27T00:37:06.399Z', 'age': 70}, 'registered': {'date': '2020-05-04T17:07:19.653Z', 'age': 3}, 'phone': '046-88863732', 'cell': '0943-303-1301', 'id': {'name': '', 'value': None}, 'picture': {'large': 'https://randomuser.me/api/portraits/men/5.jpg', 'medium': 'https://randomuser.me/api/portraits/med/men/5.jpg', 'thumbnail': 'https://randomuser.me/api/portraits/thumb/men/5.jpg'}, 'nat': 'IR'}</msg>
<arg>${json_data['results'][0]}</arg>
<doc>Logs the given message with the given level.</doc>
<status status="PASS" start="2024-04-17T18:17:46.901728" elapsed="0.000424"/>
</kw>
<kw name="Log" owner="BuiltIn">
<msg time="2024-04-17T18:17:46.902593" level="INFO">login</msg>
<arg>${key}</arg>
<doc>Logs the given message with the given level.</doc>
<status status="PASS" start="2024-04-17T18:17:46.902439" elapsed="0.000192"/>
</kw>
<var name="${key}">login</var>
<status status="PASS" start="2024-04-17T18:17:46.900905" elapsed="0.001945"/>
</iter>
<var>${key}</var>
<value>@{expected_keys}</value>
<status status="PASS" start="2024-04-17T18:17:46.892197" elapsed="0.010770"/>
</for>
<kw name="Create List" owner="BuiltIn">
<msg time="2024-04-17T18:17:46.903290" level="INFO">${expected_keysTwo} = ['username', 'password']</msg>
<var>${expected_keysTwo}</var>
<arg>username</arg>
<arg>password</arg>
<doc>Returns a list containing given items.</doc>
<status status="PASS" start="2024-04-17T18:17:46.903155" elapsed="0.000158"/>
</kw>
<for flavor="IN">
<iter>
<kw name="Dictionary Should Contain Key" owner="Collections">
<msg time="2024-04-17T18:17:46.904190" level="INFO">False</msg>
<arg>${json_data['results'][0]['login']}</arg>
<arg>${keyTwo}</arg>
<doc>Fails if ``key`` is not found from ``dictionary``.</doc>
<status status="PASS" start="2024-04-17T18:17:46.903807" elapsed="0.000419"/>
</kw>
<kw name="Dictionary Should Contain Key" owner="Collections">
<msg time="2024-04-17T18:17:46.904913" level="INFO">False</msg>
<arg>${json_data['results'][0]['login']}</arg>
<arg>${keyTwo}</arg>
<doc>Fails if ``key`` is not found from ``dictionary``.</doc>
<status status="PASS" start="2024-04-17T18:17:46.904536" elapsed="0.000413"/>
</kw>
<kw name="Log" owner="BuiltIn">
<msg time="2024-04-17T18:17:46.905382" level="INFO">username</msg>
<arg>${keyTwo}</arg>
<doc>Logs the given message with the given level.</doc>
<status status="PASS" start="2024-04-17T18:17:46.905256" elapsed="0.000162"/>
</kw>
<var name="${keyTwo}">username</var>
<status status="PASS" start="2024-04-17T18:17:46.903695" elapsed="0.001936"/>
</iter>
<iter>
<kw name="Dictionary Should Contain Key" owner="Collections">
<msg time="2024-04-17T18:17:46.906363" level="INFO">False</msg>
<arg>${json_data['results'][0]['login']}</arg>
<arg>${keyTwo}</arg>
<doc>Fails if ``key`` is not found from ``dictionary``.</doc>
<status status="PASS" start="2024-04-17T18:17:46.905906" elapsed="0.000496"/>
</kw>
<kw name="Dictionary Should Contain Key" owner="Collections">
<msg time="2024-04-17T18:17:46.907066" level="INFO">False</msg>
<arg>${json_data['results'][0]['login']}</arg>
<arg>${keyTwo}</arg>
<doc>Fails if ``key`` is not found from ``dictionary``.</doc>
<status status="PASS" start="2024-04-17T18:17:46.906695" elapsed="0.000406"/>
</kw>
<kw name="Log" owner="BuiltIn">
<msg time="2024-04-17T18:17:46.907511" level="INFO">password</msg>
<arg>${keyTwo}</arg>
<doc>Logs the given message with the given level.</doc>
<status status="PASS" start="2024-04-17T18:17:46.907387" elapsed="0.000160"/>
</kw>
<var name="${keyTwo}">password</var>
<status status="PASS" start="2024-04-17T18:17:46.905799" elapsed="0.001960"/>
</iter>
<var>${keyTwo}</var>
<value>@{expected_keysTwo}</value>
<status status="PASS" start="2024-04-17T18:17:46.903546" elapsed="0.004331"/>
</for>
<status status="PASS" start="2024-04-17T18:17:46.825676" elapsed="0.082335"/>
</kw>
<doc>Testa a estrutura da resposta da API.</doc>
<tag>testeEstruturaResposta</tag>
<status status="PASS" start="2024-04-17T18:17:46.825168" elapsed="0.082985"/>
</test>
<test id="s1-s1-t4" name="Validar tipos de dados" line="28">
<kw name="Teste de Tipos de Dados" owner="random-user-service">
<kw name="GET On Session" owner="RequestsLibrary">
<msg time="2024-04-17T18:17:46.964416" level="INFO">GET Request : url=https://randomuser.me/api 
 path_url=/api 
 headers={'User-Agent': 'python-requests/2.31.0', 'Accept-Encoding': 'gzip, deflate', 'Accept': '*/*', 'Connection': 'keep-alive'} 
 body=None 
 </msg>
<msg time="2024-04-17T18:17:46.964498" level="INFO">GET Response : url=https://randomuser.me/api 
 status=200, reason=OK 
 headers={'Date': 'Wed, 17 Apr 2024 18:17:46 GMT', 'Content-Type': 'application/json; charset=utf-8', 'Transfer-Encoding': 'chunked', 'Connection': 'keep-alive', 'X-Powered-By': 'Express', 'Access-Control-Allow-Origin': '*', 'Cache-Control': 'no-cache', 'ETag': 'W/"48c-5GviU8Y/NsMUqLVz0i4W6GzyRoU"', 'Vary': 'Accept-Encoding', 'Content-Encoding': 'gzip', 'CF-Cache-Status': 'DYNAMIC', 'Report-To': '{"endpoints":[{"url":"https:\\/\\/a.nel.cloudflare.com\\/report\\/v4?s=2SEmTl0I7RbSBAiHiz1ZQgivwmedwNvTdnD2cCxsTzJcdtiCqTmtlW1wBNgNdu0HMyCDCobt%2FF%2FXFxz690jNzzoawx9V3eLelj2LgUVYhYL%2BCmkE6FeEqByWM%2B2PNNmb"}],"group":"cf-nel","max_age":604800}', 'NEL': '{"success_fraction":0,"report_to":"cf-nel","max_age":604800}', 'Server': 'cloudflare', 'CF-RAY': '875e69f438c51fda-IAD', 'alt-svc': 'h3=":443"; ma=86400'} 
 body={"results":[{"gender":"male","name":{"title":"Mr","first":"Kasper","last":"Olsen"},"location":{"street":{"number":9881,"name":"Herningvej"},"city":"Sundby/Erslev","state":"Hovedstaden","country":"Denmark","postcode":33613,"coordinates":{"latitude":"-42.4434","longitude":"-35.3310"},"timezone":{"offset":"-6:00","description":"Central Time (US &amp; Canada), Mexico City"}},"email":"kasper.olsen@example.com","login":{"uuid":"7a3f4d34-5def-4bc3-bcbc-53a2c4928fea","username":"sadpeacock427","password":"samuel1","salt":"v240RVnp","md5":"e0382fe5fb08f1bae0742894dc5ba06b","sha1":"c302023d649b9f16d0f859a4334f3ae6927ef77c","sha256":"4164518eed922a1881df9e2f23f87383681121181ba81754bd7c3ad76caad7a5"},"dob":{"date":"1957-02-07T17:51:20.717Z","age":67},"registered":{"date":"2015-02-08T17:45:01.997Z","age":9},"phone":"73515986","cell":"37417893","id":{"name":"CPR","value":"070257-8406"},"picture":{"large":"https://randomuser.me/api/portraits/men/16.jpg","medium":"https://randomuser.me/api/portraits/med/men/16.jpg","thumbnail":"https://randomuser.me/api/portraits/thumb/men/16.jpg"},"nat":"DK"}],"info":{"seed":"272db15eb121888a","results":1,"page":1,"version":"1.4"}} 
 </msg>
<msg time="2024-04-17T18:17:46.964616" level="INFO">/opt/hostedtoolcache/Python/3.12.3/x64/lib/python3.12/site-packages/urllib3/connectionpool.py:1103: InsecureRequestWarning: Unverified HTTPS request is being made to host 'randomuser.me'. Adding certificate verification is strongly advised. See: https://urllib3.readthedocs.io/en/latest/advanced-usage.html#tls-warnings
  warnings.warn(</msg>
<msg time="2024-04-17T18:17:46.964727" level="INFO">${response} = &lt;Response [200]&gt;</msg>
<var>${response}</var>
<arg>consultarAPI</arg>
<arg>/api</arg>
<doc>Sends a GET request on a previously created HTTP Session.</doc>
<status status="PASS" start="2024-04-17T18:17:46.910569" elapsed="0.054196"/>
</kw>
<kw name="Set Variable" owner="BuiltIn">
<msg time="2024-04-17T18:17:46.965650" level="INFO">${json_data} = {'results': [{'gender': 'male', 'name': {'title': 'Mr', 'first': 'Kasper', 'last': 'Olsen'}, 'location': {'street': {'number': 9881, 'name': 'Herningvej'}, 'city': 'Sundby/Erslev', 'state': 'Hovedstad...</msg>
<var>${json_data}</var>
<arg>${response.json()}</arg>
<doc>Returns the given values which can then be assigned to a variables.</doc>
<status status="PASS" start="2024-04-17T18:17:46.965213" elapsed="0.000464"/>
</kw>
<kw name="Log" owner="BuiltIn">
<msg time="2024-04-17T18:17:46.966119" level="INFO">{'results': [{'gender': 'male', 'name': {'title': 'Mr', 'first': 'Kasper', 'last': 'Olsen'}, 'location': {'street': {'number': 9881, 'name': 'Herningvej'}, 'city': 'Sundby/Erslev', 'state': 'Hovedstaden', 'country': 'Denmark', 'postcode': 33613, 'coordinates': {'latitude': '-42.4434', 'longitude': '-35.3310'}, 'timezone': {'offset': '-6:00', 'description': 'Central Time (US &amp; Canada), Mexico City'}}, 'email': 'kasper.olsen@example.com', 'login': {'uuid': '7a3f4d34-5def-4bc3-bcbc-53a2c4928fea', 'username': 'sadpeacock427', 'password': 'samuel1', 'salt': 'v240RVnp', 'md5': 'e0382fe5fb08f1bae0742894dc5ba06b', 'sha1': 'c302023d649b9f16d0f859a4334f3ae6927ef77c', 'sha256': '4164518eed922a1881df9e2f23f87383681121181ba81754bd7c3ad76caad7a5'}, 'dob': {'date': '1957-02-07T17:51:20.717Z', 'age': 67}, 'registered': {'date': '2015-02-08T17:45:01.997Z', 'age': 9}, 'phone': '73515986', 'cell': '37417893', 'id': {'name': 'CPR', 'value': '070257-8406'}, 'picture': {'large': 'https://randomuser.me/api/portraits/men/16.jpg', 'medium': 'https://randomuser.me/api/portraits/med/men/16.jpg', 'thumbnail': 'https://randomuser.me/api/portraits/thumb/men/16.jpg'}, 'nat': 'DK'}], 'info': {'seed': '272db15eb121888a', 'results': 1, 'page': 1, 'version': '1.4'}}</msg>
<arg>${json_data}</arg>
<doc>Logs the given message with the given level.</doc>
<status status="PASS" start="2024-04-17T18:17:46.965971" elapsed="0.000226"/>
</kw>
<kw name="Should Be String" owner="String">
<arg>${json_data['results'][0]['gender']}</arg>
<doc>Fails if the given ``item`` is not a string.</doc>
<status status="PASS" start="2024-04-17T18:17:46.966490" elapsed="0.000349"/>
</kw>
<kw name="Should Match Regexp" owner="BuiltIn">
<arg>${json_data['results'][0]['email']}</arg>
<arg>^[a-zA-Z0-9._%+-]+@[a-zA-Z0-9.-]+\.[a-zA-Z]{2,}$</arg>
<doc>Fails if ``string`` does not match ``pattern`` as a regular expression.</doc>
<status status="PASS" start="2024-04-17T18:17:46.967027" elapsed="0.000510"/>
</kw>
<kw name="Should Match Regexp" owner="BuiltIn">
<arg>${json_data['results'][0]['dob']['date']}</arg>
<arg>\\d{4}-\\d{2}-\\d{2}T\\d{2}:\\d{2}:\\d{2}\\.\\d{3}Z</arg>
<doc>Fails if ``string`` does not match ``pattern`` as a regular expression.</doc>
<status status="PASS" start="2024-04-17T18:17:46.967732" elapsed="0.000478"/>
</kw>
<kw name="Should Match Regexp" owner="BuiltIn">
<arg>${json_data['results'][0]['registered']['date']}</arg>
<arg>\\d{4}-\\d{2}-\\d{2}T\\d{2}:\\d{2}:\\d{2}\\.\\d{3}Z</arg>
<doc>Fails if ``string`` does not match ``pattern`` as a regular expression.</doc>
<status status="PASS" start="2024-04-17T18:17:46.968396" elapsed="0.000423"/>
</kw>
<kw name="Should Match Regexp" owner="BuiltIn">
<arg>${json_data['results'][0]['picture']['large']}</arg>
<arg>^https?://.*\.(?:png|jpe?g|gif|bmp)$</arg>
<doc>Fails if ``string`` does not match ``pattern`` as a regular expression.</doc>
<status status="PASS" start="2024-04-17T18:17:46.969004" elapsed="0.000462"/>
</kw>
<kw name="Should Match Regexp" owner="BuiltIn">
<arg>${json_data['results'][0]['picture']['medium']}</arg>
<arg>^https?://.*\.(?:png|jpe?g|gif|bmp)$</arg>
<doc>Fails if ``string`` does not match ``pattern`` as a regular expression.</doc>
<status status="PASS" start="2024-04-17T18:17:46.969652" elapsed="0.000347"/>
</kw>
<kw name="Should Match Regexp" owner="BuiltIn">
<arg>${json_data['results'][0]['picture']['thumbnail']}</arg>
<arg>^https?://.*\.(?:png|jpe?g|gif|bmp)$</arg>
<doc>Fails if ``string`` does not match ``pattern`` as a regular expression.</doc>
<status status="PASS" start="2024-04-17T18:17:46.970183" elapsed="0.000348"/>
</kw>
<kw name="Log" owner="BuiltIn">
<msg time="2024-04-17T18:17:46.971027" level="INFO">{'large': 'https://randomuser.me/api/portraits/men/16.jpg', 'medium': 'https://randomuser.me/api/portraits/med/men/16.jpg', 'thumbnail': 'https://randomuser.me/api/portraits/thumb/men/16.jpg'}</msg>
<arg>${json_data['results'][0]['picture']}</arg>
<doc>Logs the given message with the given level.</doc>
<status status="PASS" start="2024-04-17T18:17:46.970707" elapsed="0.000360"/>
</kw>
<status status="PASS" start="2024-04-17T18:17:46.910352" elapsed="0.060961"/>
</kw>
<kw name="Teste de Tipos de Dados - Postcode" owner="random-user-service">
<kw name="GET On Session" owner="RequestsLibrary">
<msg time="2024-04-17T18:17:47.060911" level="INFO">GET Request : url=https://randomuser.me/api 
 path_url=/api 
 headers={'User-Agent': 'python-requests/2.31.0', 'Accept-Encoding': 'gzip, deflate', 'Accept': '*/*', 'Connection': 'keep-alive'} 
 body=None 
 </msg>
<msg time="2024-04-17T18:17:47.060987" level="INFO">GET Response : url=https://randomuser.me/api 
 status=200, reason=OK 
 headers={'Date': 'Wed, 17 Apr 2024 18:17:47 GMT', 'Content-Type': 'application/json; charset=utf-8', 'Transfer-Encoding': 'chunked', 'Connection': 'keep-alive', 'X-Powered-By': 'Express', 'Access-Control-Allow-Origin': '*', 'Cache-Control': 'no-cache', 'ETag': 'W/"491-XpFOOLbR3POHrRJjM4qQtuY0k6I"', 'Vary': 'Accept-Encoding', 'Content-Encoding': 'gzip', 'CF-Cache-Status': 'DYNAMIC', 'Report-To': '{"endpoints":[{"url":"https:\\/\\/a.nel.cloudflare.com\\/report\\/v4?s=SD9OmwKkDfGCq66VhReR7McIdu%2BSRc8kTGAV2di2yitx30OcuB2B2VlnoT%2FGiwu7gA8EkGIvX%2FCdCil3bZXV1Wwh9RPn5ShsAErhSHbTrki%2ByWV8WnEhimRO5l4kQ9Fb"}],"group":"cf-nel","max_age":604800}', 'NEL': '{"success_fraction":0,"report_to":"cf-nel","max_age":604800}', 'Server': 'cloudflare', 'CF-RAY': '875e69f499341fda-IAD', 'alt-svc': 'h3=":443"; ma=86400'} 
 body={"results":[{"gender":"female","name":{"title":"Mademoiselle","first":"Myriam","last":"Michel"},"location":{"street":{"number":126,"name":"Rue de L'Abbé-Gillet"},"city":"Silvaplana","state":"Fribourg","country":"Switzerland","postcode":3530,"coordinates":{"latitude":"-63.7401","longitude":"45.2002"},"timezone":{"offset":"-9:00","description":"Alaska"}},"email":"myriam.michel@example.com","login":{"uuid":"bb1108d3-70fa-4576-8a5b-3a02064540c3","username":"silverduck713","password":"fulham","salt":"d7NvCzqN","md5":"f11194123f57e706d6531a9050ad3276","sha1":"75482c443d078d7dba288fa1da198d1119528e4e","sha256":"46ad91aa6af4b24238c514a9a4f14ebba79cffba248e6ea1c46b93295330690f"},"dob":{"date":"1947-12-15T06:18:31.268Z","age":76},"registered":{"date":"2005-10-08T12:16:14.884Z","age":18},"phone":"076 207 28 92","cell":"077 455 88 78","id":{"name":"AVS","value":"756.1549.6140.03"},"picture":{"large":"https://randomuser.me/api/portraits/women/3.jpg","medium":"https://randomuser.me/api/portraits/med/women/3.jpg","thumbnail":"https://randomuser.me/api/portraits/thumb/women/3.jpg"},"nat":"CH"}],"info":{"seed":"ef172361da1508be","results":1,"page":1,"version":"1.4"}} 
 </msg>
<msg time="2024-04-17T18:17:47.061055" level="INFO">/opt/hostedtoolcache/Python/3.12.3/x64/lib/python3.12/site-packages/urllib3/connectionpool.py:1103: InsecureRequestWarning: Unverified HTTPS request is being made to host 'randomuser.me'. Adding certificate verification is strongly advised. See: https://urllib3.readthedocs.io/en/latest/advanced-usage.html#tls-warnings
  warnings.warn(</msg>
<msg time="2024-04-17T18:17:47.061137" level="INFO">${response} = &lt;Response [200]&gt;</msg>
<var>${response}</var>
<arg>consultarAPI</arg>
<arg>/api</arg>
<doc>Sends a GET request on a previously created HTTP Session.</doc>
<status status="PASS" start="2024-04-17T18:17:46.971737" elapsed="0.089432"/>
</kw>
<kw name="Set Variable" owner="BuiltIn">
<msg time="2024-04-17T18:17:47.062010" level="INFO">${json_data} = {'results': [{'gender': 'female', 'name': {'title': 'Mademoiselle', 'first': 'Myriam', 'last': 'Michel'}, 'location': {'street': {'number': 126, 'name': "Rue de L'Abbé-Gillet"}, 'city': 'Silvaplana', ...</msg>
<var>${json_data}</var>
<arg>${response.json()}</arg>
<doc>Returns the given values which can then be assigned to a variables.</doc>
<status status="PASS" start="2024-04-17T18:17:47.061563" elapsed="0.000475"/>
</kw>
<kw name="Log" owner="BuiltIn">
<msg time="2024-04-17T18:17:47.062492" level="INFO">{'results': [{'gender': 'female', 'name': {'title': 'Mademoiselle', 'first': 'Myriam', 'last': 'Michel'}, 'location': {'street': {'number': 126, 'name': "Rue de L'Abbé-Gillet"}, 'city': 'Silvaplana', 'state': 'Fribourg', 'country': 'Switzerland', 'postcode': 3530, 'coordinates': {'latitude': '-63.7401', 'longitude': '45.2002'}, 'timezone': {'offset': '-9:00', 'description': 'Alaska'}}, 'email': 'myriam.michel@example.com', 'login': {'uuid': 'bb1108d3-70fa-4576-8a5b-3a02064540c3', 'username': 'silverduck713', 'password': 'fulham', 'salt': 'd7NvCzqN', 'md5': 'f11194123f57e706d6531a9050ad3276', 'sha1': '75482c443d078d7dba288fa1da198d1119528e4e', 'sha256': '46ad91aa6af4b24238c514a9a4f14ebba79cffba248e6ea1c46b93295330690f'}, 'dob': {'date': '1947-12-15T06:18:31.268Z', 'age': 76}, 'registered': {'date': '2005-10-08T12:16:14.884Z', 'age': 18}, 'phone': '076 207 28 92', 'cell': '077 455 88 78', 'id': {'name': 'AVS', 'value': '756.1549.6140.03'}, 'picture': {'large': 'https://randomuser.me/api/portraits/women/3.jpg', 'medium': 'https://randomuser.me/api/portraits/med/women/3.jpg', 'thumbnail': 'https://randomuser.me/api/portraits/thumb/women/3.jpg'}, 'nat': 'CH'}], 'info': {'seed': 'ef172361da1508be', 'results': 1, 'page': 1, 'version': '1.4'}}</msg>
<arg>${json_data}</arg>
<doc>Logs the given message with the given level.</doc>
<status status="PASS" start="2024-04-17T18:17:47.062339" elapsed="0.000229"/>
</kw>
<kw name="Should Be Equal As Numbers" owner="BuiltIn">
<arg>${json_data['results'][0]['location']['postcode']}</arg>
<arg>${json_data['results'][0]['location']['postcode']}</arg>
<doc>Fails if objects are unequal after converting them to real numbers.</doc>
<status status="PASS" start="2024-04-17T18:17:47.062980" elapsed="0.000608"/>
</kw>
<kw name="Log" owner="BuiltIn">
<msg time="2024-04-17T18:17:47.064108" level="INFO">3530</msg>
<arg>${json_data['results'][0]['location']['postcode']}</arg>
<doc>Logs the given message with the given level.</doc>
<status status="PASS" start="2024-04-17T18:17:47.063777" elapsed="0.000369"/>
</kw>
<status status="PASS" start="2024-04-17T18:17:46.971516" elapsed="0.092875"/>
</kw>
<doc>Testa se os tipos de dados na resposta da API estão corretos.</doc>
<tag>testeTiposDados</tag>
<status status="PASS" start="2024-04-17T18:17:46.909935" elapsed="0.154646"/>
</test>
<test id="s1-s1-t5" name="Validar conteudo" line="35">
<kw name="Teste de Tipos de Conteudo" owner="random-user-service">
<kw name="GET On Session" owner="RequestsLibrary">
<msg time="2024-04-17T18:17:47.163724" level="INFO">GET Request : url=https://randomuser.me/api 
 path_url=/api 
 headers={'User-Agent': 'python-requests/2.31.0', 'Accept-Encoding': 'gzip, deflate', 'Accept': '*/*', 'Connection': 'keep-alive'} 
 body=None 
 </msg>
<msg time="2024-04-17T18:17:47.163807" level="INFO">GET Response : url=https://randomuser.me/api 
 status=200, reason=OK 
 headers={'Date': 'Wed, 17 Apr 2024 18:17:47 GMT', 'Content-Type': 'application/json; charset=utf-8', 'Transfer-Encoding': 'chunked', 'Connection': 'keep-alive', 'X-Powered-By': 'Express', 'Access-Control-Allow-Origin': '*', 'Cache-Control': 'no-cache', 'ETag': 'W/"49b-O0EylDS6PAfJqCbWcx0wlBf8qOk"', 'Vary': 'Accept-Encoding', 'Content-Encoding': 'gzip', 'CF-Cache-Status': 'DYNAMIC', 'Report-To': '{"endpoints":[{"url":"https:\\/\\/a.nel.cloudflare.com\\/report\\/v4?s=%2BjiYpbGoFgks44iGhzhK534TS26wbnft%2FDzm8hYdAVB4J4seWhfJy0PItQ3Mgukb2RIG4MPJm%2B4T8q7T91rTNEtQRqZVLcJzb7q7xQbnAV7P1VEB7kLWkm53xpJABDcj"}],"group":"cf-nel","max_age":604800}', 'NEL': '{"success_fraction":0,"report_to":"cf-nel","max_age":604800}', 'Server': 'cloudflare', 'CF-RAY': '875e69f53a151fda-IAD', 'alt-svc': 'h3=":443"; ma=86400'} 
 body={"results":[{"gender":"female","name":{"title":"Mrs","first":"Anna","last":"Diaz"},"location":{"street":{"number":280,"name":"Samaritan Dr"},"city":"Geraldton","state":"Australian Capital Territory","country":"Australia","postcode":6225,"coordinates":{"latitude":"-89.0563","longitude":"137.3444"},"timezone":{"offset":"+4:00","description":"Abu Dhabi, Muscat, Baku, Tbilisi"}},"email":"anna.diaz@example.com","login":{"uuid":"03990b60-4c53-4ac6-b248-da884332654f","username":"lazysnake693","password":"danni","salt":"WvnNXA0j","md5":"178db325b15338e482193abf732fbfb3","sha1":"97f1dd3edb6092a51399f3063669dcec97f5a0cf","sha256":"756d8095cad64102b573297934d8f1962525b4ecab3f1b2c7d32b4c933e95559"},"dob":{"date":"1973-10-28T14:10:45.267Z","age":50},"registered":{"date":"2012-09-12T08:07:04.931Z","age":11},"phone":"02-2133-2964","cell":"0443-248-674","id":{"name":"TFN","value":"547833417"},"picture":{"large":"https://randomuser.me/api/portraits/women/27.jpg","medium":"https://randomuser.me/api/portraits/med/women/27.jpg","thumbnail":"https://randomuser.me/api/portraits/thumb/women/27.jpg"},"nat":"AU"}],"info":{"seed":"b003b0dae1e29bb9","results":1,"page":1,"version":"1.4"}} 
 </msg>
<msg time="2024-04-17T18:17:47.163878" level="INFO">/opt/hostedtoolcache/Python/3.12.3/x64/lib/python3.12/site-packages/urllib3/connectionpool.py:1103: InsecureRequestWarning: Unverified HTTPS request is being made to host 'randomuser.me'. Adding certificate verification is strongly advised. See: https://urllib3.readthedocs.io/en/latest/advanced-usage.html#tls-warnings
  warnings.warn(</msg>
<msg time="2024-04-17T18:17:47.163988" level="INFO">${response} = &lt;Response [200]&gt;</msg>
<var>${response}</var>
<arg>consultarAPI</arg>
<arg>/api</arg>
<doc>Sends a GET request on a previously created HTTP Session.</doc>
<status status="PASS" start="2024-04-17T18:17:47.066907" elapsed="0.097121"/>
</kw>
<kw name="Set Variable" owner="BuiltIn">
<msg time="2024-04-17T18:17:47.165117" level="INFO">${json_data} = {'results': [{'gender': 'female', 'name': {'title': 'Mrs', 'first': 'Anna', 'last': 'Diaz'}, 'location': {'street': {'number': 280, 'name': 'Samaritan Dr'}, 'city': 'Geraldton', 'state': 'Australian C...</msg>
<var>${json_data}</var>
<arg>${response.json()}</arg>
<doc>Returns the given values which can then be assigned to a variables.</doc>
<status status="PASS" start="2024-04-17T18:17:47.164580" elapsed="0.000564"/>
</kw>
<kw name="Set Variable" owner="BuiltIn">
<msg time="2024-04-17T18:17:47.165821" level="INFO">${name_title} = Mrs</msg>
<var>${name_title}</var>
<arg>${json_data["results"][0]["name"]["title"]}</arg>
<doc>Returns the given values which can then be assigned to a variables.</doc>
<status status="PASS" start="2024-04-17T18:17:47.165444" elapsed="0.000403"/>
</kw>
<kw name="Create List" owner="BuiltIn">
<msg time="2024-04-17T18:17:47.166285" level="INFO">${allowed_titles} = ['Mr', 'Ms', 'Miss', 'Mrs', 'Madame', 'Monsieur']</msg>
<var>${allowed_titles}</var>
<arg>Mr</arg>
<arg>Ms</arg>
<arg>Miss</arg>
<arg>Mrs</arg>
<arg>Madame</arg>
<arg>Monsieur</arg>
<doc>Returns a list containing given items.</doc>
<status status="PASS" start="2024-04-17T18:17:47.166138" elapsed="0.000171"/>
</kw>
<kw name="List Should Contain Value" owner="Collections">
<msg time="2024-04-17T18:17:47.166785" level="INFO">False</msg>
<arg>${allowed_titles}</arg>
<arg>${name_title}</arg>
<doc>Fails if the ``value`` is not found from ``list``.</doc>
<status status="PASS" start="2024-04-17T18:17:47.166617" elapsed="0.000203"/>
</kw>
<kw name="Set Variable" owner="BuiltIn">
<msg time="2024-04-17T18:17:47.167486" level="INFO">${name_country} = AU</msg>
<var>${name_country}</var>
<arg>${json_data["results"][0]["nat"]}</arg>
<doc>Returns the given values which can then be assigned to a variables.</doc>
<status status="PASS" start="2024-04-17T18:17:47.167108" elapsed="0.000404"/>
</kw>
<kw name="Create List" owner="BuiltIn">
<msg time="2024-04-17T18:17:47.168393" level="INFO">${list_country} = ['AD', 'AE', 'AF', 'AG', 'AI', 'AL', 'AM', 'AO', 'AQ', 'AR', 'AS', 'AT', 'AU', 'AW', 'AX', 'AZ', 'BA', 'BB', 'BD', 'BE', 'BF', 'BG', 'BH', 'BI', 'BJ', 'BL', 'BM', 'BN', 'BO', 'BQ', 'BR', 'BS', 'BT', '...</msg>
<var>${list_country}</var>
<arg>AD</arg>
<arg>AE</arg>
<arg>AF</arg>
<arg>AG</arg>
<arg>AI</arg>
<arg>AL</arg>
<arg>AM</arg>
<arg>AO</arg>
<arg>AQ</arg>
<arg>AR</arg>
<arg>AS</arg>
<arg>AT</arg>
<arg>AU</arg>
<arg>AW</arg>
<arg>AX</arg>
<arg>AZ</arg>
<arg>BA</arg>
<arg>BB</arg>
<arg>BD</arg>
<arg>BE</arg>
<arg>BF</arg>
<arg>BG</arg>
<arg>BH</arg>
<arg>BI</arg>
<arg>BJ</arg>
<arg>BL</arg>
<arg>BM</arg>
<arg>BN</arg>
<arg>BO</arg>
<arg>BQ</arg>
<arg>BR</arg>
<arg>BS</arg>
<arg>BT</arg>
<arg>BV</arg>
<arg>BW</arg>
<arg>BY</arg>
<arg>BZ</arg>
<arg>CA</arg>
<arg>CC</arg>
<arg>CD</arg>
<arg>CF</arg>
<arg>CG</arg>
<arg>CH</arg>
<arg>CI</arg>
<arg>CK</arg>
<arg>CL</arg>
<arg>CM</arg>
<arg>CN</arg>
<arg>CO</arg>
<arg>CR</arg>
<arg>CU</arg>
<arg>CV</arg>
<arg>CW</arg>
<arg>CX</arg>
<arg>CY</arg>
<arg>CZ</arg>
<arg>DE</arg>
<arg>DJ</arg>
<arg>DK</arg>
<arg>DM</arg>
<arg>DO</arg>
<arg>DZ</arg>
<arg>EC</arg>
<arg>EE</arg>
<arg>EG</arg>
<arg>EH</arg>
<arg>ER</arg>
<arg>ES</arg>
<arg>ET</arg>
<arg>FI</arg>
<arg>FJ</arg>
<arg>FK</arg>
<arg>FM</arg>
<arg>FO</arg>
<arg>FR</arg>
<arg>GA</arg>
<arg>GB</arg>
<arg>GD</arg>
<arg>GE</arg>
<arg>GF</arg>
<arg>GG</arg>
<arg>GH</arg>
<arg>GI</arg>
<arg>GL</arg>
<arg>GM</arg>
<arg>GN</arg>
<arg>GP</arg>
<arg>GQ</arg>
<arg>GR</arg>
<arg>GS</arg>
<arg>GT</arg>
<arg>GU</arg>
<arg>GW</arg>
<arg>GY</arg>
<arg>HK</arg>
<arg>HM</arg>
<arg>HN</arg>
<arg>HR</arg>
<arg>HT</arg>
<arg>HU</arg>
<arg>ID</arg>
<arg>IE</arg>
<arg>IL</arg>
<arg>IM</arg>
<arg>IN</arg>
<arg>IO</arg>
<arg>IQ</arg>
<arg>IR</arg>
<arg>IS</arg>
<arg>IT</arg>
<arg>JE</arg>
<arg>JM</arg>
<arg>JO</arg>
<arg>JP</arg>
<arg>KE</arg>
<arg>KG</arg>
<arg>KH</arg>
<arg>KI</arg>
<arg>KM</arg>
<arg>KN</arg>
<arg>KP</arg>
<arg>KR</arg>
<arg>KW</arg>
<arg>KY</arg>
<arg>KZ</arg>
<arg>LA</arg>
<arg>LB</arg>
<arg>LC</arg>
<arg>LI</arg>
<arg>LK</arg>
<arg>LR</arg>
<arg>LS</arg>
<arg>LT</arg>
<arg>LU</arg>
<arg>LV</arg>
<arg>LY</arg>
<arg>MA</arg>
<arg>MC</arg>
<arg>MD</arg>
<arg>ME</arg>
<arg>MF</arg>
<arg>MG</arg>
<arg>MH</arg>
<arg>MK</arg>
<arg>ML</arg>
<arg>MM</arg>
<arg>MN</arg>
<arg>MO</arg>
<arg>MP</arg>
<arg>MQ</arg>
<arg>MR</arg>
<arg>MS</arg>
<arg>MT</arg>
<arg>MU</arg>
<arg>MV</arg>
<arg>MW</arg>
<arg>MX</arg>
<arg>MY</arg>
<arg>MZ</arg>
<arg>NA</arg>
<arg>NC</arg>
<arg>NE</arg>
<arg>NF</arg>
<arg>NG</arg>
<arg>NI</arg>
<arg>NL</arg>
<arg>NO</arg>
<arg>NP</arg>
<arg>NR</arg>
<arg>NU</arg>
<arg>NZ</arg>
<arg>OM</arg>
<arg>PA</arg>
<arg>PE</arg>
<arg>PF</arg>
<arg>PG</arg>
<arg>PH</arg>
<arg>PK</arg>
<arg>PL</arg>
<arg>PM</arg>
<arg>PN</arg>
<arg>PR</arg>
<arg>PS</arg>
<arg>PT</arg>
<arg>PW</arg>
<arg>PY</arg>
<arg>QA</arg>
<arg>RE</arg>
<arg>RO</arg>
<arg>RS</arg>
<arg>RU</arg>
<arg>RW</arg>
<arg>SA</arg>
<arg>SB</arg>
<arg>SC</arg>
<arg>SD</arg>
<arg>SE</arg>
<arg>SG</arg>
<arg>SH</arg>
<arg>SI</arg>
<arg>SJ</arg>
<arg>SK</arg>
<arg>SL</arg>
<arg>SM</arg>
<arg>SN</arg>
<arg>SO</arg>
<arg>SR</arg>
<arg>SS</arg>
<arg>ST</arg>
<arg>SV</arg>
<arg>SX</arg>
<arg>SY</arg>
<arg>SZ</arg>
<arg>TC</arg>
<arg>TD</arg>
<arg>TF</arg>
<arg>TG</arg>
<arg>TH</arg>
<arg>TJ</arg>
<arg>TK</arg>
<arg>TL</arg>
<arg>TM</arg>
<arg>TN</arg>
<arg>TO</arg>
<arg>TR</arg>
<arg>TT</arg>
<arg>TV</arg>
<arg>TW</arg>
<arg>TZ</arg>
<arg>UA</arg>
<arg>UG</arg>
<arg>UM</arg>
<arg>US</arg>
<arg>UY</arg>
<arg>UZ</arg>
<arg>VA</arg>
<arg>VC</arg>
<arg>VE</arg>
<arg>VG</arg>
<arg>VI</arg>
<arg>VN</arg>
<arg>VU</arg>
<arg>WF</arg>
<arg>WS</arg>
<arg>XK</arg>
<arg>YE</arg>
<arg>YT</arg>
<arg>ZA</arg>
<arg>ZM</arg>
<arg>ZW</arg>
<doc>Returns a list containing given items.</doc>
<status status="PASS" start="2024-04-17T18:17:47.167811" elapsed="0.000607"/>
</kw>
<kw name="List Should Contain Value" owner="Collections">
<msg time="2024-04-17T18:17:47.169432" level="INFO">False</msg>
<arg>${list_country}</arg>
<arg>${name_country}</arg>
<doc>Fails if the ``value`` is not found from ``list``.</doc>
<status status="PASS" start="2024-04-17T18:17:47.169235" elapsed="0.000233"/>
</kw>
<kw name="Run Keyword If" owner="BuiltIn">
<kw name="Should Be True" owner="BuiltIn">
<arg>${True}</arg>
<doc>Fails if the given condition is not true.</doc>
<status status="PASS" start="2024-04-17T18:17:47.170512" elapsed="0.000239"/>
</kw>
<arg>${json_data["results"][0]["location"]["coordinates"]["latitude"]} &gt;= -90 and ${json_data["results"][0]["location"]["coordinates"]["latitude"]} &lt;= 90</arg>
<arg>Should Be True</arg>
<arg>${True}</arg>
<doc>Runs the given keyword with the given arguments, if ``condition`` is true.</doc>
<status status="PASS" start="2024-04-17T18:17:47.169774" elapsed="0.001108"/>
</kw>
<kw name="Run Keyword If" owner="BuiltIn">
<kw name="Should Be True" owner="BuiltIn">
<arg>${True}</arg>
<doc>Fails if the given condition is not true.</doc>
<status status="PASS" start="2024-04-17T18:17:47.171766" elapsed="0.000138"/>
</kw>
<arg>${json_data["results"][0]["location"]["coordinates"]["longitude"]} &gt;= -180 and ${json_data["results"][0]["location"]["coordinates"]["longitude"]} &lt;= 180</arg>
<arg>Should Be True</arg>
<arg>${True}</arg>
<doc>Runs the given keyword with the given arguments, if ``condition`` is true.</doc>
<status status="PASS" start="2024-04-17T18:17:47.171070" elapsed="0.000958"/>
</kw>
<status status="PASS" start="2024-04-17T18:17:47.066694" elapsed="0.105461"/>
</kw>
<doc>Testa o conteúdo específico dos campos retornados pela API.</doc>
<tag>testeConteudo</tag>
<status status="PASS" start="2024-04-17T18:17:47.066284" elapsed="0.106010"/>
</test>
<status status="PASS" start="2024-04-17T18:17:45.851718" elapsed="1.322548"/>
</suite>
<status status="PASS" start="2024-04-17T18:17:45.838386" elapsed="1.341059"/>
</suite>
<statistics>
<total>
<stat pass="5" fail="0" skip="0">All Tests</stat>
</total>
<tag>
<stat pass="1" fail="0" skip="0">testeConteudo</stat>
<stat pass="1" fail="0" skip="0">testeEstruturaResposta</stat>
<stat pass="1" fail="0" skip="0">testeRequisicaoBasica</stat>
<stat pass="1" fail="0" skip="0">testeTiposDados</stat>
</tag>
<suite>
<stat pass="5" fail="0" skip="0" id="s1" name="Tests">Tests</stat>
<stat pass="5" fail="0" skip="0" id="s1-s1" name="Random-User-Test">Tests.Random-User-Test</stat>
</suite>
</statistics>
<errors>
</errors>
</robot>
