<?xml version="1.0" encoding="UTF-8"?>
<robot generator="Robot 7.0 (Python 3.12.3 on linux)" generated="2024-05-20T14:13:41.064517" rpa="false" schemaversion="5">
<suite id="s1" name="Tests" source="/home/runner/work/DesafioQAItauRogerioJordao/DesafioQAItauRogerioJordao/RamdonUser/tests">
<suite id="s1-s1" name="Random-User-Test" source="/home/runner/work/DesafioQAItauRogerioJordao/DesafioQAItauRogerioJordao/RamdonUser/tests/random-user-test.robot">
<test id="s1-s1-t1" name="Conectar" line="13">
<kw name="Conectar API" owner="random-user-service">
<kw name="Create Session" owner="RequestsLibrary">
<msg time="2024-05-20T14:13:41.469724" level="INFO">Creating Session using : alias=consultarAPI, url=https://randomuser.me/, headers={},                     cookies={}, auth=None, timeout=None, proxies=None, verify=False,                     debug=0 </msg>
<arg>consultarAPI</arg>
<arg>${URL}</arg>
<doc>Create Session: create a HTTP session to a server</doc>
<status status="PASS" start="2024-05-20T14:13:41.469511" elapsed="0.000420"/>
</kw>
<status status="PASS" start="2024-05-20T14:13:41.468489" elapsed="0.001823"/>
</kw>
<status status="PASS" start="2024-05-20T14:13:41.467797" elapsed="0.002718"/>
</test>
<test id="s1-s1-t2" name="Validar retorno 200 e JSON Válido" line="16">
<kw name="Teste de Requisicao Basica" owner="random-user-service">
<kw name="GET On Session" owner="RequestsLibrary">
<msg time="2024-05-20T14:13:41.699453" level="INFO">GET Request : url=https://randomuser.me/api 
 path_url=/api 
 headers={'User-Agent': 'python-requests/2.31.0', 'Accept-Encoding': 'gzip, deflate', 'Accept': '*/*', 'Connection': 'keep-alive'} 
 body=None 
 </msg>
<msg time="2024-05-20T14:13:41.699641" level="INFO">GET Response : url=https://randomuser.me/api 
 status=200, reason=OK 
 headers={'Date': 'Mon, 20 May 2024 14:13:41 GMT', 'Content-Type': 'application/json; charset=utf-8', 'Transfer-Encoding': 'chunked', 'Connection': 'keep-alive', 'X-Powered-By': 'Express', 'Access-Control-Allow-Origin': '*', 'Cache-Control': 'no-cache', 'ETag': 'W/"49e-Vw/ZW9QCTi1EzvLwkVz1D3j0FJE"', 'Vary': 'Accept-Encoding', 'Content-Encoding': 'gzip', 'CF-Cache-Status': 'DYNAMIC', 'Report-To': '{"endpoints":[{"url":"https:\\/\\/a.nel.cloudflare.com\\/report\\/v4?s=9upzcT1JUol%2B97UsdKLSYR%2FURIN%2FMpwmgmUlGwXnm9uL5g5czCE67emXjtTlK2k6rMl0zSZyV%2BWCNUmzrJ%2BYshtyNQ48uP7ZeH3PD6lXm3q2ogRGCyhA49nzbxAfPhh7"}],"group":"cf-nel","max_age":604800}', 'NEL': '{"success_fraction":0,"report_to":"cf-nel","max_age":604800}', 'Server': 'cloudflare', 'CF-RAY': '886cedc769e95b2f-IAD', 'alt-svc': 'h3=":443"; ma=86400'} 
 body={"results":[{"gender":"female","name":{"title":"Ms","first":"Leuntje","last":"Bezemer"},"location":{"street":{"number":3272,"name":"Hertstraat"},"city":"Geesbrug","state":"Drenthe","country":"Netherlands","postcode":"0741 OH","coordinates":{"latitude":"30.9737","longitude":"166.1582"},"timezone":{"offset":"+3:00","description":"Baghdad, Riyadh, Moscow, St. Petersburg"}},"email":"leuntje.bezemer@example.com","login":{"uuid":"80d85b40-14c6-441e-9292-8d451974549b","username":"blackleopard871","password":"mahler","salt":"tXArg51i","md5":"eae5cf262f484310a6c33af11cff0a54","sha1":"25417e46819c43b5a4691a368abeb0432b0121b6","sha256":"564fde441d140fc6f2fc842bfb789a38fb79124be54e3456c2b388c57e1ea472"},"dob":{"date":"1960-09-07T10:48:49.562Z","age":63},"registered":{"date":"2009-09-21T23:09:48.372Z","age":14},"phone":"(064) 3335775","cell":"(06) 82318877","id":{"name":"BSN","value":"79607315"},"picture":{"large":"https://randomuser.me/api/portraits/women/8.jpg","medium":"https://randomuser.me/api/portraits/med/women/8.jpg","thumbnail":"https://randomuser.me/api/portraits/thumb/women/8.jpg"},"nat":"NL"}],"info":{"seed":"d4c01df3cf22fe85","results":1,"page":1,"version":"1.4"}} 
 </msg>
<msg time="2024-05-20T14:13:41.699748" level="INFO">/opt/hostedtoolcache/Python/3.12.3/x64/lib/python3.12/site-packages/urllib3/connectionpool.py:1103: InsecureRequestWarning: Unverified HTTPS request is being made to host 'randomuser.me'. Adding certificate verification is strongly advised. See: https://urllib3.readthedocs.io/en/latest/advanced-usage.html#tls-warnings
  warnings.warn(</msg>
<msg time="2024-05-20T14:13:41.699926" level="INFO">${response} = &lt;Response [200]&gt;</msg>
<var>${response}</var>
<arg>consultarAPI</arg>
<arg>/api</arg>
<doc>Sends a GET request on a previously created HTTP Session.</doc>
<status status="PASS" start="2024-05-20T14:13:41.473405" elapsed="0.226578"/>
</kw>
<kw name="Should Be Equal As Numbers" owner="BuiltIn">
<msg time="2024-05-20T14:13:41.701173" level="INFO">Argument types are:
&lt;class 'int'&gt;
&lt;class 'str'&gt;</msg>
<arg>${response.status_code}</arg>
<arg>200</arg>
<doc>Fails if objects are unequal after converting them to real numbers.</doc>
<status status="PASS" start="2024-05-20T14:13:41.700622" elapsed="0.000625"/>
</kw>
<kw name="Log" owner="BuiltIn">
<msg time="2024-05-20T14:13:41.701997" level="INFO">200</msg>
<arg>${response.status_code}</arg>
<doc>Logs the given message with the given level.</doc>
<status status="PASS" start="2024-05-20T14:13:41.701626" elapsed="0.000414"/>
</kw>
<kw name="Set Variable" owner="BuiltIn">
<msg time="2024-05-20T14:13:41.702850" level="INFO">${json_data} = {'results': [{'gender': 'female', 'name': {'title': 'Ms', 'first': 'Leuntje', 'last': 'Bezemer'}, 'location': {'street': {'number': 3272, 'name': 'Hertstraat'}, 'city': 'Geesbrug', 'state': 'Drenthe',...</msg>
<var>${json_data}</var>
<arg>${response.json()}</arg>
<doc>Returns the given values which can then be assigned to a variables.</doc>
<status status="PASS" start="2024-05-20T14:13:41.702352" elapsed="0.000528"/>
</kw>
<kw name="Dictionary Should Contain Key" owner="Collections">
<msg time="2024-05-20T14:13:41.703364" level="INFO">False</msg>
<arg>${json_data}</arg>
<arg>results</arg>
<doc>Fails if ``key`` is not found from ``dictionary``.</doc>
<status status="PASS" start="2024-05-20T14:13:41.703187" elapsed="0.000218"/>
</kw>
<status status="PASS" start="2024-05-20T14:13:41.473129" elapsed="0.230541"/>
</kw>
<doc>Testa se a API responde corretamente e retorna um objeto JSON válido.</doc>
<tag>testeRequisicaoBasica</tag>
<status status="PASS" start="2024-05-20T14:13:41.472524" elapsed="0.231335"/>
</test>
<test id="s1-s1-t3" name="Validar estrutura de resposta" line="22">
<kw name="Teste de Estrutura de Resposta" owner="random-user-service">
<kw name="GET On Session" owner="RequestsLibrary">
<msg time="2024-05-20T14:13:41.837273" level="INFO">GET Request : url=https://randomuser.me/api 
 path_url=/api 
 headers={'User-Agent': 'python-requests/2.31.0', 'Accept-Encoding': 'gzip, deflate', 'Accept': '*/*', 'Connection': 'keep-alive'} 
 body=None 
 </msg>
<msg time="2024-05-20T14:13:41.837414" level="INFO">GET Response : url=https://randomuser.me/api 
 status=200, reason=OK 
 headers={'Date': 'Mon, 20 May 2024 14:13:41 GMT', 'Content-Type': 'application/json; charset=utf-8', 'Transfer-Encoding': 'chunked', 'Connection': 'keep-alive', 'X-Powered-By': 'Express', 'Access-Control-Allow-Origin': '*', 'Cache-Control': 'no-cache', 'ETag': 'W/"487-FZ2XPBLsHPLfoeUFuA69hm9ORuU"', 'Vary': 'Accept-Encoding', 'Content-Encoding': 'gzip', 'CF-Cache-Status': 'DYNAMIC', 'Report-To': '{"endpoints":[{"url":"https:\\/\\/a.nel.cloudflare.com\\/report\\/v4?s=q2f757nMKKM%2F5VNvrUe3q7hNMh9qtkaYH39TXB%2B8kehGHxnIAiyfttgQoj9ZtQWWifoV0trPdgcczwg9hnZLWRGsD6bw57%2FMPlPaFbwDAzfU9Zt6hwgUC9r0bAn7dIpR"}],"group":"cf-nel","max_age":604800}', 'NEL': '{"success_fraction":0,"report_to":"cf-nel","max_age":604800}', 'Server': 'cloudflare', 'CF-RAY': '886cedc7aa305b2f-IAD', 'alt-svc': 'h3=":443"; ma=86400'} 
 body={"results":[{"gender":"male","name":{"title":"Mr","first":"Owen","last":"Grewal"},"location":{"street":{"number":119,"name":"22nd Ave"},"city":"Oakville","state":"New Brunswick","country":"Canada","postcode":"A5T 8J6","coordinates":{"latitude":"-72.5689","longitude":"-75.7205"},"timezone":{"offset":"+5:30","description":"Bombay, Calcutta, Madras, New Delhi"}},"email":"owen.grewal@example.com","login":{"uuid":"c6b00a34-78cd-41cb-a2af-252e08261635","username":"redwolf227","password":"biteme1","salt":"CIV2hVQj","md5":"4ef1f1bef3d50406259844e813fce8d6","sha1":"017d3d3b093aae77833cf2b249840dea2e6a136e","sha256":"528895caf7057b283e3239474addf80bd7a18e0abd38dfea9408ca069ec5d86e"},"dob":{"date":"1964-01-21T21:54:25.606Z","age":60},"registered":{"date":"2005-04-27T11:14:15.229Z","age":19},"phone":"A51 K04-2393","cell":"Z21 N32-2447","id":{"name":"SIN","value":"638758805"},"picture":{"large":"https://randomuser.me/api/portraits/men/88.jpg","medium":"https://randomuser.me/api/portraits/med/men/88.jpg","thumbnail":"https://randomuser.me/api/portraits/thumb/men/88.jpg"},"nat":"CA"}],"info":{"seed":"25c8d8d7011c82c3","results":1,"page":1,"version":"1.4"}} 
 </msg>
<msg time="2024-05-20T14:13:41.837599" level="INFO">/opt/hostedtoolcache/Python/3.12.3/x64/lib/python3.12/site-packages/urllib3/connectionpool.py:1103: InsecureRequestWarning: Unverified HTTPS request is being made to host 'randomuser.me'. Adding certificate verification is strongly advised. See: https://urllib3.readthedocs.io/en/latest/advanced-usage.html#tls-warnings
  warnings.warn(</msg>
<msg time="2024-05-20T14:13:41.837744" level="INFO">${response} = &lt;Response [200]&gt;</msg>
<var>${response}</var>
<arg>consultarAPI</arg>
<arg>/api</arg>
<doc>Sends a GET request on a previously created HTTP Session.</doc>
<status status="PASS" start="2024-05-20T14:13:41.706904" elapsed="0.130875"/>
</kw>
<kw name="Set Variable" owner="BuiltIn">
<msg time="2024-05-20T14:13:41.839041" level="INFO">${json_data} = {'results': [{'gender': 'male', 'name': {'title': 'Mr', 'first': 'Owen', 'last': 'Grewal'}, 'location': {'street': {'number': 119, 'name': '22nd Ave'}, 'city': 'Oakville', 'state': 'New Brunswick', 'c...</msg>
<var>${json_data}</var>
<arg>${response.json()}</arg>
<doc>Returns the given values which can then be assigned to a variables.</doc>
<status status="PASS" start="2024-05-20T14:13:41.838381" elapsed="0.000693"/>
</kw>
<kw name="Log" owner="BuiltIn">
<msg time="2024-05-20T14:13:41.839590" level="INFO">{'results': [{'gender': 'male', 'name': {'title': 'Mr', 'first': 'Owen', 'last': 'Grewal'}, 'location': {'street': {'number': 119, 'name': '22nd Ave'}, 'city': 'Oakville', 'state': 'New Brunswick', 'country': 'Canada', 'postcode': 'A5T 8J6', 'coordinates': {'latitude': '-72.5689', 'longitude': '-75.7205'}, 'timezone': {'offset': '+5:30', 'description': 'Bombay, Calcutta, Madras, New Delhi'}}, 'email': 'owen.grewal@example.com', 'login': {'uuid': 'c6b00a34-78cd-41cb-a2af-252e08261635', 'username': 'redwolf227', 'password': 'biteme1', 'salt': 'CIV2hVQj', 'md5': '4ef1f1bef3d50406259844e813fce8d6', 'sha1': '017d3d3b093aae77833cf2b249840dea2e6a136e', 'sha256': '528895caf7057b283e3239474addf80bd7a18e0abd38dfea9408ca069ec5d86e'}, 'dob': {'date': '1964-01-21T21:54:25.606Z', 'age': 60}, 'registered': {'date': '2005-04-27T11:14:15.229Z', 'age': 19}, 'phone': 'A51 K04-2393', 'cell': 'Z21 N32-2447', 'id': {'name': 'SIN', 'value': '638758805'}, 'picture': {'large': 'https://randomuser.me/api/portraits/men/88.jpg', 'medium': 'https://randomuser.me/api/portraits/med/men/88.jpg', 'thumbnail': 'https://randomuser.me/api/portraits/thumb/men/88.jpg'}, 'nat': 'CA'}], 'info': {'seed': '25c8d8d7011c82c3', 'results': 1, 'page': 1, 'version': '1.4'}}</msg>
<arg>${json_data}</arg>
<doc>Logs the given message with the given level.</doc>
<status status="PASS" start="2024-05-20T14:13:41.839417" elapsed="0.000226"/>
</kw>
<kw name="Dictionary Should Contain Key" owner="Collections">
<msg time="2024-05-20T14:13:41.840131" level="INFO">False</msg>
<arg>${json_data}</arg>
<arg>results</arg>
<doc>Fails if ``key`` is not found from ``dictionary``.</doc>
<status status="PASS" start="2024-05-20T14:13:41.839950" elapsed="0.000218"/>
</kw>
<kw name="Should Not Be Empty" owner="BuiltIn">
<msg time="2024-05-20T14:13:41.840594" level="INFO">Length is 2.</msg>
<arg>${json_data}</arg>
<doc>Verifies that the given item is not empty.</doc>
<status status="PASS" start="2024-05-20T14:13:41.840462" elapsed="0.000355"/>
</kw>
<kw name="Create List" owner="BuiltIn">
<msg time="2024-05-20T14:13:41.841274" level="INFO">${expected_keys} = ['gender', 'name', 'location', 'email', 'login']</msg>
<var>${expected_keys}</var>
<arg>gender</arg>
<arg>name</arg>
<arg>location</arg>
<arg>email</arg>
<arg>login</arg>
<doc>Returns a list containing given items.</doc>
<status status="PASS" start="2024-05-20T14:13:41.841120" elapsed="0.000178"/>
</kw>
<for flavor="IN">
<iter>
<kw name="Dictionary Should Contain Key" owner="Collections">
<msg time="2024-05-20T14:13:41.842330" level="INFO">False</msg>
<arg>${json_data['results'][0]}</arg>
<arg>${key}</arg>
<doc>Fails if ``key`` is not found from ``dictionary``.</doc>
<status status="PASS" start="2024-05-20T14:13:41.841906" elapsed="0.000465"/>
</kw>
<kw name="Log" owner="BuiltIn">
<msg time="2024-05-20T14:13:41.843064" level="INFO">{'gender': 'male', 'name': {'title': 'Mr', 'first': 'Owen', 'last': 'Grewal'}, 'location': {'street': {'number': 119, 'name': '22nd Ave'}, 'city': 'Oakville', 'state': 'New Brunswick', 'country': 'Canada', 'postcode': 'A5T 8J6', 'coordinates': {'latitude': '-72.5689', 'longitude': '-75.7205'}, 'timezone': {'offset': '+5:30', 'description': 'Bombay, Calcutta, Madras, New Delhi'}}, 'email': 'owen.grewal@example.com', 'login': {'uuid': 'c6b00a34-78cd-41cb-a2af-252e08261635', 'username': 'redwolf227', 'password': 'biteme1', 'salt': 'CIV2hVQj', 'md5': '4ef1f1bef3d50406259844e813fce8d6', 'sha1': '017d3d3b093aae77833cf2b249840dea2e6a136e', 'sha256': '528895caf7057b283e3239474addf80bd7a18e0abd38dfea9408ca069ec5d86e'}, 'dob': {'date': '1964-01-21T21:54:25.606Z', 'age': 60}, 'registered': {'date': '2005-04-27T11:14:15.229Z', 'age': 19}, 'phone': 'A51 K04-2393', 'cell': 'Z21 N32-2447', 'id': {'name': 'SIN', 'value': '638758805'}, 'picture': {'large': 'https://randomuser.me/api/portraits/men/88.jpg', 'medium': 'https://randomuser.me/api/portraits/med/men/88.jpg', 'thumbnail': 'https://randomuser.me/api/portraits/thumb/men/88.jpg'}, 'nat': 'CA'}</msg>
<arg>${json_data['results'][0]}</arg>
<doc>Logs the given message with the given level.</doc>
<status status="PASS" start="2024-05-20T14:13:41.842700" elapsed="0.000415"/>
</kw>
<kw name="Log" owner="BuiltIn">
<msg time="2024-05-20T14:13:41.843542" level="INFO">gender</msg>
<arg>${key}</arg>
<doc>Logs the given message with the given level.</doc>
<status status="PASS" start="2024-05-20T14:13:41.843415" elapsed="0.000164"/>
</kw>
<var name="${key}">gender</var>
<status status="PASS" start="2024-05-20T14:13:41.841777" elapsed="0.002020"/>
</iter>
<iter>
<kw name="Dictionary Should Contain Key" owner="Collections">
<msg time="2024-05-20T14:13:41.844485" level="INFO">False</msg>
<arg>${json_data['results'][0]}</arg>
<arg>${key}</arg>
<doc>Fails if ``key`` is not found from ``dictionary``.</doc>
<status status="PASS" start="2024-05-20T14:13:41.844101" elapsed="0.000421"/>
</kw>
<kw name="Log" owner="BuiltIn">
<msg time="2024-05-20T14:13:41.845210" level="INFO">{'gender': 'male', 'name': {'title': 'Mr', 'first': 'Owen', 'last': 'Grewal'}, 'location': {'street': {'number': 119, 'name': '22nd Ave'}, 'city': 'Oakville', 'state': 'New Brunswick', 'country': 'Canada', 'postcode': 'A5T 8J6', 'coordinates': {'latitude': '-72.5689', 'longitude': '-75.7205'}, 'timezone': {'offset': '+5:30', 'description': 'Bombay, Calcutta, Madras, New Delhi'}}, 'email': 'owen.grewal@example.com', 'login': {'uuid': 'c6b00a34-78cd-41cb-a2af-252e08261635', 'username': 'redwolf227', 'password': 'biteme1', 'salt': 'CIV2hVQj', 'md5': '4ef1f1bef3d50406259844e813fce8d6', 'sha1': '017d3d3b093aae77833cf2b249840dea2e6a136e', 'sha256': '528895caf7057b283e3239474addf80bd7a18e0abd38dfea9408ca069ec5d86e'}, 'dob': {'date': '1964-01-21T21:54:25.606Z', 'age': 60}, 'registered': {'date': '2005-04-27T11:14:15.229Z', 'age': 19}, 'phone': 'A51 K04-2393', 'cell': 'Z21 N32-2447', 'id': {'name': 'SIN', 'value': '638758805'}, 'picture': {'large': 'https://randomuser.me/api/portraits/men/88.jpg', 'medium': 'https://randomuser.me/api/portraits/med/men/88.jpg', 'thumbnail': 'https://randomuser.me/api/portraits/thumb/men/88.jpg'}, 'nat': 'CA'}</msg>
<arg>${json_data['results'][0]}</arg>
<doc>Logs the given message with the given level.</doc>
<status status="PASS" start="2024-05-20T14:13:41.844847" elapsed="0.000412"/>
</kw>
<kw name="Log" owner="BuiltIn">
<msg time="2024-05-20T14:13:41.845687" level="INFO">name</msg>
<arg>${key}</arg>
<doc>Logs the given message with the given level.</doc>
<status status="PASS" start="2024-05-20T14:13:41.845559" elapsed="0.000166"/>
</kw>
<var name="${key}">name</var>
<status status="PASS" start="2024-05-20T14:13:41.843981" elapsed="0.001957"/>
</iter>
<iter>
<kw name="Dictionary Should Contain Key" owner="Collections">
<msg time="2024-05-20T14:13:41.846660" level="INFO">False</msg>
<arg>${json_data['results'][0]}</arg>
<arg>${key}</arg>
<doc>Fails if ``key`` is not found from ``dictionary``.</doc>
<status status="PASS" start="2024-05-20T14:13:41.846228" elapsed="0.000478"/>
</kw>
<kw name="Log" owner="BuiltIn">
<msg time="2024-05-20T14:13:41.847372" level="INFO">{'gender': 'male', 'name': {'title': 'Mr', 'first': 'Owen', 'last': 'Grewal'}, 'location': {'street': {'number': 119, 'name': '22nd Ave'}, 'city': 'Oakville', 'state': 'New Brunswick', 'country': 'Canada', 'postcode': 'A5T 8J6', 'coordinates': {'latitude': '-72.5689', 'longitude': '-75.7205'}, 'timezone': {'offset': '+5:30', 'description': 'Bombay, Calcutta, Madras, New Delhi'}}, 'email': 'owen.grewal@example.com', 'login': {'uuid': 'c6b00a34-78cd-41cb-a2af-252e08261635', 'username': 'redwolf227', 'password': 'biteme1', 'salt': 'CIV2hVQj', 'md5': '4ef1f1bef3d50406259844e813fce8d6', 'sha1': '017d3d3b093aae77833cf2b249840dea2e6a136e', 'sha256': '528895caf7057b283e3239474addf80bd7a18e0abd38dfea9408ca069ec5d86e'}, 'dob': {'date': '1964-01-21T21:54:25.606Z', 'age': 60}, 'registered': {'date': '2005-04-27T11:14:15.229Z', 'age': 19}, 'phone': 'A51 K04-2393', 'cell': 'Z21 N32-2447', 'id': {'name': 'SIN', 'value': '638758805'}, 'picture': {'large': 'https://randomuser.me/api/portraits/men/88.jpg', 'medium': 'https://randomuser.me/api/portraits/med/men/88.jpg', 'thumbnail': 'https://randomuser.me/api/portraits/thumb/men/88.jpg'}, 'nat': 'CA'}</msg>
<arg>${json_data['results'][0]}</arg>
<doc>Logs the given message with the given level.</doc>
<status status="PASS" start="2024-05-20T14:13:41.847013" elapsed="0.000408"/>
</kw>
<kw name="Log" owner="BuiltIn">
<msg time="2024-05-20T14:13:41.847847" level="INFO">location</msg>
<arg>${key}</arg>
<doc>Logs the given message with the given level.</doc>
<status status="PASS" start="2024-05-20T14:13:41.847721" elapsed="0.000164"/>
</kw>
<var name="${key}">location</var>
<status status="PASS" start="2024-05-20T14:13:41.846117" elapsed="0.001987"/>
</iter>
<iter>
<kw name="Dictionary Should Contain Key" owner="Collections">
<msg time="2024-05-20T14:13:41.848770" level="INFO">False</msg>
<arg>${json_data['results'][0]}</arg>
<arg>${key}</arg>
<doc>Fails if ``key`` is not found from ``dictionary``.</doc>
<status status="PASS" start="2024-05-20T14:13:41.848387" elapsed="0.000420"/>
</kw>
<kw name="Log" owner="BuiltIn">
<msg time="2024-05-20T14:13:41.849461" level="INFO">{'gender': 'male', 'name': {'title': 'Mr', 'first': 'Owen', 'last': 'Grewal'}, 'location': {'street': {'number': 119, 'name': '22nd Ave'}, 'city': 'Oakville', 'state': 'New Brunswick', 'country': 'Canada', 'postcode': 'A5T 8J6', 'coordinates': {'latitude': '-72.5689', 'longitude': '-75.7205'}, 'timezone': {'offset': '+5:30', 'description': 'Bombay, Calcutta, Madras, New Delhi'}}, 'email': 'owen.grewal@example.com', 'login': {'uuid': 'c6b00a34-78cd-41cb-a2af-252e08261635', 'username': 'redwolf227', 'password': 'biteme1', 'salt': 'CIV2hVQj', 'md5': '4ef1f1bef3d50406259844e813fce8d6', 'sha1': '017d3d3b093aae77833cf2b249840dea2e6a136e', 'sha256': '528895caf7057b283e3239474addf80bd7a18e0abd38dfea9408ca069ec5d86e'}, 'dob': {'date': '1964-01-21T21:54:25.606Z', 'age': 60}, 'registered': {'date': '2005-04-27T11:14:15.229Z', 'age': 19}, 'phone': 'A51 K04-2393', 'cell': 'Z21 N32-2447', 'id': {'name': 'SIN', 'value': '638758805'}, 'picture': {'large': 'https://randomuser.me/api/portraits/men/88.jpg', 'medium': 'https://randomuser.me/api/portraits/med/men/88.jpg', 'thumbnail': 'https://randomuser.me/api/portraits/thumb/men/88.jpg'}, 'nat': 'CA'}</msg>
<arg>${json_data['results'][0]}</arg>
<doc>Logs the given message with the given level.</doc>
<status status="PASS" start="2024-05-20T14:13:41.849107" elapsed="0.000402"/>
</kw>
<kw name="Log" owner="BuiltIn">
<msg time="2024-05-20T14:13:41.849927" level="INFO">email</msg>
<arg>${key}</arg>
<doc>Logs the given message with the given level.</doc>
<status status="PASS" start="2024-05-20T14:13:41.849800" elapsed="0.000164"/>
</kw>
<var name="${key}">email</var>
<status status="PASS" start="2024-05-20T14:13:41.848278" elapsed="0.001900"/>
</iter>
<iter>
<kw name="Dictionary Should Contain Key" owner="Collections">
<msg time="2024-05-20T14:13:41.850873" level="INFO">False</msg>
<arg>${json_data['results'][0]}</arg>
<arg>${key}</arg>
<doc>Fails if ``key`` is not found from ``dictionary``.</doc>
<status status="PASS" start="2024-05-20T14:13:41.850456" elapsed="0.000455"/>
</kw>
<kw name="Log" owner="BuiltIn">
<msg time="2024-05-20T14:13:41.851566" level="INFO">{'gender': 'male', 'name': {'title': 'Mr', 'first': 'Owen', 'last': 'Grewal'}, 'location': {'street': {'number': 119, 'name': '22nd Ave'}, 'city': 'Oakville', 'state': 'New Brunswick', 'country': 'Canada', 'postcode': 'A5T 8J6', 'coordinates': {'latitude': '-72.5689', 'longitude': '-75.7205'}, 'timezone': {'offset': '+5:30', 'description': 'Bombay, Calcutta, Madras, New Delhi'}}, 'email': 'owen.grewal@example.com', 'login': {'uuid': 'c6b00a34-78cd-41cb-a2af-252e08261635', 'username': 'redwolf227', 'password': 'biteme1', 'salt': 'CIV2hVQj', 'md5': '4ef1f1bef3d50406259844e813fce8d6', 'sha1': '017d3d3b093aae77833cf2b249840dea2e6a136e', 'sha256': '528895caf7057b283e3239474addf80bd7a18e0abd38dfea9408ca069ec5d86e'}, 'dob': {'date': '1964-01-21T21:54:25.606Z', 'age': 60}, 'registered': {'date': '2005-04-27T11:14:15.229Z', 'age': 19}, 'phone': 'A51 K04-2393', 'cell': 'Z21 N32-2447', 'id': {'name': 'SIN', 'value': '638758805'}, 'picture': {'large': 'https://randomuser.me/api/portraits/men/88.jpg', 'medium': 'https://randomuser.me/api/portraits/med/men/88.jpg', 'thumbnail': 'https://randomuser.me/api/portraits/thumb/men/88.jpg'}, 'nat': 'CA'}</msg>
<arg>${json_data['results'][0]}</arg>
<doc>Logs the given message with the given level.</doc>
<status status="PASS" start="2024-05-20T14:13:41.851205" elapsed="0.000418"/>
</kw>
<kw name="Log" owner="BuiltIn">
<msg time="2024-05-20T14:13:41.852044" level="INFO">login</msg>
<arg>${key}</arg>
<doc>Logs the given message with the given level.</doc>
<status status="PASS" start="2024-05-20T14:13:41.851919" elapsed="0.000164"/>
</kw>
<var name="${key}">login</var>
<status status="PASS" start="2024-05-20T14:13:41.850346" elapsed="0.001980"/>
</iter>
<var>${key}</var>
<value>@{expected_keys}</value>
<status status="PASS" start="2024-05-20T14:13:41.841568" elapsed="0.010885"/>
</for>
<kw name="Create List" owner="BuiltIn">
<msg time="2024-05-20T14:13:41.852789" level="INFO">${expected_keysTwo} = ['username', 'password']</msg>
<var>${expected_keysTwo}</var>
<arg>username</arg>
<arg>password</arg>
<doc>Returns a list containing given items.</doc>
<status status="PASS" start="2024-05-20T14:13:41.852653" elapsed="0.000160"/>
</kw>
<for flavor="IN">
<iter>
<kw name="Dictionary Should Contain Key" owner="Collections">
<msg time="2024-05-20T14:13:41.853709" level="INFO">False</msg>
<arg>${json_data['results'][0]['login']}</arg>
<arg>${keyTwo}</arg>
<doc>Fails if ``key`` is not found from ``dictionary``.</doc>
<status status="PASS" start="2024-05-20T14:13:41.853320" elapsed="0.000426"/>
</kw>
<kw name="Dictionary Should Contain Key" owner="Collections">
<msg time="2024-05-20T14:13:41.854426" level="INFO">False</msg>
<arg>${json_data['results'][0]['login']}</arg>
<arg>${keyTwo}</arg>
<doc>Fails if ``key`` is not found from ``dictionary``.</doc>
<status status="PASS" start="2024-05-20T14:13:41.854046" elapsed="0.000417"/>
</kw>
<kw name="Log" owner="BuiltIn">
<msg time="2024-05-20T14:13:41.854938" level="INFO">username</msg>
<arg>${keyTwo}</arg>
<doc>Logs the given message with the given level.</doc>
<status status="PASS" start="2024-05-20T14:13:41.854810" elapsed="0.000179"/>
</kw>
<var name="${keyTwo}">username</var>
<status status="PASS" start="2024-05-20T14:13:41.853211" elapsed="0.001991"/>
</iter>
<iter>
<kw name="Dictionary Should Contain Key" owner="Collections">
<msg time="2024-05-20T14:13:41.855973" level="INFO">False</msg>
<arg>${json_data['results'][0]['login']}</arg>
<arg>${keyTwo}</arg>
<doc>Fails if ``key`` is not found from ``dictionary``.</doc>
<status status="PASS" start="2024-05-20T14:13:41.855481" elapsed="0.000536"/>
</kw>
<kw name="Dictionary Should Contain Key" owner="Collections">
<msg time="2024-05-20T14:13:41.856704" level="INFO">False</msg>
<arg>${json_data['results'][0]['login']}</arg>
<arg>${keyTwo}</arg>
<doc>Fails if ``key`` is not found from ``dictionary``.</doc>
<status status="PASS" start="2024-05-20T14:13:41.856323" elapsed="0.000419"/>
</kw>
<kw name="Log" owner="BuiltIn">
<msg time="2024-05-20T14:13:41.857170" level="INFO">password</msg>
<arg>${keyTwo}</arg>
<doc>Logs the given message with the given level.</doc>
<status status="PASS" start="2024-05-20T14:13:41.857040" elapsed="0.000169"/>
</kw>
<var name="${keyTwo}">password</var>
<status status="PASS" start="2024-05-20T14:13:41.855373" elapsed="0.002052"/>
</iter>
<var>${keyTwo}</var>
<value>@{expected_keysTwo}</value>
<status status="PASS" start="2024-05-20T14:13:41.853053" elapsed="0.004496"/>
</for>
<status status="PASS" start="2024-05-20T14:13:41.706539" elapsed="0.151164"/>
</kw>
<doc>Testa a estrutura da resposta da API.</doc>
<tag>testeEstruturaResposta</tag>
<status status="PASS" start="2024-05-20T14:13:41.705736" elapsed="0.152145"/>
</test>
<test id="s1-s1-t4" name="Validar tipos de dados" line="28">
<kw name="Teste de Tipos de Dados" owner="random-user-service">
<kw name="GET On Session" owner="RequestsLibrary">
<msg time="2024-05-20T14:13:41.908606" level="INFO">GET Request : url=https://randomuser.me/api 
 path_url=/api 
 headers={'User-Agent': 'python-requests/2.31.0', 'Accept-Encoding': 'gzip, deflate', 'Accept': '*/*', 'Connection': 'keep-alive'} 
 body=None 
 </msg>
<msg time="2024-05-20T14:13:41.908731" level="INFO">GET Response : url=https://randomuser.me/api 
 status=200, reason=OK 
 headers={'Date': 'Mon, 20 May 2024 14:13:41 GMT', 'Content-Type': 'application/json; charset=utf-8', 'Transfer-Encoding': 'chunked', 'Connection': 'keep-alive', 'X-Powered-By': 'Express', 'Access-Control-Allow-Origin': '*', 'Cache-Control': 'no-cache', 'ETag': 'W/"49a-voBZlMOMW16QY7B4RFgkMTWYHbY"', 'Vary': 'Accept-Encoding', 'Content-Encoding': 'gzip', 'CF-Cache-Status': 'DYNAMIC', 'Report-To': '{"endpoints":[{"url":"https:\\/\\/a.nel.cloudflare.com\\/report\\/v4?s=kfel%2FC3uAbgHnHOBfFXxmppuDu2FhZwmOY%2FPVwZYQZAI9JKf9AdpdNmE1UQGZ3J2wuSBEWbyyLcgvLOd4rC%2BGQyfDeO79Zp2U30VFW6Vay21YEk675ty8B94km%2Fhk0sC"}],"group":"cf-nel","max_age":604800}', 'NEL': '{"success_fraction":0,"report_to":"cf-nel","max_age":604800}', 'Server': 'cloudflare', 'CF-RAY': '886cedc8ab265b2f-IAD', 'alt-svc': 'h3=":443"; ma=86400'} 
 body={"results":[{"gender":"male","name":{"title":"Mr","first":"Sancler","last":"Rodrigues"},"location":{"street":{"number":6297,"name":"Rua Santa Catarina "},"city":"Governador Valadares","state":"Paraíba","country":"Brazil","postcode":80941,"coordinates":{"latitude":"-79.7036","longitude":"-9.9679"},"timezone":{"offset":"+9:30","description":"Adelaide, Darwin"}},"email":"sancler.rodrigues@example.com","login":{"uuid":"deea958c-5a3c-4167-bcf6-62a5ecf040d4","username":"yellowgorilla456","password":"sambo","salt":"xOpYgADS","md5":"50bc409c6a444d34c1094f0a65f4a349","sha1":"2b41f72a746adf15c8d9580a2dfa7b8755080257","sha256":"ed6953e7e25b8e12f3918c180ddf5456836e9e1cba1c810413b6534cdc1c5fcd"},"dob":{"date":"1952-12-29T08:37:55.431Z","age":71},"registered":{"date":"2015-09-16T19:55:59.380Z","age":8},"phone":"(98) 9020-8252","cell":"(61) 1153-2985","id":{"name":"CPF","value":"876.618.041-26"},"picture":{"large":"https://randomuser.me/api/portraits/men/32.jpg","medium":"https://randomuser.me/api/portraits/med/men/32.jpg","thumbnail":"https://randomuser.me/api/portraits/thumb/men/32.jpg"},"nat":"BR"}],"info":{"seed":"7debcd6d23212c9c","results":1,"page":1,"version":"1.4"}} 
 </msg>
<msg time="2024-05-20T14:13:41.908821" level="INFO">/opt/hostedtoolcache/Python/3.12.3/x64/lib/python3.12/site-packages/urllib3/connectionpool.py:1103: InsecureRequestWarning: Unverified HTTPS request is being made to host 'randomuser.me'. Adding certificate verification is strongly advised. See: https://urllib3.readthedocs.io/en/latest/advanced-usage.html#tls-warnings
  warnings.warn(</msg>
<msg time="2024-05-20T14:13:41.908951" level="INFO">${response} = &lt;Response [200]&gt;</msg>
<var>${response}</var>
<arg>consultarAPI</arg>
<arg>/api</arg>
<doc>Sends a GET request on a previously created HTTP Session.</doc>
<status status="PASS" start="2024-05-20T14:13:41.860460" elapsed="0.048527"/>
</kw>
<kw name="Set Variable" owner="BuiltIn">
<msg time="2024-05-20T14:13:41.910199" level="INFO">${json_data} = {'results': [{'gender': 'male', 'name': {'title': 'Mr', 'first': 'Sancler', 'last': 'Rodrigues'}, 'location': {'street': {'number': 6297, 'name': 'Rua Santa Catarina '}, 'city': 'Governador Valadares'...</msg>
<var>${json_data}</var>
<arg>${response.json()}</arg>
<doc>Returns the given values which can then be assigned to a variables.</doc>
<status status="PASS" start="2024-05-20T14:13:41.909606" elapsed="0.000624"/>
</kw>
<kw name="Log" owner="BuiltIn">
<msg time="2024-05-20T14:13:41.910829" level="INFO">{'results': [{'gender': 'male', 'name': {'title': 'Mr', 'first': 'Sancler', 'last': 'Rodrigues'}, 'location': {'street': {'number': 6297, 'name': 'Rua Santa Catarina '}, 'city': 'Governador Valadares', 'state': 'Paraíba', 'country': 'Brazil', 'postcode': 80941, 'coordinates': {'latitude': '-79.7036', 'longitude': '-9.9679'}, 'timezone': {'offset': '+9:30', 'description': 'Adelaide, Darwin'}}, 'email': 'sancler.rodrigues@example.com', 'login': {'uuid': 'deea958c-5a3c-4167-bcf6-62a5ecf040d4', 'username': 'yellowgorilla456', 'password': 'sambo', 'salt': 'xOpYgADS', 'md5': '50bc409c6a444d34c1094f0a65f4a349', 'sha1': '2b41f72a746adf15c8d9580a2dfa7b8755080257', 'sha256': 'ed6953e7e25b8e12f3918c180ddf5456836e9e1cba1c810413b6534cdc1c5fcd'}, 'dob': {'date': '1952-12-29T08:37:55.431Z', 'age': 71}, 'registered': {'date': '2015-09-16T19:55:59.380Z', 'age': 8}, 'phone': '(98) 9020-8252', 'cell': '(61) 1153-2985', 'id': {'name': 'CPF', 'value': '876.618.041-26'}, 'picture': {'large': 'https://randomuser.me/api/portraits/men/32.jpg', 'medium': 'https://randomuser.me/api/portraits/med/men/32.jpg', 'thumbnail': 'https://randomuser.me/api/portraits/thumb/men/32.jpg'}, 'nat': 'BR'}], 'info': {'seed': '7debcd6d23212c9c', 'results': 1, 'page': 1, 'version': '1.4'}}</msg>
<arg>${json_data}</arg>
<doc>Logs the given message with the given level.</doc>
<status status="PASS" start="2024-05-20T14:13:41.910648" elapsed="0.000274"/>
</kw>
<kw name="Should Be String" owner="String">
<arg>${json_data['results'][0]['gender']}</arg>
<doc>Fails if the given ``item`` is not a string.</doc>
<status status="PASS" start="2024-05-20T14:13:41.911247" elapsed="0.000403"/>
</kw>
<kw name="Should Match Regexp" owner="BuiltIn">
<arg>${json_data['results'][0]['email']}</arg>
<arg>^[a-zA-Z0-9._%+-]+@[a-zA-Z0-9.-]+\.[a-zA-Z]{2,}$</arg>
<doc>Fails if ``string`` does not match ``pattern`` as a regular expression.</doc>
<status status="PASS" start="2024-05-20T14:13:41.911848" elapsed="0.000525"/>
</kw>
<kw name="Should Match Regexp" owner="BuiltIn">
<arg>${json_data['results'][0]['dob']['date']}</arg>
<arg>\\d{4}-\\d{2}-\\d{2}T\\d{2}:\\d{2}:\\d{2}\\.\\d{3}Z</arg>
<doc>Fails if ``string`` does not match ``pattern`` as a regular expression.</doc>
<status status="PASS" start="2024-05-20T14:13:41.912570" elapsed="0.000499"/>
</kw>
<kw name="Should Match Regexp" owner="BuiltIn">
<arg>${json_data['results'][0]['registered']['date']}</arg>
<arg>\\d{4}-\\d{2}-\\d{2}T\\d{2}:\\d{2}:\\d{2}\\.\\d{3}Z</arg>
<doc>Fails if ``string`` does not match ``pattern`` as a regular expression.</doc>
<status status="PASS" start="2024-05-20T14:13:41.913262" elapsed="0.000387"/>
</kw>
<kw name="Should Match Regexp" owner="BuiltIn">
<arg>${json_data['results'][0]['picture']['large']}</arg>
<arg>^https?://.*\.(?:png|jpe?g|gif|bmp)$</arg>
<doc>Fails if ``string`` does not match ``pattern`` as a regular expression.</doc>
<status status="PASS" start="2024-05-20T14:13:41.913842" elapsed="0.000463"/>
</kw>
<kw name="Should Match Regexp" owner="BuiltIn">
<arg>${json_data['results'][0]['picture']['medium']}</arg>
<arg>^https?://.*\.(?:png|jpe?g|gif|bmp)$</arg>
<doc>Fails if ``string`` does not match ``pattern`` as a regular expression.</doc>
<status status="PASS" start="2024-05-20T14:13:41.914491" elapsed="0.000400"/>
</kw>
<kw name="Should Match Regexp" owner="BuiltIn">
<arg>${json_data['results'][0]['picture']['thumbnail']}</arg>
<arg>^https?://.*\.(?:png|jpe?g|gif|bmp)$</arg>
<doc>Fails if ``string`` does not match ``pattern`` as a regular expression.</doc>
<status status="PASS" start="2024-05-20T14:13:41.915085" elapsed="0.000369"/>
</kw>
<kw name="Log" owner="BuiltIn">
<msg time="2024-05-20T14:13:41.916048" level="INFO">{'large': 'https://randomuser.me/api/portraits/men/32.jpg', 'medium': 'https://randomuser.me/api/portraits/med/men/32.jpg', 'thumbnail': 'https://randomuser.me/api/portraits/thumb/men/32.jpg'}</msg>
<arg>${json_data['results'][0]['picture']}</arg>
<doc>Logs the given message with the given level.</doc>
<status status="PASS" start="2024-05-20T14:13:41.915684" elapsed="0.000406"/>
</kw>
<status status="PASS" start="2024-05-20T14:13:41.860211" elapsed="0.056146"/>
</kw>
<kw name="Teste de Tipos de Dados - Postcode" owner="random-user-service">
<kw name="GET On Session" owner="RequestsLibrary">
<msg time="2024-05-20T14:13:42.027331" level="INFO">GET Request : url=https://randomuser.me/api 
 path_url=/api 
 headers={'User-Agent': 'python-requests/2.31.0', 'Accept-Encoding': 'gzip, deflate', 'Accept': '*/*', 'Connection': 'keep-alive'} 
 body=None 
 </msg>
<msg time="2024-05-20T14:13:42.027442" level="INFO">GET Response : url=https://randomuser.me/api 
 status=200, reason=OK 
 headers={'Date': 'Mon, 20 May 2024 14:13:42 GMT', 'Content-Type': 'application/json; charset=utf-8', 'Transfer-Encoding': 'chunked', 'Connection': 'keep-alive', 'X-Powered-By': 'Express', 'Access-Control-Allow-Origin': '*', 'Cache-Control': 'no-cache', 'ETag': 'W/"488-h57bI4xHmC6ws7jiM3Dva4v8lwY"', 'Vary': 'Accept-Encoding', 'Content-Encoding': 'gzip', 'CF-Cache-Status': 'DYNAMIC', 'Report-To': '{"endpoints":[{"url":"https:\\/\\/a.nel.cloudflare.com\\/report\\/v4?s=l0YSxUxjEP8%2FN1UiKq3sVlee8gTxn85eM3MPKCIsHo2RrN51VfqPdQJrvlF9B5ivjSENq6xBb%2FPiu7dJqe%2BnMwMbkeQq33QmR3l78fdnfMP2dXOmybg%2FdAZBvVdu4xfO"}],"group":"cf-nel","max_age":604800}', 'NEL': '{"success_fraction":0,"report_to":"cf-nel","max_age":604800}', 'Server': 'cloudflare', 'CF-RAY': '886cedc8fb7e5b2f-IAD', 'alt-svc': 'h3=":443"; ma=86400'} 
 body={"results":[{"gender":"female","name":{"title":"Ms","first":"Caroline","last":"Gutierrez"},"location":{"street":{"number":3639,"name":"Depaul Dr"},"city":"Naperville","state":"Nebraska","country":"United States","postcode":97628,"coordinates":{"latitude":"89.4606","longitude":"9.3408"},"timezone":{"offset":"+4:30","description":"Kabul"}},"email":"caroline.gutierrez@example.com","login":{"uuid":"25ba5298-fd67-4ef0-8b40-a6e174217422","username":"angryostrich480","password":"cookie","salt":"YyC40brR","md5":"5c47b7466d742dc7c523bafc56068067","sha1":"0a95b489462caef2356a662726208b5c0188b3da","sha256":"46178d1538a0ce3a58f29d34af21ce0cdfdeae3c3f649fc858fde9bff3dd1f33"},"dob":{"date":"1997-05-06T10:36:58.113Z","age":27},"registered":{"date":"2004-02-01T12:51:45.751Z","age":20},"phone":"(410) 531-1956","cell":"(201) 381-4600","id":{"name":"SSN","value":"271-85-7958"},"picture":{"large":"https://randomuser.me/api/portraits/women/47.jpg","medium":"https://randomuser.me/api/portraits/med/women/47.jpg","thumbnail":"https://randomuser.me/api/portraits/thumb/women/47.jpg"},"nat":"US"}],"info":{"seed":"4b334e780968639a","results":1,"page":1,"version":"1.4"}} 
 </msg>
<msg time="2024-05-20T14:13:42.027527" level="INFO">/opt/hostedtoolcache/Python/3.12.3/x64/lib/python3.12/site-packages/urllib3/connectionpool.py:1103: InsecureRequestWarning: Unverified HTTPS request is being made to host 'randomuser.me'. Adding certificate verification is strongly advised. See: https://urllib3.readthedocs.io/en/latest/advanced-usage.html#tls-warnings
  warnings.warn(</msg>
<msg time="2024-05-20T14:13:42.027657" level="INFO">${response} = &lt;Response [200]&gt;</msg>
<var>${response}</var>
<arg>consultarAPI</arg>
<arg>/api</arg>
<doc>Sends a GET request on a previously created HTTP Session.</doc>
<status status="PASS" start="2024-05-20T14:13:41.916827" elapsed="0.110860"/>
</kw>
<kw name="Set Variable" owner="BuiltIn">
<msg time="2024-05-20T14:13:42.028868" level="INFO">${json_data} = {'results': [{'gender': 'female', 'name': {'title': 'Ms', 'first': 'Caroline', 'last': 'Gutierrez'}, 'location': {'street': {'number': 3639, 'name': 'Depaul Dr'}, 'city': 'Naperville', 'state': 'Nebra...</msg>
<var>${json_data}</var>
<arg>${response.json()}</arg>
<doc>Returns the given values which can then be assigned to a variables.</doc>
<status status="PASS" start="2024-05-20T14:13:42.028293" elapsed="0.000604"/>
</kw>
<kw name="Log" owner="BuiltIn">
<msg time="2024-05-20T14:13:42.029369" level="INFO">{'results': [{'gender': 'female', 'name': {'title': 'Ms', 'first': 'Caroline', 'last': 'Gutierrez'}, 'location': {'street': {'number': 3639, 'name': 'Depaul Dr'}, 'city': 'Naperville', 'state': 'Nebraska', 'country': 'United States', 'postcode': 97628, 'coordinates': {'latitude': '89.4606', 'longitude': '9.3408'}, 'timezone': {'offset': '+4:30', 'description': 'Kabul'}}, 'email': 'caroline.gutierrez@example.com', 'login': {'uuid': '25ba5298-fd67-4ef0-8b40-a6e174217422', 'username': 'angryostrich480', 'password': 'cookie', 'salt': 'YyC40brR', 'md5': '5c47b7466d742dc7c523bafc56068067', 'sha1': '0a95b489462caef2356a662726208b5c0188b3da', 'sha256': '46178d1538a0ce3a58f29d34af21ce0cdfdeae3c3f649fc858fde9bff3dd1f33'}, 'dob': {'date': '1997-05-06T10:36:58.113Z', 'age': 27}, 'registered': {'date': '2004-02-01T12:51:45.751Z', 'age': 20}, 'phone': '(410) 531-1956', 'cell': '(201) 381-4600', 'id': {'name': 'SSN', 'value': '271-85-7958'}, 'picture': {'large': 'https://randomuser.me/api/portraits/women/47.jpg', 'medium': 'https://randomuser.me/api/portraits/med/women/47.jpg', 'thumbnail': 'https://randomuser.me/api/portraits/thumb/women/47.jpg'}, 'nat': 'US'}], 'info': {'seed': '4b334e780968639a', 'results': 1, 'page': 1, 'version': '1.4'}}</msg>
<arg>${json_data}</arg>
<doc>Logs the given message with the given level.</doc>
<status status="PASS" start="2024-05-20T14:13:42.029212" elapsed="0.000242"/>
</kw>
<kw name="Should Be Equal As Numbers" owner="BuiltIn">
<arg>${json_data['results'][0]['location']['postcode']}</arg>
<arg>${json_data['results'][0]['location']['postcode']}</arg>
<doc>Fails if objects are unequal after converting them to real numbers.</doc>
<status status="PASS" start="2024-05-20T14:13:42.029949" elapsed="0.000685"/>
</kw>
<kw name="Log" owner="BuiltIn">
<msg time="2024-05-20T14:13:42.031172" level="INFO">97628</msg>
<arg>${json_data['results'][0]['location']['postcode']}</arg>
<doc>Logs the given message with the given level.</doc>
<status status="PASS" start="2024-05-20T14:13:42.030831" elapsed="0.000382"/>
</kw>
<status status="PASS" start="2024-05-20T14:13:41.916590" elapsed="0.114885"/>
</kw>
<doc>Testa se os tipos de dados na resposta da API estão corretos.</doc>
<tag>testeTiposDados</tag>
<status status="PASS" start="2024-05-20T14:13:41.859700" elapsed="0.171948"/>
</test>
<test id="s1-s1-t5" name="Validar conteudo" line="35">
<kw name="Teste de Tipos de Conteudo" owner="random-user-service">
<kw name="GET On Session" owner="RequestsLibrary">
<msg time="2024-05-20T14:13:42.119266" level="INFO">GET Request : url=https://randomuser.me/api 
 path_url=/api 
 headers={'User-Agent': 'python-requests/2.31.0', 'Accept-Encoding': 'gzip, deflate', 'Accept': '*/*', 'Connection': 'keep-alive'} 
 body=None 
 </msg>
<msg time="2024-05-20T14:13:42.119383" level="INFO">GET Response : url=https://randomuser.me/api 
 status=200, reason=OK 
 headers={'Date': 'Mon, 20 May 2024 14:13:42 GMT', 'Content-Type': 'application/json; charset=utf-8', 'Transfer-Encoding': 'chunked', 'Connection': 'keep-alive', 'X-Powered-By': 'Express', 'Access-Control-Allow-Origin': '*', 'Cache-Control': 'no-cache', 'ETag': 'W/"48d-u8dKsBlp5TmnnJqlMW00fVuRjLg"', 'Vary': 'Accept-Encoding', 'Content-Encoding': 'gzip', 'CF-Cache-Status': 'DYNAMIC', 'Report-To': '{"endpoints":[{"url":"https:\\/\\/a.nel.cloudflare.com\\/report\\/v4?s=2rXLBl3ik9OzCjdOz3jQ%2FabPWQE25h%2BRDGNJxFWARPXP7KqM1w1KRGbF3cGMiGJsgJ08ZWZ1U92N55YBg8TC7%2FOFRRx68teA%2B8HXtfToEYNDxtw%2FlZL198iyfMQmtA1H"}],"group":"cf-nel","max_age":604800}', 'NEL': '{"success_fraction":0,"report_to":"cf-nel","max_age":604800}', 'Server': 'cloudflare', 'CF-RAY': '886cedc9bc335b2f-IAD', 'alt-svc': 'h3=":443"; ma=86400'} 
 body={"results":[{"gender":"male","name":{"title":"Mr","first":"Upkaar","last":"Babu"},"location":{"street":{"number":205,"name":"Santhekatte"},"city":"Rajpur Sonarpur","state":"Sikkim","country":"India","postcode":74891,"coordinates":{"latitude":"8.1422","longitude":"-16.3232"},"timezone":{"offset":"-4:00","description":"Atlantic Time (Canada), Caracas, La Paz"}},"email":"upkaar.babu@example.com","login":{"uuid":"e140dcdb-821c-4508-9dc3-0f243bff9914","username":"silverduck146","password":"streaming","salt":"HjfXvcHL","md5":"075c535cea36b1dd8b0715e94afa173b","sha1":"48c5538a4b05df0cfac5e16458dfa27281e00ca6","sha256":"052762119dfe6a271abb00384e867be59f5c9cc6ea43d441ece79c2ab9267880"},"dob":{"date":"2000-12-03T14:34:18.941Z","age":23},"registered":{"date":"2005-08-15T14:01:28.377Z","age":18},"phone":"7699660243","cell":"7144491085","id":{"name":"UIDAI","value":"471145087066"},"picture":{"large":"https://randomuser.me/api/portraits/men/26.jpg","medium":"https://randomuser.me/api/portraits/med/men/26.jpg","thumbnail":"https://randomuser.me/api/portraits/thumb/men/26.jpg"},"nat":"IN"}],"info":{"seed":"cf5e161225f1ec27","results":1,"page":1,"version":"1.4"}} 
 </msg>
<msg time="2024-05-20T14:13:42.119470" level="INFO">/opt/hostedtoolcache/Python/3.12.3/x64/lib/python3.12/site-packages/urllib3/connectionpool.py:1103: InsecureRequestWarning: Unverified HTTPS request is being made to host 'randomuser.me'. Adding certificate verification is strongly advised. See: https://urllib3.readthedocs.io/en/latest/advanced-usage.html#tls-warnings
  warnings.warn(</msg>
<msg time="2024-05-20T14:13:42.119600" level="INFO">${response} = &lt;Response [200]&gt;</msg>
<var>${response}</var>
<arg>consultarAPI</arg>
<arg>/api</arg>
<doc>Sends a GET request on a previously created HTTP Session.</doc>
<status status="PASS" start="2024-05-20T14:13:42.034159" elapsed="0.085477"/>
</kw>
<kw name="Set Variable" owner="BuiltIn">
<msg time="2024-05-20T14:13:42.120816" level="INFO">${json_data} = {'results': [{'gender': 'male', 'name': {'title': 'Mr', 'first': 'Upkaar', 'last': 'Babu'}, 'location': {'street': {'number': 205, 'name': 'Santhekatte'}, 'city': 'Rajpur Sonarpur', 'state': 'Sikkim',...</msg>
<var>${json_data}</var>
<arg>${response.json()}</arg>
<doc>Returns the given values which can then be assigned to a variables.</doc>
<status status="PASS" start="2024-05-20T14:13:42.120241" elapsed="0.000610"/>
</kw>
<kw name="Set Variable" owner="BuiltIn">
<msg time="2024-05-20T14:13:42.121581" level="INFO">${name_title} = Mr</msg>
<var>${name_title}</var>
<arg>${json_data["results"][0]["name"]["title"]}</arg>
<doc>Returns the given values which can then be assigned to a variables.</doc>
<status status="PASS" start="2024-05-20T14:13:42.121184" elapsed="0.000422"/>
</kw>
<kw name="Create List" owner="BuiltIn">
<msg time="2024-05-20T14:13:42.122064" level="INFO">${allowed_titles} = ['Mr', 'Ms', 'Miss', 'Mrs', 'Madame', 'Monsieur']</msg>
<var>${allowed_titles}</var>
<arg>Mr</arg>
<arg>Ms</arg>
<arg>Miss</arg>
<arg>Mrs</arg>
<arg>Madame</arg>
<arg>Monsieur</arg>
<doc>Returns a list containing given items.</doc>
<status status="PASS" start="2024-05-20T14:13:42.121915" elapsed="0.000175"/>
</kw>
<kw name="List Should Contain Value" owner="Collections">
<msg time="2024-05-20T14:13:42.122619" level="INFO">False</msg>
<arg>${allowed_titles}</arg>
<arg>${name_title}</arg>
<doc>Fails if the ``value`` is not found from ``list``.</doc>
<status status="PASS" start="2024-05-20T14:13:42.122390" elapsed="0.000270"/>
</kw>
<kw name="Set Variable" owner="BuiltIn">
<msg time="2024-05-20T14:13:42.123345" level="INFO">${name_country} = IN</msg>
<var>${name_country}</var>
<arg>${json_data["results"][0]["nat"]}</arg>
<doc>Returns the given values which can then be assigned to a variables.</doc>
<status status="PASS" start="2024-05-20T14:13:42.122961" elapsed="0.000410"/>
</kw>
<kw name="Create List" owner="BuiltIn">
<msg time="2024-05-20T14:13:42.124274" level="INFO">${list_country} = ['AD', 'AE', 'AF', 'AG', 'AI', 'AL', 'AM', 'AO', 'AQ', 'AR', 'AS', 'AT', 'AU', 'AW', 'AX', 'AZ', 'BA', 'BB', 'BD', 'BE', 'BF', 'BG', 'BH', 'BI', 'BJ', 'BL', 'BM', 'BN', 'BO', 'BQ', 'BR', 'BS', 'BT', '...</msg>
<var>${list_country}</var>
<arg>AD</arg>
<arg>AE</arg>
<arg>AF</arg>
<arg>AG</arg>
<arg>AI</arg>
<arg>AL</arg>
<arg>AM</arg>
<arg>AO</arg>
<arg>AQ</arg>
<arg>AR</arg>
<arg>AS</arg>
<arg>AT</arg>
<arg>AU</arg>
<arg>AW</arg>
<arg>AX</arg>
<arg>AZ</arg>
<arg>BA</arg>
<arg>BB</arg>
<arg>BD</arg>
<arg>BE</arg>
<arg>BF</arg>
<arg>BG</arg>
<arg>BH</arg>
<arg>BI</arg>
<arg>BJ</arg>
<arg>BL</arg>
<arg>BM</arg>
<arg>BN</arg>
<arg>BO</arg>
<arg>BQ</arg>
<arg>BR</arg>
<arg>BS</arg>
<arg>BT</arg>
<arg>BV</arg>
<arg>BW</arg>
<arg>BY</arg>
<arg>BZ</arg>
<arg>CA</arg>
<arg>CC</arg>
<arg>CD</arg>
<arg>CF</arg>
<arg>CG</arg>
<arg>CH</arg>
<arg>CI</arg>
<arg>CK</arg>
<arg>CL</arg>
<arg>CM</arg>
<arg>CN</arg>
<arg>CO</arg>
<arg>CR</arg>
<arg>CU</arg>
<arg>CV</arg>
<arg>CW</arg>
<arg>CX</arg>
<arg>CY</arg>
<arg>CZ</arg>
<arg>DE</arg>
<arg>DJ</arg>
<arg>DK</arg>
<arg>DM</arg>
<arg>DO</arg>
<arg>DZ</arg>
<arg>EC</arg>
<arg>EE</arg>
<arg>EG</arg>
<arg>EH</arg>
<arg>ER</arg>
<arg>ES</arg>
<arg>ET</arg>
<arg>FI</arg>
<arg>FJ</arg>
<arg>FK</arg>
<arg>FM</arg>
<arg>FO</arg>
<arg>FR</arg>
<arg>GA</arg>
<arg>GB</arg>
<arg>GD</arg>
<arg>GE</arg>
<arg>GF</arg>
<arg>GG</arg>
<arg>GH</arg>
<arg>GI</arg>
<arg>GL</arg>
<arg>GM</arg>
<arg>GN</arg>
<arg>GP</arg>
<arg>GQ</arg>
<arg>GR</arg>
<arg>GS</arg>
<arg>GT</arg>
<arg>GU</arg>
<arg>GW</arg>
<arg>GY</arg>
<arg>HK</arg>
<arg>HM</arg>
<arg>HN</arg>
<arg>HR</arg>
<arg>HT</arg>
<arg>HU</arg>
<arg>ID</arg>
<arg>IE</arg>
<arg>IL</arg>
<arg>IM</arg>
<arg>IN</arg>
<arg>IO</arg>
<arg>IQ</arg>
<arg>IR</arg>
<arg>IS</arg>
<arg>IT</arg>
<arg>JE</arg>
<arg>JM</arg>
<arg>JO</arg>
<arg>JP</arg>
<arg>KE</arg>
<arg>KG</arg>
<arg>KH</arg>
<arg>KI</arg>
<arg>KM</arg>
<arg>KN</arg>
<arg>KP</arg>
<arg>KR</arg>
<arg>KW</arg>
<arg>KY</arg>
<arg>KZ</arg>
<arg>LA</arg>
<arg>LB</arg>
<arg>LC</arg>
<arg>LI</arg>
<arg>LK</arg>
<arg>LR</arg>
<arg>LS</arg>
<arg>LT</arg>
<arg>LU</arg>
<arg>LV</arg>
<arg>LY</arg>
<arg>MA</arg>
<arg>MC</arg>
<arg>MD</arg>
<arg>ME</arg>
<arg>MF</arg>
<arg>MG</arg>
<arg>MH</arg>
<arg>MK</arg>
<arg>ML</arg>
<arg>MM</arg>
<arg>MN</arg>
<arg>MO</arg>
<arg>MP</arg>
<arg>MQ</arg>
<arg>MR</arg>
<arg>MS</arg>
<arg>MT</arg>
<arg>MU</arg>
<arg>MV</arg>
<arg>MW</arg>
<arg>MX</arg>
<arg>MY</arg>
<arg>MZ</arg>
<arg>NA</arg>
<arg>NC</arg>
<arg>NE</arg>
<arg>NF</arg>
<arg>NG</arg>
<arg>NI</arg>
<arg>NL</arg>
<arg>NO</arg>
<arg>NP</arg>
<arg>NR</arg>
<arg>NU</arg>
<arg>NZ</arg>
<arg>OM</arg>
<arg>PA</arg>
<arg>PE</arg>
<arg>PF</arg>
<arg>PG</arg>
<arg>PH</arg>
<arg>PK</arg>
<arg>PL</arg>
<arg>PM</arg>
<arg>PN</arg>
<arg>PR</arg>
<arg>PS</arg>
<arg>PT</arg>
<arg>PW</arg>
<arg>PY</arg>
<arg>QA</arg>
<arg>RE</arg>
<arg>RO</arg>
<arg>RS</arg>
<arg>RU</arg>
<arg>RW</arg>
<arg>SA</arg>
<arg>SB</arg>
<arg>SC</arg>
<arg>SD</arg>
<arg>SE</arg>
<arg>SG</arg>
<arg>SH</arg>
<arg>SI</arg>
<arg>SJ</arg>
<arg>SK</arg>
<arg>SL</arg>
<arg>SM</arg>
<arg>SN</arg>
<arg>SO</arg>
<arg>SR</arg>
<arg>SS</arg>
<arg>ST</arg>
<arg>SV</arg>
<arg>SX</arg>
<arg>SY</arg>
<arg>SZ</arg>
<arg>TC</arg>
<arg>TD</arg>
<arg>TF</arg>
<arg>TG</arg>
<arg>TH</arg>
<arg>TJ</arg>
<arg>TK</arg>
<arg>TL</arg>
<arg>TM</arg>
<arg>TN</arg>
<arg>TO</arg>
<arg>TR</arg>
<arg>TT</arg>
<arg>TV</arg>
<arg>TW</arg>
<arg>TZ</arg>
<arg>UA</arg>
<arg>UG</arg>
<arg>UM</arg>
<arg>US</arg>
<arg>UY</arg>
<arg>UZ</arg>
<arg>VA</arg>
<arg>VC</arg>
<arg>VE</arg>
<arg>VG</arg>
<arg>VI</arg>
<arg>VN</arg>
<arg>VU</arg>
<arg>WF</arg>
<arg>WS</arg>
<arg>XK</arg>
<arg>YE</arg>
<arg>YT</arg>
<arg>ZA</arg>
<arg>ZM</arg>
<arg>ZW</arg>
<doc>Returns a list containing given items.</doc>
<status status="PASS" start="2024-05-20T14:13:42.123673" elapsed="0.000627"/>
</kw>
<kw name="List Should Contain Value" owner="Collections">
<msg time="2024-05-20T14:13:42.125292" level="INFO">False</msg>
<arg>${list_country}</arg>
<arg>${name_country}</arg>
<doc>Fails if the ``value`` is not found from ``list``.</doc>
<status status="PASS" start="2024-05-20T14:13:42.125089" elapsed="0.000240"/>
</kw>
<kw name="Run Keyword If" owner="BuiltIn">
<kw name="Should Be True" owner="BuiltIn">
<arg>${True}</arg>
<doc>Fails if the given condition is not true.</doc>
<status status="PASS" start="2024-05-20T14:13:42.126408" elapsed="0.000297"/>
</kw>
<arg>${json_data["results"][0]["location"]["coordinates"]["latitude"]} &gt;= -90 and ${json_data["results"][0]["location"]["coordinates"]["latitude"]} &lt;= 90</arg>
<arg>Should Be True</arg>
<arg>${True}</arg>
<doc>Runs the given keyword with the given arguments, if ``condition`` is true.</doc>
<status status="PASS" start="2024-05-20T14:13:42.125642" elapsed="0.001197"/>
</kw>
<kw name="Run Keyword If" owner="BuiltIn">
<kw name="Should Be True" owner="BuiltIn">
<arg>${True}</arg>
<doc>Fails if the given condition is not true.</doc>
<status status="PASS" start="2024-05-20T14:13:42.127729" elapsed="0.000139"/>
</kw>
<arg>${json_data["results"][0]["location"]["coordinates"]["longitude"]} &gt;= -180 and ${json_data["results"][0]["location"]["coordinates"]["longitude"]} &lt;= 180</arg>
<arg>Should Be True</arg>
<arg>${True}</arg>
<doc>Runs the given keyword with the given arguments, if ``condition`` is true.</doc>
<status status="PASS" start="2024-05-20T14:13:42.127025" elapsed="0.000967"/>
</kw>
<status status="PASS" start="2024-05-20T14:13:42.033933" elapsed="0.094194"/>
</kw>
<doc>Testa o conteúdo específico dos campos retornados pela API.</doc>
<tag>testeConteudo</tag>
<status status="PASS" start="2024-05-20T14:13:42.033383" elapsed="0.094897"/>
</test>
<status status="PASS" start="2024-05-20T14:13:41.125104" elapsed="1.005119"/>
</suite>
<status status="PASS" start="2024-05-20T14:13:41.111020" elapsed="1.024470"/>
</suite>
<statistics>
<total>
<stat pass="5" fail="0" skip="0">All Tests</stat>
</total>
<tag>
<stat pass="1" fail="0" skip="0">testeConteudo</stat>
<stat pass="1" fail="0" skip="0">testeEstruturaResposta</stat>
<stat pass="1" fail="0" skip="0">testeRequisicaoBasica</stat>
<stat pass="1" fail="0" skip="0">testeTiposDados</stat>
</tag>
<suite>
<stat pass="5" fail="0" skip="0" id="s1" name="Tests">Tests</stat>
<stat pass="5" fail="0" skip="0" id="s1-s1" name="Random-User-Test">Tests.Random-User-Test</stat>
</suite>
</statistics>
<errors>
</errors>
</robot>
