<?xml version="1.0" encoding="UTF-8"?>
<robot generator="Robot 7.0 (Python 3.12.2 on linux)" generated="2024-03-30T01:44:16.807564" rpa="false" schemaversion="5">
<suite id="s1" name="Tests" source="/home/runner/work/DesafioQAItauRogerioJordao/DesafioQAItauRogerioJordao/RamdonUser/tests">
<suite id="s1-s1" name="Random-User-Test" source="/home/runner/work/DesafioQAItauRogerioJordao/DesafioQAItauRogerioJordao/RamdonUser/tests/random-user-test.robot">
<test id="s1-s1-t1" name="Conectar" line="13">
<kw name="Conectar API" owner="random-user-service">
<kw name="Create Session" owner="RequestsLibrary">
<msg time="2024-03-30T01:44:17.164955" level="INFO">Creating Session using : alias=consultarAPI, url=https://randomuser.me/, headers={},                     cookies={}, auth=None, timeout=None, proxies=None, verify=False,                     debug=0 </msg>
<arg>consultarAPI</arg>
<arg>${URL}</arg>
<doc>Create Session: create a HTTP session to a server</doc>
<status status="PASS" start="2024-03-30T01:44:17.164756" elapsed="0.000370"/>
</kw>
<status status="PASS" start="2024-03-30T01:44:17.163731" elapsed="0.001797"/>
</kw>
<status status="PASS" start="2024-03-30T01:44:17.163197" elapsed="0.002533"/>
</test>
<test id="s1-s1-t2" name="Validar retorno 200 e JSON Válido" line="16">
<kw name="Teste de Requisicao Basica" owner="random-user-service">
<kw name="GET On Session" owner="RequestsLibrary">
<msg time="2024-03-30T01:44:17.243191" level="INFO">GET Request : url=https://randomuser.me/api 
 path_url=/api 
 headers={'User-Agent': 'python-requests/2.31.0', 'Accept-Encoding': 'gzip, deflate', 'Accept': '*/*', 'Connection': 'keep-alive'} 
 body=None 
 </msg>
<msg time="2024-03-30T01:44:17.243329" level="INFO">GET Response : url=https://randomuser.me/api 
 status=200, reason=OK 
 headers={'Date': 'Sat, 30 Mar 2024 01:44:17 GMT', 'Content-Type': 'application/json; charset=utf-8', 'Transfer-Encoding': 'chunked', 'Connection': 'keep-alive', 'X-Powered-By': 'Express', 'Access-Control-Allow-Origin': '*', 'Cache-Control': 'no-cache', 'ETag': 'W/"480-/8ZLm/q9+H18OIROrZFBlQV++bU"', 'Vary': 'Accept-Encoding', 'Content-Encoding': 'gzip', 'CF-Cache-Status': 'DYNAMIC', 'Report-To': '{"endpoints":[{"url":"https:\\/\\/a.nel.cloudflare.com\\/report\\/v4?s=Hiz1aRN2BxeIk%2F3AiHFcb0m%2BSHxis2aSf0lbUyu%2B3jQVaAOyY8tjz8ejL1ceTHaEByAIsnPfrMy%2BtA5jlMNfxawIytp0E3yfDhKxFiWLtifabit1zuOM7LplLlCed%2BVX"}],"group":"cf-nel","max_age":604800}', 'NEL': '{"success_fraction":0,"report_to":"cf-nel","max_age":604800}', 'Server': 'cloudflare', 'CF-RAY': '86c469e39d456906-IAD', 'alt-svc': 'h3=":443"; ma=86400'} 
 body={"results":[{"gender":"female","name":{"title":"Ms","first":"Gonca","last":"Samancı"},"location":{"street":{"number":736,"name":"Doktorlar Cd"},"city":"Zonguldak","state":"Tunceli","country":"Turkey","postcode":75956,"coordinates":{"latitude":"69.0745","longitude":"116.0299"},"timezone":{"offset":"-8:00","description":"Pacific Time (US &amp; Canada)"}},"email":"gonca.samanci@example.com","login":{"uuid":"7bf212dc-b211-4a59-a797-faefe9305bb5","username":"heavyzebra674","password":"mordor","salt":"lgfQvJhD","md5":"9e92de75e09a0400e6dc7e206e6b055a","sha1":"004076f0b9b32771fe1d6e84f9f639fdbe6d37cf","sha256":"9b65e02846265915c63c2ad07a26b6b7ddad86b05cf4db92c27af45f9e73c592"},"dob":{"date":"1996-01-27T22:07:14.146Z","age":28},"registered":{"date":"2021-04-19T17:48:42.674Z","age":2},"phone":"(520)-366-3198","cell":"(131)-052-1014","id":{"name":"","value":null},"picture":{"large":"https://randomuser.me/api/portraits/women/87.jpg","medium":"https://randomuser.me/api/portraits/med/women/87.jpg","thumbnail":"https://randomuser.me/api/portraits/thumb/women/87.jpg"},"nat":"TR"}],"info":{"seed":"36d749c2db49ca93","results":1,"page":1,"version":"1.4"}} 
 </msg>
<msg time="2024-03-30T01:44:17.243444" level="INFO">/opt/hostedtoolcache/Python/3.12.2/x64/lib/python3.12/site-packages/urllib3/connectionpool.py:1103: InsecureRequestWarning: Unverified HTTPS request is being made to host 'randomuser.me'. Adding certificate verification is strongly advised. See: https://urllib3.readthedocs.io/en/latest/advanced-usage.html#tls-warnings
  warnings.warn(</msg>
<msg time="2024-03-30T01:44:17.243597" level="INFO">${response} = &lt;Response [200]&gt;</msg>
<var>${response}</var>
<arg>consultarAPI</arg>
<arg>/api</arg>
<doc>Sends a GET request on a previously created HTTP Session.</doc>
<status status="PASS" start="2024-03-30T01:44:17.168302" elapsed="0.075335"/>
</kw>
<kw name="Should Be Equal As Numbers" owner="BuiltIn">
<msg time="2024-03-30T01:44:17.244564" level="INFO">Argument types are:
&lt;class 'int'&gt;
&lt;class 'str'&gt;</msg>
<arg>${response.status_code}</arg>
<arg>200</arg>
<doc>Fails if objects are unequal after converting them to real numbers.</doc>
<status status="PASS" start="2024-03-30T01:44:17.244115" elapsed="0.000517"/>
</kw>
<kw name="Log" owner="BuiltIn">
<msg time="2024-03-30T01:44:17.245350" level="INFO">200</msg>
<arg>${response.status_code}</arg>
<doc>Logs the given message with the given level.</doc>
<status status="PASS" start="2024-03-30T01:44:17.244954" elapsed="0.000440"/>
</kw>
<kw name="Set Variable" owner="BuiltIn">
<msg time="2024-03-30T01:44:17.246171" level="INFO">${json_data} = {'results': [{'gender': 'female', 'name': {'title': 'Ms', 'first': 'Gonca', 'last': 'Samancı'}, 'location': {'street': {'number': 736, 'name': 'Doktorlar Cd'}, 'city': 'Zonguldak', 'state': 'Tunceli',...</msg>
<var>${json_data}</var>
<arg>${response.json()}</arg>
<doc>Returns the given values which can then be assigned to a variables.</doc>
<status status="PASS" start="2024-03-30T01:44:17.245716" elapsed="0.000486"/>
</kw>
<kw name="Dictionary Should Contain Key" owner="Collections">
<msg time="2024-03-30T01:44:17.246688" level="INFO">False</msg>
<arg>${json_data}</arg>
<arg>results</arg>
<doc>Fails if ``key`` is not found from ``dictionary``.</doc>
<status status="PASS" start="2024-03-30T01:44:17.246521" elapsed="0.000207"/>
</kw>
<status status="PASS" start="2024-03-30T01:44:17.168053" elapsed="0.078940"/>
</kw>
<doc>Testa se a API responde corretamente e retorna um objeto JSON válido.</doc>
<tag>testeRequisicaoBasica</tag>
<status status="PASS" start="2024-03-30T01:44:17.167584" elapsed="0.079619"/>
</test>
<test id="s1-s1-t3" name="Validar estrutura de resposta" line="22">
<kw name="Teste de Estrutura de Resposta" owner="random-user-service">
<kw name="GET On Session" owner="RequestsLibrary">
<msg time="2024-03-30T01:44:17.343125" level="INFO">GET Request : url=https://randomuser.me/api 
 path_url=/api 
 headers={'User-Agent': 'python-requests/2.31.0', 'Accept-Encoding': 'gzip, deflate', 'Accept': '*/*', 'Connection': 'keep-alive'} 
 body=None 
 </msg>
<msg time="2024-03-30T01:44:17.343219" level="INFO">GET Response : url=https://randomuser.me/api 
 status=200, reason=OK 
 headers={'Date': 'Sat, 30 Mar 2024 01:44:17 GMT', 'Content-Type': 'application/json; charset=utf-8', 'Transfer-Encoding': 'chunked', 'Connection': 'keep-alive', 'X-Powered-By': 'Express', 'Access-Control-Allow-Origin': '*', 'Cache-Control': 'no-cache', 'ETag': 'W/"477-fIP/CNkbZ1PjvBpUFH9Sg6Bhyxc"', 'Vary': 'Accept-Encoding', 'Content-Encoding': 'gzip', 'CF-Cache-Status': 'DYNAMIC', 'Report-To': '{"endpoints":[{"url":"https:\\/\\/a.nel.cloudflare.com\\/report\\/v4?s=dlO0AzkGiCK1ebE64vludhrJ2jebj7SQ95nK0B1lZiCNLjdmzhNBIjOzM0LBkuWaL1IWpmyv50Yry9T1D1ttRX8xskxLat%2FK4be6X0%2F9l10zVadbs5e7r0I94mwBTLjr"}],"group":"cf-nel","max_age":604800}', 'NEL': '{"success_fraction":0,"report_to":"cf-nel","max_age":604800}', 'Server': 'cloudflare', 'CF-RAY': '86c469e3dd8b6906-IAD', 'alt-svc': 'h3=":443"; ma=86400'} 
 body={"results":[{"gender":"male","name":{"title":"Mr","first":"Simon","last":"Hubert"},"location":{"street":{"number":4650,"name":"Rue de Gerland"},"city":"Orléans","state":"Isère","country":"France","postcode":49555,"coordinates":{"latitude":"-14.4667","longitude":"-146.7412"},"timezone":{"offset":"-9:00","description":"Alaska"}},"email":"simon.hubert@example.com","login":{"uuid":"d7178a87-4980-4199-8e13-75f936376653","username":"bigelephant510","password":"trout","salt":"qKIdeLKF","md5":"22e97cc182e469f6fd6a6e8f97d3e0bf","sha1":"4db411032dff5795f02506de4135c3bd32ca9eed","sha256":"6218808a3bcef1c8e91923525905f3ff1021e66ad7bcea3565de647de4075589"},"dob":{"date":"1965-06-16T21:26:42.683Z","age":58},"registered":{"date":"2021-04-15T16:41:02.015Z","age":2},"phone":"02-32-44-33-23","cell":"06-93-55-15-55","id":{"name":"INSEE","value":"1650524931063 20"},"picture":{"large":"https://randomuser.me/api/portraits/men/58.jpg","medium":"https://randomuser.me/api/portraits/med/men/58.jpg","thumbnail":"https://randomuser.me/api/portraits/thumb/men/58.jpg"},"nat":"FR"}],"info":{"seed":"1f061a2a8e282c80","results":1,"page":1,"version":"1.4"}} 
 </msg>
<msg time="2024-03-30T01:44:17.343364" level="INFO">/opt/hostedtoolcache/Python/3.12.2/x64/lib/python3.12/site-packages/urllib3/connectionpool.py:1103: InsecureRequestWarning: Unverified HTTPS request is being made to host 'randomuser.me'. Adding certificate verification is strongly advised. See: https://urllib3.readthedocs.io/en/latest/advanced-usage.html#tls-warnings
  warnings.warn(</msg>
<msg time="2024-03-30T01:44:17.343519" level="INFO">${response} = &lt;Response [200]&gt;</msg>
<var>${response}</var>
<arg>consultarAPI</arg>
<arg>/api</arg>
<doc>Sends a GET request on a previously created HTTP Session.</doc>
<status status="PASS" start="2024-03-30T01:44:17.249976" elapsed="0.093596"/>
</kw>
<kw name="Set Variable" owner="BuiltIn">
<msg time="2024-03-30T01:44:17.344589" level="INFO">${json_data} = {'results': [{'gender': 'male', 'name': {'title': 'Mr', 'first': 'Simon', 'last': 'Hubert'}, 'location': {'street': {'number': 4650, 'name': 'Rue de Gerland'}, 'city': 'Orléans', 'state': 'Isère', 'co...</msg>
<var>${json_data}</var>
<arg>${response.json()}</arg>
<doc>Returns the given values which can then be assigned to a variables.</doc>
<status status="PASS" start="2024-03-30T01:44:17.344058" elapsed="0.000562"/>
</kw>
<kw name="Log" owner="BuiltIn">
<msg time="2024-03-30T01:44:17.345100" level="INFO">{'results': [{'gender': 'male', 'name': {'title': 'Mr', 'first': 'Simon', 'last': 'Hubert'}, 'location': {'street': {'number': 4650, 'name': 'Rue de Gerland'}, 'city': 'Orléans', 'state': 'Isère', 'country': 'France', 'postcode': 49555, 'coordinates': {'latitude': '-14.4667', 'longitude': '-146.7412'}, 'timezone': {'offset': '-9:00', 'description': 'Alaska'}}, 'email': 'simon.hubert@example.com', 'login': {'uuid': 'd7178a87-4980-4199-8e13-75f936376653', 'username': 'bigelephant510', 'password': 'trout', 'salt': 'qKIdeLKF', 'md5': '22e97cc182e469f6fd6a6e8f97d3e0bf', 'sha1': '4db411032dff5795f02506de4135c3bd32ca9eed', 'sha256': '6218808a3bcef1c8e91923525905f3ff1021e66ad7bcea3565de647de4075589'}, 'dob': {'date': '1965-06-16T21:26:42.683Z', 'age': 58}, 'registered': {'date': '2021-04-15T16:41:02.015Z', 'age': 2}, 'phone': '02-32-44-33-23', 'cell': '06-93-55-15-55', 'id': {'name': 'INSEE', 'value': '1650524931063 20'}, 'picture': {'large': 'https://randomuser.me/api/portraits/men/58.jpg', 'medium': 'https://randomuser.me/api/portraits/med/men/58.jpg', 'thumbnail': 'https://randomuser.me/api/portraits/thumb/men/58.jpg'}, 'nat': 'FR'}], 'info': {'seed': '1f061a2a8e282c80', 'results': 1, 'page': 1, 'version': '1.4'}}</msg>
<arg>${json_data}</arg>
<doc>Logs the given message with the given level.</doc>
<status status="PASS" start="2024-03-30T01:44:17.344936" elapsed="0.000246"/>
</kw>
<kw name="Dictionary Should Contain Key" owner="Collections">
<msg time="2024-03-30T01:44:17.345648" level="INFO">False</msg>
<arg>${json_data}</arg>
<arg>results</arg>
<doc>Fails if ``key`` is not found from ``dictionary``.</doc>
<status status="PASS" start="2024-03-30T01:44:17.345492" elapsed="0.000196"/>
</kw>
<kw name="Should Not Be Empty" owner="BuiltIn">
<msg time="2024-03-30T01:44:17.346127" level="INFO">Length is 2.</msg>
<arg>${json_data}</arg>
<doc>Verifies that the given item is not empty.</doc>
<status status="PASS" start="2024-03-30T01:44:17.345991" elapsed="0.000177"/>
</kw>
<kw name="Create List" owner="BuiltIn">
<msg time="2024-03-30T01:44:17.346616" level="INFO">${expected_keys} = ['gender', 'name', 'location', 'email', 'login']</msg>
<var>${expected_keys}</var>
<arg>gender</arg>
<arg>name</arg>
<arg>location</arg>
<arg>email</arg>
<arg>login</arg>
<doc>Returns a list containing given items.</doc>
<status status="PASS" start="2024-03-30T01:44:17.346460" elapsed="0.000181"/>
</kw>
<for flavor="IN">
<iter>
<kw name="Dictionary Should Contain Key" owner="Collections">
<msg time="2024-03-30T01:44:17.347629" level="INFO">False</msg>
<arg>${json_data['results'][0]}</arg>
<arg>${key}</arg>
<doc>Fails if ``key`` is not found from ``dictionary``.</doc>
<status status="PASS" start="2024-03-30T01:44:17.347225" elapsed="0.000444"/>
</kw>
<kw name="Log" owner="BuiltIn">
<msg time="2024-03-30T01:44:17.348358" level="INFO">{'gender': 'male', 'name': {'title': 'Mr', 'first': 'Simon', 'last': 'Hubert'}, 'location': {'street': {'number': 4650, 'name': 'Rue de Gerland'}, 'city': 'Orléans', 'state': 'Isère', 'country': 'France', 'postcode': 49555, 'coordinates': {'latitude': '-14.4667', 'longitude': '-146.7412'}, 'timezone': {'offset': '-9:00', 'description': 'Alaska'}}, 'email': 'simon.hubert@example.com', 'login': {'uuid': 'd7178a87-4980-4199-8e13-75f936376653', 'username': 'bigelephant510', 'password': 'trout', 'salt': 'qKIdeLKF', 'md5': '22e97cc182e469f6fd6a6e8f97d3e0bf', 'sha1': '4db411032dff5795f02506de4135c3bd32ca9eed', 'sha256': '6218808a3bcef1c8e91923525905f3ff1021e66ad7bcea3565de647de4075589'}, 'dob': {'date': '1965-06-16T21:26:42.683Z', 'age': 58}, 'registered': {'date': '2021-04-15T16:41:02.015Z', 'age': 2}, 'phone': '02-32-44-33-23', 'cell': '06-93-55-15-55', 'id': {'name': 'INSEE', 'value': '1650524931063 20'}, 'picture': {'large': 'https://randomuser.me/api/portraits/men/58.jpg', 'medium': 'https://randomuser.me/api/portraits/med/men/58.jpg', 'thumbnail': 'https://randomuser.me/api/portraits/thumb/men/58.jpg'}, 'nat': 'FR'}</msg>
<arg>${json_data['results'][0]}</arg>
<doc>Logs the given message with the given level.</doc>
<status status="PASS" start="2024-03-30T01:44:17.347979" elapsed="0.000436"/>
</kw>
<kw name="Log" owner="BuiltIn">
<msg time="2024-03-30T01:44:17.348876" level="INFO">gender</msg>
<arg>${key}</arg>
<doc>Logs the given message with the given level.</doc>
<status status="PASS" start="2024-03-30T01:44:17.348731" elapsed="0.000185"/>
</kw>
<var name="${key}">gender</var>
<status status="PASS" start="2024-03-30T01:44:17.347098" elapsed="0.002065"/>
</iter>
<iter>
<kw name="Dictionary Should Contain Key" owner="Collections">
<msg time="2024-03-30T01:44:17.349857" level="INFO">False</msg>
<arg>${json_data['results'][0]}</arg>
<arg>${key}</arg>
<doc>Fails if ``key`` is not found from ``dictionary``.</doc>
<status status="PASS" start="2024-03-30T01:44:17.349476" elapsed="0.000420"/>
</kw>
<kw name="Log" owner="BuiltIn">
<msg time="2024-03-30T01:44:17.350610" level="INFO">{'gender': 'male', 'name': {'title': 'Mr', 'first': 'Simon', 'last': 'Hubert'}, 'location': {'street': {'number': 4650, 'name': 'Rue de Gerland'}, 'city': 'Orléans', 'state': 'Isère', 'country': 'France', 'postcode': 49555, 'coordinates': {'latitude': '-14.4667', 'longitude': '-146.7412'}, 'timezone': {'offset': '-9:00', 'description': 'Alaska'}}, 'email': 'simon.hubert@example.com', 'login': {'uuid': 'd7178a87-4980-4199-8e13-75f936376653', 'username': 'bigelephant510', 'password': 'trout', 'salt': 'qKIdeLKF', 'md5': '22e97cc182e469f6fd6a6e8f97d3e0bf', 'sha1': '4db411032dff5795f02506de4135c3bd32ca9eed', 'sha256': '6218808a3bcef1c8e91923525905f3ff1021e66ad7bcea3565de647de4075589'}, 'dob': {'date': '1965-06-16T21:26:42.683Z', 'age': 58}, 'registered': {'date': '2021-04-15T16:41:02.015Z', 'age': 2}, 'phone': '02-32-44-33-23', 'cell': '06-93-55-15-55', 'id': {'name': 'INSEE', 'value': '1650524931063 20'}, 'picture': {'large': 'https://randomuser.me/api/portraits/men/58.jpg', 'medium': 'https://randomuser.me/api/portraits/med/men/58.jpg', 'thumbnail': 'https://randomuser.me/api/portraits/thumb/men/58.jpg'}, 'nat': 'FR'}</msg>
<arg>${json_data['results'][0]}</arg>
<doc>Logs the given message with the given level.</doc>
<status status="PASS" start="2024-03-30T01:44:17.350230" elapsed="0.000431"/>
</kw>
<kw name="Log" owner="BuiltIn">
<msg time="2024-03-30T01:44:17.351105" level="INFO">name</msg>
<arg>${key}</arg>
<doc>Logs the given message with the given level.</doc>
<status status="PASS" start="2024-03-30T01:44:17.350976" elapsed="0.000169"/>
</kw>
<var name="${key}">name</var>
<status status="PASS" start="2024-03-30T01:44:17.349360" elapsed="0.002022"/>
</iter>
<iter>
<kw name="Dictionary Should Contain Key" owner="Collections">
<msg time="2024-03-30T01:44:17.352064" level="INFO">False</msg>
<arg>${json_data['results'][0]}</arg>
<arg>${key}</arg>
<doc>Fails if ``key`` is not found from ``dictionary``.</doc>
<status status="PASS" start="2024-03-30T01:44:17.351677" elapsed="0.000426"/>
</kw>
<kw name="Log" owner="BuiltIn">
<msg time="2024-03-30T01:44:17.352771" level="INFO">{'gender': 'male', 'name': {'title': 'Mr', 'first': 'Simon', 'last': 'Hubert'}, 'location': {'street': {'number': 4650, 'name': 'Rue de Gerland'}, 'city': 'Orléans', 'state': 'Isère', 'country': 'France', 'postcode': 49555, 'coordinates': {'latitude': '-14.4667', 'longitude': '-146.7412'}, 'timezone': {'offset': '-9:00', 'description': 'Alaska'}}, 'email': 'simon.hubert@example.com', 'login': {'uuid': 'd7178a87-4980-4199-8e13-75f936376653', 'username': 'bigelephant510', 'password': 'trout', 'salt': 'qKIdeLKF', 'md5': '22e97cc182e469f6fd6a6e8f97d3e0bf', 'sha1': '4db411032dff5795f02506de4135c3bd32ca9eed', 'sha256': '6218808a3bcef1c8e91923525905f3ff1021e66ad7bcea3565de647de4075589'}, 'dob': {'date': '1965-06-16T21:26:42.683Z', 'age': 58}, 'registered': {'date': '2021-04-15T16:41:02.015Z', 'age': 2}, 'phone': '02-32-44-33-23', 'cell': '06-93-55-15-55', 'id': {'name': 'INSEE', 'value': '1650524931063 20'}, 'picture': {'large': 'https://randomuser.me/api/portraits/men/58.jpg', 'medium': 'https://randomuser.me/api/portraits/med/men/58.jpg', 'thumbnail': 'https://randomuser.me/api/portraits/thumb/men/58.jpg'}, 'nat': 'FR'}</msg>
<arg>${json_data['results'][0]}</arg>
<doc>Logs the given message with the given level.</doc>
<status status="PASS" start="2024-03-30T01:44:17.352404" elapsed="0.000422"/>
</kw>
<kw name="Log" owner="BuiltIn">
<msg time="2024-03-30T01:44:17.353291" level="INFO">location</msg>
<arg>${key}</arg>
<doc>Logs the given message with the given level.</doc>
<status status="PASS" start="2024-03-30T01:44:17.353128" elapsed="0.000203"/>
</kw>
<var name="${key}">location</var>
<status status="PASS" start="2024-03-30T01:44:17.351565" elapsed="0.001988"/>
</iter>
<iter>
<kw name="Dictionary Should Contain Key" owner="Collections">
<msg time="2024-03-30T01:44:17.354216" level="INFO">False</msg>
<arg>${json_data['results'][0]}</arg>
<arg>${key}</arg>
<doc>Fails if ``key`` is not found from ``dictionary``.</doc>
<status status="PASS" start="2024-03-30T01:44:17.353840" elapsed="0.000414"/>
</kw>
<kw name="Log" owner="BuiltIn">
<msg time="2024-03-30T01:44:17.354935" level="INFO">{'gender': 'male', 'name': {'title': 'Mr', 'first': 'Simon', 'last': 'Hubert'}, 'location': {'street': {'number': 4650, 'name': 'Rue de Gerland'}, 'city': 'Orléans', 'state': 'Isère', 'country': 'France', 'postcode': 49555, 'coordinates': {'latitude': '-14.4667', 'longitude': '-146.7412'}, 'timezone': {'offset': '-9:00', 'description': 'Alaska'}}, 'email': 'simon.hubert@example.com', 'login': {'uuid': 'd7178a87-4980-4199-8e13-75f936376653', 'username': 'bigelephant510', 'password': 'trout', 'salt': 'qKIdeLKF', 'md5': '22e97cc182e469f6fd6a6e8f97d3e0bf', 'sha1': '4db411032dff5795f02506de4135c3bd32ca9eed', 'sha256': '6218808a3bcef1c8e91923525905f3ff1021e66ad7bcea3565de647de4075589'}, 'dob': {'date': '1965-06-16T21:26:42.683Z', 'age': 58}, 'registered': {'date': '2021-04-15T16:41:02.015Z', 'age': 2}, 'phone': '02-32-44-33-23', 'cell': '06-93-55-15-55', 'id': {'name': 'INSEE', 'value': '1650524931063 20'}, 'picture': {'large': 'https://randomuser.me/api/portraits/men/58.jpg', 'medium': 'https://randomuser.me/api/portraits/med/men/58.jpg', 'thumbnail': 'https://randomuser.me/api/portraits/thumb/men/58.jpg'}, 'nat': 'FR'}</msg>
<arg>${json_data['results'][0]}</arg>
<doc>Logs the given message with the given level.</doc>
<status status="PASS" start="2024-03-30T01:44:17.354557" elapsed="0.000428"/>
</kw>
<kw name="Log" owner="BuiltIn">
<msg time="2024-03-30T01:44:17.355413" level="INFO">email</msg>
<arg>${key}</arg>
<doc>Logs the given message with the given level.</doc>
<status status="PASS" start="2024-03-30T01:44:17.355286" elapsed="0.000164"/>
</kw>
<var name="${key}">email</var>
<status status="PASS" start="2024-03-30T01:44:17.353730" elapsed="0.001937"/>
</iter>
<iter>
<kw name="Dictionary Should Contain Key" owner="Collections">
<msg time="2024-03-30T01:44:17.356350" level="INFO">False</msg>
<arg>${json_data['results'][0]}</arg>
<arg>${key}</arg>
<doc>Fails if ``key`` is not found from ``dictionary``.</doc>
<status status="PASS" start="2024-03-30T01:44:17.355953" elapsed="0.000435"/>
</kw>
<kw name="Log" owner="BuiltIn">
<msg time="2024-03-30T01:44:17.357046" level="INFO">{'gender': 'male', 'name': {'title': 'Mr', 'first': 'Simon', 'last': 'Hubert'}, 'location': {'street': {'number': 4650, 'name': 'Rue de Gerland'}, 'city': 'Orléans', 'state': 'Isère', 'country': 'France', 'postcode': 49555, 'coordinates': {'latitude': '-14.4667', 'longitude': '-146.7412'}, 'timezone': {'offset': '-9:00', 'description': 'Alaska'}}, 'email': 'simon.hubert@example.com', 'login': {'uuid': 'd7178a87-4980-4199-8e13-75f936376653', 'username': 'bigelephant510', 'password': 'trout', 'salt': 'qKIdeLKF', 'md5': '22e97cc182e469f6fd6a6e8f97d3e0bf', 'sha1': '4db411032dff5795f02506de4135c3bd32ca9eed', 'sha256': '6218808a3bcef1c8e91923525905f3ff1021e66ad7bcea3565de647de4075589'}, 'dob': {'date': '1965-06-16T21:26:42.683Z', 'age': 58}, 'registered': {'date': '2021-04-15T16:41:02.015Z', 'age': 2}, 'phone': '02-32-44-33-23', 'cell': '06-93-55-15-55', 'id': {'name': 'INSEE', 'value': '1650524931063 20'}, 'picture': {'large': 'https://randomuser.me/api/portraits/men/58.jpg', 'medium': 'https://randomuser.me/api/portraits/med/men/58.jpg', 'thumbnail': 'https://randomuser.me/api/portraits/thumb/men/58.jpg'}, 'nat': 'FR'}</msg>
<arg>${json_data['results'][0]}</arg>
<doc>Logs the given message with the given level.</doc>
<status status="PASS" start="2024-03-30T01:44:17.356685" elapsed="0.000412"/>
</kw>
<kw name="Log" owner="BuiltIn">
<msg time="2024-03-30T01:44:17.357555" level="INFO">login</msg>
<arg>${key}</arg>
<doc>Logs the given message with the given level.</doc>
<status status="PASS" start="2024-03-30T01:44:17.357426" elapsed="0.000275"/>
</kw>
<var name="${key}">login</var>
<status status="PASS" start="2024-03-30T01:44:17.355842" elapsed="0.002091"/>
</iter>
<var>${key}</var>
<value>@{expected_keys}</value>
<status status="PASS" start="2024-03-30T01:44:17.346907" elapsed="0.011151"/>
</for>
<kw name="Create List" owner="BuiltIn">
<msg time="2024-03-30T01:44:17.358429" level="INFO">${expected_keysTwo} = ['username', 'password']</msg>
<var>${expected_keysTwo}</var>
<arg>username</arg>
<arg>password</arg>
<doc>Returns a list containing given items.</doc>
<status status="PASS" start="2024-03-30T01:44:17.358289" elapsed="0.000165"/>
</kw>
<for flavor="IN">
<iter>
<kw name="Dictionary Should Contain Key" owner="Collections">
<msg time="2024-03-30T01:44:17.359345" level="INFO">False</msg>
<arg>${json_data['results'][0]['login']}</arg>
<arg>${keyTwo}</arg>
<doc>Fails if ``key`` is not found from ``dictionary``.</doc>
<status status="PASS" start="2024-03-30T01:44:17.358963" elapsed="0.000421"/>
</kw>
<kw name="Dictionary Should Contain Key" owner="Collections">
<msg time="2024-03-30T01:44:17.360065" level="INFO">False</msg>
<arg>${json_data['results'][0]['login']}</arg>
<arg>${keyTwo}</arg>
<doc>Fails if ``key`` is not found from ``dictionary``.</doc>
<status status="PASS" start="2024-03-30T01:44:17.359686" elapsed="0.000418"/>
</kw>
<kw name="Log" owner="BuiltIn">
<msg time="2024-03-30T01:44:17.360533" level="INFO">username</msg>
<arg>${keyTwo}</arg>
<doc>Logs the given message with the given level.</doc>
<status status="PASS" start="2024-03-30T01:44:17.360403" elapsed="0.000168"/>
</kw>
<var name="${keyTwo}">username</var>
<status status="PASS" start="2024-03-30T01:44:17.358853" elapsed="0.001935"/>
</iter>
<iter>
<kw name="Dictionary Should Contain Key" owner="Collections">
<msg time="2024-03-30T01:44:17.361473" level="INFO">False</msg>
<arg>${json_data['results'][0]['login']}</arg>
<arg>${keyTwo}</arg>
<doc>Fails if ``key`` is not found from ``dictionary``.</doc>
<status status="PASS" start="2024-03-30T01:44:17.361072" elapsed="0.000439"/>
</kw>
<kw name="Dictionary Should Contain Key" owner="Collections">
<msg time="2024-03-30T01:44:17.362208" level="INFO">False</msg>
<arg>${json_data['results'][0]['login']}</arg>
<arg>${keyTwo}</arg>
<doc>Fails if ``key`` is not found from ``dictionary``.</doc>
<status status="PASS" start="2024-03-30T01:44:17.361818" elapsed="0.000428"/>
</kw>
<kw name="Log" owner="BuiltIn">
<msg time="2024-03-30T01:44:17.362671" level="INFO">password</msg>
<arg>${keyTwo}</arg>
<doc>Logs the given message with the given level.</doc>
<status status="PASS" start="2024-03-30T01:44:17.362542" elapsed="0.000168"/>
</kw>
<var name="${keyTwo}">password</var>
<status status="PASS" start="2024-03-30T01:44:17.360962" elapsed="0.001969"/>
</iter>
<var>${keyTwo}</var>
<value>@{expected_keysTwo}</value>
<status status="PASS" start="2024-03-30T01:44:17.358695" elapsed="0.004359"/>
</for>
<status status="PASS" start="2024-03-30T01:44:17.249739" elapsed="0.113464"/>
</kw>
<doc>Testa a estrutura da resposta da API.</doc>
<tag>testeEstruturaResposta</tag>
<status status="PASS" start="2024-03-30T01:44:17.249064" elapsed="0.114301"/>
</test>
<test id="s1-s1-t4" name="Validar tipos de dados" line="28">
<kw name="Teste de Tipos de Dados" owner="random-user-service">
<kw name="GET On Session" owner="RequestsLibrary">
<msg time="2024-03-30T01:44:17.437422" level="INFO">GET Request : url=https://randomuser.me/api 
 path_url=/api 
 headers={'User-Agent': 'python-requests/2.31.0', 'Accept-Encoding': 'gzip, deflate', 'Accept': '*/*', 'Connection': 'keep-alive'} 
 body=None 
 </msg>
<msg time="2024-03-30T01:44:17.437514" level="INFO">GET Response : url=https://randomuser.me/api 
 status=200, reason=OK 
 headers={'Date': 'Sat, 30 Mar 2024 01:44:17 GMT', 'Content-Type': 'application/json; charset=utf-8', 'Transfer-Encoding': 'chunked', 'Connection': 'keep-alive', 'X-Powered-By': 'Express', 'Access-Control-Allow-Origin': '*', 'Cache-Control': 'no-cache', 'ETag': 'W/"4ab-8lk6jlKvVaH12v3vA/CBjKZWL8g"', 'Vary': 'Accept-Encoding', 'Content-Encoding': 'gzip', 'CF-Cache-Status': 'DYNAMIC', 'Report-To': '{"endpoints":[{"url":"https:\\/\\/a.nel.cloudflare.com\\/report\\/v4?s=w6b2mw3RJzJymPUafCHkbssiZCr93zMGrxj7co5oXpZ%2F68NUJksy4gdXgPg3xwyTRhJYSCwCpY66XNg0DX4ldBgqW8vorSYRqumAN7cw3aHucnUwpma2l7yJUopJLkKN"}],"group":"cf-nel","max_age":604800}', 'NEL': '{"success_fraction":0,"report_to":"cf-nel","max_age":604800}', 'Server': 'cloudflare', 'CF-RAY': '86c469e49e6c6906-IAD', 'alt-svc': 'h3=":443"; ma=86400'} 
 body={"results":[{"gender":"male","name":{"title":"Mr","first":"Antonin","last":"Roche"},"location":{"street":{"number":2246,"name":"Rue Dugas-Montbel"},"city":"Aulnay-sous-Bois","state":"Hauts-de-Seine","country":"France","postcode":12023,"coordinates":{"latitude":"-18.8249","longitude":"-0.2484"},"timezone":{"offset":"+1:00","description":"Brussels, Copenhagen, Madrid, Paris"}},"email":"antonin.roche@example.com","login":{"uuid":"1e73d170-4a89-4b69-9977-456f6e79252c","username":"heavyladybug378","password":"marquis","salt":"sPFJSzKu","md5":"11cfc4fedabfb17f82d72f87e7016bd2","sha1":"db6414e3cfa74806e445b67eb4e2ed70e5272e4e","sha256":"c12f9c7a124c66310b091223e7bf8e004c7a1f028d3b98de63993949f511e45f"},"dob":{"date":"1963-10-12T22:31:09.660Z","age":60},"registered":{"date":"2009-12-16T01:41:28.501Z","age":14},"phone":"02-84-61-31-81","cell":"06-54-49-02-75","id":{"name":"INSEE","value":"1630947340263 19"},"picture":{"large":"https://randomuser.me/api/portraits/men/99.jpg","medium":"https://randomuser.me/api/portraits/med/men/99.jpg","thumbnail":"https://randomuser.me/api/portraits/thumb/men/99.jpg"},"nat":"FR"}],"info":{"seed":"5b6ce59f5ad71fdb","results":1,"page":1,"version":"1.4"}} 
 </msg>
<msg time="2024-03-30T01:44:17.437592" level="INFO">/opt/hostedtoolcache/Python/3.12.2/x64/lib/python3.12/site-packages/urllib3/connectionpool.py:1103: InsecureRequestWarning: Unverified HTTPS request is being made to host 'randomuser.me'. Adding certificate verification is strongly advised. See: https://urllib3.readthedocs.io/en/latest/advanced-usage.html#tls-warnings
  warnings.warn(</msg>
<msg time="2024-03-30T01:44:17.437740" level="INFO">${response} = &lt;Response [200]&gt;</msg>
<var>${response}</var>
<arg>consultarAPI</arg>
<arg>/api</arg>
<doc>Sends a GET request on a previously created HTTP Session.</doc>
<status status="PASS" start="2024-03-30T01:44:17.365856" elapsed="0.071944"/>
</kw>
<kw name="Set Variable" owner="BuiltIn">
<msg time="2024-03-30T01:44:17.438724" level="INFO">${json_data} = {'results': [{'gender': 'male', 'name': {'title': 'Mr', 'first': 'Antonin', 'last': 'Roche'}, 'location': {'street': {'number': 2246, 'name': 'Rue Dugas-Montbel'}, 'city': 'Aulnay-sous-Bois', 'state':...</msg>
<var>${json_data}</var>
<arg>${response.json()}</arg>
<doc>Returns the given values which can then be assigned to a variables.</doc>
<status status="PASS" start="2024-03-30T01:44:17.438248" elapsed="0.000504"/>
</kw>
<kw name="Log" owner="BuiltIn">
<msg time="2024-03-30T01:44:17.439223" level="INFO">{'results': [{'gender': 'male', 'name': {'title': 'Mr', 'first': 'Antonin', 'last': 'Roche'}, 'location': {'street': {'number': 2246, 'name': 'Rue Dugas-Montbel'}, 'city': 'Aulnay-sous-Bois', 'state': 'Hauts-de-Seine', 'country': 'France', 'postcode': 12023, 'coordinates': {'latitude': '-18.8249', 'longitude': '-0.2484'}, 'timezone': {'offset': '+1:00', 'description': 'Brussels, Copenhagen, Madrid, Paris'}}, 'email': 'antonin.roche@example.com', 'login': {'uuid': '1e73d170-4a89-4b69-9977-456f6e79252c', 'username': 'heavyladybug378', 'password': 'marquis', 'salt': 'sPFJSzKu', 'md5': '11cfc4fedabfb17f82d72f87e7016bd2', 'sha1': 'db6414e3cfa74806e445b67eb4e2ed70e5272e4e', 'sha256': 'c12f9c7a124c66310b091223e7bf8e004c7a1f028d3b98de63993949f511e45f'}, 'dob': {'date': '1963-10-12T22:31:09.660Z', 'age': 60}, 'registered': {'date': '2009-12-16T01:41:28.501Z', 'age': 14}, 'phone': '02-84-61-31-81', 'cell': '06-54-49-02-75', 'id': {'name': 'INSEE', 'value': '1630947340263 19'}, 'picture': {'large': 'https://randomuser.me/api/portraits/men/99.jpg', 'medium': 'https://randomuser.me/api/portraits/med/men/99.jpg', 'thumbnail': 'https://randomuser.me/api/portraits/thumb/men/99.jpg'}, 'nat': 'FR'}], 'info': {'seed': '5b6ce59f5ad71fdb', 'results': 1, 'page': 1, 'version': '1.4'}}</msg>
<arg>${json_data}</arg>
<doc>Logs the given message with the given level.</doc>
<status status="PASS" start="2024-03-30T01:44:17.439069" elapsed="0.000237"/>
</kw>
<kw name="Should Be String" owner="String">
<arg>${json_data['results'][0]['gender']}</arg>
<doc>Fails if the given ``item`` is not a string.</doc>
<status status="PASS" start="2024-03-30T01:44:17.439610" elapsed="0.000364"/>
</kw>
<kw name="Should Match Regexp" owner="BuiltIn">
<arg>${json_data['results'][0]['email']}</arg>
<arg>^[a-zA-Z0-9._%+-]+@[a-zA-Z0-9.-]+\.[a-zA-Z]{2,}$</arg>
<doc>Fails if ``string`` does not match ``pattern`` as a regular expression.</doc>
<status status="PASS" start="2024-03-30T01:44:17.440168" elapsed="0.000519"/>
</kw>
<kw name="Should Match Regexp" owner="BuiltIn">
<arg>${json_data['results'][0]['dob']['date']}</arg>
<arg>\\d{4}-\\d{2}-\\d{2}T\\d{2}:\\d{2}:\\d{2}\\.\\d{3}Z</arg>
<doc>Fails if ``string`` does not match ``pattern`` as a regular expression.</doc>
<status status="PASS" start="2024-03-30T01:44:17.440886" elapsed="0.000542"/>
</kw>
<kw name="Should Match Regexp" owner="BuiltIn">
<arg>${json_data['results'][0]['registered']['date']}</arg>
<arg>\\d{4}-\\d{2}-\\d{2}T\\d{2}:\\d{2}:\\d{2}\\.\\d{3}Z</arg>
<doc>Fails if ``string`` does not match ``pattern`` as a regular expression.</doc>
<status status="PASS" start="2024-03-30T01:44:17.441625" elapsed="0.000378"/>
</kw>
<kw name="Should Match Regexp" owner="BuiltIn">
<arg>${json_data['results'][0]['picture']['large']}</arg>
<arg>^https?://.*\.(?:png|jpe?g|gif|bmp)$</arg>
<doc>Fails if ``string`` does not match ``pattern`` as a regular expression.</doc>
<status status="PASS" start="2024-03-30T01:44:17.442192" elapsed="0.000469"/>
</kw>
<kw name="Should Match Regexp" owner="BuiltIn">
<arg>${json_data['results'][0]['picture']['medium']}</arg>
<arg>^https?://.*\.(?:png|jpe?g|gif|bmp)$</arg>
<doc>Fails if ``string`` does not match ``pattern`` as a regular expression.</doc>
<status status="PASS" start="2024-03-30T01:44:17.442867" elapsed="0.000358"/>
</kw>
<kw name="Should Match Regexp" owner="BuiltIn">
<arg>${json_data['results'][0]['picture']['thumbnail']}</arg>
<arg>^https?://.*\.(?:png|jpe?g|gif|bmp)$</arg>
<doc>Fails if ``string`` does not match ``pattern`` as a regular expression.</doc>
<status status="PASS" start="2024-03-30T01:44:17.443412" elapsed="0.000354"/>
</kw>
<kw name="Log" owner="BuiltIn">
<msg time="2024-03-30T01:44:17.444274" level="INFO">{'large': 'https://randomuser.me/api/portraits/men/99.jpg', 'medium': 'https://randomuser.me/api/portraits/med/men/99.jpg', 'thumbnail': 'https://randomuser.me/api/portraits/thumb/men/99.jpg'}</msg>
<arg>${json_data['results'][0]['picture']}</arg>
<doc>Logs the given message with the given level.</doc>
<status status="PASS" start="2024-03-30T01:44:17.443947" elapsed="0.000375"/>
</kw>
<status status="PASS" start="2024-03-30T01:44:17.365628" elapsed="0.078952"/>
</kw>
<kw name="Teste de Tipos de Dados - Postcode" owner="random-user-service">
<kw name="GET On Session" owner="RequestsLibrary">
<msg time="2024-03-30T01:44:17.539097" level="INFO">GET Request : url=https://randomuser.me/api 
 path_url=/api 
 headers={'User-Agent': 'python-requests/2.31.0', 'Accept-Encoding': 'gzip, deflate', 'Accept': '*/*', 'Connection': 'keep-alive'} 
 body=None 
 </msg>
<msg time="2024-03-30T01:44:17.539181" level="INFO">GET Response : url=https://randomuser.me/api 
 status=200, reason=OK 
 headers={'Date': 'Sat, 30 Mar 2024 01:44:17 GMT', 'Content-Type': 'application/json; charset=utf-8', 'Transfer-Encoding': 'chunked', 'Connection': 'keep-alive', 'X-Powered-By': 'Express', 'Access-Control-Allow-Origin': '*', 'Cache-Control': 'no-cache', 'ETag': 'W/"4a5-ye+7tzE7vXEXv+Aruz9SLwWzVm0"', 'Vary': 'Accept-Encoding', 'Content-Encoding': 'gzip', 'CF-Cache-Status': 'DYNAMIC', 'Report-To': '{"endpoints":[{"url":"https:\\/\\/a.nel.cloudflare.com\\/report\\/v4?s=CFJarU9DljnO1XnGlQ%2FeygwQ2VA%2FVUzQf83a3QCvb3qWgMrecZ5MVlqPvWsA8eE0YFMga1ixgxdM%2Fzm0Iu5LyJglKI%2BYvCljyfqaC3aVEhpaSAtwkPeRkQ6gqDJA1OxK"}],"group":"cf-nel","max_age":604800}', 'NEL': '{"success_fraction":0,"report_to":"cf-nel","max_age":604800}', 'Server': 'cloudflare', 'CF-RAY': '86c469e51ee86906-IAD', 'alt-svc': 'h3=":443"; ma=86400'} 
 body={"results":[{"gender":"female","name":{"title":"Miss","first":"Michaele","last":"Uhlig"},"location":{"street":{"number":5517,"name":"Lerchenweg"},"city":"Biesenthal","state":"Baden-Württemberg","country":"Germany","postcode":77897,"coordinates":{"latitude":"-55.5878","longitude":"10.6962"},"timezone":{"offset":"+5:30","description":"Bombay, Calcutta, Madras, New Delhi"}},"email":"michaele.uhlig@example.com","login":{"uuid":"be1b8910-c2b5-4ee3-bb28-f3d6bbe24f1e","username":"lazyzebra290","password":"bowman","salt":"iRv44oCT","md5":"7376e675816bbee5166c4876632a12f7","sha1":"1aef1fae2bfe3f4ae193e8365778aa30131e5de4","sha256":"5f454dceb95b543ce4f5135b8f4608c98e31d9f5c03aafc0d6cf94b4904d01e3"},"dob":{"date":"1990-12-25T01:07:42.842Z","age":33},"registered":{"date":"2010-03-06T07:56:31.490Z","age":14},"phone":"0781-2919519","cell":"0171-7646311","id":{"name":"SVNR","value":"10 241290 U 814"},"picture":{"large":"https://randomuser.me/api/portraits/women/68.jpg","medium":"https://randomuser.me/api/portraits/med/women/68.jpg","thumbnail":"https://randomuser.me/api/portraits/thumb/women/68.jpg"},"nat":"DE"}],"info":{"seed":"36b7177b531d06b3","results":1,"page":1,"version":"1.4"}} 
 </msg>
<msg time="2024-03-30T01:44:17.539264" level="INFO">/opt/hostedtoolcache/Python/3.12.2/x64/lib/python3.12/site-packages/urllib3/connectionpool.py:1103: InsecureRequestWarning: Unverified HTTPS request is being made to host 'randomuser.me'. Adding certificate verification is strongly advised. See: https://urllib3.readthedocs.io/en/latest/advanced-usage.html#tls-warnings
  warnings.warn(</msg>
<msg time="2024-03-30T01:44:17.539396" level="INFO">${response} = &lt;Response [200]&gt;</msg>
<var>${response}</var>
<arg>consultarAPI</arg>
<arg>/api</arg>
<doc>Sends a GET request on a previously created HTTP Session.</doc>
<status status="PASS" start="2024-03-30T01:44:17.445219" elapsed="0.094222"/>
</kw>
<kw name="Set Variable" owner="BuiltIn">
<msg time="2024-03-30T01:44:17.540461" level="INFO">${json_data} = {'results': [{'gender': 'female', 'name': {'title': 'Miss', 'first': 'Michaele', 'last': 'Uhlig'}, 'location': {'street': {'number': 5517, 'name': 'Lerchenweg'}, 'city': 'Biesenthal', 'state': 'Baden-...</msg>
<var>${json_data}</var>
<arg>${response.json()}</arg>
<doc>Returns the given values which can then be assigned to a variables.</doc>
<status status="PASS" start="2024-03-30T01:44:17.539945" elapsed="0.000546"/>
</kw>
<kw name="Log" owner="BuiltIn">
<msg time="2024-03-30T01:44:17.540996" level="INFO">{'results': [{'gender': 'female', 'name': {'title': 'Miss', 'first': 'Michaele', 'last': 'Uhlig'}, 'location': {'street': {'number': 5517, 'name': 'Lerchenweg'}, 'city': 'Biesenthal', 'state': 'Baden-Württemberg', 'country': 'Germany', 'postcode': 77897, 'coordinates': {'latitude': '-55.5878', 'longitude': '10.6962'}, 'timezone': {'offset': '+5:30', 'description': 'Bombay, Calcutta, Madras, New Delhi'}}, 'email': 'michaele.uhlig@example.com', 'login': {'uuid': 'be1b8910-c2b5-4ee3-bb28-f3d6bbe24f1e', 'username': 'lazyzebra290', 'password': 'bowman', 'salt': 'iRv44oCT', 'md5': '7376e675816bbee5166c4876632a12f7', 'sha1': '1aef1fae2bfe3f4ae193e8365778aa30131e5de4', 'sha256': '5f454dceb95b543ce4f5135b8f4608c98e31d9f5c03aafc0d6cf94b4904d01e3'}, 'dob': {'date': '1990-12-25T01:07:42.842Z', 'age': 33}, 'registered': {'date': '2010-03-06T07:56:31.490Z', 'age': 14}, 'phone': '0781-2919519', 'cell': '0171-7646311', 'id': {'name': 'SVNR', 'value': '10 241290 U 814'}, 'picture': {'large': 'https://randomuser.me/api/portraits/women/68.jpg', 'medium': 'https://randomuser.me/api/portraits/med/women/68.jpg', 'thumbnail': 'https://randomuser.me/api/portraits/thumb/women/68.jpg'}, 'nat': 'DE'}], 'info': {'seed': '36b7177b531d06b3', 'results': 1, 'page': 1, 'version': '1.4'}}</msg>
<arg>${json_data}</arg>
<doc>Logs the given message with the given level.</doc>
<status status="PASS" start="2024-03-30T01:44:17.540828" elapsed="0.000254"/>
</kw>
<kw name="Should Be Equal As Numbers" owner="BuiltIn">
<arg>${json_data['results'][0]['location']['postcode']}</arg>
<arg>${json_data['results'][0]['location']['postcode']}</arg>
<doc>Fails if objects are unequal after converting them to real numbers.</doc>
<status status="PASS" start="2024-03-30T01:44:17.541437" elapsed="0.000653"/>
</kw>
<kw name="Log" owner="BuiltIn">
<msg time="2024-03-30T01:44:17.542635" level="INFO">77897</msg>
<arg>${json_data['results'][0]['location']['postcode']}</arg>
<doc>Logs the given message with the given level.</doc>
<status status="PASS" start="2024-03-30T01:44:17.542291" elapsed="0.000387"/>
</kw>
<status status="PASS" start="2024-03-30T01:44:17.444800" elapsed="0.098139"/>
</kw>
<doc>Testa se os tipos de dados na resposta da API estão corretos.</doc>
<tag>testeTiposDados</tag>
<status status="PASS" start="2024-03-30T01:44:17.365153" elapsed="0.177960"/>
</test>
<test id="s1-s1-t5" name="Validar conteudo" line="35">
<kw name="Teste de Tipos de Conteudo" owner="random-user-service">
<kw name="GET On Session" owner="RequestsLibrary">
<msg time="2024-03-30T01:44:17.641184" level="INFO">GET Request : url=https://randomuser.me/api 
 path_url=/api 
 headers={'User-Agent': 'python-requests/2.31.0', 'Accept-Encoding': 'gzip, deflate', 'Accept': '*/*', 'Connection': 'keep-alive'} 
 body=None 
 </msg>
<msg time="2024-03-30T01:44:17.641283" level="INFO">GET Response : url=https://randomuser.me/api 
 status=200, reason=OK 
 headers={'Date': 'Sat, 30 Mar 2024 01:44:17 GMT', 'Content-Type': 'application/json; charset=utf-8', 'Transfer-Encoding': 'chunked', 'Connection': 'keep-alive', 'X-Powered-By': 'Express', 'Access-Control-Allow-Origin': '*', 'Cache-Control': 'no-cache', 'ETag': 'W/"491-B1KsJiVl1etn1z+ewqLI6F1Q/8s"', 'Vary': 'Accept-Encoding', 'Content-Encoding': 'gzip', 'CF-Cache-Status': 'DYNAMIC', 'Report-To': '{"endpoints":[{"url":"https:\\/\\/a.nel.cloudflare.com\\/report\\/v4?s=Gs1Cj7XwDfo5H9%2BlEaFszaG0ZBt858RfJJHHW%2FgL8G0pbKn3ya9vVjWbav5w%2By2Ii5lXbVGQ9dF8YWLAC9Gpu1q6cIYDRy1Pjju%2FisqcGG5GLThqlHTPwcxxgtem7nkP"}],"group":"cf-nel","max_age":604800}', 'NEL': '{"success_fraction":0,"report_to":"cf-nel","max_age":604800}', 'Server': 'cloudflare', 'CF-RAY': '86c469e5bf806906-IAD', 'alt-svc': 'h3=":443"; ma=86400'} 
 body={"results":[{"gender":"female","name":{"title":"Ms","first":"Zoé","last":"Ozuna"},"location":{"street":{"number":765,"name":"Boulevard Lesotho"},"city":"Tepatlaxco de Hidalgo","state":"Guerrero","country":"Mexico","postcode":64041,"coordinates":{"latitude":"23.8662","longitude":"143.8579"},"timezone":{"offset":"-2:00","description":"Mid-Atlantic"}},"email":"zoe.ozuna@example.com","login":{"uuid":"fad612d6-9905-4170-8cef-4d1c2dc5205f","username":"whiteelephant838","password":"tiberius","salt":"LawhCbWV","md5":"87666851983b9f1cb6011f426e81b380","sha1":"512f9b68db154f8b39a63e49c41f198b899b2ede","sha256":"97fc84b43e6c5c9ad3ce670859e98c13adc089722f9987a50cf09e93e9853b05"},"dob":{"date":"1949-12-21T13:35:53.628Z","age":74},"registered":{"date":"2018-02-16T00:35:16.972Z","age":6},"phone":"(687) 310 3996","cell":"(666) 628 6961","id":{"name":"NSS","value":"18 57 03 4892 4"},"picture":{"large":"https://randomuser.me/api/portraits/women/12.jpg","medium":"https://randomuser.me/api/portraits/med/women/12.jpg","thumbnail":"https://randomuser.me/api/portraits/thumb/women/12.jpg"},"nat":"MX"}],"info":{"seed":"5d42b6d4b7dcf691","results":1,"page":1,"version":"1.4"}} 
 </msg>
<msg time="2024-03-30T01:44:17.641363" level="INFO">/opt/hostedtoolcache/Python/3.12.2/x64/lib/python3.12/site-packages/urllib3/connectionpool.py:1103: InsecureRequestWarning: Unverified HTTPS request is being made to host 'randomuser.me'. Adding certificate verification is strongly advised. See: https://urllib3.readthedocs.io/en/latest/advanced-usage.html#tls-warnings
  warnings.warn(</msg>
<msg time="2024-03-30T01:44:17.641489" level="INFO">${response} = &lt;Response [200]&gt;</msg>
<var>${response}</var>
<arg>consultarAPI</arg>
<arg>/api</arg>
<doc>Sends a GET request on a previously created HTTP Session.</doc>
<status status="PASS" start="2024-03-30T01:44:17.546051" elapsed="0.095482"/>
</kw>
<kw name="Set Variable" owner="BuiltIn">
<msg time="2024-03-30T01:44:17.642440" level="INFO">${json_data} = {'results': [{'gender': 'female', 'name': {'title': 'Ms', 'first': 'Zoé', 'last': 'Ozuna'}, 'location': {'street': {'number': 765, 'name': 'Boulevard Lesotho'}, 'city': 'Tepatlaxco de Hidalgo', 'state...</msg>
<var>${json_data}</var>
<arg>${response.json()}</arg>
<doc>Returns the given values which can then be assigned to a variables.</doc>
<status status="PASS" start="2024-03-30T01:44:17.641955" elapsed="0.000516"/>
</kw>
<kw name="Set Variable" owner="BuiltIn">
<msg time="2024-03-30T01:44:17.643184" level="INFO">${name_title} = Ms</msg>
<var>${name_title}</var>
<arg>${json_data["results"][0]["name"]["title"]}</arg>
<doc>Returns the given values which can then be assigned to a variables.</doc>
<status status="PASS" start="2024-03-30T01:44:17.642795" elapsed="0.000416"/>
</kw>
<kw name="Create List" owner="BuiltIn">
<msg time="2024-03-30T01:44:17.643679" level="INFO">${allowed_titles} = ['Mr', 'Ms', 'Miss', 'Mrs', 'Madame', 'Monsieur']</msg>
<var>${allowed_titles}</var>
<arg>Mr</arg>
<arg>Ms</arg>
<arg>Miss</arg>
<arg>Mrs</arg>
<arg>Madame</arg>
<arg>Monsieur</arg>
<doc>Returns a list containing given items.</doc>
<status status="PASS" start="2024-03-30T01:44:17.643523" elapsed="0.000182"/>
</kw>
<kw name="List Should Contain Value" owner="Collections">
<msg time="2024-03-30T01:44:17.644203" level="INFO">False</msg>
<arg>${allowed_titles}</arg>
<arg>${name_title}</arg>
<doc>Fails if the ``value`` is not found from ``list``.</doc>
<status status="PASS" start="2024-03-30T01:44:17.644020" elapsed="0.000221"/>
</kw>
<kw name="Set Variable" owner="BuiltIn">
<msg time="2024-03-30T01:44:17.644934" level="INFO">${name_country} = MX</msg>
<var>${name_country}</var>
<arg>${json_data["results"][0]["nat"]}</arg>
<doc>Returns the given values which can then be assigned to a variables.</doc>
<status status="PASS" start="2024-03-30T01:44:17.644547" elapsed="0.000414"/>
</kw>
<kw name="Create List" owner="BuiltIn">
<msg time="2024-03-30T01:44:17.645947" level="INFO">${list_country} = ['AD', 'AE', 'AF', 'AG', 'AI', 'AL', 'AM', 'AO', 'AQ', 'AR', 'AS', 'AT', 'AU', 'AW', 'AX', 'AZ', 'BA', 'BB', 'BD', 'BE', 'BF', 'BG', 'BH', 'BI', 'BJ', 'BL', 'BM', 'BN', 'BO', 'BQ', 'BR', 'BS', 'BT', '...</msg>
<var>${list_country}</var>
<arg>AD</arg>
<arg>AE</arg>
<arg>AF</arg>
<arg>AG</arg>
<arg>AI</arg>
<arg>AL</arg>
<arg>AM</arg>
<arg>AO</arg>
<arg>AQ</arg>
<arg>AR</arg>
<arg>AS</arg>
<arg>AT</arg>
<arg>AU</arg>
<arg>AW</arg>
<arg>AX</arg>
<arg>AZ</arg>
<arg>BA</arg>
<arg>BB</arg>
<arg>BD</arg>
<arg>BE</arg>
<arg>BF</arg>
<arg>BG</arg>
<arg>BH</arg>
<arg>BI</arg>
<arg>BJ</arg>
<arg>BL</arg>
<arg>BM</arg>
<arg>BN</arg>
<arg>BO</arg>
<arg>BQ</arg>
<arg>BR</arg>
<arg>BS</arg>
<arg>BT</arg>
<arg>BV</arg>
<arg>BW</arg>
<arg>BY</arg>
<arg>BZ</arg>
<arg>CA</arg>
<arg>CC</arg>
<arg>CD</arg>
<arg>CF</arg>
<arg>CG</arg>
<arg>CH</arg>
<arg>CI</arg>
<arg>CK</arg>
<arg>CL</arg>
<arg>CM</arg>
<arg>CN</arg>
<arg>CO</arg>
<arg>CR</arg>
<arg>CU</arg>
<arg>CV</arg>
<arg>CW</arg>
<arg>CX</arg>
<arg>CY</arg>
<arg>CZ</arg>
<arg>DE</arg>
<arg>DJ</arg>
<arg>DK</arg>
<arg>DM</arg>
<arg>DO</arg>
<arg>DZ</arg>
<arg>EC</arg>
<arg>EE</arg>
<arg>EG</arg>
<arg>EH</arg>
<arg>ER</arg>
<arg>ES</arg>
<arg>ET</arg>
<arg>FI</arg>
<arg>FJ</arg>
<arg>FK</arg>
<arg>FM</arg>
<arg>FO</arg>
<arg>FR</arg>
<arg>GA</arg>
<arg>GB</arg>
<arg>GD</arg>
<arg>GE</arg>
<arg>GF</arg>
<arg>GG</arg>
<arg>GH</arg>
<arg>GI</arg>
<arg>GL</arg>
<arg>GM</arg>
<arg>GN</arg>
<arg>GP</arg>
<arg>GQ</arg>
<arg>GR</arg>
<arg>GS</arg>
<arg>GT</arg>
<arg>GU</arg>
<arg>GW</arg>
<arg>GY</arg>
<arg>HK</arg>
<arg>HM</arg>
<arg>HN</arg>
<arg>HR</arg>
<arg>HT</arg>
<arg>HU</arg>
<arg>ID</arg>
<arg>IE</arg>
<arg>IL</arg>
<arg>IM</arg>
<arg>IN</arg>
<arg>IO</arg>
<arg>IQ</arg>
<arg>IR</arg>
<arg>IS</arg>
<arg>IT</arg>
<arg>JE</arg>
<arg>JM</arg>
<arg>JO</arg>
<arg>JP</arg>
<arg>KE</arg>
<arg>KG</arg>
<arg>KH</arg>
<arg>KI</arg>
<arg>KM</arg>
<arg>KN</arg>
<arg>KP</arg>
<arg>KR</arg>
<arg>KW</arg>
<arg>KY</arg>
<arg>KZ</arg>
<arg>LA</arg>
<arg>LB</arg>
<arg>LC</arg>
<arg>LI</arg>
<arg>LK</arg>
<arg>LR</arg>
<arg>LS</arg>
<arg>LT</arg>
<arg>LU</arg>
<arg>LV</arg>
<arg>LY</arg>
<arg>MA</arg>
<arg>MC</arg>
<arg>MD</arg>
<arg>ME</arg>
<arg>MF</arg>
<arg>MG</arg>
<arg>MH</arg>
<arg>MK</arg>
<arg>ML</arg>
<arg>MM</arg>
<arg>MN</arg>
<arg>MO</arg>
<arg>MP</arg>
<arg>MQ</arg>
<arg>MR</arg>
<arg>MS</arg>
<arg>MT</arg>
<arg>MU</arg>
<arg>MV</arg>
<arg>MW</arg>
<arg>MX</arg>
<arg>MY</arg>
<arg>MZ</arg>
<arg>NA</arg>
<arg>NC</arg>
<arg>NE</arg>
<arg>NF</arg>
<arg>NG</arg>
<arg>NI</arg>
<arg>NL</arg>
<arg>NO</arg>
<arg>NP</arg>
<arg>NR</arg>
<arg>NU</arg>
<arg>NZ</arg>
<arg>OM</arg>
<arg>PA</arg>
<arg>PE</arg>
<arg>PF</arg>
<arg>PG</arg>
<arg>PH</arg>
<arg>PK</arg>
<arg>PL</arg>
<arg>PM</arg>
<arg>PN</arg>
<arg>PR</arg>
<arg>PS</arg>
<arg>PT</arg>
<arg>PW</arg>
<arg>PY</arg>
<arg>QA</arg>
<arg>RE</arg>
<arg>RO</arg>
<arg>RS</arg>
<arg>RU</arg>
<arg>RW</arg>
<arg>SA</arg>
<arg>SB</arg>
<arg>SC</arg>
<arg>SD</arg>
<arg>SE</arg>
<arg>SG</arg>
<arg>SH</arg>
<arg>SI</arg>
<arg>SJ</arg>
<arg>SK</arg>
<arg>SL</arg>
<arg>SM</arg>
<arg>SN</arg>
<arg>SO</arg>
<arg>SR</arg>
<arg>SS</arg>
<arg>ST</arg>
<arg>SV</arg>
<arg>SX</arg>
<arg>SY</arg>
<arg>SZ</arg>
<arg>TC</arg>
<arg>TD</arg>
<arg>TF</arg>
<arg>TG</arg>
<arg>TH</arg>
<arg>TJ</arg>
<arg>TK</arg>
<arg>TL</arg>
<arg>TM</arg>
<arg>TN</arg>
<arg>TO</arg>
<arg>TR</arg>
<arg>TT</arg>
<arg>TV</arg>
<arg>TW</arg>
<arg>TZ</arg>
<arg>UA</arg>
<arg>UG</arg>
<arg>UM</arg>
<arg>US</arg>
<arg>UY</arg>
<arg>UZ</arg>
<arg>VA</arg>
<arg>VC</arg>
<arg>VE</arg>
<arg>VG</arg>
<arg>VI</arg>
<arg>VN</arg>
<arg>VU</arg>
<arg>WF</arg>
<arg>WS</arg>
<arg>XK</arg>
<arg>YE</arg>
<arg>YT</arg>
<arg>ZA</arg>
<arg>ZM</arg>
<arg>ZW</arg>
<doc>Returns a list containing given items.</doc>
<status status="PASS" start="2024-03-30T01:44:17.645313" elapsed="0.000661"/>
</kw>
<kw name="List Should Contain Value" owner="Collections">
<msg time="2024-03-30T01:44:17.647103" level="INFO">False</msg>
<arg>${list_country}</arg>
<arg>${name_country}</arg>
<doc>Fails if the ``value`` is not found from ``list``.</doc>
<status status="PASS" start="2024-03-30T01:44:17.646893" elapsed="0.000248"/>
</kw>
<kw name="Run Keyword If" owner="BuiltIn">
<kw name="Should Be True" owner="BuiltIn">
<arg>${True}</arg>
<doc>Fails if the given condition is not true.</doc>
<status status="PASS" start="2024-03-30T01:44:17.648238" elapsed="0.000149"/>
</kw>
<arg>${json_data["results"][0]["location"]["coordinates"]["latitude"]} &gt;= -90 and ${json_data["results"][0]["location"]["coordinates"]["latitude"]} &lt;= 90</arg>
<arg>Should Be True</arg>
<arg>${True}</arg>
<doc>Runs the given keyword with the given arguments, if ``condition`` is true.</doc>
<status status="PASS" start="2024-03-30T01:44:17.647476" elapsed="0.001044"/>
</kw>
<kw name="Run Keyword If" owner="BuiltIn">
<kw name="Should Be True" owner="BuiltIn">
<arg>${True}</arg>
<doc>Fails if the given condition is not true.</doc>
<status status="PASS" start="2024-03-30T01:44:17.649468" elapsed="0.000144"/>
</kw>
<arg>${json_data["results"][0]["location"]["coordinates"]["longitude"]} &gt;= -180 and ${json_data["results"][0]["location"]["coordinates"]["longitude"]} &lt;= 180</arg>
<arg>Should Be True</arg>
<arg>${True}</arg>
<doc>Runs the given keyword with the given arguments, if ``condition`` is true.</doc>
<status status="PASS" start="2024-03-30T01:44:17.648714" elapsed="0.001025"/>
</kw>
<status status="PASS" start="2024-03-30T01:44:17.545659" elapsed="0.104214"/>
</kw>
<doc>Testa o conteúdo específico dos campos retornados pela API.</doc>
<tag>testeConteudo</tag>
<status status="PASS" start="2024-03-30T01:44:17.544910" elapsed="0.105118"/>
</test>
<status status="PASS" start="2024-03-30T01:44:16.859998" elapsed="0.791967"/>
</suite>
<status status="PASS" start="2024-03-30T01:44:16.846214" elapsed="0.811286"/>
</suite>
<statistics>
<total>
<stat pass="5" fail="0" skip="0">All Tests</stat>
</total>
<tag>
<stat pass="1" fail="0" skip="0">testeConteudo</stat>
<stat pass="1" fail="0" skip="0">testeEstruturaResposta</stat>
<stat pass="1" fail="0" skip="0">testeRequisicaoBasica</stat>
<stat pass="1" fail="0" skip="0">testeTiposDados</stat>
</tag>
<suite>
<stat pass="5" fail="0" skip="0" id="s1" name="Tests">Tests</stat>
<stat pass="5" fail="0" skip="0" id="s1-s1" name="Random-User-Test">Tests.Random-User-Test</stat>
</suite>
</statistics>
<errors>
</errors>
</robot>
