<?xml version="1.0" encoding="UTF-8"?>
<robot generator="Robot 7.0 (Python 3.12.2 on linux)" generated="2024-03-25T16:17:19.775138" rpa="false" schemaversion="5">
<suite id="s1" name="Tests" source="/home/runner/work/DesafioQAItauRogerioJordao/DesafioQAItauRogerioJordao/RamdonUser/tests">
<suite id="s1-s1" name="Random-User-Test" source="/home/runner/work/DesafioQAItauRogerioJordao/DesafioQAItauRogerioJordao/RamdonUser/tests/random-user-test.robot">
<test id="s1-s1-t1" name="Conectar" line="13">
<kw name="Conectar API" owner="random-user-service">
<kw name="Create Session" owner="RequestsLibrary">
<msg time="2024-03-25T16:17:20.131339" level="INFO">Creating Session using : alias=consultarAPI, url=https://randomuser.me/, headers={},                     cookies={}, auth=None, timeout=None, proxies=None, verify=False,                     debug=0 </msg>
<arg>consultarAPI</arg>
<arg>${URL}</arg>
<doc>Create Session: create a HTTP session to a server</doc>
<status status="PASS" start="2024-03-25T16:17:20.131141" elapsed="0.000379"/>
</kw>
<status status="PASS" start="2024-03-25T16:17:20.130108" elapsed="0.001780"/>
</kw>
<status status="PASS" start="2024-03-25T16:17:20.129480" elapsed="0.002613"/>
</test>
<test id="s1-s1-t2" name="Validar retorno 200 e JSON Válido" line="16">
<kw name="Teste de Requisicao Basica" owner="random-user-service">
<kw name="GET On Session" owner="RequestsLibrary">
<msg time="2024-03-25T16:17:20.554710" level="INFO">GET Request : url=https://randomuser.me/api 
 path_url=/api 
 headers={'User-Agent': 'python-requests/2.31.0', 'Accept-Encoding': 'gzip, deflate', 'Accept': '*/*', 'Connection': 'keep-alive'} 
 body=None 
 </msg>
<msg time="2024-03-25T16:17:20.554851" level="INFO">GET Response : url=https://randomuser.me/api 
 status=200, reason=OK 
 headers={'Date': 'Mon, 25 Mar 2024 16:17:20 GMT', 'Content-Type': 'application/json; charset=utf-8', 'Transfer-Encoding': 'chunked', 'Connection': 'keep-alive', 'X-Powered-By': 'Express', 'Access-Control-Allow-Origin': '*', 'Cache-Control': 'no-cache', 'ETag': 'W/"498-0ySNHo7HLapR0kP7gWF9Axal9hY"', 'Vary': 'Accept-Encoding', 'Content-Encoding': 'gzip', 'CF-Cache-Status': 'DYNAMIC', 'Report-To': '{"endpoints":[{"url":"https:\\/\\/a.nel.cloudflare.com\\/report\\/v4?s=FiTPwO8a0WOu2t7lM7VVuf6UFeFxwd5YrNAqgkFEk2xjCGdI9iPaga7h31Twp4yIq8YjLne9pGPVMQSy1iRzG3a156ybGy%2BfMW0dmMrH0kq0lWSGERxPMFIfHdBWwWGo"}],"group":"cf-nel","max_age":604800}', 'NEL': '{"success_fraction":0,"report_to":"cf-nel","max_age":604800}', 'Server': 'cloudflare', 'CF-RAY': '86a035e6cd240fd4-LAX', 'alt-svc': 'h3=":443"; ma=86400'} 
 body={"results":[{"gender":"female","name":{"title":"Miss","first":"Sofija","last":"Kovač"},"location":{"street":{"number":2022,"name":"Nikole Stankovića"},"city":"Pančevo","state":"Moravica","country":"Serbia","postcode":54314,"coordinates":{"latitude":"58.6173","longitude":"148.8589"},"timezone":{"offset":"+1:00","description":"Brussels, Copenhagen, Madrid, Paris"}},"email":"sofija.kovac@example.com","login":{"uuid":"c5073995-7093-4833-9494-396508877be3","username":"crazyelephant641","password":"mothers","salt":"bLpIpoes","md5":"f76ac01dee2b99c6015ff5736ddbe5c9","sha1":"045e5e513ed6f4be99cf71a4b58f4f9f92787e43","sha256":"e205d7b3bd110be605d23f24dd9ae176136eaf0b6059324d305ab555df11418e"},"dob":{"date":"1966-01-04T14:19:47.428Z","age":58},"registered":{"date":"2008-09-22T21:12:21.011Z","age":15},"phone":"025-4469-279","cell":"060-4290-656","id":{"name":"SID","value":"509100166"},"picture":{"large":"https://randomuser.me/api/portraits/women/0.jpg","medium":"https://randomuser.me/api/portraits/med/women/0.jpg","thumbnail":"https://randomuser.me/api/portraits/thumb/women/0.jpg"},"nat":"RS"}],"info":{"seed":"4f1d02aa79d61e1a","results":1,"page":1,"version":"1.4"}} 
 </msg>
<msg time="2024-03-25T16:17:20.554960" level="INFO">/opt/hostedtoolcache/Python/3.12.2/x64/lib/python3.12/site-packages/urllib3/connectionpool.py:1103: InsecureRequestWarning: Unverified HTTPS request is being made to host 'randomuser.me'. Adding certificate verification is strongly advised. See: https://urllib3.readthedocs.io/en/latest/advanced-usage.html#tls-warnings
  warnings.warn(</msg>
<msg time="2024-03-25T16:17:20.555102" level="INFO">${response} = &lt;Response [200]&gt;</msg>
<var>${response}</var>
<arg>consultarAPI</arg>
<arg>/api</arg>
<doc>Sends a GET request on a previously created HTTP Session.</doc>
<status status="PASS" start="2024-03-25T16:17:20.134715" elapsed="0.420428"/>
</kw>
<kw name="Should Be Equal As Numbers" owner="BuiltIn">
<msg time="2024-03-25T16:17:20.556251" level="INFO">Argument types are:
&lt;class 'int'&gt;
&lt;class 'str'&gt;</msg>
<arg>${response.status_code}</arg>
<arg>200</arg>
<doc>Fails if objects are unequal after converting them to real numbers.</doc>
<status status="PASS" start="2024-03-25T16:17:20.555776" elapsed="0.000539"/>
</kw>
<kw name="Log" owner="BuiltIn">
<msg time="2024-03-25T16:17:20.556983" level="INFO">200</msg>
<arg>${response.status_code}</arg>
<doc>Logs the given message with the given level.</doc>
<status status="PASS" start="2024-03-25T16:17:20.556630" elapsed="0.000394"/>
</kw>
<kw name="Set Variable" owner="BuiltIn">
<msg time="2024-03-25T16:17:20.557782" level="INFO">${json_data} = {'results': [{'gender': 'female', 'name': {'title': 'Miss', 'first': 'Sofija', 'last': 'Kovač'}, 'location': {'street': {'number': 2022, 'name': 'Nikole Stankovića'}, 'city': 'Pančevo', 'state': 'Mora...</msg>
<var>${json_data}</var>
<arg>${response.json()}</arg>
<doc>Returns the given values which can then be assigned to a variables.</doc>
<status status="PASS" start="2024-03-25T16:17:20.557340" elapsed="0.000473"/>
</kw>
<kw name="Dictionary Should Contain Key" owner="Collections">
<msg time="2024-03-25T16:17:20.558323" level="INFO">False</msg>
<arg>${json_data}</arg>
<arg>results</arg>
<doc>Fails if ``key`` is not found from ``dictionary``.</doc>
<status status="PASS" start="2024-03-25T16:17:20.558153" elapsed="0.000208"/>
</kw>
<status status="PASS" start="2024-03-25T16:17:20.134468" elapsed="0.424153"/>
</kw>
<doc>Testa se a API responde corretamente e retorna um objeto JSON válido.</doc>
<tag>testeRequisicaoBasica</tag>
<status status="PASS" start="2024-03-25T16:17:20.133930" elapsed="0.424877"/>
</test>
<test id="s1-s1-t3" name="Validar estrutura de resposta" line="22">
<kw name="Teste de Estrutura de Resposta" owner="random-user-service">
<kw name="GET On Session" owner="RequestsLibrary">
<msg time="2024-03-25T16:17:20.657155" level="INFO">GET Request : url=https://randomuser.me/api 
 path_url=/api 
 headers={'User-Agent': 'python-requests/2.31.0', 'Accept-Encoding': 'gzip, deflate', 'Accept': '*/*', 'Connection': 'keep-alive'} 
 body=None 
 </msg>
<msg time="2024-03-25T16:17:20.657243" level="INFO">GET Response : url=https://randomuser.me/api 
 status=200, reason=OK 
 headers={'Date': 'Mon, 25 Mar 2024 16:17:20 GMT', 'Content-Type': 'application/json; charset=utf-8', 'Transfer-Encoding': 'chunked', 'Connection': 'keep-alive', 'X-Powered-By': 'Express', 'Access-Control-Allow-Origin': '*', 'Cache-Control': 'no-cache', 'ETag': 'W/"492-QUsWERdpzy1x8z2sswFMA1b013E"', 'Vary': 'Accept-Encoding', 'Content-Encoding': 'gzip', 'CF-Cache-Status': 'DYNAMIC', 'Report-To': '{"endpoints":[{"url":"https:\\/\\/a.nel.cloudflare.com\\/report\\/v4?s=%2FbfofEu25anAtcBrY2nqLZKKb%2BFAesyJdmU7YAvxZ6N%2BhdZWgI%2BeJUn52wtFvA%2BAR%2FQAiw1MYw5MC50hoLsasbJEI%2FM9CFyWJfSnu5fpxjsL1tHIjiIti2x7IhGT%2F0Jd"}],"group":"cf-nel","max_age":604800}', 'NEL': '{"success_fraction":0,"report_to":"cf-nel","max_age":604800}', 'Server': 'cloudflare', 'CF-RAY': '86a035e78e420fd4-LAX', 'alt-svc': 'h3=":443"; ma=86400'} 
 body={"results":[{"gender":"male","name":{"title":"Mr","first":"Arthur","last":"Lyng"},"location":{"street":{"number":2430,"name":"Odvar Solbergs vei"},"city":"Tælavåg","state":"Akershus","country":"Norway","postcode":"9016","coordinates":{"latitude":"45.5016","longitude":"-139.8594"},"timezone":{"offset":"0:00","description":"Western Europe Time, London, Lisbon, Casablanca"}},"email":"arthur.lyng@example.com","login":{"uuid":"1863ae07-25ab-4c9f-a6bb-19abb6470761","username":"sadpeacock175","password":"hallowee","salt":"ivNTWL7N","md5":"cfb38e4bee4f7e58c6e22e2a462a5464","sha1":"921dd14cef6c228ac70f79b48e0c1a6f5ff177e1","sha256":"d4c1f7e6ac0b3bd7c287f96b2f0cfa496ba1ed0207e4037808e76c5a4d7595b6"},"dob":{"date":"1978-03-04T20:30:14.439Z","age":46},"registered":{"date":"2015-06-04T10:42:18.172Z","age":8},"phone":"74240440","cell":"46380343","id":{"name":"FN","value":"04037800304"},"picture":{"large":"https://randomuser.me/api/portraits/men/74.jpg","medium":"https://randomuser.me/api/portraits/med/men/74.jpg","thumbnail":"https://randomuser.me/api/portraits/thumb/men/74.jpg"},"nat":"NO"}],"info":{"seed":"182c694865a3d209","results":1,"page":1,"version":"1.4"}} 
 </msg>
<msg time="2024-03-25T16:17:20.657377" level="INFO">/opt/hostedtoolcache/Python/3.12.2/x64/lib/python3.12/site-packages/urllib3/connectionpool.py:1103: InsecureRequestWarning: Unverified HTTPS request is being made to host 'randomuser.me'. Adding certificate verification is strongly advised. See: https://urllib3.readthedocs.io/en/latest/advanced-usage.html#tls-warnings
  warnings.warn(</msg>
<msg time="2024-03-25T16:17:20.657507" level="INFO">${response} = &lt;Response [200]&gt;</msg>
<var>${response}</var>
<arg>consultarAPI</arg>
<arg>/api</arg>
<doc>Sends a GET request on a previously created HTTP Session.</doc>
<status status="PASS" start="2024-03-25T16:17:20.561626" elapsed="0.095932"/>
</kw>
<kw name="Set Variable" owner="BuiltIn">
<msg time="2024-03-25T16:17:20.658662" level="INFO">${json_data} = {'results': [{'gender': 'male', 'name': {'title': 'Mr', 'first': 'Arthur', 'last': 'Lyng'}, 'location': {'street': {'number': 2430, 'name': 'Odvar Solbergs vei'}, 'city': 'Tælavåg', 'state': 'Akershus...</msg>
<var>${json_data}</var>
<arg>${response.json()}</arg>
<doc>Returns the given values which can then be assigned to a variables.</doc>
<status status="PASS" start="2024-03-25T16:17:20.658123" elapsed="0.000568"/>
</kw>
<kw name="Log" owner="BuiltIn">
<msg time="2024-03-25T16:17:20.659168" level="INFO">{'results': [{'gender': 'male', 'name': {'title': 'Mr', 'first': 'Arthur', 'last': 'Lyng'}, 'location': {'street': {'number': 2430, 'name': 'Odvar Solbergs vei'}, 'city': 'Tælavåg', 'state': 'Akershus', 'country': 'Norway', 'postcode': '9016', 'coordinates': {'latitude': '45.5016', 'longitude': '-139.8594'}, 'timezone': {'offset': '0:00', 'description': 'Western Europe Time, London, Lisbon, Casablanca'}}, 'email': 'arthur.lyng@example.com', 'login': {'uuid': '1863ae07-25ab-4c9f-a6bb-19abb6470761', 'username': 'sadpeacock175', 'password': 'hallowee', 'salt': 'ivNTWL7N', 'md5': 'cfb38e4bee4f7e58c6e22e2a462a5464', 'sha1': '921dd14cef6c228ac70f79b48e0c1a6f5ff177e1', 'sha256': 'd4c1f7e6ac0b3bd7c287f96b2f0cfa496ba1ed0207e4037808e76c5a4d7595b6'}, 'dob': {'date': '1978-03-04T20:30:14.439Z', 'age': 46}, 'registered': {'date': '2015-06-04T10:42:18.172Z', 'age': 8}, 'phone': '74240440', 'cell': '46380343', 'id': {'name': 'FN', 'value': '04037800304'}, 'picture': {'large': 'https://randomuser.me/api/portraits/men/74.jpg', 'medium': 'https://randomuser.me/api/portraits/med/men/74.jpg', 'thumbnail': 'https://randomuser.me/api/portraits/thumb/men/74.jpg'}, 'nat': 'NO'}], 'info': {'seed': '182c694865a3d209', 'results': 1, 'page': 1, 'version': '1.4'}}</msg>
<arg>${json_data}</arg>
<doc>Logs the given message with the given level.</doc>
<status status="PASS" start="2024-03-25T16:17:20.659005" elapsed="0.000211"/>
</kw>
<kw name="Dictionary Should Contain Key" owner="Collections">
<msg time="2024-03-25T16:17:20.659667" level="INFO">False</msg>
<arg>${json_data}</arg>
<arg>results</arg>
<doc>Fails if ``key`` is not found from ``dictionary``.</doc>
<status status="PASS" start="2024-03-25T16:17:20.659512" elapsed="0.000192"/>
</kw>
<kw name="Should Not Be Empty" owner="BuiltIn">
<msg time="2024-03-25T16:17:20.660129" level="INFO">Length is 2.</msg>
<arg>${json_data}</arg>
<doc>Verifies that the given item is not empty.</doc>
<status status="PASS" start="2024-03-25T16:17:20.659999" elapsed="0.000169"/>
</kw>
<kw name="Create List" owner="BuiltIn">
<msg time="2024-03-25T16:17:20.660605" level="INFO">${expected_keys} = ['gender', 'name', 'location', 'email', 'login']</msg>
<var>${expected_keys}</var>
<arg>gender</arg>
<arg>name</arg>
<arg>location</arg>
<arg>email</arg>
<arg>login</arg>
<doc>Returns a list containing given items.</doc>
<status status="PASS" start="2024-03-25T16:17:20.660457" elapsed="0.000172"/>
</kw>
<for flavor="IN">
<iter>
<kw name="Dictionary Should Contain Key" owner="Collections">
<msg time="2024-03-25T16:17:20.661599" level="INFO">False</msg>
<arg>${json_data['results'][0]}</arg>
<arg>${key}</arg>
<doc>Fails if ``key`` is not found from ``dictionary``.</doc>
<status status="PASS" start="2024-03-25T16:17:20.661203" elapsed="0.000434"/>
</kw>
<kw name="Log" owner="BuiltIn">
<msg time="2024-03-25T16:17:20.662348" level="INFO">{'gender': 'male', 'name': {'title': 'Mr', 'first': 'Arthur', 'last': 'Lyng'}, 'location': {'street': {'number': 2430, 'name': 'Odvar Solbergs vei'}, 'city': 'Tælavåg', 'state': 'Akershus', 'country': 'Norway', 'postcode': '9016', 'coordinates': {'latitude': '45.5016', 'longitude': '-139.8594'}, 'timezone': {'offset': '0:00', 'description': 'Western Europe Time, London, Lisbon, Casablanca'}}, 'email': 'arthur.lyng@example.com', 'login': {'uuid': '1863ae07-25ab-4c9f-a6bb-19abb6470761', 'username': 'sadpeacock175', 'password': 'hallowee', 'salt': 'ivNTWL7N', 'md5': 'cfb38e4bee4f7e58c6e22e2a462a5464', 'sha1': '921dd14cef6c228ac70f79b48e0c1a6f5ff177e1', 'sha256': 'd4c1f7e6ac0b3bd7c287f96b2f0cfa496ba1ed0207e4037808e76c5a4d7595b6'}, 'dob': {'date': '1978-03-04T20:30:14.439Z', 'age': 46}, 'registered': {'date': '2015-06-04T10:42:18.172Z', 'age': 8}, 'phone': '74240440', 'cell': '46380343', 'id': {'name': 'FN', 'value': '04037800304'}, 'picture': {'large': 'https://randomuser.me/api/portraits/men/74.jpg', 'medium': 'https://randomuser.me/api/portraits/med/men/74.jpg', 'thumbnail': 'https://randomuser.me/api/portraits/thumb/men/74.jpg'}, 'nat': 'NO'}</msg>
<arg>${json_data['results'][0]}</arg>
<doc>Logs the given message with the given level.</doc>
<status status="PASS" start="2024-03-25T16:17:20.661938" elapsed="0.000465"/>
</kw>
<kw name="Log" owner="BuiltIn">
<msg time="2024-03-25T16:17:20.662857" level="INFO">gender</msg>
<arg>${key}</arg>
<doc>Logs the given message with the given level.</doc>
<status status="PASS" start="2024-03-25T16:17:20.662710" elapsed="0.000184"/>
</kw>
<var name="${key}">gender</var>
<status status="PASS" start="2024-03-25T16:17:20.661075" elapsed="0.002034"/>
</iter>
<iter>
<kw name="Dictionary Should Contain Key" owner="Collections">
<msg time="2024-03-25T16:17:20.663795" level="INFO">False</msg>
<arg>${json_data['results'][0]}</arg>
<arg>${key}</arg>
<doc>Fails if ``key`` is not found from ``dictionary``.</doc>
<status status="PASS" start="2024-03-25T16:17:20.663410" elapsed="0.000422"/>
</kw>
<kw name="Log" owner="BuiltIn">
<msg time="2024-03-25T16:17:20.664518" level="INFO">{'gender': 'male', 'name': {'title': 'Mr', 'first': 'Arthur', 'last': 'Lyng'}, 'location': {'street': {'number': 2430, 'name': 'Odvar Solbergs vei'}, 'city': 'Tælavåg', 'state': 'Akershus', 'country': 'Norway', 'postcode': '9016', 'coordinates': {'latitude': '45.5016', 'longitude': '-139.8594'}, 'timezone': {'offset': '0:00', 'description': 'Western Europe Time, London, Lisbon, Casablanca'}}, 'email': 'arthur.lyng@example.com', 'login': {'uuid': '1863ae07-25ab-4c9f-a6bb-19abb6470761', 'username': 'sadpeacock175', 'password': 'hallowee', 'salt': 'ivNTWL7N', 'md5': 'cfb38e4bee4f7e58c6e22e2a462a5464', 'sha1': '921dd14cef6c228ac70f79b48e0c1a6f5ff177e1', 'sha256': 'd4c1f7e6ac0b3bd7c287f96b2f0cfa496ba1ed0207e4037808e76c5a4d7595b6'}, 'dob': {'date': '1978-03-04T20:30:14.439Z', 'age': 46}, 'registered': {'date': '2015-06-04T10:42:18.172Z', 'age': 8}, 'phone': '74240440', 'cell': '46380343', 'id': {'name': 'FN', 'value': '04037800304'}, 'picture': {'large': 'https://randomuser.me/api/portraits/men/74.jpg', 'medium': 'https://randomuser.me/api/portraits/med/men/74.jpg', 'thumbnail': 'https://randomuser.me/api/portraits/thumb/men/74.jpg'}, 'nat': 'NO'}</msg>
<arg>${json_data['results'][0]}</arg>
<doc>Logs the given message with the given level.</doc>
<status status="PASS" start="2024-03-25T16:17:20.664159" elapsed="0.000407"/>
</kw>
<kw name="Log" owner="BuiltIn">
<msg time="2024-03-25T16:17:20.664992" level="INFO">name</msg>
<arg>${key}</arg>
<doc>Logs the given message with the given level.</doc>
<status status="PASS" start="2024-03-25T16:17:20.664865" elapsed="0.000164"/>
</kw>
<var name="${key}">name</var>
<status status="PASS" start="2024-03-25T16:17:20.663296" elapsed="0.001954"/>
</iter>
<iter>
<kw name="Dictionary Should Contain Key" owner="Collections">
<msg time="2024-03-25T16:17:20.665908" level="INFO">False</msg>
<arg>${json_data['results'][0]}</arg>
<arg>${key}</arg>
<doc>Fails if ``key`` is not found from ``dictionary``.</doc>
<status status="PASS" start="2024-03-25T16:17:20.665538" elapsed="0.000407"/>
</kw>
<kw name="Log" owner="BuiltIn">
<msg time="2024-03-25T16:17:20.666660" level="INFO">{'gender': 'male', 'name': {'title': 'Mr', 'first': 'Arthur', 'last': 'Lyng'}, 'location': {'street': {'number': 2430, 'name': 'Odvar Solbergs vei'}, 'city': 'Tælavåg', 'state': 'Akershus', 'country': 'Norway', 'postcode': '9016', 'coordinates': {'latitude': '45.5016', 'longitude': '-139.8594'}, 'timezone': {'offset': '0:00', 'description': 'Western Europe Time, London, Lisbon, Casablanca'}}, 'email': 'arthur.lyng@example.com', 'login': {'uuid': '1863ae07-25ab-4c9f-a6bb-19abb6470761', 'username': 'sadpeacock175', 'password': 'hallowee', 'salt': 'ivNTWL7N', 'md5': 'cfb38e4bee4f7e58c6e22e2a462a5464', 'sha1': '921dd14cef6c228ac70f79b48e0c1a6f5ff177e1', 'sha256': 'd4c1f7e6ac0b3bd7c287f96b2f0cfa496ba1ed0207e4037808e76c5a4d7595b6'}, 'dob': {'date': '1978-03-04T20:30:14.439Z', 'age': 46}, 'registered': {'date': '2015-06-04T10:42:18.172Z', 'age': 8}, 'phone': '74240440', 'cell': '46380343', 'id': {'name': 'FN', 'value': '04037800304'}, 'picture': {'large': 'https://randomuser.me/api/portraits/men/74.jpg', 'medium': 'https://randomuser.me/api/portraits/med/men/74.jpg', 'thumbnail': 'https://randomuser.me/api/portraits/thumb/men/74.jpg'}, 'nat': 'NO'}</msg>
<arg>${json_data['results'][0]}</arg>
<doc>Logs the given message with the given level.</doc>
<status status="PASS" start="2024-03-25T16:17:20.666291" elapsed="0.000422"/>
</kw>
<kw name="Log" owner="BuiltIn">
<msg time="2024-03-25T16:17:20.667133" level="INFO">location</msg>
<arg>${key}</arg>
<doc>Logs the given message with the given level.</doc>
<status status="PASS" start="2024-03-25T16:17:20.667009" elapsed="0.000161"/>
</kw>
<var name="${key}">location</var>
<status status="PASS" start="2024-03-25T16:17:20.665428" elapsed="0.001958"/>
</iter>
<iter>
<kw name="Dictionary Should Contain Key" owner="Collections">
<msg time="2024-03-25T16:17:20.668034" level="INFO">False</msg>
<arg>${json_data['results'][0]}</arg>
<arg>${key}</arg>
<doc>Fails if ``key`` is not found from ``dictionary``.</doc>
<status status="PASS" start="2024-03-25T16:17:20.667664" elapsed="0.000407"/>
</kw>
<kw name="Log" owner="BuiltIn">
<msg time="2024-03-25T16:17:20.668731" level="INFO">{'gender': 'male', 'name': {'title': 'Mr', 'first': 'Arthur', 'last': 'Lyng'}, 'location': {'street': {'number': 2430, 'name': 'Odvar Solbergs vei'}, 'city': 'Tælavåg', 'state': 'Akershus', 'country': 'Norway', 'postcode': '9016', 'coordinates': {'latitude': '45.5016', 'longitude': '-139.8594'}, 'timezone': {'offset': '0:00', 'description': 'Western Europe Time, London, Lisbon, Casablanca'}}, 'email': 'arthur.lyng@example.com', 'login': {'uuid': '1863ae07-25ab-4c9f-a6bb-19abb6470761', 'username': 'sadpeacock175', 'password': 'hallowee', 'salt': 'ivNTWL7N', 'md5': 'cfb38e4bee4f7e58c6e22e2a462a5464', 'sha1': '921dd14cef6c228ac70f79b48e0c1a6f5ff177e1', 'sha256': 'd4c1f7e6ac0b3bd7c287f96b2f0cfa496ba1ed0207e4037808e76c5a4d7595b6'}, 'dob': {'date': '1978-03-04T20:30:14.439Z', 'age': 46}, 'registered': {'date': '2015-06-04T10:42:18.172Z', 'age': 8}, 'phone': '74240440', 'cell': '46380343', 'id': {'name': 'FN', 'value': '04037800304'}, 'picture': {'large': 'https://randomuser.me/api/portraits/men/74.jpg', 'medium': 'https://randomuser.me/api/portraits/med/men/74.jpg', 'thumbnail': 'https://randomuser.me/api/portraits/thumb/men/74.jpg'}, 'nat': 'NO'}</msg>
<arg>${json_data['results'][0]}</arg>
<doc>Logs the given message with the given level.</doc>
<status status="PASS" start="2024-03-25T16:17:20.668371" elapsed="0.000408"/>
</kw>
<kw name="Log" owner="BuiltIn">
<msg time="2024-03-25T16:17:20.669197" level="INFO">email</msg>
<arg>${key}</arg>
<doc>Logs the given message with the given level.</doc>
<status status="PASS" start="2024-03-25T16:17:20.669071" elapsed="0.000163"/>
</kw>
<var name="${key}">email</var>
<status status="PASS" start="2024-03-25T16:17:20.667556" elapsed="0.001893"/>
</iter>
<iter>
<kw name="Dictionary Should Contain Key" owner="Collections">
<msg time="2024-03-25T16:17:20.670152" level="INFO">False</msg>
<arg>${json_data['results'][0]}</arg>
<arg>${key}</arg>
<doc>Fails if ``key`` is not found from ``dictionary``.</doc>
<status status="PASS" start="2024-03-25T16:17:20.669736" elapsed="0.000453"/>
</kw>
<kw name="Log" owner="BuiltIn">
<msg time="2024-03-25T16:17:20.670844" level="INFO">{'gender': 'male', 'name': {'title': 'Mr', 'first': 'Arthur', 'last': 'Lyng'}, 'location': {'street': {'number': 2430, 'name': 'Odvar Solbergs vei'}, 'city': 'Tælavåg', 'state': 'Akershus', 'country': 'Norway', 'postcode': '9016', 'coordinates': {'latitude': '45.5016', 'longitude': '-139.8594'}, 'timezone': {'offset': '0:00', 'description': 'Western Europe Time, London, Lisbon, Casablanca'}}, 'email': 'arthur.lyng@example.com', 'login': {'uuid': '1863ae07-25ab-4c9f-a6bb-19abb6470761', 'username': 'sadpeacock175', 'password': 'hallowee', 'salt': 'ivNTWL7N', 'md5': 'cfb38e4bee4f7e58c6e22e2a462a5464', 'sha1': '921dd14cef6c228ac70f79b48e0c1a6f5ff177e1', 'sha256': 'd4c1f7e6ac0b3bd7c287f96b2f0cfa496ba1ed0207e4037808e76c5a4d7595b6'}, 'dob': {'date': '1978-03-04T20:30:14.439Z', 'age': 46}, 'registered': {'date': '2015-06-04T10:42:18.172Z', 'age': 8}, 'phone': '74240440', 'cell': '46380343', 'id': {'name': 'FN', 'value': '04037800304'}, 'picture': {'large': 'https://randomuser.me/api/portraits/men/74.jpg', 'medium': 'https://randomuser.me/api/portraits/med/men/74.jpg', 'thumbnail': 'https://randomuser.me/api/portraits/thumb/men/74.jpg'}, 'nat': 'NO'}</msg>
<arg>${json_data['results'][0]}</arg>
<doc>Logs the given message with the given level.</doc>
<status status="PASS" start="2024-03-25T16:17:20.670480" elapsed="0.000412"/>
</kw>
<kw name="Log" owner="BuiltIn">
<msg time="2024-03-25T16:17:20.671309" level="INFO">login</msg>
<arg>${key}</arg>
<doc>Logs the given message with the given level.</doc>
<status status="PASS" start="2024-03-25T16:17:20.671184" elapsed="0.000267"/>
</kw>
<var name="${key}">login</var>
<status status="PASS" start="2024-03-25T16:17:20.669620" elapsed="0.002081"/>
</iter>
<var>${key}</var>
<value>@{expected_keys}</value>
<status status="PASS" start="2024-03-25T16:17:20.660886" elapsed="0.010945"/>
</for>
<kw name="Create List" owner="BuiltIn">
<msg time="2024-03-25T16:17:20.672164" level="INFO">${expected_keysTwo} = ['username', 'password']</msg>
<var>${expected_keysTwo}</var>
<arg>username</arg>
<arg>password</arg>
<doc>Returns a list containing given items.</doc>
<status status="PASS" start="2024-03-25T16:17:20.672026" elapsed="0.000162"/>
</kw>
<for flavor="IN">
<iter>
<kw name="Dictionary Should Contain Key" owner="Collections">
<msg time="2024-03-25T16:17:20.673063" level="INFO">False</msg>
<arg>${json_data['results'][0]['login']}</arg>
<arg>${keyTwo}</arg>
<doc>Fails if ``key`` is not found from ``dictionary``.</doc>
<status status="PASS" start="2024-03-25T16:17:20.672685" elapsed="0.000415"/>
</kw>
<kw name="Dictionary Should Contain Key" owner="Collections">
<msg time="2024-03-25T16:17:20.673762" level="INFO">False</msg>
<arg>${json_data['results'][0]['login']}</arg>
<arg>${keyTwo}</arg>
<doc>Fails if ``key`` is not found from ``dictionary``.</doc>
<status status="PASS" start="2024-03-25T16:17:20.673391" elapsed="0.000407"/>
</kw>
<kw name="Log" owner="BuiltIn">
<msg time="2024-03-25T16:17:20.674249" level="INFO">username</msg>
<arg>${keyTwo}</arg>
<doc>Logs the given message with the given level.</doc>
<status status="PASS" start="2024-03-25T16:17:20.674123" elapsed="0.000162"/>
</kw>
<var name="${keyTwo}">username</var>
<status status="PASS" start="2024-03-25T16:17:20.672576" elapsed="0.001924"/>
</iter>
<iter>
<kw name="Dictionary Should Contain Key" owner="Collections">
<msg time="2024-03-25T16:17:20.675143" level="INFO">False</msg>
<arg>${json_data['results'][0]['login']}</arg>
<arg>${keyTwo}</arg>
<doc>Fails if ``key`` is not found from ``dictionary``.</doc>
<status status="PASS" start="2024-03-25T16:17:20.674777" elapsed="0.000402"/>
</kw>
<kw name="Dictionary Should Contain Key" owner="Collections">
<msg time="2024-03-25T16:17:20.675837" level="INFO">False</msg>
<arg>${json_data['results'][0]['login']}</arg>
<arg>${keyTwo}</arg>
<doc>Fails if ``key`` is not found from ``dictionary``.</doc>
<status status="PASS" start="2024-03-25T16:17:20.675465" elapsed="0.000408"/>
</kw>
<kw name="Log" owner="BuiltIn">
<msg time="2024-03-25T16:17:20.676284" level="INFO">password</msg>
<arg>${keyTwo}</arg>
<doc>Logs the given message with the given level.</doc>
<status status="PASS" start="2024-03-25T16:17:20.676160" elapsed="0.000167"/>
</kw>
<var name="${keyTwo}">password</var>
<status status="PASS" start="2024-03-25T16:17:20.674669" elapsed="0.001878"/>
</iter>
<var>${keyTwo}</var>
<value>@{expected_keysTwo}</value>
<status status="PASS" start="2024-03-25T16:17:20.672426" elapsed="0.004240"/>
</for>
<status status="PASS" start="2024-03-25T16:17:20.561388" elapsed="0.115418"/>
</kw>
<doc>Testa a estrutura da resposta da API.</doc>
<tag>testeEstruturaResposta</tag>
<status status="PASS" start="2024-03-25T16:17:20.560616" elapsed="0.116345"/>
</test>
<test id="s1-s1-t4" name="Validar tipos de dados" line="28">
<kw name="Teste de Tipos de Dados" owner="random-user-service">
<kw name="GET On Session" owner="RequestsLibrary">
<msg time="2024-03-25T16:17:20.776284" level="INFO">GET Request : url=https://randomuser.me/api 
 path_url=/api 
 headers={'User-Agent': 'python-requests/2.31.0', 'Accept-Encoding': 'gzip, deflate', 'Accept': '*/*', 'Connection': 'keep-alive'} 
 body=None 
 </msg>
<msg time="2024-03-25T16:17:20.776372" level="INFO">GET Response : url=https://randomuser.me/api 
 status=200, reason=OK 
 headers={'Date': 'Mon, 25 Mar 2024 16:17:20 GMT', 'Content-Type': 'application/json; charset=utf-8', 'Transfer-Encoding': 'chunked', 'Connection': 'keep-alive', 'X-Powered-By': 'Express', 'Access-Control-Allow-Origin': '*', 'Cache-Control': 'no-cache', 'ETag': 'W/"49a-xopqgXWqEZAkVERNkIOHvDCqTYc"', 'Vary': 'Accept-Encoding', 'Content-Encoding': 'gzip', 'CF-Cache-Status': 'DYNAMIC', 'Report-To': '{"endpoints":[{"url":"https:\\/\\/a.nel.cloudflare.com\\/report\\/v4?s=p7pdMfG4XStuYAHBfdw8ulL28wys8tiqJJ%2Fz6piVrJ7GTUsh3DesYY%2BpCWbcZVuZYsm%2FYiQXJ5Ms45QuUpndM1U8vzFhhn2KXKpUiA6nVRPPiNFGv5nhTLnLnMXypgg7"}],"group":"cf-nel","max_age":604800}', 'NEL': '{"success_fraction":0,"report_to":"cf-nel","max_age":604800}', 'Server': 'cloudflare', 'CF-RAY': '86a035e84f480fd4-LAX', 'alt-svc': 'h3=":443"; ma=86400'} 
 body={"results":[{"gender":"female","name":{"title":"Miss","first":"Elya","last":"Legrand"},"location":{"street":{"number":1908,"name":"Rue des Ecrivains"},"city":"Rueil-Malmaison","state":"Pyrénées-Orientales","country":"France","postcode":53829,"coordinates":{"latitude":"-14.0602","longitude":"50.2808"},"timezone":{"offset":"+5:45","description":"Kathmandu"}},"email":"elya.legrand@example.com","login":{"uuid":"484c3bcc-79b9-469f-b997-6a02b8325b8e","username":"lazykoala680","password":"motor","salt":"LTJxJ9mJ","md5":"7c20455ea98cea127a370c1315b0fd76","sha1":"64c9ce66f81e792cea7bc362185c34dbc9ad86db","sha256":"4532e779c2cd3280969d22bcaa8a7a1ac8aa96c21af667fc4280c647a30b3045"},"dob":{"date":"1947-06-30T17:35:56.843Z","age":76},"registered":{"date":"2005-05-06T03:30:10.737Z","age":18},"phone":"03-21-36-58-99","cell":"06-99-77-23-29","id":{"name":"INSEE","value":"2470508419954 39"},"picture":{"large":"https://randomuser.me/api/portraits/women/71.jpg","medium":"https://randomuser.me/api/portraits/med/women/71.jpg","thumbnail":"https://randomuser.me/api/portraits/thumb/women/71.jpg"},"nat":"FR"}],"info":{"seed":"063be80f0d0703a9","results":1,"page":1,"version":"1.4"}} 
 </msg>
<msg time="2024-03-25T16:17:20.776447" level="INFO">/opt/hostedtoolcache/Python/3.12.2/x64/lib/python3.12/site-packages/urllib3/connectionpool.py:1103: InsecureRequestWarning: Unverified HTTPS request is being made to host 'randomuser.me'. Adding certificate verification is strongly advised. See: https://urllib3.readthedocs.io/en/latest/advanced-usage.html#tls-warnings
  warnings.warn(</msg>
<msg time="2024-03-25T16:17:20.776567" level="INFO">${response} = &lt;Response [200]&gt;</msg>
<var>${response}</var>
<arg>consultarAPI</arg>
<arg>/api</arg>
<doc>Sends a GET request on a previously created HTTP Session.</doc>
<status status="PASS" start="2024-03-25T16:17:20.679526" elapsed="0.097095"/>
</kw>
<kw name="Set Variable" owner="BuiltIn">
<msg time="2024-03-25T16:17:20.777740" level="INFO">${json_data} = {'results': [{'gender': 'female', 'name': {'title': 'Miss', 'first': 'Elya', 'last': 'Legrand'}, 'location': {'street': {'number': 1908, 'name': 'Rue des Ecrivains'}, 'city': 'Rueil-Malmaison', 'state...</msg>
<var>${json_data}</var>
<arg>${response.json()}</arg>
<doc>Returns the given values which can then be assigned to a variables.</doc>
<status status="PASS" start="2024-03-25T16:17:20.777182" elapsed="0.000587"/>
</kw>
<kw name="Log" owner="BuiltIn">
<msg time="2024-03-25T16:17:20.778284" level="INFO">{'results': [{'gender': 'female', 'name': {'title': 'Miss', 'first': 'Elya', 'last': 'Legrand'}, 'location': {'street': {'number': 1908, 'name': 'Rue des Ecrivains'}, 'city': 'Rueil-Malmaison', 'state': 'Pyrénées-Orientales', 'country': 'France', 'postcode': 53829, 'coordinates': {'latitude': '-14.0602', 'longitude': '50.2808'}, 'timezone': {'offset': '+5:45', 'description': 'Kathmandu'}}, 'email': 'elya.legrand@example.com', 'login': {'uuid': '484c3bcc-79b9-469f-b997-6a02b8325b8e', 'username': 'lazykoala680', 'password': 'motor', 'salt': 'LTJxJ9mJ', 'md5': '7c20455ea98cea127a370c1315b0fd76', 'sha1': '64c9ce66f81e792cea7bc362185c34dbc9ad86db', 'sha256': '4532e779c2cd3280969d22bcaa8a7a1ac8aa96c21af667fc4280c647a30b3045'}, 'dob': {'date': '1947-06-30T17:35:56.843Z', 'age': 76}, 'registered': {'date': '2005-05-06T03:30:10.737Z', 'age': 18}, 'phone': '03-21-36-58-99', 'cell': '06-99-77-23-29', 'id': {'name': 'INSEE', 'value': '2470508419954 39'}, 'picture': {'large': 'https://randomuser.me/api/portraits/women/71.jpg', 'medium': 'https://randomuser.me/api/portraits/med/women/71.jpg', 'thumbnail': 'https://randomuser.me/api/portraits/thumb/women/71.jpg'}, 'nat': 'FR'}], 'info': {'seed': '063be80f0d0703a9', 'results': 1, 'page': 1, 'version': '1.4'}}</msg>
<arg>${json_data}</arg>
<doc>Logs the given message with the given level.</doc>
<status status="PASS" start="2024-03-25T16:17:20.778117" elapsed="0.000254"/>
</kw>
<kw name="Should Be String" owner="String">
<arg>${json_data['results'][0]['gender']}</arg>
<doc>Fails if the given ``item`` is not a string.</doc>
<status status="PASS" start="2024-03-25T16:17:20.778673" elapsed="0.000370"/>
</kw>
<kw name="Should Match Regexp" owner="BuiltIn">
<arg>${json_data['results'][0]['email']}</arg>
<arg>^[a-zA-Z0-9._%+-]+@[a-zA-Z0-9.-]+\.[a-zA-Z]{2,}$</arg>
<doc>Fails if ``string`` does not match ``pattern`` as a regular expression.</doc>
<status status="PASS" start="2024-03-25T16:17:20.779238" elapsed="0.000516"/>
</kw>
<kw name="Should Match Regexp" owner="BuiltIn">
<arg>${json_data['results'][0]['dob']['date']}</arg>
<arg>\\d{4}-\\d{2}-\\d{2}T\\d{2}:\\d{2}:\\d{2}\\.\\d{3}Z</arg>
<doc>Fails if ``string`` does not match ``pattern`` as a regular expression.</doc>
<status status="PASS" start="2024-03-25T16:17:20.779949" elapsed="0.000501"/>
</kw>
<kw name="Should Match Regexp" owner="BuiltIn">
<arg>${json_data['results'][0]['registered']['date']}</arg>
<arg>\\d{4}-\\d{2}-\\d{2}T\\d{2}:\\d{2}:\\d{2}\\.\\d{3}Z</arg>
<doc>Fails if ``string`` does not match ``pattern`` as a regular expression.</doc>
<status status="PASS" start="2024-03-25T16:17:20.780645" elapsed="0.000367"/>
</kw>
<kw name="Should Match Regexp" owner="BuiltIn">
<arg>${json_data['results'][0]['picture']['large']}</arg>
<arg>^https?://.*\.(?:png|jpe?g|gif|bmp)$</arg>
<doc>Fails if ``string`` does not match ``pattern`` as a regular expression.</doc>
<status status="PASS" start="2024-03-25T16:17:20.781196" elapsed="0.000460"/>
</kw>
<kw name="Should Match Regexp" owner="BuiltIn">
<arg>${json_data['results'][0]['picture']['medium']}</arg>
<arg>^https?://.*\.(?:png|jpe?g|gif|bmp)$</arg>
<doc>Fails if ``string`` does not match ``pattern`` as a regular expression.</doc>
<status status="PASS" start="2024-03-25T16:17:20.781843" elapsed="0.000390"/>
</kw>
<kw name="Should Match Regexp" owner="BuiltIn">
<arg>${json_data['results'][0]['picture']['thumbnail']}</arg>
<arg>^https?://.*\.(?:png|jpe?g|gif|bmp)$</arg>
<doc>Fails if ``string`` does not match ``pattern`` as a regular expression.</doc>
<status status="PASS" start="2024-03-25T16:17:20.782420" elapsed="0.000352"/>
</kw>
<kw name="Log" owner="BuiltIn">
<msg time="2024-03-25T16:17:20.783276" level="INFO">{'large': 'https://randomuser.me/api/portraits/women/71.jpg', 'medium': 'https://randomuser.me/api/portraits/med/women/71.jpg', 'thumbnail': 'https://randomuser.me/api/portraits/thumb/women/71.jpg'}</msg>
<arg>${json_data['results'][0]['picture']}</arg>
<doc>Logs the given message with the given level.</doc>
<status status="PASS" start="2024-03-25T16:17:20.782952" elapsed="0.000370"/>
</kw>
<status status="PASS" start="2024-03-25T16:17:20.679293" elapsed="0.104284"/>
</kw>
<kw name="Teste de Tipos de Dados - Postcode" owner="random-user-service">
<kw name="GET On Session" owner="RequestsLibrary">
<msg time="2024-03-25T16:17:20.888144" level="INFO">GET Request : url=https://randomuser.me/api 
 path_url=/api 
 headers={'User-Agent': 'python-requests/2.31.0', 'Accept-Encoding': 'gzip, deflate', 'Accept': '*/*', 'Connection': 'keep-alive'} 
 body=None 
 </msg>
<msg time="2024-03-25T16:17:20.888218" level="INFO">GET Response : url=https://randomuser.me/api 
 status=200, reason=OK 
 headers={'Date': 'Mon, 25 Mar 2024 16:17:20 GMT', 'Content-Type': 'application/json; charset=utf-8', 'Transfer-Encoding': 'chunked', 'Connection': 'keep-alive', 'X-Powered-By': 'Express', 'Access-Control-Allow-Origin': '*', 'Cache-Control': 'no-cache', 'ETag': 'W/"48d-mEMcZagqlvhxVXGUPq5ROt0bF88"', 'Vary': 'Accept-Encoding', 'Content-Encoding': 'gzip', 'CF-Cache-Status': 'DYNAMIC', 'Report-To': '{"endpoints":[{"url":"https:\\/\\/a.nel.cloudflare.com\\/report\\/v4?s=IcaSQjV%2BpMtFjwmx8%2FSq2lTIs7BDea%2FrUsOCuVRnrOxErtVANedqpOnoGFRDKd4%2FVXObXroNLB8yRJfCwsOrknYZebI11ZwH%2BdD%2F9RIOS%2BnjwwN3hb4VFGyo6TxBnKgr"}],"group":"cf-nel","max_age":604800}', 'NEL': '{"success_fraction":0,"report_to":"cf-nel","max_age":604800}', 'Server': 'cloudflare', 'CF-RAY': '86a035e8e8870fd4-LAX', 'alt-svc': 'h3=":443"; ma=86400'} 
 body={"results":[{"gender":"male","name":{"title":"Mr","first":"Matteo","last":"Morin"},"location":{"street":{"number":9332,"name":"Rue Dubois"},"city":"Toulon","state":"Vendée","country":"France","postcode":22928,"coordinates":{"latitude":"-19.6266","longitude":"-12.0751"},"timezone":{"offset":"-3:00","description":"Brazil, Buenos Aires, Georgetown"}},"email":"matteo.morin@example.com","login":{"uuid":"ab5edef2-8a23-4dd3-9a9e-38281cba9d2c","username":"organicwolf300","password":"nurses","salt":"HOlmZ1pM","md5":"d0348c5870b4e3b6162a5ef99b925471","sha1":"35d24cd0c5e69816dd04a0864e5ef41df53b4da4","sha256":"fd2d1202656b3112f6f2ca3d178ec9dbed8fed11eb3d2582e7973e94d9806e77"},"dob":{"date":"1975-07-10T07:40:05.695Z","age":48},"registered":{"date":"2005-10-30T00:58:48.842Z","age":18},"phone":"01-76-65-81-82","cell":"06-90-65-65-04","id":{"name":"INSEE","value":"1750665658330 57"},"picture":{"large":"https://randomuser.me/api/portraits/men/55.jpg","medium":"https://randomuser.me/api/portraits/med/men/55.jpg","thumbnail":"https://randomuser.me/api/portraits/thumb/men/55.jpg"},"nat":"FR"}],"info":{"seed":"aa44112d755fe7d7","results":1,"page":1,"version":"1.4"}} 
 </msg>
<msg time="2024-03-25T16:17:20.888284" level="INFO">/opt/hostedtoolcache/Python/3.12.2/x64/lib/python3.12/site-packages/urllib3/connectionpool.py:1103: InsecureRequestWarning: Unverified HTTPS request is being made to host 'randomuser.me'. Adding certificate verification is strongly advised. See: https://urllib3.readthedocs.io/en/latest/advanced-usage.html#tls-warnings
  warnings.warn(</msg>
<msg time="2024-03-25T16:17:20.888371" level="INFO">${response} = &lt;Response [200]&gt;</msg>
<var>${response}</var>
<arg>consultarAPI</arg>
<arg>/api</arg>
<doc>Sends a GET request on a previously created HTTP Session.</doc>
<status status="PASS" start="2024-03-25T16:17:20.784147" elapsed="0.104256"/>
</kw>
<kw name="Set Variable" owner="BuiltIn">
<msg time="2024-03-25T16:17:20.889215" level="INFO">${json_data} = {'results': [{'gender': 'male', 'name': {'title': 'Mr', 'first': 'Matteo', 'last': 'Morin'}, 'location': {'street': {'number': 9332, 'name': 'Rue Dubois'}, 'city': 'Toulon', 'state': 'Vendée', 'countr...</msg>
<var>${json_data}</var>
<arg>${response.json()}</arg>
<doc>Returns the given values which can then be assigned to a variables.</doc>
<status status="PASS" start="2024-03-25T16:17:20.888775" elapsed="0.000469"/>
</kw>
<kw name="Log" owner="BuiltIn">
<msg time="2024-03-25T16:17:20.889707" level="INFO">{'results': [{'gender': 'male', 'name': {'title': 'Mr', 'first': 'Matteo', 'last': 'Morin'}, 'location': {'street': {'number': 9332, 'name': 'Rue Dubois'}, 'city': 'Toulon', 'state': 'Vendée', 'country': 'France', 'postcode': 22928, 'coordinates': {'latitude': '-19.6266', 'longitude': '-12.0751'}, 'timezone': {'offset': '-3:00', 'description': 'Brazil, Buenos Aires, Georgetown'}}, 'email': 'matteo.morin@example.com', 'login': {'uuid': 'ab5edef2-8a23-4dd3-9a9e-38281cba9d2c', 'username': 'organicwolf300', 'password': 'nurses', 'salt': 'HOlmZ1pM', 'md5': 'd0348c5870b4e3b6162a5ef99b925471', 'sha1': '35d24cd0c5e69816dd04a0864e5ef41df53b4da4', 'sha256': 'fd2d1202656b3112f6f2ca3d178ec9dbed8fed11eb3d2582e7973e94d9806e77'}, 'dob': {'date': '1975-07-10T07:40:05.695Z', 'age': 48}, 'registered': {'date': '2005-10-30T00:58:48.842Z', 'age': 18}, 'phone': '01-76-65-81-82', 'cell': '06-90-65-65-04', 'id': {'name': 'INSEE', 'value': '1750665658330 57'}, 'picture': {'large': 'https://randomuser.me/api/portraits/men/55.jpg', 'medium': 'https://randomuser.me/api/portraits/med/men/55.jpg', 'thumbnail': 'https://randomuser.me/api/portraits/thumb/men/55.jpg'}, 'nat': 'FR'}], 'info': {'seed': 'aa44112d755fe7d7', 'results': 1, 'page': 1, 'version': '1.4'}}</msg>
<arg>${json_data}</arg>
<doc>Logs the given message with the given level.</doc>
<status status="PASS" start="2024-03-25T16:17:20.889553" elapsed="0.000231"/>
</kw>
<kw name="Should Be Equal As Numbers" owner="BuiltIn">
<arg>${json_data['results'][0]['location']['postcode']}</arg>
<arg>${json_data['results'][0]['location']['postcode']}</arg>
<doc>Fails if objects are unequal after converting them to real numbers.</doc>
<status status="PASS" start="2024-03-25T16:17:20.890115" elapsed="0.000621"/>
</kw>
<kw name="Log" owner="BuiltIn">
<msg time="2024-03-25T16:17:20.891260" level="INFO">22928</msg>
<arg>${json_data['results'][0]['location']['postcode']}</arg>
<doc>Logs the given message with the given level.</doc>
<status status="PASS" start="2024-03-25T16:17:20.890927" elapsed="0.000372"/>
</kw>
<status status="PASS" start="2024-03-25T16:17:20.783800" elapsed="0.107748"/>
</kw>
<doc>Testa se os tipos de dados na resposta da API estão corretos.</doc>
<tag>testeTiposDados</tag>
<status status="PASS" start="2024-03-25T16:17:20.678733" elapsed="0.212980"/>
</test>
<test id="s1-s1-t5" name="Validar conteudo" line="35">
<kw name="Teste de Tipos de Conteudo" owner="random-user-service">
<kw name="GET On Session" owner="RequestsLibrary">
<msg time="2024-03-25T16:17:21.009731" level="INFO">GET Request : url=https://randomuser.me/api 
 path_url=/api 
 headers={'User-Agent': 'python-requests/2.31.0', 'Accept-Encoding': 'gzip, deflate', 'Accept': '*/*', 'Connection': 'keep-alive'} 
 body=None 
 </msg>
<msg time="2024-03-25T16:17:21.009817" level="INFO">GET Response : url=https://randomuser.me/api 
 status=200, reason=OK 
 headers={'Date': 'Mon, 25 Mar 2024 16:17:21 GMT', 'Content-Type': 'application/json; charset=utf-8', 'Transfer-Encoding': 'chunked', 'Connection': 'keep-alive', 'X-Powered-By': 'Express', 'Access-Control-Allow-Origin': '*', 'Cache-Control': 'no-cache', 'ETag': 'W/"4a6-wK9kN74IKZrzpHZzCWYeG04zdes"', 'Vary': 'Accept-Encoding', 'Content-Encoding': 'gzip', 'CF-Cache-Status': 'DYNAMIC', 'Report-To': '{"endpoints":[{"url":"https:\\/\\/a.nel.cloudflare.com\\/report\\/v4?s=HADsgBeVqhjLneRuPjY26tVguBW4qoP9W4Cw33jNIRqsNx9mSQP9GvhTA6EKSgtafvRjR3LA5XKbid8nspw8%2BCp7eq%2FQNxsT8vYw17PjSLjKweg42NbUjsn20hRFZIWM"}],"group":"cf-nel","max_age":604800}', 'NEL': '{"success_fraction":0,"report_to":"cf-nel","max_age":604800}', 'Server': 'cloudflare', 'CF-RAY': '86a035e999600fd4-LAX', 'alt-svc': 'h3=":443"; ma=86400'} 
 body={"results":[{"gender":"male","name":{"title":"Mr","first":"Johan","last":"Vincent"},"location":{"street":{"number":1352,"name":"Rue Denfert-Rochereau"},"city":"Clermont-Ferrand","state":"Aude","country":"France","postcode":43343,"coordinates":{"latitude":"-17.0417","longitude":"-83.4306"},"timezone":{"offset":"+8:00","description":"Beijing, Perth, Singapore, Hong Kong"}},"email":"johan.vincent@example.com","login":{"uuid":"6fd2a415-7c80-4d35-aff4-9a4ac85f7a16","username":"yellowelephant631","password":"wage","salt":"CWFcYpvj","md5":"7c7c21d3de731c03eb80384833aa97d2","sha1":"4f2fae22a1236ebe220a616a7cab91a58e24b64b","sha256":"4c4827b5d6261d0bb5c633385d3274c6df8150662d3ccc2887351d385adea3f7"},"dob":{"date":"1980-08-12T05:48:05.899Z","age":43},"registered":{"date":"2007-06-19T18:09:38.222Z","age":16},"phone":"04-53-94-61-34","cell":"06-59-16-88-58","id":{"name":"INSEE","value":"1800732878957 88"},"picture":{"large":"https://randomuser.me/api/portraits/men/63.jpg","medium":"https://randomuser.me/api/portraits/med/men/63.jpg","thumbnail":"https://randomuser.me/api/portraits/thumb/men/63.jpg"},"nat":"FR"}],"info":{"seed":"d9e412c94bcfedf7","results":1,"page":1,"version":"1.4"}} 
 </msg>
<msg time="2024-03-25T16:17:21.009888" level="INFO">/opt/hostedtoolcache/Python/3.12.2/x64/lib/python3.12/site-packages/urllib3/connectionpool.py:1103: InsecureRequestWarning: Unverified HTTPS request is being made to host 'randomuser.me'. Adding certificate verification is strongly advised. See: https://urllib3.readthedocs.io/en/latest/advanced-usage.html#tls-warnings
  warnings.warn(</msg>
<msg time="2024-03-25T16:17:21.010028" level="INFO">${response} = &lt;Response [200]&gt;</msg>
<var>${response}</var>
<arg>consultarAPI</arg>
<arg>/api</arg>
<doc>Sends a GET request on a previously created HTTP Session.</doc>
<status status="PASS" start="2024-03-25T16:17:20.894145" elapsed="0.115927"/>
</kw>
<kw name="Set Variable" owner="BuiltIn">
<msg time="2024-03-25T16:17:21.010989" level="INFO">${json_data} = {'results': [{'gender': 'male', 'name': {'title': 'Mr', 'first': 'Johan', 'last': 'Vincent'}, 'location': {'street': {'number': 1352, 'name': 'Rue Denfert-Rochereau'}, 'city': 'Clermont-Ferrand', 'sta...</msg>
<var>${json_data}</var>
<arg>${response.json()}</arg>
<doc>Returns the given values which can then be assigned to a variables.</doc>
<status status="PASS" start="2024-03-25T16:17:21.010543" elapsed="0.000475"/>
</kw>
<kw name="Set Variable" owner="BuiltIn">
<msg time="2024-03-25T16:17:21.011697" level="INFO">${name_title} = Mr</msg>
<var>${name_title}</var>
<arg>${json_data["results"][0]["name"]["title"]}</arg>
<doc>Returns the given values which can then be assigned to a variables.</doc>
<status status="PASS" start="2024-03-25T16:17:21.011321" elapsed="0.000400"/>
</kw>
<kw name="Create List" owner="BuiltIn">
<msg time="2024-03-25T16:17:21.012166" level="INFO">${allowed_titles} = ['Mr', 'Ms', 'Miss', 'Mrs', 'Madame', 'Monsieur']</msg>
<var>${allowed_titles}</var>
<arg>Mr</arg>
<arg>Ms</arg>
<arg>Miss</arg>
<arg>Mrs</arg>
<arg>Madame</arg>
<arg>Monsieur</arg>
<doc>Returns a list containing given items.</doc>
<status status="PASS" start="2024-03-25T16:17:21.012017" elapsed="0.000173"/>
</kw>
<kw name="List Should Contain Value" owner="Collections">
<msg time="2024-03-25T16:17:21.012668" level="INFO">False</msg>
<arg>${allowed_titles}</arg>
<arg>${name_title}</arg>
<doc>Fails if the ``value`` is not found from ``list``.</doc>
<status status="PASS" start="2024-03-25T16:17:21.012494" elapsed="0.000210"/>
</kw>
<kw name="Set Variable" owner="BuiltIn">
<msg time="2024-03-25T16:17:21.013367" level="INFO">${name_country} = FR</msg>
<var>${name_country}</var>
<arg>${json_data["results"][0]["nat"]}</arg>
<doc>Returns the given values which can then be assigned to a variables.</doc>
<status status="PASS" start="2024-03-25T16:17:21.012990" elapsed="0.000401"/>
</kw>
<kw name="Create List" owner="BuiltIn">
<msg time="2024-03-25T16:17:21.014321" level="INFO">${list_country} = ['AD', 'AE', 'AF', 'AG', 'AI', 'AL', 'AM', 'AO', 'AQ', 'AR', 'AS', 'AT', 'AU', 'AW', 'AX', 'AZ', 'BA', 'BB', 'BD', 'BE', 'BF', 'BG', 'BH', 'BI', 'BJ', 'BL', 'BM', 'BN', 'BO', 'BQ', 'BR', 'BS', 'BT', '...</msg>
<var>${list_country}</var>
<arg>AD</arg>
<arg>AE</arg>
<arg>AF</arg>
<arg>AG</arg>
<arg>AI</arg>
<arg>AL</arg>
<arg>AM</arg>
<arg>AO</arg>
<arg>AQ</arg>
<arg>AR</arg>
<arg>AS</arg>
<arg>AT</arg>
<arg>AU</arg>
<arg>AW</arg>
<arg>AX</arg>
<arg>AZ</arg>
<arg>BA</arg>
<arg>BB</arg>
<arg>BD</arg>
<arg>BE</arg>
<arg>BF</arg>
<arg>BG</arg>
<arg>BH</arg>
<arg>BI</arg>
<arg>BJ</arg>
<arg>BL</arg>
<arg>BM</arg>
<arg>BN</arg>
<arg>BO</arg>
<arg>BQ</arg>
<arg>BR</arg>
<arg>BS</arg>
<arg>BT</arg>
<arg>BV</arg>
<arg>BW</arg>
<arg>BY</arg>
<arg>BZ</arg>
<arg>CA</arg>
<arg>CC</arg>
<arg>CD</arg>
<arg>CF</arg>
<arg>CG</arg>
<arg>CH</arg>
<arg>CI</arg>
<arg>CK</arg>
<arg>CL</arg>
<arg>CM</arg>
<arg>CN</arg>
<arg>CO</arg>
<arg>CR</arg>
<arg>CU</arg>
<arg>CV</arg>
<arg>CW</arg>
<arg>CX</arg>
<arg>CY</arg>
<arg>CZ</arg>
<arg>DE</arg>
<arg>DJ</arg>
<arg>DK</arg>
<arg>DM</arg>
<arg>DO</arg>
<arg>DZ</arg>
<arg>EC</arg>
<arg>EE</arg>
<arg>EG</arg>
<arg>EH</arg>
<arg>ER</arg>
<arg>ES</arg>
<arg>ET</arg>
<arg>FI</arg>
<arg>FJ</arg>
<arg>FK</arg>
<arg>FM</arg>
<arg>FO</arg>
<arg>FR</arg>
<arg>GA</arg>
<arg>GB</arg>
<arg>GD</arg>
<arg>GE</arg>
<arg>GF</arg>
<arg>GG</arg>
<arg>GH</arg>
<arg>GI</arg>
<arg>GL</arg>
<arg>GM</arg>
<arg>GN</arg>
<arg>GP</arg>
<arg>GQ</arg>
<arg>GR</arg>
<arg>GS</arg>
<arg>GT</arg>
<arg>GU</arg>
<arg>GW</arg>
<arg>GY</arg>
<arg>HK</arg>
<arg>HM</arg>
<arg>HN</arg>
<arg>HR</arg>
<arg>HT</arg>
<arg>HU</arg>
<arg>ID</arg>
<arg>IE</arg>
<arg>IL</arg>
<arg>IM</arg>
<arg>IN</arg>
<arg>IO</arg>
<arg>IQ</arg>
<arg>IR</arg>
<arg>IS</arg>
<arg>IT</arg>
<arg>JE</arg>
<arg>JM</arg>
<arg>JO</arg>
<arg>JP</arg>
<arg>KE</arg>
<arg>KG</arg>
<arg>KH</arg>
<arg>KI</arg>
<arg>KM</arg>
<arg>KN</arg>
<arg>KP</arg>
<arg>KR</arg>
<arg>KW</arg>
<arg>KY</arg>
<arg>KZ</arg>
<arg>LA</arg>
<arg>LB</arg>
<arg>LC</arg>
<arg>LI</arg>
<arg>LK</arg>
<arg>LR</arg>
<arg>LS</arg>
<arg>LT</arg>
<arg>LU</arg>
<arg>LV</arg>
<arg>LY</arg>
<arg>MA</arg>
<arg>MC</arg>
<arg>MD</arg>
<arg>ME</arg>
<arg>MF</arg>
<arg>MG</arg>
<arg>MH</arg>
<arg>MK</arg>
<arg>ML</arg>
<arg>MM</arg>
<arg>MN</arg>
<arg>MO</arg>
<arg>MP</arg>
<arg>MQ</arg>
<arg>MR</arg>
<arg>MS</arg>
<arg>MT</arg>
<arg>MU</arg>
<arg>MV</arg>
<arg>MW</arg>
<arg>MX</arg>
<arg>MY</arg>
<arg>MZ</arg>
<arg>NA</arg>
<arg>NC</arg>
<arg>NE</arg>
<arg>NF</arg>
<arg>NG</arg>
<arg>NI</arg>
<arg>NL</arg>
<arg>NO</arg>
<arg>NP</arg>
<arg>NR</arg>
<arg>NU</arg>
<arg>NZ</arg>
<arg>OM</arg>
<arg>PA</arg>
<arg>PE</arg>
<arg>PF</arg>
<arg>PG</arg>
<arg>PH</arg>
<arg>PK</arg>
<arg>PL</arg>
<arg>PM</arg>
<arg>PN</arg>
<arg>PR</arg>
<arg>PS</arg>
<arg>PT</arg>
<arg>PW</arg>
<arg>PY</arg>
<arg>QA</arg>
<arg>RE</arg>
<arg>RO</arg>
<arg>RS</arg>
<arg>RU</arg>
<arg>RW</arg>
<arg>SA</arg>
<arg>SB</arg>
<arg>SC</arg>
<arg>SD</arg>
<arg>SE</arg>
<arg>SG</arg>
<arg>SH</arg>
<arg>SI</arg>
<arg>SJ</arg>
<arg>SK</arg>
<arg>SL</arg>
<arg>SM</arg>
<arg>SN</arg>
<arg>SO</arg>
<arg>SR</arg>
<arg>SS</arg>
<arg>ST</arg>
<arg>SV</arg>
<arg>SX</arg>
<arg>SY</arg>
<arg>SZ</arg>
<arg>TC</arg>
<arg>TD</arg>
<arg>TF</arg>
<arg>TG</arg>
<arg>TH</arg>
<arg>TJ</arg>
<arg>TK</arg>
<arg>TL</arg>
<arg>TM</arg>
<arg>TN</arg>
<arg>TO</arg>
<arg>TR</arg>
<arg>TT</arg>
<arg>TV</arg>
<arg>TW</arg>
<arg>TZ</arg>
<arg>UA</arg>
<arg>UG</arg>
<arg>UM</arg>
<arg>US</arg>
<arg>UY</arg>
<arg>UZ</arg>
<arg>VA</arg>
<arg>VC</arg>
<arg>VE</arg>
<arg>VG</arg>
<arg>VI</arg>
<arg>VN</arg>
<arg>VU</arg>
<arg>WF</arg>
<arg>WS</arg>
<arg>XK</arg>
<arg>YE</arg>
<arg>YT</arg>
<arg>ZA</arg>
<arg>ZM</arg>
<arg>ZW</arg>
<doc>Returns a list containing given items.</doc>
<status status="PASS" start="2024-03-25T16:17:21.013696" elapsed="0.000651"/>
</kw>
<kw name="List Should Contain Value" owner="Collections">
<msg time="2024-03-25T16:17:21.015447" level="INFO">False</msg>
<arg>${list_country}</arg>
<arg>${name_country}</arg>
<doc>Fails if the ``value`` is not found from ``list``.</doc>
<status status="PASS" start="2024-03-25T16:17:21.015244" elapsed="0.000240"/>
</kw>
<kw name="Run Keyword If" owner="BuiltIn">
<kw name="Should Be True" owner="BuiltIn">
<arg>${True}</arg>
<doc>Fails if the given condition is not true.</doc>
<status status="PASS" start="2024-03-25T16:17:21.016548" elapsed="0.000147"/>
</kw>
<arg>${json_data["results"][0]["location"]["coordinates"]["latitude"]} &gt;= -90 and ${json_data["results"][0]["location"]["coordinates"]["latitude"]} &lt;= 90</arg>
<arg>Should Be True</arg>
<arg>${True}</arg>
<doc>Runs the given keyword with the given arguments, if ``condition`` is true.</doc>
<status status="PASS" start="2024-03-25T16:17:21.015795" elapsed="0.001030"/>
</kw>
<kw name="Run Keyword If" owner="BuiltIn">
<kw name="Should Be True" owner="BuiltIn">
<arg>${True}</arg>
<doc>Fails if the given condition is not true.</doc>
<status status="PASS" start="2024-03-25T16:17:21.017727" elapsed="0.000139"/>
</kw>
<arg>${json_data["results"][0]["location"]["coordinates"]["longitude"]} &gt;= -180 and ${json_data["results"][0]["location"]["coordinates"]["longitude"]} &lt;= 180</arg>
<arg>Should Be True</arg>
<arg>${True}</arg>
<doc>Runs the given keyword with the given arguments, if ``condition`` is true.</doc>
<status status="PASS" start="2024-03-25T16:17:21.017011" elapsed="0.001002"/>
</kw>
<status status="PASS" start="2024-03-25T16:17:20.893885" elapsed="0.124272"/>
</kw>
<doc>Testa o conteúdo específico dos campos retornados pela API.</doc>
<tag>testeConteudo</tag>
<status status="PASS" start="2024-03-25T16:17:20.893430" elapsed="0.124876"/>
</test>
<status status="PASS" start="2024-03-25T16:17:19.828258" elapsed="1.191970"/>
</suite>
<status status="PASS" start="2024-03-25T16:17:19.814541" elapsed="1.210923"/>
</suite>
<statistics>
<total>
<stat pass="5" fail="0" skip="0">All Tests</stat>
</total>
<tag>
<stat pass="1" fail="0" skip="0">testeConteudo</stat>
<stat pass="1" fail="0" skip="0">testeEstruturaResposta</stat>
<stat pass="1" fail="0" skip="0">testeRequisicaoBasica</stat>
<stat pass="1" fail="0" skip="0">testeTiposDados</stat>
</tag>
<suite>
<stat pass="5" fail="0" skip="0" id="s1" name="Tests">Tests</stat>
<stat pass="5" fail="0" skip="0" id="s1-s1" name="Random-User-Test">Tests.Random-User-Test</stat>
</suite>
</statistics>
<errors>
</errors>
</robot>
