<?xml version="1.0" encoding="UTF-8"?>
<robot generator="Robot 7.0 (Python 3.12.3 on linux)" generated="2024-06-10T08:20:05.675972" rpa="false" schemaversion="5">
<suite id="s1" name="Tests" source="/home/runner/work/ApiRandomUser/ApiRandomUser/RamdonUser/tests">
<suite id="s1-s1" name="Random-User-Test" source="/home/runner/work/ApiRandomUser/ApiRandomUser/RamdonUser/tests/random-user-test.robot">
<test id="s1-s1-t1" name="Conectar" line="13">
<kw name="Conectar API" owner="random-user-service">
<kw name="Create Session" owner="RequestsLibrary">
<msg time="2024-06-10T08:20:06.095660" level="INFO">Creating Session using : alias=consultarAPI, url=https://randomuser.me/, headers={},                     cookies={}, auth=None, timeout=None, proxies=None, verify=False,                     debug=0 </msg>
<arg>consultarAPI</arg>
<arg>${URL}</arg>
<doc>Create Session: create a HTTP session to a server</doc>
<status status="PASS" start="2024-06-10T08:20:06.095455" elapsed="0.000378"/>
</kw>
<status status="PASS" start="2024-06-10T08:20:06.094376" elapsed="0.001822"/>
</kw>
<status status="PASS" start="2024-06-10T08:20:06.093766" elapsed="0.002626"/>
</test>
<test id="s1-s1-t2" name="Validar retorno 200 e JSON Válido" line="16">
<kw name="Teste de Requisicao Basica" owner="random-user-service">
<kw name="GET On Session" owner="RequestsLibrary">
<msg time="2024-06-10T08:20:06.282696" level="INFO">GET Request : url=https://randomuser.me/api 
 path_url=/api 
 headers={'User-Agent': 'python-requests/2.32.3', 'Accept-Encoding': 'gzip, deflate', 'Accept': '*/*', 'Connection': 'keep-alive'} 
 body=None 
 </msg>
<msg time="2024-06-10T08:20:06.282835" level="INFO">GET Response : url=https://randomuser.me/api 
 status=200, reason=OK 
 headers={'Date': 'Mon, 10 Jun 2024 08:20:06 GMT', 'Content-Type': 'application/json; charset=utf-8', 'Transfer-Encoding': 'chunked', 'Connection': 'keep-alive', 'X-Powered-By': 'Express', 'Access-Control-Allow-Origin': '*', 'Cache-Control': 'no-cache', 'ETag': 'W/"488-WxQTTL2if9ABhQOBe7V2AuSPz4E"', 'Vary': 'Accept-Encoding', 'Content-Encoding': 'gzip', 'CF-Cache-Status': 'DYNAMIC', 'Report-To': '{"endpoints":[{"url":"https:\\/\\/a.nel.cloudflare.com\\/report\\/v4?s=66T8pE%2F9BbMbSPMO%2BPe4OCcJpYYre4GnoU5FBV1GPwvI4kwp94Dl3H2Zf4nfUMtIVwpS9xMN7xaPAivVnsUgznU1EXAV1V5BaHmc0JJB1AHc0y9CNYaweOloh%2BbQmO3L"}],"group":"cf-nel","max_age":604800}', 'NEL': '{"success_fraction":0,"report_to":"cf-nel","max_age":604800}', 'Server': 'cloudflare', 'CF-RAY': '8917f0b25b4b1d04-ORD', 'alt-svc': 'h3=":443"; ma=86400'} 
 body={"results":[{"gender":"male","name":{"title":"Mr","first":"Benno","last":"Dohmen"},"location":{"street":{"number":5808,"name":"Tannenweg"},"city":"Grünstadt","state":"Niedersachsen","country":"Germany","postcode":58025,"coordinates":{"latitude":"-53.3877","longitude":"-70.9487"},"timezone":{"offset":"-7:00","description":"Mountain Time (US &amp; Canada)"}},"email":"benno.dohmen@example.com","login":{"uuid":"1229e588-4a93-48f5-9dbe-f48dcad8fd97","username":"sadswan982","password":"smart1","salt":"rNKpG9ww","md5":"138709ecb95c0f3a2f7f5f3ca6c306e6","sha1":"35b252706fc9ed80512440012ba8a65d12573deb","sha256":"c8aa85430736748d67f4add9c3505cd5fa556c34dbf0883a7f201ad1e1ace6c0"},"dob":{"date":"1959-03-13T06:38:24.760Z","age":65},"registered":{"date":"2012-10-15T00:54:59.104Z","age":11},"phone":"0768-5986400","cell":"0171-3537287","id":{"name":"SVNR","value":"70 130359 D 280"},"picture":{"large":"https://randomuser.me/api/portraits/men/82.jpg","medium":"https://randomuser.me/api/portraits/med/men/82.jpg","thumbnail":"https://randomuser.me/api/portraits/thumb/men/82.jpg"},"nat":"DE"}],"info":{"seed":"ac9c371d91f751c8","results":1,"page":1,"version":"1.4"}} 
 </msg>
<msg time="2024-06-10T08:20:06.282920" level="INFO">/opt/hostedtoolcache/Python/3.12.3/x64/lib/python3.12/site-packages/urllib3/connectionpool.py:1103: InsecureRequestWarning: Unverified HTTPS request is being made to host 'randomuser.me'. Adding certificate verification is strongly advised. See: https://urllib3.readthedocs.io/en/latest/advanced-usage.html#tls-warnings
  warnings.warn(</msg>
<msg time="2024-06-10T08:20:06.283072" level="INFO">${response} = &lt;Response [200]&gt;</msg>
<var>${response}</var>
<arg>consultarAPI</arg>
<arg>/api</arg>
<doc>Sends a GET request on a previously created HTTP Session.</doc>
<status status="PASS" start="2024-06-10T08:20:06.098979" elapsed="0.184134"/>
</kw>
<kw name="Should Be Equal As Numbers" owner="BuiltIn">
<msg time="2024-06-10T08:20:06.284072" level="INFO">Argument types are:
&lt;class 'int'&gt;
&lt;class 'str'&gt;</msg>
<arg>${response.status_code}</arg>
<arg>200</arg>
<doc>Fails if objects are unequal after converting them to real numbers.</doc>
<status status="PASS" start="2024-06-10T08:20:06.283625" elapsed="0.000512"/>
</kw>
<kw name="Log" owner="BuiltIn">
<msg time="2024-06-10T08:20:06.284860" level="INFO">200</msg>
<arg>${response.status_code}</arg>
<doc>Logs the given message with the given level.</doc>
<status status="PASS" start="2024-06-10T08:20:06.284508" elapsed="0.000406"/>
</kw>
<kw name="Set Variable" owner="BuiltIn">
<msg time="2024-06-10T08:20:06.285666" level="INFO">${json_data} = {'results': [{'gender': 'male', 'name': {'title': 'Mr', 'first': 'Benno', 'last': 'Dohmen'}, 'location': {'street': {'number': 5808, 'name': 'Tannenweg'}, 'city': 'Grünstadt', 'state': 'Niedersachsen'...</msg>
<var>${json_data}</var>
<arg>${response.json()}</arg>
<doc>Returns the given values which can then be assigned to a variables.</doc>
<status status="PASS" start="2024-06-10T08:20:06.285225" elapsed="0.000473"/>
</kw>
<kw name="Dictionary Should Contain Key" owner="Collections">
<msg time="2024-06-10T08:20:06.286222" level="INFO">False</msg>
<arg>${json_data}</arg>
<arg>results</arg>
<doc>Fails if ``key`` is not found from ``dictionary``.</doc>
<status status="PASS" start="2024-06-10T08:20:06.286010" elapsed="0.000417"/>
</kw>
<status status="PASS" start="2024-06-10T08:20:06.098740" elapsed="0.187953"/>
</kw>
<doc>Testa se a API responde corretamente e retorna um objeto JSON válido.</doc>
<tag>testeRequisicaoBasica</tag>
<status status="PASS" start="2024-06-10T08:20:06.098279" elapsed="0.188598"/>
</test>
<test id="s1-s1-t3" name="Validar estrutura de resposta" line="22">
<kw name="Teste de Estrutura de Resposta" owner="random-user-service">
<kw name="GET On Session" owner="RequestsLibrary">
<msg time="2024-06-10T08:20:06.340542" level="INFO">GET Request : url=https://randomuser.me/api 
 path_url=/api 
 headers={'User-Agent': 'python-requests/2.32.3', 'Accept-Encoding': 'gzip, deflate', 'Accept': '*/*', 'Connection': 'keep-alive'} 
 body=None 
 </msg>
<msg time="2024-06-10T08:20:06.340641" level="INFO">GET Response : url=https://randomuser.me/api 
 status=200, reason=OK 
 headers={'Date': 'Mon, 10 Jun 2024 08:20:06 GMT', 'Content-Type': 'application/json; charset=utf-8', 'Transfer-Encoding': 'chunked', 'Connection': 'keep-alive', 'X-Powered-By': 'Express', 'Access-Control-Allow-Origin': '*', 'Cache-Control': 'no-cache', 'ETag': 'W/"480-vtTGOZmv0rdobMU717E81A2wBwQ"', 'Vary': 'Accept-Encoding', 'Content-Encoding': 'gzip', 'CF-Cache-Status': 'DYNAMIC', 'Report-To': '{"endpoints":[{"url":"https:\\/\\/a.nel.cloudflare.com\\/report\\/v4?s=bCPCQuXDp2jqv%2F8MXfGylOWpGWEbGqufsEDxjM6q%2F5AxWLl6dk7l6cIe%2FfgrEHCMAlaM6qLlg9cQSbf5PqkYr7a9dkRlUMNuZKTFSFNjIIeu56xsU2z%2FU4t%2FpHFBAp4s"}],"group":"cf-nel","max_age":604800}', 'NEL': '{"success_fraction":0,"report_to":"cf-nel","max_age":604800}', 'Server': 'cloudflare', 'CF-RAY': '8917f0b35bd91d04-ORD', 'alt-svc': 'h3=":443"; ma=86400'} 
 body={"results":[{"gender":"female","name":{"title":"Mrs","first":"Beverly","last":"Sanchez"},"location":{"street":{"number":3760,"name":"Bruce St"},"city":"Warragul","state":"South Australia","country":"Australia","postcode":6952,"coordinates":{"latitude":"-82.7734","longitude":"104.7363"},"timezone":{"offset":"-3:30","description":"Newfoundland"}},"email":"beverly.sanchez@example.com","login":{"uuid":"1c8461f8-0d10-4a9b-b5cb-abba131e09ac","username":"sadostrich751","password":"rodney","salt":"2gaOLSmt","md5":"9b06cc010c43c769100afc9df658afb1","sha1":"4656c2e406830cec81c74b5acf672045dc0c7ef1","sha256":"bd280c150cdaac70f5a01a66bbac8d9fdd2a64ebb29962b43affabaeb8238da0"},"dob":{"date":"1984-03-16T11:07:55.505Z","age":40},"registered":{"date":"2016-02-01T13:01:53.955Z","age":8},"phone":"02-0805-6780","cell":"0410-084-166","id":{"name":"TFN","value":"037316225"},"picture":{"large":"https://randomuser.me/api/portraits/women/7.jpg","medium":"https://randomuser.me/api/portraits/med/women/7.jpg","thumbnail":"https://randomuser.me/api/portraits/thumb/women/7.jpg"},"nat":"AU"}],"info":{"seed":"f57e05367c70fafd","results":1,"page":1,"version":"1.4"}} 
 </msg>
<msg time="2024-06-10T08:20:06.340752" level="INFO">/opt/hostedtoolcache/Python/3.12.3/x64/lib/python3.12/site-packages/urllib3/connectionpool.py:1103: InsecureRequestWarning: Unverified HTTPS request is being made to host 'randomuser.me'. Adding certificate verification is strongly advised. See: https://urllib3.readthedocs.io/en/latest/advanced-usage.html#tls-warnings
  warnings.warn(</msg>
<msg time="2024-06-10T08:20:06.340855" level="INFO">${response} = &lt;Response [200]&gt;</msg>
<var>${response}</var>
<arg>consultarAPI</arg>
<arg>/api</arg>
<doc>Sends a GET request on a previously created HTTP Session.</doc>
<status status="PASS" start="2024-06-10T08:20:06.289423" elapsed="0.051468"/>
</kw>
<kw name="Set Variable" owner="BuiltIn">
<msg time="2024-06-10T08:20:06.341800" level="INFO">${json_data} = {'results': [{'gender': 'female', 'name': {'title': 'Mrs', 'first': 'Beverly', 'last': 'Sanchez'}, 'location': {'street': {'number': 3760, 'name': 'Bruce St'}, 'city': 'Warragul', 'state': 'South Aust...</msg>
<var>${json_data}</var>
<arg>${response.json()}</arg>
<doc>Returns the given values which can then be assigned to a variables.</doc>
<status status="PASS" start="2024-06-10T08:20:06.341319" elapsed="0.000510"/>
</kw>
<kw name="Log" owner="BuiltIn">
<msg time="2024-06-10T08:20:06.342332" level="INFO">{'results': [{'gender': 'female', 'name': {'title': 'Mrs', 'first': 'Beverly', 'last': 'Sanchez'}, 'location': {'street': {'number': 3760, 'name': 'Bruce St'}, 'city': 'Warragul', 'state': 'South Australia', 'country': 'Australia', 'postcode': 6952, 'coordinates': {'latitude': '-82.7734', 'longitude': '104.7363'}, 'timezone': {'offset': '-3:30', 'description': 'Newfoundland'}}, 'email': 'beverly.sanchez@example.com', 'login': {'uuid': '1c8461f8-0d10-4a9b-b5cb-abba131e09ac', 'username': 'sadostrich751', 'password': 'rodney', 'salt': '2gaOLSmt', 'md5': '9b06cc010c43c769100afc9df658afb1', 'sha1': '4656c2e406830cec81c74b5acf672045dc0c7ef1', 'sha256': 'bd280c150cdaac70f5a01a66bbac8d9fdd2a64ebb29962b43affabaeb8238da0'}, 'dob': {'date': '1984-03-16T11:07:55.505Z', 'age': 40}, 'registered': {'date': '2016-02-01T13:01:53.955Z', 'age': 8}, 'phone': '02-0805-6780', 'cell': '0410-084-166', 'id': {'name': 'TFN', 'value': '037316225'}, 'picture': {'large': 'https://randomuser.me/api/portraits/women/7.jpg', 'medium': 'https://randomuser.me/api/portraits/med/women/7.jpg', 'thumbnail': 'https://randomuser.me/api/portraits/thumb/women/7.jpg'}, 'nat': 'AU'}], 'info': {'seed': 'f57e05367c70fafd', 'results': 1, 'page': 1, 'version': '1.4'}}</msg>
<arg>${json_data}</arg>
<doc>Logs the given message with the given level.</doc>
<status status="PASS" start="2024-06-10T08:20:06.342175" elapsed="0.000206"/>
</kw>
<kw name="Dictionary Should Contain Key" owner="Collections">
<msg time="2024-06-10T08:20:06.342843" level="INFO">False</msg>
<arg>${json_data}</arg>
<arg>results</arg>
<doc>Fails if ``key`` is not found from ``dictionary``.</doc>
<status status="PASS" start="2024-06-10T08:20:06.342685" elapsed="0.000195"/>
</kw>
<kw name="Should Not Be Empty" owner="BuiltIn">
<msg time="2024-06-10T08:20:06.343316" level="INFO">Length is 2.</msg>
<arg>${json_data}</arg>
<doc>Verifies that the given item is not empty.</doc>
<status status="PASS" start="2024-06-10T08:20:06.343177" elapsed="0.000179"/>
</kw>
<kw name="Create List" owner="BuiltIn">
<msg time="2024-06-10T08:20:06.343798" level="INFO">${expected_keys} = ['gender', 'name', 'location', 'email', 'login']</msg>
<var>${expected_keys}</var>
<arg>gender</arg>
<arg>name</arg>
<arg>location</arg>
<arg>email</arg>
<arg>login</arg>
<doc>Returns a list containing given items.</doc>
<status status="PASS" start="2024-06-10T08:20:06.343650" elapsed="0.000173"/>
</kw>
<for flavor="IN">
<iter>
<kw name="Dictionary Should Contain Key" owner="Collections">
<msg time="2024-06-10T08:20:06.344830" level="INFO">False</msg>
<arg>${json_data['results'][0]}</arg>
<arg>${key}</arg>
<doc>Fails if ``key`` is not found from ``dictionary``.</doc>
<status status="PASS" start="2024-06-10T08:20:06.344395" elapsed="0.000480"/>
</kw>
<kw name="Log" owner="BuiltIn">
<msg time="2024-06-10T08:20:06.345547" level="INFO">{'gender': 'female', 'name': {'title': 'Mrs', 'first': 'Beverly', 'last': 'Sanchez'}, 'location': {'street': {'number': 3760, 'name': 'Bruce St'}, 'city': 'Warragul', 'state': 'South Australia', 'country': 'Australia', 'postcode': 6952, 'coordinates': {'latitude': '-82.7734', 'longitude': '104.7363'}, 'timezone': {'offset': '-3:30', 'description': 'Newfoundland'}}, 'email': 'beverly.sanchez@example.com', 'login': {'uuid': '1c8461f8-0d10-4a9b-b5cb-abba131e09ac', 'username': 'sadostrich751', 'password': 'rodney', 'salt': '2gaOLSmt', 'md5': '9b06cc010c43c769100afc9df658afb1', 'sha1': '4656c2e406830cec81c74b5acf672045dc0c7ef1', 'sha256': 'bd280c150cdaac70f5a01a66bbac8d9fdd2a64ebb29962b43affabaeb8238da0'}, 'dob': {'date': '1984-03-16T11:07:55.505Z', 'age': 40}, 'registered': {'date': '2016-02-01T13:01:53.955Z', 'age': 8}, 'phone': '02-0805-6780', 'cell': '0410-084-166', 'id': {'name': 'TFN', 'value': '037316225'}, 'picture': {'large': 'https://randomuser.me/api/portraits/women/7.jpg', 'medium': 'https://randomuser.me/api/portraits/med/women/7.jpg', 'thumbnail': 'https://randomuser.me/api/portraits/thumb/women/7.jpg'}, 'nat': 'AU'}</msg>
<arg>${json_data['results'][0]}</arg>
<doc>Logs the given message with the given level.</doc>
<status status="PASS" start="2024-06-10T08:20:06.345181" elapsed="0.000416"/>
</kw>
<kw name="Log" owner="BuiltIn">
<msg time="2024-06-10T08:20:06.346029" level="INFO">gender</msg>
<arg>${key}</arg>
<doc>Logs the given message with the given level.</doc>
<status status="PASS" start="2024-06-10T08:20:06.345900" elapsed="0.000193"/>
</kw>
<var name="${key}">gender</var>
<status status="PASS" start="2024-06-10T08:20:06.344270" elapsed="0.002052"/>
</iter>
<iter>
<kw name="Dictionary Should Contain Key" owner="Collections">
<msg time="2024-06-10T08:20:06.347085" level="INFO">False</msg>
<arg>${json_data['results'][0]}</arg>
<arg>${key}</arg>
<doc>Fails if ``key`` is not found from ``dictionary``.</doc>
<status status="PASS" start="2024-06-10T08:20:06.346635" elapsed="0.000489"/>
</kw>
<kw name="Log" owner="BuiltIn">
<msg time="2024-06-10T08:20:06.347821" level="INFO">{'gender': 'female', 'name': {'title': 'Mrs', 'first': 'Beverly', 'last': 'Sanchez'}, 'location': {'street': {'number': 3760, 'name': 'Bruce St'}, 'city': 'Warragul', 'state': 'South Australia', 'country': 'Australia', 'postcode': 6952, 'coordinates': {'latitude': '-82.7734', 'longitude': '104.7363'}, 'timezone': {'offset': '-3:30', 'description': 'Newfoundland'}}, 'email': 'beverly.sanchez@example.com', 'login': {'uuid': '1c8461f8-0d10-4a9b-b5cb-abba131e09ac', 'username': 'sadostrich751', 'password': 'rodney', 'salt': '2gaOLSmt', 'md5': '9b06cc010c43c769100afc9df658afb1', 'sha1': '4656c2e406830cec81c74b5acf672045dc0c7ef1', 'sha256': 'bd280c150cdaac70f5a01a66bbac8d9fdd2a64ebb29962b43affabaeb8238da0'}, 'dob': {'date': '1984-03-16T11:07:55.505Z', 'age': 40}, 'registered': {'date': '2016-02-01T13:01:53.955Z', 'age': 8}, 'phone': '02-0805-6780', 'cell': '0410-084-166', 'id': {'name': 'TFN', 'value': '037316225'}, 'picture': {'large': 'https://randomuser.me/api/portraits/women/7.jpg', 'medium': 'https://randomuser.me/api/portraits/med/women/7.jpg', 'thumbnail': 'https://randomuser.me/api/portraits/thumb/women/7.jpg'}, 'nat': 'AU'}</msg>
<arg>${json_data['results'][0]}</arg>
<doc>Logs the given message with the given level.</doc>
<status status="PASS" start="2024-06-10T08:20:06.347459" elapsed="0.000412"/>
</kw>
<kw name="Log" owner="BuiltIn">
<msg time="2024-06-10T08:20:06.348305" level="INFO">name</msg>
<arg>${key}</arg>
<doc>Logs the given message with the given level.</doc>
<status status="PASS" start="2024-06-10T08:20:06.348173" elapsed="0.000170"/>
</kw>
<var name="${key}">name</var>
<status status="PASS" start="2024-06-10T08:20:06.346509" elapsed="0.002050"/>
</iter>
<iter>
<kw name="Dictionary Should Contain Key" owner="Collections">
<msg time="2024-06-10T08:20:06.349224" level="INFO">False</msg>
<arg>${json_data['results'][0]}</arg>
<arg>${key}</arg>
<doc>Fails if ``key`` is not found from ``dictionary``.</doc>
<status status="PASS" start="2024-06-10T08:20:06.348850" elapsed="0.000413"/>
</kw>
<kw name="Log" owner="BuiltIn">
<msg time="2024-06-10T08:20:06.349935" level="INFO">{'gender': 'female', 'name': {'title': 'Mrs', 'first': 'Beverly', 'last': 'Sanchez'}, 'location': {'street': {'number': 3760, 'name': 'Bruce St'}, 'city': 'Warragul', 'state': 'South Australia', 'country': 'Australia', 'postcode': 6952, 'coordinates': {'latitude': '-82.7734', 'longitude': '104.7363'}, 'timezone': {'offset': '-3:30', 'description': 'Newfoundland'}}, 'email': 'beverly.sanchez@example.com', 'login': {'uuid': '1c8461f8-0d10-4a9b-b5cb-abba131e09ac', 'username': 'sadostrich751', 'password': 'rodney', 'salt': '2gaOLSmt', 'md5': '9b06cc010c43c769100afc9df658afb1', 'sha1': '4656c2e406830cec81c74b5acf672045dc0c7ef1', 'sha256': 'bd280c150cdaac70f5a01a66bbac8d9fdd2a64ebb29962b43affabaeb8238da0'}, 'dob': {'date': '1984-03-16T11:07:55.505Z', 'age': 40}, 'registered': {'date': '2016-02-01T13:01:53.955Z', 'age': 8}, 'phone': '02-0805-6780', 'cell': '0410-084-166', 'id': {'name': 'TFN', 'value': '037316225'}, 'picture': {'large': 'https://randomuser.me/api/portraits/women/7.jpg', 'medium': 'https://randomuser.me/api/portraits/med/women/7.jpg', 'thumbnail': 'https://randomuser.me/api/portraits/thumb/women/7.jpg'}, 'nat': 'AU'}</msg>
<arg>${json_data['results'][0]}</arg>
<doc>Logs the given message with the given level.</doc>
<status status="PASS" start="2024-06-10T08:20:06.349570" elapsed="0.000414"/>
</kw>
<kw name="Log" owner="BuiltIn">
<msg time="2024-06-10T08:20:06.350454" level="INFO">location</msg>
<arg>${key}</arg>
<doc>Logs the given message with the given level.</doc>
<status status="PASS" start="2024-06-10T08:20:06.350326" elapsed="0.000165"/>
</kw>
<var name="${key}">location</var>
<status status="PASS" start="2024-06-10T08:20:06.348738" elapsed="0.001969"/>
</iter>
<iter>
<kw name="Dictionary Should Contain Key" owner="Collections">
<msg time="2024-06-10T08:20:06.351484" level="INFO">False</msg>
<arg>${json_data['results'][0]}</arg>
<arg>${key}</arg>
<doc>Fails if ``key`` is not found from ``dictionary``.</doc>
<status status="PASS" start="2024-06-10T08:20:06.350994" elapsed="0.000528"/>
</kw>
<kw name="Log" owner="BuiltIn">
<msg time="2024-06-10T08:20:06.352178" level="INFO">{'gender': 'female', 'name': {'title': 'Mrs', 'first': 'Beverly', 'last': 'Sanchez'}, 'location': {'street': {'number': 3760, 'name': 'Bruce St'}, 'city': 'Warragul', 'state': 'South Australia', 'country': 'Australia', 'postcode': 6952, 'coordinates': {'latitude': '-82.7734', 'longitude': '104.7363'}, 'timezone': {'offset': '-3:30', 'description': 'Newfoundland'}}, 'email': 'beverly.sanchez@example.com', 'login': {'uuid': '1c8461f8-0d10-4a9b-b5cb-abba131e09ac', 'username': 'sadostrich751', 'password': 'rodney', 'salt': '2gaOLSmt', 'md5': '9b06cc010c43c769100afc9df658afb1', 'sha1': '4656c2e406830cec81c74b5acf672045dc0c7ef1', 'sha256': 'bd280c150cdaac70f5a01a66bbac8d9fdd2a64ebb29962b43affabaeb8238da0'}, 'dob': {'date': '1984-03-16T11:07:55.505Z', 'age': 40}, 'registered': {'date': '2016-02-01T13:01:53.955Z', 'age': 8}, 'phone': '02-0805-6780', 'cell': '0410-084-166', 'id': {'name': 'TFN', 'value': '037316225'}, 'picture': {'large': 'https://randomuser.me/api/portraits/women/7.jpg', 'medium': 'https://randomuser.me/api/portraits/med/women/7.jpg', 'thumbnail': 'https://randomuser.me/api/portraits/thumb/women/7.jpg'}, 'nat': 'AU'}</msg>
<arg>${json_data['results'][0]}</arg>
<doc>Logs the given message with the given level.</doc>
<status status="PASS" start="2024-06-10T08:20:06.351823" elapsed="0.000413"/>
</kw>
<kw name="Log" owner="BuiltIn">
<msg time="2024-06-10T08:20:06.352667" level="INFO">email</msg>
<arg>${key}</arg>
<doc>Logs the given message with the given level.</doc>
<status status="PASS" start="2024-06-10T08:20:06.352531" elapsed="0.000174"/>
</kw>
<var name="${key}">email</var>
<status status="PASS" start="2024-06-10T08:20:06.350883" elapsed="0.002037"/>
</iter>
<iter>
<kw name="Dictionary Should Contain Key" owner="Collections">
<msg time="2024-06-10T08:20:06.353586" level="INFO">False</msg>
<arg>${json_data['results'][0]}</arg>
<arg>${key}</arg>
<doc>Fails if ``key`` is not found from ``dictionary``.</doc>
<status status="PASS" start="2024-06-10T08:20:06.353209" elapsed="0.000414"/>
</kw>
<kw name="Log" owner="BuiltIn">
<msg time="2024-06-10T08:20:06.354307" level="INFO">{'gender': 'female', 'name': {'title': 'Mrs', 'first': 'Beverly', 'last': 'Sanchez'}, 'location': {'street': {'number': 3760, 'name': 'Bruce St'}, 'city': 'Warragul', 'state': 'South Australia', 'country': 'Australia', 'postcode': 6952, 'coordinates': {'latitude': '-82.7734', 'longitude': '104.7363'}, 'timezone': {'offset': '-3:30', 'description': 'Newfoundland'}}, 'email': 'beverly.sanchez@example.com', 'login': {'uuid': '1c8461f8-0d10-4a9b-b5cb-abba131e09ac', 'username': 'sadostrich751', 'password': 'rodney', 'salt': '2gaOLSmt', 'md5': '9b06cc010c43c769100afc9df658afb1', 'sha1': '4656c2e406830cec81c74b5acf672045dc0c7ef1', 'sha256': 'bd280c150cdaac70f5a01a66bbac8d9fdd2a64ebb29962b43affabaeb8238da0'}, 'dob': {'date': '1984-03-16T11:07:55.505Z', 'age': 40}, 'registered': {'date': '2016-02-01T13:01:53.955Z', 'age': 8}, 'phone': '02-0805-6780', 'cell': '0410-084-166', 'id': {'name': 'TFN', 'value': '037316225'}, 'picture': {'large': 'https://randomuser.me/api/portraits/women/7.jpg', 'medium': 'https://randomuser.me/api/portraits/med/women/7.jpg', 'thumbnail': 'https://randomuser.me/api/portraits/thumb/women/7.jpg'}, 'nat': 'AU'}</msg>
<arg>${json_data['results'][0]}</arg>
<doc>Logs the given message with the given level.</doc>
<status status="PASS" start="2024-06-10T08:20:06.353916" elapsed="0.000449"/>
</kw>
<kw name="Log" owner="BuiltIn">
<msg time="2024-06-10T08:20:06.354786" level="INFO">login</msg>
<arg>${key}</arg>
<doc>Logs the given message with the given level.</doc>
<status status="PASS" start="2024-06-10T08:20:06.354659" elapsed="0.000165"/>
</kw>
<var name="${key}">login</var>
<status status="PASS" start="2024-06-10T08:20:06.353096" elapsed="0.001943"/>
</iter>
<var>${key}</var>
<value>@{expected_keys}</value>
<status status="PASS" start="2024-06-10T08:20:06.344079" elapsed="0.011105"/>
</for>
<kw name="Create List" owner="BuiltIn">
<msg time="2024-06-10T08:20:06.355534" level="INFO">${expected_keysTwo} = ['username', 'password']</msg>
<var>${expected_keysTwo}</var>
<arg>username</arg>
<arg>password</arg>
<doc>Returns a list containing given items.</doc>
<status status="PASS" start="2024-06-10T08:20:06.355393" elapsed="0.000165"/>
</kw>
<for flavor="IN">
<iter>
<kw name="Dictionary Should Contain Key" owner="Collections">
<msg time="2024-06-10T08:20:06.356447" level="INFO">False</msg>
<arg>${json_data['results'][0]['login']}</arg>
<arg>${keyTwo}</arg>
<doc>Fails if ``key`` is not found from ``dictionary``.</doc>
<status status="PASS" start="2024-06-10T08:20:06.356063" elapsed="0.000421"/>
</kw>
<kw name="Dictionary Should Contain Key" owner="Collections">
<msg time="2024-06-10T08:20:06.357148" level="INFO">False</msg>
<arg>${json_data['results'][0]['login']}</arg>
<arg>${keyTwo}</arg>
<doc>Fails if ``key`` is not found from ``dictionary``.</doc>
<status status="PASS" start="2024-06-10T08:20:06.356778" elapsed="0.000407"/>
</kw>
<kw name="Log" owner="BuiltIn">
<msg time="2024-06-10T08:20:06.357595" level="INFO">username</msg>
<arg>${keyTwo}</arg>
<doc>Logs the given message with the given level.</doc>
<status status="PASS" start="2024-06-10T08:20:06.357472" elapsed="0.000159"/>
</kw>
<var name="${keyTwo}">username</var>
<status status="PASS" start="2024-06-10T08:20:06.355954" elapsed="0.001886"/>
</iter>
<iter>
<kw name="Dictionary Should Contain Key" owner="Collections">
<msg time="2024-06-10T08:20:06.358530" level="INFO">False</msg>
<arg>${json_data['results'][0]['login']}</arg>
<arg>${keyTwo}</arg>
<doc>Fails if ``key`` is not found from ``dictionary``.</doc>
<status status="PASS" start="2024-06-10T08:20:06.358142" elapsed="0.000426"/>
</kw>
<kw name="Dictionary Should Contain Key" owner="Collections">
<msg time="2024-06-10T08:20:06.359281" level="INFO">False</msg>
<arg>${json_data['results'][0]['login']}</arg>
<arg>${keyTwo}</arg>
<doc>Fails if ``key`` is not found from ``dictionary``.</doc>
<status status="PASS" start="2024-06-10T08:20:06.358898" elapsed="0.000421"/>
</kw>
<kw name="Log" owner="BuiltIn">
<msg time="2024-06-10T08:20:06.359753" level="INFO">password</msg>
<arg>${keyTwo}</arg>
<doc>Logs the given message with the given level.</doc>
<status status="PASS" start="2024-06-10T08:20:06.359626" elapsed="0.000164"/>
</kw>
<var name="${keyTwo}">password</var>
<status status="PASS" start="2024-06-10T08:20:06.358008" elapsed="0.001996"/>
</iter>
<var>${keyTwo}</var>
<value>@{expected_keysTwo}</value>
<status status="PASS" start="2024-06-10T08:20:06.355798" elapsed="0.004323"/>
</for>
<status status="PASS" start="2024-06-10T08:20:06.289182" elapsed="0.071080"/>
</kw>
<doc>Testa a estrutura da resposta da API.</doc>
<tag>testeEstruturaResposta</tag>
<status status="PASS" start="2024-06-10T08:20:06.288676" elapsed="0.071743"/>
</test>
<test id="s1-s1-t4" name="Validar tipos de dados" line="28">
<kw name="Teste de Tipos de Dados" owner="random-user-service">
<kw name="GET On Session" owner="RequestsLibrary">
<msg time="2024-06-10T08:20:06.438678" level="INFO">GET Request : url=https://randomuser.me/api 
 path_url=/api 
 headers={'User-Agent': 'python-requests/2.32.3', 'Accept-Encoding': 'gzip, deflate', 'Accept': '*/*', 'Connection': 'keep-alive'} 
 body=None 
 </msg>
<msg time="2024-06-10T08:20:06.438776" level="INFO">GET Response : url=https://randomuser.me/api 
 status=200, reason=OK 
 headers={'Date': 'Mon, 10 Jun 2024 08:20:06 GMT', 'Content-Type': 'application/json; charset=utf-8', 'Transfer-Encoding': 'chunked', 'Connection': 'keep-alive', 'X-Powered-By': 'Express', 'Access-Control-Allow-Origin': '*', 'Cache-Control': 'no-cache', 'ETag': 'W/"46e-ogoE43zI4BncAbrZqsGhEkY46B0"', 'Vary': 'Accept-Encoding', 'Content-Encoding': 'gzip', 'CF-Cache-Status': 'DYNAMIC', 'Report-To': '{"endpoints":[{"url":"https:\\/\\/a.nel.cloudflare.com\\/report\\/v4?s=%2FND7%2BG56MYb2vj7unxxA%2FFPJYXIcfIO6O479CLnnAQGOKqQyC4IZIIfBZ0ikR1YZvfU2GiMcnNUi2HaRVUAww6NHQHoExR8%2FUBYglNBCZcBZ1viSdTuQJi8AX6CE5P4Z"}],"group":"cf-nel","max_age":604800}', 'NEL': '{"success_fraction":0,"report_to":"cf-nel","max_age":604800}', 'Server': 'cloudflare', 'CF-RAY': '8917f0b3cc1b1d04-ORD', 'alt-svc': 'h3=":443"; ma=86400'} 
 body={"results":[{"gender":"male","name":{"title":"Mr","first":"Sigve","last":"Zielinski"},"location":{"street":{"number":4339,"name":"Holtegata"},"city":"Øyslebø","state":"Nord-Trøndelag","country":"Norway","postcode":"7896","coordinates":{"latitude":"45.4842","longitude":"-162.7210"},"timezone":{"offset":"+5:45","description":"Kathmandu"}},"email":"sigve.zielinski@example.com","login":{"uuid":"dfc65f7b-1074-4dc7-930d-d361ae80a754","username":"angrysnake836","password":"cobra","salt":"ecEpZWCI","md5":"ef70f29e058ef30207b9c7a7c96a1246","sha1":"6b37cfaf81141eb7dbf45a8a9ec6489d66ff38a1","sha256":"6e588e98b4fd4efe63c9a369d3bb8073ab9b8da2448171de7c6b6b59607a8e0a"},"dob":{"date":"1955-11-13T17:48:13.727Z","age":68},"registered":{"date":"2010-01-07T23:02:51.335Z","age":14},"phone":"69506433","cell":"94675435","id":{"name":"FN","value":"13115504902"},"picture":{"large":"https://randomuser.me/api/portraits/men/7.jpg","medium":"https://randomuser.me/api/portraits/med/men/7.jpg","thumbnail":"https://randomuser.me/api/portraits/thumb/men/7.jpg"},"nat":"NO"}],"info":{"seed":"dd96adcb30af5783","results":1,"page":1,"version":"1.4"}} 
 </msg>
<msg time="2024-06-10T08:20:06.438853" level="INFO">/opt/hostedtoolcache/Python/3.12.3/x64/lib/python3.12/site-packages/urllib3/connectionpool.py:1103: InsecureRequestWarning: Unverified HTTPS request is being made to host 'randomuser.me'. Adding certificate verification is strongly advised. See: https://urllib3.readthedocs.io/en/latest/advanced-usage.html#tls-warnings
  warnings.warn(</msg>
<msg time="2024-06-10T08:20:06.438957" level="INFO">${response} = &lt;Response [200]&gt;</msg>
<var>${response}</var>
<arg>consultarAPI</arg>
<arg>/api</arg>
<doc>Sends a GET request on a previously created HTTP Session.</doc>
<status status="PASS" start="2024-06-10T08:20:06.363073" elapsed="0.075927"/>
</kw>
<kw name="Set Variable" owner="BuiltIn">
<msg time="2024-06-10T08:20:06.440107" level="INFO">${json_data} = {'results': [{'gender': 'male', 'name': {'title': 'Mr', 'first': 'Sigve', 'last': 'Zielinski'}, 'location': {'street': {'number': 4339, 'name': 'Holtegata'}, 'city': 'Øyslebø', 'state': 'Nord-Trøndela...</msg>
<var>${json_data}</var>
<arg>${response.json()}</arg>
<doc>Returns the given values which can then be assigned to a variables.</doc>
<status status="PASS" start="2024-06-10T08:20:06.439525" elapsed="0.000613"/>
</kw>
<kw name="Log" owner="BuiltIn">
<msg time="2024-06-10T08:20:06.440632" level="INFO">{'results': [{'gender': 'male', 'name': {'title': 'Mr', 'first': 'Sigve', 'last': 'Zielinski'}, 'location': {'street': {'number': 4339, 'name': 'Holtegata'}, 'city': 'Øyslebø', 'state': 'Nord-Trøndelag', 'country': 'Norway', 'postcode': '7896', 'coordinates': {'latitude': '45.4842', 'longitude': '-162.7210'}, 'timezone': {'offset': '+5:45', 'description': 'Kathmandu'}}, 'email': 'sigve.zielinski@example.com', 'login': {'uuid': 'dfc65f7b-1074-4dc7-930d-d361ae80a754', 'username': 'angrysnake836', 'password': 'cobra', 'salt': 'ecEpZWCI', 'md5': 'ef70f29e058ef30207b9c7a7c96a1246', 'sha1': '6b37cfaf81141eb7dbf45a8a9ec6489d66ff38a1', 'sha256': '6e588e98b4fd4efe63c9a369d3bb8073ab9b8da2448171de7c6b6b59607a8e0a'}, 'dob': {'date': '1955-11-13T17:48:13.727Z', 'age': 68}, 'registered': {'date': '2010-01-07T23:02:51.335Z', 'age': 14}, 'phone': '69506433', 'cell': '94675435', 'id': {'name': 'FN', 'value': '13115504902'}, 'picture': {'large': 'https://randomuser.me/api/portraits/men/7.jpg', 'medium': 'https://randomuser.me/api/portraits/med/men/7.jpg', 'thumbnail': 'https://randomuser.me/api/portraits/thumb/men/7.jpg'}, 'nat': 'NO'}], 'info': {'seed': 'dd96adcb30af5783', 'results': 1, 'page': 1, 'version': '1.4'}}</msg>
<arg>${json_data}</arg>
<doc>Logs the given message with the given level.</doc>
<status status="PASS" start="2024-06-10T08:20:06.440468" elapsed="0.000250"/>
</kw>
<kw name="Should Be String" owner="String">
<arg>${json_data['results'][0]['gender']}</arg>
<doc>Fails if the given ``item`` is not a string.</doc>
<status status="PASS" start="2024-06-10T08:20:06.441031" elapsed="0.000370"/>
</kw>
<kw name="Should Match Regexp" owner="BuiltIn">
<arg>${json_data['results'][0]['email']}</arg>
<arg>^[a-zA-Z0-9._%+-]+@[a-zA-Z0-9.-]+\.[a-zA-Z]{2,}$</arg>
<doc>Fails if ``string`` does not match ``pattern`` as a regular expression.</doc>
<status status="PASS" start="2024-06-10T08:20:06.441601" elapsed="0.000707"/>
</kw>
<kw name="Should Match Regexp" owner="BuiltIn">
<arg>${json_data['results'][0]['dob']['date']}</arg>
<arg>\\d{4}-\\d{2}-\\d{2}T\\d{2}:\\d{2}:\\d{2}\\.\\d{3}Z</arg>
<doc>Fails if ``string`` does not match ``pattern`` as a regular expression.</doc>
<status status="PASS" start="2024-06-10T08:20:06.442518" elapsed="0.000503"/>
</kw>
<kw name="Should Match Regexp" owner="BuiltIn">
<arg>${json_data['results'][0]['registered']['date']}</arg>
<arg>\\d{4}-\\d{2}-\\d{2}T\\d{2}:\\d{2}:\\d{2}\\.\\d{3}Z</arg>
<doc>Fails if ``string`` does not match ``pattern`` as a regular expression.</doc>
<status status="PASS" start="2024-06-10T08:20:06.443222" elapsed="0.000376"/>
</kw>
<kw name="Should Match Regexp" owner="BuiltIn">
<arg>${json_data['results'][0]['picture']['large']}</arg>
<arg>^https?://.*\.(?:png|jpe?g|gif|bmp)$</arg>
<doc>Fails if ``string`` does not match ``pattern`` as a regular expression.</doc>
<status status="PASS" start="2024-06-10T08:20:06.443793" elapsed="0.000472"/>
</kw>
<kw name="Should Match Regexp" owner="BuiltIn">
<arg>${json_data['results'][0]['picture']['medium']}</arg>
<arg>^https?://.*\.(?:png|jpe?g|gif|bmp)$</arg>
<doc>Fails if ``string`` does not match ``pattern`` as a regular expression.</doc>
<status status="PASS" start="2024-06-10T08:20:06.444464" elapsed="0.000357"/>
</kw>
<kw name="Should Match Regexp" owner="BuiltIn">
<arg>${json_data['results'][0]['picture']['thumbnail']}</arg>
<arg>^https?://.*\.(?:png|jpe?g|gif|bmp)$</arg>
<doc>Fails if ``string`` does not match ``pattern`` as a regular expression.</doc>
<status status="PASS" start="2024-06-10T08:20:06.445015" elapsed="0.000349"/>
</kw>
<kw name="Log" owner="BuiltIn">
<msg time="2024-06-10T08:20:06.445872" level="INFO">{'large': 'https://randomuser.me/api/portraits/men/7.jpg', 'medium': 'https://randomuser.me/api/portraits/med/men/7.jpg', 'thumbnail': 'https://randomuser.me/api/portraits/thumb/men/7.jpg'}</msg>
<arg>${json_data['results'][0]['picture']}</arg>
<doc>Logs the given message with the given level.</doc>
<status status="PASS" start="2024-06-10T08:20:06.445552" elapsed="0.000362"/>
</kw>
<status status="PASS" start="2024-06-10T08:20:06.362838" elapsed="0.083352"/>
</kw>
<kw name="Teste de Tipos de Dados - Postcode" owner="random-user-service">
<kw name="GET On Session" owner="RequestsLibrary">
<msg time="2024-06-10T08:20:06.553361" level="INFO">GET Request : url=https://randomuser.me/api 
 path_url=/api 
 headers={'User-Agent': 'python-requests/2.32.3', 'Accept-Encoding': 'gzip, deflate', 'Accept': '*/*', 'Connection': 'keep-alive'} 
 body=None 
 </msg>
<msg time="2024-06-10T08:20:06.553445" level="INFO">GET Response : url=https://randomuser.me/api 
 status=200, reason=OK 
 headers={'Date': 'Mon, 10 Jun 2024 08:20:06 GMT', 'Content-Type': 'application/json; charset=utf-8', 'Transfer-Encoding': 'chunked', 'Connection': 'keep-alive', 'X-Powered-By': 'Express', 'Access-Control-Allow-Origin': '*', 'Cache-Control': 'no-cache', 'ETag': 'W/"495-uFKh/FhcmR4c1d5k12Gru3NlZME"', 'Vary': 'Accept-Encoding', 'Content-Encoding': 'gzip', 'CF-Cache-Status': 'DYNAMIC', 'Report-To': '{"endpoints":[{"url":"https:\\/\\/a.nel.cloudflare.com\\/report\\/v4?s=DbCQ3azfIMRu6VqrjbU4dPI0ecS8x%2FdXSHwKKnuEM%2BqiS8%2BQQAqhMdjw70%2BY0cqjyO8H5uMsb4FzL5t9MOBcmb9tuQUEtfL7qDu3omZx2RNpYKBNeJ7xw7Fy3E6onqd9"}],"group":"cf-nel","max_age":604800}', 'NEL': '{"success_fraction":0,"report_to":"cf-nel","max_age":604800}', 'Server': 'cloudflare', 'CF-RAY': '8917f0b44c661d04-ORD', 'alt-svc': 'h3=":443"; ma=86400'} 
 body={"results":[{"gender":"male","name":{"title":"Mr","first":"Shaun","last":"Peters"},"location":{"street":{"number":7668,"name":"Park Avenue"},"city":"Donabate","state":"Leitrim","country":"Ireland","postcode":64146,"coordinates":{"latitude":"-3.7240","longitude":"-54.6690"},"timezone":{"offset":"0:00","description":"Western Europe Time, London, Lisbon, Casablanca"}},"email":"shaun.peters@example.com","login":{"uuid":"eb7c9489-4201-4c26-b854-f55c8ee5b473","username":"goldenelephant961","password":"longhorn","salt":"thahXiA0","md5":"a58bb74143c334bb9b7f82702399dab1","sha1":"eaf27a91fbbad5cecab7650e60890de90e121956","sha256":"fbb6dfc4b4a48ebcb128f9b2e232d2e6e7c63f25f6824fa8c92a326e2e24aa10"},"dob":{"date":"1962-05-22T02:30:25.176Z","age":62},"registered":{"date":"2009-07-06T20:19:25.012Z","age":14},"phone":"041-983-7242","cell":"081-247-0685","id":{"name":"PPS","value":"3198033T"},"picture":{"large":"https://randomuser.me/api/portraits/men/78.jpg","medium":"https://randomuser.me/api/portraits/med/men/78.jpg","thumbnail":"https://randomuser.me/api/portraits/thumb/men/78.jpg"},"nat":"IE"}],"info":{"seed":"eb965796b889c098","results":1,"page":1,"version":"1.4"}} 
 </msg>
<msg time="2024-06-10T08:20:06.553518" level="INFO">/opt/hostedtoolcache/Python/3.12.3/x64/lib/python3.12/site-packages/urllib3/connectionpool.py:1103: InsecureRequestWarning: Unverified HTTPS request is being made to host 'randomuser.me'. Adding certificate verification is strongly advised. See: https://urllib3.readthedocs.io/en/latest/advanced-usage.html#tls-warnings
  warnings.warn(</msg>
<msg time="2024-06-10T08:20:06.553637" level="INFO">${response} = &lt;Response [200]&gt;</msg>
<var>${response}</var>
<arg>consultarAPI</arg>
<arg>/api</arg>
<doc>Sends a GET request on a previously created HTTP Session.</doc>
<status status="PASS" start="2024-06-10T08:20:06.446642" elapsed="0.107045"/>
</kw>
<kw name="Set Variable" owner="BuiltIn">
<msg time="2024-06-10T08:20:06.554859" level="INFO">${json_data} = {'results': [{'gender': 'male', 'name': {'title': 'Mr', 'first': 'Shaun', 'last': 'Peters'}, 'location': {'street': {'number': 7668, 'name': 'Park Avenue'}, 'city': 'Donabate', 'state': 'Leitrim', 'co...</msg>
<var>${json_data}</var>
<arg>${response.json()}</arg>
<doc>Returns the given values which can then be assigned to a variables.</doc>
<status status="PASS" start="2024-06-10T08:20:06.554278" elapsed="0.000609"/>
</kw>
<kw name="Log" owner="BuiltIn">
<msg time="2024-06-10T08:20:06.555349" level="INFO">{'results': [{'gender': 'male', 'name': {'title': 'Mr', 'first': 'Shaun', 'last': 'Peters'}, 'location': {'street': {'number': 7668, 'name': 'Park Avenue'}, 'city': 'Donabate', 'state': 'Leitrim', 'country': 'Ireland', 'postcode': 64146, 'coordinates': {'latitude': '-3.7240', 'longitude': '-54.6690'}, 'timezone': {'offset': '0:00', 'description': 'Western Europe Time, London, Lisbon, Casablanca'}}, 'email': 'shaun.peters@example.com', 'login': {'uuid': 'eb7c9489-4201-4c26-b854-f55c8ee5b473', 'username': 'goldenelephant961', 'password': 'longhorn', 'salt': 'thahXiA0', 'md5': 'a58bb74143c334bb9b7f82702399dab1', 'sha1': 'eaf27a91fbbad5cecab7650e60890de90e121956', 'sha256': 'fbb6dfc4b4a48ebcb128f9b2e232d2e6e7c63f25f6824fa8c92a326e2e24aa10'}, 'dob': {'date': '1962-05-22T02:30:25.176Z', 'age': 62}, 'registered': {'date': '2009-07-06T20:19:25.012Z', 'age': 14}, 'phone': '041-983-7242', 'cell': '081-247-0685', 'id': {'name': 'PPS', 'value': '3198033T'}, 'picture': {'large': 'https://randomuser.me/api/portraits/men/78.jpg', 'medium': 'https://randomuser.me/api/portraits/med/men/78.jpg', 'thumbnail': 'https://randomuser.me/api/portraits/thumb/men/78.jpg'}, 'nat': 'IE'}], 'info': {'seed': 'eb965796b889c098', 'results': 1, 'page': 1, 'version': '1.4'}}</msg>
<arg>${json_data}</arg>
<doc>Logs the given message with the given level.</doc>
<status status="PASS" start="2024-06-10T08:20:06.555196" elapsed="0.000232"/>
</kw>
<kw name="Should Be Equal As Numbers" owner="BuiltIn">
<arg>${json_data['results'][0]['location']['postcode']}</arg>
<arg>${json_data['results'][0]['location']['postcode']}</arg>
<doc>Fails if objects are unequal after converting them to real numbers.</doc>
<status status="PASS" start="2024-06-10T08:20:06.555730" elapsed="0.000632"/>
</kw>
<kw name="Log" owner="BuiltIn">
<msg time="2024-06-10T08:20:06.556903" level="INFO">64146</msg>
<arg>${json_data['results'][0]['location']['postcode']}</arg>
<doc>Logs the given message with the given level.</doc>
<status status="PASS" start="2024-06-10T08:20:06.556561" elapsed="0.000384"/>
</kw>
<status status="PASS" start="2024-06-10T08:20:06.446414" elapsed="0.110787"/>
</kw>
<doc>Testa se os tipos de dados na resposta da API estão corretos.</doc>
<tag>testeTiposDados</tag>
<status status="PASS" start="2024-06-10T08:20:06.362384" elapsed="0.194984"/>
</test>
<test id="s1-s1-t5" name="Validar conteudo" line="35">
<kw name="Teste de Tipos de Conteudo" owner="random-user-service">
<kw name="GET On Session" owner="RequestsLibrary">
<msg time="2024-06-10T08:20:06.655633" level="INFO">GET Request : url=https://randomuser.me/api 
 path_url=/api 
 headers={'User-Agent': 'python-requests/2.32.3', 'Accept-Encoding': 'gzip, deflate', 'Accept': '*/*', 'Connection': 'keep-alive'} 
 body=None 
 </msg>
<msg time="2024-06-10T08:20:06.655711" level="INFO">GET Response : url=https://randomuser.me/api 
 status=200, reason=OK 
 headers={'Date': 'Mon, 10 Jun 2024 08:20:06 GMT', 'Content-Type': 'application/json; charset=utf-8', 'Transfer-Encoding': 'chunked', 'Connection': 'keep-alive', 'X-Powered-By': 'Express', 'Access-Control-Allow-Origin': '*', 'Cache-Control': 'no-cache', 'ETag': 'W/"48b-vL47STdGuvUMHYAAakjgeyDLJsE"', 'Vary': 'Accept-Encoding', 'Content-Encoding': 'gzip', 'CF-Cache-Status': 'DYNAMIC', 'Report-To': '{"endpoints":[{"url":"https:\\/\\/a.nel.cloudflare.com\\/report\\/v4?s=cEsSu5dlVgWJ4oCibFGZ36gfg%2B4s8LZf1ryzVIdjjr4i3ppLkFEWMD2vDKQ%2Fe9a32KeUA4CLy78X%2Bwp%2BW8HcaFv9ByGf9ivJ7UuPdQSH%2Bm7J1JI6BC7W%2FVIcDxbI%2BXfR"}],"group":"cf-nel","max_age":604800}', 'NEL': '{"success_fraction":0,"report_to":"cf-nel","max_age":604800}', 'Server': 'cloudflare', 'CF-RAY': '8917f0b50cd71d04-ORD', 'alt-svc': 'h3=":443"; ma=86400'} 
 body={"results":[{"gender":"male","name":{"title":"Mr","first":"Roland","last":"Schmidt"},"location":{"street":{"number":6693,"name":"Daisy Dr"},"city":"Richmond","state":"Ohio","country":"United States","postcode":70786,"coordinates":{"latitude":"83.5328","longitude":"-93.0555"},"timezone":{"offset":"+4:00","description":"Abu Dhabi, Muscat, Baku, Tbilisi"}},"email":"roland.schmidt@example.com","login":{"uuid":"dd9a2bba-a0e2-41ef-b172-9c3dcb505181","username":"heavycat651","password":"altoids","salt":"Oa6jh40o","md5":"c0ca83270082f90d58ca737aee139804","sha1":"1fdf71a832c99a2211f84e354d81ed6813c434d1","sha256":"6048c7df45bb0a4ed15285ce5ab66358e915ef5831e61cfe1a1a174abe1daeda"},"dob":{"date":"1987-12-20T04:22:11.358Z","age":36},"registered":{"date":"2006-04-22T22:51:28.604Z","age":18},"phone":"(873) 230-5129","cell":"(888) 535-4066","id":{"name":"SSN","value":"622-75-0179"},"picture":{"large":"https://randomuser.me/api/portraits/men/84.jpg","medium":"https://randomuser.me/api/portraits/med/men/84.jpg","thumbnail":"https://randomuser.me/api/portraits/thumb/men/84.jpg"},"nat":"US"}],"info":{"seed":"2eb0bb580080fe58","results":1,"page":1,"version":"1.4"}} 
 </msg>
<msg time="2024-06-10T08:20:06.655773" level="INFO">/opt/hostedtoolcache/Python/3.12.3/x64/lib/python3.12/site-packages/urllib3/connectionpool.py:1103: InsecureRequestWarning: Unverified HTTPS request is being made to host 'randomuser.me'. Adding certificate verification is strongly advised. See: https://urllib3.readthedocs.io/en/latest/advanced-usage.html#tls-warnings
  warnings.warn(</msg>
<msg time="2024-06-10T08:20:06.655875" level="INFO">${response} = &lt;Response [200]&gt;</msg>
<var>${response}</var>
<arg>consultarAPI</arg>
<arg>/api</arg>
<doc>Sends a GET request on a previously created HTTP Session.</doc>
<status status="PASS" start="2024-06-10T08:20:06.560002" elapsed="0.095914"/>
</kw>
<kw name="Set Variable" owner="BuiltIn">
<msg time="2024-06-10T08:20:06.656993" level="INFO">${json_data} = {'results': [{'gender': 'male', 'name': {'title': 'Mr', 'first': 'Roland', 'last': 'Schmidt'}, 'location': {'street': {'number': 6693, 'name': 'Daisy Dr'}, 'city': 'Richmond', 'state': 'Ohio', 'countr...</msg>
<var>${json_data}</var>
<arg>${response.json()}</arg>
<doc>Returns the given values which can then be assigned to a variables.</doc>
<status status="PASS" start="2024-06-10T08:20:06.656437" elapsed="0.000584"/>
</kw>
<kw name="Set Variable" owner="BuiltIn">
<msg time="2024-06-10T08:20:06.657708" level="INFO">${name_title} = Mr</msg>
<var>${name_title}</var>
<arg>${json_data["results"][0]["name"]["title"]}</arg>
<doc>Returns the given values which can then be assigned to a variables.</doc>
<status status="PASS" start="2024-06-10T08:20:06.657327" elapsed="0.000407"/>
</kw>
<kw name="Create List" owner="BuiltIn">
<msg time="2024-06-10T08:20:06.658237" level="INFO">${allowed_titles} = ['Mr', 'Ms', 'Miss', 'Mrs', 'Madame', 'Monsieur']</msg>
<var>${allowed_titles}</var>
<arg>Mr</arg>
<arg>Ms</arg>
<arg>Miss</arg>
<arg>Mrs</arg>
<arg>Madame</arg>
<arg>Monsieur</arg>
<doc>Returns a list containing given items.</doc>
<status status="PASS" start="2024-06-10T08:20:06.658037" elapsed="0.000225"/>
</kw>
<kw name="List Should Contain Value" owner="Collections">
<msg time="2024-06-10T08:20:06.658750" level="INFO">False</msg>
<arg>${allowed_titles}</arg>
<arg>${name_title}</arg>
<doc>Fails if the ``value`` is not found from ``list``.</doc>
<status status="PASS" start="2024-06-10T08:20:06.658573" elapsed="0.000214"/>
</kw>
<kw name="Set Variable" owner="BuiltIn">
<msg time="2024-06-10T08:20:06.659629" level="INFO">${name_country} = US</msg>
<var>${name_country}</var>
<arg>${json_data["results"][0]["nat"]}</arg>
<doc>Returns the given values which can then be assigned to a variables.</doc>
<status status="PASS" start="2024-06-10T08:20:06.659081" elapsed="0.000573"/>
</kw>
<kw name="Create List" owner="BuiltIn">
<msg time="2024-06-10T08:20:06.660575" level="INFO">${list_country} = ['AD', 'AE', 'AF', 'AG', 'AI', 'AL', 'AM', 'AO', 'AQ', 'AR', 'AS', 'AT', 'AU', 'AW', 'AX', 'AZ', 'BA', 'BB', 'BD', 'BE', 'BF', 'BG', 'BH', 'BI', 'BJ', 'BL', 'BM', 'BN', 'BO', 'BQ', 'BR', 'BS', 'BT', '...</msg>
<var>${list_country}</var>
<arg>AD</arg>
<arg>AE</arg>
<arg>AF</arg>
<arg>AG</arg>
<arg>AI</arg>
<arg>AL</arg>
<arg>AM</arg>
<arg>AO</arg>
<arg>AQ</arg>
<arg>AR</arg>
<arg>AS</arg>
<arg>AT</arg>
<arg>AU</arg>
<arg>AW</arg>
<arg>AX</arg>
<arg>AZ</arg>
<arg>BA</arg>
<arg>BB</arg>
<arg>BD</arg>
<arg>BE</arg>
<arg>BF</arg>
<arg>BG</arg>
<arg>BH</arg>
<arg>BI</arg>
<arg>BJ</arg>
<arg>BL</arg>
<arg>BM</arg>
<arg>BN</arg>
<arg>BO</arg>
<arg>BQ</arg>
<arg>BR</arg>
<arg>BS</arg>
<arg>BT</arg>
<arg>BV</arg>
<arg>BW</arg>
<arg>BY</arg>
<arg>BZ</arg>
<arg>CA</arg>
<arg>CC</arg>
<arg>CD</arg>
<arg>CF</arg>
<arg>CG</arg>
<arg>CH</arg>
<arg>CI</arg>
<arg>CK</arg>
<arg>CL</arg>
<arg>CM</arg>
<arg>CN</arg>
<arg>CO</arg>
<arg>CR</arg>
<arg>CU</arg>
<arg>CV</arg>
<arg>CW</arg>
<arg>CX</arg>
<arg>CY</arg>
<arg>CZ</arg>
<arg>DE</arg>
<arg>DJ</arg>
<arg>DK</arg>
<arg>DM</arg>
<arg>DO</arg>
<arg>DZ</arg>
<arg>EC</arg>
<arg>EE</arg>
<arg>EG</arg>
<arg>EH</arg>
<arg>ER</arg>
<arg>ES</arg>
<arg>ET</arg>
<arg>FI</arg>
<arg>FJ</arg>
<arg>FK</arg>
<arg>FM</arg>
<arg>FO</arg>
<arg>FR</arg>
<arg>GA</arg>
<arg>GB</arg>
<arg>GD</arg>
<arg>GE</arg>
<arg>GF</arg>
<arg>GG</arg>
<arg>GH</arg>
<arg>GI</arg>
<arg>GL</arg>
<arg>GM</arg>
<arg>GN</arg>
<arg>GP</arg>
<arg>GQ</arg>
<arg>GR</arg>
<arg>GS</arg>
<arg>GT</arg>
<arg>GU</arg>
<arg>GW</arg>
<arg>GY</arg>
<arg>HK</arg>
<arg>HM</arg>
<arg>HN</arg>
<arg>HR</arg>
<arg>HT</arg>
<arg>HU</arg>
<arg>ID</arg>
<arg>IE</arg>
<arg>IL</arg>
<arg>IM</arg>
<arg>IN</arg>
<arg>IO</arg>
<arg>IQ</arg>
<arg>IR</arg>
<arg>IS</arg>
<arg>IT</arg>
<arg>JE</arg>
<arg>JM</arg>
<arg>JO</arg>
<arg>JP</arg>
<arg>KE</arg>
<arg>KG</arg>
<arg>KH</arg>
<arg>KI</arg>
<arg>KM</arg>
<arg>KN</arg>
<arg>KP</arg>
<arg>KR</arg>
<arg>KW</arg>
<arg>KY</arg>
<arg>KZ</arg>
<arg>LA</arg>
<arg>LB</arg>
<arg>LC</arg>
<arg>LI</arg>
<arg>LK</arg>
<arg>LR</arg>
<arg>LS</arg>
<arg>LT</arg>
<arg>LU</arg>
<arg>LV</arg>
<arg>LY</arg>
<arg>MA</arg>
<arg>MC</arg>
<arg>MD</arg>
<arg>ME</arg>
<arg>MF</arg>
<arg>MG</arg>
<arg>MH</arg>
<arg>MK</arg>
<arg>ML</arg>
<arg>MM</arg>
<arg>MN</arg>
<arg>MO</arg>
<arg>MP</arg>
<arg>MQ</arg>
<arg>MR</arg>
<arg>MS</arg>
<arg>MT</arg>
<arg>MU</arg>
<arg>MV</arg>
<arg>MW</arg>
<arg>MX</arg>
<arg>MY</arg>
<arg>MZ</arg>
<arg>NA</arg>
<arg>NC</arg>
<arg>NE</arg>
<arg>NF</arg>
<arg>NG</arg>
<arg>NI</arg>
<arg>NL</arg>
<arg>NO</arg>
<arg>NP</arg>
<arg>NR</arg>
<arg>NU</arg>
<arg>NZ</arg>
<arg>OM</arg>
<arg>PA</arg>
<arg>PE</arg>
<arg>PF</arg>
<arg>PG</arg>
<arg>PH</arg>
<arg>PK</arg>
<arg>PL</arg>
<arg>PM</arg>
<arg>PN</arg>
<arg>PR</arg>
<arg>PS</arg>
<arg>PT</arg>
<arg>PW</arg>
<arg>PY</arg>
<arg>QA</arg>
<arg>RE</arg>
<arg>RO</arg>
<arg>RS</arg>
<arg>RU</arg>
<arg>RW</arg>
<arg>SA</arg>
<arg>SB</arg>
<arg>SC</arg>
<arg>SD</arg>
<arg>SE</arg>
<arg>SG</arg>
<arg>SH</arg>
<arg>SI</arg>
<arg>SJ</arg>
<arg>SK</arg>
<arg>SL</arg>
<arg>SM</arg>
<arg>SN</arg>
<arg>SO</arg>
<arg>SR</arg>
<arg>SS</arg>
<arg>ST</arg>
<arg>SV</arg>
<arg>SX</arg>
<arg>SY</arg>
<arg>SZ</arg>
<arg>TC</arg>
<arg>TD</arg>
<arg>TF</arg>
<arg>TG</arg>
<arg>TH</arg>
<arg>TJ</arg>
<arg>TK</arg>
<arg>TL</arg>
<arg>TM</arg>
<arg>TN</arg>
<arg>TO</arg>
<arg>TR</arg>
<arg>TT</arg>
<arg>TV</arg>
<arg>TW</arg>
<arg>TZ</arg>
<arg>UA</arg>
<arg>UG</arg>
<arg>UM</arg>
<arg>US</arg>
<arg>UY</arg>
<arg>UZ</arg>
<arg>VA</arg>
<arg>VC</arg>
<arg>VE</arg>
<arg>VG</arg>
<arg>VI</arg>
<arg>VN</arg>
<arg>VU</arg>
<arg>WF</arg>
<arg>WS</arg>
<arg>XK</arg>
<arg>YE</arg>
<arg>YT</arg>
<arg>ZA</arg>
<arg>ZM</arg>
<arg>ZW</arg>
<doc>Returns a list containing given items.</doc>
<status status="PASS" start="2024-06-10T08:20:06.659966" elapsed="0.000635"/>
</kw>
<kw name="List Should Contain Value" owner="Collections">
<msg time="2024-06-10T08:20:06.661588" level="INFO">False</msg>
<arg>${list_country}</arg>
<arg>${name_country}</arg>
<doc>Fails if the ``value`` is not found from ``list``.</doc>
<status status="PASS" start="2024-06-10T08:20:06.661384" elapsed="0.000240"/>
</kw>
<kw name="Run Keyword If" owner="BuiltIn">
<kw name="Should Be True" owner="BuiltIn">
<arg>${True}</arg>
<doc>Fails if the given condition is not true.</doc>
<status status="PASS" start="2024-06-10T08:20:06.662710" elapsed="0.000147"/>
</kw>
<arg>${json_data["results"][0]["location"]["coordinates"]["latitude"]} &gt;= -90 and ${json_data["results"][0]["location"]["coordinates"]["latitude"]} &lt;= 90</arg>
<arg>Should Be True</arg>
<arg>${True}</arg>
<doc>Runs the given keyword with the given arguments, if ``condition`` is true.</doc>
<status status="PASS" start="2024-06-10T08:20:06.661939" elapsed="0.001045"/>
</kw>
<kw name="Run Keyword If" owner="BuiltIn">
<kw name="Should Be True" owner="BuiltIn">
<arg>${True}</arg>
<doc>Fails if the given condition is not true.</doc>
<status status="PASS" start="2024-06-10T08:20:06.663868" elapsed="0.000137"/>
</kw>
<arg>${json_data["results"][0]["location"]["coordinates"]["longitude"]} &gt;= -180 and ${json_data["results"][0]["location"]["coordinates"]["longitude"]} &lt;= 180</arg>
<arg>Should Be True</arg>
<arg>${True}</arg>
<doc>Runs the given keyword with the given arguments, if ``condition`` is true.</doc>
<status status="PASS" start="2024-06-10T08:20:06.663177" elapsed="0.000949"/>
</kw>
<status status="PASS" start="2024-06-10T08:20:06.559760" elapsed="0.104496"/>
</kw>
<doc>Testa o conteúdo específico dos campos retornados pela API.</doc>
<tag>testeConteudo</tag>
<status status="PASS" start="2024-06-10T08:20:06.559216" elapsed="0.105189"/>
</test>
<status status="PASS" start="2024-06-10T08:20:05.733205" elapsed="0.933188"/>
</suite>
<status status="PASS" start="2024-06-10T08:20:05.719637" elapsed="0.951988"/>
</suite>
<statistics>
<total>
<stat pass="5" fail="0" skip="0">All Tests</stat>
</total>
<tag>
<stat pass="1" fail="0" skip="0">testeConteudo</stat>
<stat pass="1" fail="0" skip="0">testeEstruturaResposta</stat>
<stat pass="1" fail="0" skip="0">testeRequisicaoBasica</stat>
<stat pass="1" fail="0" skip="0">testeTiposDados</stat>
</tag>
<suite>
<stat pass="5" fail="0" skip="0" id="s1" name="Tests">Tests</stat>
<stat pass="5" fail="0" skip="0" id="s1-s1" name="Random-User-Test">Tests.Random-User-Test</stat>
</suite>
</statistics>
<errors>
</errors>
</robot>
