<?xml version="1.0" encoding="UTF-8"?>
<robot generator="Robot 7.0.1 (Python 3.12.4 on linux)" generated="2024-07-16T18:20:15.477900" rpa="false" schemaversion="5">
<suite id="s1" name="Tests" source="/home/runner/work/ApiRandomUser/ApiRandomUser/RamdonUser/tests">
<suite id="s1-s1" name="Random-User-Test" source="/home/runner/work/ApiRandomUser/ApiRandomUser/RamdonUser/tests/random-user-test.robot">
<test id="s1-s1-t1" name="Conectar" line="13">
<kw name="Conectar API" owner="random-user-service">
<kw name="Create Session" owner="RequestsLibrary">
<msg time="2024-07-16T18:20:15.902344" level="INFO">Creating Session using : alias=consultarAPI, url=https://randomuser.me/, headers={},                     cookies={}, auth=None, timeout=None, proxies=None, verify=False,                     debug=0 </msg>
<arg>consultarAPI</arg>
<arg>${URL}</arg>
<doc>Create Session: create a HTTP session to a server</doc>
<status status="PASS" start="2024-07-16T18:20:15.902121" elapsed="0.000428"/>
</kw>
<status status="PASS" start="2024-07-16T18:20:15.901101" elapsed="0.001852"/>
</kw>
<status status="PASS" start="2024-07-16T18:20:15.900512" elapsed="0.002647"/>
</test>
<test id="s1-s1-t2" name="Validar retorno 200 e JSON Válido" line="16">
<kw name="Teste de Requisicao Basica" owner="random-user-service">
<kw name="GET On Session" owner="RequestsLibrary">
<msg time="2024-07-16T18:20:16.033185" level="INFO">GET Request : url=https://randomuser.me/api 
 path_url=/api 
 headers={'User-Agent': 'python-requests/2.32.3', 'Accept-Encoding': 'gzip, deflate', 'Accept': '*/*', 'Connection': 'keep-alive'} 
 body=None 
 </msg>
<msg time="2024-07-16T18:20:16.033367" level="INFO">GET Response : url=https://randomuser.me/api 
 status=200, reason=OK 
 headers={'Date': 'Tue, 16 Jul 2024 18:20:16 GMT', 'Content-Type': 'application/json; charset=utf-8', 'Transfer-Encoding': 'chunked', 'Connection': 'keep-alive', 'X-Powered-By': 'Express', 'Access-Control-Allow-Origin': '*', 'Cache-Control': 'no-cache', 'ETag': 'W/"4af-U4DU9kNuGtti0ddPKTBtP42IEuw"', 'Vary': 'Accept-Encoding', 'Content-Encoding': 'gzip', 'CF-Cache-Status': 'DYNAMIC', 'Report-To': '{"endpoints":[{"url":"https:\\/\\/a.nel.cloudflare.com\\/report\\/v4?s=ZHgVQv85HATWDy0QDRrdeMyrufrOgNBBN4vBOZkBL%2BWw6K3c%2BPdiwG4IfmqoLvxLQxpRyt0mbLOG5JopuAe%2FGBX5v3G1K9LpRKHC4rtkuWg5rmXbYQyU%2BEUrZ%2BlD1QS7"}],"group":"cf-nel","max_age":604800}', 'NEL': '{"success_fraction":0,"report_to":"cf-nel","max_age":604800}', 'Server': 'cloudflare', 'CF-RAY': '8a4401579d6415f5-SJC', 'alt-svc': 'h3=":443"; ma=86400'} 
 body={"results":[{"gender":"female","name":{"title":"Mrs","first":"Ana Luisa","last":"Patiño"},"location":{"street":{"number":6981,"name":"Andador Norte Porras"},"city":"Caucel","state":"Quintana Roo","country":"Mexico","postcode":77874,"coordinates":{"latitude":"28.1646","longitude":"90.4040"},"timezone":{"offset":"+1:00","description":"Brussels, Copenhagen, Madrid, Paris"}},"email":"analuisa.patino@example.com","login":{"uuid":"1a77b11b-c7b4-46d6-ab22-1c7255c26a38","username":"blackbutterfly800","password":"birdman","salt":"ERsx1z5S","md5":"41610c06828506719a9cedbbd874dddb","sha1":"f0ded9b4eda8fd686460c66c31a67fbcec1b045b","sha256":"95a4791326f1e8705d0ac5548e87a1c3fce9b572ca6c804d949103192f9f0a7c"},"dob":{"date":"1972-11-18T22:34:24.201Z","age":51},"registered":{"date":"2005-08-02T18:48:49.652Z","age":18},"phone":"(637) 146 2529","cell":"(693) 328 5803","id":{"name":"NSS","value":"96 53 42 2228 3"},"picture":{"large":"https://randomuser.me/api/portraits/women/31.jpg","medium":"https://randomuser.me/api/portraits/med/women/31.jpg","thumbnail":"https://randomuser.me/api/portraits/thumb/women/31.jpg"},"nat":"MX"}],"info":{"seed":"5e98cb0e08de30c5","results":1,"page":1,"version":"1.4"}} 
 </msg>
<msg time="2024-07-16T18:20:16.033479" level="INFO">/opt/hostedtoolcache/Python/3.12.4/x64/lib/python3.12/site-packages/urllib3/connectionpool.py:1099: InsecureRequestWarning: Unverified HTTPS request is being made to host 'randomuser.me'. Adding certificate verification is strongly advised. See: https://urllib3.readthedocs.io/en/latest/advanced-usage.html#tls-warnings
  warnings.warn(</msg>
<msg time="2024-07-16T18:20:16.033708" level="INFO">${response} = &lt;Response [200]&gt;</msg>
<var>${response}</var>
<arg>consultarAPI</arg>
<arg>/api</arg>
<doc>Sends a GET request on a previously created HTTP Session.</doc>
<status status="PASS" start="2024-07-16T18:20:15.905851" elapsed="0.127919"/>
</kw>
<kw name="Should Be Equal As Numbers" owner="BuiltIn">
<msg time="2024-07-16T18:20:16.034874" level="INFO">Argument types are:
&lt;class 'int'&gt;
&lt;class 'str'&gt;</msg>
<arg>${response.status_code}</arg>
<arg>200</arg>
<doc>Fails if objects are unequal after converting them to real numbers.</doc>
<status status="PASS" start="2024-07-16T18:20:16.034380" elapsed="0.000567"/>
</kw>
<kw name="Log" owner="BuiltIn">
<msg time="2024-07-16T18:20:16.035757" level="INFO">200</msg>
<arg>${response.status_code}</arg>
<doc>Logs the given message with the given level.</doc>
<status status="PASS" start="2024-07-16T18:20:16.035348" elapsed="0.000456"/>
</kw>
<kw name="Set Variable" owner="BuiltIn">
<msg time="2024-07-16T18:20:16.036660" level="INFO">${json_data} = {'results': [{'gender': 'female', 'name': {'title': 'Mrs', 'first': 'Ana Luisa', 'last': 'Patiño'}, 'location': {'street': {'number': 6981, 'name': 'Andador Norte Porras'}, 'city': 'Caucel', 'state': ...</msg>
<var>${json_data}</var>
<arg>${response.json()}</arg>
<doc>Returns the given values which can then be assigned to a variables.</doc>
<status status="PASS" start="2024-07-16T18:20:16.036192" elapsed="0.000498"/>
</kw>
<kw name="Dictionary Should Contain Key" owner="Collections">
<arg>${json_data}</arg>
<arg>results</arg>
<doc>Fails if ``key`` is not found from ``dictionary``.</doc>
<status status="PASS" start="2024-07-16T18:20:16.037008" elapsed="0.000174"/>
</kw>
<status status="PASS" start="2024-07-16T18:20:15.905590" elapsed="0.131748"/>
</kw>
<doc>Testa se a API responde corretamente e retorna um objeto JSON válido.</doc>
<tag>testeRequisicaoBasica</tag>
<status status="PASS" start="2024-07-16T18:20:15.905118" elapsed="0.132412"/>
</test>
<test id="s1-s1-t3" name="Validar estrutura de resposta" line="22">
<kw name="Teste de Estrutura de Resposta" owner="random-user-service">
<kw name="GET On Session" owner="RequestsLibrary">
<msg time="2024-07-16T18:20:16.179322" level="INFO">GET Request : url=https://randomuser.me/api 
 path_url=/api 
 headers={'User-Agent': 'python-requests/2.32.3', 'Accept-Encoding': 'gzip, deflate', 'Accept': '*/*', 'Connection': 'keep-alive'} 
 body=None 
 </msg>
<msg time="2024-07-16T18:20:16.179442" level="INFO">GET Response : url=https://randomuser.me/api 
 status=200, reason=OK 
 headers={'Date': 'Tue, 16 Jul 2024 18:20:16 GMT', 'Content-Type': 'application/json; charset=utf-8', 'Transfer-Encoding': 'chunked', 'Connection': 'keep-alive', 'X-Powered-By': 'Express', 'Access-Control-Allow-Origin': '*', 'Cache-Control': 'no-cache', 'ETag': 'W/"47b-n8kPT2/Wel4CLFIk+xQZL9JiflA"', 'Vary': 'Accept-Encoding', 'Content-Encoding': 'gzip', 'CF-Cache-Status': 'DYNAMIC', 'Report-To': '{"endpoints":[{"url":"https:\\/\\/a.nel.cloudflare.com\\/report\\/v4?s=Wmd%2BrXt96ptYZG%2FxHVEv6dR%2FhYKJE4n0gdDItKh0%2F0DqWBekKUBt09kPFf%2BiFECBf3AZAuyBLE%2FZc3IjTdNVuR%2FFj%2BchC2CnmnzYuR6%2BH17n4%2B7iAGpE%2Bk9HD90e4VZx"}],"group":"cf-nel","max_age":604800}', 'NEL': '{"success_fraction":0,"report_to":"cf-nel","max_age":604800}', 'Server': 'cloudflare', 'CF-RAY': '8a4401584dfa15f5-SJC', 'alt-svc': 'h3=":443"; ma=86400'} 
 body={"results":[{"gender":"male","name":{"title":"Mr","first":"Gerald","last":"May"},"location":{"street":{"number":4460,"name":"Royal Ln"},"city":"Lousville","state":"Oregon","country":"United States","postcode":51810,"coordinates":{"latitude":"81.8048","longitude":"-144.6559"},"timezone":{"offset":"+6:00","description":"Almaty, Dhaka, Colombo"}},"email":"gerald.may@example.com","login":{"uuid":"69c7b8b7-c08d-49f7-9fb2-6abaf27fbf99","username":"sadcat461","password":"whatwhat","salt":"YcHZL8Bv","md5":"1a7af48a2d5ef012ff732edbd4a59a1c","sha1":"d0889a976d0523127f7a6593bd3b29f0f9b7c412","sha256":"a8304ee1dcec5d67a47d68c2300b53e284968583652a86ac93970de7b45fd572"},"dob":{"date":"1981-02-24T19:10:32.847Z","age":43},"registered":{"date":"2017-03-22T12:07:57.244Z","age":7},"phone":"(914) 979-5602","cell":"(650) 411-4455","id":{"name":"SSN","value":"400-91-6818"},"picture":{"large":"https://randomuser.me/api/portraits/men/68.jpg","medium":"https://randomuser.me/api/portraits/med/men/68.jpg","thumbnail":"https://randomuser.me/api/portraits/thumb/men/68.jpg"},"nat":"US"}],"info":{"seed":"8e944d2febcc8dc1","results":1,"page":1,"version":"1.4"}} 
 </msg>
<msg time="2024-07-16T18:20:16.179598" level="INFO">/opt/hostedtoolcache/Python/3.12.4/x64/lib/python3.12/site-packages/urllib3/connectionpool.py:1099: InsecureRequestWarning: Unverified HTTPS request is being made to host 'randomuser.me'. Adding certificate verification is strongly advised. See: https://urllib3.readthedocs.io/en/latest/advanced-usage.html#tls-warnings
  warnings.warn(</msg>
<msg time="2024-07-16T18:20:16.179760" level="INFO">${response} = &lt;Response [200]&gt;</msg>
<var>${response}</var>
<arg>consultarAPI</arg>
<arg>/api</arg>
<doc>Sends a GET request on a previously created HTTP Session.</doc>
<status status="PASS" start="2024-07-16T18:20:16.040268" elapsed="0.139539"/>
</kw>
<kw name="Set Variable" owner="BuiltIn">
<msg time="2024-07-16T18:20:16.180920" level="INFO">${json_data} = {'results': [{'gender': 'male', 'name': {'title': 'Mr', 'first': 'Gerald', 'last': 'May'}, 'location': {'street': {'number': 4460, 'name': 'Royal Ln'}, 'city': 'Lousville', 'state': 'Oregon', 'country...</msg>
<var>${json_data}</var>
<arg>${response.json()}</arg>
<doc>Returns the given values which can then be assigned to a variables.</doc>
<status status="PASS" start="2024-07-16T18:20:16.180376" elapsed="0.000575"/>
</kw>
<kw name="Log" owner="BuiltIn">
<msg time="2024-07-16T18:20:16.181495" level="INFO">{'results': [{'gender': 'male', 'name': {'title': 'Mr', 'first': 'Gerald', 'last': 'May'}, 'location': {'street': {'number': 4460, 'name': 'Royal Ln'}, 'city': 'Lousville', 'state': 'Oregon', 'country': 'United States', 'postcode': 51810, 'coordinates': {'latitude': '81.8048', 'longitude': '-144.6559'}, 'timezone': {'offset': '+6:00', 'description': 'Almaty, Dhaka, Colombo'}}, 'email': 'gerald.may@example.com', 'login': {'uuid': '69c7b8b7-c08d-49f7-9fb2-6abaf27fbf99', 'username': 'sadcat461', 'password': 'whatwhat', 'salt': 'YcHZL8Bv', 'md5': '1a7af48a2d5ef012ff732edbd4a59a1c', 'sha1': 'd0889a976d0523127f7a6593bd3b29f0f9b7c412', 'sha256': 'a8304ee1dcec5d67a47d68c2300b53e284968583652a86ac93970de7b45fd572'}, 'dob': {'date': '1981-02-24T19:10:32.847Z', 'age': 43}, 'registered': {'date': '2017-03-22T12:07:57.244Z', 'age': 7}, 'phone': '(914) 979-5602', 'cell': '(650) 411-4455', 'id': {'name': 'SSN', 'value': '400-91-6818'}, 'picture': {'large': 'https://randomuser.me/api/portraits/men/68.jpg', 'medium': 'https://randomuser.me/api/portraits/med/men/68.jpg', 'thumbnail': 'https://randomuser.me/api/portraits/thumb/men/68.jpg'}, 'nat': 'US'}], 'info': {'seed': '8e944d2febcc8dc1', 'results': 1, 'page': 1, 'version': '1.4'}}</msg>
<arg>${json_data}</arg>
<doc>Logs the given message with the given level.</doc>
<status status="PASS" start="2024-07-16T18:20:16.181319" elapsed="0.000239"/>
</kw>
<kw name="Dictionary Should Contain Key" owner="Collections">
<arg>${json_data}</arg>
<arg>results</arg>
<doc>Fails if ``key`` is not found from ``dictionary``.</doc>
<status status="PASS" start="2024-07-16T18:20:16.181877" elapsed="0.000172"/>
</kw>
<kw name="Should Not Be Empty" owner="BuiltIn">
<msg time="2024-07-16T18:20:16.182386" level="INFO">Length is 2.</msg>
<arg>${json_data}</arg>
<doc>Verifies that the given item is not empty.</doc>
<status status="PASS" start="2024-07-16T18:20:16.182243" elapsed="0.000183"/>
</kw>
<kw name="Create List" owner="BuiltIn">
<msg time="2024-07-16T18:20:16.183073" level="INFO">${expected_keys} = ['gender', 'name', 'location', 'email', 'login']</msg>
<var>${expected_keys}</var>
<arg>gender</arg>
<arg>name</arg>
<arg>location</arg>
<arg>email</arg>
<arg>login</arg>
<doc>Returns a list containing given items.</doc>
<status status="PASS" start="2024-07-16T18:20:16.182735" elapsed="0.000365"/>
</kw>
<for flavor="IN">
<iter>
<kw name="Dictionary Should Contain Key" owner="Collections">
<arg>${json_data['results'][0]}</arg>
<arg>${key}</arg>
<doc>Fails if ``key`` is not found from ``dictionary``.</doc>
<status status="PASS" start="2024-07-16T18:20:16.183719" elapsed="0.000478"/>
</kw>
<kw name="Log" owner="BuiltIn">
<msg time="2024-07-16T18:20:16.184775" level="INFO">{'gender': 'male', 'name': {'title': 'Mr', 'first': 'Gerald', 'last': 'May'}, 'location': {'street': {'number': 4460, 'name': 'Royal Ln'}, 'city': 'Lousville', 'state': 'Oregon', 'country': 'United States', 'postcode': 51810, 'coordinates': {'latitude': '81.8048', 'longitude': '-144.6559'}, 'timezone': {'offset': '+6:00', 'description': 'Almaty, Dhaka, Colombo'}}, 'email': 'gerald.may@example.com', 'login': {'uuid': '69c7b8b7-c08d-49f7-9fb2-6abaf27fbf99', 'username': 'sadcat461', 'password': 'whatwhat', 'salt': 'YcHZL8Bv', 'md5': '1a7af48a2d5ef012ff732edbd4a59a1c', 'sha1': 'd0889a976d0523127f7a6593bd3b29f0f9b7c412', 'sha256': 'a8304ee1dcec5d67a47d68c2300b53e284968583652a86ac93970de7b45fd572'}, 'dob': {'date': '1981-02-24T19:10:32.847Z', 'age': 43}, 'registered': {'date': '2017-03-22T12:07:57.244Z', 'age': 7}, 'phone': '(914) 979-5602', 'cell': '(650) 411-4455', 'id': {'name': 'SSN', 'value': '400-91-6818'}, 'picture': {'large': 'https://randomuser.me/api/portraits/men/68.jpg', 'medium': 'https://randomuser.me/api/portraits/med/men/68.jpg', 'thumbnail': 'https://randomuser.me/api/portraits/thumb/men/68.jpg'}, 'nat': 'US'}</msg>
<arg>${json_data['results'][0]}</arg>
<doc>Logs the given message with the given level.</doc>
<status status="PASS" start="2024-07-16T18:20:16.184395" elapsed="0.000431"/>
</kw>
<kw name="Log" owner="BuiltIn">
<msg time="2024-07-16T18:20:16.185273" level="INFO">gender</msg>
<arg>${key}</arg>
<doc>Logs the given message with the given level.</doc>
<status status="PASS" start="2024-07-16T18:20:16.185140" elapsed="0.000172"/>
</kw>
<var name="${key}">gender</var>
<status status="PASS" start="2024-07-16T18:20:16.183588" elapsed="0.001948"/>
</iter>
<iter>
<kw name="Dictionary Should Contain Key" owner="Collections">
<arg>${json_data['results'][0]}</arg>
<arg>${key}</arg>
<doc>Fails if ``key`` is not found from ``dictionary``.</doc>
<status status="PASS" start="2024-07-16T18:20:16.185855" elapsed="0.000403"/>
</kw>
<kw name="Log" owner="BuiltIn">
<msg time="2024-07-16T18:20:16.186803" level="INFO">{'gender': 'male', 'name': {'title': 'Mr', 'first': 'Gerald', 'last': 'May'}, 'location': {'street': {'number': 4460, 'name': 'Royal Ln'}, 'city': 'Lousville', 'state': 'Oregon', 'country': 'United States', 'postcode': 51810, 'coordinates': {'latitude': '81.8048', 'longitude': '-144.6559'}, 'timezone': {'offset': '+6:00', 'description': 'Almaty, Dhaka, Colombo'}}, 'email': 'gerald.may@example.com', 'login': {'uuid': '69c7b8b7-c08d-49f7-9fb2-6abaf27fbf99', 'username': 'sadcat461', 'password': 'whatwhat', 'salt': 'YcHZL8Bv', 'md5': '1a7af48a2d5ef012ff732edbd4a59a1c', 'sha1': 'd0889a976d0523127f7a6593bd3b29f0f9b7c412', 'sha256': 'a8304ee1dcec5d67a47d68c2300b53e284968583652a86ac93970de7b45fd572'}, 'dob': {'date': '1981-02-24T19:10:32.847Z', 'age': 43}, 'registered': {'date': '2017-03-22T12:07:57.244Z', 'age': 7}, 'phone': '(914) 979-5602', 'cell': '(650) 411-4455', 'id': {'name': 'SSN', 'value': '400-91-6818'}, 'picture': {'large': 'https://randomuser.me/api/portraits/men/68.jpg', 'medium': 'https://randomuser.me/api/portraits/med/men/68.jpg', 'thumbnail': 'https://randomuser.me/api/portraits/thumb/men/68.jpg'}, 'nat': 'US'}</msg>
<arg>${json_data['results'][0]}</arg>
<doc>Logs the given message with the given level.</doc>
<status status="PASS" start="2024-07-16T18:20:16.186446" elapsed="0.000441"/>
</kw>
<kw name="Log" owner="BuiltIn">
<msg time="2024-07-16T18:20:16.187326" level="INFO">name</msg>
<arg>${key}</arg>
<doc>Logs the given message with the given level.</doc>
<status status="PASS" start="2024-07-16T18:20:16.187196" elapsed="0.000169"/>
</kw>
<var name="${key}">name</var>
<status status="PASS" start="2024-07-16T18:20:16.185738" elapsed="0.001848"/>
</iter>
<iter>
<kw name="Dictionary Should Contain Key" owner="Collections">
<arg>${json_data['results'][0]}</arg>
<arg>${key}</arg>
<doc>Fails if ``key`` is not found from ``dictionary``.</doc>
<status status="PASS" start="2024-07-16T18:20:16.187885" elapsed="0.000427"/>
</kw>
<kw name="Log" owner="BuiltIn">
<msg time="2024-07-16T18:20:16.188854" level="INFO">{'gender': 'male', 'name': {'title': 'Mr', 'first': 'Gerald', 'last': 'May'}, 'location': {'street': {'number': 4460, 'name': 'Royal Ln'}, 'city': 'Lousville', 'state': 'Oregon', 'country': 'United States', 'postcode': 51810, 'coordinates': {'latitude': '81.8048', 'longitude': '-144.6559'}, 'timezone': {'offset': '+6:00', 'description': 'Almaty, Dhaka, Colombo'}}, 'email': 'gerald.may@example.com', 'login': {'uuid': '69c7b8b7-c08d-49f7-9fb2-6abaf27fbf99', 'username': 'sadcat461', 'password': 'whatwhat', 'salt': 'YcHZL8Bv', 'md5': '1a7af48a2d5ef012ff732edbd4a59a1c', 'sha1': 'd0889a976d0523127f7a6593bd3b29f0f9b7c412', 'sha256': 'a8304ee1dcec5d67a47d68c2300b53e284968583652a86ac93970de7b45fd572'}, 'dob': {'date': '1981-02-24T19:10:32.847Z', 'age': 43}, 'registered': {'date': '2017-03-22T12:07:57.244Z', 'age': 7}, 'phone': '(914) 979-5602', 'cell': '(650) 411-4455', 'id': {'name': 'SSN', 'value': '400-91-6818'}, 'picture': {'large': 'https://randomuser.me/api/portraits/men/68.jpg', 'medium': 'https://randomuser.me/api/portraits/med/men/68.jpg', 'thumbnail': 'https://randomuser.me/api/portraits/thumb/men/68.jpg'}, 'nat': 'US'}</msg>
<arg>${json_data['results'][0]}</arg>
<doc>Logs the given message with the given level.</doc>
<status status="PASS" start="2024-07-16T18:20:16.188501" elapsed="0.000402"/>
</kw>
<kw name="Log" owner="BuiltIn">
<msg time="2024-07-16T18:20:16.189342" level="INFO">location</msg>
<arg>${key}</arg>
<doc>Logs the given message with the given level.</doc>
<status status="PASS" start="2024-07-16T18:20:16.189212" elapsed="0.000169"/>
</kw>
<var name="${key}">location</var>
<status status="PASS" start="2024-07-16T18:20:16.187773" elapsed="0.001829"/>
</iter>
<iter>
<kw name="Dictionary Should Contain Key" owner="Collections">
<arg>${json_data['results'][0]}</arg>
<arg>${key}</arg>
<doc>Fails if ``key`` is not found from ``dictionary``.</doc>
<status status="PASS" start="2024-07-16T18:20:16.189894" elapsed="0.000394"/>
</kw>
<kw name="Log" owner="BuiltIn">
<msg time="2024-07-16T18:20:16.190834" level="INFO">{'gender': 'male', 'name': {'title': 'Mr', 'first': 'Gerald', 'last': 'May'}, 'location': {'street': {'number': 4460, 'name': 'Royal Ln'}, 'city': 'Lousville', 'state': 'Oregon', 'country': 'United States', 'postcode': 51810, 'coordinates': {'latitude': '81.8048', 'longitude': '-144.6559'}, 'timezone': {'offset': '+6:00', 'description': 'Almaty, Dhaka, Colombo'}}, 'email': 'gerald.may@example.com', 'login': {'uuid': '69c7b8b7-c08d-49f7-9fb2-6abaf27fbf99', 'username': 'sadcat461', 'password': 'whatwhat', 'salt': 'YcHZL8Bv', 'md5': '1a7af48a2d5ef012ff732edbd4a59a1c', 'sha1': 'd0889a976d0523127f7a6593bd3b29f0f9b7c412', 'sha256': 'a8304ee1dcec5d67a47d68c2300b53e284968583652a86ac93970de7b45fd572'}, 'dob': {'date': '1981-02-24T19:10:32.847Z', 'age': 43}, 'registered': {'date': '2017-03-22T12:07:57.244Z', 'age': 7}, 'phone': '(914) 979-5602', 'cell': '(650) 411-4455', 'id': {'name': 'SSN', 'value': '400-91-6818'}, 'picture': {'large': 'https://randomuser.me/api/portraits/men/68.jpg', 'medium': 'https://randomuser.me/api/portraits/med/men/68.jpg', 'thumbnail': 'https://randomuser.me/api/portraits/thumb/men/68.jpg'}, 'nat': 'US'}</msg>
<arg>${json_data['results'][0]}</arg>
<doc>Logs the given message with the given level.</doc>
<status status="PASS" start="2024-07-16T18:20:16.190480" elapsed="0.000413"/>
</kw>
<kw name="Log" owner="BuiltIn">
<msg time="2024-07-16T18:20:16.191362" level="INFO">email</msg>
<arg>${key}</arg>
<doc>Logs the given message with the given level.</doc>
<status status="PASS" start="2024-07-16T18:20:16.191215" elapsed="0.000189"/>
</kw>
<var name="${key}">email</var>
<status status="PASS" start="2024-07-16T18:20:16.189783" elapsed="0.001869"/>
</iter>
<iter>
<kw name="Dictionary Should Contain Key" owner="Collections">
<arg>${json_data['results'][0]}</arg>
<arg>${key}</arg>
<doc>Fails if ``key`` is not found from ``dictionary``.</doc>
<status status="PASS" start="2024-07-16T18:20:16.192027" elapsed="0.000444"/>
</kw>
<kw name="Log" owner="BuiltIn">
<msg time="2024-07-16T18:20:16.193013" level="INFO">{'gender': 'male', 'name': {'title': 'Mr', 'first': 'Gerald', 'last': 'May'}, 'location': {'street': {'number': 4460, 'name': 'Royal Ln'}, 'city': 'Lousville', 'state': 'Oregon', 'country': 'United States', 'postcode': 51810, 'coordinates': {'latitude': '81.8048', 'longitude': '-144.6559'}, 'timezone': {'offset': '+6:00', 'description': 'Almaty, Dhaka, Colombo'}}, 'email': 'gerald.may@example.com', 'login': {'uuid': '69c7b8b7-c08d-49f7-9fb2-6abaf27fbf99', 'username': 'sadcat461', 'password': 'whatwhat', 'salt': 'YcHZL8Bv', 'md5': '1a7af48a2d5ef012ff732edbd4a59a1c', 'sha1': 'd0889a976d0523127f7a6593bd3b29f0f9b7c412', 'sha256': 'a8304ee1dcec5d67a47d68c2300b53e284968583652a86ac93970de7b45fd572'}, 'dob': {'date': '1981-02-24T19:10:32.847Z', 'age': 43}, 'registered': {'date': '2017-03-22T12:07:57.244Z', 'age': 7}, 'phone': '(914) 979-5602', 'cell': '(650) 411-4455', 'id': {'name': 'SSN', 'value': '400-91-6818'}, 'picture': {'large': 'https://randomuser.me/api/portraits/men/68.jpg', 'medium': 'https://randomuser.me/api/portraits/med/men/68.jpg', 'thumbnail': 'https://randomuser.me/api/portraits/thumb/men/68.jpg'}, 'nat': 'US'}</msg>
<arg>${json_data['results'][0]}</arg>
<doc>Logs the given message with the given level.</doc>
<status status="PASS" start="2024-07-16T18:20:16.192660" elapsed="0.000402"/>
</kw>
<kw name="Log" owner="BuiltIn">
<msg time="2024-07-16T18:20:16.193491" level="INFO">login</msg>
<arg>${key}</arg>
<doc>Logs the given message with the given level.</doc>
<status status="PASS" start="2024-07-16T18:20:16.193362" elapsed="0.000168"/>
</kw>
<var name="${key}">login</var>
<status status="PASS" start="2024-07-16T18:20:16.191856" elapsed="0.001892"/>
</iter>
<var>${key}</var>
<value>@{expected_keys}</value>
<status status="PASS" start="2024-07-16T18:20:16.183379" elapsed="0.010498"/>
</for>
<kw name="Create List" owner="BuiltIn">
<msg time="2024-07-16T18:20:16.194222" level="INFO">${expected_keysTwo} = ['username', 'password']</msg>
<var>${expected_keysTwo}</var>
<arg>username</arg>
<arg>password</arg>
<doc>Returns a list containing given items.</doc>
<status status="PASS" start="2024-07-16T18:20:16.194077" elapsed="0.000170"/>
</kw>
<for flavor="IN">
<iter>
<kw name="Dictionary Should Contain Key" owner="Collections">
<arg>${json_data['results'][0]['login']}</arg>
<arg>${keyTwo}</arg>
<doc>Fails if ``key`` is not found from ``dictionary``.</doc>
<status status="PASS" start="2024-07-16T18:20:16.194797" elapsed="0.000409"/>
</kw>
<kw name="Dictionary Should Contain Key" owner="Collections">
<arg>${json_data['results'][0]['login']}</arg>
<arg>${keyTwo}</arg>
<doc>Fails if ``key`` is not found from ``dictionary``.</doc>
<status status="PASS" start="2024-07-16T18:20:16.195392" elapsed="0.000386"/>
</kw>
<kw name="Log" owner="BuiltIn">
<msg time="2024-07-16T18:20:16.196127" level="INFO">username</msg>
<arg>${keyTwo}</arg>
<doc>Logs the given message with the given level.</doc>
<status status="PASS" start="2024-07-16T18:20:16.195994" elapsed="0.000172"/>
</kw>
<var name="${keyTwo}">username</var>
<status status="PASS" start="2024-07-16T18:20:16.194684" elapsed="0.001708"/>
</iter>
<iter>
<kw name="Dictionary Should Contain Key" owner="Collections">
<arg>${json_data['results'][0]['login']}</arg>
<arg>${keyTwo}</arg>
<doc>Fails if ``key`` is not found from ``dictionary``.</doc>
<status status="PASS" start="2024-07-16T18:20:16.196680" elapsed="0.000391"/>
</kw>
<kw name="Dictionary Should Contain Key" owner="Collections">
<arg>${json_data['results'][0]['login']}</arg>
<arg>${keyTwo}</arg>
<doc>Fails if ``key`` is not found from ``dictionary``.</doc>
<status status="PASS" start="2024-07-16T18:20:16.197254" elapsed="0.000368"/>
</kw>
<kw name="Log" owner="BuiltIn">
<msg time="2024-07-16T18:20:16.197923" level="INFO">password</msg>
<arg>${keyTwo}</arg>
<doc>Logs the given message with the given level.</doc>
<status status="PASS" start="2024-07-16T18:20:16.197802" elapsed="0.000164"/>
</kw>
<var name="${keyTwo}">password</var>
<status status="PASS" start="2024-07-16T18:20:16.196568" elapsed="0.001713"/>
</iter>
<var>${keyTwo}</var>
<value>@{expected_keysTwo}</value>
<status status="PASS" start="2024-07-16T18:20:16.194521" elapsed="0.003883"/>
</for>
<status status="PASS" start="2024-07-16T18:20:16.040018" elapsed="0.158537"/>
</kw>
<doc>Testa a estrutura da resposta da API.</doc>
<tag>testeEstruturaResposta</tag>
<status status="PASS" start="2024-07-16T18:20:16.039459" elapsed="0.159259"/>
</test>
<test id="s1-s1-t4" name="Validar tipos de dados" line="28">
<kw name="Teste de Tipos de Dados" owner="random-user-service">
<kw name="GET On Session" owner="RequestsLibrary">
<msg time="2024-07-16T18:20:16.372274" level="INFO">GET Request : url=https://randomuser.me/api 
 path_url=/api 
 headers={'User-Agent': 'python-requests/2.32.3', 'Accept-Encoding': 'gzip, deflate', 'Accept': '*/*', 'Connection': 'keep-alive'} 
 body=None 
 </msg>
<msg time="2024-07-16T18:20:16.372377" level="INFO">GET Response : url=https://randomuser.me/api 
 status=200, reason=OK 
 headers={'Date': 'Tue, 16 Jul 2024 18:20:16 GMT', 'Content-Type': 'application/json; charset=utf-8', 'Transfer-Encoding': 'chunked', 'Connection': 'keep-alive', 'X-Powered-By': 'Express', 'Access-Control-Allow-Origin': '*', 'Cache-Control': 'no-cache', 'ETag': 'W/"499-xMVVuUQ2fIozVVG8p2MfAzKwGfY"', 'Vary': 'Accept-Encoding', 'Content-Encoding': 'gzip', 'CF-Cache-Status': 'DYNAMIC', 'Report-To': '{"endpoints":[{"url":"https:\\/\\/a.nel.cloudflare.com\\/report\\/v4?s=fcK8JGPpwteCl2FYa1%2BZ9t5ow%2FPkdULFI5bzhPNuXxwvVJ00%2B%2BmfmTHeG7kHfGfE7oEc2kdoIdn935%2FJtB0WkR5sFce5g4E0PfrrPhS8JndAJFY7UetSGtLVb8YriowP"}],"group":"cf-nel","max_age":604800}', 'NEL': '{"success_fraction":0,"report_to":"cf-nel","max_age":604800}', 'Server': 'cloudflare', 'CF-RAY': '8a4401594efe15f5-SJC', 'alt-svc': 'h3=":443"; ma=86400'} 
 body={"results":[{"gender":"male","name":{"title":"Mr","first":"Mihailo","last":"Srećković"},"location":{"street":{"number":3342,"name":"Vragovačka"},"city":"Aranđelovac","state":"Zaječar","country":"Serbia","postcode":24002,"coordinates":{"latitude":"62.0875","longitude":"-1.9261"},"timezone":{"offset":"+10:00","description":"Eastern Australia, Guam, Vladivostok"}},"email":"mihailo.sreckovic@example.com","login":{"uuid":"7bf5f0f2-600b-4ea2-8714-0847ba05f1d1","username":"bigelephant135","password":"ihateyou","salt":"zcdR4NiI","md5":"de35cd03a8f3ddf28341a053aa52df92","sha1":"46c3df689bb77815ab0316b262bb4524e65a7c77","sha256":"a71c64509b2ce3bf5ffaa49ea8f08004139317edd510a8e1daff94df679ed9d6"},"dob":{"date":"1975-03-17T15:10:40.303Z","age":49},"registered":{"date":"2008-04-28T19:56:19.207Z","age":16},"phone":"036-0390-818","cell":"063-1267-942","id":{"name":"SID","value":"049332980"},"picture":{"large":"https://randomuser.me/api/portraits/men/46.jpg","medium":"https://randomuser.me/api/portraits/med/men/46.jpg","thumbnail":"https://randomuser.me/api/portraits/thumb/men/46.jpg"},"nat":"RS"}],"info":{"seed":"fb3f8fc1e465ece8","results":1,"page":1,"version":"1.4"}} 
 </msg>
<msg time="2024-07-16T18:20:16.372451" level="INFO">/opt/hostedtoolcache/Python/3.12.4/x64/lib/python3.12/site-packages/urllib3/connectionpool.py:1099: InsecureRequestWarning: Unverified HTTPS request is being made to host 'randomuser.me'. Adding certificate verification is strongly advised. See: https://urllib3.readthedocs.io/en/latest/advanced-usage.html#tls-warnings
  warnings.warn(</msg>
<msg time="2024-07-16T18:20:16.372596" level="INFO">${response} = &lt;Response [200]&gt;</msg>
<var>${response}</var>
<arg>consultarAPI</arg>
<arg>/api</arg>
<doc>Sends a GET request on a previously created HTTP Session.</doc>
<status status="PASS" start="2024-07-16T18:20:16.201318" elapsed="0.171320"/>
</kw>
<kw name="Set Variable" owner="BuiltIn">
<msg time="2024-07-16T18:20:16.373797" level="INFO">${json_data} = {'results': [{'gender': 'male', 'name': {'title': 'Mr', 'first': 'Mihailo', 'last': 'Srećković'}, 'location': {'street': {'number': 3342, 'name': 'Vragovačka'}, 'city': 'Aranđelovac', 'state': 'Zaječa...</msg>
<var>${json_data}</var>
<arg>${response.json()}</arg>
<doc>Returns the given values which can then be assigned to a variables.</doc>
<status status="PASS" start="2024-07-16T18:20:16.373238" elapsed="0.000590"/>
</kw>
<kw name="Log" owner="BuiltIn">
<msg time="2024-07-16T18:20:16.374307" level="INFO">{'results': [{'gender': 'male', 'name': {'title': 'Mr', 'first': 'Mihailo', 'last': 'Srećković'}, 'location': {'street': {'number': 3342, 'name': 'Vragovačka'}, 'city': 'Aranđelovac', 'state': 'Zaječar', 'country': 'Serbia', 'postcode': 24002, 'coordinates': {'latitude': '62.0875', 'longitude': '-1.9261'}, 'timezone': {'offset': '+10:00', 'description': 'Eastern Australia, Guam, Vladivostok'}}, 'email': 'mihailo.sreckovic@example.com', 'login': {'uuid': '7bf5f0f2-600b-4ea2-8714-0847ba05f1d1', 'username': 'bigelephant135', 'password': 'ihateyou', 'salt': 'zcdR4NiI', 'md5': 'de35cd03a8f3ddf28341a053aa52df92', 'sha1': '46c3df689bb77815ab0316b262bb4524e65a7c77', 'sha256': 'a71c64509b2ce3bf5ffaa49ea8f08004139317edd510a8e1daff94df679ed9d6'}, 'dob': {'date': '1975-03-17T15:10:40.303Z', 'age': 49}, 'registered': {'date': '2008-04-28T19:56:19.207Z', 'age': 16}, 'phone': '036-0390-818', 'cell': '063-1267-942', 'id': {'name': 'SID', 'value': '049332980'}, 'picture': {'large': 'https://randomuser.me/api/portraits/men/46.jpg', 'medium': 'https://randomuser.me/api/portraits/med/men/46.jpg', 'thumbnail': 'https://randomuser.me/api/portraits/thumb/men/46.jpg'}, 'nat': 'RS'}], 'info': {'seed': 'fb3f8fc1e465ece8', 'results': 1, 'page': 1, 'version': '1.4'}}</msg>
<arg>${json_data}</arg>
<doc>Logs the given message with the given level.</doc>
<status status="PASS" start="2024-07-16T18:20:16.374147" elapsed="0.000210"/>
</kw>
<kw name="Should Be String" owner="String">
<arg>${json_data['results'][0]['gender']}</arg>
<doc>Fails if the given ``item`` is not a string.</doc>
<status status="PASS" start="2024-07-16T18:20:16.374653" elapsed="0.000369"/>
</kw>
<kw name="Should Match Regexp" owner="BuiltIn">
<arg>${json_data['results'][0]['email']}</arg>
<arg>^[a-zA-Z0-9._%+-]+@[a-zA-Z0-9.-]+\.[a-zA-Z]{2,}$</arg>
<doc>Fails if ``string`` does not match ``pattern`` as a regular expression.</doc>
<status status="PASS" start="2024-07-16T18:20:16.375208" elapsed="0.000509"/>
</kw>
<kw name="Should Match Regexp" owner="BuiltIn">
<arg>${json_data['results'][0]['dob']['date']}</arg>
<arg>\\d{4}-\\d{2}-\\d{2}T\\d{2}:\\d{2}:\\d{2}\\.\\d{3}Z</arg>
<doc>Fails if ``string`` does not match ``pattern`` as a regular expression.</doc>
<status status="PASS" start="2024-07-16T18:20:16.376007" elapsed="0.000499"/>
</kw>
<kw name="Should Match Regexp" owner="BuiltIn">
<arg>${json_data['results'][0]['registered']['date']}</arg>
<arg>\\d{4}-\\d{2}-\\d{2}T\\d{2}:\\d{2}:\\d{2}\\.\\d{3}Z</arg>
<doc>Fails if ``string`` does not match ``pattern`` as a regular expression.</doc>
<status status="PASS" start="2024-07-16T18:20:16.376696" elapsed="0.000370"/>
</kw>
<kw name="Should Match Regexp" owner="BuiltIn">
<arg>${json_data['results'][0]['picture']['large']}</arg>
<arg>^https?://.*\.(?:png|jpe?g|gif|bmp)$</arg>
<doc>Fails if ``string`` does not match ``pattern`` as a regular expression.</doc>
<status status="PASS" start="2024-07-16T18:20:16.377252" elapsed="0.000457"/>
</kw>
<kw name="Should Match Regexp" owner="BuiltIn">
<arg>${json_data['results'][0]['picture']['medium']}</arg>
<arg>^https?://.*\.(?:png|jpe?g|gif|bmp)$</arg>
<doc>Fails if ``string`` does not match ``pattern`` as a regular expression.</doc>
<status status="PASS" start="2024-07-16T18:20:16.377910" elapsed="0.000386"/>
</kw>
<kw name="Should Match Regexp" owner="BuiltIn">
<arg>${json_data['results'][0]['picture']['thumbnail']}</arg>
<arg>^https?://.*\.(?:png|jpe?g|gif|bmp)$</arg>
<doc>Fails if ``string`` does not match ``pattern`` as a regular expression.</doc>
<status status="PASS" start="2024-07-16T18:20:16.378479" elapsed="0.000359"/>
</kw>
<kw name="Log" owner="BuiltIn">
<msg time="2024-07-16T18:20:16.379400" level="INFO">{'large': 'https://randomuser.me/api/portraits/men/46.jpg', 'medium': 'https://randomuser.me/api/portraits/med/men/46.jpg', 'thumbnail': 'https://randomuser.me/api/portraits/thumb/men/46.jpg'}</msg>
<arg>${json_data['results'][0]['picture']}</arg>
<doc>Logs the given message with the given level.</doc>
<status status="PASS" start="2024-07-16T18:20:16.379030" elapsed="0.000413"/>
</kw>
<status status="PASS" start="2024-07-16T18:20:16.201084" elapsed="0.178623"/>
</kw>
<kw name="Teste de Tipos de Dados - Postcode" owner="random-user-service">
<kw name="GET On Session" owner="RequestsLibrary">
<msg time="2024-07-16T18:20:16.473374" level="INFO">GET Request : url=https://randomuser.me/api 
 path_url=/api 
 headers={'User-Agent': 'python-requests/2.32.3', 'Accept-Encoding': 'gzip, deflate', 'Accept': '*/*', 'Connection': 'keep-alive'} 
 body=None 
 </msg>
<msg time="2024-07-16T18:20:16.473477" level="INFO">GET Response : url=https://randomuser.me/api 
 status=200, reason=OK 
 headers={'Date': 'Tue, 16 Jul 2024 18:20:16 GMT', 'Content-Type': 'application/json; charset=utf-8', 'Transfer-Encoding': 'chunked', 'Connection': 'keep-alive', 'X-Powered-By': 'Express', 'Access-Control-Allow-Origin': '*', 'Cache-Control': 'no-cache', 'ETag': 'W/"483-EXUX/6EQ8IP+SyINTGMmy8WFwZI"', 'Vary': 'Accept-Encoding', 'Content-Encoding': 'gzip', 'CF-Cache-Status': 'DYNAMIC', 'Report-To': '{"endpoints":[{"url":"https:\\/\\/a.nel.cloudflare.com\\/report\\/v4?s=j3b4UhwmSvCncNe7vexckXMqhC%2FwS6F4ZPZEdm1OaZT%2FVSqLg4RbPScpWnyX3JeN%2B7AdKeKxVJWzpgUCHXFdER5Ow7%2FkGITdkqdGcJ6n9cUT3x5QrmscsIGE00k3NHFQ"}],"group":"cf-nel","max_age":604800}', 'NEL': '{"success_fraction":0,"report_to":"cf-nel","max_age":604800}', 'Server': 'cloudflare', 'CF-RAY': '8a44015a6ff215f5-SJC', 'alt-svc': 'h3=":443"; ma=86400'} 
 body={"results":[{"gender":"female","name":{"title":"Miss","first":"زهرا","last":"کامروا"},"location":{"street":{"number":9300,"name":"17 شهریور"},"city":"خمینی‌شهر","state":"البرز","country":"Iran","postcode":50376,"coordinates":{"latitude":"18.8049","longitude":"9.1395"},"timezone":{"offset":"-2:00","description":"Mid-Atlantic"}},"email":"zhr.khmrw@example.com","login":{"uuid":"7d36e052-70a1-4e4c-bd34-c4cbf7e351e9","username":"crazyrabbit349","password":"chillin","salt":"dOg5rXoZ","md5":"4eb5330f2bd83c6f718b7494d0ed6211","sha1":"dc8d5fee2ca6daa65748f0fe65839aade545b722","sha256":"4f7e56ac7b3c45295eaaf9d20713985fb8b1106a932a56403e26c6502a2914bc"},"dob":{"date":"1989-11-23T08:04:33.871Z","age":34},"registered":{"date":"2016-03-04T06:10:17.321Z","age":8},"phone":"049-23085718","cell":"0936-922-6089","id":{"name":"","value":null},"picture":{"large":"https://randomuser.me/api/portraits/women/93.jpg","medium":"https://randomuser.me/api/portraits/med/women/93.jpg","thumbnail":"https://randomuser.me/api/portraits/thumb/women/93.jpg"},"nat":"IR"}],"info":{"seed":"52d408cd16d73377","results":1,"page":1,"version":"1.4"}} 
 </msg>
<msg time="2024-07-16T18:20:16.473549" level="INFO">/opt/hostedtoolcache/Python/3.12.4/x64/lib/python3.12/site-packages/urllib3/connectionpool.py:1099: InsecureRequestWarning: Unverified HTTPS request is being made to host 'randomuser.me'. Adding certificate verification is strongly advised. See: https://urllib3.readthedocs.io/en/latest/advanced-usage.html#tls-warnings
  warnings.warn(</msg>
<msg time="2024-07-16T18:20:16.473673" level="INFO">${response} = &lt;Response [200]&gt;</msg>
<var>${response}</var>
<arg>consultarAPI</arg>
<arg>/api</arg>
<doc>Sends a GET request on a previously created HTTP Session.</doc>
<status status="PASS" start="2024-07-16T18:20:16.380205" elapsed="0.093509"/>
</kw>
<kw name="Set Variable" owner="BuiltIn">
<msg time="2024-07-16T18:20:16.474913" level="INFO">${json_data} = {'results': [{'gender': 'female', 'name': {'title': 'Miss', 'first': 'زهرا', 'last': 'کامروا'}, 'location': {'street': {'number': 9300, 'name': '17 شهریور'}, 'city': 'خمینی\u200cشهر', 'state': 'البرز'...</msg>
<var>${json_data}</var>
<arg>${response.json()}</arg>
<doc>Returns the given values which can then be assigned to a variables.</doc>
<status status="PASS" start="2024-07-16T18:20:16.474337" elapsed="0.000607"/>
</kw>
<kw name="Log" owner="BuiltIn">
<msg time="2024-07-16T18:20:16.475417" level="INFO">{'results': [{'gender': 'female', 'name': {'title': 'Miss', 'first': 'زهرا', 'last': 'کامروا'}, 'location': {'street': {'number': 9300, 'name': '17 شهریور'}, 'city': 'خمینی\u200cشهر', 'state': 'البرز', 'country': 'Iran', 'postcode': 50376, 'coordinates': {'latitude': '18.8049', 'longitude': '9.1395'}, 'timezone': {'offset': '-2:00', 'description': 'Mid-Atlantic'}}, 'email': 'zhr.khmrw@example.com', 'login': {'uuid': '7d36e052-70a1-4e4c-bd34-c4cbf7e351e9', 'username': 'crazyrabbit349', 'password': 'chillin', 'salt': 'dOg5rXoZ', 'md5': '4eb5330f2bd83c6f718b7494d0ed6211', 'sha1': 'dc8d5fee2ca6daa65748f0fe65839aade545b722', 'sha256': '4f7e56ac7b3c45295eaaf9d20713985fb8b1106a932a56403e26c6502a2914bc'}, 'dob': {'date': '1989-11-23T08:04:33.871Z', 'age': 34}, 'registered': {'date': '2016-03-04T06:10:17.321Z', 'age': 8}, 'phone': '049-23085718', 'cell': '0936-922-6089', 'id': {'name': '', 'value': None}, 'picture': {'large': 'https://randomuser.me/api/portraits/women/93.jpg', 'medium': 'https://randomuser.me/api/portraits/med/women/93.jpg', 'thumbnail': 'https://randomuser.me/api/portraits/thumb/women/93.jpg'}, 'nat': 'IR'}], 'info': {'seed': '52d408cd16d73377', 'results': 1, 'page': 1, 'version': '1.4'}}</msg>
<arg>${json_data}</arg>
<doc>Logs the given message with the given level.</doc>
<status status="PASS" start="2024-07-16T18:20:16.475256" elapsed="0.000212"/>
</kw>
<kw name="Should Be Equal As Numbers" owner="BuiltIn">
<arg>${json_data['results'][0]['location']['postcode']}</arg>
<arg>${json_data['results'][0]['location']['postcode']}</arg>
<doc>Fails if objects are unequal after converting them to real numbers.</doc>
<status status="PASS" start="2024-07-16T18:20:16.475763" elapsed="0.000671"/>
</kw>
<kw name="Log" owner="BuiltIn">
<msg time="2024-07-16T18:20:16.477135" level="INFO">50376</msg>
<arg>${json_data['results'][0]['location']['postcode']}</arg>
<doc>Logs the given message with the given level.</doc>
<status status="PASS" start="2024-07-16T18:20:16.476622" elapsed="0.000554"/>
</kw>
<status status="PASS" start="2024-07-16T18:20:16.379963" elapsed="0.097501"/>
</kw>
<doc>Testa se os tipos de dados na resposta da API estão corretos.</doc>
<tag>testeTiposDados</tag>
<status status="PASS" start="2024-07-16T18:20:16.200625" elapsed="0.277010"/>
</test>
<test id="s1-s1-t5" name="Validar conteudo" line="35">
<kw name="Teste de Tipos de Conteudo" owner="random-user-service">
<kw name="GET On Session" owner="RequestsLibrary">
<msg time="2024-07-16T18:20:16.575991" level="INFO">GET Request : url=https://randomuser.me/api 
 path_url=/api 
 headers={'User-Agent': 'python-requests/2.32.3', 'Accept-Encoding': 'gzip, deflate', 'Accept': '*/*', 'Connection': 'keep-alive'} 
 body=None 
 </msg>
<msg time="2024-07-16T18:20:16.576111" level="INFO">GET Response : url=https://randomuser.me/api 
 status=200, reason=OK 
 headers={'Date': 'Tue, 16 Jul 2024 18:20:16 GMT', 'Content-Type': 'application/json; charset=utf-8', 'Transfer-Encoding': 'chunked', 'Connection': 'keep-alive', 'X-Powered-By': 'Express', 'Access-Control-Allow-Origin': '*', 'Cache-Control': 'no-cache', 'ETag': 'W/"482-/bPrU6ysT7OCDUPRx1X2POKcUZo"', 'Vary': 'Accept-Encoding', 'Content-Encoding': 'gzip', 'CF-Cache-Status': 'DYNAMIC', 'Report-To': '{"endpoints":[{"url":"https:\\/\\/a.nel.cloudflare.com\\/report\\/v4?s=8rR1WhJPwTKRKP8Or0vFPjv03LoeOCEji4q2bjBjiUtB1XEXM4nbkkonuvNJKwchzXASsh48o5xwFU%2Faayu%2F8r3kYyoNfn0AoEjdafs1DBizxknRMboSgErX7wBU6yjv"}],"group":"cf-nel","max_age":604800}', 'NEL': '{"success_fraction":0,"report_to":"cf-nel","max_age":604800}', 'Server': 'cloudflare', 'CF-RAY': '8a44015b08a615f5-SJC', 'alt-svc': 'h3=":443"; ma=86400'} 
 body={"results":[{"gender":"male","name":{"title":"Monsieur","first":"Josip","last":"Rolland"},"location":{"street":{"number":488,"name":"Rue Laure-Diebold"},"city":"Drei Höfe","state":"Ticino","country":"Switzerland","postcode":7272,"coordinates":{"latitude":"-59.8195","longitude":"-154.3256"},"timezone":{"offset":"+4:30","description":"Kabul"}},"email":"josip.rolland@example.com","login":{"uuid":"8ea0e3c0-1a9a-4448-9b9d-13f6b08af4fa","username":"organicsnake179","password":"r2d2","salt":"fNLNrrH3","md5":"0e80037dff061c9d60db9d3a4d821e21","sha1":"0cd519c2aa4a7afa609bd42dcc6c95e4ceaf80a9","sha256":"cbc7919f9a8c56d3d30a792089704646767e71a731fcb7e61fb17998f7bd5d5c"},"dob":{"date":"1958-06-26T18:36:45.516Z","age":66},"registered":{"date":"2021-06-28T20:59:15.195Z","age":3},"phone":"075 569 29 66","cell":"079 778 98 89","id":{"name":"AVS","value":"756.2317.2421.33"},"picture":{"large":"https://randomuser.me/api/portraits/men/43.jpg","medium":"https://randomuser.me/api/portraits/med/men/43.jpg","thumbnail":"https://randomuser.me/api/portraits/thumb/men/43.jpg"},"nat":"CH"}],"info":{"seed":"2d54784781bf174a","results":1,"page":1,"version":"1.4"}} 
 </msg>
<msg time="2024-07-16T18:20:16.576197" level="INFO">/opt/hostedtoolcache/Python/3.12.4/x64/lib/python3.12/site-packages/urllib3/connectionpool.py:1099: InsecureRequestWarning: Unverified HTTPS request is being made to host 'randomuser.me'. Adding certificate verification is strongly advised. See: https://urllib3.readthedocs.io/en/latest/advanced-usage.html#tls-warnings
  warnings.warn(</msg>
<msg time="2024-07-16T18:20:16.576344" level="INFO">${response} = &lt;Response [200]&gt;</msg>
<var>${response}</var>
<arg>consultarAPI</arg>
<arg>/api</arg>
<doc>Sends a GET request on a previously created HTTP Session.</doc>
<status status="PASS" start="2024-07-16T18:20:16.480226" elapsed="0.096162"/>
</kw>
<kw name="Set Variable" owner="BuiltIn">
<msg time="2024-07-16T18:20:16.577584" level="INFO">${json_data} = {'results': [{'gender': 'male', 'name': {'title': 'Monsieur', 'first': 'Josip', 'last': 'Rolland'}, 'location': {'street': {'number': 488, 'name': 'Rue Laure-Diebold'}, 'city': 'Drei Höfe', 'state': '...</msg>
<var>${json_data}</var>
<arg>${response.json()}</arg>
<doc>Returns the given values which can then be assigned to a variables.</doc>
<status status="PASS" start="2024-07-16T18:20:16.577009" elapsed="0.000605"/>
</kw>
<kw name="Set Variable" owner="BuiltIn">
<msg time="2024-07-16T18:20:16.578313" level="INFO">${name_title} = Monsieur</msg>
<var>${name_title}</var>
<arg>${json_data["results"][0]["name"]["title"]}</arg>
<doc>Returns the given values which can then be assigned to a variables.</doc>
<status status="PASS" start="2024-07-16T18:20:16.577926" elapsed="0.000413"/>
</kw>
<kw name="Create List" owner="BuiltIn">
<msg time="2024-07-16T18:20:16.578783" level="INFO">${allowed_titles} = ['Mr', 'Ms', 'Miss', 'Mrs', 'Madame', 'Monsieur']</msg>
<var>${allowed_titles}</var>
<arg>Mr</arg>
<arg>Ms</arg>
<arg>Miss</arg>
<arg>Mrs</arg>
<arg>Madame</arg>
<arg>Monsieur</arg>
<doc>Returns a list containing given items.</doc>
<status status="PASS" start="2024-07-16T18:20:16.578636" elapsed="0.000173"/>
</kw>
<kw name="List Should Contain Value" owner="Collections">
<arg>${allowed_titles}</arg>
<arg>${name_title}</arg>
<doc>Fails if the ``value`` is not found from ``list``.</doc>
<status status="PASS" start="2024-07-16T18:20:16.579105" elapsed="0.000181"/>
</kw>
<kw name="Set Variable" owner="BuiltIn">
<msg time="2024-07-16T18:20:16.579828" level="INFO">${name_country} = CH</msg>
<var>${name_country}</var>
<arg>${json_data["results"][0]["nat"]}</arg>
<doc>Returns the given values which can then be assigned to a variables.</doc>
<status status="PASS" start="2024-07-16T18:20:16.579465" elapsed="0.000388"/>
</kw>
<kw name="Create List" owner="BuiltIn">
<msg time="2024-07-16T18:20:16.580795" level="INFO">${list_country} = ['AD', 'AE', 'AF', 'AG', 'AI', 'AL', 'AM', 'AO', 'AQ', 'AR', 'AS', 'AT', 'AU', 'AW', 'AX', 'AZ', 'BA', 'BB', 'BD', 'BE', 'BF', 'BG', 'BH', 'BI', 'BJ', 'BL', 'BM', 'BN', 'BO', 'BQ', 'BR', 'BS', 'BT', '...</msg>
<var>${list_country}</var>
<arg>AD</arg>
<arg>AE</arg>
<arg>AF</arg>
<arg>AG</arg>
<arg>AI</arg>
<arg>AL</arg>
<arg>AM</arg>
<arg>AO</arg>
<arg>AQ</arg>
<arg>AR</arg>
<arg>AS</arg>
<arg>AT</arg>
<arg>AU</arg>
<arg>AW</arg>
<arg>AX</arg>
<arg>AZ</arg>
<arg>BA</arg>
<arg>BB</arg>
<arg>BD</arg>
<arg>BE</arg>
<arg>BF</arg>
<arg>BG</arg>
<arg>BH</arg>
<arg>BI</arg>
<arg>BJ</arg>
<arg>BL</arg>
<arg>BM</arg>
<arg>BN</arg>
<arg>BO</arg>
<arg>BQ</arg>
<arg>BR</arg>
<arg>BS</arg>
<arg>BT</arg>
<arg>BV</arg>
<arg>BW</arg>
<arg>BY</arg>
<arg>BZ</arg>
<arg>CA</arg>
<arg>CC</arg>
<arg>CD</arg>
<arg>CF</arg>
<arg>CG</arg>
<arg>CH</arg>
<arg>CI</arg>
<arg>CK</arg>
<arg>CL</arg>
<arg>CM</arg>
<arg>CN</arg>
<arg>CO</arg>
<arg>CR</arg>
<arg>CU</arg>
<arg>CV</arg>
<arg>CW</arg>
<arg>CX</arg>
<arg>CY</arg>
<arg>CZ</arg>
<arg>DE</arg>
<arg>DJ</arg>
<arg>DK</arg>
<arg>DM</arg>
<arg>DO</arg>
<arg>DZ</arg>
<arg>EC</arg>
<arg>EE</arg>
<arg>EG</arg>
<arg>EH</arg>
<arg>ER</arg>
<arg>ES</arg>
<arg>ET</arg>
<arg>FI</arg>
<arg>FJ</arg>
<arg>FK</arg>
<arg>FM</arg>
<arg>FO</arg>
<arg>FR</arg>
<arg>GA</arg>
<arg>GB</arg>
<arg>GD</arg>
<arg>GE</arg>
<arg>GF</arg>
<arg>GG</arg>
<arg>GH</arg>
<arg>GI</arg>
<arg>GL</arg>
<arg>GM</arg>
<arg>GN</arg>
<arg>GP</arg>
<arg>GQ</arg>
<arg>GR</arg>
<arg>GS</arg>
<arg>GT</arg>
<arg>GU</arg>
<arg>GW</arg>
<arg>GY</arg>
<arg>HK</arg>
<arg>HM</arg>
<arg>HN</arg>
<arg>HR</arg>
<arg>HT</arg>
<arg>HU</arg>
<arg>ID</arg>
<arg>IE</arg>
<arg>IL</arg>
<arg>IM</arg>
<arg>IN</arg>
<arg>IO</arg>
<arg>IQ</arg>
<arg>IR</arg>
<arg>IS</arg>
<arg>IT</arg>
<arg>JE</arg>
<arg>JM</arg>
<arg>JO</arg>
<arg>JP</arg>
<arg>KE</arg>
<arg>KG</arg>
<arg>KH</arg>
<arg>KI</arg>
<arg>KM</arg>
<arg>KN</arg>
<arg>KP</arg>
<arg>KR</arg>
<arg>KW</arg>
<arg>KY</arg>
<arg>KZ</arg>
<arg>LA</arg>
<arg>LB</arg>
<arg>LC</arg>
<arg>LI</arg>
<arg>LK</arg>
<arg>LR</arg>
<arg>LS</arg>
<arg>LT</arg>
<arg>LU</arg>
<arg>LV</arg>
<arg>LY</arg>
<arg>MA</arg>
<arg>MC</arg>
<arg>MD</arg>
<arg>ME</arg>
<arg>MF</arg>
<arg>MG</arg>
<arg>MH</arg>
<arg>MK</arg>
<arg>ML</arg>
<arg>MM</arg>
<arg>MN</arg>
<arg>MO</arg>
<arg>MP</arg>
<arg>MQ</arg>
<arg>MR</arg>
<arg>MS</arg>
<arg>MT</arg>
<arg>MU</arg>
<arg>MV</arg>
<arg>MW</arg>
<arg>MX</arg>
<arg>MY</arg>
<arg>MZ</arg>
<arg>NA</arg>
<arg>NC</arg>
<arg>NE</arg>
<arg>NF</arg>
<arg>NG</arg>
<arg>NI</arg>
<arg>NL</arg>
<arg>NO</arg>
<arg>NP</arg>
<arg>NR</arg>
<arg>NU</arg>
<arg>NZ</arg>
<arg>OM</arg>
<arg>PA</arg>
<arg>PE</arg>
<arg>PF</arg>
<arg>PG</arg>
<arg>PH</arg>
<arg>PK</arg>
<arg>PL</arg>
<arg>PM</arg>
<arg>PN</arg>
<arg>PR</arg>
<arg>PS</arg>
<arg>PT</arg>
<arg>PW</arg>
<arg>PY</arg>
<arg>QA</arg>
<arg>RE</arg>
<arg>RO</arg>
<arg>RS</arg>
<arg>RU</arg>
<arg>RW</arg>
<arg>SA</arg>
<arg>SB</arg>
<arg>SC</arg>
<arg>SD</arg>
<arg>SE</arg>
<arg>SG</arg>
<arg>SH</arg>
<arg>SI</arg>
<arg>SJ</arg>
<arg>SK</arg>
<arg>SL</arg>
<arg>SM</arg>
<arg>SN</arg>
<arg>SO</arg>
<arg>SR</arg>
<arg>SS</arg>
<arg>ST</arg>
<arg>SV</arg>
<arg>SX</arg>
<arg>SY</arg>
<arg>SZ</arg>
<arg>TC</arg>
<arg>TD</arg>
<arg>TF</arg>
<arg>TG</arg>
<arg>TH</arg>
<arg>TJ</arg>
<arg>TK</arg>
<arg>TL</arg>
<arg>TM</arg>
<arg>TN</arg>
<arg>TO</arg>
<arg>TR</arg>
<arg>TT</arg>
<arg>TV</arg>
<arg>TW</arg>
<arg>TZ</arg>
<arg>UA</arg>
<arg>UG</arg>
<arg>UM</arg>
<arg>US</arg>
<arg>UY</arg>
<arg>UZ</arg>
<arg>VA</arg>
<arg>VC</arg>
<arg>VE</arg>
<arg>VG</arg>
<arg>VI</arg>
<arg>VN</arg>
<arg>VU</arg>
<arg>WF</arg>
<arg>WS</arg>
<arg>XK</arg>
<arg>YE</arg>
<arg>YT</arg>
<arg>ZA</arg>
<arg>ZM</arg>
<arg>ZW</arg>
<doc>Returns a list containing given items.</doc>
<status status="PASS" start="2024-07-16T18:20:16.580198" elapsed="0.000623"/>
</kw>
<kw name="List Should Contain Value" owner="Collections">
<arg>${list_country}</arg>
<arg>${name_country}</arg>
<doc>Fails if the ``value`` is not found from ``list``.</doc>
<status status="PASS" start="2024-07-16T18:20:16.581621" elapsed="0.000200"/>
</kw>
<kw name="Run Keyword If" owner="BuiltIn">
<kw name="Should Be True" owner="BuiltIn">
<arg>${True}</arg>
<doc>Fails if the given condition is not true.</doc>
<status status="PASS" start="2024-07-16T18:20:16.582772" elapsed="0.000145"/>
</kw>
<arg>${json_data["results"][0]["location"]["coordinates"]["latitude"]} &gt;= -90 and ${json_data["results"][0]["location"]["coordinates"]["latitude"]} &lt;= 90</arg>
<arg>Should Be True</arg>
<arg>${True}</arg>
<doc>Runs the given keyword with the given arguments, if ``condition`` is true.</doc>
<status status="PASS" start="2024-07-16T18:20:16.582016" elapsed="0.001028"/>
</kw>
<kw name="Run Keyword If" owner="BuiltIn">
<kw name="Should Be True" owner="BuiltIn">
<arg>${True}</arg>
<doc>Fails if the given condition is not true.</doc>
<status status="PASS" start="2024-07-16T18:20:16.584012" elapsed="0.000262"/>
</kw>
<arg>${json_data["results"][0]["location"]["coordinates"]["longitude"]} &gt;= -180 and ${json_data["results"][0]["location"]["coordinates"]["longitude"]} &lt;= 180</arg>
<arg>Should Be True</arg>
<arg>${True}</arg>
<doc>Runs the given keyword with the given arguments, if ``condition`` is true.</doc>
<status status="PASS" start="2024-07-16T18:20:16.583226" elapsed="0.001181"/>
</kw>
<status status="PASS" start="2024-07-16T18:20:16.479993" elapsed="0.104550"/>
</kw>
<doc>Testa o conteúdo específico dos campos retornados pela API.</doc>
<tag>testeConteudo</tag>
<status status="PASS" start="2024-07-16T18:20:16.479421" elapsed="0.105276"/>
</test>
<status status="PASS" start="2024-07-16T18:20:15.541017" elapsed="1.045654"/>
</suite>
<status status="PASS" start="2024-07-16T18:20:15.525163" elapsed="1.066729"/>
</suite>
<statistics>
<total>
<stat pass="5" fail="0" skip="0">All Tests</stat>
</total>
<tag>
<stat pass="1" fail="0" skip="0">testeConteudo</stat>
<stat pass="1" fail="0" skip="0">testeEstruturaResposta</stat>
<stat pass="1" fail="0" skip="0">testeRequisicaoBasica</stat>
<stat pass="1" fail="0" skip="0">testeTiposDados</stat>
</tag>
<suite>
<stat pass="5" fail="0" skip="0" id="s1" name="Tests">Tests</stat>
<stat pass="5" fail="0" skip="0" id="s1-s1" name="Random-User-Test">Tests.Random-User-Test</stat>
</suite>
</statistics>
<errors>
</errors>
</robot>
