<?xml version="1.0" encoding="UTF-8"?>
<robot generator="Robot 7.0 (Python 3.12.3 on linux)" generated="2024-04-21T02:24:53.964916" rpa="false" schemaversion="5">
<suite id="s1" name="Tests" source="/home/runner/work/DesafioQAItauRogerioJordao/DesafioQAItauRogerioJordao/RamdonUser/tests">
<suite id="s1-s1" name="Random-User-Test" source="/home/runner/work/DesafioQAItauRogerioJordao/DesafioQAItauRogerioJordao/RamdonUser/tests/random-user-test.robot">
<test id="s1-s1-t1" name="Conectar" line="13">
<kw name="Conectar API" owner="random-user-service">
<kw name="Create Session" owner="RequestsLibrary">
<msg time="2024-04-21T02:24:54.338916" level="INFO">Creating Session using : alias=consultarAPI, url=https://randomuser.me/, headers={},                     cookies={}, auth=None, timeout=None, proxies=None, verify=False,                     debug=0 </msg>
<arg>consultarAPI</arg>
<arg>${URL}</arg>
<doc>Create Session: create a HTTP session to a server</doc>
<status status="PASS" start="2024-04-21T02:24:54.338703" elapsed="0.000394"/>
</kw>
<status status="PASS" start="2024-04-21T02:24:54.337730" elapsed="0.001725"/>
</kw>
<status status="PASS" start="2024-04-21T02:24:54.337083" elapsed="0.002569"/>
</test>
<test id="s1-s1-t2" name="Validar retorno 200 e JSON Válido" line="16">
<kw name="Teste de Requisicao Basica" owner="random-user-service">
<kw name="GET On Session" owner="RequestsLibrary">
<msg time="2024-04-21T02:24:54.573468" level="INFO">GET Request : url=https://randomuser.me/api 
 path_url=/api 
 headers={'User-Agent': 'python-requests/2.31.0', 'Accept-Encoding': 'gzip, deflate', 'Accept': '*/*', 'Connection': 'keep-alive'} 
 body=None 
 </msg>
<msg time="2024-04-21T02:24:54.573615" level="INFO">GET Response : url=https://randomuser.me/api 
 status=200, reason=OK 
 headers={'Date': 'Sun, 21 Apr 2024 02:24:54 GMT', 'Content-Type': 'application/json; charset=utf-8', 'Transfer-Encoding': 'chunked', 'Connection': 'keep-alive', 'X-Powered-By': 'Express', 'Access-Control-Allow-Origin': '*', 'Cache-Control': 'no-cache', 'ETag': 'W/"496-GOx9BAtuT5eth/4QZWg/smXBaK0"', 'Vary': 'Accept-Encoding', 'Content-Encoding': 'gzip', 'CF-Cache-Status': 'DYNAMIC', 'Report-To': '{"endpoints":[{"url":"https:\\/\\/a.nel.cloudflare.com\\/report\\/v4?s=Dlq0in2AVpKtKmlVHG6wh%2BEZtgiw%2F5jY5tub5%2B71qu57tDMvZL3Z4g8XA51RmYIAejy6ajR4ODU7CWq1GjINgHtwzQPtHa6hfksMpM7hm%2BGIKwajZU9xggiD00LGBh5m"}],"group":"cf-nel","max_age":604800}', 'NEL': '{"success_fraction":0,"report_to":"cf-nel","max_age":604800}', 'Server': 'cloudflare', 'CF-RAY': '8779eba4dc75390e-IAD', 'alt-svc': 'h3=":443"; ma=86400'} 
 body={"results":[{"gender":"female","name":{"title":"Ms","first":"Valérie","last":"Van Anrooij"},"location":{"street":{"number":5891,"name":"Heerenlaantje"},"city":"Steenbergen","state":"Noord-Holland","country":"Netherlands","postcode":"6046 IJ","coordinates":{"latitude":"37.2024","longitude":"39.5708"},"timezone":{"offset":"-3:30","description":"Newfoundland"}},"email":"valerie.vananrooij@example.com","login":{"uuid":"ebb59ac9-811d-450c-9f95-e474c87f6c8f","username":"greentiger338","password":"maria","salt":"heZwcX29","md5":"f76745342746f92e74d8740da57fbe82","sha1":"fd7ce18cd07fa84afc2ffa284673dd17999b2c29","sha256":"6077cf15a5982fe91dbb1791a3faf849a29205152533971c381693031f361711"},"dob":{"date":"1972-03-19T15:12:27.099Z","age":52},"registered":{"date":"2008-03-22T11:19:47.614Z","age":16},"phone":"(0262) 445238","cell":"(06) 69680658","id":{"name":"BSN","value":"62881252"},"picture":{"large":"https://randomuser.me/api/portraits/women/78.jpg","medium":"https://randomuser.me/api/portraits/med/women/78.jpg","thumbnail":"https://randomuser.me/api/portraits/thumb/women/78.jpg"},"nat":"NL"}],"info":{"seed":"f3107010fbdb03f8","results":1,"page":1,"version":"1.4"}} 
 </msg>
<msg time="2024-04-21T02:24:54.573705" level="INFO">/opt/hostedtoolcache/Python/3.12.3/x64/lib/python3.12/site-packages/urllib3/connectionpool.py:1103: InsecureRequestWarning: Unverified HTTPS request is being made to host 'randomuser.me'. Adding certificate verification is strongly advised. See: https://urllib3.readthedocs.io/en/latest/advanced-usage.html#tls-warnings
  warnings.warn(</msg>
<msg time="2024-04-21T02:24:54.573858" level="INFO">${response} = &lt;Response [200]&gt;</msg>
<var>${response}</var>
<arg>consultarAPI</arg>
<arg>/api</arg>
<doc>Sends a GET request on a previously created HTTP Session.</doc>
<status status="PASS" start="2024-04-21T02:24:54.342342" elapsed="0.231561"/>
</kw>
<kw name="Should Be Equal As Numbers" owner="BuiltIn">
<msg time="2024-04-21T02:24:54.575025" level="INFO">Argument types are:
&lt;class 'int'&gt;
&lt;class 'str'&gt;</msg>
<arg>${response.status_code}</arg>
<arg>200</arg>
<doc>Fails if objects are unequal after converting them to real numbers.</doc>
<status status="PASS" start="2024-04-21T02:24:54.574535" elapsed="0.000556"/>
</kw>
<kw name="Log" owner="BuiltIn">
<msg time="2024-04-21T02:24:54.575801" level="INFO">200</msg>
<arg>${response.status_code}</arg>
<doc>Logs the given message with the given level.</doc>
<status status="PASS" start="2024-04-21T02:24:54.575440" elapsed="0.000404"/>
</kw>
<kw name="Set Variable" owner="BuiltIn">
<msg time="2024-04-21T02:24:54.576616" level="INFO">${json_data} = {'results': [{'gender': 'female', 'name': {'title': 'Ms', 'first': 'Valérie', 'last': 'Van Anrooij'}, 'location': {'street': {'number': 5891, 'name': 'Heerenlaantje'}, 'city': 'Steenbergen', 'state': ...</msg>
<var>${json_data}</var>
<arg>${response.json()}</arg>
<doc>Returns the given values which can then be assigned to a variables.</doc>
<status status="PASS" start="2024-04-21T02:24:54.576160" elapsed="0.000485"/>
</kw>
<kw name="Dictionary Should Contain Key" owner="Collections">
<msg time="2024-04-21T02:24:54.577123" level="INFO">False</msg>
<arg>${json_data}</arg>
<arg>results</arg>
<doc>Fails if ``key`` is not found from ``dictionary``.</doc>
<status status="PASS" start="2024-04-21T02:24:54.576954" elapsed="0.000208"/>
</kw>
<status status="PASS" start="2024-04-21T02:24:54.342091" elapsed="0.235364"/>
</kw>
<doc>Testa se a API responde corretamente e retorna um objeto JSON válido.</doc>
<tag>testeRequisicaoBasica</tag>
<status status="PASS" start="2024-04-21T02:24:54.341574" elapsed="0.236066"/>
</test>
<test id="s1-s1-t3" name="Validar estrutura de resposta" line="22">
<kw name="Teste de Estrutura de Resposta" owner="random-user-service">
<kw name="GET On Session" owner="RequestsLibrary">
<msg time="2024-04-21T02:24:54.679812" level="INFO">GET Request : url=https://randomuser.me/api 
 path_url=/api 
 headers={'User-Agent': 'python-requests/2.31.0', 'Accept-Encoding': 'gzip, deflate', 'Accept': '*/*', 'Connection': 'keep-alive'} 
 body=None 
 </msg>
<msg time="2024-04-21T02:24:54.679930" level="INFO">GET Response : url=https://randomuser.me/api 
 status=200, reason=OK 
 headers={'Date': 'Sun, 21 Apr 2024 02:24:54 GMT', 'Content-Type': 'application/json; charset=utf-8', 'Transfer-Encoding': 'chunked', 'Connection': 'keep-alive', 'X-Powered-By': 'Express', 'Access-Control-Allow-Origin': '*', 'Cache-Control': 'no-cache', 'ETag': 'W/"498-iKcLtpR+XpMkE70ngRaE3Ah31Yc"', 'Vary': 'Accept-Encoding', 'Content-Encoding': 'gzip', 'CF-Cache-Status': 'DYNAMIC', 'Report-To': '{"endpoints":[{"url":"https:\\/\\/a.nel.cloudflare.com\\/report\\/v4?s=mW2PpN5XnXBPq1lf%2B4YL8ZXN4J3gD3xSI1ZP22heIKlrLASfZzMZOYq7eaDbZ4NZRYoh%2F08VOTTANOxCu9gETuQhQkdQ6LqGXSJSK3hSBOfV4q1hsYFje%2FTFsNSIZ8Oy"}],"group":"cf-nel","max_age":604800}', 'NEL': '{"success_fraction":0,"report_to":"cf-nel","max_age":604800}', 'Server': 'cloudflare', 'CF-RAY': '8779eba52cbd390e-IAD', 'alt-svc': 'h3=":443"; ma=86400'} 
 body={"results":[{"gender":"male","name":{"title":"Mr","first":"Bilogost","last":"Tverdohlib"},"location":{"street":{"number":3820,"name":"Kulikovska"},"city":"Novogrodivka","state":"Zakarpatska","country":"Ukraine","postcode":73310,"coordinates":{"latitude":"81.3721","longitude":"-167.4428"},"timezone":{"offset":"+9:00","description":"Tokyo, Seoul, Osaka, Sapporo, Yakutsk"}},"email":"bilogost.tverdohlib@example.com","login":{"uuid":"1de6794b-6e8f-45f3-ba96-eafd31df8da5","username":"organicgoose905","password":"musica","salt":"x3F7w9ml","md5":"02f54a46438364e3f32f873e760d6730","sha1":"931a41c16a73f9074b0b12647ad196e1c566d1ed","sha256":"1ec81a0f124a2fe987ed4b7de94e97bb77f2efb55bdfddc76e0582cd6abea5cb"},"dob":{"date":"1981-11-01T13:58:11.495Z","age":42},"registered":{"date":"2022-01-10T12:47:29.780Z","age":2},"phone":"(067) C89-5863","cell":"(098) S21-1590","id":{"name":"","value":null},"picture":{"large":"https://randomuser.me/api/portraits/men/86.jpg","medium":"https://randomuser.me/api/portraits/med/men/86.jpg","thumbnail":"https://randomuser.me/api/portraits/thumb/men/86.jpg"},"nat":"UA"}],"info":{"seed":"3e1be3b9ea71c640","results":1,"page":1,"version":"1.4"}} 
 </msg>
<msg time="2024-04-21T02:24:54.680062" level="INFO">/opt/hostedtoolcache/Python/3.12.3/x64/lib/python3.12/site-packages/urllib3/connectionpool.py:1103: InsecureRequestWarning: Unverified HTTPS request is being made to host 'randomuser.me'. Adding certificate verification is strongly advised. See: https://urllib3.readthedocs.io/en/latest/advanced-usage.html#tls-warnings
  warnings.warn(</msg>
<msg time="2024-04-21T02:24:54.680199" level="INFO">${response} = &lt;Response [200]&gt;</msg>
<var>${response}</var>
<arg>consultarAPI</arg>
<arg>/api</arg>
<doc>Sends a GET request on a previously created HTTP Session.</doc>
<status status="PASS" start="2024-04-21T02:24:54.580358" elapsed="0.099883"/>
</kw>
<kw name="Set Variable" owner="BuiltIn">
<msg time="2024-04-21T02:24:54.681301" level="INFO">${json_data} = {'results': [{'gender': 'male', 'name': {'title': 'Mr', 'first': 'Bilogost', 'last': 'Tverdohlib'}, 'location': {'street': {'number': 3820, 'name': 'Kulikovska'}, 'city': 'Novogrodivka', 'state': 'Zak...</msg>
<var>${json_data}</var>
<arg>${response.json()}</arg>
<doc>Returns the given values which can then be assigned to a variables.</doc>
<status status="PASS" start="2024-04-21T02:24:54.680758" elapsed="0.000573"/>
</kw>
<kw name="Log" owner="BuiltIn">
<msg time="2024-04-21T02:24:54.681905" level="INFO">{'results': [{'gender': 'male', 'name': {'title': 'Mr', 'first': 'Bilogost', 'last': 'Tverdohlib'}, 'location': {'street': {'number': 3820, 'name': 'Kulikovska'}, 'city': 'Novogrodivka', 'state': 'Zakarpatska', 'country': 'Ukraine', 'postcode': 73310, 'coordinates': {'latitude': '81.3721', 'longitude': '-167.4428'}, 'timezone': {'offset': '+9:00', 'description': 'Tokyo, Seoul, Osaka, Sapporo, Yakutsk'}}, 'email': 'bilogost.tverdohlib@example.com', 'login': {'uuid': '1de6794b-6e8f-45f3-ba96-eafd31df8da5', 'username': 'organicgoose905', 'password': 'musica', 'salt': 'x3F7w9ml', 'md5': '02f54a46438364e3f32f873e760d6730', 'sha1': '931a41c16a73f9074b0b12647ad196e1c566d1ed', 'sha256': '1ec81a0f124a2fe987ed4b7de94e97bb77f2efb55bdfddc76e0582cd6abea5cb'}, 'dob': {'date': '1981-11-01T13:58:11.495Z', 'age': 42}, 'registered': {'date': '2022-01-10T12:47:29.780Z', 'age': 2}, 'phone': '(067) C89-5863', 'cell': '(098) S21-1590', 'id': {'name': '', 'value': None}, 'picture': {'large': 'https://randomuser.me/api/portraits/men/86.jpg', 'medium': 'https://randomuser.me/api/portraits/med/men/86.jpg', 'thumbnail': 'https://randomuser.me/api/portraits/thumb/men/86.jpg'}, 'nat': 'UA'}], 'info': {'seed': '3e1be3b9ea71c640', 'results': 1, 'page': 1, 'version': '1.4'}}</msg>
<arg>${json_data}</arg>
<doc>Logs the given message with the given level.</doc>
<status status="PASS" start="2024-04-21T02:24:54.681730" elapsed="0.000224"/>
</kw>
<kw name="Dictionary Should Contain Key" owner="Collections">
<msg time="2024-04-21T02:24:54.682435" level="INFO">False</msg>
<arg>${json_data}</arg>
<arg>results</arg>
<doc>Fails if ``key`` is not found from ``dictionary``.</doc>
<status status="PASS" start="2024-04-21T02:24:54.682270" elapsed="0.000203"/>
</kw>
<kw name="Should Not Be Empty" owner="BuiltIn">
<msg time="2024-04-21T02:24:54.682911" level="INFO">Length is 2.</msg>
<arg>${json_data}</arg>
<doc>Verifies that the given item is not empty.</doc>
<status status="PASS" start="2024-04-21T02:24:54.682777" elapsed="0.000171"/>
</kw>
<kw name="Create List" owner="BuiltIn">
<msg time="2024-04-21T02:24:54.683563" level="INFO">${expected_keys} = ['gender', 'name', 'location', 'email', 'login']</msg>
<var>${expected_keys}</var>
<arg>gender</arg>
<arg>name</arg>
<arg>location</arg>
<arg>email</arg>
<arg>login</arg>
<doc>Returns a list containing given items.</doc>
<status status="PASS" start="2024-04-21T02:24:54.683243" elapsed="0.000344"/>
</kw>
<for flavor="IN">
<iter>
<kw name="Dictionary Should Contain Key" owner="Collections">
<msg time="2024-04-21T02:24:54.684599" level="INFO">False</msg>
<arg>${json_data['results'][0]}</arg>
<arg>${key}</arg>
<doc>Fails if ``key`` is not found from ``dictionary``.</doc>
<status status="PASS" start="2024-04-21T02:24:54.684181" elapsed="0.000457"/>
</kw>
<kw name="Log" owner="BuiltIn">
<msg time="2024-04-21T02:24:54.685314" level="INFO">{'gender': 'male', 'name': {'title': 'Mr', 'first': 'Bilogost', 'last': 'Tverdohlib'}, 'location': {'street': {'number': 3820, 'name': 'Kulikovska'}, 'city': 'Novogrodivka', 'state': 'Zakarpatska', 'country': 'Ukraine', 'postcode': 73310, 'coordinates': {'latitude': '81.3721', 'longitude': '-167.4428'}, 'timezone': {'offset': '+9:00', 'description': 'Tokyo, Seoul, Osaka, Sapporo, Yakutsk'}}, 'email': 'bilogost.tverdohlib@example.com', 'login': {'uuid': '1de6794b-6e8f-45f3-ba96-eafd31df8da5', 'username': 'organicgoose905', 'password': 'musica', 'salt': 'x3F7w9ml', 'md5': '02f54a46438364e3f32f873e760d6730', 'sha1': '931a41c16a73f9074b0b12647ad196e1c566d1ed', 'sha256': '1ec81a0f124a2fe987ed4b7de94e97bb77f2efb55bdfddc76e0582cd6abea5cb'}, 'dob': {'date': '1981-11-01T13:58:11.495Z', 'age': 42}, 'registered': {'date': '2022-01-10T12:47:29.780Z', 'age': 2}, 'phone': '(067) C89-5863', 'cell': '(098) S21-1590', 'id': {'name': '', 'value': None}, 'picture': {'large': 'https://randomuser.me/api/portraits/men/86.jpg', 'medium': 'https://randomuser.me/api/portraits/med/men/86.jpg', 'thumbnail': 'https://randomuser.me/api/portraits/thumb/men/86.jpg'}, 'nat': 'UA'}</msg>
<arg>${json_data['results'][0]}</arg>
<doc>Logs the given message with the given level.</doc>
<status status="PASS" start="2024-04-21T02:24:54.684942" elapsed="0.000419"/>
</kw>
<kw name="Log" owner="BuiltIn">
<msg time="2024-04-21T02:24:54.685806" level="INFO">gender</msg>
<arg>${key}</arg>
<doc>Logs the given message with the given level.</doc>
<status status="PASS" start="2024-04-21T02:24:54.685679" elapsed="0.000163"/>
</kw>
<var name="${key}">gender</var>
<status status="PASS" start="2024-04-21T02:24:54.684054" elapsed="0.002004"/>
</iter>
<iter>
<kw name="Dictionary Should Contain Key" owner="Collections">
<msg time="2024-04-21T02:24:54.686791" level="INFO">False</msg>
<arg>${json_data['results'][0]}</arg>
<arg>${key}</arg>
<doc>Fails if ``key`` is not found from ``dictionary``.</doc>
<status status="PASS" start="2024-04-21T02:24:54.686396" elapsed="0.000432"/>
</kw>
<kw name="Log" owner="BuiltIn">
<msg time="2024-04-21T02:24:54.687514" level="INFO">{'gender': 'male', 'name': {'title': 'Mr', 'first': 'Bilogost', 'last': 'Tverdohlib'}, 'location': {'street': {'number': 3820, 'name': 'Kulikovska'}, 'city': 'Novogrodivka', 'state': 'Zakarpatska', 'country': 'Ukraine', 'postcode': 73310, 'coordinates': {'latitude': '81.3721', 'longitude': '-167.4428'}, 'timezone': {'offset': '+9:00', 'description': 'Tokyo, Seoul, Osaka, Sapporo, Yakutsk'}}, 'email': 'bilogost.tverdohlib@example.com', 'login': {'uuid': '1de6794b-6e8f-45f3-ba96-eafd31df8da5', 'username': 'organicgoose905', 'password': 'musica', 'salt': 'x3F7w9ml', 'md5': '02f54a46438364e3f32f873e760d6730', 'sha1': '931a41c16a73f9074b0b12647ad196e1c566d1ed', 'sha256': '1ec81a0f124a2fe987ed4b7de94e97bb77f2efb55bdfddc76e0582cd6abea5cb'}, 'dob': {'date': '1981-11-01T13:58:11.495Z', 'age': 42}, 'registered': {'date': '2022-01-10T12:47:29.780Z', 'age': 2}, 'phone': '(067) C89-5863', 'cell': '(098) S21-1590', 'id': {'name': '', 'value': None}, 'picture': {'large': 'https://randomuser.me/api/portraits/men/86.jpg', 'medium': 'https://randomuser.me/api/portraits/med/men/86.jpg', 'thumbnail': 'https://randomuser.me/api/portraits/thumb/men/86.jpg'}, 'nat': 'UA'}</msg>
<arg>${json_data['results'][0]}</arg>
<doc>Logs the given message with the given level.</doc>
<status status="PASS" start="2024-04-21T02:24:54.687152" elapsed="0.000415"/>
</kw>
<kw name="Log" owner="BuiltIn">
<msg time="2024-04-21T02:24:54.687988" level="INFO">name</msg>
<arg>${key}</arg>
<doc>Logs the given message with the given level.</doc>
<status status="PASS" start="2024-04-21T02:24:54.687863" elapsed="0.000162"/>
</kw>
<var name="${key}">name</var>
<status status="PASS" start="2024-04-21T02:24:54.686279" elapsed="0.001956"/>
</iter>
<iter>
<kw name="Dictionary Should Contain Key" owner="Collections">
<msg time="2024-04-21T02:24:54.688923" level="INFO">False</msg>
<arg>${json_data['results'][0]}</arg>
<arg>${key}</arg>
<doc>Fails if ``key`` is not found from ``dictionary``.</doc>
<status status="PASS" start="2024-04-21T02:24:54.688528" elapsed="0.000431"/>
</kw>
<kw name="Log" owner="BuiltIn">
<msg time="2024-04-21T02:24:54.689652" level="INFO">{'gender': 'male', 'name': {'title': 'Mr', 'first': 'Bilogost', 'last': 'Tverdohlib'}, 'location': {'street': {'number': 3820, 'name': 'Kulikovska'}, 'city': 'Novogrodivka', 'state': 'Zakarpatska', 'country': 'Ukraine', 'postcode': 73310, 'coordinates': {'latitude': '81.3721', 'longitude': '-167.4428'}, 'timezone': {'offset': '+9:00', 'description': 'Tokyo, Seoul, Osaka, Sapporo, Yakutsk'}}, 'email': 'bilogost.tverdohlib@example.com', 'login': {'uuid': '1de6794b-6e8f-45f3-ba96-eafd31df8da5', 'username': 'organicgoose905', 'password': 'musica', 'salt': 'x3F7w9ml', 'md5': '02f54a46438364e3f32f873e760d6730', 'sha1': '931a41c16a73f9074b0b12647ad196e1c566d1ed', 'sha256': '1ec81a0f124a2fe987ed4b7de94e97bb77f2efb55bdfddc76e0582cd6abea5cb'}, 'dob': {'date': '1981-11-01T13:58:11.495Z', 'age': 42}, 'registered': {'date': '2022-01-10T12:47:29.780Z', 'age': 2}, 'phone': '(067) C89-5863', 'cell': '(098) S21-1590', 'id': {'name': '', 'value': None}, 'picture': {'large': 'https://randomuser.me/api/portraits/men/86.jpg', 'medium': 'https://randomuser.me/api/portraits/med/men/86.jpg', 'thumbnail': 'https://randomuser.me/api/portraits/thumb/men/86.jpg'}, 'nat': 'UA'}</msg>
<arg>${json_data['results'][0]}</arg>
<doc>Logs the given message with the given level.</doc>
<status status="PASS" start="2024-04-21T02:24:54.689254" elapsed="0.000445"/>
</kw>
<kw name="Log" owner="BuiltIn">
<msg time="2024-04-21T02:24:54.690119" level="INFO">location</msg>
<arg>${key}</arg>
<doc>Logs the given message with the given level.</doc>
<status status="PASS" start="2024-04-21T02:24:54.689996" elapsed="0.000160"/>
</kw>
<var name="${key}">location</var>
<status status="PASS" start="2024-04-21T02:24:54.688416" elapsed="0.001954"/>
</iter>
<iter>
<kw name="Dictionary Should Contain Key" owner="Collections">
<msg time="2024-04-21T02:24:54.691050" level="INFO">False</msg>
<arg>${json_data['results'][0]}</arg>
<arg>${key}</arg>
<doc>Fails if ``key`` is not found from ``dictionary``.</doc>
<status status="PASS" start="2024-04-21T02:24:54.690659" elapsed="0.000429"/>
</kw>
<kw name="Log" owner="BuiltIn">
<msg time="2024-04-21T02:24:54.691743" level="INFO">{'gender': 'male', 'name': {'title': 'Mr', 'first': 'Bilogost', 'last': 'Tverdohlib'}, 'location': {'street': {'number': 3820, 'name': 'Kulikovska'}, 'city': 'Novogrodivka', 'state': 'Zakarpatska', 'country': 'Ukraine', 'postcode': 73310, 'coordinates': {'latitude': '81.3721', 'longitude': '-167.4428'}, 'timezone': {'offset': '+9:00', 'description': 'Tokyo, Seoul, Osaka, Sapporo, Yakutsk'}}, 'email': 'bilogost.tverdohlib@example.com', 'login': {'uuid': '1de6794b-6e8f-45f3-ba96-eafd31df8da5', 'username': 'organicgoose905', 'password': 'musica', 'salt': 'x3F7w9ml', 'md5': '02f54a46438364e3f32f873e760d6730', 'sha1': '931a41c16a73f9074b0b12647ad196e1c566d1ed', 'sha256': '1ec81a0f124a2fe987ed4b7de94e97bb77f2efb55bdfddc76e0582cd6abea5cb'}, 'dob': {'date': '1981-11-01T13:58:11.495Z', 'age': 42}, 'registered': {'date': '2022-01-10T12:47:29.780Z', 'age': 2}, 'phone': '(067) C89-5863', 'cell': '(098) S21-1590', 'id': {'name': '', 'value': None}, 'picture': {'large': 'https://randomuser.me/api/portraits/men/86.jpg', 'medium': 'https://randomuser.me/api/portraits/med/men/86.jpg', 'thumbnail': 'https://randomuser.me/api/portraits/thumb/men/86.jpg'}, 'nat': 'UA'}</msg>
<arg>${json_data['results'][0]}</arg>
<doc>Logs the given message with the given level.</doc>
<status status="PASS" start="2024-04-21T02:24:54.691385" elapsed="0.000404"/>
</kw>
<kw name="Log" owner="BuiltIn">
<msg time="2024-04-21T02:24:54.692199" level="INFO">email</msg>
<arg>${key}</arg>
<doc>Logs the given message with the given level.</doc>
<status status="PASS" start="2024-04-21T02:24:54.692075" elapsed="0.000161"/>
</kw>
<var name="${key}">email</var>
<status status="PASS" start="2024-04-21T02:24:54.690547" elapsed="0.001909"/>
</iter>
<iter>
<kw name="Dictionary Should Contain Key" owner="Collections">
<msg time="2024-04-21T02:24:54.693124" level="INFO">False</msg>
<arg>${json_data['results'][0]}</arg>
<arg>${key}</arg>
<doc>Fails if ``key`` is not found from ``dictionary``.</doc>
<status status="PASS" start="2024-04-21T02:24:54.692740" elapsed="0.000421"/>
</kw>
<kw name="Log" owner="BuiltIn">
<msg time="2024-04-21T02:24:54.693836" level="INFO">{'gender': 'male', 'name': {'title': 'Mr', 'first': 'Bilogost', 'last': 'Tverdohlib'}, 'location': {'street': {'number': 3820, 'name': 'Kulikovska'}, 'city': 'Novogrodivka', 'state': 'Zakarpatska', 'country': 'Ukraine', 'postcode': 73310, 'coordinates': {'latitude': '81.3721', 'longitude': '-167.4428'}, 'timezone': {'offset': '+9:00', 'description': 'Tokyo, Seoul, Osaka, Sapporo, Yakutsk'}}, 'email': 'bilogost.tverdohlib@example.com', 'login': {'uuid': '1de6794b-6e8f-45f3-ba96-eafd31df8da5', 'username': 'organicgoose905', 'password': 'musica', 'salt': 'x3F7w9ml', 'md5': '02f54a46438364e3f32f873e760d6730', 'sha1': '931a41c16a73f9074b0b12647ad196e1c566d1ed', 'sha256': '1ec81a0f124a2fe987ed4b7de94e97bb77f2efb55bdfddc76e0582cd6abea5cb'}, 'dob': {'date': '1981-11-01T13:58:11.495Z', 'age': 42}, 'registered': {'date': '2022-01-10T12:47:29.780Z', 'age': 2}, 'phone': '(067) C89-5863', 'cell': '(098) S21-1590', 'id': {'name': '', 'value': None}, 'picture': {'large': 'https://randomuser.me/api/portraits/men/86.jpg', 'medium': 'https://randomuser.me/api/portraits/med/men/86.jpg', 'thumbnail': 'https://randomuser.me/api/portraits/thumb/men/86.jpg'}, 'nat': 'UA'}</msg>
<arg>${json_data['results'][0]}</arg>
<doc>Logs the given message with the given level.</doc>
<status status="PASS" start="2024-04-21T02:24:54.693472" elapsed="0.000411"/>
</kw>
<kw name="Log" owner="BuiltIn">
<msg time="2024-04-21T02:24:54.694298" level="INFO">login</msg>
<arg>${key}</arg>
<doc>Logs the given message with the given level.</doc>
<status status="PASS" start="2024-04-21T02:24:54.694174" elapsed="0.000160"/>
</kw>
<var name="${key}">login</var>
<status status="PASS" start="2024-04-21T02:24:54.692630" elapsed="0.001941"/>
</iter>
<var>${key}</var>
<value>@{expected_keys}</value>
<status status="PASS" start="2024-04-21T02:24:54.683859" elapsed="0.010836"/>
</for>
<kw name="Create List" owner="BuiltIn">
<msg time="2024-04-21T02:24:54.695019" level="INFO">${expected_keysTwo} = ['username', 'password']</msg>
<var>${expected_keysTwo}</var>
<arg>username</arg>
<arg>password</arg>
<doc>Returns a list containing given items.</doc>
<status status="PASS" start="2024-04-21T02:24:54.694886" elapsed="0.000156"/>
</kw>
<for flavor="IN">
<iter>
<kw name="Dictionary Should Contain Key" owner="Collections">
<msg time="2024-04-21T02:24:54.695936" level="INFO">False</msg>
<arg>${json_data['results'][0]['login']}</arg>
<arg>${keyTwo}</arg>
<doc>Fails if ``key`` is not found from ``dictionary``.</doc>
<status status="PASS" start="2024-04-21T02:24:54.695547" elapsed="0.000425"/>
</kw>
<kw name="Dictionary Should Contain Key" owner="Collections">
<msg time="2024-04-21T02:24:54.696644" level="INFO">False</msg>
<arg>${json_data['results'][0]['login']}</arg>
<arg>${keyTwo}</arg>
<doc>Fails if ``key`` is not found from ``dictionary``.</doc>
<status status="PASS" start="2024-04-21T02:24:54.696261" elapsed="0.000419"/>
</kw>
<kw name="Log" owner="BuiltIn">
<msg time="2024-04-21T02:24:54.697087" level="INFO">username</msg>
<arg>${keyTwo}</arg>
<doc>Logs the given message with the given level.</doc>
<status status="PASS" start="2024-04-21T02:24:54.696965" elapsed="0.000166"/>
</kw>
<var name="${keyTwo}">username</var>
<status status="PASS" start="2024-04-21T02:24:54.695428" elapsed="0.001912"/>
</iter>
<iter>
<kw name="Dictionary Should Contain Key" owner="Collections">
<msg time="2024-04-21T02:24:54.698045" level="INFO">False</msg>
<arg>${json_data['results'][0]['login']}</arg>
<arg>${keyTwo}</arg>
<doc>Fails if ``key`` is not found from ``dictionary``.</doc>
<status status="PASS" start="2024-04-21T02:24:54.697663" elapsed="0.000423"/>
</kw>
<kw name="Dictionary Should Contain Key" owner="Collections">
<msg time="2024-04-21T02:24:54.698829" level="INFO">False</msg>
<arg>${json_data['results'][0]['login']}</arg>
<arg>${keyTwo}</arg>
<doc>Fails if ``key`` is not found from ``dictionary``.</doc>
<status status="PASS" start="2024-04-21T02:24:54.698375" elapsed="0.000492"/>
</kw>
<kw name="Log" owner="BuiltIn">
<msg time="2024-04-21T02:24:54.699282" level="INFO">password</msg>
<arg>${keyTwo}</arg>
<doc>Logs the given message with the given level.</doc>
<status status="PASS" start="2024-04-21T02:24:54.699159" elapsed="0.000161"/>
</kw>
<var name="${keyTwo}">password</var>
<status status="PASS" start="2024-04-21T02:24:54.697552" elapsed="0.001978"/>
</iter>
<var>${keyTwo}</var>
<value>@{expected_keysTwo}</value>
<status status="PASS" start="2024-04-21T02:24:54.695276" elapsed="0.004373"/>
</for>
<status status="PASS" start="2024-04-21T02:24:54.580114" elapsed="0.119676"/>
</kw>
<doc>Testa a estrutura da resposta da API.</doc>
<tag>testeEstruturaResposta</tag>
<status status="PASS" start="2024-04-21T02:24:54.579498" elapsed="0.120447"/>
</test>
<test id="s1-s1-t4" name="Validar tipos de dados" line="28">
<kw name="Teste de Tipos de Dados" owner="random-user-service">
<kw name="GET On Session" owner="RequestsLibrary">
<msg time="2024-04-21T02:24:54.769759" level="INFO">GET Request : url=https://randomuser.me/api 
 path_url=/api 
 headers={'User-Agent': 'python-requests/2.31.0', 'Accept-Encoding': 'gzip, deflate', 'Accept': '*/*', 'Connection': 'keep-alive'} 
 body=None 
 </msg>
<msg time="2024-04-21T02:24:54.769860" level="INFO">GET Response : url=https://randomuser.me/api 
 status=200, reason=OK 
 headers={'Date': 'Sun, 21 Apr 2024 02:24:54 GMT', 'Content-Type': 'application/json; charset=utf-8', 'Transfer-Encoding': 'chunked', 'Connection': 'keep-alive', 'X-Powered-By': 'Express', 'Access-Control-Allow-Origin': '*', 'Cache-Control': 'no-cache', 'ETag': 'W/"476-uqSZctPxZKzTaNiAv6lK9EMNPbg"', 'Vary': 'Accept-Encoding', 'Content-Encoding': 'gzip', 'CF-Cache-Status': 'DYNAMIC', 'Report-To': '{"endpoints":[{"url":"https:\\/\\/a.nel.cloudflare.com\\/report\\/v4?s=CZCLT5ireOsQpjge36ImhwLjtKk6RFwfpJk6NMME2OvSWs07z5u5IXJa3B3zOYdeX4puDTdTAiRxTdUoDkjx%2FILUjMpc%2BNg7gGDbBrZznPBxN4swD8GodTDjUG8VZOXL"}],"group":"cf-nel","max_age":604800}', 'NEL': '{"success_fraction":0,"report_to":"cf-nel","max_age":604800}', 'Server': 'cloudflare', 'CF-RAY': '8779eba5ed80390e-IAD', 'alt-svc': 'h3=":443"; ma=86400'} 
 body={"results":[{"gender":"male","name":{"title":"Mr","first":"Anirudh","last":"Keshri"},"location":{"street":{"number":4995,"name":"Gandhi Maidan Marg"},"city":"Khammam","state":"Telangana","country":"India","postcode":91489,"coordinates":{"latitude":"5.6045","longitude":"-153.8837"},"timezone":{"offset":"-10:00","description":"Hawaii"}},"email":"anirudh.keshri@example.com","login":{"uuid":"161757ee-4e4a-4986-a276-940604bef0b6","username":"heavygorilla637","password":"burton","salt":"p5pOLIAh","md5":"35cfa22dd3c3ee18ab1cad2e835fd5ce","sha1":"9e357b3d92fb0d7a02f76123b88600d001f0a422","sha256":"9125e80e41c0cb3cea394ca3a27dbe94d09c4c19a9fc6dedd7a77171879ba5f7"},"dob":{"date":"1961-06-06T08:29:43.936Z","age":62},"registered":{"date":"2002-08-21T14:10:35.648Z","age":21},"phone":"7268906327","cell":"7131041114","id":{"name":"UIDAI","value":"891419272285"},"picture":{"large":"https://randomuser.me/api/portraits/men/41.jpg","medium":"https://randomuser.me/api/portraits/med/men/41.jpg","thumbnail":"https://randomuser.me/api/portraits/thumb/men/41.jpg"},"nat":"IN"}],"info":{"seed":"9eb84fe87a25bf9f","results":1,"page":1,"version":"1.4"}} 
 </msg>
<msg time="2024-04-21T02:24:54.769938" level="INFO">/opt/hostedtoolcache/Python/3.12.3/x64/lib/python3.12/site-packages/urllib3/connectionpool.py:1103: InsecureRequestWarning: Unverified HTTPS request is being made to host 'randomuser.me'. Adding certificate verification is strongly advised. See: https://urllib3.readthedocs.io/en/latest/advanced-usage.html#tls-warnings
  warnings.warn(</msg>
<msg time="2024-04-21T02:24:54.770066" level="INFO">${response} = &lt;Response [200]&gt;</msg>
<var>${response}</var>
<arg>consultarAPI</arg>
<arg>/api</arg>
<doc>Sends a GET request on a previously created HTTP Session.</doc>
<status status="PASS" start="2024-04-21T02:24:54.702416" elapsed="0.067700"/>
</kw>
<kw name="Set Variable" owner="BuiltIn">
<msg time="2024-04-21T02:24:54.771137" level="INFO">${json_data} = {'results': [{'gender': 'male', 'name': {'title': 'Mr', 'first': 'Anirudh', 'last': 'Keshri'}, 'location': {'street': {'number': 4995, 'name': 'Gandhi Maidan Marg'}, 'city': 'Khammam', 'state': 'Telan...</msg>
<var>${json_data}</var>
<arg>${response.json()}</arg>
<doc>Returns the given values which can then be assigned to a variables.</doc>
<status status="PASS" start="2024-04-21T02:24:54.770622" elapsed="0.000544"/>
</kw>
<kw name="Log" owner="BuiltIn">
<msg time="2024-04-21T02:24:54.771677" level="INFO">{'results': [{'gender': 'male', 'name': {'title': 'Mr', 'first': 'Anirudh', 'last': 'Keshri'}, 'location': {'street': {'number': 4995, 'name': 'Gandhi Maidan Marg'}, 'city': 'Khammam', 'state': 'Telangana', 'country': 'India', 'postcode': 91489, 'coordinates': {'latitude': '5.6045', 'longitude': '-153.8837'}, 'timezone': {'offset': '-10:00', 'description': 'Hawaii'}}, 'email': 'anirudh.keshri@example.com', 'login': {'uuid': '161757ee-4e4a-4986-a276-940604bef0b6', 'username': 'heavygorilla637', 'password': 'burton', 'salt': 'p5pOLIAh', 'md5': '35cfa22dd3c3ee18ab1cad2e835fd5ce', 'sha1': '9e357b3d92fb0d7a02f76123b88600d001f0a422', 'sha256': '9125e80e41c0cb3cea394ca3a27dbe94d09c4c19a9fc6dedd7a77171879ba5f7'}, 'dob': {'date': '1961-06-06T08:29:43.936Z', 'age': 62}, 'registered': {'date': '2002-08-21T14:10:35.648Z', 'age': 21}, 'phone': '7268906327', 'cell': '7131041114', 'id': {'name': 'UIDAI', 'value': '891419272285'}, 'picture': {'large': 'https://randomuser.me/api/portraits/men/41.jpg', 'medium': 'https://randomuser.me/api/portraits/med/men/41.jpg', 'thumbnail': 'https://randomuser.me/api/portraits/thumb/men/41.jpg'}, 'nat': 'IN'}], 'info': {'seed': '9eb84fe87a25bf9f', 'results': 1, 'page': 1, 'version': '1.4'}}</msg>
<arg>${json_data}</arg>
<doc>Logs the given message with the given level.</doc>
<status status="PASS" start="2024-04-21T02:24:54.771512" elapsed="0.000254"/>
</kw>
<kw name="Should Be String" owner="String">
<arg>${json_data['results'][0]['gender']}</arg>
<doc>Fails if the given ``item`` is not a string.</doc>
<status status="PASS" start="2024-04-21T02:24:54.772072" elapsed="0.000372"/>
</kw>
<kw name="Should Match Regexp" owner="BuiltIn">
<arg>${json_data['results'][0]['email']}</arg>
<arg>^[a-zA-Z0-9._%+-]+@[a-zA-Z0-9.-]+\.[a-zA-Z]{2,}$</arg>
<doc>Fails if ``string`` does not match ``pattern`` as a regular expression.</doc>
<status status="PASS" start="2024-04-21T02:24:54.772636" elapsed="0.000533"/>
</kw>
<kw name="Should Match Regexp" owner="BuiltIn">
<arg>${json_data['results'][0]['dob']['date']}</arg>
<arg>\\d{4}-\\d{2}-\\d{2}T\\d{2}:\\d{2}:\\d{2}\\.\\d{3}Z</arg>
<doc>Fails if ``string`` does not match ``pattern`` as a regular expression.</doc>
<status status="PASS" start="2024-04-21T02:24:54.773396" elapsed="0.000525"/>
</kw>
<kw name="Should Match Regexp" owner="BuiltIn">
<arg>${json_data['results'][0]['registered']['date']}</arg>
<arg>\\d{4}-\\d{2}-\\d{2}T\\d{2}:\\d{2}:\\d{2}\\.\\d{3}Z</arg>
<doc>Fails if ``string`` does not match ``pattern`` as a regular expression.</doc>
<status status="PASS" start="2024-04-21T02:24:54.774112" elapsed="0.000364"/>
</kw>
<kw name="Should Match Regexp" owner="BuiltIn">
<arg>${json_data['results'][0]['picture']['large']}</arg>
<arg>^https?://.*\.(?:png|jpe?g|gif|bmp)$</arg>
<doc>Fails if ``string`` does not match ``pattern`` as a regular expression.</doc>
<status status="PASS" start="2024-04-21T02:24:54.774661" elapsed="0.000462"/>
</kw>
<kw name="Should Match Regexp" owner="BuiltIn">
<arg>${json_data['results'][0]['picture']['medium']}</arg>
<arg>^https?://.*\.(?:png|jpe?g|gif|bmp)$</arg>
<doc>Fails if ``string`` does not match ``pattern`` as a regular expression.</doc>
<status status="PASS" start="2024-04-21T02:24:54.775317" elapsed="0.000367"/>
</kw>
<kw name="Should Match Regexp" owner="BuiltIn">
<arg>${json_data['results'][0]['picture']['thumbnail']}</arg>
<arg>^https?://.*\.(?:png|jpe?g|gif|bmp)$</arg>
<doc>Fails if ``string`` does not match ``pattern`` as a regular expression.</doc>
<status status="PASS" start="2024-04-21T02:24:54.775872" elapsed="0.000351"/>
</kw>
<kw name="Log" owner="BuiltIn">
<msg time="2024-04-21T02:24:54.776724" level="INFO">{'large': 'https://randomuser.me/api/portraits/men/41.jpg', 'medium': 'https://randomuser.me/api/portraits/med/men/41.jpg', 'thumbnail': 'https://randomuser.me/api/portraits/thumb/men/41.jpg'}</msg>
<arg>${json_data['results'][0]['picture']}</arg>
<doc>Logs the given message with the given level.</doc>
<status status="PASS" start="2024-04-21T02:24:54.776403" elapsed="0.000362"/>
</kw>
<status status="PASS" start="2024-04-21T02:24:54.702189" elapsed="0.074834"/>
</kw>
<kw name="Teste de Tipos de Dados - Postcode" owner="random-user-service">
<kw name="GET On Session" owner="RequestsLibrary">
<msg time="2024-04-21T02:24:54.871874" level="INFO">GET Request : url=https://randomuser.me/api 
 path_url=/api 
 headers={'User-Agent': 'python-requests/2.31.0', 'Accept-Encoding': 'gzip, deflate', 'Accept': '*/*', 'Connection': 'keep-alive'} 
 body=None 
 </msg>
<msg time="2024-04-21T02:24:54.871968" level="INFO">GET Response : url=https://randomuser.me/api 
 status=200, reason=OK 
 headers={'Date': 'Sun, 21 Apr 2024 02:24:54 GMT', 'Content-Type': 'application/json; charset=utf-8', 'Transfer-Encoding': 'chunked', 'Connection': 'keep-alive', 'X-Powered-By': 'Express', 'Access-Control-Allow-Origin': '*', 'Cache-Control': 'no-cache', 'ETag': 'W/"48a-8RvNqomQbnQq3aS1CNHfL0JxJ5E"', 'Vary': 'Accept-Encoding', 'Content-Encoding': 'gzip', 'CF-Cache-Status': 'DYNAMIC', 'Report-To': '{"endpoints":[{"url":"https:\\/\\/a.nel.cloudflare.com\\/report\\/v4?s=TrGLisa4sUGlyibtAIDC9IJPs%2BVL%2BCQ7iHWqwGd%2FFGNAJMeVb0jjpDd7C%2FBkJhxln3BE5FQrO79KxWSqW2HSDrSJ%2Blanl5N2fo3f1ktoHj4802Xfqi2hlNAxlc4Tv6Aj"}],"group":"cf-nel","max_age":604800}', 'NEL': '{"success_fraction":0,"report_to":"cf-nel","max_age":604800}', 'Server': 'cloudflare', 'CF-RAY': '8779eba65df1390e-IAD', 'alt-svc': 'h3=":443"; ma=86400'} 
 body={"results":[{"gender":"female","name":{"title":"Miss","first":"Rebecca","last":"Stanley"},"location":{"street":{"number":9112,"name":"Woodland St"},"city":"Geelong","state":"Tasmania","country":"Australia","postcode":9128,"coordinates":{"latitude":"-84.9828","longitude":"73.8564"},"timezone":{"offset":"-12:00","description":"Eniwetok, Kwajalein"}},"email":"rebecca.stanley@example.com","login":{"uuid":"cd30ef6a-d8f9-4f7a-afc0-48864caf897a","username":"angryelephant550","password":"shojou","salt":"H0L9COj8","md5":"8ecb8a739d958052382c87cbb0b54a3e","sha1":"19c7c14277ec3844c8245385571c01d05a7a10ed","sha256":"17a115573577bcbd44ab8ab5d5a613433e02fcf3e1a025fc4a8a9db31b95b5fc"},"dob":{"date":"1975-10-10T04:15:31.772Z","age":48},"registered":{"date":"2010-11-26T04:16:03.489Z","age":13},"phone":"08-6955-4644","cell":"0432-078-335","id":{"name":"TFN","value":"037789383"},"picture":{"large":"https://randomuser.me/api/portraits/women/28.jpg","medium":"https://randomuser.me/api/portraits/med/women/28.jpg","thumbnail":"https://randomuser.me/api/portraits/thumb/women/28.jpg"},"nat":"AU"}],"info":{"seed":"85716723b89f7edb","results":1,"page":1,"version":"1.4"}} 
 </msg>
<msg time="2024-04-21T02:24:54.872035" level="INFO">/opt/hostedtoolcache/Python/3.12.3/x64/lib/python3.12/site-packages/urllib3/connectionpool.py:1103: InsecureRequestWarning: Unverified HTTPS request is being made to host 'randomuser.me'. Adding certificate verification is strongly advised. See: https://urllib3.readthedocs.io/en/latest/advanced-usage.html#tls-warnings
  warnings.warn(</msg>
<msg time="2024-04-21T02:24:54.872152" level="INFO">${response} = &lt;Response [200]&gt;</msg>
<var>${response}</var>
<arg>consultarAPI</arg>
<arg>/api</arg>
<doc>Sends a GET request on a previously created HTTP Session.</doc>
<status status="PASS" start="2024-04-21T02:24:54.777508" elapsed="0.094683"/>
</kw>
<kw name="Set Variable" owner="BuiltIn">
<msg time="2024-04-21T02:24:54.873223" level="INFO">${json_data} = {'results': [{'gender': 'female', 'name': {'title': 'Miss', 'first': 'Rebecca', 'last': 'Stanley'}, 'location': {'street': {'number': 9112, 'name': 'Woodland St'}, 'city': 'Geelong', 'state': 'Tasmani...</msg>
<var>${json_data}</var>
<arg>${response.json()}</arg>
<doc>Returns the given values which can then be assigned to a variables.</doc>
<status status="PASS" start="2024-04-21T02:24:54.872699" elapsed="0.000553"/>
</kw>
<kw name="Log" owner="BuiltIn">
<msg time="2024-04-21T02:24:54.873774" level="INFO">{'results': [{'gender': 'female', 'name': {'title': 'Miss', 'first': 'Rebecca', 'last': 'Stanley'}, 'location': {'street': {'number': 9112, 'name': 'Woodland St'}, 'city': 'Geelong', 'state': 'Tasmania', 'country': 'Australia', 'postcode': 9128, 'coordinates': {'latitude': '-84.9828', 'longitude': '73.8564'}, 'timezone': {'offset': '-12:00', 'description': 'Eniwetok, Kwajalein'}}, 'email': 'rebecca.stanley@example.com', 'login': {'uuid': 'cd30ef6a-d8f9-4f7a-afc0-48864caf897a', 'username': 'angryelephant550', 'password': 'shojou', 'salt': 'H0L9COj8', 'md5': '8ecb8a739d958052382c87cbb0b54a3e', 'sha1': '19c7c14277ec3844c8245385571c01d05a7a10ed', 'sha256': '17a115573577bcbd44ab8ab5d5a613433e02fcf3e1a025fc4a8a9db31b95b5fc'}, 'dob': {'date': '1975-10-10T04:15:31.772Z', 'age': 48}, 'registered': {'date': '2010-11-26T04:16:03.489Z', 'age': 13}, 'phone': '08-6955-4644', 'cell': '0432-078-335', 'id': {'name': 'TFN', 'value': '037789383'}, 'picture': {'large': 'https://randomuser.me/api/portraits/women/28.jpg', 'medium': 'https://randomuser.me/api/portraits/med/women/28.jpg', 'thumbnail': 'https://randomuser.me/api/portraits/thumb/women/28.jpg'}, 'nat': 'AU'}], 'info': {'seed': '85716723b89f7edb', 'results': 1, 'page': 1, 'version': '1.4'}}</msg>
<arg>${json_data}</arg>
<doc>Logs the given message with the given level.</doc>
<status status="PASS" start="2024-04-21T02:24:54.873612" elapsed="0.000244"/>
</kw>
<kw name="Should Be Equal As Numbers" owner="BuiltIn">
<arg>${json_data['results'][0]['location']['postcode']}</arg>
<arg>${json_data['results'][0]['location']['postcode']}</arg>
<doc>Fails if objects are unequal after converting them to real numbers.</doc>
<status status="PASS" start="2024-04-21T02:24:54.874161" elapsed="0.000809"/>
</kw>
<kw name="Log" owner="BuiltIn">
<msg time="2024-04-21T02:24:54.875511" level="INFO">9128</msg>
<arg>${json_data['results'][0]['location']['postcode']}</arg>
<doc>Logs the given message with the given level.</doc>
<status status="PASS" start="2024-04-21T02:24:54.875169" elapsed="0.000382"/>
</kw>
<status status="PASS" start="2024-04-21T02:24:54.777249" elapsed="0.098560"/>
</kw>
<doc>Testa se os tipos de dados na resposta da API estão corretos.</doc>
<tag>testeTiposDados</tag>
<status status="PASS" start="2024-04-21T02:24:54.701741" elapsed="0.174240"/>
</test>
<test id="s1-s1-t5" name="Validar conteudo" line="35">
<kw name="Teste de Tipos de Conteudo" owner="random-user-service">
<kw name="GET On Session" owner="RequestsLibrary">
<msg time="2024-04-21T02:24:54.988474" level="INFO">GET Request : url=https://randomuser.me/api 
 path_url=/api 
 headers={'User-Agent': 'python-requests/2.31.0', 'Accept-Encoding': 'gzip, deflate', 'Accept': '*/*', 'Connection': 'keep-alive'} 
 body=None 
 </msg>
<msg time="2024-04-21T02:24:54.988577" level="INFO">GET Response : url=https://randomuser.me/api 
 status=200, reason=OK 
 headers={'Date': 'Sun, 21 Apr 2024 02:24:54 GMT', 'Content-Type': 'application/json; charset=utf-8', 'Transfer-Encoding': 'chunked', 'Connection': 'keep-alive', 'X-Powered-By': 'Express', 'Access-Control-Allow-Origin': '*', 'Cache-Control': 'no-cache', 'ETag': 'W/"48d-Id8foFsTsgSJbUgatjYxKZIlsoU"', 'Vary': 'Accept-Encoding', 'Content-Encoding': 'gzip', 'CF-Cache-Status': 'DYNAMIC', 'Report-To': '{"endpoints":[{"url":"https:\\/\\/a.nel.cloudflare.com\\/report\\/v4?s=tBOYHc28c4%2BMD5FjSAzCpFqcAAgVzixGTvyYvROnoehDyLnZt5G7TSerjNP%2Bi5x%2BWG5YkveP21rPDInt94kEhlseaYzpDh3CDRxXM9kwfUCqyZRuBpXQo5zelqL4zGgY"}],"group":"cf-nel","max_age":604800}', 'NEL': '{"success_fraction":0,"report_to":"cf-nel","max_age":604800}', 'Server': 'cloudflare', 'CF-RAY': '8779eba70ea3390e-IAD', 'alt-svc': 'h3=":443"; ma=86400'} 
 body={"results":[{"gender":"male","name":{"title":"Mr","first":"Đorđe","last":"Vujić"},"location":{"street":{"number":8702,"name":"Belopoljska"},"city":"Aleksinac","state":"South Banat","country":"Serbia","postcode":29046,"coordinates":{"latitude":"64.1355","longitude":"-115.9627"},"timezone":{"offset":"+1:00","description":"Brussels, Copenhagen, Madrid, Paris"}},"email":"dorde.vujic@example.com","login":{"uuid":"3e7d00c3-513c-4528-a867-ab984ff4234f","username":"greenladybug701","password":"leeann","salt":"ufnWtiHh","md5":"8c2734af430a19e65d4074e072b7dd4b","sha1":"a97af2d77924ca70b697068a89bd7bd2f2736e1f","sha256":"6b83ccd6ca95f612d7d51a49ed22cd14560c460f29b1dbbaf0c153f376078e00"},"dob":{"date":"1985-10-16T07:42:50.464Z","age":38},"registered":{"date":"2014-03-30T16:19:40.011Z","age":10},"phone":"019-9212-296","cell":"066-9295-464","id":{"name":"SID","value":"804956681"},"picture":{"large":"https://randomuser.me/api/portraits/men/55.jpg","medium":"https://randomuser.me/api/portraits/med/men/55.jpg","thumbnail":"https://randomuser.me/api/portraits/thumb/men/55.jpg"},"nat":"RS"}],"info":{"seed":"3972ca08c4b82cc5","results":1,"page":1,"version":"1.4"}} 
 </msg>
<msg time="2024-04-21T02:24:54.988661" level="INFO">/opt/hostedtoolcache/Python/3.12.3/x64/lib/python3.12/site-packages/urllib3/connectionpool.py:1103: InsecureRequestWarning: Unverified HTTPS request is being made to host 'randomuser.me'. Adding certificate verification is strongly advised. See: https://urllib3.readthedocs.io/en/latest/advanced-usage.html#tls-warnings
  warnings.warn(</msg>
<msg time="2024-04-21T02:24:54.988789" level="INFO">${response} = &lt;Response [200]&gt;</msg>
<var>${response}</var>
<arg>consultarAPI</arg>
<arg>/api</arg>
<doc>Sends a GET request on a previously created HTTP Session.</doc>
<status status="PASS" start="2024-04-21T02:24:54.878834" elapsed="0.110003"/>
</kw>
<kw name="Set Variable" owner="BuiltIn">
<msg time="2024-04-21T02:24:54.989912" level="INFO">${json_data} = {'results': [{'gender': 'male', 'name': {'title': 'Mr', 'first': 'Đorđe', 'last': 'Vujić'}, 'location': {'street': {'number': 8702, 'name': 'Belopoljska'}, 'city': 'Aleksinac', 'state': 'South Banat',...</msg>
<var>${json_data}</var>
<arg>${response.json()}</arg>
<doc>Returns the given values which can then be assigned to a variables.</doc>
<status status="PASS" start="2024-04-21T02:24:54.989361" elapsed="0.000581"/>
</kw>
<kw name="Set Variable" owner="BuiltIn">
<msg time="2024-04-21T02:24:54.990648" level="INFO">${name_title} = Mr</msg>
<var>${name_title}</var>
<arg>${json_data["results"][0]["name"]["title"]}</arg>
<doc>Returns the given values which can then be assigned to a variables.</doc>
<status status="PASS" start="2024-04-21T02:24:54.990252" elapsed="0.000422"/>
</kw>
<kw name="Create List" owner="BuiltIn">
<msg time="2024-04-21T02:24:54.991126" level="INFO">${allowed_titles} = ['Mr', 'Ms', 'Miss', 'Mrs', 'Madame', 'Monsieur']</msg>
<var>${allowed_titles}</var>
<arg>Mr</arg>
<arg>Ms</arg>
<arg>Miss</arg>
<arg>Mrs</arg>
<arg>Madame</arg>
<arg>Monsieur</arg>
<doc>Returns a list containing given items.</doc>
<status status="PASS" start="2024-04-21T02:24:54.990977" elapsed="0.000175"/>
</kw>
<kw name="List Should Contain Value" owner="Collections">
<msg time="2024-04-21T02:24:54.991628" level="INFO">False</msg>
<arg>${allowed_titles}</arg>
<arg>${name_title}</arg>
<doc>Fails if the ``value`` is not found from ``list``.</doc>
<status status="PASS" start="2024-04-21T02:24:54.991454" elapsed="0.000211"/>
</kw>
<kw name="Set Variable" owner="BuiltIn">
<msg time="2024-04-21T02:24:54.992337" level="INFO">${name_country} = RS</msg>
<var>${name_country}</var>
<arg>${json_data["results"][0]["nat"]}</arg>
<doc>Returns the given values which can then be assigned to a variables.</doc>
<status status="PASS" start="2024-04-21T02:24:54.991951" elapsed="0.000411"/>
</kw>
<kw name="Create List" owner="BuiltIn">
<msg time="2024-04-21T02:24:54.993269" level="INFO">${list_country} = ['AD', 'AE', 'AF', 'AG', 'AI', 'AL', 'AM', 'AO', 'AQ', 'AR', 'AS', 'AT', 'AU', 'AW', 'AX', 'AZ', 'BA', 'BB', 'BD', 'BE', 'BF', 'BG', 'BH', 'BI', 'BJ', 'BL', 'BM', 'BN', 'BO', 'BQ', 'BR', 'BS', 'BT', '...</msg>
<var>${list_country}</var>
<arg>AD</arg>
<arg>AE</arg>
<arg>AF</arg>
<arg>AG</arg>
<arg>AI</arg>
<arg>AL</arg>
<arg>AM</arg>
<arg>AO</arg>
<arg>AQ</arg>
<arg>AR</arg>
<arg>AS</arg>
<arg>AT</arg>
<arg>AU</arg>
<arg>AW</arg>
<arg>AX</arg>
<arg>AZ</arg>
<arg>BA</arg>
<arg>BB</arg>
<arg>BD</arg>
<arg>BE</arg>
<arg>BF</arg>
<arg>BG</arg>
<arg>BH</arg>
<arg>BI</arg>
<arg>BJ</arg>
<arg>BL</arg>
<arg>BM</arg>
<arg>BN</arg>
<arg>BO</arg>
<arg>BQ</arg>
<arg>BR</arg>
<arg>BS</arg>
<arg>BT</arg>
<arg>BV</arg>
<arg>BW</arg>
<arg>BY</arg>
<arg>BZ</arg>
<arg>CA</arg>
<arg>CC</arg>
<arg>CD</arg>
<arg>CF</arg>
<arg>CG</arg>
<arg>CH</arg>
<arg>CI</arg>
<arg>CK</arg>
<arg>CL</arg>
<arg>CM</arg>
<arg>CN</arg>
<arg>CO</arg>
<arg>CR</arg>
<arg>CU</arg>
<arg>CV</arg>
<arg>CW</arg>
<arg>CX</arg>
<arg>CY</arg>
<arg>CZ</arg>
<arg>DE</arg>
<arg>DJ</arg>
<arg>DK</arg>
<arg>DM</arg>
<arg>DO</arg>
<arg>DZ</arg>
<arg>EC</arg>
<arg>EE</arg>
<arg>EG</arg>
<arg>EH</arg>
<arg>ER</arg>
<arg>ES</arg>
<arg>ET</arg>
<arg>FI</arg>
<arg>FJ</arg>
<arg>FK</arg>
<arg>FM</arg>
<arg>FO</arg>
<arg>FR</arg>
<arg>GA</arg>
<arg>GB</arg>
<arg>GD</arg>
<arg>GE</arg>
<arg>GF</arg>
<arg>GG</arg>
<arg>GH</arg>
<arg>GI</arg>
<arg>GL</arg>
<arg>GM</arg>
<arg>GN</arg>
<arg>GP</arg>
<arg>GQ</arg>
<arg>GR</arg>
<arg>GS</arg>
<arg>GT</arg>
<arg>GU</arg>
<arg>GW</arg>
<arg>GY</arg>
<arg>HK</arg>
<arg>HM</arg>
<arg>HN</arg>
<arg>HR</arg>
<arg>HT</arg>
<arg>HU</arg>
<arg>ID</arg>
<arg>IE</arg>
<arg>IL</arg>
<arg>IM</arg>
<arg>IN</arg>
<arg>IO</arg>
<arg>IQ</arg>
<arg>IR</arg>
<arg>IS</arg>
<arg>IT</arg>
<arg>JE</arg>
<arg>JM</arg>
<arg>JO</arg>
<arg>JP</arg>
<arg>KE</arg>
<arg>KG</arg>
<arg>KH</arg>
<arg>KI</arg>
<arg>KM</arg>
<arg>KN</arg>
<arg>KP</arg>
<arg>KR</arg>
<arg>KW</arg>
<arg>KY</arg>
<arg>KZ</arg>
<arg>LA</arg>
<arg>LB</arg>
<arg>LC</arg>
<arg>LI</arg>
<arg>LK</arg>
<arg>LR</arg>
<arg>LS</arg>
<arg>LT</arg>
<arg>LU</arg>
<arg>LV</arg>
<arg>LY</arg>
<arg>MA</arg>
<arg>MC</arg>
<arg>MD</arg>
<arg>ME</arg>
<arg>MF</arg>
<arg>MG</arg>
<arg>MH</arg>
<arg>MK</arg>
<arg>ML</arg>
<arg>MM</arg>
<arg>MN</arg>
<arg>MO</arg>
<arg>MP</arg>
<arg>MQ</arg>
<arg>MR</arg>
<arg>MS</arg>
<arg>MT</arg>
<arg>MU</arg>
<arg>MV</arg>
<arg>MW</arg>
<arg>MX</arg>
<arg>MY</arg>
<arg>MZ</arg>
<arg>NA</arg>
<arg>NC</arg>
<arg>NE</arg>
<arg>NF</arg>
<arg>NG</arg>
<arg>NI</arg>
<arg>NL</arg>
<arg>NO</arg>
<arg>NP</arg>
<arg>NR</arg>
<arg>NU</arg>
<arg>NZ</arg>
<arg>OM</arg>
<arg>PA</arg>
<arg>PE</arg>
<arg>PF</arg>
<arg>PG</arg>
<arg>PH</arg>
<arg>PK</arg>
<arg>PL</arg>
<arg>PM</arg>
<arg>PN</arg>
<arg>PR</arg>
<arg>PS</arg>
<arg>PT</arg>
<arg>PW</arg>
<arg>PY</arg>
<arg>QA</arg>
<arg>RE</arg>
<arg>RO</arg>
<arg>RS</arg>
<arg>RU</arg>
<arg>RW</arg>
<arg>SA</arg>
<arg>SB</arg>
<arg>SC</arg>
<arg>SD</arg>
<arg>SE</arg>
<arg>SG</arg>
<arg>SH</arg>
<arg>SI</arg>
<arg>SJ</arg>
<arg>SK</arg>
<arg>SL</arg>
<arg>SM</arg>
<arg>SN</arg>
<arg>SO</arg>
<arg>SR</arg>
<arg>SS</arg>
<arg>ST</arg>
<arg>SV</arg>
<arg>SX</arg>
<arg>SY</arg>
<arg>SZ</arg>
<arg>TC</arg>
<arg>TD</arg>
<arg>TF</arg>
<arg>TG</arg>
<arg>TH</arg>
<arg>TJ</arg>
<arg>TK</arg>
<arg>TL</arg>
<arg>TM</arg>
<arg>TN</arg>
<arg>TO</arg>
<arg>TR</arg>
<arg>TT</arg>
<arg>TV</arg>
<arg>TW</arg>
<arg>TZ</arg>
<arg>UA</arg>
<arg>UG</arg>
<arg>UM</arg>
<arg>US</arg>
<arg>UY</arg>
<arg>UZ</arg>
<arg>VA</arg>
<arg>VC</arg>
<arg>VE</arg>
<arg>VG</arg>
<arg>VI</arg>
<arg>VN</arg>
<arg>VU</arg>
<arg>WF</arg>
<arg>WS</arg>
<arg>XK</arg>
<arg>YE</arg>
<arg>YT</arg>
<arg>ZA</arg>
<arg>ZM</arg>
<arg>ZW</arg>
<doc>Returns a list containing given items.</doc>
<status status="PASS" start="2024-04-21T02:24:54.992682" elapsed="0.000613"/>
</kw>
<kw name="List Should Contain Value" owner="Collections">
<msg time="2024-04-21T02:24:54.994324" level="INFO">False</msg>
<arg>${list_country}</arg>
<arg>${name_country}</arg>
<doc>Fails if the ``value`` is not found from ``list``.</doc>
<status status="PASS" start="2024-04-21T02:24:54.994121" elapsed="0.000239"/>
</kw>
<kw name="Run Keyword If" owner="BuiltIn">
<kw name="Should Be True" owner="BuiltIn">
<arg>${True}</arg>
<doc>Fails if the given condition is not true.</doc>
<status status="PASS" start="2024-04-21T02:24:54.995431" elapsed="0.000143"/>
</kw>
<arg>${json_data["results"][0]["location"]["coordinates"]["latitude"]} &gt;= -90 and ${json_data["results"][0]["location"]["coordinates"]["latitude"]} &lt;= 90</arg>
<arg>Should Be True</arg>
<arg>${True}</arg>
<doc>Runs the given keyword with the given arguments, if ``condition`` is true.</doc>
<status status="PASS" start="2024-04-21T02:24:54.994670" elapsed="0.001032"/>
</kw>
<kw name="Run Keyword If" owner="BuiltIn">
<kw name="Should Be True" owner="BuiltIn">
<arg>${True}</arg>
<doc>Fails if the given condition is not true.</doc>
<status status="PASS" start="2024-04-21T02:24:54.996604" elapsed="0.000254"/>
</kw>
<arg>${json_data["results"][0]["location"]["coordinates"]["longitude"]} &gt;= -180 and ${json_data["results"][0]["location"]["coordinates"]["longitude"]} &lt;= 180</arg>
<arg>Should Be True</arg>
<arg>${True}</arg>
<doc>Runs the given keyword with the given arguments, if ``condition`` is true.</doc>
<status status="PASS" start="2024-04-21T02:24:54.995889" elapsed="0.001097"/>
</kw>
<status status="PASS" start="2024-04-21T02:24:54.878457" elapsed="0.118665"/>
</kw>
<doc>Testa o conteúdo específico dos campos retornados pela API.</doc>
<tag>testeConteudo</tag>
<status status="PASS" start="2024-04-21T02:24:54.877771" elapsed="0.119508"/>
</test>
<status status="PASS" start="2024-04-21T02:24:54.023623" elapsed="0.975652"/>
</suite>
<status status="PASS" start="2024-04-21T02:24:54.009758" elapsed="0.994615"/>
</suite>
<statistics>
<total>
<stat pass="5" fail="0" skip="0">All Tests</stat>
</total>
<tag>
<stat pass="1" fail="0" skip="0">testeConteudo</stat>
<stat pass="1" fail="0" skip="0">testeEstruturaResposta</stat>
<stat pass="1" fail="0" skip="0">testeRequisicaoBasica</stat>
<stat pass="1" fail="0" skip="0">testeTiposDados</stat>
</tag>
<suite>
<stat pass="5" fail="0" skip="0" id="s1" name="Tests">Tests</stat>
<stat pass="5" fail="0" skip="0" id="s1-s1" name="Random-User-Test">Tests.Random-User-Test</stat>
</suite>
</statistics>
<errors>
</errors>
</robot>
