<?xml version="1.0" encoding="UTF-8"?>
<robot generator="Robot 7.0.1 (Python 3.12.4 on linux)" generated="2024-08-04T07:13:59.733906" rpa="false" schemaversion="5">
<suite id="s1" name="Tests" source="/home/runner/work/ApiRandomUser/ApiRandomUser/RamdonUser/tests">
<suite id="s1-s1" name="Random-User-Test" source="/home/runner/work/ApiRandomUser/ApiRandomUser/RamdonUser/tests/random-user-test.robot">
<test id="s1-s1-t1" name="Conectar" line="13">
<kw name="Conectar API" owner="random-user-service">
<kw name="Create Session" owner="RequestsLibrary">
<msg time="2024-08-04T07:14:00.190334" level="INFO">Creating Session using : alias=consultarAPI, url=https://randomuser.me/, headers={},                     cookies={}, auth=None, timeout=None, proxies=None, verify=False,                     debug=0 </msg>
<arg>consultarAPI</arg>
<arg>${URL}</arg>
<doc>Create Session: create a HTTP session to a server</doc>
<status status="PASS" start="2024-08-04T07:14:00.190109" elapsed="0.000409"/>
</kw>
<status status="PASS" start="2024-08-04T07:14:00.189063" elapsed="0.001815"/>
</kw>
<status status="PASS" start="2024-08-04T07:14:00.188519" elapsed="0.002554"/>
</test>
<test id="s1-s1-t2" name="Validar retorno 200 e JSON Válido" line="16">
<kw name="Teste de Requisicao Basica" owner="random-user-service">
<kw name="GET On Session" owner="RequestsLibrary">
<msg time="2024-08-04T07:14:00.523506" level="INFO">GET Request : url=https://randomuser.me/api 
 path_url=/api 
 headers={'User-Agent': 'python-requests/2.32.3', 'Accept-Encoding': 'gzip, deflate', 'Accept': '*/*', 'Connection': 'keep-alive'} 
 body=None 
 </msg>
<msg time="2024-08-04T07:14:00.523667" level="INFO">GET Response : url=https://randomuser.me/api 
 status=200, reason=OK 
 headers={'Date': 'Sun, 04 Aug 2024 07:14:00 GMT', 'Content-Type': 'application/json; charset=utf-8', 'Transfer-Encoding': 'chunked', 'Connection': 'keep-alive', 'X-Powered-By': 'Express', 'Access-Control-Allow-Origin': '*', 'Cache-Control': 'no-cache', 'ETag': 'W/"4a2-022R8kRMXZO2oJ5rmZ/43cTQwO4"', 'Vary': 'Accept-Encoding', 'Content-Encoding': 'gzip', 'CF-Cache-Status': 'DYNAMIC', 'Report-To': '{"endpoints":[{"url":"https:\\/\\/a.nel.cloudflare.com\\/report\\/v4?s=hW10RVkNUmLE%2Bf4qYAXEyfUn9nqPerGBM9wfWXdprFUzATtk42q2gthAzLaFm%2FUMGLwfWV0iFVIbWlXtOv4FrY1XSruZHtu9qREYx%2FWB9jE9SyMDt%2Byxf1qAWe1cWMUL"}],"group":"cf-nel","max_age":604800}', 'NEL': '{"success_fraction":0,"report_to":"cf-nel","max_age":604800}', 'Server': 'cloudflare', 'CF-RAY': '8adcbf7f6e9517d8-SJC', 'alt-svc': 'h3=":443"; ma=86400'} 
 body={"results":[{"gender":"female","name":{"title":"Miss","first":"Alena","last":"Fischbach"},"location":{"street":{"number":7378,"name":"Heideweg"},"city":"Bad Vilbel","state":"Berlin","country":"Germany","postcode":84286,"coordinates":{"latitude":"-53.8003","longitude":"123.8506"},"timezone":{"offset":"+11:00","description":"Magadan, Solomon Islands, New Caledonia"}},"email":"alena.fischbach@example.com","login":{"uuid":"030fb612-dce6-45ae-8bbb-02c1850af194","username":"silverbear260","password":"platypus","salt":"V3BtO3XR","md5":"4ea6800c02ecdadf55d26083a63580e6","sha1":"ee9734bc8d49c6201277bf272e9107795ca5e8a9","sha256":"78e0a63b23b79c8264ae8b721b803c51bfa90f559430479343bed98c285762c5"},"dob":{"date":"1988-10-13T20:06:19.495Z","age":35},"registered":{"date":"2004-06-07T02:01:27.683Z","age":20},"phone":"0306-9152720","cell":"0173-6981381","id":{"name":"SVNR","value":"77 131088 F 725"},"picture":{"large":"https://randomuser.me/api/portraits/women/49.jpg","medium":"https://randomuser.me/api/portraits/med/women/49.jpg","thumbnail":"https://randomuser.me/api/portraits/thumb/women/49.jpg"},"nat":"DE"}],"info":{"seed":"06bf09025991b6a4","results":1,"page":1,"version":"1.4"}} 
 </msg>
<msg time="2024-08-04T07:14:00.523749" level="INFO">/opt/hostedtoolcache/Python/3.12.4/x64/lib/python3.12/site-packages/urllib3/connectionpool.py:1099: InsecureRequestWarning: Unverified HTTPS request is being made to host 'randomuser.me'. Adding certificate verification is strongly advised. See: https://urllib3.readthedocs.io/en/latest/advanced-usage.html#tls-warnings
  warnings.warn(</msg>
<msg time="2024-08-04T07:14:00.523890" level="INFO">${response} = &lt;Response [200]&gt;</msg>
<var>${response}</var>
<arg>consultarAPI</arg>
<arg>/api</arg>
<doc>Sends a GET request on a previously created HTTP Session.</doc>
<status status="PASS" start="2024-08-04T07:14:00.193617" elapsed="0.330316"/>
</kw>
<kw name="Should Be Equal As Numbers" owner="BuiltIn">
<msg time="2024-08-04T07:14:00.524931" level="INFO">Argument types are:
&lt;class 'int'&gt;
&lt;class 'str'&gt;</msg>
<arg>${response.status_code}</arg>
<arg>200</arg>
<doc>Fails if objects are unequal after converting them to real numbers.</doc>
<status status="PASS" start="2024-08-04T07:14:00.524472" elapsed="0.000522"/>
</kw>
<kw name="Log" owner="BuiltIn">
<msg time="2024-08-04T07:14:00.525645" level="INFO">200</msg>
<arg>${response.status_code}</arg>
<doc>Logs the given message with the given level.</doc>
<status status="PASS" start="2024-08-04T07:14:00.525306" elapsed="0.000379"/>
</kw>
<kw name="Set Variable" owner="BuiltIn">
<msg time="2024-08-04T07:14:00.526465" level="INFO">${json_data} = {'results': [{'gender': 'female', 'name': {'title': 'Miss', 'first': 'Alena', 'last': 'Fischbach'}, 'location': {'street': {'number': 7378, 'name': 'Heideweg'}, 'city': 'Bad Vilbel', 'state': 'Berlin'...</msg>
<var>${json_data}</var>
<arg>${response.json()}</arg>
<doc>Returns the given values which can then be assigned to a variables.</doc>
<status status="PASS" start="2024-08-04T07:14:00.525988" elapsed="0.000505"/>
</kw>
<kw name="Dictionary Should Contain Key" owner="Collections">
<arg>${json_data}</arg>
<arg>results</arg>
<doc>Fails if ``key`` is not found from ``dictionary``.</doc>
<status status="PASS" start="2024-08-04T07:14:00.526792" elapsed="0.000318"/>
</kw>
<status status="PASS" start="2024-08-04T07:14:00.193378" elapsed="0.333885"/>
</kw>
<doc>Testa se a API responde corretamente e retorna um objeto JSON válido.</doc>
<tag>testeRequisicaoBasica</tag>
<status status="PASS" start="2024-08-04T07:14:00.192915" elapsed="0.334522"/>
</test>
<test id="s1-s1-t3" name="Validar estrutura de resposta" line="22">
<kw name="Teste de Estrutura de Resposta" owner="random-user-service">
<kw name="GET On Session" owner="RequestsLibrary">
<msg time="2024-08-04T07:14:00.637895" level="INFO">GET Request : url=https://randomuser.me/api 
 path_url=/api 
 headers={'User-Agent': 'python-requests/2.32.3', 'Accept-Encoding': 'gzip, deflate', 'Accept': '*/*', 'Connection': 'keep-alive'} 
 body=None 
 </msg>
<msg time="2024-08-04T07:14:00.637986" level="INFO">GET Response : url=https://randomuser.me/api 
 status=200, reason=OK 
 headers={'Date': 'Sun, 04 Aug 2024 07:14:00 GMT', 'Content-Type': 'application/json; charset=utf-8', 'Transfer-Encoding': 'chunked', 'Connection': 'keep-alive', 'X-Powered-By': 'Express', 'Access-Control-Allow-Origin': '*', 'Cache-Control': 'no-cache', 'ETag': 'W/"493-kT/QZrluiWVqYNIYK054Ot+Wk4Q"', 'Vary': 'Accept-Encoding', 'Content-Encoding': 'gzip', 'CF-Cache-Status': 'DYNAMIC', 'Report-To': '{"endpoints":[{"url":"https:\\/\\/a.nel.cloudflare.com\\/report\\/v4?s=kKF183PfDV%2FRZmuwo5OCqQYi54I8XAbwvPQjZVmD%2FtBCOCnMTuWWIb5ptDssOXs4FeF6UueTQny4ipxoykcin8fsR23couzCzvzzEaK0kNh4v%2BUat%2F23y%2FAUkGKE3fE%2F"}],"group":"cf-nel","max_age":604800}', 'NEL': '{"success_fraction":0,"report_to":"cf-nel","max_age":604800}', 'Server': 'cloudflare', 'CF-RAY': '8adcbf81585a17d8-SJC', 'alt-svc': 'h3=":443"; ma=86400'} 
 body={"results":[{"gender":"female","name":{"title":"Mrs","first":"Meenakshi","last":"Bansal"},"location":{"street":{"number":3628,"name":"Tilak Marg"},"city":"Dibrugarh","state":"Punjab","country":"India","postcode":48236,"coordinates":{"latitude":"10.5303","longitude":"178.9059"},"timezone":{"offset":"+1:00","description":"Brussels, Copenhagen, Madrid, Paris"}},"email":"meenakshi.bansal@example.com","login":{"uuid":"62675f4c-6a29-4d71-a6ea-aad4658aa661","username":"redostrich672","password":"tight","salt":"OjMYEdNy","md5":"0b4fc6ae9f27900bb314fadb9adfbd93","sha1":"129763b371fdf5adc180eac861b54e2776d8fd12","sha256":"302557cc6a84132d1d7d3d1030eb6a0ede1632b5caf1c6ec3cea2b8a28630984"},"dob":{"date":"1992-05-02T16:00:56.186Z","age":32},"registered":{"date":"2007-07-20T20:12:20.125Z","age":17},"phone":"7566440224","cell":"7257390695","id":{"name":"UIDAI","value":"700198120107"},"picture":{"large":"https://randomuser.me/api/portraits/women/40.jpg","medium":"https://randomuser.me/api/portraits/med/women/40.jpg","thumbnail":"https://randomuser.me/api/portraits/thumb/women/40.jpg"},"nat":"IN"}],"info":{"seed":"cd7b9d6fb3a18b92","results":1,"page":1,"version":"1.4"}} 
 </msg>
<msg time="2024-08-04T07:14:00.638113" level="INFO">/opt/hostedtoolcache/Python/3.12.4/x64/lib/python3.12/site-packages/urllib3/connectionpool.py:1099: InsecureRequestWarning: Unverified HTTPS request is being made to host 'randomuser.me'. Adding certificate verification is strongly advised. See: https://urllib3.readthedocs.io/en/latest/advanced-usage.html#tls-warnings
  warnings.warn(</msg>
<msg time="2024-08-04T07:14:00.638261" level="INFO">${response} = &lt;Response [200]&gt;</msg>
<var>${response}</var>
<arg>consultarAPI</arg>
<arg>/api</arg>
<doc>Sends a GET request on a previously created HTTP Session.</doc>
<status status="PASS" start="2024-08-04T07:14:00.530009" elapsed="0.108305"/>
</kw>
<kw name="Set Variable" owner="BuiltIn">
<msg time="2024-08-04T07:14:00.639244" level="INFO">${json_data} = {'results': [{'gender': 'female', 'name': {'title': 'Mrs', 'first': 'Meenakshi', 'last': 'Bansal'}, 'location': {'street': {'number': 3628, 'name': 'Tilak Marg'}, 'city': 'Dibrugarh', 'state': 'Punjab...</msg>
<var>${json_data}</var>
<arg>${response.json()}</arg>
<doc>Returns the given values which can then be assigned to a variables.</doc>
<status status="PASS" start="2024-08-04T07:14:00.638770" elapsed="0.000503"/>
</kw>
<kw name="Log" owner="BuiltIn">
<msg time="2024-08-04T07:14:00.639729" level="INFO">{'results': [{'gender': 'female', 'name': {'title': 'Mrs', 'first': 'Meenakshi', 'last': 'Bansal'}, 'location': {'street': {'number': 3628, 'name': 'Tilak Marg'}, 'city': 'Dibrugarh', 'state': 'Punjab', 'country': 'India', 'postcode': 48236, 'coordinates': {'latitude': '10.5303', 'longitude': '178.9059'}, 'timezone': {'offset': '+1:00', 'description': 'Brussels, Copenhagen, Madrid, Paris'}}, 'email': 'meenakshi.bansal@example.com', 'login': {'uuid': '62675f4c-6a29-4d71-a6ea-aad4658aa661', 'username': 'redostrich672', 'password': 'tight', 'salt': 'OjMYEdNy', 'md5': '0b4fc6ae9f27900bb314fadb9adfbd93', 'sha1': '129763b371fdf5adc180eac861b54e2776d8fd12', 'sha256': '302557cc6a84132d1d7d3d1030eb6a0ede1632b5caf1c6ec3cea2b8a28630984'}, 'dob': {'date': '1992-05-02T16:00:56.186Z', 'age': 32}, 'registered': {'date': '2007-07-20T20:12:20.125Z', 'age': 17}, 'phone': '7566440224', 'cell': '7257390695', 'id': {'name': 'UIDAI', 'value': '700198120107'}, 'picture': {'large': 'https://randomuser.me/api/portraits/women/40.jpg', 'medium': 'https://randomuser.me/api/portraits/med/women/40.jpg', 'thumbnail': 'https://randomuser.me/api/portraits/thumb/women/40.jpg'}, 'nat': 'IN'}], 'info': {'seed': 'cd7b9d6fb3a18b92', 'results': 1, 'page': 1, 'version': '1.4'}}</msg>
<arg>${json_data}</arg>
<doc>Logs the given message with the given level.</doc>
<status status="PASS" start="2024-08-04T07:14:00.639575" elapsed="0.000202"/>
</kw>
<kw name="Dictionary Should Contain Key" owner="Collections">
<arg>${json_data}</arg>
<arg>results</arg>
<doc>Fails if ``key`` is not found from ``dictionary``.</doc>
<status status="PASS" start="2024-08-04T07:14:00.640062" elapsed="0.000163"/>
</kw>
<kw name="Should Not Be Empty" owner="BuiltIn">
<msg time="2024-08-04T07:14:00.640533" level="INFO">Length is 2.</msg>
<arg>${json_data}</arg>
<doc>Verifies that the given item is not empty.</doc>
<status status="PASS" start="2024-08-04T07:14:00.640409" elapsed="0.000161"/>
</kw>
<kw name="Create List" owner="BuiltIn">
<msg time="2024-08-04T07:14:00.641003" level="INFO">${expected_keys} = ['gender', 'name', 'location', 'email', 'login']</msg>
<var>${expected_keys}</var>
<arg>gender</arg>
<arg>name</arg>
<arg>location</arg>
<arg>email</arg>
<arg>login</arg>
<doc>Returns a list containing given items.</doc>
<status status="PASS" start="2024-08-04T07:14:00.640851" elapsed="0.000176"/>
</kw>
<for flavor="IN">
<iter>
<kw name="Dictionary Should Contain Key" owner="Collections">
<arg>${json_data['results'][0]}</arg>
<arg>${key}</arg>
<doc>Fails if ``key`` is not found from ``dictionary``.</doc>
<status status="PASS" start="2024-08-04T07:14:00.641618" elapsed="0.000421"/>
</kw>
<kw name="Log" owner="BuiltIn">
<msg time="2024-08-04T07:14:00.642672" level="INFO">{'gender': 'female', 'name': {'title': 'Mrs', 'first': 'Meenakshi', 'last': 'Bansal'}, 'location': {'street': {'number': 3628, 'name': 'Tilak Marg'}, 'city': 'Dibrugarh', 'state': 'Punjab', 'country': 'India', 'postcode': 48236, 'coordinates': {'latitude': '10.5303', 'longitude': '178.9059'}, 'timezone': {'offset': '+1:00', 'description': 'Brussels, Copenhagen, Madrid, Paris'}}, 'email': 'meenakshi.bansal@example.com', 'login': {'uuid': '62675f4c-6a29-4d71-a6ea-aad4658aa661', 'username': 'redostrich672', 'password': 'tight', 'salt': 'OjMYEdNy', 'md5': '0b4fc6ae9f27900bb314fadb9adfbd93', 'sha1': '129763b371fdf5adc180eac861b54e2776d8fd12', 'sha256': '302557cc6a84132d1d7d3d1030eb6a0ede1632b5caf1c6ec3cea2b8a28630984'}, 'dob': {'date': '1992-05-02T16:00:56.186Z', 'age': 32}, 'registered': {'date': '2007-07-20T20:12:20.125Z', 'age': 17}, 'phone': '7566440224', 'cell': '7257390695', 'id': {'name': 'UIDAI', 'value': '700198120107'}, 'picture': {'large': 'https://randomuser.me/api/portraits/women/40.jpg', 'medium': 'https://randomuser.me/api/portraits/med/women/40.jpg', 'thumbnail': 'https://randomuser.me/api/portraits/thumb/women/40.jpg'}, 'nat': 'IN'}</msg>
<arg>${json_data['results'][0]}</arg>
<doc>Logs the given message with the given level.</doc>
<status status="PASS" start="2024-08-04T07:14:00.642257" elapsed="0.000475"/>
</kw>
<kw name="Log" owner="BuiltIn">
<msg time="2024-08-04T07:14:00.643180" level="INFO">gender</msg>
<arg>${key}</arg>
<doc>Logs the given message with the given level.</doc>
<status status="PASS" start="2024-08-04T07:14:00.643050" elapsed="0.000168"/>
</kw>
<var name="${key}">gender</var>
<status status="PASS" start="2024-08-04T07:14:00.641491" elapsed="0.001947"/>
</iter>
<iter>
<kw name="Dictionary Should Contain Key" owner="Collections">
<arg>${json_data['results'][0]}</arg>
<arg>${key}</arg>
<doc>Fails if ``key`` is not found from ``dictionary``.</doc>
<status status="PASS" start="2024-08-04T07:14:00.643735" elapsed="0.000390"/>
</kw>
<kw name="Log" owner="BuiltIn">
<msg time="2024-08-04T07:14:00.644655" level="INFO">{'gender': 'female', 'name': {'title': 'Mrs', 'first': 'Meenakshi', 'last': 'Bansal'}, 'location': {'street': {'number': 3628, 'name': 'Tilak Marg'}, 'city': 'Dibrugarh', 'state': 'Punjab', 'country': 'India', 'postcode': 48236, 'coordinates': {'latitude': '10.5303', 'longitude': '178.9059'}, 'timezone': {'offset': '+1:00', 'description': 'Brussels, Copenhagen, Madrid, Paris'}}, 'email': 'meenakshi.bansal@example.com', 'login': {'uuid': '62675f4c-6a29-4d71-a6ea-aad4658aa661', 'username': 'redostrich672', 'password': 'tight', 'salt': 'OjMYEdNy', 'md5': '0b4fc6ae9f27900bb314fadb9adfbd93', 'sha1': '129763b371fdf5adc180eac861b54e2776d8fd12', 'sha256': '302557cc6a84132d1d7d3d1030eb6a0ede1632b5caf1c6ec3cea2b8a28630984'}, 'dob': {'date': '1992-05-02T16:00:56.186Z', 'age': 32}, 'registered': {'date': '2007-07-20T20:12:20.125Z', 'age': 17}, 'phone': '7566440224', 'cell': '7257390695', 'id': {'name': 'UIDAI', 'value': '700198120107'}, 'picture': {'large': 'https://randomuser.me/api/portraits/women/40.jpg', 'medium': 'https://randomuser.me/api/portraits/med/women/40.jpg', 'thumbnail': 'https://randomuser.me/api/portraits/thumb/women/40.jpg'}, 'nat': 'IN'}</msg>
<arg>${json_data['results'][0]}</arg>
<doc>Logs the given message with the given level.</doc>
<status status="PASS" start="2024-08-04T07:14:00.644309" elapsed="0.000425"/>
</kw>
<kw name="Log" owner="BuiltIn">
<msg time="2024-08-04T07:14:00.645160" level="INFO">name</msg>
<arg>${key}</arg>
<doc>Logs the given message with the given level.</doc>
<status status="PASS" start="2024-08-04T07:14:00.645032" elapsed="0.000166"/>
</kw>
<var name="${key}">name</var>
<status status="PASS" start="2024-08-04T07:14:00.643624" elapsed="0.001790"/>
</iter>
<iter>
<kw name="Dictionary Should Contain Key" owner="Collections">
<arg>${json_data['results'][0]}</arg>
<arg>${key}</arg>
<doc>Fails if ``key`` is not found from ``dictionary``.</doc>
<status status="PASS" start="2024-08-04T07:14:00.645702" elapsed="0.000384"/>
</kw>
<kw name="Log" owner="BuiltIn">
<msg time="2024-08-04T07:14:00.646654" level="INFO">{'gender': 'female', 'name': {'title': 'Mrs', 'first': 'Meenakshi', 'last': 'Bansal'}, 'location': {'street': {'number': 3628, 'name': 'Tilak Marg'}, 'city': 'Dibrugarh', 'state': 'Punjab', 'country': 'India', 'postcode': 48236, 'coordinates': {'latitude': '10.5303', 'longitude': '178.9059'}, 'timezone': {'offset': '+1:00', 'description': 'Brussels, Copenhagen, Madrid, Paris'}}, 'email': 'meenakshi.bansal@example.com', 'login': {'uuid': '62675f4c-6a29-4d71-a6ea-aad4658aa661', 'username': 'redostrich672', 'password': 'tight', 'salt': 'OjMYEdNy', 'md5': '0b4fc6ae9f27900bb314fadb9adfbd93', 'sha1': '129763b371fdf5adc180eac861b54e2776d8fd12', 'sha256': '302557cc6a84132d1d7d3d1030eb6a0ede1632b5caf1c6ec3cea2b8a28630984'}, 'dob': {'date': '1992-05-02T16:00:56.186Z', 'age': 32}, 'registered': {'date': '2007-07-20T20:12:20.125Z', 'age': 17}, 'phone': '7566440224', 'cell': '7257390695', 'id': {'name': 'UIDAI', 'value': '700198120107'}, 'picture': {'large': 'https://randomuser.me/api/portraits/women/40.jpg', 'medium': 'https://randomuser.me/api/portraits/med/women/40.jpg', 'thumbnail': 'https://randomuser.me/api/portraits/thumb/women/40.jpg'}, 'nat': 'IN'}</msg>
<arg>${json_data['results'][0]}</arg>
<doc>Logs the given message with the given level.</doc>
<status status="PASS" start="2024-08-04T07:14:00.646300" elapsed="0.000401"/>
</kw>
<kw name="Log" owner="BuiltIn">
<msg time="2024-08-04T07:14:00.647134" level="INFO">location</msg>
<arg>${key}</arg>
<doc>Logs the given message with the given level.</doc>
<status status="PASS" start="2024-08-04T07:14:00.647003" elapsed="0.000170"/>
</kw>
<var name="${key}">location</var>
<status status="PASS" start="2024-08-04T07:14:00.645592" elapsed="0.001805"/>
</iter>
<iter>
<kw name="Dictionary Should Contain Key" owner="Collections">
<arg>${json_data['results'][0]}</arg>
<arg>${key}</arg>
<doc>Fails if ``key`` is not found from ``dictionary``.</doc>
<status status="PASS" start="2024-08-04T07:14:00.647677" elapsed="0.000380"/>
</kw>
<kw name="Log" owner="BuiltIn">
<msg time="2024-08-04T07:14:00.648708" level="INFO">{'gender': 'female', 'name': {'title': 'Mrs', 'first': 'Meenakshi', 'last': 'Bansal'}, 'location': {'street': {'number': 3628, 'name': 'Tilak Marg'}, 'city': 'Dibrugarh', 'state': 'Punjab', 'country': 'India', 'postcode': 48236, 'coordinates': {'latitude': '10.5303', 'longitude': '178.9059'}, 'timezone': {'offset': '+1:00', 'description': 'Brussels, Copenhagen, Madrid, Paris'}}, 'email': 'meenakshi.bansal@example.com', 'login': {'uuid': '62675f4c-6a29-4d71-a6ea-aad4658aa661', 'username': 'redostrich672', 'password': 'tight', 'salt': 'OjMYEdNy', 'md5': '0b4fc6ae9f27900bb314fadb9adfbd93', 'sha1': '129763b371fdf5adc180eac861b54e2776d8fd12', 'sha256': '302557cc6a84132d1d7d3d1030eb6a0ede1632b5caf1c6ec3cea2b8a28630984'}, 'dob': {'date': '1992-05-02T16:00:56.186Z', 'age': 32}, 'registered': {'date': '2007-07-20T20:12:20.125Z', 'age': 17}, 'phone': '7566440224', 'cell': '7257390695', 'id': {'name': 'UIDAI', 'value': '700198120107'}, 'picture': {'large': 'https://randomuser.me/api/portraits/women/40.jpg', 'medium': 'https://randomuser.me/api/portraits/med/women/40.jpg', 'thumbnail': 'https://randomuser.me/api/portraits/thumb/women/40.jpg'}, 'nat': 'IN'}</msg>
<arg>${json_data['results'][0]}</arg>
<doc>Logs the given message with the given level.</doc>
<status status="PASS" start="2024-08-04T07:14:00.648357" elapsed="0.000400"/>
</kw>
<kw name="Log" owner="BuiltIn">
<msg time="2024-08-04T07:14:00.649186" level="INFO">email</msg>
<arg>${key}</arg>
<doc>Logs the given message with the given level.</doc>
<status status="PASS" start="2024-08-04T07:14:00.649057" elapsed="0.000168"/>
</kw>
<var name="${key}">email</var>
<status status="PASS" start="2024-08-04T07:14:00.647568" elapsed="0.001876"/>
</iter>
<iter>
<kw name="Dictionary Should Contain Key" owner="Collections">
<arg>${json_data['results'][0]}</arg>
<arg>${key}</arg>
<doc>Fails if ``key`` is not found from ``dictionary``.</doc>
<status status="PASS" start="2024-08-04T07:14:00.649724" elapsed="0.000375"/>
</kw>
<kw name="Log" owner="BuiltIn">
<msg time="2024-08-04T07:14:00.650662" level="INFO">{'gender': 'female', 'name': {'title': 'Mrs', 'first': 'Meenakshi', 'last': 'Bansal'}, 'location': {'street': {'number': 3628, 'name': 'Tilak Marg'}, 'city': 'Dibrugarh', 'state': 'Punjab', 'country': 'India', 'postcode': 48236, 'coordinates': {'latitude': '10.5303', 'longitude': '178.9059'}, 'timezone': {'offset': '+1:00', 'description': 'Brussels, Copenhagen, Madrid, Paris'}}, 'email': 'meenakshi.bansal@example.com', 'login': {'uuid': '62675f4c-6a29-4d71-a6ea-aad4658aa661', 'username': 'redostrich672', 'password': 'tight', 'salt': 'OjMYEdNy', 'md5': '0b4fc6ae9f27900bb314fadb9adfbd93', 'sha1': '129763b371fdf5adc180eac861b54e2776d8fd12', 'sha256': '302557cc6a84132d1d7d3d1030eb6a0ede1632b5caf1c6ec3cea2b8a28630984'}, 'dob': {'date': '1992-05-02T16:00:56.186Z', 'age': 32}, 'registered': {'date': '2007-07-20T20:12:20.125Z', 'age': 17}, 'phone': '7566440224', 'cell': '7257390695', 'id': {'name': 'UIDAI', 'value': '700198120107'}, 'picture': {'large': 'https://randomuser.me/api/portraits/women/40.jpg', 'medium': 'https://randomuser.me/api/portraits/med/women/40.jpg', 'thumbnail': 'https://randomuser.me/api/portraits/thumb/women/40.jpg'}, 'nat': 'IN'}</msg>
<arg>${json_data['results'][0]}</arg>
<doc>Logs the given message with the given level.</doc>
<status status="PASS" start="2024-08-04T07:14:00.650307" elapsed="0.000413"/>
</kw>
<kw name="Log" owner="BuiltIn">
<msg time="2024-08-04T07:14:00.651142" level="INFO">login</msg>
<arg>${key}</arg>
<doc>Logs the given message with the given level.</doc>
<status status="PASS" start="2024-08-04T07:14:00.651014" elapsed="0.000165"/>
</kw>
<var name="${key}">login</var>
<status status="PASS" start="2024-08-04T07:14:00.649616" elapsed="0.001777"/>
</iter>
<var>${key}</var>
<value>@{expected_keys}</value>
<status status="PASS" start="2024-08-04T07:14:00.641285" elapsed="0.010229"/>
</for>
<kw name="Create List" owner="BuiltIn">
<msg time="2024-08-04T07:14:00.651837" level="INFO">${expected_keysTwo} = ['username', 'password']</msg>
<var>${expected_keysTwo}</var>
<arg>username</arg>
<arg>password</arg>
<doc>Returns a list containing given items.</doc>
<status status="PASS" start="2024-08-04T07:14:00.651703" elapsed="0.000186"/>
</kw>
<for flavor="IN">
<iter>
<kw name="Dictionary Should Contain Key" owner="Collections">
<arg>${json_data['results'][0]['login']}</arg>
<arg>${keyTwo}</arg>
<doc>Fails if ``key`` is not found from ``dictionary``.</doc>
<status status="PASS" start="2024-08-04T07:14:00.652389" elapsed="0.000377"/>
</kw>
<kw name="Dictionary Should Contain Key" owner="Collections">
<arg>${json_data['results'][0]['login']}</arg>
<arg>${keyTwo}</arg>
<doc>Fails if ``key`` is not found from ``dictionary``.</doc>
<status status="PASS" start="2024-08-04T07:14:00.652946" elapsed="0.000376"/>
</kw>
<kw name="Log" owner="BuiltIn">
<msg time="2024-08-04T07:14:00.653620" level="INFO">username</msg>
<arg>${keyTwo}</arg>
<doc>Logs the given message with the given level.</doc>
<status status="PASS" start="2024-08-04T07:14:00.653500" elapsed="0.000156"/>
</kw>
<var name="${keyTwo}">username</var>
<status status="PASS" start="2024-08-04T07:14:00.652283" elapsed="0.001591"/>
</iter>
<iter>
<kw name="Dictionary Should Contain Key" owner="Collections">
<arg>${json_data['results'][0]['login']}</arg>
<arg>${keyTwo}</arg>
<doc>Fails if ``key`` is not found from ``dictionary``.</doc>
<status status="PASS" start="2024-08-04T07:14:00.654150" elapsed="0.000408"/>
</kw>
<kw name="Dictionary Should Contain Key" owner="Collections">
<arg>${json_data['results'][0]['login']}</arg>
<arg>${keyTwo}</arg>
<doc>Fails if ``key`` is not found from ``dictionary``.</doc>
<status status="PASS" start="2024-08-04T07:14:00.654736" elapsed="0.000370"/>
</kw>
<kw name="Log" owner="BuiltIn">
<msg time="2024-08-04T07:14:00.655401" level="INFO">password</msg>
<arg>${keyTwo}</arg>
<doc>Logs the given message with the given level.</doc>
<status status="PASS" start="2024-08-04T07:14:00.655282" elapsed="0.000156"/>
</kw>
<var name="${keyTwo}">password</var>
<status status="PASS" start="2024-08-04T07:14:00.654044" elapsed="0.001614"/>
</iter>
<var>${keyTwo}</var>
<value>@{expected_keysTwo}</value>
<status status="PASS" start="2024-08-04T07:14:00.652134" elapsed="0.003646"/>
</for>
<status status="PASS" start="2024-08-04T07:14:00.529775" elapsed="0.126143"/>
</kw>
<doc>Testa a estrutura da resposta da API.</doc>
<tag>testeEstruturaResposta</tag>
<status status="PASS" start="2024-08-04T07:14:00.529256" elapsed="0.126813"/>
</test>
<test id="s1-s1-t4" name="Validar tipos de dados" line="28">
<kw name="Teste de Tipos de Dados" owner="random-user-service">
<kw name="GET On Session" owner="RequestsLibrary">
<msg time="2024-08-04T07:14:00.756702" level="INFO">GET Request : url=https://randomuser.me/api 
 path_url=/api 
 headers={'User-Agent': 'python-requests/2.32.3', 'Accept-Encoding': 'gzip, deflate', 'Accept': '*/*', 'Connection': 'keep-alive'} 
 body=None 
 </msg>
<msg time="2024-08-04T07:14:00.756767" level="INFO">GET Response : url=https://randomuser.me/api 
 status=200, reason=OK 
 headers={'Date': 'Sun, 04 Aug 2024 07:14:00 GMT', 'Content-Type': 'application/json; charset=utf-8', 'Transfer-Encoding': 'chunked', 'Connection': 'keep-alive', 'X-Powered-By': 'Express', 'Access-Control-Allow-Origin': '*', 'Cache-Control': 'no-cache', 'ETag': 'W/"494-9xqlB2xqsfhCDDJ6WusFam47IBY"', 'Vary': 'Accept-Encoding', 'Content-Encoding': 'gzip', 'CF-Cache-Status': 'DYNAMIC', 'Report-To': '{"endpoints":[{"url":"https:\\/\\/a.nel.cloudflare.com\\/report\\/v4?s=h5u1AXNYKU27xL6hsTnPcC1g7%2FOnTXKvesNuQTcro3CW0v4NERQdwQO5ZHj94XMkDvGuVqQlkENq1qbcjg8qllL4i%2BYhZfri%2BVPY3pW4VFKuYqeAMvf7WITJSEqH1kqg"}],"group":"cf-nel","max_age":604800}', 'NEL': '{"success_fraction":0,"report_to":"cf-nel","max_age":604800}', 'Server': 'cloudflare', 'CF-RAY': '8adcbf8229a417d8-SJC', 'alt-svc': 'h3=":443"; ma=86400'} 
 body={"results":[{"gender":"male","name":{"title":"Mr","first":"Vukota","last":"Cvejić"},"location":{"street":{"number":935,"name":"Groblje Orlovača"},"city":"Opovo","state":"Pomoravlje","country":"Serbia","postcode":39815,"coordinates":{"latitude":"56.1460","longitude":"-134.6403"},"timezone":{"offset":"+9:00","description":"Tokyo, Seoul, Osaka, Sapporo, Yakutsk"}},"email":"vukota.cvejic@example.com","login":{"uuid":"f1e14995-b3e4-4c37-baf9-56624b08214f","username":"yellowmeercat392","password":"musicman","salt":"Sn3qVnC0","md5":"c917be255860dcb69ac13ec2c8894a7d","sha1":"926e948b91b803ec3b2c928f35806ae48751ca43","sha256":"d6c697c4a5620174a56d7efdf53d73af46bff339f01ffb05f1aecdfb6b9a71f9"},"dob":{"date":"1967-09-16T00:47:02.219Z","age":56},"registered":{"date":"2011-01-08T06:05:51.363Z","age":13},"phone":"016-0510-293","cell":"063-7460-266","id":{"name":"SID","value":"608837244"},"picture":{"large":"https://randomuser.me/api/portraits/men/15.jpg","medium":"https://randomuser.me/api/portraits/med/men/15.jpg","thumbnail":"https://randomuser.me/api/portraits/thumb/men/15.jpg"},"nat":"RS"}],"info":{"seed":"6811c6bbdb75ee02","results":1,"page":1,"version":"1.4"}} 
 </msg>
<msg time="2024-08-04T07:14:00.756828" level="INFO">/opt/hostedtoolcache/Python/3.12.4/x64/lib/python3.12/site-packages/urllib3/connectionpool.py:1099: InsecureRequestWarning: Unverified HTTPS request is being made to host 'randomuser.me'. Adding certificate verification is strongly advised. See: https://urllib3.readthedocs.io/en/latest/advanced-usage.html#tls-warnings
  warnings.warn(</msg>
<msg time="2024-08-04T07:14:00.756912" level="INFO">${response} = &lt;Response [200]&gt;</msg>
<var>${response}</var>
<arg>consultarAPI</arg>
<arg>/api</arg>
<doc>Sends a GET request on a previously created HTTP Session.</doc>
<status status="PASS" start="2024-08-04T07:14:00.658479" elapsed="0.098458"/>
</kw>
<kw name="Set Variable" owner="BuiltIn">
<msg time="2024-08-04T07:14:00.757796" level="INFO">${json_data} = {'results': [{'gender': 'male', 'name': {'title': 'Mr', 'first': 'Vukota', 'last': 'Cvejić'}, 'location': {'street': {'number': 935, 'name': 'Groblje Orlovača'}, 'city': 'Opovo', 'state': 'Pomoravlje'...</msg>
<var>${json_data}</var>
<arg>${response.json()}</arg>
<doc>Returns the given values which can then be assigned to a variables.</doc>
<status status="PASS" start="2024-08-04T07:14:00.757332" elapsed="0.000494"/>
</kw>
<kw name="Log" owner="BuiltIn">
<msg time="2024-08-04T07:14:00.758349" level="INFO">{'results': [{'gender': 'male', 'name': {'title': 'Mr', 'first': 'Vukota', 'last': 'Cvejić'}, 'location': {'street': {'number': 935, 'name': 'Groblje Orlovača'}, 'city': 'Opovo', 'state': 'Pomoravlje', 'country': 'Serbia', 'postcode': 39815, 'coordinates': {'latitude': '56.1460', 'longitude': '-134.6403'}, 'timezone': {'offset': '+9:00', 'description': 'Tokyo, Seoul, Osaka, Sapporo, Yakutsk'}}, 'email': 'vukota.cvejic@example.com', 'login': {'uuid': 'f1e14995-b3e4-4c37-baf9-56624b08214f', 'username': 'yellowmeercat392', 'password': 'musicman', 'salt': 'Sn3qVnC0', 'md5': 'c917be255860dcb69ac13ec2c8894a7d', 'sha1': '926e948b91b803ec3b2c928f35806ae48751ca43', 'sha256': 'd6c697c4a5620174a56d7efdf53d73af46bff339f01ffb05f1aecdfb6b9a71f9'}, 'dob': {'date': '1967-09-16T00:47:02.219Z', 'age': 56}, 'registered': {'date': '2011-01-08T06:05:51.363Z', 'age': 13}, 'phone': '016-0510-293', 'cell': '063-7460-266', 'id': {'name': 'SID', 'value': '608837244'}, 'picture': {'large': 'https://randomuser.me/api/portraits/men/15.jpg', 'medium': 'https://randomuser.me/api/portraits/med/men/15.jpg', 'thumbnail': 'https://randomuser.me/api/portraits/thumb/men/15.jpg'}, 'nat': 'RS'}], 'info': {'seed': '6811c6bbdb75ee02', 'results': 1, 'page': 1, 'version': '1.4'}}</msg>
<arg>${json_data}</arg>
<doc>Logs the given message with the given level.</doc>
<status status="PASS" start="2024-08-04T07:14:00.758126" elapsed="0.000275"/>
</kw>
<kw name="Should Be String" owner="String">
<arg>${json_data['results'][0]['gender']}</arg>
<doc>Fails if the given ``item`` is not a string.</doc>
<status status="PASS" start="2024-08-04T07:14:00.758706" elapsed="0.000357"/>
</kw>
<kw name="Should Match Regexp" owner="BuiltIn">
<arg>${json_data['results'][0]['email']}</arg>
<arg>^[a-zA-Z0-9._%+-]+@[a-zA-Z0-9.-]+\.[a-zA-Z]{2,}$</arg>
<doc>Fails if ``string`` does not match ``pattern`` as a regular expression.</doc>
<status status="PASS" start="2024-08-04T07:14:00.759253" elapsed="0.000544"/>
</kw>
<kw name="Should Match Regexp" owner="BuiltIn">
<arg>${json_data['results'][0]['dob']['date']}</arg>
<arg>\\d{4}-\\d{2}-\\d{2}T\\d{2}:\\d{2}:\\d{2}\\.\\d{3}Z</arg>
<doc>Fails if ``string`` does not match ``pattern`` as a regular expression.</doc>
<status status="PASS" start="2024-08-04T07:14:00.759993" elapsed="0.000590"/>
</kw>
<kw name="Should Match Regexp" owner="BuiltIn">
<arg>${json_data['results'][0]['registered']['date']}</arg>
<arg>\\d{4}-\\d{2}-\\d{2}T\\d{2}:\\d{2}:\\d{2}\\.\\d{3}Z</arg>
<doc>Fails if ``string`` does not match ``pattern`` as a regular expression.</doc>
<status status="PASS" start="2024-08-04T07:14:00.760775" elapsed="0.000365"/>
</kw>
<kw name="Should Match Regexp" owner="BuiltIn">
<arg>${json_data['results'][0]['picture']['large']}</arg>
<arg>^https?://.*\.(?:png|jpe?g|gif|bmp)$</arg>
<doc>Fails if ``string`` does not match ``pattern`` as a regular expression.</doc>
<status status="PASS" start="2024-08-04T07:14:00.761325" elapsed="0.000451"/>
</kw>
<kw name="Should Match Regexp" owner="BuiltIn">
<arg>${json_data['results'][0]['picture']['medium']}</arg>
<arg>^https?://.*\.(?:png|jpe?g|gif|bmp)$</arg>
<doc>Fails if ``string`` does not match ``pattern`` as a regular expression.</doc>
<status status="PASS" start="2024-08-04T07:14:00.761964" elapsed="0.000390"/>
</kw>
<kw name="Should Match Regexp" owner="BuiltIn">
<arg>${json_data['results'][0]['picture']['thumbnail']}</arg>
<arg>^https?://.*\.(?:png|jpe?g|gif|bmp)$</arg>
<doc>Fails if ``string`` does not match ``pattern`` as a regular expression.</doc>
<status status="PASS" start="2024-08-04T07:14:00.762539" elapsed="0.000351"/>
</kw>
<kw name="Log" owner="BuiltIn">
<msg time="2024-08-04T07:14:00.763401" level="INFO">{'large': 'https://randomuser.me/api/portraits/men/15.jpg', 'medium': 'https://randomuser.me/api/portraits/med/men/15.jpg', 'thumbnail': 'https://randomuser.me/api/portraits/thumb/men/15.jpg'}</msg>
<arg>${json_data['results'][0]['picture']}</arg>
<doc>Logs the given message with the given level.</doc>
<status status="PASS" start="2024-08-04T07:14:00.763072" elapsed="0.000370"/>
</kw>
<status status="PASS" start="2024-08-04T07:14:00.658255" elapsed="0.105440"/>
</kw>
<kw name="Teste de Tipos de Dados - Postcode" owner="random-user-service">
<kw name="GET On Session" owner="RequestsLibrary">
<msg time="2024-08-04T07:14:00.859072" level="INFO">GET Request : url=https://randomuser.me/api 
 path_url=/api 
 headers={'User-Agent': 'python-requests/2.32.3', 'Accept-Encoding': 'gzip, deflate', 'Accept': '*/*', 'Connection': 'keep-alive'} 
 body=None 
 </msg>
<msg time="2024-08-04T07:14:00.859151" level="INFO">GET Response : url=https://randomuser.me/api 
 status=200, reason=OK 
 headers={'Date': 'Sun, 04 Aug 2024 07:14:00 GMT', 'Content-Type': 'application/json; charset=utf-8', 'Transfer-Encoding': 'chunked', 'Connection': 'keep-alive', 'X-Powered-By': 'Express', 'Access-Control-Allow-Origin': '*', 'Cache-Control': 'no-cache', 'ETag': 'W/"493-2g3dRy3Cc1Q12n/tP45q9OGbZ24"', 'Vary': 'Accept-Encoding', 'Content-Encoding': 'gzip', 'CF-Cache-Status': 'DYNAMIC', 'Report-To': '{"endpoints":[{"url":"https:\\/\\/a.nel.cloudflare.com\\/report\\/v4?s=0e%2Fm4pCbLdCLpGbxfEDdcGCLFwb3A6Mvfw%2FBVm96o6GsuYqa2rOR%2FlcsFpOXyjzbWH5SZLku%2FBqxgA1e8j%2Bki62ZHjRSS6arbyvpPz8RHrKHtH5miRD9qeXcHIi6L1c9"}],"group":"cf-nel","max_age":604800}', 'NEL': '{"success_fraction":0,"report_to":"cf-nel","max_age":604800}', 'Server': 'cloudflare', 'CF-RAY': '8adcbf82ca4317d8-SJC', 'alt-svc': 'h3=":443"; ma=86400'} 
 body={"results":[{"gender":"female","name":{"title":"Miss","first":"Violeta","last":"Nađ"},"location":{"street":{"number":524,"name":"Velikohočka"},"city":"Osečina","state":"South Banat","country":"Serbia","postcode":47709,"coordinates":{"latitude":"56.7885","longitude":"83.3665"},"timezone":{"offset":"+9:00","description":"Tokyo, Seoul, Osaka, Sapporo, Yakutsk"}},"email":"violeta.nad@example.com","login":{"uuid":"e75d0e9c-6f66-4782-94fc-5dfd1f8fd775","username":"smallgoose831","password":"zildjian","salt":"8AzBIjwq","md5":"fb6c60cc2139ac6b085759ed361876de","sha1":"0c64cbe5139bf5f1720eb6cfa75ba21257eec2af","sha256":"b12755accc7b7a857e970290d95250bc99d0f299e1571145a51522e653523bab"},"dob":{"date":"1999-10-14T21:34:39.651Z","age":24},"registered":{"date":"2018-10-13T17:48:33.499Z","age":5},"phone":"035-9844-374","cell":"062-3038-226","id":{"name":"SID","value":"668575335"},"picture":{"large":"https://randomuser.me/api/portraits/women/11.jpg","medium":"https://randomuser.me/api/portraits/med/women/11.jpg","thumbnail":"https://randomuser.me/api/portraits/thumb/women/11.jpg"},"nat":"RS"}],"info":{"seed":"d048ad8822267b9f","results":1,"page":1,"version":"1.4"}} 
 </msg>
<msg time="2024-08-04T07:14:00.859221" level="INFO">/opt/hostedtoolcache/Python/3.12.4/x64/lib/python3.12/site-packages/urllib3/connectionpool.py:1099: InsecureRequestWarning: Unverified HTTPS request is being made to host 'randomuser.me'. Adding certificate verification is strongly advised. See: https://urllib3.readthedocs.io/en/latest/advanced-usage.html#tls-warnings
  warnings.warn(</msg>
<msg time="2024-08-04T07:14:00.859322" level="INFO">${response} = &lt;Response [200]&gt;</msg>
<var>${response}</var>
<arg>consultarAPI</arg>
<arg>/api</arg>
<doc>Sends a GET request on a previously created HTTP Session.</doc>
<status status="PASS" start="2024-08-04T07:14:00.764114" elapsed="0.095255"/>
</kw>
<kw name="Set Variable" owner="BuiltIn">
<msg time="2024-08-04T07:14:00.860272" level="INFO">${json_data} = {'results': [{'gender': 'female', 'name': {'title': 'Miss', 'first': 'Violeta', 'last': 'Nađ'}, 'location': {'street': {'number': 524, 'name': 'Velikohočka'}, 'city': 'Osečina', 'state': 'South Banat'...</msg>
<var>${json_data}</var>
<arg>${response.json()}</arg>
<doc>Returns the given values which can then be assigned to a variables.</doc>
<status status="PASS" start="2024-08-04T07:14:00.859820" elapsed="0.000483"/>
</kw>
<kw name="Log" owner="BuiltIn">
<msg time="2024-08-04T07:14:00.860758" level="INFO">{'results': [{'gender': 'female', 'name': {'title': 'Miss', 'first': 'Violeta', 'last': 'Nađ'}, 'location': {'street': {'number': 524, 'name': 'Velikohočka'}, 'city': 'Osečina', 'state': 'South Banat', 'country': 'Serbia', 'postcode': 47709, 'coordinates': {'latitude': '56.7885', 'longitude': '83.3665'}, 'timezone': {'offset': '+9:00', 'description': 'Tokyo, Seoul, Osaka, Sapporo, Yakutsk'}}, 'email': 'violeta.nad@example.com', 'login': {'uuid': 'e75d0e9c-6f66-4782-94fc-5dfd1f8fd775', 'username': 'smallgoose831', 'password': 'zildjian', 'salt': '8AzBIjwq', 'md5': 'fb6c60cc2139ac6b085759ed361876de', 'sha1': '0c64cbe5139bf5f1720eb6cfa75ba21257eec2af', 'sha256': 'b12755accc7b7a857e970290d95250bc99d0f299e1571145a51522e653523bab'}, 'dob': {'date': '1999-10-14T21:34:39.651Z', 'age': 24}, 'registered': {'date': '2018-10-13T17:48:33.499Z', 'age': 5}, 'phone': '035-9844-374', 'cell': '062-3038-226', 'id': {'name': 'SID', 'value': '668575335'}, 'picture': {'large': 'https://randomuser.me/api/portraits/women/11.jpg', 'medium': 'https://randomuser.me/api/portraits/med/women/11.jpg', 'thumbnail': 'https://randomuser.me/api/portraits/thumb/women/11.jpg'}, 'nat': 'RS'}], 'info': {'seed': 'd048ad8822267b9f', 'results': 1, 'page': 1, 'version': '1.4'}}</msg>
<arg>${json_data}</arg>
<doc>Logs the given message with the given level.</doc>
<status status="PASS" start="2024-08-04T07:14:00.860605" elapsed="0.000203"/>
</kw>
<kw name="Should Be Equal As Numbers" owner="BuiltIn">
<arg>${json_data['results'][0]['location']['postcode']}</arg>
<arg>${json_data['results'][0]['location']['postcode']}</arg>
<doc>Fails if objects are unequal after converting them to real numbers.</doc>
<status status="PASS" start="2024-08-04T07:14:00.861102" elapsed="0.000614"/>
</kw>
<kw name="Log" owner="BuiltIn">
<msg time="2024-08-04T07:14:00.862262" level="INFO">47709</msg>
<arg>${json_data['results'][0]['location']['postcode']}</arg>
<doc>Logs the given message with the given level.</doc>
<status status="PASS" start="2024-08-04T07:14:00.861904" elapsed="0.000446"/>
</kw>
<status status="PASS" start="2024-08-04T07:14:00.763901" elapsed="0.098719"/>
</kw>
<doc>Testa se os tipos de dados na resposta da API estão corretos.</doc>
<tag>testeTiposDados</tag>
<status status="PASS" start="2024-08-04T07:14:00.657793" elapsed="0.204980"/>
</test>
<test id="s1-s1-t5" name="Validar conteudo" line="35">
<kw name="Teste de Tipos de Conteudo" owner="random-user-service">
<kw name="GET On Session" owner="RequestsLibrary">
<msg time="2024-08-04T07:14:00.958620" level="INFO">GET Request : url=https://randomuser.me/api 
 path_url=/api 
 headers={'User-Agent': 'python-requests/2.32.3', 'Accept-Encoding': 'gzip, deflate', 'Accept': '*/*', 'Connection': 'keep-alive'} 
 body=None 
 </msg>
<msg time="2024-08-04T07:14:00.958705" level="INFO">GET Response : url=https://randomuser.me/api 
 status=200, reason=OK 
 headers={'Date': 'Sun, 04 Aug 2024 07:14:00 GMT', 'Content-Type': 'application/json; charset=utf-8', 'Transfer-Encoding': 'chunked', 'Connection': 'keep-alive', 'X-Powered-By': 'Express', 'Access-Control-Allow-Origin': '*', 'Cache-Control': 'no-cache', 'ETag': 'W/"497-r7AlxcDP8tR1LY+k6+Z4zogrQ1A"', 'Vary': 'Accept-Encoding', 'Content-Encoding': 'gzip', 'CF-Cache-Status': 'DYNAMIC', 'Report-To': '{"endpoints":[{"url":"https:\\/\\/a.nel.cloudflare.com\\/report\\/v4?s=go%2BtrG8x5%2B19Cb1%2FKyeUz%2BWGG4mC7kQnnv0K6W%2BTIue%2F69NHrs5jGBzFLshErtmBW6eBp0HnaC5CuhRM1GDWeXeKE6v1fmpG4e%2BDlFVLDxJ28Dmgw%2BniAXZK8ml8tS%2B4"}],"group":"cf-nel","max_age":604800}', 'NEL': '{"success_fraction":0,"report_to":"cf-nel","max_age":604800}', 'Server': 'cloudflare', 'CF-RAY': '8adcbf836ab617d8-SJC', 'alt-svc': 'h3=":443"; ma=86400'} 
 body={"results":[{"gender":"female","name":{"title":"Ms","first":"Annabell","last":"Furulund"},"location":{"street":{"number":3373,"name":"Ragna Nielsens vei"},"city":"Reine","state":"Rogaland","country":"Norway","postcode":"4741","coordinates":{"latitude":"38.8414","longitude":"78.5905"},"timezone":{"offset":"+9:00","description":"Tokyo, Seoul, Osaka, Sapporo, Yakutsk"}},"email":"annabell.furulund@example.com","login":{"uuid":"13de5a9a-80f4-4997-a525-fde223307748","username":"goldenwolf850","password":"bigfish","salt":"d0sMKCjt","md5":"e62981728e4014571bd6f16ed7a77b84","sha1":"e745419bd6e957f5d300d412ee62b2b897e7d0c2","sha256":"65f4a1db98b54853927010e8a8993d3d8c55480202ec611d5484719bd13b2a6a"},"dob":{"date":"1995-01-26T06:14:30.418Z","age":29},"registered":{"date":"2005-09-01T17:50:19.158Z","age":18},"phone":"32044251","cell":"43873753","id":{"name":"FN","value":"26019534277"},"picture":{"large":"https://randomuser.me/api/portraits/women/17.jpg","medium":"https://randomuser.me/api/portraits/med/women/17.jpg","thumbnail":"https://randomuser.me/api/portraits/thumb/women/17.jpg"},"nat":"NO"}],"info":{"seed":"e0536867b0207c9a","results":1,"page":1,"version":"1.4"}} 
 </msg>
<msg time="2024-08-04T07:14:00.958779" level="INFO">/opt/hostedtoolcache/Python/3.12.4/x64/lib/python3.12/site-packages/urllib3/connectionpool.py:1099: InsecureRequestWarning: Unverified HTTPS request is being made to host 'randomuser.me'. Adding certificate verification is strongly advised. See: https://urllib3.readthedocs.io/en/latest/advanced-usage.html#tls-warnings
  warnings.warn(</msg>
<msg time="2024-08-04T07:14:00.958893" level="INFO">${response} = &lt;Response [200]&gt;</msg>
<var>${response}</var>
<arg>consultarAPI</arg>
<arg>/api</arg>
<doc>Sends a GET request on a previously created HTTP Session.</doc>
<status status="PASS" start="2024-08-04T07:14:00.865201" elapsed="0.093747"/>
</kw>
<kw name="Set Variable" owner="BuiltIn">
<msg time="2024-08-04T07:14:00.960033" level="INFO">${json_data} = {'results': [{'gender': 'female', 'name': {'title': 'Ms', 'first': 'Annabell', 'last': 'Furulund'}, 'location': {'street': {'number': 3373, 'name': 'Ragna Nielsens vei'}, 'city': 'Reine', 'state': 'Ro...</msg>
<var>${json_data}</var>
<arg>${response.json()}</arg>
<doc>Returns the given values which can then be assigned to a variables.</doc>
<status status="PASS" start="2024-08-04T07:14:00.959448" elapsed="0.000614"/>
</kw>
<kw name="Set Variable" owner="BuiltIn">
<msg time="2024-08-04T07:14:00.960752" level="INFO">${name_title} = Ms</msg>
<var>${name_title}</var>
<arg>${json_data["results"][0]["name"]["title"]}</arg>
<doc>Returns the given values which can then be assigned to a variables.</doc>
<status status="PASS" start="2024-08-04T07:14:00.960367" elapsed="0.000412"/>
</kw>
<kw name="Create List" owner="BuiltIn">
<msg time="2024-08-04T07:14:00.961224" level="INFO">${allowed_titles} = ['Mr', 'Ms', 'Miss', 'Mrs', 'Madame', 'Monsieur']</msg>
<var>${allowed_titles}</var>
<arg>Mr</arg>
<arg>Ms</arg>
<arg>Miss</arg>
<arg>Mrs</arg>
<arg>Madame</arg>
<arg>Monsieur</arg>
<doc>Returns a list containing given items.</doc>
<status status="PASS" start="2024-08-04T07:14:00.961076" elapsed="0.000172"/>
</kw>
<kw name="List Should Contain Value" owner="Collections">
<arg>${allowed_titles}</arg>
<arg>${name_title}</arg>
<doc>Fails if the ``value`` is not found from ``list``.</doc>
<status status="PASS" start="2024-08-04T07:14:00.961546" elapsed="0.000180"/>
</kw>
<kw name="Set Variable" owner="BuiltIn">
<msg time="2024-08-04T07:14:00.962313" level="INFO">${name_country} = NO</msg>
<var>${name_country}</var>
<arg>${json_data["results"][0]["nat"]}</arg>
<doc>Returns the given values which can then be assigned to a variables.</doc>
<status status="PASS" start="2024-08-04T07:14:00.961912" elapsed="0.000434"/>
</kw>
<kw name="Create List" owner="BuiltIn">
<msg time="2024-08-04T07:14:00.963230" level="INFO">${list_country} = ['AD', 'AE', 'AF', 'AG', 'AI', 'AL', 'AM', 'AO', 'AQ', 'AR', 'AS', 'AT', 'AU', 'AW', 'AX', 'AZ', 'BA', 'BB', 'BD', 'BE', 'BF', 'BG', 'BH', 'BI', 'BJ', 'BL', 'BM', 'BN', 'BO', 'BQ', 'BR', 'BS', 'BT', '...</msg>
<var>${list_country}</var>
<arg>AD</arg>
<arg>AE</arg>
<arg>AF</arg>
<arg>AG</arg>
<arg>AI</arg>
<arg>AL</arg>
<arg>AM</arg>
<arg>AO</arg>
<arg>AQ</arg>
<arg>AR</arg>
<arg>AS</arg>
<arg>AT</arg>
<arg>AU</arg>
<arg>AW</arg>
<arg>AX</arg>
<arg>AZ</arg>
<arg>BA</arg>
<arg>BB</arg>
<arg>BD</arg>
<arg>BE</arg>
<arg>BF</arg>
<arg>BG</arg>
<arg>BH</arg>
<arg>BI</arg>
<arg>BJ</arg>
<arg>BL</arg>
<arg>BM</arg>
<arg>BN</arg>
<arg>BO</arg>
<arg>BQ</arg>
<arg>BR</arg>
<arg>BS</arg>
<arg>BT</arg>
<arg>BV</arg>
<arg>BW</arg>
<arg>BY</arg>
<arg>BZ</arg>
<arg>CA</arg>
<arg>CC</arg>
<arg>CD</arg>
<arg>CF</arg>
<arg>CG</arg>
<arg>CH</arg>
<arg>CI</arg>
<arg>CK</arg>
<arg>CL</arg>
<arg>CM</arg>
<arg>CN</arg>
<arg>CO</arg>
<arg>CR</arg>
<arg>CU</arg>
<arg>CV</arg>
<arg>CW</arg>
<arg>CX</arg>
<arg>CY</arg>
<arg>CZ</arg>
<arg>DE</arg>
<arg>DJ</arg>
<arg>DK</arg>
<arg>DM</arg>
<arg>DO</arg>
<arg>DZ</arg>
<arg>EC</arg>
<arg>EE</arg>
<arg>EG</arg>
<arg>EH</arg>
<arg>ER</arg>
<arg>ES</arg>
<arg>ET</arg>
<arg>FI</arg>
<arg>FJ</arg>
<arg>FK</arg>
<arg>FM</arg>
<arg>FO</arg>
<arg>FR</arg>
<arg>GA</arg>
<arg>GB</arg>
<arg>GD</arg>
<arg>GE</arg>
<arg>GF</arg>
<arg>GG</arg>
<arg>GH</arg>
<arg>GI</arg>
<arg>GL</arg>
<arg>GM</arg>
<arg>GN</arg>
<arg>GP</arg>
<arg>GQ</arg>
<arg>GR</arg>
<arg>GS</arg>
<arg>GT</arg>
<arg>GU</arg>
<arg>GW</arg>
<arg>GY</arg>
<arg>HK</arg>
<arg>HM</arg>
<arg>HN</arg>
<arg>HR</arg>
<arg>HT</arg>
<arg>HU</arg>
<arg>ID</arg>
<arg>IE</arg>
<arg>IL</arg>
<arg>IM</arg>
<arg>IN</arg>
<arg>IO</arg>
<arg>IQ</arg>
<arg>IR</arg>
<arg>IS</arg>
<arg>IT</arg>
<arg>JE</arg>
<arg>JM</arg>
<arg>JO</arg>
<arg>JP</arg>
<arg>KE</arg>
<arg>KG</arg>
<arg>KH</arg>
<arg>KI</arg>
<arg>KM</arg>
<arg>KN</arg>
<arg>KP</arg>
<arg>KR</arg>
<arg>KW</arg>
<arg>KY</arg>
<arg>KZ</arg>
<arg>LA</arg>
<arg>LB</arg>
<arg>LC</arg>
<arg>LI</arg>
<arg>LK</arg>
<arg>LR</arg>
<arg>LS</arg>
<arg>LT</arg>
<arg>LU</arg>
<arg>LV</arg>
<arg>LY</arg>
<arg>MA</arg>
<arg>MC</arg>
<arg>MD</arg>
<arg>ME</arg>
<arg>MF</arg>
<arg>MG</arg>
<arg>MH</arg>
<arg>MK</arg>
<arg>ML</arg>
<arg>MM</arg>
<arg>MN</arg>
<arg>MO</arg>
<arg>MP</arg>
<arg>MQ</arg>
<arg>MR</arg>
<arg>MS</arg>
<arg>MT</arg>
<arg>MU</arg>
<arg>MV</arg>
<arg>MW</arg>
<arg>MX</arg>
<arg>MY</arg>
<arg>MZ</arg>
<arg>NA</arg>
<arg>NC</arg>
<arg>NE</arg>
<arg>NF</arg>
<arg>NG</arg>
<arg>NI</arg>
<arg>NL</arg>
<arg>NO</arg>
<arg>NP</arg>
<arg>NR</arg>
<arg>NU</arg>
<arg>NZ</arg>
<arg>OM</arg>
<arg>PA</arg>
<arg>PE</arg>
<arg>PF</arg>
<arg>PG</arg>
<arg>PH</arg>
<arg>PK</arg>
<arg>PL</arg>
<arg>PM</arg>
<arg>PN</arg>
<arg>PR</arg>
<arg>PS</arg>
<arg>PT</arg>
<arg>PW</arg>
<arg>PY</arg>
<arg>QA</arg>
<arg>RE</arg>
<arg>RO</arg>
<arg>RS</arg>
<arg>RU</arg>
<arg>RW</arg>
<arg>SA</arg>
<arg>SB</arg>
<arg>SC</arg>
<arg>SD</arg>
<arg>SE</arg>
<arg>SG</arg>
<arg>SH</arg>
<arg>SI</arg>
<arg>SJ</arg>
<arg>SK</arg>
<arg>SL</arg>
<arg>SM</arg>
<arg>SN</arg>
<arg>SO</arg>
<arg>SR</arg>
<arg>SS</arg>
<arg>ST</arg>
<arg>SV</arg>
<arg>SX</arg>
<arg>SY</arg>
<arg>SZ</arg>
<arg>TC</arg>
<arg>TD</arg>
<arg>TF</arg>
<arg>TG</arg>
<arg>TH</arg>
<arg>TJ</arg>
<arg>TK</arg>
<arg>TL</arg>
<arg>TM</arg>
<arg>TN</arg>
<arg>TO</arg>
<arg>TR</arg>
<arg>TT</arg>
<arg>TV</arg>
<arg>TW</arg>
<arg>TZ</arg>
<arg>UA</arg>
<arg>UG</arg>
<arg>UM</arg>
<arg>US</arg>
<arg>UY</arg>
<arg>UZ</arg>
<arg>VA</arg>
<arg>VC</arg>
<arg>VE</arg>
<arg>VG</arg>
<arg>VI</arg>
<arg>VN</arg>
<arg>VU</arg>
<arg>WF</arg>
<arg>WS</arg>
<arg>XK</arg>
<arg>YE</arg>
<arg>YT</arg>
<arg>ZA</arg>
<arg>ZM</arg>
<arg>ZW</arg>
<doc>Returns a list containing given items.</doc>
<status status="PASS" start="2024-08-04T07:14:00.962637" elapsed="0.000619"/>
</kw>
<kw name="List Should Contain Value" owner="Collections">
<arg>${list_country}</arg>
<arg>${name_country}</arg>
<doc>Fails if the ``value`` is not found from ``list``.</doc>
<status status="PASS" start="2024-08-04T07:14:00.964200" elapsed="0.000208"/>
</kw>
<kw name="Run Keyword If" owner="BuiltIn">
<kw name="Should Be True" owner="BuiltIn">
<arg>${True}</arg>
<doc>Fails if the given condition is not true.</doc>
<status status="PASS" start="2024-08-04T07:14:00.965343" elapsed="0.000144"/>
</kw>
<arg>${json_data["results"][0]["location"]["coordinates"]["latitude"]} &gt;= -90 and ${json_data["results"][0]["location"]["coordinates"]["latitude"]} &lt;= 90</arg>
<arg>Should Be True</arg>
<arg>${True}</arg>
<doc>Runs the given keyword with the given arguments, if ``condition`` is true.</doc>
<status status="PASS" start="2024-08-04T07:14:00.964603" elapsed="0.001009"/>
</kw>
<kw name="Run Keyword If" owner="BuiltIn">
<kw name="Should Be True" owner="BuiltIn">
<arg>${True}</arg>
<doc>Fails if the given condition is not true.</doc>
<status status="PASS" start="2024-08-04T07:14:00.966519" elapsed="0.000139"/>
</kw>
<arg>${json_data["results"][0]["location"]["coordinates"]["longitude"]} &gt;= -180 and ${json_data["results"][0]["location"]["coordinates"]["longitude"]} &lt;= 180</arg>
<arg>Should Be True</arg>
<arg>${True}</arg>
<doc>Runs the given keyword with the given arguments, if ``condition`` is true.</doc>
<status status="PASS" start="2024-08-04T07:14:00.965794" elapsed="0.000987"/>
</kw>
<status status="PASS" start="2024-08-04T07:14:00.864986" elapsed="0.101923"/>
</kw>
<doc>Testa o conteúdo específico dos campos retornados pela API.</doc>
<tag>testeConteudo</tag>
<status status="PASS" start="2024-08-04T07:14:00.864477" elapsed="0.102575"/>
</test>
<status status="PASS" start="2024-08-04T07:13:59.793317" elapsed="1.175671"/>
</suite>
<status status="PASS" start="2024-08-04T07:13:59.778451" elapsed="1.195618"/>
</suite>
<statistics>
<total>
<stat pass="5" fail="0" skip="0">All Tests</stat>
</total>
<tag>
<stat pass="1" fail="0" skip="0">testeConteudo</stat>
<stat pass="1" fail="0" skip="0">testeEstruturaResposta</stat>
<stat pass="1" fail="0" skip="0">testeRequisicaoBasica</stat>
<stat pass="1" fail="0" skip="0">testeTiposDados</stat>
</tag>
<suite>
<stat pass="5" fail="0" skip="0" id="s1" name="Tests">Tests</stat>
<stat pass="5" fail="0" skip="0" id="s1-s1" name="Random-User-Test">Tests.Random-User-Test</stat>
</suite>
</statistics>
<errors>
</errors>
</robot>
