<?xml version="1.0" encoding="UTF-8"?>
<robot generator="Robot 7.0.1 (Python 3.12.4 on linux)" generated="2024-08-03T18:20:10.934511" rpa="false" schemaversion="5">
<suite id="s1" name="Tests" source="/home/runner/work/ApiRandomUser/ApiRandomUser/RamdonUser/tests">
<suite id="s1-s1" name="Random-User-Test" source="/home/runner/work/ApiRandomUser/ApiRandomUser/RamdonUser/tests/random-user-test.robot">
<test id="s1-s1-t1" name="Conectar" line="13">
<kw name="Conectar API" owner="random-user-service">
<kw name="Create Session" owner="RequestsLibrary">
<msg time="2024-08-03T18:20:11.339021" level="INFO">Creating Session using : alias=consultarAPI, url=https://randomuser.me/, headers={},                     cookies={}, auth=None, timeout=None, proxies=None, verify=False,                     debug=0 </msg>
<arg>consultarAPI</arg>
<arg>${URL}</arg>
<doc>Create Session: create a HTTP session to a server</doc>
<status status="PASS" start="2024-08-03T18:20:11.338816" elapsed="0.000390"/>
</kw>
<status status="PASS" start="2024-08-03T18:20:11.337769" elapsed="0.001846"/>
</kw>
<status status="PASS" start="2024-08-03T18:20:11.337109" elapsed="0.002699"/>
</test>
<test id="s1-s1-t2" name="Validar retorno 200 e JSON Válido" line="16">
<kw name="Teste de Requisicao Basica" owner="random-user-service">
<kw name="GET On Session" owner="RequestsLibrary">
<msg time="2024-08-03T18:20:11.687438" level="INFO">GET Request : url=https://randomuser.me/api 
 path_url=/api 
 headers={'User-Agent': 'python-requests/2.32.3', 'Accept-Encoding': 'gzip, deflate', 'Accept': '*/*', 'Connection': 'keep-alive'} 
 body=None 
 </msg>
<msg time="2024-08-03T18:20:11.687607" level="INFO">GET Response : url=https://randomuser.me/api 
 status=200, reason=OK 
 headers={'Date': 'Sat, 03 Aug 2024 18:20:11 GMT', 'Content-Type': 'application/json; charset=utf-8', 'Transfer-Encoding': 'chunked', 'Connection': 'keep-alive', 'X-Powered-By': 'Express', 'Access-Control-Allow-Origin': '*', 'Cache-Control': 'no-cache', 'ETag': 'W/"48c-MSnshxklBwj7HzQ9J74Sbqdly/U"', 'Vary': 'Accept-Encoding', 'Content-Encoding': 'gzip', 'CF-Cache-Status': 'DYNAMIC', 'Report-To': '{"endpoints":[{"url":"https:\\/\\/a.nel.cloudflare.com\\/report\\/v4?s=jf%2Fmi5I9aDL0Okoa91YLQegz4Uci6hdeiu8JOIuOSE4OODWPkmN3W4VpS6B30rxA5ywdEthySS%2FSs59NhJTwC4mtltmZtMsOOBRxZ%2BM76GrZ2eoWGkzQhoV3IHZHx8s1"}],"group":"cf-nel","max_age":604800}', 'NEL': '{"success_fraction":0,"report_to":"cf-nel","max_age":604800}', 'Server': 'cloudflare', 'CF-RAY': '8ad851fc9f5258ae-IAD', 'alt-svc': 'h3=":443"; ma=86400'} 
 body={"results":[{"gender":"male","name":{"title":"Mr","first":"Darrell","last":"Wells"},"location":{"street":{"number":9277,"name":"Mcclellan Rd"},"city":"Princeton","state":"Illinois","country":"United States","postcode":42456,"coordinates":{"latitude":"85.6083","longitude":"-17.3324"},"timezone":{"offset":"-1:00","description":"Azores, Cape Verde Islands"}},"email":"darrell.wells@example.com","login":{"uuid":"3f6e7b45-ac80-45f0-a8c0-805a31d5b060","username":"smallbird589","password":"lestat","salt":"NVFcu0bN","md5":"d22f75ed27c8e7f6554fea21d2cb4e71","sha1":"7d5afa5d5ed4b1252e67e973b34d3cda51b894c1","sha256":"d12c4e1927fe281c126d39f48c1c8accd499703033736c13414a3bcf7c01de68"},"dob":{"date":"1947-11-12T01:06:33.572Z","age":76},"registered":{"date":"2009-07-08T15:33:16.727Z","age":15},"phone":"(308) 470-4020","cell":"(489) 725-2947","id":{"name":"SSN","value":"394-29-2411"},"picture":{"large":"https://randomuser.me/api/portraits/men/65.jpg","medium":"https://randomuser.me/api/portraits/med/men/65.jpg","thumbnail":"https://randomuser.me/api/portraits/thumb/men/65.jpg"},"nat":"US"}],"info":{"seed":"08d5623f97a574f7","results":1,"page":1,"version":"1.4"}} 
 </msg>
<msg time="2024-08-03T18:20:11.687691" level="INFO">/opt/hostedtoolcache/Python/3.12.4/x64/lib/python3.12/site-packages/urllib3/connectionpool.py:1099: InsecureRequestWarning: Unverified HTTPS request is being made to host 'randomuser.me'. Adding certificate verification is strongly advised. See: https://urllib3.readthedocs.io/en/latest/advanced-usage.html#tls-warnings
  warnings.warn(</msg>
<msg time="2024-08-03T18:20:11.687826" level="INFO">${response} = &lt;Response [200]&gt;</msg>
<var>${response}</var>
<arg>consultarAPI</arg>
<arg>/api</arg>
<doc>Sends a GET request on a previously created HTTP Session.</doc>
<status status="PASS" start="2024-08-03T18:20:11.342434" elapsed="0.345433"/>
</kw>
<kw name="Should Be Equal As Numbers" owner="BuiltIn">
<msg time="2024-08-03T18:20:11.688838" level="INFO">Argument types are:
&lt;class 'int'&gt;
&lt;class 'str'&gt;</msg>
<arg>${response.status_code}</arg>
<arg>200</arg>
<doc>Fails if objects are unequal after converting them to real numbers.</doc>
<status status="PASS" start="2024-08-03T18:20:11.688385" elapsed="0.000519"/>
</kw>
<kw name="Log" owner="BuiltIn">
<msg time="2024-08-03T18:20:11.689551" level="INFO">200</msg>
<arg>${response.status_code}</arg>
<doc>Logs the given message with the given level.</doc>
<status status="PASS" start="2024-08-03T18:20:11.689211" elapsed="0.000380"/>
</kw>
<kw name="Set Variable" owner="BuiltIn">
<msg time="2024-08-03T18:20:11.690322" level="INFO">${json_data} = {'results': [{'gender': 'male', 'name': {'title': 'Mr', 'first': 'Darrell', 'last': 'Wells'}, 'location': {'street': {'number': 9277, 'name': 'Mcclellan Rd'}, 'city': 'Princeton', 'state': 'Illinois',...</msg>
<var>${json_data}</var>
<arg>${response.json()}</arg>
<doc>Returns the given values which can then be assigned to a variables.</doc>
<status status="PASS" start="2024-08-03T18:20:11.689893" elapsed="0.000457"/>
</kw>
<kw name="Dictionary Should Contain Key" owner="Collections">
<arg>${json_data}</arg>
<arg>results</arg>
<doc>Fails if ``key`` is not found from ``dictionary``.</doc>
<status status="PASS" start="2024-08-03T18:20:11.690643" elapsed="0.000321"/>
</kw>
<status status="PASS" start="2024-08-03T18:20:11.342193" elapsed="0.348924"/>
</kw>
<doc>Testa se a API responde corretamente e retorna um objeto JSON válido.</doc>
<tag>testeRequisicaoBasica</tag>
<status status="PASS" start="2024-08-03T18:20:11.341657" elapsed="0.349658"/>
</test>
<test id="s1-s1-t3" name="Validar estrutura de resposta" line="22">
<kw name="Teste de Estrutura de Resposta" owner="random-user-service">
<kw name="GET On Session" owner="RequestsLibrary">
<msg time="2024-08-03T18:20:11.750150" level="INFO">GET Request : url=https://randomuser.me/api 
 path_url=/api 
 headers={'User-Agent': 'python-requests/2.32.3', 'Accept-Encoding': 'gzip, deflate', 'Accept': '*/*', 'Connection': 'keep-alive'} 
 body=None 
 </msg>
<msg time="2024-08-03T18:20:11.750239" level="INFO">GET Response : url=https://randomuser.me/api 
 status=200, reason=OK 
 headers={'Date': 'Sat, 03 Aug 2024 18:20:11 GMT', 'Content-Type': 'application/json; charset=utf-8', 'Transfer-Encoding': 'chunked', 'Connection': 'keep-alive', 'X-Powered-By': 'Express', 'Access-Control-Allow-Origin': '*', 'Cache-Control': 'no-cache', 'ETag': 'W/"4a6-+DPxJ/8OB8C8AwIPaYfHQy6EWpQ"', 'Vary': 'Accept-Encoding', 'Content-Encoding': 'gzip', 'CF-Cache-Status': 'DYNAMIC', 'Report-To': '{"endpoints":[{"url":"https:\\/\\/a.nel.cloudflare.com\\/report\\/v4?s=FC5brD7aDjjRUCvbU553MkFIVFW3Ypn6DTbwzbquKXAqxkkzvNf8sh3OZfAmOtsYEQBsbWN069ncz8bqXbEpni40o8cyoOBi%2FLO4ePjYAJ1wbYYaE4E%2Fo1wUaM7StJAe"}],"group":"cf-nel","max_age":604800}', 'NEL': '{"success_fraction":0,"report_to":"cf-nel","max_age":604800}', 'Server': 'cloudflare', 'CF-RAY': '8ad851fd1faa58ae-IAD', 'alt-svc': 'h3=":443"; ma=86400'} 
 body={"results":[{"gender":"female","name":{"title":"Ms","first":"Eugenia","last":"Rodríguez"},"location":{"street":{"number":1789,"name":"Calle de La Democracia"},"city":"Alicante","state":"País Vasco","country":"Spain","postcode":39764,"coordinates":{"latitude":"-33.2811","longitude":"157.7176"},"timezone":{"offset":"+3:00","description":"Baghdad, Riyadh, Moscow, St. Petersburg"}},"email":"eugenia.rodriguez@example.com","login":{"uuid":"5ce8280e-5ebb-427a-b1de-8f011dbe3c9c","username":"whitelion958","password":"skyline","salt":"5QSjDO9f","md5":"65de8b5b273d34a48acfd9268bc4cf5c","sha1":"2ac75c72ce8eeb22289b2c50df0236c1445de85b","sha256":"837976a8f52e3c734e5ad01c9dc2b0d23b92105e038492835938cf34b900c380"},"dob":{"date":"1947-08-11T02:10:19.584Z","age":76},"registered":{"date":"2004-04-09T22:14:32.327Z","age":20},"phone":"987-917-583","cell":"620-027-632","id":{"name":"DNI","value":"81459771-I"},"picture":{"large":"https://randomuser.me/api/portraits/women/8.jpg","medium":"https://randomuser.me/api/portraits/med/women/8.jpg","thumbnail":"https://randomuser.me/api/portraits/thumb/women/8.jpg"},"nat":"ES"}],"info":{"seed":"3d9fc667ad5725cc","results":1,"page":1,"version":"1.4"}} 
 </msg>
<msg time="2024-08-03T18:20:11.750373" level="INFO">/opt/hostedtoolcache/Python/3.12.4/x64/lib/python3.12/site-packages/urllib3/connectionpool.py:1099: InsecureRequestWarning: Unverified HTTPS request is being made to host 'randomuser.me'. Adding certificate verification is strongly advised. See: https://urllib3.readthedocs.io/en/latest/advanced-usage.html#tls-warnings
  warnings.warn(</msg>
<msg time="2024-08-03T18:20:11.750510" level="INFO">${response} = &lt;Response [200]&gt;</msg>
<var>${response}</var>
<arg>consultarAPI</arg>
<arg>/api</arg>
<doc>Sends a GET request on a previously created HTTP Session.</doc>
<status status="PASS" start="2024-08-03T18:20:11.693977" elapsed="0.056589"/>
</kw>
<kw name="Set Variable" owner="BuiltIn">
<msg time="2024-08-03T18:20:11.751823" level="INFO">${json_data} = {'results': [{'gender': 'female', 'name': {'title': 'Ms', 'first': 'Eugenia', 'last': 'Rodríguez'}, 'location': {'street': {'number': 1789, 'name': 'Calle de La Democracia'}, 'city': 'Alicante', 'stat...</msg>
<var>${json_data}</var>
<arg>${response.json()}</arg>
<doc>Returns the given values which can then be assigned to a variables.</doc>
<status status="PASS" start="2024-08-03T18:20:11.751100" elapsed="0.000755"/>
</kw>
<kw name="Log" owner="BuiltIn">
<msg time="2024-08-03T18:20:11.752322" level="INFO">{'results': [{'gender': 'female', 'name': {'title': 'Ms', 'first': 'Eugenia', 'last': 'Rodríguez'}, 'location': {'street': {'number': 1789, 'name': 'Calle de La Democracia'}, 'city': 'Alicante', 'state': 'País Vasco', 'country': 'Spain', 'postcode': 39764, 'coordinates': {'latitude': '-33.2811', 'longitude': '157.7176'}, 'timezone': {'offset': '+3:00', 'description': 'Baghdad, Riyadh, Moscow, St. Petersburg'}}, 'email': 'eugenia.rodriguez@example.com', 'login': {'uuid': '5ce8280e-5ebb-427a-b1de-8f011dbe3c9c', 'username': 'whitelion958', 'password': 'skyline', 'salt': '5QSjDO9f', 'md5': '65de8b5b273d34a48acfd9268bc4cf5c', 'sha1': '2ac75c72ce8eeb22289b2c50df0236c1445de85b', 'sha256': '837976a8f52e3c734e5ad01c9dc2b0d23b92105e038492835938cf34b900c380'}, 'dob': {'date': '1947-08-11T02:10:19.584Z', 'age': 76}, 'registered': {'date': '2004-04-09T22:14:32.327Z', 'age': 20}, 'phone': '987-917-583', 'cell': '620-027-632', 'id': {'name': 'DNI', 'value': '81459771-I'}, 'picture': {'large': 'https://randomuser.me/api/portraits/women/8.jpg', 'medium': 'https://randomuser.me/api/portraits/med/women/8.jpg', 'thumbnail': 'https://randomuser.me/api/portraits/thumb/women/8.jpg'}, 'nat': 'ES'}], 'info': {'seed': '3d9fc667ad5725cc', 'results': 1, 'page': 1, 'version': '1.4'}}</msg>
<arg>${json_data}</arg>
<doc>Logs the given message with the given level.</doc>
<status status="PASS" start="2024-08-03T18:20:11.752162" elapsed="0.000212"/>
</kw>
<kw name="Dictionary Should Contain Key" owner="Collections">
<arg>${json_data}</arg>
<arg>results</arg>
<doc>Fails if ``key`` is not found from ``dictionary``.</doc>
<status status="PASS" start="2024-08-03T18:20:11.752669" elapsed="0.000172"/>
</kw>
<kw name="Should Not Be Empty" owner="BuiltIn">
<msg time="2024-08-03T18:20:11.753157" level="INFO">Length is 2.</msg>
<arg>${json_data}</arg>
<doc>Verifies that the given item is not empty.</doc>
<status status="PASS" start="2024-08-03T18:20:11.753024" elapsed="0.000170"/>
</kw>
<kw name="Create List" owner="BuiltIn">
<msg time="2024-08-03T18:20:11.753628" level="INFO">${expected_keys} = ['gender', 'name', 'location', 'email', 'login']</msg>
<var>${expected_keys}</var>
<arg>gender</arg>
<arg>name</arg>
<arg>location</arg>
<arg>email</arg>
<arg>login</arg>
<doc>Returns a list containing given items.</doc>
<status status="PASS" start="2024-08-03T18:20:11.753481" elapsed="0.000171"/>
</kw>
<for flavor="IN">
<iter>
<kw name="Dictionary Should Contain Key" owner="Collections">
<arg>${json_data['results'][0]}</arg>
<arg>${key}</arg>
<doc>Fails if ``key`` is not found from ``dictionary``.</doc>
<status status="PASS" start="2024-08-03T18:20:11.754220" elapsed="0.000397"/>
</kw>
<kw name="Log" owner="BuiltIn">
<msg time="2024-08-03T18:20:11.755178" level="INFO">{'gender': 'female', 'name': {'title': 'Ms', 'first': 'Eugenia', 'last': 'Rodríguez'}, 'location': {'street': {'number': 1789, 'name': 'Calle de La Democracia'}, 'city': 'Alicante', 'state': 'País Vasco', 'country': 'Spain', 'postcode': 39764, 'coordinates': {'latitude': '-33.2811', 'longitude': '157.7176'}, 'timezone': {'offset': '+3:00', 'description': 'Baghdad, Riyadh, Moscow, St. Petersburg'}}, 'email': 'eugenia.rodriguez@example.com', 'login': {'uuid': '5ce8280e-5ebb-427a-b1de-8f011dbe3c9c', 'username': 'whitelion958', 'password': 'skyline', 'salt': '5QSjDO9f', 'md5': '65de8b5b273d34a48acfd9268bc4cf5c', 'sha1': '2ac75c72ce8eeb22289b2c50df0236c1445de85b', 'sha256': '837976a8f52e3c734e5ad01c9dc2b0d23b92105e038492835938cf34b900c380'}, 'dob': {'date': '1947-08-11T02:10:19.584Z', 'age': 76}, 'registered': {'date': '2004-04-09T22:14:32.327Z', 'age': 20}, 'phone': '987-917-583', 'cell': '620-027-632', 'id': {'name': 'DNI', 'value': '81459771-I'}, 'picture': {'large': 'https://randomuser.me/api/portraits/women/8.jpg', 'medium': 'https://randomuser.me/api/portraits/med/women/8.jpg', 'thumbnail': 'https://randomuser.me/api/portraits/thumb/women/8.jpg'}, 'nat': 'ES'}</msg>
<arg>${json_data['results'][0]}</arg>
<doc>Logs the given message with the given level.</doc>
<status status="PASS" start="2024-08-03T18:20:11.754811" elapsed="0.000450"/>
</kw>
<kw name="Log" owner="BuiltIn">
<msg time="2024-08-03T18:20:11.755707" level="INFO">gender</msg>
<arg>${key}</arg>
<doc>Logs the given message with the given level.</doc>
<status status="PASS" start="2024-08-03T18:20:11.755575" elapsed="0.000171"/>
</kw>
<var name="${key}">gender</var>
<status status="PASS" start="2024-08-03T18:20:11.754090" elapsed="0.001874"/>
</iter>
<iter>
<kw name="Dictionary Should Contain Key" owner="Collections">
<arg>${json_data['results'][0]}</arg>
<arg>${key}</arg>
<doc>Fails if ``key`` is not found from ``dictionary``.</doc>
<status status="PASS" start="2024-08-03T18:20:11.756268" elapsed="0.000401"/>
</kw>
<kw name="Log" owner="BuiltIn">
<msg time="2024-08-03T18:20:11.757244" level="INFO">{'gender': 'female', 'name': {'title': 'Ms', 'first': 'Eugenia', 'last': 'Rodríguez'}, 'location': {'street': {'number': 1789, 'name': 'Calle de La Democracia'}, 'city': 'Alicante', 'state': 'País Vasco', 'country': 'Spain', 'postcode': 39764, 'coordinates': {'latitude': '-33.2811', 'longitude': '157.7176'}, 'timezone': {'offset': '+3:00', 'description': 'Baghdad, Riyadh, Moscow, St. Petersburg'}}, 'email': 'eugenia.rodriguez@example.com', 'login': {'uuid': '5ce8280e-5ebb-427a-b1de-8f011dbe3c9c', 'username': 'whitelion958', 'password': 'skyline', 'salt': '5QSjDO9f', 'md5': '65de8b5b273d34a48acfd9268bc4cf5c', 'sha1': '2ac75c72ce8eeb22289b2c50df0236c1445de85b', 'sha256': '837976a8f52e3c734e5ad01c9dc2b0d23b92105e038492835938cf34b900c380'}, 'dob': {'date': '1947-08-11T02:10:19.584Z', 'age': 76}, 'registered': {'date': '2004-04-09T22:14:32.327Z', 'age': 20}, 'phone': '987-917-583', 'cell': '620-027-632', 'id': {'name': 'DNI', 'value': '81459771-I'}, 'picture': {'large': 'https://randomuser.me/api/portraits/women/8.jpg', 'medium': 'https://randomuser.me/api/portraits/med/women/8.jpg', 'thumbnail': 'https://randomuser.me/api/portraits/thumb/women/8.jpg'}, 'nat': 'ES'}</msg>
<arg>${json_data['results'][0]}</arg>
<doc>Logs the given message with the given level.</doc>
<status status="PASS" start="2024-08-03T18:20:11.756852" elapsed="0.000443"/>
</kw>
<kw name="Log" owner="BuiltIn">
<msg time="2024-08-03T18:20:11.757720" level="INFO">name</msg>
<arg>${key}</arg>
<doc>Logs the given message with the given level.</doc>
<status status="PASS" start="2024-08-03T18:20:11.757591" elapsed="0.000167"/>
</kw>
<var name="${key}">name</var>
<status status="PASS" start="2024-08-03T18:20:11.756151" elapsed="0.001820"/>
</iter>
<iter>
<kw name="Dictionary Should Contain Key" owner="Collections">
<arg>${json_data['results'][0]}</arg>
<arg>${key}</arg>
<doc>Fails if ``key`` is not found from ``dictionary``.</doc>
<status status="PASS" start="2024-08-03T18:20:11.758253" elapsed="0.000384"/>
</kw>
<kw name="Log" owner="BuiltIn">
<msg time="2024-08-03T18:20:11.759185" level="INFO">{'gender': 'female', 'name': {'title': 'Ms', 'first': 'Eugenia', 'last': 'Rodríguez'}, 'location': {'street': {'number': 1789, 'name': 'Calle de La Democracia'}, 'city': 'Alicante', 'state': 'País Vasco', 'country': 'Spain', 'postcode': 39764, 'coordinates': {'latitude': '-33.2811', 'longitude': '157.7176'}, 'timezone': {'offset': '+3:00', 'description': 'Baghdad, Riyadh, Moscow, St. Petersburg'}}, 'email': 'eugenia.rodriguez@example.com', 'login': {'uuid': '5ce8280e-5ebb-427a-b1de-8f011dbe3c9c', 'username': 'whitelion958', 'password': 'skyline', 'salt': '5QSjDO9f', 'md5': '65de8b5b273d34a48acfd9268bc4cf5c', 'sha1': '2ac75c72ce8eeb22289b2c50df0236c1445de85b', 'sha256': '837976a8f52e3c734e5ad01c9dc2b0d23b92105e038492835938cf34b900c380'}, 'dob': {'date': '1947-08-11T02:10:19.584Z', 'age': 76}, 'registered': {'date': '2004-04-09T22:14:32.327Z', 'age': 20}, 'phone': '987-917-583', 'cell': '620-027-632', 'id': {'name': 'DNI', 'value': '81459771-I'}, 'picture': {'large': 'https://randomuser.me/api/portraits/women/8.jpg', 'medium': 'https://randomuser.me/api/portraits/med/women/8.jpg', 'thumbnail': 'https://randomuser.me/api/portraits/thumb/women/8.jpg'}, 'nat': 'ES'}</msg>
<arg>${json_data['results'][0]}</arg>
<doc>Logs the given message with the given level.</doc>
<status status="PASS" start="2024-08-03T18:20:11.758829" elapsed="0.000436"/>
</kw>
<kw name="Log" owner="BuiltIn">
<msg time="2024-08-03T18:20:11.759720" level="INFO">location</msg>
<arg>${key}</arg>
<doc>Logs the given message with the given level.</doc>
<status status="PASS" start="2024-08-03T18:20:11.759590" elapsed="0.000167"/>
</kw>
<var name="${key}">location</var>
<status status="PASS" start="2024-08-03T18:20:11.758146" elapsed="0.001834"/>
</iter>
<iter>
<kw name="Dictionary Should Contain Key" owner="Collections">
<arg>${json_data['results'][0]}</arg>
<arg>${key}</arg>
<doc>Fails if ``key`` is not found from ``dictionary``.</doc>
<status status="PASS" start="2024-08-03T18:20:11.760255" elapsed="0.000386"/>
</kw>
<kw name="Log" owner="BuiltIn">
<msg time="2024-08-03T18:20:11.761283" level="INFO">{'gender': 'female', 'name': {'title': 'Ms', 'first': 'Eugenia', 'last': 'Rodríguez'}, 'location': {'street': {'number': 1789, 'name': 'Calle de La Democracia'}, 'city': 'Alicante', 'state': 'País Vasco', 'country': 'Spain', 'postcode': 39764, 'coordinates': {'latitude': '-33.2811', 'longitude': '157.7176'}, 'timezone': {'offset': '+3:00', 'description': 'Baghdad, Riyadh, Moscow, St. Petersburg'}}, 'email': 'eugenia.rodriguez@example.com', 'login': {'uuid': '5ce8280e-5ebb-427a-b1de-8f011dbe3c9c', 'username': 'whitelion958', 'password': 'skyline', 'salt': '5QSjDO9f', 'md5': '65de8b5b273d34a48acfd9268bc4cf5c', 'sha1': '2ac75c72ce8eeb22289b2c50df0236c1445de85b', 'sha256': '837976a8f52e3c734e5ad01c9dc2b0d23b92105e038492835938cf34b900c380'}, 'dob': {'date': '1947-08-11T02:10:19.584Z', 'age': 76}, 'registered': {'date': '2004-04-09T22:14:32.327Z', 'age': 20}, 'phone': '987-917-583', 'cell': '620-027-632', 'id': {'name': 'DNI', 'value': '81459771-I'}, 'picture': {'large': 'https://randomuser.me/api/portraits/women/8.jpg', 'medium': 'https://randomuser.me/api/portraits/med/women/8.jpg', 'thumbnail': 'https://randomuser.me/api/portraits/thumb/women/8.jpg'}, 'nat': 'ES'}</msg>
<arg>${json_data['results'][0]}</arg>
<doc>Logs the given message with the given level.</doc>
<status status="PASS" start="2024-08-03T18:20:11.760929" elapsed="0.000403"/>
</kw>
<kw name="Log" owner="BuiltIn">
<msg time="2024-08-03T18:20:11.761758" level="INFO">email</msg>
<arg>${key}</arg>
<doc>Logs the given message with the given level.</doc>
<status status="PASS" start="2024-08-03T18:20:11.761629" elapsed="0.000168"/>
</kw>
<var name="${key}">email</var>
<status status="PASS" start="2024-08-03T18:20:11.760148" elapsed="0.001865"/>
</iter>
<iter>
<kw name="Dictionary Should Contain Key" owner="Collections">
<arg>${json_data['results'][0]}</arg>
<arg>${key}</arg>
<doc>Fails if ``key`` is not found from ``dictionary``.</doc>
<status status="PASS" start="2024-08-03T18:20:11.762297" elapsed="0.000377"/>
</kw>
<kw name="Log" owner="BuiltIn">
<msg time="2024-08-03T18:20:11.763258" level="INFO">{'gender': 'female', 'name': {'title': 'Ms', 'first': 'Eugenia', 'last': 'Rodríguez'}, 'location': {'street': {'number': 1789, 'name': 'Calle de La Democracia'}, 'city': 'Alicante', 'state': 'País Vasco', 'country': 'Spain', 'postcode': 39764, 'coordinates': {'latitude': '-33.2811', 'longitude': '157.7176'}, 'timezone': {'offset': '+3:00', 'description': 'Baghdad, Riyadh, Moscow, St. Petersburg'}}, 'email': 'eugenia.rodriguez@example.com', 'login': {'uuid': '5ce8280e-5ebb-427a-b1de-8f011dbe3c9c', 'username': 'whitelion958', 'password': 'skyline', 'salt': '5QSjDO9f', 'md5': '65de8b5b273d34a48acfd9268bc4cf5c', 'sha1': '2ac75c72ce8eeb22289b2c50df0236c1445de85b', 'sha256': '837976a8f52e3c734e5ad01c9dc2b0d23b92105e038492835938cf34b900c380'}, 'dob': {'date': '1947-08-11T02:10:19.584Z', 'age': 76}, 'registered': {'date': '2004-04-09T22:14:32.327Z', 'age': 20}, 'phone': '987-917-583', 'cell': '620-027-632', 'id': {'name': 'DNI', 'value': '81459771-I'}, 'picture': {'large': 'https://randomuser.me/api/portraits/women/8.jpg', 'medium': 'https://randomuser.me/api/portraits/med/women/8.jpg', 'thumbnail': 'https://randomuser.me/api/portraits/thumb/women/8.jpg'}, 'nat': 'ES'}</msg>
<arg>${json_data['results'][0]}</arg>
<doc>Logs the given message with the given level.</doc>
<status status="PASS" start="2024-08-03T18:20:11.762861" elapsed="0.000459"/>
</kw>
<kw name="Log" owner="BuiltIn">
<msg time="2024-08-03T18:20:11.763757" level="INFO">login</msg>
<arg>${key}</arg>
<doc>Logs the given message with the given level.</doc>
<status status="PASS" start="2024-08-03T18:20:11.763629" elapsed="0.000164"/>
</kw>
<var name="${key}">login</var>
<status status="PASS" start="2024-08-03T18:20:11.762188" elapsed="0.001819"/>
</iter>
<var>${key}</var>
<value>@{expected_keys}</value>
<status status="PASS" start="2024-08-03T18:20:11.753909" elapsed="0.010216"/>
</for>
<kw name="Create List" owner="BuiltIn">
<msg time="2024-08-03T18:20:11.764475" level="INFO">${expected_keysTwo} = ['username', 'password']</msg>
<var>${expected_keysTwo}</var>
<arg>username</arg>
<arg>password</arg>
<doc>Returns a list containing given items.</doc>
<status status="PASS" start="2024-08-03T18:20:11.764338" elapsed="0.000160"/>
</kw>
<for flavor="IN">
<iter>
<kw name="Dictionary Should Contain Key" owner="Collections">
<arg>${json_data['results'][0]['login']}</arg>
<arg>${keyTwo}</arg>
<doc>Fails if ``key`` is not found from ``dictionary``.</doc>
<status status="PASS" start="2024-08-03T18:20:11.764993" elapsed="0.000383"/>
</kw>
<kw name="Dictionary Should Contain Key" owner="Collections">
<arg>${json_data['results'][0]['login']}</arg>
<arg>${keyTwo}</arg>
<doc>Fails if ``key`` is not found from ``dictionary``.</doc>
<status status="PASS" start="2024-08-03T18:20:11.765589" elapsed="0.000396"/>
</kw>
<kw name="Log" owner="BuiltIn">
<msg time="2024-08-03T18:20:11.766278" level="INFO">username</msg>
<arg>${keyTwo}</arg>
<doc>Logs the given message with the given level.</doc>
<status status="PASS" start="2024-08-03T18:20:11.766161" elapsed="0.000154"/>
</kw>
<var name="${keyTwo}">username</var>
<status status="PASS" start="2024-08-03T18:20:11.764887" elapsed="0.001647"/>
</iter>
<iter>
<kw name="Dictionary Should Contain Key" owner="Collections">
<arg>${json_data['results'][0]['login']}</arg>
<arg>${keyTwo}</arg>
<doc>Fails if ``key`` is not found from ``dictionary``.</doc>
<status status="PASS" start="2024-08-03T18:20:11.766808" elapsed="0.000381"/>
</kw>
<kw name="Dictionary Should Contain Key" owner="Collections">
<arg>${json_data['results'][0]['login']}</arg>
<arg>${keyTwo}</arg>
<doc>Fails if ``key`` is not found from ``dictionary``.</doc>
<status status="PASS" start="2024-08-03T18:20:11.767409" elapsed="0.000371"/>
</kw>
<kw name="Log" owner="BuiltIn">
<msg time="2024-08-03T18:20:11.768073" level="INFO">password</msg>
<arg>${keyTwo}</arg>
<doc>Logs the given message with the given level.</doc>
<status status="PASS" start="2024-08-03T18:20:11.767956" elapsed="0.000153"/>
</kw>
<var name="${keyTwo}">password</var>
<status status="PASS" start="2024-08-03T18:20:11.766703" elapsed="0.001625"/>
</iter>
<var>${keyTwo}</var>
<value>@{expected_keysTwo}</value>
<status status="PASS" start="2024-08-03T18:20:11.764736" elapsed="0.003714"/>
</for>
<status status="PASS" start="2024-08-03T18:20:11.693737" elapsed="0.074852"/>
</kw>
<doc>Testa a estrutura da resposta da API.</doc>
<tag>testeEstruturaResposta</tag>
<status status="PASS" start="2024-08-03T18:20:11.693134" elapsed="0.075603"/>
</test>
<test id="s1-s1-t4" name="Validar tipos de dados" line="28">
<kw name="Teste de Tipos de Dados" owner="random-user-service">
<kw name="GET On Session" owner="RequestsLibrary">
<msg time="2024-08-03T18:20:11.848159" level="INFO">GET Request : url=https://randomuser.me/api 
 path_url=/api 
 headers={'User-Agent': 'python-requests/2.32.3', 'Accept-Encoding': 'gzip, deflate', 'Accept': '*/*', 'Connection': 'keep-alive'} 
 body=None 
 </msg>
<msg time="2024-08-03T18:20:11.848261" level="INFO">GET Response : url=https://randomuser.me/api 
 status=200, reason=OK 
 headers={'Date': 'Sat, 03 Aug 2024 18:20:11 GMT', 'Content-Type': 'application/json; charset=utf-8', 'Transfer-Encoding': 'chunked', 'Connection': 'keep-alive', 'X-Powered-By': 'Express', 'Access-Control-Allow-Origin': '*', 'Cache-Control': 'no-cache', 'ETag': 'W/"492-6qQjPVLnWoeD7jCWnHJ6TSXaz14"', 'Vary': 'Accept-Encoding', 'Content-Encoding': 'gzip', 'CF-Cache-Status': 'DYNAMIC', 'Report-To': '{"endpoints":[{"url":"https:\\/\\/a.nel.cloudflare.com\\/report\\/v4?s=akKa4Mhk2CMPxOkeFT393u97HjPVk2fGwbsuXa5BXhccZ3w%2BF3%2FlJVt%2BllAIMaKs6MAgLvcpPdWyWkUskhidGblgTBzqHw9uxtAO4SoSjTSaVxPvu22bfAlYiVXAxNiE"}],"group":"cf-nel","max_age":604800}', 'NEL': '{"success_fraction":0,"report_to":"cf-nel","max_age":604800}', 'Server': 'cloudflare', 'CF-RAY': '8ad851fd9fff58ae-IAD', 'alt-svc': 'h3=":443"; ma=86400'} 
 body={"results":[{"gender":"female","name":{"title":"Mrs","first":"Leyla","last":"Naujoks"},"location":{"street":{"number":4428,"name":"Fasanenweg"},"city":"Erfurt","state":"Hamburg","country":"Germany","postcode":12082,"coordinates":{"latitude":"-51.0818","longitude":"176.1108"},"timezone":{"offset":"+5:30","description":"Bombay, Calcutta, Madras, New Delhi"}},"email":"leyla.naujoks@example.com","login":{"uuid":"99ab7435-0706-473d-84d3-fc3a5355834c","username":"brownzebra795","password":"sims","salt":"CbAEm2Ht","md5":"4f8e9e4e18e33a1663408e06418d85d6","sha1":"64001352d0ba146859722e3a284870fbcb6773d0","sha256":"bd6aff7290faa5e9b240030956b60483a35c3e85a3e8e38fd3569cb93326b759"},"dob":{"date":"1958-06-19T20:41:12.848Z","age":66},"registered":{"date":"2015-08-22T13:54:40.417Z","age":8},"phone":"0233-5238500","cell":"0170-8769805","id":{"name":"SVNR","value":"75 190658 N 974"},"picture":{"large":"https://randomuser.me/api/portraits/women/30.jpg","medium":"https://randomuser.me/api/portraits/med/women/30.jpg","thumbnail":"https://randomuser.me/api/portraits/thumb/women/30.jpg"},"nat":"DE"}],"info":{"seed":"c4f1a03714223374","results":1,"page":1,"version":"1.4"}} 
 </msg>
<msg time="2024-08-03T18:20:11.848348" level="INFO">/opt/hostedtoolcache/Python/3.12.4/x64/lib/python3.12/site-packages/urllib3/connectionpool.py:1099: InsecureRequestWarning: Unverified HTTPS request is being made to host 'randomuser.me'. Adding certificate verification is strongly advised. See: https://urllib3.readthedocs.io/en/latest/advanced-usage.html#tls-warnings
  warnings.warn(</msg>
<msg time="2024-08-03T18:20:11.848483" level="INFO">${response} = &lt;Response [200]&gt;</msg>
<var>${response}</var>
<arg>consultarAPI</arg>
<arg>/api</arg>
<doc>Sends a GET request on a previously created HTTP Session.</doc>
<status status="PASS" start="2024-08-03T18:20:11.771200" elapsed="0.077336"/>
</kw>
<kw name="Set Variable" owner="BuiltIn">
<msg time="2024-08-03T18:20:11.849868" level="INFO">${json_data} = {'results': [{'gender': 'female', 'name': {'title': 'Mrs', 'first': 'Leyla', 'last': 'Naujoks'}, 'location': {'street': {'number': 4428, 'name': 'Fasanenweg'}, 'city': 'Erfurt', 'state': 'Hamburg', 'c...</msg>
<var>${json_data}</var>
<arg>${response.json()}</arg>
<doc>Returns the given values which can then be assigned to a variables.</doc>
<status status="PASS" start="2024-08-03T18:20:11.849207" elapsed="0.000689"/>
</kw>
<kw name="Log" owner="BuiltIn">
<msg time="2024-08-03T18:20:11.850356" level="INFO">{'results': [{'gender': 'female', 'name': {'title': 'Mrs', 'first': 'Leyla', 'last': 'Naujoks'}, 'location': {'street': {'number': 4428, 'name': 'Fasanenweg'}, 'city': 'Erfurt', 'state': 'Hamburg', 'country': 'Germany', 'postcode': 12082, 'coordinates': {'latitude': '-51.0818', 'longitude': '176.1108'}, 'timezone': {'offset': '+5:30', 'description': 'Bombay, Calcutta, Madras, New Delhi'}}, 'email': 'leyla.naujoks@example.com', 'login': {'uuid': '99ab7435-0706-473d-84d3-fc3a5355834c', 'username': 'brownzebra795', 'password': 'sims', 'salt': 'CbAEm2Ht', 'md5': '4f8e9e4e18e33a1663408e06418d85d6', 'sha1': '64001352d0ba146859722e3a284870fbcb6773d0', 'sha256': 'bd6aff7290faa5e9b240030956b60483a35c3e85a3e8e38fd3569cb93326b759'}, 'dob': {'date': '1958-06-19T20:41:12.848Z', 'age': 66}, 'registered': {'date': '2015-08-22T13:54:40.417Z', 'age': 8}, 'phone': '0233-5238500', 'cell': '0170-8769805', 'id': {'name': 'SVNR', 'value': '75 190658 N 974'}, 'picture': {'large': 'https://randomuser.me/api/portraits/women/30.jpg', 'medium': 'https://randomuser.me/api/portraits/med/women/30.jpg', 'thumbnail': 'https://randomuser.me/api/portraits/thumb/women/30.jpg'}, 'nat': 'DE'}], 'info': {'seed': 'c4f1a03714223374', 'results': 1, 'page': 1, 'version': '1.4'}}</msg>
<arg>${json_data}</arg>
<doc>Logs the given message with the given level.</doc>
<status status="PASS" start="2024-08-03T18:20:11.850200" elapsed="0.000204"/>
</kw>
<kw name="Should Be String" owner="String">
<arg>${json_data['results'][0]['gender']}</arg>
<doc>Fails if the given ``item`` is not a string.</doc>
<status status="PASS" start="2024-08-03T18:20:11.850707" elapsed="0.000365"/>
</kw>
<kw name="Should Match Regexp" owner="BuiltIn">
<arg>${json_data['results'][0]['email']}</arg>
<arg>^[a-zA-Z0-9._%+-]+@[a-zA-Z0-9.-]+\.[a-zA-Z]{2,}$</arg>
<doc>Fails if ``string`` does not match ``pattern`` as a regular expression.</doc>
<status status="PASS" start="2024-08-03T18:20:11.851335" elapsed="0.000524"/>
</kw>
<kw name="Should Match Regexp" owner="BuiltIn">
<arg>${json_data['results'][0]['dob']['date']}</arg>
<arg>\\d{4}-\\d{2}-\\d{2}T\\d{2}:\\d{2}:\\d{2}\\.\\d{3}Z</arg>
<doc>Fails if ``string`` does not match ``pattern`` as a regular expression.</doc>
<status status="PASS" start="2024-08-03T18:20:11.852078" elapsed="0.000628"/>
</kw>
<kw name="Should Match Regexp" owner="BuiltIn">
<arg>${json_data['results'][0]['registered']['date']}</arg>
<arg>\\d{4}-\\d{2}-\\d{2}T\\d{2}:\\d{2}:\\d{2}\\.\\d{3}Z</arg>
<doc>Fails if ``string`` does not match ``pattern`` as a regular expression.</doc>
<status status="PASS" start="2024-08-03T18:20:11.852901" elapsed="0.000370"/>
</kw>
<kw name="Should Match Regexp" owner="BuiltIn">
<arg>${json_data['results'][0]['picture']['large']}</arg>
<arg>^https?://.*\.(?:png|jpe?g|gif|bmp)$</arg>
<doc>Fails if ``string`` does not match ``pattern`` as a regular expression.</doc>
<status status="PASS" start="2024-08-03T18:20:11.853456" elapsed="0.000460"/>
</kw>
<kw name="Should Match Regexp" owner="BuiltIn">
<arg>${json_data['results'][0]['picture']['medium']}</arg>
<arg>^https?://.*\.(?:png|jpe?g|gif|bmp)$</arg>
<doc>Fails if ``string`` does not match ``pattern`` as a regular expression.</doc>
<status status="PASS" start="2024-08-03T18:20:11.854132" elapsed="0.000376"/>
</kw>
<kw name="Should Match Regexp" owner="BuiltIn">
<arg>${json_data['results'][0]['picture']['thumbnail']}</arg>
<arg>^https?://.*\.(?:png|jpe?g|gif|bmp)$</arg>
<doc>Fails if ``string`` does not match ``pattern`` as a regular expression.</doc>
<status status="PASS" start="2024-08-03T18:20:11.854695" elapsed="0.000349"/>
</kw>
<kw name="Log" owner="BuiltIn">
<msg time="2024-08-03T18:20:11.855568" level="INFO">{'large': 'https://randomuser.me/api/portraits/women/30.jpg', 'medium': 'https://randomuser.me/api/portraits/med/women/30.jpg', 'thumbnail': 'https://randomuser.me/api/portraits/thumb/women/30.jpg'}</msg>
<arg>${json_data['results'][0]['picture']}</arg>
<doc>Logs the given message with the given level.</doc>
<status status="PASS" start="2024-08-03T18:20:11.855242" elapsed="0.000367"/>
</kw>
<status status="PASS" start="2024-08-03T18:20:11.770981" elapsed="0.084884"/>
</kw>
<kw name="Teste de Tipos de Dados - Postcode" owner="random-user-service">
<kw name="GET On Session" owner="RequestsLibrary">
<msg time="2024-08-03T18:20:11.953147" level="INFO">GET Request : url=https://randomuser.me/api 
 path_url=/api 
 headers={'User-Agent': 'python-requests/2.32.3', 'Accept-Encoding': 'gzip, deflate', 'Accept': '*/*', 'Connection': 'keep-alive'} 
 body=None 
 </msg>
<msg time="2024-08-03T18:20:11.953216" level="INFO">GET Response : url=https://randomuser.me/api 
 status=200, reason=OK 
 headers={'Date': 'Sat, 03 Aug 2024 18:20:11 GMT', 'Content-Type': 'application/json; charset=utf-8', 'Transfer-Encoding': 'chunked', 'Connection': 'keep-alive', 'X-Powered-By': 'Express', 'Access-Control-Allow-Origin': '*', 'Cache-Control': 'no-cache', 'ETag': 'W/"48f-ll7RdpXaalKBcEcae+UPosIc2R0"', 'Vary': 'Accept-Encoding', 'Content-Encoding': 'gzip', 'CF-Cache-Status': 'DYNAMIC', 'Report-To': '{"endpoints":[{"url":"https:\\/\\/a.nel.cloudflare.com\\/report\\/v4?s=1M%2F2QQidUNYKLzvaqvGNldam19i14VOnEVV3g79Z3lTbEZbhJ0EWXk0mGB8nTJRgG3U26v83YowBkx0dKjNEoky%2BHOGs88NwdTszcrrqlmbX0EE6VUCJjjxd%2B%2F64mXX0"}],"group":"cf-nel","max_age":604800}', 'NEL': '{"success_fraction":0,"report_to":"cf-nel","max_age":604800}', 'Server': 'cloudflare', 'CF-RAY': '8ad851fe186c58ae-IAD', 'alt-svc': 'h3=":443"; ma=86400'} 
 body={"results":[{"gender":"male","name":{"title":"Mr","first":"Julio","last":"Riley"},"location":{"street":{"number":1438,"name":"Lovers Ln"},"city":"Melbourne","state":"New South Wales","country":"Australia","postcode":8648,"coordinates":{"latitude":"-81.5764","longitude":"-85.9055"},"timezone":{"offset":"-3:00","description":"Brazil, Buenos Aires, Georgetown"}},"email":"julio.riley@example.com","login":{"uuid":"8c527930-3178-48e8-b2d3-1e58c87bdd96","username":"ticklishelephant211","password":"bruins","salt":"pgCHH4GS","md5":"78e13747bec3184582c04ee3b2f4a275","sha1":"e7936145e0395494f83117ced3fe0bb5d8a179c9","sha256":"464ca1b0138780e14b4a50d02014ca7990ca72c4458ffb921df8ba043bd85ae8"},"dob":{"date":"1997-05-18T10:04:18.783Z","age":27},"registered":{"date":"2009-06-21T20:12:24.570Z","age":15},"phone":"07-5468-8542","cell":"0481-222-720","id":{"name":"TFN","value":"112655222"},"picture":{"large":"https://randomuser.me/api/portraits/men/52.jpg","medium":"https://randomuser.me/api/portraits/med/men/52.jpg","thumbnail":"https://randomuser.me/api/portraits/thumb/men/52.jpg"},"nat":"AU"}],"info":{"seed":"eb139de844757807","results":1,"page":1,"version":"1.4"}} 
 </msg>
<msg time="2024-08-03T18:20:11.953279" level="INFO">/opt/hostedtoolcache/Python/3.12.4/x64/lib/python3.12/site-packages/urllib3/connectionpool.py:1099: InsecureRequestWarning: Unverified HTTPS request is being made to host 'randomuser.me'. Adding certificate verification is strongly advised. See: https://urllib3.readthedocs.io/en/latest/advanced-usage.html#tls-warnings
  warnings.warn(</msg>
<msg time="2024-08-03T18:20:11.953374" level="INFO">${response} = &lt;Response [200]&gt;</msg>
<var>${response}</var>
<arg>consultarAPI</arg>
<arg>/api</arg>
<doc>Sends a GET request on a previously created HTTP Session.</doc>
<status status="PASS" start="2024-08-03T18:20:11.856347" elapsed="0.097065"/>
</kw>
<kw name="Set Variable" owner="BuiltIn">
<msg time="2024-08-03T18:20:11.954270" level="INFO">${json_data} = {'results': [{'gender': 'male', 'name': {'title': 'Mr', 'first': 'Julio', 'last': 'Riley'}, 'location': {'street': {'number': 1438, 'name': 'Lovers Ln'}, 'city': 'Melbourne', 'state': 'New South Wales...</msg>
<var>${json_data}</var>
<arg>${response.json()}</arg>
<doc>Returns the given values which can then be assigned to a variables.</doc>
<status status="PASS" start="2024-08-03T18:20:11.953807" elapsed="0.000491"/>
</kw>
<kw name="Log" owner="BuiltIn">
<msg time="2024-08-03T18:20:11.954749" level="INFO">{'results': [{'gender': 'male', 'name': {'title': 'Mr', 'first': 'Julio', 'last': 'Riley'}, 'location': {'street': {'number': 1438, 'name': 'Lovers Ln'}, 'city': 'Melbourne', 'state': 'New South Wales', 'country': 'Australia', 'postcode': 8648, 'coordinates': {'latitude': '-81.5764', 'longitude': '-85.9055'}, 'timezone': {'offset': '-3:00', 'description': 'Brazil, Buenos Aires, Georgetown'}}, 'email': 'julio.riley@example.com', 'login': {'uuid': '8c527930-3178-48e8-b2d3-1e58c87bdd96', 'username': 'ticklishelephant211', 'password': 'bruins', 'salt': 'pgCHH4GS', 'md5': '78e13747bec3184582c04ee3b2f4a275', 'sha1': 'e7936145e0395494f83117ced3fe0bb5d8a179c9', 'sha256': '464ca1b0138780e14b4a50d02014ca7990ca72c4458ffb921df8ba043bd85ae8'}, 'dob': {'date': '1997-05-18T10:04:18.783Z', 'age': 27}, 'registered': {'date': '2009-06-21T20:12:24.570Z', 'age': 15}, 'phone': '07-5468-8542', 'cell': '0481-222-720', 'id': {'name': 'TFN', 'value': '112655222'}, 'picture': {'large': 'https://randomuser.me/api/portraits/men/52.jpg', 'medium': 'https://randomuser.me/api/portraits/med/men/52.jpg', 'thumbnail': 'https://randomuser.me/api/portraits/thumb/men/52.jpg'}, 'nat': 'AU'}], 'info': {'seed': 'eb139de844757807', 'results': 1, 'page': 1, 'version': '1.4'}}</msg>
<arg>${json_data}</arg>
<doc>Logs the given message with the given level.</doc>
<status status="PASS" start="2024-08-03T18:20:11.954597" elapsed="0.000198"/>
</kw>
<kw name="Should Be Equal As Numbers" owner="BuiltIn">
<arg>${json_data['results'][0]['location']['postcode']}</arg>
<arg>${json_data['results'][0]['location']['postcode']}</arg>
<doc>Fails if objects are unequal after converting them to real numbers.</doc>
<status status="PASS" start="2024-08-03T18:20:11.955088" elapsed="0.000642"/>
</kw>
<kw name="Log" owner="BuiltIn">
<msg time="2024-08-03T18:20:11.956292" level="INFO">8648</msg>
<arg>${json_data['results'][0]['location']['postcode']}</arg>
<doc>Logs the given message with the given level.</doc>
<status status="PASS" start="2024-08-03T18:20:11.955953" elapsed="0.000380"/>
</kw>
<status status="PASS" start="2024-08-03T18:20:11.856093" elapsed="0.100495"/>
</kw>
<doc>Testa se os tipos de dados na resposta da API estão corretos.</doc>
<tag>testeTiposDados</tag>
<status status="PASS" start="2024-08-03T18:20:11.770459" elapsed="0.186293"/>
</test>
<test id="s1-s1-t5" name="Validar conteudo" line="35">
<kw name="Teste de Tipos de Conteudo" owner="random-user-service">
<kw name="GET On Session" owner="RequestsLibrary">
<msg time="2024-08-03T18:20:12.049723" level="INFO">GET Request : url=https://randomuser.me/api 
 path_url=/api 
 headers={'User-Agent': 'python-requests/2.32.3', 'Accept-Encoding': 'gzip, deflate', 'Accept': '*/*', 'Connection': 'keep-alive'} 
 body=None 
 </msg>
<msg time="2024-08-03T18:20:12.049805" level="INFO">GET Response : url=https://randomuser.me/api 
 status=200, reason=OK 
 headers={'Date': 'Sat, 03 Aug 2024 18:20:12 GMT', 'Content-Type': 'application/json; charset=utf-8', 'Transfer-Encoding': 'chunked', 'Connection': 'keep-alive', 'X-Powered-By': 'Express', 'Access-Control-Allow-Origin': '*', 'Cache-Control': 'no-cache', 'ETag': 'W/"493-cDZj4drvggwZr5/HtX9WBlxPGsY"', 'Vary': 'Accept-Encoding', 'Content-Encoding': 'gzip', 'CF-Cache-Status': 'DYNAMIC', 'Report-To': '{"endpoints":[{"url":"https:\\/\\/a.nel.cloudflare.com\\/report\\/v4?s=AC4PQo%2BxfdcwT3Ah%2BBeT0xBokS2lYHWo9HQxyRBhmQtHZ1rNjSkkCdy4UTF11oqxCL%2FIzbStHd7DG18ccZTFuAX%2FLQioBsPOR%2Bo7ANlxEGIxVCHukjwYwxQTT8cE%2Finj"}],"group":"cf-nel","max_age":604800}', 'NEL': '{"success_fraction":0,"report_to":"cf-nel","max_age":604800}', 'Server': 'cloudflare', 'CF-RAY': '8ad851feb8ea58ae-IAD', 'alt-svc': 'h3=":443"; ma=86400'} 
 body={"results":[{"gender":"female","name":{"title":"Miss","first":"Michelle","last":"Boyd"},"location":{"street":{"number":3941,"name":"Broadway"},"city":"Wolverhampton","state":"Cleveland","country":"United Kingdom","postcode":"CB32 3EH","coordinates":{"latitude":"-12.0529","longitude":"148.2653"},"timezone":{"offset":"-2:00","description":"Mid-Atlantic"}},"email":"michelle.boyd@example.com","login":{"uuid":"b13560f1-dbb4-4736-bf3c-d9857fb471f4","username":"silversnake644","password":"christma","salt":"SRsBpAB0","md5":"03b6816201b3a58030a1d7dd3d6ffce4","sha1":"6b7b5dd686cbfa2d9030024c8f439bd696ab941b","sha256":"b541d7194cb593ebdeb146740547ab939edddd79eac0beb543cb9920033f6687"},"dob":{"date":"1975-02-19T21:16:04.395Z","age":49},"registered":{"date":"2009-07-25T16:27:19.730Z","age":15},"phone":"013873 57940","cell":"07040 685173","id":{"name":"NINO","value":"WG 71 21 85 C"},"picture":{"large":"https://randomuser.me/api/portraits/women/48.jpg","medium":"https://randomuser.me/api/portraits/med/women/48.jpg","thumbnail":"https://randomuser.me/api/portraits/thumb/women/48.jpg"},"nat":"GB"}],"info":{"seed":"34c8a0b2a50c7302","results":1,"page":1,"version":"1.4"}} 
 </msg>
<msg time="2024-08-03T18:20:12.049885" level="INFO">/opt/hostedtoolcache/Python/3.12.4/x64/lib/python3.12/site-packages/urllib3/connectionpool.py:1099: InsecureRequestWarning: Unverified HTTPS request is being made to host 'randomuser.me'. Adding certificate verification is strongly advised. See: https://urllib3.readthedocs.io/en/latest/advanced-usage.html#tls-warnings
  warnings.warn(</msg>
<msg time="2024-08-03T18:20:12.049993" level="INFO">${response} = &lt;Response [200]&gt;</msg>
<var>${response}</var>
<arg>consultarAPI</arg>
<arg>/api</arg>
<doc>Sends a GET request on a previously created HTTP Session.</doc>
<status status="PASS" start="2024-08-03T18:20:11.959336" elapsed="0.090698"/>
</kw>
<kw name="Set Variable" owner="BuiltIn">
<msg time="2024-08-03T18:20:12.051033" level="INFO">${json_data} = {'results': [{'gender': 'female', 'name': {'title': 'Miss', 'first': 'Michelle', 'last': 'Boyd'}, 'location': {'street': {'number': 3941, 'name': 'Broadway'}, 'city': 'Wolverhampton', 'state': 'Clevel...</msg>
<var>${json_data}</var>
<arg>${response.json()}</arg>
<doc>Returns the given values which can then be assigned to a variables.</doc>
<status status="PASS" start="2024-08-03T18:20:12.050531" elapsed="0.000532"/>
</kw>
<kw name="Set Variable" owner="BuiltIn">
<msg time="2024-08-03T18:20:12.051795" level="INFO">${name_title} = Miss</msg>
<var>${name_title}</var>
<arg>${json_data["results"][0]["name"]["title"]}</arg>
<doc>Returns the given values which can then be assigned to a variables.</doc>
<status status="PASS" start="2024-08-03T18:20:12.051407" elapsed="0.000413"/>
</kw>
<kw name="Create List" owner="BuiltIn">
<msg time="2024-08-03T18:20:12.052281" level="INFO">${allowed_titles} = ['Mr', 'Ms', 'Miss', 'Mrs', 'Madame', 'Monsieur']</msg>
<var>${allowed_titles}</var>
<arg>Mr</arg>
<arg>Ms</arg>
<arg>Miss</arg>
<arg>Mrs</arg>
<arg>Madame</arg>
<arg>Monsieur</arg>
<doc>Returns a list containing given items.</doc>
<status status="PASS" start="2024-08-03T18:20:12.052130" elapsed="0.000177"/>
</kw>
<kw name="List Should Contain Value" owner="Collections">
<arg>${allowed_titles}</arg>
<arg>${name_title}</arg>
<doc>Fails if the ``value`` is not found from ``list``.</doc>
<status status="PASS" start="2024-08-03T18:20:12.052605" elapsed="0.000179"/>
</kw>
<kw name="Set Variable" owner="BuiltIn">
<msg time="2024-08-03T18:20:12.053329" level="INFO">${name_country} = GB</msg>
<var>${name_country}</var>
<arg>${json_data["results"][0]["nat"]}</arg>
<doc>Returns the given values which can then be assigned to a variables.</doc>
<status status="PASS" start="2024-08-03T18:20:12.052962" elapsed="0.000392"/>
</kw>
<kw name="Create List" owner="BuiltIn">
<msg time="2024-08-03T18:20:12.054235" level="INFO">${list_country} = ['AD', 'AE', 'AF', 'AG', 'AI', 'AL', 'AM', 'AO', 'AQ', 'AR', 'AS', 'AT', 'AU', 'AW', 'AX', 'AZ', 'BA', 'BB', 'BD', 'BE', 'BF', 'BG', 'BH', 'BI', 'BJ', 'BL', 'BM', 'BN', 'BO', 'BQ', 'BR', 'BS', 'BT', '...</msg>
<var>${list_country}</var>
<arg>AD</arg>
<arg>AE</arg>
<arg>AF</arg>
<arg>AG</arg>
<arg>AI</arg>
<arg>AL</arg>
<arg>AM</arg>
<arg>AO</arg>
<arg>AQ</arg>
<arg>AR</arg>
<arg>AS</arg>
<arg>AT</arg>
<arg>AU</arg>
<arg>AW</arg>
<arg>AX</arg>
<arg>AZ</arg>
<arg>BA</arg>
<arg>BB</arg>
<arg>BD</arg>
<arg>BE</arg>
<arg>BF</arg>
<arg>BG</arg>
<arg>BH</arg>
<arg>BI</arg>
<arg>BJ</arg>
<arg>BL</arg>
<arg>BM</arg>
<arg>BN</arg>
<arg>BO</arg>
<arg>BQ</arg>
<arg>BR</arg>
<arg>BS</arg>
<arg>BT</arg>
<arg>BV</arg>
<arg>BW</arg>
<arg>BY</arg>
<arg>BZ</arg>
<arg>CA</arg>
<arg>CC</arg>
<arg>CD</arg>
<arg>CF</arg>
<arg>CG</arg>
<arg>CH</arg>
<arg>CI</arg>
<arg>CK</arg>
<arg>CL</arg>
<arg>CM</arg>
<arg>CN</arg>
<arg>CO</arg>
<arg>CR</arg>
<arg>CU</arg>
<arg>CV</arg>
<arg>CW</arg>
<arg>CX</arg>
<arg>CY</arg>
<arg>CZ</arg>
<arg>DE</arg>
<arg>DJ</arg>
<arg>DK</arg>
<arg>DM</arg>
<arg>DO</arg>
<arg>DZ</arg>
<arg>EC</arg>
<arg>EE</arg>
<arg>EG</arg>
<arg>EH</arg>
<arg>ER</arg>
<arg>ES</arg>
<arg>ET</arg>
<arg>FI</arg>
<arg>FJ</arg>
<arg>FK</arg>
<arg>FM</arg>
<arg>FO</arg>
<arg>FR</arg>
<arg>GA</arg>
<arg>GB</arg>
<arg>GD</arg>
<arg>GE</arg>
<arg>GF</arg>
<arg>GG</arg>
<arg>GH</arg>
<arg>GI</arg>
<arg>GL</arg>
<arg>GM</arg>
<arg>GN</arg>
<arg>GP</arg>
<arg>GQ</arg>
<arg>GR</arg>
<arg>GS</arg>
<arg>GT</arg>
<arg>GU</arg>
<arg>GW</arg>
<arg>GY</arg>
<arg>HK</arg>
<arg>HM</arg>
<arg>HN</arg>
<arg>HR</arg>
<arg>HT</arg>
<arg>HU</arg>
<arg>ID</arg>
<arg>IE</arg>
<arg>IL</arg>
<arg>IM</arg>
<arg>IN</arg>
<arg>IO</arg>
<arg>IQ</arg>
<arg>IR</arg>
<arg>IS</arg>
<arg>IT</arg>
<arg>JE</arg>
<arg>JM</arg>
<arg>JO</arg>
<arg>JP</arg>
<arg>KE</arg>
<arg>KG</arg>
<arg>KH</arg>
<arg>KI</arg>
<arg>KM</arg>
<arg>KN</arg>
<arg>KP</arg>
<arg>KR</arg>
<arg>KW</arg>
<arg>KY</arg>
<arg>KZ</arg>
<arg>LA</arg>
<arg>LB</arg>
<arg>LC</arg>
<arg>LI</arg>
<arg>LK</arg>
<arg>LR</arg>
<arg>LS</arg>
<arg>LT</arg>
<arg>LU</arg>
<arg>LV</arg>
<arg>LY</arg>
<arg>MA</arg>
<arg>MC</arg>
<arg>MD</arg>
<arg>ME</arg>
<arg>MF</arg>
<arg>MG</arg>
<arg>MH</arg>
<arg>MK</arg>
<arg>ML</arg>
<arg>MM</arg>
<arg>MN</arg>
<arg>MO</arg>
<arg>MP</arg>
<arg>MQ</arg>
<arg>MR</arg>
<arg>MS</arg>
<arg>MT</arg>
<arg>MU</arg>
<arg>MV</arg>
<arg>MW</arg>
<arg>MX</arg>
<arg>MY</arg>
<arg>MZ</arg>
<arg>NA</arg>
<arg>NC</arg>
<arg>NE</arg>
<arg>NF</arg>
<arg>NG</arg>
<arg>NI</arg>
<arg>NL</arg>
<arg>NO</arg>
<arg>NP</arg>
<arg>NR</arg>
<arg>NU</arg>
<arg>NZ</arg>
<arg>OM</arg>
<arg>PA</arg>
<arg>PE</arg>
<arg>PF</arg>
<arg>PG</arg>
<arg>PH</arg>
<arg>PK</arg>
<arg>PL</arg>
<arg>PM</arg>
<arg>PN</arg>
<arg>PR</arg>
<arg>PS</arg>
<arg>PT</arg>
<arg>PW</arg>
<arg>PY</arg>
<arg>QA</arg>
<arg>RE</arg>
<arg>RO</arg>
<arg>RS</arg>
<arg>RU</arg>
<arg>RW</arg>
<arg>SA</arg>
<arg>SB</arg>
<arg>SC</arg>
<arg>SD</arg>
<arg>SE</arg>
<arg>SG</arg>
<arg>SH</arg>
<arg>SI</arg>
<arg>SJ</arg>
<arg>SK</arg>
<arg>SL</arg>
<arg>SM</arg>
<arg>SN</arg>
<arg>SO</arg>
<arg>SR</arg>
<arg>SS</arg>
<arg>ST</arg>
<arg>SV</arg>
<arg>SX</arg>
<arg>SY</arg>
<arg>SZ</arg>
<arg>TC</arg>
<arg>TD</arg>
<arg>TF</arg>
<arg>TG</arg>
<arg>TH</arg>
<arg>TJ</arg>
<arg>TK</arg>
<arg>TL</arg>
<arg>TM</arg>
<arg>TN</arg>
<arg>TO</arg>
<arg>TR</arg>
<arg>TT</arg>
<arg>TV</arg>
<arg>TW</arg>
<arg>TZ</arg>
<arg>UA</arg>
<arg>UG</arg>
<arg>UM</arg>
<arg>US</arg>
<arg>UY</arg>
<arg>UZ</arg>
<arg>VA</arg>
<arg>VC</arg>
<arg>VE</arg>
<arg>VG</arg>
<arg>VI</arg>
<arg>VN</arg>
<arg>VU</arg>
<arg>WF</arg>
<arg>WS</arg>
<arg>XK</arg>
<arg>YE</arg>
<arg>YT</arg>
<arg>ZA</arg>
<arg>ZM</arg>
<arg>ZW</arg>
<doc>Returns a list containing given items.</doc>
<status status="PASS" start="2024-08-03T18:20:12.053643" elapsed="0.000617"/>
</kw>
<kw name="List Should Contain Value" owner="Collections">
<arg>${list_country}</arg>
<arg>${name_country}</arg>
<doc>Fails if the ``value`` is not found from ``list``.</doc>
<status status="PASS" start="2024-08-03T18:20:12.055206" elapsed="0.000242"/>
</kw>
<kw name="Run Keyword If" owner="BuiltIn">
<kw name="Should Be True" owner="BuiltIn">
<arg>${True}</arg>
<doc>Fails if the given condition is not true.</doc>
<status status="PASS" start="2024-08-03T18:20:12.056402" elapsed="0.000141"/>
</kw>
<arg>${json_data["results"][0]["location"]["coordinates"]["latitude"]} &gt;= -90 and ${json_data["results"][0]["location"]["coordinates"]["latitude"]} &lt;= 90</arg>
<arg>Should Be True</arg>
<arg>${True}</arg>
<doc>Runs the given keyword with the given arguments, if ``condition`` is true.</doc>
<status status="PASS" start="2024-08-03T18:20:12.055645" elapsed="0.001024"/>
</kw>
<kw name="Run Keyword If" owner="BuiltIn">
<kw name="Should Be True" owner="BuiltIn">
<arg>${True}</arg>
<doc>Fails if the given condition is not true.</doc>
<status status="PASS" start="2024-08-03T18:20:12.057534" elapsed="0.000136"/>
</kw>
<arg>${json_data["results"][0]["location"]["coordinates"]["longitude"]} &gt;= -180 and ${json_data["results"][0]["location"]["coordinates"]["longitude"]} &lt;= 180</arg>
<arg>Should Be True</arg>
<arg>${True}</arg>
<doc>Runs the given keyword with the given arguments, if ``condition`` is true.</doc>
<status status="PASS" start="2024-08-03T18:20:12.056848" elapsed="0.000945"/>
</kw>
<status status="PASS" start="2024-08-03T18:20:11.959079" elapsed="0.098840"/>
</kw>
<doc>Testa o conteúdo específico dos campos retornados pela API.</doc>
<tag>testeConteudo</tag>
<status status="PASS" start="2024-08-03T18:20:11.958484" elapsed="0.099576"/>
</test>
<status status="PASS" start="2024-08-03T18:20:10.993245" elapsed="1.066786"/>
</suite>
<status status="PASS" start="2024-08-03T18:20:10.978776" elapsed="1.086341"/>
</suite>
<statistics>
<total>
<stat pass="5" fail="0" skip="0">All Tests</stat>
</total>
<tag>
<stat pass="1" fail="0" skip="0">testeConteudo</stat>
<stat pass="1" fail="0" skip="0">testeEstruturaResposta</stat>
<stat pass="1" fail="0" skip="0">testeRequisicaoBasica</stat>
<stat pass="1" fail="0" skip="0">testeTiposDados</stat>
</tag>
<suite>
<stat pass="5" fail="0" skip="0" id="s1" name="Tests">Tests</stat>
<stat pass="5" fail="0" skip="0" id="s1-s1" name="Random-User-Test">Tests.Random-User-Test</stat>
</suite>
</statistics>
<errors>
</errors>
</robot>
