<?xml version="1.0" encoding="UTF-8"?>
<robot generator="Robot 7.0 (Python 3.12.3 on linux)" generated="2024-05-23T23:15:30.070237" rpa="false" schemaversion="5">
<suite id="s1" name="Tests" source="/home/runner/work/DesafioQAItauRogerioJordao/DesafioQAItauRogerioJordao/RamdonUser/tests">
<suite id="s1-s1" name="Random-User-Test" source="/home/runner/work/DesafioQAItauRogerioJordao/DesafioQAItauRogerioJordao/RamdonUser/tests/random-user-test.robot">
<test id="s1-s1-t1" name="Conectar" line="13">
<kw name="Conectar API" owner="random-user-service">
<kw name="Create Session" owner="RequestsLibrary">
<msg time="2024-05-23T23:15:30.455149" level="INFO">Creating Session using : alias=consultarAPI, url=https://randomuser.me/, headers={},                     cookies={}, auth=None, timeout=None, proxies=None, verify=False,                     debug=0 </msg>
<arg>consultarAPI</arg>
<arg>${URL}</arg>
<doc>Create Session: create a HTTP session to a server</doc>
<status status="PASS" start="2024-05-23T23:15:30.454949" elapsed="0.000366"/>
</kw>
<status status="PASS" start="2024-05-23T23:15:30.453902" elapsed="0.001766"/>
</kw>
<status status="PASS" start="2024-05-23T23:15:30.453336" elapsed="0.002526"/>
</test>
<test id="s1-s1-t2" name="Validar retorno 200 e JSON Válido" line="16">
<kw name="Teste de Requisicao Basica" owner="random-user-service">
<kw name="GET On Session" owner="RequestsLibrary">
<msg time="2024-05-23T23:15:30.554929" level="INFO">GET Request : url=https://randomuser.me/api 
 path_url=/api 
 headers={'User-Agent': 'python-requests/2.32.2', 'Accept-Encoding': 'gzip, deflate', 'Accept': '*/*', 'Connection': 'keep-alive'} 
 body=None 
 </msg>
<msg time="2024-05-23T23:15:30.555037" level="INFO">GET Response : url=https://randomuser.me/api 
 status=200, reason=OK 
 headers={'Date': 'Thu, 23 May 2024 23:15:30 GMT', 'Content-Type': 'application/json; charset=utf-8', 'Transfer-Encoding': 'chunked', 'Connection': 'keep-alive', 'X-Powered-By': 'Express', 'Access-Control-Allow-Origin': '*', 'Cache-Control': 'no-cache', 'ETag': 'W/"48b-ejwAyMUYAyroGFIadB2kSzeaX9k"', 'Vary': 'Accept-Encoding', 'Content-Encoding': 'gzip', 'CF-Cache-Status': 'DYNAMIC', 'Report-To': '{"endpoints":[{"url":"https:\\/\\/a.nel.cloudflare.com\\/report\\/v4?s=%2BIhv%2FKlVwWj%2FAsk5KudOJl7wxfYtIfavySaFntEF7Zujpq6z8z8JIwqxiEhfvlHPmenFO9gjG2q3uNtABooHqBYc%2Fm2nethhKLrd%2Brne2AyxygMER%2B0Stmi0Y2HtrQe8"}],"group":"cf-nel","max_age":604800}', 'NEL': '{"success_fraction":0,"report_to":"cf-nel","max_age":604800}', 'Server': 'cloudflare', 'CF-RAY': '8888bf9399288764-ORD', 'alt-svc': 'h3=":443"; ma=86400'} 
 body={"results":[{"gender":"female","name":{"title":"Miss","first":"عسل","last":"قاسمی"},"location":{"street":{"number":8028,"name":"شهید ثانی"},"city":"قم","state":"آذربایجان شرقی","country":"Iran","postcode":94978,"coordinates":{"latitude":"19.4585","longitude":"49.9126"},"timezone":{"offset":"-12:00","description":"Eniwetok, Kwajalein"}},"email":"aasl.qsmy@example.com","login":{"uuid":"8700c6b0-f0f6-479b-82d8-fafcb33ec8e7","username":"orangezebra699","password":"stinks","salt":"d0ACKSqh","md5":"75e0ca9573ac6e6f71a8d1b7e938834a","sha1":"b31b164f2b6fdfa2dc9eb7621457553ad3a56c47","sha256":"9a1687d95959db57de7efac0636b7b49254216412cb6b743fe7088e7f874802a"},"dob":{"date":"2000-10-10T10:23:51.961Z","age":23},"registered":{"date":"2017-06-22T12:55:32.591Z","age":6},"phone":"012-88594004","cell":"0981-181-2970","id":{"name":"","value":null},"picture":{"large":"https://randomuser.me/api/portraits/women/67.jpg","medium":"https://randomuser.me/api/portraits/med/women/67.jpg","thumbnail":"https://randomuser.me/api/portraits/thumb/women/67.jpg"},"nat":"IR"}],"info":{"seed":"035d9a7451bb3a9e","results":1,"page":1,"version":"1.4"}} 
 </msg>
<msg time="2024-05-23T23:15:30.555114" level="INFO">/opt/hostedtoolcache/Python/3.12.3/x64/lib/python3.12/site-packages/urllib3/connectionpool.py:1103: InsecureRequestWarning: Unverified HTTPS request is being made to host 'randomuser.me'. Adding certificate verification is strongly advised. See: https://urllib3.readthedocs.io/en/latest/advanced-usage.html#tls-warnings
  warnings.warn(</msg>
<msg time="2024-05-23T23:15:30.555222" level="INFO">${response} = &lt;Response [200]&gt;</msg>
<var>${response}</var>
<arg>consultarAPI</arg>
<arg>/api</arg>
<doc>Sends a GET request on a previously created HTTP Session.</doc>
<status status="PASS" start="2024-05-23T23:15:30.458527" elapsed="0.096732"/>
</kw>
<kw name="Should Be Equal As Numbers" owner="BuiltIn">
<msg time="2024-05-23T23:15:30.556291" level="INFO">Argument types are:
&lt;class 'int'&gt;
&lt;class 'str'&gt;</msg>
<arg>${response.status_code}</arg>
<arg>200</arg>
<doc>Fails if objects are unequal after converting them to real numbers.</doc>
<status status="PASS" start="2024-05-23T23:15:30.555786" elapsed="0.000570"/>
</kw>
<kw name="Log" owner="BuiltIn">
<msg time="2024-05-23T23:15:30.557065" level="INFO">200</msg>
<arg>${response.status_code}</arg>
<doc>Logs the given message with the given level.</doc>
<status status="PASS" start="2024-05-23T23:15:30.556713" elapsed="0.000399"/>
</kw>
<kw name="Set Variable" owner="BuiltIn">
<msg time="2024-05-23T23:15:30.557863" level="INFO">${json_data} = {'results': [{'gender': 'female', 'name': {'title': 'Miss', 'first': 'عسل', 'last': 'قاسمی'}, 'location': {'street': {'number': 8028, 'name': 'شهید ثانی'}, 'city': 'قم', 'state': 'آذربایجان شرقی', 'co...</msg>
<var>${json_data}</var>
<arg>${response.json()}</arg>
<doc>Returns the given values which can then be assigned to a variables.</doc>
<status status="PASS" start="2024-05-23T23:15:30.557422" elapsed="0.000472"/>
</kw>
<kw name="Dictionary Should Contain Key" owner="Collections">
<msg time="2024-05-23T23:15:30.558403" level="INFO">False</msg>
<arg>${json_data}</arg>
<arg>results</arg>
<doc>Fails if ``key`` is not found from ``dictionary``.</doc>
<status status="PASS" start="2024-05-23T23:15:30.558232" elapsed="0.000347"/>
</kw>
<status status="PASS" start="2024-05-23T23:15:30.458277" elapsed="0.100561"/>
</kw>
<doc>Testa se a API responde corretamente e retorna um objeto JSON válido.</doc>
<tag>testeRequisicaoBasica</tag>
<status status="PASS" start="2024-05-23T23:15:30.457730" elapsed="0.101277"/>
</test>
<test id="s1-s1-t3" name="Validar estrutura de resposta" line="22">
<kw name="Teste de Estrutura de Resposta" owner="random-user-service">
<kw name="GET On Session" owner="RequestsLibrary">
<msg time="2024-05-23T23:15:30.661508" level="INFO">GET Request : url=https://randomuser.me/api 
 path_url=/api 
 headers={'User-Agent': 'python-requests/2.32.2', 'Accept-Encoding': 'gzip, deflate', 'Accept': '*/*', 'Connection': 'keep-alive'} 
 body=None 
 </msg>
<msg time="2024-05-23T23:15:30.661606" level="INFO">GET Response : url=https://randomuser.me/api 
 status=200, reason=OK 
 headers={'Date': 'Thu, 23 May 2024 23:15:30 GMT', 'Content-Type': 'application/json; charset=utf-8', 'Transfer-Encoding': 'chunked', 'Connection': 'keep-alive', 'X-Powered-By': 'Express', 'Access-Control-Allow-Origin': '*', 'Cache-Control': 'no-cache', 'ETag': 'W/"46e-cAaRfgr0Z8OChoP80oDENLUDSeg"', 'Vary': 'Accept-Encoding', 'Content-Encoding': 'gzip', 'CF-Cache-Status': 'DYNAMIC', 'Report-To': '{"endpoints":[{"url":"https:\\/\\/a.nel.cloudflare.com\\/report\\/v4?s=oIw5g2FpdKNnUfp4CA6C%2B3bQB4cDosY7gNIAISV0Xq3HY1pNF8oHA%2Fk1%2F1Z90c3YrLAJCSwNz0noS2QvzFeKYFwuGABIqiyjO27aMPKyskreieIalXldBxyoIX98PAN%2B"}],"group":"cf-nel","max_age":604800}', 'NEL': '{"success_fraction":0,"report_to":"cf-nel","max_age":604800}', 'Server': 'cloudflare', 'CF-RAY': '8888bf9409c58764-ORD', 'alt-svc': 'h3=":443"; ma=86400'} 
 body={"results":[{"gender":"male","name":{"title":"Mr","first":"Aren","last":"Stappers"},"location":{"street":{"number":9243,"name":"Gaanderij"},"city":"Doorn","state":"Utrecht","country":"Netherlands","postcode":"6877 ZN","coordinates":{"latitude":"30.4391","longitude":"-76.4480"},"timezone":{"offset":"+3:30","description":"Tehran"}},"email":"aren.stappers@example.com","login":{"uuid":"1a9e82c1-cb57-438f-9371-75319e1bacc7","username":"lazybutterfly516","password":"casino","salt":"UTwCoI91","md5":"35fae7260b253acde6ca3c8af6c5ea55","sha1":"24e4153cd2425445557283f0a567f6a9a498bb33","sha256":"7cdf5491a3c85dd8b2b4ecf3f83d42fe2ead364d1777af8c9f1950cb2eae4c7d"},"dob":{"date":"1965-06-07T03:15:08.742Z","age":58},"registered":{"date":"2006-08-22T07:29:17.135Z","age":17},"phone":"(0703) 833842","cell":"(06) 49486655","id":{"name":"BSN","value":"48116209"},"picture":{"large":"https://randomuser.me/api/portraits/men/7.jpg","medium":"https://randomuser.me/api/portraits/med/men/7.jpg","thumbnail":"https://randomuser.me/api/portraits/thumb/men/7.jpg"},"nat":"NL"}],"info":{"seed":"8017f7a7937522b0","results":1,"page":1,"version":"1.4"}} 
 </msg>
<msg time="2024-05-23T23:15:30.661753" level="INFO">/opt/hostedtoolcache/Python/3.12.3/x64/lib/python3.12/site-packages/urllib3/connectionpool.py:1103: InsecureRequestWarning: Unverified HTTPS request is being made to host 'randomuser.me'. Adding certificate verification is strongly advised. See: https://urllib3.readthedocs.io/en/latest/advanced-usage.html#tls-warnings
  warnings.warn(</msg>
<msg time="2024-05-23T23:15:30.661903" level="INFO">${response} = &lt;Response [200]&gt;</msg>
<var>${response}</var>
<arg>consultarAPI</arg>
<arg>/api</arg>
<doc>Sends a GET request on a previously created HTTP Session.</doc>
<status status="PASS" start="2024-05-23T23:15:30.561633" elapsed="0.100314"/>
</kw>
<kw name="Set Variable" owner="BuiltIn">
<msg time="2024-05-23T23:15:30.663217" level="INFO">${json_data} = {'results': [{'gender': 'male', 'name': {'title': 'Mr', 'first': 'Aren', 'last': 'Stappers'}, 'location': {'street': {'number': 9243, 'name': 'Gaanderij'}, 'city': 'Doorn', 'state': 'Utrecht', 'countr...</msg>
<var>${json_data}</var>
<arg>${response.json()}</arg>
<doc>Returns the given values which can then be assigned to a variables.</doc>
<status status="PASS" start="2024-05-23T23:15:30.662494" elapsed="0.000772"/>
</kw>
<kw name="Log" owner="BuiltIn">
<msg time="2024-05-23T23:15:30.663970" level="INFO">{'results': [{'gender': 'male', 'name': {'title': 'Mr', 'first': 'Aren', 'last': 'Stappers'}, 'location': {'street': {'number': 9243, 'name': 'Gaanderij'}, 'city': 'Doorn', 'state': 'Utrecht', 'country': 'Netherlands', 'postcode': '6877 ZN', 'coordinates': {'latitude': '30.4391', 'longitude': '-76.4480'}, 'timezone': {'offset': '+3:30', 'description': 'Tehran'}}, 'email': 'aren.stappers@example.com', 'login': {'uuid': '1a9e82c1-cb57-438f-9371-75319e1bacc7', 'username': 'lazybutterfly516', 'password': 'casino', 'salt': 'UTwCoI91', 'md5': '35fae7260b253acde6ca3c8af6c5ea55', 'sha1': '24e4153cd2425445557283f0a567f6a9a498bb33', 'sha256': '7cdf5491a3c85dd8b2b4ecf3f83d42fe2ead364d1777af8c9f1950cb2eae4c7d'}, 'dob': {'date': '1965-06-07T03:15:08.742Z', 'age': 58}, 'registered': {'date': '2006-08-22T07:29:17.135Z', 'age': 17}, 'phone': '(0703) 833842', 'cell': '(06) 49486655', 'id': {'name': 'BSN', 'value': '48116209'}, 'picture': {'large': 'https://randomuser.me/api/portraits/men/7.jpg', 'medium': 'https://randomuser.me/api/portraits/med/men/7.jpg', 'thumbnail': 'https://randomuser.me/api/portraits/thumb/men/7.jpg'}, 'nat': 'NL'}], 'info': {'seed': '8017f7a7937522b0', 'results': 1, 'page': 1, 'version': '1.4'}}</msg>
<arg>${json_data}</arg>
<doc>Logs the given message with the given level.</doc>
<status status="PASS" start="2024-05-23T23:15:30.663735" elapsed="0.000309"/>
</kw>
<kw name="Dictionary Should Contain Key" owner="Collections">
<msg time="2024-05-23T23:15:30.664821" level="INFO">False</msg>
<arg>${json_data}</arg>
<arg>results</arg>
<doc>Fails if ``key`` is not found from ``dictionary``.</doc>
<status status="PASS" start="2024-05-23T23:15:30.664563" elapsed="0.000326"/>
</kw>
<kw name="Should Not Be Empty" owner="BuiltIn">
<msg time="2024-05-23T23:15:30.665559" level="INFO">Length is 2.</msg>
<arg>${json_data}</arg>
<doc>Verifies that the given item is not empty.</doc>
<status status="PASS" start="2024-05-23T23:15:30.665353" elapsed="0.000269"/>
</kw>
<kw name="Create List" owner="BuiltIn">
<msg time="2024-05-23T23:15:30.666322" level="INFO">${expected_keys} = ['gender', 'name', 'location', 'email', 'login']</msg>
<var>${expected_keys}</var>
<arg>gender</arg>
<arg>name</arg>
<arg>location</arg>
<arg>email</arg>
<arg>login</arg>
<doc>Returns a list containing given items.</doc>
<status status="PASS" start="2024-05-23T23:15:30.666069" elapsed="0.000294"/>
</kw>
<for flavor="IN">
<iter>
<kw name="Dictionary Should Contain Key" owner="Collections">
<msg time="2024-05-23T23:15:30.668031" level="INFO">False</msg>
<arg>${json_data['results'][0]}</arg>
<arg>${key}</arg>
<doc>Fails if ``key`` is not found from ``dictionary``.</doc>
<status status="PASS" start="2024-05-23T23:15:30.667341" elapsed="0.000768"/>
</kw>
<kw name="Log" owner="BuiltIn">
<msg time="2024-05-23T23:15:30.669161" level="INFO">{'gender': 'male', 'name': {'title': 'Mr', 'first': 'Aren', 'last': 'Stappers'}, 'location': {'street': {'number': 9243, 'name': 'Gaanderij'}, 'city': 'Doorn', 'state': 'Utrecht', 'country': 'Netherlands', 'postcode': '6877 ZN', 'coordinates': {'latitude': '30.4391', 'longitude': '-76.4480'}, 'timezone': {'offset': '+3:30', 'description': 'Tehran'}}, 'email': 'aren.stappers@example.com', 'login': {'uuid': '1a9e82c1-cb57-438f-9371-75319e1bacc7', 'username': 'lazybutterfly516', 'password': 'casino', 'salt': 'UTwCoI91', 'md5': '35fae7260b253acde6ca3c8af6c5ea55', 'sha1': '24e4153cd2425445557283f0a567f6a9a498bb33', 'sha256': '7cdf5491a3c85dd8b2b4ecf3f83d42fe2ead364d1777af8c9f1950cb2eae4c7d'}, 'dob': {'date': '1965-06-07T03:15:08.742Z', 'age': 58}, 'registered': {'date': '2006-08-22T07:29:17.135Z', 'age': 17}, 'phone': '(0703) 833842', 'cell': '(06) 49486655', 'id': {'name': 'BSN', 'value': '48116209'}, 'picture': {'large': 'https://randomuser.me/api/portraits/men/7.jpg', 'medium': 'https://randomuser.me/api/portraits/med/men/7.jpg', 'thumbnail': 'https://randomuser.me/api/portraits/thumb/men/7.jpg'}, 'nat': 'NL'}</msg>
<arg>${json_data['results'][0]}</arg>
<doc>Logs the given message with the given level.</doc>
<status status="PASS" start="2024-05-23T23:15:30.668559" elapsed="0.000681"/>
</kw>
<kw name="Log" owner="BuiltIn">
<msg time="2024-05-23T23:15:30.669925" level="INFO">gender</msg>
<arg>${key}</arg>
<doc>Logs the given message with the given level.</doc>
<status status="PASS" start="2024-05-23T23:15:30.669723" elapsed="0.000260"/>
</kw>
<var name="${key}">gender</var>
<status status="PASS" start="2024-05-23T23:15:30.667143" elapsed="0.003192"/>
</iter>
<iter>
<kw name="Dictionary Should Contain Key" owner="Collections">
<msg time="2024-05-23T23:15:30.671466" level="INFO">False</msg>
<arg>${json_data['results'][0]}</arg>
<arg>${key}</arg>
<doc>Fails if ``key`` is not found from ``dictionary``.</doc>
<status status="PASS" start="2024-05-23T23:15:30.670816" elapsed="0.000716"/>
</kw>
<kw name="Log" owner="BuiltIn">
<msg time="2024-05-23T23:15:30.672649" level="INFO">{'gender': 'male', 'name': {'title': 'Mr', 'first': 'Aren', 'last': 'Stappers'}, 'location': {'street': {'number': 9243, 'name': 'Gaanderij'}, 'city': 'Doorn', 'state': 'Utrecht', 'country': 'Netherlands', 'postcode': '6877 ZN', 'coordinates': {'latitude': '30.4391', 'longitude': '-76.4480'}, 'timezone': {'offset': '+3:30', 'description': 'Tehran'}}, 'email': 'aren.stappers@example.com', 'login': {'uuid': '1a9e82c1-cb57-438f-9371-75319e1bacc7', 'username': 'lazybutterfly516', 'password': 'casino', 'salt': 'UTwCoI91', 'md5': '35fae7260b253acde6ca3c8af6c5ea55', 'sha1': '24e4153cd2425445557283f0a567f6a9a498bb33', 'sha256': '7cdf5491a3c85dd8b2b4ecf3f83d42fe2ead364d1777af8c9f1950cb2eae4c7d'}, 'dob': {'date': '1965-06-07T03:15:08.742Z', 'age': 58}, 'registered': {'date': '2006-08-22T07:29:17.135Z', 'age': 17}, 'phone': '(0703) 833842', 'cell': '(06) 49486655', 'id': {'name': 'BSN', 'value': '48116209'}, 'picture': {'large': 'https://randomuser.me/api/portraits/men/7.jpg', 'medium': 'https://randomuser.me/api/portraits/med/men/7.jpg', 'thumbnail': 'https://randomuser.me/api/portraits/thumb/men/7.jpg'}, 'nat': 'NL'}</msg>
<arg>${json_data['results'][0]}</arg>
<doc>Logs the given message with the given level.</doc>
<status status="PASS" start="2024-05-23T23:15:30.672049" elapsed="0.000683"/>
</kw>
<kw name="Log" owner="BuiltIn">
<msg time="2024-05-23T23:15:30.673427" level="INFO">name</msg>
<arg>${key}</arg>
<doc>Logs the given message with the given level.</doc>
<status status="PASS" start="2024-05-23T23:15:30.673217" elapsed="0.000279"/>
</kw>
<var name="${key}">name</var>
<status status="PASS" start="2024-05-23T23:15:30.670617" elapsed="0.003237"/>
</iter>
<iter>
<kw name="Dictionary Should Contain Key" owner="Collections">
<msg time="2024-05-23T23:15:30.675013" level="INFO">False</msg>
<arg>${json_data['results'][0]}</arg>
<arg>${key}</arg>
<doc>Fails if ``key`` is not found from ``dictionary``.</doc>
<status status="PASS" start="2024-05-23T23:15:30.674378" elapsed="0.000693"/>
</kw>
<kw name="Log" owner="BuiltIn">
<msg time="2024-05-23T23:15:30.676140" level="INFO">{'gender': 'male', 'name': {'title': 'Mr', 'first': 'Aren', 'last': 'Stappers'}, 'location': {'street': {'number': 9243, 'name': 'Gaanderij'}, 'city': 'Doorn', 'state': 'Utrecht', 'country': 'Netherlands', 'postcode': '6877 ZN', 'coordinates': {'latitude': '30.4391', 'longitude': '-76.4480'}, 'timezone': {'offset': '+3:30', 'description': 'Tehran'}}, 'email': 'aren.stappers@example.com', 'login': {'uuid': '1a9e82c1-cb57-438f-9371-75319e1bacc7', 'username': 'lazybutterfly516', 'password': 'casino', 'salt': 'UTwCoI91', 'md5': '35fae7260b253acde6ca3c8af6c5ea55', 'sha1': '24e4153cd2425445557283f0a567f6a9a498bb33', 'sha256': '7cdf5491a3c85dd8b2b4ecf3f83d42fe2ead364d1777af8c9f1950cb2eae4c7d'}, 'dob': {'date': '1965-06-07T03:15:08.742Z', 'age': 58}, 'registered': {'date': '2006-08-22T07:29:17.135Z', 'age': 17}, 'phone': '(0703) 833842', 'cell': '(06) 49486655', 'id': {'name': 'BSN', 'value': '48116209'}, 'picture': {'large': 'https://randomuser.me/api/portraits/men/7.jpg', 'medium': 'https://randomuser.me/api/portraits/med/men/7.jpg', 'thumbnail': 'https://randomuser.me/api/portraits/thumb/men/7.jpg'}, 'nat': 'NL'}</msg>
<arg>${json_data['results'][0]}</arg>
<doc>Logs the given message with the given level.</doc>
<status status="PASS" start="2024-05-23T23:15:30.675532" elapsed="0.000695"/>
</kw>
<kw name="Log" owner="BuiltIn">
<msg time="2024-05-23T23:15:30.676893" level="INFO">location</msg>
<arg>${key}</arg>
<doc>Logs the given message with the given level.</doc>
<status status="PASS" start="2024-05-23T23:15:30.676701" elapsed="0.000252"/>
</kw>
<var name="${key}">location</var>
<status status="PASS" start="2024-05-23T23:15:30.674186" elapsed="0.003117"/>
</iter>
<iter>
<kw name="Dictionary Should Contain Key" owner="Collections">
<msg time="2024-05-23T23:15:30.678594" level="INFO">False</msg>
<arg>${json_data['results'][0]}</arg>
<arg>${key}</arg>
<doc>Fails if ``key`` is not found from ``dictionary``.</doc>
<status status="PASS" start="2024-05-23T23:15:30.677770" elapsed="0.000882"/>
</kw>
<kw name="Log" owner="BuiltIn">
<msg time="2024-05-23T23:15:30.679723" level="INFO">{'gender': 'male', 'name': {'title': 'Mr', 'first': 'Aren', 'last': 'Stappers'}, 'location': {'street': {'number': 9243, 'name': 'Gaanderij'}, 'city': 'Doorn', 'state': 'Utrecht', 'country': 'Netherlands', 'postcode': '6877 ZN', 'coordinates': {'latitude': '30.4391', 'longitude': '-76.4480'}, 'timezone': {'offset': '+3:30', 'description': 'Tehran'}}, 'email': 'aren.stappers@example.com', 'login': {'uuid': '1a9e82c1-cb57-438f-9371-75319e1bacc7', 'username': 'lazybutterfly516', 'password': 'casino', 'salt': 'UTwCoI91', 'md5': '35fae7260b253acde6ca3c8af6c5ea55', 'sha1': '24e4153cd2425445557283f0a567f6a9a498bb33', 'sha256': '7cdf5491a3c85dd8b2b4ecf3f83d42fe2ead364d1777af8c9f1950cb2eae4c7d'}, 'dob': {'date': '1965-06-07T03:15:08.742Z', 'age': 58}, 'registered': {'date': '2006-08-22T07:29:17.135Z', 'age': 17}, 'phone': '(0703) 833842', 'cell': '(06) 49486655', 'id': {'name': 'BSN', 'value': '48116209'}, 'picture': {'large': 'https://randomuser.me/api/portraits/men/7.jpg', 'medium': 'https://randomuser.me/api/portraits/med/men/7.jpg', 'thumbnail': 'https://randomuser.me/api/portraits/thumb/men/7.jpg'}, 'nat': 'NL'}</msg>
<arg>${json_data['results'][0]}</arg>
<doc>Logs the given message with the given level.</doc>
<status status="PASS" start="2024-05-23T23:15:30.679126" elapsed="0.000673"/>
</kw>
<kw name="Log" owner="BuiltIn">
<msg time="2024-05-23T23:15:30.680443" level="INFO">email</msg>
<arg>${key}</arg>
<doc>Logs the given message with the given level.</doc>
<status status="PASS" start="2024-05-23T23:15:30.680248" elapsed="0.000264"/>
</kw>
<var name="${key}">email</var>
<status status="PASS" start="2024-05-23T23:15:30.677597" elapsed="0.003264"/>
</iter>
<iter>
<kw name="Dictionary Should Contain Key" owner="Collections">
<msg time="2024-05-23T23:15:30.681964" level="INFO">False</msg>
<arg>${json_data['results'][0]}</arg>
<arg>${key}</arg>
<doc>Fails if ``key`` is not found from ``dictionary``.</doc>
<status status="PASS" start="2024-05-23T23:15:30.681315" elapsed="0.000708"/>
</kw>
<kw name="Log" owner="BuiltIn">
<msg time="2024-05-23T23:15:30.683144" level="INFO">{'gender': 'male', 'name': {'title': 'Mr', 'first': 'Aren', 'last': 'Stappers'}, 'location': {'street': {'number': 9243, 'name': 'Gaanderij'}, 'city': 'Doorn', 'state': 'Utrecht', 'country': 'Netherlands', 'postcode': '6877 ZN', 'coordinates': {'latitude': '30.4391', 'longitude': '-76.4480'}, 'timezone': {'offset': '+3:30', 'description': 'Tehran'}}, 'email': 'aren.stappers@example.com', 'login': {'uuid': '1a9e82c1-cb57-438f-9371-75319e1bacc7', 'username': 'lazybutterfly516', 'password': 'casino', 'salt': 'UTwCoI91', 'md5': '35fae7260b253acde6ca3c8af6c5ea55', 'sha1': '24e4153cd2425445557283f0a567f6a9a498bb33', 'sha256': '7cdf5491a3c85dd8b2b4ecf3f83d42fe2ead364d1777af8c9f1950cb2eae4c7d'}, 'dob': {'date': '1965-06-07T03:15:08.742Z', 'age': 58}, 'registered': {'date': '2006-08-22T07:29:17.135Z', 'age': 17}, 'phone': '(0703) 833842', 'cell': '(06) 49486655', 'id': {'name': 'BSN', 'value': '48116209'}, 'picture': {'large': 'https://randomuser.me/api/portraits/men/7.jpg', 'medium': 'https://randomuser.me/api/portraits/med/men/7.jpg', 'thumbnail': 'https://randomuser.me/api/portraits/thumb/men/7.jpg'}, 'nat': 'NL'}</msg>
<arg>${json_data['results'][0]}</arg>
<doc>Logs the given message with the given level.</doc>
<status status="PASS" start="2024-05-23T23:15:30.682525" elapsed="0.000707"/>
</kw>
<kw name="Log" owner="BuiltIn">
<msg time="2024-05-23T23:15:30.683884" level="INFO">login</msg>
<arg>${key}</arg>
<doc>Logs the given message with the given level.</doc>
<status status="PASS" start="2024-05-23T23:15:30.683692" elapsed="0.000252"/>
</kw>
<var name="${key}">login</var>
<status status="PASS" start="2024-05-23T23:15:30.681142" elapsed="0.003119"/>
</iter>
<var>${key}</var>
<value>@{expected_keys}</value>
<status status="PASS" start="2024-05-23T23:15:30.666828" elapsed="0.017622"/>
</for>
<kw name="Create List" owner="BuiltIn">
<msg time="2024-05-23T23:15:30.685064" level="INFO">${expected_keysTwo} = ['username', 'password']</msg>
<var>${expected_keysTwo}</var>
<arg>username</arg>
<arg>password</arg>
<doc>Returns a list containing given items.</doc>
<status status="PASS" start="2024-05-23T23:15:30.684840" elapsed="0.000262"/>
</kw>
<for flavor="IN">
<iter>
<kw name="Dictionary Should Contain Key" owner="Collections">
<msg time="2024-05-23T23:15:30.686570" level="INFO">False</msg>
<arg>${json_data['results'][0]['login']}</arg>
<arg>${keyTwo}</arg>
<doc>Fails if ``key`` is not found from ``dictionary``.</doc>
<status status="PASS" start="2024-05-23T23:15:30.685879" elapsed="0.000757"/>
</kw>
<kw name="Dictionary Should Contain Key" owner="Collections">
<msg time="2024-05-23T23:15:30.687785" level="INFO">False</msg>
<arg>${json_data['results'][0]['login']}</arg>
<arg>${keyTwo}</arg>
<doc>Fails if ``key`` is not found from ``dictionary``.</doc>
<status status="PASS" start="2024-05-23T23:15:30.687116" elapsed="0.000744"/>
</kw>
<kw name="Log" owner="BuiltIn">
<msg time="2024-05-23T23:15:30.688497" level="INFO">username</msg>
<arg>${keyTwo}</arg>
<doc>Logs the given message with the given level.</doc>
<status status="PASS" start="2024-05-23T23:15:30.688307" elapsed="0.000251"/>
</kw>
<var name="${keyTwo}">username</var>
<status status="PASS" start="2024-05-23T23:15:30.685683" elapsed="0.003186"/>
</iter>
<iter>
<kw name="Dictionary Should Contain Key" owner="Collections">
<msg time="2024-05-23T23:15:30.689913" level="INFO">False</msg>
<arg>${json_data['results'][0]['login']}</arg>
<arg>${keyTwo}</arg>
<doc>Fails if ``key`` is not found from ``dictionary``.</doc>
<status status="PASS" start="2024-05-23T23:15:30.689296" elapsed="0.000684"/>
</kw>
<kw name="Dictionary Should Contain Key" owner="Collections">
<msg time="2024-05-23T23:15:30.691085" level="INFO">False</msg>
<arg>${json_data['results'][0]['login']}</arg>
<arg>${keyTwo}</arg>
<doc>Fails if ``key`` is not found from ``dictionary``.</doc>
<status status="PASS" start="2024-05-23T23:15:30.690489" elapsed="0.000655"/>
</kw>
<kw name="Log" owner="BuiltIn">
<msg time="2024-05-23T23:15:30.691803" level="INFO">password</msg>
<arg>${keyTwo}</arg>
<doc>Logs the given message with the given level.</doc>
<status status="PASS" start="2024-05-23T23:15:30.691601" elapsed="0.000263"/>
</kw>
<var name="${keyTwo}">password</var>
<status status="PASS" start="2024-05-23T23:15:30.689130" elapsed="0.003053"/>
</iter>
<var>${keyTwo}</var>
<value>@{expected_keysTwo}</value>
<status status="PASS" start="2024-05-23T23:15:30.685448" elapsed="0.006920"/>
</for>
<status status="PASS" start="2024-05-23T23:15:30.561392" elapsed="0.131233"/>
</kw>
<doc>Testa a estrutura da resposta da API.</doc>
<tag>testeEstruturaResposta</tag>
<status status="PASS" start="2024-05-23T23:15:30.560807" elapsed="0.132076"/>
</test>
<test id="s1-s1-t4" name="Validar tipos de dados" line="28">
<kw name="Teste de Tipos de Dados" owner="random-user-service">
<kw name="GET On Session" owner="RequestsLibrary">
<msg time="2024-05-23T23:15:30.765497" level="INFO">GET Request : url=https://randomuser.me/api 
 path_url=/api 
 headers={'User-Agent': 'python-requests/2.32.2', 'Accept-Encoding': 'gzip, deflate', 'Accept': '*/*', 'Connection': 'keep-alive'} 
 body=None 
 </msg>
<msg time="2024-05-23T23:15:30.765582" level="INFO">GET Response : url=https://randomuser.me/api 
 status=200, reason=OK 
 headers={'Date': 'Thu, 23 May 2024 23:15:30 GMT', 'Content-Type': 'application/json; charset=utf-8', 'Transfer-Encoding': 'chunked', 'Connection': 'keep-alive', 'X-Powered-By': 'Express', 'Access-Control-Allow-Origin': '*', 'Cache-Control': 'no-cache', 'ETag': 'W/"483-8JUek8BkNQeSqmDvjWBtxqmAVV8"', 'Vary': 'Accept-Encoding', 'Content-Encoding': 'gzip', 'CF-Cache-Status': 'DYNAMIC', 'Report-To': '{"endpoints":[{"url":"https:\\/\\/a.nel.cloudflare.com\\/report\\/v4?s=pP7%2FHkxErzWXZAXFOlfSsOhrPXdKol8TH8006d7Zrdp4cvk%2F7Q1iw0JHPPUcjOpjBsVM9821O4R9tIP%2FkTtS8W0mVeUHeA6m%2FcjUF8F86HPgrUiUqVaBGiGHzVp7bGBF"}],"group":"cf-nel","max_age":604800}', 'NEL': '{"success_fraction":0,"report_to":"cf-nel","max_age":604800}', 'Server': 'cloudflare', 'CF-RAY': '8888bf94daef8764-ORD', 'alt-svc': 'h3=":443"; ma=86400'} 
 body={"results":[{"gender":"male","name":{"title":"Mr","first":"Frederik","last":"Pedersen"},"location":{"street":{"number":1941,"name":"Kaj Munks Vej"},"city":"Amager","state":"Hovedstaden","country":"Denmark","postcode":17630,"coordinates":{"latitude":"-44.3576","longitude":"-59.3438"},"timezone":{"offset":"+2:00","description":"Kaliningrad, South Africa"}},"email":"frederik.pedersen@example.com","login":{"uuid":"4b836131-9d51-4921-933b-3d88e889193e","username":"bluepanda304","password":"cement","salt":"MZugJigu","md5":"0070f0833984c1a49a8cc7336158ed91","sha1":"a814ea1abc33425aa7a701155f9ce3e1fac1ed29","sha256":"5514c51b2dd5f42b3692ee00e0f82a780a76bfaecab91e8e0542056f24ee22ce"},"dob":{"date":"1991-01-02T11:33:42.767Z","age":33},"registered":{"date":"2013-02-02T07:18:17.596Z","age":11},"phone":"95551628","cell":"01579591","id":{"name":"CPR","value":"020191-8267"},"picture":{"large":"https://randomuser.me/api/portraits/men/50.jpg","medium":"https://randomuser.me/api/portraits/med/men/50.jpg","thumbnail":"https://randomuser.me/api/portraits/thumb/men/50.jpg"},"nat":"DK"}],"info":{"seed":"711388652740adb1","results":1,"page":1,"version":"1.4"}} 
 </msg>
<msg time="2024-05-23T23:15:30.765656" level="INFO">/opt/hostedtoolcache/Python/3.12.3/x64/lib/python3.12/site-packages/urllib3/connectionpool.py:1103: InsecureRequestWarning: Unverified HTTPS request is being made to host 'randomuser.me'. Adding certificate verification is strongly advised. See: https://urllib3.readthedocs.io/en/latest/advanced-usage.html#tls-warnings
  warnings.warn(</msg>
<msg time="2024-05-23T23:15:30.765769" level="INFO">${response} = &lt;Response [200]&gt;</msg>
<var>${response}</var>
<arg>consultarAPI</arg>
<arg>/api</arg>
<doc>Sends a GET request on a previously created HTTP Session.</doc>
<status status="PASS" start="2024-05-23T23:15:30.697147" elapsed="0.068661"/>
</kw>
<kw name="Set Variable" owner="BuiltIn">
<msg time="2024-05-23T23:15:30.766706" level="INFO">${json_data} = {'results': [{'gender': 'male', 'name': {'title': 'Mr', 'first': 'Frederik', 'last': 'Pedersen'}, 'location': {'street': {'number': 1941, 'name': 'Kaj Munks Vej'}, 'city': 'Amager', 'state': 'Hovedsta...</msg>
<var>${json_data}</var>
<arg>${response.json()}</arg>
<doc>Returns the given values which can then be assigned to a variables.</doc>
<status status="PASS" start="2024-05-23T23:15:30.766258" elapsed="0.000478"/>
</kw>
<kw name="Log" owner="BuiltIn">
<msg time="2024-05-23T23:15:30.767203" level="INFO">{'results': [{'gender': 'male', 'name': {'title': 'Mr', 'first': 'Frederik', 'last': 'Pedersen'}, 'location': {'street': {'number': 1941, 'name': 'Kaj Munks Vej'}, 'city': 'Amager', 'state': 'Hovedstaden', 'country': 'Denmark', 'postcode': 17630, 'coordinates': {'latitude': '-44.3576', 'longitude': '-59.3438'}, 'timezone': {'offset': '+2:00', 'description': 'Kaliningrad, South Africa'}}, 'email': 'frederik.pedersen@example.com', 'login': {'uuid': '4b836131-9d51-4921-933b-3d88e889193e', 'username': 'bluepanda304', 'password': 'cement', 'salt': 'MZugJigu', 'md5': '0070f0833984c1a49a8cc7336158ed91', 'sha1': 'a814ea1abc33425aa7a701155f9ce3e1fac1ed29', 'sha256': '5514c51b2dd5f42b3692ee00e0f82a780a76bfaecab91e8e0542056f24ee22ce'}, 'dob': {'date': '1991-01-02T11:33:42.767Z', 'age': 33}, 'registered': {'date': '2013-02-02T07:18:17.596Z', 'age': 11}, 'phone': '95551628', 'cell': '01579591', 'id': {'name': 'CPR', 'value': '020191-8267'}, 'picture': {'large': 'https://randomuser.me/api/portraits/men/50.jpg', 'medium': 'https://randomuser.me/api/portraits/med/men/50.jpg', 'thumbnail': 'https://randomuser.me/api/portraits/thumb/men/50.jpg'}, 'nat': 'DK'}], 'info': {'seed': '711388652740adb1', 'results': 1, 'page': 1, 'version': '1.4'}}</msg>
<arg>${json_data}</arg>
<doc>Logs the given message with the given level.</doc>
<status status="PASS" start="2024-05-23T23:15:30.767044" elapsed="0.000218"/>
</kw>
<kw name="Should Be String" owner="String">
<arg>${json_data['results'][0]['gender']}</arg>
<doc>Fails if the given ``item`` is not a string.</doc>
<status status="PASS" start="2024-05-23T23:15:30.767585" elapsed="0.000363"/>
</kw>
<kw name="Should Match Regexp" owner="BuiltIn">
<arg>${json_data['results'][0]['email']}</arg>
<arg>^[a-zA-Z0-9._%+-]+@[a-zA-Z0-9.-]+\.[a-zA-Z]{2,}$</arg>
<doc>Fails if ``string`` does not match ``pattern`` as a regular expression.</doc>
<status status="PASS" start="2024-05-23T23:15:30.768147" elapsed="0.000634"/>
</kw>
<kw name="Should Match Regexp" owner="BuiltIn">
<arg>${json_data['results'][0]['dob']['date']}</arg>
<arg>\\d{4}-\\d{2}-\\d{2}T\\d{2}:\\d{2}:\\d{2}\\.\\d{3}Z</arg>
<doc>Fails if ``string`` does not match ``pattern`` as a regular expression.</doc>
<status status="PASS" start="2024-05-23T23:15:30.768983" elapsed="0.000497"/>
</kw>
<kw name="Should Match Regexp" owner="BuiltIn">
<arg>${json_data['results'][0]['registered']['date']}</arg>
<arg>\\d{4}-\\d{2}-\\d{2}T\\d{2}:\\d{2}:\\d{2}\\.\\d{3}Z</arg>
<doc>Fails if ``string`` does not match ``pattern`` as a regular expression.</doc>
<status status="PASS" start="2024-05-23T23:15:30.769676" elapsed="0.000371"/>
</kw>
<kw name="Should Match Regexp" owner="BuiltIn">
<arg>${json_data['results'][0]['picture']['large']}</arg>
<arg>^https?://.*\.(?:png|jpe?g|gif|bmp)$</arg>
<doc>Fails if ``string`` does not match ``pattern`` as a regular expression.</doc>
<status status="PASS" start="2024-05-23T23:15:30.770278" elapsed="0.000471"/>
</kw>
<kw name="Should Match Regexp" owner="BuiltIn">
<arg>${json_data['results'][0]['picture']['medium']}</arg>
<arg>^https?://.*\.(?:png|jpe?g|gif|bmp)$</arg>
<doc>Fails if ``string`` does not match ``pattern`` as a regular expression.</doc>
<status status="PASS" start="2024-05-23T23:15:30.770941" elapsed="0.000355"/>
</kw>
<kw name="Should Match Regexp" owner="BuiltIn">
<arg>${json_data['results'][0]['picture']['thumbnail']}</arg>
<arg>^https?://.*\.(?:png|jpe?g|gif|bmp)$</arg>
<doc>Fails if ``string`` does not match ``pattern`` as a regular expression.</doc>
<status status="PASS" start="2024-05-23T23:15:30.771485" elapsed="0.000369"/>
</kw>
<kw name="Log" owner="BuiltIn">
<msg time="2024-05-23T23:15:30.772374" level="INFO">{'large': 'https://randomuser.me/api/portraits/men/50.jpg', 'medium': 'https://randomuser.me/api/portraits/med/men/50.jpg', 'thumbnail': 'https://randomuser.me/api/portraits/thumb/men/50.jpg'}</msg>
<arg>${json_data['results'][0]['picture']}</arg>
<doc>Logs the given message with the given level.</doc>
<status status="PASS" start="2024-05-23T23:15:30.772048" elapsed="0.000366"/>
</kw>
<status status="PASS" start="2024-05-23T23:15:30.696767" elapsed="0.075899"/>
</kw>
<kw name="Teste de Tipos de Dados - Postcode" owner="random-user-service">
<kw name="GET On Session" owner="RequestsLibrary">
<msg time="2024-05-23T23:15:30.868328" level="INFO">GET Request : url=https://randomuser.me/api 
 path_url=/api 
 headers={'User-Agent': 'python-requests/2.32.2', 'Accept-Encoding': 'gzip, deflate', 'Accept': '*/*', 'Connection': 'keep-alive'} 
 body=None 
 </msg>
<msg time="2024-05-23T23:15:30.868390" level="INFO">GET Response : url=https://randomuser.me/api 
 status=200, reason=OK 
 headers={'Date': 'Thu, 23 May 2024 23:15:30 GMT', 'Content-Type': 'application/json; charset=utf-8', 'Transfer-Encoding': 'chunked', 'Connection': 'keep-alive', 'X-Powered-By': 'Express', 'Access-Control-Allow-Origin': '*', 'Cache-Control': 'no-cache', 'ETag': 'W/"477-eTtpGipfIdWEeH69CMI4jJGAsBU"', 'Vary': 'Accept-Encoding', 'Content-Encoding': 'gzip', 'CF-Cache-Status': 'DYNAMIC', 'Report-To': '{"endpoints":[{"url":"https:\\/\\/a.nel.cloudflare.com\\/report\\/v4?s=mRoA6f24AIbta17wvJE8fuAULUkLwqYEq5%2Fu0uUxaNUnIwcG65XLMuV59mnXiHx%2BFrvL4y300mE6c%2FEUXz4t8fSYQLLBtHk5Zw574uto0wJQbZa4taKPYLzueim1JR%2B4"}],"group":"cf-nel","max_age":604800}', 'NEL': '{"success_fraction":0,"report_to":"cf-nel","max_age":604800}', 'Server': 'cloudflare', 'CF-RAY': '8888bf955b7c8764-ORD', 'alt-svc': 'h3=":443"; ma=86400'} 
 body={"results":[{"gender":"female","name":{"title":"Ms","first":"Prithvi","last":"Adiga"},"location":{"street":{"number":5791,"name":"Bannerghatta Rd"},"city":"Munger","state":"Andhra Pradesh","country":"India","postcode":29115,"coordinates":{"latitude":"6.0983","longitude":"152.8666"},"timezone":{"offset":"-10:00","description":"Hawaii"}},"email":"prithvi.adiga@example.com","login":{"uuid":"90e190a0-3c41-4aff-a564-98e8c6fc4b16","username":"crazylion582","password":"hand","salt":"UsfP99jv","md5":"c5617602991e009e5f4a71311e1671e4","sha1":"6e63e35afa55b6f79c38baca314b717236ff6690","sha256":"9ca6bf27d9006165e8bbb664cbc008ace2d7063de7b472a0ea5193c1fb698c41"},"dob":{"date":"1997-04-30T13:19:53.568Z","age":27},"registered":{"date":"2013-05-01T13:47:55.831Z","age":11},"phone":"8972613541","cell":"9379390701","id":{"name":"UIDAI","value":"770802601687"},"picture":{"large":"https://randomuser.me/api/portraits/women/73.jpg","medium":"https://randomuser.me/api/portraits/med/women/73.jpg","thumbnail":"https://randomuser.me/api/portraits/thumb/women/73.jpg"},"nat":"IN"}],"info":{"seed":"7467806ed030ec2d","results":1,"page":1,"version":"1.4"}} 
 </msg>
<msg time="2024-05-23T23:15:30.868444" level="INFO">/opt/hostedtoolcache/Python/3.12.3/x64/lib/python3.12/site-packages/urllib3/connectionpool.py:1103: InsecureRequestWarning: Unverified HTTPS request is being made to host 'randomuser.me'. Adding certificate verification is strongly advised. See: https://urllib3.readthedocs.io/en/latest/advanced-usage.html#tls-warnings
  warnings.warn(</msg>
<msg time="2024-05-23T23:15:30.868527" level="INFO">${response} = &lt;Response [200]&gt;</msg>
<var>${response}</var>
<arg>consultarAPI</arg>
<arg>/api</arg>
<doc>Sends a GET request on a previously created HTTP Session.</doc>
<status status="PASS" start="2024-05-23T23:15:30.773101" elapsed="0.095451"/>
</kw>
<kw name="Set Variable" owner="BuiltIn">
<msg time="2024-05-23T23:15:30.869375" level="INFO">${json_data} = {'results': [{'gender': 'female', 'name': {'title': 'Ms', 'first': 'Prithvi', 'last': 'Adiga'}, 'location': {'street': {'number': 5791, 'name': 'Bannerghatta Rd'}, 'city': 'Munger', 'state': 'Andhra P...</msg>
<var>${json_data}</var>
<arg>${response.json()}</arg>
<doc>Returns the given values which can then be assigned to a variables.</doc>
<status status="PASS" start="2024-05-23T23:15:30.868929" elapsed="0.000475"/>
</kw>
<kw name="Log" owner="BuiltIn">
<msg time="2024-05-23T23:15:30.869861" level="INFO">{'results': [{'gender': 'female', 'name': {'title': 'Ms', 'first': 'Prithvi', 'last': 'Adiga'}, 'location': {'street': {'number': 5791, 'name': 'Bannerghatta Rd'}, 'city': 'Munger', 'state': 'Andhra Pradesh', 'country': 'India', 'postcode': 29115, 'coordinates': {'latitude': '6.0983', 'longitude': '152.8666'}, 'timezone': {'offset': '-10:00', 'description': 'Hawaii'}}, 'email': 'prithvi.adiga@example.com', 'login': {'uuid': '90e190a0-3c41-4aff-a564-98e8c6fc4b16', 'username': 'crazylion582', 'password': 'hand', 'salt': 'UsfP99jv', 'md5': 'c5617602991e009e5f4a71311e1671e4', 'sha1': '6e63e35afa55b6f79c38baca314b717236ff6690', 'sha256': '9ca6bf27d9006165e8bbb664cbc008ace2d7063de7b472a0ea5193c1fb698c41'}, 'dob': {'date': '1997-04-30T13:19:53.568Z', 'age': 27}, 'registered': {'date': '2013-05-01T13:47:55.831Z', 'age': 11}, 'phone': '8972613541', 'cell': '9379390701', 'id': {'name': 'UIDAI', 'value': '770802601687'}, 'picture': {'large': 'https://randomuser.me/api/portraits/women/73.jpg', 'medium': 'https://randomuser.me/api/portraits/med/women/73.jpg', 'thumbnail': 'https://randomuser.me/api/portraits/thumb/women/73.jpg'}, 'nat': 'IN'}], 'info': {'seed': '7467806ed030ec2d', 'results': 1, 'page': 1, 'version': '1.4'}}</msg>
<arg>${json_data}</arg>
<doc>Logs the given message with the given level.</doc>
<status status="PASS" start="2024-05-23T23:15:30.869710" elapsed="0.000198"/>
</kw>
<kw name="Should Be Equal As Numbers" owner="BuiltIn">
<arg>${json_data['results'][0]['location']['postcode']}</arg>
<arg>${json_data['results'][0]['location']['postcode']}</arg>
<doc>Fails if objects are unequal after converting them to real numbers.</doc>
<status status="PASS" start="2024-05-23T23:15:30.870235" elapsed="0.000620"/>
</kw>
<kw name="Log" owner="BuiltIn">
<msg time="2024-05-23T23:15:30.871420" level="INFO">29115</msg>
<arg>${json_data['results'][0]['location']['postcode']}</arg>
<doc>Logs the given message with the given level.</doc>
<status status="PASS" start="2024-05-23T23:15:30.871078" elapsed="0.000382"/>
</kw>
<status status="PASS" start="2024-05-23T23:15:30.772880" elapsed="0.098831"/>
</kw>
<doc>Testa se os tipos de dados na resposta da API estão corretos.</doc>
<tag>testeTiposDados</tag>
<status status="PASS" start="2024-05-23T23:15:30.696086" elapsed="0.175783"/>
</test>
<test id="s1-s1-t5" name="Validar conteudo" line="35">
<kw name="Teste de Tipos de Conteudo" owner="random-user-service">
<kw name="GET On Session" owner="RequestsLibrary">
<msg time="2024-05-23T23:15:30.958969" level="INFO">GET Request : url=https://randomuser.me/api 
 path_url=/api 
 headers={'User-Agent': 'python-requests/2.32.2', 'Accept-Encoding': 'gzip, deflate', 'Accept': '*/*', 'Connection': 'keep-alive'} 
 body=None 
 </msg>
<msg time="2024-05-23T23:15:30.959053" level="INFO">GET Response : url=https://randomuser.me/api 
 status=200, reason=OK 
 headers={'Date': 'Thu, 23 May 2024 23:15:30 GMT', 'Content-Type': 'application/json; charset=utf-8', 'Transfer-Encoding': 'chunked', 'Connection': 'keep-alive', 'X-Powered-By': 'Express', 'Access-Control-Allow-Origin': '*', 'Cache-Control': 'no-cache', 'ETag': 'W/"4a8-NiVjOGYPTqB3oco6ACkhblDAXuU"', 'Vary': 'Accept-Encoding', 'Content-Encoding': 'gzip', 'CF-Cache-Status': 'DYNAMIC', 'Report-To': '{"endpoints":[{"url":"https:\\/\\/a.nel.cloudflare.com\\/report\\/v4?s=sZ7OeJdBG6vdbvY%2BJJOfUK55jdRxyyPJAQhKttjZ2aV%2BjB9dbrieEm1GY%2FuHYJPRR8ZtFCQP46VMe62XpQJOA0R2o0Lni66X1nHO7TBrriZlNHqf8yQZwfNX5yKPaLaU"}],"group":"cf-nel","max_age":604800}', 'NEL': '{"success_fraction":0,"report_to":"cf-nel","max_age":604800}', 'Server': 'cloudflare', 'CF-RAY': '8888bf95fc5c8764-ORD', 'alt-svc': 'h3=":443"; ma=86400'} 
 body={"results":[{"gender":"male","name":{"title":"Monsieur","first":"Josip","last":"Rousseau"},"location":{"street":{"number":8461,"name":"Rue Courbet"},"city":"Walliswil bei Niederbipp","state":"Vaud","country":"Switzerland","postcode":1814,"coordinates":{"latitude":"-57.7725","longitude":"-68.3262"},"timezone":{"offset":"+1:00","description":"Brussels, Copenhagen, Madrid, Paris"}},"email":"josip.rousseau@example.com","login":{"uuid":"8e7d7fe7-ceee-41b4-87a7-413d1455007a","username":"redkoala347","password":"hotshot","salt":"X355hRra","md5":"0185ff5e6e012ad9232764d2b21b5d12","sha1":"a709fd1f91384fd110f9ec3cbcaa0f42daf59039","sha256":"a2a78ae7e6dbba0deecaf63b90f09ebf7fee67f4cfc974cf2a74bf69bdbaea2e"},"dob":{"date":"1948-04-08T17:44:39.483Z","age":76},"registered":{"date":"2006-03-17T14:41:23.057Z","age":18},"phone":"076 330 04 66","cell":"078 270 60 97","id":{"name":"AVS","value":"756.5192.9577.73"},"picture":{"large":"https://randomuser.me/api/portraits/men/86.jpg","medium":"https://randomuser.me/api/portraits/med/men/86.jpg","thumbnail":"https://randomuser.me/api/portraits/thumb/men/86.jpg"},"nat":"CH"}],"info":{"seed":"410c809af2ac7e78","results":1,"page":1,"version":"1.4"}} 
 </msg>
<msg time="2024-05-23T23:15:30.959125" level="INFO">/opt/hostedtoolcache/Python/3.12.3/x64/lib/python3.12/site-packages/urllib3/connectionpool.py:1103: InsecureRequestWarning: Unverified HTTPS request is being made to host 'randomuser.me'. Adding certificate verification is strongly advised. See: https://urllib3.readthedocs.io/en/latest/advanced-usage.html#tls-warnings
  warnings.warn(</msg>
<msg time="2024-05-23T23:15:30.959254" level="INFO">${response} = &lt;Response [200]&gt;</msg>
<var>${response}</var>
<arg>consultarAPI</arg>
<arg>/api</arg>
<doc>Sends a GET request on a previously created HTTP Session.</doc>
<status status="PASS" start="2024-05-23T23:15:30.874618" elapsed="0.084691"/>
</kw>
<kw name="Set Variable" owner="BuiltIn">
<msg time="2024-05-23T23:15:30.960350" level="INFO">${json_data} = {'results': [{'gender': 'male', 'name': {'title': 'Monsieur', 'first': 'Josip', 'last': 'Rousseau'}, 'location': {'street': {'number': 8461, 'name': 'Rue Courbet'}, 'city': 'Walliswil bei Niederbipp',...</msg>
<var>${json_data}</var>
<arg>${response.json()}</arg>
<doc>Returns the given values which can then be assigned to a variables.</doc>
<status status="PASS" start="2024-05-23T23:15:30.959792" elapsed="0.000586"/>
</kw>
<kw name="Set Variable" owner="BuiltIn">
<msg time="2024-05-23T23:15:30.961066" level="INFO">${name_title} = Monsieur</msg>
<var>${name_title}</var>
<arg>${json_data["results"][0]["name"]["title"]}</arg>
<doc>Returns the given values which can then be assigned to a variables.</doc>
<status status="PASS" start="2024-05-23T23:15:30.960687" elapsed="0.000404"/>
</kw>
<kw name="Create List" owner="BuiltIn">
<msg time="2024-05-23T23:15:30.961540" level="INFO">${allowed_titles} = ['Mr', 'Ms', 'Miss', 'Mrs', 'Madame', 'Monsieur']</msg>
<var>${allowed_titles}</var>
<arg>Mr</arg>
<arg>Ms</arg>
<arg>Miss</arg>
<arg>Mrs</arg>
<arg>Madame</arg>
<arg>Monsieur</arg>
<doc>Returns a list containing given items.</doc>
<status status="PASS" start="2024-05-23T23:15:30.961392" elapsed="0.000173"/>
</kw>
<kw name="List Should Contain Value" owner="Collections">
<msg time="2024-05-23T23:15:30.962045" level="INFO">False</msg>
<arg>${allowed_titles}</arg>
<arg>${name_title}</arg>
<doc>Fails if the ``value`` is not found from ``list``.</doc>
<status status="PASS" start="2024-05-23T23:15:30.961872" elapsed="0.000210"/>
</kw>
<kw name="Set Variable" owner="BuiltIn">
<msg time="2024-05-23T23:15:30.962940" level="INFO">${name_country} = CH</msg>
<var>${name_country}</var>
<arg>${json_data["results"][0]["nat"]}</arg>
<doc>Returns the given values which can then be assigned to a variables.</doc>
<status status="PASS" start="2024-05-23T23:15:30.962422" elapsed="0.000544"/>
</kw>
<kw name="Create List" owner="BuiltIn">
<msg time="2024-05-23T23:15:30.963888" level="INFO">${list_country} = ['AD', 'AE', 'AF', 'AG', 'AI', 'AL', 'AM', 'AO', 'AQ', 'AR', 'AS', 'AT', 'AU', 'AW', 'AX', 'AZ', 'BA', 'BB', 'BD', 'BE', 'BF', 'BG', 'BH', 'BI', 'BJ', 'BL', 'BM', 'BN', 'BO', 'BQ', 'BR', 'BS', 'BT', '...</msg>
<var>${list_country}</var>
<arg>AD</arg>
<arg>AE</arg>
<arg>AF</arg>
<arg>AG</arg>
<arg>AI</arg>
<arg>AL</arg>
<arg>AM</arg>
<arg>AO</arg>
<arg>AQ</arg>
<arg>AR</arg>
<arg>AS</arg>
<arg>AT</arg>
<arg>AU</arg>
<arg>AW</arg>
<arg>AX</arg>
<arg>AZ</arg>
<arg>BA</arg>
<arg>BB</arg>
<arg>BD</arg>
<arg>BE</arg>
<arg>BF</arg>
<arg>BG</arg>
<arg>BH</arg>
<arg>BI</arg>
<arg>BJ</arg>
<arg>BL</arg>
<arg>BM</arg>
<arg>BN</arg>
<arg>BO</arg>
<arg>BQ</arg>
<arg>BR</arg>
<arg>BS</arg>
<arg>BT</arg>
<arg>BV</arg>
<arg>BW</arg>
<arg>BY</arg>
<arg>BZ</arg>
<arg>CA</arg>
<arg>CC</arg>
<arg>CD</arg>
<arg>CF</arg>
<arg>CG</arg>
<arg>CH</arg>
<arg>CI</arg>
<arg>CK</arg>
<arg>CL</arg>
<arg>CM</arg>
<arg>CN</arg>
<arg>CO</arg>
<arg>CR</arg>
<arg>CU</arg>
<arg>CV</arg>
<arg>CW</arg>
<arg>CX</arg>
<arg>CY</arg>
<arg>CZ</arg>
<arg>DE</arg>
<arg>DJ</arg>
<arg>DK</arg>
<arg>DM</arg>
<arg>DO</arg>
<arg>DZ</arg>
<arg>EC</arg>
<arg>EE</arg>
<arg>EG</arg>
<arg>EH</arg>
<arg>ER</arg>
<arg>ES</arg>
<arg>ET</arg>
<arg>FI</arg>
<arg>FJ</arg>
<arg>FK</arg>
<arg>FM</arg>
<arg>FO</arg>
<arg>FR</arg>
<arg>GA</arg>
<arg>GB</arg>
<arg>GD</arg>
<arg>GE</arg>
<arg>GF</arg>
<arg>GG</arg>
<arg>GH</arg>
<arg>GI</arg>
<arg>GL</arg>
<arg>GM</arg>
<arg>GN</arg>
<arg>GP</arg>
<arg>GQ</arg>
<arg>GR</arg>
<arg>GS</arg>
<arg>GT</arg>
<arg>GU</arg>
<arg>GW</arg>
<arg>GY</arg>
<arg>HK</arg>
<arg>HM</arg>
<arg>HN</arg>
<arg>HR</arg>
<arg>HT</arg>
<arg>HU</arg>
<arg>ID</arg>
<arg>IE</arg>
<arg>IL</arg>
<arg>IM</arg>
<arg>IN</arg>
<arg>IO</arg>
<arg>IQ</arg>
<arg>IR</arg>
<arg>IS</arg>
<arg>IT</arg>
<arg>JE</arg>
<arg>JM</arg>
<arg>JO</arg>
<arg>JP</arg>
<arg>KE</arg>
<arg>KG</arg>
<arg>KH</arg>
<arg>KI</arg>
<arg>KM</arg>
<arg>KN</arg>
<arg>KP</arg>
<arg>KR</arg>
<arg>KW</arg>
<arg>KY</arg>
<arg>KZ</arg>
<arg>LA</arg>
<arg>LB</arg>
<arg>LC</arg>
<arg>LI</arg>
<arg>LK</arg>
<arg>LR</arg>
<arg>LS</arg>
<arg>LT</arg>
<arg>LU</arg>
<arg>LV</arg>
<arg>LY</arg>
<arg>MA</arg>
<arg>MC</arg>
<arg>MD</arg>
<arg>ME</arg>
<arg>MF</arg>
<arg>MG</arg>
<arg>MH</arg>
<arg>MK</arg>
<arg>ML</arg>
<arg>MM</arg>
<arg>MN</arg>
<arg>MO</arg>
<arg>MP</arg>
<arg>MQ</arg>
<arg>MR</arg>
<arg>MS</arg>
<arg>MT</arg>
<arg>MU</arg>
<arg>MV</arg>
<arg>MW</arg>
<arg>MX</arg>
<arg>MY</arg>
<arg>MZ</arg>
<arg>NA</arg>
<arg>NC</arg>
<arg>NE</arg>
<arg>NF</arg>
<arg>NG</arg>
<arg>NI</arg>
<arg>NL</arg>
<arg>NO</arg>
<arg>NP</arg>
<arg>NR</arg>
<arg>NU</arg>
<arg>NZ</arg>
<arg>OM</arg>
<arg>PA</arg>
<arg>PE</arg>
<arg>PF</arg>
<arg>PG</arg>
<arg>PH</arg>
<arg>PK</arg>
<arg>PL</arg>
<arg>PM</arg>
<arg>PN</arg>
<arg>PR</arg>
<arg>PS</arg>
<arg>PT</arg>
<arg>PW</arg>
<arg>PY</arg>
<arg>QA</arg>
<arg>RE</arg>
<arg>RO</arg>
<arg>RS</arg>
<arg>RU</arg>
<arg>RW</arg>
<arg>SA</arg>
<arg>SB</arg>
<arg>SC</arg>
<arg>SD</arg>
<arg>SE</arg>
<arg>SG</arg>
<arg>SH</arg>
<arg>SI</arg>
<arg>SJ</arg>
<arg>SK</arg>
<arg>SL</arg>
<arg>SM</arg>
<arg>SN</arg>
<arg>SO</arg>
<arg>SR</arg>
<arg>SS</arg>
<arg>ST</arg>
<arg>SV</arg>
<arg>SX</arg>
<arg>SY</arg>
<arg>SZ</arg>
<arg>TC</arg>
<arg>TD</arg>
<arg>TF</arg>
<arg>TG</arg>
<arg>TH</arg>
<arg>TJ</arg>
<arg>TK</arg>
<arg>TL</arg>
<arg>TM</arg>
<arg>TN</arg>
<arg>TO</arg>
<arg>TR</arg>
<arg>TT</arg>
<arg>TV</arg>
<arg>TW</arg>
<arg>TZ</arg>
<arg>UA</arg>
<arg>UG</arg>
<arg>UM</arg>
<arg>US</arg>
<arg>UY</arg>
<arg>UZ</arg>
<arg>VA</arg>
<arg>VC</arg>
<arg>VE</arg>
<arg>VG</arg>
<arg>VI</arg>
<arg>VN</arg>
<arg>VU</arg>
<arg>WF</arg>
<arg>WS</arg>
<arg>XK</arg>
<arg>YE</arg>
<arg>YT</arg>
<arg>ZA</arg>
<arg>ZM</arg>
<arg>ZW</arg>
<doc>Returns a list containing given items.</doc>
<status status="PASS" start="2024-05-23T23:15:30.963276" elapsed="0.000637"/>
</kw>
<kw name="List Should Contain Value" owner="Collections">
<msg time="2024-05-23T23:15:30.964904" level="INFO">False</msg>
<arg>${list_country}</arg>
<arg>${name_country}</arg>
<doc>Fails if the ``value`` is not found from ``list``.</doc>
<status status="PASS" start="2024-05-23T23:15:30.964703" elapsed="0.000237"/>
</kw>
<kw name="Run Keyword If" owner="BuiltIn">
<kw name="Should Be True" owner="BuiltIn">
<arg>${True}</arg>
<doc>Fails if the given condition is not true.</doc>
<status status="PASS" start="2024-05-23T23:15:30.965993" elapsed="0.000173"/>
</kw>
<arg>${json_data["results"][0]["location"]["coordinates"]["latitude"]} &gt;= -90 and ${json_data["results"][0]["location"]["coordinates"]["latitude"]} &lt;= 90</arg>
<arg>Should Be True</arg>
<arg>${True}</arg>
<doc>Runs the given keyword with the given arguments, if ``condition`` is true.</doc>
<status status="PASS" start="2024-05-23T23:15:30.965250" elapsed="0.001053"/>
</kw>
<kw name="Run Keyword If" owner="BuiltIn">
<kw name="Should Be True" owner="BuiltIn">
<arg>${True}</arg>
<doc>Fails if the given condition is not true.</doc>
<status status="PASS" start="2024-05-23T23:15:30.967186" elapsed="0.000136"/>
</kw>
<arg>${json_data["results"][0]["location"]["coordinates"]["longitude"]} &gt;= -180 and ${json_data["results"][0]["location"]["coordinates"]["longitude"]} &lt;= 180</arg>
<arg>Should Be True</arg>
<arg>${True}</arg>
<doc>Runs the given keyword with the given arguments, if ``condition`` is true.</doc>
<status status="PASS" start="2024-05-23T23:15:30.966488" elapsed="0.000956"/>
</kw>
<status status="PASS" start="2024-05-23T23:15:30.874241" elapsed="0.093328"/>
</kw>
<doc>Testa o conteúdo específico dos campos retornados pela API.</doc>
<tag>testeConteudo</tag>
<status status="PASS" start="2024-05-23T23:15:30.873565" elapsed="0.094145"/>
</test>
<status status="PASS" start="2024-05-23T23:15:30.128183" elapsed="0.841411"/>
</suite>
<status status="PASS" start="2024-05-23T23:15:30.114334" elapsed="0.860455"/>
</suite>
<statistics>
<total>
<stat pass="5" fail="0" skip="0">All Tests</stat>
</total>
<tag>
<stat pass="1" fail="0" skip="0">testeConteudo</stat>
<stat pass="1" fail="0" skip="0">testeEstruturaResposta</stat>
<stat pass="1" fail="0" skip="0">testeRequisicaoBasica</stat>
<stat pass="1" fail="0" skip="0">testeTiposDados</stat>
</tag>
<suite>
<stat pass="5" fail="0" skip="0" id="s1" name="Tests">Tests</stat>
<stat pass="5" fail="0" skip="0" id="s1-s1" name="Random-User-Test">Tests.Random-User-Test</stat>
</suite>
</statistics>
<errors>
</errors>
</robot>
