<?xml version="1.0" encoding="UTF-8"?>
<robot generator="Robot 7.0 (Python 3.12.3 on linux)" generated="2024-05-04T03:15:36.294492" rpa="false" schemaversion="5">
<suite id="s1" name="Tests" source="/home/runner/work/DesafioQAItauRogerioJordao/DesafioQAItauRogerioJordao/RamdonUser/tests">
<suite id="s1-s1" name="Random-User-Test" source="/home/runner/work/DesafioQAItauRogerioJordao/DesafioQAItauRogerioJordao/RamdonUser/tests/random-user-test.robot">
<test id="s1-s1-t1" name="Conectar" line="13">
<kw name="Conectar API" owner="random-user-service">
<kw name="Create Session" owner="RequestsLibrary">
<msg time="2024-05-04T03:15:36.646470" level="INFO">Creating Session using : alias=consultarAPI, url=https://randomuser.me/, headers={},                     cookies={}, auth=None, timeout=None, proxies=None, verify=False,                     debug=0 </msg>
<arg>consultarAPI</arg>
<arg>${URL}</arg>
<doc>Create Session: create a HTTP session to a server</doc>
<status status="PASS" start="2024-05-04T03:15:36.646281" elapsed="0.000351"/>
</kw>
<status status="PASS" start="2024-05-04T03:15:36.645375" elapsed="0.001593"/>
</kw>
<status status="PASS" start="2024-05-04T03:15:36.644805" elapsed="0.002351"/>
</test>
<test id="s1-s1-t2" name="Validar retorno 200 e JSON Válido" line="16">
<kw name="Teste de Requisicao Basica" owner="random-user-service">
<kw name="GET On Session" owner="RequestsLibrary">
<msg time="2024-05-04T03:15:36.736374" level="INFO">GET Request : url=https://randomuser.me/api 
 path_url=/api 
 headers={'User-Agent': 'python-requests/2.31.0', 'Accept-Encoding': 'gzip, deflate', 'Accept': '*/*', 'Connection': 'keep-alive'} 
 body=None 
 </msg>
<msg time="2024-05-04T03:15:36.736472" level="INFO">GET Response : url=https://randomuser.me/api 
 status=200, reason=OK 
 headers={'Date': 'Sat, 04 May 2024 03:15:36 GMT', 'Content-Type': 'application/json; charset=utf-8', 'Transfer-Encoding': 'chunked', 'Connection': 'keep-alive', 'X-Powered-By': 'Express', 'Access-Control-Allow-Origin': '*', 'Cache-Control': 'no-cache', 'ETag': 'W/"496-wZ5GUeICSnmh3IKz8pN3aNLLgkk"', 'Vary': 'Accept-Encoding', 'Content-Encoding': 'gzip', 'CF-Cache-Status': 'DYNAMIC', 'Report-To': '{"endpoints":[{"url":"https:\\/\\/a.nel.cloudflare.com\\/report\\/v4?s=56eZnXYnFhI7JhQeszmC3s3ekh2fpxjKVmu%2FBPfJMShJnGrDYXqhsOlvY3iwjG%2FIKOaDDCXrTCY03cLCTfdZJ5JvaJvPkhlXaMvDbVKwO3xYk27k7xZZBcvOecS1%2F94C"}],"group":"cf-nel","max_age":604800}', 'NEL': '{"success_fraction":0,"report_to":"cf-nel","max_age":604800}', 'Server': 'cloudflare', 'CF-RAY': '87e553ca4fd92aea-ORD', 'alt-svc': 'h3=":443"; ma=86400'} 
 body={"results":[{"gender":"male","name":{"title":"Mr","first":"Herbert","last":"Stephens"},"location":{"street":{"number":2659,"name":"Blossom Hill Rd"},"city":"Rochester","state":"Maryland","country":"United States","postcode":37055,"coordinates":{"latitude":"82.2393","longitude":"-170.6319"},"timezone":{"offset":"+2:00","description":"Kaliningrad, South Africa"}},"email":"herbert.stephens@example.com","login":{"uuid":"6d840b64-cb37-44aa-9bcc-ceacdc680535","username":"smallsnake816","password":"reality","salt":"WSoBsQP3","md5":"e0fa6a7ef548e797f088857ad9ba7514","sha1":"98e40eaf02ae9b0adf6e62830b7396263dc5be5f","sha256":"5f08574cac38b52befb93e2f53a6e59c425ed2ba4bd22644328f767130581304"},"dob":{"date":"1996-03-15T11:54:26.465Z","age":28},"registered":{"date":"2015-10-03T09:04:42.761Z","age":8},"phone":"(874) 603-2302","cell":"(510) 223-7478","id":{"name":"SSN","value":"718-95-5841"},"picture":{"large":"https://randomuser.me/api/portraits/men/80.jpg","medium":"https://randomuser.me/api/portraits/med/men/80.jpg","thumbnail":"https://randomuser.me/api/portraits/thumb/men/80.jpg"},"nat":"US"}],"info":{"seed":"95d5ffdd81585658","results":1,"page":1,"version":"1.4"}} 
 </msg>
<msg time="2024-05-04T03:15:36.736538" level="INFO">/opt/hostedtoolcache/Python/3.12.3/x64/lib/python3.12/site-packages/urllib3/connectionpool.py:1103: InsecureRequestWarning: Unverified HTTPS request is being made to host 'randomuser.me'. Adding certificate verification is strongly advised. See: https://urllib3.readthedocs.io/en/latest/advanced-usage.html#tls-warnings
  warnings.warn(</msg>
<msg time="2024-05-04T03:15:36.736650" level="INFO">${response} = &lt;Response [200]&gt;</msg>
<var>${response}</var>
<arg>consultarAPI</arg>
<arg>/api</arg>
<doc>Sends a GET request on a previously created HTTP Session.</doc>
<status status="PASS" start="2024-05-04T03:15:36.649850" elapsed="0.086840"/>
</kw>
<kw name="Should Be Equal As Numbers" owner="BuiltIn">
<msg time="2024-05-04T03:15:36.737721" level="INFO">Argument types are:
&lt;class 'int'&gt;
&lt;class 'str'&gt;</msg>
<arg>${response.status_code}</arg>
<arg>200</arg>
<doc>Fails if objects are unequal after converting them to real numbers.</doc>
<status status="PASS" start="2024-05-04T03:15:36.737180" elapsed="0.000604"/>
</kw>
<kw name="Log" owner="BuiltIn">
<msg time="2024-05-04T03:15:36.738489" level="INFO">200</msg>
<arg>${response.status_code}</arg>
<doc>Logs the given message with the given level.</doc>
<status status="PASS" start="2024-05-04T03:15:36.738129" elapsed="0.000402"/>
</kw>
<kw name="Set Variable" owner="BuiltIn">
<msg time="2024-05-04T03:15:36.739266" level="INFO">${json_data} = {'results': [{'gender': 'male', 'name': {'title': 'Mr', 'first': 'Herbert', 'last': 'Stephens'}, 'location': {'street': {'number': 2659, 'name': 'Blossom Hill Rd'}, 'city': 'Rochester', 'state': 'Mary...</msg>
<var>${json_data}</var>
<arg>${response.json()}</arg>
<doc>Returns the given values which can then be assigned to a variables.</doc>
<status status="PASS" start="2024-05-04T03:15:36.738837" elapsed="0.000457"/>
</kw>
<kw name="Dictionary Should Contain Key" owner="Collections">
<msg time="2024-05-04T03:15:36.739797" level="INFO">False</msg>
<arg>${json_data}</arg>
<arg>results</arg>
<doc>Fails if ``key`` is not found from ``dictionary``.</doc>
<status status="PASS" start="2024-05-04T03:15:36.739626" elapsed="0.000212"/>
</kw>
<status status="PASS" start="2024-05-04T03:15:36.649607" elapsed="0.090482"/>
</kw>
<doc>Testa se a API responde corretamente e retorna um objeto JSON válido.</doc>
<tag>testeRequisicaoBasica</tag>
<status status="PASS" start="2024-05-04T03:15:36.649082" elapsed="0.091175"/>
</test>
<test id="s1-s1-t3" name="Validar estrutura de resposta" line="22">
<kw name="Teste de Estrutura de Resposta" owner="random-user-service">
<kw name="GET On Session" owner="RequestsLibrary">
<msg time="2024-05-04T03:15:36.837519" level="INFO">GET Request : url=https://randomuser.me/api 
 path_url=/api 
 headers={'User-Agent': 'python-requests/2.31.0', 'Accept-Encoding': 'gzip, deflate', 'Accept': '*/*', 'Connection': 'keep-alive'} 
 body=None 
 </msg>
<msg time="2024-05-04T03:15:36.837597" level="INFO">GET Response : url=https://randomuser.me/api 
 status=200, reason=OK 
 headers={'Date': 'Sat, 04 May 2024 03:15:36 GMT', 'Content-Type': 'application/json; charset=utf-8', 'Transfer-Encoding': 'chunked', 'Connection': 'keep-alive', 'X-Powered-By': 'Express', 'Access-Control-Allow-Origin': '*', 'Cache-Control': 'no-cache', 'ETag': 'W/"480-ImmUh/JkIufiAwSce5Tj9M/7d7Q"', 'Vary': 'Accept-Encoding', 'Content-Encoding': 'gzip', 'CF-Cache-Status': 'DYNAMIC', 'Report-To': '{"endpoints":[{"url":"https:\\/\\/a.nel.cloudflare.com\\/report\\/v4?s=rXA5ozsYh99qnguBMDYzjAxOKmYL9FOugMEUSzSAaBh%2F7ur3f8QtcGVnyqoOm5qeLBNTzO5q51JN0w4GZaXmBv8JwY7V5%2F8GVwIoIF6B8%2BUk6kOEg9sL2XJ80sjJwTkl"}],"group":"cf-nel","max_age":604800}', 'NEL': '{"success_fraction":0,"report_to":"cf-nel","max_age":604800}', 'Server': 'cloudflare', 'CF-RAY': '87e553caa8312aea-ORD', 'alt-svc': 'h3=":443"; ma=86400'} 
 body={"results":[{"gender":"male","name":{"title":"Mr","first":"Kadir","last":"Demirel"},"location":{"street":{"number":9879,"name":"Abanoz Sk"},"city":"Artvin","state":"Kocaeli","country":"Turkey","postcode":84626,"coordinates":{"latitude":"70.4192","longitude":"-113.1528"},"timezone":{"offset":"+11:00","description":"Magadan, Solomon Islands, New Caledonia"}},"email":"kadir.demirel@example.com","login":{"uuid":"74ff618d-2bcd-46da-93a8-650396345a87","username":"redlion473","password":"carnage","salt":"jRX3AYOL","md5":"b947b4b3fded38f50cb2a1845a26ac5b","sha1":"2aea8bf06c7dd90b5d1d78c47661406f838bb7f2","sha256":"2bf1a4cc9fef062dcf0f4319cc637748b5a5c3a97becbe15256faa37efab0c29"},"dob":{"date":"1962-08-03T14:37:03.959Z","age":61},"registered":{"date":"2003-01-17T06:57:27.287Z","age":21},"phone":"(632)-236-5438","cell":"(822)-375-0217","id":{"name":"","value":null},"picture":{"large":"https://randomuser.me/api/portraits/men/24.jpg","medium":"https://randomuser.me/api/portraits/med/men/24.jpg","thumbnail":"https://randomuser.me/api/portraits/thumb/men/24.jpg"},"nat":"TR"}],"info":{"seed":"5487862780a49243","results":1,"page":1,"version":"1.4"}} 
 </msg>
<msg time="2024-05-04T03:15:36.837706" level="INFO">/opt/hostedtoolcache/Python/3.12.3/x64/lib/python3.12/site-packages/urllib3/connectionpool.py:1103: InsecureRequestWarning: Unverified HTTPS request is being made to host 'randomuser.me'. Adding certificate verification is strongly advised. See: https://urllib3.readthedocs.io/en/latest/advanced-usage.html#tls-warnings
  warnings.warn(</msg>
<msg time="2024-05-04T03:15:36.837833" level="INFO">${response} = &lt;Response [200]&gt;</msg>
<var>${response}</var>
<arg>consultarAPI</arg>
<arg>/api</arg>
<doc>Sends a GET request on a previously created HTTP Session.</doc>
<status status="PASS" start="2024-05-04T03:15:36.742883" elapsed="0.095000"/>
</kw>
<kw name="Set Variable" owner="BuiltIn">
<msg time="2024-05-04T03:15:36.838961" level="INFO">${json_data} = {'results': [{'gender': 'male', 'name': {'title': 'Mr', 'first': 'Kadir', 'last': 'Demirel'}, 'location': {'street': {'number': 9879, 'name': 'Abanoz Sk'}, 'city': 'Artvin', 'state': 'Kocaeli', 'count...</msg>
<var>${json_data}</var>
<arg>${response.json()}</arg>
<doc>Returns the given values which can then be assigned to a variables.</doc>
<status status="PASS" start="2024-05-04T03:15:36.838407" elapsed="0.000583"/>
</kw>
<kw name="Log" owner="BuiltIn">
<msg time="2024-05-04T03:15:36.839478" level="INFO">{'results': [{'gender': 'male', 'name': {'title': 'Mr', 'first': 'Kadir', 'last': 'Demirel'}, 'location': {'street': {'number': 9879, 'name': 'Abanoz Sk'}, 'city': 'Artvin', 'state': 'Kocaeli', 'country': 'Turkey', 'postcode': 84626, 'coordinates': {'latitude': '70.4192', 'longitude': '-113.1528'}, 'timezone': {'offset': '+11:00', 'description': 'Magadan, Solomon Islands, New Caledonia'}}, 'email': 'kadir.demirel@example.com', 'login': {'uuid': '74ff618d-2bcd-46da-93a8-650396345a87', 'username': 'redlion473', 'password': 'carnage', 'salt': 'jRX3AYOL', 'md5': 'b947b4b3fded38f50cb2a1845a26ac5b', 'sha1': '2aea8bf06c7dd90b5d1d78c47661406f838bb7f2', 'sha256': '2bf1a4cc9fef062dcf0f4319cc637748b5a5c3a97becbe15256faa37efab0c29'}, 'dob': {'date': '1962-08-03T14:37:03.959Z', 'age': 61}, 'registered': {'date': '2003-01-17T06:57:27.287Z', 'age': 21}, 'phone': '(632)-236-5438', 'cell': '(822)-375-0217', 'id': {'name': '', 'value': None}, 'picture': {'large': 'https://randomuser.me/api/portraits/men/24.jpg', 'medium': 'https://randomuser.me/api/portraits/med/men/24.jpg', 'thumbnail': 'https://randomuser.me/api/portraits/thumb/men/24.jpg'}, 'nat': 'TR'}], 'info': {'seed': '5487862780a49243', 'results': 1, 'page': 1, 'version': '1.4'}}</msg>
<arg>${json_data}</arg>
<doc>Logs the given message with the given level.</doc>
<status status="PASS" start="2024-05-04T03:15:36.839293" elapsed="0.000238"/>
</kw>
<kw name="Dictionary Should Contain Key" owner="Collections">
<msg time="2024-05-04T03:15:36.839983" level="INFO">False</msg>
<arg>${json_data}</arg>
<arg>results</arg>
<doc>Fails if ``key`` is not found from ``dictionary``.</doc>
<status status="PASS" start="2024-05-04T03:15:36.839828" elapsed="0.000193"/>
</kw>
<kw name="Should Not Be Empty" owner="BuiltIn">
<msg time="2024-05-04T03:15:36.840444" level="INFO">Length is 2.</msg>
<arg>${json_data}</arg>
<doc>Verifies that the given item is not empty.</doc>
<status status="PASS" start="2024-05-04T03:15:36.840315" elapsed="0.000290"/>
</kw>
<kw name="Create List" owner="BuiltIn">
<msg time="2024-05-04T03:15:36.841052" level="INFO">${expected_keys} = ['gender', 'name', 'location', 'email', 'login']</msg>
<var>${expected_keys}</var>
<arg>gender</arg>
<arg>name</arg>
<arg>location</arg>
<arg>email</arg>
<arg>login</arg>
<doc>Returns a list containing given items.</doc>
<status status="PASS" start="2024-05-04T03:15:36.840899" elapsed="0.000178"/>
</kw>
<for flavor="IN">
<iter>
<kw name="Dictionary Should Contain Key" owner="Collections">
<msg time="2024-05-04T03:15:36.842038" level="INFO">False</msg>
<arg>${json_data['results'][0]}</arg>
<arg>${key}</arg>
<doc>Fails if ``key`` is not found from ``dictionary``.</doc>
<status status="PASS" start="2024-05-04T03:15:36.841643" elapsed="0.000433"/>
</kw>
<kw name="Log" owner="BuiltIn">
<msg time="2024-05-04T03:15:36.842742" level="INFO">{'gender': 'male', 'name': {'title': 'Mr', 'first': 'Kadir', 'last': 'Demirel'}, 'location': {'street': {'number': 9879, 'name': 'Abanoz Sk'}, 'city': 'Artvin', 'state': 'Kocaeli', 'country': 'Turkey', 'postcode': 84626, 'coordinates': {'latitude': '70.4192', 'longitude': '-113.1528'}, 'timezone': {'offset': '+11:00', 'description': 'Magadan, Solomon Islands, New Caledonia'}}, 'email': 'kadir.demirel@example.com', 'login': {'uuid': '74ff618d-2bcd-46da-93a8-650396345a87', 'username': 'redlion473', 'password': 'carnage', 'salt': 'jRX3AYOL', 'md5': 'b947b4b3fded38f50cb2a1845a26ac5b', 'sha1': '2aea8bf06c7dd90b5d1d78c47661406f838bb7f2', 'sha256': '2bf1a4cc9fef062dcf0f4319cc637748b5a5c3a97becbe15256faa37efab0c29'}, 'dob': {'date': '1962-08-03T14:37:03.959Z', 'age': 61}, 'registered': {'date': '2003-01-17T06:57:27.287Z', 'age': 21}, 'phone': '(632)-236-5438', 'cell': '(822)-375-0217', 'id': {'name': '', 'value': None}, 'picture': {'large': 'https://randomuser.me/api/portraits/men/24.jpg', 'medium': 'https://randomuser.me/api/portraits/med/men/24.jpg', 'thumbnail': 'https://randomuser.me/api/portraits/thumb/men/24.jpg'}, 'nat': 'TR'}</msg>
<arg>${json_data['results'][0]}</arg>
<doc>Logs the given message with the given level.</doc>
<status status="PASS" start="2024-05-04T03:15:36.842372" elapsed="0.000419"/>
</kw>
<kw name="Log" owner="BuiltIn">
<msg time="2024-05-04T03:15:36.843213" level="INFO">gender</msg>
<arg>${key}</arg>
<doc>Logs the given message with the given level.</doc>
<status status="PASS" start="2024-05-04T03:15:36.843087" elapsed="0.000163"/>
</kw>
<var name="${key}">gender</var>
<status status="PASS" start="2024-05-04T03:15:36.841518" elapsed="0.001977"/>
</iter>
<iter>
<kw name="Dictionary Should Contain Key" owner="Collections">
<msg time="2024-05-04T03:15:36.844177" level="INFO">False</msg>
<arg>${json_data['results'][0]}</arg>
<arg>${key}</arg>
<doc>Fails if ``key`` is not found from ``dictionary``.</doc>
<status status="PASS" start="2024-05-04T03:15:36.843797" elapsed="0.000416"/>
</kw>
<kw name="Log" owner="BuiltIn">
<msg time="2024-05-04T03:15:36.844899" level="INFO">{'gender': 'male', 'name': {'title': 'Mr', 'first': 'Kadir', 'last': 'Demirel'}, 'location': {'street': {'number': 9879, 'name': 'Abanoz Sk'}, 'city': 'Artvin', 'state': 'Kocaeli', 'country': 'Turkey', 'postcode': 84626, 'coordinates': {'latitude': '70.4192', 'longitude': '-113.1528'}, 'timezone': {'offset': '+11:00', 'description': 'Magadan, Solomon Islands, New Caledonia'}}, 'email': 'kadir.demirel@example.com', 'login': {'uuid': '74ff618d-2bcd-46da-93a8-650396345a87', 'username': 'redlion473', 'password': 'carnage', 'salt': 'jRX3AYOL', 'md5': 'b947b4b3fded38f50cb2a1845a26ac5b', 'sha1': '2aea8bf06c7dd90b5d1d78c47661406f838bb7f2', 'sha256': '2bf1a4cc9fef062dcf0f4319cc637748b5a5c3a97becbe15256faa37efab0c29'}, 'dob': {'date': '1962-08-03T14:37:03.959Z', 'age': 61}, 'registered': {'date': '2003-01-17T06:57:27.287Z', 'age': 21}, 'phone': '(632)-236-5438', 'cell': '(822)-375-0217', 'id': {'name': '', 'value': None}, 'picture': {'large': 'https://randomuser.me/api/portraits/men/24.jpg', 'medium': 'https://randomuser.me/api/portraits/med/men/24.jpg', 'thumbnail': 'https://randomuser.me/api/portraits/thumb/men/24.jpg'}, 'nat': 'TR'}</msg>
<arg>${json_data['results'][0]}</arg>
<doc>Logs the given message with the given level.</doc>
<status status="PASS" start="2024-05-04T03:15:36.844537" elapsed="0.000411"/>
</kw>
<kw name="Log" owner="BuiltIn">
<msg time="2024-05-04T03:15:36.845365" level="INFO">name</msg>
<arg>${key}</arg>
<doc>Logs the given message with the given level.</doc>
<status status="PASS" start="2024-05-04T03:15:36.845240" elapsed="0.000162"/>
</kw>
<var name="${key}">name</var>
<status status="PASS" start="2024-05-04T03:15:36.843682" elapsed="0.001932"/>
</iter>
<iter>
<kw name="Dictionary Should Contain Key" owner="Collections">
<msg time="2024-05-04T03:15:36.846281" level="INFO">False</msg>
<arg>${json_data['results'][0]}</arg>
<arg>${key}</arg>
<doc>Fails if ``key`` is not found from ``dictionary``.</doc>
<status status="PASS" start="2024-05-04T03:15:36.845900" elapsed="0.000417"/>
</kw>
<kw name="Log" owner="BuiltIn">
<msg time="2024-05-04T03:15:36.846962" level="INFO">{'gender': 'male', 'name': {'title': 'Mr', 'first': 'Kadir', 'last': 'Demirel'}, 'location': {'street': {'number': 9879, 'name': 'Abanoz Sk'}, 'city': 'Artvin', 'state': 'Kocaeli', 'country': 'Turkey', 'postcode': 84626, 'coordinates': {'latitude': '70.4192', 'longitude': '-113.1528'}, 'timezone': {'offset': '+11:00', 'description': 'Magadan, Solomon Islands, New Caledonia'}}, 'email': 'kadir.demirel@example.com', 'login': {'uuid': '74ff618d-2bcd-46da-93a8-650396345a87', 'username': 'redlion473', 'password': 'carnage', 'salt': 'jRX3AYOL', 'md5': 'b947b4b3fded38f50cb2a1845a26ac5b', 'sha1': '2aea8bf06c7dd90b5d1d78c47661406f838bb7f2', 'sha256': '2bf1a4cc9fef062dcf0f4319cc637748b5a5c3a97becbe15256faa37efab0c29'}, 'dob': {'date': '1962-08-03T14:37:03.959Z', 'age': 61}, 'registered': {'date': '2003-01-17T06:57:27.287Z', 'age': 21}, 'phone': '(632)-236-5438', 'cell': '(822)-375-0217', 'id': {'name': '', 'value': None}, 'picture': {'large': 'https://randomuser.me/api/portraits/men/24.jpg', 'medium': 'https://randomuser.me/api/portraits/med/men/24.jpg', 'thumbnail': 'https://randomuser.me/api/portraits/thumb/men/24.jpg'}, 'nat': 'TR'}</msg>
<arg>${json_data['results'][0]}</arg>
<doc>Logs the given message with the given level.</doc>
<status status="PASS" start="2024-05-04T03:15:36.846608" elapsed="0.000401"/>
</kw>
<kw name="Log" owner="BuiltIn">
<msg time="2024-05-04T03:15:36.847419" level="INFO">location</msg>
<arg>${key}</arg>
<doc>Logs the given message with the given level.</doc>
<status status="PASS" start="2024-05-04T03:15:36.847297" elapsed="0.000189"/>
</kw>
<var name="${key}">location</var>
<status status="PASS" start="2024-05-04T03:15:36.845791" elapsed="0.001914"/>
</iter>
<iter>
<kw name="Dictionary Should Contain Key" owner="Collections">
<msg time="2024-05-04T03:15:36.848372" level="INFO">False</msg>
<arg>${json_data['results'][0]}</arg>
<arg>${key}</arg>
<doc>Fails if ``key`` is not found from ``dictionary``.</doc>
<status status="PASS" start="2024-05-04T03:15:36.847987" elapsed="0.000422"/>
</kw>
<kw name="Log" owner="BuiltIn">
<msg time="2024-05-04T03:15:36.849073" level="INFO">{'gender': 'male', 'name': {'title': 'Mr', 'first': 'Kadir', 'last': 'Demirel'}, 'location': {'street': {'number': 9879, 'name': 'Abanoz Sk'}, 'city': 'Artvin', 'state': 'Kocaeli', 'country': 'Turkey', 'postcode': 84626, 'coordinates': {'latitude': '70.4192', 'longitude': '-113.1528'}, 'timezone': {'offset': '+11:00', 'description': 'Magadan, Solomon Islands, New Caledonia'}}, 'email': 'kadir.demirel@example.com', 'login': {'uuid': '74ff618d-2bcd-46da-93a8-650396345a87', 'username': 'redlion473', 'password': 'carnage', 'salt': 'jRX3AYOL', 'md5': 'b947b4b3fded38f50cb2a1845a26ac5b', 'sha1': '2aea8bf06c7dd90b5d1d78c47661406f838bb7f2', 'sha256': '2bf1a4cc9fef062dcf0f4319cc637748b5a5c3a97becbe15256faa37efab0c29'}, 'dob': {'date': '1962-08-03T14:37:03.959Z', 'age': 61}, 'registered': {'date': '2003-01-17T06:57:27.287Z', 'age': 21}, 'phone': '(632)-236-5438', 'cell': '(822)-375-0217', 'id': {'name': '', 'value': None}, 'picture': {'large': 'https://randomuser.me/api/portraits/men/24.jpg', 'medium': 'https://randomuser.me/api/portraits/med/men/24.jpg', 'thumbnail': 'https://randomuser.me/api/portraits/thumb/men/24.jpg'}, 'nat': 'TR'}</msg>
<arg>${json_data['results'][0]}</arg>
<doc>Logs the given message with the given level.</doc>
<status status="PASS" start="2024-05-04T03:15:36.848705" elapsed="0.000415"/>
</kw>
<kw name="Log" owner="BuiltIn">
<msg time="2024-05-04T03:15:36.849534" level="INFO">email</msg>
<arg>${key}</arg>
<doc>Logs the given message with the given level.</doc>
<status status="PASS" start="2024-05-04T03:15:36.849409" elapsed="0.000161"/>
</kw>
<var name="${key}">email</var>
<status status="PASS" start="2024-05-04T03:15:36.847876" elapsed="0.001904"/>
</iter>
<iter>
<kw name="Dictionary Should Contain Key" owner="Collections">
<msg time="2024-05-04T03:15:36.850449" level="INFO">False</msg>
<arg>${json_data['results'][0]}</arg>
<arg>${key}</arg>
<doc>Fails if ``key`` is not found from ``dictionary``.</doc>
<status status="PASS" start="2024-05-04T03:15:36.850060" elapsed="0.000427"/>
</kw>
<kw name="Log" owner="BuiltIn">
<msg time="2024-05-04T03:15:36.851137" level="INFO">{'gender': 'male', 'name': {'title': 'Mr', 'first': 'Kadir', 'last': 'Demirel'}, 'location': {'street': {'number': 9879, 'name': 'Abanoz Sk'}, 'city': 'Artvin', 'state': 'Kocaeli', 'country': 'Turkey', 'postcode': 84626, 'coordinates': {'latitude': '70.4192', 'longitude': '-113.1528'}, 'timezone': {'offset': '+11:00', 'description': 'Magadan, Solomon Islands, New Caledonia'}}, 'email': 'kadir.demirel@example.com', 'login': {'uuid': '74ff618d-2bcd-46da-93a8-650396345a87', 'username': 'redlion473', 'password': 'carnage', 'salt': 'jRX3AYOL', 'md5': 'b947b4b3fded38f50cb2a1845a26ac5b', 'sha1': '2aea8bf06c7dd90b5d1d78c47661406f838bb7f2', 'sha256': '2bf1a4cc9fef062dcf0f4319cc637748b5a5c3a97becbe15256faa37efab0c29'}, 'dob': {'date': '1962-08-03T14:37:03.959Z', 'age': 61}, 'registered': {'date': '2003-01-17T06:57:27.287Z', 'age': 21}, 'phone': '(632)-236-5438', 'cell': '(822)-375-0217', 'id': {'name': '', 'value': None}, 'picture': {'large': 'https://randomuser.me/api/portraits/men/24.jpg', 'medium': 'https://randomuser.me/api/portraits/med/men/24.jpg', 'thumbnail': 'https://randomuser.me/api/portraits/thumb/men/24.jpg'}, 'nat': 'TR'}</msg>
<arg>${json_data['results'][0]}</arg>
<doc>Logs the given message with the given level.</doc>
<status status="PASS" start="2024-05-04T03:15:36.850779" elapsed="0.000405"/>
</kw>
<kw name="Log" owner="BuiltIn">
<msg time="2024-05-04T03:15:36.851640" level="INFO">login</msg>
<arg>${key}</arg>
<doc>Logs the given message with the given level.</doc>
<status status="PASS" start="2024-05-04T03:15:36.851508" elapsed="0.000170"/>
</kw>
<var name="${key}">login</var>
<status status="PASS" start="2024-05-04T03:15:36.849951" elapsed="0.001949"/>
</iter>
<var>${key}</var>
<value>@{expected_keys}</value>
<status status="PASS" start="2024-05-04T03:15:36.841329" elapsed="0.010718"/>
</for>
<kw name="Create List" owner="BuiltIn">
<msg time="2024-05-04T03:15:36.852378" level="INFO">${expected_keysTwo} = ['username', 'password']</msg>
<var>${expected_keysTwo}</var>
<arg>username</arg>
<arg>password</arg>
<doc>Returns a list containing given items.</doc>
<status status="PASS" start="2024-05-04T03:15:36.852243" elapsed="0.000159"/>
</kw>
<for flavor="IN">
<iter>
<kw name="Dictionary Should Contain Key" owner="Collections">
<msg time="2024-05-04T03:15:36.853285" level="INFO">False</msg>
<arg>${json_data['results'][0]['login']}</arg>
<arg>${keyTwo}</arg>
<doc>Fails if ``key`` is not found from ``dictionary``.</doc>
<status status="PASS" start="2024-05-04T03:15:36.852893" elapsed="0.000428"/>
</kw>
<kw name="Dictionary Should Contain Key" owner="Collections">
<msg time="2024-05-04T03:15:36.853990" level="INFO">False</msg>
<arg>${json_data['results'][0]['login']}</arg>
<arg>${keyTwo}</arg>
<doc>Fails if ``key`` is not found from ``dictionary``.</doc>
<status status="PASS" start="2024-05-04T03:15:36.853613" elapsed="0.000413"/>
</kw>
<kw name="Log" owner="BuiltIn">
<msg time="2024-05-04T03:15:36.854440" level="INFO">username</msg>
<arg>${keyTwo}</arg>
<doc>Logs the given message with the given level.</doc>
<status status="PASS" start="2024-05-04T03:15:36.854314" elapsed="0.000168"/>
</kw>
<var name="${keyTwo}">username</var>
<status status="PASS" start="2024-05-04T03:15:36.852783" elapsed="0.001913"/>
</iter>
<iter>
<kw name="Dictionary Should Contain Key" owner="Collections">
<msg time="2024-05-04T03:15:36.855461" level="INFO">False</msg>
<arg>${json_data['results'][0]['login']}</arg>
<arg>${keyTwo}</arg>
<doc>Fails if ``key`` is not found from ``dictionary``.</doc>
<status status="PASS" start="2024-05-04T03:15:36.854977" elapsed="0.000527"/>
</kw>
<kw name="Dictionary Should Contain Key" owner="Collections">
<msg time="2024-05-04T03:15:36.856179" level="INFO">False</msg>
<arg>${json_data['results'][0]['login']}</arg>
<arg>${keyTwo}</arg>
<doc>Fails if ``key`` is not found from ``dictionary``.</doc>
<status status="PASS" start="2024-05-04T03:15:36.855800" elapsed="0.000415"/>
</kw>
<kw name="Log" owner="BuiltIn">
<msg time="2024-05-04T03:15:36.856631" level="INFO">password</msg>
<arg>${keyTwo}</arg>
<doc>Logs the given message with the given level.</doc>
<status status="PASS" start="2024-05-04T03:15:36.856505" elapsed="0.000162"/>
</kw>
<var name="${keyTwo}">password</var>
<status status="PASS" start="2024-05-04T03:15:36.854869" elapsed="0.002011"/>
</iter>
<var>${keyTwo}</var>
<value>@{expected_keysTwo}</value>
<status status="PASS" start="2024-05-04T03:15:36.852634" elapsed="0.004366"/>
</for>
<status status="PASS" start="2024-05-04T03:15:36.742651" elapsed="0.114484"/>
</kw>
<doc>Testa a estrutura da resposta da API.</doc>
<tag>testeEstruturaResposta</tag>
<status status="PASS" start="2024-05-04T03:15:36.742048" elapsed="0.115232"/>
</test>
<test id="s1-s1-t4" name="Validar tipos de dados" line="28">
<kw name="Teste de Tipos de Dados" owner="random-user-service">
<kw name="GET On Session" owner="RequestsLibrary">
<msg time="2024-05-04T03:15:36.931876" level="INFO">GET Request : url=https://randomuser.me/api 
 path_url=/api 
 headers={'User-Agent': 'python-requests/2.31.0', 'Accept-Encoding': 'gzip, deflate', 'Accept': '*/*', 'Connection': 'keep-alive'} 
 body=None 
 </msg>
<msg time="2024-05-04T03:15:36.931959" level="INFO">GET Response : url=https://randomuser.me/api 
 status=200, reason=OK 
 headers={'Date': 'Sat, 04 May 2024 03:15:36 GMT', 'Content-Type': 'application/json; charset=utf-8', 'Transfer-Encoding': 'chunked', 'Connection': 'keep-alive', 'X-Powered-By': 'Express', 'Access-Control-Allow-Origin': '*', 'Cache-Control': 'no-cache', 'ETag': 'W/"47e-1TK8eNgZ5F0cZer2VDqK/6Znhqc"', 'Vary': 'Accept-Encoding', 'Content-Encoding': 'gzip', 'CF-Cache-Status': 'DYNAMIC', 'Report-To': '{"endpoints":[{"url":"https:\\/\\/a.nel.cloudflare.com\\/report\\/v4?s=TGDU1DvWzbet4XppidUwDQJujK4Y4vhxSf5XLPtwS0i3jxwcB7EAQq3MIjSXtyZ29YCzr7SXnXjmclqZRTgpEFo8WP%2B%2Bh2rO0afYlqAasIXaiBtQbluePdr5c8Vv2945"}],"group":"cf-nel","max_age":604800}', 'NEL': '{"success_fraction":0,"report_to":"cf-nel","max_age":604800}', 'Server': 'cloudflare', 'CF-RAY': '87e553cb68fb2aea-ORD', 'alt-svc': 'h3=":443"; ma=86400'} 
 body={"results":[{"gender":"male","name":{"title":"Mr","first":"Victor","last":"Thomas"},"location":{"street":{"number":2663,"name":"Friedhofstraße"},"city":"Schorndorf","state":"Saarland","country":"Germany","postcode":51694,"coordinates":{"latitude":"-55.6001","longitude":"-42.6136"},"timezone":{"offset":"-2:00","description":"Mid-Atlantic"}},"email":"victor.thomas@example.com","login":{"uuid":"fe645cb7-afd2-4ef0-96cc-828880752a1b","username":"smallsnake562","password":"hippo","salt":"N9Zj30at","md5":"2b4ad5a96f98a23d47dc91bc74d74b5a","sha1":"b5f48bb5dc9d4426b363c29675c3aac73bb9fd78","sha256":"d95b8faf24c14676aada15d0a1bed50e36adca85d88be222562d6e8a13c40928"},"dob":{"date":"1952-08-09T18:24:37.135Z","age":71},"registered":{"date":"2012-12-25T15:36:07.584Z","age":11},"phone":"0504-3161774","cell":"0176-6239424","id":{"name":"SVNR","value":"44 090852 T 006"},"picture":{"large":"https://randomuser.me/api/portraits/men/54.jpg","medium":"https://randomuser.me/api/portraits/med/men/54.jpg","thumbnail":"https://randomuser.me/api/portraits/thumb/men/54.jpg"},"nat":"DE"}],"info":{"seed":"eb7a0eb5ca000037","results":1,"page":1,"version":"1.4"}} 
 </msg>
<msg time="2024-05-04T03:15:36.932032" level="INFO">/opt/hostedtoolcache/Python/3.12.3/x64/lib/python3.12/site-packages/urllib3/connectionpool.py:1103: InsecureRequestWarning: Unverified HTTPS request is being made to host 'randomuser.me'. Adding certificate verification is strongly advised. See: https://urllib3.readthedocs.io/en/latest/advanced-usage.html#tls-warnings
  warnings.warn(</msg>
<msg time="2024-05-04T03:15:36.932159" level="INFO">${response} = &lt;Response [200]&gt;</msg>
<var>${response}</var>
<arg>consultarAPI</arg>
<arg>/api</arg>
<doc>Sends a GET request on a previously created HTTP Session.</doc>
<status status="PASS" start="2024-05-04T03:15:36.859773" elapsed="0.072439"/>
</kw>
<kw name="Set Variable" owner="BuiltIn">
<msg time="2024-05-04T03:15:36.933298" level="INFO">${json_data} = {'results': [{'gender': 'male', 'name': {'title': 'Mr', 'first': 'Victor', 'last': 'Thomas'}, 'location': {'street': {'number': 2663, 'name': 'Friedhofstraße'}, 'city': 'Schorndorf', 'state': 'Saarlan...</msg>
<var>${json_data}</var>
<arg>${response.json()}</arg>
<doc>Returns the given values which can then be assigned to a variables.</doc>
<status status="PASS" start="2024-05-04T03:15:36.932742" elapsed="0.000584"/>
</kw>
<kw name="Log" owner="BuiltIn">
<msg time="2024-05-04T03:15:36.933782" level="INFO">{'results': [{'gender': 'male', 'name': {'title': 'Mr', 'first': 'Victor', 'last': 'Thomas'}, 'location': {'street': {'number': 2663, 'name': 'Friedhofstraße'}, 'city': 'Schorndorf', 'state': 'Saarland', 'country': 'Germany', 'postcode': 51694, 'coordinates': {'latitude': '-55.6001', 'longitude': '-42.6136'}, 'timezone': {'offset': '-2:00', 'description': 'Mid-Atlantic'}}, 'email': 'victor.thomas@example.com', 'login': {'uuid': 'fe645cb7-afd2-4ef0-96cc-828880752a1b', 'username': 'smallsnake562', 'password': 'hippo', 'salt': 'N9Zj30at', 'md5': '2b4ad5a96f98a23d47dc91bc74d74b5a', 'sha1': 'b5f48bb5dc9d4426b363c29675c3aac73bb9fd78', 'sha256': 'd95b8faf24c14676aada15d0a1bed50e36adca85d88be222562d6e8a13c40928'}, 'dob': {'date': '1952-08-09T18:24:37.135Z', 'age': 71}, 'registered': {'date': '2012-12-25T15:36:07.584Z', 'age': 11}, 'phone': '0504-3161774', 'cell': '0176-6239424', 'id': {'name': 'SVNR', 'value': '44 090852 T 006'}, 'picture': {'large': 'https://randomuser.me/api/portraits/men/54.jpg', 'medium': 'https://randomuser.me/api/portraits/med/men/54.jpg', 'thumbnail': 'https://randomuser.me/api/portraits/thumb/men/54.jpg'}, 'nat': 'DE'}], 'info': {'seed': 'eb7a0eb5ca000037', 'results': 1, 'page': 1, 'version': '1.4'}}</msg>
<arg>${json_data}</arg>
<doc>Logs the given message with the given level.</doc>
<status status="PASS" start="2024-05-04T03:15:36.933629" elapsed="0.000231"/>
</kw>
<kw name="Should Be String" owner="String">
<arg>${json_data['results'][0]['gender']}</arg>
<doc>Fails if the given ``item`` is not a string.</doc>
<status status="PASS" start="2024-05-04T03:15:36.934152" elapsed="0.000365"/>
</kw>
<kw name="Should Match Regexp" owner="BuiltIn">
<arg>${json_data['results'][0]['email']}</arg>
<arg>^[a-zA-Z0-9._%+-]+@[a-zA-Z0-9.-]+\.[a-zA-Z]{2,}$</arg>
<doc>Fails if ``string`` does not match ``pattern`` as a regular expression.</doc>
<status status="PASS" start="2024-05-04T03:15:36.934707" elapsed="0.000491"/>
</kw>
<kw name="Should Match Regexp" owner="BuiltIn">
<arg>${json_data['results'][0]['dob']['date']}</arg>
<arg>\\d{4}-\\d{2}-\\d{2}T\\d{2}:\\d{2}:\\d{2}\\.\\d{3}Z</arg>
<doc>Fails if ``string`` does not match ``pattern`` as a regular expression.</doc>
<status status="PASS" start="2024-05-04T03:15:36.935389" elapsed="0.000520"/>
</kw>
<kw name="Should Match Regexp" owner="BuiltIn">
<arg>${json_data['results'][0]['registered']['date']}</arg>
<arg>\\d{4}-\\d{2}-\\d{2}T\\d{2}:\\d{2}:\\d{2}\\.\\d{3}Z</arg>
<doc>Fails if ``string`` does not match ``pattern`` as a regular expression.</doc>
<status status="PASS" start="2024-05-04T03:15:36.936098" elapsed="0.000364"/>
</kw>
<kw name="Should Match Regexp" owner="BuiltIn">
<arg>${json_data['results'][0]['picture']['large']}</arg>
<arg>^https?://.*\.(?:png|jpe?g|gif|bmp)$</arg>
<doc>Fails if ``string`` does not match ``pattern`` as a regular expression.</doc>
<status status="PASS" start="2024-05-04T03:15:36.936650" elapsed="0.000459"/>
</kw>
<kw name="Should Match Regexp" owner="BuiltIn">
<arg>${json_data['results'][0]['picture']['medium']}</arg>
<arg>^https?://.*\.(?:png|jpe?g|gif|bmp)$</arg>
<doc>Fails if ``string`` does not match ``pattern`` as a regular expression.</doc>
<status status="PASS" start="2024-05-04T03:15:36.937294" elapsed="0.000353"/>
</kw>
<kw name="Should Match Regexp" owner="BuiltIn">
<arg>${json_data['results'][0]['picture']['thumbnail']}</arg>
<arg>^https?://.*\.(?:png|jpe?g|gif|bmp)$</arg>
<doc>Fails if ``string`` does not match ``pattern`` as a regular expression.</doc>
<status status="PASS" start="2024-05-04T03:15:36.937834" elapsed="0.000346"/>
</kw>
<kw name="Log" owner="BuiltIn">
<msg time="2024-05-04T03:15:36.938679" level="INFO">{'large': 'https://randomuser.me/api/portraits/men/54.jpg', 'medium': 'https://randomuser.me/api/portraits/med/men/54.jpg', 'thumbnail': 'https://randomuser.me/api/portraits/thumb/men/54.jpg'}</msg>
<arg>${json_data['results'][0]['picture']}</arg>
<doc>Logs the given message with the given level.</doc>
<status status="PASS" start="2024-05-04T03:15:36.938358" elapsed="0.000361"/>
</kw>
<status status="PASS" start="2024-05-04T03:15:36.859550" elapsed="0.079417"/>
</kw>
<kw name="Teste de Tipos de Dados - Postcode" owner="random-user-service">
<kw name="GET On Session" owner="RequestsLibrary">
<msg time="2024-05-04T03:15:37.038122" level="INFO">GET Request : url=https://randomuser.me/api 
 path_url=/api 
 headers={'User-Agent': 'python-requests/2.31.0', 'Accept-Encoding': 'gzip, deflate', 'Accept': '*/*', 'Connection': 'keep-alive'} 
 body=None 
 </msg>
<msg time="2024-05-04T03:15:37.038207" level="INFO">GET Response : url=https://randomuser.me/api 
 status=200, reason=OK 
 headers={'Date': 'Sat, 04 May 2024 03:15:37 GMT', 'Content-Type': 'application/json; charset=utf-8', 'Transfer-Encoding': 'chunked', 'Connection': 'keep-alive', 'X-Powered-By': 'Express', 'Access-Control-Allow-Origin': '*', 'Cache-Control': 'no-cache', 'ETag': 'W/"49b-QZPu+nRTWOS4wca00FrzmUTm9aY"', 'Vary': 'Accept-Encoding', 'Content-Encoding': 'gzip', 'CF-Cache-Status': 'DYNAMIC', 'Report-To': '{"endpoints":[{"url":"https:\\/\\/a.nel.cloudflare.com\\/report\\/v4?s=EtxTgJ%2BEMAAUc6u2eVaRLECgqP40GLAQjugJYMDPqza1Ebp2o7NrO3mhZL%2BDCYo0aFo8F9lJc4%2FmCD6IpYUaZ7WFlmGYTRmdTvcLzR%2FJvbjFMfe2cKPRb4s9Xc4QJ%2B4I"}],"group":"cf-nel","max_age":604800}', 'NEL': '{"success_fraction":0,"report_to":"cf-nel","max_age":604800}', 'Server': 'cloudflare', 'CF-RAY': '87e553cbe9682aea-ORD', 'alt-svc': 'h3=":443"; ma=86400'} 
 body={"results":[{"gender":"female","name":{"title":"Miss","first":"Sara","last":"Nielsen"},"location":{"street":{"number":628,"name":"Ranunkelvej"},"city":"Jerslev Sj","state":"Hovedstaden","country":"Denmark","postcode":66941,"coordinates":{"latitude":"-38.7846","longitude":"7.3671"},"timezone":{"offset":"0:00","description":"Western Europe Time, London, Lisbon, Casablanca"}},"email":"sara.nielsen@example.com","login":{"uuid":"ca471a52-a265-4a8e-a403-9f03c831f20f","username":"bluemeercat947","password":"19841984","salt":"kAwPI3Or","md5":"0b5410484ec0b8446ad3d639a9d25eec","sha1":"6ff512163f32f3a7115150e2d5ca51196e85d25a","sha256":"a0fb26158bba0849a89cedb89baa68e571c348ed0be496808e3dba563f8fa642"},"dob":{"date":"1946-01-25T08:26:09.891Z","age":78},"registered":{"date":"2006-10-10T23:39:36.350Z","age":17},"phone":"52091090","cell":"24978526","id":{"name":"CPR","value":"250146-6666"},"picture":{"large":"https://randomuser.me/api/portraits/women/77.jpg","medium":"https://randomuser.me/api/portraits/med/women/77.jpg","thumbnail":"https://randomuser.me/api/portraits/thumb/women/77.jpg"},"nat":"DK"}],"info":{"seed":"8f6ecae0eb6a4ae5","results":1,"page":1,"version":"1.4"}} 
 </msg>
<msg time="2024-05-04T03:15:37.038279" level="INFO">/opt/hostedtoolcache/Python/3.12.3/x64/lib/python3.12/site-packages/urllib3/connectionpool.py:1103: InsecureRequestWarning: Unverified HTTPS request is being made to host 'randomuser.me'. Adding certificate verification is strongly advised. See: https://urllib3.readthedocs.io/en/latest/advanced-usage.html#tls-warnings
  warnings.warn(</msg>
<msg time="2024-05-04T03:15:37.038395" level="INFO">${response} = &lt;Response [200]&gt;</msg>
<var>${response}</var>
<arg>consultarAPI</arg>
<arg>/api</arg>
<doc>Sends a GET request on a previously created HTTP Session.</doc>
<status status="PASS" start="2024-05-04T03:15:36.939388" elapsed="0.099062"/>
</kw>
<kw name="Set Variable" owner="BuiltIn">
<msg time="2024-05-04T03:15:37.039605" level="INFO">${json_data} = {'results': [{'gender': 'female', 'name': {'title': 'Miss', 'first': 'Sara', 'last': 'Nielsen'}, 'location': {'street': {'number': 628, 'name': 'Ranunkelvej'}, 'city': 'Jerslev Sj', 'state': 'Hovedsta...</msg>
<var>${json_data}</var>
<arg>${response.json()}</arg>
<doc>Returns the given values which can then be assigned to a variables.</doc>
<status status="PASS" start="2024-05-04T03:15:37.038976" elapsed="0.000671"/>
</kw>
<kw name="Log" owner="BuiltIn">
<msg time="2024-05-04T03:15:37.040155" level="INFO">{'results': [{'gender': 'female', 'name': {'title': 'Miss', 'first': 'Sara', 'last': 'Nielsen'}, 'location': {'street': {'number': 628, 'name': 'Ranunkelvej'}, 'city': 'Jerslev Sj', 'state': 'Hovedstaden', 'country': 'Denmark', 'postcode': 66941, 'coordinates': {'latitude': '-38.7846', 'longitude': '7.3671'}, 'timezone': {'offset': '0:00', 'description': 'Western Europe Time, London, Lisbon, Casablanca'}}, 'email': 'sara.nielsen@example.com', 'login': {'uuid': 'ca471a52-a265-4a8e-a403-9f03c831f20f', 'username': 'bluemeercat947', 'password': '19841984', 'salt': 'kAwPI3Or', 'md5': '0b5410484ec0b8446ad3d639a9d25eec', 'sha1': '6ff512163f32f3a7115150e2d5ca51196e85d25a', 'sha256': 'a0fb26158bba0849a89cedb89baa68e571c348ed0be496808e3dba563f8fa642'}, 'dob': {'date': '1946-01-25T08:26:09.891Z', 'age': 78}, 'registered': {'date': '2006-10-10T23:39:36.350Z', 'age': 17}, 'phone': '52091090', 'cell': '24978526', 'id': {'name': 'CPR', 'value': '250146-6666'}, 'picture': {'large': 'https://randomuser.me/api/portraits/women/77.jpg', 'medium': 'https://randomuser.me/api/portraits/med/women/77.jpg', 'thumbnail': 'https://randomuser.me/api/portraits/thumb/women/77.jpg'}, 'nat': 'DK'}], 'info': {'seed': '8f6ecae0eb6a4ae5', 'results': 1, 'page': 1, 'version': '1.4'}}</msg>
<arg>${json_data}</arg>
<doc>Logs the given message with the given level.</doc>
<status status="PASS" start="2024-05-04T03:15:37.040002" elapsed="0.000230"/>
</kw>
<kw name="Should Be Equal As Numbers" owner="BuiltIn">
<arg>${json_data['results'][0]['location']['postcode']}</arg>
<arg>${json_data['results'][0]['location']['postcode']}</arg>
<doc>Fails if objects are unequal after converting them to real numbers.</doc>
<status status="PASS" start="2024-05-04T03:15:37.040655" elapsed="0.000617"/>
</kw>
<kw name="Log" owner="BuiltIn">
<msg time="2024-05-04T03:15:37.041800" level="INFO">66941</msg>
<arg>${json_data['results'][0]['location']['postcode']}</arg>
<doc>Logs the given message with the given level.</doc>
<status status="PASS" start="2024-05-04T03:15:37.041465" elapsed="0.000375"/>
</kw>
<status status="PASS" start="2024-05-04T03:15:36.939172" elapsed="0.102917"/>
</kw>
<doc>Testa se os tipos de dados na resposta da API estão corretos.</doc>
<tag>testeTiposDados</tag>
<status status="PASS" start="2024-05-04T03:15:36.859018" elapsed="0.183229"/>
</test>
<test id="s1-s1-t5" name="Validar conteudo" line="35">
<kw name="Teste de Tipos de Conteudo" owner="random-user-service">
<kw name="GET On Session" owner="RequestsLibrary">
<msg time="2024-05-04T03:15:37.142188" level="INFO">GET Request : url=https://randomuser.me/api 
 path_url=/api 
 headers={'User-Agent': 'python-requests/2.31.0', 'Accept-Encoding': 'gzip, deflate', 'Accept': '*/*', 'Connection': 'keep-alive'} 
 body=None 
 </msg>
<msg time="2024-05-04T03:15:37.142274" level="INFO">GET Response : url=https://randomuser.me/api 
 status=200, reason=OK 
 headers={'Date': 'Sat, 04 May 2024 03:15:37 GMT', 'Content-Type': 'application/json; charset=utf-8', 'Transfer-Encoding': 'chunked', 'Connection': 'keep-alive', 'X-Powered-By': 'Express', 'Access-Control-Allow-Origin': '*', 'Cache-Control': 'no-cache', 'ETag': 'W/"485-ZbfnShhlkFD3Fk93P6e87md4PLc"', 'Vary': 'Accept-Encoding', 'Content-Encoding': 'gzip', 'CF-Cache-Status': 'DYNAMIC', 'Report-To': '{"endpoints":[{"url":"https:\\/\\/a.nel.cloudflare.com\\/report\\/v4?s=0F%2FldfI3j9mQSvXpKR%2F77XqVT7XwI4iLqK1be4ukdY9JrEp4S9%2FfqQea7eP9bIu7MFuXSZXkazK0Yt5aEtCGjhh28MBsnETEUta9CpbIVJTQVyj%2B7awnYwMAfu%2BQEAe9"}],"group":"cf-nel","max_age":604800}', 'NEL': '{"success_fraction":0,"report_to":"cf-nel","max_age":604800}', 'Server': 'cloudflare', 'CF-RAY': '87e553cc89eb2aea-ORD', 'alt-svc': 'h3=":443"; ma=86400'} 
 body={"results":[{"gender":"female","name":{"title":"Ms","first":"Ljiljana","last":"Perišić"},"location":{"street":{"number":2740,"name":"Trinaestog Oktobra"},"city":"Kosovo Polje","state":"Moravica","country":"Serbia","postcode":17004,"coordinates":{"latitude":"56.9796","longitude":"72.8104"},"timezone":{"offset":"+5:45","description":"Kathmandu"}},"email":"ljiljana.perisic@example.com","login":{"uuid":"68bb4d55-15c4-416b-a5eb-3df2ba96a8dd","username":"saddog858","password":"ultimate","salt":"vWsgATBw","md5":"471c020f2bd25ae0b043f7c645410d7a","sha1":"46d7aacab66c240f45948fbce0ddbb02e0384b41","sha256":"e8a8399bb47e551ea7f723c3917a302b7c84bd4a15348077cacf5ec98852dd0b"},"dob":{"date":"2000-09-16T08:26:30.913Z","age":23},"registered":{"date":"2005-01-03T11:39:27.983Z","age":19},"phone":"025-4658-820","cell":"061-1276-691","id":{"name":"SID","value":"774499197"},"picture":{"large":"https://randomuser.me/api/portraits/women/70.jpg","medium":"https://randomuser.me/api/portraits/med/women/70.jpg","thumbnail":"https://randomuser.me/api/portraits/thumb/women/70.jpg"},"nat":"RS"}],"info":{"seed":"1bc4553af6e3929e","results":1,"page":1,"version":"1.4"}} 
 </msg>
<msg time="2024-05-04T03:15:37.142350" level="INFO">/opt/hostedtoolcache/Python/3.12.3/x64/lib/python3.12/site-packages/urllib3/connectionpool.py:1103: InsecureRequestWarning: Unverified HTTPS request is being made to host 'randomuser.me'. Adding certificate verification is strongly advised. See: https://urllib3.readthedocs.io/en/latest/advanced-usage.html#tls-warnings
  warnings.warn(</msg>
<msg time="2024-05-04T03:15:37.142465" level="INFO">${response} = &lt;Response [200]&gt;</msg>
<var>${response}</var>
<arg>consultarAPI</arg>
<arg>/api</arg>
<doc>Sends a GET request on a previously created HTTP Session.</doc>
<status status="PASS" start="2024-05-04T03:15:37.044738" elapsed="0.097781"/>
</kw>
<kw name="Set Variable" owner="BuiltIn">
<msg time="2024-05-04T03:15:37.143659" level="INFO">${json_data} = {'results': [{'gender': 'female', 'name': {'title': 'Ms', 'first': 'Ljiljana', 'last': 'Perišić'}, 'location': {'street': {'number': 2740, 'name': 'Trinaestog Oktobra'}, 'city': 'Kosovo Polje', 'state...</msg>
<var>${json_data}</var>
<arg>${response.json()}</arg>
<doc>Returns the given values which can then be assigned to a variables.</doc>
<status status="PASS" start="2024-05-04T03:15:37.143084" elapsed="0.000606"/>
</kw>
<kw name="Set Variable" owner="BuiltIn">
<msg time="2024-05-04T03:15:37.144384" level="INFO">${name_title} = Ms</msg>
<var>${name_title}</var>
<arg>${json_data["results"][0]["name"]["title"]}</arg>
<doc>Returns the given values which can then be assigned to a variables.</doc>
<status status="PASS" start="2024-05-04T03:15:37.143999" elapsed="0.000410"/>
</kw>
<kw name="Create List" owner="BuiltIn">
<msg time="2024-05-04T03:15:37.144853" level="INFO">${allowed_titles} = ['Mr', 'Ms', 'Miss', 'Mrs', 'Madame', 'Monsieur']</msg>
<var>${allowed_titles}</var>
<arg>Mr</arg>
<arg>Ms</arg>
<arg>Miss</arg>
<arg>Mrs</arg>
<arg>Madame</arg>
<arg>Monsieur</arg>
<doc>Returns a list containing given items.</doc>
<status status="PASS" start="2024-05-04T03:15:37.144707" elapsed="0.000170"/>
</kw>
<kw name="List Should Contain Value" owner="Collections">
<msg time="2024-05-04T03:15:37.145334" level="INFO">False</msg>
<arg>${allowed_titles}</arg>
<arg>${name_title}</arg>
<doc>Fails if the ``value`` is not found from ``list``.</doc>
<status status="PASS" start="2024-05-04T03:15:37.145168" elapsed="0.000202"/>
</kw>
<kw name="Set Variable" owner="BuiltIn">
<msg time="2024-05-04T03:15:37.146030" level="INFO">${name_country} = RS</msg>
<var>${name_country}</var>
<arg>${json_data["results"][0]["nat"]}</arg>
<doc>Returns the given values which can then be assigned to a variables.</doc>
<status status="PASS" start="2024-05-04T03:15:37.145655" elapsed="0.000400"/>
</kw>
<kw name="Create List" owner="BuiltIn">
<msg time="2024-05-04T03:15:37.146927" level="INFO">${list_country} = ['AD', 'AE', 'AF', 'AG', 'AI', 'AL', 'AM', 'AO', 'AQ', 'AR', 'AS', 'AT', 'AU', 'AW', 'AX', 'AZ', 'BA', 'BB', 'BD', 'BE', 'BF', 'BG', 'BH', 'BI', 'BJ', 'BL', 'BM', 'BN', 'BO', 'BQ', 'BR', 'BS', 'BT', '...</msg>
<var>${list_country}</var>
<arg>AD</arg>
<arg>AE</arg>
<arg>AF</arg>
<arg>AG</arg>
<arg>AI</arg>
<arg>AL</arg>
<arg>AM</arg>
<arg>AO</arg>
<arg>AQ</arg>
<arg>AR</arg>
<arg>AS</arg>
<arg>AT</arg>
<arg>AU</arg>
<arg>AW</arg>
<arg>AX</arg>
<arg>AZ</arg>
<arg>BA</arg>
<arg>BB</arg>
<arg>BD</arg>
<arg>BE</arg>
<arg>BF</arg>
<arg>BG</arg>
<arg>BH</arg>
<arg>BI</arg>
<arg>BJ</arg>
<arg>BL</arg>
<arg>BM</arg>
<arg>BN</arg>
<arg>BO</arg>
<arg>BQ</arg>
<arg>BR</arg>
<arg>BS</arg>
<arg>BT</arg>
<arg>BV</arg>
<arg>BW</arg>
<arg>BY</arg>
<arg>BZ</arg>
<arg>CA</arg>
<arg>CC</arg>
<arg>CD</arg>
<arg>CF</arg>
<arg>CG</arg>
<arg>CH</arg>
<arg>CI</arg>
<arg>CK</arg>
<arg>CL</arg>
<arg>CM</arg>
<arg>CN</arg>
<arg>CO</arg>
<arg>CR</arg>
<arg>CU</arg>
<arg>CV</arg>
<arg>CW</arg>
<arg>CX</arg>
<arg>CY</arg>
<arg>CZ</arg>
<arg>DE</arg>
<arg>DJ</arg>
<arg>DK</arg>
<arg>DM</arg>
<arg>DO</arg>
<arg>DZ</arg>
<arg>EC</arg>
<arg>EE</arg>
<arg>EG</arg>
<arg>EH</arg>
<arg>ER</arg>
<arg>ES</arg>
<arg>ET</arg>
<arg>FI</arg>
<arg>FJ</arg>
<arg>FK</arg>
<arg>FM</arg>
<arg>FO</arg>
<arg>FR</arg>
<arg>GA</arg>
<arg>GB</arg>
<arg>GD</arg>
<arg>GE</arg>
<arg>GF</arg>
<arg>GG</arg>
<arg>GH</arg>
<arg>GI</arg>
<arg>GL</arg>
<arg>GM</arg>
<arg>GN</arg>
<arg>GP</arg>
<arg>GQ</arg>
<arg>GR</arg>
<arg>GS</arg>
<arg>GT</arg>
<arg>GU</arg>
<arg>GW</arg>
<arg>GY</arg>
<arg>HK</arg>
<arg>HM</arg>
<arg>HN</arg>
<arg>HR</arg>
<arg>HT</arg>
<arg>HU</arg>
<arg>ID</arg>
<arg>IE</arg>
<arg>IL</arg>
<arg>IM</arg>
<arg>IN</arg>
<arg>IO</arg>
<arg>IQ</arg>
<arg>IR</arg>
<arg>IS</arg>
<arg>IT</arg>
<arg>JE</arg>
<arg>JM</arg>
<arg>JO</arg>
<arg>JP</arg>
<arg>KE</arg>
<arg>KG</arg>
<arg>KH</arg>
<arg>KI</arg>
<arg>KM</arg>
<arg>KN</arg>
<arg>KP</arg>
<arg>KR</arg>
<arg>KW</arg>
<arg>KY</arg>
<arg>KZ</arg>
<arg>LA</arg>
<arg>LB</arg>
<arg>LC</arg>
<arg>LI</arg>
<arg>LK</arg>
<arg>LR</arg>
<arg>LS</arg>
<arg>LT</arg>
<arg>LU</arg>
<arg>LV</arg>
<arg>LY</arg>
<arg>MA</arg>
<arg>MC</arg>
<arg>MD</arg>
<arg>ME</arg>
<arg>MF</arg>
<arg>MG</arg>
<arg>MH</arg>
<arg>MK</arg>
<arg>ML</arg>
<arg>MM</arg>
<arg>MN</arg>
<arg>MO</arg>
<arg>MP</arg>
<arg>MQ</arg>
<arg>MR</arg>
<arg>MS</arg>
<arg>MT</arg>
<arg>MU</arg>
<arg>MV</arg>
<arg>MW</arg>
<arg>MX</arg>
<arg>MY</arg>
<arg>MZ</arg>
<arg>NA</arg>
<arg>NC</arg>
<arg>NE</arg>
<arg>NF</arg>
<arg>NG</arg>
<arg>NI</arg>
<arg>NL</arg>
<arg>NO</arg>
<arg>NP</arg>
<arg>NR</arg>
<arg>NU</arg>
<arg>NZ</arg>
<arg>OM</arg>
<arg>PA</arg>
<arg>PE</arg>
<arg>PF</arg>
<arg>PG</arg>
<arg>PH</arg>
<arg>PK</arg>
<arg>PL</arg>
<arg>PM</arg>
<arg>PN</arg>
<arg>PR</arg>
<arg>PS</arg>
<arg>PT</arg>
<arg>PW</arg>
<arg>PY</arg>
<arg>QA</arg>
<arg>RE</arg>
<arg>RO</arg>
<arg>RS</arg>
<arg>RU</arg>
<arg>RW</arg>
<arg>SA</arg>
<arg>SB</arg>
<arg>SC</arg>
<arg>SD</arg>
<arg>SE</arg>
<arg>SG</arg>
<arg>SH</arg>
<arg>SI</arg>
<arg>SJ</arg>
<arg>SK</arg>
<arg>SL</arg>
<arg>SM</arg>
<arg>SN</arg>
<arg>SO</arg>
<arg>SR</arg>
<arg>SS</arg>
<arg>ST</arg>
<arg>SV</arg>
<arg>SX</arg>
<arg>SY</arg>
<arg>SZ</arg>
<arg>TC</arg>
<arg>TD</arg>
<arg>TF</arg>
<arg>TG</arg>
<arg>TH</arg>
<arg>TJ</arg>
<arg>TK</arg>
<arg>TL</arg>
<arg>TM</arg>
<arg>TN</arg>
<arg>TO</arg>
<arg>TR</arg>
<arg>TT</arg>
<arg>TV</arg>
<arg>TW</arg>
<arg>TZ</arg>
<arg>UA</arg>
<arg>UG</arg>
<arg>UM</arg>
<arg>US</arg>
<arg>UY</arg>
<arg>UZ</arg>
<arg>VA</arg>
<arg>VC</arg>
<arg>VE</arg>
<arg>VG</arg>
<arg>VI</arg>
<arg>VN</arg>
<arg>VU</arg>
<arg>WF</arg>
<arg>WS</arg>
<arg>XK</arg>
<arg>YE</arg>
<arg>YT</arg>
<arg>ZA</arg>
<arg>ZM</arg>
<arg>ZW</arg>
<doc>Returns a list containing given items.</doc>
<status status="PASS" start="2024-05-04T03:15:37.146348" elapsed="0.000604"/>
</kw>
<kw name="List Should Contain Value" owner="Collections">
<msg time="2024-05-04T03:15:37.147959" level="INFO">False</msg>
<arg>${list_country}</arg>
<arg>${name_country}</arg>
<doc>Fails if the ``value`` is not found from ``list``.</doc>
<status status="PASS" start="2024-05-04T03:15:37.147760" elapsed="0.000235"/>
</kw>
<kw name="Run Keyword If" owner="BuiltIn">
<kw name="Should Be True" owner="BuiltIn">
<arg>${True}</arg>
<doc>Fails if the given condition is not true.</doc>
<status status="PASS" start="2024-05-04T03:15:37.149046" elapsed="0.000237"/>
</kw>
<arg>${json_data["results"][0]["location"]["coordinates"]["latitude"]} &gt;= -90 and ${json_data["results"][0]["location"]["coordinates"]["latitude"]} &lt;= 90</arg>
<arg>Should Be True</arg>
<arg>${True}</arg>
<doc>Runs the given keyword with the given arguments, if ``condition`` is true.</doc>
<status status="PASS" start="2024-05-04T03:15:37.148299" elapsed="0.001115"/>
</kw>
<kw name="Run Keyword If" owner="BuiltIn">
<kw name="Should Be True" owner="BuiltIn">
<arg>${True}</arg>
<doc>Fails if the given condition is not true.</doc>
<status status="PASS" start="2024-05-04T03:15:37.150301" elapsed="0.000135"/>
</kw>
<arg>${json_data["results"][0]["location"]["coordinates"]["longitude"]} &gt;= -180 and ${json_data["results"][0]["location"]["coordinates"]["longitude"]} &lt;= 180</arg>
<arg>Should Be True</arg>
<arg>${True}</arg>
<doc>Runs the given keyword with the given arguments, if ``condition`` is true.</doc>
<status status="PASS" start="2024-05-04T03:15:37.149599" elapsed="0.000960"/>
</kw>
<status status="PASS" start="2024-05-04T03:15:37.044507" elapsed="0.106177"/>
</kw>
<doc>Testa o conteúdo específico dos campos retornados pela API.</doc>
<tag>testeConteudo</tag>
<status status="PASS" start="2024-05-04T03:15:37.044005" elapsed="0.106819"/>
</test>
<status status="PASS" start="2024-05-04T03:15:36.352257" elapsed="0.800520"/>
</suite>
<status status="PASS" start="2024-05-04T03:15:36.337943" elapsed="0.819876"/>
</suite>
<statistics>
<total>
<stat pass="5" fail="0" skip="0">All Tests</stat>
</total>
<tag>
<stat pass="1" fail="0" skip="0">testeConteudo</stat>
<stat pass="1" fail="0" skip="0">testeEstruturaResposta</stat>
<stat pass="1" fail="0" skip="0">testeRequisicaoBasica</stat>
<stat pass="1" fail="0" skip="0">testeTiposDados</stat>
</tag>
<suite>
<stat pass="5" fail="0" skip="0" id="s1" name="Tests">Tests</stat>
<stat pass="5" fail="0" skip="0" id="s1-s1" name="Random-User-Test">Tests.Random-User-Test</stat>
</suite>
</statistics>
<errors>
</errors>
</robot>
