<?xml version="1.0" encoding="UTF-8"?>
<robot generator="Robot 7.0.1 (Python 3.12.4 on linux)" generated="2024-07-29T02:36:23.557186" rpa="false" schemaversion="5">
<suite id="s1" name="Tests" source="/home/runner/work/ApiRandomUser/ApiRandomUser/RamdonUser/tests">
<suite id="s1-s1" name="Random-User-Test" source="/home/runner/work/ApiRandomUser/ApiRandomUser/RamdonUser/tests/random-user-test.robot">
<test id="s1-s1-t1" name="Conectar" line="13">
<kw name="Conectar API" owner="random-user-service">
<kw name="Create Session" owner="RequestsLibrary">
<msg time="2024-07-29T02:36:23.967617" level="INFO">Creating Session using : alias=consultarAPI, url=https://randomuser.me/, headers={},                     cookies={}, auth=None, timeout=None, proxies=None, verify=False,                     debug=0 </msg>
<arg>consultarAPI</arg>
<arg>${URL}</arg>
<doc>Create Session: create a HTTP session to a server</doc>
<status status="PASS" start="2024-07-29T02:36:23.967420" elapsed="0.000420"/>
</kw>
<status status="PASS" start="2024-07-29T02:36:23.966367" elapsed="0.001844"/>
</kw>
<status status="PASS" start="2024-07-29T02:36:23.965733" elapsed="0.002671"/>
</test>
<test id="s1-s1-t2" name="Validar retorno 200 e JSON Válido" line="16">
<kw name="Teste de Requisicao Basica" owner="random-user-service">
<kw name="GET On Session" owner="RequestsLibrary">
<msg time="2024-07-29T02:36:24.059676" level="INFO">GET Request : url=https://randomuser.me/api 
 path_url=/api 
 headers={'User-Agent': 'python-requests/2.32.3', 'Accept-Encoding': 'gzip, deflate', 'Accept': '*/*', 'Connection': 'keep-alive'} 
 body=None 
 </msg>
<msg time="2024-07-29T02:36:24.059871" level="INFO">GET Response : url=https://randomuser.me/api 
 status=200, reason=OK 
 headers={'Date': 'Mon, 29 Jul 2024 02:36:24 GMT', 'Content-Type': 'application/json; charset=utf-8', 'Transfer-Encoding': 'chunked', 'Connection': 'keep-alive', 'X-Powered-By': 'Express', 'Access-Control-Allow-Origin': '*', 'Cache-Control': 'no-cache', 'ETag': 'W/"47e-wj+jIr9yNHIXkWUT2uxEpD5JSas"', 'Vary': 'Accept-Encoding', 'Content-Encoding': 'gzip', 'CF-Cache-Status': 'DYNAMIC', 'Report-To': '{"endpoints":[{"url":"https:\\/\\/a.nel.cloudflare.com\\/report\\/v4?s=cPnQz%2BtxwqIRMApsvnw5xYyYDbPdZ2anSNvkac%2FX2Y3Sv%2F5uT7j6LL2R13AsQ7bUARPGOJ1ZepW6lSlVtxJsNYKrClHBwvgHCyjRS8o2KPsWmjgtwGFpMYHabNMoVHyD"}],"group":"cf-nel","max_age":604800}', 'NEL': '{"success_fraction":0,"report_to":"cf-nel","max_age":604800}', 'Server': 'cloudflare', 'CF-RAY': '8aa9b89a2cf39c52-IAD', 'alt-svc': 'h3=":443"; ma=86400'} 
 body={"results":[{"gender":"female","name":{"title":"Miss","first":"Leanne","last":"Singh"},"location":{"street":{"number":6012,"name":"Dieppe Ave"},"city":"Lasalle","state":"Québec","country":"Canada","postcode":"R3I 0Y0","coordinates":{"latitude":"-67.3645","longitude":"172.1872"},"timezone":{"offset":"-2:00","description":"Mid-Atlantic"}},"email":"leanne.singh@example.com","login":{"uuid":"ad36958d-4312-47c3-b10b-1041a15e4e2c","username":"sadbutterfly114","password":"12341234","salt":"pfjEWoSe","md5":"95123d39595945b357f7b3cb1d52f4ef","sha1":"c31f66ed4316a16e882ab2c100d1eb6ff1b1d63f","sha256":"8c6ea6d86b00401f38ea5317ef501c804213f5949d6df4b535b9201f6177cc0c"},"dob":{"date":"1961-03-25T19:16:03.327Z","age":63},"registered":{"date":"2004-04-05T12:13:52.334Z","age":20},"phone":"C39 G81-7333","cell":"T43 G52-9036","id":{"name":"SIN","value":"486306871"},"picture":{"large":"https://randomuser.me/api/portraits/women/66.jpg","medium":"https://randomuser.me/api/portraits/med/women/66.jpg","thumbnail":"https://randomuser.me/api/portraits/thumb/women/66.jpg"},"nat":"CA"}],"info":{"seed":"11d3ae6ec79b57fd","results":1,"page":1,"version":"1.4"}} 
 </msg>
<msg time="2024-07-29T02:36:24.059966" level="INFO">/opt/hostedtoolcache/Python/3.12.4/x64/lib/python3.12/site-packages/urllib3/connectionpool.py:1099: InsecureRequestWarning: Unverified HTTPS request is being made to host 'randomuser.me'. Adding certificate verification is strongly advised. See: https://urllib3.readthedocs.io/en/latest/advanced-usage.html#tls-warnings
  warnings.warn(</msg>
<msg time="2024-07-29T02:36:24.060121" level="INFO">${response} = &lt;Response [200]&gt;</msg>
<var>${response}</var>
<arg>consultarAPI</arg>
<arg>/api</arg>
<doc>Sends a GET request on a previously created HTTP Session.</doc>
<status status="PASS" start="2024-07-29T02:36:23.971026" elapsed="0.089136"/>
</kw>
<kw name="Should Be Equal As Numbers" owner="BuiltIn">
<msg time="2024-07-29T02:36:24.061112" level="INFO">Argument types are:
&lt;class 'int'&gt;
&lt;class 'str'&gt;</msg>
<arg>${response.status_code}</arg>
<arg>200</arg>
<doc>Fails if objects are unequal after converting them to real numbers.</doc>
<status status="PASS" start="2024-07-29T02:36:24.060662" elapsed="0.000514"/>
</kw>
<kw name="Log" owner="BuiltIn">
<msg time="2024-07-29T02:36:24.061848" level="INFO">200</msg>
<arg>${response.status_code}</arg>
<doc>Logs the given message with the given level.</doc>
<status status="PASS" start="2024-07-29T02:36:24.061494" elapsed="0.000396"/>
</kw>
<kw name="Set Variable" owner="BuiltIn">
<msg time="2024-07-29T02:36:24.062646" level="INFO">${json_data} = {'results': [{'gender': 'female', 'name': {'title': 'Miss', 'first': 'Leanne', 'last': 'Singh'}, 'location': {'street': {'number': 6012, 'name': 'Dieppe Ave'}, 'city': 'Lasalle', 'state': 'Québec', 'c...</msg>
<var>${json_data}</var>
<arg>${response.json()}</arg>
<doc>Returns the given values which can then be assigned to a variables.</doc>
<status status="PASS" start="2024-07-29T02:36:24.062196" elapsed="0.000481"/>
</kw>
<kw name="Dictionary Should Contain Key" owner="Collections">
<arg>${json_data}</arg>
<arg>results</arg>
<doc>Fails if ``key`` is not found from ``dictionary``.</doc>
<status status="PASS" start="2024-07-29T02:36:24.062982" elapsed="0.000321"/>
</kw>
<status status="PASS" start="2024-07-29T02:36:23.970779" elapsed="0.092681"/>
</kw>
<doc>Testa se a API responde corretamente e retorna um objeto JSON válido.</doc>
<tag>testeRequisicaoBasica</tag>
<status status="PASS" start="2024-07-29T02:36:23.970273" elapsed="0.093361"/>
</test>
<test id="s1-s1-t3" name="Validar estrutura de resposta" line="22">
<kw name="Teste de Estrutura de Resposta" owner="random-user-service">
<kw name="GET On Session" owner="RequestsLibrary">
<msg time="2024-07-29T02:36:24.176608" level="INFO">GET Request : url=https://randomuser.me/api 
 path_url=/api 
 headers={'User-Agent': 'python-requests/2.32.3', 'Accept-Encoding': 'gzip, deflate', 'Accept': '*/*', 'Connection': 'keep-alive'} 
 body=None 
 </msg>
<msg time="2024-07-29T02:36:24.176711" level="INFO">GET Response : url=https://randomuser.me/api 
 status=200, reason=OK 
 headers={'Date': 'Mon, 29 Jul 2024 02:36:24 GMT', 'Content-Type': 'application/json; charset=utf-8', 'Transfer-Encoding': 'chunked', 'Connection': 'keep-alive', 'X-Powered-By': 'Express', 'Access-Control-Allow-Origin': '*', 'Cache-Control': 'no-cache', 'ETag': 'W/"492-TCpSXHYfanI1GqCg8/oLU4fz8vo"', 'Vary': 'Accept-Encoding', 'Content-Encoding': 'gzip', 'CF-Cache-Status': 'DYNAMIC', 'Report-To': '{"endpoints":[{"url":"https:\\/\\/a.nel.cloudflare.com\\/report\\/v4?s=EpBP9lh82ciLcgDNJ1zGpDHvyLEj74j2gGXO76CJ0yByvSiyYSYHevLeABfvnxwEbYAFqqXY%2FzRYu%2F1exZ7%2Bw32ljivmYjARP7t5phySjMdAzOGBzlEdeKxJjHsBNajG"}],"group":"cf-nel","max_age":604800}', 'NEL': '{"success_fraction":0,"report_to":"cf-nel","max_age":604800}', 'Server': 'cloudflare', 'CF-RAY': '8aa9b89a7d489c52-IAD', 'alt-svc': 'h3=":443"; ma=86400'} 
 body={"results":[{"gender":"male","name":{"title":"Mr","first":"Lohan","last":"Rey"},"location":{"street":{"number":7570,"name":"Quai Charles-De-Gaulle"},"city":"Grenoble","state":"Pas-de-Calais","country":"France","postcode":56890,"coordinates":{"latitude":"-15.1261","longitude":"-40.6942"},"timezone":{"offset":"+2:00","description":"Kaliningrad, South Africa"}},"email":"lohan.rey@example.com","login":{"uuid":"7d8c55c8-053f-4197-a7c2-420af14b303b","username":"silverdog349","password":"hotred","salt":"aun0eKBx","md5":"51a377b0e4281b3eb0806e0114e31352","sha1":"13f2f660c5ffe46811a355a8d594aa77a29714f7","sha256":"c5fba1e73c7d9255339b1a170fa03785ff42040046db7f77769bfd1a6a9da52c"},"dob":{"date":"1955-02-12T07:38:28.511Z","age":69},"registered":{"date":"2002-10-11T15:20:49.945Z","age":21},"phone":"05-12-72-02-74","cell":"06-74-44-06-76","id":{"name":"INSEE","value":"1550116717572 74"},"picture":{"large":"https://randomuser.me/api/portraits/men/68.jpg","medium":"https://randomuser.me/api/portraits/med/men/68.jpg","thumbnail":"https://randomuser.me/api/portraits/thumb/men/68.jpg"},"nat":"FR"}],"info":{"seed":"be07d20edf5dfb23","results":1,"page":1,"version":"1.4"}} 
 </msg>
<msg time="2024-07-29T02:36:24.176863" level="INFO">/opt/hostedtoolcache/Python/3.12.4/x64/lib/python3.12/site-packages/urllib3/connectionpool.py:1099: InsecureRequestWarning: Unverified HTTPS request is being made to host 'randomuser.me'. Adding certificate verification is strongly advised. See: https://urllib3.readthedocs.io/en/latest/advanced-usage.html#tls-warnings
  warnings.warn(</msg>
<msg time="2024-07-29T02:36:24.177027" level="INFO">${response} = &lt;Response [200]&gt;</msg>
<var>${response}</var>
<arg>consultarAPI</arg>
<arg>/api</arg>
<doc>Sends a GET request on a previously created HTTP Session.</doc>
<status status="PASS" start="2024-07-29T02:36:24.066348" elapsed="0.110733"/>
</kw>
<kw name="Set Variable" owner="BuiltIn">
<msg time="2024-07-29T02:36:24.178077" level="INFO">${json_data} = {'results': [{'gender': 'male', 'name': {'title': 'Mr', 'first': 'Lohan', 'last': 'Rey'}, 'location': {'street': {'number': 7570, 'name': 'Quai Charles-De-Gaulle'}, 'city': 'Grenoble', 'state': 'Pas-d...</msg>
<var>${json_data}</var>
<arg>${response.json()}</arg>
<doc>Returns the given values which can then be assigned to a variables.</doc>
<status status="PASS" start="2024-07-29T02:36:24.177574" elapsed="0.000533"/>
</kw>
<kw name="Log" owner="BuiltIn">
<msg time="2024-07-29T02:36:24.178582" level="INFO">{'results': [{'gender': 'male', 'name': {'title': 'Mr', 'first': 'Lohan', 'last': 'Rey'}, 'location': {'street': {'number': 7570, 'name': 'Quai Charles-De-Gaulle'}, 'city': 'Grenoble', 'state': 'Pas-de-Calais', 'country': 'France', 'postcode': 56890, 'coordinates': {'latitude': '-15.1261', 'longitude': '-40.6942'}, 'timezone': {'offset': '+2:00', 'description': 'Kaliningrad, South Africa'}}, 'email': 'lohan.rey@example.com', 'login': {'uuid': '7d8c55c8-053f-4197-a7c2-420af14b303b', 'username': 'silverdog349', 'password': 'hotred', 'salt': 'aun0eKBx', 'md5': '51a377b0e4281b3eb0806e0114e31352', 'sha1': '13f2f660c5ffe46811a355a8d594aa77a29714f7', 'sha256': 'c5fba1e73c7d9255339b1a170fa03785ff42040046db7f77769bfd1a6a9da52c'}, 'dob': {'date': '1955-02-12T07:38:28.511Z', 'age': 69}, 'registered': {'date': '2002-10-11T15:20:49.945Z', 'age': 21}, 'phone': '05-12-72-02-74', 'cell': '06-74-44-06-76', 'id': {'name': 'INSEE', 'value': '1550116717572 74'}, 'picture': {'large': 'https://randomuser.me/api/portraits/men/68.jpg', 'medium': 'https://randomuser.me/api/portraits/med/men/68.jpg', 'thumbnail': 'https://randomuser.me/api/portraits/thumb/men/68.jpg'}, 'nat': 'FR'}], 'info': {'seed': 'be07d20edf5dfb23', 'results': 1, 'page': 1, 'version': '1.4'}}</msg>
<arg>${json_data}</arg>
<doc>Logs the given message with the given level.</doc>
<status status="PASS" start="2024-07-29T02:36:24.178416" elapsed="0.000217"/>
</kw>
<kw name="Dictionary Should Contain Key" owner="Collections">
<arg>${json_data}</arg>
<arg>results</arg>
<doc>Fails if ``key`` is not found from ``dictionary``.</doc>
<status status="PASS" start="2024-07-29T02:36:24.178929" elapsed="0.000164"/>
</kw>
<kw name="Should Not Be Empty" owner="BuiltIn">
<msg time="2024-07-29T02:36:24.179412" level="INFO">Length is 2.</msg>
<arg>${json_data}</arg>
<doc>Verifies that the given item is not empty.</doc>
<status status="PASS" start="2024-07-29T02:36:24.179286" elapsed="0.000164"/>
</kw>
<kw name="Create List" owner="BuiltIn">
<msg time="2024-07-29T02:36:24.179967" level="INFO">${expected_keys} = ['gender', 'name', 'location', 'email', 'login']</msg>
<var>${expected_keys}</var>
<arg>gender</arg>
<arg>name</arg>
<arg>location</arg>
<arg>email</arg>
<arg>login</arg>
<doc>Returns a list containing given items.</doc>
<status status="PASS" start="2024-07-29T02:36:24.179793" elapsed="0.000198"/>
</kw>
<for flavor="IN">
<iter>
<kw name="Dictionary Should Contain Key" owner="Collections">
<arg>${json_data['results'][0]}</arg>
<arg>${key}</arg>
<doc>Fails if ``key`` is not found from ``dictionary``.</doc>
<status status="PASS" start="2024-07-29T02:36:24.180580" elapsed="0.000407"/>
</kw>
<kw name="Log" owner="BuiltIn">
<msg time="2024-07-29T02:36:24.181547" level="INFO">{'gender': 'male', 'name': {'title': 'Mr', 'first': 'Lohan', 'last': 'Rey'}, 'location': {'street': {'number': 7570, 'name': 'Quai Charles-De-Gaulle'}, 'city': 'Grenoble', 'state': 'Pas-de-Calais', 'country': 'France', 'postcode': 56890, 'coordinates': {'latitude': '-15.1261', 'longitude': '-40.6942'}, 'timezone': {'offset': '+2:00', 'description': 'Kaliningrad, South Africa'}}, 'email': 'lohan.rey@example.com', 'login': {'uuid': '7d8c55c8-053f-4197-a7c2-420af14b303b', 'username': 'silverdog349', 'password': 'hotred', 'salt': 'aun0eKBx', 'md5': '51a377b0e4281b3eb0806e0114e31352', 'sha1': '13f2f660c5ffe46811a355a8d594aa77a29714f7', 'sha256': 'c5fba1e73c7d9255339b1a170fa03785ff42040046db7f77769bfd1a6a9da52c'}, 'dob': {'date': '1955-02-12T07:38:28.511Z', 'age': 69}, 'registered': {'date': '2002-10-11T15:20:49.945Z', 'age': 21}, 'phone': '05-12-72-02-74', 'cell': '06-74-44-06-76', 'id': {'name': 'INSEE', 'value': '1550116717572 74'}, 'picture': {'large': 'https://randomuser.me/api/portraits/men/68.jpg', 'medium': 'https://randomuser.me/api/portraits/med/men/68.jpg', 'thumbnail': 'https://randomuser.me/api/portraits/thumb/men/68.jpg'}, 'nat': 'FR'}</msg>
<arg>${json_data['results'][0]}</arg>
<doc>Logs the given message with the given level.</doc>
<status status="PASS" start="2024-07-29T02:36:24.181182" elapsed="0.000415"/>
</kw>
<kw name="Log" owner="BuiltIn">
<msg time="2024-07-29T02:36:24.182022" level="INFO">gender</msg>
<arg>${key}</arg>
<doc>Logs the given message with the given level.</doc>
<status status="PASS" start="2024-07-29T02:36:24.181893" elapsed="0.000167"/>
</kw>
<var name="${key}">gender</var>
<status status="PASS" start="2024-07-29T02:36:24.180451" elapsed="0.001828"/>
</iter>
<iter>
<kw name="Dictionary Should Contain Key" owner="Collections">
<arg>${json_data['results'][0]}</arg>
<arg>${key}</arg>
<doc>Fails if ``key`` is not found from ``dictionary``.</doc>
<status status="PASS" start="2024-07-29T02:36:24.182575" elapsed="0.000394"/>
</kw>
<kw name="Log" owner="BuiltIn">
<msg time="2024-07-29T02:36:24.183510" level="INFO">{'gender': 'male', 'name': {'title': 'Mr', 'first': 'Lohan', 'last': 'Rey'}, 'location': {'street': {'number': 7570, 'name': 'Quai Charles-De-Gaulle'}, 'city': 'Grenoble', 'state': 'Pas-de-Calais', 'country': 'France', 'postcode': 56890, 'coordinates': {'latitude': '-15.1261', 'longitude': '-40.6942'}, 'timezone': {'offset': '+2:00', 'description': 'Kaliningrad, South Africa'}}, 'email': 'lohan.rey@example.com', 'login': {'uuid': '7d8c55c8-053f-4197-a7c2-420af14b303b', 'username': 'silverdog349', 'password': 'hotred', 'salt': 'aun0eKBx', 'md5': '51a377b0e4281b3eb0806e0114e31352', 'sha1': '13f2f660c5ffe46811a355a8d594aa77a29714f7', 'sha256': 'c5fba1e73c7d9255339b1a170fa03785ff42040046db7f77769bfd1a6a9da52c'}, 'dob': {'date': '1955-02-12T07:38:28.511Z', 'age': 69}, 'registered': {'date': '2002-10-11T15:20:49.945Z', 'age': 21}, 'phone': '05-12-72-02-74', 'cell': '06-74-44-06-76', 'id': {'name': 'INSEE', 'value': '1550116717572 74'}, 'picture': {'large': 'https://randomuser.me/api/portraits/men/68.jpg', 'medium': 'https://randomuser.me/api/portraits/med/men/68.jpg', 'thumbnail': 'https://randomuser.me/api/portraits/thumb/men/68.jpg'}, 'nat': 'FR'}</msg>
<arg>${json_data['results'][0]}</arg>
<doc>Logs the given message with the given level.</doc>
<status status="PASS" start="2024-07-29T02:36:24.183155" elapsed="0.000436"/>
</kw>
<kw name="Log" owner="BuiltIn">
<msg time="2024-07-29T02:36:24.184059" level="INFO">name</msg>
<arg>${key}</arg>
<doc>Logs the given message with the given level.</doc>
<status status="PASS" start="2024-07-29T02:36:24.183928" elapsed="0.000169"/>
</kw>
<var name="${key}">name</var>
<status status="PASS" start="2024-07-29T02:36:24.182465" elapsed="0.001851"/>
</iter>
<iter>
<kw name="Dictionary Should Contain Key" owner="Collections">
<arg>${json_data['results'][0]}</arg>
<arg>${key}</arg>
<doc>Fails if ``key`` is not found from ``dictionary``.</doc>
<status status="PASS" start="2024-07-29T02:36:24.184597" elapsed="0.000388"/>
</kw>
<kw name="Log" owner="BuiltIn">
<msg time="2024-07-29T02:36:24.185521" level="INFO">{'gender': 'male', 'name': {'title': 'Mr', 'first': 'Lohan', 'last': 'Rey'}, 'location': {'street': {'number': 7570, 'name': 'Quai Charles-De-Gaulle'}, 'city': 'Grenoble', 'state': 'Pas-de-Calais', 'country': 'France', 'postcode': 56890, 'coordinates': {'latitude': '-15.1261', 'longitude': '-40.6942'}, 'timezone': {'offset': '+2:00', 'description': 'Kaliningrad, South Africa'}}, 'email': 'lohan.rey@example.com', 'login': {'uuid': '7d8c55c8-053f-4197-a7c2-420af14b303b', 'username': 'silverdog349', 'password': 'hotred', 'salt': 'aun0eKBx', 'md5': '51a377b0e4281b3eb0806e0114e31352', 'sha1': '13f2f660c5ffe46811a355a8d594aa77a29714f7', 'sha256': 'c5fba1e73c7d9255339b1a170fa03785ff42040046db7f77769bfd1a6a9da52c'}, 'dob': {'date': '1955-02-12T07:38:28.511Z', 'age': 69}, 'registered': {'date': '2002-10-11T15:20:49.945Z', 'age': 21}, 'phone': '05-12-72-02-74', 'cell': '06-74-44-06-76', 'id': {'name': 'INSEE', 'value': '1550116717572 74'}, 'picture': {'large': 'https://randomuser.me/api/portraits/men/68.jpg', 'medium': 'https://randomuser.me/api/portraits/med/men/68.jpg', 'thumbnail': 'https://randomuser.me/api/portraits/thumb/men/68.jpg'}, 'nat': 'FR'}</msg>
<arg>${json_data['results'][0]}</arg>
<doc>Logs the given message with the given level.</doc>
<status status="PASS" start="2024-07-29T02:36:24.185176" elapsed="0.000393"/>
</kw>
<kw name="Log" owner="BuiltIn">
<msg time="2024-07-29T02:36:24.185993" level="INFO">location</msg>
<arg>${key}</arg>
<doc>Logs the given message with the given level.</doc>
<status status="PASS" start="2024-07-29T02:36:24.185867" elapsed="0.000164"/>
</kw>
<var name="${key}">location</var>
<status status="PASS" start="2024-07-29T02:36:24.184490" elapsed="0.001756"/>
</iter>
<iter>
<kw name="Dictionary Should Contain Key" owner="Collections">
<arg>${json_data['results'][0]}</arg>
<arg>${key}</arg>
<doc>Fails if ``key`` is not found from ``dictionary``.</doc>
<status status="PASS" start="2024-07-29T02:36:24.186519" elapsed="0.000392"/>
</kw>
<kw name="Log" owner="BuiltIn">
<msg time="2024-07-29T02:36:24.187570" level="INFO">{'gender': 'male', 'name': {'title': 'Mr', 'first': 'Lohan', 'last': 'Rey'}, 'location': {'street': {'number': 7570, 'name': 'Quai Charles-De-Gaulle'}, 'city': 'Grenoble', 'state': 'Pas-de-Calais', 'country': 'France', 'postcode': 56890, 'coordinates': {'latitude': '-15.1261', 'longitude': '-40.6942'}, 'timezone': {'offset': '+2:00', 'description': 'Kaliningrad, South Africa'}}, 'email': 'lohan.rey@example.com', 'login': {'uuid': '7d8c55c8-053f-4197-a7c2-420af14b303b', 'username': 'silverdog349', 'password': 'hotred', 'salt': 'aun0eKBx', 'md5': '51a377b0e4281b3eb0806e0114e31352', 'sha1': '13f2f660c5ffe46811a355a8d594aa77a29714f7', 'sha256': 'c5fba1e73c7d9255339b1a170fa03785ff42040046db7f77769bfd1a6a9da52c'}, 'dob': {'date': '1955-02-12T07:38:28.511Z', 'age': 69}, 'registered': {'date': '2002-10-11T15:20:49.945Z', 'age': 21}, 'phone': '05-12-72-02-74', 'cell': '06-74-44-06-76', 'id': {'name': 'INSEE', 'value': '1550116717572 74'}, 'picture': {'large': 'https://randomuser.me/api/portraits/men/68.jpg', 'medium': 'https://randomuser.me/api/portraits/med/men/68.jpg', 'thumbnail': 'https://randomuser.me/api/portraits/thumb/men/68.jpg'}, 'nat': 'FR'}</msg>
<arg>${json_data['results'][0]}</arg>
<doc>Logs the given message with the given level.</doc>
<status status="PASS" start="2024-07-29T02:36:24.187219" elapsed="0.000400"/>
</kw>
<kw name="Log" owner="BuiltIn">
<msg time="2024-07-29T02:36:24.188077" level="INFO">email</msg>
<arg>${key}</arg>
<doc>Logs the given message with the given level.</doc>
<status status="PASS" start="2024-07-29T02:36:24.187948" elapsed="0.000167"/>
</kw>
<var name="${key}">email</var>
<status status="PASS" start="2024-07-29T02:36:24.186414" elapsed="0.001916"/>
</iter>
<iter>
<kw name="Dictionary Should Contain Key" owner="Collections">
<arg>${json_data['results'][0]}</arg>
<arg>${key}</arg>
<doc>Fails if ``key`` is not found from ``dictionary``.</doc>
<status status="PASS" start="2024-07-29T02:36:24.188609" elapsed="0.000377"/>
</kw>
<kw name="Log" owner="BuiltIn">
<msg time="2024-07-29T02:36:24.189518" level="INFO">{'gender': 'male', 'name': {'title': 'Mr', 'first': 'Lohan', 'last': 'Rey'}, 'location': {'street': {'number': 7570, 'name': 'Quai Charles-De-Gaulle'}, 'city': 'Grenoble', 'state': 'Pas-de-Calais', 'country': 'France', 'postcode': 56890, 'coordinates': {'latitude': '-15.1261', 'longitude': '-40.6942'}, 'timezone': {'offset': '+2:00', 'description': 'Kaliningrad, South Africa'}}, 'email': 'lohan.rey@example.com', 'login': {'uuid': '7d8c55c8-053f-4197-a7c2-420af14b303b', 'username': 'silverdog349', 'password': 'hotred', 'salt': 'aun0eKBx', 'md5': '51a377b0e4281b3eb0806e0114e31352', 'sha1': '13f2f660c5ffe46811a355a8d594aa77a29714f7', 'sha256': 'c5fba1e73c7d9255339b1a170fa03785ff42040046db7f77769bfd1a6a9da52c'}, 'dob': {'date': '1955-02-12T07:38:28.511Z', 'age': 69}, 'registered': {'date': '2002-10-11T15:20:49.945Z', 'age': 21}, 'phone': '05-12-72-02-74', 'cell': '06-74-44-06-76', 'id': {'name': 'INSEE', 'value': '1550116717572 74'}, 'picture': {'large': 'https://randomuser.me/api/portraits/men/68.jpg', 'medium': 'https://randomuser.me/api/portraits/med/men/68.jpg', 'thumbnail': 'https://randomuser.me/api/portraits/thumb/men/68.jpg'}, 'nat': 'FR'}</msg>
<arg>${json_data['results'][0]}</arg>
<doc>Logs the given message with the given level.</doc>
<status status="PASS" start="2024-07-29T02:36:24.189167" elapsed="0.000400"/>
</kw>
<kw name="Log" owner="BuiltIn">
<msg time="2024-07-29T02:36:24.189984" level="INFO">login</msg>
<arg>${key}</arg>
<doc>Logs the given message with the given level.</doc>
<status status="PASS" start="2024-07-29T02:36:24.189858" elapsed="0.000164"/>
</kw>
<var name="${key}">login</var>
<status status="PASS" start="2024-07-29T02:36:24.188503" elapsed="0.001733"/>
</iter>
<var>${key}</var>
<value>@{expected_keys}</value>
<status status="PASS" start="2024-07-29T02:36:24.180259" elapsed="0.010097"/>
</for>
<kw name="Create List" owner="BuiltIn">
<msg time="2024-07-29T02:36:24.190678" level="INFO">${expected_keysTwo} = ['username', 'password']</msg>
<var>${expected_keysTwo}</var>
<arg>username</arg>
<arg>password</arg>
<doc>Returns a list containing given items.</doc>
<status status="PASS" start="2024-07-29T02:36:24.190543" elapsed="0.000186"/>
</kw>
<for flavor="IN">
<iter>
<kw name="Dictionary Should Contain Key" owner="Collections">
<arg>${json_data['results'][0]['login']}</arg>
<arg>${keyTwo}</arg>
<doc>Fails if ``key`` is not found from ``dictionary``.</doc>
<status status="PASS" start="2024-07-29T02:36:24.191241" elapsed="0.000381"/>
</kw>
<kw name="Dictionary Should Contain Key" owner="Collections">
<arg>${json_data['results'][0]['login']}</arg>
<arg>${keyTwo}</arg>
<doc>Fails if ``key`` is not found from ``dictionary``.</doc>
<status status="PASS" start="2024-07-29T02:36:24.191837" elapsed="0.000374"/>
</kw>
<kw name="Log" owner="BuiltIn">
<msg time="2024-07-29T02:36:24.192510" level="INFO">username</msg>
<arg>${keyTwo}</arg>
<doc>Logs the given message with the given level.</doc>
<status status="PASS" start="2024-07-29T02:36:24.192391" elapsed="0.000156"/>
</kw>
<var name="${keyTwo}">username</var>
<status status="PASS" start="2024-07-29T02:36:24.191136" elapsed="0.001628"/>
</iter>
<iter>
<kw name="Dictionary Should Contain Key" owner="Collections">
<arg>${json_data['results'][0]['login']}</arg>
<arg>${keyTwo}</arg>
<doc>Fails if ``key`` is not found from ``dictionary``.</doc>
<status status="PASS" start="2024-07-29T02:36:24.193047" elapsed="0.000382"/>
</kw>
<kw name="Dictionary Should Contain Key" owner="Collections">
<arg>${json_data['results'][0]['login']}</arg>
<arg>${keyTwo}</arg>
<doc>Fails if ``key`` is not found from ``dictionary``.</doc>
<status status="PASS" start="2024-07-29T02:36:24.193609" elapsed="0.000372"/>
</kw>
<kw name="Log" owner="BuiltIn">
<msg time="2024-07-29T02:36:24.194281" level="INFO">password</msg>
<arg>${keyTwo}</arg>
<doc>Logs the given message with the given level.</doc>
<status status="PASS" start="2024-07-29T02:36:24.194156" elapsed="0.000163"/>
</kw>
<var name="${keyTwo}">password</var>
<status status="PASS" start="2024-07-29T02:36:24.192937" elapsed="0.001602"/>
</iter>
<var>${keyTwo}</var>
<value>@{expected_keysTwo}</value>
<status status="PASS" start="2024-07-29T02:36:24.190986" elapsed="0.003674"/>
</for>
<status status="PASS" start="2024-07-29T02:36:24.066112" elapsed="0.128689"/>
</kw>
<doc>Testa a estrutura da resposta da API.</doc>
<tag>testeEstruturaResposta</tag>
<status status="PASS" start="2024-07-29T02:36:24.065514" elapsed="0.129446"/>
</test>
<test id="s1-s1-t4" name="Validar tipos de dados" line="28">
<kw name="Teste de Tipos de Dados" owner="random-user-service">
<kw name="GET On Session" owner="RequestsLibrary">
<msg time="2024-07-29T02:36:24.259877" level="INFO">GET Request : url=https://randomuser.me/api 
 path_url=/api 
 headers={'User-Agent': 'python-requests/2.32.3', 'Accept-Encoding': 'gzip, deflate', 'Accept': '*/*', 'Connection': 'keep-alive'} 
 body=None 
 </msg>
<msg time="2024-07-29T02:36:24.259959" level="INFO">GET Response : url=https://randomuser.me/api 
 status=200, reason=OK 
 headers={'Date': 'Mon, 29 Jul 2024 02:36:24 GMT', 'Content-Type': 'application/json; charset=utf-8', 'Transfer-Encoding': 'chunked', 'Connection': 'keep-alive', 'X-Powered-By': 'Express', 'Access-Control-Allow-Origin': '*', 'Cache-Control': 'no-cache', 'ETag': 'W/"49f-WpO93pYJEpwdAUqA6LR58PjgRuw"', 'Vary': 'Accept-Encoding', 'Content-Encoding': 'gzip', 'CF-Cache-Status': 'DYNAMIC', 'Report-To': '{"endpoints":[{"url":"https:\\/\\/a.nel.cloudflare.com\\/report\\/v4?s=kZPqsTRcwFRBOZ409a9dIL7nIU0tfcn7dtFfhS8RpZBXIgcdjRxKIPiKmuYLA%2Bc6OVJZIbNj%2BIRUsKHClXsrCH91LH892o7Si0NX5%2FBjavGY8qdEQA8bbzq5nanAkMGp"}],"group":"cf-nel","max_age":604800}', 'NEL': '{"success_fraction":0,"report_to":"cf-nel","max_age":604800}', 'Server': 'cloudflare', 'CF-RAY': '8aa9b89b4e109c52-IAD', 'alt-svc': 'h3=":443"; ma=86400'} 
 body={"results":[{"gender":"female","name":{"title":"Miss","first":"Anandi","last":"Van Beckhoven"},"location":{"street":{"number":6909,"name":"Dennendal"},"city":"Boxtel","state":"Utrecht","country":"Netherlands","postcode":"6006 TM","coordinates":{"latitude":"33.6196","longitude":"129.3898"},"timezone":{"offset":"-3:00","description":"Brazil, Buenos Aires, Georgetown"}},"email":"anandi.vanbeckhoven@example.com","login":{"uuid":"0b45b61d-4ebd-4ee1-9f46-925301a565cd","username":"happymeercat234","password":"crunch","salt":"6U153gd0","md5":"8ed7f808d91eafe7adf6c034581ca7cd","sha1":"9c0b334c69441751118088a16982ad83e1ff6714","sha256":"38398b09e03a2c05dd01f36c333c448ee271b0fd71b474effcd90862c2f5d0ca"},"dob":{"date":"1965-03-03T13:43:16.212Z","age":59},"registered":{"date":"2006-12-04T16:30:47.703Z","age":17},"phone":"(016) 3437884","cell":"(06) 16032562","id":{"name":"BSN","value":"99456580"},"picture":{"large":"https://randomuser.me/api/portraits/women/3.jpg","medium":"https://randomuser.me/api/portraits/med/women/3.jpg","thumbnail":"https://randomuser.me/api/portraits/thumb/women/3.jpg"},"nat":"NL"}],"info":{"seed":"2d1d181877a5460e","results":1,"page":1,"version":"1.4"}} 
 </msg>
<msg time="2024-07-29T02:36:24.260027" level="INFO">/opt/hostedtoolcache/Python/3.12.4/x64/lib/python3.12/site-packages/urllib3/connectionpool.py:1099: InsecureRequestWarning: Unverified HTTPS request is being made to host 'randomuser.me'. Adding certificate verification is strongly advised. See: https://urllib3.readthedocs.io/en/latest/advanced-usage.html#tls-warnings
  warnings.warn(</msg>
<msg time="2024-07-29T02:36:24.260158" level="INFO">${response} = &lt;Response [200]&gt;</msg>
<var>${response}</var>
<arg>consultarAPI</arg>
<arg>/api</arg>
<doc>Sends a GET request on a previously created HTTP Session.</doc>
<status status="PASS" start="2024-07-29T02:36:24.197420" elapsed="0.062788"/>
</kw>
<kw name="Set Variable" owner="BuiltIn">
<msg time="2024-07-29T02:36:24.261100" level="INFO">${json_data} = {'results': [{'gender': 'female', 'name': {'title': 'Miss', 'first': 'Anandi', 'last': 'Van Beckhoven'}, 'location': {'street': {'number': 6909, 'name': 'Dennendal'}, 'city': 'Boxtel', 'state': 'Utrec...</msg>
<var>${json_data}</var>
<arg>${response.json()}</arg>
<doc>Returns the given values which can then be assigned to a variables.</doc>
<status status="PASS" start="2024-07-29T02:36:24.260637" elapsed="0.000491"/>
</kw>
<kw name="Log" owner="BuiltIn">
<msg time="2024-07-29T02:36:24.261582" level="INFO">{'results': [{'gender': 'female', 'name': {'title': 'Miss', 'first': 'Anandi', 'last': 'Van Beckhoven'}, 'location': {'street': {'number': 6909, 'name': 'Dennendal'}, 'city': 'Boxtel', 'state': 'Utrecht', 'country': 'Netherlands', 'postcode': '6006 TM', 'coordinates': {'latitude': '33.6196', 'longitude': '129.3898'}, 'timezone': {'offset': '-3:00', 'description': 'Brazil, Buenos Aires, Georgetown'}}, 'email': 'anandi.vanbeckhoven@example.com', 'login': {'uuid': '0b45b61d-4ebd-4ee1-9f46-925301a565cd', 'username': 'happymeercat234', 'password': 'crunch', 'salt': '6U153gd0', 'md5': '8ed7f808d91eafe7adf6c034581ca7cd', 'sha1': '9c0b334c69441751118088a16982ad83e1ff6714', 'sha256': '38398b09e03a2c05dd01f36c333c448ee271b0fd71b474effcd90862c2f5d0ca'}, 'dob': {'date': '1965-03-03T13:43:16.212Z', 'age': 59}, 'registered': {'date': '2006-12-04T16:30:47.703Z', 'age': 17}, 'phone': '(016) 3437884', 'cell': '(06) 16032562', 'id': {'name': 'BSN', 'value': '99456580'}, 'picture': {'large': 'https://randomuser.me/api/portraits/women/3.jpg', 'medium': 'https://randomuser.me/api/portraits/med/women/3.jpg', 'thumbnail': 'https://randomuser.me/api/portraits/thumb/women/3.jpg'}, 'nat': 'NL'}], 'info': {'seed': '2d1d181877a5460e', 'results': 1, 'page': 1, 'version': '1.4'}}</msg>
<arg>${json_data}</arg>
<doc>Logs the given message with the given level.</doc>
<status status="PASS" start="2024-07-29T02:36:24.261431" elapsed="0.000198"/>
</kw>
<kw name="Should Be String" owner="String">
<arg>${json_data['results'][0]['gender']}</arg>
<doc>Fails if the given ``item`` is not a string.</doc>
<status status="PASS" start="2024-07-29T02:36:24.261970" elapsed="0.000404"/>
</kw>
<kw name="Should Match Regexp" owner="BuiltIn">
<arg>${json_data['results'][0]['email']}</arg>
<arg>^[a-zA-Z0-9._%+-]+@[a-zA-Z0-9.-]+\.[a-zA-Z]{2,}$</arg>
<doc>Fails if ``string`` does not match ``pattern`` as a regular expression.</doc>
<status status="PASS" start="2024-07-29T02:36:24.262562" elapsed="0.000552"/>
</kw>
<kw name="Should Match Regexp" owner="BuiltIn">
<arg>${json_data['results'][0]['dob']['date']}</arg>
<arg>\\d{4}-\\d{2}-\\d{2}T\\d{2}:\\d{2}:\\d{2}\\.\\d{3}Z</arg>
<doc>Fails if ``string`` does not match ``pattern`` as a regular expression.</doc>
<status status="PASS" start="2024-07-29T02:36:24.263308" elapsed="0.000650"/>
</kw>
<kw name="Should Match Regexp" owner="BuiltIn">
<arg>${json_data['results'][0]['registered']['date']}</arg>
<arg>\\d{4}-\\d{2}-\\d{2}T\\d{2}:\\d{2}:\\d{2}\\.\\d{3}Z</arg>
<doc>Fails if ``string`` does not match ``pattern`` as a regular expression.</doc>
<status status="PASS" start="2024-07-29T02:36:24.264153" elapsed="0.000372"/>
</kw>
<kw name="Should Match Regexp" owner="BuiltIn">
<arg>${json_data['results'][0]['picture']['large']}</arg>
<arg>^https?://.*\.(?:png|jpe?g|gif|bmp)$</arg>
<doc>Fails if ``string`` does not match ``pattern`` as a regular expression.</doc>
<status status="PASS" start="2024-07-29T02:36:24.264712" elapsed="0.000455"/>
</kw>
<kw name="Should Match Regexp" owner="BuiltIn">
<arg>${json_data['results'][0]['picture']['medium']}</arg>
<arg>^https?://.*\.(?:png|jpe?g|gif|bmp)$</arg>
<doc>Fails if ``string`` does not match ``pattern`` as a regular expression.</doc>
<status status="PASS" start="2024-07-29T02:36:24.265355" elapsed="0.000350"/>
</kw>
<kw name="Should Match Regexp" owner="BuiltIn">
<arg>${json_data['results'][0]['picture']['thumbnail']}</arg>
<arg>^https?://.*\.(?:png|jpe?g|gif|bmp)$</arg>
<doc>Fails if ``string`` does not match ``pattern`` as a regular expression.</doc>
<status status="PASS" start="2024-07-29T02:36:24.265884" elapsed="0.000343"/>
</kw>
<kw name="Log" owner="BuiltIn">
<msg time="2024-07-29T02:36:24.266729" level="INFO">{'large': 'https://randomuser.me/api/portraits/women/3.jpg', 'medium': 'https://randomuser.me/api/portraits/med/women/3.jpg', 'thumbnail': 'https://randomuser.me/api/portraits/thumb/women/3.jpg'}</msg>
<arg>${json_data['results'][0]['picture']}</arg>
<doc>Logs the given message with the given level.</doc>
<status status="PASS" start="2024-07-29T02:36:24.266408" elapsed="0.000363"/>
</kw>
<status status="PASS" start="2024-07-29T02:36:24.197198" elapsed="0.069827"/>
</kw>
<kw name="Teste de Tipos de Dados - Postcode" owner="random-user-service">
<kw name="GET On Session" owner="RequestsLibrary">
<msg time="2024-07-29T02:36:24.361509" level="INFO">GET Request : url=https://randomuser.me/api 
 path_url=/api 
 headers={'User-Agent': 'python-requests/2.32.3', 'Accept-Encoding': 'gzip, deflate', 'Accept': '*/*', 'Connection': 'keep-alive'} 
 body=None 
 </msg>
<msg time="2024-07-29T02:36:24.361582" level="INFO">GET Response : url=https://randomuser.me/api 
 status=200, reason=OK 
 headers={'Date': 'Mon, 29 Jul 2024 02:36:24 GMT', 'Content-Type': 'application/json; charset=utf-8', 'Transfer-Encoding': 'chunked', 'Connection': 'keep-alive', 'X-Powered-By': 'Express', 'Access-Control-Allow-Origin': '*', 'Cache-Control': 'no-cache', 'ETag': 'W/"497-mOJMWSdEGEULBtT3z5roqpbhRrc"', 'Vary': 'Accept-Encoding', 'Content-Encoding': 'gzip', 'CF-Cache-Status': 'DYNAMIC', 'Report-To': '{"endpoints":[{"url":"https:\\/\\/a.nel.cloudflare.com\\/report\\/v4?s=jtIu6pQmYIdh9nCa%2Fr9tkD%2BGOIqdI5nreIyvOBJVHiug7LzLu7bEuyEFlVBuVK0IaiJfhl%2BxZ7CwW6cWRBkYPLN952%2B1I59%2BbC%2BigeuM5t6eNb1Zy9M9w1lE%2F7LRpNF2"}],"group":"cf-nel","max_age":604800}', 'NEL': '{"success_fraction":0,"report_to":"cf-nel","max_age":604800}', 'Server': 'cloudflare', 'CF-RAY': '8aa9b89bbe929c52-IAD', 'alt-svc': 'h3=":443"; ma=86400'} 
 body={"results":[{"gender":"female","name":{"title":"Ms","first":"Vanesa","last":"Fernández"},"location":{"street":{"number":478,"name":"Calle de Pedro Bosch"},"city":"Torrevieja","state":"Castilla y León","country":"Spain","postcode":30362,"coordinates":{"latitude":"-36.6149","longitude":"131.6357"},"timezone":{"offset":"-12:00","description":"Eniwetok, Kwajalein"}},"email":"vanesa.fernandez@example.com","login":{"uuid":"f4f009e5-3ad2-49b1-a6cc-33934228b466","username":"silverduck274","password":"saint","salt":"QYiLSeNA","md5":"f3797da787bfd680b9ec9fc1c2104fa5","sha1":"d293296b3f0aad0a8e1b13a4052807d08c2e9392","sha256":"cdcfc59cb1f3ab8e054b04fe4d172e96e637acaf71f995303b82182dc1795786"},"dob":{"date":"1979-05-11T22:20:01.776Z","age":45},"registered":{"date":"2006-04-02T03:54:10.327Z","age":18},"phone":"911-572-435","cell":"621-079-505","id":{"name":"DNI","value":"75804875-R"},"picture":{"large":"https://randomuser.me/api/portraits/women/25.jpg","medium":"https://randomuser.me/api/portraits/med/women/25.jpg","thumbnail":"https://randomuser.me/api/portraits/thumb/women/25.jpg"},"nat":"ES"}],"info":{"seed":"67d7a6607b4d741f","results":1,"page":1,"version":"1.4"}} 
 </msg>
<msg time="2024-07-29T02:36:24.361644" level="INFO">/opt/hostedtoolcache/Python/3.12.4/x64/lib/python3.12/site-packages/urllib3/connectionpool.py:1099: InsecureRequestWarning: Unverified HTTPS request is being made to host 'randomuser.me'. Adding certificate verification is strongly advised. See: https://urllib3.readthedocs.io/en/latest/advanced-usage.html#tls-warnings
  warnings.warn(</msg>
<msg time="2024-07-29T02:36:24.361762" level="INFO">${response} = &lt;Response [200]&gt;</msg>
<var>${response}</var>
<arg>consultarAPI</arg>
<arg>/api</arg>
<doc>Sends a GET request on a previously created HTTP Session.</doc>
<status status="PASS" start="2024-07-29T02:36:24.267492" elapsed="0.094311"/>
</kw>
<kw name="Set Variable" owner="BuiltIn">
<msg time="2024-07-29T02:36:24.362682" level="INFO">${json_data} = {'results': [{'gender': 'female', 'name': {'title': 'Ms', 'first': 'Vanesa', 'last': 'Fernández'}, 'location': {'street': {'number': 478, 'name': 'Calle de Pedro Bosch'}, 'city': 'Torrevieja', 'state'...</msg>
<var>${json_data}</var>
<arg>${response.json()}</arg>
<doc>Returns the given values which can then be assigned to a variables.</doc>
<status status="PASS" start="2024-07-29T02:36:24.362207" elapsed="0.000504"/>
</kw>
<kw name="Log" owner="BuiltIn">
<msg time="2024-07-29T02:36:24.363193" level="INFO">{'results': [{'gender': 'female', 'name': {'title': 'Ms', 'first': 'Vanesa', 'last': 'Fernández'}, 'location': {'street': {'number': 478, 'name': 'Calle de Pedro Bosch'}, 'city': 'Torrevieja', 'state': 'Castilla y León', 'country': 'Spain', 'postcode': 30362, 'coordinates': {'latitude': '-36.6149', 'longitude': '131.6357'}, 'timezone': {'offset': '-12:00', 'description': 'Eniwetok, Kwajalein'}}, 'email': 'vanesa.fernandez@example.com', 'login': {'uuid': 'f4f009e5-3ad2-49b1-a6cc-33934228b466', 'username': 'silverduck274', 'password': 'saint', 'salt': 'QYiLSeNA', 'md5': 'f3797da787bfd680b9ec9fc1c2104fa5', 'sha1': 'd293296b3f0aad0a8e1b13a4052807d08c2e9392', 'sha256': 'cdcfc59cb1f3ab8e054b04fe4d172e96e637acaf71f995303b82182dc1795786'}, 'dob': {'date': '1979-05-11T22:20:01.776Z', 'age': 45}, 'registered': {'date': '2006-04-02T03:54:10.327Z', 'age': 18}, 'phone': '911-572-435', 'cell': '621-079-505', 'id': {'name': 'DNI', 'value': '75804875-R'}, 'picture': {'large': 'https://randomuser.me/api/portraits/women/25.jpg', 'medium': 'https://randomuser.me/api/portraits/med/women/25.jpg', 'thumbnail': 'https://randomuser.me/api/portraits/thumb/women/25.jpg'}, 'nat': 'ES'}], 'info': {'seed': '67d7a6607b4d741f', 'results': 1, 'page': 1, 'version': '1.4'}}</msg>
<arg>${json_data}</arg>
<doc>Logs the given message with the given level.</doc>
<status status="PASS" start="2024-07-29T02:36:24.363032" elapsed="0.000210"/>
</kw>
<kw name="Should Be Equal As Numbers" owner="BuiltIn">
<arg>${json_data['results'][0]['location']['postcode']}</arg>
<arg>${json_data['results'][0]['location']['postcode']}</arg>
<doc>Fails if objects are unequal after converting them to real numbers.</doc>
<status status="PASS" start="2024-07-29T02:36:24.363538" elapsed="0.000666"/>
</kw>
<kw name="Log" owner="BuiltIn">
<msg time="2024-07-29T02:36:24.364729" level="INFO">30362</msg>
<arg>${json_data['results'][0]['location']['postcode']}</arg>
<doc>Logs the given message with the given level.</doc>
<status status="PASS" start="2024-07-29T02:36:24.364397" elapsed="0.000406"/>
</kw>
<status status="PASS" start="2024-07-29T02:36:24.267259" elapsed="0.097802"/>
</kw>
<doc>Testa se os tipos de dados na resposta da API estão corretos.</doc>
<tag>testeTiposDados</tag>
<status status="PASS" start="2024-07-29T02:36:24.196741" elapsed="0.168485"/>
</test>
<test id="s1-s1-t5" name="Validar conteudo" line="35">
<kw name="Teste de Tipos de Conteudo" owner="random-user-service">
<kw name="GET On Session" owner="RequestsLibrary">
<msg time="2024-07-29T02:36:24.461323" level="INFO">GET Request : url=https://randomuser.me/api 
 path_url=/api 
 headers={'User-Agent': 'python-requests/2.32.3', 'Accept-Encoding': 'gzip, deflate', 'Accept': '*/*', 'Connection': 'keep-alive'} 
 body=None 
 </msg>
<msg time="2024-07-29T02:36:24.461413" level="INFO">GET Response : url=https://randomuser.me/api 
 status=200, reason=OK 
 headers={'Date': 'Mon, 29 Jul 2024 02:36:24 GMT', 'Content-Type': 'application/json; charset=utf-8', 'Transfer-Encoding': 'chunked', 'Connection': 'keep-alive', 'X-Powered-By': 'Express', 'Access-Control-Allow-Origin': '*', 'Cache-Control': 'no-cache', 'ETag': 'W/"49b-czGrYRxANrzdACjb4diADKh7xXk"', 'Vary': 'Accept-Encoding', 'Content-Encoding': 'gzip', 'CF-Cache-Status': 'DYNAMIC', 'Report-To': '{"endpoints":[{"url":"https:\\/\\/a.nel.cloudflare.com\\/report\\/v4?s=I%2Fye3BQjkWbAMVnnjEr96FNJmw%2B14Nq1JoTiS7pj30DWazIpZ49Pa8xXVKi4VL%2BuQa5UY6dh1un9tflR6Z2QCI5S8qLWEKpJI7fSiCo2EaVyuSDJ9%2FxIJABEb8rByP3a"}],"group":"cf-nel","max_age":604800}', 'NEL': '{"success_fraction":0,"report_to":"cf-nel","max_age":604800}', 'Server': 'cloudflare', 'CF-RAY': '8aa9b89c5f359c52-IAD', 'alt-svc': 'h3=":443"; ma=86400'} 
 body={"results":[{"gender":"male","name":{"title":"Mr","first":"Aminadabe","last":"Rezende"},"location":{"street":{"number":5110,"name":"Rua Santa Luzia "},"city":"Macaé","state":"Amazonas","country":"Brazil","postcode":97683,"coordinates":{"latitude":"-75.0872","longitude":"-166.4329"},"timezone":{"offset":"-3:00","description":"Brazil, Buenos Aires, Georgetown"}},"email":"aminadabe.rezende@example.com","login":{"uuid":"1d58a81f-02a0-4b92-872e-cd53937df8a1","username":"bluetiger782","password":"hotmail1","salt":"bhNaRMjF","md5":"9e47c62e2206daab95cb0cfbbe6a77cf","sha1":"8e0df54d4dc6dd662b0cba647f97f56665cd0030","sha256":"d8326a40a4a10d3c56cd81f77aebdaa96d667c52c96ac1c95dd13f815f0338e1"},"dob":{"date":"1990-11-12T06:30:14.089Z","age":33},"registered":{"date":"2008-11-03T23:03:10.447Z","age":15},"phone":"(52) 4895-6003","cell":"(14) 0962-4553","id":{"name":"CPF","value":"153.931.709-66"},"picture":{"large":"https://randomuser.me/api/portraits/men/22.jpg","medium":"https://randomuser.me/api/portraits/med/men/22.jpg","thumbnail":"https://randomuser.me/api/portraits/thumb/men/22.jpg"},"nat":"BR"}],"info":{"seed":"ae5c7cb419ffdfb9","results":1,"page":1,"version":"1.4"}} 
 </msg>
<msg time="2024-07-29T02:36:24.461490" level="INFO">/opt/hostedtoolcache/Python/3.12.4/x64/lib/python3.12/site-packages/urllib3/connectionpool.py:1099: InsecureRequestWarning: Unverified HTTPS request is being made to host 'randomuser.me'. Adding certificate verification is strongly advised. See: https://urllib3.readthedocs.io/en/latest/advanced-usage.html#tls-warnings
  warnings.warn(</msg>
<msg time="2024-07-29T02:36:24.461631" level="INFO">${response} = &lt;Response [200]&gt;</msg>
<var>${response}</var>
<arg>consultarAPI</arg>
<arg>/api</arg>
<doc>Sends a GET request on a previously created HTTP Session.</doc>
<status status="PASS" start="2024-07-29T02:36:24.367626" elapsed="0.094056"/>
</kw>
<kw name="Set Variable" owner="BuiltIn">
<msg time="2024-07-29T02:36:24.462615" level="INFO">${json_data} = {'results': [{'gender': 'male', 'name': {'title': 'Mr', 'first': 'Aminadabe', 'last': 'Rezende'}, 'location': {'street': {'number': 5110, 'name': 'Rua Santa Luzia '}, 'city': 'Macaé', 'state': 'Amazon...</msg>
<var>${json_data}</var>
<arg>${response.json()}</arg>
<doc>Returns the given values which can then be assigned to a variables.</doc>
<status status="PASS" start="2024-07-29T02:36:24.462133" elapsed="0.000511"/>
</kw>
<kw name="Set Variable" owner="BuiltIn">
<msg time="2024-07-29T02:36:24.463345" level="INFO">${name_title} = Mr</msg>
<var>${name_title}</var>
<arg>${json_data["results"][0]["name"]["title"]}</arg>
<doc>Returns the given values which can then be assigned to a variables.</doc>
<status status="PASS" start="2024-07-29T02:36:24.462965" elapsed="0.000405"/>
</kw>
<kw name="Create List" owner="BuiltIn">
<msg time="2024-07-29T02:36:24.463850" level="INFO">${allowed_titles} = ['Mr', 'Ms', 'Miss', 'Mrs', 'Madame', 'Monsieur']</msg>
<var>${allowed_titles}</var>
<arg>Mr</arg>
<arg>Ms</arg>
<arg>Miss</arg>
<arg>Mrs</arg>
<arg>Madame</arg>
<arg>Monsieur</arg>
<doc>Returns a list containing given items.</doc>
<status status="PASS" start="2024-07-29T02:36:24.463660" elapsed="0.000216"/>
</kw>
<kw name="List Should Contain Value" owner="Collections">
<arg>${allowed_titles}</arg>
<arg>${name_title}</arg>
<doc>Fails if the ``value`` is not found from ``list``.</doc>
<status status="PASS" start="2024-07-29T02:36:24.464171" elapsed="0.000185"/>
</kw>
<kw name="Set Variable" owner="BuiltIn">
<msg time="2024-07-29T02:36:24.464895" level="INFO">${name_country} = BR</msg>
<var>${name_country}</var>
<arg>${json_data["results"][0]["nat"]}</arg>
<doc>Returns the given values which can then be assigned to a variables.</doc>
<status status="PASS" start="2024-07-29T02:36:24.464532" elapsed="0.000387"/>
</kw>
<kw name="Create List" owner="BuiltIn">
<msg time="2024-07-29T02:36:24.465796" level="INFO">${list_country} = ['AD', 'AE', 'AF', 'AG', 'AI', 'AL', 'AM', 'AO', 'AQ', 'AR', 'AS', 'AT', 'AU', 'AW', 'AX', 'AZ', 'BA', 'BB', 'BD', 'BE', 'BF', 'BG', 'BH', 'BI', 'BJ', 'BL', 'BM', 'BN', 'BO', 'BQ', 'BR', 'BS', 'BT', '...</msg>
<var>${list_country}</var>
<arg>AD</arg>
<arg>AE</arg>
<arg>AF</arg>
<arg>AG</arg>
<arg>AI</arg>
<arg>AL</arg>
<arg>AM</arg>
<arg>AO</arg>
<arg>AQ</arg>
<arg>AR</arg>
<arg>AS</arg>
<arg>AT</arg>
<arg>AU</arg>
<arg>AW</arg>
<arg>AX</arg>
<arg>AZ</arg>
<arg>BA</arg>
<arg>BB</arg>
<arg>BD</arg>
<arg>BE</arg>
<arg>BF</arg>
<arg>BG</arg>
<arg>BH</arg>
<arg>BI</arg>
<arg>BJ</arg>
<arg>BL</arg>
<arg>BM</arg>
<arg>BN</arg>
<arg>BO</arg>
<arg>BQ</arg>
<arg>BR</arg>
<arg>BS</arg>
<arg>BT</arg>
<arg>BV</arg>
<arg>BW</arg>
<arg>BY</arg>
<arg>BZ</arg>
<arg>CA</arg>
<arg>CC</arg>
<arg>CD</arg>
<arg>CF</arg>
<arg>CG</arg>
<arg>CH</arg>
<arg>CI</arg>
<arg>CK</arg>
<arg>CL</arg>
<arg>CM</arg>
<arg>CN</arg>
<arg>CO</arg>
<arg>CR</arg>
<arg>CU</arg>
<arg>CV</arg>
<arg>CW</arg>
<arg>CX</arg>
<arg>CY</arg>
<arg>CZ</arg>
<arg>DE</arg>
<arg>DJ</arg>
<arg>DK</arg>
<arg>DM</arg>
<arg>DO</arg>
<arg>DZ</arg>
<arg>EC</arg>
<arg>EE</arg>
<arg>EG</arg>
<arg>EH</arg>
<arg>ER</arg>
<arg>ES</arg>
<arg>ET</arg>
<arg>FI</arg>
<arg>FJ</arg>
<arg>FK</arg>
<arg>FM</arg>
<arg>FO</arg>
<arg>FR</arg>
<arg>GA</arg>
<arg>GB</arg>
<arg>GD</arg>
<arg>GE</arg>
<arg>GF</arg>
<arg>GG</arg>
<arg>GH</arg>
<arg>GI</arg>
<arg>GL</arg>
<arg>GM</arg>
<arg>GN</arg>
<arg>GP</arg>
<arg>GQ</arg>
<arg>GR</arg>
<arg>GS</arg>
<arg>GT</arg>
<arg>GU</arg>
<arg>GW</arg>
<arg>GY</arg>
<arg>HK</arg>
<arg>HM</arg>
<arg>HN</arg>
<arg>HR</arg>
<arg>HT</arg>
<arg>HU</arg>
<arg>ID</arg>
<arg>IE</arg>
<arg>IL</arg>
<arg>IM</arg>
<arg>IN</arg>
<arg>IO</arg>
<arg>IQ</arg>
<arg>IR</arg>
<arg>IS</arg>
<arg>IT</arg>
<arg>JE</arg>
<arg>JM</arg>
<arg>JO</arg>
<arg>JP</arg>
<arg>KE</arg>
<arg>KG</arg>
<arg>KH</arg>
<arg>KI</arg>
<arg>KM</arg>
<arg>KN</arg>
<arg>KP</arg>
<arg>KR</arg>
<arg>KW</arg>
<arg>KY</arg>
<arg>KZ</arg>
<arg>LA</arg>
<arg>LB</arg>
<arg>LC</arg>
<arg>LI</arg>
<arg>LK</arg>
<arg>LR</arg>
<arg>LS</arg>
<arg>LT</arg>
<arg>LU</arg>
<arg>LV</arg>
<arg>LY</arg>
<arg>MA</arg>
<arg>MC</arg>
<arg>MD</arg>
<arg>ME</arg>
<arg>MF</arg>
<arg>MG</arg>
<arg>MH</arg>
<arg>MK</arg>
<arg>ML</arg>
<arg>MM</arg>
<arg>MN</arg>
<arg>MO</arg>
<arg>MP</arg>
<arg>MQ</arg>
<arg>MR</arg>
<arg>MS</arg>
<arg>MT</arg>
<arg>MU</arg>
<arg>MV</arg>
<arg>MW</arg>
<arg>MX</arg>
<arg>MY</arg>
<arg>MZ</arg>
<arg>NA</arg>
<arg>NC</arg>
<arg>NE</arg>
<arg>NF</arg>
<arg>NG</arg>
<arg>NI</arg>
<arg>NL</arg>
<arg>NO</arg>
<arg>NP</arg>
<arg>NR</arg>
<arg>NU</arg>
<arg>NZ</arg>
<arg>OM</arg>
<arg>PA</arg>
<arg>PE</arg>
<arg>PF</arg>
<arg>PG</arg>
<arg>PH</arg>
<arg>PK</arg>
<arg>PL</arg>
<arg>PM</arg>
<arg>PN</arg>
<arg>PR</arg>
<arg>PS</arg>
<arg>PT</arg>
<arg>PW</arg>
<arg>PY</arg>
<arg>QA</arg>
<arg>RE</arg>
<arg>RO</arg>
<arg>RS</arg>
<arg>RU</arg>
<arg>RW</arg>
<arg>SA</arg>
<arg>SB</arg>
<arg>SC</arg>
<arg>SD</arg>
<arg>SE</arg>
<arg>SG</arg>
<arg>SH</arg>
<arg>SI</arg>
<arg>SJ</arg>
<arg>SK</arg>
<arg>SL</arg>
<arg>SM</arg>
<arg>SN</arg>
<arg>SO</arg>
<arg>SR</arg>
<arg>SS</arg>
<arg>ST</arg>
<arg>SV</arg>
<arg>SX</arg>
<arg>SY</arg>
<arg>SZ</arg>
<arg>TC</arg>
<arg>TD</arg>
<arg>TF</arg>
<arg>TG</arg>
<arg>TH</arg>
<arg>TJ</arg>
<arg>TK</arg>
<arg>TL</arg>
<arg>TM</arg>
<arg>TN</arg>
<arg>TO</arg>
<arg>TR</arg>
<arg>TT</arg>
<arg>TV</arg>
<arg>TW</arg>
<arg>TZ</arg>
<arg>UA</arg>
<arg>UG</arg>
<arg>UM</arg>
<arg>US</arg>
<arg>UY</arg>
<arg>UZ</arg>
<arg>VA</arg>
<arg>VC</arg>
<arg>VE</arg>
<arg>VG</arg>
<arg>VI</arg>
<arg>VN</arg>
<arg>VU</arg>
<arg>WF</arg>
<arg>WS</arg>
<arg>XK</arg>
<arg>YE</arg>
<arg>YT</arg>
<arg>ZA</arg>
<arg>ZM</arg>
<arg>ZW</arg>
<doc>Returns a list containing given items.</doc>
<status status="PASS" start="2024-07-29T02:36:24.465205" elapsed="0.000616"/>
</kw>
<kw name="List Should Contain Value" owner="Collections">
<arg>${list_country}</arg>
<arg>${name_country}</arg>
<doc>Fails if the ``value`` is not found from ``list``.</doc>
<status status="PASS" start="2024-07-29T02:36:24.466776" elapsed="0.000210"/>
</kw>
<kw name="Run Keyword If" owner="BuiltIn">
<kw name="Should Be True" owner="BuiltIn">
<arg>${True}</arg>
<doc>Fails if the given condition is not true.</doc>
<status status="PASS" start="2024-07-29T02:36:24.467964" elapsed="0.000145"/>
</kw>
<arg>${json_data["results"][0]["location"]["coordinates"]["latitude"]} &gt;= -90 and ${json_data["results"][0]["location"]["coordinates"]["latitude"]} &lt;= 90</arg>
<arg>Should Be True</arg>
<arg>${True}</arg>
<doc>Runs the given keyword with the given arguments, if ``condition`` is true.</doc>
<status status="PASS" start="2024-07-29T02:36:24.467184" elapsed="0.001052"/>
</kw>
<kw name="Run Keyword If" owner="BuiltIn">
<kw name="Should Be True" owner="BuiltIn">
<arg>${True}</arg>
<doc>Fails if the given condition is not true.</doc>
<status status="PASS" start="2024-07-29T02:36:24.469104" elapsed="0.000134"/>
</kw>
<arg>${json_data["results"][0]["location"]["coordinates"]["longitude"]} &gt;= -180 and ${json_data["results"][0]["location"]["coordinates"]["longitude"]} &lt;= 180</arg>
<arg>Should Be True</arg>
<arg>${True}</arg>
<doc>Runs the given keyword with the given arguments, if ``condition`` is true.</doc>
<status status="PASS" start="2024-07-29T02:36:24.468418" elapsed="0.000943"/>
</kw>
<status status="PASS" start="2024-07-29T02:36:24.367409" elapsed="0.102080"/>
</kw>
<doc>Testa o conteúdo específico dos campos retornados pela API.</doc>
<tag>testeConteudo</tag>
<status status="PASS" start="2024-07-29T02:36:24.366942" elapsed="0.102697"/>
</test>
<status status="PASS" start="2024-07-29T02:36:23.615779" elapsed="0.855767"/>
</suite>
<status status="PASS" start="2024-07-29T02:36:23.601355" elapsed="0.875238"/>
</suite>
<statistics>
<total>
<stat pass="5" fail="0" skip="0">All Tests</stat>
</total>
<tag>
<stat pass="1" fail="0" skip="0">testeConteudo</stat>
<stat pass="1" fail="0" skip="0">testeEstruturaResposta</stat>
<stat pass="1" fail="0" skip="0">testeRequisicaoBasica</stat>
<stat pass="1" fail="0" skip="0">testeTiposDados</stat>
</tag>
<suite>
<stat pass="5" fail="0" skip="0" id="s1" name="Tests">Tests</stat>
<stat pass="5" fail="0" skip="0" id="s1-s1" name="Random-User-Test">Tests.Random-User-Test</stat>
</suite>
</statistics>
<errors>
</errors>
</robot>
