<?xml version="1.0" encoding="UTF-8"?>
<robot generator="Robot 7.0.1 (Python 3.12.4 on linux)" generated="2024-08-04T02:36:31.353992" rpa="false" schemaversion="5">
<suite id="s1" name="Tests" source="/home/runner/work/ApiRandomUser/ApiRandomUser/RamdonUser/tests">
<suite id="s1-s1" name="Random-User-Test" source="/home/runner/work/ApiRandomUser/ApiRandomUser/RamdonUser/tests/random-user-test.robot">
<test id="s1-s1-t1" name="Conectar" line="13">
<kw name="Conectar API" owner="random-user-service">
<kw name="Create Session" owner="RequestsLibrary">
<msg time="2024-08-04T02:36:31.768102" level="INFO">Creating Session using : alias=consultarAPI, url=https://randomuser.me/, headers={},                     cookies={}, auth=None, timeout=None, proxies=None, verify=False,                     debug=0 </msg>
<arg>consultarAPI</arg>
<arg>${URL}</arg>
<doc>Create Session: create a HTTP session to a server</doc>
<status status="PASS" start="2024-08-04T02:36:31.767892" elapsed="0.000401"/>
</kw>
<status status="PASS" start="2024-08-04T02:36:31.766743" elapsed="0.001914"/>
</kw>
<status status="PASS" start="2024-08-04T02:36:31.766191" elapsed="0.002663"/>
</test>
<test id="s1-s1-t2" name="Validar retorno 200 e JSON Válido" line="16">
<kw name="Teste de Requisicao Basica" owner="random-user-service">
<kw name="GET On Session" owner="RequestsLibrary">
<msg time="2024-08-04T02:36:32.023844" level="INFO">GET Request : url=https://randomuser.me/api 
 path_url=/api 
 headers={'User-Agent': 'python-requests/2.32.3', 'Accept-Encoding': 'gzip, deflate', 'Accept': '*/*', 'Connection': 'keep-alive'} 
 body=None 
 </msg>
<msg time="2024-08-04T02:36:32.024009" level="INFO">GET Response : url=https://randomuser.me/api 
 status=200, reason=OK 
 headers={'Date': 'Sun, 04 Aug 2024 02:36:32 GMT', 'Content-Type': 'application/json; charset=utf-8', 'Transfer-Encoding': 'chunked', 'Connection': 'keep-alive', 'X-Powered-By': 'Express', 'Access-Control-Allow-Origin': '*', 'Cache-Control': 'no-cache', 'ETag': 'W/"479-RIjN4JYO8/3YPKtIzsyKNMiVX0w"', 'Vary': 'Accept-Encoding', 'Content-Encoding': 'gzip', 'CF-Cache-Status': 'DYNAMIC', 'Report-To': '{"endpoints":[{"url":"https:\\/\\/a.nel.cloudflare.com\\/report\\/v4?s=UdxaCNS1LsbomnNAnN5XAla8kSaM3EjD37UaM4uQlRChej%2Fv3FFOj1hcjyH1z6QEz7WlSD7r7PR2B%2B8m9Vz36cwhBqSH8EAZqr87JTgTrFAwSHfO1AcwH8yHLQGKUTfV"}],"group":"cf-nel","max_age":604800}', 'NEL': '{"success_fraction":0,"report_to":"cf-nel","max_age":604800}', 'Server': 'cloudflare', 'CF-RAY': '8adb290b7dbd39a9-IAD', 'alt-svc': 'h3=":443"; ma=86400'} 
 body={"results":[{"gender":"male","name":{"title":"Mr","first":"Timoh","last":"Kovaliv"},"location":{"street":{"number":2149,"name":"Gipsova"},"city":"Burshtin","state":"Sumska","country":"Ukraine","postcode":58372,"coordinates":{"latitude":"73.2784","longitude":"-92.7139"},"timezone":{"offset":"+1:00","description":"Brussels, Copenhagen, Madrid, Paris"}},"email":"timoh.kovaliv@example.com","login":{"uuid":"e67332b8-a92d-47bb-87a3-aec5b514badf","username":"redduck704","password":"jacques","salt":"NJl2DQSF","md5":"430992d4eed97a9063fdf154ea6c427b","sha1":"a87483b3e8cb4f3cf955e1e42df5923de0e14903","sha256":"6cf135033a5f7e874d56d9bf3dd9a0b8fbcba347add1f9adae3dcd85cb18e005"},"dob":{"date":"1995-03-27T21:18:28.473Z","age":29},"registered":{"date":"2018-01-20T00:21:30.625Z","age":6},"phone":"(097) I02-7689","cell":"(067) S97-5565","id":{"name":"","value":null},"picture":{"large":"https://randomuser.me/api/portraits/men/31.jpg","medium":"https://randomuser.me/api/portraits/med/men/31.jpg","thumbnail":"https://randomuser.me/api/portraits/thumb/men/31.jpg"},"nat":"UA"}],"info":{"seed":"4042d4ed8a6dd0d2","results":1,"page":1,"version":"1.4"}} 
 </msg>
<msg time="2024-08-04T02:36:32.024089" level="INFO">/opt/hostedtoolcache/Python/3.12.4/x64/lib/python3.12/site-packages/urllib3/connectionpool.py:1099: InsecureRequestWarning: Unverified HTTPS request is being made to host 'randomuser.me'. Adding certificate verification is strongly advised. See: https://urllib3.readthedocs.io/en/latest/advanced-usage.html#tls-warnings
  warnings.warn(</msg>
<msg time="2024-08-04T02:36:32.024238" level="INFO">${response} = &lt;Response [200]&gt;</msg>
<var>${response}</var>
<arg>consultarAPI</arg>
<arg>/api</arg>
<doc>Sends a GET request on a previously created HTTP Session.</doc>
<status status="PASS" start="2024-08-04T02:36:31.771432" elapsed="0.252846"/>
</kw>
<kw name="Should Be Equal As Numbers" owner="BuiltIn">
<msg time="2024-08-04T02:36:32.025266" level="INFO">Argument types are:
&lt;class 'int'&gt;
&lt;class 'str'&gt;</msg>
<arg>${response.status_code}</arg>
<arg>200</arg>
<doc>Fails if objects are unequal after converting them to real numbers.</doc>
<status status="PASS" start="2024-08-04T02:36:32.024797" elapsed="0.000534"/>
</kw>
<kw name="Log" owner="BuiltIn">
<msg time="2024-08-04T02:36:32.026006" level="INFO">200</msg>
<arg>${response.status_code}</arg>
<doc>Logs the given message with the given level.</doc>
<status status="PASS" start="2024-08-04T02:36:32.025650" elapsed="0.000400"/>
</kw>
<kw name="Set Variable" owner="BuiltIn">
<msg time="2024-08-04T02:36:32.026805" level="INFO">${json_data} = {'results': [{'gender': 'male', 'name': {'title': 'Mr', 'first': 'Timoh', 'last': 'Kovaliv'}, 'location': {'street': {'number': 2149, 'name': 'Gipsova'}, 'city': 'Burshtin', 'state': 'Sumska', 'countr...</msg>
<var>${json_data}</var>
<arg>${response.json()}</arg>
<doc>Returns the given values which can then be assigned to a variables.</doc>
<status status="PASS" start="2024-08-04T02:36:32.026362" elapsed="0.000474"/>
</kw>
<kw name="Dictionary Should Contain Key" owner="Collections">
<arg>${json_data}</arg>
<arg>results</arg>
<doc>Fails if ``key`` is not found from ``dictionary``.</doc>
<status status="PASS" start="2024-08-04T02:36:32.027144" elapsed="0.000385"/>
</kw>
<status status="PASS" start="2024-08-04T02:36:31.771156" elapsed="0.256537"/>
</kw>
<doc>Testa se a API responde corretamente e retorna um objeto JSON válido.</doc>
<tag>testeRequisicaoBasica</tag>
<status status="PASS" start="2024-08-04T02:36:31.770703" elapsed="0.257170"/>
</test>
<test id="s1-s1-t3" name="Validar estrutura de resposta" line="22">
<kw name="Teste de Estrutura de Resposta" owner="random-user-service">
<kw name="GET On Session" owner="RequestsLibrary">
<msg time="2024-08-04T02:36:32.080338" level="INFO">GET Request : url=https://randomuser.me/api 
 path_url=/api 
 headers={'User-Agent': 'python-requests/2.32.3', 'Accept-Encoding': 'gzip, deflate', 'Accept': '*/*', 'Connection': 'keep-alive'} 
 body=None 
 </msg>
<msg time="2024-08-04T02:36:32.080429" level="INFO">GET Response : url=https://randomuser.me/api 
 status=200, reason=OK 
 headers={'Date': 'Sun, 04 Aug 2024 02:36:32 GMT', 'Content-Type': 'application/json; charset=utf-8', 'Transfer-Encoding': 'chunked', 'Connection': 'keep-alive', 'X-Powered-By': 'Express', 'Access-Control-Allow-Origin': '*', 'Cache-Control': 'no-cache', 'ETag': 'W/"4a6-igc2tfhFIM+3lQBXxRQeYU1yLig"', 'Vary': 'Accept-Encoding', 'Content-Encoding': 'gzip', 'CF-Cache-Status': 'DYNAMIC', 'Report-To': '{"endpoints":[{"url":"https:\\/\\/a.nel.cloudflare.com\\/report\\/v4?s=PAVtBvn%2B1fBa%2FD8%2FGjkHb85QRKyUGcpiEbTeAdvtsn1zRCOAdUnoCEC%2FLabN9op5laSCwHmZ4ea%2BCkXTFjwo1%2B1GuzugxMe00lKT2Ros3Je1ImCe0jLD4el1RY0HV%2FVt"}],"group":"cf-nel","max_age":604800}', 'NEL': '{"success_fraction":0,"report_to":"cf-nel","max_age":604800}', 'Server': 'cloudflare', 'CF-RAY': '8adb290c3e9739a9-IAD', 'alt-svc': 'h3=":443"; ma=86400'} 
 body={"results":[{"gender":"female","name":{"title":"Ms","first":"Isabela","last":"Mireles"},"location":{"street":{"number":4860,"name":"Prolongación Sinaloa"},"city":"San Quintín","state":"San Luis Potosí","country":"Mexico","postcode":71232,"coordinates":{"latitude":"24.7800","longitude":"62.4879"},"timezone":{"offset":"-11:00","description":"Midway Island, Samoa"}},"email":"isabela.mireles@example.com","login":{"uuid":"89b07ecb-a397-411b-a697-958c69b37dde","username":"heavymeercat432","password":"martin1","salt":"oJBefRPz","md5":"2bc1e801057a18594dbcc354ddd3edd2","sha1":"39e58f0e8a568b92271d2cb50955b2c6e5bbbe20","sha256":"81be93ee1e30279b9652d4ec1aaf97413e41bf844364d84c2396879fc41df514"},"dob":{"date":"1973-10-24T04:25:36.669Z","age":50},"registered":{"date":"2018-01-31T21:07:20.002Z","age":6},"phone":"(667) 248 8993","cell":"(684) 497 6722","id":{"name":"NSS","value":"25 87 84 8643 9"},"picture":{"large":"https://randomuser.me/api/portraits/women/40.jpg","medium":"https://randomuser.me/api/portraits/med/women/40.jpg","thumbnail":"https://randomuser.me/api/portraits/thumb/women/40.jpg"},"nat":"MX"}],"info":{"seed":"9461f6c24c5887ce","results":1,"page":1,"version":"1.4"}} 
 </msg>
<msg time="2024-08-04T02:36:32.080557" level="INFO">/opt/hostedtoolcache/Python/3.12.4/x64/lib/python3.12/site-packages/urllib3/connectionpool.py:1099: InsecureRequestWarning: Unverified HTTPS request is being made to host 'randomuser.me'. Adding certificate verification is strongly advised. See: https://urllib3.readthedocs.io/en/latest/advanced-usage.html#tls-warnings
  warnings.warn(</msg>
<msg time="2024-08-04T02:36:32.080683" level="INFO">${response} = &lt;Response [200]&gt;</msg>
<var>${response}</var>
<arg>consultarAPI</arg>
<arg>/api</arg>
<doc>Sends a GET request on a previously created HTTP Session.</doc>
<status status="PASS" start="2024-08-04T02:36:32.030492" elapsed="0.050233"/>
</kw>
<kw name="Set Variable" owner="BuiltIn">
<msg time="2024-08-04T02:36:32.081726" level="INFO">${json_data} = {'results': [{'gender': 'female', 'name': {'title': 'Ms', 'first': 'Isabela', 'last': 'Mireles'}, 'location': {'street': {'number': 4860, 'name': 'Prolongación Sinaloa'}, 'city': 'San Quintín', 'state...</msg>
<var>${json_data}</var>
<arg>${response.json()}</arg>
<doc>Returns the given values which can then be assigned to a variables.</doc>
<status status="PASS" start="2024-08-04T02:36:32.081211" elapsed="0.000546"/>
</kw>
<kw name="Log" owner="BuiltIn">
<msg time="2024-08-04T02:36:32.082237" level="INFO">{'results': [{'gender': 'female', 'name': {'title': 'Ms', 'first': 'Isabela', 'last': 'Mireles'}, 'location': {'street': {'number': 4860, 'name': 'Prolongación Sinaloa'}, 'city': 'San Quintín', 'state': 'San Luis Potosí', 'country': 'Mexico', 'postcode': 71232, 'coordinates': {'latitude': '24.7800', 'longitude': '62.4879'}, 'timezone': {'offset': '-11:00', 'description': 'Midway Island, Samoa'}}, 'email': 'isabela.mireles@example.com', 'login': {'uuid': '89b07ecb-a397-411b-a697-958c69b37dde', 'username': 'heavymeercat432', 'password': 'martin1', 'salt': 'oJBefRPz', 'md5': '2bc1e801057a18594dbcc354ddd3edd2', 'sha1': '39e58f0e8a568b92271d2cb50955b2c6e5bbbe20', 'sha256': '81be93ee1e30279b9652d4ec1aaf97413e41bf844364d84c2396879fc41df514'}, 'dob': {'date': '1973-10-24T04:25:36.669Z', 'age': 50}, 'registered': {'date': '2018-01-31T21:07:20.002Z', 'age': 6}, 'phone': '(667) 248 8993', 'cell': '(684) 497 6722', 'id': {'name': 'NSS', 'value': '25 87 84 8643 9'}, 'picture': {'large': 'https://randomuser.me/api/portraits/women/40.jpg', 'medium': 'https://randomuser.me/api/portraits/med/women/40.jpg', 'thumbnail': 'https://randomuser.me/api/portraits/thumb/women/40.jpg'}, 'nat': 'MX'}], 'info': {'seed': '9461f6c24c5887ce', 'results': 1, 'page': 1, 'version': '1.4'}}</msg>
<arg>${json_data}</arg>
<doc>Logs the given message with the given level.</doc>
<status status="PASS" start="2024-08-04T02:36:32.082070" elapsed="0.000221"/>
</kw>
<kw name="Dictionary Should Contain Key" owner="Collections">
<arg>${json_data}</arg>
<arg>results</arg>
<doc>Fails if ``key`` is not found from ``dictionary``.</doc>
<status status="PASS" start="2024-08-04T02:36:32.082592" elapsed="0.000169"/>
</kw>
<kw name="Should Not Be Empty" owner="BuiltIn">
<msg time="2024-08-04T02:36:32.083074" level="INFO">Length is 2.</msg>
<arg>${json_data}</arg>
<doc>Verifies that the given item is not empty.</doc>
<status status="PASS" start="2024-08-04T02:36:32.082948" elapsed="0.000166"/>
</kw>
<kw name="Create List" owner="BuiltIn">
<msg time="2024-08-04T02:36:32.083598" level="INFO">${expected_keys} = ['gender', 'name', 'location', 'email', 'login']</msg>
<var>${expected_keys}</var>
<arg>gender</arg>
<arg>name</arg>
<arg>location</arg>
<arg>email</arg>
<arg>login</arg>
<doc>Returns a list containing given items.</doc>
<status status="PASS" start="2024-08-04T02:36:32.083444" elapsed="0.000178"/>
</kw>
<for flavor="IN">
<iter>
<kw name="Dictionary Should Contain Key" owner="Collections">
<arg>${json_data['results'][0]}</arg>
<arg>${key}</arg>
<doc>Fails if ``key`` is not found from ``dictionary``.</doc>
<status status="PASS" start="2024-08-04T02:36:32.084227" elapsed="0.000415"/>
</kw>
<kw name="Log" owner="BuiltIn">
<msg time="2024-08-04T02:36:32.085201" level="INFO">{'gender': 'female', 'name': {'title': 'Ms', 'first': 'Isabela', 'last': 'Mireles'}, 'location': {'street': {'number': 4860, 'name': 'Prolongación Sinaloa'}, 'city': 'San Quintín', 'state': 'San Luis Potosí', 'country': 'Mexico', 'postcode': 71232, 'coordinates': {'latitude': '24.7800', 'longitude': '62.4879'}, 'timezone': {'offset': '-11:00', 'description': 'Midway Island, Samoa'}}, 'email': 'isabela.mireles@example.com', 'login': {'uuid': '89b07ecb-a397-411b-a697-958c69b37dde', 'username': 'heavymeercat432', 'password': 'martin1', 'salt': 'oJBefRPz', 'md5': '2bc1e801057a18594dbcc354ddd3edd2', 'sha1': '39e58f0e8a568b92271d2cb50955b2c6e5bbbe20', 'sha256': '81be93ee1e30279b9652d4ec1aaf97413e41bf844364d84c2396879fc41df514'}, 'dob': {'date': '1973-10-24T04:25:36.669Z', 'age': 50}, 'registered': {'date': '2018-01-31T21:07:20.002Z', 'age': 6}, 'phone': '(667) 248 8993', 'cell': '(684) 497 6722', 'id': {'name': 'NSS', 'value': '25 87 84 8643 9'}, 'picture': {'large': 'https://randomuser.me/api/portraits/women/40.jpg', 'medium': 'https://randomuser.me/api/portraits/med/women/40.jpg', 'thumbnail': 'https://randomuser.me/api/portraits/thumb/women/40.jpg'}, 'nat': 'MX'}</msg>
<arg>${json_data['results'][0]}</arg>
<doc>Logs the given message with the given level.</doc>
<status status="PASS" start="2024-08-04T02:36:32.084834" elapsed="0.000417"/>
</kw>
<kw name="Log" owner="BuiltIn">
<msg time="2024-08-04T02:36:32.085688" level="INFO">gender</msg>
<arg>${key}</arg>
<doc>Logs the given message with the given level.</doc>
<status status="PASS" start="2024-08-04T02:36:32.085558" elapsed="0.000168"/>
</kw>
<var name="${key}">gender</var>
<status status="PASS" start="2024-08-04T02:36:32.084096" elapsed="0.001853"/>
</iter>
<iter>
<kw name="Dictionary Should Contain Key" owner="Collections">
<arg>${json_data['results'][0]}</arg>
<arg>${key}</arg>
<doc>Fails if ``key`` is not found from ``dictionary``.</doc>
<status status="PASS" start="2024-08-04T02:36:32.086248" elapsed="0.000402"/>
</kw>
<kw name="Log" owner="BuiltIn">
<msg time="2024-08-04T02:36:32.087230" level="INFO">{'gender': 'female', 'name': {'title': 'Ms', 'first': 'Isabela', 'last': 'Mireles'}, 'location': {'street': {'number': 4860, 'name': 'Prolongación Sinaloa'}, 'city': 'San Quintín', 'state': 'San Luis Potosí', 'country': 'Mexico', 'postcode': 71232, 'coordinates': {'latitude': '24.7800', 'longitude': '62.4879'}, 'timezone': {'offset': '-11:00', 'description': 'Midway Island, Samoa'}}, 'email': 'isabela.mireles@example.com', 'login': {'uuid': '89b07ecb-a397-411b-a697-958c69b37dde', 'username': 'heavymeercat432', 'password': 'martin1', 'salt': 'oJBefRPz', 'md5': '2bc1e801057a18594dbcc354ddd3edd2', 'sha1': '39e58f0e8a568b92271d2cb50955b2c6e5bbbe20', 'sha256': '81be93ee1e30279b9652d4ec1aaf97413e41bf844364d84c2396879fc41df514'}, 'dob': {'date': '1973-10-24T04:25:36.669Z', 'age': 50}, 'registered': {'date': '2018-01-31T21:07:20.002Z', 'age': 6}, 'phone': '(667) 248 8993', 'cell': '(684) 497 6722', 'id': {'name': 'NSS', 'value': '25 87 84 8643 9'}, 'picture': {'large': 'https://randomuser.me/api/portraits/women/40.jpg', 'medium': 'https://randomuser.me/api/portraits/med/women/40.jpg', 'thumbnail': 'https://randomuser.me/api/portraits/thumb/women/40.jpg'}, 'nat': 'MX'}</msg>
<arg>${json_data['results'][0]}</arg>
<doc>Logs the given message with the given level.</doc>
<status status="PASS" start="2024-08-04T02:36:32.086868" elapsed="0.000438"/>
</kw>
<kw name="Log" owner="BuiltIn">
<msg time="2024-08-04T02:36:32.087741" level="INFO">name</msg>
<arg>${key}</arg>
<doc>Logs the given message with the given level.</doc>
<status status="PASS" start="2024-08-04T02:36:32.087609" elapsed="0.000170"/>
</kw>
<var name="${key}">name</var>
<status status="PASS" start="2024-08-04T02:36:32.086135" elapsed="0.001863"/>
</iter>
<iter>
<kw name="Dictionary Should Contain Key" owner="Collections">
<arg>${json_data['results'][0]}</arg>
<arg>${key}</arg>
<doc>Fails if ``key`` is not found from ``dictionary``.</doc>
<status status="PASS" start="2024-08-04T02:36:32.088288" elapsed="0.000391"/>
</kw>
<kw name="Log" owner="BuiltIn">
<msg time="2024-08-04T02:36:32.089218" level="INFO">{'gender': 'female', 'name': {'title': 'Ms', 'first': 'Isabela', 'last': 'Mireles'}, 'location': {'street': {'number': 4860, 'name': 'Prolongación Sinaloa'}, 'city': 'San Quintín', 'state': 'San Luis Potosí', 'country': 'Mexico', 'postcode': 71232, 'coordinates': {'latitude': '24.7800', 'longitude': '62.4879'}, 'timezone': {'offset': '-11:00', 'description': 'Midway Island, Samoa'}}, 'email': 'isabela.mireles@example.com', 'login': {'uuid': '89b07ecb-a397-411b-a697-958c69b37dde', 'username': 'heavymeercat432', 'password': 'martin1', 'salt': 'oJBefRPz', 'md5': '2bc1e801057a18594dbcc354ddd3edd2', 'sha1': '39e58f0e8a568b92271d2cb50955b2c6e5bbbe20', 'sha256': '81be93ee1e30279b9652d4ec1aaf97413e41bf844364d84c2396879fc41df514'}, 'dob': {'date': '1973-10-24T04:25:36.669Z', 'age': 50}, 'registered': {'date': '2018-01-31T21:07:20.002Z', 'age': 6}, 'phone': '(667) 248 8993', 'cell': '(684) 497 6722', 'id': {'name': 'NSS', 'value': '25 87 84 8643 9'}, 'picture': {'large': 'https://randomuser.me/api/portraits/women/40.jpg', 'medium': 'https://randomuser.me/api/portraits/med/women/40.jpg', 'thumbnail': 'https://randomuser.me/api/portraits/thumb/women/40.jpg'}, 'nat': 'MX'}</msg>
<arg>${json_data['results'][0]}</arg>
<doc>Logs the given message with the given level.</doc>
<status status="PASS" start="2024-08-04T02:36:32.088864" elapsed="0.000405"/>
</kw>
<kw name="Log" owner="BuiltIn">
<msg time="2024-08-04T02:36:32.089708" level="INFO">location</msg>
<arg>${key}</arg>
<doc>Logs the given message with the given level.</doc>
<status status="PASS" start="2024-08-04T02:36:32.089577" elapsed="0.000169"/>
</kw>
<var name="${key}">location</var>
<status status="PASS" start="2024-08-04T02:36:32.088179" elapsed="0.001794"/>
</iter>
<iter>
<kw name="Dictionary Should Contain Key" owner="Collections">
<arg>${json_data['results'][0]}</arg>
<arg>${key}</arg>
<doc>Fails if ``key`` is not found from ``dictionary``.</doc>
<status status="PASS" start="2024-08-04T02:36:32.090257" elapsed="0.000381"/>
</kw>
<kw name="Log" owner="BuiltIn">
<msg time="2024-08-04T02:36:32.091336" level="INFO">{'gender': 'female', 'name': {'title': 'Ms', 'first': 'Isabela', 'last': 'Mireles'}, 'location': {'street': {'number': 4860, 'name': 'Prolongación Sinaloa'}, 'city': 'San Quintín', 'state': 'San Luis Potosí', 'country': 'Mexico', 'postcode': 71232, 'coordinates': {'latitude': '24.7800', 'longitude': '62.4879'}, 'timezone': {'offset': '-11:00', 'description': 'Midway Island, Samoa'}}, 'email': 'isabela.mireles@example.com', 'login': {'uuid': '89b07ecb-a397-411b-a697-958c69b37dde', 'username': 'heavymeercat432', 'password': 'martin1', 'salt': 'oJBefRPz', 'md5': '2bc1e801057a18594dbcc354ddd3edd2', 'sha1': '39e58f0e8a568b92271d2cb50955b2c6e5bbbe20', 'sha256': '81be93ee1e30279b9652d4ec1aaf97413e41bf844364d84c2396879fc41df514'}, 'dob': {'date': '1973-10-24T04:25:36.669Z', 'age': 50}, 'registered': {'date': '2018-01-31T21:07:20.002Z', 'age': 6}, 'phone': '(667) 248 8993', 'cell': '(684) 497 6722', 'id': {'name': 'NSS', 'value': '25 87 84 8643 9'}, 'picture': {'large': 'https://randomuser.me/api/portraits/women/40.jpg', 'medium': 'https://randomuser.me/api/portraits/med/women/40.jpg', 'thumbnail': 'https://randomuser.me/api/portraits/thumb/women/40.jpg'}, 'nat': 'MX'}</msg>
<arg>${json_data['results'][0]}</arg>
<doc>Logs the given message with the given level.</doc>
<status status="PASS" start="2024-08-04T02:36:32.090939" elapsed="0.000451"/>
</kw>
<kw name="Log" owner="BuiltIn">
<msg time="2024-08-04T02:36:32.091852" level="INFO">email</msg>
<arg>${key}</arg>
<doc>Logs the given message with the given level.</doc>
<status status="PASS" start="2024-08-04T02:36:32.091717" elapsed="0.000174"/>
</kw>
<var name="${key}">email</var>
<status status="PASS" start="2024-08-04T02:36:32.090149" elapsed="0.001964"/>
</iter>
<iter>
<kw name="Dictionary Should Contain Key" owner="Collections">
<arg>${json_data['results'][0]}</arg>
<arg>${key}</arg>
<doc>Fails if ``key`` is not found from ``dictionary``.</doc>
<status status="PASS" start="2024-08-04T02:36:32.092403" elapsed="0.000380"/>
</kw>
<kw name="Log" owner="BuiltIn">
<msg time="2024-08-04T02:36:32.093331" level="INFO">{'gender': 'female', 'name': {'title': 'Ms', 'first': 'Isabela', 'last': 'Mireles'}, 'location': {'street': {'number': 4860, 'name': 'Prolongación Sinaloa'}, 'city': 'San Quintín', 'state': 'San Luis Potosí', 'country': 'Mexico', 'postcode': 71232, 'coordinates': {'latitude': '24.7800', 'longitude': '62.4879'}, 'timezone': {'offset': '-11:00', 'description': 'Midway Island, Samoa'}}, 'email': 'isabela.mireles@example.com', 'login': {'uuid': '89b07ecb-a397-411b-a697-958c69b37dde', 'username': 'heavymeercat432', 'password': 'martin1', 'salt': 'oJBefRPz', 'md5': '2bc1e801057a18594dbcc354ddd3edd2', 'sha1': '39e58f0e8a568b92271d2cb50955b2c6e5bbbe20', 'sha256': '81be93ee1e30279b9652d4ec1aaf97413e41bf844364d84c2396879fc41df514'}, 'dob': {'date': '1973-10-24T04:25:36.669Z', 'age': 50}, 'registered': {'date': '2018-01-31T21:07:20.002Z', 'age': 6}, 'phone': '(667) 248 8993', 'cell': '(684) 497 6722', 'id': {'name': 'NSS', 'value': '25 87 84 8643 9'}, 'picture': {'large': 'https://randomuser.me/api/portraits/women/40.jpg', 'medium': 'https://randomuser.me/api/portraits/med/women/40.jpg', 'thumbnail': 'https://randomuser.me/api/portraits/thumb/women/40.jpg'}, 'nat': 'MX'}</msg>
<arg>${json_data['results'][0]}</arg>
<doc>Logs the given message with the given level.</doc>
<status status="PASS" start="2024-08-04T02:36:32.092968" elapsed="0.000414"/>
</kw>
<kw name="Log" owner="BuiltIn">
<msg time="2024-08-04T02:36:32.093814" level="INFO">login</msg>
<arg>${key}</arg>
<doc>Logs the given message with the given level.</doc>
<status status="PASS" start="2024-08-04T02:36:32.093679" elapsed="0.000173"/>
</kw>
<var name="${key}">login</var>
<status status="PASS" start="2024-08-04T02:36:32.092292" elapsed="0.001778"/>
</iter>
<var>${key}</var>
<value>@{expected_keys}</value>
<status status="PASS" start="2024-08-04T02:36:32.083899" elapsed="0.010293"/>
</for>
<kw name="Create List" owner="BuiltIn">
<msg time="2024-08-04T02:36:32.094557" level="INFO">${expected_keysTwo} = ['username', 'password']</msg>
<var>${expected_keysTwo}</var>
<arg>username</arg>
<arg>password</arg>
<doc>Returns a list containing given items.</doc>
<status status="PASS" start="2024-08-04T02:36:32.094417" elapsed="0.000165"/>
</kw>
<for flavor="IN">
<iter>
<kw name="Dictionary Should Contain Key" owner="Collections">
<arg>${json_data['results'][0]['login']}</arg>
<arg>${keyTwo}</arg>
<doc>Fails if ``key`` is not found from ``dictionary``.</doc>
<status status="PASS" start="2024-08-04T02:36:32.095082" elapsed="0.000410"/>
</kw>
<kw name="Dictionary Should Contain Key" owner="Collections">
<arg>${json_data['results'][0]['login']}</arg>
<arg>${keyTwo}</arg>
<doc>Fails if ``key`` is not found from ``dictionary``.</doc>
<status status="PASS" start="2024-08-04T02:36:32.095674" elapsed="0.000379"/>
</kw>
<kw name="Log" owner="BuiltIn">
<msg time="2024-08-04T02:36:32.096353" level="INFO">username</msg>
<arg>${keyTwo}</arg>
<doc>Logs the given message with the given level.</doc>
<status status="PASS" start="2024-08-04T02:36:32.096232" elapsed="0.000159"/>
</kw>
<var name="${keyTwo}">username</var>
<status status="PASS" start="2024-08-04T02:36:32.094974" elapsed="0.001641"/>
</iter>
<iter>
<kw name="Dictionary Should Contain Key" owner="Collections">
<arg>${json_data['results'][0]['login']}</arg>
<arg>${keyTwo}</arg>
<doc>Fails if ``key`` is not found from ``dictionary``.</doc>
<status status="PASS" start="2024-08-04T02:36:32.096901" elapsed="0.000390"/>
</kw>
<kw name="Dictionary Should Contain Key" owner="Collections">
<arg>${json_data['results'][0]['login']}</arg>
<arg>${keyTwo}</arg>
<doc>Fails if ``key`` is not found from ``dictionary``.</doc>
<status status="PASS" start="2024-08-04T02:36:32.097471" elapsed="0.000373"/>
</kw>
<kw name="Log" owner="BuiltIn">
<msg time="2024-08-04T02:36:32.098142" level="INFO">password</msg>
<arg>${keyTwo}</arg>
<doc>Logs the given message with the given level.</doc>
<status status="PASS" start="2024-08-04T02:36:32.098022" elapsed="0.000157"/>
</kw>
<var name="${keyTwo}">password</var>
<status status="PASS" start="2024-08-04T02:36:32.096793" elapsed="0.001608"/>
</iter>
<var>${keyTwo}</var>
<value>@{expected_keysTwo}</value>
<status status="PASS" start="2024-08-04T02:36:32.094821" elapsed="0.003701"/>
</for>
<status status="PASS" start="2024-08-04T02:36:32.030255" elapsed="0.068408"/>
</kw>
<doc>Testa a estrutura da resposta da API.</doc>
<tag>testeEstruturaResposta</tag>
<status status="PASS" start="2024-08-04T02:36:32.029729" elapsed="0.069092"/>
</test>
<test id="s1-s1-t4" name="Validar tipos de dados" line="28">
<kw name="Teste de Tipos de Dados" owner="random-user-service">
<kw name="GET On Session" owner="RequestsLibrary">
<msg time="2024-08-04T02:36:32.166196" level="INFO">GET Request : url=https://randomuser.me/api 
 path_url=/api 
 headers={'User-Agent': 'python-requests/2.32.3', 'Accept-Encoding': 'gzip, deflate', 'Accept': '*/*', 'Connection': 'keep-alive'} 
 body=None 
 </msg>
<msg time="2024-08-04T02:36:32.166284" level="INFO">GET Response : url=https://randomuser.me/api 
 status=200, reason=OK 
 headers={'Date': 'Sun, 04 Aug 2024 02:36:32 GMT', 'Content-Type': 'application/json; charset=utf-8', 'Transfer-Encoding': 'chunked', 'Connection': 'keep-alive', 'X-Powered-By': 'Express', 'Access-Control-Allow-Origin': '*', 'Cache-Control': 'no-cache', 'ETag': 'W/"482-QtWXwdZAMTVbFurNu/8NC5orLR8"', 'Vary': 'Accept-Encoding', 'Content-Encoding': 'gzip', 'CF-Cache-Status': 'DYNAMIC', 'Report-To': '{"endpoints":[{"url":"https:\\/\\/a.nel.cloudflare.com\\/report\\/v4?s=XuUCF6pTiBEpi%2BVOt%2BB%2BeKJt6yPm6ukJYmhEi8QXnrTEFbU5ptYZ5dSnGxFxuU6UAI9bKl5nIYAif%2F5T9bUhwdcNNIfWK%2FJR5Bzx4H%2BO0BAIW3vsfIFuGVkNoJv%2BqfW6"}],"group":"cf-nel","max_age":604800}', 'NEL': '{"success_fraction":0,"report_to":"cf-nel","max_age":604800}', 'Server': 'cloudflare', 'CF-RAY': '8adb290caf1539a9-IAD', 'alt-svc': 'h3=":443"; ma=86400'} 
 body={"results":[{"gender":"male","name":{"title":"Mr","first":"Zlatan","last":"Ninković"},"location":{"street":{"number":5979,"name":"Liparska"},"city":"Novi Sad","state":"Pomoravlje","country":"Serbia","postcode":78920,"coordinates":{"latitude":"59.0949","longitude":"-149.3361"},"timezone":{"offset":"-7:00","description":"Mountain Time (US &amp; Canada)"}},"email":"zlatan.ninkovic@example.com","login":{"uuid":"f729689c-2922-4b10-a205-2520e538a4a4","username":"angryfrog237","password":"bluebird","salt":"iKjiReaP","md5":"38a69d493841965016ffca5b3a6f5e13","sha1":"1bd04885032c385c7dd546a51d66fb1315980e9a","sha256":"7b44272478c4a4c71f176832a4845d5c628876191abd2dcb1eb107b037742162"},"dob":{"date":"1963-04-15T18:53:33.625Z","age":61},"registered":{"date":"2005-01-31T03:56:45.630Z","age":19},"phone":"033-2562-623","cell":"069-9981-161","id":{"name":"SID","value":"425093093"},"picture":{"large":"https://randomuser.me/api/portraits/men/1.jpg","medium":"https://randomuser.me/api/portraits/med/men/1.jpg","thumbnail":"https://randomuser.me/api/portraits/thumb/men/1.jpg"},"nat":"RS"}],"info":{"seed":"6b03f7fce8034839","results":1,"page":1,"version":"1.4"}} 
 </msg>
<msg time="2024-08-04T02:36:32.166358" level="INFO">/opt/hostedtoolcache/Python/3.12.4/x64/lib/python3.12/site-packages/urllib3/connectionpool.py:1099: InsecureRequestWarning: Unverified HTTPS request is being made to host 'randomuser.me'. Adding certificate verification is strongly advised. See: https://urllib3.readthedocs.io/en/latest/advanced-usage.html#tls-warnings
  warnings.warn(</msg>
<msg time="2024-08-04T02:36:32.166485" level="INFO">${response} = &lt;Response [200]&gt;</msg>
<var>${response}</var>
<arg>consultarAPI</arg>
<arg>/api</arg>
<doc>Sends a GET request on a previously created HTTP Session.</doc>
<status status="PASS" start="2024-08-04T02:36:32.101555" elapsed="0.065105"/>
</kw>
<kw name="Set Variable" owner="BuiltIn">
<msg time="2024-08-04T02:36:32.167822" level="INFO">${json_data} = {'results': [{'gender': 'male', 'name': {'title': 'Mr', 'first': 'Zlatan', 'last': 'Ninković'}, 'location': {'street': {'number': 5979, 'name': 'Liparska'}, 'city': 'Novi Sad', 'state': 'Pomoravlje', ...</msg>
<var>${json_data}</var>
<arg>${response.json()}</arg>
<doc>Returns the given values which can then be assigned to a variables.</doc>
<status status="PASS" start="2024-08-04T02:36:32.167282" elapsed="0.000571"/>
</kw>
<kw name="Log" owner="BuiltIn">
<msg time="2024-08-04T02:36:32.168336" level="INFO">{'results': [{'gender': 'male', 'name': {'title': 'Mr', 'first': 'Zlatan', 'last': 'Ninković'}, 'location': {'street': {'number': 5979, 'name': 'Liparska'}, 'city': 'Novi Sad', 'state': 'Pomoravlje', 'country': 'Serbia', 'postcode': 78920, 'coordinates': {'latitude': '59.0949', 'longitude': '-149.3361'}, 'timezone': {'offset': '-7:00', 'description': 'Mountain Time (US &amp; Canada)'}}, 'email': 'zlatan.ninkovic@example.com', 'login': {'uuid': 'f729689c-2922-4b10-a205-2520e538a4a4', 'username': 'angryfrog237', 'password': 'bluebird', 'salt': 'iKjiReaP', 'md5': '38a69d493841965016ffca5b3a6f5e13', 'sha1': '1bd04885032c385c7dd546a51d66fb1315980e9a', 'sha256': '7b44272478c4a4c71f176832a4845d5c628876191abd2dcb1eb107b037742162'}, 'dob': {'date': '1963-04-15T18:53:33.625Z', 'age': 61}, 'registered': {'date': '2005-01-31T03:56:45.630Z', 'age': 19}, 'phone': '033-2562-623', 'cell': '069-9981-161', 'id': {'name': 'SID', 'value': '425093093'}, 'picture': {'large': 'https://randomuser.me/api/portraits/men/1.jpg', 'medium': 'https://randomuser.me/api/portraits/med/men/1.jpg', 'thumbnail': 'https://randomuser.me/api/portraits/thumb/men/1.jpg'}, 'nat': 'RS'}], 'info': {'seed': '6b03f7fce8034839', 'results': 1, 'page': 1, 'version': '1.4'}}</msg>
<arg>${json_data}</arg>
<doc>Logs the given message with the given level.</doc>
<status status="PASS" start="2024-08-04T02:36:32.168173" elapsed="0.000218"/>
</kw>
<kw name="Should Be String" owner="String">
<arg>${json_data['results'][0]['gender']}</arg>
<doc>Fails if the given ``item`` is not a string.</doc>
<status status="PASS" start="2024-08-04T02:36:32.168695" elapsed="0.000373"/>
</kw>
<kw name="Should Match Regexp" owner="BuiltIn">
<arg>${json_data['results'][0]['email']}</arg>
<arg>^[a-zA-Z0-9._%+-]+@[a-zA-Z0-9.-]+\.[a-zA-Z]{2,}$</arg>
<doc>Fails if ``string`` does not match ``pattern`` as a regular expression.</doc>
<status status="PASS" start="2024-08-04T02:36:32.169299" elapsed="0.000522"/>
</kw>
<kw name="Should Match Regexp" owner="BuiltIn">
<arg>${json_data['results'][0]['dob']['date']}</arg>
<arg>\\d{4}-\\d{2}-\\d{2}T\\d{2}:\\d{2}:\\d{2}\\.\\d{3}Z</arg>
<doc>Fails if ``string`` does not match ``pattern`` as a regular expression.</doc>
<status status="PASS" start="2024-08-04T02:36:32.170026" elapsed="0.000660"/>
</kw>
<kw name="Should Match Regexp" owner="BuiltIn">
<arg>${json_data['results'][0]['registered']['date']}</arg>
<arg>\\d{4}-\\d{2}-\\d{2}T\\d{2}:\\d{2}:\\d{2}\\.\\d{3}Z</arg>
<doc>Fails if ``string`` does not match ``pattern`` as a regular expression.</doc>
<status status="PASS" start="2024-08-04T02:36:32.170883" elapsed="0.000409"/>
</kw>
<kw name="Should Match Regexp" owner="BuiltIn">
<arg>${json_data['results'][0]['picture']['large']}</arg>
<arg>^https?://.*\.(?:png|jpe?g|gif|bmp)$</arg>
<doc>Fails if ``string`` does not match ``pattern`` as a regular expression.</doc>
<status status="PASS" start="2024-08-04T02:36:32.171486" elapsed="0.000473"/>
</kw>
<kw name="Should Match Regexp" owner="BuiltIn">
<arg>${json_data['results'][0]['picture']['medium']}</arg>
<arg>^https?://.*\.(?:png|jpe?g|gif|bmp)$</arg>
<doc>Fails if ``string`` does not match ``pattern`` as a regular expression.</doc>
<status status="PASS" start="2024-08-04T02:36:32.172152" elapsed="0.000367"/>
</kw>
<kw name="Should Match Regexp" owner="BuiltIn">
<arg>${json_data['results'][0]['picture']['thumbnail']}</arg>
<arg>^https?://.*\.(?:png|jpe?g|gif|bmp)$</arg>
<doc>Fails if ``string`` does not match ``pattern`` as a regular expression.</doc>
<status status="PASS" start="2024-08-04T02:36:32.172705" elapsed="0.000350"/>
</kw>
<kw name="Log" owner="BuiltIn">
<msg time="2024-08-04T02:36:32.173561" level="INFO">{'large': 'https://randomuser.me/api/portraits/men/1.jpg', 'medium': 'https://randomuser.me/api/portraits/med/men/1.jpg', 'thumbnail': 'https://randomuser.me/api/portraits/thumb/men/1.jpg'}</msg>
<arg>${json_data['results'][0]['picture']}</arg>
<doc>Logs the given message with the given level.</doc>
<status status="PASS" start="2024-08-04T02:36:32.173236" elapsed="0.000369"/>
</kw>
<status status="PASS" start="2024-08-04T02:36:32.101325" elapsed="0.072542"/>
</kw>
<kw name="Teste de Tipos de Dados - Postcode" owner="random-user-service">
<kw name="GET On Session" owner="RequestsLibrary">
<msg time="2024-08-04T02:36:32.272327" level="INFO">GET Request : url=https://randomuser.me/api 
 path_url=/api 
 headers={'User-Agent': 'python-requests/2.32.3', 'Accept-Encoding': 'gzip, deflate', 'Accept': '*/*', 'Connection': 'keep-alive'} 
 body=None 
 </msg>
<msg time="2024-08-04T02:36:32.272420" level="INFO">GET Response : url=https://randomuser.me/api 
 status=200, reason=OK 
 headers={'Date': 'Sun, 04 Aug 2024 02:36:32 GMT', 'Content-Type': 'application/json; charset=utf-8', 'Transfer-Encoding': 'chunked', 'Connection': 'keep-alive', 'X-Powered-By': 'Express', 'Access-Control-Allow-Origin': '*', 'Cache-Control': 'no-cache', 'ETag': 'W/"481-TZxpx+KYcarWNLlFE2NjZ03lpEA"', 'Vary': 'Accept-Encoding', 'Content-Encoding': 'gzip', 'CF-Cache-Status': 'DYNAMIC', 'Report-To': '{"endpoints":[{"url":"https:\\/\\/a.nel.cloudflare.com\\/report\\/v4?s=2wVD5YhaVEQAda2W56w%2BsS%2Fefupvl3ldDnswr2yT8Xf%2Bz8it9ZysnSLFslSF72uXy6ctWYcTcLsW%2FXIU3dIB0o0CpccoyHLV07NRh5r1d7FRRwUdaRufSI5GfifZbr77"}],"group":"cf-nel","max_age":604800}', 'NEL': '{"success_fraction":0,"report_to":"cf-nel","max_age":604800}', 'Server': 'cloudflare', 'CF-RAY': '8adb290d1f9d39a9-IAD', 'alt-svc': 'h3=":443"; ma=86400'} 
 body={"results":[{"gender":"male","name":{"title":"Mr","first":"Ljubiša","last":"Terzić"},"location":{"street":{"number":2078,"name":"Brodska"},"city":"Boljevac","state":"Pirot","country":"Serbia","postcode":78628,"coordinates":{"latitude":"57.2856","longitude":"-33.7020"},"timezone":{"offset":"+5:30","description":"Bombay, Calcutta, Madras, New Delhi"}},"email":"ljubisa.terzic@example.com","login":{"uuid":"6db3128c-3587-4547-9142-bbf4a8cdddcb","username":"browndog746","password":"antony","salt":"lwHEuqCv","md5":"7f610c5c69bf75e7c1c1c66816c03257","sha1":"3a0788fb8e27a08481617a375fa81ebfa17241c2","sha256":"e5d105304a53c8283d04eeb4984abdb1996ed06502561f0a0ce95463b4bc293a"},"dob":{"date":"1984-08-01T15:21:51.896Z","age":40},"registered":{"date":"2021-11-25T16:45:06.860Z","age":2},"phone":"025-7888-779","cell":"068-2023-511","id":{"name":"SID","value":"317366768"},"picture":{"large":"https://randomuser.me/api/portraits/men/29.jpg","medium":"https://randomuser.me/api/portraits/med/men/29.jpg","thumbnail":"https://randomuser.me/api/portraits/thumb/men/29.jpg"},"nat":"RS"}],"info":{"seed":"5d8f2bbbc42f2aa2","results":1,"page":1,"version":"1.4"}} 
 </msg>
<msg time="2024-08-04T02:36:32.272487" level="INFO">/opt/hostedtoolcache/Python/3.12.4/x64/lib/python3.12/site-packages/urllib3/connectionpool.py:1099: InsecureRequestWarning: Unverified HTTPS request is being made to host 'randomuser.me'. Adding certificate verification is strongly advised. See: https://urllib3.readthedocs.io/en/latest/advanced-usage.html#tls-warnings
  warnings.warn(</msg>
<msg time="2024-08-04T02:36:32.272603" level="INFO">${response} = &lt;Response [200]&gt;</msg>
<var>${response}</var>
<arg>consultarAPI</arg>
<arg>/api</arg>
<doc>Sends a GET request on a previously created HTTP Session.</doc>
<status status="PASS" start="2024-08-04T02:36:32.174326" elapsed="0.098318"/>
</kw>
<kw name="Set Variable" owner="BuiltIn">
<msg time="2024-08-04T02:36:32.273799" level="INFO">${json_data} = {'results': [{'gender': 'male', 'name': {'title': 'Mr', 'first': 'Ljubiša', 'last': 'Terzić'}, 'location': {'street': {'number': 2078, 'name': 'Brodska'}, 'city': 'Boljevac', 'state': 'Pirot', 'countr...</msg>
<var>${json_data}</var>
<arg>${response.json()}</arg>
<doc>Returns the given values which can then be assigned to a variables.</doc>
<status status="PASS" start="2024-08-04T02:36:32.273204" elapsed="0.000625"/>
</kw>
<kw name="Log" owner="BuiltIn">
<msg time="2024-08-04T02:36:32.274302" level="INFO">{'results': [{'gender': 'male', 'name': {'title': 'Mr', 'first': 'Ljubiša', 'last': 'Terzić'}, 'location': {'street': {'number': 2078, 'name': 'Brodska'}, 'city': 'Boljevac', 'state': 'Pirot', 'country': 'Serbia', 'postcode': 78628, 'coordinates': {'latitude': '57.2856', 'longitude': '-33.7020'}, 'timezone': {'offset': '+5:30', 'description': 'Bombay, Calcutta, Madras, New Delhi'}}, 'email': 'ljubisa.terzic@example.com', 'login': {'uuid': '6db3128c-3587-4547-9142-bbf4a8cdddcb', 'username': 'browndog746', 'password': 'antony', 'salt': 'lwHEuqCv', 'md5': '7f610c5c69bf75e7c1c1c66816c03257', 'sha1': '3a0788fb8e27a08481617a375fa81ebfa17241c2', 'sha256': 'e5d105304a53c8283d04eeb4984abdb1996ed06502561f0a0ce95463b4bc293a'}, 'dob': {'date': '1984-08-01T15:21:51.896Z', 'age': 40}, 'registered': {'date': '2021-11-25T16:45:06.860Z', 'age': 2}, 'phone': '025-7888-779', 'cell': '068-2023-511', 'id': {'name': 'SID', 'value': '317366768'}, 'picture': {'large': 'https://randomuser.me/api/portraits/men/29.jpg', 'medium': 'https://randomuser.me/api/portraits/med/men/29.jpg', 'thumbnail': 'https://randomuser.me/api/portraits/thumb/men/29.jpg'}, 'nat': 'RS'}], 'info': {'seed': '5d8f2bbbc42f2aa2', 'results': 1, 'page': 1, 'version': '1.4'}}</msg>
<arg>${json_data}</arg>
<doc>Logs the given message with the given level.</doc>
<status status="PASS" start="2024-08-04T02:36:32.274142" elapsed="0.000210"/>
</kw>
<kw name="Should Be Equal As Numbers" owner="BuiltIn">
<arg>${json_data['results'][0]['location']['postcode']}</arg>
<arg>${json_data['results'][0]['location']['postcode']}</arg>
<doc>Fails if objects are unequal after converting them to real numbers.</doc>
<status status="PASS" start="2024-08-04T02:36:32.274649" elapsed="0.000655"/>
</kw>
<kw name="Log" owner="BuiltIn">
<msg time="2024-08-04T02:36:32.275876" level="INFO">78628</msg>
<arg>${json_data['results'][0]['location']['postcode']}</arg>
<doc>Logs the given message with the given level.</doc>
<status status="PASS" start="2024-08-04T02:36:32.275532" elapsed="0.000385"/>
</kw>
<status status="PASS" start="2024-08-04T02:36:32.174096" elapsed="0.102079"/>
</kw>
<doc>Testa se os tipos de dados na resposta da API estão corretos.</doc>
<tag>testeTiposDados</tag>
<status status="PASS" start="2024-08-04T02:36:32.100798" elapsed="0.175547"/>
</test>
<test id="s1-s1-t5" name="Validar conteudo" line="35">
<kw name="Teste de Tipos de Conteudo" owner="random-user-service">
<kw name="GET On Session" owner="RequestsLibrary">
<msg time="2024-08-04T02:36:32.383898" level="INFO">GET Request : url=https://randomuser.me/api 
 path_url=/api 
 headers={'User-Agent': 'python-requests/2.32.3', 'Accept-Encoding': 'gzip, deflate', 'Accept': '*/*', 'Connection': 'keep-alive'} 
 body=None 
 </msg>
<msg time="2024-08-04T02:36:32.383991" level="INFO">GET Response : url=https://randomuser.me/api 
 status=200, reason=OK 
 headers={'Date': 'Sun, 04 Aug 2024 02:36:32 GMT', 'Content-Type': 'application/json; charset=utf-8', 'Transfer-Encoding': 'chunked', 'Connection': 'keep-alive', 'X-Powered-By': 'Express', 'Access-Control-Allow-Origin': '*', 'Cache-Control': 'no-cache', 'ETag': 'W/"499-59dAX8ueN+B9kSbeVJfNPv2vWNI"', 'Vary': 'Accept-Encoding', 'Content-Encoding': 'gzip', 'CF-Cache-Status': 'DYNAMIC', 'Report-To': '{"endpoints":[{"url":"https:\\/\\/a.nel.cloudflare.com\\/report\\/v4?s=VpSOyB8y%2B5fRQz9kmngkvQQyV%2B6x%2B4sQg3zxLseoZBcT9%2BAamWhs5StIqL7wrH16lWA3rVeu6h9ylJOVGEVFZLr%2Brpc5dqa%2FMmQ02Gutotc4Nax6qto0v5%2BiGUWZmrT8"}],"group":"cf-nel","max_age":604800}', 'NEL': '{"success_fraction":0,"report_to":"cf-nel","max_age":604800}', 'Server': 'cloudflare', 'CF-RAY': '8adb290dc88139a9-IAD', 'alt-svc': 'h3=":443"; ma=86400'} 
 body={"results":[{"gender":"female","name":{"title":"Miss","first":"Caridad","last":"Limón"},"location":{"street":{"number":5634,"name":"Viaducto Querétaro"},"city":"Villahermosa","state":"Jalisco","country":"Mexico","postcode":32226,"coordinates":{"latitude":"23.1943","longitude":"34.9742"},"timezone":{"offset":"-12:00","description":"Eniwetok, Kwajalein"}},"email":"caridad.limon@example.com","login":{"uuid":"27009ff7-35e6-4de6-b7a8-f096d28c80e2","username":"orangewolf135","password":"peterpan","salt":"u3z16ABD","md5":"fa1a632c677fce02bf77f54fe1fd22f9","sha1":"e1b51b2b709a5ed0b213c5af246062900da19fbc","sha256":"b7279e0dbc7dcfc70b91f12310bc3f16bfd7c20e9c6e6fcf74293242a83136fe"},"dob":{"date":"1977-01-06T21:46:02.290Z","age":47},"registered":{"date":"2010-10-09T07:12:38.712Z","age":13},"phone":"(615) 750 9157","cell":"(698) 136 9086","id":{"name":"NSS","value":"27 67 22 9403 6"},"picture":{"large":"https://randomuser.me/api/portraits/women/82.jpg","medium":"https://randomuser.me/api/portraits/med/women/82.jpg","thumbnail":"https://randomuser.me/api/portraits/thumb/women/82.jpg"},"nat":"MX"}],"info":{"seed":"96c947c6042007ed","results":1,"page":1,"version":"1.4"}} 
 </msg>
<msg time="2024-08-04T02:36:32.384061" level="INFO">/opt/hostedtoolcache/Python/3.12.4/x64/lib/python3.12/site-packages/urllib3/connectionpool.py:1099: InsecureRequestWarning: Unverified HTTPS request is being made to host 'randomuser.me'. Adding certificate verification is strongly advised. See: https://urllib3.readthedocs.io/en/latest/advanced-usage.html#tls-warnings
  warnings.warn(</msg>
<msg time="2024-08-04T02:36:32.384194" level="INFO">${response} = &lt;Response [200]&gt;</msg>
<var>${response}</var>
<arg>consultarAPI</arg>
<arg>/api</arg>
<doc>Sends a GET request on a previously created HTTP Session.</doc>
<status status="PASS" start="2024-08-04T02:36:32.279142" elapsed="0.105093"/>
</kw>
<kw name="Set Variable" owner="BuiltIn">
<msg time="2024-08-04T02:36:32.385252" level="INFO">${json_data} = {'results': [{'gender': 'female', 'name': {'title': 'Miss', 'first': 'Caridad', 'last': 'Limón'}, 'location': {'street': {'number': 5634, 'name': 'Viaducto Querétaro'}, 'city': 'Villahermosa', 'state'...</msg>
<var>${json_data}</var>
<arg>${response.json()}</arg>
<doc>Returns the given values which can then be assigned to a variables.</doc>
<status status="PASS" start="2024-08-04T02:36:32.384719" elapsed="0.000563"/>
</kw>
<kw name="Set Variable" owner="BuiltIn">
<msg time="2024-08-04T02:36:32.385986" level="INFO">${name_title} = Miss</msg>
<var>${name_title}</var>
<arg>${json_data["results"][0]["name"]["title"]}</arg>
<doc>Returns the given values which can then be assigned to a variables.</doc>
<status status="PASS" start="2024-08-04T02:36:32.385596" elapsed="0.000417"/>
</kw>
<kw name="Create List" owner="BuiltIn">
<msg time="2024-08-04T02:36:32.386468" level="INFO">${allowed_titles} = ['Mr', 'Ms', 'Miss', 'Mrs', 'Madame', 'Monsieur']</msg>
<var>${allowed_titles}</var>
<arg>Mr</arg>
<arg>Ms</arg>
<arg>Miss</arg>
<arg>Mrs</arg>
<arg>Madame</arg>
<arg>Monsieur</arg>
<doc>Returns a list containing given items.</doc>
<status status="PASS" start="2024-08-04T02:36:32.386315" elapsed="0.000179"/>
</kw>
<kw name="List Should Contain Value" owner="Collections">
<arg>${allowed_titles}</arg>
<arg>${name_title}</arg>
<doc>Fails if the ``value`` is not found from ``list``.</doc>
<status status="PASS" start="2024-08-04T02:36:32.386804" elapsed="0.000190"/>
</kw>
<kw name="Set Variable" owner="BuiltIn">
<msg time="2024-08-04T02:36:32.387591" level="INFO">${name_country} = MX</msg>
<var>${name_country}</var>
<arg>${json_data["results"][0]["nat"]}</arg>
<doc>Returns the given values which can then be assigned to a variables.</doc>
<status status="PASS" start="2024-08-04T02:36:32.387180" elapsed="0.000437"/>
</kw>
<kw name="Create List" owner="BuiltIn">
<msg time="2024-08-04T02:36:32.388515" level="INFO">${list_country} = ['AD', 'AE', 'AF', 'AG', 'AI', 'AL', 'AM', 'AO', 'AQ', 'AR', 'AS', 'AT', 'AU', 'AW', 'AX', 'AZ', 'BA', 'BB', 'BD', 'BE', 'BF', 'BG', 'BH', 'BI', 'BJ', 'BL', 'BM', 'BN', 'BO', 'BQ', 'BR', 'BS', 'BT', '...</msg>
<var>${list_country}</var>
<arg>AD</arg>
<arg>AE</arg>
<arg>AF</arg>
<arg>AG</arg>
<arg>AI</arg>
<arg>AL</arg>
<arg>AM</arg>
<arg>AO</arg>
<arg>AQ</arg>
<arg>AR</arg>
<arg>AS</arg>
<arg>AT</arg>
<arg>AU</arg>
<arg>AW</arg>
<arg>AX</arg>
<arg>AZ</arg>
<arg>BA</arg>
<arg>BB</arg>
<arg>BD</arg>
<arg>BE</arg>
<arg>BF</arg>
<arg>BG</arg>
<arg>BH</arg>
<arg>BI</arg>
<arg>BJ</arg>
<arg>BL</arg>
<arg>BM</arg>
<arg>BN</arg>
<arg>BO</arg>
<arg>BQ</arg>
<arg>BR</arg>
<arg>BS</arg>
<arg>BT</arg>
<arg>BV</arg>
<arg>BW</arg>
<arg>BY</arg>
<arg>BZ</arg>
<arg>CA</arg>
<arg>CC</arg>
<arg>CD</arg>
<arg>CF</arg>
<arg>CG</arg>
<arg>CH</arg>
<arg>CI</arg>
<arg>CK</arg>
<arg>CL</arg>
<arg>CM</arg>
<arg>CN</arg>
<arg>CO</arg>
<arg>CR</arg>
<arg>CU</arg>
<arg>CV</arg>
<arg>CW</arg>
<arg>CX</arg>
<arg>CY</arg>
<arg>CZ</arg>
<arg>DE</arg>
<arg>DJ</arg>
<arg>DK</arg>
<arg>DM</arg>
<arg>DO</arg>
<arg>DZ</arg>
<arg>EC</arg>
<arg>EE</arg>
<arg>EG</arg>
<arg>EH</arg>
<arg>ER</arg>
<arg>ES</arg>
<arg>ET</arg>
<arg>FI</arg>
<arg>FJ</arg>
<arg>FK</arg>
<arg>FM</arg>
<arg>FO</arg>
<arg>FR</arg>
<arg>GA</arg>
<arg>GB</arg>
<arg>GD</arg>
<arg>GE</arg>
<arg>GF</arg>
<arg>GG</arg>
<arg>GH</arg>
<arg>GI</arg>
<arg>GL</arg>
<arg>GM</arg>
<arg>GN</arg>
<arg>GP</arg>
<arg>GQ</arg>
<arg>GR</arg>
<arg>GS</arg>
<arg>GT</arg>
<arg>GU</arg>
<arg>GW</arg>
<arg>GY</arg>
<arg>HK</arg>
<arg>HM</arg>
<arg>HN</arg>
<arg>HR</arg>
<arg>HT</arg>
<arg>HU</arg>
<arg>ID</arg>
<arg>IE</arg>
<arg>IL</arg>
<arg>IM</arg>
<arg>IN</arg>
<arg>IO</arg>
<arg>IQ</arg>
<arg>IR</arg>
<arg>IS</arg>
<arg>IT</arg>
<arg>JE</arg>
<arg>JM</arg>
<arg>JO</arg>
<arg>JP</arg>
<arg>KE</arg>
<arg>KG</arg>
<arg>KH</arg>
<arg>KI</arg>
<arg>KM</arg>
<arg>KN</arg>
<arg>KP</arg>
<arg>KR</arg>
<arg>KW</arg>
<arg>KY</arg>
<arg>KZ</arg>
<arg>LA</arg>
<arg>LB</arg>
<arg>LC</arg>
<arg>LI</arg>
<arg>LK</arg>
<arg>LR</arg>
<arg>LS</arg>
<arg>LT</arg>
<arg>LU</arg>
<arg>LV</arg>
<arg>LY</arg>
<arg>MA</arg>
<arg>MC</arg>
<arg>MD</arg>
<arg>ME</arg>
<arg>MF</arg>
<arg>MG</arg>
<arg>MH</arg>
<arg>MK</arg>
<arg>ML</arg>
<arg>MM</arg>
<arg>MN</arg>
<arg>MO</arg>
<arg>MP</arg>
<arg>MQ</arg>
<arg>MR</arg>
<arg>MS</arg>
<arg>MT</arg>
<arg>MU</arg>
<arg>MV</arg>
<arg>MW</arg>
<arg>MX</arg>
<arg>MY</arg>
<arg>MZ</arg>
<arg>NA</arg>
<arg>NC</arg>
<arg>NE</arg>
<arg>NF</arg>
<arg>NG</arg>
<arg>NI</arg>
<arg>NL</arg>
<arg>NO</arg>
<arg>NP</arg>
<arg>NR</arg>
<arg>NU</arg>
<arg>NZ</arg>
<arg>OM</arg>
<arg>PA</arg>
<arg>PE</arg>
<arg>PF</arg>
<arg>PG</arg>
<arg>PH</arg>
<arg>PK</arg>
<arg>PL</arg>
<arg>PM</arg>
<arg>PN</arg>
<arg>PR</arg>
<arg>PS</arg>
<arg>PT</arg>
<arg>PW</arg>
<arg>PY</arg>
<arg>QA</arg>
<arg>RE</arg>
<arg>RO</arg>
<arg>RS</arg>
<arg>RU</arg>
<arg>RW</arg>
<arg>SA</arg>
<arg>SB</arg>
<arg>SC</arg>
<arg>SD</arg>
<arg>SE</arg>
<arg>SG</arg>
<arg>SH</arg>
<arg>SI</arg>
<arg>SJ</arg>
<arg>SK</arg>
<arg>SL</arg>
<arg>SM</arg>
<arg>SN</arg>
<arg>SO</arg>
<arg>SR</arg>
<arg>SS</arg>
<arg>ST</arg>
<arg>SV</arg>
<arg>SX</arg>
<arg>SY</arg>
<arg>SZ</arg>
<arg>TC</arg>
<arg>TD</arg>
<arg>TF</arg>
<arg>TG</arg>
<arg>TH</arg>
<arg>TJ</arg>
<arg>TK</arg>
<arg>TL</arg>
<arg>TM</arg>
<arg>TN</arg>
<arg>TO</arg>
<arg>TR</arg>
<arg>TT</arg>
<arg>TV</arg>
<arg>TW</arg>
<arg>TZ</arg>
<arg>UA</arg>
<arg>UG</arg>
<arg>UM</arg>
<arg>US</arg>
<arg>UY</arg>
<arg>UZ</arg>
<arg>VA</arg>
<arg>VC</arg>
<arg>VE</arg>
<arg>VG</arg>
<arg>VI</arg>
<arg>VN</arg>
<arg>VU</arg>
<arg>WF</arg>
<arg>WS</arg>
<arg>XK</arg>
<arg>YE</arg>
<arg>YT</arg>
<arg>ZA</arg>
<arg>ZM</arg>
<arg>ZW</arg>
<doc>Returns a list containing given items.</doc>
<status status="PASS" start="2024-08-04T02:36:32.387916" elapsed="0.000628"/>
</kw>
<kw name="List Should Contain Value" owner="Collections">
<arg>${list_country}</arg>
<arg>${name_country}</arg>
<doc>Fails if the ``value`` is not found from ``list``.</doc>
<status status="PASS" start="2024-08-04T02:36:32.389536" elapsed="0.000214"/>
</kw>
<kw name="Run Keyword If" owner="BuiltIn">
<kw name="Should Be True" owner="BuiltIn">
<arg>${True}</arg>
<doc>Fails if the given condition is not true.</doc>
<status status="PASS" start="2024-08-04T02:36:32.390712" elapsed="0.000146"/>
</kw>
<arg>${json_data["results"][0]["location"]["coordinates"]["latitude"]} &gt;= -90 and ${json_data["results"][0]["location"]["coordinates"]["latitude"]} &lt;= 90</arg>
<arg>Should Be True</arg>
<arg>${True}</arg>
<doc>Runs the given keyword with the given arguments, if ``condition`` is true.</doc>
<status status="PASS" start="2024-08-04T02:36:32.389955" elapsed="0.001030"/>
</kw>
<kw name="Run Keyword If" owner="BuiltIn">
<kw name="Should Be True" owner="BuiltIn">
<arg>${True}</arg>
<doc>Fails if the given condition is not true.</doc>
<status status="PASS" start="2024-08-04T02:36:32.391887" elapsed="0.000139"/>
</kw>
<arg>${json_data["results"][0]["location"]["coordinates"]["longitude"]} &gt;= -180 and ${json_data["results"][0]["location"]["coordinates"]["longitude"]} &lt;= 180</arg>
<arg>Should Be True</arg>
<arg>${True}</arg>
<doc>Runs the given keyword with the given arguments, if ``condition`` is true.</doc>
<status status="PASS" start="2024-08-04T02:36:32.391168" elapsed="0.000982"/>
</kw>
<status status="PASS" start="2024-08-04T02:36:32.278771" elapsed="0.113512"/>
</kw>
<doc>Testa o conteúdo específico dos campos retornados pela API.</doc>
<tag>testeConteudo</tag>
<status status="PASS" start="2024-08-04T02:36:32.278108" elapsed="0.114329"/>
</test>
<status status="PASS" start="2024-08-04T02:36:31.416209" elapsed="0.978157"/>
</suite>
<status status="PASS" start="2024-08-04T02:36:31.401606" elapsed="0.997954"/>
</suite>
<statistics>
<total>
<stat pass="5" fail="0" skip="0">All Tests</stat>
</total>
<tag>
<stat pass="1" fail="0" skip="0">testeConteudo</stat>
<stat pass="1" fail="0" skip="0">testeEstruturaResposta</stat>
<stat pass="1" fail="0" skip="0">testeRequisicaoBasica</stat>
<stat pass="1" fail="0" skip="0">testeTiposDados</stat>
</tag>
<suite>
<stat pass="5" fail="0" skip="0" id="s1" name="Tests">Tests</stat>
<stat pass="5" fail="0" skip="0" id="s1-s1" name="Random-User-Test">Tests.Random-User-Test</stat>
</suite>
</statistics>
<errors>
</errors>
</robot>
