<?xml version="1.0" encoding="UTF-8"?>
<robot generator="Robot 7.0 (Python 3.12.3 on linux)" generated="2024-05-18T20:14:55.457474" rpa="false" schemaversion="5">
<suite id="s1" name="Tests" source="/home/runner/work/DesafioQAItauRogerioJordao/DesafioQAItauRogerioJordao/RamdonUser/tests">
<suite id="s1-s1" name="Random-User-Test" source="/home/runner/work/DesafioQAItauRogerioJordao/DesafioQAItauRogerioJordao/RamdonUser/tests/random-user-test.robot">
<test id="s1-s1-t1" name="Conectar" line="13">
<kw name="Conectar API" owner="random-user-service">
<kw name="Create Session" owner="RequestsLibrary">
<msg time="2024-05-18T20:14:55.849741" level="INFO">Creating Session using : alias=consultarAPI, url=https://randomuser.me/, headers={},                     cookies={}, auth=None, timeout=None, proxies=None, verify=False,                     debug=0 </msg>
<arg>consultarAPI</arg>
<arg>${URL}</arg>
<doc>Create Session: create a HTTP session to a server</doc>
<status status="PASS" start="2024-05-18T20:14:55.849531" elapsed="0.000397"/>
</kw>
<status status="PASS" start="2024-05-18T20:14:55.848416" elapsed="0.001903"/>
</kw>
<status status="PASS" start="2024-05-18T20:14:55.847840" elapsed="0.002672"/>
</test>
<test id="s1-s1-t2" name="Validar retorno 200 e JSON Válido" line="16">
<kw name="Teste de Requisicao Basica" owner="random-user-service">
<kw name="GET On Session" owner="RequestsLibrary">
<msg time="2024-05-18T20:14:56.014510" level="INFO">GET Request : url=https://randomuser.me/api 
 path_url=/api 
 headers={'User-Agent': 'python-requests/2.31.0', 'Accept-Encoding': 'gzip, deflate', 'Accept': '*/*', 'Connection': 'keep-alive'} 
 body=None 
 </msg>
<msg time="2024-05-18T20:14:56.014733" level="INFO">GET Response : url=https://randomuser.me/api 
 status=200, reason=OK 
 headers={'Date': 'Sat, 18 May 2024 20:14:56 GMT', 'Content-Type': 'application/json; charset=utf-8', 'Transfer-Encoding': 'chunked', 'Connection': 'keep-alive', 'X-Powered-By': 'Express', 'Access-Control-Allow-Origin': '*', 'Cache-Control': 'no-cache', 'ETag': 'W/"493-cixGinXJbKLqiBgo1LlTom5aNPk"', 'Vary': 'Accept-Encoding', 'Content-Encoding': 'gzip', 'CF-Cache-Status': 'DYNAMIC', 'Report-To': '{"endpoints":[{"url":"https:\\/\\/a.nel.cloudflare.com\\/report\\/v4?s=Zr40fhQZ9oQX%2BcscCkUB2gnoQRPPAFhC90CVsUzZleV4zmWuG8fqHb9t6MA1TbHLwuB0jKwsXgQoHnO0cw6H3HhHD%2BZUUlKb3EKjy0vSK7lPECwOohvu%2Fj5nTlJjmNTF"}],"group":"cf-nel","max_age":604800}', 'NEL': '{"success_fraction":0,"report_to":"cf-nel","max_age":604800}', 'Server': 'cloudflare', 'CF-RAY': '885e842f88ba2f3a-LAX', 'alt-svc': 'h3=":443"; ma=86400'} 
 body={"results":[{"gender":"male","name":{"title":"Mr","first":"Uilian","last":"Aragão"},"location":{"street":{"number":7305,"name":"Rua Primeiro de Maio "},"city":"Curitiba","state":"Amapá","country":"Brazil","postcode":14177,"coordinates":{"latitude":"-74.1655","longitude":"-73.6826"},"timezone":{"offset":"-7:00","description":"Mountain Time (US &amp; Canada)"}},"email":"uilian.aragao@example.com","login":{"uuid":"e02b8410-3842-4f5c-9687-fe768fe21edd","username":"orangekoala964","password":"gothic","salt":"nHsj0vVK","md5":"665f275baeef17a356d4f5c13e99c025","sha1":"44c785f3be35f75fd6a9ede8691890db786982d1","sha256":"ab8c85534094d863a33f2c7823987ba8a2582145b2d9cb3ecbde83c739fb9d25"},"dob":{"date":"1996-03-28T22:47:52.785Z","age":28},"registered":{"date":"2012-01-25T17:27:27.045Z","age":12},"phone":"(59) 9109-8865","cell":"(11) 1090-8468","id":{"name":"CPF","value":"288.101.866-88"},"picture":{"large":"https://randomuser.me/api/portraits/men/39.jpg","medium":"https://randomuser.me/api/portraits/med/men/39.jpg","thumbnail":"https://randomuser.me/api/portraits/thumb/men/39.jpg"},"nat":"BR"}],"info":{"seed":"148dbb8b7512de97","results":1,"page":1,"version":"1.4"}} 
 </msg>
<msg time="2024-05-18T20:14:56.014858" level="INFO">/opt/hostedtoolcache/Python/3.12.3/x64/lib/python3.12/site-packages/urllib3/connectionpool.py:1103: InsecureRequestWarning: Unverified HTTPS request is being made to host 'randomuser.me'. Adding certificate verification is strongly advised. See: https://urllib3.readthedocs.io/en/latest/advanced-usage.html#tls-warnings
  warnings.warn(</msg>
<msg time="2024-05-18T20:14:56.015073" level="INFO">${response} = &lt;Response [200]&gt;</msg>
<var>${response}</var>
<arg>consultarAPI</arg>
<arg>/api</arg>
<doc>Sends a GET request on a previously created HTTP Session.</doc>
<status status="PASS" start="2024-05-18T20:14:55.853262" elapsed="0.161853"/>
</kw>
<kw name="Should Be Equal As Numbers" owner="BuiltIn">
<msg time="2024-05-18T20:14:56.016497" level="INFO">Argument types are:
&lt;class 'int'&gt;
&lt;class 'str'&gt;</msg>
<arg>${response.status_code}</arg>
<arg>200</arg>
<doc>Fails if objects are unequal after converting them to real numbers.</doc>
<status status="PASS" start="2024-05-18T20:14:56.015860" elapsed="0.000730"/>
</kw>
<kw name="Log" owner="BuiltIn">
<msg time="2024-05-18T20:14:56.017634" level="INFO">200</msg>
<arg>${response.status_code}</arg>
<doc>Logs the given message with the given level.</doc>
<status status="PASS" start="2024-05-18T20:14:56.017111" elapsed="0.000589"/>
</kw>
<kw name="Set Variable" owner="BuiltIn">
<msg time="2024-05-18T20:14:56.018820" level="INFO">${json_data} = {'results': [{'gender': 'male', 'name': {'title': 'Mr', 'first': 'Uilian', 'last': 'Aragão'}, 'location': {'street': {'number': 7305, 'name': 'Rua Primeiro de Maio '}, 'city': 'Curitiba', 'state': 'Am...</msg>
<var>${json_data}</var>
<arg>${response.json()}</arg>
<doc>Returns the given values which can then be assigned to a variables.</doc>
<status status="PASS" start="2024-05-18T20:14:56.018151" elapsed="0.000729"/>
</kw>
<kw name="Dictionary Should Contain Key" owner="Collections">
<msg time="2024-05-18T20:14:56.019596" level="INFO">False</msg>
<arg>${json_data}</arg>
<arg>results</arg>
<doc>Fails if ``key`` is not found from ``dictionary``.</doc>
<status status="PASS" start="2024-05-18T20:14:56.019341" elapsed="0.000321"/>
</kw>
<status status="PASS" start="2024-05-18T20:14:55.852959" elapsed="0.167095"/>
</kw>
<doc>Testa se a API responde corretamente e retorna um objeto JSON válido.</doc>
<tag>testeRequisicaoBasica</tag>
<status status="PASS" start="2024-05-18T20:14:55.852457" elapsed="0.167901"/>
</test>
<test id="s1-s1-t3" name="Validar estrutura de resposta" line="22">
<kw name="Teste de Estrutura de Resposta" owner="random-user-service">
<kw name="GET On Session" owner="RequestsLibrary">
<msg time="2024-05-18T20:14:56.125731" level="INFO">GET Request : url=https://randomuser.me/api 
 path_url=/api 
 headers={'User-Agent': 'python-requests/2.31.0', 'Accept-Encoding': 'gzip, deflate', 'Accept': '*/*', 'Connection': 'keep-alive'} 
 body=None 
 </msg>
<msg time="2024-05-18T20:14:56.125826" level="INFO">GET Response : url=https://randomuser.me/api 
 status=200, reason=OK 
 headers={'Date': 'Sat, 18 May 2024 20:14:56 GMT', 'Content-Type': 'application/json; charset=utf-8', 'Transfer-Encoding': 'chunked', 'Connection': 'keep-alive', 'X-Powered-By': 'Express', 'Access-Control-Allow-Origin': '*', 'Cache-Control': 'no-cache', 'ETag': 'W/"497-xZ0Y2UI1cdLuVmN9dcMr9jg8c1w"', 'Vary': 'Accept-Encoding', 'Content-Encoding': 'gzip', 'CF-Cache-Status': 'DYNAMIC', 'Report-To': '{"endpoints":[{"url":"https:\\/\\/a.nel.cloudflare.com\\/report\\/v4?s=zyIthleZ9DZ5MR0AlNkOFrklWMdslNI7sHKouRjadVEGPTHuda6VbaT9o76wS2%2F5o%2BEHxGp%2F7UrFYbZzoBrgXJ2mwdDLMg%2FwIb12%2FQuEx6zUl86qgK2PLpDd%2FbjMZGaZ"}],"group":"cf-nel","max_age":604800}', 'NEL': '{"success_fraction":0,"report_to":"cf-nel","max_age":604800}', 'Server': 'cloudflare', 'CF-RAY': '885e8430395e2f3a-LAX', 'alt-svc': 'h3=":443"; ma=86400'} 
 body={"results":[{"gender":"male","name":{"title":"Mr","first":"Juho","last":"Peura"},"location":{"street":{"number":2684,"name":"Nordenskiöldinkatu"},"city":"Pyhäntä","state":"Tavastia Proper","country":"Finland","postcode":86849,"coordinates":{"latitude":"-26.8219","longitude":"-111.5028"},"timezone":{"offset":"-1:00","description":"Azores, Cape Verde Islands"}},"email":"juho.peura@example.com","login":{"uuid":"6b647bed-572d-4f44-95f1-96ee9ecdca74","username":"yellowbutterfly659","password":"floppy","salt":"uCi37rqZ","md5":"0d9770ab76debce0daf31ade0492ebaa","sha1":"4f6481c770a69e60a33fe0c73a91d503722d566e","sha256":"bc1678432712b965f8c610acac07da23fe16366f56300a31cad7c588e7dbe9ab"},"dob":{"date":"1968-04-28T03:41:14.371Z","age":56},"registered":{"date":"2019-12-14T07:34:05.589Z","age":4},"phone":"06-988-864","cell":"042-412-87-63","id":{"name":"HETU","value":"NaNNA371undefined"},"picture":{"large":"https://randomuser.me/api/portraits/men/91.jpg","medium":"https://randomuser.me/api/portraits/med/men/91.jpg","thumbnail":"https://randomuser.me/api/portraits/thumb/men/91.jpg"},"nat":"FI"}],"info":{"seed":"239862849411a2e9","results":1,"page":1,"version":"1.4"}} 
 </msg>
<msg time="2024-05-18T20:14:56.125957" level="INFO">/opt/hostedtoolcache/Python/3.12.3/x64/lib/python3.12/site-packages/urllib3/connectionpool.py:1103: InsecureRequestWarning: Unverified HTTPS request is being made to host 'randomuser.me'. Adding certificate verification is strongly advised. See: https://urllib3.readthedocs.io/en/latest/advanced-usage.html#tls-warnings
  warnings.warn(</msg>
<msg time="2024-05-18T20:14:56.126070" level="INFO">${response} = &lt;Response [200]&gt;</msg>
<var>${response}</var>
<arg>consultarAPI</arg>
<arg>/api</arg>
<doc>Sends a GET request on a previously created HTTP Session.</doc>
<status status="PASS" start="2024-05-18T20:14:56.024746" elapsed="0.101359"/>
</kw>
<kw name="Set Variable" owner="BuiltIn">
<msg time="2024-05-18T20:14:56.127025" level="INFO">${json_data} = {'results': [{'gender': 'male', 'name': {'title': 'Mr', 'first': 'Juho', 'last': 'Peura'}, 'location': {'street': {'number': 2684, 'name': 'Nordenskiöldinkatu'}, 'city': 'Pyhäntä', 'state': 'Tavastia ...</msg>
<var>${json_data}</var>
<arg>${response.json()}</arg>
<doc>Returns the given values which can then be assigned to a variables.</doc>
<status status="PASS" start="2024-05-18T20:14:56.126540" elapsed="0.000514"/>
</kw>
<kw name="Log" owner="BuiltIn">
<msg time="2024-05-18T20:14:56.127518" level="INFO">{'results': [{'gender': 'male', 'name': {'title': 'Mr', 'first': 'Juho', 'last': 'Peura'}, 'location': {'street': {'number': 2684, 'name': 'Nordenskiöldinkatu'}, 'city': 'Pyhäntä', 'state': 'Tavastia Proper', 'country': 'Finland', 'postcode': 86849, 'coordinates': {'latitude': '-26.8219', 'longitude': '-111.5028'}, 'timezone': {'offset': '-1:00', 'description': 'Azores, Cape Verde Islands'}}, 'email': 'juho.peura@example.com', 'login': {'uuid': '6b647bed-572d-4f44-95f1-96ee9ecdca74', 'username': 'yellowbutterfly659', 'password': 'floppy', 'salt': 'uCi37rqZ', 'md5': '0d9770ab76debce0daf31ade0492ebaa', 'sha1': '4f6481c770a69e60a33fe0c73a91d503722d566e', 'sha256': 'bc1678432712b965f8c610acac07da23fe16366f56300a31cad7c588e7dbe9ab'}, 'dob': {'date': '1968-04-28T03:41:14.371Z', 'age': 56}, 'registered': {'date': '2019-12-14T07:34:05.589Z', 'age': 4}, 'phone': '06-988-864', 'cell': '042-412-87-63', 'id': {'name': 'HETU', 'value': 'NaNNA371undefined'}, 'picture': {'large': 'https://randomuser.me/api/portraits/men/91.jpg', 'medium': 'https://randomuser.me/api/portraits/med/men/91.jpg', 'thumbnail': 'https://randomuser.me/api/portraits/thumb/men/91.jpg'}, 'nat': 'FI'}], 'info': {'seed': '239862849411a2e9', 'results': 1, 'page': 1, 'version': '1.4'}}</msg>
<arg>${json_data}</arg>
<doc>Logs the given message with the given level.</doc>
<status status="PASS" start="2024-05-18T20:14:56.127359" elapsed="0.000207"/>
</kw>
<kw name="Dictionary Should Contain Key" owner="Collections">
<msg time="2024-05-18T20:14:56.128017" level="INFO">False</msg>
<arg>${json_data}</arg>
<arg>results</arg>
<doc>Fails if ``key`` is not found from ``dictionary``.</doc>
<status status="PASS" start="2024-05-18T20:14:56.127859" elapsed="0.000193"/>
</kw>
<kw name="Should Not Be Empty" owner="BuiltIn">
<msg time="2024-05-18T20:14:56.128486" level="INFO">Length is 2.</msg>
<arg>${json_data}</arg>
<doc>Verifies that the given item is not empty.</doc>
<status status="PASS" start="2024-05-18T20:14:56.128355" elapsed="0.000324"/>
</kw>
<kw name="Create List" owner="BuiltIn">
<msg time="2024-05-18T20:14:56.129151" level="INFO">${expected_keys} = ['gender', 'name', 'location', 'email', 'login']</msg>
<var>${expected_keys}</var>
<arg>gender</arg>
<arg>name</arg>
<arg>location</arg>
<arg>email</arg>
<arg>login</arg>
<doc>Returns a list containing given items.</doc>
<status status="PASS" start="2024-05-18T20:14:56.128973" elapsed="0.000210"/>
</kw>
<for flavor="IN">
<iter>
<kw name="Dictionary Should Contain Key" owner="Collections">
<msg time="2024-05-18T20:14:56.130169" level="INFO">False</msg>
<arg>${json_data['results'][0]}</arg>
<arg>${key}</arg>
<doc>Fails if ``key`` is not found from ``dictionary``.</doc>
<status status="PASS" start="2024-05-18T20:14:56.129771" elapsed="0.000436"/>
</kw>
<kw name="Log" owner="BuiltIn">
<msg time="2024-05-18T20:14:56.130859" level="INFO">{'gender': 'male', 'name': {'title': 'Mr', 'first': 'Juho', 'last': 'Peura'}, 'location': {'street': {'number': 2684, 'name': 'Nordenskiöldinkatu'}, 'city': 'Pyhäntä', 'state': 'Tavastia Proper', 'country': 'Finland', 'postcode': 86849, 'coordinates': {'latitude': '-26.8219', 'longitude': '-111.5028'}, 'timezone': {'offset': '-1:00', 'description': 'Azores, Cape Verde Islands'}}, 'email': 'juho.peura@example.com', 'login': {'uuid': '6b647bed-572d-4f44-95f1-96ee9ecdca74', 'username': 'yellowbutterfly659', 'password': 'floppy', 'salt': 'uCi37rqZ', 'md5': '0d9770ab76debce0daf31ade0492ebaa', 'sha1': '4f6481c770a69e60a33fe0c73a91d503722d566e', 'sha256': 'bc1678432712b965f8c610acac07da23fe16366f56300a31cad7c588e7dbe9ab'}, 'dob': {'date': '1968-04-28T03:41:14.371Z', 'age': 56}, 'registered': {'date': '2019-12-14T07:34:05.589Z', 'age': 4}, 'phone': '06-988-864', 'cell': '042-412-87-63', 'id': {'name': 'HETU', 'value': 'NaNNA371undefined'}, 'picture': {'large': 'https://randomuser.me/api/portraits/men/91.jpg', 'medium': 'https://randomuser.me/api/portraits/med/men/91.jpg', 'thumbnail': 'https://randomuser.me/api/portraits/thumb/men/91.jpg'}, 'nat': 'FI'}</msg>
<arg>${json_data['results'][0]}</arg>
<doc>Logs the given message with the given level.</doc>
<status status="PASS" start="2024-05-18T20:14:56.130502" elapsed="0.000407"/>
</kw>
<kw name="Log" owner="BuiltIn">
<msg time="2024-05-18T20:14:56.131336" level="INFO">gender</msg>
<arg>${key}</arg>
<doc>Logs the given message with the given level.</doc>
<status status="PASS" start="2024-05-18T20:14:56.131209" elapsed="0.000163"/>
</kw>
<var name="${key}">gender</var>
<status status="PASS" start="2024-05-18T20:14:56.129646" elapsed="0.001938"/>
</iter>
<iter>
<kw name="Dictionary Should Contain Key" owner="Collections">
<msg time="2024-05-18T20:14:56.132257" level="INFO">False</msg>
<arg>${json_data['results'][0]}</arg>
<arg>${key}</arg>
<doc>Fails if ``key`` is not found from ``dictionary``.</doc>
<status status="PASS" start="2024-05-18T20:14:56.131882" elapsed="0.000412"/>
</kw>
<kw name="Log" owner="BuiltIn">
<msg time="2024-05-18T20:14:56.132980" level="INFO">{'gender': 'male', 'name': {'title': 'Mr', 'first': 'Juho', 'last': 'Peura'}, 'location': {'street': {'number': 2684, 'name': 'Nordenskiöldinkatu'}, 'city': 'Pyhäntä', 'state': 'Tavastia Proper', 'country': 'Finland', 'postcode': 86849, 'coordinates': {'latitude': '-26.8219', 'longitude': '-111.5028'}, 'timezone': {'offset': '-1:00', 'description': 'Azores, Cape Verde Islands'}}, 'email': 'juho.peura@example.com', 'login': {'uuid': '6b647bed-572d-4f44-95f1-96ee9ecdca74', 'username': 'yellowbutterfly659', 'password': 'floppy', 'salt': 'uCi37rqZ', 'md5': '0d9770ab76debce0daf31ade0492ebaa', 'sha1': '4f6481c770a69e60a33fe0c73a91d503722d566e', 'sha256': 'bc1678432712b965f8c610acac07da23fe16366f56300a31cad7c588e7dbe9ab'}, 'dob': {'date': '1968-04-28T03:41:14.371Z', 'age': 56}, 'registered': {'date': '2019-12-14T07:34:05.589Z', 'age': 4}, 'phone': '06-988-864', 'cell': '042-412-87-63', 'id': {'name': 'HETU', 'value': 'NaNNA371undefined'}, 'picture': {'large': 'https://randomuser.me/api/portraits/men/91.jpg', 'medium': 'https://randomuser.me/api/portraits/med/men/91.jpg', 'thumbnail': 'https://randomuser.me/api/portraits/thumb/men/91.jpg'}, 'nat': 'FI'}</msg>
<arg>${json_data['results'][0]}</arg>
<doc>Logs the given message with the given level.</doc>
<status status="PASS" start="2024-05-18T20:14:56.132617" elapsed="0.000412"/>
</kw>
<kw name="Log" owner="BuiltIn">
<msg time="2024-05-18T20:14:56.133489" level="INFO">name</msg>
<arg>${key}</arg>
<doc>Logs the given message with the given level.</doc>
<status status="PASS" start="2024-05-18T20:14:56.133363" elapsed="0.000164"/>
</kw>
<var name="${key}">name</var>
<status status="PASS" start="2024-05-18T20:14:56.131767" elapsed="0.001975"/>
</iter>
<iter>
<kw name="Dictionary Should Contain Key" owner="Collections">
<msg time="2024-05-18T20:14:56.134405" level="INFO">False</msg>
<arg>${json_data['results'][0]}</arg>
<arg>${key}</arg>
<doc>Fails if ``key`` is not found from ``dictionary``.</doc>
<status status="PASS" start="2024-05-18T20:14:56.134028" elapsed="0.000414"/>
</kw>
<kw name="Log" owner="BuiltIn">
<msg time="2024-05-18T20:14:56.135094" level="INFO">{'gender': 'male', 'name': {'title': 'Mr', 'first': 'Juho', 'last': 'Peura'}, 'location': {'street': {'number': 2684, 'name': 'Nordenskiöldinkatu'}, 'city': 'Pyhäntä', 'state': 'Tavastia Proper', 'country': 'Finland', 'postcode': 86849, 'coordinates': {'latitude': '-26.8219', 'longitude': '-111.5028'}, 'timezone': {'offset': '-1:00', 'description': 'Azores, Cape Verde Islands'}}, 'email': 'juho.peura@example.com', 'login': {'uuid': '6b647bed-572d-4f44-95f1-96ee9ecdca74', 'username': 'yellowbutterfly659', 'password': 'floppy', 'salt': 'uCi37rqZ', 'md5': '0d9770ab76debce0daf31ade0492ebaa', 'sha1': '4f6481c770a69e60a33fe0c73a91d503722d566e', 'sha256': 'bc1678432712b965f8c610acac07da23fe16366f56300a31cad7c588e7dbe9ab'}, 'dob': {'date': '1968-04-28T03:41:14.371Z', 'age': 56}, 'registered': {'date': '2019-12-14T07:34:05.589Z', 'age': 4}, 'phone': '06-988-864', 'cell': '042-412-87-63', 'id': {'name': 'HETU', 'value': 'NaNNA371undefined'}, 'picture': {'large': 'https://randomuser.me/api/portraits/men/91.jpg', 'medium': 'https://randomuser.me/api/portraits/med/men/91.jpg', 'thumbnail': 'https://randomuser.me/api/portraits/thumb/men/91.jpg'}, 'nat': 'FI'}</msg>
<arg>${json_data['results'][0]}</arg>
<doc>Logs the given message with the given level.</doc>
<status status="PASS" start="2024-05-18T20:14:56.134739" elapsed="0.000405"/>
</kw>
<kw name="Log" owner="BuiltIn">
<msg time="2024-05-18T20:14:56.135564" level="INFO">location</msg>
<arg>${key}</arg>
<doc>Logs the given message with the given level.</doc>
<status status="PASS" start="2024-05-18T20:14:56.135440" elapsed="0.000162"/>
</kw>
<var name="${key}">location</var>
<status status="PASS" start="2024-05-18T20:14:56.133918" elapsed="0.001896"/>
</iter>
<iter>
<kw name="Dictionary Should Contain Key" owner="Collections">
<msg time="2024-05-18T20:14:56.136469" level="INFO">False</msg>
<arg>${json_data['results'][0]}</arg>
<arg>${key}</arg>
<doc>Fails if ``key`` is not found from ``dictionary``.</doc>
<status status="PASS" start="2024-05-18T20:14:56.136091" elapsed="0.000414"/>
</kw>
<kw name="Log" owner="BuiltIn">
<msg time="2024-05-18T20:14:56.137191" level="INFO">{'gender': 'male', 'name': {'title': 'Mr', 'first': 'Juho', 'last': 'Peura'}, 'location': {'street': {'number': 2684, 'name': 'Nordenskiöldinkatu'}, 'city': 'Pyhäntä', 'state': 'Tavastia Proper', 'country': 'Finland', 'postcode': 86849, 'coordinates': {'latitude': '-26.8219', 'longitude': '-111.5028'}, 'timezone': {'offset': '-1:00', 'description': 'Azores, Cape Verde Islands'}}, 'email': 'juho.peura@example.com', 'login': {'uuid': '6b647bed-572d-4f44-95f1-96ee9ecdca74', 'username': 'yellowbutterfly659', 'password': 'floppy', 'salt': 'uCi37rqZ', 'md5': '0d9770ab76debce0daf31ade0492ebaa', 'sha1': '4f6481c770a69e60a33fe0c73a91d503722d566e', 'sha256': 'bc1678432712b965f8c610acac07da23fe16366f56300a31cad7c588e7dbe9ab'}, 'dob': {'date': '1968-04-28T03:41:14.371Z', 'age': 56}, 'registered': {'date': '2019-12-14T07:34:05.589Z', 'age': 4}, 'phone': '06-988-864', 'cell': '042-412-87-63', 'id': {'name': 'HETU', 'value': 'NaNNA371undefined'}, 'picture': {'large': 'https://randomuser.me/api/portraits/men/91.jpg', 'medium': 'https://randomuser.me/api/portraits/med/men/91.jpg', 'thumbnail': 'https://randomuser.me/api/portraits/thumb/men/91.jpg'}, 'nat': 'FI'}</msg>
<arg>${json_data['results'][0]}</arg>
<doc>Logs the given message with the given level.</doc>
<status status="PASS" start="2024-05-18T20:14:56.136799" elapsed="0.000453"/>
</kw>
<kw name="Log" owner="BuiltIn">
<msg time="2024-05-18T20:14:56.137670" level="INFO">email</msg>
<arg>${key}</arg>
<doc>Logs the given message with the given level.</doc>
<status status="PASS" start="2024-05-18T20:14:56.137546" elapsed="0.000161"/>
</kw>
<var name="${key}">email</var>
<status status="PASS" start="2024-05-18T20:14:56.135981" elapsed="0.001936"/>
</iter>
<iter>
<kw name="Dictionary Should Contain Key" owner="Collections">
<msg time="2024-05-18T20:14:56.138583" level="INFO">False</msg>
<arg>${json_data['results'][0]}</arg>
<arg>${key}</arg>
<doc>Fails if ``key`` is not found from ``dictionary``.</doc>
<status status="PASS" start="2024-05-18T20:14:56.138194" elapsed="0.000426"/>
</kw>
<kw name="Log" owner="BuiltIn">
<msg time="2024-05-18T20:14:56.139270" level="INFO">{'gender': 'male', 'name': {'title': 'Mr', 'first': 'Juho', 'last': 'Peura'}, 'location': {'street': {'number': 2684, 'name': 'Nordenskiöldinkatu'}, 'city': 'Pyhäntä', 'state': 'Tavastia Proper', 'country': 'Finland', 'postcode': 86849, 'coordinates': {'latitude': '-26.8219', 'longitude': '-111.5028'}, 'timezone': {'offset': '-1:00', 'description': 'Azores, Cape Verde Islands'}}, 'email': 'juho.peura@example.com', 'login': {'uuid': '6b647bed-572d-4f44-95f1-96ee9ecdca74', 'username': 'yellowbutterfly659', 'password': 'floppy', 'salt': 'uCi37rqZ', 'md5': '0d9770ab76debce0daf31ade0492ebaa', 'sha1': '4f6481c770a69e60a33fe0c73a91d503722d566e', 'sha256': 'bc1678432712b965f8c610acac07da23fe16366f56300a31cad7c588e7dbe9ab'}, 'dob': {'date': '1968-04-28T03:41:14.371Z', 'age': 56}, 'registered': {'date': '2019-12-14T07:34:05.589Z', 'age': 4}, 'phone': '06-988-864', 'cell': '042-412-87-63', 'id': {'name': 'HETU', 'value': 'NaNNA371undefined'}, 'picture': {'large': 'https://randomuser.me/api/portraits/men/91.jpg', 'medium': 'https://randomuser.me/api/portraits/med/men/91.jpg', 'thumbnail': 'https://randomuser.me/api/portraits/thumb/men/91.jpg'}, 'nat': 'FI'}</msg>
<arg>${json_data['results'][0]}</arg>
<doc>Logs the given message with the given level.</doc>
<status status="PASS" start="2024-05-18T20:14:56.138912" elapsed="0.000406"/>
</kw>
<kw name="Log" owner="BuiltIn">
<msg time="2024-05-18T20:14:56.139734" level="INFO">login</msg>
<arg>${key}</arg>
<doc>Logs the given message with the given level.</doc>
<status status="PASS" start="2024-05-18T20:14:56.139611" elapsed="0.000159"/>
</kw>
<var name="${key}">login</var>
<status status="PASS" start="2024-05-18T20:14:56.138084" elapsed="0.001927"/>
</iter>
<var>${key}</var>
<value>@{expected_keys}</value>
<status status="PASS" start="2024-05-18T20:14:56.129448" elapsed="0.010684"/>
</for>
<kw name="Create List" owner="BuiltIn">
<msg time="2024-05-18T20:14:56.140456" level="INFO">${expected_keysTwo} = ['username', 'password']</msg>
<var>${expected_keysTwo}</var>
<arg>username</arg>
<arg>password</arg>
<doc>Returns a list containing given items.</doc>
<status status="PASS" start="2024-05-18T20:14:56.140323" elapsed="0.000155"/>
</kw>
<for flavor="IN">
<iter>
<kw name="Dictionary Should Contain Key" owner="Collections">
<msg time="2024-05-18T20:14:56.141373" level="INFO">False</msg>
<arg>${json_data['results'][0]['login']}</arg>
<arg>${keyTwo}</arg>
<doc>Fails if ``key`` is not found from ``dictionary``.</doc>
<status status="PASS" start="2024-05-18T20:14:56.140968" elapsed="0.000441"/>
</kw>
<kw name="Dictionary Should Contain Key" owner="Collections">
<msg time="2024-05-18T20:14:56.142088" level="INFO">False</msg>
<arg>${json_data['results'][0]['login']}</arg>
<arg>${keyTwo}</arg>
<doc>Fails if ``key`` is not found from ``dictionary``.</doc>
<status status="PASS" start="2024-05-18T20:14:56.141703" elapsed="0.000422"/>
</kw>
<kw name="Log" owner="BuiltIn">
<msg time="2024-05-18T20:14:56.142536" level="INFO">username</msg>
<arg>${keyTwo}</arg>
<doc>Logs the given message with the given level.</doc>
<status status="PASS" start="2024-05-18T20:14:56.142412" elapsed="0.000165"/>
</kw>
<var name="${keyTwo}">username</var>
<status status="PASS" start="2024-05-18T20:14:56.140862" elapsed="0.001928"/>
</iter>
<iter>
<kw name="Dictionary Should Contain Key" owner="Collections">
<msg time="2024-05-18T20:14:56.143518" level="INFO">False</msg>
<arg>${json_data['results'][0]['login']}</arg>
<arg>${keyTwo}</arg>
<doc>Fails if ``key`` is not found from ``dictionary``.</doc>
<status status="PASS" start="2024-05-18T20:14:56.143064" elapsed="0.000496"/>
</kw>
<kw name="Dictionary Should Contain Key" owner="Collections">
<msg time="2024-05-18T20:14:56.144236" level="INFO">False</msg>
<arg>${json_data['results'][0]['login']}</arg>
<arg>${keyTwo}</arg>
<doc>Fails if ``key`` is not found from ``dictionary``.</doc>
<status status="PASS" start="2024-05-18T20:14:56.143863" elapsed="0.000408"/>
</kw>
<kw name="Log" owner="BuiltIn">
<msg time="2024-05-18T20:14:56.144681" level="INFO">password</msg>
<arg>${keyTwo}</arg>
<doc>Logs the given message with the given level.</doc>
<status status="PASS" start="2024-05-18T20:14:56.144558" elapsed="0.000158"/>
</kw>
<var name="${keyTwo}">password</var>
<status status="PASS" start="2024-05-18T20:14:56.142956" elapsed="0.001973"/>
</iter>
<var>${keyTwo}</var>
<value>@{expected_keysTwo}</value>
<status status="PASS" start="2024-05-18T20:14:56.140711" elapsed="0.004345"/>
</for>
<status status="PASS" start="2024-05-18T20:14:56.024400" elapsed="0.120820"/>
</kw>
<doc>Testa a estrutura da resposta da API.</doc>
<tag>testeEstruturaResposta</tag>
<status status="PASS" start="2024-05-18T20:14:56.023684" elapsed="0.121695"/>
</test>
<test id="s1-s1-t4" name="Validar tipos de dados" line="28">
<kw name="Teste de Tipos de Dados" owner="random-user-service">
<kw name="GET On Session" owner="RequestsLibrary">
<msg time="2024-05-18T20:14:56.243696" level="INFO">GET Request : url=https://randomuser.me/api 
 path_url=/api 
 headers={'User-Agent': 'python-requests/2.31.0', 'Accept-Encoding': 'gzip, deflate', 'Accept': '*/*', 'Connection': 'keep-alive'} 
 body=None 
 </msg>
<msg time="2024-05-18T20:14:56.243783" level="INFO">GET Response : url=https://randomuser.me/api 
 status=200, reason=OK 
 headers={'Date': 'Sat, 18 May 2024 20:14:56 GMT', 'Content-Type': 'application/json; charset=utf-8', 'Transfer-Encoding': 'chunked', 'Connection': 'keep-alive', 'X-Powered-By': 'Express', 'Access-Control-Allow-Origin': '*', 'Cache-Control': 'no-cache', 'ETag': 'W/"49d-QLila75rJvVKGJGa7yNv3jp1ync"', 'Vary': 'Accept-Encoding', 'Content-Encoding': 'gzip', 'CF-Cache-Status': 'DYNAMIC', 'Report-To': '{"endpoints":[{"url":"https:\\/\\/a.nel.cloudflare.com\\/report\\/v4?s=axflnmSDbRAemhaPYfmbnxdUAHc1LVPgyL%2FptMg6QU3GIzp7SKEDdOH%2BTWG3G80a0wA%2Becm5emkNUJF%2BrNJlrSqfCmbBe7JWgTvVS0N4ZIk7TrrNgs2I%2BG%2B6qML%2FWXqc"}],"group":"cf-nel","max_age":604800}', 'NEL': '{"success_fraction":0,"report_to":"cf-nel","max_age":604800}', 'Server': 'cloudflare', 'CF-RAY': '885e8430fa282f3a-LAX', 'alt-svc': 'h3=":443"; ma=86400'} 
 body={"results":[{"gender":"female","name":{"title":"Mrs","first":"Afşar","last":"Limoncuoğlu"},"location":{"street":{"number":5186,"name":"Kushimoto Sk"},"city":"Aydın","state":"Tunceli","country":"Turkey","postcode":89113,"coordinates":{"latitude":"67.6843","longitude":"26.5872"},"timezone":{"offset":"0:00","description":"Western Europe Time, London, Lisbon, Casablanca"}},"email":"afsar.limoncuoglu@example.com","login":{"uuid":"1977831c-ef95-472c-a033-e211fbe4befe","username":"brownwolf258","password":"cashmone","salt":"8LwCjU4b","md5":"73e1518b5a99319aedef6a1f63bafeaa","sha1":"03acd52cbbe2687fcb2423bdd8efea094a2eefcb","sha256":"c6d05c9c174b46f97ee1361f01f920a7c7c9f496ffd588dfbbbc8336565b2e43"},"dob":{"date":"1948-06-24T16:35:34.120Z","age":75},"registered":{"date":"2004-04-12T05:15:00.152Z","age":20},"phone":"(782)-699-8986","cell":"(540)-424-2771","id":{"name":"","value":null},"picture":{"large":"https://randomuser.me/api/portraits/women/96.jpg","medium":"https://randomuser.me/api/portraits/med/women/96.jpg","thumbnail":"https://randomuser.me/api/portraits/thumb/women/96.jpg"},"nat":"TR"}],"info":{"seed":"770017d91b8b457c","results":1,"page":1,"version":"1.4"}} 
 </msg>
<msg time="2024-05-18T20:14:56.243856" level="INFO">/opt/hostedtoolcache/Python/3.12.3/x64/lib/python3.12/site-packages/urllib3/connectionpool.py:1103: InsecureRequestWarning: Unverified HTTPS request is being made to host 'randomuser.me'. Adding certificate verification is strongly advised. See: https://urllib3.readthedocs.io/en/latest/advanced-usage.html#tls-warnings
  warnings.warn(</msg>
<msg time="2024-05-18T20:14:56.243970" level="INFO">${response} = &lt;Response [200]&gt;</msg>
<var>${response}</var>
<arg>consultarAPI</arg>
<arg>/api</arg>
<doc>Sends a GET request on a previously created HTTP Session.</doc>
<status status="PASS" start="2024-05-18T20:14:56.147769" elapsed="0.096242"/>
</kw>
<kw name="Set Variable" owner="BuiltIn">
<msg time="2024-05-18T20:14:56.245124" level="INFO">${json_data} = {'results': [{'gender': 'female', 'name': {'title': 'Mrs', 'first': 'Afşar', 'last': 'Limoncuoğlu'}, 'location': {'street': {'number': 5186, 'name': 'Kushimoto Sk'}, 'city': 'Aydın', 'state': 'Tunceli...</msg>
<var>${json_data}</var>
<arg>${response.json()}</arg>
<doc>Returns the given values which can then be assigned to a variables.</doc>
<status status="PASS" start="2024-05-18T20:14:56.244535" elapsed="0.000624"/>
</kw>
<kw name="Log" owner="BuiltIn">
<msg time="2024-05-18T20:14:56.245639" level="INFO">{'results': [{'gender': 'female', 'name': {'title': 'Mrs', 'first': 'Afşar', 'last': 'Limoncuoğlu'}, 'location': {'street': {'number': 5186, 'name': 'Kushimoto Sk'}, 'city': 'Aydın', 'state': 'Tunceli', 'country': 'Turkey', 'postcode': 89113, 'coordinates': {'latitude': '67.6843', 'longitude': '26.5872'}, 'timezone': {'offset': '0:00', 'description': 'Western Europe Time, London, Lisbon, Casablanca'}}, 'email': 'afsar.limoncuoglu@example.com', 'login': {'uuid': '1977831c-ef95-472c-a033-e211fbe4befe', 'username': 'brownwolf258', 'password': 'cashmone', 'salt': '8LwCjU4b', 'md5': '73e1518b5a99319aedef6a1f63bafeaa', 'sha1': '03acd52cbbe2687fcb2423bdd8efea094a2eefcb', 'sha256': 'c6d05c9c174b46f97ee1361f01f920a7c7c9f496ffd588dfbbbc8336565b2e43'}, 'dob': {'date': '1948-06-24T16:35:34.120Z', 'age': 75}, 'registered': {'date': '2004-04-12T05:15:00.152Z', 'age': 20}, 'phone': '(782)-699-8986', 'cell': '(540)-424-2771', 'id': {'name': '', 'value': None}, 'picture': {'large': 'https://randomuser.me/api/portraits/women/96.jpg', 'medium': 'https://randomuser.me/api/portraits/med/women/96.jpg', 'thumbnail': 'https://randomuser.me/api/portraits/thumb/women/96.jpg'}, 'nat': 'TR'}], 'info': {'seed': '770017d91b8b457c', 'results': 1, 'page': 1, 'version': '1.4'}}</msg>
<arg>${json_data}</arg>
<doc>Logs the given message with the given level.</doc>
<status status="PASS" start="2024-05-18T20:14:56.245481" elapsed="0.000246"/>
</kw>
<kw name="Should Be String" owner="String">
<arg>${json_data['results'][0]['gender']}</arg>
<doc>Fails if the given ``item`` is not a string.</doc>
<status status="PASS" start="2024-05-18T20:14:56.246032" elapsed="0.000365"/>
</kw>
<kw name="Should Match Regexp" owner="BuiltIn">
<arg>${json_data['results'][0]['email']}</arg>
<arg>^[a-zA-Z0-9._%+-]+@[a-zA-Z0-9.-]+\.[a-zA-Z]{2,}$</arg>
<doc>Fails if ``string`` does not match ``pattern`` as a regular expression.</doc>
<status status="PASS" start="2024-05-18T20:14:56.246593" elapsed="0.000522"/>
</kw>
<kw name="Should Match Regexp" owner="BuiltIn">
<arg>${json_data['results'][0]['dob']['date']}</arg>
<arg>\\d{4}-\\d{2}-\\d{2}T\\d{2}:\\d{2}:\\d{2}\\.\\d{3}Z</arg>
<doc>Fails if ``string`` does not match ``pattern`` as a regular expression.</doc>
<status status="PASS" start="2024-05-18T20:14:56.247314" elapsed="0.000485"/>
</kw>
<kw name="Should Match Regexp" owner="BuiltIn">
<arg>${json_data['results'][0]['registered']['date']}</arg>
<arg>\\d{4}-\\d{2}-\\d{2}T\\d{2}:\\d{2}:\\d{2}\\.\\d{3}Z</arg>
<doc>Fails if ``string`` does not match ``pattern`` as a regular expression.</doc>
<status status="PASS" start="2024-05-18T20:14:56.247991" elapsed="0.000364"/>
</kw>
<kw name="Should Match Regexp" owner="BuiltIn">
<arg>${json_data['results'][0]['picture']['large']}</arg>
<arg>^https?://.*\.(?:png|jpe?g|gif|bmp)$</arg>
<doc>Fails if ``string`` does not match ``pattern`` as a regular expression.</doc>
<status status="PASS" start="2024-05-18T20:14:56.248550" elapsed="0.000459"/>
</kw>
<kw name="Should Match Regexp" owner="BuiltIn">
<arg>${json_data['results'][0]['picture']['medium']}</arg>
<arg>^https?://.*\.(?:png|jpe?g|gif|bmp)$</arg>
<doc>Fails if ``string`` does not match ``pattern`` as a regular expression.</doc>
<status status="PASS" start="2024-05-18T20:14:56.249235" elapsed="0.000363"/>
</kw>
<kw name="Should Match Regexp" owner="BuiltIn">
<arg>${json_data['results'][0]['picture']['thumbnail']}</arg>
<arg>^https?://.*\.(?:png|jpe?g|gif|bmp)$</arg>
<doc>Fails if ``string`` does not match ``pattern`` as a regular expression.</doc>
<status status="PASS" start="2024-05-18T20:14:56.249793" elapsed="0.000350"/>
</kw>
<kw name="Log" owner="BuiltIn">
<msg time="2024-05-18T20:14:56.250653" level="INFO">{'large': 'https://randomuser.me/api/portraits/women/96.jpg', 'medium': 'https://randomuser.me/api/portraits/med/women/96.jpg', 'thumbnail': 'https://randomuser.me/api/portraits/thumb/women/96.jpg'}</msg>
<arg>${json_data['results'][0]['picture']}</arg>
<doc>Logs the given message with the given level.</doc>
<status status="PASS" start="2024-05-18T20:14:56.250327" elapsed="0.000368"/>
</kw>
<status status="PASS" start="2024-05-18T20:14:56.147534" elapsed="0.103419"/>
</kw>
<kw name="Teste de Tipos de Dados - Postcode" owner="random-user-service">
<kw name="GET On Session" owner="RequestsLibrary">
<msg time="2024-05-18T20:14:56.365563" level="INFO">GET Request : url=https://randomuser.me/api 
 path_url=/api 
 headers={'User-Agent': 'python-requests/2.31.0', 'Accept-Encoding': 'gzip, deflate', 'Accept': '*/*', 'Connection': 'keep-alive'} 
 body=None 
 </msg>
<msg time="2024-05-18T20:14:56.365648" level="INFO">GET Response : url=https://randomuser.me/api 
 status=200, reason=OK 
 headers={'Date': 'Sat, 18 May 2024 20:14:56 GMT', 'Content-Type': 'application/json; charset=utf-8', 'Transfer-Encoding': 'chunked', 'Connection': 'keep-alive', 'X-Powered-By': 'Express', 'Access-Control-Allow-Origin': '*', 'Cache-Control': 'no-cache', 'ETag': 'W/"4c2-shdCq0lCD367NN3/GjOgm651r14"', 'Vary': 'Accept-Encoding', 'Content-Encoding': 'gzip', 'CF-Cache-Status': 'DYNAMIC', 'Report-To': '{"endpoints":[{"url":"https:\\/\\/a.nel.cloudflare.com\\/report\\/v4?s=03mvODSxoJgF900733xg58%2Bh5iKxZlcbRUFrCABkHVxyU1Z2%2FPFP6BB0h2TUSLg3ssN8DAK6Np9sEYeIQcIsarDzNdKgSENFadgF2n3MtxW3UOuv21PJMGRgQAWDBpQC"}],"group":"cf-nel","max_age":604800}', 'NEL': '{"success_fraction":0,"report_to":"cf-nel","max_age":604800}', 'Server': 'cloudflare', 'CF-RAY': '885e84319ad12f3a-LAX', 'alt-svc': 'h3=":443"; ma=86400'} 
 body={"results":[{"gender":"female","name":{"title":"Mademoiselle","first":"Martha","last":"Mercier"},"location":{"street":{"number":3555,"name":"Rue de la Baleine"},"city":"Kesswil","state":"Appenzell Ausserrhoden","country":"Switzerland","postcode":2517,"coordinates":{"latitude":"-60.0251","longitude":"74.5396"},"timezone":{"offset":"+10:00","description":"Eastern Australia, Guam, Vladivostok"}},"email":"martha.mercier@example.com","login":{"uuid":"aa4f5a70-e72d-4e6f-a9f9-bf86d527cc1f","username":"organicpeacock954","password":"wearing","salt":"Cj14y74J","md5":"e46f0015d4ef67b25bd14e2f5965c4d3","sha1":"9d9a1bd660d6a4063e32e25d413b6a32dbcae369","sha256":"549a170593879973caa02e21ac9b56858ef6c982d39af199b9df29780c2fb6a3"},"dob":{"date":"1976-06-02T01:02:20.150Z","age":47},"registered":{"date":"2010-04-05T02:59:57.120Z","age":14},"phone":"077 771 95 29","cell":"075 820 51 59","id":{"name":"AVS","value":"756.0774.3061.41"},"picture":{"large":"https://randomuser.me/api/portraits/women/79.jpg","medium":"https://randomuser.me/api/portraits/med/women/79.jpg","thumbnail":"https://randomuser.me/api/portraits/thumb/women/79.jpg"},"nat":"CH"}],"info":{"seed":"830e9a669d651de8","results":1,"page":1,"version":"1.4"}} 
 </msg>
<msg time="2024-05-18T20:14:56.365711" level="INFO">/opt/hostedtoolcache/Python/3.12.3/x64/lib/python3.12/site-packages/urllib3/connectionpool.py:1103: InsecureRequestWarning: Unverified HTTPS request is being made to host 'randomuser.me'. Adding certificate verification is strongly advised. See: https://urllib3.readthedocs.io/en/latest/advanced-usage.html#tls-warnings
  warnings.warn(</msg>
<msg time="2024-05-18T20:14:56.365827" level="INFO">${response} = &lt;Response [200]&gt;</msg>
<var>${response}</var>
<arg>consultarAPI</arg>
<arg>/api</arg>
<doc>Sends a GET request on a previously created HTTP Session.</doc>
<status status="PASS" start="2024-05-18T20:14:56.251421" elapsed="0.114442"/>
</kw>
<kw name="Set Variable" owner="BuiltIn">
<msg time="2024-05-18T20:14:56.366945" level="INFO">${json_data} = {'results': [{'gender': 'female', 'name': {'title': 'Mademoiselle', 'first': 'Martha', 'last': 'Mercier'}, 'location': {'street': {'number': 3555, 'name': 'Rue de la Baleine'}, 'city': 'Kesswil', 'sta...</msg>
<var>${json_data}</var>
<arg>${response.json()}</arg>
<doc>Returns the given values which can then be assigned to a variables.</doc>
<status status="PASS" start="2024-05-18T20:14:56.366411" elapsed="0.000563"/>
</kw>
<kw name="Log" owner="BuiltIn">
<msg time="2024-05-18T20:14:56.367438" level="INFO">{'results': [{'gender': 'female', 'name': {'title': 'Mademoiselle', 'first': 'Martha', 'last': 'Mercier'}, 'location': {'street': {'number': 3555, 'name': 'Rue de la Baleine'}, 'city': 'Kesswil', 'state': 'Appenzell Ausserrhoden', 'country': 'Switzerland', 'postcode': 2517, 'coordinates': {'latitude': '-60.0251', 'longitude': '74.5396'}, 'timezone': {'offset': '+10:00', 'description': 'Eastern Australia, Guam, Vladivostok'}}, 'email': 'martha.mercier@example.com', 'login': {'uuid': 'aa4f5a70-e72d-4e6f-a9f9-bf86d527cc1f', 'username': 'organicpeacock954', 'password': 'wearing', 'salt': 'Cj14y74J', 'md5': 'e46f0015d4ef67b25bd14e2f5965c4d3', 'sha1': '9d9a1bd660d6a4063e32e25d413b6a32dbcae369', 'sha256': '549a170593879973caa02e21ac9b56858ef6c982d39af199b9df29780c2fb6a3'}, 'dob': {'date': '1976-06-02T01:02:20.150Z', 'age': 47}, 'registered': {'date': '2010-04-05T02:59:57.120Z', 'age': 14}, 'phone': '077 771 95 29', 'cell': '075 820 51 59', 'id': {'name': 'AVS', 'value': '756.0774.3061.41'}, 'picture': {'large': 'https://randomuser.me/api/portraits/women/79.jpg', 'medium': 'https://randomuser.me/api/portraits/med/women/79.jpg', 'thumbnail': 'https://randomuser.me/api/portraits/thumb/women/79.jpg'}, 'nat': 'CH'}], 'info': {'seed': '830e9a669d651de8', 'results': 1, 'page': 1, 'version': '1.4'}}</msg>
<arg>${json_data}</arg>
<doc>Logs the given message with the given level.</doc>
<status status="PASS" start="2024-05-18T20:14:56.367285" elapsed="0.000235"/>
</kw>
<kw name="Should Be Equal As Numbers" owner="BuiltIn">
<arg>${json_data['results'][0]['location']['postcode']}</arg>
<arg>${json_data['results'][0]['location']['postcode']}</arg>
<doc>Fails if objects are unequal after converting them to real numbers.</doc>
<status status="PASS" start="2024-05-18T20:14:56.367991" elapsed="0.000620"/>
</kw>
<kw name="Log" owner="BuiltIn">
<msg time="2024-05-18T20:14:56.369174" level="INFO">2517</msg>
<arg>${json_data['results'][0]['location']['postcode']}</arg>
<doc>Logs the given message with the given level.</doc>
<status status="PASS" start="2024-05-18T20:14:56.368805" elapsed="0.000420"/>
</kw>
<status status="PASS" start="2024-05-18T20:14:56.251182" elapsed="0.118302"/>
</kw>
<doc>Testa se os tipos de dados na resposta da API estão corretos.</doc>
<tag>testeTiposDados</tag>
<status status="PASS" start="2024-05-18T20:14:56.147092" elapsed="0.222557"/>
</test>
<test id="s1-s1-t5" name="Validar conteudo" line="35">
<kw name="Teste de Tipos de Conteudo" owner="random-user-service">
<kw name="GET On Session" owner="RequestsLibrary">
<msg time="2024-05-18T20:14:56.486949" level="INFO">GET Request : url=https://randomuser.me/api 
 path_url=/api 
 headers={'User-Agent': 'python-requests/2.31.0', 'Accept-Encoding': 'gzip, deflate', 'Accept': '*/*', 'Connection': 'keep-alive'} 
 body=None 
 </msg>
<msg time="2024-05-18T20:14:56.487045" level="INFO">GET Response : url=https://randomuser.me/api 
 status=200, reason=OK 
 headers={'Date': 'Sat, 18 May 2024 20:14:56 GMT', 'Content-Type': 'application/json; charset=utf-8', 'Transfer-Encoding': 'chunked', 'Connection': 'keep-alive', 'X-Powered-By': 'Express', 'Access-Control-Allow-Origin': '*', 'Cache-Control': 'no-cache', 'ETag': 'W/"477-WOTbxR6HtcMF1mrI6PeiLBOBs4o"', 'Vary': 'Accept-Encoding', 'Content-Encoding': 'gzip', 'CF-Cache-Status': 'DYNAMIC', 'Report-To': '{"endpoints":[{"url":"https:\\/\\/a.nel.cloudflare.com\\/report\\/v4?s=LIQyvgK6M7pEGJbgCLSwx0AkdWQc5Ocf9vz65DE6TzTIJo0UOhuwlS3B0gF61O9lckq775Zy16AnV2jdLY4NsgyzTYyXLiMtJWUp4PSkoj0exU%2FNZ6KJLIcH4ALCRNyS"}],"group":"cf-nel","max_age":604800}', 'NEL': '{"success_fraction":0,"report_to":"cf-nel","max_age":604800}', 'Server': 'cloudflare', 'CF-RAY': '885e84326b952f3a-LAX', 'alt-svc': 'h3=":443"; ma=86400'} 
 body={"results":[{"gender":"male","name":{"title":"Mr","first":"Bently","last":"Lévesque"},"location":{"street":{"number":6868,"name":"Pine Rd"},"city":"Aylmer","state":"New Brunswick","country":"Canada","postcode":"P4J 6T4","coordinates":{"latitude":"-64.4164","longitude":"-158.6504"},"timezone":{"offset":"+3:30","description":"Tehran"}},"email":"bently.levesque@example.com","login":{"uuid":"299ab04f-d1b3-4e58-824b-d27a10e58c9b","username":"goldenpanda834","password":"browning","salt":"ZhTm5wGH","md5":"82f69c1352af273af6c8d2f1143916a1","sha1":"241a2e781091da926e970b2722526b834e4315ab","sha256":"279d073333bb99d4dddf34e36664f1de303c3ba3108b5e849db848b00ffae765"},"dob":{"date":"1955-01-13T06:49:54.380Z","age":69},"registered":{"date":"2011-08-21T14:54:45.141Z","age":12},"phone":"B09 I57-5639","cell":"M37 I14-3288","id":{"name":"SIN","value":"512344045"},"picture":{"large":"https://randomuser.me/api/portraits/men/67.jpg","medium":"https://randomuser.me/api/portraits/med/men/67.jpg","thumbnail":"https://randomuser.me/api/portraits/thumb/men/67.jpg"},"nat":"CA"}],"info":{"seed":"dbca4a0803ce609f","results":1,"page":1,"version":"1.4"}} 
 </msg>
<msg time="2024-05-18T20:14:56.487112" level="INFO">/opt/hostedtoolcache/Python/3.12.3/x64/lib/python3.12/site-packages/urllib3/connectionpool.py:1103: InsecureRequestWarning: Unverified HTTPS request is being made to host 'randomuser.me'. Adding certificate verification is strongly advised. See: https://urllib3.readthedocs.io/en/latest/advanced-usage.html#tls-warnings
  warnings.warn(</msg>
<msg time="2024-05-18T20:14:56.487235" level="INFO">${response} = &lt;Response [200]&gt;</msg>
<var>${response}</var>
<arg>consultarAPI</arg>
<arg>/api</arg>
<doc>Sends a GET request on a previously created HTTP Session.</doc>
<status status="PASS" start="2024-05-18T20:14:56.372141" elapsed="0.115133"/>
</kw>
<kw name="Set Variable" owner="BuiltIn">
<msg time="2024-05-18T20:14:56.488418" level="INFO">${json_data} = {'results': [{'gender': 'male', 'name': {'title': 'Mr', 'first': 'Bently', 'last': 'Lévesque'}, 'location': {'street': {'number': 6868, 'name': 'Pine Rd'}, 'city': 'Aylmer', 'state': 'New Brunswick', ...</msg>
<var>${json_data}</var>
<arg>${response.json()}</arg>
<doc>Returns the given values which can then be assigned to a variables.</doc>
<status status="PASS" start="2024-05-18T20:14:56.487868" elapsed="0.000580"/>
</kw>
<kw name="Set Variable" owner="BuiltIn">
<msg time="2024-05-18T20:14:56.489196" level="INFO">${name_title} = Mr</msg>
<var>${name_title}</var>
<arg>${json_data["results"][0]["name"]["title"]}</arg>
<doc>Returns the given values which can then be assigned to a variables.</doc>
<status status="PASS" start="2024-05-18T20:14:56.488757" elapsed="0.000466"/>
</kw>
<kw name="Create List" owner="BuiltIn">
<msg time="2024-05-18T20:14:56.489676" level="INFO">${allowed_titles} = ['Mr', 'Ms', 'Miss', 'Mrs', 'Madame', 'Monsieur']</msg>
<var>${allowed_titles}</var>
<arg>Mr</arg>
<arg>Ms</arg>
<arg>Miss</arg>
<arg>Mrs</arg>
<arg>Madame</arg>
<arg>Monsieur</arg>
<doc>Returns a list containing given items.</doc>
<status status="PASS" start="2024-05-18T20:14:56.489527" elapsed="0.000173"/>
</kw>
<kw name="List Should Contain Value" owner="Collections">
<msg time="2024-05-18T20:14:56.490174" level="INFO">False</msg>
<arg>${allowed_titles}</arg>
<arg>${name_title}</arg>
<doc>Fails if the ``value`` is not found from ``list``.</doc>
<status status="PASS" start="2024-05-18T20:14:56.490000" elapsed="0.000210"/>
</kw>
<kw name="Set Variable" owner="BuiltIn">
<msg time="2024-05-18T20:14:56.490874" level="INFO">${name_country} = CA</msg>
<var>${name_country}</var>
<arg>${json_data["results"][0]["nat"]}</arg>
<doc>Returns the given values which can then be assigned to a variables.</doc>
<status status="PASS" start="2024-05-18T20:14:56.490504" elapsed="0.000394"/>
</kw>
<kw name="Create List" owner="BuiltIn">
<msg time="2024-05-18T20:14:56.491804" level="INFO">${list_country} = ['AD', 'AE', 'AF', 'AG', 'AI', 'AL', 'AM', 'AO', 'AQ', 'AR', 'AS', 'AT', 'AU', 'AW', 'AX', 'AZ', 'BA', 'BB', 'BD', 'BE', 'BF', 'BG', 'BH', 'BI', 'BJ', 'BL', 'BM', 'BN', 'BO', 'BQ', 'BR', 'BS', 'BT', '...</msg>
<var>${list_country}</var>
<arg>AD</arg>
<arg>AE</arg>
<arg>AF</arg>
<arg>AG</arg>
<arg>AI</arg>
<arg>AL</arg>
<arg>AM</arg>
<arg>AO</arg>
<arg>AQ</arg>
<arg>AR</arg>
<arg>AS</arg>
<arg>AT</arg>
<arg>AU</arg>
<arg>AW</arg>
<arg>AX</arg>
<arg>AZ</arg>
<arg>BA</arg>
<arg>BB</arg>
<arg>BD</arg>
<arg>BE</arg>
<arg>BF</arg>
<arg>BG</arg>
<arg>BH</arg>
<arg>BI</arg>
<arg>BJ</arg>
<arg>BL</arg>
<arg>BM</arg>
<arg>BN</arg>
<arg>BO</arg>
<arg>BQ</arg>
<arg>BR</arg>
<arg>BS</arg>
<arg>BT</arg>
<arg>BV</arg>
<arg>BW</arg>
<arg>BY</arg>
<arg>BZ</arg>
<arg>CA</arg>
<arg>CC</arg>
<arg>CD</arg>
<arg>CF</arg>
<arg>CG</arg>
<arg>CH</arg>
<arg>CI</arg>
<arg>CK</arg>
<arg>CL</arg>
<arg>CM</arg>
<arg>CN</arg>
<arg>CO</arg>
<arg>CR</arg>
<arg>CU</arg>
<arg>CV</arg>
<arg>CW</arg>
<arg>CX</arg>
<arg>CY</arg>
<arg>CZ</arg>
<arg>DE</arg>
<arg>DJ</arg>
<arg>DK</arg>
<arg>DM</arg>
<arg>DO</arg>
<arg>DZ</arg>
<arg>EC</arg>
<arg>EE</arg>
<arg>EG</arg>
<arg>EH</arg>
<arg>ER</arg>
<arg>ES</arg>
<arg>ET</arg>
<arg>FI</arg>
<arg>FJ</arg>
<arg>FK</arg>
<arg>FM</arg>
<arg>FO</arg>
<arg>FR</arg>
<arg>GA</arg>
<arg>GB</arg>
<arg>GD</arg>
<arg>GE</arg>
<arg>GF</arg>
<arg>GG</arg>
<arg>GH</arg>
<arg>GI</arg>
<arg>GL</arg>
<arg>GM</arg>
<arg>GN</arg>
<arg>GP</arg>
<arg>GQ</arg>
<arg>GR</arg>
<arg>GS</arg>
<arg>GT</arg>
<arg>GU</arg>
<arg>GW</arg>
<arg>GY</arg>
<arg>HK</arg>
<arg>HM</arg>
<arg>HN</arg>
<arg>HR</arg>
<arg>HT</arg>
<arg>HU</arg>
<arg>ID</arg>
<arg>IE</arg>
<arg>IL</arg>
<arg>IM</arg>
<arg>IN</arg>
<arg>IO</arg>
<arg>IQ</arg>
<arg>IR</arg>
<arg>IS</arg>
<arg>IT</arg>
<arg>JE</arg>
<arg>JM</arg>
<arg>JO</arg>
<arg>JP</arg>
<arg>KE</arg>
<arg>KG</arg>
<arg>KH</arg>
<arg>KI</arg>
<arg>KM</arg>
<arg>KN</arg>
<arg>KP</arg>
<arg>KR</arg>
<arg>KW</arg>
<arg>KY</arg>
<arg>KZ</arg>
<arg>LA</arg>
<arg>LB</arg>
<arg>LC</arg>
<arg>LI</arg>
<arg>LK</arg>
<arg>LR</arg>
<arg>LS</arg>
<arg>LT</arg>
<arg>LU</arg>
<arg>LV</arg>
<arg>LY</arg>
<arg>MA</arg>
<arg>MC</arg>
<arg>MD</arg>
<arg>ME</arg>
<arg>MF</arg>
<arg>MG</arg>
<arg>MH</arg>
<arg>MK</arg>
<arg>ML</arg>
<arg>MM</arg>
<arg>MN</arg>
<arg>MO</arg>
<arg>MP</arg>
<arg>MQ</arg>
<arg>MR</arg>
<arg>MS</arg>
<arg>MT</arg>
<arg>MU</arg>
<arg>MV</arg>
<arg>MW</arg>
<arg>MX</arg>
<arg>MY</arg>
<arg>MZ</arg>
<arg>NA</arg>
<arg>NC</arg>
<arg>NE</arg>
<arg>NF</arg>
<arg>NG</arg>
<arg>NI</arg>
<arg>NL</arg>
<arg>NO</arg>
<arg>NP</arg>
<arg>NR</arg>
<arg>NU</arg>
<arg>NZ</arg>
<arg>OM</arg>
<arg>PA</arg>
<arg>PE</arg>
<arg>PF</arg>
<arg>PG</arg>
<arg>PH</arg>
<arg>PK</arg>
<arg>PL</arg>
<arg>PM</arg>
<arg>PN</arg>
<arg>PR</arg>
<arg>PS</arg>
<arg>PT</arg>
<arg>PW</arg>
<arg>PY</arg>
<arg>QA</arg>
<arg>RE</arg>
<arg>RO</arg>
<arg>RS</arg>
<arg>RU</arg>
<arg>RW</arg>
<arg>SA</arg>
<arg>SB</arg>
<arg>SC</arg>
<arg>SD</arg>
<arg>SE</arg>
<arg>SG</arg>
<arg>SH</arg>
<arg>SI</arg>
<arg>SJ</arg>
<arg>SK</arg>
<arg>SL</arg>
<arg>SM</arg>
<arg>SN</arg>
<arg>SO</arg>
<arg>SR</arg>
<arg>SS</arg>
<arg>ST</arg>
<arg>SV</arg>
<arg>SX</arg>
<arg>SY</arg>
<arg>SZ</arg>
<arg>TC</arg>
<arg>TD</arg>
<arg>TF</arg>
<arg>TG</arg>
<arg>TH</arg>
<arg>TJ</arg>
<arg>TK</arg>
<arg>TL</arg>
<arg>TM</arg>
<arg>TN</arg>
<arg>TO</arg>
<arg>TR</arg>
<arg>TT</arg>
<arg>TV</arg>
<arg>TW</arg>
<arg>TZ</arg>
<arg>UA</arg>
<arg>UG</arg>
<arg>UM</arg>
<arg>US</arg>
<arg>UY</arg>
<arg>UZ</arg>
<arg>VA</arg>
<arg>VC</arg>
<arg>VE</arg>
<arg>VG</arg>
<arg>VI</arg>
<arg>VN</arg>
<arg>VU</arg>
<arg>WF</arg>
<arg>WS</arg>
<arg>XK</arg>
<arg>YE</arg>
<arg>YT</arg>
<arg>ZA</arg>
<arg>ZM</arg>
<arg>ZW</arg>
<doc>Returns a list containing given items.</doc>
<status status="PASS" start="2024-05-18T20:14:56.491205" elapsed="0.000624"/>
</kw>
<kw name="List Should Contain Value" owner="Collections">
<msg time="2024-05-18T20:14:56.492807" level="INFO">False</msg>
<arg>${list_country}</arg>
<arg>${name_country}</arg>
<doc>Fails if the ``value`` is not found from ``list``.</doc>
<status status="PASS" start="2024-05-18T20:14:56.492608" elapsed="0.000234"/>
</kw>
<kw name="Run Keyword If" owner="BuiltIn">
<kw name="Should Be True" owner="BuiltIn">
<arg>${True}</arg>
<doc>Fails if the given condition is not true.</doc>
<status status="PASS" start="2024-05-18T20:14:56.493944" elapsed="0.000256"/>
</kw>
<arg>${json_data["results"][0]["location"]["coordinates"]["latitude"]} &gt;= -90 and ${json_data["results"][0]["location"]["coordinates"]["latitude"]} &lt;= 90</arg>
<arg>Should Be True</arg>
<arg>${True}</arg>
<doc>Runs the given keyword with the given arguments, if ``condition`` is true.</doc>
<status status="PASS" start="2024-05-18T20:14:56.493183" elapsed="0.001145"/>
</kw>
<kw name="Run Keyword If" owner="BuiltIn">
<kw name="Should Be True" owner="BuiltIn">
<arg>${True}</arg>
<doc>Fails if the given condition is not true.</doc>
<status status="PASS" start="2024-05-18T20:14:56.495204" elapsed="0.000135"/>
</kw>
<arg>${json_data["results"][0]["location"]["coordinates"]["longitude"]} &gt;= -180 and ${json_data["results"][0]["location"]["coordinates"]["longitude"]} &lt;= 180</arg>
<arg>Should Be True</arg>
<arg>${True}</arg>
<doc>Runs the given keyword with the given arguments, if ``condition`` is true.</doc>
<status status="PASS" start="2024-05-18T20:14:56.494513" elapsed="0.000948"/>
</kw>
<status status="PASS" start="2024-05-18T20:14:56.371916" elapsed="0.123673"/>
</kw>
<doc>Testa o conteúdo específico dos campos retornados pela API.</doc>
<tag>testeConteudo</tag>
<status status="PASS" start="2024-05-18T20:14:56.371378" elapsed="0.124361"/>
</test>
<status status="PASS" start="2024-05-18T20:14:55.517447" elapsed="0.980304"/>
</suite>
<status status="PASS" start="2024-05-18T20:14:55.503174" elapsed="0.999725"/>
</suite>
<statistics>
<total>
<stat pass="5" fail="0" skip="0">All Tests</stat>
</total>
<tag>
<stat pass="1" fail="0" skip="0">testeConteudo</stat>
<stat pass="1" fail="0" skip="0">testeEstruturaResposta</stat>
<stat pass="1" fail="0" skip="0">testeRequisicaoBasica</stat>
<stat pass="1" fail="0" skip="0">testeTiposDados</stat>
</tag>
<suite>
<stat pass="5" fail="0" skip="0" id="s1" name="Tests">Tests</stat>
<stat pass="5" fail="0" skip="0" id="s1-s1" name="Random-User-Test">Tests.Random-User-Test</stat>
</suite>
</statistics>
<errors>
</errors>
</robot>
