<?xml version="1.0" encoding="UTF-8"?>
<robot generator="Robot 7.0 (Python 3.12.2 on linux)" generated="2024-03-26T09:14:08.764196" rpa="false" schemaversion="5">
<suite id="s1" name="Tests" source="/home/runner/work/DesafioQAItauRogerioJordao/DesafioQAItauRogerioJordao/RamdonUser/tests">
<suite id="s1-s1" name="Random-User-Test" source="/home/runner/work/DesafioQAItauRogerioJordao/DesafioQAItauRogerioJordao/RamdonUser/tests/random-user-test.robot">
<test id="s1-s1-t1" name="Conectar" line="13">
<kw name="Conectar API" owner="random-user-service">
<kw name="Create Session" owner="RequestsLibrary">
<msg time="2024-03-26T09:14:09.114788" level="INFO">Creating Session using : alias=consultarAPI, url=https://randomuser.me/, headers={},                     cookies={}, auth=None, timeout=None, proxies=None, verify=False,                     debug=0 </msg>
<arg>consultarAPI</arg>
<arg>${URL}</arg>
<doc>Create Session: create a HTTP session to a server</doc>
<status status="PASS" start="2024-03-26T09:14:09.114593" elapsed="0.000359"/>
</kw>
<status status="PASS" start="2024-03-26T09:14:09.113590" elapsed="0.001712"/>
</kw>
<status status="PASS" start="2024-03-26T09:14:09.113097" elapsed="0.002410"/>
</test>
<test id="s1-s1-t2" name="Validar retorno 200 e JSON Válido" line="16">
<kw name="Teste de Requisicao Basica" owner="random-user-service">
<kw name="GET On Session" owner="RequestsLibrary">
<msg time="2024-03-26T09:14:09.178055" level="INFO">GET Request : url=https://randomuser.me/api 
 path_url=/api 
 headers={'User-Agent': 'python-requests/2.31.0', 'Accept-Encoding': 'gzip, deflate', 'Accept': '*/*', 'Connection': 'keep-alive'} 
 body=None 
 </msg>
<msg time="2024-03-26T09:14:09.178155" level="INFO">GET Response : url=https://randomuser.me/api 
 status=200, reason=OK 
 headers={'Date': 'Tue, 26 Mar 2024 09:14:09 GMT', 'Content-Type': 'application/json; charset=utf-8', 'Transfer-Encoding': 'chunked', 'Connection': 'keep-alive', 'X-Powered-By': 'Express', 'Access-Control-Allow-Origin': '*', 'Cache-Control': 'no-cache', 'ETag': 'W/"47a-4Fn05yL0XvzIdsmi2pQUnfXYAsA"', 'Vary': 'Accept-Encoding', 'Content-Encoding': 'gzip', 'CF-Cache-Status': 'DYNAMIC', 'Report-To': '{"endpoints":[{"url":"https:\\/\\/a.nel.cloudflare.com\\/report\\/v4?s=IU8oLmNQhsUARYFZtYJyqkH0oHHl%2FeeoyogDyRvEOPpvIQsKqrt0RL7XkEQq1YR4mSuIN5e7ChOfuRoMzj1In3xEXopMc2Hyk5R%2Btc602h2oTIuLt1z24%2BgyCLkK1Uby"}],"group":"cf-nel","max_age":604800}', 'NEL': '{"success_fraction":0,"report_to":"cf-nel","max_age":604800}', 'Server': 'cloudflare', 'CF-RAY': '86a6075f2efb0a9f-IAD', 'alt-svc': 'h3=":443"; ma=86400'} 
 body={"results":[{"gender":"male","name":{"title":"Mr","first":"Johnni","last":"Woods"},"location":{"street":{"number":9946,"name":"North Road"},"city":"Swords","state":"Limerick","country":"Ireland","postcode":19438,"coordinates":{"latitude":"0.0386","longitude":"-133.0186"},"timezone":{"offset":"-7:00","description":"Mountain Time (US &amp; Canada)"}},"email":"johnni.woods@example.com","login":{"uuid":"8f3f7d81-58b7-4618-8547-862921b6b63b","username":"crazykoala592","password":"fugazi","salt":"vGRDzgHF","md5":"0dade184047f946ae577e33b711d707f","sha1":"3a8c4a5bb971c2a93236bd09aa389d7b54b20943","sha256":"d147b25dceefbf20e626ae1f52dcaacb52c44601cff5419c4508fc4c42d83767"},"dob":{"date":"1965-12-28T18:06:01.188Z","age":58},"registered":{"date":"2005-09-13T23:54:59.721Z","age":18},"phone":"021-064-7327","cell":"081-931-3259","id":{"name":"PPS","value":"8979492T"},"picture":{"large":"https://randomuser.me/api/portraits/men/59.jpg","medium":"https://randomuser.me/api/portraits/med/men/59.jpg","thumbnail":"https://randomuser.me/api/portraits/thumb/men/59.jpg"},"nat":"IE"}],"info":{"seed":"f05b9c77408d9a5d","results":1,"page":1,"version":"1.4"}} 
 </msg>
<msg time="2024-03-26T09:14:09.178249" level="INFO">/opt/hostedtoolcache/Python/3.12.2/x64/lib/python3.12/site-packages/urllib3/connectionpool.py:1103: InsecureRequestWarning: Unverified HTTPS request is being made to host 'randomuser.me'. Adding certificate verification is strongly advised. See: https://urllib3.readthedocs.io/en/latest/advanced-usage.html#tls-warnings
  warnings.warn(</msg>
<msg time="2024-03-26T09:14:09.178359" level="INFO">${response} = &lt;Response [200]&gt;</msg>
<var>${response}</var>
<arg>consultarAPI</arg>
<arg>/api</arg>
<doc>Sends a GET request on a previously created HTTP Session.</doc>
<status status="PASS" start="2024-03-26T09:14:09.118141" elapsed="0.060260"/>
</kw>
<kw name="Should Be Equal As Numbers" owner="BuiltIn">
<msg time="2024-03-26T09:14:09.179400" level="INFO">Argument types are:
&lt;class 'int'&gt;
&lt;class 'str'&gt;</msg>
<arg>${response.status_code}</arg>
<arg>200</arg>
<doc>Fails if objects are unequal after converting them to real numbers.</doc>
<status status="PASS" start="2024-03-26T09:14:09.178903" elapsed="0.000561"/>
</kw>
<kw name="Log" owner="BuiltIn">
<msg time="2024-03-26T09:14:09.180152" level="INFO">200</msg>
<arg>${response.status_code}</arg>
<doc>Logs the given message with the given level.</doc>
<status status="PASS" start="2024-03-26T09:14:09.179785" elapsed="0.000411"/>
</kw>
<kw name="Set Variable" owner="BuiltIn">
<msg time="2024-03-26T09:14:09.180960" level="INFO">${json_data} = {'results': [{'gender': 'male', 'name': {'title': 'Mr', 'first': 'Johnni', 'last': 'Woods'}, 'location': {'street': {'number': 9946, 'name': 'North Road'}, 'city': 'Swords', 'state': 'Limerick', 'coun...</msg>
<var>${json_data}</var>
<arg>${response.json()}</arg>
<doc>Returns the given values which can then be assigned to a variables.</doc>
<status status="PASS" start="2024-03-26T09:14:09.180523" elapsed="0.000465"/>
</kw>
<kw name="Dictionary Should Contain Key" owner="Collections">
<msg time="2024-03-26T09:14:09.181456" level="INFO">False</msg>
<arg>${json_data}</arg>
<arg>results</arg>
<doc>Fails if ``key`` is not found from ``dictionary``.</doc>
<status status="PASS" start="2024-03-26T09:14:09.181291" elapsed="0.000205"/>
</kw>
<status status="PASS" start="2024-03-26T09:14:09.117876" elapsed="0.063876"/>
</kw>
<doc>Testa se a API responde corretamente e retorna um objeto JSON válido.</doc>
<tag>testeRequisicaoBasica</tag>
<status status="PASS" start="2024-03-26T09:14:09.117347" elapsed="0.064618"/>
</test>
<test id="s1-s1-t3" name="Validar estrutura de resposta" line="22">
<kw name="Teste de Estrutura de Resposta" owner="random-user-service">
<kw name="GET On Session" owner="RequestsLibrary">
<msg time="2024-03-26T09:14:09.279306" level="INFO">GET Request : url=https://randomuser.me/api 
 path_url=/api 
 headers={'User-Agent': 'python-requests/2.31.0', 'Accept-Encoding': 'gzip, deflate', 'Accept': '*/*', 'Connection': 'keep-alive'} 
 body=None 
 </msg>
<msg time="2024-03-26T09:14:09.279395" level="INFO">GET Response : url=https://randomuser.me/api 
 status=200, reason=OK 
 headers={'Date': 'Tue, 26 Mar 2024 09:14:09 GMT', 'Content-Type': 'application/json; charset=utf-8', 'Transfer-Encoding': 'chunked', 'Connection': 'keep-alive', 'X-Powered-By': 'Express', 'Access-Control-Allow-Origin': '*', 'Cache-Control': 'no-cache', 'ETag': 'W/"4a7-7GaJ2vuHtcxh5AiFTU9mobswqgI"', 'Vary': 'Accept-Encoding', 'Content-Encoding': 'gzip', 'CF-Cache-Status': 'DYNAMIC', 'Report-To': '{"endpoints":[{"url":"https:\\/\\/a.nel.cloudflare.com\\/report\\/v4?s=W1BW41ZBGn1nKNgCmLxk2ya%2B%2FkWTT4KqsksIj%2F%2F2UZGM9SN2YqwEKTT%2BjmH5ImScPXRo4kk52RDVXR6xz8CT%2BOi166FEukAlZ2Dd5ikOOD4QRtILNmejwkU16PJzlebZ"}],"group":"cf-nel","max_age":604800}', 'NEL': '{"success_fraction":0,"report_to":"cf-nel","max_age":604800}', 'Server': 'cloudflare', 'CF-RAY': '86a6075f6f2a0a9f-IAD', 'alt-svc': 'h3=":443"; ma=86400'} 
 body={"results":[{"gender":"male","name":{"title":"Mr","first":"آدرین","last":"سهيلي راد"},"location":{"street":{"number":4558,"name":"اجاره دار"},"city":"اهواز","state":"آذربایجان شرقی","country":"Iran","postcode":62319,"coordinates":{"latitude":"21.2598","longitude":"-109.1375"},"timezone":{"offset":"+9:00","description":"Tokyo, Seoul, Osaka, Sapporo, Yakutsk"}},"email":"adryn.shylyrd@example.com","login":{"uuid":"06e71209-644b-4121-8f52-cbd791b85dfa","username":"greencat828","password":"zxcvbnm","salt":"ztsTfifH","md5":"0a3161ff68b2b45d6b8d04290ca92f69","sha1":"06852e2a8719106305a5c538a13f4aaddbf04f8f","sha256":"208d9b02a9ecce288c99b3ddefaaf17a9a5eda19c82cc6d6793458dc72dfe7c7"},"dob":{"date":"1986-05-01T03:55:06.176Z","age":37},"registered":{"date":"2019-05-28T08:51:13.396Z","age":4},"phone":"050-65389625","cell":"0976-371-1365","id":{"name":"","value":null},"picture":{"large":"https://randomuser.me/api/portraits/men/49.jpg","medium":"https://randomuser.me/api/portraits/med/men/49.jpg","thumbnail":"https://randomuser.me/api/portraits/thumb/men/49.jpg"},"nat":"IR"}],"info":{"seed":"886e72d0204c8cfb","results":1,"page":1,"version":"1.4"}} 
 </msg>
<msg time="2024-03-26T09:14:09.279525" level="INFO">/opt/hostedtoolcache/Python/3.12.2/x64/lib/python3.12/site-packages/urllib3/connectionpool.py:1103: InsecureRequestWarning: Unverified HTTPS request is being made to host 'randomuser.me'. Adding certificate verification is strongly advised. See: https://urllib3.readthedocs.io/en/latest/advanced-usage.html#tls-warnings
  warnings.warn(</msg>
<msg time="2024-03-26T09:14:09.279651" level="INFO">${response} = &lt;Response [200]&gt;</msg>
<var>${response}</var>
<arg>consultarAPI</arg>
<arg>/api</arg>
<doc>Sends a GET request on a previously created HTTP Session.</doc>
<status status="PASS" start="2024-03-26T09:14:09.184711" elapsed="0.094992"/>
</kw>
<kw name="Set Variable" owner="BuiltIn">
<msg time="2024-03-26T09:14:09.280823" level="INFO">${json_data} = {'results': [{'gender': 'male', 'name': {'title': 'Mr', 'first': 'آدرین', 'last': 'سهيلي راد'}, 'location': {'street': {'number': 4558, 'name': 'اجاره دار'}, 'city': 'اهواز', 'state': 'آذربایجان شرقی'...</msg>
<var>${json_data}</var>
<arg>${response.json()}</arg>
<doc>Returns the given values which can then be assigned to a variables.</doc>
<status status="PASS" start="2024-03-26T09:14:09.280243" elapsed="0.000613"/>
</kw>
<kw name="Log" owner="BuiltIn">
<msg time="2024-03-26T09:14:09.281342" level="INFO">{'results': [{'gender': 'male', 'name': {'title': 'Mr', 'first': 'آدرین', 'last': 'سهيلي راد'}, 'location': {'street': {'number': 4558, 'name': 'اجاره دار'}, 'city': 'اهواز', 'state': 'آذربایجان شرقی', 'country': 'Iran', 'postcode': 62319, 'coordinates': {'latitude': '21.2598', 'longitude': '-109.1375'}, 'timezone': {'offset': '+9:00', 'description': 'Tokyo, Seoul, Osaka, Sapporo, Yakutsk'}}, 'email': 'adryn.shylyrd@example.com', 'login': {'uuid': '06e71209-644b-4121-8f52-cbd791b85dfa', 'username': 'greencat828', 'password': 'zxcvbnm', 'salt': 'ztsTfifH', 'md5': '0a3161ff68b2b45d6b8d04290ca92f69', 'sha1': '06852e2a8719106305a5c538a13f4aaddbf04f8f', 'sha256': '208d9b02a9ecce288c99b3ddefaaf17a9a5eda19c82cc6d6793458dc72dfe7c7'}, 'dob': {'date': '1986-05-01T03:55:06.176Z', 'age': 37}, 'registered': {'date': '2019-05-28T08:51:13.396Z', 'age': 4}, 'phone': '050-65389625', 'cell': '0976-371-1365', 'id': {'name': '', 'value': None}, 'picture': {'large': 'https://randomuser.me/api/portraits/men/49.jpg', 'medium': 'https://randomuser.me/api/portraits/med/men/49.jpg', 'thumbnail': 'https://randomuser.me/api/portraits/thumb/men/49.jpg'}, 'nat': 'IR'}], 'info': {'seed': '886e72d0204c8cfb', 'results': 1, 'page': 1, 'version': '1.4'}}</msg>
<arg>${json_data}</arg>
<doc>Logs the given message with the given level.</doc>
<status status="PASS" start="2024-03-26T09:14:09.281176" elapsed="0.000219"/>
</kw>
<kw name="Dictionary Should Contain Key" owner="Collections">
<msg time="2024-03-26T09:14:09.281862" level="INFO">False</msg>
<arg>${json_data}</arg>
<arg>results</arg>
<doc>Fails if ``key`` is not found from ``dictionary``.</doc>
<status status="PASS" start="2024-03-26T09:14:09.281707" elapsed="0.000228"/>
</kw>
<kw name="Should Not Be Empty" owner="BuiltIn">
<msg time="2024-03-26T09:14:09.282384" level="INFO">Length is 2.</msg>
<arg>${json_data}</arg>
<doc>Verifies that the given item is not empty.</doc>
<status status="PASS" start="2024-03-26T09:14:09.282247" elapsed="0.000176"/>
</kw>
<kw name="Create List" owner="BuiltIn">
<msg time="2024-03-26T09:14:09.282875" level="INFO">${expected_keys} = ['gender', 'name', 'location', 'email', 'login']</msg>
<var>${expected_keys}</var>
<arg>gender</arg>
<arg>name</arg>
<arg>location</arg>
<arg>email</arg>
<arg>login</arg>
<doc>Returns a list containing given items.</doc>
<status status="PASS" start="2024-03-26T09:14:09.282716" elapsed="0.000184"/>
</kw>
<for flavor="IN">
<iter>
<kw name="Dictionary Should Contain Key" owner="Collections">
<msg time="2024-03-26T09:14:09.283868" level="INFO">False</msg>
<arg>${json_data['results'][0]}</arg>
<arg>${key}</arg>
<doc>Fails if ``key`` is not found from ``dictionary``.</doc>
<status status="PASS" start="2024-03-26T09:14:09.283469" elapsed="0.000439"/>
</kw>
<kw name="Log" owner="BuiltIn">
<msg time="2024-03-26T09:14:09.284591" level="INFO">{'gender': 'male', 'name': {'title': 'Mr', 'first': 'آدرین', 'last': 'سهيلي راد'}, 'location': {'street': {'number': 4558, 'name': 'اجاره دار'}, 'city': 'اهواز', 'state': 'آذربایجان شرقی', 'country': 'Iran', 'postcode': 62319, 'coordinates': {'latitude': '21.2598', 'longitude': '-109.1375'}, 'timezone': {'offset': '+9:00', 'description': 'Tokyo, Seoul, Osaka, Sapporo, Yakutsk'}}, 'email': 'adryn.shylyrd@example.com', 'login': {'uuid': '06e71209-644b-4121-8f52-cbd791b85dfa', 'username': 'greencat828', 'password': 'zxcvbnm', 'salt': 'ztsTfifH', 'md5': '0a3161ff68b2b45d6b8d04290ca92f69', 'sha1': '06852e2a8719106305a5c538a13f4aaddbf04f8f', 'sha256': '208d9b02a9ecce288c99b3ddefaaf17a9a5eda19c82cc6d6793458dc72dfe7c7'}, 'dob': {'date': '1986-05-01T03:55:06.176Z', 'age': 37}, 'registered': {'date': '2019-05-28T08:51:13.396Z', 'age': 4}, 'phone': '050-65389625', 'cell': '0976-371-1365', 'id': {'name': '', 'value': None}, 'picture': {'large': 'https://randomuser.me/api/portraits/men/49.jpg', 'medium': 'https://randomuser.me/api/portraits/med/men/49.jpg', 'thumbnail': 'https://randomuser.me/api/portraits/thumb/men/49.jpg'}, 'nat': 'IR'}</msg>
<arg>${json_data['results'][0]}</arg>
<doc>Logs the given message with the given level.</doc>
<status status="PASS" start="2024-03-26T09:14:09.284214" elapsed="0.000435"/>
</kw>
<kw name="Log" owner="BuiltIn">
<msg time="2024-03-26T09:14:09.285090" level="INFO">gender</msg>
<arg>${key}</arg>
<doc>Logs the given message with the given level.</doc>
<status status="PASS" start="2024-03-26T09:14:09.284956" elapsed="0.000173"/>
</kw>
<var name="${key}">gender</var>
<status status="PASS" start="2024-03-26T09:14:09.283344" elapsed="0.002006"/>
</iter>
<iter>
<kw name="Dictionary Should Contain Key" owner="Collections">
<msg time="2024-03-26T09:14:09.286092" level="INFO">False</msg>
<arg>${json_data['results'][0]}</arg>
<arg>${key}</arg>
<doc>Fails if ``key`` is not found from ``dictionary``.</doc>
<status status="PASS" start="2024-03-26T09:14:09.285657" elapsed="0.000512"/>
</kw>
<kw name="Log" owner="BuiltIn">
<msg time="2024-03-26T09:14:09.286844" level="INFO">{'gender': 'male', 'name': {'title': 'Mr', 'first': 'آدرین', 'last': 'سهيلي راد'}, 'location': {'street': {'number': 4558, 'name': 'اجاره دار'}, 'city': 'اهواز', 'state': 'آذربایجان شرقی', 'country': 'Iran', 'postcode': 62319, 'coordinates': {'latitude': '21.2598', 'longitude': '-109.1375'}, 'timezone': {'offset': '+9:00', 'description': 'Tokyo, Seoul, Osaka, Sapporo, Yakutsk'}}, 'email': 'adryn.shylyrd@example.com', 'login': {'uuid': '06e71209-644b-4121-8f52-cbd791b85dfa', 'username': 'greencat828', 'password': 'zxcvbnm', 'salt': 'ztsTfifH', 'md5': '0a3161ff68b2b45d6b8d04290ca92f69', 'sha1': '06852e2a8719106305a5c538a13f4aaddbf04f8f', 'sha256': '208d9b02a9ecce288c99b3ddefaaf17a9a5eda19c82cc6d6793458dc72dfe7c7'}, 'dob': {'date': '1986-05-01T03:55:06.176Z', 'age': 37}, 'registered': {'date': '2019-05-28T08:51:13.396Z', 'age': 4}, 'phone': '050-65389625', 'cell': '0976-371-1365', 'id': {'name': '', 'value': None}, 'picture': {'large': 'https://randomuser.me/api/portraits/men/49.jpg', 'medium': 'https://randomuser.me/api/portraits/med/men/49.jpg', 'thumbnail': 'https://randomuser.me/api/portraits/thumb/men/49.jpg'}, 'nat': 'IR'}</msg>
<arg>${json_data['results'][0]}</arg>
<doc>Logs the given message with the given level.</doc>
<status status="PASS" start="2024-03-26T09:14:09.286478" elapsed="0.000417"/>
</kw>
<kw name="Log" owner="BuiltIn">
<msg time="2024-03-26T09:14:09.287330" level="INFO">name</msg>
<arg>${key}</arg>
<doc>Logs the given message with the given level.</doc>
<status status="PASS" start="2024-03-26T09:14:09.287199" elapsed="0.000170"/>
</kw>
<var name="${key}">name</var>
<status status="PASS" start="2024-03-26T09:14:09.285541" elapsed="0.002047"/>
</iter>
<iter>
<kw name="Dictionary Should Contain Key" owner="Collections">
<msg time="2024-03-26T09:14:09.288258" level="INFO">False</msg>
<arg>${json_data['results'][0]}</arg>
<arg>${key}</arg>
<doc>Fails if ``key`` is not found from ``dictionary``.</doc>
<status status="PASS" start="2024-03-26T09:14:09.287881" elapsed="0.000416"/>
</kw>
<kw name="Log" owner="BuiltIn">
<msg time="2024-03-26T09:14:09.288995" level="INFO">{'gender': 'male', 'name': {'title': 'Mr', 'first': 'آدرین', 'last': 'سهيلي راد'}, 'location': {'street': {'number': 4558, 'name': 'اجاره دار'}, 'city': 'اهواز', 'state': 'آذربایجان شرقی', 'country': 'Iran', 'postcode': 62319, 'coordinates': {'latitude': '21.2598', 'longitude': '-109.1375'}, 'timezone': {'offset': '+9:00', 'description': 'Tokyo, Seoul, Osaka, Sapporo, Yakutsk'}}, 'email': 'adryn.shylyrd@example.com', 'login': {'uuid': '06e71209-644b-4121-8f52-cbd791b85dfa', 'username': 'greencat828', 'password': 'zxcvbnm', 'salt': 'ztsTfifH', 'md5': '0a3161ff68b2b45d6b8d04290ca92f69', 'sha1': '06852e2a8719106305a5c538a13f4aaddbf04f8f', 'sha256': '208d9b02a9ecce288c99b3ddefaaf17a9a5eda19c82cc6d6793458dc72dfe7c7'}, 'dob': {'date': '1986-05-01T03:55:06.176Z', 'age': 37}, 'registered': {'date': '2019-05-28T08:51:13.396Z', 'age': 4}, 'phone': '050-65389625', 'cell': '0976-371-1365', 'id': {'name': '', 'value': None}, 'picture': {'large': 'https://randomuser.me/api/portraits/men/49.jpg', 'medium': 'https://randomuser.me/api/portraits/med/men/49.jpg', 'thumbnail': 'https://randomuser.me/api/portraits/thumb/men/49.jpg'}, 'nat': 'IR'}</msg>
<arg>${json_data['results'][0]}</arg>
<doc>Logs the given message with the given level.</doc>
<status status="PASS" start="2024-03-26T09:14:09.288614" elapsed="0.000436"/>
</kw>
<kw name="Log" owner="BuiltIn">
<msg time="2024-03-26T09:14:09.289486" level="INFO">location</msg>
<arg>${key}</arg>
<doc>Logs the given message with the given level.</doc>
<status status="PASS" start="2024-03-26T09:14:09.289348" elapsed="0.000178"/>
</kw>
<var name="${key}">location</var>
<status status="PASS" start="2024-03-26T09:14:09.287769" elapsed="0.001974"/>
</iter>
<iter>
<kw name="Dictionary Should Contain Key" owner="Collections">
<msg time="2024-03-26T09:14:09.290456" level="INFO">False</msg>
<arg>${json_data['results'][0]}</arg>
<arg>${key}</arg>
<doc>Fails if ``key`` is not found from ``dictionary``.</doc>
<status status="PASS" start="2024-03-26T09:14:09.290077" elapsed="0.000417"/>
</kw>
<kw name="Log" owner="BuiltIn">
<msg time="2024-03-26T09:14:09.291157" level="INFO">{'gender': 'male', 'name': {'title': 'Mr', 'first': 'آدرین', 'last': 'سهيلي راد'}, 'location': {'street': {'number': 4558, 'name': 'اجاره دار'}, 'city': 'اهواز', 'state': 'آذربایجان شرقی', 'country': 'Iran', 'postcode': 62319, 'coordinates': {'latitude': '21.2598', 'longitude': '-109.1375'}, 'timezone': {'offset': '+9:00', 'description': 'Tokyo, Seoul, Osaka, Sapporo, Yakutsk'}}, 'email': 'adryn.shylyrd@example.com', 'login': {'uuid': '06e71209-644b-4121-8f52-cbd791b85dfa', 'username': 'greencat828', 'password': 'zxcvbnm', 'salt': 'ztsTfifH', 'md5': '0a3161ff68b2b45d6b8d04290ca92f69', 'sha1': '06852e2a8719106305a5c538a13f4aaddbf04f8f', 'sha256': '208d9b02a9ecce288c99b3ddefaaf17a9a5eda19c82cc6d6793458dc72dfe7c7'}, 'dob': {'date': '1986-05-01T03:55:06.176Z', 'age': 37}, 'registered': {'date': '2019-05-28T08:51:13.396Z', 'age': 4}, 'phone': '050-65389625', 'cell': '0976-371-1365', 'id': {'name': '', 'value': None}, 'picture': {'large': 'https://randomuser.me/api/portraits/men/49.jpg', 'medium': 'https://randomuser.me/api/portraits/med/men/49.jpg', 'thumbnail': 'https://randomuser.me/api/portraits/thumb/men/49.jpg'}, 'nat': 'IR'}</msg>
<arg>${json_data['results'][0]}</arg>
<doc>Logs the given message with the given level.</doc>
<status status="PASS" start="2024-03-26T09:14:09.290798" elapsed="0.000410"/>
</kw>
<kw name="Log" owner="BuiltIn">
<msg time="2024-03-26T09:14:09.291637" level="INFO">email</msg>
<arg>${key}</arg>
<doc>Logs the given message with the given level.</doc>
<status status="PASS" start="2024-03-26T09:14:09.291504" elapsed="0.000172"/>
</kw>
<var name="${key}">email</var>
<status status="PASS" start="2024-03-26T09:14:09.289946" elapsed="0.001950"/>
</iter>
<iter>
<kw name="Dictionary Should Contain Key" owner="Collections">
<msg time="2024-03-26T09:14:09.292575" level="INFO">False</msg>
<arg>${json_data['results'][0]}</arg>
<arg>${key}</arg>
<doc>Fails if ``key`` is not found from ``dictionary``.</doc>
<status status="PASS" start="2024-03-26T09:14:09.292187" elapsed="0.000426"/>
</kw>
<kw name="Log" owner="BuiltIn">
<msg time="2024-03-26T09:14:09.293276" level="INFO">{'gender': 'male', 'name': {'title': 'Mr', 'first': 'آدرین', 'last': 'سهيلي راد'}, 'location': {'street': {'number': 4558, 'name': 'اجاره دار'}, 'city': 'اهواز', 'state': 'آذربایجان شرقی', 'country': 'Iran', 'postcode': 62319, 'coordinates': {'latitude': '21.2598', 'longitude': '-109.1375'}, 'timezone': {'offset': '+9:00', 'description': 'Tokyo, Seoul, Osaka, Sapporo, Yakutsk'}}, 'email': 'adryn.shylyrd@example.com', 'login': {'uuid': '06e71209-644b-4121-8f52-cbd791b85dfa', 'username': 'greencat828', 'password': 'zxcvbnm', 'salt': 'ztsTfifH', 'md5': '0a3161ff68b2b45d6b8d04290ca92f69', 'sha1': '06852e2a8719106305a5c538a13f4aaddbf04f8f', 'sha256': '208d9b02a9ecce288c99b3ddefaaf17a9a5eda19c82cc6d6793458dc72dfe7c7'}, 'dob': {'date': '1986-05-01T03:55:06.176Z', 'age': 37}, 'registered': {'date': '2019-05-28T08:51:13.396Z', 'age': 4}, 'phone': '050-65389625', 'cell': '0976-371-1365', 'id': {'name': '', 'value': None}, 'picture': {'large': 'https://randomuser.me/api/portraits/men/49.jpg', 'medium': 'https://randomuser.me/api/portraits/med/men/49.jpg', 'thumbnail': 'https://randomuser.me/api/portraits/thumb/men/49.jpg'}, 'nat': 'IR'}</msg>
<arg>${json_data['results'][0]}</arg>
<doc>Logs the given message with the given level.</doc>
<status status="PASS" start="2024-03-26T09:14:09.292909" elapsed="0.000417"/>
</kw>
<kw name="Log" owner="BuiltIn">
<msg time="2024-03-26T09:14:09.293780" level="INFO">login</msg>
<arg>${key}</arg>
<doc>Logs the given message with the given level.</doc>
<status status="PASS" start="2024-03-26T09:14:09.293649" elapsed="0.000308"/>
</kw>
<var name="${key}">login</var>
<status status="PASS" start="2024-03-26T09:14:09.292071" elapsed="0.002121"/>
</iter>
<var>${key}</var>
<value>@{expected_keys}</value>
<status status="PASS" start="2024-03-26T09:14:09.283157" elapsed="0.011163"/>
</for>
<kw name="Create List" owner="BuiltIn">
<msg time="2024-03-26T09:14:09.294656" level="INFO">${expected_keysTwo} = ['username', 'password']</msg>
<var>${expected_keysTwo}</var>
<arg>username</arg>
<arg>password</arg>
<doc>Returns a list containing given items.</doc>
<status status="PASS" start="2024-03-26T09:14:09.294517" elapsed="0.000163"/>
</kw>
<for flavor="IN">
<iter>
<kw name="Dictionary Should Contain Key" owner="Collections">
<msg time="2024-03-26T09:14:09.295567" level="INFO">False</msg>
<arg>${json_data['results'][0]['login']}</arg>
<arg>${keyTwo}</arg>
<doc>Fails if ``key`` is not found from ``dictionary``.</doc>
<status status="PASS" start="2024-03-26T09:14:09.295185" elapsed="0.000420"/>
</kw>
<kw name="Dictionary Should Contain Key" owner="Collections">
<msg time="2024-03-26T09:14:09.296285" level="INFO">False</msg>
<arg>${json_data['results'][0]['login']}</arg>
<arg>${keyTwo}</arg>
<doc>Fails if ``key`` is not found from ``dictionary``.</doc>
<status status="PASS" start="2024-03-26T09:14:09.295905" elapsed="0.000418"/>
</kw>
<kw name="Log" owner="BuiltIn">
<msg time="2024-03-26T09:14:09.296748" level="INFO">username</msg>
<arg>${keyTwo}</arg>
<doc>Logs the given message with the given level.</doc>
<status status="PASS" start="2024-03-26T09:14:09.296618" elapsed="0.000168"/>
</kw>
<var name="${keyTwo}">username</var>
<status status="PASS" start="2024-03-26T09:14:09.295073" elapsed="0.001927"/>
</iter>
<iter>
<kw name="Dictionary Should Contain Key" owner="Collections">
<msg time="2024-03-26T09:14:09.297657" level="INFO">False</msg>
<arg>${json_data['results'][0]['login']}</arg>
<arg>${keyTwo}</arg>
<doc>Fails if ``key`` is not found from ``dictionary``.</doc>
<status status="PASS" start="2024-03-26T09:14:09.297283" elapsed="0.000412"/>
</kw>
<kw name="Dictionary Should Contain Key" owner="Collections">
<msg time="2024-03-26T09:14:09.298404" level="INFO">False</msg>
<arg>${json_data['results'][0]['login']}</arg>
<arg>${keyTwo}</arg>
<doc>Fails if ``key`` is not found from ``dictionary``.</doc>
<status status="PASS" start="2024-03-26T09:14:09.298009" elapsed="0.000433"/>
</kw>
<kw name="Log" owner="BuiltIn">
<msg time="2024-03-26T09:14:09.298865" level="INFO">password</msg>
<arg>${keyTwo}</arg>
<doc>Logs the given message with the given level.</doc>
<status status="PASS" start="2024-03-26T09:14:09.298735" elapsed="0.000168"/>
</kw>
<var name="${keyTwo}">password</var>
<status status="PASS" start="2024-03-26T09:14:09.297174" elapsed="0.001946"/>
</iter>
<var>${keyTwo}</var>
<value>@{expected_keysTwo}</value>
<status status="PASS" start="2024-03-26T09:14:09.294920" elapsed="0.004322"/>
</for>
<status status="PASS" start="2024-03-26T09:14:09.184481" elapsed="0.114899"/>
</kw>
<doc>Testa a estrutura da resposta da API.</doc>
<tag>testeEstruturaResposta</tag>
<status status="PASS" start="2024-03-26T09:14:09.183770" elapsed="0.115764"/>
</test>
<test id="s1-s1-t4" name="Validar tipos de dados" line="28">
<kw name="Teste de Tipos de Dados" owner="random-user-service">
<kw name="GET On Session" owner="RequestsLibrary">
<msg time="2024-03-26T09:14:09.377924" level="INFO">GET Request : url=https://randomuser.me/api 
 path_url=/api 
 headers={'User-Agent': 'python-requests/2.31.0', 'Accept-Encoding': 'gzip, deflate', 'Accept': '*/*', 'Connection': 'keep-alive'} 
 body=None 
 </msg>
<msg time="2024-03-26T09:14:09.378016" level="INFO">GET Response : url=https://randomuser.me/api 
 status=200, reason=OK 
 headers={'Date': 'Tue, 26 Mar 2024 09:14:09 GMT', 'Content-Type': 'application/json; charset=utf-8', 'Transfer-Encoding': 'chunked', 'Connection': 'keep-alive', 'X-Powered-By': 'Express', 'Access-Control-Allow-Origin': '*', 'Cache-Control': 'no-cache', 'ETag': 'W/"481-trW8mTYZQlk+gw+0lieJ5S0t0uE"', 'Vary': 'Accept-Encoding', 'Content-Encoding': 'gzip', 'CF-Cache-Status': 'DYNAMIC', 'Report-To': '{"endpoints":[{"url":"https:\\/\\/a.nel.cloudflare.com\\/report\\/v4?s=u%2BYY200qUfXrxpsKm9XqidSTbsTOTZlV5ZMfqAJTmSS%2Ftmv8AgSei5xamyS5VDrvauR56rlAZqdS7rnhdETFVDWnbrxA1ZXUx0GCrYuBBVENuMoWFiFz1YLjk7G9HhPU"}],"group":"cf-nel","max_age":604800}', 'NEL': '{"success_fraction":0,"report_to":"cf-nel","max_age":604800}', 'Server': 'cloudflare', 'CF-RAY': '86a607602fbf0a9f-IAD', 'alt-svc': 'h3=":443"; ma=86400'} 
 body={"results":[{"gender":"female","name":{"title":"Mrs","first":"Mia","last":"Miller"},"location":{"street":{"number":283,"name":"Alfred St"},"city":"Keswick","state":"New Brunswick","country":"Canada","postcode":"P1O 9J4","coordinates":{"latitude":"-70.3601","longitude":"159.0532"},"timezone":{"offset":"+2:00","description":"Kaliningrad, South Africa"}},"email":"mia.miller@example.com","login":{"uuid":"da980273-dc72-4923-89f4-7786165a2dfb","username":"crazykoala495","password":"yong","salt":"WDlJhmtL","md5":"59047233837c2c8ef8d3477e7e808d47","sha1":"f3422ea60187f3529df5930b66f9a0ca2930c5bc","sha256":"e722fd572d8ecfb5903beb99b93dd59703b151e9486a2dc8817857689483b391"},"dob":{"date":"1975-06-15T00:30:36.352Z","age":48},"registered":{"date":"2010-05-13T05:29:04.351Z","age":13},"phone":"K36 E89-7677","cell":"Y25 N67-2376","id":{"name":"SIN","value":"308565886"},"picture":{"large":"https://randomuser.me/api/portraits/women/6.jpg","medium":"https://randomuser.me/api/portraits/med/women/6.jpg","thumbnail":"https://randomuser.me/api/portraits/thumb/women/6.jpg"},"nat":"CA"}],"info":{"seed":"a220e5cd1199b45a","results":1,"page":1,"version":"1.4"}} 
 </msg>
<msg time="2024-03-26T09:14:09.378085" level="INFO">/opt/hostedtoolcache/Python/3.12.2/x64/lib/python3.12/site-packages/urllib3/connectionpool.py:1103: InsecureRequestWarning: Unverified HTTPS request is being made to host 'randomuser.me'. Adding certificate verification is strongly advised. See: https://urllib3.readthedocs.io/en/latest/advanced-usage.html#tls-warnings
  warnings.warn(</msg>
<msg time="2024-03-26T09:14:09.378198" level="INFO">${response} = &lt;Response [200]&gt;</msg>
<var>${response}</var>
<arg>consultarAPI</arg>
<arg>/api</arg>
<doc>Sends a GET request on a previously created HTTP Session.</doc>
<status status="PASS" start="2024-03-26T09:14:09.302065" elapsed="0.076188"/>
</kw>
<kw name="Set Variable" owner="BuiltIn">
<msg time="2024-03-26T09:14:09.379271" level="INFO">${json_data} = {'results': [{'gender': 'female', 'name': {'title': 'Mrs', 'first': 'Mia', 'last': 'Miller'}, 'location': {'street': {'number': 283, 'name': 'Alfred St'}, 'city': 'Keswick', 'state': 'New Brunswick', ...</msg>
<var>${json_data}</var>
<arg>${response.json()}</arg>
<doc>Returns the given values which can then be assigned to a variables.</doc>
<status status="PASS" start="2024-03-26T09:14:09.378708" elapsed="0.000593"/>
</kw>
<kw name="Log" owner="BuiltIn">
<msg time="2024-03-26T09:14:09.379766" level="INFO">{'results': [{'gender': 'female', 'name': {'title': 'Mrs', 'first': 'Mia', 'last': 'Miller'}, 'location': {'street': {'number': 283, 'name': 'Alfred St'}, 'city': 'Keswick', 'state': 'New Brunswick', 'country': 'Canada', 'postcode': 'P1O 9J4', 'coordinates': {'latitude': '-70.3601', 'longitude': '159.0532'}, 'timezone': {'offset': '+2:00', 'description': 'Kaliningrad, South Africa'}}, 'email': 'mia.miller@example.com', 'login': {'uuid': 'da980273-dc72-4923-89f4-7786165a2dfb', 'username': 'crazykoala495', 'password': 'yong', 'salt': 'WDlJhmtL', 'md5': '59047233837c2c8ef8d3477e7e808d47', 'sha1': 'f3422ea60187f3529df5930b66f9a0ca2930c5bc', 'sha256': 'e722fd572d8ecfb5903beb99b93dd59703b151e9486a2dc8817857689483b391'}, 'dob': {'date': '1975-06-15T00:30:36.352Z', 'age': 48}, 'registered': {'date': '2010-05-13T05:29:04.351Z', 'age': 13}, 'phone': 'K36 E89-7677', 'cell': 'Y25 N67-2376', 'id': {'name': 'SIN', 'value': '308565886'}, 'picture': {'large': 'https://randomuser.me/api/portraits/women/6.jpg', 'medium': 'https://randomuser.me/api/portraits/med/women/6.jpg', 'thumbnail': 'https://randomuser.me/api/portraits/thumb/women/6.jpg'}, 'nat': 'CA'}], 'info': {'seed': 'a220e5cd1199b45a', 'results': 1, 'page': 1, 'version': '1.4'}}</msg>
<arg>${json_data}</arg>
<doc>Logs the given message with the given level.</doc>
<status status="PASS" start="2024-03-26T09:14:09.379612" elapsed="0.000236"/>
</kw>
<kw name="Should Be String" owner="String">
<arg>${json_data['results'][0]['gender']}</arg>
<doc>Fails if the given ``item`` is not a string.</doc>
<status status="PASS" start="2024-03-26T09:14:09.380147" elapsed="0.000366"/>
</kw>
<kw name="Should Match Regexp" owner="BuiltIn">
<arg>${json_data['results'][0]['email']}</arg>
<arg>^[a-zA-Z0-9._%+-]+@[a-zA-Z0-9.-]+\.[a-zA-Z]{2,}$</arg>
<doc>Fails if ``string`` does not match ``pattern`` as a regular expression.</doc>
<status status="PASS" start="2024-03-26T09:14:09.380707" elapsed="0.000514"/>
</kw>
<kw name="Should Match Regexp" owner="BuiltIn">
<arg>${json_data['results'][0]['dob']['date']}</arg>
<arg>\\d{4}-\\d{2}-\\d{2}T\\d{2}:\\d{2}:\\d{2}\\.\\d{3}Z</arg>
<doc>Fails if ``string`` does not match ``pattern`` as a regular expression.</doc>
<status status="PASS" start="2024-03-26T09:14:09.381419" elapsed="0.000519"/>
</kw>
<kw name="Should Match Regexp" owner="BuiltIn">
<arg>${json_data['results'][0]['registered']['date']}</arg>
<arg>\\d{4}-\\d{2}-\\d{2}T\\d{2}:\\d{2}:\\d{2}\\.\\d{3}Z</arg>
<doc>Fails if ``string`` does not match ``pattern`` as a regular expression.</doc>
<status status="PASS" start="2024-03-26T09:14:09.382141" elapsed="0.000394"/>
</kw>
<kw name="Should Match Regexp" owner="BuiltIn">
<arg>${json_data['results'][0]['picture']['large']}</arg>
<arg>^https?://.*\.(?:png|jpe?g|gif|bmp)$</arg>
<doc>Fails if ``string`` does not match ``pattern`` as a regular expression.</doc>
<status status="PASS" start="2024-03-26T09:14:09.382723" elapsed="0.000464"/>
</kw>
<kw name="Should Match Regexp" owner="BuiltIn">
<arg>${json_data['results'][0]['picture']['medium']}</arg>
<arg>^https?://.*\.(?:png|jpe?g|gif|bmp)$</arg>
<doc>Fails if ``string`` does not match ``pattern`` as a regular expression.</doc>
<status status="PASS" start="2024-03-26T09:14:09.383378" elapsed="0.000356"/>
</kw>
<kw name="Should Match Regexp" owner="BuiltIn">
<arg>${json_data['results'][0]['picture']['thumbnail']}</arg>
<arg>^https?://.*\.(?:png|jpe?g|gif|bmp)$</arg>
<doc>Fails if ``string`` does not match ``pattern`` as a regular expression.</doc>
<status status="PASS" start="2024-03-26T09:14:09.383918" elapsed="0.000350"/>
</kw>
<kw name="Log" owner="BuiltIn">
<msg time="2024-03-26T09:14:09.384771" level="INFO">{'large': 'https://randomuser.me/api/portraits/women/6.jpg', 'medium': 'https://randomuser.me/api/portraits/med/women/6.jpg', 'thumbnail': 'https://randomuser.me/api/portraits/thumb/women/6.jpg'}</msg>
<arg>${json_data['results'][0]['picture']}</arg>
<doc>Logs the given message with the given level.</doc>
<status status="PASS" start="2024-03-26T09:14:09.384445" elapsed="0.000373"/>
</kw>
<status status="PASS" start="2024-03-26T09:14:09.301808" elapsed="0.083263"/>
</kw>
<kw name="Teste de Tipos de Dados - Postcode" owner="random-user-service">
<kw name="GET On Session" owner="RequestsLibrary">
<msg time="2024-03-26T09:14:09.479943" level="INFO">GET Request : url=https://randomuser.me/api 
 path_url=/api 
 headers={'User-Agent': 'python-requests/2.31.0', 'Accept-Encoding': 'gzip, deflate', 'Accept': '*/*', 'Connection': 'keep-alive'} 
 body=None 
 </msg>
<msg time="2024-03-26T09:14:09.480029" level="INFO">GET Response : url=https://randomuser.me/api 
 status=200, reason=OK 
 headers={'Date': 'Tue, 26 Mar 2024 09:14:09 GMT', 'Content-Type': 'application/json; charset=utf-8', 'Transfer-Encoding': 'chunked', 'Connection': 'keep-alive', 'X-Powered-By': 'Express', 'Access-Control-Allow-Origin': '*', 'Cache-Control': 'no-cache', 'ETag': 'W/"47e-9J3CVYrKHvXjFMOUb4q2fZKZ4fE"', 'Vary': 'Accept-Encoding', 'Content-Encoding': 'gzip', 'CF-Cache-Status': 'DYNAMIC', 'Report-To': '{"endpoints":[{"url":"https:\\/\\/a.nel.cloudflare.com\\/report\\/v4?s=A9A3BCJAtVmeDmGO7rmMFe%2FRwXt1xwp%2FH6RmX%2F5T4Dov4L4BuScA59zae31KZLFvIqD8iIcou2nPt5QehYvQnwYQhGesdToi51kiMNViDgaz73CkHH1n2j5z6z%2FL3n%2FD"}],"group":"cf-nel","max_age":604800}', 'NEL': '{"success_fraction":0,"report_to":"cf-nel","max_age":604800}', 'Server': 'cloudflare', 'CF-RAY': '86a60760a80e0a9f-IAD', 'alt-svc': 'h3=":443"; ma=86400'} 
 body={"results":[{"gender":"male","name":{"title":"Mr","first":"Oliver","last":"Tuominen"},"location":{"street":{"number":8974,"name":"Rotuaari"},"city":"Pedersöre","state":"Päijät-Häme","country":"Finland","postcode":64172,"coordinates":{"latitude":"-29.1638","longitude":"-19.1304"},"timezone":{"offset":"-10:00","description":"Hawaii"}},"email":"oliver.tuominen@example.com","login":{"uuid":"be1eb999-8678-4868-a610-82db6e2b6e95","username":"beautifulbird574","password":"gore","salt":"IAEIIzGx","md5":"67269263c7b3c50eb1c03e7665b016e9","sha1":"2343f634e05cd9073cb812be8df5f901f4249b23","sha256":"516174cd650136458515c7e23092828488d513b8f6267bb4e9dae0edcc827007"},"dob":{"date":"1951-11-16T23:13:03.274Z","age":72},"registered":{"date":"2018-12-30T10:12:50.874Z","age":5},"phone":"05-917-496","cell":"043-683-72-72","id":{"name":"HETU","value":"NaNNA647undefined"},"picture":{"large":"https://randomuser.me/api/portraits/men/70.jpg","medium":"https://randomuser.me/api/portraits/med/men/70.jpg","thumbnail":"https://randomuser.me/api/portraits/thumb/men/70.jpg"},"nat":"FI"}],"info":{"seed":"3085b55c82afe037","results":1,"page":1,"version":"1.4"}} 
 </msg>
<msg time="2024-03-26T09:14:09.480115" level="INFO">/opt/hostedtoolcache/Python/3.12.2/x64/lib/python3.12/site-packages/urllib3/connectionpool.py:1103: InsecureRequestWarning: Unverified HTTPS request is being made to host 'randomuser.me'. Adding certificate verification is strongly advised. See: https://urllib3.readthedocs.io/en/latest/advanced-usage.html#tls-warnings
  warnings.warn(</msg>
<msg time="2024-03-26T09:14:09.480258" level="INFO">${response} = &lt;Response [200]&gt;</msg>
<var>${response}</var>
<arg>consultarAPI</arg>
<arg>/api</arg>
<doc>Sends a GET request on a previously created HTTP Session.</doc>
<status status="PASS" start="2024-03-26T09:14:09.385627" elapsed="0.094685"/>
</kw>
<kw name="Set Variable" owner="BuiltIn">
<msg time="2024-03-26T09:14:09.481272" level="INFO">${json_data} = {'results': [{'gender': 'male', 'name': {'title': 'Mr', 'first': 'Oliver', 'last': 'Tuominen'}, 'location': {'street': {'number': 8974, 'name': 'Rotuaari'}, 'city': 'Pedersöre', 'state': 'Päijät-Häme'...</msg>
<var>${json_data}</var>
<arg>${response.json()}</arg>
<doc>Returns the given values which can then be assigned to a variables.</doc>
<status status="PASS" start="2024-03-26T09:14:09.480821" elapsed="0.000480"/>
</kw>
<kw name="Log" owner="BuiltIn">
<msg time="2024-03-26T09:14:09.481761" level="INFO">{'results': [{'gender': 'male', 'name': {'title': 'Mr', 'first': 'Oliver', 'last': 'Tuominen'}, 'location': {'street': {'number': 8974, 'name': 'Rotuaari'}, 'city': 'Pedersöre', 'state': 'Päijät-Häme', 'country': 'Finland', 'postcode': 64172, 'coordinates': {'latitude': '-29.1638', 'longitude': '-19.1304'}, 'timezone': {'offset': '-10:00', 'description': 'Hawaii'}}, 'email': 'oliver.tuominen@example.com', 'login': {'uuid': 'be1eb999-8678-4868-a610-82db6e2b6e95', 'username': 'beautifulbird574', 'password': 'gore', 'salt': 'IAEIIzGx', 'md5': '67269263c7b3c50eb1c03e7665b016e9', 'sha1': '2343f634e05cd9073cb812be8df5f901f4249b23', 'sha256': '516174cd650136458515c7e23092828488d513b8f6267bb4e9dae0edcc827007'}, 'dob': {'date': '1951-11-16T23:13:03.274Z', 'age': 72}, 'registered': {'date': '2018-12-30T10:12:50.874Z', 'age': 5}, 'phone': '05-917-496', 'cell': '043-683-72-72', 'id': {'name': 'HETU', 'value': 'NaNNA647undefined'}, 'picture': {'large': 'https://randomuser.me/api/portraits/men/70.jpg', 'medium': 'https://randomuser.me/api/portraits/med/men/70.jpg', 'thumbnail': 'https://randomuser.me/api/portraits/thumb/men/70.jpg'}, 'nat': 'FI'}], 'info': {'seed': '3085b55c82afe037', 'results': 1, 'page': 1, 'version': '1.4'}}</msg>
<arg>${json_data}</arg>
<doc>Logs the given message with the given level.</doc>
<status status="PASS" start="2024-03-26T09:14:09.481605" elapsed="0.000234"/>
</kw>
<kw name="Should Be Equal As Numbers" owner="BuiltIn">
<arg>${json_data['results'][0]['location']['postcode']}</arg>
<arg>${json_data['results'][0]['location']['postcode']}</arg>
<doc>Fails if objects are unequal after converting them to real numbers.</doc>
<status status="PASS" start="2024-03-26T09:14:09.482192" elapsed="0.000623"/>
</kw>
<kw name="Log" owner="BuiltIn">
<msg time="2024-03-26T09:14:09.483342" level="INFO">64172</msg>
<arg>${json_data['results'][0]['location']['postcode']}</arg>
<doc>Logs the given message with the given level.</doc>
<status status="PASS" start="2024-03-26T09:14:09.483007" elapsed="0.000376"/>
</kw>
<status status="PASS" start="2024-03-26T09:14:09.385286" elapsed="0.098349"/>
</kw>
<doc>Testa se os tipos de dados na resposta da API estão corretos.</doc>
<tag>testeTiposDados</tag>
<status status="PASS" start="2024-03-26T09:14:09.301268" elapsed="0.182530"/>
</test>
<test id="s1-s1-t5" name="Validar conteudo" line="35">
<kw name="Teste de Tipos de Conteudo" owner="random-user-service">
<kw name="GET On Session" owner="RequestsLibrary">
<msg time="2024-03-26T09:14:09.581333" level="INFO">GET Request : url=https://randomuser.me/api 
 path_url=/api 
 headers={'User-Agent': 'python-requests/2.31.0', 'Accept-Encoding': 'gzip, deflate', 'Accept': '*/*', 'Connection': 'keep-alive'} 
 body=None 
 </msg>
<msg time="2024-03-26T09:14:09.581418" level="INFO">GET Response : url=https://randomuser.me/api 
 status=200, reason=OK 
 headers={'Date': 'Tue, 26 Mar 2024 09:14:09 GMT', 'Content-Type': 'application/json; charset=utf-8', 'Transfer-Encoding': 'chunked', 'Connection': 'keep-alive', 'X-Powered-By': 'Express', 'Access-Control-Allow-Origin': '*', 'Cache-Control': 'no-cache', 'ETag': 'W/"487-hxDR3SeiArf6EKu2sY08qN3QloQ"', 'Vary': 'Accept-Encoding', 'Content-Encoding': 'gzip', 'CF-Cache-Status': 'DYNAMIC', 'Report-To': '{"endpoints":[{"url":"https:\\/\\/a.nel.cloudflare.com\\/report\\/v4?s=8NB9FmovBHC9LbfEJFzgczMecvWgr0AR0gPk%2BpFrpp03GXBDgWkYg4T90uytWAVo6G%2F9vDQ%2FihljFkxspPNEMfAcOdzYCXp56SV9P6tItzJZrhB%2BEwkeVgCJD7qkjnY6"}],"group":"cf-nel","max_age":604800}', 'NEL': '{"success_fraction":0,"report_to":"cf-nel","max_age":604800}', 'Server': 'cloudflare', 'CF-RAY': '86a6076148820a9f-IAD', 'alt-svc': 'h3=":443"; ma=86400'} 
 body={"results":[{"gender":"female","name":{"title":"Ms","first":"Anka","last":"Anđelković"},"location":{"street":{"number":9764,"name":"Željka Božića"},"city":"Gadžin Han","state":"North Bačka","country":"Serbia","postcode":35041,"coordinates":{"latitude":"61.2246","longitude":"28.4114"},"timezone":{"offset":"-2:00","description":"Mid-Atlantic"}},"email":"anka.andelkovic@example.com","login":{"uuid":"10d5ff37-4154-45ab-a92f-085bd8d56bd2","username":"whitebear597","password":"brian1","salt":"gvswNT6L","md5":"b8fc6e803450689e3948c18c88238688","sha1":"5c76f7cfd4b7f870b8fb2de0daf4faee561bd112","sha256":"54e425f473b13a895b7033e5652b0fc1a05a1fafd53e2aa362f300aa0b86538c"},"dob":{"date":"1963-06-04T06:52:44.032Z","age":60},"registered":{"date":"2017-02-08T07:03:57.324Z","age":7},"phone":"028-3478-123","cell":"064-2081-286","id":{"name":"SID","value":"284224737"},"picture":{"large":"https://randomuser.me/api/portraits/women/80.jpg","medium":"https://randomuser.me/api/portraits/med/women/80.jpg","thumbnail":"https://randomuser.me/api/portraits/thumb/women/80.jpg"},"nat":"RS"}],"info":{"seed":"c6567f0746a818ce","results":1,"page":1,"version":"1.4"}} 
 </msg>
<msg time="2024-03-26T09:14:09.581490" level="INFO">/opt/hostedtoolcache/Python/3.12.2/x64/lib/python3.12/site-packages/urllib3/connectionpool.py:1103: InsecureRequestWarning: Unverified HTTPS request is being made to host 'randomuser.me'. Adding certificate verification is strongly advised. See: https://urllib3.readthedocs.io/en/latest/advanced-usage.html#tls-warnings
  warnings.warn(</msg>
<msg time="2024-03-26T09:14:09.581616" level="INFO">${response} = &lt;Response [200]&gt;</msg>
<var>${response}</var>
<arg>consultarAPI</arg>
<arg>/api</arg>
<doc>Sends a GET request on a previously created HTTP Session.</doc>
<status status="PASS" start="2024-03-26T09:14:09.486214" elapsed="0.095464"/>
</kw>
<kw name="Set Variable" owner="BuiltIn">
<msg time="2024-03-26T09:14:09.582570" level="INFO">${json_data} = {'results': [{'gender': 'female', 'name': {'title': 'Ms', 'first': 'Anka', 'last': 'Anđelković'}, 'location': {'street': {'number': 9764, 'name': 'Željka Božića'}, 'city': 'Gadžin Han', 'state': 'Nort...</msg>
<var>${json_data}</var>
<arg>${response.json()}</arg>
<doc>Returns the given values which can then be assigned to a variables.</doc>
<status status="PASS" start="2024-03-26T09:14:09.582106" elapsed="0.000494"/>
</kw>
<kw name="Set Variable" owner="BuiltIn">
<msg time="2024-03-26T09:14:09.583288" level="INFO">${name_title} = Ms</msg>
<var>${name_title}</var>
<arg>${json_data["results"][0]["name"]["title"]}</arg>
<doc>Returns the given values which can then be assigned to a variables.</doc>
<status status="PASS" start="2024-03-26T09:14:09.582905" elapsed="0.000408"/>
</kw>
<kw name="Create List" owner="BuiltIn">
<msg time="2024-03-26T09:14:09.583761" level="INFO">${allowed_titles} = ['Mr', 'Ms', 'Miss', 'Mrs', 'Madame', 'Monsieur']</msg>
<var>${allowed_titles}</var>
<arg>Mr</arg>
<arg>Ms</arg>
<arg>Miss</arg>
<arg>Mrs</arg>
<arg>Madame</arg>
<arg>Monsieur</arg>
<doc>Returns a list containing given items.</doc>
<status status="PASS" start="2024-03-26T09:14:09.583612" elapsed="0.000173"/>
</kw>
<kw name="List Should Contain Value" owner="Collections">
<msg time="2024-03-26T09:14:09.584261" level="INFO">False</msg>
<arg>${allowed_titles}</arg>
<arg>${name_title}</arg>
<doc>Fails if the ``value`` is not found from ``list``.</doc>
<status status="PASS" start="2024-03-26T09:14:09.584088" elapsed="0.000216"/>
</kw>
<kw name="Set Variable" owner="BuiltIn">
<msg time="2024-03-26T09:14:09.584980" level="INFO">${name_country} = RS</msg>
<var>${name_country}</var>
<arg>${json_data["results"][0]["nat"]}</arg>
<doc>Returns the given values which can then be assigned to a variables.</doc>
<status status="PASS" start="2024-03-26T09:14:09.584601" elapsed="0.000405"/>
</kw>
<kw name="Create List" owner="BuiltIn">
<msg time="2024-03-26T09:14:09.585941" level="INFO">${list_country} = ['AD', 'AE', 'AF', 'AG', 'AI', 'AL', 'AM', 'AO', 'AQ', 'AR', 'AS', 'AT', 'AU', 'AW', 'AX', 'AZ', 'BA', 'BB', 'BD', 'BE', 'BF', 'BG', 'BH', 'BI', 'BJ', 'BL', 'BM', 'BN', 'BO', 'BQ', 'BR', 'BS', 'BT', '...</msg>
<var>${list_country}</var>
<arg>AD</arg>
<arg>AE</arg>
<arg>AF</arg>
<arg>AG</arg>
<arg>AI</arg>
<arg>AL</arg>
<arg>AM</arg>
<arg>AO</arg>
<arg>AQ</arg>
<arg>AR</arg>
<arg>AS</arg>
<arg>AT</arg>
<arg>AU</arg>
<arg>AW</arg>
<arg>AX</arg>
<arg>AZ</arg>
<arg>BA</arg>
<arg>BB</arg>
<arg>BD</arg>
<arg>BE</arg>
<arg>BF</arg>
<arg>BG</arg>
<arg>BH</arg>
<arg>BI</arg>
<arg>BJ</arg>
<arg>BL</arg>
<arg>BM</arg>
<arg>BN</arg>
<arg>BO</arg>
<arg>BQ</arg>
<arg>BR</arg>
<arg>BS</arg>
<arg>BT</arg>
<arg>BV</arg>
<arg>BW</arg>
<arg>BY</arg>
<arg>BZ</arg>
<arg>CA</arg>
<arg>CC</arg>
<arg>CD</arg>
<arg>CF</arg>
<arg>CG</arg>
<arg>CH</arg>
<arg>CI</arg>
<arg>CK</arg>
<arg>CL</arg>
<arg>CM</arg>
<arg>CN</arg>
<arg>CO</arg>
<arg>CR</arg>
<arg>CU</arg>
<arg>CV</arg>
<arg>CW</arg>
<arg>CX</arg>
<arg>CY</arg>
<arg>CZ</arg>
<arg>DE</arg>
<arg>DJ</arg>
<arg>DK</arg>
<arg>DM</arg>
<arg>DO</arg>
<arg>DZ</arg>
<arg>EC</arg>
<arg>EE</arg>
<arg>EG</arg>
<arg>EH</arg>
<arg>ER</arg>
<arg>ES</arg>
<arg>ET</arg>
<arg>FI</arg>
<arg>FJ</arg>
<arg>FK</arg>
<arg>FM</arg>
<arg>FO</arg>
<arg>FR</arg>
<arg>GA</arg>
<arg>GB</arg>
<arg>GD</arg>
<arg>GE</arg>
<arg>GF</arg>
<arg>GG</arg>
<arg>GH</arg>
<arg>GI</arg>
<arg>GL</arg>
<arg>GM</arg>
<arg>GN</arg>
<arg>GP</arg>
<arg>GQ</arg>
<arg>GR</arg>
<arg>GS</arg>
<arg>GT</arg>
<arg>GU</arg>
<arg>GW</arg>
<arg>GY</arg>
<arg>HK</arg>
<arg>HM</arg>
<arg>HN</arg>
<arg>HR</arg>
<arg>HT</arg>
<arg>HU</arg>
<arg>ID</arg>
<arg>IE</arg>
<arg>IL</arg>
<arg>IM</arg>
<arg>IN</arg>
<arg>IO</arg>
<arg>IQ</arg>
<arg>IR</arg>
<arg>IS</arg>
<arg>IT</arg>
<arg>JE</arg>
<arg>JM</arg>
<arg>JO</arg>
<arg>JP</arg>
<arg>KE</arg>
<arg>KG</arg>
<arg>KH</arg>
<arg>KI</arg>
<arg>KM</arg>
<arg>KN</arg>
<arg>KP</arg>
<arg>KR</arg>
<arg>KW</arg>
<arg>KY</arg>
<arg>KZ</arg>
<arg>LA</arg>
<arg>LB</arg>
<arg>LC</arg>
<arg>LI</arg>
<arg>LK</arg>
<arg>LR</arg>
<arg>LS</arg>
<arg>LT</arg>
<arg>LU</arg>
<arg>LV</arg>
<arg>LY</arg>
<arg>MA</arg>
<arg>MC</arg>
<arg>MD</arg>
<arg>ME</arg>
<arg>MF</arg>
<arg>MG</arg>
<arg>MH</arg>
<arg>MK</arg>
<arg>ML</arg>
<arg>MM</arg>
<arg>MN</arg>
<arg>MO</arg>
<arg>MP</arg>
<arg>MQ</arg>
<arg>MR</arg>
<arg>MS</arg>
<arg>MT</arg>
<arg>MU</arg>
<arg>MV</arg>
<arg>MW</arg>
<arg>MX</arg>
<arg>MY</arg>
<arg>MZ</arg>
<arg>NA</arg>
<arg>NC</arg>
<arg>NE</arg>
<arg>NF</arg>
<arg>NG</arg>
<arg>NI</arg>
<arg>NL</arg>
<arg>NO</arg>
<arg>NP</arg>
<arg>NR</arg>
<arg>NU</arg>
<arg>NZ</arg>
<arg>OM</arg>
<arg>PA</arg>
<arg>PE</arg>
<arg>PF</arg>
<arg>PG</arg>
<arg>PH</arg>
<arg>PK</arg>
<arg>PL</arg>
<arg>PM</arg>
<arg>PN</arg>
<arg>PR</arg>
<arg>PS</arg>
<arg>PT</arg>
<arg>PW</arg>
<arg>PY</arg>
<arg>QA</arg>
<arg>RE</arg>
<arg>RO</arg>
<arg>RS</arg>
<arg>RU</arg>
<arg>RW</arg>
<arg>SA</arg>
<arg>SB</arg>
<arg>SC</arg>
<arg>SD</arg>
<arg>SE</arg>
<arg>SG</arg>
<arg>SH</arg>
<arg>SI</arg>
<arg>SJ</arg>
<arg>SK</arg>
<arg>SL</arg>
<arg>SM</arg>
<arg>SN</arg>
<arg>SO</arg>
<arg>SR</arg>
<arg>SS</arg>
<arg>ST</arg>
<arg>SV</arg>
<arg>SX</arg>
<arg>SY</arg>
<arg>SZ</arg>
<arg>TC</arg>
<arg>TD</arg>
<arg>TF</arg>
<arg>TG</arg>
<arg>TH</arg>
<arg>TJ</arg>
<arg>TK</arg>
<arg>TL</arg>
<arg>TM</arg>
<arg>TN</arg>
<arg>TO</arg>
<arg>TR</arg>
<arg>TT</arg>
<arg>TV</arg>
<arg>TW</arg>
<arg>TZ</arg>
<arg>UA</arg>
<arg>UG</arg>
<arg>UM</arg>
<arg>US</arg>
<arg>UY</arg>
<arg>UZ</arg>
<arg>VA</arg>
<arg>VC</arg>
<arg>VE</arg>
<arg>VG</arg>
<arg>VI</arg>
<arg>VN</arg>
<arg>VU</arg>
<arg>WF</arg>
<arg>WS</arg>
<arg>XK</arg>
<arg>YE</arg>
<arg>YT</arg>
<arg>ZA</arg>
<arg>ZM</arg>
<arg>ZW</arg>
<doc>Returns a list containing given items.</doc>
<status status="PASS" start="2024-03-26T09:14:09.585305" elapsed="0.000666"/>
</kw>
<kw name="List Should Contain Value" owner="Collections">
<msg time="2024-03-26T09:14:09.587073" level="INFO">False</msg>
<arg>${list_country}</arg>
<arg>${name_country}</arg>
<doc>Fails if the ``value`` is not found from ``list``.</doc>
<status status="PASS" start="2024-03-26T09:14:09.586868" elapsed="0.000242"/>
</kw>
<kw name="Run Keyword If" owner="BuiltIn">
<kw name="Should Be True" owner="BuiltIn">
<arg>${True}</arg>
<doc>Fails if the given condition is not true.</doc>
<status status="PASS" start="2024-03-26T09:14:09.588178" elapsed="0.000145"/>
</kw>
<arg>${json_data["results"][0]["location"]["coordinates"]["latitude"]} &gt;= -90 and ${json_data["results"][0]["location"]["coordinates"]["latitude"]} &lt;= 90</arg>
<arg>Should Be True</arg>
<arg>${True}</arg>
<doc>Runs the given keyword with the given arguments, if ``condition`` is true.</doc>
<status status="PASS" start="2024-03-26T09:14:09.587420" elapsed="0.001032"/>
</kw>
<kw name="Run Keyword If" owner="BuiltIn">
<kw name="Should Be True" owner="BuiltIn">
<arg>${True}</arg>
<doc>Fails if the given condition is not true.</doc>
<status status="PASS" start="2024-03-26T09:14:09.589337" elapsed="0.000140"/>
</kw>
<arg>${json_data["results"][0]["location"]["coordinates"]["longitude"]} &gt;= -180 and ${json_data["results"][0]["location"]["coordinates"]["longitude"]} &lt;= 180</arg>
<arg>Should Be True</arg>
<arg>${True}</arg>
<doc>Runs the given keyword with the given arguments, if ``condition`` is true.</doc>
<status status="PASS" start="2024-03-26T09:14:09.588638" elapsed="0.000966"/>
</kw>
<status status="PASS" start="2024-03-26T09:14:09.485960" elapsed="0.103773"/>
</kw>
<doc>Testa o conteúdo específico dos campos retornados pela API.</doc>
<tag>testeConteudo</tag>
<status status="PASS" start="2024-03-26T09:14:09.485513" elapsed="0.104366"/>
</test>
<status status="PASS" start="2024-03-26T09:14:08.816812" elapsed="0.774950"/>
</suite>
<status status="PASS" start="2024-03-26T09:14:08.803179" elapsed="0.793874"/>
</suite>
<statistics>
<total>
<stat pass="5" fail="0" skip="0">All Tests</stat>
</total>
<tag>
<stat pass="1" fail="0" skip="0">testeConteudo</stat>
<stat pass="1" fail="0" skip="0">testeEstruturaResposta</stat>
<stat pass="1" fail="0" skip="0">testeRequisicaoBasica</stat>
<stat pass="1" fail="0" skip="0">testeTiposDados</stat>
</tag>
<suite>
<stat pass="5" fail="0" skip="0" id="s1" name="Tests">Tests</stat>
<stat pass="5" fail="0" skip="0" id="s1-s1" name="Random-User-Test">Tests.Random-User-Test</stat>
</suite>
</statistics>
<errors>
</errors>
</robot>
