<?xml version="1.0" encoding="UTF-8"?>
<robot generator="Robot 7.0 (Python 3.12.2 on linux)" generated="2024-04-08T10:16:54.359686" rpa="false" schemaversion="5">
<suite id="s1" name="Tests" source="/home/runner/work/DesafioQAItauRogerioJordao/DesafioQAItauRogerioJordao/RamdonUser/tests">
<suite id="s1-s1" name="Random-User-Test" source="/home/runner/work/DesafioQAItauRogerioJordao/DesafioQAItauRogerioJordao/RamdonUser/tests/random-user-test.robot">
<test id="s1-s1-t1" name="Conectar" line="13">
<kw name="Conectar API" owner="random-user-service">
<kw name="Create Session" owner="RequestsLibrary">
<msg time="2024-04-08T10:16:54.730047" level="INFO">Creating Session using : alias=consultarAPI, url=https://randomuser.me/, headers={},                     cookies={}, auth=None, timeout=None, proxies=None, verify=False,                     debug=0 </msg>
<arg>consultarAPI</arg>
<arg>${URL}</arg>
<doc>Create Session: create a HTTP session to a server</doc>
<status status="PASS" start="2024-04-08T10:16:54.729851" elapsed="0.000352"/>
</kw>
<status status="PASS" start="2024-04-08T10:16:54.728828" elapsed="0.001718"/>
</kw>
<status status="PASS" start="2024-04-08T10:16:54.728326" elapsed="0.002425"/>
</test>
<test id="s1-s1-t2" name="Validar retorno 200 e JSON Válido" line="16">
<kw name="Teste de Requisicao Basica" owner="random-user-service">
<kw name="GET On Session" owner="RequestsLibrary">
<msg time="2024-04-08T10:16:55.059001" level="INFO">GET Request : url=https://randomuser.me/api 
 path_url=/api 
 headers={'User-Agent': 'python-requests/2.31.0', 'Accept-Encoding': 'gzip, deflate', 'Accept': '*/*', 'Connection': 'keep-alive'} 
 body=None 
 </msg>
<msg time="2024-04-08T10:16:55.059105" level="INFO">GET Response : url=https://randomuser.me/api 
 status=200, reason=OK 
 headers={'Date': 'Mon, 08 Apr 2024 10:16:55 GMT', 'Content-Type': 'application/json; charset=utf-8', 'Transfer-Encoding': 'chunked', 'Connection': 'keep-alive', 'X-Powered-By': 'Express', 'Access-Control-Allow-Origin': '*', 'Cache-Control': 'no-cache', 'ETag': 'W/"4b4-RIvVDTqmemFvpo541BT6v5KaD2E"', 'Vary': 'Accept-Encoding', 'Content-Encoding': 'gzip', 'CF-Cache-Status': 'DYNAMIC', 'Report-To': '{"endpoints":[{"url":"https:\\/\\/a.nel.cloudflare.com\\/report\\/v4?s=wqrLQ7CaH3B2CDgGo7HBMo%2FxkOH1i%2BpkOGIAItXQgm%2B0ZrQGaVvnkUqZr0cE2zJ6vum%2FH3tv1juZzmlTCbMK6uu1cWudWAt07aj6wQQJ1yMEVUFg7XjntXrrmH4YlcZK"}],"group":"cf-nel","max_age":604800}', 'NEL': '{"success_fraction":0,"report_to":"cf-nel","max_age":604800}', 'Server': 'cloudflare', 'CF-RAY': '8711812ef93759eb-IAD', 'alt-svc': 'h3=":443"; ma=86400'} 
 body={"results":[{"gender":"female","name":{"title":"Miss","first":"Suzy","last":"Patterson"},"location":{"street":{"number":1591,"name":"Victoria Road"},"city":"Plymouth","state":"Gloucestershire","country":"United Kingdom","postcode":"X7V 4YG","coordinates":{"latitude":"-5.4647","longitude":"144.2024"},"timezone":{"offset":"+5:00","description":"Ekaterinburg, Islamabad, Karachi, Tashkent"}},"email":"suzy.patterson@example.com","login":{"uuid":"ea3b2ea6-46ab-43dd-aec3-fb926b1ba591","username":"brownwolf724","password":"ronald1","salt":"BOQnY254","md5":"2b7e1f616ea776f15bc5f2203fb1ae26","sha1":"146ed953130f5b4632e0887c4ed485bd967d7812","sha256":"200134e71f12d65c24f7ab267cdae6b8d666d73959f374ce5f82adec51a854f8"},"dob":{"date":"1976-11-10T19:20:07.545Z","age":47},"registered":{"date":"2005-12-16T16:17:30.376Z","age":18},"phone":"013873 05972","cell":"07065 798892","id":{"name":"NINO","value":"HW 21 91 24 O"},"picture":{"large":"https://randomuser.me/api/portraits/women/37.jpg","medium":"https://randomuser.me/api/portraits/med/women/37.jpg","thumbnail":"https://randomuser.me/api/portraits/thumb/women/37.jpg"},"nat":"GB"}],"info":{"seed":"0dc69e4cbe6a2214","results":1,"page":1,"version":"1.4"}} 
 </msg>
<msg time="2024-04-08T10:16:55.059174" level="INFO">/opt/hostedtoolcache/Python/3.12.2/x64/lib/python3.12/site-packages/urllib3/connectionpool.py:1103: InsecureRequestWarning: Unverified HTTPS request is being made to host 'randomuser.me'. Adding certificate verification is strongly advised. See: https://urllib3.readthedocs.io/en/latest/advanced-usage.html#tls-warnings
  warnings.warn(</msg>
<msg time="2024-04-08T10:16:55.059285" level="INFO">${response} = &lt;Response [200]&gt;</msg>
<var>${response}</var>
<arg>consultarAPI</arg>
<arg>/api</arg>
<doc>Sends a GET request on a previously created HTTP Session.</doc>
<status status="PASS" start="2024-04-08T10:16:54.733266" elapsed="0.326061"/>
</kw>
<kw name="Should Be Equal As Numbers" owner="BuiltIn">
<msg time="2024-04-08T10:16:55.060339" level="INFO">Argument types are:
&lt;class 'int'&gt;
&lt;class 'str'&gt;</msg>
<arg>${response.status_code}</arg>
<arg>200</arg>
<doc>Fails if objects are unequal after converting them to real numbers.</doc>
<status status="PASS" start="2024-04-08T10:16:55.059825" elapsed="0.000577"/>
</kw>
<kw name="Log" owner="BuiltIn">
<msg time="2024-04-08T10:16:55.061071" level="INFO">200</msg>
<arg>${response.status_code}</arg>
<doc>Logs the given message with the given level.</doc>
<status status="PASS" start="2024-04-08T10:16:55.060724" elapsed="0.000389"/>
</kw>
<kw name="Set Variable" owner="BuiltIn">
<msg time="2024-04-08T10:16:55.061921" level="INFO">${json_data} = {'results': [{'gender': 'female', 'name': {'title': 'Miss', 'first': 'Suzy', 'last': 'Patterson'}, 'location': {'street': {'number': 1591, 'name': 'Victoria Road'}, 'city': 'Plymouth', 'state': 'Glouc...</msg>
<var>${json_data}</var>
<arg>${response.json()}</arg>
<doc>Returns the given values which can then be assigned to a variables.</doc>
<status status="PASS" start="2024-04-08T10:16:55.061451" elapsed="0.000497"/>
</kw>
<kw name="Dictionary Should Contain Key" owner="Collections">
<msg time="2024-04-08T10:16:55.062412" level="INFO">False</msg>
<arg>${json_data}</arg>
<arg>results</arg>
<doc>Fails if ``key`` is not found from ``dictionary``.</doc>
<status status="PASS" start="2024-04-08T10:16:55.062251" elapsed="0.000200"/>
</kw>
<status status="PASS" start="2024-04-08T10:16:54.733020" elapsed="0.329686"/>
</kw>
<doc>Testa se a API responde corretamente e retorna um objeto JSON válido.</doc>
<tag>testeRequisicaoBasica</tag>
<status status="PASS" start="2024-04-08T10:16:54.732560" elapsed="0.330321"/>
</test>
<test id="s1-s1-t3" name="Validar estrutura de resposta" line="22">
<kw name="Teste de Estrutura de Resposta" owner="random-user-service">
<kw name="GET On Session" owner="RequestsLibrary">
<msg time="2024-04-08T10:16:55.137703" level="INFO">GET Request : url=https://randomuser.me/api 
 path_url=/api 
 headers={'User-Agent': 'python-requests/2.31.0', 'Accept-Encoding': 'gzip, deflate', 'Accept': '*/*', 'Connection': 'keep-alive'} 
 body=None 
 </msg>
<msg time="2024-04-08T10:16:55.137789" level="INFO">GET Response : url=https://randomuser.me/api 
 status=200, reason=OK 
 headers={'Date': 'Mon, 08 Apr 2024 10:16:55 GMT', 'Content-Type': 'application/json; charset=utf-8', 'Transfer-Encoding': 'chunked', 'Connection': 'keep-alive', 'X-Powered-By': 'Express', 'Access-Control-Allow-Origin': '*', 'Cache-Control': 'no-cache', 'ETag': 'W/"495-+mTpQMkQ4/D3lVpvua/YOy08K4A"', 'Vary': 'Accept-Encoding', 'Content-Encoding': 'gzip', 'CF-Cache-Status': 'DYNAMIC', 'Report-To': '{"endpoints":[{"url":"https:\\/\\/a.nel.cloudflare.com\\/report\\/v4?s=bj2iQ8%2FjuemldZTQStsKbzHFgLYFMZ8CcjtaI8sWzqTW8PLTNP9b58TTYzwKNXjVSiTZ8V8G2SdiN14E9b61xv4yV%2BhHj9pO63o%2BRW1%2F%2BiuzYnB5bdUyxCfoP1i4BbZw"}],"group":"cf-nel","max_age":604800}', 'NEL': '{"success_fraction":0,"report_to":"cf-nel","max_age":604800}', 'Server': 'cloudflare', 'CF-RAY': '8711813029fc59eb-IAD', 'alt-svc': 'h3=":443"; ma=86400'} 
 body={"results":[{"gender":"female","name":{"title":"Miss","first":"Inesa","last":"Goroh"},"location":{"street":{"number":5194,"name":"Mikilskiy provulok"},"city":"Mukachevo","state":"Poltavska","country":"Ukraine","postcode":55677,"coordinates":{"latitude":"80.7629","longitude":"35.3564"},"timezone":{"offset":"+3:00","description":"Baghdad, Riyadh, Moscow, St. Petersburg"}},"email":"inesa.goroh@example.com","login":{"uuid":"5318899a-8c35-4488-81f2-bc2f50663f8b","username":"blackostrich809","password":"vernon","salt":"WmwtHFpg","md5":"0fb4f3b17d830bd41e9fe07e22aec844","sha1":"019734878a9b960eae5fbdb5f094357513335f4d","sha256":"13120e7cad4a39ebdaca1273167e0a47ea4cb7b08727e8aa173cb10c18b051b6"},"dob":{"date":"1953-10-19T04:15:45.456Z","age":70},"registered":{"date":"2021-06-16T23:00:37.985Z","age":2},"phone":"(066) L42-9577","cell":"(097) G32-3576","id":{"name":"","value":null},"picture":{"large":"https://randomuser.me/api/portraits/women/32.jpg","medium":"https://randomuser.me/api/portraits/med/women/32.jpg","thumbnail":"https://randomuser.me/api/portraits/thumb/women/32.jpg"},"nat":"UA"}],"info":{"seed":"21a6ad03b7a7754c","results":1,"page":1,"version":"1.4"}} 
 </msg>
<msg time="2024-04-08T10:16:55.137925" level="INFO">/opt/hostedtoolcache/Python/3.12.2/x64/lib/python3.12/site-packages/urllib3/connectionpool.py:1103: InsecureRequestWarning: Unverified HTTPS request is being made to host 'randomuser.me'. Adding certificate verification is strongly advised. See: https://urllib3.readthedocs.io/en/latest/advanced-usage.html#tls-warnings
  warnings.warn(</msg>
<msg time="2024-04-08T10:16:55.138053" level="INFO">${response} = &lt;Response [200]&gt;</msg>
<var>${response}</var>
<arg>consultarAPI</arg>
<arg>/api</arg>
<doc>Sends a GET request on a previously created HTTP Session.</doc>
<status status="PASS" start="2024-04-08T10:16:55.065629" elapsed="0.072478"/>
</kw>
<kw name="Set Variable" owner="BuiltIn">
<msg time="2024-04-08T10:16:55.139141" level="INFO">${json_data} = {'results': [{'gender': 'female', 'name': {'title': 'Miss', 'first': 'Inesa', 'last': 'Goroh'}, 'location': {'street': {'number': 5194, 'name': 'Mikilskiy provulok'}, 'city': 'Mukachevo', 'state': 'Po...</msg>
<var>${json_data}</var>
<arg>${response.json()}</arg>
<doc>Returns the given values which can then be assigned to a variables.</doc>
<status status="PASS" start="2024-04-08T10:16:55.138589" elapsed="0.000580"/>
</kw>
<kw name="Log" owner="BuiltIn">
<msg time="2024-04-08T10:16:55.139634" level="INFO">{'results': [{'gender': 'female', 'name': {'title': 'Miss', 'first': 'Inesa', 'last': 'Goroh'}, 'location': {'street': {'number': 5194, 'name': 'Mikilskiy provulok'}, 'city': 'Mukachevo', 'state': 'Poltavska', 'country': 'Ukraine', 'postcode': 55677, 'coordinates': {'latitude': '80.7629', 'longitude': '35.3564'}, 'timezone': {'offset': '+3:00', 'description': 'Baghdad, Riyadh, Moscow, St. Petersburg'}}, 'email': 'inesa.goroh@example.com', 'login': {'uuid': '5318899a-8c35-4488-81f2-bc2f50663f8b', 'username': 'blackostrich809', 'password': 'vernon', 'salt': 'WmwtHFpg', 'md5': '0fb4f3b17d830bd41e9fe07e22aec844', 'sha1': '019734878a9b960eae5fbdb5f094357513335f4d', 'sha256': '13120e7cad4a39ebdaca1273167e0a47ea4cb7b08727e8aa173cb10c18b051b6'}, 'dob': {'date': '1953-10-19T04:15:45.456Z', 'age': 70}, 'registered': {'date': '2021-06-16T23:00:37.985Z', 'age': 2}, 'phone': '(066) L42-9577', 'cell': '(097) G32-3576', 'id': {'name': '', 'value': None}, 'picture': {'large': 'https://randomuser.me/api/portraits/women/32.jpg', 'medium': 'https://randomuser.me/api/portraits/med/women/32.jpg', 'thumbnail': 'https://randomuser.me/api/portraits/thumb/women/32.jpg'}, 'nat': 'UA'}], 'info': {'seed': '21a6ad03b7a7754c', 'results': 1, 'page': 1, 'version': '1.4'}}</msg>
<arg>${json_data}</arg>
<doc>Logs the given message with the given level.</doc>
<status status="PASS" start="2024-04-08T10:16:55.139480" elapsed="0.000201"/>
</kw>
<kw name="Dictionary Should Contain Key" owner="Collections">
<msg time="2024-04-08T10:16:55.140128" level="INFO">False</msg>
<arg>${json_data}</arg>
<arg>results</arg>
<doc>Fails if ``key`` is not found from ``dictionary``.</doc>
<status status="PASS" start="2024-04-08T10:16:55.139977" elapsed="0.000187"/>
</kw>
<kw name="Should Not Be Empty" owner="BuiltIn">
<msg time="2024-04-08T10:16:55.140592" level="INFO">Length is 2.</msg>
<arg>${json_data}</arg>
<doc>Verifies that the given item is not empty.</doc>
<status status="PASS" start="2024-04-08T10:16:55.140458" elapsed="0.000172"/>
</kw>
<kw name="Create List" owner="BuiltIn">
<msg time="2024-04-08T10:16:55.141063" level="INFO">${expected_keys} = ['gender', 'name', 'location', 'email', 'login']</msg>
<var>${expected_keys}</var>
<arg>gender</arg>
<arg>name</arg>
<arg>location</arg>
<arg>email</arg>
<arg>login</arg>
<doc>Returns a list containing given items.</doc>
<status status="PASS" start="2024-04-08T10:16:55.140917" elapsed="0.000170"/>
</kw>
<for flavor="IN">
<iter>
<kw name="Dictionary Should Contain Key" owner="Collections">
<msg time="2024-04-08T10:16:55.142079" level="INFO">False</msg>
<arg>${json_data['results'][0]}</arg>
<arg>${key}</arg>
<doc>Fails if ``key`` is not found from ``dictionary``.</doc>
<status status="PASS" start="2024-04-08T10:16:55.141673" elapsed="0.000446"/>
</kw>
<kw name="Log" owner="BuiltIn">
<msg time="2024-04-08T10:16:55.142803" level="INFO">{'gender': 'female', 'name': {'title': 'Miss', 'first': 'Inesa', 'last': 'Goroh'}, 'location': {'street': {'number': 5194, 'name': 'Mikilskiy provulok'}, 'city': 'Mukachevo', 'state': 'Poltavska', 'country': 'Ukraine', 'postcode': 55677, 'coordinates': {'latitude': '80.7629', 'longitude': '35.3564'}, 'timezone': {'offset': '+3:00', 'description': 'Baghdad, Riyadh, Moscow, St. Petersburg'}}, 'email': 'inesa.goroh@example.com', 'login': {'uuid': '5318899a-8c35-4488-81f2-bc2f50663f8b', 'username': 'blackostrich809', 'password': 'vernon', 'salt': 'WmwtHFpg', 'md5': '0fb4f3b17d830bd41e9fe07e22aec844', 'sha1': '019734878a9b960eae5fbdb5f094357513335f4d', 'sha256': '13120e7cad4a39ebdaca1273167e0a47ea4cb7b08727e8aa173cb10c18b051b6'}, 'dob': {'date': '1953-10-19T04:15:45.456Z', 'age': 70}, 'registered': {'date': '2021-06-16T23:00:37.985Z', 'age': 2}, 'phone': '(066) L42-9577', 'cell': '(097) G32-3576', 'id': {'name': '', 'value': None}, 'picture': {'large': 'https://randomuser.me/api/portraits/women/32.jpg', 'medium': 'https://randomuser.me/api/portraits/med/women/32.jpg', 'thumbnail': 'https://randomuser.me/api/portraits/thumb/women/32.jpg'}, 'nat': 'UA'}</msg>
<arg>${json_data['results'][0]}</arg>
<doc>Logs the given message with the given level.</doc>
<status status="PASS" start="2024-04-08T10:16:55.142437" elapsed="0.000423"/>
</kw>
<kw name="Log" owner="BuiltIn">
<msg time="2024-04-08T10:16:55.143299" level="INFO">gender</msg>
<arg>${key}</arg>
<doc>Logs the given message with the given level.</doc>
<status status="PASS" start="2024-04-08T10:16:55.143168" elapsed="0.000169"/>
</kw>
<var name="${key}">gender</var>
<status status="PASS" start="2024-04-08T10:16:55.141513" elapsed="0.002050"/>
</iter>
<iter>
<kw name="Dictionary Should Contain Key" owner="Collections">
<msg time="2024-04-08T10:16:55.144259" level="INFO">False</msg>
<arg>${json_data['results'][0]}</arg>
<arg>${key}</arg>
<doc>Fails if ``key`` is not found from ``dictionary``.</doc>
<status status="PASS" start="2024-04-08T10:16:55.143869" elapsed="0.000428"/>
</kw>
<kw name="Log" owner="BuiltIn">
<msg time="2024-04-08T10:16:55.144988" level="INFO">{'gender': 'female', 'name': {'title': 'Miss', 'first': 'Inesa', 'last': 'Goroh'}, 'location': {'street': {'number': 5194, 'name': 'Mikilskiy provulok'}, 'city': 'Mukachevo', 'state': 'Poltavska', 'country': 'Ukraine', 'postcode': 55677, 'coordinates': {'latitude': '80.7629', 'longitude': '35.3564'}, 'timezone': {'offset': '+3:00', 'description': 'Baghdad, Riyadh, Moscow, St. Petersburg'}}, 'email': 'inesa.goroh@example.com', 'login': {'uuid': '5318899a-8c35-4488-81f2-bc2f50663f8b', 'username': 'blackostrich809', 'password': 'vernon', 'salt': 'WmwtHFpg', 'md5': '0fb4f3b17d830bd41e9fe07e22aec844', 'sha1': '019734878a9b960eae5fbdb5f094357513335f4d', 'sha256': '13120e7cad4a39ebdaca1273167e0a47ea4cb7b08727e8aa173cb10c18b051b6'}, 'dob': {'date': '1953-10-19T04:15:45.456Z', 'age': 70}, 'registered': {'date': '2021-06-16T23:00:37.985Z', 'age': 2}, 'phone': '(066) L42-9577', 'cell': '(097) G32-3576', 'id': {'name': '', 'value': None}, 'picture': {'large': 'https://randomuser.me/api/portraits/women/32.jpg', 'medium': 'https://randomuser.me/api/portraits/med/women/32.jpg', 'thumbnail': 'https://randomuser.me/api/portraits/thumb/women/32.jpg'}, 'nat': 'UA'}</msg>
<arg>${json_data['results'][0]}</arg>
<doc>Logs the given message with the given level.</doc>
<status status="PASS" start="2024-04-08T10:16:55.144625" elapsed="0.000410"/>
</kw>
<kw name="Log" owner="BuiltIn">
<msg time="2024-04-08T10:16:55.145466" level="INFO">name</msg>
<arg>${key}</arg>
<doc>Logs the given message with the given level.</doc>
<status status="PASS" start="2024-04-08T10:16:55.145337" elapsed="0.000167"/>
</kw>
<var name="${key}">name</var>
<status status="PASS" start="2024-04-08T10:16:55.143753" elapsed="0.002010"/>
</iter>
<iter>
<kw name="Dictionary Should Contain Key" owner="Collections">
<msg time="2024-04-08T10:16:55.146436" level="INFO">False</msg>
<arg>${json_data['results'][0]}</arg>
<arg>${key}</arg>
<doc>Fails if ``key`` is not found from ``dictionary``.</doc>
<status status="PASS" start="2024-04-08T10:16:55.146057" elapsed="0.000417"/>
</kw>
<kw name="Log" owner="BuiltIn">
<msg time="2024-04-08T10:16:55.147138" level="INFO">{'gender': 'female', 'name': {'title': 'Miss', 'first': 'Inesa', 'last': 'Goroh'}, 'location': {'street': {'number': 5194, 'name': 'Mikilskiy provulok'}, 'city': 'Mukachevo', 'state': 'Poltavska', 'country': 'Ukraine', 'postcode': 55677, 'coordinates': {'latitude': '80.7629', 'longitude': '35.3564'}, 'timezone': {'offset': '+3:00', 'description': 'Baghdad, Riyadh, Moscow, St. Petersburg'}}, 'email': 'inesa.goroh@example.com', 'login': {'uuid': '5318899a-8c35-4488-81f2-bc2f50663f8b', 'username': 'blackostrich809', 'password': 'vernon', 'salt': 'WmwtHFpg', 'md5': '0fb4f3b17d830bd41e9fe07e22aec844', 'sha1': '019734878a9b960eae5fbdb5f094357513335f4d', 'sha256': '13120e7cad4a39ebdaca1273167e0a47ea4cb7b08727e8aa173cb10c18b051b6'}, 'dob': {'date': '1953-10-19T04:15:45.456Z', 'age': 70}, 'registered': {'date': '2021-06-16T23:00:37.985Z', 'age': 2}, 'phone': '(066) L42-9577', 'cell': '(097) G32-3576', 'id': {'name': '', 'value': None}, 'picture': {'large': 'https://randomuser.me/api/portraits/women/32.jpg', 'medium': 'https://randomuser.me/api/portraits/med/women/32.jpg', 'thumbnail': 'https://randomuser.me/api/portraits/thumb/women/32.jpg'}, 'nat': 'UA'}</msg>
<arg>${json_data['results'][0]}</arg>
<doc>Logs the given message with the given level.</doc>
<status status="PASS" start="2024-04-08T10:16:55.146777" elapsed="0.000413"/>
</kw>
<kw name="Log" owner="BuiltIn">
<msg time="2024-04-08T10:16:55.147617" level="INFO">location</msg>
<arg>${key}</arg>
<doc>Logs the given message with the given level.</doc>
<status status="PASS" start="2024-04-08T10:16:55.147490" elapsed="0.000176"/>
</kw>
<var name="${key}">location</var>
<status status="PASS" start="2024-04-08T10:16:55.145943" elapsed="0.001958"/>
</iter>
<iter>
<kw name="Dictionary Should Contain Key" owner="Collections">
<msg time="2024-04-08T10:16:55.148570" level="INFO">False</msg>
<arg>${json_data['results'][0]}</arg>
<arg>${key}</arg>
<doc>Fails if ``key`` is not found from ``dictionary``.</doc>
<status status="PASS" start="2024-04-08T10:16:55.148188" elapsed="0.000420"/>
</kw>
<kw name="Log" owner="BuiltIn">
<msg time="2024-04-08T10:16:55.149267" level="INFO">{'gender': 'female', 'name': {'title': 'Miss', 'first': 'Inesa', 'last': 'Goroh'}, 'location': {'street': {'number': 5194, 'name': 'Mikilskiy provulok'}, 'city': 'Mukachevo', 'state': 'Poltavska', 'country': 'Ukraine', 'postcode': 55677, 'coordinates': {'latitude': '80.7629', 'longitude': '35.3564'}, 'timezone': {'offset': '+3:00', 'description': 'Baghdad, Riyadh, Moscow, St. Petersburg'}}, 'email': 'inesa.goroh@example.com', 'login': {'uuid': '5318899a-8c35-4488-81f2-bc2f50663f8b', 'username': 'blackostrich809', 'password': 'vernon', 'salt': 'WmwtHFpg', 'md5': '0fb4f3b17d830bd41e9fe07e22aec844', 'sha1': '019734878a9b960eae5fbdb5f094357513335f4d', 'sha256': '13120e7cad4a39ebdaca1273167e0a47ea4cb7b08727e8aa173cb10c18b051b6'}, 'dob': {'date': '1953-10-19T04:15:45.456Z', 'age': 70}, 'registered': {'date': '2021-06-16T23:00:37.985Z', 'age': 2}, 'phone': '(066) L42-9577', 'cell': '(097) G32-3576', 'id': {'name': '', 'value': None}, 'picture': {'large': 'https://randomuser.me/api/portraits/women/32.jpg', 'medium': 'https://randomuser.me/api/portraits/med/women/32.jpg', 'thumbnail': 'https://randomuser.me/api/portraits/thumb/women/32.jpg'}, 'nat': 'UA'}</msg>
<arg>${json_data['results'][0]}</arg>
<doc>Logs the given message with the given level.</doc>
<status status="PASS" start="2024-04-08T10:16:55.148911" elapsed="0.000405"/>
</kw>
<kw name="Log" owner="BuiltIn">
<msg time="2024-04-08T10:16:55.149774" level="INFO">email</msg>
<arg>${key}</arg>
<doc>Logs the given message with the given level.</doc>
<status status="PASS" start="2024-04-08T10:16:55.149634" elapsed="0.000178"/>
</kw>
<var name="${key}">email</var>
<status status="PASS" start="2024-04-08T10:16:55.148076" elapsed="0.001954"/>
</iter>
<iter>
<kw name="Dictionary Should Contain Key" owner="Collections">
<msg time="2024-04-08T10:16:55.150700" level="INFO">False</msg>
<arg>${json_data['results'][0]}</arg>
<arg>${key}</arg>
<doc>Fails if ``key`` is not found from ``dictionary``.</doc>
<status status="PASS" start="2024-04-08T10:16:55.150318" elapsed="0.000419"/>
</kw>
<kw name="Log" owner="BuiltIn">
<msg time="2024-04-08T10:16:55.151393" level="INFO">{'gender': 'female', 'name': {'title': 'Miss', 'first': 'Inesa', 'last': 'Goroh'}, 'location': {'street': {'number': 5194, 'name': 'Mikilskiy provulok'}, 'city': 'Mukachevo', 'state': 'Poltavska', 'country': 'Ukraine', 'postcode': 55677, 'coordinates': {'latitude': '80.7629', 'longitude': '35.3564'}, 'timezone': {'offset': '+3:00', 'description': 'Baghdad, Riyadh, Moscow, St. Petersburg'}}, 'email': 'inesa.goroh@example.com', 'login': {'uuid': '5318899a-8c35-4488-81f2-bc2f50663f8b', 'username': 'blackostrich809', 'password': 'vernon', 'salt': 'WmwtHFpg', 'md5': '0fb4f3b17d830bd41e9fe07e22aec844', 'sha1': '019734878a9b960eae5fbdb5f094357513335f4d', 'sha256': '13120e7cad4a39ebdaca1273167e0a47ea4cb7b08727e8aa173cb10c18b051b6'}, 'dob': {'date': '1953-10-19T04:15:45.456Z', 'age': 70}, 'registered': {'date': '2021-06-16T23:00:37.985Z', 'age': 2}, 'phone': '(066) L42-9577', 'cell': '(097) G32-3576', 'id': {'name': '', 'value': None}, 'picture': {'large': 'https://randomuser.me/api/portraits/women/32.jpg', 'medium': 'https://randomuser.me/api/portraits/med/women/32.jpg', 'thumbnail': 'https://randomuser.me/api/portraits/thumb/women/32.jpg'}, 'nat': 'UA'}</msg>
<arg>${json_data['results'][0]}</arg>
<doc>Logs the given message with the given level.</doc>
<status status="PASS" start="2024-04-08T10:16:55.151034" elapsed="0.000406"/>
</kw>
<kw name="Log" owner="BuiltIn">
<msg time="2024-04-08T10:16:55.151865" level="INFO">login</msg>
<arg>${key}</arg>
<doc>Logs the given message with the given level.</doc>
<status status="PASS" start="2024-04-08T10:16:55.151733" elapsed="0.000176"/>
</kw>
<var name="${key}">login</var>
<status status="PASS" start="2024-04-08T10:16:55.150205" elapsed="0.001945"/>
</iter>
<var>${key}</var>
<value>@{expected_keys}</value>
<status status="PASS" start="2024-04-08T10:16:55.141338" elapsed="0.010939"/>
</for>
<kw name="Create List" owner="BuiltIn">
<msg time="2024-04-08T10:16:55.152610" level="INFO">${expected_keysTwo} = ['username', 'password']</msg>
<var>${expected_keysTwo}</var>
<arg>username</arg>
<arg>password</arg>
<doc>Returns a list containing given items.</doc>
<status status="PASS" start="2024-04-08T10:16:55.152470" elapsed="0.000164"/>
</kw>
<for flavor="IN">
<iter>
<kw name="Dictionary Should Contain Key" owner="Collections">
<msg time="2024-04-08T10:16:55.153663" level="INFO">False</msg>
<arg>${json_data['results'][0]['login']}</arg>
<arg>${keyTwo}</arg>
<doc>Fails if ``key`` is not found from ``dictionary``.</doc>
<status status="PASS" start="2024-04-08T10:16:55.153242" elapsed="0.000459"/>
</kw>
<kw name="Dictionary Should Contain Key" owner="Collections">
<msg time="2024-04-08T10:16:55.154385" level="INFO">False</msg>
<arg>${json_data['results'][0]['login']}</arg>
<arg>${keyTwo}</arg>
<doc>Fails if ``key`` is not found from ``dictionary``.</doc>
<status status="PASS" start="2024-04-08T10:16:55.154005" elapsed="0.000418"/>
</kw>
<kw name="Log" owner="BuiltIn">
<msg time="2024-04-08T10:16:55.154849" level="INFO">username</msg>
<arg>${keyTwo}</arg>
<doc>Logs the given message with the given level.</doc>
<status status="PASS" start="2024-04-08T10:16:55.154721" elapsed="0.000165"/>
</kw>
<var name="${keyTwo}">username</var>
<status status="PASS" start="2024-04-08T10:16:55.153128" elapsed="0.001974"/>
</iter>
<iter>
<kw name="Dictionary Should Contain Key" owner="Collections">
<msg time="2024-04-08T10:16:55.155763" level="INFO">False</msg>
<arg>${json_data['results'][0]['login']}</arg>
<arg>${keyTwo}</arg>
<doc>Fails if ``key`` is not found from ``dictionary``.</doc>
<status status="PASS" start="2024-04-08T10:16:55.155389" elapsed="0.000412"/>
</kw>
<kw name="Dictionary Should Contain Key" owner="Collections">
<msg time="2024-04-08T10:16:55.156473" level="INFO">False</msg>
<arg>${json_data['results'][0]['login']}</arg>
<arg>${keyTwo}</arg>
<doc>Fails if ``key`` is not found from ``dictionary``.</doc>
<status status="PASS" start="2024-04-08T10:16:55.156097" elapsed="0.000413"/>
</kw>
<kw name="Log" owner="BuiltIn">
<msg time="2024-04-08T10:16:55.156930" level="INFO">password</msg>
<arg>${keyTwo}</arg>
<doc>Logs the given message with the given level.</doc>
<status status="PASS" start="2024-04-08T10:16:55.156803" elapsed="0.000165"/>
</kw>
<var name="${keyTwo}">password</var>
<status status="PASS" start="2024-04-08T10:16:55.155279" elapsed="0.001904"/>
</iter>
<var>${keyTwo}</var>
<value>@{expected_keysTwo}</value>
<status status="PASS" start="2024-04-08T10:16:55.152872" elapsed="0.004431"/>
</for>
<status status="PASS" start="2024-04-08T10:16:55.065368" elapsed="0.092071"/>
</kw>
<doc>Testa a estrutura da resposta da API.</doc>
<tag>testeEstruturaResposta</tag>
<status status="PASS" start="2024-04-08T10:16:55.064658" elapsed="0.092953"/>
</test>
<test id="s1-s1-t4" name="Validar tipos de dados" line="28">
<kw name="Teste de Tipos de Dados" owner="random-user-service">
<kw name="GET On Session" owner="RequestsLibrary">
<msg time="2024-04-08T10:16:55.221062" level="INFO">GET Request : url=https://randomuser.me/api 
 path_url=/api 
 headers={'User-Agent': 'python-requests/2.31.0', 'Accept-Encoding': 'gzip, deflate', 'Accept': '*/*', 'Connection': 'keep-alive'} 
 body=None 
 </msg>
<msg time="2024-04-08T10:16:55.221147" level="INFO">GET Response : url=https://randomuser.me/api 
 status=200, reason=OK 
 headers={'Date': 'Mon, 08 Apr 2024 10:16:55 GMT', 'Content-Type': 'application/json; charset=utf-8', 'Transfer-Encoding': 'chunked', 'Connection': 'keep-alive', 'X-Powered-By': 'Express', 'Access-Control-Allow-Origin': '*', 'Cache-Control': 'no-cache', 'ETag': 'W/"4ab-pfv2Y6xRjF2oNFZ3/zDlc41Q7x8"', 'Vary': 'Accept-Encoding', 'Content-Encoding': 'gzip', 'CF-Cache-Status': 'DYNAMIC', 'Report-To': '{"endpoints":[{"url":"https:\\/\\/a.nel.cloudflare.com\\/report\\/v4?s=Hqz8SUUs84haXR825CLLzcp1xs5bOu463qaJVEhciBHU6NIGVmD0uq16zn4I%2FFIzIdy3w56Ahy6SVjw4eAjLOfZHgv0m42JUdmrEkgQJNdgQP7aYcBv1Mzk%2By4TcvfkC"}],"group":"cf-nel","max_age":604800}', 'NEL': '{"success_fraction":0,"report_to":"cf-nel","max_age":604800}', 'Server': 'cloudflare', 'CF-RAY': '87118130ca5759eb-IAD', 'alt-svc': 'h3=":443"; ma=86400'} 
 body={"results":[{"gender":"female","name":{"title":"Miss","first":"Heidi","last":"Thompson"},"location":{"street":{"number":9098,"name":"Park Avenue"},"city":"Edinburgh","state":"Cumbria","country":"United Kingdom","postcode":"A94 9TG","coordinates":{"latitude":"-7.8714","longitude":"2.9698"},"timezone":{"offset":"0:00","description":"Western Europe Time, London, Lisbon, Casablanca"}},"email":"heidi.thompson@example.com","login":{"uuid":"6e27e943-1889-41ed-8605-3ae8dd07e02f","username":"greendog669","password":"3000gt","salt":"HHMe6ZGz","md5":"59f9bdcfdb6e54ca4a70c28d79d88b0d","sha1":"e69cf6c6eb2c73f5d8eec322d3f8f7d9db42e061","sha256":"f74fe7b3423265a75e150b7b872d9dbea26df4f24d804f59133c095b9f730e6b"},"dob":{"date":"1995-03-18T00:20:55.672Z","age":29},"registered":{"date":"2012-12-10T07:56:18.559Z","age":11},"phone":"015394 07206","cell":"07692 412879","id":{"name":"NINO","value":"KK 36 65 49 U"},"picture":{"large":"https://randomuser.me/api/portraits/women/82.jpg","medium":"https://randomuser.me/api/portraits/med/women/82.jpg","thumbnail":"https://randomuser.me/api/portraits/thumb/women/82.jpg"},"nat":"GB"}],"info":{"seed":"4fafba1bc025f41b","results":1,"page":1,"version":"1.4"}} 
 </msg>
<msg time="2024-04-08T10:16:55.221220" level="INFO">/opt/hostedtoolcache/Python/3.12.2/x64/lib/python3.12/site-packages/urllib3/connectionpool.py:1103: InsecureRequestWarning: Unverified HTTPS request is being made to host 'randomuser.me'. Adding certificate verification is strongly advised. See: https://urllib3.readthedocs.io/en/latest/advanced-usage.html#tls-warnings
  warnings.warn(</msg>
<msg time="2024-04-08T10:16:55.221333" level="INFO">${response} = &lt;Response [200]&gt;</msg>
<var>${response}</var>
<arg>consultarAPI</arg>
<arg>/api</arg>
<doc>Sends a GET request on a previously created HTTP Session.</doc>
<status status="PASS" start="2024-04-08T10:16:55.160094" elapsed="0.061280"/>
</kw>
<kw name="Set Variable" owner="BuiltIn">
<msg time="2024-04-08T10:16:55.222418" level="INFO">${json_data} = {'results': [{'gender': 'female', 'name': {'title': 'Miss', 'first': 'Heidi', 'last': 'Thompson'}, 'location': {'street': {'number': 9098, 'name': 'Park Avenue'}, 'city': 'Edinburgh', 'state': 'Cumbri...</msg>
<var>${json_data}</var>
<arg>${response.json()}</arg>
<doc>Returns the given values which can then be assigned to a variables.</doc>
<status status="PASS" start="2024-04-08T10:16:55.221863" elapsed="0.000583"/>
</kw>
<kw name="Log" owner="BuiltIn">
<msg time="2024-04-08T10:16:55.222917" level="INFO">{'results': [{'gender': 'female', 'name': {'title': 'Miss', 'first': 'Heidi', 'last': 'Thompson'}, 'location': {'street': {'number': 9098, 'name': 'Park Avenue'}, 'city': 'Edinburgh', 'state': 'Cumbria', 'country': 'United Kingdom', 'postcode': 'A94 9TG', 'coordinates': {'latitude': '-7.8714', 'longitude': '2.9698'}, 'timezone': {'offset': '0:00', 'description': 'Western Europe Time, London, Lisbon, Casablanca'}}, 'email': 'heidi.thompson@example.com', 'login': {'uuid': '6e27e943-1889-41ed-8605-3ae8dd07e02f', 'username': 'greendog669', 'password': '3000gt', 'salt': 'HHMe6ZGz', 'md5': '59f9bdcfdb6e54ca4a70c28d79d88b0d', 'sha1': 'e69cf6c6eb2c73f5d8eec322d3f8f7d9db42e061', 'sha256': 'f74fe7b3423265a75e150b7b872d9dbea26df4f24d804f59133c095b9f730e6b'}, 'dob': {'date': '1995-03-18T00:20:55.672Z', 'age': 29}, 'registered': {'date': '2012-12-10T07:56:18.559Z', 'age': 11}, 'phone': '015394 07206', 'cell': '07692 412879', 'id': {'name': 'NINO', 'value': 'KK 36 65 49 U'}, 'picture': {'large': 'https://randomuser.me/api/portraits/women/82.jpg', 'medium': 'https://randomuser.me/api/portraits/med/women/82.jpg', 'thumbnail': 'https://randomuser.me/api/portraits/thumb/women/82.jpg'}, 'nat': 'GB'}], 'info': {'seed': '4fafba1bc025f41b', 'results': 1, 'page': 1, 'version': '1.4'}}</msg>
<arg>${json_data}</arg>
<doc>Logs the given message with the given level.</doc>
<status status="PASS" start="2024-04-08T10:16:55.222765" elapsed="0.000230"/>
</kw>
<kw name="Should Be String" owner="String">
<arg>${json_data['results'][0]['gender']}</arg>
<doc>Fails if the given ``item`` is not a string.</doc>
<status status="PASS" start="2024-04-08T10:16:55.223298" elapsed="0.000367"/>
</kw>
<kw name="Should Match Regexp" owner="BuiltIn">
<arg>${json_data['results'][0]['email']}</arg>
<arg>^[a-zA-Z0-9._%+-]+@[a-zA-Z0-9.-]+\.[a-zA-Z]{2,}$</arg>
<doc>Fails if ``string`` does not match ``pattern`` as a regular expression.</doc>
<status status="PASS" start="2024-04-08T10:16:55.223858" elapsed="0.000497"/>
</kw>
<kw name="Should Match Regexp" owner="BuiltIn">
<arg>${json_data['results'][0]['dob']['date']}</arg>
<arg>\\d{4}-\\d{2}-\\d{2}T\\d{2}:\\d{2}:\\d{2}\\.\\d{3}Z</arg>
<doc>Fails if ``string`` does not match ``pattern`` as a regular expression.</doc>
<status status="PASS" start="2024-04-08T10:16:55.224555" elapsed="0.000493"/>
</kw>
<kw name="Should Match Regexp" owner="BuiltIn">
<arg>${json_data['results'][0]['registered']['date']}</arg>
<arg>\\d{4}-\\d{2}-\\d{2}T\\d{2}:\\d{2}:\\d{2}\\.\\d{3}Z</arg>
<doc>Fails if ``string`` does not match ``pattern`` as a regular expression.</doc>
<status status="PASS" start="2024-04-08T10:16:55.225247" elapsed="0.000413"/>
</kw>
<kw name="Should Match Regexp" owner="BuiltIn">
<arg>${json_data['results'][0]['picture']['large']}</arg>
<arg>^https?://.*\.(?:png|jpe?g|gif|bmp)$</arg>
<doc>Fails if ``string`` does not match ``pattern`` as a regular expression.</doc>
<status status="PASS" start="2024-04-08T10:16:55.225876" elapsed="0.000465"/>
</kw>
<kw name="Should Match Regexp" owner="BuiltIn">
<arg>${json_data['results'][0]['picture']['medium']}</arg>
<arg>^https?://.*\.(?:png|jpe?g|gif|bmp)$</arg>
<doc>Fails if ``string`` does not match ``pattern`` as a regular expression.</doc>
<status status="PASS" start="2024-04-08T10:16:55.226534" elapsed="0.000364"/>
</kw>
<kw name="Should Match Regexp" owner="BuiltIn">
<arg>${json_data['results'][0]['picture']['thumbnail']}</arg>
<arg>^https?://.*\.(?:png|jpe?g|gif|bmp)$</arg>
<doc>Fails if ``string`` does not match ``pattern`` as a regular expression.</doc>
<status status="PASS" start="2024-04-08T10:16:55.227084" elapsed="0.000357"/>
</kw>
<kw name="Log" owner="BuiltIn">
<msg time="2024-04-08T10:16:55.227956" level="INFO">{'large': 'https://randomuser.me/api/portraits/women/82.jpg', 'medium': 'https://randomuser.me/api/portraits/med/women/82.jpg', 'thumbnail': 'https://randomuser.me/api/portraits/thumb/women/82.jpg'}</msg>
<arg>${json_data['results'][0]['picture']}</arg>
<doc>Logs the given message with the given level.</doc>
<status status="PASS" start="2024-04-08T10:16:55.227625" elapsed="0.000373"/>
</kw>
<status status="PASS" start="2024-04-08T10:16:55.159866" elapsed="0.068391"/>
</kw>
<kw name="Teste de Tipos de Dados - Postcode" owner="random-user-service">
<kw name="GET On Session" owner="RequestsLibrary">
<msg time="2024-04-08T10:16:55.316557" level="INFO">GET Request : url=https://randomuser.me/api 
 path_url=/api 
 headers={'User-Agent': 'python-requests/2.31.0', 'Accept-Encoding': 'gzip, deflate', 'Accept': '*/*', 'Connection': 'keep-alive'} 
 body=None 
 </msg>
<msg time="2024-04-08T10:16:55.316627" level="INFO">GET Response : url=https://randomuser.me/api 
 status=200, reason=OK 
 headers={'Date': 'Mon, 08 Apr 2024 10:16:55 GMT', 'Content-Type': 'application/json; charset=utf-8', 'Transfer-Encoding': 'chunked', 'Connection': 'keep-alive', 'X-Powered-By': 'Express', 'Access-Control-Allow-Origin': '*', 'Cache-Control': 'no-cache', 'ETag': 'W/"491-SvzBOca055psV5mz7AvI5PO/Zjc"', 'Vary': 'Accept-Encoding', 'Content-Encoding': 'gzip', 'CF-Cache-Status': 'DYNAMIC', 'Report-To': '{"endpoints":[{"url":"https:\\/\\/a.nel.cloudflare.com\\/report\\/v4?s=ggA3HPMJB%2FaPR4HYPDc0jO7GUOQBmOyl48c2dNkwzjkaPd0TFqQ6oWeTD4%2Fd9QLRYOHa3S%2FBEPTRVXCmM4%2FKv3sWAnfMx4LqTGZebsmiYC1Krz5RhRtpUvFfzVjIWbms"}],"group":"cf-nel","max_age":604800}', 'NEL': '{"success_fraction":0,"report_to":"cf-nel","max_age":604800}', 'Server': 'cloudflare', 'CF-RAY': '871181313aa059eb-IAD', 'alt-svc': 'h3=":443"; ma=86400'} 
 body={"results":[{"gender":"male","name":{"title":"Mr","first":"Emilio","last":"Hemmingsen"},"location":{"street":{"number":624,"name":"Bølerskogen"},"city":"Holme","state":"Vestfold","country":"Norway","postcode":"0270","coordinates":{"latitude":"44.9089","longitude":"-110.2006"},"timezone":{"offset":"0:00","description":"Western Europe Time, London, Lisbon, Casablanca"}},"email":"emilio.hemmingsen@example.com","login":{"uuid":"457014ff-cc4b-4b5f-ab26-8ee5631b2129","username":"biggorilla559","password":"pickle","salt":"WUqTTu7P","md5":"4430c4aa616d340f052bbf27f62eb472","sha1":"6d0c31e6400d249d963472d0c2b5cd56ea9511a6","sha256":"e34aa50e70af4b43ebe890cedd5f5513a9610ea97852af5510ecf3f963916748"},"dob":{"date":"1997-07-23T01:42:36.500Z","age":26},"registered":{"date":"2020-04-07T05:27:25.306Z","age":4},"phone":"51071015","cell":"49649697","id":{"name":"FN","value":"23079717363"},"picture":{"large":"https://randomuser.me/api/portraits/men/31.jpg","medium":"https://randomuser.me/api/portraits/med/men/31.jpg","thumbnail":"https://randomuser.me/api/portraits/thumb/men/31.jpg"},"nat":"NO"}],"info":{"seed":"f8a8a5fdcee0986f","results":1,"page":1,"version":"1.4"}} 
 </msg>
<msg time="2024-04-08T10:16:55.316695" level="INFO">/opt/hostedtoolcache/Python/3.12.2/x64/lib/python3.12/site-packages/urllib3/connectionpool.py:1103: InsecureRequestWarning: Unverified HTTPS request is being made to host 'randomuser.me'. Adding certificate verification is strongly advised. See: https://urllib3.readthedocs.io/en/latest/advanced-usage.html#tls-warnings
  warnings.warn(</msg>
<msg time="2024-04-08T10:16:55.316783" level="INFO">${response} = &lt;Response [200]&gt;</msg>
<var>${response}</var>
<arg>consultarAPI</arg>
<arg>/api</arg>
<doc>Sends a GET request on a previously created HTTP Session.</doc>
<status status="PASS" start="2024-04-08T10:16:55.228696" elapsed="0.088126"/>
</kw>
<kw name="Set Variable" owner="BuiltIn">
<msg time="2024-04-08T10:16:55.317949" level="INFO">${json_data} = {'results': [{'gender': 'male', 'name': {'title': 'Mr', 'first': 'Emilio', 'last': 'Hemmingsen'}, 'location': {'street': {'number': 624, 'name': 'Bølerskogen'}, 'city': 'Holme', 'state': 'Vestfold', '...</msg>
<var>${json_data}</var>
<arg>${response.json()}</arg>
<doc>Returns the given values which can then be assigned to a variables.</doc>
<status status="PASS" start="2024-04-08T10:16:55.317386" elapsed="0.000592"/>
</kw>
<kw name="Log" owner="BuiltIn">
<msg time="2024-04-08T10:16:55.318442" level="INFO">{'results': [{'gender': 'male', 'name': {'title': 'Mr', 'first': 'Emilio', 'last': 'Hemmingsen'}, 'location': {'street': {'number': 624, 'name': 'Bølerskogen'}, 'city': 'Holme', 'state': 'Vestfold', 'country': 'Norway', 'postcode': '0270', 'coordinates': {'latitude': '44.9089', 'longitude': '-110.2006'}, 'timezone': {'offset': '0:00', 'description': 'Western Europe Time, London, Lisbon, Casablanca'}}, 'email': 'emilio.hemmingsen@example.com', 'login': {'uuid': '457014ff-cc4b-4b5f-ab26-8ee5631b2129', 'username': 'biggorilla559', 'password': 'pickle', 'salt': 'WUqTTu7P', 'md5': '4430c4aa616d340f052bbf27f62eb472', 'sha1': '6d0c31e6400d249d963472d0c2b5cd56ea9511a6', 'sha256': 'e34aa50e70af4b43ebe890cedd5f5513a9610ea97852af5510ecf3f963916748'}, 'dob': {'date': '1997-07-23T01:42:36.500Z', 'age': 26}, 'registered': {'date': '2020-04-07T05:27:25.306Z', 'age': 4}, 'phone': '51071015', 'cell': '49649697', 'id': {'name': 'FN', 'value': '23079717363'}, 'picture': {'large': 'https://randomuser.me/api/portraits/men/31.jpg', 'medium': 'https://randomuser.me/api/portraits/med/men/31.jpg', 'thumbnail': 'https://randomuser.me/api/portraits/thumb/men/31.jpg'}, 'nat': 'NO'}], 'info': {'seed': 'f8a8a5fdcee0986f', 'results': 1, 'page': 1, 'version': '1.4'}}</msg>
<arg>${json_data}</arg>
<doc>Logs the given message with the given level.</doc>
<status status="PASS" start="2024-04-08T10:16:55.318287" elapsed="0.000235"/>
</kw>
<kw name="Should Be Equal As Numbers" owner="BuiltIn">
<arg>${json_data['results'][0]['location']['postcode']}</arg>
<arg>${json_data['results'][0]['location']['postcode']}</arg>
<doc>Fails if objects are unequal after converting them to real numbers.</doc>
<status status="PASS" start="2024-04-08T10:16:55.318826" elapsed="0.000617"/>
</kw>
<kw name="Log" owner="BuiltIn">
<msg time="2024-04-08T10:16:55.319986" level="INFO">0270</msg>
<arg>${json_data['results'][0]['location']['postcode']}</arg>
<doc>Logs the given message with the given level.</doc>
<status status="PASS" start="2024-04-08T10:16:55.319651" elapsed="0.000375"/>
</kw>
<status status="PASS" start="2024-04-08T10:16:55.228470" elapsed="0.091811"/>
</kw>
<doc>Testa se os tipos de dados na resposta da API estão corretos.</doc>
<tag>testeTiposDados</tag>
<status status="PASS" start="2024-04-08T10:16:55.159329" elapsed="0.161112"/>
</test>
<test id="s1-s1-t5" name="Validar conteudo" line="35">
<kw name="Teste de Tipos de Conteudo" owner="random-user-service">
<kw name="GET On Session" owner="RequestsLibrary">
<msg time="2024-04-08T10:16:55.440004" level="INFO">GET Request : url=https://randomuser.me/api 
 path_url=/api 
 headers={'User-Agent': 'python-requests/2.31.0', 'Accept-Encoding': 'gzip, deflate', 'Accept': '*/*', 'Connection': 'keep-alive'} 
 body=None 
 </msg>
<msg time="2024-04-08T10:16:55.440070" level="INFO">GET Response : url=https://randomuser.me/api 
 status=200, reason=OK 
 headers={'Date': 'Mon, 08 Apr 2024 10:16:55 GMT', 'Content-Type': 'application/json; charset=utf-8', 'Transfer-Encoding': 'chunked', 'Connection': 'keep-alive', 'X-Powered-By': 'Express', 'Access-Control-Allow-Origin': '*', 'Cache-Control': 'no-cache', 'ETag': 'W/"46c-/sx8RueFuwPMEUqOW0L/ei2CyQ8"', 'Vary': 'Accept-Encoding', 'Content-Encoding': 'gzip', 'CF-Cache-Status': 'DYNAMIC', 'Report-To': '{"endpoints":[{"url":"https:\\/\\/a.nel.cloudflare.com\\/report\\/v4?s=80XgGhTaoGqE1UaxXe1fx%2Bpw%2F1uNrbDgGNbmA%2FxLWhHsOOlkCek%2F4tBrgXIO2wR7ygK1c2YaV6SluQ070RSLzLL8o3Ofy1sRqOoII0AyoYdseNtIavbohgEAfeaWQ0YO"}],"group":"cf-nel","max_age":604800}', 'NEL': '{"success_fraction":0,"report_to":"cf-nel","max_age":604800}', 'Server': 'cloudflare', 'CF-RAY': '87118131cb0659eb-IAD', 'alt-svc': 'h3=":443"; ma=86400'} 
 body={"results":[{"gender":"male","name":{"title":"Mr","first":"Roy","last":"Sims"},"location":{"street":{"number":4006,"name":"Westheimer Rd"},"city":"Norman","state":"Hawaii","country":"United States","postcode":29223,"coordinates":{"latitude":"84.7861","longitude":"-2.0050"},"timezone":{"offset":"-9:00","description":"Alaska"}},"email":"roy.sims@example.com","login":{"uuid":"dd16f933-b703-42d2-8a0f-4b58d3f55e8f","username":"angryzebra369","password":"mustang2","salt":"TBankYkW","md5":"9fb99df3994db566a9e17d0f44ead5dc","sha1":"12b09f261048a7b332ca9bee1ae59e86fed6f40b","sha256":"70ba6fdca5b7367964cbf9cbcfb9d6336f53879c45cb9632d0cb522735483d0c"},"dob":{"date":"1986-08-18T07:18:19.910Z","age":37},"registered":{"date":"2009-04-22T09:15:25.059Z","age":14},"phone":"(829) 439-5902","cell":"(327) 944-1066","id":{"name":"SSN","value":"288-64-6387"},"picture":{"large":"https://randomuser.me/api/portraits/men/50.jpg","medium":"https://randomuser.me/api/portraits/med/men/50.jpg","thumbnail":"https://randomuser.me/api/portraits/thumb/men/50.jpg"},"nat":"US"}],"info":{"seed":"bd8cdf2ef9b87271","results":1,"page":1,"version":"1.4"}} 
 </msg>
<msg time="2024-04-08T10:16:55.440124" level="INFO">/opt/hostedtoolcache/Python/3.12.2/x64/lib/python3.12/site-packages/urllib3/connectionpool.py:1103: InsecureRequestWarning: Unverified HTTPS request is being made to host 'randomuser.me'. Adding certificate verification is strongly advised. See: https://urllib3.readthedocs.io/en/latest/advanced-usage.html#tls-warnings
  warnings.warn(</msg>
<msg time="2024-04-08T10:16:55.440207" level="INFO">${response} = &lt;Response [200]&gt;</msg>
<var>${response}</var>
<arg>consultarAPI</arg>
<arg>/api</arg>
<doc>Sends a GET request on a previously created HTTP Session.</doc>
<status status="PASS" start="2024-04-08T10:16:55.322917" elapsed="0.117323"/>
</kw>
<kw name="Set Variable" owner="BuiltIn">
<msg time="2024-04-08T10:16:55.441263" level="INFO">${json_data} = {'results': [{'gender': 'male', 'name': {'title': 'Mr', 'first': 'Roy', 'last': 'Sims'}, 'location': {'street': {'number': 4006, 'name': 'Westheimer Rd'}, 'city': 'Norman', 'state': 'Hawaii', 'country...</msg>
<var>${json_data}</var>
<arg>${response.json()}</arg>
<doc>Returns the given values which can then be assigned to a variables.</doc>
<status status="PASS" start="2024-04-08T10:16:55.440723" elapsed="0.000568"/>
</kw>
<kw name="Set Variable" owner="BuiltIn">
<msg time="2024-04-08T10:16:55.442031" level="INFO">${name_title} = Mr</msg>
<var>${name_title}</var>
<arg>${json_data["results"][0]["name"]["title"]}</arg>
<doc>Returns the given values which can then be assigned to a variables.</doc>
<status status="PASS" start="2024-04-08T10:16:55.441633" elapsed="0.000423"/>
</kw>
<kw name="Create List" owner="BuiltIn">
<msg time="2024-04-08T10:16:55.442508" level="INFO">${allowed_titles} = ['Mr', 'Ms', 'Miss', 'Mrs', 'Madame', 'Monsieur']</msg>
<var>${allowed_titles}</var>
<arg>Mr</arg>
<arg>Ms</arg>
<arg>Miss</arg>
<arg>Mrs</arg>
<arg>Madame</arg>
<arg>Monsieur</arg>
<doc>Returns a list containing given items.</doc>
<status status="PASS" start="2024-04-08T10:16:55.442358" elapsed="0.000174"/>
</kw>
<kw name="List Should Contain Value" owner="Collections">
<msg time="2024-04-08T10:16:55.443006" level="INFO">False</msg>
<arg>${allowed_titles}</arg>
<arg>${name_title}</arg>
<doc>Fails if the ``value`` is not found from ``list``.</doc>
<status status="PASS" start="2024-04-08T10:16:55.442836" elapsed="0.000207"/>
</kw>
<kw name="Set Variable" owner="BuiltIn">
<msg time="2024-04-08T10:16:55.443727" level="INFO">${name_country} = US</msg>
<var>${name_country}</var>
<arg>${json_data["results"][0]["nat"]}</arg>
<doc>Returns the given values which can then be assigned to a variables.</doc>
<status status="PASS" start="2024-04-08T10:16:55.443341" elapsed="0.000412"/>
</kw>
<kw name="Create List" owner="BuiltIn">
<msg time="2024-04-08T10:16:55.444659" level="INFO">${list_country} = ['AD', 'AE', 'AF', 'AG', 'AI', 'AL', 'AM', 'AO', 'AQ', 'AR', 'AS', 'AT', 'AU', 'AW', 'AX', 'AZ', 'BA', 'BB', 'BD', 'BE', 'BF', 'BG', 'BH', 'BI', 'BJ', 'BL', 'BM', 'BN', 'BO', 'BQ', 'BR', 'BS', 'BT', '...</msg>
<var>${list_country}</var>
<arg>AD</arg>
<arg>AE</arg>
<arg>AF</arg>
<arg>AG</arg>
<arg>AI</arg>
<arg>AL</arg>
<arg>AM</arg>
<arg>AO</arg>
<arg>AQ</arg>
<arg>AR</arg>
<arg>AS</arg>
<arg>AT</arg>
<arg>AU</arg>
<arg>AW</arg>
<arg>AX</arg>
<arg>AZ</arg>
<arg>BA</arg>
<arg>BB</arg>
<arg>BD</arg>
<arg>BE</arg>
<arg>BF</arg>
<arg>BG</arg>
<arg>BH</arg>
<arg>BI</arg>
<arg>BJ</arg>
<arg>BL</arg>
<arg>BM</arg>
<arg>BN</arg>
<arg>BO</arg>
<arg>BQ</arg>
<arg>BR</arg>
<arg>BS</arg>
<arg>BT</arg>
<arg>BV</arg>
<arg>BW</arg>
<arg>BY</arg>
<arg>BZ</arg>
<arg>CA</arg>
<arg>CC</arg>
<arg>CD</arg>
<arg>CF</arg>
<arg>CG</arg>
<arg>CH</arg>
<arg>CI</arg>
<arg>CK</arg>
<arg>CL</arg>
<arg>CM</arg>
<arg>CN</arg>
<arg>CO</arg>
<arg>CR</arg>
<arg>CU</arg>
<arg>CV</arg>
<arg>CW</arg>
<arg>CX</arg>
<arg>CY</arg>
<arg>CZ</arg>
<arg>DE</arg>
<arg>DJ</arg>
<arg>DK</arg>
<arg>DM</arg>
<arg>DO</arg>
<arg>DZ</arg>
<arg>EC</arg>
<arg>EE</arg>
<arg>EG</arg>
<arg>EH</arg>
<arg>ER</arg>
<arg>ES</arg>
<arg>ET</arg>
<arg>FI</arg>
<arg>FJ</arg>
<arg>FK</arg>
<arg>FM</arg>
<arg>FO</arg>
<arg>FR</arg>
<arg>GA</arg>
<arg>GB</arg>
<arg>GD</arg>
<arg>GE</arg>
<arg>GF</arg>
<arg>GG</arg>
<arg>GH</arg>
<arg>GI</arg>
<arg>GL</arg>
<arg>GM</arg>
<arg>GN</arg>
<arg>GP</arg>
<arg>GQ</arg>
<arg>GR</arg>
<arg>GS</arg>
<arg>GT</arg>
<arg>GU</arg>
<arg>GW</arg>
<arg>GY</arg>
<arg>HK</arg>
<arg>HM</arg>
<arg>HN</arg>
<arg>HR</arg>
<arg>HT</arg>
<arg>HU</arg>
<arg>ID</arg>
<arg>IE</arg>
<arg>IL</arg>
<arg>IM</arg>
<arg>IN</arg>
<arg>IO</arg>
<arg>IQ</arg>
<arg>IR</arg>
<arg>IS</arg>
<arg>IT</arg>
<arg>JE</arg>
<arg>JM</arg>
<arg>JO</arg>
<arg>JP</arg>
<arg>KE</arg>
<arg>KG</arg>
<arg>KH</arg>
<arg>KI</arg>
<arg>KM</arg>
<arg>KN</arg>
<arg>KP</arg>
<arg>KR</arg>
<arg>KW</arg>
<arg>KY</arg>
<arg>KZ</arg>
<arg>LA</arg>
<arg>LB</arg>
<arg>LC</arg>
<arg>LI</arg>
<arg>LK</arg>
<arg>LR</arg>
<arg>LS</arg>
<arg>LT</arg>
<arg>LU</arg>
<arg>LV</arg>
<arg>LY</arg>
<arg>MA</arg>
<arg>MC</arg>
<arg>MD</arg>
<arg>ME</arg>
<arg>MF</arg>
<arg>MG</arg>
<arg>MH</arg>
<arg>MK</arg>
<arg>ML</arg>
<arg>MM</arg>
<arg>MN</arg>
<arg>MO</arg>
<arg>MP</arg>
<arg>MQ</arg>
<arg>MR</arg>
<arg>MS</arg>
<arg>MT</arg>
<arg>MU</arg>
<arg>MV</arg>
<arg>MW</arg>
<arg>MX</arg>
<arg>MY</arg>
<arg>MZ</arg>
<arg>NA</arg>
<arg>NC</arg>
<arg>NE</arg>
<arg>NF</arg>
<arg>NG</arg>
<arg>NI</arg>
<arg>NL</arg>
<arg>NO</arg>
<arg>NP</arg>
<arg>NR</arg>
<arg>NU</arg>
<arg>NZ</arg>
<arg>OM</arg>
<arg>PA</arg>
<arg>PE</arg>
<arg>PF</arg>
<arg>PG</arg>
<arg>PH</arg>
<arg>PK</arg>
<arg>PL</arg>
<arg>PM</arg>
<arg>PN</arg>
<arg>PR</arg>
<arg>PS</arg>
<arg>PT</arg>
<arg>PW</arg>
<arg>PY</arg>
<arg>QA</arg>
<arg>RE</arg>
<arg>RO</arg>
<arg>RS</arg>
<arg>RU</arg>
<arg>RW</arg>
<arg>SA</arg>
<arg>SB</arg>
<arg>SC</arg>
<arg>SD</arg>
<arg>SE</arg>
<arg>SG</arg>
<arg>SH</arg>
<arg>SI</arg>
<arg>SJ</arg>
<arg>SK</arg>
<arg>SL</arg>
<arg>SM</arg>
<arg>SN</arg>
<arg>SO</arg>
<arg>SR</arg>
<arg>SS</arg>
<arg>ST</arg>
<arg>SV</arg>
<arg>SX</arg>
<arg>SY</arg>
<arg>SZ</arg>
<arg>TC</arg>
<arg>TD</arg>
<arg>TF</arg>
<arg>TG</arg>
<arg>TH</arg>
<arg>TJ</arg>
<arg>TK</arg>
<arg>TL</arg>
<arg>TM</arg>
<arg>TN</arg>
<arg>TO</arg>
<arg>TR</arg>
<arg>TT</arg>
<arg>TV</arg>
<arg>TW</arg>
<arg>TZ</arg>
<arg>UA</arg>
<arg>UG</arg>
<arg>UM</arg>
<arg>US</arg>
<arg>UY</arg>
<arg>UZ</arg>
<arg>VA</arg>
<arg>VC</arg>
<arg>VE</arg>
<arg>VG</arg>
<arg>VI</arg>
<arg>VN</arg>
<arg>VU</arg>
<arg>WF</arg>
<arg>WS</arg>
<arg>XK</arg>
<arg>YE</arg>
<arg>YT</arg>
<arg>ZA</arg>
<arg>ZM</arg>
<arg>ZW</arg>
<doc>Returns a list containing given items.</doc>
<status status="PASS" start="2024-04-08T10:16:55.444060" elapsed="0.000625"/>
</kw>
<kw name="List Should Contain Value" owner="Collections">
<msg time="2024-04-08T10:16:55.445705" level="INFO">False</msg>
<arg>${list_country}</arg>
<arg>${name_country}</arg>
<doc>Fails if the ``value`` is not found from ``list``.</doc>
<status status="PASS" start="2024-04-08T10:16:55.445479" elapsed="0.000263"/>
</kw>
<kw name="Run Keyword If" owner="BuiltIn">
<kw name="Should Be True" owner="BuiltIn">
<arg>${True}</arg>
<doc>Fails if the given condition is not true.</doc>
<status status="PASS" start="2024-04-08T10:16:55.446892" elapsed="0.000148"/>
</kw>
<arg>${json_data["results"][0]["location"]["coordinates"]["latitude"]} &gt;= -90 and ${json_data["results"][0]["location"]["coordinates"]["latitude"]} &lt;= 90</arg>
<arg>Should Be True</arg>
<arg>${True}</arg>
<doc>Runs the given keyword with the given arguments, if ``condition`` is true.</doc>
<status status="PASS" start="2024-04-08T10:16:55.446053" elapsed="0.001118"/>
</kw>
<kw name="Run Keyword If" owner="BuiltIn">
<kw name="Should Be True" owner="BuiltIn">
<arg>${True}</arg>
<doc>Fails if the given condition is not true.</doc>
<status status="PASS" start="2024-04-08T10:16:55.448065" elapsed="0.000141"/>
</kw>
<arg>${json_data["results"][0]["location"]["coordinates"]["longitude"]} &gt;= -180 and ${json_data["results"][0]["location"]["coordinates"]["longitude"]} &lt;= 180</arg>
<arg>Should Be True</arg>
<arg>${True}</arg>
<doc>Runs the given keyword with the given arguments, if ``condition`` is true.</doc>
<status status="PASS" start="2024-04-08T10:16:55.447361" elapsed="0.000971"/>
</kw>
<status status="PASS" start="2024-04-08T10:16:55.322698" elapsed="0.125763"/>
</kw>
<doc>Testa o conteúdo específico dos campos retornados pela API.</doc>
<tag>testeConteudo</tag>
<status status="PASS" start="2024-04-08T10:16:55.322205" elapsed="0.126404"/>
</test>
<status status="PASS" start="2024-04-08T10:16:54.412598" elapsed="1.037988"/>
</suite>
<status status="PASS" start="2024-04-08T10:16:54.398888" elapsed="1.057234"/>
</suite>
<statistics>
<total>
<stat pass="5" fail="0" skip="0">All Tests</stat>
</total>
<tag>
<stat pass="1" fail="0" skip="0">testeConteudo</stat>
<stat pass="1" fail="0" skip="0">testeEstruturaResposta</stat>
<stat pass="1" fail="0" skip="0">testeRequisicaoBasica</stat>
<stat pass="1" fail="0" skip="0">testeTiposDados</stat>
</tag>
<suite>
<stat pass="5" fail="0" skip="0" id="s1" name="Tests">Tests</stat>
<stat pass="5" fail="0" skip="0" id="s1-s1" name="Random-User-Test">Tests.Random-User-Test</stat>
</suite>
</statistics>
<errors>
</errors>
</robot>
