<?xml version="1.0" encoding="UTF-8"?>
<robot generator="Robot 7.0.1 (Python 3.12.4 on linux)" generated="2024-07-27T04:18:44.730662" rpa="false" schemaversion="5">
<suite id="s1" name="Tests" source="/home/runner/work/ApiRandomUser/ApiRandomUser/RamdonUser/tests">
<suite id="s1-s1" name="Random-User-Test" source="/home/runner/work/ApiRandomUser/ApiRandomUser/RamdonUser/tests/random-user-test.robot">
<test id="s1-s1-t1" name="Conectar" line="13">
<kw name="Conectar API" owner="random-user-service">
<kw name="Create Session" owner="RequestsLibrary">
<msg time="2024-07-27T04:18:45.175591" level="INFO">Creating Session using : alias=consultarAPI, url=https://randomuser.me/, headers={},                     cookies={}, auth=None, timeout=None, proxies=None, verify=False,                     debug=0 </msg>
<arg>consultarAPI</arg>
<arg>${URL}</arg>
<doc>Create Session: create a HTTP session to a server</doc>
<status status="PASS" start="2024-07-27T04:18:45.175385" elapsed="0.000408"/>
</kw>
<status status="PASS" start="2024-07-27T04:18:45.174260" elapsed="0.001901"/>
</kw>
<status status="PASS" start="2024-07-27T04:18:45.173549" elapsed="0.002812"/>
</test>
<test id="s1-s1-t2" name="Validar retorno 200 e JSON Válido" line="16">
<kw name="Teste de Requisicao Basica" owner="random-user-service">
<kw name="GET On Session" owner="RequestsLibrary">
<msg time="2024-07-27T04:18:45.497157" level="INFO">GET Request : url=https://randomuser.me/api 
 path_url=/api 
 headers={'User-Agent': 'python-requests/2.32.3', 'Accept-Encoding': 'gzip, deflate', 'Accept': '*/*', 'Connection': 'keep-alive'} 
 body=None 
 </msg>
<msg time="2024-07-27T04:18:45.497336" level="INFO">GET Response : url=https://randomuser.me/api 
 status=200, reason=OK 
 headers={'Date': 'Sat, 27 Jul 2024 04:18:45 GMT', 'Content-Type': 'application/json; charset=utf-8', 'Transfer-Encoding': 'chunked', 'Connection': 'keep-alive', 'X-Powered-By': 'Express', 'Access-Control-Allow-Origin': '*', 'Cache-Control': 'no-cache', 'ETag': 'W/"494-wL1+km3AYEK+SxbOEU71XgYzQKQ"', 'Vary': 'Accept-Encoding', 'Content-Encoding': 'gzip', 'CF-Cache-Status': 'DYNAMIC', 'Report-To': '{"endpoints":[{"url":"https:\\/\\/a.nel.cloudflare.com\\/report\\/v4?s=3%2BpLsgXA5BXEMGLDT39KSkQdRODxb3ZnuOTiCGqgHjZSttKOPsDzuFuQrXMoKNZU4g6Eeyuvqy6s0cBXe2%2BMwg9y%2Ftu%2FFOajtFgqx4GGip1vTAr3u3dB%2FgSuW3dPgcZa"}],"group":"cf-nel","max_age":604800}', 'NEL': '{"success_fraction":0,"report_to":"cf-nel","max_age":604800}', 'Server': 'cloudflare', 'CF-RAY': '8a99d3c9ae6920d0-IAD', 'alt-svc': 'h3=":443"; ma=86400'} 
 body={"results":[{"gender":"female","name":{"title":"Miss","first":"Vlatka","last":"Ivanišević"},"location":{"street":{"number":2086,"name":"Katarine Popovine Midžine "},"city":"Golubac","state":"Raška","country":"Serbia","postcode":74331,"coordinates":{"latitude":"61.6920","longitude":"155.2459"},"timezone":{"offset":"+9:30","description":"Adelaide, Darwin"}},"email":"vlatka.ivanisevic@example.com","login":{"uuid":"f32e354b-bb21-4f47-bed0-207c36ffe011","username":"angrydog113","password":"spiderma","salt":"Tlg7pET6","md5":"10669f15b293373d8f5dea33e1d277aa","sha1":"9627346f1de387ee0df1d912e6dcee0433a0c7fd","sha256":"fb8f32259cd9e3eae38f541e6cc7e737691db18e5409354c79881b6fa049e393"},"dob":{"date":"1972-09-01T20:21:51.890Z","age":51},"registered":{"date":"2017-06-01T08:21:30.960Z","age":7},"phone":"029-9800-037","cell":"062-1876-242","id":{"name":"SID","value":"864563623"},"picture":{"large":"https://randomuser.me/api/portraits/women/19.jpg","medium":"https://randomuser.me/api/portraits/med/women/19.jpg","thumbnail":"https://randomuser.me/api/portraits/thumb/women/19.jpg"},"nat":"RS"}],"info":{"seed":"27faccd9875b8d0f","results":1,"page":1,"version":"1.4"}} 
 </msg>
<msg time="2024-07-27T04:18:45.497426" level="INFO">/opt/hostedtoolcache/Python/3.12.4/x64/lib/python3.12/site-packages/urllib3/connectionpool.py:1099: InsecureRequestWarning: Unverified HTTPS request is being made to host 'randomuser.me'. Adding certificate verification is strongly advised. See: https://urllib3.readthedocs.io/en/latest/advanced-usage.html#tls-warnings
  warnings.warn(</msg>
<msg time="2024-07-27T04:18:45.497566" level="INFO">${response} = &lt;Response [200]&gt;</msg>
<var>${response}</var>
<arg>consultarAPI</arg>
<arg>/api</arg>
<doc>Sends a GET request on a previously created HTTP Session.</doc>
<status status="PASS" start="2024-07-27T04:18:45.178980" elapsed="0.318629"/>
</kw>
<kw name="Should Be Equal As Numbers" owner="BuiltIn">
<msg time="2024-07-27T04:18:45.498777" level="INFO">Argument types are:
&lt;class 'int'&gt;
&lt;class 'str'&gt;</msg>
<arg>${response.status_code}</arg>
<arg>200</arg>
<doc>Fails if objects are unequal after converting them to real numbers.</doc>
<status status="PASS" start="2024-07-27T04:18:45.498282" elapsed="0.000562"/>
</kw>
<kw name="Log" owner="BuiltIn">
<msg time="2024-07-27T04:18:45.499523" level="INFO">200</msg>
<arg>${response.status_code}</arg>
<doc>Logs the given message with the given level.</doc>
<status status="PASS" start="2024-07-27T04:18:45.499172" elapsed="0.000394"/>
</kw>
<kw name="Set Variable" owner="BuiltIn">
<msg time="2024-07-27T04:18:45.500320" level="INFO">${json_data} = {'results': [{'gender': 'female', 'name': {'title': 'Miss', 'first': 'Vlatka', 'last': 'Ivanišević'}, 'location': {'street': {'number': 2086, 'name': 'Katarine Popovine Midžine '}, 'city': 'Golubac', ...</msg>
<var>${json_data}</var>
<arg>${response.json()}</arg>
<doc>Returns the given values which can then be assigned to a variables.</doc>
<status status="PASS" start="2024-07-27T04:18:45.499880" elapsed="0.000470"/>
</kw>
<kw name="Dictionary Should Contain Key" owner="Collections">
<arg>${json_data}</arg>
<arg>results</arg>
<doc>Fails if ``key`` is not found from ``dictionary``.</doc>
<status status="PASS" start="2024-07-27T04:18:45.500653" elapsed="0.000373"/>
</kw>
<status status="PASS" start="2024-07-27T04:18:45.178725" elapsed="0.322456"/>
</kw>
<doc>Testa se a API responde corretamente e retorna um objeto JSON válido.</doc>
<tag>testeRequisicaoBasica</tag>
<status status="PASS" start="2024-07-27T04:18:45.178258" elapsed="0.323098"/>
</test>
<test id="s1-s1-t3" name="Validar estrutura de resposta" line="22">
<kw name="Teste de Estrutura de Resposta" owner="random-user-service">
<kw name="GET On Session" owner="RequestsLibrary">
<msg time="2024-07-27T04:18:45.586768" level="INFO">GET Request : url=https://randomuser.me/api 
 path_url=/api 
 headers={'User-Agent': 'python-requests/2.32.3', 'Accept-Encoding': 'gzip, deflate', 'Accept': '*/*', 'Connection': 'keep-alive'} 
 body=None 
 </msg>
<msg time="2024-07-27T04:18:45.586869" level="INFO">GET Response : url=https://randomuser.me/api 
 status=200, reason=OK 
 headers={'Date': 'Sat, 27 Jul 2024 04:18:45 GMT', 'Content-Type': 'application/json; charset=utf-8', 'Transfer-Encoding': 'chunked', 'Connection': 'keep-alive', 'X-Powered-By': 'Express', 'Access-Control-Allow-Origin': '*', 'Cache-Control': 'no-cache', 'ETag': 'W/"490-P2DLCLXCtwY9WYxUrLIGkvoyrm8"', 'Vary': 'Accept-Encoding', 'Content-Encoding': 'gzip', 'CF-Cache-Status': 'DYNAMIC', 'Report-To': '{"endpoints":[{"url":"https:\\/\\/a.nel.cloudflare.com\\/report\\/v4?s=q%2Bq2gWhgM%2FBPkOvp7qXDttHAuzsvTctgPSe279vajKALOY4Z3ckqRhYqdnKVzvrlNrSV7ZtvIRExtOnFB9EJ53egxBXyRU2h4LHwStc59t%2BfKj3hsdmwpmp5y%2BFuVnbx"}],"group":"cf-nel","max_age":604800}', 'NEL': '{"success_fraction":0,"report_to":"cf-nel","max_age":604800}', 'Server': 'cloudflare', 'CF-RAY': '8a99d3ca6f2720d0-IAD', 'alt-svc': 'h3=":443"; ma=86400'} 
 body={"results":[{"gender":"female","name":{"title":"Mrs","first":"Olivia","last":"Miles"},"location":{"street":{"number":2179,"name":"West Street"},"city":"Salisbury","state":"Humberside","country":"United Kingdom","postcode":"C8Z 8BZ","coordinates":{"latitude":"-11.8911","longitude":"97.1486"},"timezone":{"offset":"-12:00","description":"Eniwetok, Kwajalein"}},"email":"olivia.miles@example.com","login":{"uuid":"c9803fb8-a1da-42b1-a582-fe9994e3c7ab","username":"bluewolf891","password":"look","salt":"gYPkRfPw","md5":"2af88d92dfca43dae94b463b5e3161b7","sha1":"409c49de4689caf82f163c8baf16b388792988b0","sha256":"4851ce63f7c409fbbd32acaee7e070c664d6a28dbd3206f0a2f8f27f0bf99e85"},"dob":{"date":"1978-03-22T02:10:54.098Z","age":46},"registered":{"date":"2014-06-27T17:19:56.968Z","age":10},"phone":"0131 033 4536","cell":"07475 985549","id":{"name":"NINO","value":"GB 66 06 69 L"},"picture":{"large":"https://randomuser.me/api/portraits/women/55.jpg","medium":"https://randomuser.me/api/portraits/med/women/55.jpg","thumbnail":"https://randomuser.me/api/portraits/thumb/women/55.jpg"},"nat":"GB"}],"info":{"seed":"144a69e05bd4a402","results":1,"page":1,"version":"1.4"}} 
 </msg>
<msg time="2024-07-27T04:18:45.586996" level="INFO">/opt/hostedtoolcache/Python/3.12.4/x64/lib/python3.12/site-packages/urllib3/connectionpool.py:1099: InsecureRequestWarning: Unverified HTTPS request is being made to host 'randomuser.me'. Adding certificate verification is strongly advised. See: https://urllib3.readthedocs.io/en/latest/advanced-usage.html#tls-warnings
  warnings.warn(</msg>
<msg time="2024-07-27T04:18:45.587124" level="INFO">${response} = &lt;Response [200]&gt;</msg>
<var>${response}</var>
<arg>consultarAPI</arg>
<arg>/api</arg>
<doc>Sends a GET request on a previously created HTTP Session.</doc>
<status status="PASS" start="2024-07-27T04:18:45.503906" elapsed="0.083260"/>
</kw>
<kw name="Set Variable" owner="BuiltIn">
<msg time="2024-07-27T04:18:45.588352" level="INFO">${json_data} = {'results': [{'gender': 'female', 'name': {'title': 'Mrs', 'first': 'Olivia', 'last': 'Miles'}, 'location': {'street': {'number': 2179, 'name': 'West Street'}, 'city': 'Salisbury', 'state': 'Humbersid...</msg>
<var>${json_data}</var>
<arg>${response.json()}</arg>
<doc>Returns the given values which can then be assigned to a variables.</doc>
<status status="PASS" start="2024-07-27T04:18:45.587786" elapsed="0.000595"/>
</kw>
<kw name="Log" owner="BuiltIn">
<msg time="2024-07-27T04:18:45.588897" level="INFO">{'results': [{'gender': 'female', 'name': {'title': 'Mrs', 'first': 'Olivia', 'last': 'Miles'}, 'location': {'street': {'number': 2179, 'name': 'West Street'}, 'city': 'Salisbury', 'state': 'Humberside', 'country': 'United Kingdom', 'postcode': 'C8Z 8BZ', 'coordinates': {'latitude': '-11.8911', 'longitude': '97.1486'}, 'timezone': {'offset': '-12:00', 'description': 'Eniwetok, Kwajalein'}}, 'email': 'olivia.miles@example.com', 'login': {'uuid': 'c9803fb8-a1da-42b1-a582-fe9994e3c7ab', 'username': 'bluewolf891', 'password': 'look', 'salt': 'gYPkRfPw', 'md5': '2af88d92dfca43dae94b463b5e3161b7', 'sha1': '409c49de4689caf82f163c8baf16b388792988b0', 'sha256': '4851ce63f7c409fbbd32acaee7e070c664d6a28dbd3206f0a2f8f27f0bf99e85'}, 'dob': {'date': '1978-03-22T02:10:54.098Z', 'age': 46}, 'registered': {'date': '2014-06-27T17:19:56.968Z', 'age': 10}, 'phone': '0131 033 4536', 'cell': '07475 985549', 'id': {'name': 'NINO', 'value': 'GB 66 06 69 L'}, 'picture': {'large': 'https://randomuser.me/api/portraits/women/55.jpg', 'medium': 'https://randomuser.me/api/portraits/med/women/55.jpg', 'thumbnail': 'https://randomuser.me/api/portraits/thumb/women/55.jpg'}, 'nat': 'GB'}], 'info': {'seed': '144a69e05bd4a402', 'results': 1, 'page': 1, 'version': '1.4'}}</msg>
<arg>${json_data}</arg>
<doc>Logs the given message with the given level.</doc>
<status status="PASS" start="2024-07-27T04:18:45.588689" elapsed="0.000261"/>
</kw>
<kw name="Dictionary Should Contain Key" owner="Collections">
<arg>${json_data}</arg>
<arg>results</arg>
<doc>Fails if ``key`` is not found from ``dictionary``.</doc>
<status status="PASS" start="2024-07-27T04:18:45.589248" elapsed="0.000166"/>
</kw>
<kw name="Should Not Be Empty" owner="BuiltIn">
<msg time="2024-07-27T04:18:45.589724" level="INFO">Length is 2.</msg>
<arg>${json_data}</arg>
<doc>Verifies that the given item is not empty.</doc>
<status status="PASS" start="2024-07-27T04:18:45.589596" elapsed="0.000166"/>
</kw>
<kw name="Create List" owner="BuiltIn">
<msg time="2024-07-27T04:18:45.590201" level="INFO">${expected_keys} = ['gender', 'name', 'location', 'email', 'login']</msg>
<var>${expected_keys}</var>
<arg>gender</arg>
<arg>name</arg>
<arg>location</arg>
<arg>email</arg>
<arg>login</arg>
<doc>Returns a list containing given items.</doc>
<status status="PASS" start="2024-07-27T04:18:45.590044" elapsed="0.000182"/>
</kw>
<for flavor="IN">
<iter>
<kw name="Dictionary Should Contain Key" owner="Collections">
<arg>${json_data['results'][0]}</arg>
<arg>${key}</arg>
<doc>Fails if ``key`` is not found from ``dictionary``.</doc>
<status status="PASS" start="2024-07-27T04:18:45.590801" elapsed="0.000400"/>
</kw>
<kw name="Log" owner="BuiltIn">
<msg time="2024-07-27T04:18:45.591735" level="INFO">{'gender': 'female', 'name': {'title': 'Mrs', 'first': 'Olivia', 'last': 'Miles'}, 'location': {'street': {'number': 2179, 'name': 'West Street'}, 'city': 'Salisbury', 'state': 'Humberside', 'country': 'United Kingdom', 'postcode': 'C8Z 8BZ', 'coordinates': {'latitude': '-11.8911', 'longitude': '97.1486'}, 'timezone': {'offset': '-12:00', 'description': 'Eniwetok, Kwajalein'}}, 'email': 'olivia.miles@example.com', 'login': {'uuid': 'c9803fb8-a1da-42b1-a582-fe9994e3c7ab', 'username': 'bluewolf891', 'password': 'look', 'salt': 'gYPkRfPw', 'md5': '2af88d92dfca43dae94b463b5e3161b7', 'sha1': '409c49de4689caf82f163c8baf16b388792988b0', 'sha256': '4851ce63f7c409fbbd32acaee7e070c664d6a28dbd3206f0a2f8f27f0bf99e85'}, 'dob': {'date': '1978-03-22T02:10:54.098Z', 'age': 46}, 'registered': {'date': '2014-06-27T17:19:56.968Z', 'age': 10}, 'phone': '0131 033 4536', 'cell': '07475 985549', 'id': {'name': 'NINO', 'value': 'GB 66 06 69 L'}, 'picture': {'large': 'https://randomuser.me/api/portraits/women/55.jpg', 'medium': 'https://randomuser.me/api/portraits/med/women/55.jpg', 'thumbnail': 'https://randomuser.me/api/portraits/thumb/women/55.jpg'}, 'nat': 'GB'}</msg>
<arg>${json_data['results'][0]}</arg>
<doc>Logs the given message with the given level.</doc>
<status status="PASS" start="2024-07-27T04:18:45.591384" elapsed="0.000398"/>
</kw>
<kw name="Log" owner="BuiltIn">
<msg time="2024-07-27T04:18:45.592235" level="INFO">gender</msg>
<arg>${key}</arg>
<doc>Logs the given message with the given level.</doc>
<status status="PASS" start="2024-07-27T04:18:45.592092" elapsed="0.000182"/>
</kw>
<var name="${key}">gender</var>
<status status="PASS" start="2024-07-27T04:18:45.590675" elapsed="0.001817"/>
</iter>
<iter>
<kw name="Dictionary Should Contain Key" owner="Collections">
<arg>${json_data['results'][0]}</arg>
<arg>${key}</arg>
<doc>Fails if ``key`` is not found from ``dictionary``.</doc>
<status status="PASS" start="2024-07-27T04:18:45.592818" elapsed="0.000395"/>
</kw>
<kw name="Log" owner="BuiltIn">
<msg time="2024-07-27T04:18:45.593753" level="INFO">{'gender': 'female', 'name': {'title': 'Mrs', 'first': 'Olivia', 'last': 'Miles'}, 'location': {'street': {'number': 2179, 'name': 'West Street'}, 'city': 'Salisbury', 'state': 'Humberside', 'country': 'United Kingdom', 'postcode': 'C8Z 8BZ', 'coordinates': {'latitude': '-11.8911', 'longitude': '97.1486'}, 'timezone': {'offset': '-12:00', 'description': 'Eniwetok, Kwajalein'}}, 'email': 'olivia.miles@example.com', 'login': {'uuid': 'c9803fb8-a1da-42b1-a582-fe9994e3c7ab', 'username': 'bluewolf891', 'password': 'look', 'salt': 'gYPkRfPw', 'md5': '2af88d92dfca43dae94b463b5e3161b7', 'sha1': '409c49de4689caf82f163c8baf16b388792988b0', 'sha256': '4851ce63f7c409fbbd32acaee7e070c664d6a28dbd3206f0a2f8f27f0bf99e85'}, 'dob': {'date': '1978-03-22T02:10:54.098Z', 'age': 46}, 'registered': {'date': '2014-06-27T17:19:56.968Z', 'age': 10}, 'phone': '0131 033 4536', 'cell': '07475 985549', 'id': {'name': 'NINO', 'value': 'GB 66 06 69 L'}, 'picture': {'large': 'https://randomuser.me/api/portraits/women/55.jpg', 'medium': 'https://randomuser.me/api/portraits/med/women/55.jpg', 'thumbnail': 'https://randomuser.me/api/portraits/thumb/women/55.jpg'}, 'nat': 'GB'}</msg>
<arg>${json_data['results'][0]}</arg>
<doc>Logs the given message with the given level.</doc>
<status status="PASS" start="2024-07-27T04:18:45.593398" elapsed="0.000436"/>
</kw>
<kw name="Log" owner="BuiltIn">
<msg time="2024-07-27T04:18:45.594261" level="INFO">name</msg>
<arg>${key}</arg>
<doc>Logs the given message with the given level.</doc>
<status status="PASS" start="2024-07-27T04:18:45.594132" elapsed="0.000168"/>
</kw>
<var name="${key}">name</var>
<status status="PASS" start="2024-07-27T04:18:45.592680" elapsed="0.001838"/>
</iter>
<iter>
<kw name="Dictionary Should Contain Key" owner="Collections">
<arg>${json_data['results'][0]}</arg>
<arg>${key}</arg>
<doc>Fails if ``key`` is not found from ``dictionary``.</doc>
<status status="PASS" start="2024-07-27T04:18:45.594801" elapsed="0.000380"/>
</kw>
<kw name="Log" owner="BuiltIn">
<msg time="2024-07-27T04:18:45.595733" level="INFO">{'gender': 'female', 'name': {'title': 'Mrs', 'first': 'Olivia', 'last': 'Miles'}, 'location': {'street': {'number': 2179, 'name': 'West Street'}, 'city': 'Salisbury', 'state': 'Humberside', 'country': 'United Kingdom', 'postcode': 'C8Z 8BZ', 'coordinates': {'latitude': '-11.8911', 'longitude': '97.1486'}, 'timezone': {'offset': '-12:00', 'description': 'Eniwetok, Kwajalein'}}, 'email': 'olivia.miles@example.com', 'login': {'uuid': 'c9803fb8-a1da-42b1-a582-fe9994e3c7ab', 'username': 'bluewolf891', 'password': 'look', 'salt': 'gYPkRfPw', 'md5': '2af88d92dfca43dae94b463b5e3161b7', 'sha1': '409c49de4689caf82f163c8baf16b388792988b0', 'sha256': '4851ce63f7c409fbbd32acaee7e070c664d6a28dbd3206f0a2f8f27f0bf99e85'}, 'dob': {'date': '1978-03-22T02:10:54.098Z', 'age': 46}, 'registered': {'date': '2014-06-27T17:19:56.968Z', 'age': 10}, 'phone': '0131 033 4536', 'cell': '07475 985549', 'id': {'name': 'NINO', 'value': 'GB 66 06 69 L'}, 'picture': {'large': 'https://randomuser.me/api/portraits/women/55.jpg', 'medium': 'https://randomuser.me/api/portraits/med/women/55.jpg', 'thumbnail': 'https://randomuser.me/api/portraits/thumb/women/55.jpg'}, 'nat': 'GB'}</msg>
<arg>${json_data['results'][0]}</arg>
<doc>Logs the given message with the given level.</doc>
<status status="PASS" start="2024-07-27T04:18:45.595368" elapsed="0.000413"/>
</kw>
<kw name="Log" owner="BuiltIn">
<msg time="2024-07-27T04:18:45.596207" level="INFO">location</msg>
<arg>${key}</arg>
<doc>Logs the given message with the given level.</doc>
<status status="PASS" start="2024-07-27T04:18:45.596078" elapsed="0.000167"/>
</kw>
<var name="${key}">location</var>
<status status="PASS" start="2024-07-27T04:18:45.594694" elapsed="0.001767"/>
</iter>
<iter>
<kw name="Dictionary Should Contain Key" owner="Collections">
<arg>${json_data['results'][0]}</arg>
<arg>${key}</arg>
<doc>Fails if ``key`` is not found from ``dictionary``.</doc>
<status status="PASS" start="2024-07-27T04:18:45.596761" elapsed="0.000388"/>
</kw>
<kw name="Log" owner="BuiltIn">
<msg time="2024-07-27T04:18:45.597811" level="INFO">{'gender': 'female', 'name': {'title': 'Mrs', 'first': 'Olivia', 'last': 'Miles'}, 'location': {'street': {'number': 2179, 'name': 'West Street'}, 'city': 'Salisbury', 'state': 'Humberside', 'country': 'United Kingdom', 'postcode': 'C8Z 8BZ', 'coordinates': {'latitude': '-11.8911', 'longitude': '97.1486'}, 'timezone': {'offset': '-12:00', 'description': 'Eniwetok, Kwajalein'}}, 'email': 'olivia.miles@example.com', 'login': {'uuid': 'c9803fb8-a1da-42b1-a582-fe9994e3c7ab', 'username': 'bluewolf891', 'password': 'look', 'salt': 'gYPkRfPw', 'md5': '2af88d92dfca43dae94b463b5e3161b7', 'sha1': '409c49de4689caf82f163c8baf16b388792988b0', 'sha256': '4851ce63f7c409fbbd32acaee7e070c664d6a28dbd3206f0a2f8f27f0bf99e85'}, 'dob': {'date': '1978-03-22T02:10:54.098Z', 'age': 46}, 'registered': {'date': '2014-06-27T17:19:56.968Z', 'age': 10}, 'phone': '0131 033 4536', 'cell': '07475 985549', 'id': {'name': 'NINO', 'value': 'GB 66 06 69 L'}, 'picture': {'large': 'https://randomuser.me/api/portraits/women/55.jpg', 'medium': 'https://randomuser.me/api/portraits/med/women/55.jpg', 'thumbnail': 'https://randomuser.me/api/portraits/thumb/women/55.jpg'}, 'nat': 'GB'}</msg>
<arg>${json_data['results'][0]}</arg>
<doc>Logs the given message with the given level.</doc>
<status status="PASS" start="2024-07-27T04:18:45.597461" elapsed="0.000398"/>
</kw>
<kw name="Log" owner="BuiltIn">
<msg time="2024-07-27T04:18:45.598285" level="INFO">email</msg>
<arg>${key}</arg>
<doc>Logs the given message with the given level.</doc>
<status status="PASS" start="2024-07-27T04:18:45.598156" elapsed="0.000168"/>
</kw>
<var name="${key}">email</var>
<status status="PASS" start="2024-07-27T04:18:45.596631" elapsed="0.001906"/>
</iter>
<iter>
<kw name="Dictionary Should Contain Key" owner="Collections">
<arg>${json_data['results'][0]}</arg>
<arg>${key}</arg>
<doc>Fails if ``key`` is not found from ``dictionary``.</doc>
<status status="PASS" start="2024-07-27T04:18:45.598818" elapsed="0.000378"/>
</kw>
<kw name="Log" owner="BuiltIn">
<msg time="2024-07-27T04:18:45.599718" level="INFO">{'gender': 'female', 'name': {'title': 'Mrs', 'first': 'Olivia', 'last': 'Miles'}, 'location': {'street': {'number': 2179, 'name': 'West Street'}, 'city': 'Salisbury', 'state': 'Humberside', 'country': 'United Kingdom', 'postcode': 'C8Z 8BZ', 'coordinates': {'latitude': '-11.8911', 'longitude': '97.1486'}, 'timezone': {'offset': '-12:00', 'description': 'Eniwetok, Kwajalein'}}, 'email': 'olivia.miles@example.com', 'login': {'uuid': 'c9803fb8-a1da-42b1-a582-fe9994e3c7ab', 'username': 'bluewolf891', 'password': 'look', 'salt': 'gYPkRfPw', 'md5': '2af88d92dfca43dae94b463b5e3161b7', 'sha1': '409c49de4689caf82f163c8baf16b388792988b0', 'sha256': '4851ce63f7c409fbbd32acaee7e070c664d6a28dbd3206f0a2f8f27f0bf99e85'}, 'dob': {'date': '1978-03-22T02:10:54.098Z', 'age': 46}, 'registered': {'date': '2014-06-27T17:19:56.968Z', 'age': 10}, 'phone': '0131 033 4536', 'cell': '07475 985549', 'id': {'name': 'NINO', 'value': 'GB 66 06 69 L'}, 'picture': {'large': 'https://randomuser.me/api/portraits/women/55.jpg', 'medium': 'https://randomuser.me/api/portraits/med/women/55.jpg', 'thumbnail': 'https://randomuser.me/api/portraits/thumb/women/55.jpg'}, 'nat': 'GB'}</msg>
<arg>${json_data['results'][0]}</arg>
<doc>Logs the given message with the given level.</doc>
<status status="PASS" start="2024-07-27T04:18:45.599377" elapsed="0.000387"/>
</kw>
<kw name="Log" owner="BuiltIn">
<msg time="2024-07-27T04:18:45.600187" level="INFO">login</msg>
<arg>${key}</arg>
<doc>Logs the given message with the given level.</doc>
<status status="PASS" start="2024-07-27T04:18:45.600051" elapsed="0.000175"/>
</kw>
<var name="${key}">login</var>
<status status="PASS" start="2024-07-27T04:18:45.598711" elapsed="0.001729"/>
</iter>
<var>${key}</var>
<value>@{expected_keys}</value>
<status status="PASS" start="2024-07-27T04:18:45.590486" elapsed="0.010073"/>
</for>
<kw name="Create List" owner="BuiltIn">
<msg time="2024-07-27T04:18:45.600910" level="INFO">${expected_keysTwo} = ['username', 'password']</msg>
<var>${expected_keysTwo}</var>
<arg>username</arg>
<arg>password</arg>
<doc>Returns a list containing given items.</doc>
<status status="PASS" start="2024-07-27T04:18:45.600769" elapsed="0.000193"/>
</kw>
<for flavor="IN">
<iter>
<kw name="Dictionary Should Contain Key" owner="Collections">
<arg>${json_data['results'][0]['login']}</arg>
<arg>${keyTwo}</arg>
<doc>Fails if ``key`` is not found from ``dictionary``.</doc>
<status status="PASS" start="2024-07-27T04:18:45.601477" elapsed="0.000385"/>
</kw>
<kw name="Dictionary Should Contain Key" owner="Collections">
<arg>${json_data['results'][0]['login']}</arg>
<arg>${keyTwo}</arg>
<doc>Fails if ``key`` is not found from ``dictionary``.</doc>
<status status="PASS" start="2024-07-27T04:18:45.602041" elapsed="0.000375"/>
</kw>
<kw name="Log" owner="BuiltIn">
<msg time="2024-07-27T04:18:45.602714" level="INFO">username</msg>
<arg>${keyTwo}</arg>
<doc>Logs the given message with the given level.</doc>
<status status="PASS" start="2024-07-27T04:18:45.602595" elapsed="0.000156"/>
</kw>
<var name="${keyTwo}">username</var>
<status status="PASS" start="2024-07-27T04:18:45.601371" elapsed="0.001600"/>
</iter>
<iter>
<kw name="Dictionary Should Contain Key" owner="Collections">
<arg>${json_data['results'][0]['login']}</arg>
<arg>${keyTwo}</arg>
<doc>Fails if ``key`` is not found from ``dictionary``.</doc>
<status status="PASS" start="2024-07-27T04:18:45.603253" elapsed="0.000374"/>
</kw>
<kw name="Dictionary Should Contain Key" owner="Collections">
<arg>${json_data['results'][0]['login']}</arg>
<arg>${keyTwo}</arg>
<doc>Fails if ``key`` is not found from ``dictionary``.</doc>
<status status="PASS" start="2024-07-27T04:18:45.603802" elapsed="0.000367"/>
</kw>
<kw name="Log" owner="BuiltIn">
<msg time="2024-07-27T04:18:45.604467" level="INFO">password</msg>
<arg>${keyTwo}</arg>
<doc>Logs the given message with the given level.</doc>
<status status="PASS" start="2024-07-27T04:18:45.604343" elapsed="0.000161"/>
</kw>
<var name="${keyTwo}">password</var>
<status status="PASS" start="2024-07-27T04:18:45.603141" elapsed="0.001604"/>
</iter>
<var>${keyTwo}</var>
<value>@{expected_keysTwo}</value>
<status status="PASS" start="2024-07-27T04:18:45.601218" elapsed="0.003662"/>
</for>
<status status="PASS" start="2024-07-27T04:18:45.503674" elapsed="0.101349"/>
</kw>
<doc>Testa a estrutura da resposta da API.</doc>
<tag>testeEstruturaResposta</tag>
<status status="PASS" start="2024-07-27T04:18:45.503153" elapsed="0.102032"/>
</test>
<test id="s1-s1-t4" name="Validar tipos de dados" line="28">
<kw name="Teste de Tipos de Dados" owner="random-user-service">
<kw name="GET On Session" owner="RequestsLibrary">
<msg time="2024-07-27T04:18:45.645830" level="INFO">GET Request : url=https://randomuser.me/api 
 path_url=/api 
 headers={'User-Agent': 'python-requests/2.32.3', 'Accept-Encoding': 'gzip, deflate', 'Accept': '*/*', 'Connection': 'keep-alive'} 
 body=None 
 </msg>
<msg time="2024-07-27T04:18:45.645924" level="INFO">GET Response : url=https://randomuser.me/api 
 status=200, reason=OK 
 headers={'Date': 'Sat, 27 Jul 2024 04:18:45 GMT', 'Content-Type': 'application/json; charset=utf-8', 'Transfer-Encoding': 'chunked', 'Connection': 'keep-alive', 'X-Powered-By': 'Express', 'Access-Control-Allow-Origin': '*', 'Cache-Control': 'no-cache', 'ETag': 'W/"45d-9JwfkKgs7+6WRsj+S8nLWFs86lo"', 'Vary': 'Accept-Encoding', 'Content-Encoding': 'gzip', 'CF-Cache-Status': 'DYNAMIC', 'Report-To': '{"endpoints":[{"url":"https:\\/\\/a.nel.cloudflare.com\\/report\\/v4?s=5eM5R7KdOSnpyzfwrA%2FJ7W6ahPIGHh7lVbidSMQwyP019F7Al8Nuk5yypntsWSkHD1ijf3zBYry72PrP0YGyJYl5KvQg6g0C20%2FcP79Gvay1jVpjmtO9oZWRB9ctVLix"}],"group":"cf-nel","max_age":604800}', 'NEL': '{"success_fraction":0,"report_to":"cf-nel","max_age":604800}', 'Server': 'cloudflare', 'CF-RAY': '8a99d3cb1fe720d0-IAD', 'alt-svc': 'h3=":443"; ma=86400'} 
 body={"results":[{"gender":"male","name":{"title":"Mr","first":"Rick","last":"Cook"},"location":{"street":{"number":7341,"name":"Herbert Road"},"city":"Dublin","state":"Wexford","country":"Ireland","postcode":43964,"coordinates":{"latitude":"-0.7649","longitude":"-24.4047"},"timezone":{"offset":"-9:00","description":"Alaska"}},"email":"rick.cook@example.com","login":{"uuid":"c21b45f6-53a0-459f-be8a-ae5087e8626f","username":"orangemouse693","password":"tyson","salt":"toNcwK7E","md5":"cac01fb5d7ef3507d916d4dde3a8ef73","sha1":"a02a8251ba68002688e6363256b5564e71dbfdb9","sha256":"57b022e08eb46f6be51a4603f4c1c21d9515e00b1c96d0a40fd4c235dffedb01"},"dob":{"date":"1994-05-18T10:00:11.779Z","age":30},"registered":{"date":"2008-08-26T16:11:08.499Z","age":15},"phone":"041-495-4139","cell":"081-804-8083","id":{"name":"PPS","value":"3663768T"},"picture":{"large":"https://randomuser.me/api/portraits/men/5.jpg","medium":"https://randomuser.me/api/portraits/med/men/5.jpg","thumbnail":"https://randomuser.me/api/portraits/thumb/men/5.jpg"},"nat":"IE"}],"info":{"seed":"d6caaa9e86b74b88","results":1,"page":1,"version":"1.4"}} 
 </msg>
<msg time="2024-07-27T04:18:45.645997" level="INFO">/opt/hostedtoolcache/Python/3.12.4/x64/lib/python3.12/site-packages/urllib3/connectionpool.py:1099: InsecureRequestWarning: Unverified HTTPS request is being made to host 'randomuser.me'. Adding certificate verification is strongly advised. See: https://urllib3.readthedocs.io/en/latest/advanced-usage.html#tls-warnings
  warnings.warn(</msg>
<msg time="2024-07-27T04:18:45.646112" level="INFO">${response} = &lt;Response [200]&gt;</msg>
<var>${response}</var>
<arg>consultarAPI</arg>
<arg>/api</arg>
<doc>Sends a GET request on a previously created HTTP Session.</doc>
<status status="PASS" start="2024-07-27T04:18:45.607643" elapsed="0.038514"/>
</kw>
<kw name="Set Variable" owner="BuiltIn">
<msg time="2024-07-27T04:18:45.647396" level="INFO">${json_data} = {'results': [{'gender': 'male', 'name': {'title': 'Mr', 'first': 'Rick', 'last': 'Cook'}, 'location': {'street': {'number': 7341, 'name': 'Herbert Road'}, 'city': 'Dublin', 'state': 'Wexford', 'countr...</msg>
<var>${json_data}</var>
<arg>${response.json()}</arg>
<doc>Returns the given values which can then be assigned to a variables.</doc>
<status status="PASS" start="2024-07-27T04:18:45.646799" elapsed="0.000626"/>
</kw>
<kw name="Log" owner="BuiltIn">
<msg time="2024-07-27T04:18:45.647900" level="INFO">{'results': [{'gender': 'male', 'name': {'title': 'Mr', 'first': 'Rick', 'last': 'Cook'}, 'location': {'street': {'number': 7341, 'name': 'Herbert Road'}, 'city': 'Dublin', 'state': 'Wexford', 'country': 'Ireland', 'postcode': 43964, 'coordinates': {'latitude': '-0.7649', 'longitude': '-24.4047'}, 'timezone': {'offset': '-9:00', 'description': 'Alaska'}}, 'email': 'rick.cook@example.com', 'login': {'uuid': 'c21b45f6-53a0-459f-be8a-ae5087e8626f', 'username': 'orangemouse693', 'password': 'tyson', 'salt': 'toNcwK7E', 'md5': 'cac01fb5d7ef3507d916d4dde3a8ef73', 'sha1': 'a02a8251ba68002688e6363256b5564e71dbfdb9', 'sha256': '57b022e08eb46f6be51a4603f4c1c21d9515e00b1c96d0a40fd4c235dffedb01'}, 'dob': {'date': '1994-05-18T10:00:11.779Z', 'age': 30}, 'registered': {'date': '2008-08-26T16:11:08.499Z', 'age': 15}, 'phone': '041-495-4139', 'cell': '081-804-8083', 'id': {'name': 'PPS', 'value': '3663768T'}, 'picture': {'large': 'https://randomuser.me/api/portraits/men/5.jpg', 'medium': 'https://randomuser.me/api/portraits/med/men/5.jpg', 'thumbnail': 'https://randomuser.me/api/portraits/thumb/men/5.jpg'}, 'nat': 'IE'}], 'info': {'seed': 'd6caaa9e86b74b88', 'results': 1, 'page': 1, 'version': '1.4'}}</msg>
<arg>${json_data}</arg>
<doc>Logs the given message with the given level.</doc>
<status status="PASS" start="2024-07-27T04:18:45.647740" elapsed="0.000209"/>
</kw>
<kw name="Should Be String" owner="String">
<arg>${json_data['results'][0]['gender']}</arg>
<doc>Fails if the given ``item`` is not a string.</doc>
<status status="PASS" start="2024-07-27T04:18:45.648263" elapsed="0.000381"/>
</kw>
<kw name="Should Match Regexp" owner="BuiltIn">
<arg>${json_data['results'][0]['email']}</arg>
<arg>^[a-zA-Z0-9._%+-]+@[a-zA-Z0-9.-]+\.[a-zA-Z]{2,}$</arg>
<doc>Fails if ``string`` does not match ``pattern`` as a regular expression.</doc>
<status status="PASS" start="2024-07-27T04:18:45.648888" elapsed="0.000521"/>
</kw>
<kw name="Should Match Regexp" owner="BuiltIn">
<arg>${json_data['results'][0]['dob']['date']}</arg>
<arg>\\d{4}-\\d{2}-\\d{2}T\\d{2}:\\d{2}:\\d{2}\\.\\d{3}Z</arg>
<doc>Fails if ``string`` does not match ``pattern`` as a regular expression.</doc>
<status status="PASS" start="2024-07-27T04:18:45.649645" elapsed="0.000637"/>
</kw>
<kw name="Should Match Regexp" owner="BuiltIn">
<arg>${json_data['results'][0]['registered']['date']}</arg>
<arg>\\d{4}-\\d{2}-\\d{2}T\\d{2}:\\d{2}:\\d{2}\\.\\d{3}Z</arg>
<doc>Fails if ``string`` does not match ``pattern`` as a regular expression.</doc>
<status status="PASS" start="2024-07-27T04:18:45.650477" elapsed="0.000371"/>
</kw>
<kw name="Should Match Regexp" owner="BuiltIn">
<arg>${json_data['results'][0]['picture']['large']}</arg>
<arg>^https?://.*\.(?:png|jpe?g|gif|bmp)$</arg>
<doc>Fails if ``string`` does not match ``pattern`` as a regular expression.</doc>
<status status="PASS" start="2024-07-27T04:18:45.651035" elapsed="0.000457"/>
</kw>
<kw name="Should Match Regexp" owner="BuiltIn">
<arg>${json_data['results'][0]['picture']['medium']}</arg>
<arg>^https?://.*\.(?:png|jpe?g|gif|bmp)$</arg>
<doc>Fails if ``string`` does not match ``pattern`` as a regular expression.</doc>
<status status="PASS" start="2024-07-27T04:18:45.651682" elapsed="0.000352"/>
</kw>
<kw name="Should Match Regexp" owner="BuiltIn">
<arg>${json_data['results'][0]['picture']['thumbnail']}</arg>
<arg>^https?://.*\.(?:png|jpe?g|gif|bmp)$</arg>
<doc>Fails if ``string`` does not match ``pattern`` as a regular expression.</doc>
<status status="PASS" start="2024-07-27T04:18:45.652218" elapsed="0.000349"/>
</kw>
<kw name="Log" owner="BuiltIn">
<msg time="2024-07-27T04:18:45.653106" level="INFO">{'large': 'https://randomuser.me/api/portraits/men/5.jpg', 'medium': 'https://randomuser.me/api/portraits/med/men/5.jpg', 'thumbnail': 'https://randomuser.me/api/portraits/thumb/men/5.jpg'}</msg>
<arg>${json_data['results'][0]['picture']}</arg>
<doc>Logs the given message with the given level.</doc>
<status status="PASS" start="2024-07-27T04:18:45.652774" elapsed="0.000378"/>
</kw>
<status status="PASS" start="2024-07-27T04:18:45.607420" elapsed="0.045992"/>
</kw>
<kw name="Teste de Tipos de Dados - Postcode" owner="random-user-service">
<kw name="GET On Session" owner="RequestsLibrary">
<msg time="2024-07-27T04:18:45.742757" level="INFO">GET Request : url=https://randomuser.me/api 
 path_url=/api 
 headers={'User-Agent': 'python-requests/2.32.3', 'Accept-Encoding': 'gzip, deflate', 'Accept': '*/*', 'Connection': 'keep-alive'} 
 body=None 
 </msg>
<msg time="2024-07-27T04:18:45.742866" level="INFO">GET Response : url=https://randomuser.me/api 
 status=200, reason=OK 
 headers={'Date': 'Sat, 27 Jul 2024 04:18:45 GMT', 'Content-Type': 'application/json; charset=utf-8', 'Transfer-Encoding': 'chunked', 'Connection': 'keep-alive', 'X-Powered-By': 'Express', 'Access-Control-Allow-Origin': '*', 'Cache-Control': 'no-cache', 'ETag': 'W/"49f-LFyHoUmerP09y4OqSMGa0SZEB8Y"', 'Vary': 'Accept-Encoding', 'Content-Encoding': 'gzip', 'CF-Cache-Status': 'DYNAMIC', 'Report-To': '{"endpoints":[{"url":"https:\\/\\/a.nel.cloudflare.com\\/report\\/v4?s=Dzh0QlLfuVjYJGG%2FuivothP5D1zSIu%2F5fEMTrXhI%2FuieCHUoVgPcEuyPz5iY6G5Ckr1OTootTGYKvXQTD%2FLxj%2B%2FWxRSOdNsxToBUo8IShlPjI28iP1Cm7kb57IldB%2Bcx"}],"group":"cf-nel","max_age":604800}', 'NEL': '{"success_fraction":0,"report_to":"cf-nel","max_age":604800}', 'Server': 'cloudflare', 'CF-RAY': '8a99d3cb582c20d0-IAD', 'alt-svc': 'h3=":443"; ma=86400'} 
 body={"results":[{"gender":"male","name":{"title":"Monsieur","first":"Florin","last":"Barbier"},"location":{"street":{"number":1435,"name":"Route de Genas"},"city":"Bioley-Magnoux","state":"Uri","country":"Switzerland","postcode":3285,"coordinates":{"latitude":"-57.2980","longitude":"-61.0624"},"timezone":{"offset":"+5:30","description":"Bombay, Calcutta, Madras, New Delhi"}},"email":"florin.barbier@example.com","login":{"uuid":"40b251d3-254e-4831-a3f3-937342d535d5","username":"yellowduck613","password":"chat","salt":"kuq6Iohj","md5":"ee76e7c6c672167972c55e87ce084dcb","sha1":"1a06d54e6414d87d259d315b651c24dac22e3855","sha256":"423d6cd1ef287417a4d533748bd0fbf82eec51153de3eac20cb94b967491009c"},"dob":{"date":"1956-12-09T00:21:31.076Z","age":67},"registered":{"date":"2012-03-22T18:47:13.543Z","age":12},"phone":"075 831 38 31","cell":"076 472 15 96","id":{"name":"AVS","value":"756.7676.6040.61"},"picture":{"large":"https://randomuser.me/api/portraits/men/22.jpg","medium":"https://randomuser.me/api/portraits/med/men/22.jpg","thumbnail":"https://randomuser.me/api/portraits/thumb/men/22.jpg"},"nat":"CH"}],"info":{"seed":"4c5de171508c6852","results":1,"page":1,"version":"1.4"}} 
 </msg>
<msg time="2024-07-27T04:18:45.742960" level="INFO">/opt/hostedtoolcache/Python/3.12.4/x64/lib/python3.12/site-packages/urllib3/connectionpool.py:1099: InsecureRequestWarning: Unverified HTTPS request is being made to host 'randomuser.me'. Adding certificate verification is strongly advised. See: https://urllib3.readthedocs.io/en/latest/advanced-usage.html#tls-warnings
  warnings.warn(</msg>
<msg time="2024-07-27T04:18:45.743103" level="INFO">${response} = &lt;Response [200]&gt;</msg>
<var>${response}</var>
<arg>consultarAPI</arg>
<arg>/api</arg>
<doc>Sends a GET request on a previously created HTTP Session.</doc>
<status status="PASS" start="2024-07-27T04:18:45.653881" elapsed="0.089269"/>
</kw>
<kw name="Set Variable" owner="BuiltIn">
<msg time="2024-07-27T04:18:45.744422" level="INFO">${json_data} = {'results': [{'gender': 'male', 'name': {'title': 'Monsieur', 'first': 'Florin', 'last': 'Barbier'}, 'location': {'street': {'number': 1435, 'name': 'Route de Genas'}, 'city': 'Bioley-Magnoux', 'state...</msg>
<var>${json_data}</var>
<arg>${response.json()}</arg>
<doc>Returns the given values which can then be assigned to a variables.</doc>
<status status="PASS" start="2024-07-27T04:18:45.743819" elapsed="0.000631"/>
</kw>
<kw name="Log" owner="BuiltIn">
<msg time="2024-07-27T04:18:45.744972" level="INFO">{'results': [{'gender': 'male', 'name': {'title': 'Monsieur', 'first': 'Florin', 'last': 'Barbier'}, 'location': {'street': {'number': 1435, 'name': 'Route de Genas'}, 'city': 'Bioley-Magnoux', 'state': 'Uri', 'country': 'Switzerland', 'postcode': 3285, 'coordinates': {'latitude': '-57.2980', 'longitude': '-61.0624'}, 'timezone': {'offset': '+5:30', 'description': 'Bombay, Calcutta, Madras, New Delhi'}}, 'email': 'florin.barbier@example.com', 'login': {'uuid': '40b251d3-254e-4831-a3f3-937342d535d5', 'username': 'yellowduck613', 'password': 'chat', 'salt': 'kuq6Iohj', 'md5': 'ee76e7c6c672167972c55e87ce084dcb', 'sha1': '1a06d54e6414d87d259d315b651c24dac22e3855', 'sha256': '423d6cd1ef287417a4d533748bd0fbf82eec51153de3eac20cb94b967491009c'}, 'dob': {'date': '1956-12-09T00:21:31.076Z', 'age': 67}, 'registered': {'date': '2012-03-22T18:47:13.543Z', 'age': 12}, 'phone': '075 831 38 31', 'cell': '076 472 15 96', 'id': {'name': 'AVS', 'value': '756.7676.6040.61'}, 'picture': {'large': 'https://randomuser.me/api/portraits/men/22.jpg', 'medium': 'https://randomuser.me/api/portraits/med/men/22.jpg', 'thumbnail': 'https://randomuser.me/api/portraits/thumb/men/22.jpg'}, 'nat': 'CH'}], 'info': {'seed': '4c5de171508c6852', 'results': 1, 'page': 1, 'version': '1.4'}}</msg>
<arg>${json_data}</arg>
<doc>Logs the given message with the given level.</doc>
<status status="PASS" start="2024-07-27T04:18:45.744804" elapsed="0.000214"/>
</kw>
<kw name="Should Be Equal As Numbers" owner="BuiltIn">
<arg>${json_data['results'][0]['location']['postcode']}</arg>
<arg>${json_data['results'][0]['location']['postcode']}</arg>
<doc>Fails if objects are unequal after converting them to real numbers.</doc>
<status status="PASS" start="2024-07-27T04:18:45.745311" elapsed="0.000622"/>
</kw>
<kw name="Log" owner="BuiltIn">
<msg time="2024-07-27T04:18:45.746458" level="INFO">3285</msg>
<arg>${json_data['results'][0]['location']['postcode']}</arg>
<doc>Logs the given message with the given level.</doc>
<status status="PASS" start="2024-07-27T04:18:45.746127" elapsed="0.000371"/>
</kw>
<status status="PASS" start="2024-07-27T04:18:45.653644" elapsed="0.093136"/>
</kw>
<doc>Testa se os tipos de dados na resposta da API estão corretos.</doc>
<tag>testeTiposDados</tag>
<status status="PASS" start="2024-07-27T04:18:45.606948" elapsed="0.140007"/>
</test>
<test id="s1-s1-t5" name="Validar conteudo" line="35">
<kw name="Teste de Tipos de Conteudo" owner="random-user-service">
<kw name="GET On Session" owner="RequestsLibrary">
<msg time="2024-07-27T04:18:45.881805" level="INFO">GET Request : url=https://randomuser.me/api 
 path_url=/api 
 headers={'User-Agent': 'python-requests/2.32.3', 'Accept-Encoding': 'gzip, deflate', 'Accept': '*/*', 'Connection': 'keep-alive'} 
 body=None 
 </msg>
<msg time="2024-07-27T04:18:45.881923" level="INFO">GET Response : url=https://randomuser.me/api 
 status=200, reason=OK 
 headers={'Date': 'Sat, 27 Jul 2024 04:18:45 GMT', 'Content-Type': 'application/json; charset=utf-8', 'Transfer-Encoding': 'chunked', 'Connection': 'keep-alive', 'X-Powered-By': 'Express', 'Access-Control-Allow-Origin': '*', 'Cache-Control': 'no-cache', 'ETag': 'W/"489-jExA3F8Ekr9kG2GXDXPfjFyJXc0"', 'Vary': 'Accept-Encoding', 'Content-Encoding': 'gzip', 'CF-Cache-Status': 'DYNAMIC', 'Report-To': '{"endpoints":[{"url":"https:\\/\\/a.nel.cloudflare.com\\/report\\/v4?s=iecXuS8mGlAESzhBSjiF4DtGsHvwAhbEf5ebXXBAfZIwSFD3ZRnCiaw1coVRUCnAFvzJ0yh3xa7HtmwT%2BIBP2H49tpz3CEGhDohoWAbC%2Fv7ldYuuzH5fi0FdLDxr8vFe"}],"group":"cf-nel","max_age":604800}', 'NEL': '{"success_fraction":0,"report_to":"cf-nel","max_age":604800}', 'Server': 'cloudflare', 'CF-RAY': '8a99d3cbf8c420d0-IAD', 'alt-svc': 'h3=":443"; ma=86400'} 
 body={"results":[{"gender":"male","name":{"title":"Mr","first":"Jeremy","last":"Woods"},"location":{"street":{"number":9064,"name":"North Road"},"city":"Wexford","state":"Wicklow","country":"Ireland","postcode":82575,"coordinates":{"latitude":"-1.9780","longitude":"-159.0544"},"timezone":{"offset":"-6:00","description":"Central Time (US &amp; Canada), Mexico City"}},"email":"jeremy.woods@example.com","login":{"uuid":"7f3e7ffc-6956-4efd-a759-2677dc04b809","username":"goldenmeercat264","password":"hydro","salt":"yJuz37ZA","md5":"7b6302331e65c044b7e01242f724b305","sha1":"dd613484226fef1f22e38c7dc46d887bfb53c2e0","sha256":"5bdbb5898f7ca74644ab773679902d6922a1903673255260820621903800db0d"},"dob":{"date":"1967-01-29T05:57:54.742Z","age":57},"registered":{"date":"2012-01-13T22:28:26.520Z","age":12},"phone":"061-702-6505","cell":"081-377-8829","id":{"name":"PPS","value":"9615643T"},"picture":{"large":"https://randomuser.me/api/portraits/men/46.jpg","medium":"https://randomuser.me/api/portraits/med/men/46.jpg","thumbnail":"https://randomuser.me/api/portraits/thumb/men/46.jpg"},"nat":"IE"}],"info":{"seed":"63bc9355c3d7a0d0","results":1,"page":1,"version":"1.4"}} 
 </msg>
<msg time="2024-07-27T04:18:45.882005" level="INFO">/opt/hostedtoolcache/Python/3.12.4/x64/lib/python3.12/site-packages/urllib3/connectionpool.py:1099: InsecureRequestWarning: Unverified HTTPS request is being made to host 'randomuser.me'. Adding certificate verification is strongly advised. See: https://urllib3.readthedocs.io/en/latest/advanced-usage.html#tls-warnings
  warnings.warn(</msg>
<msg time="2024-07-27T04:18:45.882142" level="INFO">${response} = &lt;Response [200]&gt;</msg>
<var>${response}</var>
<arg>consultarAPI</arg>
<arg>/api</arg>
<doc>Sends a GET request on a previously created HTTP Session.</doc>
<status status="PASS" start="2024-07-27T04:18:45.749509" elapsed="0.132675"/>
</kw>
<kw name="Set Variable" owner="BuiltIn">
<msg time="2024-07-27T04:18:45.883401" level="INFO">${json_data} = {'results': [{'gender': 'male', 'name': {'title': 'Mr', 'first': 'Jeremy', 'last': 'Woods'}, 'location': {'street': {'number': 9064, 'name': 'North Road'}, 'city': 'Wexford', 'state': 'Wicklow', 'coun...</msg>
<var>${json_data}</var>
<arg>${response.json()}</arg>
<doc>Returns the given values which can then be assigned to a variables.</doc>
<status status="PASS" start="2024-07-27T04:18:45.882826" elapsed="0.000606"/>
</kw>
<kw name="Set Variable" owner="BuiltIn">
<msg time="2024-07-27T04:18:45.884130" level="INFO">${name_title} = Mr</msg>
<var>${name_title}</var>
<arg>${json_data["results"][0]["name"]["title"]}</arg>
<doc>Returns the given values which can then be assigned to a variables.</doc>
<status status="PASS" start="2024-07-27T04:18:45.883743" elapsed="0.000414"/>
</kw>
<kw name="Create List" owner="BuiltIn">
<msg time="2024-07-27T04:18:45.884605" level="INFO">${allowed_titles} = ['Mr', 'Ms', 'Miss', 'Mrs', 'Madame', 'Monsieur']</msg>
<var>${allowed_titles}</var>
<arg>Mr</arg>
<arg>Ms</arg>
<arg>Miss</arg>
<arg>Mrs</arg>
<arg>Madame</arg>
<arg>Monsieur</arg>
<doc>Returns a list containing given items.</doc>
<status status="PASS" start="2024-07-27T04:18:45.884453" elapsed="0.000177"/>
</kw>
<kw name="List Should Contain Value" owner="Collections">
<arg>${allowed_titles}</arg>
<arg>${name_title}</arg>
<doc>Fails if the ``value`` is not found from ``list``.</doc>
<status status="PASS" start="2024-07-27T04:18:45.884988" elapsed="0.000183"/>
</kw>
<kw name="Set Variable" owner="BuiltIn">
<msg time="2024-07-27T04:18:45.885725" level="INFO">${name_country} = IE</msg>
<var>${name_country}</var>
<arg>${json_data["results"][0]["nat"]}</arg>
<doc>Returns the given values which can then be assigned to a variables.</doc>
<status status="PASS" start="2024-07-27T04:18:45.885351" elapsed="0.000399"/>
</kw>
<kw name="Create List" owner="BuiltIn">
<msg time="2024-07-27T04:18:45.886637" level="INFO">${list_country} = ['AD', 'AE', 'AF', 'AG', 'AI', 'AL', 'AM', 'AO', 'AQ', 'AR', 'AS', 'AT', 'AU', 'AW', 'AX', 'AZ', 'BA', 'BB', 'BD', 'BE', 'BF', 'BG', 'BH', 'BI', 'BJ', 'BL', 'BM', 'BN', 'BO', 'BQ', 'BR', 'BS', 'BT', '...</msg>
<var>${list_country}</var>
<arg>AD</arg>
<arg>AE</arg>
<arg>AF</arg>
<arg>AG</arg>
<arg>AI</arg>
<arg>AL</arg>
<arg>AM</arg>
<arg>AO</arg>
<arg>AQ</arg>
<arg>AR</arg>
<arg>AS</arg>
<arg>AT</arg>
<arg>AU</arg>
<arg>AW</arg>
<arg>AX</arg>
<arg>AZ</arg>
<arg>BA</arg>
<arg>BB</arg>
<arg>BD</arg>
<arg>BE</arg>
<arg>BF</arg>
<arg>BG</arg>
<arg>BH</arg>
<arg>BI</arg>
<arg>BJ</arg>
<arg>BL</arg>
<arg>BM</arg>
<arg>BN</arg>
<arg>BO</arg>
<arg>BQ</arg>
<arg>BR</arg>
<arg>BS</arg>
<arg>BT</arg>
<arg>BV</arg>
<arg>BW</arg>
<arg>BY</arg>
<arg>BZ</arg>
<arg>CA</arg>
<arg>CC</arg>
<arg>CD</arg>
<arg>CF</arg>
<arg>CG</arg>
<arg>CH</arg>
<arg>CI</arg>
<arg>CK</arg>
<arg>CL</arg>
<arg>CM</arg>
<arg>CN</arg>
<arg>CO</arg>
<arg>CR</arg>
<arg>CU</arg>
<arg>CV</arg>
<arg>CW</arg>
<arg>CX</arg>
<arg>CY</arg>
<arg>CZ</arg>
<arg>DE</arg>
<arg>DJ</arg>
<arg>DK</arg>
<arg>DM</arg>
<arg>DO</arg>
<arg>DZ</arg>
<arg>EC</arg>
<arg>EE</arg>
<arg>EG</arg>
<arg>EH</arg>
<arg>ER</arg>
<arg>ES</arg>
<arg>ET</arg>
<arg>FI</arg>
<arg>FJ</arg>
<arg>FK</arg>
<arg>FM</arg>
<arg>FO</arg>
<arg>FR</arg>
<arg>GA</arg>
<arg>GB</arg>
<arg>GD</arg>
<arg>GE</arg>
<arg>GF</arg>
<arg>GG</arg>
<arg>GH</arg>
<arg>GI</arg>
<arg>GL</arg>
<arg>GM</arg>
<arg>GN</arg>
<arg>GP</arg>
<arg>GQ</arg>
<arg>GR</arg>
<arg>GS</arg>
<arg>GT</arg>
<arg>GU</arg>
<arg>GW</arg>
<arg>GY</arg>
<arg>HK</arg>
<arg>HM</arg>
<arg>HN</arg>
<arg>HR</arg>
<arg>HT</arg>
<arg>HU</arg>
<arg>ID</arg>
<arg>IE</arg>
<arg>IL</arg>
<arg>IM</arg>
<arg>IN</arg>
<arg>IO</arg>
<arg>IQ</arg>
<arg>IR</arg>
<arg>IS</arg>
<arg>IT</arg>
<arg>JE</arg>
<arg>JM</arg>
<arg>JO</arg>
<arg>JP</arg>
<arg>KE</arg>
<arg>KG</arg>
<arg>KH</arg>
<arg>KI</arg>
<arg>KM</arg>
<arg>KN</arg>
<arg>KP</arg>
<arg>KR</arg>
<arg>KW</arg>
<arg>KY</arg>
<arg>KZ</arg>
<arg>LA</arg>
<arg>LB</arg>
<arg>LC</arg>
<arg>LI</arg>
<arg>LK</arg>
<arg>LR</arg>
<arg>LS</arg>
<arg>LT</arg>
<arg>LU</arg>
<arg>LV</arg>
<arg>LY</arg>
<arg>MA</arg>
<arg>MC</arg>
<arg>MD</arg>
<arg>ME</arg>
<arg>MF</arg>
<arg>MG</arg>
<arg>MH</arg>
<arg>MK</arg>
<arg>ML</arg>
<arg>MM</arg>
<arg>MN</arg>
<arg>MO</arg>
<arg>MP</arg>
<arg>MQ</arg>
<arg>MR</arg>
<arg>MS</arg>
<arg>MT</arg>
<arg>MU</arg>
<arg>MV</arg>
<arg>MW</arg>
<arg>MX</arg>
<arg>MY</arg>
<arg>MZ</arg>
<arg>NA</arg>
<arg>NC</arg>
<arg>NE</arg>
<arg>NF</arg>
<arg>NG</arg>
<arg>NI</arg>
<arg>NL</arg>
<arg>NO</arg>
<arg>NP</arg>
<arg>NR</arg>
<arg>NU</arg>
<arg>NZ</arg>
<arg>OM</arg>
<arg>PA</arg>
<arg>PE</arg>
<arg>PF</arg>
<arg>PG</arg>
<arg>PH</arg>
<arg>PK</arg>
<arg>PL</arg>
<arg>PM</arg>
<arg>PN</arg>
<arg>PR</arg>
<arg>PS</arg>
<arg>PT</arg>
<arg>PW</arg>
<arg>PY</arg>
<arg>QA</arg>
<arg>RE</arg>
<arg>RO</arg>
<arg>RS</arg>
<arg>RU</arg>
<arg>RW</arg>
<arg>SA</arg>
<arg>SB</arg>
<arg>SC</arg>
<arg>SD</arg>
<arg>SE</arg>
<arg>SG</arg>
<arg>SH</arg>
<arg>SI</arg>
<arg>SJ</arg>
<arg>SK</arg>
<arg>SL</arg>
<arg>SM</arg>
<arg>SN</arg>
<arg>SO</arg>
<arg>SR</arg>
<arg>SS</arg>
<arg>ST</arg>
<arg>SV</arg>
<arg>SX</arg>
<arg>SY</arg>
<arg>SZ</arg>
<arg>TC</arg>
<arg>TD</arg>
<arg>TF</arg>
<arg>TG</arg>
<arg>TH</arg>
<arg>TJ</arg>
<arg>TK</arg>
<arg>TL</arg>
<arg>TM</arg>
<arg>TN</arg>
<arg>TO</arg>
<arg>TR</arg>
<arg>TT</arg>
<arg>TV</arg>
<arg>TW</arg>
<arg>TZ</arg>
<arg>UA</arg>
<arg>UG</arg>
<arg>UM</arg>
<arg>US</arg>
<arg>UY</arg>
<arg>UZ</arg>
<arg>VA</arg>
<arg>VC</arg>
<arg>VE</arg>
<arg>VG</arg>
<arg>VI</arg>
<arg>VN</arg>
<arg>VU</arg>
<arg>WF</arg>
<arg>WS</arg>
<arg>XK</arg>
<arg>YE</arg>
<arg>YT</arg>
<arg>ZA</arg>
<arg>ZM</arg>
<arg>ZW</arg>
<doc>Returns a list containing given items.</doc>
<status status="PASS" start="2024-07-27T04:18:45.886046" elapsed="0.000616"/>
</kw>
<kw name="List Should Contain Value" owner="Collections">
<arg>${list_country}</arg>
<arg>${name_country}</arg>
<doc>Fails if the ``value`` is not found from ``list``.</doc>
<status status="PASS" start="2024-07-27T04:18:45.887634" elapsed="0.000210"/>
</kw>
<kw name="Run Keyword If" owner="BuiltIn">
<kw name="Should Be True" owner="BuiltIn">
<arg>${True}</arg>
<doc>Fails if the given condition is not true.</doc>
<status status="PASS" start="2024-07-27T04:18:45.888823" elapsed="0.000144"/>
</kw>
<arg>${json_data["results"][0]["location"]["coordinates"]["latitude"]} &gt;= -90 and ${json_data["results"][0]["location"]["coordinates"]["latitude"]} &lt;= 90</arg>
<arg>Should Be True</arg>
<arg>${True}</arg>
<doc>Runs the given keyword with the given arguments, if ``condition`` is true.</doc>
<status status="PASS" start="2024-07-27T04:18:45.888043" elapsed="0.001049"/>
</kw>
<kw name="Run Keyword If" owner="BuiltIn">
<kw name="Should Be True" owner="BuiltIn">
<arg>${True}</arg>
<doc>Fails if the given condition is not true.</doc>
<status status="PASS" start="2024-07-27T04:18:45.889965" elapsed="0.000138"/>
</kw>
<arg>${json_data["results"][0]["location"]["coordinates"]["longitude"]} &gt;= -180 and ${json_data["results"][0]["location"]["coordinates"]["longitude"]} &lt;= 180</arg>
<arg>Should Be True</arg>
<arg>${True}</arg>
<doc>Runs the given keyword with the given arguments, if ``condition`` is true.</doc>
<status status="PASS" start="2024-07-27T04:18:45.889273" elapsed="0.000953"/>
</kw>
<status status="PASS" start="2024-07-27T04:18:45.749283" elapsed="0.141072"/>
</kw>
<doc>Testa o conteúdo específico dos campos retornados pela API.</doc>
<tag>testeConteudo</tag>
<status status="PASS" start="2024-07-27T04:18:45.748738" elapsed="0.141769"/>
</test>
<status status="PASS" start="2024-07-27T04:18:44.790500" elapsed="1.101997"/>
</suite>
<status status="PASS" start="2024-07-27T04:18:44.775900" elapsed="1.121849"/>
</suite>
<statistics>
<total>
<stat pass="5" fail="0" skip="0">All Tests</stat>
</total>
<tag>
<stat pass="1" fail="0" skip="0">testeConteudo</stat>
<stat pass="1" fail="0" skip="0">testeEstruturaResposta</stat>
<stat pass="1" fail="0" skip="0">testeRequisicaoBasica</stat>
<stat pass="1" fail="0" skip="0">testeTiposDados</stat>
</tag>
<suite>
<stat pass="5" fail="0" skip="0" id="s1" name="Tests">Tests</stat>
<stat pass="5" fail="0" skip="0" id="s1-s1" name="Random-User-Test">Tests.Random-User-Test</stat>
</suite>
</statistics>
<errors>
</errors>
</robot>
