<?xml version="1.0" encoding="UTF-8"?>
<robot generator="Robot 7.0 (Python 3.12.3 on linux)" generated="2024-05-05T05:13:18.117926" rpa="false" schemaversion="5">
<suite id="s1" name="Tests" source="/home/runner/work/DesafioQAItauRogerioJordao/DesafioQAItauRogerioJordao/RamdonUser/tests">
<suite id="s1-s1" name="Random-User-Test" source="/home/runner/work/DesafioQAItauRogerioJordao/DesafioQAItauRogerioJordao/RamdonUser/tests/random-user-test.robot">
<test id="s1-s1-t1" name="Conectar" line="13">
<kw name="Conectar API" owner="random-user-service">
<kw name="Create Session" owner="RequestsLibrary">
<msg time="2024-05-05T05:13:18.471288" level="INFO">Creating Session using : alias=consultarAPI, url=https://randomuser.me/, headers={},                     cookies={}, auth=None, timeout=None, proxies=None, verify=False,                     debug=0 </msg>
<arg>consultarAPI</arg>
<arg>${URL}</arg>
<doc>Create Session: create a HTTP session to a server</doc>
<status status="PASS" start="2024-05-05T05:13:18.471095" elapsed="0.000367"/>
</kw>
<status status="PASS" start="2024-05-05T05:13:18.470174" elapsed="0.001633"/>
</kw>
<status status="PASS" start="2024-05-05T05:13:18.469649" elapsed="0.002350"/>
</test>
<test id="s1-s1-t2" name="Validar retorno 200 e JSON Válido" line="16">
<kw name="Teste de Requisicao Basica" owner="random-user-service">
<kw name="GET On Session" owner="RequestsLibrary">
<msg time="2024-05-05T05:13:18.528922" level="INFO">GET Request : url=https://randomuser.me/api 
 path_url=/api 
 headers={'User-Agent': 'python-requests/2.31.0', 'Accept-Encoding': 'gzip, deflate', 'Accept': '*/*', 'Connection': 'keep-alive'} 
 body=None 
 </msg>
<msg time="2024-05-05T05:13:18.529025" level="INFO">GET Response : url=https://randomuser.me/api 
 status=200, reason=OK 
 headers={'Date': 'Sun, 05 May 2024 05:13:18 GMT', 'Content-Type': 'application/json; charset=utf-8', 'Transfer-Encoding': 'chunked', 'Connection': 'keep-alive', 'X-Powered-By': 'Express', 'Access-Control-Allow-Origin': '*', 'Cache-Control': 'no-cache', 'ETag': 'W/"46b-jxXYxqZzcwtzkGUNwPEWnVRB0Rw"', 'Vary': 'Accept-Encoding', 'Content-Encoding': 'gzip', 'CF-Cache-Status': 'DYNAMIC', 'Report-To': '{"endpoints":[{"url":"https:\\/\\/a.nel.cloudflare.com\\/report\\/v4?s=7C41oRhwgKU24WMQSxKyWXY6HylYYrCrwx021oA8noJa80jyGFZYXIHuLosBzK5R8%2F0pNlWuN9OpQYT5XN%2FGDPZnX9sRveSMluh%2BfztM0dwEce1jNKsLg5kXyfOXyjqu"}],"group":"cf-nel","max_age":604800}', 'NEL': '{"success_fraction":0,"report_to":"cf-nel","max_age":604800}', 'Server': 'cloudflare', 'CF-RAY': '87ee3d929c1a38fd-IAD', 'alt-svc': 'h3=":443"; ma=86400'} 
 body={"results":[{"gender":"male","name":{"title":"Mr","first":"Theo","last":"Smith"},"location":{"street":{"number":9641,"name":"Hereford Street"},"city":"Invercargill","state":"Auckland","country":"New Zealand","postcode":14649,"coordinates":{"latitude":"54.8847","longitude":"-66.7476"},"timezone":{"offset":"+5:45","description":"Kathmandu"}},"email":"theo.smith@example.com","login":{"uuid":"eacf5500-db54-4b67-a0d0-8a117bc0c0d8","username":"ticklishbear603","password":"1981","salt":"ZRvrRxBz","md5":"7a0bf633281ffb779b679acf5ea22bff","sha1":"60f88e7c8f526fb97165f12910858858d289033c","sha256":"aca7ec78599a5a740fe467b12c545e5408925587c295bccfb128fd9872262057"},"dob":{"date":"1980-09-17T01:49:27.419Z","age":43},"registered":{"date":"2004-08-22T10:12:57.669Z","age":19},"phone":"(468)-070-8507","cell":"(542)-316-9477","id":{"name":"","value":null},"picture":{"large":"https://randomuser.me/api/portraits/men/7.jpg","medium":"https://randomuser.me/api/portraits/med/men/7.jpg","thumbnail":"https://randomuser.me/api/portraits/thumb/men/7.jpg"},"nat":"NZ"}],"info":{"seed":"b69bc65704f4b014","results":1,"page":1,"version":"1.4"}} 
 </msg>
<msg time="2024-05-05T05:13:18.529092" level="INFO">/opt/hostedtoolcache/Python/3.12.3/x64/lib/python3.12/site-packages/urllib3/connectionpool.py:1103: InsecureRequestWarning: Unverified HTTPS request is being made to host 'randomuser.me'. Adding certificate verification is strongly advised. See: https://urllib3.readthedocs.io/en/latest/advanced-usage.html#tls-warnings
  warnings.warn(</msg>
<msg time="2024-05-05T05:13:18.529199" level="INFO">${response} = &lt;Response [200]&gt;</msg>
<var>${response}</var>
<arg>consultarAPI</arg>
<arg>/api</arg>
<doc>Sends a GET request on a previously created HTTP Session.</doc>
<status status="PASS" start="2024-05-05T05:13:18.474631" elapsed="0.054610"/>
</kw>
<kw name="Should Be Equal As Numbers" owner="BuiltIn">
<msg time="2024-05-05T05:13:18.530087" level="INFO">Argument types are:
&lt;class 'int'&gt;
&lt;class 'str'&gt;</msg>
<arg>${response.status_code}</arg>
<arg>200</arg>
<doc>Fails if objects are unequal after converting them to real numbers.</doc>
<status status="PASS" start="2024-05-05T05:13:18.529673" elapsed="0.000478"/>
</kw>
<kw name="Log" owner="BuiltIn">
<msg time="2024-05-05T05:13:18.530847" level="INFO">200</msg>
<arg>${response.status_code}</arg>
<doc>Logs the given message with the given level.</doc>
<status status="PASS" start="2024-05-05T05:13:18.530495" elapsed="0.000395"/>
</kw>
<kw name="Set Variable" owner="BuiltIn">
<msg time="2024-05-05T05:13:18.531632" level="INFO">${json_data} = {'results': [{'gender': 'male', 'name': {'title': 'Mr', 'first': 'Theo', 'last': 'Smith'}, 'location': {'street': {'number': 9641, 'name': 'Hereford Street'}, 'city': 'Invercargill', 'state': 'Aucklan...</msg>
<var>${json_data}</var>
<arg>${response.json()}</arg>
<doc>Returns the given values which can then be assigned to a variables.</doc>
<status status="PASS" start="2024-05-05T05:13:18.531197" elapsed="0.000464"/>
</kw>
<kw name="Dictionary Should Contain Key" owner="Collections">
<msg time="2024-05-05T05:13:18.532136" level="INFO">False</msg>
<arg>${json_data}</arg>
<arg>results</arg>
<doc>Fails if ``key`` is not found from ``dictionary``.</doc>
<status status="PASS" start="2024-05-05T05:13:18.531966" elapsed="0.000210"/>
</kw>
<status status="PASS" start="2024-05-05T05:13:18.474387" elapsed="0.058041"/>
</kw>
<doc>Testa se a API responde corretamente e retorna um objeto JSON válido.</doc>
<tag>testeRequisicaoBasica</tag>
<status status="PASS" start="2024-05-05T05:13:18.473928" elapsed="0.058671"/>
</test>
<test id="s1-s1-t3" name="Validar estrutura de resposta" line="22">
<kw name="Teste de Estrutura de Resposta" owner="random-user-service">
<kw name="GET On Session" owner="RequestsLibrary">
<msg time="2024-05-05T05:13:18.630074" level="INFO">GET Request : url=https://randomuser.me/api 
 path_url=/api 
 headers={'User-Agent': 'python-requests/2.31.0', 'Accept-Encoding': 'gzip, deflate', 'Accept': '*/*', 'Connection': 'keep-alive'} 
 body=None 
 </msg>
<msg time="2024-05-05T05:13:18.630173" level="INFO">GET Response : url=https://randomuser.me/api 
 status=200, reason=OK 
 headers={'Date': 'Sun, 05 May 2024 05:13:18 GMT', 'Content-Type': 'application/json; charset=utf-8', 'Transfer-Encoding': 'chunked', 'Connection': 'keep-alive', 'X-Powered-By': 'Express', 'Access-Control-Allow-Origin': '*', 'Cache-Control': 'no-cache', 'ETag': 'W/"488-DJolrz5ZHmv29NNQZ73QCRP07Z8"', 'Vary': 'Accept-Encoding', 'Content-Encoding': 'gzip', 'CF-Cache-Status': 'DYNAMIC', 'Report-To': '{"endpoints":[{"url":"https:\\/\\/a.nel.cloudflare.com\\/report\\/v4?s=N85Ok43nUqwiUHTGQPe9%2Fn%2Bfdc9UPTltovkWtVKFRKwzDspbW9jLOWVqwkYk%2BB1stER%2BQtBcuF8ghDI2Cyig9fGRszVl8Ombur67B4fA5G9CrTALGSiDE5rQJYNojJRK"}],"group":"cf-nel","max_age":604800}', 'NEL': '{"success_fraction":0,"report_to":"cf-nel","max_age":604800}', 'Server': 'cloudflare', 'CF-RAY': '87ee3d92dc5838fd-IAD', 'alt-svc': 'h3=":443"; ma=86400'} 
 body={"results":[{"gender":"female","name":{"title":"Miss","first":"Rose","last":"Li"},"location":{"street":{"number":2931,"name":"22nd Ave"},"city":"Winfield","state":"Alberta","country":"Canada","postcode":"W2H 5O0","coordinates":{"latitude":"-69.9167","longitude":"119.4236"},"timezone":{"offset":"+5:30","description":"Bombay, Calcutta, Madras, New Delhi"}},"email":"rose.li@example.com","login":{"uuid":"e85b40f0-e624-4b1f-a06b-94e74bca9aaa","username":"redmeercat354","password":"gesperrt","salt":"AlrQh8ja","md5":"0660f755ccbe6e6c5086b0eea9255af9","sha1":"eab432c617936d6e977e1a1ed0da5cc04c26d45e","sha256":"dbe579495163a7c37b4f222c6aacad5b89233df6f4fa087bc951794d78b325af"},"dob":{"date":"1994-05-02T16:56:21.785Z","age":30},"registered":{"date":"2011-04-02T07:22:16.361Z","age":13},"phone":"S76 P66-6030","cell":"J74 E67-7846","id":{"name":"SIN","value":"440486421"},"picture":{"large":"https://randomuser.me/api/portraits/women/29.jpg","medium":"https://randomuser.me/api/portraits/med/women/29.jpg","thumbnail":"https://randomuser.me/api/portraits/thumb/women/29.jpg"},"nat":"CA"}],"info":{"seed":"a9ef325d86d9de0c","results":1,"page":1,"version":"1.4"}} 
 </msg>
<msg time="2024-05-05T05:13:18.630312" level="INFO">/opt/hostedtoolcache/Python/3.12.3/x64/lib/python3.12/site-packages/urllib3/connectionpool.py:1103: InsecureRequestWarning: Unverified HTTPS request is being made to host 'randomuser.me'. Adding certificate verification is strongly advised. See: https://urllib3.readthedocs.io/en/latest/advanced-usage.html#tls-warnings
  warnings.warn(</msg>
<msg time="2024-05-05T05:13:18.630453" level="INFO">${response} = &lt;Response [200]&gt;</msg>
<var>${response}</var>
<arg>consultarAPI</arg>
<arg>/api</arg>
<doc>Sends a GET request on a previously created HTTP Session.</doc>
<status status="PASS" start="2024-05-05T05:13:18.535164" elapsed="0.095338"/>
</kw>
<kw name="Set Variable" owner="BuiltIn">
<msg time="2024-05-05T05:13:18.631631" level="INFO">${json_data} = {'results': [{'gender': 'female', 'name': {'title': 'Miss', 'first': 'Rose', 'last': 'Li'}, 'location': {'street': {'number': 2931, 'name': '22nd Ave'}, 'city': 'Winfield', 'state': 'Alberta', 'countr...</msg>
<var>${json_data}</var>
<arg>${response.json()}</arg>
<doc>Returns the given values which can then be assigned to a variables.</doc>
<status status="PASS" start="2024-05-05T05:13:18.631068" elapsed="0.000593"/>
</kw>
<kw name="Log" owner="BuiltIn">
<msg time="2024-05-05T05:13:18.632137" level="INFO">{'results': [{'gender': 'female', 'name': {'title': 'Miss', 'first': 'Rose', 'last': 'Li'}, 'location': {'street': {'number': 2931, 'name': '22nd Ave'}, 'city': 'Winfield', 'state': 'Alberta', 'country': 'Canada', 'postcode': 'W2H 5O0', 'coordinates': {'latitude': '-69.9167', 'longitude': '119.4236'}, 'timezone': {'offset': '+5:30', 'description': 'Bombay, Calcutta, Madras, New Delhi'}}, 'email': 'rose.li@example.com', 'login': {'uuid': 'e85b40f0-e624-4b1f-a06b-94e74bca9aaa', 'username': 'redmeercat354', 'password': 'gesperrt', 'salt': 'AlrQh8ja', 'md5': '0660f755ccbe6e6c5086b0eea9255af9', 'sha1': 'eab432c617936d6e977e1a1ed0da5cc04c26d45e', 'sha256': 'dbe579495163a7c37b4f222c6aacad5b89233df6f4fa087bc951794d78b325af'}, 'dob': {'date': '1994-05-02T16:56:21.785Z', 'age': 30}, 'registered': {'date': '2011-04-02T07:22:16.361Z', 'age': 13}, 'phone': 'S76 P66-6030', 'cell': 'J74 E67-7846', 'id': {'name': 'SIN', 'value': '440486421'}, 'picture': {'large': 'https://randomuser.me/api/portraits/women/29.jpg', 'medium': 'https://randomuser.me/api/portraits/med/women/29.jpg', 'thumbnail': 'https://randomuser.me/api/portraits/thumb/women/29.jpg'}, 'nat': 'CA'}], 'info': {'seed': 'a9ef325d86d9de0c', 'results': 1, 'page': 1, 'version': '1.4'}}</msg>
<arg>${json_data}</arg>
<doc>Logs the given message with the given level.</doc>
<status status="PASS" start="2024-05-05T05:13:18.631971" elapsed="0.000216"/>
</kw>
<kw name="Dictionary Should Contain Key" owner="Collections">
<msg time="2024-05-05T05:13:18.632647" level="INFO">False</msg>
<arg>${json_data}</arg>
<arg>results</arg>
<doc>Fails if ``key`` is not found from ``dictionary``.</doc>
<status status="PASS" start="2024-05-05T05:13:18.632490" elapsed="0.000194"/>
</kw>
<kw name="Should Not Be Empty" owner="BuiltIn">
<msg time="2024-05-05T05:13:18.633121" level="INFO">Length is 2.</msg>
<arg>${json_data}</arg>
<doc>Verifies that the given item is not empty.</doc>
<status status="PASS" start="2024-05-05T05:13:18.632985" elapsed="0.000176"/>
</kw>
<kw name="Create List" owner="BuiltIn">
<msg time="2024-05-05T05:13:18.633788" level="INFO">${expected_keys} = ['gender', 'name', 'location', 'email', 'login']</msg>
<var>${expected_keys}</var>
<arg>gender</arg>
<arg>name</arg>
<arg>location</arg>
<arg>email</arg>
<arg>login</arg>
<doc>Returns a list containing given items.</doc>
<status status="PASS" start="2024-05-05T05:13:18.633450" elapsed="0.000364"/>
</kw>
<for flavor="IN">
<iter>
<kw name="Dictionary Should Contain Key" owner="Collections">
<msg time="2024-05-05T05:13:18.634817" level="INFO">False</msg>
<arg>${json_data['results'][0]}</arg>
<arg>${key}</arg>
<doc>Fails if ``key`` is not found from ``dictionary``.</doc>
<status status="PASS" start="2024-05-05T05:13:18.634416" elapsed="0.000439"/>
</kw>
<kw name="Log" owner="BuiltIn">
<msg time="2024-05-05T05:13:18.635529" level="INFO">{'gender': 'female', 'name': {'title': 'Miss', 'first': 'Rose', 'last': 'Li'}, 'location': {'street': {'number': 2931, 'name': '22nd Ave'}, 'city': 'Winfield', 'state': 'Alberta', 'country': 'Canada', 'postcode': 'W2H 5O0', 'coordinates': {'latitude': '-69.9167', 'longitude': '119.4236'}, 'timezone': {'offset': '+5:30', 'description': 'Bombay, Calcutta, Madras, New Delhi'}}, 'email': 'rose.li@example.com', 'login': {'uuid': 'e85b40f0-e624-4b1f-a06b-94e74bca9aaa', 'username': 'redmeercat354', 'password': 'gesperrt', 'salt': 'AlrQh8ja', 'md5': '0660f755ccbe6e6c5086b0eea9255af9', 'sha1': 'eab432c617936d6e977e1a1ed0da5cc04c26d45e', 'sha256': 'dbe579495163a7c37b4f222c6aacad5b89233df6f4fa087bc951794d78b325af'}, 'dob': {'date': '1994-05-02T16:56:21.785Z', 'age': 30}, 'registered': {'date': '2011-04-02T07:22:16.361Z', 'age': 13}, 'phone': 'S76 P66-6030', 'cell': 'J74 E67-7846', 'id': {'name': 'SIN', 'value': '440486421'}, 'picture': {'large': 'https://randomuser.me/api/portraits/women/29.jpg', 'medium': 'https://randomuser.me/api/portraits/med/women/29.jpg', 'thumbnail': 'https://randomuser.me/api/portraits/thumb/women/29.jpg'}, 'nat': 'CA'}</msg>
<arg>${json_data['results'][0]}</arg>
<doc>Logs the given message with the given level.</doc>
<status status="PASS" start="2024-05-05T05:13:18.635162" elapsed="0.000415"/>
</kw>
<kw name="Log" owner="BuiltIn">
<msg time="2024-05-05T05:13:18.636007" level="INFO">gender</msg>
<arg>${key}</arg>
<doc>Logs the given message with the given level.</doc>
<status status="PASS" start="2024-05-05T05:13:18.635878" elapsed="0.000166"/>
</kw>
<var name="${key}">gender</var>
<status status="PASS" start="2024-05-05T05:13:18.634288" elapsed="0.001970"/>
</iter>
<iter>
<kw name="Dictionary Should Contain Key" owner="Collections">
<msg time="2024-05-05T05:13:18.636951" level="INFO">False</msg>
<arg>${json_data['results'][0]}</arg>
<arg>${key}</arg>
<doc>Fails if ``key`` is not found from ``dictionary``.</doc>
<status status="PASS" start="2024-05-05T05:13:18.636561" elapsed="0.000427"/>
</kw>
<kw name="Log" owner="BuiltIn">
<msg time="2024-05-05T05:13:18.637705" level="INFO">{'gender': 'female', 'name': {'title': 'Miss', 'first': 'Rose', 'last': 'Li'}, 'location': {'street': {'number': 2931, 'name': '22nd Ave'}, 'city': 'Winfield', 'state': 'Alberta', 'country': 'Canada', 'postcode': 'W2H 5O0', 'coordinates': {'latitude': '-69.9167', 'longitude': '119.4236'}, 'timezone': {'offset': '+5:30', 'description': 'Bombay, Calcutta, Madras, New Delhi'}}, 'email': 'rose.li@example.com', 'login': {'uuid': 'e85b40f0-e624-4b1f-a06b-94e74bca9aaa', 'username': 'redmeercat354', 'password': 'gesperrt', 'salt': 'AlrQh8ja', 'md5': '0660f755ccbe6e6c5086b0eea9255af9', 'sha1': 'eab432c617936d6e977e1a1ed0da5cc04c26d45e', 'sha256': 'dbe579495163a7c37b4f222c6aacad5b89233df6f4fa087bc951794d78b325af'}, 'dob': {'date': '1994-05-02T16:56:21.785Z', 'age': 30}, 'registered': {'date': '2011-04-02T07:22:16.361Z', 'age': 13}, 'phone': 'S76 P66-6030', 'cell': 'J74 E67-7846', 'id': {'name': 'SIN', 'value': '440486421'}, 'picture': {'large': 'https://randomuser.me/api/portraits/women/29.jpg', 'medium': 'https://randomuser.me/api/portraits/med/women/29.jpg', 'thumbnail': 'https://randomuser.me/api/portraits/thumb/women/29.jpg'}, 'nat': 'CA'}</msg>
<arg>${json_data['results'][0]}</arg>
<doc>Logs the given message with the given level.</doc>
<status status="PASS" start="2024-05-05T05:13:18.637313" elapsed="0.000441"/>
</kw>
<kw name="Log" owner="BuiltIn">
<msg time="2024-05-05T05:13:18.638185" level="INFO">name</msg>
<arg>${key}</arg>
<doc>Logs the given message with the given level.</doc>
<status status="PASS" start="2024-05-05T05:13:18.638056" elapsed="0.000167"/>
</kw>
<var name="${key}">name</var>
<status status="PASS" start="2024-05-05T05:13:18.636447" elapsed="0.001989"/>
</iter>
<iter>
<kw name="Dictionary Should Contain Key" owner="Collections">
<msg time="2024-05-05T05:13:18.639106" level="INFO">False</msg>
<arg>${json_data['results'][0]}</arg>
<arg>${key}</arg>
<doc>Fails if ``key`` is not found from ``dictionary``.</doc>
<status status="PASS" start="2024-05-05T05:13:18.638726" elapsed="0.000418"/>
</kw>
<kw name="Log" owner="BuiltIn">
<msg time="2024-05-05T05:13:18.639806" level="INFO">{'gender': 'female', 'name': {'title': 'Miss', 'first': 'Rose', 'last': 'Li'}, 'location': {'street': {'number': 2931, 'name': '22nd Ave'}, 'city': 'Winfield', 'state': 'Alberta', 'country': 'Canada', 'postcode': 'W2H 5O0', 'coordinates': {'latitude': '-69.9167', 'longitude': '119.4236'}, 'timezone': {'offset': '+5:30', 'description': 'Bombay, Calcutta, Madras, New Delhi'}}, 'email': 'rose.li@example.com', 'login': {'uuid': 'e85b40f0-e624-4b1f-a06b-94e74bca9aaa', 'username': 'redmeercat354', 'password': 'gesperrt', 'salt': 'AlrQh8ja', 'md5': '0660f755ccbe6e6c5086b0eea9255af9', 'sha1': 'eab432c617936d6e977e1a1ed0da5cc04c26d45e', 'sha256': 'dbe579495163a7c37b4f222c6aacad5b89233df6f4fa087bc951794d78b325af'}, 'dob': {'date': '1994-05-02T16:56:21.785Z', 'age': 30}, 'registered': {'date': '2011-04-02T07:22:16.361Z', 'age': 13}, 'phone': 'S76 P66-6030', 'cell': 'J74 E67-7846', 'id': {'name': 'SIN', 'value': '440486421'}, 'picture': {'large': 'https://randomuser.me/api/portraits/women/29.jpg', 'medium': 'https://randomuser.me/api/portraits/med/women/29.jpg', 'thumbnail': 'https://randomuser.me/api/portraits/thumb/women/29.jpg'}, 'nat': 'CA'}</msg>
<arg>${json_data['results'][0]}</arg>
<doc>Logs the given message with the given level.</doc>
<status status="PASS" start="2024-05-05T05:13:18.639444" elapsed="0.000408"/>
</kw>
<kw name="Log" owner="BuiltIn">
<msg time="2024-05-05T05:13:18.640269" level="INFO">location</msg>
<arg>${key}</arg>
<doc>Logs the given message with the given level.</doc>
<status status="PASS" start="2024-05-05T05:13:18.640145" elapsed="0.000160"/>
</kw>
<var name="${key}">location</var>
<status status="PASS" start="2024-05-05T05:13:18.638615" elapsed="0.001904"/>
</iter>
<iter>
<kw name="Dictionary Should Contain Key" owner="Collections">
<msg time="2024-05-05T05:13:18.641179" level="INFO">False</msg>
<arg>${json_data['results'][0]}</arg>
<arg>${key}</arg>
<doc>Fails if ``key`` is not found from ``dictionary``.</doc>
<status status="PASS" start="2024-05-05T05:13:18.640801" elapsed="0.000414"/>
</kw>
<kw name="Log" owner="BuiltIn">
<msg time="2024-05-05T05:13:18.641899" level="INFO">{'gender': 'female', 'name': {'title': 'Miss', 'first': 'Rose', 'last': 'Li'}, 'location': {'street': {'number': 2931, 'name': '22nd Ave'}, 'city': 'Winfield', 'state': 'Alberta', 'country': 'Canada', 'postcode': 'W2H 5O0', 'coordinates': {'latitude': '-69.9167', 'longitude': '119.4236'}, 'timezone': {'offset': '+5:30', 'description': 'Bombay, Calcutta, Madras, New Delhi'}}, 'email': 'rose.li@example.com', 'login': {'uuid': 'e85b40f0-e624-4b1f-a06b-94e74bca9aaa', 'username': 'redmeercat354', 'password': 'gesperrt', 'salt': 'AlrQh8ja', 'md5': '0660f755ccbe6e6c5086b0eea9255af9', 'sha1': 'eab432c617936d6e977e1a1ed0da5cc04c26d45e', 'sha256': 'dbe579495163a7c37b4f222c6aacad5b89233df6f4fa087bc951794d78b325af'}, 'dob': {'date': '1994-05-02T16:56:21.785Z', 'age': 30}, 'registered': {'date': '2011-04-02T07:22:16.361Z', 'age': 13}, 'phone': 'S76 P66-6030', 'cell': 'J74 E67-7846', 'id': {'name': 'SIN', 'value': '440486421'}, 'picture': {'large': 'https://randomuser.me/api/portraits/women/29.jpg', 'medium': 'https://randomuser.me/api/portraits/med/women/29.jpg', 'thumbnail': 'https://randomuser.me/api/portraits/thumb/women/29.jpg'}, 'nat': 'CA'}</msg>
<arg>${json_data['results'][0]}</arg>
<doc>Logs the given message with the given level.</doc>
<status status="PASS" start="2024-05-05T05:13:18.641511" elapsed="0.000436"/>
</kw>
<kw name="Log" owner="BuiltIn">
<msg time="2024-05-05T05:13:18.642367" level="INFO">email</msg>
<arg>${key}</arg>
<doc>Logs the given message with the given level.</doc>
<status status="PASS" start="2024-05-05T05:13:18.642241" elapsed="0.000164"/>
</kw>
<var name="${key}">email</var>
<status status="PASS" start="2024-05-05T05:13:18.640692" elapsed="0.001930"/>
</iter>
<iter>
<kw name="Dictionary Should Contain Key" owner="Collections">
<msg time="2024-05-05T05:13:18.643287" level="INFO">False</msg>
<arg>${json_data['results'][0]}</arg>
<arg>${key}</arg>
<doc>Fails if ``key`` is not found from ``dictionary``.</doc>
<status status="PASS" start="2024-05-05T05:13:18.642905" elapsed="0.000419"/>
</kw>
<kw name="Log" owner="BuiltIn">
<msg time="2024-05-05T05:13:18.643976" level="INFO">{'gender': 'female', 'name': {'title': 'Miss', 'first': 'Rose', 'last': 'Li'}, 'location': {'street': {'number': 2931, 'name': '22nd Ave'}, 'city': 'Winfield', 'state': 'Alberta', 'country': 'Canada', 'postcode': 'W2H 5O0', 'coordinates': {'latitude': '-69.9167', 'longitude': '119.4236'}, 'timezone': {'offset': '+5:30', 'description': 'Bombay, Calcutta, Madras, New Delhi'}}, 'email': 'rose.li@example.com', 'login': {'uuid': 'e85b40f0-e624-4b1f-a06b-94e74bca9aaa', 'username': 'redmeercat354', 'password': 'gesperrt', 'salt': 'AlrQh8ja', 'md5': '0660f755ccbe6e6c5086b0eea9255af9', 'sha1': 'eab432c617936d6e977e1a1ed0da5cc04c26d45e', 'sha256': 'dbe579495163a7c37b4f222c6aacad5b89233df6f4fa087bc951794d78b325af'}, 'dob': {'date': '1994-05-02T16:56:21.785Z', 'age': 30}, 'registered': {'date': '2011-04-02T07:22:16.361Z', 'age': 13}, 'phone': 'S76 P66-6030', 'cell': 'J74 E67-7846', 'id': {'name': 'SIN', 'value': '440486421'}, 'picture': {'large': 'https://randomuser.me/api/portraits/women/29.jpg', 'medium': 'https://randomuser.me/api/portraits/med/women/29.jpg', 'thumbnail': 'https://randomuser.me/api/portraits/thumb/women/29.jpg'}, 'nat': 'CA'}</msg>
<arg>${json_data['results'][0]}</arg>
<doc>Logs the given message with the given level.</doc>
<status status="PASS" start="2024-05-05T05:13:18.643616" elapsed="0.000406"/>
</kw>
<kw name="Log" owner="BuiltIn">
<msg time="2024-05-05T05:13:18.644445" level="INFO">login</msg>
<arg>${key}</arg>
<doc>Logs the given message with the given level.</doc>
<status status="PASS" start="2024-05-05T05:13:18.644321" elapsed="0.000162"/>
</kw>
<var name="${key}">login</var>
<status status="PASS" start="2024-05-05T05:13:18.642795" elapsed="0.001925"/>
</iter>
<var>${key}</var>
<value>@{expected_keys}</value>
<status status="PASS" start="2024-05-05T05:13:18.634093" elapsed="0.010751"/>
</for>
<kw name="Create List" owner="BuiltIn">
<msg time="2024-05-05T05:13:18.645174" level="INFO">${expected_keysTwo} = ['username', 'password']</msg>
<var>${expected_keysTwo}</var>
<arg>username</arg>
<arg>password</arg>
<doc>Returns a list containing given items.</doc>
<status status="PASS" start="2024-05-05T05:13:18.645034" elapsed="0.000164"/>
</kw>
<for flavor="IN">
<iter>
<kw name="Dictionary Should Contain Key" owner="Collections">
<msg time="2024-05-05T05:13:18.646116" level="INFO">False</msg>
<arg>${json_data['results'][0]['login']}</arg>
<arg>${keyTwo}</arg>
<doc>Fails if ``key`` is not found from ``dictionary``.</doc>
<status status="PASS" start="2024-05-05T05:13:18.645725" elapsed="0.000427"/>
</kw>
<kw name="Dictionary Should Contain Key" owner="Collections">
<msg time="2024-05-05T05:13:18.646819" level="INFO">False</msg>
<arg>${json_data['results'][0]['login']}</arg>
<arg>${keyTwo}</arg>
<doc>Fails if ``key`` is not found from ``dictionary``.</doc>
<status status="PASS" start="2024-05-05T05:13:18.646447" elapsed="0.000409"/>
</kw>
<kw name="Log" owner="BuiltIn">
<msg time="2024-05-05T05:13:18.647268" level="INFO">username</msg>
<arg>${keyTwo}</arg>
<doc>Logs the given message with the given level.</doc>
<status status="PASS" start="2024-05-05T05:13:18.647145" elapsed="0.000165"/>
</kw>
<var name="${keyTwo}">username</var>
<status status="PASS" start="2024-05-05T05:13:18.645584" elapsed="0.001940"/>
</iter>
<iter>
<kw name="Dictionary Should Contain Key" owner="Collections">
<msg time="2024-05-05T05:13:18.648181" level="INFO">False</msg>
<arg>${json_data['results'][0]['login']}</arg>
<arg>${keyTwo}</arg>
<doc>Fails if ``key`` is not found from ``dictionary``.</doc>
<status status="PASS" start="2024-05-05T05:13:18.647802" elapsed="0.000415"/>
</kw>
<kw name="Dictionary Should Contain Key" owner="Collections">
<msg time="2024-05-05T05:13:18.648972" level="INFO">False</msg>
<arg>${json_data['results'][0]['login']}</arg>
<arg>${keyTwo}</arg>
<doc>Fails if ``key`` is not found from ``dictionary``.</doc>
<status status="PASS" start="2024-05-05T05:13:18.648506" elapsed="0.000505"/>
</kw>
<kw name="Log" owner="BuiltIn">
<msg time="2024-05-05T05:13:18.649431" level="INFO">password</msg>
<arg>${keyTwo}</arg>
<doc>Logs the given message with the given level.</doc>
<status status="PASS" start="2024-05-05T05:13:18.649305" elapsed="0.000162"/>
</kw>
<var name="${keyTwo}">password</var>
<status status="PASS" start="2024-05-05T05:13:18.647694" elapsed="0.002020"/>
</iter>
<var>${keyTwo}</var>
<value>@{expected_keysTwo}</value>
<status status="PASS" start="2024-05-05T05:13:18.645433" elapsed="0.004406"/>
</for>
<status status="PASS" start="2024-05-05T05:13:18.534932" elapsed="0.115046"/>
</kw>
<doc>Testa a estrutura da resposta da API.</doc>
<tag>testeEstruturaResposta</tag>
<status status="PASS" start="2024-05-05T05:13:18.534460" elapsed="0.115675"/>
</test>
<test id="s1-s1-t4" name="Validar tipos de dados" line="28">
<kw name="Teste de Tipos de Dados" owner="random-user-service">
<kw name="GET On Session" owner="RequestsLibrary">
<msg time="2024-05-05T05:13:18.727610" level="INFO">GET Request : url=https://randomuser.me/api 
 path_url=/api 
 headers={'User-Agent': 'python-requests/2.31.0', 'Accept-Encoding': 'gzip, deflate', 'Accept': '*/*', 'Connection': 'keep-alive'} 
 body=None 
 </msg>
<msg time="2024-05-05T05:13:18.727694" level="INFO">GET Response : url=https://randomuser.me/api 
 status=200, reason=OK 
 headers={'Date': 'Sun, 05 May 2024 05:13:18 GMT', 'Content-Type': 'application/json; charset=utf-8', 'Transfer-Encoding': 'chunked', 'Connection': 'keep-alive', 'X-Powered-By': 'Express', 'Access-Control-Allow-Origin': '*', 'Cache-Control': 'no-cache', 'ETag': 'W/"48b-jCAshVMMyrYYETSVx3H8fKPmbtQ"', 'Vary': 'Accept-Encoding', 'Content-Encoding': 'gzip', 'CF-Cache-Status': 'DYNAMIC', 'Report-To': '{"endpoints":[{"url":"https:\\/\\/a.nel.cloudflare.com\\/report\\/v4?s=pbvZAI5YOfeVBftYXu7indWZmQ4MF2lnm9I9Y2NerbVZxPNZwuRsH7DAgG%2FpjecVWzC78bZmdI4%2BKRBdzU0g4Du13iH%2Bx8wVc7idn2oV1HmY%2BINIjgTrRehAn1BbgCzY"}],"group":"cf-nel","max_age":604800}', 'NEL': '{"success_fraction":0,"report_to":"cf-nel","max_age":604800}', 'Server': 'cloudflare', 'CF-RAY': '87ee3d939d2f38fd-IAD', 'alt-svc': 'h3=":443"; ma=86400'} 
 body={"results":[{"gender":"male","name":{"title":"Mr","first":"Nedeljko","last":"Mišković"},"location":{"street":{"number":3948,"name":"Avalska"},"city":"Sombor","state":"Braničevo","country":"Serbia","postcode":66826,"coordinates":{"latitude":"56.4822","longitude":"-149.6847"},"timezone":{"offset":"+10:00","description":"Eastern Australia, Guam, Vladivostok"}},"email":"nedeljko.miskovic@example.com","login":{"uuid":"96f60c0a-b626-4552-9722-96115b297bc0","username":"blackdog617","password":"judith","salt":"TAhxuuiJ","md5":"f140ca614059107a684140ad69eaca89","sha1":"3cf501b0b57af0f474d1d5b7447efbbcf11b500d","sha256":"6b1862fe09b2f2ca74b7b2eb124ad56cea68f8ced71ef7df302eac489424136f"},"dob":{"date":"1969-06-12T08:59:50.918Z","age":54},"registered":{"date":"2003-10-16T23:31:15.169Z","age":20},"phone":"016-1547-800","cell":"062-0031-289","id":{"name":"SID","value":"165500321"},"picture":{"large":"https://randomuser.me/api/portraits/men/9.jpg","medium":"https://randomuser.me/api/portraits/med/men/9.jpg","thumbnail":"https://randomuser.me/api/portraits/thumb/men/9.jpg"},"nat":"RS"}],"info":{"seed":"9a34404868d46fb1","results":1,"page":1,"version":"1.4"}} 
 </msg>
<msg time="2024-05-05T05:13:18.727780" level="INFO">/opt/hostedtoolcache/Python/3.12.3/x64/lib/python3.12/site-packages/urllib3/connectionpool.py:1103: InsecureRequestWarning: Unverified HTTPS request is being made to host 'randomuser.me'. Adding certificate verification is strongly advised. See: https://urllib3.readthedocs.io/en/latest/advanced-usage.html#tls-warnings
  warnings.warn(</msg>
<msg time="2024-05-05T05:13:18.727878" level="INFO">${response} = &lt;Response [200]&gt;</msg>
<var>${response}</var>
<arg>consultarAPI</arg>
<arg>/api</arg>
<doc>Sends a GET request on a previously created HTTP Session.</doc>
<status status="PASS" start="2024-05-05T05:13:18.652551" elapsed="0.075366"/>
</kw>
<kw name="Set Variable" owner="BuiltIn">
<msg time="2024-05-05T05:13:18.728932" level="INFO">${json_data} = {'results': [{'gender': 'male', 'name': {'title': 'Mr', 'first': 'Nedeljko', 'last': 'Mišković'}, 'location': {'street': {'number': 3948, 'name': 'Avalska'}, 'city': 'Sombor', 'state': 'Braničevo', 'c...</msg>
<var>${json_data}</var>
<arg>${response.json()}</arg>
<doc>Returns the given values which can then be assigned to a variables.</doc>
<status status="PASS" start="2024-05-05T05:13:18.728357" elapsed="0.000606"/>
</kw>
<kw name="Log" owner="BuiltIn">
<msg time="2024-05-05T05:13:18.729439" level="INFO">{'results': [{'gender': 'male', 'name': {'title': 'Mr', 'first': 'Nedeljko', 'last': 'Mišković'}, 'location': {'street': {'number': 3948, 'name': 'Avalska'}, 'city': 'Sombor', 'state': 'Braničevo', 'country': 'Serbia', 'postcode': 66826, 'coordinates': {'latitude': '56.4822', 'longitude': '-149.6847'}, 'timezone': {'offset': '+10:00', 'description': 'Eastern Australia, Guam, Vladivostok'}}, 'email': 'nedeljko.miskovic@example.com', 'login': {'uuid': '96f60c0a-b626-4552-9722-96115b297bc0', 'username': 'blackdog617', 'password': 'judith', 'salt': 'TAhxuuiJ', 'md5': 'f140ca614059107a684140ad69eaca89', 'sha1': '3cf501b0b57af0f474d1d5b7447efbbcf11b500d', 'sha256': '6b1862fe09b2f2ca74b7b2eb124ad56cea68f8ced71ef7df302eac489424136f'}, 'dob': {'date': '1969-06-12T08:59:50.918Z', 'age': 54}, 'registered': {'date': '2003-10-16T23:31:15.169Z', 'age': 20}, 'phone': '016-1547-800', 'cell': '062-0031-289', 'id': {'name': 'SID', 'value': '165500321'}, 'picture': {'large': 'https://randomuser.me/api/portraits/men/9.jpg', 'medium': 'https://randomuser.me/api/portraits/med/men/9.jpg', 'thumbnail': 'https://randomuser.me/api/portraits/thumb/men/9.jpg'}, 'nat': 'RS'}], 'info': {'seed': '9a34404868d46fb1', 'results': 1, 'page': 1, 'version': '1.4'}}</msg>
<arg>${json_data}</arg>
<doc>Logs the given message with the given level.</doc>
<status status="PASS" start="2024-05-05T05:13:18.729283" elapsed="0.000237"/>
</kw>
<kw name="Should Be String" owner="String">
<arg>${json_data['results'][0]['gender']}</arg>
<doc>Fails if the given ``item`` is not a string.</doc>
<status status="PASS" start="2024-05-05T05:13:18.729863" elapsed="0.000373"/>
</kw>
<kw name="Should Match Regexp" owner="BuiltIn">
<arg>${json_data['results'][0]['email']}</arg>
<arg>^[a-zA-Z0-9._%+-]+@[a-zA-Z0-9.-]+\.[a-zA-Z]{2,}$</arg>
<doc>Fails if ``string`` does not match ``pattern`` as a regular expression.</doc>
<status status="PASS" start="2024-05-05T05:13:18.730428" elapsed="0.000514"/>
</kw>
<kw name="Should Match Regexp" owner="BuiltIn">
<arg>${json_data['results'][0]['dob']['date']}</arg>
<arg>\\d{4}-\\d{2}-\\d{2}T\\d{2}:\\d{2}:\\d{2}\\.\\d{3}Z</arg>
<doc>Fails if ``string`` does not match ``pattern`` as a regular expression.</doc>
<status status="PASS" start="2024-05-05T05:13:18.731138" elapsed="0.000490"/>
</kw>
<kw name="Should Match Regexp" owner="BuiltIn">
<arg>${json_data['results'][0]['registered']['date']}</arg>
<arg>\\d{4}-\\d{2}-\\d{2}T\\d{2}:\\d{2}:\\d{2}\\.\\d{3}Z</arg>
<doc>Fails if ``string`` does not match ``pattern`` as a regular expression.</doc>
<status status="PASS" start="2024-05-05T05:13:18.731819" elapsed="0.000363"/>
</kw>
<kw name="Should Match Regexp" owner="BuiltIn">
<arg>${json_data['results'][0]['picture']['large']}</arg>
<arg>^https?://.*\.(?:png|jpe?g|gif|bmp)$</arg>
<doc>Fails if ``string`` does not match ``pattern`` as a regular expression.</doc>
<status status="PASS" start="2024-05-05T05:13:18.732367" elapsed="0.000461"/>
</kw>
<kw name="Should Match Regexp" owner="BuiltIn">
<arg>${json_data['results'][0]['picture']['medium']}</arg>
<arg>^https?://.*\.(?:png|jpe?g|gif|bmp)$</arg>
<doc>Fails if ``string`` does not match ``pattern`` as a regular expression.</doc>
<status status="PASS" start="2024-05-05T05:13:18.733017" elapsed="0.000349"/>
</kw>
<kw name="Should Match Regexp" owner="BuiltIn">
<arg>${json_data['results'][0]['picture']['thumbnail']}</arg>
<arg>^https?://.*\.(?:png|jpe?g|gif|bmp)$</arg>
<doc>Fails if ``string`` does not match ``pattern`` as a regular expression.</doc>
<status status="PASS" start="2024-05-05T05:13:18.733554" elapsed="0.000380"/>
</kw>
<kw name="Log" owner="BuiltIn">
<msg time="2024-05-05T05:13:18.734434" level="INFO">{'large': 'https://randomuser.me/api/portraits/men/9.jpg', 'medium': 'https://randomuser.me/api/portraits/med/men/9.jpg', 'thumbnail': 'https://randomuser.me/api/portraits/thumb/men/9.jpg'}</msg>
<arg>${json_data['results'][0]['picture']}</arg>
<doc>Logs the given message with the given level.</doc>
<status status="PASS" start="2024-05-05T05:13:18.734114" elapsed="0.000361"/>
</kw>
<status status="PASS" start="2024-05-05T05:13:18.652327" elapsed="0.082398"/>
</kw>
<kw name="Teste de Tipos de Dados - Postcode" owner="random-user-service">
<kw name="GET On Session" owner="RequestsLibrary">
<msg time="2024-05-05T05:13:18.853160" level="INFO">GET Request : url=https://randomuser.me/api 
 path_url=/api 
 headers={'User-Agent': 'python-requests/2.31.0', 'Accept-Encoding': 'gzip, deflate', 'Accept': '*/*', 'Connection': 'keep-alive'} 
 body=None 
 </msg>
<msg time="2024-05-05T05:13:18.853234" level="INFO">GET Response : url=https://randomuser.me/api 
 status=200, reason=OK 
 headers={'Date': 'Sun, 05 May 2024 05:13:18 GMT', 'Content-Type': 'application/json; charset=utf-8', 'Transfer-Encoding': 'chunked', 'Connection': 'keep-alive', 'X-Powered-By': 'Express', 'Access-Control-Allow-Origin': '*', 'Cache-Control': 'no-cache', 'ETag': 'W/"490-i6XQ3W7UARHTU8d+EnW8GUw+uF8"', 'Vary': 'Accept-Encoding', 'Content-Encoding': 'gzip', 'CF-Cache-Status': 'DYNAMIC', 'Report-To': '{"endpoints":[{"url":"https:\\/\\/a.nel.cloudflare.com\\/report\\/v4?s=JhTKiVWoeobjPCv%2FQC2wwMjSct8rZ49nJk7MfADIk3I8plQYQTIwUckGmpaTciETtwfPVI0myhKJtixyRX4uXVvnjaYTHNmQuMmNFEwH3cfiU84BdS5iqcavvkTl%2BeWw"}],"group":"cf-nel","max_age":604800}', 'NEL': '{"success_fraction":0,"report_to":"cf-nel","max_age":604800}', 'Server': 'cloudflare', 'CF-RAY': '87ee3d941dae38fd-IAD', 'alt-svc': 'h3=":443"; ma=86400'} 
 body={"results":[{"gender":"female","name":{"title":"Miss","first":"Stina","last":"Øvstedal"},"location":{"street":{"number":5555,"name":"Ole Brumms vei"},"city":"Naustdal","state":"Vestfold","country":"Norway","postcode":"5851","coordinates":{"latitude":"41.8906","longitude":"71.0963"},"timezone":{"offset":"+8:00","description":"Beijing, Perth, Singapore, Hong Kong"}},"email":"stina.ovstedal@example.com","login":{"uuid":"ef0d8a8f-b2d0-4502-8b53-6d72a138e2f6","username":"bluegorilla874","password":"eric","salt":"l1bwdkXR","md5":"8768ddc7e54d8d1f41df14ab396a27d7","sha1":"e3fc3dd07e370825e559d59218db71682c19da04","sha256":"ee1f0b2bec0080a2c021d0857a199d25df7026ed6811ef2fd838ad59fd320891"},"dob":{"date":"1971-01-19T15:48:16.918Z","age":53},"registered":{"date":"2005-09-24T07:45:09.478Z","age":18},"phone":"22591942","cell":"98762553","id":{"name":"FN","value":"19017101229"},"picture":{"large":"https://randomuser.me/api/portraits/women/63.jpg","medium":"https://randomuser.me/api/portraits/med/women/63.jpg","thumbnail":"https://randomuser.me/api/portraits/thumb/women/63.jpg"},"nat":"NO"}],"info":{"seed":"c71ee366b3b871e3","results":1,"page":1,"version":"1.4"}} 
 </msg>
<msg time="2024-05-05T05:13:18.853299" level="INFO">/opt/hostedtoolcache/Python/3.12.3/x64/lib/python3.12/site-packages/urllib3/connectionpool.py:1103: InsecureRequestWarning: Unverified HTTPS request is being made to host 'randomuser.me'. Adding certificate verification is strongly advised. See: https://urllib3.readthedocs.io/en/latest/advanced-usage.html#tls-warnings
  warnings.warn(</msg>
<msg time="2024-05-05T05:13:18.853406" level="INFO">${response} = &lt;Response [200]&gt;</msg>
<var>${response}</var>
<arg>consultarAPI</arg>
<arg>/api</arg>
<doc>Sends a GET request on a previously created HTTP Session.</doc>
<status status="PASS" start="2024-05-05T05:13:18.735155" elapsed="0.118300"/>
</kw>
<kw name="Set Variable" owner="BuiltIn">
<msg time="2024-05-05T05:13:18.854580" level="INFO">${json_data} = {'results': [{'gender': 'female', 'name': {'title': 'Miss', 'first': 'Stina', 'last': 'Øvstedal'}, 'location': {'street': {'number': 5555, 'name': 'Ole Brumms vei'}, 'city': 'Naustdal', 'state': 'Vest...</msg>
<var>${json_data}</var>
<arg>${response.json()}</arg>
<doc>Returns the given values which can then be assigned to a variables.</doc>
<status status="PASS" start="2024-05-05T05:13:18.854022" elapsed="0.000586"/>
</kw>
<kw name="Log" owner="BuiltIn">
<msg time="2024-05-05T05:13:18.855086" level="INFO">{'results': [{'gender': 'female', 'name': {'title': 'Miss', 'first': 'Stina', 'last': 'Øvstedal'}, 'location': {'street': {'number': 5555, 'name': 'Ole Brumms vei'}, 'city': 'Naustdal', 'state': 'Vestfold', 'country': 'Norway', 'postcode': '5851', 'coordinates': {'latitude': '41.8906', 'longitude': '71.0963'}, 'timezone': {'offset': '+8:00', 'description': 'Beijing, Perth, Singapore, Hong Kong'}}, 'email': 'stina.ovstedal@example.com', 'login': {'uuid': 'ef0d8a8f-b2d0-4502-8b53-6d72a138e2f6', 'username': 'bluegorilla874', 'password': 'eric', 'salt': 'l1bwdkXR', 'md5': '8768ddc7e54d8d1f41df14ab396a27d7', 'sha1': 'e3fc3dd07e370825e559d59218db71682c19da04', 'sha256': 'ee1f0b2bec0080a2c021d0857a199d25df7026ed6811ef2fd838ad59fd320891'}, 'dob': {'date': '1971-01-19T15:48:16.918Z', 'age': 53}, 'registered': {'date': '2005-09-24T07:45:09.478Z', 'age': 18}, 'phone': '22591942', 'cell': '98762553', 'id': {'name': 'FN', 'value': '19017101229'}, 'picture': {'large': 'https://randomuser.me/api/portraits/women/63.jpg', 'medium': 'https://randomuser.me/api/portraits/med/women/63.jpg', 'thumbnail': 'https://randomuser.me/api/portraits/thumb/women/63.jpg'}, 'nat': 'NO'}], 'info': {'seed': 'c71ee366b3b871e3', 'results': 1, 'page': 1, 'version': '1.4'}}</msg>
<arg>${json_data}</arg>
<doc>Logs the given message with the given level.</doc>
<status status="PASS" start="2024-05-05T05:13:18.854910" elapsed="0.000257"/>
</kw>
<kw name="Should Be Equal As Numbers" owner="BuiltIn">
<arg>${json_data['results'][0]['location']['postcode']}</arg>
<arg>${json_data['results'][0]['location']['postcode']}</arg>
<doc>Fails if objects are unequal after converting them to real numbers.</doc>
<status status="PASS" start="2024-05-05T05:13:18.855471" elapsed="0.000747"/>
</kw>
<kw name="Log" owner="BuiltIn">
<msg time="2024-05-05T05:13:18.856742" level="INFO">5851</msg>
<arg>${json_data['results'][0]['location']['postcode']}</arg>
<doc>Logs the given message with the given level.</doc>
<status status="PASS" start="2024-05-05T05:13:18.856410" elapsed="0.000371"/>
</kw>
<status status="PASS" start="2024-05-05T05:13:18.734938" elapsed="0.122091"/>
</kw>
<doc>Testa se os tipos de dados na resposta da API estão corretos.</doc>
<tag>testeTiposDados</tag>
<status status="PASS" start="2024-05-05T05:13:18.651885" elapsed="0.205304"/>
</test>
<test id="s1-s1-t5" name="Validar conteudo" line="35">
<kw name="Teste de Tipos de Conteudo" owner="random-user-service">
<kw name="GET On Session" owner="RequestsLibrary">
<msg time="2024-05-05T05:13:18.927539" level="INFO">GET Request : url=https://randomuser.me/api 
 path_url=/api 
 headers={'User-Agent': 'python-requests/2.31.0', 'Accept-Encoding': 'gzip, deflate', 'Accept': '*/*', 'Connection': 'keep-alive'} 
 body=None 
 </msg>
<msg time="2024-05-05T05:13:18.927623" level="INFO">GET Response : url=https://randomuser.me/api 
 status=200, reason=OK 
 headers={'Date': 'Sun, 05 May 2024 05:13:18 GMT', 'Content-Type': 'application/json; charset=utf-8', 'Transfer-Encoding': 'chunked', 'Connection': 'keep-alive', 'X-Powered-By': 'Express', 'Access-Control-Allow-Origin': '*', 'Cache-Control': 'no-cache', 'ETag': 'W/"48b-8R1a9QP/TrldZuMpdIlsnL2BJ8E"', 'Vary': 'Accept-Encoding', 'Content-Encoding': 'gzip', 'CF-Cache-Status': 'DYNAMIC', 'Report-To': '{"endpoints":[{"url":"https:\\/\\/a.nel.cloudflare.com\\/report\\/v4?s=P4IkTL%2Bxi4i%2BbhjqlRXin62Zd83x9hjvRbWAir4yVBRvZjKchDZi8GktwpdWxZeioVz%2B3nsjPSUTTILXiOkCvfBm9nKrP9IKZBZCAuENjNmBn7XFvq63OQEfFWyosMUh"}],"group":"cf-nel","max_age":604800}', 'NEL': '{"success_fraction":0,"report_to":"cf-nel","max_age":604800}', 'Server': 'cloudflare', 'CF-RAY': '87ee3d94ee6338fd-IAD', 'alt-svc': 'h3=":443"; ma=86400'} 
 body={"results":[{"gender":"male","name":{"title":"Mr","first":"Noel","last":"Bartelt"},"location":{"street":{"number":2410,"name":"Breslauer Straße"},"city":"Wiesloch","state":"Sachsen-Anhalt","country":"Germany","postcode":80376,"coordinates":{"latitude":"-52.3117","longitude":"-42.0269"},"timezone":{"offset":"-7:00","description":"Mountain Time (US &amp; Canada)"}},"email":"noel.bartelt@example.com","login":{"uuid":"b0332fdc-1912-410e-b4d3-a9a0b4622218","username":"smallduck678","password":"dian","salt":"gLgifb40","md5":"9466518fd98df0f09e1e54debce6faf3","sha1":"2ffc67ff2e8e43de8718ca03317947fcff20f322","sha256":"54ec0dc7b0aa4752ab3ea9d0c173accd0e5aabb4a5a0e6aa46388b4f48b33d11"},"dob":{"date":"1979-11-25T04:59:07.290Z","age":44},"registered":{"date":"2015-03-12T05:44:25.719Z","age":9},"phone":"0723-1111575","cell":"0174-6978397","id":{"name":"SVNR","value":"55 241179 B 096"},"picture":{"large":"https://randomuser.me/api/portraits/men/1.jpg","medium":"https://randomuser.me/api/portraits/med/men/1.jpg","thumbnail":"https://randomuser.me/api/portraits/thumb/men/1.jpg"},"nat":"DE"}],"info":{"seed":"8d2f25b125945d90","results":1,"page":1,"version":"1.4"}} 
 </msg>
<msg time="2024-05-05T05:13:18.927700" level="INFO">/opt/hostedtoolcache/Python/3.12.3/x64/lib/python3.12/site-packages/urllib3/connectionpool.py:1103: InsecureRequestWarning: Unverified HTTPS request is being made to host 'randomuser.me'. Adding certificate verification is strongly advised. See: https://urllib3.readthedocs.io/en/latest/advanced-usage.html#tls-warnings
  warnings.warn(</msg>
<msg time="2024-05-05T05:13:18.927812" level="INFO">${response} = &lt;Response [200]&gt;</msg>
<var>${response}</var>
<arg>consultarAPI</arg>
<arg>/api</arg>
<doc>Sends a GET request on a previously created HTTP Session.</doc>
<status status="PASS" start="2024-05-05T05:13:18.859626" elapsed="0.068233"/>
</kw>
<kw name="Set Variable" owner="BuiltIn">
<msg time="2024-05-05T05:13:18.928719" level="INFO">${json_data} = {'results': [{'gender': 'male', 'name': {'title': 'Mr', 'first': 'Noel', 'last': 'Bartelt'}, 'location': {'street': {'number': 2410, 'name': 'Breslauer Straße'}, 'city': 'Wiesloch', 'state': 'Sachsen-...</msg>
<var>${json_data}</var>
<arg>${response.json()}</arg>
<doc>Returns the given values which can then be assigned to a variables.</doc>
<status status="PASS" start="2024-05-05T05:13:18.928277" elapsed="0.000471"/>
</kw>
<kw name="Set Variable" owner="BuiltIn">
<msg time="2024-05-05T05:13:18.929457" level="INFO">${name_title} = Mr</msg>
<var>${name_title}</var>
<arg>${json_data["results"][0]["name"]["title"]}</arg>
<doc>Returns the given values which can then be assigned to a variables.</doc>
<status status="PASS" start="2024-05-05T05:13:18.929055" elapsed="0.000427"/>
</kw>
<kw name="Create List" owner="BuiltIn">
<msg time="2024-05-05T05:13:18.929952" level="INFO">${allowed_titles} = ['Mr', 'Ms', 'Miss', 'Mrs', 'Madame', 'Monsieur']</msg>
<var>${allowed_titles}</var>
<arg>Mr</arg>
<arg>Ms</arg>
<arg>Miss</arg>
<arg>Mrs</arg>
<arg>Madame</arg>
<arg>Monsieur</arg>
<doc>Returns a list containing given items.</doc>
<status status="PASS" start="2024-05-05T05:13:18.929805" elapsed="0.000171"/>
</kw>
<kw name="List Should Contain Value" owner="Collections">
<msg time="2024-05-05T05:13:18.930439" level="INFO">False</msg>
<arg>${allowed_titles}</arg>
<arg>${name_title}</arg>
<doc>Fails if the ``value`` is not found from ``list``.</doc>
<status status="PASS" start="2024-05-05T05:13:18.930274" elapsed="0.000202"/>
</kw>
<kw name="Set Variable" owner="BuiltIn">
<msg time="2024-05-05T05:13:18.931146" level="INFO">${name_country} = DE</msg>
<var>${name_country}</var>
<arg>${json_data["results"][0]["nat"]}</arg>
<doc>Returns the given values which can then be assigned to a variables.</doc>
<status status="PASS" start="2024-05-05T05:13:18.930765" elapsed="0.000406"/>
</kw>
<kw name="Create List" owner="BuiltIn">
<msg time="2024-05-05T05:13:18.932059" level="INFO">${list_country} = ['AD', 'AE', 'AF', 'AG', 'AI', 'AL', 'AM', 'AO', 'AQ', 'AR', 'AS', 'AT', 'AU', 'AW', 'AX', 'AZ', 'BA', 'BB', 'BD', 'BE', 'BF', 'BG', 'BH', 'BI', 'BJ', 'BL', 'BM', 'BN', 'BO', 'BQ', 'BR', 'BS', 'BT', '...</msg>
<var>${list_country}</var>
<arg>AD</arg>
<arg>AE</arg>
<arg>AF</arg>
<arg>AG</arg>
<arg>AI</arg>
<arg>AL</arg>
<arg>AM</arg>
<arg>AO</arg>
<arg>AQ</arg>
<arg>AR</arg>
<arg>AS</arg>
<arg>AT</arg>
<arg>AU</arg>
<arg>AW</arg>
<arg>AX</arg>
<arg>AZ</arg>
<arg>BA</arg>
<arg>BB</arg>
<arg>BD</arg>
<arg>BE</arg>
<arg>BF</arg>
<arg>BG</arg>
<arg>BH</arg>
<arg>BI</arg>
<arg>BJ</arg>
<arg>BL</arg>
<arg>BM</arg>
<arg>BN</arg>
<arg>BO</arg>
<arg>BQ</arg>
<arg>BR</arg>
<arg>BS</arg>
<arg>BT</arg>
<arg>BV</arg>
<arg>BW</arg>
<arg>BY</arg>
<arg>BZ</arg>
<arg>CA</arg>
<arg>CC</arg>
<arg>CD</arg>
<arg>CF</arg>
<arg>CG</arg>
<arg>CH</arg>
<arg>CI</arg>
<arg>CK</arg>
<arg>CL</arg>
<arg>CM</arg>
<arg>CN</arg>
<arg>CO</arg>
<arg>CR</arg>
<arg>CU</arg>
<arg>CV</arg>
<arg>CW</arg>
<arg>CX</arg>
<arg>CY</arg>
<arg>CZ</arg>
<arg>DE</arg>
<arg>DJ</arg>
<arg>DK</arg>
<arg>DM</arg>
<arg>DO</arg>
<arg>DZ</arg>
<arg>EC</arg>
<arg>EE</arg>
<arg>EG</arg>
<arg>EH</arg>
<arg>ER</arg>
<arg>ES</arg>
<arg>ET</arg>
<arg>FI</arg>
<arg>FJ</arg>
<arg>FK</arg>
<arg>FM</arg>
<arg>FO</arg>
<arg>FR</arg>
<arg>GA</arg>
<arg>GB</arg>
<arg>GD</arg>
<arg>GE</arg>
<arg>GF</arg>
<arg>GG</arg>
<arg>GH</arg>
<arg>GI</arg>
<arg>GL</arg>
<arg>GM</arg>
<arg>GN</arg>
<arg>GP</arg>
<arg>GQ</arg>
<arg>GR</arg>
<arg>GS</arg>
<arg>GT</arg>
<arg>GU</arg>
<arg>GW</arg>
<arg>GY</arg>
<arg>HK</arg>
<arg>HM</arg>
<arg>HN</arg>
<arg>HR</arg>
<arg>HT</arg>
<arg>HU</arg>
<arg>ID</arg>
<arg>IE</arg>
<arg>IL</arg>
<arg>IM</arg>
<arg>IN</arg>
<arg>IO</arg>
<arg>IQ</arg>
<arg>IR</arg>
<arg>IS</arg>
<arg>IT</arg>
<arg>JE</arg>
<arg>JM</arg>
<arg>JO</arg>
<arg>JP</arg>
<arg>KE</arg>
<arg>KG</arg>
<arg>KH</arg>
<arg>KI</arg>
<arg>KM</arg>
<arg>KN</arg>
<arg>KP</arg>
<arg>KR</arg>
<arg>KW</arg>
<arg>KY</arg>
<arg>KZ</arg>
<arg>LA</arg>
<arg>LB</arg>
<arg>LC</arg>
<arg>LI</arg>
<arg>LK</arg>
<arg>LR</arg>
<arg>LS</arg>
<arg>LT</arg>
<arg>LU</arg>
<arg>LV</arg>
<arg>LY</arg>
<arg>MA</arg>
<arg>MC</arg>
<arg>MD</arg>
<arg>ME</arg>
<arg>MF</arg>
<arg>MG</arg>
<arg>MH</arg>
<arg>MK</arg>
<arg>ML</arg>
<arg>MM</arg>
<arg>MN</arg>
<arg>MO</arg>
<arg>MP</arg>
<arg>MQ</arg>
<arg>MR</arg>
<arg>MS</arg>
<arg>MT</arg>
<arg>MU</arg>
<arg>MV</arg>
<arg>MW</arg>
<arg>MX</arg>
<arg>MY</arg>
<arg>MZ</arg>
<arg>NA</arg>
<arg>NC</arg>
<arg>NE</arg>
<arg>NF</arg>
<arg>NG</arg>
<arg>NI</arg>
<arg>NL</arg>
<arg>NO</arg>
<arg>NP</arg>
<arg>NR</arg>
<arg>NU</arg>
<arg>NZ</arg>
<arg>OM</arg>
<arg>PA</arg>
<arg>PE</arg>
<arg>PF</arg>
<arg>PG</arg>
<arg>PH</arg>
<arg>PK</arg>
<arg>PL</arg>
<arg>PM</arg>
<arg>PN</arg>
<arg>PR</arg>
<arg>PS</arg>
<arg>PT</arg>
<arg>PW</arg>
<arg>PY</arg>
<arg>QA</arg>
<arg>RE</arg>
<arg>RO</arg>
<arg>RS</arg>
<arg>RU</arg>
<arg>RW</arg>
<arg>SA</arg>
<arg>SB</arg>
<arg>SC</arg>
<arg>SD</arg>
<arg>SE</arg>
<arg>SG</arg>
<arg>SH</arg>
<arg>SI</arg>
<arg>SJ</arg>
<arg>SK</arg>
<arg>SL</arg>
<arg>SM</arg>
<arg>SN</arg>
<arg>SO</arg>
<arg>SR</arg>
<arg>SS</arg>
<arg>ST</arg>
<arg>SV</arg>
<arg>SX</arg>
<arg>SY</arg>
<arg>SZ</arg>
<arg>TC</arg>
<arg>TD</arg>
<arg>TF</arg>
<arg>TG</arg>
<arg>TH</arg>
<arg>TJ</arg>
<arg>TK</arg>
<arg>TL</arg>
<arg>TM</arg>
<arg>TN</arg>
<arg>TO</arg>
<arg>TR</arg>
<arg>TT</arg>
<arg>TV</arg>
<arg>TW</arg>
<arg>TZ</arg>
<arg>UA</arg>
<arg>UG</arg>
<arg>UM</arg>
<arg>US</arg>
<arg>UY</arg>
<arg>UZ</arg>
<arg>VA</arg>
<arg>VC</arg>
<arg>VE</arg>
<arg>VG</arg>
<arg>VI</arg>
<arg>VN</arg>
<arg>VU</arg>
<arg>WF</arg>
<arg>WS</arg>
<arg>XK</arg>
<arg>YE</arg>
<arg>YT</arg>
<arg>ZA</arg>
<arg>ZM</arg>
<arg>ZW</arg>
<doc>Returns a list containing given items.</doc>
<status status="PASS" start="2024-05-05T05:13:18.931468" elapsed="0.000616"/>
</kw>
<kw name="List Should Contain Value" owner="Collections">
<msg time="2024-05-05T05:13:18.933075" level="INFO">False</msg>
<arg>${list_country}</arg>
<arg>${name_country}</arg>
<doc>Fails if the ``value`` is not found from ``list``.</doc>
<status status="PASS" start="2024-05-05T05:13:18.932879" elapsed="0.000232"/>
</kw>
<kw name="Run Keyword If" owner="BuiltIn">
<kw name="Should Be True" owner="BuiltIn">
<arg>${True}</arg>
<doc>Fails if the given condition is not true.</doc>
<status status="PASS" start="2024-05-05T05:13:18.934189" elapsed="0.000145"/>
</kw>
<arg>${json_data["results"][0]["location"]["coordinates"]["latitude"]} &gt;= -90 and ${json_data["results"][0]["location"]["coordinates"]["latitude"]} &lt;= 90</arg>
<arg>Should Be True</arg>
<arg>${True}</arg>
<doc>Runs the given keyword with the given arguments, if ``condition`` is true.</doc>
<status status="PASS" start="2024-05-05T05:13:18.933419" elapsed="0.001041"/>
</kw>
<kw name="Run Keyword If" owner="BuiltIn">
<kw name="Should Be True" owner="BuiltIn">
<arg>${True}</arg>
<doc>Fails if the given condition is not true.</doc>
<status status="PASS" start="2024-05-05T05:13:18.935331" elapsed="0.000243"/>
</kw>
<arg>${json_data["results"][0]["location"]["coordinates"]["longitude"]} &gt;= -180 and ${json_data["results"][0]["location"]["coordinates"]["longitude"]} &lt;= 180</arg>
<arg>Should Be True</arg>
<arg>${True}</arg>
<doc>Runs the given keyword with the given arguments, if ``condition`` is true.</doc>
<status status="PASS" start="2024-05-05T05:13:18.934642" elapsed="0.001059"/>
</kw>
<status status="PASS" start="2024-05-05T05:13:18.859411" elapsed="0.076416"/>
</kw>
<doc>Testa o conteúdo específico dos campos retornados pela API.</doc>
<tag>testeConteudo</tag>
<status status="PASS" start="2024-05-05T05:13:18.858996" elapsed="0.076972"/>
</test>
<status status="PASS" start="2024-05-05T05:13:18.174912" elapsed="0.762975"/>
</suite>
<status status="PASS" start="2024-05-05T05:13:18.161489" elapsed="0.781444"/>
</suite>
<statistics>
<total>
<stat pass="5" fail="0" skip="0">All Tests</stat>
</total>
<tag>
<stat pass="1" fail="0" skip="0">testeConteudo</stat>
<stat pass="1" fail="0" skip="0">testeEstruturaResposta</stat>
<stat pass="1" fail="0" skip="0">testeRequisicaoBasica</stat>
<stat pass="1" fail="0" skip="0">testeTiposDados</stat>
</tag>
<suite>
<stat pass="5" fail="0" skip="0" id="s1" name="Tests">Tests</stat>
<stat pass="5" fail="0" skip="0" id="s1-s1" name="Random-User-Test">Tests.Random-User-Test</stat>
</suite>
</statistics>
<errors>
</errors>
</robot>
