<?xml version="1.0" encoding="UTF-8"?>
<robot generator="Robot 7.0 (Python 3.12.3 on linux)" generated="2024-06-01T12:26:01.554136" rpa="false" schemaversion="5">
<suite id="s1" name="Tests" source="/home/runner/work/ApiRandomUser/ApiRandomUser/RamdonUser/tests">
<suite id="s1-s1" name="Random-User-Test" source="/home/runner/work/ApiRandomUser/ApiRandomUser/RamdonUser/tests/random-user-test.robot">
<test id="s1-s1-t1" name="Conectar" line="13">
<kw name="Conectar API" owner="random-user-service">
<kw name="Create Session" owner="RequestsLibrary">
<msg time="2024-06-01T12:26:01.994678" level="INFO">Creating Session using : alias=consultarAPI, url=https://randomuser.me/, headers={},                     cookies={}, auth=None, timeout=None, proxies=None, verify=False,                     debug=0 </msg>
<arg>consultarAPI</arg>
<arg>${URL}</arg>
<doc>Create Session: create a HTTP session to a server</doc>
<status status="PASS" start="2024-06-01T12:26:01.994457" elapsed="0.000402"/>
</kw>
<status status="PASS" start="2024-06-01T12:26:01.992953" elapsed="0.002279"/>
</kw>
<status status="PASS" start="2024-06-01T12:26:01.992243" elapsed="0.003190"/>
</test>
<test id="s1-s1-t2" name="Validar retorno 200 e JSON Válido" line="16">
<kw name="Teste de Requisicao Basica" owner="random-user-service">
<kw name="GET On Session" owner="RequestsLibrary">
<msg time="2024-06-01T12:26:02.300589" level="INFO">GET Request : url=https://randomuser.me/api 
 path_url=/api 
 headers={'User-Agent': 'python-requests/2.32.3', 'Accept-Encoding': 'gzip, deflate', 'Accept': '*/*', 'Connection': 'keep-alive'} 
 body=None 
 </msg>
<msg time="2024-06-01T12:26:02.300747" level="INFO">GET Response : url=https://randomuser.me/api 
 status=200, reason=OK 
 headers={'Date': 'Sat, 01 Jun 2024 12:26:02 GMT', 'Content-Type': 'application/json; charset=utf-8', 'Transfer-Encoding': 'chunked', 'Connection': 'keep-alive', 'X-Powered-By': 'Express', 'Access-Control-Allow-Origin': '*', 'Cache-Control': 'no-cache', 'ETag': 'W/"490-UMEljqpyyhIRrCpZw3NsjTgZMAw"', 'Vary': 'Accept-Encoding', 'Content-Encoding': 'gzip', 'CF-Cache-Status': 'DYNAMIC', 'Report-To': '{"endpoints":[{"url":"https:\\/\\/a.nel.cloudflare.com\\/report\\/v4?s=oYfB7ytiKUJhn2SiuBxVrOecPYZM9%2BHrfuOy3yvFbjSf3xReHNOtPttmc%2FvJ57sGHk1dntEZbd%2FFE94S7kTNx7pj%2BjIRRU8Uak%2BYzqRiYutqcQs4VWCx2TNuho%2FQCmuA"}],"group":"cf-nel","max_age":604800}', 'NEL': '{"success_fraction":0,"report_to":"cf-nel","max_age":604800}', 'Server': 'cloudflare', 'CF-RAY': '88cf3092bfa70623-IAD', 'alt-svc': 'h3=":443"; ma=86400'} 
 body={"results":[{"gender":"female","name":{"title":"Mrs","first":"Minttu","last":"Autio"},"location":{"street":{"number":5108,"name":"Hermiankatu"},"city":"Saltvik","state":"Åland","country":"Finland","postcode":17384,"coordinates":{"latitude":"-23.0544","longitude":"157.2740"},"timezone":{"offset":"+9:00","description":"Tokyo, Seoul, Osaka, Sapporo, Yakutsk"}},"email":"minttu.autio@example.com","login":{"uuid":"908e83cf-142d-4e17-8c6b-27db86370a98","username":"saddog531","password":"gary","salt":"pjY3eEGX","md5":"98924d406c5a4ec5653de4af75731ed8","sha1":"03bde8ee20424678bef53ddeb1619b3d54d1ea36","sha256":"552c2b4c6e671d7b9dc4ea87d51449f4673af9754cd65dd6099a396925e129b3"},"dob":{"date":"1992-10-13T23:33:07.574Z","age":31},"registered":{"date":"2017-03-23T17:15:14.266Z","age":7},"phone":"05-240-655","cell":"047-383-62-18","id":{"name":"HETU","value":"NaNNA836undefined"},"picture":{"large":"https://randomuser.me/api/portraits/women/50.jpg","medium":"https://randomuser.me/api/portraits/med/women/50.jpg","thumbnail":"https://randomuser.me/api/portraits/thumb/women/50.jpg"},"nat":"FI"}],"info":{"seed":"df25f132ebbcdfa4","results":1,"page":1,"version":"1.4"}} 
 </msg>
<msg time="2024-06-01T12:26:02.300830" level="INFO">/opt/hostedtoolcache/Python/3.12.3/x64/lib/python3.12/site-packages/urllib3/connectionpool.py:1103: InsecureRequestWarning: Unverified HTTPS request is being made to host 'randomuser.me'. Adding certificate verification is strongly advised. See: https://urllib3.readthedocs.io/en/latest/advanced-usage.html#tls-warnings
  warnings.warn(</msg>
<msg time="2024-06-01T12:26:02.300987" level="INFO">${response} = &lt;Response [200]&gt;</msg>
<var>${response}</var>
<arg>consultarAPI</arg>
<arg>/api</arg>
<doc>Sends a GET request on a previously created HTTP Session.</doc>
<status status="PASS" start="2024-06-01T12:26:01.998061" elapsed="0.302970"/>
</kw>
<kw name="Should Be Equal As Numbers" owner="BuiltIn">
<msg time="2024-06-01T12:26:02.302016" level="INFO">Argument types are:
&lt;class 'int'&gt;
&lt;class 'str'&gt;</msg>
<arg>${response.status_code}</arg>
<arg>200</arg>
<doc>Fails if objects are unequal after converting them to real numbers.</doc>
<status status="PASS" start="2024-06-01T12:26:02.301516" elapsed="0.000564"/>
</kw>
<kw name="Log" owner="BuiltIn">
<msg time="2024-06-01T12:26:02.302783" level="INFO">200</msg>
<arg>${response.status_code}</arg>
<doc>Logs the given message with the given level.</doc>
<status status="PASS" start="2024-06-01T12:26:02.302434" elapsed="0.000396"/>
</kw>
<kw name="Set Variable" owner="BuiltIn">
<msg time="2024-06-01T12:26:02.303574" level="INFO">${json_data} = {'results': [{'gender': 'female', 'name': {'title': 'Mrs', 'first': 'Minttu', 'last': 'Autio'}, 'location': {'street': {'number': 5108, 'name': 'Hermiankatu'}, 'city': 'Saltvik', 'state': 'Åland', 'co...</msg>
<var>${json_data}</var>
<arg>${response.json()}</arg>
<doc>Returns the given values which can then be assigned to a variables.</doc>
<status status="PASS" start="2024-06-01T12:26:02.303138" elapsed="0.000468"/>
</kw>
<kw name="Dictionary Should Contain Key" owner="Collections">
<msg time="2024-06-01T12:26:02.304075" level="INFO">False</msg>
<arg>${json_data}</arg>
<arg>results</arg>
<doc>Fails if ``key`` is not found from ``dictionary``.</doc>
<status status="PASS" start="2024-06-01T12:26:02.303908" elapsed="0.000206"/>
</kw>
<status status="PASS" start="2024-06-01T12:26:01.997817" elapsed="0.306558"/>
</kw>
<doc>Testa se a API responde corretamente e retorna um objeto JSON válido.</doc>
<tag>testeRequisicaoBasica</tag>
<status status="PASS" start="2024-06-01T12:26:01.997331" elapsed="0.307233"/>
</test>
<test id="s1-s1-t3" name="Validar estrutura de resposta" line="22">
<kw name="Teste de Estrutura de Resposta" owner="random-user-service">
<kw name="GET On Session" owner="RequestsLibrary">
<msg time="2024-06-01T12:26:02.539735" level="INFO">GET Request : url=https://randomuser.me/api 
 path_url=/api 
 headers={'User-Agent': 'python-requests/2.32.3', 'Accept-Encoding': 'gzip, deflate', 'Accept': '*/*', 'Connection': 'keep-alive'} 
 body=None 
 </msg>
<msg time="2024-06-01T12:26:02.539818" level="INFO">GET Response : url=https://randomuser.me/api 
 status=200, reason=OK 
 headers={'Date': 'Sat, 01 Jun 2024 12:26:02 GMT', 'Content-Type': 'application/json; charset=utf-8', 'Transfer-Encoding': 'chunked', 'Connection': 'keep-alive', 'X-Powered-By': 'Express', 'Access-Control-Allow-Origin': '*', 'Cache-Control': 'no-cache', 'ETag': 'W/"483-Au2Gc/kvhEjKQ1BY1n9Xxho3lpM"', 'Vary': 'Accept-Encoding', 'Content-Encoding': 'gzip', 'CF-Cache-Status': 'DYNAMIC', 'Report-To': '{"endpoints":[{"url":"https:\\/\\/a.nel.cloudflare.com\\/report\\/v4?s=in9sQGVHybKbDSL%2F1lsItfKWaIwZ37YDCdnRkf%2BArcf5rMxqP3G4Hl8bGtC%2BtmxS2CGvChhaQTY7ronLmC8NC%2BqhLQQ53UbQ0dgkgL58nlxKrvnViIeMxj1%2F%2FKS670h9"}],"group":"cf-nel","max_age":604800}', 'NEL': '{"success_fraction":0,"report_to":"cf-nel","max_age":604800}', 'Server': 'cloudflare', 'CF-RAY': '88cf3094693b0623-IAD', 'alt-svc': 'h3=":443"; ma=86400'} 
 body={"results":[{"gender":"female","name":{"title":"Miss","first":"Agafonika","last":"Chumachenko"},"location":{"street":{"number":2903,"name":"Sholudenka"},"city":"Vizhnicya","state":"Dnipropetrovska","country":"Ukraine","postcode":69078,"coordinates":{"latitude":"76.6068","longitude":"37.0439"},"timezone":{"offset":"-10:00","description":"Hawaii"}},"email":"agafonika.chumachenko@example.com","login":{"uuid":"0e014f22-a825-4b9d-b38b-ad2f6a0e13a8","username":"sadostrich878","password":"kris","salt":"HluTLY0m","md5":"4eb78bc5a46352a5dd6c3a078196e602","sha1":"517c1b094f35b5478a377e8cd016cde6c72aacad","sha256":"9d0b825edfe181eddda2ab00ed266d5ce0d1044af66e0bd609515dc5e0fe0248"},"dob":{"date":"1952-05-18T17:50:32.333Z","age":72},"registered":{"date":"2021-05-29T12:54:32.669Z","age":3},"phone":"(097) B80-1659","cell":"(066) I13-2214","id":{"name":"","value":null},"picture":{"large":"https://randomuser.me/api/portraits/women/38.jpg","medium":"https://randomuser.me/api/portraits/med/women/38.jpg","thumbnail":"https://randomuser.me/api/portraits/thumb/women/38.jpg"},"nat":"UA"}],"info":{"seed":"45c4f68fdc28b350","results":1,"page":1,"version":"1.4"}} 
 </msg>
<msg time="2024-06-01T12:26:02.539938" level="INFO">/opt/hostedtoolcache/Python/3.12.3/x64/lib/python3.12/site-packages/urllib3/connectionpool.py:1103: InsecureRequestWarning: Unverified HTTPS request is being made to host 'randomuser.me'. Adding certificate verification is strongly advised. See: https://urllib3.readthedocs.io/en/latest/advanced-usage.html#tls-warnings
  warnings.warn(</msg>
<msg time="2024-06-01T12:26:02.540078" level="INFO">${response} = &lt;Response [200]&gt;</msg>
<var>${response}</var>
<arg>consultarAPI</arg>
<arg>/api</arg>
<doc>Sends a GET request on a previously created HTTP Session.</doc>
<status status="PASS" start="2024-06-01T12:26:02.307134" elapsed="0.232997"/>
</kw>
<kw name="Set Variable" owner="BuiltIn">
<msg time="2024-06-01T12:26:02.540954" level="INFO">${json_data} = {'results': [{'gender': 'female', 'name': {'title': 'Miss', 'first': 'Agafonika', 'last': 'Chumachenko'}, 'location': {'street': {'number': 2903, 'name': 'Sholudenka'}, 'city': 'Vizhnicya', 'state': '...</msg>
<var>${json_data}</var>
<arg>${response.json()}</arg>
<doc>Returns the given values which can then be assigned to a variables.</doc>
<status status="PASS" start="2024-06-01T12:26:02.540497" elapsed="0.000486"/>
</kw>
<kw name="Log" owner="BuiltIn">
<msg time="2024-06-01T12:26:02.541444" level="INFO">{'results': [{'gender': 'female', 'name': {'title': 'Miss', 'first': 'Agafonika', 'last': 'Chumachenko'}, 'location': {'street': {'number': 2903, 'name': 'Sholudenka'}, 'city': 'Vizhnicya', 'state': 'Dnipropetrovska', 'country': 'Ukraine', 'postcode': 69078, 'coordinates': {'latitude': '76.6068', 'longitude': '37.0439'}, 'timezone': {'offset': '-10:00', 'description': 'Hawaii'}}, 'email': 'agafonika.chumachenko@example.com', 'login': {'uuid': '0e014f22-a825-4b9d-b38b-ad2f6a0e13a8', 'username': 'sadostrich878', 'password': 'kris', 'salt': 'HluTLY0m', 'md5': '4eb78bc5a46352a5dd6c3a078196e602', 'sha1': '517c1b094f35b5478a377e8cd016cde6c72aacad', 'sha256': '9d0b825edfe181eddda2ab00ed266d5ce0d1044af66e0bd609515dc5e0fe0248'}, 'dob': {'date': '1952-05-18T17:50:32.333Z', 'age': 72}, 'registered': {'date': '2021-05-29T12:54:32.669Z', 'age': 3}, 'phone': '(097) B80-1659', 'cell': '(066) I13-2214', 'id': {'name': '', 'value': None}, 'picture': {'large': 'https://randomuser.me/api/portraits/women/38.jpg', 'medium': 'https://randomuser.me/api/portraits/med/women/38.jpg', 'thumbnail': 'https://randomuser.me/api/portraits/thumb/women/38.jpg'}, 'nat': 'UA'}], 'info': {'seed': '45c4f68fdc28b350', 'results': 1, 'page': 1, 'version': '1.4'}}</msg>
<arg>${json_data}</arg>
<doc>Logs the given message with the given level.</doc>
<status status="PASS" start="2024-06-01T12:26:02.541288" elapsed="0.000209"/>
</kw>
<kw name="Dictionary Should Contain Key" owner="Collections">
<msg time="2024-06-01T12:26:02.542002" level="INFO">False</msg>
<arg>${json_data}</arg>
<arg>results</arg>
<doc>Fails if ``key`` is not found from ``dictionary``.</doc>
<status status="PASS" start="2024-06-01T12:26:02.541842" elapsed="0.000198"/>
</kw>
<kw name="Should Not Be Empty" owner="BuiltIn">
<msg time="2024-06-01T12:26:02.542467" level="INFO">Length is 2.</msg>
<arg>${json_data}</arg>
<doc>Verifies that the given item is not empty.</doc>
<status status="PASS" start="2024-06-01T12:26:02.542332" elapsed="0.000173"/>
</kw>
<kw name="Create List" owner="BuiltIn">
<msg time="2024-06-01T12:26:02.543078" level="INFO">${expected_keys} = ['gender', 'name', 'location', 'email', 'login']</msg>
<var>${expected_keys}</var>
<arg>gender</arg>
<arg>name</arg>
<arg>location</arg>
<arg>email</arg>
<arg>login</arg>
<doc>Returns a list containing given items.</doc>
<status status="PASS" start="2024-06-01T12:26:02.542795" elapsed="0.000308"/>
</kw>
<for flavor="IN">
<iter>
<kw name="Dictionary Should Contain Key" owner="Collections">
<msg time="2024-06-01T12:26:02.544090" level="INFO">False</msg>
<arg>${json_data['results'][0]}</arg>
<arg>${key}</arg>
<doc>Fails if ``key`` is not found from ``dictionary``.</doc>
<status status="PASS" start="2024-06-01T12:26:02.543696" elapsed="0.000431"/>
</kw>
<kw name="Log" owner="BuiltIn">
<msg time="2024-06-01T12:26:02.544801" level="INFO">{'gender': 'female', 'name': {'title': 'Miss', 'first': 'Agafonika', 'last': 'Chumachenko'}, 'location': {'street': {'number': 2903, 'name': 'Sholudenka'}, 'city': 'Vizhnicya', 'state': 'Dnipropetrovska', 'country': 'Ukraine', 'postcode': 69078, 'coordinates': {'latitude': '76.6068', 'longitude': '37.0439'}, 'timezone': {'offset': '-10:00', 'description': 'Hawaii'}}, 'email': 'agafonika.chumachenko@example.com', 'login': {'uuid': '0e014f22-a825-4b9d-b38b-ad2f6a0e13a8', 'username': 'sadostrich878', 'password': 'kris', 'salt': 'HluTLY0m', 'md5': '4eb78bc5a46352a5dd6c3a078196e602', 'sha1': '517c1b094f35b5478a377e8cd016cde6c72aacad', 'sha256': '9d0b825edfe181eddda2ab00ed266d5ce0d1044af66e0bd609515dc5e0fe0248'}, 'dob': {'date': '1952-05-18T17:50:32.333Z', 'age': 72}, 'registered': {'date': '2021-05-29T12:54:32.669Z', 'age': 3}, 'phone': '(097) B80-1659', 'cell': '(066) I13-2214', 'id': {'name': '', 'value': None}, 'picture': {'large': 'https://randomuser.me/api/portraits/women/38.jpg', 'medium': 'https://randomuser.me/api/portraits/med/women/38.jpg', 'thumbnail': 'https://randomuser.me/api/portraits/thumb/women/38.jpg'}, 'nat': 'UA'}</msg>
<arg>${json_data['results'][0]}</arg>
<doc>Logs the given message with the given level.</doc>
<status status="PASS" start="2024-06-01T12:26:02.544429" elapsed="0.000420"/>
</kw>
<kw name="Log" owner="BuiltIn">
<msg time="2024-06-01T12:26:02.545278" level="INFO">gender</msg>
<arg>${key}</arg>
<doc>Logs the given message with the given level.</doc>
<status status="PASS" start="2024-06-01T12:26:02.545147" elapsed="0.000168"/>
</kw>
<var name="${key}">gender</var>
<status status="PASS" start="2024-06-01T12:26:02.543568" elapsed="0.001965"/>
</iter>
<iter>
<kw name="Dictionary Should Contain Key" owner="Collections">
<msg time="2024-06-01T12:26:02.546273" level="INFO">False</msg>
<arg>${json_data['results'][0]}</arg>
<arg>${key}</arg>
<doc>Fails if ``key`` is not found from ``dictionary``.</doc>
<status status="PASS" start="2024-06-01T12:26:02.545889" elapsed="0.000421"/>
</kw>
<kw name="Log" owner="BuiltIn">
<msg time="2024-06-01T12:26:02.546991" level="INFO">{'gender': 'female', 'name': {'title': 'Miss', 'first': 'Agafonika', 'last': 'Chumachenko'}, 'location': {'street': {'number': 2903, 'name': 'Sholudenka'}, 'city': 'Vizhnicya', 'state': 'Dnipropetrovska', 'country': 'Ukraine', 'postcode': 69078, 'coordinates': {'latitude': '76.6068', 'longitude': '37.0439'}, 'timezone': {'offset': '-10:00', 'description': 'Hawaii'}}, 'email': 'agafonika.chumachenko@example.com', 'login': {'uuid': '0e014f22-a825-4b9d-b38b-ad2f6a0e13a8', 'username': 'sadostrich878', 'password': 'kris', 'salt': 'HluTLY0m', 'md5': '4eb78bc5a46352a5dd6c3a078196e602', 'sha1': '517c1b094f35b5478a377e8cd016cde6c72aacad', 'sha256': '9d0b825edfe181eddda2ab00ed266d5ce0d1044af66e0bd609515dc5e0fe0248'}, 'dob': {'date': '1952-05-18T17:50:32.333Z', 'age': 72}, 'registered': {'date': '2021-05-29T12:54:32.669Z', 'age': 3}, 'phone': '(097) B80-1659', 'cell': '(066) I13-2214', 'id': {'name': '', 'value': None}, 'picture': {'large': 'https://randomuser.me/api/portraits/women/38.jpg', 'medium': 'https://randomuser.me/api/portraits/med/women/38.jpg', 'thumbnail': 'https://randomuser.me/api/portraits/thumb/women/38.jpg'}, 'nat': 'UA'}</msg>
<arg>${json_data['results'][0]}</arg>
<doc>Logs the given message with the given level.</doc>
<status status="PASS" start="2024-06-01T12:26:02.546631" elapsed="0.000408"/>
</kw>
<kw name="Log" owner="BuiltIn">
<msg time="2024-06-01T12:26:02.547463" level="INFO">name</msg>
<arg>${key}</arg>
<doc>Logs the given message with the given level.</doc>
<status status="PASS" start="2024-06-01T12:26:02.547336" elapsed="0.000164"/>
</kw>
<var name="${key}">name</var>
<status status="PASS" start="2024-06-01T12:26:02.545770" elapsed="0.001944"/>
</iter>
<iter>
<kw name="Dictionary Should Contain Key" owner="Collections">
<msg time="2024-06-01T12:26:02.548387" level="INFO">False</msg>
<arg>${json_data['results'][0]}</arg>
<arg>${key}</arg>
<doc>Fails if ``key`` is not found from ``dictionary``.</doc>
<status status="PASS" start="2024-06-01T12:26:02.548007" elapsed="0.000417"/>
</kw>
<kw name="Log" owner="BuiltIn">
<msg time="2024-06-01T12:26:02.549075" level="INFO">{'gender': 'female', 'name': {'title': 'Miss', 'first': 'Agafonika', 'last': 'Chumachenko'}, 'location': {'street': {'number': 2903, 'name': 'Sholudenka'}, 'city': 'Vizhnicya', 'state': 'Dnipropetrovska', 'country': 'Ukraine', 'postcode': 69078, 'coordinates': {'latitude': '76.6068', 'longitude': '37.0439'}, 'timezone': {'offset': '-10:00', 'description': 'Hawaii'}}, 'email': 'agafonika.chumachenko@example.com', 'login': {'uuid': '0e014f22-a825-4b9d-b38b-ad2f6a0e13a8', 'username': 'sadostrich878', 'password': 'kris', 'salt': 'HluTLY0m', 'md5': '4eb78bc5a46352a5dd6c3a078196e602', 'sha1': '517c1b094f35b5478a377e8cd016cde6c72aacad', 'sha256': '9d0b825edfe181eddda2ab00ed266d5ce0d1044af66e0bd609515dc5e0fe0248'}, 'dob': {'date': '1952-05-18T17:50:32.333Z', 'age': 72}, 'registered': {'date': '2021-05-29T12:54:32.669Z', 'age': 3}, 'phone': '(097) B80-1659', 'cell': '(066) I13-2214', 'id': {'name': '', 'value': None}, 'picture': {'large': 'https://randomuser.me/api/portraits/women/38.jpg', 'medium': 'https://randomuser.me/api/portraits/med/women/38.jpg', 'thumbnail': 'https://randomuser.me/api/portraits/thumb/women/38.jpg'}, 'nat': 'UA'}</msg>
<arg>${json_data['results'][0]}</arg>
<doc>Logs the given message with the given level.</doc>
<status status="PASS" start="2024-06-01T12:26:02.548719" elapsed="0.000404"/>
</kw>
<kw name="Log" owner="BuiltIn">
<msg time="2024-06-01T12:26:02.549556" level="INFO">location</msg>
<arg>${key}</arg>
<doc>Logs the given message with the given level.</doc>
<status status="PASS" start="2024-06-01T12:26:02.549428" elapsed="0.000166"/>
</kw>
<var name="${key}">location</var>
<status status="PASS" start="2024-06-01T12:26:02.547895" elapsed="0.001979"/>
</iter>
<iter>
<kw name="Dictionary Should Contain Key" owner="Collections">
<msg time="2024-06-01T12:26:02.550557" level="INFO">False</msg>
<arg>${json_data['results'][0]}</arg>
<arg>${key}</arg>
<doc>Fails if ``key`` is not found from ``dictionary``.</doc>
<status status="PASS" start="2024-06-01T12:26:02.550167" elapsed="0.000428"/>
</kw>
<kw name="Log" owner="BuiltIn">
<msg time="2024-06-01T12:26:02.551251" level="INFO">{'gender': 'female', 'name': {'title': 'Miss', 'first': 'Agafonika', 'last': 'Chumachenko'}, 'location': {'street': {'number': 2903, 'name': 'Sholudenka'}, 'city': 'Vizhnicya', 'state': 'Dnipropetrovska', 'country': 'Ukraine', 'postcode': 69078, 'coordinates': {'latitude': '76.6068', 'longitude': '37.0439'}, 'timezone': {'offset': '-10:00', 'description': 'Hawaii'}}, 'email': 'agafonika.chumachenko@example.com', 'login': {'uuid': '0e014f22-a825-4b9d-b38b-ad2f6a0e13a8', 'username': 'sadostrich878', 'password': 'kris', 'salt': 'HluTLY0m', 'md5': '4eb78bc5a46352a5dd6c3a078196e602', 'sha1': '517c1b094f35b5478a377e8cd016cde6c72aacad', 'sha256': '9d0b825edfe181eddda2ab00ed266d5ce0d1044af66e0bd609515dc5e0fe0248'}, 'dob': {'date': '1952-05-18T17:50:32.333Z', 'age': 72}, 'registered': {'date': '2021-05-29T12:54:32.669Z', 'age': 3}, 'phone': '(097) B80-1659', 'cell': '(066) I13-2214', 'id': {'name': '', 'value': None}, 'picture': {'large': 'https://randomuser.me/api/portraits/women/38.jpg', 'medium': 'https://randomuser.me/api/portraits/med/women/38.jpg', 'thumbnail': 'https://randomuser.me/api/portraits/thumb/women/38.jpg'}, 'nat': 'UA'}</msg>
<arg>${json_data['results'][0]}</arg>
<doc>Logs the given message with the given level.</doc>
<status status="PASS" start="2024-06-01T12:26:02.550890" elapsed="0.000418"/>
</kw>
<kw name="Log" owner="BuiltIn">
<msg time="2024-06-01T12:26:02.551830" level="INFO">email</msg>
<arg>${key}</arg>
<doc>Logs the given message with the given level.</doc>
<status status="PASS" start="2024-06-01T12:26:02.551630" elapsed="0.000260"/>
</kw>
<var name="${key}">email</var>
<status status="PASS" start="2024-06-01T12:26:02.550050" elapsed="0.002094"/>
</iter>
<iter>
<kw name="Dictionary Should Contain Key" owner="Collections">
<msg time="2024-06-01T12:26:02.552823" level="INFO">False</msg>
<arg>${json_data['results'][0]}</arg>
<arg>${key}</arg>
<doc>Fails if ``key`` is not found from ``dictionary``.</doc>
<status status="PASS" start="2024-06-01T12:26:02.552436" elapsed="0.000426"/>
</kw>
<kw name="Log" owner="BuiltIn">
<msg time="2024-06-01T12:26:02.553541" level="INFO">{'gender': 'female', 'name': {'title': 'Miss', 'first': 'Agafonika', 'last': 'Chumachenko'}, 'location': {'street': {'number': 2903, 'name': 'Sholudenka'}, 'city': 'Vizhnicya', 'state': 'Dnipropetrovska', 'country': 'Ukraine', 'postcode': 69078, 'coordinates': {'latitude': '76.6068', 'longitude': '37.0439'}, 'timezone': {'offset': '-10:00', 'description': 'Hawaii'}}, 'email': 'agafonika.chumachenko@example.com', 'login': {'uuid': '0e014f22-a825-4b9d-b38b-ad2f6a0e13a8', 'username': 'sadostrich878', 'password': 'kris', 'salt': 'HluTLY0m', 'md5': '4eb78bc5a46352a5dd6c3a078196e602', 'sha1': '517c1b094f35b5478a377e8cd016cde6c72aacad', 'sha256': '9d0b825edfe181eddda2ab00ed266d5ce0d1044af66e0bd609515dc5e0fe0248'}, 'dob': {'date': '1952-05-18T17:50:32.333Z', 'age': 72}, 'registered': {'date': '2021-05-29T12:54:32.669Z', 'age': 3}, 'phone': '(097) B80-1659', 'cell': '(066) I13-2214', 'id': {'name': '', 'value': None}, 'picture': {'large': 'https://randomuser.me/api/portraits/women/38.jpg', 'medium': 'https://randomuser.me/api/portraits/med/women/38.jpg', 'thumbnail': 'https://randomuser.me/api/portraits/thumb/women/38.jpg'}, 'nat': 'UA'}</msg>
<arg>${json_data['results'][0]}</arg>
<doc>Logs the given message with the given level.</doc>
<status status="PASS" start="2024-06-01T12:26:02.553161" elapsed="0.000430"/>
</kw>
<kw name="Log" owner="BuiltIn">
<msg time="2024-06-01T12:26:02.554050" level="INFO">login</msg>
<arg>${key}</arg>
<doc>Logs the given message with the given level.</doc>
<status status="PASS" start="2024-06-01T12:26:02.553920" elapsed="0.000168"/>
</kw>
<var name="${key}">login</var>
<status status="PASS" start="2024-06-01T12:26:02.552321" elapsed="0.001983"/>
</iter>
<var>${key}</var>
<value>@{expected_keys}</value>
<status status="PASS" start="2024-06-01T12:26:02.543364" elapsed="0.011090"/>
</for>
<kw name="Create List" owner="BuiltIn">
<msg time="2024-06-01T12:26:02.554814" level="INFO">${expected_keysTwo} = ['username', 'password']</msg>
<var>${expected_keysTwo}</var>
<arg>username</arg>
<arg>password</arg>
<doc>Returns a list containing given items.</doc>
<status status="PASS" start="2024-06-01T12:26:02.554668" elapsed="0.000170"/>
</kw>
<for flavor="IN">
<iter>
<kw name="Dictionary Should Contain Key" owner="Collections">
<msg time="2024-06-01T12:26:02.555725" level="INFO">False</msg>
<arg>${json_data['results'][0]['login']}</arg>
<arg>${keyTwo}</arg>
<doc>Fails if ``key`` is not found from ``dictionary``.</doc>
<status status="PASS" start="2024-06-01T12:26:02.555344" elapsed="0.000419"/>
</kw>
<kw name="Dictionary Should Contain Key" owner="Collections">
<msg time="2024-06-01T12:26:02.556445" level="INFO">False</msg>
<arg>${json_data['results'][0]['login']}</arg>
<arg>${keyTwo}</arg>
<doc>Fails if ``key`` is not found from ``dictionary``.</doc>
<status status="PASS" start="2024-06-01T12:26:02.556059" elapsed="0.000423"/>
</kw>
<kw name="Log" owner="BuiltIn">
<msg time="2024-06-01T12:26:02.556926" level="INFO">username</msg>
<arg>${keyTwo}</arg>
<doc>Logs the given message with the given level.</doc>
<status status="PASS" start="2024-06-01T12:26:02.556776" elapsed="0.000190"/>
</kw>
<var name="${keyTwo}">username</var>
<status status="PASS" start="2024-06-01T12:26:02.555233" elapsed="0.001952"/>
</iter>
<iter>
<kw name="Dictionary Should Contain Key" owner="Collections">
<msg time="2024-06-01T12:26:02.557891" level="INFO">False</msg>
<arg>${json_data['results'][0]['login']}</arg>
<arg>${keyTwo}</arg>
<doc>Fails if ``key`` is not found from ``dictionary``.</doc>
<status status="PASS" start="2024-06-01T12:26:02.557474" elapsed="0.000455"/>
</kw>
<kw name="Dictionary Should Contain Key" owner="Collections">
<msg time="2024-06-01T12:26:02.558688" level="INFO">False</msg>
<arg>${json_data['results'][0]['login']}</arg>
<arg>${keyTwo}</arg>
<doc>Fails if ``key`` is not found from ``dictionary``.</doc>
<status status="PASS" start="2024-06-01T12:26:02.558227" elapsed="0.000501"/>
</kw>
<kw name="Log" owner="BuiltIn">
<msg time="2024-06-01T12:26:02.559162" level="INFO">password</msg>
<arg>${keyTwo}</arg>
<doc>Logs the given message with the given level.</doc>
<status status="PASS" start="2024-06-01T12:26:02.559032" elapsed="0.000167"/>
</kw>
<var name="${keyTwo}">password</var>
<status status="PASS" start="2024-06-01T12:26:02.557360" elapsed="0.002057"/>
</iter>
<var>${keyTwo}</var>
<value>@{expected_keysTwo}</value>
<status status="PASS" start="2024-06-01T12:26:02.555078" elapsed="0.004461"/>
</for>
<status status="PASS" start="2024-06-01T12:26:02.306902" elapsed="0.252777"/>
</kw>
<doc>Testa a estrutura da resposta da API.</doc>
<tag>testeEstruturaResposta</tag>
<status status="PASS" start="2024-06-01T12:26:02.306402" elapsed="0.253430"/>
</test>
<test id="s1-s1-t4" name="Validar tipos de dados" line="28">
<kw name="Teste de Tipos de Dados" owner="random-user-service">
<kw name="GET On Session" owner="RequestsLibrary">
<msg time="2024-06-01T12:26:02.704611" level="INFO">GET Request : url=https://randomuser.me/api 
 path_url=/api 
 headers={'User-Agent': 'python-requests/2.32.3', 'Accept-Encoding': 'gzip, deflate', 'Accept': '*/*', 'Connection': 'keep-alive'} 
 body=None 
 </msg>
<msg time="2024-06-01T12:26:02.704688" level="INFO">GET Response : url=https://randomuser.me/api 
 status=200, reason=OK 
 headers={'Date': 'Sat, 01 Jun 2024 12:26:02 GMT', 'Content-Type': 'application/json; charset=utf-8', 'Transfer-Encoding': 'chunked', 'Connection': 'keep-alive', 'X-Powered-By': 'Express', 'Access-Control-Allow-Origin': '*', 'Cache-Control': 'no-cache', 'ETag': 'W/"4a1-mY6UXqWJDFeuaH2ZCGsOseuBmag"', 'Vary': 'Accept-Encoding', 'Content-Encoding': 'gzip', 'CF-Cache-Status': 'DYNAMIC', 'Report-To': '{"endpoints":[{"url":"https:\\/\\/a.nel.cloudflare.com\\/report\\/v4?s=MdBRPtyfpnD55z2NxwM8Vgygn4s3eCYllNRGHv1OSRqMiflLV%2FAKC8T9fAqWjbfdXW8hX%2F3CmOkbMhfdvAx%2BPbLXUdFWmbnXW9uy0IGimtr0TqpZkeOTQDSM2JlZOYkw"}],"group":"cf-nel","max_age":604800}', 'NEL': '{"success_fraction":0,"report_to":"cf-nel","max_age":604800}', 'Server': 'cloudflare', 'CF-RAY': '88cf30960acb0623-IAD', 'alt-svc': 'h3=":443"; ma=86400'} 
 body={"results":[{"gender":"female","name":{"title":"Ms","first":"Milja","last":"Niska"},"location":{"street":{"number":5680,"name":"Pispalan Valtatie"},"city":"Merikarvia","state":"Northern Ostrobothnia","country":"Finland","postcode":16090,"coordinates":{"latitude":"-29.7734","longitude":"102.0418"},"timezone":{"offset":"+2:00","description":"Kaliningrad, South Africa"}},"email":"milja.niska@example.com","login":{"uuid":"9ae89986-129f-4a98-b658-a581c4f2c5cf","username":"orangeostrich432","password":"emma","salt":"iL8PKF7z","md5":"47ce3e553e017a261591bf198ed3d574","sha1":"22a79a5b813412fe5f1caa45782042921945e74c","sha256":"75c32d8ac102f542911baec016a145f68a8abb1edffc01c2feefe63e83ad26a1"},"dob":{"date":"1973-03-20T10:44:53.753Z","age":51},"registered":{"date":"2003-09-29T07:47:52.302Z","age":20},"phone":"04-917-379","cell":"045-935-56-94","id":{"name":"HETU","value":"NaNNA736undefined"},"picture":{"large":"https://randomuser.me/api/portraits/women/73.jpg","medium":"https://randomuser.me/api/portraits/med/women/73.jpg","thumbnail":"https://randomuser.me/api/portraits/thumb/women/73.jpg"},"nat":"FI"}],"info":{"seed":"008c8ae093d07e8b","results":1,"page":1,"version":"1.4"}} 
 </msg>
<msg time="2024-06-01T12:26:02.704759" level="INFO">/opt/hostedtoolcache/Python/3.12.3/x64/lib/python3.12/site-packages/urllib3/connectionpool.py:1103: InsecureRequestWarning: Unverified HTTPS request is being made to host 'randomuser.me'. Adding certificate verification is strongly advised. See: https://urllib3.readthedocs.io/en/latest/advanced-usage.html#tls-warnings
  warnings.warn(</msg>
<msg time="2024-06-01T12:26:02.704886" level="INFO">${response} = &lt;Response [200]&gt;</msg>
<var>${response}</var>
<arg>consultarAPI</arg>
<arg>/api</arg>
<doc>Sends a GET request on a previously created HTTP Session.</doc>
<status status="PASS" start="2024-06-01T12:26:02.562380" elapsed="0.142557"/>
</kw>
<kw name="Set Variable" owner="BuiltIn">
<msg time="2024-06-01T12:26:02.705880" level="INFO">${json_data} = {'results': [{'gender': 'female', 'name': {'title': 'Ms', 'first': 'Milja', 'last': 'Niska'}, 'location': {'street': {'number': 5680, 'name': 'Pispalan Valtatie'}, 'city': 'Merikarvia', 'state': 'Nort...</msg>
<var>${json_data}</var>
<arg>${response.json()}</arg>
<doc>Returns the given values which can then be assigned to a variables.</doc>
<status status="PASS" start="2024-06-01T12:26:02.705365" elapsed="0.000543"/>
</kw>
<kw name="Log" owner="BuiltIn">
<msg time="2024-06-01T12:26:02.706362" level="INFO">{'results': [{'gender': 'female', 'name': {'title': 'Ms', 'first': 'Milja', 'last': 'Niska'}, 'location': {'street': {'number': 5680, 'name': 'Pispalan Valtatie'}, 'city': 'Merikarvia', 'state': 'Northern Ostrobothnia', 'country': 'Finland', 'postcode': 16090, 'coordinates': {'latitude': '-29.7734', 'longitude': '102.0418'}, 'timezone': {'offset': '+2:00', 'description': 'Kaliningrad, South Africa'}}, 'email': 'milja.niska@example.com', 'login': {'uuid': '9ae89986-129f-4a98-b658-a581c4f2c5cf', 'username': 'orangeostrich432', 'password': 'emma', 'salt': 'iL8PKF7z', 'md5': '47ce3e553e017a261591bf198ed3d574', 'sha1': '22a79a5b813412fe5f1caa45782042921945e74c', 'sha256': '75c32d8ac102f542911baec016a145f68a8abb1edffc01c2feefe63e83ad26a1'}, 'dob': {'date': '1973-03-20T10:44:53.753Z', 'age': 51}, 'registered': {'date': '2003-09-29T07:47:52.302Z', 'age': 20}, 'phone': '04-917-379', 'cell': '045-935-56-94', 'id': {'name': 'HETU', 'value': 'NaNNA736undefined'}, 'picture': {'large': 'https://randomuser.me/api/portraits/women/73.jpg', 'medium': 'https://randomuser.me/api/portraits/med/women/73.jpg', 'thumbnail': 'https://randomuser.me/api/portraits/thumb/women/73.jpg'}, 'nat': 'FI'}], 'info': {'seed': '008c8ae093d07e8b', 'results': 1, 'page': 1, 'version': '1.4'}}</msg>
<arg>${json_data}</arg>
<doc>Logs the given message with the given level.</doc>
<status status="PASS" start="2024-06-01T12:26:02.706212" elapsed="0.000228"/>
</kw>
<kw name="Should Be String" owner="String">
<arg>${json_data['results'][0]['gender']}</arg>
<doc>Fails if the given ``item`` is not a string.</doc>
<status status="PASS" start="2024-06-01T12:26:02.706747" elapsed="0.000357"/>
</kw>
<kw name="Should Match Regexp" owner="BuiltIn">
<arg>${json_data['results'][0]['email']}</arg>
<arg>^[a-zA-Z0-9._%+-]+@[a-zA-Z0-9.-]+\.[a-zA-Z]{2,}$</arg>
<doc>Fails if ``string`` does not match ``pattern`` as a regular expression.</doc>
<status status="PASS" start="2024-06-01T12:26:02.707294" elapsed="0.000510"/>
</kw>
<kw name="Should Match Regexp" owner="BuiltIn">
<arg>${json_data['results'][0]['dob']['date']}</arg>
<arg>\\d{4}-\\d{2}-\\d{2}T\\d{2}:\\d{2}:\\d{2}\\.\\d{3}Z</arg>
<doc>Fails if ``string`` does not match ``pattern`` as a regular expression.</doc>
<status status="PASS" start="2024-06-01T12:26:02.708001" elapsed="0.000477"/>
</kw>
<kw name="Should Match Regexp" owner="BuiltIn">
<arg>${json_data['results'][0]['registered']['date']}</arg>
<arg>\\d{4}-\\d{2}-\\d{2}T\\d{2}:\\d{2}:\\d{2}\\.\\d{3}Z</arg>
<doc>Fails if ``string`` does not match ``pattern`` as a regular expression.</doc>
<status status="PASS" start="2024-06-01T12:26:02.708667" elapsed="0.000359"/>
</kw>
<kw name="Should Match Regexp" owner="BuiltIn">
<arg>${json_data['results'][0]['picture']['large']}</arg>
<arg>^https?://.*\.(?:png|jpe?g|gif|bmp)$</arg>
<doc>Fails if ``string`` does not match ``pattern`` as a regular expression.</doc>
<status status="PASS" start="2024-06-01T12:26:02.709211" elapsed="0.000481"/>
</kw>
<kw name="Should Match Regexp" owner="BuiltIn">
<arg>${json_data['results'][0]['picture']['medium']}</arg>
<arg>^https?://.*\.(?:png|jpe?g|gif|bmp)$</arg>
<doc>Fails if ``string`` does not match ``pattern`` as a regular expression.</doc>
<status status="PASS" start="2024-06-01T12:26:02.709890" elapsed="0.000351"/>
</kw>
<kw name="Should Match Regexp" owner="BuiltIn">
<arg>${json_data['results'][0]['picture']['thumbnail']}</arg>
<arg>^https?://.*\.(?:png|jpe?g|gif|bmp)$</arg>
<doc>Fails if ``string`` does not match ``pattern`` as a regular expression.</doc>
<status status="PASS" start="2024-06-01T12:26:02.710427" elapsed="0.000345"/>
</kw>
<kw name="Log" owner="BuiltIn">
<msg time="2024-06-01T12:26:02.711283" level="INFO">{'large': 'https://randomuser.me/api/portraits/women/73.jpg', 'medium': 'https://randomuser.me/api/portraits/med/women/73.jpg', 'thumbnail': 'https://randomuser.me/api/portraits/thumb/women/73.jpg'}</msg>
<arg>${json_data['results'][0]['picture']}</arg>
<doc>Logs the given message with the given level.</doc>
<status status="PASS" start="2024-06-01T12:26:02.710964" elapsed="0.000361"/>
</kw>
<status status="PASS" start="2024-06-01T12:26:02.562147" elapsed="0.149430"/>
</kw>
<kw name="Teste de Tipos de Dados - Postcode" owner="random-user-service">
<kw name="GET On Session" owner="RequestsLibrary">
<msg time="2024-06-01T12:26:02.792522" level="INFO">GET Request : url=https://randomuser.me/api 
 path_url=/api 
 headers={'User-Agent': 'python-requests/2.32.3', 'Accept-Encoding': 'gzip, deflate', 'Accept': '*/*', 'Connection': 'keep-alive'} 
 body=None 
 </msg>
<msg time="2024-06-01T12:26:02.792598" level="INFO">GET Response : url=https://randomuser.me/api 
 status=200, reason=OK 
 headers={'Date': 'Sat, 01 Jun 2024 12:26:02 GMT', 'Content-Type': 'application/json; charset=utf-8', 'Transfer-Encoding': 'chunked', 'Connection': 'keep-alive', 'X-Powered-By': 'Express', 'Access-Control-Allow-Origin': '*', 'Cache-Control': 'no-cache', 'ETag': 'W/"49e-MFRgzPvGOo07U7eOMgcz165ctB8"', 'Vary': 'Accept-Encoding', 'Content-Encoding': 'gzip', 'CF-Cache-Status': 'DYNAMIC', 'Report-To': '{"endpoints":[{"url":"https:\\/\\/a.nel.cloudflare.com\\/report\\/v4?s=63%2FK1L%2FcfzkGkE13%2Fsq20utVxTXNzAOlBE8Q4tlEtEHb5saoaLb0CVqwNLh9wV1G2lOFXSDMYt1Yq2nTGQbMhAmn5tmOFhzGSLZqR8DTgui9Xocae7lGECKPOIVeI8kR"}],"group":"cf-nel","max_age":604800}', 'NEL': '{"success_fraction":0,"report_to":"cf-nel","max_age":604800}', 'Server': 'cloudflare', 'CF-RAY': '88cf3096fb810623-IAD', 'alt-svc': 'h3=":443"; ma=86400'} 
 body={"results":[{"gender":"female","name":{"title":"Ms","first":"Dona","last":"Gamskar"},"location":{"street":{"number":6109,"name":"Gandhi Maidan Marg"},"city":"Tiruppur","state":"Uttar Pradesh","country":"India","postcode":88193,"coordinates":{"latitude":"8.9047","longitude":"27.5038"},"timezone":{"offset":"+9:00","description":"Tokyo, Seoul, Osaka, Sapporo, Yakutsk"}},"email":"dona.gamskar@example.com","login":{"uuid":"34dd95ff-deef-49dd-b039-149dc02d660d","username":"organicbutterfly369","password":"caesar","salt":"449MY28b","md5":"6fd6a250c833e696f4a7ae328c45a26f","sha1":"d66f0968cd7be8e6f36231f829c8b2e8470ac60e","sha256":"c9adaea8c3879e7be29b93fd3487142877458294c2269477047dce4dd27f501f"},"dob":{"date":"1976-08-05T02:52:12.060Z","age":47},"registered":{"date":"2019-08-23T14:16:14.347Z","age":4},"phone":"7184408206","cell":"7618027693","id":{"name":"UIDAI","value":"255677094057"},"picture":{"large":"https://randomuser.me/api/portraits/women/78.jpg","medium":"https://randomuser.me/api/portraits/med/women/78.jpg","thumbnail":"https://randomuser.me/api/portraits/thumb/women/78.jpg"},"nat":"IN"}],"info":{"seed":"8afbaddf13aac8b8","results":1,"page":1,"version":"1.4"}} 
 </msg>
<msg time="2024-06-01T12:26:02.792659" level="INFO">/opt/hostedtoolcache/Python/3.12.3/x64/lib/python3.12/site-packages/urllib3/connectionpool.py:1103: InsecureRequestWarning: Unverified HTTPS request is being made to host 'randomuser.me'. Adding certificate verification is strongly advised. See: https://urllib3.readthedocs.io/en/latest/advanced-usage.html#tls-warnings
  warnings.warn(</msg>
<msg time="2024-06-01T12:26:02.792765" level="INFO">${response} = &lt;Response [200]&gt;</msg>
<var>${response}</var>
<arg>consultarAPI</arg>
<arg>/api</arg>
<doc>Sends a GET request on a previously created HTTP Session.</doc>
<status status="PASS" start="2024-06-01T12:26:02.712014" elapsed="0.080793"/>
</kw>
<kw name="Set Variable" owner="BuiltIn">
<msg time="2024-06-01T12:26:02.793636" level="INFO">${json_data} = {'results': [{'gender': 'female', 'name': {'title': 'Ms', 'first': 'Dona', 'last': 'Gamskar'}, 'location': {'street': {'number': 6109, 'name': 'Gandhi Maidan Marg'}, 'city': 'Tiruppur', 'state': 'Utta...</msg>
<var>${json_data}</var>
<arg>${response.json()}</arg>
<doc>Returns the given values which can then be assigned to a variables.</doc>
<status status="PASS" start="2024-06-01T12:26:02.793157" elapsed="0.000520"/>
</kw>
<kw name="Log" owner="BuiltIn">
<msg time="2024-06-01T12:26:02.794158" level="INFO">{'results': [{'gender': 'female', 'name': {'title': 'Ms', 'first': 'Dona', 'last': 'Gamskar'}, 'location': {'street': {'number': 6109, 'name': 'Gandhi Maidan Marg'}, 'city': 'Tiruppur', 'state': 'Uttar Pradesh', 'country': 'India', 'postcode': 88193, 'coordinates': {'latitude': '8.9047', 'longitude': '27.5038'}, 'timezone': {'offset': '+9:00', 'description': 'Tokyo, Seoul, Osaka, Sapporo, Yakutsk'}}, 'email': 'dona.gamskar@example.com', 'login': {'uuid': '34dd95ff-deef-49dd-b039-149dc02d660d', 'username': 'organicbutterfly369', 'password': 'caesar', 'salt': '449MY28b', 'md5': '6fd6a250c833e696f4a7ae328c45a26f', 'sha1': 'd66f0968cd7be8e6f36231f829c8b2e8470ac60e', 'sha256': 'c9adaea8c3879e7be29b93fd3487142877458294c2269477047dce4dd27f501f'}, 'dob': {'date': '1976-08-05T02:52:12.060Z', 'age': 47}, 'registered': {'date': '2019-08-23T14:16:14.347Z', 'age': 4}, 'phone': '7184408206', 'cell': '7618027693', 'id': {'name': 'UIDAI', 'value': '255677094057'}, 'picture': {'large': 'https://randomuser.me/api/portraits/women/78.jpg', 'medium': 'https://randomuser.me/api/portraits/med/women/78.jpg', 'thumbnail': 'https://randomuser.me/api/portraits/thumb/women/78.jpg'}, 'nat': 'IN'}], 'info': {'seed': '8afbaddf13aac8b8', 'results': 1, 'page': 1, 'version': '1.4'}}</msg>
<arg>${json_data}</arg>
<doc>Logs the given message with the given level.</doc>
<status status="PASS" start="2024-06-01T12:26:02.794002" elapsed="0.000233"/>
</kw>
<kw name="Should Be Equal As Numbers" owner="BuiltIn">
<arg>${json_data['results'][0]['location']['postcode']}</arg>
<arg>${json_data['results'][0]['location']['postcode']}</arg>
<doc>Fails if objects are unequal after converting them to real numbers.</doc>
<status status="PASS" start="2024-06-01T12:26:02.794536" elapsed="0.000745"/>
</kw>
<kw name="Log" owner="BuiltIn">
<msg time="2024-06-01T12:26:02.795838" level="INFO">88193</msg>
<arg>${json_data['results'][0]['location']['postcode']}</arg>
<doc>Logs the given message with the given level.</doc>
<status status="PASS" start="2024-06-01T12:26:02.795476" elapsed="0.000404"/>
</kw>
<status status="PASS" start="2024-06-01T12:26:02.711792" elapsed="0.084352"/>
</kw>
<doc>Testa se os tipos de dados na resposta da API estão corretos.</doc>
<tag>testeTiposDados</tag>
<status status="PASS" start="2024-06-01T12:26:02.561573" elapsed="0.234732"/>
</test>
<test id="s1-s1-t5" name="Validar conteudo" line="35">
<kw name="Teste de Tipos de Conteudo" owner="random-user-service">
<kw name="GET On Session" owner="RequestsLibrary">
<msg time="2024-06-01T12:26:02.846348" level="INFO">GET Request : url=https://randomuser.me/api 
 path_url=/api 
 headers={'User-Agent': 'python-requests/2.32.3', 'Accept-Encoding': 'gzip, deflate', 'Accept': '*/*', 'Connection': 'keep-alive'} 
 body=None 
 </msg>
<msg time="2024-06-01T12:26:02.846426" level="INFO">GET Response : url=https://randomuser.me/api 
 status=200, reason=OK 
 headers={'Date': 'Sat, 01 Jun 2024 12:26:02 GMT', 'Content-Type': 'application/json; charset=utf-8', 'Transfer-Encoding': 'chunked', 'Connection': 'keep-alive', 'X-Powered-By': 'Express', 'Access-Control-Allow-Origin': '*', 'Cache-Control': 'no-cache', 'ETag': 'W/"494-c3eee+Yjjs3L7MOAC6qJtyf3qLI"', 'Vary': 'Accept-Encoding', 'Content-Encoding': 'gzip', 'CF-Cache-Status': 'DYNAMIC', 'Report-To': '{"endpoints":[{"url":"https:\\/\\/a.nel.cloudflare.com\\/report\\/v4?s=0w%2BUVRSr4DhYljbHSiIKXB9X2XpPfL8lwPhmvUjLqJdGlJiNafzITo42kgvdWa1XjRKovgIUCwR6pLOt1rm7BcABxvbzpur9l5AZJd2b91xFS6RTxzY3Uzf1HA89CMaQ"}],"group":"cf-nel","max_age":604800}', 'NEL': '{"success_fraction":0,"report_to":"cf-nel","max_age":604800}', 'Server': 'cloudflare', 'CF-RAY': '88cf30978bff0623-IAD', 'alt-svc': 'h3=":443"; ma=86400'} 
 body={"results":[{"gender":"female","name":{"title":"Miss","first":"Alma","last":"Poulsen"},"location":{"street":{"number":5577,"name":"Nykøbingvej"},"city":"Sandved","state":"Midtjylland","country":"Denmark","postcode":23560,"coordinates":{"latitude":"-39.5739","longitude":"62.1939"},"timezone":{"offset":"-6:00","description":"Central Time (US &amp; Canada), Mexico City"}},"email":"alma.poulsen@example.com","login":{"uuid":"0d4389b5-283c-464b-a2cd-58b0e706f63c","username":"ticklishgoose574","password":"sergio","salt":"GoWypSAi","md5":"388e94460f8ff73f40aff9209319494e","sha1":"4a6525c0578ea64c7ca79abf829791cb53695793","sha256":"9d561dc2e5f4b20a5605859c4ee002bf39ceec2c7a2fa2ea9ff264affe71592c"},"dob":{"date":"1984-06-17T20:00:35.666Z","age":39},"registered":{"date":"2003-06-16T18:00:15.616Z","age":20},"phone":"40494270","cell":"75845027","id":{"name":"CPR","value":"170684-6913"},"picture":{"large":"https://randomuser.me/api/portraits/women/87.jpg","medium":"https://randomuser.me/api/portraits/med/women/87.jpg","thumbnail":"https://randomuser.me/api/portraits/thumb/women/87.jpg"},"nat":"DK"}],"info":{"seed":"a31009f65194222d","results":1,"page":1,"version":"1.4"}} 
 </msg>
<msg time="2024-06-01T12:26:02.846501" level="INFO">/opt/hostedtoolcache/Python/3.12.3/x64/lib/python3.12/site-packages/urllib3/connectionpool.py:1103: InsecureRequestWarning: Unverified HTTPS request is being made to host 'randomuser.me'. Adding certificate verification is strongly advised. See: https://urllib3.readthedocs.io/en/latest/advanced-usage.html#tls-warnings
  warnings.warn(</msg>
<msg time="2024-06-01T12:26:02.846629" level="INFO">${response} = &lt;Response [200]&gt;</msg>
<var>${response}</var>
<arg>consultarAPI</arg>
<arg>/api</arg>
<doc>Sends a GET request on a previously created HTTP Session.</doc>
<status status="PASS" start="2024-06-01T12:26:02.798774" elapsed="0.047905"/>
</kw>
<kw name="Set Variable" owner="BuiltIn">
<msg time="2024-06-01T12:26:02.847642" level="INFO">${json_data} = {'results': [{'gender': 'female', 'name': {'title': 'Miss', 'first': 'Alma', 'last': 'Poulsen'}, 'location': {'street': {'number': 5577, 'name': 'Nykøbingvej'}, 'city': 'Sandved', 'state': 'Midtjyllan...</msg>
<var>${json_data}</var>
<arg>${response.json()}</arg>
<doc>Returns the given values which can then be assigned to a variables.</doc>
<status status="PASS" start="2024-06-01T12:26:02.847163" elapsed="0.000508"/>
</kw>
<kw name="Set Variable" owner="BuiltIn">
<msg time="2024-06-01T12:26:02.848354" level="INFO">${name_title} = Miss</msg>
<var>${name_title}</var>
<arg>${json_data["results"][0]["name"]["title"]}</arg>
<doc>Returns the given values which can then be assigned to a variables.</doc>
<status status="PASS" start="2024-06-01T12:26:02.847979" elapsed="0.000401"/>
</kw>
<kw name="Create List" owner="BuiltIn">
<msg time="2024-06-01T12:26:02.848836" level="INFO">${allowed_titles} = ['Mr', 'Ms', 'Miss', 'Mrs', 'Madame', 'Monsieur']</msg>
<var>${allowed_titles}</var>
<arg>Mr</arg>
<arg>Ms</arg>
<arg>Miss</arg>
<arg>Mrs</arg>
<arg>Madame</arg>
<arg>Monsieur</arg>
<doc>Returns a list containing given items.</doc>
<status status="PASS" start="2024-06-01T12:26:02.848686" elapsed="0.000175"/>
</kw>
<kw name="List Should Contain Value" owner="Collections">
<msg time="2024-06-01T12:26:02.849343" level="INFO">False</msg>
<arg>${allowed_titles}</arg>
<arg>${name_title}</arg>
<doc>Fails if the ``value`` is not found from ``list``.</doc>
<status status="PASS" start="2024-06-01T12:26:02.849168" elapsed="0.000211"/>
</kw>
<kw name="Set Variable" owner="BuiltIn">
<msg time="2024-06-01T12:26:02.850104" level="INFO">${name_country} = DK</msg>
<var>${name_country}</var>
<arg>${json_data["results"][0]["nat"]}</arg>
<doc>Returns the given values which can then be assigned to a variables.</doc>
<status status="PASS" start="2024-06-01T12:26:02.849723" elapsed="0.000406"/>
</kw>
<kw name="Create List" owner="BuiltIn">
<msg time="2024-06-01T12:26:02.851030" level="INFO">${list_country} = ['AD', 'AE', 'AF', 'AG', 'AI', 'AL', 'AM', 'AO', 'AQ', 'AR', 'AS', 'AT', 'AU', 'AW', 'AX', 'AZ', 'BA', 'BB', 'BD', 'BE', 'BF', 'BG', 'BH', 'BI', 'BJ', 'BL', 'BM', 'BN', 'BO', 'BQ', 'BR', 'BS', 'BT', '...</msg>
<var>${list_country}</var>
<arg>AD</arg>
<arg>AE</arg>
<arg>AF</arg>
<arg>AG</arg>
<arg>AI</arg>
<arg>AL</arg>
<arg>AM</arg>
<arg>AO</arg>
<arg>AQ</arg>
<arg>AR</arg>
<arg>AS</arg>
<arg>AT</arg>
<arg>AU</arg>
<arg>AW</arg>
<arg>AX</arg>
<arg>AZ</arg>
<arg>BA</arg>
<arg>BB</arg>
<arg>BD</arg>
<arg>BE</arg>
<arg>BF</arg>
<arg>BG</arg>
<arg>BH</arg>
<arg>BI</arg>
<arg>BJ</arg>
<arg>BL</arg>
<arg>BM</arg>
<arg>BN</arg>
<arg>BO</arg>
<arg>BQ</arg>
<arg>BR</arg>
<arg>BS</arg>
<arg>BT</arg>
<arg>BV</arg>
<arg>BW</arg>
<arg>BY</arg>
<arg>BZ</arg>
<arg>CA</arg>
<arg>CC</arg>
<arg>CD</arg>
<arg>CF</arg>
<arg>CG</arg>
<arg>CH</arg>
<arg>CI</arg>
<arg>CK</arg>
<arg>CL</arg>
<arg>CM</arg>
<arg>CN</arg>
<arg>CO</arg>
<arg>CR</arg>
<arg>CU</arg>
<arg>CV</arg>
<arg>CW</arg>
<arg>CX</arg>
<arg>CY</arg>
<arg>CZ</arg>
<arg>DE</arg>
<arg>DJ</arg>
<arg>DK</arg>
<arg>DM</arg>
<arg>DO</arg>
<arg>DZ</arg>
<arg>EC</arg>
<arg>EE</arg>
<arg>EG</arg>
<arg>EH</arg>
<arg>ER</arg>
<arg>ES</arg>
<arg>ET</arg>
<arg>FI</arg>
<arg>FJ</arg>
<arg>FK</arg>
<arg>FM</arg>
<arg>FO</arg>
<arg>FR</arg>
<arg>GA</arg>
<arg>GB</arg>
<arg>GD</arg>
<arg>GE</arg>
<arg>GF</arg>
<arg>GG</arg>
<arg>GH</arg>
<arg>GI</arg>
<arg>GL</arg>
<arg>GM</arg>
<arg>GN</arg>
<arg>GP</arg>
<arg>GQ</arg>
<arg>GR</arg>
<arg>GS</arg>
<arg>GT</arg>
<arg>GU</arg>
<arg>GW</arg>
<arg>GY</arg>
<arg>HK</arg>
<arg>HM</arg>
<arg>HN</arg>
<arg>HR</arg>
<arg>HT</arg>
<arg>HU</arg>
<arg>ID</arg>
<arg>IE</arg>
<arg>IL</arg>
<arg>IM</arg>
<arg>IN</arg>
<arg>IO</arg>
<arg>IQ</arg>
<arg>IR</arg>
<arg>IS</arg>
<arg>IT</arg>
<arg>JE</arg>
<arg>JM</arg>
<arg>JO</arg>
<arg>JP</arg>
<arg>KE</arg>
<arg>KG</arg>
<arg>KH</arg>
<arg>KI</arg>
<arg>KM</arg>
<arg>KN</arg>
<arg>KP</arg>
<arg>KR</arg>
<arg>KW</arg>
<arg>KY</arg>
<arg>KZ</arg>
<arg>LA</arg>
<arg>LB</arg>
<arg>LC</arg>
<arg>LI</arg>
<arg>LK</arg>
<arg>LR</arg>
<arg>LS</arg>
<arg>LT</arg>
<arg>LU</arg>
<arg>LV</arg>
<arg>LY</arg>
<arg>MA</arg>
<arg>MC</arg>
<arg>MD</arg>
<arg>ME</arg>
<arg>MF</arg>
<arg>MG</arg>
<arg>MH</arg>
<arg>MK</arg>
<arg>ML</arg>
<arg>MM</arg>
<arg>MN</arg>
<arg>MO</arg>
<arg>MP</arg>
<arg>MQ</arg>
<arg>MR</arg>
<arg>MS</arg>
<arg>MT</arg>
<arg>MU</arg>
<arg>MV</arg>
<arg>MW</arg>
<arg>MX</arg>
<arg>MY</arg>
<arg>MZ</arg>
<arg>NA</arg>
<arg>NC</arg>
<arg>NE</arg>
<arg>NF</arg>
<arg>NG</arg>
<arg>NI</arg>
<arg>NL</arg>
<arg>NO</arg>
<arg>NP</arg>
<arg>NR</arg>
<arg>NU</arg>
<arg>NZ</arg>
<arg>OM</arg>
<arg>PA</arg>
<arg>PE</arg>
<arg>PF</arg>
<arg>PG</arg>
<arg>PH</arg>
<arg>PK</arg>
<arg>PL</arg>
<arg>PM</arg>
<arg>PN</arg>
<arg>PR</arg>
<arg>PS</arg>
<arg>PT</arg>
<arg>PW</arg>
<arg>PY</arg>
<arg>QA</arg>
<arg>RE</arg>
<arg>RO</arg>
<arg>RS</arg>
<arg>RU</arg>
<arg>RW</arg>
<arg>SA</arg>
<arg>SB</arg>
<arg>SC</arg>
<arg>SD</arg>
<arg>SE</arg>
<arg>SG</arg>
<arg>SH</arg>
<arg>SI</arg>
<arg>SJ</arg>
<arg>SK</arg>
<arg>SL</arg>
<arg>SM</arg>
<arg>SN</arg>
<arg>SO</arg>
<arg>SR</arg>
<arg>SS</arg>
<arg>ST</arg>
<arg>SV</arg>
<arg>SX</arg>
<arg>SY</arg>
<arg>SZ</arg>
<arg>TC</arg>
<arg>TD</arg>
<arg>TF</arg>
<arg>TG</arg>
<arg>TH</arg>
<arg>TJ</arg>
<arg>TK</arg>
<arg>TL</arg>
<arg>TM</arg>
<arg>TN</arg>
<arg>TO</arg>
<arg>TR</arg>
<arg>TT</arg>
<arg>TV</arg>
<arg>TW</arg>
<arg>TZ</arg>
<arg>UA</arg>
<arg>UG</arg>
<arg>UM</arg>
<arg>US</arg>
<arg>UY</arg>
<arg>UZ</arg>
<arg>VA</arg>
<arg>VC</arg>
<arg>VE</arg>
<arg>VG</arg>
<arg>VI</arg>
<arg>VN</arg>
<arg>VU</arg>
<arg>WF</arg>
<arg>WS</arg>
<arg>XK</arg>
<arg>YE</arg>
<arg>YT</arg>
<arg>ZA</arg>
<arg>ZM</arg>
<arg>ZW</arg>
<doc>Returns a list containing given items.</doc>
<status status="PASS" start="2024-06-01T12:26:02.850431" elapsed="0.000624"/>
</kw>
<kw name="List Should Contain Value" owner="Collections">
<msg time="2024-06-01T12:26:02.852058" level="INFO">False</msg>
<arg>${list_country}</arg>
<arg>${name_country}</arg>
<doc>Fails if the ``value`` is not found from ``list``.</doc>
<status status="PASS" start="2024-06-01T12:26:02.851849" elapsed="0.000246"/>
</kw>
<kw name="Run Keyword If" owner="BuiltIn">
<kw name="Should Be True" owner="BuiltIn">
<arg>${True}</arg>
<doc>Fails if the given condition is not true.</doc>
<status status="PASS" start="2024-06-01T12:26:02.853145" elapsed="0.000144"/>
</kw>
<arg>${json_data["results"][0]["location"]["coordinates"]["latitude"]} &gt;= -90 and ${json_data["results"][0]["location"]["coordinates"]["latitude"]} &lt;= 90</arg>
<arg>Should Be True</arg>
<arg>${True}</arg>
<doc>Runs the given keyword with the given arguments, if ``condition`` is true.</doc>
<status status="PASS" start="2024-06-01T12:26:02.852408" elapsed="0.001008"/>
</kw>
<kw name="Run Keyword If" owner="BuiltIn">
<kw name="Should Be True" owner="BuiltIn">
<arg>${True}</arg>
<doc>Fails if the given condition is not true.</doc>
<status status="PASS" start="2024-06-01T12:26:02.854316" elapsed="0.000240"/>
</kw>
<arg>${json_data["results"][0]["location"]["coordinates"]["longitude"]} &gt;= -180 and ${json_data["results"][0]["location"]["coordinates"]["longitude"]} &lt;= 180</arg>
<arg>Should Be True</arg>
<arg>${True}</arg>
<doc>Runs the given keyword with the given arguments, if ``condition`` is true.</doc>
<status status="PASS" start="2024-06-01T12:26:02.853622" elapsed="0.001058"/>
</kw>
<status status="PASS" start="2024-06-01T12:26:02.798546" elapsed="0.056264"/>
</kw>
<doc>Testa o conteúdo específico dos campos retornados pela API.</doc>
<tag>testeConteudo</tag>
<status status="PASS" start="2024-06-01T12:26:02.798019" elapsed="0.056930"/>
</test>
<status status="PASS" start="2024-06-01T12:26:01.611200" elapsed="1.245594"/>
</suite>
<status status="PASS" start="2024-06-01T12:26:01.597734" elapsed="1.264176"/>
</suite>
<statistics>
<total>
<stat pass="5" fail="0" skip="0">All Tests</stat>
</total>
<tag>
<stat pass="1" fail="0" skip="0">testeConteudo</stat>
<stat pass="1" fail="0" skip="0">testeEstruturaResposta</stat>
<stat pass="1" fail="0" skip="0">testeRequisicaoBasica</stat>
<stat pass="1" fail="0" skip="0">testeTiposDados</stat>
</tag>
<suite>
<stat pass="5" fail="0" skip="0" id="s1" name="Tests">Tests</stat>
<stat pass="5" fail="0" skip="0" id="s1-s1" name="Random-User-Test">Tests.Random-User-Test</stat>
</suite>
</statistics>
<errors>
</errors>
</robot>
