<?xml version="1.0" encoding="UTF-8"?>
<robot generator="Robot 7.0.1 (Python 3.12.4 on linux)" generated="2024-08-08T21:14:37.885562" rpa="false" schemaversion="5">
<suite id="s1" name="Tests" source="/home/runner/work/ApiRandomUser/ApiRandomUser/RamdonUser/tests">
<suite id="s1-s1" name="Random-User-Test" source="/home/runner/work/ApiRandomUser/ApiRandomUser/RamdonUser/tests/random-user-test.robot">
<test id="s1-s1-t1" name="Conectar" line="13">
<kw name="Conectar API" owner="random-user-service">
<kw name="Create Session" owner="RequestsLibrary">
<msg time="2024-08-08T21:14:38.303685" level="INFO">Creating Session using : alias=consultarAPI, url=https://randomuser.me/, headers={},                     cookies={}, auth=None, timeout=None, proxies=None, verify=False,                     debug=0 </msg>
<arg>consultarAPI</arg>
<arg>${URL}</arg>
<doc>Create Session: create a HTTP session to a server</doc>
<status status="PASS" start="2024-08-08T21:14:38.303471" elapsed="0.000396"/>
</kw>
<status status="PASS" start="2024-08-08T21:14:38.302397" elapsed="0.001833"/>
</kw>
<status status="PASS" start="2024-08-08T21:14:38.301806" elapsed="0.002618"/>
</test>
<test id="s1-s1-t2" name="Validar retorno 200 e JSON Válido" line="16">
<kw name="Teste de Requisicao Basica" owner="random-user-service">
<kw name="GET On Session" owner="RequestsLibrary">
<msg time="2024-08-08T21:14:38.403390" level="INFO">GET Request : url=https://randomuser.me/api 
 path_url=/api 
 headers={'User-Agent': 'python-requests/2.32.3', 'Accept-Encoding': 'gzip, deflate', 'Accept': '*/*', 'Connection': 'keep-alive'} 
 body=None 
 </msg>
<msg time="2024-08-08T21:14:38.403554" level="INFO">GET Response : url=https://randomuser.me/api 
 status=200, reason=OK 
 headers={'Date': 'Thu, 08 Aug 2024 21:14:38 GMT', 'Content-Type': 'application/json; charset=utf-8', 'Transfer-Encoding': 'chunked', 'Connection': 'keep-alive', 'X-Powered-By': 'Express', 'Access-Control-Allow-Origin': '*', 'Cache-Control': 'no-cache', 'ETag': 'W/"47e-4l3Q50htbrNFSWLaojUsJ3lEu9Q"', 'Vary': 'Accept-Encoding', 'Content-Encoding': 'gzip', 'CF-Cache-Status': 'DYNAMIC', 'Report-To': '{"endpoints":[{"url":"https:\\/\\/a.nel.cloudflare.com\\/report\\/v4?s=6A6yAspKoppPC89vqJ2SVsdLHPLbo7IEoYRcyHBNBplci1ZptZeW1QP7f%2B3yNlBAhb6DHjpCSRS%2FnC%2BRDIjgG%2BRYxv07O0VLjk6QEha3BaUH9EyQaFXBZvcSLt1b6w2q"}],"group":"cf-nel","max_age":604800}', 'NEL': '{"success_fraction":0,"report_to":"cf-nel","max_age":604800}', 'Server': 'cloudflare', 'CF-RAY': '8b028465aace615a-ORD', 'alt-svc': 'h3=":443"; ma=86400'} 
 body={"results":[{"gender":"male","name":{"title":"Mr","first":"Theo","last":"White"},"location":{"street":{"number":8546,"name":"Oxford Terrace"},"city":"Rotorua","state":"Manawatu-Wanganui","country":"New Zealand","postcode":49385,"coordinates":{"latitude":"53.0455","longitude":"-154.1411"},"timezone":{"offset":"-8:00","description":"Pacific Time (US &amp; Canada)"}},"email":"theo.white@example.com","login":{"uuid":"ed2dab57-aec1-4be1-84cd-afc144f58d33","username":"smallswan706","password":"doofus","salt":"N7VgS6gp","md5":"10ecaaeee5cf864c5b1f6d69a2ff6924","sha1":"c83830e72ceb7261d5340fd56623a8ea12808fc4","sha256":"330277413b81b4a5a99e2342b5ed6d681b2a5917d13533e4018353b439ab5178"},"dob":{"date":"1999-04-06T16:32:23.978Z","age":25},"registered":{"date":"2017-10-05T19:19:22.589Z","age":6},"phone":"(229)-358-1293","cell":"(003)-571-6182","id":{"name":"","value":null},"picture":{"large":"https://randomuser.me/api/portraits/men/8.jpg","medium":"https://randomuser.me/api/portraits/med/men/8.jpg","thumbnail":"https://randomuser.me/api/portraits/thumb/men/8.jpg"},"nat":"NZ"}],"info":{"seed":"e9f983e899405740","results":1,"page":1,"version":"1.4"}} 
 </msg>
<msg time="2024-08-08T21:14:38.403652" level="INFO">/opt/hostedtoolcache/Python/3.12.4/x64/lib/python3.12/site-packages/urllib3/connectionpool.py:1099: InsecureRequestWarning: Unverified HTTPS request is being made to host 'randomuser.me'. Adding certificate verification is strongly advised. See: https://urllib3.readthedocs.io/en/latest/advanced-usage.html#tls-warnings
  warnings.warn(</msg>
<msg time="2024-08-08T21:14:38.403815" level="INFO">${response} = &lt;Response [200]&gt;</msg>
<var>${response}</var>
<arg>consultarAPI</arg>
<arg>/api</arg>
<doc>Sends a GET request on a previously created HTTP Session.</doc>
<status status="PASS" start="2024-08-08T21:14:38.307039" elapsed="0.096821"/>
</kw>
<kw name="Should Be Equal As Numbers" owner="BuiltIn">
<msg time="2024-08-08T21:14:38.404873" level="INFO">Argument types are:
&lt;class 'int'&gt;
&lt;class 'str'&gt;</msg>
<arg>${response.status_code}</arg>
<arg>200</arg>
<doc>Fails if objects are unequal after converting them to real numbers.</doc>
<status status="PASS" start="2024-08-08T21:14:38.404359" elapsed="0.000580"/>
</kw>
<kw name="Log" owner="BuiltIn">
<msg time="2024-08-08T21:14:38.405624" level="INFO">200</msg>
<arg>${response.status_code}</arg>
<doc>Logs the given message with the given level.</doc>
<status status="PASS" start="2024-08-08T21:14:38.405260" elapsed="0.000445"/>
</kw>
<kw name="Set Variable" owner="BuiltIn">
<msg time="2024-08-08T21:14:38.406467" level="INFO">${json_data} = {'results': [{'gender': 'male', 'name': {'title': 'Mr', 'first': 'Theo', 'last': 'White'}, 'location': {'street': {'number': 8546, 'name': 'Oxford Terrace'}, 'city': 'Rotorua', 'state': 'Manawatu-Wang...</msg>
<var>${json_data}</var>
<arg>${response.json()}</arg>
<doc>Returns the given values which can then be assigned to a variables.</doc>
<status status="PASS" start="2024-08-08T21:14:38.406029" elapsed="0.000468"/>
</kw>
<kw name="Dictionary Should Contain Key" owner="Collections">
<arg>${json_data}</arg>
<arg>results</arg>
<doc>Fails if ``key`` is not found from ``dictionary``.</doc>
<status status="PASS" start="2024-08-08T21:14:38.406808" elapsed="0.000327"/>
</kw>
<status status="PASS" start="2024-08-08T21:14:38.306796" elapsed="0.100497"/>
</kw>
<doc>Testa se a API responde corretamente e retorna um objeto JSON válido.</doc>
<tag>testeRequisicaoBasica</tag>
<status status="PASS" start="2024-08-08T21:14:38.306343" elapsed="0.101132"/>
</test>
<test id="s1-s1-t3" name="Validar estrutura de resposta" line="22">
<kw name="Teste de Estrutura de Resposta" owner="random-user-service">
<kw name="GET On Session" owner="RequestsLibrary">
<msg time="2024-08-08T21:14:38.498802" level="INFO">GET Request : url=https://randomuser.me/api 
 path_url=/api 
 headers={'User-Agent': 'python-requests/2.32.3', 'Accept-Encoding': 'gzip, deflate', 'Accept': '*/*', 'Connection': 'keep-alive'} 
 body=None 
 </msg>
<msg time="2024-08-08T21:14:38.498886" level="INFO">GET Response : url=https://randomuser.me/api 
 status=200, reason=OK 
 headers={'Date': 'Thu, 08 Aug 2024 21:14:38 GMT', 'Content-Type': 'application/json; charset=utf-8', 'Transfer-Encoding': 'chunked', 'Connection': 'keep-alive', 'X-Powered-By': 'Express', 'Access-Control-Allow-Origin': '*', 'Cache-Control': 'no-cache', 'ETag': 'W/"48b-4y7OOnQZ9DFDMD+7O2a2501bdvM"', 'Vary': 'Accept-Encoding', 'Content-Encoding': 'gzip', 'CF-Cache-Status': 'DYNAMIC', 'Report-To': '{"endpoints":[{"url":"https:\\/\\/a.nel.cloudflare.com\\/report\\/v4?s=zJu7lg%2BNCrmMWfFabmOHAMkcNl7eUXCXWtj8f4j8HNnhsxVYnKjcQBSDdRjvGyMpsmqUjEvfcLFdminG4jKTCLhXweJ2rNpik15KbTZidD%2FQq3uCBamEhXCkizrcv%2BEO"}],"group":"cf-nel","max_age":604800}', 'NEL': '{"success_fraction":0,"report_to":"cf-nel","max_age":604800}', 'Server': 'cloudflare', 'CF-RAY': '8b0284661b75615a-ORD', 'alt-svc': 'h3=":443"; ma=86400'} 
 body={"results":[{"gender":"male","name":{"title":"Mr","first":"Daniel","last":"Hamilton"},"location":{"street":{"number":3935,"name":"Patrick Street"},"city":"Bandon","state":"Louth","country":"Ireland","postcode":85325,"coordinates":{"latitude":"-3.1433","longitude":"-115.3608"},"timezone":{"offset":"-6:00","description":"Central Time (US &amp; Canada), Mexico City"}},"email":"daniel.hamilton@example.com","login":{"uuid":"3536a19d-7bef-4950-819a-99c0900a98ee","username":"purplemouse613","password":"arlene","salt":"CQ69KwaW","md5":"6fa548d85c6ee3c8210e07bd0e8ae06a","sha1":"715a6ccd0d52ca59ffd3454ad800b55a2f150139","sha256":"295c5a48552d9651c5bb72a883dbb48f3b5d2a864c41464c492692197b808ec9"},"dob":{"date":"1976-10-18T21:56:05.734Z","age":47},"registered":{"date":"2017-09-10T18:24:59.200Z","age":6},"phone":"041-006-6589","cell":"081-147-2737","id":{"name":"PPS","value":"8486078T"},"picture":{"large":"https://randomuser.me/api/portraits/men/6.jpg","medium":"https://randomuser.me/api/portraits/med/men/6.jpg","thumbnail":"https://randomuser.me/api/portraits/thumb/men/6.jpg"},"nat":"IE"}],"info":{"seed":"6bce62efbb40ecd9","results":1,"page":1,"version":"1.4"}} 
 </msg>
<msg time="2024-08-08T21:14:38.499001" level="INFO">/opt/hostedtoolcache/Python/3.12.4/x64/lib/python3.12/site-packages/urllib3/connectionpool.py:1099: InsecureRequestWarning: Unverified HTTPS request is being made to host 'randomuser.me'. Adding certificate verification is strongly advised. See: https://urllib3.readthedocs.io/en/latest/advanced-usage.html#tls-warnings
  warnings.warn(</msg>
<msg time="2024-08-08T21:14:38.499121" level="INFO">${response} = &lt;Response [200]&gt;</msg>
<var>${response}</var>
<arg>consultarAPI</arg>
<arg>/api</arg>
<doc>Sends a GET request on a previously created HTTP Session.</doc>
<status status="PASS" start="2024-08-08T21:14:38.410476" elapsed="0.088687"/>
</kw>
<kw name="Set Variable" owner="BuiltIn">
<msg time="2024-08-08T21:14:38.500011" level="INFO">${json_data} = {'results': [{'gender': 'male', 'name': {'title': 'Mr', 'first': 'Daniel', 'last': 'Hamilton'}, 'location': {'street': {'number': 3935, 'name': 'Patrick Street'}, 'city': 'Bandon', 'state': 'Louth', '...</msg>
<var>${json_data}</var>
<arg>${response.json()}</arg>
<doc>Returns the given values which can then be assigned to a variables.</doc>
<status status="PASS" start="2024-08-08T21:14:38.499536" elapsed="0.000505"/>
</kw>
<kw name="Log" owner="BuiltIn">
<msg time="2024-08-08T21:14:38.500507" level="INFO">{'results': [{'gender': 'male', 'name': {'title': 'Mr', 'first': 'Daniel', 'last': 'Hamilton'}, 'location': {'street': {'number': 3935, 'name': 'Patrick Street'}, 'city': 'Bandon', 'state': 'Louth', 'country': 'Ireland', 'postcode': 85325, 'coordinates': {'latitude': '-3.1433', 'longitude': '-115.3608'}, 'timezone': {'offset': '-6:00', 'description': 'Central Time (US &amp; Canada), Mexico City'}}, 'email': 'daniel.hamilton@example.com', 'login': {'uuid': '3536a19d-7bef-4950-819a-99c0900a98ee', 'username': 'purplemouse613', 'password': 'arlene', 'salt': 'CQ69KwaW', 'md5': '6fa548d85c6ee3c8210e07bd0e8ae06a', 'sha1': '715a6ccd0d52ca59ffd3454ad800b55a2f150139', 'sha256': '295c5a48552d9651c5bb72a883dbb48f3b5d2a864c41464c492692197b808ec9'}, 'dob': {'date': '1976-10-18T21:56:05.734Z', 'age': 47}, 'registered': {'date': '2017-09-10T18:24:59.200Z', 'age': 6}, 'phone': '041-006-6589', 'cell': '081-147-2737', 'id': {'name': 'PPS', 'value': '8486078T'}, 'picture': {'large': 'https://randomuser.me/api/portraits/men/6.jpg', 'medium': 'https://randomuser.me/api/portraits/med/men/6.jpg', 'thumbnail': 'https://randomuser.me/api/portraits/thumb/men/6.jpg'}, 'nat': 'IE'}], 'info': {'seed': '6bce62efbb40ecd9', 'results': 1, 'page': 1, 'version': '1.4'}}</msg>
<arg>${json_data}</arg>
<doc>Logs the given message with the given level.</doc>
<status status="PASS" start="2024-08-08T21:14:38.500349" elapsed="0.000209"/>
</kw>
<kw name="Dictionary Should Contain Key" owner="Collections">
<arg>${json_data}</arg>
<arg>results</arg>
<doc>Fails if ``key`` is not found from ``dictionary``.</doc>
<status status="PASS" start="2024-08-08T21:14:38.500854" elapsed="0.000163"/>
</kw>
<kw name="Should Not Be Empty" owner="BuiltIn">
<msg time="2024-08-08T21:14:38.501328" level="INFO">Length is 2.</msg>
<arg>${json_data}</arg>
<doc>Verifies that the given item is not empty.</doc>
<status status="PASS" start="2024-08-08T21:14:38.501201" elapsed="0.000166"/>
</kw>
<kw name="Create List" owner="BuiltIn">
<msg time="2024-08-08T21:14:38.501860" level="INFO">${expected_keys} = ['gender', 'name', 'location', 'email', 'login']</msg>
<var>${expected_keys}</var>
<arg>gender</arg>
<arg>name</arg>
<arg>location</arg>
<arg>email</arg>
<arg>login</arg>
<doc>Returns a list containing given items.</doc>
<status status="PASS" start="2024-08-08T21:14:38.501687" elapsed="0.000197"/>
</kw>
<for flavor="IN">
<iter>
<kw name="Dictionary Should Contain Key" owner="Collections">
<arg>${json_data['results'][0]}</arg>
<arg>${key}</arg>
<doc>Fails if ``key`` is not found from ``dictionary``.</doc>
<status status="PASS" start="2024-08-08T21:14:38.502463" elapsed="0.000408"/>
</kw>
<kw name="Log" owner="BuiltIn">
<msg time="2024-08-08T21:14:38.503420" level="INFO">{'gender': 'male', 'name': {'title': 'Mr', 'first': 'Daniel', 'last': 'Hamilton'}, 'location': {'street': {'number': 3935, 'name': 'Patrick Street'}, 'city': 'Bandon', 'state': 'Louth', 'country': 'Ireland', 'postcode': 85325, 'coordinates': {'latitude': '-3.1433', 'longitude': '-115.3608'}, 'timezone': {'offset': '-6:00', 'description': 'Central Time (US &amp; Canada), Mexico City'}}, 'email': 'daniel.hamilton@example.com', 'login': {'uuid': '3536a19d-7bef-4950-819a-99c0900a98ee', 'username': 'purplemouse613', 'password': 'arlene', 'salt': 'CQ69KwaW', 'md5': '6fa548d85c6ee3c8210e07bd0e8ae06a', 'sha1': '715a6ccd0d52ca59ffd3454ad800b55a2f150139', 'sha256': '295c5a48552d9651c5bb72a883dbb48f3b5d2a864c41464c492692197b808ec9'}, 'dob': {'date': '1976-10-18T21:56:05.734Z', 'age': 47}, 'registered': {'date': '2017-09-10T18:24:59.200Z', 'age': 6}, 'phone': '041-006-6589', 'cell': '081-147-2737', 'id': {'name': 'PPS', 'value': '8486078T'}, 'picture': {'large': 'https://randomuser.me/api/portraits/men/6.jpg', 'medium': 'https://randomuser.me/api/portraits/med/men/6.jpg', 'thumbnail': 'https://randomuser.me/api/portraits/thumb/men/6.jpg'}, 'nat': 'IE'}</msg>
<arg>${json_data['results'][0]}</arg>
<doc>Logs the given message with the given level.</doc>
<status status="PASS" start="2024-08-08T21:14:38.503066" elapsed="0.000405"/>
</kw>
<kw name="Log" owner="BuiltIn">
<msg time="2024-08-08T21:14:38.503899" level="INFO">gender</msg>
<arg>${key}</arg>
<doc>Logs the given message with the given level.</doc>
<status status="PASS" start="2024-08-08T21:14:38.503768" elapsed="0.000171"/>
</kw>
<var name="${key}">gender</var>
<status status="PASS" start="2024-08-08T21:14:38.502336" elapsed="0.001821"/>
</iter>
<iter>
<kw name="Dictionary Should Contain Key" owner="Collections">
<arg>${json_data['results'][0]}</arg>
<arg>${key}</arg>
<doc>Fails if ``key`` is not found from ``dictionary``.</doc>
<status status="PASS" start="2024-08-08T21:14:38.504460" elapsed="0.000391"/>
</kw>
<kw name="Log" owner="BuiltIn">
<msg time="2024-08-08T21:14:38.505388" level="INFO">{'gender': 'male', 'name': {'title': 'Mr', 'first': 'Daniel', 'last': 'Hamilton'}, 'location': {'street': {'number': 3935, 'name': 'Patrick Street'}, 'city': 'Bandon', 'state': 'Louth', 'country': 'Ireland', 'postcode': 85325, 'coordinates': {'latitude': '-3.1433', 'longitude': '-115.3608'}, 'timezone': {'offset': '-6:00', 'description': 'Central Time (US &amp; Canada), Mexico City'}}, 'email': 'daniel.hamilton@example.com', 'login': {'uuid': '3536a19d-7bef-4950-819a-99c0900a98ee', 'username': 'purplemouse613', 'password': 'arlene', 'salt': 'CQ69KwaW', 'md5': '6fa548d85c6ee3c8210e07bd0e8ae06a', 'sha1': '715a6ccd0d52ca59ffd3454ad800b55a2f150139', 'sha256': '295c5a48552d9651c5bb72a883dbb48f3b5d2a864c41464c492692197b808ec9'}, 'dob': {'date': '1976-10-18T21:56:05.734Z', 'age': 47}, 'registered': {'date': '2017-09-10T18:24:59.200Z', 'age': 6}, 'phone': '041-006-6589', 'cell': '081-147-2737', 'id': {'name': 'PPS', 'value': '8486078T'}, 'picture': {'large': 'https://randomuser.me/api/portraits/men/6.jpg', 'medium': 'https://randomuser.me/api/portraits/med/men/6.jpg', 'thumbnail': 'https://randomuser.me/api/portraits/thumb/men/6.jpg'}, 'nat': 'IE'}</msg>
<arg>${json_data['results'][0]}</arg>
<doc>Logs the given message with the given level.</doc>
<status status="PASS" start="2024-08-08T21:14:38.505035" elapsed="0.000436"/>
</kw>
<kw name="Log" owner="BuiltIn">
<msg time="2024-08-08T21:14:38.505933" level="INFO">name</msg>
<arg>${key}</arg>
<doc>Logs the given message with the given level.</doc>
<status status="PASS" start="2024-08-08T21:14:38.505801" elapsed="0.000171"/>
</kw>
<var name="${key}">name</var>
<status status="PASS" start="2024-08-08T21:14:38.504344" elapsed="0.001848"/>
</iter>
<iter>
<kw name="Dictionary Should Contain Key" owner="Collections">
<arg>${json_data['results'][0]}</arg>
<arg>${key}</arg>
<doc>Fails if ``key`` is not found from ``dictionary``.</doc>
<status status="PASS" start="2024-08-08T21:14:38.506477" elapsed="0.000379"/>
</kw>
<kw name="Log" owner="BuiltIn">
<msg time="2024-08-08T21:14:38.507387" level="INFO">{'gender': 'male', 'name': {'title': 'Mr', 'first': 'Daniel', 'last': 'Hamilton'}, 'location': {'street': {'number': 3935, 'name': 'Patrick Street'}, 'city': 'Bandon', 'state': 'Louth', 'country': 'Ireland', 'postcode': 85325, 'coordinates': {'latitude': '-3.1433', 'longitude': '-115.3608'}, 'timezone': {'offset': '-6:00', 'description': 'Central Time (US &amp; Canada), Mexico City'}}, 'email': 'daniel.hamilton@example.com', 'login': {'uuid': '3536a19d-7bef-4950-819a-99c0900a98ee', 'username': 'purplemouse613', 'password': 'arlene', 'salt': 'CQ69KwaW', 'md5': '6fa548d85c6ee3c8210e07bd0e8ae06a', 'sha1': '715a6ccd0d52ca59ffd3454ad800b55a2f150139', 'sha256': '295c5a48552d9651c5bb72a883dbb48f3b5d2a864c41464c492692197b808ec9'}, 'dob': {'date': '1976-10-18T21:56:05.734Z', 'age': 47}, 'registered': {'date': '2017-09-10T18:24:59.200Z', 'age': 6}, 'phone': '041-006-6589', 'cell': '081-147-2737', 'id': {'name': 'PPS', 'value': '8486078T'}, 'picture': {'large': 'https://randomuser.me/api/portraits/men/6.jpg', 'medium': 'https://randomuser.me/api/portraits/med/men/6.jpg', 'thumbnail': 'https://randomuser.me/api/portraits/thumb/men/6.jpg'}, 'nat': 'IE'}</msg>
<arg>${json_data['results'][0]}</arg>
<doc>Logs the given message with the given level.</doc>
<status status="PASS" start="2024-08-08T21:14:38.507036" elapsed="0.000401"/>
</kw>
<kw name="Log" owner="BuiltIn">
<msg time="2024-08-08T21:14:38.507866" level="INFO">location</msg>
<arg>${key}</arg>
<doc>Logs the given message with the given level.</doc>
<status status="PASS" start="2024-08-08T21:14:38.507737" elapsed="0.000167"/>
</kw>
<var name="${key}">location</var>
<status status="PASS" start="2024-08-08T21:14:38.506369" elapsed="0.001752"/>
</iter>
<iter>
<kw name="Dictionary Should Contain Key" owner="Collections">
<arg>${json_data['results'][0]}</arg>
<arg>${key}</arg>
<doc>Fails if ``key`` is not found from ``dictionary``.</doc>
<status status="PASS" start="2024-08-08T21:14:38.508399" elapsed="0.000382"/>
</kw>
<kw name="Log" owner="BuiltIn">
<msg time="2024-08-08T21:14:38.509422" level="INFO">{'gender': 'male', 'name': {'title': 'Mr', 'first': 'Daniel', 'last': 'Hamilton'}, 'location': {'street': {'number': 3935, 'name': 'Patrick Street'}, 'city': 'Bandon', 'state': 'Louth', 'country': 'Ireland', 'postcode': 85325, 'coordinates': {'latitude': '-3.1433', 'longitude': '-115.3608'}, 'timezone': {'offset': '-6:00', 'description': 'Central Time (US &amp; Canada), Mexico City'}}, 'email': 'daniel.hamilton@example.com', 'login': {'uuid': '3536a19d-7bef-4950-819a-99c0900a98ee', 'username': 'purplemouse613', 'password': 'arlene', 'salt': 'CQ69KwaW', 'md5': '6fa548d85c6ee3c8210e07bd0e8ae06a', 'sha1': '715a6ccd0d52ca59ffd3454ad800b55a2f150139', 'sha256': '295c5a48552d9651c5bb72a883dbb48f3b5d2a864c41464c492692197b808ec9'}, 'dob': {'date': '1976-10-18T21:56:05.734Z', 'age': 47}, 'registered': {'date': '2017-09-10T18:24:59.200Z', 'age': 6}, 'phone': '041-006-6589', 'cell': '081-147-2737', 'id': {'name': 'PPS', 'value': '8486078T'}, 'picture': {'large': 'https://randomuser.me/api/portraits/men/6.jpg', 'medium': 'https://randomuser.me/api/portraits/med/men/6.jpg', 'thumbnail': 'https://randomuser.me/api/portraits/thumb/men/6.jpg'}, 'nat': 'IE'}</msg>
<arg>${json_data['results'][0]}</arg>
<doc>Logs the given message with the given level.</doc>
<status status="PASS" start="2024-08-08T21:14:38.509072" elapsed="0.000399"/>
</kw>
<kw name="Log" owner="BuiltIn">
<msg time="2024-08-08T21:14:38.509921" level="INFO">email</msg>
<arg>${key}</arg>
<doc>Logs the given message with the given level.</doc>
<status status="PASS" start="2024-08-08T21:14:38.509790" elapsed="0.000170"/>
</kw>
<var name="${key}">email</var>
<status status="PASS" start="2024-08-08T21:14:38.508292" elapsed="0.001892"/>
</iter>
<iter>
<kw name="Dictionary Should Contain Key" owner="Collections">
<arg>${json_data['results'][0]}</arg>
<arg>${key}</arg>
<doc>Fails if ``key`` is not found from ``dictionary``.</doc>
<status status="PASS" start="2024-08-08T21:14:38.510468" elapsed="0.000371"/>
</kw>
<kw name="Log" owner="BuiltIn">
<msg time="2024-08-08T21:14:38.511355" level="INFO">{'gender': 'male', 'name': {'title': 'Mr', 'first': 'Daniel', 'last': 'Hamilton'}, 'location': {'street': {'number': 3935, 'name': 'Patrick Street'}, 'city': 'Bandon', 'state': 'Louth', 'country': 'Ireland', 'postcode': 85325, 'coordinates': {'latitude': '-3.1433', 'longitude': '-115.3608'}, 'timezone': {'offset': '-6:00', 'description': 'Central Time (US &amp; Canada), Mexico City'}}, 'email': 'daniel.hamilton@example.com', 'login': {'uuid': '3536a19d-7bef-4950-819a-99c0900a98ee', 'username': 'purplemouse613', 'password': 'arlene', 'salt': 'CQ69KwaW', 'md5': '6fa548d85c6ee3c8210e07bd0e8ae06a', 'sha1': '715a6ccd0d52ca59ffd3454ad800b55a2f150139', 'sha256': '295c5a48552d9651c5bb72a883dbb48f3b5d2a864c41464c492692197b808ec9'}, 'dob': {'date': '1976-10-18T21:56:05.734Z', 'age': 47}, 'registered': {'date': '2017-09-10T18:24:59.200Z', 'age': 6}, 'phone': '041-006-6589', 'cell': '081-147-2737', 'id': {'name': 'PPS', 'value': '8486078T'}, 'picture': {'large': 'https://randomuser.me/api/portraits/men/6.jpg', 'medium': 'https://randomuser.me/api/portraits/med/men/6.jpg', 'thumbnail': 'https://randomuser.me/api/portraits/thumb/men/6.jpg'}, 'nat': 'IE'}</msg>
<arg>${json_data['results'][0]}</arg>
<doc>Logs the given message with the given level.</doc>
<status status="PASS" start="2024-08-08T21:14:38.511016" elapsed="0.000386"/>
</kw>
<kw name="Log" owner="BuiltIn">
<msg time="2024-08-08T21:14:38.511820" level="INFO">login</msg>
<arg>${key}</arg>
<doc>Logs the given message with the given level.</doc>
<status status="PASS" start="2024-08-08T21:14:38.511692" elapsed="0.000164"/>
</kw>
<var name="${key}">login</var>
<status status="PASS" start="2024-08-08T21:14:38.510360" elapsed="0.001710"/>
</iter>
<var>${key}</var>
<value>@{expected_keys}</value>
<status status="PASS" start="2024-08-08T21:14:38.502145" elapsed="0.010046"/>
</for>
<kw name="Create List" owner="BuiltIn">
<msg time="2024-08-08T21:14:38.512518" level="INFO">${expected_keysTwo} = ['username', 'password']</msg>
<var>${expected_keysTwo}</var>
<arg>username</arg>
<arg>password</arg>
<doc>Returns a list containing given items.</doc>
<status status="PASS" start="2024-08-08T21:14:38.512385" elapsed="0.000186"/>
</kw>
<for flavor="IN">
<iter>
<kw name="Dictionary Should Contain Key" owner="Collections">
<arg>${json_data['results'][0]['login']}</arg>
<arg>${keyTwo}</arg>
<doc>Fails if ``key`` is not found from ``dictionary``.</doc>
<status status="PASS" start="2024-08-08T21:14:38.513077" elapsed="0.000388"/>
</kw>
<kw name="Dictionary Should Contain Key" owner="Collections">
<arg>${json_data['results'][0]['login']}</arg>
<arg>${keyTwo}</arg>
<doc>Fails if ``key`` is not found from ``dictionary``.</doc>
<status status="PASS" start="2024-08-08T21:14:38.513643" elapsed="0.000406"/>
</kw>
<kw name="Log" owner="BuiltIn">
<msg time="2024-08-08T21:14:38.514352" level="INFO">username</msg>
<arg>${keyTwo}</arg>
<doc>Logs the given message with the given level.</doc>
<status status="PASS" start="2024-08-08T21:14:38.514230" elapsed="0.000160"/>
</kw>
<var name="${keyTwo}">username</var>
<status status="PASS" start="2024-08-08T21:14:38.512970" elapsed="0.001646"/>
</iter>
<iter>
<kw name="Dictionary Should Contain Key" owner="Collections">
<arg>${json_data['results'][0]['login']}</arg>
<arg>${keyTwo}</arg>
<doc>Fails if ``key`` is not found from ``dictionary``.</doc>
<status status="PASS" start="2024-08-08T21:14:38.514894" elapsed="0.000379"/>
</kw>
<kw name="Dictionary Should Contain Key" owner="Collections">
<arg>${json_data['results'][0]['login']}</arg>
<arg>${keyTwo}</arg>
<doc>Fails if ``key`` is not found from ``dictionary``.</doc>
<status status="PASS" start="2024-08-08T21:14:38.515450" elapsed="0.000378"/>
</kw>
<kw name="Log" owner="BuiltIn">
<msg time="2024-08-08T21:14:38.516122" level="INFO">password</msg>
<arg>${keyTwo}</arg>
<doc>Logs the given message with the given level.</doc>
<status status="PASS" start="2024-08-08T21:14:38.516004" elapsed="0.000154"/>
</kw>
<var name="${keyTwo}">password</var>
<status status="PASS" start="2024-08-08T21:14:38.514787" elapsed="0.001589"/>
</iter>
<var>${keyTwo}</var>
<value>@{expected_keysTwo}</value>
<status status="PASS" start="2024-08-08T21:14:38.512817" elapsed="0.003679"/>
</for>
<status status="PASS" start="2024-08-08T21:14:38.410146" elapsed="0.106495"/>
</kw>
<doc>Testa a estrutura da resposta da API.</doc>
<tag>testeEstruturaResposta</tag>
<status status="PASS" start="2024-08-08T21:14:38.409341" elapsed="0.107451"/>
</test>
<test id="s1-s1-t4" name="Validar tipos de dados" line="28">
<kw name="Teste de Tipos de Dados" owner="random-user-service">
<kw name="GET On Session" owner="RequestsLibrary">
<msg time="2024-08-08T21:14:38.606835" level="INFO">GET Request : url=https://randomuser.me/api 
 path_url=/api 
 headers={'User-Agent': 'python-requests/2.32.3', 'Accept-Encoding': 'gzip, deflate', 'Accept': '*/*', 'Connection': 'keep-alive'} 
 body=None 
 </msg>
<msg time="2024-08-08T21:14:38.606914" level="INFO">GET Response : url=https://randomuser.me/api 
 status=200, reason=OK 
 headers={'Date': 'Thu, 08 Aug 2024 21:14:38 GMT', 'Content-Type': 'application/json; charset=utf-8', 'Transfer-Encoding': 'chunked', 'Connection': 'keep-alive', 'X-Powered-By': 'Express', 'Access-Control-Allow-Origin': '*', 'Cache-Control': 'no-cache', 'ETag': 'W/"4b1-MamFS7cQ2NpnR0/KuT3mn9BwtnY"', 'Vary': 'Accept-Encoding', 'Content-Encoding': 'gzip', 'CF-Cache-Status': 'DYNAMIC', 'Report-To': '{"endpoints":[{"url":"https:\\/\\/a.nel.cloudflare.com\\/report\\/v4?s=FTdhPew%2FSn36KS6jnxsnRDzYJ4r4czSMV0ReilyTd8GNnlXBimUOxFWoNfkALPpEWw%2BvUTLpY9MIn9y4LY%2FL38wuVL2De%2BtbstrWV5tVKKdT2gDWxOQgn1%2BhCl9pYvrm"}],"group":"cf-nel","max_age":604800}', 'NEL': '{"success_fraction":0,"report_to":"cf-nel","max_age":604800}', 'Server': 'cloudflare', 'CF-RAY': '8b028466cc52615a-ORD', 'alt-svc': 'h3=":443"; ma=86400'} 
 body={"results":[{"gender":"female","name":{"title":"Mrs","first":"Carmen","last":"Caldeira"},"location":{"street":{"number":3213,"name":"Rua Sete de Setembro "},"city":"Vila Velha","state":"Piauí","country":"Brazil","postcode":78694,"coordinates":{"latitude":"-77.1771","longitude":"12.3609"},"timezone":{"offset":"0:00","description":"Western Europe Time, London, Lisbon, Casablanca"}},"email":"carmen.caldeira@example.com","login":{"uuid":"21865bfa-cff8-4c85-baa5-9c0e2ba7a016","username":"greenmeercat824","password":"nana","salt":"70GVHvRQ","md5":"cf2bf6e9e39ef252044dfec072fe5e54","sha1":"eac88d22df335780b5786e8dc8258ac7c7d056db","sha256":"7f2d00f1c697d3d32d9e679d1b9444ab9c5a1fdaa157685c3b99859100fefcc2"},"dob":{"date":"1947-10-29T20:06:10.211Z","age":76},"registered":{"date":"2020-05-02T22:17:32.469Z","age":4},"phone":"(76) 4600-3952","cell":"(37) 5943-6497","id":{"name":"CPF","value":"668.078.463-78"},"picture":{"large":"https://randomuser.me/api/portraits/women/13.jpg","medium":"https://randomuser.me/api/portraits/med/women/13.jpg","thumbnail":"https://randomuser.me/api/portraits/thumb/women/13.jpg"},"nat":"BR"}],"info":{"seed":"b9888475a5a135de","results":1,"page":1,"version":"1.4"}} 
 </msg>
<msg time="2024-08-08T21:14:38.606988" level="INFO">/opt/hostedtoolcache/Python/3.12.4/x64/lib/python3.12/site-packages/urllib3/connectionpool.py:1099: InsecureRequestWarning: Unverified HTTPS request is being made to host 'randomuser.me'. Adding certificate verification is strongly advised. See: https://urllib3.readthedocs.io/en/latest/advanced-usage.html#tls-warnings
  warnings.warn(</msg>
<msg time="2024-08-08T21:14:38.607116" level="INFO">${response} = &lt;Response [200]&gt;</msg>
<var>${response}</var>
<arg>consultarAPI</arg>
<arg>/api</arg>
<doc>Sends a GET request on a previously created HTTP Session.</doc>
<status status="PASS" start="2024-08-08T21:14:38.519218" elapsed="0.087946"/>
</kw>
<kw name="Set Variable" owner="BuiltIn">
<msg time="2024-08-08T21:14:38.608014" level="INFO">${json_data} = {'results': [{'gender': 'female', 'name': {'title': 'Mrs', 'first': 'Carmen', 'last': 'Caldeira'}, 'location': {'street': {'number': 3213, 'name': 'Rua Sete de Setembro '}, 'city': 'Vila Velha', 'stat...</msg>
<var>${json_data}</var>
<arg>${response.json()}</arg>
<doc>Returns the given values which can then be assigned to a variables.</doc>
<status status="PASS" start="2024-08-08T21:14:38.607545" elapsed="0.000498"/>
</kw>
<kw name="Log" owner="BuiltIn">
<msg time="2024-08-08T21:14:38.608502" level="INFO">{'results': [{'gender': 'female', 'name': {'title': 'Mrs', 'first': 'Carmen', 'last': 'Caldeira'}, 'location': {'street': {'number': 3213, 'name': 'Rua Sete de Setembro '}, 'city': 'Vila Velha', 'state': 'Piauí', 'country': 'Brazil', 'postcode': 78694, 'coordinates': {'latitude': '-77.1771', 'longitude': '12.3609'}, 'timezone': {'offset': '0:00', 'description': 'Western Europe Time, London, Lisbon, Casablanca'}}, 'email': 'carmen.caldeira@example.com', 'login': {'uuid': '21865bfa-cff8-4c85-baa5-9c0e2ba7a016', 'username': 'greenmeercat824', 'password': 'nana', 'salt': '70GVHvRQ', 'md5': 'cf2bf6e9e39ef252044dfec072fe5e54', 'sha1': 'eac88d22df335780b5786e8dc8258ac7c7d056db', 'sha256': '7f2d00f1c697d3d32d9e679d1b9444ab9c5a1fdaa157685c3b99859100fefcc2'}, 'dob': {'date': '1947-10-29T20:06:10.211Z', 'age': 76}, 'registered': {'date': '2020-05-02T22:17:32.469Z', 'age': 4}, 'phone': '(76) 4600-3952', 'cell': '(37) 5943-6497', 'id': {'name': 'CPF', 'value': '668.078.463-78'}, 'picture': {'large': 'https://randomuser.me/api/portraits/women/13.jpg', 'medium': 'https://randomuser.me/api/portraits/med/women/13.jpg', 'thumbnail': 'https://randomuser.me/api/portraits/thumb/women/13.jpg'}, 'nat': 'BR'}], 'info': {'seed': 'b9888475a5a135de', 'results': 1, 'page': 1, 'version': '1.4'}}</msg>
<arg>${json_data}</arg>
<doc>Logs the given message with the given level.</doc>
<status status="PASS" start="2024-08-08T21:14:38.608345" elapsed="0.000205"/>
</kw>
<kw name="Should Be String" owner="String">
<arg>${json_data['results'][0]['gender']}</arg>
<doc>Fails if the given ``item`` is not a string.</doc>
<status status="PASS" start="2024-08-08T21:14:38.608840" elapsed="0.000366"/>
</kw>
<kw name="Should Match Regexp" owner="BuiltIn">
<arg>${json_data['results'][0]['email']}</arg>
<arg>^[a-zA-Z0-9._%+-]+@[a-zA-Z0-9.-]+\.[a-zA-Z]{2,}$</arg>
<doc>Fails if ``string`` does not match ``pattern`` as a regular expression.</doc>
<status status="PASS" start="2024-08-08T21:14:38.609430" elapsed="0.000566"/>
</kw>
<kw name="Should Match Regexp" owner="BuiltIn">
<arg>${json_data['results'][0]['dob']['date']}</arg>
<arg>\\d{4}-\\d{2}-\\d{2}T\\d{2}:\\d{2}:\\d{2}\\.\\d{3}Z</arg>
<doc>Fails if ``string`` does not match ``pattern`` as a regular expression.</doc>
<status status="PASS" start="2024-08-08T21:14:38.610191" elapsed="0.000609"/>
</kw>
<kw name="Should Match Regexp" owner="BuiltIn">
<arg>${json_data['results'][0]['registered']['date']}</arg>
<arg>\\d{4}-\\d{2}-\\d{2}T\\d{2}:\\d{2}:\\d{2}\\.\\d{3}Z</arg>
<doc>Fails if ``string`` does not match ``pattern`` as a regular expression.</doc>
<status status="PASS" start="2024-08-08T21:14:38.610994" elapsed="0.000367"/>
</kw>
<kw name="Should Match Regexp" owner="BuiltIn">
<arg>${json_data['results'][0]['picture']['large']}</arg>
<arg>^https?://.*\.(?:png|jpe?g|gif|bmp)$</arg>
<doc>Fails if ``string`` does not match ``pattern`` as a regular expression.</doc>
<status status="PASS" start="2024-08-08T21:14:38.611548" elapsed="0.000460"/>
</kw>
<kw name="Should Match Regexp" owner="BuiltIn">
<arg>${json_data['results'][0]['picture']['medium']}</arg>
<arg>^https?://.*\.(?:png|jpe?g|gif|bmp)$</arg>
<doc>Fails if ``string`` does not match ``pattern`` as a regular expression.</doc>
<status status="PASS" start="2024-08-08T21:14:38.612196" elapsed="0.000354"/>
</kw>
<kw name="Should Match Regexp" owner="BuiltIn">
<arg>${json_data['results'][0]['picture']['thumbnail']}</arg>
<arg>^https?://.*\.(?:png|jpe?g|gif|bmp)$</arg>
<doc>Fails if ``string`` does not match ``pattern`` as a regular expression.</doc>
<status status="PASS" start="2024-08-08T21:14:38.612736" elapsed="0.000351"/>
</kw>
<kw name="Log" owner="BuiltIn">
<msg time="2024-08-08T21:14:38.613593" level="INFO">{'large': 'https://randomuser.me/api/portraits/women/13.jpg', 'medium': 'https://randomuser.me/api/portraits/med/women/13.jpg', 'thumbnail': 'https://randomuser.me/api/portraits/thumb/women/13.jpg'}</msg>
<arg>${json_data['results'][0]['picture']}</arg>
<doc>Logs the given message with the given level.</doc>
<status status="PASS" start="2024-08-08T21:14:38.613265" elapsed="0.000369"/>
</kw>
<status status="PASS" start="2024-08-08T21:14:38.518999" elapsed="0.094918"/>
</kw>
<kw name="Teste de Tipos de Dados - Postcode" owner="random-user-service">
<kw name="GET On Session" owner="RequestsLibrary">
<msg time="2024-08-08T21:14:38.696949" level="INFO">GET Request : url=https://randomuser.me/api 
 path_url=/api 
 headers={'User-Agent': 'python-requests/2.32.3', 'Accept-Encoding': 'gzip, deflate', 'Accept': '*/*', 'Connection': 'keep-alive'} 
 body=None 
 </msg>
<msg time="2024-08-08T21:14:38.697036" level="INFO">GET Response : url=https://randomuser.me/api 
 status=200, reason=OK 
 headers={'Date': 'Thu, 08 Aug 2024 21:14:38 GMT', 'Content-Type': 'application/json; charset=utf-8', 'Transfer-Encoding': 'chunked', 'Connection': 'keep-alive', 'X-Powered-By': 'Express', 'Access-Control-Allow-Origin': '*', 'Cache-Control': 'no-cache', 'ETag': 'W/"488-5m4KwrLmSEtOlfUKR17wUbis/lo"', 'Vary': 'Accept-Encoding', 'Content-Encoding': 'gzip', 'CF-Cache-Status': 'DYNAMIC', 'Report-To': '{"endpoints":[{"url":"https:\\/\\/a.nel.cloudflare.com\\/report\\/v4?s=GIIYishU49vPH0N5BgeEXhLnzBnuEAbHfYzKzB4oxq5yHtkX%2F7l9QI4MntRLg%2FHI3yDzJsfHiNB6gR28vdtDdfSU68Wwzd6p6d75DY9VKyHYw14LWIOCi0rYMP1QnQao"}],"group":"cf-nel","max_age":604800}', 'NEL': '{"success_fraction":0,"report_to":"cf-nel","max_age":604800}', 'Server': 'cloudflare', 'CF-RAY': '8b0284675d1b615a-ORD', 'alt-svc': 'h3=":443"; ma=86400'} 
 body={"results":[{"gender":"male","name":{"title":"Mr","first":"آرمین","last":"گلشن"},"location":{"street":{"number":5540,"name":"میدان 7 تیر"},"city":"کرمانشاه","state":"مرکزی","country":"Iran","postcode":35057,"coordinates":{"latitude":"20.9648","longitude":"-35.6654"},"timezone":{"offset":"+6:00","description":"Almaty, Dhaka, Colombo"}},"email":"armyn.glshn@example.com","login":{"uuid":"1fc8aea4-5933-46b0-bbea-941aef863c18","username":"tinyostrich647","password":"poseidon","salt":"vJnmzTam","md5":"48ddda00b1134aea1a5d901b2941b304","sha1":"d70c9cee2bef78d752f703d3fdf281783cd7419c","sha256":"e82a01142c25291379e741ebd6a44af4cf9dc3b8c709042f17af6bcabea96b45"},"dob":{"date":"1959-04-21T00:14:02.367Z","age":65},"registered":{"date":"2004-08-10T07:20:21.626Z","age":19},"phone":"089-53171581","cell":"0951-276-9608","id":{"name":"","value":null},"picture":{"large":"https://randomuser.me/api/portraits/men/64.jpg","medium":"https://randomuser.me/api/portraits/med/men/64.jpg","thumbnail":"https://randomuser.me/api/portraits/thumb/men/64.jpg"},"nat":"IR"}],"info":{"seed":"d6ff937bfa30537b","results":1,"page":1,"version":"1.4"}} 
 </msg>
<msg time="2024-08-08T21:14:38.697111" level="INFO">/opt/hostedtoolcache/Python/3.12.4/x64/lib/python3.12/site-packages/urllib3/connectionpool.py:1099: InsecureRequestWarning: Unverified HTTPS request is being made to host 'randomuser.me'. Adding certificate verification is strongly advised. See: https://urllib3.readthedocs.io/en/latest/advanced-usage.html#tls-warnings
  warnings.warn(</msg>
<msg time="2024-08-08T21:14:38.697248" level="INFO">${response} = &lt;Response [200]&gt;</msg>
<var>${response}</var>
<arg>consultarAPI</arg>
<arg>/api</arg>
<doc>Sends a GET request on a previously created HTTP Session.</doc>
<status status="PASS" start="2024-08-08T21:14:38.614347" elapsed="0.082950"/>
</kw>
<kw name="Set Variable" owner="BuiltIn">
<msg time="2024-08-08T21:14:38.698246" level="INFO">${json_data} = {'results': [{'gender': 'male', 'name': {'title': 'Mr', 'first': 'آرمین', 'last': 'گلشن'}, 'location': {'street': {'number': 5540, 'name': 'میدان 7 تیر'}, 'city': 'کرمانشاه', 'state': 'مرکزی', 'countr...</msg>
<var>${json_data}</var>
<arg>${response.json()}</arg>
<doc>Returns the given values which can then be assigned to a variables.</doc>
<status status="PASS" start="2024-08-08T21:14:38.697746" elapsed="0.000531"/>
</kw>
<kw name="Log" owner="BuiltIn">
<msg time="2024-08-08T21:14:38.698741" level="INFO">{'results': [{'gender': 'male', 'name': {'title': 'Mr', 'first': 'آرمین', 'last': 'گلشن'}, 'location': {'street': {'number': 5540, 'name': 'میدان 7 تیر'}, 'city': 'کرمانشاه', 'state': 'مرکزی', 'country': 'Iran', 'postcode': 35057, 'coordinates': {'latitude': '20.9648', 'longitude': '-35.6654'}, 'timezone': {'offset': '+6:00', 'description': 'Almaty, Dhaka, Colombo'}}, 'email': 'armyn.glshn@example.com', 'login': {'uuid': '1fc8aea4-5933-46b0-bbea-941aef863c18', 'username': 'tinyostrich647', 'password': 'poseidon', 'salt': 'vJnmzTam', 'md5': '48ddda00b1134aea1a5d901b2941b304', 'sha1': 'd70c9cee2bef78d752f703d3fdf281783cd7419c', 'sha256': 'e82a01142c25291379e741ebd6a44af4cf9dc3b8c709042f17af6bcabea96b45'}, 'dob': {'date': '1959-04-21T00:14:02.367Z', 'age': 65}, 'registered': {'date': '2004-08-10T07:20:21.626Z', 'age': 19}, 'phone': '089-53171581', 'cell': '0951-276-9608', 'id': {'name': '', 'value': None}, 'picture': {'large': 'https://randomuser.me/api/portraits/men/64.jpg', 'medium': 'https://randomuser.me/api/portraits/med/men/64.jpg', 'thumbnail': 'https://randomuser.me/api/portraits/thumb/men/64.jpg'}, 'nat': 'IR'}], 'info': {'seed': 'd6ff937bfa30537b', 'results': 1, 'page': 1, 'version': '1.4'}}</msg>
<arg>${json_data}</arg>
<doc>Logs the given message with the given level.</doc>
<status status="PASS" start="2024-08-08T21:14:38.698582" elapsed="0.000207"/>
</kw>
<kw name="Should Be Equal As Numbers" owner="BuiltIn">
<arg>${json_data['results'][0]['location']['postcode']}</arg>
<arg>${json_data['results'][0]['location']['postcode']}</arg>
<doc>Fails if objects are unequal after converting them to real numbers.</doc>
<status status="PASS" start="2024-08-08T21:14:38.699084" elapsed="0.000622"/>
</kw>
<kw name="Log" owner="BuiltIn">
<msg time="2024-08-08T21:14:38.700275" level="INFO">35057</msg>
<arg>${json_data['results'][0]['location']['postcode']}</arg>
<doc>Logs the given message with the given level.</doc>
<status status="PASS" start="2024-08-08T21:14:38.699927" elapsed="0.000389"/>
</kw>
<status status="PASS" start="2024-08-08T21:14:38.614131" elapsed="0.086437"/>
</kw>
<doc>Testa se os tipos de dados na resposta da API estão corretos.</doc>
<tag>testeTiposDados</tag>
<status status="PASS" start="2024-08-08T21:14:38.518565" elapsed="0.182168"/>
</test>
<test id="s1-s1-t5" name="Validar conteudo" line="35">
<kw name="Teste de Tipos de Conteudo" owner="random-user-service">
<kw name="GET On Session" owner="RequestsLibrary">
<msg time="2024-08-08T21:14:38.795660" level="INFO">GET Request : url=https://randomuser.me/api 
 path_url=/api 
 headers={'User-Agent': 'python-requests/2.32.3', 'Accept-Encoding': 'gzip, deflate', 'Accept': '*/*', 'Connection': 'keep-alive'} 
 body=None 
 </msg>
<msg time="2024-08-08T21:14:38.795743" level="INFO">GET Response : url=https://randomuser.me/api 
 status=200, reason=OK 
 headers={'Date': 'Thu, 08 Aug 2024 21:14:38 GMT', 'Content-Type': 'application/json; charset=utf-8', 'Transfer-Encoding': 'chunked', 'Connection': 'keep-alive', 'X-Powered-By': 'Express', 'Access-Control-Allow-Origin': '*', 'Cache-Control': 'no-cache', 'ETag': 'W/"492-45aIQ3VEFjn26CY+kTevoqBYZyo"', 'Vary': 'Accept-Encoding', 'Content-Encoding': 'gzip', 'CF-Cache-Status': 'DYNAMIC', 'Report-To': '{"endpoints":[{"url":"https:\\/\\/a.nel.cloudflare.com\\/report\\/v4?s=aOXQG1AhzsVU%2BT9G23uT57ANrSWsrb%2FejrOjTczKy9PrVvktW7Wfk2BNu4YQo68nq%2FGIg3ExGx3d%2FWrAkUUz6K0eHqawbKF3QZTbhDFrzFhaWF7iHnAU2jE9IWhx6RFU"}],"group":"cf-nel","max_age":604800}', 'NEL': '{"success_fraction":0,"report_to":"cf-nel","max_age":604800}', 'Server': 'cloudflare', 'CF-RAY': '8b028467edc3615a-ORD', 'alt-svc': 'h3=":443"; ma=86400'} 
 body={"results":[{"gender":"female","name":{"title":"Miss","first":"Leila","last":"Peukert"},"location":{"street":{"number":9643,"name":"Buchenweg"},"city":"Neuötting","state":"Berlin","country":"Germany","postcode":82007,"coordinates":{"latitude":"-54.6779","longitude":"105.8766"},"timezone":{"offset":"+4:00","description":"Abu Dhabi, Muscat, Baku, Tbilisi"}},"email":"leila.peukert@example.com","login":{"uuid":"9a39f392-cdb8-48ee-933a-5f95c01e53de","username":"redfrog951","password":"colt45","salt":"2TFI55em","md5":"f28ac3905738e1bf35d9ec4f2520ced1","sha1":"ffe495a216e44ff3f213b552620523eb8d258ac4","sha256":"3405af32f5bae94c583e0ee54fae9276f36ce5ab2c4ba57edc7aa5257cdb173f"},"dob":{"date":"1979-03-14T02:57:52.920Z","age":45},"registered":{"date":"2009-04-04T16:05:35.669Z","age":15},"phone":"0008-3288963","cell":"0176-4656794","id":{"name":"SVNR","value":"25 130379 P 653"},"picture":{"large":"https://randomuser.me/api/portraits/women/75.jpg","medium":"https://randomuser.me/api/portraits/med/women/75.jpg","thumbnail":"https://randomuser.me/api/portraits/thumb/women/75.jpg"},"nat":"DE"}],"info":{"seed":"fbd60ff602b4e5a0","results":1,"page":1,"version":"1.4"}} 
 </msg>
<msg time="2024-08-08T21:14:38.795808" level="INFO">/opt/hostedtoolcache/Python/3.12.4/x64/lib/python3.12/site-packages/urllib3/connectionpool.py:1099: InsecureRequestWarning: Unverified HTTPS request is being made to host 'randomuser.me'. Adding certificate verification is strongly advised. See: https://urllib3.readthedocs.io/en/latest/advanced-usage.html#tls-warnings
  warnings.warn(</msg>
<msg time="2024-08-08T21:14:38.795930" level="INFO">${response} = &lt;Response [200]&gt;</msg>
<var>${response}</var>
<arg>consultarAPI</arg>
<arg>/api</arg>
<doc>Sends a GET request on a previously created HTTP Session.</doc>
<status status="PASS" start="2024-08-08T21:14:38.703531" elapsed="0.092440"/>
</kw>
<kw name="Set Variable" owner="BuiltIn">
<msg time="2024-08-08T21:14:38.796911" level="INFO">${json_data} = {'results': [{'gender': 'female', 'name': {'title': 'Miss', 'first': 'Leila', 'last': 'Peukert'}, 'location': {'street': {'number': 9643, 'name': 'Buchenweg'}, 'city': 'Neuötting', 'state': 'Berlin', ...</msg>
<var>${json_data}</var>
<arg>${response.json()}</arg>
<doc>Returns the given values which can then be assigned to a variables.</doc>
<status status="PASS" start="2024-08-08T21:14:38.796412" elapsed="0.000528"/>
</kw>
<kw name="Set Variable" owner="BuiltIn">
<msg time="2024-08-08T21:14:38.797629" level="INFO">${name_title} = Miss</msg>
<var>${name_title}</var>
<arg>${json_data["results"][0]["name"]["title"]}</arg>
<doc>Returns the given values which can then be assigned to a variables.</doc>
<status status="PASS" start="2024-08-08T21:14:38.797249" elapsed="0.000443"/>
</kw>
<kw name="Create List" owner="BuiltIn">
<msg time="2024-08-08T21:14:38.798163" level="INFO">${allowed_titles} = ['Mr', 'Ms', 'Miss', 'Mrs', 'Madame', 'Monsieur']</msg>
<var>${allowed_titles}</var>
<arg>Mr</arg>
<arg>Ms</arg>
<arg>Miss</arg>
<arg>Mrs</arg>
<arg>Madame</arg>
<arg>Monsieur</arg>
<doc>Returns a list containing given items.</doc>
<status status="PASS" start="2024-08-08T21:14:38.798013" elapsed="0.000175"/>
</kw>
<kw name="List Should Contain Value" owner="Collections">
<arg>${allowed_titles}</arg>
<arg>${name_title}</arg>
<doc>Fails if the ``value`` is not found from ``list``.</doc>
<status status="PASS" start="2024-08-08T21:14:38.798483" elapsed="0.000178"/>
</kw>
<kw name="Set Variable" owner="BuiltIn">
<msg time="2024-08-08T21:14:38.799219" level="INFO">${name_country} = DE</msg>
<var>${name_country}</var>
<arg>${json_data["results"][0]["nat"]}</arg>
<doc>Returns the given values which can then be assigned to a variables.</doc>
<status status="PASS" start="2024-08-08T21:14:38.798845" elapsed="0.000400"/>
</kw>
<kw name="Create List" owner="BuiltIn">
<msg time="2024-08-08T21:14:38.800135" level="INFO">${list_country} = ['AD', 'AE', 'AF', 'AG', 'AI', 'AL', 'AM', 'AO', 'AQ', 'AR', 'AS', 'AT', 'AU', 'AW', 'AX', 'AZ', 'BA', 'BB', 'BD', 'BE', 'BF', 'BG', 'BH', 'BI', 'BJ', 'BL', 'BM', 'BN', 'BO', 'BQ', 'BR', 'BS', 'BT', '...</msg>
<var>${list_country}</var>
<arg>AD</arg>
<arg>AE</arg>
<arg>AF</arg>
<arg>AG</arg>
<arg>AI</arg>
<arg>AL</arg>
<arg>AM</arg>
<arg>AO</arg>
<arg>AQ</arg>
<arg>AR</arg>
<arg>AS</arg>
<arg>AT</arg>
<arg>AU</arg>
<arg>AW</arg>
<arg>AX</arg>
<arg>AZ</arg>
<arg>BA</arg>
<arg>BB</arg>
<arg>BD</arg>
<arg>BE</arg>
<arg>BF</arg>
<arg>BG</arg>
<arg>BH</arg>
<arg>BI</arg>
<arg>BJ</arg>
<arg>BL</arg>
<arg>BM</arg>
<arg>BN</arg>
<arg>BO</arg>
<arg>BQ</arg>
<arg>BR</arg>
<arg>BS</arg>
<arg>BT</arg>
<arg>BV</arg>
<arg>BW</arg>
<arg>BY</arg>
<arg>BZ</arg>
<arg>CA</arg>
<arg>CC</arg>
<arg>CD</arg>
<arg>CF</arg>
<arg>CG</arg>
<arg>CH</arg>
<arg>CI</arg>
<arg>CK</arg>
<arg>CL</arg>
<arg>CM</arg>
<arg>CN</arg>
<arg>CO</arg>
<arg>CR</arg>
<arg>CU</arg>
<arg>CV</arg>
<arg>CW</arg>
<arg>CX</arg>
<arg>CY</arg>
<arg>CZ</arg>
<arg>DE</arg>
<arg>DJ</arg>
<arg>DK</arg>
<arg>DM</arg>
<arg>DO</arg>
<arg>DZ</arg>
<arg>EC</arg>
<arg>EE</arg>
<arg>EG</arg>
<arg>EH</arg>
<arg>ER</arg>
<arg>ES</arg>
<arg>ET</arg>
<arg>FI</arg>
<arg>FJ</arg>
<arg>FK</arg>
<arg>FM</arg>
<arg>FO</arg>
<arg>FR</arg>
<arg>GA</arg>
<arg>GB</arg>
<arg>GD</arg>
<arg>GE</arg>
<arg>GF</arg>
<arg>GG</arg>
<arg>GH</arg>
<arg>GI</arg>
<arg>GL</arg>
<arg>GM</arg>
<arg>GN</arg>
<arg>GP</arg>
<arg>GQ</arg>
<arg>GR</arg>
<arg>GS</arg>
<arg>GT</arg>
<arg>GU</arg>
<arg>GW</arg>
<arg>GY</arg>
<arg>HK</arg>
<arg>HM</arg>
<arg>HN</arg>
<arg>HR</arg>
<arg>HT</arg>
<arg>HU</arg>
<arg>ID</arg>
<arg>IE</arg>
<arg>IL</arg>
<arg>IM</arg>
<arg>IN</arg>
<arg>IO</arg>
<arg>IQ</arg>
<arg>IR</arg>
<arg>IS</arg>
<arg>IT</arg>
<arg>JE</arg>
<arg>JM</arg>
<arg>JO</arg>
<arg>JP</arg>
<arg>KE</arg>
<arg>KG</arg>
<arg>KH</arg>
<arg>KI</arg>
<arg>KM</arg>
<arg>KN</arg>
<arg>KP</arg>
<arg>KR</arg>
<arg>KW</arg>
<arg>KY</arg>
<arg>KZ</arg>
<arg>LA</arg>
<arg>LB</arg>
<arg>LC</arg>
<arg>LI</arg>
<arg>LK</arg>
<arg>LR</arg>
<arg>LS</arg>
<arg>LT</arg>
<arg>LU</arg>
<arg>LV</arg>
<arg>LY</arg>
<arg>MA</arg>
<arg>MC</arg>
<arg>MD</arg>
<arg>ME</arg>
<arg>MF</arg>
<arg>MG</arg>
<arg>MH</arg>
<arg>MK</arg>
<arg>ML</arg>
<arg>MM</arg>
<arg>MN</arg>
<arg>MO</arg>
<arg>MP</arg>
<arg>MQ</arg>
<arg>MR</arg>
<arg>MS</arg>
<arg>MT</arg>
<arg>MU</arg>
<arg>MV</arg>
<arg>MW</arg>
<arg>MX</arg>
<arg>MY</arg>
<arg>MZ</arg>
<arg>NA</arg>
<arg>NC</arg>
<arg>NE</arg>
<arg>NF</arg>
<arg>NG</arg>
<arg>NI</arg>
<arg>NL</arg>
<arg>NO</arg>
<arg>NP</arg>
<arg>NR</arg>
<arg>NU</arg>
<arg>NZ</arg>
<arg>OM</arg>
<arg>PA</arg>
<arg>PE</arg>
<arg>PF</arg>
<arg>PG</arg>
<arg>PH</arg>
<arg>PK</arg>
<arg>PL</arg>
<arg>PM</arg>
<arg>PN</arg>
<arg>PR</arg>
<arg>PS</arg>
<arg>PT</arg>
<arg>PW</arg>
<arg>PY</arg>
<arg>QA</arg>
<arg>RE</arg>
<arg>RO</arg>
<arg>RS</arg>
<arg>RU</arg>
<arg>RW</arg>
<arg>SA</arg>
<arg>SB</arg>
<arg>SC</arg>
<arg>SD</arg>
<arg>SE</arg>
<arg>SG</arg>
<arg>SH</arg>
<arg>SI</arg>
<arg>SJ</arg>
<arg>SK</arg>
<arg>SL</arg>
<arg>SM</arg>
<arg>SN</arg>
<arg>SO</arg>
<arg>SR</arg>
<arg>SS</arg>
<arg>ST</arg>
<arg>SV</arg>
<arg>SX</arg>
<arg>SY</arg>
<arg>SZ</arg>
<arg>TC</arg>
<arg>TD</arg>
<arg>TF</arg>
<arg>TG</arg>
<arg>TH</arg>
<arg>TJ</arg>
<arg>TK</arg>
<arg>TL</arg>
<arg>TM</arg>
<arg>TN</arg>
<arg>TO</arg>
<arg>TR</arg>
<arg>TT</arg>
<arg>TV</arg>
<arg>TW</arg>
<arg>TZ</arg>
<arg>UA</arg>
<arg>UG</arg>
<arg>UM</arg>
<arg>US</arg>
<arg>UY</arg>
<arg>UZ</arg>
<arg>VA</arg>
<arg>VC</arg>
<arg>VE</arg>
<arg>VG</arg>
<arg>VI</arg>
<arg>VN</arg>
<arg>VU</arg>
<arg>WF</arg>
<arg>WS</arg>
<arg>XK</arg>
<arg>YE</arg>
<arg>YT</arg>
<arg>ZA</arg>
<arg>ZM</arg>
<arg>ZW</arg>
<doc>Returns a list containing given items.</doc>
<status status="PASS" start="2024-08-08T21:14:38.799538" elapsed="0.000623"/>
</kw>
<kw name="List Should Contain Value" owner="Collections">
<arg>${list_country}</arg>
<arg>${name_country}</arg>
<doc>Fails if the ``value`` is not found from ``list``.</doc>
<status status="PASS" start="2024-08-08T21:14:38.801122" elapsed="0.000209"/>
</kw>
<kw name="Run Keyword If" owner="BuiltIn">
<kw name="Should Be True" owner="BuiltIn">
<arg>${True}</arg>
<doc>Fails if the given condition is not true.</doc>
<status status="PASS" start="2024-08-08T21:14:38.802300" elapsed="0.000145"/>
</kw>
<arg>${json_data["results"][0]["location"]["coordinates"]["latitude"]} &gt;= -90 and ${json_data["results"][0]["location"]["coordinates"]["latitude"]} &lt;= 90</arg>
<arg>Should Be True</arg>
<arg>${True}</arg>
<doc>Runs the given keyword with the given arguments, if ``condition`` is true.</doc>
<status status="PASS" start="2024-08-08T21:14:38.801529" elapsed="0.001040"/>
</kw>
<kw name="Run Keyword If" owner="BuiltIn">
<kw name="Should Be True" owner="BuiltIn">
<arg>${True}</arg>
<doc>Fails if the given condition is not true.</doc>
<status status="PASS" start="2024-08-08T21:14:38.803431" elapsed="0.000149"/>
</kw>
<arg>${json_data["results"][0]["location"]["coordinates"]["longitude"]} &gt;= -180 and ${json_data["results"][0]["location"]["coordinates"]["longitude"]} &lt;= 180</arg>
<arg>Should Be True</arg>
<arg>${True}</arg>
<doc>Runs the given keyword with the given arguments, if ``condition`` is true.</doc>
<status status="PASS" start="2024-08-08T21:14:38.802747" elapsed="0.000955"/>
</kw>
<status status="PASS" start="2024-08-08T21:14:38.703156" elapsed="0.100677"/>
</kw>
<doc>Testa o conteúdo específico dos campos retornados pela API.</doc>
<tag>testeConteudo</tag>
<status status="PASS" start="2024-08-08T21:14:38.702515" elapsed="0.101469"/>
</test>
<status status="PASS" start="2024-08-08T21:14:37.945346" elapsed="0.860595"/>
</suite>
<status status="PASS" start="2024-08-08T21:14:37.930539" elapsed="0.880503"/>
</suite>
<statistics>
<total>
<stat pass="5" fail="0" skip="0">All Tests</stat>
</total>
<tag>
<stat pass="1" fail="0" skip="0">testeConteudo</stat>
<stat pass="1" fail="0" skip="0">testeEstruturaResposta</stat>
<stat pass="1" fail="0" skip="0">testeRequisicaoBasica</stat>
<stat pass="1" fail="0" skip="0">testeTiposDados</stat>
</tag>
<suite>
<stat pass="5" fail="0" skip="0" id="s1" name="Tests">Tests</stat>
<stat pass="5" fail="0" skip="0" id="s1-s1" name="Random-User-Test">Tests.Random-User-Test</stat>
</suite>
</statistics>
<errors>
</errors>
</robot>
