<?xml version="1.0" encoding="UTF-8"?>
<robot generator="Robot 7.0 (Python 3.12.2 on linux)" generated="2024-04-14T14:29:08.985895" rpa="false" schemaversion="5">
<suite id="s1" name="Tests" source="/home/runner/work/DesafioQAItauRogerioJordao/DesafioQAItauRogerioJordao/RamdonUser/tests">
<suite id="s1-s1" name="Random-User-Test" source="/home/runner/work/DesafioQAItauRogerioJordao/DesafioQAItauRogerioJordao/RamdonUser/tests/random-user-test.robot">
<test id="s1-s1-t1" name="Conectar" line="13">
<kw name="Conectar API" owner="random-user-service">
<kw name="Create Session" owner="RequestsLibrary">
<msg time="2024-04-14T14:29:09.337418" level="INFO">Creating Session using : alias=consultarAPI, url=https://randomuser.me/, headers={},                     cookies={}, auth=None, timeout=None, proxies=None, verify=False,                     debug=0 </msg>
<arg>consultarAPI</arg>
<arg>${URL}</arg>
<doc>Create Session: create a HTTP session to a server</doc>
<status status="PASS" start="2024-04-14T14:29:09.337222" elapsed="0.000365"/>
</kw>
<status status="PASS" start="2024-04-14T14:29:09.336191" elapsed="0.001734"/>
</kw>
<status status="PASS" start="2024-04-14T14:29:09.335641" elapsed="0.002491"/>
</test>
<test id="s1-s1-t2" name="Validar retorno 200 e JSON Válido" line="16">
<kw name="Teste de Requisicao Basica" owner="random-user-service">
<kw name="GET On Session" owner="RequestsLibrary">
<msg time="2024-04-14T14:29:09.411288" level="INFO">GET Request : url=https://randomuser.me/api 
 path_url=/api 
 headers={'User-Agent': 'python-requests/2.31.0', 'Accept-Encoding': 'gzip, deflate', 'Accept': '*/*', 'Connection': 'keep-alive'} 
 body=None 
 </msg>
<msg time="2024-04-14T14:29:09.411461" level="INFO">GET Response : url=https://randomuser.me/api 
 status=200, reason=OK 
 headers={'Date': 'Sun, 14 Apr 2024 14:29:09 GMT', 'Content-Type': 'application/json; charset=utf-8', 'Transfer-Encoding': 'chunked', 'Connection': 'keep-alive', 'X-Powered-By': 'Express', 'Access-Control-Allow-Origin': '*', 'Cache-Control': 'no-cache', 'ETag': 'W/"4a5-zghwLO0eZufwiI+mq7MjGGCRplM"', 'Vary': 'Accept-Encoding', 'Content-Encoding': 'gzip', 'CF-Cache-Status': 'DYNAMIC', 'Report-To': '{"endpoints":[{"url":"https:\\/\\/a.nel.cloudflare.com\\/report\\/v4?s=HrOiWM%2Bo%2BjROX5NMDKk235pN4Woyd30yueD8g9Tm12bArhCzH5OpycpBx98n17ZP8VLM%2BxO%2FZjen2idCi1D2UB6ZQ4VxLHZiNX31tsXoLDV5xCmz4E%2FSHn4fQV5NQ6NW"}],"group":"cf-nel","max_age":604800}', 'NEL': '{"success_fraction":0,"report_to":"cf-nel","max_age":604800}', 'Server': 'cloudflare', 'CF-RAY': '874462ed896b207c-IAD', 'alt-svc': 'h3=":443"; ma=86400'} 
 body={"results":[{"gender":"female","name":{"title":"Ms","first":"Claudia","last":"Pierce"},"location":{"street":{"number":6063,"name":"Taylor St"},"city":"Gresham","state":"Washington","country":"United States","postcode":25367,"coordinates":{"latitude":"88.3427","longitude":"64.0372"},"timezone":{"offset":"-4:00","description":"Atlantic Time (Canada), Caracas, La Paz"}},"email":"claudia.pierce@example.com","login":{"uuid":"3bb49d6e-27df-4cc1-b93d-6863292bc46e","username":"ticklishgorilla602","password":"carmen","salt":"DY8YUe8M","md5":"976bf25ccfee6f76fc7d866bdd505628","sha1":"358a791c7b89c3b5e64568740a5ab487c38fc762","sha256":"89a174f300bee53deb04873a5058eb24b8108947e303f928f08a7898d9bda191"},"dob":{"date":"1967-07-23T01:50:09.190Z","age":56},"registered":{"date":"2006-09-01T21:40:36.273Z","age":17},"phone":"(617) 824-9747","cell":"(258) 948-5036","id":{"name":"SSN","value":"893-06-7355"},"picture":{"large":"https://randomuser.me/api/portraits/women/17.jpg","medium":"https://randomuser.me/api/portraits/med/women/17.jpg","thumbnail":"https://randomuser.me/api/portraits/thumb/women/17.jpg"},"nat":"US"}],"info":{"seed":"e05894e2dd772924","results":1,"page":1,"version":"1.4"}} 
 </msg>
<msg time="2024-04-14T14:29:09.411555" level="INFO">/opt/hostedtoolcache/Python/3.12.2/x64/lib/python3.12/site-packages/urllib3/connectionpool.py:1103: InsecureRequestWarning: Unverified HTTPS request is being made to host 'randomuser.me'. Adding certificate verification is strongly advised. See: https://urllib3.readthedocs.io/en/latest/advanced-usage.html#tls-warnings
  warnings.warn(</msg>
<msg time="2024-04-14T14:29:09.411720" level="INFO">${response} = &lt;Response [200]&gt;</msg>
<var>${response}</var>
<arg>consultarAPI</arg>
<arg>/api</arg>
<doc>Sends a GET request on a previously created HTTP Session.</doc>
<status status="PASS" start="2024-04-14T14:29:09.340776" elapsed="0.071003"/>
</kw>
<kw name="Should Be Equal As Numbers" owner="BuiltIn">
<msg time="2024-04-14T14:29:09.412571" level="INFO">Argument types are:
&lt;class 'int'&gt;
&lt;class 'str'&gt;</msg>
<arg>${response.status_code}</arg>
<arg>200</arg>
<doc>Fails if objects are unequal after converting them to real numbers.</doc>
<status status="PASS" start="2024-04-14T14:29:09.412169" elapsed="0.000467"/>
</kw>
<kw name="Log" owner="BuiltIn">
<msg time="2024-04-14T14:29:09.413308" level="INFO">200</msg>
<arg>${response.status_code}</arg>
<doc>Logs the given message with the given level.</doc>
<status status="PASS" start="2024-04-14T14:29:09.412959" elapsed="0.000394"/>
</kw>
<kw name="Set Variable" owner="BuiltIn">
<msg time="2024-04-14T14:29:09.414114" level="INFO">${json_data} = {'results': [{'gender': 'female', 'name': {'title': 'Ms', 'first': 'Claudia', 'last': 'Pierce'}, 'location': {'street': {'number': 6063, 'name': 'Taylor St'}, 'city': 'Gresham', 'state': 'Washington',...</msg>
<var>${json_data}</var>
<arg>${response.json()}</arg>
<doc>Returns the given values which can then be assigned to a variables.</doc>
<status status="PASS" start="2024-04-14T14:29:09.413682" elapsed="0.000460"/>
</kw>
<kw name="Dictionary Should Contain Key" owner="Collections">
<msg time="2024-04-14T14:29:09.414621" level="INFO">False</msg>
<arg>${json_data}</arg>
<arg>results</arg>
<doc>Fails if ``key`` is not found from ``dictionary``.</doc>
<status status="PASS" start="2024-04-14T14:29:09.414456" elapsed="0.000209"/>
</kw>
<status status="PASS" start="2024-04-14T14:29:09.340529" elapsed="0.074391"/>
</kw>
<doc>Testa se a API responde corretamente e retorna um objeto JSON válido.</doc>
<tag>testeRequisicaoBasica</tag>
<status status="PASS" start="2024-04-14T14:29:09.340008" elapsed="0.075084"/>
</test>
<test id="s1-s1-t3" name="Validar estrutura de resposta" line="22">
<kw name="Teste de Estrutura de Resposta" owner="random-user-service">
<kw name="GET On Session" owner="RequestsLibrary">
<msg time="2024-04-14T14:29:09.545140" level="INFO">GET Request : url=https://randomuser.me/api 
 path_url=/api 
 headers={'User-Agent': 'python-requests/2.31.0', 'Accept-Encoding': 'gzip, deflate', 'Accept': '*/*', 'Connection': 'keep-alive'} 
 body=None 
 </msg>
<msg time="2024-04-14T14:29:09.545209" level="INFO">GET Response : url=https://randomuser.me/api 
 status=200, reason=OK 
 headers={'Date': 'Sun, 14 Apr 2024 14:29:09 GMT', 'Content-Type': 'application/json; charset=utf-8', 'Transfer-Encoding': 'chunked', 'Connection': 'keep-alive', 'X-Powered-By': 'Express', 'Access-Control-Allow-Origin': '*', 'Cache-Control': 'no-cache', 'ETag': 'W/"481-kEgRkETq3yHuEZjQbvmpUT0e+GA"', 'Vary': 'Accept-Encoding', 'Content-Encoding': 'gzip', 'CF-Cache-Status': 'DYNAMIC', 'Report-To': '{"endpoints":[{"url":"https:\\/\\/a.nel.cloudflare.com\\/report\\/v4?s=RJT%2FGcXXHuTBw1R8GvNm4LpPbEpg4byr2vS2Cxhw1T1L1tkHth3uOXm1XEL5oD26ggDMQ9AHPX7Ju9Oa6%2Bu42gXycR8f%2Bi2n7U8a7VWk2I58lzZUeHBKixR%2BARUaT2k2"}],"group":"cf-nel","max_age":604800}', 'NEL': '{"success_fraction":0,"report_to":"cf-nel","max_age":604800}', 'Server': 'cloudflare', 'CF-RAY': '874462edd9c9207c-IAD', 'alt-svc': 'h3=":443"; ma=86400'} 
 body={"results":[{"gender":"female","name":{"title":"Mrs","first":"Nalan","last":"Dizdar"},"location":{"street":{"number":4799,"name":"Istiklal Cd"},"city":"Kırklareli","state":"Sinop","country":"Turkey","postcode":52288,"coordinates":{"latitude":"69.8021","longitude":"171.6713"},"timezone":{"offset":"+2:00","description":"Kaliningrad, South Africa"}},"email":"nalan.dizdar@example.com","login":{"uuid":"b468777b-7511-4c16-87f4-4c8b9bd6dc5d","username":"crazyelephant795","password":"wearing","salt":"uheWexWE","md5":"2935d38dd534aa6b0fe4940c56c1b5e2","sha1":"1182eaf1daad680afda754787354a271dc2ada84","sha256":"8b6cd6ee397d7fb1dd50ce765c53f3c1dcd861fffe8f9855db1b3c3ff71e680a"},"dob":{"date":"1973-10-29T11:10:08.496Z","age":50},"registered":{"date":"2016-07-23T23:22:12.364Z","age":7},"phone":"(783)-873-8672","cell":"(956)-658-6266","id":{"name":"","value":null},"picture":{"large":"https://randomuser.me/api/portraits/women/56.jpg","medium":"https://randomuser.me/api/portraits/med/women/56.jpg","thumbnail":"https://randomuser.me/api/portraits/thumb/women/56.jpg"},"nat":"TR"}],"info":{"seed":"0738b5ee0e04ecec","results":1,"page":1,"version":"1.4"}} 
 </msg>
<msg time="2024-04-14T14:29:09.545319" level="INFO">/opt/hostedtoolcache/Python/3.12.2/x64/lib/python3.12/site-packages/urllib3/connectionpool.py:1103: InsecureRequestWarning: Unverified HTTPS request is being made to host 'randomuser.me'. Adding certificate verification is strongly advised. See: https://urllib3.readthedocs.io/en/latest/advanced-usage.html#tls-warnings
  warnings.warn(</msg>
<msg time="2024-04-14T14:29:09.545437" level="INFO">${response} = &lt;Response [200]&gt;</msg>
<var>${response}</var>
<arg>consultarAPI</arg>
<arg>/api</arg>
<doc>Sends a GET request on a previously created HTTP Session.</doc>
<status status="PASS" start="2024-04-14T14:29:09.418159" elapsed="0.127322"/>
</kw>
<kw name="Set Variable" owner="BuiltIn">
<msg time="2024-04-14T14:29:09.546335" level="INFO">${json_data} = {'results': [{'gender': 'female', 'name': {'title': 'Mrs', 'first': 'Nalan', 'last': 'Dizdar'}, 'location': {'street': {'number': 4799, 'name': 'Istiklal Cd'}, 'city': 'Kırklareli', 'state': 'Sinop', ...</msg>
<var>${json_data}</var>
<arg>${response.json()}</arg>
<doc>Returns the given values which can then be assigned to a variables.</doc>
<status status="PASS" start="2024-04-14T14:29:09.545865" elapsed="0.000501"/>
</kw>
<kw name="Log" owner="BuiltIn">
<msg time="2024-04-14T14:29:09.546844" level="INFO">{'results': [{'gender': 'female', 'name': {'title': 'Mrs', 'first': 'Nalan', 'last': 'Dizdar'}, 'location': {'street': {'number': 4799, 'name': 'Istiklal Cd'}, 'city': 'Kırklareli', 'state': 'Sinop', 'country': 'Turkey', 'postcode': 52288, 'coordinates': {'latitude': '69.8021', 'longitude': '171.6713'}, 'timezone': {'offset': '+2:00', 'description': 'Kaliningrad, South Africa'}}, 'email': 'nalan.dizdar@example.com', 'login': {'uuid': 'b468777b-7511-4c16-87f4-4c8b9bd6dc5d', 'username': 'crazyelephant795', 'password': 'wearing', 'salt': 'uheWexWE', 'md5': '2935d38dd534aa6b0fe4940c56c1b5e2', 'sha1': '1182eaf1daad680afda754787354a271dc2ada84', 'sha256': '8b6cd6ee397d7fb1dd50ce765c53f3c1dcd861fffe8f9855db1b3c3ff71e680a'}, 'dob': {'date': '1973-10-29T11:10:08.496Z', 'age': 50}, 'registered': {'date': '2016-07-23T23:22:12.364Z', 'age': 7}, 'phone': '(783)-873-8672', 'cell': '(956)-658-6266', 'id': {'name': '', 'value': None}, 'picture': {'large': 'https://randomuser.me/api/portraits/women/56.jpg', 'medium': 'https://randomuser.me/api/portraits/med/women/56.jpg', 'thumbnail': 'https://randomuser.me/api/portraits/thumb/women/56.jpg'}, 'nat': 'TR'}], 'info': {'seed': '0738b5ee0e04ecec', 'results': 1, 'page': 1, 'version': '1.4'}}</msg>
<arg>${json_data}</arg>
<doc>Logs the given message with the given level.</doc>
<status status="PASS" start="2024-04-14T14:29:09.546681" elapsed="0.000215"/>
</kw>
<kw name="Dictionary Should Contain Key" owner="Collections">
<msg time="2024-04-14T14:29:09.547350" level="INFO">False</msg>
<arg>${json_data}</arg>
<arg>results</arg>
<doc>Fails if ``key`` is not found from ``dictionary``.</doc>
<status status="PASS" start="2024-04-14T14:29:09.547196" elapsed="0.000230"/>
</kw>
<kw name="Should Not Be Empty" owner="BuiltIn">
<msg time="2024-04-14T14:29:09.547869" level="INFO">Length is 2.</msg>
<arg>${json_data}</arg>
<doc>Verifies that the given item is not empty.</doc>
<status status="PASS" start="2024-04-14T14:29:09.547735" elapsed="0.000174"/>
</kw>
<kw name="Create List" owner="BuiltIn">
<msg time="2024-04-14T14:29:09.548352" level="INFO">${expected_keys} = ['gender', 'name', 'location', 'email', 'login']</msg>
<var>${expected_keys}</var>
<arg>gender</arg>
<arg>name</arg>
<arg>location</arg>
<arg>email</arg>
<arg>login</arg>
<doc>Returns a list containing given items.</doc>
<status status="PASS" start="2024-04-14T14:29:09.548202" elapsed="0.000175"/>
</kw>
<for flavor="IN">
<iter>
<kw name="Dictionary Should Contain Key" owner="Collections">
<msg time="2024-04-14T14:29:09.549349" level="INFO">False</msg>
<arg>${json_data['results'][0]}</arg>
<arg>${key}</arg>
<doc>Fails if ``key`` is not found from ``dictionary``.</doc>
<status status="PASS" start="2024-04-14T14:29:09.548938" elapsed="0.000451"/>
</kw>
<kw name="Log" owner="BuiltIn">
<msg time="2024-04-14T14:29:09.550066" level="INFO">{'gender': 'female', 'name': {'title': 'Mrs', 'first': 'Nalan', 'last': 'Dizdar'}, 'location': {'street': {'number': 4799, 'name': 'Istiklal Cd'}, 'city': 'Kırklareli', 'state': 'Sinop', 'country': 'Turkey', 'postcode': 52288, 'coordinates': {'latitude': '69.8021', 'longitude': '171.6713'}, 'timezone': {'offset': '+2:00', 'description': 'Kaliningrad, South Africa'}}, 'email': 'nalan.dizdar@example.com', 'login': {'uuid': 'b468777b-7511-4c16-87f4-4c8b9bd6dc5d', 'username': 'crazyelephant795', 'password': 'wearing', 'salt': 'uheWexWE', 'md5': '2935d38dd534aa6b0fe4940c56c1b5e2', 'sha1': '1182eaf1daad680afda754787354a271dc2ada84', 'sha256': '8b6cd6ee397d7fb1dd50ce765c53f3c1dcd861fffe8f9855db1b3c3ff71e680a'}, 'dob': {'date': '1973-10-29T11:10:08.496Z', 'age': 50}, 'registered': {'date': '2016-07-23T23:22:12.364Z', 'age': 7}, 'phone': '(783)-873-8672', 'cell': '(956)-658-6266', 'id': {'name': '', 'value': None}, 'picture': {'large': 'https://randomuser.me/api/portraits/women/56.jpg', 'medium': 'https://randomuser.me/api/portraits/med/women/56.jpg', 'thumbnail': 'https://randomuser.me/api/portraits/thumb/women/56.jpg'}, 'nat': 'TR'}</msg>
<arg>${json_data['results'][0]}</arg>
<doc>Logs the given message with the given level.</doc>
<status status="PASS" start="2024-04-14T14:29:09.549691" elapsed="0.000427"/>
</kw>
<kw name="Log" owner="BuiltIn">
<msg time="2024-04-14T14:29:09.550546" level="INFO">gender</msg>
<arg>${key}</arg>
<doc>Logs the given message with the given level.</doc>
<status status="PASS" start="2024-04-14T14:29:09.550418" elapsed="0.000167"/>
</kw>
<var name="${key}">gender</var>
<status status="PASS" start="2024-04-14T14:29:09.548814" elapsed="0.001993"/>
</iter>
<iter>
<kw name="Dictionary Should Contain Key" owner="Collections">
<msg time="2024-04-14T14:29:09.551525" level="INFO">False</msg>
<arg>${json_data['results'][0]}</arg>
<arg>${key}</arg>
<doc>Fails if ``key`` is not found from ``dictionary``.</doc>
<status status="PASS" start="2024-04-14T14:29:09.551109" elapsed="0.000464"/>
</kw>
<kw name="Log" owner="BuiltIn">
<msg time="2024-04-14T14:29:09.552274" level="INFO">{'gender': 'female', 'name': {'title': 'Mrs', 'first': 'Nalan', 'last': 'Dizdar'}, 'location': {'street': {'number': 4799, 'name': 'Istiklal Cd'}, 'city': 'Kırklareli', 'state': 'Sinop', 'country': 'Turkey', 'postcode': 52288, 'coordinates': {'latitude': '69.8021', 'longitude': '171.6713'}, 'timezone': {'offset': '+2:00', 'description': 'Kaliningrad, South Africa'}}, 'email': 'nalan.dizdar@example.com', 'login': {'uuid': 'b468777b-7511-4c16-87f4-4c8b9bd6dc5d', 'username': 'crazyelephant795', 'password': 'wearing', 'salt': 'uheWexWE', 'md5': '2935d38dd534aa6b0fe4940c56c1b5e2', 'sha1': '1182eaf1daad680afda754787354a271dc2ada84', 'sha256': '8b6cd6ee397d7fb1dd50ce765c53f3c1dcd861fffe8f9855db1b3c3ff71e680a'}, 'dob': {'date': '1973-10-29T11:10:08.496Z', 'age': 50}, 'registered': {'date': '2016-07-23T23:22:12.364Z', 'age': 7}, 'phone': '(783)-873-8672', 'cell': '(956)-658-6266', 'id': {'name': '', 'value': None}, 'picture': {'large': 'https://randomuser.me/api/portraits/women/56.jpg', 'medium': 'https://randomuser.me/api/portraits/med/women/56.jpg', 'thumbnail': 'https://randomuser.me/api/portraits/thumb/women/56.jpg'}, 'nat': 'TR'}</msg>
<arg>${json_data['results'][0]}</arg>
<doc>Logs the given message with the given level.</doc>
<status status="PASS" start="2024-04-14T14:29:09.551898" elapsed="0.000436"/>
</kw>
<kw name="Log" owner="BuiltIn">
<msg time="2024-04-14T14:29:09.552770" level="INFO">name</msg>
<arg>${key}</arg>
<doc>Logs the given message with the given level.</doc>
<status status="PASS" start="2024-04-14T14:29:09.552640" elapsed="0.000169"/>
</kw>
<var name="${key}">name</var>
<status status="PASS" start="2024-04-14T14:29:09.550994" elapsed="0.002037"/>
</iter>
<iter>
<kw name="Dictionary Should Contain Key" owner="Collections">
<msg time="2024-04-14T14:29:09.553698" level="INFO">False</msg>
<arg>${json_data['results'][0]}</arg>
<arg>${key}</arg>
<doc>Fails if ``key`` is not found from ``dictionary``.</doc>
<status status="PASS" start="2024-04-14T14:29:09.553323" elapsed="0.000413"/>
</kw>
<kw name="Log" owner="BuiltIn">
<msg time="2024-04-14T14:29:09.554396" level="INFO">{'gender': 'female', 'name': {'title': 'Mrs', 'first': 'Nalan', 'last': 'Dizdar'}, 'location': {'street': {'number': 4799, 'name': 'Istiklal Cd'}, 'city': 'Kırklareli', 'state': 'Sinop', 'country': 'Turkey', 'postcode': 52288, 'coordinates': {'latitude': '69.8021', 'longitude': '171.6713'}, 'timezone': {'offset': '+2:00', 'description': 'Kaliningrad, South Africa'}}, 'email': 'nalan.dizdar@example.com', 'login': {'uuid': 'b468777b-7511-4c16-87f4-4c8b9bd6dc5d', 'username': 'crazyelephant795', 'password': 'wearing', 'salt': 'uheWexWE', 'md5': '2935d38dd534aa6b0fe4940c56c1b5e2', 'sha1': '1182eaf1daad680afda754787354a271dc2ada84', 'sha256': '8b6cd6ee397d7fb1dd50ce765c53f3c1dcd861fffe8f9855db1b3c3ff71e680a'}, 'dob': {'date': '1973-10-29T11:10:08.496Z', 'age': 50}, 'registered': {'date': '2016-07-23T23:22:12.364Z', 'age': 7}, 'phone': '(783)-873-8672', 'cell': '(956)-658-6266', 'id': {'name': '', 'value': None}, 'picture': {'large': 'https://randomuser.me/api/portraits/women/56.jpg', 'medium': 'https://randomuser.me/api/portraits/med/women/56.jpg', 'thumbnail': 'https://randomuser.me/api/portraits/thumb/women/56.jpg'}, 'nat': 'TR'}</msg>
<arg>${json_data['results'][0]}</arg>
<doc>Logs the given message with the given level.</doc>
<status status="PASS" start="2024-04-14T14:29:09.554033" elapsed="0.000414"/>
</kw>
<kw name="Log" owner="BuiltIn">
<msg time="2024-04-14T14:29:09.554877" level="INFO">location</msg>
<arg>${key}</arg>
<doc>Logs the given message with the given level.</doc>
<status status="PASS" start="2024-04-14T14:29:09.554748" elapsed="0.000170"/>
</kw>
<var name="${key}">location</var>
<status status="PASS" start="2024-04-14T14:29:09.553212" elapsed="0.001932"/>
</iter>
<iter>
<kw name="Dictionary Should Contain Key" owner="Collections">
<msg time="2024-04-14T14:29:09.555863" level="INFO">False</msg>
<arg>${json_data['results'][0]}</arg>
<arg>${key}</arg>
<doc>Fails if ``key`` is not found from ``dictionary``.</doc>
<status status="PASS" start="2024-04-14T14:29:09.555470" elapsed="0.000437"/>
</kw>
<kw name="Log" owner="BuiltIn">
<msg time="2024-04-14T14:29:09.556577" level="INFO">{'gender': 'female', 'name': {'title': 'Mrs', 'first': 'Nalan', 'last': 'Dizdar'}, 'location': {'street': {'number': 4799, 'name': 'Istiklal Cd'}, 'city': 'Kırklareli', 'state': 'Sinop', 'country': 'Turkey', 'postcode': 52288, 'coordinates': {'latitude': '69.8021', 'longitude': '171.6713'}, 'timezone': {'offset': '+2:00', 'description': 'Kaliningrad, South Africa'}}, 'email': 'nalan.dizdar@example.com', 'login': {'uuid': 'b468777b-7511-4c16-87f4-4c8b9bd6dc5d', 'username': 'crazyelephant795', 'password': 'wearing', 'salt': 'uheWexWE', 'md5': '2935d38dd534aa6b0fe4940c56c1b5e2', 'sha1': '1182eaf1daad680afda754787354a271dc2ada84', 'sha256': '8b6cd6ee397d7fb1dd50ce765c53f3c1dcd861fffe8f9855db1b3c3ff71e680a'}, 'dob': {'date': '1973-10-29T11:10:08.496Z', 'age': 50}, 'registered': {'date': '2016-07-23T23:22:12.364Z', 'age': 7}, 'phone': '(783)-873-8672', 'cell': '(956)-658-6266', 'id': {'name': '', 'value': None}, 'picture': {'large': 'https://randomuser.me/api/portraits/women/56.jpg', 'medium': 'https://randomuser.me/api/portraits/med/women/56.jpg', 'thumbnail': 'https://randomuser.me/api/portraits/thumb/women/56.jpg'}, 'nat': 'TR'}</msg>
<arg>${json_data['results'][0]}</arg>
<doc>Logs the given message with the given level.</doc>
<status status="PASS" start="2024-04-14T14:29:09.556208" elapsed="0.000421"/>
</kw>
<kw name="Log" owner="BuiltIn">
<msg time="2024-04-14T14:29:09.557061" level="INFO">email</msg>
<arg>${key}</arg>
<doc>Logs the given message with the given level.</doc>
<status status="PASS" start="2024-04-14T14:29:09.556932" elapsed="0.000168"/>
</kw>
<var name="${key}">email</var>
<status status="PASS" start="2024-04-14T14:29:09.555323" elapsed="0.001993"/>
</iter>
<iter>
<kw name="Dictionary Should Contain Key" owner="Collections">
<msg time="2024-04-14T14:29:09.557974" level="INFO">False</msg>
<arg>${json_data['results'][0]}</arg>
<arg>${key}</arg>
<doc>Fails if ``key`` is not found from ``dictionary``.</doc>
<status status="PASS" start="2024-04-14T14:29:09.557602" elapsed="0.000409"/>
</kw>
<kw name="Log" owner="BuiltIn">
<msg time="2024-04-14T14:29:09.558664" level="INFO">{'gender': 'female', 'name': {'title': 'Mrs', 'first': 'Nalan', 'last': 'Dizdar'}, 'location': {'street': {'number': 4799, 'name': 'Istiklal Cd'}, 'city': 'Kırklareli', 'state': 'Sinop', 'country': 'Turkey', 'postcode': 52288, 'coordinates': {'latitude': '69.8021', 'longitude': '171.6713'}, 'timezone': {'offset': '+2:00', 'description': 'Kaliningrad, South Africa'}}, 'email': 'nalan.dizdar@example.com', 'login': {'uuid': 'b468777b-7511-4c16-87f4-4c8b9bd6dc5d', 'username': 'crazyelephant795', 'password': 'wearing', 'salt': 'uheWexWE', 'md5': '2935d38dd534aa6b0fe4940c56c1b5e2', 'sha1': '1182eaf1daad680afda754787354a271dc2ada84', 'sha256': '8b6cd6ee397d7fb1dd50ce765c53f3c1dcd861fffe8f9855db1b3c3ff71e680a'}, 'dob': {'date': '1973-10-29T11:10:08.496Z', 'age': 50}, 'registered': {'date': '2016-07-23T23:22:12.364Z', 'age': 7}, 'phone': '(783)-873-8672', 'cell': '(956)-658-6266', 'id': {'name': '', 'value': None}, 'picture': {'large': 'https://randomuser.me/api/portraits/women/56.jpg', 'medium': 'https://randomuser.me/api/portraits/med/women/56.jpg', 'thumbnail': 'https://randomuser.me/api/portraits/thumb/women/56.jpg'}, 'nat': 'TR'}</msg>
<arg>${json_data['results'][0]}</arg>
<doc>Logs the given message with the given level.</doc>
<status status="PASS" start="2024-04-14T14:29:09.558307" elapsed="0.000407"/>
</kw>
<kw name="Log" owner="BuiltIn">
<msg time="2024-04-14T14:29:09.559136" level="INFO">login</msg>
<arg>${key}</arg>
<doc>Logs the given message with the given level.</doc>
<status status="PASS" start="2024-04-14T14:29:09.559008" elapsed="0.000166"/>
</kw>
<var name="${key}">login</var>
<status status="PASS" start="2024-04-14T14:29:09.557490" elapsed="0.001923"/>
</iter>
<var>${key}</var>
<value>@{expected_keys}</value>
<status status="PASS" start="2024-04-14T14:29:09.548633" elapsed="0.010932"/>
</for>
<kw name="Create List" owner="BuiltIn">
<msg time="2024-04-14T14:29:09.559903" level="INFO">${expected_keysTwo} = ['username', 'password']</msg>
<var>${expected_keysTwo}</var>
<arg>username</arg>
<arg>password</arg>
<doc>Returns a list containing given items.</doc>
<status status="PASS" start="2024-04-14T14:29:09.559767" elapsed="0.000160"/>
</kw>
<for flavor="IN">
<iter>
<kw name="Dictionary Should Contain Key" owner="Collections">
<msg time="2024-04-14T14:29:09.560917" level="INFO">False</msg>
<arg>${json_data['results'][0]['login']}</arg>
<arg>${keyTwo}</arg>
<doc>Fails if ``key`` is not found from ``dictionary``.</doc>
<status status="PASS" start="2024-04-14T14:29:09.560533" elapsed="0.000423"/>
</kw>
<kw name="Dictionary Should Contain Key" owner="Collections">
<msg time="2024-04-14T14:29:09.561629" level="INFO">False</msg>
<arg>${json_data['results'][0]['login']}</arg>
<arg>${keyTwo}</arg>
<doc>Fails if ``key`` is not found from ``dictionary``.</doc>
<status status="PASS" start="2024-04-14T14:29:09.561254" elapsed="0.000413"/>
</kw>
<kw name="Log" owner="BuiltIn">
<msg time="2024-04-14T14:29:09.562086" level="INFO">username</msg>
<arg>${keyTwo}</arg>
<doc>Logs the given message with the given level.</doc>
<status status="PASS" start="2024-04-14T14:29:09.561958" elapsed="0.000166"/>
</kw>
<var name="${keyTwo}">username</var>
<status status="PASS" start="2024-04-14T14:29:09.560421" elapsed="0.001919"/>
</iter>
<iter>
<kw name="Dictionary Should Contain Key" owner="Collections">
<msg time="2024-04-14T14:29:09.562999" level="INFO">False</msg>
<arg>${json_data['results'][0]['login']}</arg>
<arg>${keyTwo}</arg>
<doc>Fails if ``key`` is not found from ``dictionary``.</doc>
<status status="PASS" start="2024-04-14T14:29:09.562623" elapsed="0.000415"/>
</kw>
<kw name="Dictionary Should Contain Key" owner="Collections">
<msg time="2024-04-14T14:29:09.563744" level="INFO">False</msg>
<arg>${json_data['results'][0]['login']}</arg>
<arg>${keyTwo}</arg>
<doc>Fails if ``key`` is not found from ``dictionary``.</doc>
<status status="PASS" start="2024-04-14T14:29:09.563328" elapsed="0.000454"/>
</kw>
<kw name="Log" owner="BuiltIn">
<msg time="2024-04-14T14:29:09.564211" level="INFO">password</msg>
<arg>${keyTwo}</arg>
<doc>Logs the given message with the given level.</doc>
<status status="PASS" start="2024-04-14T14:29:09.564081" elapsed="0.000169"/>
</kw>
<var name="${keyTwo}">password</var>
<status status="PASS" start="2024-04-14T14:29:09.562514" elapsed="0.001954"/>
</iter>
<var>${keyTwo}</var>
<value>@{expected_keysTwo}</value>
<status status="PASS" start="2024-04-14T14:29:09.560167" elapsed="0.004425"/>
</for>
<status status="PASS" start="2024-04-14T14:29:09.417831" elapsed="0.146901"/>
</kw>
<doc>Testa a estrutura da resposta da API.</doc>
<tag>testeEstruturaResposta</tag>
<status status="PASS" start="2024-04-14T14:29:09.416929" elapsed="0.147961"/>
</test>
<test id="s1-s1-t4" name="Validar tipos de dados" line="28">
<kw name="Teste de Tipos de Dados" owner="random-user-service">
<kw name="GET On Session" owner="RequestsLibrary">
<msg time="2024-04-14T14:29:09.615717" level="INFO">GET Request : url=https://randomuser.me/api 
 path_url=/api 
 headers={'User-Agent': 'python-requests/2.31.0', 'Accept-Encoding': 'gzip, deflate', 'Accept': '*/*', 'Connection': 'keep-alive'} 
 body=None 
 </msg>
<msg time="2024-04-14T14:29:09.615797" level="INFO">GET Response : url=https://randomuser.me/api 
 status=200, reason=OK 
 headers={'Date': 'Sun, 14 Apr 2024 14:29:09 GMT', 'Content-Type': 'application/json; charset=utf-8', 'Transfer-Encoding': 'chunked', 'Connection': 'keep-alive', 'X-Powered-By': 'Express', 'Access-Control-Allow-Origin': '*', 'Cache-Control': 'no-cache', 'ETag': 'W/"48d-tJinyF9pllPXCNjl7sYGPzs1iuk"', 'Vary': 'Accept-Encoding', 'Content-Encoding': 'gzip', 'CF-Cache-Status': 'DYNAMIC', 'Report-To': '{"endpoints":[{"url":"https:\\/\\/a.nel.cloudflare.com\\/report\\/v4?s=QeD%2B%2BQxk%2BbXLmokGX9pka0odr56O5wiw%2FUwwu1RIOUdoT5dq8AZXGnAd90mJO%2FmapmhSQGK7MIO5brjNB3IzPiNFdrqYM5w79xk%2F4%2FI7zs4DsZOcsORWL1VkpQRcTkEk"}],"group":"cf-nel","max_age":604800}', 'NEL': '{"success_fraction":0,"report_to":"cf-nel","max_age":604800}', 'Server': 'cloudflare', 'CF-RAY': '874462eecad4207c-IAD', 'alt-svc': 'h3=":443"; ma=86400'} 
 body={"results":[{"gender":"male","name":{"title":"Mr","first":"Hélio","last":"Barros"},"location":{"street":{"number":9789,"name":"Avenida da Democracia"},"city":"Sinop","state":"Piauí","country":"Brazil","postcode":85631,"coordinates":{"latitude":"-81.0337","longitude":"-157.3598"},"timezone":{"offset":"-8:00","description":"Pacific Time (US &amp; Canada)"}},"email":"helio.barros@example.com","login":{"uuid":"712f0dad-f995-4f19-bcf0-46473479e0ad","username":"yellowbear352","password":"runner","salt":"9MMw9gLR","md5":"e79750d7d95730f34266f26f5a8c659e","sha1":"f68b9f0d2c0bf4e186dded7a8a84b46c771038e0","sha256":"6145d4e5e8bad09c3c56e185eab8d4944029d84bf001257f2541422b59ffc93e"},"dob":{"date":"1966-02-23T01:26:01.810Z","age":58},"registered":{"date":"2007-06-10T03:35:30.254Z","age":16},"phone":"(22) 4690-6868","cell":"(94) 8804-3747","id":{"name":"CPF","value":"348.207.350-36"},"picture":{"large":"https://randomuser.me/api/portraits/men/48.jpg","medium":"https://randomuser.me/api/portraits/med/men/48.jpg","thumbnail":"https://randomuser.me/api/portraits/thumb/men/48.jpg"},"nat":"BR"}],"info":{"seed":"7436a5eb07b4f256","results":1,"page":1,"version":"1.4"}} 
 </msg>
<msg time="2024-04-14T14:29:09.615877" level="INFO">/opt/hostedtoolcache/Python/3.12.2/x64/lib/python3.12/site-packages/urllib3/connectionpool.py:1103: InsecureRequestWarning: Unverified HTTPS request is being made to host 'randomuser.me'. Adding certificate verification is strongly advised. See: https://urllib3.readthedocs.io/en/latest/advanced-usage.html#tls-warnings
  warnings.warn(</msg>
<msg time="2024-04-14T14:29:09.616010" level="INFO">${response} = &lt;Response [200]&gt;</msg>
<var>${response}</var>
<arg>consultarAPI</arg>
<arg>/api</arg>
<doc>Sends a GET request on a previously created HTTP Session.</doc>
<status status="PASS" start="2024-04-14T14:29:09.567270" elapsed="0.048797"/>
</kw>
<kw name="Set Variable" owner="BuiltIn">
<msg time="2024-04-14T14:29:09.616896" level="INFO">${json_data} = {'results': [{'gender': 'male', 'name': {'title': 'Mr', 'first': 'Hélio', 'last': 'Barros'}, 'location': {'street': {'number': 9789, 'name': 'Avenida da Democracia'}, 'city': 'Sinop', 'state': 'Piauí'...</msg>
<var>${json_data}</var>
<arg>${response.json()}</arg>
<doc>Returns the given values which can then be assigned to a variables.</doc>
<status status="PASS" start="2024-04-14T14:29:09.616427" elapsed="0.000498"/>
</kw>
<kw name="Log" owner="BuiltIn">
<msg time="2024-04-14T14:29:09.617389" level="INFO">{'results': [{'gender': 'male', 'name': {'title': 'Mr', 'first': 'Hélio', 'last': 'Barros'}, 'location': {'street': {'number': 9789, 'name': 'Avenida da Democracia'}, 'city': 'Sinop', 'state': 'Piauí', 'country': 'Brazil', 'postcode': 85631, 'coordinates': {'latitude': '-81.0337', 'longitude': '-157.3598'}, 'timezone': {'offset': '-8:00', 'description': 'Pacific Time (US &amp; Canada)'}}, 'email': 'helio.barros@example.com', 'login': {'uuid': '712f0dad-f995-4f19-bcf0-46473479e0ad', 'username': 'yellowbear352', 'password': 'runner', 'salt': '9MMw9gLR', 'md5': 'e79750d7d95730f34266f26f5a8c659e', 'sha1': 'f68b9f0d2c0bf4e186dded7a8a84b46c771038e0', 'sha256': '6145d4e5e8bad09c3c56e185eab8d4944029d84bf001257f2541422b59ffc93e'}, 'dob': {'date': '1966-02-23T01:26:01.810Z', 'age': 58}, 'registered': {'date': '2007-06-10T03:35:30.254Z', 'age': 16}, 'phone': '(22) 4690-6868', 'cell': '(94) 8804-3747', 'id': {'name': 'CPF', 'value': '348.207.350-36'}, 'picture': {'large': 'https://randomuser.me/api/portraits/men/48.jpg', 'medium': 'https://randomuser.me/api/portraits/med/men/48.jpg', 'thumbnail': 'https://randomuser.me/api/portraits/thumb/men/48.jpg'}, 'nat': 'BR'}], 'info': {'seed': '7436a5eb07b4f256', 'results': 1, 'page': 1, 'version': '1.4'}}</msg>
<arg>${json_data}</arg>
<doc>Logs the given message with the given level.</doc>
<status status="PASS" start="2024-04-14T14:29:09.617233" elapsed="0.000238"/>
</kw>
<kw name="Should Be String" owner="String">
<arg>${json_data['results'][0]['gender']}</arg>
<doc>Fails if the given ``item`` is not a string.</doc>
<status status="PASS" start="2024-04-14T14:29:09.617769" elapsed="0.000358"/>
</kw>
<kw name="Should Match Regexp" owner="BuiltIn">
<arg>${json_data['results'][0]['email']}</arg>
<arg>^[a-zA-Z0-9._%+-]+@[a-zA-Z0-9.-]+\.[a-zA-Z]{2,}$</arg>
<doc>Fails if ``string`` does not match ``pattern`` as a regular expression.</doc>
<status status="PASS" start="2024-04-14T14:29:09.618327" elapsed="0.000511"/>
</kw>
<kw name="Should Match Regexp" owner="BuiltIn">
<arg>${json_data['results'][0]['dob']['date']}</arg>
<arg>\\d{4}-\\d{2}-\\d{2}T\\d{2}:\\d{2}:\\d{2}\\.\\d{3}Z</arg>
<doc>Fails if ``string`` does not match ``pattern`` as a regular expression.</doc>
<status status="PASS" start="2024-04-14T14:29:09.619033" elapsed="0.000527"/>
</kw>
<kw name="Should Match Regexp" owner="BuiltIn">
<arg>${json_data['results'][0]['registered']['date']}</arg>
<arg>\\d{4}-\\d{2}-\\d{2}T\\d{2}:\\d{2}:\\d{2}\\.\\d{3}Z</arg>
<doc>Fails if ``string`` does not match ``pattern`` as a regular expression.</doc>
<status status="PASS" start="2024-04-14T14:29:09.619765" elapsed="0.000382"/>
</kw>
<kw name="Should Match Regexp" owner="BuiltIn">
<arg>${json_data['results'][0]['picture']['large']}</arg>
<arg>^https?://.*\.(?:png|jpe?g|gif|bmp)$</arg>
<doc>Fails if ``string`` does not match ``pattern`` as a regular expression.</doc>
<status status="PASS" start="2024-04-14T14:29:09.620337" elapsed="0.000460"/>
</kw>
<kw name="Should Match Regexp" owner="BuiltIn">
<arg>${json_data['results'][0]['picture']['medium']}</arg>
<arg>^https?://.*\.(?:png|jpe?g|gif|bmp)$</arg>
<doc>Fails if ``string`` does not match ``pattern`` as a regular expression.</doc>
<status status="PASS" start="2024-04-14T14:29:09.620986" elapsed="0.000348"/>
</kw>
<kw name="Should Match Regexp" owner="BuiltIn">
<arg>${json_data['results'][0]['picture']['thumbnail']}</arg>
<arg>^https?://.*\.(?:png|jpe?g|gif|bmp)$</arg>
<doc>Fails if ``string`` does not match ``pattern`` as a regular expression.</doc>
<status status="PASS" start="2024-04-14T14:29:09.621517" elapsed="0.000359"/>
</kw>
<kw name="Log" owner="BuiltIn">
<msg time="2024-04-14T14:29:09.622387" level="INFO">{'large': 'https://randomuser.me/api/portraits/men/48.jpg', 'medium': 'https://randomuser.me/api/portraits/med/men/48.jpg', 'thumbnail': 'https://randomuser.me/api/portraits/thumb/men/48.jpg'}</msg>
<arg>${json_data['results'][0]['picture']}</arg>
<doc>Logs the given message with the given level.</doc>
<status status="PASS" start="2024-04-14T14:29:09.622059" elapsed="0.000371"/>
</kw>
<status status="PASS" start="2024-04-14T14:29:09.567051" elapsed="0.055633"/>
</kw>
<kw name="Teste de Tipos de Dados - Postcode" owner="random-user-service">
<kw name="GET On Session" owner="RequestsLibrary">
<msg time="2024-04-14T14:29:09.710960" level="INFO">GET Request : url=https://randomuser.me/api 
 path_url=/api 
 headers={'User-Agent': 'python-requests/2.31.0', 'Accept-Encoding': 'gzip, deflate', 'Accept': '*/*', 'Connection': 'keep-alive'} 
 body=None 
 </msg>
<msg time="2024-04-14T14:29:09.711045" level="INFO">GET Response : url=https://randomuser.me/api 
 status=200, reason=OK 
 headers={'Date': 'Sun, 14 Apr 2024 14:29:09 GMT', 'Content-Type': 'application/json; charset=utf-8', 'Transfer-Encoding': 'chunked', 'Connection': 'keep-alive', 'X-Powered-By': 'Express', 'Access-Control-Allow-Origin': '*', 'Cache-Control': 'no-cache', 'ETag': 'W/"499-7Gx8BJ7NV2dya95e4U97/b24Q3c"', 'Vary': 'Accept-Encoding', 'Content-Encoding': 'gzip', 'CF-Cache-Status': 'DYNAMIC', 'Report-To': '{"endpoints":[{"url":"https:\\/\\/a.nel.cloudflare.com\\/report\\/v4?s=za44Iy8%2FaEAvPELji7qAjGvmH8ySRCFO82cKDTnxLLy7sD79PtaJOIRLh02Oezn3eMKVAaJ7kKS9Ot7Kq2C06zOSXfnztYAXfMevqH5cgKeFRCv5CD5AKAO8RqGmqGzJ"}],"group":"cf-nel","max_age":604800}', 'NEL': '{"success_fraction":0,"report_to":"cf-nel","max_age":604800}', 'Server': 'cloudflare', 'CF-RAY': '874462ef2b4b207c-IAD', 'alt-svc': 'h3=":443"; ma=86400'} 
 body={"results":[{"gender":"female","name":{"title":"Miss","first":"Mila","last":"Lemoine"},"location":{"street":{"number":6858,"name":"Place de L'Abbé-Basset"},"city":"Brest","state":"Dordogne","country":"France","postcode":38521,"coordinates":{"latitude":"-20.1989","longitude":"66.6762"},"timezone":{"offset":"-12:00","description":"Eniwetok, Kwajalein"}},"email":"mila.lemoine@example.com","login":{"uuid":"c900a333-5980-4254-a2f6-626e9b14cfbd","username":"greengorilla236","password":"vladimir","salt":"KHajuqhl","md5":"b666b7f6282a908917569a505a86f61f","sha1":"c0396d9bbd46528b6e8a13995b32fd08868f05e8","sha256":"f4671c7e977812cf88a7127561ec732e141cd7e70dd39778e3426e238c83ded0"},"dob":{"date":"1967-06-30T09:27:11.443Z","age":56},"registered":{"date":"2020-07-19T08:17:40.360Z","age":3},"phone":"04-02-79-78-83","cell":"06-93-19-03-47","id":{"name":"INSEE","value":"2670546331979 66"},"picture":{"large":"https://randomuser.me/api/portraits/women/58.jpg","medium":"https://randomuser.me/api/portraits/med/women/58.jpg","thumbnail":"https://randomuser.me/api/portraits/thumb/women/58.jpg"},"nat":"FR"}],"info":{"seed":"71931705d9e586f0","results":1,"page":1,"version":"1.4"}} 
 </msg>
<msg time="2024-04-14T14:29:09.711136" level="INFO">/opt/hostedtoolcache/Python/3.12.2/x64/lib/python3.12/site-packages/urllib3/connectionpool.py:1103: InsecureRequestWarning: Unverified HTTPS request is being made to host 'randomuser.me'. Adding certificate verification is strongly advised. See: https://urllib3.readthedocs.io/en/latest/advanced-usage.html#tls-warnings
  warnings.warn(</msg>
<msg time="2024-04-14T14:29:09.711277" level="INFO">${response} = &lt;Response [200]&gt;</msg>
<var>${response}</var>
<arg>consultarAPI</arg>
<arg>/api</arg>
<doc>Sends a GET request on a previously created HTTP Session.</doc>
<status status="PASS" start="2024-04-14T14:29:09.623127" elapsed="0.088208"/>
</kw>
<kw name="Set Variable" owner="BuiltIn">
<msg time="2024-04-14T14:29:09.712147" level="INFO">${json_data} = {'results': [{'gender': 'female', 'name': {'title': 'Miss', 'first': 'Mila', 'last': 'Lemoine'}, 'location': {'street': {'number': 6858, 'name': "Place de L'Abbé-Basset"}, 'city': 'Brest', 'state': 'D...</msg>
<var>${json_data}</var>
<arg>${response.json()}</arg>
<doc>Returns the given values which can then be assigned to a variables.</doc>
<status status="PASS" start="2024-04-14T14:29:09.711715" elapsed="0.000461"/>
</kw>
<kw name="Log" owner="BuiltIn">
<msg time="2024-04-14T14:29:09.712627" level="INFO">{'results': [{'gender': 'female', 'name': {'title': 'Miss', 'first': 'Mila', 'last': 'Lemoine'}, 'location': {'street': {'number': 6858, 'name': "Place de L'Abbé-Basset"}, 'city': 'Brest', 'state': 'Dordogne', 'country': 'France', 'postcode': 38521, 'coordinates': {'latitude': '-20.1989', 'longitude': '66.6762'}, 'timezone': {'offset': '-12:00', 'description': 'Eniwetok, Kwajalein'}}, 'email': 'mila.lemoine@example.com', 'login': {'uuid': 'c900a333-5980-4254-a2f6-626e9b14cfbd', 'username': 'greengorilla236', 'password': 'vladimir', 'salt': 'KHajuqhl', 'md5': 'b666b7f6282a908917569a505a86f61f', 'sha1': 'c0396d9bbd46528b6e8a13995b32fd08868f05e8', 'sha256': 'f4671c7e977812cf88a7127561ec732e141cd7e70dd39778e3426e238c83ded0'}, 'dob': {'date': '1967-06-30T09:27:11.443Z', 'age': 56}, 'registered': {'date': '2020-07-19T08:17:40.360Z', 'age': 3}, 'phone': '04-02-79-78-83', 'cell': '06-93-19-03-47', 'id': {'name': 'INSEE', 'value': '2670546331979 66'}, 'picture': {'large': 'https://randomuser.me/api/portraits/women/58.jpg', 'medium': 'https://randomuser.me/api/portraits/med/women/58.jpg', 'thumbnail': 'https://randomuser.me/api/portraits/thumb/women/58.jpg'}, 'nat': 'FR'}], 'info': {'seed': '71931705d9e586f0', 'results': 1, 'page': 1, 'version': '1.4'}}</msg>
<arg>${json_data}</arg>
<doc>Logs the given message with the given level.</doc>
<status status="PASS" start="2024-04-14T14:29:09.712476" elapsed="0.000232"/>
</kw>
<kw name="Should Be Equal As Numbers" owner="BuiltIn">
<arg>${json_data['results'][0]['location']['postcode']}</arg>
<arg>${json_data['results'][0]['location']['postcode']}</arg>
<doc>Fails if objects are unequal after converting them to real numbers.</doc>
<status status="PASS" start="2024-04-14T14:29:09.713008" elapsed="0.000609"/>
</kw>
<kw name="Log" owner="BuiltIn">
<msg time="2024-04-14T14:29:09.714141" level="INFO">38521</msg>
<arg>${json_data['results'][0]['location']['postcode']}</arg>
<doc>Logs the given message with the given level.</doc>
<status status="PASS" start="2024-04-14T14:29:09.713806" elapsed="0.000377"/>
</kw>
<status status="PASS" start="2024-04-14T14:29:09.622901" elapsed="0.091543"/>
</kw>
<doc>Testa se os tipos de dados na resposta da API estão corretos.</doc>
<tag>testeTiposDados</tag>
<status status="PASS" start="2024-04-14T14:29:09.566619" elapsed="0.147985"/>
</test>
<test id="s1-s1-t5" name="Validar conteudo" line="35">
<kw name="Teste de Tipos de Conteudo" owner="random-user-service">
<kw name="GET On Session" owner="RequestsLibrary">
<msg time="2024-04-14T14:29:09.807903" level="INFO">GET Request : url=https://randomuser.me/api 
 path_url=/api 
 headers={'User-Agent': 'python-requests/2.31.0', 'Accept-Encoding': 'gzip, deflate', 'Accept': '*/*', 'Connection': 'keep-alive'} 
 body=None 
 </msg>
<msg time="2024-04-14T14:29:09.807987" level="INFO">GET Response : url=https://randomuser.me/api 
 status=200, reason=OK 
 headers={'Date': 'Sun, 14 Apr 2024 14:29:09 GMT', 'Content-Type': 'application/json; charset=utf-8', 'Transfer-Encoding': 'chunked', 'Connection': 'keep-alive', 'X-Powered-By': 'Express', 'Access-Control-Allow-Origin': '*', 'Cache-Control': 'no-cache', 'ETag': 'W/"46c-97z8FZR724nOrL4Sa2s75Y52i4Q"', 'Vary': 'Accept-Encoding', 'Content-Encoding': 'gzip', 'CF-Cache-Status': 'DYNAMIC', 'Report-To': '{"endpoints":[{"url":"https:\\/\\/a.nel.cloudflare.com\\/report\\/v4?s=53usvvDto%2BgHb7yvAJxgeGKQPNJqaSs1fBQ3hTymyQ%2BdGk%2F8yf4hjv3RzWdyqh3BZo3YGDr8ph1cLeY6ePun7Rln7%2FcNZiCbWe0bzIR8MvX8gG4a3OKUXvEDNQVTyJlL"}],"group":"cf-nel","max_age":604800}', 'NEL': '{"success_fraction":0,"report_to":"cf-nel","max_age":604800}', 'Server': 'cloudflare', 'CF-RAY': '874462efbbf4207c-IAD', 'alt-svc': 'h3=":443"; ma=86400'} 
 body={"results":[{"gender":"male","name":{"title":"Mr","first":"Danny","last":"Lewis"},"location":{"street":{"number":2185,"name":"Smokey Ln"},"city":"Cairns","state":"South Australia","country":"Australia","postcode":5107,"coordinates":{"latitude":"-89.8904","longitude":"-127.8637"},"timezone":{"offset":"-9:00","description":"Alaska"}},"email":"danny.lewis@example.com","login":{"uuid":"3813c49c-d009-4e8e-9423-020c84b35a2d","username":"blackduck103","password":"cramps","salt":"2cdK6F6J","md5":"b402bc22893e1eec1f19001811eeae45","sha1":"c82e0b78ac98369edb80e702485bb9aa72ed37bf","sha256":"d1f84e615875c925bbc667dd7bc25208b8c4d68cd008b64ad033d9d44440da97"},"dob":{"date":"1953-09-29T11:21:54.221Z","age":70},"registered":{"date":"2002-05-02T13:45:26.683Z","age":21},"phone":"05-2723-6183","cell":"0458-829-412","id":{"name":"TFN","value":"775427136"},"picture":{"large":"https://randomuser.me/api/portraits/men/79.jpg","medium":"https://randomuser.me/api/portraits/med/men/79.jpg","thumbnail":"https://randomuser.me/api/portraits/thumb/men/79.jpg"},"nat":"AU"}],"info":{"seed":"c7e7db69632d2794","results":1,"page":1,"version":"1.4"}} 
 </msg>
<msg time="2024-04-14T14:29:09.808059" level="INFO">/opt/hostedtoolcache/Python/3.12.2/x64/lib/python3.12/site-packages/urllib3/connectionpool.py:1103: InsecureRequestWarning: Unverified HTTPS request is being made to host 'randomuser.me'. Adding certificate verification is strongly advised. See: https://urllib3.readthedocs.io/en/latest/advanced-usage.html#tls-warnings
  warnings.warn(</msg>
<msg time="2024-04-14T14:29:09.808199" level="INFO">${response} = &lt;Response [200]&gt;</msg>
<var>${response}</var>
<arg>consultarAPI</arg>
<arg>/api</arg>
<doc>Sends a GET request on a previously created HTTP Session.</doc>
<status status="PASS" start="2024-04-14T14:29:09.717008" elapsed="0.091248"/>
</kw>
<kw name="Set Variable" owner="BuiltIn">
<msg time="2024-04-14T14:29:09.809107" level="INFO">${json_data} = {'results': [{'gender': 'male', 'name': {'title': 'Mr', 'first': 'Danny', 'last': 'Lewis'}, 'location': {'street': {'number': 2185, 'name': 'Smokey Ln'}, 'city': 'Cairns', 'state': 'South Australia', ...</msg>
<var>${json_data}</var>
<arg>${response.json()}</arg>
<doc>Returns the given values which can then be assigned to a variables.</doc>
<status status="PASS" start="2024-04-14T14:29:09.808685" elapsed="0.000450"/>
</kw>
<kw name="Set Variable" owner="BuiltIn">
<msg time="2024-04-14T14:29:09.809817" level="INFO">${name_title} = Mr</msg>
<var>${name_title}</var>
<arg>${json_data["results"][0]["name"]["title"]}</arg>
<doc>Returns the given values which can then be assigned to a variables.</doc>
<status status="PASS" start="2024-04-14T14:29:09.809440" elapsed="0.000402"/>
</kw>
<kw name="Create List" owner="BuiltIn">
<msg time="2024-04-14T14:29:09.810284" level="INFO">${allowed_titles} = ['Mr', 'Ms', 'Miss', 'Mrs', 'Madame', 'Monsieur']</msg>
<var>${allowed_titles}</var>
<arg>Mr</arg>
<arg>Ms</arg>
<arg>Miss</arg>
<arg>Mrs</arg>
<arg>Madame</arg>
<arg>Monsieur</arg>
<doc>Returns a list containing given items.</doc>
<status status="PASS" start="2024-04-14T14:29:09.810136" elapsed="0.000172"/>
</kw>
<kw name="List Should Contain Value" owner="Collections">
<msg time="2024-04-14T14:29:09.810848" level="INFO">False</msg>
<arg>${allowed_titles}</arg>
<arg>${name_title}</arg>
<doc>Fails if the ``value`` is not found from ``list``.</doc>
<status status="PASS" start="2024-04-14T14:29:09.810620" elapsed="0.000267"/>
</kw>
<kw name="Set Variable" owner="BuiltIn">
<msg time="2024-04-14T14:29:09.811615" level="INFO">${name_country} = AU</msg>
<var>${name_country}</var>
<arg>${json_data["results"][0]["nat"]}</arg>
<doc>Returns the given values which can then be assigned to a variables.</doc>
<status status="PASS" start="2024-04-14T14:29:09.811181" elapsed="0.000459"/>
</kw>
<kw name="Create List" owner="BuiltIn">
<msg time="2024-04-14T14:29:09.812549" level="INFO">${list_country} = ['AD', 'AE', 'AF', 'AG', 'AI', 'AL', 'AM', 'AO', 'AQ', 'AR', 'AS', 'AT', 'AU', 'AW', 'AX', 'AZ', 'BA', 'BB', 'BD', 'BE', 'BF', 'BG', 'BH', 'BI', 'BJ', 'BL', 'BM', 'BN', 'BO', 'BQ', 'BR', 'BS', 'BT', '...</msg>
<var>${list_country}</var>
<arg>AD</arg>
<arg>AE</arg>
<arg>AF</arg>
<arg>AG</arg>
<arg>AI</arg>
<arg>AL</arg>
<arg>AM</arg>
<arg>AO</arg>
<arg>AQ</arg>
<arg>AR</arg>
<arg>AS</arg>
<arg>AT</arg>
<arg>AU</arg>
<arg>AW</arg>
<arg>AX</arg>
<arg>AZ</arg>
<arg>BA</arg>
<arg>BB</arg>
<arg>BD</arg>
<arg>BE</arg>
<arg>BF</arg>
<arg>BG</arg>
<arg>BH</arg>
<arg>BI</arg>
<arg>BJ</arg>
<arg>BL</arg>
<arg>BM</arg>
<arg>BN</arg>
<arg>BO</arg>
<arg>BQ</arg>
<arg>BR</arg>
<arg>BS</arg>
<arg>BT</arg>
<arg>BV</arg>
<arg>BW</arg>
<arg>BY</arg>
<arg>BZ</arg>
<arg>CA</arg>
<arg>CC</arg>
<arg>CD</arg>
<arg>CF</arg>
<arg>CG</arg>
<arg>CH</arg>
<arg>CI</arg>
<arg>CK</arg>
<arg>CL</arg>
<arg>CM</arg>
<arg>CN</arg>
<arg>CO</arg>
<arg>CR</arg>
<arg>CU</arg>
<arg>CV</arg>
<arg>CW</arg>
<arg>CX</arg>
<arg>CY</arg>
<arg>CZ</arg>
<arg>DE</arg>
<arg>DJ</arg>
<arg>DK</arg>
<arg>DM</arg>
<arg>DO</arg>
<arg>DZ</arg>
<arg>EC</arg>
<arg>EE</arg>
<arg>EG</arg>
<arg>EH</arg>
<arg>ER</arg>
<arg>ES</arg>
<arg>ET</arg>
<arg>FI</arg>
<arg>FJ</arg>
<arg>FK</arg>
<arg>FM</arg>
<arg>FO</arg>
<arg>FR</arg>
<arg>GA</arg>
<arg>GB</arg>
<arg>GD</arg>
<arg>GE</arg>
<arg>GF</arg>
<arg>GG</arg>
<arg>GH</arg>
<arg>GI</arg>
<arg>GL</arg>
<arg>GM</arg>
<arg>GN</arg>
<arg>GP</arg>
<arg>GQ</arg>
<arg>GR</arg>
<arg>GS</arg>
<arg>GT</arg>
<arg>GU</arg>
<arg>GW</arg>
<arg>GY</arg>
<arg>HK</arg>
<arg>HM</arg>
<arg>HN</arg>
<arg>HR</arg>
<arg>HT</arg>
<arg>HU</arg>
<arg>ID</arg>
<arg>IE</arg>
<arg>IL</arg>
<arg>IM</arg>
<arg>IN</arg>
<arg>IO</arg>
<arg>IQ</arg>
<arg>IR</arg>
<arg>IS</arg>
<arg>IT</arg>
<arg>JE</arg>
<arg>JM</arg>
<arg>JO</arg>
<arg>JP</arg>
<arg>KE</arg>
<arg>KG</arg>
<arg>KH</arg>
<arg>KI</arg>
<arg>KM</arg>
<arg>KN</arg>
<arg>KP</arg>
<arg>KR</arg>
<arg>KW</arg>
<arg>KY</arg>
<arg>KZ</arg>
<arg>LA</arg>
<arg>LB</arg>
<arg>LC</arg>
<arg>LI</arg>
<arg>LK</arg>
<arg>LR</arg>
<arg>LS</arg>
<arg>LT</arg>
<arg>LU</arg>
<arg>LV</arg>
<arg>LY</arg>
<arg>MA</arg>
<arg>MC</arg>
<arg>MD</arg>
<arg>ME</arg>
<arg>MF</arg>
<arg>MG</arg>
<arg>MH</arg>
<arg>MK</arg>
<arg>ML</arg>
<arg>MM</arg>
<arg>MN</arg>
<arg>MO</arg>
<arg>MP</arg>
<arg>MQ</arg>
<arg>MR</arg>
<arg>MS</arg>
<arg>MT</arg>
<arg>MU</arg>
<arg>MV</arg>
<arg>MW</arg>
<arg>MX</arg>
<arg>MY</arg>
<arg>MZ</arg>
<arg>NA</arg>
<arg>NC</arg>
<arg>NE</arg>
<arg>NF</arg>
<arg>NG</arg>
<arg>NI</arg>
<arg>NL</arg>
<arg>NO</arg>
<arg>NP</arg>
<arg>NR</arg>
<arg>NU</arg>
<arg>NZ</arg>
<arg>OM</arg>
<arg>PA</arg>
<arg>PE</arg>
<arg>PF</arg>
<arg>PG</arg>
<arg>PH</arg>
<arg>PK</arg>
<arg>PL</arg>
<arg>PM</arg>
<arg>PN</arg>
<arg>PR</arg>
<arg>PS</arg>
<arg>PT</arg>
<arg>PW</arg>
<arg>PY</arg>
<arg>QA</arg>
<arg>RE</arg>
<arg>RO</arg>
<arg>RS</arg>
<arg>RU</arg>
<arg>RW</arg>
<arg>SA</arg>
<arg>SB</arg>
<arg>SC</arg>
<arg>SD</arg>
<arg>SE</arg>
<arg>SG</arg>
<arg>SH</arg>
<arg>SI</arg>
<arg>SJ</arg>
<arg>SK</arg>
<arg>SL</arg>
<arg>SM</arg>
<arg>SN</arg>
<arg>SO</arg>
<arg>SR</arg>
<arg>SS</arg>
<arg>ST</arg>
<arg>SV</arg>
<arg>SX</arg>
<arg>SY</arg>
<arg>SZ</arg>
<arg>TC</arg>
<arg>TD</arg>
<arg>TF</arg>
<arg>TG</arg>
<arg>TH</arg>
<arg>TJ</arg>
<arg>TK</arg>
<arg>TL</arg>
<arg>TM</arg>
<arg>TN</arg>
<arg>TO</arg>
<arg>TR</arg>
<arg>TT</arg>
<arg>TV</arg>
<arg>TW</arg>
<arg>TZ</arg>
<arg>UA</arg>
<arg>UG</arg>
<arg>UM</arg>
<arg>US</arg>
<arg>UY</arg>
<arg>UZ</arg>
<arg>VA</arg>
<arg>VC</arg>
<arg>VE</arg>
<arg>VG</arg>
<arg>VI</arg>
<arg>VN</arg>
<arg>VU</arg>
<arg>WF</arg>
<arg>WS</arg>
<arg>XK</arg>
<arg>YE</arg>
<arg>YT</arg>
<arg>ZA</arg>
<arg>ZM</arg>
<arg>ZW</arg>
<doc>Returns a list containing given items.</doc>
<status status="PASS" start="2024-04-14T14:29:09.811947" elapsed="0.000627"/>
</kw>
<kw name="List Should Contain Value" owner="Collections">
<msg time="2024-04-14T14:29:09.813559" level="INFO">False</msg>
<arg>${list_country}</arg>
<arg>${name_country}</arg>
<doc>Fails if the ``value`` is not found from ``list``.</doc>
<status status="PASS" start="2024-04-14T14:29:09.813351" elapsed="0.000245"/>
</kw>
<kw name="Run Keyword If" owner="BuiltIn">
<kw name="Should Be True" owner="BuiltIn">
<arg>${True}</arg>
<doc>Fails if the given condition is not true.</doc>
<status status="PASS" start="2024-04-14T14:29:09.814761" elapsed="0.000146"/>
</kw>
<arg>${json_data["results"][0]["location"]["coordinates"]["latitude"]} &gt;= -90 and ${json_data["results"][0]["location"]["coordinates"]["latitude"]} &lt;= 90</arg>
<arg>Should Be True</arg>
<arg>${True}</arg>
<doc>Runs the given keyword with the given arguments, if ``condition`` is true.</doc>
<status status="PASS" start="2024-04-14T14:29:09.813909" elapsed="0.001126"/>
</kw>
<kw name="Run Keyword If" owner="BuiltIn">
<kw name="Should Be True" owner="BuiltIn">
<arg>${True}</arg>
<doc>Fails if the given condition is not true.</doc>
<status status="PASS" start="2024-04-14T14:29:09.815940" elapsed="0.000144"/>
</kw>
<arg>${json_data["results"][0]["location"]["coordinates"]["longitude"]} &gt;= -180 and ${json_data["results"][0]["location"]["coordinates"]["longitude"]} &lt;= 180</arg>
<arg>Should Be True</arg>
<arg>${True}</arg>
<doc>Runs the given keyword with the given arguments, if ``condition`` is true.</doc>
<status status="PASS" start="2024-04-14T14:29:09.815222" elapsed="0.000985"/>
</kw>
<status status="PASS" start="2024-04-14T14:29:09.716794" elapsed="0.099540"/>
</kw>
<doc>Testa o conteúdo específico dos campos retornados pela API.</doc>
<tag>testeConteudo</tag>
<status status="PASS" start="2024-04-14T14:29:09.716366" elapsed="0.100110"/>
</test>
<status status="PASS" start="2024-04-14T14:29:09.038685" elapsed="0.779635"/>
</suite>
<status status="PASS" start="2024-04-14T14:29:09.024551" elapsed="0.799005"/>
</suite>
<statistics>
<total>
<stat pass="5" fail="0" skip="0">All Tests</stat>
</total>
<tag>
<stat pass="1" fail="0" skip="0">testeConteudo</stat>
<stat pass="1" fail="0" skip="0">testeEstruturaResposta</stat>
<stat pass="1" fail="0" skip="0">testeRequisicaoBasica</stat>
<stat pass="1" fail="0" skip="0">testeTiposDados</stat>
</tag>
<suite>
<stat pass="5" fail="0" skip="0" id="s1" name="Tests">Tests</stat>
<stat pass="5" fail="0" skip="0" id="s1-s1" name="Random-User-Test">Tests.Random-User-Test</stat>
</suite>
</statistics>
<errors>
</errors>
</robot>
