<?xml version="1.0" encoding="UTF-8"?>
<robot generator="Robot 7.0.1 (Python 3.12.4 on linux)" generated="2024-08-02T17:14:15.758377" rpa="false" schemaversion="5">
<suite id="s1" name="Tests" source="/home/runner/work/ApiRandomUser/ApiRandomUser/RamdonUser/tests">
<suite id="s1-s1" name="Random-User-Test" source="/home/runner/work/ApiRandomUser/ApiRandomUser/RamdonUser/tests/random-user-test.robot">
<test id="s1-s1-t1" name="Conectar" line="13">
<kw name="Conectar API" owner="random-user-service">
<kw name="Create Session" owner="RequestsLibrary">
<msg time="2024-08-02T17:14:16.149403" level="INFO">Creating Session using : alias=consultarAPI, url=https://randomuser.me/, headers={},                     cookies={}, auth=None, timeout=None, proxies=None, verify=False,                     debug=0 </msg>
<arg>consultarAPI</arg>
<arg>${URL}</arg>
<doc>Create Session: create a HTTP session to a server</doc>
<status status="PASS" start="2024-08-02T17:14:16.149206" elapsed="0.000379"/>
</kw>
<status status="PASS" start="2024-08-02T17:14:16.148149" elapsed="0.001837"/>
</kw>
<status status="PASS" start="2024-08-02T17:14:16.147602" elapsed="0.002580"/>
</test>
<test id="s1-s1-t2" name="Validar retorno 200 e JSON Válido" line="16">
<kw name="Teste de Requisicao Basica" owner="random-user-service">
<kw name="GET On Session" owner="RequestsLibrary">
<msg time="2024-08-02T17:14:21.964913" level="INFO">GET Request : url=https://randomuser.me/api 
 path_url=/api 
 headers={'User-Agent': 'python-requests/2.32.3', 'Accept-Encoding': 'gzip, deflate', 'Accept': '*/*', 'Connection': 'keep-alive'} 
 body=None 
 </msg>
<msg time="2024-08-02T17:14:21.965067" level="INFO">GET Response : url=https://randomuser.me/api 
 status=200, reason=OK 
 headers={'Date': 'Fri, 02 Aug 2024 17:14:21 GMT', 'Content-Type': 'application/json; charset=utf-8', 'Transfer-Encoding': 'chunked', 'Connection': 'keep-alive', 'X-Powered-By': 'Express', 'Access-Control-Allow-Origin': '*', 'Cache-Control': 'no-cache', 'ETag': 'W/"475-i4n/C6REkZIvorkZRhngRXG+qUA"', 'Vary': 'Accept-Encoding', 'Content-Encoding': 'gzip', 'CF-Cache-Status': 'DYNAMIC', 'Report-To': '{"endpoints":[{"url":"https:\\/\\/a.nel.cloudflare.com\\/report\\/v4?s=sSNQsAd2YY8WEsJQUmhOKR6T%2FLBushT4EjPVRNpUG7o%2FzQc0VKab%2FqBgPWmC2kuAlukFgY4RLzXNJoCI84Xu9W%2Bf8Mkk3M0O3UBuH2jlItsenZ%2FPpjSiA9QktTur9xHQ"}],"group":"cf-nel","max_age":604800}', 'NEL': '{"success_fraction":0,"report_to":"cf-nel","max_age":604800}', 'Server': 'cloudflare', 'CF-RAY': '8acfb40c1d853885-IAD', 'alt-svc': 'h3=":443"; ma=86400'} 
 body={"results":[{"gender":"male","name":{"title":"Mr","first":"Finn","last":"Brustad"},"location":{"street":{"number":7853,"name":"Gamle Leirdals vei"},"city":"Mebonden","state":"Bergen","country":"Norway","postcode":"2901","coordinates":{"latitude":"47.0642","longitude":"-101.3520"},"timezone":{"offset":"-12:00","description":"Eniwetok, Kwajalein"}},"email":"finn.brustad@example.com","login":{"uuid":"410c3826-cb03-49f2-8e49-5730ec84bb42","username":"brownmeercat382","password":"thumbs","salt":"VTclJ0kX","md5":"4681746866760cb112a33cb198ad32a3","sha1":"99b8cbbe948d0a460d378c5cc94115eb8d30f1a4","sha256":"1a68f509953a2eadf90c46c997ac1dad8a44999e6176ff14837137132b5044e9"},"dob":{"date":"1969-08-10T04:00:54.951Z","age":54},"registered":{"date":"2006-07-09T05:25:48.244Z","age":18},"phone":"87527621","cell":"44112638","id":{"name":"FN","value":"10086939792"},"picture":{"large":"https://randomuser.me/api/portraits/men/1.jpg","medium":"https://randomuser.me/api/portraits/med/men/1.jpg","thumbnail":"https://randomuser.me/api/portraits/thumb/men/1.jpg"},"nat":"NO"}],"info":{"seed":"d49bfb432283f02f","results":1,"page":1,"version":"1.4"}} 
 </msg>
<msg time="2024-08-02T17:14:21.965143" level="INFO">/opt/hostedtoolcache/Python/3.12.4/x64/lib/python3.12/site-packages/urllib3/connectionpool.py:1099: InsecureRequestWarning: Unverified HTTPS request is being made to host 'randomuser.me'. Adding certificate verification is strongly advised. See: https://urllib3.readthedocs.io/en/latest/advanced-usage.html#tls-warnings
  warnings.warn(</msg>
<msg time="2024-08-02T17:14:21.965278" level="INFO">${response} = &lt;Response [200]&gt;</msg>
<var>${response}</var>
<arg>consultarAPI</arg>
<arg>/api</arg>
<doc>Sends a GET request on a previously created HTTP Session.</doc>
<status status="PASS" start="2024-08-02T17:14:16.152763" elapsed="5.812557"/>
</kw>
<kw name="Should Be Equal As Numbers" owner="BuiltIn">
<msg time="2024-08-02T17:14:21.966530" level="INFO">Argument types are:
&lt;class 'int'&gt;
&lt;class 'str'&gt;</msg>
<arg>${response.status_code}</arg>
<arg>200</arg>
<doc>Fails if objects are unequal after converting them to real numbers.</doc>
<status status="PASS" start="2024-08-02T17:14:21.966024" elapsed="0.000570"/>
</kw>
<kw name="Log" owner="BuiltIn">
<msg time="2024-08-02T17:14:21.967257" level="INFO">200</msg>
<arg>${response.status_code}</arg>
<doc>Logs the given message with the given level.</doc>
<status status="PASS" start="2024-08-02T17:14:21.966915" elapsed="0.000384"/>
</kw>
<kw name="Set Variable" owner="BuiltIn">
<msg time="2024-08-02T17:14:21.968041" level="INFO">${json_data} = {'results': [{'gender': 'male', 'name': {'title': 'Mr', 'first': 'Finn', 'last': 'Brustad'}, 'location': {'street': {'number': 7853, 'name': 'Gamle Leirdals vei'}, 'city': 'Mebonden', 'state': 'Bergen...</msg>
<var>${json_data}</var>
<arg>${response.json()}</arg>
<doc>Returns the given values which can then be assigned to a variables.</doc>
<status status="PASS" start="2024-08-02T17:14:21.967605" elapsed="0.000463"/>
</kw>
<kw name="Dictionary Should Contain Key" owner="Collections">
<arg>${json_data}</arg>
<arg>results</arg>
<doc>Fails if ``key`` is not found from ``dictionary``.</doc>
<status status="PASS" start="2024-08-02T17:14:21.968373" elapsed="0.000323"/>
</kw>
<status status="PASS" start="2024-08-02T17:14:16.152519" elapsed="5.816337"/>
</kw>
<doc>Testa se a API responde corretamente e retorna um objeto JSON válido.</doc>
<tag>testeRequisicaoBasica</tag>
<status status="PASS" start="2024-08-02T17:14:16.152044" elapsed="5.816987"/>
</test>
<test id="s1-s1-t3" name="Validar estrutura de resposta" line="22">
<kw name="Teste de Estrutura de Resposta" owner="random-user-service">
<kw name="GET On Session" owner="RequestsLibrary">
<msg time="2024-08-02T17:14:27.010820" level="INFO">GET Request : url=https://randomuser.me/api 
 path_url=/api 
 headers={'User-Agent': 'python-requests/2.32.3', 'Accept-Encoding': 'gzip, deflate', 'Accept': '*/*', 'Connection': 'keep-alive'} 
 body=None 
 </msg>
<msg time="2024-08-02T17:14:27.010946" level="INFO">GET Response : url=https://randomuser.me/api 
 status=200, reason=OK 
 headers={'Date': 'Fri, 02 Aug 2024 17:14:27 GMT', 'Content-Type': 'application/json; charset=utf-8', 'Transfer-Encoding': 'chunked', 'Connection': 'keep-alive', 'X-Powered-By': 'Express', 'Access-Control-Allow-Origin': '*', 'Cache-Control': 'no-cache', 'ETag': 'W/"46f-UUqcHR91dqXG3/XOC6RIzZziba8"', 'Vary': 'Accept-Encoding', 'Content-Encoding': 'gzip', 'CF-Cache-Status': 'DYNAMIC', 'Report-To': '{"endpoints":[{"url":"https:\\/\\/a.nel.cloudflare.com\\/report\\/v4?s=T1v2gjxBTNCRTrHWA8IqqTK1ROCB54Cdb39VHmUKlqwboUTsREnnYa7Weryo9LGLcFzge6k1mfKwr0ivvUZEcPvRmGLxGDAA74s9C%2BHQ2mHFzOAhCLca3EJPePUEvLWv"}],"group":"cf-nel","max_age":604800}', 'NEL': '{"success_fraction":0,"report_to":"cf-nel","max_age":604800}', 'Server': 'cloudflare', 'CF-RAY': '8acfb42f5a033885-IAD', 'alt-svc': 'h3=":443"; ma=86400'} 
 body={"results":[{"gender":"female","name":{"title":"Mrs","first":"Elif","last":"Küçükler"},"location":{"street":{"number":7617,"name":"Kushimoto Sk"},"city":"Muğla","state":"Karabük","country":"Turkey","postcode":82782,"coordinates":{"latitude":"68.4461","longitude":"153.5433"},"timezone":{"offset":"-9:00","description":"Alaska"}},"email":"elif.kucukler@example.com","login":{"uuid":"5972c39f-c26a-4f56-93ba-daaf5dfdfcff","username":"purplesnake708","password":"qwertz","salt":"kBQ8ty1m","md5":"aa05e35d9c50d05d280c321b07ebe981","sha1":"8a466de9ff5a12cbdcb00fb46ed787413980b30d","sha256":"9127f79888bbcbb6a674ea86ce988f6079923680a7c9bd5b32267f14c66597a5"},"dob":{"date":"1980-07-12T03:20:34.734Z","age":44},"registered":{"date":"2021-11-06T10:14:00.525Z","age":2},"phone":"(898)-979-9569","cell":"(813)-641-8576","id":{"name":"","value":null},"picture":{"large":"https://randomuser.me/api/portraits/women/34.jpg","medium":"https://randomuser.me/api/portraits/med/women/34.jpg","thumbnail":"https://randomuser.me/api/portraits/thumb/women/34.jpg"},"nat":"TR"}],"info":{"seed":"bddaf4ae567e8f5f","results":1,"page":1,"version":"1.4"}} 
 </msg>
<msg time="2024-08-02T17:14:27.011111" level="INFO">/opt/hostedtoolcache/Python/3.12.4/x64/lib/python3.12/site-packages/urllib3/connectionpool.py:1099: InsecureRequestWarning: Unverified HTTPS request is being made to host 'randomuser.me'. Adding certificate verification is strongly advised. See: https://urllib3.readthedocs.io/en/latest/advanced-usage.html#tls-warnings
  warnings.warn(</msg>
<msg time="2024-08-02T17:14:27.011233" level="INFO">${response} = &lt;Response [200]&gt;</msg>
<var>${response}</var>
<arg>consultarAPI</arg>
<arg>/api</arg>
<doc>Sends a GET request on a previously created HTTP Session.</doc>
<status status="PASS" start="2024-08-02T17:14:21.971995" elapsed="5.039278"/>
</kw>
<kw name="Set Variable" owner="BuiltIn">
<msg time="2024-08-02T17:14:27.012317" level="INFO">${json_data} = {'results': [{'gender': 'female', 'name': {'title': 'Mrs', 'first': 'Elif', 'last': 'Küçükler'}, 'location': {'street': {'number': 7617, 'name': 'Kushimoto Sk'}, 'city': 'Muğla', 'state': 'Karabük', '...</msg>
<var>${json_data}</var>
<arg>${response.json()}</arg>
<doc>Returns the given values which can then be assigned to a variables.</doc>
<status status="PASS" start="2024-08-02T17:14:27.011784" elapsed="0.000563"/>
</kw>
<kw name="Log" owner="BuiltIn">
<msg time="2024-08-02T17:14:27.012825" level="INFO">{'results': [{'gender': 'female', 'name': {'title': 'Mrs', 'first': 'Elif', 'last': 'Küçükler'}, 'location': {'street': {'number': 7617, 'name': 'Kushimoto Sk'}, 'city': 'Muğla', 'state': 'Karabük', 'country': 'Turkey', 'postcode': 82782, 'coordinates': {'latitude': '68.4461', 'longitude': '153.5433'}, 'timezone': {'offset': '-9:00', 'description': 'Alaska'}}, 'email': 'elif.kucukler@example.com', 'login': {'uuid': '5972c39f-c26a-4f56-93ba-daaf5dfdfcff', 'username': 'purplesnake708', 'password': 'qwertz', 'salt': 'kBQ8ty1m', 'md5': 'aa05e35d9c50d05d280c321b07ebe981', 'sha1': '8a466de9ff5a12cbdcb00fb46ed787413980b30d', 'sha256': '9127f79888bbcbb6a674ea86ce988f6079923680a7c9bd5b32267f14c66597a5'}, 'dob': {'date': '1980-07-12T03:20:34.734Z', 'age': 44}, 'registered': {'date': '2021-11-06T10:14:00.525Z', 'age': 2}, 'phone': '(898)-979-9569', 'cell': '(813)-641-8576', 'id': {'name': '', 'value': None}, 'picture': {'large': 'https://randomuser.me/api/portraits/women/34.jpg', 'medium': 'https://randomuser.me/api/portraits/med/women/34.jpg', 'thumbnail': 'https://randomuser.me/api/portraits/thumb/women/34.jpg'}, 'nat': 'TR'}], 'info': {'seed': 'bddaf4ae567e8f5f', 'results': 1, 'page': 1, 'version': '1.4'}}</msg>
<arg>${json_data}</arg>
<doc>Logs the given message with the given level.</doc>
<status status="PASS" start="2024-08-02T17:14:27.012656" elapsed="0.000221"/>
</kw>
<kw name="Dictionary Should Contain Key" owner="Collections">
<arg>${json_data}</arg>
<arg>results</arg>
<doc>Fails if ``key`` is not found from ``dictionary``.</doc>
<status status="PASS" start="2024-08-02T17:14:27.013174" elapsed="0.000168"/>
</kw>
<kw name="Should Not Be Empty" owner="BuiltIn">
<msg time="2024-08-02T17:14:27.013647" level="INFO">Length is 2.</msg>
<arg>${json_data}</arg>
<doc>Verifies that the given item is not empty.</doc>
<status status="PASS" start="2024-08-02T17:14:27.013524" elapsed="0.000160"/>
</kw>
<kw name="Create List" owner="BuiltIn">
<msg time="2024-08-02T17:14:27.014166" level="INFO">${expected_keys} = ['gender', 'name', 'location', 'email', 'login']</msg>
<var>${expected_keys}</var>
<arg>gender</arg>
<arg>name</arg>
<arg>location</arg>
<arg>email</arg>
<arg>login</arg>
<doc>Returns a list containing given items.</doc>
<status status="PASS" start="2024-08-02T17:14:27.014006" elapsed="0.000184"/>
</kw>
<for flavor="IN">
<iter>
<kw name="Dictionary Should Contain Key" owner="Collections">
<arg>${json_data['results'][0]}</arg>
<arg>${key}</arg>
<doc>Fails if ``key`` is not found from ``dictionary``.</doc>
<status status="PASS" start="2024-08-02T17:14:27.014801" elapsed="0.000407"/>
</kw>
<kw name="Log" owner="BuiltIn">
<msg time="2024-08-02T17:14:27.015763" level="INFO">{'gender': 'female', 'name': {'title': 'Mrs', 'first': 'Elif', 'last': 'Küçükler'}, 'location': {'street': {'number': 7617, 'name': 'Kushimoto Sk'}, 'city': 'Muğla', 'state': 'Karabük', 'country': 'Turkey', 'postcode': 82782, 'coordinates': {'latitude': '68.4461', 'longitude': '153.5433'}, 'timezone': {'offset': '-9:00', 'description': 'Alaska'}}, 'email': 'elif.kucukler@example.com', 'login': {'uuid': '5972c39f-c26a-4f56-93ba-daaf5dfdfcff', 'username': 'purplesnake708', 'password': 'qwertz', 'salt': 'kBQ8ty1m', 'md5': 'aa05e35d9c50d05d280c321b07ebe981', 'sha1': '8a466de9ff5a12cbdcb00fb46ed787413980b30d', 'sha256': '9127f79888bbcbb6a674ea86ce988f6079923680a7c9bd5b32267f14c66597a5'}, 'dob': {'date': '1980-07-12T03:20:34.734Z', 'age': 44}, 'registered': {'date': '2021-11-06T10:14:00.525Z', 'age': 2}, 'phone': '(898)-979-9569', 'cell': '(813)-641-8576', 'id': {'name': '', 'value': None}, 'picture': {'large': 'https://randomuser.me/api/portraits/women/34.jpg', 'medium': 'https://randomuser.me/api/portraits/med/women/34.jpg', 'thumbnail': 'https://randomuser.me/api/portraits/thumb/women/34.jpg'}, 'nat': 'TR'}</msg>
<arg>${json_data['results'][0]}</arg>
<doc>Logs the given message with the given level.</doc>
<status status="PASS" start="2024-08-02T17:14:27.015399" elapsed="0.000414"/>
</kw>
<kw name="Log" owner="BuiltIn">
<msg time="2024-08-02T17:14:27.016244" level="INFO">gender</msg>
<arg>${key}</arg>
<doc>Logs the given message with the given level.</doc>
<status status="PASS" start="2024-08-02T17:14:27.016115" elapsed="0.000167"/>
</kw>
<var name="${key}">gender</var>
<status status="PASS" start="2024-08-02T17:14:27.014664" elapsed="0.001836"/>
</iter>
<iter>
<kw name="Dictionary Should Contain Key" owner="Collections">
<arg>${json_data['results'][0]}</arg>
<arg>${key}</arg>
<doc>Fails if ``key`` is not found from ``dictionary``.</doc>
<status status="PASS" start="2024-08-02T17:14:27.016804" elapsed="0.000399"/>
</kw>
<kw name="Log" owner="BuiltIn">
<msg time="2024-08-02T17:14:27.017744" level="INFO">{'gender': 'female', 'name': {'title': 'Mrs', 'first': 'Elif', 'last': 'Küçükler'}, 'location': {'street': {'number': 7617, 'name': 'Kushimoto Sk'}, 'city': 'Muğla', 'state': 'Karabük', 'country': 'Turkey', 'postcode': 82782, 'coordinates': {'latitude': '68.4461', 'longitude': '153.5433'}, 'timezone': {'offset': '-9:00', 'description': 'Alaska'}}, 'email': 'elif.kucukler@example.com', 'login': {'uuid': '5972c39f-c26a-4f56-93ba-daaf5dfdfcff', 'username': 'purplesnake708', 'password': 'qwertz', 'salt': 'kBQ8ty1m', 'md5': 'aa05e35d9c50d05d280c321b07ebe981', 'sha1': '8a466de9ff5a12cbdcb00fb46ed787413980b30d', 'sha256': '9127f79888bbcbb6a674ea86ce988f6079923680a7c9bd5b32267f14c66597a5'}, 'dob': {'date': '1980-07-12T03:20:34.734Z', 'age': 44}, 'registered': {'date': '2021-11-06T10:14:00.525Z', 'age': 2}, 'phone': '(898)-979-9569', 'cell': '(813)-641-8576', 'id': {'name': '', 'value': None}, 'picture': {'large': 'https://randomuser.me/api/portraits/women/34.jpg', 'medium': 'https://randomuser.me/api/portraits/med/women/34.jpg', 'thumbnail': 'https://randomuser.me/api/portraits/thumb/women/34.jpg'}, 'nat': 'TR'}</msg>
<arg>${json_data['results'][0]}</arg>
<doc>Logs the given message with the given level.</doc>
<status status="PASS" start="2024-08-02T17:14:27.017387" elapsed="0.000440"/>
</kw>
<kw name="Log" owner="BuiltIn">
<msg time="2024-08-02T17:14:27.018291" level="INFO">name</msg>
<arg>${key}</arg>
<doc>Logs the given message with the given level.</doc>
<status status="PASS" start="2024-08-02T17:14:27.018162" elapsed="0.000167"/>
</kw>
<var name="${key}">name</var>
<status status="PASS" start="2024-08-02T17:14:27.016693" elapsed="0.001853"/>
</iter>
<iter>
<kw name="Dictionary Should Contain Key" owner="Collections">
<arg>${json_data['results'][0]}</arg>
<arg>${key}</arg>
<doc>Fails if ``key`` is not found from ``dictionary``.</doc>
<status status="PASS" start="2024-08-02T17:14:27.018842" elapsed="0.000386"/>
</kw>
<kw name="Log" owner="BuiltIn">
<msg time="2024-08-02T17:14:27.019766" level="INFO">{'gender': 'female', 'name': {'title': 'Mrs', 'first': 'Elif', 'last': 'Küçükler'}, 'location': {'street': {'number': 7617, 'name': 'Kushimoto Sk'}, 'city': 'Muğla', 'state': 'Karabük', 'country': 'Turkey', 'postcode': 82782, 'coordinates': {'latitude': '68.4461', 'longitude': '153.5433'}, 'timezone': {'offset': '-9:00', 'description': 'Alaska'}}, 'email': 'elif.kucukler@example.com', 'login': {'uuid': '5972c39f-c26a-4f56-93ba-daaf5dfdfcff', 'username': 'purplesnake708', 'password': 'qwertz', 'salt': 'kBQ8ty1m', 'md5': 'aa05e35d9c50d05d280c321b07ebe981', 'sha1': '8a466de9ff5a12cbdcb00fb46ed787413980b30d', 'sha256': '9127f79888bbcbb6a674ea86ce988f6079923680a7c9bd5b32267f14c66597a5'}, 'dob': {'date': '1980-07-12T03:20:34.734Z', 'age': 44}, 'registered': {'date': '2021-11-06T10:14:00.525Z', 'age': 2}, 'phone': '(898)-979-9569', 'cell': '(813)-641-8576', 'id': {'name': '', 'value': None}, 'picture': {'large': 'https://randomuser.me/api/portraits/women/34.jpg', 'medium': 'https://randomuser.me/api/portraits/med/women/34.jpg', 'thumbnail': 'https://randomuser.me/api/portraits/thumb/women/34.jpg'}, 'nat': 'TR'}</msg>
<arg>${json_data['results'][0]}</arg>
<doc>Logs the given message with the given level.</doc>
<status status="PASS" start="2024-08-02T17:14:27.019416" elapsed="0.000401"/>
</kw>
<kw name="Log" owner="BuiltIn">
<msg time="2024-08-02T17:14:27.020246" level="INFO">location</msg>
<arg>${key}</arg>
<doc>Logs the given message with the given level.</doc>
<status status="PASS" start="2024-08-02T17:14:27.020116" elapsed="0.000168"/>
</kw>
<var name="${key}">location</var>
<status status="PASS" start="2024-08-02T17:14:27.018734" elapsed="0.001770"/>
</iter>
<iter>
<kw name="Dictionary Should Contain Key" owner="Collections">
<arg>${json_data['results'][0]}</arg>
<arg>${key}</arg>
<doc>Fails if ``key`` is not found from ``dictionary``.</doc>
<status status="PASS" start="2024-08-02T17:14:27.020783" elapsed="0.000378"/>
</kw>
<kw name="Log" owner="BuiltIn">
<msg time="2024-08-02T17:14:27.021842" level="INFO">{'gender': 'female', 'name': {'title': 'Mrs', 'first': 'Elif', 'last': 'Küçükler'}, 'location': {'street': {'number': 7617, 'name': 'Kushimoto Sk'}, 'city': 'Muğla', 'state': 'Karabük', 'country': 'Turkey', 'postcode': 82782, 'coordinates': {'latitude': '68.4461', 'longitude': '153.5433'}, 'timezone': {'offset': '-9:00', 'description': 'Alaska'}}, 'email': 'elif.kucukler@example.com', 'login': {'uuid': '5972c39f-c26a-4f56-93ba-daaf5dfdfcff', 'username': 'purplesnake708', 'password': 'qwertz', 'salt': 'kBQ8ty1m', 'md5': 'aa05e35d9c50d05d280c321b07ebe981', 'sha1': '8a466de9ff5a12cbdcb00fb46ed787413980b30d', 'sha256': '9127f79888bbcbb6a674ea86ce988f6079923680a7c9bd5b32267f14c66597a5'}, 'dob': {'date': '1980-07-12T03:20:34.734Z', 'age': 44}, 'registered': {'date': '2021-11-06T10:14:00.525Z', 'age': 2}, 'phone': '(898)-979-9569', 'cell': '(813)-641-8576', 'id': {'name': '', 'value': None}, 'picture': {'large': 'https://randomuser.me/api/portraits/women/34.jpg', 'medium': 'https://randomuser.me/api/portraits/med/women/34.jpg', 'thumbnail': 'https://randomuser.me/api/portraits/thumb/women/34.jpg'}, 'nat': 'TR'}</msg>
<arg>${json_data['results'][0]}</arg>
<doc>Logs the given message with the given level.</doc>
<status status="PASS" start="2024-08-02T17:14:27.021474" elapsed="0.000440"/>
</kw>
<kw name="Log" owner="BuiltIn">
<msg time="2024-08-02T17:14:27.022352" level="INFO">email</msg>
<arg>${key}</arg>
<doc>Logs the given message with the given level.</doc>
<status status="PASS" start="2024-08-02T17:14:27.022222" elapsed="0.000169"/>
</kw>
<var name="${key}">email</var>
<status status="PASS" start="2024-08-02T17:14:27.020677" elapsed="0.001934"/>
</iter>
<iter>
<kw name="Dictionary Should Contain Key" owner="Collections">
<arg>${json_data['results'][0]}</arg>
<arg>${key}</arg>
<doc>Fails if ``key`` is not found from ``dictionary``.</doc>
<status status="PASS" start="2024-08-02T17:14:27.022899" elapsed="0.000377"/>
</kw>
<kw name="Log" owner="BuiltIn">
<msg time="2024-08-02T17:14:27.023817" level="INFO">{'gender': 'female', 'name': {'title': 'Mrs', 'first': 'Elif', 'last': 'Küçükler'}, 'location': {'street': {'number': 7617, 'name': 'Kushimoto Sk'}, 'city': 'Muğla', 'state': 'Karabük', 'country': 'Turkey', 'postcode': 82782, 'coordinates': {'latitude': '68.4461', 'longitude': '153.5433'}, 'timezone': {'offset': '-9:00', 'description': 'Alaska'}}, 'email': 'elif.kucukler@example.com', 'login': {'uuid': '5972c39f-c26a-4f56-93ba-daaf5dfdfcff', 'username': 'purplesnake708', 'password': 'qwertz', 'salt': 'kBQ8ty1m', 'md5': 'aa05e35d9c50d05d280c321b07ebe981', 'sha1': '8a466de9ff5a12cbdcb00fb46ed787413980b30d', 'sha256': '9127f79888bbcbb6a674ea86ce988f6079923680a7c9bd5b32267f14c66597a5'}, 'dob': {'date': '1980-07-12T03:20:34.734Z', 'age': 44}, 'registered': {'date': '2021-11-06T10:14:00.525Z', 'age': 2}, 'phone': '(898)-979-9569', 'cell': '(813)-641-8576', 'id': {'name': '', 'value': None}, 'picture': {'large': 'https://randomuser.me/api/portraits/women/34.jpg', 'medium': 'https://randomuser.me/api/portraits/med/women/34.jpg', 'thumbnail': 'https://randomuser.me/api/portraits/thumb/women/34.jpg'}, 'nat': 'TR'}</msg>
<arg>${json_data['results'][0]}</arg>
<doc>Logs the given message with the given level.</doc>
<status status="PASS" start="2024-08-02T17:14:27.023458" elapsed="0.000409"/>
</kw>
<kw name="Log" owner="BuiltIn">
<msg time="2024-08-02T17:14:27.024292" level="INFO">login</msg>
<arg>${key}</arg>
<doc>Logs the given message with the given level.</doc>
<status status="PASS" start="2024-08-02T17:14:27.024164" elapsed="0.000165"/>
</kw>
<var name="${key}">login</var>
<status status="PASS" start="2024-08-02T17:14:27.022789" elapsed="0.001755"/>
</iter>
<var>${key}</var>
<value>@{expected_keys}</value>
<status status="PASS" start="2024-08-02T17:14:27.014457" elapsed="0.010208"/>
</for>
<kw name="Create List" owner="BuiltIn">
<msg time="2024-08-02T17:14:27.024987" level="INFO">${expected_keysTwo} = ['username', 'password']</msg>
<var>${expected_keysTwo}</var>
<arg>username</arg>
<arg>password</arg>
<doc>Returns a list containing given items.</doc>
<status status="PASS" start="2024-08-02T17:14:27.024854" elapsed="0.000157"/>
</kw>
<for flavor="IN">
<iter>
<kw name="Dictionary Should Contain Key" owner="Collections">
<arg>${json_data['results'][0]['login']}</arg>
<arg>${keyTwo}</arg>
<doc>Fails if ``key`` is not found from ``dictionary``.</doc>
<status status="PASS" start="2024-08-02T17:14:27.025535" elapsed="0.000413"/>
</kw>
<kw name="Dictionary Should Contain Key" owner="Collections">
<arg>${json_data['results'][0]['login']}</arg>
<arg>${keyTwo}</arg>
<doc>Fails if ``key`` is not found from ``dictionary``.</doc>
<status status="PASS" start="2024-08-02T17:14:27.026139" elapsed="0.000372"/>
</kw>
<kw name="Log" owner="BuiltIn">
<msg time="2024-08-02T17:14:27.026817" level="INFO">username</msg>
<arg>${keyTwo}</arg>
<doc>Logs the given message with the given level.</doc>
<status status="PASS" start="2024-08-02T17:14:27.026697" elapsed="0.000158"/>
</kw>
<var name="${keyTwo}">username</var>
<status status="PASS" start="2024-08-02T17:14:27.025426" elapsed="0.001648"/>
</iter>
<iter>
<kw name="Dictionary Should Contain Key" owner="Collections">
<arg>${json_data['results'][0]['login']}</arg>
<arg>${keyTwo}</arg>
<doc>Fails if ``key`` is not found from ``dictionary``.</doc>
<status status="PASS" start="2024-08-02T17:14:27.027359" elapsed="0.000385"/>
</kw>
<kw name="Dictionary Should Contain Key" owner="Collections">
<arg>${json_data['results'][0]['login']}</arg>
<arg>${keyTwo}</arg>
<doc>Fails if ``key`` is not found from ``dictionary``.</doc>
<status status="PASS" start="2024-08-02T17:14:27.027923" elapsed="0.000363"/>
</kw>
<kw name="Log" owner="BuiltIn">
<msg time="2024-08-02T17:14:27.028585" level="INFO">password</msg>
<arg>${keyTwo}</arg>
<doc>Logs the given message with the given level.</doc>
<status status="PASS" start="2024-08-02T17:14:27.028460" elapsed="0.000162"/>
</kw>
<var name="${keyTwo}">password</var>
<status status="PASS" start="2024-08-02T17:14:27.027248" elapsed="0.001592"/>
</iter>
<var>${keyTwo}</var>
<value>@{expected_keysTwo}</value>
<status status="PASS" start="2024-08-02T17:14:27.025271" elapsed="0.003690"/>
</for>
<status status="PASS" start="2024-08-02T17:14:21.971627" elapsed="5.057477"/>
</kw>
<doc>Testa a estrutura da resposta da API.</doc>
<tag>testeEstruturaResposta</tag>
<status status="PASS" start="2024-08-02T17:14:21.970897" elapsed="5.058365"/>
</test>
<test id="s1-s1-t4" name="Validar tipos de dados" line="28">
<kw name="Teste de Tipos de Dados" owner="random-user-service">
<kw name="GET On Session" owner="RequestsLibrary">
<msg time="2024-08-02T17:14:29.827961" level="INFO">GET Request : url=https://randomuser.me/api 
 path_url=/api 
 headers={'User-Agent': 'python-requests/2.32.3', 'Accept-Encoding': 'gzip, deflate', 'Accept': '*/*', 'Connection': 'keep-alive'} 
 body=None 
 </msg>
<msg time="2024-08-02T17:14:29.828083" level="INFO">GET Response : url=https://randomuser.me/api 
 status=200, reason=OK 
 headers={'Date': 'Fri, 02 Aug 2024 17:14:29 GMT', 'Content-Type': 'application/json; charset=utf-8', 'Transfer-Encoding': 'chunked', 'Connection': 'keep-alive', 'X-Powered-By': 'Express', 'Access-Control-Allow-Origin': '*', 'Cache-Control': 'no-cache', 'ETag': 'W/"47e-84sVYBhZijWT4GxMKRLo3lvYsfE"', 'Vary': 'Accept-Encoding', 'Content-Encoding': 'gzip', 'CF-Cache-Status': 'DYNAMIC', 'Report-To': '{"endpoints":[{"url":"https:\\/\\/a.nel.cloudflare.com\\/report\\/v4?s=dohCRMdXm3LOX95mZEwNY3iO6r6tub%2FO9eFKveifD42krQpMKEkDwfZ7n1eaZusqK2M9UsO4OeSqqk0Cs6MRxkTbIWl0Gdvuh5tPTWjhqOQxJ7T76IQNXuYk2iXx%2FVCe"}],"group":"cf-nel","max_age":604800}', 'NEL': '{"success_fraction":0,"report_to":"cf-nel","max_age":604800}', 'Server': 'cloudflare', 'CF-RAY': '8acfb44efd703885-IAD', 'alt-svc': 'h3=":443"; ma=86400'} 
 body={"results":[{"gender":"male","name":{"title":"Mr","first":"Tomas","last":"Stokkan"},"location":{"street":{"number":1915,"name":"Mekanikerveien"},"city":"Åkrene","state":"Vest-Agder","country":"Norway","postcode":"6240","coordinates":{"latitude":"41.7452","longitude":"-56.6517"},"timezone":{"offset":"-7:00","description":"Mountain Time (US &amp; Canada)"}},"email":"tomas.stokkan@example.com","login":{"uuid":"ec338ffd-804c-4927-be6f-720ccd579f91","username":"happyzebra522","password":"toolbox","salt":"IdrWJkBn","md5":"5b9d05776642b4df3f1f49e2154e31ec","sha1":"ca86777befe83c4fe6eea5d9d06ac736e146e73e","sha256":"dc7ebaf809cf44093afce699479a08e3ac4819f68ddb4f2a745bc9b5ab5c5fee"},"dob":{"date":"1953-02-01T02:58:57.432Z","age":71},"registered":{"date":"2002-10-16T10:06:36.707Z","age":21},"phone":"78346961","cell":"93519890","id":{"name":"FN","value":"01025342751"},"picture":{"large":"https://randomuser.me/api/portraits/men/75.jpg","medium":"https://randomuser.me/api/portraits/med/men/75.jpg","thumbnail":"https://randomuser.me/api/portraits/thumb/men/75.jpg"},"nat":"NO"}],"info":{"seed":"c081ca0686360e97","results":1,"page":1,"version":"1.4"}} 
 </msg>
<msg time="2024-08-02T17:14:29.828176" level="INFO">/opt/hostedtoolcache/Python/3.12.4/x64/lib/python3.12/site-packages/urllib3/connectionpool.py:1099: InsecureRequestWarning: Unverified HTTPS request is being made to host 'randomuser.me'. Adding certificate verification is strongly advised. See: https://urllib3.readthedocs.io/en/latest/advanced-usage.html#tls-warnings
  warnings.warn(</msg>
<msg time="2024-08-02T17:14:29.828322" level="INFO">${response} = &lt;Response [200]&gt;</msg>
<var>${response}</var>
<arg>consultarAPI</arg>
<arg>/api</arg>
<doc>Sends a GET request on a previously created HTTP Session.</doc>
<status status="PASS" start="2024-08-02T17:14:27.031695" elapsed="2.796696"/>
</kw>
<kw name="Set Variable" owner="BuiltIn">
<msg time="2024-08-02T17:14:29.829453" level="INFO">${json_data} = {'results': [{'gender': 'male', 'name': {'title': 'Mr', 'first': 'Tomas', 'last': 'Stokkan'}, 'location': {'street': {'number': 1915, 'name': 'Mekanikerveien'}, 'city': 'Åkrene', 'state': 'Vest-Agder'...</msg>
<var>${json_data}</var>
<arg>${response.json()}</arg>
<doc>Returns the given values which can then be assigned to a variables.</doc>
<status status="PASS" start="2024-08-02T17:14:29.828925" elapsed="0.000557"/>
</kw>
<kw name="Log" owner="BuiltIn">
<msg time="2024-08-02T17:14:29.829969" level="INFO">{'results': [{'gender': 'male', 'name': {'title': 'Mr', 'first': 'Tomas', 'last': 'Stokkan'}, 'location': {'street': {'number': 1915, 'name': 'Mekanikerveien'}, 'city': 'Åkrene', 'state': 'Vest-Agder', 'country': 'Norway', 'postcode': '6240', 'coordinates': {'latitude': '41.7452', 'longitude': '-56.6517'}, 'timezone': {'offset': '-7:00', 'description': 'Mountain Time (US &amp; Canada)'}}, 'email': 'tomas.stokkan@example.com', 'login': {'uuid': 'ec338ffd-804c-4927-be6f-720ccd579f91', 'username': 'happyzebra522', 'password': 'toolbox', 'salt': 'IdrWJkBn', 'md5': '5b9d05776642b4df3f1f49e2154e31ec', 'sha1': 'ca86777befe83c4fe6eea5d9d06ac736e146e73e', 'sha256': 'dc7ebaf809cf44093afce699479a08e3ac4819f68ddb4f2a745bc9b5ab5c5fee'}, 'dob': {'date': '1953-02-01T02:58:57.432Z', 'age': 71}, 'registered': {'date': '2002-10-16T10:06:36.707Z', 'age': 21}, 'phone': '78346961', 'cell': '93519890', 'id': {'name': 'FN', 'value': '01025342751'}, 'picture': {'large': 'https://randomuser.me/api/portraits/men/75.jpg', 'medium': 'https://randomuser.me/api/portraits/med/men/75.jpg', 'thumbnail': 'https://randomuser.me/api/portraits/thumb/men/75.jpg'}, 'nat': 'NO'}], 'info': {'seed': 'c081ca0686360e97', 'results': 1, 'page': 1, 'version': '1.4'}}</msg>
<arg>${json_data}</arg>
<doc>Logs the given message with the given level.</doc>
<status status="PASS" start="2024-08-02T17:14:29.829782" elapsed="0.000239"/>
</kw>
<kw name="Should Be String" owner="String">
<arg>${json_data['results'][0]['gender']}</arg>
<doc>Fails if the given ``item`` is not a string.</doc>
<status status="PASS" start="2024-08-02T17:14:29.830334" elapsed="0.000382"/>
</kw>
<kw name="Should Match Regexp" owner="BuiltIn">
<arg>${json_data['results'][0]['email']}</arg>
<arg>^[a-zA-Z0-9._%+-]+@[a-zA-Z0-9.-]+\.[a-zA-Z]{2,}$</arg>
<doc>Fails if ``string`` does not match ``pattern`` as a regular expression.</doc>
<status status="PASS" start="2024-08-02T17:14:29.830901" elapsed="0.000509"/>
</kw>
<kw name="Should Match Regexp" owner="BuiltIn">
<arg>${json_data['results'][0]['dob']['date']}</arg>
<arg>\\d{4}-\\d{2}-\\d{2}T\\d{2}:\\d{2}:\\d{2}\\.\\d{3}Z</arg>
<doc>Fails if ``string`` does not match ``pattern`` as a regular expression.</doc>
<status status="PASS" start="2024-08-02T17:14:29.831645" elapsed="0.000639"/>
</kw>
<kw name="Should Match Regexp" owner="BuiltIn">
<arg>${json_data['results'][0]['registered']['date']}</arg>
<arg>\\d{4}-\\d{2}-\\d{2}T\\d{2}:\\d{2}:\\d{2}\\.\\d{3}Z</arg>
<doc>Fails if ``string`` does not match ``pattern`` as a regular expression.</doc>
<status status="PASS" start="2024-08-02T17:14:29.832477" elapsed="0.000366"/>
</kw>
<kw name="Should Match Regexp" owner="BuiltIn">
<arg>${json_data['results'][0]['picture']['large']}</arg>
<arg>^https?://.*\.(?:png|jpe?g|gif|bmp)$</arg>
<doc>Fails if ``string`` does not match ``pattern`` as a regular expression.</doc>
<status status="PASS" start="2024-08-02T17:14:29.833036" elapsed="0.000456"/>
</kw>
<kw name="Should Match Regexp" owner="BuiltIn">
<arg>${json_data['results'][0]['picture']['medium']}</arg>
<arg>^https?://.*\.(?:png|jpe?g|gif|bmp)$</arg>
<doc>Fails if ``string`` does not match ``pattern`` as a regular expression.</doc>
<status status="PASS" start="2024-08-02T17:14:29.833674" elapsed="0.000386"/>
</kw>
<kw name="Should Match Regexp" owner="BuiltIn">
<arg>${json_data['results'][0]['picture']['thumbnail']}</arg>
<arg>^https?://.*\.(?:png|jpe?g|gif|bmp)$</arg>
<doc>Fails if ``string`` does not match ``pattern`` as a regular expression.</doc>
<status status="PASS" start="2024-08-02T17:14:29.834239" elapsed="0.000343"/>
</kw>
<kw name="Log" owner="BuiltIn">
<msg time="2024-08-02T17:14:29.835072" level="INFO">{'large': 'https://randomuser.me/api/portraits/men/75.jpg', 'medium': 'https://randomuser.me/api/portraits/med/men/75.jpg', 'thumbnail': 'https://randomuser.me/api/portraits/thumb/men/75.jpg'}</msg>
<arg>${json_data['results'][0]['picture']}</arg>
<doc>Logs the given message with the given level.</doc>
<status status="PASS" start="2024-08-02T17:14:29.834758" elapsed="0.000357"/>
</kw>
<status status="PASS" start="2024-08-02T17:14:27.031471" elapsed="2.803900"/>
</kw>
<kw name="Teste de Tipos de Dados - Postcode" owner="random-user-service">
<kw name="GET On Session" owner="RequestsLibrary">
<msg time="2024-08-02T17:14:31.319645" level="INFO">GET Request : url=https://randomuser.me/api 
 path_url=/api 
 headers={'User-Agent': 'python-requests/2.32.3', 'Accept-Encoding': 'gzip, deflate', 'Accept': '*/*', 'Connection': 'keep-alive'} 
 body=None 
 </msg>
<msg time="2024-08-02T17:14:31.319757" level="INFO">GET Response : url=https://randomuser.me/api 
 status=200, reason=OK 
 headers={'Date': 'Fri, 02 Aug 2024 17:14:31 GMT', 'Content-Type': 'application/json; charset=utf-8', 'Transfer-Encoding': 'chunked', 'Connection': 'keep-alive', 'X-Powered-By': 'Express', 'Access-Control-Allow-Origin': '*', 'Cache-Control': 'no-cache', 'ETag': 'W/"48f-qM/gtTtJbwWw9hWOHgzE7hKtPNo"', 'Vary': 'Accept-Encoding', 'Content-Encoding': 'gzip', 'CF-Cache-Status': 'DYNAMIC', 'Report-To': '{"endpoints":[{"url":"https:\\/\\/a.nel.cloudflare.com\\/report\\/v4?s=Xul9EhW0I0jlWnjzuYnlHFTZhifEfOVcDfIo%2FqsraHg9uUbiAOY5zJhLjk1u84Dm9Dz%2BgbYmerPmg1JpV9MfJ0r0f5VfWpW6CwFyb2Z0OufXoLcG7CM4ulL3tJ1rvwVo"}],"group":"cf-nel","max_age":604800}', 'NEL': '{"success_fraction":0,"report_to":"cf-nel","max_age":604800}', 'Server': 'cloudflare', 'CF-RAY': '8acfb4607de23885-IAD', 'alt-svc': 'h3=":443"; ma=86400'} 
 body={"results":[{"gender":"female","name":{"title":"Ms","first":"Danica","last":"Santrač"},"location":{"street":{"number":9179,"name":"Mazgitska"},"city":"Despotovac","state":"Prizren","country":"Serbia","postcode":13108,"coordinates":{"latitude":"60.1723","longitude":"55.3073"},"timezone":{"offset":"-3:00","description":"Brazil, Buenos Aires, Georgetown"}},"email":"danica.santrac@example.com","login":{"uuid":"2ac5e73a-05bc-4066-8644-a861d2b34adb","username":"crazyostrich561","password":"deacon","salt":"xUXdyAGx","md5":"8b3b0c54882c9c42412e262fd21df01d","sha1":"27185df9ebdcb07896b784576a71730ae250be5c","sha256":"241fd4730aefd70c76eed7641f58cb7fdb58174b070336b32b020e4fa06bd35d"},"dob":{"date":"1967-04-02T06:32:52.509Z","age":57},"registered":{"date":"2004-06-02T18:31:08.852Z","age":20},"phone":"017-2368-768","cell":"069-8370-443","id":{"name":"SID","value":"125385866"},"picture":{"large":"https://randomuser.me/api/portraits/women/82.jpg","medium":"https://randomuser.me/api/portraits/med/women/82.jpg","thumbnail":"https://randomuser.me/api/portraits/thumb/women/82.jpg"},"nat":"RS"}],"info":{"seed":"c8deb0b8264ba455","results":1,"page":1,"version":"1.4"}} 
 </msg>
<msg time="2024-08-02T17:14:31.319841" level="INFO">/opt/hostedtoolcache/Python/3.12.4/x64/lib/python3.12/site-packages/urllib3/connectionpool.py:1099: InsecureRequestWarning: Unverified HTTPS request is being made to host 'randomuser.me'. Adding certificate verification is strongly advised. See: https://urllib3.readthedocs.io/en/latest/advanced-usage.html#tls-warnings
  warnings.warn(</msg>
<msg time="2024-08-02T17:14:31.319974" level="INFO">${response} = &lt;Response [200]&gt;</msg>
<var>${response}</var>
<arg>consultarAPI</arg>
<arg>/api</arg>
<doc>Sends a GET request on a previously created HTTP Session.</doc>
<status status="PASS" start="2024-08-02T17:14:29.835828" elapsed="1.484195"/>
</kw>
<kw name="Set Variable" owner="BuiltIn">
<msg time="2024-08-02T17:14:31.321098" level="INFO">${json_data} = {'results': [{'gender': 'female', 'name': {'title': 'Ms', 'first': 'Danica', 'last': 'Santrač'}, 'location': {'street': {'number': 9179, 'name': 'Mazgitska'}, 'city': 'Despotovac', 'state': 'Prizren',...</msg>
<var>${json_data}</var>
<arg>${response.json()}</arg>
<doc>Returns the given values which can then be assigned to a variables.</doc>
<status status="PASS" start="2024-08-02T17:14:31.320585" elapsed="0.000544"/>
</kw>
<kw name="Log" owner="BuiltIn">
<msg time="2024-08-02T17:14:31.321611" level="INFO">{'results': [{'gender': 'female', 'name': {'title': 'Ms', 'first': 'Danica', 'last': 'Santrač'}, 'location': {'street': {'number': 9179, 'name': 'Mazgitska'}, 'city': 'Despotovac', 'state': 'Prizren', 'country': 'Serbia', 'postcode': 13108, 'coordinates': {'latitude': '60.1723', 'longitude': '55.3073'}, 'timezone': {'offset': '-3:00', 'description': 'Brazil, Buenos Aires, Georgetown'}}, 'email': 'danica.santrac@example.com', 'login': {'uuid': '2ac5e73a-05bc-4066-8644-a861d2b34adb', 'username': 'crazyostrich561', 'password': 'deacon', 'salt': 'xUXdyAGx', 'md5': '8b3b0c54882c9c42412e262fd21df01d', 'sha1': '27185df9ebdcb07896b784576a71730ae250be5c', 'sha256': '241fd4730aefd70c76eed7641f58cb7fdb58174b070336b32b020e4fa06bd35d'}, 'dob': {'date': '1967-04-02T06:32:52.509Z', 'age': 57}, 'registered': {'date': '2004-06-02T18:31:08.852Z', 'age': 20}, 'phone': '017-2368-768', 'cell': '069-8370-443', 'id': {'name': 'SID', 'value': '125385866'}, 'picture': {'large': 'https://randomuser.me/api/portraits/women/82.jpg', 'medium': 'https://randomuser.me/api/portraits/med/women/82.jpg', 'thumbnail': 'https://randomuser.me/api/portraits/thumb/women/82.jpg'}, 'nat': 'RS'}], 'info': {'seed': 'c8deb0b8264ba455', 'results': 1, 'page': 1, 'version': '1.4'}}</msg>
<arg>${json_data}</arg>
<doc>Logs the given message with the given level.</doc>
<status status="PASS" start="2024-08-02T17:14:31.321449" elapsed="0.000212"/>
</kw>
<kw name="Should Be Equal As Numbers" owner="BuiltIn">
<arg>${json_data['results'][0]['location']['postcode']}</arg>
<arg>${json_data['results'][0]['location']['postcode']}</arg>
<doc>Fails if objects are unequal after converting them to real numbers.</doc>
<status status="PASS" start="2024-08-02T17:14:31.321999" elapsed="0.000617"/>
</kw>
<kw name="Log" owner="BuiltIn">
<msg time="2024-08-02T17:14:31.323147" level="INFO">13108</msg>
<arg>${json_data['results'][0]['location']['postcode']}</arg>
<doc>Logs the given message with the given level.</doc>
<status status="PASS" start="2024-08-02T17:14:31.322811" elapsed="0.000376"/>
</kw>
<status status="PASS" start="2024-08-02T17:14:29.835598" elapsed="1.487847"/>
</kw>
<doc>Testa se os tipos de dados na resposta da API estão corretos.</doc>
<tag>testeTiposDados</tag>
<status status="PASS" start="2024-08-02T17:14:27.031012" elapsed="4.292642"/>
</test>
<test id="s1-s1-t5" name="Validar conteudo" line="35">
<kw name="Teste de Tipos de Conteudo" owner="random-user-service">
<kw name="GET On Session" owner="RequestsLibrary">
<msg time="2024-08-02T17:14:32.137784" level="INFO">GET Request : url=https://randomuser.me/api 
 path_url=/api 
 headers={'User-Agent': 'python-requests/2.32.3', 'Accept-Encoding': 'gzip, deflate', 'Accept': '*/*', 'Connection': 'keep-alive'} 
 body=None 
 </msg>
<msg time="2024-08-02T17:14:32.137908" level="INFO">GET Response : url=https://randomuser.me/api 
 status=200, reason=OK 
 headers={'Date': 'Fri, 02 Aug 2024 17:14:32 GMT', 'Content-Type': 'application/json; charset=utf-8', 'Transfer-Encoding': 'chunked', 'Connection': 'keep-alive', 'X-Powered-By': 'Express', 'Access-Control-Allow-Origin': '*', 'Cache-Control': 'no-cache', 'ETag': 'W/"487-zNNL5otrL0M3ffpuPuhztwgFSEU"', 'Vary': 'Accept-Encoding', 'Content-Encoding': 'gzip', 'CF-Cache-Status': 'DYNAMIC', 'Report-To': '{"endpoints":[{"url":"https:\\/\\/a.nel.cloudflare.com\\/report\\/v4?s=N0C2ktjBYSaCf%2Bknsqmdb4TIrmUk0qVFJ7ZJE4QOEGhC4nnInQsr2MEA7aZQkhweNjB9swQei5CrV6k8c40yQjJN8%2B4DfwDkxLRdP%2BRJJvQMjLNCAXbODZJm6lvbZE5G"}],"group":"cf-nel","max_age":604800}', 'NEL': '{"success_fraction":0,"report_to":"cf-nel","max_age":604800}', 'Server': 'cloudflare', 'CF-RAY': '8acfb469c9ef3885-IAD', 'alt-svc': 'h3=":443"; ma=86400'} 
 body={"results":[{"gender":"male","name":{"title":"Mr","first":"Mathias","last":"Larsen"},"location":{"street":{"number":2260,"name":"Østerbro"},"city":"Nr Åby","state":"Midtjylland","country":"Denmark","postcode":57373,"coordinates":{"latitude":"-44.1847","longitude":"-157.3503"},"timezone":{"offset":"+8:00","description":"Beijing, Perth, Singapore, Hong Kong"}},"email":"mathias.larsen@example.com","login":{"uuid":"96d3f868-d580-4162-8dfc-7822bd66387c","username":"yellowrabbit531","password":"stud","salt":"1wIbfzjd","md5":"3a6a4a9d7e81edeb24811da5536a3b2a","sha1":"57e671bbb65bf4c2bc2e16f0b7302eaa2a035e99","sha256":"9e31e47e8bed0ec7098bb3d06db8794dfd4bd1dca81a6c5b246e1093248f918a"},"dob":{"date":"1973-07-02T04:57:57.419Z","age":51},"registered":{"date":"2005-03-17T18:15:39.574Z","age":19},"phone":"68342547","cell":"88303020","id":{"name":"CPR","value":"010773-3976"},"picture":{"large":"https://randomuser.me/api/portraits/men/16.jpg","medium":"https://randomuser.me/api/portraits/med/men/16.jpg","thumbnail":"https://randomuser.me/api/portraits/thumb/men/16.jpg"},"nat":"DK"}],"info":{"seed":"740aead5f34e85a5","results":1,"page":1,"version":"1.4"}} 
 </msg>
<msg time="2024-08-02T17:14:32.137988" level="INFO">/opt/hostedtoolcache/Python/3.12.4/x64/lib/python3.12/site-packages/urllib3/connectionpool.py:1099: InsecureRequestWarning: Unverified HTTPS request is being made to host 'randomuser.me'. Adding certificate verification is strongly advised. See: https://urllib3.readthedocs.io/en/latest/advanced-usage.html#tls-warnings
  warnings.warn(</msg>
<msg time="2024-08-02T17:14:32.138107" level="INFO">${response} = &lt;Response [200]&gt;</msg>
<var>${response}</var>
<arg>consultarAPI</arg>
<arg>/api</arg>
<doc>Sends a GET request on a previously created HTTP Session.</doc>
<status status="PASS" start="2024-08-02T17:14:31.326221" elapsed="0.811926"/>
</kw>
<kw name="Set Variable" owner="BuiltIn">
<msg time="2024-08-02T17:14:32.139351" level="INFO">${json_data} = {'results': [{'gender': 'male', 'name': {'title': 'Mr', 'first': 'Mathias', 'last': 'Larsen'}, 'location': {'street': {'number': 2260, 'name': 'Østerbro'}, 'city': 'Nr Åby', 'state': 'Midtjylland', 'c...</msg>
<var>${json_data}</var>
<arg>${response.json()}</arg>
<doc>Returns the given values which can then be assigned to a variables.</doc>
<status status="PASS" start="2024-08-02T17:14:32.138780" elapsed="0.000601"/>
</kw>
<kw name="Set Variable" owner="BuiltIn">
<msg time="2024-08-02T17:14:32.140066" level="INFO">${name_title} = Mr</msg>
<var>${name_title}</var>
<arg>${json_data["results"][0]["name"]["title"]}</arg>
<doc>Returns the given values which can then be assigned to a variables.</doc>
<status status="PASS" start="2024-08-02T17:14:32.139690" elapsed="0.000402"/>
</kw>
<kw name="Create List" owner="BuiltIn">
<msg time="2024-08-02T17:14:32.140534" level="INFO">${allowed_titles} = ['Mr', 'Ms', 'Miss', 'Mrs', 'Madame', 'Monsieur']</msg>
<var>${allowed_titles}</var>
<arg>Mr</arg>
<arg>Ms</arg>
<arg>Miss</arg>
<arg>Mrs</arg>
<arg>Madame</arg>
<arg>Monsieur</arg>
<doc>Returns a list containing given items.</doc>
<status status="PASS" start="2024-08-02T17:14:32.140386" elapsed="0.000172"/>
</kw>
<kw name="List Should Contain Value" owner="Collections">
<arg>${allowed_titles}</arg>
<arg>${name_title}</arg>
<doc>Fails if the ``value`` is not found from ``list``.</doc>
<status status="PASS" start="2024-08-02T17:14:32.140852" elapsed="0.000189"/>
</kw>
<kw name="Set Variable" owner="BuiltIn">
<msg time="2024-08-02T17:14:32.141590" level="INFO">${name_country} = DK</msg>
<var>${name_country}</var>
<arg>${json_data["results"][0]["nat"]}</arg>
<doc>Returns the given values which can then be assigned to a variables.</doc>
<status status="PASS" start="2024-08-02T17:14:32.141220" elapsed="0.000394"/>
</kw>
<kw name="Create List" owner="BuiltIn">
<msg time="2024-08-02T17:14:32.142516" level="INFO">${list_country} = ['AD', 'AE', 'AF', 'AG', 'AI', 'AL', 'AM', 'AO', 'AQ', 'AR', 'AS', 'AT', 'AU', 'AW', 'AX', 'AZ', 'BA', 'BB', 'BD', 'BE', 'BF', 'BG', 'BH', 'BI', 'BJ', 'BL', 'BM', 'BN', 'BO', 'BQ', 'BR', 'BS', 'BT', '...</msg>
<var>${list_country}</var>
<arg>AD</arg>
<arg>AE</arg>
<arg>AF</arg>
<arg>AG</arg>
<arg>AI</arg>
<arg>AL</arg>
<arg>AM</arg>
<arg>AO</arg>
<arg>AQ</arg>
<arg>AR</arg>
<arg>AS</arg>
<arg>AT</arg>
<arg>AU</arg>
<arg>AW</arg>
<arg>AX</arg>
<arg>AZ</arg>
<arg>BA</arg>
<arg>BB</arg>
<arg>BD</arg>
<arg>BE</arg>
<arg>BF</arg>
<arg>BG</arg>
<arg>BH</arg>
<arg>BI</arg>
<arg>BJ</arg>
<arg>BL</arg>
<arg>BM</arg>
<arg>BN</arg>
<arg>BO</arg>
<arg>BQ</arg>
<arg>BR</arg>
<arg>BS</arg>
<arg>BT</arg>
<arg>BV</arg>
<arg>BW</arg>
<arg>BY</arg>
<arg>BZ</arg>
<arg>CA</arg>
<arg>CC</arg>
<arg>CD</arg>
<arg>CF</arg>
<arg>CG</arg>
<arg>CH</arg>
<arg>CI</arg>
<arg>CK</arg>
<arg>CL</arg>
<arg>CM</arg>
<arg>CN</arg>
<arg>CO</arg>
<arg>CR</arg>
<arg>CU</arg>
<arg>CV</arg>
<arg>CW</arg>
<arg>CX</arg>
<arg>CY</arg>
<arg>CZ</arg>
<arg>DE</arg>
<arg>DJ</arg>
<arg>DK</arg>
<arg>DM</arg>
<arg>DO</arg>
<arg>DZ</arg>
<arg>EC</arg>
<arg>EE</arg>
<arg>EG</arg>
<arg>EH</arg>
<arg>ER</arg>
<arg>ES</arg>
<arg>ET</arg>
<arg>FI</arg>
<arg>FJ</arg>
<arg>FK</arg>
<arg>FM</arg>
<arg>FO</arg>
<arg>FR</arg>
<arg>GA</arg>
<arg>GB</arg>
<arg>GD</arg>
<arg>GE</arg>
<arg>GF</arg>
<arg>GG</arg>
<arg>GH</arg>
<arg>GI</arg>
<arg>GL</arg>
<arg>GM</arg>
<arg>GN</arg>
<arg>GP</arg>
<arg>GQ</arg>
<arg>GR</arg>
<arg>GS</arg>
<arg>GT</arg>
<arg>GU</arg>
<arg>GW</arg>
<arg>GY</arg>
<arg>HK</arg>
<arg>HM</arg>
<arg>HN</arg>
<arg>HR</arg>
<arg>HT</arg>
<arg>HU</arg>
<arg>ID</arg>
<arg>IE</arg>
<arg>IL</arg>
<arg>IM</arg>
<arg>IN</arg>
<arg>IO</arg>
<arg>IQ</arg>
<arg>IR</arg>
<arg>IS</arg>
<arg>IT</arg>
<arg>JE</arg>
<arg>JM</arg>
<arg>JO</arg>
<arg>JP</arg>
<arg>KE</arg>
<arg>KG</arg>
<arg>KH</arg>
<arg>KI</arg>
<arg>KM</arg>
<arg>KN</arg>
<arg>KP</arg>
<arg>KR</arg>
<arg>KW</arg>
<arg>KY</arg>
<arg>KZ</arg>
<arg>LA</arg>
<arg>LB</arg>
<arg>LC</arg>
<arg>LI</arg>
<arg>LK</arg>
<arg>LR</arg>
<arg>LS</arg>
<arg>LT</arg>
<arg>LU</arg>
<arg>LV</arg>
<arg>LY</arg>
<arg>MA</arg>
<arg>MC</arg>
<arg>MD</arg>
<arg>ME</arg>
<arg>MF</arg>
<arg>MG</arg>
<arg>MH</arg>
<arg>MK</arg>
<arg>ML</arg>
<arg>MM</arg>
<arg>MN</arg>
<arg>MO</arg>
<arg>MP</arg>
<arg>MQ</arg>
<arg>MR</arg>
<arg>MS</arg>
<arg>MT</arg>
<arg>MU</arg>
<arg>MV</arg>
<arg>MW</arg>
<arg>MX</arg>
<arg>MY</arg>
<arg>MZ</arg>
<arg>NA</arg>
<arg>NC</arg>
<arg>NE</arg>
<arg>NF</arg>
<arg>NG</arg>
<arg>NI</arg>
<arg>NL</arg>
<arg>NO</arg>
<arg>NP</arg>
<arg>NR</arg>
<arg>NU</arg>
<arg>NZ</arg>
<arg>OM</arg>
<arg>PA</arg>
<arg>PE</arg>
<arg>PF</arg>
<arg>PG</arg>
<arg>PH</arg>
<arg>PK</arg>
<arg>PL</arg>
<arg>PM</arg>
<arg>PN</arg>
<arg>PR</arg>
<arg>PS</arg>
<arg>PT</arg>
<arg>PW</arg>
<arg>PY</arg>
<arg>QA</arg>
<arg>RE</arg>
<arg>RO</arg>
<arg>RS</arg>
<arg>RU</arg>
<arg>RW</arg>
<arg>SA</arg>
<arg>SB</arg>
<arg>SC</arg>
<arg>SD</arg>
<arg>SE</arg>
<arg>SG</arg>
<arg>SH</arg>
<arg>SI</arg>
<arg>SJ</arg>
<arg>SK</arg>
<arg>SL</arg>
<arg>SM</arg>
<arg>SN</arg>
<arg>SO</arg>
<arg>SR</arg>
<arg>SS</arg>
<arg>ST</arg>
<arg>SV</arg>
<arg>SX</arg>
<arg>SY</arg>
<arg>SZ</arg>
<arg>TC</arg>
<arg>TD</arg>
<arg>TF</arg>
<arg>TG</arg>
<arg>TH</arg>
<arg>TJ</arg>
<arg>TK</arg>
<arg>TL</arg>
<arg>TM</arg>
<arg>TN</arg>
<arg>TO</arg>
<arg>TR</arg>
<arg>TT</arg>
<arg>TV</arg>
<arg>TW</arg>
<arg>TZ</arg>
<arg>UA</arg>
<arg>UG</arg>
<arg>UM</arg>
<arg>US</arg>
<arg>UY</arg>
<arg>UZ</arg>
<arg>VA</arg>
<arg>VC</arg>
<arg>VE</arg>
<arg>VG</arg>
<arg>VI</arg>
<arg>VN</arg>
<arg>VU</arg>
<arg>WF</arg>
<arg>WS</arg>
<arg>XK</arg>
<arg>YE</arg>
<arg>YT</arg>
<arg>ZA</arg>
<arg>ZM</arg>
<arg>ZW</arg>
<doc>Returns a list containing given items.</doc>
<status status="PASS" start="2024-08-02T17:14:32.141926" elapsed="0.000615"/>
</kw>
<kw name="List Should Contain Value" owner="Collections">
<arg>${list_country}</arg>
<arg>${name_country}</arg>
<doc>Fails if the ``value`` is not found from ``list``.</doc>
<status status="PASS" start="2024-08-02T17:14:32.143518" elapsed="0.000214"/>
</kw>
<kw name="Run Keyword If" owner="BuiltIn">
<kw name="Should Be True" owner="BuiltIn">
<arg>${True}</arg>
<doc>Fails if the given condition is not true.</doc>
<status status="PASS" start="2024-08-02T17:14:32.144677" elapsed="0.000143"/>
</kw>
<arg>${json_data["results"][0]["location"]["coordinates"]["latitude"]} &gt;= -90 and ${json_data["results"][0]["location"]["coordinates"]["latitude"]} &lt;= 90</arg>
<arg>Should Be True</arg>
<arg>${True}</arg>
<doc>Runs the given keyword with the given arguments, if ``condition`` is true.</doc>
<status status="PASS" start="2024-08-02T17:14:32.143932" elapsed="0.001012"/>
</kw>
<kw name="Run Keyword If" owner="BuiltIn">
<kw name="Should Be True" owner="BuiltIn">
<arg>${True}</arg>
<doc>Fails if the given condition is not true.</doc>
<status status="PASS" start="2024-08-02T17:14:32.145808" elapsed="0.000158"/>
</kw>
<arg>${json_data["results"][0]["location"]["coordinates"]["longitude"]} &gt;= -180 and ${json_data["results"][0]["location"]["coordinates"]["longitude"]} &lt;= 180</arg>
<arg>Should Be True</arg>
<arg>${True}</arg>
<doc>Runs the given keyword with the given arguments, if ``condition`` is true.</doc>
<status status="PASS" start="2024-08-02T17:14:32.145122" elapsed="0.000965"/>
</kw>
<status status="PASS" start="2024-08-02T17:14:31.325990" elapsed="0.820227"/>
</kw>
<doc>Testa o conteúdo específico dos campos retornados pela API.</doc>
<tag>testeConteudo</tag>
<status status="PASS" start="2024-08-02T17:14:31.325395" elapsed="0.820973"/>
</test>
<status status="PASS" start="2024-08-02T17:14:15.816447" elapsed="16.331861"/>
</suite>
<status status="PASS" start="2024-08-02T17:14:15.802138" elapsed="16.351353"/>
</suite>
<statistics>
<total>
<stat pass="5" fail="0" skip="0">All Tests</stat>
</total>
<tag>
<stat pass="1" fail="0" skip="0">testeConteudo</stat>
<stat pass="1" fail="0" skip="0">testeEstruturaResposta</stat>
<stat pass="1" fail="0" skip="0">testeRequisicaoBasica</stat>
<stat pass="1" fail="0" skip="0">testeTiposDados</stat>
</tag>
<suite>
<stat pass="5" fail="0" skip="0" id="s1" name="Tests">Tests</stat>
<stat pass="5" fail="0" skip="0" id="s1-s1" name="Random-User-Test">Tests.Random-User-Test</stat>
</suite>
</statistics>
<errors>
</errors>
</robot>
