<?xml version="1.0" encoding="UTF-8"?>
<robot generator="Robot 7.0.1 (Python 3.12.4 on linux)" generated="2024-07-28T20:16:01.712980" rpa="false" schemaversion="5">
<suite id="s1" name="Tests" source="/home/runner/work/ApiRandomUser/ApiRandomUser/RamdonUser/tests">
<suite id="s1-s1" name="Random-User-Test" source="/home/runner/work/ApiRandomUser/ApiRandomUser/RamdonUser/tests/random-user-test.robot">
<test id="s1-s1-t1" name="Conectar" line="13">
<kw name="Conectar API" owner="random-user-service">
<kw name="Create Session" owner="RequestsLibrary">
<msg time="2024-07-28T20:16:02.174250" level="INFO">Creating Session using : alias=consultarAPI, url=https://randomuser.me/, headers={},                     cookies={}, auth=None, timeout=None, proxies=None, verify=False,                     debug=0 </msg>
<arg>consultarAPI</arg>
<arg>${URL}</arg>
<doc>Create Session: create a HTTP session to a server</doc>
<status status="PASS" start="2024-07-28T20:16:02.174014" elapsed="0.000448"/>
</kw>
<status status="PASS" start="2024-07-28T20:16:02.172860" elapsed="0.001999"/>
</kw>
<status status="PASS" start="2024-07-28T20:16:02.172107" elapsed="0.002958"/>
</test>
<test id="s1-s1-t2" name="Validar retorno 200 e JSON Válido" line="16">
<kw name="Teste de Requisicao Basica" owner="random-user-service">
<kw name="GET On Session" owner="RequestsLibrary">
<msg time="2024-07-28T20:16:02.427437" level="INFO">GET Request : url=https://randomuser.me/api 
 path_url=/api 
 headers={'User-Agent': 'python-requests/2.32.3', 'Accept-Encoding': 'gzip, deflate', 'Accept': '*/*', 'Connection': 'keep-alive'} 
 body=None 
 </msg>
<msg time="2024-07-28T20:16:02.427644" level="INFO">GET Response : url=https://randomuser.me/api 
 status=200, reason=OK 
 headers={'Date': 'Sun, 28 Jul 2024 20:16:02 GMT', 'Content-Type': 'application/json; charset=utf-8', 'Transfer-Encoding': 'chunked', 'Connection': 'keep-alive', 'X-Powered-By': 'Express', 'Access-Control-Allow-Origin': '*', 'Cache-Control': 'no-cache', 'ETag': 'W/"48b-oVxyIWCDWRgBjjCpaS1YzAIFxlE"', 'Vary': 'Accept-Encoding', 'Content-Encoding': 'gzip', 'CF-Cache-Status': 'DYNAMIC', 'Report-To': '{"endpoints":[{"url":"https:\\/\\/a.nel.cloudflare.com\\/report\\/v4?s=LvvOIcl%2BR%2BZJq6Nid3dB50c9R1CsmXW2o6%2B5UuUbmVkv4k9VxLJn4LV8FbHauKPvsHxTnbkLnXOxM7r%2FWyS45xBqbxRBKHzDSpU89RHToi%2B%2FdByO4i4RTF%2F9x9Xh7%2Bno"}],"group":"cf-nel","max_age":604800}', 'NEL': '{"success_fraction":0,"report_to":"cf-nel","max_age":604800}', 'Server': 'cloudflare', 'CF-RAY': '8aa78b6eeff69c61-IAD', 'alt-svc': 'h3=":443"; ma=86400'} 
 body={"results":[{"gender":"male","name":{"title":"Mr","first":"Jason","last":"Van der Zwet"},"location":{"street":{"number":6057,"name":"Goordijkstraat"},"city":"Zuid-Scharwoude","state":"Friesland","country":"Netherlands","postcode":"1615 KM","coordinates":{"latitude":"36.5955","longitude":"-169.6211"},"timezone":{"offset":"-9:00","description":"Alaska"}},"email":"jason.vanderzwet@example.com","login":{"uuid":"6c199f3e-6767-44e0-9fc7-9295c6330cb8","username":"silverladybug639","password":"wonder","salt":"xCADp4dZ","md5":"1f6dc494701872c8b467230a27e9f184","sha1":"d6fa344091a48d4f16334272c3049be8da751fa9","sha256":"a54de73c8112cd209bd4c389874654df2e0c1411bfe534e162f1b84ebc227e6f"},"dob":{"date":"1954-12-13T09:32:59.848Z","age":69},"registered":{"date":"2013-09-13T17:05:19.091Z","age":10},"phone":"(0056) 329760","cell":"(06) 05599833","id":{"name":"BSN","value":"93110961"},"picture":{"large":"https://randomuser.me/api/portraits/men/32.jpg","medium":"https://randomuser.me/api/portraits/med/men/32.jpg","thumbnail":"https://randomuser.me/api/portraits/thumb/men/32.jpg"},"nat":"NL"}],"info":{"seed":"508d93bbc06eee2f","results":1,"page":1,"version":"1.4"}} 
 </msg>
<msg time="2024-07-28T20:16:02.427762" level="INFO">/opt/hostedtoolcache/Python/3.12.4/x64/lib/python3.12/site-packages/urllib3/connectionpool.py:1099: InsecureRequestWarning: Unverified HTTPS request is being made to host 'randomuser.me'. Adding certificate verification is strongly advised. See: https://urllib3.readthedocs.io/en/latest/advanced-usage.html#tls-warnings
  warnings.warn(</msg>
<msg time="2024-07-28T20:16:02.428067" level="INFO">${response} = &lt;Response [200]&gt;</msg>
<var>${response}</var>
<arg>consultarAPI</arg>
<arg>/api</arg>
<doc>Sends a GET request on a previously created HTTP Session.</doc>
<status status="PASS" start="2024-07-28T20:16:02.177887" elapsed="0.250233"/>
</kw>
<kw name="Should Be Equal As Numbers" owner="BuiltIn">
<msg time="2024-07-28T20:16:02.429589" level="INFO">Argument types are:
&lt;class 'int'&gt;
&lt;class 'str'&gt;</msg>
<arg>${response.status_code}</arg>
<arg>200</arg>
<doc>Fails if objects are unequal after converting them to real numbers.</doc>
<status status="PASS" start="2024-07-28T20:16:02.428868" elapsed="0.000837"/>
</kw>
<kw name="Log" owner="BuiltIn">
<msg time="2024-07-28T20:16:02.430654" level="INFO">200</msg>
<arg>${response.status_code}</arg>
<doc>Logs the given message with the given level.</doc>
<status status="PASS" start="2024-07-28T20:16:02.430204" elapsed="0.000502"/>
</kw>
<kw name="Set Variable" owner="BuiltIn">
<msg time="2024-07-28T20:16:02.431595" level="INFO">${json_data} = {'results': [{'gender': 'male', 'name': {'title': 'Mr', 'first': 'Jason', 'last': 'Van der Zwet'}, 'location': {'street': {'number': 6057, 'name': 'Goordijkstraat'}, 'city': 'Zuid-Scharwoude', 'state'...</msg>
<var>${json_data}</var>
<arg>${response.json()}</arg>
<doc>Returns the given values which can then be assigned to a variables.</doc>
<status status="PASS" start="2024-07-28T20:16:02.431096" elapsed="0.000528"/>
</kw>
<kw name="Dictionary Should Contain Key" owner="Collections">
<arg>${json_data}</arg>
<arg>results</arg>
<doc>Fails if ``key`` is not found from ``dictionary``.</doc>
<status status="PASS" start="2024-07-28T20:16:02.431945" elapsed="0.000372"/>
</kw>
<status status="PASS" start="2024-07-28T20:16:02.177610" elapsed="0.254903"/>
</kw>
<doc>Testa se a API responde corretamente e retorna um objeto JSON válido.</doc>
<tag>testeRequisicaoBasica</tag>
<status status="PASS" start="2024-07-28T20:16:02.177043" elapsed="0.255663"/>
</test>
<test id="s1-s1-t3" name="Validar estrutura de resposta" line="22">
<kw name="Teste de Estrutura de Resposta" owner="random-user-service">
<kw name="GET On Session" owner="RequestsLibrary">
<msg time="2024-07-28T20:16:02.532301" level="INFO">GET Request : url=https://randomuser.me/api 
 path_url=/api 
 headers={'User-Agent': 'python-requests/2.32.3', 'Accept-Encoding': 'gzip, deflate', 'Accept': '*/*', 'Connection': 'keep-alive'} 
 body=None 
 </msg>
<msg time="2024-07-28T20:16:02.532421" level="INFO">GET Response : url=https://randomuser.me/api 
 status=200, reason=OK 
 headers={'Date': 'Sun, 28 Jul 2024 20:16:02 GMT', 'Content-Type': 'application/json; charset=utf-8', 'Transfer-Encoding': 'chunked', 'Connection': 'keep-alive', 'X-Powered-By': 'Express', 'Access-Control-Allow-Origin': '*', 'Cache-Control': 'no-cache', 'ETag': 'W/"483-XFjN9mfLw2t0eEgUH4N8HzaHZrc"', 'Vary': 'Accept-Encoding', 'Content-Encoding': 'gzip', 'CF-Cache-Status': 'DYNAMIC', 'Report-To': '{"endpoints":[{"url":"https:\\/\\/a.nel.cloudflare.com\\/report\\/v4?s=3SuTsAjM3ewaGTo2%2B%2BSWV8EM2wF0yBJ%2B3yvM5qWVIHaoKTSO24DRbfYOprJTWchxRppyOTM27BevK80HOPcMZKSYXmpuYK0qRtEHMQ%2FcTbVfWIe%2FKuWBRbkkQDsDD61B"}],"group":"cf-nel","max_age":604800}', 'NEL': '{"success_fraction":0,"report_to":"cf-nel","max_age":604800}', 'Server': 'cloudflare', 'CF-RAY': '8aa78b6f48579c61-IAD', 'alt-svc': 'h3=":443"; ma=86400'} 
 body={"results":[{"gender":"male","name":{"title":"Mr","first":"Daryl","last":"Evans"},"location":{"street":{"number":8311,"name":"Oak Lawn Ave"},"city":"Albury","state":"New South Wales","country":"Australia","postcode":3610,"coordinates":{"latitude":"-89.7979","longitude":"-113.2535"},"timezone":{"offset":"+2:00","description":"Kaliningrad, South Africa"}},"email":"daryl.evans@example.com","login":{"uuid":"338d9024-3ac6-4695-aa7c-a6b68a78335e","username":"lazyrabbit680","password":"peanuts","salt":"mPWyxJui","md5":"c52fa2d34e31cbc389dc3e373b0a9b0e","sha1":"1c9d59de21d91ecd9eddebbf2ab117441d772017","sha256":"b90b9e7d2c5a42a48cd566e801641b648ff56a19ac9555929f3a6bad8a532808"},"dob":{"date":"1968-06-10T17:59:44.450Z","age":56},"registered":{"date":"2017-03-22T11:30:27.068Z","age":7},"phone":"05-6452-1397","cell":"0466-848-796","id":{"name":"TFN","value":"160011497"},"picture":{"large":"https://randomuser.me/api/portraits/men/40.jpg","medium":"https://randomuser.me/api/portraits/med/men/40.jpg","thumbnail":"https://randomuser.me/api/portraits/thumb/men/40.jpg"},"nat":"AU"}],"info":{"seed":"646831016dc4818e","results":1,"page":1,"version":"1.4"}} 
 </msg>
<msg time="2024-07-28T20:16:02.532611" level="INFO">/opt/hostedtoolcache/Python/3.12.4/x64/lib/python3.12/site-packages/urllib3/connectionpool.py:1099: InsecureRequestWarning: Unverified HTTPS request is being made to host 'randomuser.me'. Adding certificate verification is strongly advised. See: https://urllib3.readthedocs.io/en/latest/advanced-usage.html#tls-warnings
  warnings.warn(</msg>
<msg time="2024-07-28T20:16:02.532755" level="INFO">${response} = &lt;Response [200]&gt;</msg>
<var>${response}</var>
<arg>consultarAPI</arg>
<arg>/api</arg>
<doc>Sends a GET request on a previously created HTTP Session.</doc>
<status status="PASS" start="2024-07-28T20:16:02.435491" elapsed="0.097308"/>
</kw>
<kw name="Set Variable" owner="BuiltIn">
<msg time="2024-07-28T20:16:02.534038" level="INFO">${json_data} = {'results': [{'gender': 'male', 'name': {'title': 'Mr', 'first': 'Daryl', 'last': 'Evans'}, 'location': {'street': {'number': 8311, 'name': 'Oak Lawn Ave'}, 'city': 'Albury', 'state': 'New South Wales...</msg>
<var>${json_data}</var>
<arg>${response.json()}</arg>
<doc>Returns the given values which can then be assigned to a variables.</doc>
<status status="PASS" start="2024-07-28T20:16:02.533356" elapsed="0.000719"/>
</kw>
<kw name="Log" owner="BuiltIn">
<msg time="2024-07-28T20:16:02.534753" level="INFO">{'results': [{'gender': 'male', 'name': {'title': 'Mr', 'first': 'Daryl', 'last': 'Evans'}, 'location': {'street': {'number': 8311, 'name': 'Oak Lawn Ave'}, 'city': 'Albury', 'state': 'New South Wales', 'country': 'Australia', 'postcode': 3610, 'coordinates': {'latitude': '-89.7979', 'longitude': '-113.2535'}, 'timezone': {'offset': '+2:00', 'description': 'Kaliningrad, South Africa'}}, 'email': 'daryl.evans@example.com', 'login': {'uuid': '338d9024-3ac6-4695-aa7c-a6b68a78335e', 'username': 'lazyrabbit680', 'password': 'peanuts', 'salt': 'mPWyxJui', 'md5': 'c52fa2d34e31cbc389dc3e373b0a9b0e', 'sha1': '1c9d59de21d91ecd9eddebbf2ab117441d772017', 'sha256': 'b90b9e7d2c5a42a48cd566e801641b648ff56a19ac9555929f3a6bad8a532808'}, 'dob': {'date': '1968-06-10T17:59:44.450Z', 'age': 56}, 'registered': {'date': '2017-03-22T11:30:27.068Z', 'age': 7}, 'phone': '05-6452-1397', 'cell': '0466-848-796', 'id': {'name': 'TFN', 'value': '160011497'}, 'picture': {'large': 'https://randomuser.me/api/portraits/men/40.jpg', 'medium': 'https://randomuser.me/api/portraits/med/men/40.jpg', 'thumbnail': 'https://randomuser.me/api/portraits/thumb/men/40.jpg'}, 'nat': 'AU'}], 'info': {'seed': '646831016dc4818e', 'results': 1, 'page': 1, 'version': '1.4'}}</msg>
<arg>${json_data}</arg>
<doc>Logs the given message with the given level.</doc>
<status status="PASS" start="2024-07-28T20:16:02.534534" elapsed="0.000275"/>
</kw>
<kw name="Dictionary Should Contain Key" owner="Collections">
<arg>${json_data}</arg>
<arg>results</arg>
<doc>Fails if ``key`` is not found from ``dictionary``.</doc>
<status status="PASS" start="2024-07-28T20:16:02.535325" elapsed="0.000204"/>
</kw>
<kw name="Should Not Be Empty" owner="BuiltIn">
<msg time="2024-07-28T20:16:02.535943" level="INFO">Length is 2.</msg>
<arg>${json_data}</arg>
<doc>Verifies that the given item is not empty.</doc>
<status status="PASS" start="2024-07-28T20:16:02.535775" elapsed="0.000212"/>
</kw>
<kw name="Create List" owner="BuiltIn">
<msg time="2024-07-28T20:16:02.536571" level="INFO">${expected_keys} = ['gender', 'name', 'location', 'email', 'login']</msg>
<var>${expected_keys}</var>
<arg>gender</arg>
<arg>name</arg>
<arg>location</arg>
<arg>email</arg>
<arg>login</arg>
<doc>Returns a list containing given items.</doc>
<status status="PASS" start="2024-07-28T20:16:02.536357" elapsed="0.000239"/>
</kw>
<for flavor="IN">
<iter>
<kw name="Dictionary Should Contain Key" owner="Collections">
<arg>${json_data['results'][0]}</arg>
<arg>${key}</arg>
<doc>Fails if ``key`` is not found from ``dictionary``.</doc>
<status status="PASS" start="2024-07-28T20:16:02.537250" elapsed="0.000482"/>
</kw>
<kw name="Log" owner="BuiltIn">
<msg time="2024-07-28T20:16:02.538346" level="INFO">{'gender': 'male', 'name': {'title': 'Mr', 'first': 'Daryl', 'last': 'Evans'}, 'location': {'street': {'number': 8311, 'name': 'Oak Lawn Ave'}, 'city': 'Albury', 'state': 'New South Wales', 'country': 'Australia', 'postcode': 3610, 'coordinates': {'latitude': '-89.7979', 'longitude': '-113.2535'}, 'timezone': {'offset': '+2:00', 'description': 'Kaliningrad, South Africa'}}, 'email': 'daryl.evans@example.com', 'login': {'uuid': '338d9024-3ac6-4695-aa7c-a6b68a78335e', 'username': 'lazyrabbit680', 'password': 'peanuts', 'salt': 'mPWyxJui', 'md5': 'c52fa2d34e31cbc389dc3e373b0a9b0e', 'sha1': '1c9d59de21d91ecd9eddebbf2ab117441d772017', 'sha256': 'b90b9e7d2c5a42a48cd566e801641b648ff56a19ac9555929f3a6bad8a532808'}, 'dob': {'date': '1968-06-10T17:59:44.450Z', 'age': 56}, 'registered': {'date': '2017-03-22T11:30:27.068Z', 'age': 7}, 'phone': '05-6452-1397', 'cell': '0466-848-796', 'id': {'name': 'TFN', 'value': '160011497'}, 'picture': {'large': 'https://randomuser.me/api/portraits/men/40.jpg', 'medium': 'https://randomuser.me/api/portraits/med/men/40.jpg', 'thumbnail': 'https://randomuser.me/api/portraits/thumb/men/40.jpg'}, 'nat': 'AU'}</msg>
<arg>${json_data['results'][0]}</arg>
<doc>Logs the given message with the given level.</doc>
<status status="PASS" start="2024-07-28T20:16:02.537949" elapsed="0.000453"/>
</kw>
<kw name="Log" owner="BuiltIn">
<msg time="2024-07-28T20:16:02.538855" level="INFO">gender</msg>
<arg>${key}</arg>
<doc>Logs the given message with the given level.</doc>
<status status="PASS" start="2024-07-28T20:16:02.538720" elapsed="0.000175"/>
</kw>
<var name="${key}">gender</var>
<status status="PASS" start="2024-07-28T20:16:02.537106" elapsed="0.002022"/>
</iter>
<iter>
<kw name="Dictionary Should Contain Key" owner="Collections">
<arg>${json_data['results'][0]}</arg>
<arg>${key}</arg>
<doc>Fails if ``key`` is not found from ``dictionary``.</doc>
<status status="PASS" start="2024-07-28T20:16:02.539453" elapsed="0.000429"/>
</kw>
<kw name="Log" owner="BuiltIn">
<msg time="2024-07-28T20:16:02.540471" level="INFO">{'gender': 'male', 'name': {'title': 'Mr', 'first': 'Daryl', 'last': 'Evans'}, 'location': {'street': {'number': 8311, 'name': 'Oak Lawn Ave'}, 'city': 'Albury', 'state': 'New South Wales', 'country': 'Australia', 'postcode': 3610, 'coordinates': {'latitude': '-89.7979', 'longitude': '-113.2535'}, 'timezone': {'offset': '+2:00', 'description': 'Kaliningrad, South Africa'}}, 'email': 'daryl.evans@example.com', 'login': {'uuid': '338d9024-3ac6-4695-aa7c-a6b68a78335e', 'username': 'lazyrabbit680', 'password': 'peanuts', 'salt': 'mPWyxJui', 'md5': 'c52fa2d34e31cbc389dc3e373b0a9b0e', 'sha1': '1c9d59de21d91ecd9eddebbf2ab117441d772017', 'sha256': 'b90b9e7d2c5a42a48cd566e801641b648ff56a19ac9555929f3a6bad8a532808'}, 'dob': {'date': '1968-06-10T17:59:44.450Z', 'age': 56}, 'registered': {'date': '2017-03-22T11:30:27.068Z', 'age': 7}, 'phone': '05-6452-1397', 'cell': '0466-848-796', 'id': {'name': 'TFN', 'value': '160011497'}, 'picture': {'large': 'https://randomuser.me/api/portraits/men/40.jpg', 'medium': 'https://randomuser.me/api/portraits/med/men/40.jpg', 'thumbnail': 'https://randomuser.me/api/portraits/thumb/men/40.jpg'}, 'nat': 'AU'}</msg>
<arg>${json_data['results'][0]}</arg>
<doc>Logs the given message with the given level.</doc>
<status status="PASS" start="2024-07-28T20:16:02.540074" elapsed="0.000494"/>
</kw>
<kw name="Log" owner="BuiltIn">
<msg time="2024-07-28T20:16:02.541017" level="INFO">name</msg>
<arg>${key}</arg>
<doc>Logs the given message with the given level.</doc>
<status status="PASS" start="2024-07-28T20:16:02.540884" elapsed="0.000172"/>
</kw>
<var name="${key}">name</var>
<status status="PASS" start="2024-07-28T20:16:02.539333" elapsed="0.001950"/>
</iter>
<iter>
<kw name="Dictionary Should Contain Key" owner="Collections">
<arg>${json_data['results'][0]}</arg>
<arg>${key}</arg>
<doc>Fails if ``key`` is not found from ``dictionary``.</doc>
<status status="PASS" start="2024-07-28T20:16:02.541589" elapsed="0.000405"/>
</kw>
<kw name="Log" owner="BuiltIn">
<msg time="2024-07-28T20:16:02.542571" level="INFO">{'gender': 'male', 'name': {'title': 'Mr', 'first': 'Daryl', 'last': 'Evans'}, 'location': {'street': {'number': 8311, 'name': 'Oak Lawn Ave'}, 'city': 'Albury', 'state': 'New South Wales', 'country': 'Australia', 'postcode': 3610, 'coordinates': {'latitude': '-89.7979', 'longitude': '-113.2535'}, 'timezone': {'offset': '+2:00', 'description': 'Kaliningrad, South Africa'}}, 'email': 'daryl.evans@example.com', 'login': {'uuid': '338d9024-3ac6-4695-aa7c-a6b68a78335e', 'username': 'lazyrabbit680', 'password': 'peanuts', 'salt': 'mPWyxJui', 'md5': 'c52fa2d34e31cbc389dc3e373b0a9b0e', 'sha1': '1c9d59de21d91ecd9eddebbf2ab117441d772017', 'sha256': 'b90b9e7d2c5a42a48cd566e801641b648ff56a19ac9555929f3a6bad8a532808'}, 'dob': {'date': '1968-06-10T17:59:44.450Z', 'age': 56}, 'registered': {'date': '2017-03-22T11:30:27.068Z', 'age': 7}, 'phone': '05-6452-1397', 'cell': '0466-848-796', 'id': {'name': 'TFN', 'value': '160011497'}, 'picture': {'large': 'https://randomuser.me/api/portraits/men/40.jpg', 'medium': 'https://randomuser.me/api/portraits/med/men/40.jpg', 'thumbnail': 'https://randomuser.me/api/portraits/thumb/men/40.jpg'}, 'nat': 'AU'}</msg>
<arg>${json_data['results'][0]}</arg>
<doc>Logs the given message with the given level.</doc>
<status status="PASS" start="2024-07-28T20:16:02.542188" elapsed="0.000436"/>
</kw>
<kw name="Log" owner="BuiltIn">
<msg time="2024-07-28T20:16:02.543152" level="INFO">location</msg>
<arg>${key}</arg>
<doc>Logs the given message with the given level.</doc>
<status status="PASS" start="2024-07-28T20:16:02.542998" elapsed="0.000209"/>
</kw>
<var name="${key}">location</var>
<status status="PASS" start="2024-07-28T20:16:02.541473" elapsed="0.002041"/>
</iter>
<iter>
<kw name="Dictionary Should Contain Key" owner="Collections">
<arg>${json_data['results'][0]}</arg>
<arg>${key}</arg>
<doc>Fails if ``key`` is not found from ``dictionary``.</doc>
<status status="PASS" start="2024-07-28T20:16:02.543857" elapsed="0.000465"/>
</kw>
<kw name="Log" owner="BuiltIn">
<msg time="2024-07-28T20:16:02.545342" level="INFO">{'gender': 'male', 'name': {'title': 'Mr', 'first': 'Daryl', 'last': 'Evans'}, 'location': {'street': {'number': 8311, 'name': 'Oak Lawn Ave'}, 'city': 'Albury', 'state': 'New South Wales', 'country': 'Australia', 'postcode': 3610, 'coordinates': {'latitude': '-89.7979', 'longitude': '-113.2535'}, 'timezone': {'offset': '+2:00', 'description': 'Kaliningrad, South Africa'}}, 'email': 'daryl.evans@example.com', 'login': {'uuid': '338d9024-3ac6-4695-aa7c-a6b68a78335e', 'username': 'lazyrabbit680', 'password': 'peanuts', 'salt': 'mPWyxJui', 'md5': 'c52fa2d34e31cbc389dc3e373b0a9b0e', 'sha1': '1c9d59de21d91ecd9eddebbf2ab117441d772017', 'sha256': 'b90b9e7d2c5a42a48cd566e801641b648ff56a19ac9555929f3a6bad8a532808'}, 'dob': {'date': '1968-06-10T17:59:44.450Z', 'age': 56}, 'registered': {'date': '2017-03-22T11:30:27.068Z', 'age': 7}, 'phone': '05-6452-1397', 'cell': '0466-848-796', 'id': {'name': 'TFN', 'value': '160011497'}, 'picture': {'large': 'https://randomuser.me/api/portraits/men/40.jpg', 'medium': 'https://randomuser.me/api/portraits/med/men/40.jpg', 'thumbnail': 'https://randomuser.me/api/portraits/thumb/men/40.jpg'}, 'nat': 'AU'}</msg>
<arg>${json_data['results'][0]}</arg>
<doc>Logs the given message with the given level.</doc>
<status status="PASS" start="2024-07-28T20:16:02.544935" elapsed="0.000469"/>
</kw>
<kw name="Log" owner="BuiltIn">
<msg time="2024-07-28T20:16:02.545870" level="INFO">email</msg>
<arg>${key}</arg>
<doc>Logs the given message with the given level.</doc>
<status status="PASS" start="2024-07-28T20:16:02.545732" elapsed="0.000183"/>
</kw>
<var name="${key}">email</var>
<status status="PASS" start="2024-07-28T20:16:02.543726" elapsed="0.002420"/>
</iter>
<iter>
<kw name="Dictionary Should Contain Key" owner="Collections">
<arg>${json_data['results'][0]}</arg>
<arg>${key}</arg>
<doc>Fails if ``key`` is not found from ``dictionary``.</doc>
<status status="PASS" start="2024-07-28T20:16:02.546467" elapsed="0.000422"/>
</kw>
<kw name="Log" owner="BuiltIn">
<msg time="2024-07-28T20:16:02.547470" level="INFO">{'gender': 'male', 'name': {'title': 'Mr', 'first': 'Daryl', 'last': 'Evans'}, 'location': {'street': {'number': 8311, 'name': 'Oak Lawn Ave'}, 'city': 'Albury', 'state': 'New South Wales', 'country': 'Australia', 'postcode': 3610, 'coordinates': {'latitude': '-89.7979', 'longitude': '-113.2535'}, 'timezone': {'offset': '+2:00', 'description': 'Kaliningrad, South Africa'}}, 'email': 'daryl.evans@example.com', 'login': {'uuid': '338d9024-3ac6-4695-aa7c-a6b68a78335e', 'username': 'lazyrabbit680', 'password': 'peanuts', 'salt': 'mPWyxJui', 'md5': 'c52fa2d34e31cbc389dc3e373b0a9b0e', 'sha1': '1c9d59de21d91ecd9eddebbf2ab117441d772017', 'sha256': 'b90b9e7d2c5a42a48cd566e801641b648ff56a19ac9555929f3a6bad8a532808'}, 'dob': {'date': '1968-06-10T17:59:44.450Z', 'age': 56}, 'registered': {'date': '2017-03-22T11:30:27.068Z', 'age': 7}, 'phone': '05-6452-1397', 'cell': '0466-848-796', 'id': {'name': 'TFN', 'value': '160011497'}, 'picture': {'large': 'https://randomuser.me/api/portraits/men/40.jpg', 'medium': 'https://randomuser.me/api/portraits/med/men/40.jpg', 'thumbnail': 'https://randomuser.me/api/portraits/thumb/men/40.jpg'}, 'nat': 'AU'}</msg>
<arg>${json_data['results'][0]}</arg>
<doc>Logs the given message with the given level.</doc>
<status status="PASS" start="2024-07-28T20:16:02.547077" elapsed="0.000451"/>
</kw>
<kw name="Log" owner="BuiltIn">
<msg time="2024-07-28T20:16:02.547977" level="INFO">login</msg>
<arg>${key}</arg>
<doc>Logs the given message with the given level.</doc>
<status status="PASS" start="2024-07-28T20:16:02.547845" elapsed="0.000172"/>
</kw>
<var name="${key}">login</var>
<status status="PASS" start="2024-07-28T20:16:02.546340" elapsed="0.001901"/>
</iter>
<var>${key}</var>
<value>@{expected_keys}</value>
<status status="PASS" start="2024-07-28T20:16:02.536894" elapsed="0.011481"/>
</for>
<kw name="Create List" owner="BuiltIn">
<msg time="2024-07-28T20:16:02.548765" level="INFO">${expected_keysTwo} = ['username', 'password']</msg>
<var>${expected_keysTwo}</var>
<arg>username</arg>
<arg>password</arg>
<doc>Returns a list containing given items.</doc>
<status status="PASS" start="2024-07-28T20:16:02.548615" elapsed="0.000175"/>
</kw>
<for flavor="IN">
<iter>
<kw name="Dictionary Should Contain Key" owner="Collections">
<arg>${json_data['results'][0]['login']}</arg>
<arg>${keyTwo}</arg>
<doc>Fails if ``key`` is not found from ``dictionary``.</doc>
<status status="PASS" start="2024-07-28T20:16:02.549366" elapsed="0.000394"/>
</kw>
<kw name="Dictionary Should Contain Key" owner="Collections">
<arg>${json_data['results'][0]['login']}</arg>
<arg>${keyTwo}</arg>
<doc>Fails if ``key`` is not found from ``dictionary``.</doc>
<status status="PASS" start="2024-07-28T20:16:02.549944" elapsed="0.000389"/>
</kw>
<kw name="Log" owner="BuiltIn">
<msg time="2024-07-28T20:16:02.550643" level="INFO">username</msg>
<arg>${keyTwo}</arg>
<doc>Logs the given message with the given level.</doc>
<status status="PASS" start="2024-07-28T20:16:02.550520" elapsed="0.000161"/>
</kw>
<var name="${keyTwo}">username</var>
<status status="PASS" start="2024-07-28T20:16:02.549253" elapsed="0.001652"/>
</iter>
<iter>
<kw name="Dictionary Should Contain Key" owner="Collections">
<arg>${json_data['results'][0]['login']}</arg>
<arg>${keyTwo}</arg>
<doc>Fails if ``key`` is not found from ``dictionary``.</doc>
<status status="PASS" start="2024-07-28T20:16:02.551202" elapsed="0.000383"/>
</kw>
<kw name="Dictionary Should Contain Key" owner="Collections">
<arg>${json_data['results'][0]['login']}</arg>
<arg>${keyTwo}</arg>
<doc>Fails if ``key`` is not found from ``dictionary``.</doc>
<status status="PASS" start="2024-07-28T20:16:02.551761" elapsed="0.000377"/>
</kw>
<kw name="Log" owner="BuiltIn">
<msg time="2024-07-28T20:16:02.552437" level="INFO">password</msg>
<arg>${keyTwo}</arg>
<doc>Logs the given message with the given level.</doc>
<status status="PASS" start="2024-07-28T20:16:02.552313" elapsed="0.000191"/>
</kw>
<var name="${keyTwo}">password</var>
<status status="PASS" start="2024-07-28T20:16:02.551087" elapsed="0.001643"/>
</iter>
<var>${keyTwo}</var>
<value>@{expected_keysTwo}</value>
<status status="PASS" start="2024-07-28T20:16:02.549076" elapsed="0.003778"/>
</for>
<status status="PASS" start="2024-07-28T20:16:02.435231" elapsed="0.117774"/>
</kw>
<doc>Testa a estrutura da resposta da API.</doc>
<tag>testeEstruturaResposta</tag>
<status status="PASS" start="2024-07-28T20:16:02.434650" elapsed="0.118520"/>
</test>
<test id="s1-s1-t4" name="Validar tipos de dados" line="28">
<kw name="Teste de Tipos de Dados" owner="random-user-service">
<kw name="GET On Session" owner="RequestsLibrary">
<msg time="2024-07-28T20:16:02.647249" level="INFO">GET Request : url=https://randomuser.me/api 
 path_url=/api 
 headers={'User-Agent': 'python-requests/2.32.3', 'Accept-Encoding': 'gzip, deflate', 'Accept': '*/*', 'Connection': 'keep-alive'} 
 body=None 
 </msg>
<msg time="2024-07-28T20:16:02.647376" level="INFO">GET Response : url=https://randomuser.me/api 
 status=200, reason=OK 
 headers={'Date': 'Sun, 28 Jul 2024 20:16:02 GMT', 'Content-Type': 'application/json; charset=utf-8', 'Transfer-Encoding': 'chunked', 'Connection': 'keep-alive', 'X-Powered-By': 'Express', 'Access-Control-Allow-Origin': '*', 'Cache-Control': 'no-cache', 'ETag': 'W/"4a0-SfOMqLgRzrxHRGpmoe+nevdhsjE"', 'Vary': 'Accept-Encoding', 'Content-Encoding': 'gzip', 'CF-Cache-Status': 'DYNAMIC', 'Report-To': '{"endpoints":[{"url":"https:\\/\\/a.nel.cloudflare.com\\/report\\/v4?s=J1d7rHtxtU2ARXyS3HZMUGM1xPxE%2BUnzA9cXgWvdzAjuI6SzRSy4njMRVm2hUJu7MxnDVdCGIemnrPOfpo8YZOY5giiawS%2FR67R6V2hIvHWHNLjFikS0avqxc6cQ4BSB"}],"group":"cf-nel","max_age":604800}', 'NEL': '{"success_fraction":0,"report_to":"cf-nel","max_age":604800}', 'Server': 'cloudflare', 'CF-RAY': '8aa78b7009209c61-IAD', 'alt-svc': 'h3=":443"; ma=86400'} 
 body={"results":[{"gender":"male","name":{"title":"Mr","first":"Matthieu","last":"Pierre"},"location":{"street":{"number":4081,"name":"Avenue Debrousse"},"city":"Aulnay-sous-Bois","state":"Nord","country":"France","postcode":83419,"coordinates":{"latitude":"-20.0042","longitude":"-0.9322"},"timezone":{"offset":"+3:00","description":"Baghdad, Riyadh, Moscow, St. Petersburg"}},"email":"matthieu.pierre@example.com","login":{"uuid":"ad8601bd-dc47-476c-9eb5-dcd2bd49e5c5","username":"sadfrog865","password":"tbone","salt":"2VtCCzVw","md5":"459f223f1300ab7501afc4b83c06fe44","sha1":"41de3734f34c5b10d78e7dadb5f368f0983aab5e","sha256":"aa8c248b245fb4195386fc767ebdebc9195050d7d3f50d719c5cbb49b572e31d"},"dob":{"date":"1989-04-22T18:46:11.132Z","age":35},"registered":{"date":"2019-10-13T22:45:53.805Z","age":4},"phone":"04-83-59-37-32","cell":"06-64-76-19-76","id":{"name":"INSEE","value":"1890366915247 11"},"picture":{"large":"https://randomuser.me/api/portraits/men/14.jpg","medium":"https://randomuser.me/api/portraits/med/men/14.jpg","thumbnail":"https://randomuser.me/api/portraits/thumb/men/14.jpg"},"nat":"FR"}],"info":{"seed":"2e14b5ff5cd09d1e","results":1,"page":1,"version":"1.4"}} 
 </msg>
<msg time="2024-07-28T20:16:02.647505" level="INFO">/opt/hostedtoolcache/Python/3.12.4/x64/lib/python3.12/site-packages/urllib3/connectionpool.py:1099: InsecureRequestWarning: Unverified HTTPS request is being made to host 'randomuser.me'. Adding certificate verification is strongly advised. See: https://urllib3.readthedocs.io/en/latest/advanced-usage.html#tls-warnings
  warnings.warn(</msg>
<msg time="2024-07-28T20:16:02.647742" level="INFO">${response} = &lt;Response [200]&gt;</msg>
<var>${response}</var>
<arg>consultarAPI</arg>
<arg>/api</arg>
<doc>Sends a GET request on a previously created HTTP Session.</doc>
<status status="PASS" start="2024-07-28T20:16:02.555765" elapsed="0.092081"/>
</kw>
<kw name="Set Variable" owner="BuiltIn">
<msg time="2024-07-28T20:16:02.649323" level="INFO">${json_data} = {'results': [{'gender': 'male', 'name': {'title': 'Mr', 'first': 'Matthieu', 'last': 'Pierre'}, 'location': {'street': {'number': 4081, 'name': 'Avenue Debrousse'}, 'city': 'Aulnay-sous-Bois', 'state'...</msg>
<var>${json_data}</var>
<arg>${response.json()}</arg>
<doc>Returns the given values which can then be assigned to a variables.</doc>
<status status="PASS" start="2024-07-28T20:16:02.648691" elapsed="0.000663"/>
</kw>
<kw name="Log" owner="BuiltIn">
<msg time="2024-07-28T20:16:02.650254" level="INFO">{'results': [{'gender': 'male', 'name': {'title': 'Mr', 'first': 'Matthieu', 'last': 'Pierre'}, 'location': {'street': {'number': 4081, 'name': 'Avenue Debrousse'}, 'city': 'Aulnay-sous-Bois', 'state': 'Nord', 'country': 'France', 'postcode': 83419, 'coordinates': {'latitude': '-20.0042', 'longitude': '-0.9322'}, 'timezone': {'offset': '+3:00', 'description': 'Baghdad, Riyadh, Moscow, St. Petersburg'}}, 'email': 'matthieu.pierre@example.com', 'login': {'uuid': 'ad8601bd-dc47-476c-9eb5-dcd2bd49e5c5', 'username': 'sadfrog865', 'password': 'tbone', 'salt': '2VtCCzVw', 'md5': '459f223f1300ab7501afc4b83c06fe44', 'sha1': '41de3734f34c5b10d78e7dadb5f368f0983aab5e', 'sha256': 'aa8c248b245fb4195386fc767ebdebc9195050d7d3f50d719c5cbb49b572e31d'}, 'dob': {'date': '1989-04-22T18:46:11.132Z', 'age': 35}, 'registered': {'date': '2019-10-13T22:45:53.805Z', 'age': 4}, 'phone': '04-83-59-37-32', 'cell': '06-64-76-19-76', 'id': {'name': 'INSEE', 'value': '1890366915247 11'}, 'picture': {'large': 'https://randomuser.me/api/portraits/men/14.jpg', 'medium': 'https://randomuser.me/api/portraits/med/men/14.jpg', 'thumbnail': 'https://randomuser.me/api/portraits/thumb/men/14.jpg'}, 'nat': 'FR'}], 'info': {'seed': '2e14b5ff5cd09d1e', 'results': 1, 'page': 1, 'version': '1.4'}}</msg>
<arg>${json_data}</arg>
<doc>Logs the given message with the given level.</doc>
<status status="PASS" start="2024-07-28T20:16:02.649924" elapsed="0.000390"/>
</kw>
<kw name="Should Be String" owner="String">
<arg>${json_data['results'][0]['gender']}</arg>
<doc>Fails if the given ``item`` is not a string.</doc>
<status status="PASS" start="2024-07-28T20:16:02.650773" elapsed="0.000549"/>
</kw>
<kw name="Should Match Regexp" owner="BuiltIn">
<arg>${json_data['results'][0]['email']}</arg>
<arg>^[a-zA-Z0-9._%+-]+@[a-zA-Z0-9.-]+\.[a-zA-Z]{2,}$</arg>
<doc>Fails if ``string`` does not match ``pattern`` as a regular expression.</doc>
<status status="PASS" start="2024-07-28T20:16:02.651707" elapsed="0.000684"/>
</kw>
<kw name="Should Match Regexp" owner="BuiltIn">
<arg>${json_data['results'][0]['dob']['date']}</arg>
<arg>\\d{4}-\\d{2}-\\d{2}T\\d{2}:\\d{2}:\\d{2}\\.\\d{3}Z</arg>
<doc>Fails if ``string`` does not match ``pattern`` as a regular expression.</doc>
<status status="PASS" start="2024-07-28T20:16:02.652722" elapsed="0.000771"/>
</kw>
<kw name="Should Match Regexp" owner="BuiltIn">
<arg>${json_data['results'][0]['registered']['date']}</arg>
<arg>\\d{4}-\\d{2}-\\d{2}T\\d{2}:\\d{2}:\\d{2}\\.\\d{3}Z</arg>
<doc>Fails if ``string`` does not match ``pattern`` as a regular expression.</doc>
<status status="PASS" start="2024-07-28T20:16:02.653727" elapsed="0.000427"/>
</kw>
<kw name="Should Match Regexp" owner="BuiltIn">
<arg>${json_data['results'][0]['picture']['large']}</arg>
<arg>^https?://.*\.(?:png|jpe?g|gif|bmp)$</arg>
<doc>Fails if ``string`` does not match ``pattern`` as a regular expression.</doc>
<status status="PASS" start="2024-07-28T20:16:02.654370" elapsed="0.000514"/>
</kw>
<kw name="Should Match Regexp" owner="BuiltIn">
<arg>${json_data['results'][0]['picture']['medium']}</arg>
<arg>^https?://.*\.(?:png|jpe?g|gif|bmp)$</arg>
<doc>Fails if ``string`` does not match ``pattern`` as a regular expression.</doc>
<status status="PASS" start="2024-07-28T20:16:02.655094" elapsed="0.000375"/>
</kw>
<kw name="Should Match Regexp" owner="BuiltIn">
<arg>${json_data['results'][0]['picture']['thumbnail']}</arg>
<arg>^https?://.*\.(?:png|jpe?g|gif|bmp)$</arg>
<doc>Fails if ``string`` does not match ``pattern`` as a regular expression.</doc>
<status status="PASS" start="2024-07-28T20:16:02.655667" elapsed="0.000392"/>
</kw>
<kw name="Log" owner="BuiltIn">
<msg time="2024-07-28T20:16:02.656657" level="INFO">{'large': 'https://randomuser.me/api/portraits/men/14.jpg', 'medium': 'https://randomuser.me/api/portraits/med/men/14.jpg', 'thumbnail': 'https://randomuser.me/api/portraits/thumb/men/14.jpg'}</msg>
<arg>${json_data['results'][0]['picture']}</arg>
<doc>Logs the given message with the given level.</doc>
<status status="PASS" start="2024-07-28T20:16:02.656261" elapsed="0.000442"/>
</kw>
<status status="PASS" start="2024-07-28T20:16:02.555522" elapsed="0.101501"/>
</kw>
<kw name="Teste de Tipos de Dados - Postcode" owner="random-user-service">
<kw name="GET On Session" owner="RequestsLibrary">
<msg time="2024-07-28T20:16:02.776431" level="INFO">GET Request : url=https://randomuser.me/api 
 path_url=/api 
 headers={'User-Agent': 'python-requests/2.32.3', 'Accept-Encoding': 'gzip, deflate', 'Accept': '*/*', 'Connection': 'keep-alive'} 
 body=None 
 </msg>
<msg time="2024-07-28T20:16:02.776599" level="INFO">GET Response : url=https://randomuser.me/api 
 status=200, reason=OK 
 headers={'Date': 'Sun, 28 Jul 2024 20:16:02 GMT', 'Content-Type': 'application/json; charset=utf-8', 'Transfer-Encoding': 'chunked', 'Connection': 'keep-alive', 'X-Powered-By': 'Express', 'Access-Control-Allow-Origin': '*', 'Cache-Control': 'no-cache', 'ETag': 'W/"47a-I51F41jbwSiaHAW0A4gS5pBm1EM"', 'Vary': 'Accept-Encoding', 'Content-Encoding': 'gzip', 'CF-Cache-Status': 'DYNAMIC', 'Report-To': '{"endpoints":[{"url":"https:\\/\\/a.nel.cloudflare.com\\/report\\/v4?s=8IqdUDMfTP7CKmktMguoxbK6NxFFltq13wobnz8xbh2SuaooXFqaWc3DdlL0u38rSnVEzTk0X9gNJNMkCdVPK60QM2SLwK6vmkmfT3RUY4R6JQLOfOEyHQ1%2FiEVdlvqY"}],"group":"cf-nel","max_age":604800}', 'NEL': '{"success_fraction":0,"report_to":"cf-nel","max_age":604800}', 'Server': 'cloudflare', 'CF-RAY': '8aa78b70a9c99c61-IAD', 'alt-svc': 'h3=":443"; ma=86400'} 
 body={"results":[{"gender":"male","name":{"title":"Mr","first":"Bradley","last":"Cooper"},"location":{"street":{"number":534,"name":"Church Road"},"city":"Waterford","state":"Cork","country":"Ireland","postcode":90929,"coordinates":{"latitude":"0.7144","longitude":"-175.7173"},"timezone":{"offset":"+6:00","description":"Almaty, Dhaka, Colombo"}},"email":"bradley.cooper@example.com","login":{"uuid":"12c01f1e-f3c5-4e01-99bc-650797917d8a","username":"sadrabbit444","password":"microsoft","salt":"7oVv4aeL","md5":"e0594477df2541d57cab23f71ff6992d","sha1":"f28a3039d2941f57200424b57bf1bc270bd56dae","sha256":"83a8374e001b53484e588ef3a8c6f2642aacbcb143bda6074d6168407a789cb8"},"dob":{"date":"1965-10-27T13:16:17.461Z","age":58},"registered":{"date":"2002-11-28T15:09:15.498Z","age":21},"phone":"051-451-4856","cell":"081-307-7175","id":{"name":"PPS","value":"7956932T"},"picture":{"large":"https://randomuser.me/api/portraits/men/49.jpg","medium":"https://randomuser.me/api/portraits/med/men/49.jpg","thumbnail":"https://randomuser.me/api/portraits/thumb/men/49.jpg"},"nat":"IE"}],"info":{"seed":"fb5fe3f0286f0885","results":1,"page":1,"version":"1.4"}} 
 </msg>
<msg time="2024-07-28T20:16:02.776685" level="INFO">/opt/hostedtoolcache/Python/3.12.4/x64/lib/python3.12/site-packages/urllib3/connectionpool.py:1099: InsecureRequestWarning: Unverified HTTPS request is being made to host 'randomuser.me'. Adding certificate verification is strongly advised. See: https://urllib3.readthedocs.io/en/latest/advanced-usage.html#tls-warnings
  warnings.warn(</msg>
<msg time="2024-07-28T20:16:02.776838" level="INFO">${response} = &lt;Response [200]&gt;</msg>
<var>${response}</var>
<arg>consultarAPI</arg>
<arg>/api</arg>
<doc>Sends a GET request on a previously created HTTP Session.</doc>
<status status="PASS" start="2024-07-28T20:16:02.657524" elapsed="0.119360"/>
</kw>
<kw name="Set Variable" owner="BuiltIn">
<msg time="2024-07-28T20:16:02.778228" level="INFO">${json_data} = {'results': [{'gender': 'male', 'name': {'title': 'Mr', 'first': 'Bradley', 'last': 'Cooper'}, 'location': {'street': {'number': 534, 'name': 'Church Road'}, 'city': 'Waterford', 'state': 'Cork', 'cou...</msg>
<var>${json_data}</var>
<arg>${response.json()}</arg>
<doc>Returns the given values which can then be assigned to a variables.</doc>
<status status="PASS" start="2024-07-28T20:16:02.777609" elapsed="0.000651"/>
</kw>
<kw name="Log" owner="BuiltIn">
<msg time="2024-07-28T20:16:02.778890" level="INFO">{'results': [{'gender': 'male', 'name': {'title': 'Mr', 'first': 'Bradley', 'last': 'Cooper'}, 'location': {'street': {'number': 534, 'name': 'Church Road'}, 'city': 'Waterford', 'state': 'Cork', 'country': 'Ireland', 'postcode': 90929, 'coordinates': {'latitude': '0.7144', 'longitude': '-175.7173'}, 'timezone': {'offset': '+6:00', 'description': 'Almaty, Dhaka, Colombo'}}, 'email': 'bradley.cooper@example.com', 'login': {'uuid': '12c01f1e-f3c5-4e01-99bc-650797917d8a', 'username': 'sadrabbit444', 'password': 'microsoft', 'salt': '7oVv4aeL', 'md5': 'e0594477df2541d57cab23f71ff6992d', 'sha1': 'f28a3039d2941f57200424b57bf1bc270bd56dae', 'sha256': '83a8374e001b53484e588ef3a8c6f2642aacbcb143bda6074d6168407a789cb8'}, 'dob': {'date': '1965-10-27T13:16:17.461Z', 'age': 58}, 'registered': {'date': '2002-11-28T15:09:15.498Z', 'age': 21}, 'phone': '051-451-4856', 'cell': '081-307-7175', 'id': {'name': 'PPS', 'value': '7956932T'}, 'picture': {'large': 'https://randomuser.me/api/portraits/men/49.jpg', 'medium': 'https://randomuser.me/api/portraits/med/men/49.jpg', 'thumbnail': 'https://randomuser.me/api/portraits/thumb/men/49.jpg'}, 'nat': 'IE'}], 'info': {'seed': 'fb5fe3f0286f0885', 'results': 1, 'page': 1, 'version': '1.4'}}</msg>
<arg>${json_data}</arg>
<doc>Logs the given message with the given level.</doc>
<status status="PASS" start="2024-07-28T20:16:02.778689" elapsed="0.000251"/>
</kw>
<kw name="Should Be Equal As Numbers" owner="BuiltIn">
<arg>${json_data['results'][0]['location']['postcode']}</arg>
<arg>${json_data['results'][0]['location']['postcode']}</arg>
<doc>Fails if objects are unequal after converting them to real numbers.</doc>
<status status="PASS" start="2024-07-28T20:16:02.779302" elapsed="0.000690"/>
</kw>
<kw name="Log" owner="BuiltIn">
<msg time="2024-07-28T20:16:02.780629" level="INFO">90929</msg>
<arg>${json_data['results'][0]['location']['postcode']}</arg>
<doc>Logs the given message with the given level.</doc>
<status status="PASS" start="2024-07-28T20:16:02.780216" elapsed="0.000463"/>
</kw>
<status status="PASS" start="2024-07-28T20:16:02.657269" elapsed="0.123734"/>
</kw>
<doc>Testa se os tipos de dados na resposta da API estão corretos.</doc>
<tag>testeTiposDados</tag>
<status status="PASS" start="2024-07-28T20:16:02.555014" elapsed="0.226172"/>
</test>
<test id="s1-s1-t5" name="Validar conteudo" line="35">
<kw name="Teste de Tipos de Conteudo" owner="random-user-service">
<kw name="GET On Session" owner="RequestsLibrary">
<msg time="2024-07-28T20:16:02.898994" level="INFO">GET Request : url=https://randomuser.me/api 
 path_url=/api 
 headers={'User-Agent': 'python-requests/2.32.3', 'Accept-Encoding': 'gzip, deflate', 'Accept': '*/*', 'Connection': 'keep-alive'} 
 body=None 
 </msg>
<msg time="2024-07-28T20:16:02.899096" level="INFO">GET Response : url=https://randomuser.me/api 
 status=200, reason=OK 
 headers={'Date': 'Sun, 28 Jul 2024 20:16:02 GMT', 'Content-Type': 'application/json; charset=utf-8', 'Transfer-Encoding': 'chunked', 'Connection': 'keep-alive', 'X-Powered-By': 'Express', 'Access-Control-Allow-Origin': '*', 'Cache-Control': 'no-cache', 'ETag': 'W/"4a0-e8KmuKiQRy1WUqDgeLk+9JfYO3E"', 'Vary': 'Accept-Encoding', 'Content-Encoding': 'gzip', 'CF-Cache-Status': 'DYNAMIC', 'Report-To': '{"endpoints":[{"url":"https:\\/\\/a.nel.cloudflare.com\\/report\\/v4?s=FfA5T6be0ZLtUjWHm7BYnweMITkPSt79NBZzUTc%2Bw8Kyi4lO78YlMAOefiIHHs78Wx7BjH0EL9fLqdu47KDqOJxUK7Ncc%2F24VGV15dMKjN5fOcpqLFcaiBFv010dL3Qp"}],"group":"cf-nel","max_age":604800}', 'NEL': '{"success_fraction":0,"report_to":"cf-nel","max_age":604800}', 'Server': 'cloudflare', 'CF-RAY': '8aa78b716aa59c61-IAD', 'alt-svc': 'h3=":443"; ma=86400'} 
 body={"results":[{"gender":"female","name":{"title":"Miss","first":"Yasemin","last":"Nebioğlu"},"location":{"street":{"number":5337,"name":"Fatih Sultan Mehmet Cd"},"city":"Erzurum","state":"Kahramanmaraş","country":"Turkey","postcode":29492,"coordinates":{"latitude":"69.1038","longitude":"141.6332"},"timezone":{"offset":"-3:00","description":"Brazil, Buenos Aires, Georgetown"}},"email":"yasemin.nebioglu@example.com","login":{"uuid":"fa158c49-393c-4cc7-89a9-97592c0f434b","username":"purplelion523","password":"ophelia","salt":"JoXWXEcK","md5":"cc4917662964be52656d98c58a00de6a","sha1":"409ee9039864694993e4328e5701aac7e072da61","sha256":"60bc9af337f01ad2e06e2ca4fbffaf7e7f52d049f9f20d3ddf8c4a597c451519"},"dob":{"date":"1963-04-15T05:19:21.374Z","age":61},"registered":{"date":"2013-12-29T06:55:57.716Z","age":10},"phone":"(709)-222-6825","cell":"(006)-759-0126","id":{"name":"","value":null},"picture":{"large":"https://randomuser.me/api/portraits/women/13.jpg","medium":"https://randomuser.me/api/portraits/med/women/13.jpg","thumbnail":"https://randomuser.me/api/portraits/thumb/women/13.jpg"},"nat":"TR"}],"info":{"seed":"3d705cd9c4e96754","results":1,"page":1,"version":"1.4"}} 
 </msg>
<msg time="2024-07-28T20:16:02.899171" level="INFO">/opt/hostedtoolcache/Python/3.12.4/x64/lib/python3.12/site-packages/urllib3/connectionpool.py:1099: InsecureRequestWarning: Unverified HTTPS request is being made to host 'randomuser.me'. Adding certificate verification is strongly advised. See: https://urllib3.readthedocs.io/en/latest/advanced-usage.html#tls-warnings
  warnings.warn(</msg>
<msg time="2024-07-28T20:16:02.899307" level="INFO">${response} = &lt;Response [200]&gt;</msg>
<var>${response}</var>
<arg>consultarAPI</arg>
<arg>/api</arg>
<doc>Sends a GET request on a previously created HTTP Session.</doc>
<status status="PASS" start="2024-07-28T20:16:02.783913" elapsed="0.115442"/>
</kw>
<kw name="Set Variable" owner="BuiltIn">
<msg time="2024-07-28T20:16:02.901009" level="INFO">${json_data} = {'results': [{'gender': 'female', 'name': {'title': 'Miss', 'first': 'Yasemin', 'last': 'Nebioğlu'}, 'location': {'street': {'number': 5337, 'name': 'Fatih Sultan Mehmet Cd'}, 'city': 'Erzurum', 'stat...</msg>
<var>${json_data}</var>
<arg>${response.json()}</arg>
<doc>Returns the given values which can then be assigned to a variables.</doc>
<status status="PASS" start="2024-07-28T20:16:02.900088" elapsed="0.000972"/>
</kw>
<kw name="Set Variable" owner="BuiltIn">
<msg time="2024-07-28T20:16:02.902070" level="INFO">${name_title} = Miss</msg>
<var>${name_title}</var>
<arg>${json_data["results"][0]["name"]["title"]}</arg>
<doc>Returns the given values which can then be assigned to a variables.</doc>
<status status="PASS" start="2024-07-28T20:16:02.901596" elapsed="0.000502"/>
</kw>
<kw name="Create List" owner="BuiltIn">
<msg time="2024-07-28T20:16:02.902637" level="INFO">${allowed_titles} = ['Mr', 'Ms', 'Miss', 'Mrs', 'Madame', 'Monsieur']</msg>
<var>${allowed_titles}</var>
<arg>Mr</arg>
<arg>Ms</arg>
<arg>Miss</arg>
<arg>Mrs</arg>
<arg>Madame</arg>
<arg>Monsieur</arg>
<doc>Returns a list containing given items.</doc>
<status status="PASS" start="2024-07-28T20:16:02.902469" elapsed="0.000194"/>
</kw>
<kw name="List Should Contain Value" owner="Collections">
<arg>${allowed_titles}</arg>
<arg>${name_title}</arg>
<doc>Fails if the ``value`` is not found from ``list``.</doc>
<status status="PASS" start="2024-07-28T20:16:02.902980" elapsed="0.000194"/>
</kw>
<kw name="Set Variable" owner="BuiltIn">
<msg time="2024-07-28T20:16:02.903758" level="INFO">${name_country} = TR</msg>
<var>${name_country}</var>
<arg>${json_data["results"][0]["nat"]}</arg>
<doc>Returns the given values which can then be assigned to a variables.</doc>
<status status="PASS" start="2024-07-28T20:16:02.903366" elapsed="0.000418"/>
</kw>
<kw name="Create List" owner="BuiltIn">
<msg time="2024-07-28T20:16:02.904710" level="INFO">${list_country} = ['AD', 'AE', 'AF', 'AG', 'AI', 'AL', 'AM', 'AO', 'AQ', 'AR', 'AS', 'AT', 'AU', 'AW', 'AX', 'AZ', 'BA', 'BB', 'BD', 'BE', 'BF', 'BG', 'BH', 'BI', 'BJ', 'BL', 'BM', 'BN', 'BO', 'BQ', 'BR', 'BS', 'BT', '...</msg>
<var>${list_country}</var>
<arg>AD</arg>
<arg>AE</arg>
<arg>AF</arg>
<arg>AG</arg>
<arg>AI</arg>
<arg>AL</arg>
<arg>AM</arg>
<arg>AO</arg>
<arg>AQ</arg>
<arg>AR</arg>
<arg>AS</arg>
<arg>AT</arg>
<arg>AU</arg>
<arg>AW</arg>
<arg>AX</arg>
<arg>AZ</arg>
<arg>BA</arg>
<arg>BB</arg>
<arg>BD</arg>
<arg>BE</arg>
<arg>BF</arg>
<arg>BG</arg>
<arg>BH</arg>
<arg>BI</arg>
<arg>BJ</arg>
<arg>BL</arg>
<arg>BM</arg>
<arg>BN</arg>
<arg>BO</arg>
<arg>BQ</arg>
<arg>BR</arg>
<arg>BS</arg>
<arg>BT</arg>
<arg>BV</arg>
<arg>BW</arg>
<arg>BY</arg>
<arg>BZ</arg>
<arg>CA</arg>
<arg>CC</arg>
<arg>CD</arg>
<arg>CF</arg>
<arg>CG</arg>
<arg>CH</arg>
<arg>CI</arg>
<arg>CK</arg>
<arg>CL</arg>
<arg>CM</arg>
<arg>CN</arg>
<arg>CO</arg>
<arg>CR</arg>
<arg>CU</arg>
<arg>CV</arg>
<arg>CW</arg>
<arg>CX</arg>
<arg>CY</arg>
<arg>CZ</arg>
<arg>DE</arg>
<arg>DJ</arg>
<arg>DK</arg>
<arg>DM</arg>
<arg>DO</arg>
<arg>DZ</arg>
<arg>EC</arg>
<arg>EE</arg>
<arg>EG</arg>
<arg>EH</arg>
<arg>ER</arg>
<arg>ES</arg>
<arg>ET</arg>
<arg>FI</arg>
<arg>FJ</arg>
<arg>FK</arg>
<arg>FM</arg>
<arg>FO</arg>
<arg>FR</arg>
<arg>GA</arg>
<arg>GB</arg>
<arg>GD</arg>
<arg>GE</arg>
<arg>GF</arg>
<arg>GG</arg>
<arg>GH</arg>
<arg>GI</arg>
<arg>GL</arg>
<arg>GM</arg>
<arg>GN</arg>
<arg>GP</arg>
<arg>GQ</arg>
<arg>GR</arg>
<arg>GS</arg>
<arg>GT</arg>
<arg>GU</arg>
<arg>GW</arg>
<arg>GY</arg>
<arg>HK</arg>
<arg>HM</arg>
<arg>HN</arg>
<arg>HR</arg>
<arg>HT</arg>
<arg>HU</arg>
<arg>ID</arg>
<arg>IE</arg>
<arg>IL</arg>
<arg>IM</arg>
<arg>IN</arg>
<arg>IO</arg>
<arg>IQ</arg>
<arg>IR</arg>
<arg>IS</arg>
<arg>IT</arg>
<arg>JE</arg>
<arg>JM</arg>
<arg>JO</arg>
<arg>JP</arg>
<arg>KE</arg>
<arg>KG</arg>
<arg>KH</arg>
<arg>KI</arg>
<arg>KM</arg>
<arg>KN</arg>
<arg>KP</arg>
<arg>KR</arg>
<arg>KW</arg>
<arg>KY</arg>
<arg>KZ</arg>
<arg>LA</arg>
<arg>LB</arg>
<arg>LC</arg>
<arg>LI</arg>
<arg>LK</arg>
<arg>LR</arg>
<arg>LS</arg>
<arg>LT</arg>
<arg>LU</arg>
<arg>LV</arg>
<arg>LY</arg>
<arg>MA</arg>
<arg>MC</arg>
<arg>MD</arg>
<arg>ME</arg>
<arg>MF</arg>
<arg>MG</arg>
<arg>MH</arg>
<arg>MK</arg>
<arg>ML</arg>
<arg>MM</arg>
<arg>MN</arg>
<arg>MO</arg>
<arg>MP</arg>
<arg>MQ</arg>
<arg>MR</arg>
<arg>MS</arg>
<arg>MT</arg>
<arg>MU</arg>
<arg>MV</arg>
<arg>MW</arg>
<arg>MX</arg>
<arg>MY</arg>
<arg>MZ</arg>
<arg>NA</arg>
<arg>NC</arg>
<arg>NE</arg>
<arg>NF</arg>
<arg>NG</arg>
<arg>NI</arg>
<arg>NL</arg>
<arg>NO</arg>
<arg>NP</arg>
<arg>NR</arg>
<arg>NU</arg>
<arg>NZ</arg>
<arg>OM</arg>
<arg>PA</arg>
<arg>PE</arg>
<arg>PF</arg>
<arg>PG</arg>
<arg>PH</arg>
<arg>PK</arg>
<arg>PL</arg>
<arg>PM</arg>
<arg>PN</arg>
<arg>PR</arg>
<arg>PS</arg>
<arg>PT</arg>
<arg>PW</arg>
<arg>PY</arg>
<arg>QA</arg>
<arg>RE</arg>
<arg>RO</arg>
<arg>RS</arg>
<arg>RU</arg>
<arg>RW</arg>
<arg>SA</arg>
<arg>SB</arg>
<arg>SC</arg>
<arg>SD</arg>
<arg>SE</arg>
<arg>SG</arg>
<arg>SH</arg>
<arg>SI</arg>
<arg>SJ</arg>
<arg>SK</arg>
<arg>SL</arg>
<arg>SM</arg>
<arg>SN</arg>
<arg>SO</arg>
<arg>SR</arg>
<arg>SS</arg>
<arg>ST</arg>
<arg>SV</arg>
<arg>SX</arg>
<arg>SY</arg>
<arg>SZ</arg>
<arg>TC</arg>
<arg>TD</arg>
<arg>TF</arg>
<arg>TG</arg>
<arg>TH</arg>
<arg>TJ</arg>
<arg>TK</arg>
<arg>TL</arg>
<arg>TM</arg>
<arg>TN</arg>
<arg>TO</arg>
<arg>TR</arg>
<arg>TT</arg>
<arg>TV</arg>
<arg>TW</arg>
<arg>TZ</arg>
<arg>UA</arg>
<arg>UG</arg>
<arg>UM</arg>
<arg>US</arg>
<arg>UY</arg>
<arg>UZ</arg>
<arg>VA</arg>
<arg>VC</arg>
<arg>VE</arg>
<arg>VG</arg>
<arg>VI</arg>
<arg>VN</arg>
<arg>VU</arg>
<arg>WF</arg>
<arg>WS</arg>
<arg>XK</arg>
<arg>YE</arg>
<arg>YT</arg>
<arg>ZA</arg>
<arg>ZM</arg>
<arg>ZW</arg>
<doc>Returns a list containing given items.</doc>
<status status="PASS" start="2024-07-28T20:16:02.904079" elapsed="0.000659"/>
</kw>
<kw name="List Should Contain Value" owner="Collections">
<arg>${list_country}</arg>
<arg>${name_country}</arg>
<doc>Fails if the ``value`` is not found from ``list``.</doc>
<status status="PASS" start="2024-07-28T20:16:02.905779" elapsed="0.000225"/>
</kw>
<kw name="Run Keyword If" owner="BuiltIn">
<kw name="Should Be True" owner="BuiltIn">
<arg>${True}</arg>
<doc>Fails if the given condition is not true.</doc>
<status status="PASS" start="2024-07-28T20:16:02.907090" elapsed="0.000155"/>
</kw>
<arg>${json_data["results"][0]["location"]["coordinates"]["latitude"]} &gt;= -90 and ${json_data["results"][0]["location"]["coordinates"]["latitude"]} &lt;= 90</arg>
<arg>Should Be True</arg>
<arg>${True}</arg>
<doc>Runs the given keyword with the given arguments, if ``condition`` is true.</doc>
<status status="PASS" start="2024-07-28T20:16:02.906223" elapsed="0.001175"/>
</kw>
<kw name="Run Keyword If" owner="BuiltIn">
<kw name="Should Be True" owner="BuiltIn">
<arg>${True}</arg>
<doc>Fails if the given condition is not true.</doc>
<status status="PASS" start="2024-07-28T20:16:02.908516" elapsed="0.000184"/>
</kw>
<arg>${json_data["results"][0]["location"]["coordinates"]["longitude"]} &gt;= -180 and ${json_data["results"][0]["location"]["coordinates"]["longitude"]} &lt;= 180</arg>
<arg>Should Be True</arg>
<arg>${True}</arg>
<doc>Runs the given keyword with the given arguments, if ``condition`` is true.</doc>
<status status="PASS" start="2024-07-28T20:16:02.907612" elapsed="0.001242"/>
</kw>
<status status="PASS" start="2024-07-28T20:16:02.783628" elapsed="0.125378"/>
</kw>
<doc>Testa o conteúdo específico dos campos retornados pela API.</doc>
<tag>testeConteudo</tag>
<status status="PASS" start="2024-07-28T20:16:02.783102" elapsed="0.126082"/>
</test>
<status status="PASS" start="2024-07-28T20:16:01.776499" elapsed="1.134728"/>
</suite>
<status status="PASS" start="2024-07-28T20:16:01.761134" elapsed="1.155537"/>
</suite>
<statistics>
<total>
<stat pass="5" fail="0" skip="0">All Tests</stat>
</total>
<tag>
<stat pass="1" fail="0" skip="0">testeConteudo</stat>
<stat pass="1" fail="0" skip="0">testeEstruturaResposta</stat>
<stat pass="1" fail="0" skip="0">testeRequisicaoBasica</stat>
<stat pass="1" fail="0" skip="0">testeTiposDados</stat>
</tag>
<suite>
<stat pass="5" fail="0" skip="0" id="s1" name="Tests">Tests</stat>
<stat pass="5" fail="0" skip="0" id="s1-s1" name="Random-User-Test">Tests.Random-User-Test</stat>
</suite>
</statistics>
<errors>
</errors>
</robot>
