<?xml version="1.0" encoding="UTF-8"?>
<robot generator="Robot 7.0 (Python 3.12.3 on linux)" generated="2024-05-02T20:15:28.469329" rpa="false" schemaversion="5">
<suite id="s1" name="Tests" source="/home/runner/work/DesafioQAItauRogerioJordao/DesafioQAItauRogerioJordao/RamdonUser/tests">
<suite id="s1-s1" name="Random-User-Test" source="/home/runner/work/DesafioQAItauRogerioJordao/DesafioQAItauRogerioJordao/RamdonUser/tests/random-user-test.robot">
<test id="s1-s1-t1" name="Conectar" line="13">
<kw name="Conectar API" owner="random-user-service">
<kw name="Create Session" owner="RequestsLibrary">
<msg time="2024-05-02T20:15:28.871272" level="INFO">Creating Session using : alias=consultarAPI, url=https://randomuser.me/, headers={},                     cookies={}, auth=None, timeout=None, proxies=None, verify=False,                     debug=0 </msg>
<arg>consultarAPI</arg>
<arg>${URL}</arg>
<doc>Create Session: create a HTTP session to a server</doc>
<status status="PASS" start="2024-05-02T20:15:28.871068" elapsed="0.000391"/>
</kw>
<status status="PASS" start="2024-05-02T20:15:28.870074" elapsed="0.001787"/>
</kw>
<status status="PASS" start="2024-05-02T20:15:28.869519" elapsed="0.002542"/>
</test>
<test id="s1-s1-t2" name="Validar retorno 200 e JSON Válido" line="16">
<kw name="Teste de Requisicao Basica" owner="random-user-service">
<kw name="GET On Session" owner="RequestsLibrary">
<msg time="2024-05-02T20:15:29.102699" level="INFO">GET Request : url=https://randomuser.me/api 
 path_url=/api 
 headers={'User-Agent': 'python-requests/2.31.0', 'Accept-Encoding': 'gzip, deflate', 'Accept': '*/*', 'Connection': 'keep-alive'} 
 body=None 
 </msg>
<msg time="2024-05-02T20:15:29.102856" level="INFO">GET Response : url=https://randomuser.me/api 
 status=200, reason=OK 
 headers={'Date': 'Thu, 02 May 2024 20:15:29 GMT', 'Content-Type': 'application/json; charset=utf-8', 'Transfer-Encoding': 'chunked', 'Connection': 'keep-alive', 'X-Powered-By': 'Express', 'Access-Control-Allow-Origin': '*', 'Cache-Control': 'no-cache', 'ETag': 'W/"49e-uPKEy1jfXjigCi9hKBfNZvTsxFA"', 'Vary': 'Accept-Encoding', 'Content-Encoding': 'gzip', 'CF-Cache-Status': 'DYNAMIC', 'Report-To': '{"endpoints":[{"url":"https:\\/\\/a.nel.cloudflare.com\\/report\\/v4?s=0Aei5wFWRTF40dBOnTpNYe60WPSjWY9QrpCt7e7UUjK6P3rlst68WwsvV1Lm47%2BqzLZHvKF9VUoe9%2BSlRQFPCfOXkqxAAXQRHje1SZqkHLLKrA09CGFTdBK%2BHKOV8kse"}],"group":"cf-nel","max_age":604800}', 'NEL': '{"success_fraction":0,"report_to":"cf-nel","max_age":604800}', 'Server': 'cloudflare', 'CF-RAY': '87daaefe5fb12f19-IAD', 'alt-svc': 'h3=":443"; ma=86400'} 
 body={"results":[{"gender":"male","name":{"title":"Mr","first":"Hermann","last":"Witzke"},"location":{"street":{"number":8628,"name":"Mühlenweg"},"city":"Coswig","state":"Nordrhein-Westfalen","country":"Germany","postcode":83235,"coordinates":{"latitude":"-51.9353","longitude":"-105.0438"},"timezone":{"offset":"+3:00","description":"Baghdad, Riyadh, Moscow, St. Petersburg"}},"email":"hermann.witzke@example.com","login":{"uuid":"7f8db29d-8b15-4f73-8c9e-13dc03fd3704","username":"purpleswan189","password":"roller","salt":"GShv8Dmd","md5":"5af75ea0429289a88aacdd5d437a1c6b","sha1":"bbdf18c7ffc02a0c69885dd7b31e274a665b7398","sha256":"64aa627e024bc22ab6234fc1b1bfadfaab159a35a2bb08e12a09966bb566383e"},"dob":{"date":"1955-11-07T00:34:28.726Z","age":68},"registered":{"date":"2019-10-27T06:25:28.542Z","age":4},"phone":"0019-8240208","cell":"0176-4037177","id":{"name":"SVNR","value":"04 061155 W 354"},"picture":{"large":"https://randomuser.me/api/portraits/men/75.jpg","medium":"https://randomuser.me/api/portraits/med/men/75.jpg","thumbnail":"https://randomuser.me/api/portraits/thumb/men/75.jpg"},"nat":"DE"}],"info":{"seed":"72af9e4c77819bf2","results":1,"page":1,"version":"1.4"}} 
 </msg>
<msg time="2024-05-02T20:15:29.102947" level="INFO">/opt/hostedtoolcache/Python/3.12.3/x64/lib/python3.12/site-packages/urllib3/connectionpool.py:1103: InsecureRequestWarning: Unverified HTTPS request is being made to host 'randomuser.me'. Adding certificate verification is strongly advised. See: https://urllib3.readthedocs.io/en/latest/advanced-usage.html#tls-warnings
  warnings.warn(</msg>
<msg time="2024-05-02T20:15:29.103115" level="INFO">${response} = &lt;Response [200]&gt;</msg>
<var>${response}</var>
<arg>consultarAPI</arg>
<arg>/api</arg>
<doc>Sends a GET request on a previously created HTTP Session.</doc>
<status status="PASS" start="2024-05-02T20:15:28.874654" elapsed="0.228509"/>
</kw>
<kw name="Should Be Equal As Numbers" owner="BuiltIn">
<msg time="2024-05-02T20:15:29.104266" level="INFO">Argument types are:
&lt;class 'int'&gt;
&lt;class 'str'&gt;</msg>
<arg>${response.status_code}</arg>
<arg>200</arg>
<doc>Fails if objects are unequal after converting them to real numbers.</doc>
<status status="PASS" start="2024-05-02T20:15:29.103777" elapsed="0.000558"/>
</kw>
<kw name="Log" owner="BuiltIn">
<msg time="2024-05-02T20:15:29.105037" level="INFO">200</msg>
<arg>${response.status_code}</arg>
<doc>Logs the given message with the given level.</doc>
<status status="PASS" start="2024-05-02T20:15:29.104679" elapsed="0.000402"/>
</kw>
<kw name="Set Variable" owner="BuiltIn">
<msg time="2024-05-02T20:15:29.105836" level="INFO">${json_data} = {'results': [{'gender': 'male', 'name': {'title': 'Mr', 'first': 'Hermann', 'last': 'Witzke'}, 'location': {'street': {'number': 8628, 'name': 'Mühlenweg'}, 'city': 'Coswig', 'state': 'Nordrhein-Westf...</msg>
<var>${json_data}</var>
<arg>${response.json()}</arg>
<doc>Returns the given values which can then be assigned to a variables.</doc>
<status status="PASS" start="2024-05-02T20:15:29.105387" elapsed="0.000478"/>
</kw>
<kw name="Dictionary Should Contain Key" owner="Collections">
<msg time="2024-05-02T20:15:29.106347" level="INFO">False</msg>
<arg>${json_data}</arg>
<arg>results</arg>
<doc>Fails if ``key`` is not found from ``dictionary``.</doc>
<status status="PASS" start="2024-05-02T20:15:29.106172" elapsed="0.000216"/>
</kw>
<status status="PASS" start="2024-05-02T20:15:28.874406" elapsed="0.232240"/>
</kw>
<doc>Testa se a API responde corretamente e retorna um objeto JSON válido.</doc>
<tag>testeRequisicaoBasica</tag>
<status status="PASS" start="2024-05-02T20:15:28.873949" elapsed="0.232887"/>
</test>
<test id="s1-s1-t3" name="Validar estrutura de resposta" line="22">
<kw name="Teste de Estrutura de Resposta" owner="random-user-service">
<kw name="GET On Session" owner="RequestsLibrary">
<msg time="2024-05-02T20:15:29.178645" level="INFO">GET Request : url=https://randomuser.me/api 
 path_url=/api 
 headers={'User-Agent': 'python-requests/2.31.0', 'Accept-Encoding': 'gzip, deflate', 'Accept': '*/*', 'Connection': 'keep-alive'} 
 body=None 
 </msg>
<msg time="2024-05-02T20:15:29.178728" level="INFO">GET Response : url=https://randomuser.me/api 
 status=200, reason=OK 
 headers={'Date': 'Thu, 02 May 2024 20:15:29 GMT', 'Content-Type': 'application/json; charset=utf-8', 'Transfer-Encoding': 'chunked', 'Connection': 'keep-alive', 'X-Powered-By': 'Express', 'Access-Control-Allow-Origin': '*', 'Cache-Control': 'no-cache', 'ETag': 'W/"47a-EIE9s+/LuFajxkAlPI3/ALOS1YA"', 'Vary': 'Accept-Encoding', 'Content-Encoding': 'gzip', 'CF-Cache-Status': 'DYNAMIC', 'Report-To': '{"endpoints":[{"url":"https:\\/\\/a.nel.cloudflare.com\\/report\\/v4?s=yy5KwkmN8fqZyqwqS5XxbtrPa29WdcwDbFcV8GtKf7g3Awx59uojQ97vBcYVixYEsomA%2FsGuvPDxQlk3ZD51VhbQeh%2B7GNaecDWO0V9bkilDNkmbGNoJ9RLCp5d3jflz"}],"group":"cf-nel","max_age":604800}', 'NEL': '{"success_fraction":0,"report_to":"cf-nel","max_age":604800}', 'Server': 'cloudflare', 'CF-RAY': '87daaefef8912f19-IAD', 'alt-svc': 'h3=":443"; ma=86400'} 
 body={"results":[{"gender":"male","name":{"title":"Mr","first":"Avi","last":"Bansal"},"location":{"street":{"number":8388,"name":"Commercial St"},"city":"Visakhapatnam","state":"Chandigarh","country":"India","postcode":23704,"coordinates":{"latitude":"7.1839","longitude":"-14.4955"},"timezone":{"offset":"+9:30","description":"Adelaide, Darwin"}},"email":"avi.bansal@example.com","login":{"uuid":"22ed3f22-6166-4173-b461-ef6968b24cf6","username":"happybutterfly901","password":"conrad","salt":"BexzfCp8","md5":"11bedcd895fc5c1f2c052f43aa4eacc9","sha1":"6b0872874ca4f9d4d233fdfb99f001d5b29b59e7","sha256":"47e96b99b63ac014dc3e767c53262f5407663ea38572c0141ccfd645e36463fb"},"dob":{"date":"2000-03-26T12:21:08.630Z","age":24},"registered":{"date":"2010-01-13T16:58:06.539Z","age":14},"phone":"8571279334","cell":"9104771929","id":{"name":"UIDAI","value":"749691414927"},"picture":{"large":"https://randomuser.me/api/portraits/men/58.jpg","medium":"https://randomuser.me/api/portraits/med/men/58.jpg","thumbnail":"https://randomuser.me/api/portraits/thumb/men/58.jpg"},"nat":"IN"}],"info":{"seed":"3cf7d0a973c8f315","results":1,"page":1,"version":"1.4"}} 
 </msg>
<msg time="2024-05-02T20:15:29.178839" level="INFO">/opt/hostedtoolcache/Python/3.12.3/x64/lib/python3.12/site-packages/urllib3/connectionpool.py:1103: InsecureRequestWarning: Unverified HTTPS request is being made to host 'randomuser.me'. Adding certificate verification is strongly advised. See: https://urllib3.readthedocs.io/en/latest/advanced-usage.html#tls-warnings
  warnings.warn(</msg>
<msg time="2024-05-02T20:15:29.178971" level="INFO">${response} = &lt;Response [200]&gt;</msg>
<var>${response}</var>
<arg>consultarAPI</arg>
<arg>/api</arg>
<doc>Sends a GET request on a previously created HTTP Session.</doc>
<status status="PASS" start="2024-05-02T20:15:29.109501" elapsed="0.069512"/>
</kw>
<kw name="Set Variable" owner="BuiltIn">
<msg time="2024-05-02T20:15:29.180006" level="INFO">${json_data} = {'results': [{'gender': 'male', 'name': {'title': 'Mr', 'first': 'Avi', 'last': 'Bansal'}, 'location': {'street': {'number': 8388, 'name': 'Commercial St'}, 'city': 'Visakhapatnam', 'state': 'Chandiga...</msg>
<var>${json_data}</var>
<arg>${response.json()}</arg>
<doc>Returns the given values which can then be assigned to a variables.</doc>
<status status="PASS" start="2024-05-02T20:15:29.179460" elapsed="0.000575"/>
</kw>
<kw name="Log" owner="BuiltIn">
<msg time="2024-05-02T20:15:29.180503" level="INFO">{'results': [{'gender': 'male', 'name': {'title': 'Mr', 'first': 'Avi', 'last': 'Bansal'}, 'location': {'street': {'number': 8388, 'name': 'Commercial St'}, 'city': 'Visakhapatnam', 'state': 'Chandigarh', 'country': 'India', 'postcode': 23704, 'coordinates': {'latitude': '7.1839', 'longitude': '-14.4955'}, 'timezone': {'offset': '+9:30', 'description': 'Adelaide, Darwin'}}, 'email': 'avi.bansal@example.com', 'login': {'uuid': '22ed3f22-6166-4173-b461-ef6968b24cf6', 'username': 'happybutterfly901', 'password': 'conrad', 'salt': 'BexzfCp8', 'md5': '11bedcd895fc5c1f2c052f43aa4eacc9', 'sha1': '6b0872874ca4f9d4d233fdfb99f001d5b29b59e7', 'sha256': '47e96b99b63ac014dc3e767c53262f5407663ea38572c0141ccfd645e36463fb'}, 'dob': {'date': '2000-03-26T12:21:08.630Z', 'age': 24}, 'registered': {'date': '2010-01-13T16:58:06.539Z', 'age': 14}, 'phone': '8571279334', 'cell': '9104771929', 'id': {'name': 'UIDAI', 'value': '749691414927'}, 'picture': {'large': 'https://randomuser.me/api/portraits/men/58.jpg', 'medium': 'https://randomuser.me/api/portraits/med/men/58.jpg', 'thumbnail': 'https://randomuser.me/api/portraits/thumb/men/58.jpg'}, 'nat': 'IN'}], 'info': {'seed': '3cf7d0a973c8f315', 'results': 1, 'page': 1, 'version': '1.4'}}</msg>
<arg>${json_data}</arg>
<doc>Logs the given message with the given level.</doc>
<status status="PASS" start="2024-05-02T20:15:29.180346" elapsed="0.000205"/>
</kw>
<kw name="Dictionary Should Contain Key" owner="Collections">
<msg time="2024-05-02T20:15:29.181008" level="INFO">False</msg>
<arg>${json_data}</arg>
<arg>results</arg>
<doc>Fails if ``key`` is not found from ``dictionary``.</doc>
<status status="PASS" start="2024-05-02T20:15:29.180844" elapsed="0.000201"/>
</kw>
<kw name="Should Not Be Empty" owner="BuiltIn">
<msg time="2024-05-02T20:15:29.181467" level="INFO">Length is 2.</msg>
<arg>${json_data}</arg>
<doc>Verifies that the given item is not empty.</doc>
<status status="PASS" start="2024-05-02T20:15:29.181338" elapsed="0.000331"/>
</kw>
<kw name="Create List" owner="BuiltIn">
<msg time="2024-05-02T20:15:29.182117" level="INFO">${expected_keys} = ['gender', 'name', 'location', 'email', 'login']</msg>
<var>${expected_keys}</var>
<arg>gender</arg>
<arg>name</arg>
<arg>location</arg>
<arg>email</arg>
<arg>login</arg>
<doc>Returns a list containing given items.</doc>
<status status="PASS" start="2024-05-02T20:15:29.181964" elapsed="0.000178"/>
</kw>
<for flavor="IN">
<iter>
<kw name="Dictionary Should Contain Key" owner="Collections">
<msg time="2024-05-02T20:15:29.183131" level="INFO">False</msg>
<arg>${json_data['results'][0]}</arg>
<arg>${key}</arg>
<doc>Fails if ``key`` is not found from ``dictionary``.</doc>
<status status="PASS" start="2024-05-02T20:15:29.182724" elapsed="0.000447"/>
</kw>
<kw name="Log" owner="BuiltIn">
<msg time="2024-05-02T20:15:29.183873" level="INFO">{'gender': 'male', 'name': {'title': 'Mr', 'first': 'Avi', 'last': 'Bansal'}, 'location': {'street': {'number': 8388, 'name': 'Commercial St'}, 'city': 'Visakhapatnam', 'state': 'Chandigarh', 'country': 'India', 'postcode': 23704, 'coordinates': {'latitude': '7.1839', 'longitude': '-14.4955'}, 'timezone': {'offset': '+9:30', 'description': 'Adelaide, Darwin'}}, 'email': 'avi.bansal@example.com', 'login': {'uuid': '22ed3f22-6166-4173-b461-ef6968b24cf6', 'username': 'happybutterfly901', 'password': 'conrad', 'salt': 'BexzfCp8', 'md5': '11bedcd895fc5c1f2c052f43aa4eacc9', 'sha1': '6b0872874ca4f9d4d233fdfb99f001d5b29b59e7', 'sha256': '47e96b99b63ac014dc3e767c53262f5407663ea38572c0141ccfd645e36463fb'}, 'dob': {'date': '2000-03-26T12:21:08.630Z', 'age': 24}, 'registered': {'date': '2010-01-13T16:58:06.539Z', 'age': 14}, 'phone': '8571279334', 'cell': '9104771929', 'id': {'name': 'UIDAI', 'value': '749691414927'}, 'picture': {'large': 'https://randomuser.me/api/portraits/men/58.jpg', 'medium': 'https://randomuser.me/api/portraits/med/men/58.jpg', 'thumbnail': 'https://randomuser.me/api/portraits/thumb/men/58.jpg'}, 'nat': 'IN'}</msg>
<arg>${json_data['results'][0]}</arg>
<doc>Logs the given message with the given level.</doc>
<status status="PASS" start="2024-05-02T20:15:29.183471" elapsed="0.000451"/>
</kw>
<kw name="Log" owner="BuiltIn">
<msg time="2024-05-02T20:15:29.184353" level="INFO">gender</msg>
<arg>${key}</arg>
<doc>Logs the given message with the given level.</doc>
<status status="PASS" start="2024-05-02T20:15:29.184223" elapsed="0.000169"/>
</kw>
<var name="${key}">gender</var>
<status status="PASS" start="2024-05-02T20:15:29.182597" elapsed="0.002010"/>
</iter>
<iter>
<kw name="Dictionary Should Contain Key" owner="Collections">
<msg time="2024-05-02T20:15:29.185291" level="INFO">False</msg>
<arg>${json_data['results'][0]}</arg>
<arg>${key}</arg>
<doc>Fails if ``key`` is not found from ``dictionary``.</doc>
<status status="PASS" start="2024-05-02T20:15:29.184911" elapsed="0.000418"/>
</kw>
<kw name="Log" owner="BuiltIn">
<msg time="2024-05-02T20:15:29.186016" level="INFO">{'gender': 'male', 'name': {'title': 'Mr', 'first': 'Avi', 'last': 'Bansal'}, 'location': {'street': {'number': 8388, 'name': 'Commercial St'}, 'city': 'Visakhapatnam', 'state': 'Chandigarh', 'country': 'India', 'postcode': 23704, 'coordinates': {'latitude': '7.1839', 'longitude': '-14.4955'}, 'timezone': {'offset': '+9:30', 'description': 'Adelaide, Darwin'}}, 'email': 'avi.bansal@example.com', 'login': {'uuid': '22ed3f22-6166-4173-b461-ef6968b24cf6', 'username': 'happybutterfly901', 'password': 'conrad', 'salt': 'BexzfCp8', 'md5': '11bedcd895fc5c1f2c052f43aa4eacc9', 'sha1': '6b0872874ca4f9d4d233fdfb99f001d5b29b59e7', 'sha256': '47e96b99b63ac014dc3e767c53262f5407663ea38572c0141ccfd645e36463fb'}, 'dob': {'date': '2000-03-26T12:21:08.630Z', 'age': 24}, 'registered': {'date': '2010-01-13T16:58:06.539Z', 'age': 14}, 'phone': '8571279334', 'cell': '9104771929', 'id': {'name': 'UIDAI', 'value': '749691414927'}, 'picture': {'large': 'https://randomuser.me/api/portraits/men/58.jpg', 'medium': 'https://randomuser.me/api/portraits/med/men/58.jpg', 'thumbnail': 'https://randomuser.me/api/portraits/thumb/men/58.jpg'}, 'nat': 'IN'}</msg>
<arg>${json_data['results'][0]}</arg>
<doc>Logs the given message with the given level.</doc>
<status status="PASS" start="2024-05-02T20:15:29.185653" elapsed="0.000411"/>
</kw>
<kw name="Log" owner="BuiltIn">
<msg time="2024-05-02T20:15:29.186486" level="INFO">name</msg>
<arg>${key}</arg>
<doc>Logs the given message with the given level.</doc>
<status status="PASS" start="2024-05-02T20:15:29.186361" elapsed="0.000163"/>
</kw>
<var name="${key}">name</var>
<status status="PASS" start="2024-05-02T20:15:29.184797" elapsed="0.001942"/>
</iter>
<iter>
<kw name="Dictionary Should Contain Key" owner="Collections">
<msg time="2024-05-02T20:15:29.187414" level="INFO">False</msg>
<arg>${json_data['results'][0]}</arg>
<arg>${key}</arg>
<doc>Fails if ``key`` is not found from ``dictionary``.</doc>
<status status="PASS" start="2024-05-02T20:15:29.187029" elapsed="0.000422"/>
</kw>
<kw name="Log" owner="BuiltIn">
<msg time="2024-05-02T20:15:29.188159" level="INFO">{'gender': 'male', 'name': {'title': 'Mr', 'first': 'Avi', 'last': 'Bansal'}, 'location': {'street': {'number': 8388, 'name': 'Commercial St'}, 'city': 'Visakhapatnam', 'state': 'Chandigarh', 'country': 'India', 'postcode': 23704, 'coordinates': {'latitude': '7.1839', 'longitude': '-14.4955'}, 'timezone': {'offset': '+9:30', 'description': 'Adelaide, Darwin'}}, 'email': 'avi.bansal@example.com', 'login': {'uuid': '22ed3f22-6166-4173-b461-ef6968b24cf6', 'username': 'happybutterfly901', 'password': 'conrad', 'salt': 'BexzfCp8', 'md5': '11bedcd895fc5c1f2c052f43aa4eacc9', 'sha1': '6b0872874ca4f9d4d233fdfb99f001d5b29b59e7', 'sha256': '47e96b99b63ac014dc3e767c53262f5407663ea38572c0141ccfd645e36463fb'}, 'dob': {'date': '2000-03-26T12:21:08.630Z', 'age': 24}, 'registered': {'date': '2010-01-13T16:58:06.539Z', 'age': 14}, 'phone': '8571279334', 'cell': '9104771929', 'id': {'name': 'UIDAI', 'value': '749691414927'}, 'picture': {'large': 'https://randomuser.me/api/portraits/men/58.jpg', 'medium': 'https://randomuser.me/api/portraits/med/men/58.jpg', 'thumbnail': 'https://randomuser.me/api/portraits/thumb/men/58.jpg'}, 'nat': 'IN'}</msg>
<arg>${json_data['results'][0]}</arg>
<doc>Logs the given message with the given level.</doc>
<status status="PASS" start="2024-05-02T20:15:29.187775" elapsed="0.000432"/>
</kw>
<kw name="Log" owner="BuiltIn">
<msg time="2024-05-02T20:15:29.188641" level="INFO">location</msg>
<arg>${key}</arg>
<doc>Logs the given message with the given level.</doc>
<status status="PASS" start="2024-05-02T20:15:29.188514" elapsed="0.000165"/>
</kw>
<var name="${key}">location</var>
<status status="PASS" start="2024-05-02T20:15:29.186918" elapsed="0.001975"/>
</iter>
<iter>
<kw name="Dictionary Should Contain Key" owner="Collections">
<msg time="2024-05-02T20:15:29.189560" level="INFO">False</msg>
<arg>${json_data['results'][0]}</arg>
<arg>${key}</arg>
<doc>Fails if ``key`` is not found from ``dictionary``.</doc>
<status status="PASS" start="2024-05-02T20:15:29.189176" elapsed="0.000421"/>
</kw>
<kw name="Log" owner="BuiltIn">
<msg time="2024-05-02T20:15:29.190264" level="INFO">{'gender': 'male', 'name': {'title': 'Mr', 'first': 'Avi', 'last': 'Bansal'}, 'location': {'street': {'number': 8388, 'name': 'Commercial St'}, 'city': 'Visakhapatnam', 'state': 'Chandigarh', 'country': 'India', 'postcode': 23704, 'coordinates': {'latitude': '7.1839', 'longitude': '-14.4955'}, 'timezone': {'offset': '+9:30', 'description': 'Adelaide, Darwin'}}, 'email': 'avi.bansal@example.com', 'login': {'uuid': '22ed3f22-6166-4173-b461-ef6968b24cf6', 'username': 'happybutterfly901', 'password': 'conrad', 'salt': 'BexzfCp8', 'md5': '11bedcd895fc5c1f2c052f43aa4eacc9', 'sha1': '6b0872874ca4f9d4d233fdfb99f001d5b29b59e7', 'sha256': '47e96b99b63ac014dc3e767c53262f5407663ea38572c0141ccfd645e36463fb'}, 'dob': {'date': '2000-03-26T12:21:08.630Z', 'age': 24}, 'registered': {'date': '2010-01-13T16:58:06.539Z', 'age': 14}, 'phone': '8571279334', 'cell': '9104771929', 'id': {'name': 'UIDAI', 'value': '749691414927'}, 'picture': {'large': 'https://randomuser.me/api/portraits/men/58.jpg', 'medium': 'https://randomuser.me/api/portraits/med/men/58.jpg', 'thumbnail': 'https://randomuser.me/api/portraits/thumb/men/58.jpg'}, 'nat': 'IN'}</msg>
<arg>${json_data['results'][0]}</arg>
<doc>Logs the given message with the given level.</doc>
<status status="PASS" start="2024-05-02T20:15:29.189893" elapsed="0.000418"/>
</kw>
<kw name="Log" owner="BuiltIn">
<msg time="2024-05-02T20:15:29.190733" level="INFO">email</msg>
<arg>${key}</arg>
<doc>Logs the given message with the given level.</doc>
<status status="PASS" start="2024-05-02T20:15:29.190607" elapsed="0.000164"/>
</kw>
<var name="${key}">email</var>
<status status="PASS" start="2024-05-02T20:15:29.189065" elapsed="0.001918"/>
</iter>
<iter>
<kw name="Dictionary Should Contain Key" owner="Collections">
<msg time="2024-05-02T20:15:29.191660" level="INFO">False</msg>
<arg>${json_data['results'][0]}</arg>
<arg>${key}</arg>
<doc>Fails if ``key`` is not found from ``dictionary``.</doc>
<status status="PASS" start="2024-05-02T20:15:29.191266" elapsed="0.000432"/>
</kw>
<kw name="Log" owner="BuiltIn">
<msg time="2024-05-02T20:15:29.192388" level="INFO">{'gender': 'male', 'name': {'title': 'Mr', 'first': 'Avi', 'last': 'Bansal'}, 'location': {'street': {'number': 8388, 'name': 'Commercial St'}, 'city': 'Visakhapatnam', 'state': 'Chandigarh', 'country': 'India', 'postcode': 23704, 'coordinates': {'latitude': '7.1839', 'longitude': '-14.4955'}, 'timezone': {'offset': '+9:30', 'description': 'Adelaide, Darwin'}}, 'email': 'avi.bansal@example.com', 'login': {'uuid': '22ed3f22-6166-4173-b461-ef6968b24cf6', 'username': 'happybutterfly901', 'password': 'conrad', 'salt': 'BexzfCp8', 'md5': '11bedcd895fc5c1f2c052f43aa4eacc9', 'sha1': '6b0872874ca4f9d4d233fdfb99f001d5b29b59e7', 'sha256': '47e96b99b63ac014dc3e767c53262f5407663ea38572c0141ccfd645e36463fb'}, 'dob': {'date': '2000-03-26T12:21:08.630Z', 'age': 24}, 'registered': {'date': '2010-01-13T16:58:06.539Z', 'age': 14}, 'phone': '8571279334', 'cell': '9104771929', 'id': {'name': 'UIDAI', 'value': '749691414927'}, 'picture': {'large': 'https://randomuser.me/api/portraits/men/58.jpg', 'medium': 'https://randomuser.me/api/portraits/med/men/58.jpg', 'thumbnail': 'https://randomuser.me/api/portraits/thumb/men/58.jpg'}, 'nat': 'IN'}</msg>
<arg>${json_data['results'][0]}</arg>
<doc>Logs the given message with the given level.</doc>
<status status="PASS" start="2024-05-02T20:15:29.192025" elapsed="0.000410"/>
</kw>
<kw name="Log" owner="BuiltIn">
<msg time="2024-05-02T20:15:29.192857" level="INFO">login</msg>
<arg>${key}</arg>
<doc>Logs the given message with the given level.</doc>
<status status="PASS" start="2024-05-02T20:15:29.192731" elapsed="0.000163"/>
</kw>
<var name="${key}">login</var>
<status status="PASS" start="2024-05-02T20:15:29.191156" elapsed="0.001960"/>
</iter>
<var>${key}</var>
<value>@{expected_keys}</value>
<status status="PASS" start="2024-05-02T20:15:29.182402" elapsed="0.010861"/>
</for>
<kw name="Create List" owner="BuiltIn">
<msg time="2024-05-02T20:15:29.193599" level="INFO">${expected_keysTwo} = ['username', 'password']</msg>
<var>${expected_keysTwo}</var>
<arg>username</arg>
<arg>password</arg>
<doc>Returns a list containing given items.</doc>
<status status="PASS" start="2024-05-02T20:15:29.193462" elapsed="0.000161"/>
</kw>
<for flavor="IN">
<iter>
<kw name="Dictionary Should Contain Key" owner="Collections">
<msg time="2024-05-02T20:15:29.194513" level="INFO">False</msg>
<arg>${json_data['results'][0]['login']}</arg>
<arg>${keyTwo}</arg>
<doc>Fails if ``key`` is not found from ``dictionary``.</doc>
<status status="PASS" start="2024-05-02T20:15:29.194121" elapsed="0.000430"/>
</kw>
<kw name="Dictionary Should Contain Key" owner="Collections">
<msg time="2024-05-02T20:15:29.195226" level="INFO">False</msg>
<arg>${json_data['results'][0]['login']}</arg>
<arg>${keyTwo}</arg>
<doc>Fails if ``key`` is not found from ``dictionary``.</doc>
<status status="PASS" start="2024-05-02T20:15:29.194844" elapsed="0.000420"/>
</kw>
<kw name="Log" owner="BuiltIn">
<msg time="2024-05-02T20:15:29.195686" level="INFO">username</msg>
<arg>${keyTwo}</arg>
<doc>Logs the given message with the given level.</doc>
<status status="PASS" start="2024-05-02T20:15:29.195559" elapsed="0.000170"/>
</kw>
<var name="${keyTwo}">username</var>
<status status="PASS" start="2024-05-02T20:15:29.194011" elapsed="0.001979"/>
</iter>
<iter>
<kw name="Dictionary Should Contain Key" owner="Collections">
<msg time="2024-05-02T20:15:29.196751" level="INFO">False</msg>
<arg>${json_data['results'][0]['login']}</arg>
<arg>${keyTwo}</arg>
<doc>Fails if ``key`` is not found from ``dictionary``.</doc>
<status status="PASS" start="2024-05-02T20:15:29.196277" elapsed="0.000514"/>
</kw>
<kw name="Dictionary Should Contain Key" owner="Collections">
<msg time="2024-05-02T20:15:29.197474" level="INFO">False</msg>
<arg>${json_data['results'][0]['login']}</arg>
<arg>${keyTwo}</arg>
<doc>Fails if ``key`` is not found from ``dictionary``.</doc>
<status status="PASS" start="2024-05-02T20:15:29.197090" elapsed="0.000421"/>
</kw>
<kw name="Log" owner="BuiltIn">
<msg time="2024-05-02T20:15:29.197936" level="INFO">password</msg>
<arg>${keyTwo}</arg>
<doc>Logs the given message with the given level.</doc>
<status status="PASS" start="2024-05-02T20:15:29.197805" elapsed="0.000168"/>
</kw>
<var name="${keyTwo}">password</var>
<status status="PASS" start="2024-05-02T20:15:29.196164" elapsed="0.002026"/>
</iter>
<var>${keyTwo}</var>
<value>@{expected_keysTwo}</value>
<status status="PASS" start="2024-05-02T20:15:29.193857" elapsed="0.004454"/>
</for>
<status status="PASS" start="2024-05-02T20:15:29.109261" elapsed="0.089195"/>
</kw>
<doc>Testa a estrutura da resposta da API.</doc>
<tag>testeEstruturaResposta</tag>
<status status="PASS" start="2024-05-02T20:15:29.108734" elapsed="0.089878"/>
</test>
<test id="s1-s1-t4" name="Validar tipos de dados" line="28">
<kw name="Teste de Tipos de Dados" owner="random-user-service">
<kw name="GET On Session" owner="RequestsLibrary">
<msg time="2024-05-02T20:15:29.286633" level="INFO">GET Request : url=https://randomuser.me/api 
 path_url=/api 
 headers={'User-Agent': 'python-requests/2.31.0', 'Accept-Encoding': 'gzip, deflate', 'Accept': '*/*', 'Connection': 'keep-alive'} 
 body=None 
 </msg>
<msg time="2024-05-02T20:15:29.286742" level="INFO">GET Response : url=https://randomuser.me/api 
 status=200, reason=OK 
 headers={'Date': 'Thu, 02 May 2024 20:15:29 GMT', 'Content-Type': 'application/json; charset=utf-8', 'Transfer-Encoding': 'chunked', 'Connection': 'keep-alive', 'X-Powered-By': 'Express', 'Access-Control-Allow-Origin': '*', 'Cache-Control': 'no-cache', 'ETag': 'W/"498-DLkMw8XcSsazk3BUQvb3Hf0UFqs"', 'Vary': 'Accept-Encoding', 'Content-Encoding': 'gzip', 'CF-Cache-Status': 'DYNAMIC', 'Report-To': '{"endpoints":[{"url":"https:\\/\\/a.nel.cloudflare.com\\/report\\/v4?s=i2NwsK5fW%2Bl8onjvxAGJ5IeJRjpi0QTj9HvtWuK4Nl6FvXe5wujWmi2Ha7jM%2FYMVZGDskqdm%2F3w6pBWiLTslEfbAeFm6dfU1fsR%2BcvPuEvJXCDQZ5JBU%2BAlbOVjneQ6t"}],"group":"cf-nel","max_age":604800}', 'NEL': '{"success_fraction":0,"report_to":"cf-nel","max_age":604800}', 'Server': 'cloudflare', 'CF-RAY': '87daaeff89d02f19-IAD', 'alt-svc': 'h3=":443"; ma=86400'} 
 body={"results":[{"gender":"female","name":{"title":"Mademoiselle","first":"Antonietta","last":"Pierre"},"location":{"street":{"number":6009,"name":"Rue des Abbesses"},"city":"Chêne-Bourg","state":"Zug","country":"Switzerland","postcode":2712,"coordinates":{"latitude":"-57.2076","longitude":"47.1569"},"timezone":{"offset":"-9:00","description":"Alaska"}},"email":"antonietta.pierre@example.com","login":{"uuid":"1d019a2f-7c5e-421b-82f1-5d11f63f6504","username":"beautifulgoose849","password":"woody","salt":"Vx3ifTYk","md5":"aa811fb1f24bad8216276a555ad10413","sha1":"f32090bd9b20537fc3db1909b30ce50b28cb49ab","sha256":"1ad32d2933ee06993ccd52a57f830de5007882a0819feea1705cfe7dd8ef9da9"},"dob":{"date":"1949-06-26T13:45:02.294Z","age":74},"registered":{"date":"2004-04-18T08:48:48.550Z","age":20},"phone":"079 430 24 49","cell":"078 448 64 57","id":{"name":"AVS","value":"756.6646.6922.21"},"picture":{"large":"https://randomuser.me/api/portraits/women/93.jpg","medium":"https://randomuser.me/api/portraits/med/women/93.jpg","thumbnail":"https://randomuser.me/api/portraits/thumb/women/93.jpg"},"nat":"CH"}],"info":{"seed":"d1cfacba931fd25f","results":1,"page":1,"version":"1.4"}} 
 </msg>
<msg time="2024-05-02T20:15:29.286815" level="INFO">/opt/hostedtoolcache/Python/3.12.3/x64/lib/python3.12/site-packages/urllib3/connectionpool.py:1103: InsecureRequestWarning: Unverified HTTPS request is being made to host 'randomuser.me'. Adding certificate verification is strongly advised. See: https://urllib3.readthedocs.io/en/latest/advanced-usage.html#tls-warnings
  warnings.warn(</msg>
<msg time="2024-05-02T20:15:29.286956" level="INFO">${response} = &lt;Response [200]&gt;</msg>
<var>${response}</var>
<arg>consultarAPI</arg>
<arg>/api</arg>
<doc>Sends a GET request on a previously created HTTP Session.</doc>
<status status="PASS" start="2024-05-02T20:15:29.201147" elapsed="0.085850"/>
</kw>
<kw name="Set Variable" owner="BuiltIn">
<msg time="2024-05-02T20:15:29.288109" level="INFO">${json_data} = {'results': [{'gender': 'female', 'name': {'title': 'Mademoiselle', 'first': 'Antonietta', 'last': 'Pierre'}, 'location': {'street': {'number': 6009, 'name': 'Rue des Abbesses'}, 'city': 'Chêne-Bourg'...</msg>
<var>${json_data}</var>
<arg>${response.json()}</arg>
<doc>Returns the given values which can then be assigned to a variables.</doc>
<status status="PASS" start="2024-05-02T20:15:29.287534" elapsed="0.000604"/>
</kw>
<kw name="Log" owner="BuiltIn">
<msg time="2024-05-02T20:15:29.288610" level="INFO">{'results': [{'gender': 'female', 'name': {'title': 'Mademoiselle', 'first': 'Antonietta', 'last': 'Pierre'}, 'location': {'street': {'number': 6009, 'name': 'Rue des Abbesses'}, 'city': 'Chêne-Bourg', 'state': 'Zug', 'country': 'Switzerland', 'postcode': 2712, 'coordinates': {'latitude': '-57.2076', 'longitude': '47.1569'}, 'timezone': {'offset': '-9:00', 'description': 'Alaska'}}, 'email': 'antonietta.pierre@example.com', 'login': {'uuid': '1d019a2f-7c5e-421b-82f1-5d11f63f6504', 'username': 'beautifulgoose849', 'password': 'woody', 'salt': 'Vx3ifTYk', 'md5': 'aa811fb1f24bad8216276a555ad10413', 'sha1': 'f32090bd9b20537fc3db1909b30ce50b28cb49ab', 'sha256': '1ad32d2933ee06993ccd52a57f830de5007882a0819feea1705cfe7dd8ef9da9'}, 'dob': {'date': '1949-06-26T13:45:02.294Z', 'age': 74}, 'registered': {'date': '2004-04-18T08:48:48.550Z', 'age': 20}, 'phone': '079 430 24 49', 'cell': '078 448 64 57', 'id': {'name': 'AVS', 'value': '756.6646.6922.21'}, 'picture': {'large': 'https://randomuser.me/api/portraits/women/93.jpg', 'medium': 'https://randomuser.me/api/portraits/med/women/93.jpg', 'thumbnail': 'https://randomuser.me/api/portraits/thumb/women/93.jpg'}, 'nat': 'CH'}], 'info': {'seed': 'd1cfacba931fd25f', 'results': 1, 'page': 1, 'version': '1.4'}}</msg>
<arg>${json_data}</arg>
<doc>Logs the given message with the given level.</doc>
<status status="PASS" start="2024-05-02T20:15:29.288450" elapsed="0.000247"/>
</kw>
<kw name="Should Be String" owner="String">
<arg>${json_data['results'][0]['gender']}</arg>
<doc>Fails if the given ``item`` is not a string.</doc>
<status status="PASS" start="2024-05-02T20:15:29.289000" elapsed="0.000368"/>
</kw>
<kw name="Should Match Regexp" owner="BuiltIn">
<arg>${json_data['results'][0]['email']}</arg>
<arg>^[a-zA-Z0-9._%+-]+@[a-zA-Z0-9.-]+\.[a-zA-Z]{2,}$</arg>
<doc>Fails if ``string`` does not match ``pattern`` as a regular expression.</doc>
<status status="PASS" start="2024-05-02T20:15:29.289563" elapsed="0.000523"/>
</kw>
<kw name="Should Match Regexp" owner="BuiltIn">
<arg>${json_data['results'][0]['dob']['date']}</arg>
<arg>\\d{4}-\\d{2}-\\d{2}T\\d{2}:\\d{2}:\\d{2}\\.\\d{3}Z</arg>
<doc>Fails if ``string`` does not match ``pattern`` as a regular expression.</doc>
<status status="PASS" start="2024-05-02T20:15:29.290283" elapsed="0.000501"/>
</kw>
<kw name="Should Match Regexp" owner="BuiltIn">
<arg>${json_data['results'][0]['registered']['date']}</arg>
<arg>\\d{4}-\\d{2}-\\d{2}T\\d{2}:\\d{2}:\\d{2}\\.\\d{3}Z</arg>
<doc>Fails if ``string`` does not match ``pattern`` as a regular expression.</doc>
<status status="PASS" start="2024-05-02T20:15:29.290978" elapsed="0.000365"/>
</kw>
<kw name="Should Match Regexp" owner="BuiltIn">
<arg>${json_data['results'][0]['picture']['large']}</arg>
<arg>^https?://.*\.(?:png|jpe?g|gif|bmp)$</arg>
<doc>Fails if ``string`` does not match ``pattern`` as a regular expression.</doc>
<status status="PASS" start="2024-05-02T20:15:29.291535" elapsed="0.000484"/>
</kw>
<kw name="Should Match Regexp" owner="BuiltIn">
<arg>${json_data['results'][0]['picture']['medium']}</arg>
<arg>^https?://.*\.(?:png|jpe?g|gif|bmp)$</arg>
<doc>Fails if ``string`` does not match ``pattern`` as a regular expression.</doc>
<status status="PASS" start="2024-05-02T20:15:29.292213" elapsed="0.000361"/>
</kw>
<kw name="Should Match Regexp" owner="BuiltIn">
<arg>${json_data['results'][0]['picture']['thumbnail']}</arg>
<arg>^https?://.*\.(?:png|jpe?g|gif|bmp)$</arg>
<doc>Fails if ``string`` does not match ``pattern`` as a regular expression.</doc>
<status status="PASS" start="2024-05-02T20:15:29.292764" elapsed="0.000351"/>
</kw>
<kw name="Log" owner="BuiltIn">
<msg time="2024-05-02T20:15:29.293627" level="INFO">{'large': 'https://randomuser.me/api/portraits/women/93.jpg', 'medium': 'https://randomuser.me/api/portraits/med/women/93.jpg', 'thumbnail': 'https://randomuser.me/api/portraits/thumb/women/93.jpg'}</msg>
<arg>${json_data['results'][0]['picture']}</arg>
<doc>Logs the given message with the given level.</doc>
<status status="PASS" start="2024-05-02T20:15:29.293306" elapsed="0.000362"/>
</kw>
<status status="PASS" start="2024-05-02T20:15:29.200920" elapsed="0.093005"/>
</kw>
<kw name="Teste de Tipos de Dados - Postcode" owner="random-user-service">
<kw name="GET On Session" owner="RequestsLibrary">
<msg time="2024-05-02T20:15:29.380454" level="INFO">GET Request : url=https://randomuser.me/api 
 path_url=/api 
 headers={'User-Agent': 'python-requests/2.31.0', 'Accept-Encoding': 'gzip, deflate', 'Accept': '*/*', 'Connection': 'keep-alive'} 
 body=None 
 </msg>
<msg time="2024-05-02T20:15:29.380555" level="INFO">GET Response : url=https://randomuser.me/api 
 status=200, reason=OK 
 headers={'Date': 'Thu, 02 May 2024 20:15:29 GMT', 'Content-Type': 'application/json; charset=utf-8', 'Transfer-Encoding': 'chunked', 'Connection': 'keep-alive', 'X-Powered-By': 'Express', 'Access-Control-Allow-Origin': '*', 'Cache-Control': 'no-cache', 'ETag': 'W/"483-G8U4SQJykbGkGodO5UYFeW5Knr4"', 'Vary': 'Accept-Encoding', 'Content-Encoding': 'gzip', 'CF-Cache-Status': 'DYNAMIC', 'Report-To': '{"endpoints":[{"url":"https:\\/\\/a.nel.cloudflare.com\\/report\\/v4?s=9XbY14Aexnld%2BLf4dYyt5K7d1dMB7n5qE5s2gqBwKVqtHTU7UwZi3VmZbmP571w8MxLeDkkv0cLoI7Jwe%2BeKg0uhsvHeYQJoDcu7hcfn0PAaKlF2AV0AQebEmJ3dFJUn"}],"group":"cf-nel","max_age":604800}', 'NEL': '{"success_fraction":0,"report_to":"cf-nel","max_age":604800}', 'Server': 'cloudflare', 'CF-RAY': '87daaf001a882f19-IAD', 'alt-svc': 'h3=":443"; ma=86400'} 
 body={"results":[{"gender":"male","name":{"title":"Mr","first":"Blake","last":"Williamson"},"location":{"street":{"number":5453,"name":"Grafton Street"},"city":"Carrick-on-Suir","state":"South Dublin","country":"Ireland","postcode":65726,"coordinates":{"latitude":"0.6124","longitude":"-112.0732"},"timezone":{"offset":"-3:30","description":"Newfoundland"}},"email":"blake.williamson@example.com","login":{"uuid":"1f4832d9-20b1-4056-8d6e-4b17ee3a663c","username":"happywolf358","password":"spliff","salt":"jaRgbxyY","md5":"3091ecfdf44b231fe6216a78b40f0dcd","sha1":"24a644b322501b8dd183cda74304ad5d5e7e494b","sha256":"7084378c83ef9c5f649cf040c164ab1eba9b0635ffad36bce946417428515bdb"},"dob":{"date":"1985-11-15T11:27:51.071Z","age":38},"registered":{"date":"2004-01-18T20:23:30.790Z","age":20},"phone":"071-826-4427","cell":"081-995-7900","id":{"name":"PPS","value":"6717747T"},"picture":{"large":"https://randomuser.me/api/portraits/men/49.jpg","medium":"https://randomuser.me/api/portraits/med/men/49.jpg","thumbnail":"https://randomuser.me/api/portraits/thumb/men/49.jpg"},"nat":"IE"}],"info":{"seed":"8f350ed60f2fe68d","results":1,"page":1,"version":"1.4"}} 
 </msg>
<msg time="2024-05-02T20:15:29.380638" level="INFO">/opt/hostedtoolcache/Python/3.12.3/x64/lib/python3.12/site-packages/urllib3/connectionpool.py:1103: InsecureRequestWarning: Unverified HTTPS request is being made to host 'randomuser.me'. Adding certificate verification is strongly advised. See: https://urllib3.readthedocs.io/en/latest/advanced-usage.html#tls-warnings
  warnings.warn(</msg>
<msg time="2024-05-02T20:15:29.380797" level="INFO">${response} = &lt;Response [200]&gt;</msg>
<var>${response}</var>
<arg>consultarAPI</arg>
<arg>/api</arg>
<doc>Sends a GET request on a previously created HTTP Session.</doc>
<status status="PASS" start="2024-05-02T20:15:29.294389" elapsed="0.086457"/>
</kw>
<kw name="Set Variable" owner="BuiltIn">
<msg time="2024-05-02T20:15:29.381869" level="INFO">${json_data} = {'results': [{'gender': 'male', 'name': {'title': 'Mr', 'first': 'Blake', 'last': 'Williamson'}, 'location': {'street': {'number': 5453, 'name': 'Grafton Street'}, 'city': 'Carrick-on-Suir', 'state': ...</msg>
<var>${json_data}</var>
<arg>${response.json()}</arg>
<doc>Returns the given values which can then be assigned to a variables.</doc>
<status status="PASS" start="2024-05-02T20:15:29.381363" elapsed="0.000533"/>
</kw>
<kw name="Log" owner="BuiltIn">
<msg time="2024-05-02T20:15:29.382361" level="INFO">{'results': [{'gender': 'male', 'name': {'title': 'Mr', 'first': 'Blake', 'last': 'Williamson'}, 'location': {'street': {'number': 5453, 'name': 'Grafton Street'}, 'city': 'Carrick-on-Suir', 'state': 'South Dublin', 'country': 'Ireland', 'postcode': 65726, 'coordinates': {'latitude': '0.6124', 'longitude': '-112.0732'}, 'timezone': {'offset': '-3:30', 'description': 'Newfoundland'}}, 'email': 'blake.williamson@example.com', 'login': {'uuid': '1f4832d9-20b1-4056-8d6e-4b17ee3a663c', 'username': 'happywolf358', 'password': 'spliff', 'salt': 'jaRgbxyY', 'md5': '3091ecfdf44b231fe6216a78b40f0dcd', 'sha1': '24a644b322501b8dd183cda74304ad5d5e7e494b', 'sha256': '7084378c83ef9c5f649cf040c164ab1eba9b0635ffad36bce946417428515bdb'}, 'dob': {'date': '1985-11-15T11:27:51.071Z', 'age': 38}, 'registered': {'date': '2004-01-18T20:23:30.790Z', 'age': 20}, 'phone': '071-826-4427', 'cell': '081-995-7900', 'id': {'name': 'PPS', 'value': '6717747T'}, 'picture': {'large': 'https://randomuser.me/api/portraits/men/49.jpg', 'medium': 'https://randomuser.me/api/portraits/med/men/49.jpg', 'thumbnail': 'https://randomuser.me/api/portraits/thumb/men/49.jpg'}, 'nat': 'IE'}], 'info': {'seed': '8f350ed60f2fe68d', 'results': 1, 'page': 1, 'version': '1.4'}}</msg>
<arg>${json_data}</arg>
<doc>Logs the given message with the given level.</doc>
<status status="PASS" start="2024-05-02T20:15:29.382207" elapsed="0.000236"/>
</kw>
<kw name="Should Be Equal As Numbers" owner="BuiltIn">
<arg>${json_data['results'][0]['location']['postcode']}</arg>
<arg>${json_data['results'][0]['location']['postcode']}</arg>
<doc>Fails if objects are unequal after converting them to real numbers.</doc>
<status status="PASS" start="2024-05-02T20:15:29.382934" elapsed="0.000628"/>
</kw>
<kw name="Log" owner="BuiltIn">
<msg time="2024-05-02T20:15:29.384154" level="INFO">65726</msg>
<arg>${json_data['results'][0]['location']['postcode']}</arg>
<doc>Logs the given message with the given level.</doc>
<status status="PASS" start="2024-05-02T20:15:29.383792" elapsed="0.000402"/>
</kw>
<status status="PASS" start="2024-05-02T20:15:29.294156" elapsed="0.090295"/>
</kw>
<doc>Testa se os tipos de dados na resposta da API estão corretos.</doc>
<tag>testeTiposDados</tag>
<status status="PASS" start="2024-05-02T20:15:29.200464" elapsed="0.184157"/>
</test>
<test id="s1-s1-t5" name="Validar conteudo" line="35">
<kw name="Teste de Tipos de Conteudo" owner="random-user-service">
<kw name="GET On Session" owner="RequestsLibrary">
<msg time="2024-05-02T20:15:29.484023" level="INFO">GET Request : url=https://randomuser.me/api 
 path_url=/api 
 headers={'User-Agent': 'python-requests/2.31.0', 'Accept-Encoding': 'gzip, deflate', 'Accept': '*/*', 'Connection': 'keep-alive'} 
 body=None 
 </msg>
<msg time="2024-05-02T20:15:29.484129" level="INFO">GET Response : url=https://randomuser.me/api 
 status=200, reason=OK 
 headers={'Date': 'Thu, 02 May 2024 20:15:29 GMT', 'Content-Type': 'application/json; charset=utf-8', 'Transfer-Encoding': 'chunked', 'Connection': 'keep-alive', 'X-Powered-By': 'Express', 'Access-Control-Allow-Origin': '*', 'Cache-Control': 'no-cache', 'ETag': 'W/"495-HQpSIz4LTi/N/jkLOZF8p7enjZ8"', 'Vary': 'Accept-Encoding', 'Content-Encoding': 'gzip', 'CF-Cache-Status': 'DYNAMIC', 'Report-To': '{"endpoints":[{"url":"https:\\/\\/a.nel.cloudflare.com\\/report\\/v4?s=h43MJeZW57aFimUlZkF0Io6THVSvBsMJ5hzBBbAsSqmMo7hdtN6MkwhFikE3nXfwKJtztXROW%2FYxmwSk1suirhj%2BWUfEMEvxKzRR6BGvwUADYL03RzSkX7rhUvchLone"}],"group":"cf-nel","max_age":604800}', 'NEL': '{"success_fraction":0,"report_to":"cf-nel","max_age":604800}', 'Server': 'cloudflare', 'CF-RAY': '87daaf00ab622f19-IAD', 'alt-svc': 'h3=":443"; ma=86400'} 
 body={"results":[{"gender":"female","name":{"title":"Mrs","first":"Sandra","last":"Henríquez"},"location":{"street":{"number":7019,"name":"Calle Valle"},"city":"San Luis Tecuahutitlán","state":"Guanajuato","country":"Mexico","postcode":32684,"coordinates":{"latitude":"29.3995","longitude":"151.0357"},"timezone":{"offset":"+4:30","description":"Kabul"}},"email":"sandra.henriquez@example.com","login":{"uuid":"e66ab3b5-402d-4f4b-8f74-46c6aaed18fb","username":"crazyelephant452","password":"hola","salt":"dk28sRG9","md5":"e15f09e518788736039f58b976b9d4c8","sha1":"597b4747a14e7f65dfb1924e18c46a27cfe7484f","sha256":"9697204733407a33d90eff36b2ab39d48c6e9c8356a0e7557fb85c3c62f4277e"},"dob":{"date":"1988-02-15T03:01:58.350Z","age":36},"registered":{"date":"2010-07-24T07:52:35.759Z","age":13},"phone":"(669) 815 9719","cell":"(693) 527 0145","id":{"name":"NSS","value":"53 64 54 4322 3"},"picture":{"large":"https://randomuser.me/api/portraits/women/62.jpg","medium":"https://randomuser.me/api/portraits/med/women/62.jpg","thumbnail":"https://randomuser.me/api/portraits/thumb/women/62.jpg"},"nat":"MX"}],"info":{"seed":"c063a762354c645e","results":1,"page":1,"version":"1.4"}} 
 </msg>
<msg time="2024-05-02T20:15:29.484201" level="INFO">/opt/hostedtoolcache/Python/3.12.3/x64/lib/python3.12/site-packages/urllib3/connectionpool.py:1103: InsecureRequestWarning: Unverified HTTPS request is being made to host 'randomuser.me'. Adding certificate verification is strongly advised. See: https://urllib3.readthedocs.io/en/latest/advanced-usage.html#tls-warnings
  warnings.warn(</msg>
<msg time="2024-05-02T20:15:29.484317" level="INFO">${response} = &lt;Response [200]&gt;</msg>
<var>${response}</var>
<arg>consultarAPI</arg>
<arg>/api</arg>
<doc>Sends a GET request on a previously created HTTP Session.</doc>
<status status="PASS" start="2024-05-02T20:15:29.387122" elapsed="0.097234"/>
</kw>
<kw name="Set Variable" owner="BuiltIn">
<msg time="2024-05-02T20:15:29.485384" level="INFO">${json_data} = {'results': [{'gender': 'female', 'name': {'title': 'Mrs', 'first': 'Sandra', 'last': 'Henríquez'}, 'location': {'street': {'number': 7019, 'name': 'Calle Valle'}, 'city': 'San Luis Tecuahutitlán', 's...</msg>
<var>${json_data}</var>
<arg>${response.json()}</arg>
<doc>Returns the given values which can then be assigned to a variables.</doc>
<status status="PASS" start="2024-05-02T20:15:29.484871" elapsed="0.000542"/>
</kw>
<kw name="Set Variable" owner="BuiltIn">
<msg time="2024-05-02T20:15:29.486106" level="INFO">${name_title} = Mrs</msg>
<var>${name_title}</var>
<arg>${json_data["results"][0]["name"]["title"]}</arg>
<doc>Returns the given values which can then be assigned to a variables.</doc>
<status status="PASS" start="2024-05-02T20:15:29.485718" elapsed="0.000413"/>
</kw>
<kw name="Create List" owner="BuiltIn">
<msg time="2024-05-02T20:15:29.486586" level="INFO">${allowed_titles} = ['Mr', 'Ms', 'Miss', 'Mrs', 'Madame', 'Monsieur']</msg>
<var>${allowed_titles}</var>
<arg>Mr</arg>
<arg>Ms</arg>
<arg>Miss</arg>
<arg>Mrs</arg>
<arg>Madame</arg>
<arg>Monsieur</arg>
<doc>Returns a list containing given items.</doc>
<status status="PASS" start="2024-05-02T20:15:29.486428" elapsed="0.000182"/>
</kw>
<kw name="List Should Contain Value" owner="Collections">
<msg time="2024-05-02T20:15:29.487081" level="INFO">False</msg>
<arg>${allowed_titles}</arg>
<arg>${name_title}</arg>
<doc>Fails if the ``value`` is not found from ``list``.</doc>
<status status="PASS" start="2024-05-02T20:15:29.486908" elapsed="0.000208"/>
</kw>
<kw name="Set Variable" owner="BuiltIn">
<msg time="2024-05-02T20:15:29.487849" level="INFO">${name_country} = MX</msg>
<var>${name_country}</var>
<arg>${json_data["results"][0]["nat"]}</arg>
<doc>Returns the given values which can then be assigned to a variables.</doc>
<status status="PASS" start="2024-05-02T20:15:29.487409" elapsed="0.000466"/>
</kw>
<kw name="Create List" owner="BuiltIn">
<msg time="2024-05-02T20:15:29.488772" level="INFO">${list_country} = ['AD', 'AE', 'AF', 'AG', 'AI', 'AL', 'AM', 'AO', 'AQ', 'AR', 'AS', 'AT', 'AU', 'AW', 'AX', 'AZ', 'BA', 'BB', 'BD', 'BE', 'BF', 'BG', 'BH', 'BI', 'BJ', 'BL', 'BM', 'BN', 'BO', 'BQ', 'BR', 'BS', 'BT', '...</msg>
<var>${list_country}</var>
<arg>AD</arg>
<arg>AE</arg>
<arg>AF</arg>
<arg>AG</arg>
<arg>AI</arg>
<arg>AL</arg>
<arg>AM</arg>
<arg>AO</arg>
<arg>AQ</arg>
<arg>AR</arg>
<arg>AS</arg>
<arg>AT</arg>
<arg>AU</arg>
<arg>AW</arg>
<arg>AX</arg>
<arg>AZ</arg>
<arg>BA</arg>
<arg>BB</arg>
<arg>BD</arg>
<arg>BE</arg>
<arg>BF</arg>
<arg>BG</arg>
<arg>BH</arg>
<arg>BI</arg>
<arg>BJ</arg>
<arg>BL</arg>
<arg>BM</arg>
<arg>BN</arg>
<arg>BO</arg>
<arg>BQ</arg>
<arg>BR</arg>
<arg>BS</arg>
<arg>BT</arg>
<arg>BV</arg>
<arg>BW</arg>
<arg>BY</arg>
<arg>BZ</arg>
<arg>CA</arg>
<arg>CC</arg>
<arg>CD</arg>
<arg>CF</arg>
<arg>CG</arg>
<arg>CH</arg>
<arg>CI</arg>
<arg>CK</arg>
<arg>CL</arg>
<arg>CM</arg>
<arg>CN</arg>
<arg>CO</arg>
<arg>CR</arg>
<arg>CU</arg>
<arg>CV</arg>
<arg>CW</arg>
<arg>CX</arg>
<arg>CY</arg>
<arg>CZ</arg>
<arg>DE</arg>
<arg>DJ</arg>
<arg>DK</arg>
<arg>DM</arg>
<arg>DO</arg>
<arg>DZ</arg>
<arg>EC</arg>
<arg>EE</arg>
<arg>EG</arg>
<arg>EH</arg>
<arg>ER</arg>
<arg>ES</arg>
<arg>ET</arg>
<arg>FI</arg>
<arg>FJ</arg>
<arg>FK</arg>
<arg>FM</arg>
<arg>FO</arg>
<arg>FR</arg>
<arg>GA</arg>
<arg>GB</arg>
<arg>GD</arg>
<arg>GE</arg>
<arg>GF</arg>
<arg>GG</arg>
<arg>GH</arg>
<arg>GI</arg>
<arg>GL</arg>
<arg>GM</arg>
<arg>GN</arg>
<arg>GP</arg>
<arg>GQ</arg>
<arg>GR</arg>
<arg>GS</arg>
<arg>GT</arg>
<arg>GU</arg>
<arg>GW</arg>
<arg>GY</arg>
<arg>HK</arg>
<arg>HM</arg>
<arg>HN</arg>
<arg>HR</arg>
<arg>HT</arg>
<arg>HU</arg>
<arg>ID</arg>
<arg>IE</arg>
<arg>IL</arg>
<arg>IM</arg>
<arg>IN</arg>
<arg>IO</arg>
<arg>IQ</arg>
<arg>IR</arg>
<arg>IS</arg>
<arg>IT</arg>
<arg>JE</arg>
<arg>JM</arg>
<arg>JO</arg>
<arg>JP</arg>
<arg>KE</arg>
<arg>KG</arg>
<arg>KH</arg>
<arg>KI</arg>
<arg>KM</arg>
<arg>KN</arg>
<arg>KP</arg>
<arg>KR</arg>
<arg>KW</arg>
<arg>KY</arg>
<arg>KZ</arg>
<arg>LA</arg>
<arg>LB</arg>
<arg>LC</arg>
<arg>LI</arg>
<arg>LK</arg>
<arg>LR</arg>
<arg>LS</arg>
<arg>LT</arg>
<arg>LU</arg>
<arg>LV</arg>
<arg>LY</arg>
<arg>MA</arg>
<arg>MC</arg>
<arg>MD</arg>
<arg>ME</arg>
<arg>MF</arg>
<arg>MG</arg>
<arg>MH</arg>
<arg>MK</arg>
<arg>ML</arg>
<arg>MM</arg>
<arg>MN</arg>
<arg>MO</arg>
<arg>MP</arg>
<arg>MQ</arg>
<arg>MR</arg>
<arg>MS</arg>
<arg>MT</arg>
<arg>MU</arg>
<arg>MV</arg>
<arg>MW</arg>
<arg>MX</arg>
<arg>MY</arg>
<arg>MZ</arg>
<arg>NA</arg>
<arg>NC</arg>
<arg>NE</arg>
<arg>NF</arg>
<arg>NG</arg>
<arg>NI</arg>
<arg>NL</arg>
<arg>NO</arg>
<arg>NP</arg>
<arg>NR</arg>
<arg>NU</arg>
<arg>NZ</arg>
<arg>OM</arg>
<arg>PA</arg>
<arg>PE</arg>
<arg>PF</arg>
<arg>PG</arg>
<arg>PH</arg>
<arg>PK</arg>
<arg>PL</arg>
<arg>PM</arg>
<arg>PN</arg>
<arg>PR</arg>
<arg>PS</arg>
<arg>PT</arg>
<arg>PW</arg>
<arg>PY</arg>
<arg>QA</arg>
<arg>RE</arg>
<arg>RO</arg>
<arg>RS</arg>
<arg>RU</arg>
<arg>RW</arg>
<arg>SA</arg>
<arg>SB</arg>
<arg>SC</arg>
<arg>SD</arg>
<arg>SE</arg>
<arg>SG</arg>
<arg>SH</arg>
<arg>SI</arg>
<arg>SJ</arg>
<arg>SK</arg>
<arg>SL</arg>
<arg>SM</arg>
<arg>SN</arg>
<arg>SO</arg>
<arg>SR</arg>
<arg>SS</arg>
<arg>ST</arg>
<arg>SV</arg>
<arg>SX</arg>
<arg>SY</arg>
<arg>SZ</arg>
<arg>TC</arg>
<arg>TD</arg>
<arg>TF</arg>
<arg>TG</arg>
<arg>TH</arg>
<arg>TJ</arg>
<arg>TK</arg>
<arg>TL</arg>
<arg>TM</arg>
<arg>TN</arg>
<arg>TO</arg>
<arg>TR</arg>
<arg>TT</arg>
<arg>TV</arg>
<arg>TW</arg>
<arg>TZ</arg>
<arg>UA</arg>
<arg>UG</arg>
<arg>UM</arg>
<arg>US</arg>
<arg>UY</arg>
<arg>UZ</arg>
<arg>VA</arg>
<arg>VC</arg>
<arg>VE</arg>
<arg>VG</arg>
<arg>VI</arg>
<arg>VN</arg>
<arg>VU</arg>
<arg>WF</arg>
<arg>WS</arg>
<arg>XK</arg>
<arg>YE</arg>
<arg>YT</arg>
<arg>ZA</arg>
<arg>ZM</arg>
<arg>ZW</arg>
<doc>Returns a list containing given items.</doc>
<status status="PASS" start="2024-05-02T20:15:29.488178" elapsed="0.000620"/>
</kw>
<kw name="List Should Contain Value" owner="Collections">
<msg time="2024-05-02T20:15:29.489784" level="INFO">False</msg>
<arg>${list_country}</arg>
<arg>${name_country}</arg>
<doc>Fails if the ``value`` is not found from ``list``.</doc>
<status status="PASS" start="2024-05-02T20:15:29.489586" elapsed="0.000235"/>
</kw>
<kw name="Run Keyword If" owner="BuiltIn">
<kw name="Should Be True" owner="BuiltIn">
<arg>${True}</arg>
<doc>Fails if the given condition is not true.</doc>
<status status="PASS" start="2024-05-02T20:15:29.490895" elapsed="0.000267"/>
</kw>
<arg>${json_data["results"][0]["location"]["coordinates"]["latitude"]} &gt;= -90 and ${json_data["results"][0]["location"]["coordinates"]["latitude"]} &lt;= 90</arg>
<arg>Should Be True</arg>
<arg>${True}</arg>
<doc>Runs the given keyword with the given arguments, if ``condition`` is true.</doc>
<status status="PASS" start="2024-05-02T20:15:29.490134" elapsed="0.001163"/>
</kw>
<kw name="Run Keyword If" owner="BuiltIn">
<kw name="Should Be True" owner="BuiltIn">
<arg>${True}</arg>
<doc>Fails if the given condition is not true.</doc>
<status status="PASS" start="2024-05-02T20:15:29.492220" elapsed="0.000138"/>
</kw>
<arg>${json_data["results"][0]["location"]["coordinates"]["longitude"]} &gt;= -180 and ${json_data["results"][0]["location"]["coordinates"]["longitude"]} &lt;= 180</arg>
<arg>Should Be True</arg>
<arg>${True}</arg>
<doc>Runs the given keyword with the given arguments, if ``condition`` is true.</doc>
<status status="PASS" start="2024-05-02T20:15:29.491485" elapsed="0.000996"/>
</kw>
<status status="PASS" start="2024-05-02T20:15:29.386893" elapsed="0.105718"/>
</kw>
<doc>Testa o conteúdo específico dos campos retornados pela API.</doc>
<tag>testeConteudo</tag>
<status status="PASS" start="2024-05-02T20:15:29.386422" elapsed="0.106341"/>
</test>
<status status="PASS" start="2024-05-02T20:15:28.527306" elapsed="0.967443"/>
</suite>
<status status="PASS" start="2024-05-02T20:15:28.513702" elapsed="0.986145"/>
</suite>
<statistics>
<total>
<stat pass="5" fail="0" skip="0">All Tests</stat>
</total>
<tag>
<stat pass="1" fail="0" skip="0">testeConteudo</stat>
<stat pass="1" fail="0" skip="0">testeEstruturaResposta</stat>
<stat pass="1" fail="0" skip="0">testeRequisicaoBasica</stat>
<stat pass="1" fail="0" skip="0">testeTiposDados</stat>
</tag>
<suite>
<stat pass="5" fail="0" skip="0" id="s1" name="Tests">Tests</stat>
<stat pass="5" fail="0" skip="0" id="s1-s1" name="Random-User-Test">Tests.Random-User-Test</stat>
</suite>
</statistics>
<errors>
</errors>
</robot>
