<?xml version="1.0" encoding="UTF-8"?>
<robot generator="Robot 7.0.1 (Python 3.12.4 on linux)" generated="2024-07-08T07:15:20.581860" rpa="false" schemaversion="5">
<suite id="s1" name="Tests" source="/home/runner/work/ApiRandomUser/ApiRandomUser/RamdonUser/tests">
<suite id="s1-s1" name="Random-User-Test" source="/home/runner/work/ApiRandomUser/ApiRandomUser/RamdonUser/tests/random-user-test.robot">
<test id="s1-s1-t1" name="Conectar" line="13">
<kw name="Conectar API" owner="random-user-service">
<kw name="Create Session" owner="RequestsLibrary">
<msg time="2024-07-08T07:15:20.987828" level="INFO">Creating Session using : alias=consultarAPI, url=https://randomuser.me/, headers={},                     cookies={}, auth=None, timeout=None, proxies=None, verify=False,                     debug=0 </msg>
<arg>consultarAPI</arg>
<arg>${URL}</arg>
<doc>Create Session: create a HTTP session to a server</doc>
<status status="PASS" start="2024-07-08T07:15:20.987619" elapsed="0.000396"/>
</kw>
<status status="PASS" start="2024-07-08T07:15:20.986620" elapsed="0.001766"/>
</kw>
<status status="PASS" start="2024-07-08T07:15:20.986036" elapsed="0.002546"/>
</test>
<test id="s1-s1-t2" name="Validar retorno 200 e JSON Válido" line="16">
<kw name="Teste de Requisicao Basica" owner="random-user-service">
<kw name="GET On Session" owner="RequestsLibrary">
<msg time="2024-07-08T07:15:21.162135" level="INFO">GET Request : url=https://randomuser.me/api 
 path_url=/api 
 headers={'User-Agent': 'python-requests/2.32.3', 'Accept-Encoding': 'gzip, deflate', 'Accept': '*/*', 'Connection': 'keep-alive'} 
 body=None 
 </msg>
<msg time="2024-07-08T07:15:21.162290" level="INFO">GET Response : url=https://randomuser.me/api 
 status=200, reason=OK 
 headers={'Date': 'Mon, 08 Jul 2024 07:15:21 GMT', 'Content-Type': 'application/json; charset=utf-8', 'Transfer-Encoding': 'chunked', 'Connection': 'keep-alive', 'X-Powered-By': 'Express', 'Access-Control-Allow-Origin': '*', 'Cache-Control': 'no-cache', 'ETag': 'W/"4a9-S2JvjpckUZR/UrUmlupWii/dIRU"', 'Vary': 'Accept-Encoding', 'Content-Encoding': 'gzip', 'CF-Cache-Status': 'DYNAMIC', 'Report-To': '{"endpoints":[{"url":"https:\\/\\/a.nel.cloudflare.com\\/report\\/v4?s=PI87X2pBaYxWMiR2H%2FZKwoOmCa85%2FdQ2vrf9UBI6Uar0i3Qmx%2FnpK7aa1U8a4DWPqLZu0WYyD3ZvnrU7AsVyZMqKZ%2BgOPT6GjbJ2jFnvj%2F0i3%2FYgQa0Q7hfbt%2F2CO1cL"}],"group":"cf-nel","max_age":604800}', 'NEL': '{"success_fraction":0,"report_to":"cf-nel","max_age":604800}', 'Server': 'cloudflare', 'CF-RAY': '89fe48590ba83916-IAD', 'alt-svc': 'h3=":443"; ma=86400'} 
 body={"results":[{"gender":"male","name":{"title":"Mr","first":"Romain","last":"Brunet"},"location":{"street":{"number":144,"name":"Rue du Dauphiné"},"city":"Clermont-Ferrand","state":"Essonne","country":"France","postcode":96896,"coordinates":{"latitude":"-20.7548","longitude":"-28.6595"},"timezone":{"offset":"+11:00","description":"Magadan, Solomon Islands, New Caledonia"}},"email":"romain.brunet@example.com","login":{"uuid":"d1f0c44f-525e-4e84-8798-be2af8199356","username":"organicleopard758","password":"jacob1","salt":"vku34Fqb","md5":"ad70f589b5c2df127909674dc2c541ff","sha1":"59cbb147e86588830b3635b4922ec73ac4d3679e","sha256":"3a52e0cc8740454f49add513b5d442ba25cf6dbdb13534b3a0f5807d180628be"},"dob":{"date":"1994-12-25T13:37:09.774Z","age":29},"registered":{"date":"2005-05-31T08:55:13.047Z","age":19},"phone":"05-51-66-23-46","cell":"06-65-46-17-15","id":{"name":"INSEE","value":"1941187020886 27"},"picture":{"large":"https://randomuser.me/api/portraits/men/66.jpg","medium":"https://randomuser.me/api/portraits/med/men/66.jpg","thumbnail":"https://randomuser.me/api/portraits/thumb/men/66.jpg"},"nat":"FR"}],"info":{"seed":"5de9e6aab3ead04d","results":1,"page":1,"version":"1.4"}} 
 </msg>
<msg time="2024-07-08T07:15:21.162383" level="INFO">/opt/hostedtoolcache/Python/3.12.4/x64/lib/python3.12/site-packages/urllib3/connectionpool.py:1099: InsecureRequestWarning: Unverified HTTPS request is being made to host 'randomuser.me'. Adding certificate verification is strongly advised. See: https://urllib3.readthedocs.io/en/latest/advanced-usage.html#tls-warnings
  warnings.warn(</msg>
<msg time="2024-07-08T07:15:21.162535" level="INFO">${response} = &lt;Response [200]&gt;</msg>
<var>${response}</var>
<arg>consultarAPI</arg>
<arg>/api</arg>
<doc>Sends a GET request on a previously created HTTP Session.</doc>
<status status="PASS" start="2024-07-08T07:15:20.991484" elapsed="0.171093"/>
</kw>
<kw name="Should Be Equal As Numbers" owner="BuiltIn">
<msg time="2024-07-08T07:15:21.163611" level="INFO">Argument types are:
&lt;class 'int'&gt;
&lt;class 'str'&gt;</msg>
<arg>${response.status_code}</arg>
<arg>200</arg>
<doc>Fails if objects are unequal after converting them to real numbers.</doc>
<status status="PASS" start="2024-07-08T07:15:21.163146" elapsed="0.000532"/>
</kw>
<kw name="Log" owner="BuiltIn">
<msg time="2024-07-08T07:15:21.164351" level="INFO">200</msg>
<arg>${response.status_code}</arg>
<doc>Logs the given message with the given level.</doc>
<status status="PASS" start="2024-07-08T07:15:21.164001" elapsed="0.000393"/>
</kw>
<kw name="Set Variable" owner="BuiltIn">
<msg time="2024-07-08T07:15:21.165149" level="INFO">${json_data} = {'results': [{'gender': 'male', 'name': {'title': 'Mr', 'first': 'Romain', 'last': 'Brunet'}, 'location': {'street': {'number': 144, 'name': 'Rue du Dauphiné'}, 'city': 'Clermont-Ferrand', 'state': 'E...</msg>
<var>${json_data}</var>
<arg>${response.json()}</arg>
<doc>Returns the given values which can then be assigned to a variables.</doc>
<status status="PASS" start="2024-07-08T07:15:21.164700" elapsed="0.000503"/>
</kw>
<kw name="Dictionary Should Contain Key" owner="Collections">
<arg>${json_data}</arg>
<arg>results</arg>
<doc>Fails if ``key`` is not found from ``dictionary``.</doc>
<status status="PASS" start="2024-07-08T07:15:21.165518" elapsed="0.000163"/>
</kw>
<status status="PASS" start="2024-07-08T07:15:20.991217" elapsed="0.174617"/>
</kw>
<doc>Testa se a API responde corretamente e retorna um objeto JSON válido.</doc>
<tag>testeRequisicaoBasica</tag>
<status status="PASS" start="2024-07-08T07:15:20.990634" elapsed="0.175377"/>
</test>
<test id="s1-s1-t3" name="Validar estrutura de resposta" line="22">
<kw name="Teste de Estrutura de Resposta" owner="random-user-service">
<kw name="GET On Session" owner="RequestsLibrary">
<msg time="2024-07-08T07:15:21.270443" level="INFO">GET Request : url=https://randomuser.me/api 
 path_url=/api 
 headers={'User-Agent': 'python-requests/2.32.3', 'Accept-Encoding': 'gzip, deflate', 'Accept': '*/*', 'Connection': 'keep-alive'} 
 body=None 
 </msg>
<msg time="2024-07-08T07:15:21.270549" level="INFO">GET Response : url=https://randomuser.me/api 
 status=200, reason=OK 
 headers={'Date': 'Mon, 08 Jul 2024 07:15:21 GMT', 'Content-Type': 'application/json; charset=utf-8', 'Transfer-Encoding': 'chunked', 'Connection': 'keep-alive', 'X-Powered-By': 'Express', 'Access-Control-Allow-Origin': '*', 'Cache-Control': 'no-cache', 'ETag': 'W/"463-UXGZejCec2DdlvNz4tzttlQqyB4"', 'Vary': 'Accept-Encoding', 'Content-Encoding': 'gzip', 'CF-Cache-Status': 'DYNAMIC', 'Report-To': '{"endpoints":[{"url":"https:\\/\\/a.nel.cloudflare.com\\/report\\/v4?s=8dmVfgqhf42rio7tx%2FEY85clFJ9q6tIlU6rWMvd65kHbVXX4aikWr%2BM69eEutDdsypeUkcVlBP2D4r%2BGAOWYJd%2BDqbbVaWbSM30UBYdze7y%2BviTHqPOeA82isblftT5o"}],"group":"cf-nel","max_age":604800}', 'NEL': '{"success_fraction":0,"report_to":"cf-nel","max_age":604800}', 'Server': 'cloudflare', 'CF-RAY': '89fe48594be53916-IAD', 'alt-svc': 'h3=":443"; ma=86400'} 
 body={"results":[{"gender":"male","name":{"title":"Mr","first":"Onur","last":"Ozansoy"},"location":{"street":{"number":4356,"name":"Filistin Cd"},"city":"Tekirdağ","state":"Kayseri","country":"Turkey","postcode":71018,"coordinates":{"latitude":"66.2370","longitude":"-21.3657"},"timezone":{"offset":"-9:00","description":"Alaska"}},"email":"onur.ozansoy@example.com","login":{"uuid":"da169b7a-b7b6-4808-8536-edd27dad495a","username":"browngorilla892","password":"forgot","salt":"REUzHaHb","md5":"22e36e49bcf65e059d8adf5590786f0f","sha1":"8963d12fe01fae5dd8a62b97757ab31bc8ac9119","sha256":"c7e51b8bd0bfab61b5fe9753dbe337c8f21f5c07d7ee36d60bbc4d1415fbde32"},"dob":{"date":"1994-01-16T09:51:09.842Z","age":30},"registered":{"date":"2019-04-21T16:57:27.635Z","age":5},"phone":"(486)-825-3665","cell":"(823)-527-7761","id":{"name":"","value":null},"picture":{"large":"https://randomuser.me/api/portraits/men/13.jpg","medium":"https://randomuser.me/api/portraits/med/men/13.jpg","thumbnail":"https://randomuser.me/api/portraits/thumb/men/13.jpg"},"nat":"TR"}],"info":{"seed":"56fd7ca87646dcb4","results":1,"page":1,"version":"1.4"}} 
 </msg>
<msg time="2024-07-08T07:15:21.270680" level="INFO">/opt/hostedtoolcache/Python/3.12.4/x64/lib/python3.12/site-packages/urllib3/connectionpool.py:1099: InsecureRequestWarning: Unverified HTTPS request is being made to host 'randomuser.me'. Adding certificate verification is strongly advised. See: https://urllib3.readthedocs.io/en/latest/advanced-usage.html#tls-warnings
  warnings.warn(</msg>
<msg time="2024-07-08T07:15:21.270815" level="INFO">${response} = &lt;Response [200]&gt;</msg>
<var>${response}</var>
<arg>consultarAPI</arg>
<arg>/api</arg>
<doc>Sends a GET request on a previously created HTTP Session.</doc>
<status status="PASS" start="2024-07-08T07:15:21.168639" elapsed="0.102217"/>
</kw>
<kw name="Set Variable" owner="BuiltIn">
<msg time="2024-07-08T07:15:21.271918" level="INFO">${json_data} = {'results': [{'gender': 'male', 'name': {'title': 'Mr', 'first': 'Onur', 'last': 'Ozansoy'}, 'location': {'street': {'number': 4356, 'name': 'Filistin Cd'}, 'city': 'Tekirdağ', 'state': 'Kayseri', 'co...</msg>
<var>${json_data}</var>
<arg>${response.json()}</arg>
<doc>Returns the given values which can then be assigned to a variables.</doc>
<status status="PASS" start="2024-07-08T07:15:21.271377" elapsed="0.000572"/>
</kw>
<kw name="Log" owner="BuiltIn">
<msg time="2024-07-08T07:15:21.272427" level="INFO">{'results': [{'gender': 'male', 'name': {'title': 'Mr', 'first': 'Onur', 'last': 'Ozansoy'}, 'location': {'street': {'number': 4356, 'name': 'Filistin Cd'}, 'city': 'Tekirdağ', 'state': 'Kayseri', 'country': 'Turkey', 'postcode': 71018, 'coordinates': {'latitude': '66.2370', 'longitude': '-21.3657'}, 'timezone': {'offset': '-9:00', 'description': 'Alaska'}}, 'email': 'onur.ozansoy@example.com', 'login': {'uuid': 'da169b7a-b7b6-4808-8536-edd27dad495a', 'username': 'browngorilla892', 'password': 'forgot', 'salt': 'REUzHaHb', 'md5': '22e36e49bcf65e059d8adf5590786f0f', 'sha1': '8963d12fe01fae5dd8a62b97757ab31bc8ac9119', 'sha256': 'c7e51b8bd0bfab61b5fe9753dbe337c8f21f5c07d7ee36d60bbc4d1415fbde32'}, 'dob': {'date': '1994-01-16T09:51:09.842Z', 'age': 30}, 'registered': {'date': '2019-04-21T16:57:27.635Z', 'age': 5}, 'phone': '(486)-825-3665', 'cell': '(823)-527-7761', 'id': {'name': '', 'value': None}, 'picture': {'large': 'https://randomuser.me/api/portraits/men/13.jpg', 'medium': 'https://randomuser.me/api/portraits/med/men/13.jpg', 'thumbnail': 'https://randomuser.me/api/portraits/thumb/men/13.jpg'}, 'nat': 'TR'}], 'info': {'seed': '56fd7ca87646dcb4', 'results': 1, 'page': 1, 'version': '1.4'}}</msg>
<arg>${json_data}</arg>
<doc>Logs the given message with the given level.</doc>
<status status="PASS" start="2024-07-08T07:15:21.272265" elapsed="0.000213"/>
</kw>
<kw name="Dictionary Should Contain Key" owner="Collections">
<arg>${json_data}</arg>
<arg>results</arg>
<doc>Fails if ``key`` is not found from ``dictionary``.</doc>
<status status="PASS" start="2024-07-08T07:15:21.272774" elapsed="0.000158"/>
</kw>
<kw name="Should Not Be Empty" owner="BuiltIn">
<msg time="2024-07-08T07:15:21.273302" level="INFO">Length is 2.</msg>
<arg>${json_data}</arg>
<doc>Verifies that the given item is not empty.</doc>
<status status="PASS" start="2024-07-08T07:15:21.273119" elapsed="0.000224"/>
</kw>
<kw name="Create List" owner="BuiltIn">
<msg time="2024-07-08T07:15:21.273974" level="INFO">${expected_keys} = ['gender', 'name', 'location', 'email', 'login']</msg>
<var>${expected_keys}</var>
<arg>gender</arg>
<arg>name</arg>
<arg>location</arg>
<arg>email</arg>
<arg>login</arg>
<doc>Returns a list containing given items.</doc>
<status status="PASS" start="2024-07-08T07:15:21.273646" elapsed="0.000354"/>
</kw>
<for flavor="IN">
<iter>
<kw name="Dictionary Should Contain Key" owner="Collections">
<arg>${json_data['results'][0]}</arg>
<arg>${key}</arg>
<doc>Fails if ``key`` is not found from ``dictionary``.</doc>
<status status="PASS" start="2024-07-08T07:15:21.274593" elapsed="0.000408"/>
</kw>
<kw name="Log" owner="BuiltIn">
<msg time="2024-07-08T07:15:21.275556" level="INFO">{'gender': 'male', 'name': {'title': 'Mr', 'first': 'Onur', 'last': 'Ozansoy'}, 'location': {'street': {'number': 4356, 'name': 'Filistin Cd'}, 'city': 'Tekirdağ', 'state': 'Kayseri', 'country': 'Turkey', 'postcode': 71018, 'coordinates': {'latitude': '66.2370', 'longitude': '-21.3657'}, 'timezone': {'offset': '-9:00', 'description': 'Alaska'}}, 'email': 'onur.ozansoy@example.com', 'login': {'uuid': 'da169b7a-b7b6-4808-8536-edd27dad495a', 'username': 'browngorilla892', 'password': 'forgot', 'salt': 'REUzHaHb', 'md5': '22e36e49bcf65e059d8adf5590786f0f', 'sha1': '8963d12fe01fae5dd8a62b97757ab31bc8ac9119', 'sha256': 'c7e51b8bd0bfab61b5fe9753dbe337c8f21f5c07d7ee36d60bbc4d1415fbde32'}, 'dob': {'date': '1994-01-16T09:51:09.842Z', 'age': 30}, 'registered': {'date': '2019-04-21T16:57:27.635Z', 'age': 5}, 'phone': '(486)-825-3665', 'cell': '(823)-527-7761', 'id': {'name': '', 'value': None}, 'picture': {'large': 'https://randomuser.me/api/portraits/men/13.jpg', 'medium': 'https://randomuser.me/api/portraits/med/men/13.jpg', 'thumbnail': 'https://randomuser.me/api/portraits/thumb/men/13.jpg'}, 'nat': 'TR'}</msg>
<arg>${json_data['results'][0]}</arg>
<doc>Logs the given message with the given level.</doc>
<status status="PASS" start="2024-07-08T07:15:21.275187" elapsed="0.000423"/>
</kw>
<kw name="Log" owner="BuiltIn">
<msg time="2024-07-08T07:15:21.276038" level="INFO">gender</msg>
<arg>${key}</arg>
<doc>Logs the given message with the given level.</doc>
<status status="PASS" start="2024-07-08T07:15:21.275908" elapsed="0.000169"/>
</kw>
<var name="${key}">gender</var>
<status status="PASS" start="2024-07-08T07:15:21.274467" elapsed="0.001827"/>
</iter>
<iter>
<kw name="Dictionary Should Contain Key" owner="Collections">
<arg>${json_data['results'][0]}</arg>
<arg>${key}</arg>
<doc>Fails if ``key`` is not found from ``dictionary``.</doc>
<status status="PASS" start="2024-07-08T07:15:21.276596" elapsed="0.000388"/>
</kw>
<kw name="Log" owner="BuiltIn">
<msg time="2024-07-08T07:15:21.277563" level="INFO">{'gender': 'male', 'name': {'title': 'Mr', 'first': 'Onur', 'last': 'Ozansoy'}, 'location': {'street': {'number': 4356, 'name': 'Filistin Cd'}, 'city': 'Tekirdağ', 'state': 'Kayseri', 'country': 'Turkey', 'postcode': 71018, 'coordinates': {'latitude': '66.2370', 'longitude': '-21.3657'}, 'timezone': {'offset': '-9:00', 'description': 'Alaska'}}, 'email': 'onur.ozansoy@example.com', 'login': {'uuid': 'da169b7a-b7b6-4808-8536-edd27dad495a', 'username': 'browngorilla892', 'password': 'forgot', 'salt': 'REUzHaHb', 'md5': '22e36e49bcf65e059d8adf5590786f0f', 'sha1': '8963d12fe01fae5dd8a62b97757ab31bc8ac9119', 'sha256': 'c7e51b8bd0bfab61b5fe9753dbe337c8f21f5c07d7ee36d60bbc4d1415fbde32'}, 'dob': {'date': '1994-01-16T09:51:09.842Z', 'age': 30}, 'registered': {'date': '2019-04-21T16:57:27.635Z', 'age': 5}, 'phone': '(486)-825-3665', 'cell': '(823)-527-7761', 'id': {'name': '', 'value': None}, 'picture': {'large': 'https://randomuser.me/api/portraits/men/13.jpg', 'medium': 'https://randomuser.me/api/portraits/med/men/13.jpg', 'thumbnail': 'https://randomuser.me/api/portraits/thumb/men/13.jpg'}, 'nat': 'TR'}</msg>
<arg>${json_data['results'][0]}</arg>
<doc>Logs the given message with the given level.</doc>
<status status="PASS" start="2024-07-08T07:15:21.277166" elapsed="0.000482"/>
</kw>
<kw name="Log" owner="BuiltIn">
<msg time="2024-07-08T07:15:21.278083" level="INFO">name</msg>
<arg>${key}</arg>
<doc>Logs the given message with the given level.</doc>
<status status="PASS" start="2024-07-08T07:15:21.277955" elapsed="0.000166"/>
</kw>
<var name="${key}">name</var>
<status status="PASS" start="2024-07-08T07:15:21.276479" elapsed="0.001861"/>
</iter>
<iter>
<kw name="Dictionary Should Contain Key" owner="Collections">
<arg>${json_data['results'][0]}</arg>
<arg>${key}</arg>
<doc>Fails if ``key`` is not found from ``dictionary``.</doc>
<status status="PASS" start="2024-07-08T07:15:21.278627" elapsed="0.000389"/>
</kw>
<kw name="Log" owner="BuiltIn">
<msg time="2024-07-08T07:15:21.279572" level="INFO">{'gender': 'male', 'name': {'title': 'Mr', 'first': 'Onur', 'last': 'Ozansoy'}, 'location': {'street': {'number': 4356, 'name': 'Filistin Cd'}, 'city': 'Tekirdağ', 'state': 'Kayseri', 'country': 'Turkey', 'postcode': 71018, 'coordinates': {'latitude': '66.2370', 'longitude': '-21.3657'}, 'timezone': {'offset': '-9:00', 'description': 'Alaska'}}, 'email': 'onur.ozansoy@example.com', 'login': {'uuid': 'da169b7a-b7b6-4808-8536-edd27dad495a', 'username': 'browngorilla892', 'password': 'forgot', 'salt': 'REUzHaHb', 'md5': '22e36e49bcf65e059d8adf5590786f0f', 'sha1': '8963d12fe01fae5dd8a62b97757ab31bc8ac9119', 'sha256': 'c7e51b8bd0bfab61b5fe9753dbe337c8f21f5c07d7ee36d60bbc4d1415fbde32'}, 'dob': {'date': '1994-01-16T09:51:09.842Z', 'age': 30}, 'registered': {'date': '2019-04-21T16:57:27.635Z', 'age': 5}, 'phone': '(486)-825-3665', 'cell': '(823)-527-7761', 'id': {'name': '', 'value': None}, 'picture': {'large': 'https://randomuser.me/api/portraits/men/13.jpg', 'medium': 'https://randomuser.me/api/portraits/med/men/13.jpg', 'thumbnail': 'https://randomuser.me/api/portraits/thumb/men/13.jpg'}, 'nat': 'TR'}</msg>
<arg>${json_data['results'][0]}</arg>
<doc>Logs the given message with the given level.</doc>
<status status="PASS" start="2024-07-08T07:15:21.279200" elapsed="0.000427"/>
</kw>
<kw name="Log" owner="BuiltIn">
<msg time="2024-07-08T07:15:21.280060" level="INFO">location</msg>
<arg>${key}</arg>
<doc>Logs the given message with the given level.</doc>
<status status="PASS" start="2024-07-08T07:15:21.279931" elapsed="0.000168"/>
</kw>
<var name="${key}">location</var>
<status status="PASS" start="2024-07-08T07:15:21.278517" elapsed="0.001798"/>
</iter>
<iter>
<kw name="Dictionary Should Contain Key" owner="Collections">
<arg>${json_data['results'][0]}</arg>
<arg>${key}</arg>
<doc>Fails if ``key`` is not found from ``dictionary``.</doc>
<status status="PASS" start="2024-07-08T07:15:21.280608" elapsed="0.000395"/>
</kw>
<kw name="Log" owner="BuiltIn">
<msg time="2024-07-08T07:15:21.281571" level="INFO">{'gender': 'male', 'name': {'title': 'Mr', 'first': 'Onur', 'last': 'Ozansoy'}, 'location': {'street': {'number': 4356, 'name': 'Filistin Cd'}, 'city': 'Tekirdağ', 'state': 'Kayseri', 'country': 'Turkey', 'postcode': 71018, 'coordinates': {'latitude': '66.2370', 'longitude': '-21.3657'}, 'timezone': {'offset': '-9:00', 'description': 'Alaska'}}, 'email': 'onur.ozansoy@example.com', 'login': {'uuid': 'da169b7a-b7b6-4808-8536-edd27dad495a', 'username': 'browngorilla892', 'password': 'forgot', 'salt': 'REUzHaHb', 'md5': '22e36e49bcf65e059d8adf5590786f0f', 'sha1': '8963d12fe01fae5dd8a62b97757ab31bc8ac9119', 'sha256': 'c7e51b8bd0bfab61b5fe9753dbe337c8f21f5c07d7ee36d60bbc4d1415fbde32'}, 'dob': {'date': '1994-01-16T09:51:09.842Z', 'age': 30}, 'registered': {'date': '2019-04-21T16:57:27.635Z', 'age': 5}, 'phone': '(486)-825-3665', 'cell': '(823)-527-7761', 'id': {'name': '', 'value': None}, 'picture': {'large': 'https://randomuser.me/api/portraits/men/13.jpg', 'medium': 'https://randomuser.me/api/portraits/med/men/13.jpg', 'thumbnail': 'https://randomuser.me/api/portraits/thumb/men/13.jpg'}, 'nat': 'TR'}</msg>
<arg>${json_data['results'][0]}</arg>
<doc>Logs the given message with the given level.</doc>
<status status="PASS" start="2024-07-08T07:15:21.281209" elapsed="0.000414"/>
</kw>
<kw name="Log" owner="BuiltIn">
<msg time="2024-07-08T07:15:21.282044" level="INFO">email</msg>
<arg>${key}</arg>
<doc>Logs the given message with the given level.</doc>
<status status="PASS" start="2024-07-08T07:15:21.281917" elapsed="0.000167"/>
</kw>
<var name="${key}">email</var>
<status status="PASS" start="2024-07-08T07:15:21.280488" elapsed="0.001810"/>
</iter>
<iter>
<kw name="Dictionary Should Contain Key" owner="Collections">
<arg>${json_data['results'][0]}</arg>
<arg>${key}</arg>
<doc>Fails if ``key`` is not found from ``dictionary``.</doc>
<status status="PASS" start="2024-07-08T07:15:21.282592" elapsed="0.000390"/>
</kw>
<kw name="Log" owner="BuiltIn">
<msg time="2024-07-08T07:15:21.283531" level="INFO">{'gender': 'male', 'name': {'title': 'Mr', 'first': 'Onur', 'last': 'Ozansoy'}, 'location': {'street': {'number': 4356, 'name': 'Filistin Cd'}, 'city': 'Tekirdağ', 'state': 'Kayseri', 'country': 'Turkey', 'postcode': 71018, 'coordinates': {'latitude': '66.2370', 'longitude': '-21.3657'}, 'timezone': {'offset': '-9:00', 'description': 'Alaska'}}, 'email': 'onur.ozansoy@example.com', 'login': {'uuid': 'da169b7a-b7b6-4808-8536-edd27dad495a', 'username': 'browngorilla892', 'password': 'forgot', 'salt': 'REUzHaHb', 'md5': '22e36e49bcf65e059d8adf5590786f0f', 'sha1': '8963d12fe01fae5dd8a62b97757ab31bc8ac9119', 'sha256': 'c7e51b8bd0bfab61b5fe9753dbe337c8f21f5c07d7ee36d60bbc4d1415fbde32'}, 'dob': {'date': '1994-01-16T09:51:09.842Z', 'age': 30}, 'registered': {'date': '2019-04-21T16:57:27.635Z', 'age': 5}, 'phone': '(486)-825-3665', 'cell': '(823)-527-7761', 'id': {'name': '', 'value': None}, 'picture': {'large': 'https://randomuser.me/api/portraits/men/13.jpg', 'medium': 'https://randomuser.me/api/portraits/med/men/13.jpg', 'thumbnail': 'https://randomuser.me/api/portraits/thumb/men/13.jpg'}, 'nat': 'TR'}</msg>
<arg>${json_data['results'][0]}</arg>
<doc>Logs the given message with the given level.</doc>
<status status="PASS" start="2024-07-08T07:15:21.283166" elapsed="0.000416"/>
</kw>
<kw name="Log" owner="BuiltIn">
<msg time="2024-07-08T07:15:21.284013" level="INFO">login</msg>
<arg>${key}</arg>
<doc>Logs the given message with the given level.</doc>
<status status="PASS" start="2024-07-08T07:15:21.283887" elapsed="0.000163"/>
</kw>
<var name="${key}">login</var>
<status status="PASS" start="2024-07-08T07:15:21.282478" elapsed="0.001786"/>
</iter>
<var>${key}</var>
<value>@{expected_keys}</value>
<status status="PASS" start="2024-07-08T07:15:21.274269" elapsed="0.010115"/>
</for>
<kw name="Create List" owner="BuiltIn">
<msg time="2024-07-08T07:15:21.284715" level="INFO">${expected_keysTwo} = ['username', 'password']</msg>
<var>${expected_keysTwo}</var>
<arg>username</arg>
<arg>password</arg>
<doc>Returns a list containing given items.</doc>
<status status="PASS" start="2024-07-08T07:15:21.284575" elapsed="0.000165"/>
</kw>
<for flavor="IN">
<iter>
<kw name="Dictionary Should Contain Key" owner="Collections">
<arg>${json_data['results'][0]['login']}</arg>
<arg>${keyTwo}</arg>
<doc>Fails if ``key`` is not found from ``dictionary``.</doc>
<status status="PASS" start="2024-07-08T07:15:21.285311" elapsed="0.000393"/>
</kw>
<kw name="Dictionary Should Contain Key" owner="Collections">
<arg>${json_data['results'][0]['login']}</arg>
<arg>${keyTwo}</arg>
<doc>Fails if ``key`` is not found from ``dictionary``.</doc>
<status status="PASS" start="2024-07-08T07:15:21.285884" elapsed="0.000374"/>
</kw>
<kw name="Log" owner="BuiltIn">
<msg time="2024-07-08T07:15:21.286562" level="INFO">username</msg>
<arg>${keyTwo}</arg>
<doc>Logs the given message with the given level.</doc>
<status status="PASS" start="2024-07-08T07:15:21.286441" elapsed="0.000159"/>
</kw>
<var name="${keyTwo}">username</var>
<status status="PASS" start="2024-07-08T07:15:21.285165" elapsed="0.001658"/>
</iter>
<iter>
<kw name="Dictionary Should Contain Key" owner="Collections">
<arg>${json_data['results'][0]['login']}</arg>
<arg>${keyTwo}</arg>
<doc>Fails if ``key`` is not found from ``dictionary``.</doc>
<status status="PASS" start="2024-07-08T07:15:21.287104" elapsed="0.000383"/>
</kw>
<kw name="Dictionary Should Contain Key" owner="Collections">
<arg>${json_data['results'][0]['login']}</arg>
<arg>${keyTwo}</arg>
<doc>Fails if ``key`` is not found from ``dictionary``.</doc>
<status status="PASS" start="2024-07-08T07:15:21.287664" elapsed="0.000374"/>
</kw>
<kw name="Log" owner="BuiltIn">
<msg time="2024-07-08T07:15:21.288330" level="INFO">password</msg>
<arg>${keyTwo}</arg>
<doc>Logs the given message with the given level.</doc>
<status status="PASS" start="2024-07-08T07:15:21.288213" elapsed="0.000157"/>
</kw>
<var name="${keyTwo}">password</var>
<status status="PASS" start="2024-07-08T07:15:21.286997" elapsed="0.001686"/>
</iter>
<var>${keyTwo}</var>
<value>@{expected_keysTwo}</value>
<status status="PASS" start="2024-07-08T07:15:21.285010" elapsed="0.003795"/>
</for>
<status status="PASS" start="2024-07-08T07:15:21.168405" elapsed="0.120544"/>
</kw>
<doc>Testa a estrutura da resposta da API.</doc>
<tag>testeEstruturaResposta</tag>
<status status="PASS" start="2024-07-08T07:15:21.167869" elapsed="0.121234"/>
</test>
<test id="s1-s1-t4" name="Validar tipos de dados" line="28">
<kw name="Teste de Tipos de Dados" owner="random-user-service">
<kw name="GET On Session" owner="RequestsLibrary">
<msg time="2024-07-08T07:15:21.359965" level="INFO">GET Request : url=https://randomuser.me/api 
 path_url=/api 
 headers={'User-Agent': 'python-requests/2.32.3', 'Accept-Encoding': 'gzip, deflate', 'Accept': '*/*', 'Connection': 'keep-alive'} 
 body=None 
 </msg>
<msg time="2024-07-08T07:15:21.360079" level="INFO">GET Response : url=https://randomuser.me/api 
 status=200, reason=OK 
 headers={'Date': 'Mon, 08 Jul 2024 07:15:21 GMT', 'Content-Type': 'application/json; charset=utf-8', 'Transfer-Encoding': 'chunked', 'Connection': 'keep-alive', 'X-Powered-By': 'Express', 'Access-Control-Allow-Origin': '*', 'Cache-Control': 'no-cache', 'ETag': 'W/"477-aOVOcAfZo6Uf2wK102wacaMG9xE"', 'Vary': 'Accept-Encoding', 'Content-Encoding': 'gzip', 'CF-Cache-Status': 'DYNAMIC', 'Report-To': '{"endpoints":[{"url":"https:\\/\\/a.nel.cloudflare.com\\/report\\/v4?s=HaqL%2BRnk8%2F%2B8yAY76nWWpsONMpKCMb7YsGJUo1SvPtOV5NagWjBdTaqrj6AtlA%2B6XFqL0bQ0AeQnora5Te7oDYMW6yeBY%2BxCBrHwj4aS4K3ArNL4XL0orGMrtHT53X2r"}],"group":"cf-nel","max_age":604800}', 'NEL': '{"success_fraction":0,"report_to":"cf-nel","max_age":604800}', 'Server': 'cloudflare', 'CF-RAY': '89fe485a1c973916-IAD', 'alt-svc': 'h3=":443"; ma=86400'} 
 body={"results":[{"gender":"male","name":{"title":"Mr","first":"Cemal","last":"Oberle"},"location":{"street":{"number":159,"name":"Erlenweg"},"city":"Emden","state":"Bremen","country":"Germany","postcode":12469,"coordinates":{"latitude":"-49.6617","longitude":"-54.1676"},"timezone":{"offset":"-1:00","description":"Azores, Cape Verde Islands"}},"email":"cemal.oberle@example.com","login":{"uuid":"2a604340-d89f-46b5-90e0-ede15f095489","username":"whitebear912","password":"098765","salt":"1GL9ATww","md5":"c849722d6400f010cd2a089853552317","sha1":"22e3b4474490bdc7a9d5bfb10d9da05a977e9a69","sha256":"5c47cb082efe4ee769c2bed02ca5023babbd0da8f149f007573719d3cc42e5c2"},"dob":{"date":"1991-11-14T22:21:18.900Z","age":32},"registered":{"date":"2021-01-14T11:42:34.455Z","age":3},"phone":"0390-6325596","cell":"0177-0284305","id":{"name":"SVNR","value":"50 141191 O 258"},"picture":{"large":"https://randomuser.me/api/portraits/men/8.jpg","medium":"https://randomuser.me/api/portraits/med/men/8.jpg","thumbnail":"https://randomuser.me/api/portraits/thumb/men/8.jpg"},"nat":"DE"}],"info":{"seed":"5c39c2bf914c73aa","results":1,"page":1,"version":"1.4"}} 
 </msg>
<msg time="2024-07-08T07:15:21.360163" level="INFO">/opt/hostedtoolcache/Python/3.12.4/x64/lib/python3.12/site-packages/urllib3/connectionpool.py:1099: InsecureRequestWarning: Unverified HTTPS request is being made to host 'randomuser.me'. Adding certificate verification is strongly advised. See: https://urllib3.readthedocs.io/en/latest/advanced-usage.html#tls-warnings
  warnings.warn(</msg>
<msg time="2024-07-08T07:15:21.360325" level="INFO">${response} = &lt;Response [200]&gt;</msg>
<var>${response}</var>
<arg>consultarAPI</arg>
<arg>/api</arg>
<doc>Sends a GET request on a previously created HTTP Session.</doc>
<status status="PASS" start="2024-07-08T07:15:21.291649" elapsed="0.068729"/>
</kw>
<kw name="Set Variable" owner="BuiltIn">
<msg time="2024-07-08T07:15:21.361508" level="INFO">${json_data} = {'results': [{'gender': 'male', 'name': {'title': 'Mr', 'first': 'Cemal', 'last': 'Oberle'}, 'location': {'street': {'number': 159, 'name': 'Erlenweg'}, 'city': 'Emden', 'state': 'Bremen', 'country': ...</msg>
<var>${json_data}</var>
<arg>${response.json()}</arg>
<doc>Returns the given values which can then be assigned to a variables.</doc>
<status status="PASS" start="2024-07-08T07:15:21.360938" elapsed="0.000600"/>
</kw>
<kw name="Log" owner="BuiltIn">
<msg time="2024-07-08T07:15:21.362022" level="INFO">{'results': [{'gender': 'male', 'name': {'title': 'Mr', 'first': 'Cemal', 'last': 'Oberle'}, 'location': {'street': {'number': 159, 'name': 'Erlenweg'}, 'city': 'Emden', 'state': 'Bremen', 'country': 'Germany', 'postcode': 12469, 'coordinates': {'latitude': '-49.6617', 'longitude': '-54.1676'}, 'timezone': {'offset': '-1:00', 'description': 'Azores, Cape Verde Islands'}}, 'email': 'cemal.oberle@example.com', 'login': {'uuid': '2a604340-d89f-46b5-90e0-ede15f095489', 'username': 'whitebear912', 'password': '098765', 'salt': '1GL9ATww', 'md5': 'c849722d6400f010cd2a089853552317', 'sha1': '22e3b4474490bdc7a9d5bfb10d9da05a977e9a69', 'sha256': '5c47cb082efe4ee769c2bed02ca5023babbd0da8f149f007573719d3cc42e5c2'}, 'dob': {'date': '1991-11-14T22:21:18.900Z', 'age': 32}, 'registered': {'date': '2021-01-14T11:42:34.455Z', 'age': 3}, 'phone': '0390-6325596', 'cell': '0177-0284305', 'id': {'name': 'SVNR', 'value': '50 141191 O 258'}, 'picture': {'large': 'https://randomuser.me/api/portraits/men/8.jpg', 'medium': 'https://randomuser.me/api/portraits/med/men/8.jpg', 'thumbnail': 'https://randomuser.me/api/portraits/thumb/men/8.jpg'}, 'nat': 'DE'}], 'info': {'seed': '5c39c2bf914c73aa', 'results': 1, 'page': 1, 'version': '1.4'}}</msg>
<arg>${json_data}</arg>
<doc>Logs the given message with the given level.</doc>
<status status="PASS" start="2024-07-08T07:15:21.361862" elapsed="0.000207"/>
</kw>
<kw name="Should Be String" owner="String">
<arg>${json_data['results'][0]['gender']}</arg>
<doc>Fails if the given ``item`` is not a string.</doc>
<status status="PASS" start="2024-07-08T07:15:21.362359" elapsed="0.000364"/>
</kw>
<kw name="Should Match Regexp" owner="BuiltIn">
<arg>${json_data['results'][0]['email']}</arg>
<arg>^[a-zA-Z0-9._%+-]+@[a-zA-Z0-9.-]+\.[a-zA-Z]{2,}$</arg>
<doc>Fails if ``string`` does not match ``pattern`` as a regular expression.</doc>
<status status="PASS" start="2024-07-08T07:15:21.362910" elapsed="0.000517"/>
</kw>
<kw name="Should Match Regexp" owner="BuiltIn">
<arg>${json_data['results'][0]['dob']['date']}</arg>
<arg>\\d{4}-\\d{2}-\\d{2}T\\d{2}:\\d{2}:\\d{2}\\.\\d{3}Z</arg>
<doc>Fails if ``string`` does not match ``pattern`` as a regular expression.</doc>
<status status="PASS" start="2024-07-08T07:15:21.363658" elapsed="0.000484"/>
</kw>
<kw name="Should Match Regexp" owner="BuiltIn">
<arg>${json_data['results'][0]['registered']['date']}</arg>
<arg>\\d{4}-\\d{2}-\\d{2}T\\d{2}:\\d{2}:\\d{2}\\.\\d{3}Z</arg>
<doc>Fails if ``string`` does not match ``pattern`` as a regular expression.</doc>
<status status="PASS" start="2024-07-08T07:15:21.364332" elapsed="0.000365"/>
</kw>
<kw name="Should Match Regexp" owner="BuiltIn">
<arg>${json_data['results'][0]['picture']['large']}</arg>
<arg>^https?://.*\.(?:png|jpe?g|gif|bmp)$</arg>
<doc>Fails if ``string`` does not match ``pattern`` as a regular expression.</doc>
<status status="PASS" start="2024-07-08T07:15:21.364883" elapsed="0.000513"/>
</kw>
<kw name="Should Match Regexp" owner="BuiltIn">
<arg>${json_data['results'][0]['picture']['medium']}</arg>
<arg>^https?://.*\.(?:png|jpe?g|gif|bmp)$</arg>
<doc>Fails if ``string`` does not match ``pattern`` as a regular expression.</doc>
<status status="PASS" start="2024-07-08T07:15:21.365586" elapsed="0.000356"/>
</kw>
<kw name="Should Match Regexp" owner="BuiltIn">
<arg>${json_data['results'][0]['picture']['thumbnail']}</arg>
<arg>^https?://.*\.(?:png|jpe?g|gif|bmp)$</arg>
<doc>Fails if ``string`` does not match ``pattern`` as a regular expression.</doc>
<status status="PASS" start="2024-07-08T07:15:21.366123" elapsed="0.000344"/>
</kw>
<kw name="Log" owner="BuiltIn">
<msg time="2024-07-08T07:15:21.366976" level="INFO">{'large': 'https://randomuser.me/api/portraits/men/8.jpg', 'medium': 'https://randomuser.me/api/portraits/med/men/8.jpg', 'thumbnail': 'https://randomuser.me/api/portraits/thumb/men/8.jpg'}</msg>
<arg>${json_data['results'][0]['picture']}</arg>
<doc>Logs the given message with the given level.</doc>
<status status="PASS" start="2024-07-08T07:15:21.366644" elapsed="0.000374"/>
</kw>
<status status="PASS" start="2024-07-08T07:15:21.291423" elapsed="0.075856"/>
</kw>
<kw name="Teste de Tipos de Dados - Postcode" owner="random-user-service">
<kw name="GET On Session" owner="RequestsLibrary">
<msg time="2024-07-08T07:15:21.480278" level="INFO">GET Request : url=https://randomuser.me/api 
 path_url=/api 
 headers={'User-Agent': 'python-requests/2.32.3', 'Accept-Encoding': 'gzip, deflate', 'Accept': '*/*', 'Connection': 'keep-alive'} 
 body=None 
 </msg>
<msg time="2024-07-08T07:15:21.480395" level="INFO">GET Response : url=https://randomuser.me/api 
 status=200, reason=OK 
 headers={'Date': 'Mon, 08 Jul 2024 07:15:21 GMT', 'Content-Type': 'application/json; charset=utf-8', 'Transfer-Encoding': 'chunked', 'Connection': 'keep-alive', 'X-Powered-By': 'Express', 'Access-Control-Allow-Origin': '*', 'Cache-Control': 'no-cache', 'ETag': 'W/"4a9-SVg+gJdLY+ep67UIqQnT4rtb7Ww"', 'Vary': 'Accept-Encoding', 'Content-Encoding': 'gzip', 'CF-Cache-Status': 'DYNAMIC', 'Report-To': '{"endpoints":[{"url":"https:\\/\\/a.nel.cloudflare.com\\/report\\/v4?s=Ze4DmZUduzHOBzdy%2FT3BLdIhw2aP%2B4KqNIn8YQs0%2FmZtvZJUxJAc9Uacd%2BpVv9pNGgjXyCVnQ0tqnH%2B9e%2Fz47ucHUfYiXZF5VaOJtOTNRxKPX1Z7nmxX12x%2F7TRNxpEh"}],"group":"cf-nel","max_age":604800}', 'NEL': '{"success_fraction":0,"report_to":"cf-nel","max_age":604800}', 'Server': 'cloudflare', 'CF-RAY': '89fe485a8d033916-IAD', 'alt-svc': 'h3=":443"; ma=86400'} 
 body={"results":[{"gender":"female","name":{"title":"Miss","first":"Héloïse","last":"Morel"},"location":{"street":{"number":652,"name":"Rue du Bât-D'Argent"},"city":"Aix-En-Provence","state":"Val-de-Marne","country":"France","postcode":67786,"coordinates":{"latitude":"-21.1691","longitude":"101.6921"},"timezone":{"offset":"+2:00","description":"Kaliningrad, South Africa"}},"email":"heloise.morel@example.com","login":{"uuid":"6b481c0e-a563-4885-9be3-8e9b854f3d47","username":"bluelion909","password":"turkey50","salt":"wAnIGvuR","md5":"ecf7bfc963a13352ab8dff6c202e3d7c","sha1":"4fdefd65913817586c2b293f3299a697dcfb4c8d","sha256":"aadf2f38327bf990f5f2214edd2d9a1489daa513113b9e3b245ef56d4bc97e3e"},"dob":{"date":"1977-05-26T01:35:06.083Z","age":47},"registered":{"date":"2016-07-02T06:03:04.170Z","age":8},"phone":"02-29-28-24-58","cell":"06-88-80-42-91","id":{"name":"INSEE","value":"2770423952239 42"},"picture":{"large":"https://randomuser.me/api/portraits/women/50.jpg","medium":"https://randomuser.me/api/portraits/med/women/50.jpg","thumbnail":"https://randomuser.me/api/portraits/thumb/women/50.jpg"},"nat":"FR"}],"info":{"seed":"2eb305c61b97fbec","results":1,"page":1,"version":"1.4"}} 
 </msg>
<msg time="2024-07-08T07:15:21.480483" level="INFO">/opt/hostedtoolcache/Python/3.12.4/x64/lib/python3.12/site-packages/urllib3/connectionpool.py:1099: InsecureRequestWarning: Unverified HTTPS request is being made to host 'randomuser.me'. Adding certificate verification is strongly advised. See: https://urllib3.readthedocs.io/en/latest/advanced-usage.html#tls-warnings
  warnings.warn(</msg>
<msg time="2024-07-08T07:15:21.480648" level="INFO">${response} = &lt;Response [200]&gt;</msg>
<var>${response}</var>
<arg>consultarAPI</arg>
<arg>/api</arg>
<doc>Sends a GET request on a previously created HTTP Session.</doc>
<status status="PASS" start="2024-07-08T07:15:21.367751" elapsed="0.112949"/>
</kw>
<kw name="Set Variable" owner="BuiltIn">
<msg time="2024-07-08T07:15:21.481810" level="INFO">${json_data} = {'results': [{'gender': 'female', 'name': {'title': 'Miss', 'first': 'Héloïse', 'last': 'Morel'}, 'location': {'street': {'number': 652, 'name': "Rue du Bât-D'Argent"}, 'city': 'Aix-En-Provence', 'sta...</msg>
<var>${json_data}</var>
<arg>${response.json()}</arg>
<doc>Returns the given values which can then be assigned to a variables.</doc>
<status status="PASS" start="2024-07-08T07:15:21.481280" elapsed="0.000561"/>
</kw>
<kw name="Log" owner="BuiltIn">
<msg time="2024-07-08T07:15:21.482322" level="INFO">{'results': [{'gender': 'female', 'name': {'title': 'Miss', 'first': 'Héloïse', 'last': 'Morel'}, 'location': {'street': {'number': 652, 'name': "Rue du Bât-D'Argent"}, 'city': 'Aix-En-Provence', 'state': 'Val-de-Marne', 'country': 'France', 'postcode': 67786, 'coordinates': {'latitude': '-21.1691', 'longitude': '101.6921'}, 'timezone': {'offset': '+2:00', 'description': 'Kaliningrad, South Africa'}}, 'email': 'heloise.morel@example.com', 'login': {'uuid': '6b481c0e-a563-4885-9be3-8e9b854f3d47', 'username': 'bluelion909', 'password': 'turkey50', 'salt': 'wAnIGvuR', 'md5': 'ecf7bfc963a13352ab8dff6c202e3d7c', 'sha1': '4fdefd65913817586c2b293f3299a697dcfb4c8d', 'sha256': 'aadf2f38327bf990f5f2214edd2d9a1489daa513113b9e3b245ef56d4bc97e3e'}, 'dob': {'date': '1977-05-26T01:35:06.083Z', 'age': 47}, 'registered': {'date': '2016-07-02T06:03:04.170Z', 'age': 8}, 'phone': '02-29-28-24-58', 'cell': '06-88-80-42-91', 'id': {'name': 'INSEE', 'value': '2770423952239 42'}, 'picture': {'large': 'https://randomuser.me/api/portraits/women/50.jpg', 'medium': 'https://randomuser.me/api/portraits/med/women/50.jpg', 'thumbnail': 'https://randomuser.me/api/portraits/thumb/women/50.jpg'}, 'nat': 'FR'}], 'info': {'seed': '2eb305c61b97fbec', 'results': 1, 'page': 1, 'version': '1.4'}}</msg>
<arg>${json_data}</arg>
<doc>Logs the given message with the given level.</doc>
<status status="PASS" start="2024-07-08T07:15:21.482156" elapsed="0.000216"/>
</kw>
<kw name="Should Be Equal As Numbers" owner="BuiltIn">
<arg>${json_data['results'][0]['location']['postcode']}</arg>
<arg>${json_data['results'][0]['location']['postcode']}</arg>
<doc>Fails if objects are unequal after converting them to real numbers.</doc>
<status status="PASS" start="2024-07-08T07:15:21.482671" elapsed="0.000627"/>
</kw>
<kw name="Log" owner="BuiltIn">
<msg time="2024-07-08T07:15:21.484002" level="INFO">67786</msg>
<arg>${json_data['results'][0]['location']['postcode']}</arg>
<doc>Logs the given message with the given level.</doc>
<status status="PASS" start="2024-07-08T07:15:21.483487" elapsed="0.000556"/>
</kw>
<status status="PASS" start="2024-07-08T07:15:21.367521" elapsed="0.116782"/>
</kw>
<doc>Testa se os tipos de dados na resposta da API estão corretos.</doc>
<tag>testeTiposDados</tag>
<status status="PASS" start="2024-07-08T07:15:21.290953" elapsed="0.193551"/>
</test>
<test id="s1-s1-t5" name="Validar conteudo" line="35">
<kw name="Teste de Tipos de Conteudo" owner="random-user-service">
<kw name="GET On Session" owner="RequestsLibrary">
<msg time="2024-07-08T07:15:21.590059" level="INFO">GET Request : url=https://randomuser.me/api 
 path_url=/api 
 headers={'User-Agent': 'python-requests/2.32.3', 'Accept-Encoding': 'gzip, deflate', 'Accept': '*/*', 'Connection': 'keep-alive'} 
 body=None 
 </msg>
<msg time="2024-07-08T07:15:21.590160" level="INFO">GET Response : url=https://randomuser.me/api 
 status=200, reason=OK 
 headers={'Date': 'Mon, 08 Jul 2024 07:15:21 GMT', 'Content-Type': 'application/json; charset=utf-8', 'Transfer-Encoding': 'chunked', 'Connection': 'keep-alive', 'X-Powered-By': 'Express', 'Access-Control-Allow-Origin': '*', 'Cache-Control': 'no-cache', 'ETag': 'W/"4b0-BKzApUXHS3oqcUAYplhEHrYHfuM"', 'Vary': 'Accept-Encoding', 'Content-Encoding': 'gzip', 'CF-Cache-Status': 'DYNAMIC', 'Report-To': '{"endpoints":[{"url":"https:\\/\\/a.nel.cloudflare.com\\/report\\/v4?s=AJL3nBJCjpYgT2yR0Iy9u2FPFUpnv8ARGKbYvfb%2F5BzTx8OpJiyiSm8UjB%2BTgliZp4UDQiWs3vct2IJMD6K4ie%2FqiIrKQKU5mSKI3boGau7Pw1M6XtTguBpVz46y1mAj"}],"group":"cf-nel","max_age":604800}', 'NEL': '{"success_fraction":0,"report_to":"cf-nel","max_age":604800}', 'Server': 'cloudflare', 'CF-RAY': '89fe485b4dc63916-IAD', 'alt-svc': 'h3=":443"; ma=86400'} 
 body={"results":[{"gender":"female","name":{"title":"Mrs","first":"Yasmine","last":"Eijkhout"},"location":{"street":{"number":6954,"name":"Kleine Kampen"},"city":"Wieringerwaard","state":"Noord-Holland","country":"Netherlands","postcode":"8597 RF","coordinates":{"latitude":"31.0164","longitude":"40.8313"},"timezone":{"offset":"+5:00","description":"Ekaterinburg, Islamabad, Karachi, Tashkent"}},"email":"yasmine.eijkhout@example.com","login":{"uuid":"f37abeea-714d-4caa-8aba-f7cc2df7c2b6","username":"redzebra506","password":"poncho","salt":"et1VQOFO","md5":"fb3fea0e913ce8036e554926f43d6121","sha1":"f99e45786de0a468570681ba3bc390828125474f","sha256":"972e9876d3b962738667c75cf2d8191510e8f413bee4e95a2f916b74d143c9f3"},"dob":{"date":"1990-08-07T22:28:32.188Z","age":33},"registered":{"date":"2017-08-19T06:52:17.316Z","age":6},"phone":"(089) 4816417","cell":"(06) 50655230","id":{"name":"BSN","value":"18011071"},"picture":{"large":"https://randomuser.me/api/portraits/women/12.jpg","medium":"https://randomuser.me/api/portraits/med/women/12.jpg","thumbnail":"https://randomuser.me/api/portraits/thumb/women/12.jpg"},"nat":"NL"}],"info":{"seed":"198e68104b3ffb0f","results":1,"page":1,"version":"1.4"}} 
 </msg>
<msg time="2024-07-08T07:15:21.590232" level="INFO">/opt/hostedtoolcache/Python/3.12.4/x64/lib/python3.12/site-packages/urllib3/connectionpool.py:1099: InsecureRequestWarning: Unverified HTTPS request is being made to host 'randomuser.me'. Adding certificate verification is strongly advised. See: https://urllib3.readthedocs.io/en/latest/advanced-usage.html#tls-warnings
  warnings.warn(</msg>
<msg time="2024-07-08T07:15:21.590376" level="INFO">${response} = &lt;Response [200]&gt;</msg>
<var>${response}</var>
<arg>consultarAPI</arg>
<arg>/api</arg>
<doc>Sends a GET request on a previously created HTTP Session.</doc>
<status status="PASS" start="2024-07-08T07:15:21.487105" elapsed="0.103314"/>
</kw>
<kw name="Set Variable" owner="BuiltIn">
<msg time="2024-07-08T07:15:21.591465" level="INFO">${json_data} = {'results': [{'gender': 'female', 'name': {'title': 'Mrs', 'first': 'Yasmine', 'last': 'Eijkhout'}, 'location': {'street': {'number': 6954, 'name': 'Kleine Kampen'}, 'city': 'Wieringerwaard', 'state':...</msg>
<var>${json_data}</var>
<arg>${response.json()}</arg>
<doc>Returns the given values which can then be assigned to a variables.</doc>
<status status="PASS" start="2024-07-08T07:15:21.590945" elapsed="0.000549"/>
</kw>
<kw name="Set Variable" owner="BuiltIn">
<msg time="2024-07-08T07:15:21.592195" level="INFO">${name_title} = Mrs</msg>
<var>${name_title}</var>
<arg>${json_data["results"][0]["name"]["title"]}</arg>
<doc>Returns the given values which can then be assigned to a variables.</doc>
<status status="PASS" start="2024-07-08T07:15:21.591798" elapsed="0.000423"/>
</kw>
<kw name="Create List" owner="BuiltIn">
<msg time="2024-07-08T07:15:21.592668" level="INFO">${allowed_titles} = ['Mr', 'Ms', 'Miss', 'Mrs', 'Madame', 'Monsieur']</msg>
<var>${allowed_titles}</var>
<arg>Mr</arg>
<arg>Ms</arg>
<arg>Miss</arg>
<arg>Mrs</arg>
<arg>Madame</arg>
<arg>Monsieur</arg>
<doc>Returns a list containing given items.</doc>
<status status="PASS" start="2024-07-08T07:15:21.592518" elapsed="0.000175"/>
</kw>
<kw name="List Should Contain Value" owner="Collections">
<arg>${allowed_titles}</arg>
<arg>${name_title}</arg>
<doc>Fails if the ``value`` is not found from ``list``.</doc>
<status status="PASS" start="2024-07-08T07:15:21.592992" elapsed="0.000225"/>
</kw>
<kw name="Set Variable" owner="BuiltIn">
<msg time="2024-07-08T07:15:21.593806" level="INFO">${name_country} = NL</msg>
<var>${name_country}</var>
<arg>${json_data["results"][0]["nat"]}</arg>
<doc>Returns the given values which can then be assigned to a variables.</doc>
<status status="PASS" start="2024-07-08T07:15:21.593425" elapsed="0.000406"/>
</kw>
<kw name="Create List" owner="BuiltIn">
<msg time="2024-07-08T07:15:21.594726" level="INFO">${list_country} = ['AD', 'AE', 'AF', 'AG', 'AI', 'AL', 'AM', 'AO', 'AQ', 'AR', 'AS', 'AT', 'AU', 'AW', 'AX', 'AZ', 'BA', 'BB', 'BD', 'BE', 'BF', 'BG', 'BH', 'BI', 'BJ', 'BL', 'BM', 'BN', 'BO', 'BQ', 'BR', 'BS', 'BT', '...</msg>
<var>${list_country}</var>
<arg>AD</arg>
<arg>AE</arg>
<arg>AF</arg>
<arg>AG</arg>
<arg>AI</arg>
<arg>AL</arg>
<arg>AM</arg>
<arg>AO</arg>
<arg>AQ</arg>
<arg>AR</arg>
<arg>AS</arg>
<arg>AT</arg>
<arg>AU</arg>
<arg>AW</arg>
<arg>AX</arg>
<arg>AZ</arg>
<arg>BA</arg>
<arg>BB</arg>
<arg>BD</arg>
<arg>BE</arg>
<arg>BF</arg>
<arg>BG</arg>
<arg>BH</arg>
<arg>BI</arg>
<arg>BJ</arg>
<arg>BL</arg>
<arg>BM</arg>
<arg>BN</arg>
<arg>BO</arg>
<arg>BQ</arg>
<arg>BR</arg>
<arg>BS</arg>
<arg>BT</arg>
<arg>BV</arg>
<arg>BW</arg>
<arg>BY</arg>
<arg>BZ</arg>
<arg>CA</arg>
<arg>CC</arg>
<arg>CD</arg>
<arg>CF</arg>
<arg>CG</arg>
<arg>CH</arg>
<arg>CI</arg>
<arg>CK</arg>
<arg>CL</arg>
<arg>CM</arg>
<arg>CN</arg>
<arg>CO</arg>
<arg>CR</arg>
<arg>CU</arg>
<arg>CV</arg>
<arg>CW</arg>
<arg>CX</arg>
<arg>CY</arg>
<arg>CZ</arg>
<arg>DE</arg>
<arg>DJ</arg>
<arg>DK</arg>
<arg>DM</arg>
<arg>DO</arg>
<arg>DZ</arg>
<arg>EC</arg>
<arg>EE</arg>
<arg>EG</arg>
<arg>EH</arg>
<arg>ER</arg>
<arg>ES</arg>
<arg>ET</arg>
<arg>FI</arg>
<arg>FJ</arg>
<arg>FK</arg>
<arg>FM</arg>
<arg>FO</arg>
<arg>FR</arg>
<arg>GA</arg>
<arg>GB</arg>
<arg>GD</arg>
<arg>GE</arg>
<arg>GF</arg>
<arg>GG</arg>
<arg>GH</arg>
<arg>GI</arg>
<arg>GL</arg>
<arg>GM</arg>
<arg>GN</arg>
<arg>GP</arg>
<arg>GQ</arg>
<arg>GR</arg>
<arg>GS</arg>
<arg>GT</arg>
<arg>GU</arg>
<arg>GW</arg>
<arg>GY</arg>
<arg>HK</arg>
<arg>HM</arg>
<arg>HN</arg>
<arg>HR</arg>
<arg>HT</arg>
<arg>HU</arg>
<arg>ID</arg>
<arg>IE</arg>
<arg>IL</arg>
<arg>IM</arg>
<arg>IN</arg>
<arg>IO</arg>
<arg>IQ</arg>
<arg>IR</arg>
<arg>IS</arg>
<arg>IT</arg>
<arg>JE</arg>
<arg>JM</arg>
<arg>JO</arg>
<arg>JP</arg>
<arg>KE</arg>
<arg>KG</arg>
<arg>KH</arg>
<arg>KI</arg>
<arg>KM</arg>
<arg>KN</arg>
<arg>KP</arg>
<arg>KR</arg>
<arg>KW</arg>
<arg>KY</arg>
<arg>KZ</arg>
<arg>LA</arg>
<arg>LB</arg>
<arg>LC</arg>
<arg>LI</arg>
<arg>LK</arg>
<arg>LR</arg>
<arg>LS</arg>
<arg>LT</arg>
<arg>LU</arg>
<arg>LV</arg>
<arg>LY</arg>
<arg>MA</arg>
<arg>MC</arg>
<arg>MD</arg>
<arg>ME</arg>
<arg>MF</arg>
<arg>MG</arg>
<arg>MH</arg>
<arg>MK</arg>
<arg>ML</arg>
<arg>MM</arg>
<arg>MN</arg>
<arg>MO</arg>
<arg>MP</arg>
<arg>MQ</arg>
<arg>MR</arg>
<arg>MS</arg>
<arg>MT</arg>
<arg>MU</arg>
<arg>MV</arg>
<arg>MW</arg>
<arg>MX</arg>
<arg>MY</arg>
<arg>MZ</arg>
<arg>NA</arg>
<arg>NC</arg>
<arg>NE</arg>
<arg>NF</arg>
<arg>NG</arg>
<arg>NI</arg>
<arg>NL</arg>
<arg>NO</arg>
<arg>NP</arg>
<arg>NR</arg>
<arg>NU</arg>
<arg>NZ</arg>
<arg>OM</arg>
<arg>PA</arg>
<arg>PE</arg>
<arg>PF</arg>
<arg>PG</arg>
<arg>PH</arg>
<arg>PK</arg>
<arg>PL</arg>
<arg>PM</arg>
<arg>PN</arg>
<arg>PR</arg>
<arg>PS</arg>
<arg>PT</arg>
<arg>PW</arg>
<arg>PY</arg>
<arg>QA</arg>
<arg>RE</arg>
<arg>RO</arg>
<arg>RS</arg>
<arg>RU</arg>
<arg>RW</arg>
<arg>SA</arg>
<arg>SB</arg>
<arg>SC</arg>
<arg>SD</arg>
<arg>SE</arg>
<arg>SG</arg>
<arg>SH</arg>
<arg>SI</arg>
<arg>SJ</arg>
<arg>SK</arg>
<arg>SL</arg>
<arg>SM</arg>
<arg>SN</arg>
<arg>SO</arg>
<arg>SR</arg>
<arg>SS</arg>
<arg>ST</arg>
<arg>SV</arg>
<arg>SX</arg>
<arg>SY</arg>
<arg>SZ</arg>
<arg>TC</arg>
<arg>TD</arg>
<arg>TF</arg>
<arg>TG</arg>
<arg>TH</arg>
<arg>TJ</arg>
<arg>TK</arg>
<arg>TL</arg>
<arg>TM</arg>
<arg>TN</arg>
<arg>TO</arg>
<arg>TR</arg>
<arg>TT</arg>
<arg>TV</arg>
<arg>TW</arg>
<arg>TZ</arg>
<arg>UA</arg>
<arg>UG</arg>
<arg>UM</arg>
<arg>US</arg>
<arg>UY</arg>
<arg>UZ</arg>
<arg>VA</arg>
<arg>VC</arg>
<arg>VE</arg>
<arg>VG</arg>
<arg>VI</arg>
<arg>VN</arg>
<arg>VU</arg>
<arg>WF</arg>
<arg>WS</arg>
<arg>XK</arg>
<arg>YE</arg>
<arg>YT</arg>
<arg>ZA</arg>
<arg>ZM</arg>
<arg>ZW</arg>
<doc>Returns a list containing given items.</doc>
<status status="PASS" start="2024-07-08T07:15:21.594126" elapsed="0.000626"/>
</kw>
<kw name="List Should Contain Value" owner="Collections">
<arg>${list_country}</arg>
<arg>${name_country}</arg>
<doc>Fails if the ``value`` is not found from ``list``.</doc>
<status status="PASS" start="2024-07-08T07:15:21.595547" elapsed="0.000201"/>
</kw>
<kw name="Run Keyword If" owner="BuiltIn">
<kw name="Should Be True" owner="BuiltIn">
<arg>${True}</arg>
<doc>Fails if the given condition is not true.</doc>
<status status="PASS" start="2024-07-08T07:15:21.596697" elapsed="0.000143"/>
</kw>
<arg>${json_data["results"][0]["location"]["coordinates"]["latitude"]} &gt;= -90 and ${json_data["results"][0]["location"]["coordinates"]["latitude"]} &lt;= 90</arg>
<arg>Should Be True</arg>
<arg>${True}</arg>
<doc>Runs the given keyword with the given arguments, if ``condition`` is true.</doc>
<status status="PASS" start="2024-07-08T07:15:21.595952" elapsed="0.001012"/>
</kw>
<kw name="Run Keyword If" owner="BuiltIn">
<kw name="Should Be True" owner="BuiltIn">
<arg>${True}</arg>
<doc>Fails if the given condition is not true.</doc>
<status status="PASS" start="2024-07-08T07:15:21.597858" elapsed="0.000308"/>
</kw>
<arg>${json_data["results"][0]["location"]["coordinates"]["longitude"]} &gt;= -180 and ${json_data["results"][0]["location"]["coordinates"]["longitude"]} &lt;= 180</arg>
<arg>Should Be True</arg>
<arg>${True}</arg>
<doc>Runs the given keyword with the given arguments, if ``condition`` is true.</doc>
<status status="PASS" start="2024-07-08T07:15:21.597142" elapsed="0.001158"/>
</kw>
<status status="PASS" start="2024-07-08T07:15:21.486874" elapsed="0.111560"/>
</kw>
<doc>Testa o conteúdo específico dos campos retornados pela API.</doc>
<tag>testeConteudo</tag>
<status status="PASS" start="2024-07-08T07:15:21.486333" elapsed="0.112254"/>
</test>
<status status="PASS" start="2024-07-08T07:15:20.640111" elapsed="0.960498"/>
</suite>
<status status="PASS" start="2024-07-08T07:15:20.625783" elapsed="0.979986"/>
</suite>
<statistics>
<total>
<stat pass="5" fail="0" skip="0">All Tests</stat>
</total>
<tag>
<stat pass="1" fail="0" skip="0">testeConteudo</stat>
<stat pass="1" fail="0" skip="0">testeEstruturaResposta</stat>
<stat pass="1" fail="0" skip="0">testeRequisicaoBasica</stat>
<stat pass="1" fail="0" skip="0">testeTiposDados</stat>
</tag>
<suite>
<stat pass="5" fail="0" skip="0" id="s1" name="Tests">Tests</stat>
<stat pass="5" fail="0" skip="0" id="s1-s1" name="Random-User-Test">Tests.Random-User-Test</stat>
</suite>
</statistics>
<errors>
</errors>
</robot>
