<?xml version="1.0" encoding="UTF-8"?>
<robot generator="Robot 7.0 (Python 3.12.3 on linux)" generated="2024-05-20T05:15:51.672592" rpa="false" schemaversion="5">
<suite id="s1" name="Tests" source="/home/runner/work/DesafioQAItauRogerioJordao/DesafioQAItauRogerioJordao/RamdonUser/tests">
<suite id="s1-s1" name="Random-User-Test" source="/home/runner/work/DesafioQAItauRogerioJordao/DesafioQAItauRogerioJordao/RamdonUser/tests/random-user-test.robot">
<test id="s1-s1-t1" name="Conectar" line="13">
<kw name="Conectar API" owner="random-user-service">
<kw name="Create Session" owner="RequestsLibrary">
<msg time="2024-05-20T05:15:52.056962" level="INFO">Creating Session using : alias=consultarAPI, url=https://randomuser.me/, headers={},                     cookies={}, auth=None, timeout=None, proxies=None, verify=False,                     debug=0 </msg>
<arg>consultarAPI</arg>
<arg>${URL}</arg>
<doc>Create Session: create a HTTP session to a server</doc>
<status status="PASS" start="2024-05-20T05:15:52.056739" elapsed="0.000424"/>
</kw>
<status status="PASS" start="2024-05-20T05:15:52.055704" elapsed="0.001842"/>
</kw>
<status status="PASS" start="2024-05-20T05:15:52.055003" elapsed="0.002774"/>
</test>
<test id="s1-s1-t2" name="Validar retorno 200 e JSON Válido" line="16">
<kw name="Teste de Requisicao Basica" owner="random-user-service">
<kw name="GET On Session" owner="RequestsLibrary">
<msg time="2024-05-20T05:15:52.221946" level="INFO">GET Request : url=https://randomuser.me/api 
 path_url=/api 
 headers={'User-Agent': 'python-requests/2.31.0', 'Accept-Encoding': 'gzip, deflate', 'Accept': '*/*', 'Connection': 'keep-alive'} 
 body=None 
 </msg>
<msg time="2024-05-20T05:15:52.222104" level="INFO">GET Response : url=https://randomuser.me/api 
 status=200, reason=OK 
 headers={'Date': 'Mon, 20 May 2024 05:15:52 GMT', 'Content-Type': 'application/json; charset=utf-8', 'Transfer-Encoding': 'chunked', 'Connection': 'keep-alive', 'X-Powered-By': 'Express', 'Access-Control-Allow-Origin': '*', 'Cache-Control': 'no-cache', 'ETag': 'W/"4ad-yD6nKt/QXm7Vd5YT77bKsC+7QnI"', 'Vary': 'Accept-Encoding', 'Content-Encoding': 'gzip', 'CF-Cache-Status': 'DYNAMIC', 'Report-To': '{"endpoints":[{"url":"https:\\/\\/a.nel.cloudflare.com\\/report\\/v4?s=CqEuhqFznOv7qEKSM0j5ZRRZjEltlTQY6l%2FOsyilCjup2GOMfZvN8ZbpC7Xt7yMwrd7FHccurll8QyUutwtHzuzjk9%2Be6oUKcGsCvVHuiM0ushtqhTuRaScwvJV9hbhg"}],"group":"cf-nel","max_age":604800}', 'NEL': '{"success_fraction":0,"report_to":"cf-nel","max_age":604800}', 'Server': 'cloudflare', 'CF-RAY': '8869d9f2b8cc7e76-LAX', 'alt-svc': 'h3=":443"; ma=86400'} 
 body={"results":[{"gender":"female","name":{"title":"Miss","first":"Suzanne","last":"Jenkins"},"location":{"street":{"number":3564,"name":"Park Lane"},"city":"Leeds","state":"West Midlands","country":"United Kingdom","postcode":"AQ9S 6YL","coordinates":{"latitude":"-12.2346","longitude":"56.3830"},"timezone":{"offset":"+3:00","description":"Baghdad, Riyadh, Moscow, St. Petersburg"}},"email":"suzanne.jenkins@example.com","login":{"uuid":"e718596e-8b1d-4058-8c16-712e20589ca1","username":"happyladybug183","password":"angel1","salt":"RfZcvFUU","md5":"b97ce436de186099585d3af125f971ca","sha1":"b0b4430443c242323a663201bf93f419f1be9116","sha256":"30321a89c65833aeadbcb1015ae2aeb50bd6899d017aca176ab26bc32f004660"},"dob":{"date":"1953-07-31T20:02:29.046Z","age":70},"registered":{"date":"2020-08-18T10:35:20.156Z","age":3},"phone":"0191 181 0488","cell":"07393 646946","id":{"name":"NINO","value":"OW 99 98 29 X"},"picture":{"large":"https://randomuser.me/api/portraits/women/17.jpg","medium":"https://randomuser.me/api/portraits/med/women/17.jpg","thumbnail":"https://randomuser.me/api/portraits/thumb/women/17.jpg"},"nat":"GB"}],"info":{"seed":"1e9ece55de59056b","results":1,"page":1,"version":"1.4"}} 
 </msg>
<msg time="2024-05-20T05:15:52.222191" level="INFO">/opt/hostedtoolcache/Python/3.12.3/x64/lib/python3.12/site-packages/urllib3/connectionpool.py:1103: InsecureRequestWarning: Unverified HTTPS request is being made to host 'randomuser.me'. Adding certificate verification is strongly advised. See: https://urllib3.readthedocs.io/en/latest/advanced-usage.html#tls-warnings
  warnings.warn(</msg>
<msg time="2024-05-20T05:15:52.222335" level="INFO">${response} = &lt;Response [200]&gt;</msg>
<var>${response}</var>
<arg>consultarAPI</arg>
<arg>/api</arg>
<doc>Sends a GET request on a previously created HTTP Session.</doc>
<status status="PASS" start="2024-05-20T05:15:52.060491" elapsed="0.161911"/>
</kw>
<kw name="Should Be Equal As Numbers" owner="BuiltIn">
<msg time="2024-05-20T05:15:52.223476" level="INFO">Argument types are:
&lt;class 'int'&gt;
&lt;class 'str'&gt;</msg>
<arg>${response.status_code}</arg>
<arg>200</arg>
<doc>Fails if objects are unequal after converting them to real numbers.</doc>
<status status="PASS" start="2024-05-20T05:15:52.222995" elapsed="0.000551"/>
</kw>
<kw name="Log" owner="BuiltIn">
<msg time="2024-05-20T05:15:52.224336" level="INFO">200</msg>
<arg>${response.status_code}</arg>
<doc>Logs the given message with the given level.</doc>
<status status="PASS" start="2024-05-20T05:15:52.223953" elapsed="0.000428"/>
</kw>
<kw name="Set Variable" owner="BuiltIn">
<msg time="2024-05-20T05:15:52.225167" level="INFO">${json_data} = {'results': [{'gender': 'female', 'name': {'title': 'Miss', 'first': 'Suzanne', 'last': 'Jenkins'}, 'location': {'street': {'number': 3564, 'name': 'Park Lane'}, 'city': 'Leeds', 'state': 'West Midlan...</msg>
<var>${json_data}</var>
<arg>${response.json()}</arg>
<doc>Returns the given values which can then be assigned to a variables.</doc>
<status status="PASS" start="2024-05-20T05:15:52.224714" elapsed="0.000482"/>
</kw>
<kw name="Dictionary Should Contain Key" owner="Collections">
<msg time="2024-05-20T05:15:52.225689" level="INFO">False</msg>
<arg>${json_data}</arg>
<arg>results</arg>
<doc>Fails if ``key`` is not found from ``dictionary``.</doc>
<status status="PASS" start="2024-05-20T05:15:52.225510" elapsed="0.000219"/>
</kw>
<status status="PASS" start="2024-05-20T05:15:52.060224" elapsed="0.165797"/>
</kw>
<doc>Testa se a API responde corretamente e retorna um objeto JSON válido.</doc>
<tag>testeRequisicaoBasica</tag>
<status status="PASS" start="2024-05-20T05:15:52.059689" elapsed="0.166520"/>
</test>
<test id="s1-s1-t3" name="Validar estrutura de resposta" line="22">
<kw name="Teste de Estrutura de Resposta" owner="random-user-service">
<kw name="GET On Session" owner="RequestsLibrary">
<msg time="2024-05-20T05:15:52.330043" level="INFO">GET Request : url=https://randomuser.me/api 
 path_url=/api 
 headers={'User-Agent': 'python-requests/2.31.0', 'Accept-Encoding': 'gzip, deflate', 'Accept': '*/*', 'Connection': 'keep-alive'} 
 body=None 
 </msg>
<msg time="2024-05-20T05:15:52.330157" level="INFO">GET Response : url=https://randomuser.me/api 
 status=200, reason=OK 
 headers={'Date': 'Mon, 20 May 2024 05:15:52 GMT', 'Content-Type': 'application/json; charset=utf-8', 'Transfer-Encoding': 'chunked', 'Connection': 'keep-alive', 'X-Powered-By': 'Express', 'Access-Control-Allow-Origin': '*', 'Cache-Control': 'no-cache', 'ETag': 'W/"488-ePR/5iYrImzDBcnqCAKh3SQCrGo"', 'Vary': 'Accept-Encoding', 'Content-Encoding': 'gzip', 'CF-Cache-Status': 'DYNAMIC', 'Report-To': '{"endpoints":[{"url":"https:\\/\\/a.nel.cloudflare.com\\/report\\/v4?s=bJuFWzRqT6u4j16MzJOcCBjCsDlaYDJXzzYre7jp40LuvYltfkpb9MI1Itf2JREnKttZWsR51RGNjNZlnpAZkrq5tPQ6wSwuH%2BV7fjNaYdL1HLgNJRD%2BFnLVnC%2FhMBXI"}],"group":"cf-nel","max_age":604800}', 'NEL': '{"success_fraction":0,"report_to":"cf-nel","max_age":604800}', 'Server': 'cloudflare', 'CF-RAY': '8869d9f3794d7e76-LAX', 'alt-svc': 'h3=":443"; ma=86400'} 
 body={"results":[{"gender":"male","name":{"title":"Mr","first":"Clifton","last":"Murray"},"location":{"street":{"number":1801,"name":"Fairview Road"},"city":"Bradford","state":"Mid Glamorgan","country":"United Kingdom","postcode":"L0C 9ST","coordinates":{"latitude":"-5.9040","longitude":"-118.3707"},"timezone":{"offset":"-3:30","description":"Newfoundland"}},"email":"clifton.murray@example.com","login":{"uuid":"2a4221a5-6a31-49a3-9950-d6be28106b5c","username":"greenbear861","password":"mommy","salt":"AMnhMPlf","md5":"bb7b721b8e53891222ffd2a42010c4e7","sha1":"1a011ac20d26669b07200bb8e683dcc879217573","sha256":"6b0eddcd0ba9a41299739381fdc6e270a1f0c798d3495c9872c2a2a764936e3b"},"dob":{"date":"1966-11-19T05:52:52.500Z","age":57},"registered":{"date":"2016-12-26T04:24:08.520Z","age":7},"phone":"016974 08432","cell":"07307 590286","id":{"name":"NINO","value":"GE 17 83 03 H"},"picture":{"large":"https://randomuser.me/api/portraits/men/93.jpg","medium":"https://randomuser.me/api/portraits/med/men/93.jpg","thumbnail":"https://randomuser.me/api/portraits/thumb/men/93.jpg"},"nat":"GB"}],"info":{"seed":"c34fd7ab3706aa2f","results":1,"page":1,"version":"1.4"}} 
 </msg>
<msg time="2024-05-20T05:15:52.330292" level="INFO">/opt/hostedtoolcache/Python/3.12.3/x64/lib/python3.12/site-packages/urllib3/connectionpool.py:1103: InsecureRequestWarning: Unverified HTTPS request is being made to host 'randomuser.me'. Adding certificate verification is strongly advised. See: https://urllib3.readthedocs.io/en/latest/advanced-usage.html#tls-warnings
  warnings.warn(</msg>
<msg time="2024-05-20T05:15:52.330428" level="INFO">${response} = &lt;Response [200]&gt;</msg>
<var>${response}</var>
<arg>consultarAPI</arg>
<arg>/api</arg>
<doc>Sends a GET request on a previously created HTTP Session.</doc>
<status status="PASS" start="2024-05-20T05:15:52.228806" elapsed="0.101661"/>
</kw>
<kw name="Set Variable" owner="BuiltIn">
<msg time="2024-05-20T05:15:52.331588" level="INFO">${json_data} = {'results': [{'gender': 'male', 'name': {'title': 'Mr', 'first': 'Clifton', 'last': 'Murray'}, 'location': {'street': {'number': 1801, 'name': 'Fairview Road'}, 'city': 'Bradford', 'state': 'Mid Glamo...</msg>
<var>${json_data}</var>
<arg>${response.json()}</arg>
<doc>Returns the given values which can then be assigned to a variables.</doc>
<status status="PASS" start="2024-05-20T05:15:52.331064" elapsed="0.000553"/>
</kw>
<kw name="Log" owner="BuiltIn">
<msg time="2024-05-20T05:15:52.332110" level="INFO">{'results': [{'gender': 'male', 'name': {'title': 'Mr', 'first': 'Clifton', 'last': 'Murray'}, 'location': {'street': {'number': 1801, 'name': 'Fairview Road'}, 'city': 'Bradford', 'state': 'Mid Glamorgan', 'country': 'United Kingdom', 'postcode': 'L0C 9ST', 'coordinates': {'latitude': '-5.9040', 'longitude': '-118.3707'}, 'timezone': {'offset': '-3:30', 'description': 'Newfoundland'}}, 'email': 'clifton.murray@example.com', 'login': {'uuid': '2a4221a5-6a31-49a3-9950-d6be28106b5c', 'username': 'greenbear861', 'password': 'mommy', 'salt': 'AMnhMPlf', 'md5': 'bb7b721b8e53891222ffd2a42010c4e7', 'sha1': '1a011ac20d26669b07200bb8e683dcc879217573', 'sha256': '6b0eddcd0ba9a41299739381fdc6e270a1f0c798d3495c9872c2a2a764936e3b'}, 'dob': {'date': '1966-11-19T05:52:52.500Z', 'age': 57}, 'registered': {'date': '2016-12-26T04:24:08.520Z', 'age': 7}, 'phone': '016974 08432', 'cell': '07307 590286', 'id': {'name': 'NINO', 'value': 'GE 17 83 03 H'}, 'picture': {'large': 'https://randomuser.me/api/portraits/men/93.jpg', 'medium': 'https://randomuser.me/api/portraits/med/men/93.jpg', 'thumbnail': 'https://randomuser.me/api/portraits/thumb/men/93.jpg'}, 'nat': 'GB'}], 'info': {'seed': 'c34fd7ab3706aa2f', 'results': 1, 'page': 1, 'version': '1.4'}}</msg>
<arg>${json_data}</arg>
<doc>Logs the given message with the given level.</doc>
<status status="PASS" start="2024-05-20T05:15:52.331943" elapsed="0.000226"/>
</kw>
<kw name="Dictionary Should Contain Key" owner="Collections">
<msg time="2024-05-20T05:15:52.332634" level="INFO">False</msg>
<arg>${json_data}</arg>
<arg>results</arg>
<doc>Fails if ``key`` is not found from ``dictionary``.</doc>
<status status="PASS" start="2024-05-20T05:15:52.332473" elapsed="0.000197"/>
</kw>
<kw name="Should Not Be Empty" owner="BuiltIn">
<msg time="2024-05-20T05:15:52.333095" level="INFO">Length is 2.</msg>
<arg>${json_data}</arg>
<doc>Verifies that the given item is not empty.</doc>
<status status="PASS" start="2024-05-20T05:15:52.332960" elapsed="0.000344"/>
</kw>
<kw name="Create List" owner="BuiltIn">
<msg time="2024-05-20T05:15:52.333788" level="INFO">${expected_keys} = ['gender', 'name', 'location', 'email', 'login']</msg>
<var>${expected_keys}</var>
<arg>gender</arg>
<arg>name</arg>
<arg>location</arg>
<arg>email</arg>
<arg>login</arg>
<doc>Returns a list containing given items.</doc>
<status status="PASS" start="2024-05-20T05:15:52.333603" elapsed="0.000214"/>
</kw>
<for flavor="IN">
<iter>
<kw name="Dictionary Should Contain Key" owner="Collections">
<msg time="2024-05-20T05:15:52.334816" level="INFO">False</msg>
<arg>${json_data['results'][0]}</arg>
<arg>${key}</arg>
<doc>Fails if ``key`` is not found from ``dictionary``.</doc>
<status status="PASS" start="2024-05-20T05:15:52.334409" elapsed="0.000447"/>
</kw>
<kw name="Log" owner="BuiltIn">
<msg time="2024-05-20T05:15:52.335533" level="INFO">{'gender': 'male', 'name': {'title': 'Mr', 'first': 'Clifton', 'last': 'Murray'}, 'location': {'street': {'number': 1801, 'name': 'Fairview Road'}, 'city': 'Bradford', 'state': 'Mid Glamorgan', 'country': 'United Kingdom', 'postcode': 'L0C 9ST', 'coordinates': {'latitude': '-5.9040', 'longitude': '-118.3707'}, 'timezone': {'offset': '-3:30', 'description': 'Newfoundland'}}, 'email': 'clifton.murray@example.com', 'login': {'uuid': '2a4221a5-6a31-49a3-9950-d6be28106b5c', 'username': 'greenbear861', 'password': 'mommy', 'salt': 'AMnhMPlf', 'md5': 'bb7b721b8e53891222ffd2a42010c4e7', 'sha1': '1a011ac20d26669b07200bb8e683dcc879217573', 'sha256': '6b0eddcd0ba9a41299739381fdc6e270a1f0c798d3495c9872c2a2a764936e3b'}, 'dob': {'date': '1966-11-19T05:52:52.500Z', 'age': 57}, 'registered': {'date': '2016-12-26T04:24:08.520Z', 'age': 7}, 'phone': '016974 08432', 'cell': '07307 590286', 'id': {'name': 'NINO', 'value': 'GE 17 83 03 H'}, 'picture': {'large': 'https://randomuser.me/api/portraits/men/93.jpg', 'medium': 'https://randomuser.me/api/portraits/med/men/93.jpg', 'thumbnail': 'https://randomuser.me/api/portraits/thumb/men/93.jpg'}, 'nat': 'GB'}</msg>
<arg>${json_data['results'][0]}</arg>
<doc>Logs the given message with the given level.</doc>
<status status="PASS" start="2024-05-20T05:15:52.335169" elapsed="0.000413"/>
</kw>
<kw name="Log" owner="BuiltIn">
<msg time="2024-05-20T05:15:52.336034" level="INFO">gender</msg>
<arg>${key}</arg>
<doc>Logs the given message with the given level.</doc>
<status status="PASS" start="2024-05-20T05:15:52.335898" elapsed="0.000175"/>
</kw>
<var name="${key}">gender</var>
<status status="PASS" start="2024-05-20T05:15:52.334277" elapsed="0.002018"/>
</iter>
<iter>
<kw name="Dictionary Should Contain Key" owner="Collections">
<msg time="2024-05-20T05:15:52.336983" level="INFO">False</msg>
<arg>${json_data['results'][0]}</arg>
<arg>${key}</arg>
<doc>Fails if ``key`` is not found from ``dictionary``.</doc>
<status status="PASS" start="2024-05-20T05:15:52.336596" elapsed="0.000426"/>
</kw>
<kw name="Log" owner="BuiltIn">
<msg time="2024-05-20T05:15:52.337735" level="INFO">{'gender': 'male', 'name': {'title': 'Mr', 'first': 'Clifton', 'last': 'Murray'}, 'location': {'street': {'number': 1801, 'name': 'Fairview Road'}, 'city': 'Bradford', 'state': 'Mid Glamorgan', 'country': 'United Kingdom', 'postcode': 'L0C 9ST', 'coordinates': {'latitude': '-5.9040', 'longitude': '-118.3707'}, 'timezone': {'offset': '-3:30', 'description': 'Newfoundland'}}, 'email': 'clifton.murray@example.com', 'login': {'uuid': '2a4221a5-6a31-49a3-9950-d6be28106b5c', 'username': 'greenbear861', 'password': 'mommy', 'salt': 'AMnhMPlf', 'md5': 'bb7b721b8e53891222ffd2a42010c4e7', 'sha1': '1a011ac20d26669b07200bb8e683dcc879217573', 'sha256': '6b0eddcd0ba9a41299739381fdc6e270a1f0c798d3495c9872c2a2a764936e3b'}, 'dob': {'date': '1966-11-19T05:52:52.500Z', 'age': 57}, 'registered': {'date': '2016-12-26T04:24:08.520Z', 'age': 7}, 'phone': '016974 08432', 'cell': '07307 590286', 'id': {'name': 'NINO', 'value': 'GE 17 83 03 H'}, 'picture': {'large': 'https://randomuser.me/api/portraits/men/93.jpg', 'medium': 'https://randomuser.me/api/portraits/med/men/93.jpg', 'thumbnail': 'https://randomuser.me/api/portraits/thumb/men/93.jpg'}, 'nat': 'GB'}</msg>
<arg>${json_data['results'][0]}</arg>
<doc>Logs the given message with the given level.</doc>
<status status="PASS" start="2024-05-20T05:15:52.337366" elapsed="0.000458"/>
</kw>
<kw name="Log" owner="BuiltIn">
<msg time="2024-05-20T05:15:52.338277" level="INFO">name</msg>
<arg>${key}</arg>
<doc>Logs the given message with the given level.</doc>
<status status="PASS" start="2024-05-20T05:15:52.338142" elapsed="0.000175"/>
</kw>
<var name="${key}">name</var>
<status status="PASS" start="2024-05-20T05:15:52.336482" elapsed="0.002061"/>
</iter>
<iter>
<kw name="Dictionary Should Contain Key" owner="Collections">
<msg time="2024-05-20T05:15:52.339239" level="INFO">False</msg>
<arg>${json_data['results'][0]}</arg>
<arg>${key}</arg>
<doc>Fails if ``key`` is not found from ``dictionary``.</doc>
<status status="PASS" start="2024-05-20T05:15:52.338840" elapsed="0.000438"/>
</kw>
<kw name="Log" owner="BuiltIn">
<msg time="2024-05-20T05:15:52.339953" level="INFO">{'gender': 'male', 'name': {'title': 'Mr', 'first': 'Clifton', 'last': 'Murray'}, 'location': {'street': {'number': 1801, 'name': 'Fairview Road'}, 'city': 'Bradford', 'state': 'Mid Glamorgan', 'country': 'United Kingdom', 'postcode': 'L0C 9ST', 'coordinates': {'latitude': '-5.9040', 'longitude': '-118.3707'}, 'timezone': {'offset': '-3:30', 'description': 'Newfoundland'}}, 'email': 'clifton.murray@example.com', 'login': {'uuid': '2a4221a5-6a31-49a3-9950-d6be28106b5c', 'username': 'greenbear861', 'password': 'mommy', 'salt': 'AMnhMPlf', 'md5': 'bb7b721b8e53891222ffd2a42010c4e7', 'sha1': '1a011ac20d26669b07200bb8e683dcc879217573', 'sha256': '6b0eddcd0ba9a41299739381fdc6e270a1f0c798d3495c9872c2a2a764936e3b'}, 'dob': {'date': '1966-11-19T05:52:52.500Z', 'age': 57}, 'registered': {'date': '2016-12-26T04:24:08.520Z', 'age': 7}, 'phone': '016974 08432', 'cell': '07307 590286', 'id': {'name': 'NINO', 'value': 'GE 17 83 03 H'}, 'picture': {'large': 'https://randomuser.me/api/portraits/men/93.jpg', 'medium': 'https://randomuser.me/api/portraits/med/men/93.jpg', 'thumbnail': 'https://randomuser.me/api/portraits/thumb/men/93.jpg'}, 'nat': 'GB'}</msg>
<arg>${json_data['results'][0]}</arg>
<doc>Logs the given message with the given level.</doc>
<status status="PASS" start="2024-05-20T05:15:52.339589" elapsed="0.000413"/>
</kw>
<kw name="Log" owner="BuiltIn">
<msg time="2024-05-20T05:15:52.340438" level="INFO">location</msg>
<arg>${key}</arg>
<doc>Logs the given message with the given level.</doc>
<status status="PASS" start="2024-05-20T05:15:52.340307" elapsed="0.000172"/>
</kw>
<var name="${key}">location</var>
<status status="PASS" start="2024-05-20T05:15:52.338723" elapsed="0.001975"/>
</iter>
<iter>
<kw name="Dictionary Should Contain Key" owner="Collections">
<msg time="2024-05-20T05:15:52.341371" level="INFO">False</msg>
<arg>${json_data['results'][0]}</arg>
<arg>${key}</arg>
<doc>Fails if ``key`` is not found from ``dictionary``.</doc>
<status status="PASS" start="2024-05-20T05:15:52.340982" elapsed="0.000426"/>
</kw>
<kw name="Log" owner="BuiltIn">
<msg time="2024-05-20T05:15:52.342125" level="INFO">{'gender': 'male', 'name': {'title': 'Mr', 'first': 'Clifton', 'last': 'Murray'}, 'location': {'street': {'number': 1801, 'name': 'Fairview Road'}, 'city': 'Bradford', 'state': 'Mid Glamorgan', 'country': 'United Kingdom', 'postcode': 'L0C 9ST', 'coordinates': {'latitude': '-5.9040', 'longitude': '-118.3707'}, 'timezone': {'offset': '-3:30', 'description': 'Newfoundland'}}, 'email': 'clifton.murray@example.com', 'login': {'uuid': '2a4221a5-6a31-49a3-9950-d6be28106b5c', 'username': 'greenbear861', 'password': 'mommy', 'salt': 'AMnhMPlf', 'md5': 'bb7b721b8e53891222ffd2a42010c4e7', 'sha1': '1a011ac20d26669b07200bb8e683dcc879217573', 'sha256': '6b0eddcd0ba9a41299739381fdc6e270a1f0c798d3495c9872c2a2a764936e3b'}, 'dob': {'date': '1966-11-19T05:52:52.500Z', 'age': 57}, 'registered': {'date': '2016-12-26T04:24:08.520Z', 'age': 7}, 'phone': '016974 08432', 'cell': '07307 590286', 'id': {'name': 'NINO', 'value': 'GE 17 83 03 H'}, 'picture': {'large': 'https://randomuser.me/api/portraits/men/93.jpg', 'medium': 'https://randomuser.me/api/portraits/med/men/93.jpg', 'thumbnail': 'https://randomuser.me/api/portraits/thumb/men/93.jpg'}, 'nat': 'GB'}</msg>
<arg>${json_data['results'][0]}</arg>
<doc>Logs the given message with the given level.</doc>
<status status="PASS" start="2024-05-20T05:15:52.341720" elapsed="0.000465"/>
</kw>
<kw name="Log" owner="BuiltIn">
<msg time="2024-05-20T05:15:52.342626" level="INFO">email</msg>
<arg>${key}</arg>
<doc>Logs the given message with the given level.</doc>
<status status="PASS" start="2024-05-20T05:15:52.342495" elapsed="0.000172"/>
</kw>
<var name="${key}">email</var>
<status status="PASS" start="2024-05-20T05:15:52.340872" elapsed="0.002023"/>
</iter>
<iter>
<kw name="Dictionary Should Contain Key" owner="Collections">
<msg time="2024-05-20T05:15:52.343576" level="INFO">False</msg>
<arg>${json_data['results'][0]}</arg>
<arg>${key}</arg>
<doc>Fails if ``key`` is not found from ``dictionary``.</doc>
<status status="PASS" start="2024-05-20T05:15:52.343182" elapsed="0.000433"/>
</kw>
<kw name="Log" owner="BuiltIn">
<msg time="2024-05-20T05:15:52.344291" level="INFO">{'gender': 'male', 'name': {'title': 'Mr', 'first': 'Clifton', 'last': 'Murray'}, 'location': {'street': {'number': 1801, 'name': 'Fairview Road'}, 'city': 'Bradford', 'state': 'Mid Glamorgan', 'country': 'United Kingdom', 'postcode': 'L0C 9ST', 'coordinates': {'latitude': '-5.9040', 'longitude': '-118.3707'}, 'timezone': {'offset': '-3:30', 'description': 'Newfoundland'}}, 'email': 'clifton.murray@example.com', 'login': {'uuid': '2a4221a5-6a31-49a3-9950-d6be28106b5c', 'username': 'greenbear861', 'password': 'mommy', 'salt': 'AMnhMPlf', 'md5': 'bb7b721b8e53891222ffd2a42010c4e7', 'sha1': '1a011ac20d26669b07200bb8e683dcc879217573', 'sha256': '6b0eddcd0ba9a41299739381fdc6e270a1f0c798d3495c9872c2a2a764936e3b'}, 'dob': {'date': '1966-11-19T05:52:52.500Z', 'age': 57}, 'registered': {'date': '2016-12-26T04:24:08.520Z', 'age': 7}, 'phone': '016974 08432', 'cell': '07307 590286', 'id': {'name': 'NINO', 'value': 'GE 17 83 03 H'}, 'picture': {'large': 'https://randomuser.me/api/portraits/men/93.jpg', 'medium': 'https://randomuser.me/api/portraits/med/men/93.jpg', 'thumbnail': 'https://randomuser.me/api/portraits/thumb/men/93.jpg'}, 'nat': 'GB'}</msg>
<arg>${json_data['results'][0]}</arg>
<doc>Logs the given message with the given level.</doc>
<status status="PASS" start="2024-05-20T05:15:52.343918" elapsed="0.000422"/>
</kw>
<kw name="Log" owner="BuiltIn">
<msg time="2024-05-20T05:15:52.344773" level="INFO">login</msg>
<arg>${key}</arg>
<doc>Logs the given message with the given level.</doc>
<status status="PASS" start="2024-05-20T05:15:52.344643" elapsed="0.000167"/>
</kw>
<var name="${key}">login</var>
<status status="PASS" start="2024-05-20T05:15:52.343068" elapsed="0.001995"/>
</iter>
<var>${key}</var>
<value>@{expected_keys}</value>
<status status="PASS" start="2024-05-20T05:15:52.334085" elapsed="0.011108"/>
</for>
<kw name="Create List" owner="BuiltIn">
<msg time="2024-05-20T05:15:52.345529" level="INFO">${expected_keysTwo} = ['username', 'password']</msg>
<var>${expected_keysTwo}</var>
<arg>username</arg>
<arg>password</arg>
<doc>Returns a list containing given items.</doc>
<status status="PASS" start="2024-05-20T05:15:52.345388" elapsed="0.000164"/>
</kw>
<for flavor="IN">
<iter>
<kw name="Dictionary Should Contain Key" owner="Collections">
<msg time="2024-05-20T05:15:52.346495" level="INFO">False</msg>
<arg>${json_data['results'][0]['login']}</arg>
<arg>${keyTwo}</arg>
<doc>Fails if ``key`` is not found from ``dictionary``.</doc>
<status status="PASS" start="2024-05-20T05:15:52.346101" elapsed="0.000431"/>
</kw>
<kw name="Dictionary Should Contain Key" owner="Collections">
<msg time="2024-05-20T05:15:52.347226" level="INFO">False</msg>
<arg>${json_data['results'][0]['login']}</arg>
<arg>${keyTwo}</arg>
<doc>Fails if ``key`` is not found from ``dictionary``.</doc>
<status status="PASS" start="2024-05-20T05:15:52.346838" elapsed="0.000428"/>
</kw>
<kw name="Log" owner="BuiltIn">
<msg time="2024-05-20T05:15:52.347722" level="INFO">username</msg>
<arg>${keyTwo}</arg>
<doc>Logs the given message with the given level.</doc>
<status status="PASS" start="2024-05-20T05:15:52.347576" elapsed="0.000195"/>
</kw>
<var name="${keyTwo}">username</var>
<status status="PASS" start="2024-05-20T05:15:52.345987" elapsed="0.002035"/>
</iter>
<iter>
<kw name="Dictionary Should Contain Key" owner="Collections">
<msg time="2024-05-20T05:15:52.348808" level="INFO">False</msg>
<arg>${json_data['results'][0]['login']}</arg>
<arg>${keyTwo}</arg>
<doc>Fails if ``key`` is not found from ``dictionary``.</doc>
<status status="PASS" start="2024-05-20T05:15:52.348321" elapsed="0.000534"/>
</kw>
<kw name="Dictionary Should Contain Key" owner="Collections">
<msg time="2024-05-20T05:15:52.349557" level="INFO">False</msg>
<arg>${json_data['results'][0]['login']}</arg>
<arg>${keyTwo}</arg>
<doc>Fails if ``key`` is not found from ``dictionary``.</doc>
<status status="PASS" start="2024-05-20T05:15:52.349175" elapsed="0.000422"/>
</kw>
<kw name="Log" owner="BuiltIn">
<msg time="2024-05-20T05:15:52.350063" level="INFO">password</msg>
<arg>${keyTwo}</arg>
<doc>Logs the given message with the given level.</doc>
<status status="PASS" start="2024-05-20T05:15:52.349930" elapsed="0.000173"/>
</kw>
<var name="${keyTwo}">password</var>
<status status="PASS" start="2024-05-20T05:15:52.348197" elapsed="0.002134"/>
</iter>
<var>${keyTwo}</var>
<value>@{expected_keysTwo}</value>
<status status="PASS" start="2024-05-20T05:15:52.345826" elapsed="0.004627"/>
</for>
<status status="PASS" start="2024-05-20T05:15:52.228560" elapsed="0.122036"/>
</kw>
<doc>Testa a estrutura da resposta da API.</doc>
<tag>testeEstruturaResposta</tag>
<status status="PASS" start="2024-05-20T05:15:52.228057" elapsed="0.122703"/>
</test>
<test id="s1-s1-t4" name="Validar tipos de dados" line="28">
<kw name="Teste de Tipos de Dados" owner="random-user-service">
<kw name="GET On Session" owner="RequestsLibrary">
<msg time="2024-05-20T05:15:52.460120" level="INFO">GET Request : url=https://randomuser.me/api 
 path_url=/api 
 headers={'User-Agent': 'python-requests/2.31.0', 'Accept-Encoding': 'gzip, deflate', 'Accept': '*/*', 'Connection': 'keep-alive'} 
 body=None 
 </msg>
<msg time="2024-05-20T05:15:52.460235" level="INFO">GET Response : url=https://randomuser.me/api 
 status=200, reason=OK 
 headers={'Date': 'Mon, 20 May 2024 05:15:52 GMT', 'Content-Type': 'application/json; charset=utf-8', 'Transfer-Encoding': 'chunked', 'Connection': 'keep-alive', 'X-Powered-By': 'Express', 'Access-Control-Allow-Origin': '*', 'Cache-Control': 'no-cache', 'ETag': 'W/"4a6-a4/CtWDmcMXSEcdtLbQSvFhkmWQ"', 'Vary': 'Accept-Encoding', 'Content-Encoding': 'gzip', 'CF-Cache-Status': 'DYNAMIC', 'Report-To': '{"endpoints":[{"url":"https:\\/\\/a.nel.cloudflare.com\\/report\\/v4?s=3Dpb674ONse%2B5hi23GikW7oCngPWAh2qGIaUsSIfYU7Zot6%2BfZ0%2Bf3XnRIcuXckiOgFILYkErtI6AVEnvXSlTfTx7Z4mIo54OARDc3HPnkeH5Klnhjsf3zb9Rp8YGnXP"}],"group":"cf-nel","max_age":604800}', 'NEL': '{"success_fraction":0,"report_to":"cf-nel","max_age":604800}', 'Server': 'cloudflare', 'CF-RAY': '8869d9f439ef7e76-LAX', 'alt-svc': 'h3=":443"; ma=86400'} 
 body={"results":[{"gender":"female","name":{"title":"Ms","first":"سارینا","last":"کریمی"},"location":{"street":{"number":6646,"name":"جلال آل احمد"},"city":"بندرعباس","state":"خوزستان","country":"Iran","postcode":36179,"coordinates":{"latitude":"14.9834","longitude":"170.8744"},"timezone":{"offset":"+5:30","description":"Bombay, Calcutta, Madras, New Delhi"}},"email":"sryn.khrymy@example.com","login":{"uuid":"7ddba235-468c-4da2-9069-dcaf5d6ca23a","username":"organicsnake775","password":"gustav","salt":"AGXYPhJc","md5":"4c4d3dda6df694be5c4140e11b0d0638","sha1":"acbc873779827731fffc644fc7f4ae6024b477dd","sha256":"f40ba154e8ce18049932472655a296a1df7ee0ddbf4077240e23dde247fa97ad"},"dob":{"date":"1980-12-13T11:26:17.829Z","age":43},"registered":{"date":"2022-05-07T01:56:02.798Z","age":2},"phone":"083-76126157","cell":"0953-779-4988","id":{"name":"","value":null},"picture":{"large":"https://randomuser.me/api/portraits/women/32.jpg","medium":"https://randomuser.me/api/portraits/med/women/32.jpg","thumbnail":"https://randomuser.me/api/portraits/thumb/women/32.jpg"},"nat":"IR"}],"info":{"seed":"963db96b881aea2f","results":1,"page":1,"version":"1.4"}} 
 </msg>
<msg time="2024-05-20T05:15:52.460322" level="INFO">/opt/hostedtoolcache/Python/3.12.3/x64/lib/python3.12/site-packages/urllib3/connectionpool.py:1103: InsecureRequestWarning: Unverified HTTPS request is being made to host 'randomuser.me'. Adding certificate verification is strongly advised. See: https://urllib3.readthedocs.io/en/latest/advanced-usage.html#tls-warnings
  warnings.warn(</msg>
<msg time="2024-05-20T05:15:52.460462" level="INFO">${response} = &lt;Response [200]&gt;</msg>
<var>${response}</var>
<arg>consultarAPI</arg>
<arg>/api</arg>
<doc>Sends a GET request on a previously created HTTP Session.</doc>
<status status="PASS" start="2024-05-20T05:15:52.353321" elapsed="0.107181"/>
</kw>
<kw name="Set Variable" owner="BuiltIn">
<msg time="2024-05-20T05:15:52.461579" level="INFO">${json_data} = {'results': [{'gender': 'female', 'name': {'title': 'Ms', 'first': 'سارینا', 'last': 'کریمی'}, 'location': {'street': {'number': 6646, 'name': 'جلال آل احمد'}, 'city': 'بندرعباس', 'state': 'خوزستان', ...</msg>
<var>${json_data}</var>
<arg>${response.json()}</arg>
<doc>Returns the given values which can then be assigned to a variables.</doc>
<status status="PASS" start="2024-05-20T05:15:52.461040" elapsed="0.000571"/>
</kw>
<kw name="Log" owner="BuiltIn">
<msg time="2024-05-20T05:15:52.462140" level="INFO">{'results': [{'gender': 'female', 'name': {'title': 'Ms', 'first': 'سارینا', 'last': 'کریمی'}, 'location': {'street': {'number': 6646, 'name': 'جلال آل احمد'}, 'city': 'بندرعباس', 'state': 'خوزستان', 'country': 'Iran', 'postcode': 36179, 'coordinates': {'latitude': '14.9834', 'longitude': '170.8744'}, 'timezone': {'offset': '+5:30', 'description': 'Bombay, Calcutta, Madras, New Delhi'}}, 'email': 'sryn.khrymy@example.com', 'login': {'uuid': '7ddba235-468c-4da2-9069-dcaf5d6ca23a', 'username': 'organicsnake775', 'password': 'gustav', 'salt': 'AGXYPhJc', 'md5': '4c4d3dda6df694be5c4140e11b0d0638', 'sha1': 'acbc873779827731fffc644fc7f4ae6024b477dd', 'sha256': 'f40ba154e8ce18049932472655a296a1df7ee0ddbf4077240e23dde247fa97ad'}, 'dob': {'date': '1980-12-13T11:26:17.829Z', 'age': 43}, 'registered': {'date': '2022-05-07T01:56:02.798Z', 'age': 2}, 'phone': '083-76126157', 'cell': '0953-779-4988', 'id': {'name': '', 'value': None}, 'picture': {'large': 'https://randomuser.me/api/portraits/women/32.jpg', 'medium': 'https://randomuser.me/api/portraits/med/women/32.jpg', 'thumbnail': 'https://randomuser.me/api/portraits/thumb/women/32.jpg'}, 'nat': 'IR'}], 'info': {'seed': '963db96b881aea2f', 'results': 1, 'page': 1, 'version': '1.4'}}</msg>
<arg>${json_data}</arg>
<doc>Logs the given message with the given level.</doc>
<status status="PASS" start="2024-05-20T05:15:52.461974" elapsed="0.000256"/>
</kw>
<kw name="Should Be String" owner="String">
<arg>${json_data['results'][0]['gender']}</arg>
<doc>Fails if the given ``item`` is not a string.</doc>
<status status="PASS" start="2024-05-20T05:15:52.462540" elapsed="0.000367"/>
</kw>
<kw name="Should Match Regexp" owner="BuiltIn">
<arg>${json_data['results'][0]['email']}</arg>
<arg>^[a-zA-Z0-9._%+-]+@[a-zA-Z0-9.-]+\.[a-zA-Z]{2,}$</arg>
<doc>Fails if ``string`` does not match ``pattern`` as a regular expression.</doc>
<status status="PASS" start="2024-05-20T05:15:52.463113" elapsed="0.000524"/>
</kw>
<kw name="Should Match Regexp" owner="BuiltIn">
<arg>${json_data['results'][0]['dob']['date']}</arg>
<arg>\\d{4}-\\d{2}-\\d{2}T\\d{2}:\\d{2}:\\d{2}\\.\\d{3}Z</arg>
<doc>Fails if ``string`` does not match ``pattern`` as a regular expression.</doc>
<status status="PASS" start="2024-05-20T05:15:52.463837" elapsed="0.000496"/>
</kw>
<kw name="Should Match Regexp" owner="BuiltIn">
<arg>${json_data['results'][0]['registered']['date']}</arg>
<arg>\\d{4}-\\d{2}-\\d{2}T\\d{2}:\\d{2}:\\d{2}\\.\\d{3}Z</arg>
<doc>Fails if ``string`` does not match ``pattern`` as a regular expression.</doc>
<status status="PASS" start="2024-05-20T05:15:52.464529" elapsed="0.000374"/>
</kw>
<kw name="Should Match Regexp" owner="BuiltIn">
<arg>${json_data['results'][0]['picture']['large']}</arg>
<arg>^https?://.*\.(?:png|jpe?g|gif|bmp)$</arg>
<doc>Fails if ``string`` does not match ``pattern`` as a regular expression.</doc>
<status status="PASS" start="2024-05-20T05:15:52.465101" elapsed="0.000470"/>
</kw>
<kw name="Should Match Regexp" owner="BuiltIn">
<arg>${json_data['results'][0]['picture']['medium']}</arg>
<arg>^https?://.*\.(?:png|jpe?g|gif|bmp)$</arg>
<doc>Fails if ``string`` does not match ``pattern`` as a regular expression.</doc>
<status status="PASS" start="2024-05-20T05:15:52.465787" elapsed="0.000367"/>
</kw>
<kw name="Should Match Regexp" owner="BuiltIn">
<arg>${json_data['results'][0]['picture']['thumbnail']}</arg>
<arg>^https?://.*\.(?:png|jpe?g|gif|bmp)$</arg>
<doc>Fails if ``string`` does not match ``pattern`` as a regular expression.</doc>
<status status="PASS" start="2024-05-20T05:15:52.466354" elapsed="0.000364"/>
</kw>
<kw name="Log" owner="BuiltIn">
<msg time="2024-05-20T05:15:52.467235" level="INFO">{'large': 'https://randomuser.me/api/portraits/women/32.jpg', 'medium': 'https://randomuser.me/api/portraits/med/women/32.jpg', 'thumbnail': 'https://randomuser.me/api/portraits/thumb/women/32.jpg'}</msg>
<arg>${json_data['results'][0]['picture']}</arg>
<doc>Logs the given message with the given level.</doc>
<status status="PASS" start="2024-05-20T05:15:52.466906" elapsed="0.000372"/>
</kw>
<status status="PASS" start="2024-05-20T05:15:52.353086" elapsed="0.114462"/>
</kw>
<kw name="Teste de Tipos de Dados - Postcode" owner="random-user-service">
<kw name="GET On Session" owner="RequestsLibrary">
<msg time="2024-05-20T05:15:52.561967" level="INFO">GET Request : url=https://randomuser.me/api 
 path_url=/api 
 headers={'User-Agent': 'python-requests/2.31.0', 'Accept-Encoding': 'gzip, deflate', 'Accept': '*/*', 'Connection': 'keep-alive'} 
 body=None 
 </msg>
<msg time="2024-05-20T05:15:52.562079" level="INFO">GET Response : url=https://randomuser.me/api 
 status=200, reason=OK 
 headers={'Date': 'Mon, 20 May 2024 05:15:52 GMT', 'Content-Type': 'application/json; charset=utf-8', 'Transfer-Encoding': 'chunked', 'Connection': 'keep-alive', 'X-Powered-By': 'Express', 'Access-Control-Allow-Origin': '*', 'Cache-Control': 'no-cache', 'ETag': 'W/"487-2uXZmksmfAjohyArqforg4TIdRc"', 'Vary': 'Accept-Encoding', 'Content-Encoding': 'gzip', 'CF-Cache-Status': 'DYNAMIC', 'Report-To': '{"endpoints":[{"url":"https:\\/\\/a.nel.cloudflare.com\\/report\\/v4?s=ajHncL8g5CEWm%2BOWa793wjp1qLdIPPiIfcp%2FV550vMX1xs8hs9Z%2BpCiDDhhnrCob5sC5N6r23YFPf0b%2F3IHwH6SXL3M4GY43CxDkFeQG5atwZLqQhsmAjt3VP6iXIyjg"}],"group":"cf-nel","max_age":604800}', 'NEL': '{"success_fraction":0,"report_to":"cf-nel","max_age":604800}', 'Server': 'cloudflare', 'CF-RAY': '8869d9f4ea977e76-LAX', 'alt-svc': 'h3=":443"; ma=86400'} 
 body={"results":[{"gender":"male","name":{"title":"Mr","first":"Denis","last":"Baltacha"},"location":{"street":{"number":6807,"name":"Listopadna"},"city":"Zhitomir","state":"Zakarpatska","country":"Ukraine","postcode":36567,"coordinates":{"latitude":"78.8907","longitude":"-153.9527"},"timezone":{"offset":"+8:00","description":"Beijing, Perth, Singapore, Hong Kong"}},"email":"denis.baltacha@example.com","login":{"uuid":"50da8444-556a-4d4e-8fde-8029793679a1","username":"smalltiger605","password":"willy","salt":"xvyP2q5G","md5":"00fa571c8bb8435c0ae83d53c276cc4e","sha1":"c866aab5df2b11e6a83e888459b0244b53abf873","sha256":"abafec06f4065386f5b3b631d430034d61ec759b3a191a23e3fd4defc17340b9"},"dob":{"date":"1947-12-02T01:46:06.414Z","age":76},"registered":{"date":"2004-10-11T09:43:15.099Z","age":19},"phone":"(096) P24-4560","cell":"(066) O47-0176","id":{"name":"","value":null},"picture":{"large":"https://randomuser.me/api/portraits/men/61.jpg","medium":"https://randomuser.me/api/portraits/med/men/61.jpg","thumbnail":"https://randomuser.me/api/portraits/thumb/men/61.jpg"},"nat":"UA"}],"info":{"seed":"eb4547bb42a3b668","results":1,"page":1,"version":"1.4"}} 
 </msg>
<msg time="2024-05-20T05:15:52.562154" level="INFO">/opt/hostedtoolcache/Python/3.12.3/x64/lib/python3.12/site-packages/urllib3/connectionpool.py:1103: InsecureRequestWarning: Unverified HTTPS request is being made to host 'randomuser.me'. Adding certificate verification is strongly advised. See: https://urllib3.readthedocs.io/en/latest/advanced-usage.html#tls-warnings
  warnings.warn(</msg>
<msg time="2024-05-20T05:15:52.562274" level="INFO">${response} = &lt;Response [200]&gt;</msg>
<var>${response}</var>
<arg>consultarAPI</arg>
<arg>/api</arg>
<doc>Sends a GET request on a previously created HTTP Session.</doc>
<status status="PASS" start="2024-05-20T05:15:52.468021" elapsed="0.094293"/>
</kw>
<kw name="Set Variable" owner="BuiltIn">
<msg time="2024-05-20T05:15:52.563366" level="INFO">${json_data} = {'results': [{'gender': 'male', 'name': {'title': 'Mr', 'first': 'Denis', 'last': 'Baltacha'}, 'location': {'street': {'number': 6807, 'name': 'Listopadna'}, 'city': 'Zhitomir', 'state': 'Zakarpatska'...</msg>
<var>${json_data}</var>
<arg>${response.json()}</arg>
<doc>Returns the given values which can then be assigned to a variables.</doc>
<status status="PASS" start="2024-05-20T05:15:52.562846" elapsed="0.000550"/>
</kw>
<kw name="Log" owner="BuiltIn">
<msg time="2024-05-20T05:15:52.563879" level="INFO">{'results': [{'gender': 'male', 'name': {'title': 'Mr', 'first': 'Denis', 'last': 'Baltacha'}, 'location': {'street': {'number': 6807, 'name': 'Listopadna'}, 'city': 'Zhitomir', 'state': 'Zakarpatska', 'country': 'Ukraine', 'postcode': 36567, 'coordinates': {'latitude': '78.8907', 'longitude': '-153.9527'}, 'timezone': {'offset': '+8:00', 'description': 'Beijing, Perth, Singapore, Hong Kong'}}, 'email': 'denis.baltacha@example.com', 'login': {'uuid': '50da8444-556a-4d4e-8fde-8029793679a1', 'username': 'smalltiger605', 'password': 'willy', 'salt': 'xvyP2q5G', 'md5': '00fa571c8bb8435c0ae83d53c276cc4e', 'sha1': 'c866aab5df2b11e6a83e888459b0244b53abf873', 'sha256': 'abafec06f4065386f5b3b631d430034d61ec759b3a191a23e3fd4defc17340b9'}, 'dob': {'date': '1947-12-02T01:46:06.414Z', 'age': 76}, 'registered': {'date': '2004-10-11T09:43:15.099Z', 'age': 19}, 'phone': '(096) P24-4560', 'cell': '(066) O47-0176', 'id': {'name': '', 'value': None}, 'picture': {'large': 'https://randomuser.me/api/portraits/men/61.jpg', 'medium': 'https://randomuser.me/api/portraits/med/men/61.jpg', 'thumbnail': 'https://randomuser.me/api/portraits/thumb/men/61.jpg'}, 'nat': 'UA'}], 'info': {'seed': 'eb4547bb42a3b668', 'results': 1, 'page': 1, 'version': '1.4'}}</msg>
<arg>${json_data}</arg>
<doc>Logs the given message with the given level.</doc>
<status status="PASS" start="2024-05-20T05:15:52.563724" elapsed="0.000236"/>
</kw>
<kw name="Should Be Equal As Numbers" owner="BuiltIn">
<arg>${json_data['results'][0]['location']['postcode']}</arg>
<arg>${json_data['results'][0]['location']['postcode']}</arg>
<doc>Fails if objects are unequal after converting them to real numbers.</doc>
<status status="PASS" start="2024-05-20T05:15:52.564447" elapsed="0.000665"/>
</kw>
<kw name="Log" owner="BuiltIn">
<msg time="2024-05-20T05:15:52.565646" level="INFO">36567</msg>
<arg>${json_data['results'][0]['location']['postcode']}</arg>
<doc>Logs the given message with the given level.</doc>
<status status="PASS" start="2024-05-20T05:15:52.565310" elapsed="0.000376"/>
</kw>
<status status="PASS" start="2024-05-20T05:15:52.467784" elapsed="0.098192"/>
</kw>
<doc>Testa se os tipos de dados na resposta da API estão corretos.</doc>
<tag>testeTiposDados</tag>
<status status="PASS" start="2024-05-20T05:15:52.352519" elapsed="0.213629"/>
</test>
<test id="s1-s1-t5" name="Validar conteudo" line="35">
<kw name="Teste de Tipos de Conteudo" owner="random-user-service">
<kw name="GET On Session" owner="RequestsLibrary">
<msg time="2024-05-20T05:15:52.659924" level="INFO">GET Request : url=https://randomuser.me/api 
 path_url=/api 
 headers={'User-Agent': 'python-requests/2.31.0', 'Accept-Encoding': 'gzip, deflate', 'Accept': '*/*', 'Connection': 'keep-alive'} 
 body=None 
 </msg>
<msg time="2024-05-20T05:15:52.660026" level="INFO">GET Response : url=https://randomuser.me/api 
 status=200, reason=OK 
 headers={'Date': 'Mon, 20 May 2024 05:15:52 GMT', 'Content-Type': 'application/json; charset=utf-8', 'Transfer-Encoding': 'chunked', 'Connection': 'keep-alive', 'X-Powered-By': 'Express', 'Access-Control-Allow-Origin': '*', 'Cache-Control': 'no-cache', 'ETag': 'W/"4a5-sEimd4HFQ6AdD2xqXeH/qtQ5c6Y"', 'Vary': 'Accept-Encoding', 'Content-Encoding': 'gzip', 'CF-Cache-Status': 'DYNAMIC', 'Report-To': '{"endpoints":[{"url":"https:\\/\\/a.nel.cloudflare.com\\/report\\/v4?s=VGUw4LE8ckjFAobRheBpaDRwefqLCjdru3Yg7OrsBTHyRfCDQCJB%2BUUe%2BbEmd4EMonXCSFBEmBP7CaeCaIKQyezmGTlwpN%2F8XuZcRjAsFNOQ7p9RPFxruIe2SlP%2BEsru"}],"group":"cf-nel","max_age":604800}', 'NEL': '{"success_fraction":0,"report_to":"cf-nel","max_age":604800}', 'Server': 'cloudflare', 'CF-RAY': '8869d9f59b2a7e76-LAX', 'alt-svc': 'h3=":443"; ma=86400'} 
 body={"results":[{"gender":"male","name":{"title":"Mr","first":"Mikael","last":"Luoma"},"location":{"street":{"number":2744,"name":"Hatanpään Valtatie"},"city":"Uurainen","state":"Southern Ostrobothnia","country":"Finland","postcode":25817,"coordinates":{"latitude":"-22.5681","longitude":"-59.6009"},"timezone":{"offset":"+1:00","description":"Brussels, Copenhagen, Madrid, Paris"}},"email":"mikael.luoma@example.com","login":{"uuid":"98742ec2-5941-474d-ac06-0efbed791c9d","username":"angrygoose118","password":"scamper","salt":"wJrgEqZA","md5":"d532e7f3a54c4845b0332eb09bf78e39","sha1":"23dc1f3639f8e87a5f8bda411e6d7f188efbd82d","sha256":"6a76e18c5579f273ade6d6aceaa4f0a6bc3d6ffecde48a79280c7c1dad745ac0"},"dob":{"date":"1996-08-22T17:00:15.742Z","age":27},"registered":{"date":"2021-09-06T01:14:26.573Z","age":2},"phone":"09-846-075","cell":"048-759-47-65","id":{"name":"HETU","value":"NaNNA843undefined"},"picture":{"large":"https://randomuser.me/api/portraits/men/69.jpg","medium":"https://randomuser.me/api/portraits/med/men/69.jpg","thumbnail":"https://randomuser.me/api/portraits/thumb/men/69.jpg"},"nat":"FI"}],"info":{"seed":"ef8c9bc796b8b4d1","results":1,"page":1,"version":"1.4"}} 
 </msg>
<msg time="2024-05-20T05:15:52.660102" level="INFO">/opt/hostedtoolcache/Python/3.12.3/x64/lib/python3.12/site-packages/urllib3/connectionpool.py:1103: InsecureRequestWarning: Unverified HTTPS request is being made to host 'randomuser.me'. Adding certificate verification is strongly advised. See: https://urllib3.readthedocs.io/en/latest/advanced-usage.html#tls-warnings
  warnings.warn(</msg>
<msg time="2024-05-20T05:15:52.660228" level="INFO">${response} = &lt;Response [200]&gt;</msg>
<var>${response}</var>
<arg>consultarAPI</arg>
<arg>/api</arg>
<doc>Sends a GET request on a previously created HTTP Session.</doc>
<status status="PASS" start="2024-05-20T05:15:52.568675" elapsed="0.091581"/>
</kw>
<kw name="Set Variable" owner="BuiltIn">
<msg time="2024-05-20T05:15:52.661489" level="INFO">${json_data} = {'results': [{'gender': 'male', 'name': {'title': 'Mr', 'first': 'Mikael', 'last': 'Luoma'}, 'location': {'street': {'number': 2744, 'name': 'Hatanpään Valtatie'}, 'city': 'Uurainen', 'state': 'Southe...</msg>
<var>${json_data}</var>
<arg>${response.json()}</arg>
<doc>Returns the given values which can then be assigned to a variables.</doc>
<status status="PASS" start="2024-05-20T05:15:52.660902" elapsed="0.000623"/>
</kw>
<kw name="Set Variable" owner="BuiltIn">
<msg time="2024-05-20T05:15:52.662515" level="INFO">${name_title} = Mr</msg>
<var>${name_title}</var>
<arg>${json_data["results"][0]["name"]["title"]}</arg>
<doc>Returns the given values which can then be assigned to a variables.</doc>
<status status="PASS" start="2024-05-20T05:15:52.662018" elapsed="0.000532"/>
</kw>
<kw name="Create List" owner="BuiltIn">
<msg time="2024-05-20T05:15:52.663056" level="INFO">${allowed_titles} = ['Mr', 'Ms', 'Miss', 'Mrs', 'Madame', 'Monsieur']</msg>
<var>${allowed_titles}</var>
<arg>Mr</arg>
<arg>Ms</arg>
<arg>Miss</arg>
<arg>Mrs</arg>
<arg>Madame</arg>
<arg>Monsieur</arg>
<doc>Returns a list containing given items.</doc>
<status status="PASS" start="2024-05-20T05:15:52.662899" elapsed="0.000181"/>
</kw>
<kw name="List Should Contain Value" owner="Collections">
<msg time="2024-05-20T05:15:52.663568" level="INFO">False</msg>
<arg>${allowed_titles}</arg>
<arg>${name_title}</arg>
<doc>Fails if the ``value`` is not found from ``list``.</doc>
<status status="PASS" start="2024-05-20T05:15:52.663386" elapsed="0.000221"/>
</kw>
<kw name="Set Variable" owner="BuiltIn">
<msg time="2024-05-20T05:15:52.664308" level="INFO">${name_country} = FI</msg>
<var>${name_country}</var>
<arg>${json_data["results"][0]["nat"]}</arg>
<doc>Returns the given values which can then be assigned to a variables.</doc>
<status status="PASS" start="2024-05-20T05:15:52.663904" elapsed="0.000429"/>
</kw>
<kw name="Create List" owner="BuiltIn">
<msg time="2024-05-20T05:15:52.665234" level="INFO">${list_country} = ['AD', 'AE', 'AF', 'AG', 'AI', 'AL', 'AM', 'AO', 'AQ', 'AR', 'AS', 'AT', 'AU', 'AW', 'AX', 'AZ', 'BA', 'BB', 'BD', 'BE', 'BF', 'BG', 'BH', 'BI', 'BJ', 'BL', 'BM', 'BN', 'BO', 'BQ', 'BR', 'BS', 'BT', '...</msg>
<var>${list_country}</var>
<arg>AD</arg>
<arg>AE</arg>
<arg>AF</arg>
<arg>AG</arg>
<arg>AI</arg>
<arg>AL</arg>
<arg>AM</arg>
<arg>AO</arg>
<arg>AQ</arg>
<arg>AR</arg>
<arg>AS</arg>
<arg>AT</arg>
<arg>AU</arg>
<arg>AW</arg>
<arg>AX</arg>
<arg>AZ</arg>
<arg>BA</arg>
<arg>BB</arg>
<arg>BD</arg>
<arg>BE</arg>
<arg>BF</arg>
<arg>BG</arg>
<arg>BH</arg>
<arg>BI</arg>
<arg>BJ</arg>
<arg>BL</arg>
<arg>BM</arg>
<arg>BN</arg>
<arg>BO</arg>
<arg>BQ</arg>
<arg>BR</arg>
<arg>BS</arg>
<arg>BT</arg>
<arg>BV</arg>
<arg>BW</arg>
<arg>BY</arg>
<arg>BZ</arg>
<arg>CA</arg>
<arg>CC</arg>
<arg>CD</arg>
<arg>CF</arg>
<arg>CG</arg>
<arg>CH</arg>
<arg>CI</arg>
<arg>CK</arg>
<arg>CL</arg>
<arg>CM</arg>
<arg>CN</arg>
<arg>CO</arg>
<arg>CR</arg>
<arg>CU</arg>
<arg>CV</arg>
<arg>CW</arg>
<arg>CX</arg>
<arg>CY</arg>
<arg>CZ</arg>
<arg>DE</arg>
<arg>DJ</arg>
<arg>DK</arg>
<arg>DM</arg>
<arg>DO</arg>
<arg>DZ</arg>
<arg>EC</arg>
<arg>EE</arg>
<arg>EG</arg>
<arg>EH</arg>
<arg>ER</arg>
<arg>ES</arg>
<arg>ET</arg>
<arg>FI</arg>
<arg>FJ</arg>
<arg>FK</arg>
<arg>FM</arg>
<arg>FO</arg>
<arg>FR</arg>
<arg>GA</arg>
<arg>GB</arg>
<arg>GD</arg>
<arg>GE</arg>
<arg>GF</arg>
<arg>GG</arg>
<arg>GH</arg>
<arg>GI</arg>
<arg>GL</arg>
<arg>GM</arg>
<arg>GN</arg>
<arg>GP</arg>
<arg>GQ</arg>
<arg>GR</arg>
<arg>GS</arg>
<arg>GT</arg>
<arg>GU</arg>
<arg>GW</arg>
<arg>GY</arg>
<arg>HK</arg>
<arg>HM</arg>
<arg>HN</arg>
<arg>HR</arg>
<arg>HT</arg>
<arg>HU</arg>
<arg>ID</arg>
<arg>IE</arg>
<arg>IL</arg>
<arg>IM</arg>
<arg>IN</arg>
<arg>IO</arg>
<arg>IQ</arg>
<arg>IR</arg>
<arg>IS</arg>
<arg>IT</arg>
<arg>JE</arg>
<arg>JM</arg>
<arg>JO</arg>
<arg>JP</arg>
<arg>KE</arg>
<arg>KG</arg>
<arg>KH</arg>
<arg>KI</arg>
<arg>KM</arg>
<arg>KN</arg>
<arg>KP</arg>
<arg>KR</arg>
<arg>KW</arg>
<arg>KY</arg>
<arg>KZ</arg>
<arg>LA</arg>
<arg>LB</arg>
<arg>LC</arg>
<arg>LI</arg>
<arg>LK</arg>
<arg>LR</arg>
<arg>LS</arg>
<arg>LT</arg>
<arg>LU</arg>
<arg>LV</arg>
<arg>LY</arg>
<arg>MA</arg>
<arg>MC</arg>
<arg>MD</arg>
<arg>ME</arg>
<arg>MF</arg>
<arg>MG</arg>
<arg>MH</arg>
<arg>MK</arg>
<arg>ML</arg>
<arg>MM</arg>
<arg>MN</arg>
<arg>MO</arg>
<arg>MP</arg>
<arg>MQ</arg>
<arg>MR</arg>
<arg>MS</arg>
<arg>MT</arg>
<arg>MU</arg>
<arg>MV</arg>
<arg>MW</arg>
<arg>MX</arg>
<arg>MY</arg>
<arg>MZ</arg>
<arg>NA</arg>
<arg>NC</arg>
<arg>NE</arg>
<arg>NF</arg>
<arg>NG</arg>
<arg>NI</arg>
<arg>NL</arg>
<arg>NO</arg>
<arg>NP</arg>
<arg>NR</arg>
<arg>NU</arg>
<arg>NZ</arg>
<arg>OM</arg>
<arg>PA</arg>
<arg>PE</arg>
<arg>PF</arg>
<arg>PG</arg>
<arg>PH</arg>
<arg>PK</arg>
<arg>PL</arg>
<arg>PM</arg>
<arg>PN</arg>
<arg>PR</arg>
<arg>PS</arg>
<arg>PT</arg>
<arg>PW</arg>
<arg>PY</arg>
<arg>QA</arg>
<arg>RE</arg>
<arg>RO</arg>
<arg>RS</arg>
<arg>RU</arg>
<arg>RW</arg>
<arg>SA</arg>
<arg>SB</arg>
<arg>SC</arg>
<arg>SD</arg>
<arg>SE</arg>
<arg>SG</arg>
<arg>SH</arg>
<arg>SI</arg>
<arg>SJ</arg>
<arg>SK</arg>
<arg>SL</arg>
<arg>SM</arg>
<arg>SN</arg>
<arg>SO</arg>
<arg>SR</arg>
<arg>SS</arg>
<arg>ST</arg>
<arg>SV</arg>
<arg>SX</arg>
<arg>SY</arg>
<arg>SZ</arg>
<arg>TC</arg>
<arg>TD</arg>
<arg>TF</arg>
<arg>TG</arg>
<arg>TH</arg>
<arg>TJ</arg>
<arg>TK</arg>
<arg>TL</arg>
<arg>TM</arg>
<arg>TN</arg>
<arg>TO</arg>
<arg>TR</arg>
<arg>TT</arg>
<arg>TV</arg>
<arg>TW</arg>
<arg>TZ</arg>
<arg>UA</arg>
<arg>UG</arg>
<arg>UM</arg>
<arg>US</arg>
<arg>UY</arg>
<arg>UZ</arg>
<arg>VA</arg>
<arg>VC</arg>
<arg>VE</arg>
<arg>VG</arg>
<arg>VI</arg>
<arg>VN</arg>
<arg>VU</arg>
<arg>WF</arg>
<arg>WS</arg>
<arg>XK</arg>
<arg>YE</arg>
<arg>YT</arg>
<arg>ZA</arg>
<arg>ZM</arg>
<arg>ZW</arg>
<doc>Returns a list containing given items.</doc>
<status status="PASS" start="2024-05-20T05:15:52.664638" elapsed="0.000622"/>
</kw>
<kw name="List Should Contain Value" owner="Collections">
<msg time="2024-05-20T05:15:52.666287" level="INFO">False</msg>
<arg>${list_country}</arg>
<arg>${name_country}</arg>
<doc>Fails if the ``value`` is not found from ``list``.</doc>
<status status="PASS" start="2024-05-20T05:15:52.666078" elapsed="0.000245"/>
</kw>
<kw name="Run Keyword If" owner="BuiltIn">
<kw name="Should Be True" owner="BuiltIn">
<arg>${True}</arg>
<doc>Fails if the given condition is not true.</doc>
<status status="PASS" start="2024-05-20T05:15:52.667420" elapsed="0.000283"/>
</kw>
<arg>${json_data["results"][0]["location"]["coordinates"]["latitude"]} &gt;= -90 and ${json_data["results"][0]["location"]["coordinates"]["latitude"]} &lt;= 90</arg>
<arg>Should Be True</arg>
<arg>${True}</arg>
<doc>Runs the given keyword with the given arguments, if ``condition`` is true.</doc>
<status status="PASS" start="2024-05-20T05:15:52.666640" elapsed="0.001197"/>
</kw>
<kw name="Run Keyword If" owner="BuiltIn">
<kw name="Should Be True" owner="BuiltIn">
<arg>${True}</arg>
<doc>Fails if the given condition is not true.</doc>
<status status="PASS" start="2024-05-20T05:15:52.668748" elapsed="0.000142"/>
</kw>
<arg>${json_data["results"][0]["location"]["coordinates"]["longitude"]} &gt;= -180 and ${json_data["results"][0]["location"]["coordinates"]["longitude"]} &lt;= 180</arg>
<arg>Should Be True</arg>
<arg>${True}</arg>
<doc>Runs the given keyword with the given arguments, if ``condition`` is true.</doc>
<status status="PASS" start="2024-05-20T05:15:52.668031" elapsed="0.000984"/>
</kw>
<status status="PASS" start="2024-05-20T05:15:52.568429" elapsed="0.100719"/>
</kw>
<doc>Testa o conteúdo específico dos campos retornados pela API.</doc>
<tag>testeConteudo</tag>
<status status="PASS" start="2024-05-20T05:15:52.567947" elapsed="0.101355"/>
</test>
<status status="PASS" start="2024-05-20T05:15:51.735227" elapsed="0.936054"/>
</suite>
<status status="PASS" start="2024-05-20T05:15:51.720834" elapsed="0.955616"/>
</suite>
<statistics>
<total>
<stat pass="5" fail="0" skip="0">All Tests</stat>
</total>
<tag>
<stat pass="1" fail="0" skip="0">testeConteudo</stat>
<stat pass="1" fail="0" skip="0">testeEstruturaResposta</stat>
<stat pass="1" fail="0" skip="0">testeRequisicaoBasica</stat>
<stat pass="1" fail="0" skip="0">testeTiposDados</stat>
</tag>
<suite>
<stat pass="5" fail="0" skip="0" id="s1" name="Tests">Tests</stat>
<stat pass="5" fail="0" skip="0" id="s1-s1" name="Random-User-Test">Tests.Random-User-Test</stat>
</suite>
</statistics>
<errors>
</errors>
</robot>
