<?xml version="1.0" encoding="UTF-8"?>
<robot generator="Robot 7.0 (Python 3.12.3 on linux)" generated="2024-04-24T20:14:37.440710" rpa="false" schemaversion="5">
<suite id="s1" name="Tests" source="/home/runner/work/DesafioQAItauRogerioJordao/DesafioQAItauRogerioJordao/RamdonUser/tests">
<suite id="s1-s1" name="Random-User-Test" source="/home/runner/work/DesafioQAItauRogerioJordao/DesafioQAItauRogerioJordao/RamdonUser/tests/random-user-test.robot">
<test id="s1-s1-t1" name="Conectar" line="13">
<kw name="Conectar API" owner="random-user-service">
<kw name="Create Session" owner="RequestsLibrary">
<msg time="2024-04-24T20:14:37.823987" level="INFO">Creating Session using : alias=consultarAPI, url=https://randomuser.me/, headers={},                     cookies={}, auth=None, timeout=None, proxies=None, verify=False,                     debug=0 </msg>
<arg>consultarAPI</arg>
<arg>${URL}</arg>
<doc>Create Session: create a HTTP session to a server</doc>
<status status="PASS" start="2024-04-24T20:14:37.823793" elapsed="0.000370"/>
</kw>
<status status="PASS" start="2024-04-24T20:14:37.822858" elapsed="0.001658"/>
</kw>
<status status="PASS" start="2024-04-24T20:14:37.822251" elapsed="0.002493"/>
</test>
<test id="s1-s1-t2" name="Validar retorno 200 e JSON Válido" line="16">
<kw name="Teste de Requisicao Basica" owner="random-user-service">
<kw name="GET On Session" owner="RequestsLibrary">
<msg time="2024-04-24T20:14:37.957580" level="INFO">GET Request : url=https://randomuser.me/api 
 path_url=/api 
 headers={'User-Agent': 'python-requests/2.31.0', 'Accept-Encoding': 'gzip, deflate', 'Accept': '*/*', 'Connection': 'keep-alive'} 
 body=None 
 </msg>
<msg time="2024-04-24T20:14:37.957717" level="INFO">GET Response : url=https://randomuser.me/api 
 status=200, reason=OK 
 headers={'Date': 'Wed, 24 Apr 2024 20:14:37 GMT', 'Content-Type': 'application/json; charset=utf-8', 'Transfer-Encoding': 'chunked', 'Connection': 'keep-alive', 'X-Powered-By': 'Express', 'Access-Control-Allow-Origin': '*', 'Cache-Control': 'no-cache', 'ETag': 'W/"47b-7QXL4Zf9ckpYNbJOoBYmnCdQ5S8"', 'Vary': 'Accept-Encoding', 'Content-Encoding': 'gzip', 'CF-Cache-Status': 'DYNAMIC', 'Report-To': '{"endpoints":[{"url":"https:\\/\\/a.nel.cloudflare.com\\/report\\/v4?s=cF%2Fnm%2Bg%2FbFoHQBqDGGBAKWsXGDlIB5g5yxC6ZGQidEzM9Nir7EY7CGqugFx03zT%2BGjFabC6%2F1V8M6pJMZfk8gnHu21U2ikvgrILe91XAi0qnrhCbalRQuFAnR1OdhdI5"}],"group":"cf-nel","max_age":604800}', 'NEL': '{"success_fraction":0,"report_to":"cf-nel","max_age":604800}', 'Server': 'cloudflare', 'CF-RAY': '8798c2beaac98221-IAD', 'alt-svc': 'h3=":443"; ma=86400'} 
 body={"results":[{"gender":"female","name":{"title":"Miss","first":"Priya","last":"Bangera"},"location":{"street":{"number":5297,"name":"Dadabhai Naoroji Rd"},"city":"Mira-Bhayandar","state":"Assam","country":"India","postcode":58939,"coordinates":{"latitude":"12.5012","longitude":"68.2769"},"timezone":{"offset":"+3:30","description":"Tehran"}},"email":"priya.bangera@example.com","login":{"uuid":"91398491-8361-4cb4-9651-06788c7ab940","username":"bigbear446","password":"dundee","salt":"nyhVRqwA","md5":"4cdd8958e3a87bb8bf2a142f0c5b514d","sha1":"d1a7d822fef3e8d7755085dbd42a7eab8d08b459","sha256":"0c4c9b66078875abc23c77d634295a409172e99a5c1e74cfa9ac00bc7b006784"},"dob":{"date":"1972-10-12T03:16:12.126Z","age":51},"registered":{"date":"2012-10-22T14:59:48.528Z","age":11},"phone":"9466520073","cell":"9727000286","id":{"name":"UIDAI","value":"745509099909"},"picture":{"large":"https://randomuser.me/api/portraits/women/51.jpg","medium":"https://randomuser.me/api/portraits/med/women/51.jpg","thumbnail":"https://randomuser.me/api/portraits/thumb/women/51.jpg"},"nat":"IN"}],"info":{"seed":"8a8849ca0ca8fcd0","results":1,"page":1,"version":"1.4"}} 
 </msg>
<msg time="2024-04-24T20:14:37.957810" level="INFO">/opt/hostedtoolcache/Python/3.12.3/x64/lib/python3.12/site-packages/urllib3/connectionpool.py:1103: InsecureRequestWarning: Unverified HTTPS request is being made to host 'randomuser.me'. Adding certificate verification is strongly advised. See: https://urllib3.readthedocs.io/en/latest/advanced-usage.html#tls-warnings
  warnings.warn(</msg>
<msg time="2024-04-24T20:14:37.957988" level="INFO">${response} = &lt;Response [200]&gt;</msg>
<var>${response}</var>
<arg>consultarAPI</arg>
<arg>/api</arg>
<doc>Sends a GET request on a previously created HTTP Session.</doc>
<status status="PASS" start="2024-04-24T20:14:37.827454" elapsed="0.130588"/>
</kw>
<kw name="Should Be Equal As Numbers" owner="BuiltIn">
<msg time="2024-04-24T20:14:37.958871" level="INFO">Argument types are:
&lt;class 'int'&gt;
&lt;class 'str'&gt;</msg>
<arg>${response.status_code}</arg>
<arg>200</arg>
<doc>Fails if objects are unequal after converting them to real numbers.</doc>
<status status="PASS" start="2024-04-24T20:14:37.958465" elapsed="0.000470"/>
</kw>
<kw name="Log" owner="BuiltIn">
<msg time="2024-04-24T20:14:37.959624" level="INFO">200</msg>
<arg>${response.status_code}</arg>
<doc>Logs the given message with the given level.</doc>
<status status="PASS" start="2024-04-24T20:14:37.959272" elapsed="0.000395"/>
</kw>
<kw name="Set Variable" owner="BuiltIn">
<msg time="2024-04-24T20:14:37.960417" level="INFO">${json_data} = {'results': [{'gender': 'female', 'name': {'title': 'Miss', 'first': 'Priya', 'last': 'Bangera'}, 'location': {'street': {'number': 5297, 'name': 'Dadabhai Naoroji Rd'}, 'city': 'Mira-Bhayandar', 'sta...</msg>
<var>${json_data}</var>
<arg>${response.json()}</arg>
<doc>Returns the given values which can then be assigned to a variables.</doc>
<status status="PASS" start="2024-04-24T20:14:37.959972" elapsed="0.000474"/>
</kw>
<kw name="Dictionary Should Contain Key" owner="Collections">
<msg time="2024-04-24T20:14:37.960950" level="INFO">False</msg>
<arg>${json_data}</arg>
<arg>results</arg>
<doc>Fails if ``key`` is not found from ``dictionary``.</doc>
<status status="PASS" start="2024-04-24T20:14:37.960780" elapsed="0.000210"/>
</kw>
<status status="PASS" start="2024-04-24T20:14:37.827195" elapsed="0.134055"/>
</kw>
<doc>Testa se a API responde corretamente e retorna um objeto JSON válido.</doc>
<tag>testeRequisicaoBasica</tag>
<status status="PASS" start="2024-04-24T20:14:37.826644" elapsed="0.134779"/>
</test>
<test id="s1-s1-t3" name="Validar estrutura de resposta" line="22">
<kw name="Teste de Estrutura de Resposta" owner="random-user-service">
<kw name="GET On Session" owner="RequestsLibrary">
<msg time="2024-04-24T20:14:37.995600" level="INFO">GET Request : url=https://randomuser.me/api 
 path_url=/api 
 headers={'User-Agent': 'python-requests/2.31.0', 'Accept-Encoding': 'gzip, deflate', 'Accept': '*/*', 'Connection': 'keep-alive'} 
 body=None 
 </msg>
<msg time="2024-04-24T20:14:37.995695" level="INFO">GET Response : url=https://randomuser.me/api 
 status=200, reason=OK 
 headers={'Date': 'Wed, 24 Apr 2024 20:14:37 GMT', 'Content-Type': 'application/json; charset=utf-8', 'Transfer-Encoding': 'chunked', 'Connection': 'keep-alive', 'X-Powered-By': 'Express', 'Access-Control-Allow-Origin': '*', 'Cache-Control': 'no-cache', 'ETag': 'W/"48d-P9CxOWK6n6W8+nYOVXXdsg+xQy4"', 'Vary': 'Accept-Encoding', 'Content-Encoding': 'gzip', 'CF-Cache-Status': 'DYNAMIC', 'Report-To': '{"endpoints":[{"url":"https:\\/\\/a.nel.cloudflare.com\\/report\\/v4?s=BsLBee3LCmXTF9Fq1BB0eJmSGvzztPuD91aW1%2B1C7r3diqWlwW0mtqfARIyb0bx8ZQ%2BTfU5dRcbsH5lTzYJLzBGgYC91lAQyner%2BNCZaSgPDwkVj5d4LaDE88RRvn4lb"}],"group":"cf-nel","max_age":604800}', 'NEL': '{"success_fraction":0,"report_to":"cf-nel","max_age":604800}', 'Server': 'cloudflare', 'CF-RAY': '8798c2bf4b9a8221-IAD', 'alt-svc': 'h3=":443"; ma=86400'} 
 body={"results":[{"gender":"female","name":{"title":"Miss","first":"Olja","last":"Tešić"},"location":{"street":{"number":8762,"name":"Stevana Kalembera "},"city":"Kovin","state":"Nišava","country":"Serbia","postcode":81650,"coordinates":{"latitude":"58.0678","longitude":"149.9838"},"timezone":{"offset":"-3:00","description":"Brazil, Buenos Aires, Georgetown"}},"email":"olja.tesic@example.com","login":{"uuid":"bd35ed56-c412-4a7b-ac1a-d335671177f6","username":"redsnake314","password":"babyblue","salt":"qgjMESxU","md5":"281b48d020fa89982f1f99f122dbb812","sha1":"97194c816983df3332f88d51ddcfa050278fd944","sha256":"0fa4bf2bc7402d7d101af9114e922954985bd66d520bf8d6e2ae901716306f4f"},"dob":{"date":"1956-03-05T19:52:28.526Z","age":68},"registered":{"date":"2009-06-27T04:54:31.302Z","age":14},"phone":"020-1449-386","cell":"066-0723-485","id":{"name":"SID","value":"152491921"},"picture":{"large":"https://randomuser.me/api/portraits/women/37.jpg","medium":"https://randomuser.me/api/portraits/med/women/37.jpg","thumbnail":"https://randomuser.me/api/portraits/thumb/women/37.jpg"},"nat":"RS"}],"info":{"seed":"dc517a56bf2bace2","results":1,"page":1,"version":"1.4"}} 
 </msg>
<msg time="2024-04-24T20:14:37.995823" level="INFO">/opt/hostedtoolcache/Python/3.12.3/x64/lib/python3.12/site-packages/urllib3/connectionpool.py:1103: InsecureRequestWarning: Unverified HTTPS request is being made to host 'randomuser.me'. Adding certificate verification is strongly advised. See: https://urllib3.readthedocs.io/en/latest/advanced-usage.html#tls-warnings
  warnings.warn(</msg>
<msg time="2024-04-24T20:14:37.995971" level="INFO">${response} = &lt;Response [200]&gt;</msg>
<var>${response}</var>
<arg>consultarAPI</arg>
<arg>/api</arg>
<doc>Sends a GET request on a previously created HTTP Session.</doc>
<status status="PASS" start="2024-04-24T20:14:37.964063" elapsed="0.031961"/>
</kw>
<kw name="Set Variable" owner="BuiltIn">
<msg time="2024-04-24T20:14:37.996973" level="INFO">${json_data} = {'results': [{'gender': 'female', 'name': {'title': 'Miss', 'first': 'Olja', 'last': 'Tešić'}, 'location': {'street': {'number': 8762, 'name': 'Stevana Kalembera '}, 'city': 'Kovin', 'state': 'Nišava'...</msg>
<var>${json_data}</var>
<arg>${response.json()}</arg>
<doc>Returns the given values which can then be assigned to a variables.</doc>
<status status="PASS" start="2024-04-24T20:14:37.996482" elapsed="0.000521"/>
</kw>
<kw name="Log" owner="BuiltIn">
<msg time="2024-04-24T20:14:37.997472" level="INFO">{'results': [{'gender': 'female', 'name': {'title': 'Miss', 'first': 'Olja', 'last': 'Tešić'}, 'location': {'street': {'number': 8762, 'name': 'Stevana Kalembera '}, 'city': 'Kovin', 'state': 'Nišava', 'country': 'Serbia', 'postcode': 81650, 'coordinates': {'latitude': '58.0678', 'longitude': '149.9838'}, 'timezone': {'offset': '-3:00', 'description': 'Brazil, Buenos Aires, Georgetown'}}, 'email': 'olja.tesic@example.com', 'login': {'uuid': 'bd35ed56-c412-4a7b-ac1a-d335671177f6', 'username': 'redsnake314', 'password': 'babyblue', 'salt': 'qgjMESxU', 'md5': '281b48d020fa89982f1f99f122dbb812', 'sha1': '97194c816983df3332f88d51ddcfa050278fd944', 'sha256': '0fa4bf2bc7402d7d101af9114e922954985bd66d520bf8d6e2ae901716306f4f'}, 'dob': {'date': '1956-03-05T19:52:28.526Z', 'age': 68}, 'registered': {'date': '2009-06-27T04:54:31.302Z', 'age': 14}, 'phone': '020-1449-386', 'cell': '066-0723-485', 'id': {'name': 'SID', 'value': '152491921'}, 'picture': {'large': 'https://randomuser.me/api/portraits/women/37.jpg', 'medium': 'https://randomuser.me/api/portraits/med/women/37.jpg', 'thumbnail': 'https://randomuser.me/api/portraits/thumb/women/37.jpg'}, 'nat': 'RS'}], 'info': {'seed': 'dc517a56bf2bace2', 'results': 1, 'page': 1, 'version': '1.4'}}</msg>
<arg>${json_data}</arg>
<doc>Logs the given message with the given level.</doc>
<status status="PASS" start="2024-04-24T20:14:37.997313" elapsed="0.000211"/>
</kw>
<kw name="Dictionary Should Contain Key" owner="Collections">
<msg time="2024-04-24T20:14:37.997974" level="INFO">False</msg>
<arg>${json_data}</arg>
<arg>results</arg>
<doc>Fails if ``key`` is not found from ``dictionary``.</doc>
<status status="PASS" start="2024-04-24T20:14:37.997824" elapsed="0.000187"/>
</kw>
<kw name="Should Not Be Empty" owner="BuiltIn">
<msg time="2024-04-24T20:14:37.998437" level="INFO">Length is 2.</msg>
<arg>${json_data}</arg>
<doc>Verifies that the given item is not empty.</doc>
<status status="PASS" start="2024-04-24T20:14:37.998304" elapsed="0.000172"/>
</kw>
<kw name="Create List" owner="BuiltIn">
<msg time="2024-04-24T20:14:37.999038" level="INFO">${expected_keys} = ['gender', 'name', 'location', 'email', 'login']</msg>
<var>${expected_keys}</var>
<arg>gender</arg>
<arg>name</arg>
<arg>location</arg>
<arg>email</arg>
<arg>login</arg>
<doc>Returns a list containing given items.</doc>
<status status="PASS" start="2024-04-24T20:14:37.998763" elapsed="0.000300"/>
</kw>
<for flavor="IN">
<iter>
<kw name="Dictionary Should Contain Key" owner="Collections">
<msg time="2024-04-24T20:14:38.000060" level="INFO">False</msg>
<arg>${json_data['results'][0]}</arg>
<arg>${key}</arg>
<doc>Fails if ``key`` is not found from ``dictionary``.</doc>
<status status="PASS" start="2024-04-24T20:14:37.999653" elapsed="0.000447"/>
</kw>
<kw name="Log" owner="BuiltIn">
<msg time="2024-04-24T20:14:38.000802" level="INFO">{'gender': 'female', 'name': {'title': 'Miss', 'first': 'Olja', 'last': 'Tešić'}, 'location': {'street': {'number': 8762, 'name': 'Stevana Kalembera '}, 'city': 'Kovin', 'state': 'Nišava', 'country': 'Serbia', 'postcode': 81650, 'coordinates': {'latitude': '58.0678', 'longitude': '149.9838'}, 'timezone': {'offset': '-3:00', 'description': 'Brazil, Buenos Aires, Georgetown'}}, 'email': 'olja.tesic@example.com', 'login': {'uuid': 'bd35ed56-c412-4a7b-ac1a-d335671177f6', 'username': 'redsnake314', 'password': 'babyblue', 'salt': 'qgjMESxU', 'md5': '281b48d020fa89982f1f99f122dbb812', 'sha1': '97194c816983df3332f88d51ddcfa050278fd944', 'sha256': '0fa4bf2bc7402d7d101af9114e922954985bd66d520bf8d6e2ae901716306f4f'}, 'dob': {'date': '1956-03-05T19:52:28.526Z', 'age': 68}, 'registered': {'date': '2009-06-27T04:54:31.302Z', 'age': 14}, 'phone': '020-1449-386', 'cell': '066-0723-485', 'id': {'name': 'SID', 'value': '152491921'}, 'picture': {'large': 'https://randomuser.me/api/portraits/women/37.jpg', 'medium': 'https://randomuser.me/api/portraits/med/women/37.jpg', 'thumbnail': 'https://randomuser.me/api/portraits/thumb/women/37.jpg'}, 'nat': 'RS'}</msg>
<arg>${json_data['results'][0]}</arg>
<doc>Logs the given message with the given level.</doc>
<status status="PASS" start="2024-04-24T20:14:38.000404" elapsed="0.000450"/>
</kw>
<kw name="Log" owner="BuiltIn">
<msg time="2024-04-24T20:14:38.001283" level="INFO">gender</msg>
<arg>${key}</arg>
<doc>Logs the given message with the given level.</doc>
<status status="PASS" start="2024-04-24T20:14:38.001157" elapsed="0.000164"/>
</kw>
<var name="${key}">gender</var>
<status status="PASS" start="2024-04-24T20:14:37.999528" elapsed="0.002010"/>
</iter>
<iter>
<kw name="Dictionary Should Contain Key" owner="Collections">
<msg time="2024-04-24T20:14:38.002242" level="INFO">False</msg>
<arg>${json_data['results'][0]}</arg>
<arg>${key}</arg>
<doc>Fails if ``key`` is not found from ``dictionary``.</doc>
<status status="PASS" start="2024-04-24T20:14:38.001843" elapsed="0.000437"/>
</kw>
<kw name="Log" owner="BuiltIn">
<msg time="2024-04-24T20:14:38.002970" level="INFO">{'gender': 'female', 'name': {'title': 'Miss', 'first': 'Olja', 'last': 'Tešić'}, 'location': {'street': {'number': 8762, 'name': 'Stevana Kalembera '}, 'city': 'Kovin', 'state': 'Nišava', 'country': 'Serbia', 'postcode': 81650, 'coordinates': {'latitude': '58.0678', 'longitude': '149.9838'}, 'timezone': {'offset': '-3:00', 'description': 'Brazil, Buenos Aires, Georgetown'}}, 'email': 'olja.tesic@example.com', 'login': {'uuid': 'bd35ed56-c412-4a7b-ac1a-d335671177f6', 'username': 'redsnake314', 'password': 'babyblue', 'salt': 'qgjMESxU', 'md5': '281b48d020fa89982f1f99f122dbb812', 'sha1': '97194c816983df3332f88d51ddcfa050278fd944', 'sha256': '0fa4bf2bc7402d7d101af9114e922954985bd66d520bf8d6e2ae901716306f4f'}, 'dob': {'date': '1956-03-05T19:52:28.526Z', 'age': 68}, 'registered': {'date': '2009-06-27T04:54:31.302Z', 'age': 14}, 'phone': '020-1449-386', 'cell': '066-0723-485', 'id': {'name': 'SID', 'value': '152491921'}, 'picture': {'large': 'https://randomuser.me/api/portraits/women/37.jpg', 'medium': 'https://randomuser.me/api/portraits/med/women/37.jpg', 'thumbnail': 'https://randomuser.me/api/portraits/thumb/women/37.jpg'}, 'nat': 'RS'}</msg>
<arg>${json_data['results'][0]}</arg>
<doc>Logs the given message with the given level.</doc>
<status status="PASS" start="2024-04-24T20:14:38.002604" elapsed="0.000418"/>
</kw>
<kw name="Log" owner="BuiltIn">
<msg time="2024-04-24T20:14:38.003449" level="INFO">name</msg>
<arg>${key}</arg>
<doc>Logs the given message with the given level.</doc>
<status status="PASS" start="2024-04-24T20:14:38.003322" elapsed="0.000164"/>
</kw>
<var name="${key}">name</var>
<status status="PASS" start="2024-04-24T20:14:38.001728" elapsed="0.001970"/>
</iter>
<iter>
<kw name="Dictionary Should Contain Key" owner="Collections">
<msg time="2024-04-24T20:14:38.004386" level="INFO">False</msg>
<arg>${json_data['results'][0]}</arg>
<arg>${key}</arg>
<doc>Fails if ``key`` is not found from ``dictionary``.</doc>
<status status="PASS" start="2024-04-24T20:14:38.003992" elapsed="0.000432"/>
</kw>
<kw name="Log" owner="BuiltIn">
<msg time="2024-04-24T20:14:38.005113" level="INFO">{'gender': 'female', 'name': {'title': 'Miss', 'first': 'Olja', 'last': 'Tešić'}, 'location': {'street': {'number': 8762, 'name': 'Stevana Kalembera '}, 'city': 'Kovin', 'state': 'Nišava', 'country': 'Serbia', 'postcode': 81650, 'coordinates': {'latitude': '58.0678', 'longitude': '149.9838'}, 'timezone': {'offset': '-3:00', 'description': 'Brazil, Buenos Aires, Georgetown'}}, 'email': 'olja.tesic@example.com', 'login': {'uuid': 'bd35ed56-c412-4a7b-ac1a-d335671177f6', 'username': 'redsnake314', 'password': 'babyblue', 'salt': 'qgjMESxU', 'md5': '281b48d020fa89982f1f99f122dbb812', 'sha1': '97194c816983df3332f88d51ddcfa050278fd944', 'sha256': '0fa4bf2bc7402d7d101af9114e922954985bd66d520bf8d6e2ae901716306f4f'}, 'dob': {'date': '1956-03-05T19:52:28.526Z', 'age': 68}, 'registered': {'date': '2009-06-27T04:54:31.302Z', 'age': 14}, 'phone': '020-1449-386', 'cell': '066-0723-485', 'id': {'name': 'SID', 'value': '152491921'}, 'picture': {'large': 'https://randomuser.me/api/portraits/women/37.jpg', 'medium': 'https://randomuser.me/api/portraits/med/women/37.jpg', 'thumbnail': 'https://randomuser.me/api/portraits/thumb/women/37.jpg'}, 'nat': 'RS'}</msg>
<arg>${json_data['results'][0]}</arg>
<doc>Logs the given message with the given level.</doc>
<status status="PASS" start="2024-04-24T20:14:38.004744" elapsed="0.000419"/>
</kw>
<kw name="Log" owner="BuiltIn">
<msg time="2024-04-24T20:14:38.005591" level="INFO">location</msg>
<arg>${key}</arg>
<doc>Logs the given message with the given level.</doc>
<status status="PASS" start="2024-04-24T20:14:38.005466" elapsed="0.000164"/>
</kw>
<var name="${key}">location</var>
<status status="PASS" start="2024-04-24T20:14:38.003880" elapsed="0.001972"/>
</iter>
<iter>
<kw name="Dictionary Should Contain Key" owner="Collections">
<msg time="2024-04-24T20:14:38.006524" level="INFO">False</msg>
<arg>${json_data['results'][0]}</arg>
<arg>${key}</arg>
<doc>Fails if ``key`` is not found from ``dictionary``.</doc>
<status status="PASS" start="2024-04-24T20:14:38.006137" elapsed="0.000425"/>
</kw>
<kw name="Log" owner="BuiltIn">
<msg time="2024-04-24T20:14:38.007228" level="INFO">{'gender': 'female', 'name': {'title': 'Miss', 'first': 'Olja', 'last': 'Tešić'}, 'location': {'street': {'number': 8762, 'name': 'Stevana Kalembera '}, 'city': 'Kovin', 'state': 'Nišava', 'country': 'Serbia', 'postcode': 81650, 'coordinates': {'latitude': '58.0678', 'longitude': '149.9838'}, 'timezone': {'offset': '-3:00', 'description': 'Brazil, Buenos Aires, Georgetown'}}, 'email': 'olja.tesic@example.com', 'login': {'uuid': 'bd35ed56-c412-4a7b-ac1a-d335671177f6', 'username': 'redsnake314', 'password': 'babyblue', 'salt': 'qgjMESxU', 'md5': '281b48d020fa89982f1f99f122dbb812', 'sha1': '97194c816983df3332f88d51ddcfa050278fd944', 'sha256': '0fa4bf2bc7402d7d101af9114e922954985bd66d520bf8d6e2ae901716306f4f'}, 'dob': {'date': '1956-03-05T19:52:28.526Z', 'age': 68}, 'registered': {'date': '2009-06-27T04:54:31.302Z', 'age': 14}, 'phone': '020-1449-386', 'cell': '066-0723-485', 'id': {'name': 'SID', 'value': '152491921'}, 'picture': {'large': 'https://randomuser.me/api/portraits/women/37.jpg', 'medium': 'https://randomuser.me/api/portraits/med/women/37.jpg', 'thumbnail': 'https://randomuser.me/api/portraits/thumb/women/37.jpg'}, 'nat': 'RS'}</msg>
<arg>${json_data['results'][0]}</arg>
<doc>Logs the given message with the given level.</doc>
<status status="PASS" start="2024-04-24T20:14:38.006858" elapsed="0.000420"/>
</kw>
<kw name="Log" owner="BuiltIn">
<msg time="2024-04-24T20:14:38.007700" level="INFO">email</msg>
<arg>${key}</arg>
<doc>Logs the given message with the given level.</doc>
<status status="PASS" start="2024-04-24T20:14:38.007574" elapsed="0.000164"/>
</kw>
<var name="${key}">email</var>
<status status="PASS" start="2024-04-24T20:14:38.006026" elapsed="0.001923"/>
</iter>
<iter>
<kw name="Dictionary Should Contain Key" owner="Collections">
<msg time="2024-04-24T20:14:38.008645" level="INFO">False</msg>
<arg>${json_data['results'][0]}</arg>
<arg>${key}</arg>
<doc>Fails if ``key`` is not found from ``dictionary``.</doc>
<status status="PASS" start="2024-04-24T20:14:38.008230" elapsed="0.000453"/>
</kw>
<kw name="Log" owner="BuiltIn">
<msg time="2024-04-24T20:14:38.009340" level="INFO">{'gender': 'female', 'name': {'title': 'Miss', 'first': 'Olja', 'last': 'Tešić'}, 'location': {'street': {'number': 8762, 'name': 'Stevana Kalembera '}, 'city': 'Kovin', 'state': 'Nišava', 'country': 'Serbia', 'postcode': 81650, 'coordinates': {'latitude': '58.0678', 'longitude': '149.9838'}, 'timezone': {'offset': '-3:00', 'description': 'Brazil, Buenos Aires, Georgetown'}}, 'email': 'olja.tesic@example.com', 'login': {'uuid': 'bd35ed56-c412-4a7b-ac1a-d335671177f6', 'username': 'redsnake314', 'password': 'babyblue', 'salt': 'qgjMESxU', 'md5': '281b48d020fa89982f1f99f122dbb812', 'sha1': '97194c816983df3332f88d51ddcfa050278fd944', 'sha256': '0fa4bf2bc7402d7d101af9114e922954985bd66d520bf8d6e2ae901716306f4f'}, 'dob': {'date': '1956-03-05T19:52:28.526Z', 'age': 68}, 'registered': {'date': '2009-06-27T04:54:31.302Z', 'age': 14}, 'phone': '020-1449-386', 'cell': '066-0723-485', 'id': {'name': 'SID', 'value': '152491921'}, 'picture': {'large': 'https://randomuser.me/api/portraits/women/37.jpg', 'medium': 'https://randomuser.me/api/portraits/med/women/37.jpg', 'thumbnail': 'https://randomuser.me/api/portraits/thumb/women/37.jpg'}, 'nat': 'RS'}</msg>
<arg>${json_data['results'][0]}</arg>
<doc>Logs the given message with the given level.</doc>
<status status="PASS" start="2024-04-24T20:14:38.008978" elapsed="0.000413"/>
</kw>
<kw name="Log" owner="BuiltIn">
<msg time="2024-04-24T20:14:38.009821" level="INFO">login</msg>
<arg>${key}</arg>
<doc>Logs the given message with the given level.</doc>
<status status="PASS" start="2024-04-24T20:14:38.009693" elapsed="0.000166"/>
</kw>
<var name="${key}">login</var>
<status status="PASS" start="2024-04-24T20:14:38.008121" elapsed="0.001981"/>
</iter>
<var>${key}</var>
<value>@{expected_keys}</value>
<status status="PASS" start="2024-04-24T20:14:37.999343" elapsed="0.010886"/>
</for>
<kw name="Create List" owner="BuiltIn">
<msg time="2024-04-24T20:14:38.010559" level="INFO">${expected_keysTwo} = ['username', 'password']</msg>
<var>${expected_keysTwo}</var>
<arg>username</arg>
<arg>password</arg>
<doc>Returns a list containing given items.</doc>
<status status="PASS" start="2024-04-24T20:14:38.010422" elapsed="0.000161"/>
</kw>
<for flavor="IN">
<iter>
<kw name="Dictionary Should Contain Key" owner="Collections">
<msg time="2024-04-24T20:14:38.011470" level="INFO">False</msg>
<arg>${json_data['results'][0]['login']}</arg>
<arg>${keyTwo}</arg>
<doc>Fails if ``key`` is not found from ``dictionary``.</doc>
<status status="PASS" start="2024-04-24T20:14:38.011080" elapsed="0.000427"/>
</kw>
<kw name="Dictionary Should Contain Key" owner="Collections">
<msg time="2024-04-24T20:14:38.012192" level="INFO">False</msg>
<arg>${json_data['results'][0]['login']}</arg>
<arg>${keyTwo}</arg>
<doc>Fails if ``key`` is not found from ``dictionary``.</doc>
<status status="PASS" start="2024-04-24T20:14:38.011802" elapsed="0.000427"/>
</kw>
<kw name="Log" owner="BuiltIn">
<msg time="2024-04-24T20:14:38.012670" level="INFO">username</msg>
<arg>${keyTwo}</arg>
<doc>Logs the given message with the given level.</doc>
<status status="PASS" start="2024-04-24T20:14:38.012523" elapsed="0.000191"/>
</kw>
<var name="${keyTwo}">username</var>
<status status="PASS" start="2024-04-24T20:14:38.010970" elapsed="0.001960"/>
</iter>
<iter>
<kw name="Dictionary Should Contain Key" owner="Collections">
<msg time="2024-04-24T20:14:38.013599" level="INFO">False</msg>
<arg>${json_data['results'][0]['login']}</arg>
<arg>${keyTwo}</arg>
<doc>Fails if ``key`` is not found from ``dictionary``.</doc>
<status status="PASS" start="2024-04-24T20:14:38.013211" elapsed="0.000431"/>
</kw>
<kw name="Dictionary Should Contain Key" owner="Collections">
<msg time="2024-04-24T20:14:38.014400" level="INFO">False</msg>
<arg>${json_data['results'][0]['login']}</arg>
<arg>${keyTwo}</arg>
<doc>Fails if ``key`` is not found from ``dictionary``.</doc>
<status status="PASS" start="2024-04-24T20:14:38.013935" elapsed="0.000503"/>
</kw>
<kw name="Log" owner="BuiltIn">
<msg time="2024-04-24T20:14:38.014881" level="INFO">password</msg>
<arg>${keyTwo}</arg>
<doc>Logs the given message with the given level.</doc>
<status status="PASS" start="2024-04-24T20:14:38.014736" elapsed="0.000184"/>
</kw>
<var name="${keyTwo}">password</var>
<status status="PASS" start="2024-04-24T20:14:38.013100" elapsed="0.002038"/>
</iter>
<var>${keyTwo}</var>
<value>@{expected_keysTwo}</value>
<status status="PASS" start="2024-04-24T20:14:38.010819" elapsed="0.004441"/>
</for>
<status status="PASS" start="2024-04-24T20:14:37.963822" elapsed="0.051574"/>
</kw>
<doc>Testa a estrutura da resposta da API.</doc>
<tag>testeEstruturaResposta</tag>
<status status="PASS" start="2024-04-24T20:14:37.963261" elapsed="0.052282"/>
</test>
<test id="s1-s1-t4" name="Validar tipos de dados" line="28">
<kw name="Teste de Tipos de Dados" owner="random-user-service">
<kw name="GET On Session" owner="RequestsLibrary">
<msg time="2024-04-24T20:14:38.100066" level="INFO">GET Request : url=https://randomuser.me/api 
 path_url=/api 
 headers={'User-Agent': 'python-requests/2.31.0', 'Accept-Encoding': 'gzip, deflate', 'Accept': '*/*', 'Connection': 'keep-alive'} 
 body=None 
 </msg>
<msg time="2024-04-24T20:14:38.100148" level="INFO">GET Response : url=https://randomuser.me/api 
 status=200, reason=OK 
 headers={'Date': 'Wed, 24 Apr 2024 20:14:38 GMT', 'Content-Type': 'application/json; charset=utf-8', 'Transfer-Encoding': 'chunked', 'Connection': 'keep-alive', 'X-Powered-By': 'Express', 'Access-Control-Allow-Origin': '*', 'Cache-Control': 'no-cache', 'ETag': 'W/"498-V6HpT9ZZ25Z0JWon3WpnSVzRKVg"', 'Vary': 'Accept-Encoding', 'Content-Encoding': 'gzip', 'CF-Cache-Status': 'DYNAMIC', 'Report-To': '{"endpoints":[{"url":"https:\\/\\/a.nel.cloudflare.com\\/report\\/v4?s=z6h5pq94jVivs3k7K%2BAWtRSvGYD5pPLuVEOxwCLeaxX3HJpJ7KFpmL2V7YlP3YsCF4hmZtZSKjxN2%2BrPBfBNDoLfjuLzBhKEEj4iykisRp59HVzGH8uKJzSJ5vy%2FLc6T"}],"group":"cf-nel","max_age":604800}', 'NEL': '{"success_fraction":0,"report_to":"cf-nel","max_age":604800}', 'Server': 'cloudflare', 'CF-RAY': '8798c2bfac168221-IAD', 'alt-svc': 'h3=":443"; ma=86400'} 
 body={"results":[{"gender":"female","name":{"title":"Ms","first":"Nellie","last":"Washington"},"location":{"street":{"number":2198,"name":"Brown Terrace"},"city":"Darwin","state":"New South Wales","country":"Australia","postcode":9169,"coordinates":{"latitude":"-82.3800","longitude":"77.8501"},"timezone":{"offset":"+7:00","description":"Bangkok, Hanoi, Jakarta"}},"email":"nellie.washington@example.com","login":{"uuid":"befd3042-e7de-480b-856d-41e373d17b17","username":"ticklishfish209","password":"golfball","salt":"EZ4FdSqv","md5":"07b572ca0ab6cdd42fbc96a8248aa780","sha1":"1c3563942edcf5a44ecb6c8a4ec326bebb30d1b3","sha256":"dd8156760166a6baf028079901e822874e28934c1f51e00200f502e4f47791b4"},"dob":{"date":"1996-08-31T01:32:41.139Z","age":27},"registered":{"date":"2006-06-18T21:21:51.657Z","age":17},"phone":"02-8047-1476","cell":"0409-821-522","id":{"name":"TFN","value":"284533382"},"picture":{"large":"https://randomuser.me/api/portraits/women/45.jpg","medium":"https://randomuser.me/api/portraits/med/women/45.jpg","thumbnail":"https://randomuser.me/api/portraits/thumb/women/45.jpg"},"nat":"AU"}],"info":{"seed":"8eb113ae033b1efd","results":1,"page":1,"version":"1.4"}} 
 </msg>
<msg time="2024-04-24T20:14:38.100222" level="INFO">/opt/hostedtoolcache/Python/3.12.3/x64/lib/python3.12/site-packages/urllib3/connectionpool.py:1103: InsecureRequestWarning: Unverified HTTPS request is being made to host 'randomuser.me'. Adding certificate verification is strongly advised. See: https://urllib3.readthedocs.io/en/latest/advanced-usage.html#tls-warnings
  warnings.warn(</msg>
<msg time="2024-04-24T20:14:38.100359" level="INFO">${response} = &lt;Response [200]&gt;</msg>
<var>${response}</var>
<arg>consultarAPI</arg>
<arg>/api</arg>
<doc>Sends a GET request on a previously created HTTP Session.</doc>
<status status="PASS" start="2024-04-24T20:14:38.017993" elapsed="0.082423"/>
</kw>
<kw name="Set Variable" owner="BuiltIn">
<msg time="2024-04-24T20:14:38.101368" level="INFO">${json_data} = {'results': [{'gender': 'female', 'name': {'title': 'Ms', 'first': 'Nellie', 'last': 'Washington'}, 'location': {'street': {'number': 2198, 'name': 'Brown Terrace'}, 'city': 'Darwin', 'state': 'New So...</msg>
<var>${json_data}</var>
<arg>${response.json()}</arg>
<doc>Returns the given values which can then be assigned to a variables.</doc>
<status status="PASS" start="2024-04-24T20:14:38.100907" elapsed="0.000490"/>
</kw>
<kw name="Log" owner="BuiltIn">
<msg time="2024-04-24T20:14:38.101850" level="INFO">{'results': [{'gender': 'female', 'name': {'title': 'Ms', 'first': 'Nellie', 'last': 'Washington'}, 'location': {'street': {'number': 2198, 'name': 'Brown Terrace'}, 'city': 'Darwin', 'state': 'New South Wales', 'country': 'Australia', 'postcode': 9169, 'coordinates': {'latitude': '-82.3800', 'longitude': '77.8501'}, 'timezone': {'offset': '+7:00', 'description': 'Bangkok, Hanoi, Jakarta'}}, 'email': 'nellie.washington@example.com', 'login': {'uuid': 'befd3042-e7de-480b-856d-41e373d17b17', 'username': 'ticklishfish209', 'password': 'golfball', 'salt': 'EZ4FdSqv', 'md5': '07b572ca0ab6cdd42fbc96a8248aa780', 'sha1': '1c3563942edcf5a44ecb6c8a4ec326bebb30d1b3', 'sha256': 'dd8156760166a6baf028079901e822874e28934c1f51e00200f502e4f47791b4'}, 'dob': {'date': '1996-08-31T01:32:41.139Z', 'age': 27}, 'registered': {'date': '2006-06-18T21:21:51.657Z', 'age': 17}, 'phone': '02-8047-1476', 'cell': '0409-821-522', 'id': {'name': 'TFN', 'value': '284533382'}, 'picture': {'large': 'https://randomuser.me/api/portraits/women/45.jpg', 'medium': 'https://randomuser.me/api/portraits/med/women/45.jpg', 'thumbnail': 'https://randomuser.me/api/portraits/thumb/women/45.jpg'}, 'nat': 'AU'}], 'info': {'seed': '8eb113ae033b1efd', 'results': 1, 'page': 1, 'version': '1.4'}}</msg>
<arg>${json_data}</arg>
<doc>Logs the given message with the given level.</doc>
<status status="PASS" start="2024-04-24T20:14:38.101699" elapsed="0.000229"/>
</kw>
<kw name="Should Be String" owner="String">
<arg>${json_data['results'][0]['gender']}</arg>
<doc>Fails if the given ``item`` is not a string.</doc>
<status status="PASS" start="2024-04-24T20:14:38.102222" elapsed="0.000362"/>
</kw>
<kw name="Should Match Regexp" owner="BuiltIn">
<arg>${json_data['results'][0]['email']}</arg>
<arg>^[a-zA-Z0-9._%+-]+@[a-zA-Z0-9.-]+\.[a-zA-Z]{2,}$</arg>
<doc>Fails if ``string`` does not match ``pattern`` as a regular expression.</doc>
<status status="PASS" start="2024-04-24T20:14:38.102775" elapsed="0.000502"/>
</kw>
<kw name="Should Match Regexp" owner="BuiltIn">
<arg>${json_data['results'][0]['dob']['date']}</arg>
<arg>\\d{4}-\\d{2}-\\d{2}T\\d{2}:\\d{2}:\\d{2}\\.\\d{3}Z</arg>
<doc>Fails if ``string`` does not match ``pattern`` as a regular expression.</doc>
<status status="PASS" start="2024-04-24T20:14:38.103473" elapsed="0.000482"/>
</kw>
<kw name="Should Match Regexp" owner="BuiltIn">
<arg>${json_data['results'][0]['registered']['date']}</arg>
<arg>\\d{4}-\\d{2}-\\d{2}T\\d{2}:\\d{2}:\\d{2}\\.\\d{3}Z</arg>
<doc>Fails if ``string`` does not match ``pattern`` as a regular expression.</doc>
<status status="PASS" start="2024-04-24T20:14:38.104146" elapsed="0.000375"/>
</kw>
<kw name="Should Match Regexp" owner="BuiltIn">
<arg>${json_data['results'][0]['picture']['large']}</arg>
<arg>^https?://.*\.(?:png|jpe?g|gif|bmp)$</arg>
<doc>Fails if ``string`` does not match ``pattern`` as a regular expression.</doc>
<status status="PASS" start="2024-04-24T20:14:38.104748" elapsed="0.000461"/>
</kw>
<kw name="Should Match Regexp" owner="BuiltIn">
<arg>${json_data['results'][0]['picture']['medium']}</arg>
<arg>^https?://.*\.(?:png|jpe?g|gif|bmp)$</arg>
<doc>Fails if ``string`` does not match ``pattern`` as a regular expression.</doc>
<status status="PASS" start="2024-04-24T20:14:38.105404" elapsed="0.000369"/>
</kw>
<kw name="Should Match Regexp" owner="BuiltIn">
<arg>${json_data['results'][0]['picture']['thumbnail']}</arg>
<arg>^https?://.*\.(?:png|jpe?g|gif|bmp)$</arg>
<doc>Fails if ``string`` does not match ``pattern`` as a regular expression.</doc>
<status status="PASS" start="2024-04-24T20:14:38.105965" elapsed="0.000359"/>
</kw>
<kw name="Log" owner="BuiltIn">
<msg time="2024-04-24T20:14:38.106845" level="INFO">{'large': 'https://randomuser.me/api/portraits/women/45.jpg', 'medium': 'https://randomuser.me/api/portraits/med/women/45.jpg', 'thumbnail': 'https://randomuser.me/api/portraits/thumb/women/45.jpg'}</msg>
<arg>${json_data['results'][0]['picture']}</arg>
<doc>Logs the given message with the given level.</doc>
<status status="PASS" start="2024-04-24T20:14:38.106513" elapsed="0.000374"/>
</kw>
<status status="PASS" start="2024-04-24T20:14:38.017771" elapsed="0.089368"/>
</kw>
<kw name="Teste de Tipos de Dados - Postcode" owner="random-user-service">
<kw name="GET On Session" owner="RequestsLibrary">
<msg time="2024-04-24T20:14:38.201795" level="INFO">GET Request : url=https://randomuser.me/api 
 path_url=/api 
 headers={'User-Agent': 'python-requests/2.31.0', 'Accept-Encoding': 'gzip, deflate', 'Accept': '*/*', 'Connection': 'keep-alive'} 
 body=None 
 </msg>
<msg time="2024-04-24T20:14:38.201877" level="INFO">GET Response : url=https://randomuser.me/api 
 status=200, reason=OK 
 headers={'Date': 'Wed, 24 Apr 2024 20:14:38 GMT', 'Content-Type': 'application/json; charset=utf-8', 'Transfer-Encoding': 'chunked', 'Connection': 'keep-alive', 'X-Powered-By': 'Express', 'Access-Control-Allow-Origin': '*', 'Cache-Control': 'no-cache', 'ETag': 'W/"493-SObWb6fG6JGsLOxcT2HlQhzIaqE"', 'Vary': 'Accept-Encoding', 'Content-Encoding': 'gzip', 'CF-Cache-Status': 'DYNAMIC', 'Report-To': '{"endpoints":[{"url":"https:\\/\\/a.nel.cloudflare.com\\/report\\/v4?s=da57OFq4D8zmBS8A8YriaTfSrPpTP4eScItjzCYz%2FBx0RvRl%2FuJnClkLYFR8Oy1jB8d0FXsy2G%2BahiFAJtPG%2FQs%2BoiaPY7OfTZe1ktrUhYZ82NjylJobvJkpB1%2FQkkFc"}],"group":"cf-nel","max_age":604800}', 'NEL': '{"success_fraction":0,"report_to":"cf-nel","max_age":604800}', 'Server': 'cloudflare', 'CF-RAY': '8798c2c03cc78221-IAD', 'alt-svc': 'h3=":443"; ma=86400'} 
 body={"results":[{"gender":"male","name":{"title":"Mr","first":"Samu","last":"Korpela"},"location":{"street":{"number":8119,"name":"Esplanadi"},"city":"Töysä","state":"Kymenlaakso","country":"Finland","postcode":59133,"coordinates":{"latitude":"-24.9512","longitude":"-172.6344"},"timezone":{"offset":"+5:30","description":"Bombay, Calcutta, Madras, New Delhi"}},"email":"samu.korpela@example.com","login":{"uuid":"d5bc1e38-a682-4db9-9bf9-f38e38c5b535","username":"yellowmouse971","password":"porkchop","salt":"QAHl1UM2","md5":"971136a37b322f80c2488d0f3a6ef683","sha1":"bff3ac9d55be8083d046f0a04c04f9fd5eb8e649","sha256":"2c35fd6dc50affb30ada6fd0632c3a00c8633c53cf17b3f98cb1b952ef249374"},"dob":{"date":"1956-05-18T02:32:48.626Z","age":67},"registered":{"date":"2012-08-05T10:46:12.579Z","age":11},"phone":"03-583-632","cell":"043-200-17-84","id":{"name":"HETU","value":"NaNNA235undefined"},"picture":{"large":"https://randomuser.me/api/portraits/men/88.jpg","medium":"https://randomuser.me/api/portraits/med/men/88.jpg","thumbnail":"https://randomuser.me/api/portraits/thumb/men/88.jpg"},"nat":"FI"}],"info":{"seed":"82c8ea44ac4da66a","results":1,"page":1,"version":"1.4"}} 
 </msg>
<msg time="2024-04-24T20:14:38.201953" level="INFO">/opt/hostedtoolcache/Python/3.12.3/x64/lib/python3.12/site-packages/urllib3/connectionpool.py:1103: InsecureRequestWarning: Unverified HTTPS request is being made to host 'randomuser.me'. Adding certificate verification is strongly advised. See: https://urllib3.readthedocs.io/en/latest/advanced-usage.html#tls-warnings
  warnings.warn(</msg>
<msg time="2024-04-24T20:14:38.202091" level="INFO">${response} = &lt;Response [200]&gt;</msg>
<var>${response}</var>
<arg>consultarAPI</arg>
<arg>/api</arg>
<doc>Sends a GET request on a previously created HTTP Session.</doc>
<status status="PASS" start="2024-04-24T20:14:38.107585" elapsed="0.094562"/>
</kw>
<kw name="Set Variable" owner="BuiltIn">
<msg time="2024-04-24T20:14:38.203051" level="INFO">${json_data} = {'results': [{'gender': 'male', 'name': {'title': 'Mr', 'first': 'Samu', 'last': 'Korpela'}, 'location': {'street': {'number': 8119, 'name': 'Esplanadi'}, 'city': 'Töysä', 'state': 'Kymenlaakso', 'cou...</msg>
<var>${json_data}</var>
<arg>${response.json()}</arg>
<doc>Returns the given values which can then be assigned to a variables.</doc>
<status status="PASS" start="2024-04-24T20:14:38.202607" elapsed="0.000473"/>
</kw>
<kw name="Log" owner="BuiltIn">
<msg time="2024-04-24T20:14:38.203539" level="INFO">{'results': [{'gender': 'male', 'name': {'title': 'Mr', 'first': 'Samu', 'last': 'Korpela'}, 'location': {'street': {'number': 8119, 'name': 'Esplanadi'}, 'city': 'Töysä', 'state': 'Kymenlaakso', 'country': 'Finland', 'postcode': 59133, 'coordinates': {'latitude': '-24.9512', 'longitude': '-172.6344'}, 'timezone': {'offset': '+5:30', 'description': 'Bombay, Calcutta, Madras, New Delhi'}}, 'email': 'samu.korpela@example.com', 'login': {'uuid': 'd5bc1e38-a682-4db9-9bf9-f38e38c5b535', 'username': 'yellowmouse971', 'password': 'porkchop', 'salt': 'QAHl1UM2', 'md5': '971136a37b322f80c2488d0f3a6ef683', 'sha1': 'bff3ac9d55be8083d046f0a04c04f9fd5eb8e649', 'sha256': '2c35fd6dc50affb30ada6fd0632c3a00c8633c53cf17b3f98cb1b952ef249374'}, 'dob': {'date': '1956-05-18T02:32:48.626Z', 'age': 67}, 'registered': {'date': '2012-08-05T10:46:12.579Z', 'age': 11}, 'phone': '03-583-632', 'cell': '043-200-17-84', 'id': {'name': 'HETU', 'value': 'NaNNA235undefined'}, 'picture': {'large': 'https://randomuser.me/api/portraits/men/88.jpg', 'medium': 'https://randomuser.me/api/portraits/med/men/88.jpg', 'thumbnail': 'https://randomuser.me/api/portraits/thumb/men/88.jpg'}, 'nat': 'FI'}], 'info': {'seed': '82c8ea44ac4da66a', 'results': 1, 'page': 1, 'version': '1.4'}}</msg>
<arg>${json_data}</arg>
<doc>Logs the given message with the given level.</doc>
<status status="PASS" start="2024-04-24T20:14:38.203384" elapsed="0.000235"/>
</kw>
<kw name="Should Be Equal As Numbers" owner="BuiltIn">
<arg>${json_data['results'][0]['location']['postcode']}</arg>
<arg>${json_data['results'][0]['location']['postcode']}</arg>
<doc>Fails if objects are unequal after converting them to real numbers.</doc>
<status status="PASS" start="2024-04-24T20:14:38.203919" elapsed="0.000800"/>
</kw>
<kw name="Log" owner="BuiltIn">
<msg time="2024-04-24T20:14:38.205257" level="INFO">59133</msg>
<arg>${json_data['results'][0]['location']['postcode']}</arg>
<doc>Logs the given message with the given level.</doc>
<status status="PASS" start="2024-04-24T20:14:38.204916" elapsed="0.000381"/>
</kw>
<status status="PASS" start="2024-04-24T20:14:38.107362" elapsed="0.098186"/>
</kw>
<doc>Testa se os tipos de dados na resposta da API estão corretos.</doc>
<tag>testeTiposDados</tag>
<status status="PASS" start="2024-04-24T20:14:38.017348" elapsed="0.188360"/>
</test>
<test id="s1-s1-t5" name="Validar conteudo" line="35">
<kw name="Teste de Tipos de Conteudo" owner="random-user-service">
<kw name="GET On Session" owner="RequestsLibrary">
<msg time="2024-04-24T20:14:38.303799" level="INFO">GET Request : url=https://randomuser.me/api 
 path_url=/api 
 headers={'User-Agent': 'python-requests/2.31.0', 'Accept-Encoding': 'gzip, deflate', 'Accept': '*/*', 'Connection': 'keep-alive'} 
 body=None 
 </msg>
<msg time="2024-04-24T20:14:38.303861" level="INFO">GET Response : url=https://randomuser.me/api 
 status=200, reason=OK 
 headers={'Date': 'Wed, 24 Apr 2024 20:14:38 GMT', 'Content-Type': 'application/json; charset=utf-8', 'Transfer-Encoding': 'chunked', 'Connection': 'keep-alive', 'X-Powered-By': 'Express', 'Access-Control-Allow-Origin': '*', 'Cache-Control': 'no-cache', 'ETag': 'W/"48d-2OFLwT5+Pw+NFlg2QmdqZHxMRUw"', 'Vary': 'Accept-Encoding', 'Content-Encoding': 'gzip', 'CF-Cache-Status': 'DYNAMIC', 'Report-To': '{"endpoints":[{"url":"https:\\/\\/a.nel.cloudflare.com\\/report\\/v4?s=zTuCNjJDlWQzCi4DK2lMJDNDw%2FC%2FTSUShFRRbDo0fL1G9pL5IHHWuKuAY%2BJIbEBWOQnIae%2F3rhAcBU3uiZhK5QxAuCaiRTXzgAHGkKctFLL%2F5KGfItYMjCTirCNBl1pb"}],"group":"cf-nel","max_age":604800}', 'NEL': '{"success_fraction":0,"report_to":"cf-nel","max_age":604800}', 'Server': 'cloudflare', 'CF-RAY': '8798c2c0dd7c8221-IAD', 'alt-svc': 'h3=":443"; ma=86400'} 
 body={"results":[{"gender":"female","name":{"title":"Mrs","first":"Suzy","last":"Cooper"},"location":{"street":{"number":9416,"name":"Victoria Road"},"city":"Castlebar","state":"Kerry","country":"Ireland","postcode":52798,"coordinates":{"latitude":"-1.0104","longitude":"79.8456"},"timezone":{"offset":"+8:00","description":"Beijing, Perth, Singapore, Hong Kong"}},"email":"suzy.cooper@example.com","login":{"uuid":"e27dfe35-7135-4158-885f-0b06ac6af7e2","username":"yellowbird721","password":"firefly","salt":"gmufwHtH","md5":"7c1b45c62e78a66d14c499cae17a7e2f","sha1":"1010a11507df4de0823a79a493050a1e0d31b0bf","sha256":"7940bd91c10e5508293938874389b4e0620422ece12c72aaceac89d8defa4add"},"dob":{"date":"1947-08-24T14:09:10.064Z","age":76},"registered":{"date":"2010-09-17T00:41:38.296Z","age":13},"phone":"061-469-4815","cell":"081-471-4150","id":{"name":"PPS","value":"8504543T"},"picture":{"large":"https://randomuser.me/api/portraits/women/66.jpg","medium":"https://randomuser.me/api/portraits/med/women/66.jpg","thumbnail":"https://randomuser.me/api/portraits/thumb/women/66.jpg"},"nat":"IE"}],"info":{"seed":"c9563f42110fe011","results":1,"page":1,"version":"1.4"}} 
 </msg>
<msg time="2024-04-24T20:14:38.303915" level="INFO">/opt/hostedtoolcache/Python/3.12.3/x64/lib/python3.12/site-packages/urllib3/connectionpool.py:1103: InsecureRequestWarning: Unverified HTTPS request is being made to host 'randomuser.me'. Adding certificate verification is strongly advised. See: https://urllib3.readthedocs.io/en/latest/advanced-usage.html#tls-warnings
  warnings.warn(</msg>
<msg time="2024-04-24T20:14:38.304018" level="INFO">${response} = &lt;Response [200]&gt;</msg>
<var>${response}</var>
<arg>consultarAPI</arg>
<arg>/api</arg>
<doc>Sends a GET request on a previously created HTTP Session.</doc>
<status status="PASS" start="2024-04-24T20:14:38.208168" elapsed="0.095892"/>
</kw>
<kw name="Set Variable" owner="BuiltIn">
<msg time="2024-04-24T20:14:38.304924" level="INFO">${json_data} = {'results': [{'gender': 'female', 'name': {'title': 'Mrs', 'first': 'Suzy', 'last': 'Cooper'}, 'location': {'street': {'number': 9416, 'name': 'Victoria Road'}, 'city': 'Castlebar', 'state': 'Kerry', ...</msg>
<var>${json_data}</var>
<arg>${response.json()}</arg>
<doc>Returns the given values which can then be assigned to a variables.</doc>
<status status="PASS" start="2024-04-24T20:14:38.304452" elapsed="0.000500"/>
</kw>
<kw name="Set Variable" owner="BuiltIn">
<msg time="2024-04-24T20:14:38.305630" level="INFO">${name_title} = Mrs</msg>
<var>${name_title}</var>
<arg>${json_data["results"][0]["name"]["title"]}</arg>
<doc>Returns the given values which can then be assigned to a variables.</doc>
<status status="PASS" start="2024-04-24T20:14:38.305251" elapsed="0.000404"/>
</kw>
<kw name="Create List" owner="BuiltIn">
<msg time="2024-04-24T20:14:38.306095" level="INFO">${allowed_titles} = ['Mr', 'Ms', 'Miss', 'Mrs', 'Madame', 'Monsieur']</msg>
<var>${allowed_titles}</var>
<arg>Mr</arg>
<arg>Ms</arg>
<arg>Miss</arg>
<arg>Mrs</arg>
<arg>Madame</arg>
<arg>Monsieur</arg>
<doc>Returns a list containing given items.</doc>
<status status="PASS" start="2024-04-24T20:14:38.305948" elapsed="0.000171"/>
</kw>
<kw name="List Should Contain Value" owner="Collections">
<msg time="2024-04-24T20:14:38.306582" level="INFO">False</msg>
<arg>${allowed_titles}</arg>
<arg>${name_title}</arg>
<doc>Fails if the ``value`` is not found from ``list``.</doc>
<status status="PASS" start="2024-04-24T20:14:38.306414" elapsed="0.000204"/>
</kw>
<kw name="Set Variable" owner="BuiltIn">
<msg time="2024-04-24T20:14:38.307288" level="INFO">${name_country} = IE</msg>
<var>${name_country}</var>
<arg>${json_data["results"][0]["nat"]}</arg>
<doc>Returns the given values which can then be assigned to a variables.</doc>
<status status="PASS" start="2024-04-24T20:14:38.306905" elapsed="0.000408"/>
</kw>
<kw name="Create List" owner="BuiltIn">
<msg time="2024-04-24T20:14:38.308254" level="INFO">${list_country} = ['AD', 'AE', 'AF', 'AG', 'AI', 'AL', 'AM', 'AO', 'AQ', 'AR', 'AS', 'AT', 'AU', 'AW', 'AX', 'AZ', 'BA', 'BB', 'BD', 'BE', 'BF', 'BG', 'BH', 'BI', 'BJ', 'BL', 'BM', 'BN', 'BO', 'BQ', 'BR', 'BS', 'BT', '...</msg>
<var>${list_country}</var>
<arg>AD</arg>
<arg>AE</arg>
<arg>AF</arg>
<arg>AG</arg>
<arg>AI</arg>
<arg>AL</arg>
<arg>AM</arg>
<arg>AO</arg>
<arg>AQ</arg>
<arg>AR</arg>
<arg>AS</arg>
<arg>AT</arg>
<arg>AU</arg>
<arg>AW</arg>
<arg>AX</arg>
<arg>AZ</arg>
<arg>BA</arg>
<arg>BB</arg>
<arg>BD</arg>
<arg>BE</arg>
<arg>BF</arg>
<arg>BG</arg>
<arg>BH</arg>
<arg>BI</arg>
<arg>BJ</arg>
<arg>BL</arg>
<arg>BM</arg>
<arg>BN</arg>
<arg>BO</arg>
<arg>BQ</arg>
<arg>BR</arg>
<arg>BS</arg>
<arg>BT</arg>
<arg>BV</arg>
<arg>BW</arg>
<arg>BY</arg>
<arg>BZ</arg>
<arg>CA</arg>
<arg>CC</arg>
<arg>CD</arg>
<arg>CF</arg>
<arg>CG</arg>
<arg>CH</arg>
<arg>CI</arg>
<arg>CK</arg>
<arg>CL</arg>
<arg>CM</arg>
<arg>CN</arg>
<arg>CO</arg>
<arg>CR</arg>
<arg>CU</arg>
<arg>CV</arg>
<arg>CW</arg>
<arg>CX</arg>
<arg>CY</arg>
<arg>CZ</arg>
<arg>DE</arg>
<arg>DJ</arg>
<arg>DK</arg>
<arg>DM</arg>
<arg>DO</arg>
<arg>DZ</arg>
<arg>EC</arg>
<arg>EE</arg>
<arg>EG</arg>
<arg>EH</arg>
<arg>ER</arg>
<arg>ES</arg>
<arg>ET</arg>
<arg>FI</arg>
<arg>FJ</arg>
<arg>FK</arg>
<arg>FM</arg>
<arg>FO</arg>
<arg>FR</arg>
<arg>GA</arg>
<arg>GB</arg>
<arg>GD</arg>
<arg>GE</arg>
<arg>GF</arg>
<arg>GG</arg>
<arg>GH</arg>
<arg>GI</arg>
<arg>GL</arg>
<arg>GM</arg>
<arg>GN</arg>
<arg>GP</arg>
<arg>GQ</arg>
<arg>GR</arg>
<arg>GS</arg>
<arg>GT</arg>
<arg>GU</arg>
<arg>GW</arg>
<arg>GY</arg>
<arg>HK</arg>
<arg>HM</arg>
<arg>HN</arg>
<arg>HR</arg>
<arg>HT</arg>
<arg>HU</arg>
<arg>ID</arg>
<arg>IE</arg>
<arg>IL</arg>
<arg>IM</arg>
<arg>IN</arg>
<arg>IO</arg>
<arg>IQ</arg>
<arg>IR</arg>
<arg>IS</arg>
<arg>IT</arg>
<arg>JE</arg>
<arg>JM</arg>
<arg>JO</arg>
<arg>JP</arg>
<arg>KE</arg>
<arg>KG</arg>
<arg>KH</arg>
<arg>KI</arg>
<arg>KM</arg>
<arg>KN</arg>
<arg>KP</arg>
<arg>KR</arg>
<arg>KW</arg>
<arg>KY</arg>
<arg>KZ</arg>
<arg>LA</arg>
<arg>LB</arg>
<arg>LC</arg>
<arg>LI</arg>
<arg>LK</arg>
<arg>LR</arg>
<arg>LS</arg>
<arg>LT</arg>
<arg>LU</arg>
<arg>LV</arg>
<arg>LY</arg>
<arg>MA</arg>
<arg>MC</arg>
<arg>MD</arg>
<arg>ME</arg>
<arg>MF</arg>
<arg>MG</arg>
<arg>MH</arg>
<arg>MK</arg>
<arg>ML</arg>
<arg>MM</arg>
<arg>MN</arg>
<arg>MO</arg>
<arg>MP</arg>
<arg>MQ</arg>
<arg>MR</arg>
<arg>MS</arg>
<arg>MT</arg>
<arg>MU</arg>
<arg>MV</arg>
<arg>MW</arg>
<arg>MX</arg>
<arg>MY</arg>
<arg>MZ</arg>
<arg>NA</arg>
<arg>NC</arg>
<arg>NE</arg>
<arg>NF</arg>
<arg>NG</arg>
<arg>NI</arg>
<arg>NL</arg>
<arg>NO</arg>
<arg>NP</arg>
<arg>NR</arg>
<arg>NU</arg>
<arg>NZ</arg>
<arg>OM</arg>
<arg>PA</arg>
<arg>PE</arg>
<arg>PF</arg>
<arg>PG</arg>
<arg>PH</arg>
<arg>PK</arg>
<arg>PL</arg>
<arg>PM</arg>
<arg>PN</arg>
<arg>PR</arg>
<arg>PS</arg>
<arg>PT</arg>
<arg>PW</arg>
<arg>PY</arg>
<arg>QA</arg>
<arg>RE</arg>
<arg>RO</arg>
<arg>RS</arg>
<arg>RU</arg>
<arg>RW</arg>
<arg>SA</arg>
<arg>SB</arg>
<arg>SC</arg>
<arg>SD</arg>
<arg>SE</arg>
<arg>SG</arg>
<arg>SH</arg>
<arg>SI</arg>
<arg>SJ</arg>
<arg>SK</arg>
<arg>SL</arg>
<arg>SM</arg>
<arg>SN</arg>
<arg>SO</arg>
<arg>SR</arg>
<arg>SS</arg>
<arg>ST</arg>
<arg>SV</arg>
<arg>SX</arg>
<arg>SY</arg>
<arg>SZ</arg>
<arg>TC</arg>
<arg>TD</arg>
<arg>TF</arg>
<arg>TG</arg>
<arg>TH</arg>
<arg>TJ</arg>
<arg>TK</arg>
<arg>TL</arg>
<arg>TM</arg>
<arg>TN</arg>
<arg>TO</arg>
<arg>TR</arg>
<arg>TT</arg>
<arg>TV</arg>
<arg>TW</arg>
<arg>TZ</arg>
<arg>UA</arg>
<arg>UG</arg>
<arg>UM</arg>
<arg>US</arg>
<arg>UY</arg>
<arg>UZ</arg>
<arg>VA</arg>
<arg>VC</arg>
<arg>VE</arg>
<arg>VG</arg>
<arg>VI</arg>
<arg>VN</arg>
<arg>VU</arg>
<arg>WF</arg>
<arg>WS</arg>
<arg>XK</arg>
<arg>YE</arg>
<arg>YT</arg>
<arg>ZA</arg>
<arg>ZM</arg>
<arg>ZW</arg>
<doc>Returns a list containing given items.</doc>
<status status="PASS" start="2024-04-24T20:14:38.307615" elapsed="0.000665"/>
</kw>
<kw name="List Should Contain Value" owner="Collections">
<msg time="2024-04-24T20:14:38.309287" level="INFO">False</msg>
<arg>${list_country}</arg>
<arg>${name_country}</arg>
<doc>Fails if the ``value`` is not found from ``list``.</doc>
<status status="PASS" start="2024-04-24T20:14:38.309088" elapsed="0.000235"/>
</kw>
<kw name="Run Keyword If" owner="BuiltIn">
<kw name="Should Be True" owner="BuiltIn">
<arg>${True}</arg>
<doc>Fails if the given condition is not true.</doc>
<status status="PASS" start="2024-04-24T20:14:38.310378" elapsed="0.000143"/>
</kw>
<arg>${json_data["results"][0]["location"]["coordinates"]["latitude"]} &gt;= -90 and ${json_data["results"][0]["location"]["coordinates"]["latitude"]} &lt;= 90</arg>
<arg>Should Be True</arg>
<arg>${True}</arg>
<doc>Runs the given keyword with the given arguments, if ``condition`` is true.</doc>
<status status="PASS" start="2024-04-24T20:14:38.309631" elapsed="0.001016"/>
</kw>
<kw name="Run Keyword If" owner="BuiltIn">
<kw name="Should Be True" owner="BuiltIn">
<arg>${True}</arg>
<doc>Fails if the given condition is not true.</doc>
<status status="PASS" start="2024-04-24T20:14:38.311517" elapsed="0.000255"/>
</kw>
<arg>${json_data["results"][0]["location"]["coordinates"]["longitude"]} &gt;= -180 and ${json_data["results"][0]["location"]["coordinates"]["longitude"]} &lt;= 180</arg>
<arg>Should Be True</arg>
<arg>${True}</arg>
<doc>Runs the given keyword with the given arguments, if ``condition`` is true.</doc>
<status status="PASS" start="2024-04-24T20:14:38.310828" elapsed="0.001070"/>
</kw>
<status status="PASS" start="2024-04-24T20:14:38.207941" elapsed="0.104086"/>
</kw>
<doc>Testa o conteúdo específico dos campos retornados pela API.</doc>
<tag>testeConteudo</tag>
<status status="PASS" start="2024-04-24T20:14:38.207437" elapsed="0.104730"/>
</test>
<status status="PASS" start="2024-04-24T20:14:37.498630" elapsed="0.815463"/>
</suite>
<status status="PASS" start="2024-04-24T20:14:37.484322" elapsed="0.834793"/>
</suite>
<statistics>
<total>
<stat pass="5" fail="0" skip="0">All Tests</stat>
</total>
<tag>
<stat pass="1" fail="0" skip="0">testeConteudo</stat>
<stat pass="1" fail="0" skip="0">testeEstruturaResposta</stat>
<stat pass="1" fail="0" skip="0">testeRequisicaoBasica</stat>
<stat pass="1" fail="0" skip="0">testeTiposDados</stat>
</tag>
<suite>
<stat pass="5" fail="0" skip="0" id="s1" name="Tests">Tests</stat>
<stat pass="5" fail="0" skip="0" id="s1-s1" name="Random-User-Test">Tests.Random-User-Test</stat>
</suite>
</statistics>
<errors>
</errors>
</robot>
