<?xml version="1.0" encoding="UTF-8"?>
<robot generator="Robot 7.0.1 (Python 3.12.4 on linux)" generated="2024-07-29T04:18:12.026987" rpa="false" schemaversion="5">
<suite id="s1" name="Tests" source="/home/runner/work/ApiRandomUser/ApiRandomUser/RamdonUser/tests">
<suite id="s1-s1" name="Random-User-Test" source="/home/runner/work/ApiRandomUser/ApiRandomUser/RamdonUser/tests/random-user-test.robot">
<test id="s1-s1-t1" name="Conectar" line="13">
<kw name="Conectar API" owner="random-user-service">
<kw name="Create Session" owner="RequestsLibrary">
<msg time="2024-07-29T04:18:12.416597" level="INFO">Creating Session using : alias=consultarAPI, url=https://randomuser.me/, headers={},                     cookies={}, auth=None, timeout=None, proxies=None, verify=False,                     debug=0 </msg>
<arg>consultarAPI</arg>
<arg>${URL}</arg>
<doc>Create Session: create a HTTP session to a server</doc>
<status status="PASS" start="2024-07-29T04:18:12.416409" elapsed="0.000358"/>
</kw>
<status status="PASS" start="2024-07-29T04:18:12.415439" elapsed="0.001668"/>
</kw>
<status status="PASS" start="2024-07-29T04:18:12.414865" elapsed="0.002437"/>
</test>
<test id="s1-s1-t2" name="Validar retorno 200 e JSON Válido" line="16">
<kw name="Teste de Requisicao Basica" owner="random-user-service">
<kw name="GET On Session" owner="RequestsLibrary">
<msg time="2024-07-29T04:18:12.743271" level="INFO">GET Request : url=https://randomuser.me/api 
 path_url=/api 
 headers={'User-Agent': 'python-requests/2.32.3', 'Accept-Encoding': 'gzip, deflate', 'Accept': '*/*', 'Connection': 'keep-alive'} 
 body=None 
 </msg>
<msg time="2024-07-29T04:18:12.743410" level="INFO">GET Response : url=https://randomuser.me/api 
 status=200, reason=OK 
 headers={'Date': 'Mon, 29 Jul 2024 04:18:12 GMT', 'Content-Type': 'application/json; charset=utf-8', 'Transfer-Encoding': 'chunked', 'Connection': 'keep-alive', 'X-Powered-By': 'Express', 'Access-Control-Allow-Origin': '*', 'Cache-Control': 'no-cache', 'ETag': 'W/"496-e7Iu4dzBLy7ybfsymgMuoUx3cXM"', 'Vary': 'Accept-Encoding', 'Content-Encoding': 'gzip', 'CF-Cache-Status': 'DYNAMIC', 'Report-To': '{"endpoints":[{"url":"https:\\/\\/a.nel.cloudflare.com\\/report\\/v4?s=9Xs%2B5JpepdRakyvJwSh9fod9g09jHxoEv0Ix%2F%2FMfIh2ntDgzqnppdYyBhCImPsB2Mk6Zuhzdlg1lbsbTW8TUUU9pTj%2FASYo%2FMkn7%2Fh%2FwI02HVmMXlIdKhTgAAISnC22Y"}],"group":"cf-nel","max_age":604800}', 'NEL': '{"success_fraction":0,"report_to":"cf-nel","max_age":604800}', 'Server': 'cloudflare', 'CF-RAY': '8aaa4dbd5df50400-ORD', 'alt-svc': 'h3=":443"; ma=86400'} 
 body={"results":[{"gender":"female","name":{"title":"Mrs","first":"Gabriele","last":"Carvalho"},"location":{"street":{"number":5152,"name":"Rua Dezessete "},"city":"Brusque","state":"Roraima","country":"Brazil","postcode":89711,"coordinates":{"latitude":"-76.8875","longitude":"70.4727"},"timezone":{"offset":"+2:00","description":"Kaliningrad, South Africa"}},"email":"gabriele.carvalho@example.com","login":{"uuid":"5268842d-e855-44b7-88b3-85b9c2c2fa66","username":"brownlion406","password":"player","salt":"HvvsTCaG","md5":"4ce82cdb3ec59344c125bd4c772f4193","sha1":"57d7d7b52a93880b7d888717698b8ae200e9dfcf","sha256":"2a43479f39e3284a049451dae3ac44d9a40b3221e99d6f8dad85bd33a36c6fa6"},"dob":{"date":"1984-06-16T05:48:12.808Z","age":40},"registered":{"date":"2014-09-03T05:50:51.382Z","age":9},"phone":"(18) 1964-4760","cell":"(03) 6379-4218","id":{"name":"CPF","value":"135.467.713-46"},"picture":{"large":"https://randomuser.me/api/portraits/women/76.jpg","medium":"https://randomuser.me/api/portraits/med/women/76.jpg","thumbnail":"https://randomuser.me/api/portraits/thumb/women/76.jpg"},"nat":"BR"}],"info":{"seed":"ef480b9fe8f776aa","results":1,"page":1,"version":"1.4"}} 
 </msg>
<msg time="2024-07-29T04:18:12.743496" level="INFO">/opt/hostedtoolcache/Python/3.12.4/x64/lib/python3.12/site-packages/urllib3/connectionpool.py:1099: InsecureRequestWarning: Unverified HTTPS request is being made to host 'randomuser.me'. Adding certificate verification is strongly advised. See: https://urllib3.readthedocs.io/en/latest/advanced-usage.html#tls-warnings
  warnings.warn(</msg>
<msg time="2024-07-29T04:18:12.743624" level="INFO">${response} = &lt;Response [200]&gt;</msg>
<var>${response}</var>
<arg>consultarAPI</arg>
<arg>/api</arg>
<doc>Sends a GET request on a previously created HTTP Session.</doc>
<status status="PASS" start="2024-07-29T04:18:12.419957" elapsed="0.323711"/>
</kw>
<kw name="Should Be Equal As Numbers" owner="BuiltIn">
<msg time="2024-07-29T04:18:12.744534" level="INFO">Argument types are:
&lt;class 'int'&gt;
&lt;class 'str'&gt;</msg>
<arg>${response.status_code}</arg>
<arg>200</arg>
<doc>Fails if objects are unequal after converting them to real numbers.</doc>
<status status="PASS" start="2024-07-29T04:18:12.744128" elapsed="0.000468"/>
</kw>
<kw name="Log" owner="BuiltIn">
<msg time="2024-07-29T04:18:12.745261" level="INFO">200</msg>
<arg>${response.status_code}</arg>
<doc>Logs the given message with the given level.</doc>
<status status="PASS" start="2024-07-29T04:18:12.744909" elapsed="0.000394"/>
</kw>
<kw name="Set Variable" owner="BuiltIn">
<msg time="2024-07-29T04:18:12.746082" level="INFO">${json_data} = {'results': [{'gender': 'female', 'name': {'title': 'Mrs', 'first': 'Gabriele', 'last': 'Carvalho'}, 'location': {'street': {'number': 5152, 'name': 'Rua Dezessete '}, 'city': 'Brusque', 'state': 'Ror...</msg>
<var>${json_data}</var>
<arg>${response.json()}</arg>
<doc>Returns the given values which can then be assigned to a variables.</doc>
<status status="PASS" start="2024-07-29T04:18:12.745607" elapsed="0.000503"/>
</kw>
<kw name="Dictionary Should Contain Key" owner="Collections">
<arg>${json_data}</arg>
<arg>results</arg>
<doc>Fails if ``key`` is not found from ``dictionary``.</doc>
<status status="PASS" start="2024-07-29T04:18:12.746412" elapsed="0.000293"/>
</kw>
<status status="PASS" start="2024-07-29T04:18:12.419711" elapsed="0.327143"/>
</kw>
<doc>Testa se a API responde corretamente e retorna um objeto JSON válido.</doc>
<tag>testeRequisicaoBasica</tag>
<status status="PASS" start="2024-07-29T04:18:12.419177" elapsed="0.327838"/>
</test>
<test id="s1-s1-t3" name="Validar estrutura de resposta" line="22">
<kw name="Teste de Estrutura de Resposta" owner="random-user-service">
<kw name="GET On Session" owner="RequestsLibrary">
<msg time="2024-07-29T04:18:12.839798" level="INFO">GET Request : url=https://randomuser.me/api 
 path_url=/api 
 headers={'User-Agent': 'python-requests/2.32.3', 'Accept-Encoding': 'gzip, deflate', 'Accept': '*/*', 'Connection': 'keep-alive'} 
 body=None 
 </msg>
<msg time="2024-07-29T04:18:12.839863" level="INFO">GET Response : url=https://randomuser.me/api 
 status=200, reason=OK 
 headers={'Date': 'Mon, 29 Jul 2024 04:18:12 GMT', 'Content-Type': 'application/json; charset=utf-8', 'Transfer-Encoding': 'chunked', 'Connection': 'keep-alive', 'X-Powered-By': 'Express', 'Access-Control-Allow-Origin': '*', 'Cache-Control': 'no-cache', 'ETag': 'W/"491-Srg02biD7vNkLgA6x2j65u826Cs"', 'Vary': 'Accept-Encoding', 'Content-Encoding': 'gzip', 'CF-Cache-Status': 'DYNAMIC', 'Report-To': '{"endpoints":[{"url":"https:\\/\\/a.nel.cloudflare.com\\/report\\/v4?s=wy3qi4D6927GfiQl9U1iOEQ9fJA9X0rufDLC%2B3vVRpVvZm4iwjuQ8pF1Xxi7LjdAtg7FhT6nf6FNK1v%2FE7kbVzwtiqf5iyGW9XqujXfL6QTWQKNJ2kBHVTIg2akM%2FcAs"}],"group":"cf-nel","max_age":604800}', 'NEL': '{"success_fraction":0,"report_to":"cf-nel","max_age":604800}', 'Server': 'cloudflare', 'CF-RAY': '8aaa4dbdbe340400-ORD', 'alt-svc': 'h3=":443"; ma=86400'} 
 body={"results":[{"gender":"male","name":{"title":"Mr","first":"Rick","last":"Green"},"location":{"street":{"number":1222,"name":"Highfield Road"},"city":"Mountmellick","state":"Galway","country":"Ireland","postcode":98986,"coordinates":{"latitude":"-2.4641","longitude":"-49.9720"},"timezone":{"offset":"-5:00","description":"Eastern Time (US &amp; Canada), Bogota, Lima"}},"email":"rick.green@example.com","login":{"uuid":"c5315a4f-e9ec-4a20-a0d3-218854291f06","username":"ticklishelephant242","password":"4wwvte","salt":"4M4WMja5","md5":"2f16ce9ffa17233390a4934f637f04aa","sha1":"2a1e92a624d60613a67d396d9d6f3575ec36d85c","sha256":"2769cb6942e92caeddda3e874fb2959e2cf31d9455d105c3f966bb9bebd3dd32"},"dob":{"date":"1949-11-27T00:33:17.490Z","age":74},"registered":{"date":"2013-03-28T13:00:51.031Z","age":11},"phone":"031-216-1903","cell":"081-034-8854","id":{"name":"PPS","value":"3236852T"},"picture":{"large":"https://randomuser.me/api/portraits/men/53.jpg","medium":"https://randomuser.me/api/portraits/med/men/53.jpg","thumbnail":"https://randomuser.me/api/portraits/thumb/men/53.jpg"},"nat":"IE"}],"info":{"seed":"3c6a07173e50478f","results":1,"page":1,"version":"1.4"}} 
 </msg>
<msg time="2024-07-29T04:18:12.839959" level="INFO">/opt/hostedtoolcache/Python/3.12.4/x64/lib/python3.12/site-packages/urllib3/connectionpool.py:1099: InsecureRequestWarning: Unverified HTTPS request is being made to host 'randomuser.me'. Adding certificate verification is strongly advised. See: https://urllib3.readthedocs.io/en/latest/advanced-usage.html#tls-warnings
  warnings.warn(</msg>
<msg time="2024-07-29T04:18:12.840051" level="INFO">${response} = &lt;Response [200]&gt;</msg>
<var>${response}</var>
<arg>consultarAPI</arg>
<arg>/api</arg>
<doc>Sends a GET request on a previously created HTTP Session.</doc>
<status status="PASS" start="2024-07-29T04:18:12.750181" elapsed="0.089901"/>
</kw>
<kw name="Set Variable" owner="BuiltIn">
<msg time="2024-07-29T04:18:12.840912" level="INFO">${json_data} = {'results': [{'gender': 'male', 'name': {'title': 'Mr', 'first': 'Rick', 'last': 'Green'}, 'location': {'street': {'number': 1222, 'name': 'Highfield Road'}, 'city': 'Mountmellick', 'state': 'Galway',...</msg>
<var>${json_data}</var>
<arg>${response.json()}</arg>
<doc>Returns the given values which can then be assigned to a variables.</doc>
<status status="PASS" start="2024-07-29T04:18:12.840469" elapsed="0.000474"/>
</kw>
<kw name="Log" owner="BuiltIn">
<msg time="2024-07-29T04:18:12.841408" level="INFO">{'results': [{'gender': 'male', 'name': {'title': 'Mr', 'first': 'Rick', 'last': 'Green'}, 'location': {'street': {'number': 1222, 'name': 'Highfield Road'}, 'city': 'Mountmellick', 'state': 'Galway', 'country': 'Ireland', 'postcode': 98986, 'coordinates': {'latitude': '-2.4641', 'longitude': '-49.9720'}, 'timezone': {'offset': '-5:00', 'description': 'Eastern Time (US &amp; Canada), Bogota, Lima'}}, 'email': 'rick.green@example.com', 'login': {'uuid': 'c5315a4f-e9ec-4a20-a0d3-218854291f06', 'username': 'ticklishelephant242', 'password': '4wwvte', 'salt': '4M4WMja5', 'md5': '2f16ce9ffa17233390a4934f637f04aa', 'sha1': '2a1e92a624d60613a67d396d9d6f3575ec36d85c', 'sha256': '2769cb6942e92caeddda3e874fb2959e2cf31d9455d105c3f966bb9bebd3dd32'}, 'dob': {'date': '1949-11-27T00:33:17.490Z', 'age': 74}, 'registered': {'date': '2013-03-28T13:00:51.031Z', 'age': 11}, 'phone': '031-216-1903', 'cell': '081-034-8854', 'id': {'name': 'PPS', 'value': '3236852T'}, 'picture': {'large': 'https://randomuser.me/api/portraits/men/53.jpg', 'medium': 'https://randomuser.me/api/portraits/med/men/53.jpg', 'thumbnail': 'https://randomuser.me/api/portraits/thumb/men/53.jpg'}, 'nat': 'IE'}], 'info': {'seed': '3c6a07173e50478f', 'results': 1, 'page': 1, 'version': '1.4'}}</msg>
<arg>${json_data}</arg>
<doc>Logs the given message with the given level.</doc>
<status status="PASS" start="2024-07-29T04:18:12.841246" elapsed="0.000213"/>
</kw>
<kw name="Dictionary Should Contain Key" owner="Collections">
<arg>${json_data}</arg>
<arg>results</arg>
<doc>Fails if ``key`` is not found from ``dictionary``.</doc>
<status status="PASS" start="2024-07-29T04:18:12.841790" elapsed="0.000162"/>
</kw>
<kw name="Should Not Be Empty" owner="BuiltIn">
<msg time="2024-07-29T04:18:12.842269" level="INFO">Length is 2.</msg>
<arg>${json_data}</arg>
<doc>Verifies that the given item is not empty.</doc>
<status status="PASS" start="2024-07-29T04:18:12.842139" elapsed="0.000173"/>
</kw>
<kw name="Create List" owner="BuiltIn">
<msg time="2024-07-29T04:18:12.842756" level="INFO">${expected_keys} = ['gender', 'name', 'location', 'email', 'login']</msg>
<var>${expected_keys}</var>
<arg>gender</arg>
<arg>name</arg>
<arg>location</arg>
<arg>email</arg>
<arg>login</arg>
<doc>Returns a list containing given items.</doc>
<status status="PASS" start="2024-07-29T04:18:12.842602" elapsed="0.000178"/>
</kw>
<for flavor="IN">
<iter>
<kw name="Dictionary Should Contain Key" owner="Collections">
<arg>${json_data['results'][0]}</arg>
<arg>${key}</arg>
<doc>Fails if ``key`` is not found from ``dictionary``.</doc>
<status status="PASS" start="2024-07-29T04:18:12.843343" elapsed="0.000407"/>
</kw>
<kw name="Log" owner="BuiltIn">
<msg time="2024-07-29T04:18:12.844287" level="INFO">{'gender': 'male', 'name': {'title': 'Mr', 'first': 'Rick', 'last': 'Green'}, 'location': {'street': {'number': 1222, 'name': 'Highfield Road'}, 'city': 'Mountmellick', 'state': 'Galway', 'country': 'Ireland', 'postcode': 98986, 'coordinates': {'latitude': '-2.4641', 'longitude': '-49.9720'}, 'timezone': {'offset': '-5:00', 'description': 'Eastern Time (US &amp; Canada), Bogota, Lima'}}, 'email': 'rick.green@example.com', 'login': {'uuid': 'c5315a4f-e9ec-4a20-a0d3-218854291f06', 'username': 'ticklishelephant242', 'password': '4wwvte', 'salt': '4M4WMja5', 'md5': '2f16ce9ffa17233390a4934f637f04aa', 'sha1': '2a1e92a624d60613a67d396d9d6f3575ec36d85c', 'sha256': '2769cb6942e92caeddda3e874fb2959e2cf31d9455d105c3f966bb9bebd3dd32'}, 'dob': {'date': '1949-11-27T00:33:17.490Z', 'age': 74}, 'registered': {'date': '2013-03-28T13:00:51.031Z', 'age': 11}, 'phone': '031-216-1903', 'cell': '081-034-8854', 'id': {'name': 'PPS', 'value': '3236852T'}, 'picture': {'large': 'https://randomuser.me/api/portraits/men/53.jpg', 'medium': 'https://randomuser.me/api/portraits/med/men/53.jpg', 'thumbnail': 'https://randomuser.me/api/portraits/thumb/men/53.jpg'}, 'nat': 'IE'}</msg>
<arg>${json_data['results'][0]}</arg>
<doc>Logs the given message with the given level.</doc>
<status status="PASS" start="2024-07-29T04:18:12.843936" elapsed="0.000401"/>
</kw>
<kw name="Log" owner="BuiltIn">
<msg time="2024-07-29T04:18:12.844772" level="INFO">gender</msg>
<arg>${key}</arg>
<doc>Logs the given message with the given level.</doc>
<status status="PASS" start="2024-07-29T04:18:12.844640" elapsed="0.000170"/>
</kw>
<var name="${key}">gender</var>
<status status="PASS" start="2024-07-29T04:18:12.843216" elapsed="0.001811"/>
</iter>
<iter>
<kw name="Dictionary Should Contain Key" owner="Collections">
<arg>${json_data['results'][0]}</arg>
<arg>${key}</arg>
<doc>Fails if ``key`` is not found from ``dictionary``.</doc>
<status status="PASS" start="2024-07-29T04:18:12.845324" elapsed="0.000412"/>
</kw>
<kw name="Log" owner="BuiltIn">
<msg time="2024-07-29T04:18:12.846278" level="INFO">{'gender': 'male', 'name': {'title': 'Mr', 'first': 'Rick', 'last': 'Green'}, 'location': {'street': {'number': 1222, 'name': 'Highfield Road'}, 'city': 'Mountmellick', 'state': 'Galway', 'country': 'Ireland', 'postcode': 98986, 'coordinates': {'latitude': '-2.4641', 'longitude': '-49.9720'}, 'timezone': {'offset': '-5:00', 'description': 'Eastern Time (US &amp; Canada), Bogota, Lima'}}, 'email': 'rick.green@example.com', 'login': {'uuid': 'c5315a4f-e9ec-4a20-a0d3-218854291f06', 'username': 'ticklishelephant242', 'password': '4wwvte', 'salt': '4M4WMja5', 'md5': '2f16ce9ffa17233390a4934f637f04aa', 'sha1': '2a1e92a624d60613a67d396d9d6f3575ec36d85c', 'sha256': '2769cb6942e92caeddda3e874fb2959e2cf31d9455d105c3f966bb9bebd3dd32'}, 'dob': {'date': '1949-11-27T00:33:17.490Z', 'age': 74}, 'registered': {'date': '2013-03-28T13:00:51.031Z', 'age': 11}, 'phone': '031-216-1903', 'cell': '081-034-8854', 'id': {'name': 'PPS', 'value': '3236852T'}, 'picture': {'large': 'https://randomuser.me/api/portraits/men/53.jpg', 'medium': 'https://randomuser.me/api/portraits/med/men/53.jpg', 'thumbnail': 'https://randomuser.me/api/portraits/thumb/men/53.jpg'}, 'nat': 'IE'}</msg>
<arg>${json_data['results'][0]}</arg>
<doc>Logs the given message with the given level.</doc>
<status status="PASS" start="2024-07-29T04:18:12.845920" elapsed="0.000449"/>
</kw>
<kw name="Log" owner="BuiltIn">
<msg time="2024-07-29T04:18:12.846801" level="INFO">name</msg>
<arg>${key}</arg>
<doc>Logs the given message with the given level.</doc>
<status status="PASS" start="2024-07-29T04:18:12.846671" elapsed="0.000168"/>
</kw>
<var name="${key}">name</var>
<status status="PASS" start="2024-07-29T04:18:12.845212" elapsed="0.001844"/>
</iter>
<iter>
<kw name="Dictionary Should Contain Key" owner="Collections">
<arg>${json_data['results'][0]}</arg>
<arg>${key}</arg>
<doc>Fails if ``key`` is not found from ``dictionary``.</doc>
<status status="PASS" start="2024-07-29T04:18:12.847342" elapsed="0.000378"/>
</kw>
<kw name="Log" owner="BuiltIn">
<msg time="2024-07-29T04:18:12.848250" level="INFO">{'gender': 'male', 'name': {'title': 'Mr', 'first': 'Rick', 'last': 'Green'}, 'location': {'street': {'number': 1222, 'name': 'Highfield Road'}, 'city': 'Mountmellick', 'state': 'Galway', 'country': 'Ireland', 'postcode': 98986, 'coordinates': {'latitude': '-2.4641', 'longitude': '-49.9720'}, 'timezone': {'offset': '-5:00', 'description': 'Eastern Time (US &amp; Canada), Bogota, Lima'}}, 'email': 'rick.green@example.com', 'login': {'uuid': 'c5315a4f-e9ec-4a20-a0d3-218854291f06', 'username': 'ticklishelephant242', 'password': '4wwvte', 'salt': '4M4WMja5', 'md5': '2f16ce9ffa17233390a4934f637f04aa', 'sha1': '2a1e92a624d60613a67d396d9d6f3575ec36d85c', 'sha256': '2769cb6942e92caeddda3e874fb2959e2cf31d9455d105c3f966bb9bebd3dd32'}, 'dob': {'date': '1949-11-27T00:33:17.490Z', 'age': 74}, 'registered': {'date': '2013-03-28T13:00:51.031Z', 'age': 11}, 'phone': '031-216-1903', 'cell': '081-034-8854', 'id': {'name': 'PPS', 'value': '3236852T'}, 'picture': {'large': 'https://randomuser.me/api/portraits/men/53.jpg', 'medium': 'https://randomuser.me/api/portraits/med/men/53.jpg', 'thumbnail': 'https://randomuser.me/api/portraits/thumb/men/53.jpg'}, 'nat': 'IE'}</msg>
<arg>${json_data['results'][0]}</arg>
<doc>Logs the given message with the given level.</doc>
<status status="PASS" start="2024-07-29T04:18:12.847905" elapsed="0.000394"/>
</kw>
<kw name="Log" owner="BuiltIn">
<msg time="2024-07-29T04:18:12.848728" level="INFO">location</msg>
<arg>${key}</arg>
<doc>Logs the given message with the given level.</doc>
<status status="PASS" start="2024-07-29T04:18:12.848599" elapsed="0.000167"/>
</kw>
<var name="${key}">location</var>
<status status="PASS" start="2024-07-29T04:18:12.847234" elapsed="0.001750"/>
</iter>
<iter>
<kw name="Dictionary Should Contain Key" owner="Collections">
<arg>${json_data['results'][0]}</arg>
<arg>${key}</arg>
<doc>Fails if ``key`` is not found from ``dictionary``.</doc>
<status status="PASS" start="2024-07-29T04:18:12.849264" elapsed="0.000383"/>
</kw>
<kw name="Log" owner="BuiltIn">
<msg time="2024-07-29T04:18:12.850332" level="INFO">{'gender': 'male', 'name': {'title': 'Mr', 'first': 'Rick', 'last': 'Green'}, 'location': {'street': {'number': 1222, 'name': 'Highfield Road'}, 'city': 'Mountmellick', 'state': 'Galway', 'country': 'Ireland', 'postcode': 98986, 'coordinates': {'latitude': '-2.4641', 'longitude': '-49.9720'}, 'timezone': {'offset': '-5:00', 'description': 'Eastern Time (US &amp; Canada), Bogota, Lima'}}, 'email': 'rick.green@example.com', 'login': {'uuid': 'c5315a4f-e9ec-4a20-a0d3-218854291f06', 'username': 'ticklishelephant242', 'password': '4wwvte', 'salt': '4M4WMja5', 'md5': '2f16ce9ffa17233390a4934f637f04aa', 'sha1': '2a1e92a624d60613a67d396d9d6f3575ec36d85c', 'sha256': '2769cb6942e92caeddda3e874fb2959e2cf31d9455d105c3f966bb9bebd3dd32'}, 'dob': {'date': '1949-11-27T00:33:17.490Z', 'age': 74}, 'registered': {'date': '2013-03-28T13:00:51.031Z', 'age': 11}, 'phone': '031-216-1903', 'cell': '081-034-8854', 'id': {'name': 'PPS', 'value': '3236852T'}, 'picture': {'large': 'https://randomuser.me/api/portraits/men/53.jpg', 'medium': 'https://randomuser.me/api/portraits/med/men/53.jpg', 'thumbnail': 'https://randomuser.me/api/portraits/thumb/men/53.jpg'}, 'nat': 'IE'}</msg>
<arg>${json_data['results'][0]}</arg>
<doc>Logs the given message with the given level.</doc>
<status status="PASS" start="2024-07-29T04:18:12.849975" elapsed="0.000407"/>
</kw>
<kw name="Log" owner="BuiltIn">
<msg time="2024-07-29T04:18:12.850817" level="INFO">email</msg>
<arg>${key}</arg>
<doc>Logs the given message with the given level.</doc>
<status status="PASS" start="2024-07-29T04:18:12.850679" elapsed="0.000177"/>
</kw>
<var name="${key}">email</var>
<status status="PASS" start="2024-07-29T04:18:12.849157" elapsed="0.001914"/>
</iter>
<iter>
<kw name="Dictionary Should Contain Key" owner="Collections">
<arg>${json_data['results'][0]}</arg>
<arg>${key}</arg>
<doc>Fails if ``key`` is not found from ``dictionary``.</doc>
<status status="PASS" start="2024-07-29T04:18:12.851357" elapsed="0.000382"/>
</kw>
<kw name="Log" owner="BuiltIn">
<msg time="2024-07-29T04:18:12.852268" level="INFO">{'gender': 'male', 'name': {'title': 'Mr', 'first': 'Rick', 'last': 'Green'}, 'location': {'street': {'number': 1222, 'name': 'Highfield Road'}, 'city': 'Mountmellick', 'state': 'Galway', 'country': 'Ireland', 'postcode': 98986, 'coordinates': {'latitude': '-2.4641', 'longitude': '-49.9720'}, 'timezone': {'offset': '-5:00', 'description': 'Eastern Time (US &amp; Canada), Bogota, Lima'}}, 'email': 'rick.green@example.com', 'login': {'uuid': 'c5315a4f-e9ec-4a20-a0d3-218854291f06', 'username': 'ticklishelephant242', 'password': '4wwvte', 'salt': '4M4WMja5', 'md5': '2f16ce9ffa17233390a4934f637f04aa', 'sha1': '2a1e92a624d60613a67d396d9d6f3575ec36d85c', 'sha256': '2769cb6942e92caeddda3e874fb2959e2cf31d9455d105c3f966bb9bebd3dd32'}, 'dob': {'date': '1949-11-27T00:33:17.490Z', 'age': 74}, 'registered': {'date': '2013-03-28T13:00:51.031Z', 'age': 11}, 'phone': '031-216-1903', 'cell': '081-034-8854', 'id': {'name': 'PPS', 'value': '3236852T'}, 'picture': {'large': 'https://randomuser.me/api/portraits/men/53.jpg', 'medium': 'https://randomuser.me/api/portraits/med/men/53.jpg', 'thumbnail': 'https://randomuser.me/api/portraits/thumb/men/53.jpg'}, 'nat': 'IE'}</msg>
<arg>${json_data['results'][0]}</arg>
<doc>Logs the given message with the given level.</doc>
<status status="PASS" start="2024-07-29T04:18:12.851924" elapsed="0.000392"/>
</kw>
<kw name="Log" owner="BuiltIn">
<msg time="2024-07-29T04:18:12.852737" level="INFO">login</msg>
<arg>${key}</arg>
<doc>Logs the given message with the given level.</doc>
<status status="PASS" start="2024-07-29T04:18:12.852609" elapsed="0.000166"/>
</kw>
<var name="${key}">login</var>
<status status="PASS" start="2024-07-29T04:18:12.851247" elapsed="0.001743"/>
</iter>
<var>${key}</var>
<value>@{expected_keys}</value>
<status status="PASS" start="2024-07-29T04:18:12.843035" elapsed="0.010077"/>
</for>
<kw name="Create List" owner="BuiltIn">
<msg time="2024-07-29T04:18:12.853439" level="INFO">${expected_keysTwo} = ['username', 'password']</msg>
<var>${expected_keysTwo}</var>
<arg>username</arg>
<arg>password</arg>
<doc>Returns a list containing given items.</doc>
<status status="PASS" start="2024-07-29T04:18:12.853302" elapsed="0.000190"/>
</kw>
<for flavor="IN">
<iter>
<kw name="Dictionary Should Contain Key" owner="Collections">
<arg>${json_data['results'][0]['login']}</arg>
<arg>${keyTwo}</arg>
<doc>Fails if ``key`` is not found from ``dictionary``.</doc>
<status status="PASS" start="2024-07-29T04:18:12.854026" elapsed="0.000383"/>
</kw>
<kw name="Dictionary Should Contain Key" owner="Collections">
<arg>${json_data['results'][0]['login']}</arg>
<arg>${keyTwo}</arg>
<doc>Fails if ``key`` is not found from ``dictionary``.</doc>
<status status="PASS" start="2024-07-29T04:18:12.854593" elapsed="0.000379"/>
</kw>
<kw name="Log" owner="BuiltIn">
<msg time="2024-07-29T04:18:12.855273" level="INFO">username</msg>
<arg>${keyTwo}</arg>
<doc>Logs the given message with the given level.</doc>
<status status="PASS" start="2024-07-29T04:18:12.855151" elapsed="0.000160"/>
</kw>
<var name="${keyTwo}">username</var>
<status status="PASS" start="2024-07-29T04:18:12.853918" elapsed="0.001616"/>
</iter>
<iter>
<kw name="Dictionary Should Contain Key" owner="Collections">
<arg>${json_data['results'][0]['login']}</arg>
<arg>${keyTwo}</arg>
<doc>Fails if ``key`` is not found from ``dictionary``.</doc>
<status status="PASS" start="2024-07-29T04:18:12.855824" elapsed="0.000386"/>
</kw>
<kw name="Dictionary Should Contain Key" owner="Collections">
<arg>${json_data['results'][0]['login']}</arg>
<arg>${keyTwo}</arg>
<doc>Fails if ``key`` is not found from ``dictionary``.</doc>
<status status="PASS" start="2024-07-29T04:18:12.856390" elapsed="0.000368"/>
</kw>
<kw name="Log" owner="BuiltIn">
<msg time="2024-07-29T04:18:12.857060" level="INFO">password</msg>
<arg>${keyTwo}</arg>
<doc>Logs the given message with the given level.</doc>
<status status="PASS" start="2024-07-29T04:18:12.856934" elapsed="0.000164"/>
</kw>
<var name="${keyTwo}">password</var>
<status status="PASS" start="2024-07-29T04:18:12.855711" elapsed="0.001609"/>
</iter>
<var>${keyTwo}</var>
<value>@{expected_keysTwo}</value>
<status status="PASS" start="2024-07-29T04:18:12.853761" elapsed="0.003684"/>
</for>
<status status="PASS" start="2024-07-29T04:18:12.749918" elapsed="0.107670"/>
</kw>
<doc>Testa a estrutura da resposta da API.</doc>
<tag>testeEstruturaResposta</tag>
<status status="PASS" start="2024-07-29T04:18:12.749195" elapsed="0.108571"/>
</test>
<test id="s1-s1-t4" name="Validar tipos de dados" line="28">
<kw name="Teste de Tipos de Dados" owner="random-user-service">
<kw name="GET On Session" owner="RequestsLibrary">
<msg time="2024-07-29T04:18:12.934228" level="INFO">GET Request : url=https://randomuser.me/api 
 path_url=/api 
 headers={'User-Agent': 'python-requests/2.32.3', 'Accept-Encoding': 'gzip, deflate', 'Accept': '*/*', 'Connection': 'keep-alive'} 
 body=None 
 </msg>
<msg time="2024-07-29T04:18:12.934312" level="INFO">GET Response : url=https://randomuser.me/api 
 status=200, reason=OK 
 headers={'Date': 'Mon, 29 Jul 2024 04:18:12 GMT', 'Content-Type': 'application/json; charset=utf-8', 'Transfer-Encoding': 'chunked', 'Connection': 'keep-alive', 'X-Powered-By': 'Express', 'Access-Control-Allow-Origin': '*', 'Cache-Control': 'no-cache', 'ETag': 'W/"482-uvGG7QlgD2pQmbQOY3XrMREKES0"', 'Vary': 'Accept-Encoding', 'Content-Encoding': 'gzip', 'CF-Cache-Status': 'DYNAMIC', 'Report-To': '{"endpoints":[{"url":"https:\\/\\/a.nel.cloudflare.com\\/report\\/v4?s=IDvpYm8wZa6aPM5kAmRfINgNhEd58syX20sQfpwkdIcs13UC1SgIc7%2FMt2uHTeSLBnuFqESI2EzfFgsgHguphC4gCx4B2%2FO5PllGUoJhQ8%2F2VpOc5K5rJzNpJRhGRZoP"}],"group":"cf-nel","max_age":604800}', 'NEL': '{"success_fraction":0,"report_to":"cf-nel","max_age":604800}', 'Server': 'cloudflare', 'CF-RAY': '8aaa4dbe6eb80400-ORD', 'alt-svc': 'h3=":443"; ma=86400'} 
 body={"results":[{"gender":"male","name":{"title":"Mr","first":"Dar","last":"Verhovinec"},"location":{"street":{"number":8264,"name":"Kerchenska"},"city":"Soledar","state":"Hmelnicka","country":"Ukraine","postcode":35865,"coordinates":{"latitude":"75.8326","longitude":"-110.0152"},"timezone":{"offset":"+1:00","description":"Brussels, Copenhagen, Madrid, Paris"}},"email":"dar.verhovinec@example.com","login":{"uuid":"427d6de4-63f7-4d93-a882-811a97e09412","username":"orangedog556","password":"lopez","salt":"yo9C1Mo3","md5":"1df502047945ddcc551fbd9439e5f2b9","sha1":"e8c1ccf2990056a2e9baae56613b6c0cf0a3b921","sha256":"1bd878697fe1ff08d91540a155b6254c6948e88834f3006ff279046e7dd6093d"},"dob":{"date":"1949-07-10T18:20:52.239Z","age":75},"registered":{"date":"2004-07-05T19:23:10.015Z","age":20},"phone":"(096) L90-6301","cell":"(066) N15-0078","id":{"name":"","value":null},"picture":{"large":"https://randomuser.me/api/portraits/men/63.jpg","medium":"https://randomuser.me/api/portraits/med/men/63.jpg","thumbnail":"https://randomuser.me/api/portraits/thumb/men/63.jpg"},"nat":"UA"}],"info":{"seed":"0869e3ad6dc253a2","results":1,"page":1,"version":"1.4"}} 
 </msg>
<msg time="2024-07-29T04:18:12.934385" level="INFO">/opt/hostedtoolcache/Python/3.12.4/x64/lib/python3.12/site-packages/urllib3/connectionpool.py:1099: InsecureRequestWarning: Unverified HTTPS request is being made to host 'randomuser.me'. Adding certificate verification is strongly advised. See: https://urllib3.readthedocs.io/en/latest/advanced-usage.html#tls-warnings
  warnings.warn(</msg>
<msg time="2024-07-29T04:18:12.934497" level="INFO">${response} = &lt;Response [200]&gt;</msg>
<var>${response}</var>
<arg>consultarAPI</arg>
<arg>/api</arg>
<doc>Sends a GET request on a previously created HTTP Session.</doc>
<status status="PASS" start="2024-07-29T04:18:12.860131" elapsed="0.074410"/>
</kw>
<kw name="Set Variable" owner="BuiltIn">
<msg time="2024-07-29T04:18:12.935423" level="INFO">${json_data} = {'results': [{'gender': 'male', 'name': {'title': 'Mr', 'first': 'Dar', 'last': 'Verhovinec'}, 'location': {'street': {'number': 8264, 'name': 'Kerchenska'}, 'city': 'Soledar', 'state': 'Hmelnicka', '...</msg>
<var>${json_data}</var>
<arg>${response.json()}</arg>
<doc>Returns the given values which can then be assigned to a variables.</doc>
<status status="PASS" start="2024-07-29T04:18:12.934982" elapsed="0.000469"/>
</kw>
<kw name="Log" owner="BuiltIn">
<msg time="2024-07-29T04:18:12.935906" level="INFO">{'results': [{'gender': 'male', 'name': {'title': 'Mr', 'first': 'Dar', 'last': 'Verhovinec'}, 'location': {'street': {'number': 8264, 'name': 'Kerchenska'}, 'city': 'Soledar', 'state': 'Hmelnicka', 'country': 'Ukraine', 'postcode': 35865, 'coordinates': {'latitude': '75.8326', 'longitude': '-110.0152'}, 'timezone': {'offset': '+1:00', 'description': 'Brussels, Copenhagen, Madrid, Paris'}}, 'email': 'dar.verhovinec@example.com', 'login': {'uuid': '427d6de4-63f7-4d93-a882-811a97e09412', 'username': 'orangedog556', 'password': 'lopez', 'salt': 'yo9C1Mo3', 'md5': '1df502047945ddcc551fbd9439e5f2b9', 'sha1': 'e8c1ccf2990056a2e9baae56613b6c0cf0a3b921', 'sha256': '1bd878697fe1ff08d91540a155b6254c6948e88834f3006ff279046e7dd6093d'}, 'dob': {'date': '1949-07-10T18:20:52.239Z', 'age': 75}, 'registered': {'date': '2004-07-05T19:23:10.015Z', 'age': 20}, 'phone': '(096) L90-6301', 'cell': '(066) N15-0078', 'id': {'name': '', 'value': None}, 'picture': {'large': 'https://randomuser.me/api/portraits/men/63.jpg', 'medium': 'https://randomuser.me/api/portraits/med/men/63.jpg', 'thumbnail': 'https://randomuser.me/api/portraits/thumb/men/63.jpg'}, 'nat': 'UA'}], 'info': {'seed': '0869e3ad6dc253a2', 'results': 1, 'page': 1, 'version': '1.4'}}</msg>
<arg>${json_data}</arg>
<doc>Logs the given message with the given level.</doc>
<status status="PASS" start="2024-07-29T04:18:12.935752" elapsed="0.000201"/>
</kw>
<kw name="Should Be String" owner="String">
<arg>${json_data['results'][0]['gender']}</arg>
<doc>Fails if the given ``item`` is not a string.</doc>
<status status="PASS" start="2024-07-29T04:18:12.936243" elapsed="0.000366"/>
</kw>
<kw name="Should Match Regexp" owner="BuiltIn">
<arg>${json_data['results'][0]['email']}</arg>
<arg>^[a-zA-Z0-9._%+-]+@[a-zA-Z0-9.-]+\.[a-zA-Z]{2,}$</arg>
<doc>Fails if ``string`` does not match ``pattern`` as a regular expression.</doc>
<status status="PASS" start="2024-07-29T04:18:12.936797" elapsed="0.000500"/>
</kw>
<kw name="Should Match Regexp" owner="BuiltIn">
<arg>${json_data['results'][0]['dob']['date']}</arg>
<arg>\\d{4}-\\d{2}-\\d{2}T\\d{2}:\\d{2}:\\d{2}\\.\\d{3}Z</arg>
<doc>Fails if ``string`` does not match ``pattern`` as a regular expression.</doc>
<status status="PASS" start="2024-07-29T04:18:12.937524" elapsed="0.000641"/>
</kw>
<kw name="Should Match Regexp" owner="BuiltIn">
<arg>${json_data['results'][0]['registered']['date']}</arg>
<arg>\\d{4}-\\d{2}-\\d{2}T\\d{2}:\\d{2}:\\d{2}\\.\\d{3}Z</arg>
<doc>Fails if ``string`` does not match ``pattern`` as a regular expression.</doc>
<status status="PASS" start="2024-07-29T04:18:12.938362" elapsed="0.000371"/>
</kw>
<kw name="Should Match Regexp" owner="BuiltIn">
<arg>${json_data['results'][0]['picture']['large']}</arg>
<arg>^https?://.*\.(?:png|jpe?g|gif|bmp)$</arg>
<doc>Fails if ``string`` does not match ``pattern`` as a regular expression.</doc>
<status status="PASS" start="2024-07-29T04:18:12.938920" elapsed="0.000459"/>
</kw>
<kw name="Should Match Regexp" owner="BuiltIn">
<arg>${json_data['results'][0]['picture']['medium']}</arg>
<arg>^https?://.*\.(?:png|jpe?g|gif|bmp)$</arg>
<doc>Fails if ``string`` does not match ``pattern`` as a regular expression.</doc>
<status status="PASS" start="2024-07-29T04:18:12.939569" elapsed="0.000351"/>
</kw>
<kw name="Should Match Regexp" owner="BuiltIn">
<arg>${json_data['results'][0]['picture']['thumbnail']}</arg>
<arg>^https?://.*\.(?:png|jpe?g|gif|bmp)$</arg>
<doc>Fails if ``string`` does not match ``pattern`` as a regular expression.</doc>
<status status="PASS" start="2024-07-29T04:18:12.940102" elapsed="0.000351"/>
</kw>
<kw name="Log" owner="BuiltIn">
<msg time="2024-07-29T04:18:12.940951" level="INFO">{'large': 'https://randomuser.me/api/portraits/men/63.jpg', 'medium': 'https://randomuser.me/api/portraits/med/men/63.jpg', 'thumbnail': 'https://randomuser.me/api/portraits/thumb/men/63.jpg'}</msg>
<arg>${json_data['results'][0]['picture']}</arg>
<doc>Logs the given message with the given level.</doc>
<status status="PASS" start="2024-07-29T04:18:12.940632" elapsed="0.000361"/>
</kw>
<status status="PASS" start="2024-07-29T04:18:12.859912" elapsed="0.081335"/>
</kw>
<kw name="Teste de Tipos de Dados - Postcode" owner="random-user-service">
<kw name="GET On Session" owner="RequestsLibrary">
<msg time="2024-07-29T04:18:13.035836" level="INFO">GET Request : url=https://randomuser.me/api 
 path_url=/api 
 headers={'User-Agent': 'python-requests/2.32.3', 'Accept-Encoding': 'gzip, deflate', 'Accept': '*/*', 'Connection': 'keep-alive'} 
 body=None 
 </msg>
<msg time="2024-07-29T04:18:13.035921" level="INFO">GET Response : url=https://randomuser.me/api 
 status=200, reason=OK 
 headers={'Date': 'Mon, 29 Jul 2024 04:18:13 GMT', 'Content-Type': 'application/json; charset=utf-8', 'Transfer-Encoding': 'chunked', 'Connection': 'keep-alive', 'X-Powered-By': 'Express', 'Access-Control-Allow-Origin': '*', 'Cache-Control': 'no-cache', 'ETag': 'W/"4a1-DVxbYzLuG5AHfA+ldpAogkYlBPk"', 'Vary': 'Accept-Encoding', 'Content-Encoding': 'gzip', 'CF-Cache-Status': 'DYNAMIC', 'Report-To': '{"endpoints":[{"url":"https:\\/\\/a.nel.cloudflare.com\\/report\\/v4?s=KGBqCWnv0F%2B1DoGq8vlUILkjpzDivni6fwmaSWZTWwBwpReqXZV4zNuxD2qbFBr0u5W1qL95OX5xZXG3y%2BvneJlRZcjHBRvHiLSiGEW1u%2F7WVrMtS42TDExalodP323f"}],"group":"cf-nel","max_age":604800}', 'NEL': '{"success_fraction":0,"report_to":"cf-nel","max_age":604800}', 'Server': 'cloudflare', 'CF-RAY': '8aaa4dbeef120400-ORD', 'alt-svc': 'h3=":443"; ma=86400'} 
 body={"results":[{"gender":"female","name":{"title":"Miss","first":"Emma","last":"Rajala"},"location":{"street":{"number":8234,"name":"Pyynikintie"},"city":"Virolahti","state":"Southern Ostrobothnia","country":"Finland","postcode":28427,"coordinates":{"latitude":"-23.9217","longitude":"102.1221"},"timezone":{"offset":"-7:00","description":"Mountain Time (US &amp; Canada)"}},"email":"emma.rajala@example.com","login":{"uuid":"3c42d9fc-3904-4f72-80b8-466b7bfdd6c4","username":"orangeelephant466","password":"redbone","salt":"Kct0DiXa","md5":"ec67ec54a388c9e13538478847134e7c","sha1":"b0d3fd45f688370e55e0234476d8e22150c077de","sha256":"f8be98bb42ce58ca0b579cbe85300772b46133a698cd570833bf9a2472da5988"},"dob":{"date":"1967-05-11T01:13:59.281Z","age":57},"registered":{"date":"2016-12-23T22:24:19.221Z","age":7},"phone":"07-988-382","cell":"042-024-10-14","id":{"name":"HETU","value":"NaNNA482undefined"},"picture":{"large":"https://randomuser.me/api/portraits/women/47.jpg","medium":"https://randomuser.me/api/portraits/med/women/47.jpg","thumbnail":"https://randomuser.me/api/portraits/thumb/women/47.jpg"},"nat":"FI"}],"info":{"seed":"25753026bfe507d3","results":1,"page":1,"version":"1.4"}} 
 </msg>
<msg time="2024-07-29T04:18:13.036001" level="INFO">/opt/hostedtoolcache/Python/3.12.4/x64/lib/python3.12/site-packages/urllib3/connectionpool.py:1099: InsecureRequestWarning: Unverified HTTPS request is being made to host 'randomuser.me'. Adding certificate verification is strongly advised. See: https://urllib3.readthedocs.io/en/latest/advanced-usage.html#tls-warnings
  warnings.warn(</msg>
<msg time="2024-07-29T04:18:13.036095" level="INFO">${response} = &lt;Response [200]&gt;</msg>
<var>${response}</var>
<arg>consultarAPI</arg>
<arg>/api</arg>
<doc>Sends a GET request on a previously created HTTP Session.</doc>
<status status="PASS" start="2024-07-29T04:18:12.941709" elapsed="0.094419"/>
</kw>
<kw name="Set Variable" owner="BuiltIn">
<msg time="2024-07-29T04:18:13.036937" level="INFO">${json_data} = {'results': [{'gender': 'female', 'name': {'title': 'Miss', 'first': 'Emma', 'last': 'Rajala'}, 'location': {'street': {'number': 8234, 'name': 'Pyynikintie'}, 'city': 'Virolahti', 'state': 'Southern ...</msg>
<var>${json_data}</var>
<arg>${response.json()}</arg>
<doc>Returns the given values which can then be assigned to a variables.</doc>
<status status="PASS" start="2024-07-29T04:18:13.036499" elapsed="0.000468"/>
</kw>
<kw name="Log" owner="BuiltIn">
<msg time="2024-07-29T04:18:13.037424" level="INFO">{'results': [{'gender': 'female', 'name': {'title': 'Miss', 'first': 'Emma', 'last': 'Rajala'}, 'location': {'street': {'number': 8234, 'name': 'Pyynikintie'}, 'city': 'Virolahti', 'state': 'Southern Ostrobothnia', 'country': 'Finland', 'postcode': 28427, 'coordinates': {'latitude': '-23.9217', 'longitude': '102.1221'}, 'timezone': {'offset': '-7:00', 'description': 'Mountain Time (US &amp; Canada)'}}, 'email': 'emma.rajala@example.com', 'login': {'uuid': '3c42d9fc-3904-4f72-80b8-466b7bfdd6c4', 'username': 'orangeelephant466', 'password': 'redbone', 'salt': 'Kct0DiXa', 'md5': 'ec67ec54a388c9e13538478847134e7c', 'sha1': 'b0d3fd45f688370e55e0234476d8e22150c077de', 'sha256': 'f8be98bb42ce58ca0b579cbe85300772b46133a698cd570833bf9a2472da5988'}, 'dob': {'date': '1967-05-11T01:13:59.281Z', 'age': 57}, 'registered': {'date': '2016-12-23T22:24:19.221Z', 'age': 7}, 'phone': '07-988-382', 'cell': '042-024-10-14', 'id': {'name': 'HETU', 'value': 'NaNNA482undefined'}, 'picture': {'large': 'https://randomuser.me/api/portraits/women/47.jpg', 'medium': 'https://randomuser.me/api/portraits/med/women/47.jpg', 'thumbnail': 'https://randomuser.me/api/portraits/thumb/women/47.jpg'}, 'nat': 'FI'}], 'info': {'seed': '25753026bfe507d3', 'results': 1, 'page': 1, 'version': '1.4'}}</msg>
<arg>${json_data}</arg>
<doc>Logs the given message with the given level.</doc>
<status status="PASS" start="2024-07-29T04:18:13.037271" elapsed="0.000201"/>
</kw>
<kw name="Should Be Equal As Numbers" owner="BuiltIn">
<arg>${json_data['results'][0]['location']['postcode']}</arg>
<arg>${json_data['results'][0]['location']['postcode']}</arg>
<doc>Fails if objects are unequal after converting them to real numbers.</doc>
<status status="PASS" start="2024-07-29T04:18:13.037813" elapsed="0.000617"/>
</kw>
<kw name="Log" owner="BuiltIn">
<msg time="2024-07-29T04:18:13.038960" level="INFO">28427</msg>
<arg>${json_data['results'][0]['location']['postcode']}</arg>
<doc>Logs the given message with the given level.</doc>
<status status="PASS" start="2024-07-29T04:18:13.038625" elapsed="0.000408"/>
</kw>
<status status="PASS" start="2024-07-29T04:18:12.941459" elapsed="0.097831"/>
</kw>
<doc>Testa se os tipos de dados na resposta da API estão corretos.</doc>
<tag>testeTiposDados</tag>
<status status="PASS" start="2024-07-29T04:18:12.859468" elapsed="0.179980"/>
</test>
<test id="s1-s1-t5" name="Validar conteudo" line="35">
<kw name="Teste de Tipos de Conteudo" owner="random-user-service">
<kw name="GET On Session" owner="RequestsLibrary">
<msg time="2024-07-29T04:18:13.136192" level="INFO">GET Request : url=https://randomuser.me/api 
 path_url=/api 
 headers={'User-Agent': 'python-requests/2.32.3', 'Accept-Encoding': 'gzip, deflate', 'Accept': '*/*', 'Connection': 'keep-alive'} 
 body=None 
 </msg>
<msg time="2024-07-29T04:18:13.136255" level="INFO">GET Response : url=https://randomuser.me/api 
 status=200, reason=OK 
 headers={'Date': 'Mon, 29 Jul 2024 04:18:13 GMT', 'Content-Type': 'application/json; charset=utf-8', 'Transfer-Encoding': 'chunked', 'Connection': 'keep-alive', 'X-Powered-By': 'Express', 'Access-Control-Allow-Origin': '*', 'Cache-Control': 'no-cache', 'ETag': 'W/"492-CmEVmIIlkZpP2u9O1o0i8vyfDjI"', 'Vary': 'Accept-Encoding', 'Content-Encoding': 'gzip', 'CF-Cache-Status': 'DYNAMIC', 'Report-To': '{"endpoints":[{"url":"https:\\/\\/a.nel.cloudflare.com\\/report\\/v4?s=kxAXLOmY5Q6HIEXXoCQeMJ8X0wRZKXmNBXPYm3x8HRmxkzEnbVUmLxN3SKPHbo6ctrnK%2FuplzRSgMpWI4kP%2BRYCKxsUyEk6EDJPIA018fFffLGsERXytvFwvoVbH7rqJ"}],"group":"cf-nel","max_age":604800}', 'NEL': '{"success_fraction":0,"report_to":"cf-nel","max_age":604800}', 'Server': 'cloudflare', 'CF-RAY': '8aaa4dbf8f720400-ORD', 'alt-svc': 'h3=":443"; ma=86400'} 
 body={"results":[{"gender":"male","name":{"title":"Mr","first":"Andre","last":"Holt"},"location":{"street":{"number":7587,"name":"Hamilton Ave"},"city":"Las Cruces","state":"Minnesota","country":"United States","postcode":43947,"coordinates":{"latitude":"83.1920","longitude":"-121.1205"},"timezone":{"offset":"+5:00","description":"Ekaterinburg, Islamabad, Karachi, Tashkent"}},"email":"andre.holt@example.com","login":{"uuid":"06ac5776-8132-432b-bc12-a2000f56e307","username":"bigcat691","password":"seven","salt":"FenimhT9","md5":"d605434d65425801b488de3365633499","sha1":"1f8d79318fd50ec915b3a20fa12661e9ac80d185","sha256":"bc4a8c01549fd16d9225c4d80b6d0129fbb388f17c37ed8852173cb96549885b"},"dob":{"date":"1953-04-11T13:45:46.238Z","age":71},"registered":{"date":"2002-09-04T23:21:48.597Z","age":21},"phone":"(293) 592-0455","cell":"(736) 539-7875","id":{"name":"SSN","value":"524-28-4719"},"picture":{"large":"https://randomuser.me/api/portraits/men/0.jpg","medium":"https://randomuser.me/api/portraits/med/men/0.jpg","thumbnail":"https://randomuser.me/api/portraits/thumb/men/0.jpg"},"nat":"US"}],"info":{"seed":"17a3a78314f787e9","results":1,"page":1,"version":"1.4"}} 
 </msg>
<msg time="2024-07-29T04:18:13.136309" level="INFO">/opt/hostedtoolcache/Python/3.12.4/x64/lib/python3.12/site-packages/urllib3/connectionpool.py:1099: InsecureRequestWarning: Unverified HTTPS request is being made to host 'randomuser.me'. Adding certificate verification is strongly advised. See: https://urllib3.readthedocs.io/en/latest/advanced-usage.html#tls-warnings
  warnings.warn(</msg>
<msg time="2024-07-29T04:18:13.136425" level="INFO">${response} = &lt;Response [200]&gt;</msg>
<var>${response}</var>
<arg>consultarAPI</arg>
<arg>/api</arg>
<doc>Sends a GET request on a previously created HTTP Session.</doc>
<status status="PASS" start="2024-07-29T04:18:13.041808" elapsed="0.094654"/>
</kw>
<kw name="Set Variable" owner="BuiltIn">
<msg time="2024-07-29T04:18:13.137301" level="INFO">${json_data} = {'results': [{'gender': 'male', 'name': {'title': 'Mr', 'first': 'Andre', 'last': 'Holt'}, 'location': {'street': {'number': 7587, 'name': 'Hamilton Ave'}, 'city': 'Las Cruces', 'state': 'Minnesota', ...</msg>
<var>${json_data}</var>
<arg>${response.json()}</arg>
<doc>Returns the given values which can then be assigned to a variables.</doc>
<status status="PASS" start="2024-07-29T04:18:13.136858" elapsed="0.000473"/>
</kw>
<kw name="Set Variable" owner="BuiltIn">
<msg time="2024-07-29T04:18:13.138059" level="INFO">${name_title} = Mr</msg>
<var>${name_title}</var>
<arg>${json_data["results"][0]["name"]["title"]}</arg>
<doc>Returns the given values which can then be assigned to a variables.</doc>
<status status="PASS" start="2024-07-29T04:18:13.137631" elapsed="0.000454"/>
</kw>
<kw name="Create List" owner="BuiltIn">
<msg time="2024-07-29T04:18:13.138529" level="INFO">${allowed_titles} = ['Mr', 'Ms', 'Miss', 'Mrs', 'Madame', 'Monsieur']</msg>
<var>${allowed_titles}</var>
<arg>Mr</arg>
<arg>Ms</arg>
<arg>Miss</arg>
<arg>Mrs</arg>
<arg>Madame</arg>
<arg>Monsieur</arg>
<doc>Returns a list containing given items.</doc>
<status status="PASS" start="2024-07-29T04:18:13.138380" elapsed="0.000172"/>
</kw>
<kw name="List Should Contain Value" owner="Collections">
<arg>${allowed_titles}</arg>
<arg>${name_title}</arg>
<doc>Fails if the ``value`` is not found from ``list``.</doc>
<status status="PASS" start="2024-07-29T04:18:13.138846" elapsed="0.000176"/>
</kw>
<kw name="Set Variable" owner="BuiltIn">
<msg time="2024-07-29T04:18:13.139586" level="INFO">${name_country} = US</msg>
<var>${name_country}</var>
<arg>${json_data["results"][0]["nat"]}</arg>
<doc>Returns the given values which can then be assigned to a variables.</doc>
<status status="PASS" start="2024-07-29T04:18:13.139218" elapsed="0.000393"/>
</kw>
<kw name="Create List" owner="BuiltIn">
<msg time="2024-07-29T04:18:13.140495" level="INFO">${list_country} = ['AD', 'AE', 'AF', 'AG', 'AI', 'AL', 'AM', 'AO', 'AQ', 'AR', 'AS', 'AT', 'AU', 'AW', 'AX', 'AZ', 'BA', 'BB', 'BD', 'BE', 'BF', 'BG', 'BH', 'BI', 'BJ', 'BL', 'BM', 'BN', 'BO', 'BQ', 'BR', 'BS', 'BT', '...</msg>
<var>${list_country}</var>
<arg>AD</arg>
<arg>AE</arg>
<arg>AF</arg>
<arg>AG</arg>
<arg>AI</arg>
<arg>AL</arg>
<arg>AM</arg>
<arg>AO</arg>
<arg>AQ</arg>
<arg>AR</arg>
<arg>AS</arg>
<arg>AT</arg>
<arg>AU</arg>
<arg>AW</arg>
<arg>AX</arg>
<arg>AZ</arg>
<arg>BA</arg>
<arg>BB</arg>
<arg>BD</arg>
<arg>BE</arg>
<arg>BF</arg>
<arg>BG</arg>
<arg>BH</arg>
<arg>BI</arg>
<arg>BJ</arg>
<arg>BL</arg>
<arg>BM</arg>
<arg>BN</arg>
<arg>BO</arg>
<arg>BQ</arg>
<arg>BR</arg>
<arg>BS</arg>
<arg>BT</arg>
<arg>BV</arg>
<arg>BW</arg>
<arg>BY</arg>
<arg>BZ</arg>
<arg>CA</arg>
<arg>CC</arg>
<arg>CD</arg>
<arg>CF</arg>
<arg>CG</arg>
<arg>CH</arg>
<arg>CI</arg>
<arg>CK</arg>
<arg>CL</arg>
<arg>CM</arg>
<arg>CN</arg>
<arg>CO</arg>
<arg>CR</arg>
<arg>CU</arg>
<arg>CV</arg>
<arg>CW</arg>
<arg>CX</arg>
<arg>CY</arg>
<arg>CZ</arg>
<arg>DE</arg>
<arg>DJ</arg>
<arg>DK</arg>
<arg>DM</arg>
<arg>DO</arg>
<arg>DZ</arg>
<arg>EC</arg>
<arg>EE</arg>
<arg>EG</arg>
<arg>EH</arg>
<arg>ER</arg>
<arg>ES</arg>
<arg>ET</arg>
<arg>FI</arg>
<arg>FJ</arg>
<arg>FK</arg>
<arg>FM</arg>
<arg>FO</arg>
<arg>FR</arg>
<arg>GA</arg>
<arg>GB</arg>
<arg>GD</arg>
<arg>GE</arg>
<arg>GF</arg>
<arg>GG</arg>
<arg>GH</arg>
<arg>GI</arg>
<arg>GL</arg>
<arg>GM</arg>
<arg>GN</arg>
<arg>GP</arg>
<arg>GQ</arg>
<arg>GR</arg>
<arg>GS</arg>
<arg>GT</arg>
<arg>GU</arg>
<arg>GW</arg>
<arg>GY</arg>
<arg>HK</arg>
<arg>HM</arg>
<arg>HN</arg>
<arg>HR</arg>
<arg>HT</arg>
<arg>HU</arg>
<arg>ID</arg>
<arg>IE</arg>
<arg>IL</arg>
<arg>IM</arg>
<arg>IN</arg>
<arg>IO</arg>
<arg>IQ</arg>
<arg>IR</arg>
<arg>IS</arg>
<arg>IT</arg>
<arg>JE</arg>
<arg>JM</arg>
<arg>JO</arg>
<arg>JP</arg>
<arg>KE</arg>
<arg>KG</arg>
<arg>KH</arg>
<arg>KI</arg>
<arg>KM</arg>
<arg>KN</arg>
<arg>KP</arg>
<arg>KR</arg>
<arg>KW</arg>
<arg>KY</arg>
<arg>KZ</arg>
<arg>LA</arg>
<arg>LB</arg>
<arg>LC</arg>
<arg>LI</arg>
<arg>LK</arg>
<arg>LR</arg>
<arg>LS</arg>
<arg>LT</arg>
<arg>LU</arg>
<arg>LV</arg>
<arg>LY</arg>
<arg>MA</arg>
<arg>MC</arg>
<arg>MD</arg>
<arg>ME</arg>
<arg>MF</arg>
<arg>MG</arg>
<arg>MH</arg>
<arg>MK</arg>
<arg>ML</arg>
<arg>MM</arg>
<arg>MN</arg>
<arg>MO</arg>
<arg>MP</arg>
<arg>MQ</arg>
<arg>MR</arg>
<arg>MS</arg>
<arg>MT</arg>
<arg>MU</arg>
<arg>MV</arg>
<arg>MW</arg>
<arg>MX</arg>
<arg>MY</arg>
<arg>MZ</arg>
<arg>NA</arg>
<arg>NC</arg>
<arg>NE</arg>
<arg>NF</arg>
<arg>NG</arg>
<arg>NI</arg>
<arg>NL</arg>
<arg>NO</arg>
<arg>NP</arg>
<arg>NR</arg>
<arg>NU</arg>
<arg>NZ</arg>
<arg>OM</arg>
<arg>PA</arg>
<arg>PE</arg>
<arg>PF</arg>
<arg>PG</arg>
<arg>PH</arg>
<arg>PK</arg>
<arg>PL</arg>
<arg>PM</arg>
<arg>PN</arg>
<arg>PR</arg>
<arg>PS</arg>
<arg>PT</arg>
<arg>PW</arg>
<arg>PY</arg>
<arg>QA</arg>
<arg>RE</arg>
<arg>RO</arg>
<arg>RS</arg>
<arg>RU</arg>
<arg>RW</arg>
<arg>SA</arg>
<arg>SB</arg>
<arg>SC</arg>
<arg>SD</arg>
<arg>SE</arg>
<arg>SG</arg>
<arg>SH</arg>
<arg>SI</arg>
<arg>SJ</arg>
<arg>SK</arg>
<arg>SL</arg>
<arg>SM</arg>
<arg>SN</arg>
<arg>SO</arg>
<arg>SR</arg>
<arg>SS</arg>
<arg>ST</arg>
<arg>SV</arg>
<arg>SX</arg>
<arg>SY</arg>
<arg>SZ</arg>
<arg>TC</arg>
<arg>TD</arg>
<arg>TF</arg>
<arg>TG</arg>
<arg>TH</arg>
<arg>TJ</arg>
<arg>TK</arg>
<arg>TL</arg>
<arg>TM</arg>
<arg>TN</arg>
<arg>TO</arg>
<arg>TR</arg>
<arg>TT</arg>
<arg>TV</arg>
<arg>TW</arg>
<arg>TZ</arg>
<arg>UA</arg>
<arg>UG</arg>
<arg>UM</arg>
<arg>US</arg>
<arg>UY</arg>
<arg>UZ</arg>
<arg>VA</arg>
<arg>VC</arg>
<arg>VE</arg>
<arg>VG</arg>
<arg>VI</arg>
<arg>VN</arg>
<arg>VU</arg>
<arg>WF</arg>
<arg>WS</arg>
<arg>XK</arg>
<arg>YE</arg>
<arg>YT</arg>
<arg>ZA</arg>
<arg>ZM</arg>
<arg>ZW</arg>
<doc>Returns a list containing given items.</doc>
<status status="PASS" start="2024-07-29T04:18:13.139901" elapsed="0.000619"/>
</kw>
<kw name="List Should Contain Value" owner="Collections">
<arg>${list_country}</arg>
<arg>${name_country}</arg>
<doc>Fails if the ``value`` is not found from ``list``.</doc>
<status status="PASS" start="2024-07-29T04:18:13.141441" elapsed="0.000212"/>
</kw>
<kw name="Run Keyword If" owner="BuiltIn">
<kw name="Should Be True" owner="BuiltIn">
<arg>${True}</arg>
<doc>Fails if the given condition is not true.</doc>
<status status="PASS" start="2024-07-29T04:18:13.142632" elapsed="0.000145"/>
</kw>
<arg>${json_data["results"][0]["location"]["coordinates"]["latitude"]} &gt;= -90 and ${json_data["results"][0]["location"]["coordinates"]["latitude"]} &lt;= 90</arg>
<arg>Should Be True</arg>
<arg>${True}</arg>
<doc>Runs the given keyword with the given arguments, if ``condition`` is true.</doc>
<status status="PASS" start="2024-07-29T04:18:13.141889" elapsed="0.001018"/>
</kw>
<kw name="Run Keyword If" owner="BuiltIn">
<kw name="Should Be True" owner="BuiltIn">
<arg>${True}</arg>
<doc>Fails if the given condition is not true.</doc>
<status status="PASS" start="2024-07-29T04:18:13.143776" elapsed="0.000139"/>
</kw>
<arg>${json_data["results"][0]["location"]["coordinates"]["longitude"]} &gt;= -180 and ${json_data["results"][0]["location"]["coordinates"]["longitude"]} &lt;= 180</arg>
<arg>Should Be True</arg>
<arg>${True}</arg>
<doc>Runs the given keyword with the given arguments, if ``condition`` is true.</doc>
<status status="PASS" start="2024-07-29T04:18:13.143089" elapsed="0.000952"/>
</kw>
<status status="PASS" start="2024-07-29T04:18:13.041555" elapsed="0.102615"/>
</kw>
<doc>Testa o conteúdo específico dos campos retornados pela API.</doc>
<tag>testeConteudo</tag>
<status status="PASS" start="2024-07-29T04:18:13.041124" elapsed="0.103187"/>
</test>
<status status="PASS" start="2024-07-29T04:18:12.086298" elapsed="1.060220"/>
</suite>
<status status="PASS" start="2024-07-29T04:18:12.071673" elapsed="1.080102"/>
</suite>
<statistics>
<total>
<stat pass="5" fail="0" skip="0">All Tests</stat>
</total>
<tag>
<stat pass="1" fail="0" skip="0">testeConteudo</stat>
<stat pass="1" fail="0" skip="0">testeEstruturaResposta</stat>
<stat pass="1" fail="0" skip="0">testeRequisicaoBasica</stat>
<stat pass="1" fail="0" skip="0">testeTiposDados</stat>
</tag>
<suite>
<stat pass="5" fail="0" skip="0" id="s1" name="Tests">Tests</stat>
<stat pass="5" fail="0" skip="0" id="s1-s1" name="Random-User-Test">Tests.Random-User-Test</stat>
</suite>
</statistics>
<errors>
</errors>
</robot>
