<?xml version="1.0" encoding="UTF-8"?>
<robot generator="Robot 7.0 (Python 3.12.3 on linux)" generated="2024-05-08T01:34:07.697026" rpa="false" schemaversion="5">
<suite id="s1" name="Tests" source="/home/runner/work/DesafioQAItauRogerioJordao/DesafioQAItauRogerioJordao/RamdonUser/tests">
<suite id="s1-s1" name="Random-User-Test" source="/home/runner/work/DesafioQAItauRogerioJordao/DesafioQAItauRogerioJordao/RamdonUser/tests/random-user-test.robot">
<test id="s1-s1-t1" name="Conectar" line="13">
<kw name="Conectar API" owner="random-user-service">
<kw name="Create Session" owner="RequestsLibrary">
<msg time="2024-05-08T01:34:08.075497" level="INFO">Creating Session using : alias=consultarAPI, url=https://randomuser.me/, headers={},                     cookies={}, auth=None, timeout=None, proxies=None, verify=False,                     debug=0 </msg>
<arg>consultarAPI</arg>
<arg>${URL}</arg>
<doc>Create Session: create a HTTP session to a server</doc>
<status status="PASS" start="2024-05-08T01:34:08.075297" elapsed="0.000370"/>
</kw>
<status status="PASS" start="2024-05-08T01:34:08.074361" elapsed="0.001657"/>
</kw>
<status status="PASS" start="2024-05-08T01:34:08.073804" elapsed="0.002408"/>
</test>
<test id="s1-s1-t2" name="Validar retorno 200 e JSON Válido" line="16">
<kw name="Teste de Requisicao Basica" owner="random-user-service">
<kw name="GET On Session" owner="RequestsLibrary">
<msg time="2024-05-08T01:34:08.276701" level="INFO">GET Request : url=https://randomuser.me/api 
 path_url=/api 
 headers={'User-Agent': 'python-requests/2.31.0', 'Accept-Encoding': 'gzip, deflate', 'Accept': '*/*', 'Connection': 'keep-alive'} 
 body=None 
 </msg>
<msg time="2024-05-08T01:34:08.276852" level="INFO">GET Response : url=https://randomuser.me/api 
 status=200, reason=OK 
 headers={'Date': 'Wed, 08 May 2024 01:34:08 GMT', 'Content-Type': 'application/json; charset=utf-8', 'Transfer-Encoding': 'chunked', 'Connection': 'keep-alive', 'X-Powered-By': 'Express', 'Access-Control-Allow-Origin': '*', 'Cache-Control': 'no-cache', 'ETag': 'W/"49d-q0gpde6THUQce6yk1FsMF0vpqOI"', 'Vary': 'Accept-Encoding', 'Content-Encoding': 'gzip', 'CF-Cache-Status': 'DYNAMIC', 'Report-To': '{"endpoints":[{"url":"https:\\/\\/a.nel.cloudflare.com\\/report\\/v4?s=flC8rCINkDcS5wbbW6Tm3xM24ZHcUHGcPqfaKIUrGomZy%2FuNgNVUO3a9FkFH2PGh0NrezkzQBgxWzEo1GubcXlZRH10Y3QQJX8R93AwCZy%2B6qAc%2Ff6I0cdT06bfrSjg5"}],"group":"cf-nel","max_age":604800}', 'NEL': '{"success_fraction":0,"report_to":"cf-nel","max_age":604800}', 'Server': 'cloudflare', 'CF-RAY': '8805b4a56d6e0688-IAD', 'alt-svc': 'h3=":443"; ma=86400'} 
 body={"results":[{"gender":"female","name":{"title":"Miss","first":"Anel","last":"Monroy"},"location":{"street":{"number":6609,"name":"Avenida Riojas"},"city":"Mazamitla","state":"Coahuila","country":"Mexico","postcode":68357,"coordinates":{"latitude":"23.5469","longitude":"114.3532"},"timezone":{"offset":"+8:00","description":"Beijing, Perth, Singapore, Hong Kong"}},"email":"anel.monroy@example.com","login":{"uuid":"192da173-a3c6-4575-841a-609f98d4dbfc","username":"purplegorilla113","password":"amber","salt":"mVxuCvqs","md5":"0e038e92eade275d85604a63e4664cc6","sha1":"0e6a88cea829788482aa7de6753f7cce9dedb235","sha256":"b83784251907bfc98f9adfe7e53f8a594a1fc0deb8d385d52310f7b3d755e2b0"},"dob":{"date":"1977-01-16T11:26:19.932Z","age":47},"registered":{"date":"2022-01-27T21:40:03.137Z","age":2},"phone":"(658) 287 9750","cell":"(636) 975 2415","id":{"name":"NSS","value":"16 33 39 9681 6"},"picture":{"large":"https://randomuser.me/api/portraits/women/58.jpg","medium":"https://randomuser.me/api/portraits/med/women/58.jpg","thumbnail":"https://randomuser.me/api/portraits/thumb/women/58.jpg"},"nat":"MX"}],"info":{"seed":"db4a757db952ebda","results":1,"page":1,"version":"1.4"}} 
 </msg>
<msg time="2024-05-08T01:34:08.276939" level="INFO">/opt/hostedtoolcache/Python/3.12.3/x64/lib/python3.12/site-packages/urllib3/connectionpool.py:1103: InsecureRequestWarning: Unverified HTTPS request is being made to host 'randomuser.me'. Adding certificate verification is strongly advised. See: https://urllib3.readthedocs.io/en/latest/advanced-usage.html#tls-warnings
  warnings.warn(</msg>
<msg time="2024-05-08T01:34:08.277109" level="INFO">${response} = &lt;Response [200]&gt;</msg>
<var>${response}</var>
<arg>consultarAPI</arg>
<arg>/api</arg>
<doc>Sends a GET request on a previously created HTTP Session.</doc>
<status status="PASS" start="2024-05-08T01:34:08.078839" elapsed="0.198314"/>
</kw>
<kw name="Should Be Equal As Numbers" owner="BuiltIn">
<msg time="2024-05-08T01:34:08.278304" level="INFO">Argument types are:
&lt;class 'int'&gt;
&lt;class 'str'&gt;</msg>
<arg>${response.status_code}</arg>
<arg>200</arg>
<doc>Fails if objects are unequal after converting them to real numbers.</doc>
<status status="PASS" start="2024-05-08T01:34:08.277781" elapsed="0.000589"/>
</kw>
<kw name="Log" owner="BuiltIn">
<msg time="2024-05-08T01:34:08.279073" level="INFO">200</msg>
<arg>${response.status_code}</arg>
<doc>Logs the given message with the given level.</doc>
<status status="PASS" start="2024-05-08T01:34:08.278717" elapsed="0.000399"/>
</kw>
<kw name="Set Variable" owner="BuiltIn">
<msg time="2024-05-08T01:34:08.279850" level="INFO">${json_data} = {'results': [{'gender': 'female', 'name': {'title': 'Miss', 'first': 'Anel', 'last': 'Monroy'}, 'location': {'street': {'number': 6609, 'name': 'Avenida Riojas'}, 'city': 'Mazamitla', 'state': 'Coahui...</msg>
<var>${json_data}</var>
<arg>${response.json()}</arg>
<doc>Returns the given values which can then be assigned to a variables.</doc>
<status status="PASS" start="2024-05-08T01:34:08.279419" elapsed="0.000459"/>
</kw>
<kw name="Dictionary Should Contain Key" owner="Collections">
<msg time="2024-05-08T01:34:08.280347" level="INFO">False</msg>
<arg>${json_data}</arg>
<arg>results</arg>
<doc>Fails if ``key`` is not found from ``dictionary``.</doc>
<status status="PASS" start="2024-05-08T01:34:08.280176" elapsed="0.000212"/>
</kw>
<status status="PASS" start="2024-05-08T01:34:08.078597" elapsed="0.202052"/>
</kw>
<doc>Testa se a API responde corretamente e retorna um objeto JSON válido.</doc>
<tag>testeRequisicaoBasica</tag>
<status status="PASS" start="2024-05-08T01:34:08.078128" elapsed="0.202711"/>
</test>
<test id="s1-s1-t3" name="Validar estrutura de resposta" line="22">
<kw name="Teste de Estrutura de Resposta" owner="random-user-service">
<kw name="GET On Session" owner="RequestsLibrary">
<msg time="2024-05-08T01:34:08.373936" level="INFO">GET Request : url=https://randomuser.me/api 
 path_url=/api 
 headers={'User-Agent': 'python-requests/2.31.0', 'Accept-Encoding': 'gzip, deflate', 'Accept': '*/*', 'Connection': 'keep-alive'} 
 body=None 
 </msg>
<msg time="2024-05-08T01:34:08.374054" level="INFO">GET Response : url=https://randomuser.me/api 
 status=200, reason=OK 
 headers={'Date': 'Wed, 08 May 2024 01:34:08 GMT', 'Content-Type': 'application/json; charset=utf-8', 'Transfer-Encoding': 'chunked', 'Connection': 'keep-alive', 'X-Powered-By': 'Express', 'Access-Control-Allow-Origin': '*', 'Cache-Control': 'no-cache', 'ETag': 'W/"493-pm2aaEJ4uYHeD4VEqKJNPEHCJgM"', 'Vary': 'Accept-Encoding', 'Content-Encoding': 'gzip', 'CF-Cache-Status': 'DYNAMIC', 'Report-To': '{"endpoints":[{"url":"https:\\/\\/a.nel.cloudflare.com\\/report\\/v4?s=%2F2TeCN3yyeE4%2FrETaOjiEAXljyt0FLgurQxPbbD4pXXUrerZrv%2BjXPYkpnYscBW%2BNaw1vaHOi26sM8rB%2BtJEWPazn4nf27vvRSpLpovJNmLAVTS6MHX4Gyg47Qk48SiH"}],"group":"cf-nel","max_age":604800}', 'NEL': '{"success_fraction":0,"report_to":"cf-nel","max_age":604800}', 'Server': 'cloudflare', 'CF-RAY': '8805b4a5ddcc0688-IAD', 'alt-svc': 'h3=":443"; ma=86400'} 
 body={"results":[{"gender":"female","name":{"title":"Ms","first":"Ceyhan","last":"Öztürk"},"location":{"street":{"number":5400,"name":"Talak Göktepe Cd"},"city":"Şırnak","state":"Ankara","country":"Turkey","postcode":96398,"coordinates":{"latitude":"68.6602","longitude":"130.9046"},"timezone":{"offset":"+9:00","description":"Tokyo, Seoul, Osaka, Sapporo, Yakutsk"}},"email":"ceyhan.ozturk@example.com","login":{"uuid":"2fee84e1-f32f-4b04-9ba4-a3ef5b42303b","username":"crazyostrich271","password":"ncc1701","salt":"oj0TdpfS","md5":"b470e276e09c8299ef2a5949d1d3dcb0","sha1":"17bc57a784bf258e9af9d7c1da48580b66db3f4e","sha256":"e64b078de4653b98a9f8372a4105e73965586f90eef2babc5a88c5b050975010"},"dob":{"date":"1996-08-22T08:30:18.134Z","age":27},"registered":{"date":"2022-02-05T10:29:42.823Z","age":2},"phone":"(721)-201-7018","cell":"(673)-233-8558","id":{"name":"","value":null},"picture":{"large":"https://randomuser.me/api/portraits/women/34.jpg","medium":"https://randomuser.me/api/portraits/med/women/34.jpg","thumbnail":"https://randomuser.me/api/portraits/thumb/women/34.jpg"},"nat":"TR"}],"info":{"seed":"0c14ae9c5d028101","results":1,"page":1,"version":"1.4"}} 
 </msg>
<msg time="2024-05-08T01:34:08.374166" level="INFO">/opt/hostedtoolcache/Python/3.12.3/x64/lib/python3.12/site-packages/urllib3/connectionpool.py:1103: InsecureRequestWarning: Unverified HTTPS request is being made to host 'randomuser.me'. Adding certificate verification is strongly advised. See: https://urllib3.readthedocs.io/en/latest/advanced-usage.html#tls-warnings
  warnings.warn(</msg>
<msg time="2024-05-08T01:34:08.374273" level="INFO">${response} = &lt;Response [200]&gt;</msg>
<var>${response}</var>
<arg>consultarAPI</arg>
<arg>/api</arg>
<doc>Sends a GET request on a previously created HTTP Session.</doc>
<status status="PASS" start="2024-05-08T01:34:08.283496" elapsed="0.090816"/>
</kw>
<kw name="Set Variable" owner="BuiltIn">
<msg time="2024-05-08T01:34:08.375460" level="INFO">${json_data} = {'results': [{'gender': 'female', 'name': {'title': 'Ms', 'first': 'Ceyhan', 'last': 'Öztürk'}, 'location': {'street': {'number': 5400, 'name': 'Talak Göktepe Cd'}, 'city': 'Şırnak', 'state': 'Ankara'...</msg>
<var>${json_data}</var>
<arg>${response.json()}</arg>
<doc>Returns the given values which can then be assigned to a variables.</doc>
<status status="PASS" start="2024-05-08T01:34:08.374821" elapsed="0.000671"/>
</kw>
<kw name="Log" owner="BuiltIn">
<msg time="2024-05-08T01:34:08.375971" level="INFO">{'results': [{'gender': 'female', 'name': {'title': 'Ms', 'first': 'Ceyhan', 'last': 'Öztürk'}, 'location': {'street': {'number': 5400, 'name': 'Talak Göktepe Cd'}, 'city': 'Şırnak', 'state': 'Ankara', 'country': 'Turkey', 'postcode': 96398, 'coordinates': {'latitude': '68.6602', 'longitude': '130.9046'}, 'timezone': {'offset': '+9:00', 'description': 'Tokyo, Seoul, Osaka, Sapporo, Yakutsk'}}, 'email': 'ceyhan.ozturk@example.com', 'login': {'uuid': '2fee84e1-f32f-4b04-9ba4-a3ef5b42303b', 'username': 'crazyostrich271', 'password': 'ncc1701', 'salt': 'oj0TdpfS', 'md5': 'b470e276e09c8299ef2a5949d1d3dcb0', 'sha1': '17bc57a784bf258e9af9d7c1da48580b66db3f4e', 'sha256': 'e64b078de4653b98a9f8372a4105e73965586f90eef2babc5a88c5b050975010'}, 'dob': {'date': '1996-08-22T08:30:18.134Z', 'age': 27}, 'registered': {'date': '2022-02-05T10:29:42.823Z', 'age': 2}, 'phone': '(721)-201-7018', 'cell': '(673)-233-8558', 'id': {'name': '', 'value': None}, 'picture': {'large': 'https://randomuser.me/api/portraits/women/34.jpg', 'medium': 'https://randomuser.me/api/portraits/med/women/34.jpg', 'thumbnail': 'https://randomuser.me/api/portraits/thumb/women/34.jpg'}, 'nat': 'TR'}], 'info': {'seed': '0c14ae9c5d028101', 'results': 1, 'page': 1, 'version': '1.4'}}</msg>
<arg>${json_data}</arg>
<doc>Logs the given message with the given level.</doc>
<status status="PASS" start="2024-05-08T01:34:08.375808" elapsed="0.000215"/>
</kw>
<kw name="Dictionary Should Contain Key" owner="Collections">
<msg time="2024-05-08T01:34:08.376479" level="INFO">False</msg>
<arg>${json_data}</arg>
<arg>results</arg>
<doc>Fails if ``key`` is not found from ``dictionary``.</doc>
<status status="PASS" start="2024-05-08T01:34:08.376320" elapsed="0.000197"/>
</kw>
<kw name="Should Not Be Empty" owner="BuiltIn">
<msg time="2024-05-08T01:34:08.376948" level="INFO">Length is 2.</msg>
<arg>${json_data}</arg>
<doc>Verifies that the given item is not empty.</doc>
<status status="PASS" start="2024-05-08T01:34:08.376810" elapsed="0.000324"/>
</kw>
<kw name="Create List" owner="BuiltIn">
<msg time="2024-05-08T01:34:08.377577" level="INFO">${expected_keys} = ['gender', 'name', 'location', 'email', 'login']</msg>
<var>${expected_keys}</var>
<arg>gender</arg>
<arg>name</arg>
<arg>location</arg>
<arg>email</arg>
<arg>login</arg>
<doc>Returns a list containing given items.</doc>
<status status="PASS" start="2024-05-08T01:34:08.377425" elapsed="0.000176"/>
</kw>
<for flavor="IN">
<iter>
<kw name="Dictionary Should Contain Key" owner="Collections">
<msg time="2024-05-08T01:34:08.378627" level="INFO">False</msg>
<arg>${json_data['results'][0]}</arg>
<arg>${key}</arg>
<doc>Fails if ``key`` is not found from ``dictionary``.</doc>
<status status="PASS" start="2024-05-08T01:34:08.378224" elapsed="0.000442"/>
</kw>
<kw name="Log" owner="BuiltIn">
<msg time="2024-05-08T01:34:08.379343" level="INFO">{'gender': 'female', 'name': {'title': 'Ms', 'first': 'Ceyhan', 'last': 'Öztürk'}, 'location': {'street': {'number': 5400, 'name': 'Talak Göktepe Cd'}, 'city': 'Şırnak', 'state': 'Ankara', 'country': 'Turkey', 'postcode': 96398, 'coordinates': {'latitude': '68.6602', 'longitude': '130.9046'}, 'timezone': {'offset': '+9:00', 'description': 'Tokyo, Seoul, Osaka, Sapporo, Yakutsk'}}, 'email': 'ceyhan.ozturk@example.com', 'login': {'uuid': '2fee84e1-f32f-4b04-9ba4-a3ef5b42303b', 'username': 'crazyostrich271', 'password': 'ncc1701', 'salt': 'oj0TdpfS', 'md5': 'b470e276e09c8299ef2a5949d1d3dcb0', 'sha1': '17bc57a784bf258e9af9d7c1da48580b66db3f4e', 'sha256': 'e64b078de4653b98a9f8372a4105e73965586f90eef2babc5a88c5b050975010'}, 'dob': {'date': '1996-08-22T08:30:18.134Z', 'age': 27}, 'registered': {'date': '2022-02-05T10:29:42.823Z', 'age': 2}, 'phone': '(721)-201-7018', 'cell': '(673)-233-8558', 'id': {'name': '', 'value': None}, 'picture': {'large': 'https://randomuser.me/api/portraits/women/34.jpg', 'medium': 'https://randomuser.me/api/portraits/med/women/34.jpg', 'thumbnail': 'https://randomuser.me/api/portraits/thumb/women/34.jpg'}, 'nat': 'TR'}</msg>
<arg>${json_data['results'][0]}</arg>
<doc>Logs the given message with the given level.</doc>
<status status="PASS" start="2024-05-08T01:34:08.378966" elapsed="0.000428"/>
</kw>
<kw name="Log" owner="BuiltIn">
<msg time="2024-05-08T01:34:08.379821" level="INFO">gender</msg>
<arg>${key}</arg>
<doc>Logs the given message with the given level.</doc>
<status status="PASS" start="2024-05-08T01:34:08.379696" elapsed="0.000162"/>
</kw>
<var name="${key}">gender</var>
<status status="PASS" start="2024-05-08T01:34:08.378092" elapsed="0.001978"/>
</iter>
<iter>
<kw name="Dictionary Should Contain Key" owner="Collections">
<msg time="2024-05-08T01:34:08.380755" level="INFO">False</msg>
<arg>${json_data['results'][0]}</arg>
<arg>${key}</arg>
<doc>Fails if ``key`` is not found from ``dictionary``.</doc>
<status status="PASS" start="2024-05-08T01:34:08.380370" elapsed="0.000422"/>
</kw>
<kw name="Log" owner="BuiltIn">
<msg time="2024-05-08T01:34:08.381481" level="INFO">{'gender': 'female', 'name': {'title': 'Ms', 'first': 'Ceyhan', 'last': 'Öztürk'}, 'location': {'street': {'number': 5400, 'name': 'Talak Göktepe Cd'}, 'city': 'Şırnak', 'state': 'Ankara', 'country': 'Turkey', 'postcode': 96398, 'coordinates': {'latitude': '68.6602', 'longitude': '130.9046'}, 'timezone': {'offset': '+9:00', 'description': 'Tokyo, Seoul, Osaka, Sapporo, Yakutsk'}}, 'email': 'ceyhan.ozturk@example.com', 'login': {'uuid': '2fee84e1-f32f-4b04-9ba4-a3ef5b42303b', 'username': 'crazyostrich271', 'password': 'ncc1701', 'salt': 'oj0TdpfS', 'md5': 'b470e276e09c8299ef2a5949d1d3dcb0', 'sha1': '17bc57a784bf258e9af9d7c1da48580b66db3f4e', 'sha256': 'e64b078de4653b98a9f8372a4105e73965586f90eef2babc5a88c5b050975010'}, 'dob': {'date': '1996-08-22T08:30:18.134Z', 'age': 27}, 'registered': {'date': '2022-02-05T10:29:42.823Z', 'age': 2}, 'phone': '(721)-201-7018', 'cell': '(673)-233-8558', 'id': {'name': '', 'value': None}, 'picture': {'large': 'https://randomuser.me/api/portraits/women/34.jpg', 'medium': 'https://randomuser.me/api/portraits/med/women/34.jpg', 'thumbnail': 'https://randomuser.me/api/portraits/thumb/women/34.jpg'}, 'nat': 'TR'}</msg>
<arg>${json_data['results'][0]}</arg>
<doc>Logs the given message with the given level.</doc>
<status status="PASS" start="2024-05-08T01:34:08.381109" elapsed="0.000423"/>
</kw>
<kw name="Log" owner="BuiltIn">
<msg time="2024-05-08T01:34:08.381955" level="INFO">name</msg>
<arg>${key}</arg>
<doc>Logs the given message with the given level.</doc>
<status status="PASS" start="2024-05-08T01:34:08.381828" elapsed="0.000199"/>
</kw>
<var name="${key}">name</var>
<status status="PASS" start="2024-05-08T01:34:08.380257" elapsed="0.001998"/>
</iter>
<iter>
<kw name="Dictionary Should Contain Key" owner="Collections">
<msg time="2024-05-08T01:34:08.382931" level="INFO">False</msg>
<arg>${json_data['results'][0]}</arg>
<arg>${key}</arg>
<doc>Fails if ``key`` is not found from ``dictionary``.</doc>
<status status="PASS" start="2024-05-08T01:34:08.382546" elapsed="0.000422"/>
</kw>
<kw name="Log" owner="BuiltIn">
<msg time="2024-05-08T01:34:08.383633" level="INFO">{'gender': 'female', 'name': {'title': 'Ms', 'first': 'Ceyhan', 'last': 'Öztürk'}, 'location': {'street': {'number': 5400, 'name': 'Talak Göktepe Cd'}, 'city': 'Şırnak', 'state': 'Ankara', 'country': 'Turkey', 'postcode': 96398, 'coordinates': {'latitude': '68.6602', 'longitude': '130.9046'}, 'timezone': {'offset': '+9:00', 'description': 'Tokyo, Seoul, Osaka, Sapporo, Yakutsk'}}, 'email': 'ceyhan.ozturk@example.com', 'login': {'uuid': '2fee84e1-f32f-4b04-9ba4-a3ef5b42303b', 'username': 'crazyostrich271', 'password': 'ncc1701', 'salt': 'oj0TdpfS', 'md5': 'b470e276e09c8299ef2a5949d1d3dcb0', 'sha1': '17bc57a784bf258e9af9d7c1da48580b66db3f4e', 'sha256': 'e64b078de4653b98a9f8372a4105e73965586f90eef2babc5a88c5b050975010'}, 'dob': {'date': '1996-08-22T08:30:18.134Z', 'age': 27}, 'registered': {'date': '2022-02-05T10:29:42.823Z', 'age': 2}, 'phone': '(721)-201-7018', 'cell': '(673)-233-8558', 'id': {'name': '', 'value': None}, 'picture': {'large': 'https://randomuser.me/api/portraits/women/34.jpg', 'medium': 'https://randomuser.me/api/portraits/med/women/34.jpg', 'thumbnail': 'https://randomuser.me/api/portraits/thumb/women/34.jpg'}, 'nat': 'TR'}</msg>
<arg>${json_data['results'][0]}</arg>
<doc>Logs the given message with the given level.</doc>
<status status="PASS" start="2024-05-08T01:34:08.383262" elapsed="0.000421"/>
</kw>
<kw name="Log" owner="BuiltIn">
<msg time="2024-05-08T01:34:08.384103" level="INFO">location</msg>
<arg>${key}</arg>
<doc>Logs the given message with the given level.</doc>
<status status="PASS" start="2024-05-08T01:34:08.383978" elapsed="0.000162"/>
</kw>
<var name="${key}">location</var>
<status status="PASS" start="2024-05-08T01:34:08.382434" elapsed="0.001918"/>
</iter>
<iter>
<kw name="Dictionary Should Contain Key" owner="Collections">
<msg time="2024-05-08T01:34:08.385015" level="INFO">False</msg>
<arg>${json_data['results'][0]}</arg>
<arg>${key}</arg>
<doc>Fails if ``key`` is not found from ``dictionary``.</doc>
<status status="PASS" start="2024-05-08T01:34:08.384631" elapsed="0.000421"/>
</kw>
<kw name="Log" owner="BuiltIn">
<msg time="2024-05-08T01:34:08.385708" level="INFO">{'gender': 'female', 'name': {'title': 'Ms', 'first': 'Ceyhan', 'last': 'Öztürk'}, 'location': {'street': {'number': 5400, 'name': 'Talak Göktepe Cd'}, 'city': 'Şırnak', 'state': 'Ankara', 'country': 'Turkey', 'postcode': 96398, 'coordinates': {'latitude': '68.6602', 'longitude': '130.9046'}, 'timezone': {'offset': '+9:00', 'description': 'Tokyo, Seoul, Osaka, Sapporo, Yakutsk'}}, 'email': 'ceyhan.ozturk@example.com', 'login': {'uuid': '2fee84e1-f32f-4b04-9ba4-a3ef5b42303b', 'username': 'crazyostrich271', 'password': 'ncc1701', 'salt': 'oj0TdpfS', 'md5': 'b470e276e09c8299ef2a5949d1d3dcb0', 'sha1': '17bc57a784bf258e9af9d7c1da48580b66db3f4e', 'sha256': 'e64b078de4653b98a9f8372a4105e73965586f90eef2babc5a88c5b050975010'}, 'dob': {'date': '1996-08-22T08:30:18.134Z', 'age': 27}, 'registered': {'date': '2022-02-05T10:29:42.823Z', 'age': 2}, 'phone': '(721)-201-7018', 'cell': '(673)-233-8558', 'id': {'name': '', 'value': None}, 'picture': {'large': 'https://randomuser.me/api/portraits/women/34.jpg', 'medium': 'https://randomuser.me/api/portraits/med/women/34.jpg', 'thumbnail': 'https://randomuser.me/api/portraits/thumb/women/34.jpg'}, 'nat': 'TR'}</msg>
<arg>${json_data['results'][0]}</arg>
<doc>Logs the given message with the given level.</doc>
<status status="PASS" start="2024-05-08T01:34:08.385346" elapsed="0.000413"/>
</kw>
<kw name="Log" owner="BuiltIn">
<msg time="2024-05-08T01:34:08.386212" level="INFO">email</msg>
<arg>${key}</arg>
<doc>Logs the given message with the given level.</doc>
<status status="PASS" start="2024-05-08T01:34:08.386081" elapsed="0.000185"/>
</kw>
<var name="${key}">email</var>
<status status="PASS" start="2024-05-08T01:34:08.384523" elapsed="0.001959"/>
</iter>
<iter>
<kw name="Dictionary Should Contain Key" owner="Collections">
<msg time="2024-05-08T01:34:08.387153" level="INFO">False</msg>
<arg>${json_data['results'][0]}</arg>
<arg>${key}</arg>
<doc>Fails if ``key`` is not found from ``dictionary``.</doc>
<status status="PASS" start="2024-05-08T01:34:08.386765" elapsed="0.000425"/>
</kw>
<kw name="Log" owner="BuiltIn">
<msg time="2024-05-08T01:34:08.387862" level="INFO">{'gender': 'female', 'name': {'title': 'Ms', 'first': 'Ceyhan', 'last': 'Öztürk'}, 'location': {'street': {'number': 5400, 'name': 'Talak Göktepe Cd'}, 'city': 'Şırnak', 'state': 'Ankara', 'country': 'Turkey', 'postcode': 96398, 'coordinates': {'latitude': '68.6602', 'longitude': '130.9046'}, 'timezone': {'offset': '+9:00', 'description': 'Tokyo, Seoul, Osaka, Sapporo, Yakutsk'}}, 'email': 'ceyhan.ozturk@example.com', 'login': {'uuid': '2fee84e1-f32f-4b04-9ba4-a3ef5b42303b', 'username': 'crazyostrich271', 'password': 'ncc1701', 'salt': 'oj0TdpfS', 'md5': 'b470e276e09c8299ef2a5949d1d3dcb0', 'sha1': '17bc57a784bf258e9af9d7c1da48580b66db3f4e', 'sha256': 'e64b078de4653b98a9f8372a4105e73965586f90eef2babc5a88c5b050975010'}, 'dob': {'date': '1996-08-22T08:30:18.134Z', 'age': 27}, 'registered': {'date': '2022-02-05T10:29:42.823Z', 'age': 2}, 'phone': '(721)-201-7018', 'cell': '(673)-233-8558', 'id': {'name': '', 'value': None}, 'picture': {'large': 'https://randomuser.me/api/portraits/women/34.jpg', 'medium': 'https://randomuser.me/api/portraits/med/women/34.jpg', 'thumbnail': 'https://randomuser.me/api/portraits/thumb/women/34.jpg'}, 'nat': 'TR'}</msg>
<arg>${json_data['results'][0]}</arg>
<doc>Logs the given message with the given level.</doc>
<status status="PASS" start="2024-05-08T01:34:08.387485" elapsed="0.000426"/>
</kw>
<kw name="Log" owner="BuiltIn">
<msg time="2024-05-08T01:34:08.388330" level="INFO">login</msg>
<arg>${key}</arg>
<doc>Logs the given message with the given level.</doc>
<status status="PASS" start="2024-05-08T01:34:08.388205" elapsed="0.000163"/>
</kw>
<var name="${key}">login</var>
<status status="PASS" start="2024-05-08T01:34:08.386654" elapsed="0.001953"/>
</iter>
<var>${key}</var>
<value>@{expected_keys}</value>
<status status="PASS" start="2024-05-08T01:34:08.377861" elapsed="0.010871"/>
</for>
<kw name="Create List" owner="BuiltIn">
<msg time="2024-05-08T01:34:08.389059" level="INFO">${expected_keysTwo} = ['username', 'password']</msg>
<var>${expected_keysTwo}</var>
<arg>username</arg>
<arg>password</arg>
<doc>Returns a list containing given items.</doc>
<status status="PASS" start="2024-05-08T01:34:08.388924" elapsed="0.000159"/>
</kw>
<for flavor="IN">
<iter>
<kw name="Dictionary Should Contain Key" owner="Collections">
<msg time="2024-05-08T01:34:08.389967" level="INFO">False</msg>
<arg>${json_data['results'][0]['login']}</arg>
<arg>${keyTwo}</arg>
<doc>Fails if ``key`` is not found from ``dictionary``.</doc>
<status status="PASS" start="2024-05-08T01:34:08.389580" elapsed="0.000458"/>
</kw>
<kw name="Dictionary Should Contain Key" owner="Collections">
<msg time="2024-05-08T01:34:08.390721" level="INFO">False</msg>
<arg>${json_data['results'][0]['login']}</arg>
<arg>${keyTwo}</arg>
<doc>Fails if ``key`` is not found from ``dictionary``.</doc>
<status status="PASS" start="2024-05-08T01:34:08.390338" elapsed="0.000421"/>
</kw>
<kw name="Log" owner="BuiltIn">
<msg time="2024-05-08T01:34:08.391185" level="INFO">username</msg>
<arg>${keyTwo}</arg>
<doc>Logs the given message with the given level.</doc>
<status status="PASS" start="2024-05-08T01:34:08.391060" elapsed="0.000168"/>
</kw>
<var name="${keyTwo}">username</var>
<status status="PASS" start="2024-05-08T01:34:08.389472" elapsed="0.001972"/>
</iter>
<iter>
<kw name="Dictionary Should Contain Key" owner="Collections">
<msg time="2024-05-08T01:34:08.392199" level="INFO">False</msg>
<arg>${json_data['results'][0]['login']}</arg>
<arg>${keyTwo}</arg>
<doc>Fails if ``key`` is not found from ``dictionary``.</doc>
<status status="PASS" start="2024-05-08T01:34:08.391732" elapsed="0.000507"/>
</kw>
<kw name="Dictionary Should Contain Key" owner="Collections">
<msg time="2024-05-08T01:34:08.392914" level="INFO">False</msg>
<arg>${json_data['results'][0]['login']}</arg>
<arg>${keyTwo}</arg>
<doc>Fails if ``key`` is not found from ``dictionary``.</doc>
<status status="PASS" start="2024-05-08T01:34:08.392536" elapsed="0.000416"/>
</kw>
<kw name="Log" owner="BuiltIn">
<msg time="2024-05-08T01:34:08.393362" level="INFO">password</msg>
<arg>${keyTwo}</arg>
<doc>Logs the given message with the given level.</doc>
<status status="PASS" start="2024-05-08T01:34:08.393238" elapsed="0.000161"/>
</kw>
<var name="${keyTwo}">password</var>
<status status="PASS" start="2024-05-08T01:34:08.391615" elapsed="0.001995"/>
</iter>
<var>${keyTwo}</var>
<value>@{expected_keysTwo}</value>
<status status="PASS" start="2024-05-08T01:34:08.389319" elapsed="0.004410"/>
</for>
<status status="PASS" start="2024-05-08T01:34:08.283261" elapsed="0.110607"/>
</kw>
<doc>Testa a estrutura da resposta da API.</doc>
<tag>testeEstruturaResposta</tag>
<status status="PASS" start="2024-05-08T01:34:08.282740" elapsed="0.111319"/>
</test>
<test id="s1-s1-t4" name="Validar tipos de dados" line="28">
<kw name="Teste de Tipos de Dados" owner="random-user-service">
<kw name="GET On Session" owner="RequestsLibrary">
<msg time="2024-05-08T01:34:08.473277" level="INFO">GET Request : url=https://randomuser.me/api 
 path_url=/api 
 headers={'User-Agent': 'python-requests/2.31.0', 'Accept-Encoding': 'gzip, deflate', 'Accept': '*/*', 'Connection': 'keep-alive'} 
 body=None 
 </msg>
<msg time="2024-05-08T01:34:08.473362" level="INFO">GET Response : url=https://randomuser.me/api 
 status=200, reason=OK 
 headers={'Date': 'Wed, 08 May 2024 01:34:08 GMT', 'Content-Type': 'application/json; charset=utf-8', 'Transfer-Encoding': 'chunked', 'Connection': 'keep-alive', 'X-Powered-By': 'Express', 'Access-Control-Allow-Origin': '*', 'Cache-Control': 'no-cache', 'ETag': 'W/"498-6f7B3N3mSM9qJSYEKc85LU/VvnA"', 'Vary': 'Accept-Encoding', 'Content-Encoding': 'gzip', 'CF-Cache-Status': 'DYNAMIC', 'Report-To': '{"endpoints":[{"url":"https:\\/\\/a.nel.cloudflare.com\\/report\\/v4?s=Aq9sPmGy2wrCxR0oWMDOEGGke5QIbT9wigAQfpMee7fFAfWRhtj13IjXZAZXuVTaClmNWB%2FFl1KjfTvo6wA%2BwnpRsmqchdw%2FZkLpP9%2BhU%2FkYXNCrH4H9HG6o%2Bp44iiTo"}],"group":"cf-nel","max_age":604800}', 'NEL': '{"success_fraction":0,"report_to":"cf-nel","max_age":604800}', 'Server': 'cloudflare', 'CF-RAY': '8805b4a69e5d0688-IAD', 'alt-svc': 'h3=":443"; ma=86400'} 
 body={"results":[{"gender":"female","name":{"title":"Miss","first":"Olivia","last":"Edwards"},"location":{"street":{"number":495,"name":"Andersons Bay Road"},"city":"Lower Hutt","state":"Canterbury","country":"New Zealand","postcode":63538,"coordinates":{"latitude":"50.2481","longitude":"143.3307"},"timezone":{"offset":"+8:00","description":"Beijing, Perth, Singapore, Hong Kong"}},"email":"olivia.edwards@example.com","login":{"uuid":"c23d0062-97d8-4044-b0ce-0f4ae59fedcc","username":"tinybird982","password":"shun","salt":"EYIaqqDb","md5":"1f13bd97d5ad40c761ebe05b515d8113","sha1":"51219a8294a789887d0b804982a2847124699af7","sha256":"3f6f62d30814b9b74ffd8fae3c12ab9f4b5422758e97ea5b56f7b80de712098a"},"dob":{"date":"1961-11-15T14:03:28.632Z","age":62},"registered":{"date":"2015-10-21T14:08:34.146Z","age":8},"phone":"(359)-887-7633","cell":"(721)-264-6195","id":{"name":"","value":null},"picture":{"large":"https://randomuser.me/api/portraits/women/90.jpg","medium":"https://randomuser.me/api/portraits/med/women/90.jpg","thumbnail":"https://randomuser.me/api/portraits/thumb/women/90.jpg"},"nat":"NZ"}],"info":{"seed":"c23013c9c5205229","results":1,"page":1,"version":"1.4"}} 
 </msg>
<msg time="2024-05-08T01:34:08.473437" level="INFO">/opt/hostedtoolcache/Python/3.12.3/x64/lib/python3.12/site-packages/urllib3/connectionpool.py:1103: InsecureRequestWarning: Unverified HTTPS request is being made to host 'randomuser.me'. Adding certificate verification is strongly advised. See: https://urllib3.readthedocs.io/en/latest/advanced-usage.html#tls-warnings
  warnings.warn(</msg>
<msg time="2024-05-08T01:34:08.473560" level="INFO">${response} = &lt;Response [200]&gt;</msg>
<var>${response}</var>
<arg>consultarAPI</arg>
<arg>/api</arg>
<doc>Sends a GET request on a previously created HTTP Session.</doc>
<status status="PASS" start="2024-05-08T01:34:08.396501" elapsed="0.077131"/>
</kw>
<kw name="Set Variable" owner="BuiltIn">
<msg time="2024-05-08T01:34:08.474586" level="INFO">${json_data} = {'results': [{'gender': 'female', 'name': {'title': 'Miss', 'first': 'Olivia', 'last': 'Edwards'}, 'location': {'street': {'number': 495, 'name': 'Andersons Bay Road'}, 'city': 'Lower Hutt', 'state': ...</msg>
<var>${json_data}</var>
<arg>${response.json()}</arg>
<doc>Returns the given values which can then be assigned to a variables.</doc>
<status status="PASS" start="2024-05-08T01:34:08.474133" elapsed="0.000481"/>
</kw>
<kw name="Log" owner="BuiltIn">
<msg time="2024-05-08T01:34:08.475071" level="INFO">{'results': [{'gender': 'female', 'name': {'title': 'Miss', 'first': 'Olivia', 'last': 'Edwards'}, 'location': {'street': {'number': 495, 'name': 'Andersons Bay Road'}, 'city': 'Lower Hutt', 'state': 'Canterbury', 'country': 'New Zealand', 'postcode': 63538, 'coordinates': {'latitude': '50.2481', 'longitude': '143.3307'}, 'timezone': {'offset': '+8:00', 'description': 'Beijing, Perth, Singapore, Hong Kong'}}, 'email': 'olivia.edwards@example.com', 'login': {'uuid': 'c23d0062-97d8-4044-b0ce-0f4ae59fedcc', 'username': 'tinybird982', 'password': 'shun', 'salt': 'EYIaqqDb', 'md5': '1f13bd97d5ad40c761ebe05b515d8113', 'sha1': '51219a8294a789887d0b804982a2847124699af7', 'sha256': '3f6f62d30814b9b74ffd8fae3c12ab9f4b5422758e97ea5b56f7b80de712098a'}, 'dob': {'date': '1961-11-15T14:03:28.632Z', 'age': 62}, 'registered': {'date': '2015-10-21T14:08:34.146Z', 'age': 8}, 'phone': '(359)-887-7633', 'cell': '(721)-264-6195', 'id': {'name': '', 'value': None}, 'picture': {'large': 'https://randomuser.me/api/portraits/women/90.jpg', 'medium': 'https://randomuser.me/api/portraits/med/women/90.jpg', 'thumbnail': 'https://randomuser.me/api/portraits/thumb/women/90.jpg'}, 'nat': 'NZ'}], 'info': {'seed': 'c23013c9c5205229', 'results': 1, 'page': 1, 'version': '1.4'}}</msg>
<arg>${json_data}</arg>
<doc>Logs the given message with the given level.</doc>
<status status="PASS" start="2024-05-08T01:34:08.474918" elapsed="0.000233"/>
</kw>
<kw name="Should Be String" owner="String">
<arg>${json_data['results'][0]['gender']}</arg>
<doc>Fails if the given ``item`` is not a string.</doc>
<status status="PASS" start="2024-05-08T01:34:08.475450" elapsed="0.000369"/>
</kw>
<kw name="Should Match Regexp" owner="BuiltIn">
<arg>${json_data['results'][0]['email']}</arg>
<arg>^[a-zA-Z0-9._%+-]+@[a-zA-Z0-9.-]+\.[a-zA-Z]{2,}$</arg>
<doc>Fails if ``string`` does not match ``pattern`` as a regular expression.</doc>
<status status="PASS" start="2024-05-08T01:34:08.476010" elapsed="0.000522"/>
</kw>
<kw name="Should Match Regexp" owner="BuiltIn">
<arg>${json_data['results'][0]['dob']['date']}</arg>
<arg>\\d{4}-\\d{2}-\\d{2}T\\d{2}:\\d{2}:\\d{2}\\.\\d{3}Z</arg>
<doc>Fails if ``string`` does not match ``pattern`` as a regular expression.</doc>
<status status="PASS" start="2024-05-08T01:34:08.476726" elapsed="0.000503"/>
</kw>
<kw name="Should Match Regexp" owner="BuiltIn">
<arg>${json_data['results'][0]['registered']['date']}</arg>
<arg>\\d{4}-\\d{2}-\\d{2}T\\d{2}:\\d{2}:\\d{2}\\.\\d{3}Z</arg>
<doc>Fails if ``string`` does not match ``pattern`` as a regular expression.</doc>
<status status="PASS" start="2024-05-08T01:34:08.477419" elapsed="0.000368"/>
</kw>
<kw name="Should Match Regexp" owner="BuiltIn">
<arg>${json_data['results'][0]['picture']['large']}</arg>
<arg>^https?://.*\.(?:png|jpe?g|gif|bmp)$</arg>
<doc>Fails if ``string`` does not match ``pattern`` as a regular expression.</doc>
<status status="PASS" start="2024-05-08T01:34:08.478008" elapsed="0.000478"/>
</kw>
<kw name="Should Match Regexp" owner="BuiltIn">
<arg>${json_data['results'][0]['picture']['medium']}</arg>
<arg>^https?://.*\.(?:png|jpe?g|gif|bmp)$</arg>
<doc>Fails if ``string`` does not match ``pattern`` as a regular expression.</doc>
<status status="PASS" start="2024-05-08T01:34:08.478675" elapsed="0.000361"/>
</kw>
<kw name="Should Match Regexp" owner="BuiltIn">
<arg>${json_data['results'][0]['picture']['thumbnail']}</arg>
<arg>^https?://.*\.(?:png|jpe?g|gif|bmp)$</arg>
<doc>Fails if ``string`` does not match ``pattern`` as a regular expression.</doc>
<status status="PASS" start="2024-05-08T01:34:08.479223" elapsed="0.000354"/>
</kw>
<kw name="Log" owner="BuiltIn">
<msg time="2024-05-08T01:34:08.480092" level="INFO">{'large': 'https://randomuser.me/api/portraits/women/90.jpg', 'medium': 'https://randomuser.me/api/portraits/med/women/90.jpg', 'thumbnail': 'https://randomuser.me/api/portraits/thumb/women/90.jpg'}</msg>
<arg>${json_data['results'][0]['picture']}</arg>
<doc>Logs the given message with the given level.</doc>
<status status="PASS" start="2024-05-08T01:34:08.479756" elapsed="0.000378"/>
</kw>
<status status="PASS" start="2024-05-08T01:34:08.396274" elapsed="0.084115"/>
</kw>
<kw name="Teste de Tipos de Dados - Postcode" owner="random-user-service">
<kw name="GET On Session" owner="RequestsLibrary">
<msg time="2024-05-08T01:34:08.572792" level="INFO">GET Request : url=https://randomuser.me/api 
 path_url=/api 
 headers={'User-Agent': 'python-requests/2.31.0', 'Accept-Encoding': 'gzip, deflate', 'Accept': '*/*', 'Connection': 'keep-alive'} 
 body=None 
 </msg>
<msg time="2024-05-08T01:34:08.572881" level="INFO">GET Response : url=https://randomuser.me/api 
 status=200, reason=OK 
 headers={'Date': 'Wed, 08 May 2024 01:34:08 GMT', 'Content-Type': 'application/json; charset=utf-8', 'Transfer-Encoding': 'chunked', 'Connection': 'keep-alive', 'X-Powered-By': 'Express', 'Access-Control-Allow-Origin': '*', 'Cache-Control': 'no-cache', 'ETag': 'W/"491-LuU07wOXZzn1HiwLlW6qnFAdFBs"', 'Vary': 'Accept-Encoding', 'Content-Encoding': 'gzip', 'CF-Cache-Status': 'DYNAMIC', 'Report-To': '{"endpoints":[{"url":"https:\\/\\/a.nel.cloudflare.com\\/report\\/v4?s=c%2FmB%2Flv5pWYUW8EdZLa5ZOYgX9TVSl%2BwHe4BFeM3SB2wamcu1mdBh7AHQGmTxxDvOyRhvlvO8307b7eoFKZJLl3k70CZ50g%2BsA1b9EKesvIIdAgI5zdJrnjfVrxezGD2"}],"group":"cf-nel","max_age":604800}', 'NEL': '{"success_fraction":0,"report_to":"cf-nel","max_age":604800}', 'Server': 'cloudflare', 'CF-RAY': '8805b4a70ebc0688-IAD', 'alt-svc': 'h3=":443"; ma=86400'} 
 body={"results":[{"gender":"female","name":{"title":"Mrs","first":"Centa","last":"Buch"},"location":{"street":{"number":7577,"name":"Bahnhofstraße"},"city":"Dahme/Mark","state":"Bremen","country":"Germany","postcode":86776,"coordinates":{"latitude":"-51.7599","longitude":"93.0396"},"timezone":{"offset":"-3:00","description":"Brazil, Buenos Aires, Georgetown"}},"email":"centa.buch@example.com","login":{"uuid":"21a5c124-d596-4aa5-b50f-29b7ce8f812c","username":"yellowdog649","password":"545454","salt":"wMzNNv7t","md5":"13614a563ff7e672090b55dfee56a078","sha1":"d0bbadba47e96bcb55207b6839fc04efac643bb3","sha256":"094767da55daf276eb26c53381fc68c389d01e54f4a2b3b4b80d5a55483e931b"},"dob":{"date":"1984-05-25T19:49:19.931Z","age":39},"registered":{"date":"2011-10-06T23:56:59.279Z","age":12},"phone":"0859-5117811","cell":"0173-0420702","id":{"name":"SVNR","value":"74 250584 B 865"},"picture":{"large":"https://randomuser.me/api/portraits/women/76.jpg","medium":"https://randomuser.me/api/portraits/med/women/76.jpg","thumbnail":"https://randomuser.me/api/portraits/thumb/women/76.jpg"},"nat":"DE"}],"info":{"seed":"b4b175afc24d511b","results":1,"page":1,"version":"1.4"}} 
 </msg>
<msg time="2024-05-08T01:34:08.572957" level="INFO">/opt/hostedtoolcache/Python/3.12.3/x64/lib/python3.12/site-packages/urllib3/connectionpool.py:1103: InsecureRequestWarning: Unverified HTTPS request is being made to host 'randomuser.me'. Adding certificate verification is strongly advised. See: https://urllib3.readthedocs.io/en/latest/advanced-usage.html#tls-warnings
  warnings.warn(</msg>
<msg time="2024-05-08T01:34:08.573070" level="INFO">${response} = &lt;Response [200]&gt;</msg>
<var>${response}</var>
<arg>consultarAPI</arg>
<arg>/api</arg>
<doc>Sends a GET request on a previously created HTTP Session.</doc>
<status status="PASS" start="2024-05-08T01:34:08.480831" elapsed="0.092278"/>
</kw>
<kw name="Set Variable" owner="BuiltIn">
<msg time="2024-05-08T01:34:08.574087" level="INFO">${json_data} = {'results': [{'gender': 'female', 'name': {'title': 'Mrs', 'first': 'Centa', 'last': 'Buch'}, 'location': {'street': {'number': 7577, 'name': 'Bahnhofstraße'}, 'city': 'Dahme/Mark', 'state': 'Bremen',...</msg>
<var>${json_data}</var>
<arg>${response.json()}</arg>
<doc>Returns the given values which can then be assigned to a variables.</doc>
<status status="PASS" start="2024-05-08T01:34:08.573565" elapsed="0.000552"/>
</kw>
<kw name="Log" owner="BuiltIn">
<msg time="2024-05-08T01:34:08.574583" level="INFO">{'results': [{'gender': 'female', 'name': {'title': 'Mrs', 'first': 'Centa', 'last': 'Buch'}, 'location': {'street': {'number': 7577, 'name': 'Bahnhofstraße'}, 'city': 'Dahme/Mark', 'state': 'Bremen', 'country': 'Germany', 'postcode': 86776, 'coordinates': {'latitude': '-51.7599', 'longitude': '93.0396'}, 'timezone': {'offset': '-3:00', 'description': 'Brazil, Buenos Aires, Georgetown'}}, 'email': 'centa.buch@example.com', 'login': {'uuid': '21a5c124-d596-4aa5-b50f-29b7ce8f812c', 'username': 'yellowdog649', 'password': '545454', 'salt': 'wMzNNv7t', 'md5': '13614a563ff7e672090b55dfee56a078', 'sha1': 'd0bbadba47e96bcb55207b6839fc04efac643bb3', 'sha256': '094767da55daf276eb26c53381fc68c389d01e54f4a2b3b4b80d5a55483e931b'}, 'dob': {'date': '1984-05-25T19:49:19.931Z', 'age': 39}, 'registered': {'date': '2011-10-06T23:56:59.279Z', 'age': 12}, 'phone': '0859-5117811', 'cell': '0173-0420702', 'id': {'name': 'SVNR', 'value': '74 250584 B 865'}, 'picture': {'large': 'https://randomuser.me/api/portraits/women/76.jpg', 'medium': 'https://randomuser.me/api/portraits/med/women/76.jpg', 'thumbnail': 'https://randomuser.me/api/portraits/thumb/women/76.jpg'}, 'nat': 'DE'}], 'info': {'seed': 'b4b175afc24d511b', 'results': 1, 'page': 1, 'version': '1.4'}}</msg>
<arg>${json_data}</arg>
<doc>Logs the given message with the given level.</doc>
<status status="PASS" start="2024-05-08T01:34:08.574427" elapsed="0.000234"/>
</kw>
<kw name="Should Be Equal As Numbers" owner="BuiltIn">
<arg>${json_data['results'][0]['location']['postcode']}</arg>
<arg>${json_data['results'][0]['location']['postcode']}</arg>
<doc>Fails if objects are unequal after converting them to real numbers.</doc>
<status status="PASS" start="2024-05-08T01:34:08.575093" elapsed="0.000620"/>
</kw>
<kw name="Log" owner="BuiltIn">
<msg time="2024-05-08T01:34:08.576240" level="INFO">86776</msg>
<arg>${json_data['results'][0]['location']['postcode']}</arg>
<doc>Logs the given message with the given level.</doc>
<status status="PASS" start="2024-05-08T01:34:08.575901" elapsed="0.000379"/>
</kw>
<status status="PASS" start="2024-05-08T01:34:08.480606" elapsed="0.095924"/>
</kw>
<doc>Testa se os tipos de dados na resposta da API estão corretos.</doc>
<tag>testeTiposDados</tag>
<status status="PASS" start="2024-05-08T01:34:08.395825" elapsed="0.180868"/>
</test>
<test id="s1-s1-t5" name="Validar conteudo" line="35">
<kw name="Teste de Tipos de Conteudo" owner="random-user-service">
<kw name="GET On Session" owner="RequestsLibrary">
<msg time="2024-05-08T01:34:08.674164" level="INFO">GET Request : url=https://randomuser.me/api 
 path_url=/api 
 headers={'User-Agent': 'python-requests/2.31.0', 'Accept-Encoding': 'gzip, deflate', 'Accept': '*/*', 'Connection': 'keep-alive'} 
 body=None 
 </msg>
<msg time="2024-05-08T01:34:08.674263" level="INFO">GET Response : url=https://randomuser.me/api 
 status=200, reason=OK 
 headers={'Date': 'Wed, 08 May 2024 01:34:08 GMT', 'Content-Type': 'application/json; charset=utf-8', 'Transfer-Encoding': 'chunked', 'Connection': 'keep-alive', 'X-Powered-By': 'Express', 'Access-Control-Allow-Origin': '*', 'Cache-Control': 'no-cache', 'ETag': 'W/"480-wKjo6Wa5TolXC5P53qO7sYlMXtY"', 'Vary': 'Accept-Encoding', 'Content-Encoding': 'gzip', 'CF-Cache-Status': 'DYNAMIC', 'Report-To': '{"endpoints":[{"url":"https:\\/\\/a.nel.cloudflare.com\\/report\\/v4?s=IA7IGidXEX71U%2F0xxtJ0qomSbqPniqWGBSW8bjqhrxpS29kS7PDC%2By74gI%2BqEdsrNl4zRlh576kU46XdEnHbXXSDB8C51hB1FHfnsgr%2FoL1OlMJGyG6NfgANnRTPVR8l"}],"group":"cf-nel","max_age":604800}', 'NEL': '{"success_fraction":0,"report_to":"cf-nel","max_age":604800}', 'Server': 'cloudflare', 'CF-RAY': '8805b4a7af4d0688-IAD', 'alt-svc': 'h3=":443"; ma=86400'} 
 body={"results":[{"gender":"female","name":{"title":"Mrs","first":"Karla","last":"Nielsen"},"location":{"street":{"number":6623,"name":"Mejerivej"},"city":"København N","state":"Danmark","country":"Denmark","postcode":26452,"coordinates":{"latitude":"-41.2837","longitude":"175.5671"},"timezone":{"offset":"-12:00","description":"Eniwetok, Kwajalein"}},"email":"karla.nielsen@example.com","login":{"uuid":"7990a861-2171-4845-a453-a1f2db354fec","username":"blueostrich189","password":"feeling","salt":"eBgFswkr","md5":"a76ae356f288138c73478670245b6c89","sha1":"4099f5435804d2fc2b41e6b4bff6634175951703","sha256":"76c0eb22f50a03617fe66cdc5c4525b7da901570388f9e9fd566c6050a0bd26b"},"dob":{"date":"1999-10-12T17:43:16.798Z","age":24},"registered":{"date":"2004-10-18T20:46:09.833Z","age":19},"phone":"72329885","cell":"74923395","id":{"name":"CPR","value":"121099-5522"},"picture":{"large":"https://randomuser.me/api/portraits/women/82.jpg","medium":"https://randomuser.me/api/portraits/med/women/82.jpg","thumbnail":"https://randomuser.me/api/portraits/thumb/women/82.jpg"},"nat":"DK"}],"info":{"seed":"b9f47e2246013f45","results":1,"page":1,"version":"1.4"}} 
 </msg>
<msg time="2024-05-08T01:34:08.674342" level="INFO">/opt/hostedtoolcache/Python/3.12.3/x64/lib/python3.12/site-packages/urllib3/connectionpool.py:1103: InsecureRequestWarning: Unverified HTTPS request is being made to host 'randomuser.me'. Adding certificate verification is strongly advised. See: https://urllib3.readthedocs.io/en/latest/advanced-usage.html#tls-warnings
  warnings.warn(</msg>
<msg time="2024-05-08T01:34:08.674460" level="INFO">${response} = &lt;Response [200]&gt;</msg>
<var>${response}</var>
<arg>consultarAPI</arg>
<arg>/api</arg>
<doc>Sends a GET request on a previously created HTTP Session.</doc>
<status status="PASS" start="2024-05-08T01:34:08.579539" elapsed="0.094955"/>
</kw>
<kw name="Set Variable" owner="BuiltIn">
<msg time="2024-05-08T01:34:08.675477" level="INFO">${json_data} = {'results': [{'gender': 'female', 'name': {'title': 'Mrs', 'first': 'Karla', 'last': 'Nielsen'}, 'location': {'street': {'number': 6623, 'name': 'Mejerivej'}, 'city': 'København N', 'state': 'Danmark'...</msg>
<var>${json_data}</var>
<arg>${response.json()}</arg>
<doc>Returns the given values which can then be assigned to a variables.</doc>
<status status="PASS" start="2024-05-08T01:34:08.674982" elapsed="0.000523"/>
</kw>
<kw name="Set Variable" owner="BuiltIn">
<msg time="2024-05-08T01:34:08.676201" level="INFO">${name_title} = Mrs</msg>
<var>${name_title}</var>
<arg>${json_data["results"][0]["name"]["title"]}</arg>
<doc>Returns the given values which can then be assigned to a variables.</doc>
<status status="PASS" start="2024-05-08T01:34:08.675812" elapsed="0.000415"/>
</kw>
<kw name="Create List" owner="BuiltIn">
<msg time="2024-05-08T01:34:08.676676" level="INFO">${allowed_titles} = ['Mr', 'Ms', 'Miss', 'Mrs', 'Madame', 'Monsieur']</msg>
<var>${allowed_titles}</var>
<arg>Mr</arg>
<arg>Ms</arg>
<arg>Miss</arg>
<arg>Mrs</arg>
<arg>Madame</arg>
<arg>Monsieur</arg>
<doc>Returns a list containing given items.</doc>
<status status="PASS" start="2024-05-08T01:34:08.676527" elapsed="0.000173"/>
</kw>
<kw name="List Should Contain Value" owner="Collections">
<msg time="2024-05-08T01:34:08.677175" level="INFO">False</msg>
<arg>${allowed_titles}</arg>
<arg>${name_title}</arg>
<doc>Fails if the ``value`` is not found from ``list``.</doc>
<status status="PASS" start="2024-05-08T01:34:08.676993" elapsed="0.000220"/>
</kw>
<kw name="Set Variable" owner="BuiltIn">
<msg time="2024-05-08T01:34:08.677890" level="INFO">${name_country} = DK</msg>
<var>${name_country}</var>
<arg>${json_data["results"][0]["nat"]}</arg>
<doc>Returns the given values which can then be assigned to a variables.</doc>
<status status="PASS" start="2024-05-08T01:34:08.677506" elapsed="0.000410"/>
</kw>
<kw name="Create List" owner="BuiltIn">
<msg time="2024-05-08T01:34:08.678856" level="INFO">${list_country} = ['AD', 'AE', 'AF', 'AG', 'AI', 'AL', 'AM', 'AO', 'AQ', 'AR', 'AS', 'AT', 'AU', 'AW', 'AX', 'AZ', 'BA', 'BB', 'BD', 'BE', 'BF', 'BG', 'BH', 'BI', 'BJ', 'BL', 'BM', 'BN', 'BO', 'BQ', 'BR', 'BS', 'BT', '...</msg>
<var>${list_country}</var>
<arg>AD</arg>
<arg>AE</arg>
<arg>AF</arg>
<arg>AG</arg>
<arg>AI</arg>
<arg>AL</arg>
<arg>AM</arg>
<arg>AO</arg>
<arg>AQ</arg>
<arg>AR</arg>
<arg>AS</arg>
<arg>AT</arg>
<arg>AU</arg>
<arg>AW</arg>
<arg>AX</arg>
<arg>AZ</arg>
<arg>BA</arg>
<arg>BB</arg>
<arg>BD</arg>
<arg>BE</arg>
<arg>BF</arg>
<arg>BG</arg>
<arg>BH</arg>
<arg>BI</arg>
<arg>BJ</arg>
<arg>BL</arg>
<arg>BM</arg>
<arg>BN</arg>
<arg>BO</arg>
<arg>BQ</arg>
<arg>BR</arg>
<arg>BS</arg>
<arg>BT</arg>
<arg>BV</arg>
<arg>BW</arg>
<arg>BY</arg>
<arg>BZ</arg>
<arg>CA</arg>
<arg>CC</arg>
<arg>CD</arg>
<arg>CF</arg>
<arg>CG</arg>
<arg>CH</arg>
<arg>CI</arg>
<arg>CK</arg>
<arg>CL</arg>
<arg>CM</arg>
<arg>CN</arg>
<arg>CO</arg>
<arg>CR</arg>
<arg>CU</arg>
<arg>CV</arg>
<arg>CW</arg>
<arg>CX</arg>
<arg>CY</arg>
<arg>CZ</arg>
<arg>DE</arg>
<arg>DJ</arg>
<arg>DK</arg>
<arg>DM</arg>
<arg>DO</arg>
<arg>DZ</arg>
<arg>EC</arg>
<arg>EE</arg>
<arg>EG</arg>
<arg>EH</arg>
<arg>ER</arg>
<arg>ES</arg>
<arg>ET</arg>
<arg>FI</arg>
<arg>FJ</arg>
<arg>FK</arg>
<arg>FM</arg>
<arg>FO</arg>
<arg>FR</arg>
<arg>GA</arg>
<arg>GB</arg>
<arg>GD</arg>
<arg>GE</arg>
<arg>GF</arg>
<arg>GG</arg>
<arg>GH</arg>
<arg>GI</arg>
<arg>GL</arg>
<arg>GM</arg>
<arg>GN</arg>
<arg>GP</arg>
<arg>GQ</arg>
<arg>GR</arg>
<arg>GS</arg>
<arg>GT</arg>
<arg>GU</arg>
<arg>GW</arg>
<arg>GY</arg>
<arg>HK</arg>
<arg>HM</arg>
<arg>HN</arg>
<arg>HR</arg>
<arg>HT</arg>
<arg>HU</arg>
<arg>ID</arg>
<arg>IE</arg>
<arg>IL</arg>
<arg>IM</arg>
<arg>IN</arg>
<arg>IO</arg>
<arg>IQ</arg>
<arg>IR</arg>
<arg>IS</arg>
<arg>IT</arg>
<arg>JE</arg>
<arg>JM</arg>
<arg>JO</arg>
<arg>JP</arg>
<arg>KE</arg>
<arg>KG</arg>
<arg>KH</arg>
<arg>KI</arg>
<arg>KM</arg>
<arg>KN</arg>
<arg>KP</arg>
<arg>KR</arg>
<arg>KW</arg>
<arg>KY</arg>
<arg>KZ</arg>
<arg>LA</arg>
<arg>LB</arg>
<arg>LC</arg>
<arg>LI</arg>
<arg>LK</arg>
<arg>LR</arg>
<arg>LS</arg>
<arg>LT</arg>
<arg>LU</arg>
<arg>LV</arg>
<arg>LY</arg>
<arg>MA</arg>
<arg>MC</arg>
<arg>MD</arg>
<arg>ME</arg>
<arg>MF</arg>
<arg>MG</arg>
<arg>MH</arg>
<arg>MK</arg>
<arg>ML</arg>
<arg>MM</arg>
<arg>MN</arg>
<arg>MO</arg>
<arg>MP</arg>
<arg>MQ</arg>
<arg>MR</arg>
<arg>MS</arg>
<arg>MT</arg>
<arg>MU</arg>
<arg>MV</arg>
<arg>MW</arg>
<arg>MX</arg>
<arg>MY</arg>
<arg>MZ</arg>
<arg>NA</arg>
<arg>NC</arg>
<arg>NE</arg>
<arg>NF</arg>
<arg>NG</arg>
<arg>NI</arg>
<arg>NL</arg>
<arg>NO</arg>
<arg>NP</arg>
<arg>NR</arg>
<arg>NU</arg>
<arg>NZ</arg>
<arg>OM</arg>
<arg>PA</arg>
<arg>PE</arg>
<arg>PF</arg>
<arg>PG</arg>
<arg>PH</arg>
<arg>PK</arg>
<arg>PL</arg>
<arg>PM</arg>
<arg>PN</arg>
<arg>PR</arg>
<arg>PS</arg>
<arg>PT</arg>
<arg>PW</arg>
<arg>PY</arg>
<arg>QA</arg>
<arg>RE</arg>
<arg>RO</arg>
<arg>RS</arg>
<arg>RU</arg>
<arg>RW</arg>
<arg>SA</arg>
<arg>SB</arg>
<arg>SC</arg>
<arg>SD</arg>
<arg>SE</arg>
<arg>SG</arg>
<arg>SH</arg>
<arg>SI</arg>
<arg>SJ</arg>
<arg>SK</arg>
<arg>SL</arg>
<arg>SM</arg>
<arg>SN</arg>
<arg>SO</arg>
<arg>SR</arg>
<arg>SS</arg>
<arg>ST</arg>
<arg>SV</arg>
<arg>SX</arg>
<arg>SY</arg>
<arg>SZ</arg>
<arg>TC</arg>
<arg>TD</arg>
<arg>TF</arg>
<arg>TG</arg>
<arg>TH</arg>
<arg>TJ</arg>
<arg>TK</arg>
<arg>TL</arg>
<arg>TM</arg>
<arg>TN</arg>
<arg>TO</arg>
<arg>TR</arg>
<arg>TT</arg>
<arg>TV</arg>
<arg>TW</arg>
<arg>TZ</arg>
<arg>UA</arg>
<arg>UG</arg>
<arg>UM</arg>
<arg>US</arg>
<arg>UY</arg>
<arg>UZ</arg>
<arg>VA</arg>
<arg>VC</arg>
<arg>VE</arg>
<arg>VG</arg>
<arg>VI</arg>
<arg>VN</arg>
<arg>VU</arg>
<arg>WF</arg>
<arg>WS</arg>
<arg>XK</arg>
<arg>YE</arg>
<arg>YT</arg>
<arg>ZA</arg>
<arg>ZM</arg>
<arg>ZW</arg>
<doc>Returns a list containing given items.</doc>
<status status="PASS" start="2024-05-08T01:34:08.678267" elapsed="0.000614"/>
</kw>
<kw name="List Should Contain Value" owner="Collections">
<msg time="2024-05-08T01:34:08.679876" level="INFO">False</msg>
<arg>${list_country}</arg>
<arg>${name_country}</arg>
<doc>Fails if the ``value`` is not found from ``list``.</doc>
<status status="PASS" start="2024-05-08T01:34:08.679669" elapsed="0.000245"/>
</kw>
<kw name="Run Keyword If" owner="BuiltIn">
<kw name="Should Be True" owner="BuiltIn">
<arg>${True}</arg>
<doc>Fails if the given condition is not true.</doc>
<status status="PASS" start="2024-05-08T01:34:08.680977" elapsed="0.000254"/>
</kw>
<arg>${json_data["results"][0]["location"]["coordinates"]["latitude"]} &gt;= -90 and ${json_data["results"][0]["location"]["coordinates"]["latitude"]} &lt;= 90</arg>
<arg>Should Be True</arg>
<arg>${True}</arg>
<doc>Runs the given keyword with the given arguments, if ``condition`` is true.</doc>
<status status="PASS" start="2024-05-08T01:34:08.680222" elapsed="0.001139"/>
</kw>
<kw name="Run Keyword If" owner="BuiltIn">
<kw name="Should Be True" owner="BuiltIn">
<arg>${True}</arg>
<doc>Fails if the given condition is not true.</doc>
<status status="PASS" start="2024-05-08T01:34:08.682297" elapsed="0.000139"/>
</kw>
<arg>${json_data["results"][0]["location"]["coordinates"]["longitude"]} &gt;= -180 and ${json_data["results"][0]["location"]["coordinates"]["longitude"]} &lt;= 180</arg>
<arg>Should Be True</arg>
<arg>${True}</arg>
<doc>Runs the given keyword with the given arguments, if ``condition`` is true.</doc>
<status status="PASS" start="2024-05-08T01:34:08.681547" elapsed="0.001010"/>
</kw>
<status status="PASS" start="2024-05-08T01:34:08.579167" elapsed="0.103521"/>
</kw>
<doc>Testa o conteúdo específico dos campos retornados pela API.</doc>
<tag>testeConteudo</tag>
<status status="PASS" start="2024-05-08T01:34:08.578484" elapsed="0.104352"/>
</test>
<status status="PASS" start="2024-05-08T01:34:07.754193" elapsed="0.930579"/>
</suite>
<status status="PASS" start="2024-05-08T01:34:07.740683" elapsed="0.949306"/>
</suite>
<statistics>
<total>
<stat pass="5" fail="0" skip="0">All Tests</stat>
</total>
<tag>
<stat pass="1" fail="0" skip="0">testeConteudo</stat>
<stat pass="1" fail="0" skip="0">testeEstruturaResposta</stat>
<stat pass="1" fail="0" skip="0">testeRequisicaoBasica</stat>
<stat pass="1" fail="0" skip="0">testeTiposDados</stat>
</tag>
<suite>
<stat pass="5" fail="0" skip="0" id="s1" name="Tests">Tests</stat>
<stat pass="5" fail="0" skip="0" id="s1-s1" name="Random-User-Test">Tests.Random-User-Test</stat>
</suite>
</statistics>
<errors>
</errors>
</robot>
