<?xml version="1.0" encoding="UTF-8"?>
<robot generator="Robot 7.0 (Python 3.12.3 on linux)" generated="2024-05-25T05:13:57.411809" rpa="false" schemaversion="5">
<suite id="s1" name="Tests" source="/home/runner/work/DesafioQAItauRogerioJordao/DesafioQAItauRogerioJordao/RamdonUser/tests">
<suite id="s1-s1" name="Random-User-Test" source="/home/runner/work/DesafioQAItauRogerioJordao/DesafioQAItauRogerioJordao/RamdonUser/tests/random-user-test.robot">
<test id="s1-s1-t1" name="Conectar" line="13">
<kw name="Conectar API" owner="random-user-service">
<kw name="Create Session" owner="RequestsLibrary">
<msg time="2024-05-25T05:13:57.795812" level="INFO">Creating Session using : alias=consultarAPI, url=https://randomuser.me/, headers={},                     cookies={}, auth=None, timeout=None, proxies=None, verify=False,                     debug=0 </msg>
<arg>consultarAPI</arg>
<arg>${URL}</arg>
<doc>Create Session: create a HTTP session to a server</doc>
<status status="PASS" start="2024-05-25T05:13:57.795614" elapsed="0.000368"/>
</kw>
<status status="PASS" start="2024-05-25T05:13:57.794526" elapsed="0.001804"/>
</kw>
<status status="PASS" start="2024-05-25T05:13:57.793925" elapsed="0.002602"/>
</test>
<test id="s1-s1-t2" name="Validar retorno 200 e JSON Válido" line="16">
<kw name="Teste de Requisicao Basica" owner="random-user-service">
<kw name="GET On Session" owner="RequestsLibrary">
<msg time="2024-05-25T05:13:57.851312" level="INFO">GET Request : url=https://randomuser.me/api 
 path_url=/api 
 headers={'User-Agent': 'python-requests/2.32.2', 'Accept-Encoding': 'gzip, deflate', 'Accept': '*/*', 'Connection': 'keep-alive'} 
 body=None 
 </msg>
<msg time="2024-05-25T05:13:57.851423" level="INFO">GET Response : url=https://randomuser.me/api 
 status=200, reason=OK 
 headers={'Date': 'Sat, 25 May 2024 05:13:57 GMT', 'Content-Type': 'application/json; charset=utf-8', 'Transfer-Encoding': 'chunked', 'Connection': 'keep-alive', 'X-Powered-By': 'Express', 'Access-Control-Allow-Origin': '*', 'Cache-Control': 'no-cache', 'ETag': 'W/"479-+zsEJtxlG14fhU5WHTt1W7BLseQ"', 'Vary': 'Accept-Encoding', 'Content-Encoding': 'gzip', 'CF-Cache-Status': 'DYNAMIC', 'Report-To': '{"endpoints":[{"url":"https:\\/\\/a.nel.cloudflare.com\\/report\\/v4?s=7Hhwo4D3jtOgQUD0kCsidO32vOVbocFELGQPe8UJK11FRdP9QykPJUutxlIm2iDXr08FLx6M9irjQoCI3oeDAT41N8few0LNmvfCURguwUu8vOJ0C3jgTYWFkUbDVsiT"}],"group":"cf-nel","max_age":604800}', 'NEL': '{"success_fraction":0,"report_to":"cf-nel","max_age":604800}', 'Server': 'cloudflare', 'CF-RAY': '88930a085ac4825d-IAD', 'alt-svc': 'h3=":443"; ma=86400'} 
 body={"results":[{"gender":"female","name":{"title":"Ms","first":"Annabelle","last":"Moore"},"location":{"street":{"number":1708,"name":"Coronation Avenue"},"city":"Greymouth","state":"Tasman","country":"New Zealand","postcode":90523,"coordinates":{"latitude":"47.7157","longitude":"120.0087"},"timezone":{"offset":"+3:30","description":"Tehran"}},"email":"annabelle.moore@example.com","login":{"uuid":"18b9223c-ea84-4ea5-a413-4e2aa6286845","username":"bluefish943","password":"avalanch","salt":"QGs6OuPr","md5":"eb1a947f18337848320635bdc73e8f4f","sha1":"3b015e3d9336e5afa1a49288c4d6d734c2a78d21","sha256":"f2263963b099a4c1b057f660d7bc477c4b5e70bfb828e8ae06e48a0b0d95fbd5"},"dob":{"date":"1952-02-24T06:31:00.199Z","age":72},"registered":{"date":"2015-10-02T22:51:39.641Z","age":8},"phone":"(415)-352-3131","cell":"(689)-893-4516","id":{"name":"","value":null},"picture":{"large":"https://randomuser.me/api/portraits/women/65.jpg","medium":"https://randomuser.me/api/portraits/med/women/65.jpg","thumbnail":"https://randomuser.me/api/portraits/thumb/women/65.jpg"},"nat":"NZ"}],"info":{"seed":"c38f86f981020295","results":1,"page":1,"version":"1.4"}} 
 </msg>
<msg time="2024-05-25T05:13:57.851495" level="INFO">/opt/hostedtoolcache/Python/3.12.3/x64/lib/python3.12/site-packages/urllib3/connectionpool.py:1103: InsecureRequestWarning: Unverified HTTPS request is being made to host 'randomuser.me'. Adding certificate verification is strongly advised. See: https://urllib3.readthedocs.io/en/latest/advanced-usage.html#tls-warnings
  warnings.warn(</msg>
<msg time="2024-05-25T05:13:57.851621" level="INFO">${response} = &lt;Response [200]&gt;</msg>
<var>${response}</var>
<arg>consultarAPI</arg>
<arg>/api</arg>
<doc>Sends a GET request on a previously created HTTP Session.</doc>
<status status="PASS" start="2024-05-25T05:13:57.799258" elapsed="0.052398"/>
</kw>
<kw name="Should Be Equal As Numbers" owner="BuiltIn">
<msg time="2024-05-25T05:13:57.852451" level="INFO">Argument types are:
&lt;class 'int'&gt;
&lt;class 'str'&gt;</msg>
<arg>${response.status_code}</arg>
<arg>200</arg>
<doc>Fails if objects are unequal after converting them to real numbers.</doc>
<status status="PASS" start="2024-05-25T05:13:57.852046" elapsed="0.000468"/>
</kw>
<kw name="Log" owner="BuiltIn">
<msg time="2024-05-25T05:13:57.853199" level="INFO">200</msg>
<arg>${response.status_code}</arg>
<doc>Logs the given message with the given level.</doc>
<status status="PASS" start="2024-05-25T05:13:57.852850" elapsed="0.000397"/>
</kw>
<kw name="Set Variable" owner="BuiltIn">
<msg time="2024-05-25T05:13:57.853984" level="INFO">${json_data} = {'results': [{'gender': 'female', 'name': {'title': 'Ms', 'first': 'Annabelle', 'last': 'Moore'}, 'location': {'street': {'number': 1708, 'name': 'Coronation Avenue'}, 'city': 'Greymouth', 'state': 'T...</msg>
<var>${json_data}</var>
<arg>${response.json()}</arg>
<doc>Returns the given values which can then be assigned to a variables.</doc>
<status status="PASS" start="2024-05-25T05:13:57.853556" elapsed="0.000458"/>
</kw>
<kw name="Dictionary Should Contain Key" owner="Collections">
<msg time="2024-05-25T05:13:57.854486" level="INFO">False</msg>
<arg>${json_data}</arg>
<arg>results</arg>
<doc>Fails if ``key`` is not found from ``dictionary``.</doc>
<status status="PASS" start="2024-05-25T05:13:57.854317" elapsed="0.000340"/>
</kw>
<status status="PASS" start="2024-05-25T05:13:57.799007" elapsed="0.055937"/>
</kw>
<doc>Testa se a API responde corretamente e retorna um objeto JSON válido.</doc>
<tag>testeRequisicaoBasica</tag>
<status status="PASS" start="2024-05-25T05:13:57.798428" elapsed="0.056692"/>
</test>
<test id="s1-s1-t3" name="Validar estrutura de resposta" line="22">
<kw name="Teste de Estrutura de Resposta" owner="random-user-service">
<kw name="GET On Session" owner="RequestsLibrary">
<msg time="2024-05-25T05:13:57.954772" level="INFO">GET Request : url=https://randomuser.me/api 
 path_url=/api 
 headers={'User-Agent': 'python-requests/2.32.2', 'Accept-Encoding': 'gzip, deflate', 'Accept': '*/*', 'Connection': 'keep-alive'} 
 body=None 
 </msg>
<msg time="2024-05-25T05:13:57.954904" level="INFO">GET Response : url=https://randomuser.me/api 
 status=200, reason=OK 
 headers={'Date': 'Sat, 25 May 2024 05:13:57 GMT', 'Content-Type': 'application/json; charset=utf-8', 'Transfer-Encoding': 'chunked', 'Connection': 'keep-alive', 'X-Powered-By': 'Express', 'Access-Control-Allow-Origin': '*', 'Cache-Control': 'no-cache', 'ETag': 'W/"49f-3LjdnQOEopPqX7NafqmOsja8n9M"', 'Vary': 'Accept-Encoding', 'Content-Encoding': 'gzip', 'CF-Cache-Status': 'DYNAMIC', 'Report-To': '{"endpoints":[{"url":"https:\\/\\/a.nel.cloudflare.com\\/report\\/v4?s=BqGQiYV4zFWsmWs9c5HJfNEt276tQjzrkMY%2FQx7Ac3t9x9Gp2OHmRWMxrnqGyifycF5%2FeDezd95MltPZqKbgzHq9Es9Pn1VKXmQhUPqlwxVMg2dtBUmm0%2FuDoWHxN0UV"}],"group":"cf-nel","max_age":604800}', 'NEL': '{"success_fraction":0,"report_to":"cf-nel","max_age":604800}', 'Server': 'cloudflare', 'CF-RAY': '88930a089b3a825d-IAD', 'alt-svc': 'h3=":443"; ma=86400'} 
 body={"results":[{"gender":"female","name":{"title":"Ms","first":"Scarlett","last":"White"},"location":{"street":{"number":6515,"name":"Fergusson Drive"},"city":"Christchurch","state":"West Coast","country":"New Zealand","postcode":71390,"coordinates":{"latitude":"53.3327","longitude":"108.4733"},"timezone":{"offset":"-6:00","description":"Central Time (US &amp; Canada), Mexico City"}},"email":"scarlett.white@example.com","login":{"uuid":"ede3a41f-af87-4865-baa9-312f487e1088","username":"organicduck186","password":"newness","salt":"9FEHyvnN","md5":"ee1408326e293f3f7737e12abd8ac34d","sha1":"93c97e0dd8eb96f6793a305ab2bc2cab4fb56b99","sha256":"ed472be1c7df80e8c5a930ae5bc100b1cc4d78ddbf594d74f5918ddb4cee0c79"},"dob":{"date":"1952-04-11T15:48:29.632Z","age":72},"registered":{"date":"2021-03-21T01:33:23.260Z","age":3},"phone":"(549)-005-5110","cell":"(099)-346-5716","id":{"name":"","value":null},"picture":{"large":"https://randomuser.me/api/portraits/women/29.jpg","medium":"https://randomuser.me/api/portraits/med/women/29.jpg","thumbnail":"https://randomuser.me/api/portraits/thumb/women/29.jpg"},"nat":"NZ"}],"info":{"seed":"781c6c18b22263f4","results":1,"page":1,"version":"1.4"}} 
 </msg>
<msg time="2024-05-25T05:13:57.955050" level="INFO">/opt/hostedtoolcache/Python/3.12.3/x64/lib/python3.12/site-packages/urllib3/connectionpool.py:1103: InsecureRequestWarning: Unverified HTTPS request is being made to host 'randomuser.me'. Adding certificate verification is strongly advised. See: https://urllib3.readthedocs.io/en/latest/advanced-usage.html#tls-warnings
  warnings.warn(</msg>
<msg time="2024-05-25T05:13:57.955207" level="INFO">${response} = &lt;Response [200]&gt;</msg>
<var>${response}</var>
<arg>consultarAPI</arg>
<arg>/api</arg>
<doc>Sends a GET request on a previously created HTTP Session.</doc>
<status status="PASS" start="2024-05-25T05:13:57.857820" elapsed="0.097439"/>
</kw>
<kw name="Set Variable" owner="BuiltIn">
<msg time="2024-05-25T05:13:57.956231" level="INFO">${json_data} = {'results': [{'gender': 'female', 'name': {'title': 'Ms', 'first': 'Scarlett', 'last': 'White'}, 'location': {'street': {'number': 6515, 'name': 'Fergusson Drive'}, 'city': 'Christchurch', 'state': 'W...</msg>
<var>${json_data}</var>
<arg>${response.json()}</arg>
<doc>Returns the given values which can then be assigned to a variables.</doc>
<status status="PASS" start="2024-05-25T05:13:57.955720" elapsed="0.000540"/>
</kw>
<kw name="Log" owner="BuiltIn">
<msg time="2024-05-25T05:13:57.956731" level="INFO">{'results': [{'gender': 'female', 'name': {'title': 'Ms', 'first': 'Scarlett', 'last': 'White'}, 'location': {'street': {'number': 6515, 'name': 'Fergusson Drive'}, 'city': 'Christchurch', 'state': 'West Coast', 'country': 'New Zealand', 'postcode': 71390, 'coordinates': {'latitude': '53.3327', 'longitude': '108.4733'}, 'timezone': {'offset': '-6:00', 'description': 'Central Time (US &amp; Canada), Mexico City'}}, 'email': 'scarlett.white@example.com', 'login': {'uuid': 'ede3a41f-af87-4865-baa9-312f487e1088', 'username': 'organicduck186', 'password': 'newness', 'salt': '9FEHyvnN', 'md5': 'ee1408326e293f3f7737e12abd8ac34d', 'sha1': '93c97e0dd8eb96f6793a305ab2bc2cab4fb56b99', 'sha256': 'ed472be1c7df80e8c5a930ae5bc100b1cc4d78ddbf594d74f5918ddb4cee0c79'}, 'dob': {'date': '1952-04-11T15:48:29.632Z', 'age': 72}, 'registered': {'date': '2021-03-21T01:33:23.260Z', 'age': 3}, 'phone': '(549)-005-5110', 'cell': '(099)-346-5716', 'id': {'name': '', 'value': None}, 'picture': {'large': 'https://randomuser.me/api/portraits/women/29.jpg', 'medium': 'https://randomuser.me/api/portraits/med/women/29.jpg', 'thumbnail': 'https://randomuser.me/api/portraits/thumb/women/29.jpg'}, 'nat': 'NZ'}], 'info': {'seed': '781c6c18b22263f4', 'results': 1, 'page': 1, 'version': '1.4'}}</msg>
<arg>${json_data}</arg>
<doc>Logs the given message with the given level.</doc>
<status status="PASS" start="2024-05-25T05:13:57.956573" elapsed="0.000219"/>
</kw>
<kw name="Dictionary Should Contain Key" owner="Collections">
<msg time="2024-05-25T05:13:57.957252" level="INFO">False</msg>
<arg>${json_data}</arg>
<arg>results</arg>
<doc>Fails if ``key`` is not found from ``dictionary``.</doc>
<status status="PASS" start="2024-05-25T05:13:57.957093" elapsed="0.000196"/>
</kw>
<kw name="Should Not Be Empty" owner="BuiltIn">
<msg time="2024-05-25T05:13:57.957731" level="INFO">Length is 2.</msg>
<arg>${json_data}</arg>
<doc>Verifies that the given item is not empty.</doc>
<status status="PASS" start="2024-05-25T05:13:57.957598" elapsed="0.000172"/>
</kw>
<kw name="Create List" owner="BuiltIn">
<msg time="2024-05-25T05:13:57.958226" level="INFO">${expected_keys} = ['gender', 'name', 'location', 'email', 'login']</msg>
<var>${expected_keys}</var>
<arg>gender</arg>
<arg>name</arg>
<arg>location</arg>
<arg>email</arg>
<arg>login</arg>
<doc>Returns a list containing given items.</doc>
<status status="PASS" start="2024-05-25T05:13:57.958074" elapsed="0.000176"/>
</kw>
<for flavor="IN">
<iter>
<kw name="Dictionary Should Contain Key" owner="Collections">
<msg time="2024-05-25T05:13:57.959282" level="INFO">False</msg>
<arg>${json_data['results'][0]}</arg>
<arg>${key}</arg>
<doc>Fails if ``key`` is not found from ``dictionary``.</doc>
<status status="PASS" start="2024-05-25T05:13:57.958872" elapsed="0.000455"/>
</kw>
<kw name="Log" owner="BuiltIn">
<msg time="2024-05-25T05:13:57.960006" level="INFO">{'gender': 'female', 'name': {'title': 'Ms', 'first': 'Scarlett', 'last': 'White'}, 'location': {'street': {'number': 6515, 'name': 'Fergusson Drive'}, 'city': 'Christchurch', 'state': 'West Coast', 'country': 'New Zealand', 'postcode': 71390, 'coordinates': {'latitude': '53.3327', 'longitude': '108.4733'}, 'timezone': {'offset': '-6:00', 'description': 'Central Time (US &amp; Canada), Mexico City'}}, 'email': 'scarlett.white@example.com', 'login': {'uuid': 'ede3a41f-af87-4865-baa9-312f487e1088', 'username': 'organicduck186', 'password': 'newness', 'salt': '9FEHyvnN', 'md5': 'ee1408326e293f3f7737e12abd8ac34d', 'sha1': '93c97e0dd8eb96f6793a305ab2bc2cab4fb56b99', 'sha256': 'ed472be1c7df80e8c5a930ae5bc100b1cc4d78ddbf594d74f5918ddb4cee0c79'}, 'dob': {'date': '1952-04-11T15:48:29.632Z', 'age': 72}, 'registered': {'date': '2021-03-21T01:33:23.260Z', 'age': 3}, 'phone': '(549)-005-5110', 'cell': '(099)-346-5716', 'id': {'name': '', 'value': None}, 'picture': {'large': 'https://randomuser.me/api/portraits/women/29.jpg', 'medium': 'https://randomuser.me/api/portraits/med/women/29.jpg', 'thumbnail': 'https://randomuser.me/api/portraits/thumb/women/29.jpg'}, 'nat': 'NZ'}</msg>
<arg>${json_data['results'][0]}</arg>
<doc>Logs the given message with the given level.</doc>
<status status="PASS" start="2024-05-25T05:13:57.959631" elapsed="0.000425"/>
</kw>
<kw name="Log" owner="BuiltIn">
<msg time="2024-05-25T05:13:57.960493" level="INFO">gender</msg>
<arg>${key}</arg>
<doc>Logs the given message with the given level.</doc>
<status status="PASS" start="2024-05-25T05:13:57.960363" elapsed="0.000168"/>
</kw>
<var name="${key}">gender</var>
<status status="PASS" start="2024-05-25T05:13:57.958721" elapsed="0.002030"/>
</iter>
<iter>
<kw name="Dictionary Should Contain Key" owner="Collections">
<msg time="2024-05-25T05:13:57.961444" level="INFO">False</msg>
<arg>${json_data['results'][0]}</arg>
<arg>${key}</arg>
<doc>Fails if ``key`` is not found from ``dictionary``.</doc>
<status status="PASS" start="2024-05-25T05:13:57.961058" elapsed="0.000425"/>
</kw>
<kw name="Log" owner="BuiltIn">
<msg time="2024-05-25T05:13:57.962163" level="INFO">{'gender': 'female', 'name': {'title': 'Ms', 'first': 'Scarlett', 'last': 'White'}, 'location': {'street': {'number': 6515, 'name': 'Fergusson Drive'}, 'city': 'Christchurch', 'state': 'West Coast', 'country': 'New Zealand', 'postcode': 71390, 'coordinates': {'latitude': '53.3327', 'longitude': '108.4733'}, 'timezone': {'offset': '-6:00', 'description': 'Central Time (US &amp; Canada), Mexico City'}}, 'email': 'scarlett.white@example.com', 'login': {'uuid': 'ede3a41f-af87-4865-baa9-312f487e1088', 'username': 'organicduck186', 'password': 'newness', 'salt': '9FEHyvnN', 'md5': 'ee1408326e293f3f7737e12abd8ac34d', 'sha1': '93c97e0dd8eb96f6793a305ab2bc2cab4fb56b99', 'sha256': 'ed472be1c7df80e8c5a930ae5bc100b1cc4d78ddbf594d74f5918ddb4cee0c79'}, 'dob': {'date': '1952-04-11T15:48:29.632Z', 'age': 72}, 'registered': {'date': '2021-03-21T01:33:23.260Z', 'age': 3}, 'phone': '(549)-005-5110', 'cell': '(099)-346-5716', 'id': {'name': '', 'value': None}, 'picture': {'large': 'https://randomuser.me/api/portraits/women/29.jpg', 'medium': 'https://randomuser.me/api/portraits/med/women/29.jpg', 'thumbnail': 'https://randomuser.me/api/portraits/thumb/women/29.jpg'}, 'nat': 'NZ'}</msg>
<arg>${json_data['results'][0]}</arg>
<doc>Logs the given message with the given level.</doc>
<status status="PASS" start="2024-05-25T05:13:57.961806" elapsed="0.000406"/>
</kw>
<kw name="Log" owner="BuiltIn">
<msg time="2024-05-25T05:13:57.962649" level="INFO">name</msg>
<arg>${key}</arg>
<doc>Logs the given message with the given level.</doc>
<status status="PASS" start="2024-05-25T05:13:57.962520" elapsed="0.000167"/>
</kw>
<var name="${key}">name</var>
<status status="PASS" start="2024-05-25T05:13:57.960941" elapsed="0.001994"/>
</iter>
<iter>
<kw name="Dictionary Should Contain Key" owner="Collections">
<msg time="2024-05-25T05:13:57.963607" level="INFO">False</msg>
<arg>${json_data['results'][0]}</arg>
<arg>${key}</arg>
<doc>Fails if ``key`` is not found from ``dictionary``.</doc>
<status status="PASS" start="2024-05-25T05:13:57.963232" elapsed="0.000414"/>
</kw>
<kw name="Log" owner="BuiltIn">
<msg time="2024-05-25T05:13:57.964306" level="INFO">{'gender': 'female', 'name': {'title': 'Ms', 'first': 'Scarlett', 'last': 'White'}, 'location': {'street': {'number': 6515, 'name': 'Fergusson Drive'}, 'city': 'Christchurch', 'state': 'West Coast', 'country': 'New Zealand', 'postcode': 71390, 'coordinates': {'latitude': '53.3327', 'longitude': '108.4733'}, 'timezone': {'offset': '-6:00', 'description': 'Central Time (US &amp; Canada), Mexico City'}}, 'email': 'scarlett.white@example.com', 'login': {'uuid': 'ede3a41f-af87-4865-baa9-312f487e1088', 'username': 'organicduck186', 'password': 'newness', 'salt': '9FEHyvnN', 'md5': 'ee1408326e293f3f7737e12abd8ac34d', 'sha1': '93c97e0dd8eb96f6793a305ab2bc2cab4fb56b99', 'sha256': 'ed472be1c7df80e8c5a930ae5bc100b1cc4d78ddbf594d74f5918ddb4cee0c79'}, 'dob': {'date': '1952-04-11T15:48:29.632Z', 'age': 72}, 'registered': {'date': '2021-03-21T01:33:23.260Z', 'age': 3}, 'phone': '(549)-005-5110', 'cell': '(099)-346-5716', 'id': {'name': '', 'value': None}, 'picture': {'large': 'https://randomuser.me/api/portraits/women/29.jpg', 'medium': 'https://randomuser.me/api/portraits/med/women/29.jpg', 'thumbnail': 'https://randomuser.me/api/portraits/thumb/women/29.jpg'}, 'nat': 'NZ'}</msg>
<arg>${json_data['results'][0]}</arg>
<doc>Logs the given message with the given level.</doc>
<status status="PASS" start="2024-05-25T05:13:57.963942" elapsed="0.000414"/>
</kw>
<kw name="Log" owner="BuiltIn">
<msg time="2024-05-25T05:13:57.964780" level="INFO">location</msg>
<arg>${key}</arg>
<doc>Logs the given message with the given level.</doc>
<status status="PASS" start="2024-05-25T05:13:57.964653" elapsed="0.000164"/>
</kw>
<var name="${key}">location</var>
<status status="PASS" start="2024-05-25T05:13:57.963117" elapsed="0.001919"/>
</iter>
<iter>
<kw name="Dictionary Should Contain Key" owner="Collections">
<msg time="2024-05-25T05:13:57.965829" level="INFO">False</msg>
<arg>${json_data['results'][0]}</arg>
<arg>${key}</arg>
<doc>Fails if ``key`` is not found from ``dictionary``.</doc>
<status status="PASS" start="2024-05-25T05:13:57.965323" elapsed="0.000545"/>
</kw>
<kw name="Log" owner="BuiltIn">
<msg time="2024-05-25T05:13:57.966527" level="INFO">{'gender': 'female', 'name': {'title': 'Ms', 'first': 'Scarlett', 'last': 'White'}, 'location': {'street': {'number': 6515, 'name': 'Fergusson Drive'}, 'city': 'Christchurch', 'state': 'West Coast', 'country': 'New Zealand', 'postcode': 71390, 'coordinates': {'latitude': '53.3327', 'longitude': '108.4733'}, 'timezone': {'offset': '-6:00', 'description': 'Central Time (US &amp; Canada), Mexico City'}}, 'email': 'scarlett.white@example.com', 'login': {'uuid': 'ede3a41f-af87-4865-baa9-312f487e1088', 'username': 'organicduck186', 'password': 'newness', 'salt': '9FEHyvnN', 'md5': 'ee1408326e293f3f7737e12abd8ac34d', 'sha1': '93c97e0dd8eb96f6793a305ab2bc2cab4fb56b99', 'sha256': 'ed472be1c7df80e8c5a930ae5bc100b1cc4d78ddbf594d74f5918ddb4cee0c79'}, 'dob': {'date': '1952-04-11T15:48:29.632Z', 'age': 72}, 'registered': {'date': '2021-03-21T01:33:23.260Z', 'age': 3}, 'phone': '(549)-005-5110', 'cell': '(099)-346-5716', 'id': {'name': '', 'value': None}, 'picture': {'large': 'https://randomuser.me/api/portraits/women/29.jpg', 'medium': 'https://randomuser.me/api/portraits/med/women/29.jpg', 'thumbnail': 'https://randomuser.me/api/portraits/thumb/women/29.jpg'}, 'nat': 'NZ'}</msg>
<arg>${json_data['results'][0]}</arg>
<doc>Logs the given message with the given level.</doc>
<status status="PASS" start="2024-05-25T05:13:57.966170" elapsed="0.000405"/>
</kw>
<kw name="Log" owner="BuiltIn">
<msg time="2024-05-25T05:13:57.967047" level="INFO">email</msg>
<arg>${key}</arg>
<doc>Logs the given message with the given level.</doc>
<status status="PASS" start="2024-05-25T05:13:57.966909" elapsed="0.000176"/>
</kw>
<var name="${key}">email</var>
<status status="PASS" start="2024-05-25T05:13:57.965212" elapsed="0.002089"/>
</iter>
<iter>
<kw name="Dictionary Should Contain Key" owner="Collections">
<msg time="2024-05-25T05:13:57.967972" level="INFO">False</msg>
<arg>${json_data['results'][0]}</arg>
<arg>${key}</arg>
<doc>Fails if ``key`` is not found from ``dictionary``.</doc>
<status status="PASS" start="2024-05-25T05:13:57.967591" elapsed="0.000419"/>
</kw>
<kw name="Log" owner="BuiltIn">
<msg time="2024-05-25T05:13:57.968661" level="INFO">{'gender': 'female', 'name': {'title': 'Ms', 'first': 'Scarlett', 'last': 'White'}, 'location': {'street': {'number': 6515, 'name': 'Fergusson Drive'}, 'city': 'Christchurch', 'state': 'West Coast', 'country': 'New Zealand', 'postcode': 71390, 'coordinates': {'latitude': '53.3327', 'longitude': '108.4733'}, 'timezone': {'offset': '-6:00', 'description': 'Central Time (US &amp; Canada), Mexico City'}}, 'email': 'scarlett.white@example.com', 'login': {'uuid': 'ede3a41f-af87-4865-baa9-312f487e1088', 'username': 'organicduck186', 'password': 'newness', 'salt': '9FEHyvnN', 'md5': 'ee1408326e293f3f7737e12abd8ac34d', 'sha1': '93c97e0dd8eb96f6793a305ab2bc2cab4fb56b99', 'sha256': 'ed472be1c7df80e8c5a930ae5bc100b1cc4d78ddbf594d74f5918ddb4cee0c79'}, 'dob': {'date': '1952-04-11T15:48:29.632Z', 'age': 72}, 'registered': {'date': '2021-03-21T01:33:23.260Z', 'age': 3}, 'phone': '(549)-005-5110', 'cell': '(099)-346-5716', 'id': {'name': '', 'value': None}, 'picture': {'large': 'https://randomuser.me/api/portraits/women/29.jpg', 'medium': 'https://randomuser.me/api/portraits/med/women/29.jpg', 'thumbnail': 'https://randomuser.me/api/portraits/thumb/women/29.jpg'}, 'nat': 'NZ'}</msg>
<arg>${json_data['results'][0]}</arg>
<doc>Logs the given message with the given level.</doc>
<status status="PASS" start="2024-05-25T05:13:57.968307" elapsed="0.000403"/>
</kw>
<kw name="Log" owner="BuiltIn">
<msg time="2024-05-25T05:13:57.969128" level="INFO">login</msg>
<arg>${key}</arg>
<doc>Logs the given message with the given level.</doc>
<status status="PASS" start="2024-05-25T05:13:57.969003" elapsed="0.000192"/>
</kw>
<var name="${key}">login</var>
<status status="PASS" start="2024-05-25T05:13:57.967478" elapsed="0.001939"/>
</iter>
<var>${key}</var>
<value>@{expected_keys}</value>
<status status="PASS" start="2024-05-25T05:13:57.958521" elapsed="0.011018"/>
</for>
<kw name="Create List" owner="BuiltIn">
<msg time="2024-05-25T05:13:57.969867" level="INFO">${expected_keysTwo} = ['username', 'password']</msg>
<var>${expected_keysTwo}</var>
<arg>username</arg>
<arg>password</arg>
<doc>Returns a list containing given items.</doc>
<status status="PASS" start="2024-05-25T05:13:57.969732" elapsed="0.000159"/>
</kw>
<for flavor="IN">
<iter>
<kw name="Dictionary Should Contain Key" owner="Collections">
<msg time="2024-05-25T05:13:57.970772" level="INFO">False</msg>
<arg>${json_data['results'][0]['login']}</arg>
<arg>${keyTwo}</arg>
<doc>Fails if ``key`` is not found from ``dictionary``.</doc>
<status status="PASS" start="2024-05-25T05:13:57.970390" elapsed="0.000418"/>
</kw>
<kw name="Dictionary Should Contain Key" owner="Collections">
<msg time="2024-05-25T05:13:57.971561" level="INFO">False</msg>
<arg>${json_data['results'][0]['login']}</arg>
<arg>${keyTwo}</arg>
<doc>Fails if ``key`` is not found from ``dictionary``.</doc>
<status status="PASS" start="2024-05-25T05:13:57.971176" elapsed="0.000423"/>
</kw>
<kw name="Log" owner="BuiltIn">
<msg time="2024-05-25T05:13:57.972023" level="INFO">username</msg>
<arg>${keyTwo}</arg>
<doc>Logs the given message with the given level.</doc>
<status status="PASS" start="2024-05-25T05:13:57.971896" elapsed="0.000164"/>
</kw>
<var name="${keyTwo}">username</var>
<status status="PASS" start="2024-05-25T05:13:57.970281" elapsed="0.001993"/>
</iter>
<iter>
<kw name="Dictionary Should Contain Key" owner="Collections">
<msg time="2024-05-25T05:13:57.972942" level="INFO">False</msg>
<arg>${json_data['results'][0]['login']}</arg>
<arg>${keyTwo}</arg>
<doc>Fails if ``key`` is not found from ``dictionary``.</doc>
<status status="PASS" start="2024-05-25T05:13:57.972567" elapsed="0.000413"/>
</kw>
<kw name="Dictionary Should Contain Key" owner="Collections">
<msg time="2024-05-25T05:13:57.973651" level="INFO">False</msg>
<arg>${json_data['results'][0]['login']}</arg>
<arg>${keyTwo}</arg>
<doc>Fails if ``key`` is not found from ``dictionary``.</doc>
<status status="PASS" start="2024-05-25T05:13:57.973276" elapsed="0.000412"/>
</kw>
<kw name="Log" owner="BuiltIn">
<msg time="2024-05-25T05:13:57.974106" level="INFO">password</msg>
<arg>${keyTwo}</arg>
<doc>Logs the given message with the given level.</doc>
<status status="PASS" start="2024-05-25T05:13:57.973980" elapsed="0.000162"/>
</kw>
<var name="${keyTwo}">password</var>
<status status="PASS" start="2024-05-25T05:13:57.972456" elapsed="0.001901"/>
</iter>
<var>${keyTwo}</var>
<value>@{expected_keysTwo}</value>
<status status="PASS" start="2024-05-25T05:13:57.970130" elapsed="0.004348"/>
</for>
<status status="PASS" start="2024-05-25T05:13:57.857576" elapsed="0.117041"/>
</kw>
<doc>Testa a estrutura da resposta da API.</doc>
<tag>testeEstruturaResposta</tag>
<status status="PASS" start="2024-05-25T05:13:57.856955" elapsed="0.117821"/>
</test>
<test id="s1-s1-t4" name="Validar tipos de dados" line="28">
<kw name="Teste de Tipos de Dados" owner="random-user-service">
<kw name="GET On Session" owner="RequestsLibrary">
<msg time="2024-05-25T05:13:58.049226" level="INFO">GET Request : url=https://randomuser.me/api 
 path_url=/api 
 headers={'User-Agent': 'python-requests/2.32.2', 'Accept-Encoding': 'gzip, deflate', 'Accept': '*/*', 'Connection': 'keep-alive'} 
 body=None 
 </msg>
<msg time="2024-05-25T05:13:58.049306" level="INFO">GET Response : url=https://randomuser.me/api 
 status=200, reason=OK 
 headers={'Date': 'Sat, 25 May 2024 05:13:58 GMT', 'Content-Type': 'application/json; charset=utf-8', 'Transfer-Encoding': 'chunked', 'Connection': 'keep-alive', 'X-Powered-By': 'Express', 'Access-Control-Allow-Origin': '*', 'Cache-Control': 'no-cache', 'ETag': 'W/"488-nimaiUv3siJ4eJQpztHDPwIMAZM"', 'Vary': 'Accept-Encoding', 'Content-Encoding': 'gzip', 'CF-Cache-Status': 'DYNAMIC', 'Report-To': '{"endpoints":[{"url":"https:\\/\\/a.nel.cloudflare.com\\/report\\/v4?s=jAj0EGiJqVg2kHnAbcpUNVj5eGVxu8v9MIU4FbJEYfoS9Zb2HOv843sLC9YzLsmcBdPGqlPgldtm0hBeUwopBH2FWD0XRKqWYw5I9I0ncM471nI1AS6xFzDYFZPyE5eL"}],"group":"cf-nel","max_age":604800}', 'NEL': '{"success_fraction":0,"report_to":"cf-nel","max_age":604800}', 'Server': 'cloudflare', 'CF-RAY': '88930a095be1825d-IAD', 'alt-svc': 'h3=":443"; ma=86400'} 
 body={"results":[{"gender":"female","name":{"title":"Ms","first":"Ustina","last":"Afanasenko"},"location":{"street":{"number":9479,"name":"Studinskogo"},"city":"Baranivka","state":"Vinnicka","country":"Ukraine","postcode":23813,"coordinates":{"latitude":"77.8942","longitude":"152.6564"},"timezone":{"offset":"-7:00","description":"Mountain Time (US &amp; Canada)"}},"email":"ustina.afanasenko@example.com","login":{"uuid":"e0d3fd01-2f1d-4021-a073-0b1fdf60284a","username":"bluebird770","password":"iamgod","salt":"0fZckgjb","md5":"f479bf1199690f1580ed798eb03c1a88","sha1":"99b427de7ae45a771f6f7fb4a972d64c195b6a8e","sha256":"58551c8f058b51d83bf7a65b4a81c7a93f3860bc945c4c5394bdf8480154f91e"},"dob":{"date":"1948-05-12T15:39:11.928Z","age":76},"registered":{"date":"2021-09-21T21:39:48.842Z","age":2},"phone":"(099) K01-5364","cell":"(066) T50-0531","id":{"name":"","value":null},"picture":{"large":"https://randomuser.me/api/portraits/women/81.jpg","medium":"https://randomuser.me/api/portraits/med/women/81.jpg","thumbnail":"https://randomuser.me/api/portraits/thumb/women/81.jpg"},"nat":"UA"}],"info":{"seed":"a50e653fa73d4f75","results":1,"page":1,"version":"1.4"}} 
 </msg>
<msg time="2024-05-25T05:13:58.049380" level="INFO">/opt/hostedtoolcache/Python/3.12.3/x64/lib/python3.12/site-packages/urllib3/connectionpool.py:1103: InsecureRequestWarning: Unverified HTTPS request is being made to host 'randomuser.me'. Adding certificate verification is strongly advised. See: https://urllib3.readthedocs.io/en/latest/advanced-usage.html#tls-warnings
  warnings.warn(</msg>
<msg time="2024-05-25T05:13:58.049509" level="INFO">${response} = &lt;Response [200]&gt;</msg>
<var>${response}</var>
<arg>consultarAPI</arg>
<arg>/api</arg>
<doc>Sends a GET request on a previously created HTTP Session.</doc>
<status status="PASS" start="2024-05-25T05:13:57.977362" elapsed="0.072188"/>
</kw>
<kw name="Set Variable" owner="BuiltIn">
<msg time="2024-05-25T05:13:58.050396" level="INFO">${json_data} = {'results': [{'gender': 'female', 'name': {'title': 'Ms', 'first': 'Ustina', 'last': 'Afanasenko'}, 'location': {'street': {'number': 9479, 'name': 'Studinskogo'}, 'city': 'Baranivka', 'state': 'Vinni...</msg>
<var>${json_data}</var>
<arg>${response.json()}</arg>
<doc>Returns the given values which can then be assigned to a variables.</doc>
<status status="PASS" start="2024-05-25T05:13:58.049927" elapsed="0.000498"/>
</kw>
<kw name="Log" owner="BuiltIn">
<msg time="2024-05-25T05:13:58.050921" level="INFO">{'results': [{'gender': 'female', 'name': {'title': 'Ms', 'first': 'Ustina', 'last': 'Afanasenko'}, 'location': {'street': {'number': 9479, 'name': 'Studinskogo'}, 'city': 'Baranivka', 'state': 'Vinnicka', 'country': 'Ukraine', 'postcode': 23813, 'coordinates': {'latitude': '77.8942', 'longitude': '152.6564'}, 'timezone': {'offset': '-7:00', 'description': 'Mountain Time (US &amp; Canada)'}}, 'email': 'ustina.afanasenko@example.com', 'login': {'uuid': 'e0d3fd01-2f1d-4021-a073-0b1fdf60284a', 'username': 'bluebird770', 'password': 'iamgod', 'salt': '0fZckgjb', 'md5': 'f479bf1199690f1580ed798eb03c1a88', 'sha1': '99b427de7ae45a771f6f7fb4a972d64c195b6a8e', 'sha256': '58551c8f058b51d83bf7a65b4a81c7a93f3860bc945c4c5394bdf8480154f91e'}, 'dob': {'date': '1948-05-12T15:39:11.928Z', 'age': 76}, 'registered': {'date': '2021-09-21T21:39:48.842Z', 'age': 2}, 'phone': '(099) K01-5364', 'cell': '(066) T50-0531', 'id': {'name': '', 'value': None}, 'picture': {'large': 'https://randomuser.me/api/portraits/women/81.jpg', 'medium': 'https://randomuser.me/api/portraits/med/women/81.jpg', 'thumbnail': 'https://randomuser.me/api/portraits/thumb/women/81.jpg'}, 'nat': 'UA'}], 'info': {'seed': 'a50e653fa73d4f75', 'results': 1, 'page': 1, 'version': '1.4'}}</msg>
<arg>${json_data}</arg>
<doc>Logs the given message with the given level.</doc>
<status status="PASS" start="2024-05-25T05:13:58.050733" elapsed="0.000273"/>
</kw>
<kw name="Should Be String" owner="String">
<arg>${json_data['results'][0]['gender']}</arg>
<doc>Fails if the given ``item`` is not a string.</doc>
<status status="PASS" start="2024-05-25T05:13:58.051313" elapsed="0.000370"/>
</kw>
<kw name="Should Match Regexp" owner="BuiltIn">
<arg>${json_data['results'][0]['email']}</arg>
<arg>^[a-zA-Z0-9._%+-]+@[a-zA-Z0-9.-]+\.[a-zA-Z]{2,}$</arg>
<doc>Fails if ``string`` does not match ``pattern`` as a regular expression.</doc>
<status status="PASS" start="2024-05-25T05:13:58.051878" elapsed="0.000646"/>
</kw>
<kw name="Should Match Regexp" owner="BuiltIn">
<arg>${json_data['results'][0]['dob']['date']}</arg>
<arg>\\d{4}-\\d{2}-\\d{2}T\\d{2}:\\d{2}:\\d{2}\\.\\d{3}Z</arg>
<doc>Fails if ``string`` does not match ``pattern`` as a regular expression.</doc>
<status status="PASS" start="2024-05-25T05:13:58.052725" elapsed="0.000487"/>
</kw>
<kw name="Should Match Regexp" owner="BuiltIn">
<arg>${json_data['results'][0]['registered']['date']}</arg>
<arg>\\d{4}-\\d{2}-\\d{2}T\\d{2}:\\d{2}:\\d{2}\\.\\d{3}Z</arg>
<doc>Fails if ``string`` does not match ``pattern`` as a regular expression.</doc>
<status status="PASS" start="2024-05-25T05:13:58.053407" elapsed="0.000369"/>
</kw>
<kw name="Should Match Regexp" owner="BuiltIn">
<arg>${json_data['results'][0]['picture']['large']}</arg>
<arg>^https?://.*\.(?:png|jpe?g|gif|bmp)$</arg>
<doc>Fails if ``string`` does not match ``pattern`` as a regular expression.</doc>
<status status="PASS" start="2024-05-25T05:13:58.053966" elapsed="0.000463"/>
</kw>
<kw name="Should Match Regexp" owner="BuiltIn">
<arg>${json_data['results'][0]['picture']['medium']}</arg>
<arg>^https?://.*\.(?:png|jpe?g|gif|bmp)$</arg>
<doc>Fails if ``string`` does not match ``pattern`` as a regular expression.</doc>
<status status="PASS" start="2024-05-25T05:13:58.054622" elapsed="0.000400"/>
</kw>
<kw name="Should Match Regexp" owner="BuiltIn">
<arg>${json_data['results'][0]['picture']['thumbnail']}</arg>
<arg>^https?://.*\.(?:png|jpe?g|gif|bmp)$</arg>
<doc>Fails if ``string`` does not match ``pattern`` as a regular expression.</doc>
<status status="PASS" start="2024-05-25T05:13:58.055213" elapsed="0.000351"/>
</kw>
<kw name="Log" owner="BuiltIn">
<msg time="2024-05-25T05:13:58.056067" level="INFO">{'large': 'https://randomuser.me/api/portraits/women/81.jpg', 'medium': 'https://randomuser.me/api/portraits/med/women/81.jpg', 'thumbnail': 'https://randomuser.me/api/portraits/thumb/women/81.jpg'}</msg>
<arg>${json_data['results'][0]['picture']}</arg>
<doc>Logs the given message with the given level.</doc>
<status status="PASS" start="2024-05-25T05:13:58.055746" elapsed="0.000363"/>
</kw>
<status status="PASS" start="2024-05-25T05:13:57.977127" elapsed="0.079234"/>
</kw>
<kw name="Teste de Tipos de Dados - Postcode" owner="random-user-service">
<kw name="GET On Session" owner="RequestsLibrary">
<msg time="2024-05-25T05:13:58.151328" level="INFO">GET Request : url=https://randomuser.me/api 
 path_url=/api 
 headers={'User-Agent': 'python-requests/2.32.2', 'Accept-Encoding': 'gzip, deflate', 'Accept': '*/*', 'Connection': 'keep-alive'} 
 body=None 
 </msg>
<msg time="2024-05-25T05:13:58.151420" level="INFO">GET Response : url=https://randomuser.me/api 
 status=200, reason=OK 
 headers={'Date': 'Sat, 25 May 2024 05:13:58 GMT', 'Content-Type': 'application/json; charset=utf-8', 'Transfer-Encoding': 'chunked', 'Connection': 'keep-alive', 'X-Powered-By': 'Express', 'Access-Control-Allow-Origin': '*', 'Cache-Control': 'no-cache', 'ETag': 'W/"49f-9ea7We0SXpDafNPbu5Yxp54HGIE"', 'Vary': 'Accept-Encoding', 'Content-Encoding': 'gzip', 'CF-Cache-Status': 'DYNAMIC', 'Report-To': '{"endpoints":[{"url":"https:\\/\\/a.nel.cloudflare.com\\/report\\/v4?s=Cr%2F14Sf2uQfrFw9MbgD%2FwgPGPH8ptmJrb02PY0uCUARy8M%2BkjeJUN1TRFuB%2Bkr4xQGCZa1hsi2x8%2B1ugMpgZjZeNhBCiJxmuYlvigURjCG%2B07Wws0nIqO6lPLx%2FYQtW0"}],"group":"cf-nel","max_age":604800}', 'NEL': '{"success_fraction":0,"report_to":"cf-nel","max_age":604800}', 'Server': 'cloudflare', 'CF-RAY': '88930a09dc6e825d-IAD', 'alt-svc': 'h3=":443"; ma=86400'} 
 body={"results":[{"gender":"female","name":{"title":"Ms","first":"یسنا","last":"حسینی"},"location":{"street":{"number":7059,"name":"خالد اسلامبولی"},"city":"یزد","state":"هرمزگان","country":"Iran","postcode":87305,"coordinates":{"latitude":"20.2558","longitude":"107.6044"},"timezone":{"offset":"-6:00","description":"Central Time (US &amp; Canada), Mexico City"}},"email":"ysn.hsyny@example.com","login":{"uuid":"f1e3b3fb-d35c-4a56-b570-a14d9bbefaaa","username":"angryostrich164","password":"jessie","salt":"pwWNxA8u","md5":"82e318106833ea099c25dc21bdb1edcc","sha1":"c6b8e364ea9d503c390b8f526b0dc15cc50acbc3","sha256":"6306cdca2f3eb6edee766ee2f748f225c54c35d37febe482341d70c7bf49629d"},"dob":{"date":"1960-01-03T21:00:30.140Z","age":64},"registered":{"date":"2019-07-16T07:08:17.841Z","age":4},"phone":"077-89666976","cell":"0923-436-6974","id":{"name":"","value":null},"picture":{"large":"https://randomuser.me/api/portraits/women/56.jpg","medium":"https://randomuser.me/api/portraits/med/women/56.jpg","thumbnail":"https://randomuser.me/api/portraits/thumb/women/56.jpg"},"nat":"IR"}],"info":{"seed":"cf2c0b5d3dec2bf9","results":1,"page":1,"version":"1.4"}} 
 </msg>
<msg time="2024-05-25T05:13:58.151505" level="INFO">/opt/hostedtoolcache/Python/3.12.3/x64/lib/python3.12/site-packages/urllib3/connectionpool.py:1103: InsecureRequestWarning: Unverified HTTPS request is being made to host 'randomuser.me'. Adding certificate verification is strongly advised. See: https://urllib3.readthedocs.io/en/latest/advanced-usage.html#tls-warnings
  warnings.warn(</msg>
<msg time="2024-05-25T05:13:58.151647" level="INFO">${response} = &lt;Response [200]&gt;</msg>
<var>${response}</var>
<arg>consultarAPI</arg>
<arg>/api</arg>
<doc>Sends a GET request on a previously created HTTP Session.</doc>
<status status="PASS" start="2024-05-25T05:13:58.056799" elapsed="0.094894"/>
</kw>
<kw name="Set Variable" owner="BuiltIn">
<msg time="2024-05-25T05:13:58.152651" level="INFO">${json_data} = {'results': [{'gender': 'female', 'name': {'title': 'Ms', 'first': 'یسنا', 'last': 'حسینی'}, 'location': {'street': {'number': 7059, 'name': 'خالد اسلامبولی'}, 'city': 'یزد', 'state': 'هرمزگان', 'coun...</msg>
<var>${json_data}</var>
<arg>${response.json()}</arg>
<doc>Returns the given values which can then be assigned to a variables.</doc>
<status status="PASS" start="2024-05-25T05:13:58.152148" elapsed="0.000534"/>
</kw>
<kw name="Log" owner="BuiltIn">
<msg time="2024-05-25T05:13:58.153188" level="INFO">{'results': [{'gender': 'female', 'name': {'title': 'Ms', 'first': 'یسنا', 'last': 'حسینی'}, 'location': {'street': {'number': 7059, 'name': 'خالد اسلامبولی'}, 'city': 'یزد', 'state': 'هرمزگان', 'country': 'Iran', 'postcode': 87305, 'coordinates': {'latitude': '20.2558', 'longitude': '107.6044'}, 'timezone': {'offset': '-6:00', 'description': 'Central Time (US &amp; Canada), Mexico City'}}, 'email': 'ysn.hsyny@example.com', 'login': {'uuid': 'f1e3b3fb-d35c-4a56-b570-a14d9bbefaaa', 'username': 'angryostrich164', 'password': 'jessie', 'salt': 'pwWNxA8u', 'md5': '82e318106833ea099c25dc21bdb1edcc', 'sha1': 'c6b8e364ea9d503c390b8f526b0dc15cc50acbc3', 'sha256': '6306cdca2f3eb6edee766ee2f748f225c54c35d37febe482341d70c7bf49629d'}, 'dob': {'date': '1960-01-03T21:00:30.140Z', 'age': 64}, 'registered': {'date': '2019-07-16T07:08:17.841Z', 'age': 4}, 'phone': '077-89666976', 'cell': '0923-436-6974', 'id': {'name': '', 'value': None}, 'picture': {'large': 'https://randomuser.me/api/portraits/women/56.jpg', 'medium': 'https://randomuser.me/api/portraits/med/women/56.jpg', 'thumbnail': 'https://randomuser.me/api/portraits/thumb/women/56.jpg'}, 'nat': 'IR'}], 'info': {'seed': 'cf2c0b5d3dec2bf9', 'results': 1, 'page': 1, 'version': '1.4'}}</msg>
<arg>${json_data}</arg>
<doc>Logs the given message with the given level.</doc>
<status status="PASS" start="2024-05-25T05:13:58.153022" elapsed="0.000258"/>
</kw>
<kw name="Should Be Equal As Numbers" owner="BuiltIn">
<arg>${json_data['results'][0]['location']['postcode']}</arg>
<arg>${json_data['results'][0]['location']['postcode']}</arg>
<doc>Fails if objects are unequal after converting them to real numbers.</doc>
<status status="PASS" start="2024-05-25T05:13:58.153609" elapsed="0.000684"/>
</kw>
<kw name="Log" owner="BuiltIn">
<msg time="2024-05-25T05:13:58.154872" level="INFO">87305</msg>
<arg>${json_data['results'][0]['location']['postcode']}</arg>
<doc>Logs the given message with the given level.</doc>
<status status="PASS" start="2024-05-25T05:13:58.154491" elapsed="0.000431"/>
</kw>
<status status="PASS" start="2024-05-25T05:13:58.056576" elapsed="0.098612"/>
</kw>
<doc>Testa se os tipos de dados na resposta da API estão corretos.</doc>
<tag>testeTiposDados</tag>
<status status="PASS" start="2024-05-25T05:13:57.976571" elapsed="0.178787"/>
</test>
<test id="s1-s1-t5" name="Validar conteudo" line="35">
<kw name="Teste de Tipos de Conteudo" owner="random-user-service">
<kw name="GET On Session" owner="RequestsLibrary">
<msg time="2024-05-25T05:13:58.247158" level="INFO">GET Request : url=https://randomuser.me/api 
 path_url=/api 
 headers={'User-Agent': 'python-requests/2.32.2', 'Accept-Encoding': 'gzip, deflate', 'Accept': '*/*', 'Connection': 'keep-alive'} 
 body=None 
 </msg>
<msg time="2024-05-25T05:13:58.247249" level="INFO">GET Response : url=https://randomuser.me/api 
 status=200, reason=OK 
 headers={'Date': 'Sat, 25 May 2024 05:13:58 GMT', 'Content-Type': 'application/json; charset=utf-8', 'Transfer-Encoding': 'chunked', 'Connection': 'keep-alive', 'X-Powered-By': 'Express', 'Access-Control-Allow-Origin': '*', 'Cache-Control': 'no-cache', 'ETag': 'W/"47e-rdNWV6PqPWpw74afNxIRu0JnVPw"', 'Vary': 'Accept-Encoding', 'Content-Encoding': 'gzip', 'CF-Cache-Status': 'DYNAMIC', 'Report-To': '{"endpoints":[{"url":"https:\\/\\/a.nel.cloudflare.com\\/report\\/v4?s=GxK33Fk8b79nzVMFNmelpn%2FOY3NLOMwdbStqWbGb5lxWOfzyyjdCrDskbAnfkwpehZ6PcLGGmRJ9BFC%2BbtNHyHv9y5tZVnAqUEDM9NcyVYedOGvCYqavxadotu9%2BBpMU"}],"group":"cf-nel","max_age":604800}', 'NEL': '{"success_fraction":0,"report_to":"cf-nel","max_age":604800}', 'Server': 'cloudflare', 'CF-RAY': '88930a0a7d1b825d-IAD', 'alt-svc': 'h3=":443"; ma=86400'} 
 body={"results":[{"gender":"female","name":{"title":"Mrs","first":"Amy","last":"Singh"},"location":{"street":{"number":7411,"name":"Arctic Way"},"city":"Flatrock","state":"Prince Edward Island","country":"Canada","postcode":"T5L 6S9","coordinates":{"latitude":"-69.4116","longitude":"63.1507"},"timezone":{"offset":"-2:00","description":"Mid-Atlantic"}},"email":"amy.singh@example.com","login":{"uuid":"1d76b25b-f0ae-4f7d-a163-4589e335c679","username":"bluefish424","password":"gareth","salt":"dN57DZif","md5":"627e207fb85d028d721f838e89c5e347","sha1":"e44f2bf78549c5ed992aea349bd64fb3a193908d","sha256":"d32e0ff1f59e09ffb12b93a3b1ec34de4f46def8e78fdba924e298b33222efae"},"dob":{"date":"1975-11-11T00:57:08.591Z","age":48},"registered":{"date":"2013-11-08T09:19:52.992Z","age":10},"phone":"F23 U34-5395","cell":"E39 E98-8646","id":{"name":"SIN","value":"746219617"},"picture":{"large":"https://randomuser.me/api/portraits/women/90.jpg","medium":"https://randomuser.me/api/portraits/med/women/90.jpg","thumbnail":"https://randomuser.me/api/portraits/thumb/women/90.jpg"},"nat":"CA"}],"info":{"seed":"6a0a377e5d6afbfa","results":1,"page":1,"version":"1.4"}} 
 </msg>
<msg time="2024-05-25T05:13:58.247327" level="INFO">/opt/hostedtoolcache/Python/3.12.3/x64/lib/python3.12/site-packages/urllib3/connectionpool.py:1103: InsecureRequestWarning: Unverified HTTPS request is being made to host 'randomuser.me'. Adding certificate verification is strongly advised. See: https://urllib3.readthedocs.io/en/latest/advanced-usage.html#tls-warnings
  warnings.warn(</msg>
<msg time="2024-05-25T05:13:58.247473" level="INFO">${response} = &lt;Response [200]&gt;</msg>
<var>${response}</var>
<arg>consultarAPI</arg>
<arg>/api</arg>
<doc>Sends a GET request on a previously created HTTP Session.</doc>
<status status="PASS" start="2024-05-25T05:13:58.157918" elapsed="0.089604"/>
</kw>
<kw name="Set Variable" owner="BuiltIn">
<msg time="2024-05-25T05:13:58.248514" level="INFO">${json_data} = {'results': [{'gender': 'female', 'name': {'title': 'Mrs', 'first': 'Amy', 'last': 'Singh'}, 'location': {'street': {'number': 7411, 'name': 'Arctic Way'}, 'city': 'Flatrock', 'state': 'Prince Edward ...</msg>
<var>${json_data}</var>
<arg>${response.json()}</arg>
<doc>Returns the given values which can then be assigned to a variables.</doc>
<status status="PASS" start="2024-05-25T05:13:58.248021" elapsed="0.000522"/>
</kw>
<kw name="Set Variable" owner="BuiltIn">
<msg time="2024-05-25T05:13:58.249260" level="INFO">${name_title} = Mrs</msg>
<var>${name_title}</var>
<arg>${json_data["results"][0]["name"]["title"]}</arg>
<doc>Returns the given values which can then be assigned to a variables.</doc>
<status status="PASS" start="2024-05-25T05:13:58.248867" elapsed="0.000420"/>
</kw>
<kw name="Create List" owner="BuiltIn">
<msg time="2024-05-25T05:13:58.249747" level="INFO">${allowed_titles} = ['Mr', 'Ms', 'Miss', 'Mrs', 'Madame', 'Monsieur']</msg>
<var>${allowed_titles}</var>
<arg>Mr</arg>
<arg>Ms</arg>
<arg>Miss</arg>
<arg>Mrs</arg>
<arg>Madame</arg>
<arg>Monsieur</arg>
<doc>Returns a list containing given items.</doc>
<status status="PASS" start="2024-05-25T05:13:58.249595" elapsed="0.000176"/>
</kw>
<kw name="List Should Contain Value" owner="Collections">
<msg time="2024-05-25T05:13:58.250256" level="INFO">False</msg>
<arg>${allowed_titles}</arg>
<arg>${name_title}</arg>
<doc>Fails if the ``value`` is not found from ``list``.</doc>
<status status="PASS" start="2024-05-25T05:13:58.250076" elapsed="0.000219"/>
</kw>
<kw name="Set Variable" owner="BuiltIn">
<msg time="2024-05-25T05:13:58.251191" level="INFO">${name_country} = CA</msg>
<var>${name_country}</var>
<arg>${json_data["results"][0]["nat"]}</arg>
<doc>Returns the given values which can then be assigned to a variables.</doc>
<status status="PASS" start="2024-05-25T05:13:58.250588" elapsed="0.000629"/>
</kw>
<kw name="Create List" owner="BuiltIn">
<msg time="2024-05-25T05:13:58.252130" level="INFO">${list_country} = ['AD', 'AE', 'AF', 'AG', 'AI', 'AL', 'AM', 'AO', 'AQ', 'AR', 'AS', 'AT', 'AU', 'AW', 'AX', 'AZ', 'BA', 'BB', 'BD', 'BE', 'BF', 'BG', 'BH', 'BI', 'BJ', 'BL', 'BM', 'BN', 'BO', 'BQ', 'BR', 'BS', 'BT', '...</msg>
<var>${list_country}</var>
<arg>AD</arg>
<arg>AE</arg>
<arg>AF</arg>
<arg>AG</arg>
<arg>AI</arg>
<arg>AL</arg>
<arg>AM</arg>
<arg>AO</arg>
<arg>AQ</arg>
<arg>AR</arg>
<arg>AS</arg>
<arg>AT</arg>
<arg>AU</arg>
<arg>AW</arg>
<arg>AX</arg>
<arg>AZ</arg>
<arg>BA</arg>
<arg>BB</arg>
<arg>BD</arg>
<arg>BE</arg>
<arg>BF</arg>
<arg>BG</arg>
<arg>BH</arg>
<arg>BI</arg>
<arg>BJ</arg>
<arg>BL</arg>
<arg>BM</arg>
<arg>BN</arg>
<arg>BO</arg>
<arg>BQ</arg>
<arg>BR</arg>
<arg>BS</arg>
<arg>BT</arg>
<arg>BV</arg>
<arg>BW</arg>
<arg>BY</arg>
<arg>BZ</arg>
<arg>CA</arg>
<arg>CC</arg>
<arg>CD</arg>
<arg>CF</arg>
<arg>CG</arg>
<arg>CH</arg>
<arg>CI</arg>
<arg>CK</arg>
<arg>CL</arg>
<arg>CM</arg>
<arg>CN</arg>
<arg>CO</arg>
<arg>CR</arg>
<arg>CU</arg>
<arg>CV</arg>
<arg>CW</arg>
<arg>CX</arg>
<arg>CY</arg>
<arg>CZ</arg>
<arg>DE</arg>
<arg>DJ</arg>
<arg>DK</arg>
<arg>DM</arg>
<arg>DO</arg>
<arg>DZ</arg>
<arg>EC</arg>
<arg>EE</arg>
<arg>EG</arg>
<arg>EH</arg>
<arg>ER</arg>
<arg>ES</arg>
<arg>ET</arg>
<arg>FI</arg>
<arg>FJ</arg>
<arg>FK</arg>
<arg>FM</arg>
<arg>FO</arg>
<arg>FR</arg>
<arg>GA</arg>
<arg>GB</arg>
<arg>GD</arg>
<arg>GE</arg>
<arg>GF</arg>
<arg>GG</arg>
<arg>GH</arg>
<arg>GI</arg>
<arg>GL</arg>
<arg>GM</arg>
<arg>GN</arg>
<arg>GP</arg>
<arg>GQ</arg>
<arg>GR</arg>
<arg>GS</arg>
<arg>GT</arg>
<arg>GU</arg>
<arg>GW</arg>
<arg>GY</arg>
<arg>HK</arg>
<arg>HM</arg>
<arg>HN</arg>
<arg>HR</arg>
<arg>HT</arg>
<arg>HU</arg>
<arg>ID</arg>
<arg>IE</arg>
<arg>IL</arg>
<arg>IM</arg>
<arg>IN</arg>
<arg>IO</arg>
<arg>IQ</arg>
<arg>IR</arg>
<arg>IS</arg>
<arg>IT</arg>
<arg>JE</arg>
<arg>JM</arg>
<arg>JO</arg>
<arg>JP</arg>
<arg>KE</arg>
<arg>KG</arg>
<arg>KH</arg>
<arg>KI</arg>
<arg>KM</arg>
<arg>KN</arg>
<arg>KP</arg>
<arg>KR</arg>
<arg>KW</arg>
<arg>KY</arg>
<arg>KZ</arg>
<arg>LA</arg>
<arg>LB</arg>
<arg>LC</arg>
<arg>LI</arg>
<arg>LK</arg>
<arg>LR</arg>
<arg>LS</arg>
<arg>LT</arg>
<arg>LU</arg>
<arg>LV</arg>
<arg>LY</arg>
<arg>MA</arg>
<arg>MC</arg>
<arg>MD</arg>
<arg>ME</arg>
<arg>MF</arg>
<arg>MG</arg>
<arg>MH</arg>
<arg>MK</arg>
<arg>ML</arg>
<arg>MM</arg>
<arg>MN</arg>
<arg>MO</arg>
<arg>MP</arg>
<arg>MQ</arg>
<arg>MR</arg>
<arg>MS</arg>
<arg>MT</arg>
<arg>MU</arg>
<arg>MV</arg>
<arg>MW</arg>
<arg>MX</arg>
<arg>MY</arg>
<arg>MZ</arg>
<arg>NA</arg>
<arg>NC</arg>
<arg>NE</arg>
<arg>NF</arg>
<arg>NG</arg>
<arg>NI</arg>
<arg>NL</arg>
<arg>NO</arg>
<arg>NP</arg>
<arg>NR</arg>
<arg>NU</arg>
<arg>NZ</arg>
<arg>OM</arg>
<arg>PA</arg>
<arg>PE</arg>
<arg>PF</arg>
<arg>PG</arg>
<arg>PH</arg>
<arg>PK</arg>
<arg>PL</arg>
<arg>PM</arg>
<arg>PN</arg>
<arg>PR</arg>
<arg>PS</arg>
<arg>PT</arg>
<arg>PW</arg>
<arg>PY</arg>
<arg>QA</arg>
<arg>RE</arg>
<arg>RO</arg>
<arg>RS</arg>
<arg>RU</arg>
<arg>RW</arg>
<arg>SA</arg>
<arg>SB</arg>
<arg>SC</arg>
<arg>SD</arg>
<arg>SE</arg>
<arg>SG</arg>
<arg>SH</arg>
<arg>SI</arg>
<arg>SJ</arg>
<arg>SK</arg>
<arg>SL</arg>
<arg>SM</arg>
<arg>SN</arg>
<arg>SO</arg>
<arg>SR</arg>
<arg>SS</arg>
<arg>ST</arg>
<arg>SV</arg>
<arg>SX</arg>
<arg>SY</arg>
<arg>SZ</arg>
<arg>TC</arg>
<arg>TD</arg>
<arg>TF</arg>
<arg>TG</arg>
<arg>TH</arg>
<arg>TJ</arg>
<arg>TK</arg>
<arg>TL</arg>
<arg>TM</arg>
<arg>TN</arg>
<arg>TO</arg>
<arg>TR</arg>
<arg>TT</arg>
<arg>TV</arg>
<arg>TW</arg>
<arg>TZ</arg>
<arg>UA</arg>
<arg>UG</arg>
<arg>UM</arg>
<arg>US</arg>
<arg>UY</arg>
<arg>UZ</arg>
<arg>VA</arg>
<arg>VC</arg>
<arg>VE</arg>
<arg>VG</arg>
<arg>VI</arg>
<arg>VN</arg>
<arg>VU</arg>
<arg>WF</arg>
<arg>WS</arg>
<arg>XK</arg>
<arg>YE</arg>
<arg>YT</arg>
<arg>ZA</arg>
<arg>ZM</arg>
<arg>ZW</arg>
<doc>Returns a list containing given items.</doc>
<status status="PASS" start="2024-05-25T05:13:58.251532" elapsed="0.000625"/>
</kw>
<kw name="List Should Contain Value" owner="Collections">
<msg time="2024-05-25T05:13:58.253152" level="INFO">False</msg>
<arg>${list_country}</arg>
<arg>${name_country}</arg>
<doc>Fails if the ``value`` is not found from ``list``.</doc>
<status status="PASS" start="2024-05-25T05:13:58.252946" elapsed="0.000243"/>
</kw>
<kw name="Run Keyword If" owner="BuiltIn">
<kw name="Should Be True" owner="BuiltIn">
<arg>${True}</arg>
<doc>Fails if the given condition is not true.</doc>
<status status="PASS" start="2024-05-25T05:13:58.254268" elapsed="0.000146"/>
</kw>
<arg>${json_data["results"][0]["location"]["coordinates"]["latitude"]} &gt;= -90 and ${json_data["results"][0]["location"]["coordinates"]["latitude"]} &lt;= 90</arg>
<arg>Should Be True</arg>
<arg>${True}</arg>
<doc>Runs the given keyword with the given arguments, if ``condition`` is true.</doc>
<status status="PASS" start="2024-05-25T05:13:58.253502" elapsed="0.001040"/>
</kw>
<kw name="Run Keyword If" owner="BuiltIn">
<kw name="Should Be True" owner="BuiltIn">
<arg>${True}</arg>
<doc>Fails if the given condition is not true.</doc>
<status status="PASS" start="2024-05-25T05:13:58.255455" elapsed="0.000140"/>
</kw>
<arg>${json_data["results"][0]["location"]["coordinates"]["longitude"]} &gt;= -180 and ${json_data["results"][0]["location"]["coordinates"]["longitude"]} &lt;= 180</arg>
<arg>Should Be True</arg>
<arg>${True}</arg>
<doc>Runs the given keyword with the given arguments, if ``condition`` is true.</doc>
<status status="PASS" start="2024-05-25T05:13:58.254731" elapsed="0.000987"/>
</kw>
<status status="PASS" start="2024-05-25T05:13:58.157685" elapsed="0.098161"/>
</kw>
<doc>Testa o conteúdo específico dos campos retornados pela API.</doc>
<tag>testeConteudo</tag>
<status status="PASS" start="2024-05-25T05:13:58.157143" elapsed="0.098853"/>
</test>
<status status="PASS" start="2024-05-25T05:13:57.468965" elapsed="0.788950"/>
</suite>
<status status="PASS" start="2024-05-25T05:13:57.455567" elapsed="0.807558"/>
</suite>
<statistics>
<total>
<stat pass="5" fail="0" skip="0">All Tests</stat>
</total>
<tag>
<stat pass="1" fail="0" skip="0">testeConteudo</stat>
<stat pass="1" fail="0" skip="0">testeEstruturaResposta</stat>
<stat pass="1" fail="0" skip="0">testeRequisicaoBasica</stat>
<stat pass="1" fail="0" skip="0">testeTiposDados</stat>
</tag>
<suite>
<stat pass="5" fail="0" skip="0" id="s1" name="Tests">Tests</stat>
<stat pass="5" fail="0" skip="0" id="s1-s1" name="Random-User-Test">Tests.Random-User-Test</stat>
</suite>
</statistics>
<errors>
</errors>
</robot>
