<?xml version="1.0" encoding="UTF-8"?>
<robot generator="Robot 7.0.1 (Python 3.12.4 on linux)" generated="2024-07-02T14:14:00.270289" rpa="false" schemaversion="5">
<suite id="s1" name="Tests" source="/home/runner/work/ApiRandomUser/ApiRandomUser/RamdonUser/tests">
<suite id="s1-s1" name="Random-User-Test" source="/home/runner/work/ApiRandomUser/ApiRandomUser/RamdonUser/tests/random-user-test.robot">
<test id="s1-s1-t1" name="Conectar" line="13">
<kw name="Conectar API" owner="random-user-service">
<kw name="Create Session" owner="RequestsLibrary">
<msg time="2024-07-02T14:14:00.677408" level="INFO">Creating Session using : alias=consultarAPI, url=https://randomuser.me/, headers={},                     cookies={}, auth=None, timeout=None, proxies=None, verify=False,                     debug=0 </msg>
<arg>consultarAPI</arg>
<arg>${URL}</arg>
<doc>Create Session: create a HTTP session to a server</doc>
<status status="PASS" start="2024-07-02T14:14:00.677194" elapsed="0.000412"/>
</kw>
<status status="PASS" start="2024-07-02T14:14:00.676209" elapsed="0.001765"/>
</kw>
<status status="PASS" start="2024-07-02T14:14:00.675568" elapsed="0.002595"/>
</test>
<test id="s1-s1-t2" name="Validar retorno 200 e JSON Válido" line="16">
<kw name="Teste de Requisicao Basica" owner="random-user-service">
<kw name="GET On Session" owner="RequestsLibrary">
<msg time="2024-07-02T14:14:01.000457" level="INFO">GET Request : url=https://randomuser.me/api 
 path_url=/api 
 headers={'User-Agent': 'python-requests/2.32.3', 'Accept-Encoding': 'gzip, deflate', 'Accept': '*/*', 'Connection': 'keep-alive'} 
 body=None 
 </msg>
<msg time="2024-07-02T14:14:01.000614" level="INFO">GET Response : url=https://randomuser.me/api 
 status=200, reason=OK 
 headers={'Date': 'Tue, 02 Jul 2024 14:14:00 GMT', 'Content-Type': 'application/json; charset=utf-8', 'Transfer-Encoding': 'chunked', 'Connection': 'keep-alive', 'X-Powered-By': 'Express', 'Access-Control-Allow-Origin': '*', 'Cache-Control': 'no-cache', 'ETag': 'W/"49b-3Wylz/5AQQga7RW6wykPXwnlVSI"', 'Vary': 'Accept-Encoding', 'Content-Encoding': 'gzip', 'CF-Cache-Status': 'DYNAMIC', 'Report-To': '{"endpoints":[{"url":"https:\\/\\/a.nel.cloudflare.com\\/report\\/v4?s=kAEwPVq5DogNRUCnzulY3tkt%2BgCctnfK5Bamq48YsptFUNc9iYGwJW5fGOrJhCtYNyCRdsh31JBoeZ%2F893T1SttqkYjnSsZPEPxsLwQ1IoZw93A8ZpdeVhmJJTRT%2BgRQ"}],"group":"cf-nel","max_age":604800}', 'NEL': '{"success_fraction":0,"report_to":"cf-nel","max_age":604800}', 'Server': 'cloudflare', 'CF-RAY': '89cf3d5fbef02234-ORD', 'alt-svc': 'h3=":443"; ma=86400'} 
 body={"results":[{"gender":"male","name":{"title":"Mr","first":"Frederikke","last":"Pedersen"},"location":{"street":{"number":5020,"name":"Hvedevænget"},"city":"Kongens  Lyngby","state":"Midtjylland","country":"Denmark","postcode":39417,"coordinates":{"latitude":"-41.2256","longitude":"-37.0324"},"timezone":{"offset":"+10:00","description":"Eastern Australia, Guam, Vladivostok"}},"email":"frederikke.pedersen@example.com","login":{"uuid":"5bf85675-92d5-480f-8255-a3f3c1e6728a","username":"greengoose704","password":"bitter","salt":"LjYuIc0a","md5":"e9f9fc6a2997afaeb5e2287de98c696f","sha1":"865c0c48840983e85aff683a920b68a336691c59","sha256":"c6a94a0d54acdca01bfc3fb056932a2b71eb491bf4eaf3ba7f460ae140c95652"},"dob":{"date":"1958-10-01T16:16:04.008Z","age":65},"registered":{"date":"2021-12-24T07:37:00.789Z","age":2},"phone":"70934156","cell":"68330217","id":{"name":"CPR","value":"011058-6108"},"picture":{"large":"https://randomuser.me/api/portraits/men/18.jpg","medium":"https://randomuser.me/api/portraits/med/men/18.jpg","thumbnail":"https://randomuser.me/api/portraits/thumb/men/18.jpg"},"nat":"DK"}],"info":{"seed":"b08c178989252c1a","results":1,"page":1,"version":"1.4"}} 
 </msg>
<msg time="2024-07-02T14:14:01.000702" level="INFO">/opt/hostedtoolcache/Python/3.12.4/x64/lib/python3.12/site-packages/urllib3/connectionpool.py:1099: InsecureRequestWarning: Unverified HTTPS request is being made to host 'randomuser.me'. Adding certificate verification is strongly advised. See: https://urllib3.readthedocs.io/en/latest/advanced-usage.html#tls-warnings
  warnings.warn(</msg>
<msg time="2024-07-02T14:14:01.000881" level="INFO">${response} = &lt;Response [200]&gt;</msg>
<var>${response}</var>
<arg>consultarAPI</arg>
<arg>/api</arg>
<doc>Sends a GET request on a previously created HTTP Session.</doc>
<status status="PASS" start="2024-07-02T14:14:00.680855" elapsed="0.320071"/>
</kw>
<kw name="Should Be Equal As Numbers" owner="BuiltIn">
<msg time="2024-07-02T14:14:01.002037" level="INFO">Argument types are:
&lt;class 'int'&gt;
&lt;class 'str'&gt;</msg>
<arg>${response.status_code}</arg>
<arg>200</arg>
<doc>Fails if objects are unequal after converting them to real numbers.</doc>
<status status="PASS" start="2024-07-02T14:14:01.001568" elapsed="0.000537"/>
</kw>
<kw name="Log" owner="BuiltIn">
<msg time="2024-07-02T14:14:01.002906" level="INFO">200</msg>
<arg>${response.status_code}</arg>
<doc>Logs the given message with the given level.</doc>
<status status="PASS" start="2024-07-02T14:14:01.002530" elapsed="0.000419"/>
</kw>
<kw name="Set Variable" owner="BuiltIn">
<msg time="2024-07-02T14:14:01.003696" level="INFO">${json_data} = {'results': [{'gender': 'male', 'name': {'title': 'Mr', 'first': 'Frederikke', 'last': 'Pedersen'}, 'location': {'street': {'number': 5020, 'name': 'Hvedevænget'}, 'city': 'Kongens  Lyngby', 'state': ...</msg>
<var>${json_data}</var>
<arg>${response.json()}</arg>
<doc>Returns the given values which can then be assigned to a variables.</doc>
<status status="PASS" start="2024-07-02T14:14:01.003255" elapsed="0.000471"/>
</kw>
<kw name="Dictionary Should Contain Key" owner="Collections">
<arg>${json_data}</arg>
<arg>results</arg>
<doc>Fails if ``key`` is not found from ``dictionary``.</doc>
<status status="PASS" start="2024-07-02T14:14:01.004024" elapsed="0.000167"/>
</kw>
<status status="PASS" start="2024-07-02T14:14:00.680606" elapsed="0.323735"/>
</kw>
<doc>Testa se a API responde corretamente e retorna um objeto JSON válido.</doc>
<tag>testeRequisicaoBasica</tag>
<status status="PASS" start="2024-07-02T14:14:00.680085" elapsed="0.324434"/>
</test>
<test id="s1-s1-t3" name="Validar estrutura de resposta" line="22">
<kw name="Teste de Estrutura de Resposta" owner="random-user-service">
<kw name="GET On Session" owner="RequestsLibrary">
<msg time="2024-07-02T14:14:01.089449" level="INFO">GET Request : url=https://randomuser.me/api 
 path_url=/api 
 headers={'User-Agent': 'python-requests/2.32.3', 'Accept-Encoding': 'gzip, deflate', 'Accept': '*/*', 'Connection': 'keep-alive'} 
 body=None 
 </msg>
<msg time="2024-07-02T14:14:01.089570" level="INFO">GET Response : url=https://randomuser.me/api 
 status=200, reason=OK 
 headers={'Date': 'Tue, 02 Jul 2024 14:14:01 GMT', 'Content-Type': 'application/json; charset=utf-8', 'Transfer-Encoding': 'chunked', 'Connection': 'keep-alive', 'X-Powered-By': 'Express', 'Access-Control-Allow-Origin': '*', 'Cache-Control': 'no-cache', 'ETag': 'W/"497-n5dEE0wND6fO4VqQHa8XmmcEl84"', 'Vary': 'Accept-Encoding', 'Content-Encoding': 'gzip', 'CF-Cache-Status': 'DYNAMIC', 'Report-To': '{"endpoints":[{"url":"https:\\/\\/a.nel.cloudflare.com\\/report\\/v4?s=7Y2kDF2Ij3d9WzQtlh24%2FAqSuzora94Cwbhft3lzTaB3YIOlBC2Oc%2BhQoQHzknYaC9%2F0%2FbbR%2Fi8ey3qIb%2BrZL7wYniPHvw3aUW30wZq42Yo%2F4dLbV%2BygOowT7qyj19cp"}],"group":"cf-nel","max_age":604800}', 'NEL': '{"success_fraction":0,"report_to":"cf-nel","max_age":604800}', 'Server': 'cloudflare', 'CF-RAY': '89cf3d604f8f2234-ORD', 'alt-svc': 'h3=":443"; ma=86400'} 
 body={"results":[{"gender":"female","name":{"title":"Miss","first":"فاطمه زهرا","last":"گلشن"},"location":{"street":{"number":8782,"name":"شورا"},"city":"ورامین","state":"خراسان شمالی","country":"Iran","postcode":21183,"coordinates":{"latitude":"17.7656","longitude":"154.5564"},"timezone":{"offset":"+6:00","description":"Almaty, Dhaka, Colombo"}},"email":"ftmhzhr.glshn@example.com","login":{"uuid":"9f3ce8d5-1478-41f7-8e6b-b96a69246ac6","username":"redpanda661","password":"goodgirl","salt":"sEHh8Db5","md5":"9419cfd2da93b78229058b54d275fc97","sha1":"27d6560e564e308d50db6ba2498964e30ef77c71","sha256":"cd06e6c223b06dff1cc9b5f3564643e8212ec081bec9c554a69d67578e1294dd"},"dob":{"date":"1968-08-12T04:08:43.583Z","age":55},"registered":{"date":"2015-05-24T12:40:59.046Z","age":9},"phone":"051-24674681","cell":"0954-806-1024","id":{"name":"","value":null},"picture":{"large":"https://randomuser.me/api/portraits/women/37.jpg","medium":"https://randomuser.me/api/portraits/med/women/37.jpg","thumbnail":"https://randomuser.me/api/portraits/thumb/women/37.jpg"},"nat":"IR"}],"info":{"seed":"498efdc251ada810","results":1,"page":1,"version":"1.4"}} 
 </msg>
<msg time="2024-07-02T14:14:01.089712" level="INFO">/opt/hostedtoolcache/Python/3.12.4/x64/lib/python3.12/site-packages/urllib3/connectionpool.py:1099: InsecureRequestWarning: Unverified HTTPS request is being made to host 'randomuser.me'. Adding certificate verification is strongly advised. See: https://urllib3.readthedocs.io/en/latest/advanced-usage.html#tls-warnings
  warnings.warn(</msg>
<msg time="2024-07-02T14:14:01.089845" level="INFO">${response} = &lt;Response [200]&gt;</msg>
<var>${response}</var>
<arg>consultarAPI</arg>
<arg>/api</arg>
<doc>Sends a GET request on a previously created HTTP Session.</doc>
<status status="PASS" start="2024-07-02T14:14:01.007226" elapsed="0.082660"/>
</kw>
<kw name="Set Variable" owner="BuiltIn">
<msg time="2024-07-02T14:14:01.091163" level="INFO">${json_data} = {'results': [{'gender': 'female', 'name': {'title': 'Miss', 'first': 'فاطمه زهرا', 'last': 'گلشن'}, 'location': {'street': {'number': 8782, 'name': 'شورا'}, 'city': 'ورامین', 'state': 'خراسان شمالی', ...</msg>
<var>${json_data}</var>
<arg>${response.json()}</arg>
<doc>Returns the given values which can then be assigned to a variables.</doc>
<status status="PASS" start="2024-07-02T14:14:01.090554" elapsed="0.000646"/>
</kw>
<kw name="Log" owner="BuiltIn">
<msg time="2024-07-02T14:14:01.091685" level="INFO">{'results': [{'gender': 'female', 'name': {'title': 'Miss', 'first': 'فاطمه زهرا', 'last': 'گلشن'}, 'location': {'street': {'number': 8782, 'name': 'شورا'}, 'city': 'ورامین', 'state': 'خراسان شمالی', 'country': 'Iran', 'postcode': 21183, 'coordinates': {'latitude': '17.7656', 'longitude': '154.5564'}, 'timezone': {'offset': '+6:00', 'description': 'Almaty, Dhaka, Colombo'}}, 'email': 'ftmhzhr.glshn@example.com', 'login': {'uuid': '9f3ce8d5-1478-41f7-8e6b-b96a69246ac6', 'username': 'redpanda661', 'password': 'goodgirl', 'salt': 'sEHh8Db5', 'md5': '9419cfd2da93b78229058b54d275fc97', 'sha1': '27d6560e564e308d50db6ba2498964e30ef77c71', 'sha256': 'cd06e6c223b06dff1cc9b5f3564643e8212ec081bec9c554a69d67578e1294dd'}, 'dob': {'date': '1968-08-12T04:08:43.583Z', 'age': 55}, 'registered': {'date': '2015-05-24T12:40:59.046Z', 'age': 9}, 'phone': '051-24674681', 'cell': '0954-806-1024', 'id': {'name': '', 'value': None}, 'picture': {'large': 'https://randomuser.me/api/portraits/women/37.jpg', 'medium': 'https://randomuser.me/api/portraits/med/women/37.jpg', 'thumbnail': 'https://randomuser.me/api/portraits/thumb/women/37.jpg'}, 'nat': 'IR'}], 'info': {'seed': '498efdc251ada810', 'results': 1, 'page': 1, 'version': '1.4'}}</msg>
<arg>${json_data}</arg>
<doc>Logs the given message with the given level.</doc>
<status status="PASS" start="2024-07-02T14:14:01.091522" elapsed="0.000213"/>
</kw>
<kw name="Dictionary Should Contain Key" owner="Collections">
<arg>${json_data}</arg>
<arg>results</arg>
<doc>Fails if ``key`` is not found from ``dictionary``.</doc>
<status status="PASS" start="2024-07-02T14:14:01.092023" elapsed="0.000161"/>
</kw>
<kw name="Should Not Be Empty" owner="BuiltIn">
<msg time="2024-07-02T14:14:01.092490" level="INFO">Length is 2.</msg>
<arg>${json_data}</arg>
<doc>Verifies that the given item is not empty.</doc>
<status status="PASS" start="2024-07-02T14:14:01.092363" elapsed="0.000164"/>
</kw>
<kw name="Create List" owner="BuiltIn">
<msg time="2024-07-02T14:14:01.092963" level="INFO">${expected_keys} = ['gender', 'name', 'location', 'email', 'login']</msg>
<var>${expected_keys}</var>
<arg>gender</arg>
<arg>name</arg>
<arg>location</arg>
<arg>email</arg>
<arg>login</arg>
<doc>Returns a list containing given items.</doc>
<status status="PASS" start="2024-07-02T14:14:01.092814" elapsed="0.000173"/>
</kw>
<for flavor="IN">
<iter>
<kw name="Dictionary Should Contain Key" owner="Collections">
<arg>${json_data['results'][0]}</arg>
<arg>${key}</arg>
<doc>Fails if ``key`` is not found from ``dictionary``.</doc>
<status status="PASS" start="2024-07-02T14:14:01.093732" elapsed="0.000403"/>
</kw>
<kw name="Log" owner="BuiltIn">
<msg time="2024-07-02T14:14:01.094709" level="INFO">{'gender': 'female', 'name': {'title': 'Miss', 'first': 'فاطمه زهرا', 'last': 'گلشن'}, 'location': {'street': {'number': 8782, 'name': 'شورا'}, 'city': 'ورامین', 'state': 'خراسان شمالی', 'country': 'Iran', 'postcode': 21183, 'coordinates': {'latitude': '17.7656', 'longitude': '154.5564'}, 'timezone': {'offset': '+6:00', 'description': 'Almaty, Dhaka, Colombo'}}, 'email': 'ftmhzhr.glshn@example.com', 'login': {'uuid': '9f3ce8d5-1478-41f7-8e6b-b96a69246ac6', 'username': 'redpanda661', 'password': 'goodgirl', 'salt': 'sEHh8Db5', 'md5': '9419cfd2da93b78229058b54d275fc97', 'sha1': '27d6560e564e308d50db6ba2498964e30ef77c71', 'sha256': 'cd06e6c223b06dff1cc9b5f3564643e8212ec081bec9c554a69d67578e1294dd'}, 'dob': {'date': '1968-08-12T04:08:43.583Z', 'age': 55}, 'registered': {'date': '2015-05-24T12:40:59.046Z', 'age': 9}, 'phone': '051-24674681', 'cell': '0954-806-1024', 'id': {'name': '', 'value': None}, 'picture': {'large': 'https://randomuser.me/api/portraits/women/37.jpg', 'medium': 'https://randomuser.me/api/portraits/med/women/37.jpg', 'thumbnail': 'https://randomuser.me/api/portraits/thumb/women/37.jpg'}, 'nat': 'IR'}</msg>
<arg>${json_data['results'][0]}</arg>
<doc>Logs the given message with the given level.</doc>
<status status="PASS" start="2024-07-02T14:14:01.094344" elapsed="0.000416"/>
</kw>
<kw name="Log" owner="BuiltIn">
<msg time="2024-07-02T14:14:01.095187" level="INFO">gender</msg>
<arg>${key}</arg>
<doc>Logs the given message with the given level.</doc>
<status status="PASS" start="2024-07-02T14:14:01.095059" elapsed="0.000165"/>
</kw>
<var name="${key}">gender</var>
<status status="PASS" start="2024-07-02T14:14:01.093610" elapsed="0.001829"/>
</iter>
<iter>
<kw name="Dictionary Should Contain Key" owner="Collections">
<arg>${json_data['results'][0]}</arg>
<arg>${key}</arg>
<doc>Fails if ``key`` is not found from ``dictionary``.</doc>
<status status="PASS" start="2024-07-02T14:14:01.095732" elapsed="0.000387"/>
</kw>
<kw name="Log" owner="BuiltIn">
<msg time="2024-07-02T14:14:01.096681" level="INFO">{'gender': 'female', 'name': {'title': 'Miss', 'first': 'فاطمه زهرا', 'last': 'گلشن'}, 'location': {'street': {'number': 8782, 'name': 'شورا'}, 'city': 'ورامین', 'state': 'خراسان شمالی', 'country': 'Iran', 'postcode': 21183, 'coordinates': {'latitude': '17.7656', 'longitude': '154.5564'}, 'timezone': {'offset': '+6:00', 'description': 'Almaty, Dhaka, Colombo'}}, 'email': 'ftmhzhr.glshn@example.com', 'login': {'uuid': '9f3ce8d5-1478-41f7-8e6b-b96a69246ac6', 'username': 'redpanda661', 'password': 'goodgirl', 'salt': 'sEHh8Db5', 'md5': '9419cfd2da93b78229058b54d275fc97', 'sha1': '27d6560e564e308d50db6ba2498964e30ef77c71', 'sha256': 'cd06e6c223b06dff1cc9b5f3564643e8212ec081bec9c554a69d67578e1294dd'}, 'dob': {'date': '1968-08-12T04:08:43.583Z', 'age': 55}, 'registered': {'date': '2015-05-24T12:40:59.046Z', 'age': 9}, 'phone': '051-24674681', 'cell': '0954-806-1024', 'id': {'name': '', 'value': None}, 'picture': {'large': 'https://randomuser.me/api/portraits/women/37.jpg', 'medium': 'https://randomuser.me/api/portraits/med/women/37.jpg', 'thumbnail': 'https://randomuser.me/api/portraits/thumb/women/37.jpg'}, 'nat': 'IR'}</msg>
<arg>${json_data['results'][0]}</arg>
<doc>Logs the given message with the given level.</doc>
<status status="PASS" start="2024-07-02T14:14:01.096296" elapsed="0.000435"/>
</kw>
<kw name="Log" owner="BuiltIn">
<msg time="2024-07-02T14:14:01.097149" level="INFO">name</msg>
<arg>${key}</arg>
<doc>Logs the given message with the given level.</doc>
<status status="PASS" start="2024-07-02T14:14:01.097022" elapsed="0.000165"/>
</kw>
<var name="${key}">name</var>
<status status="PASS" start="2024-07-02T14:14:01.095620" elapsed="0.001781"/>
</iter>
<iter>
<kw name="Dictionary Should Contain Key" owner="Collections">
<arg>${json_data['results'][0]}</arg>
<arg>${key}</arg>
<doc>Fails if ``key`` is not found from ``dictionary``.</doc>
<status status="PASS" start="2024-07-02T14:14:01.097680" elapsed="0.000376"/>
</kw>
<kw name="Log" owner="BuiltIn">
<msg time="2024-07-02T14:14:01.098604" level="INFO">{'gender': 'female', 'name': {'title': 'Miss', 'first': 'فاطمه زهرا', 'last': 'گلشن'}, 'location': {'street': {'number': 8782, 'name': 'شورا'}, 'city': 'ورامین', 'state': 'خراسان شمالی', 'country': 'Iran', 'postcode': 21183, 'coordinates': {'latitude': '17.7656', 'longitude': '154.5564'}, 'timezone': {'offset': '+6:00', 'description': 'Almaty, Dhaka, Colombo'}}, 'email': 'ftmhzhr.glshn@example.com', 'login': {'uuid': '9f3ce8d5-1478-41f7-8e6b-b96a69246ac6', 'username': 'redpanda661', 'password': 'goodgirl', 'salt': 'sEHh8Db5', 'md5': '9419cfd2da93b78229058b54d275fc97', 'sha1': '27d6560e564e308d50db6ba2498964e30ef77c71', 'sha256': 'cd06e6c223b06dff1cc9b5f3564643e8212ec081bec9c554a69d67578e1294dd'}, 'dob': {'date': '1968-08-12T04:08:43.583Z', 'age': 55}, 'registered': {'date': '2015-05-24T12:40:59.046Z', 'age': 9}, 'phone': '051-24674681', 'cell': '0954-806-1024', 'id': {'name': '', 'value': None}, 'picture': {'large': 'https://randomuser.me/api/portraits/women/37.jpg', 'medium': 'https://randomuser.me/api/portraits/med/women/37.jpg', 'thumbnail': 'https://randomuser.me/api/portraits/thumb/women/37.jpg'}, 'nat': 'IR'}</msg>
<arg>${json_data['results'][0]}</arg>
<doc>Logs the given message with the given level.</doc>
<status status="PASS" start="2024-07-02T14:14:01.098233" elapsed="0.000419"/>
</kw>
<kw name="Log" owner="BuiltIn">
<msg time="2024-07-02T14:14:01.099076" level="INFO">location</msg>
<arg>${key}</arg>
<doc>Logs the given message with the given level.</doc>
<status status="PASS" start="2024-07-02T14:14:01.098950" elapsed="0.000163"/>
</kw>
<var name="${key}">location</var>
<status status="PASS" start="2024-07-02T14:14:01.097575" elapsed="0.001752"/>
</iter>
<iter>
<kw name="Dictionary Should Contain Key" owner="Collections">
<arg>${json_data['results'][0]}</arg>
<arg>${key}</arg>
<doc>Fails if ``key`` is not found from ``dictionary``.</doc>
<status status="PASS" start="2024-07-02T14:14:01.099603" elapsed="0.000386"/>
</kw>
<kw name="Log" owner="BuiltIn">
<msg time="2024-07-02T14:14:01.100519" level="INFO">{'gender': 'female', 'name': {'title': 'Miss', 'first': 'فاطمه زهرا', 'last': 'گلشن'}, 'location': {'street': {'number': 8782, 'name': 'شورا'}, 'city': 'ورامین', 'state': 'خراسان شمالی', 'country': 'Iran', 'postcode': 21183, 'coordinates': {'latitude': '17.7656', 'longitude': '154.5564'}, 'timezone': {'offset': '+6:00', 'description': 'Almaty, Dhaka, Colombo'}}, 'email': 'ftmhzhr.glshn@example.com', 'login': {'uuid': '9f3ce8d5-1478-41f7-8e6b-b96a69246ac6', 'username': 'redpanda661', 'password': 'goodgirl', 'salt': 'sEHh8Db5', 'md5': '9419cfd2da93b78229058b54d275fc97', 'sha1': '27d6560e564e308d50db6ba2498964e30ef77c71', 'sha256': 'cd06e6c223b06dff1cc9b5f3564643e8212ec081bec9c554a69d67578e1294dd'}, 'dob': {'date': '1968-08-12T04:08:43.583Z', 'age': 55}, 'registered': {'date': '2015-05-24T12:40:59.046Z', 'age': 9}, 'phone': '051-24674681', 'cell': '0954-806-1024', 'id': {'name': '', 'value': None}, 'picture': {'large': 'https://randomuser.me/api/portraits/women/37.jpg', 'medium': 'https://randomuser.me/api/portraits/med/women/37.jpg', 'thumbnail': 'https://randomuser.me/api/portraits/thumb/women/37.jpg'}, 'nat': 'IR'}</msg>
<arg>${json_data['results'][0]}</arg>
<doc>Logs the given message with the given level.</doc>
<status status="PASS" start="2024-07-02T14:14:01.100168" elapsed="0.000400"/>
</kw>
<kw name="Log" owner="BuiltIn">
<msg time="2024-07-02T14:14:01.100989" level="INFO">email</msg>
<arg>${key}</arg>
<doc>Logs the given message with the given level.</doc>
<status status="PASS" start="2024-07-02T14:14:01.100863" elapsed="0.000164"/>
</kw>
<var name="${key}">email</var>
<status status="PASS" start="2024-07-02T14:14:01.099495" elapsed="0.001750"/>
</iter>
<iter>
<kw name="Dictionary Should Contain Key" owner="Collections">
<arg>${json_data['results'][0]}</arg>
<arg>${key}</arg>
<doc>Fails if ``key`` is not found from ``dictionary``.</doc>
<status status="PASS" start="2024-07-02T14:14:01.101521" elapsed="0.000382"/>
</kw>
<kw name="Log" owner="BuiltIn">
<msg time="2024-07-02T14:14:01.102470" level="INFO">{'gender': 'female', 'name': {'title': 'Miss', 'first': 'فاطمه زهرا', 'last': 'گلشن'}, 'location': {'street': {'number': 8782, 'name': 'شورا'}, 'city': 'ورامین', 'state': 'خراسان شمالی', 'country': 'Iran', 'postcode': 21183, 'coordinates': {'latitude': '17.7656', 'longitude': '154.5564'}, 'timezone': {'offset': '+6:00', 'description': 'Almaty, Dhaka, Colombo'}}, 'email': 'ftmhzhr.glshn@example.com', 'login': {'uuid': '9f3ce8d5-1478-41f7-8e6b-b96a69246ac6', 'username': 'redpanda661', 'password': 'goodgirl', 'salt': 'sEHh8Db5', 'md5': '9419cfd2da93b78229058b54d275fc97', 'sha1': '27d6560e564e308d50db6ba2498964e30ef77c71', 'sha256': 'cd06e6c223b06dff1cc9b5f3564643e8212ec081bec9c554a69d67578e1294dd'}, 'dob': {'date': '1968-08-12T04:08:43.583Z', 'age': 55}, 'registered': {'date': '2015-05-24T12:40:59.046Z', 'age': 9}, 'phone': '051-24674681', 'cell': '0954-806-1024', 'id': {'name': '', 'value': None}, 'picture': {'large': 'https://randomuser.me/api/portraits/women/37.jpg', 'medium': 'https://randomuser.me/api/portraits/med/women/37.jpg', 'thumbnail': 'https://randomuser.me/api/portraits/thumb/women/37.jpg'}, 'nat': 'IR'}</msg>
<arg>${json_data['results'][0]}</arg>
<doc>Logs the given message with the given level.</doc>
<status status="PASS" start="2024-07-02T14:14:01.102089" elapsed="0.000431"/>
</kw>
<kw name="Log" owner="BuiltIn">
<msg time="2024-07-02T14:14:01.102938" level="INFO">login</msg>
<arg>${key}</arg>
<doc>Logs the given message with the given level.</doc>
<status status="PASS" start="2024-07-02T14:14:01.102813" elapsed="0.000162"/>
</kw>
<var name="${key}">login</var>
<status status="PASS" start="2024-07-02T14:14:01.101412" elapsed="0.001781"/>
</iter>
<var>${key}</var>
<value>@{expected_keys}</value>
<status status="PASS" start="2024-07-02T14:14:01.093413" elapsed="0.009898"/>
</for>
<kw name="Create List" owner="BuiltIn">
<msg time="2024-07-02T14:14:01.103665" level="INFO">${expected_keysTwo} = ['username', 'password']</msg>
<var>${expected_keysTwo}</var>
<arg>username</arg>
<arg>password</arg>
<doc>Returns a list containing given items.</doc>
<status status="PASS" start="2024-07-02T14:14:01.103500" elapsed="0.000189"/>
</kw>
<for flavor="IN">
<iter>
<kw name="Dictionary Should Contain Key" owner="Collections">
<arg>${json_data['results'][0]['login']}</arg>
<arg>${keyTwo}</arg>
<doc>Fails if ``key`` is not found from ``dictionary``.</doc>
<status status="PASS" start="2024-07-02T14:14:01.104179" elapsed="0.000383"/>
</kw>
<kw name="Dictionary Should Contain Key" owner="Collections">
<arg>${json_data['results'][0]['login']}</arg>
<arg>${keyTwo}</arg>
<doc>Fails if ``key`` is not found from ``dictionary``.</doc>
<status status="PASS" start="2024-07-02T14:14:01.104739" elapsed="0.000367"/>
</kw>
<kw name="Log" owner="BuiltIn">
<msg time="2024-07-02T14:14:01.105408" level="INFO">username</msg>
<arg>${keyTwo}</arg>
<doc>Logs the given message with the given level.</doc>
<status status="PASS" start="2024-07-02T14:14:01.105284" elapsed="0.000161"/>
</kw>
<var name="${keyTwo}">username</var>
<status status="PASS" start="2024-07-02T14:14:01.104073" elapsed="0.001588"/>
</iter>
<iter>
<kw name="Dictionary Should Contain Key" owner="Collections">
<arg>${json_data['results'][0]['login']}</arg>
<arg>${keyTwo}</arg>
<doc>Fails if ``key`` is not found from ``dictionary``.</doc>
<status status="PASS" start="2024-07-02T14:14:01.105932" elapsed="0.000376"/>
</kw>
<kw name="Dictionary Should Contain Key" owner="Collections">
<arg>${json_data['results'][0]['login']}</arg>
<arg>${keyTwo}</arg>
<doc>Fails if ``key`` is not found from ``dictionary``.</doc>
<status status="PASS" start="2024-07-02T14:14:01.106511" elapsed="0.000359"/>
</kw>
<kw name="Log" owner="BuiltIn">
<msg time="2024-07-02T14:14:01.107157" level="INFO">password</msg>
<arg>${keyTwo}</arg>
<doc>Logs the given message with the given level.</doc>
<status status="PASS" start="2024-07-02T14:14:01.107041" elapsed="0.000159"/>
</kw>
<var name="${keyTwo}">password</var>
<status status="PASS" start="2024-07-02T14:14:01.105829" elapsed="0.001591"/>
</iter>
<var>${keyTwo}</var>
<value>@{expected_keysTwo}</value>
<status status="PASS" start="2024-07-02T14:14:01.103924" elapsed="0.003613"/>
</for>
<status status="PASS" start="2024-07-02T14:14:01.006990" elapsed="0.100686"/>
</kw>
<doc>Testa a estrutura da resposta da API.</doc>
<tag>testeEstruturaResposta</tag>
<status status="PASS" start="2024-07-02T14:14:01.006382" elapsed="0.101450"/>
</test>
<test id="s1-s1-t4" name="Validar tipos de dados" line="28">
<kw name="Teste de Tipos de Dados" owner="random-user-service">
<kw name="GET On Session" owner="RequestsLibrary">
<msg time="2024-07-02T14:14:01.191808" level="INFO">GET Request : url=https://randomuser.me/api 
 path_url=/api 
 headers={'User-Agent': 'python-requests/2.32.3', 'Accept-Encoding': 'gzip, deflate', 'Accept': '*/*', 'Connection': 'keep-alive'} 
 body=None 
 </msg>
<msg time="2024-07-02T14:14:01.191909" level="INFO">GET Response : url=https://randomuser.me/api 
 status=200, reason=OK 
 headers={'Date': 'Tue, 02 Jul 2024 14:14:01 GMT', 'Content-Type': 'application/json; charset=utf-8', 'Transfer-Encoding': 'chunked', 'Connection': 'keep-alive', 'X-Powered-By': 'Express', 'Access-Control-Allow-Origin': '*', 'Cache-Control': 'no-cache', 'ETag': 'W/"49f-uxN2+BxTNVL0I1/SjnDm1pfnKaw"', 'Vary': 'Accept-Encoding', 'Content-Encoding': 'gzip', 'CF-Cache-Status': 'DYNAMIC', 'Report-To': '{"endpoints":[{"url":"https:\\/\\/a.nel.cloudflare.com\\/report\\/v4?s=92Ng2geekgqOKb71D3O%2BvfFasPIeppP7QUhREDLept%2BnmKfSJncl%2BJSOjoijDvBGLO53AGXvOQCydu1tH5Jw7bPW8GNU%2B8VIROVmfJfcH22Y07IQ7lNdZpZlWXZKJ5Xp"}],"group":"cf-nel","max_age":604800}', 'NEL': '{"success_fraction":0,"report_to":"cf-nel","max_age":604800}', 'Server': 'cloudflare', 'CF-RAY': '89cf3d60f8762234-ORD', 'alt-svc': 'h3=":443"; ma=86400'} 
 body={"results":[{"gender":"female","name":{"title":"Ms","first":"Aleksa","last":"Spasojević"},"location":{"street":{"number":2639,"name":"Ante Lambaše"},"city":"Petrovac na Mlavi","state":"South Bačka","country":"Serbia","postcode":37082,"coordinates":{"latitude":"59.4377","longitude":"35.3706"},"timezone":{"offset":"-7:00","description":"Mountain Time (US &amp; Canada)"}},"email":"aleksa.spasojevic@example.com","login":{"uuid":"0bf2409c-4f7c-4c83-884c-839c6c445f56","username":"smallleopard295","password":"donna1","salt":"9DVXGnGF","md5":"1d58580e40b65c1e4a0adc5b9b3ad6ec","sha1":"8ced8fd3164c1182c91b52f3e39c3cba17590921","sha256":"57dc8f68e8263076d5dca8175824e638920a561aea14e6ca470851440356c049"},"dob":{"date":"1978-10-22T13:28:34.446Z","age":45},"registered":{"date":"2017-11-05T11:59:17.171Z","age":6},"phone":"032-3393-432","cell":"066-4754-023","id":{"name":"SID","value":"224178464"},"picture":{"large":"https://randomuser.me/api/portraits/women/37.jpg","medium":"https://randomuser.me/api/portraits/med/women/37.jpg","thumbnail":"https://randomuser.me/api/portraits/thumb/women/37.jpg"},"nat":"RS"}],"info":{"seed":"612b14587fec892c","results":1,"page":1,"version":"1.4"}} 
 </msg>
<msg time="2024-07-02T14:14:01.191983" level="INFO">/opt/hostedtoolcache/Python/3.12.4/x64/lib/python3.12/site-packages/urllib3/connectionpool.py:1099: InsecureRequestWarning: Unverified HTTPS request is being made to host 'randomuser.me'. Adding certificate verification is strongly advised. See: https://urllib3.readthedocs.io/en/latest/advanced-usage.html#tls-warnings
  warnings.warn(</msg>
<msg time="2024-07-02T14:14:01.192107" level="INFO">${response} = &lt;Response [200]&gt;</msg>
<var>${response}</var>
<arg>consultarAPI</arg>
<arg>/api</arg>
<doc>Sends a GET request on a previously created HTTP Session.</doc>
<status status="PASS" start="2024-07-02T14:14:01.110504" elapsed="0.081644"/>
</kw>
<kw name="Set Variable" owner="BuiltIn">
<msg time="2024-07-02T14:14:01.193361" level="INFO">${json_data} = {'results': [{'gender': 'female', 'name': {'title': 'Ms', 'first': 'Aleksa', 'last': 'Spasojević'}, 'location': {'street': {'number': 2639, 'name': 'Ante Lambaše'}, 'city': 'Petrovac na Mlavi', 'state...</msg>
<var>${json_data}</var>
<arg>${response.json()}</arg>
<doc>Returns the given values which can then be assigned to a variables.</doc>
<status status="PASS" start="2024-07-02T14:14:01.192774" elapsed="0.000619"/>
</kw>
<kw name="Log" owner="BuiltIn">
<msg time="2024-07-02T14:14:01.193868" level="INFO">{'results': [{'gender': 'female', 'name': {'title': 'Ms', 'first': 'Aleksa', 'last': 'Spasojević'}, 'location': {'street': {'number': 2639, 'name': 'Ante Lambaše'}, 'city': 'Petrovac na Mlavi', 'state': 'South Bačka', 'country': 'Serbia', 'postcode': 37082, 'coordinates': {'latitude': '59.4377', 'longitude': '35.3706'}, 'timezone': {'offset': '-7:00', 'description': 'Mountain Time (US &amp; Canada)'}}, 'email': 'aleksa.spasojevic@example.com', 'login': {'uuid': '0bf2409c-4f7c-4c83-884c-839c6c445f56', 'username': 'smallleopard295', 'password': 'donna1', 'salt': '9DVXGnGF', 'md5': '1d58580e40b65c1e4a0adc5b9b3ad6ec', 'sha1': '8ced8fd3164c1182c91b52f3e39c3cba17590921', 'sha256': '57dc8f68e8263076d5dca8175824e638920a561aea14e6ca470851440356c049'}, 'dob': {'date': '1978-10-22T13:28:34.446Z', 'age': 45}, 'registered': {'date': '2017-11-05T11:59:17.171Z', 'age': 6}, 'phone': '032-3393-432', 'cell': '066-4754-023', 'id': {'name': 'SID', 'value': '224178464'}, 'picture': {'large': 'https://randomuser.me/api/portraits/women/37.jpg', 'medium': 'https://randomuser.me/api/portraits/med/women/37.jpg', 'thumbnail': 'https://randomuser.me/api/portraits/thumb/women/37.jpg'}, 'nat': 'RS'}], 'info': {'seed': '612b14587fec892c', 'results': 1, 'page': 1, 'version': '1.4'}}</msg>
<arg>${json_data}</arg>
<doc>Logs the given message with the given level.</doc>
<status status="PASS" start="2024-07-02T14:14:01.193707" elapsed="0.000213"/>
</kw>
<kw name="Should Be String" owner="String">
<arg>${json_data['results'][0]['gender']}</arg>
<doc>Fails if the given ``item`` is not a string.</doc>
<status status="PASS" start="2024-07-02T14:14:01.194212" elapsed="0.000444"/>
</kw>
<kw name="Should Match Regexp" owner="BuiltIn">
<arg>${json_data['results'][0]['email']}</arg>
<arg>^[a-zA-Z0-9._%+-]+@[a-zA-Z0-9.-]+\.[a-zA-Z]{2,}$</arg>
<doc>Fails if ``string`` does not match ``pattern`` as a regular expression.</doc>
<status status="PASS" start="2024-07-02T14:14:01.194888" elapsed="0.000533"/>
</kw>
<kw name="Should Match Regexp" owner="BuiltIn">
<arg>${json_data['results'][0]['dob']['date']}</arg>
<arg>\\d{4}-\\d{2}-\\d{2}T\\d{2}:\\d{2}:\\d{2}\\.\\d{3}Z</arg>
<doc>Fails if ``string`` does not match ``pattern`` as a regular expression.</doc>
<status status="PASS" start="2024-07-02T14:14:01.195615" elapsed="0.000485"/>
</kw>
<kw name="Should Match Regexp" owner="BuiltIn">
<arg>${json_data['results'][0]['registered']['date']}</arg>
<arg>\\d{4}-\\d{2}-\\d{2}T\\d{2}:\\d{2}:\\d{2}\\.\\d{3}Z</arg>
<doc>Fails if ``string`` does not match ``pattern`` as a regular expression.</doc>
<status status="PASS" start="2024-07-02T14:14:01.196288" elapsed="0.000362"/>
</kw>
<kw name="Should Match Regexp" owner="BuiltIn">
<arg>${json_data['results'][0]['picture']['large']}</arg>
<arg>^https?://.*\.(?:png|jpe?g|gif|bmp)$</arg>
<doc>Fails if ``string`` does not match ``pattern`` as a regular expression.</doc>
<status status="PASS" start="2024-07-02T14:14:01.196832" elapsed="0.000452"/>
</kw>
<kw name="Should Match Regexp" owner="BuiltIn">
<arg>${json_data['results'][0]['picture']['medium']}</arg>
<arg>^https?://.*\.(?:png|jpe?g|gif|bmp)$</arg>
<doc>Fails if ``string`` does not match ``pattern`` as a regular expression.</doc>
<status status="PASS" start="2024-07-02T14:14:01.197467" elapsed="0.000349"/>
</kw>
<kw name="Should Match Regexp" owner="BuiltIn">
<arg>${json_data['results'][0]['picture']['thumbnail']}</arg>
<arg>^https?://.*\.(?:png|jpe?g|gif|bmp)$</arg>
<doc>Fails if ``string`` does not match ``pattern`` as a regular expression.</doc>
<status status="PASS" start="2024-07-02T14:14:01.197997" elapsed="0.000379"/>
</kw>
<kw name="Log" owner="BuiltIn">
<msg time="2024-07-02T14:14:01.198907" level="INFO">{'large': 'https://randomuser.me/api/portraits/women/37.jpg', 'medium': 'https://randomuser.me/api/portraits/med/women/37.jpg', 'thumbnail': 'https://randomuser.me/api/portraits/thumb/women/37.jpg'}</msg>
<arg>${json_data['results'][0]['picture']}</arg>
<doc>Logs the given message with the given level.</doc>
<status status="PASS" start="2024-07-02T14:14:01.198573" elapsed="0.000376"/>
</kw>
<status status="PASS" start="2024-07-02T14:14:01.110244" elapsed="0.088975"/>
</kw>
<kw name="Teste de Tipos de Dados - Postcode" owner="random-user-service">
<kw name="GET On Session" owner="RequestsLibrary">
<msg time="2024-07-02T14:14:01.297039" level="INFO">GET Request : url=https://randomuser.me/api 
 path_url=/api 
 headers={'User-Agent': 'python-requests/2.32.3', 'Accept-Encoding': 'gzip, deflate', 'Accept': '*/*', 'Connection': 'keep-alive'} 
 body=None 
 </msg>
<msg time="2024-07-02T14:14:01.297140" level="INFO">GET Response : url=https://randomuser.me/api 
 status=200, reason=OK 
 headers={'Date': 'Tue, 02 Jul 2024 14:14:01 GMT', 'Content-Type': 'application/json; charset=utf-8', 'Transfer-Encoding': 'chunked', 'Connection': 'keep-alive', 'X-Powered-By': 'Express', 'Access-Control-Allow-Origin': '*', 'Cache-Control': 'no-cache', 'ETag': 'W/"490-2gB0PmP6eHDjG+q17ryC2NeQoTA"', 'Vary': 'Accept-Encoding', 'Content-Encoding': 'gzip', 'CF-Cache-Status': 'DYNAMIC', 'Report-To': '{"endpoints":[{"url":"https:\\/\\/a.nel.cloudflare.com\\/report\\/v4?s=Uabtgsr01PeWbrinvFoTK%2BeX657cE0WXr3qvlfz56E%2BTfMEyjxVSKqdhBdVSwRbdskjIPKrYaasOeNC9DICxB6QUF%2Bx3Au8NCtYZV%2FzveethSy74fdWUhKmde%2BrvOvKR"}],"group":"cf-nel","max_age":604800}', 'NEL': '{"success_fraction":0,"report_to":"cf-nel","max_age":604800}', 'Server': 'cloudflare', 'CF-RAY': '89cf3d6189092234-ORD', 'alt-svc': 'h3=":443"; ma=86400'} 
 body={"results":[{"gender":"male","name":{"title":"Mr","first":"Dave","last":"Peters"},"location":{"street":{"number":8681,"name":"Pecan Acres Ln"},"city":"Chandler","state":"West Virginia","country":"United States","postcode":35132,"coordinates":{"latitude":"84.1932","longitude":"-15.8671"},"timezone":{"offset":"-3:00","description":"Brazil, Buenos Aires, Georgetown"}},"email":"dave.peters@example.com","login":{"uuid":"3b5d92f4-d784-4647-9382-5fb0143524a6","username":"orangecat428","password":"buzzer","salt":"2CHsAqDL","md5":"4eb9d82136c4b2b444100e5d7a5068cc","sha1":"5f1c3ce10bc3f0ac471e4119bdf9ddbde45ebf3a","sha256":"0a4704725b001129e9446c330ae09862ef92330eb798e754122c342ca3f7a1aa"},"dob":{"date":"2001-04-18T12:07:30.948Z","age":23},"registered":{"date":"2016-07-08T11:12:10.656Z","age":7},"phone":"(222) 412-6383","cell":"(496) 409-1841","id":{"name":"SSN","value":"876-79-5164"},"picture":{"large":"https://randomuser.me/api/portraits/men/0.jpg","medium":"https://randomuser.me/api/portraits/med/men/0.jpg","thumbnail":"https://randomuser.me/api/portraits/thumb/men/0.jpg"},"nat":"US"}],"info":{"seed":"c69cba5b3feee229","results":1,"page":1,"version":"1.4"}} 
 </msg>
<msg time="2024-07-02T14:14:01.297208" level="INFO">/opt/hostedtoolcache/Python/3.12.4/x64/lib/python3.12/site-packages/urllib3/connectionpool.py:1099: InsecureRequestWarning: Unverified HTTPS request is being made to host 'randomuser.me'. Adding certificate verification is strongly advised. See: https://urllib3.readthedocs.io/en/latest/advanced-usage.html#tls-warnings
  warnings.warn(</msg>
<msg time="2024-07-02T14:14:01.297326" level="INFO">${response} = &lt;Response [200]&gt;</msg>
<var>${response}</var>
<arg>consultarAPI</arg>
<arg>/api</arg>
<doc>Sends a GET request on a previously created HTTP Session.</doc>
<status status="PASS" start="2024-07-02T14:14:01.199675" elapsed="0.097682"/>
</kw>
<kw name="Set Variable" owner="BuiltIn">
<msg time="2024-07-02T14:14:01.298460" level="INFO">${json_data} = {'results': [{'gender': 'male', 'name': {'title': 'Mr', 'first': 'Dave', 'last': 'Peters'}, 'location': {'street': {'number': 8681, 'name': 'Pecan Acres Ln'}, 'city': 'Chandler', 'state': 'West Virgin...</msg>
<var>${json_data}</var>
<arg>${response.json()}</arg>
<doc>Returns the given values which can then be assigned to a variables.</doc>
<status status="PASS" start="2024-07-02T14:14:01.297900" elapsed="0.000588"/>
</kw>
<kw name="Log" owner="BuiltIn">
<msg time="2024-07-02T14:14:01.298963" level="INFO">{'results': [{'gender': 'male', 'name': {'title': 'Mr', 'first': 'Dave', 'last': 'Peters'}, 'location': {'street': {'number': 8681, 'name': 'Pecan Acres Ln'}, 'city': 'Chandler', 'state': 'West Virginia', 'country': 'United States', 'postcode': 35132, 'coordinates': {'latitude': '84.1932', 'longitude': '-15.8671'}, 'timezone': {'offset': '-3:00', 'description': 'Brazil, Buenos Aires, Georgetown'}}, 'email': 'dave.peters@example.com', 'login': {'uuid': '3b5d92f4-d784-4647-9382-5fb0143524a6', 'username': 'orangecat428', 'password': 'buzzer', 'salt': '2CHsAqDL', 'md5': '4eb9d82136c4b2b444100e5d7a5068cc', 'sha1': '5f1c3ce10bc3f0ac471e4119bdf9ddbde45ebf3a', 'sha256': '0a4704725b001129e9446c330ae09862ef92330eb798e754122c342ca3f7a1aa'}, 'dob': {'date': '2001-04-18T12:07:30.948Z', 'age': 23}, 'registered': {'date': '2016-07-08T11:12:10.656Z', 'age': 7}, 'phone': '(222) 412-6383', 'cell': '(496) 409-1841', 'id': {'name': 'SSN', 'value': '876-79-5164'}, 'picture': {'large': 'https://randomuser.me/api/portraits/men/0.jpg', 'medium': 'https://randomuser.me/api/portraits/med/men/0.jpg', 'thumbnail': 'https://randomuser.me/api/portraits/thumb/men/0.jpg'}, 'nat': 'US'}], 'info': {'seed': 'c69cba5b3feee229', 'results': 1, 'page': 1, 'version': '1.4'}}</msg>
<arg>${json_data}</arg>
<doc>Logs the given message with the given level.</doc>
<status status="PASS" start="2024-07-02T14:14:01.298800" elapsed="0.000210"/>
</kw>
<kw name="Should Be Equal As Numbers" owner="BuiltIn">
<arg>${json_data['results'][0]['location']['postcode']}</arg>
<arg>${json_data['results'][0]['location']['postcode']}</arg>
<doc>Fails if objects are unequal after converting them to real numbers.</doc>
<status status="PASS" start="2024-07-02T14:14:01.299301" elapsed="0.000631"/>
</kw>
<kw name="Log" owner="BuiltIn">
<msg time="2024-07-02T14:14:01.300486" level="INFO">35132</msg>
<arg>${json_data['results'][0]['location']['postcode']}</arg>
<doc>Logs the given message with the given level.</doc>
<status status="PASS" start="2024-07-02T14:14:01.300149" elapsed="0.000377"/>
</kw>
<status status="PASS" start="2024-07-02T14:14:01.199446" elapsed="0.101336"/>
</kw>
<doc>Testa se os tipos de dados na resposta da API estão corretos.</doc>
<tag>testeTiposDados</tag>
<status status="PASS" start="2024-07-02T14:14:01.109572" elapsed="0.191381"/>
</test>
<test id="s1-s1-t5" name="Validar conteudo" line="35">
<kw name="Teste de Tipos de Conteudo" owner="random-user-service">
<kw name="GET On Session" owner="RequestsLibrary">
<msg time="2024-07-02T14:14:01.389255" level="INFO">GET Request : url=https://randomuser.me/api 
 path_url=/api 
 headers={'User-Agent': 'python-requests/2.32.3', 'Accept-Encoding': 'gzip, deflate', 'Accept': '*/*', 'Connection': 'keep-alive'} 
 body=None 
 </msg>
<msg time="2024-07-02T14:14:01.389356" level="INFO">GET Response : url=https://randomuser.me/api 
 status=200, reason=OK 
 headers={'Date': 'Tue, 02 Jul 2024 14:14:01 GMT', 'Content-Type': 'application/json; charset=utf-8', 'Transfer-Encoding': 'chunked', 'Connection': 'keep-alive', 'X-Powered-By': 'Express', 'Access-Control-Allow-Origin': '*', 'Cache-Control': 'no-cache', 'ETag': 'W/"4a1-S2QWuLSR6Yz0wFVrSM/k5K3oHso"', 'Vary': 'Accept-Encoding', 'Content-Encoding': 'gzip', 'CF-Cache-Status': 'DYNAMIC', 'Report-To': '{"endpoints":[{"url":"https:\\/\\/a.nel.cloudflare.com\\/report\\/v4?s=3frOODYoM7YeZ2O4jVdg4zARPf0SIzd76sJ%2BIDE1fGI1XN2W1jmVpLsT%2FXRVUa7FnyIem75dtRWIRra%2BhhVWXY9Vy0abZaNYXfzkOd0mpjRpsWKg7mBVa6w92jHPst1E"}],"group":"cf-nel","max_age":604800}', 'NEL': '{"success_fraction":0,"report_to":"cf-nel","max_age":604800}', 'Server': 'cloudflare', 'CF-RAY': '89cf3d6229c22234-ORD', 'alt-svc': 'h3=":443"; ma=86400'} 
 body={"results":[{"gender":"female","name":{"title":"Ms","first":"Juliana","last":"Weller"},"location":{"street":{"number":4379,"name":"Kirchplatz"},"city":"Harburg","state":"Brandenburg","country":"Germany","postcode":66095,"coordinates":{"latitude":"-52.6930","longitude":"73.5728"},"timezone":{"offset":"-5:00","description":"Eastern Time (US &amp; Canada), Bogota, Lima"}},"email":"juliana.weller@example.com","login":{"uuid":"8fa37853-9860-4622-8cea-f0d67d47960c","username":"purplezebra108","password":"tempest","salt":"GxdyijHV","md5":"b0245647b1c7cd57b0182a5a4fb0d742","sha1":"ceef07491ef53208bf921307866706bea50dcce8","sha256":"ecb6e5af347b978dfebc2f66adb07698bad4272569f7f74785f19f0ff0bbed79"},"dob":{"date":"1991-04-02T21:18:05.393Z","age":33},"registered":{"date":"2009-12-14T15:10:52.824Z","age":14},"phone":"0824-6407384","cell":"0175-7254325","id":{"name":"SVNR","value":"67 020491 W 947"},"picture":{"large":"https://randomuser.me/api/portraits/women/47.jpg","medium":"https://randomuser.me/api/portraits/med/women/47.jpg","thumbnail":"https://randomuser.me/api/portraits/thumb/women/47.jpg"},"nat":"DE"}],"info":{"seed":"7a9092fbef76475f","results":1,"page":1,"version":"1.4"}} 
 </msg>
<msg time="2024-07-02T14:14:01.389443" level="INFO">/opt/hostedtoolcache/Python/3.12.4/x64/lib/python3.12/site-packages/urllib3/connectionpool.py:1099: InsecureRequestWarning: Unverified HTTPS request is being made to host 'randomuser.me'. Adding certificate verification is strongly advised. See: https://urllib3.readthedocs.io/en/latest/advanced-usage.html#tls-warnings
  warnings.warn(</msg>
<msg time="2024-07-02T14:14:01.389564" level="INFO">${response} = &lt;Response [200]&gt;</msg>
<var>${response}</var>
<arg>consultarAPI</arg>
<arg>/api</arg>
<doc>Sends a GET request on a previously created HTTP Session.</doc>
<status status="PASS" start="2024-07-02T14:14:01.303990" elapsed="0.085601"/>
</kw>
<kw name="Set Variable" owner="BuiltIn">
<msg time="2024-07-02T14:14:01.390716" level="INFO">${json_data} = {'results': [{'gender': 'female', 'name': {'title': 'Ms', 'first': 'Juliana', 'last': 'Weller'}, 'location': {'street': {'number': 4379, 'name': 'Kirchplatz'}, 'city': 'Harburg', 'state': 'Brandenburg...</msg>
<var>${json_data}</var>
<arg>${response.json()}</arg>
<doc>Returns the given values which can then be assigned to a variables.</doc>
<status status="PASS" start="2024-07-02T14:14:01.390170" elapsed="0.000574"/>
</kw>
<kw name="Set Variable" owner="BuiltIn">
<msg time="2024-07-02T14:14:01.391433" level="INFO">${name_title} = Ms</msg>
<var>${name_title}</var>
<arg>${json_data["results"][0]["name"]["title"]}</arg>
<doc>Returns the given values which can then be assigned to a variables.</doc>
<status status="PASS" start="2024-07-02T14:14:01.391050" elapsed="0.000408"/>
</kw>
<kw name="Create List" owner="BuiltIn">
<msg time="2024-07-02T14:14:01.391902" level="INFO">${allowed_titles} = ['Mr', 'Ms', 'Miss', 'Mrs', 'Madame', 'Monsieur']</msg>
<var>${allowed_titles}</var>
<arg>Mr</arg>
<arg>Ms</arg>
<arg>Miss</arg>
<arg>Mrs</arg>
<arg>Madame</arg>
<arg>Monsieur</arg>
<doc>Returns a list containing given items.</doc>
<status status="PASS" start="2024-07-02T14:14:01.391753" elapsed="0.000174"/>
</kw>
<kw name="List Should Contain Value" owner="Collections">
<arg>${allowed_titles}</arg>
<arg>${name_title}</arg>
<doc>Fails if the ``value`` is not found from ``list``.</doc>
<status status="PASS" start="2024-07-02T14:14:01.392235" elapsed="0.000177"/>
</kw>
<kw name="Set Variable" owner="BuiltIn">
<msg time="2024-07-02T14:14:01.392944" level="INFO">${name_country} = DE</msg>
<var>${name_country}</var>
<arg>${json_data["results"][0]["nat"]}</arg>
<doc>Returns the given values which can then be assigned to a variables.</doc>
<status status="PASS" start="2024-07-02T14:14:01.392587" elapsed="0.000381"/>
</kw>
<kw name="Create List" owner="BuiltIn">
<msg time="2024-07-02T14:14:01.393860" level="INFO">${list_country} = ['AD', 'AE', 'AF', 'AG', 'AI', 'AL', 'AM', 'AO', 'AQ', 'AR', 'AS', 'AT', 'AU', 'AW', 'AX', 'AZ', 'BA', 'BB', 'BD', 'BE', 'BF', 'BG', 'BH', 'BI', 'BJ', 'BL', 'BM', 'BN', 'BO', 'BQ', 'BR', 'BS', 'BT', '...</msg>
<var>${list_country}</var>
<arg>AD</arg>
<arg>AE</arg>
<arg>AF</arg>
<arg>AG</arg>
<arg>AI</arg>
<arg>AL</arg>
<arg>AM</arg>
<arg>AO</arg>
<arg>AQ</arg>
<arg>AR</arg>
<arg>AS</arg>
<arg>AT</arg>
<arg>AU</arg>
<arg>AW</arg>
<arg>AX</arg>
<arg>AZ</arg>
<arg>BA</arg>
<arg>BB</arg>
<arg>BD</arg>
<arg>BE</arg>
<arg>BF</arg>
<arg>BG</arg>
<arg>BH</arg>
<arg>BI</arg>
<arg>BJ</arg>
<arg>BL</arg>
<arg>BM</arg>
<arg>BN</arg>
<arg>BO</arg>
<arg>BQ</arg>
<arg>BR</arg>
<arg>BS</arg>
<arg>BT</arg>
<arg>BV</arg>
<arg>BW</arg>
<arg>BY</arg>
<arg>BZ</arg>
<arg>CA</arg>
<arg>CC</arg>
<arg>CD</arg>
<arg>CF</arg>
<arg>CG</arg>
<arg>CH</arg>
<arg>CI</arg>
<arg>CK</arg>
<arg>CL</arg>
<arg>CM</arg>
<arg>CN</arg>
<arg>CO</arg>
<arg>CR</arg>
<arg>CU</arg>
<arg>CV</arg>
<arg>CW</arg>
<arg>CX</arg>
<arg>CY</arg>
<arg>CZ</arg>
<arg>DE</arg>
<arg>DJ</arg>
<arg>DK</arg>
<arg>DM</arg>
<arg>DO</arg>
<arg>DZ</arg>
<arg>EC</arg>
<arg>EE</arg>
<arg>EG</arg>
<arg>EH</arg>
<arg>ER</arg>
<arg>ES</arg>
<arg>ET</arg>
<arg>FI</arg>
<arg>FJ</arg>
<arg>FK</arg>
<arg>FM</arg>
<arg>FO</arg>
<arg>FR</arg>
<arg>GA</arg>
<arg>GB</arg>
<arg>GD</arg>
<arg>GE</arg>
<arg>GF</arg>
<arg>GG</arg>
<arg>GH</arg>
<arg>GI</arg>
<arg>GL</arg>
<arg>GM</arg>
<arg>GN</arg>
<arg>GP</arg>
<arg>GQ</arg>
<arg>GR</arg>
<arg>GS</arg>
<arg>GT</arg>
<arg>GU</arg>
<arg>GW</arg>
<arg>GY</arg>
<arg>HK</arg>
<arg>HM</arg>
<arg>HN</arg>
<arg>HR</arg>
<arg>HT</arg>
<arg>HU</arg>
<arg>ID</arg>
<arg>IE</arg>
<arg>IL</arg>
<arg>IM</arg>
<arg>IN</arg>
<arg>IO</arg>
<arg>IQ</arg>
<arg>IR</arg>
<arg>IS</arg>
<arg>IT</arg>
<arg>JE</arg>
<arg>JM</arg>
<arg>JO</arg>
<arg>JP</arg>
<arg>KE</arg>
<arg>KG</arg>
<arg>KH</arg>
<arg>KI</arg>
<arg>KM</arg>
<arg>KN</arg>
<arg>KP</arg>
<arg>KR</arg>
<arg>KW</arg>
<arg>KY</arg>
<arg>KZ</arg>
<arg>LA</arg>
<arg>LB</arg>
<arg>LC</arg>
<arg>LI</arg>
<arg>LK</arg>
<arg>LR</arg>
<arg>LS</arg>
<arg>LT</arg>
<arg>LU</arg>
<arg>LV</arg>
<arg>LY</arg>
<arg>MA</arg>
<arg>MC</arg>
<arg>MD</arg>
<arg>ME</arg>
<arg>MF</arg>
<arg>MG</arg>
<arg>MH</arg>
<arg>MK</arg>
<arg>ML</arg>
<arg>MM</arg>
<arg>MN</arg>
<arg>MO</arg>
<arg>MP</arg>
<arg>MQ</arg>
<arg>MR</arg>
<arg>MS</arg>
<arg>MT</arg>
<arg>MU</arg>
<arg>MV</arg>
<arg>MW</arg>
<arg>MX</arg>
<arg>MY</arg>
<arg>MZ</arg>
<arg>NA</arg>
<arg>NC</arg>
<arg>NE</arg>
<arg>NF</arg>
<arg>NG</arg>
<arg>NI</arg>
<arg>NL</arg>
<arg>NO</arg>
<arg>NP</arg>
<arg>NR</arg>
<arg>NU</arg>
<arg>NZ</arg>
<arg>OM</arg>
<arg>PA</arg>
<arg>PE</arg>
<arg>PF</arg>
<arg>PG</arg>
<arg>PH</arg>
<arg>PK</arg>
<arg>PL</arg>
<arg>PM</arg>
<arg>PN</arg>
<arg>PR</arg>
<arg>PS</arg>
<arg>PT</arg>
<arg>PW</arg>
<arg>PY</arg>
<arg>QA</arg>
<arg>RE</arg>
<arg>RO</arg>
<arg>RS</arg>
<arg>RU</arg>
<arg>RW</arg>
<arg>SA</arg>
<arg>SB</arg>
<arg>SC</arg>
<arg>SD</arg>
<arg>SE</arg>
<arg>SG</arg>
<arg>SH</arg>
<arg>SI</arg>
<arg>SJ</arg>
<arg>SK</arg>
<arg>SL</arg>
<arg>SM</arg>
<arg>SN</arg>
<arg>SO</arg>
<arg>SR</arg>
<arg>SS</arg>
<arg>ST</arg>
<arg>SV</arg>
<arg>SX</arg>
<arg>SY</arg>
<arg>SZ</arg>
<arg>TC</arg>
<arg>TD</arg>
<arg>TF</arg>
<arg>TG</arg>
<arg>TH</arg>
<arg>TJ</arg>
<arg>TK</arg>
<arg>TL</arg>
<arg>TM</arg>
<arg>TN</arg>
<arg>TO</arg>
<arg>TR</arg>
<arg>TT</arg>
<arg>TV</arg>
<arg>TW</arg>
<arg>TZ</arg>
<arg>UA</arg>
<arg>UG</arg>
<arg>UM</arg>
<arg>US</arg>
<arg>UY</arg>
<arg>UZ</arg>
<arg>VA</arg>
<arg>VC</arg>
<arg>VE</arg>
<arg>VG</arg>
<arg>VI</arg>
<arg>VN</arg>
<arg>VU</arg>
<arg>WF</arg>
<arg>WS</arg>
<arg>XK</arg>
<arg>YE</arg>
<arg>YT</arg>
<arg>ZA</arg>
<arg>ZM</arg>
<arg>ZW</arg>
<doc>Returns a list containing given items.</doc>
<status status="PASS" start="2024-07-02T14:14:01.393254" elapsed="0.000631"/>
</kw>
<kw name="List Should Contain Value" owner="Collections">
<arg>${list_country}</arg>
<arg>${name_country}</arg>
<doc>Fails if the ``value`` is not found from ``list``.</doc>
<status status="PASS" start="2024-07-02T14:14:01.394720" elapsed="0.000203"/>
</kw>
<kw name="Run Keyword If" owner="BuiltIn">
<kw name="Should Be True" owner="BuiltIn">
<arg>${True}</arg>
<doc>Fails if the given condition is not true.</doc>
<status status="PASS" start="2024-07-02T14:14:01.395855" elapsed="0.000140"/>
</kw>
<arg>${json_data["results"][0]["location"]["coordinates"]["latitude"]} &gt;= -90 and ${json_data["results"][0]["location"]["coordinates"]["latitude"]} &lt;= 90</arg>
<arg>Should Be True</arg>
<arg>${True}</arg>
<doc>Runs the given keyword with the given arguments, if ``condition`` is true.</doc>
<status status="PASS" start="2024-07-02T14:14:01.395117" elapsed="0.001001"/>
</kw>
<kw name="Run Keyword If" owner="BuiltIn">
<kw name="Should Be True" owner="BuiltIn">
<arg>${True}</arg>
<doc>Fails if the given condition is not true.</doc>
<status status="PASS" start="2024-07-02T14:14:01.396975" elapsed="0.000133"/>
</kw>
<arg>${json_data["results"][0]["location"]["coordinates"]["longitude"]} &gt;= -180 and ${json_data["results"][0]["location"]["coordinates"]["longitude"]} &lt;= 180</arg>
<arg>Should Be True</arg>
<arg>${True}</arg>
<doc>Runs the given keyword with the given arguments, if ``condition`` is true.</doc>
<status status="PASS" start="2024-07-02T14:14:01.396293" elapsed="0.000936"/>
</kw>
<status status="PASS" start="2024-07-02T14:14:01.303384" elapsed="0.093977"/>
</kw>
<doc>Testa o conteúdo específico dos campos retornados pela API.</doc>
<tag>testeConteudo</tag>
<status status="PASS" start="2024-07-02T14:14:01.302730" elapsed="0.094784"/>
</test>
<status status="PASS" start="2024-07-02T14:14:00.336954" elapsed="1.062553"/>
</suite>
<status status="PASS" start="2024-07-02T14:14:00.322389" elapsed="1.082366"/>
</suite>
<statistics>
<total>
<stat pass="5" fail="0" skip="0">All Tests</stat>
</total>
<tag>
<stat pass="1" fail="0" skip="0">testeConteudo</stat>
<stat pass="1" fail="0" skip="0">testeEstruturaResposta</stat>
<stat pass="1" fail="0" skip="0">testeRequisicaoBasica</stat>
<stat pass="1" fail="0" skip="0">testeTiposDados</stat>
</tag>
<suite>
<stat pass="5" fail="0" skip="0" id="s1" name="Tests">Tests</stat>
<stat pass="5" fail="0" skip="0" id="s1-s1" name="Random-User-Test">Tests.Random-User-Test</stat>
</suite>
</statistics>
<errors>
</errors>
</robot>
