<?xml version="1.0" encoding="UTF-8"?>
<robot generator="Robot 7.0 (Python 3.12.3 on linux)" generated="2024-05-18T15:15:09.664065" rpa="false" schemaversion="5">
<suite id="s1" name="Tests" source="/home/runner/work/DesafioQAItauRogerioJordao/DesafioQAItauRogerioJordao/RamdonUser/tests">
<suite id="s1-s1" name="Random-User-Test" source="/home/runner/work/DesafioQAItauRogerioJordao/DesafioQAItauRogerioJordao/RamdonUser/tests/random-user-test.robot">
<test id="s1-s1-t1" name="Conectar" line="13">
<kw name="Conectar API" owner="random-user-service">
<kw name="Create Session" owner="RequestsLibrary">
<msg time="2024-05-18T15:15:10.026983" level="INFO">Creating Session using : alias=consultarAPI, url=https://randomuser.me/, headers={},                     cookies={}, auth=None, timeout=None, proxies=None, verify=False,                     debug=0 </msg>
<arg>consultarAPI</arg>
<arg>${URL}</arg>
<doc>Create Session: create a HTTP session to a server</doc>
<status status="PASS" start="2024-05-18T15:15:10.026772" elapsed="0.000405"/>
</kw>
<status status="PASS" start="2024-05-18T15:15:10.025777" elapsed="0.001771"/>
</kw>
<status status="PASS" start="2024-05-18T15:15:10.025120" elapsed="0.002626"/>
</test>
<test id="s1-s1-t2" name="Validar retorno 200 e JSON Válido" line="16">
<kw name="Teste de Requisicao Basica" owner="random-user-service">
<kw name="GET On Session" owner="RequestsLibrary">
<msg time="2024-05-18T15:15:10.170414" level="INFO">GET Request : url=https://randomuser.me/api 
 path_url=/api 
 headers={'User-Agent': 'python-requests/2.31.0', 'Accept-Encoding': 'gzip, deflate', 'Accept': '*/*', 'Connection': 'keep-alive'} 
 body=None 
 </msg>
<msg time="2024-05-18T15:15:10.170571" level="INFO">GET Response : url=https://randomuser.me/api 
 status=200, reason=OK 
 headers={'Date': 'Sat, 18 May 2024 15:15:10 GMT', 'Content-Type': 'application/json; charset=utf-8', 'Transfer-Encoding': 'chunked', 'Connection': 'keep-alive', 'X-Powered-By': 'Express', 'Access-Control-Allow-Origin': '*', 'Cache-Control': 'no-cache', 'ETag': 'W/"49c-mV3dLsRCOXEaHAObmY0fTSEt9D8"', 'Vary': 'Accept-Encoding', 'Content-Encoding': 'gzip', 'CF-Cache-Status': 'DYNAMIC', 'Report-To': '{"endpoints":[{"url":"https:\\/\\/a.nel.cloudflare.com\\/report\\/v4?s=aELl08T%2BhdgK3GUnDjeivOB0oTIECdm4Ui34Jk9rI%2BqSJTaogT9HbroNFEv7NSkSU20dywlpXbQGCIMJDR%2BwjO%2Fg3iB4QH2uFjktljFq4bRoFtNM00rNP533fxRKXWS5"}],"group":"cf-nel","max_age":604800}', 'NEL': '{"success_fraction":0,"report_to":"cf-nel","max_age":604800}', 'Server': 'cloudflare', 'CF-RAY': '885ccd13db677ae5-SJC', 'alt-svc': 'h3=":443"; ma=86400'} 
 body={"results":[{"gender":"female","name":{"title":"Ms","first":"Thea","last":"Kristensen"},"location":{"street":{"number":8035,"name":"Hybenvænget"},"city":"Støvring ","state":"Nordjylland","country":"Denmark","postcode":51875,"coordinates":{"latitude":"-39.9310","longitude":"4.6925"},"timezone":{"offset":"+11:00","description":"Magadan, Solomon Islands, New Caledonia"}},"email":"thea.kristensen@example.com","login":{"uuid":"f6ffc5d9-7ded-44ef-b1dd-668e26dce538","username":"ticklishgorilla471","password":"spirit","salt":"Z3Zp50pg","md5":"1c10abdfafc774e6737f6a40e8603aeb","sha1":"346bddcf3b4359d74a12faf812cbdc52d76711c6","sha256":"84f2362ded0c06193d0dd4c84bec331b1613126319147ba1226871284990dcc5"},"dob":{"date":"1975-01-20T09:06:52.725Z","age":49},"registered":{"date":"2019-12-22T01:32:54.749Z","age":4},"phone":"48793254","cell":"95527202","id":{"name":"CPR","value":"200175-1063"},"picture":{"large":"https://randomuser.me/api/portraits/women/13.jpg","medium":"https://randomuser.me/api/portraits/med/women/13.jpg","thumbnail":"https://randomuser.me/api/portraits/thumb/women/13.jpg"},"nat":"DK"}],"info":{"seed":"bf8af4c84a95af70","results":1,"page":1,"version":"1.4"}} 
 </msg>
<msg time="2024-05-18T15:15:10.170662" level="INFO">/opt/hostedtoolcache/Python/3.12.3/x64/lib/python3.12/site-packages/urllib3/connectionpool.py:1103: InsecureRequestWarning: Unverified HTTPS request is being made to host 'randomuser.me'. Adding certificate verification is strongly advised. See: https://urllib3.readthedocs.io/en/latest/advanced-usage.html#tls-warnings
  warnings.warn(</msg>
<msg time="2024-05-18T15:15:10.170833" level="INFO">${response} = &lt;Response [200]&gt;</msg>
<var>${response}</var>
<arg>consultarAPI</arg>
<arg>/api</arg>
<doc>Sends a GET request on a previously created HTTP Session.</doc>
<status status="PASS" start="2024-05-18T15:15:10.030506" elapsed="0.140372"/>
</kw>
<kw name="Should Be Equal As Numbers" owner="BuiltIn">
<msg time="2024-05-18T15:15:10.171890" level="INFO">Argument types are:
&lt;class 'int'&gt;
&lt;class 'str'&gt;</msg>
<arg>${response.status_code}</arg>
<arg>200</arg>
<doc>Fails if objects are unequal after converting them to real numbers.</doc>
<status status="PASS" start="2024-05-18T15:15:10.171420" elapsed="0.000541"/>
</kw>
<kw name="Log" owner="BuiltIn">
<msg time="2024-05-18T15:15:10.172767" level="INFO">200</msg>
<arg>${response.status_code}</arg>
<doc>Logs the given message with the given level.</doc>
<status status="PASS" start="2024-05-18T15:15:10.172349" elapsed="0.000464"/>
</kw>
<kw name="Set Variable" owner="BuiltIn">
<msg time="2024-05-18T15:15:10.173593" level="INFO">${json_data} = {'results': [{'gender': 'female', 'name': {'title': 'Ms', 'first': 'Thea', 'last': 'Kristensen'}, 'location': {'street': {'number': 8035, 'name': 'Hybenvænget'}, 'city': 'Støvring ', 'state': 'Nordjyl...</msg>
<var>${json_data}</var>
<arg>${response.json()}</arg>
<doc>Returns the given values which can then be assigned to a variables.</doc>
<status status="PASS" start="2024-05-18T15:15:10.173136" elapsed="0.000488"/>
</kw>
<kw name="Dictionary Should Contain Key" owner="Collections">
<msg time="2024-05-18T15:15:10.174110" level="INFO">False</msg>
<arg>${json_data}</arg>
<arg>results</arg>
<doc>Fails if ``key`` is not found from ``dictionary``.</doc>
<status status="PASS" start="2024-05-18T15:15:10.173938" elapsed="0.000212"/>
</kw>
<status status="PASS" start="2024-05-18T15:15:10.030255" elapsed="0.144157"/>
</kw>
<doc>Testa se a API responde corretamente e retorna um objeto JSON válido.</doc>
<tag>testeRequisicaoBasica</tag>
<status status="PASS" start="2024-05-18T15:15:10.029715" elapsed="0.144889"/>
</test>
<test id="s1-s1-t3" name="Validar estrutura de resposta" line="22">
<kw name="Teste de Estrutura de Resposta" owner="random-user-service">
<kw name="GET On Session" owner="RequestsLibrary">
<msg time="2024-05-18T15:15:10.283966" level="INFO">GET Request : url=https://randomuser.me/api 
 path_url=/api 
 headers={'User-Agent': 'python-requests/2.31.0', 'Accept-Encoding': 'gzip, deflate', 'Accept': '*/*', 'Connection': 'keep-alive'} 
 body=None 
 </msg>
<msg time="2024-05-18T15:15:10.284074" level="INFO">GET Response : url=https://randomuser.me/api 
 status=200, reason=OK 
 headers={'Date': 'Sat, 18 May 2024 15:15:10 GMT', 'Content-Type': 'application/json; charset=utf-8', 'Transfer-Encoding': 'chunked', 'Connection': 'keep-alive', 'X-Powered-By': 'Express', 'Access-Control-Allow-Origin': '*', 'Cache-Control': 'no-cache', 'ETag': 'W/"497-X7DSyKDrysXhZO9VJgx78J7JoCI"', 'Vary': 'Accept-Encoding', 'Content-Encoding': 'gzip', 'CF-Cache-Status': 'DYNAMIC', 'Report-To': '{"endpoints":[{"url":"https:\\/\\/a.nel.cloudflare.com\\/report\\/v4?s=79gVleqjcTqzaBxpkDJGoN%2F%2FiGjN7xP6NY7T%2BzasYDk%2FqNoyah%2BWJhTQD5tk%2F4yufo8CHHM%2By4OD%2Fs63PGxiI%2F%2FnzVbeaqJLvHAQq%2BG597ivmSlXk2t1haL%2BspOEkImA"}],"group":"cf-nel","max_age":604800}', 'NEL': '{"success_fraction":0,"report_to":"cf-nel","max_age":604800}', 'Server': 'cloudflare', 'CF-RAY': '885ccd14abf97ae5-SJC', 'alt-svc': 'h3=":443"; ma=86400'} 
 body={"results":[{"gender":"female","name":{"title":"Mrs","first":"Alicia","last":"Lugo"},"location":{"street":{"number":2002,"name":"Ampliación Sur Zapata"},"city":"Tocumbo","state":"Queretaro","country":"Mexico","postcode":64665,"coordinates":{"latitude":"26.0531","longitude":"177.1528"},"timezone":{"offset":"-7:00","description":"Mountain Time (US &amp; Canada)"}},"email":"alicia.lugo@example.com","login":{"uuid":"087230ea-9385-4d67-9a94-031cf9f7c63f","username":"crazybear281","password":"missy1","salt":"nHv1yEKQ","md5":"f0dd2ea0d97544db9dcb00d889a63b04","sha1":"b06ae3751949ab0b62ec53c462dab0174f3431d0","sha256":"6984cf37ad52c96cd281a20373a23d99fb0b3babd7f13beaa363454d9ba028dd"},"dob":{"date":"1948-09-23T01:47:43.023Z","age":75},"registered":{"date":"2018-01-20T20:58:31.166Z","age":6},"phone":"(669) 484 1968","cell":"(643) 587 8677","id":{"name":"NSS","value":"77 61 23 7264 5"},"picture":{"large":"https://randomuser.me/api/portraits/women/94.jpg","medium":"https://randomuser.me/api/portraits/med/women/94.jpg","thumbnail":"https://randomuser.me/api/portraits/thumb/women/94.jpg"},"nat":"MX"}],"info":{"seed":"47f144b0b8b1eab6","results":1,"page":1,"version":"1.4"}} 
 </msg>
<msg time="2024-05-18T15:15:10.284210" level="INFO">/opt/hostedtoolcache/Python/3.12.3/x64/lib/python3.12/site-packages/urllib3/connectionpool.py:1103: InsecureRequestWarning: Unverified HTTPS request is being made to host 'randomuser.me'. Adding certificate verification is strongly advised. See: https://urllib3.readthedocs.io/en/latest/advanced-usage.html#tls-warnings
  warnings.warn(</msg>
<msg time="2024-05-18T15:15:10.284356" level="INFO">${response} = &lt;Response [200]&gt;</msg>
<var>${response}</var>
<arg>consultarAPI</arg>
<arg>/api</arg>
<doc>Sends a GET request on a previously created HTTP Session.</doc>
<status status="PASS" start="2024-05-18T15:15:10.177310" elapsed="0.107092"/>
</kw>
<kw name="Set Variable" owner="BuiltIn">
<msg time="2024-05-18T15:15:10.285516" level="INFO">${json_data} = {'results': [{'gender': 'female', 'name': {'title': 'Mrs', 'first': 'Alicia', 'last': 'Lugo'}, 'location': {'street': {'number': 2002, 'name': 'Ampliación Sur Zapata'}, 'city': 'Tocumbo', 'state': 'Qu...</msg>
<var>${json_data}</var>
<arg>${response.json()}</arg>
<doc>Returns the given values which can then be assigned to a variables.</doc>
<status status="PASS" start="2024-05-18T15:15:10.284970" elapsed="0.000577"/>
</kw>
<kw name="Log" owner="BuiltIn">
<msg time="2024-05-18T15:15:10.286072" level="INFO">{'results': [{'gender': 'female', 'name': {'title': 'Mrs', 'first': 'Alicia', 'last': 'Lugo'}, 'location': {'street': {'number': 2002, 'name': 'Ampliación Sur Zapata'}, 'city': 'Tocumbo', 'state': 'Queretaro', 'country': 'Mexico', 'postcode': 64665, 'coordinates': {'latitude': '26.0531', 'longitude': '177.1528'}, 'timezone': {'offset': '-7:00', 'description': 'Mountain Time (US &amp; Canada)'}}, 'email': 'alicia.lugo@example.com', 'login': {'uuid': '087230ea-9385-4d67-9a94-031cf9f7c63f', 'username': 'crazybear281', 'password': 'missy1', 'salt': 'nHv1yEKQ', 'md5': 'f0dd2ea0d97544db9dcb00d889a63b04', 'sha1': 'b06ae3751949ab0b62ec53c462dab0174f3431d0', 'sha256': '6984cf37ad52c96cd281a20373a23d99fb0b3babd7f13beaa363454d9ba028dd'}, 'dob': {'date': '1948-09-23T01:47:43.023Z', 'age': 75}, 'registered': {'date': '2018-01-20T20:58:31.166Z', 'age': 6}, 'phone': '(669) 484 1968', 'cell': '(643) 587 8677', 'id': {'name': 'NSS', 'value': '77 61 23 7264 5'}, 'picture': {'large': 'https://randomuser.me/api/portraits/women/94.jpg', 'medium': 'https://randomuser.me/api/portraits/med/women/94.jpg', 'thumbnail': 'https://randomuser.me/api/portraits/thumb/women/94.jpg'}, 'nat': 'MX'}], 'info': {'seed': '47f144b0b8b1eab6', 'results': 1, 'page': 1, 'version': '1.4'}}</msg>
<arg>${json_data}</arg>
<doc>Logs the given message with the given level.</doc>
<status status="PASS" start="2024-05-18T15:15:10.285896" elapsed="0.000229"/>
</kw>
<kw name="Dictionary Should Contain Key" owner="Collections">
<msg time="2024-05-18T15:15:10.286595" level="INFO">False</msg>
<arg>${json_data}</arg>
<arg>results</arg>
<doc>Fails if ``key`` is not found from ``dictionary``.</doc>
<status status="PASS" start="2024-05-18T15:15:10.286435" elapsed="0.000198"/>
</kw>
<kw name="Should Not Be Empty" owner="BuiltIn">
<msg time="2024-05-18T15:15:10.287075" level="INFO">Length is 2.</msg>
<arg>${json_data}</arg>
<doc>Verifies that the given item is not empty.</doc>
<status status="PASS" start="2024-05-18T15:15:10.286939" elapsed="0.000179"/>
</kw>
<kw name="Create List" owner="BuiltIn">
<msg time="2024-05-18T15:15:10.287744" level="INFO">${expected_keys} = ['gender', 'name', 'location', 'email', 'login']</msg>
<var>${expected_keys}</var>
<arg>gender</arg>
<arg>name</arg>
<arg>location</arg>
<arg>email</arg>
<arg>login</arg>
<doc>Returns a list containing given items.</doc>
<status status="PASS" start="2024-05-18T15:15:10.287422" elapsed="0.000348"/>
</kw>
<for flavor="IN">
<iter>
<kw name="Dictionary Should Contain Key" owner="Collections">
<msg time="2024-05-18T15:15:10.288830" level="INFO">False</msg>
<arg>${json_data['results'][0]}</arg>
<arg>${key}</arg>
<doc>Fails if ``key`` is not found from ``dictionary``.</doc>
<status status="PASS" start="2024-05-18T15:15:10.288380" elapsed="0.000490"/>
</kw>
<kw name="Log" owner="BuiltIn">
<msg time="2024-05-18T15:15:10.289547" level="INFO">{'gender': 'female', 'name': {'title': 'Mrs', 'first': 'Alicia', 'last': 'Lugo'}, 'location': {'street': {'number': 2002, 'name': 'Ampliación Sur Zapata'}, 'city': 'Tocumbo', 'state': 'Queretaro', 'country': 'Mexico', 'postcode': 64665, 'coordinates': {'latitude': '26.0531', 'longitude': '177.1528'}, 'timezone': {'offset': '-7:00', 'description': 'Mountain Time (US &amp; Canada)'}}, 'email': 'alicia.lugo@example.com', 'login': {'uuid': '087230ea-9385-4d67-9a94-031cf9f7c63f', 'username': 'crazybear281', 'password': 'missy1', 'salt': 'nHv1yEKQ', 'md5': 'f0dd2ea0d97544db9dcb00d889a63b04', 'sha1': 'b06ae3751949ab0b62ec53c462dab0174f3431d0', 'sha256': '6984cf37ad52c96cd281a20373a23d99fb0b3babd7f13beaa363454d9ba028dd'}, 'dob': {'date': '1948-09-23T01:47:43.023Z', 'age': 75}, 'registered': {'date': '2018-01-20T20:58:31.166Z', 'age': 6}, 'phone': '(669) 484 1968', 'cell': '(643) 587 8677', 'id': {'name': 'NSS', 'value': '77 61 23 7264 5'}, 'picture': {'large': 'https://randomuser.me/api/portraits/women/94.jpg', 'medium': 'https://randomuser.me/api/portraits/med/women/94.jpg', 'thumbnail': 'https://randomuser.me/api/portraits/thumb/women/94.jpg'}, 'nat': 'MX'}</msg>
<arg>${json_data['results'][0]}</arg>
<doc>Logs the given message with the given level.</doc>
<status status="PASS" start="2024-05-18T15:15:10.289171" elapsed="0.000428"/>
</kw>
<kw name="Log" owner="BuiltIn">
<msg time="2024-05-18T15:15:10.290028" level="INFO">gender</msg>
<arg>${key}</arg>
<doc>Logs the given message with the given level.</doc>
<status status="PASS" start="2024-05-18T15:15:10.289902" elapsed="0.000163"/>
</kw>
<var name="${key}">gender</var>
<status status="PASS" start="2024-05-18T15:15:10.288248" elapsed="0.002029"/>
</iter>
<iter>
<kw name="Dictionary Should Contain Key" owner="Collections">
<msg time="2024-05-18T15:15:10.290977" level="INFO">False</msg>
<arg>${json_data['results'][0]}</arg>
<arg>${key}</arg>
<doc>Fails if ``key`` is not found from ``dictionary``.</doc>
<status status="PASS" start="2024-05-18T15:15:10.290589" elapsed="0.000426"/>
</kw>
<kw name="Log" owner="BuiltIn">
<msg time="2024-05-18T15:15:10.291699" level="INFO">{'gender': 'female', 'name': {'title': 'Mrs', 'first': 'Alicia', 'last': 'Lugo'}, 'location': {'street': {'number': 2002, 'name': 'Ampliación Sur Zapata'}, 'city': 'Tocumbo', 'state': 'Queretaro', 'country': 'Mexico', 'postcode': 64665, 'coordinates': {'latitude': '26.0531', 'longitude': '177.1528'}, 'timezone': {'offset': '-7:00', 'description': 'Mountain Time (US &amp; Canada)'}}, 'email': 'alicia.lugo@example.com', 'login': {'uuid': '087230ea-9385-4d67-9a94-031cf9f7c63f', 'username': 'crazybear281', 'password': 'missy1', 'salt': 'nHv1yEKQ', 'md5': 'f0dd2ea0d97544db9dcb00d889a63b04', 'sha1': 'b06ae3751949ab0b62ec53c462dab0174f3431d0', 'sha256': '6984cf37ad52c96cd281a20373a23d99fb0b3babd7f13beaa363454d9ba028dd'}, 'dob': {'date': '1948-09-23T01:47:43.023Z', 'age': 75}, 'registered': {'date': '2018-01-20T20:58:31.166Z', 'age': 6}, 'phone': '(669) 484 1968', 'cell': '(643) 587 8677', 'id': {'name': 'NSS', 'value': '77 61 23 7264 5'}, 'picture': {'large': 'https://randomuser.me/api/portraits/women/94.jpg', 'medium': 'https://randomuser.me/api/portraits/med/women/94.jpg', 'thumbnail': 'https://randomuser.me/api/portraits/thumb/women/94.jpg'}, 'nat': 'MX'}</msg>
<arg>${json_data['results'][0]}</arg>
<doc>Logs the given message with the given level.</doc>
<status status="PASS" start="2024-05-18T15:15:10.291339" elapsed="0.000412"/>
</kw>
<kw name="Log" owner="BuiltIn">
<msg time="2024-05-18T15:15:10.292187" level="INFO">name</msg>
<arg>${key}</arg>
<doc>Logs the given message with the given level.</doc>
<status status="PASS" start="2024-05-18T15:15:10.292062" elapsed="0.000163"/>
</kw>
<var name="${key}">name</var>
<status status="PASS" start="2024-05-18T15:15:10.290474" elapsed="0.001965"/>
</iter>
<iter>
<kw name="Dictionary Should Contain Key" owner="Collections">
<msg time="2024-05-18T15:15:10.293154" level="INFO">False</msg>
<arg>${json_data['results'][0]}</arg>
<arg>${key}</arg>
<doc>Fails if ``key`` is not found from ``dictionary``.</doc>
<status status="PASS" start="2024-05-18T15:15:10.292771" elapsed="0.000421"/>
</kw>
<kw name="Log" owner="BuiltIn">
<msg time="2024-05-18T15:15:10.293853" level="INFO">{'gender': 'female', 'name': {'title': 'Mrs', 'first': 'Alicia', 'last': 'Lugo'}, 'location': {'street': {'number': 2002, 'name': 'Ampliación Sur Zapata'}, 'city': 'Tocumbo', 'state': 'Queretaro', 'country': 'Mexico', 'postcode': 64665, 'coordinates': {'latitude': '26.0531', 'longitude': '177.1528'}, 'timezone': {'offset': '-7:00', 'description': 'Mountain Time (US &amp; Canada)'}}, 'email': 'alicia.lugo@example.com', 'login': {'uuid': '087230ea-9385-4d67-9a94-031cf9f7c63f', 'username': 'crazybear281', 'password': 'missy1', 'salt': 'nHv1yEKQ', 'md5': 'f0dd2ea0d97544db9dcb00d889a63b04', 'sha1': 'b06ae3751949ab0b62ec53c462dab0174f3431d0', 'sha256': '6984cf37ad52c96cd281a20373a23d99fb0b3babd7f13beaa363454d9ba028dd'}, 'dob': {'date': '1948-09-23T01:47:43.023Z', 'age': 75}, 'registered': {'date': '2018-01-20T20:58:31.166Z', 'age': 6}, 'phone': '(669) 484 1968', 'cell': '(643) 587 8677', 'id': {'name': 'NSS', 'value': '77 61 23 7264 5'}, 'picture': {'large': 'https://randomuser.me/api/portraits/women/94.jpg', 'medium': 'https://randomuser.me/api/portraits/med/women/94.jpg', 'thumbnail': 'https://randomuser.me/api/portraits/thumb/women/94.jpg'}, 'nat': 'MX'}</msg>
<arg>${json_data['results'][0]}</arg>
<doc>Logs the given message with the given level.</doc>
<status status="PASS" start="2024-05-18T15:15:10.293490" elapsed="0.000415"/>
</kw>
<kw name="Log" owner="BuiltIn">
<msg time="2024-05-18T15:15:10.294323" level="INFO">location</msg>
<arg>${key}</arg>
<doc>Logs the given message with the given level.</doc>
<status status="PASS" start="2024-05-18T15:15:10.294197" elapsed="0.000165"/>
</kw>
<var name="${key}">location</var>
<status status="PASS" start="2024-05-18T15:15:10.292658" elapsed="0.001924"/>
</iter>
<iter>
<kw name="Dictionary Should Contain Key" owner="Collections">
<msg time="2024-05-18T15:15:10.295257" level="INFO">False</msg>
<arg>${json_data['results'][0]}</arg>
<arg>${key}</arg>
<doc>Fails if ``key`` is not found from ``dictionary``.</doc>
<status status="PASS" start="2024-05-18T15:15:10.294870" elapsed="0.000425"/>
</kw>
<kw name="Log" owner="BuiltIn">
<msg time="2024-05-18T15:15:10.295959" level="INFO">{'gender': 'female', 'name': {'title': 'Mrs', 'first': 'Alicia', 'last': 'Lugo'}, 'location': {'street': {'number': 2002, 'name': 'Ampliación Sur Zapata'}, 'city': 'Tocumbo', 'state': 'Queretaro', 'country': 'Mexico', 'postcode': 64665, 'coordinates': {'latitude': '26.0531', 'longitude': '177.1528'}, 'timezone': {'offset': '-7:00', 'description': 'Mountain Time (US &amp; Canada)'}}, 'email': 'alicia.lugo@example.com', 'login': {'uuid': '087230ea-9385-4d67-9a94-031cf9f7c63f', 'username': 'crazybear281', 'password': 'missy1', 'salt': 'nHv1yEKQ', 'md5': 'f0dd2ea0d97544db9dcb00d889a63b04', 'sha1': 'b06ae3751949ab0b62ec53c462dab0174f3431d0', 'sha256': '6984cf37ad52c96cd281a20373a23d99fb0b3babd7f13beaa363454d9ba028dd'}, 'dob': {'date': '1948-09-23T01:47:43.023Z', 'age': 75}, 'registered': {'date': '2018-01-20T20:58:31.166Z', 'age': 6}, 'phone': '(669) 484 1968', 'cell': '(643) 587 8677', 'id': {'name': 'NSS', 'value': '77 61 23 7264 5'}, 'picture': {'large': 'https://randomuser.me/api/portraits/women/94.jpg', 'medium': 'https://randomuser.me/api/portraits/med/women/94.jpg', 'thumbnail': 'https://randomuser.me/api/portraits/thumb/women/94.jpg'}, 'nat': 'MX'}</msg>
<arg>${json_data['results'][0]}</arg>
<doc>Logs the given message with the given level.</doc>
<status status="PASS" start="2024-05-18T15:15:10.295598" elapsed="0.000413"/>
</kw>
<kw name="Log" owner="BuiltIn">
<msg time="2024-05-18T15:15:10.296432" level="INFO">email</msg>
<arg>${key}</arg>
<doc>Logs the given message with the given level.</doc>
<status status="PASS" start="2024-05-18T15:15:10.296306" elapsed="0.000164"/>
</kw>
<var name="${key}">email</var>
<status status="PASS" start="2024-05-18T15:15:10.294759" elapsed="0.001965"/>
</iter>
<iter>
<kw name="Dictionary Should Contain Key" owner="Collections">
<msg time="2024-05-18T15:15:10.297401" level="INFO">False</msg>
<arg>${json_data['results'][0]}</arg>
<arg>${key}</arg>
<doc>Fails if ``key`` is not found from ``dictionary``.</doc>
<status status="PASS" start="2024-05-18T15:15:10.297012" elapsed="0.000428"/>
</kw>
<kw name="Log" owner="BuiltIn">
<msg time="2024-05-18T15:15:10.298093" level="INFO">{'gender': 'female', 'name': {'title': 'Mrs', 'first': 'Alicia', 'last': 'Lugo'}, 'location': {'street': {'number': 2002, 'name': 'Ampliación Sur Zapata'}, 'city': 'Tocumbo', 'state': 'Queretaro', 'country': 'Mexico', 'postcode': 64665, 'coordinates': {'latitude': '26.0531', 'longitude': '177.1528'}, 'timezone': {'offset': '-7:00', 'description': 'Mountain Time (US &amp; Canada)'}}, 'email': 'alicia.lugo@example.com', 'login': {'uuid': '087230ea-9385-4d67-9a94-031cf9f7c63f', 'username': 'crazybear281', 'password': 'missy1', 'salt': 'nHv1yEKQ', 'md5': 'f0dd2ea0d97544db9dcb00d889a63b04', 'sha1': 'b06ae3751949ab0b62ec53c462dab0174f3431d0', 'sha256': '6984cf37ad52c96cd281a20373a23d99fb0b3babd7f13beaa363454d9ba028dd'}, 'dob': {'date': '1948-09-23T01:47:43.023Z', 'age': 75}, 'registered': {'date': '2018-01-20T20:58:31.166Z', 'age': 6}, 'phone': '(669) 484 1968', 'cell': '(643) 587 8677', 'id': {'name': 'NSS', 'value': '77 61 23 7264 5'}, 'picture': {'large': 'https://randomuser.me/api/portraits/women/94.jpg', 'medium': 'https://randomuser.me/api/portraits/med/women/94.jpg', 'thumbnail': 'https://randomuser.me/api/portraits/thumb/women/94.jpg'}, 'nat': 'MX'}</msg>
<arg>${json_data['results'][0]}</arg>
<doc>Logs the given message with the given level.</doc>
<status status="PASS" start="2024-05-18T15:15:10.297730" elapsed="0.000424"/>
</kw>
<kw name="Log" owner="BuiltIn">
<msg time="2024-05-18T15:15:10.298579" level="INFO">login</msg>
<arg>${key}</arg>
<doc>Logs the given message with the given level.</doc>
<status status="PASS" start="2024-05-18T15:15:10.298452" elapsed="0.000164"/>
</kw>
<var name="${key}">login</var>
<status status="PASS" start="2024-05-18T15:15:10.296900" elapsed="0.001960"/>
</iter>
<var>${key}</var>
<value>@{expected_keys}</value>
<status status="PASS" start="2024-05-18T15:15:10.288047" elapsed="0.010944"/>
</for>
<kw name="Create List" owner="BuiltIn">
<msg time="2024-05-18T15:15:10.299330" level="INFO">${expected_keysTwo} = ['username', 'password']</msg>
<var>${expected_keysTwo}</var>
<arg>username</arg>
<arg>password</arg>
<doc>Returns a list containing given items.</doc>
<status status="PASS" start="2024-05-18T15:15:10.299193" elapsed="0.000160"/>
</kw>
<for flavor="IN">
<iter>
<kw name="Dictionary Should Contain Key" owner="Collections">
<msg time="2024-05-18T15:15:10.300267" level="INFO">False</msg>
<arg>${json_data['results'][0]['login']}</arg>
<arg>${keyTwo}</arg>
<doc>Fails if ``key`` is not found from ``dictionary``.</doc>
<status status="PASS" start="2024-05-18T15:15:10.299869" elapsed="0.000435"/>
</kw>
<kw name="Dictionary Should Contain Key" owner="Collections">
<msg time="2024-05-18T15:15:10.301013" level="INFO">False</msg>
<arg>${json_data['results'][0]['login']}</arg>
<arg>${keyTwo}</arg>
<doc>Fails if ``key`` is not found from ``dictionary``.</doc>
<status status="PASS" start="2024-05-18T15:15:10.300635" elapsed="0.000415"/>
</kw>
<kw name="Log" owner="BuiltIn">
<msg time="2024-05-18T15:15:10.301468" level="INFO">username</msg>
<arg>${keyTwo}</arg>
<doc>Logs the given message with the given level.</doc>
<status status="PASS" start="2024-05-18T15:15:10.301343" elapsed="0.000167"/>
</kw>
<var name="${keyTwo}">username</var>
<status status="PASS" start="2024-05-18T15:15:10.299751" elapsed="0.001972"/>
</iter>
<iter>
<kw name="Dictionary Should Contain Key" owner="Collections">
<msg time="2024-05-18T15:15:10.302382" level="INFO">False</msg>
<arg>${json_data['results'][0]['login']}</arg>
<arg>${keyTwo}</arg>
<doc>Fails if ``key`` is not found from ``dictionary``.</doc>
<status status="PASS" start="2024-05-18T15:15:10.302003" elapsed="0.000416"/>
</kw>
<kw name="Dictionary Should Contain Key" owner="Collections">
<msg time="2024-05-18T15:15:10.303176" level="INFO">False</msg>
<arg>${json_data['results'][0]['login']}</arg>
<arg>${keyTwo}</arg>
<doc>Fails if ``key`` is not found from ``dictionary``.</doc>
<status status="PASS" start="2024-05-18T15:15:10.302710" elapsed="0.000506"/>
</kw>
<kw name="Log" owner="BuiltIn">
<msg time="2024-05-18T15:15:10.303638" level="INFO">password</msg>
<arg>${keyTwo}</arg>
<doc>Logs the given message with the given level.</doc>
<status status="PASS" start="2024-05-18T15:15:10.303511" elapsed="0.000165"/>
</kw>
<var name="${keyTwo}">password</var>
<status status="PASS" start="2024-05-18T15:15:10.301894" elapsed="0.002000"/>
</iter>
<var>${keyTwo}</var>
<value>@{expected_keysTwo}</value>
<status status="PASS" start="2024-05-18T15:15:10.299592" elapsed="0.004422"/>
</for>
<status status="PASS" start="2024-05-18T15:15:10.177070" elapsed="0.127089"/>
</kw>
<doc>Testa a estrutura da resposta da API.</doc>
<tag>testeEstruturaResposta</tag>
<status status="PASS" start="2024-05-18T15:15:10.176464" elapsed="0.127854"/>
</test>
<test id="s1-s1-t4" name="Validar tipos de dados" line="28">
<kw name="Teste de Tipos de Dados" owner="random-user-service">
<kw name="GET On Session" owner="RequestsLibrary">
<msg time="2024-05-18T15:15:10.436422" level="INFO">GET Request : url=https://randomuser.me/api 
 path_url=/api 
 headers={'User-Agent': 'python-requests/2.31.0', 'Accept-Encoding': 'gzip, deflate', 'Accept': '*/*', 'Connection': 'keep-alive'} 
 body=None 
 </msg>
<msg time="2024-05-18T15:15:10.436582" level="INFO">GET Response : url=https://randomuser.me/api 
 status=200, reason=OK 
 headers={'Date': 'Sat, 18 May 2024 15:15:10 GMT', 'Content-Type': 'application/json; charset=utf-8', 'Transfer-Encoding': 'chunked', 'Connection': 'keep-alive', 'X-Powered-By': 'Express', 'Access-Control-Allow-Origin': '*', 'Cache-Control': 'no-cache', 'ETag': 'W/"4a0-Z6cSfCgKJ9PFWwRMJbKg7fHZZ7k"', 'Vary': 'Accept-Encoding', 'Content-Encoding': 'gzip', 'CF-Cache-Status': 'DYNAMIC', 'Report-To': '{"endpoints":[{"url":"https:\\/\\/a.nel.cloudflare.com\\/report\\/v4?s=UAY%2BivBDTyZvwC1nXJyyJeq9kqQW29LVkh6fvxKoRhKxp0qd46FW1V9ye4L0pcUR%2BkEd%2FlsrDrOL1NGtmdylbVNiNuWgulYZo3q3nO%2BBU7DTXMk0aSePO1XgNRpSkF2H"}],"group":"cf-nel","max_age":604800}', 'NEL': '{"success_fraction":0,"report_to":"cf-nel","max_age":604800}', 'Server': 'cloudflare', 'CF-RAY': '885ccd157c717ae5-SJC', 'alt-svc': 'h3=":443"; ma=86400'} 
 body={"results":[{"gender":"female","name":{"title":"Ms","first":"Mercedes","last":"Holguín"},"location":{"street":{"number":2680,"name":"Retorno Urbina"},"city":"Nuxco","state":"Campeche","country":"Mexico","postcode":86405,"coordinates":{"latitude":"29.8501","longitude":"51.7469"},"timezone":{"offset":"-3:00","description":"Brazil, Buenos Aires, Georgetown"}},"email":"mercedes.holguin@example.com","login":{"uuid":"b6c54f81-d9ee-4c80-ad6c-c321daf19fec","username":"silverrabbit274","password":"gladiato","salt":"I66VIc6Y","md5":"dfb98c96084b4062ba12b94163c2e909","sha1":"e0bd5d8a9daf46efbd70556ea6112ed59aa6a04c","sha256":"ee8b57eee271294565084a6351a19e5c73ed8ec53a12f24e8da7dce975d2c9a4"},"dob":{"date":"1954-10-27T16:49:01.787Z","age":69},"registered":{"date":"2004-03-20T22:22:07.281Z","age":20},"phone":"(669) 159 9720","cell":"(696) 263 5178","id":{"name":"NSS","value":"90 82 47 1345 2"},"picture":{"large":"https://randomuser.me/api/portraits/women/82.jpg","medium":"https://randomuser.me/api/portraits/med/women/82.jpg","thumbnail":"https://randomuser.me/api/portraits/thumb/women/82.jpg"},"nat":"MX"}],"info":{"seed":"c9d90989342bab13","results":1,"page":1,"version":"1.4"}} 
 </msg>
<msg time="2024-05-18T15:15:10.436684" level="INFO">/opt/hostedtoolcache/Python/3.12.3/x64/lib/python3.12/site-packages/urllib3/connectionpool.py:1103: InsecureRequestWarning: Unverified HTTPS request is being made to host 'randomuser.me'. Adding certificate verification is strongly advised. See: https://urllib3.readthedocs.io/en/latest/advanced-usage.html#tls-warnings
  warnings.warn(</msg>
<msg time="2024-05-18T15:15:10.436863" level="INFO">${response} = &lt;Response [200]&gt;</msg>
<var>${response}</var>
<arg>consultarAPI</arg>
<arg>/api</arg>
<doc>Sends a GET request on a previously created HTTP Session.</doc>
<status status="PASS" start="2024-05-18T15:15:10.306937" elapsed="0.129972"/>
</kw>
<kw name="Set Variable" owner="BuiltIn">
<msg time="2024-05-18T15:15:10.438033" level="INFO">${json_data} = {'results': [{'gender': 'female', 'name': {'title': 'Ms', 'first': 'Mercedes', 'last': 'Holguín'}, 'location': {'street': {'number': 2680, 'name': 'Retorno Urbina'}, 'city': 'Nuxco', 'state': 'Campech...</msg>
<var>${json_data}</var>
<arg>${response.json()}</arg>
<doc>Returns the given values which can then be assigned to a variables.</doc>
<status status="PASS" start="2024-05-18T15:15:10.437470" elapsed="0.000595"/>
</kw>
<kw name="Log" owner="BuiltIn">
<msg time="2024-05-18T15:15:10.438597" level="INFO">{'results': [{'gender': 'female', 'name': {'title': 'Ms', 'first': 'Mercedes', 'last': 'Holguín'}, 'location': {'street': {'number': 2680, 'name': 'Retorno Urbina'}, 'city': 'Nuxco', 'state': 'Campeche', 'country': 'Mexico', 'postcode': 86405, 'coordinates': {'latitude': '29.8501', 'longitude': '51.7469'}, 'timezone': {'offset': '-3:00', 'description': 'Brazil, Buenos Aires, Georgetown'}}, 'email': 'mercedes.holguin@example.com', 'login': {'uuid': 'b6c54f81-d9ee-4c80-ad6c-c321daf19fec', 'username': 'silverrabbit274', 'password': 'gladiato', 'salt': 'I66VIc6Y', 'md5': 'dfb98c96084b4062ba12b94163c2e909', 'sha1': 'e0bd5d8a9daf46efbd70556ea6112ed59aa6a04c', 'sha256': 'ee8b57eee271294565084a6351a19e5c73ed8ec53a12f24e8da7dce975d2c9a4'}, 'dob': {'date': '1954-10-27T16:49:01.787Z', 'age': 69}, 'registered': {'date': '2004-03-20T22:22:07.281Z', 'age': 20}, 'phone': '(669) 159 9720', 'cell': '(696) 263 5178', 'id': {'name': 'NSS', 'value': '90 82 47 1345 2'}, 'picture': {'large': 'https://randomuser.me/api/portraits/women/82.jpg', 'medium': 'https://randomuser.me/api/portraits/med/women/82.jpg', 'thumbnail': 'https://randomuser.me/api/portraits/thumb/women/82.jpg'}, 'nat': 'MX'}], 'info': {'seed': 'c9d90989342bab13', 'results': 1, 'page': 1, 'version': '1.4'}}</msg>
<arg>${json_data}</arg>
<doc>Logs the given message with the given level.</doc>
<status status="PASS" start="2024-05-18T15:15:10.438423" elapsed="0.000264"/>
</kw>
<kw name="Should Be String" owner="String">
<arg>${json_data['results'][0]['gender']}</arg>
<doc>Fails if the given ``item`` is not a string.</doc>
<status status="PASS" start="2024-05-18T15:15:10.439006" elapsed="0.000392"/>
</kw>
<kw name="Should Match Regexp" owner="BuiltIn">
<arg>${json_data['results'][0]['email']}</arg>
<arg>^[a-zA-Z0-9._%+-]+@[a-zA-Z0-9.-]+\.[a-zA-Z]{2,}$</arg>
<doc>Fails if ``string`` does not match ``pattern`` as a regular expression.</doc>
<status status="PASS" start="2024-05-18T15:15:10.439602" elapsed="0.000528"/>
</kw>
<kw name="Should Match Regexp" owner="BuiltIn">
<arg>${json_data['results'][0]['dob']['date']}</arg>
<arg>\\d{4}-\\d{2}-\\d{2}T\\d{2}:\\d{2}:\\d{2}\\.\\d{3}Z</arg>
<doc>Fails if ``string`` does not match ``pattern`` as a regular expression.</doc>
<status status="PASS" start="2024-05-18T15:15:10.440332" elapsed="0.000545"/>
</kw>
<kw name="Should Match Regexp" owner="BuiltIn">
<arg>${json_data['results'][0]['registered']['date']}</arg>
<arg>\\d{4}-\\d{2}-\\d{2}T\\d{2}:\\d{2}:\\d{2}\\.\\d{3}Z</arg>
<doc>Fails if ``string`` does not match ``pattern`` as a regular expression.</doc>
<status status="PASS" start="2024-05-18T15:15:10.441076" elapsed="0.000371"/>
</kw>
<kw name="Should Match Regexp" owner="BuiltIn">
<arg>${json_data['results'][0]['picture']['large']}</arg>
<arg>^https?://.*\.(?:png|jpe?g|gif|bmp)$</arg>
<doc>Fails if ``string`` does not match ``pattern`` as a regular expression.</doc>
<status status="PASS" start="2024-05-18T15:15:10.441638" elapsed="0.000461"/>
</kw>
<kw name="Should Match Regexp" owner="BuiltIn">
<arg>${json_data['results'][0]['picture']['medium']}</arg>
<arg>^https?://.*\.(?:png|jpe?g|gif|bmp)$</arg>
<doc>Fails if ``string`` does not match ``pattern`` as a regular expression.</doc>
<status status="PASS" start="2024-05-18T15:15:10.442293" elapsed="0.000363"/>
</kw>
<kw name="Should Match Regexp" owner="BuiltIn">
<arg>${json_data['results'][0]['picture']['thumbnail']}</arg>
<arg>^https?://.*\.(?:png|jpe?g|gif|bmp)$</arg>
<doc>Fails if ``string`` does not match ``pattern`` as a regular expression.</doc>
<status status="PASS" start="2024-05-18T15:15:10.442850" elapsed="0.000358"/>
</kw>
<kw name="Log" owner="BuiltIn">
<msg time="2024-05-18T15:15:10.443711" level="INFO">{'large': 'https://randomuser.me/api/portraits/women/82.jpg', 'medium': 'https://randomuser.me/api/portraits/med/women/82.jpg', 'thumbnail': 'https://randomuser.me/api/portraits/thumb/women/82.jpg'}</msg>
<arg>${json_data['results'][0]['picture']}</arg>
<doc>Logs the given message with the given level.</doc>
<status status="PASS" start="2024-05-18T15:15:10.443390" elapsed="0.000363"/>
</kw>
<status status="PASS" start="2024-05-18T15:15:10.306702" elapsed="0.137312"/>
</kw>
<kw name="Teste de Tipos de Dados - Postcode" owner="random-user-service">
<kw name="GET On Session" owner="RequestsLibrary">
<msg time="2024-05-18T15:15:10.604801" level="INFO">GET Request : url=https://randomuser.me/api 
 path_url=/api 
 headers={'User-Agent': 'python-requests/2.31.0', 'Accept-Encoding': 'gzip, deflate', 'Accept': '*/*', 'Connection': 'keep-alive'} 
 body=None 
 </msg>
<msg time="2024-05-18T15:15:10.604913" level="INFO">GET Response : url=https://randomuser.me/api 
 status=200, reason=OK 
 headers={'Date': 'Sat, 18 May 2024 15:15:10 GMT', 'Content-Type': 'application/json; charset=utf-8', 'Transfer-Encoding': 'chunked', 'Connection': 'keep-alive', 'X-Powered-By': 'Express', 'Access-Control-Allow-Origin': '*', 'Cache-Control': 'no-cache', 'ETag': 'W/"490-H4D4yGXgSajoCWkeLYv9kyLYGjY"', 'Vary': 'Accept-Encoding', 'Content-Encoding': 'gzip', 'CF-Cache-Status': 'DYNAMIC', 'Report-To': '{"endpoints":[{"url":"https:\\/\\/a.nel.cloudflare.com\\/report\\/v4?s=3UngCk9r1VV5MelywPmTb3Sto947sHPtRYaM8Z4oyTHPD5wIrA9r3oTRL932GL3zKoxpFQ0g6YAsj2TpNHdPpMl%2BwnWO9ZpMZZMz2Afrk0g9NXTRbEPNLaYpKCyfEkB0"}],"group":"cf-nel","max_age":604800}', 'NEL': '{"success_fraction":0,"report_to":"cf-nel","max_age":604800}', 'Server': 'cloudflare', 'CF-RAY': '885ccd164cf67ae5-SJC', 'alt-svc': 'h3=":443"; ma=86400'} 
 body={"results":[{"gender":"female","name":{"title":"Miss","first":"Olivia","last":"Lampinen"},"location":{"street":{"number":5457,"name":"Pirkankatu"},"city":"Kempele","state":"Central Ostrobothnia","country":"Finland","postcode":84685,"coordinates":{"latitude":"-23.3767","longitude":"156.6609"},"timezone":{"offset":"+5:45","description":"Kathmandu"}},"email":"olivia.lampinen@example.com","login":{"uuid":"b70c8941-de4f-4aec-93c7-6cef74e7e76e","username":"heavygorilla794","password":"safari","salt":"4q0M5WJn","md5":"1db0be28b080df90377f1a23d39d4f3f","sha1":"46409ad0d7e27dee769ae3a27069c31227d64bea","sha256":"29ea826694ab2b759cf6cd7f5e1a43b194747c6bc900ed6e96cb5d2c41c0aa4a"},"dob":{"date":"1995-03-31T10:01:03.263Z","age":29},"registered":{"date":"2022-02-12T15:49:31.704Z","age":2},"phone":"04-849-449","cell":"049-357-88-97","id":{"name":"HETU","value":"NaNNA050undefined"},"picture":{"large":"https://randomuser.me/api/portraits/women/44.jpg","medium":"https://randomuser.me/api/portraits/med/women/44.jpg","thumbnail":"https://randomuser.me/api/portraits/thumb/women/44.jpg"},"nat":"FI"}],"info":{"seed":"67a379f8fefc9adf","results":1,"page":1,"version":"1.4"}} 
 </msg>
<msg time="2024-05-18T15:15:10.604998" level="INFO">/opt/hostedtoolcache/Python/3.12.3/x64/lib/python3.12/site-packages/urllib3/connectionpool.py:1103: InsecureRequestWarning: Unverified HTTPS request is being made to host 'randomuser.me'. Adding certificate verification is strongly advised. See: https://urllib3.readthedocs.io/en/latest/advanced-usage.html#tls-warnings
  warnings.warn(</msg>
<msg time="2024-05-18T15:15:10.605159" level="INFO">${response} = &lt;Response [200]&gt;</msg>
<var>${response}</var>
<arg>consultarAPI</arg>
<arg>/api</arg>
<doc>Sends a GET request on a previously created HTTP Session.</doc>
<status status="PASS" start="2024-05-18T15:15:10.444482" elapsed="0.160723"/>
</kw>
<kw name="Set Variable" owner="BuiltIn">
<msg time="2024-05-18T15:15:10.606254" level="INFO">${json_data} = {'results': [{'gender': 'female', 'name': {'title': 'Miss', 'first': 'Olivia', 'last': 'Lampinen'}, 'location': {'street': {'number': 5457, 'name': 'Pirkankatu'}, 'city': 'Kempele', 'state': 'Central ...</msg>
<var>${json_data}</var>
<arg>${response.json()}</arg>
<doc>Returns the given values which can then be assigned to a variables.</doc>
<status status="PASS" start="2024-05-18T15:15:10.605730" elapsed="0.000553"/>
</kw>
<kw name="Log" owner="BuiltIn">
<msg time="2024-05-18T15:15:10.606746" level="INFO">{'results': [{'gender': 'female', 'name': {'title': 'Miss', 'first': 'Olivia', 'last': 'Lampinen'}, 'location': {'street': {'number': 5457, 'name': 'Pirkankatu'}, 'city': 'Kempele', 'state': 'Central Ostrobothnia', 'country': 'Finland', 'postcode': 84685, 'coordinates': {'latitude': '-23.3767', 'longitude': '156.6609'}, 'timezone': {'offset': '+5:45', 'description': 'Kathmandu'}}, 'email': 'olivia.lampinen@example.com', 'login': {'uuid': 'b70c8941-de4f-4aec-93c7-6cef74e7e76e', 'username': 'heavygorilla794', 'password': 'safari', 'salt': '4q0M5WJn', 'md5': '1db0be28b080df90377f1a23d39d4f3f', 'sha1': '46409ad0d7e27dee769ae3a27069c31227d64bea', 'sha256': '29ea826694ab2b759cf6cd7f5e1a43b194747c6bc900ed6e96cb5d2c41c0aa4a'}, 'dob': {'date': '1995-03-31T10:01:03.263Z', 'age': 29}, 'registered': {'date': '2022-02-12T15:49:31.704Z', 'age': 2}, 'phone': '04-849-449', 'cell': '049-357-88-97', 'id': {'name': 'HETU', 'value': 'NaNNA050undefined'}, 'picture': {'large': 'https://randomuser.me/api/portraits/women/44.jpg', 'medium': 'https://randomuser.me/api/portraits/med/women/44.jpg', 'thumbnail': 'https://randomuser.me/api/portraits/thumb/women/44.jpg'}, 'nat': 'FI'}], 'info': {'seed': '67a379f8fefc9adf', 'results': 1, 'page': 1, 'version': '1.4'}}</msg>
<arg>${json_data}</arg>
<doc>Logs the given message with the given level.</doc>
<status status="PASS" start="2024-05-18T15:15:10.606592" elapsed="0.000234"/>
</kw>
<kw name="Should Be Equal As Numbers" owner="BuiltIn">
<arg>${json_data['results'][0]['location']['postcode']}</arg>
<arg>${json_data['results'][0]['location']['postcode']}</arg>
<doc>Fails if objects are unequal after converting them to real numbers.</doc>
<status status="PASS" start="2024-05-18T15:15:10.607128" elapsed="0.000810"/>
</kw>
<kw name="Log" owner="BuiltIn">
<msg time="2024-05-18T15:15:10.608466" level="INFO">84685</msg>
<arg>${json_data['results'][0]['location']['postcode']}</arg>
<doc>Logs the given message with the given level.</doc>
<status status="PASS" start="2024-05-18T15:15:10.608134" elapsed="0.000373"/>
</kw>
<status status="PASS" start="2024-05-18T15:15:10.444247" elapsed="0.164560"/>
</kw>
<doc>Testa se os tipos de dados na resposta da API estão corretos.</doc>
<tag>testeTiposDados</tag>
<status status="PASS" start="2024-05-18T15:15:10.306130" elapsed="0.302845"/>
</test>
<test id="s1-s1-t5" name="Validar conteudo" line="35">
<kw name="Teste de Tipos de Conteudo" owner="random-user-service">
<kw name="GET On Session" owner="RequestsLibrary">
<msg time="2024-05-18T15:15:10.702471" level="INFO">GET Request : url=https://randomuser.me/api 
 path_url=/api 
 headers={'User-Agent': 'python-requests/2.31.0', 'Accept-Encoding': 'gzip, deflate', 'Accept': '*/*', 'Connection': 'keep-alive'} 
 body=None 
 </msg>
<msg time="2024-05-18T15:15:10.702569" level="INFO">GET Response : url=https://randomuser.me/api 
 status=200, reason=OK 
 headers={'Date': 'Sat, 18 May 2024 15:15:10 GMT', 'Content-Type': 'application/json; charset=utf-8', 'Transfer-Encoding': 'chunked', 'Connection': 'keep-alive', 'X-Powered-By': 'Express', 'Access-Control-Allow-Origin': '*', 'Cache-Control': 'no-cache', 'ETag': 'W/"487-cZ/m2Jet8szdO/nUM1F4Pt9hT1c"', 'Vary': 'Accept-Encoding', 'Content-Encoding': 'gzip', 'CF-Cache-Status': 'DYNAMIC', 'Report-To': '{"endpoints":[{"url":"https:\\/\\/a.nel.cloudflare.com\\/report\\/v4?s=c7wlleZNqRSfmWRxmQi%2BR9CFWN5jRQxYOxEl%2FeOHj%2F%2F4%2FHNqWjLVXLfmGnjFWOnd12t%2BmDWFf%2Fcc3m28kr5qfRqO8%2BeYyn%2BPwqzOSTZdBsskr4mL2QhGKkEidoG6YeGQ"}],"group":"cf-nel","max_age":604800}', 'NEL': '{"success_fraction":0,"report_to":"cf-nel","max_age":604800}', 'Server': 'cloudflare', 'CF-RAY': '885ccd175dbb7ae5-SJC', 'alt-svc': 'h3=":443"; ma=86400'} 
 body={"results":[{"gender":"female","name":{"title":"Ms","first":"Charlotte","last":"Ma"},"location":{"street":{"number":5254,"name":"Argyle St"},"city":"Minto","state":"Ontario","country":"Canada","postcode":"B5Q 1F0","coordinates":{"latitude":"-69.5022","longitude":"137.9467"},"timezone":{"offset":"-3:00","description":"Brazil, Buenos Aires, Georgetown"}},"email":"charlotte.ma@example.com","login":{"uuid":"49f5829a-9803-4921-bddd-e715f5003ca4","username":"tinyswan544","password":"speed1","salt":"FcnLkfUY","md5":"85f86777796b1ba5b2843ab927f31392","sha1":"cdbb9ca18dd6766056f680928a5732b67410f76a","sha256":"a6eed7cc842d0194f1f13aff6b225a596a3ccbc5e1d37b42707da7d6abe979f1"},"dob":{"date":"1949-02-03T13:13:34.303Z","age":75},"registered":{"date":"2009-08-10T07:40:27.280Z","age":14},"phone":"J00 F86-2467","cell":"K18 W26-5255","id":{"name":"SIN","value":"864051909"},"picture":{"large":"https://randomuser.me/api/portraits/women/93.jpg","medium":"https://randomuser.me/api/portraits/med/women/93.jpg","thumbnail":"https://randomuser.me/api/portraits/thumb/women/93.jpg"},"nat":"CA"}],"info":{"seed":"ea09a8e49f4316c7","results":1,"page":1,"version":"1.4"}} 
 </msg>
<msg time="2024-05-18T15:15:10.702639" level="INFO">/opt/hostedtoolcache/Python/3.12.3/x64/lib/python3.12/site-packages/urllib3/connectionpool.py:1103: InsecureRequestWarning: Unverified HTTPS request is being made to host 'randomuser.me'. Adding certificate verification is strongly advised. See: https://urllib3.readthedocs.io/en/latest/advanced-usage.html#tls-warnings
  warnings.warn(</msg>
<msg time="2024-05-18T15:15:10.702777" level="INFO">${response} = &lt;Response [200]&gt;</msg>
<var>${response}</var>
<arg>consultarAPI</arg>
<arg>/api</arg>
<doc>Sends a GET request on a previously created HTTP Session.</doc>
<status status="PASS" start="2024-05-18T15:15:10.611487" elapsed="0.091334"/>
</kw>
<kw name="Set Variable" owner="BuiltIn">
<msg time="2024-05-18T15:15:10.703837" level="INFO">${json_data} = {'results': [{'gender': 'female', 'name': {'title': 'Ms', 'first': 'Charlotte', 'last': 'Ma'}, 'location': {'street': {'number': 5254, 'name': 'Argyle St'}, 'city': 'Minto', 'state': 'Ontario', 'count...</msg>
<var>${json_data}</var>
<arg>${response.json()}</arg>
<doc>Returns the given values which can then be assigned to a variables.</doc>
<status status="PASS" start="2024-05-18T15:15:10.703330" elapsed="0.000536"/>
</kw>
<kw name="Set Variable" owner="BuiltIn">
<msg time="2024-05-18T15:15:10.704592" level="INFO">${name_title} = Ms</msg>
<var>${name_title}</var>
<arg>${json_data["results"][0]["name"]["title"]}</arg>
<doc>Returns the given values which can then be assigned to a variables.</doc>
<status status="PASS" start="2024-05-18T15:15:10.704175" elapsed="0.000444"/>
</kw>
<kw name="Create List" owner="BuiltIn">
<msg time="2024-05-18T15:15:10.705077" level="INFO">${allowed_titles} = ['Mr', 'Ms', 'Miss', 'Mrs', 'Madame', 'Monsieur']</msg>
<var>${allowed_titles}</var>
<arg>Mr</arg>
<arg>Ms</arg>
<arg>Miss</arg>
<arg>Mrs</arg>
<arg>Madame</arg>
<arg>Monsieur</arg>
<doc>Returns a list containing given items.</doc>
<status status="PASS" start="2024-05-18T15:15:10.704927" elapsed="0.000175"/>
</kw>
<kw name="List Should Contain Value" owner="Collections">
<msg time="2024-05-18T15:15:10.705577" level="INFO">False</msg>
<arg>${allowed_titles}</arg>
<arg>${name_title}</arg>
<doc>Fails if the ``value`` is not found from ``list``.</doc>
<status status="PASS" start="2024-05-18T15:15:10.705399" elapsed="0.000214"/>
</kw>
<kw name="Set Variable" owner="BuiltIn">
<msg time="2024-05-18T15:15:10.706288" level="INFO">${name_country} = CA</msg>
<var>${name_country}</var>
<arg>${json_data["results"][0]["nat"]}</arg>
<doc>Returns the given values which can then be assigned to a variables.</doc>
<status status="PASS" start="2024-05-18T15:15:10.705905" elapsed="0.000408"/>
</kw>
<kw name="Create List" owner="BuiltIn">
<msg time="2024-05-18T15:15:10.707211" level="INFO">${list_country} = ['AD', 'AE', 'AF', 'AG', 'AI', 'AL', 'AM', 'AO', 'AQ', 'AR', 'AS', 'AT', 'AU', 'AW', 'AX', 'AZ', 'BA', 'BB', 'BD', 'BE', 'BF', 'BG', 'BH', 'BI', 'BJ', 'BL', 'BM', 'BN', 'BO', 'BQ', 'BR', 'BS', 'BT', '...</msg>
<var>${list_country}</var>
<arg>AD</arg>
<arg>AE</arg>
<arg>AF</arg>
<arg>AG</arg>
<arg>AI</arg>
<arg>AL</arg>
<arg>AM</arg>
<arg>AO</arg>
<arg>AQ</arg>
<arg>AR</arg>
<arg>AS</arg>
<arg>AT</arg>
<arg>AU</arg>
<arg>AW</arg>
<arg>AX</arg>
<arg>AZ</arg>
<arg>BA</arg>
<arg>BB</arg>
<arg>BD</arg>
<arg>BE</arg>
<arg>BF</arg>
<arg>BG</arg>
<arg>BH</arg>
<arg>BI</arg>
<arg>BJ</arg>
<arg>BL</arg>
<arg>BM</arg>
<arg>BN</arg>
<arg>BO</arg>
<arg>BQ</arg>
<arg>BR</arg>
<arg>BS</arg>
<arg>BT</arg>
<arg>BV</arg>
<arg>BW</arg>
<arg>BY</arg>
<arg>BZ</arg>
<arg>CA</arg>
<arg>CC</arg>
<arg>CD</arg>
<arg>CF</arg>
<arg>CG</arg>
<arg>CH</arg>
<arg>CI</arg>
<arg>CK</arg>
<arg>CL</arg>
<arg>CM</arg>
<arg>CN</arg>
<arg>CO</arg>
<arg>CR</arg>
<arg>CU</arg>
<arg>CV</arg>
<arg>CW</arg>
<arg>CX</arg>
<arg>CY</arg>
<arg>CZ</arg>
<arg>DE</arg>
<arg>DJ</arg>
<arg>DK</arg>
<arg>DM</arg>
<arg>DO</arg>
<arg>DZ</arg>
<arg>EC</arg>
<arg>EE</arg>
<arg>EG</arg>
<arg>EH</arg>
<arg>ER</arg>
<arg>ES</arg>
<arg>ET</arg>
<arg>FI</arg>
<arg>FJ</arg>
<arg>FK</arg>
<arg>FM</arg>
<arg>FO</arg>
<arg>FR</arg>
<arg>GA</arg>
<arg>GB</arg>
<arg>GD</arg>
<arg>GE</arg>
<arg>GF</arg>
<arg>GG</arg>
<arg>GH</arg>
<arg>GI</arg>
<arg>GL</arg>
<arg>GM</arg>
<arg>GN</arg>
<arg>GP</arg>
<arg>GQ</arg>
<arg>GR</arg>
<arg>GS</arg>
<arg>GT</arg>
<arg>GU</arg>
<arg>GW</arg>
<arg>GY</arg>
<arg>HK</arg>
<arg>HM</arg>
<arg>HN</arg>
<arg>HR</arg>
<arg>HT</arg>
<arg>HU</arg>
<arg>ID</arg>
<arg>IE</arg>
<arg>IL</arg>
<arg>IM</arg>
<arg>IN</arg>
<arg>IO</arg>
<arg>IQ</arg>
<arg>IR</arg>
<arg>IS</arg>
<arg>IT</arg>
<arg>JE</arg>
<arg>JM</arg>
<arg>JO</arg>
<arg>JP</arg>
<arg>KE</arg>
<arg>KG</arg>
<arg>KH</arg>
<arg>KI</arg>
<arg>KM</arg>
<arg>KN</arg>
<arg>KP</arg>
<arg>KR</arg>
<arg>KW</arg>
<arg>KY</arg>
<arg>KZ</arg>
<arg>LA</arg>
<arg>LB</arg>
<arg>LC</arg>
<arg>LI</arg>
<arg>LK</arg>
<arg>LR</arg>
<arg>LS</arg>
<arg>LT</arg>
<arg>LU</arg>
<arg>LV</arg>
<arg>LY</arg>
<arg>MA</arg>
<arg>MC</arg>
<arg>MD</arg>
<arg>ME</arg>
<arg>MF</arg>
<arg>MG</arg>
<arg>MH</arg>
<arg>MK</arg>
<arg>ML</arg>
<arg>MM</arg>
<arg>MN</arg>
<arg>MO</arg>
<arg>MP</arg>
<arg>MQ</arg>
<arg>MR</arg>
<arg>MS</arg>
<arg>MT</arg>
<arg>MU</arg>
<arg>MV</arg>
<arg>MW</arg>
<arg>MX</arg>
<arg>MY</arg>
<arg>MZ</arg>
<arg>NA</arg>
<arg>NC</arg>
<arg>NE</arg>
<arg>NF</arg>
<arg>NG</arg>
<arg>NI</arg>
<arg>NL</arg>
<arg>NO</arg>
<arg>NP</arg>
<arg>NR</arg>
<arg>NU</arg>
<arg>NZ</arg>
<arg>OM</arg>
<arg>PA</arg>
<arg>PE</arg>
<arg>PF</arg>
<arg>PG</arg>
<arg>PH</arg>
<arg>PK</arg>
<arg>PL</arg>
<arg>PM</arg>
<arg>PN</arg>
<arg>PR</arg>
<arg>PS</arg>
<arg>PT</arg>
<arg>PW</arg>
<arg>PY</arg>
<arg>QA</arg>
<arg>RE</arg>
<arg>RO</arg>
<arg>RS</arg>
<arg>RU</arg>
<arg>RW</arg>
<arg>SA</arg>
<arg>SB</arg>
<arg>SC</arg>
<arg>SD</arg>
<arg>SE</arg>
<arg>SG</arg>
<arg>SH</arg>
<arg>SI</arg>
<arg>SJ</arg>
<arg>SK</arg>
<arg>SL</arg>
<arg>SM</arg>
<arg>SN</arg>
<arg>SO</arg>
<arg>SR</arg>
<arg>SS</arg>
<arg>ST</arg>
<arg>SV</arg>
<arg>SX</arg>
<arg>SY</arg>
<arg>SZ</arg>
<arg>TC</arg>
<arg>TD</arg>
<arg>TF</arg>
<arg>TG</arg>
<arg>TH</arg>
<arg>TJ</arg>
<arg>TK</arg>
<arg>TL</arg>
<arg>TM</arg>
<arg>TN</arg>
<arg>TO</arg>
<arg>TR</arg>
<arg>TT</arg>
<arg>TV</arg>
<arg>TW</arg>
<arg>TZ</arg>
<arg>UA</arg>
<arg>UG</arg>
<arg>UM</arg>
<arg>US</arg>
<arg>UY</arg>
<arg>UZ</arg>
<arg>VA</arg>
<arg>VC</arg>
<arg>VE</arg>
<arg>VG</arg>
<arg>VI</arg>
<arg>VN</arg>
<arg>VU</arg>
<arg>WF</arg>
<arg>WS</arg>
<arg>XK</arg>
<arg>YE</arg>
<arg>YT</arg>
<arg>ZA</arg>
<arg>ZM</arg>
<arg>ZW</arg>
<doc>Returns a list containing given items.</doc>
<status status="PASS" start="2024-05-18T15:15:10.706614" elapsed="0.000622"/>
</kw>
<kw name="List Should Contain Value" owner="Collections">
<msg time="2024-05-18T15:15:10.708226" level="INFO">False</msg>
<arg>${list_country}</arg>
<arg>${name_country}</arg>
<doc>Fails if the ``value`` is not found from ``list``.</doc>
<status status="PASS" start="2024-05-18T15:15:10.708029" elapsed="0.000234"/>
</kw>
<kw name="Run Keyword If" owner="BuiltIn">
<kw name="Should Be True" owner="BuiltIn">
<arg>${True}</arg>
<doc>Fails if the given condition is not true.</doc>
<status status="PASS" start="2024-05-18T15:15:10.709357" elapsed="0.000144"/>
</kw>
<arg>${json_data["results"][0]["location"]["coordinates"]["latitude"]} &gt;= -90 and ${json_data["results"][0]["location"]["coordinates"]["latitude"]} &lt;= 90</arg>
<arg>Should Be True</arg>
<arg>${True}</arg>
<doc>Runs the given keyword with the given arguments, if ``condition`` is true.</doc>
<status status="PASS" start="2024-05-18T15:15:10.708599" elapsed="0.001028"/>
</kw>
<kw name="Run Keyword If" owner="BuiltIn">
<kw name="Should Be True" owner="BuiltIn">
<arg>${True}</arg>
<doc>Fails if the given condition is not true.</doc>
<status status="PASS" start="2024-05-18T15:15:10.710503" elapsed="0.000257"/>
</kw>
<arg>${json_data["results"][0]["location"]["coordinates"]["longitude"]} &gt;= -180 and ${json_data["results"][0]["location"]["coordinates"]["longitude"]} &lt;= 180</arg>
<arg>Should Be True</arg>
<arg>${True}</arg>
<doc>Runs the given keyword with the given arguments, if ``condition`` is true.</doc>
<status status="PASS" start="2024-05-18T15:15:10.709812" elapsed="0.001074"/>
</kw>
<status status="PASS" start="2024-05-18T15:15:10.611257" elapsed="0.099760"/>
</kw>
<doc>Testa o conteúdo específico dos campos retornados pela API.</doc>
<tag>testeConteudo</tag>
<status status="PASS" start="2024-05-18T15:15:10.610720" elapsed="0.100446"/>
</test>
<status status="PASS" start="2024-05-18T15:15:09.721941" elapsed="0.991251"/>
</suite>
<status status="PASS" start="2024-05-18T15:15:09.708508" elapsed="1.010213"/>
</suite>
<statistics>
<total>
<stat pass="5" fail="0" skip="0">All Tests</stat>
</total>
<tag>
<stat pass="1" fail="0" skip="0">testeConteudo</stat>
<stat pass="1" fail="0" skip="0">testeEstruturaResposta</stat>
<stat pass="1" fail="0" skip="0">testeRequisicaoBasica</stat>
<stat pass="1" fail="0" skip="0">testeTiposDados</stat>
</tag>
<suite>
<stat pass="5" fail="0" skip="0" id="s1" name="Tests">Tests</stat>
<stat pass="5" fail="0" skip="0" id="s1-s1" name="Random-User-Test">Tests.Random-User-Test</stat>
</suite>
</statistics>
<errors>
</errors>
</robot>
