<?xml version="1.0" encoding="UTF-8"?>
<robot generator="Robot 7.0 (Python 3.12.2 on linux)" generated="2024-04-16T05:14:28.053056" rpa="false" schemaversion="5">
<suite id="s1" name="Tests" source="/home/runner/work/DesafioQAItauRogerioJordao/DesafioQAItauRogerioJordao/RamdonUser/tests">
<suite id="s1-s1" name="Random-User-Test" source="/home/runner/work/DesafioQAItauRogerioJordao/DesafioQAItauRogerioJordao/RamdonUser/tests/random-user-test.robot">
<test id="s1-s1-t1" name="Conectar" line="13">
<kw name="Conectar API" owner="random-user-service">
<kw name="Create Session" owner="RequestsLibrary">
<msg time="2024-04-16T05:14:28.411864" level="INFO">Creating Session using : alias=consultarAPI, url=https://randomuser.me/, headers={},                     cookies={}, auth=None, timeout=None, proxies=None, verify=False,                     debug=0 </msg>
<arg>consultarAPI</arg>
<arg>${URL}</arg>
<doc>Create Session: create a HTTP session to a server</doc>
<status status="PASS" start="2024-04-16T05:14:28.411671" elapsed="0.000362"/>
</kw>
<status status="PASS" start="2024-04-16T05:14:28.410701" elapsed="0.001696"/>
</kw>
<status status="PASS" start="2024-04-16T05:14:28.410116" elapsed="0.002490"/>
</test>
<test id="s1-s1-t2" name="Validar retorno 200 e JSON Válido" line="16">
<kw name="Teste de Requisicao Basica" owner="random-user-service">
<kw name="GET On Session" owner="RequestsLibrary">
<msg time="2024-04-16T05:14:28.636330" level="INFO">GET Request : url=https://randomuser.me/api 
 path_url=/api 
 headers={'User-Agent': 'python-requests/2.31.0', 'Accept-Encoding': 'gzip, deflate', 'Accept': '*/*', 'Connection': 'keep-alive'} 
 body=None 
 </msg>
<msg time="2024-04-16T05:14:28.636443" level="INFO">GET Response : url=https://randomuser.me/api 
 status=200, reason=OK 
 headers={'Date': 'Tue, 16 Apr 2024 05:14:28 GMT', 'Content-Type': 'application/json; charset=utf-8', 'Transfer-Encoding': 'chunked', 'Connection': 'keep-alive', 'X-Powered-By': 'Express', 'Access-Control-Allow-Origin': '*', 'Cache-Control': 'no-cache', 'ETag': 'W/"477-VJF863D4nMYx0nFnGejDPVO2cLE"', 'Vary': 'Accept-Encoding', 'Content-Encoding': 'gzip', 'CF-Cache-Status': 'DYNAMIC', 'Report-To': '{"endpoints":[{"url":"https:\\/\\/a.nel.cloudflare.com\\/report\\/v4?s=jzW3qXzfknoWEFbr2mPwmM9K4MSOGlCLXKRQ7BjLVERysOrUQBq5C38V5%2FjxV5gtHmklUlntJnUphF60ZwuEmll563B0z8kTSNPco8fQSEOxkOsUhsd3aVD1alamquuh"}],"group":"cf-nel","max_age":604800}', 'NEL': '{"success_fraction":0,"report_to":"cf-nel","max_age":604800}', 'Server': 'cloudflare', 'CF-RAY': '8751b128b9892238-ORD', 'alt-svc': 'h3=":443"; ma=86400'} 
 body={"results":[{"gender":"male","name":{"title":"Mr","first":"Arlo","last":"Smith"},"location":{"street":{"number":2202,"name":"The Square"},"city":"Rotorua","state":"Tasman","country":"New Zealand","postcode":39647,"coordinates":{"latitude":"49.1105","longitude":"-9.0198"},"timezone":{"offset":"+4:00","description":"Abu Dhabi, Muscat, Baku, Tbilisi"}},"email":"arlo.smith@example.com","login":{"uuid":"1aa3eac5-cb3f-4097-acb3-5ed3ff4af2c8","username":"sadelephant435","password":"ringo","salt":"WRn8bIEy","md5":"127f4d84d6b2a68ab912dfc4bada0453","sha1":"da1a0c113eaab820672355bf6bb41051d50ca0af","sha256":"515e109b983615db67e5d6147059c893e85aa0562012bea42afdafad06a69544"},"dob":{"date":"1997-08-26T07:02:41.609Z","age":26},"registered":{"date":"2019-03-10T23:23:41.930Z","age":5},"phone":"(992)-691-7509","cell":"(936)-694-6564","id":{"name":"","value":null},"picture":{"large":"https://randomuser.me/api/portraits/men/23.jpg","medium":"https://randomuser.me/api/portraits/med/men/23.jpg","thumbnail":"https://randomuser.me/api/portraits/thumb/men/23.jpg"},"nat":"NZ"}],"info":{"seed":"9f9017ee2a52cde2","results":1,"page":1,"version":"1.4"}} 
 </msg>
<msg time="2024-04-16T05:14:28.636511" level="INFO">/opt/hostedtoolcache/Python/3.12.2/x64/lib/python3.12/site-packages/urllib3/connectionpool.py:1103: InsecureRequestWarning: Unverified HTTPS request is being made to host 'randomuser.me'. Adding certificate verification is strongly advised. See: https://urllib3.readthedocs.io/en/latest/advanced-usage.html#tls-warnings
  warnings.warn(</msg>
<msg time="2024-04-16T05:14:28.636750" level="INFO">${response} = &lt;Response [200]&gt;</msg>
<var>${response}</var>
<arg>consultarAPI</arg>
<arg>/api</arg>
<doc>Sends a GET request on a previously created HTTP Session.</doc>
<status status="PASS" start="2024-04-16T05:14:28.415243" elapsed="0.221550"/>
</kw>
<kw name="Should Be Equal As Numbers" owner="BuiltIn">
<msg time="2024-04-16T05:14:28.637742" level="INFO">Argument types are:
&lt;class 'int'&gt;
&lt;class 'str'&gt;</msg>
<arg>${response.status_code}</arg>
<arg>200</arg>
<doc>Fails if objects are unequal after converting them to real numbers.</doc>
<status status="PASS" start="2024-04-16T05:14:28.637304" elapsed="0.000501"/>
</kw>
<kw name="Log" owner="BuiltIn">
<msg time="2024-04-16T05:14:28.638487" level="INFO">200</msg>
<arg>${response.status_code}</arg>
<doc>Logs the given message with the given level.</doc>
<status status="PASS" start="2024-04-16T05:14:28.638131" elapsed="0.000398"/>
</kw>
<kw name="Set Variable" owner="BuiltIn">
<msg time="2024-04-16T05:14:28.639284" level="INFO">${json_data} = {'results': [{'gender': 'male', 'name': {'title': 'Mr', 'first': 'Arlo', 'last': 'Smith'}, 'location': {'street': {'number': 2202, 'name': 'The Square'}, 'city': 'Rotorua', 'state': 'Tasman', 'country...</msg>
<var>${json_data}</var>
<arg>${response.json()}</arg>
<doc>Returns the given values which can then be assigned to a variables.</doc>
<status status="PASS" start="2024-04-16T05:14:28.638859" elapsed="0.000453"/>
</kw>
<kw name="Dictionary Should Contain Key" owner="Collections">
<msg time="2024-04-16T05:14:28.639794" level="INFO">False</msg>
<arg>${json_data}</arg>
<arg>results</arg>
<doc>Fails if ``key`` is not found from ``dictionary``.</doc>
<status status="PASS" start="2024-04-16T05:14:28.639620" elapsed="0.000219"/>
</kw>
<status status="PASS" start="2024-04-16T05:14:28.414991" elapsed="0.225107"/>
</kw>
<doc>Testa se a API responde corretamente e retorna um objeto JSON válido.</doc>
<tag>testeRequisicaoBasica</tag>
<status status="PASS" start="2024-04-16T05:14:28.414438" elapsed="0.225868"/>
</test>
<test id="s1-s1-t3" name="Validar estrutura de resposta" line="22">
<kw name="Teste de Estrutura de Resposta" owner="random-user-service">
<kw name="GET On Session" owner="RequestsLibrary">
<msg time="2024-04-16T05:14:28.749624" level="INFO">GET Request : url=https://randomuser.me/api 
 path_url=/api 
 headers={'User-Agent': 'python-requests/2.31.0', 'Accept-Encoding': 'gzip, deflate', 'Accept': '*/*', 'Connection': 'keep-alive'} 
 body=None 
 </msg>
<msg time="2024-04-16T05:14:28.749711" level="INFO">GET Response : url=https://randomuser.me/api 
 status=200, reason=OK 
 headers={'Date': 'Tue, 16 Apr 2024 05:14:28 GMT', 'Content-Type': 'application/json; charset=utf-8', 'Transfer-Encoding': 'chunked', 'Connection': 'keep-alive', 'X-Powered-By': 'Express', 'Access-Control-Allow-Origin': '*', 'Cache-Control': 'no-cache', 'ETag': 'W/"489-xHOB9/IkEGDBkfUvuO3k8RDw3qY"', 'Vary': 'Accept-Encoding', 'Content-Encoding': 'gzip', 'CF-Cache-Status': 'DYNAMIC', 'Report-To': '{"endpoints":[{"url":"https:\\/\\/a.nel.cloudflare.com\\/report\\/v4?s=8mpnUFHYpspoW1TQw8bsEvy1WcaAcHYS6doutYmlSvCwlYyQIzJOn3n3SGS3wWzi4wwgVNJ0O1W3x4q51f0rwjt26ElmGgzIi7xs1nFXUyPi94eBjVMYMJh%2BzTx5QilS"}],"group":"cf-nel","max_age":604800}', 'NEL': '{"success_fraction":0,"report_to":"cf-nel","max_age":604800}', 'Server': 'cloudflare', 'CF-RAY': '8751b12909ca2238-ORD', 'alt-svc': 'h3=":443"; ma=86400'} 
 body={"results":[{"gender":"female","name":{"title":"Mrs","first":"Liva","last":"Poulsen"},"location":{"street":{"number":4304,"name":"Holme Parkvej"},"city":"Jerslev Sj","state":"Syddanmark","country":"Denmark","postcode":42658,"coordinates":{"latitude":"-39.1391","longitude":"125.0994"},"timezone":{"offset":"+2:00","description":"Kaliningrad, South Africa"}},"email":"liva.poulsen@example.com","login":{"uuid":"8c98655d-5c4e-42f9-a6bc-c068e2d637a8","username":"silverpeacock135","password":"pirate","salt":"Yr5i7Jlz","md5":"0b1b1e637012c52d15200b41e26ecb64","sha1":"5381b2443511d8cbb4cc7f24607005f6c2601b05","sha256":"be0cce68aafdb874dd0b436974cc81ac4f6708c62636d493796bb3675577437f"},"dob":{"date":"1969-04-06T14:01:57.715Z","age":55},"registered":{"date":"2012-12-22T03:42:11.360Z","age":11},"phone":"18324650","cell":"23661252","id":{"name":"CPR","value":"060469-4477"},"picture":{"large":"https://randomuser.me/api/portraits/women/85.jpg","medium":"https://randomuser.me/api/portraits/med/women/85.jpg","thumbnail":"https://randomuser.me/api/portraits/thumb/women/85.jpg"},"nat":"DK"}],"info":{"seed":"a96e52da615b850b","results":1,"page":1,"version":"1.4"}} 
 </msg>
<msg time="2024-04-16T05:14:28.749852" level="INFO">/opt/hostedtoolcache/Python/3.12.2/x64/lib/python3.12/site-packages/urllib3/connectionpool.py:1103: InsecureRequestWarning: Unverified HTTPS request is being made to host 'randomuser.me'. Adding certificate verification is strongly advised. See: https://urllib3.readthedocs.io/en/latest/advanced-usage.html#tls-warnings
  warnings.warn(</msg>
<msg time="2024-04-16T05:14:28.749974" level="INFO">${response} = &lt;Response [200]&gt;</msg>
<var>${response}</var>
<arg>consultarAPI</arg>
<arg>/api</arg>
<doc>Sends a GET request on a previously created HTTP Session.</doc>
<status status="PASS" start="2024-04-16T05:14:28.642924" elapsed="0.107094"/>
</kw>
<kw name="Set Variable" owner="BuiltIn">
<msg time="2024-04-16T05:14:28.750913" level="INFO">${json_data} = {'results': [{'gender': 'female', 'name': {'title': 'Mrs', 'first': 'Liva', 'last': 'Poulsen'}, 'location': {'street': {'number': 4304, 'name': 'Holme Parkvej'}, 'city': 'Jerslev Sj', 'state': 'Syddan...</msg>
<var>${json_data}</var>
<arg>${response.json()}</arg>
<doc>Returns the given values which can then be assigned to a variables.</doc>
<status status="PASS" start="2024-04-16T05:14:28.750468" elapsed="0.000473"/>
</kw>
<kw name="Log" owner="BuiltIn">
<msg time="2024-04-16T05:14:28.751426" level="INFO">{'results': [{'gender': 'female', 'name': {'title': 'Mrs', 'first': 'Liva', 'last': 'Poulsen'}, 'location': {'street': {'number': 4304, 'name': 'Holme Parkvej'}, 'city': 'Jerslev Sj', 'state': 'Syddanmark', 'country': 'Denmark', 'postcode': 42658, 'coordinates': {'latitude': '-39.1391', 'longitude': '125.0994'}, 'timezone': {'offset': '+2:00', 'description': 'Kaliningrad, South Africa'}}, 'email': 'liva.poulsen@example.com', 'login': {'uuid': '8c98655d-5c4e-42f9-a6bc-c068e2d637a8', 'username': 'silverpeacock135', 'password': 'pirate', 'salt': 'Yr5i7Jlz', 'md5': '0b1b1e637012c52d15200b41e26ecb64', 'sha1': '5381b2443511d8cbb4cc7f24607005f6c2601b05', 'sha256': 'be0cce68aafdb874dd0b436974cc81ac4f6708c62636d493796bb3675577437f'}, 'dob': {'date': '1969-04-06T14:01:57.715Z', 'age': 55}, 'registered': {'date': '2012-12-22T03:42:11.360Z', 'age': 11}, 'phone': '18324650', 'cell': '23661252', 'id': {'name': 'CPR', 'value': '060469-4477'}, 'picture': {'large': 'https://randomuser.me/api/portraits/women/85.jpg', 'medium': 'https://randomuser.me/api/portraits/med/women/85.jpg', 'thumbnail': 'https://randomuser.me/api/portraits/thumb/women/85.jpg'}, 'nat': 'DK'}], 'info': {'seed': 'a96e52da615b850b', 'results': 1, 'page': 1, 'version': '1.4'}}</msg>
<arg>${json_data}</arg>
<doc>Logs the given message with the given level.</doc>
<status status="PASS" start="2024-04-16T05:14:28.751269" elapsed="0.000204"/>
</kw>
<kw name="Dictionary Should Contain Key" owner="Collections">
<msg time="2024-04-16T05:14:28.751916" level="INFO">False</msg>
<arg>${json_data}</arg>
<arg>results</arg>
<doc>Fails if ``key`` is not found from ``dictionary``.</doc>
<status status="PASS" start="2024-04-16T05:14:28.751767" elapsed="0.000186"/>
</kw>
<kw name="Should Not Be Empty" owner="BuiltIn">
<msg time="2024-04-16T05:14:28.752433" level="INFO">Length is 2.</msg>
<arg>${json_data}</arg>
<doc>Verifies that the given item is not empty.</doc>
<status status="PASS" start="2024-04-16T05:14:28.752286" elapsed="0.000186"/>
</kw>
<kw name="Create List" owner="BuiltIn">
<msg time="2024-04-16T05:14:28.752911" level="INFO">${expected_keys} = ['gender', 'name', 'location', 'email', 'login']</msg>
<var>${expected_keys}</var>
<arg>gender</arg>
<arg>name</arg>
<arg>location</arg>
<arg>email</arg>
<arg>login</arg>
<doc>Returns a list containing given items.</doc>
<status status="PASS" start="2024-04-16T05:14:28.752762" elapsed="0.000173"/>
</kw>
<for flavor="IN">
<iter>
<kw name="Dictionary Should Contain Key" owner="Collections">
<msg time="2024-04-16T05:14:28.753945" level="INFO">False</msg>
<arg>${json_data['results'][0]}</arg>
<arg>${key}</arg>
<doc>Fails if ``key`` is not found from ``dictionary``.</doc>
<status status="PASS" start="2024-04-16T05:14:28.753549" elapsed="0.000436"/>
</kw>
<kw name="Log" owner="BuiltIn">
<msg time="2024-04-16T05:14:28.754678" level="INFO">{'gender': 'female', 'name': {'title': 'Mrs', 'first': 'Liva', 'last': 'Poulsen'}, 'location': {'street': {'number': 4304, 'name': 'Holme Parkvej'}, 'city': 'Jerslev Sj', 'state': 'Syddanmark', 'country': 'Denmark', 'postcode': 42658, 'coordinates': {'latitude': '-39.1391', 'longitude': '125.0994'}, 'timezone': {'offset': '+2:00', 'description': 'Kaliningrad, South Africa'}}, 'email': 'liva.poulsen@example.com', 'login': {'uuid': '8c98655d-5c4e-42f9-a6bc-c068e2d637a8', 'username': 'silverpeacock135', 'password': 'pirate', 'salt': 'Yr5i7Jlz', 'md5': '0b1b1e637012c52d15200b41e26ecb64', 'sha1': '5381b2443511d8cbb4cc7f24607005f6c2601b05', 'sha256': 'be0cce68aafdb874dd0b436974cc81ac4f6708c62636d493796bb3675577437f'}, 'dob': {'date': '1969-04-06T14:01:57.715Z', 'age': 55}, 'registered': {'date': '2012-12-22T03:42:11.360Z', 'age': 11}, 'phone': '18324650', 'cell': '23661252', 'id': {'name': 'CPR', 'value': '060469-4477'}, 'picture': {'large': 'https://randomuser.me/api/portraits/women/85.jpg', 'medium': 'https://randomuser.me/api/portraits/med/women/85.jpg', 'thumbnail': 'https://randomuser.me/api/portraits/thumb/women/85.jpg'}, 'nat': 'DK'}</msg>
<arg>${json_data['results'][0]}</arg>
<doc>Logs the given message with the given level.</doc>
<status status="PASS" start="2024-04-16T05:14:28.754283" elapsed="0.000442"/>
</kw>
<kw name="Log" owner="BuiltIn">
<msg time="2024-04-16T05:14:28.755148" level="INFO">gender</msg>
<arg>${key}</arg>
<doc>Logs the given message with the given level.</doc>
<status status="PASS" start="2024-04-16T05:14:28.755020" elapsed="0.000165"/>
</kw>
<var name="${key}">gender</var>
<status status="PASS" start="2024-04-16T05:14:28.753424" elapsed="0.001985"/>
</iter>
<iter>
<kw name="Dictionary Should Contain Key" owner="Collections">
<msg time="2024-04-16T05:14:28.756090" level="INFO">False</msg>
<arg>${json_data['results'][0]}</arg>
<arg>${key}</arg>
<doc>Fails if ``key`` is not found from ``dictionary``.</doc>
<status status="PASS" start="2024-04-16T05:14:28.755708" elapsed="0.000419"/>
</kw>
<kw name="Log" owner="BuiltIn">
<msg time="2024-04-16T05:14:28.756864" level="INFO">{'gender': 'female', 'name': {'title': 'Mrs', 'first': 'Liva', 'last': 'Poulsen'}, 'location': {'street': {'number': 4304, 'name': 'Holme Parkvej'}, 'city': 'Jerslev Sj', 'state': 'Syddanmark', 'country': 'Denmark', 'postcode': 42658, 'coordinates': {'latitude': '-39.1391', 'longitude': '125.0994'}, 'timezone': {'offset': '+2:00', 'description': 'Kaliningrad, South Africa'}}, 'email': 'liva.poulsen@example.com', 'login': {'uuid': '8c98655d-5c4e-42f9-a6bc-c068e2d637a8', 'username': 'silverpeacock135', 'password': 'pirate', 'salt': 'Yr5i7Jlz', 'md5': '0b1b1e637012c52d15200b41e26ecb64', 'sha1': '5381b2443511d8cbb4cc7f24607005f6c2601b05', 'sha256': 'be0cce68aafdb874dd0b436974cc81ac4f6708c62636d493796bb3675577437f'}, 'dob': {'date': '1969-04-06T14:01:57.715Z', 'age': 55}, 'registered': {'date': '2012-12-22T03:42:11.360Z', 'age': 11}, 'phone': '18324650', 'cell': '23661252', 'id': {'name': 'CPR', 'value': '060469-4477'}, 'picture': {'large': 'https://randomuser.me/api/portraits/women/85.jpg', 'medium': 'https://randomuser.me/api/portraits/med/women/85.jpg', 'thumbnail': 'https://randomuser.me/api/portraits/thumb/women/85.jpg'}, 'nat': 'DK'}</msg>
<arg>${json_data['results'][0]}</arg>
<doc>Logs the given message with the given level.</doc>
<status status="PASS" start="2024-04-16T05:14:28.756495" elapsed="0.000420"/>
</kw>
<kw name="Log" owner="BuiltIn">
<msg time="2024-04-16T05:14:28.757348" level="INFO">name</msg>
<arg>${key}</arg>
<doc>Logs the given message with the given level.</doc>
<status status="PASS" start="2024-04-16T05:14:28.757218" elapsed="0.000168"/>
</kw>
<var name="${key}">name</var>
<status status="PASS" start="2024-04-16T05:14:28.755593" elapsed="0.002012"/>
</iter>
<iter>
<kw name="Dictionary Should Contain Key" owner="Collections">
<msg time="2024-04-16T05:14:28.758267" level="INFO">False</msg>
<arg>${json_data['results'][0]}</arg>
<arg>${key}</arg>
<doc>Fails if ``key`` is not found from ``dictionary``.</doc>
<status status="PASS" start="2024-04-16T05:14:28.757896" elapsed="0.000408"/>
</kw>
<kw name="Log" owner="BuiltIn">
<msg time="2024-04-16T05:14:28.758953" level="INFO">{'gender': 'female', 'name': {'title': 'Mrs', 'first': 'Liva', 'last': 'Poulsen'}, 'location': {'street': {'number': 4304, 'name': 'Holme Parkvej'}, 'city': 'Jerslev Sj', 'state': 'Syddanmark', 'country': 'Denmark', 'postcode': 42658, 'coordinates': {'latitude': '-39.1391', 'longitude': '125.0994'}, 'timezone': {'offset': '+2:00', 'description': 'Kaliningrad, South Africa'}}, 'email': 'liva.poulsen@example.com', 'login': {'uuid': '8c98655d-5c4e-42f9-a6bc-c068e2d637a8', 'username': 'silverpeacock135', 'password': 'pirate', 'salt': 'Yr5i7Jlz', 'md5': '0b1b1e637012c52d15200b41e26ecb64', 'sha1': '5381b2443511d8cbb4cc7f24607005f6c2601b05', 'sha256': 'be0cce68aafdb874dd0b436974cc81ac4f6708c62636d493796bb3675577437f'}, 'dob': {'date': '1969-04-06T14:01:57.715Z', 'age': 55}, 'registered': {'date': '2012-12-22T03:42:11.360Z', 'age': 11}, 'phone': '18324650', 'cell': '23661252', 'id': {'name': 'CPR', 'value': '060469-4477'}, 'picture': {'large': 'https://randomuser.me/api/portraits/women/85.jpg', 'medium': 'https://randomuser.me/api/portraits/med/women/85.jpg', 'thumbnail': 'https://randomuser.me/api/portraits/thumb/women/85.jpg'}, 'nat': 'DK'}</msg>
<arg>${json_data['results'][0]}</arg>
<doc>Logs the given message with the given level.</doc>
<status status="PASS" start="2024-04-16T05:14:28.758597" elapsed="0.000401"/>
</kw>
<kw name="Log" owner="BuiltIn">
<msg time="2024-04-16T05:14:28.759417" level="INFO">location</msg>
<arg>${key}</arg>
<doc>Logs the given message with the given level.</doc>
<status status="PASS" start="2024-04-16T05:14:28.759291" elapsed="0.000164"/>
</kw>
<var name="${key}">location</var>
<status status="PASS" start="2024-04-16T05:14:28.757785" elapsed="0.001885"/>
</iter>
<iter>
<kw name="Dictionary Should Contain Key" owner="Collections">
<msg time="2024-04-16T05:14:28.760369" level="INFO">False</msg>
<arg>${json_data['results'][0]}</arg>
<arg>${key}</arg>
<doc>Fails if ``key`` is not found from ``dictionary``.</doc>
<status status="PASS" start="2024-04-16T05:14:28.759953" elapsed="0.000458"/>
</kw>
<kw name="Log" owner="BuiltIn">
<msg time="2024-04-16T05:14:28.761065" level="INFO">{'gender': 'female', 'name': {'title': 'Mrs', 'first': 'Liva', 'last': 'Poulsen'}, 'location': {'street': {'number': 4304, 'name': 'Holme Parkvej'}, 'city': 'Jerslev Sj', 'state': 'Syddanmark', 'country': 'Denmark', 'postcode': 42658, 'coordinates': {'latitude': '-39.1391', 'longitude': '125.0994'}, 'timezone': {'offset': '+2:00', 'description': 'Kaliningrad, South Africa'}}, 'email': 'liva.poulsen@example.com', 'login': {'uuid': '8c98655d-5c4e-42f9-a6bc-c068e2d637a8', 'username': 'silverpeacock135', 'password': 'pirate', 'salt': 'Yr5i7Jlz', 'md5': '0b1b1e637012c52d15200b41e26ecb64', 'sha1': '5381b2443511d8cbb4cc7f24607005f6c2601b05', 'sha256': 'be0cce68aafdb874dd0b436974cc81ac4f6708c62636d493796bb3675577437f'}, 'dob': {'date': '1969-04-06T14:01:57.715Z', 'age': 55}, 'registered': {'date': '2012-12-22T03:42:11.360Z', 'age': 11}, 'phone': '18324650', 'cell': '23661252', 'id': {'name': 'CPR', 'value': '060469-4477'}, 'picture': {'large': 'https://randomuser.me/api/portraits/women/85.jpg', 'medium': 'https://randomuser.me/api/portraits/med/women/85.jpg', 'thumbnail': 'https://randomuser.me/api/portraits/thumb/women/85.jpg'}, 'nat': 'DK'}</msg>
<arg>${json_data['results'][0]}</arg>
<doc>Logs the given message with the given level.</doc>
<status status="PASS" start="2024-04-16T05:14:28.760710" elapsed="0.000402"/>
</kw>
<kw name="Log" owner="BuiltIn">
<msg time="2024-04-16T05:14:28.761534" level="INFO">email</msg>
<arg>${key}</arg>
<doc>Logs the given message with the given level.</doc>
<status status="PASS" start="2024-04-16T05:14:28.761407" elapsed="0.000164"/>
</kw>
<var name="${key}">email</var>
<status status="PASS" start="2024-04-16T05:14:28.759843" elapsed="0.001944"/>
</iter>
<iter>
<kw name="Dictionary Should Contain Key" owner="Collections">
<msg time="2024-04-16T05:14:28.762448" level="INFO">False</msg>
<arg>${json_data['results'][0]}</arg>
<arg>${key}</arg>
<doc>Fails if ``key`` is not found from ``dictionary``.</doc>
<status status="PASS" start="2024-04-16T05:14:28.762075" elapsed="0.000411"/>
</kw>
<kw name="Log" owner="BuiltIn">
<msg time="2024-04-16T05:14:28.763143" level="INFO">{'gender': 'female', 'name': {'title': 'Mrs', 'first': 'Liva', 'last': 'Poulsen'}, 'location': {'street': {'number': 4304, 'name': 'Holme Parkvej'}, 'city': 'Jerslev Sj', 'state': 'Syddanmark', 'country': 'Denmark', 'postcode': 42658, 'coordinates': {'latitude': '-39.1391', 'longitude': '125.0994'}, 'timezone': {'offset': '+2:00', 'description': 'Kaliningrad, South Africa'}}, 'email': 'liva.poulsen@example.com', 'login': {'uuid': '8c98655d-5c4e-42f9-a6bc-c068e2d637a8', 'username': 'silverpeacock135', 'password': 'pirate', 'salt': 'Yr5i7Jlz', 'md5': '0b1b1e637012c52d15200b41e26ecb64', 'sha1': '5381b2443511d8cbb4cc7f24607005f6c2601b05', 'sha256': 'be0cce68aafdb874dd0b436974cc81ac4f6708c62636d493796bb3675577437f'}, 'dob': {'date': '1969-04-06T14:01:57.715Z', 'age': 55}, 'registered': {'date': '2012-12-22T03:42:11.360Z', 'age': 11}, 'phone': '18324650', 'cell': '23661252', 'id': {'name': 'CPR', 'value': '060469-4477'}, 'picture': {'large': 'https://randomuser.me/api/portraits/women/85.jpg', 'medium': 'https://randomuser.me/api/portraits/med/women/85.jpg', 'thumbnail': 'https://randomuser.me/api/portraits/thumb/women/85.jpg'}, 'nat': 'DK'}</msg>
<arg>${json_data['results'][0]}</arg>
<doc>Logs the given message with the given level.</doc>
<status status="PASS" start="2024-04-16T05:14:28.762786" elapsed="0.000403"/>
</kw>
<kw name="Log" owner="BuiltIn">
<msg time="2024-04-16T05:14:28.763604" level="INFO">login</msg>
<arg>${key}</arg>
<doc>Logs the given message with the given level.</doc>
<status status="PASS" start="2024-04-16T05:14:28.763479" elapsed="0.000162"/>
</kw>
<var name="${key}">login</var>
<status status="PASS" start="2024-04-16T05:14:28.761962" elapsed="0.001918"/>
</iter>
<var>${key}</var>
<value>@{expected_keys}</value>
<status status="PASS" start="2024-04-16T05:14:28.753223" elapsed="0.010783"/>
</for>
<kw name="Create List" owner="BuiltIn">
<msg time="2024-04-16T05:14:28.764359" level="INFO">${expected_keysTwo} = ['username', 'password']</msg>
<var>${expected_keysTwo}</var>
<arg>username</arg>
<arg>password</arg>
<doc>Returns a list containing given items.</doc>
<status status="PASS" start="2024-04-16T05:14:28.764195" elapsed="0.000188"/>
</kw>
<for flavor="IN">
<iter>
<kw name="Dictionary Should Contain Key" owner="Collections">
<msg time="2024-04-16T05:14:28.765369" level="INFO">False</msg>
<arg>${json_data['results'][0]['login']}</arg>
<arg>${keyTwo}</arg>
<doc>Fails if ``key`` is not found from ``dictionary``.</doc>
<status status="PASS" start="2024-04-16T05:14:28.764996" elapsed="0.000410"/>
</kw>
<kw name="Dictionary Should Contain Key" owner="Collections">
<msg time="2024-04-16T05:14:28.766073" level="INFO">False</msg>
<arg>${json_data['results'][0]['login']}</arg>
<arg>${keyTwo}</arg>
<doc>Fails if ``key`` is not found from ``dictionary``.</doc>
<status status="PASS" start="2024-04-16T05:14:28.765702" elapsed="0.000408"/>
</kw>
<kw name="Log" owner="BuiltIn">
<msg time="2024-04-16T05:14:28.766533" level="INFO">username</msg>
<arg>${keyTwo}</arg>
<doc>Logs the given message with the given level.</doc>
<status status="PASS" start="2024-04-16T05:14:28.766406" elapsed="0.000162"/>
</kw>
<var name="${keyTwo}">username</var>
<status status="PASS" start="2024-04-16T05:14:28.764871" elapsed="0.001910"/>
</iter>
<iter>
<kw name="Dictionary Should Contain Key" owner="Collections">
<msg time="2024-04-16T05:14:28.767440" level="INFO">False</msg>
<arg>${json_data['results'][0]['login']}</arg>
<arg>${keyTwo}</arg>
<doc>Fails if ``key`` is not found from ``dictionary``.</doc>
<status status="PASS" start="2024-04-16T05:14:28.767064" elapsed="0.000413"/>
</kw>
<kw name="Dictionary Should Contain Key" owner="Collections">
<msg time="2024-04-16T05:14:28.768142" level="INFO">False</msg>
<arg>${json_data['results'][0]['login']}</arg>
<arg>${keyTwo}</arg>
<doc>Fails if ``key`` is not found from ``dictionary``.</doc>
<status status="PASS" start="2024-04-16T05:14:28.767769" elapsed="0.000410"/>
</kw>
<kw name="Log" owner="BuiltIn">
<msg time="2024-04-16T05:14:28.768630" level="INFO">password</msg>
<arg>${keyTwo}</arg>
<doc>Logs the given message with the given level.</doc>
<status status="PASS" start="2024-04-16T05:14:28.768504" elapsed="0.000163"/>
</kw>
<var name="${keyTwo}">password</var>
<status status="PASS" start="2024-04-16T05:14:28.766954" elapsed="0.001928"/>
</iter>
<var>${keyTwo}</var>
<value>@{expected_keysTwo}</value>
<status status="PASS" start="2024-04-16T05:14:28.764621" elapsed="0.004382"/>
</for>
<status status="PASS" start="2024-04-16T05:14:28.642691" elapsed="0.126451"/>
</kw>
<doc>Testa a estrutura da resposta da API.</doc>
<tag>testeEstruturaResposta</tag>
<status status="PASS" start="2024-04-16T05:14:28.642089" elapsed="0.127202"/>
</test>
<test id="s1-s1-t4" name="Validar tipos de dados" line="28">
<kw name="Teste de Tipos de Dados" owner="random-user-service">
<kw name="GET On Session" owner="RequestsLibrary">
<msg time="2024-04-16T05:14:28.838945" level="INFO">GET Request : url=https://randomuser.me/api 
 path_url=/api 
 headers={'User-Agent': 'python-requests/2.31.0', 'Accept-Encoding': 'gzip, deflate', 'Accept': '*/*', 'Connection': 'keep-alive'} 
 body=None 
 </msg>
<msg time="2024-04-16T05:14:28.839027" level="INFO">GET Response : url=https://randomuser.me/api 
 status=200, reason=OK 
 headers={'Date': 'Tue, 16 Apr 2024 05:14:28 GMT', 'Content-Type': 'application/json; charset=utf-8', 'Transfer-Encoding': 'chunked', 'Connection': 'keep-alive', 'X-Powered-By': 'Express', 'Access-Control-Allow-Origin': '*', 'Cache-Control': 'no-cache', 'ETag': 'W/"476-8PMUjnfhMWZZujKb7CJ28nUU2w4"', 'Vary': 'Accept-Encoding', 'Content-Encoding': 'gzip', 'CF-Cache-Status': 'DYNAMIC', 'Report-To': '{"endpoints":[{"url":"https:\\/\\/a.nel.cloudflare.com\\/report\\/v4?s=UOky%2F7q93Sc2qo8QjhnJB9wSQl6gcf%2Fsu6QEPjCDLrIr6BFATKn076DaEUX62cUBHt0wu9jl%2FMsWCRfeEPlGtai%2FZVLCGuPFVVTbOmV%2F15KoaYzUfvCOLTZI9%2BQaYMo%2F"}],"group":"cf-nel","max_age":604800}', 'NEL': '{"success_fraction":0,"report_to":"cf-nel","max_age":604800}', 'Server': 'cloudflare', 'CF-RAY': '8751b129da942238-ORD', 'alt-svc': 'h3=":443"; ma=86400'} 
 body={"results":[{"gender":"female","name":{"title":"Miss","first":"Pallavi","last":"Dawangave"},"location":{"street":{"number":3184,"name":"Ashoka Rd"},"city":"Adoni","state":"Gujarat","country":"India","postcode":27022,"coordinates":{"latitude":"12.3917","longitude":"27.5052"},"timezone":{"offset":"+3:30","description":"Tehran"}},"email":"pallavi.dawangave@example.com","login":{"uuid":"84195005-3d62-45f0-8be3-a0145098e191","username":"blueostrich146","password":"tender","salt":"ZAjv8csR","md5":"43e45a7343dd23045af2962a58f5193f","sha1":"35fd303291021002540e0c7826214b22414047f1","sha256":"a58d2e5437e57f4a8b6160d4e1fca4a4207b7bab6b7eabbbbd1a41ebaaae5175"},"dob":{"date":"1949-10-25T12:05:47.973Z","age":74},"registered":{"date":"2008-04-18T04:42:00.128Z","age":15},"phone":"7559060550","cell":"9379683967","id":{"name":"UIDAI","value":"359279263290"},"picture":{"large":"https://randomuser.me/api/portraits/women/30.jpg","medium":"https://randomuser.me/api/portraits/med/women/30.jpg","thumbnail":"https://randomuser.me/api/portraits/thumb/women/30.jpg"},"nat":"IN"}],"info":{"seed":"844459a536ac2599","results":1,"page":1,"version":"1.4"}} 
 </msg>
<msg time="2024-04-16T05:14:28.839098" level="INFO">/opt/hostedtoolcache/Python/3.12.2/x64/lib/python3.12/site-packages/urllib3/connectionpool.py:1103: InsecureRequestWarning: Unverified HTTPS request is being made to host 'randomuser.me'. Adding certificate verification is strongly advised. See: https://urllib3.readthedocs.io/en/latest/advanced-usage.html#tls-warnings
  warnings.warn(</msg>
<msg time="2024-04-16T05:14:28.839205" level="INFO">${response} = &lt;Response [200]&gt;</msg>
<var>${response}</var>
<arg>consultarAPI</arg>
<arg>/api</arg>
<doc>Sends a GET request on a previously created HTTP Session.</doc>
<status status="PASS" start="2024-04-16T05:14:28.771675" elapsed="0.067569"/>
</kw>
<kw name="Set Variable" owner="BuiltIn">
<msg time="2024-04-16T05:14:28.840113" level="INFO">${json_data} = {'results': [{'gender': 'female', 'name': {'title': 'Miss', 'first': 'Pallavi', 'last': 'Dawangave'}, 'location': {'street': {'number': 3184, 'name': 'Ashoka Rd'}, 'city': 'Adoni', 'state': 'Gujarat',...</msg>
<var>${json_data}</var>
<arg>${response.json()}</arg>
<doc>Returns the given values which can then be assigned to a variables.</doc>
<status status="PASS" start="2024-04-16T05:14:28.839682" elapsed="0.000459"/>
</kw>
<kw name="Log" owner="BuiltIn">
<msg time="2024-04-16T05:14:28.840650" level="INFO">{'results': [{'gender': 'female', 'name': {'title': 'Miss', 'first': 'Pallavi', 'last': 'Dawangave'}, 'location': {'street': {'number': 3184, 'name': 'Ashoka Rd'}, 'city': 'Adoni', 'state': 'Gujarat', 'country': 'India', 'postcode': 27022, 'coordinates': {'latitude': '12.3917', 'longitude': '27.5052'}, 'timezone': {'offset': '+3:30', 'description': 'Tehran'}}, 'email': 'pallavi.dawangave@example.com', 'login': {'uuid': '84195005-3d62-45f0-8be3-a0145098e191', 'username': 'blueostrich146', 'password': 'tender', 'salt': 'ZAjv8csR', 'md5': '43e45a7343dd23045af2962a58f5193f', 'sha1': '35fd303291021002540e0c7826214b22414047f1', 'sha256': 'a58d2e5437e57f4a8b6160d4e1fca4a4207b7bab6b7eabbbbd1a41ebaaae5175'}, 'dob': {'date': '1949-10-25T12:05:47.973Z', 'age': 74}, 'registered': {'date': '2008-04-18T04:42:00.128Z', 'age': 15}, 'phone': '7559060550', 'cell': '9379683967', 'id': {'name': 'UIDAI', 'value': '359279263290'}, 'picture': {'large': 'https://randomuser.me/api/portraits/women/30.jpg', 'medium': 'https://randomuser.me/api/portraits/med/women/30.jpg', 'thumbnail': 'https://randomuser.me/api/portraits/thumb/women/30.jpg'}, 'nat': 'IN'}], 'info': {'seed': '844459a536ac2599', 'results': 1, 'page': 1, 'version': '1.4'}}</msg>
<arg>${json_data}</arg>
<doc>Logs the given message with the given level.</doc>
<status status="PASS" start="2024-04-16T05:14:28.840492" elapsed="0.000236"/>
</kw>
<kw name="Should Be String" owner="String">
<arg>${json_data['results'][0]['gender']}</arg>
<doc>Fails if the given ``item`` is not a string.</doc>
<status status="PASS" start="2024-04-16T05:14:28.841027" elapsed="0.000354"/>
</kw>
<kw name="Should Match Regexp" owner="BuiltIn">
<arg>${json_data['results'][0]['email']}</arg>
<arg>^[a-zA-Z0-9._%+-]+@[a-zA-Z0-9.-]+\.[a-zA-Z]{2,}$</arg>
<doc>Fails if ``string`` does not match ``pattern`` as a regular expression.</doc>
<status status="PASS" start="2024-04-16T05:14:28.841572" elapsed="0.000497"/>
</kw>
<kw name="Should Match Regexp" owner="BuiltIn">
<arg>${json_data['results'][0]['dob']['date']}</arg>
<arg>\\d{4}-\\d{2}-\\d{2}T\\d{2}:\\d{2}:\\d{2}\\.\\d{3}Z</arg>
<doc>Fails if ``string`` does not match ``pattern`` as a regular expression.</doc>
<status status="PASS" start="2024-04-16T05:14:28.842265" elapsed="0.000479"/>
</kw>
<kw name="Should Match Regexp" owner="BuiltIn">
<arg>${json_data['results'][0]['registered']['date']}</arg>
<arg>\\d{4}-\\d{2}-\\d{2}T\\d{2}:\\d{2}:\\d{2}\\.\\d{3}Z</arg>
<doc>Fails if ``string`` does not match ``pattern`` as a regular expression.</doc>
<status status="PASS" start="2024-04-16T05:14:28.842941" elapsed="0.000360"/>
</kw>
<kw name="Should Match Regexp" owner="BuiltIn">
<arg>${json_data['results'][0]['picture']['large']}</arg>
<arg>^https?://.*\.(?:png|jpe?g|gif|bmp)$</arg>
<doc>Fails if ``string`` does not match ``pattern`` as a regular expression.</doc>
<status status="PASS" start="2024-04-16T05:14:28.843488" elapsed="0.000453"/>
</kw>
<kw name="Should Match Regexp" owner="BuiltIn">
<arg>${json_data['results'][0]['picture']['medium']}</arg>
<arg>^https?://.*\.(?:png|jpe?g|gif|bmp)$</arg>
<doc>Fails if ``string`` does not match ``pattern`` as a regular expression.</doc>
<status status="PASS" start="2024-04-16T05:14:28.844130" elapsed="0.000375"/>
</kw>
<kw name="Should Match Regexp" owner="BuiltIn">
<arg>${json_data['results'][0]['picture']['thumbnail']}</arg>
<arg>^https?://.*\.(?:png|jpe?g|gif|bmp)$</arg>
<doc>Fails if ``string`` does not match ``pattern`` as a regular expression.</doc>
<status status="PASS" start="2024-04-16T05:14:28.844690" elapsed="0.000354"/>
</kw>
<kw name="Log" owner="BuiltIn">
<msg time="2024-04-16T05:14:28.845553" level="INFO">{'large': 'https://randomuser.me/api/portraits/women/30.jpg', 'medium': 'https://randomuser.me/api/portraits/med/women/30.jpg', 'thumbnail': 'https://randomuser.me/api/portraits/thumb/women/30.jpg'}</msg>
<arg>${json_data['results'][0]['picture']}</arg>
<doc>Logs the given message with the given level.</doc>
<status status="PASS" start="2024-04-16T05:14:28.845225" elapsed="0.000370"/>
</kw>
<status status="PASS" start="2024-04-16T05:14:28.771454" elapsed="0.074394"/>
</kw>
<kw name="Teste de Tipos de Dados - Postcode" owner="random-user-service">
<kw name="GET On Session" owner="RequestsLibrary">
<msg time="2024-04-16T05:14:28.937095" level="INFO">GET Request : url=https://randomuser.me/api 
 path_url=/api 
 headers={'User-Agent': 'python-requests/2.31.0', 'Accept-Encoding': 'gzip, deflate', 'Accept': '*/*', 'Connection': 'keep-alive'} 
 body=None 
 </msg>
<msg time="2024-04-16T05:14:28.937183" level="INFO">GET Response : url=https://randomuser.me/api 
 status=200, reason=OK 
 headers={'Date': 'Tue, 16 Apr 2024 05:14:28 GMT', 'Content-Type': 'application/json; charset=utf-8', 'Transfer-Encoding': 'chunked', 'Connection': 'keep-alive', 'X-Powered-By': 'Express', 'Access-Control-Allow-Origin': '*', 'Cache-Control': 'no-cache', 'ETag': 'W/"45b-hDAHBN+3QwBo2Um67ipQ8KRxCZI"', 'Vary': 'Accept-Encoding', 'Content-Encoding': 'gzip', 'CF-Cache-Status': 'DYNAMIC', 'Report-To': '{"endpoints":[{"url":"https:\\/\\/a.nel.cloudflare.com\\/report\\/v4?s=IAnX8uiZeeB7wVZtNrtYxlo1vILOX6wuQWOh3y2TtMXuJ0CqIbFtBcLUgDK4HHR90WmDuQEup5rcZA91iKKk%2Bl7d0ZmsppQR3tHcE3aFbTe9NYNBBBSAFwQorDWJy10h"}],"group":"cf-nel","max_age":604800}', 'NEL': '{"success_fraction":0,"report_to":"cf-nel","max_age":604800}', 'Server': 'cloudflare', 'CF-RAY': '8751b12a4b022238-ORD', 'alt-svc': 'h3=":443"; ma=86400'} 
 body={"results":[{"gender":"male","name":{"title":"Mr","first":"Ege","last":"Tunçeri"},"location":{"street":{"number":331,"name":"Abanoz Sk"},"city":"Sakarya","state":"Muş","country":"Turkey","postcode":96166,"coordinates":{"latitude":"65.5805","longitude":"-145.4779"},"timezone":{"offset":"-9:00","description":"Alaska"}},"email":"ege.tunceri@example.com","login":{"uuid":"5c106a9f-2fc3-4c76-a14a-907ec085dc62","username":"crazymouse651","password":"arianna","salt":"k8VpVCx6","md5":"695b24388bc8060b3f0d23970a37e92a","sha1":"0d8596174f65aaf21a82187fd63a8360b4fbe61d","sha256":"064369204de7b36d3ef1f548e0cb40d7bf1ede9a8abd405bdf2fca360945e486"},"dob":{"date":"1945-02-23T14:51:11.706Z","age":79},"registered":{"date":"2011-01-19T21:16:15.299Z","age":13},"phone":"(705)-387-4154","cell":"(794)-797-0201","id":{"name":"","value":null},"picture":{"large":"https://randomuser.me/api/portraits/men/93.jpg","medium":"https://randomuser.me/api/portraits/med/men/93.jpg","thumbnail":"https://randomuser.me/api/portraits/thumb/men/93.jpg"},"nat":"TR"}],"info":{"seed":"205bb23f18ee01e5","results":1,"page":1,"version":"1.4"}} 
 </msg>
<msg time="2024-04-16T05:14:28.937274" level="INFO">/opt/hostedtoolcache/Python/3.12.2/x64/lib/python3.12/site-packages/urllib3/connectionpool.py:1103: InsecureRequestWarning: Unverified HTTPS request is being made to host 'randomuser.me'. Adding certificate verification is strongly advised. See: https://urllib3.readthedocs.io/en/latest/advanced-usage.html#tls-warnings
  warnings.warn(</msg>
<msg time="2024-04-16T05:14:28.937391" level="INFO">${response} = &lt;Response [200]&gt;</msg>
<var>${response}</var>
<arg>consultarAPI</arg>
<arg>/api</arg>
<doc>Sends a GET request on a previously created HTTP Session.</doc>
<status status="PASS" start="2024-04-16T05:14:28.846287" elapsed="0.091152"/>
</kw>
<kw name="Set Variable" owner="BuiltIn">
<msg time="2024-04-16T05:14:28.938321" level="INFO">${json_data} = {'results': [{'gender': 'male', 'name': {'title': 'Mr', 'first': 'Ege', 'last': 'Tunçeri'}, 'location': {'street': {'number': 331, 'name': 'Abanoz Sk'}, 'city': 'Sakarya', 'state': 'Muş', 'country': '...</msg>
<var>${json_data}</var>
<arg>${response.json()}</arg>
<doc>Returns the given values which can then be assigned to a variables.</doc>
<status status="PASS" start="2024-04-16T05:14:28.937870" elapsed="0.000481"/>
</kw>
<kw name="Log" owner="BuiltIn">
<msg time="2024-04-16T05:14:28.938825" level="INFO">{'results': [{'gender': 'male', 'name': {'title': 'Mr', 'first': 'Ege', 'last': 'Tunçeri'}, 'location': {'street': {'number': 331, 'name': 'Abanoz Sk'}, 'city': 'Sakarya', 'state': 'Muş', 'country': 'Turkey', 'postcode': 96166, 'coordinates': {'latitude': '65.5805', 'longitude': '-145.4779'}, 'timezone': {'offset': '-9:00', 'description': 'Alaska'}}, 'email': 'ege.tunceri@example.com', 'login': {'uuid': '5c106a9f-2fc3-4c76-a14a-907ec085dc62', 'username': 'crazymouse651', 'password': 'arianna', 'salt': 'k8VpVCx6', 'md5': '695b24388bc8060b3f0d23970a37e92a', 'sha1': '0d8596174f65aaf21a82187fd63a8360b4fbe61d', 'sha256': '064369204de7b36d3ef1f548e0cb40d7bf1ede9a8abd405bdf2fca360945e486'}, 'dob': {'date': '1945-02-23T14:51:11.706Z', 'age': 79}, 'registered': {'date': '2011-01-19T21:16:15.299Z', 'age': 13}, 'phone': '(705)-387-4154', 'cell': '(794)-797-0201', 'id': {'name': '', 'value': None}, 'picture': {'large': 'https://randomuser.me/api/portraits/men/93.jpg', 'medium': 'https://randomuser.me/api/portraits/med/men/93.jpg', 'thumbnail': 'https://randomuser.me/api/portraits/thumb/men/93.jpg'}, 'nat': 'TR'}], 'info': {'seed': '205bb23f18ee01e5', 'results': 1, 'page': 1, 'version': '1.4'}}</msg>
<arg>${json_data}</arg>
<doc>Logs the given message with the given level.</doc>
<status status="PASS" start="2024-04-16T05:14:28.938659" elapsed="0.000247"/>
</kw>
<kw name="Should Be Equal As Numbers" owner="BuiltIn">
<arg>${json_data['results'][0]['location']['postcode']}</arg>
<arg>${json_data['results'][0]['location']['postcode']}</arg>
<doc>Fails if objects are unequal after converting them to real numbers.</doc>
<status status="PASS" start="2024-04-16T05:14:28.939209" elapsed="0.000617"/>
</kw>
<kw name="Log" owner="BuiltIn">
<msg time="2024-04-16T05:14:28.940420" level="INFO">96166</msg>
<arg>${json_data['results'][0]['location']['postcode']}</arg>
<doc>Logs the given message with the given level.</doc>
<status status="PASS" start="2024-04-16T05:14:28.940020" elapsed="0.000443"/>
</kw>
<status status="PASS" start="2024-04-16T05:14:28.846063" elapsed="0.094662"/>
</kw>
<doc>Testa se os tipos de dados na resposta da API estão corretos.</doc>
<tag>testeTiposDados</tag>
<status status="PASS" start="2024-04-16T05:14:28.771013" elapsed="0.169873"/>
</test>
<test id="s1-s1-t5" name="Validar conteudo" line="35">
<kw name="Teste de Tipos de Conteudo" owner="random-user-service">
<kw name="GET On Session" owner="RequestsLibrary">
<msg time="2024-04-16T05:14:29.039549" level="INFO">GET Request : url=https://randomuser.me/api 
 path_url=/api 
 headers={'User-Agent': 'python-requests/2.31.0', 'Accept-Encoding': 'gzip, deflate', 'Accept': '*/*', 'Connection': 'keep-alive'} 
 body=None 
 </msg>
<msg time="2024-04-16T05:14:29.039633" level="INFO">GET Response : url=https://randomuser.me/api 
 status=200, reason=OK 
 headers={'Date': 'Tue, 16 Apr 2024 05:14:29 GMT', 'Content-Type': 'application/json; charset=utf-8', 'Transfer-Encoding': 'chunked', 'Connection': 'keep-alive', 'X-Powered-By': 'Express', 'Access-Control-Allow-Origin': '*', 'Cache-Control': 'no-cache', 'ETag': 'W/"474-M0jkxkDjymP9dvuAJdDy0FXmPlo"', 'Vary': 'Accept-Encoding', 'Content-Encoding': 'gzip', 'CF-Cache-Status': 'DYNAMIC', 'Report-To': '{"endpoints":[{"url":"https:\\/\\/a.nel.cloudflare.com\\/report\\/v4?s=Glkdbsk8dKEJWl2vsr0JVbzch5WEAKoA1fhXZMsqWYdh2TVe1%2FIXDTqm1BF8Be5lqMnH6U6NoP%2Frw9xSe7uofQKgWP0y32d3F69iPQlwlru3R5dvr8TJe0zD3VJe%2FZIL"}],"group":"cf-nel","max_age":604800}', 'NEL': '{"success_fraction":0,"report_to":"cf-nel","max_age":604800}', 'Server': 'cloudflare', 'CF-RAY': '8751b12aeb5e2238-ORD', 'alt-svc': 'h3=":443"; ma=86400'} 
 body={"results":[{"gender":"female","name":{"title":"Ms","first":"Paraskeva","last":"Cheh"},"location":{"street":{"number":2555,"name":"Garmatniy provulok"},"city":"Borshchiv","state":"Zaporizka","country":"Ukraine","postcode":42905,"coordinates":{"latitude":"79.5919","longitude":"77.9717"},"timezone":{"offset":"+4:30","description":"Kabul"}},"email":"paraskeva.cheh@example.com","login":{"uuid":"aeca4315-5900-4e12-83e1-e770f4f926cb","username":"bigtiger508","password":"trojan","salt":"Ldd5fkGo","md5":"4de5acda52f863b85f08217b270b2d7b","sha1":"3244e51e2f75063d2bd185ce597d4aef7c02891b","sha256":"07eee84e97c425af614875fd15b82210e6a5367b04c03bb333792043195be416"},"dob":{"date":"1971-11-13T19:47:10.430Z","age":52},"registered":{"date":"2003-03-19T05:27:58.310Z","age":21},"phone":"(068) Z51-3860","cell":"(099) R24-6823","id":{"name":"","value":null},"picture":{"large":"https://randomuser.me/api/portraits/women/93.jpg","medium":"https://randomuser.me/api/portraits/med/women/93.jpg","thumbnail":"https://randomuser.me/api/portraits/thumb/women/93.jpg"},"nat":"UA"}],"info":{"seed":"c4f180bb4b65dfdb","results":1,"page":1,"version":"1.4"}} 
 </msg>
<msg time="2024-04-16T05:14:29.039704" level="INFO">/opt/hostedtoolcache/Python/3.12.2/x64/lib/python3.12/site-packages/urllib3/connectionpool.py:1103: InsecureRequestWarning: Unverified HTTPS request is being made to host 'randomuser.me'. Adding certificate verification is strongly advised. See: https://urllib3.readthedocs.io/en/latest/advanced-usage.html#tls-warnings
  warnings.warn(</msg>
<msg time="2024-04-16T05:14:29.039815" level="INFO">${response} = &lt;Response [200]&gt;</msg>
<var>${response}</var>
<arg>consultarAPI</arg>
<arg>/api</arg>
<doc>Sends a GET request on a previously created HTTP Session.</doc>
<status status="PASS" start="2024-04-16T05:14:28.943231" elapsed="0.096627"/>
</kw>
<kw name="Set Variable" owner="BuiltIn">
<msg time="2024-04-16T05:14:29.040715" level="INFO">${json_data} = {'results': [{'gender': 'female', 'name': {'title': 'Ms', 'first': 'Paraskeva', 'last': 'Cheh'}, 'location': {'street': {'number': 2555, 'name': 'Garmatniy provulok'}, 'city': 'Borshchiv', 'state': 'Z...</msg>
<var>${json_data}</var>
<arg>${response.json()}</arg>
<doc>Returns the given values which can then be assigned to a variables.</doc>
<status status="PASS" start="2024-04-16T05:14:29.040267" elapsed="0.000476"/>
</kw>
<kw name="Set Variable" owner="BuiltIn">
<msg time="2024-04-16T05:14:29.041423" level="INFO">${name_title} = Ms</msg>
<var>${name_title}</var>
<arg>${json_data["results"][0]["name"]["title"]}</arg>
<doc>Returns the given values which can then be assigned to a variables.</doc>
<status status="PASS" start="2024-04-16T05:14:29.041047" elapsed="0.000401"/>
</kw>
<kw name="Create List" owner="BuiltIn">
<msg time="2024-04-16T05:14:29.041894" level="INFO">${allowed_titles} = ['Mr', 'Ms', 'Miss', 'Mrs', 'Madame', 'Monsieur']</msg>
<var>${allowed_titles}</var>
<arg>Mr</arg>
<arg>Ms</arg>
<arg>Miss</arg>
<arg>Mrs</arg>
<arg>Madame</arg>
<arg>Monsieur</arg>
<doc>Returns a list containing given items.</doc>
<status status="PASS" start="2024-04-16T05:14:29.041745" elapsed="0.000174"/>
</kw>
<kw name="List Should Contain Value" owner="Collections">
<msg time="2024-04-16T05:14:29.042394" level="INFO">False</msg>
<arg>${allowed_titles}</arg>
<arg>${name_title}</arg>
<doc>Fails if the ``value`` is not found from ``list``.</doc>
<status status="PASS" start="2024-04-16T05:14:29.042223" elapsed="0.000209"/>
</kw>
<kw name="Set Variable" owner="BuiltIn">
<msg time="2024-04-16T05:14:29.043100" level="INFO">${name_country} = UA</msg>
<var>${name_country}</var>
<arg>${json_data["results"][0]["nat"]}</arg>
<doc>Returns the given values which can then be assigned to a variables.</doc>
<status status="PASS" start="2024-04-16T05:14:29.042723" elapsed="0.000402"/>
</kw>
<kw name="Create List" owner="BuiltIn">
<msg time="2024-04-16T05:14:29.044030" level="INFO">${list_country} = ['AD', 'AE', 'AF', 'AG', 'AI', 'AL', 'AM', 'AO', 'AQ', 'AR', 'AS', 'AT', 'AU', 'AW', 'AX', 'AZ', 'BA', 'BB', 'BD', 'BE', 'BF', 'BG', 'BH', 'BI', 'BJ', 'BL', 'BM', 'BN', 'BO', 'BQ', 'BR', 'BS', 'BT', '...</msg>
<var>${list_country}</var>
<arg>AD</arg>
<arg>AE</arg>
<arg>AF</arg>
<arg>AG</arg>
<arg>AI</arg>
<arg>AL</arg>
<arg>AM</arg>
<arg>AO</arg>
<arg>AQ</arg>
<arg>AR</arg>
<arg>AS</arg>
<arg>AT</arg>
<arg>AU</arg>
<arg>AW</arg>
<arg>AX</arg>
<arg>AZ</arg>
<arg>BA</arg>
<arg>BB</arg>
<arg>BD</arg>
<arg>BE</arg>
<arg>BF</arg>
<arg>BG</arg>
<arg>BH</arg>
<arg>BI</arg>
<arg>BJ</arg>
<arg>BL</arg>
<arg>BM</arg>
<arg>BN</arg>
<arg>BO</arg>
<arg>BQ</arg>
<arg>BR</arg>
<arg>BS</arg>
<arg>BT</arg>
<arg>BV</arg>
<arg>BW</arg>
<arg>BY</arg>
<arg>BZ</arg>
<arg>CA</arg>
<arg>CC</arg>
<arg>CD</arg>
<arg>CF</arg>
<arg>CG</arg>
<arg>CH</arg>
<arg>CI</arg>
<arg>CK</arg>
<arg>CL</arg>
<arg>CM</arg>
<arg>CN</arg>
<arg>CO</arg>
<arg>CR</arg>
<arg>CU</arg>
<arg>CV</arg>
<arg>CW</arg>
<arg>CX</arg>
<arg>CY</arg>
<arg>CZ</arg>
<arg>DE</arg>
<arg>DJ</arg>
<arg>DK</arg>
<arg>DM</arg>
<arg>DO</arg>
<arg>DZ</arg>
<arg>EC</arg>
<arg>EE</arg>
<arg>EG</arg>
<arg>EH</arg>
<arg>ER</arg>
<arg>ES</arg>
<arg>ET</arg>
<arg>FI</arg>
<arg>FJ</arg>
<arg>FK</arg>
<arg>FM</arg>
<arg>FO</arg>
<arg>FR</arg>
<arg>GA</arg>
<arg>GB</arg>
<arg>GD</arg>
<arg>GE</arg>
<arg>GF</arg>
<arg>GG</arg>
<arg>GH</arg>
<arg>GI</arg>
<arg>GL</arg>
<arg>GM</arg>
<arg>GN</arg>
<arg>GP</arg>
<arg>GQ</arg>
<arg>GR</arg>
<arg>GS</arg>
<arg>GT</arg>
<arg>GU</arg>
<arg>GW</arg>
<arg>GY</arg>
<arg>HK</arg>
<arg>HM</arg>
<arg>HN</arg>
<arg>HR</arg>
<arg>HT</arg>
<arg>HU</arg>
<arg>ID</arg>
<arg>IE</arg>
<arg>IL</arg>
<arg>IM</arg>
<arg>IN</arg>
<arg>IO</arg>
<arg>IQ</arg>
<arg>IR</arg>
<arg>IS</arg>
<arg>IT</arg>
<arg>JE</arg>
<arg>JM</arg>
<arg>JO</arg>
<arg>JP</arg>
<arg>KE</arg>
<arg>KG</arg>
<arg>KH</arg>
<arg>KI</arg>
<arg>KM</arg>
<arg>KN</arg>
<arg>KP</arg>
<arg>KR</arg>
<arg>KW</arg>
<arg>KY</arg>
<arg>KZ</arg>
<arg>LA</arg>
<arg>LB</arg>
<arg>LC</arg>
<arg>LI</arg>
<arg>LK</arg>
<arg>LR</arg>
<arg>LS</arg>
<arg>LT</arg>
<arg>LU</arg>
<arg>LV</arg>
<arg>LY</arg>
<arg>MA</arg>
<arg>MC</arg>
<arg>MD</arg>
<arg>ME</arg>
<arg>MF</arg>
<arg>MG</arg>
<arg>MH</arg>
<arg>MK</arg>
<arg>ML</arg>
<arg>MM</arg>
<arg>MN</arg>
<arg>MO</arg>
<arg>MP</arg>
<arg>MQ</arg>
<arg>MR</arg>
<arg>MS</arg>
<arg>MT</arg>
<arg>MU</arg>
<arg>MV</arg>
<arg>MW</arg>
<arg>MX</arg>
<arg>MY</arg>
<arg>MZ</arg>
<arg>NA</arg>
<arg>NC</arg>
<arg>NE</arg>
<arg>NF</arg>
<arg>NG</arg>
<arg>NI</arg>
<arg>NL</arg>
<arg>NO</arg>
<arg>NP</arg>
<arg>NR</arg>
<arg>NU</arg>
<arg>NZ</arg>
<arg>OM</arg>
<arg>PA</arg>
<arg>PE</arg>
<arg>PF</arg>
<arg>PG</arg>
<arg>PH</arg>
<arg>PK</arg>
<arg>PL</arg>
<arg>PM</arg>
<arg>PN</arg>
<arg>PR</arg>
<arg>PS</arg>
<arg>PT</arg>
<arg>PW</arg>
<arg>PY</arg>
<arg>QA</arg>
<arg>RE</arg>
<arg>RO</arg>
<arg>RS</arg>
<arg>RU</arg>
<arg>RW</arg>
<arg>SA</arg>
<arg>SB</arg>
<arg>SC</arg>
<arg>SD</arg>
<arg>SE</arg>
<arg>SG</arg>
<arg>SH</arg>
<arg>SI</arg>
<arg>SJ</arg>
<arg>SK</arg>
<arg>SL</arg>
<arg>SM</arg>
<arg>SN</arg>
<arg>SO</arg>
<arg>SR</arg>
<arg>SS</arg>
<arg>ST</arg>
<arg>SV</arg>
<arg>SX</arg>
<arg>SY</arg>
<arg>SZ</arg>
<arg>TC</arg>
<arg>TD</arg>
<arg>TF</arg>
<arg>TG</arg>
<arg>TH</arg>
<arg>TJ</arg>
<arg>TK</arg>
<arg>TL</arg>
<arg>TM</arg>
<arg>TN</arg>
<arg>TO</arg>
<arg>TR</arg>
<arg>TT</arg>
<arg>TV</arg>
<arg>TW</arg>
<arg>TZ</arg>
<arg>UA</arg>
<arg>UG</arg>
<arg>UM</arg>
<arg>US</arg>
<arg>UY</arg>
<arg>UZ</arg>
<arg>VA</arg>
<arg>VC</arg>
<arg>VE</arg>
<arg>VG</arg>
<arg>VI</arg>
<arg>VN</arg>
<arg>VU</arg>
<arg>WF</arg>
<arg>WS</arg>
<arg>XK</arg>
<arg>YE</arg>
<arg>YT</arg>
<arg>ZA</arg>
<arg>ZM</arg>
<arg>ZW</arg>
<doc>Returns a list containing given items.</doc>
<status status="PASS" start="2024-04-16T05:14:29.043429" elapsed="0.000626"/>
</kw>
<kw name="List Should Contain Value" owner="Collections">
<msg time="2024-04-16T05:14:29.045075" level="INFO">False</msg>
<arg>${list_country}</arg>
<arg>${name_country}</arg>
<doc>Fails if the ``value`` is not found from ``list``.</doc>
<status status="PASS" start="2024-04-16T05:14:29.044865" elapsed="0.000247"/>
</kw>
<kw name="Run Keyword If" owner="BuiltIn">
<kw name="Should Be True" owner="BuiltIn">
<arg>${True}</arg>
<doc>Fails if the given condition is not true.</doc>
<status status="PASS" start="2024-04-16T05:14:29.046282" elapsed="0.000144"/>
</kw>
<arg>${json_data["results"][0]["location"]["coordinates"]["latitude"]} &gt;= -90 and ${json_data["results"][0]["location"]["coordinates"]["latitude"]} &lt;= 90</arg>
<arg>Should Be True</arg>
<arg>${True}</arg>
<doc>Runs the given keyword with the given arguments, if ``condition`` is true.</doc>
<status status="PASS" start="2024-04-16T05:14:29.045428" elapsed="0.001125"/>
</kw>
<kw name="Run Keyword If" owner="BuiltIn">
<kw name="Should Be True" owner="BuiltIn">
<arg>${True}</arg>
<doc>Fails if the given condition is not true.</doc>
<status status="PASS" start="2024-04-16T05:14:29.047430" elapsed="0.000137"/>
</kw>
<arg>${json_data["results"][0]["location"]["coordinates"]["longitude"]} &gt;= -180 and ${json_data["results"][0]["location"]["coordinates"]["longitude"]} &lt;= 180</arg>
<arg>Should Be True</arg>
<arg>${True}</arg>
<doc>Runs the given keyword with the given arguments, if ``condition`` is true.</doc>
<status status="PASS" start="2024-04-16T05:14:29.046739" elapsed="0.000951"/>
</kw>
<status status="PASS" start="2024-04-16T05:14:28.943010" elapsed="0.104808"/>
</kw>
<doc>Testa o conteúdo específico dos campos retornados pela API.</doc>
<tag>testeConteudo</tag>
<status status="PASS" start="2024-04-16T05:14:28.942592" elapsed="0.105369"/>
</test>
<status status="PASS" start="2024-04-16T05:14:28.116056" elapsed="0.933794"/>
</suite>
<status status="PASS" start="2024-04-16T05:14:28.102375" elapsed="0.952713"/>
</suite>
<statistics>
<total>
<stat pass="5" fail="0" skip="0">All Tests</stat>
</total>
<tag>
<stat pass="1" fail="0" skip="0">testeConteudo</stat>
<stat pass="1" fail="0" skip="0">testeEstruturaResposta</stat>
<stat pass="1" fail="0" skip="0">testeRequisicaoBasica</stat>
<stat pass="1" fail="0" skip="0">testeTiposDados</stat>
</tag>
<suite>
<stat pass="5" fail="0" skip="0" id="s1" name="Tests">Tests</stat>
<stat pass="5" fail="0" skip="0" id="s1-s1" name="Random-User-Test">Tests.Random-User-Test</stat>
</suite>
</statistics>
<errors>
</errors>
</robot>
