<?xml version="1.0" encoding="UTF-8"?>
<robot generator="Robot 7.0 (Python 3.12.3 on linux)" generated="2024-04-20T09:12:26.631082" rpa="false" schemaversion="5">
<suite id="s1" name="Tests" source="/home/runner/work/DesafioQAItauRogerioJordao/DesafioQAItauRogerioJordao/RamdonUser/tests">
<suite id="s1-s1" name="Random-User-Test" source="/home/runner/work/DesafioQAItauRogerioJordao/DesafioQAItauRogerioJordao/RamdonUser/tests/random-user-test.robot">
<test id="s1-s1-t1" name="Conectar" line="13">
<kw name="Conectar API" owner="random-user-service">
<kw name="Create Session" owner="RequestsLibrary">
<msg time="2024-04-20T09:12:27.002231" level="INFO">Creating Session using : alias=consultarAPI, url=https://randomuser.me/, headers={},                     cookies={}, auth=None, timeout=None, proxies=None, verify=False,                     debug=0 </msg>
<arg>consultarAPI</arg>
<arg>${URL}</arg>
<doc>Create Session: create a HTTP session to a server</doc>
<status status="PASS" start="2024-04-20T09:12:27.002014" elapsed="0.000412"/>
</kw>
<status status="PASS" start="2024-04-20T09:12:27.000947" elapsed="0.001855"/>
</kw>
<status status="PASS" start="2024-04-20T09:12:27.000293" elapsed="0.002703"/>
</test>
<test id="s1-s1-t2" name="Validar retorno 200 e JSON Válido" line="16">
<kw name="Teste de Requisicao Basica" owner="random-user-service">
<kw name="GET On Session" owner="RequestsLibrary">
<msg time="2024-04-20T09:12:27.087389" level="INFO">GET Request : url=https://randomuser.me/api 
 path_url=/api 
 headers={'User-Agent': 'python-requests/2.31.0', 'Accept-Encoding': 'gzip, deflate', 'Accept': '*/*', 'Connection': 'keep-alive'} 
 body=None 
 </msg>
<msg time="2024-04-20T09:12:27.087570" level="INFO">GET Response : url=https://randomuser.me/api 
 status=200, reason=OK 
 headers={'Date': 'Sat, 20 Apr 2024 09:12:27 GMT', 'Content-Type': 'application/json; charset=utf-8', 'Transfer-Encoding': 'chunked', 'Connection': 'keep-alive', 'X-Powered-By': 'Express', 'Access-Control-Allow-Origin': '*', 'Cache-Control': 'no-cache', 'ETag': 'W/"484-VAaz+/85LYZVPMyq9DSM6marF4E"', 'Vary': 'Accept-Encoding', 'Content-Encoding': 'gzip', 'CF-Cache-Status': 'DYNAMIC', 'Report-To': '{"endpoints":[{"url":"https:\\/\\/a.nel.cloudflare.com\\/report\\/v4?s=DqnD883AezYgPMdf57IV2f%2B7WrbrsdB9OEK8FECzPXz9n9RSdL13VuoErKhERW1DMgfda10tUcgkYaMepa8hGsJRsdhkzadWCER%2Ff35MP3tNO0rvLoRwoZE4PXgwbS0R"}],"group":"cf-nel","max_age":604800}', 'NEL': '{"success_fraction":0,"report_to":"cf-nel","max_age":604800}', 'Server': 'cloudflare', 'CF-RAY': '8774034109142c28-ORD', 'alt-svc': 'h3=":443"; ma=86400'} 
 body={"results":[{"gender":"male","name":{"title":"Mr","first":"Joona","last":"Hautala"},"location":{"street":{"number":1173,"name":"Visiokatu"},"city":"Oulu","state":"Central Ostrobothnia","country":"Finland","postcode":62880,"coordinates":{"latitude":"-21.7078","longitude":"-58.3860"},"timezone":{"offset":"-12:00","description":"Eniwetok, Kwajalein"}},"email":"joona.hautala@example.com","login":{"uuid":"5201f909-bd1e-45a0-a5a3-4ce65512421d","username":"redduck337","password":"flying","salt":"U2h5wQbj","md5":"23db468dbb057610316c45e829d1ba4e","sha1":"382f75be89aa7d855934d62488b163b93787d564","sha256":"082ee826dd5b48e78459c5bccba2f5a5a3d451b1fda9281c7bb5e2782af2dd7e"},"dob":{"date":"1988-08-23T11:52:21.961Z","age":35},"registered":{"date":"2020-01-27T10:29:26.630Z","age":4},"phone":"04-311-211","cell":"048-692-23-70","id":{"name":"HETU","value":"NaNNA869undefined"},"picture":{"large":"https://randomuser.me/api/portraits/men/43.jpg","medium":"https://randomuser.me/api/portraits/med/men/43.jpg","thumbnail":"https://randomuser.me/api/portraits/thumb/men/43.jpg"},"nat":"FI"}],"info":{"seed":"6ca7cf7b87c015e7","results":1,"page":1,"version":"1.4"}} 
 </msg>
<msg time="2024-04-20T09:12:27.087662" level="INFO">/opt/hostedtoolcache/Python/3.12.3/x64/lib/python3.12/site-packages/urllib3/connectionpool.py:1103: InsecureRequestWarning: Unverified HTTPS request is being made to host 'randomuser.me'. Adding certificate verification is strongly advised. See: https://urllib3.readthedocs.io/en/latest/advanced-usage.html#tls-warnings
  warnings.warn(</msg>
<msg time="2024-04-20T09:12:27.087833" level="INFO">${response} = &lt;Response [200]&gt;</msg>
<var>${response}</var>
<arg>consultarAPI</arg>
<arg>/api</arg>
<doc>Sends a GET request on a previously created HTTP Session.</doc>
<status status="PASS" start="2024-04-20T09:12:27.005706" elapsed="0.082170"/>
</kw>
<kw name="Should Be Equal As Numbers" owner="BuiltIn">
<msg time="2024-04-20T09:12:27.088922" level="INFO">Argument types are:
&lt;class 'int'&gt;
&lt;class 'str'&gt;</msg>
<arg>${response.status_code}</arg>
<arg>200</arg>
<doc>Fails if objects are unequal after converting them to real numbers.</doc>
<status status="PASS" start="2024-04-20T09:12:27.088458" elapsed="0.000528"/>
</kw>
<kw name="Log" owner="BuiltIn">
<msg time="2024-04-20T09:12:27.089693" level="INFO">200</msg>
<arg>${response.status_code}</arg>
<doc>Logs the given message with the given level.</doc>
<status status="PASS" start="2024-04-20T09:12:27.089334" elapsed="0.000401"/>
</kw>
<kw name="Set Variable" owner="BuiltIn">
<msg time="2024-04-20T09:12:27.090533" level="INFO">${json_data} = {'results': [{'gender': 'male', 'name': {'title': 'Mr', 'first': 'Joona', 'last': 'Hautala'}, 'location': {'street': {'number': 1173, 'name': 'Visiokatu'}, 'city': 'Oulu', 'state': 'Central Ostrobothn...</msg>
<var>${json_data}</var>
<arg>${response.json()}</arg>
<doc>Returns the given values which can then be assigned to a variables.</doc>
<status status="PASS" start="2024-04-20T09:12:27.090089" elapsed="0.000472"/>
</kw>
<kw name="Dictionary Should Contain Key" owner="Collections">
<msg time="2024-04-20T09:12:27.091028" level="INFO">False</msg>
<arg>${json_data}</arg>
<arg>results</arg>
<doc>Fails if ``key`` is not found from ``dictionary``.</doc>
<status status="PASS" start="2024-04-20T09:12:27.090860" elapsed="0.000213"/>
</kw>
<status status="PASS" start="2024-04-20T09:12:27.005452" elapsed="0.085881"/>
</kw>
<doc>Testa se a API responde corretamente e retorna um objeto JSON válido.</doc>
<tag>testeRequisicaoBasica</tag>
<status status="PASS" start="2024-04-20T09:12:27.004916" elapsed="0.086606"/>
</test>
<test id="s1-s1-t3" name="Validar estrutura de resposta" line="22">
<kw name="Teste de Estrutura de Resposta" owner="random-user-service">
<kw name="GET On Session" owner="RequestsLibrary">
<msg time="2024-04-20T09:12:27.211769" level="INFO">GET Request : url=https://randomuser.me/api 
 path_url=/api 
 headers={'User-Agent': 'python-requests/2.31.0', 'Accept-Encoding': 'gzip, deflate', 'Accept': '*/*', 'Connection': 'keep-alive'} 
 body=None 
 </msg>
<msg time="2024-04-20T09:12:27.211911" level="INFO">GET Response : url=https://randomuser.me/api 
 status=200, reason=OK 
 headers={'Date': 'Sat, 20 Apr 2024 09:12:27 GMT', 'Content-Type': 'application/json; charset=utf-8', 'Transfer-Encoding': 'chunked', 'Connection': 'keep-alive', 'X-Powered-By': 'Express', 'Access-Control-Allow-Origin': '*', 'Cache-Control': 'no-cache', 'ETag': 'W/"489-4TIfwTXn68spCwRfx4kQYY0OOSk"', 'Vary': 'Accept-Encoding', 'Content-Encoding': 'gzip', 'CF-Cache-Status': 'DYNAMIC', 'Report-To': '{"endpoints":[{"url":"https:\\/\\/a.nel.cloudflare.com\\/report\\/v4?s=szZ18YqJLiO6AzLOf9RQUS%2B8TmOJURKmY%2FRNunwIRZONczoKapzpfZRvYl35c9eUI6xD8sx5W8gl2FLoklKCB9M4c2H%2Bl7HX57MIoFHlCT0brD2NR95qJ0FXpkP94Zd1"}],"group":"cf-nel","max_age":604800}', 'NEL': '{"success_fraction":0,"report_to":"cf-nel","max_age":604800}', 'Server': 'cloudflare', 'CF-RAY': '8774034159712c28-ORD', 'alt-svc': 'h3=":443"; ma=86400'} 
 body={"results":[{"gender":"female","name":{"title":"Ms","first":"Lærke","last":"Møller"},"location":{"street":{"number":6937,"name":"Absalonsgade"},"city":"Vipperød","state":"Nordjylland","country":"Denmark","postcode":21748,"coordinates":{"latitude":"-39.4162","longitude":"131.9169"},"timezone":{"offset":"+7:00","description":"Bangkok, Hanoi, Jakarta"}},"email":"laerke.moller@example.com","login":{"uuid":"98fcb0f8-2f24-427d-9b01-6ac5381e6906","username":"beautifulkoala717","password":"427900","salt":"0ksjB3uT","md5":"f2f81c79b6966bc255fd6355c7a87e13","sha1":"e65ea7b94a8857f8660af2cf138322f58020fe25","sha256":"823925c4599ab267c82973c7de39276e68ae3b689f7d0d429cc06687573abf43"},"dob":{"date":"1987-12-25T07:04:25.860Z","age":36},"registered":{"date":"2008-12-31T12:28:46.901Z","age":15},"phone":"50935035","cell":"91048057","id":{"name":"CPR","value":"251287-7235"},"picture":{"large":"https://randomuser.me/api/portraits/women/20.jpg","medium":"https://randomuser.me/api/portraits/med/women/20.jpg","thumbnail":"https://randomuser.me/api/portraits/thumb/women/20.jpg"},"nat":"DK"}],"info":{"seed":"fdc60b3db7a6d6d1","results":1,"page":1,"version":"1.4"}} 
 </msg>
<msg time="2024-04-20T09:12:27.212102" level="INFO">/opt/hostedtoolcache/Python/3.12.3/x64/lib/python3.12/site-packages/urllib3/connectionpool.py:1103: InsecureRequestWarning: Unverified HTTPS request is being made to host 'randomuser.me'. Adding certificate verification is strongly advised. See: https://urllib3.readthedocs.io/en/latest/advanced-usage.html#tls-warnings
  warnings.warn(</msg>
<msg time="2024-04-20T09:12:27.212287" level="INFO">${response} = &lt;Response [200]&gt;</msg>
<var>${response}</var>
<arg>consultarAPI</arg>
<arg>/api</arg>
<doc>Sends a GET request on a previously created HTTP Session.</doc>
<status status="PASS" start="2024-04-20T09:12:27.094153" elapsed="0.118182"/>
</kw>
<kw name="Set Variable" owner="BuiltIn">
<msg time="2024-04-20T09:12:27.213724" level="INFO">${json_data} = {'results': [{'gender': 'female', 'name': {'title': 'Ms', 'first': 'Lærke', 'last': 'Møller'}, 'location': {'street': {'number': 6937, 'name': 'Absalonsgade'}, 'city': 'Vipperød', 'state': 'Nordjyllan...</msg>
<var>${json_data}</var>
<arg>${response.json()}</arg>
<doc>Returns the given values which can then be assigned to a variables.</doc>
<status status="PASS" start="2024-04-20T09:12:27.213040" elapsed="0.000747"/>
</kw>
<kw name="Log" owner="BuiltIn">
<msg time="2024-04-20T09:12:27.214285" level="INFO">{'results': [{'gender': 'female', 'name': {'title': 'Ms', 'first': 'Lærke', 'last': 'Møller'}, 'location': {'street': {'number': 6937, 'name': 'Absalonsgade'}, 'city': 'Vipperød', 'state': 'Nordjylland', 'country': 'Denmark', 'postcode': 21748, 'coordinates': {'latitude': '-39.4162', 'longitude': '131.9169'}, 'timezone': {'offset': '+7:00', 'description': 'Bangkok, Hanoi, Jakarta'}}, 'email': 'laerke.moller@example.com', 'login': {'uuid': '98fcb0f8-2f24-427d-9b01-6ac5381e6906', 'username': 'beautifulkoala717', 'password': '427900', 'salt': '0ksjB3uT', 'md5': 'f2f81c79b6966bc255fd6355c7a87e13', 'sha1': 'e65ea7b94a8857f8660af2cf138322f58020fe25', 'sha256': '823925c4599ab267c82973c7de39276e68ae3b689f7d0d429cc06687573abf43'}, 'dob': {'date': '1987-12-25T07:04:25.860Z', 'age': 36}, 'registered': {'date': '2008-12-31T12:28:46.901Z', 'age': 15}, 'phone': '50935035', 'cell': '91048057', 'id': {'name': 'CPR', 'value': '251287-7235'}, 'picture': {'large': 'https://randomuser.me/api/portraits/women/20.jpg', 'medium': 'https://randomuser.me/api/portraits/med/women/20.jpg', 'thumbnail': 'https://randomuser.me/api/portraits/thumb/women/20.jpg'}, 'nat': 'DK'}], 'info': {'seed': 'fdc60b3db7a6d6d1', 'results': 1, 'page': 1, 'version': '1.4'}}</msg>
<arg>${json_data}</arg>
<doc>Logs the given message with the given level.</doc>
<status status="PASS" start="2024-04-20T09:12:27.214115" elapsed="0.000223"/>
</kw>
<kw name="Dictionary Should Contain Key" owner="Collections">
<msg time="2024-04-20T09:12:27.214804" level="INFO">False</msg>
<arg>${json_data}</arg>
<arg>results</arg>
<doc>Fails if ``key`` is not found from ``dictionary``.</doc>
<status status="PASS" start="2024-04-20T09:12:27.214640" elapsed="0.000202"/>
</kw>
<kw name="Should Not Be Empty" owner="BuiltIn">
<msg time="2024-04-20T09:12:27.215276" level="INFO">Length is 2.</msg>
<arg>${json_data}</arg>
<doc>Verifies that the given item is not empty.</doc>
<status status="PASS" start="2024-04-20T09:12:27.215139" elapsed="0.000177"/>
</kw>
<kw name="Create List" owner="BuiltIn">
<msg time="2024-04-20T09:12:27.215915" level="INFO">${expected_keys} = ['gender', 'name', 'location', 'email', 'login']</msg>
<var>${expected_keys}</var>
<arg>gender</arg>
<arg>name</arg>
<arg>location</arg>
<arg>email</arg>
<arg>login</arg>
<doc>Returns a list containing given items.</doc>
<status status="PASS" start="2024-04-20T09:12:27.215605" elapsed="0.000335"/>
</kw>
<for flavor="IN">
<iter>
<kw name="Dictionary Should Contain Key" owner="Collections">
<msg time="2024-04-20T09:12:27.216954" level="INFO">False</msg>
<arg>${json_data['results'][0]}</arg>
<arg>${key}</arg>
<doc>Fails if ``key`` is not found from ``dictionary``.</doc>
<status status="PASS" start="2024-04-20T09:12:27.216542" elapsed="0.000451"/>
</kw>
<kw name="Log" owner="BuiltIn">
<msg time="2024-04-20T09:12:27.217671" level="INFO">{'gender': 'female', 'name': {'title': 'Ms', 'first': 'Lærke', 'last': 'Møller'}, 'location': {'street': {'number': 6937, 'name': 'Absalonsgade'}, 'city': 'Vipperød', 'state': 'Nordjylland', 'country': 'Denmark', 'postcode': 21748, 'coordinates': {'latitude': '-39.4162', 'longitude': '131.9169'}, 'timezone': {'offset': '+7:00', 'description': 'Bangkok, Hanoi, Jakarta'}}, 'email': 'laerke.moller@example.com', 'login': {'uuid': '98fcb0f8-2f24-427d-9b01-6ac5381e6906', 'username': 'beautifulkoala717', 'password': '427900', 'salt': '0ksjB3uT', 'md5': 'f2f81c79b6966bc255fd6355c7a87e13', 'sha1': 'e65ea7b94a8857f8660af2cf138322f58020fe25', 'sha256': '823925c4599ab267c82973c7de39276e68ae3b689f7d0d429cc06687573abf43'}, 'dob': {'date': '1987-12-25T07:04:25.860Z', 'age': 36}, 'registered': {'date': '2008-12-31T12:28:46.901Z', 'age': 15}, 'phone': '50935035', 'cell': '91048057', 'id': {'name': 'CPR', 'value': '251287-7235'}, 'picture': {'large': 'https://randomuser.me/api/portraits/women/20.jpg', 'medium': 'https://randomuser.me/api/portraits/med/women/20.jpg', 'thumbnail': 'https://randomuser.me/api/portraits/thumb/women/20.jpg'}, 'nat': 'DK'}</msg>
<arg>${json_data['results'][0]}</arg>
<doc>Logs the given message with the given level.</doc>
<status status="PASS" start="2024-04-20T09:12:27.217299" elapsed="0.000422"/>
</kw>
<kw name="Log" owner="BuiltIn">
<msg time="2024-04-20T09:12:27.218198" level="INFO">gender</msg>
<arg>${key}</arg>
<doc>Logs the given message with the given level.</doc>
<status status="PASS" start="2024-04-20T09:12:27.218068" elapsed="0.000168"/>
</kw>
<var name="${key}">gender</var>
<status status="PASS" start="2024-04-20T09:12:27.216411" elapsed="0.002039"/>
</iter>
<iter>
<kw name="Dictionary Should Contain Key" owner="Collections">
<msg time="2024-04-20T09:12:27.219145" level="INFO">False</msg>
<arg>${json_data['results'][0]}</arg>
<arg>${key}</arg>
<doc>Fails if ``key`` is not found from ``dictionary``.</doc>
<status status="PASS" start="2024-04-20T09:12:27.218758" elapsed="0.000424"/>
</kw>
<kw name="Log" owner="BuiltIn">
<msg time="2024-04-20T09:12:27.219880" level="INFO">{'gender': 'female', 'name': {'title': 'Ms', 'first': 'Lærke', 'last': 'Møller'}, 'location': {'street': {'number': 6937, 'name': 'Absalonsgade'}, 'city': 'Vipperød', 'state': 'Nordjylland', 'country': 'Denmark', 'postcode': 21748, 'coordinates': {'latitude': '-39.4162', 'longitude': '131.9169'}, 'timezone': {'offset': '+7:00', 'description': 'Bangkok, Hanoi, Jakarta'}}, 'email': 'laerke.moller@example.com', 'login': {'uuid': '98fcb0f8-2f24-427d-9b01-6ac5381e6906', 'username': 'beautifulkoala717', 'password': '427900', 'salt': '0ksjB3uT', 'md5': 'f2f81c79b6966bc255fd6355c7a87e13', 'sha1': 'e65ea7b94a8857f8660af2cf138322f58020fe25', 'sha256': '823925c4599ab267c82973c7de39276e68ae3b689f7d0d429cc06687573abf43'}, 'dob': {'date': '1987-12-25T07:04:25.860Z', 'age': 36}, 'registered': {'date': '2008-12-31T12:28:46.901Z', 'age': 15}, 'phone': '50935035', 'cell': '91048057', 'id': {'name': 'CPR', 'value': '251287-7235'}, 'picture': {'large': 'https://randomuser.me/api/portraits/women/20.jpg', 'medium': 'https://randomuser.me/api/portraits/med/women/20.jpg', 'thumbnail': 'https://randomuser.me/api/portraits/thumb/women/20.jpg'}, 'nat': 'DK'}</msg>
<arg>${json_data['results'][0]}</arg>
<doc>Logs the given message with the given level.</doc>
<status status="PASS" start="2024-04-20T09:12:27.219508" elapsed="0.000422"/>
</kw>
<kw name="Log" owner="BuiltIn">
<msg time="2024-04-20T09:12:27.220352" level="INFO">name</msg>
<arg>${key}</arg>
<doc>Logs the given message with the given level.</doc>
<status status="PASS" start="2024-04-20T09:12:27.220226" elapsed="0.000164"/>
</kw>
<var name="${key}">name</var>
<status status="PASS" start="2024-04-20T09:12:27.218642" elapsed="0.001964"/>
</iter>
<iter>
<kw name="Dictionary Should Contain Key" owner="Collections">
<msg time="2024-04-20T09:12:27.221290" level="INFO">False</msg>
<arg>${json_data['results'][0]}</arg>
<arg>${key}</arg>
<doc>Fails if ``key`` is not found from ``dictionary``.</doc>
<status status="PASS" start="2024-04-20T09:12:27.220897" elapsed="0.000431"/>
</kw>
<kw name="Log" owner="BuiltIn">
<msg time="2024-04-20T09:12:27.222038" level="INFO">{'gender': 'female', 'name': {'title': 'Ms', 'first': 'Lærke', 'last': 'Møller'}, 'location': {'street': {'number': 6937, 'name': 'Absalonsgade'}, 'city': 'Vipperød', 'state': 'Nordjylland', 'country': 'Denmark', 'postcode': 21748, 'coordinates': {'latitude': '-39.4162', 'longitude': '131.9169'}, 'timezone': {'offset': '+7:00', 'description': 'Bangkok, Hanoi, Jakarta'}}, 'email': 'laerke.moller@example.com', 'login': {'uuid': '98fcb0f8-2f24-427d-9b01-6ac5381e6906', 'username': 'beautifulkoala717', 'password': '427900', 'salt': '0ksjB3uT', 'md5': 'f2f81c79b6966bc255fd6355c7a87e13', 'sha1': 'e65ea7b94a8857f8660af2cf138322f58020fe25', 'sha256': '823925c4599ab267c82973c7de39276e68ae3b689f7d0d429cc06687573abf43'}, 'dob': {'date': '1987-12-25T07:04:25.860Z', 'age': 36}, 'registered': {'date': '2008-12-31T12:28:46.901Z', 'age': 15}, 'phone': '50935035', 'cell': '91048057', 'id': {'name': 'CPR', 'value': '251287-7235'}, 'picture': {'large': 'https://randomuser.me/api/portraits/women/20.jpg', 'medium': 'https://randomuser.me/api/portraits/med/women/20.jpg', 'thumbnail': 'https://randomuser.me/api/portraits/thumb/women/20.jpg'}, 'nat': 'DK'}</msg>
<arg>${json_data['results'][0]}</arg>
<doc>Logs the given message with the given level.</doc>
<status status="PASS" start="2024-04-20T09:12:27.221623" elapsed="0.000467"/>
</kw>
<kw name="Log" owner="BuiltIn">
<msg time="2024-04-20T09:12:27.222517" level="INFO">location</msg>
<arg>${key}</arg>
<doc>Logs the given message with the given level.</doc>
<status status="PASS" start="2024-04-20T09:12:27.222388" elapsed="0.000167"/>
</kw>
<var name="${key}">location</var>
<status status="PASS" start="2024-04-20T09:12:27.220784" elapsed="0.001982"/>
</iter>
<iter>
<kw name="Dictionary Should Contain Key" owner="Collections">
<msg time="2024-04-20T09:12:27.223433" level="INFO">False</msg>
<arg>${json_data['results'][0]}</arg>
<arg>${key}</arg>
<doc>Fails if ``key`` is not found from ``dictionary``.</doc>
<status status="PASS" start="2024-04-20T09:12:27.223048" elapsed="0.000421"/>
</kw>
<kw name="Log" owner="BuiltIn">
<msg time="2024-04-20T09:12:27.224131" level="INFO">{'gender': 'female', 'name': {'title': 'Ms', 'first': 'Lærke', 'last': 'Møller'}, 'location': {'street': {'number': 6937, 'name': 'Absalonsgade'}, 'city': 'Vipperød', 'state': 'Nordjylland', 'country': 'Denmark', 'postcode': 21748, 'coordinates': {'latitude': '-39.4162', 'longitude': '131.9169'}, 'timezone': {'offset': '+7:00', 'description': 'Bangkok, Hanoi, Jakarta'}}, 'email': 'laerke.moller@example.com', 'login': {'uuid': '98fcb0f8-2f24-427d-9b01-6ac5381e6906', 'username': 'beautifulkoala717', 'password': '427900', 'salt': '0ksjB3uT', 'md5': 'f2f81c79b6966bc255fd6355c7a87e13', 'sha1': 'e65ea7b94a8857f8660af2cf138322f58020fe25', 'sha256': '823925c4599ab267c82973c7de39276e68ae3b689f7d0d429cc06687573abf43'}, 'dob': {'date': '1987-12-25T07:04:25.860Z', 'age': 36}, 'registered': {'date': '2008-12-31T12:28:46.901Z', 'age': 15}, 'phone': '50935035', 'cell': '91048057', 'id': {'name': 'CPR', 'value': '251287-7235'}, 'picture': {'large': 'https://randomuser.me/api/portraits/women/20.jpg', 'medium': 'https://randomuser.me/api/portraits/med/women/20.jpg', 'thumbnail': 'https://randomuser.me/api/portraits/thumb/women/20.jpg'}, 'nat': 'DK'}</msg>
<arg>${json_data['results'][0]}</arg>
<doc>Logs the given message with the given level.</doc>
<status status="PASS" start="2024-04-20T09:12:27.223769" elapsed="0.000411"/>
</kw>
<kw name="Log" owner="BuiltIn">
<msg time="2024-04-20T09:12:27.224594" level="INFO">email</msg>
<arg>${key}</arg>
<doc>Logs the given message with the given level.</doc>
<status status="PASS" start="2024-04-20T09:12:27.224468" elapsed="0.000163"/>
</kw>
<var name="${key}">email</var>
<status status="PASS" start="2024-04-20T09:12:27.222937" elapsed="0.001905"/>
</iter>
<iter>
<kw name="Dictionary Should Contain Key" owner="Collections">
<msg time="2024-04-20T09:12:27.225527" level="INFO">False</msg>
<arg>${json_data['results'][0]}</arg>
<arg>${key}</arg>
<doc>Fails if ``key`` is not found from ``dictionary``.</doc>
<status status="PASS" start="2024-04-20T09:12:27.225145" elapsed="0.000423"/>
</kw>
<kw name="Log" owner="BuiltIn">
<msg time="2024-04-20T09:12:27.226279" level="INFO">{'gender': 'female', 'name': {'title': 'Ms', 'first': 'Lærke', 'last': 'Møller'}, 'location': {'street': {'number': 6937, 'name': 'Absalonsgade'}, 'city': 'Vipperød', 'state': 'Nordjylland', 'country': 'Denmark', 'postcode': 21748, 'coordinates': {'latitude': '-39.4162', 'longitude': '131.9169'}, 'timezone': {'offset': '+7:00', 'description': 'Bangkok, Hanoi, Jakarta'}}, 'email': 'laerke.moller@example.com', 'login': {'uuid': '98fcb0f8-2f24-427d-9b01-6ac5381e6906', 'username': 'beautifulkoala717', 'password': '427900', 'salt': '0ksjB3uT', 'md5': 'f2f81c79b6966bc255fd6355c7a87e13', 'sha1': 'e65ea7b94a8857f8660af2cf138322f58020fe25', 'sha256': '823925c4599ab267c82973c7de39276e68ae3b689f7d0d429cc06687573abf43'}, 'dob': {'date': '1987-12-25T07:04:25.860Z', 'age': 36}, 'registered': {'date': '2008-12-31T12:28:46.901Z', 'age': 15}, 'phone': '50935035', 'cell': '91048057', 'id': {'name': 'CPR', 'value': '251287-7235'}, 'picture': {'large': 'https://randomuser.me/api/portraits/women/20.jpg', 'medium': 'https://randomuser.me/api/portraits/med/women/20.jpg', 'thumbnail': 'https://randomuser.me/api/portraits/thumb/women/20.jpg'}, 'nat': 'DK'}</msg>
<arg>${json_data['results'][0]}</arg>
<doc>Logs the given message with the given level.</doc>
<status status="PASS" start="2024-04-20T09:12:27.225904" elapsed="0.000425"/>
</kw>
<kw name="Log" owner="BuiltIn">
<msg time="2024-04-20T09:12:27.226755" level="INFO">login</msg>
<arg>${key}</arg>
<doc>Logs the given message with the given level.</doc>
<status status="PASS" start="2024-04-20T09:12:27.226627" elapsed="0.000167"/>
</kw>
<var name="${key}">login</var>
<status status="PASS" start="2024-04-20T09:12:27.225034" elapsed="0.002036"/>
</iter>
<var>${key}</var>
<value>@{expected_keys}</value>
<status status="PASS" start="2024-04-20T09:12:27.216209" elapsed="0.010996"/>
</for>
<kw name="Create List" owner="BuiltIn">
<msg time="2024-04-20T09:12:27.227590" level="INFO">${expected_keysTwo} = ['username', 'password']</msg>
<var>${expected_keysTwo}</var>
<arg>username</arg>
<arg>password</arg>
<doc>Returns a list containing given items.</doc>
<status status="PASS" start="2024-04-20T09:12:27.227448" elapsed="0.000166"/>
</kw>
<for flavor="IN">
<iter>
<kw name="Dictionary Should Contain Key" owner="Collections">
<msg time="2024-04-20T09:12:27.228516" level="INFO">False</msg>
<arg>${json_data['results'][0]['login']}</arg>
<arg>${keyTwo}</arg>
<doc>Fails if ``key`` is not found from ``dictionary``.</doc>
<status status="PASS" start="2024-04-20T09:12:27.228120" elapsed="0.000434"/>
</kw>
<kw name="Dictionary Should Contain Key" owner="Collections">
<msg time="2024-04-20T09:12:27.229229" level="INFO">False</msg>
<arg>${json_data['results'][0]['login']}</arg>
<arg>${keyTwo}</arg>
<doc>Fails if ``key`` is not found from ``dictionary``.</doc>
<status status="PASS" start="2024-04-20T09:12:27.228843" elapsed="0.000423"/>
</kw>
<kw name="Log" owner="BuiltIn">
<msg time="2024-04-20T09:12:27.229680" level="INFO">username</msg>
<arg>${keyTwo}</arg>
<doc>Logs the given message with the given level.</doc>
<status status="PASS" start="2024-04-20T09:12:27.229553" elapsed="0.000164"/>
</kw>
<var name="${keyTwo}">username</var>
<status status="PASS" start="2024-04-20T09:12:27.228011" elapsed="0.001965"/>
</iter>
<iter>
<kw name="Dictionary Should Contain Key" owner="Collections">
<msg time="2024-04-20T09:12:27.230645" level="INFO">False</msg>
<arg>${json_data['results'][0]['login']}</arg>
<arg>${keyTwo}</arg>
<doc>Fails if ``key`` is not found from ``dictionary``.</doc>
<status status="PASS" start="2024-04-20T09:12:27.230259" elapsed="0.000429"/>
</kw>
<kw name="Dictionary Should Contain Key" owner="Collections">
<msg time="2024-04-20T09:12:27.231451" level="INFO">False</msg>
<arg>${json_data['results'][0]['login']}</arg>
<arg>${keyTwo}</arg>
<doc>Fails if ``key`` is not found from ``dictionary``.</doc>
<status status="PASS" start="2024-04-20T09:12:27.230984" elapsed="0.000505"/>
</kw>
<kw name="Log" owner="BuiltIn">
<msg time="2024-04-20T09:12:27.231909" level="INFO">password</msg>
<arg>${keyTwo}</arg>
<doc>Logs the given message with the given level.</doc>
<status status="PASS" start="2024-04-20T09:12:27.231782" elapsed="0.000165"/>
</kw>
<var name="${keyTwo}">password</var>
<status status="PASS" start="2024-04-20T09:12:27.230147" elapsed="0.002014"/>
</iter>
<var>${keyTwo}</var>
<value>@{expected_keysTwo}</value>
<status status="PASS" start="2024-04-20T09:12:27.227854" elapsed="0.004428"/>
</for>
<status status="PASS" start="2024-04-20T09:12:27.093910" elapsed="0.138514"/>
</kw>
<doc>Testa a estrutura da resposta da API.</doc>
<tag>testeEstruturaResposta</tag>
<status status="PASS" start="2024-04-20T09:12:27.093365" elapsed="0.139220"/>
</test>
<test id="s1-s1-t4" name="Validar tipos de dados" line="28">
<kw name="Teste de Tipos de Dados" owner="random-user-service">
<kw name="GET On Session" owner="RequestsLibrary">
<msg time="2024-04-20T09:12:27.281805" level="INFO">GET Request : url=https://randomuser.me/api 
 path_url=/api 
 headers={'User-Agent': 'python-requests/2.31.0', 'Accept-Encoding': 'gzip, deflate', 'Accept': '*/*', 'Connection': 'keep-alive'} 
 body=None 
 </msg>
<msg time="2024-04-20T09:12:27.281925" level="INFO">GET Response : url=https://randomuser.me/api 
 status=200, reason=OK 
 headers={'Date': 'Sat, 20 Apr 2024 09:12:27 GMT', 'Content-Type': 'application/json; charset=utf-8', 'Transfer-Encoding': 'chunked', 'Connection': 'keep-alive', 'X-Powered-By': 'Express', 'Access-Control-Allow-Origin': '*', 'Cache-Control': 'no-cache', 'ETag': 'W/"4a3-5zGP5LbrkwJwbf9x/IDE/b2tTJM"', 'Vary': 'Accept-Encoding', 'Content-Encoding': 'gzip', 'CF-Cache-Status': 'DYNAMIC', 'Report-To': '{"endpoints":[{"url":"https:\\/\\/a.nel.cloudflare.com\\/report\\/v4?s=dBb1CpUbV%2BzsyYSvvW%2BiFZ%2BMhMoi16HmG%2FjiV5PHqwnDnyob58QrQw8W2JAr1LDrwlfo7ioG2nJfqqkH7BRuiL7y69YpQtS6mQTzZoh3x0DxioQqYOjYdcBNC%2F9orJIo"}],"group":"cf-nel","max_age":604800}', 'NEL': '{"success_fraction":0,"report_to":"cf-nel","max_age":604800}', 'Server': 'cloudflare', 'CF-RAY': '877403423a3d2c28-ORD', 'alt-svc': 'h3=":443"; ma=86400'} 
 body={"results":[{"gender":"female","name":{"title":"Ms","first":"Josefine","last":"Rønhovde"},"location":{"street":{"number":6868,"name":"Olav Aukrusts vei"},"city":"Lindeberg","state":"Nord-Trøndelag","country":"Norway","postcode":"7718","coordinates":{"latitude":"39.0036","longitude":"174.8521"},"timezone":{"offset":"+1:00","description":"Brussels, Copenhagen, Madrid, Paris"}},"email":"josefine.ronhovde@example.com","login":{"uuid":"7bf7aa77-80b5-4be8-aa61-87960f9ace7f","username":"beautifulleopard525","password":"greens","salt":"dSwR4GNN","md5":"0ba405bc0d3a75e7f6bce2dd14596765","sha1":"752d60485dec28918ded55c9812c91e6e8d2cd2f","sha256":"04071db7d4f8da57630936390d88c8e82fbd016529c0ed6a681a153f969e2be3"},"dob":{"date":"1977-02-02T13:26:55.480Z","age":47},"registered":{"date":"2010-12-30T07:37:20.101Z","age":13},"phone":"85688496","cell":"44501835","id":{"name":"FN","value":"02027712803"},"picture":{"large":"https://randomuser.me/api/portraits/women/4.jpg","medium":"https://randomuser.me/api/portraits/med/women/4.jpg","thumbnail":"https://randomuser.me/api/portraits/thumb/women/4.jpg"},"nat":"NO"}],"info":{"seed":"084363dcd1caad3c","results":1,"page":1,"version":"1.4"}} 
 </msg>
<msg time="2024-04-20T09:12:27.282009" level="INFO">/opt/hostedtoolcache/Python/3.12.3/x64/lib/python3.12/site-packages/urllib3/connectionpool.py:1103: InsecureRequestWarning: Unverified HTTPS request is being made to host 'randomuser.me'. Adding certificate verification is strongly advised. See: https://urllib3.readthedocs.io/en/latest/advanced-usage.html#tls-warnings
  warnings.warn(</msg>
<msg time="2024-04-20T09:12:27.282134" level="INFO">${response} = &lt;Response [200]&gt;</msg>
<var>${response}</var>
<arg>consultarAPI</arg>
<arg>/api</arg>
<doc>Sends a GET request on a previously created HTTP Session.</doc>
<status status="PASS" start="2024-04-20T09:12:27.235111" elapsed="0.047064"/>
</kw>
<kw name="Set Variable" owner="BuiltIn">
<msg time="2024-04-20T09:12:27.283260" level="INFO">${json_data} = {'results': [{'gender': 'female', 'name': {'title': 'Ms', 'first': 'Josefine', 'last': 'Rønhovde'}, 'location': {'street': {'number': 6868, 'name': 'Olav Aukrusts vei'}, 'city': 'Lindeberg', 'state': ...</msg>
<var>${json_data}</var>
<arg>${response.json()}</arg>
<doc>Returns the given values which can then be assigned to a variables.</doc>
<status status="PASS" start="2024-04-20T09:12:27.282727" elapsed="0.000564"/>
</kw>
<kw name="Log" owner="BuiltIn">
<msg time="2024-04-20T09:12:27.283758" level="INFO">{'results': [{'gender': 'female', 'name': {'title': 'Ms', 'first': 'Josefine', 'last': 'Rønhovde'}, 'location': {'street': {'number': 6868, 'name': 'Olav Aukrusts vei'}, 'city': 'Lindeberg', 'state': 'Nord-Trøndelag', 'country': 'Norway', 'postcode': '7718', 'coordinates': {'latitude': '39.0036', 'longitude': '174.8521'}, 'timezone': {'offset': '+1:00', 'description': 'Brussels, Copenhagen, Madrid, Paris'}}, 'email': 'josefine.ronhovde@example.com', 'login': {'uuid': '7bf7aa77-80b5-4be8-aa61-87960f9ace7f', 'username': 'beautifulleopard525', 'password': 'greens', 'salt': 'dSwR4GNN', 'md5': '0ba405bc0d3a75e7f6bce2dd14596765', 'sha1': '752d60485dec28918ded55c9812c91e6e8d2cd2f', 'sha256': '04071db7d4f8da57630936390d88c8e82fbd016529c0ed6a681a153f969e2be3'}, 'dob': {'date': '1977-02-02T13:26:55.480Z', 'age': 47}, 'registered': {'date': '2010-12-30T07:37:20.101Z', 'age': 13}, 'phone': '85688496', 'cell': '44501835', 'id': {'name': 'FN', 'value': '02027712803'}, 'picture': {'large': 'https://randomuser.me/api/portraits/women/4.jpg', 'medium': 'https://randomuser.me/api/portraits/med/women/4.jpg', 'thumbnail': 'https://randomuser.me/api/portraits/thumb/women/4.jpg'}, 'nat': 'NO'}], 'info': {'seed': '084363dcd1caad3c', 'results': 1, 'page': 1, 'version': '1.4'}}</msg>
<arg>${json_data}</arg>
<doc>Logs the given message with the given level.</doc>
<status status="PASS" start="2024-04-20T09:12:27.283597" elapsed="0.000252"/>
</kw>
<kw name="Should Be String" owner="String">
<arg>${json_data['results'][0]['gender']}</arg>
<doc>Fails if the given ``item`` is not a string.</doc>
<status status="PASS" start="2024-04-20T09:12:27.284151" elapsed="0.000357"/>
</kw>
<kw name="Should Match Regexp" owner="BuiltIn">
<arg>${json_data['results'][0]['email']}</arg>
<arg>^[a-zA-Z0-9._%+-]+@[a-zA-Z0-9.-]+\.[a-zA-Z]{2,}$</arg>
<doc>Fails if ``string`` does not match ``pattern`` as a regular expression.</doc>
<status status="PASS" start="2024-04-20T09:12:27.284698" elapsed="0.000514"/>
</kw>
<kw name="Should Match Regexp" owner="BuiltIn">
<arg>${json_data['results'][0]['dob']['date']}</arg>
<arg>\\d{4}-\\d{2}-\\d{2}T\\d{2}:\\d{2}:\\d{2}\\.\\d{3}Z</arg>
<doc>Fails if ``string`` does not match ``pattern`` as a regular expression.</doc>
<status status="PASS" start="2024-04-20T09:12:27.285408" elapsed="0.000527"/>
</kw>
<kw name="Should Match Regexp" owner="BuiltIn">
<arg>${json_data['results'][0]['registered']['date']}</arg>
<arg>\\d{4}-\\d{2}-\\d{2}T\\d{2}:\\d{2}:\\d{2}\\.\\d{3}Z</arg>
<doc>Fails if ``string`` does not match ``pattern`` as a regular expression.</doc>
<status status="PASS" start="2024-04-20T09:12:27.286139" elapsed="0.000377"/>
</kw>
<kw name="Should Match Regexp" owner="BuiltIn">
<arg>${json_data['results'][0]['picture']['large']}</arg>
<arg>^https?://.*\.(?:png|jpe?g|gif|bmp)$</arg>
<doc>Fails if ``string`` does not match ``pattern`` as a regular expression.</doc>
<status status="PASS" start="2024-04-20T09:12:27.286704" elapsed="0.000457"/>
</kw>
<kw name="Should Match Regexp" owner="BuiltIn">
<arg>${json_data['results'][0]['picture']['medium']}</arg>
<arg>^https?://.*\.(?:png|jpe?g|gif|bmp)$</arg>
<doc>Fails if ``string`` does not match ``pattern`` as a regular expression.</doc>
<status status="PASS" start="2024-04-20T09:12:27.287352" elapsed="0.000358"/>
</kw>
<kw name="Should Match Regexp" owner="BuiltIn">
<arg>${json_data['results'][0]['picture']['thumbnail']}</arg>
<arg>^https?://.*\.(?:png|jpe?g|gif|bmp)$</arg>
<doc>Fails if ``string`` does not match ``pattern`` as a regular expression.</doc>
<status status="PASS" start="2024-04-20T09:12:27.287893" elapsed="0.000353"/>
</kw>
<kw name="Log" owner="BuiltIn">
<msg time="2024-04-20T09:12:27.288751" level="INFO">{'large': 'https://randomuser.me/api/portraits/women/4.jpg', 'medium': 'https://randomuser.me/api/portraits/med/women/4.jpg', 'thumbnail': 'https://randomuser.me/api/portraits/thumb/women/4.jpg'}</msg>
<arg>${json_data['results'][0]['picture']}</arg>
<doc>Logs the given message with the given level.</doc>
<status status="PASS" start="2024-04-20T09:12:27.288429" elapsed="0.000363"/>
</kw>
<status status="PASS" start="2024-04-20T09:12:27.234879" elapsed="0.054168"/>
</kw>
<kw name="Teste de Tipos de Dados - Postcode" owner="random-user-service">
<kw name="GET On Session" owner="RequestsLibrary">
<msg time="2024-04-20T09:12:27.393172" level="INFO">GET Request : url=https://randomuser.me/api 
 path_url=/api 
 headers={'User-Agent': 'python-requests/2.31.0', 'Accept-Encoding': 'gzip, deflate', 'Accept': '*/*', 'Connection': 'keep-alive'} 
 body=None 
 </msg>
<msg time="2024-04-20T09:12:27.393275" level="INFO">GET Response : url=https://randomuser.me/api 
 status=200, reason=OK 
 headers={'Date': 'Sat, 20 Apr 2024 09:12:27 GMT', 'Content-Type': 'application/json; charset=utf-8', 'Transfer-Encoding': 'chunked', 'Connection': 'keep-alive', 'X-Powered-By': 'Express', 'Access-Control-Allow-Origin': '*', 'Cache-Control': 'no-cache', 'ETag': 'W/"476-8Z1UfPkhKxl5HKKQlvCpHb426AY"', 'Vary': 'Accept-Encoding', 'Content-Encoding': 'gzip', 'CF-Cache-Status': 'DYNAMIC', 'Report-To': '{"endpoints":[{"url":"https:\\/\\/a.nel.cloudflare.com\\/report\\/v4?s=hwjGvnmuKI0E5dTw3AP9EoxpoD0KzoVkOq%2FO%2BD8XUZgiMqoBB6o6KS0pJqT5vit1YzKg%2Fb7KZofemaOzX8bz%2FsrRUa7dE6OAMAA3sAhypQuo%2B3MsxD2073miLNqSvrZv"}],"group":"cf-nel","max_age":604800}', 'NEL': '{"success_fraction":0,"report_to":"cf-nel","max_age":604800}', 'Server': 'cloudflare', 'CF-RAY': '877403429a762c28-ORD', 'alt-svc': 'h3=":443"; ma=86400'} 
 body={"results":[{"gender":"male","name":{"title":"Mr","first":"Aitor","last":"Ferrer"},"location":{"street":{"number":6397,"name":"Calle de Pedro Bosch"},"city":"Arrecife","state":"Islas Baleares","country":"Spain","postcode":49118,"coordinates":{"latitude":"-34.0003","longitude":"-29.7255"},"timezone":{"offset":"-9:00","description":"Alaska"}},"email":"aitor.ferrer@example.com","login":{"uuid":"041a81b6-e02c-424e-b26a-252b0f633f52","username":"greenmouse228","password":"becker","salt":"3cjYjp3n","md5":"87abe13124a2e1321250b8c53996442c","sha1":"9d48b190559c336c6dda70fa550f60dd56f6c4ab","sha256":"c9f8b235eba2158c1a974fa654e39eab9956b211de7215f556b12484b29f80cf"},"dob":{"date":"1965-04-13T14:05:03.896Z","age":59},"registered":{"date":"2004-11-09T01:52:08.264Z","age":19},"phone":"909-422-931","cell":"638-359-455","id":{"name":"DNI","value":"43714342-U"},"picture":{"large":"https://randomuser.me/api/portraits/men/70.jpg","medium":"https://randomuser.me/api/portraits/med/men/70.jpg","thumbnail":"https://randomuser.me/api/portraits/thumb/men/70.jpg"},"nat":"ES"}],"info":{"seed":"cb614e2715ee9392","results":1,"page":1,"version":"1.4"}} 
 </msg>
<msg time="2024-04-20T09:12:27.393350" level="INFO">/opt/hostedtoolcache/Python/3.12.3/x64/lib/python3.12/site-packages/urllib3/connectionpool.py:1103: InsecureRequestWarning: Unverified HTTPS request is being made to host 'randomuser.me'. Adding certificate verification is strongly advised. See: https://urllib3.readthedocs.io/en/latest/advanced-usage.html#tls-warnings
  warnings.warn(</msg>
<msg time="2024-04-20T09:12:27.393472" level="INFO">${response} = &lt;Response [200]&gt;</msg>
<var>${response}</var>
<arg>consultarAPI</arg>
<arg>/api</arg>
<doc>Sends a GET request on a previously created HTTP Session.</doc>
<status status="PASS" start="2024-04-20T09:12:27.289513" elapsed="0.103986"/>
</kw>
<kw name="Set Variable" owner="BuiltIn">
<msg time="2024-04-20T09:12:27.394643" level="INFO">${json_data} = {'results': [{'gender': 'male', 'name': {'title': 'Mr', 'first': 'Aitor', 'last': 'Ferrer'}, 'location': {'street': {'number': 6397, 'name': 'Calle de Pedro Bosch'}, 'city': 'Arrecife', 'state': 'Isla...</msg>
<var>${json_data}</var>
<arg>${response.json()}</arg>
<doc>Returns the given values which can then be assigned to a variables.</doc>
<status status="PASS" start="2024-04-20T09:12:27.394104" elapsed="0.000567"/>
</kw>
<kw name="Log" owner="BuiltIn">
<msg time="2024-04-20T09:12:27.395155" level="INFO">{'results': [{'gender': 'male', 'name': {'title': 'Mr', 'first': 'Aitor', 'last': 'Ferrer'}, 'location': {'street': {'number': 6397, 'name': 'Calle de Pedro Bosch'}, 'city': 'Arrecife', 'state': 'Islas Baleares', 'country': 'Spain', 'postcode': 49118, 'coordinates': {'latitude': '-34.0003', 'longitude': '-29.7255'}, 'timezone': {'offset': '-9:00', 'description': 'Alaska'}}, 'email': 'aitor.ferrer@example.com', 'login': {'uuid': '041a81b6-e02c-424e-b26a-252b0f633f52', 'username': 'greenmouse228', 'password': 'becker', 'salt': '3cjYjp3n', 'md5': '87abe13124a2e1321250b8c53996442c', 'sha1': '9d48b190559c336c6dda70fa550f60dd56f6c4ab', 'sha256': 'c9f8b235eba2158c1a974fa654e39eab9956b211de7215f556b12484b29f80cf'}, 'dob': {'date': '1965-04-13T14:05:03.896Z', 'age': 59}, 'registered': {'date': '2004-11-09T01:52:08.264Z', 'age': 19}, 'phone': '909-422-931', 'cell': '638-359-455', 'id': {'name': 'DNI', 'value': '43714342-U'}, 'picture': {'large': 'https://randomuser.me/api/portraits/men/70.jpg', 'medium': 'https://randomuser.me/api/portraits/med/men/70.jpg', 'thumbnail': 'https://randomuser.me/api/portraits/thumb/men/70.jpg'}, 'nat': 'ES'}], 'info': {'seed': 'cb614e2715ee9392', 'results': 1, 'page': 1, 'version': '1.4'}}</msg>
<arg>${json_data}</arg>
<doc>Logs the given message with the given level.</doc>
<status status="PASS" start="2024-04-20T09:12:27.394993" elapsed="0.000246"/>
</kw>
<kw name="Should Be Equal As Numbers" owner="BuiltIn">
<arg>${json_data['results'][0]['location']['postcode']}</arg>
<arg>${json_data['results'][0]['location']['postcode']}</arg>
<doc>Fails if objects are unequal after converting them to real numbers.</doc>
<status status="PASS" start="2024-04-20T09:12:27.395547" elapsed="0.000820"/>
</kw>
<kw name="Log" owner="BuiltIn">
<msg time="2024-04-20T09:12:27.396905" level="INFO">49118</msg>
<arg>${json_data['results'][0]['location']['postcode']}</arg>
<doc>Logs the given message with the given level.</doc>
<status status="PASS" start="2024-04-20T09:12:27.396565" elapsed="0.000381"/>
</kw>
<status status="PASS" start="2024-04-20T09:12:27.289278" elapsed="0.107929"/>
</kw>
<doc>Testa se os tipos de dados na resposta da API estão corretos.</doc>
<tag>testeTiposDados</tag>
<status status="PASS" start="2024-04-20T09:12:27.234418" elapsed="0.162958"/>
</test>
<test id="s1-s1-t5" name="Validar conteudo" line="35">
<kw name="Teste de Tipos de Conteudo" owner="random-user-service">
<kw name="GET On Session" owner="RequestsLibrary">
<msg time="2024-04-20T09:12:27.490213" level="INFO">GET Request : url=https://randomuser.me/api 
 path_url=/api 
 headers={'User-Agent': 'python-requests/2.31.0', 'Accept-Encoding': 'gzip, deflate', 'Accept': '*/*', 'Connection': 'keep-alive'} 
 body=None 
 </msg>
<msg time="2024-04-20T09:12:27.490330" level="INFO">GET Response : url=https://randomuser.me/api 
 status=200, reason=OK 
 headers={'Date': 'Sat, 20 Apr 2024 09:12:27 GMT', 'Content-Type': 'application/json; charset=utf-8', 'Transfer-Encoding': 'chunked', 'Connection': 'keep-alive', 'X-Powered-By': 'Express', 'Access-Control-Allow-Origin': '*', 'Cache-Control': 'no-cache', 'ETag': 'W/"490-EsIEWcCuxAjEgeQVdKzcAskBOgM"', 'Vary': 'Accept-Encoding', 'Content-Encoding': 'gzip', 'CF-Cache-Status': 'DYNAMIC', 'Report-To': '{"endpoints":[{"url":"https:\\/\\/a.nel.cloudflare.com\\/report\\/v4?s=wudtRAonarWp%2BxB93HuMU9Psz8hHcdET3MsqG4qqv5%2Bwoowyogqmn%2Fq9kWlsqsyUVlq8RsRX6x4Q9tpUUMuZtL8sTgyGi15iiAqiAr702NIXdEygcFmJUIEy6Mc%2Bn97f"}],"group":"cf-nel","max_age":604800}', 'NEL': '{"success_fraction":0,"report_to":"cf-nel","max_age":604800}', 'Server': 'cloudflare', 'CF-RAY': '877403434b082c28-ORD', 'alt-svc': 'h3=":443"; ma=86400'} 
 body={"results":[{"gender":"female","name":{"title":"Miss","first":"Lucia","last":"Fjelldal"},"location":{"street":{"number":2984,"name":"Solheimgata"},"city":"Korsvik","state":"Description","country":"Norway","postcode":"2815","coordinates":{"latitude":"44.8717","longitude":"34.9987"},"timezone":{"offset":"+4:00","description":"Abu Dhabi, Muscat, Baku, Tbilisi"}},"email":"lucia.fjelldal@example.com","login":{"uuid":"93294c63-4121-4d99-8ed0-3c01b8f313a2","username":"angryelephant823","password":"somethin","salt":"gkeZKJq4","md5":"083313729a68f5c788b817b49cf1c7db","sha1":"bb0bc0a5ba93c3f05e26ae7e92be35b29e561f9b","sha256":"0dd180ca874a16bbc2dcd29bdd0e548f1ece3c19ad0a28f812945b3d86d58060"},"dob":{"date":"1947-10-04T04:45:28.382Z","age":76},"registered":{"date":"2003-09-13T22:39:35.796Z","age":20},"phone":"69212618","cell":"98232980","id":{"name":"FN","value":"04104745062"},"picture":{"large":"https://randomuser.me/api/portraits/women/71.jpg","medium":"https://randomuser.me/api/portraits/med/women/71.jpg","thumbnail":"https://randomuser.me/api/portraits/thumb/women/71.jpg"},"nat":"NO"}],"info":{"seed":"8e7efef1e58c193b","results":1,"page":1,"version":"1.4"}} 
 </msg>
<msg time="2024-04-20T09:12:27.490403" level="INFO">/opt/hostedtoolcache/Python/3.12.3/x64/lib/python3.12/site-packages/urllib3/connectionpool.py:1103: InsecureRequestWarning: Unverified HTTPS request is being made to host 'randomuser.me'. Adding certificate verification is strongly advised. See: https://urllib3.readthedocs.io/en/latest/advanced-usage.html#tls-warnings
  warnings.warn(</msg>
<msg time="2024-04-20T09:12:27.490532" level="INFO">${response} = &lt;Response [200]&gt;</msg>
<var>${response}</var>
<arg>consultarAPI</arg>
<arg>/api</arg>
<doc>Sends a GET request on a previously created HTTP Session.</doc>
<status status="PASS" start="2024-04-20T09:12:27.399961" elapsed="0.090634"/>
</kw>
<kw name="Set Variable" owner="BuiltIn">
<msg time="2024-04-20T09:12:27.491776" level="INFO">${json_data} = {'results': [{'gender': 'female', 'name': {'title': 'Miss', 'first': 'Lucia', 'last': 'Fjelldal'}, 'location': {'street': {'number': 2984, 'name': 'Solheimgata'}, 'city': 'Korsvik', 'state': 'Descript...</msg>
<var>${json_data}</var>
<arg>${response.json()}</arg>
<doc>Returns the given values which can then be assigned to a variables.</doc>
<status status="PASS" start="2024-04-20T09:12:27.491240" elapsed="0.000566"/>
</kw>
<kw name="Set Variable" owner="BuiltIn">
<msg time="2024-04-20T09:12:27.492515" level="INFO">${name_title} = Miss</msg>
<var>${name_title}</var>
<arg>${json_data["results"][0]["name"]["title"]}</arg>
<doc>Returns the given values which can then be assigned to a variables.</doc>
<status status="PASS" start="2024-04-20T09:12:27.492122" elapsed="0.000419"/>
</kw>
<kw name="Create List" owner="BuiltIn">
<msg time="2024-04-20T09:12:27.492993" level="INFO">${allowed_titles} = ['Mr', 'Ms', 'Miss', 'Mrs', 'Madame', 'Monsieur']</msg>
<var>${allowed_titles}</var>
<arg>Mr</arg>
<arg>Ms</arg>
<arg>Miss</arg>
<arg>Mrs</arg>
<arg>Madame</arg>
<arg>Monsieur</arg>
<doc>Returns a list containing given items.</doc>
<status status="PASS" start="2024-04-20T09:12:27.492844" elapsed="0.000173"/>
</kw>
<kw name="List Should Contain Value" owner="Collections">
<msg time="2024-04-20T09:12:27.493496" level="INFO">False</msg>
<arg>${allowed_titles}</arg>
<arg>${name_title}</arg>
<doc>Fails if the ``value`` is not found from ``list``.</doc>
<status status="PASS" start="2024-04-20T09:12:27.493317" elapsed="0.000216"/>
</kw>
<kw name="Set Variable" owner="BuiltIn">
<msg time="2024-04-20T09:12:27.494247" level="INFO">${name_country} = NO</msg>
<var>${name_country}</var>
<arg>${json_data["results"][0]["nat"]}</arg>
<doc>Returns the given values which can then be assigned to a variables.</doc>
<status status="PASS" start="2024-04-20T09:12:27.493859" elapsed="0.000414"/>
</kw>
<kw name="Create List" owner="BuiltIn">
<msg time="2024-04-20T09:12:27.495165" level="INFO">${list_country} = ['AD', 'AE', 'AF', 'AG', 'AI', 'AL', 'AM', 'AO', 'AQ', 'AR', 'AS', 'AT', 'AU', 'AW', 'AX', 'AZ', 'BA', 'BB', 'BD', 'BE', 'BF', 'BG', 'BH', 'BI', 'BJ', 'BL', 'BM', 'BN', 'BO', 'BQ', 'BR', 'BS', 'BT', '...</msg>
<var>${list_country}</var>
<arg>AD</arg>
<arg>AE</arg>
<arg>AF</arg>
<arg>AG</arg>
<arg>AI</arg>
<arg>AL</arg>
<arg>AM</arg>
<arg>AO</arg>
<arg>AQ</arg>
<arg>AR</arg>
<arg>AS</arg>
<arg>AT</arg>
<arg>AU</arg>
<arg>AW</arg>
<arg>AX</arg>
<arg>AZ</arg>
<arg>BA</arg>
<arg>BB</arg>
<arg>BD</arg>
<arg>BE</arg>
<arg>BF</arg>
<arg>BG</arg>
<arg>BH</arg>
<arg>BI</arg>
<arg>BJ</arg>
<arg>BL</arg>
<arg>BM</arg>
<arg>BN</arg>
<arg>BO</arg>
<arg>BQ</arg>
<arg>BR</arg>
<arg>BS</arg>
<arg>BT</arg>
<arg>BV</arg>
<arg>BW</arg>
<arg>BY</arg>
<arg>BZ</arg>
<arg>CA</arg>
<arg>CC</arg>
<arg>CD</arg>
<arg>CF</arg>
<arg>CG</arg>
<arg>CH</arg>
<arg>CI</arg>
<arg>CK</arg>
<arg>CL</arg>
<arg>CM</arg>
<arg>CN</arg>
<arg>CO</arg>
<arg>CR</arg>
<arg>CU</arg>
<arg>CV</arg>
<arg>CW</arg>
<arg>CX</arg>
<arg>CY</arg>
<arg>CZ</arg>
<arg>DE</arg>
<arg>DJ</arg>
<arg>DK</arg>
<arg>DM</arg>
<arg>DO</arg>
<arg>DZ</arg>
<arg>EC</arg>
<arg>EE</arg>
<arg>EG</arg>
<arg>EH</arg>
<arg>ER</arg>
<arg>ES</arg>
<arg>ET</arg>
<arg>FI</arg>
<arg>FJ</arg>
<arg>FK</arg>
<arg>FM</arg>
<arg>FO</arg>
<arg>FR</arg>
<arg>GA</arg>
<arg>GB</arg>
<arg>GD</arg>
<arg>GE</arg>
<arg>GF</arg>
<arg>GG</arg>
<arg>GH</arg>
<arg>GI</arg>
<arg>GL</arg>
<arg>GM</arg>
<arg>GN</arg>
<arg>GP</arg>
<arg>GQ</arg>
<arg>GR</arg>
<arg>GS</arg>
<arg>GT</arg>
<arg>GU</arg>
<arg>GW</arg>
<arg>GY</arg>
<arg>HK</arg>
<arg>HM</arg>
<arg>HN</arg>
<arg>HR</arg>
<arg>HT</arg>
<arg>HU</arg>
<arg>ID</arg>
<arg>IE</arg>
<arg>IL</arg>
<arg>IM</arg>
<arg>IN</arg>
<arg>IO</arg>
<arg>IQ</arg>
<arg>IR</arg>
<arg>IS</arg>
<arg>IT</arg>
<arg>JE</arg>
<arg>JM</arg>
<arg>JO</arg>
<arg>JP</arg>
<arg>KE</arg>
<arg>KG</arg>
<arg>KH</arg>
<arg>KI</arg>
<arg>KM</arg>
<arg>KN</arg>
<arg>KP</arg>
<arg>KR</arg>
<arg>KW</arg>
<arg>KY</arg>
<arg>KZ</arg>
<arg>LA</arg>
<arg>LB</arg>
<arg>LC</arg>
<arg>LI</arg>
<arg>LK</arg>
<arg>LR</arg>
<arg>LS</arg>
<arg>LT</arg>
<arg>LU</arg>
<arg>LV</arg>
<arg>LY</arg>
<arg>MA</arg>
<arg>MC</arg>
<arg>MD</arg>
<arg>ME</arg>
<arg>MF</arg>
<arg>MG</arg>
<arg>MH</arg>
<arg>MK</arg>
<arg>ML</arg>
<arg>MM</arg>
<arg>MN</arg>
<arg>MO</arg>
<arg>MP</arg>
<arg>MQ</arg>
<arg>MR</arg>
<arg>MS</arg>
<arg>MT</arg>
<arg>MU</arg>
<arg>MV</arg>
<arg>MW</arg>
<arg>MX</arg>
<arg>MY</arg>
<arg>MZ</arg>
<arg>NA</arg>
<arg>NC</arg>
<arg>NE</arg>
<arg>NF</arg>
<arg>NG</arg>
<arg>NI</arg>
<arg>NL</arg>
<arg>NO</arg>
<arg>NP</arg>
<arg>NR</arg>
<arg>NU</arg>
<arg>NZ</arg>
<arg>OM</arg>
<arg>PA</arg>
<arg>PE</arg>
<arg>PF</arg>
<arg>PG</arg>
<arg>PH</arg>
<arg>PK</arg>
<arg>PL</arg>
<arg>PM</arg>
<arg>PN</arg>
<arg>PR</arg>
<arg>PS</arg>
<arg>PT</arg>
<arg>PW</arg>
<arg>PY</arg>
<arg>QA</arg>
<arg>RE</arg>
<arg>RO</arg>
<arg>RS</arg>
<arg>RU</arg>
<arg>RW</arg>
<arg>SA</arg>
<arg>SB</arg>
<arg>SC</arg>
<arg>SD</arg>
<arg>SE</arg>
<arg>SG</arg>
<arg>SH</arg>
<arg>SI</arg>
<arg>SJ</arg>
<arg>SK</arg>
<arg>SL</arg>
<arg>SM</arg>
<arg>SN</arg>
<arg>SO</arg>
<arg>SR</arg>
<arg>SS</arg>
<arg>ST</arg>
<arg>SV</arg>
<arg>SX</arg>
<arg>SY</arg>
<arg>SZ</arg>
<arg>TC</arg>
<arg>TD</arg>
<arg>TF</arg>
<arg>TG</arg>
<arg>TH</arg>
<arg>TJ</arg>
<arg>TK</arg>
<arg>TL</arg>
<arg>TM</arg>
<arg>TN</arg>
<arg>TO</arg>
<arg>TR</arg>
<arg>TT</arg>
<arg>TV</arg>
<arg>TW</arg>
<arg>TZ</arg>
<arg>UA</arg>
<arg>UG</arg>
<arg>UM</arg>
<arg>US</arg>
<arg>UY</arg>
<arg>UZ</arg>
<arg>VA</arg>
<arg>VC</arg>
<arg>VE</arg>
<arg>VG</arg>
<arg>VI</arg>
<arg>VN</arg>
<arg>VU</arg>
<arg>WF</arg>
<arg>WS</arg>
<arg>XK</arg>
<arg>YE</arg>
<arg>YT</arg>
<arg>ZA</arg>
<arg>ZM</arg>
<arg>ZW</arg>
<doc>Returns a list containing given items.</doc>
<status status="PASS" start="2024-04-20T09:12:27.494578" elapsed="0.000613"/>
</kw>
<kw name="List Should Contain Value" owner="Collections">
<msg time="2024-04-20T09:12:27.496181" level="INFO">False</msg>
<arg>${list_country}</arg>
<arg>${name_country}</arg>
<doc>Fails if the ``value`` is not found from ``list``.</doc>
<status status="PASS" start="2024-04-20T09:12:27.495980" elapsed="0.000239"/>
</kw>
<kw name="Run Keyword If" owner="BuiltIn">
<kw name="Should Be True" owner="BuiltIn">
<arg>${True}</arg>
<doc>Fails if the given condition is not true.</doc>
<status status="PASS" start="2024-04-20T09:12:27.497302" elapsed="0.000144"/>
</kw>
<arg>${json_data["results"][0]["location"]["coordinates"]["latitude"]} &gt;= -90 and ${json_data["results"][0]["location"]["coordinates"]["latitude"]} &lt;= 90</arg>
<arg>Should Be True</arg>
<arg>${True}</arg>
<doc>Runs the given keyword with the given arguments, if ``condition`` is true.</doc>
<status status="PASS" start="2024-04-20T09:12:27.496531" elapsed="0.001050"/>
</kw>
<kw name="Run Keyword If" owner="BuiltIn">
<kw name="Should Be True" owner="BuiltIn">
<arg>${True}</arg>
<doc>Fails if the given condition is not true.</doc>
<status status="PASS" start="2024-04-20T09:12:27.498500" elapsed="0.000260"/>
</kw>
<arg>${json_data["results"][0]["location"]["coordinates"]["longitude"]} &gt;= -180 and ${json_data["results"][0]["location"]["coordinates"]["longitude"]} &lt;= 180</arg>
<arg>Should Be True</arg>
<arg>${True}</arg>
<doc>Runs the given keyword with the given arguments, if ``condition`` is true.</doc>
<status status="PASS" start="2024-04-20T09:12:27.497795" elapsed="0.001092"/>
</kw>
<status status="PASS" start="2024-04-20T09:12:27.399730" elapsed="0.099291"/>
</kw>
<doc>Testa o conteúdo específico dos campos retornados pela API.</doc>
<tag>testeConteudo</tag>
<status status="PASS" start="2024-04-20T09:12:27.399190" elapsed="0.099983"/>
</test>
<status status="PASS" start="2024-04-20T09:12:26.690723" elapsed="0.810475"/>
</suite>
<status status="PASS" start="2024-04-20T09:12:26.677068" elapsed="0.829353"/>
</suite>
<statistics>
<total>
<stat pass="5" fail="0" skip="0">All Tests</stat>
</total>
<tag>
<stat pass="1" fail="0" skip="0">testeConteudo</stat>
<stat pass="1" fail="0" skip="0">testeEstruturaResposta</stat>
<stat pass="1" fail="0" skip="0">testeRequisicaoBasica</stat>
<stat pass="1" fail="0" skip="0">testeTiposDados</stat>
</tag>
<suite>
<stat pass="5" fail="0" skip="0" id="s1" name="Tests">Tests</stat>
<stat pass="5" fail="0" skip="0" id="s1-s1" name="Random-User-Test">Tests.Random-User-Test</stat>
</suite>
</statistics>
<errors>
</errors>
</robot>
