<?xml version="1.0" encoding="UTF-8"?>
<robot generator="Robot 7.0.1 (Python 3.12.4 on linux)" generated="2024-07-04T03:18:17.309736" rpa="false" schemaversion="5">
<suite id="s1" name="Tests" source="/home/runner/work/ApiRandomUser/ApiRandomUser/RamdonUser/tests">
<suite id="s1-s1" name="Random-User-Test" source="/home/runner/work/ApiRandomUser/ApiRandomUser/RamdonUser/tests/random-user-test.robot">
<test id="s1-s1-t1" name="Conectar" line="13">
<kw name="Conectar API" owner="random-user-service">
<kw name="Create Session" owner="RequestsLibrary">
<msg time="2024-07-04T03:18:17.719859" level="INFO">Creating Session using : alias=consultarAPI, url=https://randomuser.me/, headers={},                     cookies={}, auth=None, timeout=None, proxies=None, verify=False,                     debug=0 </msg>
<arg>consultarAPI</arg>
<arg>${URL}</arg>
<doc>Create Session: create a HTTP session to a server</doc>
<status status="PASS" start="2024-07-04T03:18:17.719636" elapsed="0.000416"/>
</kw>
<status status="PASS" start="2024-07-04T03:18:17.718558" elapsed="0.001860"/>
</kw>
<status status="PASS" start="2024-07-04T03:18:17.717861" elapsed="0.002754"/>
</test>
<test id="s1-s1-t2" name="Validar retorno 200 e JSON Válido" line="16">
<kw name="Teste de Requisicao Basica" owner="random-user-service">
<kw name="GET On Session" owner="RequestsLibrary">
<msg time="2024-07-04T03:18:17.965120" level="INFO">GET Request : url=https://randomuser.me/api 
 path_url=/api 
 headers={'User-Agent': 'python-requests/2.32.3', 'Accept-Encoding': 'gzip, deflate', 'Accept': '*/*', 'Connection': 'keep-alive'} 
 body=None 
 </msg>
<msg time="2024-07-04T03:18:17.965302" level="INFO">GET Response : url=https://randomuser.me/api 
 status=200, reason=OK 
 headers={'Date': 'Thu, 04 Jul 2024 03:18:17 GMT', 'Content-Type': 'application/json; charset=utf-8', 'Transfer-Encoding': 'chunked', 'Connection': 'keep-alive', 'X-Powered-By': 'Express', 'Access-Control-Allow-Origin': '*', 'Cache-Control': 'no-cache', 'ETag': 'W/"496-/dbBqPcQrh1xVuNA3bga5b84Q5k"', 'Vary': 'Accept-Encoding', 'Content-Encoding': 'gzip', 'CF-Cache-Status': 'DYNAMIC', 'Report-To': '{"endpoints":[{"url":"https:\\/\\/a.nel.cloudflare.com\\/report\\/v4?s=fKh1U8Gqi2YT1mKYc0PcrGSIO5p9nykzFU2Osfwr2L5IW2yvffn15pwWMHH3Xzl52hr1fXjO5AnexFOlvx4hP4WaLMYO46YpeE8u0CMcj%2Fx0OwKSjTb607RJ0zzfsDFs"}],"group":"cf-nel","max_age":604800}', 'NEL': '{"success_fraction":0,"report_to":"cf-nel","max_age":604800}', 'Server': 'cloudflare', 'CF-RAY': '89dbf79a1bfb8220-IAD', 'alt-svc': 'h3=":443"; ma=86400'} 
 body={"results":[{"gender":"female","name":{"title":"Ms","first":"Sonika","last":"Nayak"},"location":{"street":{"number":8881,"name":"Gandhi Maidan Marg"},"city":"Chittoor","state":"Odisha","country":"India","postcode":14366,"coordinates":{"latitude":"8.5609","longitude":"78.0923"},"timezone":{"offset":"+10:00","description":"Eastern Australia, Guam, Vladivostok"}},"email":"sonika.nayak@example.com","login":{"uuid":"d9efe53b-077b-4264-b628-437564319d5c","username":"orangeelephant309","password":"budman","salt":"CDTlAqQy","md5":"2d3b9fd4b524a6a136ffc64245685f0e","sha1":"4d5220c8c5468933d501e2a444660380641f51b6","sha256":"1ad014ba3c17123949b6933e83757813b195fba21aca822fe9feae4bcdd289ea"},"dob":{"date":"1972-11-16T21:24:25.808Z","age":51},"registered":{"date":"2008-10-21T01:42:58.945Z","age":15},"phone":"7216837956","cell":"9334426532","id":{"name":"UIDAI","value":"835432937237"},"picture":{"large":"https://randomuser.me/api/portraits/women/36.jpg","medium":"https://randomuser.me/api/portraits/med/women/36.jpg","thumbnail":"https://randomuser.me/api/portraits/thumb/women/36.jpg"},"nat":"IN"}],"info":{"seed":"0c278aeef76f1095","results":1,"page":1,"version":"1.4"}} 
 </msg>
<msg time="2024-07-04T03:18:17.965401" level="INFO">/opt/hostedtoolcache/Python/3.12.4/x64/lib/python3.12/site-packages/urllib3/connectionpool.py:1099: InsecureRequestWarning: Unverified HTTPS request is being made to host 'randomuser.me'. Adding certificate verification is strongly advised. See: https://urllib3.readthedocs.io/en/latest/advanced-usage.html#tls-warnings
  warnings.warn(</msg>
<msg time="2024-07-04T03:18:17.965573" level="INFO">${response} = &lt;Response [200]&gt;</msg>
<var>${response}</var>
<arg>consultarAPI</arg>
<arg>/api</arg>
<doc>Sends a GET request on a previously created HTTP Session.</doc>
<status status="PASS" start="2024-07-04T03:18:17.723352" elapsed="0.242267"/>
</kw>
<kw name="Should Be Equal As Numbers" owner="BuiltIn">
<msg time="2024-07-04T03:18:17.966661" level="INFO">Argument types are:
&lt;class 'int'&gt;
&lt;class 'str'&gt;</msg>
<arg>${response.status_code}</arg>
<arg>200</arg>
<doc>Fails if objects are unequal after converting them to real numbers.</doc>
<status status="PASS" start="2024-07-04T03:18:17.966197" elapsed="0.000531"/>
</kw>
<kw name="Log" owner="BuiltIn">
<msg time="2024-07-04T03:18:17.967407" level="INFO">200</msg>
<arg>${response.status_code}</arg>
<doc>Logs the given message with the given level.</doc>
<status status="PASS" start="2024-07-04T03:18:17.967051" elapsed="0.000399"/>
</kw>
<kw name="Set Variable" owner="BuiltIn">
<msg time="2024-07-04T03:18:17.968195" level="INFO">${json_data} = {'results': [{'gender': 'female', 'name': {'title': 'Ms', 'first': 'Sonika', 'last': 'Nayak'}, 'location': {'street': {'number': 8881, 'name': 'Gandhi Maidan Marg'}, 'city': 'Chittoor', 'state': 'Odis...</msg>
<var>${json_data}</var>
<arg>${response.json()}</arg>
<doc>Returns the given values which can then be assigned to a variables.</doc>
<status status="PASS" start="2024-07-04T03:18:17.967756" elapsed="0.000468"/>
</kw>
<kw name="Dictionary Should Contain Key" owner="Collections">
<arg>${json_data}</arg>
<arg>results</arg>
<doc>Fails if ``key`` is not found from ``dictionary``.</doc>
<status status="PASS" start="2024-07-04T03:18:17.968525" elapsed="0.000166"/>
</kw>
<status status="PASS" start="2024-07-04T03:18:17.723094" elapsed="0.245749"/>
</kw>
<doc>Testa se a API responde corretamente e retorna um objeto JSON válido.</doc>
<tag>testeRequisicaoBasica</tag>
<status status="PASS" start="2024-07-04T03:18:17.722531" elapsed="0.246494"/>
</test>
<test id="s1-s1-t3" name="Validar estrutura de resposta" line="22">
<kw name="Teste de Estrutura de Resposta" owner="random-user-service">
<kw name="GET On Session" owner="RequestsLibrary">
<msg time="2024-07-04T03:18:18.067326" level="INFO">GET Request : url=https://randomuser.me/api 
 path_url=/api 
 headers={'User-Agent': 'python-requests/2.32.3', 'Accept-Encoding': 'gzip, deflate', 'Accept': '*/*', 'Connection': 'keep-alive'} 
 body=None 
 </msg>
<msg time="2024-07-04T03:18:18.067431" level="INFO">GET Response : url=https://randomuser.me/api 
 status=200, reason=OK 
 headers={'Date': 'Thu, 04 Jul 2024 03:18:18 GMT', 'Content-Type': 'application/json; charset=utf-8', 'Transfer-Encoding': 'chunked', 'Connection': 'keep-alive', 'X-Powered-By': 'Express', 'Access-Control-Allow-Origin': '*', 'Cache-Control': 'no-cache', 'ETag': 'W/"49f-jzvK5M3JFpq5XcqxUpC9bG9fs10"', 'Vary': 'Accept-Encoding', 'Content-Encoding': 'gzip', 'CF-Cache-Status': 'DYNAMIC', 'Report-To': '{"endpoints":[{"url":"https:\\/\\/a.nel.cloudflare.com\\/report\\/v4?s=WrZNFgj9kwhkBsU2tSiBdUpSRhBEzADSROYqejYIE%2BLi1RVUwRg4V%2FRD1SZWJ2%2BrkR3AiQAfWvljXcpz9WHVZ0wOphZW%2Fj%2BRcngEPMcfAjWt3oS%2BrpYjdInvjovvrwfv"}],"group":"cf-nel","max_age":604800}', 'NEL': '{"success_fraction":0,"report_to":"cf-nel","max_age":604800}', 'Server': 'cloudflare', 'CF-RAY': '89dbf79a5c258220-IAD', 'alt-svc': 'h3=":443"; ma=86400'} 
 body={"results":[{"gender":"female","name":{"title":"Miss","first":"Marianne","last":"Margaret"},"location":{"street":{"number":7560,"name":"Frederick Ave"},"city":"Field","state":"Nova Scotia","country":"Canada","postcode":"D7Z 6F6","coordinates":{"latitude":"-70.0054","longitude":"142.8373"},"timezone":{"offset":"+1:00","description":"Brussels, Copenhagen, Madrid, Paris"}},"email":"marianne.margaret@example.com","login":{"uuid":"ca47c758-97d9-4d51-9348-fdaafd2851cf","username":"orangewolf857","password":"denise","salt":"B1JYuegm","md5":"9fc4e5ebbbe3aadf30ec61676e84dd74","sha1":"ff5267c38eef8a42c4aebe6ddad1bc4d8023d3b4","sha256":"b1327030a37ef06fca5297f05c52b2792708d0d7f13c400cc5d250d153e36ec9"},"dob":{"date":"1980-04-16T20:33:31.627Z","age":44},"registered":{"date":"2015-10-18T09:42:25.739Z","age":8},"phone":"W15 J07-9722","cell":"E94 Z83-6513","id":{"name":"SIN","value":"214861015"},"picture":{"large":"https://randomuser.me/api/portraits/women/94.jpg","medium":"https://randomuser.me/api/portraits/med/women/94.jpg","thumbnail":"https://randomuser.me/api/portraits/thumb/women/94.jpg"},"nat":"CA"}],"info":{"seed":"d3c33fe79cdb76c8","results":1,"page":1,"version":"1.4"}} 
 </msg>
<msg time="2024-07-04T03:18:18.067565" level="INFO">/opt/hostedtoolcache/Python/3.12.4/x64/lib/python3.12/site-packages/urllib3/connectionpool.py:1099: InsecureRequestWarning: Unverified HTTPS request is being made to host 'randomuser.me'. Adding certificate verification is strongly advised. See: https://urllib3.readthedocs.io/en/latest/advanced-usage.html#tls-warnings
  warnings.warn(</msg>
<msg time="2024-07-04T03:18:18.067717" level="INFO">${response} = &lt;Response [200]&gt;</msg>
<var>${response}</var>
<arg>consultarAPI</arg>
<arg>/api</arg>
<doc>Sends a GET request on a previously created HTTP Session.</doc>
<status status="PASS" start="2024-07-04T03:18:17.971744" elapsed="0.096017"/>
</kw>
<kw name="Set Variable" owner="BuiltIn">
<msg time="2024-07-04T03:18:18.068778" level="INFO">${json_data} = {'results': [{'gender': 'female', 'name': {'title': 'Miss', 'first': 'Marianne', 'last': 'Margaret'}, 'location': {'street': {'number': 7560, 'name': 'Frederick Ave'}, 'city': 'Field', 'state': 'Nova ...</msg>
<var>${json_data}</var>
<arg>${response.json()}</arg>
<doc>Returns the given values which can then be assigned to a variables.</doc>
<status status="PASS" start="2024-07-04T03:18:18.068263" elapsed="0.000543"/>
</kw>
<kw name="Log" owner="BuiltIn">
<msg time="2024-07-04T03:18:18.069261" level="INFO">{'results': [{'gender': 'female', 'name': {'title': 'Miss', 'first': 'Marianne', 'last': 'Margaret'}, 'location': {'street': {'number': 7560, 'name': 'Frederick Ave'}, 'city': 'Field', 'state': 'Nova Scotia', 'country': 'Canada', 'postcode': 'D7Z 6F6', 'coordinates': {'latitude': '-70.0054', 'longitude': '142.8373'}, 'timezone': {'offset': '+1:00', 'description': 'Brussels, Copenhagen, Madrid, Paris'}}, 'email': 'marianne.margaret@example.com', 'login': {'uuid': 'ca47c758-97d9-4d51-9348-fdaafd2851cf', 'username': 'orangewolf857', 'password': 'denise', 'salt': 'B1JYuegm', 'md5': '9fc4e5ebbbe3aadf30ec61676e84dd74', 'sha1': 'ff5267c38eef8a42c4aebe6ddad1bc4d8023d3b4', 'sha256': 'b1327030a37ef06fca5297f05c52b2792708d0d7f13c400cc5d250d153e36ec9'}, 'dob': {'date': '1980-04-16T20:33:31.627Z', 'age': 44}, 'registered': {'date': '2015-10-18T09:42:25.739Z', 'age': 8}, 'phone': 'W15 J07-9722', 'cell': 'E94 Z83-6513', 'id': {'name': 'SIN', 'value': '214861015'}, 'picture': {'large': 'https://randomuser.me/api/portraits/women/94.jpg', 'medium': 'https://randomuser.me/api/portraits/med/women/94.jpg', 'thumbnail': 'https://randomuser.me/api/portraits/thumb/women/94.jpg'}, 'nat': 'CA'}], 'info': {'seed': 'd3c33fe79cdb76c8', 'results': 1, 'page': 1, 'version': '1.4'}}</msg>
<arg>${json_data}</arg>
<doc>Logs the given message with the given level.</doc>
<status status="PASS" start="2024-07-04T03:18:18.069104" elapsed="0.000203"/>
</kw>
<kw name="Dictionary Should Contain Key" owner="Collections">
<arg>${json_data}</arg>
<arg>results</arg>
<doc>Fails if ``key`` is not found from ``dictionary``.</doc>
<status status="PASS" start="2024-07-04T03:18:18.069600" elapsed="0.000163"/>
</kw>
<kw name="Should Not Be Empty" owner="BuiltIn">
<msg time="2024-07-04T03:18:18.070114" level="INFO">Length is 2.</msg>
<arg>${json_data}</arg>
<doc>Verifies that the given item is not empty.</doc>
<status status="PASS" start="2024-07-04T03:18:18.069942" elapsed="0.000213"/>
</kw>
<kw name="Create List" owner="BuiltIn">
<msg time="2024-07-04T03:18:18.070598" level="INFO">${expected_keys} = ['gender', 'name', 'location', 'email', 'login']</msg>
<var>${expected_keys}</var>
<arg>gender</arg>
<arg>name</arg>
<arg>location</arg>
<arg>email</arg>
<arg>login</arg>
<doc>Returns a list containing given items.</doc>
<status status="PASS" start="2024-07-04T03:18:18.070446" elapsed="0.000176"/>
</kw>
<for flavor="IN">
<iter>
<kw name="Dictionary Should Contain Key" owner="Collections">
<arg>${json_data['results'][0]}</arg>
<arg>${key}</arg>
<doc>Fails if ``key`` is not found from ``dictionary``.</doc>
<status status="PASS" start="2024-07-04T03:18:18.071359" elapsed="0.000391"/>
</kw>
<kw name="Log" owner="BuiltIn">
<msg time="2024-07-04T03:18:18.072295" level="INFO">{'gender': 'female', 'name': {'title': 'Miss', 'first': 'Marianne', 'last': 'Margaret'}, 'location': {'street': {'number': 7560, 'name': 'Frederick Ave'}, 'city': 'Field', 'state': 'Nova Scotia', 'country': 'Canada', 'postcode': 'D7Z 6F6', 'coordinates': {'latitude': '-70.0054', 'longitude': '142.8373'}, 'timezone': {'offset': '+1:00', 'description': 'Brussels, Copenhagen, Madrid, Paris'}}, 'email': 'marianne.margaret@example.com', 'login': {'uuid': 'ca47c758-97d9-4d51-9348-fdaafd2851cf', 'username': 'orangewolf857', 'password': 'denise', 'salt': 'B1JYuegm', 'md5': '9fc4e5ebbbe3aadf30ec61676e84dd74', 'sha1': 'ff5267c38eef8a42c4aebe6ddad1bc4d8023d3b4', 'sha256': 'b1327030a37ef06fca5297f05c52b2792708d0d7f13c400cc5d250d153e36ec9'}, 'dob': {'date': '1980-04-16T20:33:31.627Z', 'age': 44}, 'registered': {'date': '2015-10-18T09:42:25.739Z', 'age': 8}, 'phone': 'W15 J07-9722', 'cell': 'E94 Z83-6513', 'id': {'name': 'SIN', 'value': '214861015'}, 'picture': {'large': 'https://randomuser.me/api/portraits/women/94.jpg', 'medium': 'https://randomuser.me/api/portraits/med/women/94.jpg', 'thumbnail': 'https://randomuser.me/api/portraits/thumb/women/94.jpg'}, 'nat': 'CA'}</msg>
<arg>${json_data['results'][0]}</arg>
<doc>Logs the given message with the given level.</doc>
<status status="PASS" start="2024-07-04T03:18:18.071937" elapsed="0.000406"/>
</kw>
<kw name="Log" owner="BuiltIn">
<msg time="2024-07-04T03:18:18.072768" level="INFO">gender</msg>
<arg>${key}</arg>
<doc>Logs the given message with the given level.</doc>
<status status="PASS" start="2024-07-04T03:18:18.072640" elapsed="0.000165"/>
</kw>
<var name="${key}">gender</var>
<status status="PASS" start="2024-07-04T03:18:18.071236" elapsed="0.001783"/>
</iter>
<iter>
<kw name="Dictionary Should Contain Key" owner="Collections">
<arg>${json_data['results'][0]}</arg>
<arg>${key}</arg>
<doc>Fails if ``key`` is not found from ``dictionary``.</doc>
<status status="PASS" start="2024-07-04T03:18:18.073310" elapsed="0.000393"/>
</kw>
<kw name="Log" owner="BuiltIn">
<msg time="2024-07-04T03:18:18.074313" level="INFO">{'gender': 'female', 'name': {'title': 'Miss', 'first': 'Marianne', 'last': 'Margaret'}, 'location': {'street': {'number': 7560, 'name': 'Frederick Ave'}, 'city': 'Field', 'state': 'Nova Scotia', 'country': 'Canada', 'postcode': 'D7Z 6F6', 'coordinates': {'latitude': '-70.0054', 'longitude': '142.8373'}, 'timezone': {'offset': '+1:00', 'description': 'Brussels, Copenhagen, Madrid, Paris'}}, 'email': 'marianne.margaret@example.com', 'login': {'uuid': 'ca47c758-97d9-4d51-9348-fdaafd2851cf', 'username': 'orangewolf857', 'password': 'denise', 'salt': 'B1JYuegm', 'md5': '9fc4e5ebbbe3aadf30ec61676e84dd74', 'sha1': 'ff5267c38eef8a42c4aebe6ddad1bc4d8023d3b4', 'sha256': 'b1327030a37ef06fca5297f05c52b2792708d0d7f13c400cc5d250d153e36ec9'}, 'dob': {'date': '1980-04-16T20:33:31.627Z', 'age': 44}, 'registered': {'date': '2015-10-18T09:42:25.739Z', 'age': 8}, 'phone': 'W15 J07-9722', 'cell': 'E94 Z83-6513', 'id': {'name': 'SIN', 'value': '214861015'}, 'picture': {'large': 'https://randomuser.me/api/portraits/women/94.jpg', 'medium': 'https://randomuser.me/api/portraits/med/women/94.jpg', 'thumbnail': 'https://randomuser.me/api/portraits/thumb/women/94.jpg'}, 'nat': 'CA'}</msg>
<arg>${json_data['results'][0]}</arg>
<doc>Logs the given message with the given level.</doc>
<status status="PASS" start="2024-07-04T03:18:18.073882" elapsed="0.000479"/>
</kw>
<kw name="Log" owner="BuiltIn">
<msg time="2024-07-04T03:18:18.074780" level="INFO">name</msg>
<arg>${key}</arg>
<doc>Logs the given message with the given level.</doc>
<status status="PASS" start="2024-07-04T03:18:18.074655" elapsed="0.000162"/>
</kw>
<var name="${key}">name</var>
<status status="PASS" start="2024-07-04T03:18:18.073199" elapsed="0.001833"/>
</iter>
<iter>
<kw name="Dictionary Should Contain Key" owner="Collections">
<arg>${json_data['results'][0]}</arg>
<arg>${key}</arg>
<doc>Fails if ``key`` is not found from ``dictionary``.</doc>
<status status="PASS" start="2024-07-04T03:18:18.075311" elapsed="0.000372"/>
</kw>
<kw name="Log" owner="BuiltIn">
<msg time="2024-07-04T03:18:18.076206" level="INFO">{'gender': 'female', 'name': {'title': 'Miss', 'first': 'Marianne', 'last': 'Margaret'}, 'location': {'street': {'number': 7560, 'name': 'Frederick Ave'}, 'city': 'Field', 'state': 'Nova Scotia', 'country': 'Canada', 'postcode': 'D7Z 6F6', 'coordinates': {'latitude': '-70.0054', 'longitude': '142.8373'}, 'timezone': {'offset': '+1:00', 'description': 'Brussels, Copenhagen, Madrid, Paris'}}, 'email': 'marianne.margaret@example.com', 'login': {'uuid': 'ca47c758-97d9-4d51-9348-fdaafd2851cf', 'username': 'orangewolf857', 'password': 'denise', 'salt': 'B1JYuegm', 'md5': '9fc4e5ebbbe3aadf30ec61676e84dd74', 'sha1': 'ff5267c38eef8a42c4aebe6ddad1bc4d8023d3b4', 'sha256': 'b1327030a37ef06fca5297f05c52b2792708d0d7f13c400cc5d250d153e36ec9'}, 'dob': {'date': '1980-04-16T20:33:31.627Z', 'age': 44}, 'registered': {'date': '2015-10-18T09:42:25.739Z', 'age': 8}, 'phone': 'W15 J07-9722', 'cell': 'E94 Z83-6513', 'id': {'name': 'SIN', 'value': '214861015'}, 'picture': {'large': 'https://randomuser.me/api/portraits/women/94.jpg', 'medium': 'https://randomuser.me/api/portraits/med/women/94.jpg', 'thumbnail': 'https://randomuser.me/api/portraits/thumb/women/94.jpg'}, 'nat': 'CA'}</msg>
<arg>${json_data['results'][0]}</arg>
<doc>Logs the given message with the given level.</doc>
<status status="PASS" start="2024-07-04T03:18:18.075861" elapsed="0.000391"/>
</kw>
<kw name="Log" owner="BuiltIn">
<msg time="2024-07-04T03:18:18.076674" level="INFO">location</msg>
<arg>${key}</arg>
<doc>Logs the given message with the given level.</doc>
<status status="PASS" start="2024-07-04T03:18:18.076547" elapsed="0.000163"/>
</kw>
<var name="${key}">location</var>
<status status="PASS" start="2024-07-04T03:18:18.075206" elapsed="0.001717"/>
</iter>
<iter>
<kw name="Dictionary Should Contain Key" owner="Collections">
<arg>${json_data['results'][0]}</arg>
<arg>${key}</arg>
<doc>Fails if ``key`` is not found from ``dictionary``.</doc>
<status status="PASS" start="2024-07-04T03:18:18.077194" elapsed="0.000381"/>
</kw>
<kw name="Log" owner="BuiltIn">
<msg time="2024-07-04T03:18:18.078127" level="INFO">{'gender': 'female', 'name': {'title': 'Miss', 'first': 'Marianne', 'last': 'Margaret'}, 'location': {'street': {'number': 7560, 'name': 'Frederick Ave'}, 'city': 'Field', 'state': 'Nova Scotia', 'country': 'Canada', 'postcode': 'D7Z 6F6', 'coordinates': {'latitude': '-70.0054', 'longitude': '142.8373'}, 'timezone': {'offset': '+1:00', 'description': 'Brussels, Copenhagen, Madrid, Paris'}}, 'email': 'marianne.margaret@example.com', 'login': {'uuid': 'ca47c758-97d9-4d51-9348-fdaafd2851cf', 'username': 'orangewolf857', 'password': 'denise', 'salt': 'B1JYuegm', 'md5': '9fc4e5ebbbe3aadf30ec61676e84dd74', 'sha1': 'ff5267c38eef8a42c4aebe6ddad1bc4d8023d3b4', 'sha256': 'b1327030a37ef06fca5297f05c52b2792708d0d7f13c400cc5d250d153e36ec9'}, 'dob': {'date': '1980-04-16T20:33:31.627Z', 'age': 44}, 'registered': {'date': '2015-10-18T09:42:25.739Z', 'age': 8}, 'phone': 'W15 J07-9722', 'cell': 'E94 Z83-6513', 'id': {'name': 'SIN', 'value': '214861015'}, 'picture': {'large': 'https://randomuser.me/api/portraits/women/94.jpg', 'medium': 'https://randomuser.me/api/portraits/med/women/94.jpg', 'thumbnail': 'https://randomuser.me/api/portraits/thumb/women/94.jpg'}, 'nat': 'CA'}</msg>
<arg>${json_data['results'][0]}</arg>
<doc>Logs the given message with the given level.</doc>
<status status="PASS" start="2024-07-04T03:18:18.077754" elapsed="0.000425"/>
</kw>
<kw name="Log" owner="BuiltIn">
<msg time="2024-07-04T03:18:18.078600" level="INFO">email</msg>
<arg>${key}</arg>
<doc>Logs the given message with the given level.</doc>
<status status="PASS" start="2024-07-04T03:18:18.078474" elapsed="0.000164"/>
</kw>
<var name="${key}">email</var>
<status status="PASS" start="2024-07-04T03:18:18.077090" elapsed="0.001764"/>
</iter>
<iter>
<kw name="Dictionary Should Contain Key" owner="Collections">
<arg>${json_data['results'][0]}</arg>
<arg>${key}</arg>
<doc>Fails if ``key`` is not found from ``dictionary``.</doc>
<status status="PASS" start="2024-07-04T03:18:18.079133" elapsed="0.000380"/>
</kw>
<kw name="Log" owner="BuiltIn">
<msg time="2024-07-04T03:18:18.080044" level="INFO">{'gender': 'female', 'name': {'title': 'Miss', 'first': 'Marianne', 'last': 'Margaret'}, 'location': {'street': {'number': 7560, 'name': 'Frederick Ave'}, 'city': 'Field', 'state': 'Nova Scotia', 'country': 'Canada', 'postcode': 'D7Z 6F6', 'coordinates': {'latitude': '-70.0054', 'longitude': '142.8373'}, 'timezone': {'offset': '+1:00', 'description': 'Brussels, Copenhagen, Madrid, Paris'}}, 'email': 'marianne.margaret@example.com', 'login': {'uuid': 'ca47c758-97d9-4d51-9348-fdaafd2851cf', 'username': 'orangewolf857', 'password': 'denise', 'salt': 'B1JYuegm', 'md5': '9fc4e5ebbbe3aadf30ec61676e84dd74', 'sha1': 'ff5267c38eef8a42c4aebe6ddad1bc4d8023d3b4', 'sha256': 'b1327030a37ef06fca5297f05c52b2792708d0d7f13c400cc5d250d153e36ec9'}, 'dob': {'date': '1980-04-16T20:33:31.627Z', 'age': 44}, 'registered': {'date': '2015-10-18T09:42:25.739Z', 'age': 8}, 'phone': 'W15 J07-9722', 'cell': 'E94 Z83-6513', 'id': {'name': 'SIN', 'value': '214861015'}, 'picture': {'large': 'https://randomuser.me/api/portraits/women/94.jpg', 'medium': 'https://randomuser.me/api/portraits/med/women/94.jpg', 'thumbnail': 'https://randomuser.me/api/portraits/thumb/women/94.jpg'}, 'nat': 'CA'}</msg>
<arg>${json_data['results'][0]}</arg>
<doc>Logs the given message with the given level.</doc>
<status status="PASS" start="2024-07-04T03:18:18.079692" elapsed="0.000398"/>
</kw>
<kw name="Log" owner="BuiltIn">
<msg time="2024-07-04T03:18:18.080504" level="INFO">login</msg>
<arg>${key}</arg>
<doc>Logs the given message with the given level.</doc>
<status status="PASS" start="2024-07-04T03:18:18.080379" elapsed="0.000163"/>
</kw>
<var name="${key}">login</var>
<status status="PASS" start="2024-07-04T03:18:18.079023" elapsed="0.001737"/>
</iter>
<var>${key}</var>
<value>@{expected_keys}</value>
<status status="PASS" start="2024-07-04T03:18:18.071038" elapsed="0.009841"/>
</for>
<kw name="Create List" owner="BuiltIn">
<msg time="2024-07-04T03:18:18.081229" level="INFO">${expected_keysTwo} = ['username', 'password']</msg>
<var>${expected_keysTwo}</var>
<arg>username</arg>
<arg>password</arg>
<doc>Returns a list containing given items.</doc>
<status status="PASS" start="2024-07-04T03:18:18.081093" elapsed="0.000160"/>
</kw>
<for flavor="IN">
<iter>
<kw name="Dictionary Should Contain Key" owner="Collections">
<arg>${json_data['results'][0]['login']}</arg>
<arg>${keyTwo}</arg>
<doc>Fails if ``key`` is not found from ``dictionary``.</doc>
<status status="PASS" start="2024-07-04T03:18:18.081747" elapsed="0.000436"/>
</kw>
<kw name="Dictionary Should Contain Key" owner="Collections">
<arg>${json_data['results'][0]['login']}</arg>
<arg>${keyTwo}</arg>
<doc>Fails if ``key`` is not found from ``dictionary``.</doc>
<status status="PASS" start="2024-07-04T03:18:18.082363" elapsed="0.000371"/>
</kw>
<kw name="Log" owner="BuiltIn">
<msg time="2024-07-04T03:18:18.083039" level="INFO">username</msg>
<arg>${keyTwo}</arg>
<doc>Logs the given message with the given level.</doc>
<status status="PASS" start="2024-07-04T03:18:18.082914" elapsed="0.000164"/>
</kw>
<var name="${keyTwo}">username</var>
<status status="PASS" start="2024-07-04T03:18:18.081641" elapsed="0.001655"/>
</iter>
<iter>
<kw name="Dictionary Should Contain Key" owner="Collections">
<arg>${json_data['results'][0]['login']}</arg>
<arg>${keyTwo}</arg>
<doc>Fails if ``key`` is not found from ``dictionary``.</doc>
<status status="PASS" start="2024-07-04T03:18:18.083571" elapsed="0.000395"/>
</kw>
<kw name="Dictionary Should Contain Key" owner="Collections">
<arg>${json_data['results'][0]['login']}</arg>
<arg>${keyTwo}</arg>
<doc>Fails if ``key`` is not found from ``dictionary``.</doc>
<status status="PASS" start="2024-07-04T03:18:18.084140" elapsed="0.000366"/>
</kw>
<kw name="Log" owner="BuiltIn">
<msg time="2024-07-04T03:18:18.084805" level="INFO">password</msg>
<arg>${keyTwo}</arg>
<doc>Logs the given message with the given level.</doc>
<status status="PASS" start="2024-07-04T03:18:18.084687" elapsed="0.000160"/>
</kw>
<var name="${keyTwo}">password</var>
<status status="PASS" start="2024-07-04T03:18:18.083465" elapsed="0.001605"/>
</iter>
<var>${keyTwo}</var>
<value>@{expected_keysTwo}</value>
<status status="PASS" start="2024-07-04T03:18:18.081491" elapsed="0.003697"/>
</for>
<status status="PASS" start="2024-07-04T03:18:17.971506" elapsed="0.113821"/>
</kw>
<doc>Testa a estrutura da resposta da API.</doc>
<tag>testeEstruturaResposta</tag>
<status status="PASS" start="2024-07-04T03:18:17.970954" elapsed="0.114528"/>
</test>
<test id="s1-s1-t4" name="Validar tipos de dados" line="28">
<kw name="Teste de Tipos de Dados" owner="random-user-service">
<kw name="GET On Session" owner="RequestsLibrary">
<msg time="2024-07-04T03:18:18.164948" level="INFO">GET Request : url=https://randomuser.me/api 
 path_url=/api 
 headers={'User-Agent': 'python-requests/2.32.3', 'Accept-Encoding': 'gzip, deflate', 'Accept': '*/*', 'Connection': 'keep-alive'} 
 body=None 
 </msg>
<msg time="2024-07-04T03:18:18.165042" level="INFO">GET Response : url=https://randomuser.me/api 
 status=200, reason=OK 
 headers={'Date': 'Thu, 04 Jul 2024 03:18:18 GMT', 'Content-Type': 'application/json; charset=utf-8', 'Transfer-Encoding': 'chunked', 'Connection': 'keep-alive', 'X-Powered-By': 'Express', 'Access-Control-Allow-Origin': '*', 'Cache-Control': 'no-cache', 'ETag': 'W/"4a9-Cr2qmkakdN1QzVHZsS9egVI33og"', 'Vary': 'Accept-Encoding', 'Content-Encoding': 'gzip', 'CF-Cache-Status': 'DYNAMIC', 'Report-To': '{"endpoints":[{"url":"https:\\/\\/a.nel.cloudflare.com\\/report\\/v4?s=ZSdyXCgmFf%2B%2BnIEM24NoaYq0cy1TxO%2F8uKGqN%2B24ugwNN0VP4eQPSO5hmdM94r0tQ65%2B%2Fe%2BIAECiiJY9bjMi4bFYjtiAnyvjCabE5cl9Fwc3a9OYaYs7OIHKV8WLFPdJ"}],"group":"cf-nel","max_age":604800}', 'NEL': '{"success_fraction":0,"report_to":"cf-nel","max_age":604800}', 'Server': 'cloudflare', 'CF-RAY': '89dbf79b0cef8220-IAD', 'alt-svc': 'h3=":443"; ma=86400'} 
 body={"results":[{"gender":"female","name":{"title":"Ms","first":"Peppi","last":"Aalto"},"location":{"street":{"number":6902,"name":"Aleksanterinkatu"},"city":"Äänekoski","state":"Northern Ostrobothnia","country":"Finland","postcode":64262,"coordinates":{"latitude":"-29.7026","longitude":"75.3899"},"timezone":{"offset":"+11:00","description":"Magadan, Solomon Islands, New Caledonia"}},"email":"peppi.aalto@example.com","login":{"uuid":"b0dfb0f6-9da8-4d64-904a-258e2fd407de","username":"reddog436","password":"demons","salt":"ZOG1Aqea","md5":"a22ae97777f38287bfc9b0a81b904391","sha1":"425dbbb33333905e3aa67daf6ced255b105e8242","sha256":"a63f3b56c207694a4bd865d6c58c56da38d8370118fde021fa3a85f910108daa"},"dob":{"date":"1975-07-09T04:09:05.462Z","age":48},"registered":{"date":"2019-12-04T14:08:18.988Z","age":4},"phone":"09-820-488","cell":"043-279-88-62","id":{"name":"HETU","value":"NaNNA734undefined"},"picture":{"large":"https://randomuser.me/api/portraits/women/13.jpg","medium":"https://randomuser.me/api/portraits/med/women/13.jpg","thumbnail":"https://randomuser.me/api/portraits/thumb/women/13.jpg"},"nat":"FI"}],"info":{"seed":"9c8afca98acca349","results":1,"page":1,"version":"1.4"}} 
 </msg>
<msg time="2024-07-04T03:18:18.165117" level="INFO">/opt/hostedtoolcache/Python/3.12.4/x64/lib/python3.12/site-packages/urllib3/connectionpool.py:1099: InsecureRequestWarning: Unverified HTTPS request is being made to host 'randomuser.me'. Adding certificate verification is strongly advised. See: https://urllib3.readthedocs.io/en/latest/advanced-usage.html#tls-warnings
  warnings.warn(</msg>
<msg time="2024-07-04T03:18:18.165256" level="INFO">${response} = &lt;Response [200]&gt;</msg>
<var>${response}</var>
<arg>consultarAPI</arg>
<arg>/api</arg>
<doc>Sends a GET request on a previously created HTTP Session.</doc>
<status status="PASS" start="2024-07-04T03:18:18.088174" elapsed="0.077122"/>
</kw>
<kw name="Set Variable" owner="BuiltIn">
<msg time="2024-07-04T03:18:18.166319" level="INFO">${json_data} = {'results': [{'gender': 'female', 'name': {'title': 'Ms', 'first': 'Peppi', 'last': 'Aalto'}, 'location': {'street': {'number': 6902, 'name': 'Aleksanterinkatu'}, 'city': 'Äänekoski', 'state': 'Northe...</msg>
<var>${json_data}</var>
<arg>${response.json()}</arg>
<doc>Returns the given values which can then be assigned to a variables.</doc>
<status status="PASS" start="2024-07-04T03:18:18.165761" elapsed="0.000589"/>
</kw>
<kw name="Log" owner="BuiltIn">
<msg time="2024-07-04T03:18:18.166821" level="INFO">{'results': [{'gender': 'female', 'name': {'title': 'Ms', 'first': 'Peppi', 'last': 'Aalto'}, 'location': {'street': {'number': 6902, 'name': 'Aleksanterinkatu'}, 'city': 'Äänekoski', 'state': 'Northern Ostrobothnia', 'country': 'Finland', 'postcode': 64262, 'coordinates': {'latitude': '-29.7026', 'longitude': '75.3899'}, 'timezone': {'offset': '+11:00', 'description': 'Magadan, Solomon Islands, New Caledonia'}}, 'email': 'peppi.aalto@example.com', 'login': {'uuid': 'b0dfb0f6-9da8-4d64-904a-258e2fd407de', 'username': 'reddog436', 'password': 'demons', 'salt': 'ZOG1Aqea', 'md5': 'a22ae97777f38287bfc9b0a81b904391', 'sha1': '425dbbb33333905e3aa67daf6ced255b105e8242', 'sha256': 'a63f3b56c207694a4bd865d6c58c56da38d8370118fde021fa3a85f910108daa'}, 'dob': {'date': '1975-07-09T04:09:05.462Z', 'age': 48}, 'registered': {'date': '2019-12-04T14:08:18.988Z', 'age': 4}, 'phone': '09-820-488', 'cell': '043-279-88-62', 'id': {'name': 'HETU', 'value': 'NaNNA734undefined'}, 'picture': {'large': 'https://randomuser.me/api/portraits/women/13.jpg', 'medium': 'https://randomuser.me/api/portraits/med/women/13.jpg', 'thumbnail': 'https://randomuser.me/api/portraits/thumb/women/13.jpg'}, 'nat': 'FI'}], 'info': {'seed': '9c8afca98acca349', 'results': 1, 'page': 1, 'version': '1.4'}}</msg>
<arg>${json_data}</arg>
<doc>Logs the given message with the given level.</doc>
<status status="PASS" start="2024-07-04T03:18:18.166662" elapsed="0.000211"/>
</kw>
<kw name="Should Be String" owner="String">
<arg>${json_data['results'][0]['gender']}</arg>
<doc>Fails if the given ``item`` is not a string.</doc>
<status status="PASS" start="2024-07-04T03:18:18.167166" elapsed="0.000359"/>
</kw>
<kw name="Should Match Regexp" owner="BuiltIn">
<arg>${json_data['results'][0]['email']}</arg>
<arg>^[a-zA-Z0-9._%+-]+@[a-zA-Z0-9.-]+\.[a-zA-Z]{2,}$</arg>
<doc>Fails if ``string`` does not match ``pattern`` as a regular expression.</doc>
<status status="PASS" start="2024-07-04T03:18:18.167750" elapsed="0.000522"/>
</kw>
<kw name="Should Match Regexp" owner="BuiltIn">
<arg>${json_data['results'][0]['dob']['date']}</arg>
<arg>\\d{4}-\\d{2}-\\d{2}T\\d{2}:\\d{2}:\\d{2}\\.\\d{3}Z</arg>
<doc>Fails if ``string`` does not match ``pattern`` as a regular expression.</doc>
<status status="PASS" start="2024-07-04T03:18:18.168463" elapsed="0.000484"/>
</kw>
<kw name="Should Match Regexp" owner="BuiltIn">
<arg>${json_data['results'][0]['registered']['date']}</arg>
<arg>\\d{4}-\\d{2}-\\d{2}T\\d{2}:\\d{2}:\\d{2}\\.\\d{3}Z</arg>
<doc>Fails if ``string`` does not match ``pattern`` as a regular expression.</doc>
<status status="PASS" start="2024-07-04T03:18:18.169132" elapsed="0.000359"/>
</kw>
<kw name="Should Match Regexp" owner="BuiltIn">
<arg>${json_data['results'][0]['picture']['large']}</arg>
<arg>^https?://.*\.(?:png|jpe?g|gif|bmp)$</arg>
<doc>Fails if ``string`` does not match ``pattern`` as a regular expression.</doc>
<status status="PASS" start="2024-07-04T03:18:18.169671" elapsed="0.000492"/>
</kw>
<kw name="Should Match Regexp" owner="BuiltIn">
<arg>${json_data['results'][0]['picture']['medium']}</arg>
<arg>^https?://.*\.(?:png|jpe?g|gif|bmp)$</arg>
<doc>Fails if ``string`` does not match ``pattern`` as a regular expression.</doc>
<status status="PASS" start="2024-07-04T03:18:18.170353" elapsed="0.000365"/>
</kw>
<kw name="Should Match Regexp" owner="BuiltIn">
<arg>${json_data['results'][0]['picture']['thumbnail']}</arg>
<arg>^https?://.*\.(?:png|jpe?g|gif|bmp)$</arg>
<doc>Fails if ``string`` does not match ``pattern`` as a regular expression.</doc>
<status status="PASS" start="2024-07-04T03:18:18.170909" elapsed="0.000349"/>
</kw>
<kw name="Log" owner="BuiltIn">
<msg time="2024-07-04T03:18:18.171771" level="INFO">{'large': 'https://randomuser.me/api/portraits/women/13.jpg', 'medium': 'https://randomuser.me/api/portraits/med/women/13.jpg', 'thumbnail': 'https://randomuser.me/api/portraits/thumb/women/13.jpg'}</msg>
<arg>${json_data['results'][0]['picture']}</arg>
<doc>Logs the given message with the given level.</doc>
<status status="PASS" start="2024-07-04T03:18:18.171443" elapsed="0.000371"/>
</kw>
<status status="PASS" start="2024-07-04T03:18:18.087947" elapsed="0.084125"/>
</kw>
<kw name="Teste de Tipos de Dados - Postcode" owner="random-user-service">
<kw name="GET On Session" owner="RequestsLibrary">
<msg time="2024-07-04T03:18:18.265279" level="INFO">GET Request : url=https://randomuser.me/api 
 path_url=/api 
 headers={'User-Agent': 'python-requests/2.32.3', 'Accept-Encoding': 'gzip, deflate', 'Accept': '*/*', 'Connection': 'keep-alive'} 
 body=None 
 </msg>
<msg time="2024-07-04T03:18:18.265379" level="INFO">GET Response : url=https://randomuser.me/api 
 status=200, reason=OK 
 headers={'Date': 'Thu, 04 Jul 2024 03:18:18 GMT', 'Content-Type': 'application/json; charset=utf-8', 'Transfer-Encoding': 'chunked', 'Connection': 'keep-alive', 'X-Powered-By': 'Express', 'Access-Control-Allow-Origin': '*', 'Cache-Control': 'no-cache', 'ETag': 'W/"494-FYd+FdZPhn9Kn6QyrNT+L3tScQw"', 'Vary': 'Accept-Encoding', 'Content-Encoding': 'gzip', 'CF-Cache-Status': 'DYNAMIC', 'Report-To': '{"endpoints":[{"url":"https:\\/\\/a.nel.cloudflare.com\\/report\\/v4?s=LQ9mPr%2F4fjXxqhBtEBUygcxqjWIKtO4OTm1f35VWRLa9MZQzVsHRWjywpHRz06%2FoW3sCQ0rVgR%2Foe9YDfu8OQIIjaN5OMtDEFuqYCxQJfoLm8cP97OS6HgxN4ppqKePO"}],"group":"cf-nel","max_age":604800}', 'NEL': '{"success_fraction":0,"report_to":"cf-nel","max_age":604800}', 'Server': 'cloudflare', 'CF-RAY': '89dbf79b9da68220-IAD', 'alt-svc': 'h3=":443"; ma=86400'} 
 body={"results":[{"gender":"female","name":{"title":"Ms","first":"Ronja","last":"Kangas"},"location":{"street":{"number":3338,"name":"Otavalankatu"},"city":"Tampere","state":"Päijät-Häme","country":"Finland","postcode":50598,"coordinates":{"latitude":"-24.3152","longitude":"4.2151"},"timezone":{"offset":"-1:00","description":"Azores, Cape Verde Islands"}},"email":"ronja.kangas@example.com","login":{"uuid":"d4b658d9-7725-4416-bed8-3d768c8c38f1","username":"orangeelephant840","password":"site","salt":"EjtqfzS3","md5":"11495862ebd5e197834fdfbb5a7d5d2b","sha1":"b1be26e63617178e9dd3d66219b4d90fec1e08a8","sha256":"2742e4a2d584049bf25fe5b7522b9bd27f54d3aa08ede953de0717c089be708d"},"dob":{"date":"1970-01-30T15:48:13.565Z","age":54},"registered":{"date":"2010-09-01T08:53:48.518Z","age":13},"phone":"08-572-591","cell":"048-163-72-64","id":{"name":"HETU","value":"NaNNA482undefined"},"picture":{"large":"https://randomuser.me/api/portraits/women/50.jpg","medium":"https://randomuser.me/api/portraits/med/women/50.jpg","thumbnail":"https://randomuser.me/api/portraits/thumb/women/50.jpg"},"nat":"FI"}],"info":{"seed":"0c63bc92bf3e9370","results":1,"page":1,"version":"1.4"}} 
 </msg>
<msg time="2024-07-04T03:18:18.265451" level="INFO">/opt/hostedtoolcache/Python/3.12.4/x64/lib/python3.12/site-packages/urllib3/connectionpool.py:1099: InsecureRequestWarning: Unverified HTTPS request is being made to host 'randomuser.me'. Adding certificate verification is strongly advised. See: https://urllib3.readthedocs.io/en/latest/advanced-usage.html#tls-warnings
  warnings.warn(</msg>
<msg time="2024-07-04T03:18:18.265591" level="INFO">${response} = &lt;Response [200]&gt;</msg>
<var>${response}</var>
<arg>consultarAPI</arg>
<arg>/api</arg>
<doc>Sends a GET request on a previously created HTTP Session.</doc>
<status status="PASS" start="2024-07-04T03:18:18.172527" elapsed="0.093107"/>
</kw>
<kw name="Set Variable" owner="BuiltIn">
<msg time="2024-07-04T03:18:18.266725" level="INFO">${json_data} = {'results': [{'gender': 'female', 'name': {'title': 'Ms', 'first': 'Ronja', 'last': 'Kangas'}, 'location': {'street': {'number': 3338, 'name': 'Otavalankatu'}, 'city': 'Tampere', 'state': 'Päijät-Häme...</msg>
<var>${json_data}</var>
<arg>${response.json()}</arg>
<doc>Returns the given values which can then be assigned to a variables.</doc>
<status status="PASS" start="2024-07-04T03:18:18.266216" elapsed="0.000538"/>
</kw>
<kw name="Log" owner="BuiltIn">
<msg time="2024-07-04T03:18:18.267233" level="INFO">{'results': [{'gender': 'female', 'name': {'title': 'Ms', 'first': 'Ronja', 'last': 'Kangas'}, 'location': {'street': {'number': 3338, 'name': 'Otavalankatu'}, 'city': 'Tampere', 'state': 'Päijät-Häme', 'country': 'Finland', 'postcode': 50598, 'coordinates': {'latitude': '-24.3152', 'longitude': '4.2151'}, 'timezone': {'offset': '-1:00', 'description': 'Azores, Cape Verde Islands'}}, 'email': 'ronja.kangas@example.com', 'login': {'uuid': 'd4b658d9-7725-4416-bed8-3d768c8c38f1', 'username': 'orangeelephant840', 'password': 'site', 'salt': 'EjtqfzS3', 'md5': '11495862ebd5e197834fdfbb5a7d5d2b', 'sha1': 'b1be26e63617178e9dd3d66219b4d90fec1e08a8', 'sha256': '2742e4a2d584049bf25fe5b7522b9bd27f54d3aa08ede953de0717c089be708d'}, 'dob': {'date': '1970-01-30T15:48:13.565Z', 'age': 54}, 'registered': {'date': '2010-09-01T08:53:48.518Z', 'age': 13}, 'phone': '08-572-591', 'cell': '048-163-72-64', 'id': {'name': 'HETU', 'value': 'NaNNA482undefined'}, 'picture': {'large': 'https://randomuser.me/api/portraits/women/50.jpg', 'medium': 'https://randomuser.me/api/portraits/med/women/50.jpg', 'thumbnail': 'https://randomuser.me/api/portraits/thumb/women/50.jpg'}, 'nat': 'FI'}], 'info': {'seed': '0c63bc92bf3e9370', 'results': 1, 'page': 1, 'version': '1.4'}}</msg>
<arg>${json_data}</arg>
<doc>Logs the given message with the given level.</doc>
<status status="PASS" start="2024-07-04T03:18:18.267066" elapsed="0.000216"/>
</kw>
<kw name="Should Be Equal As Numbers" owner="BuiltIn">
<arg>${json_data['results'][0]['location']['postcode']}</arg>
<arg>${json_data['results'][0]['location']['postcode']}</arg>
<doc>Fails if objects are unequal after converting them to real numbers.</doc>
<status status="PASS" start="2024-07-04T03:18:18.267580" elapsed="0.000622"/>
</kw>
<kw name="Log" owner="BuiltIn">
<msg time="2024-07-04T03:18:18.268759" level="INFO">50598</msg>
<arg>${json_data['results'][0]['location']['postcode']}</arg>
<doc>Logs the given message with the given level.</doc>
<status status="PASS" start="2024-07-04T03:18:18.268423" elapsed="0.000376"/>
</kw>
<status status="PASS" start="2024-07-04T03:18:18.172300" elapsed="0.096753"/>
</kw>
<doc>Testa se os tipos de dados na resposta da API estão corretos.</doc>
<tag>testeTiposDados</tag>
<status status="PASS" start="2024-07-04T03:18:18.087398" elapsed="0.181822"/>
</test>
<test id="s1-s1-t5" name="Validar conteudo" line="35">
<kw name="Teste de Tipos de Conteudo" owner="random-user-service">
<kw name="GET On Session" owner="RequestsLibrary">
<msg time="2024-07-04T03:18:18.383345" level="INFO">GET Request : url=https://randomuser.me/api 
 path_url=/api 
 headers={'User-Agent': 'python-requests/2.32.3', 'Accept-Encoding': 'gzip, deflate', 'Accept': '*/*', 'Connection': 'keep-alive'} 
 body=None 
 </msg>
<msg time="2024-07-04T03:18:18.383443" level="INFO">GET Response : url=https://randomuser.me/api 
 status=200, reason=OK 
 headers={'Date': 'Thu, 04 Jul 2024 03:18:18 GMT', 'Content-Type': 'application/json; charset=utf-8', 'Transfer-Encoding': 'chunked', 'Connection': 'keep-alive', 'X-Powered-By': 'Express', 'Access-Control-Allow-Origin': '*', 'Cache-Control': 'no-cache', 'ETag': 'W/"48c-z8eAEu6ZQPY7DWiqlwZGo/WhQFQ"', 'Vary': 'Accept-Encoding', 'Content-Encoding': 'gzip', 'CF-Cache-Status': 'DYNAMIC', 'Report-To': '{"endpoints":[{"url":"https:\\/\\/a.nel.cloudflare.com\\/report\\/v4?s=2Rvm5G6m22FsBQ%2BBUDQndr9H1s%2FooSFOLbqO7GPMRT%2FXU3RUx0%2Fmc%2BWnYWAgUiQKnUbdaVmR6HVLpci5ewnMVtlNQzbkMIrJKtA6DWnAfkJZMTrq%2BcROOtLPnxHpLIOG"}],"group":"cf-nel","max_age":604800}', 'NEL': '{"success_fraction":0,"report_to":"cf-nel","max_age":604800}', 'Server': 'cloudflare', 'CF-RAY': '89dbf79c3e378220-IAD', 'alt-svc': 'h3=":443"; ma=86400'} 
 body={"results":[{"gender":"female","name":{"title":"Mrs","first":"Ramya","last":"Rai"},"location":{"street":{"number":1346,"name":"Colaba Causeway"},"city":"Giridih","state":"Chandigarh","country":"India","postcode":62171,"coordinates":{"latitude":"12.3988","longitude":"64.0376"},"timezone":{"offset":"+1:00","description":"Brussels, Copenhagen, Madrid, Paris"}},"email":"ramya.rai@example.com","login":{"uuid":"9b672352-9527-4a05-9a5f-69411b9dcdc3","username":"yellowgorilla637","password":"dte4uw","salt":"uiBMdxZQ","md5":"b5fac80959205da96964ab8eff5784b2","sha1":"78441f6a69683dde3351d2c446208f16986bac59","sha256":"8640d83fba8eff595c5427cc8a1170538a132f939b4ba7be26ef7c022d5f32fc"},"dob":{"date":"1960-07-27T09:22:48.278Z","age":63},"registered":{"date":"2003-10-18T09:08:38.501Z","age":20},"phone":"9588882428","cell":"7844611216","id":{"name":"UIDAI","value":"635896645889"},"picture":{"large":"https://randomuser.me/api/portraits/women/8.jpg","medium":"https://randomuser.me/api/portraits/med/women/8.jpg","thumbnail":"https://randomuser.me/api/portraits/thumb/women/8.jpg"},"nat":"IN"}],"info":{"seed":"15d0756ce1ad2309","results":1,"page":1,"version":"1.4"}} 
 </msg>
<msg time="2024-07-04T03:18:18.383530" level="INFO">/opt/hostedtoolcache/Python/3.12.4/x64/lib/python3.12/site-packages/urllib3/connectionpool.py:1099: InsecureRequestWarning: Unverified HTTPS request is being made to host 'randomuser.me'. Adding certificate verification is strongly advised. See: https://urllib3.readthedocs.io/en/latest/advanced-usage.html#tls-warnings
  warnings.warn(</msg>
<msg time="2024-07-04T03:18:18.383668" level="INFO">${response} = &lt;Response [200]&gt;</msg>
<var>${response}</var>
<arg>consultarAPI</arg>
<arg>/api</arg>
<doc>Sends a GET request on a previously created HTTP Session.</doc>
<status status="PASS" start="2024-07-04T03:18:18.271880" elapsed="0.111829"/>
</kw>
<kw name="Set Variable" owner="BuiltIn">
<msg time="2024-07-04T03:18:18.384675" level="INFO">${json_data} = {'results': [{'gender': 'female', 'name': {'title': 'Mrs', 'first': 'Ramya', 'last': 'Rai'}, 'location': {'street': {'number': 1346, 'name': 'Colaba Causeway'}, 'city': 'Giridih', 'state': 'Chandigarh...</msg>
<var>${json_data}</var>
<arg>${response.json()}</arg>
<doc>Returns the given values which can then be assigned to a variables.</doc>
<status status="PASS" start="2024-07-04T03:18:18.384183" elapsed="0.000519"/>
</kw>
<kw name="Set Variable" owner="BuiltIn">
<msg time="2024-07-04T03:18:18.385367" level="INFO">${name_title} = Mrs</msg>
<var>${name_title}</var>
<arg>${json_data["results"][0]["name"]["title"]}</arg>
<doc>Returns the given values which can then be assigned to a variables.</doc>
<status status="PASS" start="2024-07-04T03:18:18.384995" elapsed="0.000396"/>
</kw>
<kw name="Create List" owner="BuiltIn">
<msg time="2024-07-04T03:18:18.385831" level="INFO">${allowed_titles} = ['Mr', 'Ms', 'Miss', 'Mrs', 'Madame', 'Monsieur']</msg>
<var>${allowed_titles}</var>
<arg>Mr</arg>
<arg>Ms</arg>
<arg>Miss</arg>
<arg>Mrs</arg>
<arg>Madame</arg>
<arg>Monsieur</arg>
<doc>Returns a list containing given items.</doc>
<status status="PASS" start="2024-07-04T03:18:18.385683" elapsed="0.000172"/>
</kw>
<kw name="List Should Contain Value" owner="Collections">
<arg>${allowed_titles}</arg>
<arg>${name_title}</arg>
<doc>Fails if the ``value`` is not found from ``list``.</doc>
<status status="PASS" start="2024-07-04T03:18:18.386187" elapsed="0.000182"/>
</kw>
<kw name="Set Variable" owner="BuiltIn">
<msg time="2024-07-04T03:18:18.386910" level="INFO">${name_country} = IN</msg>
<var>${name_country}</var>
<arg>${json_data["results"][0]["nat"]}</arg>
<doc>Returns the given values which can then be assigned to a variables.</doc>
<status status="PASS" start="2024-07-04T03:18:18.386549" elapsed="0.000384"/>
</kw>
<kw name="Create List" owner="BuiltIn">
<msg time="2024-07-04T03:18:18.387815" level="INFO">${list_country} = ['AD', 'AE', 'AF', 'AG', 'AI', 'AL', 'AM', 'AO', 'AQ', 'AR', 'AS', 'AT', 'AU', 'AW', 'AX', 'AZ', 'BA', 'BB', 'BD', 'BE', 'BF', 'BG', 'BH', 'BI', 'BJ', 'BL', 'BM', 'BN', 'BO', 'BQ', 'BR', 'BS', 'BT', '...</msg>
<var>${list_country}</var>
<arg>AD</arg>
<arg>AE</arg>
<arg>AF</arg>
<arg>AG</arg>
<arg>AI</arg>
<arg>AL</arg>
<arg>AM</arg>
<arg>AO</arg>
<arg>AQ</arg>
<arg>AR</arg>
<arg>AS</arg>
<arg>AT</arg>
<arg>AU</arg>
<arg>AW</arg>
<arg>AX</arg>
<arg>AZ</arg>
<arg>BA</arg>
<arg>BB</arg>
<arg>BD</arg>
<arg>BE</arg>
<arg>BF</arg>
<arg>BG</arg>
<arg>BH</arg>
<arg>BI</arg>
<arg>BJ</arg>
<arg>BL</arg>
<arg>BM</arg>
<arg>BN</arg>
<arg>BO</arg>
<arg>BQ</arg>
<arg>BR</arg>
<arg>BS</arg>
<arg>BT</arg>
<arg>BV</arg>
<arg>BW</arg>
<arg>BY</arg>
<arg>BZ</arg>
<arg>CA</arg>
<arg>CC</arg>
<arg>CD</arg>
<arg>CF</arg>
<arg>CG</arg>
<arg>CH</arg>
<arg>CI</arg>
<arg>CK</arg>
<arg>CL</arg>
<arg>CM</arg>
<arg>CN</arg>
<arg>CO</arg>
<arg>CR</arg>
<arg>CU</arg>
<arg>CV</arg>
<arg>CW</arg>
<arg>CX</arg>
<arg>CY</arg>
<arg>CZ</arg>
<arg>DE</arg>
<arg>DJ</arg>
<arg>DK</arg>
<arg>DM</arg>
<arg>DO</arg>
<arg>DZ</arg>
<arg>EC</arg>
<arg>EE</arg>
<arg>EG</arg>
<arg>EH</arg>
<arg>ER</arg>
<arg>ES</arg>
<arg>ET</arg>
<arg>FI</arg>
<arg>FJ</arg>
<arg>FK</arg>
<arg>FM</arg>
<arg>FO</arg>
<arg>FR</arg>
<arg>GA</arg>
<arg>GB</arg>
<arg>GD</arg>
<arg>GE</arg>
<arg>GF</arg>
<arg>GG</arg>
<arg>GH</arg>
<arg>GI</arg>
<arg>GL</arg>
<arg>GM</arg>
<arg>GN</arg>
<arg>GP</arg>
<arg>GQ</arg>
<arg>GR</arg>
<arg>GS</arg>
<arg>GT</arg>
<arg>GU</arg>
<arg>GW</arg>
<arg>GY</arg>
<arg>HK</arg>
<arg>HM</arg>
<arg>HN</arg>
<arg>HR</arg>
<arg>HT</arg>
<arg>HU</arg>
<arg>ID</arg>
<arg>IE</arg>
<arg>IL</arg>
<arg>IM</arg>
<arg>IN</arg>
<arg>IO</arg>
<arg>IQ</arg>
<arg>IR</arg>
<arg>IS</arg>
<arg>IT</arg>
<arg>JE</arg>
<arg>JM</arg>
<arg>JO</arg>
<arg>JP</arg>
<arg>KE</arg>
<arg>KG</arg>
<arg>KH</arg>
<arg>KI</arg>
<arg>KM</arg>
<arg>KN</arg>
<arg>KP</arg>
<arg>KR</arg>
<arg>KW</arg>
<arg>KY</arg>
<arg>KZ</arg>
<arg>LA</arg>
<arg>LB</arg>
<arg>LC</arg>
<arg>LI</arg>
<arg>LK</arg>
<arg>LR</arg>
<arg>LS</arg>
<arg>LT</arg>
<arg>LU</arg>
<arg>LV</arg>
<arg>LY</arg>
<arg>MA</arg>
<arg>MC</arg>
<arg>MD</arg>
<arg>ME</arg>
<arg>MF</arg>
<arg>MG</arg>
<arg>MH</arg>
<arg>MK</arg>
<arg>ML</arg>
<arg>MM</arg>
<arg>MN</arg>
<arg>MO</arg>
<arg>MP</arg>
<arg>MQ</arg>
<arg>MR</arg>
<arg>MS</arg>
<arg>MT</arg>
<arg>MU</arg>
<arg>MV</arg>
<arg>MW</arg>
<arg>MX</arg>
<arg>MY</arg>
<arg>MZ</arg>
<arg>NA</arg>
<arg>NC</arg>
<arg>NE</arg>
<arg>NF</arg>
<arg>NG</arg>
<arg>NI</arg>
<arg>NL</arg>
<arg>NO</arg>
<arg>NP</arg>
<arg>NR</arg>
<arg>NU</arg>
<arg>NZ</arg>
<arg>OM</arg>
<arg>PA</arg>
<arg>PE</arg>
<arg>PF</arg>
<arg>PG</arg>
<arg>PH</arg>
<arg>PK</arg>
<arg>PL</arg>
<arg>PM</arg>
<arg>PN</arg>
<arg>PR</arg>
<arg>PS</arg>
<arg>PT</arg>
<arg>PW</arg>
<arg>PY</arg>
<arg>QA</arg>
<arg>RE</arg>
<arg>RO</arg>
<arg>RS</arg>
<arg>RU</arg>
<arg>RW</arg>
<arg>SA</arg>
<arg>SB</arg>
<arg>SC</arg>
<arg>SD</arg>
<arg>SE</arg>
<arg>SG</arg>
<arg>SH</arg>
<arg>SI</arg>
<arg>SJ</arg>
<arg>SK</arg>
<arg>SL</arg>
<arg>SM</arg>
<arg>SN</arg>
<arg>SO</arg>
<arg>SR</arg>
<arg>SS</arg>
<arg>ST</arg>
<arg>SV</arg>
<arg>SX</arg>
<arg>SY</arg>
<arg>SZ</arg>
<arg>TC</arg>
<arg>TD</arg>
<arg>TF</arg>
<arg>TG</arg>
<arg>TH</arg>
<arg>TJ</arg>
<arg>TK</arg>
<arg>TL</arg>
<arg>TM</arg>
<arg>TN</arg>
<arg>TO</arg>
<arg>TR</arg>
<arg>TT</arg>
<arg>TV</arg>
<arg>TW</arg>
<arg>TZ</arg>
<arg>UA</arg>
<arg>UG</arg>
<arg>UM</arg>
<arg>US</arg>
<arg>UY</arg>
<arg>UZ</arg>
<arg>VA</arg>
<arg>VC</arg>
<arg>VE</arg>
<arg>VG</arg>
<arg>VI</arg>
<arg>VN</arg>
<arg>VU</arg>
<arg>WF</arg>
<arg>WS</arg>
<arg>XK</arg>
<arg>YE</arg>
<arg>YT</arg>
<arg>ZA</arg>
<arg>ZM</arg>
<arg>ZW</arg>
<doc>Returns a list containing given items.</doc>
<status status="PASS" start="2024-07-04T03:18:18.387220" elapsed="0.000620"/>
</kw>
<kw name="List Should Contain Value" owner="Collections">
<arg>${list_country}</arg>
<arg>${name_country}</arg>
<doc>Fails if the ``value`` is not found from ``list``.</doc>
<status status="PASS" start="2024-07-04T03:18:18.388647" elapsed="0.000201"/>
</kw>
<kw name="Run Keyword If" owner="BuiltIn">
<kw name="Should Be True" owner="BuiltIn">
<arg>${True}</arg>
<doc>Fails if the given condition is not true.</doc>
<status status="PASS" start="2024-07-04T03:18:18.389799" elapsed="0.000144"/>
</kw>
<arg>${json_data["results"][0]["location"]["coordinates"]["latitude"]} &gt;= -90 and ${json_data["results"][0]["location"]["coordinates"]["latitude"]} &lt;= 90</arg>
<arg>Should Be True</arg>
<arg>${True}</arg>
<doc>Runs the given keyword with the given arguments, if ``condition`` is true.</doc>
<status status="PASS" start="2024-07-04T03:18:18.389042" elapsed="0.001061"/>
</kw>
<kw name="Run Keyword If" owner="BuiltIn">
<kw name="Should Be True" owner="BuiltIn">
<arg>${True}</arg>
<doc>Fails if the given condition is not true.</doc>
<status status="PASS" start="2024-07-04T03:18:18.390974" elapsed="0.000137"/>
</kw>
<arg>${json_data["results"][0]["location"]["coordinates"]["longitude"]} &gt;= -180 and ${json_data["results"][0]["location"]["coordinates"]["longitude"]} &lt;= 180</arg>
<arg>Should Be True</arg>
<arg>${True}</arg>
<doc>Runs the given keyword with the given arguments, if ``condition`` is true.</doc>
<status status="PASS" start="2024-07-04T03:18:18.390284" elapsed="0.000948"/>
</kw>
<status status="PASS" start="2024-07-04T03:18:18.271489" elapsed="0.119872"/>
</kw>
<doc>Testa o conteúdo específico dos campos retornados pela API.</doc>
<tag>testeConteudo</tag>
<status status="PASS" start="2024-07-04T03:18:18.271025" elapsed="0.120531"/>
</test>
<status status="PASS" start="2024-07-04T03:18:17.370629" elapsed="1.022828"/>
</suite>
<status status="PASS" start="2024-07-04T03:18:17.355894" elapsed="1.042746"/>
</suite>
<statistics>
<total>
<stat pass="5" fail="0" skip="0">All Tests</stat>
</total>
<tag>
<stat pass="1" fail="0" skip="0">testeConteudo</stat>
<stat pass="1" fail="0" skip="0">testeEstruturaResposta</stat>
<stat pass="1" fail="0" skip="0">testeRequisicaoBasica</stat>
<stat pass="1" fail="0" skip="0">testeTiposDados</stat>
</tag>
<suite>
<stat pass="5" fail="0" skip="0" id="s1" name="Tests">Tests</stat>
<stat pass="5" fail="0" skip="0" id="s1-s1" name="Random-User-Test">Tests.Random-User-Test</stat>
</suite>
</statistics>
<errors>
</errors>
</robot>
