<?xml version="1.0" encoding="UTF-8"?>
<robot generator="Robot 7.0.1 (Python 3.12.4 on linux)" generated="2024-06-18T13:17:58.743363" rpa="false" schemaversion="5">
<suite id="s1" name="Tests" source="/home/runner/work/ApiRandomUser/ApiRandomUser/RamdonUser/tests">
<suite id="s1-s1" name="Random-User-Test" source="/home/runner/work/ApiRandomUser/ApiRandomUser/RamdonUser/tests/random-user-test.robot">
<test id="s1-s1-t1" name="Conectar" line="13">
<kw name="Conectar API" owner="random-user-service">
<kw name="Create Session" owner="RequestsLibrary">
<msg time="2024-06-18T13:17:59.156062" level="INFO">Creating Session using : alias=consultarAPI, url=https://randomuser.me/, headers={},                     cookies={}, auth=None, timeout=None, proxies=None, verify=False,                     debug=0 </msg>
<arg>consultarAPI</arg>
<arg>${URL}</arg>
<doc>Create Session: create a HTTP session to a server</doc>
<status status="PASS" start="2024-06-18T13:17:59.155870" elapsed="0.000373"/>
</kw>
<status status="PASS" start="2024-06-18T13:17:59.154903" elapsed="0.001697"/>
</kw>
<status status="PASS" start="2024-06-18T13:17:59.154315" elapsed="0.002506"/>
</test>
<test id="s1-s1-t2" name="Validar retorno 200 e JSON Válido" line="16">
<kw name="Teste de Requisicao Basica" owner="random-user-service">
<kw name="GET On Session" owner="RequestsLibrary">
<msg time="2024-06-18T13:17:59.349678" level="INFO">GET Request : url=https://randomuser.me/api 
 path_url=/api 
 headers={'User-Agent': 'python-requests/2.32.3', 'Accept-Encoding': 'gzip, deflate', 'Accept': '*/*', 'Connection': 'keep-alive'} 
 body=None 
 </msg>
<msg time="2024-06-18T13:17:59.349824" level="INFO">GET Response : url=https://randomuser.me/api 
 status=200, reason=OK 
 headers={'Date': 'Tue, 18 Jun 2024 13:17:59 GMT', 'Content-Type': 'application/json; charset=utf-8', 'Transfer-Encoding': 'chunked', 'Connection': 'keep-alive', 'X-Powered-By': 'Express', 'Access-Control-Allow-Origin': '*', 'Cache-Control': 'no-cache', 'ETag': 'W/"48f-8rTf/gGa42yKIMdCukZa12kvM0c"', 'Vary': 'Accept-Encoding', 'Content-Encoding': 'gzip', 'CF-Cache-Status': 'DYNAMIC', 'Report-To': '{"endpoints":[{"url":"https:\\/\\/a.nel.cloudflare.com\\/report\\/v4?s=gLm4z8IQrrqxmzOSTn%2BMWFCs98EfhjxvrSkQkmXUqvqumLp3QscMK2ZXl%2BSf24Him1FBL4Keo7%2BNhMZBT%2But14Hm%2Fw%2FyvnJFfMO2ejNSBuAnhctpBNa8%2BgHHQT0u1uvf"}],"group":"cf-nel","max_age":604800}', 'NEL': '{"success_fraction":0,"report_to":"cf-nel","max_age":604800}', 'Server': 'cloudflare', 'CF-RAY': '895b900da9cc113b-ORD', 'alt-svc': 'h3=":443"; ma=86400'} 
 body={"results":[{"gender":"female","name":{"title":"Ms","first":"Emily","last":"Wang"},"location":{"street":{"number":9100,"name":"King Edward Street"},"city":"Greymouth","state":"West Coast","country":"New Zealand","postcode":37879,"coordinates":{"latitude":"47.6200","longitude":"143.2844"},"timezone":{"offset":"+4:00","description":"Abu Dhabi, Muscat, Baku, Tbilisi"}},"email":"emily.wang@example.com","login":{"uuid":"4db9e73f-4023-4c12-9b52-41d2e0d3202d","username":"blackfish187","password":"feather","salt":"aioXfl2R","md5":"7dd853b76ef5533807a47072fa484a03","sha1":"4e542a9b16b9120e5546b54f4582abaf4ef0a3d5","sha256":"4399dbf1d183c60c86a837e201e2d04551441843005e1c423c092891d618b9d4"},"dob":{"date":"1993-01-08T17:51:04.574Z","age":31},"registered":{"date":"2004-10-20T15:00:55.667Z","age":19},"phone":"(082)-101-8837","cell":"(115)-797-4062","id":{"name":"","value":null},"picture":{"large":"https://randomuser.me/api/portraits/women/89.jpg","medium":"https://randomuser.me/api/portraits/med/women/89.jpg","thumbnail":"https://randomuser.me/api/portraits/thumb/women/89.jpg"},"nat":"NZ"}],"info":{"seed":"8ae0c37160b33621","results":1,"page":1,"version":"1.4"}} 
 </msg>
<msg time="2024-06-18T13:17:59.349925" level="INFO">/opt/hostedtoolcache/Python/3.12.4/x64/lib/python3.12/site-packages/urllib3/connectionpool.py:1099: InsecureRequestWarning: Unverified HTTPS request is being made to host 'randomuser.me'. Adding certificate verification is strongly advised. See: https://urllib3.readthedocs.io/en/latest/advanced-usage.html#tls-warnings
  warnings.warn(</msg>
<msg time="2024-06-18T13:17:59.350071" level="INFO">${response} = &lt;Response [200]&gt;</msg>
<var>${response}</var>
<arg>consultarAPI</arg>
<arg>/api</arg>
<doc>Sends a GET request on a previously created HTTP Session.</doc>
<status status="PASS" start="2024-06-18T13:17:59.159406" elapsed="0.190705"/>
</kw>
<kw name="Should Be Equal As Numbers" owner="BuiltIn">
<msg time="2024-06-18T13:17:59.350970" level="INFO">Argument types are:
&lt;class 'int'&gt;
&lt;class 'str'&gt;</msg>
<arg>${response.status_code}</arg>
<arg>200</arg>
<doc>Fails if objects are unequal after converting them to real numbers.</doc>
<status status="PASS" start="2024-06-18T13:17:59.350550" elapsed="0.000483"/>
</kw>
<kw name="Log" owner="BuiltIn">
<msg time="2024-06-18T13:17:59.351712" level="INFO">200</msg>
<arg>${response.status_code}</arg>
<doc>Logs the given message with the given level.</doc>
<status status="PASS" start="2024-06-18T13:17:59.351365" elapsed="0.000389"/>
</kw>
<kw name="Set Variable" owner="BuiltIn">
<msg time="2024-06-18T13:17:59.352487" level="INFO">${json_data} = {'results': [{'gender': 'female', 'name': {'title': 'Ms', 'first': 'Emily', 'last': 'Wang'}, 'location': {'street': {'number': 9100, 'name': 'King Edward Street'}, 'city': 'Greymouth', 'state': 'West ...</msg>
<var>${json_data}</var>
<arg>${response.json()}</arg>
<doc>Returns the given values which can then be assigned to a variables.</doc>
<status status="PASS" start="2024-06-18T13:17:59.352057" elapsed="0.000460"/>
</kw>
<kw name="Dictionary Should Contain Key" owner="Collections">
<arg>${json_data}</arg>
<arg>results</arg>
<doc>Fails if ``key`` is not found from ``dictionary``.</doc>
<status status="PASS" start="2024-06-18T13:17:59.352857" elapsed="0.000174"/>
</kw>
<status status="PASS" start="2024-06-18T13:17:59.159174" elapsed="0.194003"/>
</kw>
<doc>Testa se a API responde corretamente e retorna um objeto JSON válido.</doc>
<tag>testeRequisicaoBasica</tag>
<status status="PASS" start="2024-06-18T13:17:59.158657" elapsed="0.194721"/>
</test>
<test id="s1-s1-t3" name="Validar estrutura de resposta" line="22">
<kw name="Teste de Estrutura de Resposta" owner="random-user-service">
<kw name="GET On Session" owner="RequestsLibrary">
<msg time="2024-06-18T13:17:59.446801" level="INFO">GET Request : url=https://randomuser.me/api 
 path_url=/api 
 headers={'User-Agent': 'python-requests/2.32.3', 'Accept-Encoding': 'gzip, deflate', 'Accept': '*/*', 'Connection': 'keep-alive'} 
 body=None 
 </msg>
<msg time="2024-06-18T13:17:59.446893" level="INFO">GET Response : url=https://randomuser.me/api 
 status=200, reason=OK 
 headers={'Date': 'Tue, 18 Jun 2024 13:17:59 GMT', 'Content-Type': 'application/json; charset=utf-8', 'Transfer-Encoding': 'chunked', 'Connection': 'keep-alive', 'X-Powered-By': 'Express', 'Access-Control-Allow-Origin': '*', 'Cache-Control': 'no-cache', 'ETag': 'W/"49a-4dcGL10z7ByHjafCAi+XCko5EwI"', 'Vary': 'Accept-Encoding', 'Content-Encoding': 'gzip', 'CF-Cache-Status': 'DYNAMIC', 'Report-To': '{"endpoints":[{"url":"https:\\/\\/a.nel.cloudflare.com\\/report\\/v4?s=g1Fs2lIayqz1U6kQn0pGs9tpHBTb3hkZSJGqBtn6EocWe4UnOhbQROFURVqMR6vvDdezxp%2FAx7AEdIcsSl%2BNotTz2rPYho73RNtKKxCZVgiuFPl%2BRLDQ9K5%2BsQE9ZRwD"}],"group":"cf-nel","max_age":604800}', 'NEL': '{"success_fraction":0,"report_to":"cf-nel","max_age":604800}', 'Server': 'cloudflare', 'CF-RAY': '895b900e0a3e113b-ORD', 'alt-svc': 'h3=":443"; ma=86400'} 
 body={"results":[{"gender":"male","name":{"title":"Mr","first":"Soren","last":"Masson"},"location":{"street":{"number":4197,"name":"Rue Bony"},"city":"Bordeaux","state":"Lot-et-Garonne","country":"France","postcode":44395,"coordinates":{"latitude":"-15.5700","longitude":"-68.9243"},"timezone":{"offset":"-6:00","description":"Central Time (US &amp; Canada), Mexico City"}},"email":"soren.masson@example.com","login":{"uuid":"ea366296-1bdb-4d33-8757-d1b17c3ffb4a","username":"greenladybug868","password":"honor","salt":"eR2TZlmr","md5":"e26e26e7d1155cb8898717eae3d6e1e0","sha1":"81715e324b12461473c83bb1b7cd96ef5d12737d","sha256":"b3e8b5e16969a43b11820f85922c662dcb1c7cf746e2b7998135301a3a695720"},"dob":{"date":"1949-08-04T20:08:14.362Z","age":74},"registered":{"date":"2016-06-22T01:55:12.267Z","age":7},"phone":"03-72-99-72-69","cell":"06-97-08-40-53","id":{"name":"INSEE","value":"1490704199913 79"},"picture":{"large":"https://randomuser.me/api/portraits/men/12.jpg","medium":"https://randomuser.me/api/portraits/med/men/12.jpg","thumbnail":"https://randomuser.me/api/portraits/thumb/men/12.jpg"},"nat":"FR"}],"info":{"seed":"f7765cf48fa9bf8a","results":1,"page":1,"version":"1.4"}} 
 </msg>
<msg time="2024-06-18T13:17:59.447029" level="INFO">/opt/hostedtoolcache/Python/3.12.4/x64/lib/python3.12/site-packages/urllib3/connectionpool.py:1099: InsecureRequestWarning: Unverified HTTPS request is being made to host 'randomuser.me'. Adding certificate verification is strongly advised. See: https://urllib3.readthedocs.io/en/latest/advanced-usage.html#tls-warnings
  warnings.warn(</msg>
<msg time="2024-06-18T13:17:59.447157" level="INFO">${response} = &lt;Response [200]&gt;</msg>
<var>${response}</var>
<arg>consultarAPI</arg>
<arg>/api</arg>
<doc>Sends a GET request on a previously created HTTP Session.</doc>
<status status="PASS" start="2024-06-18T13:17:59.356059" elapsed="0.091154"/>
</kw>
<kw name="Set Variable" owner="BuiltIn">
<msg time="2024-06-18T13:17:59.448049" level="INFO">${json_data} = {'results': [{'gender': 'male', 'name': {'title': 'Mr', 'first': 'Soren', 'last': 'Masson'}, 'location': {'street': {'number': 4197, 'name': 'Rue Bony'}, 'city': 'Bordeaux', 'state': 'Lot-et-Garonne',...</msg>
<var>${json_data}</var>
<arg>${response.json()}</arg>
<doc>Returns the given values which can then be assigned to a variables.</doc>
<status status="PASS" start="2024-06-18T13:17:59.447588" elapsed="0.000492"/>
</kw>
<kw name="Log" owner="BuiltIn">
<msg time="2024-06-18T13:17:59.448541" level="INFO">{'results': [{'gender': 'male', 'name': {'title': 'Mr', 'first': 'Soren', 'last': 'Masson'}, 'location': {'street': {'number': 4197, 'name': 'Rue Bony'}, 'city': 'Bordeaux', 'state': 'Lot-et-Garonne', 'country': 'France', 'postcode': 44395, 'coordinates': {'latitude': '-15.5700', 'longitude': '-68.9243'}, 'timezone': {'offset': '-6:00', 'description': 'Central Time (US &amp; Canada), Mexico City'}}, 'email': 'soren.masson@example.com', 'login': {'uuid': 'ea366296-1bdb-4d33-8757-d1b17c3ffb4a', 'username': 'greenladybug868', 'password': 'honor', 'salt': 'eR2TZlmr', 'md5': 'e26e26e7d1155cb8898717eae3d6e1e0', 'sha1': '81715e324b12461473c83bb1b7cd96ef5d12737d', 'sha256': 'b3e8b5e16969a43b11820f85922c662dcb1c7cf746e2b7998135301a3a695720'}, 'dob': {'date': '1949-08-04T20:08:14.362Z', 'age': 74}, 'registered': {'date': '2016-06-22T01:55:12.267Z', 'age': 7}, 'phone': '03-72-99-72-69', 'cell': '06-97-08-40-53', 'id': {'name': 'INSEE', 'value': '1490704199913 79'}, 'picture': {'large': 'https://randomuser.me/api/portraits/men/12.jpg', 'medium': 'https://randomuser.me/api/portraits/med/men/12.jpg', 'thumbnail': 'https://randomuser.me/api/portraits/thumb/men/12.jpg'}, 'nat': 'FR'}], 'info': {'seed': 'f7765cf48fa9bf8a', 'results': 1, 'page': 1, 'version': '1.4'}}</msg>
<arg>${json_data}</arg>
<doc>Logs the given message with the given level.</doc>
<status status="PASS" start="2024-06-18T13:17:59.448386" elapsed="0.000206"/>
</kw>
<kw name="Dictionary Should Contain Key" owner="Collections">
<arg>${json_data}</arg>
<arg>results</arg>
<doc>Fails if ``key`` is not found from ``dictionary``.</doc>
<status status="PASS" start="2024-06-18T13:17:59.448932" elapsed="0.000161"/>
</kw>
<kw name="Should Not Be Empty" owner="BuiltIn">
<msg time="2024-06-18T13:17:59.449417" level="INFO">Length is 2.</msg>
<arg>${json_data}</arg>
<doc>Verifies that the given item is not empty.</doc>
<status status="PASS" start="2024-06-18T13:17:59.449282" elapsed="0.000174"/>
</kw>
<kw name="Create List" owner="BuiltIn">
<msg time="2024-06-18T13:17:59.449887" level="INFO">${expected_keys} = ['gender', 'name', 'location', 'email', 'login']</msg>
<var>${expected_keys}</var>
<arg>gender</arg>
<arg>name</arg>
<arg>location</arg>
<arg>email</arg>
<arg>login</arg>
<doc>Returns a list containing given items.</doc>
<status status="PASS" start="2024-06-18T13:17:59.449741" elapsed="0.000174"/>
</kw>
<for flavor="IN">
<iter>
<kw name="Dictionary Should Contain Key" owner="Collections">
<arg>${json_data['results'][0]}</arg>
<arg>${key}</arg>
<doc>Fails if ``key`` is not found from ``dictionary``.</doc>
<status status="PASS" start="2024-06-18T13:17:59.450651" elapsed="0.000409"/>
</kw>
<kw name="Log" owner="BuiltIn">
<msg time="2024-06-18T13:17:59.451606" level="INFO">{'gender': 'male', 'name': {'title': 'Mr', 'first': 'Soren', 'last': 'Masson'}, 'location': {'street': {'number': 4197, 'name': 'Rue Bony'}, 'city': 'Bordeaux', 'state': 'Lot-et-Garonne', 'country': 'France', 'postcode': 44395, 'coordinates': {'latitude': '-15.5700', 'longitude': '-68.9243'}, 'timezone': {'offset': '-6:00', 'description': 'Central Time (US &amp; Canada), Mexico City'}}, 'email': 'soren.masson@example.com', 'login': {'uuid': 'ea366296-1bdb-4d33-8757-d1b17c3ffb4a', 'username': 'greenladybug868', 'password': 'honor', 'salt': 'eR2TZlmr', 'md5': 'e26e26e7d1155cb8898717eae3d6e1e0', 'sha1': '81715e324b12461473c83bb1b7cd96ef5d12737d', 'sha256': 'b3e8b5e16969a43b11820f85922c662dcb1c7cf746e2b7998135301a3a695720'}, 'dob': {'date': '1949-08-04T20:08:14.362Z', 'age': 74}, 'registered': {'date': '2016-06-22T01:55:12.267Z', 'age': 7}, 'phone': '03-72-99-72-69', 'cell': '06-97-08-40-53', 'id': {'name': 'INSEE', 'value': '1490704199913 79'}, 'picture': {'large': 'https://randomuser.me/api/portraits/men/12.jpg', 'medium': 'https://randomuser.me/api/portraits/med/men/12.jpg', 'thumbnail': 'https://randomuser.me/api/portraits/thumb/men/12.jpg'}, 'nat': 'FR'}</msg>
<arg>${json_data['results'][0]}</arg>
<doc>Logs the given message with the given level.</doc>
<status status="PASS" start="2024-06-18T13:17:59.451248" elapsed="0.000410"/>
</kw>
<kw name="Log" owner="BuiltIn">
<msg time="2024-06-18T13:17:59.452082" level="INFO">gender</msg>
<arg>${key}</arg>
<doc>Logs the given message with the given level.</doc>
<status status="PASS" start="2024-06-18T13:17:59.451953" elapsed="0.000168"/>
</kw>
<var name="${key}">gender</var>
<status status="PASS" start="2024-06-18T13:17:59.450527" elapsed="0.001810"/>
</iter>
<iter>
<kw name="Dictionary Should Contain Key" owner="Collections">
<arg>${json_data['results'][0]}</arg>
<arg>${key}</arg>
<doc>Fails if ``key`` is not found from ``dictionary``.</doc>
<status status="PASS" start="2024-06-18T13:17:59.452642" elapsed="0.000426"/>
</kw>
<kw name="Log" owner="BuiltIn">
<msg time="2024-06-18T13:17:59.453640" level="INFO">{'gender': 'male', 'name': {'title': 'Mr', 'first': 'Soren', 'last': 'Masson'}, 'location': {'street': {'number': 4197, 'name': 'Rue Bony'}, 'city': 'Bordeaux', 'state': 'Lot-et-Garonne', 'country': 'France', 'postcode': 44395, 'coordinates': {'latitude': '-15.5700', 'longitude': '-68.9243'}, 'timezone': {'offset': '-6:00', 'description': 'Central Time (US &amp; Canada), Mexico City'}}, 'email': 'soren.masson@example.com', 'login': {'uuid': 'ea366296-1bdb-4d33-8757-d1b17c3ffb4a', 'username': 'greenladybug868', 'password': 'honor', 'salt': 'eR2TZlmr', 'md5': 'e26e26e7d1155cb8898717eae3d6e1e0', 'sha1': '81715e324b12461473c83bb1b7cd96ef5d12737d', 'sha256': 'b3e8b5e16969a43b11820f85922c662dcb1c7cf746e2b7998135301a3a695720'}, 'dob': {'date': '1949-08-04T20:08:14.362Z', 'age': 74}, 'registered': {'date': '2016-06-22T01:55:12.267Z', 'age': 7}, 'phone': '03-72-99-72-69', 'cell': '06-97-08-40-53', 'id': {'name': 'INSEE', 'value': '1490704199913 79'}, 'picture': {'large': 'https://randomuser.me/api/portraits/men/12.jpg', 'medium': 'https://randomuser.me/api/portraits/med/men/12.jpg', 'thumbnail': 'https://randomuser.me/api/portraits/thumb/men/12.jpg'}, 'nat': 'FR'}</msg>
<arg>${json_data['results'][0]}</arg>
<doc>Logs the given message with the given level.</doc>
<status status="PASS" start="2024-06-18T13:17:59.453252" elapsed="0.000447"/>
</kw>
<kw name="Log" owner="BuiltIn">
<msg time="2024-06-18T13:17:59.454122" level="INFO">name</msg>
<arg>${key}</arg>
<doc>Logs the given message with the given level.</doc>
<status status="PASS" start="2024-06-18T13:17:59.453995" elapsed="0.000164"/>
</kw>
<var name="${key}">name</var>
<status status="PASS" start="2024-06-18T13:17:59.452523" elapsed="0.001855"/>
</iter>
<iter>
<kw name="Dictionary Should Contain Key" owner="Collections">
<arg>${json_data['results'][0]}</arg>
<arg>${key}</arg>
<doc>Fails if ``key`` is not found from ``dictionary``.</doc>
<status status="PASS" start="2024-06-18T13:17:59.454663" elapsed="0.000380"/>
</kw>
<kw name="Log" owner="BuiltIn">
<msg time="2024-06-18T13:17:59.455583" level="INFO">{'gender': 'male', 'name': {'title': 'Mr', 'first': 'Soren', 'last': 'Masson'}, 'location': {'street': {'number': 4197, 'name': 'Rue Bony'}, 'city': 'Bordeaux', 'state': 'Lot-et-Garonne', 'country': 'France', 'postcode': 44395, 'coordinates': {'latitude': '-15.5700', 'longitude': '-68.9243'}, 'timezone': {'offset': '-6:00', 'description': 'Central Time (US &amp; Canada), Mexico City'}}, 'email': 'soren.masson@example.com', 'login': {'uuid': 'ea366296-1bdb-4d33-8757-d1b17c3ffb4a', 'username': 'greenladybug868', 'password': 'honor', 'salt': 'eR2TZlmr', 'md5': 'e26e26e7d1155cb8898717eae3d6e1e0', 'sha1': '81715e324b12461473c83bb1b7cd96ef5d12737d', 'sha256': 'b3e8b5e16969a43b11820f85922c662dcb1c7cf746e2b7998135301a3a695720'}, 'dob': {'date': '1949-08-04T20:08:14.362Z', 'age': 74}, 'registered': {'date': '2016-06-22T01:55:12.267Z', 'age': 7}, 'phone': '03-72-99-72-69', 'cell': '06-97-08-40-53', 'id': {'name': 'INSEE', 'value': '1490704199913 79'}, 'picture': {'large': 'https://randomuser.me/api/portraits/men/12.jpg', 'medium': 'https://randomuser.me/api/portraits/med/men/12.jpg', 'thumbnail': 'https://randomuser.me/api/portraits/thumb/men/12.jpg'}, 'nat': 'FR'}</msg>
<arg>${json_data['results'][0]}</arg>
<doc>Logs the given message with the given level.</doc>
<status status="PASS" start="2024-06-18T13:17:59.455228" elapsed="0.000406"/>
</kw>
<kw name="Log" owner="BuiltIn">
<msg time="2024-06-18T13:17:59.456059" level="INFO">location</msg>
<arg>${key}</arg>
<doc>Logs the given message with the given level.</doc>
<status status="PASS" start="2024-06-18T13:17:59.455925" elapsed="0.000172"/>
</kw>
<var name="${key}">location</var>
<status status="PASS" start="2024-06-18T13:17:59.454555" elapsed="0.001767"/>
</iter>
<iter>
<kw name="Dictionary Should Contain Key" owner="Collections">
<arg>${json_data['results'][0]}</arg>
<arg>${key}</arg>
<doc>Fails if ``key`` is not found from ``dictionary``.</doc>
<status status="PASS" start="2024-06-18T13:17:59.456612" elapsed="0.000425"/>
</kw>
<kw name="Log" owner="BuiltIn">
<msg time="2024-06-18T13:17:59.457633" level="INFO">{'gender': 'male', 'name': {'title': 'Mr', 'first': 'Soren', 'last': 'Masson'}, 'location': {'street': {'number': 4197, 'name': 'Rue Bony'}, 'city': 'Bordeaux', 'state': 'Lot-et-Garonne', 'country': 'France', 'postcode': 44395, 'coordinates': {'latitude': '-15.5700', 'longitude': '-68.9243'}, 'timezone': {'offset': '-6:00', 'description': 'Central Time (US &amp; Canada), Mexico City'}}, 'email': 'soren.masson@example.com', 'login': {'uuid': 'ea366296-1bdb-4d33-8757-d1b17c3ffb4a', 'username': 'greenladybug868', 'password': 'honor', 'salt': 'eR2TZlmr', 'md5': 'e26e26e7d1155cb8898717eae3d6e1e0', 'sha1': '81715e324b12461473c83bb1b7cd96ef5d12737d', 'sha256': 'b3e8b5e16969a43b11820f85922c662dcb1c7cf746e2b7998135301a3a695720'}, 'dob': {'date': '1949-08-04T20:08:14.362Z', 'age': 74}, 'registered': {'date': '2016-06-22T01:55:12.267Z', 'age': 7}, 'phone': '03-72-99-72-69', 'cell': '06-97-08-40-53', 'id': {'name': 'INSEE', 'value': '1490704199913 79'}, 'picture': {'large': 'https://randomuser.me/api/portraits/men/12.jpg', 'medium': 'https://randomuser.me/api/portraits/med/men/12.jpg', 'thumbnail': 'https://randomuser.me/api/portraits/thumb/men/12.jpg'}, 'nat': 'FR'}</msg>
<arg>${json_data['results'][0]}</arg>
<doc>Logs the given message with the given level.</doc>
<status status="PASS" start="2024-06-18T13:17:59.457252" elapsed="0.000431"/>
</kw>
<kw name="Log" owner="BuiltIn">
<msg time="2024-06-18T13:17:59.458107" level="INFO">email</msg>
<arg>${key}</arg>
<doc>Logs the given message with the given level.</doc>
<status status="PASS" start="2024-06-18T13:17:59.457979" elapsed="0.000166"/>
</kw>
<var name="${key}">email</var>
<status status="PASS" start="2024-06-18T13:17:59.456500" elapsed="0.001862"/>
</iter>
<iter>
<kw name="Dictionary Should Contain Key" owner="Collections">
<arg>${json_data['results'][0]}</arg>
<arg>${key}</arg>
<doc>Fails if ``key`` is not found from ``dictionary``.</doc>
<status status="PASS" start="2024-06-18T13:17:59.458660" elapsed="0.000387"/>
</kw>
<kw name="Log" owner="BuiltIn">
<msg time="2024-06-18T13:17:59.459585" level="INFO">{'gender': 'male', 'name': {'title': 'Mr', 'first': 'Soren', 'last': 'Masson'}, 'location': {'street': {'number': 4197, 'name': 'Rue Bony'}, 'city': 'Bordeaux', 'state': 'Lot-et-Garonne', 'country': 'France', 'postcode': 44395, 'coordinates': {'latitude': '-15.5700', 'longitude': '-68.9243'}, 'timezone': {'offset': '-6:00', 'description': 'Central Time (US &amp; Canada), Mexico City'}}, 'email': 'soren.masson@example.com', 'login': {'uuid': 'ea366296-1bdb-4d33-8757-d1b17c3ffb4a', 'username': 'greenladybug868', 'password': 'honor', 'salt': 'eR2TZlmr', 'md5': 'e26e26e7d1155cb8898717eae3d6e1e0', 'sha1': '81715e324b12461473c83bb1b7cd96ef5d12737d', 'sha256': 'b3e8b5e16969a43b11820f85922c662dcb1c7cf746e2b7998135301a3a695720'}, 'dob': {'date': '1949-08-04T20:08:14.362Z', 'age': 74}, 'registered': {'date': '2016-06-22T01:55:12.267Z', 'age': 7}, 'phone': '03-72-99-72-69', 'cell': '06-97-08-40-53', 'id': {'name': 'INSEE', 'value': '1490704199913 79'}, 'picture': {'large': 'https://randomuser.me/api/portraits/men/12.jpg', 'medium': 'https://randomuser.me/api/portraits/med/men/12.jpg', 'thumbnail': 'https://randomuser.me/api/portraits/thumb/men/12.jpg'}, 'nat': 'FR'}</msg>
<arg>${json_data['results'][0]}</arg>
<doc>Logs the given message with the given level.</doc>
<status status="PASS" start="2024-06-18T13:17:59.459228" elapsed="0.000416"/>
</kw>
<kw name="Log" owner="BuiltIn">
<msg time="2024-06-18T13:17:59.460061" level="INFO">login</msg>
<arg>${key}</arg>
<doc>Logs the given message with the given level.</doc>
<status status="PASS" start="2024-06-18T13:17:59.459931" elapsed="0.000168"/>
</kw>
<var name="${key}">login</var>
<status status="PASS" start="2024-06-18T13:17:59.458544" elapsed="0.001766"/>
</iter>
<var>${key}</var>
<value>@{expected_keys}</value>
<status status="PASS" start="2024-06-18T13:17:59.450337" elapsed="0.010093"/>
</for>
<kw name="Create List" owner="BuiltIn">
<msg time="2024-06-18T13:17:59.460817" level="INFO">${expected_keysTwo} = ['username', 'password']</msg>
<var>${expected_keysTwo}</var>
<arg>username</arg>
<arg>password</arg>
<doc>Returns a list containing given items.</doc>
<status status="PASS" start="2024-06-18T13:17:59.460645" elapsed="0.000200"/>
</kw>
<for flavor="IN">
<iter>
<kw name="Dictionary Should Contain Key" owner="Collections">
<arg>${json_data['results'][0]['login']}</arg>
<arg>${keyTwo}</arg>
<doc>Fails if ``key`` is not found from ``dictionary``.</doc>
<status status="PASS" start="2024-06-18T13:17:59.461338" elapsed="0.000467"/>
</kw>
<kw name="Dictionary Should Contain Key" owner="Collections">
<arg>${json_data['results'][0]['login']}</arg>
<arg>${keyTwo}</arg>
<doc>Fails if ``key`` is not found from ``dictionary``.</doc>
<status status="PASS" start="2024-06-18T13:17:59.461986" elapsed="0.000394"/>
</kw>
<kw name="Log" owner="BuiltIn">
<msg time="2024-06-18T13:17:59.462688" level="INFO">username</msg>
<arg>${keyTwo}</arg>
<doc>Logs the given message with the given level.</doc>
<status status="PASS" start="2024-06-18T13:17:59.462565" elapsed="0.000160"/>
</kw>
<var name="${keyTwo}">username</var>
<status status="PASS" start="2024-06-18T13:17:59.461231" elapsed="0.001712"/>
</iter>
<iter>
<kw name="Dictionary Should Contain Key" owner="Collections">
<arg>${json_data['results'][0]['login']}</arg>
<arg>${keyTwo}</arg>
<doc>Fails if ``key`` is not found from ``dictionary``.</doc>
<status status="PASS" start="2024-06-18T13:17:59.463221" elapsed="0.000389"/>
</kw>
<kw name="Dictionary Should Contain Key" owner="Collections">
<arg>${json_data['results'][0]['login']}</arg>
<arg>${keyTwo}</arg>
<doc>Fails if ``key`` is not found from ``dictionary``.</doc>
<status status="PASS" start="2024-06-18T13:17:59.463789" elapsed="0.000367"/>
</kw>
<kw name="Log" owner="BuiltIn">
<msg time="2024-06-18T13:17:59.464449" level="INFO">password</msg>
<arg>${keyTwo}</arg>
<doc>Logs the given message with the given level.</doc>
<status status="PASS" start="2024-06-18T13:17:59.464331" elapsed="0.000154"/>
</kw>
<var name="${keyTwo}">password</var>
<status status="PASS" start="2024-06-18T13:17:59.463115" elapsed="0.001586"/>
</iter>
<var>${keyTwo}</var>
<value>@{expected_keysTwo}</value>
<status status="PASS" start="2024-06-18T13:17:59.461080" elapsed="0.003780"/>
</for>
<status status="PASS" start="2024-06-18T13:17:59.355825" elapsed="0.109175"/>
</kw>
<doc>Testa a estrutura da resposta da API.</doc>
<tag>testeEstruturaResposta</tag>
<status status="PASS" start="2024-06-18T13:17:59.355343" elapsed="0.109805"/>
</test>
<test id="s1-s1-t4" name="Validar tipos de dados" line="28">
<kw name="Teste de Tipos de Dados" owner="random-user-service">
<kw name="GET On Session" owner="RequestsLibrary">
<msg time="2024-06-18T13:17:59.550721" level="INFO">GET Request : url=https://randomuser.me/api 
 path_url=/api 
 headers={'User-Agent': 'python-requests/2.32.3', 'Accept-Encoding': 'gzip, deflate', 'Accept': '*/*', 'Connection': 'keep-alive'} 
 body=None 
 </msg>
<msg time="2024-06-18T13:17:59.550803" level="INFO">GET Response : url=https://randomuser.me/api 
 status=200, reason=OK 
 headers={'Date': 'Tue, 18 Jun 2024 13:17:59 GMT', 'Content-Type': 'application/json; charset=utf-8', 'Transfer-Encoding': 'chunked', 'Connection': 'keep-alive', 'X-Powered-By': 'Express', 'Access-Control-Allow-Origin': '*', 'Cache-Control': 'no-cache', 'ETag': 'W/"471-OBDy12hPYLE/MX45+5E2GWK4/Ao"', 'Vary': 'Accept-Encoding', 'Content-Encoding': 'gzip', 'CF-Cache-Status': 'DYNAMIC', 'Report-To': '{"endpoints":[{"url":"https:\\/\\/a.nel.cloudflare.com\\/report\\/v4?s=tzQGQOZ5tFRFKTo7cpIyOqUN3lcNbt6Fox9lhmq%2BG9f%2FgcCTanWMpRdlrNpE%2FjCgPBig%2FnXr6sC68wf4CdGrS4tVQmv9%2FsGaoNT9EnaxMeyWGDkG1PbQp8RuVo3doKiI"}],"group":"cf-nel","max_age":604800}', 'NEL': '{"success_fraction":0,"report_to":"cf-nel","max_age":604800}', 'Server': 'cloudflare', 'CF-RAY': '895b900ebb1a113b-ORD', 'alt-svc': 'h3=":443"; ma=86400'} 
 body={"results":[{"gender":"female","name":{"title":"Mrs","first":"Mlada","last":"Novakivskiy"},"location":{"street":{"number":8757,"name":"Depovska"},"city":"Liman","state":"Ternopilska","country":"Ukraine","postcode":98203,"coordinates":{"latitude":"80.4995","longitude":"36.8074"},"timezone":{"offset":"+4:30","description":"Kabul"}},"email":"mlada.novakivskiy@example.com","login":{"uuid":"896ae27c-fb0e-40cc-8b05-3363c4e9117d","username":"goldenduck316","password":"336699","salt":"Qd4dXWdQ","md5":"d8762e102f1d29c83697a5c5092f6ff2","sha1":"e08beb1c43b0b46e2e7d833cc6c8537115434aaa","sha256":"018d9ad6f8ed146a2d70e4cb4d3ce72fbbc17e2d66329661ca295449390ce5c9"},"dob":{"date":"1967-09-19T20:35:49.940Z","age":56},"registered":{"date":"2006-05-16T18:01:35.182Z","age":18},"phone":"(068) X51-0486","cell":"(066) Y03-6195","id":{"name":"","value":null},"picture":{"large":"https://randomuser.me/api/portraits/women/74.jpg","medium":"https://randomuser.me/api/portraits/med/women/74.jpg","thumbnail":"https://randomuser.me/api/portraits/thumb/women/74.jpg"},"nat":"UA"}],"info":{"seed":"fd2904b72da37dfb","results":1,"page":1,"version":"1.4"}} 
 </msg>
<msg time="2024-06-18T13:17:59.550879" level="INFO">/opt/hostedtoolcache/Python/3.12.4/x64/lib/python3.12/site-packages/urllib3/connectionpool.py:1099: InsecureRequestWarning: Unverified HTTPS request is being made to host 'randomuser.me'. Adding certificate verification is strongly advised. See: https://urllib3.readthedocs.io/en/latest/advanced-usage.html#tls-warnings
  warnings.warn(</msg>
<msg time="2024-06-18T13:17:59.550996" level="INFO">${response} = &lt;Response [200]&gt;</msg>
<var>${response}</var>
<arg>consultarAPI</arg>
<arg>/api</arg>
<doc>Sends a GET request on a previously created HTTP Session.</doc>
<status status="PASS" start="2024-06-18T13:17:59.467636" elapsed="0.083416"/>
</kw>
<kw name="Set Variable" owner="BuiltIn">
<msg time="2024-06-18T13:17:59.551957" level="INFO">${json_data} = {'results': [{'gender': 'female', 'name': {'title': 'Mrs', 'first': 'Mlada', 'last': 'Novakivskiy'}, 'location': {'street': {'number': 8757, 'name': 'Depovska'}, 'city': 'Liman', 'state': 'Ternopilska...</msg>
<var>${json_data}</var>
<arg>${response.json()}</arg>
<doc>Returns the given values which can then be assigned to a variables.</doc>
<status status="PASS" start="2024-06-18T13:17:59.551513" elapsed="0.000473"/>
</kw>
<kw name="Log" owner="BuiltIn">
<msg time="2024-06-18T13:17:59.552448" level="INFO">{'results': [{'gender': 'female', 'name': {'title': 'Mrs', 'first': 'Mlada', 'last': 'Novakivskiy'}, 'location': {'street': {'number': 8757, 'name': 'Depovska'}, 'city': 'Liman', 'state': 'Ternopilska', 'country': 'Ukraine', 'postcode': 98203, 'coordinates': {'latitude': '80.4995', 'longitude': '36.8074'}, 'timezone': {'offset': '+4:30', 'description': 'Kabul'}}, 'email': 'mlada.novakivskiy@example.com', 'login': {'uuid': '896ae27c-fb0e-40cc-8b05-3363c4e9117d', 'username': 'goldenduck316', 'password': '336699', 'salt': 'Qd4dXWdQ', 'md5': 'd8762e102f1d29c83697a5c5092f6ff2', 'sha1': 'e08beb1c43b0b46e2e7d833cc6c8537115434aaa', 'sha256': '018d9ad6f8ed146a2d70e4cb4d3ce72fbbc17e2d66329661ca295449390ce5c9'}, 'dob': {'date': '1967-09-19T20:35:49.940Z', 'age': 56}, 'registered': {'date': '2006-05-16T18:01:35.182Z', 'age': 18}, 'phone': '(068) X51-0486', 'cell': '(066) Y03-6195', 'id': {'name': '', 'value': None}, 'picture': {'large': 'https://randomuser.me/api/portraits/women/74.jpg', 'medium': 'https://randomuser.me/api/portraits/med/women/74.jpg', 'thumbnail': 'https://randomuser.me/api/portraits/thumb/women/74.jpg'}, 'nat': 'UA'}], 'info': {'seed': 'fd2904b72da37dfb', 'results': 1, 'page': 1, 'version': '1.4'}}</msg>
<arg>${json_data}</arg>
<doc>Logs the given message with the given level.</doc>
<status status="PASS" start="2024-06-18T13:17:59.552294" elapsed="0.000202"/>
</kw>
<kw name="Should Be String" owner="String">
<arg>${json_data['results'][0]['gender']}</arg>
<doc>Fails if the given ``item`` is not a string.</doc>
<status status="PASS" start="2024-06-18T13:17:59.552821" elapsed="0.000383"/>
</kw>
<kw name="Should Match Regexp" owner="BuiltIn">
<arg>${json_data['results'][0]['email']}</arg>
<arg>^[a-zA-Z0-9._%+-]+@[a-zA-Z0-9.-]+\.[a-zA-Z]{2,}$</arg>
<doc>Fails if ``string`` does not match ``pattern`` as a regular expression.</doc>
<status status="PASS" start="2024-06-18T13:17:59.553428" elapsed="0.000511"/>
</kw>
<kw name="Should Match Regexp" owner="BuiltIn">
<arg>${json_data['results'][0]['dob']['date']}</arg>
<arg>\\d{4}-\\d{2}-\\d{2}T\\d{2}:\\d{2}:\\d{2}\\.\\d{3}Z</arg>
<doc>Fails if ``string`` does not match ``pattern`` as a regular expression.</doc>
<status status="PASS" start="2024-06-18T13:17:59.554130" elapsed="0.000486"/>
</kw>
<kw name="Should Match Regexp" owner="BuiltIn">
<arg>${json_data['results'][0]['registered']['date']}</arg>
<arg>\\d{4}-\\d{2}-\\d{2}T\\d{2}:\\d{2}:\\d{2}\\.\\d{3}Z</arg>
<doc>Fails if ``string`` does not match ``pattern`` as a regular expression.</doc>
<status status="PASS" start="2024-06-18T13:17:59.554802" elapsed="0.000366"/>
</kw>
<kw name="Should Match Regexp" owner="BuiltIn">
<arg>${json_data['results'][0]['picture']['large']}</arg>
<arg>^https?://.*\.(?:png|jpe?g|gif|bmp)$</arg>
<doc>Fails if ``string`` does not match ``pattern`` as a regular expression.</doc>
<status status="PASS" start="2024-06-18T13:17:59.555362" elapsed="0.000456"/>
</kw>
<kw name="Should Match Regexp" owner="BuiltIn">
<arg>${json_data['results'][0]['picture']['medium']}</arg>
<arg>^https?://.*\.(?:png|jpe?g|gif|bmp)$</arg>
<doc>Fails if ``string`` does not match ``pattern`` as a regular expression.</doc>
<status status="PASS" start="2024-06-18T13:17:59.556006" elapsed="0.000360"/>
</kw>
<kw name="Should Match Regexp" owner="BuiltIn">
<arg>${json_data['results'][0]['picture']['thumbnail']}</arg>
<arg>^https?://.*\.(?:png|jpe?g|gif|bmp)$</arg>
<doc>Fails if ``string`` does not match ``pattern`` as a regular expression.</doc>
<status status="PASS" start="2024-06-18T13:17:59.556546" elapsed="0.000380"/>
</kw>
<kw name="Log" owner="BuiltIn">
<msg time="2024-06-18T13:17:59.557448" level="INFO">{'large': 'https://randomuser.me/api/portraits/women/74.jpg', 'medium': 'https://randomuser.me/api/portraits/med/women/74.jpg', 'thumbnail': 'https://randomuser.me/api/portraits/thumb/women/74.jpg'}</msg>
<arg>${json_data['results'][0]['picture']}</arg>
<doc>Logs the given message with the given level.</doc>
<status status="PASS" start="2024-06-18T13:17:59.557112" elapsed="0.000380"/>
</kw>
<status status="PASS" start="2024-06-18T13:17:59.467409" elapsed="0.090335"/>
</kw>
<kw name="Teste de Tipos de Dados - Postcode" owner="random-user-service">
<kw name="GET On Session" owner="RequestsLibrary">
<msg time="2024-06-18T13:17:59.646237" level="INFO">GET Request : url=https://randomuser.me/api 
 path_url=/api 
 headers={'User-Agent': 'python-requests/2.32.3', 'Accept-Encoding': 'gzip, deflate', 'Accept': '*/*', 'Connection': 'keep-alive'} 
 body=None 
 </msg>
<msg time="2024-06-18T13:17:59.646319" level="INFO">GET Response : url=https://randomuser.me/api 
 status=200, reason=OK 
 headers={'Date': 'Tue, 18 Jun 2024 13:17:59 GMT', 'Content-Type': 'application/json; charset=utf-8', 'Transfer-Encoding': 'chunked', 'Connection': 'keep-alive', 'X-Powered-By': 'Express', 'Access-Control-Allow-Origin': '*', 'Cache-Control': 'no-cache', 'ETag': 'W/"493-WonuUboWhGmRcg/7iarups5Iu8A"', 'Vary': 'Accept-Encoding', 'Content-Encoding': 'gzip', 'CF-Cache-Status': 'DYNAMIC', 'Report-To': '{"endpoints":[{"url":"https:\\/\\/a.nel.cloudflare.com\\/report\\/v4?s=PT9WtapT%2FqZ5yWbWxdyPsCE21qHfwds3QpIq5wDzHNGFmoox47TFQZPpIkiOydrE9tZ7B4Xl5eyl3kmo%2BSRzLSJbNyxoidNOQSOL2CimIf5GvJUxHwjqGZkCsd9aJsrF"}],"group":"cf-nel","max_age":604800}', 'NEL': '{"success_fraction":0,"report_to":"cf-nel","max_age":604800}', 'Server': 'cloudflare', 'CF-RAY': '895b900f4be0113b-ORD', 'alt-svc': 'h3=":443"; ma=86400'} 
 body={"results":[{"gender":"male","name":{"title":"Mr","first":"Christian","last":"Riley"},"location":{"street":{"number":5246,"name":"Ash Dr"},"city":"Gladstone","state":"Northern Territory","country":"Australia","postcode":6349,"coordinates":{"latitude":"-86.3048","longitude":"-142.3854"},"timezone":{"offset":"+5:30","description":"Bombay, Calcutta, Madras, New Delhi"}},"email":"christian.riley@example.com","login":{"uuid":"2cb80647-55d7-448e-bdf4-8bdf3293de2e","username":"whitefish580","password":"strike","salt":"wxZCsF4B","md5":"8130de63e9dd64083e6b4dff9da6f15e","sha1":"bb234fb8d6c9b6d7cdcb5e0f40cc6fa14ccb65b2","sha256":"6fb83b842806b1c4c9042c9419aa1b6ef53bc75d4ee5c80cb27eb353e48e7482"},"dob":{"date":"1986-11-06T21:52:26.859Z","age":37},"registered":{"date":"2018-08-14T15:55:47.042Z","age":5},"phone":"02-1528-9195","cell":"0479-555-643","id":{"name":"TFN","value":"648565813"},"picture":{"large":"https://randomuser.me/api/portraits/men/96.jpg","medium":"https://randomuser.me/api/portraits/med/men/96.jpg","thumbnail":"https://randomuser.me/api/portraits/thumb/men/96.jpg"},"nat":"AU"}],"info":{"seed":"6c27061064b6f462","results":1,"page":1,"version":"1.4"}} 
 </msg>
<msg time="2024-06-18T13:17:59.646390" level="INFO">/opt/hostedtoolcache/Python/3.12.4/x64/lib/python3.12/site-packages/urllib3/connectionpool.py:1099: InsecureRequestWarning: Unverified HTTPS request is being made to host 'randomuser.me'. Adding certificate verification is strongly advised. See: https://urllib3.readthedocs.io/en/latest/advanced-usage.html#tls-warnings
  warnings.warn(</msg>
<msg time="2024-06-18T13:17:59.646500" level="INFO">${response} = &lt;Response [200]&gt;</msg>
<var>${response}</var>
<arg>consultarAPI</arg>
<arg>/api</arg>
<doc>Sends a GET request on a previously created HTTP Session.</doc>
<status status="PASS" start="2024-06-18T13:17:59.558164" elapsed="0.088376"/>
</kw>
<kw name="Set Variable" owner="BuiltIn">
<msg time="2024-06-18T13:17:59.647365" level="INFO">${json_data} = {'results': [{'gender': 'male', 'name': {'title': 'Mr', 'first': 'Christian', 'last': 'Riley'}, 'location': {'street': {'number': 5246, 'name': 'Ash Dr'}, 'city': 'Gladstone', 'state': 'Northern Terri...</msg>
<var>${json_data}</var>
<arg>${response.json()}</arg>
<doc>Returns the given values which can then be assigned to a variables.</doc>
<status status="PASS" start="2024-06-18T13:17:59.646920" elapsed="0.000473"/>
</kw>
<kw name="Log" owner="BuiltIn">
<msg time="2024-06-18T13:17:59.647840" level="INFO">{'results': [{'gender': 'male', 'name': {'title': 'Mr', 'first': 'Christian', 'last': 'Riley'}, 'location': {'street': {'number': 5246, 'name': 'Ash Dr'}, 'city': 'Gladstone', 'state': 'Northern Territory', 'country': 'Australia', 'postcode': 6349, 'coordinates': {'latitude': '-86.3048', 'longitude': '-142.3854'}, 'timezone': {'offset': '+5:30', 'description': 'Bombay, Calcutta, Madras, New Delhi'}}, 'email': 'christian.riley@example.com', 'login': {'uuid': '2cb80647-55d7-448e-bdf4-8bdf3293de2e', 'username': 'whitefish580', 'password': 'strike', 'salt': 'wxZCsF4B', 'md5': '8130de63e9dd64083e6b4dff9da6f15e', 'sha1': 'bb234fb8d6c9b6d7cdcb5e0f40cc6fa14ccb65b2', 'sha256': '6fb83b842806b1c4c9042c9419aa1b6ef53bc75d4ee5c80cb27eb353e48e7482'}, 'dob': {'date': '1986-11-06T21:52:26.859Z', 'age': 37}, 'registered': {'date': '2018-08-14T15:55:47.042Z', 'age': 5}, 'phone': '02-1528-9195', 'cell': '0479-555-643', 'id': {'name': 'TFN', 'value': '648565813'}, 'picture': {'large': 'https://randomuser.me/api/portraits/men/96.jpg', 'medium': 'https://randomuser.me/api/portraits/med/men/96.jpg', 'thumbnail': 'https://randomuser.me/api/portraits/thumb/men/96.jpg'}, 'nat': 'AU'}], 'info': {'seed': '6c27061064b6f462', 'results': 1, 'page': 1, 'version': '1.4'}}</msg>
<arg>${json_data}</arg>
<doc>Logs the given message with the given level.</doc>
<status status="PASS" start="2024-06-18T13:17:59.647690" elapsed="0.000196"/>
</kw>
<kw name="Should Be Equal As Numbers" owner="BuiltIn">
<arg>${json_data['results'][0]['location']['postcode']}</arg>
<arg>${json_data['results'][0]['location']['postcode']}</arg>
<doc>Fails if objects are unequal after converting them to real numbers.</doc>
<status status="PASS" start="2024-06-18T13:17:59.648169" elapsed="0.000658"/>
</kw>
<kw name="Log" owner="BuiltIn">
<msg time="2024-06-18T13:17:59.649393" level="INFO">6349</msg>
<arg>${json_data['results'][0]['location']['postcode']}</arg>
<doc>Logs the given message with the given level.</doc>
<status status="PASS" start="2024-06-18T13:17:59.649053" elapsed="0.000381"/>
</kw>
<status status="PASS" start="2024-06-18T13:17:59.557952" elapsed="0.091728"/>
</kw>
<doc>Testa se os tipos de dados na resposta da API estão corretos.</doc>
<tag>testeTiposDados</tag>
<status status="PASS" start="2024-06-18T13:17:59.466876" elapsed="0.182956"/>
</test>
<test id="s1-s1-t5" name="Validar conteudo" line="35">
<kw name="Teste de Tipos de Conteudo" owner="random-user-service">
<kw name="GET On Session" owner="RequestsLibrary">
<msg time="2024-06-18T13:17:59.750075" level="INFO">GET Request : url=https://randomuser.me/api 
 path_url=/api 
 headers={'User-Agent': 'python-requests/2.32.3', 'Accept-Encoding': 'gzip, deflate', 'Accept': '*/*', 'Connection': 'keep-alive'} 
 body=None 
 </msg>
<msg time="2024-06-18T13:17:59.750158" level="INFO">GET Response : url=https://randomuser.me/api 
 status=200, reason=OK 
 headers={'Date': 'Tue, 18 Jun 2024 13:17:59 GMT', 'Content-Type': 'application/json; charset=utf-8', 'Transfer-Encoding': 'chunked', 'Connection': 'keep-alive', 'X-Powered-By': 'Express', 'Access-Control-Allow-Origin': '*', 'Cache-Control': 'no-cache', 'ETag': 'W/"49a-WPFp52nK4n67mufIyyjZi2mXQWs"', 'Vary': 'Accept-Encoding', 'Content-Encoding': 'gzip', 'CF-Cache-Status': 'DYNAMIC', 'Report-To': '{"endpoints":[{"url":"https:\\/\\/a.nel.cloudflare.com\\/report\\/v4?s=760vrUglV3R85Y%2FfbXFuyIwJahr1nL34IdFk48bBAwUlt1oB6rDlysAx9amizb0a3n5C3Fn%2BXgYdRlE3eU74F44xC7yECcSUgsWso2GXS%2FqhyNUt5VQse5djr2KRfsw4"}],"group":"cf-nel","max_age":604800}', 'NEL': '{"success_fraction":0,"report_to":"cf-nel","max_age":604800}', 'Server': 'cloudflare', 'CF-RAY': '895b900fec9d113b-ORD', 'alt-svc': 'h3=":443"; ma=86400'} 
 body={"results":[{"gender":"female","name":{"title":"Mrs","first":"Bartje","last":"Hesselmans"},"location":{"street":{"number":5378,"name":"Bakendorpseweg"},"city":"Ede Gld","state":"Limburg","country":"Netherlands","postcode":"3275 HB","coordinates":{"latitude":"35.9625","longitude":"166.1259"},"timezone":{"offset":"-11:00","description":"Midway Island, Samoa"}},"email":"bartje.hesselmans@example.com","login":{"uuid":"14908136-3e9a-427d-a01d-a8fff10212d8","username":"ticklishostrich584","password":"arizona","salt":"4KPjCYib","md5":"1be7d9fe08ce0fd171b1f64868186a5a","sha1":"de3887c58dd051300acd5499f3aef52f5a404769","sha256":"fed519ae72ad66df3b264960923db6637c94c411cefbfe5738536f095bdf5755"},"dob":{"date":"1999-07-10T12:01:46.861Z","age":24},"registered":{"date":"2021-09-22T21:24:54.359Z","age":2},"phone":"(0364) 963932","cell":"(06) 28567307","id":{"name":"BSN","value":"00506136"},"picture":{"large":"https://randomuser.me/api/portraits/women/93.jpg","medium":"https://randomuser.me/api/portraits/med/women/93.jpg","thumbnail":"https://randomuser.me/api/portraits/thumb/women/93.jpg"},"nat":"NL"}],"info":{"seed":"9318d56161869b33","results":1,"page":1,"version":"1.4"}} 
 </msg>
<msg time="2024-06-18T13:17:59.750247" level="INFO">/opt/hostedtoolcache/Python/3.12.4/x64/lib/python3.12/site-packages/urllib3/connectionpool.py:1099: InsecureRequestWarning: Unverified HTTPS request is being made to host 'randomuser.me'. Adding certificate verification is strongly advised. See: https://urllib3.readthedocs.io/en/latest/advanced-usage.html#tls-warnings
  warnings.warn(</msg>
<msg time="2024-06-18T13:17:59.750360" level="INFO">${response} = &lt;Response [200]&gt;</msg>
<var>${response}</var>
<arg>consultarAPI</arg>
<arg>/api</arg>
<doc>Sends a GET request on a previously created HTTP Session.</doc>
<status status="PASS" start="2024-06-18T13:17:59.652772" elapsed="0.097627"/>
</kw>
<kw name="Set Variable" owner="BuiltIn">
<msg time="2024-06-18T13:17:59.751307" level="INFO">${json_data} = {'results': [{'gender': 'female', 'name': {'title': 'Mrs', 'first': 'Bartje', 'last': 'Hesselmans'}, 'location': {'street': {'number': 5378, 'name': 'Bakendorpseweg'}, 'city': 'Ede Gld', 'state': 'Lim...</msg>
<var>${json_data}</var>
<arg>${response.json()}</arg>
<doc>Returns the given values which can then be assigned to a variables.</doc>
<status status="PASS" start="2024-06-18T13:17:59.750864" elapsed="0.000473"/>
</kw>
<kw name="Set Variable" owner="BuiltIn">
<msg time="2024-06-18T13:17:59.752000" level="INFO">${name_title} = Mrs</msg>
<var>${name_title}</var>
<arg>${json_data["results"][0]["name"]["title"]}</arg>
<doc>Returns the given values which can then be assigned to a variables.</doc>
<status status="PASS" start="2024-06-18T13:17:59.751633" elapsed="0.000391"/>
</kw>
<kw name="Create List" owner="BuiltIn">
<msg time="2024-06-18T13:17:59.752450" level="INFO">${allowed_titles} = ['Mr', 'Ms', 'Miss', 'Mrs', 'Madame', 'Monsieur']</msg>
<var>${allowed_titles}</var>
<arg>Mr</arg>
<arg>Ms</arg>
<arg>Miss</arg>
<arg>Mrs</arg>
<arg>Madame</arg>
<arg>Monsieur</arg>
<doc>Returns a list containing given items.</doc>
<status status="PASS" start="2024-06-18T13:17:59.752308" elapsed="0.000165"/>
</kw>
<kw name="List Should Contain Value" owner="Collections">
<arg>${allowed_titles}</arg>
<arg>${name_title}</arg>
<doc>Fails if the ``value`` is not found from ``list``.</doc>
<status status="PASS" start="2024-06-18T13:17:59.752797" elapsed="0.000187"/>
</kw>
<kw name="Set Variable" owner="BuiltIn">
<msg time="2024-06-18T13:17:59.753521" level="INFO">${name_country} = NL</msg>
<var>${name_country}</var>
<arg>${json_data["results"][0]["nat"]}</arg>
<doc>Returns the given values which can then be assigned to a variables.</doc>
<status status="PASS" start="2024-06-18T13:17:59.753162" elapsed="0.000384"/>
</kw>
<kw name="Create List" owner="BuiltIn">
<msg time="2024-06-18T13:17:59.754418" level="INFO">${list_country} = ['AD', 'AE', 'AF', 'AG', 'AI', 'AL', 'AM', 'AO', 'AQ', 'AR', 'AS', 'AT', 'AU', 'AW', 'AX', 'AZ', 'BA', 'BB', 'BD', 'BE', 'BF', 'BG', 'BH', 'BI', 'BJ', 'BL', 'BM', 'BN', 'BO', 'BQ', 'BR', 'BS', 'BT', '...</msg>
<var>${list_country}</var>
<arg>AD</arg>
<arg>AE</arg>
<arg>AF</arg>
<arg>AG</arg>
<arg>AI</arg>
<arg>AL</arg>
<arg>AM</arg>
<arg>AO</arg>
<arg>AQ</arg>
<arg>AR</arg>
<arg>AS</arg>
<arg>AT</arg>
<arg>AU</arg>
<arg>AW</arg>
<arg>AX</arg>
<arg>AZ</arg>
<arg>BA</arg>
<arg>BB</arg>
<arg>BD</arg>
<arg>BE</arg>
<arg>BF</arg>
<arg>BG</arg>
<arg>BH</arg>
<arg>BI</arg>
<arg>BJ</arg>
<arg>BL</arg>
<arg>BM</arg>
<arg>BN</arg>
<arg>BO</arg>
<arg>BQ</arg>
<arg>BR</arg>
<arg>BS</arg>
<arg>BT</arg>
<arg>BV</arg>
<arg>BW</arg>
<arg>BY</arg>
<arg>BZ</arg>
<arg>CA</arg>
<arg>CC</arg>
<arg>CD</arg>
<arg>CF</arg>
<arg>CG</arg>
<arg>CH</arg>
<arg>CI</arg>
<arg>CK</arg>
<arg>CL</arg>
<arg>CM</arg>
<arg>CN</arg>
<arg>CO</arg>
<arg>CR</arg>
<arg>CU</arg>
<arg>CV</arg>
<arg>CW</arg>
<arg>CX</arg>
<arg>CY</arg>
<arg>CZ</arg>
<arg>DE</arg>
<arg>DJ</arg>
<arg>DK</arg>
<arg>DM</arg>
<arg>DO</arg>
<arg>DZ</arg>
<arg>EC</arg>
<arg>EE</arg>
<arg>EG</arg>
<arg>EH</arg>
<arg>ER</arg>
<arg>ES</arg>
<arg>ET</arg>
<arg>FI</arg>
<arg>FJ</arg>
<arg>FK</arg>
<arg>FM</arg>
<arg>FO</arg>
<arg>FR</arg>
<arg>GA</arg>
<arg>GB</arg>
<arg>GD</arg>
<arg>GE</arg>
<arg>GF</arg>
<arg>GG</arg>
<arg>GH</arg>
<arg>GI</arg>
<arg>GL</arg>
<arg>GM</arg>
<arg>GN</arg>
<arg>GP</arg>
<arg>GQ</arg>
<arg>GR</arg>
<arg>GS</arg>
<arg>GT</arg>
<arg>GU</arg>
<arg>GW</arg>
<arg>GY</arg>
<arg>HK</arg>
<arg>HM</arg>
<arg>HN</arg>
<arg>HR</arg>
<arg>HT</arg>
<arg>HU</arg>
<arg>ID</arg>
<arg>IE</arg>
<arg>IL</arg>
<arg>IM</arg>
<arg>IN</arg>
<arg>IO</arg>
<arg>IQ</arg>
<arg>IR</arg>
<arg>IS</arg>
<arg>IT</arg>
<arg>JE</arg>
<arg>JM</arg>
<arg>JO</arg>
<arg>JP</arg>
<arg>KE</arg>
<arg>KG</arg>
<arg>KH</arg>
<arg>KI</arg>
<arg>KM</arg>
<arg>KN</arg>
<arg>KP</arg>
<arg>KR</arg>
<arg>KW</arg>
<arg>KY</arg>
<arg>KZ</arg>
<arg>LA</arg>
<arg>LB</arg>
<arg>LC</arg>
<arg>LI</arg>
<arg>LK</arg>
<arg>LR</arg>
<arg>LS</arg>
<arg>LT</arg>
<arg>LU</arg>
<arg>LV</arg>
<arg>LY</arg>
<arg>MA</arg>
<arg>MC</arg>
<arg>MD</arg>
<arg>ME</arg>
<arg>MF</arg>
<arg>MG</arg>
<arg>MH</arg>
<arg>MK</arg>
<arg>ML</arg>
<arg>MM</arg>
<arg>MN</arg>
<arg>MO</arg>
<arg>MP</arg>
<arg>MQ</arg>
<arg>MR</arg>
<arg>MS</arg>
<arg>MT</arg>
<arg>MU</arg>
<arg>MV</arg>
<arg>MW</arg>
<arg>MX</arg>
<arg>MY</arg>
<arg>MZ</arg>
<arg>NA</arg>
<arg>NC</arg>
<arg>NE</arg>
<arg>NF</arg>
<arg>NG</arg>
<arg>NI</arg>
<arg>NL</arg>
<arg>NO</arg>
<arg>NP</arg>
<arg>NR</arg>
<arg>NU</arg>
<arg>NZ</arg>
<arg>OM</arg>
<arg>PA</arg>
<arg>PE</arg>
<arg>PF</arg>
<arg>PG</arg>
<arg>PH</arg>
<arg>PK</arg>
<arg>PL</arg>
<arg>PM</arg>
<arg>PN</arg>
<arg>PR</arg>
<arg>PS</arg>
<arg>PT</arg>
<arg>PW</arg>
<arg>PY</arg>
<arg>QA</arg>
<arg>RE</arg>
<arg>RO</arg>
<arg>RS</arg>
<arg>RU</arg>
<arg>RW</arg>
<arg>SA</arg>
<arg>SB</arg>
<arg>SC</arg>
<arg>SD</arg>
<arg>SE</arg>
<arg>SG</arg>
<arg>SH</arg>
<arg>SI</arg>
<arg>SJ</arg>
<arg>SK</arg>
<arg>SL</arg>
<arg>SM</arg>
<arg>SN</arg>
<arg>SO</arg>
<arg>SR</arg>
<arg>SS</arg>
<arg>ST</arg>
<arg>SV</arg>
<arg>SX</arg>
<arg>SY</arg>
<arg>SZ</arg>
<arg>TC</arg>
<arg>TD</arg>
<arg>TF</arg>
<arg>TG</arg>
<arg>TH</arg>
<arg>TJ</arg>
<arg>TK</arg>
<arg>TL</arg>
<arg>TM</arg>
<arg>TN</arg>
<arg>TO</arg>
<arg>TR</arg>
<arg>TT</arg>
<arg>TV</arg>
<arg>TW</arg>
<arg>TZ</arg>
<arg>UA</arg>
<arg>UG</arg>
<arg>UM</arg>
<arg>US</arg>
<arg>UY</arg>
<arg>UZ</arg>
<arg>VA</arg>
<arg>VC</arg>
<arg>VE</arg>
<arg>VG</arg>
<arg>VI</arg>
<arg>VN</arg>
<arg>VU</arg>
<arg>WF</arg>
<arg>WS</arg>
<arg>XK</arg>
<arg>YE</arg>
<arg>YT</arg>
<arg>ZA</arg>
<arg>ZM</arg>
<arg>ZW</arg>
<doc>Returns a list containing given items.</doc>
<status status="PASS" start="2024-06-18T13:17:59.753828" elapsed="0.000615"/>
</kw>
<kw name="List Should Contain Value" owner="Collections">
<arg>${list_country}</arg>
<arg>${name_country}</arg>
<doc>Fails if the ``value`` is not found from ``list``.</doc>
<status status="PASS" start="2024-06-18T13:17:59.755222" elapsed="0.000204"/>
</kw>
<kw name="Run Keyword If" owner="BuiltIn">
<kw name="Should Be True" owner="BuiltIn">
<arg>${True}</arg>
<doc>Fails if the given condition is not true.</doc>
<status status="PASS" start="2024-06-18T13:17:59.756339" elapsed="0.000139"/>
</kw>
<arg>${json_data["results"][0]["location"]["coordinates"]["latitude"]} &gt;= -90 and ${json_data["results"][0]["location"]["coordinates"]["latitude"]} &lt;= 90</arg>
<arg>Should Be True</arg>
<arg>${True}</arg>
<doc>Runs the given keyword with the given arguments, if ``condition`` is true.</doc>
<status status="PASS" start="2024-06-18T13:17:59.755618" elapsed="0.000984"/>
</kw>
<kw name="Run Keyword If" owner="BuiltIn">
<kw name="Should Be True" owner="BuiltIn">
<arg>${True}</arg>
<doc>Fails if the given condition is not true.</doc>
<status status="PASS" start="2024-06-18T13:17:59.757502" elapsed="0.000132"/>
</kw>
<arg>${json_data["results"][0]["location"]["coordinates"]["longitude"]} &gt;= -180 and ${json_data["results"][0]["location"]["coordinates"]["longitude"]} &lt;= 180</arg>
<arg>Should Be True</arg>
<arg>${True}</arg>
<doc>Runs the given keyword with the given arguments, if ``condition`` is true.</doc>
<status status="PASS" start="2024-06-18T13:17:59.756800" elapsed="0.000962"/>
</kw>
<status status="PASS" start="2024-06-18T13:17:59.652194" elapsed="0.105694"/>
</kw>
<doc>Testa o conteúdo específico dos campos retornados pela API.</doc>
<tag>testeConteudo</tag>
<status status="PASS" start="2024-06-18T13:17:59.651549" elapsed="0.106477"/>
</test>
<status status="PASS" start="2024-06-18T13:17:58.801396" elapsed="0.958487"/>
</suite>
<status status="PASS" start="2024-06-18T13:17:58.787257" elapsed="0.977712"/>
</suite>
<statistics>
<total>
<stat pass="5" fail="0" skip="0">All Tests</stat>
</total>
<tag>
<stat pass="1" fail="0" skip="0">testeConteudo</stat>
<stat pass="1" fail="0" skip="0">testeEstruturaResposta</stat>
<stat pass="1" fail="0" skip="0">testeRequisicaoBasica</stat>
<stat pass="1" fail="0" skip="0">testeTiposDados</stat>
</tag>
<suite>
<stat pass="5" fail="0" skip="0" id="s1" name="Tests">Tests</stat>
<stat pass="5" fail="0" skip="0" id="s1-s1" name="Random-User-Test">Tests.Random-User-Test</stat>
</suite>
</statistics>
<errors>
</errors>
</robot>
