<?xml version="1.0" encoding="UTF-8"?>
<robot generator="Robot 7.0.1 (Python 3.12.4 on linux)" generated="2024-07-27T07:14:40.346267" rpa="false" schemaversion="5">
<suite id="s1" name="Tests" source="/home/runner/work/ApiRandomUser/ApiRandomUser/RamdonUser/tests">
<suite id="s1-s1" name="Random-User-Test" source="/home/runner/work/ApiRandomUser/ApiRandomUser/RamdonUser/tests/random-user-test.robot">
<test id="s1-s1-t1" name="Conectar" line="13">
<kw name="Conectar API" owner="random-user-service">
<kw name="Create Session" owner="RequestsLibrary">
<msg time="2024-07-27T07:14:40.747214" level="INFO">Creating Session using : alias=consultarAPI, url=https://randomuser.me/, headers={},                     cookies={}, auth=None, timeout=None, proxies=None, verify=False,                     debug=0 </msg>
<arg>consultarAPI</arg>
<arg>${URL}</arg>
<doc>Create Session: create a HTTP session to a server</doc>
<status status="PASS" start="2024-07-27T07:14:40.747001" elapsed="0.000400"/>
</kw>
<status status="PASS" start="2024-07-27T07:14:40.745954" elapsed="0.001805"/>
</kw>
<status status="PASS" start="2024-07-27T07:14:40.745405" elapsed="0.002550"/>
</test>
<test id="s1-s1-t2" name="Validar retorno 200 e JSON Válido" line="16">
<kw name="Teste de Requisicao Basica" owner="random-user-service">
<kw name="GET On Session" owner="RequestsLibrary">
<msg time="2024-07-27T07:14:40.938655" level="INFO">GET Request : url=https://randomuser.me/api 
 path_url=/api 
 headers={'User-Agent': 'python-requests/2.32.3', 'Accept-Encoding': 'gzip, deflate', 'Accept': '*/*', 'Connection': 'keep-alive'} 
 body=None 
 </msg>
<msg time="2024-07-27T07:14:40.938797" level="INFO">GET Response : url=https://randomuser.me/api 
 status=200, reason=OK 
 headers={'Date': 'Sat, 27 Jul 2024 07:14:40 GMT', 'Content-Type': 'application/json; charset=utf-8', 'Transfer-Encoding': 'chunked', 'Connection': 'keep-alive', 'X-Powered-By': 'Express', 'Access-Control-Allow-Origin': '*', 'Cache-Control': 'no-cache', 'ETag': 'W/"49e-dOzIwKZJ7ZtqHiKtJn073N9Fwy4"', 'Vary': 'Accept-Encoding', 'Content-Encoding': 'gzip', 'CF-Cache-Status': 'DYNAMIC', 'Report-To': '{"endpoints":[{"url":"https:\\/\\/a.nel.cloudflare.com\\/report\\/v4?s=S4naJPlt8FVVbDye9UpJjOIzTDutz98pN9CpzAEcIfyQ3add4cjlq6EpBNqFW5ZKIUJwAeX%2Fh2hqzwmpGQlgn%2F6HuET3%2Fj%2BWX794sz9RpoU0HWuxoXjqHOPifVAp6n5h"}],"group":"cf-nel","max_age":604800}', 'NEL': '{"success_fraction":0,"report_to":"cf-nel","max_age":604800}', 'Server': 'cloudflare', 'CF-RAY': '8a9ad57d9d130805-IAD', 'alt-svc': 'h3=":443"; ma=86400'} 
 body={"results":[{"gender":"female","name":{"title":"Mrs","first":"Slavolyuba","last":"Bogdanovich"},"location":{"street":{"number":4936,"name":"Kompozitora Meytusa"},"city":"Chornomorsk","state":"Zaporizka","country":"Ukraine","postcode":47883,"coordinates":{"latitude":"77.2743","longitude":"166.4177"},"timezone":{"offset":"-1:00","description":"Azores, Cape Verde Islands"}},"email":"slavolyuba.bogdanovich@example.com","login":{"uuid":"d16678f4-690a-4852-b83c-824c115da5df","username":"silverleopard227","password":"clark","salt":"JbQHwlnG","md5":"7d7bcadd7ef20254dbf99a4143dcef07","sha1":"4c43a6a0af737c7002326a96638f22cc04c71b2d","sha256":"a93ab50eda5e0eddc77f81255c204b7904b64b16ec78824c5aa05fcec37c18c1"},"dob":{"date":"1961-02-19T06:20:34.219Z","age":63},"registered":{"date":"2017-11-26T00:23:17.056Z","age":6},"phone":"(066) J86-3895","cell":"(097) K27-2373","id":{"name":"","value":null},"picture":{"large":"https://randomuser.me/api/portraits/women/7.jpg","medium":"https://randomuser.me/api/portraits/med/women/7.jpg","thumbnail":"https://randomuser.me/api/portraits/thumb/women/7.jpg"},"nat":"UA"}],"info":{"seed":"e464cd7ca5d84e58","results":1,"page":1,"version":"1.4"}} 
 </msg>
<msg time="2024-07-27T07:14:40.938872" level="INFO">/opt/hostedtoolcache/Python/3.12.4/x64/lib/python3.12/site-packages/urllib3/connectionpool.py:1099: InsecureRequestWarning: Unverified HTTPS request is being made to host 'randomuser.me'. Adding certificate verification is strongly advised. See: https://urllib3.readthedocs.io/en/latest/advanced-usage.html#tls-warnings
  warnings.warn(</msg>
<msg time="2024-07-27T07:14:40.939008" level="INFO">${response} = &lt;Response [200]&gt;</msg>
<var>${response}</var>
<arg>consultarAPI</arg>
<arg>/api</arg>
<doc>Sends a GET request on a previously created HTTP Session.</doc>
<status status="PASS" start="2024-07-27T07:14:40.750545" elapsed="0.188521"/>
</kw>
<kw name="Should Be Equal As Numbers" owner="BuiltIn">
<msg time="2024-07-27T07:14:40.939920" level="INFO">Argument types are:
&lt;class 'int'&gt;
&lt;class 'str'&gt;</msg>
<arg>${response.status_code}</arg>
<arg>200</arg>
<doc>Fails if objects are unequal after converting them to real numbers.</doc>
<status status="PASS" start="2024-07-27T07:14:40.939489" elapsed="0.000495"/>
</kw>
<kw name="Log" owner="BuiltIn">
<msg time="2024-07-27T07:14:40.940676" level="INFO">200</msg>
<arg>${response.status_code}</arg>
<doc>Logs the given message with the given level.</doc>
<status status="PASS" start="2024-07-27T07:14:40.940316" elapsed="0.000402"/>
</kw>
<kw name="Set Variable" owner="BuiltIn">
<msg time="2024-07-27T07:14:40.941514" level="INFO">${json_data} = {'results': [{'gender': 'female', 'name': {'title': 'Mrs', 'first': 'Slavolyuba', 'last': 'Bogdanovich'}, 'location': {'street': {'number': 4936, 'name': 'Kompozitora Meytusa'}, 'city': 'Chornomorsk',...</msg>
<var>${json_data}</var>
<arg>${response.json()}</arg>
<doc>Returns the given values which can then be assigned to a variables.</doc>
<status status="PASS" start="2024-07-27T07:14:40.941074" elapsed="0.000469"/>
</kw>
<kw name="Dictionary Should Contain Key" owner="Collections">
<arg>${json_data}</arg>
<arg>results</arg>
<doc>Fails if ``key`` is not found from ``dictionary``.</doc>
<status status="PASS" start="2024-07-27T07:14:40.941847" elapsed="0.000173"/>
</kw>
<status status="PASS" start="2024-07-27T07:14:40.750294" elapsed="0.191885"/>
</kw>
<doc>Testa se a API responde corretamente e retorna um objeto JSON válido.</doc>
<tag>testeRequisicaoBasica</tag>
<status status="PASS" start="2024-07-27T07:14:40.749831" elapsed="0.192516"/>
</test>
<test id="s1-s1-t3" name="Validar estrutura de resposta" line="22">
<kw name="Teste de Estrutura de Resposta" owner="random-user-service">
<kw name="GET On Session" owner="RequestsLibrary">
<msg time="2024-07-27T07:14:41.039014" level="INFO">GET Request : url=https://randomuser.me/api 
 path_url=/api 
 headers={'User-Agent': 'python-requests/2.32.3', 'Accept-Encoding': 'gzip, deflate', 'Accept': '*/*', 'Connection': 'keep-alive'} 
 body=None 
 </msg>
<msg time="2024-07-27T07:14:41.039080" level="INFO">GET Response : url=https://randomuser.me/api 
 status=200, reason=OK 
 headers={'Date': 'Sat, 27 Jul 2024 07:14:41 GMT', 'Content-Type': 'application/json; charset=utf-8', 'Transfer-Encoding': 'chunked', 'Connection': 'keep-alive', 'X-Powered-By': 'Express', 'Access-Control-Allow-Origin': '*', 'Cache-Control': 'no-cache', 'ETag': 'W/"491-bLvm75TLKniRPy90UsZ9LDB6vRM"', 'Vary': 'Accept-Encoding', 'Content-Encoding': 'gzip', 'CF-Cache-Status': 'DYNAMIC', 'Report-To': '{"endpoints":[{"url":"https:\\/\\/a.nel.cloudflare.com\\/report\\/v4?s=SnwYaWtI5NxRlpPbLZyKKvPV7mPhTnido6F53cWkE8nGef9fA74ZES3Yd8VnNMzknuXBI9BhSnuWhi1sGyiglCT%2FT8dPwkHuvK33rNbteZ%2BDMXFxJmupZVXzezSmf2F9"}],"group":"cf-nel","max_age":604800}', 'NEL': '{"success_fraction":0,"report_to":"cf-nel","max_age":604800}', 'Server': 'cloudflare', 'CF-RAY': '8a9ad57ded560805-IAD', 'alt-svc': 'h3=":443"; ma=86400'} 
 body={"results":[{"gender":"male","name":{"title":"Mr","first":"Vicente","last":"Ibarra"},"location":{"street":{"number":8415,"name":"Pasaje Frías"},"city":"Parácuaro","state":"Durango","country":"Mexico","postcode":67128,"coordinates":{"latitude":"28.8836","longitude":"-139.8920"},"timezone":{"offset":"-3:00","description":"Brazil, Buenos Aires, Georgetown"}},"email":"vicente.ibarra@example.com","login":{"uuid":"f65da94a-659a-444f-a551-f0e8914a6749","username":"greencat979","password":"forfun","salt":"AuMPpq8O","md5":"68b7f2f64724c249c325f7513a543939","sha1":"50aaebcc8317c91fd543baabb0caa6d7e12112d1","sha256":"6f396da1ecee32b49d9bed9fcf8ad89d8d64417a622d1232eb025c0dc058dee4"},"dob":{"date":"1945-07-15T23:00:40.161Z","age":79},"registered":{"date":"2020-10-29T03:25:58.415Z","age":3},"phone":"(650) 263 4269","cell":"(629) 997 6579","id":{"name":"NSS","value":"45 04 25 7106 0"},"picture":{"large":"https://randomuser.me/api/portraits/men/54.jpg","medium":"https://randomuser.me/api/portraits/med/men/54.jpg","thumbnail":"https://randomuser.me/api/portraits/thumb/men/54.jpg"},"nat":"MX"}],"info":{"seed":"752d5ff17a5dc8c6","results":1,"page":1,"version":"1.4"}} 
 </msg>
<msg time="2024-07-27T07:14:41.039180" level="INFO">/opt/hostedtoolcache/Python/3.12.4/x64/lib/python3.12/site-packages/urllib3/connectionpool.py:1099: InsecureRequestWarning: Unverified HTTPS request is being made to host 'randomuser.me'. Adding certificate verification is strongly advised. See: https://urllib3.readthedocs.io/en/latest/advanced-usage.html#tls-warnings
  warnings.warn(</msg>
<msg time="2024-07-27T07:14:41.039296" level="INFO">${response} = &lt;Response [200]&gt;</msg>
<var>${response}</var>
<arg>consultarAPI</arg>
<arg>/api</arg>
<doc>Sends a GET request on a previously created HTTP Session.</doc>
<status status="PASS" start="2024-07-27T07:14:40.944904" elapsed="0.094431"/>
</kw>
<kw name="Set Variable" owner="BuiltIn">
<msg time="2024-07-27T07:14:41.040150" level="INFO">${json_data} = {'results': [{'gender': 'male', 'name': {'title': 'Mr', 'first': 'Vicente', 'last': 'Ibarra'}, 'location': {'street': {'number': 8415, 'name': 'Pasaje Frías'}, 'city': 'Parácuaro', 'state': 'Durango',...</msg>
<var>${json_data}</var>
<arg>${response.json()}</arg>
<doc>Returns the given values which can then be assigned to a variables.</doc>
<status status="PASS" start="2024-07-27T07:14:41.039700" elapsed="0.000481"/>
</kw>
<kw name="Log" owner="BuiltIn">
<msg time="2024-07-27T07:14:41.040649" level="INFO">{'results': [{'gender': 'male', 'name': {'title': 'Mr', 'first': 'Vicente', 'last': 'Ibarra'}, 'location': {'street': {'number': 8415, 'name': 'Pasaje Frías'}, 'city': 'Parácuaro', 'state': 'Durango', 'country': 'Mexico', 'postcode': 67128, 'coordinates': {'latitude': '28.8836', 'longitude': '-139.8920'}, 'timezone': {'offset': '-3:00', 'description': 'Brazil, Buenos Aires, Georgetown'}}, 'email': 'vicente.ibarra@example.com', 'login': {'uuid': 'f65da94a-659a-444f-a551-f0e8914a6749', 'username': 'greencat979', 'password': 'forfun', 'salt': 'AuMPpq8O', 'md5': '68b7f2f64724c249c325f7513a543939', 'sha1': '50aaebcc8317c91fd543baabb0caa6d7e12112d1', 'sha256': '6f396da1ecee32b49d9bed9fcf8ad89d8d64417a622d1232eb025c0dc058dee4'}, 'dob': {'date': '1945-07-15T23:00:40.161Z', 'age': 79}, 'registered': {'date': '2020-10-29T03:25:58.415Z', 'age': 3}, 'phone': '(650) 263 4269', 'cell': '(629) 997 6579', 'id': {'name': 'NSS', 'value': '45 04 25 7106 0'}, 'picture': {'large': 'https://randomuser.me/api/portraits/men/54.jpg', 'medium': 'https://randomuser.me/api/portraits/med/men/54.jpg', 'thumbnail': 'https://randomuser.me/api/portraits/thumb/men/54.jpg'}, 'nat': 'MX'}], 'info': {'seed': '752d5ff17a5dc8c6', 'results': 1, 'page': 1, 'version': '1.4'}}</msg>
<arg>${json_data}</arg>
<doc>Logs the given message with the given level.</doc>
<status status="PASS" start="2024-07-27T07:14:41.040484" elapsed="0.000216"/>
</kw>
<kw name="Dictionary Should Contain Key" owner="Collections">
<arg>${json_data}</arg>
<arg>results</arg>
<doc>Fails if ``key`` is not found from ``dictionary``.</doc>
<status status="PASS" start="2024-07-27T07:14:41.041033" elapsed="0.000169"/>
</kw>
<kw name="Should Not Be Empty" owner="BuiltIn">
<msg time="2024-07-27T07:14:41.041519" level="INFO">Length is 2.</msg>
<arg>${json_data}</arg>
<doc>Verifies that the given item is not empty.</doc>
<status status="PASS" start="2024-07-27T07:14:41.041388" elapsed="0.000169"/>
</kw>
<kw name="Create List" owner="BuiltIn">
<msg time="2024-07-27T07:14:41.042132" level="INFO">${expected_keys} = ['gender', 'name', 'location', 'email', 'login']</msg>
<var>${expected_keys}</var>
<arg>gender</arg>
<arg>name</arg>
<arg>location</arg>
<arg>email</arg>
<arg>login</arg>
<doc>Returns a list containing given items.</doc>
<status status="PASS" start="2024-07-27T07:14:41.041846" elapsed="0.000311"/>
</kw>
<for flavor="IN">
<iter>
<kw name="Dictionary Should Contain Key" owner="Collections">
<arg>${json_data['results'][0]}</arg>
<arg>${key}</arg>
<doc>Fails if ``key`` is not found from ``dictionary``.</doc>
<status status="PASS" start="2024-07-27T07:14:41.042738" elapsed="0.000407"/>
</kw>
<kw name="Log" owner="BuiltIn">
<msg time="2024-07-27T07:14:41.043692" level="INFO">{'gender': 'male', 'name': {'title': 'Mr', 'first': 'Vicente', 'last': 'Ibarra'}, 'location': {'street': {'number': 8415, 'name': 'Pasaje Frías'}, 'city': 'Parácuaro', 'state': 'Durango', 'country': 'Mexico', 'postcode': 67128, 'coordinates': {'latitude': '28.8836', 'longitude': '-139.8920'}, 'timezone': {'offset': '-3:00', 'description': 'Brazil, Buenos Aires, Georgetown'}}, 'email': 'vicente.ibarra@example.com', 'login': {'uuid': 'f65da94a-659a-444f-a551-f0e8914a6749', 'username': 'greencat979', 'password': 'forfun', 'salt': 'AuMPpq8O', 'md5': '68b7f2f64724c249c325f7513a543939', 'sha1': '50aaebcc8317c91fd543baabb0caa6d7e12112d1', 'sha256': '6f396da1ecee32b49d9bed9fcf8ad89d8d64417a622d1232eb025c0dc058dee4'}, 'dob': {'date': '1945-07-15T23:00:40.161Z', 'age': 79}, 'registered': {'date': '2020-10-29T03:25:58.415Z', 'age': 3}, 'phone': '(650) 263 4269', 'cell': '(629) 997 6579', 'id': {'name': 'NSS', 'value': '45 04 25 7106 0'}, 'picture': {'large': 'https://randomuser.me/api/portraits/men/54.jpg', 'medium': 'https://randomuser.me/api/portraits/med/men/54.jpg', 'thumbnail': 'https://randomuser.me/api/portraits/thumb/men/54.jpg'}, 'nat': 'MX'}</msg>
<arg>${json_data['results'][0]}</arg>
<doc>Logs the given message with the given level.</doc>
<status status="PASS" start="2024-07-27T07:14:41.043332" elapsed="0.000410"/>
</kw>
<kw name="Log" owner="BuiltIn">
<msg time="2024-07-27T07:14:41.044171" level="INFO">gender</msg>
<arg>${key}</arg>
<doc>Logs the given message with the given level.</doc>
<status status="PASS" start="2024-07-27T07:14:41.044041" elapsed="0.000169"/>
</kw>
<var name="${key}">gender</var>
<status status="PASS" start="2024-07-27T07:14:41.042615" elapsed="0.001812"/>
</iter>
<iter>
<kw name="Dictionary Should Contain Key" owner="Collections">
<arg>${json_data['results'][0]}</arg>
<arg>${key}</arg>
<doc>Fails if ``key`` is not found from ``dictionary``.</doc>
<status status="PASS" start="2024-07-27T07:14:41.044723" elapsed="0.000426"/>
</kw>
<kw name="Log" owner="BuiltIn">
<msg time="2024-07-27T07:14:41.045688" level="INFO">{'gender': 'male', 'name': {'title': 'Mr', 'first': 'Vicente', 'last': 'Ibarra'}, 'location': {'street': {'number': 8415, 'name': 'Pasaje Frías'}, 'city': 'Parácuaro', 'state': 'Durango', 'country': 'Mexico', 'postcode': 67128, 'coordinates': {'latitude': '28.8836', 'longitude': '-139.8920'}, 'timezone': {'offset': '-3:00', 'description': 'Brazil, Buenos Aires, Georgetown'}}, 'email': 'vicente.ibarra@example.com', 'login': {'uuid': 'f65da94a-659a-444f-a551-f0e8914a6749', 'username': 'greencat979', 'password': 'forfun', 'salt': 'AuMPpq8O', 'md5': '68b7f2f64724c249c325f7513a543939', 'sha1': '50aaebcc8317c91fd543baabb0caa6d7e12112d1', 'sha256': '6f396da1ecee32b49d9bed9fcf8ad89d8d64417a622d1232eb025c0dc058dee4'}, 'dob': {'date': '1945-07-15T23:00:40.161Z', 'age': 79}, 'registered': {'date': '2020-10-29T03:25:58.415Z', 'age': 3}, 'phone': '(650) 263 4269', 'cell': '(629) 997 6579', 'id': {'name': 'NSS', 'value': '45 04 25 7106 0'}, 'picture': {'large': 'https://randomuser.me/api/portraits/men/54.jpg', 'medium': 'https://randomuser.me/api/portraits/med/men/54.jpg', 'thumbnail': 'https://randomuser.me/api/portraits/thumb/men/54.jpg'}, 'nat': 'MX'}</msg>
<arg>${json_data['results'][0]}</arg>
<doc>Logs the given message with the given level.</doc>
<status status="PASS" start="2024-07-27T07:14:41.045335" elapsed="0.000444"/>
</kw>
<kw name="Log" owner="BuiltIn">
<msg time="2024-07-27T07:14:41.046210" level="INFO">name</msg>
<arg>${key}</arg>
<doc>Logs the given message with the given level.</doc>
<status status="PASS" start="2024-07-27T07:14:41.046082" elapsed="0.000167"/>
</kw>
<var name="${key}">name</var>
<status status="PASS" start="2024-07-27T07:14:41.044613" elapsed="0.001852"/>
</iter>
<iter>
<kw name="Dictionary Should Contain Key" owner="Collections">
<arg>${json_data['results'][0]}</arg>
<arg>${key}</arg>
<doc>Fails if ``key`` is not found from ``dictionary``.</doc>
<status status="PASS" start="2024-07-27T07:14:41.046758" elapsed="0.000381"/>
</kw>
<kw name="Log" owner="BuiltIn">
<msg time="2024-07-27T07:14:41.047669" level="INFO">{'gender': 'male', 'name': {'title': 'Mr', 'first': 'Vicente', 'last': 'Ibarra'}, 'location': {'street': {'number': 8415, 'name': 'Pasaje Frías'}, 'city': 'Parácuaro', 'state': 'Durango', 'country': 'Mexico', 'postcode': 67128, 'coordinates': {'latitude': '28.8836', 'longitude': '-139.8920'}, 'timezone': {'offset': '-3:00', 'description': 'Brazil, Buenos Aires, Georgetown'}}, 'email': 'vicente.ibarra@example.com', 'login': {'uuid': 'f65da94a-659a-444f-a551-f0e8914a6749', 'username': 'greencat979', 'password': 'forfun', 'salt': 'AuMPpq8O', 'md5': '68b7f2f64724c249c325f7513a543939', 'sha1': '50aaebcc8317c91fd543baabb0caa6d7e12112d1', 'sha256': '6f396da1ecee32b49d9bed9fcf8ad89d8d64417a622d1232eb025c0dc058dee4'}, 'dob': {'date': '1945-07-15T23:00:40.161Z', 'age': 79}, 'registered': {'date': '2020-10-29T03:25:58.415Z', 'age': 3}, 'phone': '(650) 263 4269', 'cell': '(629) 997 6579', 'id': {'name': 'NSS', 'value': '45 04 25 7106 0'}, 'picture': {'large': 'https://randomuser.me/api/portraits/men/54.jpg', 'medium': 'https://randomuser.me/api/portraits/med/men/54.jpg', 'thumbnail': 'https://randomuser.me/api/portraits/thumb/men/54.jpg'}, 'nat': 'MX'}</msg>
<arg>${json_data['results'][0]}</arg>
<doc>Logs the given message with the given level.</doc>
<status status="PASS" start="2024-07-27T07:14:41.047320" elapsed="0.000399"/>
</kw>
<kw name="Log" owner="BuiltIn">
<msg time="2024-07-27T07:14:41.048143" level="INFO">location</msg>
<arg>${key}</arg>
<doc>Logs the given message with the given level.</doc>
<status status="PASS" start="2024-07-27T07:14:41.048017" elapsed="0.000165"/>
</kw>
<var name="${key}">location</var>
<status status="PASS" start="2024-07-27T07:14:41.046651" elapsed="0.001745"/>
</iter>
<iter>
<kw name="Dictionary Should Contain Key" owner="Collections">
<arg>${json_data['results'][0]}</arg>
<arg>${key}</arg>
<doc>Fails if ``key`` is not found from ``dictionary``.</doc>
<status status="PASS" start="2024-07-27T07:14:41.048683" elapsed="0.000425"/>
</kw>
<kw name="Log" owner="BuiltIn">
<msg time="2024-07-27T07:14:41.049652" level="INFO">{'gender': 'male', 'name': {'title': 'Mr', 'first': 'Vicente', 'last': 'Ibarra'}, 'location': {'street': {'number': 8415, 'name': 'Pasaje Frías'}, 'city': 'Parácuaro', 'state': 'Durango', 'country': 'Mexico', 'postcode': 67128, 'coordinates': {'latitude': '28.8836', 'longitude': '-139.8920'}, 'timezone': {'offset': '-3:00', 'description': 'Brazil, Buenos Aires, Georgetown'}}, 'email': 'vicente.ibarra@example.com', 'login': {'uuid': 'f65da94a-659a-444f-a551-f0e8914a6749', 'username': 'greencat979', 'password': 'forfun', 'salt': 'AuMPpq8O', 'md5': '68b7f2f64724c249c325f7513a543939', 'sha1': '50aaebcc8317c91fd543baabb0caa6d7e12112d1', 'sha256': '6f396da1ecee32b49d9bed9fcf8ad89d8d64417a622d1232eb025c0dc058dee4'}, 'dob': {'date': '1945-07-15T23:00:40.161Z', 'age': 79}, 'registered': {'date': '2020-10-29T03:25:58.415Z', 'age': 3}, 'phone': '(650) 263 4269', 'cell': '(629) 997 6579', 'id': {'name': 'NSS', 'value': '45 04 25 7106 0'}, 'picture': {'large': 'https://randomuser.me/api/portraits/men/54.jpg', 'medium': 'https://randomuser.me/api/portraits/med/men/54.jpg', 'thumbnail': 'https://randomuser.me/api/portraits/thumb/men/54.jpg'}, 'nat': 'MX'}</msg>
<arg>${json_data['results'][0]}</arg>
<doc>Logs the given message with the given level.</doc>
<status status="PASS" start="2024-07-27T07:14:41.049299" elapsed="0.000412"/>
</kw>
<kw name="Log" owner="BuiltIn">
<msg time="2024-07-27T07:14:41.050130" level="INFO">email</msg>
<arg>${key}</arg>
<doc>Logs the given message with the given level.</doc>
<status status="PASS" start="2024-07-27T07:14:41.050003" elapsed="0.000166"/>
</kw>
<var name="${key}">email</var>
<status status="PASS" start="2024-07-27T07:14:41.048569" elapsed="0.001814"/>
</iter>
<iter>
<kw name="Dictionary Should Contain Key" owner="Collections">
<arg>${json_data['results'][0]}</arg>
<arg>${key}</arg>
<doc>Fails if ``key`` is not found from ``dictionary``.</doc>
<status status="PASS" start="2024-07-27T07:14:41.050660" elapsed="0.000387"/>
</kw>
<kw name="Log" owner="BuiltIn">
<msg time="2024-07-27T07:14:41.051583" level="INFO">{'gender': 'male', 'name': {'title': 'Mr', 'first': 'Vicente', 'last': 'Ibarra'}, 'location': {'street': {'number': 8415, 'name': 'Pasaje Frías'}, 'city': 'Parácuaro', 'state': 'Durango', 'country': 'Mexico', 'postcode': 67128, 'coordinates': {'latitude': '28.8836', 'longitude': '-139.8920'}, 'timezone': {'offset': '-3:00', 'description': 'Brazil, Buenos Aires, Georgetown'}}, 'email': 'vicente.ibarra@example.com', 'login': {'uuid': 'f65da94a-659a-444f-a551-f0e8914a6749', 'username': 'greencat979', 'password': 'forfun', 'salt': 'AuMPpq8O', 'md5': '68b7f2f64724c249c325f7513a543939', 'sha1': '50aaebcc8317c91fd543baabb0caa6d7e12112d1', 'sha256': '6f396da1ecee32b49d9bed9fcf8ad89d8d64417a622d1232eb025c0dc058dee4'}, 'dob': {'date': '1945-07-15T23:00:40.161Z', 'age': 79}, 'registered': {'date': '2020-10-29T03:25:58.415Z', 'age': 3}, 'phone': '(650) 263 4269', 'cell': '(629) 997 6579', 'id': {'name': 'NSS', 'value': '45 04 25 7106 0'}, 'picture': {'large': 'https://randomuser.me/api/portraits/men/54.jpg', 'medium': 'https://randomuser.me/api/portraits/med/men/54.jpg', 'thumbnail': 'https://randomuser.me/api/portraits/thumb/men/54.jpg'}, 'nat': 'MX'}</msg>
<arg>${json_data['results'][0]}</arg>
<doc>Logs the given message with the given level.</doc>
<status status="PASS" start="2024-07-27T07:14:41.051230" elapsed="0.000402"/>
</kw>
<kw name="Log" owner="BuiltIn">
<msg time="2024-07-27T07:14:41.052052" level="INFO">login</msg>
<arg>${key}</arg>
<doc>Logs the given message with the given level.</doc>
<status status="PASS" start="2024-07-27T07:14:41.051925" elapsed="0.000170"/>
</kw>
<var name="${key}">login</var>
<status status="PASS" start="2024-07-27T07:14:41.050554" elapsed="0.001756"/>
</iter>
<var>${key}</var>
<value>@{expected_keys}</value>
<status status="PASS" start="2024-07-27T07:14:41.042423" elapsed="0.010007"/>
</for>
<kw name="Create List" owner="BuiltIn">
<msg time="2024-07-27T07:14:41.052753" level="INFO">${expected_keysTwo} = ['username', 'password']</msg>
<var>${expected_keysTwo}</var>
<arg>username</arg>
<arg>password</arg>
<doc>Returns a list containing given items.</doc>
<status status="PASS" start="2024-07-27T07:14:41.052619" elapsed="0.000186"/>
</kw>
<for flavor="IN">
<iter>
<kw name="Dictionary Should Contain Key" owner="Collections">
<arg>${json_data['results'][0]['login']}</arg>
<arg>${keyTwo}</arg>
<doc>Fails if ``key`` is not found from ``dictionary``.</doc>
<status status="PASS" start="2024-07-27T07:14:41.053344" elapsed="0.000382"/>
</kw>
<kw name="Dictionary Should Contain Key" owner="Collections">
<arg>${json_data['results'][0]['login']}</arg>
<arg>${keyTwo}</arg>
<doc>Fails if ``key`` is not found from ``dictionary``.</doc>
<status status="PASS" start="2024-07-27T07:14:41.053908" elapsed="0.000376"/>
</kw>
<kw name="Log" owner="BuiltIn">
<msg time="2024-07-27T07:14:41.054581" level="INFO">username</msg>
<arg>${keyTwo}</arg>
<doc>Logs the given message with the given level.</doc>
<status status="PASS" start="2024-07-27T07:14:41.054462" elapsed="0.000157"/>
</kw>
<var name="${keyTwo}">username</var>
<status status="PASS" start="2024-07-27T07:14:41.053229" elapsed="0.001609"/>
</iter>
<iter>
<kw name="Dictionary Should Contain Key" owner="Collections">
<arg>${json_data['results'][0]['login']}</arg>
<arg>${keyTwo}</arg>
<doc>Fails if ``key`` is not found from ``dictionary``.</doc>
<status status="PASS" start="2024-07-27T07:14:41.055124" elapsed="0.000381"/>
</kw>
<kw name="Dictionary Should Contain Key" owner="Collections">
<arg>${json_data['results'][0]['login']}</arg>
<arg>${keyTwo}</arg>
<doc>Fails if ``key`` is not found from ``dictionary``.</doc>
<status status="PASS" start="2024-07-27T07:14:41.055683" elapsed="0.000366"/>
</kw>
<kw name="Log" owner="BuiltIn">
<msg time="2024-07-27T07:14:41.056348" level="INFO">password</msg>
<arg>${keyTwo}</arg>
<doc>Logs the given message with the given level.</doc>
<status status="PASS" start="2024-07-27T07:14:41.056225" elapsed="0.000159"/>
</kw>
<var name="${keyTwo}">password</var>
<status status="PASS" start="2024-07-27T07:14:41.055010" elapsed="0.001686"/>
</iter>
<var>${keyTwo}</var>
<value>@{expected_keysTwo}</value>
<status status="PASS" start="2024-07-27T07:14:41.053076" elapsed="0.003743"/>
</for>
<status status="PASS" start="2024-07-27T07:14:40.944669" elapsed="0.112315"/>
</kw>
<doc>Testa a estrutura da resposta da API.</doc>
<tag>testeEstruturaResposta</tag>
<status status="PASS" start="2024-07-27T07:14:40.944170" elapsed="0.112979"/>
</test>
<test id="s1-s1-t4" name="Validar tipos de dados" line="28">
<kw name="Teste de Tipos de Dados" owner="random-user-service">
<kw name="GET On Session" owner="RequestsLibrary">
<msg time="2024-07-27T07:14:41.169441" level="INFO">GET Request : url=https://randomuser.me/api 
 path_url=/api 
 headers={'User-Agent': 'python-requests/2.32.3', 'Accept-Encoding': 'gzip, deflate', 'Accept': '*/*', 'Connection': 'keep-alive'} 
 body=None 
 </msg>
<msg time="2024-07-27T07:14:41.169536" level="INFO">GET Response : url=https://randomuser.me/api 
 status=200, reason=OK 
 headers={'Date': 'Sat, 27 Jul 2024 07:14:41 GMT', 'Content-Type': 'application/json; charset=utf-8', 'Transfer-Encoding': 'chunked', 'Connection': 'keep-alive', 'X-Powered-By': 'Express', 'Access-Control-Allow-Origin': '*', 'Cache-Control': 'no-cache', 'ETag': 'W/"4b2-cJoyzkouslB87NKtSj7cA3nbW4k"', 'Vary': 'Accept-Encoding', 'Content-Encoding': 'gzip', 'CF-Cache-Status': 'DYNAMIC', 'Report-To': '{"endpoints":[{"url":"https:\\/\\/a.nel.cloudflare.com\\/report\\/v4?s=xD4UTr90t%2FNpdwHNnB3Wc%2BJprErZem%2BA36vD2X9vuxZGgHKqBbgIY3kxjNUhhZXpq8xOMWiwL8ZCqZaju2dGsm4L2O9datV6yg2LXQYv9ZzUk8t27PTXqTo%2Bz3klzOLe"}],"group":"cf-nel","max_age":604800}', 'NEL': '{"success_fraction":0,"report_to":"cf-nel","max_age":604800}', 'Server': 'cloudflare', 'CF-RAY': '8a9ad57eade50805-IAD', 'alt-svc': 'h3=":443"; ma=86400'} 
 body={"results":[{"gender":"female","name":{"title":"Miss","first":"Hermelinda","last":"Ibarra"},"location":{"street":{"number":5307,"name":"Continuación Puebla"},"city":"Los Tecomates (Piedra Pesada)","state":"Veracruz","country":"Mexico","postcode":27460,"coordinates":{"latitude":"23.4769","longitude":"138.4924"},"timezone":{"offset":"-11:00","description":"Midway Island, Samoa"}},"email":"hermelinda.ibarra@example.com","login":{"uuid":"7640877e-3f99-466b-9e07-d377f4bfbc25","username":"heavyswan279","password":"151515","salt":"7JMxzSw3","md5":"acc83ce40795141d1ee58c8d952250d9","sha1":"890c4e659dc6927b6d11f239d835f146455e8ede","sha256":"e97b264f50e5275a210aba3386b4ff36401d7eb554a46d8757ccc96055c025cb"},"dob":{"date":"1970-05-28T19:30:25.429Z","age":54},"registered":{"date":"2011-05-21T10:21:10.629Z","age":13},"phone":"(627) 977 1350","cell":"(632) 005 9343","id":{"name":"NSS","value":"44 23 30 1038 9"},"picture":{"large":"https://randomuser.me/api/portraits/women/96.jpg","medium":"https://randomuser.me/api/portraits/med/women/96.jpg","thumbnail":"https://randomuser.me/api/portraits/thumb/women/96.jpg"},"nat":"MX"}],"info":{"seed":"875d5f5216a41623","results":1,"page":1,"version":"1.4"}} 
 </msg>
<msg time="2024-07-27T07:14:41.169607" level="INFO">/opt/hostedtoolcache/Python/3.12.4/x64/lib/python3.12/site-packages/urllib3/connectionpool.py:1099: InsecureRequestWarning: Unverified HTTPS request is being made to host 'randomuser.me'. Adding certificate verification is strongly advised. See: https://urllib3.readthedocs.io/en/latest/advanced-usage.html#tls-warnings
  warnings.warn(</msg>
<msg time="2024-07-27T07:14:41.169746" level="INFO">${response} = &lt;Response [200]&gt;</msg>
<var>${response}</var>
<arg>consultarAPI</arg>
<arg>/api</arg>
<doc>Sends a GET request on a previously created HTTP Session.</doc>
<status status="PASS" start="2024-07-27T07:14:41.059545" elapsed="0.110247"/>
</kw>
<kw name="Set Variable" owner="BuiltIn">
<msg time="2024-07-27T07:14:41.170844" level="INFO">${json_data} = {'results': [{'gender': 'female', 'name': {'title': 'Miss', 'first': 'Hermelinda', 'last': 'Ibarra'}, 'location': {'street': {'number': 5307, 'name': 'Continuación Puebla'}, 'city': 'Los Tecomates (Pi...</msg>
<var>${json_data}</var>
<arg>${response.json()}</arg>
<doc>Returns the given values which can then be assigned to a variables.</doc>
<status status="PASS" start="2024-07-27T07:14:41.170318" elapsed="0.000556"/>
</kw>
<kw name="Log" owner="BuiltIn">
<msg time="2024-07-27T07:14:41.171400" level="INFO">{'results': [{'gender': 'female', 'name': {'title': 'Miss', 'first': 'Hermelinda', 'last': 'Ibarra'}, 'location': {'street': {'number': 5307, 'name': 'Continuación Puebla'}, 'city': 'Los Tecomates (Piedra Pesada)', 'state': 'Veracruz', 'country': 'Mexico', 'postcode': 27460, 'coordinates': {'latitude': '23.4769', 'longitude': '138.4924'}, 'timezone': {'offset': '-11:00', 'description': 'Midway Island, Samoa'}}, 'email': 'hermelinda.ibarra@example.com', 'login': {'uuid': '7640877e-3f99-466b-9e07-d377f4bfbc25', 'username': 'heavyswan279', 'password': '151515', 'salt': '7JMxzSw3', 'md5': 'acc83ce40795141d1ee58c8d952250d9', 'sha1': '890c4e659dc6927b6d11f239d835f146455e8ede', 'sha256': 'e97b264f50e5275a210aba3386b4ff36401d7eb554a46d8757ccc96055c025cb'}, 'dob': {'date': '1970-05-28T19:30:25.429Z', 'age': 54}, 'registered': {'date': '2011-05-21T10:21:10.629Z', 'age': 13}, 'phone': '(627) 977 1350', 'cell': '(632) 005 9343', 'id': {'name': 'NSS', 'value': '44 23 30 1038 9'}, 'picture': {'large': 'https://randomuser.me/api/portraits/women/96.jpg', 'medium': 'https://randomuser.me/api/portraits/med/women/96.jpg', 'thumbnail': 'https://randomuser.me/api/portraits/thumb/women/96.jpg'}, 'nat': 'MX'}], 'info': {'seed': '875d5f5216a41623', 'results': 1, 'page': 1, 'version': '1.4'}}</msg>
<arg>${json_data}</arg>
<doc>Logs the given message with the given level.</doc>
<status status="PASS" start="2024-07-27T07:14:41.171227" elapsed="0.000224"/>
</kw>
<kw name="Should Be String" owner="String">
<arg>${json_data['results'][0]['gender']}</arg>
<doc>Fails if the given ``item`` is not a string.</doc>
<status status="PASS" start="2024-07-27T07:14:41.171771" elapsed="0.000384"/>
</kw>
<kw name="Should Match Regexp" owner="BuiltIn">
<arg>${json_data['results'][0]['email']}</arg>
<arg>^[a-zA-Z0-9._%+-]+@[a-zA-Z0-9.-]+\.[a-zA-Z]{2,}$</arg>
<doc>Fails if ``string`` does not match ``pattern`` as a regular expression.</doc>
<status status="PASS" start="2024-07-27T07:14:41.172388" elapsed="0.000538"/>
</kw>
<kw name="Should Match Regexp" owner="BuiltIn">
<arg>${json_data['results'][0]['dob']['date']}</arg>
<arg>\\d{4}-\\d{2}-\\d{2}T\\d{2}:\\d{2}:\\d{2}\\.\\d{3}Z</arg>
<doc>Fails if ``string`` does not match ``pattern`` as a regular expression.</doc>
<status status="PASS" start="2024-07-27T07:14:41.173168" elapsed="0.000503"/>
</kw>
<kw name="Should Match Regexp" owner="BuiltIn">
<arg>${json_data['results'][0]['registered']['date']}</arg>
<arg>\\d{4}-\\d{2}-\\d{2}T\\d{2}:\\d{2}:\\d{2}\\.\\d{3}Z</arg>
<doc>Fails if ``string`` does not match ``pattern`` as a regular expression.</doc>
<status status="PASS" start="2024-07-27T07:14:41.173863" elapsed="0.000371"/>
</kw>
<kw name="Should Match Regexp" owner="BuiltIn">
<arg>${json_data['results'][0]['picture']['large']}</arg>
<arg>^https?://.*\.(?:png|jpe?g|gif|bmp)$</arg>
<doc>Fails if ``string`` does not match ``pattern`` as a regular expression.</doc>
<status status="PASS" start="2024-07-27T07:14:41.174419" elapsed="0.000466"/>
</kw>
<kw name="Should Match Regexp" owner="BuiltIn">
<arg>${json_data['results'][0]['picture']['medium']}</arg>
<arg>^https?://.*\.(?:png|jpe?g|gif|bmp)$</arg>
<doc>Fails if ``string`` does not match ``pattern`` as a regular expression.</doc>
<status status="PASS" start="2024-07-27T07:14:41.175072" elapsed="0.000354"/>
</kw>
<kw name="Should Match Regexp" owner="BuiltIn">
<arg>${json_data['results'][0]['picture']['thumbnail']}</arg>
<arg>^https?://.*\.(?:png|jpe?g|gif|bmp)$</arg>
<doc>Fails if ``string`` does not match ``pattern`` as a regular expression.</doc>
<status status="PASS" start="2024-07-27T07:14:41.175609" elapsed="0.000348"/>
</kw>
<kw name="Log" owner="BuiltIn">
<msg time="2024-07-27T07:14:41.176477" level="INFO">{'large': 'https://randomuser.me/api/portraits/women/96.jpg', 'medium': 'https://randomuser.me/api/portraits/med/women/96.jpg', 'thumbnail': 'https://randomuser.me/api/portraits/thumb/women/96.jpg'}</msg>
<arg>${json_data['results'][0]['picture']}</arg>
<doc>Logs the given message with the given level.</doc>
<status status="PASS" start="2024-07-27T07:14:41.176141" elapsed="0.000379"/>
</kw>
<status status="PASS" start="2024-07-27T07:14:41.059327" elapsed="0.117457"/>
</kw>
<kw name="Teste de Tipos de Dados - Postcode" owner="random-user-service">
<kw name="GET On Session" owner="RequestsLibrary">
<msg time="2024-07-27T07:14:41.221376" level="INFO">GET Request : url=https://randomuser.me/api 
 path_url=/api 
 headers={'User-Agent': 'python-requests/2.32.3', 'Accept-Encoding': 'gzip, deflate', 'Accept': '*/*', 'Connection': 'keep-alive'} 
 body=None 
 </msg>
<msg time="2024-07-27T07:14:41.221438" level="INFO">GET Response : url=https://randomuser.me/api 
 status=200, reason=OK 
 headers={'Date': 'Sat, 27 Jul 2024 07:14:41 GMT', 'Content-Type': 'application/json; charset=utf-8', 'Transfer-Encoding': 'chunked', 'Connection': 'keep-alive', 'X-Powered-By': 'Express', 'Access-Control-Allow-Origin': '*', 'Cache-Control': 'no-cache', 'ETag': 'W/"4a1-Eu+CIq7nHkxjowmFGO6VOmZ0utI"', 'Vary': 'Accept-Encoding', 'Content-Encoding': 'gzip', 'CF-Cache-Status': 'DYNAMIC', 'Report-To': '{"endpoints":[{"url":"https:\\/\\/a.nel.cloudflare.com\\/report\\/v4?s=ZSapTNuOq7RWzMMGBmubnqCrayJFdFAzvfvQaf3KR0lBL5IWWYYqPHClezkGpeJl1jn6E5nsoabo9UXVLrrVD8sWEiljvAEj9ZZ3iyC2fwvPAWhm5YebxYwY0NPQSZhH"}],"group":"cf-nel","max_age":604800}', 'NEL': '{"success_fraction":0,"report_to":"cf-nel","max_age":604800}', 'Server': 'cloudflare', 'CF-RAY': '8a9ad57f5e6e0805-IAD', 'alt-svc': 'h3=":443"; ma=86400'} 
 body={"results":[{"gender":"male","name":{"title":"Mr","first":"Eduardo","last":"Pearson"},"location":{"street":{"number":4104,"name":"Washington Ave"},"city":"Port Macquarie","state":"Northern Territory","country":"Australia","postcode":8413,"coordinates":{"latitude":"-81.7996","longitude":"-108.8437"},"timezone":{"offset":"+9:00","description":"Tokyo, Seoul, Osaka, Sapporo, Yakutsk"}},"email":"eduardo.pearson@example.com","login":{"uuid":"4ae6fa4b-6133-4007-94f7-7820697f23d5","username":"whitekoala519","password":"doctor","salt":"zflnacEv","md5":"f08bb7a297d915ca74942434a5784807","sha1":"5b5aa943053608fee65df8d135a008682d5d907d","sha256":"c2d73890ae2cd31f6fdbc15f1302bb0ec7a90e7b0e2e1d3f7fe7e792bf261fa2"},"dob":{"date":"1976-06-29T23:05:25.198Z","age":48},"registered":{"date":"2005-11-06T12:26:09.155Z","age":18},"phone":"03-5491-2837","cell":"0483-270-945","id":{"name":"TFN","value":"249458439"},"picture":{"large":"https://randomuser.me/api/portraits/men/5.jpg","medium":"https://randomuser.me/api/portraits/med/men/5.jpg","thumbnail":"https://randomuser.me/api/portraits/thumb/men/5.jpg"},"nat":"AU"}],"info":{"seed":"689e74de0b118b4b","results":1,"page":1,"version":"1.4"}} 
 </msg>
<msg time="2024-07-27T07:14:41.221495" level="INFO">/opt/hostedtoolcache/Python/3.12.4/x64/lib/python3.12/site-packages/urllib3/connectionpool.py:1099: InsecureRequestWarning: Unverified HTTPS request is being made to host 'randomuser.me'. Adding certificate verification is strongly advised. See: https://urllib3.readthedocs.io/en/latest/advanced-usage.html#tls-warnings
  warnings.warn(</msg>
<msg time="2024-07-27T07:14:41.221600" level="INFO">${response} = &lt;Response [200]&gt;</msg>
<var>${response}</var>
<arg>consultarAPI</arg>
<arg>/api</arg>
<doc>Sends a GET request on a previously created HTTP Session.</doc>
<status status="PASS" start="2024-07-27T07:14:41.177283" elapsed="0.044353"/>
</kw>
<kw name="Set Variable" owner="BuiltIn">
<msg time="2024-07-27T07:14:41.222441" level="INFO">${json_data} = {'results': [{'gender': 'male', 'name': {'title': 'Mr', 'first': 'Eduardo', 'last': 'Pearson'}, 'location': {'street': {'number': 4104, 'name': 'Washington Ave'}, 'city': 'Port Macquarie', 'state': 'N...</msg>
<var>${json_data}</var>
<arg>${response.json()}</arg>
<doc>Returns the given values which can then be assigned to a variables.</doc>
<status status="PASS" start="2024-07-27T07:14:41.221999" elapsed="0.000474"/>
</kw>
<kw name="Log" owner="BuiltIn">
<msg time="2024-07-27T07:14:41.222922" level="INFO">{'results': [{'gender': 'male', 'name': {'title': 'Mr', 'first': 'Eduardo', 'last': 'Pearson'}, 'location': {'street': {'number': 4104, 'name': 'Washington Ave'}, 'city': 'Port Macquarie', 'state': 'Northern Territory', 'country': 'Australia', 'postcode': 8413, 'coordinates': {'latitude': '-81.7996', 'longitude': '-108.8437'}, 'timezone': {'offset': '+9:00', 'description': 'Tokyo, Seoul, Osaka, Sapporo, Yakutsk'}}, 'email': 'eduardo.pearson@example.com', 'login': {'uuid': '4ae6fa4b-6133-4007-94f7-7820697f23d5', 'username': 'whitekoala519', 'password': 'doctor', 'salt': 'zflnacEv', 'md5': 'f08bb7a297d915ca74942434a5784807', 'sha1': '5b5aa943053608fee65df8d135a008682d5d907d', 'sha256': 'c2d73890ae2cd31f6fdbc15f1302bb0ec7a90e7b0e2e1d3f7fe7e792bf261fa2'}, 'dob': {'date': '1976-06-29T23:05:25.198Z', 'age': 48}, 'registered': {'date': '2005-11-06T12:26:09.155Z', 'age': 18}, 'phone': '03-5491-2837', 'cell': '0483-270-945', 'id': {'name': 'TFN', 'value': '249458439'}, 'picture': {'large': 'https://randomuser.me/api/portraits/men/5.jpg', 'medium': 'https://randomuser.me/api/portraits/med/men/5.jpg', 'thumbnail': 'https://randomuser.me/api/portraits/thumb/men/5.jpg'}, 'nat': 'AU'}], 'info': {'seed': '689e74de0b118b4b', 'results': 1, 'page': 1, 'version': '1.4'}}</msg>
<arg>${json_data}</arg>
<doc>Logs the given message with the given level.</doc>
<status status="PASS" start="2024-07-27T07:14:41.222771" elapsed="0.000208"/>
</kw>
<kw name="Should Be Equal As Numbers" owner="BuiltIn">
<arg>${json_data['results'][0]['location']['postcode']}</arg>
<arg>${json_data['results'][0]['location']['postcode']}</arg>
<doc>Fails if objects are unequal after converting them to real numbers.</doc>
<status status="PASS" start="2024-07-27T07:14:41.223273" elapsed="0.000619"/>
</kw>
<kw name="Log" owner="BuiltIn">
<msg time="2024-07-27T07:14:41.224583" level="INFO">8413</msg>
<arg>${json_data['results'][0]['location']['postcode']}</arg>
<doc>Logs the given message with the given level.</doc>
<status status="PASS" start="2024-07-27T07:14:41.224115" elapsed="0.000510"/>
</kw>
<status status="PASS" start="2024-07-27T07:14:41.177035" elapsed="0.047845"/>
</kw>
<doc>Testa se os tipos de dados na resposta da API estão corretos.</doc>
<tag>testeTiposDados</tag>
<status status="PASS" start="2024-07-27T07:14:41.058890" elapsed="0.166203"/>
</test>
<test id="s1-s1-t5" name="Validar conteudo" line="35">
<kw name="Teste de Tipos de Conteudo" owner="random-user-service">
<kw name="GET On Session" owner="RequestsLibrary">
<msg time="2024-07-27T07:14:41.341462" level="INFO">GET Request : url=https://randomuser.me/api 
 path_url=/api 
 headers={'User-Agent': 'python-requests/2.32.3', 'Accept-Encoding': 'gzip, deflate', 'Accept': '*/*', 'Connection': 'keep-alive'} 
 body=None 
 </msg>
<msg time="2024-07-27T07:14:41.341540" level="INFO">GET Response : url=https://randomuser.me/api 
 status=200, reason=OK 
 headers={'Date': 'Sat, 27 Jul 2024 07:14:41 GMT', 'Content-Type': 'application/json; charset=utf-8', 'Transfer-Encoding': 'chunked', 'Connection': 'keep-alive', 'X-Powered-By': 'Express', 'Access-Control-Allow-Origin': '*', 'Cache-Control': 'no-cache', 'ETag': 'W/"482-3s7hBwdCKeGchO8qu4eYGL2sjDM"', 'Vary': 'Accept-Encoding', 'Content-Encoding': 'gzip', 'CF-Cache-Status': 'DYNAMIC', 'Report-To': '{"endpoints":[{"url":"https:\\/\\/a.nel.cloudflare.com\\/report\\/v4?s=lMeYLyeherI77gOSZ9ygrNagCiAePoy8B63j1uabMjAJW6p82uR6KWvAi2GFMO%2BdtRjszXss3n9JlRCaJw1q05zFPnI0ndCe17h4zqzQlZ67Hf0PNf5TPjcunOJuOl9t"}],"group":"cf-nel","max_age":604800}', 'NEL': '{"success_fraction":0,"report_to":"cf-nel","max_age":604800}', 'Server': 'cloudflare', 'CF-RAY': '8a9ad57fbea60805-IAD', 'alt-svc': 'h3=":443"; ma=86400'} 
 body={"results":[{"gender":"female","name":{"title":"Mrs","first":"Glafira","last":"Shklyarenko"},"location":{"street":{"number":1507,"name":"Chukarina"},"city":"Chudniv","state":"Kirovogradska","country":"Ukraine","postcode":24115,"coordinates":{"latitude":"78.2027","longitude":"53.1066"},"timezone":{"offset":"+5:45","description":"Kathmandu"}},"email":"glafira.shklyarenko@example.com","login":{"uuid":"3f8b2ff6-2226-4f06-899a-19dcde82f7cd","username":"purplebutterfly647","password":"mayhem","salt":"kkx9dzbK","md5":"ace288796c2022b5680b6da75fd531e5","sha1":"fcf05c9299f7e06d5682732a7b1fd412668d5c64","sha256":"15ab2ffd2b209f05dd5df5fbd0fd5bc821d5ffc74eceaee7d35a3b6a0e396d77"},"dob":{"date":"1992-05-19T06:21:45.304Z","age":32},"registered":{"date":"2017-07-29T04:49:52.149Z","age":6},"phone":"(099) N19-4784","cell":"(067) S55-7617","id":{"name":"","value":null},"picture":{"large":"https://randomuser.me/api/portraits/women/84.jpg","medium":"https://randomuser.me/api/portraits/med/women/84.jpg","thumbnail":"https://randomuser.me/api/portraits/thumb/women/84.jpg"},"nat":"UA"}],"info":{"seed":"eb9f1588d9bdb942","results":1,"page":1,"version":"1.4"}} 
 </msg>
<msg time="2024-07-27T07:14:41.341603" level="INFO">/opt/hostedtoolcache/Python/3.12.4/x64/lib/python3.12/site-packages/urllib3/connectionpool.py:1099: InsecureRequestWarning: Unverified HTTPS request is being made to host 'randomuser.me'. Adding certificate verification is strongly advised. See: https://urllib3.readthedocs.io/en/latest/advanced-usage.html#tls-warnings
  warnings.warn(</msg>
<msg time="2024-07-27T07:14:41.341708" level="INFO">${response} = &lt;Response [200]&gt;</msg>
<var>${response}</var>
<arg>consultarAPI</arg>
<arg>/api</arg>
<doc>Sends a GET request on a previously created HTTP Session.</doc>
<status status="PASS" start="2024-07-27T07:14:41.227850" elapsed="0.113896"/>
</kw>
<kw name="Set Variable" owner="BuiltIn">
<msg time="2024-07-27T07:14:41.342546" level="INFO">${json_data} = {'results': [{'gender': 'female', 'name': {'title': 'Mrs', 'first': 'Glafira', 'last': 'Shklyarenko'}, 'location': {'street': {'number': 1507, 'name': 'Chukarina'}, 'city': 'Chudniv', 'state': 'Kirovo...</msg>
<var>${json_data}</var>
<arg>${response.json()}</arg>
<doc>Returns the given values which can then be assigned to a variables.</doc>
<status status="PASS" start="2024-07-27T07:14:41.342107" elapsed="0.000467"/>
</kw>
<kw name="Set Variable" owner="BuiltIn">
<msg time="2024-07-27T07:14:41.343257" level="INFO">${name_title} = Mrs</msg>
<var>${name_title}</var>
<arg>${json_data["results"][0]["name"]["title"]}</arg>
<doc>Returns the given values which can then be assigned to a variables.</doc>
<status status="PASS" start="2024-07-27T07:14:41.342876" elapsed="0.000406"/>
</kw>
<kw name="Create List" owner="BuiltIn">
<msg time="2024-07-27T07:14:41.343723" level="INFO">${allowed_titles} = ['Mr', 'Ms', 'Miss', 'Mrs', 'Madame', 'Monsieur']</msg>
<var>${allowed_titles}</var>
<arg>Mr</arg>
<arg>Ms</arg>
<arg>Miss</arg>
<arg>Mrs</arg>
<arg>Madame</arg>
<arg>Monsieur</arg>
<doc>Returns a list containing given items.</doc>
<status status="PASS" start="2024-07-27T07:14:41.343576" elapsed="0.000172"/>
</kw>
<kw name="List Should Contain Value" owner="Collections">
<arg>${allowed_titles}</arg>
<arg>${name_title}</arg>
<doc>Fails if the ``value`` is not found from ``list``.</doc>
<status status="PASS" start="2024-07-27T07:14:41.344047" elapsed="0.000180"/>
</kw>
<kw name="Set Variable" owner="BuiltIn">
<msg time="2024-07-27T07:14:41.344783" level="INFO">${name_country} = UA</msg>
<var>${name_country}</var>
<arg>${json_data["results"][0]["nat"]}</arg>
<doc>Returns the given values which can then be assigned to a variables.</doc>
<status status="PASS" start="2024-07-27T07:14:41.344410" elapsed="0.000398"/>
</kw>
<kw name="Create List" owner="BuiltIn">
<msg time="2024-07-27T07:14:41.345741" level="INFO">${list_country} = ['AD', 'AE', 'AF', 'AG', 'AI', 'AL', 'AM', 'AO', 'AQ', 'AR', 'AS', 'AT', 'AU', 'AW', 'AX', 'AZ', 'BA', 'BB', 'BD', 'BE', 'BF', 'BG', 'BH', 'BI', 'BJ', 'BL', 'BM', 'BN', 'BO', 'BQ', 'BR', 'BS', 'BT', '...</msg>
<var>${list_country}</var>
<arg>AD</arg>
<arg>AE</arg>
<arg>AF</arg>
<arg>AG</arg>
<arg>AI</arg>
<arg>AL</arg>
<arg>AM</arg>
<arg>AO</arg>
<arg>AQ</arg>
<arg>AR</arg>
<arg>AS</arg>
<arg>AT</arg>
<arg>AU</arg>
<arg>AW</arg>
<arg>AX</arg>
<arg>AZ</arg>
<arg>BA</arg>
<arg>BB</arg>
<arg>BD</arg>
<arg>BE</arg>
<arg>BF</arg>
<arg>BG</arg>
<arg>BH</arg>
<arg>BI</arg>
<arg>BJ</arg>
<arg>BL</arg>
<arg>BM</arg>
<arg>BN</arg>
<arg>BO</arg>
<arg>BQ</arg>
<arg>BR</arg>
<arg>BS</arg>
<arg>BT</arg>
<arg>BV</arg>
<arg>BW</arg>
<arg>BY</arg>
<arg>BZ</arg>
<arg>CA</arg>
<arg>CC</arg>
<arg>CD</arg>
<arg>CF</arg>
<arg>CG</arg>
<arg>CH</arg>
<arg>CI</arg>
<arg>CK</arg>
<arg>CL</arg>
<arg>CM</arg>
<arg>CN</arg>
<arg>CO</arg>
<arg>CR</arg>
<arg>CU</arg>
<arg>CV</arg>
<arg>CW</arg>
<arg>CX</arg>
<arg>CY</arg>
<arg>CZ</arg>
<arg>DE</arg>
<arg>DJ</arg>
<arg>DK</arg>
<arg>DM</arg>
<arg>DO</arg>
<arg>DZ</arg>
<arg>EC</arg>
<arg>EE</arg>
<arg>EG</arg>
<arg>EH</arg>
<arg>ER</arg>
<arg>ES</arg>
<arg>ET</arg>
<arg>FI</arg>
<arg>FJ</arg>
<arg>FK</arg>
<arg>FM</arg>
<arg>FO</arg>
<arg>FR</arg>
<arg>GA</arg>
<arg>GB</arg>
<arg>GD</arg>
<arg>GE</arg>
<arg>GF</arg>
<arg>GG</arg>
<arg>GH</arg>
<arg>GI</arg>
<arg>GL</arg>
<arg>GM</arg>
<arg>GN</arg>
<arg>GP</arg>
<arg>GQ</arg>
<arg>GR</arg>
<arg>GS</arg>
<arg>GT</arg>
<arg>GU</arg>
<arg>GW</arg>
<arg>GY</arg>
<arg>HK</arg>
<arg>HM</arg>
<arg>HN</arg>
<arg>HR</arg>
<arg>HT</arg>
<arg>HU</arg>
<arg>ID</arg>
<arg>IE</arg>
<arg>IL</arg>
<arg>IM</arg>
<arg>IN</arg>
<arg>IO</arg>
<arg>IQ</arg>
<arg>IR</arg>
<arg>IS</arg>
<arg>IT</arg>
<arg>JE</arg>
<arg>JM</arg>
<arg>JO</arg>
<arg>JP</arg>
<arg>KE</arg>
<arg>KG</arg>
<arg>KH</arg>
<arg>KI</arg>
<arg>KM</arg>
<arg>KN</arg>
<arg>KP</arg>
<arg>KR</arg>
<arg>KW</arg>
<arg>KY</arg>
<arg>KZ</arg>
<arg>LA</arg>
<arg>LB</arg>
<arg>LC</arg>
<arg>LI</arg>
<arg>LK</arg>
<arg>LR</arg>
<arg>LS</arg>
<arg>LT</arg>
<arg>LU</arg>
<arg>LV</arg>
<arg>LY</arg>
<arg>MA</arg>
<arg>MC</arg>
<arg>MD</arg>
<arg>ME</arg>
<arg>MF</arg>
<arg>MG</arg>
<arg>MH</arg>
<arg>MK</arg>
<arg>ML</arg>
<arg>MM</arg>
<arg>MN</arg>
<arg>MO</arg>
<arg>MP</arg>
<arg>MQ</arg>
<arg>MR</arg>
<arg>MS</arg>
<arg>MT</arg>
<arg>MU</arg>
<arg>MV</arg>
<arg>MW</arg>
<arg>MX</arg>
<arg>MY</arg>
<arg>MZ</arg>
<arg>NA</arg>
<arg>NC</arg>
<arg>NE</arg>
<arg>NF</arg>
<arg>NG</arg>
<arg>NI</arg>
<arg>NL</arg>
<arg>NO</arg>
<arg>NP</arg>
<arg>NR</arg>
<arg>NU</arg>
<arg>NZ</arg>
<arg>OM</arg>
<arg>PA</arg>
<arg>PE</arg>
<arg>PF</arg>
<arg>PG</arg>
<arg>PH</arg>
<arg>PK</arg>
<arg>PL</arg>
<arg>PM</arg>
<arg>PN</arg>
<arg>PR</arg>
<arg>PS</arg>
<arg>PT</arg>
<arg>PW</arg>
<arg>PY</arg>
<arg>QA</arg>
<arg>RE</arg>
<arg>RO</arg>
<arg>RS</arg>
<arg>RU</arg>
<arg>RW</arg>
<arg>SA</arg>
<arg>SB</arg>
<arg>SC</arg>
<arg>SD</arg>
<arg>SE</arg>
<arg>SG</arg>
<arg>SH</arg>
<arg>SI</arg>
<arg>SJ</arg>
<arg>SK</arg>
<arg>SL</arg>
<arg>SM</arg>
<arg>SN</arg>
<arg>SO</arg>
<arg>SR</arg>
<arg>SS</arg>
<arg>ST</arg>
<arg>SV</arg>
<arg>SX</arg>
<arg>SY</arg>
<arg>SZ</arg>
<arg>TC</arg>
<arg>TD</arg>
<arg>TF</arg>
<arg>TG</arg>
<arg>TH</arg>
<arg>TJ</arg>
<arg>TK</arg>
<arg>TL</arg>
<arg>TM</arg>
<arg>TN</arg>
<arg>TO</arg>
<arg>TR</arg>
<arg>TT</arg>
<arg>TV</arg>
<arg>TW</arg>
<arg>TZ</arg>
<arg>UA</arg>
<arg>UG</arg>
<arg>UM</arg>
<arg>US</arg>
<arg>UY</arg>
<arg>UZ</arg>
<arg>VA</arg>
<arg>VC</arg>
<arg>VE</arg>
<arg>VG</arg>
<arg>VI</arg>
<arg>VN</arg>
<arg>VU</arg>
<arg>WF</arg>
<arg>WS</arg>
<arg>XK</arg>
<arg>YE</arg>
<arg>YT</arg>
<arg>ZA</arg>
<arg>ZM</arg>
<arg>ZW</arg>
<doc>Returns a list containing given items.</doc>
<status status="PASS" start="2024-07-27T07:14:41.345144" elapsed="0.000623"/>
</kw>
<kw name="List Should Contain Value" owner="Collections">
<arg>${list_country}</arg>
<arg>${name_country}</arg>
<doc>Fails if the ``value`` is not found from ``list``.</doc>
<status status="PASS" start="2024-07-27T07:14:41.346563" elapsed="0.000204"/>
</kw>
<kw name="Run Keyword If" owner="BuiltIn">
<kw name="Should Be True" owner="BuiltIn">
<arg>${True}</arg>
<doc>Fails if the given condition is not true.</doc>
<status status="PASS" start="2024-07-27T07:14:41.347717" elapsed="0.000142"/>
</kw>
<arg>${json_data["results"][0]["location"]["coordinates"]["latitude"]} &gt;= -90 and ${json_data["results"][0]["location"]["coordinates"]["latitude"]} &lt;= 90</arg>
<arg>Should Be True</arg>
<arg>${True}</arg>
<doc>Runs the given keyword with the given arguments, if ``condition`` is true.</doc>
<status status="PASS" start="2024-07-27T07:14:41.346969" elapsed="0.001016"/>
</kw>
<kw name="Run Keyword If" owner="BuiltIn">
<kw name="Should Be True" owner="BuiltIn">
<arg>${True}</arg>
<doc>Fails if the given condition is not true.</doc>
<status status="PASS" start="2024-07-27T07:14:41.348863" elapsed="0.000256"/>
</kw>
<arg>${json_data["results"][0]["location"]["coordinates"]["longitude"]} &gt;= -180 and ${json_data["results"][0]["location"]["coordinates"]["longitude"]} &lt;= 180</arg>
<arg>Should Be True</arg>
<arg>${True}</arg>
<doc>Runs the given keyword with the given arguments, if ``condition`` is true.</doc>
<status status="PASS" start="2024-07-27T07:14:41.348165" elapsed="0.001085"/>
</kw>
<status status="PASS" start="2024-07-27T07:14:41.227484" elapsed="0.121897"/>
</kw>
<doc>Testa o conteúdo específico dos campos retornados pela API.</doc>
<tag>testeConteudo</tag>
<status status="PASS" start="2024-07-27T07:14:41.226840" elapsed="0.122685"/>
</test>
<status status="PASS" start="2024-07-27T07:14:40.405805" elapsed="0.945658"/>
</suite>
<status status="PASS" start="2024-07-27T07:14:40.390402" elapsed="0.966185"/>
</suite>
<statistics>
<total>
<stat pass="5" fail="0" skip="0">All Tests</stat>
</total>
<tag>
<stat pass="1" fail="0" skip="0">testeConteudo</stat>
<stat pass="1" fail="0" skip="0">testeEstruturaResposta</stat>
<stat pass="1" fail="0" skip="0">testeRequisicaoBasica</stat>
<stat pass="1" fail="0" skip="0">testeTiposDados</stat>
</tag>
<suite>
<stat pass="5" fail="0" skip="0" id="s1" name="Tests">Tests</stat>
<stat pass="5" fail="0" skip="0" id="s1-s1" name="Random-User-Test">Tests.Random-User-Test</stat>
</suite>
</statistics>
<errors>
</errors>
</robot>
