<?xml version="1.0" encoding="UTF-8"?>
<robot generator="Robot 7.0.1 (Python 3.12.4 on linux)" generated="2024-08-01T02:38:39.789858" rpa="false" schemaversion="5">
<suite id="s1" name="Tests" source="/home/runner/work/ApiRandomUser/ApiRandomUser/RamdonUser/tests">
<suite id="s1-s1" name="Random-User-Test" source="/home/runner/work/ApiRandomUser/ApiRandomUser/RamdonUser/tests/random-user-test.robot">
<test id="s1-s1-t1" name="Conectar" line="13">
<kw name="Conectar API" owner="random-user-service">
<kw name="Create Session" owner="RequestsLibrary">
<msg time="2024-08-01T02:38:40.192832" level="INFO">Creating Session using : alias=consultarAPI, url=https://randomuser.me/, headers={},                     cookies={}, auth=None, timeout=None, proxies=None, verify=False,                     debug=0 </msg>
<arg>consultarAPI</arg>
<arg>${URL}</arg>
<doc>Create Session: create a HTTP session to a server</doc>
<status status="PASS" start="2024-08-01T02:38:40.192610" elapsed="0.000428"/>
</kw>
<status status="PASS" start="2024-08-01T02:38:40.191070" elapsed="0.002358"/>
</kw>
<status status="PASS" start="2024-08-01T02:38:40.190384" elapsed="0.003251"/>
</test>
<test id="s1-s1-t2" name="Validar retorno 200 e JSON Válido" line="16">
<kw name="Teste de Requisicao Basica" owner="random-user-service">
<kw name="GET On Session" owner="RequestsLibrary">
<msg time="2024-08-01T02:38:40.287626" level="INFO">GET Request : url=https://randomuser.me/api 
 path_url=/api 
 headers={'User-Agent': 'python-requests/2.32.3', 'Accept-Encoding': 'gzip, deflate', 'Accept': '*/*', 'Connection': 'keep-alive'} 
 body=None 
 </msg>
<msg time="2024-08-01T02:38:40.287805" level="INFO">GET Response : url=https://randomuser.me/api 
 status=200, reason=OK 
 headers={'Date': 'Thu, 01 Aug 2024 02:38:40 GMT', 'Content-Type': 'application/json; charset=utf-8', 'Transfer-Encoding': 'chunked', 'Connection': 'keep-alive', 'X-Powered-By': 'Express', 'Access-Control-Allow-Origin': '*', 'Cache-Control': 'no-cache', 'ETag': 'W/"48c-1u+tD/vUDn58Pc+WY4NugRlPpMI"', 'Vary': 'Accept-Encoding', 'Content-Encoding': 'gzip', 'CF-Cache-Status': 'DYNAMIC', 'Report-To': '{"endpoints":[{"url":"https:\\/\\/a.nel.cloudflare.com\\/report\\/v4?s=%2Bo4dqx4OvLoGLZ6QtrJTzUbELKU0JYxwizCbphbnQ8cBLB8p%2BJYRtn00IrCmO5XJhIsa8r4LpWqtgGWu6nox52yMdGhtyh0Zuhj1fcDjIAEIJDnRq6AC%2BlKxsmkDLw3Q"}],"group":"cf-nel","max_age":604800}', 'NEL': '{"success_fraction":0,"report_to":"cf-nel","max_age":604800}', 'Server': 'cloudflare', 'CF-RAY': '8ac2740d8ca581db-IAD', 'alt-svc': 'h3=":443"; ma=86400'} 
 body={"results":[{"gender":"male","name":{"title":"Mr","first":"Denis","last":"Bohm"},"location":{"street":{"number":8858,"name":"Lessingstraße"},"city":"Germersheim","state":"Schleswig-Holstein","country":"Germany","postcode":21356,"coordinates":{"latitude":"-49.6618","longitude":"-2.6757"},"timezone":{"offset":"+7:00","description":"Bangkok, Hanoi, Jakarta"}},"email":"denis.bohm@example.com","login":{"uuid":"21de94e2-3089-4eda-85dd-3069a4557477","username":"tinysnake270","password":"father","salt":"lcHK4ZPr","md5":"a16570a44fd3b92c36e3bf4a56b0bbeb","sha1":"aba3c2a41923d1438188369b75f553fbfc702270","sha256":"6d7331a0c72a05e7ebc1cc01403143e0d74906c8dfc558bb5e2d66523ed488a2"},"dob":{"date":"1947-11-15T14:32:00.126Z","age":76},"registered":{"date":"2011-01-15T05:08:50.863Z","age":13},"phone":"0633-3424447","cell":"0179-8512691","id":{"name":"SVNR","value":"25 151147 B 338"},"picture":{"large":"https://randomuser.me/api/portraits/men/60.jpg","medium":"https://randomuser.me/api/portraits/med/men/60.jpg","thumbnail":"https://randomuser.me/api/portraits/thumb/men/60.jpg"},"nat":"DE"}],"info":{"seed":"9ec18910bffe8cfd","results":1,"page":1,"version":"1.4"}} 
 </msg>
<msg time="2024-08-01T02:38:40.287903" level="INFO">/opt/hostedtoolcache/Python/3.12.4/x64/lib/python3.12/site-packages/urllib3/connectionpool.py:1099: InsecureRequestWarning: Unverified HTTPS request is being made to host 'randomuser.me'. Adding certificate verification is strongly advised. See: https://urllib3.readthedocs.io/en/latest/advanced-usage.html#tls-warnings
  warnings.warn(</msg>
<msg time="2024-08-01T02:38:40.288066" level="INFO">${response} = &lt;Response [200]&gt;</msg>
<var>${response}</var>
<arg>consultarAPI</arg>
<arg>/api</arg>
<doc>Sends a GET request on a previously created HTTP Session.</doc>
<status status="PASS" start="2024-08-01T02:38:40.196431" elapsed="0.091676"/>
</kw>
<kw name="Should Be Equal As Numbers" owner="BuiltIn">
<msg time="2024-08-01T02:38:40.289111" level="INFO">Argument types are:
&lt;class 'int'&gt;
&lt;class 'str'&gt;</msg>
<arg>${response.status_code}</arg>
<arg>200</arg>
<doc>Fails if objects are unequal after converting them to real numbers.</doc>
<status status="PASS" start="2024-08-01T02:38:40.288645" elapsed="0.000531"/>
</kw>
<kw name="Log" owner="BuiltIn">
<msg time="2024-08-01T02:38:40.289899" level="INFO">200</msg>
<arg>${response.status_code}</arg>
<doc>Logs the given message with the given level.</doc>
<status status="PASS" start="2024-08-01T02:38:40.289503" elapsed="0.000439"/>
</kw>
<kw name="Set Variable" owner="BuiltIn">
<msg time="2024-08-01T02:38:40.290693" level="INFO">${json_data} = {'results': [{'gender': 'male', 'name': {'title': 'Mr', 'first': 'Denis', 'last': 'Bohm'}, 'location': {'street': {'number': 8858, 'name': 'Lessingstraße'}, 'city': 'Germersheim', 'state': 'Schleswig-...</msg>
<var>${json_data}</var>
<arg>${response.json()}</arg>
<doc>Returns the given values which can then be assigned to a variables.</doc>
<status status="PASS" start="2024-08-01T02:38:40.290249" elapsed="0.000473"/>
</kw>
<kw name="Dictionary Should Contain Key" owner="Collections">
<arg>${json_data}</arg>
<arg>results</arg>
<doc>Fails if ``key`` is not found from ``dictionary``.</doc>
<status status="PASS" start="2024-08-01T02:38:40.291028" elapsed="0.000335"/>
</kw>
<status status="PASS" start="2024-08-01T02:38:40.196167" elapsed="0.095352"/>
</kw>
<doc>Testa se a API responde corretamente e retorna um objeto JSON válido.</doc>
<tag>testeRequisicaoBasica</tag>
<status status="PASS" start="2024-08-01T02:38:40.195585" elapsed="0.096113"/>
</test>
<test id="s1-s1-t3" name="Validar estrutura de resposta" line="22">
<kw name="Teste de Estrutura de Resposta" owner="random-user-service">
<kw name="GET On Session" owner="RequestsLibrary">
<msg time="2024-08-01T02:38:40.393744" level="INFO">GET Request : url=https://randomuser.me/api 
 path_url=/api 
 headers={'User-Agent': 'python-requests/2.32.3', 'Accept-Encoding': 'gzip, deflate', 'Accept': '*/*', 'Connection': 'keep-alive'} 
 body=None 
 </msg>
<msg time="2024-08-01T02:38:40.393862" level="INFO">GET Response : url=https://randomuser.me/api 
 status=200, reason=OK 
 headers={'Date': 'Thu, 01 Aug 2024 02:38:40 GMT', 'Content-Type': 'application/json; charset=utf-8', 'Transfer-Encoding': 'chunked', 'Connection': 'keep-alive', 'X-Powered-By': 'Express', 'Access-Control-Allow-Origin': '*', 'Cache-Control': 'no-cache', 'ETag': 'W/"491-H2Ox6YmBsVNU89iqHRKNEccHcJw"', 'Vary': 'Accept-Encoding', 'Content-Encoding': 'gzip', 'CF-Cache-Status': 'DYNAMIC', 'Report-To': '{"endpoints":[{"url":"https:\\/\\/a.nel.cloudflare.com\\/report\\/v4?s=jGOBEUQ4E7kiumpvc3kwtt9FDaorJeLebdF8WhnU5sOqCYPe22V3QgYUqoxRRErOFkc2tNOgVCLCp1nn7%2FoZMPzuFzfjANZk6hRexu2YREQDKqf5eV71gjPEuiQjZXda"}],"group":"cf-nel","max_age":604800}', 'NEL': '{"success_fraction":0,"report_to":"cf-nel","max_age":604800}', 'Server': 'cloudflare', 'CF-RAY': '8ac2740ddd0081db-IAD', 'alt-svc': 'h3=":443"; ma=86400'} 
 body={"results":[{"gender":"male","name":{"title":"Mr","first":"Jeremy","last":"Mitchell"},"location":{"street":{"number":2311,"name":"Duke St"},"city":"Souris","state":"Nunavut","country":"Canada","postcode":"M6C 4K2","coordinates":{"latitude":"-68.9543","longitude":"-132.6354"},"timezone":{"offset":"+11:00","description":"Magadan, Solomon Islands, New Caledonia"}},"email":"jeremy.mitchell@example.com","login":{"uuid":"7af36c98-41da-41cc-96e6-3b1814d9e06a","username":"tinygorilla315","password":"gorilla","salt":"se2QeUXJ","md5":"cf2af615b6c5b1f5113a345c4163fed2","sha1":"8358ff5f77dfae0f678238a925d77e293bc8ba67","sha256":"b2b14638eaeb8593be439d785980742fe450e6a4354eeb2a3b7172851dcf5f85"},"dob":{"date":"1985-11-16T23:07:47.008Z","age":38},"registered":{"date":"2003-12-23T07:24:20.639Z","age":20},"phone":"B28 P90-3643","cell":"U08 W54-0571","id":{"name":"SIN","value":"296741796"},"picture":{"large":"https://randomuser.me/api/portraits/men/50.jpg","medium":"https://randomuser.me/api/portraits/med/men/50.jpg","thumbnail":"https://randomuser.me/api/portraits/thumb/men/50.jpg"},"nat":"CA"}],"info":{"seed":"f55d339ee4d73ffc","results":1,"page":1,"version":"1.4"}} 
 </msg>
<msg time="2024-08-01T02:38:40.394017" level="INFO">/opt/hostedtoolcache/Python/3.12.4/x64/lib/python3.12/site-packages/urllib3/connectionpool.py:1099: InsecureRequestWarning: Unverified HTTPS request is being made to host 'randomuser.me'. Adding certificate verification is strongly advised. See: https://urllib3.readthedocs.io/en/latest/advanced-usage.html#tls-warnings
  warnings.warn(</msg>
<msg time="2024-08-01T02:38:40.394179" level="INFO">${response} = &lt;Response [200]&gt;</msg>
<var>${response}</var>
<arg>consultarAPI</arg>
<arg>/api</arg>
<doc>Sends a GET request on a previously created HTTP Session.</doc>
<status status="PASS" start="2024-08-01T02:38:40.294483" elapsed="0.099740"/>
</kw>
<kw name="Set Variable" owner="BuiltIn">
<msg time="2024-08-01T02:38:40.395399" level="INFO">${json_data} = {'results': [{'gender': 'male', 'name': {'title': 'Mr', 'first': 'Jeremy', 'last': 'Mitchell'}, 'location': {'street': {'number': 2311, 'name': 'Duke St'}, 'city': 'Souris', 'state': 'Nunavut', 'count...</msg>
<var>${json_data}</var>
<arg>${response.json()}</arg>
<doc>Returns the given values which can then be assigned to a variables.</doc>
<status status="PASS" start="2024-08-01T02:38:40.394823" elapsed="0.000605"/>
</kw>
<kw name="Log" owner="BuiltIn">
<msg time="2024-08-01T02:38:40.395907" level="INFO">{'results': [{'gender': 'male', 'name': {'title': 'Mr', 'first': 'Jeremy', 'last': 'Mitchell'}, 'location': {'street': {'number': 2311, 'name': 'Duke St'}, 'city': 'Souris', 'state': 'Nunavut', 'country': 'Canada', 'postcode': 'M6C 4K2', 'coordinates': {'latitude': '-68.9543', 'longitude': '-132.6354'}, 'timezone': {'offset': '+11:00', 'description': 'Magadan, Solomon Islands, New Caledonia'}}, 'email': 'jeremy.mitchell@example.com', 'login': {'uuid': '7af36c98-41da-41cc-96e6-3b1814d9e06a', 'username': 'tinygorilla315', 'password': 'gorilla', 'salt': 'se2QeUXJ', 'md5': 'cf2af615b6c5b1f5113a345c4163fed2', 'sha1': '8358ff5f77dfae0f678238a925d77e293bc8ba67', 'sha256': 'b2b14638eaeb8593be439d785980742fe450e6a4354eeb2a3b7172851dcf5f85'}, 'dob': {'date': '1985-11-16T23:07:47.008Z', 'age': 38}, 'registered': {'date': '2003-12-23T07:24:20.639Z', 'age': 20}, 'phone': 'B28 P90-3643', 'cell': 'U08 W54-0571', 'id': {'name': 'SIN', 'value': '296741796'}, 'picture': {'large': 'https://randomuser.me/api/portraits/men/50.jpg', 'medium': 'https://randomuser.me/api/portraits/med/men/50.jpg', 'thumbnail': 'https://randomuser.me/api/portraits/thumb/men/50.jpg'}, 'nat': 'CA'}], 'info': {'seed': 'f55d339ee4d73ffc', 'results': 1, 'page': 1, 'version': '1.4'}}</msg>
<arg>${json_data}</arg>
<doc>Logs the given message with the given level.</doc>
<status status="PASS" start="2024-08-01T02:38:40.395740" elapsed="0.000216"/>
</kw>
<kw name="Dictionary Should Contain Key" owner="Collections">
<arg>${json_data}</arg>
<arg>results</arg>
<doc>Fails if ``key`` is not found from ``dictionary``.</doc>
<status status="PASS" start="2024-08-01T02:38:40.396249" elapsed="0.000164"/>
</kw>
<kw name="Should Not Be Empty" owner="BuiltIn">
<msg time="2024-08-01T02:38:40.396725" level="INFO">Length is 2.</msg>
<arg>${json_data}</arg>
<doc>Verifies that the given item is not empty.</doc>
<status status="PASS" start="2024-08-01T02:38:40.396597" elapsed="0.000173"/>
</kw>
<kw name="Create List" owner="BuiltIn">
<msg time="2024-08-01T02:38:40.397213" level="INFO">${expected_keys} = ['gender', 'name', 'location', 'email', 'login']</msg>
<var>${expected_keys}</var>
<arg>gender</arg>
<arg>name</arg>
<arg>location</arg>
<arg>email</arg>
<arg>login</arg>
<doc>Returns a list containing given items.</doc>
<status status="PASS" start="2024-08-01T02:38:40.397061" elapsed="0.000176"/>
</kw>
<for flavor="IN">
<iter>
<kw name="Dictionary Should Contain Key" owner="Collections">
<arg>${json_data['results'][0]}</arg>
<arg>${key}</arg>
<doc>Fails if ``key`` is not found from ``dictionary``.</doc>
<status status="PASS" start="2024-08-01T02:38:40.397875" elapsed="0.000412"/>
</kw>
<kw name="Log" owner="BuiltIn">
<msg time="2024-08-01T02:38:40.398838" level="INFO">{'gender': 'male', 'name': {'title': 'Mr', 'first': 'Jeremy', 'last': 'Mitchell'}, 'location': {'street': {'number': 2311, 'name': 'Duke St'}, 'city': 'Souris', 'state': 'Nunavut', 'country': 'Canada', 'postcode': 'M6C 4K2', 'coordinates': {'latitude': '-68.9543', 'longitude': '-132.6354'}, 'timezone': {'offset': '+11:00', 'description': 'Magadan, Solomon Islands, New Caledonia'}}, 'email': 'jeremy.mitchell@example.com', 'login': {'uuid': '7af36c98-41da-41cc-96e6-3b1814d9e06a', 'username': 'tinygorilla315', 'password': 'gorilla', 'salt': 'se2QeUXJ', 'md5': 'cf2af615b6c5b1f5113a345c4163fed2', 'sha1': '8358ff5f77dfae0f678238a925d77e293bc8ba67', 'sha256': 'b2b14638eaeb8593be439d785980742fe450e6a4354eeb2a3b7172851dcf5f85'}, 'dob': {'date': '1985-11-16T23:07:47.008Z', 'age': 38}, 'registered': {'date': '2003-12-23T07:24:20.639Z', 'age': 20}, 'phone': 'B28 P90-3643', 'cell': 'U08 W54-0571', 'id': {'name': 'SIN', 'value': '296741796'}, 'picture': {'large': 'https://randomuser.me/api/portraits/men/50.jpg', 'medium': 'https://randomuser.me/api/portraits/med/men/50.jpg', 'thumbnail': 'https://randomuser.me/api/portraits/thumb/men/50.jpg'}, 'nat': 'CA'}</msg>
<arg>${json_data['results'][0]}</arg>
<doc>Logs the given message with the given level.</doc>
<status status="PASS" start="2024-08-01T02:38:40.398476" elapsed="0.000413"/>
</kw>
<kw name="Log" owner="BuiltIn">
<msg time="2024-08-01T02:38:40.399322" level="INFO">gender</msg>
<arg>${key}</arg>
<doc>Logs the given message with the given level.</doc>
<status status="PASS" start="2024-08-01T02:38:40.399192" elapsed="0.000169"/>
</kw>
<var name="${key}">gender</var>
<status status="PASS" start="2024-08-01T02:38:40.397730" elapsed="0.001846"/>
</iter>
<iter>
<kw name="Dictionary Should Contain Key" owner="Collections">
<arg>${json_data['results'][0]}</arg>
<arg>${key}</arg>
<doc>Fails if ``key`` is not found from ``dictionary``.</doc>
<status status="PASS" start="2024-08-01T02:38:40.399879" elapsed="0.000381"/>
</kw>
<kw name="Log" owner="BuiltIn">
<msg time="2024-08-01T02:38:40.400801" level="INFO">{'gender': 'male', 'name': {'title': 'Mr', 'first': 'Jeremy', 'last': 'Mitchell'}, 'location': {'street': {'number': 2311, 'name': 'Duke St'}, 'city': 'Souris', 'state': 'Nunavut', 'country': 'Canada', 'postcode': 'M6C 4K2', 'coordinates': {'latitude': '-68.9543', 'longitude': '-132.6354'}, 'timezone': {'offset': '+11:00', 'description': 'Magadan, Solomon Islands, New Caledonia'}}, 'email': 'jeremy.mitchell@example.com', 'login': {'uuid': '7af36c98-41da-41cc-96e6-3b1814d9e06a', 'username': 'tinygorilla315', 'password': 'gorilla', 'salt': 'se2QeUXJ', 'md5': 'cf2af615b6c5b1f5113a345c4163fed2', 'sha1': '8358ff5f77dfae0f678238a925d77e293bc8ba67', 'sha256': 'b2b14638eaeb8593be439d785980742fe450e6a4354eeb2a3b7172851dcf5f85'}, 'dob': {'date': '1985-11-16T23:07:47.008Z', 'age': 38}, 'registered': {'date': '2003-12-23T07:24:20.639Z', 'age': 20}, 'phone': 'B28 P90-3643', 'cell': 'U08 W54-0571', 'id': {'name': 'SIN', 'value': '296741796'}, 'picture': {'large': 'https://randomuser.me/api/portraits/men/50.jpg', 'medium': 'https://randomuser.me/api/portraits/med/men/50.jpg', 'thumbnail': 'https://randomuser.me/api/portraits/thumb/men/50.jpg'}, 'nat': 'CA'}</msg>
<arg>${json_data['results'][0]}</arg>
<doc>Logs the given message with the given level.</doc>
<status status="PASS" start="2024-08-01T02:38:40.400443" elapsed="0.000439"/>
</kw>
<kw name="Log" owner="BuiltIn">
<msg time="2024-08-01T02:38:40.401307" level="INFO">name</msg>
<arg>${key}</arg>
<doc>Logs the given message with the given level.</doc>
<status status="PASS" start="2024-08-01T02:38:40.401180" elapsed="0.000165"/>
</kw>
<var name="${key}">name</var>
<status status="PASS" start="2024-08-01T02:38:40.399765" elapsed="0.001802"/>
</iter>
<iter>
<kw name="Dictionary Should Contain Key" owner="Collections">
<arg>${json_data['results'][0]}</arg>
<arg>${key}</arg>
<doc>Fails if ``key`` is not found from ``dictionary``.</doc>
<status status="PASS" start="2024-08-01T02:38:40.401898" elapsed="0.000386"/>
</kw>
<kw name="Log" owner="BuiltIn">
<msg time="2024-08-01T02:38:40.402819" level="INFO">{'gender': 'male', 'name': {'title': 'Mr', 'first': 'Jeremy', 'last': 'Mitchell'}, 'location': {'street': {'number': 2311, 'name': 'Duke St'}, 'city': 'Souris', 'state': 'Nunavut', 'country': 'Canada', 'postcode': 'M6C 4K2', 'coordinates': {'latitude': '-68.9543', 'longitude': '-132.6354'}, 'timezone': {'offset': '+11:00', 'description': 'Magadan, Solomon Islands, New Caledonia'}}, 'email': 'jeremy.mitchell@example.com', 'login': {'uuid': '7af36c98-41da-41cc-96e6-3b1814d9e06a', 'username': 'tinygorilla315', 'password': 'gorilla', 'salt': 'se2QeUXJ', 'md5': 'cf2af615b6c5b1f5113a345c4163fed2', 'sha1': '8358ff5f77dfae0f678238a925d77e293bc8ba67', 'sha256': 'b2b14638eaeb8593be439d785980742fe450e6a4354eeb2a3b7172851dcf5f85'}, 'dob': {'date': '1985-11-16T23:07:47.008Z', 'age': 38}, 'registered': {'date': '2003-12-23T07:24:20.639Z', 'age': 20}, 'phone': 'B28 P90-3643', 'cell': 'U08 W54-0571', 'id': {'name': 'SIN', 'value': '296741796'}, 'picture': {'large': 'https://randomuser.me/api/portraits/men/50.jpg', 'medium': 'https://randomuser.me/api/portraits/med/men/50.jpg', 'thumbnail': 'https://randomuser.me/api/portraits/thumb/men/50.jpg'}, 'nat': 'CA'}</msg>
<arg>${json_data['results'][0]}</arg>
<doc>Logs the given message with the given level.</doc>
<status status="PASS" start="2024-08-01T02:38:40.402472" elapsed="0.000394"/>
</kw>
<kw name="Log" owner="BuiltIn">
<msg time="2024-08-01T02:38:40.403291" level="INFO">location</msg>
<arg>${key}</arg>
<doc>Logs the given message with the given level.</doc>
<status status="PASS" start="2024-08-01T02:38:40.403162" elapsed="0.000167"/>
</kw>
<var name="${key}">location</var>
<status status="PASS" start="2024-08-01T02:38:40.401787" elapsed="0.001757"/>
</iter>
<iter>
<kw name="Dictionary Should Contain Key" owner="Collections">
<arg>${json_data['results'][0]}</arg>
<arg>${key}</arg>
<doc>Fails if ``key`` is not found from ``dictionary``.</doc>
<status status="PASS" start="2024-08-01T02:38:40.403826" elapsed="0.000383"/>
</kw>
<kw name="Log" owner="BuiltIn">
<msg time="2024-08-01T02:38:40.404871" level="INFO">{'gender': 'male', 'name': {'title': 'Mr', 'first': 'Jeremy', 'last': 'Mitchell'}, 'location': {'street': {'number': 2311, 'name': 'Duke St'}, 'city': 'Souris', 'state': 'Nunavut', 'country': 'Canada', 'postcode': 'M6C 4K2', 'coordinates': {'latitude': '-68.9543', 'longitude': '-132.6354'}, 'timezone': {'offset': '+11:00', 'description': 'Magadan, Solomon Islands, New Caledonia'}}, 'email': 'jeremy.mitchell@example.com', 'login': {'uuid': '7af36c98-41da-41cc-96e6-3b1814d9e06a', 'username': 'tinygorilla315', 'password': 'gorilla', 'salt': 'se2QeUXJ', 'md5': 'cf2af615b6c5b1f5113a345c4163fed2', 'sha1': '8358ff5f77dfae0f678238a925d77e293bc8ba67', 'sha256': 'b2b14638eaeb8593be439d785980742fe450e6a4354eeb2a3b7172851dcf5f85'}, 'dob': {'date': '1985-11-16T23:07:47.008Z', 'age': 38}, 'registered': {'date': '2003-12-23T07:24:20.639Z', 'age': 20}, 'phone': 'B28 P90-3643', 'cell': 'U08 W54-0571', 'id': {'name': 'SIN', 'value': '296741796'}, 'picture': {'large': 'https://randomuser.me/api/portraits/men/50.jpg', 'medium': 'https://randomuser.me/api/portraits/med/men/50.jpg', 'thumbnail': 'https://randomuser.me/api/portraits/thumb/men/50.jpg'}, 'nat': 'CA'}</msg>
<arg>${json_data['results'][0]}</arg>
<doc>Logs the given message with the given level.</doc>
<status status="PASS" start="2024-08-01T02:38:40.404520" elapsed="0.000398"/>
</kw>
<kw name="Log" owner="BuiltIn">
<msg time="2024-08-01T02:38:40.405345" level="INFO">email</msg>
<arg>${key}</arg>
<doc>Logs the given message with the given level.</doc>
<status status="PASS" start="2024-08-01T02:38:40.405215" elapsed="0.000169"/>
</kw>
<var name="${key}">email</var>
<status status="PASS" start="2024-08-01T02:38:40.403718" elapsed="0.001883"/>
</iter>
<iter>
<kw name="Dictionary Should Contain Key" owner="Collections">
<arg>${json_data['results'][0]}</arg>
<arg>${key}</arg>
<doc>Fails if ``key`` is not found from ``dictionary``.</doc>
<status status="PASS" start="2024-08-01T02:38:40.405932" elapsed="0.000376"/>
</kw>
<kw name="Log" owner="BuiltIn">
<msg time="2024-08-01T02:38:40.406837" level="INFO">{'gender': 'male', 'name': {'title': 'Mr', 'first': 'Jeremy', 'last': 'Mitchell'}, 'location': {'street': {'number': 2311, 'name': 'Duke St'}, 'city': 'Souris', 'state': 'Nunavut', 'country': 'Canada', 'postcode': 'M6C 4K2', 'coordinates': {'latitude': '-68.9543', 'longitude': '-132.6354'}, 'timezone': {'offset': '+11:00', 'description': 'Magadan, Solomon Islands, New Caledonia'}}, 'email': 'jeremy.mitchell@example.com', 'login': {'uuid': '7af36c98-41da-41cc-96e6-3b1814d9e06a', 'username': 'tinygorilla315', 'password': 'gorilla', 'salt': 'se2QeUXJ', 'md5': 'cf2af615b6c5b1f5113a345c4163fed2', 'sha1': '8358ff5f77dfae0f678238a925d77e293bc8ba67', 'sha256': 'b2b14638eaeb8593be439d785980742fe450e6a4354eeb2a3b7172851dcf5f85'}, 'dob': {'date': '1985-11-16T23:07:47.008Z', 'age': 38}, 'registered': {'date': '2003-12-23T07:24:20.639Z', 'age': 20}, 'phone': 'B28 P90-3643', 'cell': 'U08 W54-0571', 'id': {'name': 'SIN', 'value': '296741796'}, 'picture': {'large': 'https://randomuser.me/api/portraits/men/50.jpg', 'medium': 'https://randomuser.me/api/portraits/med/men/50.jpg', 'thumbnail': 'https://randomuser.me/api/portraits/thumb/men/50.jpg'}, 'nat': 'CA'}</msg>
<arg>${json_data['results'][0]}</arg>
<doc>Logs the given message with the given level.</doc>
<status status="PASS" start="2024-08-01T02:38:40.406489" elapsed="0.000394"/>
</kw>
<kw name="Log" owner="BuiltIn">
<msg time="2024-08-01T02:38:40.407300" level="INFO">login</msg>
<arg>${key}</arg>
<doc>Logs the given message with the given level.</doc>
<status status="PASS" start="2024-08-01T02:38:40.407173" elapsed="0.000163"/>
</kw>
<var name="${key}">login</var>
<status status="PASS" start="2024-08-01T02:38:40.405821" elapsed="0.001724"/>
</iter>
<var>${key}</var>
<value>@{expected_keys}</value>
<status status="PASS" start="2024-08-01T02:38:40.397498" elapsed="0.010168"/>
</for>
<kw name="Create List" owner="BuiltIn">
<msg time="2024-08-01T02:38:40.407989" level="INFO">${expected_keysTwo} = ['username', 'password']</msg>
<var>${expected_keysTwo}</var>
<arg>username</arg>
<arg>password</arg>
<doc>Returns a list containing given items.</doc>
<status status="PASS" start="2024-08-01T02:38:40.407851" elapsed="0.000189"/>
</kw>
<for flavor="IN">
<iter>
<kw name="Dictionary Should Contain Key" owner="Collections">
<arg>${json_data['results'][0]['login']}</arg>
<arg>${keyTwo}</arg>
<doc>Fails if ``key`` is not found from ``dictionary``.</doc>
<status status="PASS" start="2024-08-01T02:38:40.408543" elapsed="0.000393"/>
</kw>
<kw name="Dictionary Should Contain Key" owner="Collections">
<arg>${json_data['results'][0]['login']}</arg>
<arg>${keyTwo}</arg>
<doc>Fails if ``key`` is not found from ``dictionary``.</doc>
<status status="PASS" start="2024-08-01T02:38:40.409117" elapsed="0.000371"/>
</kw>
<kw name="Log" owner="BuiltIn">
<msg time="2024-08-01T02:38:40.409823" level="INFO">username</msg>
<arg>${keyTwo}</arg>
<doc>Logs the given message with the given level.</doc>
<status status="PASS" start="2024-08-01T02:38:40.409693" elapsed="0.000168"/>
</kw>
<var name="${keyTwo}">username</var>
<status status="PASS" start="2024-08-01T02:38:40.408433" elapsed="0.001648"/>
</iter>
<iter>
<kw name="Dictionary Should Contain Key" owner="Collections">
<arg>${json_data['results'][0]['login']}</arg>
<arg>${keyTwo}</arg>
<doc>Fails if ``key`` is not found from ``dictionary``.</doc>
<status status="PASS" start="2024-08-01T02:38:40.410369" elapsed="0.000384"/>
</kw>
<kw name="Dictionary Should Contain Key" owner="Collections">
<arg>${json_data['results'][0]['login']}</arg>
<arg>${keyTwo}</arg>
<doc>Fails if ``key`` is not found from ``dictionary``.</doc>
<status status="PASS" start="2024-08-01T02:38:40.410934" elapsed="0.000373"/>
</kw>
<kw name="Log" owner="BuiltIn">
<msg time="2024-08-01T02:38:40.411611" level="INFO">password</msg>
<arg>${keyTwo}</arg>
<doc>Logs the given message with the given level.</doc>
<status status="PASS" start="2024-08-01T02:38:40.411484" elapsed="0.000165"/>
</kw>
<var name="${keyTwo}">password</var>
<status status="PASS" start="2024-08-01T02:38:40.410255" elapsed="0.001613"/>
</iter>
<var>${keyTwo}</var>
<value>@{expected_keysTwo}</value>
<status status="PASS" start="2024-08-01T02:38:40.408283" elapsed="0.003707"/>
</for>
<status status="PASS" start="2024-08-01T02:38:40.294235" elapsed="0.117899"/>
</kw>
<doc>Testa a estrutura da resposta da API.</doc>
<tag>testeEstruturaResposta</tag>
<status status="PASS" start="2024-08-01T02:38:40.293583" elapsed="0.118711"/>
</test>
<test id="s1-s1-t4" name="Validar tipos de dados" line="28">
<kw name="Teste de Tipos de Dados" owner="random-user-service">
<kw name="GET On Session" owner="RequestsLibrary">
<msg time="2024-08-01T02:38:40.483880" level="INFO">GET Request : url=https://randomuser.me/api 
 path_url=/api 
 headers={'User-Agent': 'python-requests/2.32.3', 'Accept-Encoding': 'gzip, deflate', 'Accept': '*/*', 'Connection': 'keep-alive'} 
 body=None 
 </msg>
<msg time="2024-08-01T02:38:40.483968" level="INFO">GET Response : url=https://randomuser.me/api 
 status=200, reason=OK 
 headers={'Date': 'Thu, 01 Aug 2024 02:38:40 GMT', 'Content-Type': 'application/json; charset=utf-8', 'Transfer-Encoding': 'chunked', 'Connection': 'keep-alive', 'X-Powered-By': 'Express', 'Access-Control-Allow-Origin': '*', 'Cache-Control': 'no-cache', 'ETag': 'W/"49c-qbdvazZUe5jtNcVzp5QljhKB8pM"', 'Vary': 'Accept-Encoding', 'Content-Encoding': 'gzip', 'CF-Cache-Status': 'DYNAMIC', 'Report-To': '{"endpoints":[{"url":"https:\\/\\/a.nel.cloudflare.com\\/report\\/v4?s=ZXZbTRYGnj34tpWost0HVuScGoiZIC5qWu5m4q3UC9U%2BXXgRWT5Sdz%2FtJR%2BA1M2JGYe23IsTsRwUw037uS7WGzb1wF3ZfLn0bO19bJxeOhLIfWqKCCJMBy4u6Rn%2Bnh%2Fn"}],"group":"cf-nel","max_age":604800}', 'NEL': '{"success_fraction":0,"report_to":"cf-nel","max_age":604800}', 'Server': 'cloudflare', 'CF-RAY': '8ac2740e9db081db-IAD', 'alt-svc': 'h3=":443"; ma=86400'} 
 body={"results":[{"gender":"female","name":{"title":"Mrs","first":"Milla","last":"Hiltunen"},"location":{"street":{"number":5884,"name":"Siilitie"},"city":"Rautjärvi","state":"South Karelia","country":"Finland","postcode":14383,"coordinates":{"latitude":"-23.6436","longitude":"135.6723"},"timezone":{"offset":"+4:00","description":"Abu Dhabi, Muscat, Baku, Tbilisi"}},"email":"milla.hiltunen@example.com","login":{"uuid":"92999cbb-06a7-4eae-a25b-f5a2af327de2","username":"sadwolf423","password":"fingerig","salt":"zMC3N5Ok","md5":"62a5605bc97288ce62fac2ffb3d7805c","sha1":"9c859646c08408c361e2c668dc6bbd6fede3f1a3","sha256":"d427510e9825e3e140e23fb704d1c751b208173a62f1f43c1e4f9f68d9aa2ac4"},"dob":{"date":"1982-01-07T05:02:31.568Z","age":42},"registered":{"date":"2005-09-07T21:40:51.687Z","age":18},"phone":"09-214-891","cell":"046-067-66-89","id":{"name":"HETU","value":"NaNNA638undefined"},"picture":{"large":"https://randomuser.me/api/portraits/women/63.jpg","medium":"https://randomuser.me/api/portraits/med/women/63.jpg","thumbnail":"https://randomuser.me/api/portraits/thumb/women/63.jpg"},"nat":"FI"}],"info":{"seed":"74f1e220e3eb61a7","results":1,"page":1,"version":"1.4"}} 
 </msg>
<msg time="2024-08-01T02:38:40.484043" level="INFO">/opt/hostedtoolcache/Python/3.12.4/x64/lib/python3.12/site-packages/urllib3/connectionpool.py:1099: InsecureRequestWarning: Unverified HTTPS request is being made to host 'randomuser.me'. Adding certificate verification is strongly advised. See: https://urllib3.readthedocs.io/en/latest/advanced-usage.html#tls-warnings
  warnings.warn(</msg>
<msg time="2024-08-01T02:38:40.484173" level="INFO">${response} = &lt;Response [200]&gt;</msg>
<var>${response}</var>
<arg>consultarAPI</arg>
<arg>/api</arg>
<doc>Sends a GET request on a previously created HTTP Session.</doc>
<status status="PASS" start="2024-08-01T02:38:40.414936" elapsed="0.069286"/>
</kw>
<kw name="Set Variable" owner="BuiltIn">
<msg time="2024-08-01T02:38:40.485300" level="INFO">${json_data} = {'results': [{'gender': 'female', 'name': {'title': 'Mrs', 'first': 'Milla', 'last': 'Hiltunen'}, 'location': {'street': {'number': 5884, 'name': 'Siilitie'}, 'city': 'Rautjärvi', 'state': 'South Kare...</msg>
<var>${json_data}</var>
<arg>${response.json()}</arg>
<doc>Returns the given values which can then be assigned to a variables.</doc>
<status status="PASS" start="2024-08-01T02:38:40.484736" elapsed="0.000593"/>
</kw>
<kw name="Log" owner="BuiltIn">
<msg time="2024-08-01T02:38:40.485841" level="INFO">{'results': [{'gender': 'female', 'name': {'title': 'Mrs', 'first': 'Milla', 'last': 'Hiltunen'}, 'location': {'street': {'number': 5884, 'name': 'Siilitie'}, 'city': 'Rautjärvi', 'state': 'South Karelia', 'country': 'Finland', 'postcode': 14383, 'coordinates': {'latitude': '-23.6436', 'longitude': '135.6723'}, 'timezone': {'offset': '+4:00', 'description': 'Abu Dhabi, Muscat, Baku, Tbilisi'}}, 'email': 'milla.hiltunen@example.com', 'login': {'uuid': '92999cbb-06a7-4eae-a25b-f5a2af327de2', 'username': 'sadwolf423', 'password': 'fingerig', 'salt': 'zMC3N5Ok', 'md5': '62a5605bc97288ce62fac2ffb3d7805c', 'sha1': '9c859646c08408c361e2c668dc6bbd6fede3f1a3', 'sha256': 'd427510e9825e3e140e23fb704d1c751b208173a62f1f43c1e4f9f68d9aa2ac4'}, 'dob': {'date': '1982-01-07T05:02:31.568Z', 'age': 42}, 'registered': {'date': '2005-09-07T21:40:51.687Z', 'age': 18}, 'phone': '09-214-891', 'cell': '046-067-66-89', 'id': {'name': 'HETU', 'value': 'NaNNA638undefined'}, 'picture': {'large': 'https://randomuser.me/api/portraits/women/63.jpg', 'medium': 'https://randomuser.me/api/portraits/med/women/63.jpg', 'thumbnail': 'https://randomuser.me/api/portraits/thumb/women/63.jpg'}, 'nat': 'FI'}], 'info': {'seed': '74f1e220e3eb61a7', 'results': 1, 'page': 1, 'version': '1.4'}}</msg>
<arg>${json_data}</arg>
<doc>Logs the given message with the given level.</doc>
<status status="PASS" start="2024-08-01T02:38:40.485676" elapsed="0.000214"/>
</kw>
<kw name="Should Be String" owner="String">
<arg>${json_data['results'][0]['gender']}</arg>
<doc>Fails if the given ``item`` is not a string.</doc>
<status status="PASS" start="2024-08-01T02:38:40.486191" elapsed="0.000374"/>
</kw>
<kw name="Should Match Regexp" owner="BuiltIn">
<arg>${json_data['results'][0]['email']}</arg>
<arg>^[a-zA-Z0-9._%+-]+@[a-zA-Z0-9.-]+\.[a-zA-Z]{2,}$</arg>
<doc>Fails if ``string`` does not match ``pattern`` as a regular expression.</doc>
<status status="PASS" start="2024-08-01T02:38:40.486756" elapsed="0.000555"/>
</kw>
<kw name="Should Match Regexp" owner="BuiltIn">
<arg>${json_data['results'][0]['dob']['date']}</arg>
<arg>\\d{4}-\\d{2}-\\d{2}T\\d{2}:\\d{2}:\\d{2}\\.\\d{3}Z</arg>
<doc>Fails if ``string`` does not match ``pattern`` as a regular expression.</doc>
<status status="PASS" start="2024-08-01T02:38:40.487509" elapsed="0.000614"/>
</kw>
<kw name="Should Match Regexp" owner="BuiltIn">
<arg>${json_data['results'][0]['registered']['date']}</arg>
<arg>\\d{4}-\\d{2}-\\d{2}T\\d{2}:\\d{2}:\\d{2}\\.\\d{3}Z</arg>
<doc>Fails if ``string`` does not match ``pattern`` as a regular expression.</doc>
<status status="PASS" start="2024-08-01T02:38:40.488319" elapsed="0.000372"/>
</kw>
<kw name="Should Match Regexp" owner="BuiltIn">
<arg>${json_data['results'][0]['picture']['large']}</arg>
<arg>^https?://.*\.(?:png|jpe?g|gif|bmp)$</arg>
<doc>Fails if ``string`` does not match ``pattern`` as a regular expression.</doc>
<status status="PASS" start="2024-08-01T02:38:40.488878" elapsed="0.000457"/>
</kw>
<kw name="Should Match Regexp" owner="BuiltIn">
<arg>${json_data['results'][0]['picture']['medium']}</arg>
<arg>^https?://.*\.(?:png|jpe?g|gif|bmp)$</arg>
<doc>Fails if ``string`` does not match ``pattern`` as a regular expression.</doc>
<status status="PASS" start="2024-08-01T02:38:40.489521" elapsed="0.000386"/>
</kw>
<kw name="Should Match Regexp" owner="BuiltIn">
<arg>${json_data['results'][0]['picture']['thumbnail']}</arg>
<arg>^https?://.*\.(?:png|jpe?g|gif|bmp)$</arg>
<doc>Fails if ``string`` does not match ``pattern`` as a regular expression.</doc>
<status status="PASS" start="2024-08-01T02:38:40.490094" elapsed="0.000346"/>
</kw>
<kw name="Log" owner="BuiltIn">
<msg time="2024-08-01T02:38:40.490943" level="INFO">{'large': 'https://randomuser.me/api/portraits/women/63.jpg', 'medium': 'https://randomuser.me/api/portraits/med/women/63.jpg', 'thumbnail': 'https://randomuser.me/api/portraits/thumb/women/63.jpg'}</msg>
<arg>${json_data['results'][0]['picture']}</arg>
<doc>Logs the given message with the given level.</doc>
<status status="PASS" start="2024-08-01T02:38:40.490620" elapsed="0.000366"/>
</kw>
<status status="PASS" start="2024-08-01T02:38:40.414705" elapsed="0.076537"/>
</kw>
<kw name="Teste de Tipos de Dados - Postcode" owner="random-user-service">
<kw name="GET On Session" owner="RequestsLibrary">
<msg time="2024-08-01T02:38:40.590050" level="INFO">GET Request : url=https://randomuser.me/api 
 path_url=/api 
 headers={'User-Agent': 'python-requests/2.32.3', 'Accept-Encoding': 'gzip, deflate', 'Accept': '*/*', 'Connection': 'keep-alive'} 
 body=None 
 </msg>
<msg time="2024-08-01T02:38:40.590113" level="INFO">GET Response : url=https://randomuser.me/api 
 status=200, reason=OK 
 headers={'Date': 'Thu, 01 Aug 2024 02:38:40 GMT', 'Content-Type': 'application/json; charset=utf-8', 'Transfer-Encoding': 'chunked', 'Connection': 'keep-alive', 'X-Powered-By': 'Express', 'Access-Control-Allow-Origin': '*', 'Cache-Control': 'no-cache', 'ETag': 'W/"48f-odPnbAWCFdDWWoqbC8vpwlD55sA"', 'Vary': 'Accept-Encoding', 'Content-Encoding': 'gzip', 'CF-Cache-Status': 'DYNAMIC', 'Report-To': '{"endpoints":[{"url":"https:\\/\\/a.nel.cloudflare.com\\/report\\/v4?s=VcPVp9obKy7N0dAueFV%2FOZohV39iNpYxlvLz6ZhnPNnS8vgRyAHU2MWLgiUAfemdy%2Fu%2By7wBwr2AVw%2BRXfaO%2FmAloF5H%2F1P1JGJtjiClOLlYzLzHLIdh0lR8%2FgiBBU3z"}],"group":"cf-nel","max_age":604800}', 'NEL': '{"success_fraction":0,"report_to":"cf-nel","max_age":604800}', 'Server': 'cloudflare', 'CF-RAY': '8ac2740f1e3881db-IAD', 'alt-svc': 'h3=":443"; ma=86400'} 
 body={"results":[{"gender":"male","name":{"title":"Monsieur","first":"Joseph","last":"Adam"},"location":{"street":{"number":5545,"name":"Rue de L'Abbé-Gillet"},"city":"Brütten","state":"Schaffhausen","country":"Switzerland","postcode":2877,"coordinates":{"latitude":"-63.8027","longitude":"-107.8809"},"timezone":{"offset":"-3:30","description":"Newfoundland"}},"email":"joseph.adam@example.com","login":{"uuid":"80488298-6e88-4c81-8c42-933f39e64103","username":"browndog609","password":"saturday","salt":"y5HHWHfU","md5":"b9b0d015671e1bfd60e485948c2ee114","sha1":"8e7a90e9004c7db4e90507b6f6e7f5f779f1c2d5","sha256":"ab6042b0fa3999cbd43ec9a4715dafa835d16cc90570922c8b7135e7d3cb8cd8"},"dob":{"date":"1956-06-10T16:14:14.323Z","age":68},"registered":{"date":"2006-08-10T12:38:06.212Z","age":17},"phone":"077 843 10 23","cell":"077 041 32 75","id":{"name":"AVS","value":"756.0400.9567.73"},"picture":{"large":"https://randomuser.me/api/portraits/men/99.jpg","medium":"https://randomuser.me/api/portraits/med/men/99.jpg","thumbnail":"https://randomuser.me/api/portraits/thumb/men/99.jpg"},"nat":"CH"}],"info":{"seed":"3a9d46e274a5cf9d","results":1,"page":1,"version":"1.4"}} 
 </msg>
<msg time="2024-08-01T02:38:40.590178" level="INFO">/opt/hostedtoolcache/Python/3.12.4/x64/lib/python3.12/site-packages/urllib3/connectionpool.py:1099: InsecureRequestWarning: Unverified HTTPS request is being made to host 'randomuser.me'. Adding certificate verification is strongly advised. See: https://urllib3.readthedocs.io/en/latest/advanced-usage.html#tls-warnings
  warnings.warn(</msg>
<msg time="2024-08-01T02:38:40.590266" level="INFO">${response} = &lt;Response [200]&gt;</msg>
<var>${response}</var>
<arg>consultarAPI</arg>
<arg>/api</arg>
<doc>Sends a GET request on a previously created HTTP Session.</doc>
<status status="PASS" start="2024-08-01T02:38:40.491687" elapsed="0.098620"/>
</kw>
<kw name="Set Variable" owner="BuiltIn">
<msg time="2024-08-01T02:38:40.591318" level="INFO">${json_data} = {'results': [{'gender': 'male', 'name': {'title': 'Monsieur', 'first': 'Joseph', 'last': 'Adam'}, 'location': {'street': {'number': 5545, 'name': "Rue de L'Abbé-Gillet"}, 'city': 'Brütten', 'state': '...</msg>
<var>${json_data}</var>
<arg>${response.json()}</arg>
<doc>Returns the given values which can then be assigned to a variables.</doc>
<status status="PASS" start="2024-08-01T02:38:40.590756" elapsed="0.000592"/>
</kw>
<kw name="Log" owner="BuiltIn">
<msg time="2024-08-01T02:38:40.591809" level="INFO">{'results': [{'gender': 'male', 'name': {'title': 'Monsieur', 'first': 'Joseph', 'last': 'Adam'}, 'location': {'street': {'number': 5545, 'name': "Rue de L'Abbé-Gillet"}, 'city': 'Brütten', 'state': 'Schaffhausen', 'country': 'Switzerland', 'postcode': 2877, 'coordinates': {'latitude': '-63.8027', 'longitude': '-107.8809'}, 'timezone': {'offset': '-3:30', 'description': 'Newfoundland'}}, 'email': 'joseph.adam@example.com', 'login': {'uuid': '80488298-6e88-4c81-8c42-933f39e64103', 'username': 'browndog609', 'password': 'saturday', 'salt': 'y5HHWHfU', 'md5': 'b9b0d015671e1bfd60e485948c2ee114', 'sha1': '8e7a90e9004c7db4e90507b6f6e7f5f779f1c2d5', 'sha256': 'ab6042b0fa3999cbd43ec9a4715dafa835d16cc90570922c8b7135e7d3cb8cd8'}, 'dob': {'date': '1956-06-10T16:14:14.323Z', 'age': 68}, 'registered': {'date': '2006-08-10T12:38:06.212Z', 'age': 17}, 'phone': '077 843 10 23', 'cell': '077 041 32 75', 'id': {'name': 'AVS', 'value': '756.0400.9567.73'}, 'picture': {'large': 'https://randomuser.me/api/portraits/men/99.jpg', 'medium': 'https://randomuser.me/api/portraits/med/men/99.jpg', 'thumbnail': 'https://randomuser.me/api/portraits/thumb/men/99.jpg'}, 'nat': 'CH'}], 'info': {'seed': '3a9d46e274a5cf9d', 'results': 1, 'page': 1, 'version': '1.4'}}</msg>
<arg>${json_data}</arg>
<doc>Logs the given message with the given level.</doc>
<status status="PASS" start="2024-08-01T02:38:40.591653" elapsed="0.000203"/>
</kw>
<kw name="Should Be Equal As Numbers" owner="BuiltIn">
<arg>${json_data['results'][0]['location']['postcode']}</arg>
<arg>${json_data['results'][0]['location']['postcode']}</arg>
<doc>Fails if objects are unequal after converting them to real numbers.</doc>
<status status="PASS" start="2024-08-01T02:38:40.592147" elapsed="0.000631"/>
</kw>
<kw name="Log" owner="BuiltIn">
<msg time="2024-08-01T02:38:40.593304" level="INFO">2877</msg>
<arg>${json_data['results'][0]['location']['postcode']}</arg>
<doc>Logs the given message with the given level.</doc>
<status status="PASS" start="2024-08-01T02:38:40.592972" elapsed="0.000403"/>
</kw>
<status status="PASS" start="2024-08-01T02:38:40.491462" elapsed="0.102165"/>
</kw>
<doc>Testa se os tipos de dados na resposta da API estão corretos.</doc>
<tag>testeTiposDados</tag>
<status status="PASS" start="2024-08-01T02:38:40.414121" elapsed="0.179707"/>
</test>
<test id="s1-s1-t5" name="Validar conteudo" line="35">
<kw name="Teste de Tipos de Conteudo" owner="random-user-service">
<kw name="GET On Session" owner="RequestsLibrary">
<msg time="2024-08-01T02:38:41.642118" level="INFO">GET Request : url=https://randomuser.me/api 
 path_url=/api 
 headers={'User-Agent': 'python-requests/2.32.3', 'Accept-Encoding': 'gzip, deflate', 'Accept': '*/*', 'Connection': 'keep-alive'} 
 body=None 
 </msg>
<msg time="2024-08-01T02:38:41.642229" level="INFO">GET Response : url=https://randomuser.me/api 
 status=200, reason=OK 
 headers={'Date': 'Thu, 01 Aug 2024 02:38:41 GMT', 'Content-Type': 'application/json; charset=utf-8', 'Transfer-Encoding': 'chunked', 'Connection': 'keep-alive', 'X-Powered-By': 'Express', 'Access-Control-Allow-Origin': '*', 'Cache-Control': 'no-cache', 'ETag': 'W/"496-wE+/meY1SWUAWYAmCsgb7yk3IMY"', 'Vary': 'Accept-Encoding', 'Content-Encoding': 'gzip', 'CF-Cache-Status': 'DYNAMIC', 'Report-To': '{"endpoints":[{"url":"https:\\/\\/a.nel.cloudflare.com\\/report\\/v4?s=P5yKriR6JI2maWnpdLNfED6KIz4RZJecvfruJDZR8zrIEf7%2F%2Fp9K%2B3t86E9eAun2V7fhr6ny5R6Tb3KMzQfmeSZDhY1NBMHeWR2e4ryG1BkT2YY3oKlFgdfPyVN6vPGJ"}],"group":"cf-nel","max_age":604800}', 'NEL': '{"success_fraction":0,"report_to":"cf-nel","max_age":604800}', 'Server': 'cloudflare', 'CF-RAY': '8ac2740fbecf81db-IAD', 'alt-svc': 'h3=":443"; ma=86400'} 
 body={"results":[{"gender":"female","name":{"title":"Miss","first":"Lola","last":"Bilocerkivec"},"location":{"street":{"number":3228,"name":"Pavlivska"},"city":"Rahiv","state":"Hmelnicka","country":"Ukraine","postcode":22012,"coordinates":{"latitude":"79.1298","longitude":"176.4264"},"timezone":{"offset":"+11:00","description":"Magadan, Solomon Islands, New Caledonia"}},"email":"lola.bilocerkivec@example.com","login":{"uuid":"712f5abe-26a4-4541-ba4f-3594f5f9acfb","username":"yellowdog410","password":"deerhunt","salt":"ANsvpg8Q","md5":"4079d6af15ca5f3023ccc99eb67a6a71","sha1":"21550149aeb491be5c67905ecbe80c3e256b792b","sha256":"669a29e3c11578aa3857f39820173e7a13d7b8ee9a2eaf0cfc563025b0450cad"},"dob":{"date":"1978-01-17T21:47:17.617Z","age":46},"registered":{"date":"2008-07-01T12:04:19.035Z","age":16},"phone":"(068) Z66-8977","cell":"(098) J30-6331","id":{"name":"","value":null},"picture":{"large":"https://randomuser.me/api/portraits/women/95.jpg","medium":"https://randomuser.me/api/portraits/med/women/95.jpg","thumbnail":"https://randomuser.me/api/portraits/thumb/women/95.jpg"},"nat":"UA"}],"info":{"seed":"99f3b05d8fe581e6","results":1,"page":1,"version":"1.4"}} 
 </msg>
<msg time="2024-08-01T02:38:41.642308" level="INFO">/opt/hostedtoolcache/Python/3.12.4/x64/lib/python3.12/site-packages/urllib3/connectionpool.py:1099: InsecureRequestWarning: Unverified HTTPS request is being made to host 'randomuser.me'. Adding certificate verification is strongly advised. See: https://urllib3.readthedocs.io/en/latest/advanced-usage.html#tls-warnings
  warnings.warn(</msg>
<msg time="2024-08-01T02:38:41.642452" level="INFO">${response} = &lt;Response [200]&gt;</msg>
<var>${response}</var>
<arg>consultarAPI</arg>
<arg>/api</arg>
<doc>Sends a GET request on a previously created HTTP Session.</doc>
<status status="PASS" start="2024-08-01T02:38:40.596286" elapsed="1.046216"/>
</kw>
<kw name="Set Variable" owner="BuiltIn">
<msg time="2024-08-01T02:38:41.643696" level="INFO">${json_data} = {'results': [{'gender': 'female', 'name': {'title': 'Miss', 'first': 'Lola', 'last': 'Bilocerkivec'}, 'location': {'street': {'number': 3228, 'name': 'Pavlivska'}, 'city': 'Rahiv', 'state': 'Hmelnicka...</msg>
<var>${json_data}</var>
<arg>${response.json()}</arg>
<doc>Returns the given values which can then be assigned to a variables.</doc>
<status status="PASS" start="2024-08-01T02:38:41.643134" elapsed="0.000592"/>
</kw>
<kw name="Set Variable" owner="BuiltIn">
<msg time="2024-08-01T02:38:41.644428" level="INFO">${name_title} = Miss</msg>
<var>${name_title}</var>
<arg>${json_data["results"][0]["name"]["title"]}</arg>
<doc>Returns the given values which can then be assigned to a variables.</doc>
<status status="PASS" start="2024-08-01T02:38:41.644039" elapsed="0.000414"/>
</kw>
<kw name="Create List" owner="BuiltIn">
<msg time="2024-08-01T02:38:41.644903" level="INFO">${allowed_titles} = ['Mr', 'Ms', 'Miss', 'Mrs', 'Madame', 'Monsieur']</msg>
<var>${allowed_titles}</var>
<arg>Mr</arg>
<arg>Ms</arg>
<arg>Miss</arg>
<arg>Mrs</arg>
<arg>Madame</arg>
<arg>Monsieur</arg>
<doc>Returns a list containing given items.</doc>
<status status="PASS" start="2024-08-01T02:38:41.644752" elapsed="0.000176"/>
</kw>
<kw name="List Should Contain Value" owner="Collections">
<arg>${allowed_titles}</arg>
<arg>${name_title}</arg>
<doc>Fails if the ``value`` is not found from ``list``.</doc>
<status status="PASS" start="2024-08-01T02:38:41.645226" elapsed="0.000185"/>
</kw>
<kw name="Set Variable" owner="BuiltIn">
<msg time="2024-08-01T02:38:41.646002" level="INFO">${name_country} = UA</msg>
<var>${name_country}</var>
<arg>${json_data["results"][0]["nat"]}</arg>
<doc>Returns the given values which can then be assigned to a variables.</doc>
<status status="PASS" start="2024-08-01T02:38:41.645591" elapsed="0.000437"/>
</kw>
<kw name="Create List" owner="BuiltIn">
<msg time="2024-08-01T02:38:41.646916" level="INFO">${list_country} = ['AD', 'AE', 'AF', 'AG', 'AI', 'AL', 'AM', 'AO', 'AQ', 'AR', 'AS', 'AT', 'AU', 'AW', 'AX', 'AZ', 'BA', 'BB', 'BD', 'BE', 'BF', 'BG', 'BH', 'BI', 'BJ', 'BL', 'BM', 'BN', 'BO', 'BQ', 'BR', 'BS', 'BT', '...</msg>
<var>${list_country}</var>
<arg>AD</arg>
<arg>AE</arg>
<arg>AF</arg>
<arg>AG</arg>
<arg>AI</arg>
<arg>AL</arg>
<arg>AM</arg>
<arg>AO</arg>
<arg>AQ</arg>
<arg>AR</arg>
<arg>AS</arg>
<arg>AT</arg>
<arg>AU</arg>
<arg>AW</arg>
<arg>AX</arg>
<arg>AZ</arg>
<arg>BA</arg>
<arg>BB</arg>
<arg>BD</arg>
<arg>BE</arg>
<arg>BF</arg>
<arg>BG</arg>
<arg>BH</arg>
<arg>BI</arg>
<arg>BJ</arg>
<arg>BL</arg>
<arg>BM</arg>
<arg>BN</arg>
<arg>BO</arg>
<arg>BQ</arg>
<arg>BR</arg>
<arg>BS</arg>
<arg>BT</arg>
<arg>BV</arg>
<arg>BW</arg>
<arg>BY</arg>
<arg>BZ</arg>
<arg>CA</arg>
<arg>CC</arg>
<arg>CD</arg>
<arg>CF</arg>
<arg>CG</arg>
<arg>CH</arg>
<arg>CI</arg>
<arg>CK</arg>
<arg>CL</arg>
<arg>CM</arg>
<arg>CN</arg>
<arg>CO</arg>
<arg>CR</arg>
<arg>CU</arg>
<arg>CV</arg>
<arg>CW</arg>
<arg>CX</arg>
<arg>CY</arg>
<arg>CZ</arg>
<arg>DE</arg>
<arg>DJ</arg>
<arg>DK</arg>
<arg>DM</arg>
<arg>DO</arg>
<arg>DZ</arg>
<arg>EC</arg>
<arg>EE</arg>
<arg>EG</arg>
<arg>EH</arg>
<arg>ER</arg>
<arg>ES</arg>
<arg>ET</arg>
<arg>FI</arg>
<arg>FJ</arg>
<arg>FK</arg>
<arg>FM</arg>
<arg>FO</arg>
<arg>FR</arg>
<arg>GA</arg>
<arg>GB</arg>
<arg>GD</arg>
<arg>GE</arg>
<arg>GF</arg>
<arg>GG</arg>
<arg>GH</arg>
<arg>GI</arg>
<arg>GL</arg>
<arg>GM</arg>
<arg>GN</arg>
<arg>GP</arg>
<arg>GQ</arg>
<arg>GR</arg>
<arg>GS</arg>
<arg>GT</arg>
<arg>GU</arg>
<arg>GW</arg>
<arg>GY</arg>
<arg>HK</arg>
<arg>HM</arg>
<arg>HN</arg>
<arg>HR</arg>
<arg>HT</arg>
<arg>HU</arg>
<arg>ID</arg>
<arg>IE</arg>
<arg>IL</arg>
<arg>IM</arg>
<arg>IN</arg>
<arg>IO</arg>
<arg>IQ</arg>
<arg>IR</arg>
<arg>IS</arg>
<arg>IT</arg>
<arg>JE</arg>
<arg>JM</arg>
<arg>JO</arg>
<arg>JP</arg>
<arg>KE</arg>
<arg>KG</arg>
<arg>KH</arg>
<arg>KI</arg>
<arg>KM</arg>
<arg>KN</arg>
<arg>KP</arg>
<arg>KR</arg>
<arg>KW</arg>
<arg>KY</arg>
<arg>KZ</arg>
<arg>LA</arg>
<arg>LB</arg>
<arg>LC</arg>
<arg>LI</arg>
<arg>LK</arg>
<arg>LR</arg>
<arg>LS</arg>
<arg>LT</arg>
<arg>LU</arg>
<arg>LV</arg>
<arg>LY</arg>
<arg>MA</arg>
<arg>MC</arg>
<arg>MD</arg>
<arg>ME</arg>
<arg>MF</arg>
<arg>MG</arg>
<arg>MH</arg>
<arg>MK</arg>
<arg>ML</arg>
<arg>MM</arg>
<arg>MN</arg>
<arg>MO</arg>
<arg>MP</arg>
<arg>MQ</arg>
<arg>MR</arg>
<arg>MS</arg>
<arg>MT</arg>
<arg>MU</arg>
<arg>MV</arg>
<arg>MW</arg>
<arg>MX</arg>
<arg>MY</arg>
<arg>MZ</arg>
<arg>NA</arg>
<arg>NC</arg>
<arg>NE</arg>
<arg>NF</arg>
<arg>NG</arg>
<arg>NI</arg>
<arg>NL</arg>
<arg>NO</arg>
<arg>NP</arg>
<arg>NR</arg>
<arg>NU</arg>
<arg>NZ</arg>
<arg>OM</arg>
<arg>PA</arg>
<arg>PE</arg>
<arg>PF</arg>
<arg>PG</arg>
<arg>PH</arg>
<arg>PK</arg>
<arg>PL</arg>
<arg>PM</arg>
<arg>PN</arg>
<arg>PR</arg>
<arg>PS</arg>
<arg>PT</arg>
<arg>PW</arg>
<arg>PY</arg>
<arg>QA</arg>
<arg>RE</arg>
<arg>RO</arg>
<arg>RS</arg>
<arg>RU</arg>
<arg>RW</arg>
<arg>SA</arg>
<arg>SB</arg>
<arg>SC</arg>
<arg>SD</arg>
<arg>SE</arg>
<arg>SG</arg>
<arg>SH</arg>
<arg>SI</arg>
<arg>SJ</arg>
<arg>SK</arg>
<arg>SL</arg>
<arg>SM</arg>
<arg>SN</arg>
<arg>SO</arg>
<arg>SR</arg>
<arg>SS</arg>
<arg>ST</arg>
<arg>SV</arg>
<arg>SX</arg>
<arg>SY</arg>
<arg>SZ</arg>
<arg>TC</arg>
<arg>TD</arg>
<arg>TF</arg>
<arg>TG</arg>
<arg>TH</arg>
<arg>TJ</arg>
<arg>TK</arg>
<arg>TL</arg>
<arg>TM</arg>
<arg>TN</arg>
<arg>TO</arg>
<arg>TR</arg>
<arg>TT</arg>
<arg>TV</arg>
<arg>TW</arg>
<arg>TZ</arg>
<arg>UA</arg>
<arg>UG</arg>
<arg>UM</arg>
<arg>US</arg>
<arg>UY</arg>
<arg>UZ</arg>
<arg>VA</arg>
<arg>VC</arg>
<arg>VE</arg>
<arg>VG</arg>
<arg>VI</arg>
<arg>VN</arg>
<arg>VU</arg>
<arg>WF</arg>
<arg>WS</arg>
<arg>XK</arg>
<arg>YE</arg>
<arg>YT</arg>
<arg>ZA</arg>
<arg>ZM</arg>
<arg>ZW</arg>
<doc>Returns a list containing given items.</doc>
<status status="PASS" start="2024-08-01T02:38:41.646318" elapsed="0.000627"/>
</kw>
<kw name="List Should Contain Value" owner="Collections">
<arg>${list_country}</arg>
<arg>${name_country}</arg>
<doc>Fails if the ``value`` is not found from ``list``.</doc>
<status status="PASS" start="2024-08-01T02:38:41.647926" elapsed="0.000212"/>
</kw>
<kw name="Run Keyword If" owner="BuiltIn">
<kw name="Should Be True" owner="BuiltIn">
<arg>${True}</arg>
<doc>Fails if the given condition is not true.</doc>
<status status="PASS" start="2024-08-01T02:38:41.649084" elapsed="0.000144"/>
</kw>
<arg>${json_data["results"][0]["location"]["coordinates"]["latitude"]} &gt;= -90 and ${json_data["results"][0]["location"]["coordinates"]["latitude"]} &lt;= 90</arg>
<arg>Should Be True</arg>
<arg>${True}</arg>
<doc>Runs the given keyword with the given arguments, if ``condition`` is true.</doc>
<status status="PASS" start="2024-08-01T02:38:41.648340" elapsed="0.001015"/>
</kw>
<kw name="Run Keyword If" owner="BuiltIn">
<kw name="Should Be True" owner="BuiltIn">
<arg>${True}</arg>
<doc>Fails if the given condition is not true.</doc>
<status status="PASS" start="2024-08-01T02:38:41.650262" elapsed="0.000137"/>
</kw>
<arg>${json_data["results"][0]["location"]["coordinates"]["longitude"]} &gt;= -180 and ${json_data["results"][0]["location"]["coordinates"]["longitude"]} &lt;= 180</arg>
<arg>Should Be True</arg>
<arg>${True}</arg>
<doc>Runs the given keyword with the given arguments, if ``condition`` is true.</doc>
<status status="PASS" start="2024-08-01T02:38:41.649536" elapsed="0.000991"/>
</kw>
<status status="PASS" start="2024-08-01T02:38:40.596066" elapsed="1.054614"/>
</kw>
<doc>Testa o conteúdo específico dos campos retornados pela API.</doc>
<tag>testeConteudo</tag>
<status status="PASS" start="2024-08-01T02:38:40.595555" elapsed="1.055278"/>
</test>
<status status="PASS" start="2024-08-01T02:38:39.848097" elapsed="1.804783"/>
</suite>
<status status="PASS" start="2024-08-01T02:38:39.833733" elapsed="1.824296"/>
</suite>
<statistics>
<total>
<stat pass="5" fail="0" skip="0">All Tests</stat>
</total>
<tag>
<stat pass="1" fail="0" skip="0">testeConteudo</stat>
<stat pass="1" fail="0" skip="0">testeEstruturaResposta</stat>
<stat pass="1" fail="0" skip="0">testeRequisicaoBasica</stat>
<stat pass="1" fail="0" skip="0">testeTiposDados</stat>
</tag>
<suite>
<stat pass="5" fail="0" skip="0" id="s1" name="Tests">Tests</stat>
<stat pass="5" fail="0" skip="0" id="s1-s1" name="Random-User-Test">Tests.Random-User-Test</stat>
</suite>
</statistics>
<errors>
</errors>
</robot>
