<?xml version="1.0" encoding="UTF-8"?>
<robot generator="Robot 7.0 (Python 3.12.3 on linux)" generated="2024-04-18T14:12:56.807979" rpa="false" schemaversion="5">
<suite id="s1" name="Tests" source="/home/runner/work/DesafioQAItauRogerioJordao/DesafioQAItauRogerioJordao/RamdonUser/tests">
<suite id="s1-s1" name="Random-User-Test" source="/home/runner/work/DesafioQAItauRogerioJordao/DesafioQAItauRogerioJordao/RamdonUser/tests/random-user-test.robot">
<test id="s1-s1-t1" name="Conectar" line="13">
<kw name="Conectar API" owner="random-user-service">
<kw name="Create Session" owner="RequestsLibrary">
<msg time="2024-04-18T14:12:57.232739" level="INFO">Creating Session using : alias=consultarAPI, url=https://randomuser.me/, headers={},                     cookies={}, auth=None, timeout=None, proxies=None, verify=False,                     debug=0 </msg>
<arg>consultarAPI</arg>
<arg>${URL}</arg>
<doc>Create Session: create a HTTP session to a server</doc>
<status status="PASS" start="2024-04-18T14:12:57.232531" elapsed="0.000395"/>
</kw>
<status status="PASS" start="2024-04-18T14:12:57.231522" elapsed="0.001784"/>
</kw>
<status status="PASS" start="2024-04-18T14:12:57.230940" elapsed="0.002561"/>
</test>
<test id="s1-s1-t2" name="Validar retorno 200 e JSON Válido" line="16">
<kw name="Teste de Requisicao Basica" owner="random-user-service">
<kw name="GET On Session" owner="RequestsLibrary">
<msg time="2024-04-18T14:12:57.484911" level="INFO">GET Request : url=https://randomuser.me/api 
 path_url=/api 
 headers={'User-Agent': 'python-requests/2.31.0', 'Accept-Encoding': 'gzip, deflate', 'Accept': '*/*', 'Connection': 'keep-alive'} 
 body=None 
 </msg>
<msg time="2024-04-18T14:12:57.485072" level="INFO">GET Response : url=https://randomuser.me/api 
 status=200, reason=OK 
 headers={'Date': 'Thu, 18 Apr 2024 14:12:57 GMT', 'Content-Type': 'application/json; charset=utf-8', 'Transfer-Encoding': 'chunked', 'Connection': 'keep-alive', 'X-Powered-By': 'Express', 'Access-Control-Allow-Origin': '*', 'Cache-Control': 'no-cache', 'ETag': 'W/"46b-7LQW+JxT8yrzMp45mGaTOb4DS64"', 'Vary': 'Accept-Encoding', 'Content-Encoding': 'gzip', 'CF-Cache-Status': 'DYNAMIC', 'Report-To': '{"endpoints":[{"url":"https:\\/\\/a.nel.cloudflare.com\\/report\\/v4?s=VAp0i962pWxJpE%2FywL5mGcUEdR8cgVYnPqjgR0l5d%2FhojGbF3YAknhuym6z2ttyw1d%2FK1S33kD5fYUJm%2FM6KtVnpq4UFu7T05iKjMXVB1zdcokMlr%2F7SY8H9S5opntDq"}],"group":"cf-nel","max_age":604800}', 'NEL': '{"success_fraction":0,"report_to":"cf-nel","max_age":604800}', 'Server': 'cloudflare', 'CF-RAY': '876540b30c2359f8-IAD', 'alt-svc': 'h3=":443"; ma=86400'} 
 body={"results":[{"gender":"male","name":{"title":"Mr","first":"Matthew","last":"Kumar"},"location":{"street":{"number":9412,"name":"Buckleys Road"},"city":"Wellington","state":"Otago","country":"New Zealand","postcode":81821,"coordinates":{"latitude":"55.4789","longitude":"-123.1345"},"timezone":{"offset":"-9:00","description":"Alaska"}},"email":"matthew.kumar@example.com","login":{"uuid":"b62f1e9c-396c-4442-96cf-bfb72eb86c7b","username":"smallwolf724","password":"gladiato","salt":"nLBWpri2","md5":"3f0534c17b175d5f1d1a624cf00c8d5a","sha1":"36d79733b8760ada2472cd3ea0182732e0f009c5","sha256":"4bc068f6b6a288b51c6f24b8bb80243dc2ea841f330859c9a4c4511c28e5444a"},"dob":{"date":"1998-10-18T19:49:46.550Z","age":25},"registered":{"date":"2016-03-25T15:57:52.532Z","age":8},"phone":"(186)-547-4639","cell":"(810)-870-5815","id":{"name":"","value":null},"picture":{"large":"https://randomuser.me/api/portraits/men/46.jpg","medium":"https://randomuser.me/api/portraits/med/men/46.jpg","thumbnail":"https://randomuser.me/api/portraits/thumb/men/46.jpg"},"nat":"NZ"}],"info":{"seed":"5851cd7c56197904","results":1,"page":1,"version":"1.4"}} 
 </msg>
<msg time="2024-04-18T14:12:57.485163" level="INFO">/opt/hostedtoolcache/Python/3.12.3/x64/lib/python3.12/site-packages/urllib3/connectionpool.py:1103: InsecureRequestWarning: Unverified HTTPS request is being made to host 'randomuser.me'. Adding certificate verification is strongly advised. See: https://urllib3.readthedocs.io/en/latest/advanced-usage.html#tls-warnings
  warnings.warn(</msg>
<msg time="2024-04-18T14:12:57.485321" level="INFO">${response} = &lt;Response [200]&gt;</msg>
<var>${response}</var>
<arg>consultarAPI</arg>
<arg>/api</arg>
<doc>Sends a GET request on a previously created HTTP Session.</doc>
<status status="PASS" start="2024-04-18T14:12:57.236164" elapsed="0.249200"/>
</kw>
<kw name="Should Be Equal As Numbers" owner="BuiltIn">
<msg time="2024-04-18T14:12:57.486691" level="INFO">Argument types are:
&lt;class 'int'&gt;
&lt;class 'str'&gt;</msg>
<arg>${response.status_code}</arg>
<arg>200</arg>
<doc>Fails if objects are unequal after converting them to real numbers.</doc>
<status status="PASS" start="2024-04-18T14:12:57.486111" elapsed="0.000653"/>
</kw>
<kw name="Log" owner="BuiltIn">
<msg time="2024-04-18T14:12:57.487571" level="INFO">200</msg>
<arg>${response.status_code}</arg>
<doc>Logs the given message with the given level.</doc>
<status status="PASS" start="2024-04-18T14:12:57.487182" elapsed="0.000434"/>
</kw>
<kw name="Set Variable" owner="BuiltIn">
<msg time="2024-04-18T14:12:57.488433" level="INFO">${json_data} = {'results': [{'gender': 'male', 'name': {'title': 'Mr', 'first': 'Matthew', 'last': 'Kumar'}, 'location': {'street': {'number': 9412, 'name': 'Buckleys Road'}, 'city': 'Wellington', 'state': 'Otago', ...</msg>
<var>${json_data}</var>
<arg>${response.json()}</arg>
<doc>Returns the given values which can then be assigned to a variables.</doc>
<status status="PASS" start="2024-04-18T14:12:57.487957" elapsed="0.000504"/>
</kw>
<kw name="Dictionary Should Contain Key" owner="Collections">
<msg time="2024-04-18T14:12:57.488952" level="INFO">False</msg>
<arg>${json_data}</arg>
<arg>results</arg>
<doc>Fails if ``key`` is not found from ``dictionary``.</doc>
<status status="PASS" start="2024-04-18T14:12:57.488777" elapsed="0.000214"/>
</kw>
<status status="PASS" start="2024-04-18T14:12:57.235912" elapsed="0.253358"/>
</kw>
<doc>Testa se a API responde corretamente e retorna um objeto JSON válido.</doc>
<tag>testeRequisicaoBasica</tag>
<status status="PASS" start="2024-04-18T14:12:57.235435" elapsed="0.254025"/>
</test>
<test id="s1-s1-t3" name="Validar estrutura de resposta" line="22">
<kw name="Teste de Estrutura de Resposta" owner="random-user-service">
<kw name="GET On Session" owner="RequestsLibrary">
<msg time="2024-04-18T14:12:57.587466" level="INFO">GET Request : url=https://randomuser.me/api 
 path_url=/api 
 headers={'User-Agent': 'python-requests/2.31.0', 'Accept-Encoding': 'gzip, deflate', 'Accept': '*/*', 'Connection': 'keep-alive'} 
 body=None 
 </msg>
<msg time="2024-04-18T14:12:57.587574" level="INFO">GET Response : url=https://randomuser.me/api 
 status=200, reason=OK 
 headers={'Date': 'Thu, 18 Apr 2024 14:12:57 GMT', 'Content-Type': 'application/json; charset=utf-8', 'Transfer-Encoding': 'chunked', 'Connection': 'keep-alive', 'X-Powered-By': 'Express', 'Access-Control-Allow-Origin': '*', 'Cache-Control': 'no-cache', 'ETag': 'W/"48d-seQaGqVkdp8RicNVRf5RQtKRdiU"', 'Vary': 'Accept-Encoding', 'Content-Encoding': 'gzip', 'CF-Cache-Status': 'DYNAMIC', 'Report-To': '{"endpoints":[{"url":"https:\\/\\/a.nel.cloudflare.com\\/report\\/v4?s=8DkcNsnzsCTp7qvqZitOXB1At6IZAWxjh%2F%2FWnPF7dAbSLU2egHc%2BBKL71vwE6rojAQDxeMzzfMeA%2BFuD2es6LZQS%2BoVWPE%2BVLDSZ4Fn2pwWzzN6Y48gQUpL7jGq325DV"}],"group":"cf-nel","max_age":604800}', 'NEL': '{"success_fraction":0,"report_to":"cf-nel","max_age":604800}', 'Server': 'cloudflare', 'CF-RAY': '876540b35c7759f8-IAD', 'alt-svc': 'h3=":443"; ma=86400'} 
 body={"results":[{"gender":"male","name":{"title":"Mr","first":"Harish","last":"Anand"},"location":{"street":{"number":3830,"name":"Colaba Causeway"},"city":"Jamnagar","state":"Andhra Pradesh","country":"India","postcode":60909,"coordinates":{"latitude":"12.7448","longitude":"-13.5256"},"timezone":{"offset":"-3:00","description":"Brazil, Buenos Aires, Georgetown"}},"email":"harish.anand@example.com","login":{"uuid":"60563609-f5b2-4c32-9ae8-251719465110","username":"tinyleopard267","password":"oldone","salt":"8xSkVmhd","md5":"943c62ec27375092288af5172ca614f3","sha1":"bfe9bf95055c1ee92633038403f582056c017085","sha256":"3ea597a4e9fb729cee41772047d0cb446f926d80a23de3e4c686a604eaa7220c"},"dob":{"date":"1963-11-19T11:19:11.054Z","age":60},"registered":{"date":"2004-02-24T12:25:15.195Z","age":20},"phone":"7524310045","cell":"7211960912","id":{"name":"UIDAI","value":"991648291315"},"picture":{"large":"https://randomuser.me/api/portraits/men/49.jpg","medium":"https://randomuser.me/api/portraits/med/men/49.jpg","thumbnail":"https://randomuser.me/api/portraits/thumb/men/49.jpg"},"nat":"IN"}],"info":{"seed":"297b1277f8b117a5","results":1,"page":1,"version":"1.4"}} 
 </msg>
<msg time="2024-04-18T14:12:57.587708" level="INFO">/opt/hostedtoolcache/Python/3.12.3/x64/lib/python3.12/site-packages/urllib3/connectionpool.py:1103: InsecureRequestWarning: Unverified HTTPS request is being made to host 'randomuser.me'. Adding certificate verification is strongly advised. See: https://urllib3.readthedocs.io/en/latest/advanced-usage.html#tls-warnings
  warnings.warn(</msg>
<msg time="2024-04-18T14:12:57.587841" level="INFO">${response} = &lt;Response [200]&gt;</msg>
<var>${response}</var>
<arg>consultarAPI</arg>
<arg>/api</arg>
<doc>Sends a GET request on a previously created HTTP Session.</doc>
<status status="PASS" start="2024-04-18T14:12:57.492291" elapsed="0.095592"/>
</kw>
<kw name="Set Variable" owner="BuiltIn">
<msg time="2024-04-18T14:12:57.589144" level="INFO">${json_data} = {'results': [{'gender': 'male', 'name': {'title': 'Mr', 'first': 'Harish', 'last': 'Anand'}, 'location': {'street': {'number': 3830, 'name': 'Colaba Causeway'}, 'city': 'Jamnagar', 'state': 'Andhra Pr...</msg>
<var>${json_data}</var>
<arg>${response.json()}</arg>
<doc>Returns the given values which can then be assigned to a variables.</doc>
<status status="PASS" start="2024-04-18T14:12:57.588533" elapsed="0.000640"/>
</kw>
<kw name="Log" owner="BuiltIn">
<msg time="2024-04-18T14:12:57.589648" level="INFO">{'results': [{'gender': 'male', 'name': {'title': 'Mr', 'first': 'Harish', 'last': 'Anand'}, 'location': {'street': {'number': 3830, 'name': 'Colaba Causeway'}, 'city': 'Jamnagar', 'state': 'Andhra Pradesh', 'country': 'India', 'postcode': 60909, 'coordinates': {'latitude': '12.7448', 'longitude': '-13.5256'}, 'timezone': {'offset': '-3:00', 'description': 'Brazil, Buenos Aires, Georgetown'}}, 'email': 'harish.anand@example.com', 'login': {'uuid': '60563609-f5b2-4c32-9ae8-251719465110', 'username': 'tinyleopard267', 'password': 'oldone', 'salt': '8xSkVmhd', 'md5': '943c62ec27375092288af5172ca614f3', 'sha1': 'bfe9bf95055c1ee92633038403f582056c017085', 'sha256': '3ea597a4e9fb729cee41772047d0cb446f926d80a23de3e4c686a604eaa7220c'}, 'dob': {'date': '1963-11-19T11:19:11.054Z', 'age': 60}, 'registered': {'date': '2004-02-24T12:25:15.195Z', 'age': 20}, 'phone': '7524310045', 'cell': '7211960912', 'id': {'name': 'UIDAI', 'value': '991648291315'}, 'picture': {'large': 'https://randomuser.me/api/portraits/men/49.jpg', 'medium': 'https://randomuser.me/api/portraits/med/men/49.jpg', 'thumbnail': 'https://randomuser.me/api/portraits/thumb/men/49.jpg'}, 'nat': 'IN'}], 'info': {'seed': '297b1277f8b117a5', 'results': 1, 'page': 1, 'version': '1.4'}}</msg>
<arg>${json_data}</arg>
<doc>Logs the given message with the given level.</doc>
<status status="PASS" start="2024-04-18T14:12:57.589487" elapsed="0.000209"/>
</kw>
<kw name="Dictionary Should Contain Key" owner="Collections">
<msg time="2024-04-18T14:12:57.590145" level="INFO">False</msg>
<arg>${json_data}</arg>
<arg>results</arg>
<doc>Fails if ``key`` is not found from ``dictionary``.</doc>
<status status="PASS" start="2024-04-18T14:12:57.589990" elapsed="0.000191"/>
</kw>
<kw name="Should Not Be Empty" owner="BuiltIn">
<msg time="2024-04-18T14:12:57.590645" level="INFO">Length is 2.</msg>
<arg>${json_data}</arg>
<doc>Verifies that the given item is not empty.</doc>
<status status="PASS" start="2024-04-18T14:12:57.590505" elapsed="0.000187"/>
</kw>
<kw name="Create List" owner="BuiltIn">
<msg time="2024-04-18T14:12:57.591287" level="INFO">${expected_keys} = ['gender', 'name', 'location', 'email', 'login']</msg>
<var>${expected_keys}</var>
<arg>gender</arg>
<arg>name</arg>
<arg>location</arg>
<arg>email</arg>
<arg>login</arg>
<doc>Returns a list containing given items.</doc>
<status status="PASS" start="2024-04-18T14:12:57.590979" elapsed="0.000333"/>
</kw>
<for flavor="IN">
<iter>
<kw name="Dictionary Should Contain Key" owner="Collections">
<msg time="2024-04-18T14:12:57.592450" level="INFO">False</msg>
<arg>${json_data['results'][0]}</arg>
<arg>${key}</arg>
<doc>Fails if ``key`` is not found from ``dictionary``.</doc>
<status status="PASS" start="2024-04-18T14:12:57.592047" elapsed="0.000441"/>
</kw>
<kw name="Log" owner="BuiltIn">
<msg time="2024-04-18T14:12:57.593168" level="INFO">{'gender': 'male', 'name': {'title': 'Mr', 'first': 'Harish', 'last': 'Anand'}, 'location': {'street': {'number': 3830, 'name': 'Colaba Causeway'}, 'city': 'Jamnagar', 'state': 'Andhra Pradesh', 'country': 'India', 'postcode': 60909, 'coordinates': {'latitude': '12.7448', 'longitude': '-13.5256'}, 'timezone': {'offset': '-3:00', 'description': 'Brazil, Buenos Aires, Georgetown'}}, 'email': 'harish.anand@example.com', 'login': {'uuid': '60563609-f5b2-4c32-9ae8-251719465110', 'username': 'tinyleopard267', 'password': 'oldone', 'salt': '8xSkVmhd', 'md5': '943c62ec27375092288af5172ca614f3', 'sha1': 'bfe9bf95055c1ee92633038403f582056c017085', 'sha256': '3ea597a4e9fb729cee41772047d0cb446f926d80a23de3e4c686a604eaa7220c'}, 'dob': {'date': '1963-11-19T11:19:11.054Z', 'age': 60}, 'registered': {'date': '2004-02-24T12:25:15.195Z', 'age': 20}, 'phone': '7524310045', 'cell': '7211960912', 'id': {'name': 'UIDAI', 'value': '991648291315'}, 'picture': {'large': 'https://randomuser.me/api/portraits/men/49.jpg', 'medium': 'https://randomuser.me/api/portraits/med/men/49.jpg', 'thumbnail': 'https://randomuser.me/api/portraits/thumb/men/49.jpg'}, 'nat': 'IN'}</msg>
<arg>${json_data['results'][0]}</arg>
<doc>Logs the given message with the given level.</doc>
<status status="PASS" start="2024-04-18T14:12:57.592788" elapsed="0.000427"/>
</kw>
<kw name="Log" owner="BuiltIn">
<msg time="2024-04-18T14:12:57.593632" level="INFO">gender</msg>
<arg>${key}</arg>
<doc>Logs the given message with the given level.</doc>
<status status="PASS" start="2024-04-18T14:12:57.593506" elapsed="0.000162"/>
</kw>
<var name="${key}">gender</var>
<status status="PASS" start="2024-04-18T14:12:57.591912" elapsed="0.001976"/>
</iter>
<iter>
<kw name="Dictionary Should Contain Key" owner="Collections">
<msg time="2024-04-18T14:12:57.594610" level="INFO">False</msg>
<arg>${json_data['results'][0]}</arg>
<arg>${key}</arg>
<doc>Fails if ``key`` is not found from ``dictionary``.</doc>
<status status="PASS" start="2024-04-18T14:12:57.594187" elapsed="0.000459"/>
</kw>
<kw name="Log" owner="BuiltIn">
<msg time="2024-04-18T14:12:57.595321" level="INFO">{'gender': 'male', 'name': {'title': 'Mr', 'first': 'Harish', 'last': 'Anand'}, 'location': {'street': {'number': 3830, 'name': 'Colaba Causeway'}, 'city': 'Jamnagar', 'state': 'Andhra Pradesh', 'country': 'India', 'postcode': 60909, 'coordinates': {'latitude': '12.7448', 'longitude': '-13.5256'}, 'timezone': {'offset': '-3:00', 'description': 'Brazil, Buenos Aires, Georgetown'}}, 'email': 'harish.anand@example.com', 'login': {'uuid': '60563609-f5b2-4c32-9ae8-251719465110', 'username': 'tinyleopard267', 'password': 'oldone', 'salt': '8xSkVmhd', 'md5': '943c62ec27375092288af5172ca614f3', 'sha1': 'bfe9bf95055c1ee92633038403f582056c017085', 'sha256': '3ea597a4e9fb729cee41772047d0cb446f926d80a23de3e4c686a604eaa7220c'}, 'dob': {'date': '1963-11-19T11:19:11.054Z', 'age': 60}, 'registered': {'date': '2004-02-24T12:25:15.195Z', 'age': 20}, 'phone': '7524310045', 'cell': '7211960912', 'id': {'name': 'UIDAI', 'value': '991648291315'}, 'picture': {'large': 'https://randomuser.me/api/portraits/men/49.jpg', 'medium': 'https://randomuser.me/api/portraits/med/men/49.jpg', 'thumbnail': 'https://randomuser.me/api/portraits/thumb/men/49.jpg'}, 'nat': 'IN'}</msg>
<arg>${json_data['results'][0]}</arg>
<doc>Logs the given message with the given level.</doc>
<status status="PASS" start="2024-04-18T14:12:57.594967" elapsed="0.000400"/>
</kw>
<kw name="Log" owner="BuiltIn">
<msg time="2024-04-18T14:12:57.595781" level="INFO">name</msg>
<arg>${key}</arg>
<doc>Logs the given message with the given level.</doc>
<status status="PASS" start="2024-04-18T14:12:57.595657" elapsed="0.000160"/>
</kw>
<var name="${key}">name</var>
<status status="PASS" start="2024-04-18T14:12:57.594072" elapsed="0.001955"/>
</iter>
<iter>
<kw name="Dictionary Should Contain Key" owner="Collections">
<msg time="2024-04-18T14:12:57.596694" level="INFO">False</msg>
<arg>${json_data['results'][0]}</arg>
<arg>${key}</arg>
<doc>Fails if ``key`` is not found from ``dictionary``.</doc>
<status status="PASS" start="2024-04-18T14:12:57.596313" elapsed="0.000417"/>
</kw>
<kw name="Log" owner="BuiltIn">
<msg time="2024-04-18T14:12:57.597395" level="INFO">{'gender': 'male', 'name': {'title': 'Mr', 'first': 'Harish', 'last': 'Anand'}, 'location': {'street': {'number': 3830, 'name': 'Colaba Causeway'}, 'city': 'Jamnagar', 'state': 'Andhra Pradesh', 'country': 'India', 'postcode': 60909, 'coordinates': {'latitude': '12.7448', 'longitude': '-13.5256'}, 'timezone': {'offset': '-3:00', 'description': 'Brazil, Buenos Aires, Georgetown'}}, 'email': 'harish.anand@example.com', 'login': {'uuid': '60563609-f5b2-4c32-9ae8-251719465110', 'username': 'tinyleopard267', 'password': 'oldone', 'salt': '8xSkVmhd', 'md5': '943c62ec27375092288af5172ca614f3', 'sha1': 'bfe9bf95055c1ee92633038403f582056c017085', 'sha256': '3ea597a4e9fb729cee41772047d0cb446f926d80a23de3e4c686a604eaa7220c'}, 'dob': {'date': '1963-11-19T11:19:11.054Z', 'age': 60}, 'registered': {'date': '2004-02-24T12:25:15.195Z', 'age': 20}, 'phone': '7524310045', 'cell': '7211960912', 'id': {'name': 'UIDAI', 'value': '991648291315'}, 'picture': {'large': 'https://randomuser.me/api/portraits/men/49.jpg', 'medium': 'https://randomuser.me/api/portraits/med/men/49.jpg', 'thumbnail': 'https://randomuser.me/api/portraits/thumb/men/49.jpg'}, 'nat': 'IN'}</msg>
<arg>${json_data['results'][0]}</arg>
<doc>Logs the given message with the given level.</doc>
<status status="PASS" start="2024-04-18T14:12:57.597036" elapsed="0.000405"/>
</kw>
<kw name="Log" owner="BuiltIn">
<msg time="2024-04-18T14:12:57.597853" level="INFO">location</msg>
<arg>${key}</arg>
<doc>Logs the given message with the given level.</doc>
<status status="PASS" start="2024-04-18T14:12:57.597730" elapsed="0.000160"/>
</kw>
<var name="${key}">location</var>
<status status="PASS" start="2024-04-18T14:12:57.596202" elapsed="0.001904"/>
</iter>
<iter>
<kw name="Dictionary Should Contain Key" owner="Collections">
<msg time="2024-04-18T14:12:57.598814" level="INFO">False</msg>
<arg>${json_data['results'][0]}</arg>
<arg>${key}</arg>
<doc>Fails if ``key`` is not found from ``dictionary``.</doc>
<status status="PASS" start="2024-04-18T14:12:57.598394" elapsed="0.000457"/>
</kw>
<kw name="Log" owner="BuiltIn">
<msg time="2024-04-18T14:12:57.599500" level="INFO">{'gender': 'male', 'name': {'title': 'Mr', 'first': 'Harish', 'last': 'Anand'}, 'location': {'street': {'number': 3830, 'name': 'Colaba Causeway'}, 'city': 'Jamnagar', 'state': 'Andhra Pradesh', 'country': 'India', 'postcode': 60909, 'coordinates': {'latitude': '12.7448', 'longitude': '-13.5256'}, 'timezone': {'offset': '-3:00', 'description': 'Brazil, Buenos Aires, Georgetown'}}, 'email': 'harish.anand@example.com', 'login': {'uuid': '60563609-f5b2-4c32-9ae8-251719465110', 'username': 'tinyleopard267', 'password': 'oldone', 'salt': '8xSkVmhd', 'md5': '943c62ec27375092288af5172ca614f3', 'sha1': 'bfe9bf95055c1ee92633038403f582056c017085', 'sha256': '3ea597a4e9fb729cee41772047d0cb446f926d80a23de3e4c686a604eaa7220c'}, 'dob': {'date': '1963-11-19T11:19:11.054Z', 'age': 60}, 'registered': {'date': '2004-02-24T12:25:15.195Z', 'age': 20}, 'phone': '7524310045', 'cell': '7211960912', 'id': {'name': 'UIDAI', 'value': '991648291315'}, 'picture': {'large': 'https://randomuser.me/api/portraits/men/49.jpg', 'medium': 'https://randomuser.me/api/portraits/med/men/49.jpg', 'thumbnail': 'https://randomuser.me/api/portraits/thumb/men/49.jpg'}, 'nat': 'IN'}</msg>
<arg>${json_data['results'][0]}</arg>
<doc>Logs the given message with the given level.</doc>
<status status="PASS" start="2024-04-18T14:12:57.599144" elapsed="0.000404"/>
</kw>
<kw name="Log" owner="BuiltIn">
<msg time="2024-04-18T14:12:57.599958" level="INFO">email</msg>
<arg>${key}</arg>
<doc>Logs the given message with the given level.</doc>
<status status="PASS" start="2024-04-18T14:12:57.599834" elapsed="0.000161"/>
</kw>
<var name="${key}">email</var>
<status status="PASS" start="2024-04-18T14:12:57.598285" elapsed="0.001920"/>
</iter>
<iter>
<kw name="Dictionary Should Contain Key" owner="Collections">
<msg time="2024-04-18T14:12:57.600855" level="INFO">False</msg>
<arg>${json_data['results'][0]}</arg>
<arg>${key}</arg>
<doc>Fails if ``key`` is not found from ``dictionary``.</doc>
<status status="PASS" start="2024-04-18T14:12:57.600480" elapsed="0.000412"/>
</kw>
<kw name="Log" owner="BuiltIn">
<msg time="2024-04-18T14:12:57.601542" level="INFO">{'gender': 'male', 'name': {'title': 'Mr', 'first': 'Harish', 'last': 'Anand'}, 'location': {'street': {'number': 3830, 'name': 'Colaba Causeway'}, 'city': 'Jamnagar', 'state': 'Andhra Pradesh', 'country': 'India', 'postcode': 60909, 'coordinates': {'latitude': '12.7448', 'longitude': '-13.5256'}, 'timezone': {'offset': '-3:00', 'description': 'Brazil, Buenos Aires, Georgetown'}}, 'email': 'harish.anand@example.com', 'login': {'uuid': '60563609-f5b2-4c32-9ae8-251719465110', 'username': 'tinyleopard267', 'password': 'oldone', 'salt': '8xSkVmhd', 'md5': '943c62ec27375092288af5172ca614f3', 'sha1': 'bfe9bf95055c1ee92633038403f582056c017085', 'sha256': '3ea597a4e9fb729cee41772047d0cb446f926d80a23de3e4c686a604eaa7220c'}, 'dob': {'date': '1963-11-19T11:19:11.054Z', 'age': 60}, 'registered': {'date': '2004-02-24T12:25:15.195Z', 'age': 20}, 'phone': '7524310045', 'cell': '7211960912', 'id': {'name': 'UIDAI', 'value': '991648291315'}, 'picture': {'large': 'https://randomuser.me/api/portraits/men/49.jpg', 'medium': 'https://randomuser.me/api/portraits/med/men/49.jpg', 'thumbnail': 'https://randomuser.me/api/portraits/thumb/men/49.jpg'}, 'nat': 'IN'}</msg>
<arg>${json_data['results'][0]}</arg>
<doc>Logs the given message with the given level.</doc>
<status status="PASS" start="2024-04-18T14:12:57.601180" elapsed="0.000409"/>
</kw>
<kw name="Log" owner="BuiltIn">
<msg time="2024-04-18T14:12:57.602004" level="INFO">login</msg>
<arg>${key}</arg>
<doc>Logs the given message with the given level.</doc>
<status status="PASS" start="2024-04-18T14:12:57.601880" elapsed="0.000161"/>
</kw>
<var name="${key}">login</var>
<status status="PASS" start="2024-04-18T14:12:57.600372" elapsed="0.001903"/>
</iter>
<var>${key}</var>
<value>@{expected_keys}</value>
<status status="PASS" start="2024-04-18T14:12:57.591617" elapsed="0.010781"/>
</for>
<kw name="Create List" owner="BuiltIn">
<msg time="2024-04-18T14:12:57.602765" level="INFO">${expected_keysTwo} = ['username', 'password']</msg>
<var>${expected_keysTwo}</var>
<arg>username</arg>
<arg>password</arg>
<doc>Returns a list containing given items.</doc>
<status status="PASS" start="2024-04-18T14:12:57.602628" elapsed="0.000159"/>
</kw>
<for flavor="IN">
<iter>
<kw name="Dictionary Should Contain Key" owner="Collections">
<msg time="2024-04-18T14:12:57.603691" level="INFO">False</msg>
<arg>${json_data['results'][0]['login']}</arg>
<arg>${keyTwo}</arg>
<doc>Fails if ``key`` is not found from ``dictionary``.</doc>
<status status="PASS" start="2024-04-18T14:12:57.603304" elapsed="0.000426"/>
</kw>
<kw name="Dictionary Should Contain Key" owner="Collections">
<msg time="2024-04-18T14:12:57.604500" level="INFO">False</msg>
<arg>${json_data['results'][0]['login']}</arg>
<arg>${keyTwo}</arg>
<doc>Fails if ``key`` is not found from ``dictionary``.</doc>
<status status="PASS" start="2024-04-18T14:12:57.604066" elapsed="0.000470"/>
</kw>
<kw name="Log" owner="BuiltIn">
<msg time="2024-04-18T14:12:57.604960" level="INFO">username</msg>
<arg>${keyTwo}</arg>
<doc>Logs the given message with the given level.</doc>
<status status="PASS" start="2024-04-18T14:12:57.604829" elapsed="0.000173"/>
</kw>
<var name="${keyTwo}">username</var>
<status status="PASS" start="2024-04-18T14:12:57.603193" elapsed="0.002022"/>
</iter>
<iter>
<kw name="Dictionary Should Contain Key" owner="Collections">
<msg time="2024-04-18T14:12:57.605875" level="INFO">False</msg>
<arg>${json_data['results'][0]['login']}</arg>
<arg>${keyTwo}</arg>
<doc>Fails if ``key`` is not found from ``dictionary``.</doc>
<status status="PASS" start="2024-04-18T14:12:57.605495" elapsed="0.000423"/>
</kw>
<kw name="Dictionary Should Contain Key" owner="Collections">
<msg time="2024-04-18T14:12:57.606701" level="INFO">False</msg>
<arg>${json_data['results'][0]['login']}</arg>
<arg>${keyTwo}</arg>
<doc>Fails if ``key`` is not found from ``dictionary``.</doc>
<status status="PASS" start="2024-04-18T14:12:57.606207" elapsed="0.000533"/>
</kw>
<kw name="Log" owner="BuiltIn">
<msg time="2024-04-18T14:12:57.607157" level="INFO">password</msg>
<arg>${keyTwo}</arg>
<doc>Logs the given message with the given level.</doc>
<status status="PASS" start="2024-04-18T14:12:57.607033" elapsed="0.000162"/>
</kw>
<var name="${keyTwo}">password</var>
<status status="PASS" start="2024-04-18T14:12:57.605386" elapsed="0.002023"/>
</iter>
<var>${keyTwo}</var>
<value>@{expected_keysTwo}</value>
<status status="PASS" start="2024-04-18T14:12:57.603022" elapsed="0.004508"/>
</for>
<status status="PASS" start="2024-04-18T14:12:57.492036" elapsed="0.115637"/>
</kw>
<doc>Testa a estrutura da resposta da API.</doc>
<tag>testeEstruturaResposta</tag>
<status status="PASS" start="2024-04-18T14:12:57.491382" elapsed="0.116450"/>
</test>
<test id="s1-s1-t4" name="Validar tipos de dados" line="28">
<kw name="Teste de Tipos de Dados" owner="random-user-service">
<kw name="GET On Session" owner="RequestsLibrary">
<msg time="2024-04-18T14:12:57.681146" level="INFO">GET Request : url=https://randomuser.me/api 
 path_url=/api 
 headers={'User-Agent': 'python-requests/2.31.0', 'Accept-Encoding': 'gzip, deflate', 'Accept': '*/*', 'Connection': 'keep-alive'} 
 body=None 
 </msg>
<msg time="2024-04-18T14:12:57.681241" level="INFO">GET Response : url=https://randomuser.me/api 
 status=200, reason=OK 
 headers={'Date': 'Thu, 18 Apr 2024 14:12:57 GMT', 'Content-Type': 'application/json; charset=utf-8', 'Transfer-Encoding': 'chunked', 'Connection': 'keep-alive', 'X-Powered-By': 'Express', 'Access-Control-Allow-Origin': '*', 'Cache-Control': 'no-cache', 'ETag': 'W/"4a7-R+fJ+1l3d42VefBxVydSeBWGqew"', 'Vary': 'Accept-Encoding', 'Content-Encoding': 'gzip', 'CF-Cache-Status': 'DYNAMIC', 'Report-To': '{"endpoints":[{"url":"https:\\/\\/a.nel.cloudflare.com\\/report\\/v4?s=U8l6gF3FCrHOg0pu6Y6JJbMeUwBn9Qsvdkk2a%2B9zpo9fHDwLc93DHCitNA1eRw%2FPK8FW7wpG2BYUtoS8MWgkDIzGJCgQ9GHQpHGPoh9KBLg78rc2cBuWnbvY2VNkEhA0"}],"group":"cf-nel","max_age":604800}', 'NEL': '{"success_fraction":0,"report_to":"cf-nel","max_age":604800}', 'Server': 'cloudflare', 'CF-RAY': '876540b41d2659f8-IAD', 'alt-svc': 'h3=":443"; ma=86400'} 
 body={"results":[{"gender":"female","name":{"title":"Mrs","first":"Abbie","last":"Bates"},"location":{"street":{"number":5466,"name":"Brick Kiln Road"},"city":"Bristol","state":"Staffordshire","country":"United Kingdom","postcode":"E1 3GD","coordinates":{"latitude":"-7.2092","longitude":"85.5198"},"timezone":{"offset":"+1:00","description":"Brussels, Copenhagen, Madrid, Paris"}},"email":"abbie.bates@example.com","login":{"uuid":"0097811d-0006-4a83-b280-850d689c6d79","username":"beautifulleopard409","password":"kelly","salt":"bczNFomj","md5":"131802fd0a22f910798b8176e8fdfb96","sha1":"a92995f50f84ed6378cc2cc5c06bb9cf66cf1b38","sha256":"961a9bcfa989c79f86374f5aaac1e248df05c015e554a406b29bbec9a9b3dec3"},"dob":{"date":"1944-09-05T22:12:02.997Z","age":79},"registered":{"date":"2019-06-08T20:01:04.778Z","age":4},"phone":"013873 51569","cell":"07278 545242","id":{"name":"NINO","value":"PA 36 05 66 Y"},"picture":{"large":"https://randomuser.me/api/portraits/women/39.jpg","medium":"https://randomuser.me/api/portraits/med/women/39.jpg","thumbnail":"https://randomuser.me/api/portraits/thumb/women/39.jpg"},"nat":"GB"}],"info":{"seed":"12a938c1cbadca92","results":1,"page":1,"version":"1.4"}} 
 </msg>
<msg time="2024-04-18T14:12:57.681315" level="INFO">/opt/hostedtoolcache/Python/3.12.3/x64/lib/python3.12/site-packages/urllib3/connectionpool.py:1103: InsecureRequestWarning: Unverified HTTPS request is being made to host 'randomuser.me'. Adding certificate verification is strongly advised. See: https://urllib3.readthedocs.io/en/latest/advanced-usage.html#tls-warnings
  warnings.warn(</msg>
<msg time="2024-04-18T14:12:57.681439" level="INFO">${response} = &lt;Response [200]&gt;</msg>
<var>${response}</var>
<arg>consultarAPI</arg>
<arg>/api</arg>
<doc>Sends a GET request on a previously created HTTP Session.</doc>
<status status="PASS" start="2024-04-18T14:12:57.610401" elapsed="0.071087"/>
</kw>
<kw name="Set Variable" owner="BuiltIn">
<msg time="2024-04-18T14:12:57.682741" level="INFO">${json_data} = {'results': [{'gender': 'female', 'name': {'title': 'Mrs', 'first': 'Abbie', 'last': 'Bates'}, 'location': {'street': {'number': 5466, 'name': 'Brick Kiln Road'}, 'city': 'Bristol', 'state': 'Stafford...</msg>
<var>${json_data}</var>
<arg>${response.json()}</arg>
<doc>Returns the given values which can then be assigned to a variables.</doc>
<status status="PASS" start="2024-04-18T14:12:57.682096" elapsed="0.000675"/>
</kw>
<kw name="Log" owner="BuiltIn">
<msg time="2024-04-18T14:12:57.683261" level="INFO">{'results': [{'gender': 'female', 'name': {'title': 'Mrs', 'first': 'Abbie', 'last': 'Bates'}, 'location': {'street': {'number': 5466, 'name': 'Brick Kiln Road'}, 'city': 'Bristol', 'state': 'Staffordshire', 'country': 'United Kingdom', 'postcode': 'E1 3GD', 'coordinates': {'latitude': '-7.2092', 'longitude': '85.5198'}, 'timezone': {'offset': '+1:00', 'description': 'Brussels, Copenhagen, Madrid, Paris'}}, 'email': 'abbie.bates@example.com', 'login': {'uuid': '0097811d-0006-4a83-b280-850d689c6d79', 'username': 'beautifulleopard409', 'password': 'kelly', 'salt': 'bczNFomj', 'md5': '131802fd0a22f910798b8176e8fdfb96', 'sha1': 'a92995f50f84ed6378cc2cc5c06bb9cf66cf1b38', 'sha256': '961a9bcfa989c79f86374f5aaac1e248df05c015e554a406b29bbec9a9b3dec3'}, 'dob': {'date': '1944-09-05T22:12:02.997Z', 'age': 79}, 'registered': {'date': '2019-06-08T20:01:04.778Z', 'age': 4}, 'phone': '013873 51569', 'cell': '07278 545242', 'id': {'name': 'NINO', 'value': 'PA 36 05 66 Y'}, 'picture': {'large': 'https://randomuser.me/api/portraits/women/39.jpg', 'medium': 'https://randomuser.me/api/portraits/med/women/39.jpg', 'thumbnail': 'https://randomuser.me/api/portraits/thumb/women/39.jpg'}, 'nat': 'GB'}], 'info': {'seed': '12a938c1cbadca92', 'results': 1, 'page': 1, 'version': '1.4'}}</msg>
<arg>${json_data}</arg>
<doc>Logs the given message with the given level.</doc>
<status status="PASS" start="2024-04-18T14:12:57.683099" elapsed="0.000249"/>
</kw>
<kw name="Should Be String" owner="String">
<arg>${json_data['results'][0]['gender']}</arg>
<doc>Fails if the given ``item`` is not a string.</doc>
<status status="PASS" start="2024-04-18T14:12:57.683649" elapsed="0.000361"/>
</kw>
<kw name="Should Match Regexp" owner="BuiltIn">
<arg>${json_data['results'][0]['email']}</arg>
<arg>^[a-zA-Z0-9._%+-]+@[a-zA-Z0-9.-]+\.[a-zA-Z]{2,}$</arg>
<doc>Fails if ``string`` does not match ``pattern`` as a regular expression.</doc>
<status status="PASS" start="2024-04-18T14:12:57.684204" elapsed="0.000520"/>
</kw>
<kw name="Should Match Regexp" owner="BuiltIn">
<arg>${json_data['results'][0]['dob']['date']}</arg>
<arg>\\d{4}-\\d{2}-\\d{2}T\\d{2}:\\d{2}:\\d{2}\\.\\d{3}Z</arg>
<doc>Fails if ``string`` does not match ``pattern`` as a regular expression.</doc>
<status status="PASS" start="2024-04-18T14:12:57.684919" elapsed="0.000479"/>
</kw>
<kw name="Should Match Regexp" owner="BuiltIn">
<arg>${json_data['results'][0]['registered']['date']}</arg>
<arg>\\d{4}-\\d{2}-\\d{2}T\\d{2}:\\d{2}:\\d{2}\\.\\d{3}Z</arg>
<doc>Fails if ``string`` does not match ``pattern`` as a regular expression.</doc>
<status status="PASS" start="2024-04-18T14:12:57.685585" elapsed="0.000362"/>
</kw>
<kw name="Should Match Regexp" owner="BuiltIn">
<arg>${json_data['results'][0]['picture']['large']}</arg>
<arg>^https?://.*\.(?:png|jpe?g|gif|bmp)$</arg>
<doc>Fails if ``string`` does not match ``pattern`` as a regular expression.</doc>
<status status="PASS" start="2024-04-18T14:12:57.686130" elapsed="0.000503"/>
</kw>
<kw name="Should Match Regexp" owner="BuiltIn">
<arg>${json_data['results'][0]['picture']['medium']}</arg>
<arg>^https?://.*\.(?:png|jpe?g|gif|bmp)$</arg>
<doc>Fails if ``string`` does not match ``pattern`` as a regular expression.</doc>
<status status="PASS" start="2024-04-18T14:12:57.686828" elapsed="0.000358"/>
</kw>
<kw name="Should Match Regexp" owner="BuiltIn">
<arg>${json_data['results'][0]['picture']['thumbnail']}</arg>
<arg>^https?://.*\.(?:png|jpe?g|gif|bmp)$</arg>
<doc>Fails if ``string`` does not match ``pattern`` as a regular expression.</doc>
<status status="PASS" start="2024-04-18T14:12:57.687382" elapsed="0.000355"/>
</kw>
<kw name="Log" owner="BuiltIn">
<msg time="2024-04-18T14:12:57.688241" level="INFO">{'large': 'https://randomuser.me/api/portraits/women/39.jpg', 'medium': 'https://randomuser.me/api/portraits/med/women/39.jpg', 'thumbnail': 'https://randomuser.me/api/portraits/thumb/women/39.jpg'}</msg>
<arg>${json_data['results'][0]['picture']}</arg>
<doc>Logs the given message with the given level.</doc>
<status status="PASS" start="2024-04-18T14:12:57.687916" elapsed="0.000365"/>
</kw>
<status status="PASS" start="2024-04-18T14:12:57.610174" elapsed="0.078367"/>
</kw>
<kw name="Teste de Tipos de Dados - Postcode" owner="random-user-service">
<kw name="GET On Session" owner="RequestsLibrary">
<msg time="2024-04-18T14:12:57.789353" level="INFO">GET Request : url=https://randomuser.me/api 
 path_url=/api 
 headers={'User-Agent': 'python-requests/2.31.0', 'Accept-Encoding': 'gzip, deflate', 'Accept': '*/*', 'Connection': 'keep-alive'} 
 body=None 
 </msg>
<msg time="2024-04-18T14:12:57.789449" level="INFO">GET Response : url=https://randomuser.me/api 
 status=200, reason=OK 
 headers={'Date': 'Thu, 18 Apr 2024 14:12:57 GMT', 'Content-Type': 'application/json; charset=utf-8', 'Transfer-Encoding': 'chunked', 'Connection': 'keep-alive', 'X-Powered-By': 'Express', 'Access-Control-Allow-Origin': '*', 'Cache-Control': 'no-cache', 'ETag': 'W/"49f-oAC0p6owPT8sRqML9EPtM72vezo"', 'Vary': 'Accept-Encoding', 'Content-Encoding': 'gzip', 'CF-Cache-Status': 'DYNAMIC', 'Report-To': '{"endpoints":[{"url":"https:\\/\\/a.nel.cloudflare.com\\/report\\/v4?s=0LqRLPKB6WX%2BeQ%2B8%2FXfdfjbZY5nIJh1nbo5ZkRsPa5y5o2a8bz9BuB6YWhsgH4HrFtCs0fL79bXh9p1PQmmyLqj0UJLw2zFkekARengEfrWf%2BhpZONw3ioWMn2jCitzY"}],"group":"cf-nel","max_age":604800}', 'NEL': '{"success_fraction":0,"report_to":"cf-nel","max_age":604800}', 'Server': 'cloudflare', 'CF-RAY': '876540b49db759f8-IAD', 'alt-svc': 'h3=":443"; ma=86400'} 
 body={"results":[{"gender":"male","name":{"title":"Mr","first":"Julian","last":"Steward"},"location":{"street":{"number":5624,"name":"N Stelling Rd"},"city":"Carrollton","state":"Montana","country":"United States","postcode":16188,"coordinates":{"latitude":"89.3844","longitude":"-57.0820"},"timezone":{"offset":"-6:00","description":"Central Time (US &amp; Canada), Mexico City"}},"email":"julian.steward@example.com","login":{"uuid":"8d388281-0ebd-42b1-8eec-b557708d8297","username":"whitepeacock764","password":"twenty","salt":"d3UZlSeq","md5":"3d26844aa7fc8c9fa1c98b1ed3f2234f","sha1":"76c5487f33f9fe133300090e3c6dce6526a622ac","sha256":"537307403a7374666a477e3d3e0f2006939f6cffd930f1233a912f6333483615"},"dob":{"date":"1963-01-19T05:34:26.825Z","age":61},"registered":{"date":"2008-07-30T21:08:08.969Z","age":15},"phone":"(505) 851-6442","cell":"(396) 276-7158","id":{"name":"SSN","value":"089-02-5765"},"picture":{"large":"https://randomuser.me/api/portraits/men/48.jpg","medium":"https://randomuser.me/api/portraits/med/men/48.jpg","thumbnail":"https://randomuser.me/api/portraits/thumb/men/48.jpg"},"nat":"US"}],"info":{"seed":"e6f460ab21df1c59","results":1,"page":1,"version":"1.4"}} 
 </msg>
<msg time="2024-04-18T14:12:57.789525" level="INFO">/opt/hostedtoolcache/Python/3.12.3/x64/lib/python3.12/site-packages/urllib3/connectionpool.py:1103: InsecureRequestWarning: Unverified HTTPS request is being made to host 'randomuser.me'. Adding certificate verification is strongly advised. See: https://urllib3.readthedocs.io/en/latest/advanced-usage.html#tls-warnings
  warnings.warn(</msg>
<msg time="2024-04-18T14:12:57.789661" level="INFO">${response} = &lt;Response [200]&gt;</msg>
<var>${response}</var>
<arg>consultarAPI</arg>
<arg>/api</arg>
<doc>Sends a GET request on a previously created HTTP Session.</doc>
<status status="PASS" start="2024-04-18T14:12:57.688999" elapsed="0.100703"/>
</kw>
<kw name="Set Variable" owner="BuiltIn">
<msg time="2024-04-18T14:12:57.790980" level="INFO">${json_data} = {'results': [{'gender': 'male', 'name': {'title': 'Mr', 'first': 'Julian', 'last': 'Steward'}, 'location': {'street': {'number': 5624, 'name': 'N Stelling Rd'}, 'city': 'Carrollton', 'state': 'Montana...</msg>
<var>${json_data}</var>
<arg>${response.json()}</arg>
<doc>Returns the given values which can then be assigned to a variables.</doc>
<status status="PASS" start="2024-04-18T14:12:57.790346" elapsed="0.000662"/>
</kw>
<kw name="Log" owner="BuiltIn">
<msg time="2024-04-18T14:12:57.791486" level="INFO">{'results': [{'gender': 'male', 'name': {'title': 'Mr', 'first': 'Julian', 'last': 'Steward'}, 'location': {'street': {'number': 5624, 'name': 'N Stelling Rd'}, 'city': 'Carrollton', 'state': 'Montana', 'country': 'United States', 'postcode': 16188, 'coordinates': {'latitude': '89.3844', 'longitude': '-57.0820'}, 'timezone': {'offset': '-6:00', 'description': 'Central Time (US &amp; Canada), Mexico City'}}, 'email': 'julian.steward@example.com', 'login': {'uuid': '8d388281-0ebd-42b1-8eec-b557708d8297', 'username': 'whitepeacock764', 'password': 'twenty', 'salt': 'd3UZlSeq', 'md5': '3d26844aa7fc8c9fa1c98b1ed3f2234f', 'sha1': '76c5487f33f9fe133300090e3c6dce6526a622ac', 'sha256': '537307403a7374666a477e3d3e0f2006939f6cffd930f1233a912f6333483615'}, 'dob': {'date': '1963-01-19T05:34:26.825Z', 'age': 61}, 'registered': {'date': '2008-07-30T21:08:08.969Z', 'age': 15}, 'phone': '(505) 851-6442', 'cell': '(396) 276-7158', 'id': {'name': 'SSN', 'value': '089-02-5765'}, 'picture': {'large': 'https://randomuser.me/api/portraits/men/48.jpg', 'medium': 'https://randomuser.me/api/portraits/med/men/48.jpg', 'thumbnail': 'https://randomuser.me/api/portraits/thumb/men/48.jpg'}, 'nat': 'US'}], 'info': {'seed': 'e6f460ab21df1c59', 'results': 1, 'page': 1, 'version': '1.4'}}</msg>
<arg>${json_data}</arg>
<doc>Logs the given message with the given level.</doc>
<status status="PASS" start="2024-04-18T14:12:57.791329" elapsed="0.000241"/>
</kw>
<kw name="Should Be Equal As Numbers" owner="BuiltIn">
<arg>${json_data['results'][0]['location']['postcode']}</arg>
<arg>${json_data['results'][0]['location']['postcode']}</arg>
<doc>Fails if objects are unequal after converting them to real numbers.</doc>
<status status="PASS" start="2024-04-18T14:12:57.791873" elapsed="0.000802"/>
</kw>
<kw name="Log" owner="BuiltIn">
<msg time="2024-04-18T14:12:57.793200" level="INFO">16188</msg>
<arg>${json_data['results'][0]['location']['postcode']}</arg>
<doc>Logs the given message with the given level.</doc>
<status status="PASS" start="2024-04-18T14:12:57.792865" elapsed="0.000375"/>
</kw>
<status status="PASS" start="2024-04-18T14:12:57.688764" elapsed="0.104731"/>
</kw>
<doc>Testa se os tipos de dados na resposta da API estão corretos.</doc>
<tag>testeTiposDados</tag>
<status status="PASS" start="2024-04-18T14:12:57.609609" elapsed="0.184049"/>
</test>
<test id="s1-s1-t5" name="Validar conteudo" line="35">
<kw name="Teste de Tipos de Conteudo" owner="random-user-service">
<kw name="GET On Session" owner="RequestsLibrary">
<msg time="2024-04-18T14:12:57.888692" level="INFO">GET Request : url=https://randomuser.me/api 
 path_url=/api 
 headers={'User-Agent': 'python-requests/2.31.0', 'Accept-Encoding': 'gzip, deflate', 'Accept': '*/*', 'Connection': 'keep-alive'} 
 body=None 
 </msg>
<msg time="2024-04-18T14:12:57.888808" level="INFO">GET Response : url=https://randomuser.me/api 
 status=200, reason=OK 
 headers={'Date': 'Thu, 18 Apr 2024 14:12:57 GMT', 'Content-Type': 'application/json; charset=utf-8', 'Transfer-Encoding': 'chunked', 'Connection': 'keep-alive', 'X-Powered-By': 'Express', 'Access-Control-Allow-Origin': '*', 'Cache-Control': 'no-cache', 'ETag': 'W/"49a-XvF5Z4M3cNV4Sfr57g7pT5zhxrw"', 'Vary': 'Accept-Encoding', 'Content-Encoding': 'gzip', 'CF-Cache-Status': 'DYNAMIC', 'Report-To': '{"endpoints":[{"url":"https:\\/\\/a.nel.cloudflare.com\\/report\\/v4?s=oQwVoUFme6FqsADue%2BCCFn1GB2tiq2lVkpowvSt30CrK8T8ELuLBWPr5nOiMK8LKX6dKEJwR3lMKF9b2aepOloceJPRt23j3a4DfBAXz2FZPO%2Bf1fBzYbXwuoChc%2FDeO"}],"group":"cf-nel","max_age":604800}', 'NEL': '{"success_fraction":0,"report_to":"cf-nel","max_age":604800}', 'Server': 'cloudflare', 'CF-RAY': '876540b54e2559f8-IAD', 'alt-svc': 'h3=":443"; ma=86400'} 
 body={"results":[{"gender":"male","name":{"title":"Mr","first":"پرهام","last":"احمدی"},"location":{"street":{"number":6528,"name":"ایران"},"city":"خوی","state":"کهگیلویه و بویراحمد","country":"Iran","postcode":96973,"coordinates":{"latitude":"16.7208","longitude":"-175.9235"},"timezone":{"offset":"+1:00","description":"Brussels, Copenhagen, Madrid, Paris"}},"email":"prhm.hmdy@example.com","login":{"uuid":"f07a26ef-3f29-4e1f-be96-c609b80e600c","username":"organicgoose807","password":"tito","salt":"p8kL5h7o","md5":"88f3cc667d631cc691765049e1f5ce88","sha1":"c8e9b936f64222f5a971746b18659dc6bb0b3a64","sha256":"84eb3afb6ae1e740173dc557e6623c05d80bba35ee8b98687387b0f2df9e2718"},"dob":{"date":"1969-04-06T15:38:53.062Z","age":55},"registered":{"date":"2002-03-26T23:17:09.189Z","age":22},"phone":"075-09300755","cell":"0925-681-4757","id":{"name":"","value":null},"picture":{"large":"https://randomuser.me/api/portraits/men/58.jpg","medium":"https://randomuser.me/api/portraits/med/men/58.jpg","thumbnail":"https://randomuser.me/api/portraits/thumb/men/58.jpg"},"nat":"IR"}],"info":{"seed":"3a8328d65e4c5a02","results":1,"page":1,"version":"1.4"}} 
 </msg>
<msg time="2024-04-18T14:12:57.888894" level="INFO">/opt/hostedtoolcache/Python/3.12.3/x64/lib/python3.12/site-packages/urllib3/connectionpool.py:1103: InsecureRequestWarning: Unverified HTTPS request is being made to host 'randomuser.me'. Adding certificate verification is strongly advised. See: https://urllib3.readthedocs.io/en/latest/advanced-usage.html#tls-warnings
  warnings.warn(</msg>
<msg time="2024-04-18T14:12:57.889042" level="INFO">${response} = &lt;Response [200]&gt;</msg>
<var>${response}</var>
<arg>consultarAPI</arg>
<arg>/api</arg>
<doc>Sends a GET request on a previously created HTTP Session.</doc>
<status status="PASS" start="2024-04-18T14:12:57.796310" elapsed="0.092780"/>
</kw>
<kw name="Set Variable" owner="BuiltIn">
<msg time="2024-04-18T14:12:57.890303" level="INFO">${json_data} = {'results': [{'gender': 'male', 'name': {'title': 'Mr', 'first': 'پرهام', 'last': 'احمدی'}, 'location': {'street': {'number': 6528, 'name': 'ایران'}, 'city': 'خوی', 'state': 'کهگیلویه و بویراحمد', 'co...</msg>
<var>${json_data}</var>
<arg>${response.json()}</arg>
<doc>Returns the given values which can then be assigned to a variables.</doc>
<status status="PASS" start="2024-04-18T14:12:57.889726" elapsed="0.000608"/>
</kw>
<kw name="Set Variable" owner="BuiltIn">
<msg time="2024-04-18T14:12:57.891088" level="INFO">${name_title} = Mr</msg>
<var>${name_title}</var>
<arg>${json_data["results"][0]["name"]["title"]}</arg>
<doc>Returns the given values which can then be assigned to a variables.</doc>
<status status="PASS" start="2024-04-18T14:12:57.890693" elapsed="0.000421"/>
</kw>
<kw name="Create List" owner="BuiltIn">
<msg time="2024-04-18T14:12:57.891571" level="INFO">${allowed_titles} = ['Mr', 'Ms', 'Miss', 'Mrs', 'Madame', 'Monsieur']</msg>
<var>${allowed_titles}</var>
<arg>Mr</arg>
<arg>Ms</arg>
<arg>Miss</arg>
<arg>Mrs</arg>
<arg>Madame</arg>
<arg>Monsieur</arg>
<doc>Returns a list containing given items.</doc>
<status status="PASS" start="2024-04-18T14:12:57.891420" elapsed="0.000175"/>
</kw>
<kw name="List Should Contain Value" owner="Collections">
<msg time="2024-04-18T14:12:57.892074" level="INFO">False</msg>
<arg>${allowed_titles}</arg>
<arg>${name_title}</arg>
<doc>Fails if the ``value`` is not found from ``list``.</doc>
<status status="PASS" start="2024-04-18T14:12:57.891898" elapsed="0.000215"/>
</kw>
<kw name="Set Variable" owner="BuiltIn">
<msg time="2024-04-18T14:12:57.892792" level="INFO">${name_country} = IR</msg>
<var>${name_country}</var>
<arg>${json_data["results"][0]["nat"]}</arg>
<doc>Returns the given values which can then be assigned to a variables.</doc>
<status status="PASS" start="2024-04-18T14:12:57.892405" elapsed="0.000413"/>
</kw>
<kw name="Create List" owner="BuiltIn">
<msg time="2024-04-18T14:12:57.893709" level="INFO">${list_country} = ['AD', 'AE', 'AF', 'AG', 'AI', 'AL', 'AM', 'AO', 'AQ', 'AR', 'AS', 'AT', 'AU', 'AW', 'AX', 'AZ', 'BA', 'BB', 'BD', 'BE', 'BF', 'BG', 'BH', 'BI', 'BJ', 'BL', 'BM', 'BN', 'BO', 'BQ', 'BR', 'BS', 'BT', '...</msg>
<var>${list_country}</var>
<arg>AD</arg>
<arg>AE</arg>
<arg>AF</arg>
<arg>AG</arg>
<arg>AI</arg>
<arg>AL</arg>
<arg>AM</arg>
<arg>AO</arg>
<arg>AQ</arg>
<arg>AR</arg>
<arg>AS</arg>
<arg>AT</arg>
<arg>AU</arg>
<arg>AW</arg>
<arg>AX</arg>
<arg>AZ</arg>
<arg>BA</arg>
<arg>BB</arg>
<arg>BD</arg>
<arg>BE</arg>
<arg>BF</arg>
<arg>BG</arg>
<arg>BH</arg>
<arg>BI</arg>
<arg>BJ</arg>
<arg>BL</arg>
<arg>BM</arg>
<arg>BN</arg>
<arg>BO</arg>
<arg>BQ</arg>
<arg>BR</arg>
<arg>BS</arg>
<arg>BT</arg>
<arg>BV</arg>
<arg>BW</arg>
<arg>BY</arg>
<arg>BZ</arg>
<arg>CA</arg>
<arg>CC</arg>
<arg>CD</arg>
<arg>CF</arg>
<arg>CG</arg>
<arg>CH</arg>
<arg>CI</arg>
<arg>CK</arg>
<arg>CL</arg>
<arg>CM</arg>
<arg>CN</arg>
<arg>CO</arg>
<arg>CR</arg>
<arg>CU</arg>
<arg>CV</arg>
<arg>CW</arg>
<arg>CX</arg>
<arg>CY</arg>
<arg>CZ</arg>
<arg>DE</arg>
<arg>DJ</arg>
<arg>DK</arg>
<arg>DM</arg>
<arg>DO</arg>
<arg>DZ</arg>
<arg>EC</arg>
<arg>EE</arg>
<arg>EG</arg>
<arg>EH</arg>
<arg>ER</arg>
<arg>ES</arg>
<arg>ET</arg>
<arg>FI</arg>
<arg>FJ</arg>
<arg>FK</arg>
<arg>FM</arg>
<arg>FO</arg>
<arg>FR</arg>
<arg>GA</arg>
<arg>GB</arg>
<arg>GD</arg>
<arg>GE</arg>
<arg>GF</arg>
<arg>GG</arg>
<arg>GH</arg>
<arg>GI</arg>
<arg>GL</arg>
<arg>GM</arg>
<arg>GN</arg>
<arg>GP</arg>
<arg>GQ</arg>
<arg>GR</arg>
<arg>GS</arg>
<arg>GT</arg>
<arg>GU</arg>
<arg>GW</arg>
<arg>GY</arg>
<arg>HK</arg>
<arg>HM</arg>
<arg>HN</arg>
<arg>HR</arg>
<arg>HT</arg>
<arg>HU</arg>
<arg>ID</arg>
<arg>IE</arg>
<arg>IL</arg>
<arg>IM</arg>
<arg>IN</arg>
<arg>IO</arg>
<arg>IQ</arg>
<arg>IR</arg>
<arg>IS</arg>
<arg>IT</arg>
<arg>JE</arg>
<arg>JM</arg>
<arg>JO</arg>
<arg>JP</arg>
<arg>KE</arg>
<arg>KG</arg>
<arg>KH</arg>
<arg>KI</arg>
<arg>KM</arg>
<arg>KN</arg>
<arg>KP</arg>
<arg>KR</arg>
<arg>KW</arg>
<arg>KY</arg>
<arg>KZ</arg>
<arg>LA</arg>
<arg>LB</arg>
<arg>LC</arg>
<arg>LI</arg>
<arg>LK</arg>
<arg>LR</arg>
<arg>LS</arg>
<arg>LT</arg>
<arg>LU</arg>
<arg>LV</arg>
<arg>LY</arg>
<arg>MA</arg>
<arg>MC</arg>
<arg>MD</arg>
<arg>ME</arg>
<arg>MF</arg>
<arg>MG</arg>
<arg>MH</arg>
<arg>MK</arg>
<arg>ML</arg>
<arg>MM</arg>
<arg>MN</arg>
<arg>MO</arg>
<arg>MP</arg>
<arg>MQ</arg>
<arg>MR</arg>
<arg>MS</arg>
<arg>MT</arg>
<arg>MU</arg>
<arg>MV</arg>
<arg>MW</arg>
<arg>MX</arg>
<arg>MY</arg>
<arg>MZ</arg>
<arg>NA</arg>
<arg>NC</arg>
<arg>NE</arg>
<arg>NF</arg>
<arg>NG</arg>
<arg>NI</arg>
<arg>NL</arg>
<arg>NO</arg>
<arg>NP</arg>
<arg>NR</arg>
<arg>NU</arg>
<arg>NZ</arg>
<arg>OM</arg>
<arg>PA</arg>
<arg>PE</arg>
<arg>PF</arg>
<arg>PG</arg>
<arg>PH</arg>
<arg>PK</arg>
<arg>PL</arg>
<arg>PM</arg>
<arg>PN</arg>
<arg>PR</arg>
<arg>PS</arg>
<arg>PT</arg>
<arg>PW</arg>
<arg>PY</arg>
<arg>QA</arg>
<arg>RE</arg>
<arg>RO</arg>
<arg>RS</arg>
<arg>RU</arg>
<arg>RW</arg>
<arg>SA</arg>
<arg>SB</arg>
<arg>SC</arg>
<arg>SD</arg>
<arg>SE</arg>
<arg>SG</arg>
<arg>SH</arg>
<arg>SI</arg>
<arg>SJ</arg>
<arg>SK</arg>
<arg>SL</arg>
<arg>SM</arg>
<arg>SN</arg>
<arg>SO</arg>
<arg>SR</arg>
<arg>SS</arg>
<arg>ST</arg>
<arg>SV</arg>
<arg>SX</arg>
<arg>SY</arg>
<arg>SZ</arg>
<arg>TC</arg>
<arg>TD</arg>
<arg>TF</arg>
<arg>TG</arg>
<arg>TH</arg>
<arg>TJ</arg>
<arg>TK</arg>
<arg>TL</arg>
<arg>TM</arg>
<arg>TN</arg>
<arg>TO</arg>
<arg>TR</arg>
<arg>TT</arg>
<arg>TV</arg>
<arg>TW</arg>
<arg>TZ</arg>
<arg>UA</arg>
<arg>UG</arg>
<arg>UM</arg>
<arg>US</arg>
<arg>UY</arg>
<arg>UZ</arg>
<arg>VA</arg>
<arg>VC</arg>
<arg>VE</arg>
<arg>VG</arg>
<arg>VI</arg>
<arg>VN</arg>
<arg>VU</arg>
<arg>WF</arg>
<arg>WS</arg>
<arg>XK</arg>
<arg>YE</arg>
<arg>YT</arg>
<arg>ZA</arg>
<arg>ZM</arg>
<arg>ZW</arg>
<doc>Returns a list containing given items.</doc>
<status status="PASS" start="2024-04-18T14:12:57.893119" elapsed="0.000615"/>
</kw>
<kw name="List Should Contain Value" owner="Collections">
<msg time="2024-04-18T14:12:57.894769" level="INFO">False</msg>
<arg>${list_country}</arg>
<arg>${name_country}</arg>
<doc>Fails if the ``value`` is not found from ``list``.</doc>
<status status="PASS" start="2024-04-18T14:12:57.894567" elapsed="0.000238"/>
</kw>
<kw name="Run Keyword If" owner="BuiltIn">
<kw name="Should Be True" owner="BuiltIn">
<arg>${True}</arg>
<doc>Fails if the given condition is not true.</doc>
<status status="PASS" start="2024-04-18T14:12:57.895889" elapsed="0.000145"/>
</kw>
<arg>${json_data["results"][0]["location"]["coordinates"]["latitude"]} &gt;= -90 and ${json_data["results"][0]["location"]["coordinates"]["latitude"]} &lt;= 90</arg>
<arg>Should Be True</arg>
<arg>${True}</arg>
<doc>Runs the given keyword with the given arguments, if ``condition`` is true.</doc>
<status status="PASS" start="2024-04-18T14:12:57.895119" elapsed="0.001042"/>
</kw>
<kw name="Run Keyword If" owner="BuiltIn">
<kw name="Should Be True" owner="BuiltIn">
<arg>${True}</arg>
<doc>Fails if the given condition is not true.</doc>
<status status="PASS" start="2024-04-18T14:12:57.897049" elapsed="0.000259"/>
</kw>
<arg>${json_data["results"][0]["location"]["coordinates"]["longitude"]} &gt;= -180 and ${json_data["results"][0]["location"]["coordinates"]["longitude"]} &lt;= 180</arg>
<arg>Should Be True</arg>
<arg>${True}</arg>
<doc>Runs the given keyword with the given arguments, if ``condition`` is true.</doc>
<status status="PASS" start="2024-04-18T14:12:57.896346" elapsed="0.001090"/>
</kw>
<status status="PASS" start="2024-04-18T14:12:57.796077" elapsed="0.101493"/>
</kw>
<doc>Testa o conteúdo específico dos campos retornados pela API.</doc>
<tag>testeConteudo</tag>
<status status="PASS" start="2024-04-18T14:12:57.795464" elapsed="0.102258"/>
</test>
<status status="PASS" start="2024-04-18T14:12:56.866830" elapsed="1.032956"/>
</suite>
<status status="PASS" start="2024-04-18T14:12:56.853091" elapsed="1.051923"/>
</suite>
<statistics>
<total>
<stat pass="5" fail="0" skip="0">All Tests</stat>
</total>
<tag>
<stat pass="1" fail="0" skip="0">testeConteudo</stat>
<stat pass="1" fail="0" skip="0">testeEstruturaResposta</stat>
<stat pass="1" fail="0" skip="0">testeRequisicaoBasica</stat>
<stat pass="1" fail="0" skip="0">testeTiposDados</stat>
</tag>
<suite>
<stat pass="5" fail="0" skip="0" id="s1" name="Tests">Tests</stat>
<stat pass="5" fail="0" skip="0" id="s1-s1" name="Random-User-Test">Tests.Random-User-Test</stat>
</suite>
</statistics>
<errors>
</errors>
</robot>
