<?xml version="1.0" encoding="UTF-8"?>
<robot generator="Robot 7.0 (Python 3.12.3 on linux)" generated="2024-05-30T21:15:21.637965" rpa="false" schemaversion="5">
<suite id="s1" name="Tests" source="/home/runner/work/ApiRandomUser/ApiRandomUser/RamdonUser/tests">
<suite id="s1-s1" name="Random-User-Test" source="/home/runner/work/ApiRandomUser/ApiRandomUser/RamdonUser/tests/random-user-test.robot">
<test id="s1-s1-t1" name="Conectar" line="13">
<kw name="Conectar API" owner="random-user-service">
<kw name="Create Session" owner="RequestsLibrary">
<msg time="2024-05-30T21:15:22.019727" level="INFO">Creating Session using : alias=consultarAPI, url=https://randomuser.me/, headers={},                     cookies={}, auth=None, timeout=None, proxies=None, verify=False,                     debug=0 </msg>
<arg>consultarAPI</arg>
<arg>${URL}</arg>
<doc>Create Session: create a HTTP session to a server</doc>
<status status="PASS" start="2024-05-30T21:15:22.019523" elapsed="0.000376"/>
</kw>
<status status="PASS" start="2024-05-30T21:15:22.018479" elapsed="0.001787"/>
</kw>
<status status="PASS" start="2024-05-30T21:15:22.017901" elapsed="0.002562"/>
</test>
<test id="s1-s1-t2" name="Validar retorno 200 e JSON Válido" line="16">
<kw name="Teste de Requisicao Basica" owner="random-user-service">
<kw name="GET On Session" owner="RequestsLibrary">
<msg time="2024-05-30T21:15:22.223695" level="INFO">GET Request : url=https://randomuser.me/api 
 path_url=/api 
 headers={'User-Agent': 'python-requests/2.32.3', 'Accept-Encoding': 'gzip, deflate', 'Accept': '*/*', 'Connection': 'keep-alive'} 
 body=None 
 </msg>
<msg time="2024-05-30T21:15:22.223864" level="INFO">GET Response : url=https://randomuser.me/api 
 status=200, reason=OK 
 headers={'Date': 'Thu, 30 May 2024 21:15:22 GMT', 'Content-Type': 'application/json; charset=utf-8', 'Transfer-Encoding': 'chunked', 'Connection': 'keep-alive', 'X-Powered-By': 'Express', 'Access-Control-Allow-Origin': '*', 'Cache-Control': 'no-cache', 'ETag': 'W/"48c-Yey0JN2FM8yiZzxIw3igR/zfQuo"', 'Vary': 'Accept-Encoding', 'Content-Encoding': 'gzip', 'CF-Cache-Status': 'DYNAMIC', 'Report-To': '{"endpoints":[{"url":"https:\\/\\/a.nel.cloudflare.com\\/report\\/v4?s=Qo1YXEyQmkC60hGWP2IyA3R5ix%2B0heg1FmTz4kBkMrcPUE7AaymhcuekW3JN%2BjKR85Y2bqr6aF%2FlAtbGKKk9Ce%2Fbo44SaWW8gyFZ%2FB%2FlrtiPVCV682uumR85%2BT7wBPaS"}],"group":"cf-nel","max_age":604800}', 'NEL': '{"success_fraction":0,"report_to":"cf-nel","max_age":604800}', 'Server': 'cloudflare', 'CF-RAY': '88c1bd3798f839b5-IAD', 'alt-svc': 'h3=":443"; ma=86400'} 
 body={"results":[{"gender":"male","name":{"title":"Monsieur","first":"Giacomo","last":"Hubert"},"location":{"street":{"number":9292,"name":"Rue Saint-Georges"},"city":"Härkingen","state":"Schwyz","country":"Switzerland","postcode":5299,"coordinates":{"latitude":"-63.0462","longitude":"-74.3222"},"timezone":{"offset":"-2:00","description":"Mid-Atlantic"}},"email":"giacomo.hubert@example.com","login":{"uuid":"575ef5a1-9b84-452c-8775-756e7a54919a","username":"heavygoose525","password":"jasmin","salt":"KQGrwkVH","md5":"4eae5a80511ed32976e0ce0c3fe064b2","sha1":"f2ab190b57e56929945e89b9d95ab77416fe854d","sha256":"ea01a9ac5a7a1d0604a0d026b599c9dd0ab055205b8a03c6d2ccf0517a2a7dca"},"dob":{"date":"1962-11-24T19:45:53.980Z","age":61},"registered":{"date":"2010-12-20T15:59:11.417Z","age":13},"phone":"078 326 05 68","cell":"075 879 14 95","id":{"name":"AVS","value":"756.2398.8141.54"},"picture":{"large":"https://randomuser.me/api/portraits/men/89.jpg","medium":"https://randomuser.me/api/portraits/med/men/89.jpg","thumbnail":"https://randomuser.me/api/portraits/thumb/men/89.jpg"},"nat":"CH"}],"info":{"seed":"078e384d32ea7f60","results":1,"page":1,"version":"1.4"}} 
 </msg>
<msg time="2024-05-30T21:15:22.223966" level="INFO">/opt/hostedtoolcache/Python/3.12.3/x64/lib/python3.12/site-packages/urllib3/connectionpool.py:1103: InsecureRequestWarning: Unverified HTTPS request is being made to host 'randomuser.me'. Adding certificate verification is strongly advised. See: https://urllib3.readthedocs.io/en/latest/advanced-usage.html#tls-warnings
  warnings.warn(</msg>
<msg time="2024-05-30T21:15:22.224155" level="INFO">${response} = &lt;Response [200]&gt;</msg>
<var>${response}</var>
<arg>consultarAPI</arg>
<arg>/api</arg>
<doc>Sends a GET request on a previously created HTTP Session.</doc>
<status status="PASS" start="2024-05-30T21:15:22.023268" elapsed="0.200947"/>
</kw>
<kw name="Should Be Equal As Numbers" owner="BuiltIn">
<msg time="2024-05-30T21:15:22.225313" level="INFO">Argument types are:
&lt;class 'int'&gt;
&lt;class 'str'&gt;</msg>
<arg>${response.status_code}</arg>
<arg>200</arg>
<doc>Fails if objects are unequal after converting them to real numbers.</doc>
<status status="PASS" start="2024-05-30T21:15:22.224817" elapsed="0.000564"/>
</kw>
<kw name="Log" owner="BuiltIn">
<msg time="2024-05-30T21:15:22.226090" level="INFO">200</msg>
<arg>${response.status_code}</arg>
<doc>Logs the given message with the given level.</doc>
<status status="PASS" start="2024-05-30T21:15:22.225733" elapsed="0.000406"/>
</kw>
<kw name="Set Variable" owner="BuiltIn">
<msg time="2024-05-30T21:15:22.226897" level="INFO">${json_data} = {'results': [{'gender': 'male', 'name': {'title': 'Monsieur', 'first': 'Giacomo', 'last': 'Hubert'}, 'location': {'street': {'number': 9292, 'name': 'Rue Saint-Georges'}, 'city': 'Härkingen', 'state':...</msg>
<var>${json_data}</var>
<arg>${response.json()}</arg>
<doc>Returns the given values which can then be assigned to a variables.</doc>
<status status="PASS" start="2024-05-30T21:15:22.226453" elapsed="0.000476"/>
</kw>
<kw name="Dictionary Should Contain Key" owner="Collections">
<msg time="2024-05-30T21:15:22.227412" level="INFO">False</msg>
<arg>${json_data}</arg>
<arg>results</arg>
<doc>Fails if ``key`` is not found from ``dictionary``.</doc>
<status status="PASS" start="2024-05-30T21:15:22.227235" elapsed="0.000371"/>
</kw>
<status status="PASS" start="2024-05-30T21:15:22.023018" elapsed="0.204857"/>
</kw>
<doc>Testa se a API responde corretamente e retorna um objeto JSON válido.</doc>
<tag>testeRequisicaoBasica</tag>
<status status="PASS" start="2024-05-30T21:15:22.022411" elapsed="0.205648"/>
</test>
<test id="s1-s1-t3" name="Validar estrutura de resposta" line="22">
<kw name="Teste de Estrutura de Resposta" owner="random-user-service">
<kw name="GET On Session" owner="RequestsLibrary">
<msg time="2024-05-30T21:15:22.335299" level="INFO">GET Request : url=https://randomuser.me/api 
 path_url=/api 
 headers={'User-Agent': 'python-requests/2.32.3', 'Accept-Encoding': 'gzip, deflate', 'Accept': '*/*', 'Connection': 'keep-alive'} 
 body=None 
 </msg>
<msg time="2024-05-30T21:15:22.335383" level="INFO">GET Response : url=https://randomuser.me/api 
 status=200, reason=OK 
 headers={'Date': 'Thu, 30 May 2024 21:15:22 GMT', 'Content-Type': 'application/json; charset=utf-8', 'Transfer-Encoding': 'chunked', 'Connection': 'keep-alive', 'X-Powered-By': 'Express', 'Access-Control-Allow-Origin': '*', 'Cache-Control': 'no-cache', 'ETag': 'W/"488-mjSBTm0evtcfQfZ1L7/cgyKSpDs"', 'Vary': 'Accept-Encoding', 'Content-Encoding': 'gzip', 'CF-Cache-Status': 'DYNAMIC', 'Report-To': '{"endpoints":[{"url":"https:\\/\\/a.nel.cloudflare.com\\/report\\/v4?s=P745t8CD2cz8JkFHXkiXLerbyyTNnGqtk3DFQ%2B5IE%2FktDDrCkv065NCyx6jLYJH7AsnNMF5fmt11yvuAjdMAdpkQuZbeHejTixkfERVN5hICtbR8Wyv%2Fx5nX2gUGg6Yq"}],"group":"cf-nel","max_age":604800}', 'NEL': '{"success_fraction":0,"report_to":"cf-nel","max_age":604800}', 'Server': 'cloudflare', 'CF-RAY': '88c1bd37f96339b5-IAD', 'alt-svc': 'h3=":443"; ma=86400'} 
 body={"results":[{"gender":"female","name":{"title":"Ms","first":"Amber","last":"Smith"},"location":{"street":{"number":1243,"name":"South Western Arterial"},"city":"Wellington","state":"Waikato","country":"New Zealand","postcode":97405,"coordinates":{"latitude":"54.5008","longitude":"55.9277"},"timezone":{"offset":"+2:00","description":"Kaliningrad, South Africa"}},"email":"amber.smith@example.com","login":{"uuid":"1af81ced-f866-413b-8503-ee2ebbb32964","username":"browntiger933","password":"1977","salt":"IzxepTqw","md5":"710a29e14c79cf1cb00575d5173572e1","sha1":"263c5299e81e19496ed7defb936c8897e281d3f2","sha256":"3acba2fc543c9d828a5f51e838ac7b7943980748b39268bddc09d37509c0347e"},"dob":{"date":"1953-10-06T00:48:43.928Z","age":70},"registered":{"date":"2020-04-10T19:45:00.833Z","age":4},"phone":"(772)-163-2196","cell":"(810)-595-4544","id":{"name":"","value":null},"picture":{"large":"https://randomuser.me/api/portraits/women/67.jpg","medium":"https://randomuser.me/api/portraits/med/women/67.jpg","thumbnail":"https://randomuser.me/api/portraits/thumb/women/67.jpg"},"nat":"NZ"}],"info":{"seed":"d85ac4f39ecec329","results":1,"page":1,"version":"1.4"}} 
 </msg>
<msg time="2024-05-30T21:15:22.335499" level="INFO">/opt/hostedtoolcache/Python/3.12.3/x64/lib/python3.12/site-packages/urllib3/connectionpool.py:1103: InsecureRequestWarning: Unverified HTTPS request is being made to host 'randomuser.me'. Adding certificate verification is strongly advised. See: https://urllib3.readthedocs.io/en/latest/advanced-usage.html#tls-warnings
  warnings.warn(</msg>
<msg time="2024-05-30T21:15:22.335628" level="INFO">${response} = &lt;Response [200]&gt;</msg>
<var>${response}</var>
<arg>consultarAPI</arg>
<arg>/api</arg>
<doc>Sends a GET request on a previously created HTTP Session.</doc>
<status status="PASS" start="2024-05-30T21:15:22.230812" elapsed="0.104858"/>
</kw>
<kw name="Set Variable" owner="BuiltIn">
<msg time="2024-05-30T21:15:22.336522" level="INFO">${json_data} = {'results': [{'gender': 'female', 'name': {'title': 'Ms', 'first': 'Amber', 'last': 'Smith'}, 'location': {'street': {'number': 1243, 'name': 'South Western Arterial'}, 'city': 'Wellington', 'state': ...</msg>
<var>${json_data}</var>
<arg>${response.json()}</arg>
<doc>Returns the given values which can then be assigned to a variables.</doc>
<status status="PASS" start="2024-05-30T21:15:22.336062" elapsed="0.000491"/>
</kw>
<kw name="Log" owner="BuiltIn">
<msg time="2024-05-30T21:15:22.337056" level="INFO">{'results': [{'gender': 'female', 'name': {'title': 'Ms', 'first': 'Amber', 'last': 'Smith'}, 'location': {'street': {'number': 1243, 'name': 'South Western Arterial'}, 'city': 'Wellington', 'state': 'Waikato', 'country': 'New Zealand', 'postcode': 97405, 'coordinates': {'latitude': '54.5008', 'longitude': '55.9277'}, 'timezone': {'offset': '+2:00', 'description': 'Kaliningrad, South Africa'}}, 'email': 'amber.smith@example.com', 'login': {'uuid': '1af81ced-f866-413b-8503-ee2ebbb32964', 'username': 'browntiger933', 'password': '1977', 'salt': 'IzxepTqw', 'md5': '710a29e14c79cf1cb00575d5173572e1', 'sha1': '263c5299e81e19496ed7defb936c8897e281d3f2', 'sha256': '3acba2fc543c9d828a5f51e838ac7b7943980748b39268bddc09d37509c0347e'}, 'dob': {'date': '1953-10-06T00:48:43.928Z', 'age': 70}, 'registered': {'date': '2020-04-10T19:45:00.833Z', 'age': 4}, 'phone': '(772)-163-2196', 'cell': '(810)-595-4544', 'id': {'name': '', 'value': None}, 'picture': {'large': 'https://randomuser.me/api/portraits/women/67.jpg', 'medium': 'https://randomuser.me/api/portraits/med/women/67.jpg', 'thumbnail': 'https://randomuser.me/api/portraits/thumb/women/67.jpg'}, 'nat': 'NZ'}], 'info': {'seed': 'd85ac4f39ecec329', 'results': 1, 'page': 1, 'version': '1.4'}}</msg>
<arg>${json_data}</arg>
<doc>Logs the given message with the given level.</doc>
<status status="PASS" start="2024-05-30T21:15:22.336865" elapsed="0.000256"/>
</kw>
<kw name="Dictionary Should Contain Key" owner="Collections">
<msg time="2024-05-30T21:15:22.337592" level="INFO">False</msg>
<arg>${json_data}</arg>
<arg>results</arg>
<doc>Fails if ``key`` is not found from ``dictionary``.</doc>
<status status="PASS" start="2024-05-30T21:15:22.337425" elapsed="0.000204"/>
</kw>
<kw name="Should Not Be Empty" owner="BuiltIn">
<msg time="2024-05-30T21:15:22.338062" level="INFO">Length is 2.</msg>
<arg>${json_data}</arg>
<doc>Verifies that the given item is not empty.</doc>
<status status="PASS" start="2024-05-30T21:15:22.337924" elapsed="0.000177"/>
</kw>
<kw name="Create List" owner="BuiltIn">
<msg time="2024-05-30T21:15:22.338542" level="INFO">${expected_keys} = ['gender', 'name', 'location', 'email', 'login']</msg>
<var>${expected_keys}</var>
<arg>gender</arg>
<arg>name</arg>
<arg>location</arg>
<arg>email</arg>
<arg>login</arg>
<doc>Returns a list containing given items.</doc>
<status status="PASS" start="2024-05-30T21:15:22.338394" elapsed="0.000172"/>
</kw>
<for flavor="IN">
<iter>
<kw name="Dictionary Should Contain Key" owner="Collections">
<msg time="2024-05-30T21:15:22.339546" level="INFO">False</msg>
<arg>${json_data['results'][0]}</arg>
<arg>${key}</arg>
<doc>Fails if ``key`` is not found from ``dictionary``.</doc>
<status status="PASS" start="2024-05-30T21:15:22.339139" elapsed="0.000453"/>
</kw>
<kw name="Log" owner="BuiltIn">
<msg time="2024-05-30T21:15:22.340260" level="INFO">{'gender': 'female', 'name': {'title': 'Ms', 'first': 'Amber', 'last': 'Smith'}, 'location': {'street': {'number': 1243, 'name': 'South Western Arterial'}, 'city': 'Wellington', 'state': 'Waikato', 'country': 'New Zealand', 'postcode': 97405, 'coordinates': {'latitude': '54.5008', 'longitude': '55.9277'}, 'timezone': {'offset': '+2:00', 'description': 'Kaliningrad, South Africa'}}, 'email': 'amber.smith@example.com', 'login': {'uuid': '1af81ced-f866-413b-8503-ee2ebbb32964', 'username': 'browntiger933', 'password': '1977', 'salt': 'IzxepTqw', 'md5': '710a29e14c79cf1cb00575d5173572e1', 'sha1': '263c5299e81e19496ed7defb936c8897e281d3f2', 'sha256': '3acba2fc543c9d828a5f51e838ac7b7943980748b39268bddc09d37509c0347e'}, 'dob': {'date': '1953-10-06T00:48:43.928Z', 'age': 70}, 'registered': {'date': '2020-04-10T19:45:00.833Z', 'age': 4}, 'phone': '(772)-163-2196', 'cell': '(810)-595-4544', 'id': {'name': '', 'value': None}, 'picture': {'large': 'https://randomuser.me/api/portraits/women/67.jpg', 'medium': 'https://randomuser.me/api/portraits/med/women/67.jpg', 'thumbnail': 'https://randomuser.me/api/portraits/thumb/women/67.jpg'}, 'nat': 'NZ'}</msg>
<arg>${json_data['results'][0]}</arg>
<doc>Logs the given message with the given level.</doc>
<status status="PASS" start="2024-05-30T21:15:22.339897" elapsed="0.000411"/>
</kw>
<kw name="Log" owner="BuiltIn">
<msg time="2024-05-30T21:15:22.340739" level="INFO">gender</msg>
<arg>${key}</arg>
<doc>Logs the given message with the given level.</doc>
<status status="PASS" start="2024-05-30T21:15:22.340609" elapsed="0.000167"/>
</kw>
<var name="${key}">gender</var>
<status status="PASS" start="2024-05-30T21:15:22.339014" elapsed="0.001983"/>
</iter>
<iter>
<kw name="Dictionary Should Contain Key" owner="Collections">
<msg time="2024-05-30T21:15:22.341738" level="INFO">False</msg>
<arg>${json_data['results'][0]}</arg>
<arg>${key}</arg>
<doc>Fails if ``key`` is not found from ``dictionary``.</doc>
<status status="PASS" start="2024-05-30T21:15:22.341346" elapsed="0.000430"/>
</kw>
<kw name="Log" owner="BuiltIn">
<msg time="2024-05-30T21:15:22.342468" level="INFO">{'gender': 'female', 'name': {'title': 'Ms', 'first': 'Amber', 'last': 'Smith'}, 'location': {'street': {'number': 1243, 'name': 'South Western Arterial'}, 'city': 'Wellington', 'state': 'Waikato', 'country': 'New Zealand', 'postcode': 97405, 'coordinates': {'latitude': '54.5008', 'longitude': '55.9277'}, 'timezone': {'offset': '+2:00', 'description': 'Kaliningrad, South Africa'}}, 'email': 'amber.smith@example.com', 'login': {'uuid': '1af81ced-f866-413b-8503-ee2ebbb32964', 'username': 'browntiger933', 'password': '1977', 'salt': 'IzxepTqw', 'md5': '710a29e14c79cf1cb00575d5173572e1', 'sha1': '263c5299e81e19496ed7defb936c8897e281d3f2', 'sha256': '3acba2fc543c9d828a5f51e838ac7b7943980748b39268bddc09d37509c0347e'}, 'dob': {'date': '1953-10-06T00:48:43.928Z', 'age': 70}, 'registered': {'date': '2020-04-10T19:45:00.833Z', 'age': 4}, 'phone': '(772)-163-2196', 'cell': '(810)-595-4544', 'id': {'name': '', 'value': None}, 'picture': {'large': 'https://randomuser.me/api/portraits/women/67.jpg', 'medium': 'https://randomuser.me/api/portraits/med/women/67.jpg', 'thumbnail': 'https://randomuser.me/api/portraits/thumb/women/67.jpg'}, 'nat': 'NZ'}</msg>
<arg>${json_data['results'][0]}</arg>
<doc>Logs the given message with the given level.</doc>
<status status="PASS" start="2024-05-30T21:15:22.342105" elapsed="0.000413"/>
</kw>
<kw name="Log" owner="BuiltIn">
<msg time="2024-05-30T21:15:22.342948" level="INFO">name</msg>
<arg>${key}</arg>
<doc>Logs the given message with the given level.</doc>
<status status="PASS" start="2024-05-30T21:15:22.342819" elapsed="0.000167"/>
</kw>
<var name="${key}">name</var>
<status status="PASS" start="2024-05-30T21:15:22.341226" elapsed="0.001980"/>
</iter>
<iter>
<kw name="Dictionary Should Contain Key" owner="Collections">
<msg time="2024-05-30T21:15:22.343868" level="INFO">False</msg>
<arg>${json_data['results'][0]}</arg>
<arg>${key}</arg>
<doc>Fails if ``key`` is not found from ``dictionary``.</doc>
<status status="PASS" start="2024-05-30T21:15:22.343497" elapsed="0.000409"/>
</kw>
<kw name="Log" owner="BuiltIn">
<msg time="2024-05-30T21:15:22.344571" level="INFO">{'gender': 'female', 'name': {'title': 'Ms', 'first': 'Amber', 'last': 'Smith'}, 'location': {'street': {'number': 1243, 'name': 'South Western Arterial'}, 'city': 'Wellington', 'state': 'Waikato', 'country': 'New Zealand', 'postcode': 97405, 'coordinates': {'latitude': '54.5008', 'longitude': '55.9277'}, 'timezone': {'offset': '+2:00', 'description': 'Kaliningrad, South Africa'}}, 'email': 'amber.smith@example.com', 'login': {'uuid': '1af81ced-f866-413b-8503-ee2ebbb32964', 'username': 'browntiger933', 'password': '1977', 'salt': 'IzxepTqw', 'md5': '710a29e14c79cf1cb00575d5173572e1', 'sha1': '263c5299e81e19496ed7defb936c8897e281d3f2', 'sha256': '3acba2fc543c9d828a5f51e838ac7b7943980748b39268bddc09d37509c0347e'}, 'dob': {'date': '1953-10-06T00:48:43.928Z', 'age': 70}, 'registered': {'date': '2020-04-10T19:45:00.833Z', 'age': 4}, 'phone': '(772)-163-2196', 'cell': '(810)-595-4544', 'id': {'name': '', 'value': None}, 'picture': {'large': 'https://randomuser.me/api/portraits/women/67.jpg', 'medium': 'https://randomuser.me/api/portraits/med/women/67.jpg', 'thumbnail': 'https://randomuser.me/api/portraits/thumb/women/67.jpg'}, 'nat': 'NZ'}</msg>
<arg>${json_data['results'][0]}</arg>
<doc>Logs the given message with the given level.</doc>
<status status="PASS" start="2024-05-30T21:15:22.344207" elapsed="0.000413"/>
</kw>
<kw name="Log" owner="BuiltIn">
<msg time="2024-05-30T21:15:22.345075" level="INFO">location</msg>
<arg>${key}</arg>
<doc>Logs the given message with the given level.</doc>
<status status="PASS" start="2024-05-30T21:15:22.344920" elapsed="0.000204"/>
</kw>
<var name="${key}">location</var>
<status status="PASS" start="2024-05-30T21:15:22.343384" elapsed="0.001963"/>
</iter>
<iter>
<kw name="Dictionary Should Contain Key" owner="Collections">
<msg time="2024-05-30T21:15:22.346141" level="INFO">False</msg>
<arg>${json_data['results'][0]}</arg>
<arg>${key}</arg>
<doc>Fails if ``key`` is not found from ``dictionary``.</doc>
<status status="PASS" start="2024-05-30T21:15:22.345635" elapsed="0.000546"/>
</kw>
<kw name="Log" owner="BuiltIn">
<msg time="2024-05-30T21:15:22.346855" level="INFO">{'gender': 'female', 'name': {'title': 'Ms', 'first': 'Amber', 'last': 'Smith'}, 'location': {'street': {'number': 1243, 'name': 'South Western Arterial'}, 'city': 'Wellington', 'state': 'Waikato', 'country': 'New Zealand', 'postcode': 97405, 'coordinates': {'latitude': '54.5008', 'longitude': '55.9277'}, 'timezone': {'offset': '+2:00', 'description': 'Kaliningrad, South Africa'}}, 'email': 'amber.smith@example.com', 'login': {'uuid': '1af81ced-f866-413b-8503-ee2ebbb32964', 'username': 'browntiger933', 'password': '1977', 'salt': 'IzxepTqw', 'md5': '710a29e14c79cf1cb00575d5173572e1', 'sha1': '263c5299e81e19496ed7defb936c8897e281d3f2', 'sha256': '3acba2fc543c9d828a5f51e838ac7b7943980748b39268bddc09d37509c0347e'}, 'dob': {'date': '1953-10-06T00:48:43.928Z', 'age': 70}, 'registered': {'date': '2020-04-10T19:45:00.833Z', 'age': 4}, 'phone': '(772)-163-2196', 'cell': '(810)-595-4544', 'id': {'name': '', 'value': None}, 'picture': {'large': 'https://randomuser.me/api/portraits/women/67.jpg', 'medium': 'https://randomuser.me/api/portraits/med/women/67.jpg', 'thumbnail': 'https://randomuser.me/api/portraits/thumb/women/67.jpg'}, 'nat': 'NZ'}</msg>
<arg>${json_data['results'][0]}</arg>
<doc>Logs the given message with the given level.</doc>
<status status="PASS" start="2024-05-30T21:15:22.346494" elapsed="0.000410"/>
</kw>
<kw name="Log" owner="BuiltIn">
<msg time="2024-05-30T21:15:22.347326" level="INFO">email</msg>
<arg>${key}</arg>
<doc>Logs the given message with the given level.</doc>
<status status="PASS" start="2024-05-30T21:15:22.347198" elapsed="0.000166"/>
</kw>
<var name="${key}">email</var>
<status status="PASS" start="2024-05-30T21:15:22.345520" elapsed="0.002057"/>
</iter>
<iter>
<kw name="Dictionary Should Contain Key" owner="Collections">
<msg time="2024-05-30T21:15:22.348239" level="INFO">False</msg>
<arg>${json_data['results'][0]}</arg>
<arg>${key}</arg>
<doc>Fails if ``key`` is not found from ``dictionary``.</doc>
<status status="PASS" start="2024-05-30T21:15:22.347864" elapsed="0.000412"/>
</kw>
<kw name="Log" owner="BuiltIn">
<msg time="2024-05-30T21:15:22.348935" level="INFO">{'gender': 'female', 'name': {'title': 'Ms', 'first': 'Amber', 'last': 'Smith'}, 'location': {'street': {'number': 1243, 'name': 'South Western Arterial'}, 'city': 'Wellington', 'state': 'Waikato', 'country': 'New Zealand', 'postcode': 97405, 'coordinates': {'latitude': '54.5008', 'longitude': '55.9277'}, 'timezone': {'offset': '+2:00', 'description': 'Kaliningrad, South Africa'}}, 'email': 'amber.smith@example.com', 'login': {'uuid': '1af81ced-f866-413b-8503-ee2ebbb32964', 'username': 'browntiger933', 'password': '1977', 'salt': 'IzxepTqw', 'md5': '710a29e14c79cf1cb00575d5173572e1', 'sha1': '263c5299e81e19496ed7defb936c8897e281d3f2', 'sha256': '3acba2fc543c9d828a5f51e838ac7b7943980748b39268bddc09d37509c0347e'}, 'dob': {'date': '1953-10-06T00:48:43.928Z', 'age': 70}, 'registered': {'date': '2020-04-10T19:45:00.833Z', 'age': 4}, 'phone': '(772)-163-2196', 'cell': '(810)-595-4544', 'id': {'name': '', 'value': None}, 'picture': {'large': 'https://randomuser.me/api/portraits/women/67.jpg', 'medium': 'https://randomuser.me/api/portraits/med/women/67.jpg', 'thumbnail': 'https://randomuser.me/api/portraits/thumb/women/67.jpg'}, 'nat': 'NZ'}</msg>
<arg>${json_data['results'][0]}</arg>
<doc>Logs the given message with the given level.</doc>
<status status="PASS" start="2024-05-30T21:15:22.348570" elapsed="0.000413"/>
</kw>
<kw name="Log" owner="BuiltIn">
<msg time="2024-05-30T21:15:22.349478" level="INFO">login</msg>
<arg>${key}</arg>
<doc>Logs the given message with the given level.</doc>
<status status="PASS" start="2024-05-30T21:15:22.349348" elapsed="0.000169"/>
</kw>
<var name="${key}">login</var>
<status status="PASS" start="2024-05-30T21:15:22.347751" elapsed="0.002018"/>
</iter>
<var>${key}</var>
<value>@{expected_keys}</value>
<status status="PASS" start="2024-05-30T21:15:22.338824" elapsed="0.011075"/>
</for>
<kw name="Create List" owner="BuiltIn">
<msg time="2024-05-30T21:15:22.350237" level="INFO">${expected_keysTwo} = ['username', 'password']</msg>
<var>${expected_keysTwo}</var>
<arg>username</arg>
<arg>password</arg>
<doc>Returns a list containing given items.</doc>
<status status="PASS" start="2024-05-30T21:15:22.350097" elapsed="0.000164"/>
</kw>
<for flavor="IN">
<iter>
<kw name="Dictionary Should Contain Key" owner="Collections">
<msg time="2024-05-30T21:15:22.351151" level="INFO">False</msg>
<arg>${json_data['results'][0]['login']}</arg>
<arg>${keyTwo}</arg>
<doc>Fails if ``key`` is not found from ``dictionary``.</doc>
<status status="PASS" start="2024-05-30T21:15:22.350757" elapsed="0.000432"/>
</kw>
<kw name="Dictionary Should Contain Key" owner="Collections">
<msg time="2024-05-30T21:15:22.351863" level="INFO">False</msg>
<arg>${json_data['results'][0]['login']}</arg>
<arg>${keyTwo}</arg>
<doc>Fails if ``key`` is not found from ``dictionary``.</doc>
<status status="PASS" start="2024-05-30T21:15:22.351487" elapsed="0.000415"/>
</kw>
<kw name="Log" owner="BuiltIn">
<msg time="2024-05-30T21:15:22.352321" level="INFO">username</msg>
<arg>${keyTwo}</arg>
<doc>Logs the given message with the given level.</doc>
<status status="PASS" start="2024-05-30T21:15:22.352196" elapsed="0.000162"/>
</kw>
<var name="${keyTwo}">username</var>
<status status="PASS" start="2024-05-30T21:15:22.350646" elapsed="0.001926"/>
</iter>
<iter>
<kw name="Dictionary Should Contain Key" owner="Collections">
<msg time="2024-05-30T21:15:22.353272" level="INFO">False</msg>
<arg>${json_data['results'][0]['login']}</arg>
<arg>${keyTwo}</arg>
<doc>Fails if ``key`` is not found from ``dictionary``.</doc>
<status status="PASS" start="2024-05-30T21:15:22.352855" elapsed="0.000456"/>
</kw>
<kw name="Dictionary Should Contain Key" owner="Collections">
<msg time="2024-05-30T21:15:22.353984" level="INFO">False</msg>
<arg>${json_data['results'][0]['login']}</arg>
<arg>${keyTwo}</arg>
<doc>Fails if ``key`` is not found from ``dictionary``.</doc>
<status status="PASS" start="2024-05-30T21:15:22.353605" elapsed="0.000418"/>
</kw>
<kw name="Log" owner="BuiltIn">
<msg time="2024-05-30T21:15:22.354442" level="INFO">password</msg>
<arg>${keyTwo}</arg>
<doc>Logs the given message with the given level.</doc>
<status status="PASS" start="2024-05-30T21:15:22.354316" elapsed="0.000163"/>
</kw>
<var name="${keyTwo}">password</var>
<status status="PASS" start="2024-05-30T21:15:22.352745" elapsed="0.001946"/>
</iter>
<var>${keyTwo}</var>
<value>@{expected_keysTwo}</value>
<status status="PASS" start="2024-05-30T21:15:22.350495" elapsed="0.004318"/>
</for>
<status status="PASS" start="2024-05-30T21:15:22.230567" elapsed="0.124385"/>
</kw>
<doc>Testa a estrutura da resposta da API.</doc>
<tag>testeEstruturaResposta</tag>
<status status="PASS" start="2024-05-30T21:15:22.229920" elapsed="0.125182"/>
</test>
<test id="s1-s1-t4" name="Validar tipos de dados" line="28">
<kw name="Teste de Tipos de Dados" owner="random-user-service">
<kw name="GET On Session" owner="RequestsLibrary">
<msg time="2024-05-30T21:15:22.421503" level="INFO">GET Request : url=https://randomuser.me/api 
 path_url=/api 
 headers={'User-Agent': 'python-requests/2.32.3', 'Accept-Encoding': 'gzip, deflate', 'Accept': '*/*', 'Connection': 'keep-alive'} 
 body=None 
 </msg>
<msg time="2024-05-30T21:15:22.421581" level="INFO">GET Response : url=https://randomuser.me/api 
 status=200, reason=OK 
 headers={'Date': 'Thu, 30 May 2024 21:15:22 GMT', 'Content-Type': 'application/json; charset=utf-8', 'Transfer-Encoding': 'chunked', 'Connection': 'keep-alive', 'X-Powered-By': 'Express', 'Access-Control-Allow-Origin': '*', 'Cache-Control': 'no-cache', 'ETag': 'W/"4ab-eXg4VibLIAysU4vQuTfdrZV7V8g"', 'Vary': 'Accept-Encoding', 'Content-Encoding': 'gzip', 'CF-Cache-Status': 'DYNAMIC', 'Report-To': '{"endpoints":[{"url":"https:\\/\\/a.nel.cloudflare.com\\/report\\/v4?s=QLdJkEpL0p7t%2BvUWbO0ojw8PAH03vbQyO362pWrjY2IxTOdNFQpBxEyuEcRDmBy%2FgpcQFtrHLCkE9rG1DbxxUxjwxv4G9nsDOywWLrX6y3yDrUa%2BNHqQHAfq6M0OV39R"}],"group":"cf-nel","max_age":604800}', 'NEL': '{"success_fraction":0,"report_to":"cf-nel","max_age":604800}', 'Server': 'cloudflare', 'CF-RAY': '88c1bd38ca5339b5-IAD', 'alt-svc': 'h3=":443"; ma=86400'} 
 body={"results":[{"gender":"female","name":{"title":"Mrs","first":"Cremilda","last":"Farias"},"location":{"street":{"number":1825,"name":"Travessa dos Açorianos"},"city":"Camaragibe","state":"Sergipe","country":"Brazil","postcode":79201,"coordinates":{"latitude":"-75.1436","longitude":"27.6901"},"timezone":{"offset":"+10:00","description":"Eastern Australia, Guam, Vladivostok"}},"email":"cremilda.farias@example.com","login":{"uuid":"268f2f2e-c254-4dc2-b267-ad7a4ae18a88","username":"heavymouse839","password":"hilton","salt":"kws3Winl","md5":"8d87f78dd556ddbfaf91c75ceb20e34a","sha1":"3b25affc19857b25bf1c9e7a05692ef4fbc56633","sha256":"df65ebcef2c13b4b6b538d7c4cc54f490ec35b7a5d891a2f72d9ceddf8017aef"},"dob":{"date":"1971-05-08T13:38:57.068Z","age":53},"registered":{"date":"2015-01-08T21:38:24.762Z","age":9},"phone":"(68) 1565-5053","cell":"(01) 2354-9430","id":{"name":"CPF","value":"167.780.509-17"},"picture":{"large":"https://randomuser.me/api/portraits/women/24.jpg","medium":"https://randomuser.me/api/portraits/med/women/24.jpg","thumbnail":"https://randomuser.me/api/portraits/thumb/women/24.jpg"},"nat":"BR"}],"info":{"seed":"9db934e4bf1191ac","results":1,"page":1,"version":"1.4"}} 
 </msg>
<msg time="2024-05-30T21:15:22.421693" level="INFO">/opt/hostedtoolcache/Python/3.12.3/x64/lib/python3.12/site-packages/urllib3/connectionpool.py:1103: InsecureRequestWarning: Unverified HTTPS request is being made to host 'randomuser.me'. Adding certificate verification is strongly advised. See: https://urllib3.readthedocs.io/en/latest/advanced-usage.html#tls-warnings
  warnings.warn(</msg>
<msg time="2024-05-30T21:15:22.421825" level="INFO">${response} = &lt;Response [200]&gt;</msg>
<var>${response}</var>
<arg>consultarAPI</arg>
<arg>/api</arg>
<doc>Sends a GET request on a previously created HTTP Session.</doc>
<status status="PASS" start="2024-05-30T21:15:22.357552" elapsed="0.064320"/>
</kw>
<kw name="Set Variable" owner="BuiltIn">
<msg time="2024-05-30T21:15:22.422797" level="INFO">${json_data} = {'results': [{'gender': 'female', 'name': {'title': 'Mrs', 'first': 'Cremilda', 'last': 'Farias'}, 'location': {'street': {'number': 1825, 'name': 'Travessa dos Açorianos'}, 'city': 'Camaragibe', 'sta...</msg>
<var>${json_data}</var>
<arg>${response.json()}</arg>
<doc>Returns the given values which can then be assigned to a variables.</doc>
<status status="PASS" start="2024-05-30T21:15:22.422337" elapsed="0.000490"/>
</kw>
<kw name="Log" owner="BuiltIn">
<msg time="2024-05-30T21:15:22.423302" level="INFO">{'results': [{'gender': 'female', 'name': {'title': 'Mrs', 'first': 'Cremilda', 'last': 'Farias'}, 'location': {'street': {'number': 1825, 'name': 'Travessa dos Açorianos'}, 'city': 'Camaragibe', 'state': 'Sergipe', 'country': 'Brazil', 'postcode': 79201, 'coordinates': {'latitude': '-75.1436', 'longitude': '27.6901'}, 'timezone': {'offset': '+10:00', 'description': 'Eastern Australia, Guam, Vladivostok'}}, 'email': 'cremilda.farias@example.com', 'login': {'uuid': '268f2f2e-c254-4dc2-b267-ad7a4ae18a88', 'username': 'heavymouse839', 'password': 'hilton', 'salt': 'kws3Winl', 'md5': '8d87f78dd556ddbfaf91c75ceb20e34a', 'sha1': '3b25affc19857b25bf1c9e7a05692ef4fbc56633', 'sha256': 'df65ebcef2c13b4b6b538d7c4cc54f490ec35b7a5d891a2f72d9ceddf8017aef'}, 'dob': {'date': '1971-05-08T13:38:57.068Z', 'age': 53}, 'registered': {'date': '2015-01-08T21:38:24.762Z', 'age': 9}, 'phone': '(68) 1565-5053', 'cell': '(01) 2354-9430', 'id': {'name': 'CPF', 'value': '167.780.509-17'}, 'picture': {'large': 'https://randomuser.me/api/portraits/women/24.jpg', 'medium': 'https://randomuser.me/api/portraits/med/women/24.jpg', 'thumbnail': 'https://randomuser.me/api/portraits/thumb/women/24.jpg'}, 'nat': 'BR'}], 'info': {'seed': '9db934e4bf1191ac', 'results': 1, 'page': 1, 'version': '1.4'}}</msg>
<arg>${json_data}</arg>
<doc>Logs the given message with the given level.</doc>
<status status="PASS" start="2024-05-30T21:15:22.423144" elapsed="0.000241"/>
</kw>
<kw name="Should Be String" owner="String">
<arg>${json_data['results'][0]['gender']}</arg>
<doc>Fails if the given ``item`` is not a string.</doc>
<status status="PASS" start="2024-05-30T21:15:22.423693" elapsed="0.000364"/>
</kw>
<kw name="Should Match Regexp" owner="BuiltIn">
<arg>${json_data['results'][0]['email']}</arg>
<arg>^[a-zA-Z0-9._%+-]+@[a-zA-Z0-9.-]+\.[a-zA-Z]{2,}$</arg>
<doc>Fails if ``string`` does not match ``pattern`` as a regular expression.</doc>
<status status="PASS" start="2024-05-30T21:15:22.424249" elapsed="0.000651"/>
</kw>
<kw name="Should Match Regexp" owner="BuiltIn">
<arg>${json_data['results'][0]['dob']['date']}</arg>
<arg>\\d{4}-\\d{2}-\\d{2}T\\d{2}:\\d{2}:\\d{2}\\.\\d{3}Z</arg>
<doc>Fails if ``string`` does not match ``pattern`` as a regular expression.</doc>
<status status="PASS" start="2024-05-30T21:15:22.425153" elapsed="0.000516"/>
</kw>
<kw name="Should Match Regexp" owner="BuiltIn">
<arg>${json_data['results'][0]['registered']['date']}</arg>
<arg>\\d{4}-\\d{2}-\\d{2}T\\d{2}:\\d{2}:\\d{2}\\.\\d{3}Z</arg>
<doc>Fails if ``string`` does not match ``pattern`` as a regular expression.</doc>
<status status="PASS" start="2024-05-30T21:15:22.425866" elapsed="0.000369"/>
</kw>
<kw name="Should Match Regexp" owner="BuiltIn">
<arg>${json_data['results'][0]['picture']['large']}</arg>
<arg>^https?://.*\.(?:png|jpe?g|gif|bmp)$</arg>
<doc>Fails if ``string`` does not match ``pattern`` as a regular expression.</doc>
<status status="PASS" start="2024-05-30T21:15:22.426427" elapsed="0.000471"/>
</kw>
<kw name="Should Match Regexp" owner="BuiltIn">
<arg>${json_data['results'][0]['picture']['medium']}</arg>
<arg>^https?://.*\.(?:png|jpe?g|gif|bmp)$</arg>
<doc>Fails if ``string`` does not match ``pattern`` as a regular expression.</doc>
<status status="PASS" start="2024-05-30T21:15:22.427091" elapsed="0.000363"/>
</kw>
<kw name="Should Match Regexp" owner="BuiltIn">
<arg>${json_data['results'][0]['picture']['thumbnail']}</arg>
<arg>^https?://.*\.(?:png|jpe?g|gif|bmp)$</arg>
<doc>Fails if ``string`` does not match ``pattern`` as a regular expression.</doc>
<status status="PASS" start="2024-05-30T21:15:22.427656" elapsed="0.000351"/>
</kw>
<kw name="Log" owner="BuiltIn">
<msg time="2024-05-30T21:15:22.428513" level="INFO">{'large': 'https://randomuser.me/api/portraits/women/24.jpg', 'medium': 'https://randomuser.me/api/portraits/med/women/24.jpg', 'thumbnail': 'https://randomuser.me/api/portraits/thumb/women/24.jpg'}</msg>
<arg>${json_data['results'][0]['picture']}</arg>
<doc>Logs the given message with the given level.</doc>
<status status="PASS" start="2024-05-30T21:15:22.428191" elapsed="0.000364"/>
</kw>
<status status="PASS" start="2024-05-30T21:15:22.357315" elapsed="0.071494"/>
</kw>
<kw name="Teste de Tipos de Dados - Postcode" owner="random-user-service">
<kw name="GET On Session" owner="RequestsLibrary">
<msg time="2024-05-30T21:15:22.521715" level="INFO">GET Request : url=https://randomuser.me/api 
 path_url=/api 
 headers={'User-Agent': 'python-requests/2.32.3', 'Accept-Encoding': 'gzip, deflate', 'Accept': '*/*', 'Connection': 'keep-alive'} 
 body=None 
 </msg>
<msg time="2024-05-30T21:15:22.521799" level="INFO">GET Response : url=https://randomuser.me/api 
 status=200, reason=OK 
 headers={'Date': 'Thu, 30 May 2024 21:15:22 GMT', 'Content-Type': 'application/json; charset=utf-8', 'Transfer-Encoding': 'chunked', 'Connection': 'keep-alive', 'X-Powered-By': 'Express', 'Access-Control-Allow-Origin': '*', 'Cache-Control': 'no-cache', 'ETag': 'W/"490-RFE7x621rOmplbkwi/8kee+lk50"', 'Vary': 'Accept-Encoding', 'Content-Encoding': 'gzip', 'CF-Cache-Status': 'DYNAMIC', 'Report-To': '{"endpoints":[{"url":"https:\\/\\/a.nel.cloudflare.com\\/report\\/v4?s=oe5%2BgI9vjGPkmKJvDB1Di8%2By2NmwBKtqLQbkTBrgZw8va3ZowNaDTgFt67xfCFlh%2B3ZWTV%2BBsjremP3Z5wDfXRzLfojiL78zcAsdytuSz1vKxSpCjXWNse7L565mr9tG"}],"group":"cf-nel","max_age":604800}', 'NEL': '{"success_fraction":0,"report_to":"cf-nel","max_age":604800}', 'Server': 'cloudflare', 'CF-RAY': '88c1bd393ae339b5-IAD', 'alt-svc': 'h3=":443"; ma=86400'} 
 body={"results":[{"gender":"female","name":{"title":"Mrs","first":"Sanna","last":"Abdallah"},"location":{"street":{"number":600,"name":"Konsul Schjelderups vei"},"city":"Lundermoen","state":"Akershus","country":"Norway","postcode":"0684","coordinates":{"latitude":"46.1534","longitude":"6.1325"},"timezone":{"offset":"-1:00","description":"Azores, Cape Verde Islands"}},"email":"sanna.abdallah@example.com","login":{"uuid":"d0a60770-d606-42f0-ae2a-9b9f3be39b87","username":"purplemeercat746","password":"bright","salt":"AaBi0dN6","md5":"17515a996c5d86858e2180272f1f0e0e","sha1":"0a1869857d7acf8fcaf2dc3d2e7bcf4e79f5ef55","sha256":"4be10d773a5c5af704c62f1ab23fd31d71415f6bcf1bbd5760107acc89bcdfbe"},"dob":{"date":"1979-09-18T05:11:07.330Z","age":44},"registered":{"date":"2021-07-22T23:04:33.953Z","age":2},"phone":"79167545","cell":"46753651","id":{"name":"FN","value":"18097901429"},"picture":{"large":"https://randomuser.me/api/portraits/women/24.jpg","medium":"https://randomuser.me/api/portraits/med/women/24.jpg","thumbnail":"https://randomuser.me/api/portraits/thumb/women/24.jpg"},"nat":"NO"}],"info":{"seed":"31d1c09bd7e73d5c","results":1,"page":1,"version":"1.4"}} 
 </msg>
<msg time="2024-05-30T21:15:22.521875" level="INFO">/opt/hostedtoolcache/Python/3.12.3/x64/lib/python3.12/site-packages/urllib3/connectionpool.py:1103: InsecureRequestWarning: Unverified HTTPS request is being made to host 'randomuser.me'. Adding certificate verification is strongly advised. See: https://urllib3.readthedocs.io/en/latest/advanced-usage.html#tls-warnings
  warnings.warn(</msg>
<msg time="2024-05-30T21:15:22.522000" level="INFO">${response} = &lt;Response [200]&gt;</msg>
<var>${response}</var>
<arg>consultarAPI</arg>
<arg>/api</arg>
<doc>Sends a GET request on a previously created HTTP Session.</doc>
<status status="PASS" start="2024-05-30T21:15:22.429278" elapsed="0.092765"/>
</kw>
<kw name="Set Variable" owner="BuiltIn">
<msg time="2024-05-30T21:15:22.522844" level="INFO">${json_data} = {'results': [{'gender': 'female', 'name': {'title': 'Mrs', 'first': 'Sanna', 'last': 'Abdallah'}, 'location': {'street': {'number': 600, 'name': 'Konsul Schjelderups vei'}, 'city': 'Lundermoen', 'stat...</msg>
<var>${json_data}</var>
<arg>${response.json()}</arg>
<doc>Returns the given values which can then be assigned to a variables.</doc>
<status status="PASS" start="2024-05-30T21:15:22.522403" elapsed="0.000469"/>
</kw>
<kw name="Log" owner="BuiltIn">
<msg time="2024-05-30T21:15:22.523330" level="INFO">{'results': [{'gender': 'female', 'name': {'title': 'Mrs', 'first': 'Sanna', 'last': 'Abdallah'}, 'location': {'street': {'number': 600, 'name': 'Konsul Schjelderups vei'}, 'city': 'Lundermoen', 'state': 'Akershus', 'country': 'Norway', 'postcode': '0684', 'coordinates': {'latitude': '46.1534', 'longitude': '6.1325'}, 'timezone': {'offset': '-1:00', 'description': 'Azores, Cape Verde Islands'}}, 'email': 'sanna.abdallah@example.com', 'login': {'uuid': 'd0a60770-d606-42f0-ae2a-9b9f3be39b87', 'username': 'purplemeercat746', 'password': 'bright', 'salt': 'AaBi0dN6', 'md5': '17515a996c5d86858e2180272f1f0e0e', 'sha1': '0a1869857d7acf8fcaf2dc3d2e7bcf4e79f5ef55', 'sha256': '4be10d773a5c5af704c62f1ab23fd31d71415f6bcf1bbd5760107acc89bcdfbe'}, 'dob': {'date': '1979-09-18T05:11:07.330Z', 'age': 44}, 'registered': {'date': '2021-07-22T23:04:33.953Z', 'age': 2}, 'phone': '79167545', 'cell': '46753651', 'id': {'name': 'FN', 'value': '18097901429'}, 'picture': {'large': 'https://randomuser.me/api/portraits/women/24.jpg', 'medium': 'https://randomuser.me/api/portraits/med/women/24.jpg', 'thumbnail': 'https://randomuser.me/api/portraits/thumb/women/24.jpg'}, 'nat': 'NO'}], 'info': {'seed': '31d1c09bd7e73d5c', 'results': 1, 'page': 1, 'version': '1.4'}}</msg>
<arg>${json_data}</arg>
<doc>Logs the given message with the given level.</doc>
<status status="PASS" start="2024-05-30T21:15:22.523179" elapsed="0.000228"/>
</kw>
<kw name="Should Be Equal As Numbers" owner="BuiltIn">
<arg>${json_data['results'][0]['location']['postcode']}</arg>
<arg>${json_data['results'][0]['location']['postcode']}</arg>
<doc>Fails if objects are unequal after converting them to real numbers.</doc>
<status status="PASS" start="2024-05-30T21:15:22.523719" elapsed="0.000626"/>
</kw>
<kw name="Log" owner="BuiltIn">
<msg time="2024-05-30T21:15:22.524875" level="INFO">0684</msg>
<arg>${json_data['results'][0]['location']['postcode']}</arg>
<doc>Logs the given message with the given level.</doc>
<status status="PASS" start="2024-05-30T21:15:22.524540" elapsed="0.000376"/>
</kw>
<status status="PASS" start="2024-05-30T21:15:22.429049" elapsed="0.096160"/>
</kw>
<doc>Testa se os tipos de dados na resposta da API estão corretos.</doc>
<tag>testeTiposDados</tag>
<status status="PASS" start="2024-05-30T21:15:22.356840" elapsed="0.168531"/>
</test>
<test id="s1-s1-t5" name="Validar conteudo" line="35">
<kw name="Teste de Tipos de Conteudo" owner="random-user-service">
<kw name="GET On Session" owner="RequestsLibrary">
<msg time="2024-05-30T21:15:22.624198" level="INFO">GET Request : url=https://randomuser.me/api 
 path_url=/api 
 headers={'User-Agent': 'python-requests/2.32.3', 'Accept-Encoding': 'gzip, deflate', 'Accept': '*/*', 'Connection': 'keep-alive'} 
 body=None 
 </msg>
<msg time="2024-05-30T21:15:22.624262" level="INFO">GET Response : url=https://randomuser.me/api 
 status=200, reason=OK 
 headers={'Date': 'Thu, 30 May 2024 21:15:22 GMT', 'Content-Type': 'application/json; charset=utf-8', 'Transfer-Encoding': 'chunked', 'Connection': 'keep-alive', 'X-Powered-By': 'Express', 'Access-Control-Allow-Origin': '*', 'Cache-Control': 'no-cache', 'ETag': 'W/"47c-+3zF1htO21Wpvilpy2To3wKoYTw"', 'Vary': 'Accept-Encoding', 'Content-Encoding': 'gzip', 'CF-Cache-Status': 'DYNAMIC', 'Report-To': '{"endpoints":[{"url":"https:\\/\\/a.nel.cloudflare.com\\/report\\/v4?s=VJIoALl6RA%2FPGJFZiRInHsvzvB%2Fdf2cNXkJX6d%2BVcDARhEbEe8xL206P%2B%2B%2FT0bwhHNUNAw9EHsg1z47JDypLemAobgpLTmdR8KkDJbdIUqIAxNws2nP7R4a2aFI0CN1M"}],"group":"cf-nel","max_age":604800}', 'NEL': '{"success_fraction":0,"report_to":"cf-nel","max_age":604800}', 'Server': 'cloudflare', 'CF-RAY': '88c1bd39db8739b5-IAD', 'alt-svc': 'h3=":443"; ma=86400'} 
 body={"results":[{"gender":"female","name":{"title":"Ms","first":"Sybille","last":"Jahnke"},"location":{"street":{"number":6244,"name":"Am Bahnhof"},"city":"Bruchköbel","state":"Bremen","country":"Germany","postcode":17667,"coordinates":{"latitude":"-52.4390","longitude":"174.4111"},"timezone":{"offset":"-10:00","description":"Hawaii"}},"email":"sybille.jahnke@example.com","login":{"uuid":"e6f19024-133a-4754-a1e4-200953bd3db5","username":"crazycat151","password":"tripper","salt":"opMDvs6g","md5":"93707e6e9b7c37ab68cb121f59d43302","sha1":"4750f9f4d20b06b9543553c32c5e98e7a198433f","sha256":"fe5279d3d874e8804bf07a08717a81799841f6e510e0d5f1a4fd2c6113ee41fc"},"dob":{"date":"1944-10-17T01:48:02.643Z","age":79},"registered":{"date":"2014-06-01T04:17:31.446Z","age":9},"phone":"0278-2873481","cell":"0171-2010125","id":{"name":"SVNR","value":"57 161044 J 697"},"picture":{"large":"https://randomuser.me/api/portraits/women/30.jpg","medium":"https://randomuser.me/api/portraits/med/women/30.jpg","thumbnail":"https://randomuser.me/api/portraits/thumb/women/30.jpg"},"nat":"DE"}],"info":{"seed":"88ce81edae109fde","results":1,"page":1,"version":"1.4"}} 
 </msg>
<msg time="2024-05-30T21:15:22.624319" level="INFO">/opt/hostedtoolcache/Python/3.12.3/x64/lib/python3.12/site-packages/urllib3/connectionpool.py:1103: InsecureRequestWarning: Unverified HTTPS request is being made to host 'randomuser.me'. Adding certificate verification is strongly advised. See: https://urllib3.readthedocs.io/en/latest/advanced-usage.html#tls-warnings
  warnings.warn(</msg>
<msg time="2024-05-30T21:15:22.624430" level="INFO">${response} = &lt;Response [200]&gt;</msg>
<var>${response}</var>
<arg>consultarAPI</arg>
<arg>/api</arg>
<doc>Sends a GET request on a previously created HTTP Session.</doc>
<status status="PASS" start="2024-05-30T21:15:22.527753" elapsed="0.096721"/>
</kw>
<kw name="Set Variable" owner="BuiltIn">
<msg time="2024-05-30T21:15:22.625334" level="INFO">${json_data} = {'results': [{'gender': 'female', 'name': {'title': 'Ms', 'first': 'Sybille', 'last': 'Jahnke'}, 'location': {'street': {'number': 6244, 'name': 'Am Bahnhof'}, 'city': 'Bruchköbel', 'state': 'Bremen',...</msg>
<var>${json_data}</var>
<arg>${response.json()}</arg>
<doc>Returns the given values which can then be assigned to a variables.</doc>
<status status="PASS" start="2024-05-30T21:15:22.624857" elapsed="0.000508"/>
</kw>
<kw name="Set Variable" owner="BuiltIn">
<msg time="2024-05-30T21:15:22.626056" level="INFO">${name_title} = Ms</msg>
<var>${name_title}</var>
<arg>${json_data["results"][0]["name"]["title"]}</arg>
<doc>Returns the given values which can then be assigned to a variables.</doc>
<status status="PASS" start="2024-05-30T21:15:22.625674" elapsed="0.000407"/>
</kw>
<kw name="Create List" owner="BuiltIn">
<msg time="2024-05-30T21:15:22.626526" level="INFO">${allowed_titles} = ['Mr', 'Ms', 'Miss', 'Mrs', 'Madame', 'Monsieur']</msg>
<var>${allowed_titles}</var>
<arg>Mr</arg>
<arg>Ms</arg>
<arg>Miss</arg>
<arg>Mrs</arg>
<arg>Madame</arg>
<arg>Monsieur</arg>
<doc>Returns a list containing given items.</doc>
<status status="PASS" start="2024-05-30T21:15:22.626379" elapsed="0.000170"/>
</kw>
<kw name="List Should Contain Value" owner="Collections">
<msg time="2024-05-30T21:15:22.627021" level="INFO">False</msg>
<arg>${allowed_titles}</arg>
<arg>${name_title}</arg>
<doc>Fails if the ``value`` is not found from ``list``.</doc>
<status status="PASS" start="2024-05-30T21:15:22.626850" elapsed="0.000207"/>
</kw>
<kw name="Set Variable" owner="BuiltIn">
<msg time="2024-05-30T21:15:22.627856" level="INFO">${name_country} = DE</msg>
<var>${name_country}</var>
<arg>${json_data["results"][0]["nat"]}</arg>
<doc>Returns the given values which can then be assigned to a variables.</doc>
<status status="PASS" start="2024-05-30T21:15:22.627345" elapsed="0.000536"/>
</kw>
<kw name="Create List" owner="BuiltIn">
<msg time="2024-05-30T21:15:22.628778" level="INFO">${list_country} = ['AD', 'AE', 'AF', 'AG', 'AI', 'AL', 'AM', 'AO', 'AQ', 'AR', 'AS', 'AT', 'AU', 'AW', 'AX', 'AZ', 'BA', 'BB', 'BD', 'BE', 'BF', 'BG', 'BH', 'BI', 'BJ', 'BL', 'BM', 'BN', 'BO', 'BQ', 'BR', 'BS', 'BT', '...</msg>
<var>${list_country}</var>
<arg>AD</arg>
<arg>AE</arg>
<arg>AF</arg>
<arg>AG</arg>
<arg>AI</arg>
<arg>AL</arg>
<arg>AM</arg>
<arg>AO</arg>
<arg>AQ</arg>
<arg>AR</arg>
<arg>AS</arg>
<arg>AT</arg>
<arg>AU</arg>
<arg>AW</arg>
<arg>AX</arg>
<arg>AZ</arg>
<arg>BA</arg>
<arg>BB</arg>
<arg>BD</arg>
<arg>BE</arg>
<arg>BF</arg>
<arg>BG</arg>
<arg>BH</arg>
<arg>BI</arg>
<arg>BJ</arg>
<arg>BL</arg>
<arg>BM</arg>
<arg>BN</arg>
<arg>BO</arg>
<arg>BQ</arg>
<arg>BR</arg>
<arg>BS</arg>
<arg>BT</arg>
<arg>BV</arg>
<arg>BW</arg>
<arg>BY</arg>
<arg>BZ</arg>
<arg>CA</arg>
<arg>CC</arg>
<arg>CD</arg>
<arg>CF</arg>
<arg>CG</arg>
<arg>CH</arg>
<arg>CI</arg>
<arg>CK</arg>
<arg>CL</arg>
<arg>CM</arg>
<arg>CN</arg>
<arg>CO</arg>
<arg>CR</arg>
<arg>CU</arg>
<arg>CV</arg>
<arg>CW</arg>
<arg>CX</arg>
<arg>CY</arg>
<arg>CZ</arg>
<arg>DE</arg>
<arg>DJ</arg>
<arg>DK</arg>
<arg>DM</arg>
<arg>DO</arg>
<arg>DZ</arg>
<arg>EC</arg>
<arg>EE</arg>
<arg>EG</arg>
<arg>EH</arg>
<arg>ER</arg>
<arg>ES</arg>
<arg>ET</arg>
<arg>FI</arg>
<arg>FJ</arg>
<arg>FK</arg>
<arg>FM</arg>
<arg>FO</arg>
<arg>FR</arg>
<arg>GA</arg>
<arg>GB</arg>
<arg>GD</arg>
<arg>GE</arg>
<arg>GF</arg>
<arg>GG</arg>
<arg>GH</arg>
<arg>GI</arg>
<arg>GL</arg>
<arg>GM</arg>
<arg>GN</arg>
<arg>GP</arg>
<arg>GQ</arg>
<arg>GR</arg>
<arg>GS</arg>
<arg>GT</arg>
<arg>GU</arg>
<arg>GW</arg>
<arg>GY</arg>
<arg>HK</arg>
<arg>HM</arg>
<arg>HN</arg>
<arg>HR</arg>
<arg>HT</arg>
<arg>HU</arg>
<arg>ID</arg>
<arg>IE</arg>
<arg>IL</arg>
<arg>IM</arg>
<arg>IN</arg>
<arg>IO</arg>
<arg>IQ</arg>
<arg>IR</arg>
<arg>IS</arg>
<arg>IT</arg>
<arg>JE</arg>
<arg>JM</arg>
<arg>JO</arg>
<arg>JP</arg>
<arg>KE</arg>
<arg>KG</arg>
<arg>KH</arg>
<arg>KI</arg>
<arg>KM</arg>
<arg>KN</arg>
<arg>KP</arg>
<arg>KR</arg>
<arg>KW</arg>
<arg>KY</arg>
<arg>KZ</arg>
<arg>LA</arg>
<arg>LB</arg>
<arg>LC</arg>
<arg>LI</arg>
<arg>LK</arg>
<arg>LR</arg>
<arg>LS</arg>
<arg>LT</arg>
<arg>LU</arg>
<arg>LV</arg>
<arg>LY</arg>
<arg>MA</arg>
<arg>MC</arg>
<arg>MD</arg>
<arg>ME</arg>
<arg>MF</arg>
<arg>MG</arg>
<arg>MH</arg>
<arg>MK</arg>
<arg>ML</arg>
<arg>MM</arg>
<arg>MN</arg>
<arg>MO</arg>
<arg>MP</arg>
<arg>MQ</arg>
<arg>MR</arg>
<arg>MS</arg>
<arg>MT</arg>
<arg>MU</arg>
<arg>MV</arg>
<arg>MW</arg>
<arg>MX</arg>
<arg>MY</arg>
<arg>MZ</arg>
<arg>NA</arg>
<arg>NC</arg>
<arg>NE</arg>
<arg>NF</arg>
<arg>NG</arg>
<arg>NI</arg>
<arg>NL</arg>
<arg>NO</arg>
<arg>NP</arg>
<arg>NR</arg>
<arg>NU</arg>
<arg>NZ</arg>
<arg>OM</arg>
<arg>PA</arg>
<arg>PE</arg>
<arg>PF</arg>
<arg>PG</arg>
<arg>PH</arg>
<arg>PK</arg>
<arg>PL</arg>
<arg>PM</arg>
<arg>PN</arg>
<arg>PR</arg>
<arg>PS</arg>
<arg>PT</arg>
<arg>PW</arg>
<arg>PY</arg>
<arg>QA</arg>
<arg>RE</arg>
<arg>RO</arg>
<arg>RS</arg>
<arg>RU</arg>
<arg>RW</arg>
<arg>SA</arg>
<arg>SB</arg>
<arg>SC</arg>
<arg>SD</arg>
<arg>SE</arg>
<arg>SG</arg>
<arg>SH</arg>
<arg>SI</arg>
<arg>SJ</arg>
<arg>SK</arg>
<arg>SL</arg>
<arg>SM</arg>
<arg>SN</arg>
<arg>SO</arg>
<arg>SR</arg>
<arg>SS</arg>
<arg>ST</arg>
<arg>SV</arg>
<arg>SX</arg>
<arg>SY</arg>
<arg>SZ</arg>
<arg>TC</arg>
<arg>TD</arg>
<arg>TF</arg>
<arg>TG</arg>
<arg>TH</arg>
<arg>TJ</arg>
<arg>TK</arg>
<arg>TL</arg>
<arg>TM</arg>
<arg>TN</arg>
<arg>TO</arg>
<arg>TR</arg>
<arg>TT</arg>
<arg>TV</arg>
<arg>TW</arg>
<arg>TZ</arg>
<arg>UA</arg>
<arg>UG</arg>
<arg>UM</arg>
<arg>US</arg>
<arg>UY</arg>
<arg>UZ</arg>
<arg>VA</arg>
<arg>VC</arg>
<arg>VE</arg>
<arg>VG</arg>
<arg>VI</arg>
<arg>VN</arg>
<arg>VU</arg>
<arg>WF</arg>
<arg>WS</arg>
<arg>XK</arg>
<arg>YE</arg>
<arg>YT</arg>
<arg>ZA</arg>
<arg>ZM</arg>
<arg>ZW</arg>
<doc>Returns a list containing given items.</doc>
<status status="PASS" start="2024-05-30T21:15:22.628186" elapsed="0.000616"/>
</kw>
<kw name="List Should Contain Value" owner="Collections">
<msg time="2024-05-30T21:15:22.629846" level="INFO">False</msg>
<arg>${list_country}</arg>
<arg>${name_country}</arg>
<doc>Fails if the ``value`` is not found from ``list``.</doc>
<status status="PASS" start="2024-05-30T21:15:22.629642" elapsed="0.000251"/>
</kw>
<kw name="Run Keyword If" owner="BuiltIn">
<kw name="Should Be True" owner="BuiltIn">
<arg>${True}</arg>
<doc>Fails if the given condition is not true.</doc>
<status status="PASS" start="2024-05-30T21:15:22.630960" elapsed="0.000144"/>
</kw>
<arg>${json_data["results"][0]["location"]["coordinates"]["latitude"]} &gt;= -90 and ${json_data["results"][0]["location"]["coordinates"]["latitude"]} &lt;= 90</arg>
<arg>Should Be True</arg>
<arg>${True}</arg>
<doc>Runs the given keyword with the given arguments, if ``condition`` is true.</doc>
<status status="PASS" start="2024-05-30T21:15:22.630208" elapsed="0.001021"/>
</kw>
<kw name="Run Keyword If" owner="BuiltIn">
<kw name="Should Be True" owner="BuiltIn">
<arg>${True}</arg>
<doc>Fails if the given condition is not true.</doc>
<status status="PASS" start="2024-05-30T21:15:22.632109" elapsed="0.000138"/>
</kw>
<arg>${json_data["results"][0]["location"]["coordinates"]["longitude"]} &gt;= -180 and ${json_data["results"][0]["location"]["coordinates"]["longitude"]} &lt;= 180</arg>
<arg>Should Be True</arg>
<arg>${True}</arg>
<doc>Runs the given keyword with the given arguments, if ``condition`` is true.</doc>
<status status="PASS" start="2024-05-30T21:15:22.631419" elapsed="0.000949"/>
</kw>
<status status="PASS" start="2024-05-30T21:15:22.527529" elapsed="0.104966"/>
</kw>
<doc>Testa o conteúdo específico dos campos retornados pela API.</doc>
<tag>testeConteudo</tag>
<status status="PASS" start="2024-05-30T21:15:22.527088" elapsed="0.105550"/>
</test>
<status status="PASS" start="2024-05-30T21:15:21.695219" elapsed="0.939365"/>
</suite>
<status status="PASS" start="2024-05-30T21:15:21.681621" elapsed="0.958185"/>
</suite>
<statistics>
<total>
<stat pass="5" fail="0" skip="0">All Tests</stat>
</total>
<tag>
<stat pass="1" fail="0" skip="0">testeConteudo</stat>
<stat pass="1" fail="0" skip="0">testeEstruturaResposta</stat>
<stat pass="1" fail="0" skip="0">testeRequisicaoBasica</stat>
<stat pass="1" fail="0" skip="0">testeTiposDados</stat>
</tag>
<suite>
<stat pass="5" fail="0" skip="0" id="s1" name="Tests">Tests</stat>
<stat pass="5" fail="0" skip="0" id="s1-s1" name="Random-User-Test">Tests.Random-User-Test</stat>
</suite>
</statistics>
<errors>
</errors>
</robot>
