<?xml version="1.0" encoding="UTF-8"?>
<robot generator="Robot 7.0 (Python 3.12.2 on linux)" generated="2024-04-16T19:11:08.790903" rpa="false" schemaversion="5">
<suite id="s1" name="Tests" source="/home/runner/work/DesafioQAItauRogerioJordao/DesafioQAItauRogerioJordao/RamdonUser/tests">
<suite id="s1-s1" name="Random-User-Test" source="/home/runner/work/DesafioQAItauRogerioJordao/DesafioQAItauRogerioJordao/RamdonUser/tests/random-user-test.robot">
<test id="s1-s1-t1" name="Conectar" line="13">
<kw name="Conectar API" owner="random-user-service">
<kw name="Create Session" owner="RequestsLibrary">
<msg time="2024-04-16T19:11:09.161863" level="INFO">Creating Session using : alias=consultarAPI, url=https://randomuser.me/, headers={},                     cookies={}, auth=None, timeout=None, proxies=None, verify=False,                     debug=0 </msg>
<arg>consultarAPI</arg>
<arg>${URL}</arg>
<doc>Create Session: create a HTTP session to a server</doc>
<status status="PASS" start="2024-04-16T19:11:09.161659" elapsed="0.000388"/>
</kw>
<status status="PASS" start="2024-04-16T19:11:09.160626" elapsed="0.001773"/>
</kw>
<status status="PASS" start="2024-04-16T19:11:09.160038" elapsed="0.002569"/>
</test>
<test id="s1-s1-t2" name="Validar retorno 200 e JSON Válido" line="16">
<kw name="Teste de Requisicao Basica" owner="random-user-service">
<kw name="GET On Session" owner="RequestsLibrary">
<msg time="2024-04-16T19:11:09.346926" level="INFO">GET Request : url=https://randomuser.me/api 
 path_url=/api 
 headers={'User-Agent': 'python-requests/2.31.0', 'Accept-Encoding': 'gzip, deflate', 'Accept': '*/*', 'Connection': 'keep-alive'} 
 body=None 
 </msg>
<msg time="2024-04-16T19:11:09.347087" level="INFO">GET Response : url=https://randomuser.me/api 
 status=200, reason=OK 
 headers={'Date': 'Tue, 16 Apr 2024 19:11:09 GMT', 'Content-Type': 'application/json; charset=utf-8', 'Transfer-Encoding': 'chunked', 'Connection': 'keep-alive', 'X-Powered-By': 'Express', 'Access-Control-Allow-Origin': '*', 'Cache-Control': 'no-cache', 'ETag': 'W/"491-j8Oi423gG/aIfIEEJNoLPC7fkkA"', 'Vary': 'Accept-Encoding', 'Content-Encoding': 'gzip', 'CF-Cache-Status': 'DYNAMIC', 'Report-To': '{"endpoints":[{"url":"https:\\/\\/a.nel.cloudflare.com\\/report\\/v4?s=KHCQcPidg5A2LX4t8jAP1BQY6zoi6DsgR9c0yhkyYeK7s16WVpI0mIX9VJCJf7J7%2FnxCKz%2FC3OhcNRBlaux%2BoV%2FxoF8I1VODbiJSRmI81Qee6JfoHZZivRDlbbSBadA2"}],"group":"cf-nel","max_age":604800}', 'NEL': '{"success_fraction":0,"report_to":"cf-nel","max_age":604800}', 'Server': 'cloudflare', 'CF-RAY': '87567ac33da387ac-IAD', 'alt-svc': 'h3=":443"; ma=86400'} 
 body={"results":[{"gender":"male","name":{"title":"Monsieur","first":"Flurin","last":"Roger"},"location":{"street":{"number":5630,"name":"Place Paul-Duquaire"},"city":"Oeschenbach","state":"Zürich","country":"Switzerland","postcode":6849,"coordinates":{"latitude":"-63.8025","longitude":"-61.7273"},"timezone":{"offset":"+9:30","description":"Adelaide, Darwin"}},"email":"flurin.roger@example.com","login":{"uuid":"4ee94af3-3d61-43bd-a68a-462aa8b8a70d","username":"orangemouse356","password":"happy2","salt":"p1yhmU2B","md5":"ad75e136f66e262b063f968d30c8e138","sha1":"6f8afa470ae5725267b0e88cf69e34d8419e8910","sha256":"da4861ae96f4381a08a04f7d153f220775bcc54aff06d68d5b0512de9f66d2c3"},"dob":{"date":"1968-07-29T00:59:23.455Z","age":55},"registered":{"date":"2005-08-25T05:20:19.509Z","age":18},"phone":"077 756 40 87","cell":"078 286 21 11","id":{"name":"AVS","value":"756.7522.7905.78"},"picture":{"large":"https://randomuser.me/api/portraits/men/68.jpg","medium":"https://randomuser.me/api/portraits/med/men/68.jpg","thumbnail":"https://randomuser.me/api/portraits/thumb/men/68.jpg"},"nat":"CH"}],"info":{"seed":"dad3e01092f7eb59","results":1,"page":1,"version":"1.4"}} 
 </msg>
<msg time="2024-04-16T19:11:09.347179" level="INFO">/opt/hostedtoolcache/Python/3.12.2/x64/lib/python3.12/site-packages/urllib3/connectionpool.py:1103: InsecureRequestWarning: Unverified HTTPS request is being made to host 'randomuser.me'. Adding certificate verification is strongly advised. See: https://urllib3.readthedocs.io/en/latest/advanced-usage.html#tls-warnings
  warnings.warn(</msg>
<msg time="2024-04-16T19:11:09.347343" level="INFO">${response} = &lt;Response [200]&gt;</msg>
<var>${response}</var>
<arg>consultarAPI</arg>
<arg>/api</arg>
<doc>Sends a GET request on a previously created HTTP Session.</doc>
<status status="PASS" start="2024-04-16T19:11:09.165291" elapsed="0.182116"/>
</kw>
<kw name="Should Be Equal As Numbers" owner="BuiltIn">
<msg time="2024-04-16T19:11:09.348451" level="INFO">Argument types are:
&lt;class 'int'&gt;
&lt;class 'str'&gt;</msg>
<arg>${response.status_code}</arg>
<arg>200</arg>
<doc>Fails if objects are unequal after converting them to real numbers.</doc>
<status status="PASS" start="2024-04-16T19:11:09.347979" elapsed="0.000544"/>
</kw>
<kw name="Log" owner="BuiltIn">
<msg time="2024-04-16T19:11:09.349272" level="INFO">200</msg>
<arg>${response.status_code}</arg>
<doc>Logs the given message with the given level.</doc>
<status status="PASS" start="2024-04-16T19:11:09.348894" elapsed="0.000424"/>
</kw>
<kw name="Set Variable" owner="BuiltIn">
<msg time="2024-04-16T19:11:09.350101" level="INFO">${json_data} = {'results': [{'gender': 'male', 'name': {'title': 'Monsieur', 'first': 'Flurin', 'last': 'Roger'}, 'location': {'street': {'number': 5630, 'name': 'Place Paul-Duquaire'}, 'city': 'Oeschenbach', 'state...</msg>
<var>${json_data}</var>
<arg>${response.json()}</arg>
<doc>Returns the given values which can then be assigned to a variables.</doc>
<status status="PASS" start="2024-04-16T19:11:09.349644" elapsed="0.000486"/>
</kw>
<kw name="Dictionary Should Contain Key" owner="Collections">
<msg time="2024-04-16T19:11:09.350643" level="INFO">False</msg>
<arg>${json_data}</arg>
<arg>results</arg>
<doc>Fails if ``key`` is not found from ``dictionary``.</doc>
<status status="PASS" start="2024-04-16T19:11:09.350463" elapsed="0.000226"/>
</kw>
<status status="PASS" start="2024-04-16T19:11:09.165036" elapsed="0.185926"/>
</kw>
<doc>Testa se a API responde corretamente e retorna um objeto JSON válido.</doc>
<tag>testeRequisicaoBasica</tag>
<status status="PASS" start="2024-04-16T19:11:09.164517" elapsed="0.186640"/>
</test>
<test id="s1-s1-t3" name="Validar estrutura de resposta" line="22">
<kw name="Teste de Estrutura de Resposta" owner="random-user-service">
<kw name="GET On Session" owner="RequestsLibrary">
<msg time="2024-04-16T19:11:09.452553" level="INFO">GET Request : url=https://randomuser.me/api 
 path_url=/api 
 headers={'User-Agent': 'python-requests/2.31.0', 'Accept-Encoding': 'gzip, deflate', 'Accept': '*/*', 'Connection': 'keep-alive'} 
 body=None 
 </msg>
<msg time="2024-04-16T19:11:09.452665" level="INFO">GET Response : url=https://randomuser.me/api 
 status=200, reason=OK 
 headers={'Date': 'Tue, 16 Apr 2024 19:11:09 GMT', 'Content-Type': 'application/json; charset=utf-8', 'Transfer-Encoding': 'chunked', 'Connection': 'keep-alive', 'X-Powered-By': 'Express', 'Access-Control-Allow-Origin': '*', 'Cache-Control': 'no-cache', 'ETag': 'W/"48c-vzqKYzSE6Exod1nmiuqO6sTbI64"', 'Vary': 'Accept-Encoding', 'Content-Encoding': 'gzip', 'CF-Cache-Status': 'DYNAMIC', 'Report-To': '{"endpoints":[{"url":"https:\\/\\/a.nel.cloudflare.com\\/report\\/v4?s=MOE8%2F6%2Bw9s0EEAZItQTpqdQbBHwKyTasnGN7hCtU%2FDLOl9RB2E1L%2FqYzpzOq830NLaMxiWFxHMCE0NfuAI8NHAk%2Fb%2BOo44B1FPBP2%2Fu2yQbTcu0Ax9Y929FlDu8Xno%2BX"}],"group":"cf-nel","max_age":604800}', 'NEL': '{"success_fraction":0,"report_to":"cf-nel","max_age":604800}', 'Server': 'cloudflare', 'CF-RAY': '87567ac37e5387ac-IAD', 'alt-svc': 'h3=":443"; ma=86400'} 
 body={"results":[{"gender":"male","name":{"title":"Mr","first":"Shaurya","last":"Shetty"},"location":{"street":{"number":4897,"name":"Tripolia Bazar"},"city":"Shimoga","state":"Kerala","country":"India","postcode":73956,"coordinates":{"latitude":"7.1042","longitude":"-14.3028"},"timezone":{"offset":"+3:00","description":"Baghdad, Riyadh, Moscow, St. Petersburg"}},"email":"shaurya.shetty@example.com","login":{"uuid":"de87fd8b-ea8a-4256-ae37-3ebce4c9a454","username":"blueladybug269","password":"trucks","salt":"5QINkxA6","md5":"8c8c625a76eea7d989c55e9accc50956","sha1":"94423b39e12622f0c9186483aa5253d3916fc046","sha256":"97a690285dd08682609188c7384efed342c606f0214791409dc7fe79e7e9c8a6"},"dob":{"date":"1995-08-08T10:32:17.327Z","age":28},"registered":{"date":"2016-06-29T15:38:47.183Z","age":7},"phone":"9375623211","cell":"8688714283","id":{"name":"UIDAI","value":"075332119850"},"picture":{"large":"https://randomuser.me/api/portraits/men/77.jpg","medium":"https://randomuser.me/api/portraits/med/men/77.jpg","thumbnail":"https://randomuser.me/api/portraits/thumb/men/77.jpg"},"nat":"IN"}],"info":{"seed":"dfeeea7345373c9b","results":1,"page":1,"version":"1.4"}} 
 </msg>
<msg time="2024-04-16T19:11:09.452822" level="INFO">/opt/hostedtoolcache/Python/3.12.2/x64/lib/python3.12/site-packages/urllib3/connectionpool.py:1103: InsecureRequestWarning: Unverified HTTPS request is being made to host 'randomuser.me'. Adding certificate verification is strongly advised. See: https://urllib3.readthedocs.io/en/latest/advanced-usage.html#tls-warnings
  warnings.warn(</msg>
<msg time="2024-04-16T19:11:09.452951" level="INFO">${response} = &lt;Response [200]&gt;</msg>
<var>${response}</var>
<arg>consultarAPI</arg>
<arg>/api</arg>
<doc>Sends a GET request on a previously created HTTP Session.</doc>
<status status="PASS" start="2024-04-16T19:11:09.354079" elapsed="0.098912"/>
</kw>
<kw name="Set Variable" owner="BuiltIn">
<msg time="2024-04-16T19:11:09.454090" level="INFO">${json_data} = {'results': [{'gender': 'male', 'name': {'title': 'Mr', 'first': 'Shaurya', 'last': 'Shetty'}, 'location': {'street': {'number': 4897, 'name': 'Tripolia Bazar'}, 'city': 'Shimoga', 'state': 'Kerala', ...</msg>
<var>${json_data}</var>
<arg>${response.json()}</arg>
<doc>Returns the given values which can then be assigned to a variables.</doc>
<status status="PASS" start="2024-04-16T19:11:09.453527" elapsed="0.000592"/>
</kw>
<kw name="Log" owner="BuiltIn">
<msg time="2024-04-16T19:11:09.454664" level="INFO">{'results': [{'gender': 'male', 'name': {'title': 'Mr', 'first': 'Shaurya', 'last': 'Shetty'}, 'location': {'street': {'number': 4897, 'name': 'Tripolia Bazar'}, 'city': 'Shimoga', 'state': 'Kerala', 'country': 'India', 'postcode': 73956, 'coordinates': {'latitude': '7.1042', 'longitude': '-14.3028'}, 'timezone': {'offset': '+3:00', 'description': 'Baghdad, Riyadh, Moscow, St. Petersburg'}}, 'email': 'shaurya.shetty@example.com', 'login': {'uuid': 'de87fd8b-ea8a-4256-ae37-3ebce4c9a454', 'username': 'blueladybug269', 'password': 'trucks', 'salt': '5QINkxA6', 'md5': '8c8c625a76eea7d989c55e9accc50956', 'sha1': '94423b39e12622f0c9186483aa5253d3916fc046', 'sha256': '97a690285dd08682609188c7384efed342c606f0214791409dc7fe79e7e9c8a6'}, 'dob': {'date': '1995-08-08T10:32:17.327Z', 'age': 28}, 'registered': {'date': '2016-06-29T15:38:47.183Z', 'age': 7}, 'phone': '9375623211', 'cell': '8688714283', 'id': {'name': 'UIDAI', 'value': '075332119850'}, 'picture': {'large': 'https://randomuser.me/api/portraits/men/77.jpg', 'medium': 'https://randomuser.me/api/portraits/med/men/77.jpg', 'thumbnail': 'https://randomuser.me/api/portraits/thumb/men/77.jpg'}, 'nat': 'IN'}], 'info': {'seed': 'dfeeea7345373c9b', 'results': 1, 'page': 1, 'version': '1.4'}}</msg>
<arg>${json_data}</arg>
<doc>Logs the given message with the given level.</doc>
<status status="PASS" start="2024-04-16T19:11:09.454486" elapsed="0.000227"/>
</kw>
<kw name="Dictionary Should Contain Key" owner="Collections">
<msg time="2024-04-16T19:11:09.455191" level="INFO">False</msg>
<arg>${json_data}</arg>
<arg>results</arg>
<doc>Fails if ``key`` is not found from ``dictionary``.</doc>
<status status="PASS" start="2024-04-16T19:11:09.455025" elapsed="0.000205"/>
</kw>
<kw name="Should Not Be Empty" owner="BuiltIn">
<msg time="2024-04-16T19:11:09.455729" level="INFO">Length is 2.</msg>
<arg>${json_data}</arg>
<doc>Verifies that the given item is not empty.</doc>
<status status="PASS" start="2024-04-16T19:11:09.455587" elapsed="0.000182"/>
</kw>
<kw name="Create List" owner="BuiltIn">
<msg time="2024-04-16T19:11:09.456226" level="INFO">${expected_keys} = ['gender', 'name', 'location', 'email', 'login']</msg>
<var>${expected_keys}</var>
<arg>gender</arg>
<arg>name</arg>
<arg>location</arg>
<arg>email</arg>
<arg>login</arg>
<doc>Returns a list containing given items.</doc>
<status status="PASS" start="2024-04-16T19:11:09.456071" elapsed="0.000180"/>
</kw>
<for flavor="IN">
<iter>
<kw name="Dictionary Should Contain Key" owner="Collections">
<msg time="2024-04-16T19:11:09.457282" level="INFO">False</msg>
<arg>${json_data['results'][0]}</arg>
<arg>${key}</arg>
<doc>Fails if ``key`` is not found from ``dictionary``.</doc>
<status status="PASS" start="2024-04-16T19:11:09.456852" elapsed="0.000471"/>
</kw>
<kw name="Log" owner="BuiltIn">
<msg time="2024-04-16T19:11:09.458026" level="INFO">{'gender': 'male', 'name': {'title': 'Mr', 'first': 'Shaurya', 'last': 'Shetty'}, 'location': {'street': {'number': 4897, 'name': 'Tripolia Bazar'}, 'city': 'Shimoga', 'state': 'Kerala', 'country': 'India', 'postcode': 73956, 'coordinates': {'latitude': '7.1042', 'longitude': '-14.3028'}, 'timezone': {'offset': '+3:00', 'description': 'Baghdad, Riyadh, Moscow, St. Petersburg'}}, 'email': 'shaurya.shetty@example.com', 'login': {'uuid': 'de87fd8b-ea8a-4256-ae37-3ebce4c9a454', 'username': 'blueladybug269', 'password': 'trucks', 'salt': '5QINkxA6', 'md5': '8c8c625a76eea7d989c55e9accc50956', 'sha1': '94423b39e12622f0c9186483aa5253d3916fc046', 'sha256': '97a690285dd08682609188c7384efed342c606f0214791409dc7fe79e7e9c8a6'}, 'dob': {'date': '1995-08-08T10:32:17.327Z', 'age': 28}, 'registered': {'date': '2016-06-29T15:38:47.183Z', 'age': 7}, 'phone': '9375623211', 'cell': '8688714283', 'id': {'name': 'UIDAI', 'value': '075332119850'}, 'picture': {'large': 'https://randomuser.me/api/portraits/men/77.jpg', 'medium': 'https://randomuser.me/api/portraits/med/men/77.jpg', 'thumbnail': 'https://randomuser.me/api/portraits/thumb/men/77.jpg'}, 'nat': 'IN'}</msg>
<arg>${json_data['results'][0]}</arg>
<doc>Logs the given message with the given level.</doc>
<status status="PASS" start="2024-04-16T19:11:09.457632" elapsed="0.000447"/>
</kw>
<kw name="Log" owner="BuiltIn">
<msg time="2024-04-16T19:11:09.458542" level="INFO">gender</msg>
<arg>${key}</arg>
<doc>Logs the given message with the given level.</doc>
<status status="PASS" start="2024-04-16T19:11:09.458401" elapsed="0.000184"/>
</kw>
<var name="${key}">gender</var>
<status status="PASS" start="2024-04-16T19:11:09.456721" elapsed="0.002103"/>
</iter>
<iter>
<kw name="Dictionary Should Contain Key" owner="Collections">
<msg time="2024-04-16T19:11:09.459584" level="INFO">False</msg>
<arg>${json_data['results'][0]}</arg>
<arg>${key}</arg>
<doc>Fails if ``key`` is not found from ``dictionary``.</doc>
<status status="PASS" start="2024-04-16T19:11:09.459159" elapsed="0.000465"/>
</kw>
<kw name="Log" owner="BuiltIn">
<msg time="2024-04-16T19:11:09.460346" level="INFO">{'gender': 'male', 'name': {'title': 'Mr', 'first': 'Shaurya', 'last': 'Shetty'}, 'location': {'street': {'number': 4897, 'name': 'Tripolia Bazar'}, 'city': 'Shimoga', 'state': 'Kerala', 'country': 'India', 'postcode': 73956, 'coordinates': {'latitude': '7.1042', 'longitude': '-14.3028'}, 'timezone': {'offset': '+3:00', 'description': 'Baghdad, Riyadh, Moscow, St. Petersburg'}}, 'email': 'shaurya.shetty@example.com', 'login': {'uuid': 'de87fd8b-ea8a-4256-ae37-3ebce4c9a454', 'username': 'blueladybug269', 'password': 'trucks', 'salt': '5QINkxA6', 'md5': '8c8c625a76eea7d989c55e9accc50956', 'sha1': '94423b39e12622f0c9186483aa5253d3916fc046', 'sha256': '97a690285dd08682609188c7384efed342c606f0214791409dc7fe79e7e9c8a6'}, 'dob': {'date': '1995-08-08T10:32:17.327Z', 'age': 28}, 'registered': {'date': '2016-06-29T15:38:47.183Z', 'age': 7}, 'phone': '9375623211', 'cell': '8688714283', 'id': {'name': 'UIDAI', 'value': '075332119850'}, 'picture': {'large': 'https://randomuser.me/api/portraits/men/77.jpg', 'medium': 'https://randomuser.me/api/portraits/med/men/77.jpg', 'thumbnail': 'https://randomuser.me/api/portraits/thumb/men/77.jpg'}, 'nat': 'IN'}</msg>
<arg>${json_data['results'][0]}</arg>
<doc>Logs the given message with the given level.</doc>
<status status="PASS" start="2024-04-16T19:11:09.459959" elapsed="0.000445"/>
</kw>
<kw name="Log" owner="BuiltIn">
<msg time="2024-04-16T19:11:09.460845" level="INFO">name</msg>
<arg>${key}</arg>
<doc>Logs the given message with the given level.</doc>
<status status="PASS" start="2024-04-16T19:11:09.460714" elapsed="0.000170"/>
</kw>
<var name="${key}">name</var>
<status status="PASS" start="2024-04-16T19:11:09.459039" elapsed="0.002070"/>
</iter>
<iter>
<kw name="Dictionary Should Contain Key" owner="Collections">
<msg time="2024-04-16T19:11:09.461822" level="INFO">False</msg>
<arg>${json_data['results'][0]}</arg>
<arg>${key}</arg>
<doc>Fails if ``key`` is not found from ``dictionary``.</doc>
<status status="PASS" start="2024-04-16T19:11:09.461414" elapsed="0.000449"/>
</kw>
<kw name="Log" owner="BuiltIn">
<msg time="2024-04-16T19:11:09.462581" level="INFO">{'gender': 'male', 'name': {'title': 'Mr', 'first': 'Shaurya', 'last': 'Shetty'}, 'location': {'street': {'number': 4897, 'name': 'Tripolia Bazar'}, 'city': 'Shimoga', 'state': 'Kerala', 'country': 'India', 'postcode': 73956, 'coordinates': {'latitude': '7.1042', 'longitude': '-14.3028'}, 'timezone': {'offset': '+3:00', 'description': 'Baghdad, Riyadh, Moscow, St. Petersburg'}}, 'email': 'shaurya.shetty@example.com', 'login': {'uuid': 'de87fd8b-ea8a-4256-ae37-3ebce4c9a454', 'username': 'blueladybug269', 'password': 'trucks', 'salt': '5QINkxA6', 'md5': '8c8c625a76eea7d989c55e9accc50956', 'sha1': '94423b39e12622f0c9186483aa5253d3916fc046', 'sha256': '97a690285dd08682609188c7384efed342c606f0214791409dc7fe79e7e9c8a6'}, 'dob': {'date': '1995-08-08T10:32:17.327Z', 'age': 28}, 'registered': {'date': '2016-06-29T15:38:47.183Z', 'age': 7}, 'phone': '9375623211', 'cell': '8688714283', 'id': {'name': 'UIDAI', 'value': '075332119850'}, 'picture': {'large': 'https://randomuser.me/api/portraits/men/77.jpg', 'medium': 'https://randomuser.me/api/portraits/med/men/77.jpg', 'thumbnail': 'https://randomuser.me/api/portraits/thumb/men/77.jpg'}, 'nat': 'IN'}</msg>
<arg>${json_data['results'][0]}</arg>
<doc>Logs the given message with the given level.</doc>
<status status="PASS" start="2024-04-16T19:11:09.462197" elapsed="0.000434"/>
</kw>
<kw name="Log" owner="BuiltIn">
<msg time="2024-04-16T19:11:09.463081" level="INFO">location</msg>
<arg>${key}</arg>
<doc>Logs the given message with the given level.</doc>
<status status="PASS" start="2024-04-16T19:11:09.462946" elapsed="0.000176"/>
</kw>
<var name="${key}">location</var>
<status status="PASS" start="2024-04-16T19:11:09.461299" elapsed="0.002077"/>
</iter>
<iter>
<kw name="Dictionary Should Contain Key" owner="Collections">
<msg time="2024-04-16T19:11:09.464135" level="INFO">False</msg>
<arg>${json_data['results'][0]}</arg>
<arg>${key}</arg>
<doc>Fails if ``key`` is not found from ``dictionary``.</doc>
<status status="PASS" start="2024-04-16T19:11:09.463722" elapsed="0.000459"/>
</kw>
<kw name="Log" owner="BuiltIn">
<msg time="2024-04-16T19:11:09.464897" level="INFO">{'gender': 'male', 'name': {'title': 'Mr', 'first': 'Shaurya', 'last': 'Shetty'}, 'location': {'street': {'number': 4897, 'name': 'Tripolia Bazar'}, 'city': 'Shimoga', 'state': 'Kerala', 'country': 'India', 'postcode': 73956, 'coordinates': {'latitude': '7.1042', 'longitude': '-14.3028'}, 'timezone': {'offset': '+3:00', 'description': 'Baghdad, Riyadh, Moscow, St. Petersburg'}}, 'email': 'shaurya.shetty@example.com', 'login': {'uuid': 'de87fd8b-ea8a-4256-ae37-3ebce4c9a454', 'username': 'blueladybug269', 'password': 'trucks', 'salt': '5QINkxA6', 'md5': '8c8c625a76eea7d989c55e9accc50956', 'sha1': '94423b39e12622f0c9186483aa5253d3916fc046', 'sha256': '97a690285dd08682609188c7384efed342c606f0214791409dc7fe79e7e9c8a6'}, 'dob': {'date': '1995-08-08T10:32:17.327Z', 'age': 28}, 'registered': {'date': '2016-06-29T15:38:47.183Z', 'age': 7}, 'phone': '9375623211', 'cell': '8688714283', 'id': {'name': 'UIDAI', 'value': '075332119850'}, 'picture': {'large': 'https://randomuser.me/api/portraits/men/77.jpg', 'medium': 'https://randomuser.me/api/portraits/med/men/77.jpg', 'thumbnail': 'https://randomuser.me/api/portraits/thumb/men/77.jpg'}, 'nat': 'IN'}</msg>
<arg>${json_data['results'][0]}</arg>
<doc>Logs the given message with the given level.</doc>
<status status="PASS" start="2024-04-16T19:11:09.464503" elapsed="0.000446"/>
</kw>
<kw name="Log" owner="BuiltIn">
<msg time="2024-04-16T19:11:09.465404" level="INFO">email</msg>
<arg>${key}</arg>
<doc>Logs the given message with the given level.</doc>
<status status="PASS" start="2024-04-16T19:11:09.465268" elapsed="0.000178"/>
</kw>
<var name="${key}">email</var>
<status status="PASS" start="2024-04-16T19:11:09.463599" elapsed="0.002075"/>
</iter>
<iter>
<kw name="Dictionary Should Contain Key" owner="Collections">
<msg time="2024-04-16T19:11:09.466382" level="INFO">False</msg>
<arg>${json_data['results'][0]}</arg>
<arg>${key}</arg>
<doc>Fails if ``key`` is not found from ``dictionary``.</doc>
<status status="PASS" start="2024-04-16T19:11:09.465981" elapsed="0.000441"/>
</kw>
<kw name="Log" owner="BuiltIn">
<msg time="2024-04-16T19:11:09.467132" level="INFO">{'gender': 'male', 'name': {'title': 'Mr', 'first': 'Shaurya', 'last': 'Shetty'}, 'location': {'street': {'number': 4897, 'name': 'Tripolia Bazar'}, 'city': 'Shimoga', 'state': 'Kerala', 'country': 'India', 'postcode': 73956, 'coordinates': {'latitude': '7.1042', 'longitude': '-14.3028'}, 'timezone': {'offset': '+3:00', 'description': 'Baghdad, Riyadh, Moscow, St. Petersburg'}}, 'email': 'shaurya.shetty@example.com', 'login': {'uuid': 'de87fd8b-ea8a-4256-ae37-3ebce4c9a454', 'username': 'blueladybug269', 'password': 'trucks', 'salt': '5QINkxA6', 'md5': '8c8c625a76eea7d989c55e9accc50956', 'sha1': '94423b39e12622f0c9186483aa5253d3916fc046', 'sha256': '97a690285dd08682609188c7384efed342c606f0214791409dc7fe79e7e9c8a6'}, 'dob': {'date': '1995-08-08T10:32:17.327Z', 'age': 28}, 'registered': {'date': '2016-06-29T15:38:47.183Z', 'age': 7}, 'phone': '9375623211', 'cell': '8688714283', 'id': {'name': 'UIDAI', 'value': '075332119850'}, 'picture': {'large': 'https://randomuser.me/api/portraits/men/77.jpg', 'medium': 'https://randomuser.me/api/portraits/med/men/77.jpg', 'thumbnail': 'https://randomuser.me/api/portraits/thumb/men/77.jpg'}, 'nat': 'IN'}</msg>
<arg>${json_data['results'][0]}</arg>
<doc>Logs the given message with the given level.</doc>
<status status="PASS" start="2024-04-16T19:11:09.466748" elapsed="0.000434"/>
</kw>
<kw name="Log" owner="BuiltIn">
<msg time="2024-04-16T19:11:09.467663" level="INFO">login</msg>
<arg>${key}</arg>
<doc>Logs the given message with the given level.</doc>
<status status="PASS" start="2024-04-16T19:11:09.467525" elapsed="0.000180"/>
</kw>
<var name="${key}">login</var>
<status status="PASS" start="2024-04-16T19:11:09.465862" elapsed="0.002098"/>
</iter>
<var>${key}</var>
<value>@{expected_keys}</value>
<status status="PASS" start="2024-04-16T19:11:09.456518" elapsed="0.011577"/>
</for>
<kw name="Create List" owner="BuiltIn">
<msg time="2024-04-16T19:11:09.468454" level="INFO">${expected_keysTwo} = ['username', 'password']</msg>
<var>${expected_keysTwo}</var>
<arg>username</arg>
<arg>password</arg>
<doc>Returns a list containing given items.</doc>
<status status="PASS" start="2024-04-16T19:11:09.468306" elapsed="0.000173"/>
</kw>
<for flavor="IN">
<iter>
<kw name="Dictionary Should Contain Key" owner="Collections">
<msg time="2024-04-16T19:11:09.469528" level="INFO">False</msg>
<arg>${json_data['results'][0]['login']}</arg>
<arg>${keyTwo}</arg>
<doc>Fails if ``key`` is not found from ``dictionary``.</doc>
<status status="PASS" start="2024-04-16T19:11:09.469144" elapsed="0.000422"/>
</kw>
<kw name="Dictionary Should Contain Key" owner="Collections">
<msg time="2024-04-16T19:11:09.470257" level="INFO">False</msg>
<arg>${json_data['results'][0]['login']}</arg>
<arg>${keyTwo}</arg>
<doc>Fails if ``key`` is not found from ``dictionary``.</doc>
<status status="PASS" start="2024-04-16T19:11:09.469879" elapsed="0.000417"/>
</kw>
<kw name="Log" owner="BuiltIn">
<msg time="2024-04-16T19:11:09.470736" level="INFO">username</msg>
<arg>${keyTwo}</arg>
<doc>Logs the given message with the given level.</doc>
<status status="PASS" start="2024-04-16T19:11:09.470595" elapsed="0.000180"/>
</kw>
<var name="${keyTwo}">username</var>
<status status="PASS" start="2024-04-16T19:11:09.469024" elapsed="0.001971"/>
</iter>
<iter>
<kw name="Dictionary Should Contain Key" owner="Collections">
<msg time="2024-04-16T19:11:09.471698" level="INFO">False</msg>
<arg>${json_data['results'][0]['login']}</arg>
<arg>${keyTwo}</arg>
<doc>Fails if ``key`` is not found from ``dictionary``.</doc>
<status status="PASS" start="2024-04-16T19:11:09.471283" elapsed="0.000454"/>
</kw>
<kw name="Dictionary Should Contain Key" owner="Collections">
<msg time="2024-04-16T19:11:09.472433" level="INFO">False</msg>
<arg>${json_data['results'][0]['login']}</arg>
<arg>${keyTwo}</arg>
<doc>Fails if ``key`` is not found from ``dictionary``.</doc>
<status status="PASS" start="2024-04-16T19:11:09.472043" elapsed="0.000429"/>
</kw>
<kw name="Log" owner="BuiltIn">
<msg time="2024-04-16T19:11:09.472907" level="INFO">password</msg>
<arg>${keyTwo}</arg>
<doc>Logs the given message with the given level.</doc>
<status status="PASS" start="2024-04-16T19:11:09.472776" elapsed="0.000171"/>
</kw>
<var name="${keyTwo}">password</var>
<status status="PASS" start="2024-04-16T19:11:09.471172" elapsed="0.002000"/>
</iter>
<var>${keyTwo}</var>
<value>@{expected_keysTwo}</value>
<status status="PASS" start="2024-04-16T19:11:09.468732" elapsed="0.004564"/>
</for>
<status status="PASS" start="2024-04-16T19:11:09.353825" elapsed="0.119617"/>
</kw>
<doc>Testa a estrutura da resposta da API.</doc>
<tag>testeEstruturaResposta</tag>
<status status="PASS" start="2024-04-16T19:11:09.353100" elapsed="0.120510"/>
</test>
<test id="s1-s1-t4" name="Validar tipos de dados" line="28">
<kw name="Teste de Tipos de Dados" owner="random-user-service">
<kw name="GET On Session" owner="RequestsLibrary">
<msg time="2024-04-16T19:11:09.549369" level="INFO">GET Request : url=https://randomuser.me/api 
 path_url=/api 
 headers={'User-Agent': 'python-requests/2.31.0', 'Accept-Encoding': 'gzip, deflate', 'Accept': '*/*', 'Connection': 'keep-alive'} 
 body=None 
 </msg>
<msg time="2024-04-16T19:11:09.549483" level="INFO">GET Response : url=https://randomuser.me/api 
 status=200, reason=OK 
 headers={'Date': 'Tue, 16 Apr 2024 19:11:09 GMT', 'Content-Type': 'application/json; charset=utf-8', 'Transfer-Encoding': 'chunked', 'Connection': 'keep-alive', 'X-Powered-By': 'Express', 'Access-Control-Allow-Origin': '*', 'Cache-Control': 'no-cache', 'ETag': 'W/"488-SbXk9UYo9iNb3Dj12hGL7fOarcg"', 'Vary': 'Accept-Encoding', 'Content-Encoding': 'gzip', 'CF-Cache-Status': 'DYNAMIC', 'Report-To': '{"endpoints":[{"url":"https:\\/\\/a.nel.cloudflare.com\\/report\\/v4?s=vOQPpWMx7etB%2FkmCu73EnSXZ7U639PdKfdWyuOkyBGsT%2F05GUwnFAu6qiZUYamdx778jdxFQhfsY7csz4W7PYeKN4s2zKEFZAPNwWte27O7iBajNRCeMxf%2F4Dr5Wxikt"}],"group":"cf-nel","max_age":604800}', 'NEL': '{"success_fraction":0,"report_to":"cf-nel","max_age":604800}', 'Server': 'cloudflare', 'CF-RAY': '87567ac4484a87ac-IAD', 'alt-svc': 'h3=":443"; ma=86400'} 
 body={"results":[{"gender":"male","name":{"title":"Mr","first":"Mathis","last":"Francois"},"location":{"street":{"number":6405,"name":"Rue Victor-Hugo"},"city":"Tours","state":"Hauts-de-Seine","country":"France","postcode":13737,"coordinates":{"latitude":"-13.7417","longitude":"-103.6413"},"timezone":{"offset":"-9:00","description":"Alaska"}},"email":"mathis.francois@example.com","login":{"uuid":"a52aff70-fc39-4550-9871-a4a50a177389","username":"heavybutterfly688","password":"kathryn","salt":"7WmJuwag","md5":"27761a20afeab840a4c5ddbcdbf28bb1","sha1":"3ab1a19dcc517cd51353611dfdb29bea8bca0d83","sha256":"c503c64dfecf64c7e207638d66eea11fc0c5a64242acd9f73061b08afb44e9f5"},"dob":{"date":"1960-06-15T14:35:41.034Z","age":63},"registered":{"date":"2015-02-02T13:43:17.380Z","age":9},"phone":"01-60-44-25-65","cell":"06-53-35-45-20","id":{"name":"INSEE","value":"1600509625924 65"},"picture":{"large":"https://randomuser.me/api/portraits/men/36.jpg","medium":"https://randomuser.me/api/portraits/med/men/36.jpg","thumbnail":"https://randomuser.me/api/portraits/thumb/men/36.jpg"},"nat":"FR"}],"info":{"seed":"057b8181ed752e87","results":1,"page":1,"version":"1.4"}} 
 </msg>
<msg time="2024-04-16T19:11:09.549566" level="INFO">/opt/hostedtoolcache/Python/3.12.2/x64/lib/python3.12/site-packages/urllib3/connectionpool.py:1103: InsecureRequestWarning: Unverified HTTPS request is being made to host 'randomuser.me'. Adding certificate verification is strongly advised. See: https://urllib3.readthedocs.io/en/latest/advanced-usage.html#tls-warnings
  warnings.warn(</msg>
<msg time="2024-04-16T19:11:09.549727" level="INFO">${response} = &lt;Response [200]&gt;</msg>
<var>${response}</var>
<arg>consultarAPI</arg>
<arg>/api</arg>
<doc>Sends a GET request on a previously created HTTP Session.</doc>
<status status="PASS" start="2024-04-16T19:11:09.476171" elapsed="0.073607"/>
</kw>
<kw name="Set Variable" owner="BuiltIn">
<msg time="2024-04-16T19:11:09.550956" level="INFO">${json_data} = {'results': [{'gender': 'male', 'name': {'title': 'Mr', 'first': 'Mathis', 'last': 'Francois'}, 'location': {'street': {'number': 6405, 'name': 'Rue Victor-Hugo'}, 'city': 'Tours', 'state': 'Hauts-de-...</msg>
<var>${json_data}</var>
<arg>${response.json()}</arg>
<doc>Returns the given values which can then be assigned to a variables.</doc>
<status status="PASS" start="2024-04-16T19:11:09.550386" elapsed="0.000605"/>
</kw>
<kw name="Log" owner="BuiltIn">
<msg time="2024-04-16T19:11:09.551602" level="INFO">{'results': [{'gender': 'male', 'name': {'title': 'Mr', 'first': 'Mathis', 'last': 'Francois'}, 'location': {'street': {'number': 6405, 'name': 'Rue Victor-Hugo'}, 'city': 'Tours', 'state': 'Hauts-de-Seine', 'country': 'France', 'postcode': 13737, 'coordinates': {'latitude': '-13.7417', 'longitude': '-103.6413'}, 'timezone': {'offset': '-9:00', 'description': 'Alaska'}}, 'email': 'mathis.francois@example.com', 'login': {'uuid': 'a52aff70-fc39-4550-9871-a4a50a177389', 'username': 'heavybutterfly688', 'password': 'kathryn', 'salt': '7WmJuwag', 'md5': '27761a20afeab840a4c5ddbcdbf28bb1', 'sha1': '3ab1a19dcc517cd51353611dfdb29bea8bca0d83', 'sha256': 'c503c64dfecf64c7e207638d66eea11fc0c5a64242acd9f73061b08afb44e9f5'}, 'dob': {'date': '1960-06-15T14:35:41.034Z', 'age': 63}, 'registered': {'date': '2015-02-02T13:43:17.380Z', 'age': 9}, 'phone': '01-60-44-25-65', 'cell': '06-53-35-45-20', 'id': {'name': 'INSEE', 'value': '1600509625924 65'}, 'picture': {'large': 'https://randomuser.me/api/portraits/men/36.jpg', 'medium': 'https://randomuser.me/api/portraits/med/men/36.jpg', 'thumbnail': 'https://randomuser.me/api/portraits/thumb/men/36.jpg'}, 'nat': 'FR'}], 'info': {'seed': '057b8181ed752e87', 'results': 1, 'page': 1, 'version': '1.4'}}</msg>
<arg>${json_data}</arg>
<doc>Logs the given message with the given level.</doc>
<status status="PASS" start="2024-04-16T19:11:09.551412" elapsed="0.000315"/>
</kw>
<kw name="Should Be String" owner="String">
<arg>${json_data['results'][0]['gender']}</arg>
<doc>Fails if the given ``item`` is not a string.</doc>
<status status="PASS" start="2024-04-16T19:11:09.552090" elapsed="0.000409"/>
</kw>
<kw name="Should Match Regexp" owner="BuiltIn">
<arg>${json_data['results'][0]['email']}</arg>
<arg>^[a-zA-Z0-9._%+-]+@[a-zA-Z0-9.-]+\.[a-zA-Z]{2,}$</arg>
<doc>Fails if ``string`` does not match ``pattern`` as a regular expression.</doc>
<status status="PASS" start="2024-04-16T19:11:09.552712" elapsed="0.000614"/>
</kw>
<kw name="Should Match Regexp" owner="BuiltIn">
<arg>${json_data['results'][0]['dob']['date']}</arg>
<arg>\\d{4}-\\d{2}-\\d{2}T\\d{2}:\\d{2}:\\d{2}\\.\\d{3}Z</arg>
<doc>Fails if ``string`` does not match ``pattern`` as a regular expression.</doc>
<status status="PASS" start="2024-04-16T19:11:09.553595" elapsed="0.000520"/>
</kw>
<kw name="Should Match Regexp" owner="BuiltIn">
<arg>${json_data['results'][0]['registered']['date']}</arg>
<arg>\\d{4}-\\d{2}-\\d{2}T\\d{2}:\\d{2}:\\d{2}\\.\\d{3}Z</arg>
<doc>Fails if ``string`` does not match ``pattern`` as a regular expression.</doc>
<status status="PASS" start="2024-04-16T19:11:09.554321" elapsed="0.000369"/>
</kw>
<kw name="Should Match Regexp" owner="BuiltIn">
<arg>${json_data['results'][0]['picture']['large']}</arg>
<arg>^https?://.*\.(?:png|jpe?g|gif|bmp)$</arg>
<doc>Fails if ``string`` does not match ``pattern`` as a regular expression.</doc>
<status status="PASS" start="2024-04-16T19:11:09.554882" elapsed="0.000496"/>
</kw>
<kw name="Should Match Regexp" owner="BuiltIn">
<arg>${json_data['results'][0]['picture']['medium']}</arg>
<arg>^https?://.*\.(?:png|jpe?g|gif|bmp)$</arg>
<doc>Fails if ``string`` does not match ``pattern`` as a regular expression.</doc>
<status status="PASS" start="2024-04-16T19:11:09.555598" elapsed="0.000368"/>
</kw>
<kw name="Should Match Regexp" owner="BuiltIn">
<arg>${json_data['results'][0]['picture']['thumbnail']}</arg>
<arg>^https?://.*\.(?:png|jpe?g|gif|bmp)$</arg>
<doc>Fails if ``string`` does not match ``pattern`` as a regular expression.</doc>
<status status="PASS" start="2024-04-16T19:11:09.556156" elapsed="0.000375"/>
</kw>
<kw name="Log" owner="BuiltIn">
<msg time="2024-04-16T19:11:09.557060" level="INFO">{'large': 'https://randomuser.me/api/portraits/men/36.jpg', 'medium': 'https://randomuser.me/api/portraits/med/men/36.jpg', 'thumbnail': 'https://randomuser.me/api/portraits/thumb/men/36.jpg'}</msg>
<arg>${json_data['results'][0]['picture']}</arg>
<doc>Logs the given message with the given level.</doc>
<status status="PASS" start="2024-04-16T19:11:09.556720" elapsed="0.000382"/>
</kw>
<status status="PASS" start="2024-04-16T19:11:09.475931" elapsed="0.081443"/>
</kw>
<kw name="Teste de Tipos de Dados - Postcode" owner="random-user-service">
<kw name="GET On Session" owner="RequestsLibrary">
<msg time="2024-04-16T19:11:09.653064" level="INFO">GET Request : url=https://randomuser.me/api 
 path_url=/api 
 headers={'User-Agent': 'python-requests/2.31.0', 'Accept-Encoding': 'gzip, deflate', 'Accept': '*/*', 'Connection': 'keep-alive'} 
 body=None 
 </msg>
<msg time="2024-04-16T19:11:09.653164" level="INFO">GET Response : url=https://randomuser.me/api 
 status=200, reason=OK 
 headers={'Date': 'Tue, 16 Apr 2024 19:11:09 GMT', 'Content-Type': 'application/json; charset=utf-8', 'Transfer-Encoding': 'chunked', 'Connection': 'keep-alive', 'X-Powered-By': 'Express', 'Access-Control-Allow-Origin': '*', 'Cache-Control': 'no-cache', 'ETag': 'W/"476-XlbZhLOH9mY/kppHsfCbumBooyI"', 'Vary': 'Accept-Encoding', 'Content-Encoding': 'gzip', 'CF-Cache-Status': 'DYNAMIC', 'Report-To': '{"endpoints":[{"url":"https:\\/\\/a.nel.cloudflare.com\\/report\\/v4?s=zMQdCYKSsAQ%2BbXdmws60MpSV140Xy1XK1qXo3%2BSzPVj7Zp%2FjZZaUxcE76J2MresjsW3O1ywSbJhZeyZ0HkL5yE9bCgQDMtszCO8B263W24KtDJQF%2B4qwAPkzQQhJKfLe"}],"group":"cf-nel","max_age":604800}', 'NEL': '{"success_fraction":0,"report_to":"cf-nel","max_age":604800}', 'Server': 'cloudflare', 'CF-RAY': '87567ac4c97a87ac-IAD', 'alt-svc': 'h3=":443"; ma=86400'} 
 body={"results":[{"gender":"female","name":{"title":"Ms","first":"Ema","last":"Brevik"},"location":{"street":{"number":4591,"name":"Østfoldgata"},"city":"Vikersund","state":"Hordaland","country":"Norway","postcode":"3040","coordinates":{"latitude":"40.7130","longitude":"74.2783"},"timezone":{"offset":"+6:00","description":"Almaty, Dhaka, Colombo"}},"email":"ema.brevik@example.com","login":{"uuid":"41dc7fe5-c651-421b-9ff3-98982c52f0bd","username":"brownlion564","password":"womam","salt":"zxfjhSJ0","md5":"f0a36ae4d389b9b96c54b6af0f2762e4","sha1":"da172152e369b41ff592882d268bf6b2018e3e51","sha256":"72f45814859edeffbde550588131805c5e7fe751de2e8d28d1f08ac96a7756db"},"dob":{"date":"1978-02-04T09:46:55.720Z","age":46},"registered":{"date":"2012-07-08T18:38:14.956Z","age":11},"phone":"73190680","cell":"94830031","id":{"name":"FN","value":"04027821052"},"picture":{"large":"https://randomuser.me/api/portraits/women/16.jpg","medium":"https://randomuser.me/api/portraits/med/women/16.jpg","thumbnail":"https://randomuser.me/api/portraits/thumb/women/16.jpg"},"nat":"NO"}],"info":{"seed":"e9c421ca85074ca5","results":1,"page":1,"version":"1.4"}} 
 </msg>
<msg time="2024-04-16T19:11:09.653259" level="INFO">/opt/hostedtoolcache/Python/3.12.2/x64/lib/python3.12/site-packages/urllib3/connectionpool.py:1103: InsecureRequestWarning: Unverified HTTPS request is being made to host 'randomuser.me'. Adding certificate verification is strongly advised. See: https://urllib3.readthedocs.io/en/latest/advanced-usage.html#tls-warnings
  warnings.warn(</msg>
<msg time="2024-04-16T19:11:09.653407" level="INFO">${response} = &lt;Response [200]&gt;</msg>
<var>${response}</var>
<arg>consultarAPI</arg>
<arg>/api</arg>
<doc>Sends a GET request on a previously created HTTP Session.</doc>
<status status="PASS" start="2024-04-16T19:11:09.557861" elapsed="0.095591"/>
</kw>
<kw name="Set Variable" owner="BuiltIn">
<msg time="2024-04-16T19:11:09.654542" level="INFO">${json_data} = {'results': [{'gender': 'female', 'name': {'title': 'Ms', 'first': 'Ema', 'last': 'Brevik'}, 'location': {'street': {'number': 4591, 'name': 'Østfoldgata'}, 'city': 'Vikersund', 'state': 'Hordaland', ...</msg>
<var>${json_data}</var>
<arg>${response.json()}</arg>
<doc>Returns the given values which can then be assigned to a variables.</doc>
<status status="PASS" start="2024-04-16T19:11:09.653995" elapsed="0.000576"/>
</kw>
<kw name="Log" owner="BuiltIn">
<msg time="2024-04-16T19:11:09.655098" level="INFO">{'results': [{'gender': 'female', 'name': {'title': 'Ms', 'first': 'Ema', 'last': 'Brevik'}, 'location': {'street': {'number': 4591, 'name': 'Østfoldgata'}, 'city': 'Vikersund', 'state': 'Hordaland', 'country': 'Norway', 'postcode': '3040', 'coordinates': {'latitude': '40.7130', 'longitude': '74.2783'}, 'timezone': {'offset': '+6:00', 'description': 'Almaty, Dhaka, Colombo'}}, 'email': 'ema.brevik@example.com', 'login': {'uuid': '41dc7fe5-c651-421b-9ff3-98982c52f0bd', 'username': 'brownlion564', 'password': 'womam', 'salt': 'zxfjhSJ0', 'md5': 'f0a36ae4d389b9b96c54b6af0f2762e4', 'sha1': 'da172152e369b41ff592882d268bf6b2018e3e51', 'sha256': '72f45814859edeffbde550588131805c5e7fe751de2e8d28d1f08ac96a7756db'}, 'dob': {'date': '1978-02-04T09:46:55.720Z', 'age': 46}, 'registered': {'date': '2012-07-08T18:38:14.956Z', 'age': 11}, 'phone': '73190680', 'cell': '94830031', 'id': {'name': 'FN', 'value': '04027821052'}, 'picture': {'large': 'https://randomuser.me/api/portraits/women/16.jpg', 'medium': 'https://randomuser.me/api/portraits/med/women/16.jpg', 'thumbnail': 'https://randomuser.me/api/portraits/thumb/women/16.jpg'}, 'nat': 'NO'}], 'info': {'seed': 'e9c421ca85074ca5', 'results': 1, 'page': 1, 'version': '1.4'}}</msg>
<arg>${json_data}</arg>
<doc>Logs the given message with the given level.</doc>
<status status="PASS" start="2024-04-16T19:11:09.654927" elapsed="0.000257"/>
</kw>
<kw name="Should Be Equal As Numbers" owner="BuiltIn">
<arg>${json_data['results'][0]['location']['postcode']}</arg>
<arg>${json_data['results'][0]['location']['postcode']}</arg>
<doc>Fails if objects are unequal after converting them to real numbers.</doc>
<status status="PASS" start="2024-04-16T19:11:09.655550" elapsed="0.000677"/>
</kw>
<kw name="Log" owner="BuiltIn">
<msg time="2024-04-16T19:11:09.656770" level="INFO">3040</msg>
<arg>${json_data['results'][0]['location']['postcode']}</arg>
<doc>Logs the given message with the given level.</doc>
<status status="PASS" start="2024-04-16T19:11:09.656428" elapsed="0.000384"/>
</kw>
<status status="PASS" start="2024-04-16T19:11:09.557616" elapsed="0.099462"/>
</kw>
<doc>Testa se os tipos de dados na resposta da API estão corretos.</doc>
<tag>testeTiposDados</tag>
<status status="PASS" start="2024-04-16T19:11:09.475432" elapsed="0.181824"/>
</test>
<test id="s1-s1-t5" name="Validar conteudo" line="35">
<kw name="Teste de Tipos de Conteudo" owner="random-user-service">
<kw name="GET On Session" owner="RequestsLibrary">
<msg time="2024-04-16T19:11:09.763251" level="INFO">GET Request : url=https://randomuser.me/api 
 path_url=/api 
 headers={'User-Agent': 'python-requests/2.31.0', 'Accept-Encoding': 'gzip, deflate', 'Accept': '*/*', 'Connection': 'keep-alive'} 
 body=None 
 </msg>
<msg time="2024-04-16T19:11:09.763372" level="INFO">GET Response : url=https://randomuser.me/api 
 status=200, reason=OK 
 headers={'Date': 'Tue, 16 Apr 2024 19:11:09 GMT', 'Content-Type': 'application/json; charset=utf-8', 'Transfer-Encoding': 'chunked', 'Connection': 'keep-alive', 'X-Powered-By': 'Express', 'Access-Control-Allow-Origin': '*', 'Cache-Control': 'no-cache', 'ETag': 'W/"491-GNfnA3frAe59pLafAw4HpqYf384"', 'Vary': 'Accept-Encoding', 'Content-Encoding': 'gzip', 'CF-Cache-Status': 'DYNAMIC', 'Report-To': '{"endpoints":[{"url":"https:\\/\\/a.nel.cloudflare.com\\/report\\/v4?s=CdYwibZdZu1Eed7Gj58m7dgVrVGOw9I4pPmv2KWWQVz76cmU%2FydLnQrbyp4SQEn7pvR7j3s3Sc%2BudsC%2FyHw3YyL2AZzpsHWJI9RhIapZUrMYOeJvt1f%2FGyP%2FbG4XPUqy"}],"group":"cf-nel","max_age":604800}', 'NEL': '{"success_fraction":0,"report_to":"cf-nel","max_age":604800}', 'Server': 'cloudflare', 'CF-RAY': '87567ac56b0e87ac-IAD', 'alt-svc': 'h3=":443"; ma=86400'} 
 body={"results":[{"gender":"male","name":{"title":"Mr","first":"Valentín","last":"Campos"},"location":{"street":{"number":8652,"name":"Calle de Arturo Soria"},"city":"Hospitalet de Llobregat","state":"Región de Murcia","country":"Spain","postcode":42005,"coordinates":{"latitude":"-34.5773","longitude":"-86.8861"},"timezone":{"offset":"-10:00","description":"Hawaii"}},"email":"valentin.campos@example.com","login":{"uuid":"f11d56f5-6ec1-4805-8dc2-4122859c4849","username":"smallcat358","password":"solitude","salt":"z6WeFduI","md5":"0a2be982697c52b575548e6eb05c2218","sha1":"691fccfa4d0d2035de45f553098aee95a2daac41","sha256":"8226f5220099f063273f819ee61c8d25b73ff21d9b05f9fdf309c0e4126bfd09"},"dob":{"date":"1951-09-26T11:34:26.997Z","age":72},"registered":{"date":"2004-10-05T21:09:24.412Z","age":19},"phone":"953-582-525","cell":"676-857-650","id":{"name":"DNI","value":"19513031-B"},"picture":{"large":"https://randomuser.me/api/portraits/men/18.jpg","medium":"https://randomuser.me/api/portraits/med/men/18.jpg","thumbnail":"https://randomuser.me/api/portraits/thumb/men/18.jpg"},"nat":"ES"}],"info":{"seed":"e445af2141bdbb25","results":1,"page":1,"version":"1.4"}} 
 </msg>
<msg time="2024-04-16T19:11:09.763453" level="INFO">/opt/hostedtoolcache/Python/3.12.2/x64/lib/python3.12/site-packages/urllib3/connectionpool.py:1103: InsecureRequestWarning: Unverified HTTPS request is being made to host 'randomuser.me'. Adding certificate verification is strongly advised. See: https://urllib3.readthedocs.io/en/latest/advanced-usage.html#tls-warnings
  warnings.warn(</msg>
<msg time="2024-04-16T19:11:09.763590" level="INFO">${response} = &lt;Response [200]&gt;</msg>
<var>${response}</var>
<arg>consultarAPI</arg>
<arg>/api</arg>
<doc>Sends a GET request on a previously created HTTP Session.</doc>
<status status="PASS" start="2024-04-16T19:11:09.659836" elapsed="0.103796"/>
</kw>
<kw name="Set Variable" owner="BuiltIn">
<msg time="2024-04-16T19:11:09.764709" level="INFO">${json_data} = {'results': [{'gender': 'male', 'name': {'title': 'Mr', 'first': 'Valentín', 'last': 'Campos'}, 'location': {'street': {'number': 8652, 'name': 'Calle de Arturo Soria'}, 'city': 'Hospitalet de Llobreg...</msg>
<var>${json_data}</var>
<arg>${response.json()}</arg>
<doc>Returns the given values which can then be assigned to a variables.</doc>
<status status="PASS" start="2024-04-16T19:11:09.764177" elapsed="0.000571"/>
</kw>
<kw name="Set Variable" owner="BuiltIn">
<msg time="2024-04-16T19:11:09.765473" level="INFO">${name_title} = Mr</msg>
<var>${name_title}</var>
<arg>${json_data["results"][0]["name"]["title"]}</arg>
<doc>Returns the given values which can then be assigned to a variables.</doc>
<status status="PASS" start="2024-04-16T19:11:09.765068" elapsed="0.000432"/>
</kw>
<kw name="Create List" owner="BuiltIn">
<msg time="2024-04-16T19:11:09.765971" level="INFO">${allowed_titles} = ['Mr', 'Ms', 'Miss', 'Mrs', 'Madame', 'Monsieur']</msg>
<var>${allowed_titles}</var>
<arg>Mr</arg>
<arg>Ms</arg>
<arg>Miss</arg>
<arg>Mrs</arg>
<arg>Madame</arg>
<arg>Monsieur</arg>
<doc>Returns a list containing given items.</doc>
<status status="PASS" start="2024-04-16T19:11:09.765816" elapsed="0.000181"/>
</kw>
<kw name="List Should Contain Value" owner="Collections">
<msg time="2024-04-16T19:11:09.766509" level="INFO">False</msg>
<arg>${allowed_titles}</arg>
<arg>${name_title}</arg>
<doc>Fails if the ``value`` is not found from ``list``.</doc>
<status status="PASS" start="2024-04-16T19:11:09.766321" elapsed="0.000228"/>
</kw>
<kw name="Set Variable" owner="BuiltIn">
<msg time="2024-04-16T19:11:09.767261" level="INFO">${name_country} = ES</msg>
<var>${name_country}</var>
<arg>${json_data["results"][0]["nat"]}</arg>
<doc>Returns the given values which can then be assigned to a variables.</doc>
<status status="PASS" start="2024-04-16T19:11:09.766859" elapsed="0.000428"/>
</kw>
<kw name="Create List" owner="BuiltIn">
<msg time="2024-04-16T19:11:09.768260" level="INFO">${list_country} = ['AD', 'AE', 'AF', 'AG', 'AI', 'AL', 'AM', 'AO', 'AQ', 'AR', 'AS', 'AT', 'AU', 'AW', 'AX', 'AZ', 'BA', 'BB', 'BD', 'BE', 'BF', 'BG', 'BH', 'BI', 'BJ', 'BL', 'BM', 'BN', 'BO', 'BQ', 'BR', 'BS', 'BT', '...</msg>
<var>${list_country}</var>
<arg>AD</arg>
<arg>AE</arg>
<arg>AF</arg>
<arg>AG</arg>
<arg>AI</arg>
<arg>AL</arg>
<arg>AM</arg>
<arg>AO</arg>
<arg>AQ</arg>
<arg>AR</arg>
<arg>AS</arg>
<arg>AT</arg>
<arg>AU</arg>
<arg>AW</arg>
<arg>AX</arg>
<arg>AZ</arg>
<arg>BA</arg>
<arg>BB</arg>
<arg>BD</arg>
<arg>BE</arg>
<arg>BF</arg>
<arg>BG</arg>
<arg>BH</arg>
<arg>BI</arg>
<arg>BJ</arg>
<arg>BL</arg>
<arg>BM</arg>
<arg>BN</arg>
<arg>BO</arg>
<arg>BQ</arg>
<arg>BR</arg>
<arg>BS</arg>
<arg>BT</arg>
<arg>BV</arg>
<arg>BW</arg>
<arg>BY</arg>
<arg>BZ</arg>
<arg>CA</arg>
<arg>CC</arg>
<arg>CD</arg>
<arg>CF</arg>
<arg>CG</arg>
<arg>CH</arg>
<arg>CI</arg>
<arg>CK</arg>
<arg>CL</arg>
<arg>CM</arg>
<arg>CN</arg>
<arg>CO</arg>
<arg>CR</arg>
<arg>CU</arg>
<arg>CV</arg>
<arg>CW</arg>
<arg>CX</arg>
<arg>CY</arg>
<arg>CZ</arg>
<arg>DE</arg>
<arg>DJ</arg>
<arg>DK</arg>
<arg>DM</arg>
<arg>DO</arg>
<arg>DZ</arg>
<arg>EC</arg>
<arg>EE</arg>
<arg>EG</arg>
<arg>EH</arg>
<arg>ER</arg>
<arg>ES</arg>
<arg>ET</arg>
<arg>FI</arg>
<arg>FJ</arg>
<arg>FK</arg>
<arg>FM</arg>
<arg>FO</arg>
<arg>FR</arg>
<arg>GA</arg>
<arg>GB</arg>
<arg>GD</arg>
<arg>GE</arg>
<arg>GF</arg>
<arg>GG</arg>
<arg>GH</arg>
<arg>GI</arg>
<arg>GL</arg>
<arg>GM</arg>
<arg>GN</arg>
<arg>GP</arg>
<arg>GQ</arg>
<arg>GR</arg>
<arg>GS</arg>
<arg>GT</arg>
<arg>GU</arg>
<arg>GW</arg>
<arg>GY</arg>
<arg>HK</arg>
<arg>HM</arg>
<arg>HN</arg>
<arg>HR</arg>
<arg>HT</arg>
<arg>HU</arg>
<arg>ID</arg>
<arg>IE</arg>
<arg>IL</arg>
<arg>IM</arg>
<arg>IN</arg>
<arg>IO</arg>
<arg>IQ</arg>
<arg>IR</arg>
<arg>IS</arg>
<arg>IT</arg>
<arg>JE</arg>
<arg>JM</arg>
<arg>JO</arg>
<arg>JP</arg>
<arg>KE</arg>
<arg>KG</arg>
<arg>KH</arg>
<arg>KI</arg>
<arg>KM</arg>
<arg>KN</arg>
<arg>KP</arg>
<arg>KR</arg>
<arg>KW</arg>
<arg>KY</arg>
<arg>KZ</arg>
<arg>LA</arg>
<arg>LB</arg>
<arg>LC</arg>
<arg>LI</arg>
<arg>LK</arg>
<arg>LR</arg>
<arg>LS</arg>
<arg>LT</arg>
<arg>LU</arg>
<arg>LV</arg>
<arg>LY</arg>
<arg>MA</arg>
<arg>MC</arg>
<arg>MD</arg>
<arg>ME</arg>
<arg>MF</arg>
<arg>MG</arg>
<arg>MH</arg>
<arg>MK</arg>
<arg>ML</arg>
<arg>MM</arg>
<arg>MN</arg>
<arg>MO</arg>
<arg>MP</arg>
<arg>MQ</arg>
<arg>MR</arg>
<arg>MS</arg>
<arg>MT</arg>
<arg>MU</arg>
<arg>MV</arg>
<arg>MW</arg>
<arg>MX</arg>
<arg>MY</arg>
<arg>MZ</arg>
<arg>NA</arg>
<arg>NC</arg>
<arg>NE</arg>
<arg>NF</arg>
<arg>NG</arg>
<arg>NI</arg>
<arg>NL</arg>
<arg>NO</arg>
<arg>NP</arg>
<arg>NR</arg>
<arg>NU</arg>
<arg>NZ</arg>
<arg>OM</arg>
<arg>PA</arg>
<arg>PE</arg>
<arg>PF</arg>
<arg>PG</arg>
<arg>PH</arg>
<arg>PK</arg>
<arg>PL</arg>
<arg>PM</arg>
<arg>PN</arg>
<arg>PR</arg>
<arg>PS</arg>
<arg>PT</arg>
<arg>PW</arg>
<arg>PY</arg>
<arg>QA</arg>
<arg>RE</arg>
<arg>RO</arg>
<arg>RS</arg>
<arg>RU</arg>
<arg>RW</arg>
<arg>SA</arg>
<arg>SB</arg>
<arg>SC</arg>
<arg>SD</arg>
<arg>SE</arg>
<arg>SG</arg>
<arg>SH</arg>
<arg>SI</arg>
<arg>SJ</arg>
<arg>SK</arg>
<arg>SL</arg>
<arg>SM</arg>
<arg>SN</arg>
<arg>SO</arg>
<arg>SR</arg>
<arg>SS</arg>
<arg>ST</arg>
<arg>SV</arg>
<arg>SX</arg>
<arg>SY</arg>
<arg>SZ</arg>
<arg>TC</arg>
<arg>TD</arg>
<arg>TF</arg>
<arg>TG</arg>
<arg>TH</arg>
<arg>TJ</arg>
<arg>TK</arg>
<arg>TL</arg>
<arg>TM</arg>
<arg>TN</arg>
<arg>TO</arg>
<arg>TR</arg>
<arg>TT</arg>
<arg>TV</arg>
<arg>TW</arg>
<arg>TZ</arg>
<arg>UA</arg>
<arg>UG</arg>
<arg>UM</arg>
<arg>US</arg>
<arg>UY</arg>
<arg>UZ</arg>
<arg>VA</arg>
<arg>VC</arg>
<arg>VE</arg>
<arg>VG</arg>
<arg>VI</arg>
<arg>VN</arg>
<arg>VU</arg>
<arg>WF</arg>
<arg>WS</arg>
<arg>XK</arg>
<arg>YE</arg>
<arg>YT</arg>
<arg>ZA</arg>
<arg>ZM</arg>
<arg>ZW</arg>
<doc>Returns a list containing given items.</doc>
<status status="PASS" start="2024-04-16T19:11:09.767643" elapsed="0.000644"/>
</kw>
<kw name="List Should Contain Value" owner="Collections">
<msg time="2024-04-16T19:11:09.769313" level="INFO">False</msg>
<arg>${list_country}</arg>
<arg>${name_country}</arg>
<doc>Fails if the ``value`` is not found from ``list``.</doc>
<status status="PASS" start="2024-04-16T19:11:09.769095" elapsed="0.000257"/>
</kw>
<kw name="Run Keyword If" owner="BuiltIn">
<kw name="Should Be True" owner="BuiltIn">
<arg>${True}</arg>
<doc>Fails if the given condition is not true.</doc>
<status status="PASS" start="2024-04-16T19:11:09.770626" elapsed="0.000147"/>
</kw>
<arg>${json_data["results"][0]["location"]["coordinates"]["latitude"]} &gt;= -90 and ${json_data["results"][0]["location"]["coordinates"]["latitude"]} &lt;= 90</arg>
<arg>Should Be True</arg>
<arg>${True}</arg>
<doc>Runs the given keyword with the given arguments, if ``condition`` is true.</doc>
<status status="PASS" start="2024-04-16T19:11:09.769686" elapsed="0.001219"/>
</kw>
<kw name="Run Keyword If" owner="BuiltIn">
<kw name="Should Be True" owner="BuiltIn">
<arg>${True}</arg>
<doc>Fails if the given condition is not true.</doc>
<status status="PASS" start="2024-04-16T19:11:09.771847" elapsed="0.000141"/>
</kw>
<arg>${json_data["results"][0]["location"]["coordinates"]["longitude"]} &gt;= -180 and ${json_data["results"][0]["location"]["coordinates"]["longitude"]} &lt;= 180</arg>
<arg>Should Be True</arg>
<arg>${True}</arg>
<doc>Runs the given keyword with the given arguments, if ``condition`` is true.</doc>
<status status="PASS" start="2024-04-16T19:11:09.771098" elapsed="0.001014"/>
</kw>
<status status="PASS" start="2024-04-16T19:11:09.659599" elapsed="0.112647"/>
</kw>
<doc>Testa o conteúdo específico dos campos retornados pela API.</doc>
<tag>testeConteudo</tag>
<status status="PASS" start="2024-04-16T19:11:09.659044" elapsed="0.113357"/>
</test>
<status status="PASS" start="2024-04-16T19:11:08.846099" elapsed="0.928328"/>
</suite>
<status status="PASS" start="2024-04-16T19:11:08.832115" elapsed="0.947774"/>
</suite>
<statistics>
<total>
<stat pass="5" fail="0" skip="0">All Tests</stat>
</total>
<tag>
<stat pass="1" fail="0" skip="0">testeConteudo</stat>
<stat pass="1" fail="0" skip="0">testeEstruturaResposta</stat>
<stat pass="1" fail="0" skip="0">testeRequisicaoBasica</stat>
<stat pass="1" fail="0" skip="0">testeTiposDados</stat>
</tag>
<suite>
<stat pass="5" fail="0" skip="0" id="s1" name="Tests">Tests</stat>
<stat pass="5" fail="0" skip="0" id="s1-s1" name="Random-User-Test">Tests.Random-User-Test</stat>
</suite>
</statistics>
<errors>
</errors>
</robot>
