<?xml version="1.0" encoding="UTF-8"?>
<robot generator="Robot 7.0 (Python 3.12.3 on linux)" generated="2024-05-18T09:14:59.149690" rpa="false" schemaversion="5">
<suite id="s1" name="Tests" source="/home/runner/work/DesafioQAItauRogerioJordao/DesafioQAItauRogerioJordao/RamdonUser/tests">
<suite id="s1-s1" name="Random-User-Test" source="/home/runner/work/DesafioQAItauRogerioJordao/DesafioQAItauRogerioJordao/RamdonUser/tests/random-user-test.robot">
<test id="s1-s1-t1" name="Conectar" line="13">
<kw name="Conectar API" owner="random-user-service">
<kw name="Create Session" owner="RequestsLibrary">
<msg time="2024-05-18T09:14:59.509988" level="INFO">Creating Session using : alias=consultarAPI, url=https://randomuser.me/, headers={},                     cookies={}, auth=None, timeout=None, proxies=None, verify=False,                     debug=0 </msg>
<arg>consultarAPI</arg>
<arg>${URL}</arg>
<doc>Create Session: create a HTTP session to a server</doc>
<status status="PASS" start="2024-05-18T09:14:59.509794" elapsed="0.000356"/>
</kw>
<status status="PASS" start="2024-05-18T09:14:59.508883" elapsed="0.001614"/>
</kw>
<status status="PASS" start="2024-05-18T09:14:59.508275" elapsed="0.002414"/>
</test>
<test id="s1-s1-t2" name="Validar retorno 200 e JSON Válido" line="16">
<kw name="Teste de Requisicao Basica" owner="random-user-service">
<kw name="GET On Session" owner="RequestsLibrary">
<msg time="2024-05-18T09:14:59.594206" level="INFO">GET Request : url=https://randomuser.me/api 
 path_url=/api 
 headers={'User-Agent': 'python-requests/2.31.0', 'Accept-Encoding': 'gzip, deflate', 'Accept': '*/*', 'Connection': 'keep-alive'} 
 body=None 
 </msg>
<msg time="2024-05-18T09:14:59.594327" level="INFO">GET Response : url=https://randomuser.me/api 
 status=200, reason=OK 
 headers={'Date': 'Sat, 18 May 2024 09:14:59 GMT', 'Content-Type': 'application/json; charset=utf-8', 'Transfer-Encoding': 'chunked', 'Connection': 'keep-alive', 'X-Powered-By': 'Express', 'Access-Control-Allow-Origin': '*', 'Cache-Control': 'no-cache', 'ETag': 'W/"47a-zewbGZeAFsqNt5ovE2+g2lgZZi0"', 'Vary': 'Accept-Encoding', 'Content-Encoding': 'gzip', 'CF-Cache-Status': 'DYNAMIC', 'Report-To': '{"endpoints":[{"url":"https:\\/\\/a.nel.cloudflare.com\\/report\\/v4?s=8dIYhroDT6AVMlSRSh8MIgf5HNfhv5gL6YRT9AHCJTVYLeLxtj6gNsnSXOIvvh9WVNHavrs2MUiVEVpK9vs5aXftM8PvYEAr4MHgpqYcbTeB9su0fTrk4QeeUK9znQyO"}],"group":"cf-nel","max_age":604800}', 'NEL': '{"success_fraction":0,"report_to":"cf-nel","max_age":604800}', 'Server': 'cloudflare', 'CF-RAY': '885abd7a3d9f3b4d-IAD', 'alt-svc': 'h3=":443"; ma=86400'} 
 body={"results":[{"gender":"male","name":{"title":"Mr","first":"Dane","last":"Van den Engel"},"location":{"street":{"number":7173,"name":"De Elbe"},"city":"Wergea","state":"Noord-Holland","country":"Netherlands","postcode":"8088 SN","coordinates":{"latitude":"32.3814","longitude":"-29.0512"},"timezone":{"offset":"-9:00","description":"Alaska"}},"email":"dane.vandenengel@example.com","login":{"uuid":"2c2b5ea7-4913-401c-b7c9-264d5ce5e0ae","username":"silverlion258","password":"jared","salt":"qMeoaeWQ","md5":"d0bb451fcc7635d2756335ad82a90b1f","sha1":"8f83e7301582a48b0ee04237647ecdcc6f943b72","sha256":"6c650f7fbe132fe4aee8ec41986767d8497040769bf32cacbdf2cc7f02c5e8ff"},"dob":{"date":"1967-03-11T05:55:34.950Z","age":57},"registered":{"date":"2008-05-02T23:38:56.148Z","age":16},"phone":"(0127) 326285","cell":"(06) 82003258","id":{"name":"BSN","value":"49247754"},"picture":{"large":"https://randomuser.me/api/portraits/men/83.jpg","medium":"https://randomuser.me/api/portraits/med/men/83.jpg","thumbnail":"https://randomuser.me/api/portraits/thumb/men/83.jpg"},"nat":"NL"}],"info":{"seed":"d593c2f58a526eb7","results":1,"page":1,"version":"1.4"}} 
 </msg>
<msg time="2024-05-18T09:14:59.594400" level="INFO">/opt/hostedtoolcache/Python/3.12.3/x64/lib/python3.12/site-packages/urllib3/connectionpool.py:1103: InsecureRequestWarning: Unverified HTTPS request is being made to host 'randomuser.me'. Adding certificate verification is strongly advised. See: https://urllib3.readthedocs.io/en/latest/advanced-usage.html#tls-warnings
  warnings.warn(</msg>
<msg time="2024-05-18T09:14:59.594528" level="INFO">${response} = &lt;Response [200]&gt;</msg>
<var>${response}</var>
<arg>consultarAPI</arg>
<arg>/api</arg>
<doc>Sends a GET request on a previously created HTTP Session.</doc>
<status status="PASS" start="2024-05-18T09:14:59.513385" elapsed="0.081188"/>
</kw>
<kw name="Should Be Equal As Numbers" owner="BuiltIn">
<msg time="2024-05-18T09:14:59.595723" level="INFO">Argument types are:
&lt;class 'int'&gt;
&lt;class 'str'&gt;</msg>
<arg>${response.status_code}</arg>
<arg>200</arg>
<doc>Fails if objects are unequal after converting them to real numbers.</doc>
<status status="PASS" start="2024-05-18T09:14:59.595116" elapsed="0.000676"/>
</kw>
<kw name="Log" owner="BuiltIn">
<msg time="2024-05-18T09:14:59.596488" level="INFO">200</msg>
<arg>${response.status_code}</arg>
<doc>Logs the given message with the given level.</doc>
<status status="PASS" start="2024-05-18T09:14:59.596128" elapsed="0.000404"/>
</kw>
<kw name="Set Variable" owner="BuiltIn">
<msg time="2024-05-18T09:14:59.597278" level="INFO">${json_data} = {'results': [{'gender': 'male', 'name': {'title': 'Mr', 'first': 'Dane', 'last': 'Van den Engel'}, 'location': {'street': {'number': 7173, 'name': 'De Elbe'}, 'city': 'Wergea', 'state': 'Noord-Holland...</msg>
<var>${json_data}</var>
<arg>${response.json()}</arg>
<doc>Returns the given values which can then be assigned to a variables.</doc>
<status status="PASS" start="2024-05-18T09:14:59.596841" elapsed="0.000465"/>
</kw>
<kw name="Dictionary Should Contain Key" owner="Collections">
<msg time="2024-05-18T09:14:59.597781" level="INFO">False</msg>
<arg>${json_data}</arg>
<arg>results</arg>
<doc>Fails if ``key`` is not found from ``dictionary``.</doc>
<status status="PASS" start="2024-05-18T09:14:59.597609" elapsed="0.000214"/>
</kw>
<status status="PASS" start="2024-05-18T09:14:59.513140" elapsed="0.084940"/>
</kw>
<doc>Testa se a API responde corretamente e retorna um objeto JSON válido.</doc>
<tag>testeRequisicaoBasica</tag>
<status status="PASS" start="2024-05-18T09:14:59.512581" elapsed="0.085674"/>
</test>
<test id="s1-s1-t3" name="Validar estrutura de resposta" line="22">
<kw name="Teste de Estrutura de Resposta" owner="random-user-service">
<kw name="GET On Session" owner="RequestsLibrary">
<msg time="2024-05-18T09:14:59.692329" level="INFO">GET Request : url=https://randomuser.me/api 
 path_url=/api 
 headers={'User-Agent': 'python-requests/2.31.0', 'Accept-Encoding': 'gzip, deflate', 'Accept': '*/*', 'Connection': 'keep-alive'} 
 body=None 
 </msg>
<msg time="2024-05-18T09:14:59.692416" level="INFO">GET Response : url=https://randomuser.me/api 
 status=200, reason=OK 
 headers={'Date': 'Sat, 18 May 2024 09:14:59 GMT', 'Content-Type': 'application/json; charset=utf-8', 'Transfer-Encoding': 'chunked', 'Connection': 'keep-alive', 'X-Powered-By': 'Express', 'Access-Control-Allow-Origin': '*', 'Cache-Control': 'no-cache', 'ETag': 'W/"49c-qPaERiWGkMAAbseOtSOBYJ/S9Ds"', 'Vary': 'Accept-Encoding', 'Content-Encoding': 'gzip', 'CF-Cache-Status': 'DYNAMIC', 'Report-To': '{"endpoints":[{"url":"https:\\/\\/a.nel.cloudflare.com\\/report\\/v4?s=dwYyejPNT0INXLa%2BwYAT6iNLfNeJbYk5%2BA9QhR2fUBeuGRE8PBERx2jtboAf1LLribjeRpK%2FK217p4slmIBg6Kz%2FvLaFey1JOyzK2ZIMa0eUlVghJnL97HZVyDFEay8Y"}],"group":"cf-nel","max_age":604800}', 'NEL': '{"success_fraction":0,"report_to":"cf-nel","max_age":604800}', 'Server': 'cloudflare', 'CF-RAY': '885abd7a8dd83b4d-IAD', 'alt-svc': 'h3=":443"; ma=86400'} 
 body={"results":[{"gender":"male","name":{"title":"Mr","first":"Emil","last":"Arola"},"location":{"street":{"number":9658,"name":"Aleksanterinkatu"},"city":"Kolari","state":"Southern Savonia","country":"Finland","postcode":99185,"coordinates":{"latitude":"-26.1854","longitude":"-146.9054"},"timezone":{"offset":"-6:00","description":"Central Time (US &amp; Canada), Mexico City"}},"email":"emil.arola@example.com","login":{"uuid":"403f05cf-c6d6-487b-aa7a-52f909b0f98d","username":"heavyostrich389","password":"peters","salt":"XyZzFCTk","md5":"bbabd7714402e34325a011443e5a82b2","sha1":"d531eda73d17aea92aa4ec2b8850d7210d4ba560","sha256":"8f9fc08fa60331a4917d1b454e66d6e59c99ffb5c38335a5e83c197e8aa05dbd"},"dob":{"date":"1951-12-12T11:10:39.772Z","age":72},"registered":{"date":"2021-07-23T16:36:48.003Z","age":2},"phone":"02-570-955","cell":"048-298-02-83","id":{"name":"HETU","value":"NaNNA875undefined"},"picture":{"large":"https://randomuser.me/api/portraits/men/61.jpg","medium":"https://randomuser.me/api/portraits/med/men/61.jpg","thumbnail":"https://randomuser.me/api/portraits/thumb/men/61.jpg"},"nat":"FI"}],"info":{"seed":"e65fb10918992652","results":1,"page":1,"version":"1.4"}} 
 </msg>
<msg time="2024-05-18T09:14:59.692546" level="INFO">/opt/hostedtoolcache/Python/3.12.3/x64/lib/python3.12/site-packages/urllib3/connectionpool.py:1103: InsecureRequestWarning: Unverified HTTPS request is being made to host 'randomuser.me'. Adding certificate verification is strongly advised. See: https://urllib3.readthedocs.io/en/latest/advanced-usage.html#tls-warnings
  warnings.warn(</msg>
<msg time="2024-05-18T09:14:59.692692" level="INFO">${response} = &lt;Response [200]&gt;</msg>
<var>${response}</var>
<arg>consultarAPI</arg>
<arg>/api</arg>
<doc>Sends a GET request on a previously created HTTP Session.</doc>
<status status="PASS" start="2024-05-18T09:14:59.600949" elapsed="0.091797"/>
</kw>
<kw name="Set Variable" owner="BuiltIn">
<msg time="2024-05-18T09:14:59.693790" level="INFO">${json_data} = {'results': [{'gender': 'male', 'name': {'title': 'Mr', 'first': 'Emil', 'last': 'Arola'}, 'location': {'street': {'number': 9658, 'name': 'Aleksanterinkatu'}, 'city': 'Kolari', 'state': 'Southern Sav...</msg>
<var>${json_data}</var>
<arg>${response.json()}</arg>
<doc>Returns the given values which can then be assigned to a variables.</doc>
<status status="PASS" start="2024-05-18T09:14:59.693226" elapsed="0.000593"/>
</kw>
<kw name="Log" owner="BuiltIn">
<msg time="2024-05-18T09:14:59.694301" level="INFO">{'results': [{'gender': 'male', 'name': {'title': 'Mr', 'first': 'Emil', 'last': 'Arola'}, 'location': {'street': {'number': 9658, 'name': 'Aleksanterinkatu'}, 'city': 'Kolari', 'state': 'Southern Savonia', 'country': 'Finland', 'postcode': 99185, 'coordinates': {'latitude': '-26.1854', 'longitude': '-146.9054'}, 'timezone': {'offset': '-6:00', 'description': 'Central Time (US &amp; Canada), Mexico City'}}, 'email': 'emil.arola@example.com', 'login': {'uuid': '403f05cf-c6d6-487b-aa7a-52f909b0f98d', 'username': 'heavyostrich389', 'password': 'peters', 'salt': 'XyZzFCTk', 'md5': 'bbabd7714402e34325a011443e5a82b2', 'sha1': 'd531eda73d17aea92aa4ec2b8850d7210d4ba560', 'sha256': '8f9fc08fa60331a4917d1b454e66d6e59c99ffb5c38335a5e83c197e8aa05dbd'}, 'dob': {'date': '1951-12-12T11:10:39.772Z', 'age': 72}, 'registered': {'date': '2021-07-23T16:36:48.003Z', 'age': 2}, 'phone': '02-570-955', 'cell': '048-298-02-83', 'id': {'name': 'HETU', 'value': 'NaNNA875undefined'}, 'picture': {'large': 'https://randomuser.me/api/portraits/men/61.jpg', 'medium': 'https://randomuser.me/api/portraits/med/men/61.jpg', 'thumbnail': 'https://randomuser.me/api/portraits/thumb/men/61.jpg'}, 'nat': 'FI'}], 'info': {'seed': 'e65fb10918992652', 'results': 1, 'page': 1, 'version': '1.4'}}</msg>
<arg>${json_data}</arg>
<doc>Logs the given message with the given level.</doc>
<status status="PASS" start="2024-05-18T09:14:59.694132" elapsed="0.000218"/>
</kw>
<kw name="Dictionary Should Contain Key" owner="Collections">
<msg time="2024-05-18T09:14:59.694806" level="INFO">False</msg>
<arg>${json_data}</arg>
<arg>results</arg>
<doc>Fails if ``key`` is not found from ``dictionary``.</doc>
<status status="PASS" start="2024-05-18T09:14:59.694646" elapsed="0.000197"/>
</kw>
<kw name="Should Not Be Empty" owner="BuiltIn">
<msg time="2024-05-18T09:14:59.695266" level="INFO">Length is 2.</msg>
<arg>${json_data}</arg>
<doc>Verifies that the given item is not empty.</doc>
<status status="PASS" start="2024-05-18T09:14:59.695136" elapsed="0.000302"/>
</kw>
<kw name="Create List" owner="BuiltIn">
<msg time="2024-05-18T09:14:59.695927" level="INFO">${expected_keys} = ['gender', 'name', 'location', 'email', 'login']</msg>
<var>${expected_keys}</var>
<arg>gender</arg>
<arg>name</arg>
<arg>location</arg>
<arg>email</arg>
<arg>login</arg>
<doc>Returns a list containing given items.</doc>
<status status="PASS" start="2024-05-18T09:14:59.695769" elapsed="0.000182"/>
</kw>
<for flavor="IN">
<iter>
<kw name="Dictionary Should Contain Key" owner="Collections">
<msg time="2024-05-18T09:14:59.696929" level="INFO">False</msg>
<arg>${json_data['results'][0]}</arg>
<arg>${key}</arg>
<doc>Fails if ``key`` is not found from ``dictionary``.</doc>
<status status="PASS" start="2024-05-18T09:14:59.696523" elapsed="0.000445"/>
</kw>
<kw name="Log" owner="BuiltIn">
<msg time="2024-05-18T09:14:59.697626" level="INFO">{'gender': 'male', 'name': {'title': 'Mr', 'first': 'Emil', 'last': 'Arola'}, 'location': {'street': {'number': 9658, 'name': 'Aleksanterinkatu'}, 'city': 'Kolari', 'state': 'Southern Savonia', 'country': 'Finland', 'postcode': 99185, 'coordinates': {'latitude': '-26.1854', 'longitude': '-146.9054'}, 'timezone': {'offset': '-6:00', 'description': 'Central Time (US &amp; Canada), Mexico City'}}, 'email': 'emil.arola@example.com', 'login': {'uuid': '403f05cf-c6d6-487b-aa7a-52f909b0f98d', 'username': 'heavyostrich389', 'password': 'peters', 'salt': 'XyZzFCTk', 'md5': 'bbabd7714402e34325a011443e5a82b2', 'sha1': 'd531eda73d17aea92aa4ec2b8850d7210d4ba560', 'sha256': '8f9fc08fa60331a4917d1b454e66d6e59c99ffb5c38335a5e83c197e8aa05dbd'}, 'dob': {'date': '1951-12-12T11:10:39.772Z', 'age': 72}, 'registered': {'date': '2021-07-23T16:36:48.003Z', 'age': 2}, 'phone': '02-570-955', 'cell': '048-298-02-83', 'id': {'name': 'HETU', 'value': 'NaNNA875undefined'}, 'picture': {'large': 'https://randomuser.me/api/portraits/men/61.jpg', 'medium': 'https://randomuser.me/api/portraits/med/men/61.jpg', 'thumbnail': 'https://randomuser.me/api/portraits/thumb/men/61.jpg'}, 'nat': 'FI'}</msg>
<arg>${json_data['results'][0]}</arg>
<doc>Logs the given message with the given level.</doc>
<status status="PASS" start="2024-05-18T09:14:59.697265" elapsed="0.000412"/>
</kw>
<kw name="Log" owner="BuiltIn">
<msg time="2024-05-18T09:14:59.698102" level="INFO">gender</msg>
<arg>${key}</arg>
<doc>Logs the given message with the given level.</doc>
<status status="PASS" start="2024-05-18T09:14:59.697975" elapsed="0.000164"/>
</kw>
<var name="${key}">gender</var>
<status status="PASS" start="2024-05-18T09:14:59.696398" elapsed="0.001953"/>
</iter>
<iter>
<kw name="Dictionary Should Contain Key" owner="Collections">
<msg time="2024-05-18T09:14:59.699024" level="INFO">False</msg>
<arg>${json_data['results'][0]}</arg>
<arg>${key}</arg>
<doc>Fails if ``key`` is not found from ``dictionary``.</doc>
<status status="PASS" start="2024-05-18T09:14:59.698649" elapsed="0.000413"/>
</kw>
<kw name="Log" owner="BuiltIn">
<msg time="2024-05-18T09:14:59.699784" level="INFO">{'gender': 'male', 'name': {'title': 'Mr', 'first': 'Emil', 'last': 'Arola'}, 'location': {'street': {'number': 9658, 'name': 'Aleksanterinkatu'}, 'city': 'Kolari', 'state': 'Southern Savonia', 'country': 'Finland', 'postcode': 99185, 'coordinates': {'latitude': '-26.1854', 'longitude': '-146.9054'}, 'timezone': {'offset': '-6:00', 'description': 'Central Time (US &amp; Canada), Mexico City'}}, 'email': 'emil.arola@example.com', 'login': {'uuid': '403f05cf-c6d6-487b-aa7a-52f909b0f98d', 'username': 'heavyostrich389', 'password': 'peters', 'salt': 'XyZzFCTk', 'md5': 'bbabd7714402e34325a011443e5a82b2', 'sha1': 'd531eda73d17aea92aa4ec2b8850d7210d4ba560', 'sha256': '8f9fc08fa60331a4917d1b454e66d6e59c99ffb5c38335a5e83c197e8aa05dbd'}, 'dob': {'date': '1951-12-12T11:10:39.772Z', 'age': 72}, 'registered': {'date': '2021-07-23T16:36:48.003Z', 'age': 2}, 'phone': '02-570-955', 'cell': '048-298-02-83', 'id': {'name': 'HETU', 'value': 'NaNNA875undefined'}, 'picture': {'large': 'https://randomuser.me/api/portraits/men/61.jpg', 'medium': 'https://randomuser.me/api/portraits/med/men/61.jpg', 'thumbnail': 'https://randomuser.me/api/portraits/thumb/men/61.jpg'}, 'nat': 'FI'}</msg>
<arg>${json_data['results'][0]}</arg>
<doc>Logs the given message with the given level.</doc>
<status status="PASS" start="2024-05-18T09:14:59.699387" elapsed="0.000448"/>
</kw>
<kw name="Log" owner="BuiltIn">
<msg time="2024-05-18T09:14:59.700263" level="INFO">name</msg>
<arg>${key}</arg>
<doc>Logs the given message with the given level.</doc>
<status status="PASS" start="2024-05-18T09:14:59.700135" elapsed="0.000166"/>
</kw>
<var name="${key}">name</var>
<status status="PASS" start="2024-05-18T09:14:59.698536" elapsed="0.001979"/>
</iter>
<iter>
<kw name="Dictionary Should Contain Key" owner="Collections">
<msg time="2024-05-18T09:14:59.701181" level="INFO">False</msg>
<arg>${json_data['results'][0]}</arg>
<arg>${key}</arg>
<doc>Fails if ``key`` is not found from ``dictionary``.</doc>
<status status="PASS" start="2024-05-18T09:14:59.700801" elapsed="0.000418"/>
</kw>
<kw name="Log" owner="BuiltIn">
<msg time="2024-05-18T09:14:59.701864" level="INFO">{'gender': 'male', 'name': {'title': 'Mr', 'first': 'Emil', 'last': 'Arola'}, 'location': {'street': {'number': 9658, 'name': 'Aleksanterinkatu'}, 'city': 'Kolari', 'state': 'Southern Savonia', 'country': 'Finland', 'postcode': 99185, 'coordinates': {'latitude': '-26.1854', 'longitude': '-146.9054'}, 'timezone': {'offset': '-6:00', 'description': 'Central Time (US &amp; Canada), Mexico City'}}, 'email': 'emil.arola@example.com', 'login': {'uuid': '403f05cf-c6d6-487b-aa7a-52f909b0f98d', 'username': 'heavyostrich389', 'password': 'peters', 'salt': 'XyZzFCTk', 'md5': 'bbabd7714402e34325a011443e5a82b2', 'sha1': 'd531eda73d17aea92aa4ec2b8850d7210d4ba560', 'sha256': '8f9fc08fa60331a4917d1b454e66d6e59c99ffb5c38335a5e83c197e8aa05dbd'}, 'dob': {'date': '1951-12-12T11:10:39.772Z', 'age': 72}, 'registered': {'date': '2021-07-23T16:36:48.003Z', 'age': 2}, 'phone': '02-570-955', 'cell': '048-298-02-83', 'id': {'name': 'HETU', 'value': 'NaNNA875undefined'}, 'picture': {'large': 'https://randomuser.me/api/portraits/men/61.jpg', 'medium': 'https://randomuser.me/api/portraits/med/men/61.jpg', 'thumbnail': 'https://randomuser.me/api/portraits/thumb/men/61.jpg'}, 'nat': 'FI'}</msg>
<arg>${json_data['results'][0]}</arg>
<doc>Logs the given message with the given level.</doc>
<status status="PASS" start="2024-05-18T09:14:59.701511" elapsed="0.000412"/>
</kw>
<kw name="Log" owner="BuiltIn">
<msg time="2024-05-18T09:14:59.702336" level="INFO">location</msg>
<arg>${key}</arg>
<doc>Logs the given message with the given level.</doc>
<status status="PASS" start="2024-05-18T09:14:59.702213" elapsed="0.000160"/>
</kw>
<var name="${key}">location</var>
<status status="PASS" start="2024-05-18T09:14:59.700690" elapsed="0.001895"/>
</iter>
<iter>
<kw name="Dictionary Should Contain Key" owner="Collections">
<msg time="2024-05-18T09:14:59.703245" level="INFO">False</msg>
<arg>${json_data['results'][0]}</arg>
<arg>${key}</arg>
<doc>Fails if ``key`` is not found from ``dictionary``.</doc>
<status status="PASS" start="2024-05-18T09:14:59.702863" elapsed="0.000420"/>
</kw>
<kw name="Log" owner="BuiltIn">
<msg time="2024-05-18T09:14:59.703968" level="INFO">{'gender': 'male', 'name': {'title': 'Mr', 'first': 'Emil', 'last': 'Arola'}, 'location': {'street': {'number': 9658, 'name': 'Aleksanterinkatu'}, 'city': 'Kolari', 'state': 'Southern Savonia', 'country': 'Finland', 'postcode': 99185, 'coordinates': {'latitude': '-26.1854', 'longitude': '-146.9054'}, 'timezone': {'offset': '-6:00', 'description': 'Central Time (US &amp; Canada), Mexico City'}}, 'email': 'emil.arola@example.com', 'login': {'uuid': '403f05cf-c6d6-487b-aa7a-52f909b0f98d', 'username': 'heavyostrich389', 'password': 'peters', 'salt': 'XyZzFCTk', 'md5': 'bbabd7714402e34325a011443e5a82b2', 'sha1': 'd531eda73d17aea92aa4ec2b8850d7210d4ba560', 'sha256': '8f9fc08fa60331a4917d1b454e66d6e59c99ffb5c38335a5e83c197e8aa05dbd'}, 'dob': {'date': '1951-12-12T11:10:39.772Z', 'age': 72}, 'registered': {'date': '2021-07-23T16:36:48.003Z', 'age': 2}, 'phone': '02-570-955', 'cell': '048-298-02-83', 'id': {'name': 'HETU', 'value': 'NaNNA875undefined'}, 'picture': {'large': 'https://randomuser.me/api/portraits/men/61.jpg', 'medium': 'https://randomuser.me/api/portraits/med/men/61.jpg', 'thumbnail': 'https://randomuser.me/api/portraits/thumb/men/61.jpg'}, 'nat': 'FI'}</msg>
<arg>${json_data['results'][0]}</arg>
<doc>Logs the given message with the given level.</doc>
<status status="PASS" start="2024-05-18T09:14:59.703606" elapsed="0.000412"/>
</kw>
<kw name="Log" owner="BuiltIn">
<msg time="2024-05-18T09:14:59.704438" level="INFO">email</msg>
<arg>${key}</arg>
<doc>Logs the given message with the given level.</doc>
<status status="PASS" start="2024-05-18T09:14:59.704311" elapsed="0.000165"/>
</kw>
<var name="${key}">email</var>
<status status="PASS" start="2024-05-18T09:14:59.702755" elapsed="0.001934"/>
</iter>
<iter>
<kw name="Dictionary Should Contain Key" owner="Collections">
<msg time="2024-05-18T09:14:59.705365" level="INFO">False</msg>
<arg>${json_data['results'][0]}</arg>
<arg>${key}</arg>
<doc>Fails if ``key`` is not found from ``dictionary``.</doc>
<status status="PASS" start="2024-05-18T09:14:59.704980" elapsed="0.000423"/>
</kw>
<kw name="Log" owner="BuiltIn">
<msg time="2024-05-18T09:14:59.706059" level="INFO">{'gender': 'male', 'name': {'title': 'Mr', 'first': 'Emil', 'last': 'Arola'}, 'location': {'street': {'number': 9658, 'name': 'Aleksanterinkatu'}, 'city': 'Kolari', 'state': 'Southern Savonia', 'country': 'Finland', 'postcode': 99185, 'coordinates': {'latitude': '-26.1854', 'longitude': '-146.9054'}, 'timezone': {'offset': '-6:00', 'description': 'Central Time (US &amp; Canada), Mexico City'}}, 'email': 'emil.arola@example.com', 'login': {'uuid': '403f05cf-c6d6-487b-aa7a-52f909b0f98d', 'username': 'heavyostrich389', 'password': 'peters', 'salt': 'XyZzFCTk', 'md5': 'bbabd7714402e34325a011443e5a82b2', 'sha1': 'd531eda73d17aea92aa4ec2b8850d7210d4ba560', 'sha256': '8f9fc08fa60331a4917d1b454e66d6e59c99ffb5c38335a5e83c197e8aa05dbd'}, 'dob': {'date': '1951-12-12T11:10:39.772Z', 'age': 72}, 'registered': {'date': '2021-07-23T16:36:48.003Z', 'age': 2}, 'phone': '02-570-955', 'cell': '048-298-02-83', 'id': {'name': 'HETU', 'value': 'NaNNA875undefined'}, 'picture': {'large': 'https://randomuser.me/api/portraits/men/61.jpg', 'medium': 'https://randomuser.me/api/portraits/med/men/61.jpg', 'thumbnail': 'https://randomuser.me/api/portraits/thumb/men/61.jpg'}, 'nat': 'FI'}</msg>
<arg>${json_data['results'][0]}</arg>
<doc>Logs the given message with the given level.</doc>
<status status="PASS" start="2024-05-18T09:14:59.705699" elapsed="0.000412"/>
</kw>
<kw name="Log" owner="BuiltIn">
<msg time="2024-05-18T09:14:59.706533" level="INFO">login</msg>
<arg>${key}</arg>
<doc>Logs the given message with the given level.</doc>
<status status="PASS" start="2024-05-18T09:14:59.706407" elapsed="0.000165"/>
</kw>
<var name="${key}">login</var>
<status status="PASS" start="2024-05-18T09:14:59.704870" elapsed="0.001945"/>
</iter>
<var>${key}</var>
<value>@{expected_keys}</value>
<status status="PASS" start="2024-05-18T09:14:59.696210" elapsed="0.010737"/>
</for>
<kw name="Create List" owner="BuiltIn">
<msg time="2024-05-18T09:14:59.707281" level="INFO">${expected_keysTwo} = ['username', 'password']</msg>
<var>${expected_keysTwo}</var>
<arg>username</arg>
<arg>password</arg>
<doc>Returns a list containing given items.</doc>
<status status="PASS" start="2024-05-18T09:14:59.707143" elapsed="0.000161"/>
</kw>
<for flavor="IN">
<iter>
<kw name="Dictionary Should Contain Key" owner="Collections">
<msg time="2024-05-18T09:14:59.708222" level="INFO">False</msg>
<arg>${json_data['results'][0]['login']}</arg>
<arg>${keyTwo}</arg>
<doc>Fails if ``key`` is not found from ``dictionary``.</doc>
<status status="PASS" start="2024-05-18T09:14:59.707837" elapsed="0.000423"/>
</kw>
<kw name="Dictionary Should Contain Key" owner="Collections">
<msg time="2024-05-18T09:14:59.708939" level="INFO">False</msg>
<arg>${json_data['results'][0]['login']}</arg>
<arg>${keyTwo}</arg>
<doc>Fails if ``key`` is not found from ``dictionary``.</doc>
<status status="PASS" start="2024-05-18T09:14:59.708558" elapsed="0.000419"/>
</kw>
<kw name="Log" owner="BuiltIn">
<msg time="2024-05-18T09:14:59.709393" level="INFO">username</msg>
<arg>${keyTwo}</arg>
<doc>Logs the given message with the given level.</doc>
<status status="PASS" start="2024-05-18T09:14:59.709267" elapsed="0.000169"/>
</kw>
<var name="${keyTwo}">username</var>
<status status="PASS" start="2024-05-18T09:14:59.707727" elapsed="0.001923"/>
</iter>
<iter>
<kw name="Dictionary Should Contain Key" owner="Collections">
<msg time="2024-05-18T09:14:59.710399" level="INFO">False</msg>
<arg>${json_data['results'][0]['login']}</arg>
<arg>${keyTwo}</arg>
<doc>Fails if ``key`` is not found from ``dictionary``.</doc>
<status status="PASS" start="2024-05-18T09:14:59.709939" elapsed="0.000499"/>
</kw>
<kw name="Dictionary Should Contain Key" owner="Collections">
<msg time="2024-05-18T09:14:59.711113" level="INFO">False</msg>
<arg>${json_data['results'][0]['login']}</arg>
<arg>${keyTwo}</arg>
<doc>Fails if ``key`` is not found from ``dictionary``.</doc>
<status status="PASS" start="2024-05-18T09:14:59.710736" elapsed="0.000414"/>
</kw>
<kw name="Log" owner="BuiltIn">
<msg time="2024-05-18T09:14:59.711587" level="INFO">password</msg>
<arg>${keyTwo}</arg>
<doc>Logs the given message with the given level.</doc>
<status status="PASS" start="2024-05-18T09:14:59.711442" elapsed="0.000183"/>
</kw>
<var name="${keyTwo}">password</var>
<status status="PASS" start="2024-05-18T09:14:59.709830" elapsed="0.002011"/>
</iter>
<var>${keyTwo}</var>
<value>@{expected_keysTwo}</value>
<status status="PASS" start="2024-05-18T09:14:59.707568" elapsed="0.004392"/>
</for>
<status status="PASS" start="2024-05-18T09:14:59.600707" elapsed="0.111391"/>
</kw>
<doc>Testa a estrutura da resposta da API.</doc>
<tag>testeEstruturaResposta</tag>
<status status="PASS" start="2024-05-18T09:14:59.600117" elapsed="0.112129"/>
</test>
<test id="s1-s1-t4" name="Validar tipos de dados" line="28">
<kw name="Teste de Tipos de Dados" owner="random-user-service">
<kw name="GET On Session" owner="RequestsLibrary">
<msg time="2024-05-18T09:14:59.783207" level="INFO">GET Request : url=https://randomuser.me/api 
 path_url=/api 
 headers={'User-Agent': 'python-requests/2.31.0', 'Accept-Encoding': 'gzip, deflate', 'Accept': '*/*', 'Connection': 'keep-alive'} 
 body=None 
 </msg>
<msg time="2024-05-18T09:14:59.783268" level="INFO">GET Response : url=https://randomuser.me/api 
 status=200, reason=OK 
 headers={'Date': 'Sat, 18 May 2024 09:14:59 GMT', 'Content-Type': 'application/json; charset=utf-8', 'Transfer-Encoding': 'chunked', 'Connection': 'keep-alive', 'X-Powered-By': 'Express', 'Access-Control-Allow-Origin': '*', 'Cache-Control': 'no-cache', 'ETag': 'W/"472-S57rvf5RaYKvw8Rzmqk+U+twLR0"', 'Vary': 'Accept-Encoding', 'Content-Encoding': 'gzip', 'CF-Cache-Status': 'DYNAMIC', 'Report-To': '{"endpoints":[{"url":"https:\\/\\/a.nel.cloudflare.com\\/report\\/v4?s=SY%2Bk9p6Flu8Ne4PEbbNLVgK9%2FdKL5Y8%2BtJMuK5IiFeisdFyznYmur2KV3o0%2FzC7e35ayT0faM0WEmN0qN%2FV5a5ieh0NFehqfnokfwRxeULmYClktVFMXoRZo6NW6N9oL"}],"group":"cf-nel","max_age":604800}', 'NEL': '{"success_fraction":0,"report_to":"cf-nel","max_age":604800}', 'Server': 'cloudflare', 'CF-RAY': '885abd7b3e663b4d-IAD', 'alt-svc': 'h3=":443"; ma=86400'} 
 body={"results":[{"gender":"male","name":{"title":"Mr","first":"Dobrisvit","last":"Dudik"},"location":{"street":{"number":3876,"name":"Prospekt Poshtoviy"},"city":"Oleshki","state":"Harkivska","country":"Ukraine","postcode":21975,"coordinates":{"latitude":"79.5360","longitude":"-127.3354"},"timezone":{"offset":"+5:45","description":"Kathmandu"}},"email":"dobrisvit.dudik@example.com","login":{"uuid":"54b6bac2-8c79-4734-98ff-11fb9c0fe9d7","username":"yellowzebra181","password":"lobo","salt":"IXCKEmrZ","md5":"8262eda6808190b66b30b7cc79d90588","sha1":"3817032e8ff93fa49493e0b54c5cdfe079b3d512","sha256":"0725aa576557829b192fd7056f22dad828edfa3d7110df4af446fc533a37a15d"},"dob":{"date":"1951-01-03T08:59:28.830Z","age":73},"registered":{"date":"2022-02-25T10:31:24.631Z","age":2},"phone":"(097) U09-9584","cell":"(096) Z16-6951","id":{"name":"","value":null},"picture":{"large":"https://randomuser.me/api/portraits/men/71.jpg","medium":"https://randomuser.me/api/portraits/med/men/71.jpg","thumbnail":"https://randomuser.me/api/portraits/thumb/men/71.jpg"},"nat":"UA"}],"info":{"seed":"354fe539042ac7c2","results":1,"page":1,"version":"1.4"}} 
 </msg>
<msg time="2024-05-18T09:14:59.783321" level="INFO">/opt/hostedtoolcache/Python/3.12.3/x64/lib/python3.12/site-packages/urllib3/connectionpool.py:1103: InsecureRequestWarning: Unverified HTTPS request is being made to host 'randomuser.me'. Adding certificate verification is strongly advised. See: https://urllib3.readthedocs.io/en/latest/advanced-usage.html#tls-warnings
  warnings.warn(</msg>
<msg time="2024-05-18T09:14:59.783407" level="INFO">${response} = &lt;Response [200]&gt;</msg>
<var>${response}</var>
<arg>consultarAPI</arg>
<arg>/api</arg>
<doc>Sends a GET request on a previously created HTTP Session.</doc>
<status status="PASS" start="2024-05-18T09:14:59.714713" elapsed="0.068734"/>
</kw>
<kw name="Set Variable" owner="BuiltIn">
<msg time="2024-05-18T09:14:59.784459" level="INFO">${json_data} = {'results': [{'gender': 'male', 'name': {'title': 'Mr', 'first': 'Dobrisvit', 'last': 'Dudik'}, 'location': {'street': {'number': 3876, 'name': 'Prospekt Poshtoviy'}, 'city': 'Oleshki', 'state': 'Hark...</msg>
<var>${json_data}</var>
<arg>${response.json()}</arg>
<doc>Returns the given values which can then be assigned to a variables.</doc>
<status status="PASS" start="2024-05-18T09:14:59.783903" elapsed="0.000585"/>
</kw>
<kw name="Log" owner="BuiltIn">
<msg time="2024-05-18T09:14:59.784944" level="INFO">{'results': [{'gender': 'male', 'name': {'title': 'Mr', 'first': 'Dobrisvit', 'last': 'Dudik'}, 'location': {'street': {'number': 3876, 'name': 'Prospekt Poshtoviy'}, 'city': 'Oleshki', 'state': 'Harkivska', 'country': 'Ukraine', 'postcode': 21975, 'coordinates': {'latitude': '79.5360', 'longitude': '-127.3354'}, 'timezone': {'offset': '+5:45', 'description': 'Kathmandu'}}, 'email': 'dobrisvit.dudik@example.com', 'login': {'uuid': '54b6bac2-8c79-4734-98ff-11fb9c0fe9d7', 'username': 'yellowzebra181', 'password': 'lobo', 'salt': 'IXCKEmrZ', 'md5': '8262eda6808190b66b30b7cc79d90588', 'sha1': '3817032e8ff93fa49493e0b54c5cdfe079b3d512', 'sha256': '0725aa576557829b192fd7056f22dad828edfa3d7110df4af446fc533a37a15d'}, 'dob': {'date': '1951-01-03T08:59:28.830Z', 'age': 73}, 'registered': {'date': '2022-02-25T10:31:24.631Z', 'age': 2}, 'phone': '(097) U09-9584', 'cell': '(096) Z16-6951', 'id': {'name': '', 'value': None}, 'picture': {'large': 'https://randomuser.me/api/portraits/men/71.jpg', 'medium': 'https://randomuser.me/api/portraits/med/men/71.jpg', 'thumbnail': 'https://randomuser.me/api/portraits/thumb/men/71.jpg'}, 'nat': 'UA'}], 'info': {'seed': '354fe539042ac7c2', 'results': 1, 'page': 1, 'version': '1.4'}}</msg>
<arg>${json_data}</arg>
<doc>Logs the given message with the given level.</doc>
<status status="PASS" start="2024-05-18T09:14:59.784793" elapsed="0.000231"/>
</kw>
<kw name="Should Be String" owner="String">
<arg>${json_data['results'][0]['gender']}</arg>
<doc>Fails if the given ``item`` is not a string.</doc>
<status status="PASS" start="2024-05-18T09:14:59.785324" elapsed="0.000359"/>
</kw>
<kw name="Should Match Regexp" owner="BuiltIn">
<arg>${json_data['results'][0]['email']}</arg>
<arg>^[a-zA-Z0-9._%+-]+@[a-zA-Z0-9.-]+\.[a-zA-Z]{2,}$</arg>
<doc>Fails if ``string`` does not match ``pattern`` as a regular expression.</doc>
<status status="PASS" start="2024-05-18T09:14:59.785876" elapsed="0.000503"/>
</kw>
<kw name="Should Match Regexp" owner="BuiltIn">
<arg>${json_data['results'][0]['dob']['date']}</arg>
<arg>\\d{4}-\\d{2}-\\d{2}T\\d{2}:\\d{2}:\\d{2}\\.\\d{3}Z</arg>
<doc>Fails if ``string`` does not match ``pattern`` as a regular expression.</doc>
<status status="PASS" start="2024-05-18T09:14:59.786574" elapsed="0.000479"/>
</kw>
<kw name="Should Match Regexp" owner="BuiltIn">
<arg>${json_data['results'][0]['registered']['date']}</arg>
<arg>\\d{4}-\\d{2}-\\d{2}T\\d{2}:\\d{2}:\\d{2}\\.\\d{3}Z</arg>
<doc>Fails if ``string`` does not match ``pattern`` as a regular expression.</doc>
<status status="PASS" start="2024-05-18T09:14:59.787243" elapsed="0.000403"/>
</kw>
<kw name="Should Match Regexp" owner="BuiltIn">
<arg>${json_data['results'][0]['picture']['large']}</arg>
<arg>^https?://.*\.(?:png|jpe?g|gif|bmp)$</arg>
<doc>Fails if ``string`` does not match ``pattern`` as a regular expression.</doc>
<status status="PASS" start="2024-05-18T09:14:59.787849" elapsed="0.000485"/>
</kw>
<kw name="Should Match Regexp" owner="BuiltIn">
<arg>${json_data['results'][0]['picture']['medium']}</arg>
<arg>^https?://.*\.(?:png|jpe?g|gif|bmp)$</arg>
<doc>Fails if ``string`` does not match ``pattern`` as a regular expression.</doc>
<status status="PASS" start="2024-05-18T09:14:59.788522" elapsed="0.000355"/>
</kw>
<kw name="Should Match Regexp" owner="BuiltIn">
<arg>${json_data['results'][0]['picture']['thumbnail']}</arg>
<arg>^https?://.*\.(?:png|jpe?g|gif|bmp)$</arg>
<doc>Fails if ``string`` does not match ``pattern`` as a regular expression.</doc>
<status status="PASS" start="2024-05-18T09:14:59.789066" elapsed="0.000354"/>
</kw>
<kw name="Log" owner="BuiltIn">
<msg time="2024-05-18T09:14:59.789926" level="INFO">{'large': 'https://randomuser.me/api/portraits/men/71.jpg', 'medium': 'https://randomuser.me/api/portraits/med/men/71.jpg', 'thumbnail': 'https://randomuser.me/api/portraits/thumb/men/71.jpg'}</msg>
<arg>${json_data['results'][0]['picture']}</arg>
<doc>Logs the given message with the given level.</doc>
<status status="PASS" start="2024-05-18T09:14:59.789605" elapsed="0.000364"/>
</kw>
<status status="PASS" start="2024-05-18T09:14:59.714490" elapsed="0.075730"/>
</kw>
<kw name="Teste de Tipos de Dados - Postcode" owner="random-user-service">
<kw name="GET On Session" owner="RequestsLibrary">
<msg time="2024-05-18T09:14:59.927983" level="INFO">GET Request : url=https://randomuser.me/api 
 path_url=/api 
 headers={'User-Agent': 'python-requests/2.31.0', 'Accept-Encoding': 'gzip, deflate', 'Accept': '*/*', 'Connection': 'keep-alive'} 
 body=None 
 </msg>
<msg time="2024-05-18T09:14:59.928068" level="INFO">GET Response : url=https://randomuser.me/api 
 status=200, reason=OK 
 headers={'Date': 'Sat, 18 May 2024 09:14:59 GMT', 'Content-Type': 'application/json; charset=utf-8', 'Transfer-Encoding': 'chunked', 'Connection': 'keep-alive', 'X-Powered-By': 'Express', 'Access-Control-Allow-Origin': '*', 'Cache-Control': 'no-cache', 'ETag': 'W/"4bd-C9Fr6Z7VC+wYzGsfBF7Wia13Ca4"', 'Vary': 'Accept-Encoding', 'Content-Encoding': 'gzip', 'CF-Cache-Status': 'DYNAMIC', 'Report-To': '{"endpoints":[{"url":"https:\\/\\/a.nel.cloudflare.com\\/report\\/v4?s=Esl9yihfwO4ZdcP2YrJg3fQR9gakFaIjnIeliccBYSNOrvWdScvH%2BHpXmNQi8LneU4Sm5N6TqHBomEzTpt5LGXuV4%2Fvn4QhmKp58TM0xbd%2FaKeYoxuKvmfIdFvzmzuHG"}],"group":"cf-nel","max_age":604800}', 'NEL': '{"success_fraction":0,"report_to":"cf-nel","max_age":604800}', 'Server': 'cloudflare', 'CF-RAY': '885abd7bbeab3b4d-IAD', 'alt-svc': 'h3=":443"; ma=86400'} 
 body={"results":[{"gender":"female","name":{"title":"Mademoiselle","first":"Christelle","last":"Dumont"},"location":{"street":{"number":5404,"name":"Rue de la Charité"},"city":"Bettlach","state":"Valais","country":"Switzerland","postcode":5437,"coordinates":{"latitude":"-63.7955","longitude":"109.1560"},"timezone":{"offset":"0:00","description":"Western Europe Time, London, Lisbon, Casablanca"}},"email":"christelle.dumont@example.com","login":{"uuid":"23a68a1d-2768-42f6-a909-506e0278b994","username":"organicgoose114","password":"292929","salt":"BzIk9zyM","md5":"f7c270b3615ac13b728ff1e16ce096a2","sha1":"d487d0293d84ab68eafc21b49a970356fd1aed6e","sha256":"1a960bbf8ec335dab09dda280bbe38ab1ac9492e392400e06525259f2b515f64"},"dob":{"date":"1968-07-12T05:30:14.902Z","age":55},"registered":{"date":"2019-12-05T05:48:50.832Z","age":4},"phone":"077 766 21 12","cell":"078 756 85 83","id":{"name":"AVS","value":"756.3548.3500.86"},"picture":{"large":"https://randomuser.me/api/portraits/women/4.jpg","medium":"https://randomuser.me/api/portraits/med/women/4.jpg","thumbnail":"https://randomuser.me/api/portraits/thumb/women/4.jpg"},"nat":"CH"}],"info":{"seed":"6a49a8a826204d76","results":1,"page":1,"version":"1.4"}} 
 </msg>
<msg time="2024-05-18T09:14:59.928136" level="INFO">/opt/hostedtoolcache/Python/3.12.3/x64/lib/python3.12/site-packages/urllib3/connectionpool.py:1103: InsecureRequestWarning: Unverified HTTPS request is being made to host 'randomuser.me'. Adding certificate verification is strongly advised. See: https://urllib3.readthedocs.io/en/latest/advanced-usage.html#tls-warnings
  warnings.warn(</msg>
<msg time="2024-05-18T09:14:59.928242" level="INFO">${response} = &lt;Response [200]&gt;</msg>
<var>${response}</var>
<arg>consultarAPI</arg>
<arg>/api</arg>
<doc>Sends a GET request on a previously created HTTP Session.</doc>
<status status="PASS" start="2024-05-18T09:14:59.790648" elapsed="0.137641"/>
</kw>
<kw name="Set Variable" owner="BuiltIn">
<msg time="2024-05-18T09:14:59.929308" level="INFO">${json_data} = {'results': [{'gender': 'female', 'name': {'title': 'Mademoiselle', 'first': 'Christelle', 'last': 'Dumont'}, 'location': {'street': {'number': 5404, 'name': 'Rue de la Charité'}, 'city': 'Bettlach', ...</msg>
<var>${json_data}</var>
<arg>${response.json()}</arg>
<doc>Returns the given values which can then be assigned to a variables.</doc>
<status status="PASS" start="2024-05-18T09:14:59.928749" elapsed="0.000588"/>
</kw>
<kw name="Log" owner="BuiltIn">
<msg time="2024-05-18T09:14:59.929800" level="INFO">{'results': [{'gender': 'female', 'name': {'title': 'Mademoiselle', 'first': 'Christelle', 'last': 'Dumont'}, 'location': {'street': {'number': 5404, 'name': 'Rue de la Charité'}, 'city': 'Bettlach', 'state': 'Valais', 'country': 'Switzerland', 'postcode': 5437, 'coordinates': {'latitude': '-63.7955', 'longitude': '109.1560'}, 'timezone': {'offset': '0:00', 'description': 'Western Europe Time, London, Lisbon, Casablanca'}}, 'email': 'christelle.dumont@example.com', 'login': {'uuid': '23a68a1d-2768-42f6-a909-506e0278b994', 'username': 'organicgoose114', 'password': '292929', 'salt': 'BzIk9zyM', 'md5': 'f7c270b3615ac13b728ff1e16ce096a2', 'sha1': 'd487d0293d84ab68eafc21b49a970356fd1aed6e', 'sha256': '1a960bbf8ec335dab09dda280bbe38ab1ac9492e392400e06525259f2b515f64'}, 'dob': {'date': '1968-07-12T05:30:14.902Z', 'age': 55}, 'registered': {'date': '2019-12-05T05:48:50.832Z', 'age': 4}, 'phone': '077 766 21 12', 'cell': '078 756 85 83', 'id': {'name': 'AVS', 'value': '756.3548.3500.86'}, 'picture': {'large': 'https://randomuser.me/api/portraits/women/4.jpg', 'medium': 'https://randomuser.me/api/portraits/med/women/4.jpg', 'thumbnail': 'https://randomuser.me/api/portraits/thumb/women/4.jpg'}, 'nat': 'CH'}], 'info': {'seed': '6a49a8a826204d76', 'results': 1, 'page': 1, 'version': '1.4'}}</msg>
<arg>${json_data}</arg>
<doc>Logs the given message with the given level.</doc>
<status status="PASS" start="2024-05-18T09:14:59.929643" elapsed="0.000234"/>
</kw>
<kw name="Should Be Equal As Numbers" owner="BuiltIn">
<arg>${json_data['results'][0]['location']['postcode']}</arg>
<arg>${json_data['results'][0]['location']['postcode']}</arg>
<doc>Fails if objects are unequal after converting them to real numbers.</doc>
<status status="PASS" start="2024-05-18T09:14:59.930311" elapsed="0.000608"/>
</kw>
<kw name="Log" owner="BuiltIn">
<msg time="2024-05-18T09:14:59.931443" level="INFO">5437</msg>
<arg>${json_data['results'][0]['location']['postcode']}</arg>
<doc>Logs the given message with the given level.</doc>
<status status="PASS" start="2024-05-18T09:14:59.931111" elapsed="0.000372"/>
</kw>
<status status="PASS" start="2024-05-18T09:14:59.790430" elapsed="0.141340"/>
</kw>
<doc>Testa se os tipos de dados na resposta da API estão corretos.</doc>
<tag>testeTiposDados</tag>
<status status="PASS" start="2024-05-18T09:14:59.713982" elapsed="0.217948"/>
</test>
<test id="s1-s1-t5" name="Validar conteudo" line="35">
<kw name="Teste de Tipos de Conteudo" owner="random-user-service">
<kw name="GET On Session" owner="RequestsLibrary">
<msg time="2024-05-18T09:15:00.071548" level="INFO">GET Request : url=https://randomuser.me/api 
 path_url=/api 
 headers={'User-Agent': 'python-requests/2.31.0', 'Accept-Encoding': 'gzip, deflate', 'Accept': '*/*', 'Connection': 'keep-alive'} 
 body=None 
 </msg>
<msg time="2024-05-18T09:15:00.071626" level="INFO">GET Response : url=https://randomuser.me/api 
 status=200, reason=OK 
 headers={'Date': 'Sat, 18 May 2024 09:15:00 GMT', 'Content-Type': 'application/json; charset=utf-8', 'Transfer-Encoding': 'chunked', 'Connection': 'keep-alive', 'X-Powered-By': 'Express', 'Access-Control-Allow-Origin': '*', 'Cache-Control': 'no-cache', 'ETag': 'W/"4a1-EC9mJ916hoEXNnHkpUy/NvSE7c8"', 'Vary': 'Accept-Encoding', 'Content-Encoding': 'gzip', 'CF-Cache-Status': 'DYNAMIC', 'Report-To': '{"endpoints":[{"url":"https:\\/\\/a.nel.cloudflare.com\\/report\\/v4?s=Ik1%2FUjrpSsoC845qgrFYV5Jm5poe0fxn9QMcNKgpuAFPXF%2Bm55FH6UrLp3QqMVDjQklmIS%2B7vrdQcIpZKMvNvCWI5biqSjoVR9tN0RDukR9E5JmdbSVxRQNDwmS7PEz6"}],"group":"cf-nel","max_age":604800}', 'NEL': '{"success_fraction":0,"report_to":"cf-nel","max_age":604800}', 'Server': 'cloudflare', 'CF-RAY': '885abd7c9f823b4d-IAD', 'alt-svc': 'h3=":443"; ma=86400'} 
 body={"results":[{"gender":"female","name":{"title":"Ms","first":"Eline","last":"Joly"},"location":{"street":{"number":3242,"name":"Rue Gasparin"},"city":"Rennes","state":"Loire","country":"France","postcode":83772,"coordinates":{"latitude":"-15.1662","longitude":"34.9797"},"timezone":{"offset":"0:00","description":"Western Europe Time, London, Lisbon, Casablanca"}},"email":"eline.joly@example.com","login":{"uuid":"47e75eb8-d5d5-4675-ae6d-a6ed35e99391","username":"ticklishmouse457","password":"grateful","salt":"t1tzDti4","md5":"30b6addc25b96be8883efa4bcd60aa3f","sha1":"29c297f1cbe0b371ef5790aac22add60c24ea97a","sha256":"1676648c6914726af7e17e711f2654e5c561595002144fc3cab0eb135a581396"},"dob":{"date":"1994-08-15T23:03:42.535Z","age":29},"registered":{"date":"2019-02-15T14:31:55.246Z","age":5},"phone":"02-95-52-51-98","cell":"06-90-03-72-42","id":{"name":"INSEE","value":"2940787723890 62"},"picture":{"large":"https://randomuser.me/api/portraits/women/18.jpg","medium":"https://randomuser.me/api/portraits/med/women/18.jpg","thumbnail":"https://randomuser.me/api/portraits/thumb/women/18.jpg"},"nat":"FR"}],"info":{"seed":"f14a78efe1564abe","results":1,"page":1,"version":"1.4"}} 
 </msg>
<msg time="2024-05-18T09:15:00.071687" level="INFO">/opt/hostedtoolcache/Python/3.12.3/x64/lib/python3.12/site-packages/urllib3/connectionpool.py:1103: InsecureRequestWarning: Unverified HTTPS request is being made to host 'randomuser.me'. Adding certificate verification is strongly advised. See: https://urllib3.readthedocs.io/en/latest/advanced-usage.html#tls-warnings
  warnings.warn(</msg>
<msg time="2024-05-18T09:15:00.071779" level="INFO">${response} = &lt;Response [200]&gt;</msg>
<var>${response}</var>
<arg>consultarAPI</arg>
<arg>/api</arg>
<doc>Sends a GET request on a previously created HTTP Session.</doc>
<status status="PASS" start="2024-05-18T09:14:59.934345" elapsed="0.137474"/>
</kw>
<kw name="Set Variable" owner="BuiltIn">
<msg time="2024-05-18T09:15:00.072878" level="INFO">${json_data} = {'results': [{'gender': 'female', 'name': {'title': 'Ms', 'first': 'Eline', 'last': 'Joly'}, 'location': {'street': {'number': 3242, 'name': 'Rue Gasparin'}, 'city': 'Rennes', 'state': 'Loire', 'count...</msg>
<var>${json_data}</var>
<arg>${response.json()}</arg>
<doc>Returns the given values which can then be assigned to a variables.</doc>
<status status="PASS" start="2024-05-18T09:15:00.072318" elapsed="0.000588"/>
</kw>
<kw name="Set Variable" owner="BuiltIn">
<msg time="2024-05-18T09:15:00.073588" level="INFO">${name_title} = Ms</msg>
<var>${name_title}</var>
<arg>${json_data["results"][0]["name"]["title"]}</arg>
<doc>Returns the given values which can then be assigned to a variables.</doc>
<status status="PASS" start="2024-05-18T09:15:00.073211" elapsed="0.000403"/>
</kw>
<kw name="Create List" owner="BuiltIn">
<msg time="2024-05-18T09:15:00.074056" level="INFO">${allowed_titles} = ['Mr', 'Ms', 'Miss', 'Mrs', 'Madame', 'Monsieur']</msg>
<var>${allowed_titles}</var>
<arg>Mr</arg>
<arg>Ms</arg>
<arg>Miss</arg>
<arg>Mrs</arg>
<arg>Madame</arg>
<arg>Monsieur</arg>
<doc>Returns a list containing given items.</doc>
<status status="PASS" start="2024-05-18T09:15:00.073909" elapsed="0.000172"/>
</kw>
<kw name="List Should Contain Value" owner="Collections">
<msg time="2024-05-18T09:15:00.074547" level="INFO">False</msg>
<arg>${allowed_titles}</arg>
<arg>${name_title}</arg>
<doc>Fails if the ``value`` is not found from ``list``.</doc>
<status status="PASS" start="2024-05-18T09:15:00.074375" elapsed="0.000209"/>
</kw>
<kw name="Set Variable" owner="BuiltIn">
<msg time="2024-05-18T09:15:00.075257" level="INFO">${name_country} = FR</msg>
<var>${name_country}</var>
<arg>${json_data["results"][0]["nat"]}</arg>
<doc>Returns the given values which can then be assigned to a variables.</doc>
<status status="PASS" start="2024-05-18T09:15:00.074882" elapsed="0.000406"/>
</kw>
<kw name="Create List" owner="BuiltIn">
<msg time="2024-05-18T09:15:00.076233" level="INFO">${list_country} = ['AD', 'AE', 'AF', 'AG', 'AI', 'AL', 'AM', 'AO', 'AQ', 'AR', 'AS', 'AT', 'AU', 'AW', 'AX', 'AZ', 'BA', 'BB', 'BD', 'BE', 'BF', 'BG', 'BH', 'BI', 'BJ', 'BL', 'BM', 'BN', 'BO', 'BQ', 'BR', 'BS', 'BT', '...</msg>
<var>${list_country}</var>
<arg>AD</arg>
<arg>AE</arg>
<arg>AF</arg>
<arg>AG</arg>
<arg>AI</arg>
<arg>AL</arg>
<arg>AM</arg>
<arg>AO</arg>
<arg>AQ</arg>
<arg>AR</arg>
<arg>AS</arg>
<arg>AT</arg>
<arg>AU</arg>
<arg>AW</arg>
<arg>AX</arg>
<arg>AZ</arg>
<arg>BA</arg>
<arg>BB</arg>
<arg>BD</arg>
<arg>BE</arg>
<arg>BF</arg>
<arg>BG</arg>
<arg>BH</arg>
<arg>BI</arg>
<arg>BJ</arg>
<arg>BL</arg>
<arg>BM</arg>
<arg>BN</arg>
<arg>BO</arg>
<arg>BQ</arg>
<arg>BR</arg>
<arg>BS</arg>
<arg>BT</arg>
<arg>BV</arg>
<arg>BW</arg>
<arg>BY</arg>
<arg>BZ</arg>
<arg>CA</arg>
<arg>CC</arg>
<arg>CD</arg>
<arg>CF</arg>
<arg>CG</arg>
<arg>CH</arg>
<arg>CI</arg>
<arg>CK</arg>
<arg>CL</arg>
<arg>CM</arg>
<arg>CN</arg>
<arg>CO</arg>
<arg>CR</arg>
<arg>CU</arg>
<arg>CV</arg>
<arg>CW</arg>
<arg>CX</arg>
<arg>CY</arg>
<arg>CZ</arg>
<arg>DE</arg>
<arg>DJ</arg>
<arg>DK</arg>
<arg>DM</arg>
<arg>DO</arg>
<arg>DZ</arg>
<arg>EC</arg>
<arg>EE</arg>
<arg>EG</arg>
<arg>EH</arg>
<arg>ER</arg>
<arg>ES</arg>
<arg>ET</arg>
<arg>FI</arg>
<arg>FJ</arg>
<arg>FK</arg>
<arg>FM</arg>
<arg>FO</arg>
<arg>FR</arg>
<arg>GA</arg>
<arg>GB</arg>
<arg>GD</arg>
<arg>GE</arg>
<arg>GF</arg>
<arg>GG</arg>
<arg>GH</arg>
<arg>GI</arg>
<arg>GL</arg>
<arg>GM</arg>
<arg>GN</arg>
<arg>GP</arg>
<arg>GQ</arg>
<arg>GR</arg>
<arg>GS</arg>
<arg>GT</arg>
<arg>GU</arg>
<arg>GW</arg>
<arg>GY</arg>
<arg>HK</arg>
<arg>HM</arg>
<arg>HN</arg>
<arg>HR</arg>
<arg>HT</arg>
<arg>HU</arg>
<arg>ID</arg>
<arg>IE</arg>
<arg>IL</arg>
<arg>IM</arg>
<arg>IN</arg>
<arg>IO</arg>
<arg>IQ</arg>
<arg>IR</arg>
<arg>IS</arg>
<arg>IT</arg>
<arg>JE</arg>
<arg>JM</arg>
<arg>JO</arg>
<arg>JP</arg>
<arg>KE</arg>
<arg>KG</arg>
<arg>KH</arg>
<arg>KI</arg>
<arg>KM</arg>
<arg>KN</arg>
<arg>KP</arg>
<arg>KR</arg>
<arg>KW</arg>
<arg>KY</arg>
<arg>KZ</arg>
<arg>LA</arg>
<arg>LB</arg>
<arg>LC</arg>
<arg>LI</arg>
<arg>LK</arg>
<arg>LR</arg>
<arg>LS</arg>
<arg>LT</arg>
<arg>LU</arg>
<arg>LV</arg>
<arg>LY</arg>
<arg>MA</arg>
<arg>MC</arg>
<arg>MD</arg>
<arg>ME</arg>
<arg>MF</arg>
<arg>MG</arg>
<arg>MH</arg>
<arg>MK</arg>
<arg>ML</arg>
<arg>MM</arg>
<arg>MN</arg>
<arg>MO</arg>
<arg>MP</arg>
<arg>MQ</arg>
<arg>MR</arg>
<arg>MS</arg>
<arg>MT</arg>
<arg>MU</arg>
<arg>MV</arg>
<arg>MW</arg>
<arg>MX</arg>
<arg>MY</arg>
<arg>MZ</arg>
<arg>NA</arg>
<arg>NC</arg>
<arg>NE</arg>
<arg>NF</arg>
<arg>NG</arg>
<arg>NI</arg>
<arg>NL</arg>
<arg>NO</arg>
<arg>NP</arg>
<arg>NR</arg>
<arg>NU</arg>
<arg>NZ</arg>
<arg>OM</arg>
<arg>PA</arg>
<arg>PE</arg>
<arg>PF</arg>
<arg>PG</arg>
<arg>PH</arg>
<arg>PK</arg>
<arg>PL</arg>
<arg>PM</arg>
<arg>PN</arg>
<arg>PR</arg>
<arg>PS</arg>
<arg>PT</arg>
<arg>PW</arg>
<arg>PY</arg>
<arg>QA</arg>
<arg>RE</arg>
<arg>RO</arg>
<arg>RS</arg>
<arg>RU</arg>
<arg>RW</arg>
<arg>SA</arg>
<arg>SB</arg>
<arg>SC</arg>
<arg>SD</arg>
<arg>SE</arg>
<arg>SG</arg>
<arg>SH</arg>
<arg>SI</arg>
<arg>SJ</arg>
<arg>SK</arg>
<arg>SL</arg>
<arg>SM</arg>
<arg>SN</arg>
<arg>SO</arg>
<arg>SR</arg>
<arg>SS</arg>
<arg>ST</arg>
<arg>SV</arg>
<arg>SX</arg>
<arg>SY</arg>
<arg>SZ</arg>
<arg>TC</arg>
<arg>TD</arg>
<arg>TF</arg>
<arg>TG</arg>
<arg>TH</arg>
<arg>TJ</arg>
<arg>TK</arg>
<arg>TL</arg>
<arg>TM</arg>
<arg>TN</arg>
<arg>TO</arg>
<arg>TR</arg>
<arg>TT</arg>
<arg>TV</arg>
<arg>TW</arg>
<arg>TZ</arg>
<arg>UA</arg>
<arg>UG</arg>
<arg>UM</arg>
<arg>US</arg>
<arg>UY</arg>
<arg>UZ</arg>
<arg>VA</arg>
<arg>VC</arg>
<arg>VE</arg>
<arg>VG</arg>
<arg>VI</arg>
<arg>VN</arg>
<arg>VU</arg>
<arg>WF</arg>
<arg>WS</arg>
<arg>XK</arg>
<arg>YE</arg>
<arg>YT</arg>
<arg>ZA</arg>
<arg>ZM</arg>
<arg>ZW</arg>
<doc>Returns a list containing given items.</doc>
<status status="PASS" start="2024-05-18T09:15:00.075635" elapsed="0.000623"/>
</kw>
<kw name="List Should Contain Value" owner="Collections">
<msg time="2024-05-18T09:15:00.077242" level="INFO">False</msg>
<arg>${list_country}</arg>
<arg>${name_country}</arg>
<doc>Fails if the ``value`` is not found from ``list``.</doc>
<status status="PASS" start="2024-05-18T09:15:00.077043" elapsed="0.000234"/>
</kw>
<kw name="Run Keyword If" owner="BuiltIn">
<kw name="Should Be True" owner="BuiltIn">
<arg>${True}</arg>
<doc>Fails if the given condition is not true.</doc>
<status status="PASS" start="2024-05-18T09:15:00.078322" elapsed="0.000247"/>
</kw>
<arg>${json_data["results"][0]["location"]["coordinates"]["latitude"]} &gt;= -90 and ${json_data["results"][0]["location"]["coordinates"]["latitude"]} &lt;= 90</arg>
<arg>Should Be True</arg>
<arg>${True}</arg>
<doc>Runs the given keyword with the given arguments, if ``condition`` is true.</doc>
<status status="PASS" start="2024-05-18T09:15:00.077585" elapsed="0.001116"/>
</kw>
<kw name="Run Keyword If" owner="BuiltIn">
<kw name="Should Be True" owner="BuiltIn">
<arg>${True}</arg>
<doc>Fails if the given condition is not true.</doc>
<status status="PASS" start="2024-05-18T09:15:00.079602" elapsed="0.000153"/>
</kw>
<arg>${json_data["results"][0]["location"]["coordinates"]["longitude"]} &gt;= -180 and ${json_data["results"][0]["location"]["coordinates"]["longitude"]} &lt;= 180</arg>
<arg>Should Be True</arg>
<arg>${True}</arg>
<doc>Runs the given keyword with the given arguments, if ``condition`` is true.</doc>
<status status="PASS" start="2024-05-18T09:15:00.078888" elapsed="0.000989"/>
</kw>
<status status="PASS" start="2024-05-18T09:14:59.934123" elapsed="0.145884"/>
</kw>
<doc>Testa o conteúdo específico dos campos retornados pela API.</doc>
<tag>testeConteudo</tag>
<status status="PASS" start="2024-05-18T09:14:59.933611" elapsed="0.146540"/>
</test>
<status status="PASS" start="2024-05-18T09:14:59.206920" elapsed="0.875181"/>
</suite>
<status status="PASS" start="2024-05-18T09:14:59.193444" elapsed="0.893917"/>
</suite>
<statistics>
<total>
<stat pass="5" fail="0" skip="0">All Tests</stat>
</total>
<tag>
<stat pass="1" fail="0" skip="0">testeConteudo</stat>
<stat pass="1" fail="0" skip="0">testeEstruturaResposta</stat>
<stat pass="1" fail="0" skip="0">testeRequisicaoBasica</stat>
<stat pass="1" fail="0" skip="0">testeTiposDados</stat>
</tag>
<suite>
<stat pass="5" fail="0" skip="0" id="s1" name="Tests">Tests</stat>
<stat pass="5" fail="0" skip="0" id="s1-s1" name="Random-User-Test">Tests.Random-User-Test</stat>
</suite>
</statistics>
<errors>
</errors>
</robot>
