<?xml version="1.0" encoding="UTF-8"?>
<robot generator="Robot 7.0.1 (Python 3.12.4 on linux)" generated="2024-08-01T05:15:16.595432" rpa="false" schemaversion="5">
<suite id="s1" name="Tests" source="/home/runner/work/ApiRandomUser/ApiRandomUser/RamdonUser/tests">
<suite id="s1-s1" name="Random-User-Test" source="/home/runner/work/ApiRandomUser/ApiRandomUser/RamdonUser/tests/random-user-test.robot">
<test id="s1-s1-t1" name="Conectar" line="13">
<kw name="Conectar API" owner="random-user-service">
<kw name="Create Session" owner="RequestsLibrary">
<msg time="2024-08-01T05:15:17.017734" level="INFO">Creating Session using : alias=consultarAPI, url=https://randomuser.me/, headers={},                     cookies={}, auth=None, timeout=None, proxies=None, verify=False,                     debug=0 </msg>
<arg>consultarAPI</arg>
<arg>${URL}</arg>
<doc>Create Session: create a HTTP session to a server</doc>
<status status="PASS" start="2024-08-01T05:15:17.017519" elapsed="0.000412"/>
</kw>
<status status="PASS" start="2024-08-01T05:15:17.016388" elapsed="0.001928"/>
</kw>
<status status="PASS" start="2024-08-01T05:15:17.015768" elapsed="0.002761"/>
</test>
<test id="s1-s1-t2" name="Validar retorno 200 e JSON Válido" line="16">
<kw name="Teste de Requisicao Basica" owner="random-user-service">
<kw name="GET On Session" owner="RequestsLibrary">
<msg time="2024-08-01T05:15:17.078345" level="INFO">GET Request : url=https://randomuser.me/api 
 path_url=/api 
 headers={'User-Agent': 'python-requests/2.32.3', 'Accept-Encoding': 'gzip, deflate', 'Accept': '*/*', 'Connection': 'keep-alive'} 
 body=None 
 </msg>
<msg time="2024-08-01T05:15:17.078505" level="INFO">GET Response : url=https://randomuser.me/api 
 status=200, reason=OK 
 headers={'Date': 'Thu, 01 Aug 2024 05:15:17 GMT', 'Content-Type': 'application/json; charset=utf-8', 'Transfer-Encoding': 'chunked', 'Connection': 'keep-alive', 'X-Powered-By': 'Express', 'Access-Control-Allow-Origin': '*', 'Cache-Control': 'no-cache', 'ETag': 'W/"48b-QYDvRHLYdbOU3HQkW7y/M+pn2Hk"', 'Vary': 'Accept-Encoding', 'Content-Encoding': 'gzip', 'CF-Cache-Status': 'DYNAMIC', 'Report-To': '{"endpoints":[{"url":"https:\\/\\/a.nel.cloudflare.com\\/report\\/v4?s=5mchNj2khaDu3blVEw%2BYnjqMPH3aIzDbbNp6AU3IuwaWwAVBOlz%2B6g5aiA7ksCrpzebzxJ6t7YsKexKm%2B3YA9HEReTtPXuGqceVnNE1qNpqCApUIFMRDqLXoQ3yHh9c6"}],"group":"cf-nel","max_age":604800}', 'NEL': '{"success_fraction":0,"report_to":"cf-nel","max_age":604800}', 'Server': 'cloudflare', 'CF-RAY': '8ac359777b032058-IAD', 'alt-svc': 'h3=":443"; ma=86400'} 
 body={"results":[{"gender":"female","name":{"title":"Miss","first":"آدرینا","last":"کوتی"},"location":{"street":{"number":248,"name":"کوی نصر"},"city":"ساری","state":"قم","country":"Iran","postcode":41416,"coordinates":{"latitude":"19.5203","longitude":"160.7237"},"timezone":{"offset":"-6:00","description":"Central Time (US &amp; Canada), Mexico City"}},"email":"adryn.khwty@example.com","login":{"uuid":"0e130f79-59ce-49b1-bade-5a5df4b2341c","username":"tinygoose707","password":"spanky","salt":"JW3JRfCN","md5":"bb1a84b167272111a23f7fbd68ca4b3c","sha1":"19415c29d9c736cc32c52181e521067a35cb5171","sha256":"c283aa72c6fadcaa8b9e7f6e4fcca7a4b0202188094cf90bf6d6b0801fc7db52"},"dob":{"date":"1964-05-24T13:46:49.195Z","age":60},"registered":{"date":"2019-03-05T03:02:53.137Z","age":5},"phone":"026-12207589","cell":"0989-684-7913","id":{"name":"","value":null},"picture":{"large":"https://randomuser.me/api/portraits/women/93.jpg","medium":"https://randomuser.me/api/portraits/med/women/93.jpg","thumbnail":"https://randomuser.me/api/portraits/thumb/women/93.jpg"},"nat":"IR"}],"info":{"seed":"194d81553358282a","results":1,"page":1,"version":"1.4"}} 
 </msg>
<msg time="2024-08-01T05:15:17.078594" level="INFO">/opt/hostedtoolcache/Python/3.12.4/x64/lib/python3.12/site-packages/urllib3/connectionpool.py:1099: InsecureRequestWarning: Unverified HTTPS request is being made to host 'randomuser.me'. Adding certificate verification is strongly advised. See: https://urllib3.readthedocs.io/en/latest/advanced-usage.html#tls-warnings
  warnings.warn(</msg>
<msg time="2024-08-01T05:15:17.078763" level="INFO">${response} = &lt;Response [200]&gt;</msg>
<var>${response}</var>
<arg>consultarAPI</arg>
<arg>/api</arg>
<doc>Sends a GET request on a previously created HTTP Session.</doc>
<status status="PASS" start="2024-08-01T05:15:17.021260" elapsed="0.057544"/>
</kw>
<kw name="Should Be Equal As Numbers" owner="BuiltIn">
<msg time="2024-08-01T05:15:17.079998" level="INFO">Argument types are:
&lt;class 'int'&gt;
&lt;class 'str'&gt;</msg>
<arg>${response.status_code}</arg>
<arg>200</arg>
<doc>Fails if objects are unequal after converting them to real numbers.</doc>
<status status="PASS" start="2024-08-01T05:15:17.079438" elapsed="0.000626"/>
</kw>
<kw name="Log" owner="BuiltIn">
<msg time="2024-08-01T05:15:17.080778" level="INFO">200</msg>
<arg>${response.status_code}</arg>
<doc>Logs the given message with the given level.</doc>
<status status="PASS" start="2024-08-01T05:15:17.080418" elapsed="0.000402"/>
</kw>
<kw name="Set Variable" owner="BuiltIn">
<msg time="2024-08-01T05:15:17.081573" level="INFO">${json_data} = {'results': [{'gender': 'female', 'name': {'title': 'Miss', 'first': 'آدرینا', 'last': 'کوتی'}, 'location': {'street': {'number': 248, 'name': 'کوی نصر'}, 'city': 'ساری', 'state': 'قم', 'country': 'Ir...</msg>
<var>${json_data}</var>
<arg>${response.json()}</arg>
<doc>Returns the given values which can then be assigned to a variables.</doc>
<status status="PASS" start="2024-08-01T05:15:17.081125" elapsed="0.000479"/>
</kw>
<kw name="Dictionary Should Contain Key" owner="Collections">
<arg>${json_data}</arg>
<arg>results</arg>
<doc>Fails if ``key`` is not found from ``dictionary``.</doc>
<status status="PASS" start="2024-08-01T05:15:17.081908" elapsed="0.000318"/>
</kw>
<status status="PASS" start="2024-08-01T05:15:17.021000" elapsed="0.061382"/>
</kw>
<doc>Testa se a API responde corretamente e retorna um objeto JSON válido.</doc>
<tag>testeRequisicaoBasica</tag>
<status status="PASS" start="2024-08-01T05:15:17.020380" elapsed="0.062178"/>
</test>
<test id="s1-s1-t3" name="Validar estrutura de resposta" line="22">
<kw name="Teste de Estrutura de Resposta" owner="random-user-service">
<kw name="GET On Session" owner="RequestsLibrary">
<msg time="2024-08-01T05:15:17.211844" level="INFO">GET Request : url=https://randomuser.me/api 
 path_url=/api 
 headers={'User-Agent': 'python-requests/2.32.3', 'Accept-Encoding': 'gzip, deflate', 'Accept': '*/*', 'Connection': 'keep-alive'} 
 body=None 
 </msg>
<msg time="2024-08-01T05:15:17.211958" level="INFO">GET Response : url=https://randomuser.me/api 
 status=200, reason=OK 
 headers={'Date': 'Thu, 01 Aug 2024 05:15:17 GMT', 'Content-Type': 'application/json; charset=utf-8', 'Transfer-Encoding': 'chunked', 'Connection': 'keep-alive', 'X-Powered-By': 'Express', 'Access-Control-Allow-Origin': '*', 'Cache-Control': 'no-cache', 'ETag': 'W/"491-MEAwGHCk2dXlH56K/u58+BAP6Do"', 'Vary': 'Accept-Encoding', 'Content-Encoding': 'gzip', 'CF-Cache-Status': 'DYNAMIC', 'Report-To': '{"endpoints":[{"url":"https:\\/\\/a.nel.cloudflare.com\\/report\\/v4?s=LuJnFDzrkBgOZSMhJmOsXiUAa%2FX1jhLwGhQTL9gqWQ%2FeDqMervAlVcsikXgclO8HOimaN4qulhhL73scOBP%2FhrHhTtcytwU%2BQ6cAAXoZQH3vZJcw9OSipagwwPys5CPC"}],"group":"cf-nel","max_age":604800}', 'NEL': '{"success_fraction":0,"report_to":"cf-nel","max_age":604800}', 'Server': 'cloudflare', 'CF-RAY': '8ac35977cb392058-IAD', 'alt-svc': 'h3=":443"; ma=86400'} 
 body={"results":[{"gender":"female","name":{"title":"Miss","first":"Soledad","last":"Román"},"location":{"street":{"number":5856,"name":"Calle de Alcalá"},"city":"Torrejón de Ardoz","state":"Ceuta","country":"Spain","postcode":19707,"coordinates":{"latitude":"-34.9834","longitude":"45.3840"},"timezone":{"offset":"-11:00","description":"Midway Island, Samoa"}},"email":"soledad.roman@example.com","login":{"uuid":"ec0194d7-10fc-4654-8816-bc3824766af5","username":"greenpeacock830","password":"bangkok","salt":"b9WBtqcG","md5":"0a39cb26a18f692034fbce77418fba38","sha1":"cbfa3bd222f706e5d43637993b13aa9c535601f5","sha256":"be835f56f8e7576b1b7d922071af4ef7a7455b560ffa62ca3bb483805f1b6f61"},"dob":{"date":"1956-10-27T10:06:42.351Z","age":67},"registered":{"date":"2012-07-10T06:44:43.257Z","age":12},"phone":"934-436-931","cell":"675-094-301","id":{"name":"DNI","value":"95715622-A"},"picture":{"large":"https://randomuser.me/api/portraits/women/15.jpg","medium":"https://randomuser.me/api/portraits/med/women/15.jpg","thumbnail":"https://randomuser.me/api/portraits/thumb/women/15.jpg"},"nat":"ES"}],"info":{"seed":"be71490d4ea3345b","results":1,"page":1,"version":"1.4"}} 
 </msg>
<msg time="2024-08-01T05:15:17.212102" level="INFO">/opt/hostedtoolcache/Python/3.12.4/x64/lib/python3.12/site-packages/urllib3/connectionpool.py:1099: InsecureRequestWarning: Unverified HTTPS request is being made to host 'randomuser.me'. Adding certificate verification is strongly advised. See: https://urllib3.readthedocs.io/en/latest/advanced-usage.html#tls-warnings
  warnings.warn(</msg>
<msg time="2024-08-01T05:15:17.212259" level="INFO">${response} = &lt;Response [200]&gt;</msg>
<var>${response}</var>
<arg>consultarAPI</arg>
<arg>/api</arg>
<doc>Sends a GET request on a previously created HTTP Session.</doc>
<status status="PASS" start="2024-08-01T05:15:17.085212" elapsed="0.127080"/>
</kw>
<kw name="Set Variable" owner="BuiltIn">
<msg time="2024-08-01T05:15:17.213316" level="INFO">${json_data} = {'results': [{'gender': 'female', 'name': {'title': 'Miss', 'first': 'Soledad', 'last': 'Román'}, 'location': {'street': {'number': 5856, 'name': 'Calle de Alcalá'}, 'city': 'Torrejón de Ardoz', 'stat...</msg>
<var>${json_data}</var>
<arg>${response.json()}</arg>
<doc>Returns the given values which can then be assigned to a variables.</doc>
<status status="PASS" start="2024-08-01T05:15:17.212798" elapsed="0.000547"/>
</kw>
<kw name="Log" owner="BuiltIn">
<msg time="2024-08-01T05:15:17.213814" level="INFO">{'results': [{'gender': 'female', 'name': {'title': 'Miss', 'first': 'Soledad', 'last': 'Román'}, 'location': {'street': {'number': 5856, 'name': 'Calle de Alcalá'}, 'city': 'Torrejón de Ardoz', 'state': 'Ceuta', 'country': 'Spain', 'postcode': 19707, 'coordinates': {'latitude': '-34.9834', 'longitude': '45.3840'}, 'timezone': {'offset': '-11:00', 'description': 'Midway Island, Samoa'}}, 'email': 'soledad.roman@example.com', 'login': {'uuid': 'ec0194d7-10fc-4654-8816-bc3824766af5', 'username': 'greenpeacock830', 'password': 'bangkok', 'salt': 'b9WBtqcG', 'md5': '0a39cb26a18f692034fbce77418fba38', 'sha1': 'cbfa3bd222f706e5d43637993b13aa9c535601f5', 'sha256': 'be835f56f8e7576b1b7d922071af4ef7a7455b560ffa62ca3bb483805f1b6f61'}, 'dob': {'date': '1956-10-27T10:06:42.351Z', 'age': 67}, 'registered': {'date': '2012-07-10T06:44:43.257Z', 'age': 12}, 'phone': '934-436-931', 'cell': '675-094-301', 'id': {'name': 'DNI', 'value': '95715622-A'}, 'picture': {'large': 'https://randomuser.me/api/portraits/women/15.jpg', 'medium': 'https://randomuser.me/api/portraits/med/women/15.jpg', 'thumbnail': 'https://randomuser.me/api/portraits/thumb/women/15.jpg'}, 'nat': 'ES'}], 'info': {'seed': 'be71490d4ea3345b', 'results': 1, 'page': 1, 'version': '1.4'}}</msg>
<arg>${json_data}</arg>
<doc>Logs the given message with the given level.</doc>
<status status="PASS" start="2024-08-01T05:15:17.213648" elapsed="0.000216"/>
</kw>
<kw name="Dictionary Should Contain Key" owner="Collections">
<arg>${json_data}</arg>
<arg>results</arg>
<doc>Fails if ``key`` is not found from ``dictionary``.</doc>
<status status="PASS" start="2024-08-01T05:15:17.214152" elapsed="0.000164"/>
</kw>
<kw name="Should Not Be Empty" owner="BuiltIn">
<msg time="2024-08-01T05:15:17.214620" level="INFO">Length is 2.</msg>
<arg>${json_data}</arg>
<doc>Verifies that the given item is not empty.</doc>
<status status="PASS" start="2024-08-01T05:15:17.214494" elapsed="0.000163"/>
</kw>
<kw name="Create List" owner="BuiltIn">
<msg time="2024-08-01T05:15:17.215090" level="INFO">${expected_keys} = ['gender', 'name', 'location', 'email', 'login']</msg>
<var>${expected_keys}</var>
<arg>gender</arg>
<arg>name</arg>
<arg>location</arg>
<arg>email</arg>
<arg>login</arg>
<doc>Returns a list containing given items.</doc>
<status status="PASS" start="2024-08-01T05:15:17.214942" elapsed="0.000171"/>
</kw>
<for flavor="IN">
<iter>
<kw name="Dictionary Should Contain Key" owner="Collections">
<arg>${json_data['results'][0]}</arg>
<arg>${key}</arg>
<doc>Fails if ``key`` is not found from ``dictionary``.</doc>
<status status="PASS" start="2024-08-01T05:15:17.215680" elapsed="0.000397"/>
</kw>
<kw name="Log" owner="BuiltIn">
<msg time="2024-08-01T05:15:17.216667" level="INFO">{'gender': 'female', 'name': {'title': 'Miss', 'first': 'Soledad', 'last': 'Román'}, 'location': {'street': {'number': 5856, 'name': 'Calle de Alcalá'}, 'city': 'Torrejón de Ardoz', 'state': 'Ceuta', 'country': 'Spain', 'postcode': 19707, 'coordinates': {'latitude': '-34.9834', 'longitude': '45.3840'}, 'timezone': {'offset': '-11:00', 'description': 'Midway Island, Samoa'}}, 'email': 'soledad.roman@example.com', 'login': {'uuid': 'ec0194d7-10fc-4654-8816-bc3824766af5', 'username': 'greenpeacock830', 'password': 'bangkok', 'salt': 'b9WBtqcG', 'md5': '0a39cb26a18f692034fbce77418fba38', 'sha1': 'cbfa3bd222f706e5d43637993b13aa9c535601f5', 'sha256': 'be835f56f8e7576b1b7d922071af4ef7a7455b560ffa62ca3bb483805f1b6f61'}, 'dob': {'date': '1956-10-27T10:06:42.351Z', 'age': 67}, 'registered': {'date': '2012-07-10T06:44:43.257Z', 'age': 12}, 'phone': '934-436-931', 'cell': '675-094-301', 'id': {'name': 'DNI', 'value': '95715622-A'}, 'picture': {'large': 'https://randomuser.me/api/portraits/women/15.jpg', 'medium': 'https://randomuser.me/api/portraits/med/women/15.jpg', 'thumbnail': 'https://randomuser.me/api/portraits/thumb/women/15.jpg'}, 'nat': 'ES'}</msg>
<arg>${json_data['results'][0]}</arg>
<doc>Logs the given message with the given level.</doc>
<status status="PASS" start="2024-08-01T05:15:17.216267" elapsed="0.000451"/>
</kw>
<kw name="Log" owner="BuiltIn">
<msg time="2024-08-01T05:15:17.217140" level="INFO">gender</msg>
<arg>${key}</arg>
<doc>Logs the given message with the given level.</doc>
<status status="PASS" start="2024-08-01T05:15:17.217014" elapsed="0.000164"/>
</kw>
<var name="${key}">gender</var>
<status status="PASS" start="2024-08-01T05:15:17.215556" elapsed="0.001837"/>
</iter>
<iter>
<kw name="Dictionary Should Contain Key" owner="Collections">
<arg>${json_data['results'][0]}</arg>
<arg>${key}</arg>
<doc>Fails if ``key`` is not found from ``dictionary``.</doc>
<status status="PASS" start="2024-08-01T05:15:17.217690" elapsed="0.000393"/>
</kw>
<kw name="Log" owner="BuiltIn">
<msg time="2024-08-01T05:15:17.218764" level="INFO">{'gender': 'female', 'name': {'title': 'Miss', 'first': 'Soledad', 'last': 'Román'}, 'location': {'street': {'number': 5856, 'name': 'Calle de Alcalá'}, 'city': 'Torrejón de Ardoz', 'state': 'Ceuta', 'country': 'Spain', 'postcode': 19707, 'coordinates': {'latitude': '-34.9834', 'longitude': '45.3840'}, 'timezone': {'offset': '-11:00', 'description': 'Midway Island, Samoa'}}, 'email': 'soledad.roman@example.com', 'login': {'uuid': 'ec0194d7-10fc-4654-8816-bc3824766af5', 'username': 'greenpeacock830', 'password': 'bangkok', 'salt': 'b9WBtqcG', 'md5': '0a39cb26a18f692034fbce77418fba38', 'sha1': 'cbfa3bd222f706e5d43637993b13aa9c535601f5', 'sha256': 'be835f56f8e7576b1b7d922071af4ef7a7455b560ffa62ca3bb483805f1b6f61'}, 'dob': {'date': '1956-10-27T10:06:42.351Z', 'age': 67}, 'registered': {'date': '2012-07-10T06:44:43.257Z', 'age': 12}, 'phone': '934-436-931', 'cell': '675-094-301', 'id': {'name': 'DNI', 'value': '95715622-A'}, 'picture': {'large': 'https://randomuser.me/api/portraits/women/15.jpg', 'medium': 'https://randomuser.me/api/portraits/med/women/15.jpg', 'thumbnail': 'https://randomuser.me/api/portraits/thumb/women/15.jpg'}, 'nat': 'ES'}</msg>
<arg>${json_data['results'][0]}</arg>
<doc>Logs the given message with the given level.</doc>
<status status="PASS" start="2024-08-01T05:15:17.218339" elapsed="0.000505"/>
</kw>
<kw name="Log" owner="BuiltIn">
<msg time="2024-08-01T05:15:17.219267" level="INFO">name</msg>
<arg>${key}</arg>
<doc>Logs the given message with the given level.</doc>
<status status="PASS" start="2024-08-01T05:15:17.219139" elapsed="0.000164"/>
</kw>
<var name="${key}">name</var>
<status status="PASS" start="2024-08-01T05:15:17.217576" elapsed="0.001942"/>
</iter>
<iter>
<kw name="Dictionary Should Contain Key" owner="Collections">
<arg>${json_data['results'][0]}</arg>
<arg>${key}</arg>
<doc>Fails if ``key`` is not found from ``dictionary``.</doc>
<status status="PASS" start="2024-08-01T05:15:17.219791" elapsed="0.000373"/>
</kw>
<kw name="Log" owner="BuiltIn">
<msg time="2024-08-01T05:15:17.220727" level="INFO">{'gender': 'female', 'name': {'title': 'Miss', 'first': 'Soledad', 'last': 'Román'}, 'location': {'street': {'number': 5856, 'name': 'Calle de Alcalá'}, 'city': 'Torrejón de Ardoz', 'state': 'Ceuta', 'country': 'Spain', 'postcode': 19707, 'coordinates': {'latitude': '-34.9834', 'longitude': '45.3840'}, 'timezone': {'offset': '-11:00', 'description': 'Midway Island, Samoa'}}, 'email': 'soledad.roman@example.com', 'login': {'uuid': 'ec0194d7-10fc-4654-8816-bc3824766af5', 'username': 'greenpeacock830', 'password': 'bangkok', 'salt': 'b9WBtqcG', 'md5': '0a39cb26a18f692034fbce77418fba38', 'sha1': 'cbfa3bd222f706e5d43637993b13aa9c535601f5', 'sha256': 'be835f56f8e7576b1b7d922071af4ef7a7455b560ffa62ca3bb483805f1b6f61'}, 'dob': {'date': '1956-10-27T10:06:42.351Z', 'age': 67}, 'registered': {'date': '2012-07-10T06:44:43.257Z', 'age': 12}, 'phone': '934-436-931', 'cell': '675-094-301', 'id': {'name': 'DNI', 'value': '95715622-A'}, 'picture': {'large': 'https://randomuser.me/api/portraits/women/15.jpg', 'medium': 'https://randomuser.me/api/portraits/med/women/15.jpg', 'thumbnail': 'https://randomuser.me/api/portraits/thumb/women/15.jpg'}, 'nat': 'ES'}</msg>
<arg>${json_data['results'][0]}</arg>
<doc>Logs the given message with the given level.</doc>
<status status="PASS" start="2024-08-01T05:15:17.220347" elapsed="0.000437"/>
</kw>
<kw name="Log" owner="BuiltIn">
<msg time="2024-08-01T05:15:17.221208" level="INFO">location</msg>
<arg>${key}</arg>
<doc>Logs the given message with the given level.</doc>
<status status="PASS" start="2024-08-01T05:15:17.221081" elapsed="0.000162"/>
</kw>
<var name="${key}">location</var>
<status status="PASS" start="2024-08-01T05:15:17.219687" elapsed="0.001769"/>
</iter>
<iter>
<kw name="Dictionary Should Contain Key" owner="Collections">
<arg>${json_data['results'][0]}</arg>
<arg>${key}</arg>
<doc>Fails if ``key`` is not found from ``dictionary``.</doc>
<status status="PASS" start="2024-08-01T05:15:17.221728" elapsed="0.000379"/>
</kw>
<kw name="Log" owner="BuiltIn">
<msg time="2024-08-01T05:15:17.222759" level="INFO">{'gender': 'female', 'name': {'title': 'Miss', 'first': 'Soledad', 'last': 'Román'}, 'location': {'street': {'number': 5856, 'name': 'Calle de Alcalá'}, 'city': 'Torrejón de Ardoz', 'state': 'Ceuta', 'country': 'Spain', 'postcode': 19707, 'coordinates': {'latitude': '-34.9834', 'longitude': '45.3840'}, 'timezone': {'offset': '-11:00', 'description': 'Midway Island, Samoa'}}, 'email': 'soledad.roman@example.com', 'login': {'uuid': 'ec0194d7-10fc-4654-8816-bc3824766af5', 'username': 'greenpeacock830', 'password': 'bangkok', 'salt': 'b9WBtqcG', 'md5': '0a39cb26a18f692034fbce77418fba38', 'sha1': 'cbfa3bd222f706e5d43637993b13aa9c535601f5', 'sha256': 'be835f56f8e7576b1b7d922071af4ef7a7455b560ffa62ca3bb483805f1b6f61'}, 'dob': {'date': '1956-10-27T10:06:42.351Z', 'age': 67}, 'registered': {'date': '2012-07-10T06:44:43.257Z', 'age': 12}, 'phone': '934-436-931', 'cell': '675-094-301', 'id': {'name': 'DNI', 'value': '95715622-A'}, 'picture': {'large': 'https://randomuser.me/api/portraits/women/15.jpg', 'medium': 'https://randomuser.me/api/portraits/med/women/15.jpg', 'thumbnail': 'https://randomuser.me/api/portraits/thumb/women/15.jpg'}, 'nat': 'ES'}</msg>
<arg>${json_data['results'][0]}</arg>
<doc>Logs the given message with the given level.</doc>
<status status="PASS" start="2024-08-01T05:15:17.222410" elapsed="0.000407"/>
</kw>
<kw name="Log" owner="BuiltIn">
<msg time="2024-08-01T05:15:17.223239" level="INFO">email</msg>
<arg>${key}</arg>
<doc>Logs the given message with the given level.</doc>
<status status="PASS" start="2024-08-01T05:15:17.223110" elapsed="0.000166"/>
</kw>
<var name="${key}">email</var>
<status status="PASS" start="2024-08-01T05:15:17.221623" elapsed="0.001869"/>
</iter>
<iter>
<kw name="Dictionary Should Contain Key" owner="Collections">
<arg>${json_data['results'][0]}</arg>
<arg>${key}</arg>
<doc>Fails if ``key`` is not found from ``dictionary``.</doc>
<status status="PASS" start="2024-08-01T05:15:17.223769" elapsed="0.000368"/>
</kw>
<kw name="Log" owner="BuiltIn">
<msg time="2024-08-01T05:15:17.224702" level="INFO">{'gender': 'female', 'name': {'title': 'Miss', 'first': 'Soledad', 'last': 'Román'}, 'location': {'street': {'number': 5856, 'name': 'Calle de Alcalá'}, 'city': 'Torrejón de Ardoz', 'state': 'Ceuta', 'country': 'Spain', 'postcode': 19707, 'coordinates': {'latitude': '-34.9834', 'longitude': '45.3840'}, 'timezone': {'offset': '-11:00', 'description': 'Midway Island, Samoa'}}, 'email': 'soledad.roman@example.com', 'login': {'uuid': 'ec0194d7-10fc-4654-8816-bc3824766af5', 'username': 'greenpeacock830', 'password': 'bangkok', 'salt': 'b9WBtqcG', 'md5': '0a39cb26a18f692034fbce77418fba38', 'sha1': 'cbfa3bd222f706e5d43637993b13aa9c535601f5', 'sha256': 'be835f56f8e7576b1b7d922071af4ef7a7455b560ffa62ca3bb483805f1b6f61'}, 'dob': {'date': '1956-10-27T10:06:42.351Z', 'age': 67}, 'registered': {'date': '2012-07-10T06:44:43.257Z', 'age': 12}, 'phone': '934-436-931', 'cell': '675-094-301', 'id': {'name': 'DNI', 'value': '95715622-A'}, 'picture': {'large': 'https://randomuser.me/api/portraits/women/15.jpg', 'medium': 'https://randomuser.me/api/portraits/med/women/15.jpg', 'thumbnail': 'https://randomuser.me/api/portraits/thumb/women/15.jpg'}, 'nat': 'ES'}</msg>
<arg>${json_data['results'][0]}</arg>
<doc>Logs the given message with the given level.</doc>
<status status="PASS" start="2024-08-01T05:15:17.224316" elapsed="0.000435"/>
</kw>
<kw name="Log" owner="BuiltIn">
<msg time="2024-08-01T05:15:17.225171" level="INFO">login</msg>
<arg>${key}</arg>
<doc>Logs the given message with the given level.</doc>
<status status="PASS" start="2024-08-01T05:15:17.225044" elapsed="0.000164"/>
</kw>
<var name="${key}">login</var>
<status status="PASS" start="2024-08-01T05:15:17.223663" elapsed="0.001756"/>
</iter>
<var>${key}</var>
<value>@{expected_keys}</value>
<status status="PASS" start="2024-08-01T05:15:17.215369" elapsed="0.010168"/>
</for>
<kw name="Create List" owner="BuiltIn">
<msg time="2024-08-01T05:15:17.225854" level="INFO">${expected_keysTwo} = ['username', 'password']</msg>
<var>${expected_keysTwo}</var>
<arg>username</arg>
<arg>password</arg>
<doc>Returns a list containing given items.</doc>
<status status="PASS" start="2024-08-01T05:15:17.225721" elapsed="0.000195"/>
</kw>
<for flavor="IN">
<iter>
<kw name="Dictionary Should Contain Key" owner="Collections">
<arg>${json_data['results'][0]['login']}</arg>
<arg>${keyTwo}</arg>
<doc>Fails if ``key`` is not found from ``dictionary``.</doc>
<status status="PASS" start="2024-08-01T05:15:17.226414" elapsed="0.000380"/>
</kw>
<kw name="Dictionary Should Contain Key" owner="Collections">
<arg>${json_data['results'][0]['login']}</arg>
<arg>${keyTwo}</arg>
<doc>Fails if ``key`` is not found from ``dictionary``.</doc>
<status status="PASS" start="2024-08-01T05:15:17.226972" elapsed="0.000362"/>
</kw>
<kw name="Log" owner="BuiltIn">
<msg time="2024-08-01T05:15:17.227626" level="INFO">username</msg>
<arg>${keyTwo}</arg>
<doc>Logs the given message with the given level.</doc>
<status status="PASS" start="2024-08-01T05:15:17.227507" elapsed="0.000162"/>
</kw>
<var name="${keyTwo}">username</var>
<status status="PASS" start="2024-08-01T05:15:17.226307" elapsed="0.001578"/>
</iter>
<iter>
<kw name="Dictionary Should Contain Key" owner="Collections">
<arg>${json_data['results'][0]['login']}</arg>
<arg>${keyTwo}</arg>
<doc>Fails if ``key`` is not found from ``dictionary``.</doc>
<status status="PASS" start="2024-08-01T05:15:17.228167" elapsed="0.000396"/>
</kw>
<kw name="Dictionary Should Contain Key" owner="Collections">
<arg>${json_data['results'][0]['login']}</arg>
<arg>${keyTwo}</arg>
<doc>Fails if ``key`` is not found from ``dictionary``.</doc>
<status status="PASS" start="2024-08-01T05:15:17.228737" elapsed="0.000357"/>
</kw>
<kw name="Log" owner="BuiltIn">
<msg time="2024-08-01T05:15:17.229435" level="INFO">password</msg>
<arg>${keyTwo}</arg>
<doc>Logs the given message with the given level.</doc>
<status status="PASS" start="2024-08-01T05:15:17.229307" elapsed="0.000165"/>
</kw>
<var name="${keyTwo}">password</var>
<status status="PASS" start="2024-08-01T05:15:17.228057" elapsed="0.001638"/>
</iter>
<var>${keyTwo}</var>
<value>@{expected_keysTwo}</value>
<status status="PASS" start="2024-08-01T05:15:17.226158" elapsed="0.003658"/>
</for>
<status status="PASS" start="2024-08-01T05:15:17.084973" elapsed="0.144985"/>
</kw>
<doc>Testa a estrutura da resposta da API.</doc>
<tag>testeEstruturaResposta</tag>
<status status="PASS" start="2024-08-01T05:15:17.084358" elapsed="0.145755"/>
</test>
<test id="s1-s1-t4" name="Validar tipos de dados" line="28">
<kw name="Teste de Tipos de Dados" owner="random-user-service">
<kw name="GET On Session" owner="RequestsLibrary">
<msg time="2024-08-01T05:15:17.600580" level="INFO">GET Request : url=https://randomuser.me/api 
 path_url=/api 
 headers={'User-Agent': 'python-requests/2.32.3', 'Accept-Encoding': 'gzip, deflate', 'Accept': '*/*', 'Connection': 'keep-alive'} 
 body=None 
 </msg>
<msg time="2024-08-01T05:15:17.600690" level="INFO">GET Response : url=https://randomuser.me/api 
 status=200, reason=OK 
 headers={'Date': 'Thu, 01 Aug 2024 05:15:17 GMT', 'Content-Type': 'application/json; charset=utf-8', 'Transfer-Encoding': 'chunked', 'Connection': 'keep-alive', 'X-Powered-By': 'Express', 'Access-Control-Allow-Origin': '*', 'Cache-Control': 'no-cache', 'ETag': 'W/"46b-dCtKNYbq9KhgnyEEoMTcIPQt4GE"', 'Vary': 'Accept-Encoding', 'Content-Encoding': 'gzip', 'CF-Cache-Status': 'DYNAMIC', 'Report-To': '{"endpoints":[{"url":"https:\\/\\/a.nel.cloudflare.com\\/report\\/v4?s=oXRuk%2BHP3ppdgkbZ8dhHYgxste4GQlL1pJcHZZJ1BOE2V3kMcV%2B9Ji4mNsuu%2FxQQ%2F6DKElgTcRdtI%2FeuQYlDJKM1OPl07EqBRyTyJQfae0M5Qa5TpNV9o8jR3zU3Wrzb"}],"group":"cf-nel","max_age":604800}', 'NEL': '{"success_fraction":0,"report_to":"cf-nel","max_age":604800}', 'Server': 'cloudflare', 'CF-RAY': '8ac35978bbfc2058-IAD', 'alt-svc': 'h3=":443"; ma=86400'} 
 body={"results":[{"gender":"female","name":{"title":"Mrs","first":"Piper","last":"Taylor"},"location":{"street":{"number":196,"name":"Buckleys Road"},"city":"Gisborne","state":"Auckland","country":"New Zealand","postcode":65087,"coordinates":{"latitude":"50.5732","longitude":"24.8567"},"timezone":{"offset":"+4:30","description":"Kabul"}},"email":"piper.taylor@example.com","login":{"uuid":"cb6a0120-9dfa-4f17-a47f-2cba71c2538d","username":"yellowdog794","password":"hunt","salt":"28O7eB3p","md5":"7faf5161cc6849d3338b6dcc71c2e399","sha1":"64f2ea05d4be4259c20a884dc044a63bff5b5dd5","sha256":"74aec9f408133b4b1a1e7b5013668e359e3a0b28b81d4addb1ed7c842686916a"},"dob":{"date":"1986-01-02T02:27:01.217Z","age":38},"registered":{"date":"2015-05-26T09:16:19.929Z","age":9},"phone":"(171)-325-8958","cell":"(298)-462-3981","id":{"name":"","value":null},"picture":{"large":"https://randomuser.me/api/portraits/women/43.jpg","medium":"https://randomuser.me/api/portraits/med/women/43.jpg","thumbnail":"https://randomuser.me/api/portraits/thumb/women/43.jpg"},"nat":"NZ"}],"info":{"seed":"3f2a3093897bda41","results":1,"page":1,"version":"1.4"}} 
 </msg>
<msg time="2024-08-01T05:15:17.600767" level="INFO">/opt/hostedtoolcache/Python/3.12.4/x64/lib/python3.12/site-packages/urllib3/connectionpool.py:1099: InsecureRequestWarning: Unverified HTTPS request is being made to host 'randomuser.me'. Adding certificate verification is strongly advised. See: https://urllib3.readthedocs.io/en/latest/advanced-usage.html#tls-warnings
  warnings.warn(</msg>
<msg time="2024-08-01T05:15:17.600921" level="INFO">${response} = &lt;Response [200]&gt;</msg>
<var>${response}</var>
<arg>consultarAPI</arg>
<arg>/api</arg>
<doc>Sends a GET request on a previously created HTTP Session.</doc>
<status status="PASS" start="2024-08-01T05:15:17.232643" elapsed="0.368323"/>
</kw>
<kw name="Set Variable" owner="BuiltIn">
<msg time="2024-08-01T05:15:17.601981" level="INFO">${json_data} = {'results': [{'gender': 'female', 'name': {'title': 'Mrs', 'first': 'Piper', 'last': 'Taylor'}, 'location': {'street': {'number': 196, 'name': 'Buckleys Road'}, 'city': 'Gisborne', 'state': 'Auckland'...</msg>
<var>${json_data}</var>
<arg>${response.json()}</arg>
<doc>Returns the given values which can then be assigned to a variables.</doc>
<status status="PASS" start="2024-08-01T05:15:17.601452" elapsed="0.000558"/>
</kw>
<kw name="Log" owner="BuiltIn">
<msg time="2024-08-01T05:15:17.602467" level="INFO">{'results': [{'gender': 'female', 'name': {'title': 'Mrs', 'first': 'Piper', 'last': 'Taylor'}, 'location': {'street': {'number': 196, 'name': 'Buckleys Road'}, 'city': 'Gisborne', 'state': 'Auckland', 'country': 'New Zealand', 'postcode': 65087, 'coordinates': {'latitude': '50.5732', 'longitude': '24.8567'}, 'timezone': {'offset': '+4:30', 'description': 'Kabul'}}, 'email': 'piper.taylor@example.com', 'login': {'uuid': 'cb6a0120-9dfa-4f17-a47f-2cba71c2538d', 'username': 'yellowdog794', 'password': 'hunt', 'salt': '28O7eB3p', 'md5': '7faf5161cc6849d3338b6dcc71c2e399', 'sha1': '64f2ea05d4be4259c20a884dc044a63bff5b5dd5', 'sha256': '74aec9f408133b4b1a1e7b5013668e359e3a0b28b81d4addb1ed7c842686916a'}, 'dob': {'date': '1986-01-02T02:27:01.217Z', 'age': 38}, 'registered': {'date': '2015-05-26T09:16:19.929Z', 'age': 9}, 'phone': '(171)-325-8958', 'cell': '(298)-462-3981', 'id': {'name': '', 'value': None}, 'picture': {'large': 'https://randomuser.me/api/portraits/women/43.jpg', 'medium': 'https://randomuser.me/api/portraits/med/women/43.jpg', 'thumbnail': 'https://randomuser.me/api/portraits/thumb/women/43.jpg'}, 'nat': 'NZ'}], 'info': {'seed': '3f2a3093897bda41', 'results': 1, 'page': 1, 'version': '1.4'}}</msg>
<arg>${json_data}</arg>
<doc>Logs the given message with the given level.</doc>
<status status="PASS" start="2024-08-01T05:15:17.602311" elapsed="0.000203"/>
</kw>
<kw name="Should Be String" owner="String">
<arg>${json_data['results'][0]['gender']}</arg>
<doc>Fails if the given ``item`` is not a string.</doc>
<status status="PASS" start="2024-08-01T05:15:17.602798" elapsed="0.000359"/>
</kw>
<kw name="Should Match Regexp" owner="BuiltIn">
<arg>${json_data['results'][0]['email']}</arg>
<arg>^[a-zA-Z0-9._%+-]+@[a-zA-Z0-9.-]+\.[a-zA-Z]{2,}$</arg>
<doc>Fails if ``string`` does not match ``pattern`` as a regular expression.</doc>
<status status="PASS" start="2024-08-01T05:15:17.603344" elapsed="0.000510"/>
</kw>
<kw name="Should Match Regexp" owner="BuiltIn">
<arg>${json_data['results'][0]['dob']['date']}</arg>
<arg>\\d{4}-\\d{2}-\\d{2}T\\d{2}:\\d{2}:\\d{2}\\.\\d{3}Z</arg>
<doc>Fails if ``string`` does not match ``pattern`` as a regular expression.</doc>
<status status="PASS" start="2024-08-01T05:15:17.604079" elapsed="0.000714"/>
</kw>
<kw name="Should Match Regexp" owner="BuiltIn">
<arg>${json_data['results'][0]['registered']['date']}</arg>
<arg>\\d{4}-\\d{2}-\\d{2}T\\d{2}:\\d{2}:\\d{2}\\.\\d{3}Z</arg>
<doc>Fails if ``string`` does not match ``pattern`` as a regular expression.</doc>
<status status="PASS" start="2024-08-01T05:15:17.604995" elapsed="0.000372"/>
</kw>
<kw name="Should Match Regexp" owner="BuiltIn">
<arg>${json_data['results'][0]['picture']['large']}</arg>
<arg>^https?://.*\.(?:png|jpe?g|gif|bmp)$</arg>
<doc>Fails if ``string`` does not match ``pattern`` as a regular expression.</doc>
<status status="PASS" start="2024-08-01T05:15:17.605553" elapsed="0.000453"/>
</kw>
<kw name="Should Match Regexp" owner="BuiltIn">
<arg>${json_data['results'][0]['picture']['medium']}</arg>
<arg>^https?://.*\.(?:png|jpe?g|gif|bmp)$</arg>
<doc>Fails if ``string`` does not match ``pattern`` as a regular expression.</doc>
<status status="PASS" start="2024-08-01T05:15:17.606191" elapsed="0.000356"/>
</kw>
<kw name="Should Match Regexp" owner="BuiltIn">
<arg>${json_data['results'][0]['picture']['thumbnail']}</arg>
<arg>^https?://.*\.(?:png|jpe?g|gif|bmp)$</arg>
<doc>Fails if ``string`` does not match ``pattern`` as a regular expression.</doc>
<status status="PASS" start="2024-08-01T05:15:17.606727" elapsed="0.000345"/>
</kw>
<kw name="Log" owner="BuiltIn">
<msg time="2024-08-01T05:15:17.607565" level="INFO">{'large': 'https://randomuser.me/api/portraits/women/43.jpg', 'medium': 'https://randomuser.me/api/portraits/med/women/43.jpg', 'thumbnail': 'https://randomuser.me/api/portraits/thumb/women/43.jpg'}</msg>
<arg>${json_data['results'][0]['picture']}</arg>
<doc>Logs the given message with the given level.</doc>
<status status="PASS" start="2024-08-01T05:15:17.607251" elapsed="0.000355"/>
</kw>
<status status="PASS" start="2024-08-01T05:15:17.232411" elapsed="0.375450"/>
</kw>
<kw name="Teste de Tipos de Dados - Postcode" owner="random-user-service">
<kw name="GET On Session" owner="RequestsLibrary">
<msg time="2024-08-01T05:15:17.788287" level="INFO">GET Request : url=https://randomuser.me/api 
 path_url=/api 
 headers={'User-Agent': 'python-requests/2.32.3', 'Accept-Encoding': 'gzip, deflate', 'Accept': '*/*', 'Connection': 'keep-alive'} 
 body=None 
 </msg>
<msg time="2024-08-01T05:15:17.788405" level="INFO">GET Response : url=https://randomuser.me/api 
 status=200, reason=OK 
 headers={'Date': 'Thu, 01 Aug 2024 05:15:17 GMT', 'Content-Type': 'application/json; charset=utf-8', 'Transfer-Encoding': 'chunked', 'Connection': 'keep-alive', 'X-Powered-By': 'Express', 'Access-Control-Allow-Origin': '*', 'Cache-Control': 'no-cache', 'ETag': 'W/"484-2TpJIk9/UcVFYtjToCHJ8K7BupI"', 'Vary': 'Accept-Encoding', 'Content-Encoding': 'gzip', 'CF-Cache-Status': 'DYNAMIC', 'Report-To': '{"endpoints":[{"url":"https:\\/\\/a.nel.cloudflare.com\\/report\\/v4?s=cBzDP7oFvIYX80YNfHo2bqxbvfqC2bA3D%2F%2Fw85NafXxFzgRYG9mJJFzuiW9rPkhNfj%2FQpMJ60LvtxWWI%2BGlKaCNDlYbFoS9eVilMa8oq5VxaoSnQIBYhGlRBlkE1z3hS"}],"group":"cf-nel","max_age":604800}', 'NEL': '{"success_fraction":0,"report_to":"cf-nel","max_age":604800}', 'Server': 'cloudflare', 'CF-RAY': '8ac3597b0dd42058-IAD', 'alt-svc': 'h3=":443"; ma=86400'} 
 body={"results":[{"gender":"male","name":{"title":"Mr","first":"Svein","last":"Grønnestad"},"location":{"street":{"number":8431,"name":"Vardøgata"},"city":"Storås","state":"Nord-Trøndelag","country":"Norway","postcode":"7231","coordinates":{"latitude":"39.0861","longitude":"-63.7303"},"timezone":{"offset":"-8:00","description":"Pacific Time (US &amp; Canada)"}},"email":"svein.gronnestad@example.com","login":{"uuid":"d42dec63-bf61-43eb-ae89-e258277380d0","username":"orangelion942","password":"sylvia","salt":"T0zen5Ry","md5":"1b521270c72f0d34ecf8112172468d91","sha1":"d72fc210627e51528fd226eacdc643c90a2a7225","sha256":"20bfec287414813e0f67f5175342f32a3e2e4514bb99109a8583cdf64af9d27c"},"dob":{"date":"1952-07-24T02:54:02.384Z","age":72},"registered":{"date":"2009-08-20T09:49:07.239Z","age":14},"phone":"24425080","cell":"43034842","id":{"name":"FN","value":"24075206972"},"picture":{"large":"https://randomuser.me/api/portraits/men/53.jpg","medium":"https://randomuser.me/api/portraits/med/men/53.jpg","thumbnail":"https://randomuser.me/api/portraits/thumb/men/53.jpg"},"nat":"NO"}],"info":{"seed":"f80e338999f827e3","results":1,"page":1,"version":"1.4"}} 
 </msg>
<msg time="2024-08-01T05:15:17.788476" level="INFO">/opt/hostedtoolcache/Python/3.12.4/x64/lib/python3.12/site-packages/urllib3/connectionpool.py:1099: InsecureRequestWarning: Unverified HTTPS request is being made to host 'randomuser.me'. Adding certificate verification is strongly advised. See: https://urllib3.readthedocs.io/en/latest/advanced-usage.html#tls-warnings
  warnings.warn(</msg>
<msg time="2024-08-01T05:15:17.788602" level="INFO">${response} = &lt;Response [200]&gt;</msg>
<var>${response}</var>
<arg>consultarAPI</arg>
<arg>/api</arg>
<doc>Sends a GET request on a previously created HTTP Session.</doc>
<status status="PASS" start="2024-08-01T05:15:17.608309" elapsed="0.180333"/>
</kw>
<kw name="Set Variable" owner="BuiltIn">
<msg time="2024-08-01T05:15:17.789577" level="INFO">${json_data} = {'results': [{'gender': 'male', 'name': {'title': 'Mr', 'first': 'Svein', 'last': 'Grønnestad'}, 'location': {'street': {'number': 8431, 'name': 'Vardøgata'}, 'city': 'Storås', 'state': 'Nord-Trøndela...</msg>
<var>${json_data}</var>
<arg>${response.json()}</arg>
<doc>Returns the given values which can then be assigned to a variables.</doc>
<status status="PASS" start="2024-08-01T05:15:17.789088" elapsed="0.000517"/>
</kw>
<kw name="Log" owner="BuiltIn">
<msg time="2024-08-01T05:15:17.790067" level="INFO">{'results': [{'gender': 'male', 'name': {'title': 'Mr', 'first': 'Svein', 'last': 'Grønnestad'}, 'location': {'street': {'number': 8431, 'name': 'Vardøgata'}, 'city': 'Storås', 'state': 'Nord-Trøndelag', 'country': 'Norway', 'postcode': '7231', 'coordinates': {'latitude': '39.0861', 'longitude': '-63.7303'}, 'timezone': {'offset': '-8:00', 'description': 'Pacific Time (US &amp; Canada)'}}, 'email': 'svein.gronnestad@example.com', 'login': {'uuid': 'd42dec63-bf61-43eb-ae89-e258277380d0', 'username': 'orangelion942', 'password': 'sylvia', 'salt': 'T0zen5Ry', 'md5': '1b521270c72f0d34ecf8112172468d91', 'sha1': 'd72fc210627e51528fd226eacdc643c90a2a7225', 'sha256': '20bfec287414813e0f67f5175342f32a3e2e4514bb99109a8583cdf64af9d27c'}, 'dob': {'date': '1952-07-24T02:54:02.384Z', 'age': 72}, 'registered': {'date': '2009-08-20T09:49:07.239Z', 'age': 14}, 'phone': '24425080', 'cell': '43034842', 'id': {'name': 'FN', 'value': '24075206972'}, 'picture': {'large': 'https://randomuser.me/api/portraits/men/53.jpg', 'medium': 'https://randomuser.me/api/portraits/med/men/53.jpg', 'thumbnail': 'https://randomuser.me/api/portraits/thumb/men/53.jpg'}, 'nat': 'NO'}], 'info': {'seed': 'f80e338999f827e3', 'results': 1, 'page': 1, 'version': '1.4'}}</msg>
<arg>${json_data}</arg>
<doc>Logs the given message with the given level.</doc>
<status status="PASS" start="2024-08-01T05:15:17.789906" elapsed="0.000211"/>
</kw>
<kw name="Should Be Equal As Numbers" owner="BuiltIn">
<arg>${json_data['results'][0]['location']['postcode']}</arg>
<arg>${json_data['results'][0]['location']['postcode']}</arg>
<doc>Fails if objects are unequal after converting them to real numbers.</doc>
<status status="PASS" start="2024-08-01T05:15:17.790412" elapsed="0.000611"/>
</kw>
<kw name="Log" owner="BuiltIn">
<msg time="2024-08-01T05:15:17.791550" level="INFO">7231</msg>
<arg>${json_data['results'][0]['location']['postcode']}</arg>
<doc>Logs the given message with the given level.</doc>
<status status="PASS" start="2024-08-01T05:15:17.791216" elapsed="0.000373"/>
</kw>
<status status="PASS" start="2024-08-01T05:15:17.608080" elapsed="0.183790"/>
</kw>
<doc>Testa se os tipos de dados na resposta da API estão corretos.</doc>
<tag>testeTiposDados</tag>
<status status="PASS" start="2024-08-01T05:15:17.231823" elapsed="0.560225"/>
</test>
<test id="s1-s1-t5" name="Validar conteudo" line="35">
<kw name="Teste de Tipos de Conteudo" owner="random-user-service">
<kw name="GET On Session" owner="RequestsLibrary">
<msg time="2024-08-01T05:15:17.900678" level="INFO">GET Request : url=https://randomuser.me/api 
 path_url=/api 
 headers={'User-Agent': 'python-requests/2.32.3', 'Accept-Encoding': 'gzip, deflate', 'Accept': '*/*', 'Connection': 'keep-alive'} 
 body=None 
 </msg>
<msg time="2024-08-01T05:15:17.900754" level="INFO">GET Response : url=https://randomuser.me/api 
 status=200, reason=OK 
 headers={'Date': 'Thu, 01 Aug 2024 05:15:17 GMT', 'Content-Type': 'application/json; charset=utf-8', 'Transfer-Encoding': 'chunked', 'Connection': 'keep-alive', 'X-Powered-By': 'Express', 'Access-Control-Allow-Origin': '*', 'Cache-Control': 'no-cache', 'ETag': 'W/"47c-eZJaS8RyLAyLRcKRPZ/41Y+aN7I"', 'Vary': 'Accept-Encoding', 'Content-Encoding': 'gzip', 'CF-Cache-Status': 'DYNAMIC', 'Report-To': '{"endpoints":[{"url":"https:\\/\\/a.nel.cloudflare.com\\/report\\/v4?s=YbtuFJz%2BJZpZzHotxB9GVSn5WtDM6aiHoQf0rD24%2BuiLHndpWRgitXTOG6c2BT5zRWpfWwwljDwe1gzK4i%2FO2753ycxBqrvDxvaYN02BBFqo79%2FVwWxhaEjb1YVNaYBn"}],"group":"cf-nel","max_age":604800}', 'NEL': '{"success_fraction":0,"report_to":"cf-nel","max_age":604800}', 'Server': 'cloudflare', 'CF-RAY': '8ac3597c3eef2058-IAD', 'alt-svc': 'h3=":443"; ma=86400'} 
 body={"results":[{"gender":"male","name":{"title":"Mr","first":"Predrag","last":"Cvejić"},"location":{"street":{"number":9069,"name":"Bistražinska"},"city":"Merošina","state":"Rasina","country":"Serbia","postcode":86617,"coordinates":{"latitude":"63.5795","longitude":"-21.9004"},"timezone":{"offset":"-11:00","description":"Midway Island, Samoa"}},"email":"predrag.cvejic@example.com","login":{"uuid":"a10e17bd-171b-4628-ab11-6521baecaa95","username":"beautifulbird474","password":"phish","salt":"hDfQAkGx","md5":"737d62ae1a5c41ab3f613cb3827672ed","sha1":"e5df8bd3ad1150b62f412b042cb6c2e3bab1d92b","sha256":"f0de7c545fd0dab852423f9d252fb5f57eac0321b91e452cef22a24e16618841"},"dob":{"date":"1965-03-21T18:28:51.319Z","age":59},"registered":{"date":"2005-05-01T02:14:34.593Z","age":19},"phone":"036-8766-638","cell":"065-9337-925","id":{"name":"SID","value":"099794910"},"picture":{"large":"https://randomuser.me/api/portraits/men/6.jpg","medium":"https://randomuser.me/api/portraits/med/men/6.jpg","thumbnail":"https://randomuser.me/api/portraits/thumb/men/6.jpg"},"nat":"RS"}],"info":{"seed":"0dd7cb002f109590","results":1,"page":1,"version":"1.4"}} 
 </msg>
<msg time="2024-08-01T05:15:17.900817" level="INFO">/opt/hostedtoolcache/Python/3.12.4/x64/lib/python3.12/site-packages/urllib3/connectionpool.py:1099: InsecureRequestWarning: Unverified HTTPS request is being made to host 'randomuser.me'. Adding certificate verification is strongly advised. See: https://urllib3.readthedocs.io/en/latest/advanced-usage.html#tls-warnings
  warnings.warn(</msg>
<msg time="2024-08-01T05:15:17.900930" level="INFO">${response} = &lt;Response [200]&gt;</msg>
<var>${response}</var>
<arg>consultarAPI</arg>
<arg>/api</arg>
<doc>Sends a GET request on a previously created HTTP Session.</doc>
<status status="PASS" start="2024-08-01T05:15:17.794507" elapsed="0.106464"/>
</kw>
<kw name="Set Variable" owner="BuiltIn">
<msg time="2024-08-01T05:15:17.901893" level="INFO">${json_data} = {'results': [{'gender': 'male', 'name': {'title': 'Mr', 'first': 'Predrag', 'last': 'Cvejić'}, 'location': {'street': {'number': 9069, 'name': 'Bistražinska'}, 'city': 'Merošina', 'state': 'Rasina', '...</msg>
<var>${json_data}</var>
<arg>${response.json()}</arg>
<doc>Returns the given values which can then be assigned to a variables.</doc>
<status status="PASS" start="2024-08-01T05:15:17.901411" elapsed="0.000512"/>
</kw>
<kw name="Set Variable" owner="BuiltIn">
<msg time="2024-08-01T05:15:17.902607" level="INFO">${name_title} = Mr</msg>
<var>${name_title}</var>
<arg>${json_data["results"][0]["name"]["title"]}</arg>
<doc>Returns the given values which can then be assigned to a variables.</doc>
<status status="PASS" start="2024-08-01T05:15:17.902229" elapsed="0.000404"/>
</kw>
<kw name="Create List" owner="BuiltIn">
<msg time="2024-08-01T05:15:17.903075" level="INFO">${allowed_titles} = ['Mr', 'Ms', 'Miss', 'Mrs', 'Madame', 'Monsieur']</msg>
<var>${allowed_titles}</var>
<arg>Mr</arg>
<arg>Ms</arg>
<arg>Miss</arg>
<arg>Mrs</arg>
<arg>Madame</arg>
<arg>Monsieur</arg>
<doc>Returns a list containing given items.</doc>
<status status="PASS" start="2024-08-01T05:15:17.902926" elapsed="0.000173"/>
</kw>
<kw name="List Should Contain Value" owner="Collections">
<arg>${allowed_titles}</arg>
<arg>${name_title}</arg>
<doc>Fails if the ``value`` is not found from ``list``.</doc>
<status status="PASS" start="2024-08-01T05:15:17.903405" elapsed="0.000180"/>
</kw>
<kw name="Set Variable" owner="BuiltIn">
<msg time="2024-08-01T05:15:17.904137" level="INFO">${name_country} = RS</msg>
<var>${name_country}</var>
<arg>${json_data["results"][0]["nat"]}</arg>
<doc>Returns the given values which can then be assigned to a variables.</doc>
<status status="PASS" start="2024-08-01T05:15:17.903768" elapsed="0.000394"/>
</kw>
<kw name="Create List" owner="BuiltIn">
<msg time="2024-08-01T05:15:17.905080" level="INFO">${list_country} = ['AD', 'AE', 'AF', 'AG', 'AI', 'AL', 'AM', 'AO', 'AQ', 'AR', 'AS', 'AT', 'AU', 'AW', 'AX', 'AZ', 'BA', 'BB', 'BD', 'BE', 'BF', 'BG', 'BH', 'BI', 'BJ', 'BL', 'BM', 'BN', 'BO', 'BQ', 'BR', 'BS', 'BT', '...</msg>
<var>${list_country}</var>
<arg>AD</arg>
<arg>AE</arg>
<arg>AF</arg>
<arg>AG</arg>
<arg>AI</arg>
<arg>AL</arg>
<arg>AM</arg>
<arg>AO</arg>
<arg>AQ</arg>
<arg>AR</arg>
<arg>AS</arg>
<arg>AT</arg>
<arg>AU</arg>
<arg>AW</arg>
<arg>AX</arg>
<arg>AZ</arg>
<arg>BA</arg>
<arg>BB</arg>
<arg>BD</arg>
<arg>BE</arg>
<arg>BF</arg>
<arg>BG</arg>
<arg>BH</arg>
<arg>BI</arg>
<arg>BJ</arg>
<arg>BL</arg>
<arg>BM</arg>
<arg>BN</arg>
<arg>BO</arg>
<arg>BQ</arg>
<arg>BR</arg>
<arg>BS</arg>
<arg>BT</arg>
<arg>BV</arg>
<arg>BW</arg>
<arg>BY</arg>
<arg>BZ</arg>
<arg>CA</arg>
<arg>CC</arg>
<arg>CD</arg>
<arg>CF</arg>
<arg>CG</arg>
<arg>CH</arg>
<arg>CI</arg>
<arg>CK</arg>
<arg>CL</arg>
<arg>CM</arg>
<arg>CN</arg>
<arg>CO</arg>
<arg>CR</arg>
<arg>CU</arg>
<arg>CV</arg>
<arg>CW</arg>
<arg>CX</arg>
<arg>CY</arg>
<arg>CZ</arg>
<arg>DE</arg>
<arg>DJ</arg>
<arg>DK</arg>
<arg>DM</arg>
<arg>DO</arg>
<arg>DZ</arg>
<arg>EC</arg>
<arg>EE</arg>
<arg>EG</arg>
<arg>EH</arg>
<arg>ER</arg>
<arg>ES</arg>
<arg>ET</arg>
<arg>FI</arg>
<arg>FJ</arg>
<arg>FK</arg>
<arg>FM</arg>
<arg>FO</arg>
<arg>FR</arg>
<arg>GA</arg>
<arg>GB</arg>
<arg>GD</arg>
<arg>GE</arg>
<arg>GF</arg>
<arg>GG</arg>
<arg>GH</arg>
<arg>GI</arg>
<arg>GL</arg>
<arg>GM</arg>
<arg>GN</arg>
<arg>GP</arg>
<arg>GQ</arg>
<arg>GR</arg>
<arg>GS</arg>
<arg>GT</arg>
<arg>GU</arg>
<arg>GW</arg>
<arg>GY</arg>
<arg>HK</arg>
<arg>HM</arg>
<arg>HN</arg>
<arg>HR</arg>
<arg>HT</arg>
<arg>HU</arg>
<arg>ID</arg>
<arg>IE</arg>
<arg>IL</arg>
<arg>IM</arg>
<arg>IN</arg>
<arg>IO</arg>
<arg>IQ</arg>
<arg>IR</arg>
<arg>IS</arg>
<arg>IT</arg>
<arg>JE</arg>
<arg>JM</arg>
<arg>JO</arg>
<arg>JP</arg>
<arg>KE</arg>
<arg>KG</arg>
<arg>KH</arg>
<arg>KI</arg>
<arg>KM</arg>
<arg>KN</arg>
<arg>KP</arg>
<arg>KR</arg>
<arg>KW</arg>
<arg>KY</arg>
<arg>KZ</arg>
<arg>LA</arg>
<arg>LB</arg>
<arg>LC</arg>
<arg>LI</arg>
<arg>LK</arg>
<arg>LR</arg>
<arg>LS</arg>
<arg>LT</arg>
<arg>LU</arg>
<arg>LV</arg>
<arg>LY</arg>
<arg>MA</arg>
<arg>MC</arg>
<arg>MD</arg>
<arg>ME</arg>
<arg>MF</arg>
<arg>MG</arg>
<arg>MH</arg>
<arg>MK</arg>
<arg>ML</arg>
<arg>MM</arg>
<arg>MN</arg>
<arg>MO</arg>
<arg>MP</arg>
<arg>MQ</arg>
<arg>MR</arg>
<arg>MS</arg>
<arg>MT</arg>
<arg>MU</arg>
<arg>MV</arg>
<arg>MW</arg>
<arg>MX</arg>
<arg>MY</arg>
<arg>MZ</arg>
<arg>NA</arg>
<arg>NC</arg>
<arg>NE</arg>
<arg>NF</arg>
<arg>NG</arg>
<arg>NI</arg>
<arg>NL</arg>
<arg>NO</arg>
<arg>NP</arg>
<arg>NR</arg>
<arg>NU</arg>
<arg>NZ</arg>
<arg>OM</arg>
<arg>PA</arg>
<arg>PE</arg>
<arg>PF</arg>
<arg>PG</arg>
<arg>PH</arg>
<arg>PK</arg>
<arg>PL</arg>
<arg>PM</arg>
<arg>PN</arg>
<arg>PR</arg>
<arg>PS</arg>
<arg>PT</arg>
<arg>PW</arg>
<arg>PY</arg>
<arg>QA</arg>
<arg>RE</arg>
<arg>RO</arg>
<arg>RS</arg>
<arg>RU</arg>
<arg>RW</arg>
<arg>SA</arg>
<arg>SB</arg>
<arg>SC</arg>
<arg>SD</arg>
<arg>SE</arg>
<arg>SG</arg>
<arg>SH</arg>
<arg>SI</arg>
<arg>SJ</arg>
<arg>SK</arg>
<arg>SL</arg>
<arg>SM</arg>
<arg>SN</arg>
<arg>SO</arg>
<arg>SR</arg>
<arg>SS</arg>
<arg>ST</arg>
<arg>SV</arg>
<arg>SX</arg>
<arg>SY</arg>
<arg>SZ</arg>
<arg>TC</arg>
<arg>TD</arg>
<arg>TF</arg>
<arg>TG</arg>
<arg>TH</arg>
<arg>TJ</arg>
<arg>TK</arg>
<arg>TL</arg>
<arg>TM</arg>
<arg>TN</arg>
<arg>TO</arg>
<arg>TR</arg>
<arg>TT</arg>
<arg>TV</arg>
<arg>TW</arg>
<arg>TZ</arg>
<arg>UA</arg>
<arg>UG</arg>
<arg>UM</arg>
<arg>US</arg>
<arg>UY</arg>
<arg>UZ</arg>
<arg>VA</arg>
<arg>VC</arg>
<arg>VE</arg>
<arg>VG</arg>
<arg>VI</arg>
<arg>VN</arg>
<arg>VU</arg>
<arg>WF</arg>
<arg>WS</arg>
<arg>XK</arg>
<arg>YE</arg>
<arg>YT</arg>
<arg>ZA</arg>
<arg>ZM</arg>
<arg>ZW</arg>
<doc>Returns a list containing given items.</doc>
<status status="PASS" start="2024-08-01T05:15:17.904488" elapsed="0.000617"/>
</kw>
<kw name="List Should Contain Value" owner="Collections">
<arg>${list_country}</arg>
<arg>${name_country}</arg>
<doc>Fails if the ``value`` is not found from ``list``.</doc>
<status status="PASS" start="2024-08-01T05:15:17.906078" elapsed="0.000213"/>
</kw>
<kw name="Run Keyword If" owner="BuiltIn">
<kw name="Should Be True" owner="BuiltIn">
<arg>${True}</arg>
<doc>Fails if the given condition is not true.</doc>
<status status="PASS" start="2024-08-01T05:15:17.907231" elapsed="0.000142"/>
</kw>
<arg>${json_data["results"][0]["location"]["coordinates"]["latitude"]} &gt;= -90 and ${json_data["results"][0]["location"]["coordinates"]["latitude"]} &lt;= 90</arg>
<arg>Should Be True</arg>
<arg>${True}</arg>
<doc>Runs the given keyword with the given arguments, if ``condition`` is true.</doc>
<status status="PASS" start="2024-08-01T05:15:17.906487" elapsed="0.001009"/>
</kw>
<kw name="Run Keyword If" owner="BuiltIn">
<kw name="Should Be True" owner="BuiltIn">
<arg>${True}</arg>
<doc>Fails if the given condition is not true.</doc>
<status status="PASS" start="2024-08-01T05:15:17.908388" elapsed="0.000156"/>
</kw>
<arg>${json_data["results"][0]["location"]["coordinates"]["longitude"]} &gt;= -180 and ${json_data["results"][0]["location"]["coordinates"]["longitude"]} &lt;= 180</arg>
<arg>Should Be True</arg>
<arg>${True}</arg>
<doc>Runs the given keyword with the given arguments, if ``condition`` is true.</doc>
<status status="PASS" start="2024-08-01T05:15:17.907676" elapsed="0.000992"/>
</kw>
<status status="PASS" start="2024-08-01T05:15:17.794285" elapsed="0.114510"/>
</kw>
<doc>Testa o conteúdo específico dos campos retornados pela API.</doc>
<tag>testeConteudo</tag>
<status status="PASS" start="2024-08-01T05:15:17.793810" elapsed="0.115144"/>
</test>
<status status="PASS" start="2024-08-01T05:15:16.655814" elapsed="1.255068"/>
</suite>
<status status="PASS" start="2024-08-01T05:15:16.641122" elapsed="1.274808"/>
</suite>
<statistics>
<total>
<stat pass="5" fail="0" skip="0">All Tests</stat>
</total>
<tag>
<stat pass="1" fail="0" skip="0">testeConteudo</stat>
<stat pass="1" fail="0" skip="0">testeEstruturaResposta</stat>
<stat pass="1" fail="0" skip="0">testeRequisicaoBasica</stat>
<stat pass="1" fail="0" skip="0">testeTiposDados</stat>
</tag>
<suite>
<stat pass="5" fail="0" skip="0" id="s1" name="Tests">Tests</stat>
<stat pass="5" fail="0" skip="0" id="s1-s1" name="Random-User-Test">Tests.Random-User-Test</stat>
</suite>
</statistics>
<errors>
</errors>
</robot>
