<?xml version="1.0" encoding="UTF-8"?>
<robot generator="Robot 7.0 (Python 3.12.2 on linux)" generated="2024-04-04T09:14:29.019313" rpa="false" schemaversion="5">
<suite id="s1" name="Tests" source="/home/runner/work/DesafioQAItauRogerioJordao/DesafioQAItauRogerioJordao/RamdonUser/tests">
<suite id="s1-s1" name="Random-User-Test" source="/home/runner/work/DesafioQAItauRogerioJordao/DesafioQAItauRogerioJordao/RamdonUser/tests/random-user-test.robot">
<test id="s1-s1-t1" name="Conectar" line="13">
<kw name="Conectar API" owner="random-user-service">
<kw name="Create Session" owner="RequestsLibrary">
<msg time="2024-04-04T09:14:29.393226" level="INFO">Creating Session using : alias=consultarAPI, url=https://randomuser.me/, headers={},                     cookies={}, auth=None, timeout=None, proxies=None, verify=False,                     debug=0 </msg>
<arg>consultarAPI</arg>
<arg>${URL}</arg>
<doc>Create Session: create a HTTP session to a server</doc>
<status status="PASS" start="2024-04-04T09:14:29.393015" elapsed="0.000400"/>
</kw>
<status status="PASS" start="2024-04-04T09:14:29.391931" elapsed="0.001892"/>
</kw>
<status status="PASS" start="2024-04-04T09:14:29.391299" elapsed="0.002744"/>
</test>
<test id="s1-s1-t2" name="Validar retorno 200 e JSON Válido" line="16">
<kw name="Teste de Requisicao Basica" owner="random-user-service">
<kw name="GET On Session" owner="RequestsLibrary">
<msg time="2024-04-04T09:14:29.546427" level="INFO">GET Request : url=https://randomuser.me/api 
 path_url=/api 
 headers={'User-Agent': 'python-requests/2.31.0', 'Accept-Encoding': 'gzip, deflate', 'Accept': '*/*', 'Connection': 'keep-alive'} 
 body=None 
 </msg>
<msg time="2024-04-04T09:14:29.546595" level="INFO">GET Response : url=https://randomuser.me/api 
 status=200, reason=OK 
 headers={'Date': 'Thu, 04 Apr 2024 09:14:29 GMT', 'Content-Type': 'application/json; charset=utf-8', 'Transfer-Encoding': 'chunked', 'Connection': 'keep-alive', 'X-Powered-By': 'Express', 'Access-Control-Allow-Origin': '*', 'Cache-Control': 'no-cache', 'ETag': 'W/"4a6-q09FEtLPKsi0GavbUk/fFJWx8RA"', 'Vary': 'Accept-Encoding', 'Content-Encoding': 'gzip', 'CF-Cache-Status': 'DYNAMIC', 'Report-To': '{"endpoints":[{"url":"https:\\/\\/a.nel.cloudflare.com\\/report\\/v4?s=n6AHwZGLhHMXAjkO416iVPHlu57vEnCA7RlE40OSwPIwC1i4EX5PwGYYJJlFCE4g6M5sAzPhPXbpyS90QXqZ0LlCH5zJi%2FbpEkW44g7veq3wlOxrRhMStNHm6RbMnFM%2F"}],"group":"cf-nel","max_age":604800}', 'NEL': '{"success_fraction":0,"report_to":"cf-nel","max_age":604800}', 'Server': 'cloudflare', 'CF-RAY': '86f0303e19a20fc4-LAX', 'alt-svc': 'h3=":443"; ma=86400'} 
 body={"results":[{"gender":"male","name":{"title":"Monsieur","first":"Werner","last":"Lemaire"},"location":{"street":{"number":6991,"name":"Place du 8 Février 1962"},"city":"Duillier","state":"Basel-Landschaft","country":"Switzerland","postcode":8070,"coordinates":{"latitude":"-59.4297","longitude":"-28.8261"},"timezone":{"offset":"-12:00","description":"Eniwetok, Kwajalein"}},"email":"werner.lemaire@example.com","login":{"uuid":"f80b4320-3c98-4444-bf86-0a33c7ecbcad","username":"orangegorilla110","password":"xyz123","salt":"lWJIqqr0","md5":"2c4d3f869d3f0f623f0e257eecef7971","sha1":"ad4a06b83bf181de5f081e35b74fe5ccfc67db98","sha256":"a5db13eb1d3f5c8ca63185188d3e2ce11a51d5b0d284c7dff98d676e6f469994"},"dob":{"date":"1983-08-26T23:49:06.596Z","age":40},"registered":{"date":"2006-12-13T17:52:13.345Z","age":17},"phone":"077 977 86 86","cell":"079 499 34 59","id":{"name":"AVS","value":"756.0277.1204.95"},"picture":{"large":"https://randomuser.me/api/portraits/men/19.jpg","medium":"https://randomuser.me/api/portraits/med/men/19.jpg","thumbnail":"https://randomuser.me/api/portraits/thumb/men/19.jpg"},"nat":"CH"}],"info":{"seed":"c1b6b78ed69ff3db","results":1,"page":1,"version":"1.4"}} 
 </msg>
<msg time="2024-04-04T09:14:29.546715" level="INFO">/opt/hostedtoolcache/Python/3.12.2/x64/lib/python3.12/site-packages/urllib3/connectionpool.py:1103: InsecureRequestWarning: Unverified HTTPS request is being made to host 'randomuser.me'. Adding certificate verification is strongly advised. See: https://urllib3.readthedocs.io/en/latest/advanced-usage.html#tls-warnings
  warnings.warn(</msg>
<msg time="2024-04-04T09:14:29.546873" level="INFO">${response} = &lt;Response [200]&gt;</msg>
<var>${response}</var>
<arg>consultarAPI</arg>
<arg>/api</arg>
<doc>Sends a GET request on a previously created HTTP Session.</doc>
<status status="PASS" start="2024-04-04T09:14:29.396730" elapsed="0.150185"/>
</kw>
<kw name="Should Be Equal As Numbers" owner="BuiltIn">
<msg time="2024-04-04T09:14:29.547925" level="INFO">Argument types are:
&lt;class 'int'&gt;
&lt;class 'str'&gt;</msg>
<arg>${response.status_code}</arg>
<arg>200</arg>
<doc>Fails if objects are unequal after converting them to real numbers.</doc>
<status status="PASS" start="2024-04-04T09:14:29.547447" elapsed="0.000543"/>
</kw>
<kw name="Log" owner="BuiltIn">
<msg time="2024-04-04T09:14:29.548670" level="INFO">200</msg>
<arg>${response.status_code}</arg>
<doc>Logs the given message with the given level.</doc>
<status status="PASS" start="2024-04-04T09:14:29.548308" elapsed="0.000406"/>
</kw>
<kw name="Set Variable" owner="BuiltIn">
<msg time="2024-04-04T09:14:29.549492" level="INFO">${json_data} = {'results': [{'gender': 'male', 'name': {'title': 'Monsieur', 'first': 'Werner', 'last': 'Lemaire'}, 'location': {'street': {'number': 6991, 'name': 'Place du 8 Février 1962'}, 'city': 'Duillier', 'st...</msg>
<var>${json_data}</var>
<arg>${response.json()}</arg>
<doc>Returns the given values which can then be assigned to a variables.</doc>
<status status="PASS" start="2024-04-04T09:14:29.549047" elapsed="0.000473"/>
</kw>
<kw name="Dictionary Should Contain Key" owner="Collections">
<msg time="2024-04-04T09:14:29.550018" level="INFO">False</msg>
<arg>${json_data}</arg>
<arg>results</arg>
<doc>Fails if ``key`` is not found from ``dictionary``.</doc>
<status status="PASS" start="2024-04-04T09:14:29.549849" elapsed="0.000209"/>
</kw>
<status status="PASS" start="2024-04-04T09:14:29.396469" elapsed="0.153862"/>
</kw>
<doc>Testa se a API responde corretamente e retorna um objeto JSON válido.</doc>
<tag>testeRequisicaoBasica</tag>
<status status="PASS" start="2024-04-04T09:14:29.395909" elapsed="0.154609"/>
</test>
<test id="s1-s1-t3" name="Validar estrutura de resposta" line="22">
<kw name="Teste de Estrutura de Resposta" owner="random-user-service">
<kw name="GET On Session" owner="RequestsLibrary">
<msg time="2024-04-04T09:14:29.650834" level="INFO">GET Request : url=https://randomuser.me/api 
 path_url=/api 
 headers={'User-Agent': 'python-requests/2.31.0', 'Accept-Encoding': 'gzip, deflate', 'Accept': '*/*', 'Connection': 'keep-alive'} 
 body=None 
 </msg>
<msg time="2024-04-04T09:14:29.650934" level="INFO">GET Response : url=https://randomuser.me/api 
 status=200, reason=OK 
 headers={'Date': 'Thu, 04 Apr 2024 09:14:29 GMT', 'Content-Type': 'application/json; charset=utf-8', 'Transfer-Encoding': 'chunked', 'Connection': 'keep-alive', 'X-Powered-By': 'Express', 'Access-Control-Allow-Origin': '*', 'Cache-Control': 'no-cache', 'ETag': 'W/"482-iUax6yQoelYzS3Qfr/8n2jMzNiM"', 'Vary': 'Accept-Encoding', 'Content-Encoding': 'gzip', 'CF-Cache-Status': 'DYNAMIC', 'Report-To': '{"endpoints":[{"url":"https:\\/\\/a.nel.cloudflare.com\\/report\\/v4?s=9h7AFnl9fESPT2Rw37s71GR%2B5p8YywYT7tdpYPAmwAyhVvpbrodDsk1w23A%2F5jo4DlGkfVsppVK%2BEPhcoQNDTVFYohPhzazgV8PmfUuBDsuRsuvJ3fyeSc44z6VLgp3F"}],"group":"cf-nel","max_age":604800}', 'NEL': '{"success_fraction":0,"report_to":"cf-nel","max_age":604800}', 'Server': 'cloudflare', 'CF-RAY': '86f0303eba1e0fc4-LAX', 'alt-svc': 'h3=":443"; ma=86400'} 
 body={"results":[{"gender":"male","name":{"title":"Mr","first":"Oğuzhan","last":"Körmükçü"},"location":{"street":{"number":9122,"name":"Necatibey Cd"},"city":"Şırnak","state":"Antalya","country":"Turkey","postcode":15646,"coordinates":{"latitude":"71.0352","longitude":"-168.3724"},"timezone":{"offset":"-1:00","description":"Azores, Cape Verde Islands"}},"email":"oguzhan.kormukcu@example.com","login":{"uuid":"c96e8e11-f175-4b9d-af65-b96aecf647b5","username":"greenfrog727","password":"vixen","salt":"7fDvUKYP","md5":"eb360e5a744cf1520c75ff769d5d10ec","sha1":"e8ae44e5fabd37d05b3b0953b0b2b1e5ab0946ba","sha256":"dc0ef5637847508f98c6baa1ff5517e68f9e9542276f8d582886b36bdb2819f1"},"dob":{"date":"1979-10-14T06:11:50.330Z","age":44},"registered":{"date":"2010-01-05T05:42:03.548Z","age":14},"phone":"(879)-324-7300","cell":"(823)-251-3877","id":{"name":"","value":null},"picture":{"large":"https://randomuser.me/api/portraits/men/66.jpg","medium":"https://randomuser.me/api/portraits/med/men/66.jpg","thumbnail":"https://randomuser.me/api/portraits/thumb/men/66.jpg"},"nat":"TR"}],"info":{"seed":"3eff7dc670076cdb","results":1,"page":1,"version":"1.4"}} 
 </msg>
<msg time="2024-04-04T09:14:29.651076" level="INFO">/opt/hostedtoolcache/Python/3.12.2/x64/lib/python3.12/site-packages/urllib3/connectionpool.py:1103: InsecureRequestWarning: Unverified HTTPS request is being made to host 'randomuser.me'. Adding certificate verification is strongly advised. See: https://urllib3.readthedocs.io/en/latest/advanced-usage.html#tls-warnings
  warnings.warn(</msg>
<msg time="2024-04-04T09:14:29.651224" level="INFO">${response} = &lt;Response [200]&gt;</msg>
<var>${response}</var>
<arg>consultarAPI</arg>
<arg>/api</arg>
<doc>Sends a GET request on a previously created HTTP Session.</doc>
<status status="PASS" start="2024-04-04T09:14:29.553243" elapsed="0.098021"/>
</kw>
<kw name="Set Variable" owner="BuiltIn">
<msg time="2024-04-04T09:14:29.652283" level="INFO">${json_data} = {'results': [{'gender': 'male', 'name': {'title': 'Mr', 'first': 'Oğuzhan', 'last': 'Körmükçü'}, 'location': {'street': {'number': 9122, 'name': 'Necatibey Cd'}, 'city': 'Şırnak', 'state': 'Antalya', ...</msg>
<var>${json_data}</var>
<arg>${response.json()}</arg>
<doc>Returns the given values which can then be assigned to a variables.</doc>
<status status="PASS" start="2024-04-04T09:14:29.651749" elapsed="0.000565"/>
</kw>
<kw name="Log" owner="BuiltIn">
<msg time="2024-04-04T09:14:29.652797" level="INFO">{'results': [{'gender': 'male', 'name': {'title': 'Mr', 'first': 'Oğuzhan', 'last': 'Körmükçü'}, 'location': {'street': {'number': 9122, 'name': 'Necatibey Cd'}, 'city': 'Şırnak', 'state': 'Antalya', 'country': 'Turkey', 'postcode': 15646, 'coordinates': {'latitude': '71.0352', 'longitude': '-168.3724'}, 'timezone': {'offset': '-1:00', 'description': 'Azores, Cape Verde Islands'}}, 'email': 'oguzhan.kormukcu@example.com', 'login': {'uuid': 'c96e8e11-f175-4b9d-af65-b96aecf647b5', 'username': 'greenfrog727', 'password': 'vixen', 'salt': '7fDvUKYP', 'md5': 'eb360e5a744cf1520c75ff769d5d10ec', 'sha1': 'e8ae44e5fabd37d05b3b0953b0b2b1e5ab0946ba', 'sha256': 'dc0ef5637847508f98c6baa1ff5517e68f9e9542276f8d582886b36bdb2819f1'}, 'dob': {'date': '1979-10-14T06:11:50.330Z', 'age': 44}, 'registered': {'date': '2010-01-05T05:42:03.548Z', 'age': 14}, 'phone': '(879)-324-7300', 'cell': '(823)-251-3877', 'id': {'name': '', 'value': None}, 'picture': {'large': 'https://randomuser.me/api/portraits/men/66.jpg', 'medium': 'https://randomuser.me/api/portraits/med/men/66.jpg', 'thumbnail': 'https://randomuser.me/api/portraits/thumb/men/66.jpg'}, 'nat': 'TR'}], 'info': {'seed': '3eff7dc670076cdb', 'results': 1, 'page': 1, 'version': '1.4'}}</msg>
<arg>${json_data}</arg>
<doc>Logs the given message with the given level.</doc>
<status status="PASS" start="2024-04-04T09:14:29.652629" elapsed="0.000221"/>
</kw>
<kw name="Dictionary Should Contain Key" owner="Collections">
<msg time="2024-04-04T09:14:29.653311" level="INFO">False</msg>
<arg>${json_data}</arg>
<arg>results</arg>
<doc>Fails if ``key`` is not found from ``dictionary``.</doc>
<status status="PASS" start="2024-04-04T09:14:29.653153" elapsed="0.000196"/>
</kw>
<kw name="Should Not Be Empty" owner="BuiltIn">
<msg time="2024-04-04T09:14:29.653821" level="INFO">Length is 2.</msg>
<arg>${json_data}</arg>
<doc>Verifies that the given item is not empty.</doc>
<status status="PASS" start="2024-04-04T09:14:29.653647" elapsed="0.000212"/>
</kw>
<kw name="Create List" owner="BuiltIn">
<msg time="2024-04-04T09:14:29.654303" level="INFO">${expected_keys} = ['gender', 'name', 'location', 'email', 'login']</msg>
<var>${expected_keys}</var>
<arg>gender</arg>
<arg>name</arg>
<arg>location</arg>
<arg>email</arg>
<arg>login</arg>
<doc>Returns a list containing given items.</doc>
<status status="PASS" start="2024-04-04T09:14:29.654152" elapsed="0.000175"/>
</kw>
<for flavor="IN">
<iter>
<kw name="Dictionary Should Contain Key" owner="Collections">
<msg time="2024-04-04T09:14:29.655317" level="INFO">False</msg>
<arg>${json_data['results'][0]}</arg>
<arg>${key}</arg>
<doc>Fails if ``key`` is not found from ``dictionary``.</doc>
<status status="PASS" start="2024-04-04T09:14:29.654908" elapsed="0.000449"/>
</kw>
<kw name="Log" owner="BuiltIn">
<msg time="2024-04-04T09:14:29.656026" level="INFO">{'gender': 'male', 'name': {'title': 'Mr', 'first': 'Oğuzhan', 'last': 'Körmükçü'}, 'location': {'street': {'number': 9122, 'name': 'Necatibey Cd'}, 'city': 'Şırnak', 'state': 'Antalya', 'country': 'Turkey', 'postcode': 15646, 'coordinates': {'latitude': '71.0352', 'longitude': '-168.3724'}, 'timezone': {'offset': '-1:00', 'description': 'Azores, Cape Verde Islands'}}, 'email': 'oguzhan.kormukcu@example.com', 'login': {'uuid': 'c96e8e11-f175-4b9d-af65-b96aecf647b5', 'username': 'greenfrog727', 'password': 'vixen', 'salt': '7fDvUKYP', 'md5': 'eb360e5a744cf1520c75ff769d5d10ec', 'sha1': 'e8ae44e5fabd37d05b3b0953b0b2b1e5ab0946ba', 'sha256': 'dc0ef5637847508f98c6baa1ff5517e68f9e9542276f8d582886b36bdb2819f1'}, 'dob': {'date': '1979-10-14T06:11:50.330Z', 'age': 44}, 'registered': {'date': '2010-01-05T05:42:03.548Z', 'age': 14}, 'phone': '(879)-324-7300', 'cell': '(823)-251-3877', 'id': {'name': '', 'value': None}, 'picture': {'large': 'https://randomuser.me/api/portraits/men/66.jpg', 'medium': 'https://randomuser.me/api/portraits/med/men/66.jpg', 'thumbnail': 'https://randomuser.me/api/portraits/thumb/men/66.jpg'}, 'nat': 'TR'}</msg>
<arg>${json_data['results'][0]}</arg>
<doc>Logs the given message with the given level.</doc>
<status status="PASS" start="2024-04-04T09:14:29.655661" elapsed="0.000422"/>
</kw>
<kw name="Log" owner="BuiltIn">
<msg time="2024-04-04T09:14:29.656534" level="INFO">gender</msg>
<arg>${key}</arg>
<doc>Logs the given message with the given level.</doc>
<status status="PASS" start="2024-04-04T09:14:29.656400" elapsed="0.000172"/>
</kw>
<var name="${key}">gender</var>
<status status="PASS" start="2024-04-04T09:14:29.654777" elapsed="0.002016"/>
</iter>
<iter>
<kw name="Dictionary Should Contain Key" owner="Collections">
<msg time="2024-04-04T09:14:29.657488" level="INFO">False</msg>
<arg>${json_data['results'][0]}</arg>
<arg>${key}</arg>
<doc>Fails if ``key`` is not found from ``dictionary``.</doc>
<status status="PASS" start="2024-04-04T09:14:29.657104" elapsed="0.000422"/>
</kw>
<kw name="Log" owner="BuiltIn">
<msg time="2024-04-04T09:14:29.658257" level="INFO">{'gender': 'male', 'name': {'title': 'Mr', 'first': 'Oğuzhan', 'last': 'Körmükçü'}, 'location': {'street': {'number': 9122, 'name': 'Necatibey Cd'}, 'city': 'Şırnak', 'state': 'Antalya', 'country': 'Turkey', 'postcode': 15646, 'coordinates': {'latitude': '71.0352', 'longitude': '-168.3724'}, 'timezone': {'offset': '-1:00', 'description': 'Azores, Cape Verde Islands'}}, 'email': 'oguzhan.kormukcu@example.com', 'login': {'uuid': 'c96e8e11-f175-4b9d-af65-b96aecf647b5', 'username': 'greenfrog727', 'password': 'vixen', 'salt': '7fDvUKYP', 'md5': 'eb360e5a744cf1520c75ff769d5d10ec', 'sha1': 'e8ae44e5fabd37d05b3b0953b0b2b1e5ab0946ba', 'sha256': 'dc0ef5637847508f98c6baa1ff5517e68f9e9542276f8d582886b36bdb2819f1'}, 'dob': {'date': '1979-10-14T06:11:50.330Z', 'age': 44}, 'registered': {'date': '2010-01-05T05:42:03.548Z', 'age': 14}, 'phone': '(879)-324-7300', 'cell': '(823)-251-3877', 'id': {'name': '', 'value': None}, 'picture': {'large': 'https://randomuser.me/api/portraits/men/66.jpg', 'medium': 'https://randomuser.me/api/portraits/med/men/66.jpg', 'thumbnail': 'https://randomuser.me/api/portraits/thumb/men/66.jpg'}, 'nat': 'TR'}</msg>
<arg>${json_data['results'][0]}</arg>
<doc>Logs the given message with the given level.</doc>
<status status="PASS" start="2024-04-04T09:14:29.657885" elapsed="0.000424"/>
</kw>
<kw name="Log" owner="BuiltIn">
<msg time="2024-04-04T09:14:29.658738" level="INFO">name</msg>
<arg>${key}</arg>
<doc>Logs the given message with the given level.</doc>
<status status="PASS" start="2024-04-04T09:14:29.658609" elapsed="0.000167"/>
</kw>
<var name="${key}">name</var>
<status status="PASS" start="2024-04-04T09:14:29.656982" elapsed="0.002020"/>
</iter>
<iter>
<kw name="Dictionary Should Contain Key" owner="Collections">
<msg time="2024-04-04T09:14:29.659669" level="INFO">False</msg>
<arg>${json_data['results'][0]}</arg>
<arg>${key}</arg>
<doc>Fails if ``key`` is not found from ``dictionary``.</doc>
<status status="PASS" start="2024-04-04T09:14:29.659295" elapsed="0.000411"/>
</kw>
<kw name="Log" owner="BuiltIn">
<msg time="2024-04-04T09:14:29.660367" level="INFO">{'gender': 'male', 'name': {'title': 'Mr', 'first': 'Oğuzhan', 'last': 'Körmükçü'}, 'location': {'street': {'number': 9122, 'name': 'Necatibey Cd'}, 'city': 'Şırnak', 'state': 'Antalya', 'country': 'Turkey', 'postcode': 15646, 'coordinates': {'latitude': '71.0352', 'longitude': '-168.3724'}, 'timezone': {'offset': '-1:00', 'description': 'Azores, Cape Verde Islands'}}, 'email': 'oguzhan.kormukcu@example.com', 'login': {'uuid': 'c96e8e11-f175-4b9d-af65-b96aecf647b5', 'username': 'greenfrog727', 'password': 'vixen', 'salt': '7fDvUKYP', 'md5': 'eb360e5a744cf1520c75ff769d5d10ec', 'sha1': 'e8ae44e5fabd37d05b3b0953b0b2b1e5ab0946ba', 'sha256': 'dc0ef5637847508f98c6baa1ff5517e68f9e9542276f8d582886b36bdb2819f1'}, 'dob': {'date': '1979-10-14T06:11:50.330Z', 'age': 44}, 'registered': {'date': '2010-01-05T05:42:03.548Z', 'age': 14}, 'phone': '(879)-324-7300', 'cell': '(823)-251-3877', 'id': {'name': '', 'value': None}, 'picture': {'large': 'https://randomuser.me/api/portraits/men/66.jpg', 'medium': 'https://randomuser.me/api/portraits/med/men/66.jpg', 'thumbnail': 'https://randomuser.me/api/portraits/thumb/men/66.jpg'}, 'nat': 'TR'}</msg>
<arg>${json_data['results'][0]}</arg>
<doc>Logs the given message with the given level.</doc>
<status status="PASS" start="2024-04-04T09:14:29.660002" elapsed="0.000423"/>
</kw>
<kw name="Log" owner="BuiltIn">
<msg time="2024-04-04T09:14:29.660853" level="INFO">location</msg>
<arg>${key}</arg>
<doc>Logs the given message with the given level.</doc>
<status status="PASS" start="2024-04-04T09:14:29.660724" elapsed="0.000167"/>
</kw>
<var name="${key}">location</var>
<status status="PASS" start="2024-04-04T09:14:29.659182" elapsed="0.001922"/>
</iter>
<iter>
<kw name="Dictionary Should Contain Key" owner="Collections">
<msg time="2024-04-04T09:14:29.661794" level="INFO">False</msg>
<arg>${json_data['results'][0]}</arg>
<arg>${key}</arg>
<doc>Fails if ``key`` is not found from ``dictionary``.</doc>
<status status="PASS" start="2024-04-04T09:14:29.661385" elapsed="0.000447"/>
</kw>
<kw name="Log" owner="BuiltIn">
<msg time="2024-04-04T09:14:29.662499" level="INFO">{'gender': 'male', 'name': {'title': 'Mr', 'first': 'Oğuzhan', 'last': 'Körmükçü'}, 'location': {'street': {'number': 9122, 'name': 'Necatibey Cd'}, 'city': 'Şırnak', 'state': 'Antalya', 'country': 'Turkey', 'postcode': 15646, 'coordinates': {'latitude': '71.0352', 'longitude': '-168.3724'}, 'timezone': {'offset': '-1:00', 'description': 'Azores, Cape Verde Islands'}}, 'email': 'oguzhan.kormukcu@example.com', 'login': {'uuid': 'c96e8e11-f175-4b9d-af65-b96aecf647b5', 'username': 'greenfrog727', 'password': 'vixen', 'salt': '7fDvUKYP', 'md5': 'eb360e5a744cf1520c75ff769d5d10ec', 'sha1': 'e8ae44e5fabd37d05b3b0953b0b2b1e5ab0946ba', 'sha256': 'dc0ef5637847508f98c6baa1ff5517e68f9e9542276f8d582886b36bdb2819f1'}, 'dob': {'date': '1979-10-14T06:11:50.330Z', 'age': 44}, 'registered': {'date': '2010-01-05T05:42:03.548Z', 'age': 14}, 'phone': '(879)-324-7300', 'cell': '(823)-251-3877', 'id': {'name': '', 'value': None}, 'picture': {'large': 'https://randomuser.me/api/portraits/men/66.jpg', 'medium': 'https://randomuser.me/api/portraits/med/men/66.jpg', 'thumbnail': 'https://randomuser.me/api/portraits/thumb/men/66.jpg'}, 'nat': 'TR'}</msg>
<arg>${json_data['results'][0]}</arg>
<doc>Logs the given message with the given level.</doc>
<status status="PASS" start="2024-04-04T09:14:29.662134" elapsed="0.000415"/>
</kw>
<kw name="Log" owner="BuiltIn">
<msg time="2024-04-04T09:14:29.662969" level="INFO">email</msg>
<arg>${key}</arg>
<doc>Logs the given message with the given level.</doc>
<status status="PASS" start="2024-04-04T09:14:29.662843" elapsed="0.000164"/>
</kw>
<var name="${key}">email</var>
<status status="PASS" start="2024-04-04T09:14:29.661274" elapsed="0.001944"/>
</iter>
<iter>
<kw name="Dictionary Should Contain Key" owner="Collections">
<msg time="2024-04-04T09:14:29.663896" level="INFO">False</msg>
<arg>${json_data['results'][0]}</arg>
<arg>${key}</arg>
<doc>Fails if ``key`` is not found from ``dictionary``.</doc>
<status status="PASS" start="2024-04-04T09:14:29.663514" elapsed="0.000419"/>
</kw>
<kw name="Log" owner="BuiltIn">
<msg time="2024-04-04T09:14:29.664585" level="INFO">{'gender': 'male', 'name': {'title': 'Mr', 'first': 'Oğuzhan', 'last': 'Körmükçü'}, 'location': {'street': {'number': 9122, 'name': 'Necatibey Cd'}, 'city': 'Şırnak', 'state': 'Antalya', 'country': 'Turkey', 'postcode': 15646, 'coordinates': {'latitude': '71.0352', 'longitude': '-168.3724'}, 'timezone': {'offset': '-1:00', 'description': 'Azores, Cape Verde Islands'}}, 'email': 'oguzhan.kormukcu@example.com', 'login': {'uuid': 'c96e8e11-f175-4b9d-af65-b96aecf647b5', 'username': 'greenfrog727', 'password': 'vixen', 'salt': '7fDvUKYP', 'md5': 'eb360e5a744cf1520c75ff769d5d10ec', 'sha1': 'e8ae44e5fabd37d05b3b0953b0b2b1e5ab0946ba', 'sha256': 'dc0ef5637847508f98c6baa1ff5517e68f9e9542276f8d582886b36bdb2819f1'}, 'dob': {'date': '1979-10-14T06:11:50.330Z', 'age': 44}, 'registered': {'date': '2010-01-05T05:42:03.548Z', 'age': 14}, 'phone': '(879)-324-7300', 'cell': '(823)-251-3877', 'id': {'name': '', 'value': None}, 'picture': {'large': 'https://randomuser.me/api/portraits/men/66.jpg', 'medium': 'https://randomuser.me/api/portraits/med/men/66.jpg', 'thumbnail': 'https://randomuser.me/api/portraits/thumb/men/66.jpg'}, 'nat': 'TR'}</msg>
<arg>${json_data['results'][0]}</arg>
<doc>Logs the given message with the given level.</doc>
<status status="PASS" start="2024-04-04T09:14:29.664226" elapsed="0.000409"/>
</kw>
<kw name="Log" owner="BuiltIn">
<msg time="2024-04-04T09:14:29.665053" level="INFO">login</msg>
<arg>${key}</arg>
<doc>Logs the given message with the given level.</doc>
<status status="PASS" start="2024-04-04T09:14:29.664927" elapsed="0.000271"/>
</kw>
<var name="${key}">login</var>
<status status="PASS" start="2024-04-04T09:14:29.663389" elapsed="0.002039"/>
</iter>
<var>${key}</var>
<value>@{expected_keys}</value>
<status status="PASS" start="2024-04-04T09:14:29.654586" elapsed="0.010992"/>
</for>
<kw name="Create List" owner="BuiltIn">
<msg time="2024-04-04T09:14:29.665964" level="INFO">${expected_keysTwo} = ['username', 'password']</msg>
<var>${expected_keysTwo}</var>
<arg>username</arg>
<arg>password</arg>
<doc>Returns a list containing given items.</doc>
<status status="PASS" start="2024-04-04T09:14:29.665823" elapsed="0.000166"/>
</kw>
<for flavor="IN">
<iter>
<kw name="Dictionary Should Contain Key" owner="Collections">
<msg time="2024-04-04T09:14:29.666868" level="INFO">False</msg>
<arg>${json_data['results'][0]['login']}</arg>
<arg>${keyTwo}</arg>
<doc>Fails if ``key`` is not found from ``dictionary``.</doc>
<status status="PASS" start="2024-04-04T09:14:29.666490" elapsed="0.000416"/>
</kw>
<kw name="Dictionary Should Contain Key" owner="Collections">
<msg time="2024-04-04T09:14:29.667584" level="INFO">False</msg>
<arg>${json_data['results'][0]['login']}</arg>
<arg>${keyTwo}</arg>
<doc>Fails if ``key`` is not found from ``dictionary``.</doc>
<status status="PASS" start="2024-04-04T09:14:29.667209" elapsed="0.000412"/>
</kw>
<kw name="Log" owner="BuiltIn">
<msg time="2024-04-04T09:14:29.668041" level="INFO">username</msg>
<arg>${keyTwo}</arg>
<doc>Logs the given message with the given level.</doc>
<status status="PASS" start="2024-04-04T09:14:29.667913" elapsed="0.000167"/>
</kw>
<var name="${keyTwo}">username</var>
<status status="PASS" start="2024-04-04T09:14:29.666380" elapsed="0.001914"/>
</iter>
<iter>
<kw name="Dictionary Should Contain Key" owner="Collections">
<msg time="2024-04-04T09:14:29.668952" level="INFO">False</msg>
<arg>${json_data['results'][0]['login']}</arg>
<arg>${keyTwo}</arg>
<doc>Fails if ``key`` is not found from ``dictionary``.</doc>
<status status="PASS" start="2024-04-04T09:14:29.668577" elapsed="0.000412"/>
</kw>
<kw name="Dictionary Should Contain Key" owner="Collections">
<msg time="2024-04-04T09:14:29.669660" level="INFO">False</msg>
<arg>${json_data['results'][0]['login']}</arg>
<arg>${keyTwo}</arg>
<doc>Fails if ``key`` is not found from ``dictionary``.</doc>
<status status="PASS" start="2024-04-04T09:14:29.669279" elapsed="0.000445"/>
</kw>
<kw name="Log" owner="BuiltIn">
<msg time="2024-04-04T09:14:29.670169" level="INFO">password</msg>
<arg>${keyTwo}</arg>
<doc>Logs the given message with the given level.</doc>
<status status="PASS" start="2024-04-04T09:14:29.670029" elapsed="0.000177"/>
</kw>
<var name="${keyTwo}">password</var>
<status status="PASS" start="2024-04-04T09:14:29.668466" elapsed="0.001956"/>
</iter>
<var>${keyTwo}</var>
<value>@{expected_keysTwo}</value>
<status status="PASS" start="2024-04-04T09:14:29.666228" elapsed="0.004317"/>
</for>
<status status="PASS" start="2024-04-04T09:14:29.553004" elapsed="0.117682"/>
</kw>
<doc>Testa a estrutura da resposta da API.</doc>
<tag>testeEstruturaResposta</tag>
<status status="PASS" start="2024-04-04T09:14:29.552350" elapsed="0.118504"/>
</test>
<test id="s1-s1-t4" name="Validar tipos de dados" line="28">
<kw name="Teste de Tipos de Dados" owner="random-user-service">
<kw name="GET On Session" owner="RequestsLibrary">
<msg time="2024-04-04T09:14:29.788686" level="INFO">GET Request : url=https://randomuser.me/api 
 path_url=/api 
 headers={'User-Agent': 'python-requests/2.31.0', 'Accept-Encoding': 'gzip, deflate', 'Accept': '*/*', 'Connection': 'keep-alive'} 
 body=None 
 </msg>
<msg time="2024-04-04T09:14:29.788795" level="INFO">GET Response : url=https://randomuser.me/api 
 status=200, reason=OK 
 headers={'Date': 'Thu, 04 Apr 2024 09:14:29 GMT', 'Content-Type': 'application/json; charset=utf-8', 'Transfer-Encoding': 'chunked', 'Connection': 'keep-alive', 'X-Powered-By': 'Express', 'Access-Control-Allow-Origin': '*', 'Cache-Control': 'no-cache', 'ETag': 'W/"480-Gq6i89nq+/Alc/uEUlbswmjo1es"', 'Vary': 'Accept-Encoding', 'Content-Encoding': 'gzip', 'CF-Cache-Status': 'DYNAMIC', 'Report-To': '{"endpoints":[{"url":"https:\\/\\/a.nel.cloudflare.com\\/report\\/v4?s=lyuurazfUwScCpuqlp8I5k59AQXNj11EZAUhM1S4k1IldJF31pYJQPxe%2FNNYIN7EwTB4cO9dBa7ry5C%2Bg76ddlPsP9%2BANgpvoDVq48oevCH0Xb9%2FXVdKSUvvys0hFin0"}],"group":"cf-nel","max_age":604800}', 'NEL': '{"success_fraction":0,"report_to":"cf-nel","max_age":604800}', 'Server': 'cloudflare', 'CF-RAY': '86f0303f7add0fc4-LAX', 'alt-svc': 'h3=":443"; ma=86400'} 
 body={"results":[{"gender":"male","name":{"title":"Mr","first":"Lance","last":"Gonzalez"},"location":{"street":{"number":2728,"name":"W Sherman Dr"},"city":"Cincinnati","state":"New York","country":"United States","postcode":90752,"coordinates":{"latitude":"81.5766","longitude":"-93.8138"},"timezone":{"offset":"-2:00","description":"Mid-Atlantic"}},"email":"lance.gonzalez@example.com","login":{"uuid":"9564e2ae-adff-495e-a8b9-897009907041","username":"silvermeercat598","password":"lisa","salt":"QY89Lv54","md5":"b9cf42553a9ebf6d766235987be02658","sha1":"f440c9f2be22357659dda660f2314faf152c77a3","sha256":"0ef10de2a6e73188616a343d4c31e2a699434c39b080f8437d6b5817ce74defe"},"dob":{"date":"1979-01-28T02:51:20.096Z","age":45},"registered":{"date":"2011-06-21T14:15:08.946Z","age":12},"phone":"(265) 240-2065","cell":"(575) 872-9717","id":{"name":"SSN","value":"856-85-1977"},"picture":{"large":"https://randomuser.me/api/portraits/men/2.jpg","medium":"https://randomuser.me/api/portraits/med/men/2.jpg","thumbnail":"https://randomuser.me/api/portraits/thumb/men/2.jpg"},"nat":"US"}],"info":{"seed":"a7fe780336340c9d","results":1,"page":1,"version":"1.4"}} 
 </msg>
<msg time="2024-04-04T09:14:29.788871" level="INFO">/opt/hostedtoolcache/Python/3.12.2/x64/lib/python3.12/site-packages/urllib3/connectionpool.py:1103: InsecureRequestWarning: Unverified HTTPS request is being made to host 'randomuser.me'. Adding certificate verification is strongly advised. See: https://urllib3.readthedocs.io/en/latest/advanced-usage.html#tls-warnings
  warnings.warn(</msg>
<msg time="2024-04-04T09:14:29.789027" level="INFO">${response} = &lt;Response [200]&gt;</msg>
<var>${response}</var>
<arg>consultarAPI</arg>
<arg>/api</arg>
<doc>Sends a GET request on a previously created HTTP Session.</doc>
<status status="PASS" start="2024-04-04T09:14:29.673373" elapsed="0.115707"/>
</kw>
<kw name="Set Variable" owner="BuiltIn">
<msg time="2024-04-04T09:14:29.790147" level="INFO">${json_data} = {'results': [{'gender': 'male', 'name': {'title': 'Mr', 'first': 'Lance', 'last': 'Gonzalez'}, 'location': {'street': {'number': 2728, 'name': 'W Sherman Dr'}, 'city': 'Cincinnati', 'state': 'New York...</msg>
<var>${json_data}</var>
<arg>${response.json()}</arg>
<doc>Returns the given values which can then be assigned to a variables.</doc>
<status status="PASS" start="2024-04-04T09:14:29.789599" elapsed="0.000576"/>
</kw>
<kw name="Log" owner="BuiltIn">
<msg time="2024-04-04T09:14:29.790692" level="INFO">{'results': [{'gender': 'male', 'name': {'title': 'Mr', 'first': 'Lance', 'last': 'Gonzalez'}, 'location': {'street': {'number': 2728, 'name': 'W Sherman Dr'}, 'city': 'Cincinnati', 'state': 'New York', 'country': 'United States', 'postcode': 90752, 'coordinates': {'latitude': '81.5766', 'longitude': '-93.8138'}, 'timezone': {'offset': '-2:00', 'description': 'Mid-Atlantic'}}, 'email': 'lance.gonzalez@example.com', 'login': {'uuid': '9564e2ae-adff-495e-a8b9-897009907041', 'username': 'silvermeercat598', 'password': 'lisa', 'salt': 'QY89Lv54', 'md5': 'b9cf42553a9ebf6d766235987be02658', 'sha1': 'f440c9f2be22357659dda660f2314faf152c77a3', 'sha256': '0ef10de2a6e73188616a343d4c31e2a699434c39b080f8437d6b5817ce74defe'}, 'dob': {'date': '1979-01-28T02:51:20.096Z', 'age': 45}, 'registered': {'date': '2011-06-21T14:15:08.946Z', 'age': 12}, 'phone': '(265) 240-2065', 'cell': '(575) 872-9717', 'id': {'name': 'SSN', 'value': '856-85-1977'}, 'picture': {'large': 'https://randomuser.me/api/portraits/men/2.jpg', 'medium': 'https://randomuser.me/api/portraits/med/men/2.jpg', 'thumbnail': 'https://randomuser.me/api/portraits/thumb/men/2.jpg'}, 'nat': 'US'}], 'info': {'seed': 'a7fe780336340c9d', 'results': 1, 'page': 1, 'version': '1.4'}}</msg>
<arg>${json_data}</arg>
<doc>Logs the given message with the given level.</doc>
<status status="PASS" start="2024-04-04T09:14:29.790527" elapsed="0.000251"/>
</kw>
<kw name="Should Be String" owner="String">
<arg>${json_data['results'][0]['gender']}</arg>
<doc>Fails if the given ``item`` is not a string.</doc>
<status status="PASS" start="2024-04-04T09:14:29.791089" elapsed="0.000398"/>
</kw>
<kw name="Should Match Regexp" owner="BuiltIn">
<arg>${json_data['results'][0]['email']}</arg>
<arg>^[a-zA-Z0-9._%+-]+@[a-zA-Z0-9.-]+\.[a-zA-Z]{2,}$</arg>
<doc>Fails if ``string`` does not match ``pattern`` as a regular expression.</doc>
<status status="PASS" start="2024-04-04T09:14:29.791690" elapsed="0.000526"/>
</kw>
<kw name="Should Match Regexp" owner="BuiltIn">
<arg>${json_data['results'][0]['dob']['date']}</arg>
<arg>\\d{4}-\\d{2}-\\d{2}T\\d{2}:\\d{2}:\\d{2}\\.\\d{3}Z</arg>
<doc>Fails if ``string`` does not match ``pattern`` as a regular expression.</doc>
<status status="PASS" start="2024-04-04T09:14:29.792418" elapsed="0.000507"/>
</kw>
<kw name="Should Match Regexp" owner="BuiltIn">
<arg>${json_data['results'][0]['registered']['date']}</arg>
<arg>\\d{4}-\\d{2}-\\d{2}T\\d{2}:\\d{2}:\\d{2}\\.\\d{3}Z</arg>
<doc>Fails if ``string`` does not match ``pattern`` as a regular expression.</doc>
<status status="PASS" start="2024-04-04T09:14:29.793122" elapsed="0.000374"/>
</kw>
<kw name="Should Match Regexp" owner="BuiltIn">
<arg>${json_data['results'][0]['picture']['large']}</arg>
<arg>^https?://.*\.(?:png|jpe?g|gif|bmp)$</arg>
<doc>Fails if ``string`` does not match ``pattern`` as a regular expression.</doc>
<status status="PASS" start="2024-04-04T09:14:29.793706" elapsed="0.000470"/>
</kw>
<kw name="Should Match Regexp" owner="BuiltIn">
<arg>${json_data['results'][0]['picture']['medium']}</arg>
<arg>^https?://.*\.(?:png|jpe?g|gif|bmp)$</arg>
<doc>Fails if ``string`` does not match ``pattern`` as a regular expression.</doc>
<status status="PASS" start="2024-04-04T09:14:29.794366" elapsed="0.000358"/>
</kw>
<kw name="Should Match Regexp" owner="BuiltIn">
<arg>${json_data['results'][0]['picture']['thumbnail']}</arg>
<arg>^https?://.*\.(?:png|jpe?g|gif|bmp)$</arg>
<doc>Fails if ``string`` does not match ``pattern`` as a regular expression.</doc>
<status status="PASS" start="2024-04-04T09:14:29.794908" elapsed="0.000351"/>
</kw>
<kw name="Log" owner="BuiltIn">
<msg time="2024-04-04T09:14:29.795766" level="INFO">{'large': 'https://randomuser.me/api/portraits/men/2.jpg', 'medium': 'https://randomuser.me/api/portraits/med/men/2.jpg', 'thumbnail': 'https://randomuser.me/api/portraits/thumb/men/2.jpg'}</msg>
<arg>${json_data['results'][0]['picture']}</arg>
<doc>Logs the given message with the given level.</doc>
<status status="PASS" start="2024-04-04T09:14:29.795439" elapsed="0.000374"/>
</kw>
<status status="PASS" start="2024-04-04T09:14:29.673144" elapsed="0.122927"/>
</kw>
<kw name="Teste de Tipos de Dados - Postcode" owner="random-user-service">
<kw name="GET On Session" owner="RequestsLibrary">
<msg time="2024-04-04T09:14:30.545751" level="INFO">GET Request : url=https://randomuser.me/api 
 path_url=/api 
 headers={'User-Agent': 'python-requests/2.31.0', 'Accept-Encoding': 'gzip, deflate', 'Accept': '*/*', 'Connection': 'keep-alive'} 
 body=None 
 </msg>
<msg time="2024-04-04T09:14:30.545848" level="INFO">GET Response : url=https://randomuser.me/api 
 status=200, reason=OK 
 headers={'Date': 'Thu, 04 Apr 2024 09:14:30 GMT', 'Content-Type': 'application/json; charset=utf-8', 'Transfer-Encoding': 'chunked', 'Connection': 'keep-alive', 'X-Powered-By': 'Express', 'Access-Control-Allow-Origin': '*', 'Cache-Control': 'no-cache', 'ETag': 'W/"47b-W3ApfVthL9Vsi/HIY2a2W9tfn2g"', 'Vary': 'Accept-Encoding', 'Content-Encoding': 'gzip', 'CF-Cache-Status': 'DYNAMIC', 'Report-To': '{"endpoints":[{"url":"https:\\/\\/a.nel.cloudflare.com\\/report\\/v4?s=iT5fko7IMpCk29nfoelhgRsyZzpdHsR639uZ956WjfAmuDDrWD4UClZhlsLXzUqRaI3HO%2BgA8p0h%2FCLGZCdZ%2BlnfjXKqrz14ymV3qUhc%2ByRGY%2FZscRK9dLoUEiFmhPeq"}],"group":"cf-nel","max_age":604800}', 'NEL': '{"success_fraction":0,"report_to":"cf-nel","max_age":604800}', 'Server': 'cloudflare', 'CF-RAY': '86f030403b840fc4-LAX', 'alt-svc': 'h3=":443"; ma=86400'} 
 body={"results":[{"gender":"female","name":{"title":"Miss","first":"Ellie","last":"Thomas"},"location":{"street":{"number":6695,"name":"Worcester Street"},"city":"New Plymouth","state":"Taranaki","country":"New Zealand","postcode":92545,"coordinates":{"latitude":"55.2597","longitude":"112.5254"},"timezone":{"offset":"+5:45","description":"Kathmandu"}},"email":"ellie.thomas@example.com","login":{"uuid":"3b3caf9b-e5b5-4550-a1a5-c5dd7c86aa8c","username":"greenrabbit429","password":"owen","salt":"uQvwwclg","md5":"2b76656c3a7bcadb18be563e6533f6e7","sha1":"e767fcbeac02935ca4fef3f795751a21ec892ca2","sha256":"933d5e773dc7c0e713a28ae20f17662c1b03ae8477a3d83c7aa850ba69498e3a"},"dob":{"date":"1992-06-02T21:14:32.466Z","age":31},"registered":{"date":"2019-05-29T01:52:15.560Z","age":4},"phone":"(754)-665-7624","cell":"(333)-909-6539","id":{"name":"","value":null},"picture":{"large":"https://randomuser.me/api/portraits/women/44.jpg","medium":"https://randomuser.me/api/portraits/med/women/44.jpg","thumbnail":"https://randomuser.me/api/portraits/thumb/women/44.jpg"},"nat":"NZ"}],"info":{"seed":"892bacf7c899af51","results":1,"page":1,"version":"1.4"}} 
 </msg>
<msg time="2024-04-04T09:14:30.545932" level="INFO">/opt/hostedtoolcache/Python/3.12.2/x64/lib/python3.12/site-packages/urllib3/connectionpool.py:1103: InsecureRequestWarning: Unverified HTTPS request is being made to host 'randomuser.me'. Adding certificate verification is strongly advised. See: https://urllib3.readthedocs.io/en/latest/advanced-usage.html#tls-warnings
  warnings.warn(</msg>
<msg time="2024-04-04T09:14:30.546069" level="INFO">${response} = &lt;Response [200]&gt;</msg>
<var>${response}</var>
<arg>consultarAPI</arg>
<arg>/api</arg>
<doc>Sends a GET request on a previously created HTTP Session.</doc>
<status status="PASS" start="2024-04-04T09:14:29.796688" elapsed="0.749426"/>
</kw>
<kw name="Set Variable" owner="BuiltIn">
<msg time="2024-04-04T09:14:30.547138" level="INFO">${json_data} = {'results': [{'gender': 'female', 'name': {'title': 'Miss', 'first': 'Ellie', 'last': 'Thomas'}, 'location': {'street': {'number': 6695, 'name': 'Worcester Street'}, 'city': 'New Plymouth', 'state': '...</msg>
<var>${json_data}</var>
<arg>${response.json()}</arg>
<doc>Returns the given values which can then be assigned to a variables.</doc>
<status status="PASS" start="2024-04-04T09:14:30.546634" elapsed="0.000532"/>
</kw>
<kw name="Log" owner="BuiltIn">
<msg time="2024-04-04T09:14:30.547630" level="INFO">{'results': [{'gender': 'female', 'name': {'title': 'Miss', 'first': 'Ellie', 'last': 'Thomas'}, 'location': {'street': {'number': 6695, 'name': 'Worcester Street'}, 'city': 'New Plymouth', 'state': 'Taranaki', 'country': 'New Zealand', 'postcode': 92545, 'coordinates': {'latitude': '55.2597', 'longitude': '112.5254'}, 'timezone': {'offset': '+5:45', 'description': 'Kathmandu'}}, 'email': 'ellie.thomas@example.com', 'login': {'uuid': '3b3caf9b-e5b5-4550-a1a5-c5dd7c86aa8c', 'username': 'greenrabbit429', 'password': 'owen', 'salt': 'uQvwwclg', 'md5': '2b76656c3a7bcadb18be563e6533f6e7', 'sha1': 'e767fcbeac02935ca4fef3f795751a21ec892ca2', 'sha256': '933d5e773dc7c0e713a28ae20f17662c1b03ae8477a3d83c7aa850ba69498e3a'}, 'dob': {'date': '1992-06-02T21:14:32.466Z', 'age': 31}, 'registered': {'date': '2019-05-29T01:52:15.560Z', 'age': 4}, 'phone': '(754)-665-7624', 'cell': '(333)-909-6539', 'id': {'name': '', 'value': None}, 'picture': {'large': 'https://randomuser.me/api/portraits/women/44.jpg', 'medium': 'https://randomuser.me/api/portraits/med/women/44.jpg', 'thumbnail': 'https://randomuser.me/api/portraits/thumb/women/44.jpg'}, 'nat': 'NZ'}], 'info': {'seed': '892bacf7c899af51', 'results': 1, 'page': 1, 'version': '1.4'}}</msg>
<arg>${json_data}</arg>
<doc>Logs the given message with the given level.</doc>
<status status="PASS" start="2024-04-04T09:14:30.547473" elapsed="0.000237"/>
</kw>
<kw name="Should Be Equal As Numbers" owner="BuiltIn">
<arg>${json_data['results'][0]['location']['postcode']}</arg>
<arg>${json_data['results'][0]['location']['postcode']}</arg>
<doc>Fails if objects are unequal after converting them to real numbers.</doc>
<status status="PASS" start="2024-04-04T09:14:30.548024" elapsed="0.000631"/>
</kw>
<kw name="Log" owner="BuiltIn">
<msg time="2024-04-04T09:14:30.549193" level="INFO">92545</msg>
<arg>${json_data['results'][0]['location']['postcode']}</arg>
<doc>Logs the given message with the given level.</doc>
<status status="PASS" start="2024-04-04T09:14:30.548851" elapsed="0.000382"/>
</kw>
<status status="PASS" start="2024-04-04T09:14:29.796301" elapsed="0.753188"/>
</kw>
<doc>Testa se os tipos de dados na resposta da API estão corretos.</doc>
<tag>testeTiposDados</tag>
<status status="PASS" start="2024-04-04T09:14:29.672683" elapsed="0.877005"/>
</test>
<test id="s1-s1-t5" name="Validar conteudo" line="35">
<kw name="Teste de Tipos de Conteudo" owner="random-user-service">
<kw name="GET On Session" owner="RequestsLibrary">
<msg time="2024-04-04T09:14:30.646839" level="INFO">GET Request : url=https://randomuser.me/api 
 path_url=/api 
 headers={'User-Agent': 'python-requests/2.31.0', 'Accept-Encoding': 'gzip, deflate', 'Accept': '*/*', 'Connection': 'keep-alive'} 
 body=None 
 </msg>
<msg time="2024-04-04T09:14:30.646931" level="INFO">GET Response : url=https://randomuser.me/api 
 status=200, reason=OK 
 headers={'Date': 'Thu, 04 Apr 2024 09:14:30 GMT', 'Content-Type': 'application/json; charset=utf-8', 'Transfer-Encoding': 'chunked', 'Connection': 'keep-alive', 'X-Powered-By': 'Express', 'Access-Control-Allow-Origin': '*', 'Cache-Control': 'no-cache', 'ETag': 'W/"48f-tVn10ohmQswwA1Or0XDeo3eKQW8"', 'Vary': 'Accept-Encoding', 'Content-Encoding': 'gzip', 'CF-Cache-Status': 'DYNAMIC', 'Report-To': '{"endpoints":[{"url":"https:\\/\\/a.nel.cloudflare.com\\/report\\/v4?s=ZTXxFUQXUPr%2FbcASf7Wc95oZ1rHGSzvF0UeqoyI4D0Of9dvGH2d0SHgrtq5oMeSw8YREPDKyKxuQ4nWC9VQXAAJwICfRmoQCKUc%2Bgfj%2FdGgbA9py2NXMOlZpd8Yc4aN3"}],"group":"cf-nel","max_age":604800}', 'NEL': '{"success_fraction":0,"report_to":"cf-nel","max_age":604800}', 'Server': 'cloudflare', 'CF-RAY': '86f03044f8090fc4-LAX', 'alt-svc': 'h3=":443"; ma=86400'} 
 body={"results":[{"gender":"male","name":{"title":"Mr","first":"Dariy","last":"Procyuk"},"location":{"street":{"number":4772,"name":"Sim'yi Shovkoplyasiv"},"city":"Olevsk","state":"Chernivecka","country":"Ukraine","postcode":16871,"coordinates":{"latitude":"80.4700","longitude":"-58.6193"},"timezone":{"offset":"+3:00","description":"Baghdad, Riyadh, Moscow, St. Petersburg"}},"email":"dariy.procyuk@example.com","login":{"uuid":"4b87faf1-5b54-4329-bdd3-b444a5dd0493","username":"tinyduck735","password":"sisters","salt":"vQvpmjMp","md5":"36b9a9cee8f44c9c42816928d780d341","sha1":"0310b2becdca1eed9764b80a36912af1034e867e","sha256":"c5d4a55267104fbd754e3c6326df78b9bee2e89326d9c37a7193a4ea88573bfe"},"dob":{"date":"1961-08-26T23:22:55.522Z","age":62},"registered":{"date":"2007-07-02T18:19:26.556Z","age":16},"phone":"(097) J88-0362","cell":"(099) O36-3876","id":{"name":"","value":null},"picture":{"large":"https://randomuser.me/api/portraits/men/27.jpg","medium":"https://randomuser.me/api/portraits/med/men/27.jpg","thumbnail":"https://randomuser.me/api/portraits/thumb/men/27.jpg"},"nat":"UA"}],"info":{"seed":"c16b3b8de807a431","results":1,"page":1,"version":"1.4"}} 
 </msg>
<msg time="2024-04-04T09:14:30.646994" level="INFO">/opt/hostedtoolcache/Python/3.12.2/x64/lib/python3.12/site-packages/urllib3/connectionpool.py:1103: InsecureRequestWarning: Unverified HTTPS request is being made to host 'randomuser.me'. Adding certificate verification is strongly advised. See: https://urllib3.readthedocs.io/en/latest/advanced-usage.html#tls-warnings
  warnings.warn(</msg>
<msg time="2024-04-04T09:14:30.647105" level="INFO">${response} = &lt;Response [200]&gt;</msg>
<var>${response}</var>
<arg>consultarAPI</arg>
<arg>/api</arg>
<doc>Sends a GET request on a previously created HTTP Session.</doc>
<status status="PASS" start="2024-04-04T09:14:30.552547" elapsed="0.094599"/>
</kw>
<kw name="Set Variable" owner="BuiltIn">
<msg time="2024-04-04T09:14:30.648147" level="INFO">${json_data} = {'results': [{'gender': 'male', 'name': {'title': 'Mr', 'first': 'Dariy', 'last': 'Procyuk'}, 'location': {'street': {'number': 4772, 'name': "Sim'yi Shovkoplyasiv"}, 'city': 'Olevsk', 'state': 'Chern...</msg>
<var>${json_data}</var>
<arg>${response.json()}</arg>
<doc>Returns the given values which can then be assigned to a variables.</doc>
<status status="PASS" start="2024-04-04T09:14:30.647644" elapsed="0.000531"/>
</kw>
<kw name="Set Variable" owner="BuiltIn">
<msg time="2024-04-04T09:14:30.648869" level="INFO">${name_title} = Mr</msg>
<var>${name_title}</var>
<arg>${json_data["results"][0]["name"]["title"]}</arg>
<doc>Returns the given values which can then be assigned to a variables.</doc>
<status status="PASS" start="2024-04-04T09:14:30.648490" elapsed="0.000405"/>
</kw>
<kw name="Create List" owner="BuiltIn">
<msg time="2024-04-04T09:14:30.649357" level="INFO">${allowed_titles} = ['Mr', 'Ms', 'Miss', 'Mrs', 'Madame', 'Monsieur']</msg>
<var>${allowed_titles}</var>
<arg>Mr</arg>
<arg>Ms</arg>
<arg>Miss</arg>
<arg>Mrs</arg>
<arg>Madame</arg>
<arg>Monsieur</arg>
<doc>Returns a list containing given items.</doc>
<status status="PASS" start="2024-04-04T09:14:30.649200" elapsed="0.000182"/>
</kw>
<kw name="List Should Contain Value" owner="Collections">
<msg time="2024-04-04T09:14:30.649907" level="INFO">False</msg>
<arg>${allowed_titles}</arg>
<arg>${name_title}</arg>
<doc>Fails if the ``value`` is not found from ``list``.</doc>
<status status="PASS" start="2024-04-04T09:14:30.649717" elapsed="0.000228"/>
</kw>
<kw name="Set Variable" owner="BuiltIn">
<msg time="2024-04-04T09:14:30.650613" level="INFO">${name_country} = UA</msg>
<var>${name_country}</var>
<arg>${json_data["results"][0]["nat"]}</arg>
<doc>Returns the given values which can then be assigned to a variables.</doc>
<status status="PASS" start="2024-04-04T09:14:30.650235" elapsed="0.000403"/>
</kw>
<kw name="Create List" owner="BuiltIn">
<msg time="2024-04-04T09:14:30.651547" level="INFO">${list_country} = ['AD', 'AE', 'AF', 'AG', 'AI', 'AL', 'AM', 'AO', 'AQ', 'AR', 'AS', 'AT', 'AU', 'AW', 'AX', 'AZ', 'BA', 'BB', 'BD', 'BE', 'BF', 'BG', 'BH', 'BI', 'BJ', 'BL', 'BM', 'BN', 'BO', 'BQ', 'BR', 'BS', 'BT', '...</msg>
<var>${list_country}</var>
<arg>AD</arg>
<arg>AE</arg>
<arg>AF</arg>
<arg>AG</arg>
<arg>AI</arg>
<arg>AL</arg>
<arg>AM</arg>
<arg>AO</arg>
<arg>AQ</arg>
<arg>AR</arg>
<arg>AS</arg>
<arg>AT</arg>
<arg>AU</arg>
<arg>AW</arg>
<arg>AX</arg>
<arg>AZ</arg>
<arg>BA</arg>
<arg>BB</arg>
<arg>BD</arg>
<arg>BE</arg>
<arg>BF</arg>
<arg>BG</arg>
<arg>BH</arg>
<arg>BI</arg>
<arg>BJ</arg>
<arg>BL</arg>
<arg>BM</arg>
<arg>BN</arg>
<arg>BO</arg>
<arg>BQ</arg>
<arg>BR</arg>
<arg>BS</arg>
<arg>BT</arg>
<arg>BV</arg>
<arg>BW</arg>
<arg>BY</arg>
<arg>BZ</arg>
<arg>CA</arg>
<arg>CC</arg>
<arg>CD</arg>
<arg>CF</arg>
<arg>CG</arg>
<arg>CH</arg>
<arg>CI</arg>
<arg>CK</arg>
<arg>CL</arg>
<arg>CM</arg>
<arg>CN</arg>
<arg>CO</arg>
<arg>CR</arg>
<arg>CU</arg>
<arg>CV</arg>
<arg>CW</arg>
<arg>CX</arg>
<arg>CY</arg>
<arg>CZ</arg>
<arg>DE</arg>
<arg>DJ</arg>
<arg>DK</arg>
<arg>DM</arg>
<arg>DO</arg>
<arg>DZ</arg>
<arg>EC</arg>
<arg>EE</arg>
<arg>EG</arg>
<arg>EH</arg>
<arg>ER</arg>
<arg>ES</arg>
<arg>ET</arg>
<arg>FI</arg>
<arg>FJ</arg>
<arg>FK</arg>
<arg>FM</arg>
<arg>FO</arg>
<arg>FR</arg>
<arg>GA</arg>
<arg>GB</arg>
<arg>GD</arg>
<arg>GE</arg>
<arg>GF</arg>
<arg>GG</arg>
<arg>GH</arg>
<arg>GI</arg>
<arg>GL</arg>
<arg>GM</arg>
<arg>GN</arg>
<arg>GP</arg>
<arg>GQ</arg>
<arg>GR</arg>
<arg>GS</arg>
<arg>GT</arg>
<arg>GU</arg>
<arg>GW</arg>
<arg>GY</arg>
<arg>HK</arg>
<arg>HM</arg>
<arg>HN</arg>
<arg>HR</arg>
<arg>HT</arg>
<arg>HU</arg>
<arg>ID</arg>
<arg>IE</arg>
<arg>IL</arg>
<arg>IM</arg>
<arg>IN</arg>
<arg>IO</arg>
<arg>IQ</arg>
<arg>IR</arg>
<arg>IS</arg>
<arg>IT</arg>
<arg>JE</arg>
<arg>JM</arg>
<arg>JO</arg>
<arg>JP</arg>
<arg>KE</arg>
<arg>KG</arg>
<arg>KH</arg>
<arg>KI</arg>
<arg>KM</arg>
<arg>KN</arg>
<arg>KP</arg>
<arg>KR</arg>
<arg>KW</arg>
<arg>KY</arg>
<arg>KZ</arg>
<arg>LA</arg>
<arg>LB</arg>
<arg>LC</arg>
<arg>LI</arg>
<arg>LK</arg>
<arg>LR</arg>
<arg>LS</arg>
<arg>LT</arg>
<arg>LU</arg>
<arg>LV</arg>
<arg>LY</arg>
<arg>MA</arg>
<arg>MC</arg>
<arg>MD</arg>
<arg>ME</arg>
<arg>MF</arg>
<arg>MG</arg>
<arg>MH</arg>
<arg>MK</arg>
<arg>ML</arg>
<arg>MM</arg>
<arg>MN</arg>
<arg>MO</arg>
<arg>MP</arg>
<arg>MQ</arg>
<arg>MR</arg>
<arg>MS</arg>
<arg>MT</arg>
<arg>MU</arg>
<arg>MV</arg>
<arg>MW</arg>
<arg>MX</arg>
<arg>MY</arg>
<arg>MZ</arg>
<arg>NA</arg>
<arg>NC</arg>
<arg>NE</arg>
<arg>NF</arg>
<arg>NG</arg>
<arg>NI</arg>
<arg>NL</arg>
<arg>NO</arg>
<arg>NP</arg>
<arg>NR</arg>
<arg>NU</arg>
<arg>NZ</arg>
<arg>OM</arg>
<arg>PA</arg>
<arg>PE</arg>
<arg>PF</arg>
<arg>PG</arg>
<arg>PH</arg>
<arg>PK</arg>
<arg>PL</arg>
<arg>PM</arg>
<arg>PN</arg>
<arg>PR</arg>
<arg>PS</arg>
<arg>PT</arg>
<arg>PW</arg>
<arg>PY</arg>
<arg>QA</arg>
<arg>RE</arg>
<arg>RO</arg>
<arg>RS</arg>
<arg>RU</arg>
<arg>RW</arg>
<arg>SA</arg>
<arg>SB</arg>
<arg>SC</arg>
<arg>SD</arg>
<arg>SE</arg>
<arg>SG</arg>
<arg>SH</arg>
<arg>SI</arg>
<arg>SJ</arg>
<arg>SK</arg>
<arg>SL</arg>
<arg>SM</arg>
<arg>SN</arg>
<arg>SO</arg>
<arg>SR</arg>
<arg>SS</arg>
<arg>ST</arg>
<arg>SV</arg>
<arg>SX</arg>
<arg>SY</arg>
<arg>SZ</arg>
<arg>TC</arg>
<arg>TD</arg>
<arg>TF</arg>
<arg>TG</arg>
<arg>TH</arg>
<arg>TJ</arg>
<arg>TK</arg>
<arg>TL</arg>
<arg>TM</arg>
<arg>TN</arg>
<arg>TO</arg>
<arg>TR</arg>
<arg>TT</arg>
<arg>TV</arg>
<arg>TW</arg>
<arg>TZ</arg>
<arg>UA</arg>
<arg>UG</arg>
<arg>UM</arg>
<arg>US</arg>
<arg>UY</arg>
<arg>UZ</arg>
<arg>VA</arg>
<arg>VC</arg>
<arg>VE</arg>
<arg>VG</arg>
<arg>VI</arg>
<arg>VN</arg>
<arg>VU</arg>
<arg>WF</arg>
<arg>WS</arg>
<arg>XK</arg>
<arg>YE</arg>
<arg>YT</arg>
<arg>ZA</arg>
<arg>ZM</arg>
<arg>ZW</arg>
<doc>Returns a list containing given items.</doc>
<status status="PASS" start="2024-04-04T09:14:30.650945" elapsed="0.000628"/>
</kw>
<kw name="List Should Contain Value" owner="Collections">
<msg time="2024-04-04T09:14:30.652702" level="INFO">False</msg>
<arg>${list_country}</arg>
<arg>${name_country}</arg>
<doc>Fails if the ``value`` is not found from ``list``.</doc>
<status status="PASS" start="2024-04-04T09:14:30.652495" elapsed="0.000244"/>
</kw>
<kw name="Run Keyword If" owner="BuiltIn">
<kw name="Should Be True" owner="BuiltIn">
<arg>${True}</arg>
<doc>Fails if the given condition is not true.</doc>
<status status="PASS" start="2024-04-04T09:14:30.653846" elapsed="0.000148"/>
</kw>
<arg>${json_data["results"][0]["location"]["coordinates"]["latitude"]} &gt;= -90 and ${json_data["results"][0]["location"]["coordinates"]["latitude"]} &lt;= 90</arg>
<arg>Should Be True</arg>
<arg>${True}</arg>
<doc>Runs the given keyword with the given arguments, if ``condition`` is true.</doc>
<status status="PASS" start="2024-04-04T09:14:30.653050" elapsed="0.001073"/>
</kw>
<kw name="Run Keyword If" owner="BuiltIn">
<kw name="Should Be True" owner="BuiltIn">
<arg>${True}</arg>
<doc>Fails if the given condition is not true.</doc>
<status status="PASS" start="2024-04-04T09:14:30.655006" elapsed="0.000138"/>
</kw>
<arg>${json_data["results"][0]["location"]["coordinates"]["longitude"]} &gt;= -180 and ${json_data["results"][0]["location"]["coordinates"]["longitude"]} &lt;= 180</arg>
<arg>Should Be True</arg>
<arg>${True}</arg>
<doc>Runs the given keyword with the given arguments, if ``condition`` is true.</doc>
<status status="PASS" start="2024-04-04T09:14:30.654309" elapsed="0.000960"/>
</kw>
<status status="PASS" start="2024-04-04T09:14:30.552165" elapsed="0.103237"/>
</kw>
<doc>Testa o conteúdo específico dos campos retornados pela API.</doc>
<tag>testeConteudo</tag>
<status status="PASS" start="2024-04-04T09:14:30.551478" elapsed="0.104081"/>
</test>
<status status="PASS" start="2024-04-04T09:14:29.072481" elapsed="1.585007"/>
</suite>
<status status="PASS" start="2024-04-04T09:14:29.058561" elapsed="1.604212"/>
</suite>
<statistics>
<total>
<stat pass="5" fail="0" skip="0">All Tests</stat>
</total>
<tag>
<stat pass="1" fail="0" skip="0">testeConteudo</stat>
<stat pass="1" fail="0" skip="0">testeEstruturaResposta</stat>
<stat pass="1" fail="0" skip="0">testeRequisicaoBasica</stat>
<stat pass="1" fail="0" skip="0">testeTiposDados</stat>
</tag>
<suite>
<stat pass="5" fail="0" skip="0" id="s1" name="Tests">Tests</stat>
<stat pass="5" fail="0" skip="0" id="s1-s1" name="Random-User-Test">Tests.Random-User-Test</stat>
</suite>
</statistics>
<errors>
</errors>
</robot>
