<?xml version="1.0" encoding="UTF-8"?>
<robot generator="Robot 7.0.1 (Python 3.12.4 on linux)" generated="2024-07-08T01:08:33.264867" rpa="false" schemaversion="5">
<suite id="s1" name="Tests" source="/home/runner/work/ApiRandomUser/ApiRandomUser/RamdonUser/tests">
<suite id="s1-s1" name="Random-User-Test" source="/home/runner/work/ApiRandomUser/ApiRandomUser/RamdonUser/tests/random-user-test.robot">
<test id="s1-s1-t1" name="Conectar" line="13">
<kw name="Conectar API" owner="random-user-service">
<kw name="Create Session" owner="RequestsLibrary">
<msg time="2024-07-08T01:08:33.674784" level="INFO">Creating Session using : alias=consultarAPI, url=https://randomuser.me/, headers={},                     cookies={}, auth=None, timeout=None, proxies=None, verify=False,                     debug=0 </msg>
<arg>consultarAPI</arg>
<arg>${URL}</arg>
<doc>Create Session: create a HTTP session to a server</doc>
<status status="PASS" start="2024-07-08T01:08:33.674566" elapsed="0.000410"/>
</kw>
<status status="PASS" start="2024-07-08T01:08:33.673551" elapsed="0.001802"/>
</kw>
<status status="PASS" start="2024-07-08T01:08:33.672930" elapsed="0.002619"/>
</test>
<test id="s1-s1-t2" name="Validar retorno 200 e JSON Válido" line="16">
<kw name="Teste de Requisicao Basica" owner="random-user-service">
<kw name="GET On Session" owner="RequestsLibrary">
<msg time="2024-07-08T01:08:33.845849" level="INFO">GET Request : url=https://randomuser.me/api 
 path_url=/api 
 headers={'User-Agent': 'python-requests/2.32.3', 'Accept-Encoding': 'gzip, deflate', 'Accept': '*/*', 'Connection': 'keep-alive'} 
 body=None 
 </msg>
<msg time="2024-07-08T01:08:33.846077" level="INFO">GET Response : url=https://randomuser.me/api 
 status=200, reason=OK 
 headers={'Date': 'Mon, 08 Jul 2024 01:08:33 GMT', 'Content-Type': 'application/json; charset=utf-8', 'Transfer-Encoding': 'chunked', 'Connection': 'keep-alive', 'X-Powered-By': 'Express', 'Access-Control-Allow-Origin': '*', 'Cache-Control': 'no-cache', 'ETag': 'W/"468-jWmFfKUuYlERz4O023+SxM7FDcY"', 'Vary': 'Accept-Encoding', 'Content-Encoding': 'gzip', 'CF-Cache-Status': 'DYNAMIC', 'Report-To': '{"endpoints":[{"url":"https:\\/\\/a.nel.cloudflare.com\\/report\\/v4?s=tfxoncRFCNNIkuK%2Fgfk68vqjvxO7jpigmq5h0eUNoQwgGxCSOrMPvFYeebFhvvt5MPy7OgWHrUvgWswLnc4gGC%2F35UOb1AjSDqJqC%2FJqONcWypYoMe78rWIYqgZLILGt"}],"group":"cf-nel","max_age":604800}', 'NEL': '{"success_fraction":0,"report_to":"cf-nel","max_age":604800}', 'Server': 'cloudflare', 'CF-RAY': '89fc2f0ead989685-SJC', 'alt-svc': 'h3=":443"; ma=86400'} 
 body={"results":[{"gender":"male","name":{"title":"Mr","first":"Julian","last":"Walker"},"location":{"street":{"number":8402,"name":"Church Street"},"city":"Youghal","state":"Fingal","country":"Ireland","postcode":22249,"coordinates":{"latitude":"2.1295","longitude":"-102.5225"},"timezone":{"offset":"-10:00","description":"Hawaii"}},"email":"julian.walker@example.com","login":{"uuid":"9e1d1f42-0e08-4b94-8b23-9d8bc1411863","username":"blackdog616","password":"reaper","salt":"d3dFUJrc","md5":"b9e435012e62e55152a3a471fafbeed5","sha1":"d37e9f843f9db0315b8e59e874a1730e71671c02","sha256":"3e1d831adaa518e8225169129cb236022957777ceee78877b9785fecc17e9daa"},"dob":{"date":"1990-12-25T13:32:51.996Z","age":33},"registered":{"date":"2012-05-09T18:06:26.982Z","age":12},"phone":"061-020-1542","cell":"081-615-5629","id":{"name":"PPS","value":"1329956T"},"picture":{"large":"https://randomuser.me/api/portraits/men/74.jpg","medium":"https://randomuser.me/api/portraits/med/men/74.jpg","thumbnail":"https://randomuser.me/api/portraits/thumb/men/74.jpg"},"nat":"IE"}],"info":{"seed":"175d4405d500756a","results":1,"page":1,"version":"1.4"}} 
 </msg>
<msg time="2024-07-08T01:08:33.846212" level="INFO">/opt/hostedtoolcache/Python/3.12.4/x64/lib/python3.12/site-packages/urllib3/connectionpool.py:1099: InsecureRequestWarning: Unverified HTTPS request is being made to host 'randomuser.me'. Adding certificate verification is strongly advised. See: https://urllib3.readthedocs.io/en/latest/advanced-usage.html#tls-warnings
  warnings.warn(</msg>
<msg time="2024-07-08T01:08:33.846518" level="INFO">${response} = &lt;Response [200]&gt;</msg>
<var>${response}</var>
<arg>consultarAPI</arg>
<arg>/api</arg>
<doc>Sends a GET request on a previously created HTTP Session.</doc>
<status status="PASS" start="2024-07-08T01:08:33.678246" elapsed="0.168326"/>
</kw>
<kw name="Should Be Equal As Numbers" owner="BuiltIn">
<msg time="2024-07-08T01:08:33.848043" level="INFO">Argument types are:
&lt;class 'int'&gt;
&lt;class 'str'&gt;</msg>
<arg>${response.status_code}</arg>
<arg>200</arg>
<doc>Fails if objects are unequal after converting them to real numbers.</doc>
<status status="PASS" start="2024-07-08T01:08:33.847323" elapsed="0.000826"/>
</kw>
<kw name="Log" owner="BuiltIn">
<msg time="2024-07-08T01:08:33.849222" level="INFO">200</msg>
<arg>${response.status_code}</arg>
<doc>Logs the given message with the given level.</doc>
<status status="PASS" start="2024-07-08T01:08:33.848649" elapsed="0.000650"/>
</kw>
<kw name="Set Variable" owner="BuiltIn">
<msg time="2024-07-08T01:08:33.850189" level="INFO">${json_data} = {'results': [{'gender': 'male', 'name': {'title': 'Mr', 'first': 'Julian', 'last': 'Walker'}, 'location': {'street': {'number': 8402, 'name': 'Church Street'}, 'city': 'Youghal', 'state': 'Fingal', 'c...</msg>
<var>${json_data}</var>
<arg>${response.json()}</arg>
<doc>Returns the given values which can then be assigned to a variables.</doc>
<status status="PASS" start="2024-07-08T01:08:33.849733" elapsed="0.000487"/>
</kw>
<kw name="Dictionary Should Contain Key" owner="Collections">
<arg>${json_data}</arg>
<arg>results</arg>
<doc>Fails if ``key`` is not found from ``dictionary``.</doc>
<status status="PASS" start="2024-07-08T01:08:33.850531" elapsed="0.000177"/>
</kw>
<status status="PASS" start="2024-07-08T01:08:33.677986" elapsed="0.172877"/>
</kw>
<doc>Testa se a API responde corretamente e retorna um objeto JSON válido.</doc>
<tag>testeRequisicaoBasica</tag>
<status status="PASS" start="2024-07-08T01:08:33.677471" elapsed="0.173572"/>
</test>
<test id="s1-s1-t3" name="Validar estrutura de resposta" line="22">
<kw name="Teste de Estrutura de Resposta" owner="random-user-service">
<kw name="GET On Session" owner="RequestsLibrary">
<msg time="2024-07-08T01:08:33.940023" level="INFO">GET Request : url=https://randomuser.me/api 
 path_url=/api 
 headers={'User-Agent': 'python-requests/2.32.3', 'Accept-Encoding': 'gzip, deflate', 'Accept': '*/*', 'Connection': 'keep-alive'} 
 body=None 
 </msg>
<msg time="2024-07-08T01:08:33.940141" level="INFO">GET Response : url=https://randomuser.me/api 
 status=200, reason=OK 
 headers={'Date': 'Mon, 08 Jul 2024 01:08:33 GMT', 'Content-Type': 'application/json; charset=utf-8', 'Transfer-Encoding': 'chunked', 'Connection': 'keep-alive', 'X-Powered-By': 'Express', 'Access-Control-Allow-Origin': '*', 'Cache-Control': 'no-cache', 'ETag': 'W/"4a0-pSUvTac9wiKaYOSe7OApXp5YIZQ"', 'Vary': 'Accept-Encoding', 'Content-Encoding': 'gzip', 'CF-Cache-Status': 'DYNAMIC', 'Report-To': '{"endpoints":[{"url":"https:\\/\\/a.nel.cloudflare.com\\/report\\/v4?s=ykXxalKM5yoeS60eu2q6txUsv8WE3nT77xp1dqCY0%2FLurGVTjNKEBPNmIEqjGuwU81fBfFQEZDwBY3uhPMId%2Fg%2FjtNgtNwGMxyka9JPstkDTsXSrBMX0ilCncEoDOFQZ"}],"group":"cf-nel","max_age":604800}', 'NEL': '{"success_fraction":0,"report_to":"cf-nel","max_age":604800}', 'Server': 'cloudflare', 'CF-RAY': '89fc2f0f9e3a9685-SJC', 'alt-svc': 'h3=":443"; ma=86400'} 
 body={"results":[{"gender":"female","name":{"title":"Ms","first":"Nayeli","last":"Llamas"},"location":{"street":{"number":4477,"name":"Corredor Tlaxcala"},"city":"Rincón de Tamayo","state":"Oaxaca","country":"Mexico","postcode":37041,"coordinates":{"latitude":"22.0662","longitude":"52.2823"},"timezone":{"offset":"-8:00","description":"Pacific Time (US &amp; Canada)"}},"email":"nayeli.llamas@example.com","login":{"uuid":"c7f278a9-44fc-4894-a771-efa3c6f7184d","username":"beautifultiger975","password":"julie1","salt":"r9WIJqjE","md5":"384584cb4cbdb83b1d15d66049f63336","sha1":"220d3d820d030abf0ec127677743b2505c8057b6","sha256":"3d7865acf13a41ef7d8528915481428377da1ff08be46e820a73148f2af43139"},"dob":{"date":"1983-09-02T02:18:13.263Z","age":40},"registered":{"date":"2006-02-21T08:56:22.386Z","age":18},"phone":"(649) 405 2863","cell":"(643) 381 2561","id":{"name":"NSS","value":"39 82 66 8592 8"},"picture":{"large":"https://randomuser.me/api/portraits/women/77.jpg","medium":"https://randomuser.me/api/portraits/med/women/77.jpg","thumbnail":"https://randomuser.me/api/portraits/thumb/women/77.jpg"},"nat":"MX"}],"info":{"seed":"a94b7b4961219253","results":1,"page":1,"version":"1.4"}} 
 </msg>
<msg time="2024-07-08T01:08:33.940291" level="INFO">/opt/hostedtoolcache/Python/3.12.4/x64/lib/python3.12/site-packages/urllib3/connectionpool.py:1099: InsecureRequestWarning: Unverified HTTPS request is being made to host 'randomuser.me'. Adding certificate verification is strongly advised. See: https://urllib3.readthedocs.io/en/latest/advanced-usage.html#tls-warnings
  warnings.warn(</msg>
<msg time="2024-07-08T01:08:33.940418" level="INFO">${response} = &lt;Response [200]&gt;</msg>
<var>${response}</var>
<arg>consultarAPI</arg>
<arg>/api</arg>
<doc>Sends a GET request on a previously created HTTP Session.</doc>
<status status="PASS" start="2024-07-08T01:08:33.854096" elapsed="0.086365"/>
</kw>
<kw name="Set Variable" owner="BuiltIn">
<msg time="2024-07-08T01:08:33.941578" level="INFO">${json_data} = {'results': [{'gender': 'female', 'name': {'title': 'Ms', 'first': 'Nayeli', 'last': 'Llamas'}, 'location': {'street': {'number': 4477, 'name': 'Corredor Tlaxcala'}, 'city': 'Rincón de Tamayo', 'state...</msg>
<var>${json_data}</var>
<arg>${response.json()}</arg>
<doc>Returns the given values which can then be assigned to a variables.</doc>
<status status="PASS" start="2024-07-08T01:08:33.940999" elapsed="0.000617"/>
</kw>
<kw name="Log" owner="BuiltIn">
<msg time="2024-07-08T01:08:33.942096" level="INFO">{'results': [{'gender': 'female', 'name': {'title': 'Ms', 'first': 'Nayeli', 'last': 'Llamas'}, 'location': {'street': {'number': 4477, 'name': 'Corredor Tlaxcala'}, 'city': 'Rincón de Tamayo', 'state': 'Oaxaca', 'country': 'Mexico', 'postcode': 37041, 'coordinates': {'latitude': '22.0662', 'longitude': '52.2823'}, 'timezone': {'offset': '-8:00', 'description': 'Pacific Time (US &amp; Canada)'}}, 'email': 'nayeli.llamas@example.com', 'login': {'uuid': 'c7f278a9-44fc-4894-a771-efa3c6f7184d', 'username': 'beautifultiger975', 'password': 'julie1', 'salt': 'r9WIJqjE', 'md5': '384584cb4cbdb83b1d15d66049f63336', 'sha1': '220d3d820d030abf0ec127677743b2505c8057b6', 'sha256': '3d7865acf13a41ef7d8528915481428377da1ff08be46e820a73148f2af43139'}, 'dob': {'date': '1983-09-02T02:18:13.263Z', 'age': 40}, 'registered': {'date': '2006-02-21T08:56:22.386Z', 'age': 18}, 'phone': '(649) 405 2863', 'cell': '(643) 381 2561', 'id': {'name': 'NSS', 'value': '39 82 66 8592 8'}, 'picture': {'large': 'https://randomuser.me/api/portraits/women/77.jpg', 'medium': 'https://randomuser.me/api/portraits/med/women/77.jpg', 'thumbnail': 'https://randomuser.me/api/portraits/thumb/women/77.jpg'}, 'nat': 'MX'}], 'info': {'seed': 'a94b7b4961219253', 'results': 1, 'page': 1, 'version': '1.4'}}</msg>
<arg>${json_data}</arg>
<doc>Logs the given message with the given level.</doc>
<status status="PASS" start="2024-07-08T01:08:33.941933" elapsed="0.000216"/>
</kw>
<kw name="Dictionary Should Contain Key" owner="Collections">
<arg>${json_data}</arg>
<arg>results</arg>
<doc>Fails if ``key`` is not found from ``dictionary``.</doc>
<status status="PASS" start="2024-07-08T01:08:33.942448" elapsed="0.000174"/>
</kw>
<kw name="Should Not Be Empty" owner="BuiltIn">
<msg time="2024-07-08T01:08:33.942941" level="INFO">Length is 2.</msg>
<arg>${json_data}</arg>
<doc>Verifies that the given item is not empty.</doc>
<status status="PASS" start="2024-07-08T01:08:33.942812" elapsed="0.000169"/>
</kw>
<kw name="Create List" owner="BuiltIn">
<msg time="2024-07-08T01:08:33.943436" level="INFO">${expected_keys} = ['gender', 'name', 'location', 'email', 'login']</msg>
<var>${expected_keys}</var>
<arg>gender</arg>
<arg>name</arg>
<arg>location</arg>
<arg>email</arg>
<arg>login</arg>
<doc>Returns a list containing given items.</doc>
<status status="PASS" start="2024-07-08T01:08:33.943284" elapsed="0.000176"/>
</kw>
<for flavor="IN">
<iter>
<kw name="Dictionary Should Contain Key" owner="Collections">
<arg>${json_data['results'][0]}</arg>
<arg>${key}</arg>
<doc>Fails if ``key`` is not found from ``dictionary``.</doc>
<status status="PASS" start="2024-07-08T01:08:33.944214" elapsed="0.000408"/>
</kw>
<kw name="Log" owner="BuiltIn">
<msg time="2024-07-08T01:08:33.945183" level="INFO">{'gender': 'female', 'name': {'title': 'Ms', 'first': 'Nayeli', 'last': 'Llamas'}, 'location': {'street': {'number': 4477, 'name': 'Corredor Tlaxcala'}, 'city': 'Rincón de Tamayo', 'state': 'Oaxaca', 'country': 'Mexico', 'postcode': 37041, 'coordinates': {'latitude': '22.0662', 'longitude': '52.2823'}, 'timezone': {'offset': '-8:00', 'description': 'Pacific Time (US &amp; Canada)'}}, 'email': 'nayeli.llamas@example.com', 'login': {'uuid': 'c7f278a9-44fc-4894-a771-efa3c6f7184d', 'username': 'beautifultiger975', 'password': 'julie1', 'salt': 'r9WIJqjE', 'md5': '384584cb4cbdb83b1d15d66049f63336', 'sha1': '220d3d820d030abf0ec127677743b2505c8057b6', 'sha256': '3d7865acf13a41ef7d8528915481428377da1ff08be46e820a73148f2af43139'}, 'dob': {'date': '1983-09-02T02:18:13.263Z', 'age': 40}, 'registered': {'date': '2006-02-21T08:56:22.386Z', 'age': 18}, 'phone': '(649) 405 2863', 'cell': '(643) 381 2561', 'id': {'name': 'NSS', 'value': '39 82 66 8592 8'}, 'picture': {'large': 'https://randomuser.me/api/portraits/women/77.jpg', 'medium': 'https://randomuser.me/api/portraits/med/women/77.jpg', 'thumbnail': 'https://randomuser.me/api/portraits/thumb/women/77.jpg'}, 'nat': 'MX'}</msg>
<arg>${json_data['results'][0]}</arg>
<doc>Logs the given message with the given level.</doc>
<status status="PASS" start="2024-07-08T01:08:33.944817" elapsed="0.000420"/>
</kw>
<kw name="Log" owner="BuiltIn">
<msg time="2024-07-08T01:08:33.945708" level="INFO">gender</msg>
<arg>${key}</arg>
<doc>Logs the given message with the given level.</doc>
<status status="PASS" start="2024-07-08T01:08:33.945567" elapsed="0.000181"/>
</kw>
<var name="${key}">gender</var>
<status status="PASS" start="2024-07-08T01:08:33.944086" elapsed="0.001884"/>
</iter>
<iter>
<kw name="Dictionary Should Contain Key" owner="Collections">
<arg>${json_data['results'][0]}</arg>
<arg>${key}</arg>
<doc>Fails if ``key`` is not found from ``dictionary``.</doc>
<status status="PASS" start="2024-07-08T01:08:33.946281" elapsed="0.000398"/>
</kw>
<kw name="Log" owner="BuiltIn">
<msg time="2024-07-08T01:08:33.947269" level="INFO">{'gender': 'female', 'name': {'title': 'Ms', 'first': 'Nayeli', 'last': 'Llamas'}, 'location': {'street': {'number': 4477, 'name': 'Corredor Tlaxcala'}, 'city': 'Rincón de Tamayo', 'state': 'Oaxaca', 'country': 'Mexico', 'postcode': 37041, 'coordinates': {'latitude': '22.0662', 'longitude': '52.2823'}, 'timezone': {'offset': '-8:00', 'description': 'Pacific Time (US &amp; Canada)'}}, 'email': 'nayeli.llamas@example.com', 'login': {'uuid': 'c7f278a9-44fc-4894-a771-efa3c6f7184d', 'username': 'beautifultiger975', 'password': 'julie1', 'salt': 'r9WIJqjE', 'md5': '384584cb4cbdb83b1d15d66049f63336', 'sha1': '220d3d820d030abf0ec127677743b2505c8057b6', 'sha256': '3d7865acf13a41ef7d8528915481428377da1ff08be46e820a73148f2af43139'}, 'dob': {'date': '1983-09-02T02:18:13.263Z', 'age': 40}, 'registered': {'date': '2006-02-21T08:56:22.386Z', 'age': 18}, 'phone': '(649) 405 2863', 'cell': '(643) 381 2561', 'id': {'name': 'NSS', 'value': '39 82 66 8592 8'}, 'picture': {'large': 'https://randomuser.me/api/portraits/women/77.jpg', 'medium': 'https://randomuser.me/api/portraits/med/women/77.jpg', 'thumbnail': 'https://randomuser.me/api/portraits/thumb/women/77.jpg'}, 'nat': 'MX'}</msg>
<arg>${json_data['results'][0]}</arg>
<doc>Logs the given message with the given level.</doc>
<status status="PASS" start="2024-07-08T01:08:33.946867" elapsed="0.000454"/>
</kw>
<kw name="Log" owner="BuiltIn">
<msg time="2024-07-08T01:08:33.947752" level="INFO">name</msg>
<arg>${key}</arg>
<doc>Logs the given message with the given level.</doc>
<status status="PASS" start="2024-07-08T01:08:33.947623" elapsed="0.000167"/>
</kw>
<var name="${key}">name</var>
<status status="PASS" start="2024-07-08T01:08:33.946160" elapsed="0.001850"/>
</iter>
<iter>
<kw name="Dictionary Should Contain Key" owner="Collections">
<arg>${json_data['results'][0]}</arg>
<arg>${key}</arg>
<doc>Fails if ``key`` is not found from ``dictionary``.</doc>
<status status="PASS" start="2024-07-08T01:08:33.948301" elapsed="0.000383"/>
</kw>
<kw name="Log" owner="BuiltIn">
<msg time="2024-07-08T01:08:33.949219" level="INFO">{'gender': 'female', 'name': {'title': 'Ms', 'first': 'Nayeli', 'last': 'Llamas'}, 'location': {'street': {'number': 4477, 'name': 'Corredor Tlaxcala'}, 'city': 'Rincón de Tamayo', 'state': 'Oaxaca', 'country': 'Mexico', 'postcode': 37041, 'coordinates': {'latitude': '22.0662', 'longitude': '52.2823'}, 'timezone': {'offset': '-8:00', 'description': 'Pacific Time (US &amp; Canada)'}}, 'email': 'nayeli.llamas@example.com', 'login': {'uuid': 'c7f278a9-44fc-4894-a771-efa3c6f7184d', 'username': 'beautifultiger975', 'password': 'julie1', 'salt': 'r9WIJqjE', 'md5': '384584cb4cbdb83b1d15d66049f63336', 'sha1': '220d3d820d030abf0ec127677743b2505c8057b6', 'sha256': '3d7865acf13a41ef7d8528915481428377da1ff08be46e820a73148f2af43139'}, 'dob': {'date': '1983-09-02T02:18:13.263Z', 'age': 40}, 'registered': {'date': '2006-02-21T08:56:22.386Z', 'age': 18}, 'phone': '(649) 405 2863', 'cell': '(643) 381 2561', 'id': {'name': 'NSS', 'value': '39 82 66 8592 8'}, 'picture': {'large': 'https://randomuser.me/api/portraits/women/77.jpg', 'medium': 'https://randomuser.me/api/portraits/med/women/77.jpg', 'thumbnail': 'https://randomuser.me/api/portraits/thumb/women/77.jpg'}, 'nat': 'MX'}</msg>
<arg>${json_data['results'][0]}</arg>
<doc>Logs the given message with the given level.</doc>
<status status="PASS" start="2024-07-08T01:08:33.948868" elapsed="0.000414"/>
</kw>
<kw name="Log" owner="BuiltIn">
<msg time="2024-07-08T01:08:33.949750" level="INFO">location</msg>
<arg>${key}</arg>
<doc>Logs the given message with the given level.</doc>
<status status="PASS" start="2024-07-08T01:08:33.949618" elapsed="0.000169"/>
</kw>
<var name="${key}">location</var>
<status status="PASS" start="2024-07-08T01:08:33.948190" elapsed="0.001815"/>
</iter>
<iter>
<kw name="Dictionary Should Contain Key" owner="Collections">
<arg>${json_data['results'][0]}</arg>
<arg>${key}</arg>
<doc>Fails if ``key`` is not found from ``dictionary``.</doc>
<status status="PASS" start="2024-07-08T01:08:33.950290" elapsed="0.000389"/>
</kw>
<kw name="Log" owner="BuiltIn">
<msg time="2024-07-08T01:08:33.951220" level="INFO">{'gender': 'female', 'name': {'title': 'Ms', 'first': 'Nayeli', 'last': 'Llamas'}, 'location': {'street': {'number': 4477, 'name': 'Corredor Tlaxcala'}, 'city': 'Rincón de Tamayo', 'state': 'Oaxaca', 'country': 'Mexico', 'postcode': 37041, 'coordinates': {'latitude': '22.0662', 'longitude': '52.2823'}, 'timezone': {'offset': '-8:00', 'description': 'Pacific Time (US &amp; Canada)'}}, 'email': 'nayeli.llamas@example.com', 'login': {'uuid': 'c7f278a9-44fc-4894-a771-efa3c6f7184d', 'username': 'beautifultiger975', 'password': 'julie1', 'salt': 'r9WIJqjE', 'md5': '384584cb4cbdb83b1d15d66049f63336', 'sha1': '220d3d820d030abf0ec127677743b2505c8057b6', 'sha256': '3d7865acf13a41ef7d8528915481428377da1ff08be46e820a73148f2af43139'}, 'dob': {'date': '1983-09-02T02:18:13.263Z', 'age': 40}, 'registered': {'date': '2006-02-21T08:56:22.386Z', 'age': 18}, 'phone': '(649) 405 2863', 'cell': '(643) 381 2561', 'id': {'name': 'NSS', 'value': '39 82 66 8592 8'}, 'picture': {'large': 'https://randomuser.me/api/portraits/women/77.jpg', 'medium': 'https://randomuser.me/api/portraits/med/women/77.jpg', 'thumbnail': 'https://randomuser.me/api/portraits/thumb/women/77.jpg'}, 'nat': 'MX'}</msg>
<arg>${json_data['results'][0]}</arg>
<doc>Logs the given message with the given level.</doc>
<status status="PASS" start="2024-07-08T01:08:33.950866" elapsed="0.000407"/>
</kw>
<kw name="Log" owner="BuiltIn">
<msg time="2024-07-08T01:08:33.951709" level="INFO">email</msg>
<arg>${key}</arg>
<doc>Logs the given message with the given level.</doc>
<status status="PASS" start="2024-07-08T01:08:33.951578" elapsed="0.000170"/>
</kw>
<var name="${key}">email</var>
<status status="PASS" start="2024-07-08T01:08:33.950180" elapsed="0.001790"/>
</iter>
<iter>
<kw name="Dictionary Should Contain Key" owner="Collections">
<arg>${json_data['results'][0]}</arg>
<arg>${key}</arg>
<doc>Fails if ``key`` is not found from ``dictionary``.</doc>
<status status="PASS" start="2024-07-08T01:08:33.952254" elapsed="0.000397"/>
</kw>
<kw name="Log" owner="BuiltIn">
<msg time="2024-07-08T01:08:33.953195" level="INFO">{'gender': 'female', 'name': {'title': 'Ms', 'first': 'Nayeli', 'last': 'Llamas'}, 'location': {'street': {'number': 4477, 'name': 'Corredor Tlaxcala'}, 'city': 'Rincón de Tamayo', 'state': 'Oaxaca', 'country': 'Mexico', 'postcode': 37041, 'coordinates': {'latitude': '22.0662', 'longitude': '52.2823'}, 'timezone': {'offset': '-8:00', 'description': 'Pacific Time (US &amp; Canada)'}}, 'email': 'nayeli.llamas@example.com', 'login': {'uuid': 'c7f278a9-44fc-4894-a771-efa3c6f7184d', 'username': 'beautifultiger975', 'password': 'julie1', 'salt': 'r9WIJqjE', 'md5': '384584cb4cbdb83b1d15d66049f63336', 'sha1': '220d3d820d030abf0ec127677743b2505c8057b6', 'sha256': '3d7865acf13a41ef7d8528915481428377da1ff08be46e820a73148f2af43139'}, 'dob': {'date': '1983-09-02T02:18:13.263Z', 'age': 40}, 'registered': {'date': '2006-02-21T08:56:22.386Z', 'age': 18}, 'phone': '(649) 405 2863', 'cell': '(643) 381 2561', 'id': {'name': 'NSS', 'value': '39 82 66 8592 8'}, 'picture': {'large': 'https://randomuser.me/api/portraits/women/77.jpg', 'medium': 'https://randomuser.me/api/portraits/med/women/77.jpg', 'thumbnail': 'https://randomuser.me/api/portraits/thumb/women/77.jpg'}, 'nat': 'MX'}</msg>
<arg>${json_data['results'][0]}</arg>
<doc>Logs the given message with the given level.</doc>
<status status="PASS" start="2024-07-08T01:08:33.952834" elapsed="0.000413"/>
</kw>
<kw name="Log" owner="BuiltIn">
<msg time="2024-07-08T01:08:33.953714" level="INFO">login</msg>
<arg>${key}</arg>
<doc>Logs the given message with the given level.</doc>
<status status="PASS" start="2024-07-08T01:08:33.953575" elapsed="0.000177"/>
</kw>
<var name="${key}">login</var>
<status status="PASS" start="2024-07-08T01:08:33.952143" elapsed="0.001835"/>
</iter>
<var>${key}</var>
<value>@{expected_keys}</value>
<status status="PASS" start="2024-07-08T01:08:33.943887" elapsed="0.010213"/>
</for>
<kw name="Create List" owner="BuiltIn">
<msg time="2024-07-08T01:08:33.954468" level="INFO">${expected_keysTwo} = ['username', 'password']</msg>
<var>${expected_keysTwo}</var>
<arg>username</arg>
<arg>password</arg>
<doc>Returns a list containing given items.</doc>
<status status="PASS" start="2024-07-08T01:08:33.954327" elapsed="0.000166"/>
</kw>
<for flavor="IN">
<iter>
<kw name="Dictionary Should Contain Key" owner="Collections">
<arg>${json_data['results'][0]['login']}</arg>
<arg>${keyTwo}</arg>
<doc>Fails if ``key`` is not found from ``dictionary``.</doc>
<status status="PASS" start="2024-07-08T01:08:33.955001" elapsed="0.000386"/>
</kw>
<kw name="Dictionary Should Contain Key" owner="Collections">
<arg>${json_data['results'][0]['login']}</arg>
<arg>${keyTwo}</arg>
<doc>Fails if ``key`` is not found from ``dictionary``.</doc>
<status status="PASS" start="2024-07-08T01:08:33.955578" elapsed="0.000393"/>
</kw>
<kw name="Log" owner="BuiltIn">
<msg time="2024-07-08T01:08:33.956285" level="INFO">username</msg>
<arg>${keyTwo}</arg>
<doc>Logs the given message with the given level.</doc>
<status status="PASS" start="2024-07-08T01:08:33.956158" elapsed="0.000166"/>
</kw>
<var name="${keyTwo}">username</var>
<status status="PASS" start="2024-07-08T01:08:33.954890" elapsed="0.001656"/>
</iter>
<iter>
<kw name="Dictionary Should Contain Key" owner="Collections">
<arg>${json_data['results'][0]['login']}</arg>
<arg>${keyTwo}</arg>
<doc>Fails if ``key`` is not found from ``dictionary``.</doc>
<status status="PASS" start="2024-07-08T01:08:33.956826" elapsed="0.000385"/>
</kw>
<kw name="Dictionary Should Contain Key" owner="Collections">
<arg>${json_data['results'][0]['login']}</arg>
<arg>${keyTwo}</arg>
<doc>Fails if ``key`` is not found from ``dictionary``.</doc>
<status status="PASS" start="2024-07-08T01:08:33.957391" elapsed="0.000397"/>
</kw>
<kw name="Log" owner="BuiltIn">
<msg time="2024-07-08T01:08:33.958090" level="INFO">password</msg>
<arg>${keyTwo}</arg>
<doc>Logs the given message with the given level.</doc>
<status status="PASS" start="2024-07-08T01:08:33.957969" elapsed="0.000165"/>
</kw>
<var name="${keyTwo}">password</var>
<status status="PASS" start="2024-07-08T01:08:33.956717" elapsed="0.001643"/>
</iter>
<var>${keyTwo}</var>
<value>@{expected_keysTwo}</value>
<status status="PASS" start="2024-07-08T01:08:33.954735" elapsed="0.003746"/>
</for>
<status status="PASS" start="2024-07-08T01:08:33.853742" elapsed="0.104881"/>
</kw>
<doc>Testa a estrutura da resposta da API.</doc>
<tag>testeEstruturaResposta</tag>
<status status="PASS" start="2024-07-08T01:08:33.852900" elapsed="0.105886"/>
</test>
<test id="s1-s1-t4" name="Validar tipos de dados" line="28">
<kw name="Teste de Tipos de Dados" owner="random-user-service">
<kw name="GET On Session" owner="RequestsLibrary">
<msg time="2024-07-08T01:08:34.046673" level="INFO">GET Request : url=https://randomuser.me/api 
 path_url=/api 
 headers={'User-Agent': 'python-requests/2.32.3', 'Accept-Encoding': 'gzip, deflate', 'Accept': '*/*', 'Connection': 'keep-alive'} 
 body=None 
 </msg>
<msg time="2024-07-08T01:08:34.046775" level="INFO">GET Response : url=https://randomuser.me/api 
 status=200, reason=OK 
 headers={'Date': 'Mon, 08 Jul 2024 01:08:34 GMT', 'Content-Type': 'application/json; charset=utf-8', 'Transfer-Encoding': 'chunked', 'Connection': 'keep-alive', 'X-Powered-By': 'Express', 'Access-Control-Allow-Origin': '*', 'Cache-Control': 'no-cache', 'ETag': 'W/"495-sM4LOPk+vwlWCi4XC1I+m6mMoWI"', 'Vary': 'Accept-Encoding', 'Content-Encoding': 'gzip', 'CF-Cache-Status': 'DYNAMIC', 'Report-To': '{"endpoints":[{"url":"https:\\/\\/a.nel.cloudflare.com\\/report\\/v4?s=wgyn1uDwq4FpMsYPJmPGMG1ib0Udc775g80oYwE%2FwBZhFhaMr3Po9pe4lNBnhsnHqsmprQenFUUmUCFcVi4IxkE5XKGHMztUDulTmQfGOd%2BAz7pFnlnF%2BNsN7iYmfUxa"}],"group":"cf-nel","max_age":604800}', 'NEL': '{"success_fraction":0,"report_to":"cf-nel","max_age":604800}', 'Server': 'cloudflare', 'CF-RAY': '89fc2f104edd9685-SJC', 'alt-svc': 'h3=":443"; ma=86400'} 
 body={"results":[{"gender":"male","name":{"title":"Mr","first":"Beert","last":"Toepoel"},"location":{"street":{"number":1484,"name":"Koehierdesteeg"},"city":"Leggeloo","state":"Groningen","country":"Netherlands","postcode":"4843 HK","coordinates":{"latitude":"37.3840","longitude":"-156.4721"},"timezone":{"offset":"+5:30","description":"Bombay, Calcutta, Madras, New Delhi"}},"email":"beert.toepoel@example.com","login":{"uuid":"1bb2f75b-94f4-458b-8d33-6b2efb3642b9","username":"brownduck437","password":"stylus","salt":"Kq7svHTG","md5":"55502a3b80de7d4cf415434704d28d22","sha1":"b6ae27d668343b0a5d8b2ac56d3e96cd60541ba4","sha256":"3999cdbaa4142d6d01e6e4dd130d85e49d72efdf9f02928cb12ac26f8fb9a224"},"dob":{"date":"1985-05-31T19:38:24.222Z","age":39},"registered":{"date":"2004-10-03T18:49:23.252Z","age":19},"phone":"(0302) 018628","cell":"(06) 79356127","id":{"name":"BSN","value":"09706820"},"picture":{"large":"https://randomuser.me/api/portraits/men/89.jpg","medium":"https://randomuser.me/api/portraits/med/men/89.jpg","thumbnail":"https://randomuser.me/api/portraits/thumb/men/89.jpg"},"nat":"NL"}],"info":{"seed":"5a3ca1e7fdf0b6d1","results":1,"page":1,"version":"1.4"}} 
 </msg>
<msg time="2024-07-08T01:08:34.046849" level="INFO">/opt/hostedtoolcache/Python/3.12.4/x64/lib/python3.12/site-packages/urllib3/connectionpool.py:1099: InsecureRequestWarning: Unverified HTTPS request is being made to host 'randomuser.me'. Adding certificate verification is strongly advised. See: https://urllib3.readthedocs.io/en/latest/advanced-usage.html#tls-warnings
  warnings.warn(</msg>
<msg time="2024-07-08T01:08:34.046970" level="INFO">${response} = &lt;Response [200]&gt;</msg>
<var>${response}</var>
<arg>consultarAPI</arg>
<arg>/api</arg>
<doc>Sends a GET request on a previously created HTTP Session.</doc>
<status status="PASS" start="2024-07-08T01:08:33.961376" elapsed="0.085622"/>
</kw>
<kw name="Set Variable" owner="BuiltIn">
<msg time="2024-07-08T01:08:34.048119" level="INFO">${json_data} = {'results': [{'gender': 'male', 'name': {'title': 'Mr', 'first': 'Beert', 'last': 'Toepoel'}, 'location': {'street': {'number': 1484, 'name': 'Koehierdesteeg'}, 'city': 'Leggeloo', 'state': 'Groningen...</msg>
<var>${json_data}</var>
<arg>${response.json()}</arg>
<doc>Returns the given values which can then be assigned to a variables.</doc>
<status status="PASS" start="2024-07-08T01:08:34.047599" elapsed="0.000551"/>
</kw>
<kw name="Log" owner="BuiltIn">
<msg time="2024-07-08T01:08:34.048642" level="INFO">{'results': [{'gender': 'male', 'name': {'title': 'Mr', 'first': 'Beert', 'last': 'Toepoel'}, 'location': {'street': {'number': 1484, 'name': 'Koehierdesteeg'}, 'city': 'Leggeloo', 'state': 'Groningen', 'country': 'Netherlands', 'postcode': '4843 HK', 'coordinates': {'latitude': '37.3840', 'longitude': '-156.4721'}, 'timezone': {'offset': '+5:30', 'description': 'Bombay, Calcutta, Madras, New Delhi'}}, 'email': 'beert.toepoel@example.com', 'login': {'uuid': '1bb2f75b-94f4-458b-8d33-6b2efb3642b9', 'username': 'brownduck437', 'password': 'stylus', 'salt': 'Kq7svHTG', 'md5': '55502a3b80de7d4cf415434704d28d22', 'sha1': 'b6ae27d668343b0a5d8b2ac56d3e96cd60541ba4', 'sha256': '3999cdbaa4142d6d01e6e4dd130d85e49d72efdf9f02928cb12ac26f8fb9a224'}, 'dob': {'date': '1985-05-31T19:38:24.222Z', 'age': 39}, 'registered': {'date': '2004-10-03T18:49:23.252Z', 'age': 19}, 'phone': '(0302) 018628', 'cell': '(06) 79356127', 'id': {'name': 'BSN', 'value': '09706820'}, 'picture': {'large': 'https://randomuser.me/api/portraits/men/89.jpg', 'medium': 'https://randomuser.me/api/portraits/med/men/89.jpg', 'thumbnail': 'https://randomuser.me/api/portraits/thumb/men/89.jpg'}, 'nat': 'NL'}], 'info': {'seed': '5a3ca1e7fdf0b6d1', 'results': 1, 'page': 1, 'version': '1.4'}}</msg>
<arg>${json_data}</arg>
<doc>Logs the given message with the given level.</doc>
<status status="PASS" start="2024-07-08T01:08:34.048479" elapsed="0.000214"/>
</kw>
<kw name="Should Be String" owner="String">
<arg>${json_data['results'][0]['gender']}</arg>
<doc>Fails if the given ``item`` is not a string.</doc>
<status status="PASS" start="2024-07-08T01:08:34.048996" elapsed="0.000366"/>
</kw>
<kw name="Should Match Regexp" owner="BuiltIn">
<arg>${json_data['results'][0]['email']}</arg>
<arg>^[a-zA-Z0-9._%+-]+@[a-zA-Z0-9.-]+\.[a-zA-Z]{2,}$</arg>
<doc>Fails if ``string`` does not match ``pattern`` as a regular expression.</doc>
<status status="PASS" start="2024-07-08T01:08:34.049652" elapsed="0.000542"/>
</kw>
<kw name="Should Match Regexp" owner="BuiltIn">
<arg>${json_data['results'][0]['dob']['date']}</arg>
<arg>\\d{4}-\\d{2}-\\d{2}T\\d{2}:\\d{2}:\\d{2}\\.\\d{3}Z</arg>
<doc>Fails if ``string`` does not match ``pattern`` as a regular expression.</doc>
<status status="PASS" start="2024-07-08T01:08:34.050396" elapsed="0.000488"/>
</kw>
<kw name="Should Match Regexp" owner="BuiltIn">
<arg>${json_data['results'][0]['registered']['date']}</arg>
<arg>\\d{4}-\\d{2}-\\d{2}T\\d{2}:\\d{2}:\\d{2}\\.\\d{3}Z</arg>
<doc>Fails if ``string`` does not match ``pattern`` as a regular expression.</doc>
<status status="PASS" start="2024-07-08T01:08:34.051079" elapsed="0.000368"/>
</kw>
<kw name="Should Match Regexp" owner="BuiltIn">
<arg>${json_data['results'][0]['picture']['large']}</arg>
<arg>^https?://.*\.(?:png|jpe?g|gif|bmp)$</arg>
<doc>Fails if ``string`` does not match ``pattern`` as a regular expression.</doc>
<status status="PASS" start="2024-07-08T01:08:34.051634" elapsed="0.000459"/>
</kw>
<kw name="Should Match Regexp" owner="BuiltIn">
<arg>${json_data['results'][0]['picture']['medium']}</arg>
<arg>^https?://.*\.(?:png|jpe?g|gif|bmp)$</arg>
<doc>Fails if ``string`` does not match ``pattern`` as a regular expression.</doc>
<status status="PASS" start="2024-07-08T01:08:34.052282" elapsed="0.000358"/>
</kw>
<kw name="Should Match Regexp" owner="BuiltIn">
<arg>${json_data['results'][0]['picture']['thumbnail']}</arg>
<arg>^https?://.*\.(?:png|jpe?g|gif|bmp)$</arg>
<doc>Fails if ``string`` does not match ``pattern`` as a regular expression.</doc>
<status status="PASS" start="2024-07-08T01:08:34.052824" elapsed="0.000511"/>
</kw>
<kw name="Log" owner="BuiltIn">
<msg time="2024-07-08T01:08:34.053958" level="INFO">{'large': 'https://randomuser.me/api/portraits/men/89.jpg', 'medium': 'https://randomuser.me/api/portraits/med/men/89.jpg', 'thumbnail': 'https://randomuser.me/api/portraits/thumb/men/89.jpg'}</msg>
<arg>${json_data['results'][0]['picture']}</arg>
<doc>Logs the given message with the given level.</doc>
<status status="PASS" start="2024-07-08T01:08:34.053606" elapsed="0.000397"/>
</kw>
<status status="PASS" start="2024-07-08T01:08:33.961146" elapsed="0.093126"/>
</kw>
<kw name="Teste de Tipos de Dados - Postcode" owner="random-user-service">
<kw name="GET On Session" owner="RequestsLibrary">
<msg time="2024-07-08T01:08:34.160549" level="INFO">GET Request : url=https://randomuser.me/api 
 path_url=/api 
 headers={'User-Agent': 'python-requests/2.32.3', 'Accept-Encoding': 'gzip, deflate', 'Accept': '*/*', 'Connection': 'keep-alive'} 
 body=None 
 </msg>
<msg time="2024-07-08T01:08:34.160662" level="INFO">GET Response : url=https://randomuser.me/api 
 status=200, reason=OK 
 headers={'Date': 'Mon, 08 Jul 2024 01:08:34 GMT', 'Content-Type': 'application/json; charset=utf-8', 'Transfer-Encoding': 'chunked', 'Connection': 'keep-alive', 'X-Powered-By': 'Express', 'Access-Control-Allow-Origin': '*', 'Cache-Control': 'no-cache', 'ETag': 'W/"491-fxuy7xcm0cLI/h8w8PMb8upEz6I"', 'Vary': 'Accept-Encoding', 'Content-Encoding': 'gzip', 'CF-Cache-Status': 'DYNAMIC', 'Report-To': '{"endpoints":[{"url":"https:\\/\\/a.nel.cloudflare.com\\/report\\/v4?s=E%2FtcjV8ouJtddVfCCeQkqoTXV2mmfi9H3iejaFU6wvclF9Vwt25SbA%2F09OHlt%2BAFdB4vNd5Bo%2BD9FqeNi%2FodeRcSFDndgU5nvnlG0TUkCWK7OQPRHiGfzkhpEYAjR6qG"}],"group":"cf-nel","max_age":604800}', 'NEL': '{"success_fraction":0,"report_to":"cf-nel","max_age":604800}', 'Server': 'cloudflare', 'CF-RAY': '89fc2f10ff399685-SJC', 'alt-svc': 'h3=":443"; ma=86400'} 
 body={"results":[{"gender":"female","name":{"title":"Miss","first":"Jessie","last":"Sanders"},"location":{"street":{"number":6995,"name":"Central St"},"city":"Santa Clara","state":"New Jersey","country":"United States","postcode":48074,"coordinates":{"latitude":"86.1222","longitude":"118.4168"},"timezone":{"offset":"-2:00","description":"Mid-Atlantic"}},"email":"jessie.sanders@example.com","login":{"uuid":"7c15b1c9-6bea-4753-86d3-1ac6e23cac11","username":"brownbutterfly663","password":"suzuki","salt":"U6OCwncA","md5":"aede9da10459746051154dbb5f4fa8ae","sha1":"393ff2c2feb85d42733bdf8f7101e39b137eaf6b","sha256":"e4a4e38e8fb2c7f22673517f389ebdb44932ecd5da01a92d3bb6c833378f1239"},"dob":{"date":"1988-11-26T02:14:55.904Z","age":35},"registered":{"date":"2009-11-04T00:32:52.217Z","age":14},"phone":"(327) 770-0433","cell":"(331) 456-9527","id":{"name":"SSN","value":"879-34-5269"},"picture":{"large":"https://randomuser.me/api/portraits/women/84.jpg","medium":"https://randomuser.me/api/portraits/med/women/84.jpg","thumbnail":"https://randomuser.me/api/portraits/thumb/women/84.jpg"},"nat":"US"}],"info":{"seed":"bc2855af23688a25","results":1,"page":1,"version":"1.4"}} 
 </msg>
<msg time="2024-07-08T01:08:34.160736" level="INFO">/opt/hostedtoolcache/Python/3.12.4/x64/lib/python3.12/site-packages/urllib3/connectionpool.py:1099: InsecureRequestWarning: Unverified HTTPS request is being made to host 'randomuser.me'. Adding certificate verification is strongly advised. See: https://urllib3.readthedocs.io/en/latest/advanced-usage.html#tls-warnings
  warnings.warn(</msg>
<msg time="2024-07-08T01:08:34.160868" level="INFO">${response} = &lt;Response [200]&gt;</msg>
<var>${response}</var>
<arg>consultarAPI</arg>
<arg>/api</arg>
<doc>Sends a GET request on a previously created HTTP Session.</doc>
<status status="PASS" start="2024-07-08T01:08:34.054734" elapsed="0.106174"/>
</kw>
<kw name="Set Variable" owner="BuiltIn">
<msg time="2024-07-08T01:08:34.162219" level="INFO">${json_data} = {'results': [{'gender': 'female', 'name': {'title': 'Miss', 'first': 'Jessie', 'last': 'Sanders'}, 'location': {'street': {'number': 6995, 'name': 'Central St'}, 'city': 'Santa Clara', 'state': 'New J...</msg>
<var>${json_data}</var>
<arg>${response.json()}</arg>
<doc>Returns the given values which can then be assigned to a variables.</doc>
<status status="PASS" start="2024-07-08T01:08:34.161614" elapsed="0.000636"/>
</kw>
<kw name="Log" owner="BuiltIn">
<msg time="2024-07-08T01:08:34.162752" level="INFO">{'results': [{'gender': 'female', 'name': {'title': 'Miss', 'first': 'Jessie', 'last': 'Sanders'}, 'location': {'street': {'number': 6995, 'name': 'Central St'}, 'city': 'Santa Clara', 'state': 'New Jersey', 'country': 'United States', 'postcode': 48074, 'coordinates': {'latitude': '86.1222', 'longitude': '118.4168'}, 'timezone': {'offset': '-2:00', 'description': 'Mid-Atlantic'}}, 'email': 'jessie.sanders@example.com', 'login': {'uuid': '7c15b1c9-6bea-4753-86d3-1ac6e23cac11', 'username': 'brownbutterfly663', 'password': 'suzuki', 'salt': 'U6OCwncA', 'md5': 'aede9da10459746051154dbb5f4fa8ae', 'sha1': '393ff2c2feb85d42733bdf8f7101e39b137eaf6b', 'sha256': 'e4a4e38e8fb2c7f22673517f389ebdb44932ecd5da01a92d3bb6c833378f1239'}, 'dob': {'date': '1988-11-26T02:14:55.904Z', 'age': 35}, 'registered': {'date': '2009-11-04T00:32:52.217Z', 'age': 14}, 'phone': '(327) 770-0433', 'cell': '(331) 456-9527', 'id': {'name': 'SSN', 'value': '879-34-5269'}, 'picture': {'large': 'https://randomuser.me/api/portraits/women/84.jpg', 'medium': 'https://randomuser.me/api/portraits/med/women/84.jpg', 'thumbnail': 'https://randomuser.me/api/portraits/thumb/women/84.jpg'}, 'nat': 'US'}], 'info': {'seed': 'bc2855af23688a25', 'results': 1, 'page': 1, 'version': '1.4'}}</msg>
<arg>${json_data}</arg>
<doc>Logs the given message with the given level.</doc>
<status status="PASS" start="2024-07-08T01:08:34.162580" elapsed="0.000224"/>
</kw>
<kw name="Should Be Equal As Numbers" owner="BuiltIn">
<arg>${json_data['results'][0]['location']['postcode']}</arg>
<arg>${json_data['results'][0]['location']['postcode']}</arg>
<doc>Fails if objects are unequal after converting them to real numbers.</doc>
<status status="PASS" start="2024-07-08T01:08:34.163105" elapsed="0.000645"/>
</kw>
<kw name="Log" owner="BuiltIn">
<msg time="2024-07-08T01:08:34.164327" level="INFO">48074</msg>
<arg>${json_data['results'][0]['location']['postcode']}</arg>
<doc>Logs the given message with the given level.</doc>
<status status="PASS" start="2024-07-08T01:08:34.163979" elapsed="0.000391"/>
</kw>
<status status="PASS" start="2024-07-08T01:08:34.054505" elapsed="0.110130"/>
</kw>
<doc>Testa se os tipos de dados na resposta da API estão corretos.</doc>
<tag>testeTiposDados</tag>
<status status="PASS" start="2024-07-08T01:08:33.960564" elapsed="0.204250"/>
</test>
<test id="s1-s1-t5" name="Validar conteudo" line="35">
<kw name="Teste de Tipos de Conteudo" owner="random-user-service">
<kw name="GET On Session" owner="RequestsLibrary">
<msg time="2024-07-08T01:08:34.253645" level="INFO">GET Request : url=https://randomuser.me/api 
 path_url=/api 
 headers={'User-Agent': 'python-requests/2.32.3', 'Accept-Encoding': 'gzip, deflate', 'Accept': '*/*', 'Connection': 'keep-alive'} 
 body=None 
 </msg>
<msg time="2024-07-08T01:08:34.253759" level="INFO">GET Response : url=https://randomuser.me/api 
 status=200, reason=OK 
 headers={'Date': 'Mon, 08 Jul 2024 01:08:34 GMT', 'Content-Type': 'application/json; charset=utf-8', 'Transfer-Encoding': 'chunked', 'Connection': 'keep-alive', 'X-Powered-By': 'Express', 'Access-Control-Allow-Origin': '*', 'Cache-Control': 'no-cache', 'ETag': 'W/"49a-yHVVHs1Q3DTJcouG7qmGZcDAdeo"', 'Vary': 'Accept-Encoding', 'Content-Encoding': 'gzip', 'CF-Cache-Status': 'DYNAMIC', 'Report-To': '{"endpoints":[{"url":"https:\\/\\/a.nel.cloudflare.com\\/report\\/v4?s=NKxC0XB5ravPOicnj%2Bjt%2FXqfThg4AzGa6wjjKxZV0h2e5njFRPBh%2BeUGm6KRClzD96kcA3tgodiOCAJllnMKWew%2B0t4AU61N29Nkvq3vgD39kQa04K9Vg0qFDxsJ9EaS"}],"group":"cf-nel","max_age":604800}', 'NEL': '{"success_fraction":0,"report_to":"cf-nel","max_age":604800}', 'Server': 'cloudflare', 'CF-RAY': '89fc2f119f9d9685-SJC', 'alt-svc': 'h3=":443"; ma=86400'} 
 body={"results":[{"gender":"female","name":{"title":"Ms","first":"Medina","last":"Tronstad"},"location":{"street":{"number":5201,"name":"Henrik Klausens gate"},"city":"Fossbergom","state":"Hedmark","country":"Norway","postcode":"4868","coordinates":{"latitude":"44.9563","longitude":"63.4653"},"timezone":{"offset":"-4:00","description":"Atlantic Time (Canada), Caracas, La Paz"}},"email":"medina.tronstad@example.com","login":{"uuid":"aed48535-822d-41ae-96be-ad947d74d46d","username":"whiteostrich833","password":"r2d2","salt":"ii1gN52y","md5":"3ebfd1c9f1ae43f47f6da3867b11b20c","sha1":"da95d469336a2cfc73c1f9aed45ac78a4e3040ea","sha256":"fe5fd211b3dbcc6f92081d8983341ea54385a5c234e6e3700b8558b7de942ab1"},"dob":{"date":"1978-06-06T11:11:07.730Z","age":46},"registered":{"date":"2007-05-15T09:41:34.383Z","age":17},"phone":"84282385","cell":"40342552","id":{"name":"FN","value":"06067840656"},"picture":{"large":"https://randomuser.me/api/portraits/women/44.jpg","medium":"https://randomuser.me/api/portraits/med/women/44.jpg","thumbnail":"https://randomuser.me/api/portraits/thumb/women/44.jpg"},"nat":"NO"}],"info":{"seed":"ba8242bfb0242d83","results":1,"page":1,"version":"1.4"}} 
 </msg>
<msg time="2024-07-08T01:08:34.253861" level="INFO">/opt/hostedtoolcache/Python/3.12.4/x64/lib/python3.12/site-packages/urllib3/connectionpool.py:1099: InsecureRequestWarning: Unverified HTTPS request is being made to host 'randomuser.me'. Adding certificate verification is strongly advised. See: https://urllib3.readthedocs.io/en/latest/advanced-usage.html#tls-warnings
  warnings.warn(</msg>
<msg time="2024-07-08T01:08:34.253986" level="INFO">${response} = &lt;Response [200]&gt;</msg>
<var>${response}</var>
<arg>consultarAPI</arg>
<arg>/api</arg>
<doc>Sends a GET request on a previously created HTTP Session.</doc>
<status status="PASS" start="2024-07-08T01:08:34.167607" elapsed="0.086419"/>
</kw>
<kw name="Set Variable" owner="BuiltIn">
<msg time="2024-07-08T01:08:34.255289" level="INFO">${json_data} = {'results': [{'gender': 'female', 'name': {'title': 'Ms', 'first': 'Medina', 'last': 'Tronstad'}, 'location': {'street': {'number': 5201, 'name': 'Henrik Klausens gate'}, 'city': 'Fossbergom', 'state'...</msg>
<var>${json_data}</var>
<arg>${response.json()}</arg>
<doc>Returns the given values which can then be assigned to a variables.</doc>
<status status="PASS" start="2024-07-08T01:08:34.254677" elapsed="0.000642"/>
</kw>
<kw name="Set Variable" owner="BuiltIn">
<msg time="2024-07-08T01:08:34.256030" level="INFO">${name_title} = Ms</msg>
<var>${name_title}</var>
<arg>${json_data["results"][0]["name"]["title"]}</arg>
<doc>Returns the given values which can then be assigned to a variables.</doc>
<status status="PASS" start="2024-07-08T01:08:34.255635" elapsed="0.000421"/>
</kw>
<kw name="Create List" owner="BuiltIn">
<msg time="2024-07-08T01:08:34.256517" level="INFO">${allowed_titles} = ['Mr', 'Ms', 'Miss', 'Mrs', 'Madame', 'Monsieur']</msg>
<var>${allowed_titles}</var>
<arg>Mr</arg>
<arg>Ms</arg>
<arg>Miss</arg>
<arg>Mrs</arg>
<arg>Madame</arg>
<arg>Monsieur</arg>
<doc>Returns a list containing given items.</doc>
<status status="PASS" start="2024-07-08T01:08:34.256363" elapsed="0.000180"/>
</kw>
<kw name="List Should Contain Value" owner="Collections">
<arg>${allowed_titles}</arg>
<arg>${name_title}</arg>
<doc>Fails if the ``value`` is not found from ``list``.</doc>
<status status="PASS" start="2024-07-08T01:08:34.256848" elapsed="0.000181"/>
</kw>
<kw name="Set Variable" owner="BuiltIn">
<msg time="2024-07-08T01:08:34.257649" level="INFO">${name_country} = NO</msg>
<var>${name_country}</var>
<arg>${json_data["results"][0]["nat"]}</arg>
<doc>Returns the given values which can then be assigned to a variables.</doc>
<status status="PASS" start="2024-07-08T01:08:34.257213" elapsed="0.000462"/>
</kw>
<kw name="Create List" owner="BuiltIn">
<msg time="2024-07-08T01:08:34.258571" level="INFO">${list_country} = ['AD', 'AE', 'AF', 'AG', 'AI', 'AL', 'AM', 'AO', 'AQ', 'AR', 'AS', 'AT', 'AU', 'AW', 'AX', 'AZ', 'BA', 'BB', 'BD', 'BE', 'BF', 'BG', 'BH', 'BI', 'BJ', 'BL', 'BM', 'BN', 'BO', 'BQ', 'BR', 'BS', 'BT', '...</msg>
<var>${list_country}</var>
<arg>AD</arg>
<arg>AE</arg>
<arg>AF</arg>
<arg>AG</arg>
<arg>AI</arg>
<arg>AL</arg>
<arg>AM</arg>
<arg>AO</arg>
<arg>AQ</arg>
<arg>AR</arg>
<arg>AS</arg>
<arg>AT</arg>
<arg>AU</arg>
<arg>AW</arg>
<arg>AX</arg>
<arg>AZ</arg>
<arg>BA</arg>
<arg>BB</arg>
<arg>BD</arg>
<arg>BE</arg>
<arg>BF</arg>
<arg>BG</arg>
<arg>BH</arg>
<arg>BI</arg>
<arg>BJ</arg>
<arg>BL</arg>
<arg>BM</arg>
<arg>BN</arg>
<arg>BO</arg>
<arg>BQ</arg>
<arg>BR</arg>
<arg>BS</arg>
<arg>BT</arg>
<arg>BV</arg>
<arg>BW</arg>
<arg>BY</arg>
<arg>BZ</arg>
<arg>CA</arg>
<arg>CC</arg>
<arg>CD</arg>
<arg>CF</arg>
<arg>CG</arg>
<arg>CH</arg>
<arg>CI</arg>
<arg>CK</arg>
<arg>CL</arg>
<arg>CM</arg>
<arg>CN</arg>
<arg>CO</arg>
<arg>CR</arg>
<arg>CU</arg>
<arg>CV</arg>
<arg>CW</arg>
<arg>CX</arg>
<arg>CY</arg>
<arg>CZ</arg>
<arg>DE</arg>
<arg>DJ</arg>
<arg>DK</arg>
<arg>DM</arg>
<arg>DO</arg>
<arg>DZ</arg>
<arg>EC</arg>
<arg>EE</arg>
<arg>EG</arg>
<arg>EH</arg>
<arg>ER</arg>
<arg>ES</arg>
<arg>ET</arg>
<arg>FI</arg>
<arg>FJ</arg>
<arg>FK</arg>
<arg>FM</arg>
<arg>FO</arg>
<arg>FR</arg>
<arg>GA</arg>
<arg>GB</arg>
<arg>GD</arg>
<arg>GE</arg>
<arg>GF</arg>
<arg>GG</arg>
<arg>GH</arg>
<arg>GI</arg>
<arg>GL</arg>
<arg>GM</arg>
<arg>GN</arg>
<arg>GP</arg>
<arg>GQ</arg>
<arg>GR</arg>
<arg>GS</arg>
<arg>GT</arg>
<arg>GU</arg>
<arg>GW</arg>
<arg>GY</arg>
<arg>HK</arg>
<arg>HM</arg>
<arg>HN</arg>
<arg>HR</arg>
<arg>HT</arg>
<arg>HU</arg>
<arg>ID</arg>
<arg>IE</arg>
<arg>IL</arg>
<arg>IM</arg>
<arg>IN</arg>
<arg>IO</arg>
<arg>IQ</arg>
<arg>IR</arg>
<arg>IS</arg>
<arg>IT</arg>
<arg>JE</arg>
<arg>JM</arg>
<arg>JO</arg>
<arg>JP</arg>
<arg>KE</arg>
<arg>KG</arg>
<arg>KH</arg>
<arg>KI</arg>
<arg>KM</arg>
<arg>KN</arg>
<arg>KP</arg>
<arg>KR</arg>
<arg>KW</arg>
<arg>KY</arg>
<arg>KZ</arg>
<arg>LA</arg>
<arg>LB</arg>
<arg>LC</arg>
<arg>LI</arg>
<arg>LK</arg>
<arg>LR</arg>
<arg>LS</arg>
<arg>LT</arg>
<arg>LU</arg>
<arg>LV</arg>
<arg>LY</arg>
<arg>MA</arg>
<arg>MC</arg>
<arg>MD</arg>
<arg>ME</arg>
<arg>MF</arg>
<arg>MG</arg>
<arg>MH</arg>
<arg>MK</arg>
<arg>ML</arg>
<arg>MM</arg>
<arg>MN</arg>
<arg>MO</arg>
<arg>MP</arg>
<arg>MQ</arg>
<arg>MR</arg>
<arg>MS</arg>
<arg>MT</arg>
<arg>MU</arg>
<arg>MV</arg>
<arg>MW</arg>
<arg>MX</arg>
<arg>MY</arg>
<arg>MZ</arg>
<arg>NA</arg>
<arg>NC</arg>
<arg>NE</arg>
<arg>NF</arg>
<arg>NG</arg>
<arg>NI</arg>
<arg>NL</arg>
<arg>NO</arg>
<arg>NP</arg>
<arg>NR</arg>
<arg>NU</arg>
<arg>NZ</arg>
<arg>OM</arg>
<arg>PA</arg>
<arg>PE</arg>
<arg>PF</arg>
<arg>PG</arg>
<arg>PH</arg>
<arg>PK</arg>
<arg>PL</arg>
<arg>PM</arg>
<arg>PN</arg>
<arg>PR</arg>
<arg>PS</arg>
<arg>PT</arg>
<arg>PW</arg>
<arg>PY</arg>
<arg>QA</arg>
<arg>RE</arg>
<arg>RO</arg>
<arg>RS</arg>
<arg>RU</arg>
<arg>RW</arg>
<arg>SA</arg>
<arg>SB</arg>
<arg>SC</arg>
<arg>SD</arg>
<arg>SE</arg>
<arg>SG</arg>
<arg>SH</arg>
<arg>SI</arg>
<arg>SJ</arg>
<arg>SK</arg>
<arg>SL</arg>
<arg>SM</arg>
<arg>SN</arg>
<arg>SO</arg>
<arg>SR</arg>
<arg>SS</arg>
<arg>ST</arg>
<arg>SV</arg>
<arg>SX</arg>
<arg>SY</arg>
<arg>SZ</arg>
<arg>TC</arg>
<arg>TD</arg>
<arg>TF</arg>
<arg>TG</arg>
<arg>TH</arg>
<arg>TJ</arg>
<arg>TK</arg>
<arg>TL</arg>
<arg>TM</arg>
<arg>TN</arg>
<arg>TO</arg>
<arg>TR</arg>
<arg>TT</arg>
<arg>TV</arg>
<arg>TW</arg>
<arg>TZ</arg>
<arg>UA</arg>
<arg>UG</arg>
<arg>UM</arg>
<arg>US</arg>
<arg>UY</arg>
<arg>UZ</arg>
<arg>VA</arg>
<arg>VC</arg>
<arg>VE</arg>
<arg>VG</arg>
<arg>VI</arg>
<arg>VN</arg>
<arg>VU</arg>
<arg>WF</arg>
<arg>WS</arg>
<arg>XK</arg>
<arg>YE</arg>
<arg>YT</arg>
<arg>ZA</arg>
<arg>ZM</arg>
<arg>ZW</arg>
<doc>Returns a list containing given items.</doc>
<status status="PASS" start="2024-07-08T01:08:34.257977" elapsed="0.000620"/>
</kw>
<kw name="List Should Contain Value" owner="Collections">
<arg>${list_country}</arg>
<arg>${name_country}</arg>
<doc>Fails if the ``value`` is not found from ``list``.</doc>
<status status="PASS" start="2024-07-08T01:08:34.259393" elapsed="0.000208"/>
</kw>
<kw name="Run Keyword If" owner="BuiltIn">
<kw name="Should Be True" owner="BuiltIn">
<arg>${True}</arg>
<doc>Fails if the given condition is not true.</doc>
<status status="PASS" start="2024-07-08T01:08:34.260543" elapsed="0.000144"/>
</kw>
<arg>${json_data["results"][0]["location"]["coordinates"]["latitude"]} &gt;= -90 and ${json_data["results"][0]["location"]["coordinates"]["latitude"]} &lt;= 90</arg>
<arg>Should Be True</arg>
<arg>${True}</arg>
<doc>Runs the given keyword with the given arguments, if ``condition`` is true.</doc>
<status status="PASS" start="2024-07-08T01:08:34.259805" elapsed="0.001008"/>
</kw>
<kw name="Run Keyword If" owner="BuiltIn">
<kw name="Should Be True" owner="BuiltIn">
<arg>${True}</arg>
<doc>Fails if the given condition is not true.</doc>
<status status="PASS" start="2024-07-08T01:08:34.261736" elapsed="0.000143"/>
</kw>
<arg>${json_data["results"][0]["location"]["coordinates"]["longitude"]} &gt;= -180 and ${json_data["results"][0]["location"]["coordinates"]["longitude"]} &lt;= 180</arg>
<arg>Should Be True</arg>
<arg>${True}</arg>
<doc>Runs the given keyword with the given arguments, if ``condition`` is true.</doc>
<status status="PASS" start="2024-07-08T01:08:34.260998" elapsed="0.001007"/>
</kw>
<status status="PASS" start="2024-07-08T01:08:34.167201" elapsed="0.094942"/>
</kw>
<doc>Testa o conteúdo específico dos campos retornados pela API.</doc>
<tag>testeConteudo</tag>
<status status="PASS" start="2024-07-08T01:08:34.166664" elapsed="0.095637"/>
</test>
<status status="PASS" start="2024-07-08T01:08:33.325410" elapsed="0.938926"/>
</suite>
<status status="PASS" start="2024-07-08T01:08:33.310604" elapsed="0.958975"/>
</suite>
<statistics>
<total>
<stat pass="5" fail="0" skip="0">All Tests</stat>
</total>
<tag>
<stat pass="1" fail="0" skip="0">testeConteudo</stat>
<stat pass="1" fail="0" skip="0">testeEstruturaResposta</stat>
<stat pass="1" fail="0" skip="0">testeRequisicaoBasica</stat>
<stat pass="1" fail="0" skip="0">testeTiposDados</stat>
</tag>
<suite>
<stat pass="5" fail="0" skip="0" id="s1" name="Tests">Tests</stat>
<stat pass="5" fail="0" skip="0" id="s1-s1" name="Random-User-Test">Tests.Random-User-Test</stat>
</suite>
</statistics>
<errors>
</errors>
</robot>
