<?xml version="1.0" encoding="UTF-8"?>
<robot generator="Robot 7.0.1 (Python 3.12.4 on linux)" generated="2024-06-30T23:15:43.410534" rpa="false" schemaversion="5">
<suite id="s1" name="Tests" source="/home/runner/work/ApiRandomUser/ApiRandomUser/RamdonUser/tests">
<suite id="s1-s1" name="Random-User-Test" source="/home/runner/work/ApiRandomUser/ApiRandomUser/RamdonUser/tests/random-user-test.robot">
<test id="s1-s1-t1" name="Conectar" line="13">
<kw name="Conectar API" owner="random-user-service">
<kw name="Create Session" owner="RequestsLibrary">
<msg time="2024-06-30T23:15:43.803232" level="INFO">Creating Session using : alias=consultarAPI, url=https://randomuser.me/, headers={},                     cookies={}, auth=None, timeout=None, proxies=None, verify=False,                     debug=0 </msg>
<arg>consultarAPI</arg>
<arg>${URL}</arg>
<doc>Create Session: create a HTTP session to a server</doc>
<status status="PASS" start="2024-06-30T23:15:43.803029" elapsed="0.000374"/>
</kw>
<status status="PASS" start="2024-06-30T23:15:43.802110" elapsed="0.001645"/>
</kw>
<status status="PASS" start="2024-06-30T23:15:43.801571" elapsed="0.002377"/>
</test>
<test id="s1-s1-t2" name="Validar retorno 200 e JSON Válido" line="16">
<kw name="Teste de Requisicao Basica" owner="random-user-service">
<kw name="GET On Session" owner="RequestsLibrary">
<msg time="2024-06-30T23:15:43.980688" level="INFO">GET Request : url=https://randomuser.me/api 
 path_url=/api 
 headers={'User-Agent': 'python-requests/2.32.3', 'Accept-Encoding': 'gzip, deflate', 'Accept': '*/*', 'Connection': 'keep-alive'} 
 body=None 
 </msg>
<msg time="2024-06-30T23:15:43.980817" level="INFO">GET Response : url=https://randomuser.me/api 
 status=200, reason=OK 
 headers={'Date': 'Sun, 30 Jun 2024 23:15:43 GMT', 'Content-Type': 'application/json; charset=utf-8', 'Transfer-Encoding': 'chunked', 'Connection': 'keep-alive', 'X-Powered-By': 'Express', 'Access-Control-Allow-Origin': '*', 'Cache-Control': 'no-cache', 'ETag': 'W/"49d-MR5hhy0n1V0lS/6jHh74BByUMco"', 'Vary': 'Accept-Encoding', 'Content-Encoding': 'gzip', 'CF-Cache-Status': 'DYNAMIC', 'Report-To': '{"endpoints":[{"url":"https:\\/\\/a.nel.cloudflare.com\\/report\\/v4?s=j4abfO4ZpZ5WXuVcvs7IZugIXx%2BJnFLja5o48gEX%2FwRysuVdbBeRJn4NY4wKMRGFvy%2Fqa3Vssi%2FzAKxTOIv2Dz3r%2F%2FxEsM%2BgeAQygbnfWRsom2%2B9BM7zB6DRK9Dx7cXY"}],"group":"cf-nel","max_age":604800}', 'NEL': '{"success_fraction":0,"report_to":"cf-nel","max_age":604800}', 'Server': 'cloudflare', 'CF-RAY': '89c1dc27ac7257be-IAD', 'alt-svc': 'h3=":443"; ma=86400'} 
 body={"results":[{"gender":"female","name":{"title":"Mademoiselle","first":"Joy","last":"Mathieu"},"location":{"street":{"number":4357,"name":"Route de Genas"},"city":"Les Planchettes","state":"Schwyz","country":"Switzerland","postcode":6142,"coordinates":{"latitude":"-61.5550","longitude":"11.8160"},"timezone":{"offset":"-12:00","description":"Eniwetok, Kwajalein"}},"email":"joy.mathieu@example.com","login":{"uuid":"7a90657a-75ac-4044-aaa1-cd04369778ed","username":"bigpeacock859","password":"paintbal","salt":"uOVdqqPO","md5":"57745e5e10aecf10eaf19feb01b0fa9b","sha1":"4ab84e3735e606f7d8edacbe35166f483bd16892","sha256":"f1929248174df6c679c964418e1cea56eacf2783a42973cf9ab7a49782360919"},"dob":{"date":"1945-06-24T13:17:46.431Z","age":79},"registered":{"date":"2007-04-07T18:56:24.652Z","age":17},"phone":"077 458 81 54","cell":"078 425 05 09","id":{"name":"AVS","value":"756.8739.9251.97"},"picture":{"large":"https://randomuser.me/api/portraits/women/20.jpg","medium":"https://randomuser.me/api/portraits/med/women/20.jpg","thumbnail":"https://randomuser.me/api/portraits/thumb/women/20.jpg"},"nat":"CH"}],"info":{"seed":"8809dadd45f8b230","results":1,"page":1,"version":"1.4"}} 
 </msg>
<msg time="2024-06-30T23:15:43.980930" level="INFO">/opt/hostedtoolcache/Python/3.12.4/x64/lib/python3.12/site-packages/urllib3/connectionpool.py:1099: InsecureRequestWarning: Unverified HTTPS request is being made to host 'randomuser.me'. Adding certificate verification is strongly advised. See: https://urllib3.readthedocs.io/en/latest/advanced-usage.html#tls-warnings
  warnings.warn(</msg>
<msg time="2024-06-30T23:15:43.981066" level="INFO">${response} = &lt;Response [200]&gt;</msg>
<var>${response}</var>
<arg>consultarAPI</arg>
<arg>/api</arg>
<doc>Sends a GET request on a previously created HTTP Session.</doc>
<status status="PASS" start="2024-06-30T23:15:43.806565" elapsed="0.174542"/>
</kw>
<kw name="Should Be Equal As Numbers" owner="BuiltIn">
<msg time="2024-06-30T23:15:43.982068" level="INFO">Argument types are:
&lt;class 'int'&gt;
&lt;class 'str'&gt;</msg>
<arg>${response.status_code}</arg>
<arg>200</arg>
<doc>Fails if objects are unequal after converting them to real numbers.</doc>
<status status="PASS" start="2024-06-30T23:15:43.981595" elapsed="0.000538"/>
</kw>
<kw name="Log" owner="BuiltIn">
<msg time="2024-06-30T23:15:43.982805" level="INFO">200</msg>
<arg>${response.status_code}</arg>
<doc>Logs the given message with the given level.</doc>
<status status="PASS" start="2024-06-30T23:15:43.982455" elapsed="0.000392"/>
</kw>
<kw name="Set Variable" owner="BuiltIn">
<msg time="2024-06-30T23:15:43.983570" level="INFO">${json_data} = {'results': [{'gender': 'female', 'name': {'title': 'Mademoiselle', 'first': 'Joy', 'last': 'Mathieu'}, 'location': {'street': {'number': 4357, 'name': 'Route de Genas'}, 'city': 'Les Planchettes', 's...</msg>
<var>${json_data}</var>
<arg>${response.json()}</arg>
<doc>Returns the given values which can then be assigned to a variables.</doc>
<status status="PASS" start="2024-06-30T23:15:43.983148" elapsed="0.000449"/>
</kw>
<kw name="Dictionary Should Contain Key" owner="Collections">
<arg>${json_data}</arg>
<arg>results</arg>
<doc>Fails if ``key`` is not found from ``dictionary``.</doc>
<status status="PASS" start="2024-06-30T23:15:43.983891" elapsed="0.000169"/>
</kw>
<status status="PASS" start="2024-06-30T23:15:43.806319" elapsed="0.177888"/>
</kw>
<doc>Testa se a API responde corretamente e retorna um objeto JSON válido.</doc>
<tag>testeRequisicaoBasica</tag>
<status status="PASS" start="2024-06-30T23:15:43.805847" elapsed="0.178521"/>
</test>
<test id="s1-s1-t3" name="Validar estrutura de resposta" line="22">
<kw name="Teste de Estrutura de Resposta" owner="random-user-service">
<kw name="GET On Session" owner="RequestsLibrary">
<msg time="2024-06-30T23:15:44.079134" level="INFO">GET Request : url=https://randomuser.me/api 
 path_url=/api 
 headers={'User-Agent': 'python-requests/2.32.3', 'Accept-Encoding': 'gzip, deflate', 'Accept': '*/*', 'Connection': 'keep-alive'} 
 body=None 
 </msg>
<msg time="2024-06-30T23:15:44.079214" level="INFO">GET Response : url=https://randomuser.me/api 
 status=200, reason=OK 
 headers={'Date': 'Sun, 30 Jun 2024 23:15:44 GMT', 'Content-Type': 'application/json; charset=utf-8', 'Transfer-Encoding': 'chunked', 'Connection': 'keep-alive', 'X-Powered-By': 'Express', 'Access-Control-Allow-Origin': '*', 'Cache-Control': 'no-cache', 'ETag': 'W/"496-BwIgKIPHJMAyUNI+tLlQWDyQhE0"', 'Vary': 'Accept-Encoding', 'Content-Encoding': 'gzip', 'CF-Cache-Status': 'DYNAMIC', 'Report-To': '{"endpoints":[{"url":"https:\\/\\/a.nel.cloudflare.com\\/report\\/v4?s=daAfR3hYjOn8MrcRSwNBdk68icyrWnHjJpSomE%2FYSLyM6e%2Bg52u5C4MvRjp7SSeIH9CGWL5PhMStNuWZmN0A3fn%2Bo4F7dHLONsKZd%2Blrdr%2FJURQd%2F3DHWFw9v2rP6Y%2BE"}],"group":"cf-nel","max_age":604800}', 'NEL': '{"success_fraction":0,"report_to":"cf-nel","max_age":604800}', 'Server': 'cloudflare', 'CF-RAY': '89c1dc27ec9b57be-IAD', 'alt-svc': 'h3=":443"; ma=86400'} 
 body={"results":[{"gender":"male","name":{"title":"Mr","first":"Vernon","last":"Sims"},"location":{"street":{"number":7106,"name":"Forest Ln"},"city":"Beaumont","state":"Oklahoma","country":"United States","postcode":65844,"coordinates":{"latitude":"84.9243","longitude":"-127.1071"},"timezone":{"offset":"+5:00","description":"Ekaterinburg, Islamabad, Karachi, Tashkent"}},"email":"vernon.sims@example.com","login":{"uuid":"fdab41b9-3da4-41ca-acce-6658b4aa9d40","username":"silverwolf447","password":"season","salt":"m1QqeWMP","md5":"a946702536ee536b5101616e0541afd0","sha1":"5d7598ce2424f23b84bb16d575996c560862dd19","sha256":"3611f4759d400e7493bb5bcb7ad615f1b55de17dbd5529c547ad6eb016abeb66"},"dob":{"date":"1969-01-17T10:05:03.930Z","age":55},"registered":{"date":"2009-08-22T04:41:25.028Z","age":14},"phone":"(726) 768-2096","cell":"(399) 621-5422","id":{"name":"SSN","value":"609-37-5569"},"picture":{"large":"https://randomuser.me/api/portraits/men/53.jpg","medium":"https://randomuser.me/api/portraits/med/men/53.jpg","thumbnail":"https://randomuser.me/api/portraits/thumb/men/53.jpg"},"nat":"US"}],"info":{"seed":"fbaba19a6c80f946","results":1,"page":1,"version":"1.4"}} 
 </msg>
<msg time="2024-06-30T23:15:44.079310" level="INFO">/opt/hostedtoolcache/Python/3.12.4/x64/lib/python3.12/site-packages/urllib3/connectionpool.py:1099: InsecureRequestWarning: Unverified HTTPS request is being made to host 'randomuser.me'. Adding certificate verification is strongly advised. See: https://urllib3.readthedocs.io/en/latest/advanced-usage.html#tls-warnings
  warnings.warn(</msg>
<msg time="2024-06-30T23:15:44.079408" level="INFO">${response} = &lt;Response [200]&gt;</msg>
<var>${response}</var>
<arg>consultarAPI</arg>
<arg>/api</arg>
<doc>Sends a GET request on a previously created HTTP Session.</doc>
<status status="PASS" start="2024-06-30T23:15:43.986952" elapsed="0.092498"/>
</kw>
<kw name="Set Variable" owner="BuiltIn">
<msg time="2024-06-30T23:15:44.080291" level="INFO">${json_data} = {'results': [{'gender': 'male', 'name': {'title': 'Mr', 'first': 'Vernon', 'last': 'Sims'}, 'location': {'street': {'number': 7106, 'name': 'Forest Ln'}, 'city': 'Beaumont', 'state': 'Oklahoma', 'coun...</msg>
<var>${json_data}</var>
<arg>${response.json()}</arg>
<doc>Returns the given values which can then be assigned to a variables.</doc>
<status status="PASS" start="2024-06-30T23:15:44.079853" elapsed="0.000465"/>
</kw>
<kw name="Log" owner="BuiltIn">
<msg time="2024-06-30T23:15:44.080778" level="INFO">{'results': [{'gender': 'male', 'name': {'title': 'Mr', 'first': 'Vernon', 'last': 'Sims'}, 'location': {'street': {'number': 7106, 'name': 'Forest Ln'}, 'city': 'Beaumont', 'state': 'Oklahoma', 'country': 'United States', 'postcode': 65844, 'coordinates': {'latitude': '84.9243', 'longitude': '-127.1071'}, 'timezone': {'offset': '+5:00', 'description': 'Ekaterinburg, Islamabad, Karachi, Tashkent'}}, 'email': 'vernon.sims@example.com', 'login': {'uuid': 'fdab41b9-3da4-41ca-acce-6658b4aa9d40', 'username': 'silverwolf447', 'password': 'season', 'salt': 'm1QqeWMP', 'md5': 'a946702536ee536b5101616e0541afd0', 'sha1': '5d7598ce2424f23b84bb16d575996c560862dd19', 'sha256': '3611f4759d400e7493bb5bcb7ad615f1b55de17dbd5529c547ad6eb016abeb66'}, 'dob': {'date': '1969-01-17T10:05:03.930Z', 'age': 55}, 'registered': {'date': '2009-08-22T04:41:25.028Z', 'age': 14}, 'phone': '(726) 768-2096', 'cell': '(399) 621-5422', 'id': {'name': 'SSN', 'value': '609-37-5569'}, 'picture': {'large': 'https://randomuser.me/api/portraits/men/53.jpg', 'medium': 'https://randomuser.me/api/portraits/med/men/53.jpg', 'thumbnail': 'https://randomuser.me/api/portraits/thumb/men/53.jpg'}, 'nat': 'US'}], 'info': {'seed': 'fbaba19a6c80f946', 'results': 1, 'page': 1, 'version': '1.4'}}</msg>
<arg>${json_data}</arg>
<doc>Logs the given message with the given level.</doc>
<status status="PASS" start="2024-06-30T23:15:44.080623" elapsed="0.000203"/>
</kw>
<kw name="Dictionary Should Contain Key" owner="Collections">
<arg>${json_data}</arg>
<arg>results</arg>
<doc>Fails if ``key`` is not found from ``dictionary``.</doc>
<status status="PASS" start="2024-06-30T23:15:44.081170" elapsed="0.000163"/>
</kw>
<kw name="Should Not Be Empty" owner="BuiltIn">
<msg time="2024-06-30T23:15:44.081640" level="INFO">Length is 2.</msg>
<arg>${json_data}</arg>
<doc>Verifies that the given item is not empty.</doc>
<status status="PASS" start="2024-06-30T23:15:44.081513" elapsed="0.000166"/>
</kw>
<kw name="Create List" owner="BuiltIn">
<msg time="2024-06-30T23:15:44.082241" level="INFO">${expected_keys} = ['gender', 'name', 'location', 'email', 'login']</msg>
<var>${expected_keys}</var>
<arg>gender</arg>
<arg>name</arg>
<arg>location</arg>
<arg>email</arg>
<arg>login</arg>
<doc>Returns a list containing given items.</doc>
<status status="PASS" start="2024-06-30T23:15:44.081970" elapsed="0.000295"/>
</kw>
<for flavor="IN">
<iter>
<kw name="Dictionary Should Contain Key" owner="Collections">
<arg>${json_data['results'][0]}</arg>
<arg>${key}</arg>
<doc>Fails if ``key`` is not found from ``dictionary``.</doc>
<status status="PASS" start="2024-06-30T23:15:44.082829" elapsed="0.000397"/>
</kw>
<kw name="Log" owner="BuiltIn">
<msg time="2024-06-30T23:15:44.083774" level="INFO">{'gender': 'male', 'name': {'title': 'Mr', 'first': 'Vernon', 'last': 'Sims'}, 'location': {'street': {'number': 7106, 'name': 'Forest Ln'}, 'city': 'Beaumont', 'state': 'Oklahoma', 'country': 'United States', 'postcode': 65844, 'coordinates': {'latitude': '84.9243', 'longitude': '-127.1071'}, 'timezone': {'offset': '+5:00', 'description': 'Ekaterinburg, Islamabad, Karachi, Tashkent'}}, 'email': 'vernon.sims@example.com', 'login': {'uuid': 'fdab41b9-3da4-41ca-acce-6658b4aa9d40', 'username': 'silverwolf447', 'password': 'season', 'salt': 'm1QqeWMP', 'md5': 'a946702536ee536b5101616e0541afd0', 'sha1': '5d7598ce2424f23b84bb16d575996c560862dd19', 'sha256': '3611f4759d400e7493bb5bcb7ad615f1b55de17dbd5529c547ad6eb016abeb66'}, 'dob': {'date': '1969-01-17T10:05:03.930Z', 'age': 55}, 'registered': {'date': '2009-08-22T04:41:25.028Z', 'age': 14}, 'phone': '(726) 768-2096', 'cell': '(399) 621-5422', 'id': {'name': 'SSN', 'value': '609-37-5569'}, 'picture': {'large': 'https://randomuser.me/api/portraits/men/53.jpg', 'medium': 'https://randomuser.me/api/portraits/med/men/53.jpg', 'thumbnail': 'https://randomuser.me/api/portraits/thumb/men/53.jpg'}, 'nat': 'US'}</msg>
<arg>${json_data['results'][0]}</arg>
<doc>Logs the given message with the given level.</doc>
<status status="PASS" start="2024-06-30T23:15:44.083411" elapsed="0.000412"/>
</kw>
<kw name="Log" owner="BuiltIn">
<msg time="2024-06-30T23:15:44.084253" level="INFO">gender</msg>
<arg>${key}</arg>
<doc>Logs the given message with the given level.</doc>
<status status="PASS" start="2024-06-30T23:15:44.084124" elapsed="0.000168"/>
</kw>
<var name="${key}">gender</var>
<status status="PASS" start="2024-06-30T23:15:44.082706" elapsed="0.001801"/>
</iter>
<iter>
<kw name="Dictionary Should Contain Key" owner="Collections">
<arg>${json_data['results'][0]}</arg>
<arg>${key}</arg>
<doc>Fails if ``key`` is not found from ``dictionary``.</doc>
<status status="PASS" start="2024-06-30T23:15:44.084805" elapsed="0.000422"/>
</kw>
<kw name="Log" owner="BuiltIn">
<msg time="2024-06-30T23:15:44.085758" level="INFO">{'gender': 'male', 'name': {'title': 'Mr', 'first': 'Vernon', 'last': 'Sims'}, 'location': {'street': {'number': 7106, 'name': 'Forest Ln'}, 'city': 'Beaumont', 'state': 'Oklahoma', 'country': 'United States', 'postcode': 65844, 'coordinates': {'latitude': '84.9243', 'longitude': '-127.1071'}, 'timezone': {'offset': '+5:00', 'description': 'Ekaterinburg, Islamabad, Karachi, Tashkent'}}, 'email': 'vernon.sims@example.com', 'login': {'uuid': 'fdab41b9-3da4-41ca-acce-6658b4aa9d40', 'username': 'silverwolf447', 'password': 'season', 'salt': 'm1QqeWMP', 'md5': 'a946702536ee536b5101616e0541afd0', 'sha1': '5d7598ce2424f23b84bb16d575996c560862dd19', 'sha256': '3611f4759d400e7493bb5bcb7ad615f1b55de17dbd5529c547ad6eb016abeb66'}, 'dob': {'date': '1969-01-17T10:05:03.930Z', 'age': 55}, 'registered': {'date': '2009-08-22T04:41:25.028Z', 'age': 14}, 'phone': '(726) 768-2096', 'cell': '(399) 621-5422', 'id': {'name': 'SSN', 'value': '609-37-5569'}, 'picture': {'large': 'https://randomuser.me/api/portraits/men/53.jpg', 'medium': 'https://randomuser.me/api/portraits/med/men/53.jpg', 'thumbnail': 'https://randomuser.me/api/portraits/thumb/men/53.jpg'}, 'nat': 'US'}</msg>
<arg>${json_data['results'][0]}</arg>
<doc>Logs the given message with the given level.</doc>
<status status="PASS" start="2024-06-30T23:15:44.085410" elapsed="0.000428"/>
</kw>
<kw name="Log" owner="BuiltIn">
<msg time="2024-06-30T23:15:44.086262" level="INFO">name</msg>
<arg>${key}</arg>
<doc>Logs the given message with the given level.</doc>
<status status="PASS" start="2024-06-30T23:15:44.086134" elapsed="0.000165"/>
</kw>
<var name="${key}">name</var>
<status status="PASS" start="2024-06-30T23:15:44.084694" elapsed="0.001823"/>
</iter>
<iter>
<kw name="Dictionary Should Contain Key" owner="Collections">
<arg>${json_data['results'][0]}</arg>
<arg>${key}</arg>
<doc>Fails if ``key`` is not found from ``dictionary``.</doc>
<status status="PASS" start="2024-06-30T23:15:44.086802" elapsed="0.000377"/>
</kw>
<kw name="Log" owner="BuiltIn">
<msg time="2024-06-30T23:15:44.087705" level="INFO">{'gender': 'male', 'name': {'title': 'Mr', 'first': 'Vernon', 'last': 'Sims'}, 'location': {'street': {'number': 7106, 'name': 'Forest Ln'}, 'city': 'Beaumont', 'state': 'Oklahoma', 'country': 'United States', 'postcode': 65844, 'coordinates': {'latitude': '84.9243', 'longitude': '-127.1071'}, 'timezone': {'offset': '+5:00', 'description': 'Ekaterinburg, Islamabad, Karachi, Tashkent'}}, 'email': 'vernon.sims@example.com', 'login': {'uuid': 'fdab41b9-3da4-41ca-acce-6658b4aa9d40', 'username': 'silverwolf447', 'password': 'season', 'salt': 'm1QqeWMP', 'md5': 'a946702536ee536b5101616e0541afd0', 'sha1': '5d7598ce2424f23b84bb16d575996c560862dd19', 'sha256': '3611f4759d400e7493bb5bcb7ad615f1b55de17dbd5529c547ad6eb016abeb66'}, 'dob': {'date': '1969-01-17T10:05:03.930Z', 'age': 55}, 'registered': {'date': '2009-08-22T04:41:25.028Z', 'age': 14}, 'phone': '(726) 768-2096', 'cell': '(399) 621-5422', 'id': {'name': 'SSN', 'value': '609-37-5569'}, 'picture': {'large': 'https://randomuser.me/api/portraits/men/53.jpg', 'medium': 'https://randomuser.me/api/portraits/med/men/53.jpg', 'thumbnail': 'https://randomuser.me/api/portraits/thumb/men/53.jpg'}, 'nat': 'US'}</msg>
<arg>${json_data['results'][0]}</arg>
<doc>Logs the given message with the given level.</doc>
<status status="PASS" start="2024-06-30T23:15:44.087360" elapsed="0.000392"/>
</kw>
<kw name="Log" owner="BuiltIn">
<msg time="2024-06-30T23:15:44.088177" level="INFO">location</msg>
<arg>${key}</arg>
<doc>Logs the given message with the given level.</doc>
<status status="PASS" start="2024-06-30T23:15:44.088049" elapsed="0.000165"/>
</kw>
<var name="${key}">location</var>
<status status="PASS" start="2024-06-30T23:15:44.086696" elapsed="0.001739"/>
</iter>
<iter>
<kw name="Dictionary Should Contain Key" owner="Collections">
<arg>${json_data['results'][0]}</arg>
<arg>${key}</arg>
<doc>Fails if ``key`` is not found from ``dictionary``.</doc>
<status status="PASS" start="2024-06-30T23:15:44.088713" elapsed="0.000434"/>
</kw>
<kw name="Log" owner="BuiltIn">
<msg time="2024-06-30T23:15:44.089700" level="INFO">{'gender': 'male', 'name': {'title': 'Mr', 'first': 'Vernon', 'last': 'Sims'}, 'location': {'street': {'number': 7106, 'name': 'Forest Ln'}, 'city': 'Beaumont', 'state': 'Oklahoma', 'country': 'United States', 'postcode': 65844, 'coordinates': {'latitude': '84.9243', 'longitude': '-127.1071'}, 'timezone': {'offset': '+5:00', 'description': 'Ekaterinburg, Islamabad, Karachi, Tashkent'}}, 'email': 'vernon.sims@example.com', 'login': {'uuid': 'fdab41b9-3da4-41ca-acce-6658b4aa9d40', 'username': 'silverwolf447', 'password': 'season', 'salt': 'm1QqeWMP', 'md5': 'a946702536ee536b5101616e0541afd0', 'sha1': '5d7598ce2424f23b84bb16d575996c560862dd19', 'sha256': '3611f4759d400e7493bb5bcb7ad615f1b55de17dbd5529c547ad6eb016abeb66'}, 'dob': {'date': '1969-01-17T10:05:03.930Z', 'age': 55}, 'registered': {'date': '2009-08-22T04:41:25.028Z', 'age': 14}, 'phone': '(726) 768-2096', 'cell': '(399) 621-5422', 'id': {'name': 'SSN', 'value': '609-37-5569'}, 'picture': {'large': 'https://randomuser.me/api/portraits/men/53.jpg', 'medium': 'https://randomuser.me/api/portraits/med/men/53.jpg', 'thumbnail': 'https://randomuser.me/api/portraits/thumb/men/53.jpg'}, 'nat': 'US'}</msg>
<arg>${json_data['results'][0]}</arg>
<doc>Logs the given message with the given level.</doc>
<status status="PASS" start="2024-06-30T23:15:44.089338" elapsed="0.000409"/>
</kw>
<kw name="Log" owner="BuiltIn">
<msg time="2024-06-30T23:15:44.090171" level="INFO">email</msg>
<arg>${key}</arg>
<doc>Logs the given message with the given level.</doc>
<status status="PASS" start="2024-06-30T23:15:44.090042" elapsed="0.000168"/>
</kw>
<var name="${key}">email</var>
<status status="PASS" start="2024-06-30T23:15:44.088607" elapsed="0.001822"/>
</iter>
<iter>
<kw name="Dictionary Should Contain Key" owner="Collections">
<arg>${json_data['results'][0]}</arg>
<arg>${key}</arg>
<doc>Fails if ``key`` is not found from ``dictionary``.</doc>
<status status="PASS" start="2024-06-30T23:15:44.090715" elapsed="0.000382"/>
</kw>
<kw name="Log" owner="BuiltIn">
<msg time="2024-06-30T23:15:44.091617" level="INFO">{'gender': 'male', 'name': {'title': 'Mr', 'first': 'Vernon', 'last': 'Sims'}, 'location': {'street': {'number': 7106, 'name': 'Forest Ln'}, 'city': 'Beaumont', 'state': 'Oklahoma', 'country': 'United States', 'postcode': 65844, 'coordinates': {'latitude': '84.9243', 'longitude': '-127.1071'}, 'timezone': {'offset': '+5:00', 'description': 'Ekaterinburg, Islamabad, Karachi, Tashkent'}}, 'email': 'vernon.sims@example.com', 'login': {'uuid': 'fdab41b9-3da4-41ca-acce-6658b4aa9d40', 'username': 'silverwolf447', 'password': 'season', 'salt': 'm1QqeWMP', 'md5': 'a946702536ee536b5101616e0541afd0', 'sha1': '5d7598ce2424f23b84bb16d575996c560862dd19', 'sha256': '3611f4759d400e7493bb5bcb7ad615f1b55de17dbd5529c547ad6eb016abeb66'}, 'dob': {'date': '1969-01-17T10:05:03.930Z', 'age': 55}, 'registered': {'date': '2009-08-22T04:41:25.028Z', 'age': 14}, 'phone': '(726) 768-2096', 'cell': '(399) 621-5422', 'id': {'name': 'SSN', 'value': '609-37-5569'}, 'picture': {'large': 'https://randomuser.me/api/portraits/men/53.jpg', 'medium': 'https://randomuser.me/api/portraits/med/men/53.jpg', 'thumbnail': 'https://randomuser.me/api/portraits/thumb/men/53.jpg'}, 'nat': 'US'}</msg>
<arg>${json_data['results'][0]}</arg>
<doc>Logs the given message with the given level.</doc>
<status status="PASS" start="2024-06-30T23:15:44.091275" elapsed="0.000389"/>
</kw>
<kw name="Log" owner="BuiltIn">
<msg time="2024-06-30T23:15:44.092083" level="INFO">login</msg>
<arg>${key}</arg>
<doc>Logs the given message with the given level.</doc>
<status status="PASS" start="2024-06-30T23:15:44.091957" elapsed="0.000164"/>
</kw>
<var name="${key}">login</var>
<status status="PASS" start="2024-06-30T23:15:44.090601" elapsed="0.001733"/>
</iter>
<var>${key}</var>
<value>@{expected_keys}</value>
<status status="PASS" start="2024-06-30T23:15:44.082523" elapsed="0.009933"/>
</for>
<kw name="Create List" owner="BuiltIn">
<msg time="2024-06-30T23:15:44.092782" level="INFO">${expected_keysTwo} = ['username', 'password']</msg>
<var>${expected_keysTwo}</var>
<arg>username</arg>
<arg>password</arg>
<doc>Returns a list containing given items.</doc>
<status status="PASS" start="2024-06-30T23:15:44.092644" elapsed="0.000188"/>
</kw>
<for flavor="IN">
<iter>
<kw name="Dictionary Should Contain Key" owner="Collections">
<arg>${json_data['results'][0]['login']}</arg>
<arg>${keyTwo}</arg>
<doc>Fails if ``key`` is not found from ``dictionary``.</doc>
<status status="PASS" start="2024-06-30T23:15:44.093365" elapsed="0.000391"/>
</kw>
<kw name="Dictionary Should Contain Key" owner="Collections">
<arg>${json_data['results'][0]['login']}</arg>
<arg>${keyTwo}</arg>
<doc>Fails if ``key`` is not found from ``dictionary``.</doc>
<status status="PASS" start="2024-06-30T23:15:44.093980" elapsed="0.000382"/>
</kw>
<kw name="Log" owner="BuiltIn">
<msg time="2024-06-30T23:15:44.094679" level="INFO">username</msg>
<arg>${keyTwo}</arg>
<doc>Logs the given message with the given level.</doc>
<status status="PASS" start="2024-06-30T23:15:44.094549" elapsed="0.000168"/>
</kw>
<var name="${keyTwo}">username</var>
<status status="PASS" start="2024-06-30T23:15:44.093260" elapsed="0.001679"/>
</iter>
<iter>
<kw name="Dictionary Should Contain Key" owner="Collections">
<arg>${json_data['results'][0]['login']}</arg>
<arg>${keyTwo}</arg>
<doc>Fails if ``key`` is not found from ``dictionary``.</doc>
<status status="PASS" start="2024-06-30T23:15:44.095220" elapsed="0.000382"/>
</kw>
<kw name="Dictionary Should Contain Key" owner="Collections">
<arg>${json_data['results'][0]['login']}</arg>
<arg>${keyTwo}</arg>
<doc>Fails if ``key`` is not found from ``dictionary``.</doc>
<status status="PASS" start="2024-06-30T23:15:44.095776" elapsed="0.000362"/>
</kw>
<kw name="Log" owner="BuiltIn">
<msg time="2024-06-30T23:15:44.096428" level="INFO">password</msg>
<arg>${keyTwo}</arg>
<doc>Logs the given message with the given level.</doc>
<status status="PASS" start="2024-06-30T23:15:44.096312" elapsed="0.000157"/>
</kw>
<var name="${keyTwo}">password</var>
<status status="PASS" start="2024-06-30T23:15:44.095109" elapsed="0.001671"/>
</iter>
<var>${keyTwo}</var>
<value>@{expected_keysTwo}</value>
<status status="PASS" start="2024-06-30T23:15:44.093108" elapsed="0.003823"/>
</for>
<status status="PASS" start="2024-06-30T23:15:43.986725" elapsed="0.110371"/>
</kw>
<doc>Testa a estrutura da resposta da API.</doc>
<tag>testeEstruturaResposta</tag>
<status status="PASS" start="2024-06-30T23:15:43.986241" elapsed="0.111001"/>
</test>
<test id="s1-s1-t4" name="Validar tipos de dados" line="28">
<kw name="Teste de Tipos de Dados" owner="random-user-service">
<kw name="GET On Session" owner="RequestsLibrary">
<msg time="2024-06-30T23:15:44.178073" level="INFO">GET Request : url=https://randomuser.me/api 
 path_url=/api 
 headers={'User-Agent': 'python-requests/2.32.3', 'Accept-Encoding': 'gzip, deflate', 'Accept': '*/*', 'Connection': 'keep-alive'} 
 body=None 
 </msg>
<msg time="2024-06-30T23:15:44.178136" level="INFO">GET Response : url=https://randomuser.me/api 
 status=200, reason=OK 
 headers={'Date': 'Sun, 30 Jun 2024 23:15:44 GMT', 'Content-Type': 'application/json; charset=utf-8', 'Transfer-Encoding': 'chunked', 'Connection': 'keep-alive', 'X-Powered-By': 'Express', 'Access-Control-Allow-Origin': '*', 'Cache-Control': 'no-cache', 'ETag': 'W/"49a-RW+csLUyG/p4UvuBnFViZmy5+FU"', 'Vary': 'Accept-Encoding', 'Content-Encoding': 'gzip', 'CF-Cache-Status': 'DYNAMIC', 'Report-To': '{"endpoints":[{"url":"https:\\/\\/a.nel.cloudflare.com\\/report\\/v4?s=mZ3z4gIdVIMXFtn7tSxaglzW%2BrsmGJlnjkagwuyyxeiYEf67TGZRu%2BDtZ0%2BxBjU%2FwgjmbUJKV9nhNWCuGS2G6RpBLkWXtXziOjQUnN9oLXUqdzYYaZuz897oekSebfR5"}],"group":"cf-nel","max_age":604800}', 'NEL': '{"success_fraction":0,"report_to":"cf-nel","max_age":604800}', 'Server': 'cloudflare', 'CF-RAY': '89c1dc28ad2c57be-IAD', 'alt-svc': 'h3=":443"; ma=86400'} 
 body={"results":[{"gender":"female","name":{"title":"Ms","first":"Peyton","last":"Prescott"},"location":{"street":{"number":1384,"name":"Sunset St"},"city":"San Antonio","state":"Oregon","country":"United States","postcode":34057,"coordinates":{"latitude":"82.5002","longitude":"57.5633"},"timezone":{"offset":"+5:30","description":"Bombay, Calcutta, Madras, New Delhi"}},"email":"peyton.prescott@example.com","login":{"uuid":"cbdb2ccb-49be-49ea-bdcd-4f60a5b788ac","username":"tinyfish994","password":"roxy","salt":"LR4J4O92","md5":"84176640eb81ff09dc92161d1555452c","sha1":"032cdd2c88c63027e9c08417e464c95b4a8d7e04","sha256":"2f9ae6fed5295209ffb568ccba59fd6a12b9e3af80280521475ade96afc99aaa"},"dob":{"date":"1968-06-08T01:17:20.294Z","age":56},"registered":{"date":"2002-08-16T08:10:59.383Z","age":21},"phone":"(474) 656-7010","cell":"(260) 362-8550","id":{"name":"SSN","value":"843-85-4645"},"picture":{"large":"https://randomuser.me/api/portraits/women/63.jpg","medium":"https://randomuser.me/api/portraits/med/women/63.jpg","thumbnail":"https://randomuser.me/api/portraits/thumb/women/63.jpg"},"nat":"US"}],"info":{"seed":"51aee6bbdaa12f09","results":1,"page":1,"version":"1.4"}} 
 </msg>
<msg time="2024-06-30T23:15:44.178190" level="INFO">/opt/hostedtoolcache/Python/3.12.4/x64/lib/python3.12/site-packages/urllib3/connectionpool.py:1099: InsecureRequestWarning: Unverified HTTPS request is being made to host 'randomuser.me'. Adding certificate verification is strongly advised. See: https://urllib3.readthedocs.io/en/latest/advanced-usage.html#tls-warnings
  warnings.warn(</msg>
<msg time="2024-06-30T23:15:44.178274" level="INFO">${response} = &lt;Response [200]&gt;</msg>
<var>${response}</var>
<arg>consultarAPI</arg>
<arg>/api</arg>
<doc>Sends a GET request on a previously created HTTP Session.</doc>
<status status="PASS" start="2024-06-30T23:15:44.099621" elapsed="0.078677"/>
</kw>
<kw name="Set Variable" owner="BuiltIn">
<msg time="2024-06-30T23:15:44.179128" level="INFO">${json_data} = {'results': [{'gender': 'female', 'name': {'title': 'Ms', 'first': 'Peyton', 'last': 'Prescott'}, 'location': {'street': {'number': 1384, 'name': 'Sunset St'}, 'city': 'San Antonio', 'state': 'Oregon'...</msg>
<var>${json_data}</var>
<arg>${response.json()}</arg>
<doc>Returns the given values which can then be assigned to a variables.</doc>
<status status="PASS" start="2024-06-30T23:15:44.178681" elapsed="0.000478"/>
</kw>
<kw name="Log" owner="BuiltIn">
<msg time="2024-06-30T23:15:44.179611" level="INFO">{'results': [{'gender': 'female', 'name': {'title': 'Ms', 'first': 'Peyton', 'last': 'Prescott'}, 'location': {'street': {'number': 1384, 'name': 'Sunset St'}, 'city': 'San Antonio', 'state': 'Oregon', 'country': 'United States', 'postcode': 34057, 'coordinates': {'latitude': '82.5002', 'longitude': '57.5633'}, 'timezone': {'offset': '+5:30', 'description': 'Bombay, Calcutta, Madras, New Delhi'}}, 'email': 'peyton.prescott@example.com', 'login': {'uuid': 'cbdb2ccb-49be-49ea-bdcd-4f60a5b788ac', 'username': 'tinyfish994', 'password': 'roxy', 'salt': 'LR4J4O92', 'md5': '84176640eb81ff09dc92161d1555452c', 'sha1': '032cdd2c88c63027e9c08417e464c95b4a8d7e04', 'sha256': '2f9ae6fed5295209ffb568ccba59fd6a12b9e3af80280521475ade96afc99aaa'}, 'dob': {'date': '1968-06-08T01:17:20.294Z', 'age': 56}, 'registered': {'date': '2002-08-16T08:10:59.383Z', 'age': 21}, 'phone': '(474) 656-7010', 'cell': '(260) 362-8550', 'id': {'name': 'SSN', 'value': '843-85-4645'}, 'picture': {'large': 'https://randomuser.me/api/portraits/women/63.jpg', 'medium': 'https://randomuser.me/api/portraits/med/women/63.jpg', 'thumbnail': 'https://randomuser.me/api/portraits/thumb/women/63.jpg'}, 'nat': 'US'}], 'info': {'seed': '51aee6bbdaa12f09', 'results': 1, 'page': 1, 'version': '1.4'}}</msg>
<arg>${json_data}</arg>
<doc>Logs the given message with the given level.</doc>
<status status="PASS" start="2024-06-30T23:15:44.179457" elapsed="0.000202"/>
</kw>
<kw name="Should Be String" owner="String">
<arg>${json_data['results'][0]['gender']}</arg>
<doc>Fails if the given ``item`` is not a string.</doc>
<status status="PASS" start="2024-06-30T23:15:44.179951" elapsed="0.000347"/>
</kw>
<kw name="Should Match Regexp" owner="BuiltIn">
<arg>${json_data['results'][0]['email']}</arg>
<arg>^[a-zA-Z0-9._%+-]+@[a-zA-Z0-9.-]+\.[a-zA-Z]{2,}$</arg>
<doc>Fails if ``string`` does not match ``pattern`` as a regular expression.</doc>
<status status="PASS" start="2024-06-30T23:15:44.180479" elapsed="0.000580"/>
</kw>
<kw name="Should Match Regexp" owner="BuiltIn">
<arg>${json_data['results'][0]['dob']['date']}</arg>
<arg>\\d{4}-\\d{2}-\\d{2}T\\d{2}:\\d{2}:\\d{2}\\.\\d{3}Z</arg>
<doc>Fails if ``string`` does not match ``pattern`` as a regular expression.</doc>
<status status="PASS" start="2024-06-30T23:15:44.181256" elapsed="0.000487"/>
</kw>
<kw name="Should Match Regexp" owner="BuiltIn">
<arg>${json_data['results'][0]['registered']['date']}</arg>
<arg>\\d{4}-\\d{2}-\\d{2}T\\d{2}:\\d{2}:\\d{2}\\.\\d{3}Z</arg>
<doc>Fails if ``string`` does not match ``pattern`` as a regular expression.</doc>
<status status="PASS" start="2024-06-30T23:15:44.181932" elapsed="0.000362"/>
</kw>
<kw name="Should Match Regexp" owner="BuiltIn">
<arg>${json_data['results'][0]['picture']['large']}</arg>
<arg>^https?://.*\.(?:png|jpe?g|gif|bmp)$</arg>
<doc>Fails if ``string`` does not match ``pattern`` as a regular expression.</doc>
<status status="PASS" start="2024-06-30T23:15:44.182477" elapsed="0.000450"/>
</kw>
<kw name="Should Match Regexp" owner="BuiltIn">
<arg>${json_data['results'][0]['picture']['medium']}</arg>
<arg>^https?://.*\.(?:png|jpe?g|gif|bmp)$</arg>
<doc>Fails if ``string`` does not match ``pattern`` as a regular expression.</doc>
<status status="PASS" start="2024-06-30T23:15:44.183110" elapsed="0.000351"/>
</kw>
<kw name="Should Match Regexp" owner="BuiltIn">
<arg>${json_data['results'][0]['picture']['thumbnail']}</arg>
<arg>^https?://.*\.(?:png|jpe?g|gif|bmp)$</arg>
<doc>Fails if ``string`` does not match ``pattern`` as a regular expression.</doc>
<status status="PASS" start="2024-06-30T23:15:44.183642" elapsed="0.000343"/>
</kw>
<kw name="Log" owner="BuiltIn">
<msg time="2024-06-30T23:15:44.184490" level="INFO">{'large': 'https://randomuser.me/api/portraits/women/63.jpg', 'medium': 'https://randomuser.me/api/portraits/med/women/63.jpg', 'thumbnail': 'https://randomuser.me/api/portraits/thumb/women/63.jpg'}</msg>
<arg>${json_data['results'][0]['picture']}</arg>
<doc>Logs the given message with the given level.</doc>
<status status="PASS" start="2024-06-30T23:15:44.184165" elapsed="0.000366"/>
</kw>
<status status="PASS" start="2024-06-30T23:15:44.099404" elapsed="0.085377"/>
</kw>
<kw name="Teste de Tipos de Dados - Postcode" owner="random-user-service">
<kw name="GET On Session" owner="RequestsLibrary">
<msg time="2024-06-30T23:15:44.313057" level="INFO">GET Request : url=https://randomuser.me/api 
 path_url=/api 
 headers={'User-Agent': 'python-requests/2.32.3', 'Accept-Encoding': 'gzip, deflate', 'Accept': '*/*', 'Connection': 'keep-alive'} 
 body=None 
 </msg>
<msg time="2024-06-30T23:15:44.313140" level="INFO">GET Response : url=https://randomuser.me/api 
 status=200, reason=OK 
 headers={'Date': 'Sun, 30 Jun 2024 23:15:44 GMT', 'Content-Type': 'application/json; charset=utf-8', 'Transfer-Encoding': 'chunked', 'Connection': 'keep-alive', 'X-Powered-By': 'Express', 'Access-Control-Allow-Origin': '*', 'Cache-Control': 'no-cache', 'ETag': 'W/"491-+jcT3cG/qHXtLyprmks9pSJxqbY"', 'Vary': 'Accept-Encoding', 'Content-Encoding': 'gzip', 'CF-Cache-Status': 'DYNAMIC', 'Report-To': '{"endpoints":[{"url":"https:\\/\\/a.nel.cloudflare.com\\/report\\/v4?s=0uvVLSNNaYDvwlXnweAmIY7ceGi4G4Ce%2Bbnlo5A5OUyaNXcBnMxSF%2FgP8bMl2IddfZq2N0p%2Bn76Lef1kEWe%2F7slpXx9e7kxtitmA2DAc4IJ%2Fc1RHpcXxle5zVAeAaYyd"}],"group":"cf-nel","max_age":604800}', 'NEL': '{"success_fraction":0,"report_to":"cf-nel","max_age":604800}', 'Server': 'cloudflare', 'CF-RAY': '89c1dc292d9157be-IAD', 'alt-svc': 'h3=":443"; ma=86400'} 
 body={"results":[{"gender":"female","name":{"title":"Miss","first":"Ellen","last":"Chambers"},"location":{"street":{"number":7962,"name":"Church Road"},"city":"Athenry","state":"Meath","country":"Ireland","postcode":87037,"coordinates":{"latitude":"3.1128","longitude":"84.8061"},"timezone":{"offset":"-4:00","description":"Atlantic Time (Canada), Caracas, La Paz"}},"email":"ellen.chambers@example.com","login":{"uuid":"5204c10a-d5c0-4f6b-8285-59613907f347","username":"greengoose620","password":"louise","salt":"uWa8zUri","md5":"84024733355ac515569e54dbdcf69113","sha1":"44b9bb36b28537298881cb474b6b50af42147ea7","sha256":"4d137a7fd08ca125685e7658abda952323cd33d4aa4145817f7d4d2e731a374c"},"dob":{"date":"1969-05-09T11:43:30.833Z","age":55},"registered":{"date":"2004-07-08T02:51:00.705Z","age":19},"phone":"051-049-2243","cell":"081-080-9343","id":{"name":"PPS","value":"4906699T"},"picture":{"large":"https://randomuser.me/api/portraits/women/19.jpg","medium":"https://randomuser.me/api/portraits/med/women/19.jpg","thumbnail":"https://randomuser.me/api/portraits/thumb/women/19.jpg"},"nat":"IE"}],"info":{"seed":"809c53657351fb98","results":1,"page":1,"version":"1.4"}} 
 </msg>
<msg time="2024-06-30T23:15:44.313210" level="INFO">/opt/hostedtoolcache/Python/3.12.4/x64/lib/python3.12/site-packages/urllib3/connectionpool.py:1099: InsecureRequestWarning: Unverified HTTPS request is being made to host 'randomuser.me'. Adding certificate verification is strongly advised. See: https://urllib3.readthedocs.io/en/latest/advanced-usage.html#tls-warnings
  warnings.warn(</msg>
<msg time="2024-06-30T23:15:44.313329" level="INFO">${response} = &lt;Response [200]&gt;</msg>
<var>${response}</var>
<arg>consultarAPI</arg>
<arg>/api</arg>
<doc>Sends a GET request on a previously created HTTP Session.</doc>
<status status="PASS" start="2024-06-30T23:15:44.185228" elapsed="0.128153"/>
</kw>
<kw name="Set Variable" owner="BuiltIn">
<msg time="2024-06-30T23:15:44.314210" level="INFO">${json_data} = {'results': [{'gender': 'female', 'name': {'title': 'Miss', 'first': 'Ellen', 'last': 'Chambers'}, 'location': {'street': {'number': 7962, 'name': 'Church Road'}, 'city': 'Athenry', 'state': 'Meath', ...</msg>
<var>${json_data}</var>
<arg>${response.json()}</arg>
<doc>Returns the given values which can then be assigned to a variables.</doc>
<status status="PASS" start="2024-06-30T23:15:44.313780" elapsed="0.000458"/>
</kw>
<kw name="Log" owner="BuiltIn">
<msg time="2024-06-30T23:15:44.314688" level="INFO">{'results': [{'gender': 'female', 'name': {'title': 'Miss', 'first': 'Ellen', 'last': 'Chambers'}, 'location': {'street': {'number': 7962, 'name': 'Church Road'}, 'city': 'Athenry', 'state': 'Meath', 'country': 'Ireland', 'postcode': 87037, 'coordinates': {'latitude': '3.1128', 'longitude': '84.8061'}, 'timezone': {'offset': '-4:00', 'description': 'Atlantic Time (Canada), Caracas, La Paz'}}, 'email': 'ellen.chambers@example.com', 'login': {'uuid': '5204c10a-d5c0-4f6b-8285-59613907f347', 'username': 'greengoose620', 'password': 'louise', 'salt': 'uWa8zUri', 'md5': '84024733355ac515569e54dbdcf69113', 'sha1': '44b9bb36b28537298881cb474b6b50af42147ea7', 'sha256': '4d137a7fd08ca125685e7658abda952323cd33d4aa4145817f7d4d2e731a374c'}, 'dob': {'date': '1969-05-09T11:43:30.833Z', 'age': 55}, 'registered': {'date': '2004-07-08T02:51:00.705Z', 'age': 19}, 'phone': '051-049-2243', 'cell': '081-080-9343', 'id': {'name': 'PPS', 'value': '4906699T'}, 'picture': {'large': 'https://randomuser.me/api/portraits/women/19.jpg', 'medium': 'https://randomuser.me/api/portraits/med/women/19.jpg', 'thumbnail': 'https://randomuser.me/api/portraits/thumb/women/19.jpg'}, 'nat': 'IE'}], 'info': {'seed': '809c53657351fb98', 'results': 1, 'page': 1, 'version': '1.4'}}</msg>
<arg>${json_data}</arg>
<doc>Logs the given message with the given level.</doc>
<status status="PASS" start="2024-06-30T23:15:44.314536" elapsed="0.000198"/>
</kw>
<kw name="Should Be Equal As Numbers" owner="BuiltIn">
<arg>${json_data['results'][0]['location']['postcode']}</arg>
<arg>${json_data['results'][0]['location']['postcode']}</arg>
<doc>Fails if objects are unequal after converting them to real numbers.</doc>
<status status="PASS" start="2024-06-30T23:15:44.315016" elapsed="0.000604"/>
</kw>
<kw name="Log" owner="BuiltIn">
<msg time="2024-06-30T23:15:44.316259" level="INFO">87037</msg>
<arg>${json_data['results'][0]['location']['postcode']}</arg>
<doc>Logs the given message with the given level.</doc>
<status status="PASS" start="2024-06-30T23:15:44.315807" elapsed="0.000524"/>
</kw>
<status status="PASS" start="2024-06-30T23:15:44.185015" elapsed="0.131569"/>
</kw>
<doc>Testa se os tipos de dados na resposta da API estão corretos.</doc>
<tag>testeTiposDados</tag>
<status status="PASS" start="2024-06-30T23:15:44.098990" elapsed="0.217746"/>
</test>
<test id="s1-s1-t5" name="Validar conteudo" line="35">
<kw name="Teste de Tipos de Conteudo" owner="random-user-service">
<kw name="GET On Session" owner="RequestsLibrary">
<msg time="2024-06-30T23:15:44.379787" level="INFO">GET Request : url=https://randomuser.me/api 
 path_url=/api 
 headers={'User-Agent': 'python-requests/2.32.3', 'Accept-Encoding': 'gzip, deflate', 'Accept': '*/*', 'Connection': 'keep-alive'} 
 body=None 
 </msg>
<msg time="2024-06-30T23:15:44.379849" level="INFO">GET Response : url=https://randomuser.me/api 
 status=200, reason=OK 
 headers={'Date': 'Sun, 30 Jun 2024 23:15:44 GMT', 'Content-Type': 'application/json; charset=utf-8', 'Transfer-Encoding': 'chunked', 'Connection': 'keep-alive', 'X-Powered-By': 'Express', 'Access-Control-Allow-Origin': '*', 'Cache-Control': 'no-cache', 'ETag': 'W/"49c-JfDnyCVKzWEKBGYIbgqqDnD4hHw"', 'Vary': 'Accept-Encoding', 'Content-Encoding': 'gzip', 'CF-Cache-Status': 'DYNAMIC', 'Report-To': '{"endpoints":[{"url":"https:\\/\\/a.nel.cloudflare.com\\/report\\/v4?s=kGn1%2Flr7hvAV2tYauLm9lrZ2EhS8flu1Ns2K6VOHFzV65k6zSrH7WZG%2F0z5mwR1mMIaC6B4j3pBHxyDdAfXH%2Bdvt1RaINloe4NueyaGbaTePuw3Y89AiMHKPqYoYeDva"}],"group":"cf-nel","max_age":604800}', 'NEL': '{"success_fraction":0,"report_to":"cf-nel","max_age":604800}', 'Server': 'cloudflare', 'CF-RAY': '89c1dc2a0e3d57be-IAD', 'alt-svc': 'h3=":443"; ma=86400'} 
 body={"results":[{"gender":"male","name":{"title":"Mr","first":"Derzhikray","last":"Bortnik"},"location":{"street":{"number":9554,"name":"Proletarskiy provulok"},"city":"Pavlograd","state":"Ternopilska","country":"Ukraine","postcode":28291,"coordinates":{"latitude":"81.1390","longitude":"-82.1905"},"timezone":{"offset":"+4:00","description":"Abu Dhabi, Muscat, Baku, Tbilisi"}},"email":"derzhikray.bortnik@example.com","login":{"uuid":"51afbac3-0774-4c80-92d3-699326362344","username":"ticklishelephant448","password":"bohica","salt":"bDDrYGcv","md5":"1865946a8ac6f0bbad3cb686e6da9636","sha1":"e53053fe62db80881a89467b240eba403e5de2f7","sha256":"1fdf2410ec5028715688c044b93c24992d980c495410a0a6d73d5db61fcd1eee"},"dob":{"date":"1976-08-12T14:24:31.693Z","age":47},"registered":{"date":"2014-07-12T06:26:25.697Z","age":9},"phone":"(067) J24-1222","cell":"(067) R87-5731","id":{"name":"","value":null},"picture":{"large":"https://randomuser.me/api/portraits/men/19.jpg","medium":"https://randomuser.me/api/portraits/med/men/19.jpg","thumbnail":"https://randomuser.me/api/portraits/thumb/men/19.jpg"},"nat":"UA"}],"info":{"seed":"b00a0b0537d27682","results":1,"page":1,"version":"1.4"}} 
 </msg>
<msg time="2024-06-30T23:15:44.379903" level="INFO">/opt/hostedtoolcache/Python/3.12.4/x64/lib/python3.12/site-packages/urllib3/connectionpool.py:1099: InsecureRequestWarning: Unverified HTTPS request is being made to host 'randomuser.me'. Adding certificate verification is strongly advised. See: https://urllib3.readthedocs.io/en/latest/advanced-usage.html#tls-warnings
  warnings.warn(</msg>
<msg time="2024-06-30T23:15:44.379987" level="INFO">${response} = &lt;Response [200]&gt;</msg>
<var>${response}</var>
<arg>consultarAPI</arg>
<arg>/api</arg>
<doc>Sends a GET request on a previously created HTTP Session.</doc>
<status status="PASS" start="2024-06-30T23:15:44.319483" elapsed="0.060528"/>
</kw>
<kw name="Set Variable" owner="BuiltIn">
<msg time="2024-06-30T23:15:44.380808" level="INFO">${json_data} = {'results': [{'gender': 'male', 'name': {'title': 'Mr', 'first': 'Derzhikray', 'last': 'Bortnik'}, 'location': {'street': {'number': 9554, 'name': 'Proletarskiy provulok'}, 'city': 'Pavlograd', 'state...</msg>
<var>${json_data}</var>
<arg>${response.json()}</arg>
<doc>Returns the given values which can then be assigned to a variables.</doc>
<status status="PASS" start="2024-06-30T23:15:44.380375" elapsed="0.000462"/>
</kw>
<kw name="Set Variable" owner="BuiltIn">
<msg time="2024-06-30T23:15:44.381535" level="INFO">${name_title} = Mr</msg>
<var>${name_title}</var>
<arg>${json_data["results"][0]["name"]["title"]}</arg>
<doc>Returns the given values which can then be assigned to a variables.</doc>
<status status="PASS" start="2024-06-30T23:15:44.381167" elapsed="0.000394"/>
</kw>
<kw name="Create List" owner="BuiltIn">
<msg time="2024-06-30T23:15:44.381993" level="INFO">${allowed_titles} = ['Mr', 'Ms', 'Miss', 'Mrs', 'Madame', 'Monsieur']</msg>
<var>${allowed_titles}</var>
<arg>Mr</arg>
<arg>Ms</arg>
<arg>Miss</arg>
<arg>Mrs</arg>
<arg>Madame</arg>
<arg>Monsieur</arg>
<doc>Returns a list containing given items.</doc>
<status status="PASS" start="2024-06-30T23:15:44.381849" elapsed="0.000167"/>
</kw>
<kw name="List Should Contain Value" owner="Collections">
<arg>${allowed_titles}</arg>
<arg>${name_title}</arg>
<doc>Fails if the ``value`` is not found from ``list``.</doc>
<status status="PASS" start="2024-06-30T23:15:44.382306" elapsed="0.000166"/>
</kw>
<kw name="Set Variable" owner="BuiltIn">
<msg time="2024-06-30T23:15:44.383027" level="INFO">${name_country} = UA</msg>
<var>${name_country}</var>
<arg>${json_data["results"][0]["nat"]}</arg>
<doc>Returns the given values which can then be assigned to a variables.</doc>
<status status="PASS" start="2024-06-30T23:15:44.382655" elapsed="0.000396"/>
</kw>
<kw name="Create List" owner="BuiltIn">
<msg time="2024-06-30T23:15:44.383929" level="INFO">${list_country} = ['AD', 'AE', 'AF', 'AG', 'AI', 'AL', 'AM', 'AO', 'AQ', 'AR', 'AS', 'AT', 'AU', 'AW', 'AX', 'AZ', 'BA', 'BB', 'BD', 'BE', 'BF', 'BG', 'BH', 'BI', 'BJ', 'BL', 'BM', 'BN', 'BO', 'BQ', 'BR', 'BS', 'BT', '...</msg>
<var>${list_country}</var>
<arg>AD</arg>
<arg>AE</arg>
<arg>AF</arg>
<arg>AG</arg>
<arg>AI</arg>
<arg>AL</arg>
<arg>AM</arg>
<arg>AO</arg>
<arg>AQ</arg>
<arg>AR</arg>
<arg>AS</arg>
<arg>AT</arg>
<arg>AU</arg>
<arg>AW</arg>
<arg>AX</arg>
<arg>AZ</arg>
<arg>BA</arg>
<arg>BB</arg>
<arg>BD</arg>
<arg>BE</arg>
<arg>BF</arg>
<arg>BG</arg>
<arg>BH</arg>
<arg>BI</arg>
<arg>BJ</arg>
<arg>BL</arg>
<arg>BM</arg>
<arg>BN</arg>
<arg>BO</arg>
<arg>BQ</arg>
<arg>BR</arg>
<arg>BS</arg>
<arg>BT</arg>
<arg>BV</arg>
<arg>BW</arg>
<arg>BY</arg>
<arg>BZ</arg>
<arg>CA</arg>
<arg>CC</arg>
<arg>CD</arg>
<arg>CF</arg>
<arg>CG</arg>
<arg>CH</arg>
<arg>CI</arg>
<arg>CK</arg>
<arg>CL</arg>
<arg>CM</arg>
<arg>CN</arg>
<arg>CO</arg>
<arg>CR</arg>
<arg>CU</arg>
<arg>CV</arg>
<arg>CW</arg>
<arg>CX</arg>
<arg>CY</arg>
<arg>CZ</arg>
<arg>DE</arg>
<arg>DJ</arg>
<arg>DK</arg>
<arg>DM</arg>
<arg>DO</arg>
<arg>DZ</arg>
<arg>EC</arg>
<arg>EE</arg>
<arg>EG</arg>
<arg>EH</arg>
<arg>ER</arg>
<arg>ES</arg>
<arg>ET</arg>
<arg>FI</arg>
<arg>FJ</arg>
<arg>FK</arg>
<arg>FM</arg>
<arg>FO</arg>
<arg>FR</arg>
<arg>GA</arg>
<arg>GB</arg>
<arg>GD</arg>
<arg>GE</arg>
<arg>GF</arg>
<arg>GG</arg>
<arg>GH</arg>
<arg>GI</arg>
<arg>GL</arg>
<arg>GM</arg>
<arg>GN</arg>
<arg>GP</arg>
<arg>GQ</arg>
<arg>GR</arg>
<arg>GS</arg>
<arg>GT</arg>
<arg>GU</arg>
<arg>GW</arg>
<arg>GY</arg>
<arg>HK</arg>
<arg>HM</arg>
<arg>HN</arg>
<arg>HR</arg>
<arg>HT</arg>
<arg>HU</arg>
<arg>ID</arg>
<arg>IE</arg>
<arg>IL</arg>
<arg>IM</arg>
<arg>IN</arg>
<arg>IO</arg>
<arg>IQ</arg>
<arg>IR</arg>
<arg>IS</arg>
<arg>IT</arg>
<arg>JE</arg>
<arg>JM</arg>
<arg>JO</arg>
<arg>JP</arg>
<arg>KE</arg>
<arg>KG</arg>
<arg>KH</arg>
<arg>KI</arg>
<arg>KM</arg>
<arg>KN</arg>
<arg>KP</arg>
<arg>KR</arg>
<arg>KW</arg>
<arg>KY</arg>
<arg>KZ</arg>
<arg>LA</arg>
<arg>LB</arg>
<arg>LC</arg>
<arg>LI</arg>
<arg>LK</arg>
<arg>LR</arg>
<arg>LS</arg>
<arg>LT</arg>
<arg>LU</arg>
<arg>LV</arg>
<arg>LY</arg>
<arg>MA</arg>
<arg>MC</arg>
<arg>MD</arg>
<arg>ME</arg>
<arg>MF</arg>
<arg>MG</arg>
<arg>MH</arg>
<arg>MK</arg>
<arg>ML</arg>
<arg>MM</arg>
<arg>MN</arg>
<arg>MO</arg>
<arg>MP</arg>
<arg>MQ</arg>
<arg>MR</arg>
<arg>MS</arg>
<arg>MT</arg>
<arg>MU</arg>
<arg>MV</arg>
<arg>MW</arg>
<arg>MX</arg>
<arg>MY</arg>
<arg>MZ</arg>
<arg>NA</arg>
<arg>NC</arg>
<arg>NE</arg>
<arg>NF</arg>
<arg>NG</arg>
<arg>NI</arg>
<arg>NL</arg>
<arg>NO</arg>
<arg>NP</arg>
<arg>NR</arg>
<arg>NU</arg>
<arg>NZ</arg>
<arg>OM</arg>
<arg>PA</arg>
<arg>PE</arg>
<arg>PF</arg>
<arg>PG</arg>
<arg>PH</arg>
<arg>PK</arg>
<arg>PL</arg>
<arg>PM</arg>
<arg>PN</arg>
<arg>PR</arg>
<arg>PS</arg>
<arg>PT</arg>
<arg>PW</arg>
<arg>PY</arg>
<arg>QA</arg>
<arg>RE</arg>
<arg>RO</arg>
<arg>RS</arg>
<arg>RU</arg>
<arg>RW</arg>
<arg>SA</arg>
<arg>SB</arg>
<arg>SC</arg>
<arg>SD</arg>
<arg>SE</arg>
<arg>SG</arg>
<arg>SH</arg>
<arg>SI</arg>
<arg>SJ</arg>
<arg>SK</arg>
<arg>SL</arg>
<arg>SM</arg>
<arg>SN</arg>
<arg>SO</arg>
<arg>SR</arg>
<arg>SS</arg>
<arg>ST</arg>
<arg>SV</arg>
<arg>SX</arg>
<arg>SY</arg>
<arg>SZ</arg>
<arg>TC</arg>
<arg>TD</arg>
<arg>TF</arg>
<arg>TG</arg>
<arg>TH</arg>
<arg>TJ</arg>
<arg>TK</arg>
<arg>TL</arg>
<arg>TM</arg>
<arg>TN</arg>
<arg>TO</arg>
<arg>TR</arg>
<arg>TT</arg>
<arg>TV</arg>
<arg>TW</arg>
<arg>TZ</arg>
<arg>UA</arg>
<arg>UG</arg>
<arg>UM</arg>
<arg>US</arg>
<arg>UY</arg>
<arg>UZ</arg>
<arg>VA</arg>
<arg>VC</arg>
<arg>VE</arg>
<arg>VG</arg>
<arg>VI</arg>
<arg>VN</arg>
<arg>VU</arg>
<arg>WF</arg>
<arg>WS</arg>
<arg>XK</arg>
<arg>YE</arg>
<arg>YT</arg>
<arg>ZA</arg>
<arg>ZM</arg>
<arg>ZW</arg>
<doc>Returns a list containing given items.</doc>
<status status="PASS" start="2024-06-30T23:15:44.383336" elapsed="0.000617"/>
</kw>
<kw name="List Should Contain Value" owner="Collections">
<arg>${list_country}</arg>
<arg>${name_country}</arg>
<doc>Fails if the ``value`` is not found from ``list``.</doc>
<status status="PASS" start="2024-06-30T23:15:44.384737" elapsed="0.000224"/>
</kw>
<kw name="Run Keyword If" owner="BuiltIn">
<kw name="Should Be True" owner="BuiltIn">
<arg>${True}</arg>
<doc>Fails if the given condition is not true.</doc>
<status status="PASS" start="2024-06-30T23:15:44.385874" elapsed="0.000141"/>
</kw>
<arg>${json_data["results"][0]["location"]["coordinates"]["latitude"]} &gt;= -90 and ${json_data["results"][0]["location"]["coordinates"]["latitude"]} &lt;= 90</arg>
<arg>Should Be True</arg>
<arg>${True}</arg>
<doc>Runs the given keyword with the given arguments, if ``condition`` is true.</doc>
<status status="PASS" start="2024-06-30T23:15:44.385154" elapsed="0.000984"/>
</kw>
<kw name="Run Keyword If" owner="BuiltIn">
<kw name="Should Be True" owner="BuiltIn">
<arg>${True}</arg>
<doc>Fails if the given condition is not true.</doc>
<status status="PASS" start="2024-06-30T23:15:44.386999" elapsed="0.000227"/>
</kw>
<arg>${json_data["results"][0]["location"]["coordinates"]["longitude"]} &gt;= -180 and ${json_data["results"][0]["location"]["coordinates"]["longitude"]} &lt;= 180</arg>
<arg>Should Be True</arg>
<arg>${True}</arg>
<doc>Runs the given keyword with the given arguments, if ``condition`` is true.</doc>
<status status="PASS" start="2024-06-30T23:15:44.386315" elapsed="0.001038"/>
</kw>
<status status="PASS" start="2024-06-30T23:15:44.319123" elapsed="0.068360"/>
</kw>
<doc>Testa o conteúdo específico dos campos retornados pela API.</doc>
<tag>testeConteudo</tag>
<status status="PASS" start="2024-06-30T23:15:44.318492" elapsed="0.069129"/>
</test>
<status status="PASS" start="2024-06-30T23:15:43.468763" elapsed="0.920782"/>
</suite>
<status status="PASS" start="2024-06-30T23:15:43.453996" elapsed="0.940526"/>
</suite>
<statistics>
<total>
<stat pass="5" fail="0" skip="0">All Tests</stat>
</total>
<tag>
<stat pass="1" fail="0" skip="0">testeConteudo</stat>
<stat pass="1" fail="0" skip="0">testeEstruturaResposta</stat>
<stat pass="1" fail="0" skip="0">testeRequisicaoBasica</stat>
<stat pass="1" fail="0" skip="0">testeTiposDados</stat>
</tag>
<suite>
<stat pass="5" fail="0" skip="0" id="s1" name="Tests">Tests</stat>
<stat pass="5" fail="0" skip="0" id="s1-s1" name="Random-User-Test">Tests.Random-User-Test</stat>
</suite>
</statistics>
<errors>
</errors>
</robot>
