<?xml version="1.0" encoding="UTF-8"?>
<robot generator="Robot 7.0.1 (Python 3.12.3 on linux)" generated="2024-06-17T18:19:45.528808" rpa="false" schemaversion="5">
<suite id="s1" name="Tests" source="/home/runner/work/ApiRandomUser/ApiRandomUser/RamdonUser/tests">
<suite id="s1-s1" name="Random-User-Test" source="/home/runner/work/ApiRandomUser/ApiRandomUser/RamdonUser/tests/random-user-test.robot">
<test id="s1-s1-t1" name="Conectar" line="13">
<kw name="Conectar API" owner="random-user-service">
<kw name="Create Session" owner="RequestsLibrary">
<msg time="2024-06-17T18:19:45.919786" level="INFO">Creating Session using : alias=consultarAPI, url=https://randomuser.me/, headers={},                     cookies={}, auth=None, timeout=None, proxies=None, verify=False,                     debug=0 </msg>
<arg>consultarAPI</arg>
<arg>${URL}</arg>
<doc>Create Session: create a HTTP session to a server</doc>
<status status="PASS" start="2024-06-17T18:19:45.919584" elapsed="0.000392"/>
</kw>
<status status="PASS" start="2024-06-17T18:19:45.918495" elapsed="0.001862"/>
</kw>
<status status="PASS" start="2024-06-17T18:19:45.917882" elapsed="0.002677"/>
</test>
<test id="s1-s1-t2" name="Validar retorno 200 e JSON Válido" line="16">
<kw name="Teste de Requisicao Basica" owner="random-user-service">
<kw name="GET On Session" owner="RequestsLibrary">
<msg time="2024-06-17T18:19:46.125291" level="INFO">GET Request : url=https://randomuser.me/api 
 path_url=/api 
 headers={'User-Agent': 'python-requests/2.32.3', 'Accept-Encoding': 'gzip, deflate', 'Accept': '*/*', 'Connection': 'keep-alive'} 
 body=None 
 </msg>
<msg time="2024-06-17T18:19:46.125468" level="INFO">GET Response : url=https://randomuser.me/api 
 status=200, reason=OK 
 headers={'Date': 'Mon, 17 Jun 2024 18:19:46 GMT', 'Content-Type': 'application/json; charset=utf-8', 'Transfer-Encoding': 'chunked', 'Connection': 'keep-alive', 'X-Powered-By': 'Express', 'Access-Control-Allow-Origin': '*', 'Cache-Control': 'no-cache', 'ETag': 'W/"4a8-Sed5RxKK0h2uMjxV4gfO4q1Ywho"', 'Vary': 'Accept-Encoding', 'Content-Encoding': 'gzip', 'CF-Cache-Status': 'DYNAMIC', 'Report-To': '{"endpoints":[{"url":"https:\\/\\/a.nel.cloudflare.com\\/report\\/v4?s=nxWLuI4fE1yXXu1VlBZwC%2FmJ3bmp9Aek2y5pkpKd1p6m4253aev%2FWe3QfHVKKN6nUfFNob7o46Ip%2FbSDZmXzqkMJ2I697pkMFg44inzpV6y643jztgNDZCNFkvQGxkZh"}],"group":"cf-nel","max_age":604800}', 'NEL': '{"success_fraction":0,"report_to":"cf-nel","max_age":604800}', 'Server': 'cloudflare', 'CF-RAY': '89550cbcef94819d-IAD', 'alt-svc': 'h3=":443"; ma=86400'} 
 body={"results":[{"gender":"male","name":{"title":"Mr","first":"Tristan","last":"Bonnet"},"location":{"street":{"number":3580,"name":"Avenue Joliot Curie"},"city":"Colombes","state":"Charente-Maritime","country":"France","postcode":55400,"coordinates":{"latitude":"-12.8580","longitude":"-63.3240"},"timezone":{"offset":"+10:00","description":"Eastern Australia, Guam, Vladivostok"}},"email":"tristan.bonnet@example.com","login":{"uuid":"f1f51428-8b25-4e7e-88b4-5cf5bbe45038","username":"sadfish421","password":"longdong","salt":"FUkw6E3q","md5":"b87ea177394644c105b0e21658dc2b3f","sha1":"12c14ca35d998fc65b219a6e0de1a582c55b21d4","sha256":"502bff7775394008b34b2bef80b366ecc305d15abdd2a06c7d4445f986c5fd43"},"dob":{"date":"1987-12-02T12:34:27.068Z","age":36},"registered":{"date":"2021-05-16T15:52:02.173Z","age":3},"phone":"04-78-33-02-51","cell":"06-94-54-34-84","id":{"name":"INSEE","value":"1871153671316 79"},"picture":{"large":"https://randomuser.me/api/portraits/men/35.jpg","medium":"https://randomuser.me/api/portraits/med/men/35.jpg","thumbnail":"https://randomuser.me/api/portraits/thumb/men/35.jpg"},"nat":"FR"}],"info":{"seed":"e5cbe49e015d8917","results":1,"page":1,"version":"1.4"}} 
 </msg>
<msg time="2024-06-17T18:19:46.125554" level="INFO">/opt/hostedtoolcache/Python/3.12.3/x64/lib/python3.12/site-packages/urllib3/connectionpool.py:1099: InsecureRequestWarning: Unverified HTTPS request is being made to host 'randomuser.me'. Adding certificate verification is strongly advised. See: https://urllib3.readthedocs.io/en/latest/advanced-usage.html#tls-warnings
  warnings.warn(</msg>
<msg time="2024-06-17T18:19:46.125708" level="INFO">${response} = &lt;Response [200]&gt;</msg>
<var>${response}</var>
<arg>consultarAPI</arg>
<arg>/api</arg>
<doc>Sends a GET request on a previously created HTTP Session.</doc>
<status status="PASS" start="2024-06-17T18:19:45.923215" elapsed="0.202539"/>
</kw>
<kw name="Should Be Equal As Numbers" owner="BuiltIn">
<msg time="2024-06-17T18:19:46.126973" level="INFO">Argument types are:
&lt;class 'int'&gt;
&lt;class 'str'&gt;</msg>
<arg>${response.status_code}</arg>
<arg>200</arg>
<doc>Fails if objects are unequal after converting them to real numbers.</doc>
<status status="PASS" start="2024-06-17T18:19:46.126464" elapsed="0.000579"/>
</kw>
<kw name="Log" owner="BuiltIn">
<msg time="2024-06-17T18:19:46.127803" level="INFO">200</msg>
<arg>${response.status_code}</arg>
<doc>Logs the given message with the given level.</doc>
<status status="PASS" start="2024-06-17T18:19:46.127421" elapsed="0.000427"/>
</kw>
<kw name="Set Variable" owner="BuiltIn">
<msg time="2024-06-17T18:19:46.128636" level="INFO">${json_data} = {'results': [{'gender': 'male', 'name': {'title': 'Mr', 'first': 'Tristan', 'last': 'Bonnet'}, 'location': {'street': {'number': 3580, 'name': 'Avenue Joliot Curie'}, 'city': 'Colombes', 'state': 'Cha...</msg>
<var>${json_data}</var>
<arg>${response.json()}</arg>
<doc>Returns the given values which can then be assigned to a variables.</doc>
<status status="PASS" start="2024-06-17T18:19:46.128186" elapsed="0.000478"/>
</kw>
<kw name="Dictionary Should Contain Key" owner="Collections">
<arg>${json_data}</arg>
<arg>results</arg>
<doc>Fails if ``key`` is not found from ``dictionary``.</doc>
<status status="PASS" start="2024-06-17T18:19:46.128990" elapsed="0.000175"/>
</kw>
<status status="PASS" start="2024-06-17T18:19:45.922966" elapsed="0.206358"/>
</kw>
<doc>Testa se a API responde corretamente e retorna um objeto JSON válido.</doc>
<tag>testeRequisicaoBasica</tag>
<status status="PASS" start="2024-06-17T18:19:45.922478" elapsed="0.207030"/>
</test>
<test id="s1-s1-t3" name="Validar estrutura de resposta" line="22">
<kw name="Teste de Estrutura de Resposta" owner="random-user-service">
<kw name="GET On Session" owner="RequestsLibrary">
<msg time="2024-06-17T18:19:46.225059" level="INFO">GET Request : url=https://randomuser.me/api 
 path_url=/api 
 headers={'User-Agent': 'python-requests/2.32.3', 'Accept-Encoding': 'gzip, deflate', 'Accept': '*/*', 'Connection': 'keep-alive'} 
 body=None 
 </msg>
<msg time="2024-06-17T18:19:46.225160" level="INFO">GET Response : url=https://randomuser.me/api 
 status=200, reason=OK 
 headers={'Date': 'Mon, 17 Jun 2024 18:19:46 GMT', 'Content-Type': 'application/json; charset=utf-8', 'Transfer-Encoding': 'chunked', 'Connection': 'keep-alive', 'X-Powered-By': 'Express', 'Access-Control-Allow-Origin': '*', 'Cache-Control': 'no-cache', 'ETag': 'W/"49a-S5AqTqsVw8BtAh2mG2eCkftU8+M"', 'Vary': 'Accept-Encoding', 'Content-Encoding': 'gzip', 'CF-Cache-Status': 'DYNAMIC', 'Report-To': '{"endpoints":[{"url":"https:\\/\\/a.nel.cloudflare.com\\/report\\/v4?s=Wjw7FWeVvipsElo2fICesx3ZEnL2Ee%2BlOQFIwHg0MIsLip8HvJoZVPQssGsc%2B7OU4TKcEOyqvYmEE6GB5%2BPxVJxF752NRFPuHZy9TQpgQJRh44N5lZUqG69SxH5bluME"}],"group":"cf-nel","max_age":604800}', 'NEL': '{"success_fraction":0,"report_to":"cf-nel","max_age":604800}', 'Server': 'cloudflare', 'CF-RAY': '89550cbd5829819d-IAD', 'alt-svc': 'h3=":443"; ma=86400'} 
 body={"results":[{"gender":"female","name":{"title":"Miss","first":"Francisca","last":"Soto"},"location":{"street":{"number":4671,"name":"Andador Norte Porras"},"city":"San José Casas Caídas","state":"Oaxaca","country":"Mexico","postcode":71116,"coordinates":{"latitude":"24.0652","longitude":"21.3173"},"timezone":{"offset":"-3:30","description":"Newfoundland"}},"email":"francisca.soto@example.com","login":{"uuid":"6d3571b9-aeb4-4159-872f-d7f4fea6ce9e","username":"yellowsnake500","password":"boss","salt":"5StftLFE","md5":"62af35c03fb9089d07775eeca50951c5","sha1":"f78fa4b79e3a5faef7c82d388ce1cb8b9cada494","sha256":"5a2bfd864861d284264c36e647042db7ea67837de8f484a6d3cda53e6dce1212"},"dob":{"date":"2000-04-30T07:19:46.210Z","age":24},"registered":{"date":"2008-01-09T13:02:43.083Z","age":16},"phone":"(696) 389 6825","cell":"(656) 794 5362","id":{"name":"NSS","value":"76 55 97 9631 1"},"picture":{"large":"https://randomuser.me/api/portraits/women/92.jpg","medium":"https://randomuser.me/api/portraits/med/women/92.jpg","thumbnail":"https://randomuser.me/api/portraits/thumb/women/92.jpg"},"nat":"MX"}],"info":{"seed":"f5bab788df954ade","results":1,"page":1,"version":"1.4"}} 
 </msg>
<msg time="2024-06-17T18:19:46.225322" level="INFO">/opt/hostedtoolcache/Python/3.12.3/x64/lib/python3.12/site-packages/urllib3/connectionpool.py:1099: InsecureRequestWarning: Unverified HTTPS request is being made to host 'randomuser.me'. Adding certificate verification is strongly advised. See: https://urllib3.readthedocs.io/en/latest/advanced-usage.html#tls-warnings
  warnings.warn(</msg>
<msg time="2024-06-17T18:19:46.225466" level="INFO">${response} = &lt;Response [200]&gt;</msg>
<var>${response}</var>
<arg>consultarAPI</arg>
<arg>/api</arg>
<doc>Sends a GET request on a previously created HTTP Session.</doc>
<status status="PASS" start="2024-06-17T18:19:46.132751" elapsed="0.092774"/>
</kw>
<kw name="Set Variable" owner="BuiltIn">
<msg time="2024-06-17T18:19:46.226671" level="INFO">${json_data} = {'results': [{'gender': 'female', 'name': {'title': 'Miss', 'first': 'Francisca', 'last': 'Soto'}, 'location': {'street': {'number': 4671, 'name': 'Andador Norte Porras'}, 'city': 'San José Casas Caíd...</msg>
<var>${json_data}</var>
<arg>${response.json()}</arg>
<doc>Returns the given values which can then be assigned to a variables.</doc>
<status status="PASS" start="2024-06-17T18:19:46.226065" elapsed="0.000636"/>
</kw>
<kw name="Log" owner="BuiltIn">
<msg time="2024-06-17T18:19:46.227189" level="INFO">{'results': [{'gender': 'female', 'name': {'title': 'Miss', 'first': 'Francisca', 'last': 'Soto'}, 'location': {'street': {'number': 4671, 'name': 'Andador Norte Porras'}, 'city': 'San José Casas Caídas', 'state': 'Oaxaca', 'country': 'Mexico', 'postcode': 71116, 'coordinates': {'latitude': '24.0652', 'longitude': '21.3173'}, 'timezone': {'offset': '-3:30', 'description': 'Newfoundland'}}, 'email': 'francisca.soto@example.com', 'login': {'uuid': '6d3571b9-aeb4-4159-872f-d7f4fea6ce9e', 'username': 'yellowsnake500', 'password': 'boss', 'salt': '5StftLFE', 'md5': '62af35c03fb9089d07775eeca50951c5', 'sha1': 'f78fa4b79e3a5faef7c82d388ce1cb8b9cada494', 'sha256': '5a2bfd864861d284264c36e647042db7ea67837de8f484a6d3cda53e6dce1212'}, 'dob': {'date': '2000-04-30T07:19:46.210Z', 'age': 24}, 'registered': {'date': '2008-01-09T13:02:43.083Z', 'age': 16}, 'phone': '(696) 389 6825', 'cell': '(656) 794 5362', 'id': {'name': 'NSS', 'value': '76 55 97 9631 1'}, 'picture': {'large': 'https://randomuser.me/api/portraits/women/92.jpg', 'medium': 'https://randomuser.me/api/portraits/med/women/92.jpg', 'thumbnail': 'https://randomuser.me/api/portraits/thumb/women/92.jpg'}, 'nat': 'MX'}], 'info': {'seed': 'f5bab788df954ade', 'results': 1, 'page': 1, 'version': '1.4'}}</msg>
<arg>${json_data}</arg>
<doc>Logs the given message with the given level.</doc>
<status status="PASS" start="2024-06-17T18:19:46.227025" elapsed="0.000214"/>
</kw>
<kw name="Dictionary Should Contain Key" owner="Collections">
<arg>${json_data}</arg>
<arg>results</arg>
<doc>Fails if ``key`` is not found from ``dictionary``.</doc>
<status status="PASS" start="2024-06-17T18:19:46.227537" elapsed="0.000161"/>
</kw>
<kw name="Should Not Be Empty" owner="BuiltIn">
<msg time="2024-06-17T18:19:46.228009" level="INFO">Length is 2.</msg>
<arg>${json_data}</arg>
<doc>Verifies that the given item is not empty.</doc>
<status status="PASS" start="2024-06-17T18:19:46.227884" elapsed="0.000163"/>
</kw>
<kw name="Create List" owner="BuiltIn">
<msg time="2024-06-17T18:19:46.228486" level="INFO">${expected_keys} = ['gender', 'name', 'location', 'email', 'login']</msg>
<var>${expected_keys}</var>
<arg>gender</arg>
<arg>name</arg>
<arg>location</arg>
<arg>email</arg>
<arg>login</arg>
<doc>Returns a list containing given items.</doc>
<status status="PASS" start="2024-06-17T18:19:46.228338" elapsed="0.000172"/>
</kw>
<for flavor="IN">
<iter>
<kw name="Dictionary Should Contain Key" owner="Collections">
<arg>${json_data['results'][0]}</arg>
<arg>${key}</arg>
<doc>Fails if ``key`` is not found from ``dictionary``.</doc>
<status status="PASS" start="2024-06-17T18:19:46.229102" elapsed="0.000409"/>
</kw>
<kw name="Log" owner="BuiltIn">
<msg time="2024-06-17T18:19:46.230084" level="INFO">{'gender': 'female', 'name': {'title': 'Miss', 'first': 'Francisca', 'last': 'Soto'}, 'location': {'street': {'number': 4671, 'name': 'Andador Norte Porras'}, 'city': 'San José Casas Caídas', 'state': 'Oaxaca', 'country': 'Mexico', 'postcode': 71116, 'coordinates': {'latitude': '24.0652', 'longitude': '21.3173'}, 'timezone': {'offset': '-3:30', 'description': 'Newfoundland'}}, 'email': 'francisca.soto@example.com', 'login': {'uuid': '6d3571b9-aeb4-4159-872f-d7f4fea6ce9e', 'username': 'yellowsnake500', 'password': 'boss', 'salt': '5StftLFE', 'md5': '62af35c03fb9089d07775eeca50951c5', 'sha1': 'f78fa4b79e3a5faef7c82d388ce1cb8b9cada494', 'sha256': '5a2bfd864861d284264c36e647042db7ea67837de8f484a6d3cda53e6dce1212'}, 'dob': {'date': '2000-04-30T07:19:46.210Z', 'age': 24}, 'registered': {'date': '2008-01-09T13:02:43.083Z', 'age': 16}, 'phone': '(696) 389 6825', 'cell': '(656) 794 5362', 'id': {'name': 'NSS', 'value': '76 55 97 9631 1'}, 'picture': {'large': 'https://randomuser.me/api/portraits/women/92.jpg', 'medium': 'https://randomuser.me/api/portraits/med/women/92.jpg', 'thumbnail': 'https://randomuser.me/api/portraits/thumb/women/92.jpg'}, 'nat': 'MX'}</msg>
<arg>${json_data['results'][0]}</arg>
<doc>Logs the given message with the given level.</doc>
<status status="PASS" start="2024-06-17T18:19:46.229704" elapsed="0.000432"/>
</kw>
<kw name="Log" owner="BuiltIn">
<msg time="2024-06-17T18:19:46.230599" level="INFO">gender</msg>
<arg>${key}</arg>
<doc>Logs the given message with the given level.</doc>
<status status="PASS" start="2024-06-17T18:19:46.230466" elapsed="0.000172"/>
</kw>
<var name="${key}">gender</var>
<status status="PASS" start="2024-06-17T18:19:46.228972" elapsed="0.001888"/>
</iter>
<iter>
<kw name="Dictionary Should Contain Key" owner="Collections">
<arg>${json_data['results'][0]}</arg>
<arg>${key}</arg>
<doc>Fails if ``key`` is not found from ``dictionary``.</doc>
<status status="PASS" start="2024-06-17T18:19:46.231163" elapsed="0.000391"/>
</kw>
<kw name="Log" owner="BuiltIn">
<msg time="2024-06-17T18:19:46.232086" level="INFO">{'gender': 'female', 'name': {'title': 'Miss', 'first': 'Francisca', 'last': 'Soto'}, 'location': {'street': {'number': 4671, 'name': 'Andador Norte Porras'}, 'city': 'San José Casas Caídas', 'state': 'Oaxaca', 'country': 'Mexico', 'postcode': 71116, 'coordinates': {'latitude': '24.0652', 'longitude': '21.3173'}, 'timezone': {'offset': '-3:30', 'description': 'Newfoundland'}}, 'email': 'francisca.soto@example.com', 'login': {'uuid': '6d3571b9-aeb4-4159-872f-d7f4fea6ce9e', 'username': 'yellowsnake500', 'password': 'boss', 'salt': '5StftLFE', 'md5': '62af35c03fb9089d07775eeca50951c5', 'sha1': 'f78fa4b79e3a5faef7c82d388ce1cb8b9cada494', 'sha256': '5a2bfd864861d284264c36e647042db7ea67837de8f484a6d3cda53e6dce1212'}, 'dob': {'date': '2000-04-30T07:19:46.210Z', 'age': 24}, 'registered': {'date': '2008-01-09T13:02:43.083Z', 'age': 16}, 'phone': '(696) 389 6825', 'cell': '(656) 794 5362', 'id': {'name': 'NSS', 'value': '76 55 97 9631 1'}, 'picture': {'large': 'https://randomuser.me/api/portraits/women/92.jpg', 'medium': 'https://randomuser.me/api/portraits/med/women/92.jpg', 'thumbnail': 'https://randomuser.me/api/portraits/thumb/women/92.jpg'}, 'nat': 'MX'}</msg>
<arg>${json_data['results'][0]}</arg>
<doc>Logs the given message with the given level.</doc>
<status status="PASS" start="2024-06-17T18:19:46.231739" elapsed="0.000432"/>
</kw>
<kw name="Log" owner="BuiltIn">
<msg time="2024-06-17T18:19:46.232612" level="INFO">name</msg>
<arg>${key}</arg>
<doc>Logs the given message with the given level.</doc>
<status status="PASS" start="2024-06-17T18:19:46.232474" elapsed="0.000177"/>
</kw>
<var name="${key}">name</var>
<status status="PASS" start="2024-06-17T18:19:46.231051" elapsed="0.001822"/>
</iter>
<iter>
<kw name="Dictionary Should Contain Key" owner="Collections">
<arg>${json_data['results'][0]}</arg>
<arg>${key}</arg>
<doc>Fails if ``key`` is not found from ``dictionary``.</doc>
<status status="PASS" start="2024-06-17T18:19:46.233164" elapsed="0.000388"/>
</kw>
<kw name="Log" owner="BuiltIn">
<msg time="2024-06-17T18:19:46.234099" level="INFO">{'gender': 'female', 'name': {'title': 'Miss', 'first': 'Francisca', 'last': 'Soto'}, 'location': {'street': {'number': 4671, 'name': 'Andador Norte Porras'}, 'city': 'San José Casas Caídas', 'state': 'Oaxaca', 'country': 'Mexico', 'postcode': 71116, 'coordinates': {'latitude': '24.0652', 'longitude': '21.3173'}, 'timezone': {'offset': '-3:30', 'description': 'Newfoundland'}}, 'email': 'francisca.soto@example.com', 'login': {'uuid': '6d3571b9-aeb4-4159-872f-d7f4fea6ce9e', 'username': 'yellowsnake500', 'password': 'boss', 'salt': '5StftLFE', 'md5': '62af35c03fb9089d07775eeca50951c5', 'sha1': 'f78fa4b79e3a5faef7c82d388ce1cb8b9cada494', 'sha256': '5a2bfd864861d284264c36e647042db7ea67837de8f484a6d3cda53e6dce1212'}, 'dob': {'date': '2000-04-30T07:19:46.210Z', 'age': 24}, 'registered': {'date': '2008-01-09T13:02:43.083Z', 'age': 16}, 'phone': '(696) 389 6825', 'cell': '(656) 794 5362', 'id': {'name': 'NSS', 'value': '76 55 97 9631 1'}, 'picture': {'large': 'https://randomuser.me/api/portraits/women/92.jpg', 'medium': 'https://randomuser.me/api/portraits/med/women/92.jpg', 'thumbnail': 'https://randomuser.me/api/portraits/thumb/women/92.jpg'}, 'nat': 'MX'}</msg>
<arg>${json_data['results'][0]}</arg>
<doc>Logs the given message with the given level.</doc>
<status status="PASS" start="2024-06-17T18:19:46.233739" elapsed="0.000411"/>
</kw>
<kw name="Log" owner="BuiltIn">
<msg time="2024-06-17T18:19:46.234620" level="INFO">location</msg>
<arg>${key}</arg>
<doc>Logs the given message with the given level.</doc>
<status status="PASS" start="2024-06-17T18:19:46.234476" elapsed="0.000184"/>
</kw>
<var name="${key}">location</var>
<status status="PASS" start="2024-06-17T18:19:46.233054" elapsed="0.001826"/>
</iter>
<iter>
<kw name="Dictionary Should Contain Key" owner="Collections">
<arg>${json_data['results'][0]}</arg>
<arg>${key}</arg>
<doc>Fails if ``key`` is not found from ``dictionary``.</doc>
<status status="PASS" start="2024-06-17T18:19:46.235162" elapsed="0.000384"/>
</kw>
<kw name="Log" owner="BuiltIn">
<msg time="2024-06-17T18:19:46.236088" level="INFO">{'gender': 'female', 'name': {'title': 'Miss', 'first': 'Francisca', 'last': 'Soto'}, 'location': {'street': {'number': 4671, 'name': 'Andador Norte Porras'}, 'city': 'San José Casas Caídas', 'state': 'Oaxaca', 'country': 'Mexico', 'postcode': 71116, 'coordinates': {'latitude': '24.0652', 'longitude': '21.3173'}, 'timezone': {'offset': '-3:30', 'description': 'Newfoundland'}}, 'email': 'francisca.soto@example.com', 'login': {'uuid': '6d3571b9-aeb4-4159-872f-d7f4fea6ce9e', 'username': 'yellowsnake500', 'password': 'boss', 'salt': '5StftLFE', 'md5': '62af35c03fb9089d07775eeca50951c5', 'sha1': 'f78fa4b79e3a5faef7c82d388ce1cb8b9cada494', 'sha256': '5a2bfd864861d284264c36e647042db7ea67837de8f484a6d3cda53e6dce1212'}, 'dob': {'date': '2000-04-30T07:19:46.210Z', 'age': 24}, 'registered': {'date': '2008-01-09T13:02:43.083Z', 'age': 16}, 'phone': '(696) 389 6825', 'cell': '(656) 794 5362', 'id': {'name': 'NSS', 'value': '76 55 97 9631 1'}, 'picture': {'large': 'https://randomuser.me/api/portraits/women/92.jpg', 'medium': 'https://randomuser.me/api/portraits/med/women/92.jpg', 'thumbnail': 'https://randomuser.me/api/portraits/thumb/women/92.jpg'}, 'nat': 'MX'}</msg>
<arg>${json_data['results'][0]}</arg>
<doc>Logs the given message with the given level.</doc>
<status status="PASS" start="2024-06-17T18:19:46.235730" elapsed="0.000411"/>
</kw>
<kw name="Log" owner="BuiltIn">
<msg time="2024-06-17T18:19:46.236569" level="INFO">email</msg>
<arg>${key}</arg>
<doc>Logs the given message with the given level.</doc>
<status status="PASS" start="2024-06-17T18:19:46.236439" elapsed="0.000168"/>
</kw>
<var name="${key}">email</var>
<status status="PASS" start="2024-06-17T18:19:46.235054" elapsed="0.001770"/>
</iter>
<iter>
<kw name="Dictionary Should Contain Key" owner="Collections">
<arg>${json_data['results'][0]}</arg>
<arg>${key}</arg>
<doc>Fails if ``key`` is not found from ``dictionary``.</doc>
<status status="PASS" start="2024-06-17T18:19:46.237109" elapsed="0.000378"/>
</kw>
<kw name="Log" owner="BuiltIn">
<msg time="2024-06-17T18:19:46.238024" level="INFO">{'gender': 'female', 'name': {'title': 'Miss', 'first': 'Francisca', 'last': 'Soto'}, 'location': {'street': {'number': 4671, 'name': 'Andador Norte Porras'}, 'city': 'San José Casas Caídas', 'state': 'Oaxaca', 'country': 'Mexico', 'postcode': 71116, 'coordinates': {'latitude': '24.0652', 'longitude': '21.3173'}, 'timezone': {'offset': '-3:30', 'description': 'Newfoundland'}}, 'email': 'francisca.soto@example.com', 'login': {'uuid': '6d3571b9-aeb4-4159-872f-d7f4fea6ce9e', 'username': 'yellowsnake500', 'password': 'boss', 'salt': '5StftLFE', 'md5': '62af35c03fb9089d07775eeca50951c5', 'sha1': 'f78fa4b79e3a5faef7c82d388ce1cb8b9cada494', 'sha256': '5a2bfd864861d284264c36e647042db7ea67837de8f484a6d3cda53e6dce1212'}, 'dob': {'date': '2000-04-30T07:19:46.210Z', 'age': 24}, 'registered': {'date': '2008-01-09T13:02:43.083Z', 'age': 16}, 'phone': '(696) 389 6825', 'cell': '(656) 794 5362', 'id': {'name': 'NSS', 'value': '76 55 97 9631 1'}, 'picture': {'large': 'https://randomuser.me/api/portraits/women/92.jpg', 'medium': 'https://randomuser.me/api/portraits/med/women/92.jpg', 'thumbnail': 'https://randomuser.me/api/portraits/thumb/women/92.jpg'}, 'nat': 'MX'}</msg>
<arg>${json_data['results'][0]}</arg>
<doc>Logs the given message with the given level.</doc>
<status status="PASS" start="2024-06-17T18:19:46.237672" elapsed="0.000411"/>
</kw>
<kw name="Log" owner="BuiltIn">
<msg time="2024-06-17T18:19:46.238654" level="INFO">login</msg>
<arg>${key}</arg>
<doc>Logs the given message with the given level.</doc>
<status status="PASS" start="2024-06-17T18:19:46.238382" elapsed="0.000311"/>
</kw>
<var name="${key}">login</var>
<status status="PASS" start="2024-06-17T18:19:46.237000" elapsed="0.001914"/>
</iter>
<var>${key}</var>
<value>@{expected_keys}</value>
<status status="PASS" start="2024-06-17T18:19:46.228775" elapsed="0.010261"/>
</for>
<kw name="Create List" owner="BuiltIn">
<msg time="2024-06-17T18:19:46.239400" level="INFO">${expected_keysTwo} = ['username', 'password']</msg>
<var>${expected_keysTwo}</var>
<arg>username</arg>
<arg>password</arg>
<doc>Returns a list containing given items.</doc>
<status status="PASS" start="2024-06-17T18:19:46.239228" elapsed="0.000197"/>
</kw>
<for flavor="IN">
<iter>
<kw name="Dictionary Should Contain Key" owner="Collections">
<arg>${json_data['results'][0]['login']}</arg>
<arg>${keyTwo}</arg>
<doc>Fails if ``key`` is not found from ``dictionary``.</doc>
<status status="PASS" start="2024-06-17T18:19:46.239945" elapsed="0.000378"/>
</kw>
<kw name="Dictionary Should Contain Key" owner="Collections">
<arg>${json_data['results'][0]['login']}</arg>
<arg>${keyTwo}</arg>
<doc>Fails if ``key`` is not found from ``dictionary``.</doc>
<status status="PASS" start="2024-06-17T18:19:46.240504" elapsed="0.000377"/>
</kw>
<kw name="Log" owner="BuiltIn">
<msg time="2024-06-17T18:19:46.241181" level="INFO">username</msg>
<arg>${keyTwo}</arg>
<doc>Logs the given message with the given level.</doc>
<status status="PASS" start="2024-06-17T18:19:46.241061" elapsed="0.000156"/>
</kw>
<var name="${keyTwo}">username</var>
<status status="PASS" start="2024-06-17T18:19:46.239834" elapsed="0.001608"/>
</iter>
<iter>
<kw name="Dictionary Should Contain Key" owner="Collections">
<arg>${json_data['results'][0]['login']}</arg>
<arg>${keyTwo}</arg>
<doc>Fails if ``key`` is not found from ``dictionary``.</doc>
<status status="PASS" start="2024-06-17T18:19:46.241732" elapsed="0.000374"/>
</kw>
<kw name="Dictionary Should Contain Key" owner="Collections">
<arg>${json_data['results'][0]['login']}</arg>
<arg>${keyTwo}</arg>
<doc>Fails if ``key`` is not found from ``dictionary``.</doc>
<status status="PASS" start="2024-06-17T18:19:46.242285" elapsed="0.000401"/>
</kw>
<kw name="Log" owner="BuiltIn">
<msg time="2024-06-17T18:19:46.242991" level="INFO">password</msg>
<arg>${keyTwo}</arg>
<doc>Logs the given message with the given level.</doc>
<status status="PASS" start="2024-06-17T18:19:46.242869" elapsed="0.000159"/>
</kw>
<var name="${keyTwo}">password</var>
<status status="PASS" start="2024-06-17T18:19:46.241623" elapsed="0.001626"/>
</iter>
<var>${keyTwo}</var>
<value>@{expected_keysTwo}</value>
<status status="PASS" start="2024-06-17T18:19:46.239666" elapsed="0.003705"/>
</for>
<status status="PASS" start="2024-06-17T18:19:46.132434" elapsed="0.111079"/>
</kw>
<doc>Testa a estrutura da resposta da API.</doc>
<tag>testeEstruturaResposta</tag>
<status status="PASS" start="2024-06-17T18:19:46.131416" elapsed="0.112253"/>
</test>
<test id="s1-s1-t4" name="Validar tipos de dados" line="28">
<kw name="Teste de Tipos de Dados" owner="random-user-service">
<kw name="GET On Session" owner="RequestsLibrary">
<msg time="2024-06-17T18:19:46.324047" level="INFO">GET Request : url=https://randomuser.me/api 
 path_url=/api 
 headers={'User-Agent': 'python-requests/2.32.3', 'Accept-Encoding': 'gzip, deflate', 'Accept': '*/*', 'Connection': 'keep-alive'} 
 body=None 
 </msg>
<msg time="2024-06-17T18:19:46.324130" level="INFO">GET Response : url=https://randomuser.me/api 
 status=200, reason=OK 
 headers={'Date': 'Mon, 17 Jun 2024 18:19:46 GMT', 'Content-Type': 'application/json; charset=utf-8', 'Transfer-Encoding': 'chunked', 'Connection': 'keep-alive', 'X-Powered-By': 'Express', 'Access-Control-Allow-Origin': '*', 'Cache-Control': 'no-cache', 'ETag': 'W/"49c-IPiRlexoBUqujxBKMnIb6pyZQVw"', 'Vary': 'Accept-Encoding', 'Content-Encoding': 'gzip', 'CF-Cache-Status': 'DYNAMIC', 'Report-To': '{"endpoints":[{"url":"https:\\/\\/a.nel.cloudflare.com\\/report\\/v4?s=WEIEJiK4pnvxW75iPt7oHepFZu1UvifS2SMdus34rQX9svD3zoKOoeHySvBsus1S9T0OYzfnv%2Bg21jO8XTYv%2BI1HkoF%2FeVw4kRzkKg0FMxV6CXbRiFr8SV6jm2GARhM%2B"}],"group":"cf-nel","max_age":604800}', 'NEL': '{"success_fraction":0,"report_to":"cf-nel","max_age":604800}', 'Server': 'cloudflare', 'CF-RAY': '89550cbe191f819d-IAD', 'alt-svc': 'h3=":443"; ma=86400'} 
 body={"results":[{"gender":"male","name":{"title":"Mr","first":"Maël","last":"Lucas"},"location":{"street":{"number":8196,"name":"Rue Duquesne"},"city":"Champigny-sur-Marne","state":"Martinique","country":"France","postcode":21155,"coordinates":{"latitude":"-20.6388","longitude":"-153.1432"},"timezone":{"offset":"+4:00","description":"Abu Dhabi, Muscat, Baku, Tbilisi"}},"email":"mael.lucas@example.com","login":{"uuid":"a9ade3a1-19cb-4abc-ae41-b576610c070b","username":"crazybird743","password":"theater","salt":"gJVTNSX6","md5":"7ecd387cb8396ff6b365673d03e62ad6","sha1":"82f182bb3cc8e38446bc4c381e5311fde979f4e4","sha256":"b25f90c8655b896740d017b644d91a1c7988145ddb2cc9e8822a97be330381d6"},"dob":{"date":"1965-11-14T11:31:46.058Z","age":58},"registered":{"date":"2011-06-23T05:58:11.794Z","age":12},"phone":"02-00-80-40-77","cell":"06-54-38-62-58","id":{"name":"INSEE","value":"1651044483863 75"},"picture":{"large":"https://randomuser.me/api/portraits/men/41.jpg","medium":"https://randomuser.me/api/portraits/med/men/41.jpg","thumbnail":"https://randomuser.me/api/portraits/thumb/men/41.jpg"},"nat":"FR"}],"info":{"seed":"621ebe5591d71af5","results":1,"page":1,"version":"1.4"}} 
 </msg>
<msg time="2024-06-17T18:19:46.324203" level="INFO">/opt/hostedtoolcache/Python/3.12.3/x64/lib/python3.12/site-packages/urllib3/connectionpool.py:1099: InsecureRequestWarning: Unverified HTTPS request is being made to host 'randomuser.me'. Adding certificate verification is strongly advised. See: https://urllib3.readthedocs.io/en/latest/advanced-usage.html#tls-warnings
  warnings.warn(</msg>
<msg time="2024-06-17T18:19:46.324315" level="INFO">${response} = &lt;Response [200]&gt;</msg>
<var>${response}</var>
<arg>consultarAPI</arg>
<arg>/api</arg>
<doc>Sends a GET request on a previously created HTTP Session.</doc>
<status status="PASS" start="2024-06-17T18:19:46.246230" elapsed="0.078134"/>
</kw>
<kw name="Set Variable" owner="BuiltIn">
<msg time="2024-06-17T18:19:46.325477" level="INFO">${json_data} = {'results': [{'gender': 'male', 'name': {'title': 'Mr', 'first': 'Maël', 'last': 'Lucas'}, 'location': {'street': {'number': 8196, 'name': 'Rue Duquesne'}, 'city': 'Champigny-sur-Marne', 'state': 'Mar...</msg>
<var>${json_data}</var>
<arg>${response.json()}</arg>
<doc>Returns the given values which can then be assigned to a variables.</doc>
<status status="PASS" start="2024-06-17T18:19:46.324916" elapsed="0.000591"/>
</kw>
<kw name="Log" owner="BuiltIn">
<msg time="2024-06-17T18:19:46.325967" level="INFO">{'results': [{'gender': 'male', 'name': {'title': 'Mr', 'first': 'Maël', 'last': 'Lucas'}, 'location': {'street': {'number': 8196, 'name': 'Rue Duquesne'}, 'city': 'Champigny-sur-Marne', 'state': 'Martinique', 'country': 'France', 'postcode': 21155, 'coordinates': {'latitude': '-20.6388', 'longitude': '-153.1432'}, 'timezone': {'offset': '+4:00', 'description': 'Abu Dhabi, Muscat, Baku, Tbilisi'}}, 'email': 'mael.lucas@example.com', 'login': {'uuid': 'a9ade3a1-19cb-4abc-ae41-b576610c070b', 'username': 'crazybird743', 'password': 'theater', 'salt': 'gJVTNSX6', 'md5': '7ecd387cb8396ff6b365673d03e62ad6', 'sha1': '82f182bb3cc8e38446bc4c381e5311fde979f4e4', 'sha256': 'b25f90c8655b896740d017b644d91a1c7988145ddb2cc9e8822a97be330381d6'}, 'dob': {'date': '1965-11-14T11:31:46.058Z', 'age': 58}, 'registered': {'date': '2011-06-23T05:58:11.794Z', 'age': 12}, 'phone': '02-00-80-40-77', 'cell': '06-54-38-62-58', 'id': {'name': 'INSEE', 'value': '1651044483863 75'}, 'picture': {'large': 'https://randomuser.me/api/portraits/men/41.jpg', 'medium': 'https://randomuser.me/api/portraits/med/men/41.jpg', 'thumbnail': 'https://randomuser.me/api/portraits/thumb/men/41.jpg'}, 'nat': 'FR'}], 'info': {'seed': '621ebe5591d71af5', 'results': 1, 'page': 1, 'version': '1.4'}}</msg>
<arg>${json_data}</arg>
<doc>Logs the given message with the given level.</doc>
<status status="PASS" start="2024-06-17T18:19:46.325812" elapsed="0.000203"/>
</kw>
<kw name="Should Be String" owner="String">
<arg>${json_data['results'][0]['gender']}</arg>
<doc>Fails if the given ``item`` is not a string.</doc>
<status status="PASS" start="2024-06-17T18:19:46.326322" elapsed="0.000404"/>
</kw>
<kw name="Should Match Regexp" owner="BuiltIn">
<arg>${json_data['results'][0]['email']}</arg>
<arg>^[a-zA-Z0-9._%+-]+@[a-zA-Z0-9.-]+\.[a-zA-Z]{2,}$</arg>
<doc>Fails if ``string`` does not match ``pattern`` as a regular expression.</doc>
<status status="PASS" start="2024-06-17T18:19:46.326956" elapsed="0.000525"/>
</kw>
<kw name="Should Match Regexp" owner="BuiltIn">
<arg>${json_data['results'][0]['dob']['date']}</arg>
<arg>\\d{4}-\\d{2}-\\d{2}T\\d{2}:\\d{2}:\\d{2}\\.\\d{3}Z</arg>
<doc>Fails if ``string`` does not match ``pattern`` as a regular expression.</doc>
<status status="PASS" start="2024-06-17T18:19:46.327677" elapsed="0.000503"/>
</kw>
<kw name="Should Match Regexp" owner="BuiltIn">
<arg>${json_data['results'][0]['registered']['date']}</arg>
<arg>\\d{4}-\\d{2}-\\d{2}T\\d{2}:\\d{2}:\\d{2}\\.\\d{3}Z</arg>
<doc>Fails if ``string`` does not match ``pattern`` as a regular expression.</doc>
<status status="PASS" start="2024-06-17T18:19:46.328374" elapsed="0.000361"/>
</kw>
<kw name="Should Match Regexp" owner="BuiltIn">
<arg>${json_data['results'][0]['picture']['large']}</arg>
<arg>^https?://.*\.(?:png|jpe?g|gif|bmp)$</arg>
<doc>Fails if ``string`` does not match ``pattern`` as a regular expression.</doc>
<status status="PASS" start="2024-06-17T18:19:46.328927" elapsed="0.000487"/>
</kw>
<kw name="Should Match Regexp" owner="BuiltIn">
<arg>${json_data['results'][0]['picture']['medium']}</arg>
<arg>^https?://.*\.(?:png|jpe?g|gif|bmp)$</arg>
<doc>Fails if ``string`` does not match ``pattern`` as a regular expression.</doc>
<status status="PASS" start="2024-06-17T18:19:46.329610" elapsed="0.000351"/>
</kw>
<kw name="Should Match Regexp" owner="BuiltIn">
<arg>${json_data['results'][0]['picture']['thumbnail']}</arg>
<arg>^https?://.*\.(?:png|jpe?g|gif|bmp)$</arg>
<doc>Fails if ``string`` does not match ``pattern`` as a regular expression.</doc>
<status status="PASS" start="2024-06-17T18:19:46.330147" elapsed="0.000384"/>
</kw>
<kw name="Log" owner="BuiltIn">
<msg time="2024-06-17T18:19:46.331051" level="INFO">{'large': 'https://randomuser.me/api/portraits/men/41.jpg', 'medium': 'https://randomuser.me/api/portraits/med/men/41.jpg', 'thumbnail': 'https://randomuser.me/api/portraits/thumb/men/41.jpg'}</msg>
<arg>${json_data['results'][0]['picture']}</arg>
<doc>Logs the given message with the given level.</doc>
<status status="PASS" start="2024-06-17T18:19:46.330719" elapsed="0.000375"/>
</kw>
<status status="PASS" start="2024-06-17T18:19:46.246001" elapsed="0.085359"/>
</kw>
<kw name="Teste de Tipos de Dados - Postcode" owner="random-user-service">
<kw name="GET On Session" owner="RequestsLibrary">
<msg time="2024-06-17T18:19:46.421997" level="INFO">GET Request : url=https://randomuser.me/api 
 path_url=/api 
 headers={'User-Agent': 'python-requests/2.32.3', 'Accept-Encoding': 'gzip, deflate', 'Accept': '*/*', 'Connection': 'keep-alive'} 
 body=None 
 </msg>
<msg time="2024-06-17T18:19:46.422098" level="INFO">GET Response : url=https://randomuser.me/api 
 status=200, reason=OK 
 headers={'Date': 'Mon, 17 Jun 2024 18:19:46 GMT', 'Content-Type': 'application/json; charset=utf-8', 'Transfer-Encoding': 'chunked', 'Connection': 'keep-alive', 'X-Powered-By': 'Express', 'Access-Control-Allow-Origin': '*', 'Cache-Control': 'no-cache', 'ETag': 'W/"48d-0p4FtRvsHNMB4T5gdrGNkjZ7kQw"', 'Vary': 'Accept-Encoding', 'Content-Encoding': 'gzip', 'CF-Cache-Status': 'DYNAMIC', 'Report-To': '{"endpoints":[{"url":"https:\\/\\/a.nel.cloudflare.com\\/report\\/v4?s=RqJ7Hlbc66I8LlzwVViqXJbD2QQ7LSnZDb5uHL1FX2E8ilaLzNRqh76Jt%2BO29IKbwlBU7il%2FTPxJUGceHbh1s0F%2Bz6R0ZKjDh4VYWn4jTqVDBDdG3DormBaKpwfB5ZZb"}],"group":"cf-nel","max_age":604800}', 'NEL': '{"success_fraction":0,"report_to":"cf-nel","max_age":604800}', 'Server': 'cloudflare', 'CF-RAY': '89550cbe99e2819d-IAD', 'alt-svc': 'h3=":443"; ma=86400'} 
 body={"results":[{"gender":"female","name":{"title":"Mrs","first":"Viktoriya","last":"Brodackiy"},"location":{"street":{"number":8100,"name":"Degtyarna"},"city":"Vashkivci","state":"Chernivecka","country":"Ukraine","postcode":23728,"coordinates":{"latitude":"74.3033","longitude":"112.3505"},"timezone":{"offset":"+6:00","description":"Almaty, Dhaka, Colombo"}},"email":"viktoriya.brodackiy@example.com","login":{"uuid":"21acc42f-2b44-45c0-9a13-97b7c00fc62f","username":"bluemeercat544","password":"banner","salt":"SqsvVbtO","md5":"aca271779b2ac28ddcf2949ab37aba40","sha1":"31a4a4a49d4d7823fdc5ec58148c3306ed1ccc8a","sha256":"b366c5a1e76243501aa81a0e155952146f3bd78ae6f3823ea5adf12ce2544d90"},"dob":{"date":"1983-11-13T03:01:39.876Z","age":40},"registered":{"date":"2011-07-03T08:21:19.064Z","age":12},"phone":"(066) B98-4195","cell":"(097) A32-6781","id":{"name":"","value":null},"picture":{"large":"https://randomuser.me/api/portraits/women/76.jpg","medium":"https://randomuser.me/api/portraits/med/women/76.jpg","thumbnail":"https://randomuser.me/api/portraits/thumb/women/76.jpg"},"nat":"UA"}],"info":{"seed":"4ffa809699a6c6b5","results":1,"page":1,"version":"1.4"}} 
 </msg>
<msg time="2024-06-17T18:19:46.422193" level="INFO">/opt/hostedtoolcache/Python/3.12.3/x64/lib/python3.12/site-packages/urllib3/connectionpool.py:1099: InsecureRequestWarning: Unverified HTTPS request is being made to host 'randomuser.me'. Adding certificate verification is strongly advised. See: https://urllib3.readthedocs.io/en/latest/advanced-usage.html#tls-warnings
  warnings.warn(</msg>
<msg time="2024-06-17T18:19:46.422312" level="INFO">${response} = &lt;Response [200]&gt;</msg>
<var>${response}</var>
<arg>consultarAPI</arg>
<arg>/api</arg>
<doc>Sends a GET request on a previously created HTTP Session.</doc>
<status status="PASS" start="2024-06-17T18:19:46.331807" elapsed="0.090546"/>
</kw>
<kw name="Set Variable" owner="BuiltIn">
<msg time="2024-06-17T18:19:46.423397" level="INFO">${json_data} = {'results': [{'gender': 'female', 'name': {'title': 'Mrs', 'first': 'Viktoriya', 'last': 'Brodackiy'}, 'location': {'street': {'number': 8100, 'name': 'Degtyarna'}, 'city': 'Vashkivci', 'state': 'Cher...</msg>
<var>${json_data}</var>
<arg>${response.json()}</arg>
<doc>Returns the given values which can then be assigned to a variables.</doc>
<status status="PASS" start="2024-06-17T18:19:46.422894" elapsed="0.000532"/>
</kw>
<kw name="Log" owner="BuiltIn">
<msg time="2024-06-17T18:19:46.423891" level="INFO">{'results': [{'gender': 'female', 'name': {'title': 'Mrs', 'first': 'Viktoriya', 'last': 'Brodackiy'}, 'location': {'street': {'number': 8100, 'name': 'Degtyarna'}, 'city': 'Vashkivci', 'state': 'Chernivecka', 'country': 'Ukraine', 'postcode': 23728, 'coordinates': {'latitude': '74.3033', 'longitude': '112.3505'}, 'timezone': {'offset': '+6:00', 'description': 'Almaty, Dhaka, Colombo'}}, 'email': 'viktoriya.brodackiy@example.com', 'login': {'uuid': '21acc42f-2b44-45c0-9a13-97b7c00fc62f', 'username': 'bluemeercat544', 'password': 'banner', 'salt': 'SqsvVbtO', 'md5': 'aca271779b2ac28ddcf2949ab37aba40', 'sha1': '31a4a4a49d4d7823fdc5ec58148c3306ed1ccc8a', 'sha256': 'b366c5a1e76243501aa81a0e155952146f3bd78ae6f3823ea5adf12ce2544d90'}, 'dob': {'date': '1983-11-13T03:01:39.876Z', 'age': 40}, 'registered': {'date': '2011-07-03T08:21:19.064Z', 'age': 12}, 'phone': '(066) B98-4195', 'cell': '(097) A32-6781', 'id': {'name': '', 'value': None}, 'picture': {'large': 'https://randomuser.me/api/portraits/women/76.jpg', 'medium': 'https://randomuser.me/api/portraits/med/women/76.jpg', 'thumbnail': 'https://randomuser.me/api/portraits/thumb/women/76.jpg'}, 'nat': 'UA'}], 'info': {'seed': '4ffa809699a6c6b5', 'results': 1, 'page': 1, 'version': '1.4'}}</msg>
<arg>${json_data}</arg>
<doc>Logs the given message with the given level.</doc>
<status status="PASS" start="2024-06-17T18:19:46.423733" elapsed="0.000208"/>
</kw>
<kw name="Should Be Equal As Numbers" owner="BuiltIn">
<arg>${json_data['results'][0]['location']['postcode']}</arg>
<arg>${json_data['results'][0]['location']['postcode']}</arg>
<doc>Fails if objects are unequal after converting them to real numbers.</doc>
<status status="PASS" start="2024-06-17T18:19:46.424239" elapsed="0.000628"/>
</kw>
<kw name="Log" owner="BuiltIn">
<msg time="2024-06-17T18:19:46.425431" level="INFO">23728</msg>
<arg>${json_data['results'][0]['location']['postcode']}</arg>
<doc>Logs the given message with the given level.</doc>
<status status="PASS" start="2024-06-17T18:19:46.425095" elapsed="0.000377"/>
</kw>
<status status="PASS" start="2024-06-17T18:19:46.331579" elapsed="0.094152"/>
</kw>
<doc>Testa se os tipos de dados na resposta da API estão corretos.</doc>
<tag>testeTiposDados</tag>
<status status="PASS" start="2024-06-17T18:19:46.245442" elapsed="0.180465"/>
</test>
<test id="s1-s1-t5" name="Validar conteudo" line="35">
<kw name="Teste de Tipos de Conteudo" owner="random-user-service">
<kw name="GET On Session" owner="RequestsLibrary">
<msg time="2024-06-17T18:19:46.726772" level="INFO">GET Request : url=https://randomuser.me/api 
 path_url=/api 
 headers={'User-Agent': 'python-requests/2.32.3', 'Accept-Encoding': 'gzip, deflate', 'Accept': '*/*', 'Connection': 'keep-alive'} 
 body=None 
 </msg>
<msg time="2024-06-17T18:19:46.726873" level="INFO">GET Response : url=https://randomuser.me/api 
 status=200, reason=OK 
 headers={'Date': 'Mon, 17 Jun 2024 18:19:46 GMT', 'Content-Type': 'application/json; charset=utf-8', 'Transfer-Encoding': 'chunked', 'Connection': 'keep-alive', 'X-Powered-By': 'Express', 'Access-Control-Allow-Origin': '*', 'Cache-Control': 'no-cache', 'ETag': 'W/"481-L4a+BdmU8NUL3miF262Cu01ZPRU"', 'Vary': 'Accept-Encoding', 'Content-Encoding': 'gzip', 'CF-Cache-Status': 'DYNAMIC', 'Report-To': '{"endpoints":[{"url":"https:\\/\\/a.nel.cloudflare.com\\/report\\/v4?s=zaOnY7563gQgFq2PFY0FwS4Qo%2BPyzlv8I2jA5gfTkGkRCpjZW6AtRS9kzvS0E86mTCoRdOa1a0kJgqg7Bg%2BvZ049P6zdH6QhK7pQVkgpvTaiv3hEPfd7rOAr2CyO130s"}],"group":"cf-nel","max_age":604800}', 'NEL': '{"success_fraction":0,"report_to":"cf-nel","max_age":604800}', 'Server': 'cloudflare', 'CF-RAY': '89550cbf3af1819d-IAD', 'alt-svc': 'h3=":443"; ma=86400'} 
 body={"results":[{"gender":"male","name":{"title":"Mr","first":"Gojko","last":"Stevanović"},"location":{"street":{"number":7446,"name":"Porodice Ranković"},"city":"Apatin","state":"Peć","country":"Serbia","postcode":13016,"coordinates":{"latitude":"57.0524","longitude":"-53.8171"},"timezone":{"offset":"+7:00","description":"Bangkok, Hanoi, Jakarta"}},"email":"gojko.stevanovic@example.com","login":{"uuid":"4ccbb070-43df-4a1c-a4f0-f6820e09432c","username":"whitebird983","password":"drake","salt":"sm27QeWj","md5":"56dd82767c22e45fc9feae4546bd7ddc","sha1":"497be67967f9fc968e605dc7bc56e01dfea67592","sha256":"69d85528d66d2bc7bd6460152d9f6e0fb0756a62963a2372fef07326ebe9d6a0"},"dob":{"date":"1969-05-21T18:06:05.125Z","age":55},"registered":{"date":"2012-10-18T01:56:00.914Z","age":11},"phone":"018-0532-182","cell":"069-3345-926","id":{"name":"SID","value":"067784612"},"picture":{"large":"https://randomuser.me/api/portraits/men/16.jpg","medium":"https://randomuser.me/api/portraits/med/men/16.jpg","thumbnail":"https://randomuser.me/api/portraits/thumb/men/16.jpg"},"nat":"RS"}],"info":{"seed":"79f66445ebdb219b","results":1,"page":1,"version":"1.4"}} 
 </msg>
<msg time="2024-06-17T18:19:46.726945" level="INFO">/opt/hostedtoolcache/Python/3.12.3/x64/lib/python3.12/site-packages/urllib3/connectionpool.py:1099: InsecureRequestWarning: Unverified HTTPS request is being made to host 'randomuser.me'. Adding certificate verification is strongly advised. See: https://urllib3.readthedocs.io/en/latest/advanced-usage.html#tls-warnings
  warnings.warn(</msg>
<msg time="2024-06-17T18:19:46.727069" level="INFO">${response} = &lt;Response [200]&gt;</msg>
<var>${response}</var>
<arg>consultarAPI</arg>
<arg>/api</arg>
<doc>Sends a GET request on a previously created HTTP Session.</doc>
<status status="PASS" start="2024-06-17T18:19:46.428500" elapsed="0.298609"/>
</kw>
<kw name="Set Variable" owner="BuiltIn">
<msg time="2024-06-17T18:19:46.728314" level="INFO">${json_data} = {'results': [{'gender': 'male', 'name': {'title': 'Mr', 'first': 'Gojko', 'last': 'Stevanović'}, 'location': {'street': {'number': 7446, 'name': 'Porodice Ranković'}, 'city': 'Apatin', 'state': 'Peć',...</msg>
<var>${json_data}</var>
<arg>${response.json()}</arg>
<doc>Returns the given values which can then be assigned to a variables.</doc>
<status status="PASS" start="2024-06-17T18:19:46.727748" elapsed="0.000597"/>
</kw>
<kw name="Set Variable" owner="BuiltIn">
<msg time="2024-06-17T18:19:46.729049" level="INFO">${name_title} = Mr</msg>
<var>${name_title}</var>
<arg>${json_data["results"][0]["name"]["title"]}</arg>
<doc>Returns the given values which can then be assigned to a variables.</doc>
<status status="PASS" start="2024-06-17T18:19:46.728664" elapsed="0.000410"/>
</kw>
<kw name="Create List" owner="BuiltIn">
<msg time="2024-06-17T18:19:46.729525" level="INFO">${allowed_titles} = ['Mr', 'Ms', 'Miss', 'Mrs', 'Madame', 'Monsieur']</msg>
<var>${allowed_titles}</var>
<arg>Mr</arg>
<arg>Ms</arg>
<arg>Miss</arg>
<arg>Mrs</arg>
<arg>Madame</arg>
<arg>Monsieur</arg>
<doc>Returns a list containing given items.</doc>
<status status="PASS" start="2024-06-17T18:19:46.729369" elapsed="0.000180"/>
</kw>
<kw name="List Should Contain Value" owner="Collections">
<arg>${allowed_titles}</arg>
<arg>${name_title}</arg>
<doc>Fails if the ``value`` is not found from ``list``.</doc>
<status status="PASS" start="2024-06-17T18:19:46.729868" elapsed="0.000184"/>
</kw>
<kw name="Set Variable" owner="BuiltIn">
<msg time="2024-06-17T18:19:46.730641" level="INFO">${name_country} = RS</msg>
<var>${name_country}</var>
<arg>${json_data["results"][0]["nat"]}</arg>
<doc>Returns the given values which can then be assigned to a variables.</doc>
<status status="PASS" start="2024-06-17T18:19:46.730232" elapsed="0.000435"/>
</kw>
<kw name="Create List" owner="BuiltIn">
<msg time="2024-06-17T18:19:46.731559" level="INFO">${list_country} = ['AD', 'AE', 'AF', 'AG', 'AI', 'AL', 'AM', 'AO', 'AQ', 'AR', 'AS', 'AT', 'AU', 'AW', 'AX', 'AZ', 'BA', 'BB', 'BD', 'BE', 'BF', 'BG', 'BH', 'BI', 'BJ', 'BL', 'BM', 'BN', 'BO', 'BQ', 'BR', 'BS', 'BT', '...</msg>
<var>${list_country}</var>
<arg>AD</arg>
<arg>AE</arg>
<arg>AF</arg>
<arg>AG</arg>
<arg>AI</arg>
<arg>AL</arg>
<arg>AM</arg>
<arg>AO</arg>
<arg>AQ</arg>
<arg>AR</arg>
<arg>AS</arg>
<arg>AT</arg>
<arg>AU</arg>
<arg>AW</arg>
<arg>AX</arg>
<arg>AZ</arg>
<arg>BA</arg>
<arg>BB</arg>
<arg>BD</arg>
<arg>BE</arg>
<arg>BF</arg>
<arg>BG</arg>
<arg>BH</arg>
<arg>BI</arg>
<arg>BJ</arg>
<arg>BL</arg>
<arg>BM</arg>
<arg>BN</arg>
<arg>BO</arg>
<arg>BQ</arg>
<arg>BR</arg>
<arg>BS</arg>
<arg>BT</arg>
<arg>BV</arg>
<arg>BW</arg>
<arg>BY</arg>
<arg>BZ</arg>
<arg>CA</arg>
<arg>CC</arg>
<arg>CD</arg>
<arg>CF</arg>
<arg>CG</arg>
<arg>CH</arg>
<arg>CI</arg>
<arg>CK</arg>
<arg>CL</arg>
<arg>CM</arg>
<arg>CN</arg>
<arg>CO</arg>
<arg>CR</arg>
<arg>CU</arg>
<arg>CV</arg>
<arg>CW</arg>
<arg>CX</arg>
<arg>CY</arg>
<arg>CZ</arg>
<arg>DE</arg>
<arg>DJ</arg>
<arg>DK</arg>
<arg>DM</arg>
<arg>DO</arg>
<arg>DZ</arg>
<arg>EC</arg>
<arg>EE</arg>
<arg>EG</arg>
<arg>EH</arg>
<arg>ER</arg>
<arg>ES</arg>
<arg>ET</arg>
<arg>FI</arg>
<arg>FJ</arg>
<arg>FK</arg>
<arg>FM</arg>
<arg>FO</arg>
<arg>FR</arg>
<arg>GA</arg>
<arg>GB</arg>
<arg>GD</arg>
<arg>GE</arg>
<arg>GF</arg>
<arg>GG</arg>
<arg>GH</arg>
<arg>GI</arg>
<arg>GL</arg>
<arg>GM</arg>
<arg>GN</arg>
<arg>GP</arg>
<arg>GQ</arg>
<arg>GR</arg>
<arg>GS</arg>
<arg>GT</arg>
<arg>GU</arg>
<arg>GW</arg>
<arg>GY</arg>
<arg>HK</arg>
<arg>HM</arg>
<arg>HN</arg>
<arg>HR</arg>
<arg>HT</arg>
<arg>HU</arg>
<arg>ID</arg>
<arg>IE</arg>
<arg>IL</arg>
<arg>IM</arg>
<arg>IN</arg>
<arg>IO</arg>
<arg>IQ</arg>
<arg>IR</arg>
<arg>IS</arg>
<arg>IT</arg>
<arg>JE</arg>
<arg>JM</arg>
<arg>JO</arg>
<arg>JP</arg>
<arg>KE</arg>
<arg>KG</arg>
<arg>KH</arg>
<arg>KI</arg>
<arg>KM</arg>
<arg>KN</arg>
<arg>KP</arg>
<arg>KR</arg>
<arg>KW</arg>
<arg>KY</arg>
<arg>KZ</arg>
<arg>LA</arg>
<arg>LB</arg>
<arg>LC</arg>
<arg>LI</arg>
<arg>LK</arg>
<arg>LR</arg>
<arg>LS</arg>
<arg>LT</arg>
<arg>LU</arg>
<arg>LV</arg>
<arg>LY</arg>
<arg>MA</arg>
<arg>MC</arg>
<arg>MD</arg>
<arg>ME</arg>
<arg>MF</arg>
<arg>MG</arg>
<arg>MH</arg>
<arg>MK</arg>
<arg>ML</arg>
<arg>MM</arg>
<arg>MN</arg>
<arg>MO</arg>
<arg>MP</arg>
<arg>MQ</arg>
<arg>MR</arg>
<arg>MS</arg>
<arg>MT</arg>
<arg>MU</arg>
<arg>MV</arg>
<arg>MW</arg>
<arg>MX</arg>
<arg>MY</arg>
<arg>MZ</arg>
<arg>NA</arg>
<arg>NC</arg>
<arg>NE</arg>
<arg>NF</arg>
<arg>NG</arg>
<arg>NI</arg>
<arg>NL</arg>
<arg>NO</arg>
<arg>NP</arg>
<arg>NR</arg>
<arg>NU</arg>
<arg>NZ</arg>
<arg>OM</arg>
<arg>PA</arg>
<arg>PE</arg>
<arg>PF</arg>
<arg>PG</arg>
<arg>PH</arg>
<arg>PK</arg>
<arg>PL</arg>
<arg>PM</arg>
<arg>PN</arg>
<arg>PR</arg>
<arg>PS</arg>
<arg>PT</arg>
<arg>PW</arg>
<arg>PY</arg>
<arg>QA</arg>
<arg>RE</arg>
<arg>RO</arg>
<arg>RS</arg>
<arg>RU</arg>
<arg>RW</arg>
<arg>SA</arg>
<arg>SB</arg>
<arg>SC</arg>
<arg>SD</arg>
<arg>SE</arg>
<arg>SG</arg>
<arg>SH</arg>
<arg>SI</arg>
<arg>SJ</arg>
<arg>SK</arg>
<arg>SL</arg>
<arg>SM</arg>
<arg>SN</arg>
<arg>SO</arg>
<arg>SR</arg>
<arg>SS</arg>
<arg>ST</arg>
<arg>SV</arg>
<arg>SX</arg>
<arg>SY</arg>
<arg>SZ</arg>
<arg>TC</arg>
<arg>TD</arg>
<arg>TF</arg>
<arg>TG</arg>
<arg>TH</arg>
<arg>TJ</arg>
<arg>TK</arg>
<arg>TL</arg>
<arg>TM</arg>
<arg>TN</arg>
<arg>TO</arg>
<arg>TR</arg>
<arg>TT</arg>
<arg>TV</arg>
<arg>TW</arg>
<arg>TZ</arg>
<arg>UA</arg>
<arg>UG</arg>
<arg>UM</arg>
<arg>US</arg>
<arg>UY</arg>
<arg>UZ</arg>
<arg>VA</arg>
<arg>VC</arg>
<arg>VE</arg>
<arg>VG</arg>
<arg>VI</arg>
<arg>VN</arg>
<arg>VU</arg>
<arg>WF</arg>
<arg>WS</arg>
<arg>XK</arg>
<arg>YE</arg>
<arg>YT</arg>
<arg>ZA</arg>
<arg>ZM</arg>
<arg>ZW</arg>
<doc>Returns a list containing given items.</doc>
<status status="PASS" start="2024-06-17T18:19:46.730962" elapsed="0.000622"/>
</kw>
<kw name="List Should Contain Value" owner="Collections">
<arg>${list_country}</arg>
<arg>${name_country}</arg>
<doc>Fails if the ``value`` is not found from ``list``.</doc>
<status status="PASS" start="2024-06-17T18:19:46.732382" elapsed="0.000203"/>
</kw>
<kw name="Run Keyword If" owner="BuiltIn">
<kw name="Should Be True" owner="BuiltIn">
<arg>${True}</arg>
<doc>Fails if the given condition is not true.</doc>
<status status="PASS" start="2024-06-17T18:19:46.733650" elapsed="0.000143"/>
</kw>
<arg>${json_data["results"][0]["location"]["coordinates"]["latitude"]} &gt;= -90 and ${json_data["results"][0]["location"]["coordinates"]["latitude"]} &lt;= 90</arg>
<arg>Should Be True</arg>
<arg>${True}</arg>
<doc>Runs the given keyword with the given arguments, if ``condition`` is true.</doc>
<status status="PASS" start="2024-06-17T18:19:46.732778" elapsed="0.001141"/>
</kw>
<kw name="Run Keyword If" owner="BuiltIn">
<kw name="Should Be True" owner="BuiltIn">
<arg>${True}</arg>
<doc>Fails if the given condition is not true.</doc>
<status status="PASS" start="2024-06-17T18:19:46.734821" elapsed="0.000138"/>
</kw>
<arg>${json_data["results"][0]["location"]["coordinates"]["longitude"]} &gt;= -180 and ${json_data["results"][0]["location"]["coordinates"]["longitude"]} &lt;= 180</arg>
<arg>Should Be True</arg>
<arg>${True}</arg>
<doc>Runs the given keyword with the given arguments, if ``condition`` is true.</doc>
<status status="PASS" start="2024-06-17T18:19:46.734103" elapsed="0.000979"/>
</kw>
<status status="PASS" start="2024-06-17T18:19:46.428272" elapsed="0.306943"/>
</kw>
<doc>Testa o conteúdo específico dos campos retornados pela API.</doc>
<tag>testeConteudo</tag>
<status status="PASS" start="2024-06-17T18:19:46.427734" elapsed="0.307635"/>
</test>
<status status="PASS" start="2024-06-17T18:19:45.586012" elapsed="1.151322"/>
</suite>
<status status="PASS" start="2024-06-17T18:19:45.572549" elapsed="1.169842"/>
</suite>
<statistics>
<total>
<stat pass="5" fail="0" skip="0">All Tests</stat>
</total>
<tag>
<stat pass="1" fail="0" skip="0">testeConteudo</stat>
<stat pass="1" fail="0" skip="0">testeEstruturaResposta</stat>
<stat pass="1" fail="0" skip="0">testeRequisicaoBasica</stat>
<stat pass="1" fail="0" skip="0">testeTiposDados</stat>
</tag>
<suite>
<stat pass="5" fail="0" skip="0" id="s1" name="Tests">Tests</stat>
<stat pass="5" fail="0" skip="0" id="s1-s1" name="Random-User-Test">Tests.Random-User-Test</stat>
</suite>
</statistics>
<errors>
</errors>
</robot>
