<?xml version="1.0" encoding="UTF-8"?>
<robot generator="Robot 7.0.1 (Python 3.12.4 on linux)" generated="2024-07-28T21:15:19.042194" rpa="false" schemaversion="5">
<suite id="s1" name="Tests" source="/home/runner/work/ApiRandomUser/ApiRandomUser/RamdonUser/tests">
<suite id="s1-s1" name="Random-User-Test" source="/home/runner/work/ApiRandomUser/ApiRandomUser/RamdonUser/tests/random-user-test.robot">
<test id="s1-s1-t1" name="Conectar" line="13">
<kw name="Conectar API" owner="random-user-service">
<kw name="Create Session" owner="RequestsLibrary">
<msg time="2024-07-28T21:15:19.460456" level="INFO">Creating Session using : alias=consultarAPI, url=https://randomuser.me/, headers={},                     cookies={}, auth=None, timeout=None, proxies=None, verify=False,                     debug=0 </msg>
<arg>consultarAPI</arg>
<arg>${URL}</arg>
<doc>Create Session: create a HTTP session to a server</doc>
<status status="PASS" start="2024-07-28T21:15:19.460252" elapsed="0.000384"/>
</kw>
<status status="PASS" start="2024-07-28T21:15:19.459221" elapsed="0.001783"/>
</kw>
<status status="PASS" start="2024-07-28T21:15:19.458672" elapsed="0.002525"/>
</test>
<test id="s1-s1-t2" name="Validar retorno 200 e JSON Válido" line="16">
<kw name="Teste de Requisicao Basica" owner="random-user-service">
<kw name="GET On Session" owner="RequestsLibrary">
<msg time="2024-07-28T21:15:19.602590" level="INFO">GET Request : url=https://randomuser.me/api 
 path_url=/api 
 headers={'User-Agent': 'python-requests/2.32.3', 'Accept-Encoding': 'gzip, deflate', 'Accept': '*/*', 'Connection': 'keep-alive'} 
 body=None 
 </msg>
<msg time="2024-07-28T21:15:19.602748" level="INFO">GET Response : url=https://randomuser.me/api 
 status=200, reason=OK 
 headers={'Date': 'Sun, 28 Jul 2024 21:15:19 GMT', 'Content-Type': 'application/json; charset=utf-8', 'Transfer-Encoding': 'chunked', 'Connection': 'keep-alive', 'X-Powered-By': 'Express', 'Access-Control-Allow-Origin': '*', 'Cache-Control': 'no-cache', 'ETag': 'W/"496-tMUhzvw736aNdV8411J8wShnfrc"', 'Vary': 'Accept-Encoding', 'Content-Encoding': 'gzip', 'CF-Cache-Status': 'DYNAMIC', 'Report-To': '{"endpoints":[{"url":"https:\\/\\/a.nel.cloudflare.com\\/report\\/v4?s=Tl7743pQSvncx8oRyKiDml4yBKT%2B25WCd2hrxxWCZzOFUmfi6wDWx5yYgBbNwfKAEmwF1vkYeM0tnLtxJNnEy1TBuXRUVlYGvrYbgluPx2muI85f29wwZ6nJeYTTWlrk"}],"group":"cf-nel","max_age":604800}', 'NEL': '{"success_fraction":0,"report_to":"cf-nel","max_age":604800}', 'Server': 'cloudflare', 'CF-RAY': '8aa7e246db6ace40-SJC', 'alt-svc': 'h3=":443"; ma=86400'} 
 body={"results":[{"gender":"male","name":{"title":"Mr","first":"Jorge","last":"Caballero"},"location":{"street":{"number":7951,"name":"Calle de Téllez"},"city":"Alcalá de Henares","state":"Andalucía","country":"Spain","postcode":54988,"coordinates":{"latitude":"-33.4803","longitude":"-4.5394"},"timezone":{"offset":"-3:00","description":"Brazil, Buenos Aires, Georgetown"}},"email":"jorge.caballero@example.com","login":{"uuid":"915ca007-f03e-4fa2-8434-d6fbbe4ecac9","username":"brownfish832","password":"compass","salt":"0cm38Qjs","md5":"1182b045e68ccc789b63ed99aab853c2","sha1":"ba73502fda39ef0e87e95da5dabcf4962ebf5bb1","sha256":"2aabcb6804055be49e6e1e73ea9bf6937bd6d26eb94f964875d47a0b70b2f409"},"dob":{"date":"1965-12-10T04:51:48.958Z","age":58},"registered":{"date":"2021-05-25T19:30:26.295Z","age":3},"phone":"978-297-686","cell":"651-044-896","id":{"name":"DNI","value":"68159857-P"},"picture":{"large":"https://randomuser.me/api/portraits/men/71.jpg","medium":"https://randomuser.me/api/portraits/med/men/71.jpg","thumbnail":"https://randomuser.me/api/portraits/thumb/men/71.jpg"},"nat":"ES"}],"info":{"seed":"c2e4963c4ac7ea74","results":1,"page":1,"version":"1.4"}} 
 </msg>
<msg time="2024-07-28T21:15:19.602837" level="INFO">/opt/hostedtoolcache/Python/3.12.4/x64/lib/python3.12/site-packages/urllib3/connectionpool.py:1099: InsecureRequestWarning: Unverified HTTPS request is being made to host 'randomuser.me'. Adding certificate verification is strongly advised. See: https://urllib3.readthedocs.io/en/latest/advanced-usage.html#tls-warnings
  warnings.warn(</msg>
<msg time="2024-07-28T21:15:19.602970" level="INFO">${response} = &lt;Response [200]&gt;</msg>
<var>${response}</var>
<arg>consultarAPI</arg>
<arg>/api</arg>
<doc>Sends a GET request on a previously created HTTP Session.</doc>
<status status="PASS" start="2024-07-28T21:15:19.463801" elapsed="0.139210"/>
</kw>
<kw name="Should Be Equal As Numbers" owner="BuiltIn">
<msg time="2024-07-28T21:15:19.603949" level="INFO">Argument types are:
&lt;class 'int'&gt;
&lt;class 'str'&gt;</msg>
<arg>${response.status_code}</arg>
<arg>200</arg>
<doc>Fails if objects are unequal after converting them to real numbers.</doc>
<status status="PASS" start="2024-07-28T21:15:19.603496" elapsed="0.000517"/>
</kw>
<kw name="Log" owner="BuiltIn">
<msg time="2024-07-28T21:15:19.604718" level="INFO">200</msg>
<arg>${response.status_code}</arg>
<doc>Logs the given message with the given level.</doc>
<status status="PASS" start="2024-07-28T21:15:19.604332" elapsed="0.000431"/>
</kw>
<kw name="Set Variable" owner="BuiltIn">
<msg time="2024-07-28T21:15:19.605552" level="INFO">${json_data} = {'results': [{'gender': 'male', 'name': {'title': 'Mr', 'first': 'Jorge', 'last': 'Caballero'}, 'location': {'street': {'number': 7951, 'name': 'Calle de Téllez'}, 'city': 'Alcalá de Henares', 'state'...</msg>
<var>${json_data}</var>
<arg>${response.json()}</arg>
<doc>Returns the given values which can then be assigned to a variables.</doc>
<status status="PASS" start="2024-07-28T21:15:19.605072" elapsed="0.000511"/>
</kw>
<kw name="Dictionary Should Contain Key" owner="Collections">
<arg>${json_data}</arg>
<arg>results</arg>
<doc>Fails if ``key`` is not found from ``dictionary``.</doc>
<status status="PASS" start="2024-07-28T21:15:19.605895" elapsed="0.000333"/>
</kw>
<status status="PASS" start="2024-07-28T21:15:19.463561" elapsed="0.142824"/>
</kw>
<doc>Testa se a API responde corretamente e retorna um objeto JSON válido.</doc>
<tag>testeRequisicaoBasica</tag>
<status status="PASS" start="2024-07-28T21:15:19.463102" elapsed="0.143462"/>
</test>
<test id="s1-s1-t3" name="Validar estrutura de resposta" line="22">
<kw name="Teste de Estrutura de Resposta" owner="random-user-service">
<kw name="GET On Session" owner="RequestsLibrary">
<msg time="2024-07-28T21:15:19.995364" level="INFO">GET Request : url=https://randomuser.me/api 
 path_url=/api 
 headers={'User-Agent': 'python-requests/2.32.3', 'Accept-Encoding': 'gzip, deflate', 'Accept': '*/*', 'Connection': 'keep-alive'} 
 body=None 
 </msg>
<msg time="2024-07-28T21:15:19.995476" level="INFO">GET Response : url=https://randomuser.me/api 
 status=200, reason=OK 
 headers={'Date': 'Sun, 28 Jul 2024 21:15:19 GMT', 'Content-Type': 'application/json; charset=utf-8', 'Transfer-Encoding': 'chunked', 'Connection': 'keep-alive', 'X-Powered-By': 'Express', 'Access-Control-Allow-Origin': '*', 'Cache-Control': 'no-cache', 'ETag': 'W/"46d-XBG8Dt2EEIc5vEMMfVlmgkLeBrY"', 'Vary': 'Accept-Encoding', 'Content-Encoding': 'gzip', 'CF-Cache-Status': 'DYNAMIC', 'Report-To': '{"endpoints":[{"url":"https:\\/\\/a.nel.cloudflare.com\\/report\\/v4?s=0FZNHyixqCKaTSFhBTyATWpw2%2FQlcg4%2BRXtuxL%2FslBUCTvCQPdEZCeVjFUtWuNydWGCkuqjf1bpFuPzDzB0bZ%2BCy4Eqwq8GZ8NPa%2Flz2Uhr7AWQmLWKYKrkOsWXbn39P"}],"group":"cf-nel","max_age":604800}', 'NEL': '{"success_fraction":0,"report_to":"cf-nel","max_age":604800}', 'Server': 'cloudflare', 'CF-RAY': '8aa7e2479bedce40-SJC', 'alt-svc': 'h3=":443"; ma=86400'} 
 body={"results":[{"gender":"male","name":{"title":"Mr","first":"Ajay","last":"Ramesh"},"location":{"street":{"number":6469,"name":"Mirza Ghalib St"},"city":"Belgaum","state":"Daman and Diu","country":"India","postcode":45426,"coordinates":{"latitude":"8.6198","longitude":"-150.1824"},"timezone":{"offset":"+4:30","description":"Kabul"}},"email":"ajay.ramesh@example.com","login":{"uuid":"1baa8136-204b-4250-9e6f-e3e354e800ee","username":"happywolf922","password":"thunder1","salt":"kcqTiwbZ","md5":"e4430a2e122d8185878640c26434d6aa","sha1":"2b2c13ba3de92a523fb1fb3b09bcbabe83060de7","sha256":"8a2a73e511433fb9f2d5b37fd586f0ccc9f86bbea46823cc39f27232f7e0d0a7"},"dob":{"date":"1957-01-20T14:10:24.315Z","age":67},"registered":{"date":"2020-08-28T22:49:47.876Z","age":3},"phone":"7295009951","cell":"9053805730","id":{"name":"UIDAI","value":"541447216783"},"picture":{"large":"https://randomuser.me/api/portraits/men/21.jpg","medium":"https://randomuser.me/api/portraits/med/men/21.jpg","thumbnail":"https://randomuser.me/api/portraits/thumb/men/21.jpg"},"nat":"IN"}],"info":{"seed":"bc2da1699fb2b349","results":1,"page":1,"version":"1.4"}} 
 </msg>
<msg time="2024-07-28T21:15:19.995610" level="INFO">/opt/hostedtoolcache/Python/3.12.4/x64/lib/python3.12/site-packages/urllib3/connectionpool.py:1099: InsecureRequestWarning: Unverified HTTPS request is being made to host 'randomuser.me'. Adding certificate verification is strongly advised. See: https://urllib3.readthedocs.io/en/latest/advanced-usage.html#tls-warnings
  warnings.warn(</msg>
<msg time="2024-07-28T21:15:19.995734" level="INFO">${response} = &lt;Response [200]&gt;</msg>
<var>${response}</var>
<arg>consultarAPI</arg>
<arg>/api</arg>
<doc>Sends a GET request on a previously created HTTP Session.</doc>
<status status="PASS" start="2024-07-28T21:15:19.609188" elapsed="0.386588"/>
</kw>
<kw name="Set Variable" owner="BuiltIn">
<msg time="2024-07-28T21:15:19.996789" level="INFO">${json_data} = {'results': [{'gender': 'male', 'name': {'title': 'Mr', 'first': 'Ajay', 'last': 'Ramesh'}, 'location': {'street': {'number': 6469, 'name': 'Mirza Ghalib St'}, 'city': 'Belgaum', 'state': 'Daman and D...</msg>
<var>${json_data}</var>
<arg>${response.json()}</arg>
<doc>Returns the given values which can then be assigned to a variables.</doc>
<status status="PASS" start="2024-07-28T21:15:19.996274" elapsed="0.000544"/>
</kw>
<kw name="Log" owner="BuiltIn">
<msg time="2024-07-28T21:15:19.997284" level="INFO">{'results': [{'gender': 'male', 'name': {'title': 'Mr', 'first': 'Ajay', 'last': 'Ramesh'}, 'location': {'street': {'number': 6469, 'name': 'Mirza Ghalib St'}, 'city': 'Belgaum', 'state': 'Daman and Diu', 'country': 'India', 'postcode': 45426, 'coordinates': {'latitude': '8.6198', 'longitude': '-150.1824'}, 'timezone': {'offset': '+4:30', 'description': 'Kabul'}}, 'email': 'ajay.ramesh@example.com', 'login': {'uuid': '1baa8136-204b-4250-9e6f-e3e354e800ee', 'username': 'happywolf922', 'password': 'thunder1', 'salt': 'kcqTiwbZ', 'md5': 'e4430a2e122d8185878640c26434d6aa', 'sha1': '2b2c13ba3de92a523fb1fb3b09bcbabe83060de7', 'sha256': '8a2a73e511433fb9f2d5b37fd586f0ccc9f86bbea46823cc39f27232f7e0d0a7'}, 'dob': {'date': '1957-01-20T14:10:24.315Z', 'age': 67}, 'registered': {'date': '2020-08-28T22:49:47.876Z', 'age': 3}, 'phone': '7295009951', 'cell': '9053805730', 'id': {'name': 'UIDAI', 'value': '541447216783'}, 'picture': {'large': 'https://randomuser.me/api/portraits/men/21.jpg', 'medium': 'https://randomuser.me/api/portraits/med/men/21.jpg', 'thumbnail': 'https://randomuser.me/api/portraits/thumb/men/21.jpg'}, 'nat': 'IN'}], 'info': {'seed': 'bc2da1699fb2b349', 'results': 1, 'page': 1, 'version': '1.4'}}</msg>
<arg>${json_data}</arg>
<doc>Logs the given message with the given level.</doc>
<status status="PASS" start="2024-07-28T21:15:19.997119" elapsed="0.000212"/>
</kw>
<kw name="Dictionary Should Contain Key" owner="Collections">
<arg>${json_data}</arg>
<arg>results</arg>
<doc>Fails if ``key`` is not found from ``dictionary``.</doc>
<status status="PASS" start="2024-07-28T21:15:19.997657" elapsed="0.000165"/>
</kw>
<kw name="Should Not Be Empty" owner="BuiltIn">
<msg time="2024-07-28T21:15:19.998134" level="INFO">Length is 2.</msg>
<arg>${json_data}</arg>
<doc>Verifies that the given item is not empty.</doc>
<status status="PASS" start="2024-07-28T21:15:19.998005" elapsed="0.000166"/>
</kw>
<kw name="Create List" owner="BuiltIn">
<msg time="2024-07-28T21:15:19.998610" level="INFO">${expected_keys} = ['gender', 'name', 'location', 'email', 'login']</msg>
<var>${expected_keys}</var>
<arg>gender</arg>
<arg>name</arg>
<arg>location</arg>
<arg>email</arg>
<arg>login</arg>
<doc>Returns a list containing given items.</doc>
<status status="PASS" start="2024-07-28T21:15:19.998453" elapsed="0.000182"/>
</kw>
<for flavor="IN">
<iter>
<kw name="Dictionary Should Contain Key" owner="Collections">
<arg>${json_data['results'][0]}</arg>
<arg>${key}</arg>
<doc>Fails if ``key`` is not found from ``dictionary``.</doc>
<status status="PASS" start="2024-07-28T21:15:19.999213" elapsed="0.000401"/>
</kw>
<kw name="Log" owner="BuiltIn">
<msg time="2024-07-28T21:15:20.000165" level="INFO">{'gender': 'male', 'name': {'title': 'Mr', 'first': 'Ajay', 'last': 'Ramesh'}, 'location': {'street': {'number': 6469, 'name': 'Mirza Ghalib St'}, 'city': 'Belgaum', 'state': 'Daman and Diu', 'country': 'India', 'postcode': 45426, 'coordinates': {'latitude': '8.6198', 'longitude': '-150.1824'}, 'timezone': {'offset': '+4:30', 'description': 'Kabul'}}, 'email': 'ajay.ramesh@example.com', 'login': {'uuid': '1baa8136-204b-4250-9e6f-e3e354e800ee', 'username': 'happywolf922', 'password': 'thunder1', 'salt': 'kcqTiwbZ', 'md5': 'e4430a2e122d8185878640c26434d6aa', 'sha1': '2b2c13ba3de92a523fb1fb3b09bcbabe83060de7', 'sha256': '8a2a73e511433fb9f2d5b37fd586f0ccc9f86bbea46823cc39f27232f7e0d0a7'}, 'dob': {'date': '1957-01-20T14:10:24.315Z', 'age': 67}, 'registered': {'date': '2020-08-28T22:49:47.876Z', 'age': 3}, 'phone': '7295009951', 'cell': '9053805730', 'id': {'name': 'UIDAI', 'value': '541447216783'}, 'picture': {'large': 'https://randomuser.me/api/portraits/men/21.jpg', 'medium': 'https://randomuser.me/api/portraits/med/men/21.jpg', 'thumbnail': 'https://randomuser.me/api/portraits/thumb/men/21.jpg'}, 'nat': 'IN'}</msg>
<arg>${json_data['results'][0]}</arg>
<doc>Logs the given message with the given level.</doc>
<status status="PASS" start="2024-07-28T21:15:19.999810" elapsed="0.000403"/>
</kw>
<kw name="Log" owner="BuiltIn">
<msg time="2024-07-28T21:15:20.000640" level="INFO">gender</msg>
<arg>${key}</arg>
<doc>Logs the given message with the given level.</doc>
<status status="PASS" start="2024-07-28T21:15:20.000511" elapsed="0.000167"/>
</kw>
<var name="${key}">gender</var>
<status status="PASS" start="2024-07-28T21:15:19.999087" elapsed="0.001805"/>
</iter>
<iter>
<kw name="Dictionary Should Contain Key" owner="Collections">
<arg>${json_data['results'][0]}</arg>
<arg>${key}</arg>
<doc>Fails if ``key`` is not found from ``dictionary``.</doc>
<status status="PASS" start="2024-07-28T21:15:20.001186" elapsed="0.000416"/>
</kw>
<kw name="Log" owner="BuiltIn">
<msg time="2024-07-28T21:15:20.002138" level="INFO">{'gender': 'male', 'name': {'title': 'Mr', 'first': 'Ajay', 'last': 'Ramesh'}, 'location': {'street': {'number': 6469, 'name': 'Mirza Ghalib St'}, 'city': 'Belgaum', 'state': 'Daman and Diu', 'country': 'India', 'postcode': 45426, 'coordinates': {'latitude': '8.6198', 'longitude': '-150.1824'}, 'timezone': {'offset': '+4:30', 'description': 'Kabul'}}, 'email': 'ajay.ramesh@example.com', 'login': {'uuid': '1baa8136-204b-4250-9e6f-e3e354e800ee', 'username': 'happywolf922', 'password': 'thunder1', 'salt': 'kcqTiwbZ', 'md5': 'e4430a2e122d8185878640c26434d6aa', 'sha1': '2b2c13ba3de92a523fb1fb3b09bcbabe83060de7', 'sha256': '8a2a73e511433fb9f2d5b37fd586f0ccc9f86bbea46823cc39f27232f7e0d0a7'}, 'dob': {'date': '1957-01-20T14:10:24.315Z', 'age': 67}, 'registered': {'date': '2020-08-28T22:49:47.876Z', 'age': 3}, 'phone': '7295009951', 'cell': '9053805730', 'id': {'name': 'UIDAI', 'value': '541447216783'}, 'picture': {'large': 'https://randomuser.me/api/portraits/men/21.jpg', 'medium': 'https://randomuser.me/api/portraits/med/men/21.jpg', 'thumbnail': 'https://randomuser.me/api/portraits/thumb/men/21.jpg'}, 'nat': 'IN'}</msg>
<arg>${json_data['results'][0]}</arg>
<doc>Logs the given message with the given level.</doc>
<status status="PASS" start="2024-07-28T21:15:20.001784" elapsed="0.000431"/>
</kw>
<kw name="Log" owner="BuiltIn">
<msg time="2024-07-28T21:15:20.002640" level="INFO">name</msg>
<arg>${key}</arg>
<doc>Logs the given message with the given level.</doc>
<status status="PASS" start="2024-07-28T21:15:20.002512" elapsed="0.000166"/>
</kw>
<var name="${key}">name</var>
<status status="PASS" start="2024-07-28T21:15:20.001076" elapsed="0.001815"/>
</iter>
<iter>
<kw name="Dictionary Should Contain Key" owner="Collections">
<arg>${json_data['results'][0]}</arg>
<arg>${key}</arg>
<doc>Fails if ``key`` is not found from ``dictionary``.</doc>
<status status="PASS" start="2024-07-28T21:15:20.003167" elapsed="0.000380"/>
</kw>
<kw name="Log" owner="BuiltIn">
<msg time="2024-07-28T21:15:20.004079" level="INFO">{'gender': 'male', 'name': {'title': 'Mr', 'first': 'Ajay', 'last': 'Ramesh'}, 'location': {'street': {'number': 6469, 'name': 'Mirza Ghalib St'}, 'city': 'Belgaum', 'state': 'Daman and Diu', 'country': 'India', 'postcode': 45426, 'coordinates': {'latitude': '8.6198', 'longitude': '-150.1824'}, 'timezone': {'offset': '+4:30', 'description': 'Kabul'}}, 'email': 'ajay.ramesh@example.com', 'login': {'uuid': '1baa8136-204b-4250-9e6f-e3e354e800ee', 'username': 'happywolf922', 'password': 'thunder1', 'salt': 'kcqTiwbZ', 'md5': 'e4430a2e122d8185878640c26434d6aa', 'sha1': '2b2c13ba3de92a523fb1fb3b09bcbabe83060de7', 'sha256': '8a2a73e511433fb9f2d5b37fd586f0ccc9f86bbea46823cc39f27232f7e0d0a7'}, 'dob': {'date': '1957-01-20T14:10:24.315Z', 'age': 67}, 'registered': {'date': '2020-08-28T22:49:47.876Z', 'age': 3}, 'phone': '7295009951', 'cell': '9053805730', 'id': {'name': 'UIDAI', 'value': '541447216783'}, 'picture': {'large': 'https://randomuser.me/api/portraits/men/21.jpg', 'medium': 'https://randomuser.me/api/portraits/med/men/21.jpg', 'thumbnail': 'https://randomuser.me/api/portraits/thumb/men/21.jpg'}, 'nat': 'IN'}</msg>
<arg>${json_data['results'][0]}</arg>
<doc>Logs the given message with the given level.</doc>
<status status="PASS" start="2024-07-28T21:15:20.003734" elapsed="0.000400"/>
</kw>
<kw name="Log" owner="BuiltIn">
<msg time="2024-07-28T21:15:20.004560" level="INFO">location</msg>
<arg>${key}</arg>
<doc>Logs the given message with the given level.</doc>
<status status="PASS" start="2024-07-28T21:15:20.004434" elapsed="0.000163"/>
</kw>
<var name="${key}">location</var>
<status status="PASS" start="2024-07-28T21:15:20.003063" elapsed="0.001755"/>
</iter>
<iter>
<kw name="Dictionary Should Contain Key" owner="Collections">
<arg>${json_data['results'][0]}</arg>
<arg>${key}</arg>
<doc>Fails if ``key`` is not found from ``dictionary``.</doc>
<status status="PASS" start="2024-07-28T21:15:20.005095" elapsed="0.000403"/>
</kw>
<kw name="Log" owner="BuiltIn">
<msg time="2024-07-28T21:15:20.006169" level="INFO">{'gender': 'male', 'name': {'title': 'Mr', 'first': 'Ajay', 'last': 'Ramesh'}, 'location': {'street': {'number': 6469, 'name': 'Mirza Ghalib St'}, 'city': 'Belgaum', 'state': 'Daman and Diu', 'country': 'India', 'postcode': 45426, 'coordinates': {'latitude': '8.6198', 'longitude': '-150.1824'}, 'timezone': {'offset': '+4:30', 'description': 'Kabul'}}, 'email': 'ajay.ramesh@example.com', 'login': {'uuid': '1baa8136-204b-4250-9e6f-e3e354e800ee', 'username': 'happywolf922', 'password': 'thunder1', 'salt': 'kcqTiwbZ', 'md5': 'e4430a2e122d8185878640c26434d6aa', 'sha1': '2b2c13ba3de92a523fb1fb3b09bcbabe83060de7', 'sha256': '8a2a73e511433fb9f2d5b37fd586f0ccc9f86bbea46823cc39f27232f7e0d0a7'}, 'dob': {'date': '1957-01-20T14:10:24.315Z', 'age': 67}, 'registered': {'date': '2020-08-28T22:49:47.876Z', 'age': 3}, 'phone': '7295009951', 'cell': '9053805730', 'id': {'name': 'UIDAI', 'value': '541447216783'}, 'picture': {'large': 'https://randomuser.me/api/portraits/men/21.jpg', 'medium': 'https://randomuser.me/api/portraits/med/men/21.jpg', 'thumbnail': 'https://randomuser.me/api/portraits/thumb/men/21.jpg'}, 'nat': 'IN'}</msg>
<arg>${json_data['results'][0]}</arg>
<doc>Logs the given message with the given level.</doc>
<status status="PASS" start="2024-07-28T21:15:20.005816" elapsed="0.000402"/>
</kw>
<kw name="Log" owner="BuiltIn">
<msg time="2024-07-28T21:15:20.006638" level="INFO">email</msg>
<arg>${key}</arg>
<doc>Logs the given message with the given level.</doc>
<status status="PASS" start="2024-07-28T21:15:20.006510" elapsed="0.000167"/>
</kw>
<var name="${key}">email</var>
<status status="PASS" start="2024-07-28T21:15:20.004989" elapsed="0.001901"/>
</iter>
<iter>
<kw name="Dictionary Should Contain Key" owner="Collections">
<arg>${json_data['results'][0]}</arg>
<arg>${key}</arg>
<doc>Fails if ``key`` is not found from ``dictionary``.</doc>
<status status="PASS" start="2024-07-28T21:15:20.007165" elapsed="0.000374"/>
</kw>
<kw name="Log" owner="BuiltIn">
<msg time="2024-07-28T21:15:20.008070" level="INFO">{'gender': 'male', 'name': {'title': 'Mr', 'first': 'Ajay', 'last': 'Ramesh'}, 'location': {'street': {'number': 6469, 'name': 'Mirza Ghalib St'}, 'city': 'Belgaum', 'state': 'Daman and Diu', 'country': 'India', 'postcode': 45426, 'coordinates': {'latitude': '8.6198', 'longitude': '-150.1824'}, 'timezone': {'offset': '+4:30', 'description': 'Kabul'}}, 'email': 'ajay.ramesh@example.com', 'login': {'uuid': '1baa8136-204b-4250-9e6f-e3e354e800ee', 'username': 'happywolf922', 'password': 'thunder1', 'salt': 'kcqTiwbZ', 'md5': 'e4430a2e122d8185878640c26434d6aa', 'sha1': '2b2c13ba3de92a523fb1fb3b09bcbabe83060de7', 'sha256': '8a2a73e511433fb9f2d5b37fd586f0ccc9f86bbea46823cc39f27232f7e0d0a7'}, 'dob': {'date': '1957-01-20T14:10:24.315Z', 'age': 67}, 'registered': {'date': '2020-08-28T22:49:47.876Z', 'age': 3}, 'phone': '7295009951', 'cell': '9053805730', 'id': {'name': 'UIDAI', 'value': '541447216783'}, 'picture': {'large': 'https://randomuser.me/api/portraits/men/21.jpg', 'medium': 'https://randomuser.me/api/portraits/med/men/21.jpg', 'thumbnail': 'https://randomuser.me/api/portraits/thumb/men/21.jpg'}, 'nat': 'IN'}</msg>
<arg>${json_data['results'][0]}</arg>
<doc>Logs the given message with the given level.</doc>
<status status="PASS" start="2024-07-28T21:15:20.007719" elapsed="0.000397"/>
</kw>
<kw name="Log" owner="BuiltIn">
<msg time="2024-07-28T21:15:20.008532" level="INFO">login</msg>
<arg>${key}</arg>
<doc>Logs the given message with the given level.</doc>
<status status="PASS" start="2024-07-28T21:15:20.008406" elapsed="0.000163"/>
</kw>
<var name="${key}">login</var>
<status status="PASS" start="2024-07-28T21:15:20.007060" elapsed="0.001720"/>
</iter>
<var>${key}</var>
<value>@{expected_keys}</value>
<status status="PASS" start="2024-07-28T21:15:19.998894" elapsed="0.010003"/>
</for>
<kw name="Create List" owner="BuiltIn">
<msg time="2024-07-28T21:15:20.009239" level="INFO">${expected_keysTwo} = ['username', 'password']</msg>
<var>${expected_keysTwo}</var>
<arg>username</arg>
<arg>password</arg>
<doc>Returns a list containing given items.</doc>
<status status="PASS" start="2024-07-28T21:15:20.009093" elapsed="0.000171"/>
</kw>
<for flavor="IN">
<iter>
<kw name="Dictionary Should Contain Key" owner="Collections">
<arg>${json_data['results'][0]['login']}</arg>
<arg>${keyTwo}</arg>
<doc>Fails if ``key`` is not found from ``dictionary``.</doc>
<status status="PASS" start="2024-07-28T21:15:20.009814" elapsed="0.000407"/>
</kw>
<kw name="Dictionary Should Contain Key" owner="Collections">
<arg>${json_data['results'][0]['login']}</arg>
<arg>${keyTwo}</arg>
<doc>Fails if ``key`` is not found from ``dictionary``.</doc>
<status status="PASS" start="2024-07-28T21:15:20.010414" elapsed="0.000374"/>
</kw>
<kw name="Log" owner="BuiltIn">
<msg time="2024-07-28T21:15:20.011084" level="INFO">username</msg>
<arg>${keyTwo}</arg>
<doc>Logs the given message with the given level.</doc>
<status status="PASS" start="2024-07-28T21:15:20.010964" elapsed="0.000157"/>
</kw>
<var name="${keyTwo}">username</var>
<status status="PASS" start="2024-07-28T21:15:20.009701" elapsed="0.001638"/>
</iter>
<iter>
<kw name="Dictionary Should Contain Key" owner="Collections">
<arg>${json_data['results'][0]['login']}</arg>
<arg>${keyTwo}</arg>
<doc>Fails if ``key`` is not found from ``dictionary``.</doc>
<status status="PASS" start="2024-07-28T21:15:20.011628" elapsed="0.000379"/>
</kw>
<kw name="Dictionary Should Contain Key" owner="Collections">
<arg>${json_data['results'][0]['login']}</arg>
<arg>${keyTwo}</arg>
<doc>Fails if ``key`` is not found from ``dictionary``.</doc>
<status status="PASS" start="2024-07-28T21:15:20.012181" elapsed="0.000373"/>
</kw>
<kw name="Log" owner="BuiltIn">
<msg time="2024-07-28T21:15:20.012850" level="INFO">password</msg>
<arg>${keyTwo}</arg>
<doc>Logs the given message with the given level.</doc>
<status status="PASS" start="2024-07-28T21:15:20.012726" elapsed="0.000162"/>
</kw>
<var name="${keyTwo}">password</var>
<status status="PASS" start="2024-07-28T21:15:20.011518" elapsed="0.001587"/>
</iter>
<var>${keyTwo}</var>
<value>@{expected_keysTwo}</value>
<status status="PASS" start="2024-07-28T21:15:20.009546" elapsed="0.003680"/>
</for>
<status status="PASS" start="2024-07-28T21:15:19.608952" elapsed="0.404416"/>
</kw>
<doc>Testa a estrutura da resposta da API.</doc>
<tag>testeEstruturaResposta</tag>
<status status="PASS" start="2024-07-28T21:15:19.608438" elapsed="0.405116"/>
</test>
<test id="s1-s1-t4" name="Validar tipos de dados" line="28">
<kw name="Teste de Tipos de Dados" owner="random-user-service">
<kw name="GET On Session" owner="RequestsLibrary">
<msg time="2024-07-28T21:15:20.108772" level="INFO">GET Request : url=https://randomuser.me/api 
 path_url=/api 
 headers={'User-Agent': 'python-requests/2.32.3', 'Accept-Encoding': 'gzip, deflate', 'Accept': '*/*', 'Connection': 'keep-alive'} 
 body=None 
 </msg>
<msg time="2024-07-28T21:15:20.108849" level="INFO">GET Response : url=https://randomuser.me/api 
 status=200, reason=OK 
 headers={'Date': 'Sun, 28 Jul 2024 21:15:20 GMT', 'Content-Type': 'application/json; charset=utf-8', 'Transfer-Encoding': 'chunked', 'Connection': 'keep-alive', 'X-Powered-By': 'Express', 'Access-Control-Allow-Origin': '*', 'Cache-Control': 'no-cache', 'ETag': 'W/"48f-JbzCNLKH4/uPELK5NhL+YCLYJiI"', 'Vary': 'Accept-Encoding', 'Content-Encoding': 'gzip', 'CF-Cache-Status': 'DYNAMIC', 'Report-To': '{"endpoints":[{"url":"https:\\/\\/a.nel.cloudflare.com\\/report\\/v4?s=DQQZaXhJ91Ve6QRlZ3J7xk8D5Glo6l2x3SQT1u2ZpQ%2BZ5sssNodjvok6jQWrnlBZ61crJyQoriYhjYf07NYBp9X0PAr9HXZl31xuOZYKS3ILnBcxBAjxoAXBji9ZrWs9"}],"group":"cf-nel","max_age":604800}', 'NEL': '{"success_fraction":0,"report_to":"cf-nel","max_age":604800}', 'Server': 'cloudflare', 'CF-RAY': '8aa7e24a1df1ce40-SJC', 'alt-svc': 'h3=":443"; ma=86400'} 
 body={"results":[{"gender":"female","name":{"title":"Mrs","first":"Lisa","last":"Craig"},"location":{"street":{"number":9113,"name":"Henry Street"},"city":"Greystones","state":"Galway City","country":"Ireland","postcode":52183,"coordinates":{"latitude":"-0.5977","longitude":"112.0757"},"timezone":{"offset":"-4:00","description":"Atlantic Time (Canada), Caracas, La Paz"}},"email":"lisa.craig@example.com","login":{"uuid":"a294e475-7eb4-4f4e-8e6b-0aed2729421c","username":"sadbear714","password":"fuzzy","salt":"3Sr7q4X5","md5":"b3dde0579e38c96b394681436869d0f6","sha1":"3437777563a72413665c855dd3660beccc745ffd","sha256":"317dfc9701ae5ac5a2d471da512d798a586d88ebf40c4587add07b565689ec50"},"dob":{"date":"1997-05-05T00:35:51.786Z","age":27},"registered":{"date":"2019-11-07T19:34:00.443Z","age":4},"phone":"041-152-1174","cell":"081-479-7919","id":{"name":"PPS","value":"4840615T"},"picture":{"large":"https://randomuser.me/api/portraits/women/16.jpg","medium":"https://randomuser.me/api/portraits/med/women/16.jpg","thumbnail":"https://randomuser.me/api/portraits/thumb/women/16.jpg"},"nat":"IE"}],"info":{"seed":"d2911bf95eb855d3","results":1,"page":1,"version":"1.4"}} 
 </msg>
<msg time="2024-07-28T21:15:20.108914" level="INFO">/opt/hostedtoolcache/Python/3.12.4/x64/lib/python3.12/site-packages/urllib3/connectionpool.py:1099: InsecureRequestWarning: Unverified HTTPS request is being made to host 'randomuser.me'. Adding certificate verification is strongly advised. See: https://urllib3.readthedocs.io/en/latest/advanced-usage.html#tls-warnings
  warnings.warn(</msg>
<msg time="2024-07-28T21:15:20.109009" level="INFO">${response} = &lt;Response [200]&gt;</msg>
<var>${response}</var>
<arg>consultarAPI</arg>
<arg>/api</arg>
<doc>Sends a GET request on a previously created HTTP Session.</doc>
<status status="PASS" start="2024-07-28T21:15:20.016019" elapsed="0.093029"/>
</kw>
<kw name="Set Variable" owner="BuiltIn">
<msg time="2024-07-28T21:15:20.109990" level="INFO">${json_data} = {'results': [{'gender': 'female', 'name': {'title': 'Mrs', 'first': 'Lisa', 'last': 'Craig'}, 'location': {'street': {'number': 9113, 'name': 'Henry Street'}, 'city': 'Greystones', 'state': 'Galway Ci...</msg>
<var>${json_data}</var>
<arg>${response.json()}</arg>
<doc>Returns the given values which can then be assigned to a variables.</doc>
<status status="PASS" start="2024-07-28T21:15:20.109503" elapsed="0.000514"/>
</kw>
<kw name="Log" owner="BuiltIn">
<msg time="2024-07-28T21:15:20.110474" level="INFO">{'results': [{'gender': 'female', 'name': {'title': 'Mrs', 'first': 'Lisa', 'last': 'Craig'}, 'location': {'street': {'number': 9113, 'name': 'Henry Street'}, 'city': 'Greystones', 'state': 'Galway City', 'country': 'Ireland', 'postcode': 52183, 'coordinates': {'latitude': '-0.5977', 'longitude': '112.0757'}, 'timezone': {'offset': '-4:00', 'description': 'Atlantic Time (Canada), Caracas, La Paz'}}, 'email': 'lisa.craig@example.com', 'login': {'uuid': 'a294e475-7eb4-4f4e-8e6b-0aed2729421c', 'username': 'sadbear714', 'password': 'fuzzy', 'salt': '3Sr7q4X5', 'md5': 'b3dde0579e38c96b394681436869d0f6', 'sha1': '3437777563a72413665c855dd3660beccc745ffd', 'sha256': '317dfc9701ae5ac5a2d471da512d798a586d88ebf40c4587add07b565689ec50'}, 'dob': {'date': '1997-05-05T00:35:51.786Z', 'age': 27}, 'registered': {'date': '2019-11-07T19:34:00.443Z', 'age': 4}, 'phone': '041-152-1174', 'cell': '081-479-7919', 'id': {'name': 'PPS', 'value': '4840615T'}, 'picture': {'large': 'https://randomuser.me/api/portraits/women/16.jpg', 'medium': 'https://randomuser.me/api/portraits/med/women/16.jpg', 'thumbnail': 'https://randomuser.me/api/portraits/thumb/women/16.jpg'}, 'nat': 'IE'}], 'info': {'seed': 'd2911bf95eb855d3', 'results': 1, 'page': 1, 'version': '1.4'}}</msg>
<arg>${json_data}</arg>
<doc>Logs the given message with the given level.</doc>
<status status="PASS" start="2024-07-28T21:15:20.110319" elapsed="0.000201"/>
</kw>
<kw name="Should Be String" owner="String">
<arg>${json_data['results'][0]['gender']}</arg>
<doc>Fails if the given ``item`` is not a string.</doc>
<status status="PASS" start="2024-07-28T21:15:20.110814" elapsed="0.000365"/>
</kw>
<kw name="Should Match Regexp" owner="BuiltIn">
<arg>${json_data['results'][0]['email']}</arg>
<arg>^[a-zA-Z0-9._%+-]+@[a-zA-Z0-9.-]+\.[a-zA-Z]{2,}$</arg>
<doc>Fails if ``string`` does not match ``pattern`` as a regular expression.</doc>
<status status="PASS" start="2024-07-28T21:15:20.111369" elapsed="0.000512"/>
</kw>
<kw name="Should Match Regexp" owner="BuiltIn">
<arg>${json_data['results'][0]['dob']['date']}</arg>
<arg>\\d{4}-\\d{2}-\\d{2}T\\d{2}:\\d{2}:\\d{2}\\.\\d{3}Z</arg>
<doc>Fails if ``string`` does not match ``pattern`` as a regular expression.</doc>
<status status="PASS" start="2024-07-28T21:15:20.112105" elapsed="0.000608"/>
</kw>
<kw name="Should Match Regexp" owner="BuiltIn">
<arg>${json_data['results'][0]['registered']['date']}</arg>
<arg>\\d{4}-\\d{2}-\\d{2}T\\d{2}:\\d{2}:\\d{2}\\.\\d{3}Z</arg>
<doc>Fails if ``string`` does not match ``pattern`` as a regular expression.</doc>
<status status="PASS" start="2024-07-28T21:15:20.112904" elapsed="0.000373"/>
</kw>
<kw name="Should Match Regexp" owner="BuiltIn">
<arg>${json_data['results'][0]['picture']['large']}</arg>
<arg>^https?://.*\.(?:png|jpe?g|gif|bmp)$</arg>
<doc>Fails if ``string`` does not match ``pattern`` as a regular expression.</doc>
<status status="PASS" start="2024-07-28T21:15:20.113461" elapsed="0.000502"/>
</kw>
<kw name="Should Match Regexp" owner="BuiltIn">
<arg>${json_data['results'][0]['picture']['medium']}</arg>
<arg>^https?://.*\.(?:png|jpe?g|gif|bmp)$</arg>
<doc>Fails if ``string`` does not match ``pattern`` as a regular expression.</doc>
<status status="PASS" start="2024-07-28T21:15:20.114149" elapsed="0.000355"/>
</kw>
<kw name="Should Match Regexp" owner="BuiltIn">
<arg>${json_data['results'][0]['picture']['thumbnail']}</arg>
<arg>^https?://.*\.(?:png|jpe?g|gif|bmp)$</arg>
<doc>Fails if ``string`` does not match ``pattern`` as a regular expression.</doc>
<status status="PASS" start="2024-07-28T21:15:20.114684" elapsed="0.000349"/>
</kw>
<kw name="Log" owner="BuiltIn">
<msg time="2024-07-28T21:15:20.115533" level="INFO">{'large': 'https://randomuser.me/api/portraits/women/16.jpg', 'medium': 'https://randomuser.me/api/portraits/med/women/16.jpg', 'thumbnail': 'https://randomuser.me/api/portraits/thumb/women/16.jpg'}</msg>
<arg>${json_data['results'][0]['picture']}</arg>
<doc>Logs the given message with the given level.</doc>
<status status="PASS" start="2024-07-28T21:15:20.115211" elapsed="0.000365"/>
</kw>
<status status="PASS" start="2024-07-28T21:15:20.015795" elapsed="0.100038"/>
</kw>
<kw name="Teste de Tipos de Dados - Postcode" owner="random-user-service">
<kw name="GET On Session" owner="RequestsLibrary">
<msg time="2024-07-28T21:15:20.216188" level="INFO">GET Request : url=https://randomuser.me/api 
 path_url=/api 
 headers={'User-Agent': 'python-requests/2.32.3', 'Accept-Encoding': 'gzip, deflate', 'Accept': '*/*', 'Connection': 'keep-alive'} 
 body=None 
 </msg>
<msg time="2024-07-28T21:15:20.216264" level="INFO">GET Response : url=https://randomuser.me/api 
 status=200, reason=OK 
 headers={'Date': 'Sun, 28 Jul 2024 21:15:20 GMT', 'Content-Type': 'application/json; charset=utf-8', 'Transfer-Encoding': 'chunked', 'Connection': 'keep-alive', 'X-Powered-By': 'Express', 'Access-Control-Allow-Origin': '*', 'Cache-Control': 'no-cache', 'ETag': 'W/"48f-vCVzKBGFJ1F7aOpAeWijE2EDV3o"', 'Vary': 'Accept-Encoding', 'Content-Encoding': 'gzip', 'CF-Cache-Status': 'DYNAMIC', 'Report-To': '{"endpoints":[{"url":"https:\\/\\/a.nel.cloudflare.com\\/report\\/v4?s=0K8U%2FOITbRN4WmVx83vZ2KReFbmtPpqSvVb3UOnLkIB5fymAdZobw7xQ5YjvH4xV2IPhgJ8xbJPX36pdJupXWr5O35L8CfXcfiF4V4javQ9ZZA1%2F4jIJY7VUvcPSqLQQ"}],"group":"cf-nel","max_age":604800}', 'NEL': '{"success_fraction":0,"report_to":"cf-nel","max_age":604800}', 'Server': 'cloudflare', 'CF-RAY': '8aa7e24abe68ce40-SJC', 'alt-svc': 'h3=":443"; ma=86400'} 
 body={"results":[{"gender":"male","name":{"title":"Mr","first":"Acílio","last":"Rodrigues"},"location":{"street":{"number":7936,"name":"Rua Dezenove de Outubro"},"city":"Jundiaí","state":"Espírito Santo","country":"Brazil","postcode":89636,"coordinates":{"latitude":"-78.2571","longitude":"-104.7202"},"timezone":{"offset":"-10:00","description":"Hawaii"}},"email":"acilio.rodrigues@example.com","login":{"uuid":"0e1c374e-edcf-45d4-bb34-6bc4d561f7d5","username":"brownfish477","password":"redsox1","salt":"5ZW7uZpB","md5":"0cae57a827e5792bb66999c5b79f2f6a","sha1":"d60019f589ae42058fbf360032af78d1acb20570","sha256":"5e31ca40194f5d235b44162122ddd31a7fafa42ed4a9eced087850b80a181f9f"},"dob":{"date":"1985-10-25T01:57:25.892Z","age":38},"registered":{"date":"2018-02-11T08:05:11.610Z","age":6},"phone":"(83) 3094-8304","cell":"(61) 2955-7475","id":{"name":"CPF","value":"600.742.715-60"},"picture":{"large":"https://randomuser.me/api/portraits/men/30.jpg","medium":"https://randomuser.me/api/portraits/med/men/30.jpg","thumbnail":"https://randomuser.me/api/portraits/thumb/men/30.jpg"},"nat":"BR"}],"info":{"seed":"73cad07b9d38a8c8","results":1,"page":1,"version":"1.4"}} 
 </msg>
<msg time="2024-07-28T21:15:20.216329" level="INFO">/opt/hostedtoolcache/Python/3.12.4/x64/lib/python3.12/site-packages/urllib3/connectionpool.py:1099: InsecureRequestWarning: Unverified HTTPS request is being made to host 'randomuser.me'. Adding certificate verification is strongly advised. See: https://urllib3.readthedocs.io/en/latest/advanced-usage.html#tls-warnings
  warnings.warn(</msg>
<msg time="2024-07-28T21:15:20.216429" level="INFO">${response} = &lt;Response [200]&gt;</msg>
<var>${response}</var>
<arg>consultarAPI</arg>
<arg>/api</arg>
<doc>Sends a GET request on a previously created HTTP Session.</doc>
<status status="PASS" start="2024-07-28T21:15:20.116284" elapsed="0.100185"/>
</kw>
<kw name="Set Variable" owner="BuiltIn">
<msg time="2024-07-28T21:15:20.217395" level="INFO">${json_data} = {'results': [{'gender': 'male', 'name': {'title': 'Mr', 'first': 'Acílio', 'last': 'Rodrigues'}, 'location': {'street': {'number': 7936, 'name': 'Rua Dezenove de Outubro'}, 'city': 'Jundiaí', 'state':...</msg>
<var>${json_data}</var>
<arg>${response.json()}</arg>
<doc>Returns the given values which can then be assigned to a variables.</doc>
<status status="PASS" start="2024-07-28T21:15:20.216914" elapsed="0.000512"/>
</kw>
<kw name="Log" owner="BuiltIn">
<msg time="2024-07-28T21:15:20.217931" level="INFO">{'results': [{'gender': 'male', 'name': {'title': 'Mr', 'first': 'Acílio', 'last': 'Rodrigues'}, 'location': {'street': {'number': 7936, 'name': 'Rua Dezenove de Outubro'}, 'city': 'Jundiaí', 'state': 'Espírito Santo', 'country': 'Brazil', 'postcode': 89636, 'coordinates': {'latitude': '-78.2571', 'longitude': '-104.7202'}, 'timezone': {'offset': '-10:00', 'description': 'Hawaii'}}, 'email': 'acilio.rodrigues@example.com', 'login': {'uuid': '0e1c374e-edcf-45d4-bb34-6bc4d561f7d5', 'username': 'brownfish477', 'password': 'redsox1', 'salt': '5ZW7uZpB', 'md5': '0cae57a827e5792bb66999c5b79f2f6a', 'sha1': 'd60019f589ae42058fbf360032af78d1acb20570', 'sha256': '5e31ca40194f5d235b44162122ddd31a7fafa42ed4a9eced087850b80a181f9f'}, 'dob': {'date': '1985-10-25T01:57:25.892Z', 'age': 38}, 'registered': {'date': '2018-02-11T08:05:11.610Z', 'age': 6}, 'phone': '(83) 3094-8304', 'cell': '(61) 2955-7475', 'id': {'name': 'CPF', 'value': '600.742.715-60'}, 'picture': {'large': 'https://randomuser.me/api/portraits/men/30.jpg', 'medium': 'https://randomuser.me/api/portraits/med/men/30.jpg', 'thumbnail': 'https://randomuser.me/api/portraits/thumb/men/30.jpg'}, 'nat': 'BR'}], 'info': {'seed': '73cad07b9d38a8c8', 'results': 1, 'page': 1, 'version': '1.4'}}</msg>
<arg>${json_data}</arg>
<doc>Logs the given message with the given level.</doc>
<status status="PASS" start="2024-07-28T21:15:20.217767" elapsed="0.000213"/>
</kw>
<kw name="Should Be Equal As Numbers" owner="BuiltIn">
<arg>${json_data['results'][0]['location']['postcode']}</arg>
<arg>${json_data['results'][0]['location']['postcode']}</arg>
<doc>Fails if objects are unequal after converting them to real numbers.</doc>
<status status="PASS" start="2024-07-28T21:15:20.218288" elapsed="0.000637"/>
</kw>
<kw name="Log" owner="BuiltIn">
<msg time="2024-07-28T21:15:20.219460" level="INFO">89636</msg>
<arg>${json_data['results'][0]['location']['postcode']}</arg>
<doc>Logs the given message with the given level.</doc>
<status status="PASS" start="2024-07-28T21:15:20.219124" elapsed="0.000378"/>
</kw>
<status status="PASS" start="2024-07-28T21:15:20.116056" elapsed="0.103701"/>
</kw>
<doc>Testa se os tipos de dados na resposta da API estão corretos.</doc>
<tag>testeTiposDados</tag>
<status status="PASS" start="2024-07-28T21:15:20.015336" elapsed="0.204627"/>
</test>
<test id="s1-s1-t5" name="Validar conteudo" line="35">
<kw name="Teste de Tipos de Conteudo" owner="random-user-service">
<kw name="GET On Session" owner="RequestsLibrary">
<msg time="2024-07-28T21:15:20.311507" level="INFO">GET Request : url=https://randomuser.me/api 
 path_url=/api 
 headers={'User-Agent': 'python-requests/2.32.3', 'Accept-Encoding': 'gzip, deflate', 'Accept': '*/*', 'Connection': 'keep-alive'} 
 body=None 
 </msg>
<msg time="2024-07-28T21:15:20.311577" level="INFO">GET Response : url=https://randomuser.me/api 
 status=200, reason=OK 
 headers={'Date': 'Sun, 28 Jul 2024 21:15:20 GMT', 'Content-Type': 'application/json; charset=utf-8', 'Transfer-Encoding': 'chunked', 'Connection': 'keep-alive', 'X-Powered-By': 'Express', 'Access-Control-Allow-Origin': '*', 'Cache-Control': 'no-cache', 'ETag': 'W/"48f-PT55jGO3Y5LPbEHeVjGRQ6L5AoU"', 'Vary': 'Accept-Encoding', 'Content-Encoding': 'gzip', 'CF-Cache-Status': 'DYNAMIC', 'Report-To': '{"endpoints":[{"url":"https:\\/\\/a.nel.cloudflare.com\\/report\\/v4?s=lMp2BMseM2tWnLxAv1gW1T8qDY4JpVWzm43qlthTPIdc%2Bk4K7AArL3PINwRtfiitNJ9axbJPSu4gXh3wTMVtsKNTYxSaeQYbZQxdClz1cUmzsSGkqoVJ1GB7C1b%2Fmbk5"}],"group":"cf-nel","max_age":604800}', 'NEL': '{"success_fraction":0,"report_to":"cf-nel","max_age":604800}', 'Server': 'cloudflare', 'CF-RAY': '8aa7e24b6ee9ce40-SJC', 'alt-svc': 'h3=":443"; ma=86400'} 
 body={"results":[{"gender":"male","name":{"title":"Mr","first":"Alexis","last":"French"},"location":{"street":{"number":3903,"name":"Brock Rd"},"city":"Sidney","state":"Prince Edward Island","country":"Canada","postcode":"G4O 9O4","coordinates":{"latitude":"-66.2248","longitude":"-105.6499"},"timezone":{"offset":"+4:00","description":"Abu Dhabi, Muscat, Baku, Tbilisi"}},"email":"alexis.french@example.com","login":{"uuid":"14963cc1-b96b-425b-a4bd-0a71e2035136","username":"silversnake112","password":"demons","salt":"QLATiwQP","md5":"aa6519fe4a9941921805143dae50359d","sha1":"6d4d3a8562b187c02d8ab227d0ca3fad2cc5ceac","sha256":"644156001342376aef18f40269e79fdaf2d79a073c2b88e1d0e521a129f52589"},"dob":{"date":"1982-03-17T13:39:05.414Z","age":42},"registered":{"date":"2012-03-07T13:27:18.210Z","age":12},"phone":"X10 F30-1451","cell":"I01 G50-0498","id":{"name":"SIN","value":"534121173"},"picture":{"large":"https://randomuser.me/api/portraits/men/7.jpg","medium":"https://randomuser.me/api/portraits/med/men/7.jpg","thumbnail":"https://randomuser.me/api/portraits/thumb/men/7.jpg"},"nat":"CA"}],"info":{"seed":"bd5dbbef550bc1a6","results":1,"page":1,"version":"1.4"}} 
 </msg>
<msg time="2024-07-28T21:15:20.311633" level="INFO">/opt/hostedtoolcache/Python/3.12.4/x64/lib/python3.12/site-packages/urllib3/connectionpool.py:1099: InsecureRequestWarning: Unverified HTTPS request is being made to host 'randomuser.me'. Adding certificate verification is strongly advised. See: https://urllib3.readthedocs.io/en/latest/advanced-usage.html#tls-warnings
  warnings.warn(</msg>
<msg time="2024-07-28T21:15:20.311717" level="INFO">${response} = &lt;Response [200]&gt;</msg>
<var>${response}</var>
<arg>consultarAPI</arg>
<arg>/api</arg>
<doc>Sends a GET request on a previously created HTTP Session.</doc>
<status status="PASS" start="2024-07-28T21:15:20.222599" elapsed="0.089151"/>
</kw>
<kw name="Set Variable" owner="BuiltIn">
<msg time="2024-07-28T21:15:20.312763" level="INFO">${json_data} = {'results': [{'gender': 'male', 'name': {'title': 'Mr', 'first': 'Alexis', 'last': 'French'}, 'location': {'street': {'number': 3903, 'name': 'Brock Rd'}, 'city': 'Sidney', 'state': 'Prince Edward Isl...</msg>
<var>${json_data}</var>
<arg>${response.json()}</arg>
<doc>Returns the given values which can then be assigned to a variables.</doc>
<status status="PASS" start="2024-07-28T21:15:20.312216" elapsed="0.000575"/>
</kw>
<kw name="Set Variable" owner="BuiltIn">
<msg time="2024-07-28T21:15:20.313506" level="INFO">${name_title} = Mr</msg>
<var>${name_title}</var>
<arg>${json_data["results"][0]["name"]["title"]}</arg>
<doc>Returns the given values which can then be assigned to a variables.</doc>
<status status="PASS" start="2024-07-28T21:15:20.313099" elapsed="0.000435"/>
</kw>
<kw name="Create List" owner="BuiltIn">
<msg time="2024-07-28T21:15:20.313984" level="INFO">${allowed_titles} = ['Mr', 'Ms', 'Miss', 'Mrs', 'Madame', 'Monsieur']</msg>
<var>${allowed_titles}</var>
<arg>Mr</arg>
<arg>Ms</arg>
<arg>Miss</arg>
<arg>Mrs</arg>
<arg>Madame</arg>
<arg>Monsieur</arg>
<doc>Returns a list containing given items.</doc>
<status status="PASS" start="2024-07-28T21:15:20.313833" elapsed="0.000175"/>
</kw>
<kw name="List Should Contain Value" owner="Collections">
<arg>${allowed_titles}</arg>
<arg>${name_title}</arg>
<doc>Fails if the ``value`` is not found from ``list``.</doc>
<status status="PASS" start="2024-07-28T21:15:20.314303" elapsed="0.000180"/>
</kw>
<kw name="Set Variable" owner="BuiltIn">
<msg time="2024-07-28T21:15:20.315035" level="INFO">${name_country} = CA</msg>
<var>${name_country}</var>
<arg>${json_data["results"][0]["nat"]}</arg>
<doc>Returns the given values which can then be assigned to a variables.</doc>
<status status="PASS" start="2024-07-28T21:15:20.314664" elapsed="0.000396"/>
</kw>
<kw name="Create List" owner="BuiltIn">
<msg time="2024-07-28T21:15:20.315952" level="INFO">${list_country} = ['AD', 'AE', 'AF', 'AG', 'AI', 'AL', 'AM', 'AO', 'AQ', 'AR', 'AS', 'AT', 'AU', 'AW', 'AX', 'AZ', 'BA', 'BB', 'BD', 'BE', 'BF', 'BG', 'BH', 'BI', 'BJ', 'BL', 'BM', 'BN', 'BO', 'BQ', 'BR', 'BS', 'BT', '...</msg>
<var>${list_country}</var>
<arg>AD</arg>
<arg>AE</arg>
<arg>AF</arg>
<arg>AG</arg>
<arg>AI</arg>
<arg>AL</arg>
<arg>AM</arg>
<arg>AO</arg>
<arg>AQ</arg>
<arg>AR</arg>
<arg>AS</arg>
<arg>AT</arg>
<arg>AU</arg>
<arg>AW</arg>
<arg>AX</arg>
<arg>AZ</arg>
<arg>BA</arg>
<arg>BB</arg>
<arg>BD</arg>
<arg>BE</arg>
<arg>BF</arg>
<arg>BG</arg>
<arg>BH</arg>
<arg>BI</arg>
<arg>BJ</arg>
<arg>BL</arg>
<arg>BM</arg>
<arg>BN</arg>
<arg>BO</arg>
<arg>BQ</arg>
<arg>BR</arg>
<arg>BS</arg>
<arg>BT</arg>
<arg>BV</arg>
<arg>BW</arg>
<arg>BY</arg>
<arg>BZ</arg>
<arg>CA</arg>
<arg>CC</arg>
<arg>CD</arg>
<arg>CF</arg>
<arg>CG</arg>
<arg>CH</arg>
<arg>CI</arg>
<arg>CK</arg>
<arg>CL</arg>
<arg>CM</arg>
<arg>CN</arg>
<arg>CO</arg>
<arg>CR</arg>
<arg>CU</arg>
<arg>CV</arg>
<arg>CW</arg>
<arg>CX</arg>
<arg>CY</arg>
<arg>CZ</arg>
<arg>DE</arg>
<arg>DJ</arg>
<arg>DK</arg>
<arg>DM</arg>
<arg>DO</arg>
<arg>DZ</arg>
<arg>EC</arg>
<arg>EE</arg>
<arg>EG</arg>
<arg>EH</arg>
<arg>ER</arg>
<arg>ES</arg>
<arg>ET</arg>
<arg>FI</arg>
<arg>FJ</arg>
<arg>FK</arg>
<arg>FM</arg>
<arg>FO</arg>
<arg>FR</arg>
<arg>GA</arg>
<arg>GB</arg>
<arg>GD</arg>
<arg>GE</arg>
<arg>GF</arg>
<arg>GG</arg>
<arg>GH</arg>
<arg>GI</arg>
<arg>GL</arg>
<arg>GM</arg>
<arg>GN</arg>
<arg>GP</arg>
<arg>GQ</arg>
<arg>GR</arg>
<arg>GS</arg>
<arg>GT</arg>
<arg>GU</arg>
<arg>GW</arg>
<arg>GY</arg>
<arg>HK</arg>
<arg>HM</arg>
<arg>HN</arg>
<arg>HR</arg>
<arg>HT</arg>
<arg>HU</arg>
<arg>ID</arg>
<arg>IE</arg>
<arg>IL</arg>
<arg>IM</arg>
<arg>IN</arg>
<arg>IO</arg>
<arg>IQ</arg>
<arg>IR</arg>
<arg>IS</arg>
<arg>IT</arg>
<arg>JE</arg>
<arg>JM</arg>
<arg>JO</arg>
<arg>JP</arg>
<arg>KE</arg>
<arg>KG</arg>
<arg>KH</arg>
<arg>KI</arg>
<arg>KM</arg>
<arg>KN</arg>
<arg>KP</arg>
<arg>KR</arg>
<arg>KW</arg>
<arg>KY</arg>
<arg>KZ</arg>
<arg>LA</arg>
<arg>LB</arg>
<arg>LC</arg>
<arg>LI</arg>
<arg>LK</arg>
<arg>LR</arg>
<arg>LS</arg>
<arg>LT</arg>
<arg>LU</arg>
<arg>LV</arg>
<arg>LY</arg>
<arg>MA</arg>
<arg>MC</arg>
<arg>MD</arg>
<arg>ME</arg>
<arg>MF</arg>
<arg>MG</arg>
<arg>MH</arg>
<arg>MK</arg>
<arg>ML</arg>
<arg>MM</arg>
<arg>MN</arg>
<arg>MO</arg>
<arg>MP</arg>
<arg>MQ</arg>
<arg>MR</arg>
<arg>MS</arg>
<arg>MT</arg>
<arg>MU</arg>
<arg>MV</arg>
<arg>MW</arg>
<arg>MX</arg>
<arg>MY</arg>
<arg>MZ</arg>
<arg>NA</arg>
<arg>NC</arg>
<arg>NE</arg>
<arg>NF</arg>
<arg>NG</arg>
<arg>NI</arg>
<arg>NL</arg>
<arg>NO</arg>
<arg>NP</arg>
<arg>NR</arg>
<arg>NU</arg>
<arg>NZ</arg>
<arg>OM</arg>
<arg>PA</arg>
<arg>PE</arg>
<arg>PF</arg>
<arg>PG</arg>
<arg>PH</arg>
<arg>PK</arg>
<arg>PL</arg>
<arg>PM</arg>
<arg>PN</arg>
<arg>PR</arg>
<arg>PS</arg>
<arg>PT</arg>
<arg>PW</arg>
<arg>PY</arg>
<arg>QA</arg>
<arg>RE</arg>
<arg>RO</arg>
<arg>RS</arg>
<arg>RU</arg>
<arg>RW</arg>
<arg>SA</arg>
<arg>SB</arg>
<arg>SC</arg>
<arg>SD</arg>
<arg>SE</arg>
<arg>SG</arg>
<arg>SH</arg>
<arg>SI</arg>
<arg>SJ</arg>
<arg>SK</arg>
<arg>SL</arg>
<arg>SM</arg>
<arg>SN</arg>
<arg>SO</arg>
<arg>SR</arg>
<arg>SS</arg>
<arg>ST</arg>
<arg>SV</arg>
<arg>SX</arg>
<arg>SY</arg>
<arg>SZ</arg>
<arg>TC</arg>
<arg>TD</arg>
<arg>TF</arg>
<arg>TG</arg>
<arg>TH</arg>
<arg>TJ</arg>
<arg>TK</arg>
<arg>TL</arg>
<arg>TM</arg>
<arg>TN</arg>
<arg>TO</arg>
<arg>TR</arg>
<arg>TT</arg>
<arg>TV</arg>
<arg>TW</arg>
<arg>TZ</arg>
<arg>UA</arg>
<arg>UG</arg>
<arg>UM</arg>
<arg>US</arg>
<arg>UY</arg>
<arg>UZ</arg>
<arg>VA</arg>
<arg>VC</arg>
<arg>VE</arg>
<arg>VG</arg>
<arg>VI</arg>
<arg>VN</arg>
<arg>VU</arg>
<arg>WF</arg>
<arg>WS</arg>
<arg>XK</arg>
<arg>YE</arg>
<arg>YT</arg>
<arg>ZA</arg>
<arg>ZM</arg>
<arg>ZW</arg>
<doc>Returns a list containing given items.</doc>
<status status="PASS" start="2024-07-28T21:15:20.315353" elapsed="0.000625"/>
</kw>
<kw name="List Should Contain Value" owner="Collections">
<arg>${list_country}</arg>
<arg>${name_country}</arg>
<doc>Fails if the ``value`` is not found from ``list``.</doc>
<status status="PASS" start="2024-07-28T21:15:20.316917" elapsed="0.000210"/>
</kw>
<kw name="Run Keyword If" owner="BuiltIn">
<kw name="Should Be True" owner="BuiltIn">
<arg>${True}</arg>
<doc>Fails if the given condition is not true.</doc>
<status status="PASS" start="2024-07-28T21:15:20.318091" elapsed="0.000143"/>
</kw>
<arg>${json_data["results"][0]["location"]["coordinates"]["latitude"]} &gt;= -90 and ${json_data["results"][0]["location"]["coordinates"]["latitude"]} &lt;= 90</arg>
<arg>Should Be True</arg>
<arg>${True}</arg>
<doc>Runs the given keyword with the given arguments, if ``condition`` is true.</doc>
<status status="PASS" start="2024-07-28T21:15:20.317328" elapsed="0.001030"/>
</kw>
<kw name="Run Keyword If" owner="BuiltIn">
<kw name="Should Be True" owner="BuiltIn">
<arg>${True}</arg>
<doc>Fails if the given condition is not true.</doc>
<status status="PASS" start="2024-07-28T21:15:20.319231" elapsed="0.000137"/>
</kw>
<arg>${json_data["results"][0]["location"]["coordinates"]["longitude"]} &gt;= -180 and ${json_data["results"][0]["location"]["coordinates"]["longitude"]} &lt;= 180</arg>
<arg>Should Be True</arg>
<arg>${True}</arg>
<doc>Runs the given keyword with the given arguments, if ``condition`` is true.</doc>
<status status="PASS" start="2024-07-28T21:15:20.318541" elapsed="0.000951"/>
</kw>
<status status="PASS" start="2024-07-28T21:15:20.222362" elapsed="0.097255"/>
</kw>
<doc>Testa o conteúdo específico dos campos retornados pela API.</doc>
<tag>testeConteudo</tag>
<status status="PASS" start="2024-07-28T21:15:20.221760" elapsed="0.097998"/>
</test>
<status status="PASS" start="2024-07-28T21:15:19.100438" elapsed="1.221273"/>
</suite>
<status status="PASS" start="2024-07-28T21:15:19.086148" elapsed="1.240669"/>
</suite>
<statistics>
<total>
<stat pass="5" fail="0" skip="0">All Tests</stat>
</total>
<tag>
<stat pass="1" fail="0" skip="0">testeConteudo</stat>
<stat pass="1" fail="0" skip="0">testeEstruturaResposta</stat>
<stat pass="1" fail="0" skip="0">testeRequisicaoBasica</stat>
<stat pass="1" fail="0" skip="0">testeTiposDados</stat>
</tag>
<suite>
<stat pass="5" fail="0" skip="0" id="s1" name="Tests">Tests</stat>
<stat pass="5" fail="0" skip="0" id="s1-s1" name="Random-User-Test">Tests.Random-User-Test</stat>
</suite>
</statistics>
<errors>
</errors>
</robot>
