<?xml version="1.0" encoding="UTF-8"?>
<robot generator="Robot 7.0.1 (Python 3.12.4 on linux)" generated="2024-06-20T02:30:20.842337" rpa="false" schemaversion="5">
<suite id="s1" name="Tests" source="/home/runner/work/ApiRandomUser/ApiRandomUser/RamdonUser/tests">
<suite id="s1-s1" name="Random-User-Test" source="/home/runner/work/ApiRandomUser/ApiRandomUser/RamdonUser/tests/random-user-test.robot">
<test id="s1-s1-t1" name="Conectar" line="13">
<kw name="Conectar API" owner="random-user-service">
<kw name="Create Session" owner="RequestsLibrary">
<msg time="2024-06-20T02:30:21.233678" level="INFO">Creating Session using : alias=consultarAPI, url=https://randomuser.me/, headers={},                     cookies={}, auth=None, timeout=None, proxies=None, verify=False,                     debug=0 </msg>
<arg>consultarAPI</arg>
<arg>${URL}</arg>
<doc>Create Session: create a HTTP session to a server</doc>
<status status="PASS" start="2024-06-20T02:30:21.233475" elapsed="0.000375"/>
</kw>
<status status="PASS" start="2024-06-20T02:30:21.232504" elapsed="0.001705"/>
</kw>
<status status="PASS" start="2024-06-20T02:30:21.231965" elapsed="0.002436"/>
</test>
<test id="s1-s1-t2" name="Validar retorno 200 e JSON Válido" line="16">
<kw name="Teste de Requisicao Basica" owner="random-user-service">
<kw name="GET On Session" owner="RequestsLibrary">
<msg time="2024-06-20T02:30:21.426437" level="INFO">GET Request : url=https://randomuser.me/api 
 path_url=/api 
 headers={'User-Agent': 'python-requests/2.32.3', 'Accept-Encoding': 'gzip, deflate', 'Accept': '*/*', 'Connection': 'keep-alive'} 
 body=None 
 </msg>
<msg time="2024-06-20T02:30:21.426620" level="INFO">GET Response : url=https://randomuser.me/api 
 status=200, reason=OK 
 headers={'Date': 'Thu, 20 Jun 2024 02:30:21 GMT', 'Content-Type': 'application/json; charset=utf-8', 'Transfer-Encoding': 'chunked', 'Connection': 'keep-alive', 'X-Powered-By': 'Express', 'Access-Control-Allow-Origin': '*', 'Cache-Control': 'no-cache', 'ETag': 'W/"499-nnHaoFmDtpP+rPnGxLHEyobMMWI"', 'Vary': 'Accept-Encoding', 'Content-Encoding': 'gzip', 'CF-Cache-Status': 'DYNAMIC', 'Report-To': '{"endpoints":[{"url":"https:\\/\\/a.nel.cloudflare.com\\/report\\/v4?s=ZH3NWaPrXkBBBb%2FYcJUjvPt4IoT7FZh3dw%2BhIEA%2B57NLe9lAZf%2Bc9EsXfECkleUgOWJKksLVbg0JRSxOk%2BQw9cUYVmfOkeSPcPAL8VA1B8O8nx4plw3xRCAwWsOqaGyt"}],"group":"cf-nel","max_age":604800}', 'NEL': '{"success_fraction":0,"report_to":"cf-nel","max_age":604800}', 'Server': 'cloudflare', 'CF-RAY': '8968561fae0d3955-IAD', 'alt-svc': 'h3=":443"; ma=86400'} 
 body={"results":[{"gender":"female","name":{"title":"Mademoiselle","first":"Hanna","last":"Guillaume"},"location":{"street":{"number":132,"name":"Rue Bataille"},"city":"Magliaso","state":"Solothurn","country":"Switzerland","postcode":3191,"coordinates":{"latitude":"-60.5707","longitude":"38.9742"},"timezone":{"offset":"-12:00","description":"Eniwetok, Kwajalein"}},"email":"hanna.guillaume@example.com","login":{"uuid":"6660068a-24e1-45b2-803b-053f433bbcd7","username":"sadbear429","password":"cleaner","salt":"q4ewRjab","md5":"64ffd69ffc36941097962e17478c2c18","sha1":"2af978c08ff06c0da932213ee389fc268df734a4","sha256":"ecf8c6f131e95d1d0f49b0aad1def0f5533f5597715da9067f4823b34d11c1fc"},"dob":{"date":"1955-12-06T16:45:06.095Z","age":68},"registered":{"date":"2022-04-03T11:27:31.234Z","age":2},"phone":"078 778 46 04","cell":"077 483 19 80","id":{"name":"AVS","value":"756.2579.4757.51"},"picture":{"large":"https://randomuser.me/api/portraits/women/28.jpg","medium":"https://randomuser.me/api/portraits/med/women/28.jpg","thumbnail":"https://randomuser.me/api/portraits/thumb/women/28.jpg"},"nat":"CH"}],"info":{"seed":"d3e3804fa8d18645","results":1,"page":1,"version":"1.4"}} 
 </msg>
<msg time="2024-06-20T02:30:21.426724" level="INFO">/opt/hostedtoolcache/Python/3.12.4/x64/lib/python3.12/site-packages/urllib3/connectionpool.py:1099: InsecureRequestWarning: Unverified HTTPS request is being made to host 'randomuser.me'. Adding certificate verification is strongly advised. See: https://urllib3.readthedocs.io/en/latest/advanced-usage.html#tls-warnings
  warnings.warn(</msg>
<msg time="2024-06-20T02:30:21.426909" level="INFO">${response} = &lt;Response [200]&gt;</msg>
<var>${response}</var>
<arg>consultarAPI</arg>
<arg>/api</arg>
<doc>Sends a GET request on a previously created HTTP Session.</doc>
<status status="PASS" start="2024-06-20T02:30:21.237029" elapsed="0.189924"/>
</kw>
<kw name="Should Be Equal As Numbers" owner="BuiltIn">
<msg time="2024-06-20T02:30:21.427973" level="INFO">Argument types are:
&lt;class 'int'&gt;
&lt;class 'str'&gt;</msg>
<arg>${response.status_code}</arg>
<arg>200</arg>
<doc>Fails if objects are unequal after converting them to real numbers.</doc>
<status status="PASS" start="2024-06-20T02:30:21.427495" elapsed="0.000545"/>
</kw>
<kw name="Log" owner="BuiltIn">
<msg time="2024-06-20T02:30:21.428732" level="INFO">200</msg>
<arg>${response.status_code}</arg>
<doc>Logs the given message with the given level.</doc>
<status status="PASS" start="2024-06-20T02:30:21.428378" elapsed="0.000397"/>
</kw>
<kw name="Set Variable" owner="BuiltIn">
<msg time="2024-06-20T02:30:21.429519" level="INFO">${json_data} = {'results': [{'gender': 'female', 'name': {'title': 'Mademoiselle', 'first': 'Hanna', 'last': 'Guillaume'}, 'location': {'street': {'number': 132, 'name': 'Rue Bataille'}, 'city': 'Magliaso', 'state':...</msg>
<var>${json_data}</var>
<arg>${response.json()}</arg>
<doc>Returns the given values which can then be assigned to a variables.</doc>
<status status="PASS" start="2024-06-20T02:30:21.429084" elapsed="0.000464"/>
</kw>
<kw name="Dictionary Should Contain Key" owner="Collections">
<arg>${json_data}</arg>
<arg>results</arg>
<doc>Fails if ``key`` is not found from ``dictionary``.</doc>
<status status="PASS" start="2024-06-20T02:30:21.429848" elapsed="0.000174"/>
</kw>
<status status="PASS" start="2024-06-20T02:30:21.236786" elapsed="0.193389"/>
</kw>
<doc>Testa se a API responde corretamente e retorna um objeto JSON válido.</doc>
<tag>testeRequisicaoBasica</tag>
<status status="PASS" start="2024-06-20T02:30:21.236260" elapsed="0.194089"/>
</test>
<test id="s1-s1-t3" name="Validar estrutura de resposta" line="22">
<kw name="Teste de Estrutura de Resposta" owner="random-user-service">
<kw name="GET On Session" owner="RequestsLibrary">
<msg time="2024-06-20T02:30:21.572633" level="INFO">GET Request : url=https://randomuser.me/api 
 path_url=/api 
 headers={'User-Agent': 'python-requests/2.32.3', 'Accept-Encoding': 'gzip, deflate', 'Accept': '*/*', 'Connection': 'keep-alive'} 
 body=None 
 </msg>
<msg time="2024-06-20T02:30:21.572729" level="INFO">GET Response : url=https://randomuser.me/api 
 status=200, reason=OK 
 headers={'Date': 'Thu, 20 Jun 2024 02:30:21 GMT', 'Content-Type': 'application/json; charset=utf-8', 'Transfer-Encoding': 'chunked', 'Connection': 'keep-alive', 'X-Powered-By': 'Express', 'Access-Control-Allow-Origin': '*', 'Cache-Control': 'no-cache', 'ETag': 'W/"484-Q6Z4JzQQ+p2AZPqtkdLzZGvE6+o"', 'Vary': 'Accept-Encoding', 'Content-Encoding': 'gzip', 'CF-Cache-Status': 'DYNAMIC', 'Report-To': '{"endpoints":[{"url":"https:\\/\\/a.nel.cloudflare.com\\/report\\/v4?s=ewKS0QwBOgJ7NYY6pQCswjg8LP8419pu6yiLqJWp3ROoUJXiI8Y5wjm6se8tNSqKb7y%2F58Zo4qFyCOafBO77YeRCf7ChrxieIFAvt%2F5jcgFbfzYldyWdFFT7Ivmxg8kh"}],"group":"cf-nel","max_age":604800}', 'NEL': '{"success_fraction":0,"report_to":"cf-nel","max_age":604800}', 'Server': 'cloudflare', 'CF-RAY': '8968561ffe9d3955-IAD', 'alt-svc': 'h3=":443"; ma=86400'} 
 body={"results":[{"gender":"male","name":{"title":"Mr","first":"Jezdimir","last":"Mitrović"},"location":{"street":{"number":6855,"name":"Ace Nikolića"},"city":"Jagodina","state":"Srem","country":"Serbia","postcode":16834,"coordinates":{"latitude":"58.4401","longitude":"-113.7523"},"timezone":{"offset":"+7:00","description":"Bangkok, Hanoi, Jakarta"}},"email":"jezdimir.mitrovic@example.com","login":{"uuid":"56da04d1-c5ee-400d-a633-4e101cdbb745","username":"brownelephant335","password":"grizzly","salt":"Wt47dd25","md5":"0aa3246c5fece72921a7b61df72664f2","sha1":"45acedad3d6112152adda07ab7466a4d90e69cb8","sha256":"10b11b36a31f242dcc451c455e3dc6276b9a117b7ebb92a7cbe538e54a440de7"},"dob":{"date":"1997-01-02T23:38:05.287Z","age":27},"registered":{"date":"2004-05-22T14:36:51.238Z","age":20},"phone":"017-8674-233","cell":"060-8108-319","id":{"name":"SID","value":"506040885"},"picture":{"large":"https://randomuser.me/api/portraits/men/5.jpg","medium":"https://randomuser.me/api/portraits/med/men/5.jpg","thumbnail":"https://randomuser.me/api/portraits/thumb/men/5.jpg"},"nat":"RS"}],"info":{"seed":"af2ab39df0824253","results":1,"page":1,"version":"1.4"}} 
 </msg>
<msg time="2024-06-20T02:30:21.572875" level="INFO">/opt/hostedtoolcache/Python/3.12.4/x64/lib/python3.12/site-packages/urllib3/connectionpool.py:1099: InsecureRequestWarning: Unverified HTTPS request is being made to host 'randomuser.me'. Adding certificate verification is strongly advised. See: https://urllib3.readthedocs.io/en/latest/advanced-usage.html#tls-warnings
  warnings.warn(</msg>
<msg time="2024-06-20T02:30:21.573007" level="INFO">${response} = &lt;Response [200]&gt;</msg>
<var>${response}</var>
<arg>consultarAPI</arg>
<arg>/api</arg>
<doc>Sends a GET request on a previously created HTTP Session.</doc>
<status status="PASS" start="2024-06-20T02:30:21.433329" elapsed="0.139730"/>
</kw>
<kw name="Set Variable" owner="BuiltIn">
<msg time="2024-06-20T02:30:21.574130" level="INFO">${json_data} = {'results': [{'gender': 'male', 'name': {'title': 'Mr', 'first': 'Jezdimir', 'last': 'Mitrović'}, 'location': {'street': {'number': 6855, 'name': 'Ace Nikolića'}, 'city': 'Jagodina', 'state': 'Srem', ...</msg>
<var>${json_data}</var>
<arg>${response.json()}</arg>
<doc>Returns the given values which can then be assigned to a variables.</doc>
<status status="PASS" start="2024-06-20T02:30:21.573590" elapsed="0.000571"/>
</kw>
<kw name="Log" owner="BuiltIn">
<msg time="2024-06-20T02:30:21.574633" level="INFO">{'results': [{'gender': 'male', 'name': {'title': 'Mr', 'first': 'Jezdimir', 'last': 'Mitrović'}, 'location': {'street': {'number': 6855, 'name': 'Ace Nikolića'}, 'city': 'Jagodina', 'state': 'Srem', 'country': 'Serbia', 'postcode': 16834, 'coordinates': {'latitude': '58.4401', 'longitude': '-113.7523'}, 'timezone': {'offset': '+7:00', 'description': 'Bangkok, Hanoi, Jakarta'}}, 'email': 'jezdimir.mitrovic@example.com', 'login': {'uuid': '56da04d1-c5ee-400d-a633-4e101cdbb745', 'username': 'brownelephant335', 'password': 'grizzly', 'salt': 'Wt47dd25', 'md5': '0aa3246c5fece72921a7b61df72664f2', 'sha1': '45acedad3d6112152adda07ab7466a4d90e69cb8', 'sha256': '10b11b36a31f242dcc451c455e3dc6276b9a117b7ebb92a7cbe538e54a440de7'}, 'dob': {'date': '1997-01-02T23:38:05.287Z', 'age': 27}, 'registered': {'date': '2004-05-22T14:36:51.238Z', 'age': 20}, 'phone': '017-8674-233', 'cell': '060-8108-319', 'id': {'name': 'SID', 'value': '506040885'}, 'picture': {'large': 'https://randomuser.me/api/portraits/men/5.jpg', 'medium': 'https://randomuser.me/api/portraits/med/men/5.jpg', 'thumbnail': 'https://randomuser.me/api/portraits/thumb/men/5.jpg'}, 'nat': 'RS'}], 'info': {'seed': 'af2ab39df0824253', 'results': 1, 'page': 1, 'version': '1.4'}}</msg>
<arg>${json_data}</arg>
<doc>Logs the given message with the given level.</doc>
<status status="PASS" start="2024-06-20T02:30:21.574472" elapsed="0.000210"/>
</kw>
<kw name="Dictionary Should Contain Key" owner="Collections">
<arg>${json_data}</arg>
<arg>results</arg>
<doc>Fails if ``key`` is not found from ``dictionary``.</doc>
<status status="PASS" start="2024-06-20T02:30:21.574970" elapsed="0.000161"/>
</kw>
<kw name="Should Not Be Empty" owner="BuiltIn">
<msg time="2024-06-20T02:30:21.575477" level="INFO">Length is 2.</msg>
<arg>${json_data}</arg>
<doc>Verifies that the given item is not empty.</doc>
<status status="PASS" start="2024-06-20T02:30:21.575347" elapsed="0.000179"/>
</kw>
<kw name="Create List" owner="BuiltIn">
<msg time="2024-06-20T02:30:21.575961" level="INFO">${expected_keys} = ['gender', 'name', 'location', 'email', 'login']</msg>
<var>${expected_keys}</var>
<arg>gender</arg>
<arg>name</arg>
<arg>location</arg>
<arg>email</arg>
<arg>login</arg>
<doc>Returns a list containing given items.</doc>
<status status="PASS" start="2024-06-20T02:30:21.575816" elapsed="0.000169"/>
</kw>
<for flavor="IN">
<iter>
<kw name="Dictionary Should Contain Key" owner="Collections">
<arg>${json_data['results'][0]}</arg>
<arg>${key}</arg>
<doc>Fails if ``key`` is not found from ``dictionary``.</doc>
<status status="PASS" start="2024-06-20T02:30:21.576725" elapsed="0.000402"/>
</kw>
<kw name="Log" owner="BuiltIn">
<msg time="2024-06-20T02:30:21.577668" level="INFO">{'gender': 'male', 'name': {'title': 'Mr', 'first': 'Jezdimir', 'last': 'Mitrović'}, 'location': {'street': {'number': 6855, 'name': 'Ace Nikolića'}, 'city': 'Jagodina', 'state': 'Srem', 'country': 'Serbia', 'postcode': 16834, 'coordinates': {'latitude': '58.4401', 'longitude': '-113.7523'}, 'timezone': {'offset': '+7:00', 'description': 'Bangkok, Hanoi, Jakarta'}}, 'email': 'jezdimir.mitrovic@example.com', 'login': {'uuid': '56da04d1-c5ee-400d-a633-4e101cdbb745', 'username': 'brownelephant335', 'password': 'grizzly', 'salt': 'Wt47dd25', 'md5': '0aa3246c5fece72921a7b61df72664f2', 'sha1': '45acedad3d6112152adda07ab7466a4d90e69cb8', 'sha256': '10b11b36a31f242dcc451c455e3dc6276b9a117b7ebb92a7cbe538e54a440de7'}, 'dob': {'date': '1997-01-02T23:38:05.287Z', 'age': 27}, 'registered': {'date': '2004-05-22T14:36:51.238Z', 'age': 20}, 'phone': '017-8674-233', 'cell': '060-8108-319', 'id': {'name': 'SID', 'value': '506040885'}, 'picture': {'large': 'https://randomuser.me/api/portraits/men/5.jpg', 'medium': 'https://randomuser.me/api/portraits/med/men/5.jpg', 'thumbnail': 'https://randomuser.me/api/portraits/thumb/men/5.jpg'}, 'nat': 'RS'}</msg>
<arg>${json_data['results'][0]}</arg>
<doc>Logs the given message with the given level.</doc>
<status status="PASS" start="2024-06-20T02:30:21.577312" elapsed="0.000409"/>
</kw>
<kw name="Log" owner="BuiltIn">
<msg time="2024-06-20T02:30:21.578147" level="INFO">gender</msg>
<arg>${key}</arg>
<doc>Logs the given message with the given level.</doc>
<status status="PASS" start="2024-06-20T02:30:21.578020" elapsed="0.000165"/>
</kw>
<var name="${key}">gender</var>
<status status="PASS" start="2024-06-20T02:30:21.576597" elapsed="0.001801"/>
</iter>
<iter>
<kw name="Dictionary Should Contain Key" owner="Collections">
<arg>${json_data['results'][0]}</arg>
<arg>${key}</arg>
<doc>Fails if ``key`` is not found from ``dictionary``.</doc>
<status status="PASS" start="2024-06-20T02:30:21.578688" elapsed="0.000381"/>
</kw>
<kw name="Log" owner="BuiltIn">
<msg time="2024-06-20T02:30:21.579629" level="INFO">{'gender': 'male', 'name': {'title': 'Mr', 'first': 'Jezdimir', 'last': 'Mitrović'}, 'location': {'street': {'number': 6855, 'name': 'Ace Nikolića'}, 'city': 'Jagodina', 'state': 'Srem', 'country': 'Serbia', 'postcode': 16834, 'coordinates': {'latitude': '58.4401', 'longitude': '-113.7523'}, 'timezone': {'offset': '+7:00', 'description': 'Bangkok, Hanoi, Jakarta'}}, 'email': 'jezdimir.mitrovic@example.com', 'login': {'uuid': '56da04d1-c5ee-400d-a633-4e101cdbb745', 'username': 'brownelephant335', 'password': 'grizzly', 'salt': 'Wt47dd25', 'md5': '0aa3246c5fece72921a7b61df72664f2', 'sha1': '45acedad3d6112152adda07ab7466a4d90e69cb8', 'sha256': '10b11b36a31f242dcc451c455e3dc6276b9a117b7ebb92a7cbe538e54a440de7'}, 'dob': {'date': '1997-01-02T23:38:05.287Z', 'age': 27}, 'registered': {'date': '2004-05-22T14:36:51.238Z', 'age': 20}, 'phone': '017-8674-233', 'cell': '060-8108-319', 'id': {'name': 'SID', 'value': '506040885'}, 'picture': {'large': 'https://randomuser.me/api/portraits/men/5.jpg', 'medium': 'https://randomuser.me/api/portraits/med/men/5.jpg', 'thumbnail': 'https://randomuser.me/api/portraits/thumb/men/5.jpg'}, 'nat': 'RS'}</msg>
<arg>${json_data['results'][0]}</arg>
<doc>Logs the given message with the given level.</doc>
<status status="PASS" start="2024-06-20T02:30:21.579252" elapsed="0.000459"/>
</kw>
<kw name="Log" owner="BuiltIn">
<msg time="2024-06-20T02:30:21.580127" level="INFO">name</msg>
<arg>${key}</arg>
<doc>Logs the given message with the given level.</doc>
<status status="PASS" start="2024-06-20T02:30:21.580002" elapsed="0.000161"/>
</kw>
<var name="${key}">name</var>
<status status="PASS" start="2024-06-20T02:30:21.578580" elapsed="0.001793"/>
</iter>
<iter>
<kw name="Dictionary Should Contain Key" owner="Collections">
<arg>${json_data['results'][0]}</arg>
<arg>${key}</arg>
<doc>Fails if ``key`` is not found from ``dictionary``.</doc>
<status status="PASS" start="2024-06-20T02:30:21.580654" elapsed="0.000374"/>
</kw>
<kw name="Log" owner="BuiltIn">
<msg time="2024-06-20T02:30:21.581567" level="INFO">{'gender': 'male', 'name': {'title': 'Mr', 'first': 'Jezdimir', 'last': 'Mitrović'}, 'location': {'street': {'number': 6855, 'name': 'Ace Nikolića'}, 'city': 'Jagodina', 'state': 'Srem', 'country': 'Serbia', 'postcode': 16834, 'coordinates': {'latitude': '58.4401', 'longitude': '-113.7523'}, 'timezone': {'offset': '+7:00', 'description': 'Bangkok, Hanoi, Jakarta'}}, 'email': 'jezdimir.mitrovic@example.com', 'login': {'uuid': '56da04d1-c5ee-400d-a633-4e101cdbb745', 'username': 'brownelephant335', 'password': 'grizzly', 'salt': 'Wt47dd25', 'md5': '0aa3246c5fece72921a7b61df72664f2', 'sha1': '45acedad3d6112152adda07ab7466a4d90e69cb8', 'sha256': '10b11b36a31f242dcc451c455e3dc6276b9a117b7ebb92a7cbe538e54a440de7'}, 'dob': {'date': '1997-01-02T23:38:05.287Z', 'age': 27}, 'registered': {'date': '2004-05-22T14:36:51.238Z', 'age': 20}, 'phone': '017-8674-233', 'cell': '060-8108-319', 'id': {'name': 'SID', 'value': '506040885'}, 'picture': {'large': 'https://randomuser.me/api/portraits/men/5.jpg', 'medium': 'https://randomuser.me/api/portraits/med/men/5.jpg', 'thumbnail': 'https://randomuser.me/api/portraits/thumb/men/5.jpg'}, 'nat': 'RS'}</msg>
<arg>${json_data['results'][0]}</arg>
<doc>Logs the given message with the given level.</doc>
<status status="PASS" start="2024-06-20T02:30:21.581210" elapsed="0.000407"/>
</kw>
<kw name="Log" owner="BuiltIn">
<msg time="2024-06-20T02:30:21.582035" level="INFO">location</msg>
<arg>${key}</arg>
<doc>Logs the given message with the given level.</doc>
<status status="PASS" start="2024-06-20T02:30:21.581910" elapsed="0.000162"/>
</kw>
<var name="${key}">location</var>
<status status="PASS" start="2024-06-20T02:30:21.580547" elapsed="0.001740"/>
</iter>
<iter>
<kw name="Dictionary Should Contain Key" owner="Collections">
<arg>${json_data['results'][0]}</arg>
<arg>${key}</arg>
<doc>Fails if ``key`` is not found from ``dictionary``.</doc>
<status status="PASS" start="2024-06-20T02:30:21.582561" elapsed="0.000387"/>
</kw>
<kw name="Log" owner="BuiltIn">
<msg time="2024-06-20T02:30:21.583515" level="INFO">{'gender': 'male', 'name': {'title': 'Mr', 'first': 'Jezdimir', 'last': 'Mitrović'}, 'location': {'street': {'number': 6855, 'name': 'Ace Nikolića'}, 'city': 'Jagodina', 'state': 'Srem', 'country': 'Serbia', 'postcode': 16834, 'coordinates': {'latitude': '58.4401', 'longitude': '-113.7523'}, 'timezone': {'offset': '+7:00', 'description': 'Bangkok, Hanoi, Jakarta'}}, 'email': 'jezdimir.mitrovic@example.com', 'login': {'uuid': '56da04d1-c5ee-400d-a633-4e101cdbb745', 'username': 'brownelephant335', 'password': 'grizzly', 'salt': 'Wt47dd25', 'md5': '0aa3246c5fece72921a7b61df72664f2', 'sha1': '45acedad3d6112152adda07ab7466a4d90e69cb8', 'sha256': '10b11b36a31f242dcc451c455e3dc6276b9a117b7ebb92a7cbe538e54a440de7'}, 'dob': {'date': '1997-01-02T23:38:05.287Z', 'age': 27}, 'registered': {'date': '2004-05-22T14:36:51.238Z', 'age': 20}, 'phone': '017-8674-233', 'cell': '060-8108-319', 'id': {'name': 'SID', 'value': '506040885'}, 'picture': {'large': 'https://randomuser.me/api/portraits/men/5.jpg', 'medium': 'https://randomuser.me/api/portraits/med/men/5.jpg', 'thumbnail': 'https://randomuser.me/api/portraits/thumb/men/5.jpg'}, 'nat': 'RS'}</msg>
<arg>${json_data['results'][0]}</arg>
<doc>Logs the given message with the given level.</doc>
<status status="PASS" start="2024-06-20T02:30:21.583133" elapsed="0.000435"/>
</kw>
<kw name="Log" owner="BuiltIn">
<msg time="2024-06-20T02:30:21.583985" level="INFO">email</msg>
<arg>${key}</arg>
<doc>Logs the given message with the given level.</doc>
<status status="PASS" start="2024-06-20T02:30:21.583860" elapsed="0.000162"/>
</kw>
<var name="${key}">email</var>
<status status="PASS" start="2024-06-20T02:30:21.582455" elapsed="0.001776"/>
</iter>
<iter>
<kw name="Dictionary Should Contain Key" owner="Collections">
<arg>${json_data['results'][0]}</arg>
<arg>${key}</arg>
<doc>Fails if ``key`` is not found from ``dictionary``.</doc>
<status status="PASS" start="2024-06-20T02:30:21.584501" elapsed="0.000384"/>
</kw>
<kw name="Log" owner="BuiltIn">
<msg time="2024-06-20T02:30:21.585414" level="INFO">{'gender': 'male', 'name': {'title': 'Mr', 'first': 'Jezdimir', 'last': 'Mitrović'}, 'location': {'street': {'number': 6855, 'name': 'Ace Nikolića'}, 'city': 'Jagodina', 'state': 'Srem', 'country': 'Serbia', 'postcode': 16834, 'coordinates': {'latitude': '58.4401', 'longitude': '-113.7523'}, 'timezone': {'offset': '+7:00', 'description': 'Bangkok, Hanoi, Jakarta'}}, 'email': 'jezdimir.mitrovic@example.com', 'login': {'uuid': '56da04d1-c5ee-400d-a633-4e101cdbb745', 'username': 'brownelephant335', 'password': 'grizzly', 'salt': 'Wt47dd25', 'md5': '0aa3246c5fece72921a7b61df72664f2', 'sha1': '45acedad3d6112152adda07ab7466a4d90e69cb8', 'sha256': '10b11b36a31f242dcc451c455e3dc6276b9a117b7ebb92a7cbe538e54a440de7'}, 'dob': {'date': '1997-01-02T23:38:05.287Z', 'age': 27}, 'registered': {'date': '2004-05-22T14:36:51.238Z', 'age': 20}, 'phone': '017-8674-233', 'cell': '060-8108-319', 'id': {'name': 'SID', 'value': '506040885'}, 'picture': {'large': 'https://randomuser.me/api/portraits/men/5.jpg', 'medium': 'https://randomuser.me/api/portraits/med/men/5.jpg', 'thumbnail': 'https://randomuser.me/api/portraits/thumb/men/5.jpg'}, 'nat': 'RS'}</msg>
<arg>${json_data['results'][0]}</arg>
<doc>Logs the given message with the given level.</doc>
<status status="PASS" start="2024-06-20T02:30:21.585067" elapsed="0.000396"/>
</kw>
<kw name="Log" owner="BuiltIn">
<msg time="2024-06-20T02:30:21.585886" level="INFO">login</msg>
<arg>${key}</arg>
<doc>Logs the given message with the given level.</doc>
<status status="PASS" start="2024-06-20T02:30:21.585756" elapsed="0.000167"/>
</kw>
<var name="${key}">login</var>
<status status="PASS" start="2024-06-20T02:30:21.584398" elapsed="0.001736"/>
</iter>
<var>${key}</var>
<value>@{expected_keys}</value>
<status status="PASS" start="2024-06-20T02:30:21.576409" elapsed="0.009843"/>
</for>
<kw name="Create List" owner="BuiltIn">
<msg time="2024-06-20T02:30:21.586569" level="INFO">${expected_keysTwo} = ['username', 'password']</msg>
<var>${expected_keysTwo}</var>
<arg>username</arg>
<arg>password</arg>
<doc>Returns a list containing given items.</doc>
<status status="PASS" start="2024-06-20T02:30:21.586437" elapsed="0.000155"/>
</kw>
<for flavor="IN">
<iter>
<kw name="Dictionary Should Contain Key" owner="Collections">
<arg>${json_data['results'][0]['login']}</arg>
<arg>${keyTwo}</arg>
<doc>Fails if ``key`` is not found from ``dictionary``.</doc>
<status status="PASS" start="2024-06-20T02:30:21.587103" elapsed="0.000406"/>
</kw>
<kw name="Dictionary Should Contain Key" owner="Collections">
<arg>${json_data['results'][0]['login']}</arg>
<arg>${keyTwo}</arg>
<doc>Fails if ``key`` is not found from ``dictionary``.</doc>
<status status="PASS" start="2024-06-20T02:30:21.587691" elapsed="0.000376"/>
</kw>
<kw name="Log" owner="BuiltIn">
<msg time="2024-06-20T02:30:21.588362" level="INFO">username</msg>
<arg>${keyTwo}</arg>
<doc>Logs the given message with the given level.</doc>
<status status="PASS" start="2024-06-20T02:30:21.588244" elapsed="0.000155"/>
</kw>
<var name="${keyTwo}">username</var>
<status status="PASS" start="2024-06-20T02:30:21.586998" elapsed="0.001615"/>
</iter>
<iter>
<kw name="Dictionary Should Contain Key" owner="Collections">
<arg>${json_data['results'][0]['login']}</arg>
<arg>${keyTwo}</arg>
<doc>Fails if ``key`` is not found from ``dictionary``.</doc>
<status status="PASS" start="2024-06-20T02:30:21.588883" elapsed="0.000382"/>
</kw>
<kw name="Dictionary Should Contain Key" owner="Collections">
<arg>${json_data['results'][0]['login']}</arg>
<arg>${keyTwo}</arg>
<doc>Fails if ``key`` is not found from ``dictionary``.</doc>
<status status="PASS" start="2024-06-20T02:30:21.589443" elapsed="0.000381"/>
</kw>
<kw name="Log" owner="BuiltIn">
<msg time="2024-06-20T02:30:21.590123" level="INFO">password</msg>
<arg>${keyTwo}</arg>
<doc>Logs the given message with the given level.</doc>
<status status="PASS" start="2024-06-20T02:30:21.590004" elapsed="0.000155"/>
</kw>
<var name="${keyTwo}">password</var>
<status status="PASS" start="2024-06-20T02:30:21.588780" elapsed="0.001595"/>
</iter>
<var>${keyTwo}</var>
<value>@{expected_keysTwo}</value>
<status status="PASS" start="2024-06-20T02:30:21.586850" elapsed="0.003643"/>
</for>
<status status="PASS" start="2024-06-20T02:30:21.432994" elapsed="0.157636"/>
</kw>
<doc>Testa a estrutura da resposta da API.</doc>
<tag>testeEstruturaResposta</tag>
<status status="PASS" start="2024-06-20T02:30:21.432201" elapsed="0.158580"/>
</test>
<test id="s1-s1-t4" name="Validar tipos de dados" line="28">
<kw name="Teste de Tipos de Dados" owner="random-user-service">
<kw name="GET On Session" owner="RequestsLibrary">
<msg time="2024-06-20T02:30:21.628168" level="INFO">GET Request : url=https://randomuser.me/api 
 path_url=/api 
 headers={'User-Agent': 'python-requests/2.32.3', 'Accept-Encoding': 'gzip, deflate', 'Accept': '*/*', 'Connection': 'keep-alive'} 
 body=None 
 </msg>
<msg time="2024-06-20T02:30:21.628255" level="INFO">GET Response : url=https://randomuser.me/api 
 status=200, reason=OK 
 headers={'Date': 'Thu, 20 Jun 2024 02:30:21 GMT', 'Content-Type': 'application/json; charset=utf-8', 'Transfer-Encoding': 'chunked', 'Connection': 'keep-alive', 'X-Powered-By': 'Express', 'Access-Control-Allow-Origin': '*', 'Cache-Control': 'no-cache', 'ETag': 'W/"4ae-+QP5I8awfDxICQb8FOIjerkcIg4"', 'Vary': 'Accept-Encoding', 'Content-Encoding': 'gzip', 'CF-Cache-Status': 'DYNAMIC', 'Report-To': '{"endpoints":[{"url":"https:\\/\\/a.nel.cloudflare.com\\/report\\/v4?s=9Yqc8zAmK1jrfqErC5%2FIooPoCTp2ePb6RnCtx49RfkkcLxx4ZT854Of9oNqqip3FcTbi8omEMnJot%2BKQxQNC4ZfZLvjnSfpnXRoxEyKPWMxJAh8rvNwEVlA3LtdRrGzn"}],"group":"cf-nel","max_age":604800}', 'NEL': '{"success_fraction":0,"report_to":"cf-nel","max_age":604800}', 'Server': 'cloudflare', 'CF-RAY': '89685620ffde3955-IAD', 'alt-svc': 'h3=":443"; ma=86400'} 
 body={"results":[{"gender":"male","name":{"title":"Monsieur","first":"Siegfried","last":"Denis"},"location":{"street":{"number":7055,"name":"Montée Saint-Barthélémy"},"city":"Grub (Ar)","state":"Uri","country":"Switzerland","postcode":8144,"coordinates":{"latitude":"-64.1407","longitude":"-173.5617"},"timezone":{"offset":"+1:00","description":"Brussels, Copenhagen, Madrid, Paris"}},"email":"siegfried.denis@example.com","login":{"uuid":"e37b35d1-a9b3-45a6-bfdc-b97dc2d60111","username":"ticklishrabbit747","password":"vvvvv","salt":"OMSouQz9","md5":"8985ab6dad9b287661ddd1cdbd16ef85","sha1":"c8c98fd810bc8e1ea0d4bfaeff1128598d067298","sha256":"1fe1b2292817f5d23ff2f4c14846f42e6330e4557b6f0e2f1ec19dbec2d36462"},"dob":{"date":"1977-02-24T11:05:33.535Z","age":47},"registered":{"date":"2012-03-13T09:29:08.278Z","age":12},"phone":"075 840 00 01","cell":"077 202 11 15","id":{"name":"AVS","value":"756.2407.1168.47"},"picture":{"large":"https://randomuser.me/api/portraits/men/82.jpg","medium":"https://randomuser.me/api/portraits/med/men/82.jpg","thumbnail":"https://randomuser.me/api/portraits/thumb/men/82.jpg"},"nat":"CH"}],"info":{"seed":"86dcbfa2d7136981","results":1,"page":1,"version":"1.4"}} 
 </msg>
<msg time="2024-06-20T02:30:21.628320" level="INFO">/opt/hostedtoolcache/Python/3.12.4/x64/lib/python3.12/site-packages/urllib3/connectionpool.py:1099: InsecureRequestWarning: Unverified HTTPS request is being made to host 'randomuser.me'. Adding certificate verification is strongly advised. See: https://urllib3.readthedocs.io/en/latest/advanced-usage.html#tls-warnings
  warnings.warn(</msg>
<msg time="2024-06-20T02:30:21.628436" level="INFO">${response} = &lt;Response [200]&gt;</msg>
<var>${response}</var>
<arg>consultarAPI</arg>
<arg>/api</arg>
<doc>Sends a GET request on a previously created HTTP Session.</doc>
<status status="PASS" start="2024-06-20T02:30:21.593436" elapsed="0.035045"/>
</kw>
<kw name="Set Variable" owner="BuiltIn">
<msg time="2024-06-20T02:30:21.629594" level="INFO">${json_data} = {'results': [{'gender': 'male', 'name': {'title': 'Monsieur', 'first': 'Siegfried', 'last': 'Denis'}, 'location': {'street': {'number': 7055, 'name': 'Montée Saint-Barthélémy'}, 'city': 'Grub (Ar)', '...</msg>
<var>${json_data}</var>
<arg>${response.json()}</arg>
<doc>Returns the given values which can then be assigned to a variables.</doc>
<status status="PASS" start="2024-06-20T02:30:21.629046" elapsed="0.000578"/>
</kw>
<kw name="Log" owner="BuiltIn">
<msg time="2024-06-20T02:30:21.630103" level="INFO">{'results': [{'gender': 'male', 'name': {'title': 'Monsieur', 'first': 'Siegfried', 'last': 'Denis'}, 'location': {'street': {'number': 7055, 'name': 'Montée Saint-Barthélémy'}, 'city': 'Grub (Ar)', 'state': 'Uri', 'country': 'Switzerland', 'postcode': 8144, 'coordinates': {'latitude': '-64.1407', 'longitude': '-173.5617'}, 'timezone': {'offset': '+1:00', 'description': 'Brussels, Copenhagen, Madrid, Paris'}}, 'email': 'siegfried.denis@example.com', 'login': {'uuid': 'e37b35d1-a9b3-45a6-bfdc-b97dc2d60111', 'username': 'ticklishrabbit747', 'password': 'vvvvv', 'salt': 'OMSouQz9', 'md5': '8985ab6dad9b287661ddd1cdbd16ef85', 'sha1': 'c8c98fd810bc8e1ea0d4bfaeff1128598d067298', 'sha256': '1fe1b2292817f5d23ff2f4c14846f42e6330e4557b6f0e2f1ec19dbec2d36462'}, 'dob': {'date': '1977-02-24T11:05:33.535Z', 'age': 47}, 'registered': {'date': '2012-03-13T09:29:08.278Z', 'age': 12}, 'phone': '075 840 00 01', 'cell': '077 202 11 15', 'id': {'name': 'AVS', 'value': '756.2407.1168.47'}, 'picture': {'large': 'https://randomuser.me/api/portraits/men/82.jpg', 'medium': 'https://randomuser.me/api/portraits/med/men/82.jpg', 'thumbnail': 'https://randomuser.me/api/portraits/thumb/men/82.jpg'}, 'nat': 'CH'}], 'info': {'seed': '86dcbfa2d7136981', 'results': 1, 'page': 1, 'version': '1.4'}}</msg>
<arg>${json_data}</arg>
<doc>Logs the given message with the given level.</doc>
<status status="PASS" start="2024-06-20T02:30:21.629940" elapsed="0.000212"/>
</kw>
<kw name="Should Be String" owner="String">
<arg>${json_data['results'][0]['gender']}</arg>
<doc>Fails if the given ``item`` is not a string.</doc>
<status status="PASS" start="2024-06-20T02:30:21.630447" elapsed="0.000366"/>
</kw>
<kw name="Should Match Regexp" owner="BuiltIn">
<arg>${json_data['results'][0]['email']}</arg>
<arg>^[a-zA-Z0-9._%+-]+@[a-zA-Z0-9.-]+\.[a-zA-Z]{2,}$</arg>
<doc>Fails if ``string`` does not match ``pattern`` as a regular expression.</doc>
<status status="PASS" start="2024-06-20T02:30:21.631001" elapsed="0.000564"/>
</kw>
<kw name="Should Match Regexp" owner="BuiltIn">
<arg>${json_data['results'][0]['dob']['date']}</arg>
<arg>\\d{4}-\\d{2}-\\d{2}T\\d{2}:\\d{2}:\\d{2}\\.\\d{3}Z</arg>
<doc>Fails if ``string`` does not match ``pattern`` as a regular expression.</doc>
<status status="PASS" start="2024-06-20T02:30:21.631801" elapsed="0.000491"/>
</kw>
<kw name="Should Match Regexp" owner="BuiltIn">
<arg>${json_data['results'][0]['registered']['date']}</arg>
<arg>\\d{4}-\\d{2}-\\d{2}T\\d{2}:\\d{2}:\\d{2}\\.\\d{3}Z</arg>
<doc>Fails if ``string`` does not match ``pattern`` as a regular expression.</doc>
<status status="PASS" start="2024-06-20T02:30:21.632483" elapsed="0.000367"/>
</kw>
<kw name="Should Match Regexp" owner="BuiltIn">
<arg>${json_data['results'][0]['picture']['large']}</arg>
<arg>^https?://.*\.(?:png|jpe?g|gif|bmp)$</arg>
<doc>Fails if ``string`` does not match ``pattern`` as a regular expression.</doc>
<status status="PASS" start="2024-06-20T02:30:21.633036" elapsed="0.000529"/>
</kw>
<kw name="Should Match Regexp" owner="BuiltIn">
<arg>${json_data['results'][0]['picture']['medium']}</arg>
<arg>^https?://.*\.(?:png|jpe?g|gif|bmp)$</arg>
<doc>Fails if ``string`` does not match ``pattern`` as a regular expression.</doc>
<status status="PASS" start="2024-06-20T02:30:21.633850" elapsed="0.000563"/>
</kw>
<kw name="Should Match Regexp" owner="BuiltIn">
<arg>${json_data['results'][0]['picture']['thumbnail']}</arg>
<arg>^https?://.*\.(?:png|jpe?g|gif|bmp)$</arg>
<doc>Fails if ``string`` does not match ``pattern`` as a regular expression.</doc>
<status status="PASS" start="2024-06-20T02:30:21.634717" elapsed="0.000437"/>
</kw>
<kw name="Log" owner="BuiltIn">
<msg time="2024-06-20T02:30:21.635714" level="INFO">{'large': 'https://randomuser.me/api/portraits/men/82.jpg', 'medium': 'https://randomuser.me/api/portraits/med/men/82.jpg', 'thumbnail': 'https://randomuser.me/api/portraits/thumb/men/82.jpg'}</msg>
<arg>${json_data['results'][0]['picture']}</arg>
<doc>Logs the given message with the given level.</doc>
<status status="PASS" start="2024-06-20T02:30:21.635375" elapsed="0.000383"/>
</kw>
<status status="PASS" start="2024-06-20T02:30:21.593212" elapsed="0.042817"/>
</kw>
<kw name="Teste de Tipos de Dados - Postcode" owner="random-user-service">
<kw name="GET On Session" owner="RequestsLibrary">
<msg time="2024-06-20T02:30:21.729942" level="INFO">GET Request : url=https://randomuser.me/api 
 path_url=/api 
 headers={'User-Agent': 'python-requests/2.32.3', 'Accept-Encoding': 'gzip, deflate', 'Accept': '*/*', 'Connection': 'keep-alive'} 
 body=None 
 </msg>
<msg time="2024-06-20T02:30:21.730054" level="INFO">GET Response : url=https://randomuser.me/api 
 status=200, reason=OK 
 headers={'Date': 'Thu, 20 Jun 2024 02:30:21 GMT', 'Content-Type': 'application/json; charset=utf-8', 'Transfer-Encoding': 'chunked', 'Connection': 'keep-alive', 'X-Powered-By': 'Express', 'Access-Control-Allow-Origin': '*', 'Cache-Control': 'no-cache', 'ETag': 'W/"492-2Jh0BKeIHQUrcspI4N6Jm5QjQjs"', 'Vary': 'Accept-Encoding', 'Content-Encoding': 'gzip', 'CF-Cache-Status': 'DYNAMIC', 'Report-To': '{"endpoints":[{"url":"https:\\/\\/a.nel.cloudflare.com\\/report\\/v4?s=9vNWH0reqMVt56gMsA%2F2KNtvJpxnBRFbGkUvF42R0xnYbaEs%2Fb4y1zI8xKME1vORPJlNXwPVDxqeCIQxLtUIY3Q2U8csbuCAIFPAua0wunNHZVcWBvxW1k0E2m2M6Foo"}],"group":"cf-nel","max_age":604800}', 'NEL': '{"success_fraction":0,"report_to":"cf-nel","max_age":604800}', 'Server': 'cloudflare', 'CF-RAY': '89685621382e3955-IAD', 'alt-svc': 'h3=":443"; ma=86400'} 
 body={"results":[{"gender":"male","name":{"title":"Mr","first":"Mario","last":"Barnes"},"location":{"street":{"number":7177,"name":"First Street"},"city":"Mesa","state":"Tennessee","country":"United States","postcode":49731,"coordinates":{"latitude":"88.4150","longitude":"-84.1502"},"timezone":{"offset":"+11:00","description":"Magadan, Solomon Islands, New Caledonia"}},"email":"mario.barnes@example.com","login":{"uuid":"a0fb48d7-6f08-495b-a721-640e8b2b8778","username":"bluecat446","password":"jasmin","salt":"A8dIJvT4","md5":"16844d541288d4e6814c12dec5a4a736","sha1":"be4bcb719cd85d355e6030544e49f632b90f93b4","sha256":"a9018ceea6e672c71e2cfaa7db4559330f74a9c98a3d2214b93c925c680c4c4c"},"dob":{"date":"1960-11-04T09:07:51.665Z","age":63},"registered":{"date":"2002-09-26T19:27:43.998Z","age":21},"phone":"(671) 754-4574","cell":"(914) 206-2398","id":{"name":"SSN","value":"621-12-0070"},"picture":{"large":"https://randomuser.me/api/portraits/men/88.jpg","medium":"https://randomuser.me/api/portraits/med/men/88.jpg","thumbnail":"https://randomuser.me/api/portraits/thumb/men/88.jpg"},"nat":"US"}],"info":{"seed":"b1c5aab8dc9e5d30","results":1,"page":1,"version":"1.4"}} 
 </msg>
<msg time="2024-06-20T02:30:21.730136" level="INFO">/opt/hostedtoolcache/Python/3.12.4/x64/lib/python3.12/site-packages/urllib3/connectionpool.py:1099: InsecureRequestWarning: Unverified HTTPS request is being made to host 'randomuser.me'. Adding certificate verification is strongly advised. See: https://urllib3.readthedocs.io/en/latest/advanced-usage.html#tls-warnings
  warnings.warn(</msg>
<msg time="2024-06-20T02:30:21.730284" level="INFO">${response} = &lt;Response [200]&gt;</msg>
<var>${response}</var>
<arg>consultarAPI</arg>
<arg>/api</arg>
<doc>Sends a GET request on a previously created HTTP Session.</doc>
<status status="PASS" start="2024-06-20T02:30:21.636484" elapsed="0.093849"/>
</kw>
<kw name="Set Variable" owner="BuiltIn">
<msg time="2024-06-20T02:30:21.731569" level="INFO">${json_data} = {'results': [{'gender': 'male', 'name': {'title': 'Mr', 'first': 'Mario', 'last': 'Barnes'}, 'location': {'street': {'number': 7177, 'name': 'First Street'}, 'city': 'Mesa', 'state': 'Tennessee', 'cou...</msg>
<var>${json_data}</var>
<arg>${response.json()}</arg>
<doc>Returns the given values which can then be assigned to a variables.</doc>
<status status="PASS" start="2024-06-20T02:30:21.730958" elapsed="0.000639"/>
</kw>
<kw name="Log" owner="BuiltIn">
<msg time="2024-06-20T02:30:21.732059" level="INFO">{'results': [{'gender': 'male', 'name': {'title': 'Mr', 'first': 'Mario', 'last': 'Barnes'}, 'location': {'street': {'number': 7177, 'name': 'First Street'}, 'city': 'Mesa', 'state': 'Tennessee', 'country': 'United States', 'postcode': 49731, 'coordinates': {'latitude': '88.4150', 'longitude': '-84.1502'}, 'timezone': {'offset': '+11:00', 'description': 'Magadan, Solomon Islands, New Caledonia'}}, 'email': 'mario.barnes@example.com', 'login': {'uuid': 'a0fb48d7-6f08-495b-a721-640e8b2b8778', 'username': 'bluecat446', 'password': 'jasmin', 'salt': 'A8dIJvT4', 'md5': '16844d541288d4e6814c12dec5a4a736', 'sha1': 'be4bcb719cd85d355e6030544e49f632b90f93b4', 'sha256': 'a9018ceea6e672c71e2cfaa7db4559330f74a9c98a3d2214b93c925c680c4c4c'}, 'dob': {'date': '1960-11-04T09:07:51.665Z', 'age': 63}, 'registered': {'date': '2002-09-26T19:27:43.998Z', 'age': 21}, 'phone': '(671) 754-4574', 'cell': '(914) 206-2398', 'id': {'name': 'SSN', 'value': '621-12-0070'}, 'picture': {'large': 'https://randomuser.me/api/portraits/men/88.jpg', 'medium': 'https://randomuser.me/api/portraits/med/men/88.jpg', 'thumbnail': 'https://randomuser.me/api/portraits/thumb/men/88.jpg'}, 'nat': 'US'}], 'info': {'seed': 'b1c5aab8dc9e5d30', 'results': 1, 'page': 1, 'version': '1.4'}}</msg>
<arg>${json_data}</arg>
<doc>Logs the given message with the given level.</doc>
<status status="PASS" start="2024-06-20T02:30:21.731907" elapsed="0.000200"/>
</kw>
<kw name="Should Be Equal As Numbers" owner="BuiltIn">
<arg>${json_data['results'][0]['location']['postcode']}</arg>
<arg>${json_data['results'][0]['location']['postcode']}</arg>
<doc>Fails if objects are unequal after converting them to real numbers.</doc>
<status status="PASS" start="2024-06-20T02:30:21.732398" elapsed="0.000620"/>
</kw>
<kw name="Log" owner="BuiltIn">
<msg time="2024-06-20T02:30:21.733548" level="INFO">49731</msg>
<arg>${json_data['results'][0]['location']['postcode']}</arg>
<doc>Logs the given message with the given level.</doc>
<status status="PASS" start="2024-06-20T02:30:21.733211" elapsed="0.000378"/>
</kw>
<status status="PASS" start="2024-06-20T02:30:21.636256" elapsed="0.097619"/>
</kw>
<doc>Testa se os tipos de dados na resposta da API estão corretos.</doc>
<tag>testeTiposDados</tag>
<status status="PASS" start="2024-06-20T02:30:21.592548" elapsed="0.141500"/>
</test>
<test id="s1-s1-t5" name="Validar conteudo" line="35">
<kw name="Teste de Tipos de Conteudo" owner="random-user-service">
<kw name="GET On Session" owner="RequestsLibrary">
<msg time="2024-06-20T02:30:21.842766" level="INFO">GET Request : url=https://randomuser.me/api 
 path_url=/api 
 headers={'User-Agent': 'python-requests/2.32.3', 'Accept-Encoding': 'gzip, deflate', 'Accept': '*/*', 'Connection': 'keep-alive'} 
 body=None 
 </msg>
<msg time="2024-06-20T02:30:21.842852" level="INFO">GET Response : url=https://randomuser.me/api 
 status=200, reason=OK 
 headers={'Date': 'Thu, 20 Jun 2024 02:30:21 GMT', 'Content-Type': 'application/json; charset=utf-8', 'Transfer-Encoding': 'chunked', 'Connection': 'keep-alive', 'X-Powered-By': 'Express', 'Access-Control-Allow-Origin': '*', 'Cache-Control': 'no-cache', 'ETag': 'W/"4a4-NNMVqEOd1sEwZlasSoru5bg66CI"', 'Vary': 'Accept-Encoding', 'Content-Encoding': 'gzip', 'CF-Cache-Status': 'DYNAMIC', 'Report-To': '{"endpoints":[{"url":"https:\\/\\/a.nel.cloudflare.com\\/report\\/v4?s=6plHdsgt0RRGn0uaFvh1n2NLiWIbWStVMlKAzQWX61qYoqLoOyhoM8NIqeIAgzUMS%2F%2Bj1dvQkxE3G2EY0QnWKJgY5I0kU41idgQ4KtAAsT0WhLhObEbkG0jo02o5%2BudE"}],"group":"cf-nel","max_age":604800}', 'NEL': '{"success_fraction":0,"report_to":"cf-nel","max_age":604800}', 'Server': 'cloudflare', 'CF-RAY': '89685621d8da3955-IAD', 'alt-svc': 'h3=":443"; ma=86400'} 
 body={"results":[{"gender":"female","name":{"title":"Ms","first":"پارمیس","last":"سلطانی نژاد"},"location":{"street":{"number":7752,"name":"فاطمی"},"city":"شهریار","state":"سمنان","country":"Iran","postcode":39669,"coordinates":{"latitude":"15.2563","longitude":"134.3783"},"timezone":{"offset":"-4:00","description":"Atlantic Time (Canada), Caracas, La Paz"}},"email":"prmys.sltnynjd@example.com","login":{"uuid":"d5a4c896-54dd-4abe-8c63-3b3492e59632","username":"brownduck766","password":"genesis1","salt":"qYZPR4aX","md5":"5985185c685bbe7edd301ca5f390dd9b","sha1":"b634f087ddbfd5a38dfcc0b15bd8562cf51a0829","sha256":"09666c94da98d62eacc71d6c1a7db682f6ca7978282187dfbd8c60340aa73034"},"dob":{"date":"1958-01-21T13:43:06.941Z","age":66},"registered":{"date":"2007-06-11T10:43:36.165Z","age":17},"phone":"019-35321235","cell":"0905-792-0239","id":{"name":"","value":null},"picture":{"large":"https://randomuser.me/api/portraits/women/59.jpg","medium":"https://randomuser.me/api/portraits/med/women/59.jpg","thumbnail":"https://randomuser.me/api/portraits/thumb/women/59.jpg"},"nat":"IR"}],"info":{"seed":"87bbbd10f7bbba0b","results":1,"page":1,"version":"1.4"}} 
 </msg>
<msg time="2024-06-20T02:30:21.842938" level="INFO">/opt/hostedtoolcache/Python/3.12.4/x64/lib/python3.12/site-packages/urllib3/connectionpool.py:1099: InsecureRequestWarning: Unverified HTTPS request is being made to host 'randomuser.me'. Adding certificate verification is strongly advised. See: https://urllib3.readthedocs.io/en/latest/advanced-usage.html#tls-warnings
  warnings.warn(</msg>
<msg time="2024-06-20T02:30:21.843052" level="INFO">${response} = &lt;Response [200]&gt;</msg>
<var>${response}</var>
<arg>consultarAPI</arg>
<arg>/api</arg>
<doc>Sends a GET request on a previously created HTTP Session.</doc>
<status status="PASS" start="2024-06-20T02:30:21.736802" elapsed="0.106290"/>
</kw>
<kw name="Set Variable" owner="BuiltIn">
<msg time="2024-06-20T02:30:21.844222" level="INFO">${json_data} = {'results': [{'gender': 'female', 'name': {'title': 'Ms', 'first': 'پارمیس', 'last': 'سلطانی نژاد'}, 'location': {'street': {'number': 7752, 'name': 'فاطمی'}, 'city': 'شهریار', 'state': 'سمنان', 'coun...</msg>
<var>${json_data}</var>
<arg>${response.json()}</arg>
<doc>Returns the given values which can then be assigned to a variables.</doc>
<status status="PASS" start="2024-06-20T02:30:21.843685" elapsed="0.000568"/>
</kw>
<kw name="Set Variable" owner="BuiltIn">
<msg time="2024-06-20T02:30:21.844933" level="INFO">${name_title} = Ms</msg>
<var>${name_title}</var>
<arg>${json_data["results"][0]["name"]["title"]}</arg>
<doc>Returns the given values which can then be assigned to a variables.</doc>
<status status="PASS" start="2024-06-20T02:30:21.844557" elapsed="0.000400"/>
</kw>
<kw name="Create List" owner="BuiltIn">
<msg time="2024-06-20T02:30:21.845394" level="INFO">${allowed_titles} = ['Mr', 'Ms', 'Miss', 'Mrs', 'Madame', 'Monsieur']</msg>
<var>${allowed_titles}</var>
<arg>Mr</arg>
<arg>Ms</arg>
<arg>Miss</arg>
<arg>Mrs</arg>
<arg>Madame</arg>
<arg>Monsieur</arg>
<doc>Returns a list containing given items.</doc>
<status status="PASS" start="2024-06-20T02:30:21.845247" elapsed="0.000170"/>
</kw>
<kw name="List Should Contain Value" owner="Collections">
<arg>${allowed_titles}</arg>
<arg>${name_title}</arg>
<doc>Fails if the ``value`` is not found from ``list``.</doc>
<status status="PASS" start="2024-06-20T02:30:21.845710" elapsed="0.000176"/>
</kw>
<kw name="Set Variable" owner="BuiltIn">
<msg time="2024-06-20T02:30:21.846426" level="INFO">${name_country} = IR</msg>
<var>${name_country}</var>
<arg>${json_data["results"][0]["nat"]}</arg>
<doc>Returns the given values which can then be assigned to a variables.</doc>
<status status="PASS" start="2024-06-20T02:30:21.846063" elapsed="0.000388"/>
</kw>
<kw name="Create List" owner="BuiltIn">
<msg time="2024-06-20T02:30:21.847359" level="INFO">${list_country} = ['AD', 'AE', 'AF', 'AG', 'AI', 'AL', 'AM', 'AO', 'AQ', 'AR', 'AS', 'AT', 'AU', 'AW', 'AX', 'AZ', 'BA', 'BB', 'BD', 'BE', 'BF', 'BG', 'BH', 'BI', 'BJ', 'BL', 'BM', 'BN', 'BO', 'BQ', 'BR', 'BS', 'BT', '...</msg>
<var>${list_country}</var>
<arg>AD</arg>
<arg>AE</arg>
<arg>AF</arg>
<arg>AG</arg>
<arg>AI</arg>
<arg>AL</arg>
<arg>AM</arg>
<arg>AO</arg>
<arg>AQ</arg>
<arg>AR</arg>
<arg>AS</arg>
<arg>AT</arg>
<arg>AU</arg>
<arg>AW</arg>
<arg>AX</arg>
<arg>AZ</arg>
<arg>BA</arg>
<arg>BB</arg>
<arg>BD</arg>
<arg>BE</arg>
<arg>BF</arg>
<arg>BG</arg>
<arg>BH</arg>
<arg>BI</arg>
<arg>BJ</arg>
<arg>BL</arg>
<arg>BM</arg>
<arg>BN</arg>
<arg>BO</arg>
<arg>BQ</arg>
<arg>BR</arg>
<arg>BS</arg>
<arg>BT</arg>
<arg>BV</arg>
<arg>BW</arg>
<arg>BY</arg>
<arg>BZ</arg>
<arg>CA</arg>
<arg>CC</arg>
<arg>CD</arg>
<arg>CF</arg>
<arg>CG</arg>
<arg>CH</arg>
<arg>CI</arg>
<arg>CK</arg>
<arg>CL</arg>
<arg>CM</arg>
<arg>CN</arg>
<arg>CO</arg>
<arg>CR</arg>
<arg>CU</arg>
<arg>CV</arg>
<arg>CW</arg>
<arg>CX</arg>
<arg>CY</arg>
<arg>CZ</arg>
<arg>DE</arg>
<arg>DJ</arg>
<arg>DK</arg>
<arg>DM</arg>
<arg>DO</arg>
<arg>DZ</arg>
<arg>EC</arg>
<arg>EE</arg>
<arg>EG</arg>
<arg>EH</arg>
<arg>ER</arg>
<arg>ES</arg>
<arg>ET</arg>
<arg>FI</arg>
<arg>FJ</arg>
<arg>FK</arg>
<arg>FM</arg>
<arg>FO</arg>
<arg>FR</arg>
<arg>GA</arg>
<arg>GB</arg>
<arg>GD</arg>
<arg>GE</arg>
<arg>GF</arg>
<arg>GG</arg>
<arg>GH</arg>
<arg>GI</arg>
<arg>GL</arg>
<arg>GM</arg>
<arg>GN</arg>
<arg>GP</arg>
<arg>GQ</arg>
<arg>GR</arg>
<arg>GS</arg>
<arg>GT</arg>
<arg>GU</arg>
<arg>GW</arg>
<arg>GY</arg>
<arg>HK</arg>
<arg>HM</arg>
<arg>HN</arg>
<arg>HR</arg>
<arg>HT</arg>
<arg>HU</arg>
<arg>ID</arg>
<arg>IE</arg>
<arg>IL</arg>
<arg>IM</arg>
<arg>IN</arg>
<arg>IO</arg>
<arg>IQ</arg>
<arg>IR</arg>
<arg>IS</arg>
<arg>IT</arg>
<arg>JE</arg>
<arg>JM</arg>
<arg>JO</arg>
<arg>JP</arg>
<arg>KE</arg>
<arg>KG</arg>
<arg>KH</arg>
<arg>KI</arg>
<arg>KM</arg>
<arg>KN</arg>
<arg>KP</arg>
<arg>KR</arg>
<arg>KW</arg>
<arg>KY</arg>
<arg>KZ</arg>
<arg>LA</arg>
<arg>LB</arg>
<arg>LC</arg>
<arg>LI</arg>
<arg>LK</arg>
<arg>LR</arg>
<arg>LS</arg>
<arg>LT</arg>
<arg>LU</arg>
<arg>LV</arg>
<arg>LY</arg>
<arg>MA</arg>
<arg>MC</arg>
<arg>MD</arg>
<arg>ME</arg>
<arg>MF</arg>
<arg>MG</arg>
<arg>MH</arg>
<arg>MK</arg>
<arg>ML</arg>
<arg>MM</arg>
<arg>MN</arg>
<arg>MO</arg>
<arg>MP</arg>
<arg>MQ</arg>
<arg>MR</arg>
<arg>MS</arg>
<arg>MT</arg>
<arg>MU</arg>
<arg>MV</arg>
<arg>MW</arg>
<arg>MX</arg>
<arg>MY</arg>
<arg>MZ</arg>
<arg>NA</arg>
<arg>NC</arg>
<arg>NE</arg>
<arg>NF</arg>
<arg>NG</arg>
<arg>NI</arg>
<arg>NL</arg>
<arg>NO</arg>
<arg>NP</arg>
<arg>NR</arg>
<arg>NU</arg>
<arg>NZ</arg>
<arg>OM</arg>
<arg>PA</arg>
<arg>PE</arg>
<arg>PF</arg>
<arg>PG</arg>
<arg>PH</arg>
<arg>PK</arg>
<arg>PL</arg>
<arg>PM</arg>
<arg>PN</arg>
<arg>PR</arg>
<arg>PS</arg>
<arg>PT</arg>
<arg>PW</arg>
<arg>PY</arg>
<arg>QA</arg>
<arg>RE</arg>
<arg>RO</arg>
<arg>RS</arg>
<arg>RU</arg>
<arg>RW</arg>
<arg>SA</arg>
<arg>SB</arg>
<arg>SC</arg>
<arg>SD</arg>
<arg>SE</arg>
<arg>SG</arg>
<arg>SH</arg>
<arg>SI</arg>
<arg>SJ</arg>
<arg>SK</arg>
<arg>SL</arg>
<arg>SM</arg>
<arg>SN</arg>
<arg>SO</arg>
<arg>SR</arg>
<arg>SS</arg>
<arg>ST</arg>
<arg>SV</arg>
<arg>SX</arg>
<arg>SY</arg>
<arg>SZ</arg>
<arg>TC</arg>
<arg>TD</arg>
<arg>TF</arg>
<arg>TG</arg>
<arg>TH</arg>
<arg>TJ</arg>
<arg>TK</arg>
<arg>TL</arg>
<arg>TM</arg>
<arg>TN</arg>
<arg>TO</arg>
<arg>TR</arg>
<arg>TT</arg>
<arg>TV</arg>
<arg>TW</arg>
<arg>TZ</arg>
<arg>UA</arg>
<arg>UG</arg>
<arg>UM</arg>
<arg>US</arg>
<arg>UY</arg>
<arg>UZ</arg>
<arg>VA</arg>
<arg>VC</arg>
<arg>VE</arg>
<arg>VG</arg>
<arg>VI</arg>
<arg>VN</arg>
<arg>VU</arg>
<arg>WF</arg>
<arg>WS</arg>
<arg>XK</arg>
<arg>YE</arg>
<arg>YT</arg>
<arg>ZA</arg>
<arg>ZM</arg>
<arg>ZW</arg>
<doc>Returns a list containing given items.</doc>
<status status="PASS" start="2024-06-20T02:30:21.846739" elapsed="0.000646"/>
</kw>
<kw name="List Should Contain Value" owner="Collections">
<arg>${list_country}</arg>
<arg>${name_country}</arg>
<doc>Fails if the ``value`` is not found from ``list``.</doc>
<status status="PASS" start="2024-06-20T02:30:21.848177" elapsed="0.000201"/>
</kw>
<kw name="Run Keyword If" owner="BuiltIn">
<kw name="Should Be True" owner="BuiltIn">
<arg>${True}</arg>
<doc>Fails if the given condition is not true.</doc>
<status status="PASS" start="2024-06-20T02:30:21.849308" elapsed="0.000139"/>
</kw>
<arg>${json_data["results"][0]["location"]["coordinates"]["latitude"]} &gt;= -90 and ${json_data["results"][0]["location"]["coordinates"]["latitude"]} &lt;= 90</arg>
<arg>Should Be True</arg>
<arg>${True}</arg>
<doc>Runs the given keyword with the given arguments, if ``condition`` is true.</doc>
<status status="PASS" start="2024-06-20T02:30:21.848569" elapsed="0.001005"/>
</kw>
<kw name="Run Keyword If" owner="BuiltIn">
<kw name="Should Be True" owner="BuiltIn">
<arg>${True}</arg>
<doc>Fails if the given condition is not true.</doc>
<status status="PASS" start="2024-06-20T02:30:21.850430" elapsed="0.000132"/>
</kw>
<arg>${json_data["results"][0]["location"]["coordinates"]["longitude"]} &gt;= -180 and ${json_data["results"][0]["location"]["coordinates"]["longitude"]} &lt;= 180</arg>
<arg>Should Be True</arg>
<arg>${True}</arg>
<doc>Runs the given keyword with the given arguments, if ``condition`` is true.</doc>
<status status="PASS" start="2024-06-20T02:30:21.849752" elapsed="0.000934"/>
</kw>
<status status="PASS" start="2024-06-20T02:30:21.736403" elapsed="0.114414"/>
</kw>
<doc>Testa o conteúdo específico dos campos retornados pela API.</doc>
<tag>testeConteudo</tag>
<status status="PASS" start="2024-06-20T02:30:21.735848" elapsed="0.115118"/>
</test>
<status status="PASS" start="2024-06-20T02:30:20.900273" elapsed="0.952666"/>
</suite>
<status status="PASS" start="2024-06-20T02:30:20.886077" elapsed="0.972138"/>
</suite>
<statistics>
<total>
<stat pass="5" fail="0" skip="0">All Tests</stat>
</total>
<tag>
<stat pass="1" fail="0" skip="0">testeConteudo</stat>
<stat pass="1" fail="0" skip="0">testeEstruturaResposta</stat>
<stat pass="1" fail="0" skip="0">testeRequisicaoBasica</stat>
<stat pass="1" fail="0" skip="0">testeTiposDados</stat>
</tag>
<suite>
<stat pass="5" fail="0" skip="0" id="s1" name="Tests">Tests</stat>
<stat pass="5" fail="0" skip="0" id="s1-s1" name="Random-User-Test">Tests.Random-User-Test</stat>
</suite>
</statistics>
<errors>
</errors>
</robot>
