<?xml version="1.0" encoding="UTF-8"?>
<robot generator="Robot 7.0 (Python 3.12.3 on linux)" generated="2024-05-02T14:13:20.971006" rpa="false" schemaversion="5">
<suite id="s1" name="Tests" source="/home/runner/work/DesafioQAItauRogerioJordao/DesafioQAItauRogerioJordao/RamdonUser/tests">
<suite id="s1-s1" name="Random-User-Test" source="/home/runner/work/DesafioQAItauRogerioJordao/DesafioQAItauRogerioJordao/RamdonUser/tests/random-user-test.robot">
<test id="s1-s1-t1" name="Conectar" line="13">
<kw name="Conectar API" owner="random-user-service">
<kw name="Create Session" owner="RequestsLibrary">
<msg time="2024-05-02T14:13:21.350365" level="INFO">Creating Session using : alias=consultarAPI, url=https://randomuser.me/, headers={},                     cookies={}, auth=None, timeout=None, proxies=None, verify=False,                     debug=0 </msg>
<arg>consultarAPI</arg>
<arg>${URL}</arg>
<doc>Create Session: create a HTTP session to a server</doc>
<status status="PASS" start="2024-05-02T14:13:21.350155" elapsed="0.000414"/>
</kw>
<status status="PASS" start="2024-05-02T14:13:21.349135" elapsed="0.001812"/>
</kw>
<status status="PASS" start="2024-05-02T14:13:21.348503" elapsed="0.002642"/>
</test>
<test id="s1-s1-t2" name="Validar retorno 200 e JSON Válido" line="16">
<kw name="Teste de Requisicao Basica" owner="random-user-service">
<kw name="GET On Session" owner="RequestsLibrary">
<msg time="2024-05-02T14:13:21.522699" level="INFO">GET Request : url=https://randomuser.me/api 
 path_url=/api 
 headers={'User-Agent': 'python-requests/2.31.0', 'Accept-Encoding': 'gzip, deflate', 'Accept': '*/*', 'Connection': 'keep-alive'} 
 body=None 
 </msg>
<msg time="2024-05-02T14:13:21.522857" level="INFO">GET Response : url=https://randomuser.me/api 
 status=200, reason=OK 
 headers={'Date': 'Thu, 02 May 2024 14:13:21 GMT', 'Content-Type': 'application/json; charset=utf-8', 'Transfer-Encoding': 'chunked', 'Connection': 'keep-alive', 'X-Powered-By': 'Express', 'Access-Control-Allow-Origin': '*', 'Cache-Control': 'no-cache', 'ETag': 'W/"48d-uhjwl5olkVAtztS4xccQp1TiXmA"', 'Vary': 'Accept-Encoding', 'Content-Encoding': 'gzip', 'CF-Cache-Status': 'DYNAMIC', 'Report-To': '{"endpoints":[{"url":"https:\\/\\/a.nel.cloudflare.com\\/report\\/v4?s=XHJuCWLkyL7Za4eGSIBZcaSYEnUyjPAYo94H9pXI7lvtHpaHcP2o3E1SW%2F3socgg1FpBiikHa4d%2FVRogDeNR2%2F5bgr3PLL8UHLnn0HRM6Et9iLDx3HUx%2FhquKESdFI97"}],"group":"cf-nel","max_age":604800}', 'NEL': '{"success_fraction":0,"report_to":"cf-nel","max_age":604800}', 'Server': 'cloudflare', 'CF-RAY': '87d89c88dcc32ab8-LAX', 'alt-svc': 'h3=":443"; ma=86400'} 
 body={"results":[{"gender":"male","name":{"title":"Mr","first":"Önal","last":"Uluhan"},"location":{"street":{"number":4827,"name":"Fatih Sultan Mehmet Cd"},"city":"Şanlıurfa","state":"Batman","country":"Turkey","postcode":51422,"coordinates":{"latitude":"68.9333","longitude":"-46.9928"},"timezone":{"offset":"+10:00","description":"Eastern Australia, Guam, Vladivostok"}},"email":"onal.uluhan@example.com","login":{"uuid":"ddf7cce7-50da-44e1-844a-b1a797e8b848","username":"crazyostrich744","password":"davies","salt":"ub3Op6hX","md5":"5c2fcbfebbded864de3b6d80482757ff","sha1":"901f729700352d6ee9c287f7c3a570cbf3650264","sha256":"ce0cce33377c006cd40dfe1668e79be506c53be301c954a135faa92e2e7b3a60"},"dob":{"date":"1951-01-03T19:01:54.891Z","age":73},"registered":{"date":"2015-05-16T23:24:44.624Z","age":8},"phone":"(649)-575-2540","cell":"(823)-928-0718","id":{"name":"","value":null},"picture":{"large":"https://randomuser.me/api/portraits/men/46.jpg","medium":"https://randomuser.me/api/portraits/med/men/46.jpg","thumbnail":"https://randomuser.me/api/portraits/thumb/men/46.jpg"},"nat":"TR"}],"info":{"seed":"d7f4cfcdb0739ab1","results":1,"page":1,"version":"1.4"}} 
 </msg>
<msg time="2024-05-02T14:13:21.522942" level="INFO">/opt/hostedtoolcache/Python/3.12.3/x64/lib/python3.12/site-packages/urllib3/connectionpool.py:1103: InsecureRequestWarning: Unverified HTTPS request is being made to host 'randomuser.me'. Adding certificate verification is strongly advised. See: https://urllib3.readthedocs.io/en/latest/advanced-usage.html#tls-warnings
  warnings.warn(</msg>
<msg time="2024-05-02T14:13:21.523092" level="INFO">${response} = &lt;Response [200]&gt;</msg>
<var>${response}</var>
<arg>consultarAPI</arg>
<arg>/api</arg>
<doc>Sends a GET request on a previously created HTTP Session.</doc>
<status status="PASS" start="2024-05-02T14:13:21.353839" elapsed="0.169293"/>
</kw>
<kw name="Should Be Equal As Numbers" owner="BuiltIn">
<msg time="2024-05-02T14:13:21.524283" level="INFO">Argument types are:
&lt;class 'int'&gt;
&lt;class 'str'&gt;</msg>
<arg>${response.status_code}</arg>
<arg>200</arg>
<doc>Fails if objects are unequal after converting them to real numbers.</doc>
<status status="PASS" start="2024-05-02T14:13:21.523789" elapsed="0.000561"/>
</kw>
<kw name="Log" owner="BuiltIn">
<msg time="2024-05-02T14:13:21.525100" level="INFO">200</msg>
<arg>${response.status_code}</arg>
<doc>Logs the given message with the given level.</doc>
<status status="PASS" start="2024-05-02T14:13:21.524701" elapsed="0.000444"/>
</kw>
<kw name="Set Variable" owner="BuiltIn">
<msg time="2024-05-02T14:13:21.525909" level="INFO">${json_data} = {'results': [{'gender': 'male', 'name': {'title': 'Mr', 'first': 'Önal', 'last': 'Uluhan'}, 'location': {'street': {'number': 4827, 'name': 'Fatih Sultan Mehmet Cd'}, 'city': 'Şanlıurfa', 'state': 'Ba...</msg>
<var>${json_data}</var>
<arg>${response.json()}</arg>
<doc>Returns the given values which can then be assigned to a variables.</doc>
<status status="PASS" start="2024-05-02T14:13:21.525461" elapsed="0.000478"/>
</kw>
<kw name="Dictionary Should Contain Key" owner="Collections">
<msg time="2024-05-02T14:13:21.526414" level="INFO">False</msg>
<arg>${json_data}</arg>
<arg>results</arg>
<doc>Fails if ``key`` is not found from ``dictionary``.</doc>
<status status="PASS" start="2024-05-02T14:13:21.526241" elapsed="0.000212"/>
</kw>
<status status="PASS" start="2024-05-02T14:13:21.353572" elapsed="0.173139"/>
</kw>
<doc>Testa se a API responde corretamente e retorna um objeto JSON válido.</doc>
<tag>testeRequisicaoBasica</tag>
<status status="PASS" start="2024-05-02T14:13:21.353085" elapsed="0.173810"/>
</test>
<test id="s1-s1-t3" name="Validar estrutura de resposta" line="22">
<kw name="Teste de Estrutura de Resposta" owner="random-user-service">
<kw name="GET On Session" owner="RequestsLibrary">
<msg time="2024-05-02T14:13:21.631502" level="INFO">GET Request : url=https://randomuser.me/api 
 path_url=/api 
 headers={'User-Agent': 'python-requests/2.31.0', 'Accept-Encoding': 'gzip, deflate', 'Accept': '*/*', 'Connection': 'keep-alive'} 
 body=None 
 </msg>
<msg time="2024-05-02T14:13:21.631621" level="INFO">GET Response : url=https://randomuser.me/api 
 status=200, reason=OK 
 headers={'Date': 'Thu, 02 May 2024 14:13:21 GMT', 'Content-Type': 'application/json; charset=utf-8', 'Transfer-Encoding': 'chunked', 'Connection': 'keep-alive', 'X-Powered-By': 'Express', 'Access-Control-Allow-Origin': '*', 'Cache-Control': 'no-cache', 'ETag': 'W/"489-JSYbtxx9a7IRSPvad2hJLu8JtD8"', 'Vary': 'Accept-Encoding', 'Content-Encoding': 'gzip', 'CF-Cache-Status': 'DYNAMIC', 'Report-To': '{"endpoints":[{"url":"https:\\/\\/a.nel.cloudflare.com\\/report\\/v4?s=aa6ZZQ2Pb82DaUoftY1uxFndN%2FpCY9gILpr5qnElWALDLGSYIgZKyAbEuNGXZpM1lmuxe1tG%2FDKt3tEzfb7JlWi6k9u9lProuMGJ3IqhtYbdJ2E5odp%2BXU5TQekm8htv"}],"group":"cf-nel","max_age":604800}', 'NEL': '{"success_fraction":0,"report_to":"cf-nel","max_age":604800}', 'Server': 'cloudflare', 'CF-RAY': '87d89c899de92ab8-LAX', 'alt-svc': 'h3=":443"; ma=86400'} 
 body={"results":[{"gender":"female","name":{"title":"Ms","first":"Lisa","last":"Marshall"},"location":{"street":{"number":7138,"name":"Samaritan Dr"},"city":"Little Rock","state":"Connecticut","country":"United States","postcode":92976,"coordinates":{"latitude":"81.9134","longitude":"126.5421"},"timezone":{"offset":"-9:00","description":"Alaska"}},"email":"lisa.marshall@example.com","login":{"uuid":"98a2bb81-e31b-4c4d-b23c-ad33b7c94008","username":"silverostrich867","password":"chase1","salt":"neRVrZEi","md5":"d4f93945c23dacb6bb1c387f5e239ac9","sha1":"e15a52ce38b21a147a8d2773ee14418af9f877ea","sha256":"6022c0e23c60b35b4742b3ec7d15a2eadfac5d97f302c90e7dd8e83f1049afe9"},"dob":{"date":"1958-04-13T19:54:47.332Z","age":66},"registered":{"date":"2006-11-20T18:16:15.224Z","age":17},"phone":"(585) 400-5160","cell":"(542) 420-6718","id":{"name":"SSN","value":"298-54-2218"},"picture":{"large":"https://randomuser.me/api/portraits/women/71.jpg","medium":"https://randomuser.me/api/portraits/med/women/71.jpg","thumbnail":"https://randomuser.me/api/portraits/thumb/women/71.jpg"},"nat":"US"}],"info":{"seed":"e736f11f03ed3aec","results":1,"page":1,"version":"1.4"}} 
 </msg>
<msg time="2024-05-02T14:13:21.631758" level="INFO">/opt/hostedtoolcache/Python/3.12.3/x64/lib/python3.12/site-packages/urllib3/connectionpool.py:1103: InsecureRequestWarning: Unverified HTTPS request is being made to host 'randomuser.me'. Adding certificate verification is strongly advised. See: https://urllib3.readthedocs.io/en/latest/advanced-usage.html#tls-warnings
  warnings.warn(</msg>
<msg time="2024-05-02T14:13:21.631899" level="INFO">${response} = &lt;Response [200]&gt;</msg>
<var>${response}</var>
<arg>consultarAPI</arg>
<arg>/api</arg>
<doc>Sends a GET request on a previously created HTTP Session.</doc>
<status status="PASS" start="2024-05-02T14:13:21.529920" elapsed="0.102017"/>
</kw>
<kw name="Set Variable" owner="BuiltIn">
<msg time="2024-05-02T14:13:21.633173" level="INFO">${json_data} = {'results': [{'gender': 'female', 'name': {'title': 'Ms', 'first': 'Lisa', 'last': 'Marshall'}, 'location': {'street': {'number': 7138, 'name': 'Samaritan Dr'}, 'city': 'Little Rock', 'state': 'Connec...</msg>
<var>${json_data}</var>
<arg>${response.json()}</arg>
<doc>Returns the given values which can then be assigned to a variables.</doc>
<status status="PASS" start="2024-05-02T14:13:21.632548" elapsed="0.000655"/>
</kw>
<kw name="Log" owner="BuiltIn">
<msg time="2024-05-02T14:13:21.633694" level="INFO">{'results': [{'gender': 'female', 'name': {'title': 'Ms', 'first': 'Lisa', 'last': 'Marshall'}, 'location': {'street': {'number': 7138, 'name': 'Samaritan Dr'}, 'city': 'Little Rock', 'state': 'Connecticut', 'country': 'United States', 'postcode': 92976, 'coordinates': {'latitude': '81.9134', 'longitude': '126.5421'}, 'timezone': {'offset': '-9:00', 'description': 'Alaska'}}, 'email': 'lisa.marshall@example.com', 'login': {'uuid': '98a2bb81-e31b-4c4d-b23c-ad33b7c94008', 'username': 'silverostrich867', 'password': 'chase1', 'salt': 'neRVrZEi', 'md5': 'd4f93945c23dacb6bb1c387f5e239ac9', 'sha1': 'e15a52ce38b21a147a8d2773ee14418af9f877ea', 'sha256': '6022c0e23c60b35b4742b3ec7d15a2eadfac5d97f302c90e7dd8e83f1049afe9'}, 'dob': {'date': '1958-04-13T19:54:47.332Z', 'age': 66}, 'registered': {'date': '2006-11-20T18:16:15.224Z', 'age': 17}, 'phone': '(585) 400-5160', 'cell': '(542) 420-6718', 'id': {'name': 'SSN', 'value': '298-54-2218'}, 'picture': {'large': 'https://randomuser.me/api/portraits/women/71.jpg', 'medium': 'https://randomuser.me/api/portraits/med/women/71.jpg', 'thumbnail': 'https://randomuser.me/api/portraits/thumb/women/71.jpg'}, 'nat': 'US'}], 'info': {'seed': 'e736f11f03ed3aec', 'results': 1, 'page': 1, 'version': '1.4'}}</msg>
<arg>${json_data}</arg>
<doc>Logs the given message with the given level.</doc>
<status status="PASS" start="2024-05-02T14:13:21.633530" elapsed="0.000212"/>
</kw>
<kw name="Dictionary Should Contain Key" owner="Collections">
<msg time="2024-05-02T14:13:21.634205" level="INFO">False</msg>
<arg>${json_data}</arg>
<arg>results</arg>
<doc>Fails if ``key`` is not found from ``dictionary``.</doc>
<status status="PASS" start="2024-05-02T14:13:21.634041" elapsed="0.000208"/>
</kw>
<kw name="Should Not Be Empty" owner="BuiltIn">
<msg time="2024-05-02T14:13:21.634673" level="INFO">Length is 2.</msg>
<arg>${json_data}</arg>
<doc>Verifies that the given item is not empty.</doc>
<status status="PASS" start="2024-05-02T14:13:21.634544" elapsed="0.000335"/>
</kw>
<kw name="Create List" owner="BuiltIn">
<msg time="2024-05-02T14:13:21.635336" level="INFO">${expected_keys} = ['gender', 'name', 'location', 'email', 'login']</msg>
<var>${expected_keys}</var>
<arg>gender</arg>
<arg>name</arg>
<arg>location</arg>
<arg>email</arg>
<arg>login</arg>
<doc>Returns a list containing given items.</doc>
<status status="PASS" start="2024-05-02T14:13:21.635180" elapsed="0.000181"/>
</kw>
<for flavor="IN">
<iter>
<kw name="Dictionary Should Contain Key" owner="Collections">
<msg time="2024-05-02T14:13:21.636396" level="INFO">False</msg>
<arg>${json_data['results'][0]}</arg>
<arg>${key}</arg>
<doc>Fails if ``key`` is not found from ``dictionary``.</doc>
<status status="PASS" start="2024-05-02T14:13:21.635964" elapsed="0.000471"/>
</kw>
<kw name="Log" owner="BuiltIn">
<msg time="2024-05-02T14:13:21.637147" level="INFO">{'gender': 'female', 'name': {'title': 'Ms', 'first': 'Lisa', 'last': 'Marshall'}, 'location': {'street': {'number': 7138, 'name': 'Samaritan Dr'}, 'city': 'Little Rock', 'state': 'Connecticut', 'country': 'United States', 'postcode': 92976, 'coordinates': {'latitude': '81.9134', 'longitude': '126.5421'}, 'timezone': {'offset': '-9:00', 'description': 'Alaska'}}, 'email': 'lisa.marshall@example.com', 'login': {'uuid': '98a2bb81-e31b-4c4d-b23c-ad33b7c94008', 'username': 'silverostrich867', 'password': 'chase1', 'salt': 'neRVrZEi', 'md5': 'd4f93945c23dacb6bb1c387f5e239ac9', 'sha1': 'e15a52ce38b21a147a8d2773ee14418af9f877ea', 'sha256': '6022c0e23c60b35b4742b3ec7d15a2eadfac5d97f302c90e7dd8e83f1049afe9'}, 'dob': {'date': '1958-04-13T19:54:47.332Z', 'age': 66}, 'registered': {'date': '2006-11-20T18:16:15.224Z', 'age': 17}, 'phone': '(585) 400-5160', 'cell': '(542) 420-6718', 'id': {'name': 'SSN', 'value': '298-54-2218'}, 'picture': {'large': 'https://randomuser.me/api/portraits/women/71.jpg', 'medium': 'https://randomuser.me/api/portraits/med/women/71.jpg', 'thumbnail': 'https://randomuser.me/api/portraits/thumb/women/71.jpg'}, 'nat': 'US'}</msg>
<arg>${json_data['results'][0]}</arg>
<doc>Logs the given message with the given level.</doc>
<status status="PASS" start="2024-05-02T14:13:21.636738" elapsed="0.000459"/>
</kw>
<kw name="Log" owner="BuiltIn">
<msg time="2024-05-02T14:13:21.637628" level="INFO">gender</msg>
<arg>${key}</arg>
<doc>Logs the given message with the given level.</doc>
<status status="PASS" start="2024-05-02T14:13:21.637500" elapsed="0.000166"/>
</kw>
<var name="${key}">gender</var>
<status status="PASS" start="2024-05-02T14:13:21.635837" elapsed="0.002050"/>
</iter>
<iter>
<kw name="Dictionary Should Contain Key" owner="Collections">
<msg time="2024-05-02T14:13:21.638584" level="INFO">False</msg>
<arg>${json_data['results'][0]}</arg>
<arg>${key}</arg>
<doc>Fails if ``key`` is not found from ``dictionary``.</doc>
<status status="PASS" start="2024-05-02T14:13:21.638199" elapsed="0.000423"/>
</kw>
<kw name="Log" owner="BuiltIn">
<msg time="2024-05-02T14:13:21.639310" level="INFO">{'gender': 'female', 'name': {'title': 'Ms', 'first': 'Lisa', 'last': 'Marshall'}, 'location': {'street': {'number': 7138, 'name': 'Samaritan Dr'}, 'city': 'Little Rock', 'state': 'Connecticut', 'country': 'United States', 'postcode': 92976, 'coordinates': {'latitude': '81.9134', 'longitude': '126.5421'}, 'timezone': {'offset': '-9:00', 'description': 'Alaska'}}, 'email': 'lisa.marshall@example.com', 'login': {'uuid': '98a2bb81-e31b-4c4d-b23c-ad33b7c94008', 'username': 'silverostrich867', 'password': 'chase1', 'salt': 'neRVrZEi', 'md5': 'd4f93945c23dacb6bb1c387f5e239ac9', 'sha1': 'e15a52ce38b21a147a8d2773ee14418af9f877ea', 'sha256': '6022c0e23c60b35b4742b3ec7d15a2eadfac5d97f302c90e7dd8e83f1049afe9'}, 'dob': {'date': '1958-04-13T19:54:47.332Z', 'age': 66}, 'registered': {'date': '2006-11-20T18:16:15.224Z', 'age': 17}, 'phone': '(585) 400-5160', 'cell': '(542) 420-6718', 'id': {'name': 'SSN', 'value': '298-54-2218'}, 'picture': {'large': 'https://randomuser.me/api/portraits/women/71.jpg', 'medium': 'https://randomuser.me/api/portraits/med/women/71.jpg', 'thumbnail': 'https://randomuser.me/api/portraits/thumb/women/71.jpg'}, 'nat': 'US'}</msg>
<arg>${json_data['results'][0]}</arg>
<doc>Logs the given message with the given level.</doc>
<status status="PASS" start="2024-05-02T14:13:21.638951" elapsed="0.000407"/>
</kw>
<kw name="Log" owner="BuiltIn">
<msg time="2024-05-02T14:13:21.639777" level="INFO">name</msg>
<arg>${key}</arg>
<doc>Logs the given message with the given level.</doc>
<status status="PASS" start="2024-05-02T14:13:21.639652" elapsed="0.000163"/>
</kw>
<var name="${key}">name</var>
<status status="PASS" start="2024-05-02T14:13:21.638082" elapsed="0.001946"/>
</iter>
<iter>
<kw name="Dictionary Should Contain Key" owner="Collections">
<msg time="2024-05-02T14:13:21.640714" level="INFO">False</msg>
<arg>${json_data['results'][0]}</arg>
<arg>${key}</arg>
<doc>Fails if ``key`` is not found from ``dictionary``.</doc>
<status status="PASS" start="2024-05-02T14:13:21.640324" elapsed="0.000427"/>
</kw>
<kw name="Log" owner="BuiltIn">
<msg time="2024-05-02T14:13:21.641472" level="INFO">{'gender': 'female', 'name': {'title': 'Ms', 'first': 'Lisa', 'last': 'Marshall'}, 'location': {'street': {'number': 7138, 'name': 'Samaritan Dr'}, 'city': 'Little Rock', 'state': 'Connecticut', 'country': 'United States', 'postcode': 92976, 'coordinates': {'latitude': '81.9134', 'longitude': '126.5421'}, 'timezone': {'offset': '-9:00', 'description': 'Alaska'}}, 'email': 'lisa.marshall@example.com', 'login': {'uuid': '98a2bb81-e31b-4c4d-b23c-ad33b7c94008', 'username': 'silverostrich867', 'password': 'chase1', 'salt': 'neRVrZEi', 'md5': 'd4f93945c23dacb6bb1c387f5e239ac9', 'sha1': 'e15a52ce38b21a147a8d2773ee14418af9f877ea', 'sha256': '6022c0e23c60b35b4742b3ec7d15a2eadfac5d97f302c90e7dd8e83f1049afe9'}, 'dob': {'date': '1958-04-13T19:54:47.332Z', 'age': 66}, 'registered': {'date': '2006-11-20T18:16:15.224Z', 'age': 17}, 'phone': '(585) 400-5160', 'cell': '(542) 420-6718', 'id': {'name': 'SSN', 'value': '298-54-2218'}, 'picture': {'large': 'https://randomuser.me/api/portraits/women/71.jpg', 'medium': 'https://randomuser.me/api/portraits/med/women/71.jpg', 'thumbnail': 'https://randomuser.me/api/portraits/thumb/women/71.jpg'}, 'nat': 'US'}</msg>
<arg>${json_data['results'][0]}</arg>
<doc>Logs the given message with the given level.</doc>
<status status="PASS" start="2024-05-02T14:13:21.641100" elapsed="0.000420"/>
</kw>
<kw name="Log" owner="BuiltIn">
<msg time="2024-05-02T14:13:21.641940" level="INFO">location</msg>
<arg>${key}</arg>
<doc>Logs the given message with the given level.</doc>
<status status="PASS" start="2024-05-02T14:13:21.641816" elapsed="0.000161"/>
</kw>
<var name="${key}">location</var>
<status status="PASS" start="2024-05-02T14:13:21.640211" elapsed="0.001980"/>
</iter>
<iter>
<kw name="Dictionary Should Contain Key" owner="Collections">
<msg time="2024-05-02T14:13:21.642851" level="INFO">False</msg>
<arg>${json_data['results'][0]}</arg>
<arg>${key}</arg>
<doc>Fails if ``key`` is not found from ``dictionary``.</doc>
<status status="PASS" start="2024-05-02T14:13:21.642472" elapsed="0.000416"/>
</kw>
<kw name="Log" owner="BuiltIn">
<msg time="2024-05-02T14:13:21.643546" level="INFO">{'gender': 'female', 'name': {'title': 'Ms', 'first': 'Lisa', 'last': 'Marshall'}, 'location': {'street': {'number': 7138, 'name': 'Samaritan Dr'}, 'city': 'Little Rock', 'state': 'Connecticut', 'country': 'United States', 'postcode': 92976, 'coordinates': {'latitude': '81.9134', 'longitude': '126.5421'}, 'timezone': {'offset': '-9:00', 'description': 'Alaska'}}, 'email': 'lisa.marshall@example.com', 'login': {'uuid': '98a2bb81-e31b-4c4d-b23c-ad33b7c94008', 'username': 'silverostrich867', 'password': 'chase1', 'salt': 'neRVrZEi', 'md5': 'd4f93945c23dacb6bb1c387f5e239ac9', 'sha1': 'e15a52ce38b21a147a8d2773ee14418af9f877ea', 'sha256': '6022c0e23c60b35b4742b3ec7d15a2eadfac5d97f302c90e7dd8e83f1049afe9'}, 'dob': {'date': '1958-04-13T19:54:47.332Z', 'age': 66}, 'registered': {'date': '2006-11-20T18:16:15.224Z', 'age': 17}, 'phone': '(585) 400-5160', 'cell': '(542) 420-6718', 'id': {'name': 'SSN', 'value': '298-54-2218'}, 'picture': {'large': 'https://randomuser.me/api/portraits/women/71.jpg', 'medium': 'https://randomuser.me/api/portraits/med/women/71.jpg', 'thumbnail': 'https://randomuser.me/api/portraits/thumb/women/71.jpg'}, 'nat': 'US'}</msg>
<arg>${json_data['results'][0]}</arg>
<doc>Logs the given message with the given level.</doc>
<status status="PASS" start="2024-05-02T14:13:21.643185" elapsed="0.000407"/>
</kw>
<kw name="Log" owner="BuiltIn">
<msg time="2024-05-02T14:13:21.644014" level="INFO">email</msg>
<arg>${key}</arg>
<doc>Logs the given message with the given level.</doc>
<status status="PASS" start="2024-05-02T14:13:21.643884" elapsed="0.000167"/>
</kw>
<var name="${key}">email</var>
<status status="PASS" start="2024-05-02T14:13:21.642362" elapsed="0.001910"/>
</iter>
<iter>
<kw name="Dictionary Should Contain Key" owner="Collections">
<msg time="2024-05-02T14:13:21.644962" level="INFO">False</msg>
<arg>${json_data['results'][0]}</arg>
<arg>${key}</arg>
<doc>Fails if ``key`` is not found from ``dictionary``.</doc>
<status status="PASS" start="2024-05-02T14:13:21.644558" elapsed="0.000442"/>
</kw>
<kw name="Log" owner="BuiltIn">
<msg time="2024-05-02T14:13:21.645677" level="INFO">{'gender': 'female', 'name': {'title': 'Ms', 'first': 'Lisa', 'last': 'Marshall'}, 'location': {'street': {'number': 7138, 'name': 'Samaritan Dr'}, 'city': 'Little Rock', 'state': 'Connecticut', 'country': 'United States', 'postcode': 92976, 'coordinates': {'latitude': '81.9134', 'longitude': '126.5421'}, 'timezone': {'offset': '-9:00', 'description': 'Alaska'}}, 'email': 'lisa.marshall@example.com', 'login': {'uuid': '98a2bb81-e31b-4c4d-b23c-ad33b7c94008', 'username': 'silverostrich867', 'password': 'chase1', 'salt': 'neRVrZEi', 'md5': 'd4f93945c23dacb6bb1c387f5e239ac9', 'sha1': 'e15a52ce38b21a147a8d2773ee14418af9f877ea', 'sha256': '6022c0e23c60b35b4742b3ec7d15a2eadfac5d97f302c90e7dd8e83f1049afe9'}, 'dob': {'date': '1958-04-13T19:54:47.332Z', 'age': 66}, 'registered': {'date': '2006-11-20T18:16:15.224Z', 'age': 17}, 'phone': '(585) 400-5160', 'cell': '(542) 420-6718', 'id': {'name': 'SSN', 'value': '298-54-2218'}, 'picture': {'large': 'https://randomuser.me/api/portraits/women/71.jpg', 'medium': 'https://randomuser.me/api/portraits/med/women/71.jpg', 'thumbnail': 'https://randomuser.me/api/portraits/thumb/women/71.jpg'}, 'nat': 'US'}</msg>
<arg>${json_data['results'][0]}</arg>
<doc>Logs the given message with the given level.</doc>
<status status="PASS" start="2024-05-02T14:13:21.645319" elapsed="0.000406"/>
</kw>
<kw name="Log" owner="BuiltIn">
<msg time="2024-05-02T14:13:21.646151" level="INFO">login</msg>
<arg>${key}</arg>
<doc>Logs the given message with the given level.</doc>
<status status="PASS" start="2024-05-02T14:13:21.646023" elapsed="0.000166"/>
</kw>
<var name="${key}">login</var>
<status status="PASS" start="2024-05-02T14:13:21.644446" elapsed="0.001986"/>
</iter>
<var>${key}</var>
<value>@{expected_keys}</value>
<status status="PASS" start="2024-05-02T14:13:21.635624" elapsed="0.010935"/>
</for>
<kw name="Create List" owner="BuiltIn">
<msg time="2024-05-02T14:13:21.646909" level="INFO">${expected_keysTwo} = ['username', 'password']</msg>
<var>${expected_keysTwo}</var>
<arg>username</arg>
<arg>password</arg>
<doc>Returns a list containing given items.</doc>
<status status="PASS" start="2024-05-02T14:13:21.646769" elapsed="0.000163"/>
</kw>
<for flavor="IN">
<iter>
<kw name="Dictionary Should Contain Key" owner="Collections">
<msg time="2024-05-02T14:13:21.647833" level="INFO">False</msg>
<arg>${json_data['results'][0]['login']}</arg>
<arg>${keyTwo}</arg>
<doc>Fails if ``key`` is not found from ``dictionary``.</doc>
<status status="PASS" start="2024-05-02T14:13:21.647439" elapsed="0.000430"/>
</kw>
<kw name="Dictionary Should Contain Key" owner="Collections">
<msg time="2024-05-02T14:13:21.648544" level="INFO">False</msg>
<arg>${json_data['results'][0]['login']}</arg>
<arg>${keyTwo}</arg>
<doc>Fails if ``key`` is not found from ``dictionary``.</doc>
<status status="PASS" start="2024-05-02T14:13:21.648162" elapsed="0.000420"/>
</kw>
<kw name="Log" owner="BuiltIn">
<msg time="2024-05-02T14:13:21.649009" level="INFO">username</msg>
<arg>${keyTwo}</arg>
<doc>Logs the given message with the given level.</doc>
<status status="PASS" start="2024-05-02T14:13:21.648876" elapsed="0.000217"/>
</kw>
<var name="${keyTwo}">username</var>
<status status="PASS" start="2024-05-02T14:13:21.647331" elapsed="0.002007"/>
</iter>
<iter>
<kw name="Dictionary Should Contain Key" owner="Collections">
<msg time="2024-05-02T14:13:21.650118" level="INFO">False</msg>
<arg>${json_data['results'][0]['login']}</arg>
<arg>${keyTwo}</arg>
<doc>Fails if ``key`` is not found from ``dictionary``.</doc>
<status status="PASS" start="2024-05-02T14:13:21.649623" elapsed="0.000536"/>
</kw>
<kw name="Dictionary Should Contain Key" owner="Collections">
<msg time="2024-05-02T14:13:21.650844" level="INFO">False</msg>
<arg>${json_data['results'][0]['login']}</arg>
<arg>${keyTwo}</arg>
<doc>Fails if ``key`` is not found from ``dictionary``.</doc>
<status status="PASS" start="2024-05-02T14:13:21.650461" elapsed="0.000420"/>
</kw>
<kw name="Log" owner="BuiltIn">
<msg time="2024-05-02T14:13:21.651305" level="INFO">password</msg>
<arg>${keyTwo}</arg>
<doc>Logs the given message with the given level.</doc>
<status status="PASS" start="2024-05-02T14:13:21.651178" elapsed="0.000164"/>
</kw>
<var name="${keyTwo}">password</var>
<status status="PASS" start="2024-05-02T14:13:21.649513" elapsed="0.002046"/>
</iter>
<var>${keyTwo}</var>
<value>@{expected_keysTwo}</value>
<status status="PASS" start="2024-05-02T14:13:21.647173" elapsed="0.004508"/>
</for>
<status status="PASS" start="2024-05-02T14:13:21.529545" elapsed="0.122285"/>
</kw>
<doc>Testa a estrutura da resposta da API.</doc>
<tag>testeEstruturaResposta</tag>
<status status="PASS" start="2024-05-02T14:13:21.528728" elapsed="0.123264"/>
</test>
<test id="s1-s1-t4" name="Validar tipos de dados" line="28">
<kw name="Teste de Tipos de Dados" owner="random-user-service">
<kw name="GET On Session" owner="RequestsLibrary">
<msg time="2024-05-02T14:13:21.779733" level="INFO">GET Request : url=https://randomuser.me/api 
 path_url=/api 
 headers={'User-Agent': 'python-requests/2.31.0', 'Accept-Encoding': 'gzip, deflate', 'Accept': '*/*', 'Connection': 'keep-alive'} 
 body=None 
 </msg>
<msg time="2024-05-02T14:13:21.779849" level="INFO">GET Response : url=https://randomuser.me/api 
 status=200, reason=OK 
 headers={'Date': 'Thu, 02 May 2024 14:13:21 GMT', 'Content-Type': 'application/json; charset=utf-8', 'Transfer-Encoding': 'chunked', 'Connection': 'keep-alive', 'X-Powered-By': 'Express', 'Access-Control-Allow-Origin': '*', 'Cache-Control': 'no-cache', 'ETag': 'W/"484-mSTC/ByCcAebV0qPBKoZXZTmFow"', 'Vary': 'Accept-Encoding', 'Content-Encoding': 'gzip', 'CF-Cache-Status': 'DYNAMIC', 'Report-To': '{"endpoints":[{"url":"https:\\/\\/a.nel.cloudflare.com\\/report\\/v4?s=aJdE8hXsei%2BqKmQ%2BGNzk4vLXK4dRjJ0mMnQO%2Fo4rODoJSylqvJ6%2B0PNK2qZoHmsgBOs3qYp7nZzdDFAfzTdWxOhPieQdoTQPmtufrLNZAf6YCzzwSpArzX08hhsG4Gxa"}],"group":"cf-nel","max_age":604800}', 'NEL': '{"success_fraction":0,"report_to":"cf-nel","max_age":604800}', 'Server': 'cloudflare', 'CF-RAY': '87d89c8a5ebb2ab8-LAX', 'alt-svc': 'h3=":443"; ma=86400'} 
 body={"results":[{"gender":"male","name":{"title":"Mr","first":"Randy","last":"Russell"},"location":{"street":{"number":889,"name":"Lovers Ln"},"city":"Sydney","state":"Queensland","country":"Australia","postcode":3642,"coordinates":{"latitude":"-82.1405","longitude":"-87.5696"},"timezone":{"offset":"-3:00","description":"Brazil, Buenos Aires, Georgetown"}},"email":"randy.russell@example.com","login":{"uuid":"cc517c64-9957-47c2-8693-bdbf6d2c0539","username":"organicduck739","password":"hamlet","salt":"MLwBCVhF","md5":"04c3674433e70204268272c3f4295563","sha1":"31e0ad08002cfdcf8d7308566ed8f5087a9dd07d","sha256":"36a671d21ed97f72cfd493ca4f49b22e8c51995223e3531b4d703b0442ea582a"},"dob":{"date":"1992-01-29T05:47:43.260Z","age":32},"registered":{"date":"2016-04-29T04:00:34.452Z","age":8},"phone":"04-8170-3267","cell":"0458-886-664","id":{"name":"TFN","value":"935445154"},"picture":{"large":"https://randomuser.me/api/portraits/men/99.jpg","medium":"https://randomuser.me/api/portraits/med/men/99.jpg","thumbnail":"https://randomuser.me/api/portraits/thumb/men/99.jpg"},"nat":"AU"}],"info":{"seed":"4916d7f46dc216e0","results":1,"page":1,"version":"1.4"}} 
 </msg>
<msg time="2024-05-02T14:13:21.779936" level="INFO">/opt/hostedtoolcache/Python/3.12.3/x64/lib/python3.12/site-packages/urllib3/connectionpool.py:1103: InsecureRequestWarning: Unverified HTTPS request is being made to host 'randomuser.me'. Adding certificate verification is strongly advised. See: https://urllib3.readthedocs.io/en/latest/advanced-usage.html#tls-warnings
  warnings.warn(</msg>
<msg time="2024-05-02T14:13:21.780061" level="INFO">${response} = &lt;Response [200]&gt;</msg>
<var>${response}</var>
<arg>consultarAPI</arg>
<arg>/api</arg>
<doc>Sends a GET request on a previously created HTTP Session.</doc>
<status status="PASS" start="2024-05-02T14:13:21.654659" elapsed="0.125429"/>
</kw>
<kw name="Set Variable" owner="BuiltIn">
<msg time="2024-05-02T14:13:21.781227" level="INFO">${json_data} = {'results': [{'gender': 'male', 'name': {'title': 'Mr', 'first': 'Randy', 'last': 'Russell'}, 'location': {'street': {'number': 889, 'name': 'Lovers Ln'}, 'city': 'Sydney', 'state': 'Queensland', 'cou...</msg>
<var>${json_data}</var>
<arg>${response.json()}</arg>
<doc>Returns the given values which can then be assigned to a variables.</doc>
<status status="PASS" start="2024-05-02T14:13:21.780639" elapsed="0.000619"/>
</kw>
<kw name="Log" owner="BuiltIn">
<msg time="2024-05-02T14:13:21.781742" level="INFO">{'results': [{'gender': 'male', 'name': {'title': 'Mr', 'first': 'Randy', 'last': 'Russell'}, 'location': {'street': {'number': 889, 'name': 'Lovers Ln'}, 'city': 'Sydney', 'state': 'Queensland', 'country': 'Australia', 'postcode': 3642, 'coordinates': {'latitude': '-82.1405', 'longitude': '-87.5696'}, 'timezone': {'offset': '-3:00', 'description': 'Brazil, Buenos Aires, Georgetown'}}, 'email': 'randy.russell@example.com', 'login': {'uuid': 'cc517c64-9957-47c2-8693-bdbf6d2c0539', 'username': 'organicduck739', 'password': 'hamlet', 'salt': 'MLwBCVhF', 'md5': '04c3674433e70204268272c3f4295563', 'sha1': '31e0ad08002cfdcf8d7308566ed8f5087a9dd07d', 'sha256': '36a671d21ed97f72cfd493ca4f49b22e8c51995223e3531b4d703b0442ea582a'}, 'dob': {'date': '1992-01-29T05:47:43.260Z', 'age': 32}, 'registered': {'date': '2016-04-29T04:00:34.452Z', 'age': 8}, 'phone': '04-8170-3267', 'cell': '0458-886-664', 'id': {'name': 'TFN', 'value': '935445154'}, 'picture': {'large': 'https://randomuser.me/api/portraits/men/99.jpg', 'medium': 'https://randomuser.me/api/portraits/med/men/99.jpg', 'thumbnail': 'https://randomuser.me/api/portraits/thumb/men/99.jpg'}, 'nat': 'AU'}], 'info': {'seed': '4916d7f46dc216e0', 'results': 1, 'page': 1, 'version': '1.4'}}</msg>
<arg>${json_data}</arg>
<doc>Logs the given message with the given level.</doc>
<status status="PASS" start="2024-05-02T14:13:21.781582" elapsed="0.000246"/>
</kw>
<kw name="Should Be String" owner="String">
<arg>${json_data['results'][0]['gender']}</arg>
<doc>Fails if the given ``item`` is not a string.</doc>
<status status="PASS" start="2024-05-02T14:13:21.782133" elapsed="0.000385"/>
</kw>
<kw name="Should Match Regexp" owner="BuiltIn">
<arg>${json_data['results'][0]['email']}</arg>
<arg>^[a-zA-Z0-9._%+-]+@[a-zA-Z0-9.-]+\.[a-zA-Z]{2,}$</arg>
<doc>Fails if ``string`` does not match ``pattern`` as a regular expression.</doc>
<status status="PASS" start="2024-05-02T14:13:21.782715" elapsed="0.000523"/>
</kw>
<kw name="Should Match Regexp" owner="BuiltIn">
<arg>${json_data['results'][0]['dob']['date']}</arg>
<arg>\\d{4}-\\d{2}-\\d{2}T\\d{2}:\\d{2}:\\d{2}\\.\\d{3}Z</arg>
<doc>Fails if ``string`` does not match ``pattern`` as a regular expression.</doc>
<status status="PASS" start="2024-05-02T14:13:21.783436" elapsed="0.000492"/>
</kw>
<kw name="Should Match Regexp" owner="BuiltIn">
<arg>${json_data['results'][0]['registered']['date']}</arg>
<arg>\\d{4}-\\d{2}-\\d{2}T\\d{2}:\\d{2}:\\d{2}\\.\\d{3}Z</arg>
<doc>Fails if ``string`` does not match ``pattern`` as a regular expression.</doc>
<status status="PASS" start="2024-05-02T14:13:21.784122" elapsed="0.000377"/>
</kw>
<kw name="Should Match Regexp" owner="BuiltIn">
<arg>${json_data['results'][0]['picture']['large']}</arg>
<arg>^https?://.*\.(?:png|jpe?g|gif|bmp)$</arg>
<doc>Fails if ``string`` does not match ``pattern`` as a regular expression.</doc>
<status status="PASS" start="2024-05-02T14:13:21.784693" elapsed="0.000499"/>
</kw>
<kw name="Should Match Regexp" owner="BuiltIn">
<arg>${json_data['results'][0]['picture']['medium']}</arg>
<arg>^https?://.*\.(?:png|jpe?g|gif|bmp)$</arg>
<doc>Fails if ``string`` does not match ``pattern`` as a regular expression.</doc>
<status status="PASS" start="2024-05-02T14:13:21.785384" elapsed="0.000364"/>
</kw>
<kw name="Should Match Regexp" owner="BuiltIn">
<arg>${json_data['results'][0]['picture']['thumbnail']}</arg>
<arg>^https?://.*\.(?:png|jpe?g|gif|bmp)$</arg>
<doc>Fails if ``string`` does not match ``pattern`` as a regular expression.</doc>
<status status="PASS" start="2024-05-02T14:13:21.785940" elapsed="0.000351"/>
</kw>
<kw name="Log" owner="BuiltIn">
<msg time="2024-05-02T14:13:21.786797" level="INFO">{'large': 'https://randomuser.me/api/portraits/men/99.jpg', 'medium': 'https://randomuser.me/api/portraits/med/men/99.jpg', 'thumbnail': 'https://randomuser.me/api/portraits/thumb/men/99.jpg'}</msg>
<arg>${json_data['results'][0]['picture']}</arg>
<doc>Logs the given message with the given level.</doc>
<status status="PASS" start="2024-05-02T14:13:21.786474" elapsed="0.000367"/>
</kw>
<status status="PASS" start="2024-05-02T14:13:21.654419" elapsed="0.132703"/>
</kw>
<kw name="Teste de Tipos de Dados - Postcode" owner="random-user-service">
<kw name="GET On Session" owner="RequestsLibrary">
<msg time="2024-05-02T14:13:21.927919" level="INFO">GET Request : url=https://randomuser.me/api 
 path_url=/api 
 headers={'User-Agent': 'python-requests/2.31.0', 'Accept-Encoding': 'gzip, deflate', 'Accept': '*/*', 'Connection': 'keep-alive'} 
 body=None 
 </msg>
<msg time="2024-05-02T14:13:21.928022" level="INFO">GET Response : url=https://randomuser.me/api 
 status=200, reason=OK 
 headers={'Date': 'Thu, 02 May 2024 14:13:21 GMT', 'Content-Type': 'application/json; charset=utf-8', 'Transfer-Encoding': 'chunked', 'Connection': 'keep-alive', 'X-Powered-By': 'Express', 'Access-Control-Allow-Origin': '*', 'Cache-Control': 'no-cache', 'ETag': 'W/"47f-Sz53O8FXk8Afi02Zimz4CQmkvsU"', 'Vary': 'Accept-Encoding', 'Content-Encoding': 'gzip', 'CF-Cache-Status': 'DYNAMIC', 'Report-To': '{"endpoints":[{"url":"https:\\/\\/a.nel.cloudflare.com\\/report\\/v4?s=dKL0SFZ3e2Dy8VpM417PmxiBEbM4OdCmFz%2B002GVv%2FPSt7WESYn%2FprmfWvUfQ%2B%2FKnAcsLKvjW%2FXbs9XxMtIqlawSdgMzCapIsfcCMqidFspiIhK35zA46i%2B8g8Tv0%2B2A"}],"group":"cf-nel","max_age":604800}', 'NEL': '{"success_fraction":0,"report_to":"cf-nel","max_age":604800}', 'Server': 'cloudflare', 'CF-RAY': '87d89c8b3fb02ab8-LAX', 'alt-svc': 'h3=":443"; ma=86400'} 
 body={"results":[{"gender":"female","name":{"title":"Miss","first":"Afet","last":"Tunçeri"},"location":{"street":{"number":1682,"name":"Filistin Cd"},"city":"Artvin","state":"Karabük","country":"Turkey","postcode":49146,"coordinates":{"latitude":"72.2879","longitude":"82.0893"},"timezone":{"offset":"+4:00","description":"Abu Dhabi, Muscat, Baku, Tbilisi"}},"email":"afet.tunceri@example.com","login":{"uuid":"0d39291f-6b05-462f-a8b2-f2a5f6db11a2","username":"bigwolf225","password":"puff","salt":"Tcwyi7yI","md5":"3652bc0fb02a8c943ad9d18400bd4a44","sha1":"caac10995315fba936a8623f79e2a7e62cd5ba7c","sha256":"fa14d0ad0bd647a559eba178c87ffb7ec5b34155cae7018b10546640467cae1c"},"dob":{"date":"1983-03-21T13:31:52.979Z","age":41},"registered":{"date":"2009-06-11T20:58:33.130Z","age":14},"phone":"(487)-106-1755","cell":"(864)-798-5716","id":{"name":"","value":null},"picture":{"large":"https://randomuser.me/api/portraits/women/92.jpg","medium":"https://randomuser.me/api/portraits/med/women/92.jpg","thumbnail":"https://randomuser.me/api/portraits/thumb/women/92.jpg"},"nat":"TR"}],"info":{"seed":"1cb2429a71f7dfd7","results":1,"page":1,"version":"1.4"}} 
 </msg>
<msg time="2024-05-02T14:13:21.928094" level="INFO">/opt/hostedtoolcache/Python/3.12.3/x64/lib/python3.12/site-packages/urllib3/connectionpool.py:1103: InsecureRequestWarning: Unverified HTTPS request is being made to host 'randomuser.me'. Adding certificate verification is strongly advised. See: https://urllib3.readthedocs.io/en/latest/advanced-usage.html#tls-warnings
  warnings.warn(</msg>
<msg time="2024-05-02T14:13:21.928216" level="INFO">${response} = &lt;Response [200]&gt;</msg>
<var>${response}</var>
<arg>consultarAPI</arg>
<arg>/api</arg>
<doc>Sends a GET request on a previously created HTTP Session.</doc>
<status status="PASS" start="2024-05-02T14:13:21.787594" elapsed="0.140649"/>
</kw>
<kw name="Set Variable" owner="BuiltIn">
<msg time="2024-05-02T14:13:21.929411" level="INFO">${json_data} = {'results': [{'gender': 'female', 'name': {'title': 'Miss', 'first': 'Afet', 'last': 'Tunçeri'}, 'location': {'street': {'number': 1682, 'name': 'Filistin Cd'}, 'city': 'Artvin', 'state': 'Karabük', '...</msg>
<var>${json_data}</var>
<arg>${response.json()}</arg>
<doc>Returns the given values which can then be assigned to a variables.</doc>
<status status="PASS" start="2024-05-02T14:13:21.928802" elapsed="0.000639"/>
</kw>
<kw name="Log" owner="BuiltIn">
<msg time="2024-05-02T14:13:21.929937" level="INFO">{'results': [{'gender': 'female', 'name': {'title': 'Miss', 'first': 'Afet', 'last': 'Tunçeri'}, 'location': {'street': {'number': 1682, 'name': 'Filistin Cd'}, 'city': 'Artvin', 'state': 'Karabük', 'country': 'Turkey', 'postcode': 49146, 'coordinates': {'latitude': '72.2879', 'longitude': '82.0893'}, 'timezone': {'offset': '+4:00', 'description': 'Abu Dhabi, Muscat, Baku, Tbilisi'}}, 'email': 'afet.tunceri@example.com', 'login': {'uuid': '0d39291f-6b05-462f-a8b2-f2a5f6db11a2', 'username': 'bigwolf225', 'password': 'puff', 'salt': 'Tcwyi7yI', 'md5': '3652bc0fb02a8c943ad9d18400bd4a44', 'sha1': 'caac10995315fba936a8623f79e2a7e62cd5ba7c', 'sha256': 'fa14d0ad0bd647a559eba178c87ffb7ec5b34155cae7018b10546640467cae1c'}, 'dob': {'date': '1983-03-21T13:31:52.979Z', 'age': 41}, 'registered': {'date': '2009-06-11T20:58:33.130Z', 'age': 14}, 'phone': '(487)-106-1755', 'cell': '(864)-798-5716', 'id': {'name': '', 'value': None}, 'picture': {'large': 'https://randomuser.me/api/portraits/women/92.jpg', 'medium': 'https://randomuser.me/api/portraits/med/women/92.jpg', 'thumbnail': 'https://randomuser.me/api/portraits/thumb/women/92.jpg'}, 'nat': 'TR'}], 'info': {'seed': '1cb2429a71f7dfd7', 'results': 1, 'page': 1, 'version': '1.4'}}</msg>
<arg>${json_data}</arg>
<doc>Logs the given message with the given level.</doc>
<status status="PASS" start="2024-05-02T14:13:21.929772" elapsed="0.000253"/>
</kw>
<kw name="Should Be Equal As Numbers" owner="BuiltIn">
<arg>${json_data['results'][0]['location']['postcode']}</arg>
<arg>${json_data['results'][0]['location']['postcode']}</arg>
<doc>Fails if objects are unequal after converting them to real numbers.</doc>
<status status="PASS" start="2024-05-02T14:13:21.930524" elapsed="0.000644"/>
</kw>
<kw name="Log" owner="BuiltIn">
<msg time="2024-05-02T14:13:21.931708" level="INFO">49146</msg>
<arg>${json_data['results'][0]['location']['postcode']}</arg>
<doc>Logs the given message with the given level.</doc>
<status status="PASS" start="2024-05-02T14:13:21.931364" elapsed="0.000385"/>
</kw>
<status status="PASS" start="2024-05-02T14:13:21.787356" elapsed="0.144654"/>
</kw>
<doc>Testa se os tipos de dados na resposta da API estão corretos.</doc>
<tag>testeTiposDados</tag>
<status status="PASS" start="2024-05-02T14:13:21.653807" elapsed="0.278379"/>
</test>
<test id="s1-s1-t5" name="Validar conteudo" line="35">
<kw name="Teste de Tipos de Conteudo" owner="random-user-service">
<kw name="GET On Session" owner="RequestsLibrary">
<msg time="2024-05-02T14:13:22.055802" level="INFO">GET Request : url=https://randomuser.me/api 
 path_url=/api 
 headers={'User-Agent': 'python-requests/2.31.0', 'Accept-Encoding': 'gzip, deflate', 'Accept': '*/*', 'Connection': 'keep-alive'} 
 body=None 
 </msg>
<msg time="2024-05-02T14:13:22.055942" level="INFO">GET Response : url=https://randomuser.me/api 
 status=200, reason=OK 
 headers={'Date': 'Thu, 02 May 2024 14:13:22 GMT', 'Content-Type': 'application/json; charset=utf-8', 'Transfer-Encoding': 'chunked', 'Connection': 'keep-alive', 'X-Powered-By': 'Express', 'Access-Control-Allow-Origin': '*', 'Cache-Control': 'no-cache', 'ETag': 'W/"499-PXpfOFLKAw42wCM0DnlFk8E63CI"', 'Vary': 'Accept-Encoding', 'Content-Encoding': 'gzip', 'CF-Cache-Status': 'DYNAMIC', 'Report-To': '{"endpoints":[{"url":"https:\\/\\/a.nel.cloudflare.com\\/report\\/v4?s=YxpoYbHApq5x3OEvXOzDz2Ve1iW7qFDnkeeFFjZb9nBDZUj4anvSebogD2aPY%2FnKiAHFlO6oZqMQnHywVvPv8bm9j3Li4jm6gW4X925H2KqBb0J%2FEsEMWBPjvgtuGKC4"}],"group":"cf-nel","max_age":604800}', 'NEL': '{"success_fraction":0,"report_to":"cf-nel","max_age":604800}', 'Server': 'cloudflare', 'CF-RAY': '87d89c8c18ae2ab8-LAX', 'alt-svc': 'h3=":443"; ma=86400'} 
 body={"results":[{"gender":"male","name":{"title":"Mr","first":"Clément","last":"Leroy"},"location":{"street":{"number":4126,"name":"Rue du Cardinal-Gerlier"},"city":"Argenteuil","state":"Vienne","country":"France","postcode":37835,"coordinates":{"latitude":"-17.4966","longitude":"-39.4626"},"timezone":{"offset":"-8:00","description":"Pacific Time (US &amp; Canada)"}},"email":"clement.leroy@example.com","login":{"uuid":"2926c0f4-78be-41e1-852b-503402ab510f","username":"blackpanda386","password":"ficken","salt":"DHU4f3fs","md5":"7a7a578f5cf599ebfd181f08bc17d2e5","sha1":"bb305e7c70c12910f438cd0638e2301c8fc123a0","sha256":"5ed5641ef3e280fb174e08292a538eba972c057e444ffbdd19e1ddbe60a91f1b"},"dob":{"date":"1948-03-11T10:30:55.174Z","age":76},"registered":{"date":"2006-11-24T23:50:53.195Z","age":17},"phone":"01-16-73-00-90","cell":"06-38-38-23-18","id":{"name":"INSEE","value":"1480231092359 76"},"picture":{"large":"https://randomuser.me/api/portraits/men/25.jpg","medium":"https://randomuser.me/api/portraits/med/men/25.jpg","thumbnail":"https://randomuser.me/api/portraits/thumb/men/25.jpg"},"nat":"FR"}],"info":{"seed":"64e8cccc8c95b91b","results":1,"page":1,"version":"1.4"}} 
 </msg>
<msg time="2024-05-02T14:13:22.056064" level="INFO">/opt/hostedtoolcache/Python/3.12.3/x64/lib/python3.12/site-packages/urllib3/connectionpool.py:1103: InsecureRequestWarning: Unverified HTTPS request is being made to host 'randomuser.me'. Adding certificate verification is strongly advised. See: https://urllib3.readthedocs.io/en/latest/advanced-usage.html#tls-warnings
  warnings.warn(</msg>
<msg time="2024-05-02T14:13:22.056239" level="INFO">${response} = &lt;Response [200]&gt;</msg>
<var>${response}</var>
<arg>consultarAPI</arg>
<arg>/api</arg>
<doc>Sends a GET request on a previously created HTTP Session.</doc>
<status status="PASS" start="2024-05-02T14:13:21.935083" elapsed="0.121198"/>
</kw>
<kw name="Set Variable" owner="BuiltIn">
<msg time="2024-05-02T14:13:22.057849" level="INFO">${json_data} = {'results': [{'gender': 'male', 'name': {'title': 'Mr', 'first': 'Clément', 'last': 'Leroy'}, 'location': {'street': {'number': 4126, 'name': 'Rue du Cardinal-Gerlier'}, 'city': 'Argenteuil', 'state':...</msg>
<var>${json_data}</var>
<arg>${response.json()}</arg>
<doc>Returns the given values which can then be assigned to a variables.</doc>
<status status="PASS" start="2024-05-02T14:13:22.056959" elapsed="0.000935"/>
</kw>
<kw name="Set Variable" owner="BuiltIn">
<msg time="2024-05-02T14:13:22.058935" level="INFO">${name_title} = Mr</msg>
<var>${name_title}</var>
<arg>${json_data["results"][0]["name"]["title"]}</arg>
<doc>Returns the given values which can then be assigned to a variables.</doc>
<status status="PASS" start="2024-05-02T14:13:22.058353" elapsed="0.000620"/>
</kw>
<kw name="Create List" owner="BuiltIn">
<msg time="2024-05-02T14:13:22.059676" level="INFO">${allowed_titles} = ['Mr', 'Ms', 'Miss', 'Mrs', 'Madame', 'Monsieur']</msg>
<var>${allowed_titles}</var>
<arg>Mr</arg>
<arg>Ms</arg>
<arg>Miss</arg>
<arg>Mrs</arg>
<arg>Madame</arg>
<arg>Monsieur</arg>
<doc>Returns a list containing given items.</doc>
<status status="PASS" start="2024-05-02T14:13:22.059428" elapsed="0.000292"/>
</kw>
<kw name="List Should Contain Value" owner="Collections">
<msg time="2024-05-02T14:13:22.060486" level="INFO">False</msg>
<arg>${allowed_titles}</arg>
<arg>${name_title}</arg>
<doc>Fails if the ``value`` is not found from ``list``.</doc>
<status status="PASS" start="2024-05-02T14:13:22.060209" elapsed="0.000346"/>
</kw>
<kw name="Set Variable" owner="BuiltIn">
<msg time="2024-05-02T14:13:22.061687" level="INFO">${name_country} = FR</msg>
<var>${name_country}</var>
<arg>${json_data["results"][0]["nat"]}</arg>
<doc>Returns the given values which can then be assigned to a variables.</doc>
<status status="PASS" start="2024-05-02T14:13:22.061015" elapsed="0.000717"/>
</kw>
<kw name="Create List" owner="BuiltIn">
<msg time="2024-05-02T14:13:22.063371" level="INFO">${list_country} = ['AD', 'AE', 'AF', 'AG', 'AI', 'AL', 'AM', 'AO', 'AQ', 'AR', 'AS', 'AT', 'AU', 'AW', 'AX', 'AZ', 'BA', 'BB', 'BD', 'BE', 'BF', 'BG', 'BH', 'BI', 'BJ', 'BL', 'BM', 'BN', 'BO', 'BQ', 'BR', 'BS', 'BT', '...</msg>
<var>${list_country}</var>
<arg>AD</arg>
<arg>AE</arg>
<arg>AF</arg>
<arg>AG</arg>
<arg>AI</arg>
<arg>AL</arg>
<arg>AM</arg>
<arg>AO</arg>
<arg>AQ</arg>
<arg>AR</arg>
<arg>AS</arg>
<arg>AT</arg>
<arg>AU</arg>
<arg>AW</arg>
<arg>AX</arg>
<arg>AZ</arg>
<arg>BA</arg>
<arg>BB</arg>
<arg>BD</arg>
<arg>BE</arg>
<arg>BF</arg>
<arg>BG</arg>
<arg>BH</arg>
<arg>BI</arg>
<arg>BJ</arg>
<arg>BL</arg>
<arg>BM</arg>
<arg>BN</arg>
<arg>BO</arg>
<arg>BQ</arg>
<arg>BR</arg>
<arg>BS</arg>
<arg>BT</arg>
<arg>BV</arg>
<arg>BW</arg>
<arg>BY</arg>
<arg>BZ</arg>
<arg>CA</arg>
<arg>CC</arg>
<arg>CD</arg>
<arg>CF</arg>
<arg>CG</arg>
<arg>CH</arg>
<arg>CI</arg>
<arg>CK</arg>
<arg>CL</arg>
<arg>CM</arg>
<arg>CN</arg>
<arg>CO</arg>
<arg>CR</arg>
<arg>CU</arg>
<arg>CV</arg>
<arg>CW</arg>
<arg>CX</arg>
<arg>CY</arg>
<arg>CZ</arg>
<arg>DE</arg>
<arg>DJ</arg>
<arg>DK</arg>
<arg>DM</arg>
<arg>DO</arg>
<arg>DZ</arg>
<arg>EC</arg>
<arg>EE</arg>
<arg>EG</arg>
<arg>EH</arg>
<arg>ER</arg>
<arg>ES</arg>
<arg>ET</arg>
<arg>FI</arg>
<arg>FJ</arg>
<arg>FK</arg>
<arg>FM</arg>
<arg>FO</arg>
<arg>FR</arg>
<arg>GA</arg>
<arg>GB</arg>
<arg>GD</arg>
<arg>GE</arg>
<arg>GF</arg>
<arg>GG</arg>
<arg>GH</arg>
<arg>GI</arg>
<arg>GL</arg>
<arg>GM</arg>
<arg>GN</arg>
<arg>GP</arg>
<arg>GQ</arg>
<arg>GR</arg>
<arg>GS</arg>
<arg>GT</arg>
<arg>GU</arg>
<arg>GW</arg>
<arg>GY</arg>
<arg>HK</arg>
<arg>HM</arg>
<arg>HN</arg>
<arg>HR</arg>
<arg>HT</arg>
<arg>HU</arg>
<arg>ID</arg>
<arg>IE</arg>
<arg>IL</arg>
<arg>IM</arg>
<arg>IN</arg>
<arg>IO</arg>
<arg>IQ</arg>
<arg>IR</arg>
<arg>IS</arg>
<arg>IT</arg>
<arg>JE</arg>
<arg>JM</arg>
<arg>JO</arg>
<arg>JP</arg>
<arg>KE</arg>
<arg>KG</arg>
<arg>KH</arg>
<arg>KI</arg>
<arg>KM</arg>
<arg>KN</arg>
<arg>KP</arg>
<arg>KR</arg>
<arg>KW</arg>
<arg>KY</arg>
<arg>KZ</arg>
<arg>LA</arg>
<arg>LB</arg>
<arg>LC</arg>
<arg>LI</arg>
<arg>LK</arg>
<arg>LR</arg>
<arg>LS</arg>
<arg>LT</arg>
<arg>LU</arg>
<arg>LV</arg>
<arg>LY</arg>
<arg>MA</arg>
<arg>MC</arg>
<arg>MD</arg>
<arg>ME</arg>
<arg>MF</arg>
<arg>MG</arg>
<arg>MH</arg>
<arg>MK</arg>
<arg>ML</arg>
<arg>MM</arg>
<arg>MN</arg>
<arg>MO</arg>
<arg>MP</arg>
<arg>MQ</arg>
<arg>MR</arg>
<arg>MS</arg>
<arg>MT</arg>
<arg>MU</arg>
<arg>MV</arg>
<arg>MW</arg>
<arg>MX</arg>
<arg>MY</arg>
<arg>MZ</arg>
<arg>NA</arg>
<arg>NC</arg>
<arg>NE</arg>
<arg>NF</arg>
<arg>NG</arg>
<arg>NI</arg>
<arg>NL</arg>
<arg>NO</arg>
<arg>NP</arg>
<arg>NR</arg>
<arg>NU</arg>
<arg>NZ</arg>
<arg>OM</arg>
<arg>PA</arg>
<arg>PE</arg>
<arg>PF</arg>
<arg>PG</arg>
<arg>PH</arg>
<arg>PK</arg>
<arg>PL</arg>
<arg>PM</arg>
<arg>PN</arg>
<arg>PR</arg>
<arg>PS</arg>
<arg>PT</arg>
<arg>PW</arg>
<arg>PY</arg>
<arg>QA</arg>
<arg>RE</arg>
<arg>RO</arg>
<arg>RS</arg>
<arg>RU</arg>
<arg>RW</arg>
<arg>SA</arg>
<arg>SB</arg>
<arg>SC</arg>
<arg>SD</arg>
<arg>SE</arg>
<arg>SG</arg>
<arg>SH</arg>
<arg>SI</arg>
<arg>SJ</arg>
<arg>SK</arg>
<arg>SL</arg>
<arg>SM</arg>
<arg>SN</arg>
<arg>SO</arg>
<arg>SR</arg>
<arg>SS</arg>
<arg>ST</arg>
<arg>SV</arg>
<arg>SX</arg>
<arg>SY</arg>
<arg>SZ</arg>
<arg>TC</arg>
<arg>TD</arg>
<arg>TF</arg>
<arg>TG</arg>
<arg>TH</arg>
<arg>TJ</arg>
<arg>TK</arg>
<arg>TL</arg>
<arg>TM</arg>
<arg>TN</arg>
<arg>TO</arg>
<arg>TR</arg>
<arg>TT</arg>
<arg>TV</arg>
<arg>TW</arg>
<arg>TZ</arg>
<arg>UA</arg>
<arg>UG</arg>
<arg>UM</arg>
<arg>US</arg>
<arg>UY</arg>
<arg>UZ</arg>
<arg>VA</arg>
<arg>VC</arg>
<arg>VE</arg>
<arg>VG</arg>
<arg>VI</arg>
<arg>VN</arg>
<arg>VU</arg>
<arg>WF</arg>
<arg>WS</arg>
<arg>XK</arg>
<arg>YE</arg>
<arg>YT</arg>
<arg>ZA</arg>
<arg>ZM</arg>
<arg>ZW</arg>
<doc>Returns a list containing given items.</doc>
<status status="PASS" start="2024-05-02T14:13:22.062213" elapsed="0.001202"/>
</kw>
<kw name="List Should Contain Value" owner="Collections">
<msg time="2024-05-02T14:13:22.065253" level="INFO">False</msg>
<arg>${list_country}</arg>
<arg>${name_country}</arg>
<doc>Fails if the ``value`` is not found from ``list``.</doc>
<status status="PASS" start="2024-05-02T14:13:22.064886" elapsed="0.000427"/>
</kw>
<kw name="Run Keyword If" owner="BuiltIn">
<kw name="Should Be True" owner="BuiltIn">
<arg>${True}</arg>
<doc>Fails if the given condition is not true.</doc>
<status status="PASS" start="2024-05-02T14:13:22.067093" elapsed="0.000433"/>
</kw>
<arg>${json_data["results"][0]["location"]["coordinates"]["latitude"]} &gt;= -90 and ${json_data["results"][0]["location"]["coordinates"]["latitude"]} &lt;= 90</arg>
<arg>Should Be True</arg>
<arg>${True}</arg>
<doc>Runs the given keyword with the given arguments, if ``condition`` is true.</doc>
<status status="PASS" start="2024-05-02T14:13:22.065775" elapsed="0.001973"/>
</kw>
<kw name="Run Keyword If" owner="BuiltIn">
<kw name="Should Be True" owner="BuiltIn">
<arg>${True}</arg>
<doc>Fails if the given condition is not true.</doc>
<status status="PASS" start="2024-05-02T14:13:22.069257" elapsed="0.000205"/>
</kw>
<arg>${json_data["results"][0]["location"]["coordinates"]["longitude"]} &gt;= -180 and ${json_data["results"][0]["location"]["coordinates"]["longitude"]} &lt;= 180</arg>
<arg>Should Be True</arg>
<arg>${True}</arg>
<doc>Runs the given keyword with the given arguments, if ``condition`` is true.</doc>
<status status="PASS" start="2024-05-02T14:13:22.068071" elapsed="0.001583"/>
</kw>
<status status="PASS" start="2024-05-02T14:13:21.934694" elapsed="0.135171"/>
</kw>
<doc>Testa o conteúdo específico dos campos retornados pela API.</doc>
<tag>testeConteudo</tag>
<status status="PASS" start="2024-05-02T14:13:21.934020" elapsed="0.136088"/>
</test>
<status status="PASS" start="2024-05-02T14:13:21.030771" elapsed="1.042865"/>
</suite>
<status status="PASS" start="2024-05-02T14:13:21.016861" elapsed="1.064276"/>
</suite>
<statistics>
<total>
<stat pass="5" fail="0" skip="0">All Tests</stat>
</total>
<tag>
<stat pass="1" fail="0" skip="0">testeConteudo</stat>
<stat pass="1" fail="0" skip="0">testeEstruturaResposta</stat>
<stat pass="1" fail="0" skip="0">testeRequisicaoBasica</stat>
<stat pass="1" fail="0" skip="0">testeTiposDados</stat>
</tag>
<suite>
<stat pass="5" fail="0" skip="0" id="s1" name="Tests">Tests</stat>
<stat pass="5" fail="0" skip="0" id="s1-s1" name="Random-User-Test">Tests.Random-User-Test</stat>
</suite>
</statistics>
<errors>
</errors>
</robot>
