<?xml version="1.0" encoding="UTF-8"?>
<robot generator="Robot 7.0 (Python 3.12.3 on linux)" generated="2024-04-28T02:27:45.219859" rpa="false" schemaversion="5">
<suite id="s1" name="Tests" source="/home/runner/work/DesafioQAItauRogerioJordao/DesafioQAItauRogerioJordao/RamdonUser/tests">
<suite id="s1-s1" name="Random-User-Test" source="/home/runner/work/DesafioQAItauRogerioJordao/DesafioQAItauRogerioJordao/RamdonUser/tests/random-user-test.robot">
<test id="s1-s1-t1" name="Conectar" line="13">
<kw name="Conectar API" owner="random-user-service">
<kw name="Create Session" owner="RequestsLibrary">
<msg time="2024-04-28T02:27:45.570581" level="INFO">Creating Session using : alias=consultarAPI, url=https://randomuser.me/, headers={},                     cookies={}, auth=None, timeout=None, proxies=None, verify=False,                     debug=0 </msg>
<arg>consultarAPI</arg>
<arg>${URL}</arg>
<doc>Create Session: create a HTTP session to a server</doc>
<status status="PASS" start="2024-04-28T02:27:45.570388" elapsed="0.000360"/>
</kw>
<status status="PASS" start="2024-04-28T02:27:45.569477" elapsed="0.001616"/>
</kw>
<status status="PASS" start="2024-04-28T02:27:45.568957" elapsed="0.002333"/>
</test>
<test id="s1-s1-t2" name="Validar retorno 200 e JSON Válido" line="16">
<kw name="Teste de Requisicao Basica" owner="random-user-service">
<kw name="GET On Session" owner="RequestsLibrary">
<msg time="2024-04-28T02:27:45.646977" level="INFO">GET Request : url=https://randomuser.me/api 
 path_url=/api 
 headers={'User-Agent': 'python-requests/2.31.0', 'Accept-Encoding': 'gzip, deflate', 'Accept': '*/*', 'Connection': 'keep-alive'} 
 body=None 
 </msg>
<msg time="2024-04-28T02:27:45.647085" level="INFO">GET Response : url=https://randomuser.me/api 
 status=200, reason=OK 
 headers={'Date': 'Sun, 28 Apr 2024 02:27:45 GMT', 'Content-Type': 'application/json; charset=utf-8', 'Transfer-Encoding': 'chunked', 'Connection': 'keep-alive', 'X-Powered-By': 'Express', 'Access-Control-Allow-Origin': '*', 'Cache-Control': 'no-cache', 'ETag': 'W/"493-TrGRRVTzPQCssC3E0wAKgJ/xTqM"', 'Vary': 'Accept-Encoding', 'Content-Encoding': 'gzip', 'CF-Cache-Status': 'DYNAMIC', 'Report-To': '{"endpoints":[{"url":"https:\\/\\/a.nel.cloudflare.com\\/report\\/v4?s=NHltbxcV4UUo9U1KZvbkv1DM5Iq95KJFAxpLgB10WR606QrE02EEaYwX7EB%2BBqSdg9nHzJgETSq2Z4uWzgOsV21720%2FX%2B65kjaP9O9%2F82CGstmgeebXRakPCdgeXcfb9"}],"group":"cf-nel","max_age":604800}', 'NEL': '{"success_fraction":0,"report_to":"cf-nel","max_age":604800}', 'Server': 'cloudflare', 'CF-RAY': '87b39d721eb63b3c-IAD', 'alt-svc': 'h3=":443"; ma=86400'} 
 body={"results":[{"gender":"female","name":{"title":"Ms","first":"سوگند","last":"پارسا"},"location":{"street":{"number":688,"name":"فداییان اسلام"},"city":"تهران","state":"چهارمحال و بختیاری","country":"Iran","postcode":11982,"coordinates":{"latitude":"21.1562","longitude":"60.8309"},"timezone":{"offset":"+4:30","description":"Kabul"}},"email":"swgnd.prs@example.com","login":{"uuid":"8cca195c-0158-4b6f-a324-6b0bb85cc0eb","username":"crazykoala771","password":"bulldog1","salt":"euFSz7Pp","md5":"ef4ef4d0083a2d119f2c4f558a6c49cf","sha1":"a5ec0148612852eaa661ca97283b69b88ce3ec13","sha256":"fc1b61a733dc84c8a990e705b7283ff593f7453c2838248a26603642a019ee87"},"dob":{"date":"1946-06-06T07:59:00.401Z","age":77},"registered":{"date":"2016-11-25T21:03:25.727Z","age":7},"phone":"053-77086627","cell":"0975-351-0797","id":{"name":"","value":null},"picture":{"large":"https://randomuser.me/api/portraits/women/71.jpg","medium":"https://randomuser.me/api/portraits/med/women/71.jpg","thumbnail":"https://randomuser.me/api/portraits/thumb/women/71.jpg"},"nat":"IR"}],"info":{"seed":"f3632a2a72479c42","results":1,"page":1,"version":"1.4"}} 
 </msg>
<msg time="2024-04-28T02:27:45.647158" level="INFO">/opt/hostedtoolcache/Python/3.12.3/x64/lib/python3.12/site-packages/urllib3/connectionpool.py:1103: InsecureRequestWarning: Unverified HTTPS request is being made to host 'randomuser.me'. Adding certificate verification is strongly advised. See: https://urllib3.readthedocs.io/en/latest/advanced-usage.html#tls-warnings
  warnings.warn(</msg>
<msg time="2024-04-28T02:27:45.647291" level="INFO">${response} = &lt;Response [200]&gt;</msg>
<var>${response}</var>
<arg>consultarAPI</arg>
<arg>/api</arg>
<doc>Sends a GET request on a previously created HTTP Session.</doc>
<status status="PASS" start="2024-04-28T02:27:45.573867" elapsed="0.073469"/>
</kw>
<kw name="Should Be Equal As Numbers" owner="BuiltIn">
<msg time="2024-04-28T02:27:45.648154" level="INFO">Argument types are:
&lt;class 'int'&gt;
&lt;class 'str'&gt;</msg>
<arg>${response.status_code}</arg>
<arg>200</arg>
<doc>Fails if objects are unequal after converting them to real numbers.</doc>
<status status="PASS" start="2024-04-28T02:27:45.647741" elapsed="0.000476"/>
</kw>
<kw name="Log" owner="BuiltIn">
<msg time="2024-04-28T02:27:45.648911" level="INFO">200</msg>
<arg>${response.status_code}</arg>
<doc>Logs the given message with the given level.</doc>
<status status="PASS" start="2024-04-28T02:27:45.648555" elapsed="0.000433"/>
</kw>
<kw name="Set Variable" owner="BuiltIn">
<msg time="2024-04-28T02:27:45.649752" level="INFO">${json_data} = {'results': [{'gender': 'female', 'name': {'title': 'Ms', 'first': 'سوگند', 'last': 'پارسا'}, 'location': {'street': {'number': 688, 'name': 'فداییان اسلام'}, 'city': 'تهران', 'state': 'چهارمحال و بخت...</msg>
<var>${json_data}</var>
<arg>${response.json()}</arg>
<doc>Returns the given values which can then be assigned to a variables.</doc>
<status status="PASS" start="2024-04-28T02:27:45.649302" elapsed="0.000480"/>
</kw>
<kw name="Dictionary Should Contain Key" owner="Collections">
<msg time="2024-04-28T02:27:45.650263" level="INFO">False</msg>
<arg>${json_data}</arg>
<arg>results</arg>
<doc>Fails if ``key`` is not found from ``dictionary``.</doc>
<status status="PASS" start="2024-04-28T02:27:45.650090" elapsed="0.000217"/>
</kw>
<status status="PASS" start="2024-04-28T02:27:45.573624" elapsed="0.076935"/>
</kw>
<doc>Testa se a API responde corretamente e retorna um objeto JSON válido.</doc>
<tag>testeRequisicaoBasica</tag>
<status status="PASS" start="2024-04-28T02:27:45.573181" elapsed="0.077550"/>
</test>
<test id="s1-s1-t3" name="Validar estrutura de resposta" line="22">
<kw name="Teste de Estrutura de Resposta" owner="random-user-service">
<kw name="GET On Session" owner="RequestsLibrary">
<msg time="2024-04-28T02:27:45.756160" level="INFO">GET Request : url=https://randomuser.me/api 
 path_url=/api 
 headers={'User-Agent': 'python-requests/2.31.0', 'Accept-Encoding': 'gzip, deflate', 'Accept': '*/*', 'Connection': 'keep-alive'} 
 body=None 
 </msg>
<msg time="2024-04-28T02:27:45.756243" level="INFO">GET Response : url=https://randomuser.me/api 
 status=200, reason=OK 
 headers={'Date': 'Sun, 28 Apr 2024 02:27:45 GMT', 'Content-Type': 'application/json; charset=utf-8', 'Transfer-Encoding': 'chunked', 'Connection': 'keep-alive', 'X-Powered-By': 'Express', 'Access-Control-Allow-Origin': '*', 'Cache-Control': 'no-cache', 'ETag': 'W/"488-L8Gz03J1uQMJsAvEkKMATqk3514"', 'Vary': 'Accept-Encoding', 'Content-Encoding': 'gzip', 'CF-Cache-Status': 'DYNAMIC', 'Report-To': '{"endpoints":[{"url":"https:\\/\\/a.nel.cloudflare.com\\/report\\/v4?s=xYcZH59PggNfRh7De%2FJLZg8NlRt0HNMZPk%2F89nsB%2BOH%2Fac01Axcimibgzfu5kFvnioyLEyrAJdVj3MhKJiTEhO1m2mJ4GZcMbl4pSiijciE%2B5SCWwZ4OSnHYg%2FuM7SN1"}],"group":"cf-nel","max_age":604800}', 'NEL': '{"success_fraction":0,"report_to":"cf-nel","max_age":604800}', 'Server': 'cloudflare', 'CF-RAY': '87b39d725f043b3c-IAD', 'alt-svc': 'h3=":443"; ma=86400'} 
 body={"results":[{"gender":"male","name":{"title":"Mr","first":"Connor","last":"Hale"},"location":{"street":{"number":8612,"name":"Springfield Road"},"city":"Donabate","state":"Tipperary","country":"Ireland","postcode":99329,"coordinates":{"latitude":"3.0719","longitude":"-150.9287"},"timezone":{"offset":"+9:00","description":"Tokyo, Seoul, Osaka, Sapporo, Yakutsk"}},"email":"connor.hale@example.com","login":{"uuid":"35edc4df-faab-48d7-9669-8ff157a58e31","username":"happylion555","password":"gator","salt":"0NOUGYBe","md5":"45145bf37da0356b0a09860b0bf5fe81","sha1":"2f53b9bb4ff680a5d96900afbeb8fb1cb7dcd13a","sha256":"0fbc81c27df58995f248fee9ef60db96fde421d42fd368c8a87d9a03433da8c5"},"dob":{"date":"1998-03-30T08:12:13.355Z","age":26},"registered":{"date":"2021-05-30T14:37:22.969Z","age":2},"phone":"031-463-5920","cell":"081-621-5503","id":{"name":"PPS","value":"7617876T"},"picture":{"large":"https://randomuser.me/api/portraits/men/10.jpg","medium":"https://randomuser.me/api/portraits/med/men/10.jpg","thumbnail":"https://randomuser.me/api/portraits/thumb/men/10.jpg"},"nat":"IE"}],"info":{"seed":"a3f639431ad35dcd","results":1,"page":1,"version":"1.4"}} 
 </msg>
<msg time="2024-04-28T02:27:45.756344" level="INFO">/opt/hostedtoolcache/Python/3.12.3/x64/lib/python3.12/site-packages/urllib3/connectionpool.py:1103: InsecureRequestWarning: Unverified HTTPS request is being made to host 'randomuser.me'. Adding certificate verification is strongly advised. See: https://urllib3.readthedocs.io/en/latest/advanced-usage.html#tls-warnings
  warnings.warn(</msg>
<msg time="2024-04-28T02:27:45.756460" level="INFO">${response} = &lt;Response [200]&gt;</msg>
<var>${response}</var>
<arg>consultarAPI</arg>
<arg>/api</arg>
<doc>Sends a GET request on a previously created HTTP Session.</doc>
<status status="PASS" start="2024-04-28T02:27:45.653434" elapsed="0.103071"/>
</kw>
<kw name="Set Variable" owner="BuiltIn">
<msg time="2024-04-28T02:27:45.757365" level="INFO">${json_data} = {'results': [{'gender': 'male', 'name': {'title': 'Mr', 'first': 'Connor', 'last': 'Hale'}, 'location': {'street': {'number': 8612, 'name': 'Springfield Road'}, 'city': 'Donabate', 'state': 'Tipperary...</msg>
<var>${json_data}</var>
<arg>${response.json()}</arg>
<doc>Returns the given values which can then be assigned to a variables.</doc>
<status status="PASS" start="2024-04-28T02:27:45.756877" elapsed="0.000517"/>
</kw>
<kw name="Log" owner="BuiltIn">
<msg time="2024-04-28T02:27:45.757864" level="INFO">{'results': [{'gender': 'male', 'name': {'title': 'Mr', 'first': 'Connor', 'last': 'Hale'}, 'location': {'street': {'number': 8612, 'name': 'Springfield Road'}, 'city': 'Donabate', 'state': 'Tipperary', 'country': 'Ireland', 'postcode': 99329, 'coordinates': {'latitude': '3.0719', 'longitude': '-150.9287'}, 'timezone': {'offset': '+9:00', 'description': 'Tokyo, Seoul, Osaka, Sapporo, Yakutsk'}}, 'email': 'connor.hale@example.com', 'login': {'uuid': '35edc4df-faab-48d7-9669-8ff157a58e31', 'username': 'happylion555', 'password': 'gator', 'salt': '0NOUGYBe', 'md5': '45145bf37da0356b0a09860b0bf5fe81', 'sha1': '2f53b9bb4ff680a5d96900afbeb8fb1cb7dcd13a', 'sha256': '0fbc81c27df58995f248fee9ef60db96fde421d42fd368c8a87d9a03433da8c5'}, 'dob': {'date': '1998-03-30T08:12:13.355Z', 'age': 26}, 'registered': {'date': '2021-05-30T14:37:22.969Z', 'age': 2}, 'phone': '031-463-5920', 'cell': '081-621-5503', 'id': {'name': 'PPS', 'value': '7617876T'}, 'picture': {'large': 'https://randomuser.me/api/portraits/men/10.jpg', 'medium': 'https://randomuser.me/api/portraits/med/men/10.jpg', 'thumbnail': 'https://randomuser.me/api/portraits/thumb/men/10.jpg'}, 'nat': 'IE'}], 'info': {'seed': 'a3f639431ad35dcd', 'results': 1, 'page': 1, 'version': '1.4'}}</msg>
<arg>${json_data}</arg>
<doc>Logs the given message with the given level.</doc>
<status status="PASS" start="2024-04-28T02:27:45.757707" elapsed="0.000205"/>
</kw>
<kw name="Dictionary Should Contain Key" owner="Collections">
<msg time="2024-04-28T02:27:45.758366" level="INFO">False</msg>
<arg>${json_data}</arg>
<arg>results</arg>
<doc>Fails if ``key`` is not found from ``dictionary``.</doc>
<status status="PASS" start="2024-04-28T02:27:45.758205" elapsed="0.000198"/>
</kw>
<kw name="Should Not Be Empty" owner="BuiltIn">
<msg time="2024-04-28T02:27:45.758833" level="INFO">Length is 2.</msg>
<arg>${json_data}</arg>
<doc>Verifies that the given item is not empty.</doc>
<status status="PASS" start="2024-04-28T02:27:45.758695" elapsed="0.000317"/>
</kw>
<kw name="Create List" owner="BuiltIn">
<msg time="2024-04-28T02:27:45.759464" level="INFO">${expected_keys} = ['gender', 'name', 'location', 'email', 'login']</msg>
<var>${expected_keys}</var>
<arg>gender</arg>
<arg>name</arg>
<arg>location</arg>
<arg>email</arg>
<arg>login</arg>
<doc>Returns a list containing given items.</doc>
<status status="PASS" start="2024-04-28T02:27:45.759310" elapsed="0.000179"/>
</kw>
<for flavor="IN">
<iter>
<kw name="Dictionary Should Contain Key" owner="Collections">
<msg time="2024-04-28T02:27:45.760457" level="INFO">False</msg>
<arg>${json_data['results'][0]}</arg>
<arg>${key}</arg>
<doc>Fails if ``key`` is not found from ``dictionary``.</doc>
<status status="PASS" start="2024-04-28T02:27:45.760055" elapsed="0.000442"/>
</kw>
<kw name="Log" owner="BuiltIn">
<msg time="2024-04-28T02:27:45.761210" level="INFO">{'gender': 'male', 'name': {'title': 'Mr', 'first': 'Connor', 'last': 'Hale'}, 'location': {'street': {'number': 8612, 'name': 'Springfield Road'}, 'city': 'Donabate', 'state': 'Tipperary', 'country': 'Ireland', 'postcode': 99329, 'coordinates': {'latitude': '3.0719', 'longitude': '-150.9287'}, 'timezone': {'offset': '+9:00', 'description': 'Tokyo, Seoul, Osaka, Sapporo, Yakutsk'}}, 'email': 'connor.hale@example.com', 'login': {'uuid': '35edc4df-faab-48d7-9669-8ff157a58e31', 'username': 'happylion555', 'password': 'gator', 'salt': '0NOUGYBe', 'md5': '45145bf37da0356b0a09860b0bf5fe81', 'sha1': '2f53b9bb4ff680a5d96900afbeb8fb1cb7dcd13a', 'sha256': '0fbc81c27df58995f248fee9ef60db96fde421d42fd368c8a87d9a03433da8c5'}, 'dob': {'date': '1998-03-30T08:12:13.355Z', 'age': 26}, 'registered': {'date': '2021-05-30T14:37:22.969Z', 'age': 2}, 'phone': '031-463-5920', 'cell': '081-621-5503', 'id': {'name': 'PPS', 'value': '7617876T'}, 'picture': {'large': 'https://randomuser.me/api/portraits/men/10.jpg', 'medium': 'https://randomuser.me/api/portraits/med/men/10.jpg', 'thumbnail': 'https://randomuser.me/api/portraits/thumb/men/10.jpg'}, 'nat': 'IE'}</msg>
<arg>${json_data['results'][0]}</arg>
<doc>Logs the given message with the given level.</doc>
<status status="PASS" start="2024-04-28T02:27:45.760803" elapsed="0.000456"/>
</kw>
<kw name="Log" owner="BuiltIn">
<msg time="2024-04-28T02:27:45.761686" level="INFO">gender</msg>
<arg>${key}</arg>
<doc>Logs the given message with the given level.</doc>
<status status="PASS" start="2024-04-28T02:27:45.761557" elapsed="0.000166"/>
</kw>
<var name="${key}">gender</var>
<status status="PASS" start="2024-04-28T02:27:45.759930" elapsed="0.002007"/>
</iter>
<iter>
<kw name="Dictionary Should Contain Key" owner="Collections">
<msg time="2024-04-28T02:27:45.762636" level="INFO">False</msg>
<arg>${json_data['results'][0]}</arg>
<arg>${key}</arg>
<doc>Fails if ``key`` is not found from ``dictionary``.</doc>
<status status="PASS" start="2024-04-28T02:27:45.762242" elapsed="0.000433"/>
</kw>
<kw name="Log" owner="BuiltIn">
<msg time="2024-04-28T02:27:45.763372" level="INFO">{'gender': 'male', 'name': {'title': 'Mr', 'first': 'Connor', 'last': 'Hale'}, 'location': {'street': {'number': 8612, 'name': 'Springfield Road'}, 'city': 'Donabate', 'state': 'Tipperary', 'country': 'Ireland', 'postcode': 99329, 'coordinates': {'latitude': '3.0719', 'longitude': '-150.9287'}, 'timezone': {'offset': '+9:00', 'description': 'Tokyo, Seoul, Osaka, Sapporo, Yakutsk'}}, 'email': 'connor.hale@example.com', 'login': {'uuid': '35edc4df-faab-48d7-9669-8ff157a58e31', 'username': 'happylion555', 'password': 'gator', 'salt': '0NOUGYBe', 'md5': '45145bf37da0356b0a09860b0bf5fe81', 'sha1': '2f53b9bb4ff680a5d96900afbeb8fb1cb7dcd13a', 'sha256': '0fbc81c27df58995f248fee9ef60db96fde421d42fd368c8a87d9a03433da8c5'}, 'dob': {'date': '1998-03-30T08:12:13.355Z', 'age': 26}, 'registered': {'date': '2021-05-30T14:37:22.969Z', 'age': 2}, 'phone': '031-463-5920', 'cell': '081-621-5503', 'id': {'name': 'PPS', 'value': '7617876T'}, 'picture': {'large': 'https://randomuser.me/api/portraits/men/10.jpg', 'medium': 'https://randomuser.me/api/portraits/med/men/10.jpg', 'thumbnail': 'https://randomuser.me/api/portraits/thumb/men/10.jpg'}, 'nat': 'IE'}</msg>
<arg>${json_data['results'][0]}</arg>
<doc>Logs the given message with the given level.</doc>
<status status="PASS" start="2024-04-28T02:27:45.763000" elapsed="0.000420"/>
</kw>
<kw name="Log" owner="BuiltIn">
<msg time="2024-04-28T02:27:45.763843" level="INFO">name</msg>
<arg>${key}</arg>
<doc>Logs the given message with the given level.</doc>
<status status="PASS" start="2024-04-28T02:27:45.763716" elapsed="0.000164"/>
</kw>
<var name="${key}">name</var>
<status status="PASS" start="2024-04-28T02:27:45.762124" elapsed="0.001967"/>
</iter>
<iter>
<kw name="Dictionary Should Contain Key" owner="Collections">
<msg time="2024-04-28T02:27:45.764773" level="INFO">False</msg>
<arg>${json_data['results'][0]}</arg>
<arg>${key}</arg>
<doc>Fails if ``key`` is not found from ``dictionary``.</doc>
<status status="PASS" start="2024-04-28T02:27:45.764384" elapsed="0.000427"/>
</kw>
<kw name="Log" owner="BuiltIn">
<msg time="2024-04-28T02:27:45.765510" level="INFO">{'gender': 'male', 'name': {'title': 'Mr', 'first': 'Connor', 'last': 'Hale'}, 'location': {'street': {'number': 8612, 'name': 'Springfield Road'}, 'city': 'Donabate', 'state': 'Tipperary', 'country': 'Ireland', 'postcode': 99329, 'coordinates': {'latitude': '3.0719', 'longitude': '-150.9287'}, 'timezone': {'offset': '+9:00', 'description': 'Tokyo, Seoul, Osaka, Sapporo, Yakutsk'}}, 'email': 'connor.hale@example.com', 'login': {'uuid': '35edc4df-faab-48d7-9669-8ff157a58e31', 'username': 'happylion555', 'password': 'gator', 'salt': '0NOUGYBe', 'md5': '45145bf37da0356b0a09860b0bf5fe81', 'sha1': '2f53b9bb4ff680a5d96900afbeb8fb1cb7dcd13a', 'sha256': '0fbc81c27df58995f248fee9ef60db96fde421d42fd368c8a87d9a03433da8c5'}, 'dob': {'date': '1998-03-30T08:12:13.355Z', 'age': 26}, 'registered': {'date': '2021-05-30T14:37:22.969Z', 'age': 2}, 'phone': '031-463-5920', 'cell': '081-621-5503', 'id': {'name': 'PPS', 'value': '7617876T'}, 'picture': {'large': 'https://randomuser.me/api/portraits/men/10.jpg', 'medium': 'https://randomuser.me/api/portraits/med/men/10.jpg', 'thumbnail': 'https://randomuser.me/api/portraits/thumb/men/10.jpg'}, 'nat': 'IE'}</msg>
<arg>${json_data['results'][0]}</arg>
<doc>Logs the given message with the given level.</doc>
<status status="PASS" start="2024-04-28T02:27:45.765139" elapsed="0.000419"/>
</kw>
<kw name="Log" owner="BuiltIn">
<msg time="2024-04-28T02:27:45.765982" level="INFO">location</msg>
<arg>${key}</arg>
<doc>Logs the given message with the given level.</doc>
<status status="PASS" start="2024-04-28T02:27:45.765855" elapsed="0.000165"/>
</kw>
<var name="${key}">location</var>
<status status="PASS" start="2024-04-28T02:27:45.764272" elapsed="0.001960"/>
</iter>
<iter>
<kw name="Dictionary Should Contain Key" owner="Collections">
<msg time="2024-04-28T02:27:45.766902" level="INFO">False</msg>
<arg>${json_data['results'][0]}</arg>
<arg>${key}</arg>
<doc>Fails if ``key`` is not found from ``dictionary``.</doc>
<status status="PASS" start="2024-04-28T02:27:45.766517" elapsed="0.000422"/>
</kw>
<kw name="Log" owner="BuiltIn">
<msg time="2024-04-28T02:27:45.767590" level="INFO">{'gender': 'male', 'name': {'title': 'Mr', 'first': 'Connor', 'last': 'Hale'}, 'location': {'street': {'number': 8612, 'name': 'Springfield Road'}, 'city': 'Donabate', 'state': 'Tipperary', 'country': 'Ireland', 'postcode': 99329, 'coordinates': {'latitude': '3.0719', 'longitude': '-150.9287'}, 'timezone': {'offset': '+9:00', 'description': 'Tokyo, Seoul, Osaka, Sapporo, Yakutsk'}}, 'email': 'connor.hale@example.com', 'login': {'uuid': '35edc4df-faab-48d7-9669-8ff157a58e31', 'username': 'happylion555', 'password': 'gator', 'salt': '0NOUGYBe', 'md5': '45145bf37da0356b0a09860b0bf5fe81', 'sha1': '2f53b9bb4ff680a5d96900afbeb8fb1cb7dcd13a', 'sha256': '0fbc81c27df58995f248fee9ef60db96fde421d42fd368c8a87d9a03433da8c5'}, 'dob': {'date': '1998-03-30T08:12:13.355Z', 'age': 26}, 'registered': {'date': '2021-05-30T14:37:22.969Z', 'age': 2}, 'phone': '031-463-5920', 'cell': '081-621-5503', 'id': {'name': 'PPS', 'value': '7617876T'}, 'picture': {'large': 'https://randomuser.me/api/portraits/men/10.jpg', 'medium': 'https://randomuser.me/api/portraits/med/men/10.jpg', 'thumbnail': 'https://randomuser.me/api/portraits/thumb/men/10.jpg'}, 'nat': 'IE'}</msg>
<arg>${json_data['results'][0]}</arg>
<doc>Logs the given message with the given level.</doc>
<status status="PASS" start="2024-04-28T02:27:45.767235" elapsed="0.000402"/>
</kw>
<kw name="Log" owner="BuiltIn">
<msg time="2024-04-28T02:27:45.768064" level="INFO">email</msg>
<arg>${key}</arg>
<doc>Logs the given message with the given level.</doc>
<status status="PASS" start="2024-04-28T02:27:45.767936" elapsed="0.000166"/>
</kw>
<var name="${key}">email</var>
<status status="PASS" start="2024-04-28T02:27:45.766406" elapsed="0.001907"/>
</iter>
<iter>
<kw name="Dictionary Should Contain Key" owner="Collections">
<msg time="2024-04-28T02:27:45.769038" level="INFO">False</msg>
<arg>${json_data['results'][0]}</arg>
<arg>${key}</arg>
<doc>Fails if ``key`` is not found from ``dictionary``.</doc>
<status status="PASS" start="2024-04-28T02:27:45.768594" elapsed="0.000498"/>
</kw>
<kw name="Log" owner="BuiltIn">
<msg time="2024-04-28T02:27:45.769769" level="INFO">{'gender': 'male', 'name': {'title': 'Mr', 'first': 'Connor', 'last': 'Hale'}, 'location': {'street': {'number': 8612, 'name': 'Springfield Road'}, 'city': 'Donabate', 'state': 'Tipperary', 'country': 'Ireland', 'postcode': 99329, 'coordinates': {'latitude': '3.0719', 'longitude': '-150.9287'}, 'timezone': {'offset': '+9:00', 'description': 'Tokyo, Seoul, Osaka, Sapporo, Yakutsk'}}, 'email': 'connor.hale@example.com', 'login': {'uuid': '35edc4df-faab-48d7-9669-8ff157a58e31', 'username': 'happylion555', 'password': 'gator', 'salt': '0NOUGYBe', 'md5': '45145bf37da0356b0a09860b0bf5fe81', 'sha1': '2f53b9bb4ff680a5d96900afbeb8fb1cb7dcd13a', 'sha256': '0fbc81c27df58995f248fee9ef60db96fde421d42fd368c8a87d9a03433da8c5'}, 'dob': {'date': '1998-03-30T08:12:13.355Z', 'age': 26}, 'registered': {'date': '2021-05-30T14:37:22.969Z', 'age': 2}, 'phone': '031-463-5920', 'cell': '081-621-5503', 'id': {'name': 'PPS', 'value': '7617876T'}, 'picture': {'large': 'https://randomuser.me/api/portraits/men/10.jpg', 'medium': 'https://randomuser.me/api/portraits/med/men/10.jpg', 'thumbnail': 'https://randomuser.me/api/portraits/thumb/men/10.jpg'}, 'nat': 'IE'}</msg>
<arg>${json_data['results'][0]}</arg>
<doc>Logs the given message with the given level.</doc>
<status status="PASS" start="2024-04-28T02:27:45.769400" elapsed="0.000418"/>
</kw>
<kw name="Log" owner="BuiltIn">
<msg time="2024-04-28T02:27:45.770240" level="INFO">login</msg>
<arg>${key}</arg>
<doc>Logs the given message with the given level.</doc>
<status status="PASS" start="2024-04-28T02:27:45.770114" elapsed="0.000164"/>
</kw>
<var name="${key}">login</var>
<status status="PASS" start="2024-04-28T02:27:45.768485" elapsed="0.002029"/>
</iter>
<var>${key}</var>
<value>@{expected_keys}</value>
<status status="PASS" start="2024-04-28T02:27:45.759743" elapsed="0.010895"/>
</for>
<kw name="Create List" owner="BuiltIn">
<msg time="2024-04-28T02:27:45.770964" level="INFO">${expected_keysTwo} = ['username', 'password']</msg>
<var>${expected_keysTwo}</var>
<arg>username</arg>
<arg>password</arg>
<doc>Returns a list containing given items.</doc>
<status status="PASS" start="2024-04-28T02:27:45.770829" elapsed="0.000159"/>
</kw>
<for flavor="IN">
<iter>
<kw name="Dictionary Should Contain Key" owner="Collections">
<msg time="2024-04-28T02:27:45.771877" level="INFO">False</msg>
<arg>${json_data['results'][0]['login']}</arg>
<arg>${keyTwo}</arg>
<doc>Fails if ``key`` is not found from ``dictionary``.</doc>
<status status="PASS" start="2024-04-28T02:27:45.771489" elapsed="0.000425"/>
</kw>
<kw name="Dictionary Should Contain Key" owner="Collections">
<msg time="2024-04-28T02:27:45.772592" level="INFO">False</msg>
<arg>${json_data['results'][0]['login']}</arg>
<arg>${keyTwo}</arg>
<doc>Fails if ``key`` is not found from ``dictionary``.</doc>
<status status="PASS" start="2024-04-28T02:27:45.772202" elapsed="0.000427"/>
</kw>
<kw name="Log" owner="BuiltIn">
<msg time="2024-04-28T02:27:45.773083" level="INFO">username</msg>
<arg>${keyTwo}</arg>
<doc>Logs the given message with the given level.</doc>
<status status="PASS" start="2024-04-28T02:27:45.772918" elapsed="0.000209"/>
</kw>
<var name="${keyTwo}">username</var>
<status status="PASS" start="2024-04-28T02:27:45.771381" elapsed="0.001967"/>
</iter>
<iter>
<kw name="Dictionary Should Contain Key" owner="Collections">
<msg time="2024-04-28T02:27:45.774095" level="INFO">False</msg>
<arg>${json_data['results'][0]['login']}</arg>
<arg>${keyTwo}</arg>
<doc>Fails if ``key`` is not found from ``dictionary``.</doc>
<status status="PASS" start="2024-04-28T02:27:45.773626" elapsed="0.000509"/>
</kw>
<kw name="Dictionary Should Contain Key" owner="Collections">
<msg time="2024-04-28T02:27:45.774804" level="INFO">False</msg>
<arg>${json_data['results'][0]['login']}</arg>
<arg>${keyTwo}</arg>
<doc>Fails if ``key`` is not found from ``dictionary``.</doc>
<status status="PASS" start="2024-04-28T02:27:45.774429" elapsed="0.000412"/>
</kw>
<kw name="Log" owner="BuiltIn">
<msg time="2024-04-28T02:27:45.775257" level="INFO">password</msg>
<arg>${keyTwo}</arg>
<doc>Logs the given message with the given level.</doc>
<status status="PASS" start="2024-04-28T02:27:45.775131" elapsed="0.000163"/>
</kw>
<var name="${keyTwo}">password</var>
<status status="PASS" start="2024-04-28T02:27:45.773516" elapsed="0.001992"/>
</iter>
<var>${keyTwo}</var>
<value>@{expected_keysTwo}</value>
<status status="PASS" start="2024-04-28T02:27:45.771229" elapsed="0.004399"/>
</for>
<status status="PASS" start="2024-04-28T02:27:45.653195" elapsed="0.122571"/>
</kw>
<doc>Testa a estrutura da resposta da API.</doc>
<tag>testeEstruturaResposta</tag>
<status status="PASS" start="2024-04-28T02:27:45.652574" elapsed="0.123341"/>
</test>
<test id="s1-s1-t4" name="Validar tipos de dados" line="28">
<kw name="Teste de Tipos de Dados" owner="random-user-service">
<kw name="GET On Session" owner="RequestsLibrary">
<msg time="2024-04-28T02:27:46.152049" level="INFO">GET Request : url=https://randomuser.me/api 
 path_url=/api 
 headers={'User-Agent': 'python-requests/2.31.0', 'Accept-Encoding': 'gzip, deflate', 'Accept': '*/*', 'Connection': 'keep-alive'} 
 body=None 
 </msg>
<msg time="2024-04-28T02:27:46.152143" level="INFO">GET Response : url=https://randomuser.me/api 
 status=200, reason=OK 
 headers={'Date': 'Sun, 28 Apr 2024 02:27:46 GMT', 'Content-Type': 'application/json; charset=utf-8', 'Transfer-Encoding': 'chunked', 'Connection': 'keep-alive', 'X-Powered-By': 'Express', 'Access-Control-Allow-Origin': '*', 'Cache-Control': 'no-cache', 'ETag': 'W/"4a1-cwoxvH6OwHru1VdesmNUDMkpM18"', 'Vary': 'Accept-Encoding', 'Content-Encoding': 'gzip', 'CF-Cache-Status': 'DYNAMIC', 'Report-To': '{"endpoints":[{"url":"https:\\/\\/a.nel.cloudflare.com\\/report\\/v4?s=Ck7qg3QDUK%2BqulOw7QNnBeqOstiUJzycb9NYoq917oMJxnePoueTDOnMiARrw2RgLH05Mtj10VMORlV2zbyhy54xounmYqSwtay8DFzE6biPheZH6nymtroBbaySBdCE"}],"group":"cf-nel","max_age":604800}', 'NEL': '{"success_fraction":0,"report_to":"cf-nel","max_age":604800}', 'Server': 'cloudflare', 'CF-RAY': '87b39d7328053b3c-IAD', 'alt-svc': 'h3=":443"; ma=86400'} 
 body={"results":[{"gender":"female","name":{"title":"Mrs","first":"Filicitata","last":"Ryaboshapka"},"location":{"street":{"number":6651,"name":"Ploshcha Geroyiv Ievromaydanu"},"city":"Kalmiuske","state":"Zaporizka","country":"Ukraine","postcode":34779,"coordinates":{"latitude":"80.4382","longitude":"136.6919"},"timezone":{"offset":"+7:00","description":"Bangkok, Hanoi, Jakarta"}},"email":"filicitata.ryaboshapka@example.com","login":{"uuid":"eb7da365-41e2-409b-b686-eb090f3616ae","username":"happytiger748","password":"krusty","salt":"f3idKT0y","md5":"ccd2c5bde70b2883eb5998560fc89583","sha1":"8e73250387a19e66399001ac8d09c463c1bcfd69","sha256":"5f896b82299596928f969c523b3fb6a8f5ab7adfffcbe3840da8ae306e0d6bff"},"dob":{"date":"1944-12-05T06:10:14.388Z","age":79},"registered":{"date":"2014-09-29T18:05:15.403Z","age":9},"phone":"(099) F40-4693","cell":"(068) B87-8003","id":{"name":"","value":null},"picture":{"large":"https://randomuser.me/api/portraits/women/4.jpg","medium":"https://randomuser.me/api/portraits/med/women/4.jpg","thumbnail":"https://randomuser.me/api/portraits/thumb/women/4.jpg"},"nat":"UA"}],"info":{"seed":"5dc7f5587f71a642","results":1,"page":1,"version":"1.4"}} 
 </msg>
<msg time="2024-04-28T02:27:46.152210" level="INFO">/opt/hostedtoolcache/Python/3.12.3/x64/lib/python3.12/site-packages/urllib3/connectionpool.py:1103: InsecureRequestWarning: Unverified HTTPS request is being made to host 'randomuser.me'. Adding certificate verification is strongly advised. See: https://urllib3.readthedocs.io/en/latest/advanced-usage.html#tls-warnings
  warnings.warn(</msg>
<msg time="2024-04-28T02:27:46.152346" level="INFO">${response} = &lt;Response [200]&gt;</msg>
<var>${response}</var>
<arg>consultarAPI</arg>
<arg>/api</arg>
<doc>Sends a GET request on a previously created HTTP Session.</doc>
<status status="PASS" start="2024-04-28T02:27:45.778469" elapsed="0.373909"/>
</kw>
<kw name="Set Variable" owner="BuiltIn">
<msg time="2024-04-28T02:27:46.153404" level="INFO">${json_data} = {'results': [{'gender': 'female', 'name': {'title': 'Mrs', 'first': 'Filicitata', 'last': 'Ryaboshapka'}, 'location': {'street': {'number': 6651, 'name': 'Ploshcha Geroyiv Ievromaydanu'}, 'city': 'Kal...</msg>
<var>${json_data}</var>
<arg>${response.json()}</arg>
<doc>Returns the given values which can then be assigned to a variables.</doc>
<status status="PASS" start="2024-04-28T02:27:46.152853" elapsed="0.000580"/>
</kw>
<kw name="Log" owner="BuiltIn">
<msg time="2024-04-28T02:27:46.153893" level="INFO">{'results': [{'gender': 'female', 'name': {'title': 'Mrs', 'first': 'Filicitata', 'last': 'Ryaboshapka'}, 'location': {'street': {'number': 6651, 'name': 'Ploshcha Geroyiv Ievromaydanu'}, 'city': 'Kalmiuske', 'state': 'Zaporizka', 'country': 'Ukraine', 'postcode': 34779, 'coordinates': {'latitude': '80.4382', 'longitude': '136.6919'}, 'timezone': {'offset': '+7:00', 'description': 'Bangkok, Hanoi, Jakarta'}}, 'email': 'filicitata.ryaboshapka@example.com', 'login': {'uuid': 'eb7da365-41e2-409b-b686-eb090f3616ae', 'username': 'happytiger748', 'password': 'krusty', 'salt': 'f3idKT0y', 'md5': 'ccd2c5bde70b2883eb5998560fc89583', 'sha1': '8e73250387a19e66399001ac8d09c463c1bcfd69', 'sha256': '5f896b82299596928f969c523b3fb6a8f5ab7adfffcbe3840da8ae306e0d6bff'}, 'dob': {'date': '1944-12-05T06:10:14.388Z', 'age': 79}, 'registered': {'date': '2014-09-29T18:05:15.403Z', 'age': 9}, 'phone': '(099) F40-4693', 'cell': '(068) B87-8003', 'id': {'name': '', 'value': None}, 'picture': {'large': 'https://randomuser.me/api/portraits/women/4.jpg', 'medium': 'https://randomuser.me/api/portraits/med/women/4.jpg', 'thumbnail': 'https://randomuser.me/api/portraits/thumb/women/4.jpg'}, 'nat': 'UA'}], 'info': {'seed': '5dc7f5587f71a642', 'results': 1, 'page': 1, 'version': '1.4'}}</msg>
<arg>${json_data}</arg>
<doc>Logs the given message with the given level.</doc>
<status status="PASS" start="2024-04-28T02:27:46.153738" elapsed="0.000242"/>
</kw>
<kw name="Should Be String" owner="String">
<arg>${json_data['results'][0]['gender']}</arg>
<doc>Fails if the given ``item`` is not a string.</doc>
<status status="PASS" start="2024-04-28T02:27:46.154275" elapsed="0.000358"/>
</kw>
<kw name="Should Match Regexp" owner="BuiltIn">
<arg>${json_data['results'][0]['email']}</arg>
<arg>^[a-zA-Z0-9._%+-]+@[a-zA-Z0-9.-]+\.[a-zA-Z]{2,}$</arg>
<doc>Fails if ``string`` does not match ``pattern`` as a regular expression.</doc>
<status status="PASS" start="2024-04-28T02:27:46.154825" elapsed="0.000509"/>
</kw>
<kw name="Should Match Regexp" owner="BuiltIn">
<arg>${json_data['results'][0]['dob']['date']}</arg>
<arg>\\d{4}-\\d{2}-\\d{2}T\\d{2}:\\d{2}:\\d{2}\\.\\d{3}Z</arg>
<doc>Fails if ``string`` does not match ``pattern`` as a regular expression.</doc>
<status status="PASS" start="2024-04-28T02:27:46.155527" elapsed="0.000486"/>
</kw>
<kw name="Should Match Regexp" owner="BuiltIn">
<arg>${json_data['results'][0]['registered']['date']}</arg>
<arg>\\d{4}-\\d{2}-\\d{2}T\\d{2}:\\d{2}:\\d{2}\\.\\d{3}Z</arg>
<doc>Fails if ``string`` does not match ``pattern`` as a regular expression.</doc>
<status status="PASS" start="2024-04-28T02:27:46.156203" elapsed="0.000365"/>
</kw>
<kw name="Should Match Regexp" owner="BuiltIn">
<arg>${json_data['results'][0]['picture']['large']}</arg>
<arg>^https?://.*\.(?:png|jpe?g|gif|bmp)$</arg>
<doc>Fails if ``string`` does not match ``pattern`` as a regular expression.</doc>
<status status="PASS" start="2024-04-28T02:27:46.156751" elapsed="0.000504"/>
</kw>
<kw name="Should Match Regexp" owner="BuiltIn">
<arg>${json_data['results'][0]['picture']['medium']}</arg>
<arg>^https?://.*\.(?:png|jpe?g|gif|bmp)$</arg>
<doc>Fails if ``string`` does not match ``pattern`` as a regular expression.</doc>
<status status="PASS" start="2024-04-28T02:27:46.157440" elapsed="0.000365"/>
</kw>
<kw name="Should Match Regexp" owner="BuiltIn">
<arg>${json_data['results'][0]['picture']['thumbnail']}</arg>
<arg>^https?://.*\.(?:png|jpe?g|gif|bmp)$</arg>
<doc>Fails if ``string`` does not match ``pattern`` as a regular expression.</doc>
<status status="PASS" start="2024-04-28T02:27:46.157990" elapsed="0.000351"/>
</kw>
<kw name="Log" owner="BuiltIn">
<msg time="2024-04-28T02:27:46.158840" level="INFO">{'large': 'https://randomuser.me/api/portraits/women/4.jpg', 'medium': 'https://randomuser.me/api/portraits/med/women/4.jpg', 'thumbnail': 'https://randomuser.me/api/portraits/thumb/women/4.jpg'}</msg>
<arg>${json_data['results'][0]['picture']}</arg>
<doc>Logs the given message with the given level.</doc>
<status status="PASS" start="2024-04-28T02:27:46.158519" elapsed="0.000361"/>
</kw>
<status status="PASS" start="2024-04-28T02:27:45.778244" elapsed="0.380889"/>
</kw>
<kw name="Teste de Tipos de Dados - Postcode" owner="random-user-service">
<kw name="GET On Session" owner="RequestsLibrary">
<msg time="2024-04-28T02:27:46.294283" level="INFO">GET Request : url=https://randomuser.me/api 
 path_url=/api 
 headers={'User-Agent': 'python-requests/2.31.0', 'Accept-Encoding': 'gzip, deflate', 'Accept': '*/*', 'Connection': 'keep-alive'} 
 body=None 
 </msg>
<msg time="2024-04-28T02:27:46.294365" level="INFO">GET Response : url=https://randomuser.me/api 
 status=200, reason=OK 
 headers={'Date': 'Sun, 28 Apr 2024 02:27:46 GMT', 'Content-Type': 'application/json; charset=utf-8', 'Transfer-Encoding': 'chunked', 'Connection': 'keep-alive', 'X-Powered-By': 'Express', 'Access-Control-Allow-Origin': '*', 'Cache-Control': 'no-cache', 'ETag': 'W/"481-tBUP8wd96cMs8FHXUTvHqWlhYZQ"', 'Vary': 'Accept-Encoding', 'Content-Encoding': 'gzip', 'CF-Cache-Status': 'DYNAMIC', 'Report-To': '{"endpoints":[{"url":"https:\\/\\/a.nel.cloudflare.com\\/report\\/v4?s=H3sBjiB30N2jX5T178KFAkQO5R%2FiPOZnrWBeJJ9c1hQA9REUli6F0Avx6ej4Jz%2FbXXh376cqyG70Lp9qLNTVEQqUM8zu4Qn4u7gr5zax63gNoBSva%2FXa8Vb3wl325M1d"}],"group":"cf-nel","max_age":604800}', 'NEL': '{"success_fraction":0,"report_to":"cf-nel","max_age":604800}', 'Server': 'cloudflare', 'CF-RAY': '87b39d758a8f3b3c-IAD', 'alt-svc': 'h3=":443"; ma=86400'} 
 body={"results":[{"gender":"female","name":{"title":"Miss","first":"Mary","last":"Steen"},"location":{"street":{"number":924,"name":"Fredheimveien"},"city":"Isebakke","state":"Trøndelag","country":"Norway","postcode":"6024","coordinates":{"latitude":"41.6302","longitude":"9.4701"},"timezone":{"offset":"-3:00","description":"Brazil, Buenos Aires, Georgetown"}},"email":"mary.steen@example.com","login":{"uuid":"ac25135e-1911-4b0e-8f7e-76961272a867","username":"tinykoala480","password":"iverson3","salt":"LhgRb5r0","md5":"c823ebdbec4403f717651ef5aeaa3b96","sha1":"89d2b65ba326ade3f63d60ba969f40582e783536","sha256":"82d98ff029368500c2b69d6a2af2a0f4a6dfdc7d7dbf45e6537d70ea964e8db8"},"dob":{"date":"1978-01-24T03:41:11.785Z","age":46},"registered":{"date":"2010-11-09T15:02:05.705Z","age":13},"phone":"24165444","cell":"90794644","id":{"name":"FN","value":"24017822817"},"picture":{"large":"https://randomuser.me/api/portraits/women/6.jpg","medium":"https://randomuser.me/api/portraits/med/women/6.jpg","thumbnail":"https://randomuser.me/api/portraits/thumb/women/6.jpg"},"nat":"NO"}],"info":{"seed":"c41f2ba5492ab187","results":1,"page":1,"version":"1.4"}} 
 </msg>
<msg time="2024-04-28T02:27:46.294429" level="INFO">/opt/hostedtoolcache/Python/3.12.3/x64/lib/python3.12/site-packages/urllib3/connectionpool.py:1103: InsecureRequestWarning: Unverified HTTPS request is being made to host 'randomuser.me'. Adding certificate verification is strongly advised. See: https://urllib3.readthedocs.io/en/latest/advanced-usage.html#tls-warnings
  warnings.warn(</msg>
<msg time="2024-04-28T02:27:46.294552" level="INFO">${response} = &lt;Response [200]&gt;</msg>
<var>${response}</var>
<arg>consultarAPI</arg>
<arg>/api</arg>
<doc>Sends a GET request on a previously created HTTP Session.</doc>
<status status="PASS" start="2024-04-28T02:27:46.159596" elapsed="0.135002"/>
</kw>
<kw name="Set Variable" owner="BuiltIn">
<msg time="2024-04-28T02:27:46.295506" level="INFO">${json_data} = {'results': [{'gender': 'female', 'name': {'title': 'Miss', 'first': 'Mary', 'last': 'Steen'}, 'location': {'street': {'number': 924, 'name': 'Fredheimveien'}, 'city': 'Isebakke', 'state': 'Trøndelag'...</msg>
<var>${json_data}</var>
<arg>${response.json()}</arg>
<doc>Returns the given values which can then be assigned to a variables.</doc>
<status status="PASS" start="2024-04-28T02:27:46.295017" elapsed="0.000517"/>
</kw>
<kw name="Log" owner="BuiltIn">
<msg time="2024-04-28T02:27:46.295998" level="INFO">{'results': [{'gender': 'female', 'name': {'title': 'Miss', 'first': 'Mary', 'last': 'Steen'}, 'location': {'street': {'number': 924, 'name': 'Fredheimveien'}, 'city': 'Isebakke', 'state': 'Trøndelag', 'country': 'Norway', 'postcode': '6024', 'coordinates': {'latitude': '41.6302', 'longitude': '9.4701'}, 'timezone': {'offset': '-3:00', 'description': 'Brazil, Buenos Aires, Georgetown'}}, 'email': 'mary.steen@example.com', 'login': {'uuid': 'ac25135e-1911-4b0e-8f7e-76961272a867', 'username': 'tinykoala480', 'password': 'iverson3', 'salt': 'LhgRb5r0', 'md5': 'c823ebdbec4403f717651ef5aeaa3b96', 'sha1': '89d2b65ba326ade3f63d60ba969f40582e783536', 'sha256': '82d98ff029368500c2b69d6a2af2a0f4a6dfdc7d7dbf45e6537d70ea964e8db8'}, 'dob': {'date': '1978-01-24T03:41:11.785Z', 'age': 46}, 'registered': {'date': '2010-11-09T15:02:05.705Z', 'age': 13}, 'phone': '24165444', 'cell': '90794644', 'id': {'name': 'FN', 'value': '24017822817'}, 'picture': {'large': 'https://randomuser.me/api/portraits/women/6.jpg', 'medium': 'https://randomuser.me/api/portraits/med/women/6.jpg', 'thumbnail': 'https://randomuser.me/api/portraits/thumb/women/6.jpg'}, 'nat': 'NO'}], 'info': {'seed': 'c41f2ba5492ab187', 'results': 1, 'page': 1, 'version': '1.4'}}</msg>
<arg>${json_data}</arg>
<doc>Logs the given message with the given level.</doc>
<status status="PASS" start="2024-04-28T02:27:46.295841" elapsed="0.000237"/>
</kw>
<kw name="Should Be Equal As Numbers" owner="BuiltIn">
<arg>${json_data['results'][0]['location']['postcode']}</arg>
<arg>${json_data['results'][0]['location']['postcode']}</arg>
<doc>Fails if objects are unequal after converting them to real numbers.</doc>
<status status="PASS" start="2024-04-28T02:27:46.296539" elapsed="0.000679"/>
</kw>
<kw name="Log" owner="BuiltIn">
<msg time="2024-04-28T02:27:46.297751" level="INFO">6024</msg>
<arg>${json_data['results'][0]['location']['postcode']}</arg>
<doc>Logs the given message with the given level.</doc>
<status status="PASS" start="2024-04-28T02:27:46.297411" elapsed="0.000379"/>
</kw>
<status status="PASS" start="2024-04-28T02:27:46.159360" elapsed="0.138681"/>
</kw>
<doc>Testa se os tipos de dados na resposta da API estão corretos.</doc>
<tag>testeTiposDados</tag>
<status status="PASS" start="2024-04-28T02:27:45.777730" elapsed="0.520474"/>
</test>
<test id="s1-s1-t5" name="Validar conteudo" line="35">
<kw name="Teste de Tipos de Conteudo" owner="random-user-service">
<kw name="GET On Session" owner="RequestsLibrary">
<msg time="2024-04-28T02:27:46.367382" level="INFO">GET Request : url=https://randomuser.me/api 
 path_url=/api 
 headers={'User-Agent': 'python-requests/2.31.0', 'Accept-Encoding': 'gzip, deflate', 'Accept': '*/*', 'Connection': 'keep-alive'} 
 body=None 
 </msg>
<msg time="2024-04-28T02:27:46.367463" level="INFO">GET Response : url=https://randomuser.me/api 
 status=200, reason=OK 
 headers={'Date': 'Sun, 28 Apr 2024 02:27:46 GMT', 'Content-Type': 'application/json; charset=utf-8', 'Transfer-Encoding': 'chunked', 'Connection': 'keep-alive', 'X-Powered-By': 'Express', 'Access-Control-Allow-Origin': '*', 'Cache-Control': 'no-cache', 'ETag': 'W/"497-m7P9k30vnNR1UpjdwT9gz+PVDLU"', 'Vary': 'Accept-Encoding', 'Content-Encoding': 'gzip', 'CF-Cache-Status': 'DYNAMIC', 'Report-To': '{"endpoints":[{"url":"https:\\/\\/a.nel.cloudflare.com\\/report\\/v4?s=Vnv4d8Xc9Zlipq%2BsmtX20vR9iWECeKcEa%2Bq1CgYocbhWFEyVpSN09aDAr7%2Fslgp7I2Dj9biEVym5dZTA0hU8KZ8Lqhq2KmoW6yDnT7lroRrhtO%2BQKNJwf6YerzQL574F"}],"group":"cf-nel","max_age":604800}', 'NEL': '{"success_fraction":0,"report_to":"cf-nel","max_age":604800}', 'Server': 'cloudflare', 'CF-RAY': '87b39d766b313b3c-IAD', 'alt-svc': 'h3=":443"; ma=86400'} 
 body={"results":[{"gender":"male","name":{"title":"Mr","first":"Stefan","last":"Katanić"},"location":{"street":{"number":8817,"name":"Doktora Branka I Jelene"},"city":"Požarevac","state":"Kosovo-Pomoravlje","country":"Serbia","postcode":36666,"coordinates":{"latitude":"56.7403","longitude":"-149.2686"},"timezone":{"offset":"+6:00","description":"Almaty, Dhaka, Colombo"}},"email":"stefan.katanic@example.com","login":{"uuid":"c4ce2a34-e035-40d5-a456-b2ffe1c98987","username":"goldengorilla736","password":"dipper","salt":"4anua3vN","md5":"5d3834a4234fd191891c90abd385d19c","sha1":"b7e188ef3ccce8952d8a85d55b801348a803d22a","sha256":"0b90ec6caf1561479541d072dee3d0172d89382a4e886c3ab7e6a07966a5a495"},"dob":{"date":"1953-03-28T05:46:23.855Z","age":71},"registered":{"date":"2021-03-11T02:49:20.103Z","age":3},"phone":"031-7555-549","cell":"069-6891-417","id":{"name":"SID","value":"707970226"},"picture":{"large":"https://randomuser.me/api/portraits/men/93.jpg","medium":"https://randomuser.me/api/portraits/med/men/93.jpg","thumbnail":"https://randomuser.me/api/portraits/thumb/men/93.jpg"},"nat":"RS"}],"info":{"seed":"a4fa483a12fb11fa","results":1,"page":1,"version":"1.4"}} 
 </msg>
<msg time="2024-04-28T02:27:46.367521" level="INFO">/opt/hostedtoolcache/Python/3.12.3/x64/lib/python3.12/site-packages/urllib3/connectionpool.py:1103: InsecureRequestWarning: Unverified HTTPS request is being made to host 'randomuser.me'. Adding certificate verification is strongly advised. See: https://urllib3.readthedocs.io/en/latest/advanced-usage.html#tls-warnings
  warnings.warn(</msg>
<msg time="2024-04-28T02:27:46.367623" level="INFO">${response} = &lt;Response [200]&gt;</msg>
<var>${response}</var>
<arg>consultarAPI</arg>
<arg>/api</arg>
<doc>Sends a GET request on a previously created HTTP Session.</doc>
<status status="PASS" start="2024-04-28T02:27:46.300696" elapsed="0.066966"/>
</kw>
<kw name="Set Variable" owner="BuiltIn">
<msg time="2024-04-28T02:27:46.368477" level="INFO">${json_data} = {'results': [{'gender': 'male', 'name': {'title': 'Mr', 'first': 'Stefan', 'last': 'Katanić'}, 'location': {'street': {'number': 8817, 'name': 'Doktora Branka I Jelene'}, 'city': 'Požarevac', 'state':...</msg>
<var>${json_data}</var>
<arg>${response.json()}</arg>
<doc>Returns the given values which can then be assigned to a variables.</doc>
<status status="PASS" start="2024-04-28T02:27:46.368008" elapsed="0.000500"/>
</kw>
<kw name="Set Variable" owner="BuiltIn">
<msg time="2024-04-28T02:27:46.369242" level="INFO">${name_title} = Mr</msg>
<var>${name_title}</var>
<arg>${json_data["results"][0]["name"]["title"]}</arg>
<doc>Returns the given values which can then be assigned to a variables.</doc>
<status status="PASS" start="2024-04-28T02:27:46.368810" elapsed="0.000457"/>
</kw>
<kw name="Create List" owner="BuiltIn">
<msg time="2024-04-28T02:27:46.369717" level="INFO">${allowed_titles} = ['Mr', 'Ms', 'Miss', 'Mrs', 'Madame', 'Monsieur']</msg>
<var>${allowed_titles}</var>
<arg>Mr</arg>
<arg>Ms</arg>
<arg>Miss</arg>
<arg>Mrs</arg>
<arg>Madame</arg>
<arg>Monsieur</arg>
<doc>Returns a list containing given items.</doc>
<status status="PASS" start="2024-04-28T02:27:46.369569" elapsed="0.000172"/>
</kw>
<kw name="List Should Contain Value" owner="Collections">
<msg time="2024-04-28T02:27:46.370213" level="INFO">False</msg>
<arg>${allowed_titles}</arg>
<arg>${name_title}</arg>
<doc>Fails if the ``value`` is not found from ``list``.</doc>
<status status="PASS" start="2024-04-28T02:27:46.370041" elapsed="0.000208"/>
</kw>
<kw name="Set Variable" owner="BuiltIn">
<msg time="2024-04-28T02:27:46.370915" level="INFO">${name_country} = RS</msg>
<var>${name_country}</var>
<arg>${json_data["results"][0]["nat"]}</arg>
<doc>Returns the given values which can then be assigned to a variables.</doc>
<status status="PASS" start="2024-04-28T02:27:46.370536" elapsed="0.000404"/>
</kw>
<kw name="Create List" owner="BuiltIn">
<msg time="2024-04-28T02:27:46.371819" level="INFO">${list_country} = ['AD', 'AE', 'AF', 'AG', 'AI', 'AL', 'AM', 'AO', 'AQ', 'AR', 'AS', 'AT', 'AU', 'AW', 'AX', 'AZ', 'BA', 'BB', 'BD', 'BE', 'BF', 'BG', 'BH', 'BI', 'BJ', 'BL', 'BM', 'BN', 'BO', 'BQ', 'BR', 'BS', 'BT', '...</msg>
<var>${list_country}</var>
<arg>AD</arg>
<arg>AE</arg>
<arg>AF</arg>
<arg>AG</arg>
<arg>AI</arg>
<arg>AL</arg>
<arg>AM</arg>
<arg>AO</arg>
<arg>AQ</arg>
<arg>AR</arg>
<arg>AS</arg>
<arg>AT</arg>
<arg>AU</arg>
<arg>AW</arg>
<arg>AX</arg>
<arg>AZ</arg>
<arg>BA</arg>
<arg>BB</arg>
<arg>BD</arg>
<arg>BE</arg>
<arg>BF</arg>
<arg>BG</arg>
<arg>BH</arg>
<arg>BI</arg>
<arg>BJ</arg>
<arg>BL</arg>
<arg>BM</arg>
<arg>BN</arg>
<arg>BO</arg>
<arg>BQ</arg>
<arg>BR</arg>
<arg>BS</arg>
<arg>BT</arg>
<arg>BV</arg>
<arg>BW</arg>
<arg>BY</arg>
<arg>BZ</arg>
<arg>CA</arg>
<arg>CC</arg>
<arg>CD</arg>
<arg>CF</arg>
<arg>CG</arg>
<arg>CH</arg>
<arg>CI</arg>
<arg>CK</arg>
<arg>CL</arg>
<arg>CM</arg>
<arg>CN</arg>
<arg>CO</arg>
<arg>CR</arg>
<arg>CU</arg>
<arg>CV</arg>
<arg>CW</arg>
<arg>CX</arg>
<arg>CY</arg>
<arg>CZ</arg>
<arg>DE</arg>
<arg>DJ</arg>
<arg>DK</arg>
<arg>DM</arg>
<arg>DO</arg>
<arg>DZ</arg>
<arg>EC</arg>
<arg>EE</arg>
<arg>EG</arg>
<arg>EH</arg>
<arg>ER</arg>
<arg>ES</arg>
<arg>ET</arg>
<arg>FI</arg>
<arg>FJ</arg>
<arg>FK</arg>
<arg>FM</arg>
<arg>FO</arg>
<arg>FR</arg>
<arg>GA</arg>
<arg>GB</arg>
<arg>GD</arg>
<arg>GE</arg>
<arg>GF</arg>
<arg>GG</arg>
<arg>GH</arg>
<arg>GI</arg>
<arg>GL</arg>
<arg>GM</arg>
<arg>GN</arg>
<arg>GP</arg>
<arg>GQ</arg>
<arg>GR</arg>
<arg>GS</arg>
<arg>GT</arg>
<arg>GU</arg>
<arg>GW</arg>
<arg>GY</arg>
<arg>HK</arg>
<arg>HM</arg>
<arg>HN</arg>
<arg>HR</arg>
<arg>HT</arg>
<arg>HU</arg>
<arg>ID</arg>
<arg>IE</arg>
<arg>IL</arg>
<arg>IM</arg>
<arg>IN</arg>
<arg>IO</arg>
<arg>IQ</arg>
<arg>IR</arg>
<arg>IS</arg>
<arg>IT</arg>
<arg>JE</arg>
<arg>JM</arg>
<arg>JO</arg>
<arg>JP</arg>
<arg>KE</arg>
<arg>KG</arg>
<arg>KH</arg>
<arg>KI</arg>
<arg>KM</arg>
<arg>KN</arg>
<arg>KP</arg>
<arg>KR</arg>
<arg>KW</arg>
<arg>KY</arg>
<arg>KZ</arg>
<arg>LA</arg>
<arg>LB</arg>
<arg>LC</arg>
<arg>LI</arg>
<arg>LK</arg>
<arg>LR</arg>
<arg>LS</arg>
<arg>LT</arg>
<arg>LU</arg>
<arg>LV</arg>
<arg>LY</arg>
<arg>MA</arg>
<arg>MC</arg>
<arg>MD</arg>
<arg>ME</arg>
<arg>MF</arg>
<arg>MG</arg>
<arg>MH</arg>
<arg>MK</arg>
<arg>ML</arg>
<arg>MM</arg>
<arg>MN</arg>
<arg>MO</arg>
<arg>MP</arg>
<arg>MQ</arg>
<arg>MR</arg>
<arg>MS</arg>
<arg>MT</arg>
<arg>MU</arg>
<arg>MV</arg>
<arg>MW</arg>
<arg>MX</arg>
<arg>MY</arg>
<arg>MZ</arg>
<arg>NA</arg>
<arg>NC</arg>
<arg>NE</arg>
<arg>NF</arg>
<arg>NG</arg>
<arg>NI</arg>
<arg>NL</arg>
<arg>NO</arg>
<arg>NP</arg>
<arg>NR</arg>
<arg>NU</arg>
<arg>NZ</arg>
<arg>OM</arg>
<arg>PA</arg>
<arg>PE</arg>
<arg>PF</arg>
<arg>PG</arg>
<arg>PH</arg>
<arg>PK</arg>
<arg>PL</arg>
<arg>PM</arg>
<arg>PN</arg>
<arg>PR</arg>
<arg>PS</arg>
<arg>PT</arg>
<arg>PW</arg>
<arg>PY</arg>
<arg>QA</arg>
<arg>RE</arg>
<arg>RO</arg>
<arg>RS</arg>
<arg>RU</arg>
<arg>RW</arg>
<arg>SA</arg>
<arg>SB</arg>
<arg>SC</arg>
<arg>SD</arg>
<arg>SE</arg>
<arg>SG</arg>
<arg>SH</arg>
<arg>SI</arg>
<arg>SJ</arg>
<arg>SK</arg>
<arg>SL</arg>
<arg>SM</arg>
<arg>SN</arg>
<arg>SO</arg>
<arg>SR</arg>
<arg>SS</arg>
<arg>ST</arg>
<arg>SV</arg>
<arg>SX</arg>
<arg>SY</arg>
<arg>SZ</arg>
<arg>TC</arg>
<arg>TD</arg>
<arg>TF</arg>
<arg>TG</arg>
<arg>TH</arg>
<arg>TJ</arg>
<arg>TK</arg>
<arg>TL</arg>
<arg>TM</arg>
<arg>TN</arg>
<arg>TO</arg>
<arg>TR</arg>
<arg>TT</arg>
<arg>TV</arg>
<arg>TW</arg>
<arg>TZ</arg>
<arg>UA</arg>
<arg>UG</arg>
<arg>UM</arg>
<arg>US</arg>
<arg>UY</arg>
<arg>UZ</arg>
<arg>VA</arg>
<arg>VC</arg>
<arg>VE</arg>
<arg>VG</arg>
<arg>VI</arg>
<arg>VN</arg>
<arg>VU</arg>
<arg>WF</arg>
<arg>WS</arg>
<arg>XK</arg>
<arg>YE</arg>
<arg>YT</arg>
<arg>ZA</arg>
<arg>ZM</arg>
<arg>ZW</arg>
<doc>Returns a list containing given items.</doc>
<status status="PASS" start="2024-04-28T02:27:46.371235" elapsed="0.000609"/>
</kw>
<kw name="List Should Contain Value" owner="Collections">
<msg time="2024-04-28T02:27:46.372833" level="INFO">False</msg>
<arg>${list_country}</arg>
<arg>${name_country}</arg>
<doc>Fails if the ``value`` is not found from ``list``.</doc>
<status status="PASS" start="2024-04-28T02:27:46.372633" elapsed="0.000236"/>
</kw>
<kw name="Run Keyword If" owner="BuiltIn">
<kw name="Should Be True" owner="BuiltIn">
<arg>${True}</arg>
<doc>Fails if the given condition is not true.</doc>
<status status="PASS" start="2024-04-28T02:27:46.373965" elapsed="0.000240"/>
</kw>
<arg>${json_data["results"][0]["location"]["coordinates"]["latitude"]} &gt;= -90 and ${json_data["results"][0]["location"]["coordinates"]["latitude"]} &lt;= 90</arg>
<arg>Should Be True</arg>
<arg>${True}</arg>
<doc>Runs the given keyword with the given arguments, if ``condition`` is true.</doc>
<status status="PASS" start="2024-04-28T02:27:46.373211" elapsed="0.001126"/>
</kw>
<kw name="Run Keyword If" owner="BuiltIn">
<kw name="Should Be True" owner="BuiltIn">
<arg>${True}</arg>
<doc>Fails if the given condition is not true.</doc>
<status status="PASS" start="2024-04-28T02:27:46.375227" elapsed="0.000137"/>
</kw>
<arg>${json_data["results"][0]["location"]["coordinates"]["longitude"]} &gt;= -180 and ${json_data["results"][0]["location"]["coordinates"]["longitude"]} &lt;= 180</arg>
<arg>Should Be True</arg>
<arg>${True}</arg>
<doc>Runs the given keyword with the given arguments, if ``condition`` is true.</doc>
<status status="PASS" start="2024-04-28T02:27:46.374526" elapsed="0.000962"/>
</kw>
<status status="PASS" start="2024-04-28T02:27:46.300471" elapsed="0.075144"/>
</kw>
<doc>Testa o conteúdo específico dos campos retornados pela API.</doc>
<tag>testeConteudo</tag>
<status status="PASS" start="2024-04-28T02:27:46.299942" elapsed="0.075811"/>
</test>
<status status="PASS" start="2024-04-28T02:27:45.276737" elapsed="1.100984"/>
</suite>
<status status="PASS" start="2024-04-28T02:27:45.263283" elapsed="1.119458"/>
</suite>
<statistics>
<total>
<stat pass="5" fail="0" skip="0">All Tests</stat>
</total>
<tag>
<stat pass="1" fail="0" skip="0">testeConteudo</stat>
<stat pass="1" fail="0" skip="0">testeEstruturaResposta</stat>
<stat pass="1" fail="0" skip="0">testeRequisicaoBasica</stat>
<stat pass="1" fail="0" skip="0">testeTiposDados</stat>
</tag>
<suite>
<stat pass="5" fail="0" skip="0" id="s1" name="Tests">Tests</stat>
<stat pass="5" fail="0" skip="0" id="s1-s1" name="Random-User-Test">Tests.Random-User-Test</stat>
</suite>
</statistics>
<errors>
</errors>
</robot>
