<?xml version="1.0" encoding="UTF-8"?>
<robot generator="Robot 7.0 (Python 3.12.3 on linux)" generated="2024-05-22T06:19:52.188535" rpa="false" schemaversion="5">
<suite id="s1" name="Tests" source="/home/runner/work/DesafioQAItauRogerioJordao/DesafioQAItauRogerioJordao/RamdonUser/tests">
<suite id="s1-s1" name="Random-User-Test" source="/home/runner/work/DesafioQAItauRogerioJordao/DesafioQAItauRogerioJordao/RamdonUser/tests/random-user-test.robot">
<test id="s1-s1-t1" name="Conectar" line="13">
<kw name="Conectar API" owner="random-user-service">
<kw name="Create Session" owner="RequestsLibrary">
<msg time="2024-05-22T06:19:52.603916" level="INFO">Creating Session using : alias=consultarAPI, url=https://randomuser.me/, headers={},                     cookies={}, auth=None, timeout=None, proxies=None, verify=False,                     debug=0 </msg>
<arg>consultarAPI</arg>
<arg>${URL}</arg>
<doc>Create Session: create a HTTP session to a server</doc>
<status status="PASS" start="2024-05-22T06:19:52.603705" elapsed="0.000402"/>
</kw>
<status status="PASS" start="2024-05-22T06:19:52.602564" elapsed="0.001913"/>
</kw>
<status status="PASS" start="2024-05-22T06:19:52.601981" elapsed="0.002690"/>
</test>
<test id="s1-s1-t2" name="Validar retorno 200 e JSON Válido" line="16">
<kw name="Teste de Requisicao Basica" owner="random-user-service">
<kw name="GET On Session" owner="RequestsLibrary">
<msg time="2024-05-22T06:19:52.873301" level="INFO">GET Request : url=https://randomuser.me/api 
 path_url=/api 
 headers={'User-Agent': 'python-requests/2.32.2', 'Accept-Encoding': 'gzip, deflate', 'Accept': '*/*', 'Connection': 'keep-alive'} 
 body=None 
 </msg>
<msg time="2024-05-22T06:19:52.873461" level="INFO">GET Response : url=https://randomuser.me/api 
 status=200, reason=OK 
 headers={'Date': 'Wed, 22 May 2024 06:19:52 GMT', 'Content-Type': 'application/json; charset=utf-8', 'Transfer-Encoding': 'chunked', 'Connection': 'keep-alive', 'X-Powered-By': 'Express', 'Access-Control-Allow-Origin': '*', 'Cache-Control': 'no-cache', 'ETag': 'W/"4ad-INB73fqZqiULSAhRI9frdEsD0pQ"', 'Vary': 'Accept-Encoding', 'Content-Encoding': 'gzip', 'CF-Cache-Status': 'DYNAMIC', 'Report-To': '{"endpoints":[{"url":"https:\\/\\/a.nel.cloudflare.com\\/report\\/v4?s=HXrCoxkhyc1mQSDaA9YVHKoo5KXRLyawXKjzfeHnan%2F1K7qfxs3et2Tf%2Fndm8tZ1qwceCQn9uFWlGRroenRKf3JBsvQpo0l1Z8NViQ5zInR1l7BPRzsi7v%2BvBgOapsRZ"}],"group":"cf-nel","max_age":604800}', 'NEL': '{"success_fraction":0,"report_to":"cf-nel","max_age":604800}', 'Server': 'cloudflare', 'CF-RAY': '887ab2760aef8236-IAD', 'alt-svc': 'h3=":443"; ma=86400'} 
 body={"results":[{"gender":"female","name":{"title":"Miss","first":"Adriana","last":"Esquivel"},"location":{"street":{"number":6934,"name":"Peatonal Salcido"},"city":"Huixquilucan","state":"Nuevo Leon","country":"Mexico","postcode":25685,"coordinates":{"latitude":"26.9022","longitude":"107.0272"},"timezone":{"offset":"+11:00","description":"Magadan, Solomon Islands, New Caledonia"}},"email":"adriana.esquivel@example.com","login":{"uuid":"050fbc59-2374-45a9-987b-0a18e204b2a8","username":"sadbird665","password":"john1","salt":"oCqwQKuF","md5":"1a687519912368738295fe9ad3460f02","sha1":"2c5dfa0297e0b1f21a3764847696c44e3b5809bf","sha256":"721a2740c51471bc8ec4eb4cccb9aaa97cccb74a8f8ce97561da3b86b636b491"},"dob":{"date":"1950-07-14T23:55:58.465Z","age":73},"registered":{"date":"2013-06-06T12:43:57.023Z","age":10},"phone":"(610) 261 6557","cell":"(613) 813 3426","id":{"name":"NSS","value":"22 31 14 6315 2"},"picture":{"large":"https://randomuser.me/api/portraits/women/87.jpg","medium":"https://randomuser.me/api/portraits/med/women/87.jpg","thumbnail":"https://randomuser.me/api/portraits/thumb/women/87.jpg"},"nat":"MX"}],"info":{"seed":"b0a53b265a09a9a9","results":1,"page":1,"version":"1.4"}} 
 </msg>
<msg time="2024-05-22T06:19:52.873543" level="INFO">/opt/hostedtoolcache/Python/3.12.3/x64/lib/python3.12/site-packages/urllib3/connectionpool.py:1103: InsecureRequestWarning: Unverified HTTPS request is being made to host 'randomuser.me'. Adding certificate verification is strongly advised. See: https://urllib3.readthedocs.io/en/latest/advanced-usage.html#tls-warnings
  warnings.warn(</msg>
<msg time="2024-05-22T06:19:52.873690" level="INFO">${response} = &lt;Response [200]&gt;</msg>
<var>${response}</var>
<arg>consultarAPI</arg>
<arg>/api</arg>
<doc>Sends a GET request on a previously created HTTP Session.</doc>
<status status="PASS" start="2024-05-22T06:19:52.607617" elapsed="0.266117"/>
</kw>
<kw name="Should Be Equal As Numbers" owner="BuiltIn">
<msg time="2024-05-22T06:19:52.874779" level="INFO">Argument types are:
&lt;class 'int'&gt;
&lt;class 'str'&gt;</msg>
<arg>${response.status_code}</arg>
<arg>200</arg>
<doc>Fails if objects are unequal after converting them to real numbers.</doc>
<status status="PASS" start="2024-05-22T06:19:52.874306" elapsed="0.000540"/>
</kw>
<kw name="Log" owner="BuiltIn">
<msg time="2024-05-22T06:19:52.875599" level="INFO">200</msg>
<arg>${response.status_code}</arg>
<doc>Logs the given message with the given level.</doc>
<status status="PASS" start="2024-05-22T06:19:52.875194" elapsed="0.000456"/>
</kw>
<kw name="Set Variable" owner="BuiltIn">
<msg time="2024-05-22T06:19:52.876417" level="INFO">${json_data} = {'results': [{'gender': 'female', 'name': {'title': 'Miss', 'first': 'Adriana', 'last': 'Esquivel'}, 'location': {'street': {'number': 6934, 'name': 'Peatonal Salcido'}, 'city': 'Huixquilucan', 'state...</msg>
<var>${json_data}</var>
<arg>${response.json()}</arg>
<doc>Returns the given values which can then be assigned to a variables.</doc>
<status status="PASS" start="2024-05-22T06:19:52.875980" elapsed="0.000467"/>
</kw>
<kw name="Dictionary Should Contain Key" owner="Collections">
<msg time="2024-05-22T06:19:52.876925" level="INFO">False</msg>
<arg>${json_data}</arg>
<arg>results</arg>
<doc>Fails if ``key`` is not found from ``dictionary``.</doc>
<status status="PASS" start="2024-05-22T06:19:52.876756" elapsed="0.000383"/>
</kw>
<status status="PASS" start="2024-05-22T06:19:52.607262" elapsed="0.270147"/>
</kw>
<doc>Testa se a API responde corretamente e retorna um objeto JSON válido.</doc>
<tag>testeRequisicaoBasica</tag>
<status status="PASS" start="2024-05-22T06:19:52.606647" elapsed="0.270948"/>
</test>
<test id="s1-s1-t3" name="Validar estrutura de resposta" line="22">
<kw name="Teste de Estrutura de Resposta" owner="random-user-service">
<kw name="GET On Session" owner="RequestsLibrary">
<msg time="2024-05-22T06:19:53.223392" level="INFO">GET Request : url=https://randomuser.me/api 
 path_url=/api 
 headers={'User-Agent': 'python-requests/2.32.2', 'Accept-Encoding': 'gzip, deflate', 'Accept': '*/*', 'Connection': 'keep-alive'} 
 body=None 
 </msg>
<msg time="2024-05-22T06:19:53.223527" level="INFO">GET Response : url=https://randomuser.me/api 
 status=200, reason=OK 
 headers={'Date': 'Wed, 22 May 2024 06:19:53 GMT', 'Content-Type': 'application/json; charset=utf-8', 'Transfer-Encoding': 'chunked', 'Connection': 'keep-alive', 'X-Powered-By': 'Express', 'Access-Control-Allow-Origin': '*', 'Cache-Control': 'no-cache', 'ETag': 'W/"47c-5DvZ2yYV11DCWKccWF/bHIIibl4"', 'Vary': 'Accept-Encoding', 'Content-Encoding': 'gzip', 'CF-Cache-Status': 'DYNAMIC', 'Report-To': '{"endpoints":[{"url":"https:\\/\\/a.nel.cloudflare.com\\/report\\/v4?s=r%2BDuh%2BJESU7fvaNAcKAwhXoSPJE5fcAuqf%2FfgXyLBaqeR7mCEOTP6sUryvynaygsOOJmjWxKTSXYZeMykrU3BVW22D1xKg7sMJNI7b8WEta5CwWjm64B7MJRgEhbOUzl"}],"group":"cf-nel","max_age":604800}', 'NEL': '{"success_fraction":0,"report_to":"cf-nel","max_age":604800}', 'Server': 'cloudflare', 'CF-RAY': '887ab2778c558236-IAD', 'alt-svc': 'h3=":443"; ma=86400'} 
 body={"results":[{"gender":"male","name":{"title":"Mr","first":"David","last":"King"},"location":{"street":{"number":4714,"name":"Lakeview St"},"city":"Hobart","state":"Western Australia","country":"Australia","postcode":2725,"coordinates":{"latitude":"-82.4399","longitude":"-15.4078"},"timezone":{"offset":"-12:00","description":"Eniwetok, Kwajalein"}},"email":"david.king@example.com","login":{"uuid":"380767eb-e8e0-4dcc-85e9-f10b790b11c3","username":"whitemeercat975","password":"feet","salt":"5I5bZWXt","md5":"032d3988f5c66bfa01abbda9330a8f1d","sha1":"49391cd78a18f2c90da964e61ed1739e863fd033","sha256":"2b131d782c5472a4c6221411961ba03863273b7b3d8f96229e15a239e551e4f9"},"dob":{"date":"1948-08-08T18:22:12.453Z","age":75},"registered":{"date":"2003-02-01T17:25:31.273Z","age":21},"phone":"04-5071-1719","cell":"0497-740-378","id":{"name":"TFN","value":"308340369"},"picture":{"large":"https://randomuser.me/api/portraits/men/69.jpg","medium":"https://randomuser.me/api/portraits/med/men/69.jpg","thumbnail":"https://randomuser.me/api/portraits/thumb/men/69.jpg"},"nat":"AU"}],"info":{"seed":"a9dd747e908c47f7","results":1,"page":1,"version":"1.4"}} 
 </msg>
<msg time="2024-05-22T06:19:53.223656" level="INFO">/opt/hostedtoolcache/Python/3.12.3/x64/lib/python3.12/site-packages/urllib3/connectionpool.py:1103: InsecureRequestWarning: Unverified HTTPS request is being made to host 'randomuser.me'. Adding certificate verification is strongly advised. See: https://urllib3.readthedocs.io/en/latest/advanced-usage.html#tls-warnings
  warnings.warn(</msg>
<msg time="2024-05-22T06:19:53.223787" level="INFO">${response} = &lt;Response [200]&gt;</msg>
<var>${response}</var>
<arg>consultarAPI</arg>
<arg>/api</arg>
<doc>Sends a GET request on a previously created HTTP Session.</doc>
<status status="PASS" start="2024-05-22T06:19:52.880214" elapsed="0.343612"/>
</kw>
<kw name="Set Variable" owner="BuiltIn">
<msg time="2024-05-22T06:19:53.225005" level="INFO">${json_data} = {'results': [{'gender': 'male', 'name': {'title': 'Mr', 'first': 'David', 'last': 'King'}, 'location': {'street': {'number': 4714, 'name': 'Lakeview St'}, 'city': 'Hobart', 'state': 'Western Australia...</msg>
<var>${json_data}</var>
<arg>${response.json()}</arg>
<doc>Returns the given values which can then be assigned to a variables.</doc>
<status status="PASS" start="2024-05-22T06:19:53.224442" elapsed="0.000593"/>
</kw>
<kw name="Log" owner="BuiltIn">
<msg time="2024-05-22T06:19:53.225506" level="INFO">{'results': [{'gender': 'male', 'name': {'title': 'Mr', 'first': 'David', 'last': 'King'}, 'location': {'street': {'number': 4714, 'name': 'Lakeview St'}, 'city': 'Hobart', 'state': 'Western Australia', 'country': 'Australia', 'postcode': 2725, 'coordinates': {'latitude': '-82.4399', 'longitude': '-15.4078'}, 'timezone': {'offset': '-12:00', 'description': 'Eniwetok, Kwajalein'}}, 'email': 'david.king@example.com', 'login': {'uuid': '380767eb-e8e0-4dcc-85e9-f10b790b11c3', 'username': 'whitemeercat975', 'password': 'feet', 'salt': '5I5bZWXt', 'md5': '032d3988f5c66bfa01abbda9330a8f1d', 'sha1': '49391cd78a18f2c90da964e61ed1739e863fd033', 'sha256': '2b131d782c5472a4c6221411961ba03863273b7b3d8f96229e15a239e551e4f9'}, 'dob': {'date': '1948-08-08T18:22:12.453Z', 'age': 75}, 'registered': {'date': '2003-02-01T17:25:31.273Z', 'age': 21}, 'phone': '04-5071-1719', 'cell': '0497-740-378', 'id': {'name': 'TFN', 'value': '308340369'}, 'picture': {'large': 'https://randomuser.me/api/portraits/men/69.jpg', 'medium': 'https://randomuser.me/api/portraits/med/men/69.jpg', 'thumbnail': 'https://randomuser.me/api/portraits/thumb/men/69.jpg'}, 'nat': 'AU'}], 'info': {'seed': 'a9dd747e908c47f7', 'results': 1, 'page': 1, 'version': '1.4'}}</msg>
<arg>${json_data}</arg>
<doc>Logs the given message with the given level.</doc>
<status status="PASS" start="2024-05-22T06:19:53.225346" elapsed="0.000207"/>
</kw>
<kw name="Dictionary Should Contain Key" owner="Collections">
<msg time="2024-05-22T06:19:53.226002" level="INFO">False</msg>
<arg>${json_data}</arg>
<arg>results</arg>
<doc>Fails if ``key`` is not found from ``dictionary``.</doc>
<status status="PASS" start="2024-05-22T06:19:53.225847" elapsed="0.000192"/>
</kw>
<kw name="Should Not Be Empty" owner="BuiltIn">
<msg time="2024-05-22T06:19:53.226473" level="INFO">Length is 2.</msg>
<arg>${json_data}</arg>
<doc>Verifies that the given item is not empty.</doc>
<status status="PASS" start="2024-05-22T06:19:53.226343" elapsed="0.000169"/>
</kw>
<kw name="Create List" owner="BuiltIn">
<msg time="2024-05-22T06:19:53.226959" level="INFO">${expected_keys} = ['gender', 'name', 'location', 'email', 'login']</msg>
<var>${expected_keys}</var>
<arg>gender</arg>
<arg>name</arg>
<arg>location</arg>
<arg>email</arg>
<arg>login</arg>
<doc>Returns a list containing given items.</doc>
<status status="PASS" start="2024-05-22T06:19:53.226804" elapsed="0.000179"/>
</kw>
<for flavor="IN">
<iter>
<kw name="Dictionary Should Contain Key" owner="Collections">
<msg time="2024-05-22T06:19:53.228015" level="INFO">False</msg>
<arg>${json_data['results'][0]}</arg>
<arg>${key}</arg>
<doc>Fails if ``key`` is not found from ``dictionary``.</doc>
<status status="PASS" start="2024-05-22T06:19:53.227600" elapsed="0.000458"/>
</kw>
<kw name="Log" owner="BuiltIn">
<msg time="2024-05-22T06:19:53.228724" level="INFO">{'gender': 'male', 'name': {'title': 'Mr', 'first': 'David', 'last': 'King'}, 'location': {'street': {'number': 4714, 'name': 'Lakeview St'}, 'city': 'Hobart', 'state': 'Western Australia', 'country': 'Australia', 'postcode': 2725, 'coordinates': {'latitude': '-82.4399', 'longitude': '-15.4078'}, 'timezone': {'offset': '-12:00', 'description': 'Eniwetok, Kwajalein'}}, 'email': 'david.king@example.com', 'login': {'uuid': '380767eb-e8e0-4dcc-85e9-f10b790b11c3', 'username': 'whitemeercat975', 'password': 'feet', 'salt': '5I5bZWXt', 'md5': '032d3988f5c66bfa01abbda9330a8f1d', 'sha1': '49391cd78a18f2c90da964e61ed1739e863fd033', 'sha256': '2b131d782c5472a4c6221411961ba03863273b7b3d8f96229e15a239e551e4f9'}, 'dob': {'date': '1948-08-08T18:22:12.453Z', 'age': 75}, 'registered': {'date': '2003-02-01T17:25:31.273Z', 'age': 21}, 'phone': '04-5071-1719', 'cell': '0497-740-378', 'id': {'name': 'TFN', 'value': '308340369'}, 'picture': {'large': 'https://randomuser.me/api/portraits/men/69.jpg', 'medium': 'https://randomuser.me/api/portraits/med/men/69.jpg', 'thumbnail': 'https://randomuser.me/api/portraits/thumb/men/69.jpg'}, 'nat': 'AU'}</msg>
<arg>${json_data['results'][0]}</arg>
<doc>Logs the given message with the given level.</doc>
<status status="PASS" start="2024-05-22T06:19:53.228357" elapsed="0.000417"/>
</kw>
<kw name="Log" owner="BuiltIn">
<msg time="2024-05-22T06:19:53.229198" level="INFO">gender</msg>
<arg>${key}</arg>
<doc>Logs the given message with the given level.</doc>
<status status="PASS" start="2024-05-22T06:19:53.229069" elapsed="0.000167"/>
</kw>
<var name="${key}">gender</var>
<status status="PASS" start="2024-05-22T06:19:53.227438" elapsed="0.002014"/>
</iter>
<iter>
<kw name="Dictionary Should Contain Key" owner="Collections">
<msg time="2024-05-22T06:19:53.230137" level="INFO">False</msg>
<arg>${json_data['results'][0]}</arg>
<arg>${key}</arg>
<doc>Fails if ``key`` is not found from ``dictionary``.</doc>
<status status="PASS" start="2024-05-22T06:19:53.229750" elapsed="0.000423"/>
</kw>
<kw name="Log" owner="BuiltIn">
<msg time="2024-05-22T06:19:53.230849" level="INFO">{'gender': 'male', 'name': {'title': 'Mr', 'first': 'David', 'last': 'King'}, 'location': {'street': {'number': 4714, 'name': 'Lakeview St'}, 'city': 'Hobart', 'state': 'Western Australia', 'country': 'Australia', 'postcode': 2725, 'coordinates': {'latitude': '-82.4399', 'longitude': '-15.4078'}, 'timezone': {'offset': '-12:00', 'description': 'Eniwetok, Kwajalein'}}, 'email': 'david.king@example.com', 'login': {'uuid': '380767eb-e8e0-4dcc-85e9-f10b790b11c3', 'username': 'whitemeercat975', 'password': 'feet', 'salt': '5I5bZWXt', 'md5': '032d3988f5c66bfa01abbda9330a8f1d', 'sha1': '49391cd78a18f2c90da964e61ed1739e863fd033', 'sha256': '2b131d782c5472a4c6221411961ba03863273b7b3d8f96229e15a239e551e4f9'}, 'dob': {'date': '1948-08-08T18:22:12.453Z', 'age': 75}, 'registered': {'date': '2003-02-01T17:25:31.273Z', 'age': 21}, 'phone': '04-5071-1719', 'cell': '0497-740-378', 'id': {'name': 'TFN', 'value': '308340369'}, 'picture': {'large': 'https://randomuser.me/api/portraits/men/69.jpg', 'medium': 'https://randomuser.me/api/portraits/med/men/69.jpg', 'thumbnail': 'https://randomuser.me/api/portraits/thumb/men/69.jpg'}, 'nat': 'AU'}</msg>
<arg>${json_data['results'][0]}</arg>
<doc>Logs the given message with the given level.</doc>
<status status="PASS" start="2024-05-22T06:19:53.230496" elapsed="0.000401"/>
</kw>
<kw name="Log" owner="BuiltIn">
<msg time="2024-05-22T06:19:53.231322" level="INFO">name</msg>
<arg>${key}</arg>
<doc>Logs the given message with the given level.</doc>
<status status="PASS" start="2024-05-22T06:19:53.231190" elapsed="0.000169"/>
</kw>
<var name="${key}">name</var>
<status status="PASS" start="2024-05-22T06:19:53.229636" elapsed="0.001965"/>
</iter>
<iter>
<kw name="Dictionary Should Contain Key" owner="Collections">
<msg time="2024-05-22T06:19:53.232270" level="INFO">False</msg>
<arg>${json_data['results'][0]}</arg>
<arg>${key}</arg>
<doc>Fails if ``key`` is not found from ``dictionary``.</doc>
<status status="PASS" start="2024-05-22T06:19:53.231898" elapsed="0.000409"/>
</kw>
<kw name="Log" owner="BuiltIn">
<msg time="2024-05-22T06:19:53.232979" level="INFO">{'gender': 'male', 'name': {'title': 'Mr', 'first': 'David', 'last': 'King'}, 'location': {'street': {'number': 4714, 'name': 'Lakeview St'}, 'city': 'Hobart', 'state': 'Western Australia', 'country': 'Australia', 'postcode': 2725, 'coordinates': {'latitude': '-82.4399', 'longitude': '-15.4078'}, 'timezone': {'offset': '-12:00', 'description': 'Eniwetok, Kwajalein'}}, 'email': 'david.king@example.com', 'login': {'uuid': '380767eb-e8e0-4dcc-85e9-f10b790b11c3', 'username': 'whitemeercat975', 'password': 'feet', 'salt': '5I5bZWXt', 'md5': '032d3988f5c66bfa01abbda9330a8f1d', 'sha1': '49391cd78a18f2c90da964e61ed1739e863fd033', 'sha256': '2b131d782c5472a4c6221411961ba03863273b7b3d8f96229e15a239e551e4f9'}, 'dob': {'date': '1948-08-08T18:22:12.453Z', 'age': 75}, 'registered': {'date': '2003-02-01T17:25:31.273Z', 'age': 21}, 'phone': '04-5071-1719', 'cell': '0497-740-378', 'id': {'name': 'TFN', 'value': '308340369'}, 'picture': {'large': 'https://randomuser.me/api/portraits/men/69.jpg', 'medium': 'https://randomuser.me/api/portraits/med/men/69.jpg', 'thumbnail': 'https://randomuser.me/api/portraits/thumb/men/69.jpg'}, 'nat': 'AU'}</msg>
<arg>${json_data['results'][0]}</arg>
<doc>Logs the given message with the given level.</doc>
<status status="PASS" start="2024-05-22T06:19:53.232607" elapsed="0.000421"/>
</kw>
<kw name="Log" owner="BuiltIn">
<msg time="2024-05-22T06:19:53.233444" level="INFO">location</msg>
<arg>${key}</arg>
<doc>Logs the given message with the given level.</doc>
<status status="PASS" start="2024-05-22T06:19:53.233320" elapsed="0.000161"/>
</kw>
<var name="${key}">location</var>
<status status="PASS" start="2024-05-22T06:19:53.231784" elapsed="0.001914"/>
</iter>
<iter>
<kw name="Dictionary Should Contain Key" owner="Collections">
<msg time="2024-05-22T06:19:53.234460" level="INFO">False</msg>
<arg>${json_data['results'][0]}</arg>
<arg>${key}</arg>
<doc>Fails if ``key`` is not found from ``dictionary``.</doc>
<status status="PASS" start="2024-05-22T06:19:53.233981" elapsed="0.000516"/>
</kw>
<kw name="Log" owner="BuiltIn">
<msg time="2024-05-22T06:19:53.235154" level="INFO">{'gender': 'male', 'name': {'title': 'Mr', 'first': 'David', 'last': 'King'}, 'location': {'street': {'number': 4714, 'name': 'Lakeview St'}, 'city': 'Hobart', 'state': 'Western Australia', 'country': 'Australia', 'postcode': 2725, 'coordinates': {'latitude': '-82.4399', 'longitude': '-15.4078'}, 'timezone': {'offset': '-12:00', 'description': 'Eniwetok, Kwajalein'}}, 'email': 'david.king@example.com', 'login': {'uuid': '380767eb-e8e0-4dcc-85e9-f10b790b11c3', 'username': 'whitemeercat975', 'password': 'feet', 'salt': '5I5bZWXt', 'md5': '032d3988f5c66bfa01abbda9330a8f1d', 'sha1': '49391cd78a18f2c90da964e61ed1739e863fd033', 'sha256': '2b131d782c5472a4c6221411961ba03863273b7b3d8f96229e15a239e551e4f9'}, 'dob': {'date': '1948-08-08T18:22:12.453Z', 'age': 75}, 'registered': {'date': '2003-02-01T17:25:31.273Z', 'age': 21}, 'phone': '04-5071-1719', 'cell': '0497-740-378', 'id': {'name': 'TFN', 'value': '308340369'}, 'picture': {'large': 'https://randomuser.me/api/portraits/men/69.jpg', 'medium': 'https://randomuser.me/api/portraits/med/men/69.jpg', 'thumbnail': 'https://randomuser.me/api/portraits/thumb/men/69.jpg'}, 'nat': 'AU'}</msg>
<arg>${json_data['results'][0]}</arg>
<doc>Logs the given message with the given level.</doc>
<status status="PASS" start="2024-05-22T06:19:53.234794" elapsed="0.000405"/>
</kw>
<kw name="Log" owner="BuiltIn">
<msg time="2024-05-22T06:19:53.235669" level="INFO">email</msg>
<arg>${key}</arg>
<doc>Logs the given message with the given level.</doc>
<status status="PASS" start="2024-05-22T06:19:53.235529" elapsed="0.000176"/>
</kw>
<var name="${key}">email</var>
<status status="PASS" start="2024-05-22T06:19:53.233871" elapsed="0.002047"/>
</iter>
<iter>
<kw name="Dictionary Should Contain Key" owner="Collections">
<msg time="2024-05-22T06:19:53.236586" level="INFO">False</msg>
<arg>${json_data['results'][0]}</arg>
<arg>${key}</arg>
<doc>Fails if ``key`` is not found from ``dictionary``.</doc>
<status status="PASS" start="2024-05-22T06:19:53.236200" elapsed="0.000421"/>
</kw>
<kw name="Log" owner="BuiltIn">
<msg time="2024-05-22T06:19:53.237268" level="INFO">{'gender': 'male', 'name': {'title': 'Mr', 'first': 'David', 'last': 'King'}, 'location': {'street': {'number': 4714, 'name': 'Lakeview St'}, 'city': 'Hobart', 'state': 'Western Australia', 'country': 'Australia', 'postcode': 2725, 'coordinates': {'latitude': '-82.4399', 'longitude': '-15.4078'}, 'timezone': {'offset': '-12:00', 'description': 'Eniwetok, Kwajalein'}}, 'email': 'david.king@example.com', 'login': {'uuid': '380767eb-e8e0-4dcc-85e9-f10b790b11c3', 'username': 'whitemeercat975', 'password': 'feet', 'salt': '5I5bZWXt', 'md5': '032d3988f5c66bfa01abbda9330a8f1d', 'sha1': '49391cd78a18f2c90da964e61ed1739e863fd033', 'sha256': '2b131d782c5472a4c6221411961ba03863273b7b3d8f96229e15a239e551e4f9'}, 'dob': {'date': '1948-08-08T18:22:12.453Z', 'age': 75}, 'registered': {'date': '2003-02-01T17:25:31.273Z', 'age': 21}, 'phone': '04-5071-1719', 'cell': '0497-740-378', 'id': {'name': 'TFN', 'value': '308340369'}, 'picture': {'large': 'https://randomuser.me/api/portraits/men/69.jpg', 'medium': 'https://randomuser.me/api/portraits/med/men/69.jpg', 'thumbnail': 'https://randomuser.me/api/portraits/thumb/men/69.jpg'}, 'nat': 'AU'}</msg>
<arg>${json_data['results'][0]}</arg>
<doc>Logs the given message with the given level.</doc>
<status status="PASS" start="2024-05-22T06:19:53.236918" elapsed="0.000397"/>
</kw>
<kw name="Log" owner="BuiltIn">
<msg time="2024-05-22T06:19:53.237731" level="INFO">login</msg>
<arg>${key}</arg>
<doc>Logs the given message with the given level.</doc>
<status status="PASS" start="2024-05-22T06:19:53.237605" elapsed="0.000163"/>
</kw>
<var name="${key}">login</var>
<status status="PASS" start="2024-05-22T06:19:53.236089" elapsed="0.001892"/>
</iter>
<var>${key}</var>
<value>@{expected_keys}</value>
<status status="PASS" start="2024-05-22T06:19:53.227246" elapsed="0.010882"/>
</for>
<kw name="Create List" owner="BuiltIn">
<msg time="2024-05-22T06:19:53.238464" level="INFO">${expected_keysTwo} = ['username', 'password']</msg>
<var>${expected_keysTwo}</var>
<arg>username</arg>
<arg>password</arg>
<doc>Returns a list containing given items.</doc>
<status status="PASS" start="2024-05-22T06:19:53.238327" elapsed="0.000160"/>
</kw>
<for flavor="IN">
<iter>
<kw name="Dictionary Should Contain Key" owner="Collections">
<msg time="2024-05-22T06:19:53.239355" level="INFO">False</msg>
<arg>${json_data['results'][0]['login']}</arg>
<arg>${keyTwo}</arg>
<doc>Fails if ``key`` is not found from ``dictionary``.</doc>
<status status="PASS" start="2024-05-22T06:19:53.238978" elapsed="0.000414"/>
</kw>
<kw name="Dictionary Should Contain Key" owner="Collections">
<msg time="2024-05-22T06:19:53.240104" level="INFO">False</msg>
<arg>${json_data['results'][0]['login']}</arg>
<arg>${keyTwo}</arg>
<doc>Fails if ``key`` is not found from ``dictionary``.</doc>
<status status="PASS" start="2024-05-22T06:19:53.239719" elapsed="0.000422"/>
</kw>
<kw name="Log" owner="BuiltIn">
<msg time="2024-05-22T06:19:53.240574" level="INFO">username</msg>
<arg>${keyTwo}</arg>
<doc>Logs the given message with the given level.</doc>
<status status="PASS" start="2024-05-22T06:19:53.240449" elapsed="0.000161"/>
</kw>
<var name="${keyTwo}">username</var>
<status status="PASS" start="2024-05-22T06:19:53.238869" elapsed="0.001954"/>
</iter>
<iter>
<kw name="Dictionary Should Contain Key" owner="Collections">
<msg time="2024-05-22T06:19:53.241491" level="INFO">False</msg>
<arg>${json_data['results'][0]['login']}</arg>
<arg>${keyTwo}</arg>
<doc>Fails if ``key`` is not found from ``dictionary``.</doc>
<status status="PASS" start="2024-05-22T06:19:53.241100" elapsed="0.000430"/>
</kw>
<kw name="Dictionary Should Contain Key" owner="Collections">
<msg time="2024-05-22T06:19:53.242188" level="INFO">False</msg>
<arg>${json_data['results'][0]['login']}</arg>
<arg>${keyTwo}</arg>
<doc>Fails if ``key`` is not found from ``dictionary``.</doc>
<status status="PASS" start="2024-05-22T06:19:53.241819" elapsed="0.000405"/>
</kw>
<kw name="Log" owner="BuiltIn">
<msg time="2024-05-22T06:19:53.242637" level="INFO">password</msg>
<arg>${keyTwo}</arg>
<doc>Logs the given message with the given level.</doc>
<status status="PASS" start="2024-05-22T06:19:53.242512" elapsed="0.000162"/>
</kw>
<var name="${keyTwo}">password</var>
<status status="PASS" start="2024-05-22T06:19:53.240992" elapsed="0.001897"/>
</iter>
<var>${keyTwo}</var>
<value>@{expected_keysTwo}</value>
<status status="PASS" start="2024-05-22T06:19:53.238721" elapsed="0.004293"/>
</for>
<status status="PASS" start="2024-05-22T06:19:52.879974" elapsed="0.363177"/>
</kw>
<doc>Testa a estrutura da resposta da API.</doc>
<tag>testeEstruturaResposta</tag>
<status status="PASS" start="2024-05-22T06:19:52.879432" elapsed="0.363875"/>
</test>
<test id="s1-s1-t4" name="Validar tipos de dados" line="28">
<kw name="Teste de Tipos de Dados" owner="random-user-service">
<kw name="GET On Session" owner="RequestsLibrary">
<msg time="2024-05-22T06:19:53.326450" level="INFO">GET Request : url=https://randomuser.me/api 
 path_url=/api 
 headers={'User-Agent': 'python-requests/2.32.2', 'Accept-Encoding': 'gzip, deflate', 'Accept': '*/*', 'Connection': 'keep-alive'} 
 body=None 
 </msg>
<msg time="2024-05-22T06:19:53.326556" level="INFO">GET Response : url=https://randomuser.me/api 
 status=200, reason=OK 
 headers={'Date': 'Wed, 22 May 2024 06:19:53 GMT', 'Content-Type': 'application/json; charset=utf-8', 'Transfer-Encoding': 'chunked', 'Connection': 'keep-alive', 'X-Powered-By': 'Express', 'Access-Control-Allow-Origin': '*', 'Cache-Control': 'no-cache', 'ETag': 'W/"484-qo2nUFQrJCGuR3nkzKmd7EshlJs"', 'Vary': 'Accept-Encoding', 'Content-Encoding': 'gzip', 'CF-Cache-Status': 'DYNAMIC', 'Report-To': '{"endpoints":[{"url":"https:\\/\\/a.nel.cloudflare.com\\/report\\/v4?s=qThYqGnjt%2B2ddyf7wf0RSYPep7b5Oc5dEc25KnKBTlfCLiFMFXiR2mzTFKgq8gn5qfvjzVGjFoJh2sMaHnT8b5sgVrY51%2Fu7UyQzFqWubMISfzFNXOkMSj92QDEvYKym"}],"group":"cf-nel","max_age":604800}', 'NEL': '{"success_fraction":0,"report_to":"cf-nel","max_age":604800}', 'Server': 'cloudflare', 'CF-RAY': '887ab279cea88236-IAD', 'alt-svc': 'h3=":443"; ma=86400'} 
 body={"results":[{"gender":"male","name":{"title":"Mr","first":"Same","last":"Ruiz"},"location":{"street":{"number":7008,"name":"Parker Rd"},"city":"Orange","state":"South Australia","country":"Australia","postcode":9286,"coordinates":{"latitude":"-83.3251","longitude":"-122.3579"},"timezone":{"offset":"-3:00","description":"Brazil, Buenos Aires, Georgetown"}},"email":"same.ruiz@example.com","login":{"uuid":"dc5b9a98-cd4a-49f2-b1b3-72e32ca82123","username":"sadelephant504","password":"andrea1","salt":"YYsPL0jB","md5":"d40afd7f76402f6ce789e7fad1b2cffc","sha1":"ffec4fa9960deafb7faa5feeae61ee11320944d1","sha256":"a11423237234515af78e393d8659c5b991ea6f62f2e324a473ecd15534481195"},"dob":{"date":"1952-11-23T16:57:07.998Z","age":71},"registered":{"date":"2020-09-03T00:03:05.422Z","age":3},"phone":"01-7651-0129","cell":"0425-371-552","id":{"name":"TFN","value":"725420274"},"picture":{"large":"https://randomuser.me/api/portraits/men/19.jpg","medium":"https://randomuser.me/api/portraits/med/men/19.jpg","thumbnail":"https://randomuser.me/api/portraits/thumb/men/19.jpg"},"nat":"AU"}],"info":{"seed":"df5c741d00268517","results":1,"page":1,"version":"1.4"}} 
 </msg>
<msg time="2024-05-22T06:19:53.326635" level="INFO">/opt/hostedtoolcache/Python/3.12.3/x64/lib/python3.12/site-packages/urllib3/connectionpool.py:1103: InsecureRequestWarning: Unverified HTTPS request is being made to host 'randomuser.me'. Adding certificate verification is strongly advised. See: https://urllib3.readthedocs.io/en/latest/advanced-usage.html#tls-warnings
  warnings.warn(</msg>
<msg time="2024-05-22T06:19:53.326757" level="INFO">${response} = &lt;Response [200]&gt;</msg>
<var>${response}</var>
<arg>consultarAPI</arg>
<arg>/api</arg>
<doc>Sends a GET request on a previously created HTTP Session.</doc>
<status status="PASS" start="2024-05-22T06:19:53.245879" elapsed="0.080918"/>
</kw>
<kw name="Set Variable" owner="BuiltIn">
<msg time="2024-05-22T06:19:53.328012" level="INFO">${json_data} = {'results': [{'gender': 'male', 'name': {'title': 'Mr', 'first': 'Same', 'last': 'Ruiz'}, 'location': {'street': {'number': 7008, 'name': 'Parker Rd'}, 'city': 'Orange', 'state': 'South Australia', 'c...</msg>
<var>${json_data}</var>
<arg>${response.json()}</arg>
<doc>Returns the given values which can then be assigned to a variables.</doc>
<status status="PASS" start="2024-05-22T06:19:53.327410" elapsed="0.000631"/>
</kw>
<kw name="Log" owner="BuiltIn">
<msg time="2024-05-22T06:19:53.328506" level="INFO">{'results': [{'gender': 'male', 'name': {'title': 'Mr', 'first': 'Same', 'last': 'Ruiz'}, 'location': {'street': {'number': 7008, 'name': 'Parker Rd'}, 'city': 'Orange', 'state': 'South Australia', 'country': 'Australia', 'postcode': 9286, 'coordinates': {'latitude': '-83.3251', 'longitude': '-122.3579'}, 'timezone': {'offset': '-3:00', 'description': 'Brazil, Buenos Aires, Georgetown'}}, 'email': 'same.ruiz@example.com', 'login': {'uuid': 'dc5b9a98-cd4a-49f2-b1b3-72e32ca82123', 'username': 'sadelephant504', 'password': 'andrea1', 'salt': 'YYsPL0jB', 'md5': 'd40afd7f76402f6ce789e7fad1b2cffc', 'sha1': 'ffec4fa9960deafb7faa5feeae61ee11320944d1', 'sha256': 'a11423237234515af78e393d8659c5b991ea6f62f2e324a473ecd15534481195'}, 'dob': {'date': '1952-11-23T16:57:07.998Z', 'age': 71}, 'registered': {'date': '2020-09-03T00:03:05.422Z', 'age': 3}, 'phone': '01-7651-0129', 'cell': '0425-371-552', 'id': {'name': 'TFN', 'value': '725420274'}, 'picture': {'large': 'https://randomuser.me/api/portraits/men/19.jpg', 'medium': 'https://randomuser.me/api/portraits/med/men/19.jpg', 'thumbnail': 'https://randomuser.me/api/portraits/thumb/men/19.jpg'}, 'nat': 'AU'}], 'info': {'seed': 'df5c741d00268517', 'results': 1, 'page': 1, 'version': '1.4'}}</msg>
<arg>${json_data}</arg>
<doc>Logs the given message with the given level.</doc>
<status status="PASS" start="2024-05-22T06:19:53.328351" elapsed="0.000238"/>
</kw>
<kw name="Should Be String" owner="String">
<arg>${json_data['results'][0]['gender']}</arg>
<doc>Fails if the given ``item`` is not a string.</doc>
<status status="PASS" start="2024-05-22T06:19:53.328888" elapsed="0.000362"/>
</kw>
<kw name="Should Match Regexp" owner="BuiltIn">
<arg>${json_data['results'][0]['email']}</arg>
<arg>^[a-zA-Z0-9._%+-]+@[a-zA-Z0-9.-]+\.[a-zA-Z]{2,}$</arg>
<doc>Fails if ``string`` does not match ``pattern`` as a regular expression.</doc>
<status status="PASS" start="2024-05-22T06:19:53.329441" elapsed="0.000673"/>
</kw>
<kw name="Should Match Regexp" owner="BuiltIn">
<arg>${json_data['results'][0]['dob']['date']}</arg>
<arg>\\d{4}-\\d{2}-\\d{2}T\\d{2}:\\d{2}:\\d{2}\\.\\d{3}Z</arg>
<doc>Fails if ``string`` does not match ``pattern`` as a regular expression.</doc>
<status status="PASS" start="2024-05-22T06:19:53.330310" elapsed="0.000478"/>
</kw>
<kw name="Should Match Regexp" owner="BuiltIn">
<arg>${json_data['results'][0]['registered']['date']}</arg>
<arg>\\d{4}-\\d{2}-\\d{2}T\\d{2}:\\d{2}:\\d{2}\\.\\d{3}Z</arg>
<doc>Fails if ``string`` does not match ``pattern`` as a regular expression.</doc>
<status status="PASS" start="2024-05-22T06:19:53.330980" elapsed="0.000357"/>
</kw>
<kw name="Should Match Regexp" owner="BuiltIn">
<arg>${json_data['results'][0]['picture']['large']}</arg>
<arg>^https?://.*\.(?:png|jpe?g|gif|bmp)$</arg>
<doc>Fails if ``string`` does not match ``pattern`` as a regular expression.</doc>
<status status="PASS" start="2024-05-22T06:19:53.331556" elapsed="0.000476"/>
</kw>
<kw name="Should Match Regexp" owner="BuiltIn">
<arg>${json_data['results'][0]['picture']['medium']}</arg>
<arg>^https?://.*\.(?:png|jpe?g|gif|bmp)$</arg>
<doc>Fails if ``string`` does not match ``pattern`` as a regular expression.</doc>
<status status="PASS" start="2024-05-22T06:19:53.332221" elapsed="0.000344"/>
</kw>
<kw name="Should Match Regexp" owner="BuiltIn">
<arg>${json_data['results'][0]['picture']['thumbnail']}</arg>
<arg>^https?://.*\.(?:png|jpe?g|gif|bmp)$</arg>
<doc>Fails if ``string`` does not match ``pattern`` as a regular expression.</doc>
<status status="PASS" start="2024-05-22T06:19:53.332747" elapsed="0.000343"/>
</kw>
<kw name="Log" owner="BuiltIn">
<msg time="2024-05-22T06:19:53.333581" level="INFO">{'large': 'https://randomuser.me/api/portraits/men/19.jpg', 'medium': 'https://randomuser.me/api/portraits/med/men/19.jpg', 'thumbnail': 'https://randomuser.me/api/portraits/thumb/men/19.jpg'}</msg>
<arg>${json_data['results'][0]['picture']}</arg>
<doc>Logs the given message with the given level.</doc>
<status status="PASS" start="2024-05-22T06:19:53.333267" elapsed="0.000355"/>
</kw>
<status status="PASS" start="2024-05-22T06:19:53.245647" elapsed="0.088231"/>
</kw>
<kw name="Teste de Tipos de Dados - Postcode" owner="random-user-service">
<kw name="GET On Session" owner="RequestsLibrary">
<msg time="2024-05-22T06:19:53.385146" level="INFO">GET Request : url=https://randomuser.me/api 
 path_url=/api 
 headers={'User-Agent': 'python-requests/2.32.2', 'Accept-Encoding': 'gzip, deflate', 'Accept': '*/*', 'Connection': 'keep-alive'} 
 body=None 
 </msg>
<msg time="2024-05-22T06:19:53.385241" level="INFO">GET Response : url=https://randomuser.me/api 
 status=200, reason=OK 
 headers={'Date': 'Wed, 22 May 2024 06:19:53 GMT', 'Content-Type': 'application/json; charset=utf-8', 'Transfer-Encoding': 'chunked', 'Connection': 'keep-alive', 'X-Powered-By': 'Express', 'Access-Control-Allow-Origin': '*', 'Cache-Control': 'no-cache', 'ETag': 'W/"485-AX6jU/A6+qulymheGEPU0OSATwQ"', 'Vary': 'Accept-Encoding', 'Content-Encoding': 'gzip', 'CF-Cache-Status': 'DYNAMIC', 'Report-To': '{"endpoints":[{"url":"https:\\/\\/a.nel.cloudflare.com\\/report\\/v4?s=jbyzfuNaos%2BaFWjp9r0ywl6b7Tz6dW%2BlGUVrYrPc4eVY2ToMknkSuxfppZV9Trt7XNAqvYSrRHOgYMCQhdYV6t24IaUq5%2BOQMkz5TBvGolkrvppQs%2BFi4YHVlr5c6E7y"}],"group":"cf-nel","max_age":604800}', 'NEL': '{"success_fraction":0,"report_to":"cf-nel","max_age":604800}', 'Server': 'cloudflare', 'CF-RAY': '887ab27a5f218236-IAD', 'alt-svc': 'h3=":443"; ma=86400'} 
 body={"results":[{"gender":"female","name":{"title":"Mrs","first":"Neysa","last":"Keshri"},"location":{"street":{"number":3762,"name":"Bandstand Promenade"},"city":"Vasai-Virar","state":"Rajasthan","country":"India","postcode":30178,"coordinates":{"latitude":"11.5404","longitude":"98.4877"},"timezone":{"offset":"-12:00","description":"Eniwetok, Kwajalein"}},"email":"neysa.keshri@example.com","login":{"uuid":"767060fd-392e-42e2-b86a-5fc803b36e80","username":"purplefrog957","password":"here","salt":"Lj4i4k9F","md5":"95af1ab7d8f3d7d1b59530fb9a34ebc1","sha1":"20c8eefa797ebc6a7477d0a41a6590da67946b92","sha256":"4ca1bde8c21a35cf52d68a64755031e1598a6e085fd5effb326e8654903b18e1"},"dob":{"date":"1989-07-22T18:07:48.246Z","age":34},"registered":{"date":"2013-06-29T12:41:49.971Z","age":10},"phone":"7713850710","cell":"9110789315","id":{"name":"UIDAI","value":"515009261433"},"picture":{"large":"https://randomuser.me/api/portraits/women/4.jpg","medium":"https://randomuser.me/api/portraits/med/women/4.jpg","thumbnail":"https://randomuser.me/api/portraits/thumb/women/4.jpg"},"nat":"IN"}],"info":{"seed":"fc4ea798ae6cff9a","results":1,"page":1,"version":"1.4"}} 
 </msg>
<msg time="2024-05-22T06:19:53.385314" level="INFO">/opt/hostedtoolcache/Python/3.12.3/x64/lib/python3.12/site-packages/urllib3/connectionpool.py:1103: InsecureRequestWarning: Unverified HTTPS request is being made to host 'randomuser.me'. Adding certificate verification is strongly advised. See: https://urllib3.readthedocs.io/en/latest/advanced-usage.html#tls-warnings
  warnings.warn(</msg>
<msg time="2024-05-22T06:19:53.385443" level="INFO">${response} = &lt;Response [200]&gt;</msg>
<var>${response}</var>
<arg>consultarAPI</arg>
<arg>/api</arg>
<doc>Sends a GET request on a previously created HTTP Session.</doc>
<status status="PASS" start="2024-05-22T06:19:53.334324" elapsed="0.051167"/>
</kw>
<kw name="Set Variable" owner="BuiltIn">
<msg time="2024-05-22T06:19:53.386639" level="INFO">${json_data} = {'results': [{'gender': 'female', 'name': {'title': 'Mrs', 'first': 'Neysa', 'last': 'Keshri'}, 'location': {'street': {'number': 3762, 'name': 'Bandstand Promenade'}, 'city': 'Vasai-Virar', 'state': ...</msg>
<var>${json_data}</var>
<arg>${response.json()}</arg>
<doc>Returns the given values which can then be assigned to a variables.</doc>
<status status="PASS" start="2024-05-22T06:19:53.386079" elapsed="0.000588"/>
</kw>
<kw name="Log" owner="BuiltIn">
<msg time="2024-05-22T06:19:53.387138" level="INFO">{'results': [{'gender': 'female', 'name': {'title': 'Mrs', 'first': 'Neysa', 'last': 'Keshri'}, 'location': {'street': {'number': 3762, 'name': 'Bandstand Promenade'}, 'city': 'Vasai-Virar', 'state': 'Rajasthan', 'country': 'India', 'postcode': 30178, 'coordinates': {'latitude': '11.5404', 'longitude': '98.4877'}, 'timezone': {'offset': '-12:00', 'description': 'Eniwetok, Kwajalein'}}, 'email': 'neysa.keshri@example.com', 'login': {'uuid': '767060fd-392e-42e2-b86a-5fc803b36e80', 'username': 'purplefrog957', 'password': 'here', 'salt': 'Lj4i4k9F', 'md5': '95af1ab7d8f3d7d1b59530fb9a34ebc1', 'sha1': '20c8eefa797ebc6a7477d0a41a6590da67946b92', 'sha256': '4ca1bde8c21a35cf52d68a64755031e1598a6e085fd5effb326e8654903b18e1'}, 'dob': {'date': '1989-07-22T18:07:48.246Z', 'age': 34}, 'registered': {'date': '2013-06-29T12:41:49.971Z', 'age': 10}, 'phone': '7713850710', 'cell': '9110789315', 'id': {'name': 'UIDAI', 'value': '515009261433'}, 'picture': {'large': 'https://randomuser.me/api/portraits/women/4.jpg', 'medium': 'https://randomuser.me/api/portraits/med/women/4.jpg', 'thumbnail': 'https://randomuser.me/api/portraits/thumb/women/4.jpg'}, 'nat': 'IN'}], 'info': {'seed': 'fc4ea798ae6cff9a', 'results': 1, 'page': 1, 'version': '1.4'}}</msg>
<arg>${json_data}</arg>
<doc>Logs the given message with the given level.</doc>
<status status="PASS" start="2024-05-22T06:19:53.386984" elapsed="0.000236"/>
</kw>
<kw name="Should Be Equal As Numbers" owner="BuiltIn">
<arg>${json_data['results'][0]['location']['postcode']}</arg>
<arg>${json_data['results'][0]['location']['postcode']}</arg>
<doc>Fails if objects are unequal after converting them to real numbers.</doc>
<status status="PASS" start="2024-05-22T06:19:53.387561" elapsed="0.000632"/>
</kw>
<kw name="Log" owner="BuiltIn">
<msg time="2024-05-22T06:19:53.388730" level="INFO">30178</msg>
<arg>${json_data['results'][0]['location']['postcode']}</arg>
<doc>Logs the given message with the given level.</doc>
<status status="PASS" start="2024-05-22T06:19:53.388389" elapsed="0.000384"/>
</kw>
<status status="PASS" start="2024-05-22T06:19:53.334101" elapsed="0.054930"/>
</kw>
<doc>Testa se os tipos de dados na resposta da API estão corretos.</doc>
<tag>testeTiposDados</tag>
<status status="PASS" start="2024-05-22T06:19:53.245078" elapsed="0.144124"/>
</test>
<test id="s1-s1-t5" name="Validar conteudo" line="35">
<kw name="Teste de Tipos de Conteudo" owner="random-user-service">
<kw name="GET On Session" owner="RequestsLibrary">
<msg time="2024-05-22T06:19:53.503252" level="INFO">GET Request : url=https://randomuser.me/api 
 path_url=/api 
 headers={'User-Agent': 'python-requests/2.32.2', 'Accept-Encoding': 'gzip, deflate', 'Accept': '*/*', 'Connection': 'keep-alive'} 
 body=None 
 </msg>
<msg time="2024-05-22T06:19:53.503349" level="INFO">GET Response : url=https://randomuser.me/api 
 status=200, reason=OK 
 headers={'Date': 'Wed, 22 May 2024 06:19:53 GMT', 'Content-Type': 'application/json; charset=utf-8', 'Transfer-Encoding': 'chunked', 'Connection': 'keep-alive', 'X-Powered-By': 'Express', 'Access-Control-Allow-Origin': '*', 'Cache-Control': 'no-cache', 'ETag': 'W/"489-Y9jxDpwjEaVq4H3OKpL1mrnVWgA"', 'Vary': 'Accept-Encoding', 'Content-Encoding': 'gzip', 'CF-Cache-Status': 'DYNAMIC', 'Report-To': '{"endpoints":[{"url":"https:\\/\\/a.nel.cloudflare.com\\/report\\/v4?s=cDhs8G4jxDeETw1HTpoD3oKtXF6KymkN2RyHc2gCw7qq55sBEya%2FsnWrj6N%2BSjOIqKJzWBA3ZMgvDonNHiMainotkCli2KMFyrYzYCq3GER%2FxjW2DhvvaYPOvlMsg%2FZz"}],"group":"cf-nel","max_age":604800}', 'NEL': '{"success_fraction":0,"report_to":"cf-nel","max_age":604800}', 'Server': 'cloudflare', 'CF-RAY': '887ab27abf998236-IAD', 'alt-svc': 'h3=":443"; ma=86400'} 
 body={"results":[{"gender":"female","name":{"title":"Miss","first":"Sofia","last":"Barnaby"},"location":{"street":{"number":8624,"name":"Dundas Rd"},"city":"Lloydminster","state":"Yukon","country":"Canada","postcode":"J3L 3H3","coordinates":{"latitude":"-66.5874","longitude":"167.7178"},"timezone":{"offset":"-8:00","description":"Pacific Time (US &amp; Canada)"}},"email":"sofia.barnaby@example.com","login":{"uuid":"e122d78f-5a45-43ee-a3b6-b0bc0f7897bf","username":"happypeacock126","password":"poppy","salt":"Pswo64xn","md5":"babad00a9744240b7c0c560687804799","sha1":"826fb91d3070833935f79451f24e689ef2433018","sha256":"154eed379536856b0b6b7c3fdf03ba63c8ac2e2db20f43400fbe6f9762edb120"},"dob":{"date":"1985-12-31T01:28:54.262Z","age":38},"registered":{"date":"2018-05-15T13:55:18.777Z","age":6},"phone":"Z45 P46-9512","cell":"N44 S09-7168","id":{"name":"SIN","value":"757762422"},"picture":{"large":"https://randomuser.me/api/portraits/women/1.jpg","medium":"https://randomuser.me/api/portraits/med/women/1.jpg","thumbnail":"https://randomuser.me/api/portraits/thumb/women/1.jpg"},"nat":"CA"}],"info":{"seed":"bdb554fe4528f021","results":1,"page":1,"version":"1.4"}} 
 </msg>
<msg time="2024-05-22T06:19:53.503416" level="INFO">/opt/hostedtoolcache/Python/3.12.3/x64/lib/python3.12/site-packages/urllib3/connectionpool.py:1103: InsecureRequestWarning: Unverified HTTPS request is being made to host 'randomuser.me'. Adding certificate verification is strongly advised. See: https://urllib3.readthedocs.io/en/latest/advanced-usage.html#tls-warnings
  warnings.warn(</msg>
<msg time="2024-05-22T06:19:53.503576" level="INFO">${response} = &lt;Response [200]&gt;</msg>
<var>${response}</var>
<arg>consultarAPI</arg>
<arg>/api</arg>
<doc>Sends a GET request on a previously created HTTP Session.</doc>
<status status="PASS" start="2024-05-22T06:19:53.392471" elapsed="0.111145"/>
</kw>
<kw name="Set Variable" owner="BuiltIn">
<msg time="2024-05-22T06:19:53.504787" level="INFO">${json_data} = {'results': [{'gender': 'female', 'name': {'title': 'Miss', 'first': 'Sofia', 'last': 'Barnaby'}, 'location': {'street': {'number': 8624, 'name': 'Dundas Rd'}, 'city': 'Lloydminster', 'state': 'Yukon'...</msg>
<var>${json_data}</var>
<arg>${response.json()}</arg>
<doc>Returns the given values which can then be assigned to a variables.</doc>
<status status="PASS" start="2024-05-22T06:19:53.504238" elapsed="0.000577"/>
</kw>
<kw name="Set Variable" owner="BuiltIn">
<msg time="2024-05-22T06:19:53.505504" level="INFO">${name_title} = Miss</msg>
<var>${name_title}</var>
<arg>${json_data["results"][0]["name"]["title"]}</arg>
<doc>Returns the given values which can then be assigned to a variables.</doc>
<status status="PASS" start="2024-05-22T06:19:53.505122" elapsed="0.000408"/>
</kw>
<kw name="Create List" owner="BuiltIn">
<msg time="2024-05-22T06:19:53.505985" level="INFO">${allowed_titles} = ['Mr', 'Ms', 'Miss', 'Mrs', 'Madame', 'Monsieur']</msg>
<var>${allowed_titles}</var>
<arg>Mr</arg>
<arg>Ms</arg>
<arg>Miss</arg>
<arg>Mrs</arg>
<arg>Madame</arg>
<arg>Monsieur</arg>
<doc>Returns a list containing given items.</doc>
<status status="PASS" start="2024-05-22T06:19:53.505837" elapsed="0.000173"/>
</kw>
<kw name="List Should Contain Value" owner="Collections">
<msg time="2024-05-22T06:19:53.506490" level="INFO">False</msg>
<arg>${allowed_titles}</arg>
<arg>${name_title}</arg>
<doc>Fails if the ``value`` is not found from ``list``.</doc>
<status status="PASS" start="2024-05-22T06:19:53.506312" elapsed="0.000216"/>
</kw>
<kw name="Set Variable" owner="BuiltIn">
<msg time="2024-05-22T06:19:53.507384" level="INFO">${name_country} = CA</msg>
<var>${name_country}</var>
<arg>${json_data["results"][0]["nat"]}</arg>
<doc>Returns the given values which can then be assigned to a variables.</doc>
<status status="PASS" start="2024-05-22T06:19:53.506823" elapsed="0.000587"/>
</kw>
<kw name="Create List" owner="BuiltIn">
<msg time="2024-05-22T06:19:53.508376" level="INFO">${list_country} = ['AD', 'AE', 'AF', 'AG', 'AI', 'AL', 'AM', 'AO', 'AQ', 'AR', 'AS', 'AT', 'AU', 'AW', 'AX', 'AZ', 'BA', 'BB', 'BD', 'BE', 'BF', 'BG', 'BH', 'BI', 'BJ', 'BL', 'BM', 'BN', 'BO', 'BQ', 'BR', 'BS', 'BT', '...</msg>
<var>${list_country}</var>
<arg>AD</arg>
<arg>AE</arg>
<arg>AF</arg>
<arg>AG</arg>
<arg>AI</arg>
<arg>AL</arg>
<arg>AM</arg>
<arg>AO</arg>
<arg>AQ</arg>
<arg>AR</arg>
<arg>AS</arg>
<arg>AT</arg>
<arg>AU</arg>
<arg>AW</arg>
<arg>AX</arg>
<arg>AZ</arg>
<arg>BA</arg>
<arg>BB</arg>
<arg>BD</arg>
<arg>BE</arg>
<arg>BF</arg>
<arg>BG</arg>
<arg>BH</arg>
<arg>BI</arg>
<arg>BJ</arg>
<arg>BL</arg>
<arg>BM</arg>
<arg>BN</arg>
<arg>BO</arg>
<arg>BQ</arg>
<arg>BR</arg>
<arg>BS</arg>
<arg>BT</arg>
<arg>BV</arg>
<arg>BW</arg>
<arg>BY</arg>
<arg>BZ</arg>
<arg>CA</arg>
<arg>CC</arg>
<arg>CD</arg>
<arg>CF</arg>
<arg>CG</arg>
<arg>CH</arg>
<arg>CI</arg>
<arg>CK</arg>
<arg>CL</arg>
<arg>CM</arg>
<arg>CN</arg>
<arg>CO</arg>
<arg>CR</arg>
<arg>CU</arg>
<arg>CV</arg>
<arg>CW</arg>
<arg>CX</arg>
<arg>CY</arg>
<arg>CZ</arg>
<arg>DE</arg>
<arg>DJ</arg>
<arg>DK</arg>
<arg>DM</arg>
<arg>DO</arg>
<arg>DZ</arg>
<arg>EC</arg>
<arg>EE</arg>
<arg>EG</arg>
<arg>EH</arg>
<arg>ER</arg>
<arg>ES</arg>
<arg>ET</arg>
<arg>FI</arg>
<arg>FJ</arg>
<arg>FK</arg>
<arg>FM</arg>
<arg>FO</arg>
<arg>FR</arg>
<arg>GA</arg>
<arg>GB</arg>
<arg>GD</arg>
<arg>GE</arg>
<arg>GF</arg>
<arg>GG</arg>
<arg>GH</arg>
<arg>GI</arg>
<arg>GL</arg>
<arg>GM</arg>
<arg>GN</arg>
<arg>GP</arg>
<arg>GQ</arg>
<arg>GR</arg>
<arg>GS</arg>
<arg>GT</arg>
<arg>GU</arg>
<arg>GW</arg>
<arg>GY</arg>
<arg>HK</arg>
<arg>HM</arg>
<arg>HN</arg>
<arg>HR</arg>
<arg>HT</arg>
<arg>HU</arg>
<arg>ID</arg>
<arg>IE</arg>
<arg>IL</arg>
<arg>IM</arg>
<arg>IN</arg>
<arg>IO</arg>
<arg>IQ</arg>
<arg>IR</arg>
<arg>IS</arg>
<arg>IT</arg>
<arg>JE</arg>
<arg>JM</arg>
<arg>JO</arg>
<arg>JP</arg>
<arg>KE</arg>
<arg>KG</arg>
<arg>KH</arg>
<arg>KI</arg>
<arg>KM</arg>
<arg>KN</arg>
<arg>KP</arg>
<arg>KR</arg>
<arg>KW</arg>
<arg>KY</arg>
<arg>KZ</arg>
<arg>LA</arg>
<arg>LB</arg>
<arg>LC</arg>
<arg>LI</arg>
<arg>LK</arg>
<arg>LR</arg>
<arg>LS</arg>
<arg>LT</arg>
<arg>LU</arg>
<arg>LV</arg>
<arg>LY</arg>
<arg>MA</arg>
<arg>MC</arg>
<arg>MD</arg>
<arg>ME</arg>
<arg>MF</arg>
<arg>MG</arg>
<arg>MH</arg>
<arg>MK</arg>
<arg>ML</arg>
<arg>MM</arg>
<arg>MN</arg>
<arg>MO</arg>
<arg>MP</arg>
<arg>MQ</arg>
<arg>MR</arg>
<arg>MS</arg>
<arg>MT</arg>
<arg>MU</arg>
<arg>MV</arg>
<arg>MW</arg>
<arg>MX</arg>
<arg>MY</arg>
<arg>MZ</arg>
<arg>NA</arg>
<arg>NC</arg>
<arg>NE</arg>
<arg>NF</arg>
<arg>NG</arg>
<arg>NI</arg>
<arg>NL</arg>
<arg>NO</arg>
<arg>NP</arg>
<arg>NR</arg>
<arg>NU</arg>
<arg>NZ</arg>
<arg>OM</arg>
<arg>PA</arg>
<arg>PE</arg>
<arg>PF</arg>
<arg>PG</arg>
<arg>PH</arg>
<arg>PK</arg>
<arg>PL</arg>
<arg>PM</arg>
<arg>PN</arg>
<arg>PR</arg>
<arg>PS</arg>
<arg>PT</arg>
<arg>PW</arg>
<arg>PY</arg>
<arg>QA</arg>
<arg>RE</arg>
<arg>RO</arg>
<arg>RS</arg>
<arg>RU</arg>
<arg>RW</arg>
<arg>SA</arg>
<arg>SB</arg>
<arg>SC</arg>
<arg>SD</arg>
<arg>SE</arg>
<arg>SG</arg>
<arg>SH</arg>
<arg>SI</arg>
<arg>SJ</arg>
<arg>SK</arg>
<arg>SL</arg>
<arg>SM</arg>
<arg>SN</arg>
<arg>SO</arg>
<arg>SR</arg>
<arg>SS</arg>
<arg>ST</arg>
<arg>SV</arg>
<arg>SX</arg>
<arg>SY</arg>
<arg>SZ</arg>
<arg>TC</arg>
<arg>TD</arg>
<arg>TF</arg>
<arg>TG</arg>
<arg>TH</arg>
<arg>TJ</arg>
<arg>TK</arg>
<arg>TL</arg>
<arg>TM</arg>
<arg>TN</arg>
<arg>TO</arg>
<arg>TR</arg>
<arg>TT</arg>
<arg>TV</arg>
<arg>TW</arg>
<arg>TZ</arg>
<arg>UA</arg>
<arg>UG</arg>
<arg>UM</arg>
<arg>US</arg>
<arg>UY</arg>
<arg>UZ</arg>
<arg>VA</arg>
<arg>VC</arg>
<arg>VE</arg>
<arg>VG</arg>
<arg>VI</arg>
<arg>VN</arg>
<arg>VU</arg>
<arg>WF</arg>
<arg>WS</arg>
<arg>XK</arg>
<arg>YE</arg>
<arg>YT</arg>
<arg>ZA</arg>
<arg>ZM</arg>
<arg>ZW</arg>
<doc>Returns a list containing given items.</doc>
<status status="PASS" start="2024-05-22T06:19:53.507765" elapsed="0.000636"/>
</kw>
<kw name="List Should Contain Value" owner="Collections">
<msg time="2024-05-22T06:19:53.509385" level="INFO">False</msg>
<arg>${list_country}</arg>
<arg>${name_country}</arg>
<doc>Fails if the ``value`` is not found from ``list``.</doc>
<status status="PASS" start="2024-05-22T06:19:53.509183" elapsed="0.000238"/>
</kw>
<kw name="Run Keyword If" owner="BuiltIn">
<kw name="Should Be True" owner="BuiltIn">
<arg>${True}</arg>
<doc>Fails if the given condition is not true.</doc>
<status status="PASS" start="2024-05-22T06:19:53.510554" elapsed="0.000144"/>
</kw>
<arg>${json_data["results"][0]["location"]["coordinates"]["latitude"]} &gt;= -90 and ${json_data["results"][0]["location"]["coordinates"]["latitude"]} &lt;= 90</arg>
<arg>Should Be True</arg>
<arg>${True}</arg>
<doc>Runs the given keyword with the given arguments, if ``condition`` is true.</doc>
<status status="PASS" start="2024-05-22T06:19:53.509767" elapsed="0.001057"/>
</kw>
<kw name="Run Keyword If" owner="BuiltIn">
<kw name="Should Be True" owner="BuiltIn">
<arg>${True}</arg>
<doc>Fails if the given condition is not true.</doc>
<status status="PASS" start="2024-05-22T06:19:53.511731" elapsed="0.000139"/>
</kw>
<arg>${json_data["results"][0]["location"]["coordinates"]["longitude"]} &gt;= -180 and ${json_data["results"][0]["location"]["coordinates"]["longitude"]} &lt;= 180</arg>
<arg>Should Be True</arg>
<arg>${True}</arg>
<doc>Runs the given keyword with the given arguments, if ``condition`` is true.</doc>
<status status="PASS" start="2024-05-22T06:19:53.511009" elapsed="0.000986"/>
</kw>
<status status="PASS" start="2024-05-22T06:19:53.392096" elapsed="0.120028"/>
</kw>
<doc>Testa o conteúdo específico dos campos retornados pela API.</doc>
<tag>testeConteudo</tag>
<status status="PASS" start="2024-05-22T06:19:53.391350" elapsed="0.120925"/>
</test>
<status status="PASS" start="2024-05-22T06:19:52.246290" elapsed="1.267965"/>
</suite>
<status status="PASS" start="2024-05-22T06:19:52.232715" elapsed="1.286754"/>
</suite>
<statistics>
<total>
<stat pass="5" fail="0" skip="0">All Tests</stat>
</total>
<tag>
<stat pass="1" fail="0" skip="0">testeConteudo</stat>
<stat pass="1" fail="0" skip="0">testeEstruturaResposta</stat>
<stat pass="1" fail="0" skip="0">testeRequisicaoBasica</stat>
<stat pass="1" fail="0" skip="0">testeTiposDados</stat>
</tag>
<suite>
<stat pass="5" fail="0" skip="0" id="s1" name="Tests">Tests</stat>
<stat pass="5" fail="0" skip="0" id="s1-s1" name="Random-User-Test">Tests.Random-User-Test</stat>
</suite>
</statistics>
<errors>
</errors>
</robot>
