<?xml version="1.0" encoding="UTF-8"?>
<robot generator="Robot 7.0 (Python 3.12.2 on linux)" generated="2024-03-25T19:11:51.866807" rpa="false" schemaversion="5">
<suite id="s1" name="Tests" source="/home/runner/work/DesafioQAItauRogerioJordao/DesafioQAItauRogerioJordao/RamdonUser/tests">
<suite id="s1-s1" name="Random-User-Test" source="/home/runner/work/DesafioQAItauRogerioJordao/DesafioQAItauRogerioJordao/RamdonUser/tests/random-user-test.robot">
<test id="s1-s1-t1" name="Conectar" line="13">
<kw name="Conectar API" owner="random-user-service">
<kw name="Create Session" owner="RequestsLibrary">
<msg time="2024-03-25T19:11:52.217452" level="INFO">Creating Session using : alias=consultarAPI, url=https://randomuser.me/, headers={},                     cookies={}, auth=None, timeout=None, proxies=None, verify=False,                     debug=0 </msg>
<arg>consultarAPI</arg>
<arg>${URL}</arg>
<doc>Create Session: create a HTTP session to a server</doc>
<status status="PASS" start="2024-03-25T19:11:52.217254" elapsed="0.000377"/>
</kw>
<status status="PASS" start="2024-03-25T19:11:52.216231" elapsed="0.001759"/>
</kw>
<status status="PASS" start="2024-03-25T19:11:52.215646" elapsed="0.002547"/>
</test>
<test id="s1-s1-t2" name="Validar retorno 200 e JSON Válido" line="16">
<kw name="Teste de Requisicao Basica" owner="random-user-service">
<kw name="GET On Session" owner="RequestsLibrary">
<msg time="2024-03-25T19:11:52.316683" level="INFO">GET Request : url=https://randomuser.me/api 
 path_url=/api 
 headers={'User-Agent': 'python-requests/2.31.0', 'Accept-Encoding': 'gzip, deflate', 'Accept': '*/*', 'Connection': 'keep-alive'} 
 body=None 
 </msg>
<msg time="2024-03-25T19:11:52.316831" level="INFO">GET Response : url=https://randomuser.me/api 
 status=200, reason=OK 
 headers={'Date': 'Mon, 25 Mar 2024 19:11:52 GMT', 'Content-Type': 'application/json; charset=utf-8', 'Transfer-Encoding': 'chunked', 'Connection': 'keep-alive', 'X-Powered-By': 'Express', 'Access-Control-Allow-Origin': '*', 'Cache-Control': 'no-cache', 'ETag': 'W/"4a2-gOiqtOf47IJhod1sesAVLSQGIPI"', 'Vary': 'Accept-Encoding', 'Content-Encoding': 'gzip', 'CF-Cache-Status': 'DYNAMIC', 'Report-To': '{"endpoints":[{"url":"https:\\/\\/a.nel.cloudflare.com\\/report\\/v4?s=kXFeVG5AsQ%2BfS7icbKllWwpMb95n9%2BppcoolOZBV4%2B3KUpIJgwxm51WnEaO685Q9weBHC5FlcJGxIWEU7BGOQCV86AvDPV5nG8MYQ7Cau7JhVHhri2SpqHAXvhfISi49"}],"group":"cf-nel","max_age":604800}', 'NEL': '{"success_fraction":0,"report_to":"cf-nel","max_age":604800}', 'Server': 'cloudflare', 'CF-RAY': '86a1358f9a1f222b-ORD', 'alt-svc': 'h3=":443"; ma=86400'} 
 body={"results":[{"gender":"male","name":{"title":"Mr","first":"Gerónimo","last":"Barrios"},"location":{"street":{"number":7253,"name":"Privada Ecuador"},"city":"Buenavista","state":"Tlaxcala","country":"Mexico","postcode":45253,"coordinates":{"latitude":"28.8960","longitude":"-106.5627"},"timezone":{"offset":"-5:00","description":"Eastern Time (US &amp; Canada), Bogota, Lima"}},"email":"geronimo.barrios@example.com","login":{"uuid":"513bd1e6-c7c2-4639-986f-8b471a287a58","username":"happyzebra585","password":"lane","salt":"VEYjzoMu","md5":"05509cceb4655b99c661a1f2f3448785","sha1":"0538ec24822d1314cec261e302bc140cf603240f","sha256":"23ef7c2f1d3801723b47e4c4dd7138b0d43e4f4274397bf8f9ef027dcf4644ed"},"dob":{"date":"1985-11-03T20:07:07.654Z","age":38},"registered":{"date":"2007-10-12T18:31:48.679Z","age":16},"phone":"(616) 154 6355","cell":"(671) 043 3352","id":{"name":"NSS","value":"67 22 97 8907 1"},"picture":{"large":"https://randomuser.me/api/portraits/men/49.jpg","medium":"https://randomuser.me/api/portraits/med/men/49.jpg","thumbnail":"https://randomuser.me/api/portraits/thumb/men/49.jpg"},"nat":"MX"}],"info":{"seed":"48508d853872fbc1","results":1,"page":1,"version":"1.4"}} 
 </msg>
<msg time="2024-03-25T19:11:52.316943" level="INFO">/opt/hostedtoolcache/Python/3.12.2/x64/lib/python3.12/site-packages/urllib3/connectionpool.py:1103: InsecureRequestWarning: Unverified HTTPS request is being made to host 'randomuser.me'. Adding certificate verification is strongly advised. See: https://urllib3.readthedocs.io/en/latest/advanced-usage.html#tls-warnings
  warnings.warn(</msg>
<msg time="2024-03-25T19:11:52.317104" level="INFO">${response} = &lt;Response [200]&gt;</msg>
<var>${response}</var>
<arg>consultarAPI</arg>
<arg>/api</arg>
<doc>Sends a GET request on a previously created HTTP Session.</doc>
<status status="PASS" start="2024-03-25T19:11:52.220768" elapsed="0.096381"/>
</kw>
<kw name="Should Be Equal As Numbers" owner="BuiltIn">
<msg time="2024-03-25T19:11:52.318195" level="INFO">Argument types are:
&lt;class 'int'&gt;
&lt;class 'str'&gt;</msg>
<arg>${response.status_code}</arg>
<arg>200</arg>
<doc>Fails if objects are unequal after converting them to real numbers.</doc>
<status status="PASS" start="2024-03-25T19:11:52.317725" elapsed="0.000538"/>
</kw>
<kw name="Log" owner="BuiltIn">
<msg time="2024-03-25T19:11:52.318958" level="INFO">200</msg>
<arg>${response.status_code}</arg>
<doc>Logs the given message with the given level.</doc>
<status status="PASS" start="2024-03-25T19:11:52.318590" elapsed="0.000413"/>
</kw>
<kw name="Set Variable" owner="BuiltIn">
<msg time="2024-03-25T19:11:52.319852" level="INFO">${json_data} = {'results': [{'gender': 'male', 'name': {'title': 'Mr', 'first': 'Gerónimo', 'last': 'Barrios'}, 'location': {'street': {'number': 7253, 'name': 'Privada Ecuador'}, 'city': 'Buenavista', 'state': 'Tla...</msg>
<var>${json_data}</var>
<arg>${response.json()}</arg>
<doc>Returns the given values which can then be assigned to a variables.</doc>
<status status="PASS" start="2024-03-25T19:11:52.319346" elapsed="0.000539"/>
</kw>
<kw name="Dictionary Should Contain Key" owner="Collections">
<msg time="2024-03-25T19:11:52.320370" level="INFO">False</msg>
<arg>${json_data}</arg>
<arg>results</arg>
<doc>Fails if ``key`` is not found from ``dictionary``.</doc>
<status status="PASS" start="2024-03-25T19:11:52.320197" elapsed="0.000213"/>
</kw>
<status status="PASS" start="2024-03-25T19:11:52.220519" elapsed="0.100153"/>
</kw>
<doc>Testa se a API responde corretamente e retorna um objeto JSON válido.</doc>
<tag>testeRequisicaoBasica</tag>
<status status="PASS" start="2024-03-25T19:11:52.220043" elapsed="0.100822"/>
</test>
<test id="s1-s1-t3" name="Validar estrutura de resposta" line="22">
<kw name="Teste de Estrutura de Resposta" owner="random-user-service">
<kw name="GET On Session" owner="RequestsLibrary">
<msg time="2024-03-25T19:11:52.422271" level="INFO">GET Request : url=https://randomuser.me/api 
 path_url=/api 
 headers={'User-Agent': 'python-requests/2.31.0', 'Accept-Encoding': 'gzip, deflate', 'Accept': '*/*', 'Connection': 'keep-alive'} 
 body=None 
 </msg>
<msg time="2024-03-25T19:11:52.422356" level="INFO">GET Response : url=https://randomuser.me/api 
 status=200, reason=OK 
 headers={'Date': 'Mon, 25 Mar 2024 19:11:52 GMT', 'Content-Type': 'application/json; charset=utf-8', 'Transfer-Encoding': 'chunked', 'Connection': 'keep-alive', 'X-Powered-By': 'Express', 'Access-Control-Allow-Origin': '*', 'Cache-Control': 'no-cache', 'ETag': 'W/"4aa-ZMfCqq+jQTSlkjZ2TZMb3HMAzqY"', 'Vary': 'Accept-Encoding', 'Content-Encoding': 'gzip', 'CF-Cache-Status': 'DYNAMIC', 'Report-To': '{"endpoints":[{"url":"https:\\/\\/a.nel.cloudflare.com\\/report\\/v4?s=kUoD5VIykCTwibToo6PgxUap6reEcpA2vwQoWSTwrxUqVYuEo6UQZnEb4pxk%2Bts0nz1m6PwWT49pysF5I%2BmY8EFixYPqe0oK2hIfGj%2FZ7QF8ArPBWeVEj3WYjWpatATV"}],"group":"cf-nel","max_age":604800}', 'NEL': '{"success_fraction":0,"report_to":"cf-nel","max_age":604800}', 'Server': 'cloudflare', 'CF-RAY': '86a135900b28222b-ORD', 'alt-svc': 'h3=":443"; ma=86400'} 
 body={"results":[{"gender":"female","name":{"title":"Ms","first":"Flavie","last":"Leroux"},"location":{"street":{"number":2557,"name":"Rue du Bât-D'Argent"},"city":"Colombes","state":"Finistère","country":"France","postcode":13826,"coordinates":{"latitude":"-15.7085","longitude":"20.8761"},"timezone":{"offset":"-5:00","description":"Eastern Time (US &amp; Canada), Bogota, Lima"}},"email":"flavie.leroux@example.com","login":{"uuid":"69e34c44-0533-4653-a2b4-8c7102df4755","username":"crazylion803","password":"piercing","salt":"wnpzwmPi","md5":"0a8d878b4c2d413c25ceb2ae64b09e47","sha1":"3cbc7757add70ae2f1a1df0f7fb3200993dfb0de","sha256":"c6f390f608a200d9f51b111e5f2bf9cb31a9a813e6e9313b82edb9d48e553030"},"dob":{"date":"1969-09-12T17:26:47.772Z","age":54},"registered":{"date":"2003-07-15T02:17:07.243Z","age":20},"phone":"01-89-24-33-62","cell":"06-01-50-60-43","id":{"name":"INSEE","value":"2690832293770 94"},"picture":{"large":"https://randomuser.me/api/portraits/women/4.jpg","medium":"https://randomuser.me/api/portraits/med/women/4.jpg","thumbnail":"https://randomuser.me/api/portraits/thumb/women/4.jpg"},"nat":"FR"}],"info":{"seed":"09d51fe126d7215c","results":1,"page":1,"version":"1.4"}} 
 </msg>
<msg time="2024-03-25T19:11:52.422497" level="INFO">/opt/hostedtoolcache/Python/3.12.2/x64/lib/python3.12/site-packages/urllib3/connectionpool.py:1103: InsecureRequestWarning: Unverified HTTPS request is being made to host 'randomuser.me'. Adding certificate verification is strongly advised. See: https://urllib3.readthedocs.io/en/latest/advanced-usage.html#tls-warnings
  warnings.warn(</msg>
<msg time="2024-03-25T19:11:52.422594" level="INFO">${response} = &lt;Response [200]&gt;</msg>
<var>${response}</var>
<arg>consultarAPI</arg>
<arg>/api</arg>
<doc>Sends a GET request on a previously created HTTP Session.</doc>
<status status="PASS" start="2024-03-25T19:11:52.323640" elapsed="0.098991"/>
</kw>
<kw name="Set Variable" owner="BuiltIn">
<msg time="2024-03-25T19:11:52.423496" level="INFO">${json_data} = {'results': [{'gender': 'female', 'name': {'title': 'Ms', 'first': 'Flavie', 'last': 'Leroux'}, 'location': {'street': {'number': 2557, 'name': "Rue du Bât-D'Argent"}, 'city': 'Colombes', 'state': 'Fi...</msg>
<var>${json_data}</var>
<arg>${response.json()}</arg>
<doc>Returns the given values which can then be assigned to a variables.</doc>
<status status="PASS" start="2024-03-25T19:11:52.423020" elapsed="0.000506"/>
</kw>
<kw name="Log" owner="BuiltIn">
<msg time="2024-03-25T19:11:52.424053" level="INFO">{'results': [{'gender': 'female', 'name': {'title': 'Ms', 'first': 'Flavie', 'last': 'Leroux'}, 'location': {'street': {'number': 2557, 'name': "Rue du Bât-D'Argent"}, 'city': 'Colombes', 'state': 'Finistère', 'country': 'France', 'postcode': 13826, 'coordinates': {'latitude': '-15.7085', 'longitude': '20.8761'}, 'timezone': {'offset': '-5:00', 'description': 'Eastern Time (US &amp; Canada), Bogota, Lima'}}, 'email': 'flavie.leroux@example.com', 'login': {'uuid': '69e34c44-0533-4653-a2b4-8c7102df4755', 'username': 'crazylion803', 'password': 'piercing', 'salt': 'wnpzwmPi', 'md5': '0a8d878b4c2d413c25ceb2ae64b09e47', 'sha1': '3cbc7757add70ae2f1a1df0f7fb3200993dfb0de', 'sha256': 'c6f390f608a200d9f51b111e5f2bf9cb31a9a813e6e9313b82edb9d48e553030'}, 'dob': {'date': '1969-09-12T17:26:47.772Z', 'age': 54}, 'registered': {'date': '2003-07-15T02:17:07.243Z', 'age': 20}, 'phone': '01-89-24-33-62', 'cell': '06-01-50-60-43', 'id': {'name': 'INSEE', 'value': '2690832293770 94'}, 'picture': {'large': 'https://randomuser.me/api/portraits/women/4.jpg', 'medium': 'https://randomuser.me/api/portraits/med/women/4.jpg', 'thumbnail': 'https://randomuser.me/api/portraits/thumb/women/4.jpg'}, 'nat': 'FR'}], 'info': {'seed': '09d51fe126d7215c', 'results': 1, 'page': 1, 'version': '1.4'}}</msg>
<arg>${json_data}</arg>
<doc>Logs the given message with the given level.</doc>
<status status="PASS" start="2024-03-25T19:11:52.423885" elapsed="0.000220"/>
</kw>
<kw name="Dictionary Should Contain Key" owner="Collections">
<msg time="2024-03-25T19:11:52.424575" level="INFO">False</msg>
<arg>${json_data}</arg>
<arg>results</arg>
<doc>Fails if ``key`` is not found from ``dictionary``.</doc>
<status status="PASS" start="2024-03-25T19:11:52.424418" elapsed="0.000196"/>
</kw>
<kw name="Should Not Be Empty" owner="BuiltIn">
<msg time="2024-03-25T19:11:52.425051" level="INFO">Length is 2.</msg>
<arg>${json_data}</arg>
<doc>Verifies that the given item is not empty.</doc>
<status status="PASS" start="2024-03-25T19:11:52.424915" elapsed="0.000176"/>
</kw>
<kw name="Create List" owner="BuiltIn">
<msg time="2024-03-25T19:11:52.425540" level="INFO">${expected_keys} = ['gender', 'name', 'location', 'email', 'login']</msg>
<var>${expected_keys}</var>
<arg>gender</arg>
<arg>name</arg>
<arg>location</arg>
<arg>email</arg>
<arg>login</arg>
<doc>Returns a list containing given items.</doc>
<status status="PASS" start="2024-03-25T19:11:52.425387" elapsed="0.000178"/>
</kw>
<for flavor="IN">
<iter>
<kw name="Dictionary Should Contain Key" owner="Collections">
<msg time="2024-03-25T19:11:52.426559" level="INFO">False</msg>
<arg>${json_data['results'][0]}</arg>
<arg>${key}</arg>
<doc>Fails if ``key`` is not found from ``dictionary``.</doc>
<status status="PASS" start="2024-03-25T19:11:52.426146" elapsed="0.000452"/>
</kw>
<kw name="Log" owner="BuiltIn">
<msg time="2024-03-25T19:11:52.427285" level="INFO">{'gender': 'female', 'name': {'title': 'Ms', 'first': 'Flavie', 'last': 'Leroux'}, 'location': {'street': {'number': 2557, 'name': "Rue du Bât-D'Argent"}, 'city': 'Colombes', 'state': 'Finistère', 'country': 'France', 'postcode': 13826, 'coordinates': {'latitude': '-15.7085', 'longitude': '20.8761'}, 'timezone': {'offset': '-5:00', 'description': 'Eastern Time (US &amp; Canada), Bogota, Lima'}}, 'email': 'flavie.leroux@example.com', 'login': {'uuid': '69e34c44-0533-4653-a2b4-8c7102df4755', 'username': 'crazylion803', 'password': 'piercing', 'salt': 'wnpzwmPi', 'md5': '0a8d878b4c2d413c25ceb2ae64b09e47', 'sha1': '3cbc7757add70ae2f1a1df0f7fb3200993dfb0de', 'sha256': 'c6f390f608a200d9f51b111e5f2bf9cb31a9a813e6e9313b82edb9d48e553030'}, 'dob': {'date': '1969-09-12T17:26:47.772Z', 'age': 54}, 'registered': {'date': '2003-07-15T02:17:07.243Z', 'age': 20}, 'phone': '01-89-24-33-62', 'cell': '06-01-50-60-43', 'id': {'name': 'INSEE', 'value': '2690832293770 94'}, 'picture': {'large': 'https://randomuser.me/api/portraits/women/4.jpg', 'medium': 'https://randomuser.me/api/portraits/med/women/4.jpg', 'thumbnail': 'https://randomuser.me/api/portraits/thumb/women/4.jpg'}, 'nat': 'FR'}</msg>
<arg>${json_data['results'][0]}</arg>
<doc>Logs the given message with the given level.</doc>
<status status="PASS" start="2024-03-25T19:11:52.426909" elapsed="0.000434"/>
</kw>
<kw name="Log" owner="BuiltIn">
<msg time="2024-03-25T19:11:52.427803" level="INFO">gender</msg>
<arg>${key}</arg>
<doc>Logs the given message with the given level.</doc>
<status status="PASS" start="2024-03-25T19:11:52.427652" elapsed="0.000200"/>
</kw>
<var name="${key}">gender</var>
<status status="PASS" start="2024-03-25T19:11:52.426020" elapsed="0.002057"/>
</iter>
<iter>
<kw name="Dictionary Should Contain Key" owner="Collections">
<msg time="2024-03-25T19:11:52.428772" level="INFO">False</msg>
<arg>${json_data['results'][0]}</arg>
<arg>${key}</arg>
<doc>Fails if ``key`` is not found from ``dictionary``.</doc>
<status status="PASS" start="2024-03-25T19:11:52.428385" elapsed="0.000461"/>
</kw>
<kw name="Log" owner="BuiltIn">
<msg time="2024-03-25T19:11:52.429518" level="INFO">{'gender': 'female', 'name': {'title': 'Ms', 'first': 'Flavie', 'last': 'Leroux'}, 'location': {'street': {'number': 2557, 'name': "Rue du Bât-D'Argent"}, 'city': 'Colombes', 'state': 'Finistère', 'country': 'France', 'postcode': 13826, 'coordinates': {'latitude': '-15.7085', 'longitude': '20.8761'}, 'timezone': {'offset': '-5:00', 'description': 'Eastern Time (US &amp; Canada), Bogota, Lima'}}, 'email': 'flavie.leroux@example.com', 'login': {'uuid': '69e34c44-0533-4653-a2b4-8c7102df4755', 'username': 'crazylion803', 'password': 'piercing', 'salt': 'wnpzwmPi', 'md5': '0a8d878b4c2d413c25ceb2ae64b09e47', 'sha1': '3cbc7757add70ae2f1a1df0f7fb3200993dfb0de', 'sha256': 'c6f390f608a200d9f51b111e5f2bf9cb31a9a813e6e9313b82edb9d48e553030'}, 'dob': {'date': '1969-09-12T17:26:47.772Z', 'age': 54}, 'registered': {'date': '2003-07-15T02:17:07.243Z', 'age': 20}, 'phone': '01-89-24-33-62', 'cell': '06-01-50-60-43', 'id': {'name': 'INSEE', 'value': '2690832293770 94'}, 'picture': {'large': 'https://randomuser.me/api/portraits/women/4.jpg', 'medium': 'https://randomuser.me/api/portraits/med/women/4.jpg', 'thumbnail': 'https://randomuser.me/api/portraits/thumb/women/4.jpg'}, 'nat': 'FR'}</msg>
<arg>${json_data['results'][0]}</arg>
<doc>Logs the given message with the given level.</doc>
<status status="PASS" start="2024-03-25T19:11:52.429152" elapsed="0.000417"/>
</kw>
<kw name="Log" owner="BuiltIn">
<msg time="2024-03-25T19:11:52.429999" level="INFO">name</msg>
<arg>${key}</arg>
<doc>Logs the given message with the given level.</doc>
<status status="PASS" start="2024-03-25T19:11:52.429871" elapsed="0.000166"/>
</kw>
<var name="${key}">name</var>
<status status="PASS" start="2024-03-25T19:11:52.428269" elapsed="0.001987"/>
</iter>
<iter>
<kw name="Dictionary Should Contain Key" owner="Collections">
<msg time="2024-03-25T19:11:52.430924" level="INFO">False</msg>
<arg>${json_data['results'][0]}</arg>
<arg>${key}</arg>
<doc>Fails if ``key`` is not found from ``dictionary``.</doc>
<status status="PASS" start="2024-03-25T19:11:52.430550" elapsed="0.000412"/>
</kw>
<kw name="Log" owner="BuiltIn">
<msg time="2024-03-25T19:11:52.431630" level="INFO">{'gender': 'female', 'name': {'title': 'Ms', 'first': 'Flavie', 'last': 'Leroux'}, 'location': {'street': {'number': 2557, 'name': "Rue du Bât-D'Argent"}, 'city': 'Colombes', 'state': 'Finistère', 'country': 'France', 'postcode': 13826, 'coordinates': {'latitude': '-15.7085', 'longitude': '20.8761'}, 'timezone': {'offset': '-5:00', 'description': 'Eastern Time (US &amp; Canada), Bogota, Lima'}}, 'email': 'flavie.leroux@example.com', 'login': {'uuid': '69e34c44-0533-4653-a2b4-8c7102df4755', 'username': 'crazylion803', 'password': 'piercing', 'salt': 'wnpzwmPi', 'md5': '0a8d878b4c2d413c25ceb2ae64b09e47', 'sha1': '3cbc7757add70ae2f1a1df0f7fb3200993dfb0de', 'sha256': 'c6f390f608a200d9f51b111e5f2bf9cb31a9a813e6e9313b82edb9d48e553030'}, 'dob': {'date': '1969-09-12T17:26:47.772Z', 'age': 54}, 'registered': {'date': '2003-07-15T02:17:07.243Z', 'age': 20}, 'phone': '01-89-24-33-62', 'cell': '06-01-50-60-43', 'id': {'name': 'INSEE', 'value': '2690832293770 94'}, 'picture': {'large': 'https://randomuser.me/api/portraits/women/4.jpg', 'medium': 'https://randomuser.me/api/portraits/med/women/4.jpg', 'thumbnail': 'https://randomuser.me/api/portraits/thumb/women/4.jpg'}, 'nat': 'FR'}</msg>
<arg>${json_data['results'][0]}</arg>
<doc>Logs the given message with the given level.</doc>
<status status="PASS" start="2024-03-25T19:11:52.431263" elapsed="0.000423"/>
</kw>
<kw name="Log" owner="BuiltIn">
<msg time="2024-03-25T19:11:52.432142" level="INFO">location</msg>
<arg>${key}</arg>
<doc>Logs the given message with the given level.</doc>
<status status="PASS" start="2024-03-25T19:11:52.432015" elapsed="0.000166"/>
</kw>
<var name="${key}">location</var>
<status status="PASS" start="2024-03-25T19:11:52.430438" elapsed="0.001959"/>
</iter>
<iter>
<kw name="Dictionary Should Contain Key" owner="Collections">
<msg time="2024-03-25T19:11:52.433073" level="INFO">False</msg>
<arg>${json_data['results'][0]}</arg>
<arg>${key}</arg>
<doc>Fails if ``key`` is not found from ``dictionary``.</doc>
<status status="PASS" start="2024-03-25T19:11:52.432690" elapsed="0.000420"/>
</kw>
<kw name="Log" owner="BuiltIn">
<msg time="2024-03-25T19:11:52.433769" level="INFO">{'gender': 'female', 'name': {'title': 'Ms', 'first': 'Flavie', 'last': 'Leroux'}, 'location': {'street': {'number': 2557, 'name': "Rue du Bât-D'Argent"}, 'city': 'Colombes', 'state': 'Finistère', 'country': 'France', 'postcode': 13826, 'coordinates': {'latitude': '-15.7085', 'longitude': '20.8761'}, 'timezone': {'offset': '-5:00', 'description': 'Eastern Time (US &amp; Canada), Bogota, Lima'}}, 'email': 'flavie.leroux@example.com', 'login': {'uuid': '69e34c44-0533-4653-a2b4-8c7102df4755', 'username': 'crazylion803', 'password': 'piercing', 'salt': 'wnpzwmPi', 'md5': '0a8d878b4c2d413c25ceb2ae64b09e47', 'sha1': '3cbc7757add70ae2f1a1df0f7fb3200993dfb0de', 'sha256': 'c6f390f608a200d9f51b111e5f2bf9cb31a9a813e6e9313b82edb9d48e553030'}, 'dob': {'date': '1969-09-12T17:26:47.772Z', 'age': 54}, 'registered': {'date': '2003-07-15T02:17:07.243Z', 'age': 20}, 'phone': '01-89-24-33-62', 'cell': '06-01-50-60-43', 'id': {'name': 'INSEE', 'value': '2690832293770 94'}, 'picture': {'large': 'https://randomuser.me/api/portraits/women/4.jpg', 'medium': 'https://randomuser.me/api/portraits/med/women/4.jpg', 'thumbnail': 'https://randomuser.me/api/portraits/thumb/women/4.jpg'}, 'nat': 'FR'}</msg>
<arg>${json_data['results'][0]}</arg>
<doc>Logs the given message with the given level.</doc>
<status status="PASS" start="2024-03-25T19:11:52.433411" elapsed="0.000409"/>
</kw>
<kw name="Log" owner="BuiltIn">
<msg time="2024-03-25T19:11:52.434244" level="INFO">email</msg>
<arg>${key}</arg>
<doc>Logs the given message with the given level.</doc>
<status status="PASS" start="2024-03-25T19:11:52.434117" elapsed="0.000166"/>
</kw>
<var name="${key}">email</var>
<status status="PASS" start="2024-03-25T19:11:52.432572" elapsed="0.001926"/>
</iter>
<iter>
<kw name="Dictionary Should Contain Key" owner="Collections">
<msg time="2024-03-25T19:11:52.435456" level="INFO">False</msg>
<arg>${json_data['results'][0]}</arg>
<arg>${key}</arg>
<doc>Fails if ``key`` is not found from ``dictionary``.</doc>
<status status="PASS" start="2024-03-25T19:11:52.434865" elapsed="0.000654"/>
</kw>
<kw name="Log" owner="BuiltIn">
<msg time="2024-03-25T19:11:52.436412" level="INFO">{'gender': 'female', 'name': {'title': 'Ms', 'first': 'Flavie', 'last': 'Leroux'}, 'location': {'street': {'number': 2557, 'name': "Rue du Bât-D'Argent"}, 'city': 'Colombes', 'state': 'Finistère', 'country': 'France', 'postcode': 13826, 'coordinates': {'latitude': '-15.7085', 'longitude': '20.8761'}, 'timezone': {'offset': '-5:00', 'description': 'Eastern Time (US &amp; Canada), Bogota, Lima'}}, 'email': 'flavie.leroux@example.com', 'login': {'uuid': '69e34c44-0533-4653-a2b4-8c7102df4755', 'username': 'crazylion803', 'password': 'piercing', 'salt': 'wnpzwmPi', 'md5': '0a8d878b4c2d413c25ceb2ae64b09e47', 'sha1': '3cbc7757add70ae2f1a1df0f7fb3200993dfb0de', 'sha256': 'c6f390f608a200d9f51b111e5f2bf9cb31a9a813e6e9313b82edb9d48e553030'}, 'dob': {'date': '1969-09-12T17:26:47.772Z', 'age': 54}, 'registered': {'date': '2003-07-15T02:17:07.243Z', 'age': 20}, 'phone': '01-89-24-33-62', 'cell': '06-01-50-60-43', 'id': {'name': 'INSEE', 'value': '2690832293770 94'}, 'picture': {'large': 'https://randomuser.me/api/portraits/women/4.jpg', 'medium': 'https://randomuser.me/api/portraits/med/women/4.jpg', 'thumbnail': 'https://randomuser.me/api/portraits/thumb/women/4.jpg'}, 'nat': 'FR'}</msg>
<arg>${json_data['results'][0]}</arg>
<doc>Logs the given message with the given level.</doc>
<status status="PASS" start="2024-03-25T19:11:52.435951" elapsed="0.000513"/>
</kw>
<kw name="Log" owner="BuiltIn">
<msg time="2024-03-25T19:11:52.436929" level="INFO">login</msg>
<arg>${key}</arg>
<doc>Logs the given message with the given level.</doc>
<status status="PASS" start="2024-03-25T19:11:52.436795" elapsed="0.000276"/>
</kw>
<var name="${key}">login</var>
<status status="PASS" start="2024-03-25T19:11:52.434688" elapsed="0.002610"/>
</iter>
<var>${key}</var>
<value>@{expected_keys}</value>
<status status="PASS" start="2024-03-25T19:11:52.425831" elapsed="0.011593"/>
</for>
<kw name="Create List" owner="BuiltIn">
<msg time="2024-03-25T19:11:52.437758" level="INFO">${expected_keysTwo} = ['username', 'password']</msg>
<var>${expected_keysTwo}</var>
<arg>username</arg>
<arg>password</arg>
<doc>Returns a list containing given items.</doc>
<status status="PASS" start="2024-03-25T19:11:52.437620" elapsed="0.000162"/>
</kw>
<for flavor="IN">
<iter>
<kw name="Dictionary Should Contain Key" owner="Collections">
<msg time="2024-03-25T19:11:52.438669" level="INFO">False</msg>
<arg>${json_data['results'][0]['login']}</arg>
<arg>${keyTwo}</arg>
<doc>Fails if ``key`` is not found from ``dictionary``.</doc>
<status status="PASS" start="2024-03-25T19:11:52.438285" elapsed="0.000423"/>
</kw>
<kw name="Dictionary Should Contain Key" owner="Collections">
<msg time="2024-03-25T19:11:52.439395" level="INFO">False</msg>
<arg>${json_data['results'][0]['login']}</arg>
<arg>${keyTwo}</arg>
<doc>Fails if ``key`` is not found from ``dictionary``.</doc>
<status status="PASS" start="2024-03-25T19:11:52.439006" elapsed="0.000426"/>
</kw>
<kw name="Log" owner="BuiltIn">
<msg time="2024-03-25T19:11:52.439884" level="INFO">username</msg>
<arg>${keyTwo}</arg>
<doc>Logs the given message with the given level.</doc>
<status status="PASS" start="2024-03-25T19:11:52.439726" elapsed="0.000196"/>
</kw>
<var name="${keyTwo}">username</var>
<status status="PASS" start="2024-03-25T19:11:52.438173" elapsed="0.001966"/>
</iter>
<iter>
<kw name="Dictionary Should Contain Key" owner="Collections">
<msg time="2024-03-25T19:11:52.440801" level="INFO">False</msg>
<arg>${json_data['results'][0]['login']}</arg>
<arg>${keyTwo}</arg>
<doc>Fails if ``key`` is not found from ``dictionary``.</doc>
<status status="PASS" start="2024-03-25T19:11:52.440424" elapsed="0.000415"/>
</kw>
<kw name="Dictionary Should Contain Key" owner="Collections">
<msg time="2024-03-25T19:11:52.441509" level="INFO">False</msg>
<arg>${json_data['results'][0]['login']}</arg>
<arg>${keyTwo}</arg>
<doc>Fails if ``key`` is not found from ``dictionary``.</doc>
<status status="PASS" start="2024-03-25T19:11:52.441133" elapsed="0.000412"/>
</kw>
<kw name="Log" owner="BuiltIn">
<msg time="2024-03-25T19:11:52.441960" level="INFO">password</msg>
<arg>${keyTwo}</arg>
<doc>Logs the given message with the given level.</doc>
<status status="PASS" start="2024-03-25T19:11:52.441834" elapsed="0.000163"/>
</kw>
<var name="${keyTwo}">password</var>
<status status="PASS" start="2024-03-25T19:11:52.440315" elapsed="0.001899"/>
</iter>
<var>${keyTwo}</var>
<value>@{expected_keysTwo}</value>
<status status="PASS" start="2024-03-25T19:11:52.438021" elapsed="0.004315"/>
</for>
<status status="PASS" start="2024-03-25T19:11:52.323405" elapsed="0.119071"/>
</kw>
<doc>Testa a estrutura da resposta da API.</doc>
<tag>testeEstruturaResposta</tag>
<status status="PASS" start="2024-03-25T19:11:52.322738" elapsed="0.119896"/>
</test>
<test id="s1-s1-t4" name="Validar tipos de dados" line="28">
<kw name="Teste de Tipos de Dados" owner="random-user-service">
<kw name="GET On Session" owner="RequestsLibrary">
<msg time="2024-03-25T19:11:52.510182" level="INFO">GET Request : url=https://randomuser.me/api 
 path_url=/api 
 headers={'User-Agent': 'python-requests/2.31.0', 'Accept-Encoding': 'gzip, deflate', 'Accept': '*/*', 'Connection': 'keep-alive'} 
 body=None 
 </msg>
<msg time="2024-03-25T19:11:52.510259" level="INFO">GET Response : url=https://randomuser.me/api 
 status=200, reason=OK 
 headers={'Date': 'Mon, 25 Mar 2024 19:11:52 GMT', 'Content-Type': 'application/json; charset=utf-8', 'Transfer-Encoding': 'chunked', 'Connection': 'keep-alive', 'X-Powered-By': 'Express', 'Access-Control-Allow-Origin': '*', 'Cache-Control': 'no-cache', 'ETag': 'W/"4a6-cz1PNU38LXC2BmFv16cRT1MK544"', 'Vary': 'Accept-Encoding', 'Content-Encoding': 'gzip', 'CF-Cache-Status': 'DYNAMIC', 'Report-To': '{"endpoints":[{"url":"https:\\/\\/a.nel.cloudflare.com\\/report\\/v4?s=YIBbDZgRdJakcN7mszuy266eqhiuckz2oLyUu4PyKzzU7wjNYN8aKXqCEgi%2FeeZ1Ctccv8noZ426t5QQvlRiXqu9tNwlK8u5SEDD5548ITi6J8%2BwyrgcnsopvQjowSam"}],"group":"cf-nel","max_age":604800}', 'NEL': '{"success_fraction":0,"report_to":"cf-nel","max_age":604800}', 'Server': 'cloudflare', 'CF-RAY': '86a13590cc33222b-ORD', 'alt-svc': 'h3=":443"; ma=86400'} 
 body={"results":[{"gender":"female","name":{"title":"Ms","first":"Elanur","last":"Weeda"},"location":{"street":{"number":7192,"name":"J.F. Kennedystraat"},"city":"Hertme","state":"Noord-Brabant","country":"Netherlands","postcode":"5786 IW","coordinates":{"latitude":"32.4185","longitude":"175.8358"},"timezone":{"offset":"-4:00","description":"Atlantic Time (Canada), Caracas, La Paz"}},"email":"elanur.weeda@example.com","login":{"uuid":"3fb4bc58-dfa6-402f-aecd-302765621f10","username":"ticklishdog112","password":"senior","salt":"9Qzdk054","md5":"c7bd92dbc88e5e5755d812bad398e6b4","sha1":"4a5d5264ad89ca8a0f107b5fbcc14d6c4b9e4fa8","sha256":"412fc11a70099ebd7fbd7ed92bb5c7b4bd966946243e1bdaa9c412397aac17b8"},"dob":{"date":"1951-11-22T17:41:47.171Z","age":72},"registered":{"date":"2011-01-26T05:13:55.719Z","age":13},"phone":"(0160) 656614","cell":"(06) 93790330","id":{"name":"BSN","value":"53407386"},"picture":{"large":"https://randomuser.me/api/portraits/women/36.jpg","medium":"https://randomuser.me/api/portraits/med/women/36.jpg","thumbnail":"https://randomuser.me/api/portraits/thumb/women/36.jpg"},"nat":"NL"}],"info":{"seed":"42dc1ad15abc26be","results":1,"page":1,"version":"1.4"}} 
 </msg>
<msg time="2024-03-25T19:11:52.510325" level="INFO">/opt/hostedtoolcache/Python/3.12.2/x64/lib/python3.12/site-packages/urllib3/connectionpool.py:1103: InsecureRequestWarning: Unverified HTTPS request is being made to host 'randomuser.me'. Adding certificate verification is strongly advised. See: https://urllib3.readthedocs.io/en/latest/advanced-usage.html#tls-warnings
  warnings.warn(</msg>
<msg time="2024-03-25T19:11:52.510446" level="INFO">${response} = &lt;Response [200]&gt;</msg>
<var>${response}</var>
<arg>consultarAPI</arg>
<arg>/api</arg>
<doc>Sends a GET request on a previously created HTTP Session.</doc>
<status status="PASS" start="2024-03-25T19:11:52.445187" elapsed="0.065309"/>
</kw>
<kw name="Set Variable" owner="BuiltIn">
<msg time="2024-03-25T19:11:52.511520" level="INFO">${json_data} = {'results': [{'gender': 'female', 'name': {'title': 'Ms', 'first': 'Elanur', 'last': 'Weeda'}, 'location': {'street': {'number': 7192, 'name': 'J.F. Kennedystraat'}, 'city': 'Hertme', 'state': 'Noord-...</msg>
<var>${json_data}</var>
<arg>${response.json()}</arg>
<doc>Returns the given values which can then be assigned to a variables.</doc>
<status status="PASS" start="2024-03-25T19:11:52.510971" elapsed="0.000577"/>
</kw>
<kw name="Log" owner="BuiltIn">
<msg time="2024-03-25T19:11:52.512050" level="INFO">{'results': [{'gender': 'female', 'name': {'title': 'Ms', 'first': 'Elanur', 'last': 'Weeda'}, 'location': {'street': {'number': 7192, 'name': 'J.F. Kennedystraat'}, 'city': 'Hertme', 'state': 'Noord-Brabant', 'country': 'Netherlands', 'postcode': '5786 IW', 'coordinates': {'latitude': '32.4185', 'longitude': '175.8358'}, 'timezone': {'offset': '-4:00', 'description': 'Atlantic Time (Canada), Caracas, La Paz'}}, 'email': 'elanur.weeda@example.com', 'login': {'uuid': '3fb4bc58-dfa6-402f-aecd-302765621f10', 'username': 'ticklishdog112', 'password': 'senior', 'salt': '9Qzdk054', 'md5': 'c7bd92dbc88e5e5755d812bad398e6b4', 'sha1': '4a5d5264ad89ca8a0f107b5fbcc14d6c4b9e4fa8', 'sha256': '412fc11a70099ebd7fbd7ed92bb5c7b4bd966946243e1bdaa9c412397aac17b8'}, 'dob': {'date': '1951-11-22T17:41:47.171Z', 'age': 72}, 'registered': {'date': '2011-01-26T05:13:55.719Z', 'age': 13}, 'phone': '(0160) 656614', 'cell': '(06) 93790330', 'id': {'name': 'BSN', 'value': '53407386'}, 'picture': {'large': 'https://randomuser.me/api/portraits/women/36.jpg', 'medium': 'https://randomuser.me/api/portraits/med/women/36.jpg', 'thumbnail': 'https://randomuser.me/api/portraits/thumb/women/36.jpg'}, 'nat': 'NL'}], 'info': {'seed': '42dc1ad15abc26be', 'results': 1, 'page': 1, 'version': '1.4'}}</msg>
<arg>${json_data}</arg>
<doc>Logs the given message with the given level.</doc>
<status status="PASS" start="2024-03-25T19:11:52.511895" elapsed="0.000237"/>
</kw>
<kw name="Should Be String" owner="String">
<arg>${json_data['results'][0]['gender']}</arg>
<doc>Fails if the given ``item`` is not a string.</doc>
<status status="PASS" start="2024-03-25T19:11:52.512440" elapsed="0.000364"/>
</kw>
<kw name="Should Match Regexp" owner="BuiltIn">
<arg>${json_data['results'][0]['email']}</arg>
<arg>^[a-zA-Z0-9._%+-]+@[a-zA-Z0-9.-]+\.[a-zA-Z]{2,}$</arg>
<doc>Fails if ``string`` does not match ``pattern`` as a regular expression.</doc>
<status status="PASS" start="2024-03-25T19:11:52.512999" elapsed="0.000513"/>
</kw>
<kw name="Should Match Regexp" owner="BuiltIn">
<arg>${json_data['results'][0]['dob']['date']}</arg>
<arg>\\d{4}-\\d{2}-\\d{2}T\\d{2}:\\d{2}:\\d{2}\\.\\d{3}Z</arg>
<doc>Fails if ``string`` does not match ``pattern`` as a regular expression.</doc>
<status status="PASS" start="2024-03-25T19:11:52.513710" elapsed="0.000482"/>
</kw>
<kw name="Should Match Regexp" owner="BuiltIn">
<arg>${json_data['results'][0]['registered']['date']}</arg>
<arg>\\d{4}-\\d{2}-\\d{2}T\\d{2}:\\d{2}:\\d{2}\\.\\d{3}Z</arg>
<doc>Fails if ``string`` does not match ``pattern`` as a regular expression.</doc>
<status status="PASS" start="2024-03-25T19:11:52.514386" elapsed="0.000369"/>
</kw>
<kw name="Should Match Regexp" owner="BuiltIn">
<arg>${json_data['results'][0]['picture']['large']}</arg>
<arg>^https?://.*\.(?:png|jpe?g|gif|bmp)$</arg>
<doc>Fails if ``string`` does not match ``pattern`` as a regular expression.</doc>
<status status="PASS" start="2024-03-25T19:11:52.514946" elapsed="0.000461"/>
</kw>
<kw name="Should Match Regexp" owner="BuiltIn">
<arg>${json_data['results'][0]['picture']['medium']}</arg>
<arg>^https?://.*\.(?:png|jpe?g|gif|bmp)$</arg>
<doc>Fails if ``string`` does not match ``pattern`` as a regular expression.</doc>
<status status="PASS" start="2024-03-25T19:11:52.515597" elapsed="0.000391"/>
</kw>
<kw name="Should Match Regexp" owner="BuiltIn">
<arg>${json_data['results'][0]['picture']['thumbnail']}</arg>
<arg>^https?://.*\.(?:png|jpe?g|gif|bmp)$</arg>
<doc>Fails if ``string`` does not match ``pattern`` as a regular expression.</doc>
<status status="PASS" start="2024-03-25T19:11:52.516177" elapsed="0.000349"/>
</kw>
<kw name="Log" owner="BuiltIn">
<msg time="2024-03-25T19:11:52.517050" level="INFO">{'large': 'https://randomuser.me/api/portraits/women/36.jpg', 'medium': 'https://randomuser.me/api/portraits/med/women/36.jpg', 'thumbnail': 'https://randomuser.me/api/portraits/thumb/women/36.jpg'}</msg>
<arg>${json_data['results'][0]['picture']}</arg>
<doc>Logs the given message with the given level.</doc>
<status status="PASS" start="2024-03-25T19:11:52.516717" elapsed="0.000383"/>
</kw>
<status status="PASS" start="2024-03-25T19:11:52.444962" elapsed="0.072391"/>
</kw>
<kw name="Teste de Tipos de Dados - Postcode" owner="random-user-service">
<kw name="GET On Session" owner="RequestsLibrary">
<msg time="2024-03-25T19:11:52.607685" level="INFO">GET Request : url=https://randomuser.me/api 
 path_url=/api 
 headers={'User-Agent': 'python-requests/2.31.0', 'Accept-Encoding': 'gzip, deflate', 'Accept': '*/*', 'Connection': 'keep-alive'} 
 body=None 
 </msg>
<msg time="2024-03-25T19:11:52.607802" level="INFO">GET Response : url=https://randomuser.me/api 
 status=200, reason=OK 
 headers={'Date': 'Mon, 25 Mar 2024 19:11:52 GMT', 'Content-Type': 'application/json; charset=utf-8', 'Transfer-Encoding': 'chunked', 'Connection': 'keep-alive', 'X-Powered-By': 'Express', 'Access-Control-Allow-Origin': '*', 'Cache-Control': 'no-cache', 'ETag': 'W/"486-NJDNb0uGJ0oaYdML5RSsvy7coeQ"', 'Vary': 'Accept-Encoding', 'Content-Encoding': 'gzip', 'CF-Cache-Status': 'DYNAMIC', 'Report-To': '{"endpoints":[{"url":"https:\\/\\/a.nel.cloudflare.com\\/report\\/v4?s=gSrQvOZsej024TtMYjAdfmrJeZ03balNzcB2MTqs2ntHyPQctqSjYxC%2Fi5EXg9duMcdZ8vR57Da9yQBtEU%2BXlF7nn2bqCw%2F3R%2BYh4R3x%2FGcGKhLMk1uJOJUFQiEF%2B%2FbA"}],"group":"cf-nel","max_age":604800}', 'NEL': '{"success_fraction":0,"report_to":"cf-nel","max_age":604800}', 'Server': 'cloudflare', 'CF-RAY': '86a135913cb8222b-ORD', 'alt-svc': 'h3=":443"; ma=86400'} 
 body={"results":[{"gender":"female","name":{"title":"Ms","first":"Matilda","last":"Singh"},"location":{"street":{"number":8625,"name":"Barbadoes Street"},"city":"Wellington","state":"Gisborne","country":"New Zealand","postcode":54867,"coordinates":{"latitude":"49.5662","longitude":"54.8680"},"timezone":{"offset":"+7:00","description":"Bangkok, Hanoi, Jakarta"}},"email":"matilda.singh@example.com","login":{"uuid":"aaedd0e3-7393-42a2-9a43-d2073506454e","username":"blueswan261","password":"denver","salt":"mKnlOlKN","md5":"0e756e618bfb0210683668af0b13c9d4","sha1":"c7fa3ad30a09f1d98f41cdecf9a36f049b68d51c","sha256":"c98d95c2b6dd437f0f063bdc2eaf3525866a632663f8c3da1398f706b1094a3a"},"dob":{"date":"1948-01-31T00:55:42.172Z","age":76},"registered":{"date":"2011-02-21T18:09:10.328Z","age":13},"phone":"(304)-232-8082","cell":"(567)-032-4664","id":{"name":"","value":null},"picture":{"large":"https://randomuser.me/api/portraits/women/22.jpg","medium":"https://randomuser.me/api/portraits/med/women/22.jpg","thumbnail":"https://randomuser.me/api/portraits/thumb/women/22.jpg"},"nat":"NZ"}],"info":{"seed":"2a81bc4de2fd94ca","results":1,"page":1,"version":"1.4"}} 
 </msg>
<msg time="2024-03-25T19:11:52.607879" level="INFO">/opt/hostedtoolcache/Python/3.12.2/x64/lib/python3.12/site-packages/urllib3/connectionpool.py:1103: InsecureRequestWarning: Unverified HTTPS request is being made to host 'randomuser.me'. Adding certificate verification is strongly advised. See: https://urllib3.readthedocs.io/en/latest/advanced-usage.html#tls-warnings
  warnings.warn(</msg>
<msg time="2024-03-25T19:11:52.607974" level="INFO">${response} = &lt;Response [200]&gt;</msg>
<var>${response}</var>
<arg>consultarAPI</arg>
<arg>/api</arg>
<doc>Sends a GET request on a previously created HTTP Session.</doc>
<status status="PASS" start="2024-03-25T19:11:52.517908" elapsed="0.090106"/>
</kw>
<kw name="Set Variable" owner="BuiltIn">
<msg time="2024-03-25T19:11:52.609019" level="INFO">${json_data} = {'results': [{'gender': 'female', 'name': {'title': 'Ms', 'first': 'Matilda', 'last': 'Singh'}, 'location': {'street': {'number': 8625, 'name': 'Barbadoes Street'}, 'city': 'Wellington', 'state': 'Gis...</msg>
<var>${json_data}</var>
<arg>${response.json()}</arg>
<doc>Returns the given values which can then be assigned to a variables.</doc>
<status status="PASS" start="2024-03-25T19:11:52.608478" elapsed="0.000569"/>
</kw>
<kw name="Log" owner="BuiltIn">
<msg time="2024-03-25T19:11:52.609510" level="INFO">{'results': [{'gender': 'female', 'name': {'title': 'Ms', 'first': 'Matilda', 'last': 'Singh'}, 'location': {'street': {'number': 8625, 'name': 'Barbadoes Street'}, 'city': 'Wellington', 'state': 'Gisborne', 'country': 'New Zealand', 'postcode': 54867, 'coordinates': {'latitude': '49.5662', 'longitude': '54.8680'}, 'timezone': {'offset': '+7:00', 'description': 'Bangkok, Hanoi, Jakarta'}}, 'email': 'matilda.singh@example.com', 'login': {'uuid': 'aaedd0e3-7393-42a2-9a43-d2073506454e', 'username': 'blueswan261', 'password': 'denver', 'salt': 'mKnlOlKN', 'md5': '0e756e618bfb0210683668af0b13c9d4', 'sha1': 'c7fa3ad30a09f1d98f41cdecf9a36f049b68d51c', 'sha256': 'c98d95c2b6dd437f0f063bdc2eaf3525866a632663f8c3da1398f706b1094a3a'}, 'dob': {'date': '1948-01-31T00:55:42.172Z', 'age': 76}, 'registered': {'date': '2011-02-21T18:09:10.328Z', 'age': 13}, 'phone': '(304)-232-8082', 'cell': '(567)-032-4664', 'id': {'name': '', 'value': None}, 'picture': {'large': 'https://randomuser.me/api/portraits/women/22.jpg', 'medium': 'https://randomuser.me/api/portraits/med/women/22.jpg', 'thumbnail': 'https://randomuser.me/api/portraits/thumb/women/22.jpg'}, 'nat': 'NZ'}], 'info': {'seed': '2a81bc4de2fd94ca', 'results': 1, 'page': 1, 'version': '1.4'}}</msg>
<arg>${json_data}</arg>
<doc>Logs the given message with the given level.</doc>
<status status="PASS" start="2024-03-25T19:11:52.609356" elapsed="0.000231"/>
</kw>
<kw name="Should Be Equal As Numbers" owner="BuiltIn">
<arg>${json_data['results'][0]['location']['postcode']}</arg>
<arg>${json_data['results'][0]['location']['postcode']}</arg>
<doc>Fails if objects are unequal after converting them to real numbers.</doc>
<status status="PASS" start="2024-03-25T19:11:52.609888" elapsed="0.000624"/>
</kw>
<kw name="Log" owner="BuiltIn">
<msg time="2024-03-25T19:11:52.611038" level="INFO">54867</msg>
<arg>${json_data['results'][0]['location']['postcode']}</arg>
<doc>Logs the given message with the given level.</doc>
<status status="PASS" start="2024-03-25T19:11:52.610704" elapsed="0.000375"/>
</kw>
<status status="PASS" start="2024-03-25T19:11:52.517565" elapsed="0.093765"/>
</kw>
<doc>Testa se os tipos de dados na resposta da API estão corretos.</doc>
<tag>testeTiposDados</tag>
<status status="PASS" start="2024-03-25T19:11:52.444413" elapsed="0.167082"/>
</test>
<test id="s1-s1-t5" name="Validar conteudo" line="35">
<kw name="Teste de Tipos de Conteudo" owner="random-user-service">
<kw name="GET On Session" owner="RequestsLibrary">
<msg time="2024-03-25T19:11:52.700244" level="INFO">GET Request : url=https://randomuser.me/api 
 path_url=/api 
 headers={'User-Agent': 'python-requests/2.31.0', 'Accept-Encoding': 'gzip, deflate', 'Accept': '*/*', 'Connection': 'keep-alive'} 
 body=None 
 </msg>
<msg time="2024-03-25T19:11:52.700320" level="INFO">GET Response : url=https://randomuser.me/api 
 status=200, reason=OK 
 headers={'Date': 'Mon, 25 Mar 2024 19:11:52 GMT', 'Content-Type': 'application/json; charset=utf-8', 'Transfer-Encoding': 'chunked', 'Connection': 'keep-alive', 'X-Powered-By': 'Express', 'Access-Control-Allow-Origin': '*', 'Cache-Control': 'no-cache', 'ETag': 'W/"4a0-RjjnwtvpPrVzyhkZkcZJMcvNkkA"', 'Vary': 'Accept-Encoding', 'Content-Encoding': 'gzip', 'CF-Cache-Status': 'DYNAMIC', 'Report-To': '{"endpoints":[{"url":"https:\\/\\/a.nel.cloudflare.com\\/report\\/v4?s=9IVa7mmTCsozVpM7gyMiW2II%2BK%2FGkASGwcTzaK2pCtHsY0yLevZYw5anBRkFElh4Nyh14vPHTwGTTqbRZUA604FB7xcMLxagRwa4z4FQuJz4FJD%2Br9DblXF340AQPZzd"}],"group":"cf-nel","max_age":604800}', 'NEL': '{"success_fraction":0,"report_to":"cf-nel","max_age":604800}', 'Server': 'cloudflare', 'CF-RAY': '86a13591dda6222b-ORD', 'alt-svc': 'h3=":443"; ma=86400'} 
 body={"results":[{"gender":"male","name":{"title":"Mr","first":"Hunter","last":"Bell"},"location":{"street":{"number":2802,"name":"York Road"},"city":"Canterbury","state":"Greater Manchester","country":"United Kingdom","postcode":"I1W 5SB","coordinates":{"latitude":"-8.0349","longitude":"-153.9035"},"timezone":{"offset":"+9:00","description":"Tokyo, Seoul, Osaka, Sapporo, Yakutsk"}},"email":"hunter.bell@example.com","login":{"uuid":"60e4f267-49b1-4cd5-9c26-dfbc36bb0aa2","username":"blackkoala841","password":"scuba","salt":"qJSgXZxw","md5":"b120c7ffc23dde7a788889710ddc7dae","sha1":"c61392dfe6ec80b5e96b20e966ee430c2d00cc30","sha256":"c631f3aae3e88f78de921c1ad9f8f4fcc700500442c70d69825085d66cf4d40e"},"dob":{"date":"2001-04-16T06:05:53.136Z","age":22},"registered":{"date":"2016-05-04T00:56:44.653Z","age":7},"phone":"0161 734 8624","cell":"07107 997548","id":{"name":"NINO","value":"AR 41 04 04 B"},"picture":{"large":"https://randomuser.me/api/portraits/men/78.jpg","medium":"https://randomuser.me/api/portraits/med/men/78.jpg","thumbnail":"https://randomuser.me/api/portraits/thumb/men/78.jpg"},"nat":"GB"}],"info":{"seed":"950485ef13d4749b","results":1,"page":1,"version":"1.4"}} 
 </msg>
<msg time="2024-03-25T19:11:52.700384" level="INFO">/opt/hostedtoolcache/Python/3.12.2/x64/lib/python3.12/site-packages/urllib3/connectionpool.py:1103: InsecureRequestWarning: Unverified HTTPS request is being made to host 'randomuser.me'. Adding certificate verification is strongly advised. See: https://urllib3.readthedocs.io/en/latest/advanced-usage.html#tls-warnings
  warnings.warn(</msg>
<msg time="2024-03-25T19:11:52.700491" level="INFO">${response} = &lt;Response [200]&gt;</msg>
<var>${response}</var>
<arg>consultarAPI</arg>
<arg>/api</arg>
<doc>Sends a GET request on a previously created HTTP Session.</doc>
<status status="PASS" start="2024-03-25T19:11:52.614041" elapsed="0.086499"/>
</kw>
<kw name="Set Variable" owner="BuiltIn">
<msg time="2024-03-25T19:11:52.701607" level="INFO">${json_data} = {'results': [{'gender': 'male', 'name': {'title': 'Mr', 'first': 'Hunter', 'last': 'Bell'}, 'location': {'street': {'number': 2802, 'name': 'York Road'}, 'city': 'Canterbury', 'state': 'Greater Manche...</msg>
<var>${json_data}</var>
<arg>${response.json()}</arg>
<doc>Returns the given values which can then be assigned to a variables.</doc>
<status status="PASS" start="2024-03-25T19:11:52.701067" elapsed="0.000568"/>
</kw>
<kw name="Set Variable" owner="BuiltIn">
<msg time="2024-03-25T19:11:52.702321" level="INFO">${name_title} = Mr</msg>
<var>${name_title}</var>
<arg>${json_data["results"][0]["name"]["title"]}</arg>
<doc>Returns the given values which can then be assigned to a variables.</doc>
<status status="PASS" start="2024-03-25T19:11:52.701943" elapsed="0.000403"/>
</kw>
<kw name="Create List" owner="BuiltIn">
<msg time="2024-03-25T19:11:52.702793" level="INFO">${allowed_titles} = ['Mr', 'Ms', 'Miss', 'Mrs', 'Madame', 'Monsieur']</msg>
<var>${allowed_titles}</var>
<arg>Mr</arg>
<arg>Ms</arg>
<arg>Miss</arg>
<arg>Mrs</arg>
<arg>Madame</arg>
<arg>Monsieur</arg>
<doc>Returns a list containing given items.</doc>
<status status="PASS" start="2024-03-25T19:11:52.702644" elapsed="0.000173"/>
</kw>
<kw name="List Should Contain Value" owner="Collections">
<msg time="2024-03-25T19:11:52.703295" level="INFO">False</msg>
<arg>${allowed_titles}</arg>
<arg>${name_title}</arg>
<doc>Fails if the ``value`` is not found from ``list``.</doc>
<status status="PASS" start="2024-03-25T19:11:52.703122" elapsed="0.000210"/>
</kw>
<kw name="Set Variable" owner="BuiltIn">
<msg time="2024-03-25T19:11:52.704050" level="INFO">${name_country} = GB</msg>
<var>${name_country}</var>
<arg>${json_data["results"][0]["nat"]}</arg>
<doc>Returns the given values which can then be assigned to a variables.</doc>
<status status="PASS" start="2024-03-25T19:11:52.703629" elapsed="0.000447"/>
</kw>
<kw name="Create List" owner="BuiltIn">
<msg time="2024-03-25T19:11:52.704997" level="INFO">${list_country} = ['AD', 'AE', 'AF', 'AG', 'AI', 'AL', 'AM', 'AO', 'AQ', 'AR', 'AS', 'AT', 'AU', 'AW', 'AX', 'AZ', 'BA', 'BB', 'BD', 'BE', 'BF', 'BG', 'BH', 'BI', 'BJ', 'BL', 'BM', 'BN', 'BO', 'BQ', 'BR', 'BS', 'BT', '...</msg>
<var>${list_country}</var>
<arg>AD</arg>
<arg>AE</arg>
<arg>AF</arg>
<arg>AG</arg>
<arg>AI</arg>
<arg>AL</arg>
<arg>AM</arg>
<arg>AO</arg>
<arg>AQ</arg>
<arg>AR</arg>
<arg>AS</arg>
<arg>AT</arg>
<arg>AU</arg>
<arg>AW</arg>
<arg>AX</arg>
<arg>AZ</arg>
<arg>BA</arg>
<arg>BB</arg>
<arg>BD</arg>
<arg>BE</arg>
<arg>BF</arg>
<arg>BG</arg>
<arg>BH</arg>
<arg>BI</arg>
<arg>BJ</arg>
<arg>BL</arg>
<arg>BM</arg>
<arg>BN</arg>
<arg>BO</arg>
<arg>BQ</arg>
<arg>BR</arg>
<arg>BS</arg>
<arg>BT</arg>
<arg>BV</arg>
<arg>BW</arg>
<arg>BY</arg>
<arg>BZ</arg>
<arg>CA</arg>
<arg>CC</arg>
<arg>CD</arg>
<arg>CF</arg>
<arg>CG</arg>
<arg>CH</arg>
<arg>CI</arg>
<arg>CK</arg>
<arg>CL</arg>
<arg>CM</arg>
<arg>CN</arg>
<arg>CO</arg>
<arg>CR</arg>
<arg>CU</arg>
<arg>CV</arg>
<arg>CW</arg>
<arg>CX</arg>
<arg>CY</arg>
<arg>CZ</arg>
<arg>DE</arg>
<arg>DJ</arg>
<arg>DK</arg>
<arg>DM</arg>
<arg>DO</arg>
<arg>DZ</arg>
<arg>EC</arg>
<arg>EE</arg>
<arg>EG</arg>
<arg>EH</arg>
<arg>ER</arg>
<arg>ES</arg>
<arg>ET</arg>
<arg>FI</arg>
<arg>FJ</arg>
<arg>FK</arg>
<arg>FM</arg>
<arg>FO</arg>
<arg>FR</arg>
<arg>GA</arg>
<arg>GB</arg>
<arg>GD</arg>
<arg>GE</arg>
<arg>GF</arg>
<arg>GG</arg>
<arg>GH</arg>
<arg>GI</arg>
<arg>GL</arg>
<arg>GM</arg>
<arg>GN</arg>
<arg>GP</arg>
<arg>GQ</arg>
<arg>GR</arg>
<arg>GS</arg>
<arg>GT</arg>
<arg>GU</arg>
<arg>GW</arg>
<arg>GY</arg>
<arg>HK</arg>
<arg>HM</arg>
<arg>HN</arg>
<arg>HR</arg>
<arg>HT</arg>
<arg>HU</arg>
<arg>ID</arg>
<arg>IE</arg>
<arg>IL</arg>
<arg>IM</arg>
<arg>IN</arg>
<arg>IO</arg>
<arg>IQ</arg>
<arg>IR</arg>
<arg>IS</arg>
<arg>IT</arg>
<arg>JE</arg>
<arg>JM</arg>
<arg>JO</arg>
<arg>JP</arg>
<arg>KE</arg>
<arg>KG</arg>
<arg>KH</arg>
<arg>KI</arg>
<arg>KM</arg>
<arg>KN</arg>
<arg>KP</arg>
<arg>KR</arg>
<arg>KW</arg>
<arg>KY</arg>
<arg>KZ</arg>
<arg>LA</arg>
<arg>LB</arg>
<arg>LC</arg>
<arg>LI</arg>
<arg>LK</arg>
<arg>LR</arg>
<arg>LS</arg>
<arg>LT</arg>
<arg>LU</arg>
<arg>LV</arg>
<arg>LY</arg>
<arg>MA</arg>
<arg>MC</arg>
<arg>MD</arg>
<arg>ME</arg>
<arg>MF</arg>
<arg>MG</arg>
<arg>MH</arg>
<arg>MK</arg>
<arg>ML</arg>
<arg>MM</arg>
<arg>MN</arg>
<arg>MO</arg>
<arg>MP</arg>
<arg>MQ</arg>
<arg>MR</arg>
<arg>MS</arg>
<arg>MT</arg>
<arg>MU</arg>
<arg>MV</arg>
<arg>MW</arg>
<arg>MX</arg>
<arg>MY</arg>
<arg>MZ</arg>
<arg>NA</arg>
<arg>NC</arg>
<arg>NE</arg>
<arg>NF</arg>
<arg>NG</arg>
<arg>NI</arg>
<arg>NL</arg>
<arg>NO</arg>
<arg>NP</arg>
<arg>NR</arg>
<arg>NU</arg>
<arg>NZ</arg>
<arg>OM</arg>
<arg>PA</arg>
<arg>PE</arg>
<arg>PF</arg>
<arg>PG</arg>
<arg>PH</arg>
<arg>PK</arg>
<arg>PL</arg>
<arg>PM</arg>
<arg>PN</arg>
<arg>PR</arg>
<arg>PS</arg>
<arg>PT</arg>
<arg>PW</arg>
<arg>PY</arg>
<arg>QA</arg>
<arg>RE</arg>
<arg>RO</arg>
<arg>RS</arg>
<arg>RU</arg>
<arg>RW</arg>
<arg>SA</arg>
<arg>SB</arg>
<arg>SC</arg>
<arg>SD</arg>
<arg>SE</arg>
<arg>SG</arg>
<arg>SH</arg>
<arg>SI</arg>
<arg>SJ</arg>
<arg>SK</arg>
<arg>SL</arg>
<arg>SM</arg>
<arg>SN</arg>
<arg>SO</arg>
<arg>SR</arg>
<arg>SS</arg>
<arg>ST</arg>
<arg>SV</arg>
<arg>SX</arg>
<arg>SY</arg>
<arg>SZ</arg>
<arg>TC</arg>
<arg>TD</arg>
<arg>TF</arg>
<arg>TG</arg>
<arg>TH</arg>
<arg>TJ</arg>
<arg>TK</arg>
<arg>TL</arg>
<arg>TM</arg>
<arg>TN</arg>
<arg>TO</arg>
<arg>TR</arg>
<arg>TT</arg>
<arg>TV</arg>
<arg>TW</arg>
<arg>TZ</arg>
<arg>UA</arg>
<arg>UG</arg>
<arg>UM</arg>
<arg>US</arg>
<arg>UY</arg>
<arg>UZ</arg>
<arg>VA</arg>
<arg>VC</arg>
<arg>VE</arg>
<arg>VG</arg>
<arg>VI</arg>
<arg>VN</arg>
<arg>VU</arg>
<arg>WF</arg>
<arg>WS</arg>
<arg>XK</arg>
<arg>YE</arg>
<arg>YT</arg>
<arg>ZA</arg>
<arg>ZM</arg>
<arg>ZW</arg>
<doc>Returns a list containing given items.</doc>
<status status="PASS" start="2024-03-25T19:11:52.704386" elapsed="0.000636"/>
</kw>
<kw name="List Should Contain Value" owner="Collections">
<msg time="2024-03-25T19:11:52.706134" level="INFO">False</msg>
<arg>${list_country}</arg>
<arg>${name_country}</arg>
<doc>Fails if the ``value`` is not found from ``list``.</doc>
<status status="PASS" start="2024-03-25T19:11:52.705928" elapsed="0.000243"/>
</kw>
<kw name="Run Keyword If" owner="BuiltIn">
<kw name="Should Be True" owner="BuiltIn">
<arg>${True}</arg>
<doc>Fails if the given condition is not true.</doc>
<status status="PASS" start="2024-03-25T19:11:52.707242" elapsed="0.000145"/>
</kw>
<arg>${json_data["results"][0]["location"]["coordinates"]["latitude"]} &gt;= -90 and ${json_data["results"][0]["location"]["coordinates"]["latitude"]} &lt;= 90</arg>
<arg>Should Be True</arg>
<arg>${True}</arg>
<doc>Runs the given keyword with the given arguments, if ``condition`` is true.</doc>
<status status="PASS" start="2024-03-25T19:11:52.706487" elapsed="0.001032"/>
</kw>
<kw name="Run Keyword If" owner="BuiltIn">
<kw name="Should Be True" owner="BuiltIn">
<arg>${True}</arg>
<doc>Fails if the given condition is not true.</doc>
<status status="PASS" start="2024-03-25T19:11:52.708446" elapsed="0.000141"/>
</kw>
<arg>${json_data["results"][0]["location"]["coordinates"]["longitude"]} &gt;= -180 and ${json_data["results"][0]["location"]["coordinates"]["longitude"]} &lt;= 180</arg>
<arg>Should Be True</arg>
<arg>${True}</arg>
<doc>Runs the given keyword with the given arguments, if ``condition`` is true.</doc>
<status status="PASS" start="2024-03-25T19:11:52.707707" elapsed="0.001008"/>
</kw>
<status status="PASS" start="2024-03-25T19:11:52.613812" elapsed="0.095035"/>
</kw>
<doc>Testa o conteúdo específico dos campos retornados pela API.</doc>
<tag>testeConteudo</tag>
<status status="PASS" start="2024-03-25T19:11:52.613284" elapsed="0.095711"/>
</test>
<status status="PASS" start="2024-03-25T19:11:51.919184" elapsed="0.791757"/>
</suite>
<status status="PASS" start="2024-03-25T19:11:51.905481" elapsed="0.810884"/>
</suite>
<statistics>
<total>
<stat pass="5" fail="0" skip="0">All Tests</stat>
</total>
<tag>
<stat pass="1" fail="0" skip="0">testeConteudo</stat>
<stat pass="1" fail="0" skip="0">testeEstruturaResposta</stat>
<stat pass="1" fail="0" skip="0">testeRequisicaoBasica</stat>
<stat pass="1" fail="0" skip="0">testeTiposDados</stat>
</tag>
<suite>
<stat pass="5" fail="0" skip="0" id="s1" name="Tests">Tests</stat>
<stat pass="5" fail="0" skip="0" id="s1-s1" name="Random-User-Test">Tests.Random-User-Test</stat>
</suite>
</statistics>
<errors>
</errors>
</robot>
