<?xml version="1.0" encoding="UTF-8"?>
<robot generator="Robot 7.0 (Python 3.12.3 on linux)" generated="2024-05-27T13:16:58.899504" rpa="false" schemaversion="5">
<suite id="s1" name="Tests" source="/home/runner/work/ApiRandomUser/ApiRandomUser/RamdonUser/tests">
<suite id="s1-s1" name="Random-User-Test" source="/home/runner/work/ApiRandomUser/ApiRandomUser/RamdonUser/tests/random-user-test.robot">
<test id="s1-s1-t1" name="Conectar" line="13">
<kw name="Conectar API" owner="random-user-service">
<kw name="Create Session" owner="RequestsLibrary">
<msg time="2024-05-27T13:16:59.279555" level="INFO">Creating Session using : alias=consultarAPI, url=https://randomuser.me/, headers={},                     cookies={}, auth=None, timeout=None, proxies=None, verify=False,                     debug=0 </msg>
<arg>consultarAPI</arg>
<arg>${URL}</arg>
<doc>Create Session: create a HTTP session to a server</doc>
<status status="PASS" start="2024-05-27T13:16:59.279353" elapsed="0.000380"/>
</kw>
<status status="PASS" start="2024-05-27T13:16:59.278306" elapsed="0.001785"/>
</kw>
<status status="PASS" start="2024-05-27T13:16:59.277715" elapsed="0.002572"/>
</test>
<test id="s1-s1-t2" name="Validar retorno 200 e JSON Válido" line="16">
<kw name="Teste de Requisicao Basica" owner="random-user-service">
<kw name="GET On Session" owner="RequestsLibrary">
<msg time="2024-05-27T13:16:59.449406" level="INFO">GET Request : url=https://randomuser.me/api 
 path_url=/api 
 headers={'User-Agent': 'python-requests/2.32.2', 'Accept-Encoding': 'gzip, deflate', 'Accept': '*/*', 'Connection': 'keep-alive'} 
 body=None 
 </msg>
<msg time="2024-05-27T13:16:59.449573" level="INFO">GET Response : url=https://randomuser.me/api 
 status=200, reason=OK 
 headers={'Date': 'Mon, 27 May 2024 13:16:59 GMT', 'Content-Type': 'application/json; charset=utf-8', 'Transfer-Encoding': 'chunked', 'Connection': 'keep-alive', 'X-Powered-By': 'Express', 'Access-Control-Allow-Origin': '*', 'Cache-Control': 'no-cache', 'ETag': 'W/"482-w8ksGZD2/vtfjco8OqcCypxRwmM"', 'Vary': 'Accept-Encoding', 'Content-Encoding': 'gzip', 'CF-Cache-Status': 'DYNAMIC', 'Report-To': '{"endpoints":[{"url":"https:\\/\\/a.nel.cloudflare.com\\/report\\/v4?s=Zz%2FFtGeKp63%2B0p84III9y%2FcglEhtyb33B87fPAqyXde%2FxsMGhMVaCmnsr9Ma4b06VOhk%2BpG1Ow1o47%2F0%2FSjiKJUivNWVf9zakQVM1iknsbb6GEwIwk18HpxgKActK1b2"}],"group":"cf-nel","max_age":604800}', 'NEL': '{"success_fraction":0,"report_to":"cf-nel","max_age":604800}', 'Server': 'cloudflare', 'CF-RAY': '88a64856ee397c79-LAX', 'alt-svc': 'h3=":443"; ma=86400'} 
 body={"results":[{"gender":"male","name":{"title":"Mr","first":"Bayram","last":"Tempel"},"location":{"street":{"number":2757,"name":"Talstraße"},"city":"Oberasbach","state":"Berlin","country":"Germany","postcode":39401,"coordinates":{"latitude":"-51.1244","longitude":"-5.2704"},"timezone":{"offset":"-1:00","description":"Azores, Cape Verde Islands"}},"email":"bayram.tempel@example.com","login":{"uuid":"1e64ea25-80df-4c19-94b0-5e85fae22fab","username":"sadbear405","password":"doggie","salt":"GdY0XeML","md5":"5e19b7740d3fa3733e4409cf32e9bf7a","sha1":"56cca9597663a15f6753418cdf8fbdf6837b8147","sha256":"5afab2a0e85b3cf098672197386b5cb2ccb4fce236eb0070f5c1f184a8c9dbc7"},"dob":{"date":"1995-06-01T18:20:27.655Z","age":28},"registered":{"date":"2013-03-15T20:31:30.653Z","age":11},"phone":"0969-1196769","cell":"0170-2990980","id":{"name":"SVNR","value":"68 010695 T 212"},"picture":{"large":"https://randomuser.me/api/portraits/men/35.jpg","medium":"https://randomuser.me/api/portraits/med/men/35.jpg","thumbnail":"https://randomuser.me/api/portraits/thumb/men/35.jpg"},"nat":"DE"}],"info":{"seed":"f29330ec20b08e48","results":1,"page":1,"version":"1.4"}} 
 </msg>
<msg time="2024-05-27T13:16:59.449653" level="INFO">/opt/hostedtoolcache/Python/3.12.3/x64/lib/python3.12/site-packages/urllib3/connectionpool.py:1103: InsecureRequestWarning: Unverified HTTPS request is being made to host 'randomuser.me'. Adding certificate verification is strongly advised. See: https://urllib3.readthedocs.io/en/latest/advanced-usage.html#tls-warnings
  warnings.warn(</msg>
<msg time="2024-05-27T13:16:59.449816" level="INFO">${response} = &lt;Response [200]&gt;</msg>
<var>${response}</var>
<arg>consultarAPI</arg>
<arg>/api</arg>
<doc>Sends a GET request on a previously created HTTP Session.</doc>
<status status="PASS" start="2024-05-27T13:16:59.282937" elapsed="0.166917"/>
</kw>
<kw name="Should Be Equal As Numbers" owner="BuiltIn">
<msg time="2024-05-27T13:16:59.450816" level="INFO">Argument types are:
&lt;class 'int'&gt;
&lt;class 'str'&gt;</msg>
<arg>${response.status_code}</arg>
<arg>200</arg>
<doc>Fails if objects are unequal after converting them to real numbers.</doc>
<status status="PASS" start="2024-05-27T13:16:59.450353" elapsed="0.000529"/>
</kw>
<kw name="Log" owner="BuiltIn">
<msg time="2024-05-27T13:16:59.451571" level="INFO">200</msg>
<arg>${response.status_code}</arg>
<doc>Logs the given message with the given level.</doc>
<status status="PASS" start="2024-05-27T13:16:59.451219" elapsed="0.000400"/>
</kw>
<kw name="Set Variable" owner="BuiltIn">
<msg time="2024-05-27T13:16:59.452372" level="INFO">${json_data} = {'results': [{'gender': 'male', 'name': {'title': 'Mr', 'first': 'Bayram', 'last': 'Tempel'}, 'location': {'street': {'number': 2757, 'name': 'Talstraße'}, 'city': 'Oberasbach', 'state': 'Berlin', 'co...</msg>
<var>${json_data}</var>
<arg>${response.json()}</arg>
<doc>Returns the given values which can then be assigned to a variables.</doc>
<status status="PASS" start="2024-05-27T13:16:59.451933" elapsed="0.000468"/>
</kw>
<kw name="Dictionary Should Contain Key" owner="Collections">
<msg time="2024-05-27T13:16:59.452909" level="INFO">False</msg>
<arg>${json_data}</arg>
<arg>results</arg>
<doc>Fails if ``key`` is not found from ``dictionary``.</doc>
<status status="PASS" start="2024-05-27T13:16:59.452706" elapsed="0.000396"/>
</kw>
<status status="PASS" start="2024-05-27T13:16:59.282693" elapsed="0.170679"/>
</kw>
<doc>Testa se a API responde corretamente e retorna um objeto JSON válido.</doc>
<tag>testeRequisicaoBasica</tag>
<status status="PASS" start="2024-05-27T13:16:59.282186" elapsed="0.171367"/>
</test>
<test id="s1-s1-t3" name="Validar estrutura de resposta" line="22">
<kw name="Teste de Estrutura de Resposta" owner="random-user-service">
<kw name="GET On Session" owner="RequestsLibrary">
<msg time="2024-05-27T13:16:59.567864" level="INFO">GET Request : url=https://randomuser.me/api 
 path_url=/api 
 headers={'User-Agent': 'python-requests/2.32.2', 'Accept-Encoding': 'gzip, deflate', 'Accept': '*/*', 'Connection': 'keep-alive'} 
 body=None 
 </msg>
<msg time="2024-05-27T13:16:59.567941" level="INFO">GET Response : url=https://randomuser.me/api 
 status=200, reason=OK 
 headers={'Date': 'Mon, 27 May 2024 13:16:59 GMT', 'Content-Type': 'application/json; charset=utf-8', 'Transfer-Encoding': 'chunked', 'Connection': 'keep-alive', 'X-Powered-By': 'Express', 'Access-Control-Allow-Origin': '*', 'Cache-Control': 'no-cache', 'ETag': 'W/"491-sVeHb3jNwbCgMGQqh6CV1grrkAU"', 'Vary': 'Accept-Encoding', 'Content-Encoding': 'gzip', 'CF-Cache-Status': 'DYNAMIC', 'Report-To': '{"endpoints":[{"url":"https:\\/\\/a.nel.cloudflare.com\\/report\\/v4?s=jSy9PyWHUIW%2Fy%2BgMhAkIJMMEZt2sLeliZuQw1XgO2vrfA92VT0toqi%2BSVP%2FCH3C8pvTGY0M6u%2FTVx1CELF6Uim6%2BPCqj4taAz9IMz8xg0eKQKTbTvCEIwEO5ap7rpYeB"}],"group":"cf-nel","max_age":604800}', 'NEL': '{"success_fraction":0,"report_to":"cf-nel","max_age":604800}', 'Server': 'cloudflare', 'CF-RAY': '88a648579ecd7c79-LAX', 'alt-svc': 'h3=":443"; ma=86400'} 
 body={"results":[{"gender":"female","name":{"title":"Miss","first":"Lea","last":"Lam"},"location":{"street":{"number":6180,"name":"Frederick Ave"},"city":"Clinton","state":"Alberta","country":"Canada","postcode":"L8I 7U3","coordinates":{"latitude":"-65.8549","longitude":"118.8873"},"timezone":{"offset":"+5:00","description":"Ekaterinburg, Islamabad, Karachi, Tashkent"}},"email":"lea.lam@example.com","login":{"uuid":"a70a9731-9734-4867-bb87-0d8ba4b49984","username":"heavybear849","password":"kisskiss","salt":"BnpIxBBS","md5":"b939eccb6e0519b0f3533772b4e017d5","sha1":"ae0445096388654b74d3ef65de0e24f0b319360a","sha256":"8bd38ff7070a85d244cdf9b3e9e2b8c435c1dd5cbe1592e6162f6bf4468e2482"},"dob":{"date":"1973-09-05T03:15:13.848Z","age":50},"registered":{"date":"2016-07-02T14:35:24.722Z","age":7},"phone":"H72 P55-2095","cell":"S21 M48-3672","id":{"name":"SIN","value":"951429877"},"picture":{"large":"https://randomuser.me/api/portraits/women/62.jpg","medium":"https://randomuser.me/api/portraits/med/women/62.jpg","thumbnail":"https://randomuser.me/api/portraits/thumb/women/62.jpg"},"nat":"CA"}],"info":{"seed":"8d59046934e74347","results":1,"page":1,"version":"1.4"}} 
 </msg>
<msg time="2024-05-27T13:16:59.568042" level="INFO">/opt/hostedtoolcache/Python/3.12.3/x64/lib/python3.12/site-packages/urllib3/connectionpool.py:1103: InsecureRequestWarning: Unverified HTTPS request is being made to host 'randomuser.me'. Adding certificate verification is strongly advised. See: https://urllib3.readthedocs.io/en/latest/advanced-usage.html#tls-warnings
  warnings.warn(</msg>
<msg time="2024-05-27T13:16:59.568167" level="INFO">${response} = &lt;Response [200]&gt;</msg>
<var>${response}</var>
<arg>consultarAPI</arg>
<arg>/api</arg>
<doc>Sends a GET request on a previously created HTTP Session.</doc>
<status status="PASS" start="2024-05-27T13:16:59.456126" elapsed="0.112082"/>
</kw>
<kw name="Set Variable" owner="BuiltIn">
<msg time="2024-05-27T13:16:59.569133" level="INFO">${json_data} = {'results': [{'gender': 'female', 'name': {'title': 'Miss', 'first': 'Lea', 'last': 'Lam'}, 'location': {'street': {'number': 6180, 'name': 'Frederick Ave'}, 'city': 'Clinton', 'state': 'Alberta', 'co...</msg>
<var>${json_data}</var>
<arg>${response.json()}</arg>
<doc>Returns the given values which can then be assigned to a variables.</doc>
<status status="PASS" start="2024-05-27T13:16:59.568610" elapsed="0.000552"/>
</kw>
<kw name="Log" owner="BuiltIn">
<msg time="2024-05-27T13:16:59.569629" level="INFO">{'results': [{'gender': 'female', 'name': {'title': 'Miss', 'first': 'Lea', 'last': 'Lam'}, 'location': {'street': {'number': 6180, 'name': 'Frederick Ave'}, 'city': 'Clinton', 'state': 'Alberta', 'country': 'Canada', 'postcode': 'L8I 7U3', 'coordinates': {'latitude': '-65.8549', 'longitude': '118.8873'}, 'timezone': {'offset': '+5:00', 'description': 'Ekaterinburg, Islamabad, Karachi, Tashkent'}}, 'email': 'lea.lam@example.com', 'login': {'uuid': 'a70a9731-9734-4867-bb87-0d8ba4b49984', 'username': 'heavybear849', 'password': 'kisskiss', 'salt': 'BnpIxBBS', 'md5': 'b939eccb6e0519b0f3533772b4e017d5', 'sha1': 'ae0445096388654b74d3ef65de0e24f0b319360a', 'sha256': '8bd38ff7070a85d244cdf9b3e9e2b8c435c1dd5cbe1592e6162f6bf4468e2482'}, 'dob': {'date': '1973-09-05T03:15:13.848Z', 'age': 50}, 'registered': {'date': '2016-07-02T14:35:24.722Z', 'age': 7}, 'phone': 'H72 P55-2095', 'cell': 'S21 M48-3672', 'id': {'name': 'SIN', 'value': '951429877'}, 'picture': {'large': 'https://randomuser.me/api/portraits/women/62.jpg', 'medium': 'https://randomuser.me/api/portraits/med/women/62.jpg', 'thumbnail': 'https://randomuser.me/api/portraits/thumb/women/62.jpg'}, 'nat': 'CA'}], 'info': {'seed': '8d59046934e74347', 'results': 1, 'page': 1, 'version': '1.4'}}</msg>
<arg>${json_data}</arg>
<doc>Logs the given message with the given level.</doc>
<status status="PASS" start="2024-05-27T13:16:59.569474" elapsed="0.000201"/>
</kw>
<kw name="Dictionary Should Contain Key" owner="Collections">
<msg time="2024-05-27T13:16:59.570131" level="INFO">False</msg>
<arg>${json_data}</arg>
<arg>results</arg>
<doc>Fails if ``key`` is not found from ``dictionary``.</doc>
<status status="PASS" start="2024-05-27T13:16:59.569977" elapsed="0.000190"/>
</kw>
<kw name="Should Not Be Empty" owner="BuiltIn">
<msg time="2024-05-27T13:16:59.570590" level="INFO">Length is 2.</msg>
<arg>${json_data}</arg>
<doc>Verifies that the given item is not empty.</doc>
<status status="PASS" start="2024-05-27T13:16:59.570459" elapsed="0.000168"/>
</kw>
<kw name="Create List" owner="BuiltIn">
<msg time="2024-05-27T13:16:59.571057" level="INFO">${expected_keys} = ['gender', 'name', 'location', 'email', 'login']</msg>
<var>${expected_keys}</var>
<arg>gender</arg>
<arg>name</arg>
<arg>location</arg>
<arg>email</arg>
<arg>login</arg>
<doc>Returns a list containing given items.</doc>
<status status="PASS" start="2024-05-27T13:16:59.570913" elapsed="0.000167"/>
</kw>
<for flavor="IN">
<iter>
<kw name="Dictionary Should Contain Key" owner="Collections">
<msg time="2024-05-27T13:16:59.572065" level="INFO">False</msg>
<arg>${json_data['results'][0]}</arg>
<arg>${key}</arg>
<doc>Fails if ``key`` is not found from ``dictionary``.</doc>
<status status="PASS" start="2024-05-27T13:16:59.571656" elapsed="0.000449"/>
</kw>
<kw name="Log" owner="BuiltIn">
<msg time="2024-05-27T13:16:59.572769" level="INFO">{'gender': 'female', 'name': {'title': 'Miss', 'first': 'Lea', 'last': 'Lam'}, 'location': {'street': {'number': 6180, 'name': 'Frederick Ave'}, 'city': 'Clinton', 'state': 'Alberta', 'country': 'Canada', 'postcode': 'L8I 7U3', 'coordinates': {'latitude': '-65.8549', 'longitude': '118.8873'}, 'timezone': {'offset': '+5:00', 'description': 'Ekaterinburg, Islamabad, Karachi, Tashkent'}}, 'email': 'lea.lam@example.com', 'login': {'uuid': 'a70a9731-9734-4867-bb87-0d8ba4b49984', 'username': 'heavybear849', 'password': 'kisskiss', 'salt': 'BnpIxBBS', 'md5': 'b939eccb6e0519b0f3533772b4e017d5', 'sha1': 'ae0445096388654b74d3ef65de0e24f0b319360a', 'sha256': '8bd38ff7070a85d244cdf9b3e9e2b8c435c1dd5cbe1592e6162f6bf4468e2482'}, 'dob': {'date': '1973-09-05T03:15:13.848Z', 'age': 50}, 'registered': {'date': '2016-07-02T14:35:24.722Z', 'age': 7}, 'phone': 'H72 P55-2095', 'cell': 'S21 M48-3672', 'id': {'name': 'SIN', 'value': '951429877'}, 'picture': {'large': 'https://randomuser.me/api/portraits/women/62.jpg', 'medium': 'https://randomuser.me/api/portraits/med/women/62.jpg', 'thumbnail': 'https://randomuser.me/api/portraits/thumb/women/62.jpg'}, 'nat': 'CA'}</msg>
<arg>${json_data['results'][0]}</arg>
<doc>Logs the given message with the given level.</doc>
<status status="PASS" start="2024-05-27T13:16:59.572404" elapsed="0.000445"/>
</kw>
<kw name="Log" owner="BuiltIn">
<msg time="2024-05-27T13:16:59.573317" level="INFO">gender</msg>
<arg>${key}</arg>
<doc>Logs the given message with the given level.</doc>
<status status="PASS" start="2024-05-27T13:16:59.573185" elapsed="0.000170"/>
</kw>
<var name="${key}">gender</var>
<status status="PASS" start="2024-05-27T13:16:59.571531" elapsed="0.002039"/>
</iter>
<iter>
<kw name="Dictionary Should Contain Key" owner="Collections">
<msg time="2024-05-27T13:16:59.574258" level="INFO">False</msg>
<arg>${json_data['results'][0]}</arg>
<arg>${key}</arg>
<doc>Fails if ``key`` is not found from ``dictionary``.</doc>
<status status="PASS" start="2024-05-27T13:16:59.573870" elapsed="0.000426"/>
</kw>
<kw name="Log" owner="BuiltIn">
<msg time="2024-05-27T13:16:59.574977" level="INFO">{'gender': 'female', 'name': {'title': 'Miss', 'first': 'Lea', 'last': 'Lam'}, 'location': {'street': {'number': 6180, 'name': 'Frederick Ave'}, 'city': 'Clinton', 'state': 'Alberta', 'country': 'Canada', 'postcode': 'L8I 7U3', 'coordinates': {'latitude': '-65.8549', 'longitude': '118.8873'}, 'timezone': {'offset': '+5:00', 'description': 'Ekaterinburg, Islamabad, Karachi, Tashkent'}}, 'email': 'lea.lam@example.com', 'login': {'uuid': 'a70a9731-9734-4867-bb87-0d8ba4b49984', 'username': 'heavybear849', 'password': 'kisskiss', 'salt': 'BnpIxBBS', 'md5': 'b939eccb6e0519b0f3533772b4e017d5', 'sha1': 'ae0445096388654b74d3ef65de0e24f0b319360a', 'sha256': '8bd38ff7070a85d244cdf9b3e9e2b8c435c1dd5cbe1592e6162f6bf4468e2482'}, 'dob': {'date': '1973-09-05T03:15:13.848Z', 'age': 50}, 'registered': {'date': '2016-07-02T14:35:24.722Z', 'age': 7}, 'phone': 'H72 P55-2095', 'cell': 'S21 M48-3672', 'id': {'name': 'SIN', 'value': '951429877'}, 'picture': {'large': 'https://randomuser.me/api/portraits/women/62.jpg', 'medium': 'https://randomuser.me/api/portraits/med/women/62.jpg', 'thumbnail': 'https://randomuser.me/api/portraits/thumb/women/62.jpg'}, 'nat': 'CA'}</msg>
<arg>${json_data['results'][0]}</arg>
<doc>Logs the given message with the given level.</doc>
<status status="PASS" start="2024-05-27T13:16:59.574618" elapsed="0.000408"/>
</kw>
<kw name="Log" owner="BuiltIn">
<msg time="2024-05-27T13:16:59.575446" level="INFO">name</msg>
<arg>${key}</arg>
<doc>Logs the given message with the given level.</doc>
<status status="PASS" start="2024-05-27T13:16:59.575320" elapsed="0.000163"/>
</kw>
<var name="${key}">name</var>
<status status="PASS" start="2024-05-27T13:16:59.573756" elapsed="0.001946"/>
</iter>
<iter>
<kw name="Dictionary Should Contain Key" owner="Collections">
<msg time="2024-05-27T13:16:59.576376" level="INFO">False</msg>
<arg>${json_data['results'][0]}</arg>
<arg>${key}</arg>
<doc>Fails if ``key`` is not found from ``dictionary``.</doc>
<status status="PASS" start="2024-05-27T13:16:59.575993" elapsed="0.000420"/>
</kw>
<kw name="Log" owner="BuiltIn">
<msg time="2024-05-27T13:16:59.577101" level="INFO">{'gender': 'female', 'name': {'title': 'Miss', 'first': 'Lea', 'last': 'Lam'}, 'location': {'street': {'number': 6180, 'name': 'Frederick Ave'}, 'city': 'Clinton', 'state': 'Alberta', 'country': 'Canada', 'postcode': 'L8I 7U3', 'coordinates': {'latitude': '-65.8549', 'longitude': '118.8873'}, 'timezone': {'offset': '+5:00', 'description': 'Ekaterinburg, Islamabad, Karachi, Tashkent'}}, 'email': 'lea.lam@example.com', 'login': {'uuid': 'a70a9731-9734-4867-bb87-0d8ba4b49984', 'username': 'heavybear849', 'password': 'kisskiss', 'salt': 'BnpIxBBS', 'md5': 'b939eccb6e0519b0f3533772b4e017d5', 'sha1': 'ae0445096388654b74d3ef65de0e24f0b319360a', 'sha256': '8bd38ff7070a85d244cdf9b3e9e2b8c435c1dd5cbe1592e6162f6bf4468e2482'}, 'dob': {'date': '1973-09-05T03:15:13.848Z', 'age': 50}, 'registered': {'date': '2016-07-02T14:35:24.722Z', 'age': 7}, 'phone': 'H72 P55-2095', 'cell': 'S21 M48-3672', 'id': {'name': 'SIN', 'value': '951429877'}, 'picture': {'large': 'https://randomuser.me/api/portraits/women/62.jpg', 'medium': 'https://randomuser.me/api/portraits/med/women/62.jpg', 'thumbnail': 'https://randomuser.me/api/portraits/thumb/women/62.jpg'}, 'nat': 'CA'}</msg>
<arg>${json_data['results'][0]}</arg>
<doc>Logs the given message with the given level.</doc>
<status status="PASS" start="2024-05-27T13:16:59.576710" elapsed="0.000439"/>
</kw>
<kw name="Log" owner="BuiltIn">
<msg time="2024-05-27T13:16:59.577571" level="INFO">location</msg>
<arg>${key}</arg>
<doc>Logs the given message with the given level.</doc>
<status status="PASS" start="2024-05-27T13:16:59.577446" elapsed="0.000162"/>
</kw>
<var name="${key}">location</var>
<status status="PASS" start="2024-05-27T13:16:59.575880" elapsed="0.001940"/>
</iter>
<iter>
<kw name="Dictionary Should Contain Key" owner="Collections">
<msg time="2024-05-27T13:16:59.578580" level="INFO">False</msg>
<arg>${json_data['results'][0]}</arg>
<arg>${key}</arg>
<doc>Fails if ``key`` is not found from ``dictionary``.</doc>
<status status="PASS" start="2024-05-27T13:16:59.578098" elapsed="0.000520"/>
</kw>
<kw name="Log" owner="BuiltIn">
<msg time="2024-05-27T13:16:59.579272" level="INFO">{'gender': 'female', 'name': {'title': 'Miss', 'first': 'Lea', 'last': 'Lam'}, 'location': {'street': {'number': 6180, 'name': 'Frederick Ave'}, 'city': 'Clinton', 'state': 'Alberta', 'country': 'Canada', 'postcode': 'L8I 7U3', 'coordinates': {'latitude': '-65.8549', 'longitude': '118.8873'}, 'timezone': {'offset': '+5:00', 'description': 'Ekaterinburg, Islamabad, Karachi, Tashkent'}}, 'email': 'lea.lam@example.com', 'login': {'uuid': 'a70a9731-9734-4867-bb87-0d8ba4b49984', 'username': 'heavybear849', 'password': 'kisskiss', 'salt': 'BnpIxBBS', 'md5': 'b939eccb6e0519b0f3533772b4e017d5', 'sha1': 'ae0445096388654b74d3ef65de0e24f0b319360a', 'sha256': '8bd38ff7070a85d244cdf9b3e9e2b8c435c1dd5cbe1592e6162f6bf4468e2482'}, 'dob': {'date': '1973-09-05T03:15:13.848Z', 'age': 50}, 'registered': {'date': '2016-07-02T14:35:24.722Z', 'age': 7}, 'phone': 'H72 P55-2095', 'cell': 'S21 M48-3672', 'id': {'name': 'SIN', 'value': '951429877'}, 'picture': {'large': 'https://randomuser.me/api/portraits/women/62.jpg', 'medium': 'https://randomuser.me/api/portraits/med/women/62.jpg', 'thumbnail': 'https://randomuser.me/api/portraits/thumb/women/62.jpg'}, 'nat': 'CA'}</msg>
<arg>${json_data['results'][0]}</arg>
<doc>Logs the given message with the given level.</doc>
<status status="PASS" start="2024-05-27T13:16:59.578916" elapsed="0.000415"/>
</kw>
<kw name="Log" owner="BuiltIn">
<msg time="2024-05-27T13:16:59.579754" level="INFO">email</msg>
<arg>${key}</arg>
<doc>Logs the given message with the given level.</doc>
<status status="PASS" start="2024-05-27T13:16:59.579628" elapsed="0.000163"/>
</kw>
<var name="${key}">email</var>
<status status="PASS" start="2024-05-27T13:16:59.577990" elapsed="0.002012"/>
</iter>
<iter>
<kw name="Dictionary Should Contain Key" owner="Collections">
<msg time="2024-05-27T13:16:59.580664" level="INFO">False</msg>
<arg>${json_data['results'][0]}</arg>
<arg>${key}</arg>
<doc>Fails if ``key`` is not found from ``dictionary``.</doc>
<status status="PASS" start="2024-05-27T13:16:59.580286" elapsed="0.000414"/>
</kw>
<kw name="Log" owner="BuiltIn">
<msg time="2024-05-27T13:16:59.581381" level="INFO">{'gender': 'female', 'name': {'title': 'Miss', 'first': 'Lea', 'last': 'Lam'}, 'location': {'street': {'number': 6180, 'name': 'Frederick Ave'}, 'city': 'Clinton', 'state': 'Alberta', 'country': 'Canada', 'postcode': 'L8I 7U3', 'coordinates': {'latitude': '-65.8549', 'longitude': '118.8873'}, 'timezone': {'offset': '+5:00', 'description': 'Ekaterinburg, Islamabad, Karachi, Tashkent'}}, 'email': 'lea.lam@example.com', 'login': {'uuid': 'a70a9731-9734-4867-bb87-0d8ba4b49984', 'username': 'heavybear849', 'password': 'kisskiss', 'salt': 'BnpIxBBS', 'md5': 'b939eccb6e0519b0f3533772b4e017d5', 'sha1': 'ae0445096388654b74d3ef65de0e24f0b319360a', 'sha256': '8bd38ff7070a85d244cdf9b3e9e2b8c435c1dd5cbe1592e6162f6bf4468e2482'}, 'dob': {'date': '1973-09-05T03:15:13.848Z', 'age': 50}, 'registered': {'date': '2016-07-02T14:35:24.722Z', 'age': 7}, 'phone': 'H72 P55-2095', 'cell': 'S21 M48-3672', 'id': {'name': 'SIN', 'value': '951429877'}, 'picture': {'large': 'https://randomuser.me/api/portraits/women/62.jpg', 'medium': 'https://randomuser.me/api/portraits/med/women/62.jpg', 'thumbnail': 'https://randomuser.me/api/portraits/thumb/women/62.jpg'}, 'nat': 'CA'}</msg>
<arg>${json_data['results'][0]}</arg>
<doc>Logs the given message with the given level.</doc>
<status status="PASS" start="2024-05-27T13:16:59.581022" elapsed="0.000416"/>
</kw>
<kw name="Log" owner="BuiltIn">
<msg time="2024-05-27T13:16:59.581851" level="INFO">login</msg>
<arg>${key}</arg>
<doc>Logs the given message with the given level.</doc>
<status status="PASS" start="2024-05-27T13:16:59.581727" elapsed="0.000161"/>
</kw>
<var name="${key}">login</var>
<status status="PASS" start="2024-05-27T13:16:59.580174" elapsed="0.001951"/>
</iter>
<var>${key}</var>
<value>@{expected_keys}</value>
<status status="PASS" start="2024-05-27T13:16:59.571340" elapsed="0.010911"/>
</for>
<kw name="Create List" owner="BuiltIn">
<msg time="2024-05-27T13:16:59.582578" level="INFO">${expected_keysTwo} = ['username', 'password']</msg>
<var>${expected_keysTwo}</var>
<arg>username</arg>
<arg>password</arg>
<doc>Returns a list containing given items.</doc>
<status status="PASS" start="2024-05-27T13:16:59.582443" elapsed="0.000158"/>
</kw>
<for flavor="IN">
<iter>
<kw name="Dictionary Should Contain Key" owner="Collections">
<msg time="2024-05-27T13:16:59.583480" level="INFO">False</msg>
<arg>${json_data['results'][0]['login']}</arg>
<arg>${keyTwo}</arg>
<doc>Fails if ``key`` is not found from ``dictionary``.</doc>
<status status="PASS" start="2024-05-27T13:16:59.583097" elapsed="0.000419"/>
</kw>
<kw name="Dictionary Should Contain Key" owner="Collections">
<msg time="2024-05-27T13:16:59.584186" level="INFO">False</msg>
<arg>${json_data['results'][0]['login']}</arg>
<arg>${keyTwo}</arg>
<doc>Fails if ``key`` is not found from ``dictionary``.</doc>
<status status="PASS" start="2024-05-27T13:16:59.583811" elapsed="0.000412"/>
</kw>
<kw name="Log" owner="BuiltIn">
<msg time="2024-05-27T13:16:59.584635" level="INFO">username</msg>
<arg>${keyTwo}</arg>
<doc>Logs the given message with the given level.</doc>
<status status="PASS" start="2024-05-27T13:16:59.584512" elapsed="0.000160"/>
</kw>
<var name="${keyTwo}">username</var>
<status status="PASS" start="2024-05-27T13:16:59.582983" elapsed="0.001930"/>
</iter>
<iter>
<kw name="Dictionary Should Contain Key" owner="Collections">
<msg time="2024-05-27T13:16:59.585579" level="INFO">False</msg>
<arg>${json_data['results'][0]['login']}</arg>
<arg>${keyTwo}</arg>
<doc>Fails if ``key`` is not found from ``dictionary``.</doc>
<status status="PASS" start="2024-05-27T13:16:59.585197" elapsed="0.000420"/>
</kw>
<kw name="Dictionary Should Contain Key" owner="Collections">
<msg time="2024-05-27T13:16:59.586285" level="INFO">False</msg>
<arg>${json_data['results'][0]['login']}</arg>
<arg>${keyTwo}</arg>
<doc>Fails if ``key`` is not found from ``dictionary``.</doc>
<status status="PASS" start="2024-05-27T13:16:59.585908" elapsed="0.000414"/>
</kw>
<kw name="Log" owner="BuiltIn">
<msg time="2024-05-27T13:16:59.586734" level="INFO">password</msg>
<arg>${keyTwo}</arg>
<doc>Logs the given message with the given level.</doc>
<status status="PASS" start="2024-05-27T13:16:59.586609" elapsed="0.000161"/>
</kw>
<var name="${keyTwo}">password</var>
<status status="PASS" start="2024-05-27T13:16:59.585088" elapsed="0.001893"/>
</iter>
<var>${keyTwo}</var>
<value>@{expected_keysTwo}</value>
<status status="PASS" start="2024-05-27T13:16:59.582835" elapsed="0.004265"/>
</for>
<status status="PASS" start="2024-05-27T13:16:59.455887" elapsed="0.131349"/>
</kw>
<doc>Testa a estrutura da resposta da API.</doc>
<tag>testeEstruturaResposta</tag>
<status status="PASS" start="2024-05-27T13:16:59.455375" elapsed="0.132013"/>
</test>
<test id="s1-s1-t4" name="Validar tipos de dados" line="28">
<kw name="Teste de Tipos de Dados" owner="random-user-service">
<kw name="GET On Session" owner="RequestsLibrary">
<msg time="2024-05-27T13:16:59.683308" level="INFO">GET Request : url=https://randomuser.me/api 
 path_url=/api 
 headers={'User-Agent': 'python-requests/2.32.2', 'Accept-Encoding': 'gzip, deflate', 'Accept': '*/*', 'Connection': 'keep-alive'} 
 body=None 
 </msg>
<msg time="2024-05-27T13:16:59.683393" level="INFO">GET Response : url=https://randomuser.me/api 
 status=200, reason=OK 
 headers={'Date': 'Mon, 27 May 2024 13:16:59 GMT', 'Content-Type': 'application/json; charset=utf-8', 'Transfer-Encoding': 'chunked', 'Connection': 'keep-alive', 'X-Powered-By': 'Express', 'Access-Control-Allow-Origin': '*', 'Cache-Control': 'no-cache', 'ETag': 'W/"487-3Q7JntWVk53CvUNuXLNnLNXkk38"', 'Vary': 'Accept-Encoding', 'Content-Encoding': 'gzip', 'CF-Cache-Status': 'DYNAMIC', 'Report-To': '{"endpoints":[{"url":"https:\\/\\/a.nel.cloudflare.com\\/report\\/v4?s=oEF5pXgk7EgVTVME4htLWDQUs3bkGRknp16k9qYQDbJe0f3Ncvs%2B3NjrK4hOA%2B7aZKi2o%2BKVrkMUNbAe%2FU2BxB1LyCEfXKNfY9s%2FOjvAV1kuBsQ%2FCiUIcSKTSFfojBrD"}],"group":"cf-nel","max_age":604800}', 'NEL': '{"success_fraction":0,"report_to":"cf-nel","max_age":604800}', 'Server': 'cloudflare', 'CF-RAY': '88a648587f687c79-LAX', 'alt-svc': 'h3=":443"; ma=86400'} 
 body={"results":[{"gender":"female","name":{"title":"Ms","first":"Beatriz","last":"Ortega"},"location":{"street":{"number":7920,"name":"Avenida de La Albufera"},"city":"Albacete","state":"Extremadura","country":"Spain","postcode":82050,"coordinates":{"latitude":"-36.5356","longitude":"118.3333"},"timezone":{"offset":"-3:30","description":"Newfoundland"}},"email":"beatriz.ortega@example.com","login":{"uuid":"2ad4c209-c714-4a45-9de0-a100bd1b8d94","username":"angrymouse161","password":"towers","salt":"BgqNruu3","md5":"292aa4a91682d8b27392283639ed9eae","sha1":"89109b07f5260db090ecce48bfc847ae18080a87","sha256":"97e3503d1775395742e46aee2923d143b61c4860c0ef37d60124a60af4dfc934"},"dob":{"date":"1946-01-14T22:21:57.074Z","age":78},"registered":{"date":"2003-03-17T20:53:22.912Z","age":21},"phone":"980-758-533","cell":"690-719-899","id":{"name":"DNI","value":"85112386-S"},"picture":{"large":"https://randomuser.me/api/portraits/women/67.jpg","medium":"https://randomuser.me/api/portraits/med/women/67.jpg","thumbnail":"https://randomuser.me/api/portraits/thumb/women/67.jpg"},"nat":"ES"}],"info":{"seed":"b245a3b95eacf84f","results":1,"page":1,"version":"1.4"}} 
 </msg>
<msg time="2024-05-27T13:16:59.683465" level="INFO">/opt/hostedtoolcache/Python/3.12.3/x64/lib/python3.12/site-packages/urllib3/connectionpool.py:1103: InsecureRequestWarning: Unverified HTTPS request is being made to host 'randomuser.me'. Adding certificate verification is strongly advised. See: https://urllib3.readthedocs.io/en/latest/advanced-usage.html#tls-warnings
  warnings.warn(</msg>
<msg time="2024-05-27T13:16:59.683604" level="INFO">${response} = &lt;Response [200]&gt;</msg>
<var>${response}</var>
<arg>consultarAPI</arg>
<arg>/api</arg>
<doc>Sends a GET request on a previously created HTTP Session.</doc>
<status status="PASS" start="2024-05-27T13:16:59.589895" elapsed="0.093767"/>
</kw>
<kw name="Set Variable" owner="BuiltIn">
<msg time="2024-05-27T13:16:59.684519" level="INFO">${json_data} = {'results': [{'gender': 'female', 'name': {'title': 'Ms', 'first': 'Beatriz', 'last': 'Ortega'}, 'location': {'street': {'number': 7920, 'name': 'Avenida de La Albufera'}, 'city': 'Albacete', 'state':...</msg>
<var>${json_data}</var>
<arg>${response.json()}</arg>
<doc>Returns the given values which can then be assigned to a variables.</doc>
<status status="PASS" start="2024-05-27T13:16:59.684075" elapsed="0.000473"/>
</kw>
<kw name="Log" owner="BuiltIn">
<msg time="2024-05-27T13:16:59.685043" level="INFO">{'results': [{'gender': 'female', 'name': {'title': 'Ms', 'first': 'Beatriz', 'last': 'Ortega'}, 'location': {'street': {'number': 7920, 'name': 'Avenida de La Albufera'}, 'city': 'Albacete', 'state': 'Extremadura', 'country': 'Spain', 'postcode': 82050, 'coordinates': {'latitude': '-36.5356', 'longitude': '118.3333'}, 'timezone': {'offset': '-3:30', 'description': 'Newfoundland'}}, 'email': 'beatriz.ortega@example.com', 'login': {'uuid': '2ad4c209-c714-4a45-9de0-a100bd1b8d94', 'username': 'angrymouse161', 'password': 'towers', 'salt': 'BgqNruu3', 'md5': '292aa4a91682d8b27392283639ed9eae', 'sha1': '89109b07f5260db090ecce48bfc847ae18080a87', 'sha256': '97e3503d1775395742e46aee2923d143b61c4860c0ef37d60124a60af4dfc934'}, 'dob': {'date': '1946-01-14T22:21:57.074Z', 'age': 78}, 'registered': {'date': '2003-03-17T20:53:22.912Z', 'age': 21}, 'phone': '980-758-533', 'cell': '690-719-899', 'id': {'name': 'DNI', 'value': '85112386-S'}, 'picture': {'large': 'https://randomuser.me/api/portraits/women/67.jpg', 'medium': 'https://randomuser.me/api/portraits/med/women/67.jpg', 'thumbnail': 'https://randomuser.me/api/portraits/thumb/women/67.jpg'}, 'nat': 'ES'}], 'info': {'seed': 'b245a3b95eacf84f', 'results': 1, 'page': 1, 'version': '1.4'}}</msg>
<arg>${json_data}</arg>
<doc>Logs the given message with the given level.</doc>
<status status="PASS" start="2024-05-27T13:16:59.684880" elapsed="0.000242"/>
</kw>
<kw name="Should Be String" owner="String">
<arg>${json_data['results'][0]['gender']}</arg>
<doc>Fails if the given ``item`` is not a string.</doc>
<status status="PASS" start="2024-05-27T13:16:59.685420" elapsed="0.000362"/>
</kw>
<kw name="Should Match Regexp" owner="BuiltIn">
<arg>${json_data['results'][0]['email']}</arg>
<arg>^[a-zA-Z0-9._%+-]+@[a-zA-Z0-9.-]+\.[a-zA-Z]{2,}$</arg>
<doc>Fails if ``string`` does not match ``pattern`` as a regular expression.</doc>
<status status="PASS" start="2024-05-27T13:16:59.685972" elapsed="0.000616"/>
</kw>
<kw name="Should Match Regexp" owner="BuiltIn">
<arg>${json_data['results'][0]['dob']['date']}</arg>
<arg>\\d{4}-\\d{2}-\\d{2}T\\d{2}:\\d{2}:\\d{2}\\.\\d{3}Z</arg>
<doc>Fails if ``string`` does not match ``pattern`` as a regular expression.</doc>
<status status="PASS" start="2024-05-27T13:16:59.686789" elapsed="0.000486"/>
</kw>
<kw name="Should Match Regexp" owner="BuiltIn">
<arg>${json_data['results'][0]['registered']['date']}</arg>
<arg>\\d{4}-\\d{2}-\\d{2}T\\d{2}:\\d{2}:\\d{2}\\.\\d{3}Z</arg>
<doc>Fails if ``string`` does not match ``pattern`` as a regular expression.</doc>
<status status="PASS" start="2024-05-27T13:16:59.687471" elapsed="0.000361"/>
</kw>
<kw name="Should Match Regexp" owner="BuiltIn">
<arg>${json_data['results'][0]['picture']['large']}</arg>
<arg>^https?://.*\.(?:png|jpe?g|gif|bmp)$</arg>
<doc>Fails if ``string`` does not match ``pattern`` as a regular expression.</doc>
<status status="PASS" start="2024-05-27T13:16:59.688023" elapsed="0.000456"/>
</kw>
<kw name="Should Match Regexp" owner="BuiltIn">
<arg>${json_data['results'][0]['picture']['medium']}</arg>
<arg>^https?://.*\.(?:png|jpe?g|gif|bmp)$</arg>
<doc>Fails if ``string`` does not match ``pattern`` as a regular expression.</doc>
<status status="PASS" start="2024-05-27T13:16:59.688671" elapsed="0.000381"/>
</kw>
<kw name="Should Match Regexp" owner="BuiltIn">
<arg>${json_data['results'][0]['picture']['thumbnail']}</arg>
<arg>^https?://.*\.(?:png|jpe?g|gif|bmp)$</arg>
<doc>Fails if ``string`` does not match ``pattern`` as a regular expression.</doc>
<status status="PASS" start="2024-05-27T13:16:59.689244" elapsed="0.000355"/>
</kw>
<kw name="Log" owner="BuiltIn">
<msg time="2024-05-27T13:16:59.690102" level="INFO">{'large': 'https://randomuser.me/api/portraits/women/67.jpg', 'medium': 'https://randomuser.me/api/portraits/med/women/67.jpg', 'thumbnail': 'https://randomuser.me/api/portraits/thumb/women/67.jpg'}</msg>
<arg>${json_data['results'][0]['picture']}</arg>
<doc>Logs the given message with the given level.</doc>
<status status="PASS" start="2024-05-27T13:16:59.689782" elapsed="0.000362"/>
</kw>
<status status="PASS" start="2024-05-27T13:16:59.589660" elapsed="0.100749"/>
</kw>
<kw name="Teste de Tipos de Dados - Postcode" owner="random-user-service">
<kw name="GET On Session" owner="RequestsLibrary">
<msg time="2024-05-27T13:16:59.784944" level="INFO">GET Request : url=https://randomuser.me/api 
 path_url=/api 
 headers={'User-Agent': 'python-requests/2.32.2', 'Accept-Encoding': 'gzip, deflate', 'Accept': '*/*', 'Connection': 'keep-alive'} 
 body=None 
 </msg>
<msg time="2024-05-27T13:16:59.785050" level="INFO">GET Response : url=https://randomuser.me/api 
 status=200, reason=OK 
 headers={'Date': 'Mon, 27 May 2024 13:16:59 GMT', 'Content-Type': 'application/json; charset=utf-8', 'Transfer-Encoding': 'chunked', 'Connection': 'keep-alive', 'X-Powered-By': 'Express', 'Access-Control-Allow-Origin': '*', 'Cache-Control': 'no-cache', 'ETag': 'W/"4ac-y9NTQoID9OdGYwWvj+serDOdZiQ"', 'Vary': 'Accept-Encoding', 'Content-Encoding': 'gzip', 'CF-Cache-Status': 'DYNAMIC', 'Report-To': '{"endpoints":[{"url":"https:\\/\\/a.nel.cloudflare.com\\/report\\/v4?s=w6MmHEtF8LKzbSwbkNm7y%2BkCssO8gGglhKJmuPE062DY27bhuABpqgTbbH5lEeSuuGTzdkROWFAGl6AryyAULvle%2FqVg2oHTh8nkQC10kkyadOyiLDzXcZ%2B0OG0H8aBm"}],"group":"cf-nel","max_age":604800}', 'NEL': '{"success_fraction":0,"report_to":"cf-nel","max_age":604800}', 'Server': 'cloudflare', 'CF-RAY': '88a648591fcc7c79-LAX', 'alt-svc': 'h3=":443"; ma=86400'} 
 body={"results":[{"gender":"male","name":{"title":"Monsieur","first":"Ahmad","last":"Meyer"},"location":{"street":{"number":4027,"name":"Rue du Bon-Pasteur"},"city":"Lachen","state":"Fribourg","country":"Switzerland","postcode":3714,"coordinates":{"latitude":"-57.7898","longitude":"-69.1133"},"timezone":{"offset":"0:00","description":"Western Europe Time, London, Lisbon, Casablanca"}},"email":"ahmad.meyer@example.com","login":{"uuid":"0b76c740-eca4-4a6d-8f07-71af49006bca","username":"beautifulladybug537","password":"viking","salt":"6VPrOy1U","md5":"96debd0ec46e545221bebd447152d4d6","sha1":"a8042fd25f089df8ef5a5fbfffba3d3fc5f72215","sha256":"6ade2b192529087cf02fc78b2e310d5c4cbd9597528fba2733d0b8f1cc7f630c"},"dob":{"date":"1950-09-21T12:11:41.877Z","age":73},"registered":{"date":"2015-07-25T23:15:49.556Z","age":8},"phone":"078 004 77 64","cell":"079 184 47 15","id":{"name":"AVS","value":"756.3443.2053.07"},"picture":{"large":"https://randomuser.me/api/portraits/men/94.jpg","medium":"https://randomuser.me/api/portraits/med/men/94.jpg","thumbnail":"https://randomuser.me/api/portraits/thumb/men/94.jpg"},"nat":"CH"}],"info":{"seed":"65c73f59b6206b6f","results":1,"page":1,"version":"1.4"}} 
 </msg>
<msg time="2024-05-27T13:16:59.785129" level="INFO">/opt/hostedtoolcache/Python/3.12.3/x64/lib/python3.12/site-packages/urllib3/connectionpool.py:1103: InsecureRequestWarning: Unverified HTTPS request is being made to host 'randomuser.me'. Adding certificate verification is strongly advised. See: https://urllib3.readthedocs.io/en/latest/advanced-usage.html#tls-warnings
  warnings.warn(</msg>
<msg time="2024-05-27T13:16:59.785248" level="INFO">${response} = &lt;Response [200]&gt;</msg>
<var>${response}</var>
<arg>consultarAPI</arg>
<arg>/api</arg>
<doc>Sends a GET request on a previously created HTTP Session.</doc>
<status status="PASS" start="2024-05-27T13:16:59.690841" elapsed="0.094447"/>
</kw>
<kw name="Set Variable" owner="BuiltIn">
<msg time="2024-05-27T13:16:59.786182" level="INFO">${json_data} = {'results': [{'gender': 'male', 'name': {'title': 'Monsieur', 'first': 'Ahmad', 'last': 'Meyer'}, 'location': {'street': {'number': 4027, 'name': 'Rue du Bon-Pasteur'}, 'city': 'Lachen', 'state': 'Fri...</msg>
<var>${json_data}</var>
<arg>${response.json()}</arg>
<doc>Returns the given values which can then be assigned to a variables.</doc>
<status status="PASS" start="2024-05-27T13:16:59.785693" elapsed="0.000518"/>
</kw>
<kw name="Log" owner="BuiltIn">
<msg time="2024-05-27T13:16:59.786682" level="INFO">{'results': [{'gender': 'male', 'name': {'title': 'Monsieur', 'first': 'Ahmad', 'last': 'Meyer'}, 'location': {'street': {'number': 4027, 'name': 'Rue du Bon-Pasteur'}, 'city': 'Lachen', 'state': 'Fribourg', 'country': 'Switzerland', 'postcode': 3714, 'coordinates': {'latitude': '-57.7898', 'longitude': '-69.1133'}, 'timezone': {'offset': '0:00', 'description': 'Western Europe Time, London, Lisbon, Casablanca'}}, 'email': 'ahmad.meyer@example.com', 'login': {'uuid': '0b76c740-eca4-4a6d-8f07-71af49006bca', 'username': 'beautifulladybug537', 'password': 'viking', 'salt': '6VPrOy1U', 'md5': '96debd0ec46e545221bebd447152d4d6', 'sha1': 'a8042fd25f089df8ef5a5fbfffba3d3fc5f72215', 'sha256': '6ade2b192529087cf02fc78b2e310d5c4cbd9597528fba2733d0b8f1cc7f630c'}, 'dob': {'date': '1950-09-21T12:11:41.877Z', 'age': 73}, 'registered': {'date': '2015-07-25T23:15:49.556Z', 'age': 8}, 'phone': '078 004 77 64', 'cell': '079 184 47 15', 'id': {'name': 'AVS', 'value': '756.3443.2053.07'}, 'picture': {'large': 'https://randomuser.me/api/portraits/men/94.jpg', 'medium': 'https://randomuser.me/api/portraits/med/men/94.jpg', 'thumbnail': 'https://randomuser.me/api/portraits/thumb/men/94.jpg'}, 'nat': 'CH'}], 'info': {'seed': '65c73f59b6206b6f', 'results': 1, 'page': 1, 'version': '1.4'}}</msg>
<arg>${json_data}</arg>
<doc>Logs the given message with the given level.</doc>
<status status="PASS" start="2024-05-27T13:16:59.786526" elapsed="0.000240"/>
</kw>
<kw name="Should Be Equal As Numbers" owner="BuiltIn">
<arg>${json_data['results'][0]['location']['postcode']}</arg>
<arg>${json_data['results'][0]['location']['postcode']}</arg>
<doc>Fails if objects are unequal after converting them to real numbers.</doc>
<status status="PASS" start="2024-05-27T13:16:59.787071" elapsed="0.000638"/>
</kw>
<kw name="Log" owner="BuiltIn">
<msg time="2024-05-27T13:16:59.788252" level="INFO">3714</msg>
<arg>${json_data['results'][0]['location']['postcode']}</arg>
<doc>Logs the given message with the given level.</doc>
<status status="PASS" start="2024-05-27T13:16:59.787905" elapsed="0.000390"/>
</kw>
<status status="PASS" start="2024-05-27T13:16:59.690618" elapsed="0.097934"/>
</kw>
<doc>Testa se os tipos de dados na resposta da API estão corretos.</doc>
<tag>testeTiposDados</tag>
<status status="PASS" start="2024-05-27T13:16:59.589152" elapsed="0.199568"/>
</test>
<test id="s1-s1-t5" name="Validar conteudo" line="35">
<kw name="Teste de Tipos de Conteudo" owner="random-user-service">
<kw name="GET On Session" owner="RequestsLibrary">
<msg time="2024-05-27T13:17:00.099993" level="INFO">GET Request : url=https://randomuser.me/api 
 path_url=/api 
 headers={'User-Agent': 'python-requests/2.32.2', 'Accept-Encoding': 'gzip, deflate', 'Accept': '*/*', 'Connection': 'keep-alive'} 
 body=None 
 </msg>
<msg time="2024-05-27T13:17:00.100100" level="INFO">GET Response : url=https://randomuser.me/api 
 status=200, reason=OK 
 headers={'Date': 'Mon, 27 May 2024 13:17:00 GMT', 'Content-Type': 'application/json; charset=utf-8', 'Transfer-Encoding': 'chunked', 'Connection': 'keep-alive', 'X-Powered-By': 'Express', 'Access-Control-Allow-Origin': '*', 'Cache-Control': 'no-cache', 'ETag': 'W/"49e-XlNBqUFSJwjxkR63lYHGzLBDtgM"', 'Vary': 'Accept-Encoding', 'Content-Encoding': 'gzip', 'CF-Cache-Status': 'DYNAMIC', 'Report-To': '{"endpoints":[{"url":"https:\\/\\/a.nel.cloudflare.com\\/report\\/v4?s=iFzXfhlUvkJN9zi6mNoWiYvyRucWCcPgxiozFcHfUswgWqufLRbNq0p%2BPME%2BMwCMwR4bqCwkDzSX3E0Bmc%2BqkrppMqRWChwzdAGcoaQSDXEa3Q8Npx01dck870IZ19zF"}],"group":"cf-nel","max_age":604800}', 'NEL': '{"success_fraction":0,"report_to":"cf-nel","max_age":604800}', 'Server': 'cloudflare', 'CF-RAY': '88a64859b81f7c79-LAX', 'alt-svc': 'h3=":443"; ma=86400'} 
 body={"results":[{"gender":"male","name":{"title":"Mr","first":"Noham","last":"Moulin"},"location":{"street":{"number":7084,"name":"Rue du Bon-Pasteur"},"city":"Nancy","state":"Côtes-D'Armor","country":"France","postcode":81536,"coordinates":{"latitude":"-14.3535","longitude":"-38.3331"},"timezone":{"offset":"+11:00","description":"Magadan, Solomon Islands, New Caledonia"}},"email":"noham.moulin@example.com","login":{"uuid":"cbfbc83c-4590-4874-ba31-13a6f6754673","username":"bluecat162","password":"mypass","salt":"rtJcICqT","md5":"5b275361a02cbf2a9eaa135cf2d91e3b","sha1":"88f799c7b9ca5433359d26573519eb47180b577d","sha256":"332cf84a93e5e47cd6a148c75cc9a31ecd9d8bb5c6109a7a58f743d97f8770c1"},"dob":{"date":"1958-03-12T01:54:30.887Z","age":66},"registered":{"date":"2015-07-09T19:09:45.990Z","age":8},"phone":"05-44-32-44-11","cell":"06-27-96-44-42","id":{"name":"INSEE","value":"1580291265372 38"},"picture":{"large":"https://randomuser.me/api/portraits/men/43.jpg","medium":"https://randomuser.me/api/portraits/med/men/43.jpg","thumbnail":"https://randomuser.me/api/portraits/thumb/men/43.jpg"},"nat":"FR"}],"info":{"seed":"86a3fd5fa69851aa","results":1,"page":1,"version":"1.4"}} 
 </msg>
<msg time="2024-05-27T13:17:00.100173" level="INFO">/opt/hostedtoolcache/Python/3.12.3/x64/lib/python3.12/site-packages/urllib3/connectionpool.py:1103: InsecureRequestWarning: Unverified HTTPS request is being made to host 'randomuser.me'. Adding certificate verification is strongly advised. See: https://urllib3.readthedocs.io/en/latest/advanced-usage.html#tls-warnings
  warnings.warn(</msg>
<msg time="2024-05-27T13:17:00.100317" level="INFO">${response} = &lt;Response [200]&gt;</msg>
<var>${response}</var>
<arg>consultarAPI</arg>
<arg>/api</arg>
<doc>Sends a GET request on a previously created HTTP Session.</doc>
<status status="PASS" start="2024-05-27T13:16:59.791565" elapsed="0.308795"/>
</kw>
<kw name="Set Variable" owner="BuiltIn">
<msg time="2024-05-27T13:17:00.101472" level="INFO">${json_data} = {'results': [{'gender': 'male', 'name': {'title': 'Mr', 'first': 'Noham', 'last': 'Moulin'}, 'location': {'street': {'number': 7084, 'name': 'Rue du Bon-Pasteur'}, 'city': 'Nancy', 'state': "Côtes-D'A...</msg>
<var>${json_data}</var>
<arg>${response.json()}</arg>
<doc>Returns the given values which can then be assigned to a variables.</doc>
<status status="PASS" start="2024-05-27T13:17:00.100929" elapsed="0.000574"/>
</kw>
<kw name="Set Variable" owner="BuiltIn">
<msg time="2024-05-27T13:17:00.102198" level="INFO">${name_title} = Mr</msg>
<var>${name_title}</var>
<arg>${json_data["results"][0]["name"]["title"]}</arg>
<doc>Returns the given values which can then be assigned to a variables.</doc>
<status status="PASS" start="2024-05-27T13:17:00.101816" elapsed="0.000407"/>
</kw>
<kw name="Create List" owner="BuiltIn">
<msg time="2024-05-27T13:17:00.102673" level="INFO">${allowed_titles} = ['Mr', 'Ms', 'Miss', 'Mrs', 'Madame', 'Monsieur']</msg>
<var>${allowed_titles}</var>
<arg>Mr</arg>
<arg>Ms</arg>
<arg>Miss</arg>
<arg>Mrs</arg>
<arg>Madame</arg>
<arg>Monsieur</arg>
<doc>Returns a list containing given items.</doc>
<status status="PASS" start="2024-05-27T13:17:00.102525" elapsed="0.000172"/>
</kw>
<kw name="List Should Contain Value" owner="Collections">
<msg time="2024-05-27T13:17:00.103169" level="INFO">False</msg>
<arg>${allowed_titles}</arg>
<arg>${name_title}</arg>
<doc>Fails if the ``value`` is not found from ``list``.</doc>
<status status="PASS" start="2024-05-27T13:17:00.102994" elapsed="0.000211"/>
</kw>
<kw name="Set Variable" owner="BuiltIn">
<msg time="2024-05-27T13:17:00.104063" level="INFO">${name_country} = FR</msg>
<var>${name_country}</var>
<arg>${json_data["results"][0]["nat"]}</arg>
<doc>Returns the given values which can then be assigned to a variables.</doc>
<status status="PASS" start="2024-05-27T13:17:00.103500" elapsed="0.000589"/>
</kw>
<kw name="Create List" owner="BuiltIn">
<msg time="2024-05-27T13:17:00.105024" level="INFO">${list_country} = ['AD', 'AE', 'AF', 'AG', 'AI', 'AL', 'AM', 'AO', 'AQ', 'AR', 'AS', 'AT', 'AU', 'AW', 'AX', 'AZ', 'BA', 'BB', 'BD', 'BE', 'BF', 'BG', 'BH', 'BI', 'BJ', 'BL', 'BM', 'BN', 'BO', 'BQ', 'BR', 'BS', 'BT', '...</msg>
<var>${list_country}</var>
<arg>AD</arg>
<arg>AE</arg>
<arg>AF</arg>
<arg>AG</arg>
<arg>AI</arg>
<arg>AL</arg>
<arg>AM</arg>
<arg>AO</arg>
<arg>AQ</arg>
<arg>AR</arg>
<arg>AS</arg>
<arg>AT</arg>
<arg>AU</arg>
<arg>AW</arg>
<arg>AX</arg>
<arg>AZ</arg>
<arg>BA</arg>
<arg>BB</arg>
<arg>BD</arg>
<arg>BE</arg>
<arg>BF</arg>
<arg>BG</arg>
<arg>BH</arg>
<arg>BI</arg>
<arg>BJ</arg>
<arg>BL</arg>
<arg>BM</arg>
<arg>BN</arg>
<arg>BO</arg>
<arg>BQ</arg>
<arg>BR</arg>
<arg>BS</arg>
<arg>BT</arg>
<arg>BV</arg>
<arg>BW</arg>
<arg>BY</arg>
<arg>BZ</arg>
<arg>CA</arg>
<arg>CC</arg>
<arg>CD</arg>
<arg>CF</arg>
<arg>CG</arg>
<arg>CH</arg>
<arg>CI</arg>
<arg>CK</arg>
<arg>CL</arg>
<arg>CM</arg>
<arg>CN</arg>
<arg>CO</arg>
<arg>CR</arg>
<arg>CU</arg>
<arg>CV</arg>
<arg>CW</arg>
<arg>CX</arg>
<arg>CY</arg>
<arg>CZ</arg>
<arg>DE</arg>
<arg>DJ</arg>
<arg>DK</arg>
<arg>DM</arg>
<arg>DO</arg>
<arg>DZ</arg>
<arg>EC</arg>
<arg>EE</arg>
<arg>EG</arg>
<arg>EH</arg>
<arg>ER</arg>
<arg>ES</arg>
<arg>ET</arg>
<arg>FI</arg>
<arg>FJ</arg>
<arg>FK</arg>
<arg>FM</arg>
<arg>FO</arg>
<arg>FR</arg>
<arg>GA</arg>
<arg>GB</arg>
<arg>GD</arg>
<arg>GE</arg>
<arg>GF</arg>
<arg>GG</arg>
<arg>GH</arg>
<arg>GI</arg>
<arg>GL</arg>
<arg>GM</arg>
<arg>GN</arg>
<arg>GP</arg>
<arg>GQ</arg>
<arg>GR</arg>
<arg>GS</arg>
<arg>GT</arg>
<arg>GU</arg>
<arg>GW</arg>
<arg>GY</arg>
<arg>HK</arg>
<arg>HM</arg>
<arg>HN</arg>
<arg>HR</arg>
<arg>HT</arg>
<arg>HU</arg>
<arg>ID</arg>
<arg>IE</arg>
<arg>IL</arg>
<arg>IM</arg>
<arg>IN</arg>
<arg>IO</arg>
<arg>IQ</arg>
<arg>IR</arg>
<arg>IS</arg>
<arg>IT</arg>
<arg>JE</arg>
<arg>JM</arg>
<arg>JO</arg>
<arg>JP</arg>
<arg>KE</arg>
<arg>KG</arg>
<arg>KH</arg>
<arg>KI</arg>
<arg>KM</arg>
<arg>KN</arg>
<arg>KP</arg>
<arg>KR</arg>
<arg>KW</arg>
<arg>KY</arg>
<arg>KZ</arg>
<arg>LA</arg>
<arg>LB</arg>
<arg>LC</arg>
<arg>LI</arg>
<arg>LK</arg>
<arg>LR</arg>
<arg>LS</arg>
<arg>LT</arg>
<arg>LU</arg>
<arg>LV</arg>
<arg>LY</arg>
<arg>MA</arg>
<arg>MC</arg>
<arg>MD</arg>
<arg>ME</arg>
<arg>MF</arg>
<arg>MG</arg>
<arg>MH</arg>
<arg>MK</arg>
<arg>ML</arg>
<arg>MM</arg>
<arg>MN</arg>
<arg>MO</arg>
<arg>MP</arg>
<arg>MQ</arg>
<arg>MR</arg>
<arg>MS</arg>
<arg>MT</arg>
<arg>MU</arg>
<arg>MV</arg>
<arg>MW</arg>
<arg>MX</arg>
<arg>MY</arg>
<arg>MZ</arg>
<arg>NA</arg>
<arg>NC</arg>
<arg>NE</arg>
<arg>NF</arg>
<arg>NG</arg>
<arg>NI</arg>
<arg>NL</arg>
<arg>NO</arg>
<arg>NP</arg>
<arg>NR</arg>
<arg>NU</arg>
<arg>NZ</arg>
<arg>OM</arg>
<arg>PA</arg>
<arg>PE</arg>
<arg>PF</arg>
<arg>PG</arg>
<arg>PH</arg>
<arg>PK</arg>
<arg>PL</arg>
<arg>PM</arg>
<arg>PN</arg>
<arg>PR</arg>
<arg>PS</arg>
<arg>PT</arg>
<arg>PW</arg>
<arg>PY</arg>
<arg>QA</arg>
<arg>RE</arg>
<arg>RO</arg>
<arg>RS</arg>
<arg>RU</arg>
<arg>RW</arg>
<arg>SA</arg>
<arg>SB</arg>
<arg>SC</arg>
<arg>SD</arg>
<arg>SE</arg>
<arg>SG</arg>
<arg>SH</arg>
<arg>SI</arg>
<arg>SJ</arg>
<arg>SK</arg>
<arg>SL</arg>
<arg>SM</arg>
<arg>SN</arg>
<arg>SO</arg>
<arg>SR</arg>
<arg>SS</arg>
<arg>ST</arg>
<arg>SV</arg>
<arg>SX</arg>
<arg>SY</arg>
<arg>SZ</arg>
<arg>TC</arg>
<arg>TD</arg>
<arg>TF</arg>
<arg>TG</arg>
<arg>TH</arg>
<arg>TJ</arg>
<arg>TK</arg>
<arg>TL</arg>
<arg>TM</arg>
<arg>TN</arg>
<arg>TO</arg>
<arg>TR</arg>
<arg>TT</arg>
<arg>TV</arg>
<arg>TW</arg>
<arg>TZ</arg>
<arg>UA</arg>
<arg>UG</arg>
<arg>UM</arg>
<arg>US</arg>
<arg>UY</arg>
<arg>UZ</arg>
<arg>VA</arg>
<arg>VC</arg>
<arg>VE</arg>
<arg>VG</arg>
<arg>VI</arg>
<arg>VN</arg>
<arg>VU</arg>
<arg>WF</arg>
<arg>WS</arg>
<arg>XK</arg>
<arg>YE</arg>
<arg>YT</arg>
<arg>ZA</arg>
<arg>ZM</arg>
<arg>ZW</arg>
<doc>Returns a list containing given items.</doc>
<status status="PASS" start="2024-05-27T13:17:00.104397" elapsed="0.000654"/>
</kw>
<kw name="List Should Contain Value" owner="Collections">
<msg time="2024-05-27T13:17:00.106034" level="INFO">False</msg>
<arg>${list_country}</arg>
<arg>${name_country}</arg>
<doc>Fails if the ``value`` is not found from ``list``.</doc>
<status status="PASS" start="2024-05-27T13:17:00.105833" elapsed="0.000237"/>
</kw>
<kw name="Run Keyword If" owner="BuiltIn">
<kw name="Should Be True" owner="BuiltIn">
<arg>${True}</arg>
<doc>Fails if the given condition is not true.</doc>
<status status="PASS" start="2024-05-27T13:17:00.107220" elapsed="0.000148"/>
</kw>
<arg>${json_data["results"][0]["location"]["coordinates"]["latitude"]} &gt;= -90 and ${json_data["results"][0]["location"]["coordinates"]["latitude"]} &lt;= 90</arg>
<arg>Should Be True</arg>
<arg>${True}</arg>
<doc>Runs the given keyword with the given arguments, if ``condition`` is true.</doc>
<status status="PASS" start="2024-05-27T13:17:00.106391" elapsed="0.001107"/>
</kw>
<kw name="Run Keyword If" owner="BuiltIn">
<kw name="Should Be True" owner="BuiltIn">
<arg>${True}</arg>
<doc>Fails if the given condition is not true.</doc>
<status status="PASS" start="2024-05-27T13:17:00.108373" elapsed="0.000139"/>
</kw>
<arg>${json_data["results"][0]["location"]["coordinates"]["longitude"]} &gt;= -180 and ${json_data["results"][0]["location"]["coordinates"]["longitude"]} &lt;= 180</arg>
<arg>Should Be True</arg>
<arg>${True}</arg>
<doc>Runs the given keyword with the given arguments, if ``condition`` is true.</doc>
<status status="PASS" start="2024-05-27T13:17:00.107686" elapsed="0.000950"/>
</kw>
<status status="PASS" start="2024-05-27T13:16:59.791192" elapsed="0.317577"/>
</kw>
<doc>Testa o conteúdo específico dos campos retornados pela API.</doc>
<tag>testeConteudo</tag>
<status status="PASS" start="2024-05-27T13:16:59.790503" elapsed="0.318447"/>
</test>
<status status="PASS" start="2024-05-27T13:16:58.956379" elapsed="1.154529"/>
</suite>
<status status="PASS" start="2024-05-27T13:16:58.942863" elapsed="1.173179"/>
</suite>
<statistics>
<total>
<stat pass="5" fail="0" skip="0">All Tests</stat>
</total>
<tag>
<stat pass="1" fail="0" skip="0">testeConteudo</stat>
<stat pass="1" fail="0" skip="0">testeEstruturaResposta</stat>
<stat pass="1" fail="0" skip="0">testeRequisicaoBasica</stat>
<stat pass="1" fail="0" skip="0">testeTiposDados</stat>
</tag>
<suite>
<stat pass="5" fail="0" skip="0" id="s1" name="Tests">Tests</stat>
<stat pass="5" fail="0" skip="0" id="s1-s1" name="Random-User-Test">Tests.Random-User-Test</stat>
</suite>
</statistics>
<errors>
</errors>
</robot>
