<?xml version="1.0" encoding="UTF-8"?>
<robot generator="Robot 7.0 (Python 3.12.3 on linux)" generated="2024-05-28T08:19:50.580432" rpa="false" schemaversion="5">
<suite id="s1" name="Tests" source="/home/runner/work/ApiRandomUser/ApiRandomUser/RamdonUser/tests">
<suite id="s1-s1" name="Random-User-Test" source="/home/runner/work/ApiRandomUser/ApiRandomUser/RamdonUser/tests/random-user-test.robot">
<test id="s1-s1-t1" name="Conectar" line="13">
<kw name="Conectar API" owner="random-user-service">
<kw name="Create Session" owner="RequestsLibrary">
<msg time="2024-05-28T08:19:50.993003" level="INFO">Creating Session using : alias=consultarAPI, url=https://randomuser.me/, headers={},                     cookies={}, auth=None, timeout=None, proxies=None, verify=False,                     debug=0 </msg>
<arg>consultarAPI</arg>
<arg>${URL}</arg>
<doc>Create Session: create a HTTP session to a server</doc>
<status status="PASS" start="2024-05-28T08:19:50.992794" elapsed="0.000409"/>
</kw>
<status status="PASS" start="2024-05-28T08:19:50.991709" elapsed="0.001864"/>
</kw>
<status status="PASS" start="2024-05-28T08:19:50.991015" elapsed="0.002790"/>
</test>
<test id="s1-s1-t2" name="Validar retorno 200 e JSON Válido" line="16">
<kw name="Teste de Requisicao Basica" owner="random-user-service">
<kw name="GET On Session" owner="RequestsLibrary">
<msg time="2024-05-28T08:19:51.071144" level="INFO">GET Request : url=https://randomuser.me/api 
 path_url=/api 
 headers={'User-Agent': 'python-requests/2.32.2', 'Accept-Encoding': 'gzip, deflate', 'Accept': '*/*', 'Connection': 'keep-alive'} 
 body=None 
 </msg>
<msg time="2024-05-28T08:19:51.071315" level="INFO">GET Response : url=https://randomuser.me/api 
 status=200, reason=OK 
 headers={'Date': 'Tue, 28 May 2024 08:19:51 GMT', 'Content-Type': 'application/json; charset=utf-8', 'Transfer-Encoding': 'chunked', 'Connection': 'keep-alive', 'X-Powered-By': 'Express', 'Access-Control-Allow-Origin': '*', 'Cache-Control': 'no-cache', 'ETag': 'W/"484-rphEcpFR6frzlzilsXlXUdki/TE"', 'Vary': 'Accept-Encoding', 'Content-Encoding': 'gzip', 'CF-Cache-Status': 'DYNAMIC', 'Report-To': '{"endpoints":[{"url":"https:\\/\\/a.nel.cloudflare.com\\/report\\/v4?s=Sx7ez5AMcjwFrPH6eQpxkQiSNVDia40YLRIMWXhqomrmufDqWiwfELKAx1cwmp9C2fSuCqhg1K0lzmyg9KAxyiMqvRB1%2F1X271%2BpW5SCp6R35ShpQWPHkxwTFP95wgd0"}],"group":"cf-nel","max_age":604800}', 'NEL': '{"success_fraction":0,"report_to":"cf-nel","max_age":604800}', 'Server': 'cloudflare', 'CF-RAY': '88acd273fdf061cc-ORD', 'alt-svc': 'h3=":443"; ma=86400'} 
 body={"results":[{"gender":"male","name":{"title":"Mr","first":"Alwin","last":"Savelkoul"},"location":{"street":{"number":3039,"name":"Cingel"},"city":"Catrijp","state":"Limburg","country":"Netherlands","postcode":"5824 LJ","coordinates":{"latitude":"37.8554","longitude":"-121.9410"},"timezone":{"offset":"+6:00","description":"Almaty, Dhaka, Colombo"}},"email":"alwin.savelkoul@example.com","login":{"uuid":"09c44270-1018-4b86-99ea-0c47964c1e56","username":"tinyostrich111","password":"maryann","salt":"ebgHTFx1","md5":"e4a0996d519ed0c96bc0edbd5bd86e7d","sha1":"03ad88ef93f8460936439ff53bd9acd1c3789e72","sha256":"ddb7f48fb72a3e4f6e62fbd8ab1c5b0aeaa57b87585e5a19d489e63302cbdfff"},"dob":{"date":"1989-10-07T21:44:21.581Z","age":34},"registered":{"date":"2007-10-16T21:26:42.500Z","age":16},"phone":"(054) 2709348","cell":"(06) 02251018","id":{"name":"BSN","value":"01327059"},"picture":{"large":"https://randomuser.me/api/portraits/men/44.jpg","medium":"https://randomuser.me/api/portraits/med/men/44.jpg","thumbnail":"https://randomuser.me/api/portraits/thumb/men/44.jpg"},"nat":"NL"}],"info":{"seed":"d011c813063e0d79","results":1,"page":1,"version":"1.4"}} 
 </msg>
<msg time="2024-05-28T08:19:51.071401" level="INFO">/opt/hostedtoolcache/Python/3.12.3/x64/lib/python3.12/site-packages/urllib3/connectionpool.py:1103: InsecureRequestWarning: Unverified HTTPS request is being made to host 'randomuser.me'. Adding certificate verification is strongly advised. See: https://urllib3.readthedocs.io/en/latest/advanced-usage.html#tls-warnings
  warnings.warn(</msg>
<msg time="2024-05-28T08:19:51.071557" level="INFO">${response} = &lt;Response [200]&gt;</msg>
<var>${response}</var>
<arg>consultarAPI</arg>
<arg>/api</arg>
<doc>Sends a GET request on a previously created HTTP Session.</doc>
<status status="PASS" start="2024-05-28T08:19:50.996491" elapsed="0.075108"/>
</kw>
<kw name="Should Be Equal As Numbers" owner="BuiltIn">
<msg time="2024-05-28T08:19:51.072791" level="INFO">Argument types are:
&lt;class 'int'&gt;
&lt;class 'str'&gt;</msg>
<arg>${response.status_code}</arg>
<arg>200</arg>
<doc>Fails if objects are unequal after converting them to real numbers.</doc>
<status status="PASS" start="2024-05-28T08:19:51.072281" elapsed="0.000577"/>
</kw>
<kw name="Log" owner="BuiltIn">
<msg time="2024-05-28T08:19:51.073574" level="INFO">200</msg>
<arg>${response.status_code}</arg>
<doc>Logs the given message with the given level.</doc>
<status status="PASS" start="2024-05-28T08:19:51.073223" elapsed="0.000398"/>
</kw>
<kw name="Set Variable" owner="BuiltIn">
<msg time="2024-05-28T08:19:51.074401" level="INFO">${json_data} = {'results': [{'gender': 'male', 'name': {'title': 'Mr', 'first': 'Alwin', 'last': 'Savelkoul'}, 'location': {'street': {'number': 3039, 'name': 'Cingel'}, 'city': 'Catrijp', 'state': 'Limburg', 'count...</msg>
<var>${json_data}</var>
<arg>${response.json()}</arg>
<doc>Returns the given values which can then be assigned to a variables.</doc>
<status status="PASS" start="2024-05-28T08:19:51.073966" elapsed="0.000466"/>
</kw>
<kw name="Dictionary Should Contain Key" owner="Collections">
<msg time="2024-05-28T08:19:51.074918" level="INFO">False</msg>
<arg>${json_data}</arg>
<arg>results</arg>
<doc>Fails if ``key`` is not found from ``dictionary``.</doc>
<status status="PASS" start="2024-05-28T08:19:51.074738" elapsed="0.000379"/>
</kw>
<status status="PASS" start="2024-05-28T08:19:50.996234" elapsed="0.079189"/>
</kw>
<doc>Testa se a API responde corretamente e retorna um objeto JSON válido.</doc>
<tag>testeRequisicaoBasica</tag>
<status status="PASS" start="2024-05-28T08:19:50.995688" elapsed="0.079918"/>
</test>
<test id="s1-s1-t3" name="Validar estrutura de resposta" line="22">
<kw name="Teste de Estrutura de Resposta" owner="random-user-service">
<kw name="GET On Session" owner="RequestsLibrary">
<msg time="2024-05-28T08:19:51.169494" level="INFO">GET Request : url=https://randomuser.me/api 
 path_url=/api 
 headers={'User-Agent': 'python-requests/2.32.2', 'Accept-Encoding': 'gzip, deflate', 'Accept': '*/*', 'Connection': 'keep-alive'} 
 body=None 
 </msg>
<msg time="2024-05-28T08:19:51.169612" level="INFO">GET Response : url=https://randomuser.me/api 
 status=200, reason=OK 
 headers={'Date': 'Tue, 28 May 2024 08:19:51 GMT', 'Content-Type': 'application/json; charset=utf-8', 'Transfer-Encoding': 'chunked', 'Connection': 'keep-alive', 'X-Powered-By': 'Express', 'Access-Control-Allow-Origin': '*', 'Cache-Control': 'no-cache', 'ETag': 'W/"4a9-geUiyORRHPyGju62/735lvDuVXM"', 'Vary': 'Accept-Encoding', 'Content-Encoding': 'gzip', 'CF-Cache-Status': 'DYNAMIC', 'Report-To': '{"endpoints":[{"url":"https:\\/\\/a.nel.cloudflare.com\\/report\\/v4?s=hRgQ%2Ba4n8RamYqGwo8VKznhraMREZI1XBuh3lga3A3vnYMfgQZRJMxTxGAjeLvLDNDAB2xTCGZr8SQQE6E%2BuNMi2XbuRsri%2BdMKT%2Bpy8K%2FnAaMW4ktGJg%2Ba63nDhX7qD"}],"group":"cf-nel","max_age":604800}', 'NEL': '{"success_fraction":0,"report_to":"cf-nel","max_age":604800}', 'Server': 'cloudflare', 'CF-RAY': '88acd2744e0e61cc-ORD', 'alt-svc': 'h3=":443"; ma=86400'} 
 body={"results":[{"gender":"male","name":{"title":"Mr","first":"Ryan","last":"Simpson"},"location":{"street":{"number":7336,"name":"St. John’S Road"},"city":"Newcastle upon Tyne","state":"Shropshire","country":"United Kingdom","postcode":"MJ5 5BL","coordinates":{"latitude":"-8.3648","longitude":"-129.4135"},"timezone":{"offset":"-3:00","description":"Brazil, Buenos Aires, Georgetown"}},"email":"ryan.simpson@example.com","login":{"uuid":"dd5bc8c1-3ace-4434-a36d-ab98fd6e9088","username":"greensnake663","password":"cannabis","salt":"lMX4totQ","md5":"88d1b94c4bab4ad026373b06ef87efba","sha1":"19a322fbb6488f19d3522d0473e545ab427dfe4a","sha256":"e0e3f196d65b4a79bb24f38020e88ad1bde8985affcffd2c60e3034d7bdbddfe"},"dob":{"date":"1986-10-01T14:01:53.430Z","age":37},"registered":{"date":"2014-04-25T23:02:12.344Z","age":10},"phone":"017684 93140","cell":"07168 089892","id":{"name":"NINO","value":"XX 93 76 28 I"},"picture":{"large":"https://randomuser.me/api/portraits/men/50.jpg","medium":"https://randomuser.me/api/portraits/med/men/50.jpg","thumbnail":"https://randomuser.me/api/portraits/thumb/men/50.jpg"},"nat":"GB"}],"info":{"seed":"497a55f2560b5da1","results":1,"page":1,"version":"1.4"}} 
 </msg>
<msg time="2024-05-28T08:19:51.169800" level="INFO">/opt/hostedtoolcache/Python/3.12.3/x64/lib/python3.12/site-packages/urllib3/connectionpool.py:1103: InsecureRequestWarning: Unverified HTTPS request is being made to host 'randomuser.me'. Adding certificate verification is strongly advised. See: https://urllib3.readthedocs.io/en/latest/advanced-usage.html#tls-warnings
  warnings.warn(</msg>
<msg time="2024-05-28T08:19:51.169928" level="INFO">${response} = &lt;Response [200]&gt;</msg>
<var>${response}</var>
<arg>consultarAPI</arg>
<arg>/api</arg>
<doc>Sends a GET request on a previously created HTTP Session.</doc>
<status status="PASS" start="2024-05-28T08:19:51.078345" elapsed="0.091619"/>
</kw>
<kw name="Set Variable" owner="BuiltIn">
<msg time="2024-05-28T08:19:51.171028" level="INFO">${json_data} = {'results': [{'gender': 'male', 'name': {'title': 'Mr', 'first': 'Ryan', 'last': 'Simpson'}, 'location': {'street': {'number': 7336, 'name': 'St. John’S Road'}, 'city': 'Newcastle upon Tyne', 'state':...</msg>
<var>${json_data}</var>
<arg>${response.json()}</arg>
<doc>Returns the given values which can then be assigned to a variables.</doc>
<status status="PASS" start="2024-05-28T08:19:51.170492" elapsed="0.000569"/>
</kw>
<kw name="Log" owner="BuiltIn">
<msg time="2024-05-28T08:19:51.171548" level="INFO">{'results': [{'gender': 'male', 'name': {'title': 'Mr', 'first': 'Ryan', 'last': 'Simpson'}, 'location': {'street': {'number': 7336, 'name': 'St. John’S Road'}, 'city': 'Newcastle upon Tyne', 'state': 'Shropshire', 'country': 'United Kingdom', 'postcode': 'MJ5 5BL', 'coordinates': {'latitude': '-8.3648', 'longitude': '-129.4135'}, 'timezone': {'offset': '-3:00', 'description': 'Brazil, Buenos Aires, Georgetown'}}, 'email': 'ryan.simpson@example.com', 'login': {'uuid': 'dd5bc8c1-3ace-4434-a36d-ab98fd6e9088', 'username': 'greensnake663', 'password': 'cannabis', 'salt': 'lMX4totQ', 'md5': '88d1b94c4bab4ad026373b06ef87efba', 'sha1': '19a322fbb6488f19d3522d0473e545ab427dfe4a', 'sha256': 'e0e3f196d65b4a79bb24f38020e88ad1bde8985affcffd2c60e3034d7bdbddfe'}, 'dob': {'date': '1986-10-01T14:01:53.430Z', 'age': 37}, 'registered': {'date': '2014-04-25T23:02:12.344Z', 'age': 10}, 'phone': '017684 93140', 'cell': '07168 089892', 'id': {'name': 'NINO', 'value': 'XX 93 76 28 I'}, 'picture': {'large': 'https://randomuser.me/api/portraits/men/50.jpg', 'medium': 'https://randomuser.me/api/portraits/med/men/50.jpg', 'thumbnail': 'https://randomuser.me/api/portraits/thumb/men/50.jpg'}, 'nat': 'GB'}], 'info': {'seed': '497a55f2560b5da1', 'results': 1, 'page': 1, 'version': '1.4'}}</msg>
<arg>${json_data}</arg>
<doc>Logs the given message with the given level.</doc>
<status status="PASS" start="2024-05-28T08:19:51.171384" elapsed="0.000227"/>
</kw>
<kw name="Dictionary Should Contain Key" owner="Collections">
<msg time="2024-05-28T08:19:51.172079" level="INFO">False</msg>
<arg>${json_data}</arg>
<arg>results</arg>
<doc>Fails if ``key`` is not found from ``dictionary``.</doc>
<status status="PASS" start="2024-05-28T08:19:51.171917" elapsed="0.000199"/>
</kw>
<kw name="Should Not Be Empty" owner="BuiltIn">
<msg time="2024-05-28T08:19:51.172541" level="INFO">Length is 2.</msg>
<arg>${json_data}</arg>
<doc>Verifies that the given item is not empty.</doc>
<status status="PASS" start="2024-05-28T08:19:51.172410" elapsed="0.000177"/>
</kw>
<kw name="Create List" owner="BuiltIn">
<msg time="2024-05-28T08:19:51.173027" level="INFO">${expected_keys} = ['gender', 'name', 'location', 'email', 'login']</msg>
<var>${expected_keys}</var>
<arg>gender</arg>
<arg>name</arg>
<arg>location</arg>
<arg>email</arg>
<arg>login</arg>
<doc>Returns a list containing given items.</doc>
<status status="PASS" start="2024-05-28T08:19:51.172873" elapsed="0.000177"/>
</kw>
<for flavor="IN">
<iter>
<kw name="Dictionary Should Contain Key" owner="Collections">
<msg time="2024-05-28T08:19:51.174110" level="INFO">False</msg>
<arg>${json_data['results'][0]}</arg>
<arg>${key}</arg>
<doc>Fails if ``key`` is not found from ``dictionary``.</doc>
<status status="PASS" start="2024-05-28T08:19:51.173660" elapsed="0.000490"/>
</kw>
<kw name="Log" owner="BuiltIn">
<msg time="2024-05-28T08:19:51.174822" level="INFO">{'gender': 'male', 'name': {'title': 'Mr', 'first': 'Ryan', 'last': 'Simpson'}, 'location': {'street': {'number': 7336, 'name': 'St. John’S Road'}, 'city': 'Newcastle upon Tyne', 'state': 'Shropshire', 'country': 'United Kingdom', 'postcode': 'MJ5 5BL', 'coordinates': {'latitude': '-8.3648', 'longitude': '-129.4135'}, 'timezone': {'offset': '-3:00', 'description': 'Brazil, Buenos Aires, Georgetown'}}, 'email': 'ryan.simpson@example.com', 'login': {'uuid': 'dd5bc8c1-3ace-4434-a36d-ab98fd6e9088', 'username': 'greensnake663', 'password': 'cannabis', 'salt': 'lMX4totQ', 'md5': '88d1b94c4bab4ad026373b06ef87efba', 'sha1': '19a322fbb6488f19d3522d0473e545ab427dfe4a', 'sha256': 'e0e3f196d65b4a79bb24f38020e88ad1bde8985affcffd2c60e3034d7bdbddfe'}, 'dob': {'date': '1986-10-01T14:01:53.430Z', 'age': 37}, 'registered': {'date': '2014-04-25T23:02:12.344Z', 'age': 10}, 'phone': '017684 93140', 'cell': '07168 089892', 'id': {'name': 'NINO', 'value': 'XX 93 76 28 I'}, 'picture': {'large': 'https://randomuser.me/api/portraits/men/50.jpg', 'medium': 'https://randomuser.me/api/portraits/med/men/50.jpg', 'thumbnail': 'https://randomuser.me/api/portraits/thumb/men/50.jpg'}, 'nat': 'GB'}</msg>
<arg>${json_data['results'][0]}</arg>
<doc>Logs the given message with the given level.</doc>
<status status="PASS" start="2024-05-28T08:19:51.174454" elapsed="0.000421"/>
</kw>
<kw name="Log" owner="BuiltIn">
<msg time="2024-05-28T08:19:51.175311" level="INFO">gender</msg>
<arg>${key}</arg>
<doc>Logs the given message with the given level.</doc>
<status status="PASS" start="2024-05-28T08:19:51.175181" elapsed="0.000168"/>
</kw>
<var name="${key}">gender</var>
<status status="PASS" start="2024-05-28T08:19:51.173530" elapsed="0.002037"/>
</iter>
<iter>
<kw name="Dictionary Should Contain Key" owner="Collections">
<msg time="2024-05-28T08:19:51.176266" level="INFO">False</msg>
<arg>${json_data['results'][0]}</arg>
<arg>${key}</arg>
<doc>Fails if ``key`` is not found from ``dictionary``.</doc>
<status status="PASS" start="2024-05-28T08:19:51.175876" elapsed="0.000460"/>
</kw>
<kw name="Log" owner="BuiltIn">
<msg time="2024-05-28T08:19:51.177000" level="INFO">{'gender': 'male', 'name': {'title': 'Mr', 'first': 'Ryan', 'last': 'Simpson'}, 'location': {'street': {'number': 7336, 'name': 'St. John’S Road'}, 'city': 'Newcastle upon Tyne', 'state': 'Shropshire', 'country': 'United Kingdom', 'postcode': 'MJ5 5BL', 'coordinates': {'latitude': '-8.3648', 'longitude': '-129.4135'}, 'timezone': {'offset': '-3:00', 'description': 'Brazil, Buenos Aires, Georgetown'}}, 'email': 'ryan.simpson@example.com', 'login': {'uuid': 'dd5bc8c1-3ace-4434-a36d-ab98fd6e9088', 'username': 'greensnake663', 'password': 'cannabis', 'salt': 'lMX4totQ', 'md5': '88d1b94c4bab4ad026373b06ef87efba', 'sha1': '19a322fbb6488f19d3522d0473e545ab427dfe4a', 'sha256': 'e0e3f196d65b4a79bb24f38020e88ad1bde8985affcffd2c60e3034d7bdbddfe'}, 'dob': {'date': '1986-10-01T14:01:53.430Z', 'age': 37}, 'registered': {'date': '2014-04-25T23:02:12.344Z', 'age': 10}, 'phone': '017684 93140', 'cell': '07168 089892', 'id': {'name': 'NINO', 'value': 'XX 93 76 28 I'}, 'picture': {'large': 'https://randomuser.me/api/portraits/men/50.jpg', 'medium': 'https://randomuser.me/api/portraits/med/men/50.jpg', 'thumbnail': 'https://randomuser.me/api/portraits/thumb/men/50.jpg'}, 'nat': 'GB'}</msg>
<arg>${json_data['results'][0]}</arg>
<doc>Logs the given message with the given level.</doc>
<status status="PASS" start="2024-05-28T08:19:51.176638" elapsed="0.000413"/>
</kw>
<kw name="Log" owner="BuiltIn">
<msg time="2024-05-28T08:19:51.177484" level="INFO">name</msg>
<arg>${key}</arg>
<doc>Logs the given message with the given level.</doc>
<status status="PASS" start="2024-05-28T08:19:51.177356" elapsed="0.000165"/>
</kw>
<var name="${key}">name</var>
<status status="PASS" start="2024-05-28T08:19:51.175758" elapsed="0.002003"/>
</iter>
<iter>
<kw name="Dictionary Should Contain Key" owner="Collections">
<msg time="2024-05-28T08:19:51.178430" level="INFO">False</msg>
<arg>${json_data['results'][0]}</arg>
<arg>${key}</arg>
<doc>Fails if ``key`` is not found from ``dictionary``.</doc>
<status status="PASS" start="2024-05-28T08:19:51.178059" elapsed="0.000408"/>
</kw>
<kw name="Log" owner="BuiltIn">
<msg time="2024-05-28T08:19:51.179131" level="INFO">{'gender': 'male', 'name': {'title': 'Mr', 'first': 'Ryan', 'last': 'Simpson'}, 'location': {'street': {'number': 7336, 'name': 'St. John’S Road'}, 'city': 'Newcastle upon Tyne', 'state': 'Shropshire', 'country': 'United Kingdom', 'postcode': 'MJ5 5BL', 'coordinates': {'latitude': '-8.3648', 'longitude': '-129.4135'}, 'timezone': {'offset': '-3:00', 'description': 'Brazil, Buenos Aires, Georgetown'}}, 'email': 'ryan.simpson@example.com', 'login': {'uuid': 'dd5bc8c1-3ace-4434-a36d-ab98fd6e9088', 'username': 'greensnake663', 'password': 'cannabis', 'salt': 'lMX4totQ', 'md5': '88d1b94c4bab4ad026373b06ef87efba', 'sha1': '19a322fbb6488f19d3522d0473e545ab427dfe4a', 'sha256': 'e0e3f196d65b4a79bb24f38020e88ad1bde8985affcffd2c60e3034d7bdbddfe'}, 'dob': {'date': '1986-10-01T14:01:53.430Z', 'age': 37}, 'registered': {'date': '2014-04-25T23:02:12.344Z', 'age': 10}, 'phone': '017684 93140', 'cell': '07168 089892', 'id': {'name': 'NINO', 'value': 'XX 93 76 28 I'}, 'picture': {'large': 'https://randomuser.me/api/portraits/men/50.jpg', 'medium': 'https://randomuser.me/api/portraits/med/men/50.jpg', 'thumbnail': 'https://randomuser.me/api/portraits/thumb/men/50.jpg'}, 'nat': 'GB'}</msg>
<arg>${json_data['results'][0]}</arg>
<doc>Logs the given message with the given level.</doc>
<status status="PASS" start="2024-05-28T08:19:51.178764" elapsed="0.000419"/>
</kw>
<kw name="Log" owner="BuiltIn">
<msg time="2024-05-28T08:19:51.179613" level="INFO">location</msg>
<arg>${key}</arg>
<doc>Logs the given message with the given level.</doc>
<status status="PASS" start="2024-05-28T08:19:51.179487" elapsed="0.000162"/>
</kw>
<var name="${key}">location</var>
<status status="PASS" start="2024-05-28T08:19:51.177945" elapsed="0.001915"/>
</iter>
<iter>
<kw name="Dictionary Should Contain Key" owner="Collections">
<msg time="2024-05-28T08:19:51.180659" level="INFO">False</msg>
<arg>${json_data['results'][0]}</arg>
<arg>${key}</arg>
<doc>Fails if ``key`` is not found from ``dictionary``.</doc>
<status status="PASS" start="2024-05-28T08:19:51.180167" elapsed="0.000529"/>
</kw>
<kw name="Log" owner="BuiltIn">
<msg time="2024-05-28T08:19:51.181356" level="INFO">{'gender': 'male', 'name': {'title': 'Mr', 'first': 'Ryan', 'last': 'Simpson'}, 'location': {'street': {'number': 7336, 'name': 'St. John’S Road'}, 'city': 'Newcastle upon Tyne', 'state': 'Shropshire', 'country': 'United Kingdom', 'postcode': 'MJ5 5BL', 'coordinates': {'latitude': '-8.3648', 'longitude': '-129.4135'}, 'timezone': {'offset': '-3:00', 'description': 'Brazil, Buenos Aires, Georgetown'}}, 'email': 'ryan.simpson@example.com', 'login': {'uuid': 'dd5bc8c1-3ace-4434-a36d-ab98fd6e9088', 'username': 'greensnake663', 'password': 'cannabis', 'salt': 'lMX4totQ', 'md5': '88d1b94c4bab4ad026373b06ef87efba', 'sha1': '19a322fbb6488f19d3522d0473e545ab427dfe4a', 'sha256': 'e0e3f196d65b4a79bb24f38020e88ad1bde8985affcffd2c60e3034d7bdbddfe'}, 'dob': {'date': '1986-10-01T14:01:53.430Z', 'age': 37}, 'registered': {'date': '2014-04-25T23:02:12.344Z', 'age': 10}, 'phone': '017684 93140', 'cell': '07168 089892', 'id': {'name': 'NINO', 'value': 'XX 93 76 28 I'}, 'picture': {'large': 'https://randomuser.me/api/portraits/men/50.jpg', 'medium': 'https://randomuser.me/api/portraits/med/men/50.jpg', 'thumbnail': 'https://randomuser.me/api/portraits/thumb/men/50.jpg'}, 'nat': 'GB'}</msg>
<arg>${json_data['results'][0]}</arg>
<doc>Logs the given message with the given level.</doc>
<status status="PASS" start="2024-05-28T08:19:51.180991" elapsed="0.000415"/>
</kw>
<kw name="Log" owner="BuiltIn">
<msg time="2024-05-28T08:19:51.181884" level="INFO">email</msg>
<arg>${key}</arg>
<doc>Logs the given message with the given level.</doc>
<status status="PASS" start="2024-05-28T08:19:51.181714" elapsed="0.000206"/>
</kw>
<var name="${key}">email</var>
<status status="PASS" start="2024-05-28T08:19:51.180031" elapsed="0.002104"/>
</iter>
<iter>
<kw name="Dictionary Should Contain Key" owner="Collections">
<msg time="2024-05-28T08:19:51.182822" level="INFO">False</msg>
<arg>${json_data['results'][0]}</arg>
<arg>${key}</arg>
<doc>Fails if ``key`` is not found from ``dictionary``.</doc>
<status status="PASS" start="2024-05-28T08:19:51.182442" elapsed="0.000416"/>
</kw>
<kw name="Log" owner="BuiltIn">
<msg time="2024-05-28T08:19:51.183509" level="INFO">{'gender': 'male', 'name': {'title': 'Mr', 'first': 'Ryan', 'last': 'Simpson'}, 'location': {'street': {'number': 7336, 'name': 'St. John’S Road'}, 'city': 'Newcastle upon Tyne', 'state': 'Shropshire', 'country': 'United Kingdom', 'postcode': 'MJ5 5BL', 'coordinates': {'latitude': '-8.3648', 'longitude': '-129.4135'}, 'timezone': {'offset': '-3:00', 'description': 'Brazil, Buenos Aires, Georgetown'}}, 'email': 'ryan.simpson@example.com', 'login': {'uuid': 'dd5bc8c1-3ace-4434-a36d-ab98fd6e9088', 'username': 'greensnake663', 'password': 'cannabis', 'salt': 'lMX4totQ', 'md5': '88d1b94c4bab4ad026373b06ef87efba', 'sha1': '19a322fbb6488f19d3522d0473e545ab427dfe4a', 'sha256': 'e0e3f196d65b4a79bb24f38020e88ad1bde8985affcffd2c60e3034d7bdbddfe'}, 'dob': {'date': '1986-10-01T14:01:53.430Z', 'age': 37}, 'registered': {'date': '2014-04-25T23:02:12.344Z', 'age': 10}, 'phone': '017684 93140', 'cell': '07168 089892', 'id': {'name': 'NINO', 'value': 'XX 93 76 28 I'}, 'picture': {'large': 'https://randomuser.me/api/portraits/men/50.jpg', 'medium': 'https://randomuser.me/api/portraits/med/men/50.jpg', 'thumbnail': 'https://randomuser.me/api/portraits/thumb/men/50.jpg'}, 'nat': 'GB'}</msg>
<arg>${json_data['results'][0]}</arg>
<doc>Logs the given message with the given level.</doc>
<status status="PASS" start="2024-05-28T08:19:51.183151" elapsed="0.000408"/>
</kw>
<kw name="Log" owner="BuiltIn">
<msg time="2024-05-28T08:19:51.183984" level="INFO">login</msg>
<arg>${key}</arg>
<doc>Logs the given message with the given level.</doc>
<status status="PASS" start="2024-05-28T08:19:51.183857" elapsed="0.000206"/>
</kw>
<var name="${key}">login</var>
<status status="PASS" start="2024-05-28T08:19:51.182324" elapsed="0.001959"/>
</iter>
<var>${key}</var>
<value>@{expected_keys}</value>
<status status="PASS" start="2024-05-28T08:19:51.173324" elapsed="0.011078"/>
</for>
<kw name="Create List" owner="BuiltIn">
<msg time="2024-05-28T08:19:51.184753" level="INFO">${expected_keysTwo} = ['username', 'password']</msg>
<var>${expected_keysTwo}</var>
<arg>username</arg>
<arg>password</arg>
<doc>Returns a list containing given items.</doc>
<status status="PASS" start="2024-05-28T08:19:51.184616" elapsed="0.000161"/>
</kw>
<for flavor="IN">
<iter>
<kw name="Dictionary Should Contain Key" owner="Collections">
<msg time="2024-05-28T08:19:51.185666" level="INFO">False</msg>
<arg>${json_data['results'][0]['login']}</arg>
<arg>${keyTwo}</arg>
<doc>Fails if ``key`` is not found from ``dictionary``.</doc>
<status status="PASS" start="2024-05-28T08:19:51.185275" elapsed="0.000429"/>
</kw>
<kw name="Dictionary Should Contain Key" owner="Collections">
<msg time="2024-05-28T08:19:51.186422" level="INFO">False</msg>
<arg>${json_data['results'][0]['login']}</arg>
<arg>${keyTwo}</arg>
<doc>Fails if ``key`` is not found from ``dictionary``.</doc>
<status status="PASS" start="2024-05-28T08:19:51.186041" elapsed="0.000418"/>
</kw>
<kw name="Log" owner="BuiltIn">
<msg time="2024-05-28T08:19:51.186897" level="INFO">username</msg>
<arg>${keyTwo}</arg>
<doc>Logs the given message with the given level.</doc>
<status status="PASS" start="2024-05-28T08:19:51.186762" elapsed="0.000172"/>
</kw>
<var name="${keyTwo}">username</var>
<status status="PASS" start="2024-05-28T08:19:51.185167" elapsed="0.001988"/>
</iter>
<iter>
<kw name="Dictionary Should Contain Key" owner="Collections">
<msg time="2024-05-28T08:19:51.187829" level="INFO">False</msg>
<arg>${json_data['results'][0]['login']}</arg>
<arg>${keyTwo}</arg>
<doc>Fails if ``key`` is not found from ``dictionary``.</doc>
<status status="PASS" start="2024-05-28T08:19:51.187448" elapsed="0.000419"/>
</kw>
<kw name="Dictionary Should Contain Key" owner="Collections">
<msg time="2024-05-28T08:19:51.188551" level="INFO">False</msg>
<arg>${json_data['results'][0]['login']}</arg>
<arg>${keyTwo}</arg>
<doc>Fails if ``key`` is not found from ``dictionary``.</doc>
<status status="PASS" start="2024-05-28T08:19:51.188162" elapsed="0.000425"/>
</kw>
<kw name="Log" owner="BuiltIn">
<msg time="2024-05-28T08:19:51.189017" level="INFO">password</msg>
<arg>${keyTwo}</arg>
<doc>Logs the given message with the given level.</doc>
<status status="PASS" start="2024-05-28T08:19:51.188887" elapsed="0.000168"/>
</kw>
<var name="${keyTwo}">password</var>
<status status="PASS" start="2024-05-28T08:19:51.187332" elapsed="0.001936"/>
</iter>
<var>${keyTwo}</var>
<value>@{expected_keysTwo}</value>
<status status="PASS" start="2024-05-28T08:19:51.185013" elapsed="0.004378"/>
</for>
<status status="PASS" start="2024-05-28T08:19:51.078087" elapsed="0.111448"/>
</kw>
<doc>Testa a estrutura da resposta da API.</doc>
<tag>testeEstruturaResposta</tag>
<status status="PASS" start="2024-05-28T08:19:51.077426" elapsed="0.112269"/>
</test>
<test id="s1-s1-t4" name="Validar tipos de dados" line="28">
<kw name="Teste de Tipos de Dados" owner="random-user-service">
<kw name="GET On Session" owner="RequestsLibrary">
<msg time="2024-05-28T08:19:51.269230" level="INFO">GET Request : url=https://randomuser.me/api 
 path_url=/api 
 headers={'User-Agent': 'python-requests/2.32.2', 'Accept-Encoding': 'gzip, deflate', 'Accept': '*/*', 'Connection': 'keep-alive'} 
 body=None 
 </msg>
<msg time="2024-05-28T08:19:51.269329" level="INFO">GET Response : url=https://randomuser.me/api 
 status=200, reason=OK 
 headers={'Date': 'Tue, 28 May 2024 08:19:51 GMT', 'Content-Type': 'application/json; charset=utf-8', 'Transfer-Encoding': 'chunked', 'Connection': 'keep-alive', 'X-Powered-By': 'Express', 'Access-Control-Allow-Origin': '*', 'Cache-Control': 'no-cache', 'ETag': 'W/"485-9gkkeA2VLy6w/YlU3Uy8M8nZWvA"', 'Vary': 'Accept-Encoding', 'Content-Encoding': 'gzip', 'CF-Cache-Status': 'DYNAMIC', 'Report-To': '{"endpoints":[{"url":"https:\\/\\/a.nel.cloudflare.com\\/report\\/v4?s=zaYTswAV%2FNadYRv1ByjJHxm5KSrf7WP7ltfZka%2BDz1Jkr00D13nljZD4%2Fdm6LWfYU%2BZ7WEkPlec5P%2FDuadtQvdPt8HSgQP2Mnp2SpLpXMp2CX3%2F9k3AlIAknJNUwTRLp"}],"group":"cf-nel","max_age":604800}', 'NEL': '{"success_fraction":0,"report_to":"cf-nel","max_age":604800}', 'Server': 'cloudflare', 'CF-RAY': '88acd274fe4961cc-ORD', 'alt-svc': 'h3=":443"; ma=86400'} 
 body={"results":[{"gender":"female","name":{"title":"Mrs","first":"Bharathy","last":"Nand"},"location":{"street":{"number":867,"name":"Altamount Rd"},"city":"Purnia","state":"Tamil Nadu","country":"India","postcode":42699,"coordinates":{"latitude":"5.9379","longitude":"173.9918"},"timezone":{"offset":"+7:00","description":"Bangkok, Hanoi, Jakarta"}},"email":"bharathy.nand@example.com","login":{"uuid":"298d10be-5586-4b5d-9285-7a852c1e09c8","username":"greenladybug716","password":"krusty","salt":"uFASw2vk","md5":"8f3d18bd8246a2dd406c6ada71c0e6ab","sha1":"3a336965afdbc9404c2bd0167876cdd4c801629d","sha256":"48a65749b585a9df2ccbb7365dff3136108fb723f1cf099e94e14f8d0020bade"},"dob":{"date":"1975-01-07T10:39:52.708Z","age":49},"registered":{"date":"2009-08-18T21:17:50.234Z","age":14},"phone":"9090575156","cell":"8125306289","id":{"name":"UIDAI","value":"656885689715"},"picture":{"large":"https://randomuser.me/api/portraits/women/15.jpg","medium":"https://randomuser.me/api/portraits/med/women/15.jpg","thumbnail":"https://randomuser.me/api/portraits/thumb/women/15.jpg"},"nat":"IN"}],"info":{"seed":"ecea0b3f003868ed","results":1,"page":1,"version":"1.4"}} 
 </msg>
<msg time="2024-05-28T08:19:51.269398" level="INFO">/opt/hostedtoolcache/Python/3.12.3/x64/lib/python3.12/site-packages/urllib3/connectionpool.py:1103: InsecureRequestWarning: Unverified HTTPS request is being made to host 'randomuser.me'. Adding certificate verification is strongly advised. See: https://urllib3.readthedocs.io/en/latest/advanced-usage.html#tls-warnings
  warnings.warn(</msg>
<msg time="2024-05-28T08:19:51.269539" level="INFO">${response} = &lt;Response [200]&gt;</msg>
<var>${response}</var>
<arg>consultarAPI</arg>
<arg>/api</arg>
<doc>Sends a GET request on a previously created HTTP Session.</doc>
<status status="PASS" start="2024-05-28T08:19:51.192361" elapsed="0.077218"/>
</kw>
<kw name="Set Variable" owner="BuiltIn">
<msg time="2024-05-28T08:19:51.270842" level="INFO">${json_data} = {'results': [{'gender': 'female', 'name': {'title': 'Mrs', 'first': 'Bharathy', 'last': 'Nand'}, 'location': {'street': {'number': 867, 'name': 'Altamount Rd'}, 'city': 'Purnia', 'state': 'Tamil Nadu'...</msg>
<var>${json_data}</var>
<arg>${response.json()}</arg>
<doc>Returns the given values which can then be assigned to a variables.</doc>
<status status="PASS" start="2024-05-28T08:19:51.270283" elapsed="0.000588"/>
</kw>
<kw name="Log" owner="BuiltIn">
<msg time="2024-05-28T08:19:51.271339" level="INFO">{'results': [{'gender': 'female', 'name': {'title': 'Mrs', 'first': 'Bharathy', 'last': 'Nand'}, 'location': {'street': {'number': 867, 'name': 'Altamount Rd'}, 'city': 'Purnia', 'state': 'Tamil Nadu', 'country': 'India', 'postcode': 42699, 'coordinates': {'latitude': '5.9379', 'longitude': '173.9918'}, 'timezone': {'offset': '+7:00', 'description': 'Bangkok, Hanoi, Jakarta'}}, 'email': 'bharathy.nand@example.com', 'login': {'uuid': '298d10be-5586-4b5d-9285-7a852c1e09c8', 'username': 'greenladybug716', 'password': 'krusty', 'salt': 'uFASw2vk', 'md5': '8f3d18bd8246a2dd406c6ada71c0e6ab', 'sha1': '3a336965afdbc9404c2bd0167876cdd4c801629d', 'sha256': '48a65749b585a9df2ccbb7365dff3136108fb723f1cf099e94e14f8d0020bade'}, 'dob': {'date': '1975-01-07T10:39:52.708Z', 'age': 49}, 'registered': {'date': '2009-08-18T21:17:50.234Z', 'age': 14}, 'phone': '9090575156', 'cell': '8125306289', 'id': {'name': 'UIDAI', 'value': '656885689715'}, 'picture': {'large': 'https://randomuser.me/api/portraits/women/15.jpg', 'medium': 'https://randomuser.me/api/portraits/med/women/15.jpg', 'thumbnail': 'https://randomuser.me/api/portraits/thumb/women/15.jpg'}, 'nat': 'IN'}], 'info': {'seed': 'ecea0b3f003868ed', 'results': 1, 'page': 1, 'version': '1.4'}}</msg>
<arg>${json_data}</arg>
<doc>Logs the given message with the given level.</doc>
<status status="PASS" start="2024-05-28T08:19:51.271184" elapsed="0.000239"/>
</kw>
<kw name="Should Be String" owner="String">
<arg>${json_data['results'][0]['gender']}</arg>
<doc>Fails if the given ``item`` is not a string.</doc>
<status status="PASS" start="2024-05-28T08:19:51.271720" elapsed="0.000394"/>
</kw>
<kw name="Should Match Regexp" owner="BuiltIn">
<arg>${json_data['results'][0]['email']}</arg>
<arg>^[a-zA-Z0-9._%+-]+@[a-zA-Z0-9.-]+\.[a-zA-Z]{2,}$</arg>
<doc>Fails if ``string`` does not match ``pattern`` as a regular expression.</doc>
<status status="PASS" start="2024-05-28T08:19:51.272308" elapsed="0.000668"/>
</kw>
<kw name="Should Match Regexp" owner="BuiltIn">
<arg>${json_data['results'][0]['dob']['date']}</arg>
<arg>\\d{4}-\\d{2}-\\d{2}T\\d{2}:\\d{2}:\\d{2}\\.\\d{3}Z</arg>
<doc>Fails if ``string`` does not match ``pattern`` as a regular expression.</doc>
<status status="PASS" start="2024-05-28T08:19:51.273174" elapsed="0.000479"/>
</kw>
<kw name="Should Match Regexp" owner="BuiltIn">
<arg>${json_data['results'][0]['registered']['date']}</arg>
<arg>\\d{4}-\\d{2}-\\d{2}T\\d{2}:\\d{2}:\\d{2}\\.\\d{3}Z</arg>
<doc>Fails if ``string`` does not match ``pattern`` as a regular expression.</doc>
<status status="PASS" start="2024-05-28T08:19:51.273898" elapsed="0.000375"/>
</kw>
<kw name="Should Match Regexp" owner="BuiltIn">
<arg>${json_data['results'][0]['picture']['large']}</arg>
<arg>^https?://.*\.(?:png|jpe?g|gif|bmp)$</arg>
<doc>Fails if ``string`` does not match ``pattern`` as a regular expression.</doc>
<status status="PASS" start="2024-05-28T08:19:51.274470" elapsed="0.000462"/>
</kw>
<kw name="Should Match Regexp" owner="BuiltIn">
<arg>${json_data['results'][0]['picture']['medium']}</arg>
<arg>^https?://.*\.(?:png|jpe?g|gif|bmp)$</arg>
<doc>Fails if ``string`` does not match ``pattern`` as a regular expression.</doc>
<status status="PASS" start="2024-05-28T08:19:51.275122" elapsed="0.000354"/>
</kw>
<kw name="Should Match Regexp" owner="BuiltIn">
<arg>${json_data['results'][0]['picture']['thumbnail']}</arg>
<arg>^https?://.*\.(?:png|jpe?g|gif|bmp)$</arg>
<doc>Fails if ``string`` does not match ``pattern`` as a regular expression.</doc>
<status status="PASS" start="2024-05-28T08:19:51.275662" elapsed="0.000345"/>
</kw>
<kw name="Log" owner="BuiltIn">
<msg time="2024-05-28T08:19:51.276524" level="INFO">{'large': 'https://randomuser.me/api/portraits/women/15.jpg', 'medium': 'https://randomuser.me/api/portraits/med/women/15.jpg', 'thumbnail': 'https://randomuser.me/api/portraits/thumb/women/15.jpg'}</msg>
<arg>${json_data['results'][0]['picture']}</arg>
<doc>Logs the given message with the given level.</doc>
<status status="PASS" start="2024-05-28T08:19:51.276192" elapsed="0.000374"/>
</kw>
<status status="PASS" start="2024-05-28T08:19:51.192120" elapsed="0.084705"/>
</kw>
<kw name="Teste de Tipos de Dados - Postcode" owner="random-user-service">
<kw name="GET On Session" owner="RequestsLibrary">
<msg time="2024-05-28T08:19:51.370354" level="INFO">GET Request : url=https://randomuser.me/api 
 path_url=/api 
 headers={'User-Agent': 'python-requests/2.32.2', 'Accept-Encoding': 'gzip, deflate', 'Accept': '*/*', 'Connection': 'keep-alive'} 
 body=None 
 </msg>
<msg time="2024-05-28T08:19:51.370453" level="INFO">GET Response : url=https://randomuser.me/api 
 status=200, reason=OK 
 headers={'Date': 'Tue, 28 May 2024 08:19:51 GMT', 'Content-Type': 'application/json; charset=utf-8', 'Transfer-Encoding': 'chunked', 'Connection': 'keep-alive', 'X-Powered-By': 'Express', 'Access-Control-Allow-Origin': '*', 'Cache-Control': 'no-cache', 'ETag': 'W/"496-+xZel8mwP6+wPJIm8lfHIJXV3z4"', 'Vary': 'Accept-Encoding', 'Content-Encoding': 'gzip', 'CF-Cache-Status': 'DYNAMIC', 'Report-To': '{"endpoints":[{"url":"https:\\/\\/a.nel.cloudflare.com\\/report\\/v4?s=gSWXbR6y4s9Y%2BPwQlqOb8AiN7SyKR1BDGWVfsdu%2B1hvh5VwQkiVyVxI7F4x2GRlgRxKyU%2BVf94twZcsXhBNR1a%2FdNxZxJGKsHm9bhHrdilu933QtBXFM6%2BvChjCtMrMD"}],"group":"cf-nel","max_age":604800}', 'NEL': '{"success_fraction":0,"report_to":"cf-nel","max_age":604800}', 'Server': 'cloudflare', 'CF-RAY': '88acd2758e7761cc-ORD', 'alt-svc': 'h3=":443"; ma=86400'} 
 body={"results":[{"gender":"male","name":{"title":"Mr","first":"Abdullah","last":"Knudsen"},"location":{"street":{"number":3850,"name":"Riflegata"},"city":"Ytre Enebakk","state":"Møre og Romsdal","country":"Norway","postcode":"9299","coordinates":{"latitude":"46.7154","longitude":"-131.7642"},"timezone":{"offset":"+1:00","description":"Brussels, Copenhagen, Madrid, Paris"}},"email":"abdullah.knudsen@example.com","login":{"uuid":"0676bf61-fd24-4ecb-a098-ac671bc951d4","username":"organicleopard670","password":"635241","salt":"01ir5YRP","md5":"60cecbd68cefd7b1e49aab9e59b5269d","sha1":"d7a73abaed27d74775dfeec2eee049a821867332","sha256":"7095988c629272feaf87cf40edbf302873a40fef8f1d8ac16fc42843c6ff8c42"},"dob":{"date":"1990-09-12T06:43:57.382Z","age":33},"registered":{"date":"2010-09-03T12:51:04.869Z","age":13},"phone":"26753083","cell":"45479150","id":{"name":"FN","value":"12099030354"},"picture":{"large":"https://randomuser.me/api/portraits/men/49.jpg","medium":"https://randomuser.me/api/portraits/med/men/49.jpg","thumbnail":"https://randomuser.me/api/portraits/thumb/men/49.jpg"},"nat":"NO"}],"info":{"seed":"743e6937842806d6","results":1,"page":1,"version":"1.4"}} 
 </msg>
<msg time="2024-05-28T08:19:51.370523" level="INFO">/opt/hostedtoolcache/Python/3.12.3/x64/lib/python3.12/site-packages/urllib3/connectionpool.py:1103: InsecureRequestWarning: Unverified HTTPS request is being made to host 'randomuser.me'. Adding certificate verification is strongly advised. See: https://urllib3.readthedocs.io/en/latest/advanced-usage.html#tls-warnings
  warnings.warn(</msg>
<msg time="2024-05-28T08:19:51.370649" level="INFO">${response} = &lt;Response [200]&gt;</msg>
<var>${response}</var>
<arg>consultarAPI</arg>
<arg>/api</arg>
<doc>Sends a GET request on a previously created HTTP Session.</doc>
<status status="PASS" start="2024-05-28T08:19:51.277303" elapsed="0.093385"/>
</kw>
<kw name="Set Variable" owner="BuiltIn">
<msg time="2024-05-28T08:19:51.371900" level="INFO">${json_data} = {'results': [{'gender': 'male', 'name': {'title': 'Mr', 'first': 'Abdullah', 'last': 'Knudsen'}, 'location': {'street': {'number': 3850, 'name': 'Riflegata'}, 'city': 'Ytre Enebakk', 'state': 'Møre og...</msg>
<var>${json_data}</var>
<arg>${response.json()}</arg>
<doc>Returns the given values which can then be assigned to a variables.</doc>
<status status="PASS" start="2024-05-28T08:19:51.371326" elapsed="0.000604"/>
</kw>
<kw name="Log" owner="BuiltIn">
<msg time="2024-05-28T08:19:51.372397" level="INFO">{'results': [{'gender': 'male', 'name': {'title': 'Mr', 'first': 'Abdullah', 'last': 'Knudsen'}, 'location': {'street': {'number': 3850, 'name': 'Riflegata'}, 'city': 'Ytre Enebakk', 'state': 'Møre og Romsdal', 'country': 'Norway', 'postcode': '9299', 'coordinates': {'latitude': '46.7154', 'longitude': '-131.7642'}, 'timezone': {'offset': '+1:00', 'description': 'Brussels, Copenhagen, Madrid, Paris'}}, 'email': 'abdullah.knudsen@example.com', 'login': {'uuid': '0676bf61-fd24-4ecb-a098-ac671bc951d4', 'username': 'organicleopard670', 'password': '635241', 'salt': '01ir5YRP', 'md5': '60cecbd68cefd7b1e49aab9e59b5269d', 'sha1': 'd7a73abaed27d74775dfeec2eee049a821867332', 'sha256': '7095988c629272feaf87cf40edbf302873a40fef8f1d8ac16fc42843c6ff8c42'}, 'dob': {'date': '1990-09-12T06:43:57.382Z', 'age': 33}, 'registered': {'date': '2010-09-03T12:51:04.869Z', 'age': 13}, 'phone': '26753083', 'cell': '45479150', 'id': {'name': 'FN', 'value': '12099030354'}, 'picture': {'large': 'https://randomuser.me/api/portraits/men/49.jpg', 'medium': 'https://randomuser.me/api/portraits/med/men/49.jpg', 'thumbnail': 'https://randomuser.me/api/portraits/thumb/men/49.jpg'}, 'nat': 'NO'}], 'info': {'seed': '743e6937842806d6', 'results': 1, 'page': 1, 'version': '1.4'}}</msg>
<arg>${json_data}</arg>
<doc>Logs the given message with the given level.</doc>
<status status="PASS" start="2024-05-28T08:19:51.372239" elapsed="0.000253"/>
</kw>
<kw name="Should Be Equal As Numbers" owner="BuiltIn">
<arg>${json_data['results'][0]['location']['postcode']}</arg>
<arg>${json_data['results'][0]['location']['postcode']}</arg>
<doc>Fails if objects are unequal after converting them to real numbers.</doc>
<status status="PASS" start="2024-05-28T08:19:51.372799" elapsed="0.000626"/>
</kw>
<kw name="Log" owner="BuiltIn">
<msg time="2024-05-28T08:19:51.374019" level="INFO">9299</msg>
<arg>${json_data['results'][0]['location']['postcode']}</arg>
<doc>Logs the given message with the given level.</doc>
<status status="PASS" start="2024-05-28T08:19:51.373617" elapsed="0.000444"/>
</kw>
<status status="PASS" start="2024-05-28T08:19:51.277055" elapsed="0.097270"/>
</kw>
<doc>Testa se os tipos de dados na resposta da API estão corretos.</doc>
<tag>testeTiposDados</tag>
<status status="PASS" start="2024-05-28T08:19:51.191515" elapsed="0.182982"/>
</test>
<test id="s1-s1-t5" name="Validar conteudo" line="35">
<kw name="Teste de Tipos de Conteudo" owner="random-user-service">
<kw name="GET On Session" owner="RequestsLibrary">
<msg time="2024-05-28T08:19:51.470806" level="INFO">GET Request : url=https://randomuser.me/api 
 path_url=/api 
 headers={'User-Agent': 'python-requests/2.32.2', 'Accept-Encoding': 'gzip, deflate', 'Accept': '*/*', 'Connection': 'keep-alive'} 
 body=None 
 </msg>
<msg time="2024-05-28T08:19:51.470919" level="INFO">GET Response : url=https://randomuser.me/api 
 status=200, reason=OK 
 headers={'Date': 'Tue, 28 May 2024 08:19:51 GMT', 'Content-Type': 'application/json; charset=utf-8', 'Transfer-Encoding': 'chunked', 'Connection': 'keep-alive', 'X-Powered-By': 'Express', 'Access-Control-Allow-Origin': '*', 'Cache-Control': 'no-cache', 'ETag': 'W/"47c-WK4UVpPp11mDxqsANE9EmB5MhFA"', 'Vary': 'Accept-Encoding', 'Content-Encoding': 'gzip', 'CF-Cache-Status': 'DYNAMIC', 'Report-To': '{"endpoints":[{"url":"https:\\/\\/a.nel.cloudflare.com\\/report\\/v4?s=bmY5RnmFJEVF%2FZoIAGla0YLwsRaoChxUJL63ClT96dNJH%2FAqgWNLjen69YTK6FPLPjC%2Bn%2BKgFOZerypfx7EPabiUFMzQuoll1x1EjrE9eH9dJxAZQkjaVCkZJUS7OaGJ"}],"group":"cf-nel","max_age":604800}', 'NEL': '{"success_fraction":0,"report_to":"cf-nel","max_age":604800}', 'Server': 'cloudflare', 'CF-RAY': '88acd2761ea461cc-ORD', 'alt-svc': 'h3=":443"; ma=86400'} 
 body={"results":[{"gender":"male","name":{"title":"Mr","first":"Faraj","last":"Tipparti"},"location":{"street":{"number":4687,"name":"Sao Tome Old Quarter"},"city":"Madanapalle","state":"Lakshadweep","country":"India","postcode":21706,"coordinates":{"latitude":"10.9682","longitude":"-6.7789"},"timezone":{"offset":"-2:00","description":"Mid-Atlantic"}},"email":"faraj.tipparti@example.com","login":{"uuid":"6f67d882-8474-4dee-bc2e-e5708de0ba0c","username":"bluewolf936","password":"seagull","salt":"FqDqZ55T","md5":"a78e8dc154ca1652697b122f3ee28f4e","sha1":"e2c1379bda4e66bb715bf0daef332588d3be4399","sha256":"a82413bd12030c42d99256568a3f9cdc93b2b3b77fd357bf39de3b680a0f95d3"},"dob":{"date":"1963-03-31T07:16:41.513Z","age":61},"registered":{"date":"2011-11-21T11:14:45.227Z","age":12},"phone":"8880760899","cell":"8459286617","id":{"name":"UIDAI","value":"136230272328"},"picture":{"large":"https://randomuser.me/api/portraits/men/2.jpg","medium":"https://randomuser.me/api/portraits/med/men/2.jpg","thumbnail":"https://randomuser.me/api/portraits/thumb/men/2.jpg"},"nat":"IN"}],"info":{"seed":"74c8f25a257c60eb","results":1,"page":1,"version":"1.4"}} 
 </msg>
<msg time="2024-05-28T08:19:51.470999" level="INFO">/opt/hostedtoolcache/Python/3.12.3/x64/lib/python3.12/site-packages/urllib3/connectionpool.py:1103: InsecureRequestWarning: Unverified HTTPS request is being made to host 'randomuser.me'. Adding certificate verification is strongly advised. See: https://urllib3.readthedocs.io/en/latest/advanced-usage.html#tls-warnings
  warnings.warn(</msg>
<msg time="2024-05-28T08:19:51.471189" level="INFO">${response} = &lt;Response [200]&gt;</msg>
<var>${response}</var>
<arg>consultarAPI</arg>
<arg>/api</arg>
<doc>Sends a GET request on a previously created HTTP Session.</doc>
<status status="PASS" start="2024-05-28T08:19:51.377107" elapsed="0.094131"/>
</kw>
<kw name="Set Variable" owner="BuiltIn">
<msg time="2024-05-28T08:19:51.472450" level="INFO">${json_data} = {'results': [{'gender': 'male', 'name': {'title': 'Mr', 'first': 'Faraj', 'last': 'Tipparti'}, 'location': {'street': {'number': 4687, 'name': 'Sao Tome Old Quarter'}, 'city': 'Madanapalle', 'state': ...</msg>
<var>${json_data}</var>
<arg>${response.json()}</arg>
<doc>Returns the given values which can then be assigned to a variables.</doc>
<status status="PASS" start="2024-05-28T08:19:51.471889" elapsed="0.000589"/>
</kw>
<kw name="Set Variable" owner="BuiltIn">
<msg time="2024-05-28T08:19:51.473189" level="INFO">${name_title} = Mr</msg>
<var>${name_title}</var>
<arg>${json_data["results"][0]["name"]["title"]}</arg>
<doc>Returns the given values which can then be assigned to a variables.</doc>
<status status="PASS" start="2024-05-28T08:19:51.472803" elapsed="0.000411"/>
</kw>
<kw name="Create List" owner="BuiltIn">
<msg time="2024-05-28T08:19:51.473688" level="INFO">${allowed_titles} = ['Mr', 'Ms', 'Miss', 'Mrs', 'Madame', 'Monsieur']</msg>
<var>${allowed_titles}</var>
<arg>Mr</arg>
<arg>Ms</arg>
<arg>Miss</arg>
<arg>Mrs</arg>
<arg>Madame</arg>
<arg>Monsieur</arg>
<doc>Returns a list containing given items.</doc>
<status status="PASS" start="2024-05-28T08:19:51.473539" elapsed="0.000173"/>
</kw>
<kw name="List Should Contain Value" owner="Collections">
<msg time="2024-05-28T08:19:51.474249" level="INFO">False</msg>
<arg>${allowed_titles}</arg>
<arg>${name_title}</arg>
<doc>Fails if the ``value`` is not found from ``list``.</doc>
<status status="PASS" start="2024-05-28T08:19:51.474066" elapsed="0.000222"/>
</kw>
<kw name="Set Variable" owner="BuiltIn">
<msg time="2024-05-28T08:19:51.475182" level="INFO">${name_country} = IN</msg>
<var>${name_country}</var>
<arg>${json_data["results"][0]["nat"]}</arg>
<doc>Returns the given values which can then be assigned to a variables.</doc>
<status status="PASS" start="2024-05-28T08:19:51.474605" elapsed="0.000603"/>
</kw>
<kw name="Create List" owner="BuiltIn">
<msg time="2024-05-28T08:19:51.476123" level="INFO">${list_country} = ['AD', 'AE', 'AF', 'AG', 'AI', 'AL', 'AM', 'AO', 'AQ', 'AR', 'AS', 'AT', 'AU', 'AW', 'AX', 'AZ', 'BA', 'BB', 'BD', 'BE', 'BF', 'BG', 'BH', 'BI', 'BJ', 'BL', 'BM', 'BN', 'BO', 'BQ', 'BR', 'BS', 'BT', '...</msg>
<var>${list_country}</var>
<arg>AD</arg>
<arg>AE</arg>
<arg>AF</arg>
<arg>AG</arg>
<arg>AI</arg>
<arg>AL</arg>
<arg>AM</arg>
<arg>AO</arg>
<arg>AQ</arg>
<arg>AR</arg>
<arg>AS</arg>
<arg>AT</arg>
<arg>AU</arg>
<arg>AW</arg>
<arg>AX</arg>
<arg>AZ</arg>
<arg>BA</arg>
<arg>BB</arg>
<arg>BD</arg>
<arg>BE</arg>
<arg>BF</arg>
<arg>BG</arg>
<arg>BH</arg>
<arg>BI</arg>
<arg>BJ</arg>
<arg>BL</arg>
<arg>BM</arg>
<arg>BN</arg>
<arg>BO</arg>
<arg>BQ</arg>
<arg>BR</arg>
<arg>BS</arg>
<arg>BT</arg>
<arg>BV</arg>
<arg>BW</arg>
<arg>BY</arg>
<arg>BZ</arg>
<arg>CA</arg>
<arg>CC</arg>
<arg>CD</arg>
<arg>CF</arg>
<arg>CG</arg>
<arg>CH</arg>
<arg>CI</arg>
<arg>CK</arg>
<arg>CL</arg>
<arg>CM</arg>
<arg>CN</arg>
<arg>CO</arg>
<arg>CR</arg>
<arg>CU</arg>
<arg>CV</arg>
<arg>CW</arg>
<arg>CX</arg>
<arg>CY</arg>
<arg>CZ</arg>
<arg>DE</arg>
<arg>DJ</arg>
<arg>DK</arg>
<arg>DM</arg>
<arg>DO</arg>
<arg>DZ</arg>
<arg>EC</arg>
<arg>EE</arg>
<arg>EG</arg>
<arg>EH</arg>
<arg>ER</arg>
<arg>ES</arg>
<arg>ET</arg>
<arg>FI</arg>
<arg>FJ</arg>
<arg>FK</arg>
<arg>FM</arg>
<arg>FO</arg>
<arg>FR</arg>
<arg>GA</arg>
<arg>GB</arg>
<arg>GD</arg>
<arg>GE</arg>
<arg>GF</arg>
<arg>GG</arg>
<arg>GH</arg>
<arg>GI</arg>
<arg>GL</arg>
<arg>GM</arg>
<arg>GN</arg>
<arg>GP</arg>
<arg>GQ</arg>
<arg>GR</arg>
<arg>GS</arg>
<arg>GT</arg>
<arg>GU</arg>
<arg>GW</arg>
<arg>GY</arg>
<arg>HK</arg>
<arg>HM</arg>
<arg>HN</arg>
<arg>HR</arg>
<arg>HT</arg>
<arg>HU</arg>
<arg>ID</arg>
<arg>IE</arg>
<arg>IL</arg>
<arg>IM</arg>
<arg>IN</arg>
<arg>IO</arg>
<arg>IQ</arg>
<arg>IR</arg>
<arg>IS</arg>
<arg>IT</arg>
<arg>JE</arg>
<arg>JM</arg>
<arg>JO</arg>
<arg>JP</arg>
<arg>KE</arg>
<arg>KG</arg>
<arg>KH</arg>
<arg>KI</arg>
<arg>KM</arg>
<arg>KN</arg>
<arg>KP</arg>
<arg>KR</arg>
<arg>KW</arg>
<arg>KY</arg>
<arg>KZ</arg>
<arg>LA</arg>
<arg>LB</arg>
<arg>LC</arg>
<arg>LI</arg>
<arg>LK</arg>
<arg>LR</arg>
<arg>LS</arg>
<arg>LT</arg>
<arg>LU</arg>
<arg>LV</arg>
<arg>LY</arg>
<arg>MA</arg>
<arg>MC</arg>
<arg>MD</arg>
<arg>ME</arg>
<arg>MF</arg>
<arg>MG</arg>
<arg>MH</arg>
<arg>MK</arg>
<arg>ML</arg>
<arg>MM</arg>
<arg>MN</arg>
<arg>MO</arg>
<arg>MP</arg>
<arg>MQ</arg>
<arg>MR</arg>
<arg>MS</arg>
<arg>MT</arg>
<arg>MU</arg>
<arg>MV</arg>
<arg>MW</arg>
<arg>MX</arg>
<arg>MY</arg>
<arg>MZ</arg>
<arg>NA</arg>
<arg>NC</arg>
<arg>NE</arg>
<arg>NF</arg>
<arg>NG</arg>
<arg>NI</arg>
<arg>NL</arg>
<arg>NO</arg>
<arg>NP</arg>
<arg>NR</arg>
<arg>NU</arg>
<arg>NZ</arg>
<arg>OM</arg>
<arg>PA</arg>
<arg>PE</arg>
<arg>PF</arg>
<arg>PG</arg>
<arg>PH</arg>
<arg>PK</arg>
<arg>PL</arg>
<arg>PM</arg>
<arg>PN</arg>
<arg>PR</arg>
<arg>PS</arg>
<arg>PT</arg>
<arg>PW</arg>
<arg>PY</arg>
<arg>QA</arg>
<arg>RE</arg>
<arg>RO</arg>
<arg>RS</arg>
<arg>RU</arg>
<arg>RW</arg>
<arg>SA</arg>
<arg>SB</arg>
<arg>SC</arg>
<arg>SD</arg>
<arg>SE</arg>
<arg>SG</arg>
<arg>SH</arg>
<arg>SI</arg>
<arg>SJ</arg>
<arg>SK</arg>
<arg>SL</arg>
<arg>SM</arg>
<arg>SN</arg>
<arg>SO</arg>
<arg>SR</arg>
<arg>SS</arg>
<arg>ST</arg>
<arg>SV</arg>
<arg>SX</arg>
<arg>SY</arg>
<arg>SZ</arg>
<arg>TC</arg>
<arg>TD</arg>
<arg>TF</arg>
<arg>TG</arg>
<arg>TH</arg>
<arg>TJ</arg>
<arg>TK</arg>
<arg>TL</arg>
<arg>TM</arg>
<arg>TN</arg>
<arg>TO</arg>
<arg>TR</arg>
<arg>TT</arg>
<arg>TV</arg>
<arg>TW</arg>
<arg>TZ</arg>
<arg>UA</arg>
<arg>UG</arg>
<arg>UM</arg>
<arg>US</arg>
<arg>UY</arg>
<arg>UZ</arg>
<arg>VA</arg>
<arg>VC</arg>
<arg>VE</arg>
<arg>VG</arg>
<arg>VI</arg>
<arg>VN</arg>
<arg>VU</arg>
<arg>WF</arg>
<arg>WS</arg>
<arg>XK</arg>
<arg>YE</arg>
<arg>YT</arg>
<arg>ZA</arg>
<arg>ZM</arg>
<arg>ZW</arg>
<doc>Returns a list containing given items.</doc>
<status status="PASS" start="2024-05-28T08:19:51.475522" elapsed="0.000627"/>
</kw>
<kw name="List Should Contain Value" owner="Collections">
<msg time="2024-05-28T08:19:51.477134" level="INFO">False</msg>
<arg>${list_country}</arg>
<arg>${name_country}</arg>
<doc>Fails if the ``value`` is not found from ``list``.</doc>
<status status="PASS" start="2024-05-28T08:19:51.476931" elapsed="0.000240"/>
</kw>
<kw name="Run Keyword If" owner="BuiltIn">
<kw name="Should Be True" owner="BuiltIn">
<arg>${True}</arg>
<doc>Fails if the given condition is not true.</doc>
<status status="PASS" start="2024-05-28T08:19:51.478267" elapsed="0.000151"/>
</kw>
<arg>${json_data["results"][0]["location"]["coordinates"]["latitude"]} &gt;= -90 and ${json_data["results"][0]["location"]["coordinates"]["latitude"]} &lt;= 90</arg>
<arg>Should Be True</arg>
<arg>${True}</arg>
<doc>Runs the given keyword with the given arguments, if ``condition`` is true.</doc>
<status status="PASS" start="2024-05-28T08:19:51.477484" elapsed="0.001060"/>
</kw>
<kw name="Run Keyword If" owner="BuiltIn">
<kw name="Should Be True" owner="BuiltIn">
<arg>${True}</arg>
<doc>Fails if the given condition is not true.</doc>
<status status="PASS" start="2024-05-28T08:19:51.479427" elapsed="0.000135"/>
</kw>
<arg>${json_data["results"][0]["location"]["coordinates"]["longitude"]} &gt;= -180 and ${json_data["results"][0]["location"]["coordinates"]["longitude"]} &lt;= 180</arg>
<arg>Should Be True</arg>
<arg>${True}</arg>
<doc>Runs the given keyword with the given arguments, if ``condition`` is true.</doc>
<status status="PASS" start="2024-05-28T08:19:51.478730" elapsed="0.000953"/>
</kw>
<status status="PASS" start="2024-05-28T08:19:51.376847" elapsed="0.102970"/>
</kw>
<doc>Testa o conteúdo específico dos campos retornados pela API.</doc>
<tag>testeConteudo</tag>
<status status="PASS" start="2024-05-28T08:19:51.376261" elapsed="0.103708"/>
</test>
<status status="PASS" start="2024-05-28T08:19:50.640709" elapsed="0.841275"/>
</suite>
<status status="PASS" start="2024-05-28T08:19:50.626799" elapsed="0.860457"/>
</suite>
<statistics>
<total>
<stat pass="5" fail="0" skip="0">All Tests</stat>
</total>
<tag>
<stat pass="1" fail="0" skip="0">testeConteudo</stat>
<stat pass="1" fail="0" skip="0">testeEstruturaResposta</stat>
<stat pass="1" fail="0" skip="0">testeRequisicaoBasica</stat>
<stat pass="1" fail="0" skip="0">testeTiposDados</stat>
</tag>
<suite>
<stat pass="5" fail="0" skip="0" id="s1" name="Tests">Tests</stat>
<stat pass="5" fail="0" skip="0" id="s1-s1" name="Random-User-Test">Tests.Random-User-Test</stat>
</suite>
</statistics>
<errors>
</errors>
</robot>
