<?xml version="1.0" encoding="UTF-8"?>
<robot generator="Robot 7.0.1 (Python 3.12.4 on linux)" generated="2024-07-31T12:30:20.031788" rpa="false" schemaversion="5">
<suite id="s1" name="Tests" source="/home/runner/work/ApiRandomUser/ApiRandomUser/RamdonUser/tests">
<suite id="s1-s1" name="Random-User-Test" source="/home/runner/work/ApiRandomUser/ApiRandomUser/RamdonUser/tests/random-user-test.robot">
<test id="s1-s1-t1" name="Conectar" line="13">
<kw name="Conectar API" owner="random-user-service">
<kw name="Create Session" owner="RequestsLibrary">
<msg time="2024-07-31T12:30:20.469770" level="INFO">Creating Session using : alias=consultarAPI, url=https://randomuser.me/, headers={},                     cookies={}, auth=None, timeout=None, proxies=None, verify=False,                     debug=0 </msg>
<arg>consultarAPI</arg>
<arg>${URL}</arg>
<doc>Create Session: create a HTTP session to a server</doc>
<status status="PASS" start="2024-07-31T12:30:20.469573" elapsed="0.000374"/>
</kw>
<status status="PASS" start="2024-07-31T12:30:20.468549" elapsed="0.001755"/>
</kw>
<status status="PASS" start="2024-07-31T12:30:20.467940" elapsed="0.002560"/>
</test>
<test id="s1-s1-t2" name="Validar retorno 200 e JSON Válido" line="16">
<kw name="Teste de Requisicao Basica" owner="random-user-service">
<kw name="GET On Session" owner="RequestsLibrary">
<msg time="2024-07-31T12:30:25.802130" level="INFO">GET Request : url=https://randomuser.me/api 
 path_url=/api 
 headers={'User-Agent': 'python-requests/2.32.3', 'Accept-Encoding': 'gzip, deflate', 'Accept': '*/*', 'Connection': 'keep-alive'} 
 body=None 
 </msg>
<msg time="2024-07-31T12:30:25.802284" level="INFO">GET Response : url=https://randomuser.me/api 
 status=200, reason=OK 
 headers={'Date': 'Wed, 31 Jul 2024 12:30:25 GMT', 'Content-Type': 'application/json; charset=utf-8', 'Transfer-Encoding': 'chunked', 'Connection': 'keep-alive', 'X-Powered-By': 'Express', 'Access-Control-Allow-Origin': '*', 'Cache-Control': 'no-cache', 'ETag': 'W/"4b3-N2iw1VtDqqbEspAmzMV0nSQsHo0"', 'Vary': 'Accept-Encoding', 'Content-Encoding': 'gzip', 'CF-Cache-Status': 'DYNAMIC', 'Report-To': '{"endpoints":[{"url":"https:\\/\\/a.nel.cloudflare.com\\/report\\/v4?s=r4fRHZRN45ReKhoxVxNj3r2BcsvKatnDFa4Y80CsPuXQvd7%2F9hsQHRAB7A0ZTb1pempCqN63K0VpSpP0tW9gpi6UrchJtIKfxBMLF6Rpo%2FjgUXELdmqJ1vQNGXOdLXul"}],"group":"cf-nel","max_age":604800}', 'NEL': '{"success_fraction":0,"report_to":"cf-nel","max_age":604800}', 'Server': 'cloudflare', 'CF-RAY': '8abd9962daef242d-IAD', 'alt-svc': 'h3=":443"; ma=86400'} 
 body={"results":[{"gender":"female","name":{"title":"Mrs","first":"Tryntsje","last":"Lambooij"},"location":{"street":{"number":7755,"name":"Jan Wolkerspad"},"city":"Nuenen","state":"Noord-Brabant","country":"Netherlands","postcode":"4030 XT","coordinates":{"latitude":"37.4010","longitude":"50.0961"},"timezone":{"offset":"0:00","description":"Western Europe Time, London, Lisbon, Casablanca"}},"email":"tryntsje.lambooij@example.com","login":{"uuid":"e677cd98-900c-4a36-8059-66d901673df3","username":"purplegorilla461","password":"forward","salt":"abXOmBcd","md5":"449459982d05081fc37f4f3af1de638b","sha1":"431b7ef2ef7ce8e63c4310994022b203425be789","sha256":"f5dc9f41cad77a4144a76c3d7cdbd4b456c7545eb2cae4bee3100628328ecc7b"},"dob":{"date":"1993-09-21T00:17:25.429Z","age":30},"registered":{"date":"2013-11-18T22:27:03.262Z","age":10},"phone":"(004) 4289243","cell":"(06) 34771380","id":{"name":"BSN","value":"78378800"},"picture":{"large":"https://randomuser.me/api/portraits/women/0.jpg","medium":"https://randomuser.me/api/portraits/med/women/0.jpg","thumbnail":"https://randomuser.me/api/portraits/thumb/women/0.jpg"},"nat":"NL"}],"info":{"seed":"32d3afb4e53a7d38","results":1,"page":1,"version":"1.4"}} 
 </msg>
<msg time="2024-07-31T12:30:25.802364" level="INFO">/opt/hostedtoolcache/Python/3.12.4/x64/lib/python3.12/site-packages/urllib3/connectionpool.py:1099: InsecureRequestWarning: Unverified HTTPS request is being made to host 'randomuser.me'. Adding certificate verification is strongly advised. See: https://urllib3.readthedocs.io/en/latest/advanced-usage.html#tls-warnings
  warnings.warn(</msg>
<msg time="2024-07-31T12:30:25.802524" level="INFO">${response} = &lt;Response [200]&gt;</msg>
<var>${response}</var>
<arg>consultarAPI</arg>
<arg>/api</arg>
<doc>Sends a GET request on a previously created HTTP Session.</doc>
<status status="PASS" start="2024-07-31T12:30:20.473170" elapsed="5.329400"/>
</kw>
<kw name="Should Be Equal As Numbers" owner="BuiltIn">
<msg time="2024-07-31T12:30:25.803601" level="INFO">Argument types are:
&lt;class 'int'&gt;
&lt;class 'str'&gt;</msg>
<arg>${response.status_code}</arg>
<arg>200</arg>
<doc>Fails if objects are unequal after converting them to real numbers.</doc>
<status status="PASS" start="2024-07-31T12:30:25.803096" elapsed="0.000568"/>
</kw>
<kw name="Log" owner="BuiltIn">
<msg time="2024-07-31T12:30:25.804332" level="INFO">200</msg>
<arg>${response.status_code}</arg>
<doc>Logs the given message with the given level.</doc>
<status status="PASS" start="2024-07-31T12:30:25.803977" elapsed="0.000397"/>
</kw>
<kw name="Set Variable" owner="BuiltIn">
<msg time="2024-07-31T12:30:25.805100" level="INFO">${json_data} = {'results': [{'gender': 'female', 'name': {'title': 'Mrs', 'first': 'Tryntsje', 'last': 'Lambooij'}, 'location': {'street': {'number': 7755, 'name': 'Jan Wolkerspad'}, 'city': 'Nuenen', 'state': 'Noor...</msg>
<var>${json_data}</var>
<arg>${response.json()}</arg>
<doc>Returns the given values which can then be assigned to a variables.</doc>
<status status="PASS" start="2024-07-31T12:30:25.804674" elapsed="0.000453"/>
</kw>
<kw name="Dictionary Should Contain Key" owner="Collections">
<arg>${json_data}</arg>
<arg>results</arg>
<doc>Fails if ``key`` is not found from ``dictionary``.</doc>
<status status="PASS" start="2024-07-31T12:30:25.805425" elapsed="0.000322"/>
</kw>
<status status="PASS" start="2024-07-31T12:30:20.472927" elapsed="5.332975"/>
</kw>
<doc>Testa se a API responde corretamente e retorna um objeto JSON válido.</doc>
<tag>testeRequisicaoBasica</tag>
<status status="PASS" start="2024-07-31T12:30:20.472411" elapsed="5.333660"/>
</test>
<test id="s1-s1-t3" name="Validar estrutura de resposta" line="22">
<kw name="Teste de Estrutura de Resposta" owner="random-user-service">
<kw name="GET On Session" owner="RequestsLibrary">
<msg time="2024-07-31T12:30:30.251143" level="INFO">GET Request : url=https://randomuser.me/api 
 path_url=/api 
 headers={'User-Agent': 'python-requests/2.32.3', 'Accept-Encoding': 'gzip, deflate', 'Accept': '*/*', 'Connection': 'keep-alive'} 
 body=None 
 </msg>
<msg time="2024-07-31T12:30:30.251243" level="INFO">GET Response : url=https://randomuser.me/api 
 status=200, reason=OK 
 headers={'Date': 'Wed, 31 Jul 2024 12:30:30 GMT', 'Content-Type': 'application/json; charset=utf-8', 'Transfer-Encoding': 'chunked', 'Connection': 'keep-alive', 'X-Powered-By': 'Express', 'Access-Control-Allow-Origin': '*', 'Cache-Control': 'no-cache', 'ETag': 'W/"483-cH61T8Vlmc8DMJGwz0TAeDchNbc"', 'Vary': 'Accept-Encoding', 'Content-Encoding': 'gzip', 'CF-Cache-Status': 'DYNAMIC', 'Report-To': '{"endpoints":[{"url":"https:\\/\\/a.nel.cloudflare.com\\/report\\/v4?s=BPrebgBQGPe4kWedvMKi4V5Bz0sNx6nIjkDG28eqzGiiqe2qDZAB4LRgPHUYjHkw2zxPrzeepOohdFwpWcT%2Bz2yGC%2FsNg9no9jd%2BKgRyzY8eb58MHy8XbKoq0s%2F4hM%2Bk"}],"group":"cf-nel","max_age":604800}', 'NEL': '{"success_fraction":0,"report_to":"cf-nel","max_age":604800}', 'Server': 'cloudflare', 'CF-RAY': '8abd99835bea242d-IAD', 'alt-svc': 'h3=":443"; ma=86400'} 
 body={"results":[{"gender":"female","name":{"title":"Miss","first":"Lorraine","last":"Jordan"},"location":{"street":{"number":5119,"name":"Oak Ridge Ln"},"city":"Launceston","state":"Western Australia","country":"Australia","postcode":4103,"coordinates":{"latitude":"-82.0810","longitude":"127.1764"},"timezone":{"offset":"-9:00","description":"Alaska"}},"email":"lorraine.jordan@example.com","login":{"uuid":"9722898e-19d4-431c-99d1-e4aae9203c06","username":"bigwolf365","password":"stacie","salt":"K1qneV1K","md5":"14aca74e98503e37a61fe164f62c3eb8","sha1":"a6dacd3470f77ec18b2ff44f67e790b1b8810253","sha256":"ff6b0dc1af4c3909c9496f669f82691292c002b5b93e67ac64440aed969ddcd9"},"dob":{"date":"1982-03-04T22:16:07.384Z","age":42},"registered":{"date":"2015-12-10T08:44:58.673Z","age":8},"phone":"05-1027-0320","cell":"0498-340-916","id":{"name":"TFN","value":"650843874"},"picture":{"large":"https://randomuser.me/api/portraits/women/87.jpg","medium":"https://randomuser.me/api/portraits/med/women/87.jpg","thumbnail":"https://randomuser.me/api/portraits/thumb/women/87.jpg"},"nat":"AU"}],"info":{"seed":"cca0c6d12376bc66","results":1,"page":1,"version":"1.4"}} 
 </msg>
<msg time="2024-07-31T12:30:30.251417" level="INFO">/opt/hostedtoolcache/Python/3.12.4/x64/lib/python3.12/site-packages/urllib3/connectionpool.py:1099: InsecureRequestWarning: Unverified HTTPS request is being made to host 'randomuser.me'. Adding certificate verification is strongly advised. See: https://urllib3.readthedocs.io/en/latest/advanced-usage.html#tls-warnings
  warnings.warn(</msg>
<msg time="2024-07-31T12:30:30.251573" level="INFO">${response} = &lt;Response [200]&gt;</msg>
<var>${response}</var>
<arg>consultarAPI</arg>
<arg>/api</arg>
<doc>Sends a GET request on a previously created HTTP Session.</doc>
<status status="PASS" start="2024-07-31T12:30:25.808642" elapsed="4.442974"/>
</kw>
<kw name="Set Variable" owner="BuiltIn">
<msg time="2024-07-31T12:30:30.252603" level="INFO">${json_data} = {'results': [{'gender': 'female', 'name': {'title': 'Miss', 'first': 'Lorraine', 'last': 'Jordan'}, 'location': {'street': {'number': 5119, 'name': 'Oak Ridge Ln'}, 'city': 'Launceston', 'state': 'Wes...</msg>
<var>${json_data}</var>
<arg>${response.json()}</arg>
<doc>Returns the given values which can then be assigned to a variables.</doc>
<status status="PASS" start="2024-07-31T12:30:30.252110" elapsed="0.000523"/>
</kw>
<kw name="Log" owner="BuiltIn">
<msg time="2024-07-31T12:30:30.253096" level="INFO">{'results': [{'gender': 'female', 'name': {'title': 'Miss', 'first': 'Lorraine', 'last': 'Jordan'}, 'location': {'street': {'number': 5119, 'name': 'Oak Ridge Ln'}, 'city': 'Launceston', 'state': 'Western Australia', 'country': 'Australia', 'postcode': 4103, 'coordinates': {'latitude': '-82.0810', 'longitude': '127.1764'}, 'timezone': {'offset': '-9:00', 'description': 'Alaska'}}, 'email': 'lorraine.jordan@example.com', 'login': {'uuid': '9722898e-19d4-431c-99d1-e4aae9203c06', 'username': 'bigwolf365', 'password': 'stacie', 'salt': 'K1qneV1K', 'md5': '14aca74e98503e37a61fe164f62c3eb8', 'sha1': 'a6dacd3470f77ec18b2ff44f67e790b1b8810253', 'sha256': 'ff6b0dc1af4c3909c9496f669f82691292c002b5b93e67ac64440aed969ddcd9'}, 'dob': {'date': '1982-03-04T22:16:07.384Z', 'age': 42}, 'registered': {'date': '2015-12-10T08:44:58.673Z', 'age': 8}, 'phone': '05-1027-0320', 'cell': '0498-340-916', 'id': {'name': 'TFN', 'value': '650843874'}, 'picture': {'large': 'https://randomuser.me/api/portraits/women/87.jpg', 'medium': 'https://randomuser.me/api/portraits/med/women/87.jpg', 'thumbnail': 'https://randomuser.me/api/portraits/thumb/women/87.jpg'}, 'nat': 'AU'}], 'info': {'seed': 'cca0c6d12376bc66', 'results': 1, 'page': 1, 'version': '1.4'}}</msg>
<arg>${json_data}</arg>
<doc>Logs the given message with the given level.</doc>
<status status="PASS" start="2024-07-31T12:30:30.252932" elapsed="0.000212"/>
</kw>
<kw name="Dictionary Should Contain Key" owner="Collections">
<arg>${json_data}</arg>
<arg>results</arg>
<doc>Fails if ``key`` is not found from ``dictionary``.</doc>
<status status="PASS" start="2024-07-31T12:30:30.253432" elapsed="0.000165"/>
</kw>
<kw name="Should Not Be Empty" owner="BuiltIn">
<msg time="2024-07-31T12:30:30.253910" level="INFO">Length is 2.</msg>
<arg>${json_data}</arg>
<doc>Verifies that the given item is not empty.</doc>
<status status="PASS" start="2024-07-31T12:30:30.253784" elapsed="0.000163"/>
</kw>
<kw name="Create List" owner="BuiltIn">
<msg time="2024-07-31T12:30:30.254396" level="INFO">${expected_keys} = ['gender', 'name', 'location', 'email', 'login']</msg>
<var>${expected_keys}</var>
<arg>gender</arg>
<arg>name</arg>
<arg>location</arg>
<arg>email</arg>
<arg>login</arg>
<doc>Returns a list containing given items.</doc>
<status status="PASS" start="2024-07-31T12:30:30.254241" elapsed="0.000178"/>
</kw>
<for flavor="IN">
<iter>
<kw name="Dictionary Should Contain Key" owner="Collections">
<arg>${json_data['results'][0]}</arg>
<arg>${key}</arg>
<doc>Fails if ``key`` is not found from ``dictionary``.</doc>
<status status="PASS" start="2024-07-31T12:30:30.254996" elapsed="0.000430"/>
</kw>
<kw name="Log" owner="BuiltIn">
<msg time="2024-07-31T12:30:30.255974" level="INFO">{'gender': 'female', 'name': {'title': 'Miss', 'first': 'Lorraine', 'last': 'Jordan'}, 'location': {'street': {'number': 5119, 'name': 'Oak Ridge Ln'}, 'city': 'Launceston', 'state': 'Western Australia', 'country': 'Australia', 'postcode': 4103, 'coordinates': {'latitude': '-82.0810', 'longitude': '127.1764'}, 'timezone': {'offset': '-9:00', 'description': 'Alaska'}}, 'email': 'lorraine.jordan@example.com', 'login': {'uuid': '9722898e-19d4-431c-99d1-e4aae9203c06', 'username': 'bigwolf365', 'password': 'stacie', 'salt': 'K1qneV1K', 'md5': '14aca74e98503e37a61fe164f62c3eb8', 'sha1': 'a6dacd3470f77ec18b2ff44f67e790b1b8810253', 'sha256': 'ff6b0dc1af4c3909c9496f669f82691292c002b5b93e67ac64440aed969ddcd9'}, 'dob': {'date': '1982-03-04T22:16:07.384Z', 'age': 42}, 'registered': {'date': '2015-12-10T08:44:58.673Z', 'age': 8}, 'phone': '05-1027-0320', 'cell': '0498-340-916', 'id': {'name': 'TFN', 'value': '650843874'}, 'picture': {'large': 'https://randomuser.me/api/portraits/women/87.jpg', 'medium': 'https://randomuser.me/api/portraits/med/women/87.jpg', 'thumbnail': 'https://randomuser.me/api/portraits/thumb/women/87.jpg'}, 'nat': 'AU'}</msg>
<arg>${json_data['results'][0]}</arg>
<doc>Logs the given message with the given level.</doc>
<status status="PASS" start="2024-07-31T12:30:30.255620" elapsed="0.000401"/>
</kw>
<kw name="Log" owner="BuiltIn">
<msg time="2024-07-31T12:30:30.256438" level="INFO">gender</msg>
<arg>${key}</arg>
<doc>Logs the given message with the given level.</doc>
<status status="PASS" start="2024-07-31T12:30:30.256310" elapsed="0.000166"/>
</kw>
<var name="${key}">gender</var>
<status status="PASS" start="2024-07-31T12:30:30.254862" elapsed="0.001825"/>
</iter>
<iter>
<kw name="Dictionary Should Contain Key" owner="Collections">
<arg>${json_data['results'][0]}</arg>
<arg>${key}</arg>
<doc>Fails if ``key`` is not found from ``dictionary``.</doc>
<status status="PASS" start="2024-07-31T12:30:30.256983" elapsed="0.000380"/>
</kw>
<kw name="Log" owner="BuiltIn">
<msg time="2024-07-31T12:30:30.257897" level="INFO">{'gender': 'female', 'name': {'title': 'Miss', 'first': 'Lorraine', 'last': 'Jordan'}, 'location': {'street': {'number': 5119, 'name': 'Oak Ridge Ln'}, 'city': 'Launceston', 'state': 'Western Australia', 'country': 'Australia', 'postcode': 4103, 'coordinates': {'latitude': '-82.0810', 'longitude': '127.1764'}, 'timezone': {'offset': '-9:00', 'description': 'Alaska'}}, 'email': 'lorraine.jordan@example.com', 'login': {'uuid': '9722898e-19d4-431c-99d1-e4aae9203c06', 'username': 'bigwolf365', 'password': 'stacie', 'salt': 'K1qneV1K', 'md5': '14aca74e98503e37a61fe164f62c3eb8', 'sha1': 'a6dacd3470f77ec18b2ff44f67e790b1b8810253', 'sha256': 'ff6b0dc1af4c3909c9496f669f82691292c002b5b93e67ac64440aed969ddcd9'}, 'dob': {'date': '1982-03-04T22:16:07.384Z', 'age': 42}, 'registered': {'date': '2015-12-10T08:44:58.673Z', 'age': 8}, 'phone': '05-1027-0320', 'cell': '0498-340-916', 'id': {'name': 'TFN', 'value': '650843874'}, 'picture': {'large': 'https://randomuser.me/api/portraits/women/87.jpg', 'medium': 'https://randomuser.me/api/portraits/med/women/87.jpg', 'thumbnail': 'https://randomuser.me/api/portraits/thumb/women/87.jpg'}, 'nat': 'AU'}</msg>
<arg>${json_data['results'][0]}</arg>
<doc>Logs the given message with the given level.</doc>
<status status="PASS" start="2024-07-31T12:30:30.257543" elapsed="0.000453"/>
</kw>
<kw name="Log" owner="BuiltIn">
<msg time="2024-07-31T12:30:30.258422" level="INFO">name</msg>
<arg>${key}</arg>
<doc>Logs the given message with the given level.</doc>
<status status="PASS" start="2024-07-31T12:30:30.258294" elapsed="0.000165"/>
</kw>
<var name="${key}">name</var>
<status status="PASS" start="2024-07-31T12:30:30.256872" elapsed="0.001804"/>
</iter>
<iter>
<kw name="Dictionary Should Contain Key" owner="Collections">
<arg>${json_data['results'][0]}</arg>
<arg>${key}</arg>
<doc>Fails if ``key`` is not found from ``dictionary``.</doc>
<status status="PASS" start="2024-07-31T12:30:30.258959" elapsed="0.000402"/>
</kw>
<kw name="Log" owner="BuiltIn">
<msg time="2024-07-31T12:30:30.259902" level="INFO">{'gender': 'female', 'name': {'title': 'Miss', 'first': 'Lorraine', 'last': 'Jordan'}, 'location': {'street': {'number': 5119, 'name': 'Oak Ridge Ln'}, 'city': 'Launceston', 'state': 'Western Australia', 'country': 'Australia', 'postcode': 4103, 'coordinates': {'latitude': '-82.0810', 'longitude': '127.1764'}, 'timezone': {'offset': '-9:00', 'description': 'Alaska'}}, 'email': 'lorraine.jordan@example.com', 'login': {'uuid': '9722898e-19d4-431c-99d1-e4aae9203c06', 'username': 'bigwolf365', 'password': 'stacie', 'salt': 'K1qneV1K', 'md5': '14aca74e98503e37a61fe164f62c3eb8', 'sha1': 'a6dacd3470f77ec18b2ff44f67e790b1b8810253', 'sha256': 'ff6b0dc1af4c3909c9496f669f82691292c002b5b93e67ac64440aed969ddcd9'}, 'dob': {'date': '1982-03-04T22:16:07.384Z', 'age': 42}, 'registered': {'date': '2015-12-10T08:44:58.673Z', 'age': 8}, 'phone': '05-1027-0320', 'cell': '0498-340-916', 'id': {'name': 'TFN', 'value': '650843874'}, 'picture': {'large': 'https://randomuser.me/api/portraits/women/87.jpg', 'medium': 'https://randomuser.me/api/portraits/med/women/87.jpg', 'thumbnail': 'https://randomuser.me/api/portraits/thumb/women/87.jpg'}, 'nat': 'AU'}</msg>
<arg>${json_data['results'][0]}</arg>
<doc>Logs the given message with the given level.</doc>
<status status="PASS" start="2024-07-31T12:30:30.259554" elapsed="0.000396"/>
</kw>
<kw name="Log" owner="BuiltIn">
<msg time="2024-07-31T12:30:30.260371" level="INFO">location</msg>
<arg>${key}</arg>
<doc>Logs the given message with the given level.</doc>
<status status="PASS" start="2024-07-31T12:30:30.260243" elapsed="0.000164"/>
</kw>
<var name="${key}">location</var>
<status status="PASS" start="2024-07-31T12:30:30.258851" elapsed="0.001769"/>
</iter>
<iter>
<kw name="Dictionary Should Contain Key" owner="Collections">
<arg>${json_data['results'][0]}</arg>
<arg>${key}</arg>
<doc>Fails if ``key`` is not found from ``dictionary``.</doc>
<status status="PASS" start="2024-07-31T12:30:30.260895" elapsed="0.000388"/>
</kw>
<kw name="Log" owner="BuiltIn">
<msg time="2024-07-31T12:30:30.261967" level="INFO">{'gender': 'female', 'name': {'title': 'Miss', 'first': 'Lorraine', 'last': 'Jordan'}, 'location': {'street': {'number': 5119, 'name': 'Oak Ridge Ln'}, 'city': 'Launceston', 'state': 'Western Australia', 'country': 'Australia', 'postcode': 4103, 'coordinates': {'latitude': '-82.0810', 'longitude': '127.1764'}, 'timezone': {'offset': '-9:00', 'description': 'Alaska'}}, 'email': 'lorraine.jordan@example.com', 'login': {'uuid': '9722898e-19d4-431c-99d1-e4aae9203c06', 'username': 'bigwolf365', 'password': 'stacie', 'salt': 'K1qneV1K', 'md5': '14aca74e98503e37a61fe164f62c3eb8', 'sha1': 'a6dacd3470f77ec18b2ff44f67e790b1b8810253', 'sha256': 'ff6b0dc1af4c3909c9496f669f82691292c002b5b93e67ac64440aed969ddcd9'}, 'dob': {'date': '1982-03-04T22:16:07.384Z', 'age': 42}, 'registered': {'date': '2015-12-10T08:44:58.673Z', 'age': 8}, 'phone': '05-1027-0320', 'cell': '0498-340-916', 'id': {'name': 'TFN', 'value': '650843874'}, 'picture': {'large': 'https://randomuser.me/api/portraits/women/87.jpg', 'medium': 'https://randomuser.me/api/portraits/med/women/87.jpg', 'thumbnail': 'https://randomuser.me/api/portraits/thumb/women/87.jpg'}, 'nat': 'AU'}</msg>
<arg>${json_data['results'][0]}</arg>
<doc>Logs the given message with the given level.</doc>
<status status="PASS" start="2024-07-31T12:30:30.261586" elapsed="0.000428"/>
</kw>
<kw name="Log" owner="BuiltIn">
<msg time="2024-07-31T12:30:30.262439" level="INFO">email</msg>
<arg>${key}</arg>
<doc>Logs the given message with the given level.</doc>
<status status="PASS" start="2024-07-31T12:30:30.262309" elapsed="0.000168"/>
</kw>
<var name="${key}">email</var>
<status status="PASS" start="2024-07-31T12:30:30.260788" elapsed="0.001904"/>
</iter>
<iter>
<kw name="Dictionary Should Contain Key" owner="Collections">
<arg>${json_data['results'][0]}</arg>
<arg>${key}</arg>
<doc>Fails if ``key`` is not found from ``dictionary``.</doc>
<status status="PASS" start="2024-07-31T12:30:30.262974" elapsed="0.000399"/>
</kw>
<kw name="Log" owner="BuiltIn">
<msg time="2024-07-31T12:30:30.263915" level="INFO">{'gender': 'female', 'name': {'title': 'Miss', 'first': 'Lorraine', 'last': 'Jordan'}, 'location': {'street': {'number': 5119, 'name': 'Oak Ridge Ln'}, 'city': 'Launceston', 'state': 'Western Australia', 'country': 'Australia', 'postcode': 4103, 'coordinates': {'latitude': '-82.0810', 'longitude': '127.1764'}, 'timezone': {'offset': '-9:00', 'description': 'Alaska'}}, 'email': 'lorraine.jordan@example.com', 'login': {'uuid': '9722898e-19d4-431c-99d1-e4aae9203c06', 'username': 'bigwolf365', 'password': 'stacie', 'salt': 'K1qneV1K', 'md5': '14aca74e98503e37a61fe164f62c3eb8', 'sha1': 'a6dacd3470f77ec18b2ff44f67e790b1b8810253', 'sha256': 'ff6b0dc1af4c3909c9496f669f82691292c002b5b93e67ac64440aed969ddcd9'}, 'dob': {'date': '1982-03-04T22:16:07.384Z', 'age': 42}, 'registered': {'date': '2015-12-10T08:44:58.673Z', 'age': 8}, 'phone': '05-1027-0320', 'cell': '0498-340-916', 'id': {'name': 'TFN', 'value': '650843874'}, 'picture': {'large': 'https://randomuser.me/api/portraits/women/87.jpg', 'medium': 'https://randomuser.me/api/portraits/med/women/87.jpg', 'thumbnail': 'https://randomuser.me/api/portraits/thumb/women/87.jpg'}, 'nat': 'AU'}</msg>
<arg>${json_data['results'][0]}</arg>
<doc>Logs the given message with the given level.</doc>
<status status="PASS" start="2024-07-31T12:30:30.263564" elapsed="0.000412"/>
</kw>
<kw name="Log" owner="BuiltIn">
<msg time="2024-07-31T12:30:30.264406" level="INFO">login</msg>
<arg>${key}</arg>
<doc>Logs the given message with the given level.</doc>
<status status="PASS" start="2024-07-31T12:30:30.264279" elapsed="0.000163"/>
</kw>
<var name="${key}">login</var>
<status status="PASS" start="2024-07-31T12:30:30.262865" elapsed="0.001791"/>
</iter>
<var>${key}</var>
<value>@{expected_keys}</value>
<status status="PASS" start="2024-07-31T12:30:30.254674" elapsed="0.010103"/>
</for>
<kw name="Create List" owner="BuiltIn">
<msg time="2024-07-31T12:30:30.265099" level="INFO">${expected_keysTwo} = ['username', 'password']</msg>
<var>${expected_keysTwo}</var>
<arg>username</arg>
<arg>password</arg>
<doc>Returns a list containing given items.</doc>
<status status="PASS" start="2024-07-31T12:30:30.264964" elapsed="0.000160"/>
</kw>
<for flavor="IN">
<iter>
<kw name="Dictionary Should Contain Key" owner="Collections">
<arg>${json_data['results'][0]['login']}</arg>
<arg>${keyTwo}</arg>
<doc>Fails if ``key`` is not found from ``dictionary``.</doc>
<status status="PASS" start="2024-07-31T12:30:30.265641" elapsed="0.000386"/>
</kw>
<kw name="Dictionary Should Contain Key" owner="Collections">
<arg>${json_data['results'][0]['login']}</arg>
<arg>${keyTwo}</arg>
<doc>Fails if ``key`` is not found from ``dictionary``.</doc>
<status status="PASS" start="2024-07-31T12:30:30.266210" elapsed="0.000369"/>
</kw>
<kw name="Log" owner="BuiltIn">
<msg time="2024-07-31T12:30:30.266877" level="INFO">username</msg>
<arg>${keyTwo}</arg>
<doc>Logs the given message with the given level.</doc>
<status status="PASS" start="2024-07-31T12:30:30.266757" elapsed="0.000157"/>
</kw>
<var name="${keyTwo}">username</var>
<status status="PASS" start="2024-07-31T12:30:30.265532" elapsed="0.001601"/>
</iter>
<iter>
<kw name="Dictionary Should Contain Key" owner="Collections">
<arg>${json_data['results'][0]['login']}</arg>
<arg>${keyTwo}</arg>
<doc>Fails if ``key`` is not found from ``dictionary``.</doc>
<status status="PASS" start="2024-07-31T12:30:30.267455" elapsed="0.000376"/>
</kw>
<kw name="Dictionary Should Contain Key" owner="Collections">
<arg>${json_data['results'][0]['login']}</arg>
<arg>${keyTwo}</arg>
<doc>Fails if ``key`` is not found from ``dictionary``.</doc>
<status status="PASS" start="2024-07-31T12:30:30.268029" elapsed="0.000398"/>
</kw>
<kw name="Log" owner="BuiltIn">
<msg time="2024-07-31T12:30:30.268734" level="INFO">password</msg>
<arg>${keyTwo}</arg>
<doc>Logs the given message with the given level.</doc>
<status status="PASS" start="2024-07-31T12:30:30.268607" elapsed="0.000164"/>
</kw>
<var name="${keyTwo}">password</var>
<status status="PASS" start="2024-07-31T12:30:30.267329" elapsed="0.001662"/>
</iter>
<var>${keyTwo}</var>
<value>@{expected_keysTwo}</value>
<status status="PASS" start="2024-07-31T12:30:30.265382" elapsed="0.003729"/>
</for>
<status status="PASS" start="2024-07-31T12:30:25.808408" elapsed="4.460843"/>
</kw>
<doc>Testa a estrutura da resposta da API.</doc>
<tag>testeEstruturaResposta</tag>
<status status="PASS" start="2024-07-31T12:30:25.807915" elapsed="4.461494"/>
</test>
<test id="s1-s1-t4" name="Validar tipos de dados" line="28">
<kw name="Teste de Tipos de Dados" owner="random-user-service">
<kw name="GET On Session" owner="RequestsLibrary">
<msg time="2024-07-31T12:30:34.823899" level="INFO">GET Request : url=https://randomuser.me/api 
 path_url=/api 
 headers={'User-Agent': 'python-requests/2.32.3', 'Accept-Encoding': 'gzip, deflate', 'Accept': '*/*', 'Connection': 'keep-alive'} 
 body=None 
 </msg>
<msg time="2024-07-31T12:30:34.824005" level="INFO">GET Response : url=https://randomuser.me/api 
 status=200, reason=OK 
 headers={'Date': 'Wed, 31 Jul 2024 12:30:34 GMT', 'Content-Type': 'application/json; charset=utf-8', 'Transfer-Encoding': 'chunked', 'Connection': 'keep-alive', 'X-Powered-By': 'Express', 'Access-Control-Allow-Origin': '*', 'Cache-Control': 'no-cache', 'ETag': 'W/"496-XndR3XU3KfaLnUlMRNXOAQvBQlw"', 'Vary': 'Accept-Encoding', 'Content-Encoding': 'gzip', 'CF-Cache-Status': 'DYNAMIC', 'Report-To': '{"endpoints":[{"url":"https:\\/\\/a.nel.cloudflare.com\\/report\\/v4?s=TCiHWU8nB88arkC8mUUyu0nbYCwVg%2FN1f5WMpBDx%2BIS5z1%2Bx1rfcbhBhOWlCrOPuU6ApyAC7jRk8d0zleGoGz2weLO%2BOgJA9QxzypR1npSQwBt4Z3woZGOs5r95%2BtQzm"}],"group":"cf-nel","max_age":604800}', 'NEL': '{"success_fraction":0,"report_to":"cf-nel","max_age":604800}', 'Server': 'cloudflare', 'CF-RAY': '8abd999f3f92242d-IAD', 'alt-svc': 'h3=":443"; ma=86400'} 
 body={"results":[{"gender":"male","name":{"title":"Mr","first":"Alexandre","last":"Bergeron"},"location":{"street":{"number":9856,"name":"15th St"},"city":"Greenwood","state":"Northwest Territories","country":"Canada","postcode":"R1I 8W0","coordinates":{"latitude":"-68.0678","longitude":"-38.3709"},"timezone":{"offset":"+2:00","description":"Kaliningrad, South Africa"}},"email":"alexandre.bergeron@example.com","login":{"uuid":"018f066a-4992-4003-bfaf-eb59029da509","username":"purplezebra921","password":"whale","salt":"rKJidcm8","md5":"767b4899bb79a6ec34895a037a382873","sha1":"db70f9d386fa276b05f4993f9da9ad2863de5871","sha256":"cb95f9d7d27809a92fe271c040974280550d9deb57665de8c8ab9f277f2e9799"},"dob":{"date":"1984-05-22T12:14:21.622Z","age":40},"registered":{"date":"2009-06-22T05:27:18.138Z","age":15},"phone":"A15 V63-0519","cell":"K01 F22-0566","id":{"name":"SIN","value":"285735387"},"picture":{"large":"https://randomuser.me/api/portraits/men/57.jpg","medium":"https://randomuser.me/api/portraits/med/men/57.jpg","thumbnail":"https://randomuser.me/api/portraits/thumb/men/57.jpg"},"nat":"CA"}],"info":{"seed":"a54e50693cfbe7cd","results":1,"page":1,"version":"1.4"}} 
 </msg>
<msg time="2024-07-31T12:30:34.824086" level="INFO">/opt/hostedtoolcache/Python/3.12.4/x64/lib/python3.12/site-packages/urllib3/connectionpool.py:1099: InsecureRequestWarning: Unverified HTTPS request is being made to host 'randomuser.me'. Adding certificate verification is strongly advised. See: https://urllib3.readthedocs.io/en/latest/advanced-usage.html#tls-warnings
  warnings.warn(</msg>
<msg time="2024-07-31T12:30:34.824246" level="INFO">${response} = &lt;Response [200]&gt;</msg>
<var>${response}</var>
<arg>consultarAPI</arg>
<arg>/api</arg>
<doc>Sends a GET request on a previously created HTTP Session.</doc>
<status status="PASS" start="2024-07-31T12:30:30.271853" elapsed="4.552444"/>
</kw>
<kw name="Set Variable" owner="BuiltIn">
<msg time="2024-07-31T12:30:34.825581" level="INFO">${json_data} = {'results': [{'gender': 'male', 'name': {'title': 'Mr', 'first': 'Alexandre', 'last': 'Bergeron'}, 'location': {'street': {'number': 9856, 'name': '15th St'}, 'city': 'Greenwood', 'state': 'Northwest ...</msg>
<var>${json_data}</var>
<arg>${response.json()}</arg>
<doc>Returns the given values which can then be assigned to a variables.</doc>
<status status="PASS" start="2024-07-31T12:30:34.824883" elapsed="0.000728"/>
</kw>
<kw name="Log" owner="BuiltIn">
<msg time="2024-07-31T12:30:34.826078" level="INFO">{'results': [{'gender': 'male', 'name': {'title': 'Mr', 'first': 'Alexandre', 'last': 'Bergeron'}, 'location': {'street': {'number': 9856, 'name': '15th St'}, 'city': 'Greenwood', 'state': 'Northwest Territories', 'country': 'Canada', 'postcode': 'R1I 8W0', 'coordinates': {'latitude': '-68.0678', 'longitude': '-38.3709'}, 'timezone': {'offset': '+2:00', 'description': 'Kaliningrad, South Africa'}}, 'email': 'alexandre.bergeron@example.com', 'login': {'uuid': '018f066a-4992-4003-bfaf-eb59029da509', 'username': 'purplezebra921', 'password': 'whale', 'salt': 'rKJidcm8', 'md5': '767b4899bb79a6ec34895a037a382873', 'sha1': 'db70f9d386fa276b05f4993f9da9ad2863de5871', 'sha256': 'cb95f9d7d27809a92fe271c040974280550d9deb57665de8c8ab9f277f2e9799'}, 'dob': {'date': '1984-05-22T12:14:21.622Z', 'age': 40}, 'registered': {'date': '2009-06-22T05:27:18.138Z', 'age': 15}, 'phone': 'A15 V63-0519', 'cell': 'K01 F22-0566', 'id': {'name': 'SIN', 'value': '285735387'}, 'picture': {'large': 'https://randomuser.me/api/portraits/men/57.jpg', 'medium': 'https://randomuser.me/api/portraits/med/men/57.jpg', 'thumbnail': 'https://randomuser.me/api/portraits/thumb/men/57.jpg'}, 'nat': 'CA'}], 'info': {'seed': 'a54e50693cfbe7cd', 'results': 1, 'page': 1, 'version': '1.4'}}</msg>
<arg>${json_data}</arg>
<doc>Logs the given message with the given level.</doc>
<status status="PASS" start="2024-07-31T12:30:34.825921" elapsed="0.000204"/>
</kw>
<kw name="Should Be String" owner="String">
<arg>${json_data['results'][0]['gender']}</arg>
<doc>Fails if the given ``item`` is not a string.</doc>
<status status="PASS" start="2024-07-31T12:30:34.826418" elapsed="0.000368"/>
</kw>
<kw name="Should Match Regexp" owner="BuiltIn">
<arg>${json_data['results'][0]['email']}</arg>
<arg>^[a-zA-Z0-9._%+-]+@[a-zA-Z0-9.-]+\.[a-zA-Z]{2,}$</arg>
<doc>Fails if ``string`` does not match ``pattern`` as a regular expression.</doc>
<status status="PASS" start="2024-07-31T12:30:34.826972" elapsed="0.000558"/>
</kw>
<kw name="Should Match Regexp" owner="BuiltIn">
<arg>${json_data['results'][0]['dob']['date']}</arg>
<arg>\\d{4}-\\d{2}-\\d{2}T\\d{2}:\\d{2}:\\d{2}\\.\\d{3}Z</arg>
<doc>Fails if ``string`` does not match ``pattern`` as a regular expression.</doc>
<status status="PASS" start="2024-07-31T12:30:34.827766" elapsed="0.000628"/>
</kw>
<kw name="Should Match Regexp" owner="BuiltIn">
<arg>${json_data['results'][0]['registered']['date']}</arg>
<arg>\\d{4}-\\d{2}-\\d{2}T\\d{2}:\\d{2}:\\d{2}\\.\\d{3}Z</arg>
<doc>Fails if ``string`` does not match ``pattern`` as a regular expression.</doc>
<status status="PASS" start="2024-07-31T12:30:34.828587" elapsed="0.000370"/>
</kw>
<kw name="Should Match Regexp" owner="BuiltIn">
<arg>${json_data['results'][0]['picture']['large']}</arg>
<arg>^https?://.*\.(?:png|jpe?g|gif|bmp)$</arg>
<doc>Fails if ``string`` does not match ``pattern`` as a regular expression.</doc>
<status status="PASS" start="2024-07-31T12:30:34.829141" elapsed="0.000453"/>
</kw>
<kw name="Should Match Regexp" owner="BuiltIn">
<arg>${json_data['results'][0]['picture']['medium']}</arg>
<arg>^https?://.*\.(?:png|jpe?g|gif|bmp)$</arg>
<doc>Fails if ``string`` does not match ``pattern`` as a regular expression.</doc>
<status status="PASS" start="2024-07-31T12:30:34.829780" elapsed="0.000349"/>
</kw>
<kw name="Should Match Regexp" owner="BuiltIn">
<arg>${json_data['results'][0]['picture']['thumbnail']}</arg>
<arg>^https?://.*\.(?:png|jpe?g|gif|bmp)$</arg>
<doc>Fails if ``string`` does not match ``pattern`` as a regular expression.</doc>
<status status="PASS" start="2024-07-31T12:30:34.830313" elapsed="0.000354"/>
</kw>
<kw name="Log" owner="BuiltIn">
<msg time="2024-07-31T12:30:34.831170" level="INFO">{'large': 'https://randomuser.me/api/portraits/men/57.jpg', 'medium': 'https://randomuser.me/api/portraits/med/men/57.jpg', 'thumbnail': 'https://randomuser.me/api/portraits/thumb/men/57.jpg'}</msg>
<arg>${json_data['results'][0]['picture']}</arg>
<doc>Logs the given message with the given level.</doc>
<status status="PASS" start="2024-07-31T12:30:34.830847" elapsed="0.000365"/>
</kw>
<status status="PASS" start="2024-07-31T12:30:30.271628" elapsed="4.559877"/>
</kw>
<kw name="Teste de Tipos de Dados - Postcode" owner="random-user-service">
<kw name="GET On Session" owner="RequestsLibrary">
<msg time="2024-07-31T12:30:38.955773" level="INFO">GET Request : url=https://randomuser.me/api 
 path_url=/api 
 headers={'User-Agent': 'python-requests/2.32.3', 'Accept-Encoding': 'gzip, deflate', 'Accept': '*/*', 'Connection': 'keep-alive'} 
 body=None 
 </msg>
<msg time="2024-07-31T12:30:38.955888" level="INFO">GET Response : url=https://randomuser.me/api 
 status=200, reason=OK 
 headers={'Date': 'Wed, 31 Jul 2024 12:30:38 GMT', 'Content-Type': 'application/json; charset=utf-8', 'Transfer-Encoding': 'chunked', 'Connection': 'keep-alive', 'X-Powered-By': 'Express', 'Access-Control-Allow-Origin': '*', 'Cache-Control': 'no-cache', 'ETag': 'W/"474-Xckmtp1aNE/LR7IPFGaCgsBEms0"', 'Vary': 'Accept-Encoding', 'Content-Encoding': 'gzip', 'CF-Cache-Status': 'DYNAMIC', 'Report-To': '{"endpoints":[{"url":"https:\\/\\/a.nel.cloudflare.com\\/report\\/v4?s=ZedM3J2t0Tl8ZS2VEzc6y3nGEweDJ40HbEQJrV7k9Sk0zNv%2FR9NOvn9xKWvNLv5XGfezwRM%2FXJUOR7AF5RSBVS2Dgc1zQZiO%2B7WQ3smy9S%2F2T7uN4aInP1Sxq31SJMml"}],"group":"cf-nel","max_age":604800}', 'NEL': '{"success_fraction":0,"report_to":"cf-nel","max_age":604800}', 'Server': 'cloudflare', 'CF-RAY': '8abd99bbbbb9242d-IAD', 'alt-svc': 'h3=":443"; ma=86400'} 
 body={"results":[{"gender":"male","name":{"title":"Mr","first":"Afanasiy","last":"Cviek"},"location":{"street":{"number":3397,"name":"Zolotovoritska"},"city":"Armyansk","state":"Hmelnicka","country":"Ukraine","postcode":50093,"coordinates":{"latitude":"77.6027","longitude":"-178.6793"},"timezone":{"offset":"-2:00","description":"Mid-Atlantic"}},"email":"afanasiy.cviek@example.com","login":{"uuid":"0e6550e7-7039-4af6-b8ff-f199cf19bd2e","username":"yellowwolf990","password":"lifehack","salt":"CdnKM0y9","md5":"9c8ba8ca607e45ba1c40ab079cb4ab82","sha1":"2b8edf35dcb621ca0583eac67e90a2f95b1980fd","sha256":"5deff71c073f2493ae615e7e3c044eab6115b5a502b7366e028d2193dc0d6331"},"dob":{"date":"1948-04-13T12:38:20.150Z","age":76},"registered":{"date":"2014-07-20T17:56:50.514Z","age":10},"phone":"(098) Z05-7819","cell":"(097) Q20-4860","id":{"name":"","value":null},"picture":{"large":"https://randomuser.me/api/portraits/men/58.jpg","medium":"https://randomuser.me/api/portraits/med/men/58.jpg","thumbnail":"https://randomuser.me/api/portraits/thumb/men/58.jpg"},"nat":"UA"}],"info":{"seed":"1444381926e74221","results":1,"page":1,"version":"1.4"}} 
 </msg>
<msg time="2024-07-31T12:30:38.955972" level="INFO">/opt/hostedtoolcache/Python/3.12.4/x64/lib/python3.12/site-packages/urllib3/connectionpool.py:1099: InsecureRequestWarning: Unverified HTTPS request is being made to host 'randomuser.me'. Adding certificate verification is strongly advised. See: https://urllib3.readthedocs.io/en/latest/advanced-usage.html#tls-warnings
  warnings.warn(</msg>
<msg time="2024-07-31T12:30:38.956142" level="INFO">${response} = &lt;Response [200]&gt;</msg>
<var>${response}</var>
<arg>consultarAPI</arg>
<arg>/api</arg>
<doc>Sends a GET request on a previously created HTTP Session.</doc>
<status status="PASS" start="2024-07-31T12:30:34.831969" elapsed="4.124231"/>
</kw>
<kw name="Set Variable" owner="BuiltIn">
<msg time="2024-07-31T12:30:38.957477" level="INFO">${json_data} = {'results': [{'gender': 'male', 'name': {'title': 'Mr', 'first': 'Afanasiy', 'last': 'Cviek'}, 'location': {'street': {'number': 3397, 'name': 'Zolotovoritska'}, 'city': 'Armyansk', 'state': 'Hmelnick...</msg>
<var>${json_data}</var>
<arg>${response.json()}</arg>
<doc>Returns the given values which can then be assigned to a variables.</doc>
<status status="PASS" start="2024-07-31T12:30:38.956763" elapsed="0.000755"/>
</kw>
<kw name="Log" owner="BuiltIn">
<msg time="2024-07-31T12:30:38.957994" level="INFO">{'results': [{'gender': 'male', 'name': {'title': 'Mr', 'first': 'Afanasiy', 'last': 'Cviek'}, 'location': {'street': {'number': 3397, 'name': 'Zolotovoritska'}, 'city': 'Armyansk', 'state': 'Hmelnicka', 'country': 'Ukraine', 'postcode': 50093, 'coordinates': {'latitude': '77.6027', 'longitude': '-178.6793'}, 'timezone': {'offset': '-2:00', 'description': 'Mid-Atlantic'}}, 'email': 'afanasiy.cviek@example.com', 'login': {'uuid': '0e6550e7-7039-4af6-b8ff-f199cf19bd2e', 'username': 'yellowwolf990', 'password': 'lifehack', 'salt': 'CdnKM0y9', 'md5': '9c8ba8ca607e45ba1c40ab079cb4ab82', 'sha1': '2b8edf35dcb621ca0583eac67e90a2f95b1980fd', 'sha256': '5deff71c073f2493ae615e7e3c044eab6115b5a502b7366e028d2193dc0d6331'}, 'dob': {'date': '1948-04-13T12:38:20.150Z', 'age': 76}, 'registered': {'date': '2014-07-20T17:56:50.514Z', 'age': 10}, 'phone': '(098) Z05-7819', 'cell': '(097) Q20-4860', 'id': {'name': '', 'value': None}, 'picture': {'large': 'https://randomuser.me/api/portraits/men/58.jpg', 'medium': 'https://randomuser.me/api/portraits/med/men/58.jpg', 'thumbnail': 'https://randomuser.me/api/portraits/thumb/men/58.jpg'}, 'nat': 'UA'}], 'info': {'seed': '1444381926e74221', 'results': 1, 'page': 1, 'version': '1.4'}}</msg>
<arg>${json_data}</arg>
<doc>Logs the given message with the given level.</doc>
<status status="PASS" start="2024-07-31T12:30:38.957833" elapsed="0.000208"/>
</kw>
<kw name="Should Be Equal As Numbers" owner="BuiltIn">
<arg>${json_data['results'][0]['location']['postcode']}</arg>
<arg>${json_data['results'][0]['location']['postcode']}</arg>
<doc>Fails if objects are unequal after converting them to real numbers.</doc>
<status status="PASS" start="2024-07-31T12:30:38.958344" elapsed="0.000629"/>
</kw>
<kw name="Log" owner="BuiltIn">
<msg time="2024-07-31T12:30:38.959559" level="INFO">50093</msg>
<arg>${json_data['results'][0]['location']['postcode']}</arg>
<doc>Logs the given message with the given level.</doc>
<status status="PASS" start="2024-07-31T12:30:38.959168" elapsed="0.000432"/>
</kw>
<status status="PASS" start="2024-07-31T12:30:34.831731" elapsed="4.128157"/>
</kw>
<doc>Testa se os tipos de dados na resposta da API estão corretos.</doc>
<tag>testeTiposDados</tag>
<status status="PASS" start="2024-07-31T12:30:30.271168" elapsed="8.688893"/>
</test>
<test id="s1-s1-t5" name="Validar conteudo" line="35">
<kw name="Teste de Tipos de Conteudo" owner="random-user-service">
<kw name="GET On Session" owner="RequestsLibrary">
<msg time="2024-07-31T12:30:42.066573" level="INFO">GET Request : url=https://randomuser.me/api 
 path_url=/api 
 headers={'User-Agent': 'python-requests/2.32.3', 'Accept-Encoding': 'gzip, deflate', 'Accept': '*/*', 'Connection': 'keep-alive'} 
 body=None 
 </msg>
<msg time="2024-07-31T12:30:42.066691" level="INFO">GET Response : url=https://randomuser.me/api 
 status=200, reason=OK 
 headers={'Date': 'Wed, 31 Jul 2024 12:30:42 GMT', 'Content-Type': 'application/json; charset=utf-8', 'Transfer-Encoding': 'chunked', 'Connection': 'keep-alive', 'X-Powered-By': 'Express', 'Access-Control-Allow-Origin': '*', 'Cache-Control': 'no-cache', 'ETag': 'W/"4a2-BpvgovG9BKsAhJ9MllfE7M2wcDQ"', 'Vary': 'Accept-Encoding', 'Content-Encoding': 'gzip', 'CF-Cache-Status': 'DYNAMIC', 'Report-To': '{"endpoints":[{"url":"https:\\/\\/a.nel.cloudflare.com\\/report\\/v4?s=2iBtRuYXWyYHvz427QzVuw0lNujz%2FaG2VYoSFuE7KLx2BEOz18b1qS67hGFZvyA1cOCAAO84k7SzsEjT1ZR6br44NgqxlBlGTYaaDXF65cjcKGMJGfFEnquw%2BPj9qZ0v"}],"group":"cf-nel","max_age":604800}', 'NEL': '{"success_fraction":0,"report_to":"cf-nel","max_age":604800}', 'Server': 'cloudflare', 'CF-RAY': '8abd99d58839242d-IAD', 'alt-svc': 'h3=":443"; ma=86400'} 
 body={"results":[{"gender":"male","name":{"title":"Mr","first":"Lambert","last":"Göpfert"},"location":{"street":{"number":9415,"name":"Schlossstraße"},"city":"Geyer","state":"Baden-Württemberg","country":"Germany","postcode":93915,"coordinates":{"latitude":"-52.6686","longitude":"-150.3967"},"timezone":{"offset":"-3:00","description":"Brazil, Buenos Aires, Georgetown"}},"email":"lambert.gopfert@example.com","login":{"uuid":"945fd40e-8d11-4b0f-a541-d9b381b63880","username":"goldenbutterfly885","password":"dungeon","salt":"I2hhQc0Q","md5":"34734d5f795de44c83be31c2b2476489","sha1":"8ed91810ec54e4226f073e9e0c3577946fcca0b3","sha256":"2abea4f20a1065be4847a9f673a4ab6c549dae2db982fca0a579067bc7890844"},"dob":{"date":"1978-04-27T16:36:23.867Z","age":46},"registered":{"date":"2016-07-15T08:34:59.902Z","age":8},"phone":"0517-4255013","cell":"0174-5477852","id":{"name":"SVNR","value":"61 270478 G 080"},"picture":{"large":"https://randomuser.me/api/portraits/men/21.jpg","medium":"https://randomuser.me/api/portraits/med/men/21.jpg","thumbnail":"https://randomuser.me/api/portraits/thumb/men/21.jpg"},"nat":"DE"}],"info":{"seed":"0abaa65e15545cbd","results":1,"page":1,"version":"1.4"}} 
 </msg>
<msg time="2024-07-31T12:30:42.066781" level="INFO">/opt/hostedtoolcache/Python/3.12.4/x64/lib/python3.12/site-packages/urllib3/connectionpool.py:1099: InsecureRequestWarning: Unverified HTTPS request is being made to host 'randomuser.me'. Adding certificate verification is strongly advised. See: https://urllib3.readthedocs.io/en/latest/advanced-usage.html#tls-warnings
  warnings.warn(</msg>
<msg time="2024-07-31T12:30:42.066949" level="INFO">${response} = &lt;Response [200]&gt;</msg>
<var>${response}</var>
<arg>consultarAPI</arg>
<arg>/api</arg>
<doc>Sends a GET request on a previously created HTTP Session.</doc>
<status status="PASS" start="2024-07-31T12:30:38.962821" elapsed="3.104179"/>
</kw>
<kw name="Set Variable" owner="BuiltIn">
<msg time="2024-07-31T12:30:42.068170" level="INFO">${json_data} = {'results': [{'gender': 'male', 'name': {'title': 'Mr', 'first': 'Lambert', 'last': 'Göpfert'}, 'location': {'street': {'number': 9415, 'name': 'Schlossstraße'}, 'city': 'Geyer', 'state': 'Baden-Württ...</msg>
<var>${json_data}</var>
<arg>${response.json()}</arg>
<doc>Returns the given values which can then be assigned to a variables.</doc>
<status status="PASS" start="2024-07-31T12:30:42.067625" elapsed="0.000575"/>
</kw>
<kw name="Set Variable" owner="BuiltIn">
<msg time="2024-07-31T12:30:42.068895" level="INFO">${name_title} = Mr</msg>
<var>${name_title}</var>
<arg>${json_data["results"][0]["name"]["title"]}</arg>
<doc>Returns the given values which can then be assigned to a variables.</doc>
<status status="PASS" start="2024-07-31T12:30:42.068509" elapsed="0.000412"/>
</kw>
<kw name="Create List" owner="BuiltIn">
<msg time="2024-07-31T12:30:42.069368" level="INFO">${allowed_titles} = ['Mr', 'Ms', 'Miss', 'Mrs', 'Madame', 'Monsieur']</msg>
<var>${allowed_titles}</var>
<arg>Mr</arg>
<arg>Ms</arg>
<arg>Miss</arg>
<arg>Mrs</arg>
<arg>Madame</arg>
<arg>Monsieur</arg>
<doc>Returns a list containing given items.</doc>
<status status="PASS" start="2024-07-31T12:30:42.069217" elapsed="0.000176"/>
</kw>
<kw name="List Should Contain Value" owner="Collections">
<arg>${allowed_titles}</arg>
<arg>${name_title}</arg>
<doc>Fails if the ``value`` is not found from ``list``.</doc>
<status status="PASS" start="2024-07-31T12:30:42.069688" elapsed="0.000181"/>
</kw>
<kw name="Set Variable" owner="BuiltIn">
<msg time="2024-07-31T12:30:42.070440" level="INFO">${name_country} = DE</msg>
<var>${name_country}</var>
<arg>${json_data["results"][0]["nat"]}</arg>
<doc>Returns the given values which can then be assigned to a variables.</doc>
<status status="PASS" start="2024-07-31T12:30:42.070059" elapsed="0.000407"/>
</kw>
<kw name="Create List" owner="BuiltIn">
<msg time="2024-07-31T12:30:42.071375" level="INFO">${list_country} = ['AD', 'AE', 'AF', 'AG', 'AI', 'AL', 'AM', 'AO', 'AQ', 'AR', 'AS', 'AT', 'AU', 'AW', 'AX', 'AZ', 'BA', 'BB', 'BD', 'BE', 'BF', 'BG', 'BH', 'BI', 'BJ', 'BL', 'BM', 'BN', 'BO', 'BQ', 'BR', 'BS', 'BT', '...</msg>
<var>${list_country}</var>
<arg>AD</arg>
<arg>AE</arg>
<arg>AF</arg>
<arg>AG</arg>
<arg>AI</arg>
<arg>AL</arg>
<arg>AM</arg>
<arg>AO</arg>
<arg>AQ</arg>
<arg>AR</arg>
<arg>AS</arg>
<arg>AT</arg>
<arg>AU</arg>
<arg>AW</arg>
<arg>AX</arg>
<arg>AZ</arg>
<arg>BA</arg>
<arg>BB</arg>
<arg>BD</arg>
<arg>BE</arg>
<arg>BF</arg>
<arg>BG</arg>
<arg>BH</arg>
<arg>BI</arg>
<arg>BJ</arg>
<arg>BL</arg>
<arg>BM</arg>
<arg>BN</arg>
<arg>BO</arg>
<arg>BQ</arg>
<arg>BR</arg>
<arg>BS</arg>
<arg>BT</arg>
<arg>BV</arg>
<arg>BW</arg>
<arg>BY</arg>
<arg>BZ</arg>
<arg>CA</arg>
<arg>CC</arg>
<arg>CD</arg>
<arg>CF</arg>
<arg>CG</arg>
<arg>CH</arg>
<arg>CI</arg>
<arg>CK</arg>
<arg>CL</arg>
<arg>CM</arg>
<arg>CN</arg>
<arg>CO</arg>
<arg>CR</arg>
<arg>CU</arg>
<arg>CV</arg>
<arg>CW</arg>
<arg>CX</arg>
<arg>CY</arg>
<arg>CZ</arg>
<arg>DE</arg>
<arg>DJ</arg>
<arg>DK</arg>
<arg>DM</arg>
<arg>DO</arg>
<arg>DZ</arg>
<arg>EC</arg>
<arg>EE</arg>
<arg>EG</arg>
<arg>EH</arg>
<arg>ER</arg>
<arg>ES</arg>
<arg>ET</arg>
<arg>FI</arg>
<arg>FJ</arg>
<arg>FK</arg>
<arg>FM</arg>
<arg>FO</arg>
<arg>FR</arg>
<arg>GA</arg>
<arg>GB</arg>
<arg>GD</arg>
<arg>GE</arg>
<arg>GF</arg>
<arg>GG</arg>
<arg>GH</arg>
<arg>GI</arg>
<arg>GL</arg>
<arg>GM</arg>
<arg>GN</arg>
<arg>GP</arg>
<arg>GQ</arg>
<arg>GR</arg>
<arg>GS</arg>
<arg>GT</arg>
<arg>GU</arg>
<arg>GW</arg>
<arg>GY</arg>
<arg>HK</arg>
<arg>HM</arg>
<arg>HN</arg>
<arg>HR</arg>
<arg>HT</arg>
<arg>HU</arg>
<arg>ID</arg>
<arg>IE</arg>
<arg>IL</arg>
<arg>IM</arg>
<arg>IN</arg>
<arg>IO</arg>
<arg>IQ</arg>
<arg>IR</arg>
<arg>IS</arg>
<arg>IT</arg>
<arg>JE</arg>
<arg>JM</arg>
<arg>JO</arg>
<arg>JP</arg>
<arg>KE</arg>
<arg>KG</arg>
<arg>KH</arg>
<arg>KI</arg>
<arg>KM</arg>
<arg>KN</arg>
<arg>KP</arg>
<arg>KR</arg>
<arg>KW</arg>
<arg>KY</arg>
<arg>KZ</arg>
<arg>LA</arg>
<arg>LB</arg>
<arg>LC</arg>
<arg>LI</arg>
<arg>LK</arg>
<arg>LR</arg>
<arg>LS</arg>
<arg>LT</arg>
<arg>LU</arg>
<arg>LV</arg>
<arg>LY</arg>
<arg>MA</arg>
<arg>MC</arg>
<arg>MD</arg>
<arg>ME</arg>
<arg>MF</arg>
<arg>MG</arg>
<arg>MH</arg>
<arg>MK</arg>
<arg>ML</arg>
<arg>MM</arg>
<arg>MN</arg>
<arg>MO</arg>
<arg>MP</arg>
<arg>MQ</arg>
<arg>MR</arg>
<arg>MS</arg>
<arg>MT</arg>
<arg>MU</arg>
<arg>MV</arg>
<arg>MW</arg>
<arg>MX</arg>
<arg>MY</arg>
<arg>MZ</arg>
<arg>NA</arg>
<arg>NC</arg>
<arg>NE</arg>
<arg>NF</arg>
<arg>NG</arg>
<arg>NI</arg>
<arg>NL</arg>
<arg>NO</arg>
<arg>NP</arg>
<arg>NR</arg>
<arg>NU</arg>
<arg>NZ</arg>
<arg>OM</arg>
<arg>PA</arg>
<arg>PE</arg>
<arg>PF</arg>
<arg>PG</arg>
<arg>PH</arg>
<arg>PK</arg>
<arg>PL</arg>
<arg>PM</arg>
<arg>PN</arg>
<arg>PR</arg>
<arg>PS</arg>
<arg>PT</arg>
<arg>PW</arg>
<arg>PY</arg>
<arg>QA</arg>
<arg>RE</arg>
<arg>RO</arg>
<arg>RS</arg>
<arg>RU</arg>
<arg>RW</arg>
<arg>SA</arg>
<arg>SB</arg>
<arg>SC</arg>
<arg>SD</arg>
<arg>SE</arg>
<arg>SG</arg>
<arg>SH</arg>
<arg>SI</arg>
<arg>SJ</arg>
<arg>SK</arg>
<arg>SL</arg>
<arg>SM</arg>
<arg>SN</arg>
<arg>SO</arg>
<arg>SR</arg>
<arg>SS</arg>
<arg>ST</arg>
<arg>SV</arg>
<arg>SX</arg>
<arg>SY</arg>
<arg>SZ</arg>
<arg>TC</arg>
<arg>TD</arg>
<arg>TF</arg>
<arg>TG</arg>
<arg>TH</arg>
<arg>TJ</arg>
<arg>TK</arg>
<arg>TL</arg>
<arg>TM</arg>
<arg>TN</arg>
<arg>TO</arg>
<arg>TR</arg>
<arg>TT</arg>
<arg>TV</arg>
<arg>TW</arg>
<arg>TZ</arg>
<arg>UA</arg>
<arg>UG</arg>
<arg>UM</arg>
<arg>US</arg>
<arg>UY</arg>
<arg>UZ</arg>
<arg>VA</arg>
<arg>VC</arg>
<arg>VE</arg>
<arg>VG</arg>
<arg>VI</arg>
<arg>VN</arg>
<arg>VU</arg>
<arg>WF</arg>
<arg>WS</arg>
<arg>XK</arg>
<arg>YE</arg>
<arg>YT</arg>
<arg>ZA</arg>
<arg>ZM</arg>
<arg>ZW</arg>
<doc>Returns a list containing given items.</doc>
<status status="PASS" start="2024-07-31T12:30:42.070758" elapsed="0.000645"/>
</kw>
<kw name="List Should Contain Value" owner="Collections">
<arg>${list_country}</arg>
<arg>${name_country}</arg>
<doc>Fails if the ``value`` is not found from ``list``.</doc>
<status status="PASS" start="2024-07-31T12:30:42.072379" elapsed="0.000209"/>
</kw>
<kw name="Run Keyword If" owner="BuiltIn">
<kw name="Should Be True" owner="BuiltIn">
<arg>${True}</arg>
<doc>Fails if the given condition is not true.</doc>
<status status="PASS" start="2024-07-31T12:30:42.073520" elapsed="0.000142"/>
</kw>
<arg>${json_data["results"][0]["location"]["coordinates"]["latitude"]} &gt;= -90 and ${json_data["results"][0]["location"]["coordinates"]["latitude"]} &lt;= 90</arg>
<arg>Should Be True</arg>
<arg>${True}</arg>
<doc>Runs the given keyword with the given arguments, if ``condition`` is true.</doc>
<status status="PASS" start="2024-07-31T12:30:42.072787" elapsed="0.001000"/>
</kw>
<kw name="Run Keyword If" owner="BuiltIn">
<kw name="Should Be True" owner="BuiltIn">
<arg>${True}</arg>
<doc>Fails if the given condition is not true.</doc>
<status status="PASS" start="2024-07-31T12:30:42.074659" elapsed="0.000139"/>
</kw>
<arg>${json_data["results"][0]["location"]["coordinates"]["longitude"]} &gt;= -180 and ${json_data["results"][0]["location"]["coordinates"]["longitude"]} &lt;= 180</arg>
<arg>Should Be True</arg>
<arg>${True}</arg>
<doc>Runs the given keyword with the given arguments, if ``condition`` is true.</doc>
<status status="PASS" start="2024-07-31T12:30:42.073965" elapsed="0.000959"/>
</kw>
<status status="PASS" start="2024-07-31T12:30:38.962479" elapsed="3.112576"/>
</kw>
<doc>Testa o conteúdo específico dos campos retornados pela API.</doc>
<tag>testeConteudo</tag>
<status status="PASS" start="2024-07-31T12:30:38.961826" elapsed="3.113380"/>
</test>
<status status="PASS" start="2024-07-31T12:30:20.130860" elapsed="21.946311"/>
</suite>
<status status="PASS" start="2024-07-31T12:30:20.104847" elapsed="21.977873"/>
</suite>
<statistics>
<total>
<stat pass="5" fail="0" skip="0">All Tests</stat>
</total>
<tag>
<stat pass="1" fail="0" skip="0">testeConteudo</stat>
<stat pass="1" fail="0" skip="0">testeEstruturaResposta</stat>
<stat pass="1" fail="0" skip="0">testeRequisicaoBasica</stat>
<stat pass="1" fail="0" skip="0">testeTiposDados</stat>
</tag>
<suite>
<stat pass="5" fail="0" skip="0" id="s1" name="Tests">Tests</stat>
<stat pass="5" fail="0" skip="0" id="s1-s1" name="Random-User-Test">Tests.Random-User-Test</stat>
</suite>
</statistics>
<errors>
</errors>
</robot>
