<?xml version="1.0" encoding="UTF-8"?>
<robot generator="Robot 7.0.1 (Python 3.12.4 on linux)" generated="2024-07-24T23:16:13.832793" rpa="false" schemaversion="5">
<suite id="s1" name="Tests" source="/home/runner/work/ApiRandomUser/ApiRandomUser/RamdonUser/tests">
<suite id="s1-s1" name="Random-User-Test" source="/home/runner/work/ApiRandomUser/ApiRandomUser/RamdonUser/tests/random-user-test.robot">
<test id="s1-s1-t1" name="Conectar" line="13">
<kw name="Conectar API" owner="random-user-service">
<kw name="Create Session" owner="RequestsLibrary">
<msg time="2024-07-24T23:16:14.227589" level="INFO">Creating Session using : alias=consultarAPI, url=https://randomuser.me/, headers={},                     cookies={}, auth=None, timeout=None, proxies=None, verify=False,                     debug=0 </msg>
<arg>consultarAPI</arg>
<arg>${URL}</arg>
<doc>Create Session: create a HTTP session to a server</doc>
<status status="PASS" start="2024-07-24T23:16:14.227363" elapsed="0.000413"/>
</kw>
<status status="PASS" start="2024-07-24T23:16:14.226309" elapsed="0.001828"/>
</kw>
<status status="PASS" start="2024-07-24T23:16:14.225752" elapsed="0.002587"/>
</test>
<test id="s1-s1-t2" name="Validar retorno 200 e JSON Válido" line="16">
<kw name="Teste de Requisicao Basica" owner="random-user-service">
<kw name="GET On Session" owner="RequestsLibrary">
<msg time="2024-07-24T23:16:14.505398" level="INFO">GET Request : url=https://randomuser.me/api 
 path_url=/api 
 headers={'User-Agent': 'python-requests/2.32.3', 'Accept-Encoding': 'gzip, deflate', 'Accept': '*/*', 'Connection': 'keep-alive'} 
 body=None 
 </msg>
<msg time="2024-07-24T23:16:14.505552" level="INFO">GET Response : url=https://randomuser.me/api 
 status=200, reason=OK 
 headers={'Date': 'Wed, 24 Jul 2024 23:16:14 GMT', 'Content-Type': 'application/json; charset=utf-8', 'Transfer-Encoding': 'chunked', 'Connection': 'keep-alive', 'X-Powered-By': 'Express', 'Access-Control-Allow-Origin': '*', 'Cache-Control': 'no-cache', 'ETag': 'W/"49a-KTiLI7EcOJk8xwI4Xjyu+EwxLp0"', 'Vary': 'Accept-Encoding', 'Content-Encoding': 'gzip', 'CF-Cache-Status': 'DYNAMIC', 'Report-To': '{"endpoints":[{"url":"https:\\/\\/a.nel.cloudflare.com\\/report\\/v4?s=TVZ%2BoUlGE7LJeObirXr%2FOxtKnS100AIKP8sjl6S2lAQFPNcWJmM%2BLTWS3Wm2%2F4hNLFqUfDy5TawKNTXjPyrWEYRkK9L4UOENYxqloT6nPEUc65KWVwLQonxjIRJi%2FDK2"}],"group":"cf-nel","max_age":604800}', 'NEL': '{"success_fraction":0,"report_to":"cf-nel","max_age":604800}', 'Server': 'cloudflare', 'CF-RAY': '8a879de6190f2324-ORD', 'alt-svc': 'h3=":443"; ma=86400'} 
 body={"results":[{"gender":"female","name":{"title":"Ms","first":"Margot","last":"Andre"},"location":{"street":{"number":9188,"name":"Rue du 8 Mai 1945"},"city":"Lille","state":"Bas-Rhin","country":"France","postcode":33880,"coordinates":{"latitude":"-20.7861","longitude":"175.8483"},"timezone":{"offset":"-3:00","description":"Brazil, Buenos Aires, Georgetown"}},"email":"margot.andre@example.com","login":{"uuid":"b0d5ec61-49dd-46c6-a17d-59087f9e685d","username":"smallgoose637","password":"itsme","salt":"J2ZAXylf","md5":"1e729534e7e753f53e13c055e749eaae","sha1":"211fbe3203f459f754aac53f9445014e76becbba","sha256":"b90d628975397fd5661171627723acd83350f4b8d8e19a65af3353c62ca6dd2c"},"dob":{"date":"1946-02-21T16:30:29.773Z","age":78},"registered":{"date":"2012-10-05T04:49:37.395Z","age":11},"phone":"05-69-45-38-27","cell":"06-58-05-86-47","id":{"name":"INSEE","value":"2460112834288 63"},"picture":{"large":"https://randomuser.me/api/portraits/women/42.jpg","medium":"https://randomuser.me/api/portraits/med/women/42.jpg","thumbnail":"https://randomuser.me/api/portraits/thumb/women/42.jpg"},"nat":"FR"}],"info":{"seed":"20c91047e6203118","results":1,"page":1,"version":"1.4"}} 
 </msg>
<msg time="2024-07-24T23:16:14.505633" level="INFO">/opt/hostedtoolcache/Python/3.12.4/x64/lib/python3.12/site-packages/urllib3/connectionpool.py:1099: InsecureRequestWarning: Unverified HTTPS request is being made to host 'randomuser.me'. Adding certificate verification is strongly advised. See: https://urllib3.readthedocs.io/en/latest/advanced-usage.html#tls-warnings
  warnings.warn(</msg>
<msg time="2024-07-24T23:16:14.505785" level="INFO">${response} = &lt;Response [200]&gt;</msg>
<var>${response}</var>
<arg>consultarAPI</arg>
<arg>/api</arg>
<doc>Sends a GET request on a previously created HTTP Session.</doc>
<status status="PASS" start="2024-07-24T23:16:14.230950" elapsed="0.274877"/>
</kw>
<kw name="Should Be Equal As Numbers" owner="BuiltIn">
<msg time="2024-07-24T23:16:14.506952" level="INFO">Argument types are:
&lt;class 'int'&gt;
&lt;class 'str'&gt;</msg>
<arg>${response.status_code}</arg>
<arg>200</arg>
<doc>Fails if objects are unequal after converting them to real numbers.</doc>
<status status="PASS" start="2024-07-24T23:16:14.506449" elapsed="0.000570"/>
</kw>
<kw name="Log" owner="BuiltIn">
<msg time="2024-07-24T23:16:14.507759" level="INFO">200</msg>
<arg>${response.status_code}</arg>
<doc>Logs the given message with the given level.</doc>
<status status="PASS" start="2024-07-24T23:16:14.507345" elapsed="0.000457"/>
</kw>
<kw name="Set Variable" owner="BuiltIn">
<msg time="2024-07-24T23:16:14.508557" level="INFO">${json_data} = {'results': [{'gender': 'female', 'name': {'title': 'Ms', 'first': 'Margot', 'last': 'Andre'}, 'location': {'street': {'number': 9188, 'name': 'Rue du 8 Mai 1945'}, 'city': 'Lille', 'state': 'Bas-Rhin...</msg>
<var>${json_data}</var>
<arg>${response.json()}</arg>
<doc>Returns the given values which can then be assigned to a variables.</doc>
<status status="PASS" start="2024-07-24T23:16:14.508118" elapsed="0.000469"/>
</kw>
<kw name="Dictionary Should Contain Key" owner="Collections">
<arg>${json_data}</arg>
<arg>results</arg>
<doc>Fails if ``key`` is not found from ``dictionary``.</doc>
<status status="PASS" start="2024-07-24T23:16:14.508891" elapsed="0.000355"/>
</kw>
<status status="PASS" start="2024-07-24T23:16:14.230703" elapsed="0.278698"/>
</kw>
<doc>Testa se a API responde corretamente e retorna um objeto JSON válido.</doc>
<tag>testeRequisicaoBasica</tag>
<status status="PASS" start="2024-07-24T23:16:14.230214" elapsed="0.279365"/>
</test>
<test id="s1-s1-t3" name="Validar estrutura de resposta" line="22">
<kw name="Teste de Estrutura de Resposta" owner="random-user-service">
<kw name="GET On Session" owner="RequestsLibrary">
<msg time="2024-07-24T23:16:14.639574" level="INFO">GET Request : url=https://randomuser.me/api 
 path_url=/api 
 headers={'User-Agent': 'python-requests/2.32.3', 'Accept-Encoding': 'gzip, deflate', 'Accept': '*/*', 'Connection': 'keep-alive'} 
 body=None 
 </msg>
<msg time="2024-07-24T23:16:14.639675" level="INFO">GET Response : url=https://randomuser.me/api 
 status=200, reason=OK 
 headers={'Date': 'Wed, 24 Jul 2024 23:16:14 GMT', 'Content-Type': 'application/json; charset=utf-8', 'Transfer-Encoding': 'chunked', 'Connection': 'keep-alive', 'X-Powered-By': 'Express', 'Access-Control-Allow-Origin': '*', 'Cache-Control': 'no-cache', 'ETag': 'W/"46a-0WZ/Hgq01c3GnYX1i6QUzT7nlro"', 'Vary': 'Accept-Encoding', 'Content-Encoding': 'gzip', 'CF-Cache-Status': 'DYNAMIC', 'Report-To': '{"endpoints":[{"url":"https:\\/\\/a.nel.cloudflare.com\\/report\\/v4?s=AouIlJHita37KdYdwgdN5Dzah7vkDhwM8u%2BQ2kBisGCEQjII1Ibs4fhSsqGyGR2UqjprIEyALSoZthrKx%2Fhs2wbMcTdRDV3kU6ud%2FW76uvefqxxyMfW%2B9qRsimHNCakb"}],"group":"cf-nel","max_age":604800}', 'NEL': '{"success_fraction":0,"report_to":"cf-nel","max_age":604800}', 'Server': 'cloudflare', 'CF-RAY': '8a879de6b9d22324-ORD', 'alt-svc': 'h3=":443"; ma=86400'} 
 body={"results":[{"gender":"male","name":{"title":"Mr","first":"Mohamed","last":"Cruz"},"location":{"street":{"number":6077,"name":"Calle del Barquillo"},"city":"Lugo","state":"La Rioja","country":"Spain","postcode":77659,"coordinates":{"latitude":"-30.7426","longitude":"-91.2998"},"timezone":{"offset":"-10:00","description":"Hawaii"}},"email":"mohamed.cruz@example.com","login":{"uuid":"c219c7cc-aae1-493a-8355-de911fd472af","username":"goldenfrog851","password":"clapton","salt":"MN5eJnPc","md5":"c40be9b2d817508e265eeb41d18ba336","sha1":"7307eb6a6f20b84ba79d984f3f16f9129d7a31b1","sha256":"fa2a3dda54f5a2669d4dfca2029b4720eed0626627c64e2da7da08fd77beba99"},"dob":{"date":"1997-07-02T09:58:15.967Z","age":27},"registered":{"date":"2013-10-06T04:52:35.550Z","age":10},"phone":"909-824-169","cell":"607-695-250","id":{"name":"DNI","value":"12728460-H"},"picture":{"large":"https://randomuser.me/api/portraits/men/8.jpg","medium":"https://randomuser.me/api/portraits/med/men/8.jpg","thumbnail":"https://randomuser.me/api/portraits/thumb/men/8.jpg"},"nat":"ES"}],"info":{"seed":"488b6f9aebbec31f","results":1,"page":1,"version":"1.4"}} 
 </msg>
<msg time="2024-07-24T23:16:14.639804" level="INFO">/opt/hostedtoolcache/Python/3.12.4/x64/lib/python3.12/site-packages/urllib3/connectionpool.py:1099: InsecureRequestWarning: Unverified HTTPS request is being made to host 'randomuser.me'. Adding certificate verification is strongly advised. See: https://urllib3.readthedocs.io/en/latest/advanced-usage.html#tls-warnings
  warnings.warn(</msg>
<msg time="2024-07-24T23:16:14.639943" level="INFO">${response} = &lt;Response [200]&gt;</msg>
<var>${response}</var>
<arg>consultarAPI</arg>
<arg>/api</arg>
<doc>Sends a GET request on a previously created HTTP Session.</doc>
<status status="PASS" start="2024-07-24T23:16:14.512223" elapsed="0.127761"/>
</kw>
<kw name="Set Variable" owner="BuiltIn">
<msg time="2024-07-24T23:16:14.641011" level="INFO">${json_data} = {'results': [{'gender': 'male', 'name': {'title': 'Mr', 'first': 'Mohamed', 'last': 'Cruz'}, 'location': {'street': {'number': 6077, 'name': 'Calle del Barquillo'}, 'city': 'Lugo', 'state': 'La Rioja'...</msg>
<var>${json_data}</var>
<arg>${response.json()}</arg>
<doc>Returns the given values which can then be assigned to a variables.</doc>
<status status="PASS" start="2024-07-24T23:16:14.640484" elapsed="0.000557"/>
</kw>
<kw name="Log" owner="BuiltIn">
<msg time="2024-07-24T23:16:14.641522" level="INFO">{'results': [{'gender': 'male', 'name': {'title': 'Mr', 'first': 'Mohamed', 'last': 'Cruz'}, 'location': {'street': {'number': 6077, 'name': 'Calle del Barquillo'}, 'city': 'Lugo', 'state': 'La Rioja', 'country': 'Spain', 'postcode': 77659, 'coordinates': {'latitude': '-30.7426', 'longitude': '-91.2998'}, 'timezone': {'offset': '-10:00', 'description': 'Hawaii'}}, 'email': 'mohamed.cruz@example.com', 'login': {'uuid': 'c219c7cc-aae1-493a-8355-de911fd472af', 'username': 'goldenfrog851', 'password': 'clapton', 'salt': 'MN5eJnPc', 'md5': 'c40be9b2d817508e265eeb41d18ba336', 'sha1': '7307eb6a6f20b84ba79d984f3f16f9129d7a31b1', 'sha256': 'fa2a3dda54f5a2669d4dfca2029b4720eed0626627c64e2da7da08fd77beba99'}, 'dob': {'date': '1997-07-02T09:58:15.967Z', 'age': 27}, 'registered': {'date': '2013-10-06T04:52:35.550Z', 'age': 10}, 'phone': '909-824-169', 'cell': '607-695-250', 'id': {'name': 'DNI', 'value': '12728460-H'}, 'picture': {'large': 'https://randomuser.me/api/portraits/men/8.jpg', 'medium': 'https://randomuser.me/api/portraits/med/men/8.jpg', 'thumbnail': 'https://randomuser.me/api/portraits/thumb/men/8.jpg'}, 'nat': 'ES'}], 'info': {'seed': '488b6f9aebbec31f', 'results': 1, 'page': 1, 'version': '1.4'}}</msg>
<arg>${json_data}</arg>
<doc>Logs the given message with the given level.</doc>
<status status="PASS" start="2024-07-24T23:16:14.641353" elapsed="0.000218"/>
</kw>
<kw name="Dictionary Should Contain Key" owner="Collections">
<arg>${json_data}</arg>
<arg>results</arg>
<doc>Fails if ``key`` is not found from ``dictionary``.</doc>
<status status="PASS" start="2024-07-24T23:16:14.641874" elapsed="0.000168"/>
</kw>
<kw name="Should Not Be Empty" owner="BuiltIn">
<msg time="2024-07-24T23:16:14.642376" level="INFO">Length is 2.</msg>
<arg>${json_data}</arg>
<doc>Verifies that the given item is not empty.</doc>
<status status="PASS" start="2024-07-24T23:16:14.642233" elapsed="0.000182"/>
</kw>
<kw name="Create List" owner="BuiltIn">
<msg time="2024-07-24T23:16:14.642877" level="INFO">${expected_keys} = ['gender', 'name', 'location', 'email', 'login']</msg>
<var>${expected_keys}</var>
<arg>gender</arg>
<arg>name</arg>
<arg>location</arg>
<arg>email</arg>
<arg>login</arg>
<doc>Returns a list containing given items.</doc>
<status status="PASS" start="2024-07-24T23:16:14.642710" elapsed="0.000192"/>
</kw>
<for flavor="IN">
<iter>
<kw name="Dictionary Should Contain Key" owner="Collections">
<arg>${json_data['results'][0]}</arg>
<arg>${key}</arg>
<doc>Fails if ``key`` is not found from ``dictionary``.</doc>
<status status="PASS" start="2024-07-24T23:16:14.643531" elapsed="0.000420"/>
</kw>
<kw name="Log" owner="BuiltIn">
<msg time="2024-07-24T23:16:14.644505" level="INFO">{'gender': 'male', 'name': {'title': 'Mr', 'first': 'Mohamed', 'last': 'Cruz'}, 'location': {'street': {'number': 6077, 'name': 'Calle del Barquillo'}, 'city': 'Lugo', 'state': 'La Rioja', 'country': 'Spain', 'postcode': 77659, 'coordinates': {'latitude': '-30.7426', 'longitude': '-91.2998'}, 'timezone': {'offset': '-10:00', 'description': 'Hawaii'}}, 'email': 'mohamed.cruz@example.com', 'login': {'uuid': 'c219c7cc-aae1-493a-8355-de911fd472af', 'username': 'goldenfrog851', 'password': 'clapton', 'salt': 'MN5eJnPc', 'md5': 'c40be9b2d817508e265eeb41d18ba336', 'sha1': '7307eb6a6f20b84ba79d984f3f16f9129d7a31b1', 'sha256': 'fa2a3dda54f5a2669d4dfca2029b4720eed0626627c64e2da7da08fd77beba99'}, 'dob': {'date': '1997-07-02T09:58:15.967Z', 'age': 27}, 'registered': {'date': '2013-10-06T04:52:35.550Z', 'age': 10}, 'phone': '909-824-169', 'cell': '607-695-250', 'id': {'name': 'DNI', 'value': '12728460-H'}, 'picture': {'large': 'https://randomuser.me/api/portraits/men/8.jpg', 'medium': 'https://randomuser.me/api/portraits/med/men/8.jpg', 'thumbnail': 'https://randomuser.me/api/portraits/thumb/men/8.jpg'}, 'nat': 'ES'}</msg>
<arg>${json_data['results'][0]}</arg>
<doc>Logs the given message with the given level.</doc>
<status status="PASS" start="2024-07-24T23:16:14.644140" elapsed="0.000414"/>
</kw>
<kw name="Log" owner="BuiltIn">
<msg time="2024-07-24T23:16:14.644989" level="INFO">gender</msg>
<arg>${key}</arg>
<doc>Logs the given message with the given level.</doc>
<status status="PASS" start="2024-07-24T23:16:14.644858" elapsed="0.000171"/>
</kw>
<var name="${key}">gender</var>
<status status="PASS" start="2024-07-24T23:16:14.643368" elapsed="0.001878"/>
</iter>
<iter>
<kw name="Dictionary Should Contain Key" owner="Collections">
<arg>${json_data['results'][0]}</arg>
<arg>${key}</arg>
<doc>Fails if ``key`` is not found from ``dictionary``.</doc>
<status status="PASS" start="2024-07-24T23:16:14.645548" elapsed="0.000407"/>
</kw>
<kw name="Log" owner="BuiltIn">
<msg time="2024-07-24T23:16:14.646509" level="INFO">{'gender': 'male', 'name': {'title': 'Mr', 'first': 'Mohamed', 'last': 'Cruz'}, 'location': {'street': {'number': 6077, 'name': 'Calle del Barquillo'}, 'city': 'Lugo', 'state': 'La Rioja', 'country': 'Spain', 'postcode': 77659, 'coordinates': {'latitude': '-30.7426', 'longitude': '-91.2998'}, 'timezone': {'offset': '-10:00', 'description': 'Hawaii'}}, 'email': 'mohamed.cruz@example.com', 'login': {'uuid': 'c219c7cc-aae1-493a-8355-de911fd472af', 'username': 'goldenfrog851', 'password': 'clapton', 'salt': 'MN5eJnPc', 'md5': 'c40be9b2d817508e265eeb41d18ba336', 'sha1': '7307eb6a6f20b84ba79d984f3f16f9129d7a31b1', 'sha256': 'fa2a3dda54f5a2669d4dfca2029b4720eed0626627c64e2da7da08fd77beba99'}, 'dob': {'date': '1997-07-02T09:58:15.967Z', 'age': 27}, 'registered': {'date': '2013-10-06T04:52:35.550Z', 'age': 10}, 'phone': '909-824-169', 'cell': '607-695-250', 'id': {'name': 'DNI', 'value': '12728460-H'}, 'picture': {'large': 'https://randomuser.me/api/portraits/men/8.jpg', 'medium': 'https://randomuser.me/api/portraits/med/men/8.jpg', 'thumbnail': 'https://randomuser.me/api/portraits/thumb/men/8.jpg'}, 'nat': 'ES'}</msg>
<arg>${json_data['results'][0]}</arg>
<doc>Logs the given message with the given level.</doc>
<status status="PASS" start="2024-07-24T23:16:14.646141" elapsed="0.000449"/>
</kw>
<kw name="Log" owner="BuiltIn">
<msg time="2024-07-24T23:16:14.647022" level="INFO">name</msg>
<arg>${key}</arg>
<doc>Logs the given message with the given level.</doc>
<status status="PASS" start="2024-07-24T23:16:14.646893" elapsed="0.000167"/>
</kw>
<var name="${key}">name</var>
<status status="PASS" start="2024-07-24T23:16:14.645437" elapsed="0.001840"/>
</iter>
<iter>
<kw name="Dictionary Should Contain Key" owner="Collections">
<arg>${json_data['results'][0]}</arg>
<arg>${key}</arg>
<doc>Fails if ``key`` is not found from ``dictionary``.</doc>
<status status="PASS" start="2024-07-24T23:16:14.647589" elapsed="0.000384"/>
</kw>
<kw name="Log" owner="BuiltIn">
<msg time="2024-07-24T23:16:14.648513" level="INFO">{'gender': 'male', 'name': {'title': 'Mr', 'first': 'Mohamed', 'last': 'Cruz'}, 'location': {'street': {'number': 6077, 'name': 'Calle del Barquillo'}, 'city': 'Lugo', 'state': 'La Rioja', 'country': 'Spain', 'postcode': 77659, 'coordinates': {'latitude': '-30.7426', 'longitude': '-91.2998'}, 'timezone': {'offset': '-10:00', 'description': 'Hawaii'}}, 'email': 'mohamed.cruz@example.com', 'login': {'uuid': 'c219c7cc-aae1-493a-8355-de911fd472af', 'username': 'goldenfrog851', 'password': 'clapton', 'salt': 'MN5eJnPc', 'md5': 'c40be9b2d817508e265eeb41d18ba336', 'sha1': '7307eb6a6f20b84ba79d984f3f16f9129d7a31b1', 'sha256': 'fa2a3dda54f5a2669d4dfca2029b4720eed0626627c64e2da7da08fd77beba99'}, 'dob': {'date': '1997-07-02T09:58:15.967Z', 'age': 27}, 'registered': {'date': '2013-10-06T04:52:35.550Z', 'age': 10}, 'phone': '909-824-169', 'cell': '607-695-250', 'id': {'name': 'DNI', 'value': '12728460-H'}, 'picture': {'large': 'https://randomuser.me/api/portraits/men/8.jpg', 'medium': 'https://randomuser.me/api/portraits/med/men/8.jpg', 'thumbnail': 'https://randomuser.me/api/portraits/thumb/men/8.jpg'}, 'nat': 'ES'}</msg>
<arg>${json_data['results'][0]}</arg>
<doc>Logs the given message with the given level.</doc>
<status status="PASS" start="2024-07-24T23:16:14.648164" elapsed="0.000397"/>
</kw>
<kw name="Log" owner="BuiltIn">
<msg time="2024-07-24T23:16:14.648987" level="INFO">location</msg>
<arg>${key}</arg>
<doc>Logs the given message with the given level.</doc>
<status status="PASS" start="2024-07-24T23:16:14.648857" elapsed="0.000169"/>
</kw>
<var name="${key}">location</var>
<status status="PASS" start="2024-07-24T23:16:14.647478" elapsed="0.001768"/>
</iter>
<iter>
<kw name="Dictionary Should Contain Key" owner="Collections">
<arg>${json_data['results'][0]}</arg>
<arg>${key}</arg>
<doc>Fails if ``key`` is not found from ``dictionary``.</doc>
<status status="PASS" start="2024-07-24T23:16:14.649527" elapsed="0.000389"/>
</kw>
<kw name="Log" owner="BuiltIn">
<msg time="2024-07-24T23:16:14.650582" level="INFO">{'gender': 'male', 'name': {'title': 'Mr', 'first': 'Mohamed', 'last': 'Cruz'}, 'location': {'street': {'number': 6077, 'name': 'Calle del Barquillo'}, 'city': 'Lugo', 'state': 'La Rioja', 'country': 'Spain', 'postcode': 77659, 'coordinates': {'latitude': '-30.7426', 'longitude': '-91.2998'}, 'timezone': {'offset': '-10:00', 'description': 'Hawaii'}}, 'email': 'mohamed.cruz@example.com', 'login': {'uuid': 'c219c7cc-aae1-493a-8355-de911fd472af', 'username': 'goldenfrog851', 'password': 'clapton', 'salt': 'MN5eJnPc', 'md5': 'c40be9b2d817508e265eeb41d18ba336', 'sha1': '7307eb6a6f20b84ba79d984f3f16f9129d7a31b1', 'sha256': 'fa2a3dda54f5a2669d4dfca2029b4720eed0626627c64e2da7da08fd77beba99'}, 'dob': {'date': '1997-07-02T09:58:15.967Z', 'age': 27}, 'registered': {'date': '2013-10-06T04:52:35.550Z', 'age': 10}, 'phone': '909-824-169', 'cell': '607-695-250', 'id': {'name': 'DNI', 'value': '12728460-H'}, 'picture': {'large': 'https://randomuser.me/api/portraits/men/8.jpg', 'medium': 'https://randomuser.me/api/portraits/med/men/8.jpg', 'thumbnail': 'https://randomuser.me/api/portraits/thumb/men/8.jpg'}, 'nat': 'ES'}</msg>
<arg>${json_data['results'][0]}</arg>
<doc>Logs the given message with the given level.</doc>
<status status="PASS" start="2024-07-24T23:16:14.650227" elapsed="0.000404"/>
</kw>
<kw name="Log" owner="BuiltIn">
<msg time="2024-07-24T23:16:14.651067" level="INFO">email</msg>
<arg>${key}</arg>
<doc>Logs the given message with the given level.</doc>
<status status="PASS" start="2024-07-24T23:16:14.650933" elapsed="0.000174"/>
</kw>
<var name="${key}">email</var>
<status status="PASS" start="2024-07-24T23:16:14.649420" elapsed="0.001904"/>
</iter>
<iter>
<kw name="Dictionary Should Contain Key" owner="Collections">
<arg>${json_data['results'][0]}</arg>
<arg>${key}</arg>
<doc>Fails if ``key`` is not found from ``dictionary``.</doc>
<status status="PASS" start="2024-07-24T23:16:14.651636" elapsed="0.000382"/>
</kw>
<kw name="Log" owner="BuiltIn">
<msg time="2024-07-24T23:16:14.652550" level="INFO">{'gender': 'male', 'name': {'title': 'Mr', 'first': 'Mohamed', 'last': 'Cruz'}, 'location': {'street': {'number': 6077, 'name': 'Calle del Barquillo'}, 'city': 'Lugo', 'state': 'La Rioja', 'country': 'Spain', 'postcode': 77659, 'coordinates': {'latitude': '-30.7426', 'longitude': '-91.2998'}, 'timezone': {'offset': '-10:00', 'description': 'Hawaii'}}, 'email': 'mohamed.cruz@example.com', 'login': {'uuid': 'c219c7cc-aae1-493a-8355-de911fd472af', 'username': 'goldenfrog851', 'password': 'clapton', 'salt': 'MN5eJnPc', 'md5': 'c40be9b2d817508e265eeb41d18ba336', 'sha1': '7307eb6a6f20b84ba79d984f3f16f9129d7a31b1', 'sha256': 'fa2a3dda54f5a2669d4dfca2029b4720eed0626627c64e2da7da08fd77beba99'}, 'dob': {'date': '1997-07-02T09:58:15.967Z', 'age': 27}, 'registered': {'date': '2013-10-06T04:52:35.550Z', 'age': 10}, 'phone': '909-824-169', 'cell': '607-695-250', 'id': {'name': 'DNI', 'value': '12728460-H'}, 'picture': {'large': 'https://randomuser.me/api/portraits/men/8.jpg', 'medium': 'https://randomuser.me/api/portraits/med/men/8.jpg', 'thumbnail': 'https://randomuser.me/api/portraits/thumb/men/8.jpg'}, 'nat': 'ES'}</msg>
<arg>${json_data['results'][0]}</arg>
<doc>Logs the given message with the given level.</doc>
<status status="PASS" start="2024-07-24T23:16:14.652202" elapsed="0.000393"/>
</kw>
<kw name="Log" owner="BuiltIn">
<msg time="2024-07-24T23:16:14.653053" level="INFO">login</msg>
<arg>${key}</arg>
<doc>Logs the given message with the given level.</doc>
<status status="PASS" start="2024-07-24T23:16:14.652922" elapsed="0.000169"/>
</kw>
<var name="${key}">login</var>
<status status="PASS" start="2024-07-24T23:16:14.651527" elapsed="0.001778"/>
</iter>
<var>${key}</var>
<value>@{expected_keys}</value>
<status status="PASS" start="2024-07-24T23:16:14.643170" elapsed="0.010254"/>
</for>
<kw name="Create List" owner="BuiltIn">
<msg time="2024-07-24T23:16:14.653779" level="INFO">${expected_keysTwo} = ['username', 'password']</msg>
<var>${expected_keysTwo}</var>
<arg>username</arg>
<arg>password</arg>
<doc>Returns a list containing given items.</doc>
<status status="PASS" start="2024-07-24T23:16:14.653613" elapsed="0.000203"/>
</kw>
<for flavor="IN">
<iter>
<kw name="Dictionary Should Contain Key" owner="Collections">
<arg>${json_data['results'][0]['login']}</arg>
<arg>${keyTwo}</arg>
<doc>Fails if ``key`` is not found from ``dictionary``.</doc>
<status status="PASS" start="2024-07-24T23:16:14.654353" elapsed="0.000392"/>
</kw>
<kw name="Dictionary Should Contain Key" owner="Collections">
<arg>${json_data['results'][0]['login']}</arg>
<arg>${keyTwo}</arg>
<doc>Fails if ``key`` is not found from ``dictionary``.</doc>
<status status="PASS" start="2024-07-24T23:16:14.654949" elapsed="0.000382"/>
</kw>
<kw name="Log" owner="BuiltIn">
<msg time="2024-07-24T23:16:14.655664" level="INFO">username</msg>
<arg>${keyTwo}</arg>
<doc>Logs the given message with the given level.</doc>
<status status="PASS" start="2024-07-24T23:16:14.655540" elapsed="0.000162"/>
</kw>
<var name="${keyTwo}">username</var>
<status status="PASS" start="2024-07-24T23:16:14.654244" elapsed="0.001680"/>
</iter>
<iter>
<kw name="Dictionary Should Contain Key" owner="Collections">
<arg>${json_data['results'][0]['login']}</arg>
<arg>${keyTwo}</arg>
<doc>Fails if ``key`` is not found from ``dictionary``.</doc>
<status status="PASS" start="2024-07-24T23:16:14.656206" elapsed="0.000385"/>
</kw>
<kw name="Dictionary Should Contain Key" owner="Collections">
<arg>${json_data['results'][0]['login']}</arg>
<arg>${keyTwo}</arg>
<doc>Fails if ``key`` is not found from ``dictionary``.</doc>
<status status="PASS" start="2024-07-24T23:16:14.656769" elapsed="0.000365"/>
</kw>
<kw name="Log" owner="BuiltIn">
<msg time="2024-07-24T23:16:14.657433" level="INFO">password</msg>
<arg>${keyTwo}</arg>
<doc>Logs the given message with the given level.</doc>
<status status="PASS" start="2024-07-24T23:16:14.657307" elapsed="0.000164"/>
</kw>
<var name="${keyTwo}">password</var>
<status status="PASS" start="2024-07-24T23:16:14.656095" elapsed="0.001594"/>
</iter>
<var>${keyTwo}</var>
<value>@{expected_keysTwo}</value>
<status status="PASS" start="2024-07-24T23:16:14.654087" elapsed="0.003722"/>
</for>
<status status="PASS" start="2024-07-24T23:16:14.511982" elapsed="0.145967"/>
</kw>
<doc>Testa a estrutura da resposta da API.</doc>
<tag>testeEstruturaResposta</tag>
<status status="PASS" start="2024-07-24T23:16:14.511473" elapsed="0.146634"/>
</test>
<test id="s1-s1-t4" name="Validar tipos de dados" line="28">
<kw name="Teste de Tipos de Dados" owner="random-user-service">
<kw name="GET On Session" owner="RequestsLibrary">
<msg time="2024-07-24T23:16:14.717413" level="INFO">GET Request : url=https://randomuser.me/api 
 path_url=/api 
 headers={'User-Agent': 'python-requests/2.32.3', 'Accept-Encoding': 'gzip, deflate', 'Accept': '*/*', 'Connection': 'keep-alive'} 
 body=None 
 </msg>
<msg time="2024-07-24T23:16:14.717490" level="INFO">GET Response : url=https://randomuser.me/api 
 status=200, reason=OK 
 headers={'Date': 'Wed, 24 Jul 2024 23:16:14 GMT', 'Content-Type': 'application/json; charset=utf-8', 'Transfer-Encoding': 'chunked', 'Connection': 'keep-alive', 'X-Powered-By': 'Express', 'Access-Control-Allow-Origin': '*', 'Cache-Control': 'no-cache', 'ETag': 'W/"486-0wi0L3VbvC64dv53l9LN9P4+jnY"', 'Vary': 'Accept-Encoding', 'Content-Encoding': 'gzip', 'CF-Cache-Status': 'DYNAMIC', 'Report-To': '{"endpoints":[{"url":"https:\\/\\/a.nel.cloudflare.com\\/report\\/v4?s=RzW5s6NzNgXwdX8ofwxMILe2k0%2BAb1K0NCXJUnIKbuNqyx7E4jXtT0dAeGg8M9xE1Dls76bnf5RftOEwBSkq8aIkyaYILp4f7fR203oLaIm7Qg5wS0TIUYJqnbeOyozK"}],"group":"cf-nel","max_age":604800}', 'NEL': '{"success_fraction":0,"report_to":"cf-nel","max_age":604800}', 'Server': 'cloudflare', 'CF-RAY': '8a879de7aaf32324-ORD', 'alt-svc': 'h3=":443"; ma=86400'} 
 body={"results":[{"gender":"female","name":{"title":"Miss","first":"Huda","last":"Piet"},"location":{"street":{"number":7951,"name":"Kiekendiefhoek"},"city":"Wessem","state":"Utrecht","country":"Netherlands","postcode":"0922 VL","coordinates":{"latitude":"34.8410","longitude":"22.0306"},"timezone":{"offset":"-11:00","description":"Midway Island, Samoa"}},"email":"huda.piet@example.com","login":{"uuid":"6820ceed-40c3-460c-833e-cfea36ec2697","username":"tinyrabbit987","password":"christina","salt":"aWmzbXbo","md5":"3f27ed47dc28cf19d835fce3cb5e49be","sha1":"af0e6b16926db87cca50409e54c01e3d3b14d476","sha256":"641cd082f9241e71093c447d94abdcf0dfca5fbcc34271f21c8a9221ff8c45ac"},"dob":{"date":"1994-09-29T01:54:21.290Z","age":29},"registered":{"date":"2015-11-20T05:34:49.950Z","age":8},"phone":"(0990) 072059","cell":"(06) 96750309","id":{"name":"BSN","value":"60869429"},"picture":{"large":"https://randomuser.me/api/portraits/women/20.jpg","medium":"https://randomuser.me/api/portraits/med/women/20.jpg","thumbnail":"https://randomuser.me/api/portraits/thumb/women/20.jpg"},"nat":"NL"}],"info":{"seed":"2e487fc4bbfc19bd","results":1,"page":1,"version":"1.4"}} 
 </msg>
<msg time="2024-07-24T23:16:14.717559" level="INFO">/opt/hostedtoolcache/Python/3.12.4/x64/lib/python3.12/site-packages/urllib3/connectionpool.py:1099: InsecureRequestWarning: Unverified HTTPS request is being made to host 'randomuser.me'. Adding certificate verification is strongly advised. See: https://urllib3.readthedocs.io/en/latest/advanced-usage.html#tls-warnings
  warnings.warn(</msg>
<msg time="2024-07-24T23:16:14.717650" level="INFO">${response} = &lt;Response [200]&gt;</msg>
<var>${response}</var>
<arg>consultarAPI</arg>
<arg>/api</arg>
<doc>Sends a GET request on a previously created HTTP Session.</doc>
<status status="PASS" start="2024-07-24T23:16:14.660571" elapsed="0.057113"/>
</kw>
<kw name="Set Variable" owner="BuiltIn">
<msg time="2024-07-24T23:16:14.718512" level="INFO">${json_data} = {'results': [{'gender': 'female', 'name': {'title': 'Miss', 'first': 'Huda', 'last': 'Piet'}, 'location': {'street': {'number': 7951, 'name': 'Kiekendiefhoek'}, 'city': 'Wessem', 'state': 'Utrecht', '...</msg>
<var>${json_data}</var>
<arg>${response.json()}</arg>
<doc>Returns the given values which can then be assigned to a variables.</doc>
<status status="PASS" start="2024-07-24T23:16:14.718063" elapsed="0.000477"/>
</kw>
<kw name="Log" owner="BuiltIn">
<msg time="2024-07-24T23:16:14.718999" level="INFO">{'results': [{'gender': 'female', 'name': {'title': 'Miss', 'first': 'Huda', 'last': 'Piet'}, 'location': {'street': {'number': 7951, 'name': 'Kiekendiefhoek'}, 'city': 'Wessem', 'state': 'Utrecht', 'country': 'Netherlands', 'postcode': '0922 VL', 'coordinates': {'latitude': '34.8410', 'longitude': '22.0306'}, 'timezone': {'offset': '-11:00', 'description': 'Midway Island, Samoa'}}, 'email': 'huda.piet@example.com', 'login': {'uuid': '6820ceed-40c3-460c-833e-cfea36ec2697', 'username': 'tinyrabbit987', 'password': 'christina', 'salt': 'aWmzbXbo', 'md5': '3f27ed47dc28cf19d835fce3cb5e49be', 'sha1': 'af0e6b16926db87cca50409e54c01e3d3b14d476', 'sha256': '641cd082f9241e71093c447d94abdcf0dfca5fbcc34271f21c8a9221ff8c45ac'}, 'dob': {'date': '1994-09-29T01:54:21.290Z', 'age': 29}, 'registered': {'date': '2015-11-20T05:34:49.950Z', 'age': 8}, 'phone': '(0990) 072059', 'cell': '(06) 96750309', 'id': {'name': 'BSN', 'value': '60869429'}, 'picture': {'large': 'https://randomuser.me/api/portraits/women/20.jpg', 'medium': 'https://randomuser.me/api/portraits/med/women/20.jpg', 'thumbnail': 'https://randomuser.me/api/portraits/thumb/women/20.jpg'}, 'nat': 'NL'}], 'info': {'seed': '2e487fc4bbfc19bd', 'results': 1, 'page': 1, 'version': '1.4'}}</msg>
<arg>${json_data}</arg>
<doc>Logs the given message with the given level.</doc>
<status status="PASS" start="2024-07-24T23:16:14.718845" elapsed="0.000202"/>
</kw>
<kw name="Should Be String" owner="String">
<arg>${json_data['results'][0]['gender']}</arg>
<doc>Fails if the given ``item`` is not a string.</doc>
<status status="PASS" start="2024-07-24T23:16:14.719344" elapsed="0.000400"/>
</kw>
<kw name="Should Match Regexp" owner="BuiltIn">
<arg>${json_data['results'][0]['email']}</arg>
<arg>^[a-zA-Z0-9._%+-]+@[a-zA-Z0-9.-]+\.[a-zA-Z]{2,}$</arg>
<doc>Fails if ``string`` does not match ``pattern`` as a regular expression.</doc>
<status status="PASS" start="2024-07-24T23:16:14.719935" elapsed="0.000517"/>
</kw>
<kw name="Should Match Regexp" owner="BuiltIn">
<arg>${json_data['results'][0]['dob']['date']}</arg>
<arg>\\d{4}-\\d{2}-\\d{2}T\\d{2}:\\d{2}:\\d{2}\\.\\d{3}Z</arg>
<doc>Fails if ``string`` does not match ``pattern`` as a regular expression.</doc>
<status status="PASS" start="2024-07-24T23:16:14.720681" elapsed="0.000601"/>
</kw>
<kw name="Should Match Regexp" owner="BuiltIn">
<arg>${json_data['results'][0]['registered']['date']}</arg>
<arg>\\d{4}-\\d{2}-\\d{2}T\\d{2}:\\d{2}:\\d{2}\\.\\d{3}Z</arg>
<doc>Fails if ``string`` does not match ``pattern`` as a regular expression.</doc>
<status status="PASS" start="2024-07-24T23:16:14.721479" elapsed="0.000375"/>
</kw>
<kw name="Should Match Regexp" owner="BuiltIn">
<arg>${json_data['results'][0]['picture']['large']}</arg>
<arg>^https?://.*\.(?:png|jpe?g|gif|bmp)$</arg>
<doc>Fails if ``string`` does not match ``pattern`` as a regular expression.</doc>
<status status="PASS" start="2024-07-24T23:16:14.722039" elapsed="0.000470"/>
</kw>
<kw name="Should Match Regexp" owner="BuiltIn">
<arg>${json_data['results'][0]['picture']['medium']}</arg>
<arg>^https?://.*\.(?:png|jpe?g|gif|bmp)$</arg>
<doc>Fails if ``string`` does not match ``pattern`` as a regular expression.</doc>
<status status="PASS" start="2024-07-24T23:16:14.722699" elapsed="0.000357"/>
</kw>
<kw name="Should Match Regexp" owner="BuiltIn">
<arg>${json_data['results'][0]['picture']['thumbnail']}</arg>
<arg>^https?://.*\.(?:png|jpe?g|gif|bmp)$</arg>
<doc>Fails if ``string`` does not match ``pattern`` as a regular expression.</doc>
<status status="PASS" start="2024-07-24T23:16:14.723241" elapsed="0.000386"/>
</kw>
<kw name="Log" owner="BuiltIn">
<msg time="2024-07-24T23:16:14.724137" level="INFO">{'large': 'https://randomuser.me/api/portraits/women/20.jpg', 'medium': 'https://randomuser.me/api/portraits/med/women/20.jpg', 'thumbnail': 'https://randomuser.me/api/portraits/thumb/women/20.jpg'}</msg>
<arg>${json_data['results'][0]['picture']}</arg>
<doc>Logs the given message with the given level.</doc>
<status status="PASS" start="2024-07-24T23:16:14.723810" elapsed="0.000370"/>
</kw>
<status status="PASS" start="2024-07-24T23:16:14.660345" elapsed="0.064091"/>
</kw>
<kw name="Teste de Tipos de Dados - Postcode" owner="random-user-service">
<kw name="GET On Session" owner="RequestsLibrary">
<msg time="2024-07-24T23:16:14.863200" level="INFO">GET Request : url=https://randomuser.me/api 
 path_url=/api 
 headers={'User-Agent': 'python-requests/2.32.3', 'Accept-Encoding': 'gzip, deflate', 'Accept': '*/*', 'Connection': 'keep-alive'} 
 body=None 
 </msg>
<msg time="2024-07-24T23:16:14.863312" level="INFO">GET Response : url=https://randomuser.me/api 
 status=200, reason=OK 
 headers={'Date': 'Wed, 24 Jul 2024 23:16:14 GMT', 'Content-Type': 'application/json; charset=utf-8', 'Transfer-Encoding': 'chunked', 'Connection': 'keep-alive', 'X-Powered-By': 'Express', 'Access-Control-Allow-Origin': '*', 'Cache-Control': 'no-cache', 'ETag': 'W/"48b-igxfhEiX0Bl9E/Fw+RtCYsdcyeI"', 'Vary': 'Accept-Encoding', 'Content-Encoding': 'gzip', 'CF-Cache-Status': 'DYNAMIC', 'Report-To': '{"endpoints":[{"url":"https:\\/\\/a.nel.cloudflare.com\\/report\\/v4?s=1a8mL0q5Fmh7difaePBRkpvNVSk1VJKBxl7CjwNhaf%2F9Af%2FpNAeNvxIoPPh1QsKuDCgsl%2BP7KZn75ndnEJCX%2FtPAxRufe7kwvp%2BHSug6m96uw6iLI9oVEoyE45MiIcIl"}],"group":"cf-nel","max_age":604800}', 'NEL': '{"success_fraction":0,"report_to":"cf-nel","max_age":604800}', 'Server': 'cloudflare', 'CF-RAY': '8a879de80b6a2324-ORD', 'alt-svc': 'h3=":443"; ma=86400'} 
 body={"results":[{"gender":"female","name":{"title":"Ms","first":"Bella","last":"Foster"},"location":{"street":{"number":6923,"name":"Hickory Creek Dr"},"city":"Hervey Bay","state":"Western Australia","country":"Australia","postcode":5581,"coordinates":{"latitude":"-83.1180","longitude":"50.7638"},"timezone":{"offset":"+9:30","description":"Adelaide, Darwin"}},"email":"bella.foster@example.com","login":{"uuid":"14deb56e-fe18-4546-9c06-549963ba3616","username":"happyfrog376","password":"646464","salt":"6gHxqx3W","md5":"edac84463db3ba94ac2c0c5a3f561209","sha1":"911d1fbd030f7e4fc19bd8d3abc7407993855216","sha256":"6ffb4d23d21cb4ea69ef072d856645ed5a2f9d08a96e8d410fa109c3863aa762"},"dob":{"date":"1977-09-20T10:22:16.878Z","age":46},"registered":{"date":"2013-10-11T01:18:31.231Z","age":10},"phone":"02-7624-0491","cell":"0492-010-664","id":{"name":"TFN","value":"235864159"},"picture":{"large":"https://randomuser.me/api/portraits/women/40.jpg","medium":"https://randomuser.me/api/portraits/med/women/40.jpg","thumbnail":"https://randomuser.me/api/portraits/thumb/women/40.jpg"},"nat":"AU"}],"info":{"seed":"892fe15cbe8d6958","results":1,"page":1,"version":"1.4"}} 
 </msg>
<msg time="2024-07-24T23:16:14.863393" level="INFO">/opt/hostedtoolcache/Python/3.12.4/x64/lib/python3.12/site-packages/urllib3/connectionpool.py:1099: InsecureRequestWarning: Unverified HTTPS request is being made to host 'randomuser.me'. Adding certificate verification is strongly advised. See: https://urllib3.readthedocs.io/en/latest/advanced-usage.html#tls-warnings
  warnings.warn(</msg>
<msg time="2024-07-24T23:16:14.863575" level="INFO">${response} = &lt;Response [200]&gt;</msg>
<var>${response}</var>
<arg>consultarAPI</arg>
<arg>/api</arg>
<doc>Sends a GET request on a previously created HTTP Session.</doc>
<status status="PASS" start="2024-07-24T23:16:14.724881" elapsed="0.138742"/>
</kw>
<kw name="Set Variable" owner="BuiltIn">
<msg time="2024-07-24T23:16:14.864860" level="INFO">${json_data} = {'results': [{'gender': 'female', 'name': {'title': 'Ms', 'first': 'Bella', 'last': 'Foster'}, 'location': {'street': {'number': 6923, 'name': 'Hickory Creek Dr'}, 'city': 'Hervey Bay', 'state': 'West...</msg>
<var>${json_data}</var>
<arg>${response.json()}</arg>
<doc>Returns the given values which can then be assigned to a variables.</doc>
<status status="PASS" start="2024-07-24T23:16:14.864291" elapsed="0.000599"/>
</kw>
<kw name="Log" owner="BuiltIn">
<msg time="2024-07-24T23:16:14.865369" level="INFO">{'results': [{'gender': 'female', 'name': {'title': 'Ms', 'first': 'Bella', 'last': 'Foster'}, 'location': {'street': {'number': 6923, 'name': 'Hickory Creek Dr'}, 'city': 'Hervey Bay', 'state': 'Western Australia', 'country': 'Australia', 'postcode': 5581, 'coordinates': {'latitude': '-83.1180', 'longitude': '50.7638'}, 'timezone': {'offset': '+9:30', 'description': 'Adelaide, Darwin'}}, 'email': 'bella.foster@example.com', 'login': {'uuid': '14deb56e-fe18-4546-9c06-549963ba3616', 'username': 'happyfrog376', 'password': '646464', 'salt': '6gHxqx3W', 'md5': 'edac84463db3ba94ac2c0c5a3f561209', 'sha1': '911d1fbd030f7e4fc19bd8d3abc7407993855216', 'sha256': '6ffb4d23d21cb4ea69ef072d856645ed5a2f9d08a96e8d410fa109c3863aa762'}, 'dob': {'date': '1977-09-20T10:22:16.878Z', 'age': 46}, 'registered': {'date': '2013-10-11T01:18:31.231Z', 'age': 10}, 'phone': '02-7624-0491', 'cell': '0492-010-664', 'id': {'name': 'TFN', 'value': '235864159'}, 'picture': {'large': 'https://randomuser.me/api/portraits/women/40.jpg', 'medium': 'https://randomuser.me/api/portraits/med/women/40.jpg', 'thumbnail': 'https://randomuser.me/api/portraits/thumb/women/40.jpg'}, 'nat': 'AU'}], 'info': {'seed': '892fe15cbe8d6958', 'results': 1, 'page': 1, 'version': '1.4'}}</msg>
<arg>${json_data}</arg>
<doc>Logs the given message with the given level.</doc>
<status status="PASS" start="2024-07-24T23:16:14.865209" elapsed="0.000209"/>
</kw>
<kw name="Should Be Equal As Numbers" owner="BuiltIn">
<arg>${json_data['results'][0]['location']['postcode']}</arg>
<arg>${json_data['results'][0]['location']['postcode']}</arg>
<doc>Fails if objects are unequal after converting them to real numbers.</doc>
<status status="PASS" start="2024-07-24T23:16:14.865718" elapsed="0.000639"/>
</kw>
<kw name="Log" owner="BuiltIn">
<msg time="2024-07-24T23:16:14.866896" level="INFO">5581</msg>
<arg>${json_data['results'][0]['location']['postcode']}</arg>
<doc>Logs the given message with the given level.</doc>
<status status="PASS" start="2024-07-24T23:16:14.866561" elapsed="0.000377"/>
</kw>
<status status="PASS" start="2024-07-24T23:16:14.724652" elapsed="0.142550"/>
</kw>
<doc>Testa se os tipos de dados na resposta da API estão corretos.</doc>
<tag>testeTiposDados</tag>
<status status="PASS" start="2024-07-24T23:16:14.659894" elapsed="0.207523"/>
</test>
<test id="s1-s1-t5" name="Validar conteudo" line="35">
<kw name="Teste de Tipos de Conteudo" owner="random-user-service">
<kw name="GET On Session" owner="RequestsLibrary">
<msg time="2024-07-24T23:16:14.935855" level="INFO">GET Request : url=https://randomuser.me/api 
 path_url=/api 
 headers={'User-Agent': 'python-requests/2.32.3', 'Accept-Encoding': 'gzip, deflate', 'Accept': '*/*', 'Connection': 'keep-alive'} 
 body=None 
 </msg>
<msg time="2024-07-24T23:16:14.935959" level="INFO">GET Response : url=https://randomuser.me/api 
 status=200, reason=OK 
 headers={'Date': 'Wed, 24 Jul 2024 23:16:14 GMT', 'Content-Type': 'application/json; charset=utf-8', 'Transfer-Encoding': 'chunked', 'Connection': 'keep-alive', 'X-Powered-By': 'Express', 'Access-Control-Allow-Origin': '*', 'Cache-Control': 'no-cache', 'ETag': 'W/"4aa-RhsIG392Tp+ePyrzutyRsh5nHS8"', 'Vary': 'Accept-Encoding', 'Content-Encoding': 'gzip', 'CF-Cache-Status': 'DYNAMIC', 'Report-To': '{"endpoints":[{"url":"https:\\/\\/a.nel.cloudflare.com\\/report\\/v4?s=q1f%2BNojGInD7he%2BBimvdVZ0Ibi1uaB5d%2BCtlgnHA%2BpdzRFI4ny6ZhERw1aiLMkcgTINcOOBzbbqBNwEQGHQoN3DxvIyGJbRJEu33lXl%2BVIycgfigwFQ8rlCvdF1sUW9T"}],"group":"cf-nel","max_age":604800}', 'NEL': '{"success_fraction":0,"report_to":"cf-nel","max_age":604800}', 'Server': 'cloudflare', 'CF-RAY': '8a879de8fc802324-ORD', 'alt-svc': 'h3=":443"; ma=86400'} 
 body={"results":[{"gender":"female","name":{"title":"Ms","first":"Gina","last":"Herzog"},"location":{"street":{"number":4591,"name":"Ringstraße"},"city":"Reinfeld (Holstein)","state":"Baden-Württemberg","country":"Germany","postcode":72536,"coordinates":{"latitude":"-49.5949","longitude":"133.7551"},"timezone":{"offset":"+8:00","description":"Beijing, Perth, Singapore, Hong Kong"}},"email":"gina.herzog@example.com","login":{"uuid":"55cd7cb0-b00f-4a0f-b629-b2d531bc650a","username":"organicpanda236","password":"bugs","salt":"ba8Md9CA","md5":"59721680c592dd4612baebabf38014d0","sha1":"41de1d4264dd64dc4f8fdd44027691dc5dfdd538","sha256":"d9533f8dcc233c7198035adfb61d7590dbfa03675d0a7e55870f9241248ef9f2"},"dob":{"date":"1991-10-31T03:17:33.138Z","age":32},"registered":{"date":"2009-09-18T08:08:48.393Z","age":14},"phone":"0177-4306999","cell":"0174-9505889","id":{"name":"SVNR","value":"40 301091 H 932"},"picture":{"large":"https://randomuser.me/api/portraits/women/22.jpg","medium":"https://randomuser.me/api/portraits/med/women/22.jpg","thumbnail":"https://randomuser.me/api/portraits/thumb/women/22.jpg"},"nat":"DE"}],"info":{"seed":"a9d33986add6ee9c","results":1,"page":1,"version":"1.4"}} 
 </msg>
<msg time="2024-07-24T23:16:14.936040" level="INFO">/opt/hostedtoolcache/Python/3.12.4/x64/lib/python3.12/site-packages/urllib3/connectionpool.py:1099: InsecureRequestWarning: Unverified HTTPS request is being made to host 'randomuser.me'. Adding certificate verification is strongly advised. See: https://urllib3.readthedocs.io/en/latest/advanced-usage.html#tls-warnings
  warnings.warn(</msg>
<msg time="2024-07-24T23:16:14.936159" level="INFO">${response} = &lt;Response [200]&gt;</msg>
<var>${response}</var>
<arg>consultarAPI</arg>
<arg>/api</arg>
<doc>Sends a GET request on a previously created HTTP Session.</doc>
<status status="PASS" start="2024-07-24T23:16:14.870356" elapsed="0.065844"/>
</kw>
<kw name="Set Variable" owner="BuiltIn">
<msg time="2024-07-24T23:16:14.937352" level="INFO">${json_data} = {'results': [{'gender': 'female', 'name': {'title': 'Ms', 'first': 'Gina', 'last': 'Herzog'}, 'location': {'street': {'number': 4591, 'name': 'Ringstraße'}, 'city': 'Reinfeld (Holstein)', 'state': 'Ba...</msg>
<var>${json_data}</var>
<arg>${response.json()}</arg>
<doc>Returns the given values which can then be assigned to a variables.</doc>
<status status="PASS" start="2024-07-24T23:16:14.936789" elapsed="0.000593"/>
</kw>
<kw name="Set Variable" owner="BuiltIn">
<msg time="2024-07-24T23:16:14.938103" level="INFO">${name_title} = Ms</msg>
<var>${name_title}</var>
<arg>${json_data["results"][0]["name"]["title"]}</arg>
<doc>Returns the given values which can then be assigned to a variables.</doc>
<status status="PASS" start="2024-07-24T23:16:14.937706" elapsed="0.000423"/>
</kw>
<kw name="Create List" owner="BuiltIn">
<msg time="2024-07-24T23:16:14.938585" level="INFO">${allowed_titles} = ['Mr', 'Ms', 'Miss', 'Mrs', 'Madame', 'Monsieur']</msg>
<var>${allowed_titles}</var>
<arg>Mr</arg>
<arg>Ms</arg>
<arg>Miss</arg>
<arg>Mrs</arg>
<arg>Madame</arg>
<arg>Monsieur</arg>
<doc>Returns a list containing given items.</doc>
<status status="PASS" start="2024-07-24T23:16:14.938431" elapsed="0.000179"/>
</kw>
<kw name="List Should Contain Value" owner="Collections">
<arg>${allowed_titles}</arg>
<arg>${name_title}</arg>
<doc>Fails if the ``value`` is not found from ``list``.</doc>
<status status="PASS" start="2024-07-24T23:16:14.938914" elapsed="0.000183"/>
</kw>
<kw name="Set Variable" owner="BuiltIn">
<msg time="2024-07-24T23:16:14.939712" level="INFO">${name_country} = DE</msg>
<var>${name_country}</var>
<arg>${json_data["results"][0]["nat"]}</arg>
<doc>Returns the given values which can then be assigned to a variables.</doc>
<status status="PASS" start="2024-07-24T23:16:14.939285" elapsed="0.000452"/>
</kw>
<kw name="Create List" owner="BuiltIn">
<msg time="2024-07-24T23:16:14.940658" level="INFO">${list_country} = ['AD', 'AE', 'AF', 'AG', 'AI', 'AL', 'AM', 'AO', 'AQ', 'AR', 'AS', 'AT', 'AU', 'AW', 'AX', 'AZ', 'BA', 'BB', 'BD', 'BE', 'BF', 'BG', 'BH', 'BI', 'BJ', 'BL', 'BM', 'BN', 'BO', 'BQ', 'BR', 'BS', 'BT', '...</msg>
<var>${list_country}</var>
<arg>AD</arg>
<arg>AE</arg>
<arg>AF</arg>
<arg>AG</arg>
<arg>AI</arg>
<arg>AL</arg>
<arg>AM</arg>
<arg>AO</arg>
<arg>AQ</arg>
<arg>AR</arg>
<arg>AS</arg>
<arg>AT</arg>
<arg>AU</arg>
<arg>AW</arg>
<arg>AX</arg>
<arg>AZ</arg>
<arg>BA</arg>
<arg>BB</arg>
<arg>BD</arg>
<arg>BE</arg>
<arg>BF</arg>
<arg>BG</arg>
<arg>BH</arg>
<arg>BI</arg>
<arg>BJ</arg>
<arg>BL</arg>
<arg>BM</arg>
<arg>BN</arg>
<arg>BO</arg>
<arg>BQ</arg>
<arg>BR</arg>
<arg>BS</arg>
<arg>BT</arg>
<arg>BV</arg>
<arg>BW</arg>
<arg>BY</arg>
<arg>BZ</arg>
<arg>CA</arg>
<arg>CC</arg>
<arg>CD</arg>
<arg>CF</arg>
<arg>CG</arg>
<arg>CH</arg>
<arg>CI</arg>
<arg>CK</arg>
<arg>CL</arg>
<arg>CM</arg>
<arg>CN</arg>
<arg>CO</arg>
<arg>CR</arg>
<arg>CU</arg>
<arg>CV</arg>
<arg>CW</arg>
<arg>CX</arg>
<arg>CY</arg>
<arg>CZ</arg>
<arg>DE</arg>
<arg>DJ</arg>
<arg>DK</arg>
<arg>DM</arg>
<arg>DO</arg>
<arg>DZ</arg>
<arg>EC</arg>
<arg>EE</arg>
<arg>EG</arg>
<arg>EH</arg>
<arg>ER</arg>
<arg>ES</arg>
<arg>ET</arg>
<arg>FI</arg>
<arg>FJ</arg>
<arg>FK</arg>
<arg>FM</arg>
<arg>FO</arg>
<arg>FR</arg>
<arg>GA</arg>
<arg>GB</arg>
<arg>GD</arg>
<arg>GE</arg>
<arg>GF</arg>
<arg>GG</arg>
<arg>GH</arg>
<arg>GI</arg>
<arg>GL</arg>
<arg>GM</arg>
<arg>GN</arg>
<arg>GP</arg>
<arg>GQ</arg>
<arg>GR</arg>
<arg>GS</arg>
<arg>GT</arg>
<arg>GU</arg>
<arg>GW</arg>
<arg>GY</arg>
<arg>HK</arg>
<arg>HM</arg>
<arg>HN</arg>
<arg>HR</arg>
<arg>HT</arg>
<arg>HU</arg>
<arg>ID</arg>
<arg>IE</arg>
<arg>IL</arg>
<arg>IM</arg>
<arg>IN</arg>
<arg>IO</arg>
<arg>IQ</arg>
<arg>IR</arg>
<arg>IS</arg>
<arg>IT</arg>
<arg>JE</arg>
<arg>JM</arg>
<arg>JO</arg>
<arg>JP</arg>
<arg>KE</arg>
<arg>KG</arg>
<arg>KH</arg>
<arg>KI</arg>
<arg>KM</arg>
<arg>KN</arg>
<arg>KP</arg>
<arg>KR</arg>
<arg>KW</arg>
<arg>KY</arg>
<arg>KZ</arg>
<arg>LA</arg>
<arg>LB</arg>
<arg>LC</arg>
<arg>LI</arg>
<arg>LK</arg>
<arg>LR</arg>
<arg>LS</arg>
<arg>LT</arg>
<arg>LU</arg>
<arg>LV</arg>
<arg>LY</arg>
<arg>MA</arg>
<arg>MC</arg>
<arg>MD</arg>
<arg>ME</arg>
<arg>MF</arg>
<arg>MG</arg>
<arg>MH</arg>
<arg>MK</arg>
<arg>ML</arg>
<arg>MM</arg>
<arg>MN</arg>
<arg>MO</arg>
<arg>MP</arg>
<arg>MQ</arg>
<arg>MR</arg>
<arg>MS</arg>
<arg>MT</arg>
<arg>MU</arg>
<arg>MV</arg>
<arg>MW</arg>
<arg>MX</arg>
<arg>MY</arg>
<arg>MZ</arg>
<arg>NA</arg>
<arg>NC</arg>
<arg>NE</arg>
<arg>NF</arg>
<arg>NG</arg>
<arg>NI</arg>
<arg>NL</arg>
<arg>NO</arg>
<arg>NP</arg>
<arg>NR</arg>
<arg>NU</arg>
<arg>NZ</arg>
<arg>OM</arg>
<arg>PA</arg>
<arg>PE</arg>
<arg>PF</arg>
<arg>PG</arg>
<arg>PH</arg>
<arg>PK</arg>
<arg>PL</arg>
<arg>PM</arg>
<arg>PN</arg>
<arg>PR</arg>
<arg>PS</arg>
<arg>PT</arg>
<arg>PW</arg>
<arg>PY</arg>
<arg>QA</arg>
<arg>RE</arg>
<arg>RO</arg>
<arg>RS</arg>
<arg>RU</arg>
<arg>RW</arg>
<arg>SA</arg>
<arg>SB</arg>
<arg>SC</arg>
<arg>SD</arg>
<arg>SE</arg>
<arg>SG</arg>
<arg>SH</arg>
<arg>SI</arg>
<arg>SJ</arg>
<arg>SK</arg>
<arg>SL</arg>
<arg>SM</arg>
<arg>SN</arg>
<arg>SO</arg>
<arg>SR</arg>
<arg>SS</arg>
<arg>ST</arg>
<arg>SV</arg>
<arg>SX</arg>
<arg>SY</arg>
<arg>SZ</arg>
<arg>TC</arg>
<arg>TD</arg>
<arg>TF</arg>
<arg>TG</arg>
<arg>TH</arg>
<arg>TJ</arg>
<arg>TK</arg>
<arg>TL</arg>
<arg>TM</arg>
<arg>TN</arg>
<arg>TO</arg>
<arg>TR</arg>
<arg>TT</arg>
<arg>TV</arg>
<arg>TW</arg>
<arg>TZ</arg>
<arg>UA</arg>
<arg>UG</arg>
<arg>UM</arg>
<arg>US</arg>
<arg>UY</arg>
<arg>UZ</arg>
<arg>VA</arg>
<arg>VC</arg>
<arg>VE</arg>
<arg>VG</arg>
<arg>VI</arg>
<arg>VN</arg>
<arg>VU</arg>
<arg>WF</arg>
<arg>WS</arg>
<arg>XK</arg>
<arg>YE</arg>
<arg>YT</arg>
<arg>ZA</arg>
<arg>ZM</arg>
<arg>ZW</arg>
<doc>Returns a list containing given items.</doc>
<status status="PASS" start="2024-07-24T23:16:14.940034" elapsed="0.000652"/>
</kw>
<kw name="List Should Contain Value" owner="Collections">
<arg>${list_country}</arg>
<arg>${name_country}</arg>
<doc>Fails if the ``value`` is not found from ``list``.</doc>
<status status="PASS" start="2024-07-24T23:16:14.941673" elapsed="0.000218"/>
</kw>
<kw name="Run Keyword If" owner="BuiltIn">
<kw name="Should Be True" owner="BuiltIn">
<arg>${True}</arg>
<doc>Fails if the given condition is not true.</doc>
<status status="PASS" start="2024-07-24T23:16:14.942862" elapsed="0.000152"/>
</kw>
<arg>${json_data["results"][0]["location"]["coordinates"]["latitude"]} &gt;= -90 and ${json_data["results"][0]["location"]["coordinates"]["latitude"]} &lt;= 90</arg>
<arg>Should Be True</arg>
<arg>${True}</arg>
<doc>Runs the given keyword with the given arguments, if ``condition`` is true.</doc>
<status status="PASS" start="2024-07-24T23:16:14.942095" elapsed="0.001048"/>
</kw>
<kw name="Run Keyword If" owner="BuiltIn">
<kw name="Should Be True" owner="BuiltIn">
<arg>${True}</arg>
<doc>Fails if the given condition is not true.</doc>
<status status="PASS" start="2024-07-24T23:16:14.944046" elapsed="0.000139"/>
</kw>
<arg>${json_data["results"][0]["location"]["coordinates"]["longitude"]} &gt;= -180 and ${json_data["results"][0]["location"]["coordinates"]["longitude"]} &lt;= 180</arg>
<arg>Should Be True</arg>
<arg>${True}</arg>
<doc>Runs the given keyword with the given arguments, if ``condition`` is true.</doc>
<status status="PASS" start="2024-07-24T23:16:14.943327" elapsed="0.000983"/>
</kw>
<status status="PASS" start="2024-07-24T23:16:14.869973" elapsed="0.074471"/>
</kw>
<doc>Testa o conteúdo específico dos campos retornados pela API.</doc>
<tag>testeConteudo</tag>
<status status="PASS" start="2024-07-24T23:16:14.869280" elapsed="0.075319"/>
</test>
<status status="PASS" start="2024-07-24T23:16:13.891385" elapsed="1.055207"/>
</suite>
<status status="PASS" start="2024-07-24T23:16:13.877047" elapsed="1.074708"/>
</suite>
<statistics>
<total>
<stat pass="5" fail="0" skip="0">All Tests</stat>
</total>
<tag>
<stat pass="1" fail="0" skip="0">testeConteudo</stat>
<stat pass="1" fail="0" skip="0">testeEstruturaResposta</stat>
<stat pass="1" fail="0" skip="0">testeRequisicaoBasica</stat>
<stat pass="1" fail="0" skip="0">testeTiposDados</stat>
</tag>
<suite>
<stat pass="5" fail="0" skip="0" id="s1" name="Tests">Tests</stat>
<stat pass="5" fail="0" skip="0" id="s1-s1" name="Random-User-Test">Tests.Random-User-Test</stat>
</suite>
</statistics>
<errors>
</errors>
</robot>
