<?xml version="1.0" encoding="UTF-8"?>
<robot generator="Robot 7.0 (Python 3.12.3 on linux)" generated="2024-05-14T15:16:58.962695" rpa="false" schemaversion="5">
<suite id="s1" name="Tests" source="/home/runner/work/DesafioQAItauRogerioJordao/DesafioQAItauRogerioJordao/RamdonUser/tests">
<suite id="s1-s1" name="Random-User-Test" source="/home/runner/work/DesafioQAItauRogerioJordao/DesafioQAItauRogerioJordao/RamdonUser/tests/random-user-test.robot">
<test id="s1-s1-t1" name="Conectar" line="13">
<kw name="Conectar API" owner="random-user-service">
<kw name="Create Session" owner="RequestsLibrary">
<msg time="2024-05-14T15:16:59.327752" level="INFO">Creating Session using : alias=consultarAPI, url=https://randomuser.me/, headers={},                     cookies={}, auth=None, timeout=None, proxies=None, verify=False,                     debug=0 </msg>
<arg>consultarAPI</arg>
<arg>${URL}</arg>
<doc>Create Session: create a HTTP session to a server</doc>
<status status="PASS" start="2024-05-14T15:16:59.327541" elapsed="0.000396"/>
</kw>
<status status="PASS" start="2024-05-14T15:16:59.326509" elapsed="0.001791"/>
</kw>
<status status="PASS" start="2024-05-14T15:16:59.325903" elapsed="0.002591"/>
</test>
<test id="s1-s1-t2" name="Validar retorno 200 e JSON Válido" line="16">
<kw name="Teste de Requisicao Basica" owner="random-user-service">
<kw name="GET On Session" owner="RequestsLibrary">
<msg time="2024-05-14T15:16:59.573622" level="INFO">GET Request : url=https://randomuser.me/api 
 path_url=/api 
 headers={'User-Agent': 'python-requests/2.31.0', 'Accept-Encoding': 'gzip, deflate', 'Accept': '*/*', 'Connection': 'keep-alive'} 
 body=None 
 </msg>
<msg time="2024-05-14T15:16:59.573770" level="INFO">GET Response : url=https://randomuser.me/api 
 status=200, reason=OK 
 headers={'Date': 'Tue, 14 May 2024 15:16:59 GMT', 'Content-Type': 'application/json; charset=utf-8', 'Transfer-Encoding': 'chunked', 'Connection': 'keep-alive', 'X-Powered-By': 'Express', 'Access-Control-Allow-Origin': '*', 'Cache-Control': 'no-cache', 'ETag': 'W/"47b-i+mTvwl4wguC5E4BmXNxtPDJWN0"', 'Vary': 'Accept-Encoding', 'Content-Encoding': 'gzip', 'CF-Cache-Status': 'DYNAMIC', 'Report-To': '{"endpoints":[{"url":"https:\\/\\/a.nel.cloudflare.com\\/report\\/v4?s=kGtzhXkmi%2FGXmZQXr56tlnoyp3WWSPHUZ7gf6WsKjdCCKSuh%2FviSIvaZ6XKVH9HoEuGlqh%2FIkD8vI0PuFBhzAbrT8IpmUABe5%2FXr46%2FLPvwzSpPVgvk73PClTBhW47sK"}],"group":"cf-nel","max_age":604800}', 'NEL': '{"success_fraction":0,"report_to":"cf-nel","max_age":604800}', 'Server': 'cloudflare', 'CF-RAY': '883bda3fcf3f1fe5-IAD', 'alt-svc': 'h3=":443"; ma=86400'} 
 body={"results":[{"gender":"male","name":{"title":"Mr","first":"Erasmo","last":"Duarte"},"location":{"street":{"number":4134,"name":"Rua Pará "},"city":"São Luís","state":"Sergipe","country":"Brazil","postcode":85096,"coordinates":{"latitude":"-78.3340","longitude":"-28.2406"},"timezone":{"offset":"+9:30","description":"Adelaide, Darwin"}},"email":"erasmo.duarte@example.com","login":{"uuid":"56e67eed-d13a-44ff-99a4-a914add930c2","username":"redfish703","password":"molson","salt":"ZemMp90f","md5":"a854fd3666d96704c541fd1b443e0023","sha1":"4ca6e323026fd8c99e5982337b3e15043a0e5388","sha256":"b5797bc42fcd9887d6ac055200b1ffb7007437bd2f6bf566474ce5559e0ddd96"},"dob":{"date":"1977-06-15T19:33:56.374Z","age":46},"registered":{"date":"2004-07-11T05:33:35.335Z","age":19},"phone":"(68) 8620-8175","cell":"(23) 1074-3084","id":{"name":"CPF","value":"815.055.905-88"},"picture":{"large":"https://randomuser.me/api/portraits/men/29.jpg","medium":"https://randomuser.me/api/portraits/med/men/29.jpg","thumbnail":"https://randomuser.me/api/portraits/thumb/men/29.jpg"},"nat":"BR"}],"info":{"seed":"184f7e574ece8959","results":1,"page":1,"version":"1.4"}} 
 </msg>
<msg time="2024-05-14T15:16:59.573852" level="INFO">/opt/hostedtoolcache/Python/3.12.3/x64/lib/python3.12/site-packages/urllib3/connectionpool.py:1103: InsecureRequestWarning: Unverified HTTPS request is being made to host 'randomuser.me'. Adding certificate verification is strongly advised. See: https://urllib3.readthedocs.io/en/latest/advanced-usage.html#tls-warnings
  warnings.warn(</msg>
<msg time="2024-05-14T15:16:59.574003" level="INFO">${response} = &lt;Response [200]&gt;</msg>
<var>${response}</var>
<arg>consultarAPI</arg>
<arg>/api</arg>
<doc>Sends a GET request on a previously created HTTP Session.</doc>
<status status="PASS" start="2024-05-14T15:16:59.331217" elapsed="0.242826"/>
</kw>
<kw name="Should Be Equal As Numbers" owner="BuiltIn">
<msg time="2024-05-14T15:16:59.575047" level="INFO">Argument types are:
&lt;class 'int'&gt;
&lt;class 'str'&gt;</msg>
<arg>${response.status_code}</arg>
<arg>200</arg>
<doc>Fails if objects are unequal after converting them to real numbers.</doc>
<status status="PASS" start="2024-05-14T15:16:59.574566" elapsed="0.000552"/>
</kw>
<kw name="Log" owner="BuiltIn">
<msg time="2024-05-14T15:16:59.575944" level="INFO">200</msg>
<arg>${response.status_code}</arg>
<doc>Logs the given message with the given level.</doc>
<status status="PASS" start="2024-05-14T15:16:59.575552" elapsed="0.000437"/>
</kw>
<kw name="Set Variable" owner="BuiltIn">
<msg time="2024-05-14T15:16:59.576790" level="INFO">${json_data} = {'results': [{'gender': 'male', 'name': {'title': 'Mr', 'first': 'Erasmo', 'last': 'Duarte'}, 'location': {'street': {'number': 4134, 'name': 'Rua Pará '}, 'city': 'São Luís', 'state': 'Sergipe', 'cou...</msg>
<var>${json_data}</var>
<arg>${response.json()}</arg>
<doc>Returns the given values which can then be assigned to a variables.</doc>
<status status="PASS" start="2024-05-14T15:16:59.576316" elapsed="0.000504"/>
</kw>
<kw name="Dictionary Should Contain Key" owner="Collections">
<msg time="2024-05-14T15:16:59.577318" level="INFO">False</msg>
<arg>${json_data}</arg>
<arg>results</arg>
<doc>Fails if ``key`` is not found from ``dictionary``.</doc>
<status status="PASS" start="2024-05-14T15:16:59.577144" elapsed="0.000215"/>
</kw>
<status status="PASS" start="2024-05-14T15:16:59.330967" elapsed="0.246675"/>
</kw>
<doc>Testa se a API responde corretamente e retorna um objeto JSON válido.</doc>
<tag>testeRequisicaoBasica</tag>
<status status="PASS" start="2024-05-14T15:16:59.330388" elapsed="0.247441"/>
</test>
<test id="s1-s1-t3" name="Validar estrutura de resposta" line="22">
<kw name="Teste de Estrutura de Resposta" owner="random-user-service">
<kw name="GET On Session" owner="RequestsLibrary">
<msg time="2024-05-14T15:16:59.719117" level="INFO">GET Request : url=https://randomuser.me/api 
 path_url=/api 
 headers={'User-Agent': 'python-requests/2.31.0', 'Accept-Encoding': 'gzip, deflate', 'Accept': '*/*', 'Connection': 'keep-alive'} 
 body=None 
 </msg>
<msg time="2024-05-14T15:16:59.719228" level="INFO">GET Response : url=https://randomuser.me/api 
 status=200, reason=OK 
 headers={'Date': 'Tue, 14 May 2024 15:16:59 GMT', 'Content-Type': 'application/json; charset=utf-8', 'Transfer-Encoding': 'chunked', 'Connection': 'keep-alive', 'X-Powered-By': 'Express', 'Access-Control-Allow-Origin': '*', 'Cache-Control': 'no-cache', 'ETag': 'W/"487-c3zNfwBlk2oMxjJciFU7OhwipXw"', 'Vary': 'Accept-Encoding', 'Content-Encoding': 'gzip', 'CF-Cache-Status': 'DYNAMIC', 'Report-To': '{"endpoints":[{"url":"https:\\/\\/a.nel.cloudflare.com\\/report\\/v4?s=7ML4L11uG9mYwXXTst2Y3tz8QHO9b0HjwqXEwQ706UEDzZ3fi3lwEkbf1bheji%2F%2F47b%2BSYF2rO48c57Og%2BThBCAx9rONHBTZLmjn27t%2BZpJWzQoiymSB0APvW84VyVPq"}],"group":"cf-nel","max_age":604800}', 'NEL': '{"success_fraction":0,"report_to":"cf-nel","max_age":604800}', 'Server': 'cloudflare', 'CF-RAY': '883bda40682b1fe5-IAD', 'alt-svc': 'h3=":443"; ma=86400'} 
 body={"results":[{"gender":"male","name":{"title":"Mr","first":"Abdoel","last":"Kuijsters"},"location":{"street":{"number":371,"name":"Binnenwal"},"city":"Gelderingen","state":"Limburg","country":"Netherlands","postcode":"7425 ZM","coordinates":{"latitude":"35.8898","longitude":"-67.7325"},"timezone":{"offset":"+2:00","description":"Kaliningrad, South Africa"}},"email":"abdoel.kuijsters@example.com","login":{"uuid":"06802479-6d48-4c21-9634-45af794ab21d","username":"bluefish333","password":"hero","salt":"zZtHXlgf","md5":"f82d4f0cd728d9da49d93e51449ef159","sha1":"0282a1bae360c647d71e55a856ec5fa686107b57","sha256":"c07b058ddfecb57038f903d6a69fd75c0f3167b675652db65a306420e7b07377"},"dob":{"date":"1965-01-03T07:55:07.180Z","age":59},"registered":{"date":"2015-04-01T04:31:53.572Z","age":9},"phone":"(045) 3661084","cell":"(06) 84124209","id":{"name":"BSN","value":"36050138"},"picture":{"large":"https://randomuser.me/api/portraits/men/98.jpg","medium":"https://randomuser.me/api/portraits/med/men/98.jpg","thumbnail":"https://randomuser.me/api/portraits/thumb/men/98.jpg"},"nat":"NL"}],"info":{"seed":"30c1fad5be6cbd45","results":1,"page":1,"version":"1.4"}} 
 </msg>
<msg time="2024-05-14T15:16:59.719405" level="INFO">/opt/hostedtoolcache/Python/3.12.3/x64/lib/python3.12/site-packages/urllib3/connectionpool.py:1103: InsecureRequestWarning: Unverified HTTPS request is being made to host 'randomuser.me'. Adding certificate verification is strongly advised. See: https://urllib3.readthedocs.io/en/latest/advanced-usage.html#tls-warnings
  warnings.warn(</msg>
<msg time="2024-05-14T15:16:59.719563" level="INFO">${response} = &lt;Response [200]&gt;</msg>
<var>${response}</var>
<arg>consultarAPI</arg>
<arg>/api</arg>
<doc>Sends a GET request on a previously created HTTP Session.</doc>
<status status="PASS" start="2024-05-14T15:16:59.580469" elapsed="0.139157"/>
</kw>
<kw name="Set Variable" owner="BuiltIn">
<msg time="2024-05-14T15:16:59.720727" level="INFO">${json_data} = {'results': [{'gender': 'male', 'name': {'title': 'Mr', 'first': 'Abdoel', 'last': 'Kuijsters'}, 'location': {'street': {'number': 371, 'name': 'Binnenwal'}, 'city': 'Gelderingen', 'state': 'Limburg',...</msg>
<var>${json_data}</var>
<arg>${response.json()}</arg>
<doc>Returns the given values which can then be assigned to a variables.</doc>
<status status="PASS" start="2024-05-14T15:16:59.720178" elapsed="0.000579"/>
</kw>
<kw name="Log" owner="BuiltIn">
<msg time="2024-05-14T15:16:59.721234" level="INFO">{'results': [{'gender': 'male', 'name': {'title': 'Mr', 'first': 'Abdoel', 'last': 'Kuijsters'}, 'location': {'street': {'number': 371, 'name': 'Binnenwal'}, 'city': 'Gelderingen', 'state': 'Limburg', 'country': 'Netherlands', 'postcode': '7425 ZM', 'coordinates': {'latitude': '35.8898', 'longitude': '-67.7325'}, 'timezone': {'offset': '+2:00', 'description': 'Kaliningrad, South Africa'}}, 'email': 'abdoel.kuijsters@example.com', 'login': {'uuid': '06802479-6d48-4c21-9634-45af794ab21d', 'username': 'bluefish333', 'password': 'hero', 'salt': 'zZtHXlgf', 'md5': 'f82d4f0cd728d9da49d93e51449ef159', 'sha1': '0282a1bae360c647d71e55a856ec5fa686107b57', 'sha256': 'c07b058ddfecb57038f903d6a69fd75c0f3167b675652db65a306420e7b07377'}, 'dob': {'date': '1965-01-03T07:55:07.180Z', 'age': 59}, 'registered': {'date': '2015-04-01T04:31:53.572Z', 'age': 9}, 'phone': '(045) 3661084', 'cell': '(06) 84124209', 'id': {'name': 'BSN', 'value': '36050138'}, 'picture': {'large': 'https://randomuser.me/api/portraits/men/98.jpg', 'medium': 'https://randomuser.me/api/portraits/med/men/98.jpg', 'thumbnail': 'https://randomuser.me/api/portraits/thumb/men/98.jpg'}, 'nat': 'NL'}], 'info': {'seed': '30c1fad5be6cbd45', 'results': 1, 'page': 1, 'version': '1.4'}}</msg>
<arg>${json_data}</arg>
<doc>Logs the given message with the given level.</doc>
<status status="PASS" start="2024-05-14T15:16:59.721073" elapsed="0.000216"/>
</kw>
<kw name="Dictionary Should Contain Key" owner="Collections">
<msg time="2024-05-14T15:16:59.721752" level="INFO">False</msg>
<arg>${json_data}</arg>
<arg>results</arg>
<doc>Fails if ``key`` is not found from ``dictionary``.</doc>
<status status="PASS" start="2024-05-14T15:16:59.721592" elapsed="0.000198"/>
</kw>
<kw name="Should Not Be Empty" owner="BuiltIn">
<msg time="2024-05-14T15:16:59.722226" level="INFO">Length is 2.</msg>
<arg>${json_data}</arg>
<doc>Verifies that the given item is not empty.</doc>
<status status="PASS" start="2024-05-14T15:16:59.722085" elapsed="0.000190"/>
</kw>
<kw name="Create List" owner="BuiltIn">
<msg time="2024-05-14T15:16:59.722870" level="INFO">${expected_keys} = ['gender', 'name', 'location', 'email', 'login']</msg>
<var>${expected_keys}</var>
<arg>gender</arg>
<arg>name</arg>
<arg>location</arg>
<arg>email</arg>
<arg>login</arg>
<doc>Returns a list containing given items.</doc>
<status status="PASS" start="2024-05-14T15:16:59.722571" elapsed="0.000324"/>
</kw>
<for flavor="IN">
<iter>
<kw name="Dictionary Should Contain Key" owner="Collections">
<msg time="2024-05-14T15:16:59.723938" level="INFO">False</msg>
<arg>${json_data['results'][0]}</arg>
<arg>${key}</arg>
<doc>Fails if ``key`` is not found from ``dictionary``.</doc>
<status status="PASS" start="2024-05-14T15:16:59.723533" elapsed="0.000443"/>
</kw>
<kw name="Log" owner="BuiltIn">
<msg time="2024-05-14T15:16:59.724646" level="INFO">{'gender': 'male', 'name': {'title': 'Mr', 'first': 'Abdoel', 'last': 'Kuijsters'}, 'location': {'street': {'number': 371, 'name': 'Binnenwal'}, 'city': 'Gelderingen', 'state': 'Limburg', 'country': 'Netherlands', 'postcode': '7425 ZM', 'coordinates': {'latitude': '35.8898', 'longitude': '-67.7325'}, 'timezone': {'offset': '+2:00', 'description': 'Kaliningrad, South Africa'}}, 'email': 'abdoel.kuijsters@example.com', 'login': {'uuid': '06802479-6d48-4c21-9634-45af794ab21d', 'username': 'bluefish333', 'password': 'hero', 'salt': 'zZtHXlgf', 'md5': 'f82d4f0cd728d9da49d93e51449ef159', 'sha1': '0282a1bae360c647d71e55a856ec5fa686107b57', 'sha256': 'c07b058ddfecb57038f903d6a69fd75c0f3167b675652db65a306420e7b07377'}, 'dob': {'date': '1965-01-03T07:55:07.180Z', 'age': 59}, 'registered': {'date': '2015-04-01T04:31:53.572Z', 'age': 9}, 'phone': '(045) 3661084', 'cell': '(06) 84124209', 'id': {'name': 'BSN', 'value': '36050138'}, 'picture': {'large': 'https://randomuser.me/api/portraits/men/98.jpg', 'medium': 'https://randomuser.me/api/portraits/med/men/98.jpg', 'thumbnail': 'https://randomuser.me/api/portraits/thumb/men/98.jpg'}, 'nat': 'NL'}</msg>
<arg>${json_data['results'][0]}</arg>
<doc>Logs the given message with the given level.</doc>
<status status="PASS" start="2024-05-14T15:16:59.724279" elapsed="0.000415"/>
</kw>
<kw name="Log" owner="BuiltIn">
<msg time="2024-05-14T15:16:59.725134" level="INFO">gender</msg>
<arg>${key}</arg>
<doc>Logs the given message with the given level.</doc>
<status status="PASS" start="2024-05-14T15:16:59.725006" elapsed="0.000165"/>
</kw>
<var name="${key}">gender</var>
<status status="PASS" start="2024-05-14T15:16:59.723391" elapsed="0.001994"/>
</iter>
<iter>
<kw name="Dictionary Should Contain Key" owner="Collections">
<msg time="2024-05-14T15:16:59.726080" level="INFO">False</msg>
<arg>${json_data['results'][0]}</arg>
<arg>${key}</arg>
<doc>Fails if ``key`` is not found from ``dictionary``.</doc>
<status status="PASS" start="2024-05-14T15:16:59.725689" elapsed="0.000428"/>
</kw>
<kw name="Log" owner="BuiltIn">
<msg time="2024-05-14T15:16:59.726795" level="INFO">{'gender': 'male', 'name': {'title': 'Mr', 'first': 'Abdoel', 'last': 'Kuijsters'}, 'location': {'street': {'number': 371, 'name': 'Binnenwal'}, 'city': 'Gelderingen', 'state': 'Limburg', 'country': 'Netherlands', 'postcode': '7425 ZM', 'coordinates': {'latitude': '35.8898', 'longitude': '-67.7325'}, 'timezone': {'offset': '+2:00', 'description': 'Kaliningrad, South Africa'}}, 'email': 'abdoel.kuijsters@example.com', 'login': {'uuid': '06802479-6d48-4c21-9634-45af794ab21d', 'username': 'bluefish333', 'password': 'hero', 'salt': 'zZtHXlgf', 'md5': 'f82d4f0cd728d9da49d93e51449ef159', 'sha1': '0282a1bae360c647d71e55a856ec5fa686107b57', 'sha256': 'c07b058ddfecb57038f903d6a69fd75c0f3167b675652db65a306420e7b07377'}, 'dob': {'date': '1965-01-03T07:55:07.180Z', 'age': 59}, 'registered': {'date': '2015-04-01T04:31:53.572Z', 'age': 9}, 'phone': '(045) 3661084', 'cell': '(06) 84124209', 'id': {'name': 'BSN', 'value': '36050138'}, 'picture': {'large': 'https://randomuser.me/api/portraits/men/98.jpg', 'medium': 'https://randomuser.me/api/portraits/med/men/98.jpg', 'thumbnail': 'https://randomuser.me/api/portraits/thumb/men/98.jpg'}, 'nat': 'NL'}</msg>
<arg>${json_data['results'][0]}</arg>
<doc>Logs the given message with the given level.</doc>
<status status="PASS" start="2024-05-14T15:16:59.726434" elapsed="0.000408"/>
</kw>
<kw name="Log" owner="BuiltIn">
<msg time="2024-05-14T15:16:59.727260" level="INFO">name</msg>
<arg>${key}</arg>
<doc>Logs the given message with the given level.</doc>
<status status="PASS" start="2024-05-14T15:16:59.727135" elapsed="0.000187"/>
</kw>
<var name="${key}">name</var>
<status status="PASS" start="2024-05-14T15:16:59.725570" elapsed="0.001974"/>
</iter>
<iter>
<kw name="Dictionary Should Contain Key" owner="Collections">
<msg time="2024-05-14T15:16:59.728244" level="INFO">False</msg>
<arg>${json_data['results'][0]}</arg>
<arg>${key}</arg>
<doc>Fails if ``key`` is not found from ``dictionary``.</doc>
<status status="PASS" start="2024-05-14T15:16:59.727848" elapsed="0.000433"/>
</kw>
<kw name="Log" owner="BuiltIn">
<msg time="2024-05-14T15:16:59.728940" level="INFO">{'gender': 'male', 'name': {'title': 'Mr', 'first': 'Abdoel', 'last': 'Kuijsters'}, 'location': {'street': {'number': 371, 'name': 'Binnenwal'}, 'city': 'Gelderingen', 'state': 'Limburg', 'country': 'Netherlands', 'postcode': '7425 ZM', 'coordinates': {'latitude': '35.8898', 'longitude': '-67.7325'}, 'timezone': {'offset': '+2:00', 'description': 'Kaliningrad, South Africa'}}, 'email': 'abdoel.kuijsters@example.com', 'login': {'uuid': '06802479-6d48-4c21-9634-45af794ab21d', 'username': 'bluefish333', 'password': 'hero', 'salt': 'zZtHXlgf', 'md5': 'f82d4f0cd728d9da49d93e51449ef159', 'sha1': '0282a1bae360c647d71e55a856ec5fa686107b57', 'sha256': 'c07b058ddfecb57038f903d6a69fd75c0f3167b675652db65a306420e7b07377'}, 'dob': {'date': '1965-01-03T07:55:07.180Z', 'age': 59}, 'registered': {'date': '2015-04-01T04:31:53.572Z', 'age': 9}, 'phone': '(045) 3661084', 'cell': '(06) 84124209', 'id': {'name': 'BSN', 'value': '36050138'}, 'picture': {'large': 'https://randomuser.me/api/portraits/men/98.jpg', 'medium': 'https://randomuser.me/api/portraits/med/men/98.jpg', 'thumbnail': 'https://randomuser.me/api/portraits/thumb/men/98.jpg'}, 'nat': 'NL'}</msg>
<arg>${json_data['results'][0]}</arg>
<doc>Logs the given message with the given level.</doc>
<status status="PASS" start="2024-05-14T15:16:59.728580" elapsed="0.000406"/>
</kw>
<kw name="Log" owner="BuiltIn">
<msg time="2024-05-14T15:16:59.729403" level="INFO">location</msg>
<arg>${key}</arg>
<doc>Logs the given message with the given level.</doc>
<status status="PASS" start="2024-05-14T15:16:59.729278" elapsed="0.000163"/>
</kw>
<var name="${key}">location</var>
<status status="PASS" start="2024-05-14T15:16:59.727724" elapsed="0.001932"/>
</iter>
<iter>
<kw name="Dictionary Should Contain Key" owner="Collections">
<msg time="2024-05-14T15:16:59.730328" level="INFO">False</msg>
<arg>${json_data['results'][0]}</arg>
<arg>${key}</arg>
<doc>Fails if ``key`` is not found from ``dictionary``.</doc>
<status status="PASS" start="2024-05-14T15:16:59.729940" elapsed="0.000425"/>
</kw>
<kw name="Log" owner="BuiltIn">
<msg time="2024-05-14T15:16:59.731019" level="INFO">{'gender': 'male', 'name': {'title': 'Mr', 'first': 'Abdoel', 'last': 'Kuijsters'}, 'location': {'street': {'number': 371, 'name': 'Binnenwal'}, 'city': 'Gelderingen', 'state': 'Limburg', 'country': 'Netherlands', 'postcode': '7425 ZM', 'coordinates': {'latitude': '35.8898', 'longitude': '-67.7325'}, 'timezone': {'offset': '+2:00', 'description': 'Kaliningrad, South Africa'}}, 'email': 'abdoel.kuijsters@example.com', 'login': {'uuid': '06802479-6d48-4c21-9634-45af794ab21d', 'username': 'bluefish333', 'password': 'hero', 'salt': 'zZtHXlgf', 'md5': 'f82d4f0cd728d9da49d93e51449ef159', 'sha1': '0282a1bae360c647d71e55a856ec5fa686107b57', 'sha256': 'c07b058ddfecb57038f903d6a69fd75c0f3167b675652db65a306420e7b07377'}, 'dob': {'date': '1965-01-03T07:55:07.180Z', 'age': 59}, 'registered': {'date': '2015-04-01T04:31:53.572Z', 'age': 9}, 'phone': '(045) 3661084', 'cell': '(06) 84124209', 'id': {'name': 'BSN', 'value': '36050138'}, 'picture': {'large': 'https://randomuser.me/api/portraits/men/98.jpg', 'medium': 'https://randomuser.me/api/portraits/med/men/98.jpg', 'thumbnail': 'https://randomuser.me/api/portraits/thumb/men/98.jpg'}, 'nat': 'NL'}</msg>
<arg>${json_data['results'][0]}</arg>
<doc>Logs the given message with the given level.</doc>
<status status="PASS" start="2024-05-14T15:16:59.730663" elapsed="0.000404"/>
</kw>
<kw name="Log" owner="BuiltIn">
<msg time="2024-05-14T15:16:59.731537" level="INFO">email</msg>
<arg>${key}</arg>
<doc>Logs the given message with the given level.</doc>
<status status="PASS" start="2024-05-14T15:16:59.731394" elapsed="0.000183"/>
</kw>
<var name="${key}">email</var>
<status status="PASS" start="2024-05-14T15:16:59.729829" elapsed="0.001964"/>
</iter>
<iter>
<kw name="Dictionary Should Contain Key" owner="Collections">
<msg time="2024-05-14T15:16:59.732478" level="INFO">False</msg>
<arg>${json_data['results'][0]}</arg>
<arg>${key}</arg>
<doc>Fails if ``key`` is not found from ``dictionary``.</doc>
<status status="PASS" start="2024-05-14T15:16:59.732079" elapsed="0.000437"/>
</kw>
<kw name="Log" owner="BuiltIn">
<msg time="2024-05-14T15:16:59.733171" level="INFO">{'gender': 'male', 'name': {'title': 'Mr', 'first': 'Abdoel', 'last': 'Kuijsters'}, 'location': {'street': {'number': 371, 'name': 'Binnenwal'}, 'city': 'Gelderingen', 'state': 'Limburg', 'country': 'Netherlands', 'postcode': '7425 ZM', 'coordinates': {'latitude': '35.8898', 'longitude': '-67.7325'}, 'timezone': {'offset': '+2:00', 'description': 'Kaliningrad, South Africa'}}, 'email': 'abdoel.kuijsters@example.com', 'login': {'uuid': '06802479-6d48-4c21-9634-45af794ab21d', 'username': 'bluefish333', 'password': 'hero', 'salt': 'zZtHXlgf', 'md5': 'f82d4f0cd728d9da49d93e51449ef159', 'sha1': '0282a1bae360c647d71e55a856ec5fa686107b57', 'sha256': 'c07b058ddfecb57038f903d6a69fd75c0f3167b675652db65a306420e7b07377'}, 'dob': {'date': '1965-01-03T07:55:07.180Z', 'age': 59}, 'registered': {'date': '2015-04-01T04:31:53.572Z', 'age': 9}, 'phone': '(045) 3661084', 'cell': '(06) 84124209', 'id': {'name': 'BSN', 'value': '36050138'}, 'picture': {'large': 'https://randomuser.me/api/portraits/men/98.jpg', 'medium': 'https://randomuser.me/api/portraits/med/men/98.jpg', 'thumbnail': 'https://randomuser.me/api/portraits/thumb/men/98.jpg'}, 'nat': 'NL'}</msg>
<arg>${json_data['results'][0]}</arg>
<doc>Logs the given message with the given level.</doc>
<status status="PASS" start="2024-05-14T15:16:59.732813" elapsed="0.000406"/>
</kw>
<kw name="Log" owner="BuiltIn">
<msg time="2024-05-14T15:16:59.733642" level="INFO">login</msg>
<arg>${key}</arg>
<doc>Logs the given message with the given level.</doc>
<status status="PASS" start="2024-05-14T15:16:59.733515" elapsed="0.000166"/>
</kw>
<var name="${key}">login</var>
<status status="PASS" start="2024-05-14T15:16:59.731967" elapsed="0.001952"/>
</iter>
<var>${key}</var>
<value>@{expected_keys}</value>
<status status="PASS" start="2024-05-14T15:16:59.723164" elapsed="0.010884"/>
</for>
<kw name="Create List" owner="BuiltIn">
<msg time="2024-05-14T15:16:59.734390" level="INFO">${expected_keysTwo} = ['username', 'password']</msg>
<var>${expected_keysTwo}</var>
<arg>username</arg>
<arg>password</arg>
<doc>Returns a list containing given items.</doc>
<status status="PASS" start="2024-05-14T15:16:59.734243" elapsed="0.000171"/>
</kw>
<for flavor="IN">
<iter>
<kw name="Dictionary Should Contain Key" owner="Collections">
<msg time="2024-05-14T15:16:59.735342" level="INFO">False</msg>
<arg>${json_data['results'][0]['login']}</arg>
<arg>${keyTwo}</arg>
<doc>Fails if ``key`` is not found from ``dictionary``.</doc>
<status status="PASS" start="2024-05-14T15:16:59.734919" elapsed="0.000464"/>
</kw>
<kw name="Dictionary Should Contain Key" owner="Collections">
<msg time="2024-05-14T15:16:59.736072" level="INFO">False</msg>
<arg>${json_data['results'][0]['login']}</arg>
<arg>${keyTwo}</arg>
<doc>Fails if ``key`` is not found from ``dictionary``.</doc>
<status status="PASS" start="2024-05-14T15:16:59.735684" elapsed="0.000426"/>
</kw>
<kw name="Log" owner="BuiltIn">
<msg time="2024-05-14T15:16:59.736529" level="INFO">username</msg>
<arg>${keyTwo}</arg>
<doc>Logs the given message with the given level.</doc>
<status status="PASS" start="2024-05-14T15:16:59.736402" elapsed="0.000169"/>
</kw>
<var name="${keyTwo}">username</var>
<status status="PASS" start="2024-05-14T15:16:59.734803" elapsed="0.001979"/>
</iter>
<iter>
<kw name="Dictionary Should Contain Key" owner="Collections">
<msg time="2024-05-14T15:16:59.737455" level="INFO">False</msg>
<arg>${json_data['results'][0]['login']}</arg>
<arg>${keyTwo}</arg>
<doc>Fails if ``key`` is not found from ``dictionary``.</doc>
<status status="PASS" start="2024-05-14T15:16:59.737073" elapsed="0.000419"/>
</kw>
<kw name="Dictionary Should Contain Key" owner="Collections">
<msg time="2024-05-14T15:16:59.738241" level="INFO">False</msg>
<arg>${json_data['results'][0]['login']}</arg>
<arg>${keyTwo}</arg>
<doc>Fails if ``key`` is not found from ``dictionary``.</doc>
<status status="PASS" start="2024-05-14T15:16:59.737782" elapsed="0.000500"/>
</kw>
<kw name="Log" owner="BuiltIn">
<msg time="2024-05-14T15:16:59.738701" level="INFO">password</msg>
<arg>${keyTwo}</arg>
<doc>Logs the given message with the given level.</doc>
<status status="PASS" start="2024-05-14T15:16:59.738574" elapsed="0.000164"/>
</kw>
<var name="${keyTwo}">password</var>
<status status="PASS" start="2024-05-14T15:16:59.736962" elapsed="0.001988"/>
</iter>
<var>${keyTwo}</var>
<value>@{expected_keysTwo}</value>
<status status="PASS" start="2024-05-14T15:16:59.734649" elapsed="0.004420"/>
</for>
<status status="PASS" start="2024-05-14T15:16:59.580222" elapsed="0.158985"/>
</kw>
<doc>Testa a estrutura da resposta da API.</doc>
<tag>testeEstruturaResposta</tag>
<status status="PASS" start="2024-05-14T15:16:59.579717" elapsed="0.159679"/>
</test>
<test id="s1-s1-t4" name="Validar tipos de dados" line="28">
<kw name="Teste de Tipos de Dados" owner="random-user-service">
<kw name="GET On Session" owner="RequestsLibrary">
<msg time="2024-05-14T15:16:59.782321" level="INFO">GET Request : url=https://randomuser.me/api 
 path_url=/api 
 headers={'User-Agent': 'python-requests/2.31.0', 'Accept-Encoding': 'gzip, deflate', 'Accept': '*/*', 'Connection': 'keep-alive'} 
 body=None 
 </msg>
<msg time="2024-05-14T15:16:59.782406" level="INFO">GET Response : url=https://randomuser.me/api 
 status=200, reason=OK 
 headers={'Date': 'Tue, 14 May 2024 15:16:59 GMT', 'Content-Type': 'application/json; charset=utf-8', 'Transfer-Encoding': 'chunked', 'Connection': 'keep-alive', 'X-Powered-By': 'Express', 'Access-Control-Allow-Origin': '*', 'Cache-Control': 'no-cache', 'ETag': 'W/"48e-PSTL0O8vLS1WuEWEf8mZUgmfJ0Y"', 'Vary': 'Accept-Encoding', 'Content-Encoding': 'gzip', 'CF-Cache-Status': 'DYNAMIC', 'Report-To': '{"endpoints":[{"url":"https:\\/\\/a.nel.cloudflare.com\\/report\\/v4?s=SK0knX%2BMWbIcveVDRUYuBcU17sOv%2FTC1yk1kZfsXEJnfRuSKpYalfFLOrO6LRM1VCxMxzKd9IDqft2zKQ0RaRU4cz1%2BDO6fkpe9QIxGdg0AAFrIGV1admgvyTCM2NPEG"}],"group":"cf-nel","max_age":604800}', 'NEL': '{"success_fraction":0,"report_to":"cf-nel","max_age":604800}', 'Server': 'cloudflare', 'CF-RAY': '883bda41697a1fe5-IAD', 'alt-svc': 'h3=":443"; ma=86400'} 
 body={"results":[{"gender":"female","name":{"title":"Miss","first":"Luisa","last":"Sánchez"},"location":{"street":{"number":7201,"name":"Avenida de Burgos"},"city":"Albacete","state":"Andalucía","country":"Spain","postcode":50573,"coordinates":{"latitude":"-32.9528","longitude":"27.6969"},"timezone":{"offset":"-1:00","description":"Azores, Cape Verde Islands"}},"email":"luisa.sanchez@example.com","login":{"uuid":"9d06b000-798e-4ec5-83ff-540bd42b3aee","username":"yellowfrog356","password":"warner","salt":"LG35XuFn","md5":"84934d4c7bc173026f8dc64ef48136f6","sha1":"f130d82b8f7ee207bb6efe221dec34d8adfe835b","sha256":"58740d36a0bb1ce2510850300bf1acf7aba54b3b6b0e0d1ed57583dba1253c1f"},"dob":{"date":"1945-07-01T01:01:35.482Z","age":78},"registered":{"date":"2016-09-14T07:26:28.978Z","age":7},"phone":"921-626-992","cell":"619-305-361","id":{"name":"DNI","value":"27719353-G"},"picture":{"large":"https://randomuser.me/api/portraits/women/83.jpg","medium":"https://randomuser.me/api/portraits/med/women/83.jpg","thumbnail":"https://randomuser.me/api/portraits/thumb/women/83.jpg"},"nat":"ES"}],"info":{"seed":"06aa25be5680e14d","results":1,"page":1,"version":"1.4"}} 
 </msg>
<msg time="2024-05-14T15:16:59.782484" level="INFO">/opt/hostedtoolcache/Python/3.12.3/x64/lib/python3.12/site-packages/urllib3/connectionpool.py:1103: InsecureRequestWarning: Unverified HTTPS request is being made to host 'randomuser.me'. Adding certificate verification is strongly advised. See: https://urllib3.readthedocs.io/en/latest/advanced-usage.html#tls-warnings
  warnings.warn(</msg>
<msg time="2024-05-14T15:16:59.782602" level="INFO">${response} = &lt;Response [200]&gt;</msg>
<var>${response}</var>
<arg>consultarAPI</arg>
<arg>/api</arg>
<doc>Sends a GET request on a previously created HTTP Session.</doc>
<status status="PASS" start="2024-05-14T15:16:59.741961" elapsed="0.040696"/>
</kw>
<kw name="Set Variable" owner="BuiltIn">
<msg time="2024-05-14T15:16:59.783720" level="INFO">${json_data} = {'results': [{'gender': 'female', 'name': {'title': 'Miss', 'first': 'Luisa', 'last': 'Sánchez'}, 'location': {'street': {'number': 7201, 'name': 'Avenida de Burgos'}, 'city': 'Albacete', 'state': 'An...</msg>
<var>${json_data}</var>
<arg>${response.json()}</arg>
<doc>Returns the given values which can then be assigned to a variables.</doc>
<status status="PASS" start="2024-05-14T15:16:59.783116" elapsed="0.000633"/>
</kw>
<kw name="Log" owner="BuiltIn">
<msg time="2024-05-14T15:16:59.784210" level="INFO">{'results': [{'gender': 'female', 'name': {'title': 'Miss', 'first': 'Luisa', 'last': 'Sánchez'}, 'location': {'street': {'number': 7201, 'name': 'Avenida de Burgos'}, 'city': 'Albacete', 'state': 'Andalucía', 'country': 'Spain', 'postcode': 50573, 'coordinates': {'latitude': '-32.9528', 'longitude': '27.6969'}, 'timezone': {'offset': '-1:00', 'description': 'Azores, Cape Verde Islands'}}, 'email': 'luisa.sanchez@example.com', 'login': {'uuid': '9d06b000-798e-4ec5-83ff-540bd42b3aee', 'username': 'yellowfrog356', 'password': 'warner', 'salt': 'LG35XuFn', 'md5': '84934d4c7bc173026f8dc64ef48136f6', 'sha1': 'f130d82b8f7ee207bb6efe221dec34d8adfe835b', 'sha256': '58740d36a0bb1ce2510850300bf1acf7aba54b3b6b0e0d1ed57583dba1253c1f'}, 'dob': {'date': '1945-07-01T01:01:35.482Z', 'age': 78}, 'registered': {'date': '2016-09-14T07:26:28.978Z', 'age': 7}, 'phone': '921-626-992', 'cell': '619-305-361', 'id': {'name': 'DNI', 'value': '27719353-G'}, 'picture': {'large': 'https://randomuser.me/api/portraits/women/83.jpg', 'medium': 'https://randomuser.me/api/portraits/med/women/83.jpg', 'thumbnail': 'https://randomuser.me/api/portraits/thumb/women/83.jpg'}, 'nat': 'ES'}], 'info': {'seed': '06aa25be5680e14d', 'results': 1, 'page': 1, 'version': '1.4'}}</msg>
<arg>${json_data}</arg>
<doc>Logs the given message with the given level.</doc>
<status status="PASS" start="2024-05-14T15:16:59.784054" elapsed="0.000236"/>
</kw>
<kw name="Should Be String" owner="String">
<arg>${json_data['results'][0]['gender']}</arg>
<doc>Fails if the given ``item`` is not a string.</doc>
<status status="PASS" start="2024-05-14T15:16:59.784590" elapsed="0.000372"/>
</kw>
<kw name="Should Match Regexp" owner="BuiltIn">
<arg>${json_data['results'][0]['email']}</arg>
<arg>^[a-zA-Z0-9._%+-]+@[a-zA-Z0-9.-]+\.[a-zA-Z]{2,}$</arg>
<doc>Fails if ``string`` does not match ``pattern`` as a regular expression.</doc>
<status status="PASS" start="2024-05-14T15:16:59.785157" elapsed="0.000515"/>
</kw>
<kw name="Should Match Regexp" owner="BuiltIn">
<arg>${json_data['results'][0]['dob']['date']}</arg>
<arg>\\d{4}-\\d{2}-\\d{2}T\\d{2}:\\d{2}:\\d{2}\\.\\d{3}Z</arg>
<doc>Fails if ``string`` does not match ``pattern`` as a regular expression.</doc>
<status status="PASS" start="2024-05-14T15:16:59.785869" elapsed="0.000489"/>
</kw>
<kw name="Should Match Regexp" owner="BuiltIn">
<arg>${json_data['results'][0]['registered']['date']}</arg>
<arg>\\d{4}-\\d{2}-\\d{2}T\\d{2}:\\d{2}:\\d{2}\\.\\d{3}Z</arg>
<doc>Fails if ``string`` does not match ``pattern`` as a regular expression.</doc>
<status status="PASS" start="2024-05-14T15:16:59.786550" elapsed="0.000370"/>
</kw>
<kw name="Should Match Regexp" owner="BuiltIn">
<arg>${json_data['results'][0]['picture']['large']}</arg>
<arg>^https?://.*\.(?:png|jpe?g|gif|bmp)$</arg>
<doc>Fails if ``string`` does not match ``pattern`` as a regular expression.</doc>
<status status="PASS" start="2024-05-14T15:16:59.787108" elapsed="0.000518"/>
</kw>
<kw name="Should Match Regexp" owner="BuiltIn">
<arg>${json_data['results'][0]['picture']['medium']}</arg>
<arg>^https?://.*\.(?:png|jpe?g|gif|bmp)$</arg>
<doc>Fails if ``string`` does not match ``pattern`` as a regular expression.</doc>
<status status="PASS" start="2024-05-14T15:16:59.787820" elapsed="0.000372"/>
</kw>
<kw name="Should Match Regexp" owner="BuiltIn">
<arg>${json_data['results'][0]['picture']['thumbnail']}</arg>
<arg>^https?://.*\.(?:png|jpe?g|gif|bmp)$</arg>
<doc>Fails if ``string`` does not match ``pattern`` as a regular expression.</doc>
<status status="PASS" start="2024-05-14T15:16:59.788385" elapsed="0.000351"/>
</kw>
<kw name="Log" owner="BuiltIn">
<msg time="2024-05-14T15:16:59.789240" level="INFO">{'large': 'https://randomuser.me/api/portraits/women/83.jpg', 'medium': 'https://randomuser.me/api/portraits/med/women/83.jpg', 'thumbnail': 'https://randomuser.me/api/portraits/thumb/women/83.jpg'}</msg>
<arg>${json_data['results'][0]['picture']}</arg>
<doc>Logs the given message with the given level.</doc>
<status status="PASS" start="2024-05-14T15:16:59.788919" elapsed="0.000362"/>
</kw>
<status status="PASS" start="2024-05-14T15:16:59.741731" elapsed="0.047801"/>
</kw>
<kw name="Teste de Tipos de Dados - Postcode" owner="random-user-service">
<kw name="GET On Session" owner="RequestsLibrary">
<msg time="2024-05-14T15:16:59.897850" level="INFO">GET Request : url=https://randomuser.me/api 
 path_url=/api 
 headers={'User-Agent': 'python-requests/2.31.0', 'Accept-Encoding': 'gzip, deflate', 'Accept': '*/*', 'Connection': 'keep-alive'} 
 body=None 
 </msg>
<msg time="2024-05-14T15:16:59.897935" level="INFO">GET Response : url=https://randomuser.me/api 
 status=200, reason=OK 
 headers={'Date': 'Tue, 14 May 2024 15:16:59 GMT', 'Content-Type': 'application/json; charset=utf-8', 'Transfer-Encoding': 'chunked', 'Connection': 'keep-alive', 'X-Powered-By': 'Express', 'Access-Control-Allow-Origin': '*', 'Cache-Control': 'no-cache', 'ETag': 'W/"4a7-RCbaqlXXkHiB1FI/BjmR+WtR9hU"', 'Vary': 'Accept-Encoding', 'Content-Encoding': 'gzip', 'CF-Cache-Status': 'DYNAMIC', 'Report-To': '{"endpoints":[{"url":"https:\\/\\/a.nel.cloudflare.com\\/report\\/v4?s=ZUyX8AFgHNGExry1Fcvjc4lE3uTHqYknqETvFLqGr0PDHm3p198HDtP86wUbTCEdzREHtJKVfObXWUQmfhxvP0RTY3kjCIPY%2BMMBScuL2%2FYb0fVZmllFioTsADgvNQiA"}],"group":"cf-nel","max_age":604800}', 'NEL': '{"success_fraction":0,"report_to":"cf-nel","max_age":604800}', 'Server': 'cloudflare', 'CF-RAY': '883bda41b9d51fe5-IAD', 'alt-svc': 'h3=":443"; ma=86400'} 
 body={"results":[{"gender":"male","name":{"title":"Mr","first":"Albert","last":"Morales"},"location":{"street":{"number":3783,"name":"Avenida del Planetario"},"city":"Pozuelo de Alarcón","state":"Asturias","country":"Spain","postcode":89773,"coordinates":{"latitude":"-32.4279","longitude":"-148.6000"},"timezone":{"offset":"+5:00","description":"Ekaterinburg, Islamabad, Karachi, Tashkent"}},"email":"albert.morales@example.com","login":{"uuid":"09a63b2e-3444-4aad-b485-d526fdb233e0","username":"orangegoose881","password":"dillon","salt":"nqsqQO28","md5":"f71c4969284340f5da274e838d160b33","sha1":"45974662b4bc623e50a43920b7b79da0d725c884","sha256":"9c80692ae91d266a6cbff76410624721e37ab743004974e0d2e9cceaa23b6fb2"},"dob":{"date":"1965-11-14T22:23:43.388Z","age":58},"registered":{"date":"2005-01-14T05:14:18.997Z","age":19},"phone":"998-711-280","cell":"691-714-659","id":{"name":"DNI","value":"82813064-Z"},"picture":{"large":"https://randomuser.me/api/portraits/men/39.jpg","medium":"https://randomuser.me/api/portraits/med/men/39.jpg","thumbnail":"https://randomuser.me/api/portraits/thumb/men/39.jpg"},"nat":"ES"}],"info":{"seed":"d1d79ec4514014c1","results":1,"page":1,"version":"1.4"}} 
 </msg>
<msg time="2024-05-14T15:16:59.898000" level="INFO">/opt/hostedtoolcache/Python/3.12.3/x64/lib/python3.12/site-packages/urllib3/connectionpool.py:1103: InsecureRequestWarning: Unverified HTTPS request is being made to host 'randomuser.me'. Adding certificate verification is strongly advised. See: https://urllib3.readthedocs.io/en/latest/advanced-usage.html#tls-warnings
  warnings.warn(</msg>
<msg time="2024-05-14T15:16:59.898108" level="INFO">${response} = &lt;Response [200]&gt;</msg>
<var>${response}</var>
<arg>consultarAPI</arg>
<arg>/api</arg>
<doc>Sends a GET request on a previously created HTTP Session.</doc>
<status status="PASS" start="2024-05-14T15:16:59.789966" elapsed="0.108182"/>
</kw>
<kw name="Set Variable" owner="BuiltIn">
<msg time="2024-05-14T15:16:59.899281" level="INFO">${json_data} = {'results': [{'gender': 'male', 'name': {'title': 'Mr', 'first': 'Albert', 'last': 'Morales'}, 'location': {'street': {'number': 3783, 'name': 'Avenida del Planetario'}, 'city': 'Pozuelo de Alarcón', ...</msg>
<var>${json_data}</var>
<arg>${response.json()}</arg>
<doc>Returns the given values which can then be assigned to a variables.</doc>
<status status="PASS" start="2024-05-14T15:16:59.898705" elapsed="0.000641"/>
</kw>
<kw name="Log" owner="BuiltIn">
<msg time="2024-05-14T15:16:59.899856" level="INFO">{'results': [{'gender': 'male', 'name': {'title': 'Mr', 'first': 'Albert', 'last': 'Morales'}, 'location': {'street': {'number': 3783, 'name': 'Avenida del Planetario'}, 'city': 'Pozuelo de Alarcón', 'state': 'Asturias', 'country': 'Spain', 'postcode': 89773, 'coordinates': {'latitude': '-32.4279', 'longitude': '-148.6000'}, 'timezone': {'offset': '+5:00', 'description': 'Ekaterinburg, Islamabad, Karachi, Tashkent'}}, 'email': 'albert.morales@example.com', 'login': {'uuid': '09a63b2e-3444-4aad-b485-d526fdb233e0', 'username': 'orangegoose881', 'password': 'dillon', 'salt': 'nqsqQO28', 'md5': 'f71c4969284340f5da274e838d160b33', 'sha1': '45974662b4bc623e50a43920b7b79da0d725c884', 'sha256': '9c80692ae91d266a6cbff76410624721e37ab743004974e0d2e9cceaa23b6fb2'}, 'dob': {'date': '1965-11-14T22:23:43.388Z', 'age': 58}, 'registered': {'date': '2005-01-14T05:14:18.997Z', 'age': 19}, 'phone': '998-711-280', 'cell': '691-714-659', 'id': {'name': 'DNI', 'value': '82813064-Z'}, 'picture': {'large': 'https://randomuser.me/api/portraits/men/39.jpg', 'medium': 'https://randomuser.me/api/portraits/med/men/39.jpg', 'thumbnail': 'https://randomuser.me/api/portraits/thumb/men/39.jpg'}, 'nat': 'ES'}], 'info': {'seed': 'd1d79ec4514014c1', 'results': 1, 'page': 1, 'version': '1.4'}}</msg>
<arg>${json_data}</arg>
<doc>Logs the given message with the given level.</doc>
<status status="PASS" start="2024-05-14T15:16:59.899691" elapsed="0.000254"/>
</kw>
<kw name="Should Be Equal As Numbers" owner="BuiltIn">
<arg>${json_data['results'][0]['location']['postcode']}</arg>
<arg>${json_data['results'][0]['location']['postcode']}</arg>
<doc>Fails if objects are unequal after converting them to real numbers.</doc>
<status status="PASS" start="2024-05-14T15:16:59.900270" elapsed="0.000813"/>
</kw>
<kw name="Log" owner="BuiltIn">
<msg time="2024-05-14T15:16:59.901627" level="INFO">89773</msg>
<arg>${json_data['results'][0]['location']['postcode']}</arg>
<doc>Logs the given message with the given level.</doc>
<status status="PASS" start="2024-05-14T15:16:59.901282" elapsed="0.000386"/>
</kw>
<status status="PASS" start="2024-05-14T15:16:59.789747" elapsed="0.112178"/>
</kw>
<doc>Testa se os tipos de dados na resposta da API estão corretos.</doc>
<tag>testeTiposDados</tag>
<status status="PASS" start="2024-05-14T15:16:59.741176" elapsed="0.160917"/>
</test>
<test id="s1-s1-t5" name="Validar conteudo" line="35">
<kw name="Teste de Tipos de Conteudo" owner="random-user-service">
<kw name="GET On Session" owner="RequestsLibrary">
<msg time="2024-05-14T15:16:59.983914" level="INFO">GET Request : url=https://randomuser.me/api 
 path_url=/api 
 headers={'User-Agent': 'python-requests/2.31.0', 'Accept-Encoding': 'gzip, deflate', 'Accept': '*/*', 'Connection': 'keep-alive'} 
 body=None 
 </msg>
<msg time="2024-05-14T15:16:59.983997" level="INFO">GET Response : url=https://randomuser.me/api 
 status=200, reason=OK 
 headers={'Date': 'Tue, 14 May 2024 15:16:59 GMT', 'Content-Type': 'application/json; charset=utf-8', 'Transfer-Encoding': 'chunked', 'Connection': 'keep-alive', 'X-Powered-By': 'Express', 'Access-Control-Allow-Origin': '*', 'Cache-Control': 'no-cache', 'ETag': 'W/"482-mEfUTwZhZdWoMfvu1jWJ514/p4g"', 'Vary': 'Accept-Encoding', 'Content-Encoding': 'gzip', 'CF-Cache-Status': 'DYNAMIC', 'Report-To': '{"endpoints":[{"url":"https:\\/\\/a.nel.cloudflare.com\\/report\\/v4?s=dym7AAwT7uWRsv6EqYe%2FocGpV2DK4xLQGFIcQZ8KaFLJEVV3algLtDnvCzASAe0l90Q7GX8SkX%2FxJkeCECLkdkEn6BkhvwBqW8Ob0fBlB9s%2FDomTlfVrb5NKwxNBjZdL"}],"group":"cf-nel","max_age":604800}', 'NEL': '{"success_fraction":0,"report_to":"cf-nel","max_age":604800}', 'Server': 'cloudflare', 'CF-RAY': '883bda426ac61fe5-IAD', 'alt-svc': 'h3=":443"; ma=86400'} 
 body={"results":[{"gender":"male","name":{"title":"Mr","first":"Zhivoslav","last":"Zheliba"},"location":{"street":{"number":7400,"name":"Ivana Boguna"},"city":"Ochakiv","state":"Volinska","country":"Ukraine","postcode":25500,"coordinates":{"latitude":"79.5152","longitude":"-44.4287"},"timezone":{"offset":"-8:00","description":"Pacific Time (US &amp; Canada)"}},"email":"zhivoslav.zheliba@example.com","login":{"uuid":"642b1a12-15de-4de3-85f0-45f9af1b4af9","username":"yellowbear355","password":"freepass","salt":"gx15Z3oc","md5":"020911a58150988fef869cff3e706c40","sha1":"08752372bfc20a4e804f7149cddd8e77f6c52cbd","sha256":"aa3ddd348e03b601323ddeaab257ba8f82fdd30e5a2a4b865bd8164de3abad88"},"dob":{"date":"1963-07-06T05:36:45.828Z","age":60},"registered":{"date":"2021-02-25T19:11:26.312Z","age":3},"phone":"(097) Y07-3695","cell":"(097) J69-8839","id":{"name":"","value":null},"picture":{"large":"https://randomuser.me/api/portraits/men/62.jpg","medium":"https://randomuser.me/api/portraits/med/men/62.jpg","thumbnail":"https://randomuser.me/api/portraits/thumb/men/62.jpg"},"nat":"UA"}],"info":{"seed":"ca18fed3dd7c8580","results":1,"page":1,"version":"1.4"}} 
 </msg>
<msg time="2024-05-14T15:16:59.984066" level="INFO">/opt/hostedtoolcache/Python/3.12.3/x64/lib/python3.12/site-packages/urllib3/connectionpool.py:1103: InsecureRequestWarning: Unverified HTTPS request is being made to host 'randomuser.me'. Adding certificate verification is strongly advised. See: https://urllib3.readthedocs.io/en/latest/advanced-usage.html#tls-warnings
  warnings.warn(</msg>
<msg time="2024-05-14T15:16:59.984161" level="INFO">${response} = &lt;Response [200]&gt;</msg>
<var>${response}</var>
<arg>consultarAPI</arg>
<arg>/api</arg>
<doc>Sends a GET request on a previously created HTTP Session.</doc>
<status status="PASS" start="2024-05-14T15:16:59.904693" elapsed="0.079509"/>
</kw>
<kw name="Set Variable" owner="BuiltIn">
<msg time="2024-05-14T15:16:59.985238" level="INFO">${json_data} = {'results': [{'gender': 'male', 'name': {'title': 'Mr', 'first': 'Zhivoslav', 'last': 'Zheliba'}, 'location': {'street': {'number': 7400, 'name': 'Ivana Boguna'}, 'city': 'Ochakiv', 'state': 'Volinska...</msg>
<var>${json_data}</var>
<arg>${response.json()}</arg>
<doc>Returns the given values which can then be assigned to a variables.</doc>
<status status="PASS" start="2024-05-14T15:16:59.984693" elapsed="0.000574"/>
</kw>
<kw name="Set Variable" owner="BuiltIn">
<msg time="2024-05-14T15:16:59.985972" level="INFO">${name_title} = Mr</msg>
<var>${name_title}</var>
<arg>${json_data["results"][0]["name"]["title"]}</arg>
<doc>Returns the given values which can then be assigned to a variables.</doc>
<status status="PASS" start="2024-05-14T15:16:59.985582" elapsed="0.000416"/>
</kw>
<kw name="Create List" owner="BuiltIn">
<msg time="2024-05-14T15:16:59.986451" level="INFO">${allowed_titles} = ['Mr', 'Ms', 'Miss', 'Mrs', 'Madame', 'Monsieur']</msg>
<var>${allowed_titles}</var>
<arg>Mr</arg>
<arg>Ms</arg>
<arg>Miss</arg>
<arg>Mrs</arg>
<arg>Madame</arg>
<arg>Monsieur</arg>
<doc>Returns a list containing given items.</doc>
<status status="PASS" start="2024-05-14T15:16:59.986300" elapsed="0.000176"/>
</kw>
<kw name="List Should Contain Value" owner="Collections">
<msg time="2024-05-14T15:16:59.986957" level="INFO">False</msg>
<arg>${allowed_titles}</arg>
<arg>${name_title}</arg>
<doc>Fails if the ``value`` is not found from ``list``.</doc>
<status status="PASS" start="2024-05-14T15:16:59.986781" elapsed="0.000214"/>
</kw>
<kw name="Set Variable" owner="BuiltIn">
<msg time="2024-05-14T15:16:59.987722" level="INFO">${name_country} = UA</msg>
<var>${name_country}</var>
<arg>${json_data["results"][0]["nat"]}</arg>
<doc>Returns the given values which can then be assigned to a variables.</doc>
<status status="PASS" start="2024-05-14T15:16:59.987289" elapsed="0.000459"/>
</kw>
<kw name="Create List" owner="BuiltIn">
<msg time="2024-05-14T15:16:59.988645" level="INFO">${list_country} = ['AD', 'AE', 'AF', 'AG', 'AI', 'AL', 'AM', 'AO', 'AQ', 'AR', 'AS', 'AT', 'AU', 'AW', 'AX', 'AZ', 'BA', 'BB', 'BD', 'BE', 'BF', 'BG', 'BH', 'BI', 'BJ', 'BL', 'BM', 'BN', 'BO', 'BQ', 'BR', 'BS', 'BT', '...</msg>
<var>${list_country}</var>
<arg>AD</arg>
<arg>AE</arg>
<arg>AF</arg>
<arg>AG</arg>
<arg>AI</arg>
<arg>AL</arg>
<arg>AM</arg>
<arg>AO</arg>
<arg>AQ</arg>
<arg>AR</arg>
<arg>AS</arg>
<arg>AT</arg>
<arg>AU</arg>
<arg>AW</arg>
<arg>AX</arg>
<arg>AZ</arg>
<arg>BA</arg>
<arg>BB</arg>
<arg>BD</arg>
<arg>BE</arg>
<arg>BF</arg>
<arg>BG</arg>
<arg>BH</arg>
<arg>BI</arg>
<arg>BJ</arg>
<arg>BL</arg>
<arg>BM</arg>
<arg>BN</arg>
<arg>BO</arg>
<arg>BQ</arg>
<arg>BR</arg>
<arg>BS</arg>
<arg>BT</arg>
<arg>BV</arg>
<arg>BW</arg>
<arg>BY</arg>
<arg>BZ</arg>
<arg>CA</arg>
<arg>CC</arg>
<arg>CD</arg>
<arg>CF</arg>
<arg>CG</arg>
<arg>CH</arg>
<arg>CI</arg>
<arg>CK</arg>
<arg>CL</arg>
<arg>CM</arg>
<arg>CN</arg>
<arg>CO</arg>
<arg>CR</arg>
<arg>CU</arg>
<arg>CV</arg>
<arg>CW</arg>
<arg>CX</arg>
<arg>CY</arg>
<arg>CZ</arg>
<arg>DE</arg>
<arg>DJ</arg>
<arg>DK</arg>
<arg>DM</arg>
<arg>DO</arg>
<arg>DZ</arg>
<arg>EC</arg>
<arg>EE</arg>
<arg>EG</arg>
<arg>EH</arg>
<arg>ER</arg>
<arg>ES</arg>
<arg>ET</arg>
<arg>FI</arg>
<arg>FJ</arg>
<arg>FK</arg>
<arg>FM</arg>
<arg>FO</arg>
<arg>FR</arg>
<arg>GA</arg>
<arg>GB</arg>
<arg>GD</arg>
<arg>GE</arg>
<arg>GF</arg>
<arg>GG</arg>
<arg>GH</arg>
<arg>GI</arg>
<arg>GL</arg>
<arg>GM</arg>
<arg>GN</arg>
<arg>GP</arg>
<arg>GQ</arg>
<arg>GR</arg>
<arg>GS</arg>
<arg>GT</arg>
<arg>GU</arg>
<arg>GW</arg>
<arg>GY</arg>
<arg>HK</arg>
<arg>HM</arg>
<arg>HN</arg>
<arg>HR</arg>
<arg>HT</arg>
<arg>HU</arg>
<arg>ID</arg>
<arg>IE</arg>
<arg>IL</arg>
<arg>IM</arg>
<arg>IN</arg>
<arg>IO</arg>
<arg>IQ</arg>
<arg>IR</arg>
<arg>IS</arg>
<arg>IT</arg>
<arg>JE</arg>
<arg>JM</arg>
<arg>JO</arg>
<arg>JP</arg>
<arg>KE</arg>
<arg>KG</arg>
<arg>KH</arg>
<arg>KI</arg>
<arg>KM</arg>
<arg>KN</arg>
<arg>KP</arg>
<arg>KR</arg>
<arg>KW</arg>
<arg>KY</arg>
<arg>KZ</arg>
<arg>LA</arg>
<arg>LB</arg>
<arg>LC</arg>
<arg>LI</arg>
<arg>LK</arg>
<arg>LR</arg>
<arg>LS</arg>
<arg>LT</arg>
<arg>LU</arg>
<arg>LV</arg>
<arg>LY</arg>
<arg>MA</arg>
<arg>MC</arg>
<arg>MD</arg>
<arg>ME</arg>
<arg>MF</arg>
<arg>MG</arg>
<arg>MH</arg>
<arg>MK</arg>
<arg>ML</arg>
<arg>MM</arg>
<arg>MN</arg>
<arg>MO</arg>
<arg>MP</arg>
<arg>MQ</arg>
<arg>MR</arg>
<arg>MS</arg>
<arg>MT</arg>
<arg>MU</arg>
<arg>MV</arg>
<arg>MW</arg>
<arg>MX</arg>
<arg>MY</arg>
<arg>MZ</arg>
<arg>NA</arg>
<arg>NC</arg>
<arg>NE</arg>
<arg>NF</arg>
<arg>NG</arg>
<arg>NI</arg>
<arg>NL</arg>
<arg>NO</arg>
<arg>NP</arg>
<arg>NR</arg>
<arg>NU</arg>
<arg>NZ</arg>
<arg>OM</arg>
<arg>PA</arg>
<arg>PE</arg>
<arg>PF</arg>
<arg>PG</arg>
<arg>PH</arg>
<arg>PK</arg>
<arg>PL</arg>
<arg>PM</arg>
<arg>PN</arg>
<arg>PR</arg>
<arg>PS</arg>
<arg>PT</arg>
<arg>PW</arg>
<arg>PY</arg>
<arg>QA</arg>
<arg>RE</arg>
<arg>RO</arg>
<arg>RS</arg>
<arg>RU</arg>
<arg>RW</arg>
<arg>SA</arg>
<arg>SB</arg>
<arg>SC</arg>
<arg>SD</arg>
<arg>SE</arg>
<arg>SG</arg>
<arg>SH</arg>
<arg>SI</arg>
<arg>SJ</arg>
<arg>SK</arg>
<arg>SL</arg>
<arg>SM</arg>
<arg>SN</arg>
<arg>SO</arg>
<arg>SR</arg>
<arg>SS</arg>
<arg>ST</arg>
<arg>SV</arg>
<arg>SX</arg>
<arg>SY</arg>
<arg>SZ</arg>
<arg>TC</arg>
<arg>TD</arg>
<arg>TF</arg>
<arg>TG</arg>
<arg>TH</arg>
<arg>TJ</arg>
<arg>TK</arg>
<arg>TL</arg>
<arg>TM</arg>
<arg>TN</arg>
<arg>TO</arg>
<arg>TR</arg>
<arg>TT</arg>
<arg>TV</arg>
<arg>TW</arg>
<arg>TZ</arg>
<arg>UA</arg>
<arg>UG</arg>
<arg>UM</arg>
<arg>US</arg>
<arg>UY</arg>
<arg>UZ</arg>
<arg>VA</arg>
<arg>VC</arg>
<arg>VE</arg>
<arg>VG</arg>
<arg>VI</arg>
<arg>VN</arg>
<arg>VU</arg>
<arg>WF</arg>
<arg>WS</arg>
<arg>XK</arg>
<arg>YE</arg>
<arg>YT</arg>
<arg>ZA</arg>
<arg>ZM</arg>
<arg>ZW</arg>
<doc>Returns a list containing given items.</doc>
<status status="PASS" start="2024-05-14T15:16:59.988054" elapsed="0.000617"/>
</kw>
<kw name="List Should Contain Value" owner="Collections">
<msg time="2024-05-14T15:16:59.989674" level="INFO">False</msg>
<arg>${list_country}</arg>
<arg>${name_country}</arg>
<doc>Fails if the ``value`` is not found from ``list``.</doc>
<status status="PASS" start="2024-05-14T15:16:59.989469" elapsed="0.000243"/>
</kw>
<kw name="Run Keyword If" owner="BuiltIn">
<kw name="Should Be True" owner="BuiltIn">
<arg>${True}</arg>
<doc>Fails if the given condition is not true.</doc>
<status status="PASS" start="2024-05-14T15:16:59.990805" elapsed="0.000146"/>
</kw>
<arg>${json_data["results"][0]["location"]["coordinates"]["latitude"]} &gt;= -90 and ${json_data["results"][0]["location"]["coordinates"]["latitude"]} &lt;= 90</arg>
<arg>Should Be True</arg>
<arg>${True}</arg>
<doc>Runs the given keyword with the given arguments, if ``condition`` is true.</doc>
<status status="PASS" start="2024-05-14T15:16:59.990040" elapsed="0.001038"/>
</kw>
<kw name="Run Keyword If" owner="BuiltIn">
<kw name="Should Be True" owner="BuiltIn">
<arg>${True}</arg>
<doc>Fails if the given condition is not true.</doc>
<status status="PASS" start="2024-05-14T15:16:59.992000" elapsed="0.000253"/>
</kw>
<arg>${json_data["results"][0]["location"]["coordinates"]["longitude"]} &gt;= -180 and ${json_data["results"][0]["location"]["coordinates"]["longitude"]} &lt;= 180</arg>
<arg>Should Be True</arg>
<arg>${True}</arg>
<doc>Runs the given keyword with the given arguments, if ``condition`` is true.</doc>
<status status="PASS" start="2024-05-14T15:16:59.991267" elapsed="0.001116"/>
</kw>
<status status="PASS" start="2024-05-14T15:16:59.904458" elapsed="0.088067"/>
</kw>
<doc>Testa o conteúdo específico dos campos retornados pela API.</doc>
<tag>testeConteudo</tag>
<status status="PASS" start="2024-05-14T15:16:59.903916" elapsed="0.088761"/>
</test>
<status status="PASS" start="2024-05-14T15:16:59.020014" elapsed="0.974682"/>
</suite>
<status status="PASS" start="2024-05-14T15:16:59.006547" elapsed="0.993429"/>
</suite>
<statistics>
<total>
<stat pass="5" fail="0" skip="0">All Tests</stat>
</total>
<tag>
<stat pass="1" fail="0" skip="0">testeConteudo</stat>
<stat pass="1" fail="0" skip="0">testeEstruturaResposta</stat>
<stat pass="1" fail="0" skip="0">testeRequisicaoBasica</stat>
<stat pass="1" fail="0" skip="0">testeTiposDados</stat>
</tag>
<suite>
<stat pass="5" fail="0" skip="0" id="s1" name="Tests">Tests</stat>
<stat pass="5" fail="0" skip="0" id="s1-s1" name="Random-User-Test">Tests.Random-User-Test</stat>
</suite>
</statistics>
<errors>
</errors>
</robot>
