<?xml version="1.0" encoding="UTF-8"?>
<robot generator="Robot 7.0.1 (Python 3.12.4 on linux)" generated="2024-08-04T23:16:48.867648" rpa="false" schemaversion="5">
<suite id="s1" name="Tests" source="/home/runner/work/ApiRandomUser/ApiRandomUser/RamdonUser/tests">
<suite id="s1-s1" name="Random-User-Test" source="/home/runner/work/ApiRandomUser/ApiRandomUser/RamdonUser/tests/random-user-test.robot">
<test id="s1-s1-t1" name="Conectar" line="13">
<kw name="Conectar API" owner="random-user-service">
<kw name="Create Session" owner="RequestsLibrary">
<msg time="2024-08-04T23:16:49.270879" level="INFO">Creating Session using : alias=consultarAPI, url=https://randomuser.me/, headers={},                     cookies={}, auth=None, timeout=None, proxies=None, verify=False,                     debug=0 </msg>
<arg>consultarAPI</arg>
<arg>${URL}</arg>
<doc>Create Session: create a HTTP session to a server</doc>
<status status="PASS" start="2024-08-04T23:16:49.270673" elapsed="0.000387"/>
</kw>
<status status="PASS" start="2024-08-04T23:16:49.269580" elapsed="0.001850"/>
</kw>
<status status="PASS" start="2024-08-04T23:16:49.269022" elapsed="0.002603"/>
</test>
<test id="s1-s1-t2" name="Validar retorno 200 e JSON Válido" line="16">
<kw name="Teste de Requisicao Basica" owner="random-user-service">
<kw name="GET On Session" owner="RequestsLibrary">
<msg time="2024-08-04T23:16:49.367792" level="INFO">GET Request : url=https://randomuser.me/api 
 path_url=/api 
 headers={'User-Agent': 'python-requests/2.32.3', 'Accept-Encoding': 'gzip, deflate', 'Accept': '*/*', 'Connection': 'keep-alive'} 
 body=None 
 </msg>
<msg time="2024-08-04T23:16:49.367968" level="INFO">GET Response : url=https://randomuser.me/api 
 status=200, reason=OK 
 headers={'Date': 'Sun, 04 Aug 2024 23:16:49 GMT', 'Content-Type': 'application/json; charset=utf-8', 'Transfer-Encoding': 'chunked', 'Connection': 'keep-alive', 'X-Powered-By': 'Express', 'Access-Control-Allow-Origin': '*', 'Cache-Control': 'no-cache', 'ETag': 'W/"493-Y2lbs+WtIljuYVPqr55KB3qFXLo"', 'Vary': 'Accept-Encoding', 'Content-Encoding': 'gzip', 'CF-Cache-Status': 'DYNAMIC', 'Report-To': '{"endpoints":[{"url":"https:\\/\\/a.nel.cloudflare.com\\/report\\/v4?s=stJHeGIytqo2GBYEpjRJyRlIheSIJQtsihDcX8%2BWTxhGjPVNuCRtd%2BMe%2ByqFGPPUC2xaBdAPw9TXeoEZ9BBKkU%2BAQrJyQuh9Szdfwnp%2BJPGfD4Rv%2FV4nOf8R2FFZw2Rv"}],"group":"cf-nel","max_age":604800}', 'NEL': '{"success_fraction":0,"report_to":"cf-nel","max_age":604800}', 'Server': 'cloudflare', 'CF-RAY': '8ae241e038591743-IAD', 'alt-svc': 'h3=":443"; ma=86400'} 
 body={"results":[{"gender":"female","name":{"title":"Mrs","first":"Melike","last":"Poyrazoğlu"},"location":{"street":{"number":7412,"name":"Istiklal Cd"},"city":"Hatay","state":"Bilecik","country":"Turkey","postcode":48679,"coordinates":{"latitude":"67.8732","longitude":"108.0361"},"timezone":{"offset":"-6:00","description":"Central Time (US &amp; Canada), Mexico City"}},"email":"melike.poyrazoglu@example.com","login":{"uuid":"aa93b762-688a-4960-b2ab-00992c9e2eb3","username":"silverbear134","password":"nugget","salt":"IFQIybTk","md5":"6b9e347ceb805750ac3a7166dd013b4e","sha1":"60b641a12dedb94d398f4b26cae6d35c5b950f0b","sha256":"bd83539ef54ef7c4ffaf06e017d204333f28ef978eecfcbf7e02272f704417c1"},"dob":{"date":"1979-11-27T09:04:28.353Z","age":44},"registered":{"date":"2014-03-11T07:37:08.869Z","age":10},"phone":"(869)-196-2103","cell":"(445)-050-6714","id":{"name":"","value":null},"picture":{"large":"https://randomuser.me/api/portraits/women/12.jpg","medium":"https://randomuser.me/api/portraits/med/women/12.jpg","thumbnail":"https://randomuser.me/api/portraits/thumb/women/12.jpg"},"nat":"TR"}],"info":{"seed":"a180d4f029b25c81","results":1,"page":1,"version":"1.4"}} 
 </msg>
<msg time="2024-08-04T23:16:49.368069" level="INFO">/opt/hostedtoolcache/Python/3.12.4/x64/lib/python3.12/site-packages/urllib3/connectionpool.py:1099: InsecureRequestWarning: Unverified HTTPS request is being made to host 'randomuser.me'. Adding certificate verification is strongly advised. See: https://urllib3.readthedocs.io/en/latest/advanced-usage.html#tls-warnings
  warnings.warn(</msg>
<msg time="2024-08-04T23:16:49.368216" level="INFO">${response} = &lt;Response [200]&gt;</msg>
<var>${response}</var>
<arg>consultarAPI</arg>
<arg>/api</arg>
<doc>Sends a GET request on a previously created HTTP Session.</doc>
<status status="PASS" start="2024-08-04T23:16:49.274280" elapsed="0.093981"/>
</kw>
<kw name="Should Be Equal As Numbers" owner="BuiltIn">
<msg time="2024-08-04T23:16:49.369272" level="INFO">Argument types are:
&lt;class 'int'&gt;
&lt;class 'str'&gt;</msg>
<arg>${response.status_code}</arg>
<arg>200</arg>
<doc>Fails if objects are unequal after converting them to real numbers.</doc>
<status status="PASS" start="2024-08-04T23:16:49.368805" elapsed="0.000533"/>
</kw>
<kw name="Log" owner="BuiltIn">
<msg time="2024-08-04T23:16:49.370009" level="INFO">200</msg>
<arg>${response.status_code}</arg>
<doc>Logs the given message with the given level.</doc>
<status status="PASS" start="2024-08-04T23:16:49.369657" elapsed="0.000396"/>
</kw>
<kw name="Set Variable" owner="BuiltIn">
<msg time="2024-08-04T23:16:49.370860" level="INFO">${json_data} = {'results': [{'gender': 'female', 'name': {'title': 'Mrs', 'first': 'Melike', 'last': 'Poyrazoğlu'}, 'location': {'street': {'number': 7412, 'name': 'Istiklal Cd'}, 'city': 'Hatay', 'state': 'Bilecik'...</msg>
<var>${json_data}</var>
<arg>${response.json()}</arg>
<doc>Returns the given values which can then be assigned to a variables.</doc>
<status status="PASS" start="2024-08-04T23:16:49.370399" elapsed="0.000493"/>
</kw>
<kw name="Dictionary Should Contain Key" owner="Collections">
<arg>${json_data}</arg>
<arg>results</arg>
<doc>Fails if ``key`` is not found from ``dictionary``.</doc>
<status status="PASS" start="2024-08-04T23:16:49.371197" elapsed="0.000333"/>
</kw>
<status status="PASS" start="2024-08-04T23:16:49.274030" elapsed="0.097657"/>
</kw>
<doc>Testa se a API responde corretamente e retorna um objeto JSON válido.</doc>
<tag>testeRequisicaoBasica</tag>
<status status="PASS" start="2024-08-04T23:16:49.273496" elapsed="0.098370"/>
</test>
<test id="s1-s1-t3" name="Validar estrutura de resposta" line="22">
<kw name="Teste de Estrutura de Resposta" owner="random-user-service">
<kw name="GET On Session" owner="RequestsLibrary">
<msg time="2024-08-04T23:16:49.499125" level="INFO">GET Request : url=https://randomuser.me/api 
 path_url=/api 
 headers={'User-Agent': 'python-requests/2.32.3', 'Accept-Encoding': 'gzip, deflate', 'Accept': '*/*', 'Connection': 'keep-alive'} 
 body=None 
 </msg>
<msg time="2024-08-04T23:16:49.499235" level="INFO">GET Response : url=https://randomuser.me/api 
 status=200, reason=OK 
 headers={'Date': 'Sun, 04 Aug 2024 23:16:49 GMT', 'Content-Type': 'application/json; charset=utf-8', 'Transfer-Encoding': 'chunked', 'Connection': 'keep-alive', 'X-Powered-By': 'Express', 'Access-Control-Allow-Origin': '*', 'Cache-Control': 'no-cache', 'ETag': 'W/"4af-Vmj68+wFBCuUT5t4Tt88yG4rLYA"', 'Vary': 'Accept-Encoding', 'Content-Encoding': 'gzip', 'CF-Cache-Status': 'DYNAMIC', 'Report-To': '{"endpoints":[{"url":"https:\\/\\/a.nel.cloudflare.com\\/report\\/v4?s=pOlaBza3gOrxVjoMOzeFcZqcQk%2B3ePO4UGnOG6frt96rFG3bUyOG9JbiPfnecMa8919T9Dw0p7XBizSykrWxUOilyMOsW7wVGQhdDwzZ1U21i%2BW8w5vW3JmGGc1Oj%2F36"}],"group":"cf-nel","max_age":604800}', 'NEL': '{"success_fraction":0,"report_to":"cf-nel","max_age":604800}', 'Server': 'cloudflare', 'CF-RAY': '8ae241e098991743-IAD', 'alt-svc': 'h3=":443"; ma=86400'} 
 body={"results":[{"gender":"female","name":{"title":"Mademoiselle","first":"Olga","last":"Rey"},"location":{"street":{"number":5884,"name":"Boulevard de Balmont"},"city":"Bürglen (Tg)","state":"Nidwalden","country":"Switzerland","postcode":8539,"coordinates":{"latitude":"-62.3041","longitude":"36.5603"},"timezone":{"offset":"-5:00","description":"Eastern Time (US &amp; Canada), Bogota, Lima"}},"email":"olga.rey@example.com","login":{"uuid":"cdb49228-7ebb-4f5b-92d2-4bc461d414fe","username":"bluefish721","password":"simple1","salt":"6QU8vUhk","md5":"632bc0dd6adf832248b272249dd38e2f","sha1":"df5ba2f6259c1ccbb8fbe7c10ef1036fad13b7d4","sha256":"5430ec038e1f1659ee9dad20cf4a982766f3117ec0e7c117bd811f0117761091"},"dob":{"date":"1988-03-14T00:07:53.823Z","age":36},"registered":{"date":"2008-05-28T05:15:26.111Z","age":16},"phone":"076 039 90 31","cell":"075 089 21 85","id":{"name":"AVS","value":"756.3271.5740.66"},"picture":{"large":"https://randomuser.me/api/portraits/women/38.jpg","medium":"https://randomuser.me/api/portraits/med/women/38.jpg","thumbnail":"https://randomuser.me/api/portraits/thumb/women/38.jpg"},"nat":"CH"}],"info":{"seed":"57f8c99ec1406ee5","results":1,"page":1,"version":"1.4"}} 
 </msg>
<msg time="2024-08-04T23:16:49.499374" level="INFO">/opt/hostedtoolcache/Python/3.12.4/x64/lib/python3.12/site-packages/urllib3/connectionpool.py:1099: InsecureRequestWarning: Unverified HTTPS request is being made to host 'randomuser.me'. Adding certificate verification is strongly advised. See: https://urllib3.readthedocs.io/en/latest/advanced-usage.html#tls-warnings
  warnings.warn(</msg>
<msg time="2024-08-04T23:16:49.499493" level="INFO">${response} = &lt;Response [200]&gt;</msg>
<var>${response}</var>
<arg>consultarAPI</arg>
<arg>/api</arg>
<doc>Sends a GET request on a previously created HTTP Session.</doc>
<status status="PASS" start="2024-08-04T23:16:49.374576" elapsed="0.124955"/>
</kw>
<kw name="Set Variable" owner="BuiltIn">
<msg time="2024-08-04T23:16:49.500559" level="INFO">${json_data} = {'results': [{'gender': 'female', 'name': {'title': 'Mademoiselle', 'first': 'Olga', 'last': 'Rey'}, 'location': {'street': {'number': 5884, 'name': 'Boulevard de Balmont'}, 'city': 'Bürglen (Tg)', 's...</msg>
<var>${json_data}</var>
<arg>${response.json()}</arg>
<doc>Returns the given values which can then be assigned to a variables.</doc>
<status status="PASS" start="2024-08-04T23:16:49.500032" elapsed="0.000557"/>
</kw>
<kw name="Log" owner="BuiltIn">
<msg time="2024-08-04T23:16:49.501065" level="INFO">{'results': [{'gender': 'female', 'name': {'title': 'Mademoiselle', 'first': 'Olga', 'last': 'Rey'}, 'location': {'street': {'number': 5884, 'name': 'Boulevard de Balmont'}, 'city': 'Bürglen (Tg)', 'state': 'Nidwalden', 'country': 'Switzerland', 'postcode': 8539, 'coordinates': {'latitude': '-62.3041', 'longitude': '36.5603'}, 'timezone': {'offset': '-5:00', 'description': 'Eastern Time (US &amp; Canada), Bogota, Lima'}}, 'email': 'olga.rey@example.com', 'login': {'uuid': 'cdb49228-7ebb-4f5b-92d2-4bc461d414fe', 'username': 'bluefish721', 'password': 'simple1', 'salt': '6QU8vUhk', 'md5': '632bc0dd6adf832248b272249dd38e2f', 'sha1': 'df5ba2f6259c1ccbb8fbe7c10ef1036fad13b7d4', 'sha256': '5430ec038e1f1659ee9dad20cf4a982766f3117ec0e7c117bd811f0117761091'}, 'dob': {'date': '1988-03-14T00:07:53.823Z', 'age': 36}, 'registered': {'date': '2008-05-28T05:15:26.111Z', 'age': 16}, 'phone': '076 039 90 31', 'cell': '075 089 21 85', 'id': {'name': 'AVS', 'value': '756.3271.5740.66'}, 'picture': {'large': 'https://randomuser.me/api/portraits/women/38.jpg', 'medium': 'https://randomuser.me/api/portraits/med/women/38.jpg', 'thumbnail': 'https://randomuser.me/api/portraits/thumb/women/38.jpg'}, 'nat': 'CH'}], 'info': {'seed': '57f8c99ec1406ee5', 'results': 1, 'page': 1, 'version': '1.4'}}</msg>
<arg>${json_data}</arg>
<doc>Logs the given message with the given level.</doc>
<status status="PASS" start="2024-08-04T23:16:49.500900" elapsed="0.000228"/>
</kw>
<kw name="Dictionary Should Contain Key" owner="Collections">
<arg>${json_data}</arg>
<arg>results</arg>
<doc>Fails if ``key`` is not found from ``dictionary``.</doc>
<status status="PASS" start="2024-08-04T23:16:49.501428" elapsed="0.000174"/>
</kw>
<kw name="Should Not Be Empty" owner="BuiltIn">
<msg time="2024-08-04T23:16:49.501918" level="INFO">Length is 2.</msg>
<arg>${json_data}</arg>
<doc>Verifies that the given item is not empty.</doc>
<status status="PASS" start="2024-08-04T23:16:49.501791" elapsed="0.000166"/>
</kw>
<kw name="Create List" owner="BuiltIn">
<msg time="2024-08-04T23:16:49.502458" level="INFO">${expected_keys} = ['gender', 'name', 'location', 'email', 'login']</msg>
<var>${expected_keys}</var>
<arg>gender</arg>
<arg>name</arg>
<arg>location</arg>
<arg>email</arg>
<arg>login</arg>
<doc>Returns a list containing given items.</doc>
<status status="PASS" start="2024-08-04T23:16:49.502247" elapsed="0.000237"/>
</kw>
<for flavor="IN">
<iter>
<kw name="Dictionary Should Contain Key" owner="Collections">
<arg>${json_data['results'][0]}</arg>
<arg>${key}</arg>
<doc>Fails if ``key`` is not found from ``dictionary``.</doc>
<status status="PASS" start="2024-08-04T23:16:49.503070" elapsed="0.000412"/>
</kw>
<kw name="Log" owner="BuiltIn">
<msg time="2024-08-04T23:16:49.504040" level="INFO">{'gender': 'female', 'name': {'title': 'Mademoiselle', 'first': 'Olga', 'last': 'Rey'}, 'location': {'street': {'number': 5884, 'name': 'Boulevard de Balmont'}, 'city': 'Bürglen (Tg)', 'state': 'Nidwalden', 'country': 'Switzerland', 'postcode': 8539, 'coordinates': {'latitude': '-62.3041', 'longitude': '36.5603'}, 'timezone': {'offset': '-5:00', 'description': 'Eastern Time (US &amp; Canada), Bogota, Lima'}}, 'email': 'olga.rey@example.com', 'login': {'uuid': 'cdb49228-7ebb-4f5b-92d2-4bc461d414fe', 'username': 'bluefish721', 'password': 'simple1', 'salt': '6QU8vUhk', 'md5': '632bc0dd6adf832248b272249dd38e2f', 'sha1': 'df5ba2f6259c1ccbb8fbe7c10ef1036fad13b7d4', 'sha256': '5430ec038e1f1659ee9dad20cf4a982766f3117ec0e7c117bd811f0117761091'}, 'dob': {'date': '1988-03-14T00:07:53.823Z', 'age': 36}, 'registered': {'date': '2008-05-28T05:15:26.111Z', 'age': 16}, 'phone': '076 039 90 31', 'cell': '075 089 21 85', 'id': {'name': 'AVS', 'value': '756.3271.5740.66'}, 'picture': {'large': 'https://randomuser.me/api/portraits/women/38.jpg', 'medium': 'https://randomuser.me/api/portraits/med/women/38.jpg', 'thumbnail': 'https://randomuser.me/api/portraits/thumb/women/38.jpg'}, 'nat': 'CH'}</msg>
<arg>${json_data['results'][0]}</arg>
<doc>Logs the given message with the given level.</doc>
<status status="PASS" start="2024-08-04T23:16:49.503679" elapsed="0.000424"/>
</kw>
<kw name="Log" owner="BuiltIn">
<msg time="2024-08-04T23:16:49.504542" level="INFO">gender</msg>
<arg>${key}</arg>
<doc>Logs the given message with the given level.</doc>
<status status="PASS" start="2024-08-04T23:16:49.504409" elapsed="0.000173"/>
</kw>
<var name="${key}">gender</var>
<status status="PASS" start="2024-08-04T23:16:49.502946" elapsed="0.001855"/>
</iter>
<iter>
<kw name="Dictionary Should Contain Key" owner="Collections">
<arg>${json_data['results'][0]}</arg>
<arg>${key}</arg>
<doc>Fails if ``key`` is not found from ``dictionary``.</doc>
<status status="PASS" start="2024-08-04T23:16:49.505109" elapsed="0.000403"/>
</kw>
<kw name="Log" owner="BuiltIn">
<msg time="2024-08-04T23:16:49.506124" level="INFO">{'gender': 'female', 'name': {'title': 'Mademoiselle', 'first': 'Olga', 'last': 'Rey'}, 'location': {'street': {'number': 5884, 'name': 'Boulevard de Balmont'}, 'city': 'Bürglen (Tg)', 'state': 'Nidwalden', 'country': 'Switzerland', 'postcode': 8539, 'coordinates': {'latitude': '-62.3041', 'longitude': '36.5603'}, 'timezone': {'offset': '-5:00', 'description': 'Eastern Time (US &amp; Canada), Bogota, Lima'}}, 'email': 'olga.rey@example.com', 'login': {'uuid': 'cdb49228-7ebb-4f5b-92d2-4bc461d414fe', 'username': 'bluefish721', 'password': 'simple1', 'salt': '6QU8vUhk', 'md5': '632bc0dd6adf832248b272249dd38e2f', 'sha1': 'df5ba2f6259c1ccbb8fbe7c10ef1036fad13b7d4', 'sha256': '5430ec038e1f1659ee9dad20cf4a982766f3117ec0e7c117bd811f0117761091'}, 'dob': {'date': '1988-03-14T00:07:53.823Z', 'age': 36}, 'registered': {'date': '2008-05-28T05:15:26.111Z', 'age': 16}, 'phone': '076 039 90 31', 'cell': '075 089 21 85', 'id': {'name': 'AVS', 'value': '756.3271.5740.66'}, 'picture': {'large': 'https://randomuser.me/api/portraits/women/38.jpg', 'medium': 'https://randomuser.me/api/portraits/med/women/38.jpg', 'thumbnail': 'https://randomuser.me/api/portraits/thumb/women/38.jpg'}, 'nat': 'CH'}</msg>
<arg>${json_data['results'][0]}</arg>
<doc>Logs the given message with the given level.</doc>
<status status="PASS" start="2024-08-04T23:16:49.505754" elapsed="0.000425"/>
</kw>
<kw name="Log" owner="BuiltIn">
<msg time="2024-08-04T23:16:49.506645" level="INFO">name</msg>
<arg>${key}</arg>
<doc>Logs the given message with the given level.</doc>
<status status="PASS" start="2024-08-04T23:16:49.506510" elapsed="0.000174"/>
</kw>
<var name="${key}">name</var>
<status status="PASS" start="2024-08-04T23:16:49.504991" elapsed="0.001914"/>
</iter>
<iter>
<kw name="Dictionary Should Contain Key" owner="Collections">
<arg>${json_data['results'][0]}</arg>
<arg>${key}</arg>
<doc>Fails if ``key`` is not found from ``dictionary``.</doc>
<status status="PASS" start="2024-08-04T23:16:49.507196" elapsed="0.000385"/>
</kw>
<kw name="Log" owner="BuiltIn">
<msg time="2024-08-04T23:16:49.508127" level="INFO">{'gender': 'female', 'name': {'title': 'Mademoiselle', 'first': 'Olga', 'last': 'Rey'}, 'location': {'street': {'number': 5884, 'name': 'Boulevard de Balmont'}, 'city': 'Bürglen (Tg)', 'state': 'Nidwalden', 'country': 'Switzerland', 'postcode': 8539, 'coordinates': {'latitude': '-62.3041', 'longitude': '36.5603'}, 'timezone': {'offset': '-5:00', 'description': 'Eastern Time (US &amp; Canada), Bogota, Lima'}}, 'email': 'olga.rey@example.com', 'login': {'uuid': 'cdb49228-7ebb-4f5b-92d2-4bc461d414fe', 'username': 'bluefish721', 'password': 'simple1', 'salt': '6QU8vUhk', 'md5': '632bc0dd6adf832248b272249dd38e2f', 'sha1': 'df5ba2f6259c1ccbb8fbe7c10ef1036fad13b7d4', 'sha256': '5430ec038e1f1659ee9dad20cf4a982766f3117ec0e7c117bd811f0117761091'}, 'dob': {'date': '1988-03-14T00:07:53.823Z', 'age': 36}, 'registered': {'date': '2008-05-28T05:15:26.111Z', 'age': 16}, 'phone': '076 039 90 31', 'cell': '075 089 21 85', 'id': {'name': 'AVS', 'value': '756.3271.5740.66'}, 'picture': {'large': 'https://randomuser.me/api/portraits/women/38.jpg', 'medium': 'https://randomuser.me/api/portraits/med/women/38.jpg', 'thumbnail': 'https://randomuser.me/api/portraits/thumb/women/38.jpg'}, 'nat': 'CH'}</msg>
<arg>${json_data['results'][0]}</arg>
<doc>Logs the given message with the given level.</doc>
<status status="PASS" start="2024-08-04T23:16:49.507766" elapsed="0.000414"/>
</kw>
<kw name="Log" owner="BuiltIn">
<msg time="2024-08-04T23:16:49.508614" level="INFO">location</msg>
<arg>${key}</arg>
<doc>Logs the given message with the given level.</doc>
<status status="PASS" start="2024-08-04T23:16:49.508483" elapsed="0.000170"/>
</kw>
<var name="${key}">location</var>
<status status="PASS" start="2024-08-04T23:16:49.507085" elapsed="0.001796"/>
</iter>
<iter>
<kw name="Dictionary Should Contain Key" owner="Collections">
<arg>${json_data['results'][0]}</arg>
<arg>${key}</arg>
<doc>Fails if ``key`` is not found from ``dictionary``.</doc>
<status status="PASS" start="2024-08-04T23:16:49.509169" elapsed="0.000385"/>
</kw>
<kw name="Log" owner="BuiltIn">
<msg time="2024-08-04T23:16:49.510222" level="INFO">{'gender': 'female', 'name': {'title': 'Mademoiselle', 'first': 'Olga', 'last': 'Rey'}, 'location': {'street': {'number': 5884, 'name': 'Boulevard de Balmont'}, 'city': 'Bürglen (Tg)', 'state': 'Nidwalden', 'country': 'Switzerland', 'postcode': 8539, 'coordinates': {'latitude': '-62.3041', 'longitude': '36.5603'}, 'timezone': {'offset': '-5:00', 'description': 'Eastern Time (US &amp; Canada), Bogota, Lima'}}, 'email': 'olga.rey@example.com', 'login': {'uuid': 'cdb49228-7ebb-4f5b-92d2-4bc461d414fe', 'username': 'bluefish721', 'password': 'simple1', 'salt': '6QU8vUhk', 'md5': '632bc0dd6adf832248b272249dd38e2f', 'sha1': 'df5ba2f6259c1ccbb8fbe7c10ef1036fad13b7d4', 'sha256': '5430ec038e1f1659ee9dad20cf4a982766f3117ec0e7c117bd811f0117761091'}, 'dob': {'date': '1988-03-14T00:07:53.823Z', 'age': 36}, 'registered': {'date': '2008-05-28T05:15:26.111Z', 'age': 16}, 'phone': '076 039 90 31', 'cell': '075 089 21 85', 'id': {'name': 'AVS', 'value': '756.3271.5740.66'}, 'picture': {'large': 'https://randomuser.me/api/portraits/women/38.jpg', 'medium': 'https://randomuser.me/api/portraits/med/women/38.jpg', 'thumbnail': 'https://randomuser.me/api/portraits/thumb/women/38.jpg'}, 'nat': 'CH'}</msg>
<arg>${json_data['results'][0]}</arg>
<doc>Logs the given message with the given level.</doc>
<status status="PASS" start="2024-08-04T23:16:49.509858" elapsed="0.000426"/>
</kw>
<kw name="Log" owner="BuiltIn">
<msg time="2024-08-04T23:16:49.510749" level="INFO">email</msg>
<arg>${key}</arg>
<doc>Logs the given message with the given level.</doc>
<status status="PASS" start="2024-08-04T23:16:49.510617" elapsed="0.000171"/>
</kw>
<var name="${key}">email</var>
<status status="PASS" start="2024-08-04T23:16:49.509059" elapsed="0.001946"/>
</iter>
<iter>
<kw name="Dictionary Should Contain Key" owner="Collections">
<arg>${json_data['results'][0]}</arg>
<arg>${key}</arg>
<doc>Fails if ``key`` is not found from ``dictionary``.</doc>
<status status="PASS" start="2024-08-04T23:16:49.511294" elapsed="0.000385"/>
</kw>
<kw name="Log" owner="BuiltIn">
<msg time="2024-08-04T23:16:49.512225" level="INFO">{'gender': 'female', 'name': {'title': 'Mademoiselle', 'first': 'Olga', 'last': 'Rey'}, 'location': {'street': {'number': 5884, 'name': 'Boulevard de Balmont'}, 'city': 'Bürglen (Tg)', 'state': 'Nidwalden', 'country': 'Switzerland', 'postcode': 8539, 'coordinates': {'latitude': '-62.3041', 'longitude': '36.5603'}, 'timezone': {'offset': '-5:00', 'description': 'Eastern Time (US &amp; Canada), Bogota, Lima'}}, 'email': 'olga.rey@example.com', 'login': {'uuid': 'cdb49228-7ebb-4f5b-92d2-4bc461d414fe', 'username': 'bluefish721', 'password': 'simple1', 'salt': '6QU8vUhk', 'md5': '632bc0dd6adf832248b272249dd38e2f', 'sha1': 'df5ba2f6259c1ccbb8fbe7c10ef1036fad13b7d4', 'sha256': '5430ec038e1f1659ee9dad20cf4a982766f3117ec0e7c117bd811f0117761091'}, 'dob': {'date': '1988-03-14T00:07:53.823Z', 'age': 36}, 'registered': {'date': '2008-05-28T05:15:26.111Z', 'age': 16}, 'phone': '076 039 90 31', 'cell': '075 089 21 85', 'id': {'name': 'AVS', 'value': '756.3271.5740.66'}, 'picture': {'large': 'https://randomuser.me/api/portraits/women/38.jpg', 'medium': 'https://randomuser.me/api/portraits/med/women/38.jpg', 'thumbnail': 'https://randomuser.me/api/portraits/thumb/women/38.jpg'}, 'nat': 'CH'}</msg>
<arg>${json_data['results'][0]}</arg>
<doc>Logs the given message with the given level.</doc>
<status status="PASS" start="2024-08-04T23:16:49.511864" elapsed="0.000422"/>
</kw>
<kw name="Log" owner="BuiltIn">
<msg time="2024-08-04T23:16:49.512712" level="INFO">login</msg>
<arg>${key}</arg>
<doc>Logs the given message with the given level.</doc>
<status status="PASS" start="2024-08-04T23:16:49.512580" elapsed="0.000171"/>
</kw>
<var name="${key}">login</var>
<status status="PASS" start="2024-08-04T23:16:49.511184" elapsed="0.001786"/>
</iter>
<var>${key}</var>
<value>@{expected_keys}</value>
<status status="PASS" start="2024-08-04T23:16:49.502751" elapsed="0.010370"/>
</for>
<kw name="Create List" owner="BuiltIn">
<msg time="2024-08-04T23:16:49.513465" level="INFO">${expected_keysTwo} = ['username', 'password']</msg>
<var>${expected_keysTwo}</var>
<arg>username</arg>
<arg>password</arg>
<doc>Returns a list containing given items.</doc>
<status status="PASS" start="2024-08-04T23:16:49.513323" elapsed="0.000167"/>
</kw>
<for flavor="IN">
<iter>
<kw name="Dictionary Should Contain Key" owner="Collections">
<arg>${json_data['results'][0]['login']}</arg>
<arg>${keyTwo}</arg>
<doc>Fails if ``key`` is not found from ``dictionary``.</doc>
<status status="PASS" start="2024-08-04T23:16:49.513992" elapsed="0.000423"/>
</kw>
<kw name="Dictionary Should Contain Key" owner="Collections">
<arg>${json_data['results'][0]['login']}</arg>
<arg>${keyTwo}</arg>
<doc>Fails if ``key`` is not found from ``dictionary``.</doc>
<status status="PASS" start="2024-08-04T23:16:49.514600" elapsed="0.000385"/>
</kw>
<kw name="Log" owner="BuiltIn">
<msg time="2024-08-04T23:16:49.515283" level="INFO">username</msg>
<arg>${keyTwo}</arg>
<doc>Logs the given message with the given level.</doc>
<status status="PASS" start="2024-08-04T23:16:49.515163" elapsed="0.000158"/>
</kw>
<var name="${keyTwo}">username</var>
<status status="PASS" start="2024-08-04T23:16:49.513884" elapsed="0.001658"/>
</iter>
<iter>
<kw name="Dictionary Should Contain Key" owner="Collections">
<arg>${json_data['results'][0]['login']}</arg>
<arg>${keyTwo}</arg>
<doc>Fails if ``key`` is not found from ``dictionary``.</doc>
<status status="PASS" start="2024-08-04T23:16:49.515825" elapsed="0.000395"/>
</kw>
<kw name="Dictionary Should Contain Key" owner="Collections">
<arg>${json_data['results'][0]['login']}</arg>
<arg>${keyTwo}</arg>
<doc>Fails if ``key`` is not found from ``dictionary``.</doc>
<status status="PASS" start="2024-08-04T23:16:49.516400" elapsed="0.000372"/>
</kw>
<kw name="Log" owner="BuiltIn">
<msg time="2024-08-04T23:16:49.517065" level="INFO">password</msg>
<arg>${keyTwo}</arg>
<doc>Logs the given message with the given level.</doc>
<status status="PASS" start="2024-08-04T23:16:49.516947" elapsed="0.000155"/>
</kw>
<var name="${keyTwo}">password</var>
<status status="PASS" start="2024-08-04T23:16:49.515718" elapsed="0.001604"/>
</iter>
<var>${keyTwo}</var>
<value>@{expected_keysTwo}</value>
<status status="PASS" start="2024-08-04T23:16:49.513730" elapsed="0.003720"/>
</for>
<status status="PASS" start="2024-08-04T23:16:49.374300" elapsed="0.143296"/>
</kw>
<doc>Testa a estrutura da resposta da API.</doc>
<tag>testeEstruturaResposta</tag>
<status status="PASS" start="2024-08-04T23:16:49.373699" elapsed="0.144057"/>
</test>
<test id="s1-s1-t4" name="Validar tipos de dados" line="28">
<kw name="Teste de Tipos de Dados" owner="random-user-service">
<kw name="GET On Session" owner="RequestsLibrary">
<msg time="2024-08-04T23:16:49.594218" level="INFO">GET Request : url=https://randomuser.me/api 
 path_url=/api 
 headers={'User-Agent': 'python-requests/2.32.3', 'Accept-Encoding': 'gzip, deflate', 'Accept': '*/*', 'Connection': 'keep-alive'} 
 body=None 
 </msg>
<msg time="2024-08-04T23:16:49.594294" level="INFO">GET Response : url=https://randomuser.me/api 
 status=200, reason=OK 
 headers={'Date': 'Sun, 04 Aug 2024 23:16:49 GMT', 'Content-Type': 'application/json; charset=utf-8', 'Transfer-Encoding': 'chunked', 'Connection': 'keep-alive', 'X-Powered-By': 'Express', 'Access-Control-Allow-Origin': '*', 'Cache-Control': 'no-cache', 'ETag': 'W/"49f-4sMyF41oiYDNDcKvu2RgM6ynOEQ"', 'Vary': 'Accept-Encoding', 'Content-Encoding': 'gzip', 'CF-Cache-Status': 'DYNAMIC', 'Report-To': '{"endpoints":[{"url":"https:\\/\\/a.nel.cloudflare.com\\/report\\/v4?s=Z5IBEenfi5pG1HacqvviZzM2ummQjAf%2F9pwjg9EdF9JK1GScedh8MTp36BSEztTsrtk7eGH%2Bfa67hBsOWViOEVN0vTLkrAkg2csFnYBs74qsGp7g50XxSuEdxE1HyvhK"}],"group":"cf-nel","max_age":604800}', 'NEL': '{"success_fraction":0,"report_to":"cf-nel","max_age":604800}', 'Server': 'cloudflare', 'CF-RAY': '8ae241e189651743-IAD', 'alt-svc': 'h3=":443"; ma=86400'} 
 body={"results":[{"gender":"female","name":{"title":"Miss","first":"Xênia","last":"Gomes"},"location":{"street":{"number":2335,"name":"Rua Tiradentes "},"city":"Santo André","state":"Distrito Federal","country":"Brazil","postcode":92505,"coordinates":{"latitude":"-78.6971","longitude":"156.9362"},"timezone":{"offset":"-1:00","description":"Azores, Cape Verde Islands"}},"email":"xenia.gomes@example.com","login":{"uuid":"f7163dc3-e107-4e87-9226-2d88c98b1c79","username":"happycat851","password":"benjamin","salt":"hdE5GCZi","md5":"c7eefd1b74a386bc24174243b2154b2b","sha1":"6834641693560c0e1b2172cc4e8b346272d39158","sha256":"cf0b0c49e3dafd5e65fbb1f5af04b1a43d0a00d70c5e43034f7ad267bdb9748d"},"dob":{"date":"1974-04-30T18:39:26.066Z","age":50},"registered":{"date":"2012-04-27T10:41:20.696Z","age":12},"phone":"(65) 6074-6211","cell":"(93) 8946-2089","id":{"name":"CPF","value":"822.345.914-62"},"picture":{"large":"https://randomuser.me/api/portraits/women/78.jpg","medium":"https://randomuser.me/api/portraits/med/women/78.jpg","thumbnail":"https://randomuser.me/api/portraits/thumb/women/78.jpg"},"nat":"BR"}],"info":{"seed":"1cb57fc0c70b7f7c","results":1,"page":1,"version":"1.4"}} 
 </msg>
<msg time="2024-08-04T23:16:49.594401" level="INFO">/opt/hostedtoolcache/Python/3.12.4/x64/lib/python3.12/site-packages/urllib3/connectionpool.py:1099: InsecureRequestWarning: Unverified HTTPS request is being made to host 'randomuser.me'. Adding certificate verification is strongly advised. See: https://urllib3.readthedocs.io/en/latest/advanced-usage.html#tls-warnings
  warnings.warn(</msg>
<msg time="2024-08-04T23:16:49.594520" level="INFO">${response} = &lt;Response [200]&gt;</msg>
<var>${response}</var>
<arg>consultarAPI</arg>
<arg>/api</arg>
<doc>Sends a GET request on a previously created HTTP Session.</doc>
<status status="PASS" start="2024-08-04T23:16:49.520328" elapsed="0.074233"/>
</kw>
<kw name="Set Variable" owner="BuiltIn">
<msg time="2024-08-04T23:16:49.595631" level="INFO">${json_data} = {'results': [{'gender': 'female', 'name': {'title': 'Miss', 'first': 'Xênia', 'last': 'Gomes'}, 'location': {'street': {'number': 2335, 'name': 'Rua Tiradentes '}, 'city': 'Santo André', 'state': 'Dis...</msg>
<var>${json_data}</var>
<arg>${response.json()}</arg>
<doc>Returns the given values which can then be assigned to a variables.</doc>
<status status="PASS" start="2024-08-04T23:16:49.595035" elapsed="0.000626"/>
</kw>
<kw name="Log" owner="BuiltIn">
<msg time="2024-08-04T23:16:49.596138" level="INFO">{'results': [{'gender': 'female', 'name': {'title': 'Miss', 'first': 'Xênia', 'last': 'Gomes'}, 'location': {'street': {'number': 2335, 'name': 'Rua Tiradentes '}, 'city': 'Santo André', 'state': 'Distrito Federal', 'country': 'Brazil', 'postcode': 92505, 'coordinates': {'latitude': '-78.6971', 'longitude': '156.9362'}, 'timezone': {'offset': '-1:00', 'description': 'Azores, Cape Verde Islands'}}, 'email': 'xenia.gomes@example.com', 'login': {'uuid': 'f7163dc3-e107-4e87-9226-2d88c98b1c79', 'username': 'happycat851', 'password': 'benjamin', 'salt': 'hdE5GCZi', 'md5': 'c7eefd1b74a386bc24174243b2154b2b', 'sha1': '6834641693560c0e1b2172cc4e8b346272d39158', 'sha256': 'cf0b0c49e3dafd5e65fbb1f5af04b1a43d0a00d70c5e43034f7ad267bdb9748d'}, 'dob': {'date': '1974-04-30T18:39:26.066Z', 'age': 50}, 'registered': {'date': '2012-04-27T10:41:20.696Z', 'age': 12}, 'phone': '(65) 6074-6211', 'cell': '(93) 8946-2089', 'id': {'name': 'CPF', 'value': '822.345.914-62'}, 'picture': {'large': 'https://randomuser.me/api/portraits/women/78.jpg', 'medium': 'https://randomuser.me/api/portraits/med/women/78.jpg', 'thumbnail': 'https://randomuser.me/api/portraits/thumb/women/78.jpg'}, 'nat': 'BR'}], 'info': {'seed': '1cb57fc0c70b7f7c', 'results': 1, 'page': 1, 'version': '1.4'}}</msg>
<arg>${json_data}</arg>
<doc>Logs the given message with the given level.</doc>
<status status="PASS" start="2024-08-04T23:16:49.595978" elapsed="0.000210"/>
</kw>
<kw name="Should Be String" owner="String">
<arg>${json_data['results'][0]['gender']}</arg>
<doc>Fails if the given ``item`` is not a string.</doc>
<status status="PASS" start="2024-08-04T23:16:49.596507" elapsed="0.000366"/>
</kw>
<kw name="Should Match Regexp" owner="BuiltIn">
<arg>${json_data['results'][0]['email']}</arg>
<arg>^[a-zA-Z0-9._%+-]+@[a-zA-Z0-9.-]+\.[a-zA-Z]{2,}$</arg>
<doc>Fails if ``string`` does not match ``pattern`` as a regular expression.</doc>
<status status="PASS" start="2024-08-04T23:16:49.597063" elapsed="0.000511"/>
</kw>
<kw name="Should Match Regexp" owner="BuiltIn">
<arg>${json_data['results'][0]['dob']['date']}</arg>
<arg>\\d{4}-\\d{2}-\\d{2}T\\d{2}:\\d{2}:\\d{2}\\.\\d{3}Z</arg>
<doc>Fails if ``string`` does not match ``pattern`` as a regular expression.</doc>
<status status="PASS" start="2024-08-04T23:16:49.597766" elapsed="0.000634"/>
</kw>
<kw name="Should Match Regexp" owner="BuiltIn">
<arg>${json_data['results'][0]['registered']['date']}</arg>
<arg>\\d{4}-\\d{2}-\\d{2}T\\d{2}:\\d{2}:\\d{2}\\.\\d{3}Z</arg>
<doc>Fails if ``string`` does not match ``pattern`` as a regular expression.</doc>
<status status="PASS" start="2024-08-04T23:16:49.598601" elapsed="0.000375"/>
</kw>
<kw name="Should Match Regexp" owner="BuiltIn">
<arg>${json_data['results'][0]['picture']['large']}</arg>
<arg>^https?://.*\.(?:png|jpe?g|gif|bmp)$</arg>
<doc>Fails if ``string`` does not match ``pattern`` as a regular expression.</doc>
<status status="PASS" start="2024-08-04T23:16:49.599161" elapsed="0.000472"/>
</kw>
<kw name="Should Match Regexp" owner="BuiltIn">
<arg>${json_data['results'][0]['picture']['medium']}</arg>
<arg>^https?://.*\.(?:png|jpe?g|gif|bmp)$</arg>
<doc>Fails if ``string`` does not match ``pattern`` as a regular expression.</doc>
<status status="PASS" start="2024-08-04T23:16:49.599822" elapsed="0.000361"/>
</kw>
<kw name="Should Match Regexp" owner="BuiltIn">
<arg>${json_data['results'][0]['picture']['thumbnail']}</arg>
<arg>^https?://.*\.(?:png|jpe?g|gif|bmp)$</arg>
<doc>Fails if ``string`` does not match ``pattern`` as a regular expression.</doc>
<status status="PASS" start="2024-08-04T23:16:49.600366" elapsed="0.000364"/>
</kw>
<kw name="Log" owner="BuiltIn">
<msg time="2024-08-04T23:16:49.601250" level="INFO">{'large': 'https://randomuser.me/api/portraits/women/78.jpg', 'medium': 'https://randomuser.me/api/portraits/med/women/78.jpg', 'thumbnail': 'https://randomuser.me/api/portraits/thumb/women/78.jpg'}</msg>
<arg>${json_data['results'][0]['picture']}</arg>
<doc>Logs the given message with the given level.</doc>
<status status="PASS" start="2024-08-04T23:16:49.600923" elapsed="0.000370"/>
</kw>
<status status="PASS" start="2024-08-04T23:16:49.520103" elapsed="0.081473"/>
</kw>
<kw name="Teste de Tipos de Dados - Postcode" owner="random-user-service">
<kw name="GET On Session" owner="RequestsLibrary">
<msg time="2024-08-04T23:16:49.669647" level="INFO">GET Request : url=https://randomuser.me/api 
 path_url=/api 
 headers={'User-Agent': 'python-requests/2.32.3', 'Accept-Encoding': 'gzip, deflate', 'Accept': '*/*', 'Connection': 'keep-alive'} 
 body=None 
 </msg>
<msg time="2024-08-04T23:16:49.669718" level="INFO">GET Response : url=https://randomuser.me/api 
 status=200, reason=OK 
 headers={'Date': 'Sun, 04 Aug 2024 23:16:49 GMT', 'Content-Type': 'application/json; charset=utf-8', 'Transfer-Encoding': 'chunked', 'Connection': 'keep-alive', 'X-Powered-By': 'Express', 'Access-Control-Allow-Origin': '*', 'Cache-Control': 'no-cache', 'ETag': 'W/"492-aWuIvuxNFBknC00Yj/nBnD8RwtI"', 'Vary': 'Accept-Encoding', 'Content-Encoding': 'gzip', 'CF-Cache-Status': 'DYNAMIC', 'Report-To': '{"endpoints":[{"url":"https:\\/\\/a.nel.cloudflare.com\\/report\\/v4?s=yUozvh6rxNx1ZBeuP9VdHoUbzHRkTFb5%2F9NcUnWWezbxNDxFx9FKTg07C8pJZzFNnZ23lKg5kYNFDc5zxurZu5LlmVc077DEo%2F4vaM3QDOSyCdArS%2BO7Qbyz76yZq2gw"}],"group":"cf-nel","max_age":604800}', 'NEL': '{"success_fraction":0,"report_to":"cf-nel","max_age":604800}', 'Server': 'cloudflare', 'CF-RAY': '8ae241e209bc1743-IAD', 'alt-svc': 'h3=":443"; ma=86400'} 
 body={"results":[{"gender":"female","name":{"title":"Mrs","first":"Sofia","last":"Benítez"},"location":{"street":{"number":3865,"name":"Calle de Segovia"},"city":"Gijón","state":"Comunidad Valenciana","country":"Spain","postcode":33059,"coordinates":{"latitude":"-36.7050","longitude":"87.1658"},"timezone":{"offset":"+6:00","description":"Almaty, Dhaka, Colombo"}},"email":"sofia.benitez@example.com","login":{"uuid":"e05c6948-463b-45a5-9dc6-6abd5e8d257d","username":"happygorilla679","password":"salope","salt":"ymUwQveY","md5":"03bee27b0a045c33985eb9745b7ab44f","sha1":"978639456dcfb0a3f2ca0a5da9c87b1b9a4603a6","sha256":"e0afe8e864ef0ef11453c2252b82aff1fd354cc2f000d12be20aa481fafb0504"},"dob":{"date":"1985-05-19T04:12:19.784Z","age":39},"registered":{"date":"2019-10-08T04:16:38.471Z","age":4},"phone":"995-813-481","cell":"607-047-320","id":{"name":"DNI","value":"86748844-L"},"picture":{"large":"https://randomuser.me/api/portraits/women/32.jpg","medium":"https://randomuser.me/api/portraits/med/women/32.jpg","thumbnail":"https://randomuser.me/api/portraits/thumb/women/32.jpg"},"nat":"ES"}],"info":{"seed":"ada9d86477b824ec","results":1,"page":1,"version":"1.4"}} 
 </msg>
<msg time="2024-08-04T23:16:49.669782" level="INFO">/opt/hostedtoolcache/Python/3.12.4/x64/lib/python3.12/site-packages/urllib3/connectionpool.py:1099: InsecureRequestWarning: Unverified HTTPS request is being made to host 'randomuser.me'. Adding certificate verification is strongly advised. See: https://urllib3.readthedocs.io/en/latest/advanced-usage.html#tls-warnings
  warnings.warn(</msg>
<msg time="2024-08-04T23:16:49.669873" level="INFO">${response} = &lt;Response [200]&gt;</msg>
<var>${response}</var>
<arg>consultarAPI</arg>
<arg>/api</arg>
<doc>Sends a GET request on a previously created HTTP Session.</doc>
<status status="PASS" start="2024-08-04T23:16:49.602037" elapsed="0.067867"/>
</kw>
<kw name="Set Variable" owner="BuiltIn">
<msg time="2024-08-04T23:16:49.670802" level="INFO">${json_data} = {'results': [{'gender': 'female', 'name': {'title': 'Mrs', 'first': 'Sofia', 'last': 'Benítez'}, 'location': {'street': {'number': 3865, 'name': 'Calle de Segovia'}, 'city': 'Gijón', 'state': 'Comunid...</msg>
<var>${json_data}</var>
<arg>${response.json()}</arg>
<doc>Returns the given values which can then be assigned to a variables.</doc>
<status status="PASS" start="2024-08-04T23:16:49.670299" elapsed="0.000532"/>
</kw>
<kw name="Log" owner="BuiltIn">
<msg time="2024-08-04T23:16:49.671293" level="INFO">{'results': [{'gender': 'female', 'name': {'title': 'Mrs', 'first': 'Sofia', 'last': 'Benítez'}, 'location': {'street': {'number': 3865, 'name': 'Calle de Segovia'}, 'city': 'Gijón', 'state': 'Comunidad Valenciana', 'country': 'Spain', 'postcode': 33059, 'coordinates': {'latitude': '-36.7050', 'longitude': '87.1658'}, 'timezone': {'offset': '+6:00', 'description': 'Almaty, Dhaka, Colombo'}}, 'email': 'sofia.benitez@example.com', 'login': {'uuid': 'e05c6948-463b-45a5-9dc6-6abd5e8d257d', 'username': 'happygorilla679', 'password': 'salope', 'salt': 'ymUwQveY', 'md5': '03bee27b0a045c33985eb9745b7ab44f', 'sha1': '978639456dcfb0a3f2ca0a5da9c87b1b9a4603a6', 'sha256': 'e0afe8e864ef0ef11453c2252b82aff1fd354cc2f000d12be20aa481fafb0504'}, 'dob': {'date': '1985-05-19T04:12:19.784Z', 'age': 39}, 'registered': {'date': '2019-10-08T04:16:38.471Z', 'age': 4}, 'phone': '995-813-481', 'cell': '607-047-320', 'id': {'name': 'DNI', 'value': '86748844-L'}, 'picture': {'large': 'https://randomuser.me/api/portraits/women/32.jpg', 'medium': 'https://randomuser.me/api/portraits/med/women/32.jpg', 'thumbnail': 'https://randomuser.me/api/portraits/thumb/women/32.jpg'}, 'nat': 'ES'}], 'info': {'seed': 'ada9d86477b824ec', 'results': 1, 'page': 1, 'version': '1.4'}}</msg>
<arg>${json_data}</arg>
<doc>Logs the given message with the given level.</doc>
<status status="PASS" start="2024-08-04T23:16:49.671136" elapsed="0.000206"/>
</kw>
<kw name="Should Be Equal As Numbers" owner="BuiltIn">
<arg>${json_data['results'][0]['location']['postcode']}</arg>
<arg>${json_data['results'][0]['location']['postcode']}</arg>
<doc>Fails if objects are unequal after converting them to real numbers.</doc>
<status status="PASS" start="2024-08-04T23:16:49.671635" elapsed="0.000631"/>
</kw>
<kw name="Log" owner="BuiltIn">
<msg time="2024-08-04T23:16:49.672834" level="INFO">33059</msg>
<arg>${json_data['results'][0]['location']['postcode']}</arg>
<doc>Logs the given message with the given level.</doc>
<status status="PASS" start="2024-08-04T23:16:49.672492" elapsed="0.000384"/>
</kw>
<status status="PASS" start="2024-08-04T23:16:49.601801" elapsed="0.071327"/>
</kw>
<doc>Testa se os tipos de dados na resposta da API estão corretos.</doc>
<tag>testeTiposDados</tag>
<status status="PASS" start="2024-08-04T23:16:49.519546" elapsed="0.153746"/>
</test>
<test id="s1-s1-t5" name="Validar conteudo" line="35">
<kw name="Teste de Tipos de Conteudo" owner="random-user-service">
<kw name="GET On Session" owner="RequestsLibrary">
<msg time="2024-08-04T23:16:49.785718" level="INFO">GET Request : url=https://randomuser.me/api 
 path_url=/api 
 headers={'User-Agent': 'python-requests/2.32.3', 'Accept-Encoding': 'gzip, deflate', 'Accept': '*/*', 'Connection': 'keep-alive'} 
 body=None 
 </msg>
<msg time="2024-08-04T23:16:49.785803" level="INFO">GET Response : url=https://randomuser.me/api 
 status=200, reason=OK 
 headers={'Date': 'Sun, 04 Aug 2024 23:16:49 GMT', 'Content-Type': 'application/json; charset=utf-8', 'Transfer-Encoding': 'chunked', 'Connection': 'keep-alive', 'X-Powered-By': 'Express', 'Access-Control-Allow-Origin': '*', 'Cache-Control': 'no-cache', 'ETag': 'W/"4bc-b6aBVqGcAkI5awWU9d/rAR3OHGk"', 'Vary': 'Accept-Encoding', 'Content-Encoding': 'gzip', 'CF-Cache-Status': 'DYNAMIC', 'Report-To': '{"endpoints":[{"url":"https:\\/\\/a.nel.cloudflare.com\\/report\\/v4?s=s6eSXwEX8YxYtFGZHyioXCn3qG%2BDSPerM6S1u%2Bo1JJ19FnF8wylMNoshtgkd%2B6FU%2FKzMD%2FqEjTqFT9TTz4r35UWzGIs%2Fc%2BMzELllKhEmj4VJjZpkpXmyCaqrILzwbfNe"}],"group":"cf-nel","max_age":604800}', 'NEL': '{"success_fraction":0,"report_to":"cf-nel","max_age":604800}', 'Server': 'cloudflare', 'CF-RAY': '8ae241e27a151743-IAD', 'alt-svc': 'h3=":443"; ma=86400'} 
 body={"results":[{"gender":"male","name":{"title":"Mr","first":"پوریا","last":"نكو نظر"},"location":{"street":{"number":8456,"name":"میدان انقلاب"},"city":"کاشان","state":"کهگیلویه و بویراحمد","country":"Iran","postcode":98455,"coordinates":{"latitude":"14.7858","longitude":"-112.3758"},"timezone":{"offset":"0:00","description":"Western Europe Time, London, Lisbon, Casablanca"}},"email":"pwry.nkwnzr@example.com","login":{"uuid":"fb7dbdef-3f35-49e9-b857-b0b75371a2a0","username":"goldenkoala763","password":"lookout","salt":"m9mxJ4M0","md5":"9c637be4c9f9d0c1604c430ea75aabf7","sha1":"0a061493656f33bbadf8e6c9f93b0e1e20bc71a4","sha256":"cb5edc98a311300c83ec195f47ca2558420736a070775b082df342baec0caa26"},"dob":{"date":"1947-01-17T07:40:17.323Z","age":77},"registered":{"date":"2016-04-02T06:44:57.183Z","age":8},"phone":"032-41616035","cell":"0994-729-8176","id":{"name":"","value":null},"picture":{"large":"https://randomuser.me/api/portraits/men/47.jpg","medium":"https://randomuser.me/api/portraits/med/men/47.jpg","thumbnail":"https://randomuser.me/api/portraits/thumb/men/47.jpg"},"nat":"IR"}],"info":{"seed":"11bfc6bf1d1571f3","results":1,"page":1,"version":"1.4"}} 
 </msg>
<msg time="2024-08-04T23:16:49.785876" level="INFO">/opt/hostedtoolcache/Python/3.12.4/x64/lib/python3.12/site-packages/urllib3/connectionpool.py:1099: InsecureRequestWarning: Unverified HTTPS request is being made to host 'randomuser.me'. Adding certificate verification is strongly advised. See: https://urllib3.readthedocs.io/en/latest/advanced-usage.html#tls-warnings
  warnings.warn(</msg>
<msg time="2024-08-04T23:16:49.785967" level="INFO">${response} = &lt;Response [200]&gt;</msg>
<var>${response}</var>
<arg>consultarAPI</arg>
<arg>/api</arg>
<doc>Sends a GET request on a previously created HTTP Session.</doc>
<status status="PASS" start="2024-08-04T23:16:49.675875" elapsed="0.110124"/>
</kw>
<kw name="Set Variable" owner="BuiltIn">
<msg time="2024-08-04T23:16:49.786934" level="INFO">${json_data} = {'results': [{'gender': 'male', 'name': {'title': 'Mr', 'first': 'پوریا', 'last': 'نكو نظر'}, 'location': {'street': {'number': 8456, 'name': 'میدان انقلاب'}, 'city': 'کاشان', 'state': 'کهگیلویه و بوی...</msg>
<var>${json_data}</var>
<arg>${response.json()}</arg>
<doc>Returns the given values which can then be assigned to a variables.</doc>
<status status="PASS" start="2024-08-04T23:16:49.786442" elapsed="0.000522"/>
</kw>
<kw name="Set Variable" owner="BuiltIn">
<msg time="2024-08-04T23:16:49.787654" level="INFO">${name_title} = Mr</msg>
<var>${name_title}</var>
<arg>${json_data["results"][0]["name"]["title"]}</arg>
<doc>Returns the given values which can then be assigned to a variables.</doc>
<status status="PASS" start="2024-08-04T23:16:49.787270" elapsed="0.000409"/>
</kw>
<kw name="Create List" owner="BuiltIn">
<msg time="2024-08-04T23:16:49.788124" level="INFO">${allowed_titles} = ['Mr', 'Ms', 'Miss', 'Mrs', 'Madame', 'Monsieur']</msg>
<var>${allowed_titles}</var>
<arg>Mr</arg>
<arg>Ms</arg>
<arg>Miss</arg>
<arg>Mrs</arg>
<arg>Madame</arg>
<arg>Monsieur</arg>
<doc>Returns a list containing given items.</doc>
<status status="PASS" start="2024-08-04T23:16:49.787972" elapsed="0.000177"/>
</kw>
<kw name="List Should Contain Value" owner="Collections">
<arg>${allowed_titles}</arg>
<arg>${name_title}</arg>
<doc>Fails if the ``value`` is not found from ``list``.</doc>
<status status="PASS" start="2024-08-04T23:16:49.788445" elapsed="0.000187"/>
</kw>
<kw name="Set Variable" owner="BuiltIn">
<msg time="2024-08-04T23:16:49.789190" level="INFO">${name_country} = IR</msg>
<var>${name_country}</var>
<arg>${json_data["results"][0]["nat"]}</arg>
<doc>Returns the given values which can then be assigned to a variables.</doc>
<status status="PASS" start="2024-08-04T23:16:49.788817" elapsed="0.000398"/>
</kw>
<kw name="Create List" owner="BuiltIn">
<msg time="2024-08-04T23:16:49.790103" level="INFO">${list_country} = ['AD', 'AE', 'AF', 'AG', 'AI', 'AL', 'AM', 'AO', 'AQ', 'AR', 'AS', 'AT', 'AU', 'AW', 'AX', 'AZ', 'BA', 'BB', 'BD', 'BE', 'BF', 'BG', 'BH', 'BI', 'BJ', 'BL', 'BM', 'BN', 'BO', 'BQ', 'BR', 'BS', 'BT', '...</msg>
<var>${list_country}</var>
<arg>AD</arg>
<arg>AE</arg>
<arg>AF</arg>
<arg>AG</arg>
<arg>AI</arg>
<arg>AL</arg>
<arg>AM</arg>
<arg>AO</arg>
<arg>AQ</arg>
<arg>AR</arg>
<arg>AS</arg>
<arg>AT</arg>
<arg>AU</arg>
<arg>AW</arg>
<arg>AX</arg>
<arg>AZ</arg>
<arg>BA</arg>
<arg>BB</arg>
<arg>BD</arg>
<arg>BE</arg>
<arg>BF</arg>
<arg>BG</arg>
<arg>BH</arg>
<arg>BI</arg>
<arg>BJ</arg>
<arg>BL</arg>
<arg>BM</arg>
<arg>BN</arg>
<arg>BO</arg>
<arg>BQ</arg>
<arg>BR</arg>
<arg>BS</arg>
<arg>BT</arg>
<arg>BV</arg>
<arg>BW</arg>
<arg>BY</arg>
<arg>BZ</arg>
<arg>CA</arg>
<arg>CC</arg>
<arg>CD</arg>
<arg>CF</arg>
<arg>CG</arg>
<arg>CH</arg>
<arg>CI</arg>
<arg>CK</arg>
<arg>CL</arg>
<arg>CM</arg>
<arg>CN</arg>
<arg>CO</arg>
<arg>CR</arg>
<arg>CU</arg>
<arg>CV</arg>
<arg>CW</arg>
<arg>CX</arg>
<arg>CY</arg>
<arg>CZ</arg>
<arg>DE</arg>
<arg>DJ</arg>
<arg>DK</arg>
<arg>DM</arg>
<arg>DO</arg>
<arg>DZ</arg>
<arg>EC</arg>
<arg>EE</arg>
<arg>EG</arg>
<arg>EH</arg>
<arg>ER</arg>
<arg>ES</arg>
<arg>ET</arg>
<arg>FI</arg>
<arg>FJ</arg>
<arg>FK</arg>
<arg>FM</arg>
<arg>FO</arg>
<arg>FR</arg>
<arg>GA</arg>
<arg>GB</arg>
<arg>GD</arg>
<arg>GE</arg>
<arg>GF</arg>
<arg>GG</arg>
<arg>GH</arg>
<arg>GI</arg>
<arg>GL</arg>
<arg>GM</arg>
<arg>GN</arg>
<arg>GP</arg>
<arg>GQ</arg>
<arg>GR</arg>
<arg>GS</arg>
<arg>GT</arg>
<arg>GU</arg>
<arg>GW</arg>
<arg>GY</arg>
<arg>HK</arg>
<arg>HM</arg>
<arg>HN</arg>
<arg>HR</arg>
<arg>HT</arg>
<arg>HU</arg>
<arg>ID</arg>
<arg>IE</arg>
<arg>IL</arg>
<arg>IM</arg>
<arg>IN</arg>
<arg>IO</arg>
<arg>IQ</arg>
<arg>IR</arg>
<arg>IS</arg>
<arg>IT</arg>
<arg>JE</arg>
<arg>JM</arg>
<arg>JO</arg>
<arg>JP</arg>
<arg>KE</arg>
<arg>KG</arg>
<arg>KH</arg>
<arg>KI</arg>
<arg>KM</arg>
<arg>KN</arg>
<arg>KP</arg>
<arg>KR</arg>
<arg>KW</arg>
<arg>KY</arg>
<arg>KZ</arg>
<arg>LA</arg>
<arg>LB</arg>
<arg>LC</arg>
<arg>LI</arg>
<arg>LK</arg>
<arg>LR</arg>
<arg>LS</arg>
<arg>LT</arg>
<arg>LU</arg>
<arg>LV</arg>
<arg>LY</arg>
<arg>MA</arg>
<arg>MC</arg>
<arg>MD</arg>
<arg>ME</arg>
<arg>MF</arg>
<arg>MG</arg>
<arg>MH</arg>
<arg>MK</arg>
<arg>ML</arg>
<arg>MM</arg>
<arg>MN</arg>
<arg>MO</arg>
<arg>MP</arg>
<arg>MQ</arg>
<arg>MR</arg>
<arg>MS</arg>
<arg>MT</arg>
<arg>MU</arg>
<arg>MV</arg>
<arg>MW</arg>
<arg>MX</arg>
<arg>MY</arg>
<arg>MZ</arg>
<arg>NA</arg>
<arg>NC</arg>
<arg>NE</arg>
<arg>NF</arg>
<arg>NG</arg>
<arg>NI</arg>
<arg>NL</arg>
<arg>NO</arg>
<arg>NP</arg>
<arg>NR</arg>
<arg>NU</arg>
<arg>NZ</arg>
<arg>OM</arg>
<arg>PA</arg>
<arg>PE</arg>
<arg>PF</arg>
<arg>PG</arg>
<arg>PH</arg>
<arg>PK</arg>
<arg>PL</arg>
<arg>PM</arg>
<arg>PN</arg>
<arg>PR</arg>
<arg>PS</arg>
<arg>PT</arg>
<arg>PW</arg>
<arg>PY</arg>
<arg>QA</arg>
<arg>RE</arg>
<arg>RO</arg>
<arg>RS</arg>
<arg>RU</arg>
<arg>RW</arg>
<arg>SA</arg>
<arg>SB</arg>
<arg>SC</arg>
<arg>SD</arg>
<arg>SE</arg>
<arg>SG</arg>
<arg>SH</arg>
<arg>SI</arg>
<arg>SJ</arg>
<arg>SK</arg>
<arg>SL</arg>
<arg>SM</arg>
<arg>SN</arg>
<arg>SO</arg>
<arg>SR</arg>
<arg>SS</arg>
<arg>ST</arg>
<arg>SV</arg>
<arg>SX</arg>
<arg>SY</arg>
<arg>SZ</arg>
<arg>TC</arg>
<arg>TD</arg>
<arg>TF</arg>
<arg>TG</arg>
<arg>TH</arg>
<arg>TJ</arg>
<arg>TK</arg>
<arg>TL</arg>
<arg>TM</arg>
<arg>TN</arg>
<arg>TO</arg>
<arg>TR</arg>
<arg>TT</arg>
<arg>TV</arg>
<arg>TW</arg>
<arg>TZ</arg>
<arg>UA</arg>
<arg>UG</arg>
<arg>UM</arg>
<arg>US</arg>
<arg>UY</arg>
<arg>UZ</arg>
<arg>VA</arg>
<arg>VC</arg>
<arg>VE</arg>
<arg>VG</arg>
<arg>VI</arg>
<arg>VN</arg>
<arg>VU</arg>
<arg>WF</arg>
<arg>WS</arg>
<arg>XK</arg>
<arg>YE</arg>
<arg>YT</arg>
<arg>ZA</arg>
<arg>ZM</arg>
<arg>ZW</arg>
<doc>Returns a list containing given items.</doc>
<status status="PASS" start="2024-08-04T23:16:49.789506" elapsed="0.000623"/>
</kw>
<kw name="List Should Contain Value" owner="Collections">
<arg>${list_country}</arg>
<arg>${name_country}</arg>
<doc>Fails if the ``value`` is not found from ``list``.</doc>
<status status="PASS" start="2024-08-04T23:16:49.791131" elapsed="0.000218"/>
</kw>
<kw name="Run Keyword If" owner="BuiltIn">
<kw name="Should Be True" owner="BuiltIn">
<arg>${True}</arg>
<doc>Fails if the given condition is not true.</doc>
<status status="PASS" start="2024-08-04T23:16:49.792302" elapsed="0.000143"/>
</kw>
<arg>${json_data["results"][0]["location"]["coordinates"]["latitude"]} &gt;= -90 and ${json_data["results"][0]["location"]["coordinates"]["latitude"]} &lt;= 90</arg>
<arg>Should Be True</arg>
<arg>${True}</arg>
<doc>Runs the given keyword with the given arguments, if ``condition`` is true.</doc>
<status status="PASS" start="2024-08-04T23:16:49.791547" elapsed="0.001024"/>
</kw>
<kw name="Run Keyword If" owner="BuiltIn">
<kw name="Should Be True" owner="BuiltIn">
<arg>${True}</arg>
<doc>Fails if the given condition is not true.</doc>
<status status="PASS" start="2024-08-04T23:16:49.793445" elapsed="0.000138"/>
</kw>
<arg>${json_data["results"][0]["location"]["coordinates"]["longitude"]} &gt;= -180 and ${json_data["results"][0]["location"]["coordinates"]["longitude"]} &lt;= 180</arg>
<arg>Should Be True</arg>
<arg>${True}</arg>
<doc>Runs the given keyword with the given arguments, if ``condition`` is true.</doc>
<status status="PASS" start="2024-08-04T23:16:49.792752" elapsed="0.000955"/>
</kw>
<status status="PASS" start="2024-08-04T23:16:49.675654" elapsed="0.118185"/>
</kw>
<doc>Testa o conteúdo específico dos campos retornados pela API.</doc>
<tag>testeConteudo</tag>
<status status="PASS" start="2024-08-04T23:16:49.675108" elapsed="0.118882"/>
</test>
<status status="PASS" start="2024-08-04T23:16:48.927300" elapsed="0.868658"/>
</suite>
<status status="PASS" start="2024-08-04T23:16:48.912298" elapsed="0.888743"/>
</suite>
<statistics>
<total>
<stat pass="5" fail="0" skip="0">All Tests</stat>
</total>
<tag>
<stat pass="1" fail="0" skip="0">testeConteudo</stat>
<stat pass="1" fail="0" skip="0">testeEstruturaResposta</stat>
<stat pass="1" fail="0" skip="0">testeRequisicaoBasica</stat>
<stat pass="1" fail="0" skip="0">testeTiposDados</stat>
</tag>
<suite>
<stat pass="5" fail="0" skip="0" id="s1" name="Tests">Tests</stat>
<stat pass="5" fail="0" skip="0" id="s1-s1" name="Random-User-Test">Tests.Random-User-Test</stat>
</suite>
</statistics>
<errors>
</errors>
</robot>
