<?xml version="1.0" encoding="UTF-8"?>
<robot generator="Robot 7.0 (Python 3.12.3 on linux)" generated="2024-05-27T09:16:02.638438" rpa="false" schemaversion="5">
<suite id="s1" name="Tests" source="/home/runner/work/ApiRandomUser/ApiRandomUser/RamdonUser/tests">
<suite id="s1-s1" name="Random-User-Test" source="/home/runner/work/ApiRandomUser/ApiRandomUser/RamdonUser/tests/random-user-test.robot">
<test id="s1-s1-t1" name="Conectar" line="13">
<kw name="Conectar API" owner="random-user-service">
<kw name="Create Session" owner="RequestsLibrary">
<msg time="2024-05-27T09:16:03.026932" level="INFO">Creating Session using : alias=consultarAPI, url=https://randomuser.me/, headers={},                     cookies={}, auth=None, timeout=None, proxies=None, verify=False,                     debug=0 </msg>
<arg>consultarAPI</arg>
<arg>${URL}</arg>
<doc>Create Session: create a HTTP session to a server</doc>
<status status="PASS" start="2024-05-27T09:16:03.026722" elapsed="0.000408"/>
</kw>
<status status="PASS" start="2024-05-27T09:16:03.025616" elapsed="0.001877"/>
</kw>
<status status="PASS" start="2024-05-27T09:16:03.024980" elapsed="0.002708"/>
</test>
<test id="s1-s1-t2" name="Validar retorno 200 e JSON Válido" line="16">
<kw name="Teste de Requisicao Basica" owner="random-user-service">
<kw name="GET On Session" owner="RequestsLibrary">
<msg time="2024-05-27T09:16:03.256257" level="INFO">GET Request : url=https://randomuser.me/api 
 path_url=/api 
 headers={'User-Agent': 'python-requests/2.32.2', 'Accept-Encoding': 'gzip, deflate', 'Accept': '*/*', 'Connection': 'keep-alive'} 
 body=None 
 </msg>
<msg time="2024-05-27T09:16:03.256420" level="INFO">GET Response : url=https://randomuser.me/api 
 status=200, reason=OK 
 headers={'Date': 'Mon, 27 May 2024 09:16:03 GMT', 'Content-Type': 'application/json; charset=utf-8', 'Transfer-Encoding': 'chunked', 'Connection': 'keep-alive', 'X-Powered-By': 'Express', 'Access-Control-Allow-Origin': '*', 'Cache-Control': 'no-cache', 'ETag': 'W/"4ab-ZtQHfTdsOeGBzkDH//5EmA78qwM"', 'Vary': 'Accept-Encoding', 'Content-Encoding': 'gzip', 'CF-Cache-Status': 'DYNAMIC', 'Report-To': '{"endpoints":[{"url":"https:\\/\\/a.nel.cloudflare.com\\/report\\/v4?s=UByeVsSqCDf%2F9KeIs08dHT%2FQcXb01AmVhr9448lKSykywgWXibn0SJzKhzINxfvfL9oOTr8N8a7DCJIO1a%2FSOlIOAzsEpcma93O6oDnIzuwFj7C1fdC0YDiUiEhJ%2B5Jz"}],"group":"cf-nel","max_age":604800}', 'NEL': '{"success_fraction":0,"report_to":"cf-nel","max_age":604800}', 'Server': 'cloudflare', 'CF-RAY': '88a4e767df5d617f-ORD', 'alt-svc': 'h3=":443"; ma=86400'} 
 body={"results":[{"gender":"female","name":{"title":"Ms","first":"Phoebe","last":"Jones"},"location":{"street":{"number":6012,"name":"Ellerslie-Panmure Highway"},"city":"Timaru","state":"Manawatu-Wanganui","country":"New Zealand","postcode":59777,"coordinates":{"latitude":"49.9889","longitude":"127.3392"},"timezone":{"offset":"-5:00","description":"Eastern Time (US &amp; Canada), Bogota, Lima"}},"email":"phoebe.jones@example.com","login":{"uuid":"c5f393c5-8c56-4b0b-8129-1ca58242e2cb","username":"purplebutterfly830","password":"bubba1","salt":"UvxRbRbg","md5":"310c80f818e1c15825920bf65761c4d6","sha1":"50c686bb218d1ed5b894c14b05ae97ff6896c4d6","sha256":"506c799ad44846c485e68995daa2f443b81fb4cdf502b4ad9f0564c12387e56b"},"dob":{"date":"1982-09-08T04:47:20.833Z","age":41},"registered":{"date":"2009-02-04T02:59:15.969Z","age":15},"phone":"(121)-818-7168","cell":"(628)-402-1599","id":{"name":"","value":null},"picture":{"large":"https://randomuser.me/api/portraits/women/48.jpg","medium":"https://randomuser.me/api/portraits/med/women/48.jpg","thumbnail":"https://randomuser.me/api/portraits/thumb/women/48.jpg"},"nat":"NZ"}],"info":{"seed":"08e8dde9f3d14049","results":1,"page":1,"version":"1.4"}} 
 </msg>
<msg time="2024-05-27T09:16:03.256507" level="INFO">/opt/hostedtoolcache/Python/3.12.3/x64/lib/python3.12/site-packages/urllib3/connectionpool.py:1103: InsecureRequestWarning: Unverified HTTPS request is being made to host 'randomuser.me'. Adding certificate verification is strongly advised. See: https://urllib3.readthedocs.io/en/latest/advanced-usage.html#tls-warnings
  warnings.warn(</msg>
<msg time="2024-05-27T09:16:03.256667" level="INFO">${response} = &lt;Response [200]&gt;</msg>
<var>${response}</var>
<arg>consultarAPI</arg>
<arg>/api</arg>
<doc>Sends a GET request on a previously created HTTP Session.</doc>
<status status="PASS" start="2024-05-27T09:16:03.030376" elapsed="0.226340"/>
</kw>
<kw name="Should Be Equal As Numbers" owner="BuiltIn">
<msg time="2024-05-27T09:16:03.257920" level="INFO">Argument types are:
&lt;class 'int'&gt;
&lt;class 'str'&gt;</msg>
<arg>${response.status_code}</arg>
<arg>200</arg>
<doc>Fails if objects are unequal after converting them to real numbers.</doc>
<status status="PASS" start="2024-05-27T09:16:03.257411" elapsed="0.000616"/>
</kw>
<kw name="Log" owner="BuiltIn">
<msg time="2024-05-27T09:16:03.258734" level="INFO">200</msg>
<arg>${response.status_code}</arg>
<doc>Logs the given message with the given level.</doc>
<status status="PASS" start="2024-05-27T09:16:03.258384" elapsed="0.000399"/>
</kw>
<kw name="Set Variable" owner="BuiltIn">
<msg time="2024-05-27T09:16:03.259530" level="INFO">${json_data} = {'results': [{'gender': 'female', 'name': {'title': 'Ms', 'first': 'Phoebe', 'last': 'Jones'}, 'location': {'street': {'number': 6012, 'name': 'Ellerslie-Panmure Highway'}, 'city': 'Timaru', 'state': ...</msg>
<var>${json_data}</var>
<arg>${response.json()}</arg>
<doc>Returns the given values which can then be assigned to a variables.</doc>
<status status="PASS" start="2024-05-27T09:16:03.259095" elapsed="0.000463"/>
</kw>
<kw name="Dictionary Should Contain Key" owner="Collections">
<msg time="2024-05-27T09:16:03.260047" level="INFO">False</msg>
<arg>${json_data}</arg>
<arg>results</arg>
<doc>Fails if ``key`` is not found from ``dictionary``.</doc>
<status status="PASS" start="2024-05-27T09:16:03.259872" elapsed="0.000385"/>
</kw>
<status status="PASS" start="2024-05-27T09:16:03.030121" elapsed="0.230404"/>
</kw>
<doc>Testa se a API responde corretamente e retorna um objeto JSON válido.</doc>
<tag>testeRequisicaoBasica</tag>
<status status="PASS" start="2024-05-27T09:16:03.029569" elapsed="0.231143"/>
</test>
<test id="s1-s1-t3" name="Validar estrutura de resposta" line="22">
<kw name="Teste de Estrutura de Resposta" owner="random-user-service">
<kw name="GET On Session" owner="RequestsLibrary">
<msg time="2024-05-27T09:16:03.330708" level="INFO">GET Request : url=https://randomuser.me/api 
 path_url=/api 
 headers={'User-Agent': 'python-requests/2.32.2', 'Accept-Encoding': 'gzip, deflate', 'Accept': '*/*', 'Connection': 'keep-alive'} 
 body=None 
 </msg>
<msg time="2024-05-27T09:16:03.330826" level="INFO">GET Response : url=https://randomuser.me/api 
 status=200, reason=OK 
 headers={'Date': 'Mon, 27 May 2024 09:16:03 GMT', 'Content-Type': 'application/json; charset=utf-8', 'Transfer-Encoding': 'chunked', 'Connection': 'keep-alive', 'X-Powered-By': 'Express', 'Access-Control-Allow-Origin': '*', 'Cache-Control': 'no-cache', 'ETag': 'W/"499-hH9FKmeHp7YiKokied1ADsJqw5A"', 'Vary': 'Accept-Encoding', 'Content-Encoding': 'gzip', 'CF-Cache-Status': 'DYNAMIC', 'Report-To': '{"endpoints":[{"url":"https:\\/\\/a.nel.cloudflare.com\\/report\\/v4?s=M5SyBrKqE44InSUHAnGlvYIKibq6ivS7bdnnaD60%2FvNuz5l0QXIs3LZrHV%2B45fP7kIcO7OnJhW4gbz5dmRGFYDpU1VCSIJyYvf%2Bfo0QInhsZaN8bHXwe58wk6Nv6B5J0"}],"group":"cf-nel","max_age":604800}', 'NEL': '{"success_fraction":0,"report_to":"cf-nel","max_age":604800}', 'Server': 'cloudflare', 'CF-RAY': '88a4e7686fdd617f-ORD', 'alt-svc': 'h3=":443"; ma=86400'} 
 body={"results":[{"gender":"female","name":{"title":"Miss","first":"Linnea","last":"Karjala"},"location":{"street":{"number":7801,"name":"Reijolankatu"},"city":"Nummi","state":"Uusimaa","country":"Finland","postcode":63723,"coordinates":{"latitude":"-29.3091","longitude":"154.3575"},"timezone":{"offset":"+4:00","description":"Abu Dhabi, Muscat, Baku, Tbilisi"}},"email":"linnea.karjala@example.com","login":{"uuid":"7419cb9e-9395-4b33-8ff9-d1116442aeab","username":"organicsnake184","password":"voodoo","salt":"mLtTmnW8","md5":"bd195821d97f64c4c28734bfdc46eb65","sha1":"fadbaf577baa661d757758eda4257bf425abbc29","sha256":"b22f55cdef0e612111afa2e9e3dba0e46239fe536d68f14cce8db6d2ca4319e9"},"dob":{"date":"1950-05-26T06:37:54.754Z","age":74},"registered":{"date":"2004-02-22T14:20:30.947Z","age":20},"phone":"04-216-967","cell":"040-689-77-53","id":{"name":"HETU","value":"NaNNA434undefined"},"picture":{"large":"https://randomuser.me/api/portraits/women/39.jpg","medium":"https://randomuser.me/api/portraits/med/women/39.jpg","thumbnail":"https://randomuser.me/api/portraits/thumb/women/39.jpg"},"nat":"FI"}],"info":{"seed":"41bb8783c1f25546","results":1,"page":1,"version":"1.4"}} 
 </msg>
<msg time="2024-05-27T09:16:03.330979" level="INFO">/opt/hostedtoolcache/Python/3.12.3/x64/lib/python3.12/site-packages/urllib3/connectionpool.py:1103: InsecureRequestWarning: Unverified HTTPS request is being made to host 'randomuser.me'. Adding certificate verification is strongly advised. See: https://urllib3.readthedocs.io/en/latest/advanced-usage.html#tls-warnings
  warnings.warn(</msg>
<msg time="2024-05-27T09:16:03.331123" level="INFO">${response} = &lt;Response [200]&gt;</msg>
<var>${response}</var>
<arg>consultarAPI</arg>
<arg>/api</arg>
<doc>Sends a GET request on a previously created HTTP Session.</doc>
<status status="PASS" start="2024-05-27T09:16:03.263489" elapsed="0.067673"/>
</kw>
<kw name="Set Variable" owner="BuiltIn">
<msg time="2024-05-27T09:16:03.332389" level="INFO">${json_data} = {'results': [{'gender': 'female', 'name': {'title': 'Miss', 'first': 'Linnea', 'last': 'Karjala'}, 'location': {'street': {'number': 7801, 'name': 'Reijolankatu'}, 'city': 'Nummi', 'state': 'Uusimaa',...</msg>
<var>${json_data}</var>
<arg>${response.json()}</arg>
<doc>Returns the given values which can then be assigned to a variables.</doc>
<status status="PASS" start="2024-05-27T09:16:03.331799" elapsed="0.000618"/>
</kw>
<kw name="Log" owner="BuiltIn">
<msg time="2024-05-27T09:16:03.332890" level="INFO">{'results': [{'gender': 'female', 'name': {'title': 'Miss', 'first': 'Linnea', 'last': 'Karjala'}, 'location': {'street': {'number': 7801, 'name': 'Reijolankatu'}, 'city': 'Nummi', 'state': 'Uusimaa', 'country': 'Finland', 'postcode': 63723, 'coordinates': {'latitude': '-29.3091', 'longitude': '154.3575'}, 'timezone': {'offset': '+4:00', 'description': 'Abu Dhabi, Muscat, Baku, Tbilisi'}}, 'email': 'linnea.karjala@example.com', 'login': {'uuid': '7419cb9e-9395-4b33-8ff9-d1116442aeab', 'username': 'organicsnake184', 'password': 'voodoo', 'salt': 'mLtTmnW8', 'md5': 'bd195821d97f64c4c28734bfdc46eb65', 'sha1': 'fadbaf577baa661d757758eda4257bf425abbc29', 'sha256': 'b22f55cdef0e612111afa2e9e3dba0e46239fe536d68f14cce8db6d2ca4319e9'}, 'dob': {'date': '1950-05-26T06:37:54.754Z', 'age': 74}, 'registered': {'date': '2004-02-22T14:20:30.947Z', 'age': 20}, 'phone': '04-216-967', 'cell': '040-689-77-53', 'id': {'name': 'HETU', 'value': 'NaNNA434undefined'}, 'picture': {'large': 'https://randomuser.me/api/portraits/women/39.jpg', 'medium': 'https://randomuser.me/api/portraits/med/women/39.jpg', 'thumbnail': 'https://randomuser.me/api/portraits/thumb/women/39.jpg'}, 'nat': 'FI'}], 'info': {'seed': '41bb8783c1f25546', 'results': 1, 'page': 1, 'version': '1.4'}}</msg>
<arg>${json_data}</arg>
<doc>Logs the given message with the given level.</doc>
<status status="PASS" start="2024-05-27T09:16:03.332728" elapsed="0.000210"/>
</kw>
<kw name="Dictionary Should Contain Key" owner="Collections">
<msg time="2024-05-27T09:16:03.333404" level="INFO">False</msg>
<arg>${json_data}</arg>
<arg>results</arg>
<doc>Fails if ``key`` is not found from ``dictionary``.</doc>
<status status="PASS" start="2024-05-27T09:16:03.333236" elapsed="0.000210"/>
</kw>
<kw name="Should Not Be Empty" owner="BuiltIn">
<msg time="2024-05-27T09:16:03.333876" level="INFO">Length is 2.</msg>
<arg>${json_data}</arg>
<doc>Verifies that the given item is not empty.</doc>
<status status="PASS" start="2024-05-27T09:16:03.333743" elapsed="0.000172"/>
</kw>
<kw name="Create List" owner="BuiltIn">
<msg time="2024-05-27T09:16:03.334411" level="INFO">${expected_keys} = ['gender', 'name', 'location', 'email', 'login']</msg>
<var>${expected_keys}</var>
<arg>gender</arg>
<arg>name</arg>
<arg>location</arg>
<arg>email</arg>
<arg>login</arg>
<doc>Returns a list containing given items.</doc>
<status status="PASS" start="2024-05-27T09:16:03.334257" elapsed="0.000179"/>
</kw>
<for flavor="IN">
<iter>
<kw name="Dictionary Should Contain Key" owner="Collections">
<msg time="2024-05-27T09:16:03.335488" level="INFO">False</msg>
<arg>${json_data['results'][0]}</arg>
<arg>${key}</arg>
<doc>Fails if ``key`` is not found from ``dictionary``.</doc>
<status status="PASS" start="2024-05-27T09:16:03.335047" elapsed="0.000482"/>
</kw>
<kw name="Log" owner="BuiltIn">
<msg time="2024-05-27T09:16:03.336224" level="INFO">{'gender': 'female', 'name': {'title': 'Miss', 'first': 'Linnea', 'last': 'Karjala'}, 'location': {'street': {'number': 7801, 'name': 'Reijolankatu'}, 'city': 'Nummi', 'state': 'Uusimaa', 'country': 'Finland', 'postcode': 63723, 'coordinates': {'latitude': '-29.3091', 'longitude': '154.3575'}, 'timezone': {'offset': '+4:00', 'description': 'Abu Dhabi, Muscat, Baku, Tbilisi'}}, 'email': 'linnea.karjala@example.com', 'login': {'uuid': '7419cb9e-9395-4b33-8ff9-d1116442aeab', 'username': 'organicsnake184', 'password': 'voodoo', 'salt': 'mLtTmnW8', 'md5': 'bd195821d97f64c4c28734bfdc46eb65', 'sha1': 'fadbaf577baa661d757758eda4257bf425abbc29', 'sha256': 'b22f55cdef0e612111afa2e9e3dba0e46239fe536d68f14cce8db6d2ca4319e9'}, 'dob': {'date': '1950-05-26T06:37:54.754Z', 'age': 74}, 'registered': {'date': '2004-02-22T14:20:30.947Z', 'age': 20}, 'phone': '04-216-967', 'cell': '040-689-77-53', 'id': {'name': 'HETU', 'value': 'NaNNA434undefined'}, 'picture': {'large': 'https://randomuser.me/api/portraits/women/39.jpg', 'medium': 'https://randomuser.me/api/portraits/med/women/39.jpg', 'thumbnail': 'https://randomuser.me/api/portraits/thumb/women/39.jpg'}, 'nat': 'FI'}</msg>
<arg>${json_data['results'][0]}</arg>
<doc>Logs the given message with the given level.</doc>
<status status="PASS" start="2024-05-27T09:16:03.335853" elapsed="0.000422"/>
</kw>
<kw name="Log" owner="BuiltIn">
<msg time="2024-05-27T09:16:03.336734" level="INFO">gender</msg>
<arg>${key}</arg>
<doc>Logs the given message with the given level.</doc>
<status status="PASS" start="2024-05-27T09:16:03.336600" elapsed="0.000172"/>
</kw>
<var name="${key}">gender</var>
<status status="PASS" start="2024-05-27T09:16:03.334920" elapsed="0.002074"/>
</iter>
<iter>
<kw name="Dictionary Should Contain Key" owner="Collections">
<msg time="2024-05-27T09:16:03.337697" level="INFO">False</msg>
<arg>${json_data['results'][0]}</arg>
<arg>${key}</arg>
<doc>Fails if ``key`` is not found from ``dictionary``.</doc>
<status status="PASS" start="2024-05-27T09:16:03.337305" elapsed="0.000429"/>
</kw>
<kw name="Log" owner="BuiltIn">
<msg time="2024-05-27T09:16:03.338464" level="INFO">{'gender': 'female', 'name': {'title': 'Miss', 'first': 'Linnea', 'last': 'Karjala'}, 'location': {'street': {'number': 7801, 'name': 'Reijolankatu'}, 'city': 'Nummi', 'state': 'Uusimaa', 'country': 'Finland', 'postcode': 63723, 'coordinates': {'latitude': '-29.3091', 'longitude': '154.3575'}, 'timezone': {'offset': '+4:00', 'description': 'Abu Dhabi, Muscat, Baku, Tbilisi'}}, 'email': 'linnea.karjala@example.com', 'login': {'uuid': '7419cb9e-9395-4b33-8ff9-d1116442aeab', 'username': 'organicsnake184', 'password': 'voodoo', 'salt': 'mLtTmnW8', 'md5': 'bd195821d97f64c4c28734bfdc46eb65', 'sha1': 'fadbaf577baa661d757758eda4257bf425abbc29', 'sha256': 'b22f55cdef0e612111afa2e9e3dba0e46239fe536d68f14cce8db6d2ca4319e9'}, 'dob': {'date': '1950-05-26T06:37:54.754Z', 'age': 74}, 'registered': {'date': '2004-02-22T14:20:30.947Z', 'age': 20}, 'phone': '04-216-967', 'cell': '040-689-77-53', 'id': {'name': 'HETU', 'value': 'NaNNA434undefined'}, 'picture': {'large': 'https://randomuser.me/api/portraits/women/39.jpg', 'medium': 'https://randomuser.me/api/portraits/med/women/39.jpg', 'thumbnail': 'https://randomuser.me/api/portraits/thumb/women/39.jpg'}, 'nat': 'FI'}</msg>
<arg>${json_data['results'][0]}</arg>
<doc>Logs the given message with the given level.</doc>
<status status="PASS" start="2024-05-27T09:16:03.338098" elapsed="0.000414"/>
</kw>
<kw name="Log" owner="BuiltIn">
<msg time="2024-05-27T09:16:03.338937" level="INFO">name</msg>
<arg>${key}</arg>
<doc>Logs the given message with the given level.</doc>
<status status="PASS" start="2024-05-27T09:16:03.338810" elapsed="0.000164"/>
</kw>
<var name="${key}">name</var>
<status status="PASS" start="2024-05-27T09:16:03.337188" elapsed="0.002013"/>
</iter>
<iter>
<kw name="Dictionary Should Contain Key" owner="Collections">
<msg time="2024-05-27T09:16:03.339877" level="INFO">False</msg>
<arg>${json_data['results'][0]}</arg>
<arg>${key}</arg>
<doc>Fails if ``key`` is not found from ``dictionary``.</doc>
<status status="PASS" start="2024-05-27T09:16:03.339498" elapsed="0.000417"/>
</kw>
<kw name="Log" owner="BuiltIn">
<msg time="2024-05-27T09:16:03.340585" level="INFO">{'gender': 'female', 'name': {'title': 'Miss', 'first': 'Linnea', 'last': 'Karjala'}, 'location': {'street': {'number': 7801, 'name': 'Reijolankatu'}, 'city': 'Nummi', 'state': 'Uusimaa', 'country': 'Finland', 'postcode': 63723, 'coordinates': {'latitude': '-29.3091', 'longitude': '154.3575'}, 'timezone': {'offset': '+4:00', 'description': 'Abu Dhabi, Muscat, Baku, Tbilisi'}}, 'email': 'linnea.karjala@example.com', 'login': {'uuid': '7419cb9e-9395-4b33-8ff9-d1116442aeab', 'username': 'organicsnake184', 'password': 'voodoo', 'salt': 'mLtTmnW8', 'md5': 'bd195821d97f64c4c28734bfdc46eb65', 'sha1': 'fadbaf577baa661d757758eda4257bf425abbc29', 'sha256': 'b22f55cdef0e612111afa2e9e3dba0e46239fe536d68f14cce8db6d2ca4319e9'}, 'dob': {'date': '1950-05-26T06:37:54.754Z', 'age': 74}, 'registered': {'date': '2004-02-22T14:20:30.947Z', 'age': 20}, 'phone': '04-216-967', 'cell': '040-689-77-53', 'id': {'name': 'HETU', 'value': 'NaNNA434undefined'}, 'picture': {'large': 'https://randomuser.me/api/portraits/women/39.jpg', 'medium': 'https://randomuser.me/api/portraits/med/women/39.jpg', 'thumbnail': 'https://randomuser.me/api/portraits/thumb/women/39.jpg'}, 'nat': 'FI'}</msg>
<arg>${json_data['results'][0]}</arg>
<doc>Logs the given message with the given level.</doc>
<status status="PASS" start="2024-05-27T09:16:03.340220" elapsed="0.000412"/>
</kw>
<kw name="Log" owner="BuiltIn">
<msg time="2024-05-27T09:16:03.341059" level="INFO">location</msg>
<arg>${key}</arg>
<doc>Logs the given message with the given level.</doc>
<status status="PASS" start="2024-05-27T09:16:03.340929" elapsed="0.000168"/>
</kw>
<var name="${key}">location</var>
<status status="PASS" start="2024-05-27T09:16:03.339382" elapsed="0.001932"/>
</iter>
<iter>
<kw name="Dictionary Should Contain Key" owner="Collections">
<msg time="2024-05-27T09:16:03.342153" level="INFO">False</msg>
<arg>${json_data['results'][0]}</arg>
<arg>${key}</arg>
<doc>Fails if ``key`` is not found from ``dictionary``.</doc>
<status status="PASS" start="2024-05-27T09:16:03.341599" elapsed="0.000594"/>
</kw>
<kw name="Log" owner="BuiltIn">
<msg time="2024-05-27T09:16:03.342857" level="INFO">{'gender': 'female', 'name': {'title': 'Miss', 'first': 'Linnea', 'last': 'Karjala'}, 'location': {'street': {'number': 7801, 'name': 'Reijolankatu'}, 'city': 'Nummi', 'state': 'Uusimaa', 'country': 'Finland', 'postcode': 63723, 'coordinates': {'latitude': '-29.3091', 'longitude': '154.3575'}, 'timezone': {'offset': '+4:00', 'description': 'Abu Dhabi, Muscat, Baku, Tbilisi'}}, 'email': 'linnea.karjala@example.com', 'login': {'uuid': '7419cb9e-9395-4b33-8ff9-d1116442aeab', 'username': 'organicsnake184', 'password': 'voodoo', 'salt': 'mLtTmnW8', 'md5': 'bd195821d97f64c4c28734bfdc46eb65', 'sha1': 'fadbaf577baa661d757758eda4257bf425abbc29', 'sha256': 'b22f55cdef0e612111afa2e9e3dba0e46239fe536d68f14cce8db6d2ca4319e9'}, 'dob': {'date': '1950-05-26T06:37:54.754Z', 'age': 74}, 'registered': {'date': '2004-02-22T14:20:30.947Z', 'age': 20}, 'phone': '04-216-967', 'cell': '040-689-77-53', 'id': {'name': 'HETU', 'value': 'NaNNA434undefined'}, 'picture': {'large': 'https://randomuser.me/api/portraits/women/39.jpg', 'medium': 'https://randomuser.me/api/portraits/med/women/39.jpg', 'thumbnail': 'https://randomuser.me/api/portraits/thumb/women/39.jpg'}, 'nat': 'FI'}</msg>
<arg>${json_data['results'][0]}</arg>
<doc>Logs the given message with the given level.</doc>
<status status="PASS" start="2024-05-27T09:16:03.342495" elapsed="0.000410"/>
</kw>
<kw name="Log" owner="BuiltIn">
<msg time="2024-05-27T09:16:03.343332" level="INFO">email</msg>
<arg>${key}</arg>
<doc>Logs the given message with the given level.</doc>
<status status="PASS" start="2024-05-27T09:16:03.343203" elapsed="0.000166"/>
</kw>
<var name="${key}">email</var>
<status status="PASS" start="2024-05-27T09:16:03.341488" elapsed="0.002093"/>
</iter>
<iter>
<kw name="Dictionary Should Contain Key" owner="Collections">
<msg time="2024-05-27T09:16:03.344251" level="INFO">False</msg>
<arg>${json_data['results'][0]}</arg>
<arg>${key}</arg>
<doc>Fails if ``key`` is not found from ``dictionary``.</doc>
<status status="PASS" start="2024-05-27T09:16:03.343865" elapsed="0.000422"/>
</kw>
<kw name="Log" owner="BuiltIn">
<msg time="2024-05-27T09:16:03.344944" level="INFO">{'gender': 'female', 'name': {'title': 'Miss', 'first': 'Linnea', 'last': 'Karjala'}, 'location': {'street': {'number': 7801, 'name': 'Reijolankatu'}, 'city': 'Nummi', 'state': 'Uusimaa', 'country': 'Finland', 'postcode': 63723, 'coordinates': {'latitude': '-29.3091', 'longitude': '154.3575'}, 'timezone': {'offset': '+4:00', 'description': 'Abu Dhabi, Muscat, Baku, Tbilisi'}}, 'email': 'linnea.karjala@example.com', 'login': {'uuid': '7419cb9e-9395-4b33-8ff9-d1116442aeab', 'username': 'organicsnake184', 'password': 'voodoo', 'salt': 'mLtTmnW8', 'md5': 'bd195821d97f64c4c28734bfdc46eb65', 'sha1': 'fadbaf577baa661d757758eda4257bf425abbc29', 'sha256': 'b22f55cdef0e612111afa2e9e3dba0e46239fe536d68f14cce8db6d2ca4319e9'}, 'dob': {'date': '1950-05-26T06:37:54.754Z', 'age': 74}, 'registered': {'date': '2004-02-22T14:20:30.947Z', 'age': 20}, 'phone': '04-216-967', 'cell': '040-689-77-53', 'id': {'name': 'HETU', 'value': 'NaNNA434undefined'}, 'picture': {'large': 'https://randomuser.me/api/portraits/women/39.jpg', 'medium': 'https://randomuser.me/api/portraits/med/women/39.jpg', 'thumbnail': 'https://randomuser.me/api/portraits/thumb/women/39.jpg'}, 'nat': 'FI'}</msg>
<arg>${json_data['results'][0]}</arg>
<doc>Logs the given message with the given level.</doc>
<status status="PASS" start="2024-05-27T09:16:03.344583" elapsed="0.000407"/>
</kw>
<kw name="Log" owner="BuiltIn">
<msg time="2024-05-27T09:16:03.345409" level="INFO">login</msg>
<arg>${key}</arg>
<doc>Logs the given message with the given level.</doc>
<status status="PASS" start="2024-05-27T09:16:03.345280" elapsed="0.000167"/>
</kw>
<var name="${key}">login</var>
<status status="PASS" start="2024-05-27T09:16:03.343753" elapsed="0.001940"/>
</iter>
<var>${key}</var>
<value>@{expected_keys}</value>
<status status="PASS" start="2024-05-27T09:16:03.334717" elapsed="0.011100"/>
</for>
<kw name="Create List" owner="BuiltIn">
<msg time="2024-05-27T09:16:03.346190" level="INFO">${expected_keysTwo} = ['username', 'password']</msg>
<var>${expected_keysTwo}</var>
<arg>username</arg>
<arg>password</arg>
<doc>Returns a list containing given items.</doc>
<status status="PASS" start="2024-05-27T09:16:03.346046" elapsed="0.000167"/>
</kw>
<for flavor="IN">
<iter>
<kw name="Dictionary Should Contain Key" owner="Collections">
<msg time="2024-05-27T09:16:03.347113" level="INFO">False</msg>
<arg>${json_data['results'][0]['login']}</arg>
<arg>${keyTwo}</arg>
<doc>Fails if ``key`` is not found from ``dictionary``.</doc>
<status status="PASS" start="2024-05-27T09:16:03.346725" elapsed="0.000424"/>
</kw>
<kw name="Dictionary Should Contain Key" owner="Collections">
<msg time="2024-05-27T09:16:03.347825" level="INFO">False</msg>
<arg>${json_data['results'][0]['login']}</arg>
<arg>${keyTwo}</arg>
<doc>Fails if ``key`` is not found from ``dictionary``.</doc>
<status status="PASS" start="2024-05-27T09:16:03.347448" elapsed="0.000414"/>
</kw>
<kw name="Log" owner="BuiltIn">
<msg time="2024-05-27T09:16:03.348281" level="INFO">username</msg>
<arg>${keyTwo}</arg>
<doc>Logs the given message with the given level.</doc>
<status status="PASS" start="2024-05-27T09:16:03.348156" elapsed="0.000161"/>
</kw>
<var name="${keyTwo}">username</var>
<status status="PASS" start="2024-05-27T09:16:03.346614" elapsed="0.001917"/>
</iter>
<iter>
<kw name="Dictionary Should Contain Key" owner="Collections">
<msg time="2024-05-27T09:16:03.349194" level="INFO">False</msg>
<arg>${json_data['results'][0]['login']}</arg>
<arg>${keyTwo}</arg>
<doc>Fails if ``key`` is not found from ``dictionary``.</doc>
<status status="PASS" start="2024-05-27T09:16:03.348813" elapsed="0.000417"/>
</kw>
<kw name="Dictionary Should Contain Key" owner="Collections">
<msg time="2024-05-27T09:16:03.349901" level="INFO">False</msg>
<arg>${json_data['results'][0]['login']}</arg>
<arg>${keyTwo}</arg>
<doc>Fails if ``key`` is not found from ``dictionary``.</doc>
<status status="PASS" start="2024-05-27T09:16:03.349521" elapsed="0.000416"/>
</kw>
<kw name="Log" owner="BuiltIn">
<msg time="2024-05-27T09:16:03.350397" level="INFO">password</msg>
<arg>${keyTwo}</arg>
<doc>Logs the given message with the given level.</doc>
<status status="PASS" start="2024-05-27T09:16:03.350269" elapsed="0.000166"/>
</kw>
<var name="${keyTwo}">password</var>
<status status="PASS" start="2024-05-27T09:16:03.348703" elapsed="0.001947"/>
</iter>
<var>${keyTwo}</var>
<value>@{expected_keysTwo}</value>
<status status="PASS" start="2024-05-27T09:16:03.346457" elapsed="0.004312"/>
</for>
<status status="PASS" start="2024-05-27T09:16:03.263241" elapsed="0.087668"/>
</kw>
<doc>Testa a estrutura da resposta da API.</doc>
<tag>testeEstruturaResposta</tag>
<status status="PASS" start="2024-05-27T09:16:03.262589" elapsed="0.088480"/>
</test>
<test id="s1-s1-t4" name="Validar tipos de dados" line="28">
<kw name="Teste de Tipos de Dados" owner="random-user-service">
<kw name="GET On Session" owner="RequestsLibrary">
<msg time="2024-05-27T09:16:03.424108" level="INFO">GET Request : url=https://randomuser.me/api 
 path_url=/api 
 headers={'User-Agent': 'python-requests/2.32.2', 'Accept-Encoding': 'gzip, deflate', 'Accept': '*/*', 'Connection': 'keep-alive'} 
 body=None 
 </msg>
<msg time="2024-05-27T09:16:03.424222" level="INFO">GET Response : url=https://randomuser.me/api 
 status=200, reason=OK 
 headers={'Date': 'Mon, 27 May 2024 09:16:03 GMT', 'Content-Type': 'application/json; charset=utf-8', 'Transfer-Encoding': 'chunked', 'Connection': 'keep-alive', 'X-Powered-By': 'Express', 'Access-Control-Allow-Origin': '*', 'Cache-Control': 'no-cache', 'ETag': 'W/"48a-rvEgeD5kc7qLreR1xq1+ABu/Hu8"', 'Vary': 'Accept-Encoding', 'Content-Encoding': 'gzip', 'CF-Cache-Status': 'DYNAMIC', 'Report-To': '{"endpoints":[{"url":"https:\\/\\/a.nel.cloudflare.com\\/report\\/v4?s=TtcRcBTwbUhMgqoYKbwCHtCqTtKUA1%2FEewDWL9YiftueFNsyxPxkBgA0JuWWrN7PXjUTQ7zm2OhX0h0CKe5BWfjGGjlqQDREhrMhqsjgyEer18x2gF2i1gjZgCHBt9c3"}],"group":"cf-nel","max_age":604800}', 'NEL': '{"success_fraction":0,"report_to":"cf-nel","max_age":604800}', 'Server': 'cloudflare', 'CF-RAY': '88a4e768f843617f-ORD', 'alt-svc': 'h3=":443"; ma=86400'} 
 body={"results":[{"gender":"female","name":{"title":"Mrs","first":"Mira","last":"das Neves"},"location":{"street":{"number":8881,"name":"Travessa dos Martírios"},"city":"Cascavel","state":"Bahia","country":"Brazil","postcode":64065,"coordinates":{"latitude":"-79.1131","longitude":"63.1380"},"timezone":{"offset":"-3:30","description":"Newfoundland"}},"email":"mira.dasneves@example.com","login":{"uuid":"b5a5ef32-90d2-409c-a885-830de6549c39","username":"goldenlion288","password":"lexus","salt":"c2kdJVOH","md5":"3bdec62f6d3126137529b0361cbe3d9e","sha1":"01da7e47dc267069f7d92848da72525eecdc7607","sha256":"54d5b3c8243eb17dd0a65200c9c203bc5aad9dca201bb748b912f318c4197013"},"dob":{"date":"1947-11-12T15:33:02.232Z","age":76},"registered":{"date":"2019-08-11T09:01:40.987Z","age":4},"phone":"(33) 2582-5059","cell":"(16) 4287-1936","id":{"name":"CPF","value":"335.367.136-30"},"picture":{"large":"https://randomuser.me/api/portraits/women/85.jpg","medium":"https://randomuser.me/api/portraits/med/women/85.jpg","thumbnail":"https://randomuser.me/api/portraits/thumb/women/85.jpg"},"nat":"BR"}],"info":{"seed":"23fedd562e87cbff","results":1,"page":1,"version":"1.4"}} 
 </msg>
<msg time="2024-05-27T09:16:03.424306" level="INFO">/opt/hostedtoolcache/Python/3.12.3/x64/lib/python3.12/site-packages/urllib3/connectionpool.py:1103: InsecureRequestWarning: Unverified HTTPS request is being made to host 'randomuser.me'. Adding certificate verification is strongly advised. See: https://urllib3.readthedocs.io/en/latest/advanced-usage.html#tls-warnings
  warnings.warn(</msg>
<msg time="2024-05-27T09:16:03.424443" level="INFO">${response} = &lt;Response [200]&gt;</msg>
<var>${response}</var>
<arg>consultarAPI</arg>
<arg>/api</arg>
<doc>Sends a GET request on a previously created HTTP Session.</doc>
<status status="PASS" start="2024-05-27T09:16:03.353664" elapsed="0.070827"/>
</kw>
<kw name="Set Variable" owner="BuiltIn">
<msg time="2024-05-27T09:16:03.425818" level="INFO">${json_data} = {'results': [{'gender': 'female', 'name': {'title': 'Mrs', 'first': 'Mira', 'last': 'das Neves'}, 'location': {'street': {'number': 8881, 'name': 'Travessa dos Martírios'}, 'city': 'Cascavel', 'state'...</msg>
<var>${json_data}</var>
<arg>${response.json()}</arg>
<doc>Returns the given values which can then be assigned to a variables.</doc>
<status status="PASS" start="2024-05-27T09:16:03.425220" elapsed="0.000631"/>
</kw>
<kw name="Log" owner="BuiltIn">
<msg time="2024-05-27T09:16:03.426367" level="INFO">{'results': [{'gender': 'female', 'name': {'title': 'Mrs', 'first': 'Mira', 'last': 'das Neves'}, 'location': {'street': {'number': 8881, 'name': 'Travessa dos Martírios'}, 'city': 'Cascavel', 'state': 'Bahia', 'country': 'Brazil', 'postcode': 64065, 'coordinates': {'latitude': '-79.1131', 'longitude': '63.1380'}, 'timezone': {'offset': '-3:30', 'description': 'Newfoundland'}}, 'email': 'mira.dasneves@example.com', 'login': {'uuid': 'b5a5ef32-90d2-409c-a885-830de6549c39', 'username': 'goldenlion288', 'password': 'lexus', 'salt': 'c2kdJVOH', 'md5': '3bdec62f6d3126137529b0361cbe3d9e', 'sha1': '01da7e47dc267069f7d92848da72525eecdc7607', 'sha256': '54d5b3c8243eb17dd0a65200c9c203bc5aad9dca201bb748b912f318c4197013'}, 'dob': {'date': '1947-11-12T15:33:02.232Z', 'age': 76}, 'registered': {'date': '2019-08-11T09:01:40.987Z', 'age': 4}, 'phone': '(33) 2582-5059', 'cell': '(16) 4287-1936', 'id': {'name': 'CPF', 'value': '335.367.136-30'}, 'picture': {'large': 'https://randomuser.me/api/portraits/women/85.jpg', 'medium': 'https://randomuser.me/api/portraits/med/women/85.jpg', 'thumbnail': 'https://randomuser.me/api/portraits/thumb/women/85.jpg'}, 'nat': 'BR'}], 'info': {'seed': '23fedd562e87cbff', 'results': 1, 'page': 1, 'version': '1.4'}}</msg>
<arg>${json_data}</arg>
<doc>Logs the given message with the given level.</doc>
<status status="PASS" start="2024-05-27T09:16:03.426203" elapsed="0.000258"/>
</kw>
<kw name="Should Be String" owner="String">
<arg>${json_data['results'][0]['gender']}</arg>
<doc>Fails if the given ``item`` is not a string.</doc>
<status status="PASS" start="2024-05-27T09:16:03.426764" elapsed="0.000377"/>
</kw>
<kw name="Should Match Regexp" owner="BuiltIn">
<arg>${json_data['results'][0]['email']}</arg>
<arg>^[a-zA-Z0-9._%+-]+@[a-zA-Z0-9.-]+\.[a-zA-Z]{2,}$</arg>
<doc>Fails if ``string`` does not match ``pattern`` as a regular expression.</doc>
<status status="PASS" start="2024-05-27T09:16:03.427338" elapsed="0.000676"/>
</kw>
<kw name="Should Match Regexp" owner="BuiltIn">
<arg>${json_data['results'][0]['dob']['date']}</arg>
<arg>\\d{4}-\\d{2}-\\d{2}T\\d{2}:\\d{2}:\\d{2}\\.\\d{3}Z</arg>
<doc>Fails if ``string`` does not match ``pattern`` as a regular expression.</doc>
<status status="PASS" start="2024-05-27T09:16:03.428214" elapsed="0.000486"/>
</kw>
<kw name="Should Match Regexp" owner="BuiltIn">
<arg>${json_data['results'][0]['registered']['date']}</arg>
<arg>\\d{4}-\\d{2}-\\d{2}T\\d{2}:\\d{2}:\\d{2}\\.\\d{3}Z</arg>
<doc>Fails if ``string`` does not match ``pattern`` as a regular expression.</doc>
<status status="PASS" start="2024-05-27T09:16:03.428892" elapsed="0.000364"/>
</kw>
<kw name="Should Match Regexp" owner="BuiltIn">
<arg>${json_data['results'][0]['picture']['large']}</arg>
<arg>^https?://.*\.(?:png|jpe?g|gif|bmp)$</arg>
<doc>Fails if ``string`` does not match ``pattern`` as a regular expression.</doc>
<status status="PASS" start="2024-05-27T09:16:03.429445" elapsed="0.000465"/>
</kw>
<kw name="Should Match Regexp" owner="BuiltIn">
<arg>${json_data['results'][0]['picture']['medium']}</arg>
<arg>^https?://.*\.(?:png|jpe?g|gif|bmp)$</arg>
<doc>Fails if ``string`` does not match ``pattern`` as a regular expression.</doc>
<status status="PASS" start="2024-05-27T09:16:03.430128" elapsed="0.000361"/>
</kw>
<kw name="Should Match Regexp" owner="BuiltIn">
<arg>${json_data['results'][0]['picture']['thumbnail']}</arg>
<arg>^https?://.*\.(?:png|jpe?g|gif|bmp)$</arg>
<doc>Fails if ``string`` does not match ``pattern`` as a regular expression.</doc>
<status status="PASS" start="2024-05-27T09:16:03.430677" elapsed="0.000347"/>
</kw>
<kw name="Log" owner="BuiltIn">
<msg time="2024-05-27T09:16:03.431531" level="INFO">{'large': 'https://randomuser.me/api/portraits/women/85.jpg', 'medium': 'https://randomuser.me/api/portraits/med/women/85.jpg', 'thumbnail': 'https://randomuser.me/api/portraits/thumb/women/85.jpg'}</msg>
<arg>${json_data['results'][0]['picture']}</arg>
<doc>Logs the given message with the given level.</doc>
<status status="PASS" start="2024-05-27T09:16:03.431208" elapsed="0.000363"/>
</kw>
<status status="PASS" start="2024-05-27T09:16:03.353428" elapsed="0.078403"/>
</kw>
<kw name="Teste de Tipos de Dados - Postcode" owner="random-user-service">
<kw name="GET On Session" owner="RequestsLibrary">
<msg time="2024-05-27T09:16:03.520905" level="INFO">GET Request : url=https://randomuser.me/api 
 path_url=/api 
 headers={'User-Agent': 'python-requests/2.32.2', 'Accept-Encoding': 'gzip, deflate', 'Accept': '*/*', 'Connection': 'keep-alive'} 
 body=None 
 </msg>
<msg time="2024-05-27T09:16:03.521008" level="INFO">GET Response : url=https://randomuser.me/api 
 status=200, reason=OK 
 headers={'Date': 'Mon, 27 May 2024 09:16:03 GMT', 'Content-Type': 'application/json; charset=utf-8', 'Transfer-Encoding': 'chunked', 'Connection': 'keep-alive', 'X-Powered-By': 'Express', 'Access-Control-Allow-Origin': '*', 'Cache-Control': 'no-cache', 'ETag': 'W/"492-12fv0LomuTfp//yPcP9xs9e9jbA"', 'Vary': 'Accept-Encoding', 'Content-Encoding': 'gzip', 'CF-Cache-Status': 'DYNAMIC', 'Report-To': '{"endpoints":[{"url":"https:\\/\\/a.nel.cloudflare.com\\/report\\/v4?s=QmD8vsyr%2FAbKT%2B%2B8Sugs7WhldIaEYCXb4dwo%2FPD4g12CdarDCri0REWUJ1kk8ueGtxy8wXJ9ZmyYKw5bBtraMCZ4ukkZqnil3swj2CfzAcaCUhlTzqApSwQE6%2FcwGhRf"}],"group":"cf-nel","max_age":604800}', 'NEL': '{"success_fraction":0,"report_to":"cf-nel","max_age":604800}', 'Server': 'cloudflare', 'CF-RAY': '88a4e76978a7617f-ORD', 'alt-svc': 'h3=":443"; ma=86400'} 
 body={"results":[{"gender":"male","name":{"title":"Mr","first":"Ranveer","last":"Kumar"},"location":{"street":{"number":3537,"name":"Tank Bund Rd"},"city":"Bongaigaon","state":"Madhya Pradesh","country":"India","postcode":13367,"coordinates":{"latitude":"12.7741","longitude":"-153.6295"},"timezone":{"offset":"+9:00","description":"Tokyo, Seoul, Osaka, Sapporo, Yakutsk"}},"email":"ranveer.kumar@example.com","login":{"uuid":"c7d5f380-7e7a-4c6e-a1e4-64e7e970256e","username":"tinyfish452","password":"bearbear","salt":"E4ENWA3O","md5":"833d43ab7a3269c5c34b780258fa2d3c","sha1":"703cecd70def95f3148d84da24dec0778572b3c6","sha256":"a4fc768e81e5c633a2361619e8fa0eea691c65e0c8ed159f3dd1e5718b40982c"},"dob":{"date":"1960-02-01T23:19:04.350Z","age":64},"registered":{"date":"2019-12-28T08:25:18.261Z","age":4},"phone":"9540134800","cell":"7043572727","id":{"name":"UIDAI","value":"244567189954"},"picture":{"large":"https://randomuser.me/api/portraits/men/48.jpg","medium":"https://randomuser.me/api/portraits/med/men/48.jpg","thumbnail":"https://randomuser.me/api/portraits/thumb/men/48.jpg"},"nat":"IN"}],"info":{"seed":"8308dabe4157b37b","results":1,"page":1,"version":"1.4"}} 
 </msg>
<msg time="2024-05-27T09:16:03.521089" level="INFO">/opt/hostedtoolcache/Python/3.12.3/x64/lib/python3.12/site-packages/urllib3/connectionpool.py:1103: InsecureRequestWarning: Unverified HTTPS request is being made to host 'randomuser.me'. Adding certificate verification is strongly advised. See: https://urllib3.readthedocs.io/en/latest/advanced-usage.html#tls-warnings
  warnings.warn(</msg>
<msg time="2024-05-27T09:16:03.521222" level="INFO">${response} = &lt;Response [200]&gt;</msg>
<var>${response}</var>
<arg>consultarAPI</arg>
<arg>/api</arg>
<doc>Sends a GET request on a previously created HTTP Session.</doc>
<status status="PASS" start="2024-05-27T09:16:03.432301" elapsed="0.088969"/>
</kw>
<kw name="Set Variable" owner="BuiltIn">
<msg time="2024-05-27T09:16:03.522520" level="INFO">${json_data} = {'results': [{'gender': 'male', 'name': {'title': 'Mr', 'first': 'Ranveer', 'last': 'Kumar'}, 'location': {'street': {'number': 3537, 'name': 'Tank Bund Rd'}, 'city': 'Bongaigaon', 'state': 'Madhya Pr...</msg>
<var>${json_data}</var>
<arg>${response.json()}</arg>
<doc>Returns the given values which can then be assigned to a variables.</doc>
<status status="PASS" start="2024-05-27T09:16:03.521893" elapsed="0.000654"/>
</kw>
<kw name="Log" owner="BuiltIn">
<msg time="2024-05-27T09:16:03.523020" level="INFO">{'results': [{'gender': 'male', 'name': {'title': 'Mr', 'first': 'Ranveer', 'last': 'Kumar'}, 'location': {'street': {'number': 3537, 'name': 'Tank Bund Rd'}, 'city': 'Bongaigaon', 'state': 'Madhya Pradesh', 'country': 'India', 'postcode': 13367, 'coordinates': {'latitude': '12.7741', 'longitude': '-153.6295'}, 'timezone': {'offset': '+9:00', 'description': 'Tokyo, Seoul, Osaka, Sapporo, Yakutsk'}}, 'email': 'ranveer.kumar@example.com', 'login': {'uuid': 'c7d5f380-7e7a-4c6e-a1e4-64e7e970256e', 'username': 'tinyfish452', 'password': 'bearbear', 'salt': 'E4ENWA3O', 'md5': '833d43ab7a3269c5c34b780258fa2d3c', 'sha1': '703cecd70def95f3148d84da24dec0778572b3c6', 'sha256': 'a4fc768e81e5c633a2361619e8fa0eea691c65e0c8ed159f3dd1e5718b40982c'}, 'dob': {'date': '1960-02-01T23:19:04.350Z', 'age': 64}, 'registered': {'date': '2019-12-28T08:25:18.261Z', 'age': 4}, 'phone': '9540134800', 'cell': '7043572727', 'id': {'name': 'UIDAI', 'value': '244567189954'}, 'picture': {'large': 'https://randomuser.me/api/portraits/men/48.jpg', 'medium': 'https://randomuser.me/api/portraits/med/men/48.jpg', 'thumbnail': 'https://randomuser.me/api/portraits/thumb/men/48.jpg'}, 'nat': 'IN'}], 'info': {'seed': '8308dabe4157b37b', 'results': 1, 'page': 1, 'version': '1.4'}}</msg>
<arg>${json_data}</arg>
<doc>Logs the given message with the given level.</doc>
<status status="PASS" start="2024-05-27T09:16:03.522863" elapsed="0.000240"/>
</kw>
<kw name="Should Be Equal As Numbers" owner="BuiltIn">
<arg>${json_data['results'][0]['location']['postcode']}</arg>
<arg>${json_data['results'][0]['location']['postcode']}</arg>
<doc>Fails if objects are unequal after converting them to real numbers.</doc>
<status status="PASS" start="2024-05-27T09:16:03.523405" elapsed="0.000620"/>
</kw>
<kw name="Log" owner="BuiltIn">
<msg time="2024-05-27T09:16:03.524554" level="INFO">13367</msg>
<arg>${json_data['results'][0]['location']['postcode']}</arg>
<doc>Logs the given message with the given level.</doc>
<status status="PASS" start="2024-05-27T09:16:03.524219" elapsed="0.000375"/>
</kw>
<status status="PASS" start="2024-05-27T09:16:03.432062" elapsed="0.092790"/>
</kw>
<doc>Testa se os tipos de dados na resposta da API estão corretos.</doc>
<tag>testeTiposDados</tag>
<status status="PASS" start="2024-05-27T09:16:03.352848" elapsed="0.172177"/>
</test>
<test id="s1-s1-t5" name="Validar conteudo" line="35">
<kw name="Teste de Tipos de Conteudo" owner="random-user-service">
<kw name="GET On Session" owner="RequestsLibrary">
<msg time="2024-05-27T09:16:03.618356" level="INFO">GET Request : url=https://randomuser.me/api 
 path_url=/api 
 headers={'User-Agent': 'python-requests/2.32.2', 'Accept-Encoding': 'gzip, deflate', 'Accept': '*/*', 'Connection': 'keep-alive'} 
 body=None 
 </msg>
<msg time="2024-05-27T09:16:03.618462" level="INFO">GET Response : url=https://randomuser.me/api 
 status=200, reason=OK 
 headers={'Date': 'Mon, 27 May 2024 09:16:03 GMT', 'Content-Type': 'application/json; charset=utf-8', 'Transfer-Encoding': 'chunked', 'Connection': 'keep-alive', 'X-Powered-By': 'Express', 'Access-Control-Allow-Origin': '*', 'Cache-Control': 'no-cache', 'ETag': 'W/"485-svCEWytDjJTKDD0hP59fG+BVu8c"', 'Vary': 'Accept-Encoding', 'Content-Encoding': 'gzip', 'CF-Cache-Status': 'DYNAMIC', 'Report-To': '{"endpoints":[{"url":"https:\\/\\/a.nel.cloudflare.com\\/report\\/v4?s=i88lU1pDYKcvYrA6Ie49tbIu9z%2F2KlEDHkW12YqpOAII89mcKiN47PEc2boXvCIYDpQCjRQFvAKAi2tQiyS%2Bge9EdMsrVo59mfLX2sNKzosSUuDKb6L0n0VQI7Vt7GmZ"}],"group":"cf-nel","max_age":604800}', 'NEL': '{"success_fraction":0,"report_to":"cf-nel","max_age":604800}', 'Server': 'cloudflare', 'CF-RAY': '88a4e76a0928617f-ORD', 'alt-svc': 'h3=":443"; ma=86400'} 
 body={"results":[{"gender":"female","name":{"title":"Ms","first":"Concepción","last":"Páez"},"location":{"street":{"number":4260,"name":"Viaducto Hidalgo"},"city":"Pericos","state":"Sonora","country":"Mexico","postcode":41099,"coordinates":{"latitude":"21.6158","longitude":"136.4114"},"timezone":{"offset":"-9:00","description":"Alaska"}},"email":"concepcion.paez@example.com","login":{"uuid":"3ae16f9c-51a8-4a59-9121-126f8435c462","username":"bigbutterfly261","password":"buster","salt":"gNHPuJLe","md5":"491e370da832ed711a9286aa7dcb1c94","sha1":"3380aad8705faab6fd26e0bd94f34cc74ed6a08e","sha256":"289514add9a5fb8bccdddeb6b513e1bdf542a239fee6fac4143d677bb1088cb4"},"dob":{"date":"1966-08-18T12:35:01.140Z","age":57},"registered":{"date":"2022-03-03T11:13:12.755Z","age":2},"phone":"(622) 382 3103","cell":"(613) 844 7750","id":{"name":"NSS","value":"80 90 07 6177 4"},"picture":{"large":"https://randomuser.me/api/portraits/women/51.jpg","medium":"https://randomuser.me/api/portraits/med/women/51.jpg","thumbnail":"https://randomuser.me/api/portraits/thumb/women/51.jpg"},"nat":"MX"}],"info":{"seed":"4eb6c9210eff4ec7","results":1,"page":1,"version":"1.4"}} 
 </msg>
<msg time="2024-05-27T09:16:03.618546" level="INFO">/opt/hostedtoolcache/Python/3.12.3/x64/lib/python3.12/site-packages/urllib3/connectionpool.py:1103: InsecureRequestWarning: Unverified HTTPS request is being made to host 'randomuser.me'. Adding certificate verification is strongly advised. See: https://urllib3.readthedocs.io/en/latest/advanced-usage.html#tls-warnings
  warnings.warn(</msg>
<msg time="2024-05-27T09:16:03.618672" level="INFO">${response} = &lt;Response [200]&gt;</msg>
<var>${response}</var>
<arg>consultarAPI</arg>
<arg>/api</arg>
<doc>Sends a GET request on a previously created HTTP Session.</doc>
<status status="PASS" start="2024-05-27T09:16:03.527647" elapsed="0.091068"/>
</kw>
<kw name="Set Variable" owner="BuiltIn">
<msg time="2024-05-27T09:16:03.619911" level="INFO">${json_data} = {'results': [{'gender': 'female', 'name': {'title': 'Ms', 'first': 'Concepción', 'last': 'Páez'}, 'location': {'street': {'number': 4260, 'name': 'Viaducto Hidalgo'}, 'city': 'Pericos', 'state': 'Sono...</msg>
<var>${json_data}</var>
<arg>${response.json()}</arg>
<doc>Returns the given values which can then be assigned to a variables.</doc>
<status status="PASS" start="2024-05-27T09:16:03.619341" elapsed="0.000600"/>
</kw>
<kw name="Set Variable" owner="BuiltIn">
<msg time="2024-05-27T09:16:03.620633" level="INFO">${name_title} = Ms</msg>
<var>${name_title}</var>
<arg>${json_data["results"][0]["name"]["title"]}</arg>
<doc>Returns the given values which can then be assigned to a variables.</doc>
<status status="PASS" start="2024-05-27T09:16:03.620250" elapsed="0.000409"/>
</kw>
<kw name="Create List" owner="BuiltIn">
<msg time="2024-05-27T09:16:03.621112" level="INFO">${allowed_titles} = ['Mr', 'Ms', 'Miss', 'Mrs', 'Madame', 'Monsieur']</msg>
<var>${allowed_titles}</var>
<arg>Mr</arg>
<arg>Ms</arg>
<arg>Miss</arg>
<arg>Mrs</arg>
<arg>Madame</arg>
<arg>Monsieur</arg>
<doc>Returns a list containing given items.</doc>
<status status="PASS" start="2024-05-27T09:16:03.620962" elapsed="0.000175"/>
</kw>
<kw name="List Should Contain Value" owner="Collections">
<msg time="2024-05-27T09:16:03.621612" level="INFO">False</msg>
<arg>${allowed_titles}</arg>
<arg>${name_title}</arg>
<doc>Fails if the ``value`` is not found from ``list``.</doc>
<status status="PASS" start="2024-05-27T09:16:03.621437" elapsed="0.000213"/>
</kw>
<kw name="Set Variable" owner="BuiltIn">
<msg time="2024-05-27T09:16:03.622537" level="INFO">${name_country} = MX</msg>
<var>${name_country}</var>
<arg>${json_data["results"][0]["nat"]}</arg>
<doc>Returns the given values which can then be assigned to a variables.</doc>
<status status="PASS" start="2024-05-27T09:16:03.621973" elapsed="0.000589"/>
</kw>
<kw name="Create List" owner="BuiltIn">
<msg time="2024-05-27T09:16:03.623465" level="INFO">${list_country} = ['AD', 'AE', 'AF', 'AG', 'AI', 'AL', 'AM', 'AO', 'AQ', 'AR', 'AS', 'AT', 'AU', 'AW', 'AX', 'AZ', 'BA', 'BB', 'BD', 'BE', 'BF', 'BG', 'BH', 'BI', 'BJ', 'BL', 'BM', 'BN', 'BO', 'BQ', 'BR', 'BS', 'BT', '...</msg>
<var>${list_country}</var>
<arg>AD</arg>
<arg>AE</arg>
<arg>AF</arg>
<arg>AG</arg>
<arg>AI</arg>
<arg>AL</arg>
<arg>AM</arg>
<arg>AO</arg>
<arg>AQ</arg>
<arg>AR</arg>
<arg>AS</arg>
<arg>AT</arg>
<arg>AU</arg>
<arg>AW</arg>
<arg>AX</arg>
<arg>AZ</arg>
<arg>BA</arg>
<arg>BB</arg>
<arg>BD</arg>
<arg>BE</arg>
<arg>BF</arg>
<arg>BG</arg>
<arg>BH</arg>
<arg>BI</arg>
<arg>BJ</arg>
<arg>BL</arg>
<arg>BM</arg>
<arg>BN</arg>
<arg>BO</arg>
<arg>BQ</arg>
<arg>BR</arg>
<arg>BS</arg>
<arg>BT</arg>
<arg>BV</arg>
<arg>BW</arg>
<arg>BY</arg>
<arg>BZ</arg>
<arg>CA</arg>
<arg>CC</arg>
<arg>CD</arg>
<arg>CF</arg>
<arg>CG</arg>
<arg>CH</arg>
<arg>CI</arg>
<arg>CK</arg>
<arg>CL</arg>
<arg>CM</arg>
<arg>CN</arg>
<arg>CO</arg>
<arg>CR</arg>
<arg>CU</arg>
<arg>CV</arg>
<arg>CW</arg>
<arg>CX</arg>
<arg>CY</arg>
<arg>CZ</arg>
<arg>DE</arg>
<arg>DJ</arg>
<arg>DK</arg>
<arg>DM</arg>
<arg>DO</arg>
<arg>DZ</arg>
<arg>EC</arg>
<arg>EE</arg>
<arg>EG</arg>
<arg>EH</arg>
<arg>ER</arg>
<arg>ES</arg>
<arg>ET</arg>
<arg>FI</arg>
<arg>FJ</arg>
<arg>FK</arg>
<arg>FM</arg>
<arg>FO</arg>
<arg>FR</arg>
<arg>GA</arg>
<arg>GB</arg>
<arg>GD</arg>
<arg>GE</arg>
<arg>GF</arg>
<arg>GG</arg>
<arg>GH</arg>
<arg>GI</arg>
<arg>GL</arg>
<arg>GM</arg>
<arg>GN</arg>
<arg>GP</arg>
<arg>GQ</arg>
<arg>GR</arg>
<arg>GS</arg>
<arg>GT</arg>
<arg>GU</arg>
<arg>GW</arg>
<arg>GY</arg>
<arg>HK</arg>
<arg>HM</arg>
<arg>HN</arg>
<arg>HR</arg>
<arg>HT</arg>
<arg>HU</arg>
<arg>ID</arg>
<arg>IE</arg>
<arg>IL</arg>
<arg>IM</arg>
<arg>IN</arg>
<arg>IO</arg>
<arg>IQ</arg>
<arg>IR</arg>
<arg>IS</arg>
<arg>IT</arg>
<arg>JE</arg>
<arg>JM</arg>
<arg>JO</arg>
<arg>JP</arg>
<arg>KE</arg>
<arg>KG</arg>
<arg>KH</arg>
<arg>KI</arg>
<arg>KM</arg>
<arg>KN</arg>
<arg>KP</arg>
<arg>KR</arg>
<arg>KW</arg>
<arg>KY</arg>
<arg>KZ</arg>
<arg>LA</arg>
<arg>LB</arg>
<arg>LC</arg>
<arg>LI</arg>
<arg>LK</arg>
<arg>LR</arg>
<arg>LS</arg>
<arg>LT</arg>
<arg>LU</arg>
<arg>LV</arg>
<arg>LY</arg>
<arg>MA</arg>
<arg>MC</arg>
<arg>MD</arg>
<arg>ME</arg>
<arg>MF</arg>
<arg>MG</arg>
<arg>MH</arg>
<arg>MK</arg>
<arg>ML</arg>
<arg>MM</arg>
<arg>MN</arg>
<arg>MO</arg>
<arg>MP</arg>
<arg>MQ</arg>
<arg>MR</arg>
<arg>MS</arg>
<arg>MT</arg>
<arg>MU</arg>
<arg>MV</arg>
<arg>MW</arg>
<arg>MX</arg>
<arg>MY</arg>
<arg>MZ</arg>
<arg>NA</arg>
<arg>NC</arg>
<arg>NE</arg>
<arg>NF</arg>
<arg>NG</arg>
<arg>NI</arg>
<arg>NL</arg>
<arg>NO</arg>
<arg>NP</arg>
<arg>NR</arg>
<arg>NU</arg>
<arg>NZ</arg>
<arg>OM</arg>
<arg>PA</arg>
<arg>PE</arg>
<arg>PF</arg>
<arg>PG</arg>
<arg>PH</arg>
<arg>PK</arg>
<arg>PL</arg>
<arg>PM</arg>
<arg>PN</arg>
<arg>PR</arg>
<arg>PS</arg>
<arg>PT</arg>
<arg>PW</arg>
<arg>PY</arg>
<arg>QA</arg>
<arg>RE</arg>
<arg>RO</arg>
<arg>RS</arg>
<arg>RU</arg>
<arg>RW</arg>
<arg>SA</arg>
<arg>SB</arg>
<arg>SC</arg>
<arg>SD</arg>
<arg>SE</arg>
<arg>SG</arg>
<arg>SH</arg>
<arg>SI</arg>
<arg>SJ</arg>
<arg>SK</arg>
<arg>SL</arg>
<arg>SM</arg>
<arg>SN</arg>
<arg>SO</arg>
<arg>SR</arg>
<arg>SS</arg>
<arg>ST</arg>
<arg>SV</arg>
<arg>SX</arg>
<arg>SY</arg>
<arg>SZ</arg>
<arg>TC</arg>
<arg>TD</arg>
<arg>TF</arg>
<arg>TG</arg>
<arg>TH</arg>
<arg>TJ</arg>
<arg>TK</arg>
<arg>TL</arg>
<arg>TM</arg>
<arg>TN</arg>
<arg>TO</arg>
<arg>TR</arg>
<arg>TT</arg>
<arg>TV</arg>
<arg>TW</arg>
<arg>TZ</arg>
<arg>UA</arg>
<arg>UG</arg>
<arg>UM</arg>
<arg>US</arg>
<arg>UY</arg>
<arg>UZ</arg>
<arg>VA</arg>
<arg>VC</arg>
<arg>VE</arg>
<arg>VG</arg>
<arg>VI</arg>
<arg>VN</arg>
<arg>VU</arg>
<arg>WF</arg>
<arg>WS</arg>
<arg>XK</arg>
<arg>YE</arg>
<arg>YT</arg>
<arg>ZA</arg>
<arg>ZM</arg>
<arg>ZW</arg>
<doc>Returns a list containing given items.</doc>
<status status="PASS" start="2024-05-27T09:16:03.622871" elapsed="0.000619"/>
</kw>
<kw name="List Should Contain Value" owner="Collections">
<msg time="2024-05-27T09:16:03.624479" level="INFO">False</msg>
<arg>${list_country}</arg>
<arg>${name_country}</arg>
<doc>Fails if the ``value`` is not found from ``list``.</doc>
<status status="PASS" start="2024-05-27T09:16:03.624276" elapsed="0.000239"/>
</kw>
<kw name="Run Keyword If" owner="BuiltIn">
<kw name="Should Be True" owner="BuiltIn">
<arg>${True}</arg>
<doc>Fails if the given condition is not true.</doc>
<status status="PASS" start="2024-05-27T09:16:03.625585" elapsed="0.000146"/>
</kw>
<arg>${json_data["results"][0]["location"]["coordinates"]["latitude"]} &gt;= -90 and ${json_data["results"][0]["location"]["coordinates"]["latitude"]} &lt;= 90</arg>
<arg>Should Be True</arg>
<arg>${True}</arg>
<doc>Runs the given keyword with the given arguments, if ``condition`` is true.</doc>
<status status="PASS" start="2024-05-27T09:16:03.624830" elapsed="0.001028"/>
</kw>
<kw name="Run Keyword If" owner="BuiltIn">
<kw name="Should Be True" owner="BuiltIn">
<arg>${True}</arg>
<doc>Fails if the given condition is not true.</doc>
<status status="PASS" start="2024-05-27T09:16:03.626776" elapsed="0.000138"/>
</kw>
<arg>${json_data["results"][0]["location"]["coordinates"]["longitude"]} &gt;= -180 and ${json_data["results"][0]["location"]["coordinates"]["longitude"]} &lt;= 180</arg>
<arg>Should Be True</arg>
<arg>${True}</arg>
<doc>Runs the given keyword with the given arguments, if ``condition`` is true.</doc>
<status status="PASS" start="2024-05-27T09:16:03.626085" elapsed="0.000952"/>
</kw>
<status status="PASS" start="2024-05-27T09:16:03.527409" elapsed="0.099759"/>
</kw>
<doc>Testa o conteúdo específico dos campos retornados pela API.</doc>
<tag>testeConteudo</tag>
<status status="PASS" start="2024-05-27T09:16:03.526856" elapsed="0.100463"/>
</test>
<status status="PASS" start="2024-05-27T09:16:02.697482" elapsed="0.931811"/>
</suite>
<status status="PASS" start="2024-05-27T09:16:02.683814" elapsed="0.950695"/>
</suite>
<statistics>
<total>
<stat pass="5" fail="0" skip="0">All Tests</stat>
</total>
<tag>
<stat pass="1" fail="0" skip="0">testeConteudo</stat>
<stat pass="1" fail="0" skip="0">testeEstruturaResposta</stat>
<stat pass="1" fail="0" skip="0">testeRequisicaoBasica</stat>
<stat pass="1" fail="0" skip="0">testeTiposDados</stat>
</tag>
<suite>
<stat pass="5" fail="0" skip="0" id="s1" name="Tests">Tests</stat>
<stat pass="5" fail="0" skip="0" id="s1-s1" name="Random-User-Test">Tests.Random-User-Test</stat>
</suite>
</statistics>
<errors>
</errors>
</robot>
