<?xml version="1.0" encoding="UTF-8"?>
<robot generator="Robot 7.0 (Python 3.12.3 on linux)" generated="2024-06-09T03:16:47.999096" rpa="false" schemaversion="5">
<suite id="s1" name="Tests" source="/home/runner/work/ApiRandomUser/ApiRandomUser/RamdonUser/tests">
<suite id="s1-s1" name="Random-User-Test" source="/home/runner/work/ApiRandomUser/ApiRandomUser/RamdonUser/tests/random-user-test.robot">
<test id="s1-s1-t1" name="Conectar" line="13">
<kw name="Conectar API" owner="random-user-service">
<kw name="Create Session" owner="RequestsLibrary">
<msg time="2024-06-09T03:16:48.409982" level="INFO">Creating Session using : alias=consultarAPI, url=https://randomuser.me/, headers={},                     cookies={}, auth=None, timeout=None, proxies=None, verify=False,                     debug=0 </msg>
<arg>consultarAPI</arg>
<arg>${URL}</arg>
<doc>Create Session: create a HTTP session to a server</doc>
<status status="PASS" start="2024-06-09T03:16:48.409775" elapsed="0.000381"/>
</kw>
<status status="PASS" start="2024-06-09T03:16:48.408685" elapsed="0.001827"/>
</kw>
<status status="PASS" start="2024-06-09T03:16:48.408108" elapsed="0.002597"/>
</test>
<test id="s1-s1-t2" name="Validar retorno 200 e JSON Válido" line="16">
<kw name="Teste de Requisicao Basica" owner="random-user-service">
<kw name="GET On Session" owner="RequestsLibrary">
<msg time="2024-06-09T03:16:48.644659" level="INFO">GET Request : url=https://randomuser.me/api 
 path_url=/api 
 headers={'User-Agent': 'python-requests/2.32.3', 'Accept-Encoding': 'gzip, deflate', 'Accept': '*/*', 'Connection': 'keep-alive'} 
 body=None 
 </msg>
<msg time="2024-06-09T03:16:48.644796" level="INFO">GET Response : url=https://randomuser.me/api 
 status=200, reason=OK 
 headers={'Date': 'Sun, 09 Jun 2024 03:16:48 GMT', 'Content-Type': 'application/json; charset=utf-8', 'Transfer-Encoding': 'chunked', 'Connection': 'keep-alive', 'X-Powered-By': 'Express', 'Access-Control-Allow-Origin': '*', 'Cache-Control': 'no-cache', 'ETag': 'W/"4a6-Sm4/5EWv8u9JXFkI2L5yGTMRAqU"', 'Vary': 'Accept-Encoding', 'Content-Encoding': 'gzip', 'CF-Cache-Status': 'DYNAMIC', 'Report-To': '{"endpoints":[{"url":"https:\\/\\/a.nel.cloudflare.com\\/report\\/v4?s=F6NZJryq%2BLdZhW%2Bai2vHbE16cs9uUu8AEXQZZRPCYsRcG91AzE9H5dehsOauoWz2DPTJF60U%2B9ikG84wTyfPcJHaL30RNkR%2BLp1%2FZ4Ccxaiis9wG%2Brvg5%2BkS3fzfX7So"}],"group":"cf-nel","max_age":604800}', 'NEL': '{"success_fraction":0,"report_to":"cf-nel","max_age":604800}', 'Server': 'cloudflare', 'CF-RAY': '890df70ab8b80837-IAD', 'alt-svc': 'h3=":443"; ma=86400'} 
 body={"results":[{"gender":"male","name":{"title":"Mr","first":"Cursino","last":"Souza"},"location":{"street":{"number":9926,"name":"Rua Carlos Gomes"},"city":"Itu","state":"Distrito Federal","country":"Brazil","postcode":34885,"coordinates":{"latitude":"-74.3930","longitude":"-48.8189"},"timezone":{"offset":"0:00","description":"Western Europe Time, London, Lisbon, Casablanca"}},"email":"cursino.souza@example.com","login":{"uuid":"3f7f2634-08da-4286-abcf-cb5507248ba5","username":"silverzebra821","password":"prince1","salt":"cIYPkHzx","md5":"405f58b35560db7f6beeda1c492ebe85","sha1":"9ed6394c23edf4242ab74d87a927ed8090f44397","sha256":"d43cb3ad031442a8a0a229dacb9f3641292a29ee5d87a5fa115e9bb490d4fec2"},"dob":{"date":"1986-06-18T23:47:48.254Z","age":37},"registered":{"date":"2008-11-10T04:15:51.574Z","age":15},"phone":"(04) 1257-6346","cell":"(93) 9317-1337","id":{"name":"CPF","value":"334.964.449-02"},"picture":{"large":"https://randomuser.me/api/portraits/men/33.jpg","medium":"https://randomuser.me/api/portraits/med/men/33.jpg","thumbnail":"https://randomuser.me/api/portraits/thumb/men/33.jpg"},"nat":"BR"}],"info":{"seed":"f7e131ac3c3f3588","results":1,"page":1,"version":"1.4"}} 
 </msg>
<msg time="2024-06-09T03:16:48.644875" level="INFO">/opt/hostedtoolcache/Python/3.12.3/x64/lib/python3.12/site-packages/urllib3/connectionpool.py:1103: InsecureRequestWarning: Unverified HTTPS request is being made to host 'randomuser.me'. Adding certificate verification is strongly advised. See: https://urllib3.readthedocs.io/en/latest/advanced-usage.html#tls-warnings
  warnings.warn(</msg>
<msg time="2024-06-09T03:16:48.645017" level="INFO">${response} = &lt;Response [200]&gt;</msg>
<var>${response}</var>
<arg>consultarAPI</arg>
<arg>/api</arg>
<doc>Sends a GET request on a previously created HTTP Session.</doc>
<status status="PASS" start="2024-06-09T03:16:48.413368" elapsed="0.231748"/>
</kw>
<kw name="Should Be Equal As Numbers" owner="BuiltIn">
<msg time="2024-06-09T03:16:48.646043" level="INFO">Argument types are:
&lt;class 'int'&gt;
&lt;class 'str'&gt;</msg>
<arg>${response.status_code}</arg>
<arg>200</arg>
<doc>Fails if objects are unequal after converting them to real numbers.</doc>
<status status="PASS" start="2024-06-09T03:16:48.645604" elapsed="0.000505"/>
</kw>
<kw name="Log" owner="BuiltIn">
<msg time="2024-06-09T03:16:48.646787" level="INFO">200</msg>
<arg>${response.status_code}</arg>
<doc>Logs the given message with the given level.</doc>
<status status="PASS" start="2024-06-09T03:16:48.646435" elapsed="0.000399"/>
</kw>
<kw name="Set Variable" owner="BuiltIn">
<msg time="2024-06-09T03:16:48.647583" level="INFO">${json_data} = {'results': [{'gender': 'male', 'name': {'title': 'Mr', 'first': 'Cursino', 'last': 'Souza'}, 'location': {'street': {'number': 9926, 'name': 'Rua Carlos Gomes'}, 'city': 'Itu', 'state': 'Distrito Fed...</msg>
<var>${json_data}</var>
<arg>${response.json()}</arg>
<doc>Returns the given values which can then be assigned to a variables.</doc>
<status status="PASS" start="2024-06-09T03:16:48.647145" elapsed="0.000467"/>
</kw>
<kw name="Dictionary Should Contain Key" owner="Collections">
<msg time="2024-06-09T03:16:48.648078" level="INFO">False</msg>
<arg>${json_data}</arg>
<arg>results</arg>
<doc>Fails if ``key`` is not found from ``dictionary``.</doc>
<status status="PASS" start="2024-06-09T03:16:48.647913" elapsed="0.000356"/>
</kw>
<status status="PASS" start="2024-06-09T03:16:48.413125" elapsed="0.235428"/>
</kw>
<doc>Testa se a API responde corretamente e retorna um objeto JSON válido.</doc>
<tag>testeRequisicaoBasica</tag>
<status status="PASS" start="2024-06-09T03:16:48.412617" elapsed="0.236111"/>
</test>
<test id="s1-s1-t3" name="Validar estrutura de resposta" line="22">
<kw name="Teste de Estrutura de Resposta" owner="random-user-service">
<kw name="GET On Session" owner="RequestsLibrary">
<msg time="2024-06-09T03:16:48.707322" level="INFO">GET Request : url=https://randomuser.me/api 
 path_url=/api 
 headers={'User-Agent': 'python-requests/2.32.3', 'Accept-Encoding': 'gzip, deflate', 'Accept': '*/*', 'Connection': 'keep-alive'} 
 body=None 
 </msg>
<msg time="2024-06-09T03:16:48.707408" level="INFO">GET Response : url=https://randomuser.me/api 
 status=200, reason=OK 
 headers={'Date': 'Sun, 09 Jun 2024 03:16:48 GMT', 'Content-Type': 'application/json; charset=utf-8', 'Transfer-Encoding': 'chunked', 'Connection': 'keep-alive', 'X-Powered-By': 'Express', 'Access-Control-Allow-Origin': '*', 'Cache-Control': 'no-cache', 'ETag': 'W/"4a5-OYHrfGtIJsSfax894JP7yHJt8kM"', 'Vary': 'Accept-Encoding', 'Content-Encoding': 'gzip', 'CF-Cache-Status': 'DYNAMIC', 'Report-To': '{"endpoints":[{"url":"https:\\/\\/a.nel.cloudflare.com\\/report\\/v4?s=jVAUCsh4lI%2FG5HF3vxPAKisRsPKq%2FpX3oDJqCIxpr4lrEmo5Hry0IYaADIVKt5JVDwrN%2FJOyC%2FQ37JgglcByC44jw%2BzdMsXET9otHgpEgYuKuhbpxhTy8uXr7top3bJB"}],"group":"cf-nel","max_age":604800}', 'NEL': '{"success_fraction":0,"report_to":"cf-nel","max_age":604800}', 'Server': 'cloudflare', 'CF-RAY': '890df70c1a4c0837-IAD', 'alt-svc': 'h3=":443"; ma=86400'} 
 body={"results":[{"gender":"female","name":{"title":"Mrs","first":"Ronja","last":"Pollari"},"location":{"street":{"number":2070,"name":"Rautatienkatu"},"city":"Hattula","state":"Central Finland","country":"Finland","postcode":40432,"coordinates":{"latitude":"-21.9857","longitude":"82.1326"},"timezone":{"offset":"+11:00","description":"Magadan, Solomon Islands, New Caledonia"}},"email":"ronja.pollari@example.com","login":{"uuid":"cb8f3a10-5d69-47d3-901f-c5895047a2c0","username":"whitepeacock386","password":"audi","salt":"2yJEYpdb","md5":"7774609791b2c9d7061daedc78ed9b3d","sha1":"e810179934dd5da5eca72bff8f10c0e8b300b8bd","sha256":"32939fefb0821d0537b71e7ec0f556a93713731c32566cbcde8dcec5ec1f8fa2"},"dob":{"date":"1975-09-13T00:09:29.428Z","age":48},"registered":{"date":"2014-06-25T07:12:20.052Z","age":9},"phone":"02-346-170","cell":"047-834-69-87","id":{"name":"HETU","value":"NaNNA978undefined"},"picture":{"large":"https://randomuser.me/api/portraits/women/35.jpg","medium":"https://randomuser.me/api/portraits/med/women/35.jpg","thumbnail":"https://randomuser.me/api/portraits/thumb/women/35.jpg"},"nat":"FI"}],"info":{"seed":"91606aab9b1b85c3","results":1,"page":1,"version":"1.4"}} 
 </msg>
<msg time="2024-06-09T03:16:48.707533" level="INFO">/opt/hostedtoolcache/Python/3.12.3/x64/lib/python3.12/site-packages/urllib3/connectionpool.py:1103: InsecureRequestWarning: Unverified HTTPS request is being made to host 'randomuser.me'. Adding certificate verification is strongly advised. See: https://urllib3.readthedocs.io/en/latest/advanced-usage.html#tls-warnings
  warnings.warn(</msg>
<msg time="2024-06-09T03:16:48.707843" level="INFO">${response} = &lt;Response [200]&gt;</msg>
<var>${response}</var>
<arg>consultarAPI</arg>
<arg>/api</arg>
<doc>Sends a GET request on a previously created HTTP Session.</doc>
<status status="PASS" start="2024-06-09T03:16:48.651333" elapsed="0.056562"/>
</kw>
<kw name="Set Variable" owner="BuiltIn">
<msg time="2024-06-09T03:16:48.709002" level="INFO">${json_data} = {'results': [{'gender': 'female', 'name': {'title': 'Mrs', 'first': 'Ronja', 'last': 'Pollari'}, 'location': {'street': {'number': 2070, 'name': 'Rautatienkatu'}, 'city': 'Hattula', 'state': 'Central ...</msg>
<var>${json_data}</var>
<arg>${response.json()}</arg>
<doc>Returns the given values which can then be assigned to a variables.</doc>
<status status="PASS" start="2024-06-09T03:16:48.708406" elapsed="0.000625"/>
</kw>
<kw name="Log" owner="BuiltIn">
<msg time="2024-06-09T03:16:48.709532" level="INFO">{'results': [{'gender': 'female', 'name': {'title': 'Mrs', 'first': 'Ronja', 'last': 'Pollari'}, 'location': {'street': {'number': 2070, 'name': 'Rautatienkatu'}, 'city': 'Hattula', 'state': 'Central Finland', 'country': 'Finland', 'postcode': 40432, 'coordinates': {'latitude': '-21.9857', 'longitude': '82.1326'}, 'timezone': {'offset': '+11:00', 'description': 'Magadan, Solomon Islands, New Caledonia'}}, 'email': 'ronja.pollari@example.com', 'login': {'uuid': 'cb8f3a10-5d69-47d3-901f-c5895047a2c0', 'username': 'whitepeacock386', 'password': 'audi', 'salt': '2yJEYpdb', 'md5': '7774609791b2c9d7061daedc78ed9b3d', 'sha1': 'e810179934dd5da5eca72bff8f10c0e8b300b8bd', 'sha256': '32939fefb0821d0537b71e7ec0f556a93713731c32566cbcde8dcec5ec1f8fa2'}, 'dob': {'date': '1975-09-13T00:09:29.428Z', 'age': 48}, 'registered': {'date': '2014-06-25T07:12:20.052Z', 'age': 9}, 'phone': '02-346-170', 'cell': '047-834-69-87', 'id': {'name': 'HETU', 'value': 'NaNNA978undefined'}, 'picture': {'large': 'https://randomuser.me/api/portraits/women/35.jpg', 'medium': 'https://randomuser.me/api/portraits/med/women/35.jpg', 'thumbnail': 'https://randomuser.me/api/portraits/thumb/women/35.jpg'}, 'nat': 'FI'}], 'info': {'seed': '91606aab9b1b85c3', 'results': 1, 'page': 1, 'version': '1.4'}}</msg>
<arg>${json_data}</arg>
<doc>Logs the given message with the given level.</doc>
<status status="PASS" start="2024-06-09T03:16:48.709344" elapsed="0.000246"/>
</kw>
<kw name="Dictionary Should Contain Key" owner="Collections">
<msg time="2024-06-09T03:16:48.710043" level="INFO">False</msg>
<arg>${json_data}</arg>
<arg>results</arg>
<doc>Fails if ``key`` is not found from ``dictionary``.</doc>
<status status="PASS" start="2024-06-09T03:16:48.709890" elapsed="0.000189"/>
</kw>
<kw name="Should Not Be Empty" owner="BuiltIn">
<msg time="2024-06-09T03:16:48.710500" level="INFO">Length is 2.</msg>
<arg>${json_data}</arg>
<doc>Verifies that the given item is not empty.</doc>
<status status="PASS" start="2024-06-09T03:16:48.710369" elapsed="0.000169"/>
</kw>
<kw name="Create List" owner="BuiltIn">
<msg time="2024-06-09T03:16:48.710979" level="INFO">${expected_keys} = ['gender', 'name', 'location', 'email', 'login']</msg>
<var>${expected_keys}</var>
<arg>gender</arg>
<arg>name</arg>
<arg>location</arg>
<arg>email</arg>
<arg>login</arg>
<doc>Returns a list containing given items.</doc>
<status status="PASS" start="2024-06-09T03:16:48.710829" elapsed="0.000174"/>
</kw>
<for flavor="IN">
<iter>
<kw name="Dictionary Should Contain Key" owner="Collections">
<msg time="2024-06-09T03:16:48.711955" level="INFO">False</msg>
<arg>${json_data['results'][0]}</arg>
<arg>${key}</arg>
<doc>Fails if ``key`` is not found from ``dictionary``.</doc>
<status status="PASS" start="2024-06-09T03:16:48.711558" elapsed="0.000440"/>
</kw>
<kw name="Log" owner="BuiltIn">
<msg time="2024-06-09T03:16:48.712672" level="INFO">{'gender': 'female', 'name': {'title': 'Mrs', 'first': 'Ronja', 'last': 'Pollari'}, 'location': {'street': {'number': 2070, 'name': 'Rautatienkatu'}, 'city': 'Hattula', 'state': 'Central Finland', 'country': 'Finland', 'postcode': 40432, 'coordinates': {'latitude': '-21.9857', 'longitude': '82.1326'}, 'timezone': {'offset': '+11:00', 'description': 'Magadan, Solomon Islands, New Caledonia'}}, 'email': 'ronja.pollari@example.com', 'login': {'uuid': 'cb8f3a10-5d69-47d3-901f-c5895047a2c0', 'username': 'whitepeacock386', 'password': 'audi', 'salt': '2yJEYpdb', 'md5': '7774609791b2c9d7061daedc78ed9b3d', 'sha1': 'e810179934dd5da5eca72bff8f10c0e8b300b8bd', 'sha256': '32939fefb0821d0537b71e7ec0f556a93713731c32566cbcde8dcec5ec1f8fa2'}, 'dob': {'date': '1975-09-13T00:09:29.428Z', 'age': 48}, 'registered': {'date': '2014-06-25T07:12:20.052Z', 'age': 9}, 'phone': '02-346-170', 'cell': '047-834-69-87', 'id': {'name': 'HETU', 'value': 'NaNNA978undefined'}, 'picture': {'large': 'https://randomuser.me/api/portraits/women/35.jpg', 'medium': 'https://randomuser.me/api/portraits/med/women/35.jpg', 'thumbnail': 'https://randomuser.me/api/portraits/thumb/women/35.jpg'}, 'nat': 'FI'}</msg>
<arg>${json_data['results'][0]}</arg>
<doc>Logs the given message with the given level.</doc>
<status status="PASS" start="2024-06-09T03:16:48.712298" elapsed="0.000420"/>
</kw>
<kw name="Log" owner="BuiltIn">
<msg time="2024-06-09T03:16:48.713152" level="INFO">gender</msg>
<arg>${key}</arg>
<doc>Logs the given message with the given level.</doc>
<status status="PASS" start="2024-06-09T03:16:48.713026" elapsed="0.000163"/>
</kw>
<var name="${key}">gender</var>
<status status="PASS" start="2024-06-09T03:16:48.711434" elapsed="0.001968"/>
</iter>
<iter>
<kw name="Dictionary Should Contain Key" owner="Collections">
<msg time="2024-06-09T03:16:48.714122" level="INFO">False</msg>
<arg>${json_data['results'][0]}</arg>
<arg>${key}</arg>
<doc>Fails if ``key`` is not found from ``dictionary``.</doc>
<status status="PASS" start="2024-06-09T03:16:48.713738" elapsed="0.000420"/>
</kw>
<kw name="Log" owner="BuiltIn">
<msg time="2024-06-09T03:16:48.714840" level="INFO">{'gender': 'female', 'name': {'title': 'Mrs', 'first': 'Ronja', 'last': 'Pollari'}, 'location': {'street': {'number': 2070, 'name': 'Rautatienkatu'}, 'city': 'Hattula', 'state': 'Central Finland', 'country': 'Finland', 'postcode': 40432, 'coordinates': {'latitude': '-21.9857', 'longitude': '82.1326'}, 'timezone': {'offset': '+11:00', 'description': 'Magadan, Solomon Islands, New Caledonia'}}, 'email': 'ronja.pollari@example.com', 'login': {'uuid': 'cb8f3a10-5d69-47d3-901f-c5895047a2c0', 'username': 'whitepeacock386', 'password': 'audi', 'salt': '2yJEYpdb', 'md5': '7774609791b2c9d7061daedc78ed9b3d', 'sha1': 'e810179934dd5da5eca72bff8f10c0e8b300b8bd', 'sha256': '32939fefb0821d0537b71e7ec0f556a93713731c32566cbcde8dcec5ec1f8fa2'}, 'dob': {'date': '1975-09-13T00:09:29.428Z', 'age': 48}, 'registered': {'date': '2014-06-25T07:12:20.052Z', 'age': 9}, 'phone': '02-346-170', 'cell': '047-834-69-87', 'id': {'name': 'HETU', 'value': 'NaNNA978undefined'}, 'picture': {'large': 'https://randomuser.me/api/portraits/women/35.jpg', 'medium': 'https://randomuser.me/api/portraits/med/women/35.jpg', 'thumbnail': 'https://randomuser.me/api/portraits/thumb/women/35.jpg'}, 'nat': 'FI'}</msg>
<arg>${json_data['results'][0]}</arg>
<doc>Logs the given message with the given level.</doc>
<status status="PASS" start="2024-06-09T03:16:48.714480" elapsed="0.000407"/>
</kw>
<kw name="Log" owner="BuiltIn">
<msg time="2024-06-09T03:16:48.715311" level="INFO">name</msg>
<arg>${key}</arg>
<doc>Logs the given message with the given level.</doc>
<status status="PASS" start="2024-06-09T03:16:48.715184" elapsed="0.000163"/>
</kw>
<var name="${key}">name</var>
<status status="PASS" start="2024-06-09T03:16:48.713622" elapsed="0.001942"/>
</iter>
<iter>
<kw name="Dictionary Should Contain Key" owner="Collections">
<msg time="2024-06-09T03:16:48.716226" level="INFO">False</msg>
<arg>${json_data['results'][0]}</arg>
<arg>${key}</arg>
<doc>Fails if ``key`` is not found from ``dictionary``.</doc>
<status status="PASS" start="2024-06-09T03:16:48.715853" elapsed="0.000410"/>
</kw>
<kw name="Log" owner="BuiltIn">
<msg time="2024-06-09T03:16:48.716929" level="INFO">{'gender': 'female', 'name': {'title': 'Mrs', 'first': 'Ronja', 'last': 'Pollari'}, 'location': {'street': {'number': 2070, 'name': 'Rautatienkatu'}, 'city': 'Hattula', 'state': 'Central Finland', 'country': 'Finland', 'postcode': 40432, 'coordinates': {'latitude': '-21.9857', 'longitude': '82.1326'}, 'timezone': {'offset': '+11:00', 'description': 'Magadan, Solomon Islands, New Caledonia'}}, 'email': 'ronja.pollari@example.com', 'login': {'uuid': 'cb8f3a10-5d69-47d3-901f-c5895047a2c0', 'username': 'whitepeacock386', 'password': 'audi', 'salt': '2yJEYpdb', 'md5': '7774609791b2c9d7061daedc78ed9b3d', 'sha1': 'e810179934dd5da5eca72bff8f10c0e8b300b8bd', 'sha256': '32939fefb0821d0537b71e7ec0f556a93713731c32566cbcde8dcec5ec1f8fa2'}, 'dob': {'date': '1975-09-13T00:09:29.428Z', 'age': 48}, 'registered': {'date': '2014-06-25T07:12:20.052Z', 'age': 9}, 'phone': '02-346-170', 'cell': '047-834-69-87', 'id': {'name': 'HETU', 'value': 'NaNNA978undefined'}, 'picture': {'large': 'https://randomuser.me/api/portraits/women/35.jpg', 'medium': 'https://randomuser.me/api/portraits/med/women/35.jpg', 'thumbnail': 'https://randomuser.me/api/portraits/thumb/women/35.jpg'}, 'nat': 'FI'}</msg>
<arg>${json_data['results'][0]}</arg>
<doc>Logs the given message with the given level.</doc>
<status status="PASS" start="2024-06-09T03:16:48.716568" elapsed="0.000409"/>
</kw>
<kw name="Log" owner="BuiltIn">
<msg time="2024-06-09T03:16:48.717399" level="INFO">location</msg>
<arg>${key}</arg>
<doc>Logs the given message with the given level.</doc>
<status status="PASS" start="2024-06-09T03:16:48.717274" elapsed="0.000163"/>
</kw>
<var name="${key}">location</var>
<status status="PASS" start="2024-06-09T03:16:48.715739" elapsed="0.001944"/>
</iter>
<iter>
<kw name="Dictionary Should Contain Key" owner="Collections">
<msg time="2024-06-09T03:16:48.718444" level="INFO">False</msg>
<arg>${json_data['results'][0]}</arg>
<arg>${key}</arg>
<doc>Fails if ``key`` is not found from ``dictionary``.</doc>
<status status="PASS" start="2024-06-09T03:16:48.717968" elapsed="0.000514"/>
</kw>
<kw name="Log" owner="BuiltIn">
<msg time="2024-06-09T03:16:48.719134" level="INFO">{'gender': 'female', 'name': {'title': 'Mrs', 'first': 'Ronja', 'last': 'Pollari'}, 'location': {'street': {'number': 2070, 'name': 'Rautatienkatu'}, 'city': 'Hattula', 'state': 'Central Finland', 'country': 'Finland', 'postcode': 40432, 'coordinates': {'latitude': '-21.9857', 'longitude': '82.1326'}, 'timezone': {'offset': '+11:00', 'description': 'Magadan, Solomon Islands, New Caledonia'}}, 'email': 'ronja.pollari@example.com', 'login': {'uuid': 'cb8f3a10-5d69-47d3-901f-c5895047a2c0', 'username': 'whitepeacock386', 'password': 'audi', 'salt': '2yJEYpdb', 'md5': '7774609791b2c9d7061daedc78ed9b3d', 'sha1': 'e810179934dd5da5eca72bff8f10c0e8b300b8bd', 'sha256': '32939fefb0821d0537b71e7ec0f556a93713731c32566cbcde8dcec5ec1f8fa2'}, 'dob': {'date': '1975-09-13T00:09:29.428Z', 'age': 48}, 'registered': {'date': '2014-06-25T07:12:20.052Z', 'age': 9}, 'phone': '02-346-170', 'cell': '047-834-69-87', 'id': {'name': 'HETU', 'value': 'NaNNA978undefined'}, 'picture': {'large': 'https://randomuser.me/api/portraits/women/35.jpg', 'medium': 'https://randomuser.me/api/portraits/med/women/35.jpg', 'thumbnail': 'https://randomuser.me/api/portraits/thumb/women/35.jpg'}, 'nat': 'FI'}</msg>
<arg>${json_data['results'][0]}</arg>
<doc>Logs the given message with the given level.</doc>
<status status="PASS" start="2024-06-09T03:16:48.718780" elapsed="0.000402"/>
</kw>
<kw name="Log" owner="BuiltIn">
<msg time="2024-06-09T03:16:48.719601" level="INFO">email</msg>
<arg>${key}</arg>
<doc>Logs the given message with the given level.</doc>
<status status="PASS" start="2024-06-09T03:16:48.719476" elapsed="0.000161"/>
</kw>
<var name="${key}">email</var>
<status status="PASS" start="2024-06-09T03:16:48.717857" elapsed="0.001992"/>
</iter>
<iter>
<kw name="Dictionary Should Contain Key" owner="Collections">
<msg time="2024-06-09T03:16:48.720519" level="INFO">False</msg>
<arg>${json_data['results'][0]}</arg>
<arg>${key}</arg>
<doc>Fails if ``key`` is not found from ``dictionary``.</doc>
<status status="PASS" start="2024-06-09T03:16:48.720142" elapsed="0.000424"/>
</kw>
<kw name="Log" owner="BuiltIn">
<msg time="2024-06-09T03:16:48.721208" level="INFO">{'gender': 'female', 'name': {'title': 'Mrs', 'first': 'Ronja', 'last': 'Pollari'}, 'location': {'street': {'number': 2070, 'name': 'Rautatienkatu'}, 'city': 'Hattula', 'state': 'Central Finland', 'country': 'Finland', 'postcode': 40432, 'coordinates': {'latitude': '-21.9857', 'longitude': '82.1326'}, 'timezone': {'offset': '+11:00', 'description': 'Magadan, Solomon Islands, New Caledonia'}}, 'email': 'ronja.pollari@example.com', 'login': {'uuid': 'cb8f3a10-5d69-47d3-901f-c5895047a2c0', 'username': 'whitepeacock386', 'password': 'audi', 'salt': '2yJEYpdb', 'md5': '7774609791b2c9d7061daedc78ed9b3d', 'sha1': 'e810179934dd5da5eca72bff8f10c0e8b300b8bd', 'sha256': '32939fefb0821d0537b71e7ec0f556a93713731c32566cbcde8dcec5ec1f8fa2'}, 'dob': {'date': '1975-09-13T00:09:29.428Z', 'age': 48}, 'registered': {'date': '2014-06-25T07:12:20.052Z', 'age': 9}, 'phone': '02-346-170', 'cell': '047-834-69-87', 'id': {'name': 'HETU', 'value': 'NaNNA978undefined'}, 'picture': {'large': 'https://randomuser.me/api/portraits/women/35.jpg', 'medium': 'https://randomuser.me/api/portraits/med/women/35.jpg', 'thumbnail': 'https://randomuser.me/api/portraits/thumb/women/35.jpg'}, 'nat': 'FI'}</msg>
<arg>${json_data['results'][0]}</arg>
<doc>Logs the given message with the given level.</doc>
<status status="PASS" start="2024-06-09T03:16:48.720858" elapsed="0.000397"/>
</kw>
<kw name="Log" owner="BuiltIn">
<msg time="2024-06-09T03:16:48.721702" level="INFO">login</msg>
<arg>${key}</arg>
<doc>Logs the given message with the given level.</doc>
<status status="PASS" start="2024-06-09T03:16:48.721567" elapsed="0.000204"/>
</kw>
<var name="${key}">login</var>
<status status="PASS" start="2024-06-09T03:16:48.720021" elapsed="0.001971"/>
</iter>
<var>${key}</var>
<value>@{expected_keys}</value>
<status status="PASS" start="2024-06-09T03:16:48.711254" elapsed="0.010858"/>
</for>
<kw name="Create List" owner="BuiltIn">
<msg time="2024-06-09T03:16:48.722443" level="INFO">${expected_keysTwo} = ['username', 'password']</msg>
<var>${expected_keysTwo}</var>
<arg>username</arg>
<arg>password</arg>
<doc>Returns a list containing given items.</doc>
<status status="PASS" start="2024-06-09T03:16:48.722307" elapsed="0.000160"/>
</kw>
<for flavor="IN">
<iter>
<kw name="Dictionary Should Contain Key" owner="Collections">
<msg time="2024-06-09T03:16:48.723358" level="INFO">False</msg>
<arg>${json_data['results'][0]['login']}</arg>
<arg>${keyTwo}</arg>
<doc>Fails if ``key`` is not found from ``dictionary``.</doc>
<status status="PASS" start="2024-06-09T03:16:48.722974" elapsed="0.000420"/>
</kw>
<kw name="Dictionary Should Contain Key" owner="Collections">
<msg time="2024-06-09T03:16:48.724086" level="INFO">False</msg>
<arg>${json_data['results'][0]['login']}</arg>
<arg>${keyTwo}</arg>
<doc>Fails if ``key`` is not found from ``dictionary``.</doc>
<status status="PASS" start="2024-06-09T03:16:48.723692" elapsed="0.000432"/>
</kw>
<kw name="Log" owner="BuiltIn">
<msg time="2024-06-09T03:16:48.724555" level="INFO">username</msg>
<arg>${keyTwo}</arg>
<doc>Logs the given message with the given level.</doc>
<status status="PASS" start="2024-06-09T03:16:48.724429" elapsed="0.000161"/>
</kw>
<var name="${keyTwo}">username</var>
<status status="PASS" start="2024-06-09T03:16:48.722864" elapsed="0.001948"/>
</iter>
<iter>
<kw name="Dictionary Should Contain Key" owner="Collections">
<msg time="2024-06-09T03:16:48.725485" level="INFO">False</msg>
<arg>${json_data['results'][0]['login']}</arg>
<arg>${keyTwo}</arg>
<doc>Fails if ``key`` is not found from ``dictionary``.</doc>
<status status="PASS" start="2024-06-09T03:16:48.725092" elapsed="0.000432"/>
</kw>
<kw name="Dictionary Should Contain Key" owner="Collections">
<msg time="2024-06-09T03:16:48.726211" level="INFO">False</msg>
<arg>${json_data['results'][0]['login']}</arg>
<arg>${keyTwo}</arg>
<doc>Fails if ``key`` is not found from ``dictionary``.</doc>
<status status="PASS" start="2024-06-09T03:16:48.725838" elapsed="0.000410"/>
</kw>
<kw name="Log" owner="BuiltIn">
<msg time="2024-06-09T03:16:48.726665" level="INFO">password</msg>
<arg>${keyTwo}</arg>
<doc>Logs the given message with the given level.</doc>
<status status="PASS" start="2024-06-09T03:16:48.726540" elapsed="0.000161"/>
</kw>
<var name="${keyTwo}">password</var>
<status status="PASS" start="2024-06-09T03:16:48.724981" elapsed="0.001933"/>
</iter>
<var>${keyTwo}</var>
<value>@{expected_keysTwo}</value>
<status status="PASS" start="2024-06-09T03:16:48.722708" elapsed="0.004325"/>
</for>
<status status="PASS" start="2024-06-09T03:16:48.651096" elapsed="0.076072"/>
</kw>
<doc>Testa a estrutura da resposta da API.</doc>
<tag>testeEstruturaResposta</tag>
<status status="PASS" start="2024-06-09T03:16:48.650595" elapsed="0.076717"/>
</test>
<test id="s1-s1-t4" name="Validar tipos de dados" line="28">
<kw name="Teste de Tipos de Dados" owner="random-user-service">
<kw name="GET On Session" owner="RequestsLibrary">
<msg time="2024-06-09T03:16:48.797051" level="INFO">GET Request : url=https://randomuser.me/api 
 path_url=/api 
 headers={'User-Agent': 'python-requests/2.32.3', 'Accept-Encoding': 'gzip, deflate', 'Accept': '*/*', 'Connection': 'keep-alive'} 
 body=None 
 </msg>
<msg time="2024-06-09T03:16:48.797113" level="INFO">GET Response : url=https://randomuser.me/api 
 status=200, reason=OK 
 headers={'Date': 'Sun, 09 Jun 2024 03:16:48 GMT', 'Content-Type': 'application/json; charset=utf-8', 'Transfer-Encoding': 'chunked', 'Connection': 'keep-alive', 'X-Powered-By': 'Express', 'Access-Control-Allow-Origin': '*', 'Cache-Control': 'no-cache', 'ETag': 'W/"480-Q5mgrFR1zvCUKWz2M7mkOrhnSzw"', 'Vary': 'Accept-Encoding', 'Content-Encoding': 'gzip', 'CF-Cache-Status': 'DYNAMIC', 'Report-To': '{"endpoints":[{"url":"https:\\/\\/a.nel.cloudflare.com\\/report\\/v4?s=GVcD3YzA9Dekc4jK5WHhk0ftNtSlw9fzJYAuJqECLORHdoGLYpQdwnGNysYbsbpPcX1s448mBIlKoXnRz3cX4kWM7HQlEmNjEro2N5WYJxJ3D7ZU%2BFfUYTPQn7NyNQZK"}],"group":"cf-nel","max_age":604800}', 'NEL': '{"success_fraction":0,"report_to":"cf-nel","max_age":604800}', 'Server': 'cloudflare', 'CF-RAY': '890df70c9ad20837-IAD', 'alt-svc': 'h3=":443"; ma=86400'} 
 body={"results":[{"gender":"female","name":{"title":"Miss","first":"Vicki","last":"Lord"},"location":{"street":{"number":5739,"name":"Oaks Cross"},"city":"Sheffield","state":"Cumbria","country":"United Kingdom","postcode":"R4 9RN","coordinates":{"latitude":"-11.9639","longitude":"74.7965"},"timezone":{"offset":"+4:30","description":"Kabul"}},"email":"vicki.lord@example.com","login":{"uuid":"f84a98c3-ee22-47d2-a910-6f7c2395f6a1","username":"angrygorilla967","password":"avalanch","salt":"4jkEZj7I","md5":"909e74d8ab23d2c6804d708f0564862b","sha1":"42cd31b3f766636063e73a5823cce441e48cd8f4","sha256":"258ba283396ca15653c011a13e4fa4d0937c78cf79dedbe5c4f305b6a6f58af6"},"dob":{"date":"1970-08-01T01:58:31.075Z","age":53},"registered":{"date":"2017-10-04T13:00:39.855Z","age":6},"phone":"029 4093 1570","cell":"07065 382777","id":{"name":"NINO","value":"WK 03 43 12 I"},"picture":{"large":"https://randomuser.me/api/portraits/women/13.jpg","medium":"https://randomuser.me/api/portraits/med/women/13.jpg","thumbnail":"https://randomuser.me/api/portraits/thumb/women/13.jpg"},"nat":"GB"}],"info":{"seed":"0423d99a5ea13048","results":1,"page":1,"version":"1.4"}} 
 </msg>
<msg time="2024-06-09T03:16:48.797170" level="INFO">/opt/hostedtoolcache/Python/3.12.3/x64/lib/python3.12/site-packages/urllib3/connectionpool.py:1103: InsecureRequestWarning: Unverified HTTPS request is being made to host 'randomuser.me'. Adding certificate verification is strongly advised. See: https://urllib3.readthedocs.io/en/latest/advanced-usage.html#tls-warnings
  warnings.warn(</msg>
<msg time="2024-06-09T03:16:48.797251" level="INFO">${response} = &lt;Response [200]&gt;</msg>
<var>${response}</var>
<arg>consultarAPI</arg>
<arg>/api</arg>
<doc>Sends a GET request on a previously created HTTP Session.</doc>
<status status="PASS" start="2024-06-09T03:16:48.729769" elapsed="0.067505"/>
</kw>
<kw name="Set Variable" owner="BuiltIn">
<msg time="2024-06-09T03:16:48.798121" level="INFO">${json_data} = {'results': [{'gender': 'female', 'name': {'title': 'Miss', 'first': 'Vicki', 'last': 'Lord'}, 'location': {'street': {'number': 5739, 'name': 'Oaks Cross'}, 'city': 'Sheffield', 'state': 'Cumbria', '...</msg>
<var>${json_data}</var>
<arg>${response.json()}</arg>
<doc>Returns the given values which can then be assigned to a variables.</doc>
<status status="PASS" start="2024-06-09T03:16:48.797681" elapsed="0.000473"/>
</kw>
<kw name="Log" owner="BuiltIn">
<msg time="2024-06-09T03:16:48.798613" level="INFO">{'results': [{'gender': 'female', 'name': {'title': 'Miss', 'first': 'Vicki', 'last': 'Lord'}, 'location': {'street': {'number': 5739, 'name': 'Oaks Cross'}, 'city': 'Sheffield', 'state': 'Cumbria', 'country': 'United Kingdom', 'postcode': 'R4 9RN', 'coordinates': {'latitude': '-11.9639', 'longitude': '74.7965'}, 'timezone': {'offset': '+4:30', 'description': 'Kabul'}}, 'email': 'vicki.lord@example.com', 'login': {'uuid': 'f84a98c3-ee22-47d2-a910-6f7c2395f6a1', 'username': 'angrygorilla967', 'password': 'avalanch', 'salt': '4jkEZj7I', 'md5': '909e74d8ab23d2c6804d708f0564862b', 'sha1': '42cd31b3f766636063e73a5823cce441e48cd8f4', 'sha256': '258ba283396ca15653c011a13e4fa4d0937c78cf79dedbe5c4f305b6a6f58af6'}, 'dob': {'date': '1970-08-01T01:58:31.075Z', 'age': 53}, 'registered': {'date': '2017-10-04T13:00:39.855Z', 'age': 6}, 'phone': '029 4093 1570', 'cell': '07065 382777', 'id': {'name': 'NINO', 'value': 'WK 03 43 12 I'}, 'picture': {'large': 'https://randomuser.me/api/portraits/women/13.jpg', 'medium': 'https://randomuser.me/api/portraits/med/women/13.jpg', 'thumbnail': 'https://randomuser.me/api/portraits/thumb/women/13.jpg'}, 'nat': 'GB'}], 'info': {'seed': '0423d99a5ea13048', 'results': 1, 'page': 1, 'version': '1.4'}}</msg>
<arg>${json_data}</arg>
<doc>Logs the given message with the given level.</doc>
<status status="PASS" start="2024-06-09T03:16:48.798461" elapsed="0.000229"/>
</kw>
<kw name="Should Be String" owner="String">
<arg>${json_data['results'][0]['gender']}</arg>
<doc>Fails if the given ``item`` is not a string.</doc>
<status status="PASS" start="2024-06-09T03:16:48.798994" elapsed="0.000355"/>
</kw>
<kw name="Should Match Regexp" owner="BuiltIn">
<arg>${json_data['results'][0]['email']}</arg>
<arg>^[a-zA-Z0-9._%+-]+@[a-zA-Z0-9.-]+\.[a-zA-Z]{2,}$</arg>
<doc>Fails if ``string`` does not match ``pattern`` as a regular expression.</doc>
<status status="PASS" start="2024-06-09T03:16:48.799538" elapsed="0.000617"/>
</kw>
<kw name="Should Match Regexp" owner="BuiltIn">
<arg>${json_data['results'][0]['dob']['date']}</arg>
<arg>\\d{4}-\\d{2}-\\d{2}T\\d{2}:\\d{2}:\\d{2}\\.\\d{3}Z</arg>
<doc>Fails if ``string`` does not match ``pattern`` as a regular expression.</doc>
<status status="PASS" start="2024-06-09T03:16:48.800352" elapsed="0.000483"/>
</kw>
<kw name="Should Match Regexp" owner="BuiltIn">
<arg>${json_data['results'][0]['registered']['date']}</arg>
<arg>\\d{4}-\\d{2}-\\d{2}T\\d{2}:\\d{2}:\\d{2}\\.\\d{3}Z</arg>
<doc>Fails if ``string`` does not match ``pattern`` as a regular expression.</doc>
<status status="PASS" start="2024-06-09T03:16:48.801027" elapsed="0.000366"/>
</kw>
<kw name="Should Match Regexp" owner="BuiltIn">
<arg>${json_data['results'][0]['picture']['large']}</arg>
<arg>^https?://.*\.(?:png|jpe?g|gif|bmp)$</arg>
<doc>Fails if ``string`` does not match ``pattern`` as a regular expression.</doc>
<status status="PASS" start="2024-06-09T03:16:48.801632" elapsed="0.000462"/>
</kw>
<kw name="Should Match Regexp" owner="BuiltIn">
<arg>${json_data['results'][0]['picture']['medium']}</arg>
<arg>^https?://.*\.(?:png|jpe?g|gif|bmp)$</arg>
<doc>Fails if ``string`` does not match ``pattern`` as a regular expression.</doc>
<status status="PASS" start="2024-06-09T03:16:48.802282" elapsed="0.000348"/>
</kw>
<kw name="Should Match Regexp" owner="BuiltIn">
<arg>${json_data['results'][0]['picture']['thumbnail']}</arg>
<arg>^https?://.*\.(?:png|jpe?g|gif|bmp)$</arg>
<doc>Fails if ``string`` does not match ``pattern`` as a regular expression.</doc>
<status status="PASS" start="2024-06-09T03:16:48.802817" elapsed="0.000355"/>
</kw>
<kw name="Log" owner="BuiltIn">
<msg time="2024-06-09T03:16:48.803677" level="INFO">{'large': 'https://randomuser.me/api/portraits/women/13.jpg', 'medium': 'https://randomuser.me/api/portraits/med/women/13.jpg', 'thumbnail': 'https://randomuser.me/api/portraits/thumb/women/13.jpg'}</msg>
<arg>${json_data['results'][0]['picture']}</arg>
<doc>Logs the given message with the given level.</doc>
<status status="PASS" start="2024-06-09T03:16:48.803356" elapsed="0.000363"/>
</kw>
<status status="PASS" start="2024-06-09T03:16:48.729539" elapsed="0.074452"/>
</kw>
<kw name="Teste de Tipos de Dados - Postcode" owner="random-user-service">
<kw name="GET On Session" owner="RequestsLibrary">
<msg time="2024-06-09T03:16:48.900047" level="INFO">GET Request : url=https://randomuser.me/api 
 path_url=/api 
 headers={'User-Agent': 'python-requests/2.32.3', 'Accept-Encoding': 'gzip, deflate', 'Accept': '*/*', 'Connection': 'keep-alive'} 
 body=None 
 </msg>
<msg time="2024-06-09T03:16:48.900109" level="INFO">GET Response : url=https://randomuser.me/api 
 status=200, reason=OK 
 headers={'Date': 'Sun, 09 Jun 2024 03:16:48 GMT', 'Content-Type': 'application/json; charset=utf-8', 'Transfer-Encoding': 'chunked', 'Connection': 'keep-alive', 'X-Powered-By': 'Express', 'Access-Control-Allow-Origin': '*', 'Cache-Control': 'no-cache', 'ETag': 'W/"4a3-ciZSOF/np7JidxGOuhxD1JPhBI0"', 'Vary': 'Accept-Encoding', 'Content-Encoding': 'gzip', 'CF-Cache-Status': 'DYNAMIC', 'Report-To': '{"endpoints":[{"url":"https:\\/\\/a.nel.cloudflare.com\\/report\\/v4?s=RflP0TEXcWN1o18kQ9gDkxbWYgyuW1CD1GMdj4cyKYgmBeCqWRtAK13S9yURP9OKUtPFqQ%2BWRSrwJfWYjBi4owwV94iwCP2frqA9Awm65ljS5Fen6xhGBcUA2aw9WIkI"}],"group":"cf-nel","max_age":604800}', 'NEL': '{"success_fraction":0,"report_to":"cf-nel","max_age":604800}', 'Server': 'cloudflare', 'CF-RAY': '890df70d0b660837-IAD', 'alt-svc': 'h3=":443"; ma=86400'} 
 body={"results":[{"gender":"male","name":{"title":"Monsieur","first":"Pius","last":"Fournier"},"location":{"street":{"number":6221,"name":"Rue Gasparin"},"city":"Curtilles","state":"Aargau","country":"Switzerland","postcode":7193,"coordinates":{"latitude":"-59.2344","longitude":"-139.5709"},"timezone":{"offset":"+5:00","description":"Ekaterinburg, Islamabad, Karachi, Tashkent"}},"email":"pius.fournier@example.com","login":{"uuid":"c5a9e306-234e-4205-8492-616fb752eda3","username":"organiccat439","password":"downer","salt":"inr6jbtc","md5":"f5ac8e7ed292da5723f0c9c08e97601f","sha1":"6a6c0ba2b35e0a9322b0779e4b28ffbd98802261","sha256":"0de061d5c020ab1e82bf11c5435374b0ee2fb2bd9a264fde7ce3cc7db46d3187"},"dob":{"date":"1951-03-12T09:06:40.183Z","age":73},"registered":{"date":"2010-07-14T08:20:37.771Z","age":13},"phone":"077 319 86 12","cell":"076 548 83 70","id":{"name":"AVS","value":"756.3133.5453.58"},"picture":{"large":"https://randomuser.me/api/portraits/men/99.jpg","medium":"https://randomuser.me/api/portraits/med/men/99.jpg","thumbnail":"https://randomuser.me/api/portraits/thumb/men/99.jpg"},"nat":"CH"}],"info":{"seed":"15eb4dd90a801e4c","results":1,"page":1,"version":"1.4"}} 
 </msg>
<msg time="2024-06-09T03:16:48.900166" level="INFO">/opt/hostedtoolcache/Python/3.12.3/x64/lib/python3.12/site-packages/urllib3/connectionpool.py:1103: InsecureRequestWarning: Unverified HTTPS request is being made to host 'randomuser.me'. Adding certificate verification is strongly advised. See: https://urllib3.readthedocs.io/en/latest/advanced-usage.html#tls-warnings
  warnings.warn(</msg>
<msg time="2024-06-09T03:16:48.900250" level="INFO">${response} = &lt;Response [200]&gt;</msg>
<var>${response}</var>
<arg>consultarAPI</arg>
<arg>/api</arg>
<doc>Sends a GET request on a previously created HTTP Session.</doc>
<status status="PASS" start="2024-06-09T03:16:48.804417" elapsed="0.095856"/>
</kw>
<kw name="Set Variable" owner="BuiltIn">
<msg time="2024-06-09T03:16:48.901119" level="INFO">${json_data} = {'results': [{'gender': 'male', 'name': {'title': 'Monsieur', 'first': 'Pius', 'last': 'Fournier'}, 'location': {'street': {'number': 6221, 'name': 'Rue Gasparin'}, 'city': 'Curtilles', 'state': 'Aarg...</msg>
<var>${json_data}</var>
<arg>${response.json()}</arg>
<doc>Returns the given values which can then be assigned to a variables.</doc>
<status status="PASS" start="2024-06-09T03:16:48.900667" elapsed="0.000482"/>
</kw>
<kw name="Log" owner="BuiltIn">
<msg time="2024-06-09T03:16:48.901649" level="INFO">{'results': [{'gender': 'male', 'name': {'title': 'Monsieur', 'first': 'Pius', 'last': 'Fournier'}, 'location': {'street': {'number': 6221, 'name': 'Rue Gasparin'}, 'city': 'Curtilles', 'state': 'Aargau', 'country': 'Switzerland', 'postcode': 7193, 'coordinates': {'latitude': '-59.2344', 'longitude': '-139.5709'}, 'timezone': {'offset': '+5:00', 'description': 'Ekaterinburg, Islamabad, Karachi, Tashkent'}}, 'email': 'pius.fournier@example.com', 'login': {'uuid': 'c5a9e306-234e-4205-8492-616fb752eda3', 'username': 'organiccat439', 'password': 'downer', 'salt': 'inr6jbtc', 'md5': 'f5ac8e7ed292da5723f0c9c08e97601f', 'sha1': '6a6c0ba2b35e0a9322b0779e4b28ffbd98802261', 'sha256': '0de061d5c020ab1e82bf11c5435374b0ee2fb2bd9a264fde7ce3cc7db46d3187'}, 'dob': {'date': '1951-03-12T09:06:40.183Z', 'age': 73}, 'registered': {'date': '2010-07-14T08:20:37.771Z', 'age': 13}, 'phone': '077 319 86 12', 'cell': '076 548 83 70', 'id': {'name': 'AVS', 'value': '756.3133.5453.58'}, 'picture': {'large': 'https://randomuser.me/api/portraits/men/99.jpg', 'medium': 'https://randomuser.me/api/portraits/med/men/99.jpg', 'thumbnail': 'https://randomuser.me/api/portraits/thumb/men/99.jpg'}, 'nat': 'CH'}], 'info': {'seed': '15eb4dd90a801e4c', 'results': 1, 'page': 1, 'version': '1.4'}}</msg>
<arg>${json_data}</arg>
<doc>Logs the given message with the given level.</doc>
<status status="PASS" start="2024-06-09T03:16:48.901457" elapsed="0.000269"/>
</kw>
<kw name="Should Be Equal As Numbers" owner="BuiltIn">
<arg>${json_data['results'][0]['location']['postcode']}</arg>
<arg>${json_data['results'][0]['location']['postcode']}</arg>
<doc>Fails if objects are unequal after converting them to real numbers.</doc>
<status status="PASS" start="2024-06-09T03:16:48.902028" elapsed="0.000619"/>
</kw>
<kw name="Log" owner="BuiltIn">
<msg time="2024-06-09T03:16:48.903177" level="INFO">7193</msg>
<arg>${json_data['results'][0]['location']['postcode']}</arg>
<doc>Logs the given message with the given level.</doc>
<status status="PASS" start="2024-06-09T03:16:48.902840" elapsed="0.000377"/>
</kw>
<status status="PASS" start="2024-06-09T03:16:48.804200" elapsed="0.099269"/>
</kw>
<doc>Testa se os tipos de dados na resposta da API estão corretos.</doc>
<tag>testeTiposDados</tag>
<status status="PASS" start="2024-06-09T03:16:48.729046" elapsed="0.174581"/>
</test>
<test id="s1-s1-t5" name="Validar conteudo" line="35">
<kw name="Teste de Tipos de Conteudo" owner="random-user-service">
<kw name="GET On Session" owner="RequestsLibrary">
<msg time="2024-06-09T03:16:48.996423" level="INFO">GET Request : url=https://randomuser.me/api 
 path_url=/api 
 headers={'User-Agent': 'python-requests/2.32.3', 'Accept-Encoding': 'gzip, deflate', 'Accept': '*/*', 'Connection': 'keep-alive'} 
 body=None 
 </msg>
<msg time="2024-06-09T03:16:48.996496" level="INFO">GET Response : url=https://randomuser.me/api 
 status=200, reason=OK 
 headers={'Date': 'Sun, 09 Jun 2024 03:16:48 GMT', 'Content-Type': 'application/json; charset=utf-8', 'Transfer-Encoding': 'chunked', 'Connection': 'keep-alive', 'X-Powered-By': 'Express', 'Access-Control-Allow-Origin': '*', 'Cache-Control': 'no-cache', 'ETag': 'W/"480-UJlLbqJbOB/hcuomKIhfX00xnJ8"', 'Vary': 'Accept-Encoding', 'Content-Encoding': 'gzip', 'CF-Cache-Status': 'DYNAMIC', 'Report-To': '{"endpoints":[{"url":"https:\\/\\/a.nel.cloudflare.com\\/report\\/v4?s=rdThX7yL4nGIeCW7QavR%2BukUS0THzVRcPdGY%2BIi%2FWHf8%2FgMXdhxq2BIhQ9KHf2mXMkczUtWF65mgLEkxyGE%2Bes5SWTxMbHNczIqGDpB%2BWc6iQL1wkleTMNlE0ifEqL6n"}],"group":"cf-nel","max_age":604800}', 'NEL': '{"success_fraction":0,"report_to":"cf-nel","max_age":604800}', 'Server': 'cloudflare', 'CF-RAY': '890df70dac1b0837-IAD', 'alt-svc': 'h3=":443"; ma=86400'} 
 body={"results":[{"gender":"male","name":{"title":"Mr","first":"Malthe","last":"Christensen"},"location":{"street":{"number":5031,"name":"Bøgebakken"},"city":"Hammel","state":"Nordjylland","country":"Denmark","postcode":15874,"coordinates":{"latitude":"-39.7560","longitude":"-151.6211"},"timezone":{"offset":"-12:00","description":"Eniwetok, Kwajalein"}},"email":"malthe.christensen@example.com","login":{"uuid":"81081481-8d03-404d-8424-eccc38ee7dff","username":"blackfrog929","password":"contains","salt":"FZaodr2d","md5":"790eb37cac35a4af5ea0832148633426","sha1":"3d8114b273c2264ccfcd82dc759b464958e1ecb0","sha256":"a7390b656c7d10006a7e224eedd33707b1e6d3916b244fd847266b254fa8029c"},"dob":{"date":"1987-12-13T09:35:33.716Z","age":36},"registered":{"date":"2017-07-29T05:08:27.157Z","age":6},"phone":"15994899","cell":"63862484","id":{"name":"CPR","value":"131287-2966"},"picture":{"large":"https://randomuser.me/api/portraits/men/76.jpg","medium":"https://randomuser.me/api/portraits/med/men/76.jpg","thumbnail":"https://randomuser.me/api/portraits/thumb/men/76.jpg"},"nat":"DK"}],"info":{"seed":"d10a170cf655ceb7","results":1,"page":1,"version":"1.4"}} 
 </msg>
<msg time="2024-06-09T03:16:48.996557" level="INFO">/opt/hostedtoolcache/Python/3.12.3/x64/lib/python3.12/site-packages/urllib3/connectionpool.py:1103: InsecureRequestWarning: Unverified HTTPS request is being made to host 'randomuser.me'. Adding certificate verification is strongly advised. See: https://urllib3.readthedocs.io/en/latest/advanced-usage.html#tls-warnings
  warnings.warn(</msg>
<msg time="2024-06-09T03:16:48.996647" level="INFO">${response} = &lt;Response [200]&gt;</msg>
<var>${response}</var>
<arg>consultarAPI</arg>
<arg>/api</arg>
<doc>Sends a GET request on a previously created HTTP Session.</doc>
<status status="PASS" start="2024-06-09T03:16:48.906010" elapsed="0.090662"/>
</kw>
<kw name="Set Variable" owner="BuiltIn">
<msg time="2024-06-09T03:16:48.997556" level="INFO">${json_data} = {'results': [{'gender': 'male', 'name': {'title': 'Mr', 'first': 'Malthe', 'last': 'Christensen'}, 'location': {'street': {'number': 5031, 'name': 'Bøgebakken'}, 'city': 'Hammel', 'state': 'Nordjyllan...</msg>
<var>${json_data}</var>
<arg>${response.json()}</arg>
<doc>Returns the given values which can then be assigned to a variables.</doc>
<status status="PASS" start="2024-06-09T03:16:48.997055" elapsed="0.000540"/>
</kw>
<kw name="Set Variable" owner="BuiltIn">
<msg time="2024-06-09T03:16:48.998284" level="INFO">${name_title} = Mr</msg>
<var>${name_title}</var>
<arg>${json_data["results"][0]["name"]["title"]}</arg>
<doc>Returns the given values which can then be assigned to a variables.</doc>
<status status="PASS" start="2024-06-09T03:16:48.997906" elapsed="0.000402"/>
</kw>
<kw name="Create List" owner="BuiltIn">
<msg time="2024-06-09T03:16:48.998754" level="INFO">${allowed_titles} = ['Mr', 'Ms', 'Miss', 'Mrs', 'Madame', 'Monsieur']</msg>
<var>${allowed_titles}</var>
<arg>Mr</arg>
<arg>Ms</arg>
<arg>Miss</arg>
<arg>Mrs</arg>
<arg>Madame</arg>
<arg>Monsieur</arg>
<doc>Returns a list containing given items.</doc>
<status status="PASS" start="2024-06-09T03:16:48.998607" elapsed="0.000170"/>
</kw>
<kw name="List Should Contain Value" owner="Collections">
<msg time="2024-06-09T03:16:48.999247" level="INFO">False</msg>
<arg>${allowed_titles}</arg>
<arg>${name_title}</arg>
<doc>Fails if the ``value`` is not found from ``list``.</doc>
<status status="PASS" start="2024-06-09T03:16:48.999080" elapsed="0.000203"/>
</kw>
<kw name="Set Variable" owner="BuiltIn">
<msg time="2024-06-09T03:16:49.000079" level="INFO">${name_country} = DK</msg>
<var>${name_country}</var>
<arg>${json_data["results"][0]["nat"]}</arg>
<doc>Returns the given values which can then be assigned to a variables.</doc>
<status status="PASS" start="2024-06-09T03:16:48.999577" elapsed="0.000528"/>
</kw>
<kw name="Create List" owner="BuiltIn">
<msg time="2024-06-09T03:16:49.001010" level="INFO">${list_country} = ['AD', 'AE', 'AF', 'AG', 'AI', 'AL', 'AM', 'AO', 'AQ', 'AR', 'AS', 'AT', 'AU', 'AW', 'AX', 'AZ', 'BA', 'BB', 'BD', 'BE', 'BF', 'BG', 'BH', 'BI', 'BJ', 'BL', 'BM', 'BN', 'BO', 'BQ', 'BR', 'BS', 'BT', '...</msg>
<var>${list_country}</var>
<arg>AD</arg>
<arg>AE</arg>
<arg>AF</arg>
<arg>AG</arg>
<arg>AI</arg>
<arg>AL</arg>
<arg>AM</arg>
<arg>AO</arg>
<arg>AQ</arg>
<arg>AR</arg>
<arg>AS</arg>
<arg>AT</arg>
<arg>AU</arg>
<arg>AW</arg>
<arg>AX</arg>
<arg>AZ</arg>
<arg>BA</arg>
<arg>BB</arg>
<arg>BD</arg>
<arg>BE</arg>
<arg>BF</arg>
<arg>BG</arg>
<arg>BH</arg>
<arg>BI</arg>
<arg>BJ</arg>
<arg>BL</arg>
<arg>BM</arg>
<arg>BN</arg>
<arg>BO</arg>
<arg>BQ</arg>
<arg>BR</arg>
<arg>BS</arg>
<arg>BT</arg>
<arg>BV</arg>
<arg>BW</arg>
<arg>BY</arg>
<arg>BZ</arg>
<arg>CA</arg>
<arg>CC</arg>
<arg>CD</arg>
<arg>CF</arg>
<arg>CG</arg>
<arg>CH</arg>
<arg>CI</arg>
<arg>CK</arg>
<arg>CL</arg>
<arg>CM</arg>
<arg>CN</arg>
<arg>CO</arg>
<arg>CR</arg>
<arg>CU</arg>
<arg>CV</arg>
<arg>CW</arg>
<arg>CX</arg>
<arg>CY</arg>
<arg>CZ</arg>
<arg>DE</arg>
<arg>DJ</arg>
<arg>DK</arg>
<arg>DM</arg>
<arg>DO</arg>
<arg>DZ</arg>
<arg>EC</arg>
<arg>EE</arg>
<arg>EG</arg>
<arg>EH</arg>
<arg>ER</arg>
<arg>ES</arg>
<arg>ET</arg>
<arg>FI</arg>
<arg>FJ</arg>
<arg>FK</arg>
<arg>FM</arg>
<arg>FO</arg>
<arg>FR</arg>
<arg>GA</arg>
<arg>GB</arg>
<arg>GD</arg>
<arg>GE</arg>
<arg>GF</arg>
<arg>GG</arg>
<arg>GH</arg>
<arg>GI</arg>
<arg>GL</arg>
<arg>GM</arg>
<arg>GN</arg>
<arg>GP</arg>
<arg>GQ</arg>
<arg>GR</arg>
<arg>GS</arg>
<arg>GT</arg>
<arg>GU</arg>
<arg>GW</arg>
<arg>GY</arg>
<arg>HK</arg>
<arg>HM</arg>
<arg>HN</arg>
<arg>HR</arg>
<arg>HT</arg>
<arg>HU</arg>
<arg>ID</arg>
<arg>IE</arg>
<arg>IL</arg>
<arg>IM</arg>
<arg>IN</arg>
<arg>IO</arg>
<arg>IQ</arg>
<arg>IR</arg>
<arg>IS</arg>
<arg>IT</arg>
<arg>JE</arg>
<arg>JM</arg>
<arg>JO</arg>
<arg>JP</arg>
<arg>KE</arg>
<arg>KG</arg>
<arg>KH</arg>
<arg>KI</arg>
<arg>KM</arg>
<arg>KN</arg>
<arg>KP</arg>
<arg>KR</arg>
<arg>KW</arg>
<arg>KY</arg>
<arg>KZ</arg>
<arg>LA</arg>
<arg>LB</arg>
<arg>LC</arg>
<arg>LI</arg>
<arg>LK</arg>
<arg>LR</arg>
<arg>LS</arg>
<arg>LT</arg>
<arg>LU</arg>
<arg>LV</arg>
<arg>LY</arg>
<arg>MA</arg>
<arg>MC</arg>
<arg>MD</arg>
<arg>ME</arg>
<arg>MF</arg>
<arg>MG</arg>
<arg>MH</arg>
<arg>MK</arg>
<arg>ML</arg>
<arg>MM</arg>
<arg>MN</arg>
<arg>MO</arg>
<arg>MP</arg>
<arg>MQ</arg>
<arg>MR</arg>
<arg>MS</arg>
<arg>MT</arg>
<arg>MU</arg>
<arg>MV</arg>
<arg>MW</arg>
<arg>MX</arg>
<arg>MY</arg>
<arg>MZ</arg>
<arg>NA</arg>
<arg>NC</arg>
<arg>NE</arg>
<arg>NF</arg>
<arg>NG</arg>
<arg>NI</arg>
<arg>NL</arg>
<arg>NO</arg>
<arg>NP</arg>
<arg>NR</arg>
<arg>NU</arg>
<arg>NZ</arg>
<arg>OM</arg>
<arg>PA</arg>
<arg>PE</arg>
<arg>PF</arg>
<arg>PG</arg>
<arg>PH</arg>
<arg>PK</arg>
<arg>PL</arg>
<arg>PM</arg>
<arg>PN</arg>
<arg>PR</arg>
<arg>PS</arg>
<arg>PT</arg>
<arg>PW</arg>
<arg>PY</arg>
<arg>QA</arg>
<arg>RE</arg>
<arg>RO</arg>
<arg>RS</arg>
<arg>RU</arg>
<arg>RW</arg>
<arg>SA</arg>
<arg>SB</arg>
<arg>SC</arg>
<arg>SD</arg>
<arg>SE</arg>
<arg>SG</arg>
<arg>SH</arg>
<arg>SI</arg>
<arg>SJ</arg>
<arg>SK</arg>
<arg>SL</arg>
<arg>SM</arg>
<arg>SN</arg>
<arg>SO</arg>
<arg>SR</arg>
<arg>SS</arg>
<arg>ST</arg>
<arg>SV</arg>
<arg>SX</arg>
<arg>SY</arg>
<arg>SZ</arg>
<arg>TC</arg>
<arg>TD</arg>
<arg>TF</arg>
<arg>TG</arg>
<arg>TH</arg>
<arg>TJ</arg>
<arg>TK</arg>
<arg>TL</arg>
<arg>TM</arg>
<arg>TN</arg>
<arg>TO</arg>
<arg>TR</arg>
<arg>TT</arg>
<arg>TV</arg>
<arg>TW</arg>
<arg>TZ</arg>
<arg>UA</arg>
<arg>UG</arg>
<arg>UM</arg>
<arg>US</arg>
<arg>UY</arg>
<arg>UZ</arg>
<arg>VA</arg>
<arg>VC</arg>
<arg>VE</arg>
<arg>VG</arg>
<arg>VI</arg>
<arg>VN</arg>
<arg>VU</arg>
<arg>WF</arg>
<arg>WS</arg>
<arg>XK</arg>
<arg>YE</arg>
<arg>YT</arg>
<arg>ZA</arg>
<arg>ZM</arg>
<arg>ZW</arg>
<doc>Returns a list containing given items.</doc>
<status status="PASS" start="2024-06-09T03:16:49.000414" elapsed="0.000622"/>
</kw>
<kw name="List Should Contain Value" owner="Collections">
<msg time="2024-06-09T03:16:49.002061" level="INFO">False</msg>
<arg>${list_country}</arg>
<arg>${name_country}</arg>
<doc>Fails if the ``value`` is not found from ``list``.</doc>
<status status="PASS" start="2024-06-09T03:16:49.001850" elapsed="0.000247"/>
</kw>
<kw name="Run Keyword If" owner="BuiltIn">
<kw name="Should Be True" owner="BuiltIn">
<arg>${True}</arg>
<doc>Fails if the given condition is not true.</doc>
<status status="PASS" start="2024-06-09T03:16:49.003153" elapsed="0.000142"/>
</kw>
<arg>${json_data["results"][0]["location"]["coordinates"]["latitude"]} &gt;= -90 and ${json_data["results"][0]["location"]["coordinates"]["latitude"]} &lt;= 90</arg>
<arg>Should Be True</arg>
<arg>${True}</arg>
<doc>Runs the given keyword with the given arguments, if ``condition`` is true.</doc>
<status status="PASS" start="2024-06-09T03:16:49.002412" elapsed="0.001010"/>
</kw>
<kw name="Run Keyword If" owner="BuiltIn">
<kw name="Should Be True" owner="BuiltIn">
<arg>${True}</arg>
<doc>Fails if the given condition is not true.</doc>
<status status="PASS" start="2024-06-09T03:16:49.004303" elapsed="0.000135"/>
</kw>
<arg>${json_data["results"][0]["location"]["coordinates"]["longitude"]} &gt;= -180 and ${json_data["results"][0]["location"]["coordinates"]["longitude"]} &lt;= 180</arg>
<arg>Should Be True</arg>
<arg>${True}</arg>
<doc>Runs the given keyword with the given arguments, if ``condition`` is true.</doc>
<status status="PASS" start="2024-06-09T03:16:49.003614" elapsed="0.000946"/>
</kw>
<status status="PASS" start="2024-06-09T03:16:48.905784" elapsed="0.098903"/>
</kw>
<doc>Testa o conteúdo específico dos campos retornados pela API.</doc>
<tag>testeConteudo</tag>
<status status="PASS" start="2024-06-09T03:16:48.905335" elapsed="0.099492"/>
</test>
<status status="PASS" start="2024-06-09T03:16:48.073133" elapsed="0.933568"/>
</suite>
<status status="PASS" start="2024-06-09T03:16:48.059842" elapsed="0.951963"/>
</suite>
<statistics>
<total>
<stat pass="5" fail="0" skip="0">All Tests</stat>
</total>
<tag>
<stat pass="1" fail="0" skip="0">testeConteudo</stat>
<stat pass="1" fail="0" skip="0">testeEstruturaResposta</stat>
<stat pass="1" fail="0" skip="0">testeRequisicaoBasica</stat>
<stat pass="1" fail="0" skip="0">testeTiposDados</stat>
</tag>
<suite>
<stat pass="5" fail="0" skip="0" id="s1" name="Tests">Tests</stat>
<stat pass="5" fail="0" skip="0" id="s1-s1" name="Random-User-Test">Tests.Random-User-Test</stat>
</suite>
</statistics>
<errors>
</errors>
</robot>
