<?xml version="1.0" encoding="UTF-8"?>
<robot generator="Robot 7.0.1 (Python 3.12.4 on linux)" generated="2024-06-29T03:17:29.389537" rpa="false" schemaversion="5">
<suite id="s1" name="Tests" source="/home/runner/work/ApiRandomUser/ApiRandomUser/RamdonUser/tests">
<suite id="s1-s1" name="Random-User-Test" source="/home/runner/work/ApiRandomUser/ApiRandomUser/RamdonUser/tests/random-user-test.robot">
<test id="s1-s1-t1" name="Conectar" line="13">
<kw name="Conectar API" owner="random-user-service">
<kw name="Create Session" owner="RequestsLibrary">
<msg time="2024-06-29T03:17:29.786919" level="INFO">Creating Session using : alias=consultarAPI, url=https://randomuser.me/, headers={},                     cookies={}, auth=None, timeout=None, proxies=None, verify=False,                     debug=0 </msg>
<arg>consultarAPI</arg>
<arg>${URL}</arg>
<doc>Create Session: create a HTTP session to a server</doc>
<status status="PASS" start="2024-06-29T03:17:29.786700" elapsed="0.000416"/>
</kw>
<status status="PASS" start="2024-06-29T03:17:29.785659" elapsed="0.001835"/>
</kw>
<status status="PASS" start="2024-06-29T03:17:29.785084" elapsed="0.002605"/>
</test>
<test id="s1-s1-t2" name="Validar retorno 200 e JSON Válido" line="16">
<kw name="Teste de Requisicao Basica" owner="random-user-service">
<kw name="GET On Session" owner="RequestsLibrary">
<msg time="2024-06-29T03:17:29.983997" level="INFO">GET Request : url=https://randomuser.me/api 
 path_url=/api 
 headers={'User-Agent': 'python-requests/2.32.3', 'Accept-Encoding': 'gzip, deflate', 'Accept': '*/*', 'Connection': 'keep-alive'} 
 body=None 
 </msg>
<msg time="2024-06-29T03:17:29.984154" level="INFO">GET Response : url=https://randomuser.me/api 
 status=200, reason=OK 
 headers={'Date': 'Sat, 29 Jun 2024 03:17:29 GMT', 'Content-Type': 'application/json; charset=utf-8', 'Transfer-Encoding': 'chunked', 'Connection': 'keep-alive', 'X-Powered-By': 'Express', 'Access-Control-Allow-Origin': '*', 'Cache-Control': 'no-cache', 'ETag': 'W/"490-XsNfF3oBUqfRrqF5cAdp5EmZlRE"', 'Vary': 'Accept-Encoding', 'Content-Encoding': 'gzip', 'CF-Cache-Status': 'DYNAMIC', 'Report-To': '{"endpoints":[{"url":"https:\\/\\/a.nel.cloudflare.com\\/report\\/v4?s=IVAs79hfPv0keY4FAO%2Bw76maaSQpOfbmNpA7kLE5EwIvsD%2FXkuQ4YdVAwtreU5snw%2FVj5T7JymaE8pFs2bN5sPLCf41NLw8x3HGAAfx5%2FTjC13BdrbiYsL%2ByVoTaBnZg"}],"group":"cf-nel","max_age":604800}', 'NEL': '{"success_fraction":0,"report_to":"cf-nel","max_age":604800}', 'Server': 'cloudflare', 'CF-RAY': '89b2c38e1d6d13f5-ORD', 'alt-svc': 'h3=":443"; ma=86400'} 
 body={"results":[{"gender":"female","name":{"title":"Ms","first":"Anastasija","last":"Živadinović"},"location":{"street":{"number":7085,"name":"Jovana Andrejevića "},"city":"Pećinci","state":"Mačva","country":"Serbia","postcode":68913,"coordinates":{"latitude":"56.4513","longitude":"101.4979"},"timezone":{"offset":"-9:00","description":"Alaska"}},"email":"anastasija.zivadinovic@example.com","login":{"uuid":"0fe1b595-a59a-4332-981a-95c2b97fd71d","username":"purplemeercat429","password":"altima","salt":"wMQmnjLG","md5":"3008eaa7681a7c1afc445f035e615a32","sha1":"a0984085b369e7abc9cc0d1024287e849a7e41d3","sha256":"9dd6e8613147b02c464550ca13bff9180c102edbb30e366fc6c86f31bb258b2c"},"dob":{"date":"1989-12-27T07:22:04.286Z","age":34},"registered":{"date":"2005-01-15T16:19:44.462Z","age":19},"phone":"024-9840-837","cell":"066-9001-376","id":{"name":"SID","value":"045674475"},"picture":{"large":"https://randomuser.me/api/portraits/women/69.jpg","medium":"https://randomuser.me/api/portraits/med/women/69.jpg","thumbnail":"https://randomuser.me/api/portraits/thumb/women/69.jpg"},"nat":"RS"}],"info":{"seed":"21bb8a1f9a4edb65","results":1,"page":1,"version":"1.4"}} 
 </msg>
<msg time="2024-06-29T03:17:29.984242" level="INFO">/opt/hostedtoolcache/Python/3.12.4/x64/lib/python3.12/site-packages/urllib3/connectionpool.py:1099: InsecureRequestWarning: Unverified HTTPS request is being made to host 'randomuser.me'. Adding certificate verification is strongly advised. See: https://urllib3.readthedocs.io/en/latest/advanced-usage.html#tls-warnings
  warnings.warn(</msg>
<msg time="2024-06-29T03:17:29.984393" level="INFO">${response} = &lt;Response [200]&gt;</msg>
<var>${response}</var>
<arg>consultarAPI</arg>
<arg>/api</arg>
<doc>Sends a GET request on a previously created HTTP Session.</doc>
<status status="PASS" start="2024-06-29T03:17:29.790313" elapsed="0.194124"/>
</kw>
<kw name="Should Be Equal As Numbers" owner="BuiltIn">
<msg time="2024-06-29T03:17:29.985614" level="INFO">Argument types are:
&lt;class 'int'&gt;
&lt;class 'str'&gt;</msg>
<arg>${response.status_code}</arg>
<arg>200</arg>
<doc>Fails if objects are unequal after converting them to real numbers.</doc>
<status status="PASS" start="2024-06-29T03:17:29.985109" elapsed="0.000573"/>
</kw>
<kw name="Log" owner="BuiltIn">
<msg time="2024-06-29T03:17:29.986402" level="INFO">200</msg>
<arg>${response.status_code}</arg>
<doc>Logs the given message with the given level.</doc>
<status status="PASS" start="2024-06-29T03:17:29.986047" elapsed="0.000397"/>
</kw>
<kw name="Set Variable" owner="BuiltIn">
<msg time="2024-06-29T03:17:29.987188" level="INFO">${json_data} = {'results': [{'gender': 'female', 'name': {'title': 'Ms', 'first': 'Anastasija', 'last': 'Živadinović'}, 'location': {'street': {'number': 7085, 'name': 'Jovana Andrejevića '}, 'city': 'Pećinci', 'sta...</msg>
<var>${json_data}</var>
<arg>${response.json()}</arg>
<doc>Returns the given values which can then be assigned to a variables.</doc>
<status status="PASS" start="2024-06-29T03:17:29.986750" elapsed="0.000469"/>
</kw>
<kw name="Dictionary Should Contain Key" owner="Collections">
<arg>${json_data}</arg>
<arg>results</arg>
<doc>Fails if ``key`` is not found from ``dictionary``.</doc>
<status status="PASS" start="2024-06-29T03:17:29.987518" elapsed="0.000165"/>
</kw>
<status status="PASS" start="2024-06-29T03:17:29.790063" elapsed="0.197772"/>
</kw>
<doc>Testa se a API responde corretamente e retorna um objeto JSON válido.</doc>
<tag>testeRequisicaoBasica</tag>
<status status="PASS" start="2024-06-29T03:17:29.789563" elapsed="0.198451"/>
</test>
<test id="s1-s1-t3" name="Validar estrutura de resposta" line="22">
<kw name="Teste de Estrutura de Resposta" owner="random-user-service">
<kw name="GET On Session" owner="RequestsLibrary">
<msg time="2024-06-29T03:17:30.083124" level="INFO">GET Request : url=https://randomuser.me/api 
 path_url=/api 
 headers={'User-Agent': 'python-requests/2.32.3', 'Accept-Encoding': 'gzip, deflate', 'Accept': '*/*', 'Connection': 'keep-alive'} 
 body=None 
 </msg>
<msg time="2024-06-29T03:17:30.083231" level="INFO">GET Response : url=https://randomuser.me/api 
 status=200, reason=OK 
 headers={'Date': 'Sat, 29 Jun 2024 03:17:30 GMT', 'Content-Type': 'application/json; charset=utf-8', 'Transfer-Encoding': 'chunked', 'Connection': 'keep-alive', 'X-Powered-By': 'Express', 'Access-Control-Allow-Origin': '*', 'Cache-Control': 'no-cache', 'ETag': 'W/"492-2gieTZZqA7g3e0k1PzYRo03WPm8"', 'Vary': 'Accept-Encoding', 'Content-Encoding': 'gzip', 'CF-Cache-Status': 'DYNAMIC', 'Report-To': '{"endpoints":[{"url":"https:\\/\\/a.nel.cloudflare.com\\/report\\/v4?s=Ofs0jqAR%2F7rIPN6Fh0tRYBZM2ARkmW3V3uS%2F8D0ZY5yC3%2FCC1aEO%2BV8I4UMnbAX04KU3mQRdh5O5G2it1AGuWNoSz0tbRSqt3DebBaG7k99oRcOYsLDrakEwqrgO7OWd"}],"group":"cf-nel","max_age":604800}', 'NEL': '{"success_fraction":0,"report_to":"cf-nel","max_age":604800}', 'Server': 'cloudflare', 'CF-RAY': '89b2c38e7de213f5-ORD', 'alt-svc': 'h3=":443"; ma=86400'} 
 body={"results":[{"gender":"female","name":{"title":"Miss","first":"Helmi","last":"Peltonen"},"location":{"street":{"number":5100,"name":"Hatanpään Valtatie"},"city":"Lohja","state":"Päijät-Häme","country":"Finland","postcode":50344,"coordinates":{"latitude":"-21.7005","longitude":"86.8230"},"timezone":{"offset":"-3:30","description":"Newfoundland"}},"email":"helmi.peltonen@example.com","login":{"uuid":"4b458279-75dc-4eb9-8291-c8d07a4c373c","username":"bigpeacock576","password":"misfits","salt":"vZW4TJWl","md5":"1b75aeabd67bcaf56c5a8f04bdde78a2","sha1":"679809008b602fe7a15604d7488b6e0069d0c4fc","sha256":"4fb4a092c874c60045d9dd75be8ec9f9d2f22261be56ed3045681908c7ff6236"},"dob":{"date":"1991-10-17T14:19:37.986Z","age":32},"registered":{"date":"2002-11-28T16:00:14.878Z","age":21},"phone":"07-372-418","cell":"045-323-48-18","id":{"name":"HETU","value":"NaNNA730undefined"},"picture":{"large":"https://randomuser.me/api/portraits/women/45.jpg","medium":"https://randomuser.me/api/portraits/med/women/45.jpg","thumbnail":"https://randomuser.me/api/portraits/thumb/women/45.jpg"},"nat":"FI"}],"info":{"seed":"5aa8566b8cc43672","results":1,"page":1,"version":"1.4"}} 
 </msg>
<msg time="2024-06-29T03:17:30.083376" level="INFO">/opt/hostedtoolcache/Python/3.12.4/x64/lib/python3.12/site-packages/urllib3/connectionpool.py:1099: InsecureRequestWarning: Unverified HTTPS request is being made to host 'randomuser.me'. Adding certificate verification is strongly advised. See: https://urllib3.readthedocs.io/en/latest/advanced-usage.html#tls-warnings
  warnings.warn(</msg>
<msg time="2024-06-29T03:17:30.083513" level="INFO">${response} = &lt;Response [200]&gt;</msg>
<var>${response}</var>
<arg>consultarAPI</arg>
<arg>/api</arg>
<doc>Sends a GET request on a previously created HTTP Session.</doc>
<status status="PASS" start="2024-06-29T03:17:29.990727" elapsed="0.092830"/>
</kw>
<kw name="Set Variable" owner="BuiltIn">
<msg time="2024-06-29T03:17:30.084791" level="INFO">${json_data} = {'results': [{'gender': 'female', 'name': {'title': 'Miss', 'first': 'Helmi', 'last': 'Peltonen'}, 'location': {'street': {'number': 5100, 'name': 'Hatanpään Valtatie'}, 'city': 'Lohja', 'state': 'Päi...</msg>
<var>${json_data}</var>
<arg>${response.json()}</arg>
<doc>Returns the given values which can then be assigned to a variables.</doc>
<status status="PASS" start="2024-06-29T03:17:30.084210" elapsed="0.000612"/>
</kw>
<kw name="Log" owner="BuiltIn">
<msg time="2024-06-29T03:17:30.085299" level="INFO">{'results': [{'gender': 'female', 'name': {'title': 'Miss', 'first': 'Helmi', 'last': 'Peltonen'}, 'location': {'street': {'number': 5100, 'name': 'Hatanpään Valtatie'}, 'city': 'Lohja', 'state': 'Päijät-Häme', 'country': 'Finland', 'postcode': 50344, 'coordinates': {'latitude': '-21.7005', 'longitude': '86.8230'}, 'timezone': {'offset': '-3:30', 'description': 'Newfoundland'}}, 'email': 'helmi.peltonen@example.com', 'login': {'uuid': '4b458279-75dc-4eb9-8291-c8d07a4c373c', 'username': 'bigpeacock576', 'password': 'misfits', 'salt': 'vZW4TJWl', 'md5': '1b75aeabd67bcaf56c5a8f04bdde78a2', 'sha1': '679809008b602fe7a15604d7488b6e0069d0c4fc', 'sha256': '4fb4a092c874c60045d9dd75be8ec9f9d2f22261be56ed3045681908c7ff6236'}, 'dob': {'date': '1991-10-17T14:19:37.986Z', 'age': 32}, 'registered': {'date': '2002-11-28T16:00:14.878Z', 'age': 21}, 'phone': '07-372-418', 'cell': '045-323-48-18', 'id': {'name': 'HETU', 'value': 'NaNNA730undefined'}, 'picture': {'large': 'https://randomuser.me/api/portraits/women/45.jpg', 'medium': 'https://randomuser.me/api/portraits/med/women/45.jpg', 'thumbnail': 'https://randomuser.me/api/portraits/thumb/women/45.jpg'}, 'nat': 'FI'}], 'info': {'seed': '5aa8566b8cc43672', 'results': 1, 'page': 1, 'version': '1.4'}}</msg>
<arg>${json_data}</arg>
<doc>Logs the given message with the given level.</doc>
<status status="PASS" start="2024-06-29T03:17:30.085134" elapsed="0.000218"/>
</kw>
<kw name="Dictionary Should Contain Key" owner="Collections">
<arg>${json_data}</arg>
<arg>results</arg>
<doc>Fails if ``key`` is not found from ``dictionary``.</doc>
<status status="PASS" start="2024-06-29T03:17:30.085652" elapsed="0.000200"/>
</kw>
<kw name="Should Not Be Empty" owner="BuiltIn">
<msg time="2024-06-29T03:17:30.086181" level="INFO">Length is 2.</msg>
<arg>${json_data}</arg>
<doc>Verifies that the given item is not empty.</doc>
<status status="PASS" start="2024-06-29T03:17:30.086047" elapsed="0.000173"/>
</kw>
<kw name="Create List" owner="BuiltIn">
<msg time="2024-06-29T03:17:30.086781" level="INFO">${expected_keys} = ['gender', 'name', 'location', 'email', 'login']</msg>
<var>${expected_keys}</var>
<arg>gender</arg>
<arg>name</arg>
<arg>location</arg>
<arg>email</arg>
<arg>login</arg>
<doc>Returns a list containing given items.</doc>
<status status="PASS" start="2024-06-29T03:17:30.086553" elapsed="0.000273"/>
</kw>
<for flavor="IN">
<iter>
<kw name="Dictionary Should Contain Key" owner="Collections">
<arg>${json_data['results'][0]}</arg>
<arg>${key}</arg>
<doc>Fails if ``key`` is not found from ``dictionary``.</doc>
<status status="PASS" start="2024-06-29T03:17:30.087638" elapsed="0.000418"/>
</kw>
<kw name="Log" owner="BuiltIn">
<msg time="2024-06-29T03:17:30.088622" level="INFO">{'gender': 'female', 'name': {'title': 'Miss', 'first': 'Helmi', 'last': 'Peltonen'}, 'location': {'street': {'number': 5100, 'name': 'Hatanpään Valtatie'}, 'city': 'Lohja', 'state': 'Päijät-Häme', 'country': 'Finland', 'postcode': 50344, 'coordinates': {'latitude': '-21.7005', 'longitude': '86.8230'}, 'timezone': {'offset': '-3:30', 'description': 'Newfoundland'}}, 'email': 'helmi.peltonen@example.com', 'login': {'uuid': '4b458279-75dc-4eb9-8291-c8d07a4c373c', 'username': 'bigpeacock576', 'password': 'misfits', 'salt': 'vZW4TJWl', 'md5': '1b75aeabd67bcaf56c5a8f04bdde78a2', 'sha1': '679809008b602fe7a15604d7488b6e0069d0c4fc', 'sha256': '4fb4a092c874c60045d9dd75be8ec9f9d2f22261be56ed3045681908c7ff6236'}, 'dob': {'date': '1991-10-17T14:19:37.986Z', 'age': 32}, 'registered': {'date': '2002-11-28T16:00:14.878Z', 'age': 21}, 'phone': '07-372-418', 'cell': '045-323-48-18', 'id': {'name': 'HETU', 'value': 'NaNNA730undefined'}, 'picture': {'large': 'https://randomuser.me/api/portraits/women/45.jpg', 'medium': 'https://randomuser.me/api/portraits/med/women/45.jpg', 'thumbnail': 'https://randomuser.me/api/portraits/thumb/women/45.jpg'}, 'nat': 'FI'}</msg>
<arg>${json_data['results'][0]}</arg>
<doc>Logs the given message with the given level.</doc>
<status status="PASS" start="2024-06-29T03:17:30.088250" elapsed="0.000424"/>
</kw>
<kw name="Log" owner="BuiltIn">
<msg time="2024-06-29T03:17:30.089107" level="INFO">gender</msg>
<arg>${key}</arg>
<doc>Logs the given message with the given level.</doc>
<status status="PASS" start="2024-06-29T03:17:30.088978" elapsed="0.000168"/>
</kw>
<var name="${key}">gender</var>
<status status="PASS" start="2024-06-29T03:17:30.087510" elapsed="0.001852"/>
</iter>
<iter>
<kw name="Dictionary Should Contain Key" owner="Collections">
<arg>${json_data['results'][0]}</arg>
<arg>${key}</arg>
<doc>Fails if ``key`` is not found from ``dictionary``.</doc>
<status status="PASS" start="2024-06-29T03:17:30.089664" elapsed="0.000432"/>
</kw>
<kw name="Log" owner="BuiltIn">
<msg time="2024-06-29T03:17:30.090629" level="INFO">{'gender': 'female', 'name': {'title': 'Miss', 'first': 'Helmi', 'last': 'Peltonen'}, 'location': {'street': {'number': 5100, 'name': 'Hatanpään Valtatie'}, 'city': 'Lohja', 'state': 'Päijät-Häme', 'country': 'Finland', 'postcode': 50344, 'coordinates': {'latitude': '-21.7005', 'longitude': '86.8230'}, 'timezone': {'offset': '-3:30', 'description': 'Newfoundland'}}, 'email': 'helmi.peltonen@example.com', 'login': {'uuid': '4b458279-75dc-4eb9-8291-c8d07a4c373c', 'username': 'bigpeacock576', 'password': 'misfits', 'salt': 'vZW4TJWl', 'md5': '1b75aeabd67bcaf56c5a8f04bdde78a2', 'sha1': '679809008b602fe7a15604d7488b6e0069d0c4fc', 'sha256': '4fb4a092c874c60045d9dd75be8ec9f9d2f22261be56ed3045681908c7ff6236'}, 'dob': {'date': '1991-10-17T14:19:37.986Z', 'age': 32}, 'registered': {'date': '2002-11-28T16:00:14.878Z', 'age': 21}, 'phone': '07-372-418', 'cell': '045-323-48-18', 'id': {'name': 'HETU', 'value': 'NaNNA730undefined'}, 'picture': {'large': 'https://randomuser.me/api/portraits/women/45.jpg', 'medium': 'https://randomuser.me/api/portraits/med/women/45.jpg', 'thumbnail': 'https://randomuser.me/api/portraits/thumb/women/45.jpg'}, 'nat': 'FI'}</msg>
<arg>${json_data['results'][0]}</arg>
<doc>Logs the given message with the given level.</doc>
<status status="PASS" start="2024-06-29T03:17:30.090279" elapsed="0.000436"/>
</kw>
<kw name="Log" owner="BuiltIn">
<msg time="2024-06-29T03:17:30.091150" level="INFO">name</msg>
<arg>${key}</arg>
<doc>Logs the given message with the given level.</doc>
<status status="PASS" start="2024-06-29T03:17:30.091020" elapsed="0.000168"/>
</kw>
<var name="${key}">name</var>
<status status="PASS" start="2024-06-29T03:17:30.089553" elapsed="0.001858"/>
</iter>
<iter>
<kw name="Dictionary Should Contain Key" owner="Collections">
<arg>${json_data['results'][0]}</arg>
<arg>${key}</arg>
<doc>Fails if ``key`` is not found from ``dictionary``.</doc>
<status status="PASS" start="2024-06-29T03:17:30.091699" elapsed="0.000379"/>
</kw>
<kw name="Log" owner="BuiltIn">
<msg time="2024-06-29T03:17:30.092607" level="INFO">{'gender': 'female', 'name': {'title': 'Miss', 'first': 'Helmi', 'last': 'Peltonen'}, 'location': {'street': {'number': 5100, 'name': 'Hatanpään Valtatie'}, 'city': 'Lohja', 'state': 'Päijät-Häme', 'country': 'Finland', 'postcode': 50344, 'coordinates': {'latitude': '-21.7005', 'longitude': '86.8230'}, 'timezone': {'offset': '-3:30', 'description': 'Newfoundland'}}, 'email': 'helmi.peltonen@example.com', 'login': {'uuid': '4b458279-75dc-4eb9-8291-c8d07a4c373c', 'username': 'bigpeacock576', 'password': 'misfits', 'salt': 'vZW4TJWl', 'md5': '1b75aeabd67bcaf56c5a8f04bdde78a2', 'sha1': '679809008b602fe7a15604d7488b6e0069d0c4fc', 'sha256': '4fb4a092c874c60045d9dd75be8ec9f9d2f22261be56ed3045681908c7ff6236'}, 'dob': {'date': '1991-10-17T14:19:37.986Z', 'age': 32}, 'registered': {'date': '2002-11-28T16:00:14.878Z', 'age': 21}, 'phone': '07-372-418', 'cell': '045-323-48-18', 'id': {'name': 'HETU', 'value': 'NaNNA730undefined'}, 'picture': {'large': 'https://randomuser.me/api/portraits/women/45.jpg', 'medium': 'https://randomuser.me/api/portraits/med/women/45.jpg', 'thumbnail': 'https://randomuser.me/api/portraits/thumb/women/45.jpg'}, 'nat': 'FI'}</msg>
<arg>${json_data['results'][0]}</arg>
<doc>Logs the given message with the given level.</doc>
<status status="PASS" start="2024-06-29T03:17:30.092259" elapsed="0.000397"/>
</kw>
<kw name="Log" owner="BuiltIn">
<msg time="2024-06-29T03:17:30.093083" level="INFO">location</msg>
<arg>${key}</arg>
<doc>Logs the given message with the given level.</doc>
<status status="PASS" start="2024-06-29T03:17:30.092954" elapsed="0.000167"/>
</kw>
<var name="${key}">location</var>
<status status="PASS" start="2024-06-29T03:17:30.091590" elapsed="0.001750"/>
</iter>
<iter>
<kw name="Dictionary Should Contain Key" owner="Collections">
<arg>${json_data['results'][0]}</arg>
<arg>${key}</arg>
<doc>Fails if ``key`` is not found from ``dictionary``.</doc>
<status status="PASS" start="2024-06-29T03:17:30.093620" elapsed="0.000431"/>
</kw>
<kw name="Log" owner="BuiltIn">
<msg time="2024-06-29T03:17:30.094594" level="INFO">{'gender': 'female', 'name': {'title': 'Miss', 'first': 'Helmi', 'last': 'Peltonen'}, 'location': {'street': {'number': 5100, 'name': 'Hatanpään Valtatie'}, 'city': 'Lohja', 'state': 'Päijät-Häme', 'country': 'Finland', 'postcode': 50344, 'coordinates': {'latitude': '-21.7005', 'longitude': '86.8230'}, 'timezone': {'offset': '-3:30', 'description': 'Newfoundland'}}, 'email': 'helmi.peltonen@example.com', 'login': {'uuid': '4b458279-75dc-4eb9-8291-c8d07a4c373c', 'username': 'bigpeacock576', 'password': 'misfits', 'salt': 'vZW4TJWl', 'md5': '1b75aeabd67bcaf56c5a8f04bdde78a2', 'sha1': '679809008b602fe7a15604d7488b6e0069d0c4fc', 'sha256': '4fb4a092c874c60045d9dd75be8ec9f9d2f22261be56ed3045681908c7ff6236'}, 'dob': {'date': '1991-10-17T14:19:37.986Z', 'age': 32}, 'registered': {'date': '2002-11-28T16:00:14.878Z', 'age': 21}, 'phone': '07-372-418', 'cell': '045-323-48-18', 'id': {'name': 'HETU', 'value': 'NaNNA730undefined'}, 'picture': {'large': 'https://randomuser.me/api/portraits/women/45.jpg', 'medium': 'https://randomuser.me/api/portraits/med/women/45.jpg', 'thumbnail': 'https://randomuser.me/api/portraits/thumb/women/45.jpg'}, 'nat': 'FI'}</msg>
<arg>${json_data['results'][0]}</arg>
<doc>Logs the given message with the given level.</doc>
<status status="PASS" start="2024-06-29T03:17:30.094236" elapsed="0.000407"/>
</kw>
<kw name="Log" owner="BuiltIn">
<msg time="2024-06-29T03:17:30.095065" level="INFO">email</msg>
<arg>${key}</arg>
<doc>Logs the given message with the given level.</doc>
<status status="PASS" start="2024-06-29T03:17:30.094938" elapsed="0.000166"/>
</kw>
<var name="${key}">email</var>
<status status="PASS" start="2024-06-29T03:17:30.093513" elapsed="0.001816"/>
</iter>
<iter>
<kw name="Dictionary Should Contain Key" owner="Collections">
<arg>${json_data['results'][0]}</arg>
<arg>${key}</arg>
<doc>Fails if ``key`` is not found from ``dictionary``.</doc>
<status status="PASS" start="2024-06-29T03:17:30.095611" elapsed="0.000383"/>
</kw>
<kw name="Log" owner="BuiltIn">
<msg time="2024-06-29T03:17:30.096535" level="INFO">{'gender': 'female', 'name': {'title': 'Miss', 'first': 'Helmi', 'last': 'Peltonen'}, 'location': {'street': {'number': 5100, 'name': 'Hatanpään Valtatie'}, 'city': 'Lohja', 'state': 'Päijät-Häme', 'country': 'Finland', 'postcode': 50344, 'coordinates': {'latitude': '-21.7005', 'longitude': '86.8230'}, 'timezone': {'offset': '-3:30', 'description': 'Newfoundland'}}, 'email': 'helmi.peltonen@example.com', 'login': {'uuid': '4b458279-75dc-4eb9-8291-c8d07a4c373c', 'username': 'bigpeacock576', 'password': 'misfits', 'salt': 'vZW4TJWl', 'md5': '1b75aeabd67bcaf56c5a8f04bdde78a2', 'sha1': '679809008b602fe7a15604d7488b6e0069d0c4fc', 'sha256': '4fb4a092c874c60045d9dd75be8ec9f9d2f22261be56ed3045681908c7ff6236'}, 'dob': {'date': '1991-10-17T14:19:37.986Z', 'age': 32}, 'registered': {'date': '2002-11-28T16:00:14.878Z', 'age': 21}, 'phone': '07-372-418', 'cell': '045-323-48-18', 'id': {'name': 'HETU', 'value': 'NaNNA730undefined'}, 'picture': {'large': 'https://randomuser.me/api/portraits/women/45.jpg', 'medium': 'https://randomuser.me/api/portraits/med/women/45.jpg', 'thumbnail': 'https://randomuser.me/api/portraits/thumb/women/45.jpg'}, 'nat': 'FI'}</msg>
<arg>${json_data['results'][0]}</arg>
<doc>Logs the given message with the given level.</doc>
<status status="PASS" start="2024-06-29T03:17:30.096174" elapsed="0.000411"/>
</kw>
<kw name="Log" owner="BuiltIn">
<msg time="2024-06-29T03:17:30.097002" level="INFO">login</msg>
<arg>${key}</arg>
<doc>Logs the given message with the given level.</doc>
<status status="PASS" start="2024-06-29T03:17:30.096876" elapsed="0.000164"/>
</kw>
<var name="${key}">login</var>
<status status="PASS" start="2024-06-29T03:17:30.095499" elapsed="0.001764"/>
</iter>
<var>${key}</var>
<value>@{expected_keys}</value>
<status status="PASS" start="2024-06-29T03:17:30.087305" elapsed="0.010079"/>
</for>
<kw name="Create List" owner="BuiltIn">
<msg time="2024-06-29T03:17:30.097713" level="INFO">${expected_keysTwo} = ['username', 'password']</msg>
<var>${expected_keysTwo}</var>
<arg>username</arg>
<arg>password</arg>
<doc>Returns a list containing given items.</doc>
<status status="PASS" start="2024-06-29T03:17:30.097578" elapsed="0.000187"/>
</kw>
<for flavor="IN">
<iter>
<kw name="Dictionary Should Contain Key" owner="Collections">
<arg>${json_data['results'][0]['login']}</arg>
<arg>${keyTwo}</arg>
<doc>Fails if ``key`` is not found from ``dictionary``.</doc>
<status status="PASS" start="2024-06-29T03:17:30.098319" elapsed="0.000386"/>
</kw>
<kw name="Dictionary Should Contain Key" owner="Collections">
<arg>${json_data['results'][0]['login']}</arg>
<arg>${keyTwo}</arg>
<doc>Fails if ``key`` is not found from ``dictionary``.</doc>
<status status="PASS" start="2024-06-29T03:17:30.098887" elapsed="0.000371"/>
</kw>
<kw name="Log" owner="BuiltIn">
<msg time="2024-06-29T03:17:30.099569" level="INFO">username</msg>
<arg>${keyTwo}</arg>
<doc>Logs the given message with the given level.</doc>
<status status="PASS" start="2024-06-29T03:17:30.099443" elapsed="0.000165"/>
</kw>
<var name="${keyTwo}">username</var>
<status status="PASS" start="2024-06-29T03:17:30.098204" elapsed="0.001624"/>
</iter>
<iter>
<kw name="Dictionary Should Contain Key" owner="Collections">
<arg>${json_data['results'][0]['login']}</arg>
<arg>${keyTwo}</arg>
<doc>Fails if ``key`` is not found from ``dictionary``.</doc>
<status status="PASS" start="2024-06-29T03:17:30.100104" elapsed="0.000385"/>
</kw>
<kw name="Dictionary Should Contain Key" owner="Collections">
<arg>${json_data['results'][0]['login']}</arg>
<arg>${keyTwo}</arg>
<doc>Fails if ``key`` is not found from ``dictionary``.</doc>
<status status="PASS" start="2024-06-29T03:17:30.100667" elapsed="0.000366"/>
</kw>
<kw name="Log" owner="BuiltIn">
<msg time="2024-06-29T03:17:30.101327" level="INFO">password</msg>
<arg>${keyTwo}</arg>
<doc>Logs the given message with the given level.</doc>
<status status="PASS" start="2024-06-29T03:17:30.101208" elapsed="0.000161"/>
</kw>
<var name="${keyTwo}">password</var>
<status status="PASS" start="2024-06-29T03:17:30.099999" elapsed="0.001590"/>
</iter>
<var>${keyTwo}</var>
<value>@{expected_keysTwo}</value>
<status status="PASS" start="2024-06-29T03:17:30.098045" elapsed="0.003664"/>
</for>
<status status="PASS" start="2024-06-29T03:17:29.990494" elapsed="0.111408"/>
</kw>
<doc>Testa a estrutura da resposta da API.</doc>
<tag>testeEstruturaResposta</tag>
<status status="PASS" start="2024-06-29T03:17:29.989877" elapsed="0.112189"/>
</test>
<test id="s1-s1-t4" name="Validar tipos de dados" line="28">
<kw name="Teste de Tipos de Dados" owner="random-user-service">
<kw name="GET On Session" owner="RequestsLibrary">
<msg time="2024-06-29T03:17:30.175886" level="INFO">GET Request : url=https://randomuser.me/api 
 path_url=/api 
 headers={'User-Agent': 'python-requests/2.32.3', 'Accept-Encoding': 'gzip, deflate', 'Accept': '*/*', 'Connection': 'keep-alive'} 
 body=None 
 </msg>
<msg time="2024-06-29T03:17:30.175998" level="INFO">GET Response : url=https://randomuser.me/api 
 status=200, reason=OK 
 headers={'Date': 'Sat, 29 Jun 2024 03:17:30 GMT', 'Content-Type': 'application/json; charset=utf-8', 'Transfer-Encoding': 'chunked', 'Connection': 'keep-alive', 'X-Powered-By': 'Express', 'Access-Control-Allow-Origin': '*', 'Cache-Control': 'no-cache', 'ETag': 'W/"489-h1zvgHmvQgGrt9lHeANXTHnzEAo"', 'Vary': 'Accept-Encoding', 'Content-Encoding': 'gzip', 'CF-Cache-Status': 'DYNAMIC', 'Report-To': '{"endpoints":[{"url":"https:\\/\\/a.nel.cloudflare.com\\/report\\/v4?s=II3mfFKgPkKmqCIOS07rTr%2BLgIyFiIPlKU1CRTP3xmY%2FRkquz8YzIp%2F%2FeRPmOurylVj3SdDp3PnfKf6U4hvXSx%2BhkYE6qNW7yjOZ5TihHIV5kSqRRWC0hNxthXExLWVV"}],"group":"cf-nel","max_age":604800}', 'NEL': '{"success_fraction":0,"report_to":"cf-nel","max_age":604800}', 'Server': 'cloudflare', 'CF-RAY': '89b2c38f2ebf13f5-ORD', 'alt-svc': 'h3=":443"; ma=86400'} 
 body={"results":[{"gender":"female","name":{"title":"Miss","first":"Tereza","last":"Budzinovskiy"},"location":{"street":{"number":1373,"name":"Petra Mogili"},"city":"Vinniki","state":"Rivnenska","country":"Ukraine","postcode":21819,"coordinates":{"latitude":"79.1675","longitude":"172.2256"},"timezone":{"offset":"-11:00","description":"Midway Island, Samoa"}},"email":"tereza.budzinovskiy@example.com","login":{"uuid":"e130292b-25d0-40ff-af13-4dad23a4922a","username":"bluefish869","password":"bananas","salt":"v1bc70l0","md5":"8c83d0df4a00ebbf951422716840e564","sha1":"024e390815602138b7b8fd8fee3580650a05673f","sha256":"d30809971d574a95bc2c1c3d5849f5c060e48d1e0c83794bf11088a2eb939da8"},"dob":{"date":"1982-07-16T17:59:56.077Z","age":41},"registered":{"date":"2019-05-21T12:57:19.203Z","age":5},"phone":"(067) Q26-1164","cell":"(097) B93-1595","id":{"name":"","value":null},"picture":{"large":"https://randomuser.me/api/portraits/women/17.jpg","medium":"https://randomuser.me/api/portraits/med/women/17.jpg","thumbnail":"https://randomuser.me/api/portraits/thumb/women/17.jpg"},"nat":"UA"}],"info":{"seed":"c7cd5de81bb9c994","results":1,"page":1,"version":"1.4"}} 
 </msg>
<msg time="2024-06-29T03:17:30.176071" level="INFO">/opt/hostedtoolcache/Python/3.12.4/x64/lib/python3.12/site-packages/urllib3/connectionpool.py:1099: InsecureRequestWarning: Unverified HTTPS request is being made to host 'randomuser.me'. Adding certificate verification is strongly advised. See: https://urllib3.readthedocs.io/en/latest/advanced-usage.html#tls-warnings
  warnings.warn(</msg>
<msg time="2024-06-29T03:17:30.176196" level="INFO">${response} = &lt;Response [200]&gt;</msg>
<var>${response}</var>
<arg>consultarAPI</arg>
<arg>/api</arg>
<doc>Sends a GET request on a previously created HTTP Session.</doc>
<status status="PASS" start="2024-06-29T03:17:30.104808" elapsed="0.071432"/>
</kw>
<kw name="Set Variable" owner="BuiltIn">
<msg time="2024-06-29T03:17:30.177439" level="INFO">${json_data} = {'results': [{'gender': 'female', 'name': {'title': 'Miss', 'first': 'Tereza', 'last': 'Budzinovskiy'}, 'location': {'street': {'number': 1373, 'name': 'Petra Mogili'}, 'city': 'Vinniki', 'state': 'Ri...</msg>
<var>${json_data}</var>
<arg>${response.json()}</arg>
<doc>Returns the given values which can then be assigned to a variables.</doc>
<status status="PASS" start="2024-06-29T03:17:30.176870" elapsed="0.000601"/>
</kw>
<kw name="Log" owner="BuiltIn">
<msg time="2024-06-29T03:17:30.177982" level="INFO">{'results': [{'gender': 'female', 'name': {'title': 'Miss', 'first': 'Tereza', 'last': 'Budzinovskiy'}, 'location': {'street': {'number': 1373, 'name': 'Petra Mogili'}, 'city': 'Vinniki', 'state': 'Rivnenska', 'country': 'Ukraine', 'postcode': 21819, 'coordinates': {'latitude': '79.1675', 'longitude': '172.2256'}, 'timezone': {'offset': '-11:00', 'description': 'Midway Island, Samoa'}}, 'email': 'tereza.budzinovskiy@example.com', 'login': {'uuid': 'e130292b-25d0-40ff-af13-4dad23a4922a', 'username': 'bluefish869', 'password': 'bananas', 'salt': 'v1bc70l0', 'md5': '8c83d0df4a00ebbf951422716840e564', 'sha1': '024e390815602138b7b8fd8fee3580650a05673f', 'sha256': 'd30809971d574a95bc2c1c3d5849f5c060e48d1e0c83794bf11088a2eb939da8'}, 'dob': {'date': '1982-07-16T17:59:56.077Z', 'age': 41}, 'registered': {'date': '2019-05-21T12:57:19.203Z', 'age': 5}, 'phone': '(067) Q26-1164', 'cell': '(097) B93-1595', 'id': {'name': '', 'value': None}, 'picture': {'large': 'https://randomuser.me/api/portraits/women/17.jpg', 'medium': 'https://randomuser.me/api/portraits/med/women/17.jpg', 'thumbnail': 'https://randomuser.me/api/portraits/thumb/women/17.jpg'}, 'nat': 'UA'}], 'info': {'seed': 'c7cd5de81bb9c994', 'results': 1, 'page': 1, 'version': '1.4'}}</msg>
<arg>${json_data}</arg>
<doc>Logs the given message with the given level.</doc>
<status status="PASS" start="2024-06-29T03:17:30.177781" elapsed="0.000250"/>
</kw>
<kw name="Should Be String" owner="String">
<arg>${json_data['results'][0]['gender']}</arg>
<doc>Fails if the given ``item`` is not a string.</doc>
<status status="PASS" start="2024-06-29T03:17:30.178338" elapsed="0.000360"/>
</kw>
<kw name="Should Match Regexp" owner="BuiltIn">
<arg>${json_data['results'][0]['email']}</arg>
<arg>^[a-zA-Z0-9._%+-]+@[a-zA-Z0-9.-]+\.[a-zA-Z]{2,}$</arg>
<doc>Fails if ``string`` does not match ``pattern`` as a regular expression.</doc>
<status status="PASS" start="2024-06-29T03:17:30.178884" elapsed="0.000516"/>
</kw>
<kw name="Should Match Regexp" owner="BuiltIn">
<arg>${json_data['results'][0]['dob']['date']}</arg>
<arg>\\d{4}-\\d{2}-\\d{2}T\\d{2}:\\d{2}:\\d{2}\\.\\d{3}Z</arg>
<doc>Fails if ``string`` does not match ``pattern`` as a regular expression.</doc>
<status status="PASS" start="2024-06-29T03:17:30.179630" elapsed="0.000488"/>
</kw>
<kw name="Should Match Regexp" owner="BuiltIn">
<arg>${json_data['results'][0]['registered']['date']}</arg>
<arg>\\d{4}-\\d{2}-\\d{2}T\\d{2}:\\d{2}:\\d{2}\\.\\d{3}Z</arg>
<doc>Fails if ``string`` does not match ``pattern`` as a regular expression.</doc>
<status status="PASS" start="2024-06-29T03:17:30.180306" elapsed="0.000363"/>
</kw>
<kw name="Should Match Regexp" owner="BuiltIn">
<arg>${json_data['results'][0]['picture']['large']}</arg>
<arg>^https?://.*\.(?:png|jpe?g|gif|bmp)$</arg>
<doc>Fails if ``string`` does not match ``pattern`` as a regular expression.</doc>
<status status="PASS" start="2024-06-29T03:17:30.180850" elapsed="0.000448"/>
</kw>
<kw name="Should Match Regexp" owner="BuiltIn">
<arg>${json_data['results'][0]['picture']['medium']}</arg>
<arg>^https?://.*\.(?:png|jpe?g|gif|bmp)$</arg>
<doc>Fails if ``string`` does not match ``pattern`` as a regular expression.</doc>
<status status="PASS" start="2024-06-29T03:17:30.181484" elapsed="0.000389"/>
</kw>
<kw name="Should Match Regexp" owner="BuiltIn">
<arg>${json_data['results'][0]['picture']['thumbnail']}</arg>
<arg>^https?://.*\.(?:png|jpe?g|gif|bmp)$</arg>
<doc>Fails if ``string`` does not match ``pattern`` as a regular expression.</doc>
<status status="PASS" start="2024-06-29T03:17:30.182065" elapsed="0.000349"/>
</kw>
<kw name="Log" owner="BuiltIn">
<msg time="2024-06-29T03:17:30.182926" level="INFO">{'large': 'https://randomuser.me/api/portraits/women/17.jpg', 'medium': 'https://randomuser.me/api/portraits/med/women/17.jpg', 'thumbnail': 'https://randomuser.me/api/portraits/thumb/women/17.jpg'}</msg>
<arg>${json_data['results'][0]['picture']}</arg>
<doc>Logs the given message with the given level.</doc>
<status status="PASS" start="2024-06-29T03:17:30.182596" elapsed="0.000373"/>
</kw>
<status status="PASS" start="2024-06-29T03:17:30.104572" elapsed="0.078655"/>
</kw>
<kw name="Teste de Tipos de Dados - Postcode" owner="random-user-service">
<kw name="GET On Session" owner="RequestsLibrary">
<msg time="2024-06-29T03:17:30.274060" level="INFO">GET Request : url=https://randomuser.me/api 
 path_url=/api 
 headers={'User-Agent': 'python-requests/2.32.3', 'Accept-Encoding': 'gzip, deflate', 'Accept': '*/*', 'Connection': 'keep-alive'} 
 body=None 
 </msg>
<msg time="2024-06-29T03:17:30.274156" level="INFO">GET Response : url=https://randomuser.me/api 
 status=200, reason=OK 
 headers={'Date': 'Sat, 29 Jun 2024 03:17:30 GMT', 'Content-Type': 'application/json; charset=utf-8', 'Transfer-Encoding': 'chunked', 'Connection': 'keep-alive', 'X-Powered-By': 'Express', 'Access-Control-Allow-Origin': '*', 'Cache-Control': 'no-cache', 'ETag': 'W/"492-5Zjpe/PR8bxoWrjx1aedaMAxLek"', 'Vary': 'Accept-Encoding', 'Content-Encoding': 'gzip', 'CF-Cache-Status': 'DYNAMIC', 'Report-To': '{"endpoints":[{"url":"https:\\/\\/a.nel.cloudflare.com\\/report\\/v4?s=01lx1KhJadWWghFyCfKmNm6IB%2BOOJlrr4a5GEDVfTycO3N6r7%2FrLj3AgXq%2Bx4dCeqQadU81LyNpBx0t6dKg8vMr6XLAKOSs5P06dbCPrUBXRTBsGQyanXHkANe2lIxsS"}],"group":"cf-nel","max_age":604800}', 'NEL': '{"success_fraction":0,"report_to":"cf-nel","max_age":604800}', 'Server': 'cloudflare', 'CF-RAY': '89b2c38faf6213f5-ORD', 'alt-svc': 'h3=":443"; ma=86400'} 
 body={"results":[{"gender":"male","name":{"title":"Mr","first":"Aapo","last":"Lehto"},"location":{"street":{"number":2067,"name":"Siilitie"},"city":"Karvia","state":"Northern Ostrobothnia","country":"Finland","postcode":87733,"coordinates":{"latitude":"-22.4478","longitude":"-169.3041"},"timezone":{"offset":"+1:00","description":"Brussels, Copenhagen, Madrid, Paris"}},"email":"aapo.lehto@example.com","login":{"uuid":"0773c46d-3931-426d-b175-d4323320a43c","username":"lazyfrog853","password":"artist","salt":"pJofjz2C","md5":"ef6e288f5f8c351042aaa6a689dc6f5e","sha1":"241dde4a2389ed13c0eca6bdd7fb580e1bedb7cb","sha256":"cb55a839cc9e9da3b650be0202bcc0a5a18eae68f6fb654e37549f340dbcd538"},"dob":{"date":"1960-11-27T16:24:26.536Z","age":63},"registered":{"date":"2006-05-19T18:39:52.804Z","age":18},"phone":"03-210-622","cell":"047-381-43-71","id":{"name":"HETU","value":"NaNNA869undefined"},"picture":{"large":"https://randomuser.me/api/portraits/men/16.jpg","medium":"https://randomuser.me/api/portraits/med/men/16.jpg","thumbnail":"https://randomuser.me/api/portraits/thumb/men/16.jpg"},"nat":"FI"}],"info":{"seed":"e7e7067c81754653","results":1,"page":1,"version":"1.4"}} 
 </msg>
<msg time="2024-06-29T03:17:30.274228" level="INFO">/opt/hostedtoolcache/Python/3.12.4/x64/lib/python3.12/site-packages/urllib3/connectionpool.py:1099: InsecureRequestWarning: Unverified HTTPS request is being made to host 'randomuser.me'. Adding certificate verification is strongly advised. See: https://urllib3.readthedocs.io/en/latest/advanced-usage.html#tls-warnings
  warnings.warn(</msg>
<msg time="2024-06-29T03:17:30.274341" level="INFO">${response} = &lt;Response [200]&gt;</msg>
<var>${response}</var>
<arg>consultarAPI</arg>
<arg>/api</arg>
<doc>Sends a GET request on a previously created HTTP Session.</doc>
<status status="PASS" start="2024-06-29T03:17:30.183683" elapsed="0.090701"/>
</kw>
<kw name="Set Variable" owner="BuiltIn">
<msg time="2024-06-29T03:17:30.275596" level="INFO">${json_data} = {'results': [{'gender': 'male', 'name': {'title': 'Mr', 'first': 'Aapo', 'last': 'Lehto'}, 'location': {'street': {'number': 2067, 'name': 'Siilitie'}, 'city': 'Karvia', 'state': 'Northern Ostrobothni...</msg>
<var>${json_data}</var>
<arg>${response.json()}</arg>
<doc>Returns the given values which can then be assigned to a variables.</doc>
<status status="PASS" start="2024-06-29T03:17:30.275027" elapsed="0.000597"/>
</kw>
<kw name="Log" owner="BuiltIn">
<msg time="2024-06-29T03:17:30.276087" level="INFO">{'results': [{'gender': 'male', 'name': {'title': 'Mr', 'first': 'Aapo', 'last': 'Lehto'}, 'location': {'street': {'number': 2067, 'name': 'Siilitie'}, 'city': 'Karvia', 'state': 'Northern Ostrobothnia', 'country': 'Finland', 'postcode': 87733, 'coordinates': {'latitude': '-22.4478', 'longitude': '-169.3041'}, 'timezone': {'offset': '+1:00', 'description': 'Brussels, Copenhagen, Madrid, Paris'}}, 'email': 'aapo.lehto@example.com', 'login': {'uuid': '0773c46d-3931-426d-b175-d4323320a43c', 'username': 'lazyfrog853', 'password': 'artist', 'salt': 'pJofjz2C', 'md5': 'ef6e288f5f8c351042aaa6a689dc6f5e', 'sha1': '241dde4a2389ed13c0eca6bdd7fb580e1bedb7cb', 'sha256': 'cb55a839cc9e9da3b650be0202bcc0a5a18eae68f6fb654e37549f340dbcd538'}, 'dob': {'date': '1960-11-27T16:24:26.536Z', 'age': 63}, 'registered': {'date': '2006-05-19T18:39:52.804Z', 'age': 18}, 'phone': '03-210-622', 'cell': '047-381-43-71', 'id': {'name': 'HETU', 'value': 'NaNNA869undefined'}, 'picture': {'large': 'https://randomuser.me/api/portraits/men/16.jpg', 'medium': 'https://randomuser.me/api/portraits/med/men/16.jpg', 'thumbnail': 'https://randomuser.me/api/portraits/thumb/men/16.jpg'}, 'nat': 'FI'}], 'info': {'seed': 'e7e7067c81754653', 'results': 1, 'page': 1, 'version': '1.4'}}</msg>
<arg>${json_data}</arg>
<doc>Logs the given message with the given level.</doc>
<status status="PASS" start="2024-06-29T03:17:30.275930" elapsed="0.000206"/>
</kw>
<kw name="Should Be Equal As Numbers" owner="BuiltIn">
<arg>${json_data['results'][0]['location']['postcode']}</arg>
<arg>${json_data['results'][0]['location']['postcode']}</arg>
<doc>Fails if objects are unequal after converting them to real numbers.</doc>
<status status="PASS" start="2024-06-29T03:17:30.276428" elapsed="0.000625"/>
</kw>
<kw name="Log" owner="BuiltIn">
<msg time="2024-06-29T03:17:30.277568" level="INFO">87733</msg>
<arg>${json_data['results'][0]['location']['postcode']}</arg>
<doc>Logs the given message with the given level.</doc>
<status status="PASS" start="2024-06-29T03:17:30.277238" elapsed="0.000370"/>
</kw>
<status status="PASS" start="2024-06-29T03:17:30.183453" elapsed="0.094493"/>
</kw>
<doc>Testa se os tipos de dados na resposta da API estão corretos.</doc>
<tag>testeTiposDados</tag>
<status status="PASS" start="2024-06-29T03:17:30.103874" elapsed="0.174246"/>
</test>
<test id="s1-s1-t5" name="Validar conteudo" line="35">
<kw name="Teste de Tipos de Conteudo" owner="random-user-service">
<kw name="GET On Session" owner="RequestsLibrary">
<msg time="2024-06-29T03:17:30.379858" level="INFO">GET Request : url=https://randomuser.me/api 
 path_url=/api 
 headers={'User-Agent': 'python-requests/2.32.3', 'Accept-Encoding': 'gzip, deflate', 'Accept': '*/*', 'Connection': 'keep-alive'} 
 body=None 
 </msg>
<msg time="2024-06-29T03:17:30.379970" level="INFO">GET Response : url=https://randomuser.me/api 
 status=200, reason=OK 
 headers={'Date': 'Sat, 29 Jun 2024 03:17:30 GMT', 'Content-Type': 'application/json; charset=utf-8', 'Transfer-Encoding': 'chunked', 'Connection': 'keep-alive', 'X-Powered-By': 'Express', 'Access-Control-Allow-Origin': '*', 'Cache-Control': 'no-cache', 'ETag': 'W/"486-W/6mUNcuAAc0oLLVKMOj96FRHIg"', 'Vary': 'Accept-Encoding', 'Content-Encoding': 'gzip', 'CF-Cache-Status': 'DYNAMIC', 'Report-To': '{"endpoints":[{"url":"https:\\/\\/a.nel.cloudflare.com\\/report\\/v4?s=8UxGQ71%2FGKKxkv4STbAAcrxNbdHkbRV3iMX2PIKqXitZB5nXV1ODIYVjCkGOfyI%2BcLF4IcgqKTIwZZ87ToUp4Ez%2BUfns%2FjTtTAmacUMTqvxHCl0OM1nJefdrk65oO2fU"}],"group":"cf-nel","max_age":604800}', 'NEL': '{"success_fraction":0,"report_to":"cf-nel","max_age":604800}', 'Server': 'cloudflare', 'CF-RAY': '89b2c390481d13f5-ORD', 'alt-svc': 'h3=":443"; ma=86400'} 
 body={"results":[{"gender":"female","name":{"title":"Miss","first":"Gonca","last":"Erez"},"location":{"street":{"number":2416,"name":"Filistin Cd"},"city":"Muğla","state":"Şanlıurfa","country":"Turkey","postcode":87701,"coordinates":{"latitude":"71.3682","longitude":"84.4706"},"timezone":{"offset":"+10:00","description":"Eastern Australia, Guam, Vladivostok"}},"email":"gonca.erez@example.com","login":{"uuid":"754f399c-d9d0-4fb3-a7ec-0778639d52b6","username":"smallbear524","password":"target","salt":"MYb9QolB","md5":"8e0d4f8416a3877273aa4682992d567f","sha1":"bf5d3d0b573d31f328497aef9ecd411be9e51e08","sha256":"868acc83f5b92347b0f01a9c2472e4c6aa336e13589b5f3dc7c1c413b0d5b430"},"dob":{"date":"1972-03-28T12:38:01.408Z","age":52},"registered":{"date":"2013-03-24T16:37:32.135Z","age":11},"phone":"(258)-317-4343","cell":"(040)-242-0265","id":{"name":"","value":null},"picture":{"large":"https://randomuser.me/api/portraits/women/38.jpg","medium":"https://randomuser.me/api/portraits/med/women/38.jpg","thumbnail":"https://randomuser.me/api/portraits/thumb/women/38.jpg"},"nat":"TR"}],"info":{"seed":"34998c9e3b2b8f60","results":1,"page":1,"version":"1.4"}} 
 </msg>
<msg time="2024-06-29T03:17:30.380077" level="INFO">/opt/hostedtoolcache/Python/3.12.4/x64/lib/python3.12/site-packages/urllib3/connectionpool.py:1099: InsecureRequestWarning: Unverified HTTPS request is being made to host 'randomuser.me'. Adding certificate verification is strongly advised. See: https://urllib3.readthedocs.io/en/latest/advanced-usage.html#tls-warnings
  warnings.warn(</msg>
<msg time="2024-06-29T03:17:30.380223" level="INFO">${response} = &lt;Response [200]&gt;</msg>
<var>${response}</var>
<arg>consultarAPI</arg>
<arg>/api</arg>
<doc>Sends a GET request on a previously created HTTP Session.</doc>
<status status="PASS" start="2024-06-29T03:17:30.280794" elapsed="0.099477"/>
</kw>
<kw name="Set Variable" owner="BuiltIn">
<msg time="2024-06-29T03:17:30.381448" level="INFO">${json_data} = {'results': [{'gender': 'female', 'name': {'title': 'Miss', 'first': 'Gonca', 'last': 'Erez'}, 'location': {'street': {'number': 2416, 'name': 'Filistin Cd'}, 'city': 'Muğla', 'state': 'Şanlıurfa', 'c...</msg>
<var>${json_data}</var>
<arg>${response.json()}</arg>
<doc>Returns the given values which can then be assigned to a variables.</doc>
<status status="PASS" start="2024-06-29T03:17:30.380891" elapsed="0.000588"/>
</kw>
<kw name="Set Variable" owner="BuiltIn">
<msg time="2024-06-29T03:17:30.382203" level="INFO">${name_title} = Miss</msg>
<var>${name_title}</var>
<arg>${json_data["results"][0]["name"]["title"]}</arg>
<doc>Returns the given values which can then be assigned to a variables.</doc>
<status status="PASS" start="2024-06-29T03:17:30.381785" elapsed="0.000443"/>
</kw>
<kw name="Create List" owner="BuiltIn">
<msg time="2024-06-29T03:17:30.382674" level="INFO">${allowed_titles} = ['Mr', 'Ms', 'Miss', 'Mrs', 'Madame', 'Monsieur']</msg>
<var>${allowed_titles}</var>
<arg>Mr</arg>
<arg>Ms</arg>
<arg>Miss</arg>
<arg>Mrs</arg>
<arg>Madame</arg>
<arg>Monsieur</arg>
<doc>Returns a list containing given items.</doc>
<status status="PASS" start="2024-06-29T03:17:30.382524" elapsed="0.000174"/>
</kw>
<kw name="List Should Contain Value" owner="Collections">
<arg>${allowed_titles}</arg>
<arg>${name_title}</arg>
<doc>Fails if the ``value`` is not found from ``list``.</doc>
<status status="PASS" start="2024-06-29T03:17:30.382994" elapsed="0.000176"/>
</kw>
<kw name="Set Variable" owner="BuiltIn">
<msg time="2024-06-29T03:17:30.383706" level="INFO">${name_country} = TR</msg>
<var>${name_country}</var>
<arg>${json_data["results"][0]["nat"]}</arg>
<doc>Returns the given values which can then be assigned to a variables.</doc>
<status status="PASS" start="2024-06-29T03:17:30.383345" elapsed="0.000385"/>
</kw>
<kw name="Create List" owner="BuiltIn">
<msg time="2024-06-29T03:17:30.384611" level="INFO">${list_country} = ['AD', 'AE', 'AF', 'AG', 'AI', 'AL', 'AM', 'AO', 'AQ', 'AR', 'AS', 'AT', 'AU', 'AW', 'AX', 'AZ', 'BA', 'BB', 'BD', 'BE', 'BF', 'BG', 'BH', 'BI', 'BJ', 'BL', 'BM', 'BN', 'BO', 'BQ', 'BR', 'BS', 'BT', '...</msg>
<var>${list_country}</var>
<arg>AD</arg>
<arg>AE</arg>
<arg>AF</arg>
<arg>AG</arg>
<arg>AI</arg>
<arg>AL</arg>
<arg>AM</arg>
<arg>AO</arg>
<arg>AQ</arg>
<arg>AR</arg>
<arg>AS</arg>
<arg>AT</arg>
<arg>AU</arg>
<arg>AW</arg>
<arg>AX</arg>
<arg>AZ</arg>
<arg>BA</arg>
<arg>BB</arg>
<arg>BD</arg>
<arg>BE</arg>
<arg>BF</arg>
<arg>BG</arg>
<arg>BH</arg>
<arg>BI</arg>
<arg>BJ</arg>
<arg>BL</arg>
<arg>BM</arg>
<arg>BN</arg>
<arg>BO</arg>
<arg>BQ</arg>
<arg>BR</arg>
<arg>BS</arg>
<arg>BT</arg>
<arg>BV</arg>
<arg>BW</arg>
<arg>BY</arg>
<arg>BZ</arg>
<arg>CA</arg>
<arg>CC</arg>
<arg>CD</arg>
<arg>CF</arg>
<arg>CG</arg>
<arg>CH</arg>
<arg>CI</arg>
<arg>CK</arg>
<arg>CL</arg>
<arg>CM</arg>
<arg>CN</arg>
<arg>CO</arg>
<arg>CR</arg>
<arg>CU</arg>
<arg>CV</arg>
<arg>CW</arg>
<arg>CX</arg>
<arg>CY</arg>
<arg>CZ</arg>
<arg>DE</arg>
<arg>DJ</arg>
<arg>DK</arg>
<arg>DM</arg>
<arg>DO</arg>
<arg>DZ</arg>
<arg>EC</arg>
<arg>EE</arg>
<arg>EG</arg>
<arg>EH</arg>
<arg>ER</arg>
<arg>ES</arg>
<arg>ET</arg>
<arg>FI</arg>
<arg>FJ</arg>
<arg>FK</arg>
<arg>FM</arg>
<arg>FO</arg>
<arg>FR</arg>
<arg>GA</arg>
<arg>GB</arg>
<arg>GD</arg>
<arg>GE</arg>
<arg>GF</arg>
<arg>GG</arg>
<arg>GH</arg>
<arg>GI</arg>
<arg>GL</arg>
<arg>GM</arg>
<arg>GN</arg>
<arg>GP</arg>
<arg>GQ</arg>
<arg>GR</arg>
<arg>GS</arg>
<arg>GT</arg>
<arg>GU</arg>
<arg>GW</arg>
<arg>GY</arg>
<arg>HK</arg>
<arg>HM</arg>
<arg>HN</arg>
<arg>HR</arg>
<arg>HT</arg>
<arg>HU</arg>
<arg>ID</arg>
<arg>IE</arg>
<arg>IL</arg>
<arg>IM</arg>
<arg>IN</arg>
<arg>IO</arg>
<arg>IQ</arg>
<arg>IR</arg>
<arg>IS</arg>
<arg>IT</arg>
<arg>JE</arg>
<arg>JM</arg>
<arg>JO</arg>
<arg>JP</arg>
<arg>KE</arg>
<arg>KG</arg>
<arg>KH</arg>
<arg>KI</arg>
<arg>KM</arg>
<arg>KN</arg>
<arg>KP</arg>
<arg>KR</arg>
<arg>KW</arg>
<arg>KY</arg>
<arg>KZ</arg>
<arg>LA</arg>
<arg>LB</arg>
<arg>LC</arg>
<arg>LI</arg>
<arg>LK</arg>
<arg>LR</arg>
<arg>LS</arg>
<arg>LT</arg>
<arg>LU</arg>
<arg>LV</arg>
<arg>LY</arg>
<arg>MA</arg>
<arg>MC</arg>
<arg>MD</arg>
<arg>ME</arg>
<arg>MF</arg>
<arg>MG</arg>
<arg>MH</arg>
<arg>MK</arg>
<arg>ML</arg>
<arg>MM</arg>
<arg>MN</arg>
<arg>MO</arg>
<arg>MP</arg>
<arg>MQ</arg>
<arg>MR</arg>
<arg>MS</arg>
<arg>MT</arg>
<arg>MU</arg>
<arg>MV</arg>
<arg>MW</arg>
<arg>MX</arg>
<arg>MY</arg>
<arg>MZ</arg>
<arg>NA</arg>
<arg>NC</arg>
<arg>NE</arg>
<arg>NF</arg>
<arg>NG</arg>
<arg>NI</arg>
<arg>NL</arg>
<arg>NO</arg>
<arg>NP</arg>
<arg>NR</arg>
<arg>NU</arg>
<arg>NZ</arg>
<arg>OM</arg>
<arg>PA</arg>
<arg>PE</arg>
<arg>PF</arg>
<arg>PG</arg>
<arg>PH</arg>
<arg>PK</arg>
<arg>PL</arg>
<arg>PM</arg>
<arg>PN</arg>
<arg>PR</arg>
<arg>PS</arg>
<arg>PT</arg>
<arg>PW</arg>
<arg>PY</arg>
<arg>QA</arg>
<arg>RE</arg>
<arg>RO</arg>
<arg>RS</arg>
<arg>RU</arg>
<arg>RW</arg>
<arg>SA</arg>
<arg>SB</arg>
<arg>SC</arg>
<arg>SD</arg>
<arg>SE</arg>
<arg>SG</arg>
<arg>SH</arg>
<arg>SI</arg>
<arg>SJ</arg>
<arg>SK</arg>
<arg>SL</arg>
<arg>SM</arg>
<arg>SN</arg>
<arg>SO</arg>
<arg>SR</arg>
<arg>SS</arg>
<arg>ST</arg>
<arg>SV</arg>
<arg>SX</arg>
<arg>SY</arg>
<arg>SZ</arg>
<arg>TC</arg>
<arg>TD</arg>
<arg>TF</arg>
<arg>TG</arg>
<arg>TH</arg>
<arg>TJ</arg>
<arg>TK</arg>
<arg>TL</arg>
<arg>TM</arg>
<arg>TN</arg>
<arg>TO</arg>
<arg>TR</arg>
<arg>TT</arg>
<arg>TV</arg>
<arg>TW</arg>
<arg>TZ</arg>
<arg>UA</arg>
<arg>UG</arg>
<arg>UM</arg>
<arg>US</arg>
<arg>UY</arg>
<arg>UZ</arg>
<arg>VA</arg>
<arg>VC</arg>
<arg>VE</arg>
<arg>VG</arg>
<arg>VI</arg>
<arg>VN</arg>
<arg>VU</arg>
<arg>WF</arg>
<arg>WS</arg>
<arg>XK</arg>
<arg>YE</arg>
<arg>YT</arg>
<arg>ZA</arg>
<arg>ZM</arg>
<arg>ZW</arg>
<doc>Returns a list containing given items.</doc>
<status status="PASS" start="2024-06-29T03:17:30.384016" elapsed="0.000621"/>
</kw>
<kw name="List Should Contain Value" owner="Collections">
<arg>${list_country}</arg>
<arg>${name_country}</arg>
<doc>Fails if the ``value`` is not found from ``list``.</doc>
<status status="PASS" start="2024-06-29T03:17:30.385439" elapsed="0.000203"/>
</kw>
<kw name="Run Keyword If" owner="BuiltIn">
<kw name="Should Be True" owner="BuiltIn">
<arg>${True}</arg>
<doc>Fails if the given condition is not true.</doc>
<status status="PASS" start="2024-06-29T03:17:30.386612" elapsed="0.000141"/>
</kw>
<arg>${json_data["results"][0]["location"]["coordinates"]["latitude"]} &gt;= -90 and ${json_data["results"][0]["location"]["coordinates"]["latitude"]} &lt;= 90</arg>
<arg>Should Be True</arg>
<arg>${True}</arg>
<doc>Runs the given keyword with the given arguments, if ``condition`` is true.</doc>
<status status="PASS" start="2024-06-29T03:17:30.385868" elapsed="0.001007"/>
</kw>
<kw name="Run Keyword If" owner="BuiltIn">
<kw name="Should Be True" owner="BuiltIn">
<arg>${True}</arg>
<doc>Fails if the given condition is not true.</doc>
<status status="PASS" start="2024-06-29T03:17:30.387742" elapsed="0.000135"/>
</kw>
<arg>${json_data["results"][0]["location"]["coordinates"]["longitude"]} &gt;= -180 and ${json_data["results"][0]["location"]["coordinates"]["longitude"]} &lt;= 180</arg>
<arg>Should Be True</arg>
<arg>${True}</arg>
<doc>Runs the given keyword with the given arguments, if ``condition`` is true.</doc>
<status status="PASS" start="2024-06-29T03:17:30.387054" elapsed="0.000947"/>
</kw>
<status status="PASS" start="2024-06-29T03:17:30.280410" elapsed="0.107722"/>
</kw>
<doc>Testa o conteúdo específico dos campos retornados pela API.</doc>
<tag>testeConteudo</tag>
<status status="PASS" start="2024-06-29T03:17:30.279876" elapsed="0.108409"/>
</test>
<status status="PASS" start="2024-06-29T03:17:29.448581" elapsed="0.941733"/>
</suite>
<status status="PASS" start="2024-06-29T03:17:29.434054" elapsed="0.961454"/>
</suite>
<statistics>
<total>
<stat pass="5" fail="0" skip="0">All Tests</stat>
</total>
<tag>
<stat pass="1" fail="0" skip="0">testeConteudo</stat>
<stat pass="1" fail="0" skip="0">testeEstruturaResposta</stat>
<stat pass="1" fail="0" skip="0">testeRequisicaoBasica</stat>
<stat pass="1" fail="0" skip="0">testeTiposDados</stat>
</tag>
<suite>
<stat pass="5" fail="0" skip="0" id="s1" name="Tests">Tests</stat>
<stat pass="5" fail="0" skip="0" id="s1-s1" name="Random-User-Test">Tests.Random-User-Test</stat>
</suite>
</statistics>
<errors>
</errors>
</robot>
