<?xml version="1.0" encoding="UTF-8"?>
<robot generator="Robot 7.0 (Python 3.12.3 on linux)" generated="2024-06-06T13:17:23.661204" rpa="false" schemaversion="5">
<suite id="s1" name="Tests" source="/home/runner/work/ApiRandomUser/ApiRandomUser/RamdonUser/tests">
<suite id="s1-s1" name="Random-User-Test" source="/home/runner/work/ApiRandomUser/ApiRandomUser/RamdonUser/tests/random-user-test.robot">
<test id="s1-s1-t1" name="Conectar" line="13">
<kw name="Conectar API" owner="random-user-service">
<kw name="Create Session" owner="RequestsLibrary">
<msg time="2024-06-06T13:17:24.084979" level="INFO">Creating Session using : alias=consultarAPI, url=https://randomuser.me/, headers={},                     cookies={}, auth=None, timeout=None, proxies=None, verify=False,                     debug=0 </msg>
<arg>consultarAPI</arg>
<arg>${URL}</arg>
<doc>Create Session: create a HTTP session to a server</doc>
<status status="PASS" start="2024-06-06T13:17:24.084764" elapsed="0.000393"/>
</kw>
<status status="PASS" start="2024-06-06T13:17:24.083724" elapsed="0.001791"/>
</kw>
<status status="PASS" start="2024-06-06T13:17:24.083180" elapsed="0.002532"/>
</test>
<test id="s1-s1-t2" name="Validar retorno 200 e JSON Válido" line="16">
<kw name="Teste de Requisicao Basica" owner="random-user-service">
<kw name="GET On Session" owner="RequestsLibrary">
<msg time="2024-06-06T13:17:24.212742" level="INFO">GET Request : url=https://randomuser.me/api 
 path_url=/api 
 headers={'User-Agent': 'python-requests/2.32.3', 'Accept-Encoding': 'gzip, deflate', 'Accept': '*/*', 'Connection': 'keep-alive'} 
 body=None 
 </msg>
<msg time="2024-06-06T13:17:24.212887" level="INFO">GET Response : url=https://randomuser.me/api 
 status=200, reason=OK 
 headers={'Date': 'Thu, 06 Jun 2024 13:17:24 GMT', 'Content-Type': 'application/json; charset=utf-8', 'Transfer-Encoding': 'chunked', 'Connection': 'keep-alive', 'X-Powered-By': 'Express', 'Access-Control-Allow-Origin': '*', 'Cache-Control': 'no-cache', 'ETag': 'W/"48c-gddVAWmULTRR00RkwmoACnj7XTQ"', 'Vary': 'Accept-Encoding', 'Content-Encoding': 'gzip', 'CF-Cache-Status': 'DYNAMIC', 'Report-To': '{"endpoints":[{"url":"https:\\/\\/a.nel.cloudflare.com\\/report\\/v4?s=XmIO7YowKiFIhjJGXPLz2s1MQ8Z8hGTkbCmq51OHCxaEsxDPnKW%2B9uokutd7A5%2FnXbi6baUKEWT3eUYywvCV2%2Bx4XJZi05FIKSKoHLwdxU8kwzGeGik%2F1ui5IgvfJAVw"}],"group":"cf-nel","max_age":604800}', 'NEL': '{"success_fraction":0,"report_to":"cf-nel","max_age":604800}', 'Server': 'cloudflare', 'CF-RAY': '88f8aeb1bc2b9661-SJC', 'alt-svc': 'h3=":443"; ma=86400'} 
 body={"results":[{"gender":"female","name":{"title":"Miss","first":"Angelina","last":"Zelenović"},"location":{"street":{"number":3743,"name":"Miloja Milojevića"},"city":"Dimitrovgrad","state":"Braničevo","country":"Serbia","postcode":85771,"coordinates":{"latitude":"62.1306","longitude":"115.4294"},"timezone":{"offset":"+5:45","description":"Kathmandu"}},"email":"angelina.zelenovic@example.com","login":{"uuid":"1f5b5830-d351-458f-a9fa-3fad78908c92","username":"redduck996","password":"vanilla","salt":"ovhvF0AJ","md5":"c44d5db60f38b42ee5afea2922750f87","sha1":"bc428b9cbdaaa06daadbda5f342034024b5aff20","sha256":"66960f78bc7b8aea5c725c7cb94fe3fc6cefada1387b5a7045a24221a2b7ae3c"},"dob":{"date":"1983-04-23T02:32:36.270Z","age":41},"registered":{"date":"2019-06-25T09:18:15.561Z","age":4},"phone":"025-0575-182","cell":"066-1961-816","id":{"name":"SID","value":"440884634"},"picture":{"large":"https://randomuser.me/api/portraits/women/44.jpg","medium":"https://randomuser.me/api/portraits/med/women/44.jpg","thumbnail":"https://randomuser.me/api/portraits/thumb/women/44.jpg"},"nat":"RS"}],"info":{"seed":"118dd5729ec53796","results":1,"page":1,"version":"1.4"}} 
 </msg>
<msg time="2024-06-06T13:17:24.212979" level="INFO">/opt/hostedtoolcache/Python/3.12.3/x64/lib/python3.12/site-packages/urllib3/connectionpool.py:1103: InsecureRequestWarning: Unverified HTTPS request is being made to host 'randomuser.me'. Adding certificate verification is strongly advised. See: https://urllib3.readthedocs.io/en/latest/advanced-usage.html#tls-warnings
  warnings.warn(</msg>
<msg time="2024-06-06T13:17:24.213103" level="INFO">${response} = &lt;Response [200]&gt;</msg>
<var>${response}</var>
<arg>consultarAPI</arg>
<arg>/api</arg>
<doc>Sends a GET request on a previously created HTTP Session.</doc>
<status status="PASS" start="2024-06-06T13:17:24.088404" elapsed="0.124742"/>
</kw>
<kw name="Should Be Equal As Numbers" owner="BuiltIn">
<msg time="2024-06-06T13:17:24.214315" level="INFO">Argument types are:
&lt;class 'int'&gt;
&lt;class 'str'&gt;</msg>
<arg>${response.status_code}</arg>
<arg>200</arg>
<doc>Fails if objects are unequal after converting them to real numbers.</doc>
<status status="PASS" start="2024-06-06T13:17:24.213728" elapsed="0.000659"/>
</kw>
<kw name="Log" owner="BuiltIn">
<msg time="2024-06-06T13:17:24.215095" level="INFO">200</msg>
<arg>${response.status_code}</arg>
<doc>Logs the given message with the given level.</doc>
<status status="PASS" start="2024-06-06T13:17:24.214743" elapsed="0.000401"/>
</kw>
<kw name="Set Variable" owner="BuiltIn">
<msg time="2024-06-06T13:17:24.215902" level="INFO">${json_data} = {'results': [{'gender': 'female', 'name': {'title': 'Miss', 'first': 'Angelina', 'last': 'Zelenović'}, 'location': {'street': {'number': 3743, 'name': 'Miloja Milojevića'}, 'city': 'Dimitrovgrad', 'st...</msg>
<var>${json_data}</var>
<arg>${response.json()}</arg>
<doc>Returns the given values which can then be assigned to a variables.</doc>
<status status="PASS" start="2024-06-06T13:17:24.215457" elapsed="0.000475"/>
</kw>
<kw name="Dictionary Should Contain Key" owner="Collections">
<msg time="2024-06-06T13:17:24.216406" level="INFO">False</msg>
<arg>${json_data}</arg>
<arg>results</arg>
<doc>Fails if ``key`` is not found from ``dictionary``.</doc>
<status status="PASS" start="2024-06-06T13:17:24.216238" elapsed="0.000349"/>
</kw>
<status status="PASS" start="2024-06-06T13:17:24.088156" elapsed="0.128699"/>
</kw>
<doc>Testa se a API responde corretamente e retorna um objeto JSON válido.</doc>
<tag>testeRequisicaoBasica</tag>
<status status="PASS" start="2024-06-06T13:17:24.087691" elapsed="0.129344"/>
</test>
<test id="s1-s1-t3" name="Validar estrutura de resposta" line="22">
<kw name="Teste de Estrutura de Resposta" owner="random-user-service">
<kw name="GET On Session" owner="RequestsLibrary">
<msg time="2024-06-06T13:17:24.305787" level="INFO">GET Request : url=https://randomuser.me/api 
 path_url=/api 
 headers={'User-Agent': 'python-requests/2.32.3', 'Accept-Encoding': 'gzip, deflate', 'Accept': '*/*', 'Connection': 'keep-alive'} 
 body=None 
 </msg>
<msg time="2024-06-06T13:17:24.305868" level="INFO">GET Response : url=https://randomuser.me/api 
 status=200, reason=OK 
 headers={'Date': 'Thu, 06 Jun 2024 13:17:24 GMT', 'Content-Type': 'application/json; charset=utf-8', 'Transfer-Encoding': 'chunked', 'Connection': 'keep-alive', 'X-Powered-By': 'Express', 'Access-Control-Allow-Origin': '*', 'Cache-Control': 'no-cache', 'ETag': 'W/"489-Xc4f3/Hui/4rk5WqLNtnvEFit3s"', 'Vary': 'Accept-Encoding', 'Content-Encoding': 'gzip', 'CF-Cache-Status': 'DYNAMIC', 'Report-To': '{"endpoints":[{"url":"https:\\/\\/a.nel.cloudflare.com\\/report\\/v4?s=07btp80XL1BcIlhH4kQ0V8Cihv7tmEl4V%2BZ7wL%2FzaoNmrTMymKzNKQ39xkrkBitZtAShO7UHVawAC7fPjEl2Ab02GcoSrvGwRCS%2Baf1DD8zglaAOX4d5EjD8%2FxmNjHiG"}],"group":"cf-nel","max_age":604800}', 'NEL': '{"success_fraction":0,"report_to":"cf-nel","max_age":604800}', 'Server': 'cloudflare', 'CF-RAY': '88f8aeb26cb39661-SJC', 'alt-svc': 'h3=":443"; ma=86400'} 
 body={"results":[{"gender":"male","name":{"title":"Mr","first":"Charles","last":"Sanchez"},"location":{"street":{"number":2358,"name":"Thornridge Cir"},"city":"Grand Prairie","state":"Montana","country":"United States","postcode":13036,"coordinates":{"latitude":"88.6279","longitude":"-81.0105"},"timezone":{"offset":"+9:30","description":"Adelaide, Darwin"}},"email":"charles.sanchez@example.com","login":{"uuid":"2ce3d580-8d8f-411f-b092-bc3592dfe478","username":"purpledog763","password":"1988","salt":"GZF8gf9E","md5":"ec36e3a3ca9ab90b7a5d92e48a59bac5","sha1":"9ec0155cd380262c7f8c5bde3ac09b04222328c4","sha256":"6700074a05a9fc6e086fae4ad8c76d4c6c18f09050c58e6fdcba64dd5737f513"},"dob":{"date":"1990-02-12T11:32:31.851Z","age":34},"registered":{"date":"2006-09-18T22:31:57.999Z","age":17},"phone":"(618) 992-4559","cell":"(201) 418-5185","id":{"name":"SSN","value":"072-53-8514"},"picture":{"large":"https://randomuser.me/api/portraits/men/36.jpg","medium":"https://randomuser.me/api/portraits/med/men/36.jpg","thumbnail":"https://randomuser.me/api/portraits/thumb/men/36.jpg"},"nat":"US"}],"info":{"seed":"244a7e1bb044a22d","results":1,"page":1,"version":"1.4"}} 
 </msg>
<msg time="2024-06-06T13:17:24.305984" level="INFO">/opt/hostedtoolcache/Python/3.12.3/x64/lib/python3.12/site-packages/urllib3/connectionpool.py:1103: InsecureRequestWarning: Unverified HTTPS request is being made to host 'randomuser.me'. Adding certificate verification is strongly advised. See: https://urllib3.readthedocs.io/en/latest/advanced-usage.html#tls-warnings
  warnings.warn(</msg>
<msg time="2024-06-06T13:17:24.306102" level="INFO">${response} = &lt;Response [200]&gt;</msg>
<var>${response}</var>
<arg>consultarAPI</arg>
<arg>/api</arg>
<doc>Sends a GET request on a previously created HTTP Session.</doc>
<status status="PASS" start="2024-06-06T13:17:24.219746" elapsed="0.086415"/>
</kw>
<kw name="Set Variable" owner="BuiltIn">
<msg time="2024-06-06T13:17:24.307230" level="INFO">${json_data} = {'results': [{'gender': 'male', 'name': {'title': 'Mr', 'first': 'Charles', 'last': 'Sanchez'}, 'location': {'street': {'number': 2358, 'name': 'Thornridge Cir'}, 'city': 'Grand Prairie', 'state': 'Mo...</msg>
<var>${json_data}</var>
<arg>${response.json()}</arg>
<doc>Returns the given values which can then be assigned to a variables.</doc>
<status status="PASS" start="2024-06-06T13:17:24.306633" elapsed="0.000626"/>
</kw>
<kw name="Log" owner="BuiltIn">
<msg time="2024-06-06T13:17:24.307727" level="INFO">{'results': [{'gender': 'male', 'name': {'title': 'Mr', 'first': 'Charles', 'last': 'Sanchez'}, 'location': {'street': {'number': 2358, 'name': 'Thornridge Cir'}, 'city': 'Grand Prairie', 'state': 'Montana', 'country': 'United States', 'postcode': 13036, 'coordinates': {'latitude': '88.6279', 'longitude': '-81.0105'}, 'timezone': {'offset': '+9:30', 'description': 'Adelaide, Darwin'}}, 'email': 'charles.sanchez@example.com', 'login': {'uuid': '2ce3d580-8d8f-411f-b092-bc3592dfe478', 'username': 'purpledog763', 'password': '1988', 'salt': 'GZF8gf9E', 'md5': 'ec36e3a3ca9ab90b7a5d92e48a59bac5', 'sha1': '9ec0155cd380262c7f8c5bde3ac09b04222328c4', 'sha256': '6700074a05a9fc6e086fae4ad8c76d4c6c18f09050c58e6fdcba64dd5737f513'}, 'dob': {'date': '1990-02-12T11:32:31.851Z', 'age': 34}, 'registered': {'date': '2006-09-18T22:31:57.999Z', 'age': 17}, 'phone': '(618) 992-4559', 'cell': '(201) 418-5185', 'id': {'name': 'SSN', 'value': '072-53-8514'}, 'picture': {'large': 'https://randomuser.me/api/portraits/men/36.jpg', 'medium': 'https://randomuser.me/api/portraits/med/men/36.jpg', 'thumbnail': 'https://randomuser.me/api/portraits/thumb/men/36.jpg'}, 'nat': 'US'}], 'info': {'seed': '244a7e1bb044a22d', 'results': 1, 'page': 1, 'version': '1.4'}}</msg>
<arg>${json_data}</arg>
<doc>Logs the given message with the given level.</doc>
<status status="PASS" start="2024-06-06T13:17:24.307572" elapsed="0.000201"/>
</kw>
<kw name="Dictionary Should Contain Key" owner="Collections">
<msg time="2024-06-06T13:17:24.308224" level="INFO">False</msg>
<arg>${json_data}</arg>
<arg>results</arg>
<doc>Fails if ``key`` is not found from ``dictionary``.</doc>
<status status="PASS" start="2024-06-06T13:17:24.308068" elapsed="0.000195"/>
</kw>
<kw name="Should Not Be Empty" owner="BuiltIn">
<msg time="2024-06-06T13:17:24.308691" level="INFO">Length is 2.</msg>
<arg>${json_data}</arg>
<doc>Verifies that the given item is not empty.</doc>
<status status="PASS" start="2024-06-06T13:17:24.308562" elapsed="0.000168"/>
</kw>
<kw name="Create List" owner="BuiltIn">
<msg time="2024-06-06T13:17:24.309164" level="INFO">${expected_keys} = ['gender', 'name', 'location', 'email', 'login']</msg>
<var>${expected_keys}</var>
<arg>gender</arg>
<arg>name</arg>
<arg>location</arg>
<arg>email</arg>
<arg>login</arg>
<doc>Returns a list containing given items.</doc>
<status status="PASS" start="2024-06-06T13:17:24.309017" elapsed="0.000171"/>
</kw>
<for flavor="IN">
<iter>
<kw name="Dictionary Should Contain Key" owner="Collections">
<msg time="2024-06-06T13:17:24.310185" level="INFO">False</msg>
<arg>${json_data['results'][0]}</arg>
<arg>${key}</arg>
<doc>Fails if ``key`` is not found from ``dictionary``.</doc>
<status status="PASS" start="2024-06-06T13:17:24.309753" elapsed="0.000482"/>
</kw>
<kw name="Log" owner="BuiltIn">
<msg time="2024-06-06T13:17:24.310919" level="INFO">{'gender': 'male', 'name': {'title': 'Mr', 'first': 'Charles', 'last': 'Sanchez'}, 'location': {'street': {'number': 2358, 'name': 'Thornridge Cir'}, 'city': 'Grand Prairie', 'state': 'Montana', 'country': 'United States', 'postcode': 13036, 'coordinates': {'latitude': '88.6279', 'longitude': '-81.0105'}, 'timezone': {'offset': '+9:30', 'description': 'Adelaide, Darwin'}}, 'email': 'charles.sanchez@example.com', 'login': {'uuid': '2ce3d580-8d8f-411f-b092-bc3592dfe478', 'username': 'purpledog763', 'password': '1988', 'salt': 'GZF8gf9E', 'md5': 'ec36e3a3ca9ab90b7a5d92e48a59bac5', 'sha1': '9ec0155cd380262c7f8c5bde3ac09b04222328c4', 'sha256': '6700074a05a9fc6e086fae4ad8c76d4c6c18f09050c58e6fdcba64dd5737f513'}, 'dob': {'date': '1990-02-12T11:32:31.851Z', 'age': 34}, 'registered': {'date': '2006-09-18T22:31:57.999Z', 'age': 17}, 'phone': '(618) 992-4559', 'cell': '(201) 418-5185', 'id': {'name': 'SSN', 'value': '072-53-8514'}, 'picture': {'large': 'https://randomuser.me/api/portraits/men/36.jpg', 'medium': 'https://randomuser.me/api/portraits/med/men/36.jpg', 'thumbnail': 'https://randomuser.me/api/portraits/thumb/men/36.jpg'}, 'nat': 'US'}</msg>
<arg>${json_data['results'][0]}</arg>
<doc>Logs the given message with the given level.</doc>
<status status="PASS" start="2024-06-06T13:17:24.310548" elapsed="0.000422"/>
</kw>
<kw name="Log" owner="BuiltIn">
<msg time="2024-06-06T13:17:24.311408" level="INFO">gender</msg>
<arg>${key}</arg>
<doc>Logs the given message with the given level.</doc>
<status status="PASS" start="2024-06-06T13:17:24.311277" elapsed="0.000169"/>
</kw>
<var name="${key}">gender</var>
<status status="PASS" start="2024-06-06T13:17:24.309629" elapsed="0.002034"/>
</iter>
<iter>
<kw name="Dictionary Should Contain Key" owner="Collections">
<msg time="2024-06-06T13:17:24.312354" level="INFO">False</msg>
<arg>${json_data['results'][0]}</arg>
<arg>${key}</arg>
<doc>Fails if ``key`` is not found from ``dictionary``.</doc>
<status status="PASS" start="2024-06-06T13:17:24.311968" elapsed="0.000424"/>
</kw>
<kw name="Log" owner="BuiltIn">
<msg time="2024-06-06T13:17:24.313078" level="INFO">{'gender': 'male', 'name': {'title': 'Mr', 'first': 'Charles', 'last': 'Sanchez'}, 'location': {'street': {'number': 2358, 'name': 'Thornridge Cir'}, 'city': 'Grand Prairie', 'state': 'Montana', 'country': 'United States', 'postcode': 13036, 'coordinates': {'latitude': '88.6279', 'longitude': '-81.0105'}, 'timezone': {'offset': '+9:30', 'description': 'Adelaide, Darwin'}}, 'email': 'charles.sanchez@example.com', 'login': {'uuid': '2ce3d580-8d8f-411f-b092-bc3592dfe478', 'username': 'purpledog763', 'password': '1988', 'salt': 'GZF8gf9E', 'md5': 'ec36e3a3ca9ab90b7a5d92e48a59bac5', 'sha1': '9ec0155cd380262c7f8c5bde3ac09b04222328c4', 'sha256': '6700074a05a9fc6e086fae4ad8c76d4c6c18f09050c58e6fdcba64dd5737f513'}, 'dob': {'date': '1990-02-12T11:32:31.851Z', 'age': 34}, 'registered': {'date': '2006-09-18T22:31:57.999Z', 'age': 17}, 'phone': '(618) 992-4559', 'cell': '(201) 418-5185', 'id': {'name': 'SSN', 'value': '072-53-8514'}, 'picture': {'large': 'https://randomuser.me/api/portraits/men/36.jpg', 'medium': 'https://randomuser.me/api/portraits/med/men/36.jpg', 'thumbnail': 'https://randomuser.me/api/portraits/thumb/men/36.jpg'}, 'nat': 'US'}</msg>
<arg>${json_data['results'][0]}</arg>
<doc>Logs the given message with the given level.</doc>
<status status="PASS" start="2024-06-06T13:17:24.312719" elapsed="0.000408"/>
</kw>
<kw name="Log" owner="BuiltIn">
<msg time="2024-06-06T13:17:24.313559" level="INFO">name</msg>
<arg>${key}</arg>
<doc>Logs the given message with the given level.</doc>
<status status="PASS" start="2024-06-06T13:17:24.313430" elapsed="0.000166"/>
</kw>
<var name="${key}">name</var>
<status status="PASS" start="2024-06-06T13:17:24.311852" elapsed="0.001976"/>
</iter>
<iter>
<kw name="Dictionary Should Contain Key" owner="Collections">
<msg time="2024-06-06T13:17:24.314539" level="INFO">False</msg>
<arg>${json_data['results'][0]}</arg>
<arg>${key}</arg>
<doc>Fails if ``key`` is not found from ``dictionary``.</doc>
<status status="PASS" start="2024-06-06T13:17:24.314120" elapsed="0.000457"/>
</kw>
<kw name="Log" owner="BuiltIn">
<msg time="2024-06-06T13:17:24.315248" level="INFO">{'gender': 'male', 'name': {'title': 'Mr', 'first': 'Charles', 'last': 'Sanchez'}, 'location': {'street': {'number': 2358, 'name': 'Thornridge Cir'}, 'city': 'Grand Prairie', 'state': 'Montana', 'country': 'United States', 'postcode': 13036, 'coordinates': {'latitude': '88.6279', 'longitude': '-81.0105'}, 'timezone': {'offset': '+9:30', 'description': 'Adelaide, Darwin'}}, 'email': 'charles.sanchez@example.com', 'login': {'uuid': '2ce3d580-8d8f-411f-b092-bc3592dfe478', 'username': 'purpledog763', 'password': '1988', 'salt': 'GZF8gf9E', 'md5': 'ec36e3a3ca9ab90b7a5d92e48a59bac5', 'sha1': '9ec0155cd380262c7f8c5bde3ac09b04222328c4', 'sha256': '6700074a05a9fc6e086fae4ad8c76d4c6c18f09050c58e6fdcba64dd5737f513'}, 'dob': {'date': '1990-02-12T11:32:31.851Z', 'age': 34}, 'registered': {'date': '2006-09-18T22:31:57.999Z', 'age': 17}, 'phone': '(618) 992-4559', 'cell': '(201) 418-5185', 'id': {'name': 'SSN', 'value': '072-53-8514'}, 'picture': {'large': 'https://randomuser.me/api/portraits/men/36.jpg', 'medium': 'https://randomuser.me/api/portraits/med/men/36.jpg', 'thumbnail': 'https://randomuser.me/api/portraits/thumb/men/36.jpg'}, 'nat': 'US'}</msg>
<arg>${json_data['results'][0]}</arg>
<doc>Logs the given message with the given level.</doc>
<status status="PASS" start="2024-06-06T13:17:24.314880" elapsed="0.000416"/>
</kw>
<kw name="Log" owner="BuiltIn">
<msg time="2024-06-06T13:17:24.315729" level="INFO">location</msg>
<arg>${key}</arg>
<doc>Logs the given message with the given level.</doc>
<status status="PASS" start="2024-06-06T13:17:24.315600" elapsed="0.000168"/>
</kw>
<var name="${key}">location</var>
<status status="PASS" start="2024-06-06T13:17:24.314006" elapsed="0.001978"/>
</iter>
<iter>
<kw name="Dictionary Should Contain Key" owner="Collections">
<msg time="2024-06-06T13:17:24.316771" level="INFO">False</msg>
<arg>${json_data['results'][0]}</arg>
<arg>${key}</arg>
<doc>Fails if ``key`` is not found from ``dictionary``.</doc>
<status status="PASS" start="2024-06-06T13:17:24.316272" elapsed="0.000538"/>
</kw>
<kw name="Log" owner="BuiltIn">
<msg time="2024-06-06T13:17:24.317476" level="INFO">{'gender': 'male', 'name': {'title': 'Mr', 'first': 'Charles', 'last': 'Sanchez'}, 'location': {'street': {'number': 2358, 'name': 'Thornridge Cir'}, 'city': 'Grand Prairie', 'state': 'Montana', 'country': 'United States', 'postcode': 13036, 'coordinates': {'latitude': '88.6279', 'longitude': '-81.0105'}, 'timezone': {'offset': '+9:30', 'description': 'Adelaide, Darwin'}}, 'email': 'charles.sanchez@example.com', 'login': {'uuid': '2ce3d580-8d8f-411f-b092-bc3592dfe478', 'username': 'purpledog763', 'password': '1988', 'salt': 'GZF8gf9E', 'md5': 'ec36e3a3ca9ab90b7a5d92e48a59bac5', 'sha1': '9ec0155cd380262c7f8c5bde3ac09b04222328c4', 'sha256': '6700074a05a9fc6e086fae4ad8c76d4c6c18f09050c58e6fdcba64dd5737f513'}, 'dob': {'date': '1990-02-12T11:32:31.851Z', 'age': 34}, 'registered': {'date': '2006-09-18T22:31:57.999Z', 'age': 17}, 'phone': '(618) 992-4559', 'cell': '(201) 418-5185', 'id': {'name': 'SSN', 'value': '072-53-8514'}, 'picture': {'large': 'https://randomuser.me/api/portraits/men/36.jpg', 'medium': 'https://randomuser.me/api/portraits/med/men/36.jpg', 'thumbnail': 'https://randomuser.me/api/portraits/thumb/men/36.jpg'}, 'nat': 'US'}</msg>
<arg>${json_data['results'][0]}</arg>
<doc>Logs the given message with the given level.</doc>
<status status="PASS" start="2024-06-06T13:17:24.317114" elapsed="0.000410"/>
</kw>
<kw name="Log" owner="BuiltIn">
<msg time="2024-06-06T13:17:24.317952" level="INFO">email</msg>
<arg>${key}</arg>
<doc>Logs the given message with the given level.</doc>
<status status="PASS" start="2024-06-06T13:17:24.317823" elapsed="0.000166"/>
</kw>
<var name="${key}">email</var>
<status status="PASS" start="2024-06-06T13:17:24.316160" elapsed="0.002084"/>
</iter>
<iter>
<kw name="Dictionary Should Contain Key" owner="Collections">
<msg time="2024-06-06T13:17:24.318931" level="INFO">False</msg>
<arg>${json_data['results'][0]}</arg>
<arg>${key}</arg>
<doc>Fails if ``key`` is not found from ``dictionary``.</doc>
<status status="PASS" start="2024-06-06T13:17:24.318544" elapsed="0.000425"/>
</kw>
<kw name="Log" owner="BuiltIn">
<msg time="2024-06-06T13:17:24.319625" level="INFO">{'gender': 'male', 'name': {'title': 'Mr', 'first': 'Charles', 'last': 'Sanchez'}, 'location': {'street': {'number': 2358, 'name': 'Thornridge Cir'}, 'city': 'Grand Prairie', 'state': 'Montana', 'country': 'United States', 'postcode': 13036, 'coordinates': {'latitude': '88.6279', 'longitude': '-81.0105'}, 'timezone': {'offset': '+9:30', 'description': 'Adelaide, Darwin'}}, 'email': 'charles.sanchez@example.com', 'login': {'uuid': '2ce3d580-8d8f-411f-b092-bc3592dfe478', 'username': 'purpledog763', 'password': '1988', 'salt': 'GZF8gf9E', 'md5': 'ec36e3a3ca9ab90b7a5d92e48a59bac5', 'sha1': '9ec0155cd380262c7f8c5bde3ac09b04222328c4', 'sha256': '6700074a05a9fc6e086fae4ad8c76d4c6c18f09050c58e6fdcba64dd5737f513'}, 'dob': {'date': '1990-02-12T11:32:31.851Z', 'age': 34}, 'registered': {'date': '2006-09-18T22:31:57.999Z', 'age': 17}, 'phone': '(618) 992-4559', 'cell': '(201) 418-5185', 'id': {'name': 'SSN', 'value': '072-53-8514'}, 'picture': {'large': 'https://randomuser.me/api/portraits/men/36.jpg', 'medium': 'https://randomuser.me/api/portraits/med/men/36.jpg', 'thumbnail': 'https://randomuser.me/api/portraits/thumb/men/36.jpg'}, 'nat': 'US'}</msg>
<arg>${json_data['results'][0]}</arg>
<doc>Logs the given message with the given level.</doc>
<status status="PASS" start="2024-06-06T13:17:24.319269" elapsed="0.000413"/>
</kw>
<kw name="Log" owner="BuiltIn">
<msg time="2024-06-06T13:17:24.320108" level="INFO">login</msg>
<arg>${key}</arg>
<doc>Logs the given message with the given level.</doc>
<status status="PASS" start="2024-06-06T13:17:24.319980" elapsed="0.000167"/>
</kw>
<var name="${key}">login</var>
<status status="PASS" start="2024-06-06T13:17:24.318429" elapsed="0.001957"/>
</iter>
<var>${key}</var>
<value>@{expected_keys}</value>
<status status="PASS" start="2024-06-06T13:17:24.309444" elapsed="0.011070"/>
</for>
<kw name="Create List" owner="BuiltIn">
<msg time="2024-06-06T13:17:24.320850" level="INFO">${expected_keysTwo} = ['username', 'password']</msg>
<var>${expected_keysTwo}</var>
<arg>username</arg>
<arg>password</arg>
<doc>Returns a list containing given items.</doc>
<status status="PASS" start="2024-06-06T13:17:24.320711" elapsed="0.000163"/>
</kw>
<for flavor="IN">
<iter>
<kw name="Dictionary Should Contain Key" owner="Collections">
<msg time="2024-06-06T13:17:24.321981" level="INFO">False</msg>
<arg>${json_data['results'][0]['login']}</arg>
<arg>${keyTwo}</arg>
<doc>Fails if ``key`` is not found from ``dictionary``.</doc>
<status status="PASS" start="2024-06-06T13:17:24.321403" elapsed="0.000637"/>
</kw>
<kw name="Dictionary Should Contain Key" owner="Collections">
<msg time="2024-06-06T13:17:24.322843" level="INFO">False</msg>
<arg>${json_data['results'][0]['login']}</arg>
<arg>${keyTwo}</arg>
<doc>Fails if ``key`` is not found from ``dictionary``.</doc>
<status status="PASS" start="2024-06-06T13:17:24.322448" elapsed="0.000434"/>
</kw>
<kw name="Log" owner="BuiltIn">
<msg time="2024-06-06T13:17:24.323306" level="INFO">username</msg>
<arg>${keyTwo}</arg>
<doc>Logs the given message with the given level.</doc>
<status status="PASS" start="2024-06-06T13:17:24.323179" elapsed="0.000166"/>
</kw>
<var name="${keyTwo}">username</var>
<status status="PASS" start="2024-06-06T13:17:24.321262" elapsed="0.002304"/>
</iter>
<iter>
<kw name="Dictionary Should Contain Key" owner="Collections">
<msg time="2024-06-06T13:17:24.324232" level="INFO">False</msg>
<arg>${json_data['results'][0]['login']}</arg>
<arg>${keyTwo}</arg>
<doc>Fails if ``key`` is not found from ``dictionary``.</doc>
<status status="PASS" start="2024-06-06T13:17:24.323849" elapsed="0.000420"/>
</kw>
<kw name="Dictionary Should Contain Key" owner="Collections">
<msg time="2024-06-06T13:17:24.324945" level="INFO">False</msg>
<arg>${json_data['results'][0]['login']}</arg>
<arg>${keyTwo}</arg>
<doc>Fails if ``key`` is not found from ``dictionary``.</doc>
<status status="PASS" start="2024-06-06T13:17:24.324564" elapsed="0.000419"/>
</kw>
<kw name="Log" owner="BuiltIn">
<msg time="2024-06-06T13:17:24.325404" level="INFO">password</msg>
<arg>${keyTwo}</arg>
<doc>Logs the given message with the given level.</doc>
<status status="PASS" start="2024-06-06T13:17:24.325277" elapsed="0.000164"/>
</kw>
<var name="${keyTwo}">password</var>
<status status="PASS" start="2024-06-06T13:17:24.323738" elapsed="0.001916"/>
</iter>
<var>${keyTwo}</var>
<value>@{expected_keysTwo}</value>
<status status="PASS" start="2024-06-06T13:17:24.321110" elapsed="0.004664"/>
</for>
<status status="PASS" start="2024-06-06T13:17:24.219502" elapsed="0.106412"/>
</kw>
<doc>Testa a estrutura da resposta da API.</doc>
<tag>testeEstruturaResposta</tag>
<status status="PASS" start="2024-06-06T13:17:24.218881" elapsed="0.107181"/>
</test>
<test id="s1-s1-t4" name="Validar tipos de dados" line="28">
<kw name="Teste de Tipos de Dados" owner="random-user-service">
<kw name="GET On Session" owner="RequestsLibrary">
<msg time="2024-06-06T13:17:24.411337" level="INFO">GET Request : url=https://randomuser.me/api 
 path_url=/api 
 headers={'User-Agent': 'python-requests/2.32.3', 'Accept-Encoding': 'gzip, deflate', 'Accept': '*/*', 'Connection': 'keep-alive'} 
 body=None 
 </msg>
<msg time="2024-06-06T13:17:24.411406" level="INFO">GET Response : url=https://randomuser.me/api 
 status=200, reason=OK 
 headers={'Date': 'Thu, 06 Jun 2024 13:17:24 GMT', 'Content-Type': 'application/json; charset=utf-8', 'Transfer-Encoding': 'chunked', 'Connection': 'keep-alive', 'X-Powered-By': 'Express', 'Access-Control-Allow-Origin': '*', 'Cache-Control': 'no-cache', 'ETag': 'W/"49a-v0lUDL8JnArWcXOLDvfL1LC5V+0"', 'Vary': 'Accept-Encoding', 'Content-Encoding': 'gzip', 'CF-Cache-Status': 'DYNAMIC', 'Report-To': '{"endpoints":[{"url":"https:\\/\\/a.nel.cloudflare.com\\/report\\/v4?s=D6J3Vt3e6uz7JiiNDz56wEm6YYyLKW%2F0SWla70htntps%2BQu8IceBbMnNPFhHXPSgbw5QmuwZKknkD84UglaLRBDbi%2FtMAdc3I2hJ5hLNWseCCBYqoqz9NPPFuwLdQyc1"}],"group":"cf-nel","max_age":604800}', 'NEL': '{"success_fraction":0,"report_to":"cf-nel","max_age":604800}', 'Server': 'cloudflare', 'CF-RAY': '88f8aeb31d2f9661-SJC', 'alt-svc': 'h3=":443"; ma=86400'} 
 body={"results":[{"gender":"female","name":{"title":"Miss","first":"Esparta","last":"Meraz"},"location":{"street":{"number":6006,"name":"Andador Indonesia"},"city":"Villas Campestres","state":"Nayarit","country":"Mexico","postcode":79757,"coordinates":{"latitude":"28.8093","longitude":"48.8065"},"timezone":{"offset":"+6:00","description":"Almaty, Dhaka, Colombo"}},"email":"esparta.meraz@example.com","login":{"uuid":"580c90f8-cd5c-4d75-9da7-d64b1b9db5e3","username":"heavyswan463","password":"panther","salt":"YwWZCxvZ","md5":"68fb868cc1711ceb7cda02f687f0387d","sha1":"9f116f1756ad9f0bed1eb5b2a1b9d17a71dcd2f4","sha256":"d190863bcb217781aefac32a61ce518af2159e46974fb784174a09364d979110"},"dob":{"date":"1960-11-29T18:07:27.859Z","age":63},"registered":{"date":"2016-12-11T18:46:51.120Z","age":7},"phone":"(675) 873 9245","cell":"(617) 156 6913","id":{"name":"NSS","value":"58 15 47 2589 6"},"picture":{"large":"https://randomuser.me/api/portraits/women/11.jpg","medium":"https://randomuser.me/api/portraits/med/women/11.jpg","thumbnail":"https://randomuser.me/api/portraits/thumb/women/11.jpg"},"nat":"MX"}],"info":{"seed":"d3b21ebe6cf8f370","results":1,"page":1,"version":"1.4"}} 
 </msg>
<msg time="2024-06-06T13:17:24.411463" level="INFO">/opt/hostedtoolcache/Python/3.12.3/x64/lib/python3.12/site-packages/urllib3/connectionpool.py:1103: InsecureRequestWarning: Unverified HTTPS request is being made to host 'randomuser.me'. Adding certificate verification is strongly advised. See: https://urllib3.readthedocs.io/en/latest/advanced-usage.html#tls-warnings
  warnings.warn(</msg>
<msg time="2024-06-06T13:17:24.411550" level="INFO">${response} = &lt;Response [200]&gt;</msg>
<var>${response}</var>
<arg>consultarAPI</arg>
<arg>/api</arg>
<doc>Sends a GET request on a previously created HTTP Session.</doc>
<status status="PASS" start="2024-06-06T13:17:24.328594" elapsed="0.082996"/>
</kw>
<kw name="Set Variable" owner="BuiltIn">
<msg time="2024-06-06T13:17:24.412609" level="INFO">${json_data} = {'results': [{'gender': 'female', 'name': {'title': 'Miss', 'first': 'Esparta', 'last': 'Meraz'}, 'location': {'street': {'number': 6006, 'name': 'Andador Indonesia'}, 'city': 'Villas Campestres', 'st...</msg>
<var>${json_data}</var>
<arg>${response.json()}</arg>
<doc>Returns the given values which can then be assigned to a variables.</doc>
<status status="PASS" start="2024-06-06T13:17:24.412035" elapsed="0.000603"/>
</kw>
<kw name="Log" owner="BuiltIn">
<msg time="2024-06-06T13:17:24.413109" level="INFO">{'results': [{'gender': 'female', 'name': {'title': 'Miss', 'first': 'Esparta', 'last': 'Meraz'}, 'location': {'street': {'number': 6006, 'name': 'Andador Indonesia'}, 'city': 'Villas Campestres', 'state': 'Nayarit', 'country': 'Mexico', 'postcode': 79757, 'coordinates': {'latitude': '28.8093', 'longitude': '48.8065'}, 'timezone': {'offset': '+6:00', 'description': 'Almaty, Dhaka, Colombo'}}, 'email': 'esparta.meraz@example.com', 'login': {'uuid': '580c90f8-cd5c-4d75-9da7-d64b1b9db5e3', 'username': 'heavyswan463', 'password': 'panther', 'salt': 'YwWZCxvZ', 'md5': '68fb868cc1711ceb7cda02f687f0387d', 'sha1': '9f116f1756ad9f0bed1eb5b2a1b9d17a71dcd2f4', 'sha256': 'd190863bcb217781aefac32a61ce518af2159e46974fb784174a09364d979110'}, 'dob': {'date': '1960-11-29T18:07:27.859Z', 'age': 63}, 'registered': {'date': '2016-12-11T18:46:51.120Z', 'age': 7}, 'phone': '(675) 873 9245', 'cell': '(617) 156 6913', 'id': {'name': 'NSS', 'value': '58 15 47 2589 6'}, 'picture': {'large': 'https://randomuser.me/api/portraits/women/11.jpg', 'medium': 'https://randomuser.me/api/portraits/med/women/11.jpg', 'thumbnail': 'https://randomuser.me/api/portraits/thumb/women/11.jpg'}, 'nat': 'MX'}], 'info': {'seed': 'd3b21ebe6cf8f370', 'results': 1, 'page': 1, 'version': '1.4'}}</msg>
<arg>${json_data}</arg>
<doc>Logs the given message with the given level.</doc>
<status status="PASS" start="2024-06-06T13:17:24.412955" elapsed="0.000234"/>
</kw>
<kw name="Should Be String" owner="String">
<arg>${json_data['results'][0]['gender']}</arg>
<doc>Fails if the given ``item`` is not a string.</doc>
<status status="PASS" start="2024-06-06T13:17:24.413503" elapsed="0.000375"/>
</kw>
<kw name="Should Match Regexp" owner="BuiltIn">
<arg>${json_data['results'][0]['email']}</arg>
<arg>^[a-zA-Z0-9._%+-]+@[a-zA-Z0-9.-]+\.[a-zA-Z]{2,}$</arg>
<doc>Fails if ``string`` does not match ``pattern`` as a regular expression.</doc>
<status status="PASS" start="2024-06-06T13:17:24.414070" elapsed="0.000664"/>
</kw>
<kw name="Should Match Regexp" owner="BuiltIn">
<arg>${json_data['results'][0]['dob']['date']}</arg>
<arg>\\d{4}-\\d{2}-\\d{2}T\\d{2}:\\d{2}:\\d{2}\\.\\d{3}Z</arg>
<doc>Fails if ``string`` does not match ``pattern`` as a regular expression.</doc>
<status status="PASS" start="2024-06-06T13:17:24.414933" elapsed="0.000485"/>
</kw>
<kw name="Should Match Regexp" owner="BuiltIn">
<arg>${json_data['results'][0]['registered']['date']}</arg>
<arg>\\d{4}-\\d{2}-\\d{2}T\\d{2}:\\d{2}:\\d{2}\\.\\d{3}Z</arg>
<doc>Fails if ``string`` does not match ``pattern`` as a regular expression.</doc>
<status status="PASS" start="2024-06-06T13:17:24.415609" elapsed="0.000361"/>
</kw>
<kw name="Should Match Regexp" owner="BuiltIn">
<arg>${json_data['results'][0]['picture']['large']}</arg>
<arg>^https?://.*\.(?:png|jpe?g|gif|bmp)$</arg>
<doc>Fails if ``string`` does not match ``pattern`` as a regular expression.</doc>
<status status="PASS" start="2024-06-06T13:17:24.416157" elapsed="0.000461"/>
</kw>
<kw name="Should Match Regexp" owner="BuiltIn">
<arg>${json_data['results'][0]['picture']['medium']}</arg>
<arg>^https?://.*\.(?:png|jpe?g|gif|bmp)$</arg>
<doc>Fails if ``string`` does not match ``pattern`` as a regular expression.</doc>
<status status="PASS" start="2024-06-06T13:17:24.416809" elapsed="0.000347"/>
</kw>
<kw name="Should Match Regexp" owner="BuiltIn">
<arg>${json_data['results'][0]['picture']['thumbnail']}</arg>
<arg>^https?://.*\.(?:png|jpe?g|gif|bmp)$</arg>
<doc>Fails if ``string`` does not match ``pattern`` as a regular expression.</doc>
<status status="PASS" start="2024-06-06T13:17:24.417344" elapsed="0.000344"/>
</kw>
<kw name="Log" owner="BuiltIn">
<msg time="2024-06-06T13:17:24.418214" level="INFO">{'large': 'https://randomuser.me/api/portraits/women/11.jpg', 'medium': 'https://randomuser.me/api/portraits/med/women/11.jpg', 'thumbnail': 'https://randomuser.me/api/portraits/thumb/women/11.jpg'}</msg>
<arg>${json_data['results'][0]['picture']}</arg>
<doc>Logs the given message with the given level.</doc>
<status status="PASS" start="2024-06-06T13:17:24.417865" elapsed="0.000393"/>
</kw>
<status status="PASS" start="2024-06-06T13:17:24.328360" elapsed="0.090154"/>
</kw>
<kw name="Teste de Tipos de Dados - Postcode" owner="random-user-service">
<kw name="GET On Session" owner="RequestsLibrary">
<msg time="2024-06-06T13:17:24.513923" level="INFO">GET Request : url=https://randomuser.me/api 
 path_url=/api 
 headers={'User-Agent': 'python-requests/2.32.3', 'Accept-Encoding': 'gzip, deflate', 'Accept': '*/*', 'Connection': 'keep-alive'} 
 body=None 
 </msg>
<msg time="2024-06-06T13:17:24.514009" level="INFO">GET Response : url=https://randomuser.me/api 
 status=200, reason=OK 
 headers={'Date': 'Thu, 06 Jun 2024 13:17:24 GMT', 'Content-Type': 'application/json; charset=utf-8', 'Transfer-Encoding': 'chunked', 'Connection': 'keep-alive', 'X-Powered-By': 'Express', 'Access-Control-Allow-Origin': '*', 'Cache-Control': 'no-cache', 'ETag': 'W/"492-C0MOQQkdAtnFCG/iLTMMEsZ122I"', 'Vary': 'Accept-Encoding', 'Content-Encoding': 'gzip', 'CF-Cache-Status': 'DYNAMIC', 'Report-To': '{"endpoints":[{"url":"https:\\/\\/a.nel.cloudflare.com\\/report\\/v4?s=JcgmVS9X%2F0aZfmwjLcH%2FhmkDBpPr5caAtPvmLtXh5sNemCawKQ%2BkFxFaBFdss5bxW477gSdJJLXCbb6ZyyIPjj%2Fgq0SfP6%2FpbPKs9eTgVmBVtThj2sp1cgz5osnVhGHM"}],"group":"cf-nel","max_age":604800}', 'NEL': '{"success_fraction":0,"report_to":"cf-nel","max_age":604800}', 'Server': 'cloudflare', 'CF-RAY': '88f8aeb3ad989661-SJC', 'alt-svc': 'h3=":443"; ma=86400'} 
 body={"results":[{"gender":"female","name":{"title":"Ms","first":"Isabella","last":"Green"},"location":{"street":{"number":6451,"name":"Great South Road"},"city":"Palmerston North","state":"Nelson","country":"New Zealand","postcode":94323,"coordinates":{"latitude":"52.3186","longitude":"122.5328"},"timezone":{"offset":"+4:00","description":"Abu Dhabi, Muscat, Baku, Tbilisi"}},"email":"isabella.green@example.com","login":{"uuid":"63c9a597-eaa1-48cc-8727-0ecb1f4154e7","username":"lazybear924","password":"boxcar","salt":"PNeHVWbB","md5":"7119ab9c31b1f1f9d2103821d01b3a34","sha1":"b68a5b0436174615ccd46b59cc1a8597ec8f6f97","sha256":"ea5b35dba202a3fe21d2b2f642f12a845d718c5d63991d129bc34ec1327790c0"},"dob":{"date":"1988-07-12T10:59:54.467Z","age":35},"registered":{"date":"2016-12-10T00:48:06.725Z","age":7},"phone":"(920)-329-4603","cell":"(276)-531-3165","id":{"name":"","value":null},"picture":{"large":"https://randomuser.me/api/portraits/women/9.jpg","medium":"https://randomuser.me/api/portraits/med/women/9.jpg","thumbnail":"https://randomuser.me/api/portraits/thumb/women/9.jpg"},"nat":"NZ"}],"info":{"seed":"987c0a4cf954bdd4","results":1,"page":1,"version":"1.4"}} 
 </msg>
<msg time="2024-06-06T13:17:24.514082" level="INFO">/opt/hostedtoolcache/Python/3.12.3/x64/lib/python3.12/site-packages/urllib3/connectionpool.py:1103: InsecureRequestWarning: Unverified HTTPS request is being made to host 'randomuser.me'. Adding certificate verification is strongly advised. See: https://urllib3.readthedocs.io/en/latest/advanced-usage.html#tls-warnings
  warnings.warn(</msg>
<msg time="2024-06-06T13:17:24.514250" level="INFO">${response} = &lt;Response [200]&gt;</msg>
<var>${response}</var>
<arg>consultarAPI</arg>
<arg>/api</arg>
<doc>Sends a GET request on a previously created HTTP Session.</doc>
<status status="PASS" start="2024-06-06T13:17:24.418947" elapsed="0.095354"/>
</kw>
<kw name="Set Variable" owner="BuiltIn">
<msg time="2024-06-06T13:17:24.515384" level="INFO">${json_data} = {'results': [{'gender': 'female', 'name': {'title': 'Ms', 'first': 'Isabella', 'last': 'Green'}, 'location': {'street': {'number': 6451, 'name': 'Great South Road'}, 'city': 'Palmerston North', 'state...</msg>
<var>${json_data}</var>
<arg>${response.json()}</arg>
<doc>Returns the given values which can then be assigned to a variables.</doc>
<status status="PASS" start="2024-06-06T13:17:24.514819" elapsed="0.000594"/>
</kw>
<kw name="Log" owner="BuiltIn">
<msg time="2024-06-06T13:17:24.515882" level="INFO">{'results': [{'gender': 'female', 'name': {'title': 'Ms', 'first': 'Isabella', 'last': 'Green'}, 'location': {'street': {'number': 6451, 'name': 'Great South Road'}, 'city': 'Palmerston North', 'state': 'Nelson', 'country': 'New Zealand', 'postcode': 94323, 'coordinates': {'latitude': '52.3186', 'longitude': '122.5328'}, 'timezone': {'offset': '+4:00', 'description': 'Abu Dhabi, Muscat, Baku, Tbilisi'}}, 'email': 'isabella.green@example.com', 'login': {'uuid': '63c9a597-eaa1-48cc-8727-0ecb1f4154e7', 'username': 'lazybear924', 'password': 'boxcar', 'salt': 'PNeHVWbB', 'md5': '7119ab9c31b1f1f9d2103821d01b3a34', 'sha1': 'b68a5b0436174615ccd46b59cc1a8597ec8f6f97', 'sha256': 'ea5b35dba202a3fe21d2b2f642f12a845d718c5d63991d129bc34ec1327790c0'}, 'dob': {'date': '1988-07-12T10:59:54.467Z', 'age': 35}, 'registered': {'date': '2016-12-10T00:48:06.725Z', 'age': 7}, 'phone': '(920)-329-4603', 'cell': '(276)-531-3165', 'id': {'name': '', 'value': None}, 'picture': {'large': 'https://randomuser.me/api/portraits/women/9.jpg', 'medium': 'https://randomuser.me/api/portraits/med/women/9.jpg', 'thumbnail': 'https://randomuser.me/api/portraits/thumb/women/9.jpg'}, 'nat': 'NZ'}], 'info': {'seed': '987c0a4cf954bdd4', 'results': 1, 'page': 1, 'version': '1.4'}}</msg>
<arg>${json_data}</arg>
<doc>Logs the given message with the given level.</doc>
<status status="PASS" start="2024-06-06T13:17:24.515728" elapsed="0.000232"/>
</kw>
<kw name="Should Be Equal As Numbers" owner="BuiltIn">
<arg>${json_data['results'][0]['location']['postcode']}</arg>
<arg>${json_data['results'][0]['location']['postcode']}</arg>
<doc>Fails if objects are unequal after converting them to real numbers.</doc>
<status status="PASS" start="2024-06-06T13:17:24.516261" elapsed="0.000623"/>
</kw>
<kw name="Log" owner="BuiltIn">
<msg time="2024-06-06T13:17:24.517411" level="INFO">94323</msg>
<arg>${json_data['results'][0]['location']['postcode']}</arg>
<doc>Logs the given message with the given level.</doc>
<status status="PASS" start="2024-06-06T13:17:24.517076" elapsed="0.000376"/>
</kw>
<status status="PASS" start="2024-06-06T13:17:24.418731" elapsed="0.098973"/>
</kw>
<doc>Testa se os tipos de dados na resposta da API estão corretos.</doc>
<tag>testeTiposDados</tag>
<status status="PASS" start="2024-06-06T13:17:24.327828" elapsed="0.190038"/>
</test>
<test id="s1-s1-t5" name="Validar conteudo" line="35">
<kw name="Teste de Tipos de Conteudo" owner="random-user-service">
<kw name="GET On Session" owner="RequestsLibrary">
<msg time="2024-06-06T13:17:24.616133" level="INFO">GET Request : url=https://randomuser.me/api 
 path_url=/api 
 headers={'User-Agent': 'python-requests/2.32.3', 'Accept-Encoding': 'gzip, deflate', 'Accept': '*/*', 'Connection': 'keep-alive'} 
 body=None 
 </msg>
<msg time="2024-06-06T13:17:24.616219" level="INFO">GET Response : url=https://randomuser.me/api 
 status=200, reason=OK 
 headers={'Date': 'Thu, 06 Jun 2024 13:17:24 GMT', 'Content-Type': 'application/json; charset=utf-8', 'Transfer-Encoding': 'chunked', 'Connection': 'keep-alive', 'X-Powered-By': 'Express', 'Access-Control-Allow-Origin': '*', 'Cache-Control': 'no-cache', 'ETag': 'W/"46f-9bRVj7WWBh0GMxTEhSuhIC0tQzk"', 'Vary': 'Accept-Encoding', 'Content-Encoding': 'gzip', 'CF-Cache-Status': 'DYNAMIC', 'Report-To': '{"endpoints":[{"url":"https:\\/\\/a.nel.cloudflare.com\\/report\\/v4?s=BpwyGdL9PXDyOWrPnWFTfRV20u12gzwP4x5Q%2FV%2BLDWMCJ7XE3SuHAQEvKkOyv33OiUrDGu9OfYbBEyR4SkH2dOAUGCyNZ5varjSgL48mWwEQKBZAw2g9oy83t8vNSnny"}],"group":"cf-nel","max_age":604800}', 'NEL': '{"success_fraction":0,"report_to":"cf-nel","max_age":604800}', 'Server': 'cloudflare', 'CF-RAY': '88f8aeb44e239661-SJC', 'alt-svc': 'h3=":443"; ma=86400'} 
 body={"results":[{"gender":"male","name":{"title":"Mr","first":"Philip","last":"Johansen"},"location":{"street":{"number":1719,"name":"Frejasvej"},"city":"Klitmøller","state":"Sjælland","country":"Denmark","postcode":90265,"coordinates":{"latitude":"-42.1544","longitude":"-101.5936"},"timezone":{"offset":"+3:30","description":"Tehran"}},"email":"philip.johansen@example.com","login":{"uuid":"c49235de-c420-4aa2-9b0b-3dfa9b72ee7b","username":"angrypanda323","password":"qwerty123","salt":"WqiaPOkZ","md5":"a2a09a2ff091776b135a07e1c37cbc24","sha1":"d19592c372e171c1844a01d3dfd5e086bbe9464b","sha256":"83cefd758adc26d640a0302e82196e30785bdbf3e3ab9e1733d95d933f7f2f1e"},"dob":{"date":"1992-11-05T14:09:42.826Z","age":31},"registered":{"date":"2021-09-10T10:31:29.958Z","age":2},"phone":"57419847","cell":"71774173","id":{"name":"CPR","value":"051192-9363"},"picture":{"large":"https://randomuser.me/api/portraits/men/66.jpg","medium":"https://randomuser.me/api/portraits/med/men/66.jpg","thumbnail":"https://randomuser.me/api/portraits/thumb/men/66.jpg"},"nat":"DK"}],"info":{"seed":"ee4aa41241f536d9","results":1,"page":1,"version":"1.4"}} 
 </msg>
<msg time="2024-06-06T13:17:24.616293" level="INFO">/opt/hostedtoolcache/Python/3.12.3/x64/lib/python3.12/site-packages/urllib3/connectionpool.py:1103: InsecureRequestWarning: Unverified HTTPS request is being made to host 'randomuser.me'. Adding certificate verification is strongly advised. See: https://urllib3.readthedocs.io/en/latest/advanced-usage.html#tls-warnings
  warnings.warn(</msg>
<msg time="2024-06-06T13:17:24.616427" level="INFO">${response} = &lt;Response [200]&gt;</msg>
<var>${response}</var>
<arg>consultarAPI</arg>
<arg>/api</arg>
<doc>Sends a GET request on a previously created HTTP Session.</doc>
<status status="PASS" start="2024-06-06T13:17:24.520427" elapsed="0.096051"/>
</kw>
<kw name="Set Variable" owner="BuiltIn">
<msg time="2024-06-06T13:17:24.617538" level="INFO">${json_data} = {'results': [{'gender': 'male', 'name': {'title': 'Mr', 'first': 'Philip', 'last': 'Johansen'}, 'location': {'street': {'number': 1719, 'name': 'Frejasvej'}, 'city': 'Klitmøller', 'state': 'Sjælland',...</msg>
<var>${json_data}</var>
<arg>${response.json()}</arg>
<doc>Returns the given values which can then be assigned to a variables.</doc>
<status status="PASS" start="2024-06-06T13:17:24.616982" elapsed="0.000585"/>
</kw>
<kw name="Set Variable" owner="BuiltIn">
<msg time="2024-06-06T13:17:24.618299" level="INFO">${name_title} = Mr</msg>
<var>${name_title}</var>
<arg>${json_data["results"][0]["name"]["title"]}</arg>
<doc>Returns the given values which can then be assigned to a variables.</doc>
<status status="PASS" start="2024-06-06T13:17:24.617873" elapsed="0.000453"/>
</kw>
<kw name="Create List" owner="BuiltIn">
<msg time="2024-06-06T13:17:24.618771" level="INFO">${allowed_titles} = ['Mr', 'Ms', 'Miss', 'Mrs', 'Madame', 'Monsieur']</msg>
<var>${allowed_titles}</var>
<arg>Mr</arg>
<arg>Ms</arg>
<arg>Miss</arg>
<arg>Mrs</arg>
<arg>Madame</arg>
<arg>Monsieur</arg>
<doc>Returns a list containing given items.</doc>
<status status="PASS" start="2024-06-06T13:17:24.618622" elapsed="0.000173"/>
</kw>
<kw name="List Should Contain Value" owner="Collections">
<msg time="2024-06-06T13:17:24.619276" level="INFO">False</msg>
<arg>${allowed_titles}</arg>
<arg>${name_title}</arg>
<doc>Fails if the ``value`` is not found from ``list``.</doc>
<status status="PASS" start="2024-06-06T13:17:24.619098" elapsed="0.000214"/>
</kw>
<kw name="Set Variable" owner="BuiltIn">
<msg time="2024-06-06T13:17:24.620120" level="INFO">${name_country} = DK</msg>
<var>${name_country}</var>
<arg>${json_data["results"][0]["nat"]}</arg>
<doc>Returns the given values which can then be assigned to a variables.</doc>
<status status="PASS" start="2024-06-06T13:17:24.619605" elapsed="0.000540"/>
</kw>
<kw name="Create List" owner="BuiltIn">
<msg time="2024-06-06T13:17:24.621054" level="INFO">${list_country} = ['AD', 'AE', 'AF', 'AG', 'AI', 'AL', 'AM', 'AO', 'AQ', 'AR', 'AS', 'AT', 'AU', 'AW', 'AX', 'AZ', 'BA', 'BB', 'BD', 'BE', 'BF', 'BG', 'BH', 'BI', 'BJ', 'BL', 'BM', 'BN', 'BO', 'BQ', 'BR', 'BS', 'BT', '...</msg>
<var>${list_country}</var>
<arg>AD</arg>
<arg>AE</arg>
<arg>AF</arg>
<arg>AG</arg>
<arg>AI</arg>
<arg>AL</arg>
<arg>AM</arg>
<arg>AO</arg>
<arg>AQ</arg>
<arg>AR</arg>
<arg>AS</arg>
<arg>AT</arg>
<arg>AU</arg>
<arg>AW</arg>
<arg>AX</arg>
<arg>AZ</arg>
<arg>BA</arg>
<arg>BB</arg>
<arg>BD</arg>
<arg>BE</arg>
<arg>BF</arg>
<arg>BG</arg>
<arg>BH</arg>
<arg>BI</arg>
<arg>BJ</arg>
<arg>BL</arg>
<arg>BM</arg>
<arg>BN</arg>
<arg>BO</arg>
<arg>BQ</arg>
<arg>BR</arg>
<arg>BS</arg>
<arg>BT</arg>
<arg>BV</arg>
<arg>BW</arg>
<arg>BY</arg>
<arg>BZ</arg>
<arg>CA</arg>
<arg>CC</arg>
<arg>CD</arg>
<arg>CF</arg>
<arg>CG</arg>
<arg>CH</arg>
<arg>CI</arg>
<arg>CK</arg>
<arg>CL</arg>
<arg>CM</arg>
<arg>CN</arg>
<arg>CO</arg>
<arg>CR</arg>
<arg>CU</arg>
<arg>CV</arg>
<arg>CW</arg>
<arg>CX</arg>
<arg>CY</arg>
<arg>CZ</arg>
<arg>DE</arg>
<arg>DJ</arg>
<arg>DK</arg>
<arg>DM</arg>
<arg>DO</arg>
<arg>DZ</arg>
<arg>EC</arg>
<arg>EE</arg>
<arg>EG</arg>
<arg>EH</arg>
<arg>ER</arg>
<arg>ES</arg>
<arg>ET</arg>
<arg>FI</arg>
<arg>FJ</arg>
<arg>FK</arg>
<arg>FM</arg>
<arg>FO</arg>
<arg>FR</arg>
<arg>GA</arg>
<arg>GB</arg>
<arg>GD</arg>
<arg>GE</arg>
<arg>GF</arg>
<arg>GG</arg>
<arg>GH</arg>
<arg>GI</arg>
<arg>GL</arg>
<arg>GM</arg>
<arg>GN</arg>
<arg>GP</arg>
<arg>GQ</arg>
<arg>GR</arg>
<arg>GS</arg>
<arg>GT</arg>
<arg>GU</arg>
<arg>GW</arg>
<arg>GY</arg>
<arg>HK</arg>
<arg>HM</arg>
<arg>HN</arg>
<arg>HR</arg>
<arg>HT</arg>
<arg>HU</arg>
<arg>ID</arg>
<arg>IE</arg>
<arg>IL</arg>
<arg>IM</arg>
<arg>IN</arg>
<arg>IO</arg>
<arg>IQ</arg>
<arg>IR</arg>
<arg>IS</arg>
<arg>IT</arg>
<arg>JE</arg>
<arg>JM</arg>
<arg>JO</arg>
<arg>JP</arg>
<arg>KE</arg>
<arg>KG</arg>
<arg>KH</arg>
<arg>KI</arg>
<arg>KM</arg>
<arg>KN</arg>
<arg>KP</arg>
<arg>KR</arg>
<arg>KW</arg>
<arg>KY</arg>
<arg>KZ</arg>
<arg>LA</arg>
<arg>LB</arg>
<arg>LC</arg>
<arg>LI</arg>
<arg>LK</arg>
<arg>LR</arg>
<arg>LS</arg>
<arg>LT</arg>
<arg>LU</arg>
<arg>LV</arg>
<arg>LY</arg>
<arg>MA</arg>
<arg>MC</arg>
<arg>MD</arg>
<arg>ME</arg>
<arg>MF</arg>
<arg>MG</arg>
<arg>MH</arg>
<arg>MK</arg>
<arg>ML</arg>
<arg>MM</arg>
<arg>MN</arg>
<arg>MO</arg>
<arg>MP</arg>
<arg>MQ</arg>
<arg>MR</arg>
<arg>MS</arg>
<arg>MT</arg>
<arg>MU</arg>
<arg>MV</arg>
<arg>MW</arg>
<arg>MX</arg>
<arg>MY</arg>
<arg>MZ</arg>
<arg>NA</arg>
<arg>NC</arg>
<arg>NE</arg>
<arg>NF</arg>
<arg>NG</arg>
<arg>NI</arg>
<arg>NL</arg>
<arg>NO</arg>
<arg>NP</arg>
<arg>NR</arg>
<arg>NU</arg>
<arg>NZ</arg>
<arg>OM</arg>
<arg>PA</arg>
<arg>PE</arg>
<arg>PF</arg>
<arg>PG</arg>
<arg>PH</arg>
<arg>PK</arg>
<arg>PL</arg>
<arg>PM</arg>
<arg>PN</arg>
<arg>PR</arg>
<arg>PS</arg>
<arg>PT</arg>
<arg>PW</arg>
<arg>PY</arg>
<arg>QA</arg>
<arg>RE</arg>
<arg>RO</arg>
<arg>RS</arg>
<arg>RU</arg>
<arg>RW</arg>
<arg>SA</arg>
<arg>SB</arg>
<arg>SC</arg>
<arg>SD</arg>
<arg>SE</arg>
<arg>SG</arg>
<arg>SH</arg>
<arg>SI</arg>
<arg>SJ</arg>
<arg>SK</arg>
<arg>SL</arg>
<arg>SM</arg>
<arg>SN</arg>
<arg>SO</arg>
<arg>SR</arg>
<arg>SS</arg>
<arg>ST</arg>
<arg>SV</arg>
<arg>SX</arg>
<arg>SY</arg>
<arg>SZ</arg>
<arg>TC</arg>
<arg>TD</arg>
<arg>TF</arg>
<arg>TG</arg>
<arg>TH</arg>
<arg>TJ</arg>
<arg>TK</arg>
<arg>TL</arg>
<arg>TM</arg>
<arg>TN</arg>
<arg>TO</arg>
<arg>TR</arg>
<arg>TT</arg>
<arg>TV</arg>
<arg>TW</arg>
<arg>TZ</arg>
<arg>UA</arg>
<arg>UG</arg>
<arg>UM</arg>
<arg>US</arg>
<arg>UY</arg>
<arg>UZ</arg>
<arg>VA</arg>
<arg>VC</arg>
<arg>VE</arg>
<arg>VG</arg>
<arg>VI</arg>
<arg>VN</arg>
<arg>VU</arg>
<arg>WF</arg>
<arg>WS</arg>
<arg>XK</arg>
<arg>YE</arg>
<arg>YT</arg>
<arg>ZA</arg>
<arg>ZM</arg>
<arg>ZW</arg>
<doc>Returns a list containing given items.</doc>
<status status="PASS" start="2024-06-06T13:17:24.620454" elapsed="0.000625"/>
</kw>
<kw name="List Should Contain Value" owner="Collections">
<msg time="2024-06-06T13:17:24.622072" level="INFO">False</msg>
<arg>${list_country}</arg>
<arg>${name_country}</arg>
<doc>Fails if the ``value`` is not found from ``list``.</doc>
<status status="PASS" start="2024-06-06T13:17:24.621872" elapsed="0.000235"/>
</kw>
<kw name="Run Keyword If" owner="BuiltIn">
<kw name="Should Be True" owner="BuiltIn">
<arg>${True}</arg>
<doc>Fails if the given condition is not true.</doc>
<status status="PASS" start="2024-06-06T13:17:24.623212" elapsed="0.000144"/>
</kw>
<arg>${json_data["results"][0]["location"]["coordinates"]["latitude"]} &gt;= -90 and ${json_data["results"][0]["location"]["coordinates"]["latitude"]} &lt;= 90</arg>
<arg>Should Be True</arg>
<arg>${True}</arg>
<doc>Runs the given keyword with the given arguments, if ``condition`` is true.</doc>
<status status="PASS" start="2024-06-06T13:17:24.622463" elapsed="0.001021"/>
</kw>
<kw name="Run Keyword If" owner="BuiltIn">
<kw name="Should Be True" owner="BuiltIn">
<arg>${True}</arg>
<doc>Fails if the given condition is not true.</doc>
<status status="PASS" start="2024-06-06T13:17:24.624365" elapsed="0.000134"/>
</kw>
<arg>${json_data["results"][0]["location"]["coordinates"]["longitude"]} &gt;= -180 and ${json_data["results"][0]["location"]["coordinates"]["longitude"]} &lt;= 180</arg>
<arg>Should Be True</arg>
<arg>${True}</arg>
<doc>Runs the given keyword with the given arguments, if ``condition`` is true.</doc>
<status status="PASS" start="2024-06-06T13:17:24.623675" elapsed="0.000947"/>
</kw>
<status status="PASS" start="2024-06-06T13:17:24.520197" elapsed="0.104554"/>
</kw>
<doc>Testa o conteúdo específico dos campos retornados pela API.</doc>
<tag>testeConteudo</tag>
<status status="PASS" start="2024-06-06T13:17:24.519685" elapsed="0.105211"/>
</test>
<status status="PASS" start="2024-06-06T13:17:23.718441" elapsed="0.908431"/>
</suite>
<status status="PASS" start="2024-06-06T13:17:23.704726" elapsed="0.927350"/>
</suite>
<statistics>
<total>
<stat pass="5" fail="0" skip="0">All Tests</stat>
</total>
<tag>
<stat pass="1" fail="0" skip="0">testeConteudo</stat>
<stat pass="1" fail="0" skip="0">testeEstruturaResposta</stat>
<stat pass="1" fail="0" skip="0">testeRequisicaoBasica</stat>
<stat pass="1" fail="0" skip="0">testeTiposDados</stat>
</tag>
<suite>
<stat pass="5" fail="0" skip="0" id="s1" name="Tests">Tests</stat>
<stat pass="5" fail="0" skip="0" id="s1-s1" name="Random-User-Test">Tests.Random-User-Test</stat>
</suite>
</statistics>
<errors>
</errors>
</robot>
