<?xml version="1.0" encoding="UTF-8"?>
<robot generator="Robot 7.0 (Python 3.12.3 on linux)" generated="2024-06-09T04:18:02.384397" rpa="false" schemaversion="5">
<suite id="s1" name="Tests" source="/home/runner/work/ApiRandomUser/ApiRandomUser/RamdonUser/tests">
<suite id="s1-s1" name="Random-User-Test" source="/home/runner/work/ApiRandomUser/ApiRandomUser/RamdonUser/tests/random-user-test.robot">
<test id="s1-s1-t1" name="Conectar" line="13">
<kw name="Conectar API" owner="random-user-service">
<kw name="Create Session" owner="RequestsLibrary">
<msg time="2024-06-09T04:18:02.772428" level="INFO">Creating Session using : alias=consultarAPI, url=https://randomuser.me/, headers={},                     cookies={}, auth=None, timeout=None, proxies=None, verify=False,                     debug=0 </msg>
<arg>consultarAPI</arg>
<arg>${URL}</arg>
<doc>Create Session: create a HTTP session to a server</doc>
<status status="PASS" start="2024-06-09T04:18:02.772214" elapsed="0.000405"/>
</kw>
<status status="PASS" start="2024-06-09T04:18:02.771148" elapsed="0.001848"/>
</kw>
<status status="PASS" start="2024-06-09T04:18:02.770481" elapsed="0.002715"/>
</test>
<test id="s1-s1-t2" name="Validar retorno 200 e JSON Válido" line="16">
<kw name="Teste de Requisicao Basica" owner="random-user-service">
<kw name="GET On Session" owner="RequestsLibrary">
<msg time="2024-06-09T04:18:02.870376" level="INFO">GET Request : url=https://randomuser.me/api 
 path_url=/api 
 headers={'User-Agent': 'python-requests/2.32.3', 'Accept-Encoding': 'gzip, deflate', 'Accept': '*/*', 'Connection': 'keep-alive'} 
 body=None 
 </msg>
<msg time="2024-06-09T04:18:02.870540" level="INFO">GET Response : url=https://randomuser.me/api 
 status=200, reason=OK 
 headers={'Date': 'Sun, 09 Jun 2024 04:18:02 GMT', 'Content-Type': 'application/json; charset=utf-8', 'Transfer-Encoding': 'chunked', 'Connection': 'keep-alive', 'X-Powered-By': 'Express', 'Access-Control-Allow-Origin': '*', 'Cache-Control': 'no-cache', 'ETag': 'W/"46f-yCJYJcBEiPgthKJB/W7w7JYCiXA"', 'Vary': 'Accept-Encoding', 'Content-Encoding': 'gzip', 'CF-Cache-Status': 'DYNAMIC', 'Report-To': '{"endpoints":[{"url":"https:\\/\\/a.nel.cloudflare.com\\/report\\/v4?s=%2FK9Cc39cjd1b49LFPmoI64CEBoqhaRDi9%2FK2l4m9yV%2BgCS0jU39QnlfjADt7syRTA48z4Ae3bUKU4T4u6ZfICqCBEBY9ldq%2FE8UtE%2F7xAj9Jrj2zTW920bfer1MNbVZx"}],"group":"cf-nel","max_age":604800}', 'NEL': '{"success_fraction":0,"report_to":"cf-nel","max_age":604800}', 'Server': 'cloudflare', 'CF-RAY': '890e50bf8e7c1242-ORD', 'alt-svc': 'h3=":443"; ma=86400'} 
 body={"results":[{"gender":"male","name":{"title":"Mr","first":"Naveen","last":"Rajesh"},"location":{"street":{"number":9693,"name":"Santhekatte"},"city":"Kota","state":"Mizoram","country":"India","postcode":54763,"coordinates":{"latitude":"9.7844","longitude":"-93.6515"},"timezone":{"offset":"-12:00","description":"Eniwetok, Kwajalein"}},"email":"naveen.rajesh@example.com","login":{"uuid":"ab0fd8a7-e480-4257-952d-a373e370f516","username":"bigswan690","password":"duckie","salt":"6rFbiwDK","md5":"84d4609656fa72b0987a78130eb9b854","sha1":"db550b095489d972eac936ac8107103e68dfcfab","sha256":"a3386b43c4e1d9f6147f24868cbbe8a6a89f9316ad9ed9f0cb2cd711b21bb722"},"dob":{"date":"1958-06-28T05:48:58.794Z","age":65},"registered":{"date":"2011-08-23T23:57:43.245Z","age":12},"phone":"9240930471","cell":"9849092277","id":{"name":"UIDAI","value":"308132541815"},"picture":{"large":"https://randomuser.me/api/portraits/men/24.jpg","medium":"https://randomuser.me/api/portraits/med/men/24.jpg","thumbnail":"https://randomuser.me/api/portraits/thumb/men/24.jpg"},"nat":"IN"}],"info":{"seed":"fc4a2efb535666b6","results":1,"page":1,"version":"1.4"}} 
 </msg>
<msg time="2024-06-09T04:18:02.870635" level="INFO">/opt/hostedtoolcache/Python/3.12.3/x64/lib/python3.12/site-packages/urllib3/connectionpool.py:1103: InsecureRequestWarning: Unverified HTTPS request is being made to host 'randomuser.me'. Adding certificate verification is strongly advised. See: https://urllib3.readthedocs.io/en/latest/advanced-usage.html#tls-warnings
  warnings.warn(</msg>
<msg time="2024-06-09T04:18:02.870811" level="INFO">${response} = &lt;Response [200]&gt;</msg>
<var>${response}</var>
<arg>consultarAPI</arg>
<arg>/api</arg>
<doc>Sends a GET request on a previously created HTTP Session.</doc>
<status status="PASS" start="2024-06-09T04:18:02.775851" elapsed="0.095016"/>
</kw>
<kw name="Should Be Equal As Numbers" owner="BuiltIn">
<msg time="2024-06-09T04:18:02.871901" level="INFO">Argument types are:
&lt;class 'int'&gt;
&lt;class 'str'&gt;</msg>
<arg>${response.status_code}</arg>
<arg>200</arg>
<doc>Fails if objects are unequal after converting them to real numbers.</doc>
<status status="PASS" start="2024-06-09T04:18:02.871447" elapsed="0.000518"/>
</kw>
<kw name="Log" owner="BuiltIn">
<msg time="2024-06-09T04:18:02.872702" level="INFO">200</msg>
<arg>${response.status_code}</arg>
<doc>Logs the given message with the given level.</doc>
<status status="PASS" start="2024-06-09T04:18:02.872351" elapsed="0.000397"/>
</kw>
<kw name="Set Variable" owner="BuiltIn">
<msg time="2024-06-09T04:18:02.873480" level="INFO">${json_data} = {'results': [{'gender': 'male', 'name': {'title': 'Mr', 'first': 'Naveen', 'last': 'Rajesh'}, 'location': {'street': {'number': 9693, 'name': 'Santhekatte'}, 'city': 'Kota', 'state': 'Mizoram', 'count...</msg>
<var>${json_data}</var>
<arg>${response.json()}</arg>
<doc>Returns the given values which can then be assigned to a variables.</doc>
<status status="PASS" start="2024-06-09T04:18:02.873052" elapsed="0.000457"/>
</kw>
<kw name="Dictionary Should Contain Key" owner="Collections">
<msg time="2024-06-09T04:18:02.873975" level="INFO">False</msg>
<arg>${json_data}</arg>
<arg>results</arg>
<doc>Fails if ``key`` is not found from ``dictionary``.</doc>
<status status="PASS" start="2024-06-09T04:18:02.873809" elapsed="0.000205"/>
</kw>
<status status="PASS" start="2024-06-09T04:18:02.775610" elapsed="0.098656"/>
</kw>
<doc>Testa se a API responde corretamente e retorna um objeto JSON válido.</doc>
<tag>testeRequisicaoBasica</tag>
<status status="PASS" start="2024-06-09T04:18:02.775077" elapsed="0.099382"/>
</test>
<test id="s1-s1-t3" name="Validar estrutura de resposta" line="22">
<kw name="Teste de Estrutura de Resposta" owner="random-user-service">
<kw name="GET On Session" owner="RequestsLibrary">
<msg time="2024-06-09T04:18:02.958128" level="INFO">GET Request : url=https://randomuser.me/api 
 path_url=/api 
 headers={'User-Agent': 'python-requests/2.32.3', 'Accept-Encoding': 'gzip, deflate', 'Accept': '*/*', 'Connection': 'keep-alive'} 
 body=None 
 </msg>
<msg time="2024-06-09T04:18:02.958212" level="INFO">GET Response : url=https://randomuser.me/api 
 status=200, reason=OK 
 headers={'Date': 'Sun, 09 Jun 2024 04:18:02 GMT', 'Content-Type': 'application/json; charset=utf-8', 'Transfer-Encoding': 'chunked', 'Connection': 'keep-alive', 'X-Powered-By': 'Express', 'Access-Control-Allow-Origin': '*', 'Cache-Control': 'no-cache', 'ETag': 'W/"49d-oW2mEZf4MjDdj3gZSJ96ywzDDM4"', 'Vary': 'Accept-Encoding', 'Content-Encoding': 'gzip', 'CF-Cache-Status': 'DYNAMIC', 'Report-To': '{"endpoints":[{"url":"https:\\/\\/a.nel.cloudflare.com\\/report\\/v4?s=xWKdbYtAQNjStKOUzBlprYz86aHnbs6kI1QnDW2w4GhXdDNVI8Zq09XJ7KsxFbkYovO82IWRfkxdGOlcIg0jusjxzy4fnjgL0v3%2BeThs0SckmfBvhSvGGjJoXehUacF%2B"}],"group":"cf-nel","max_age":604800}', 'NEL': '{"success_fraction":0,"report_to":"cf-nel","max_age":604800}', 'Server': 'cloudflare', 'CF-RAY': '890e50bffee71242-ORD', 'alt-svc': 'h3=":443"; ma=86400'} 
 body={"results":[{"gender":"male","name":{"title":"Mr","first":"Živorad","last":"Stanojević"},"location":{"street":{"number":9845,"name":"Kosmetska"},"city":"Golubac","state":"Prizren","country":"Serbia","postcode":45209,"coordinates":{"latitude":"58.2476","longitude":"-82.4410"},"timezone":{"offset":"0:00","description":"Western Europe Time, London, Lisbon, Casablanca"}},"email":"zivorad.stanojevic@example.com","login":{"uuid":"fc7f6496-318e-4845-a637-3ce4cc4947a0","username":"brownladybug293","password":"heineken","salt":"peI6Fsvz","md5":"a63f6655d5f1f4855e04ba6385209e56","sha1":"23c14e9ad7097260e60895cddb7c79b222055d8b","sha256":"c083a649cfd56057ada0aa66de0af57d6684c9bf29ed26341d2ded928714a127"},"dob":{"date":"1989-11-15T00:55:38.971Z","age":34},"registered":{"date":"2020-07-22T06:52:31.077Z","age":3},"phone":"038-2524-606","cell":"061-4028-298","id":{"name":"SID","value":"456742825"},"picture":{"large":"https://randomuser.me/api/portraits/men/29.jpg","medium":"https://randomuser.me/api/portraits/med/men/29.jpg","thumbnail":"https://randomuser.me/api/portraits/thumb/men/29.jpg"},"nat":"RS"}],"info":{"seed":"71f8dddfc6b2eaaf","results":1,"page":1,"version":"1.4"}} 
 </msg>
<msg time="2024-06-09T04:18:02.958326" level="INFO">/opt/hostedtoolcache/Python/3.12.3/x64/lib/python3.12/site-packages/urllib3/connectionpool.py:1103: InsecureRequestWarning: Unverified HTTPS request is being made to host 'randomuser.me'. Adding certificate verification is strongly advised. See: https://urllib3.readthedocs.io/en/latest/advanced-usage.html#tls-warnings
  warnings.warn(</msg>
<msg time="2024-06-09T04:18:02.958451" level="INFO">${response} = &lt;Response [200]&gt;</msg>
<var>${response}</var>
<arg>consultarAPI</arg>
<arg>/api</arg>
<doc>Sends a GET request on a previously created HTTP Session.</doc>
<status status="PASS" start="2024-06-09T04:18:02.877019" elapsed="0.081471"/>
</kw>
<kw name="Set Variable" owner="BuiltIn">
<msg time="2024-06-09T04:18:02.959401" level="INFO">${json_data} = {'results': [{'gender': 'male', 'name': {'title': 'Mr', 'first': 'Živorad', 'last': 'Stanojević'}, 'location': {'street': {'number': 9845, 'name': 'Kosmetska'}, 'city': 'Golubac', 'state': 'Prizren', ...</msg>
<var>${json_data}</var>
<arg>${response.json()}</arg>
<doc>Returns the given values which can then be assigned to a variables.</doc>
<status status="PASS" start="2024-06-09T04:18:02.958910" elapsed="0.000521"/>
</kw>
<kw name="Log" owner="BuiltIn">
<msg time="2024-06-09T04:18:02.959899" level="INFO">{'results': [{'gender': 'male', 'name': {'title': 'Mr', 'first': 'Živorad', 'last': 'Stanojević'}, 'location': {'street': {'number': 9845, 'name': 'Kosmetska'}, 'city': 'Golubac', 'state': 'Prizren', 'country': 'Serbia', 'postcode': 45209, 'coordinates': {'latitude': '58.2476', 'longitude': '-82.4410'}, 'timezone': {'offset': '0:00', 'description': 'Western Europe Time, London, Lisbon, Casablanca'}}, 'email': 'zivorad.stanojevic@example.com', 'login': {'uuid': 'fc7f6496-318e-4845-a637-3ce4cc4947a0', 'username': 'brownladybug293', 'password': 'heineken', 'salt': 'peI6Fsvz', 'md5': 'a63f6655d5f1f4855e04ba6385209e56', 'sha1': '23c14e9ad7097260e60895cddb7c79b222055d8b', 'sha256': 'c083a649cfd56057ada0aa66de0af57d6684c9bf29ed26341d2ded928714a127'}, 'dob': {'date': '1989-11-15T00:55:38.971Z', 'age': 34}, 'registered': {'date': '2020-07-22T06:52:31.077Z', 'age': 3}, 'phone': '038-2524-606', 'cell': '061-4028-298', 'id': {'name': 'SID', 'value': '456742825'}, 'picture': {'large': 'https://randomuser.me/api/portraits/men/29.jpg', 'medium': 'https://randomuser.me/api/portraits/med/men/29.jpg', 'thumbnail': 'https://randomuser.me/api/portraits/thumb/men/29.jpg'}, 'nat': 'RS'}], 'info': {'seed': '71f8dddfc6b2eaaf', 'results': 1, 'page': 1, 'version': '1.4'}}</msg>
<arg>${json_data}</arg>
<doc>Logs the given message with the given level.</doc>
<status status="PASS" start="2024-06-09T04:18:02.959738" elapsed="0.000219"/>
</kw>
<kw name="Dictionary Should Contain Key" owner="Collections">
<msg time="2024-06-09T04:18:02.960440" level="INFO">False</msg>
<arg>${json_data}</arg>
<arg>results</arg>
<doc>Fails if ``key`` is not found from ``dictionary``.</doc>
<status status="PASS" start="2024-06-09T04:18:02.960283" elapsed="0.000194"/>
</kw>
<kw name="Should Not Be Empty" owner="BuiltIn">
<msg time="2024-06-09T04:18:02.960904" level="INFO">Length is 2.</msg>
<arg>${json_data}</arg>
<doc>Verifies that the given item is not empty.</doc>
<status status="PASS" start="2024-06-09T04:18:02.960768" elapsed="0.000174"/>
</kw>
<kw name="Create List" owner="BuiltIn">
<msg time="2024-06-09T04:18:02.961523" level="INFO">${expected_keys} = ['gender', 'name', 'location', 'email', 'login']</msg>
<var>${expected_keys}</var>
<arg>gender</arg>
<arg>name</arg>
<arg>location</arg>
<arg>email</arg>
<arg>login</arg>
<doc>Returns a list containing given items.</doc>
<status status="PASS" start="2024-06-09T04:18:02.961228" elapsed="0.000320"/>
</kw>
<for flavor="IN">
<iter>
<kw name="Dictionary Should Contain Key" owner="Collections">
<msg time="2024-06-09T04:18:02.962531" level="INFO">False</msg>
<arg>${json_data['results'][0]}</arg>
<arg>${key}</arg>
<doc>Fails if ``key`` is not found from ``dictionary``.</doc>
<status status="PASS" start="2024-06-09T04:18:02.962134" elapsed="0.000434"/>
</kw>
<kw name="Log" owner="BuiltIn">
<msg time="2024-06-09T04:18:02.963222" level="INFO">{'gender': 'male', 'name': {'title': 'Mr', 'first': 'Živorad', 'last': 'Stanojević'}, 'location': {'street': {'number': 9845, 'name': 'Kosmetska'}, 'city': 'Golubac', 'state': 'Prizren', 'country': 'Serbia', 'postcode': 45209, 'coordinates': {'latitude': '58.2476', 'longitude': '-82.4410'}, 'timezone': {'offset': '0:00', 'description': 'Western Europe Time, London, Lisbon, Casablanca'}}, 'email': 'zivorad.stanojevic@example.com', 'login': {'uuid': 'fc7f6496-318e-4845-a637-3ce4cc4947a0', 'username': 'brownladybug293', 'password': 'heineken', 'salt': 'peI6Fsvz', 'md5': 'a63f6655d5f1f4855e04ba6385209e56', 'sha1': '23c14e9ad7097260e60895cddb7c79b222055d8b', 'sha256': 'c083a649cfd56057ada0aa66de0af57d6684c9bf29ed26341d2ded928714a127'}, 'dob': {'date': '1989-11-15T00:55:38.971Z', 'age': 34}, 'registered': {'date': '2020-07-22T06:52:31.077Z', 'age': 3}, 'phone': '038-2524-606', 'cell': '061-4028-298', 'id': {'name': 'SID', 'value': '456742825'}, 'picture': {'large': 'https://randomuser.me/api/portraits/men/29.jpg', 'medium': 'https://randomuser.me/api/portraits/med/men/29.jpg', 'thumbnail': 'https://randomuser.me/api/portraits/thumb/men/29.jpg'}, 'nat': 'RS'}</msg>
<arg>${json_data['results'][0]}</arg>
<doc>Logs the given message with the given level.</doc>
<status status="PASS" start="2024-06-09T04:18:02.962862" elapsed="0.000410"/>
</kw>
<kw name="Log" owner="BuiltIn">
<msg time="2024-06-09T04:18:02.963691" level="INFO">gender</msg>
<arg>${key}</arg>
<doc>Logs the given message with the given level.</doc>
<status status="PASS" start="2024-06-09T04:18:02.963563" elapsed="0.000164"/>
</kw>
<var name="${key}">gender</var>
<status status="PASS" start="2024-06-09T04:18:02.962007" elapsed="0.001932"/>
</iter>
<iter>
<kw name="Dictionary Should Contain Key" owner="Collections">
<msg time="2024-06-09T04:18:02.964658" level="INFO">False</msg>
<arg>${json_data['results'][0]}</arg>
<arg>${key}</arg>
<doc>Fails if ``key`` is not found from ``dictionary``.</doc>
<status status="PASS" start="2024-06-09T04:18:02.964269" elapsed="0.000426"/>
</kw>
<kw name="Log" owner="BuiltIn">
<msg time="2024-06-09T04:18:02.965380" level="INFO">{'gender': 'male', 'name': {'title': 'Mr', 'first': 'Živorad', 'last': 'Stanojević'}, 'location': {'street': {'number': 9845, 'name': 'Kosmetska'}, 'city': 'Golubac', 'state': 'Prizren', 'country': 'Serbia', 'postcode': 45209, 'coordinates': {'latitude': '58.2476', 'longitude': '-82.4410'}, 'timezone': {'offset': '0:00', 'description': 'Western Europe Time, London, Lisbon, Casablanca'}}, 'email': 'zivorad.stanojevic@example.com', 'login': {'uuid': 'fc7f6496-318e-4845-a637-3ce4cc4947a0', 'username': 'brownladybug293', 'password': 'heineken', 'salt': 'peI6Fsvz', 'md5': 'a63f6655d5f1f4855e04ba6385209e56', 'sha1': '23c14e9ad7097260e60895cddb7c79b222055d8b', 'sha256': 'c083a649cfd56057ada0aa66de0af57d6684c9bf29ed26341d2ded928714a127'}, 'dob': {'date': '1989-11-15T00:55:38.971Z', 'age': 34}, 'registered': {'date': '2020-07-22T06:52:31.077Z', 'age': 3}, 'phone': '038-2524-606', 'cell': '061-4028-298', 'id': {'name': 'SID', 'value': '456742825'}, 'picture': {'large': 'https://randomuser.me/api/portraits/men/29.jpg', 'medium': 'https://randomuser.me/api/portraits/med/men/29.jpg', 'thumbnail': 'https://randomuser.me/api/portraits/thumb/men/29.jpg'}, 'nat': 'RS'}</msg>
<arg>${json_data['results'][0]}</arg>
<doc>Logs the given message with the given level.</doc>
<status status="PASS" start="2024-06-09T04:18:02.965016" elapsed="0.000416"/>
</kw>
<kw name="Log" owner="BuiltIn">
<msg time="2024-06-09T04:18:02.965855" level="INFO">name</msg>
<arg>${key}</arg>
<doc>Logs the given message with the given level.</doc>
<status status="PASS" start="2024-06-09T04:18:02.965727" elapsed="0.000166"/>
</kw>
<var name="${key}">name</var>
<status status="PASS" start="2024-06-09T04:18:02.964150" elapsed="0.001958"/>
</iter>
<iter>
<kw name="Dictionary Should Contain Key" owner="Collections">
<msg time="2024-06-09T04:18:02.966765" level="INFO">False</msg>
<arg>${json_data['results'][0]}</arg>
<arg>${key}</arg>
<doc>Fails if ``key`` is not found from ``dictionary``.</doc>
<status status="PASS" start="2024-06-09T04:18:02.966396" elapsed="0.000405"/>
</kw>
<kw name="Log" owner="BuiltIn">
<msg time="2024-06-09T04:18:02.967454" level="INFO">{'gender': 'male', 'name': {'title': 'Mr', 'first': 'Živorad', 'last': 'Stanojević'}, 'location': {'street': {'number': 9845, 'name': 'Kosmetska'}, 'city': 'Golubac', 'state': 'Prizren', 'country': 'Serbia', 'postcode': 45209, 'coordinates': {'latitude': '58.2476', 'longitude': '-82.4410'}, 'timezone': {'offset': '0:00', 'description': 'Western Europe Time, London, Lisbon, Casablanca'}}, 'email': 'zivorad.stanojevic@example.com', 'login': {'uuid': 'fc7f6496-318e-4845-a637-3ce4cc4947a0', 'username': 'brownladybug293', 'password': 'heineken', 'salt': 'peI6Fsvz', 'md5': 'a63f6655d5f1f4855e04ba6385209e56', 'sha1': '23c14e9ad7097260e60895cddb7c79b222055d8b', 'sha256': 'c083a649cfd56057ada0aa66de0af57d6684c9bf29ed26341d2ded928714a127'}, 'dob': {'date': '1989-11-15T00:55:38.971Z', 'age': 34}, 'registered': {'date': '2020-07-22T06:52:31.077Z', 'age': 3}, 'phone': '038-2524-606', 'cell': '061-4028-298', 'id': {'name': 'SID', 'value': '456742825'}, 'picture': {'large': 'https://randomuser.me/api/portraits/men/29.jpg', 'medium': 'https://randomuser.me/api/portraits/med/men/29.jpg', 'thumbnail': 'https://randomuser.me/api/portraits/thumb/men/29.jpg'}, 'nat': 'RS'}</msg>
<arg>${json_data['results'][0]}</arg>
<doc>Logs the given message with the given level.</doc>
<status status="PASS" start="2024-06-09T04:18:02.967090" elapsed="0.000414"/>
</kw>
<kw name="Log" owner="BuiltIn">
<msg time="2024-06-09T04:18:02.967934" level="INFO">location</msg>
<arg>${key}</arg>
<doc>Logs the given message with the given level.</doc>
<status status="PASS" start="2024-06-09T04:18:02.967808" elapsed="0.000162"/>
</kw>
<var name="${key}">location</var>
<status status="PASS" start="2024-06-09T04:18:02.966285" elapsed="0.001927"/>
</iter>
<iter>
<kw name="Dictionary Should Contain Key" owner="Collections">
<msg time="2024-06-09T04:18:02.968880" level="INFO">False</msg>
<arg>${json_data['results'][0]}</arg>
<arg>${key}</arg>
<doc>Fails if ``key`` is not found from ``dictionary``.</doc>
<status status="PASS" start="2024-06-09T04:18:02.968500" elapsed="0.000417"/>
</kw>
<kw name="Log" owner="BuiltIn">
<msg time="2024-06-09T04:18:02.969573" level="INFO">{'gender': 'male', 'name': {'title': 'Mr', 'first': 'Živorad', 'last': 'Stanojević'}, 'location': {'street': {'number': 9845, 'name': 'Kosmetska'}, 'city': 'Golubac', 'state': 'Prizren', 'country': 'Serbia', 'postcode': 45209, 'coordinates': {'latitude': '58.2476', 'longitude': '-82.4410'}, 'timezone': {'offset': '0:00', 'description': 'Western Europe Time, London, Lisbon, Casablanca'}}, 'email': 'zivorad.stanojevic@example.com', 'login': {'uuid': 'fc7f6496-318e-4845-a637-3ce4cc4947a0', 'username': 'brownladybug293', 'password': 'heineken', 'salt': 'peI6Fsvz', 'md5': 'a63f6655d5f1f4855e04ba6385209e56', 'sha1': '23c14e9ad7097260e60895cddb7c79b222055d8b', 'sha256': 'c083a649cfd56057ada0aa66de0af57d6684c9bf29ed26341d2ded928714a127'}, 'dob': {'date': '1989-11-15T00:55:38.971Z', 'age': 34}, 'registered': {'date': '2020-07-22T06:52:31.077Z', 'age': 3}, 'phone': '038-2524-606', 'cell': '061-4028-298', 'id': {'name': 'SID', 'value': '456742825'}, 'picture': {'large': 'https://randomuser.me/api/portraits/men/29.jpg', 'medium': 'https://randomuser.me/api/portraits/med/men/29.jpg', 'thumbnail': 'https://randomuser.me/api/portraits/thumb/men/29.jpg'}, 'nat': 'RS'}</msg>
<arg>${json_data['results'][0]}</arg>
<doc>Logs the given message with the given level.</doc>
<status status="PASS" start="2024-06-09T04:18:02.969209" elapsed="0.000414"/>
</kw>
<kw name="Log" owner="BuiltIn">
<msg time="2024-06-09T04:18:02.970049" level="INFO">email</msg>
<arg>${key}</arg>
<doc>Logs the given message with the given level.</doc>
<status status="PASS" start="2024-06-09T04:18:02.969919" elapsed="0.000166"/>
</kw>
<var name="${key}">email</var>
<status status="PASS" start="2024-06-09T04:18:02.968384" elapsed="0.001914"/>
</iter>
<iter>
<kw name="Dictionary Should Contain Key" owner="Collections">
<msg time="2024-06-09T04:18:02.970963" level="INFO">False</msg>
<arg>${json_data['results'][0]}</arg>
<arg>${key}</arg>
<doc>Fails if ``key`` is not found from ``dictionary``.</doc>
<status status="PASS" start="2024-06-09T04:18:02.970579" elapsed="0.000421"/>
</kw>
<kw name="Log" owner="BuiltIn">
<msg time="2024-06-09T04:18:02.971663" level="INFO">{'gender': 'male', 'name': {'title': 'Mr', 'first': 'Živorad', 'last': 'Stanojević'}, 'location': {'street': {'number': 9845, 'name': 'Kosmetska'}, 'city': 'Golubac', 'state': 'Prizren', 'country': 'Serbia', 'postcode': 45209, 'coordinates': {'latitude': '58.2476', 'longitude': '-82.4410'}, 'timezone': {'offset': '0:00', 'description': 'Western Europe Time, London, Lisbon, Casablanca'}}, 'email': 'zivorad.stanojevic@example.com', 'login': {'uuid': 'fc7f6496-318e-4845-a637-3ce4cc4947a0', 'username': 'brownladybug293', 'password': 'heineken', 'salt': 'peI6Fsvz', 'md5': 'a63f6655d5f1f4855e04ba6385209e56', 'sha1': '23c14e9ad7097260e60895cddb7c79b222055d8b', 'sha256': 'c083a649cfd56057ada0aa66de0af57d6684c9bf29ed26341d2ded928714a127'}, 'dob': {'date': '1989-11-15T00:55:38.971Z', 'age': 34}, 'registered': {'date': '2020-07-22T06:52:31.077Z', 'age': 3}, 'phone': '038-2524-606', 'cell': '061-4028-298', 'id': {'name': 'SID', 'value': '456742825'}, 'picture': {'large': 'https://randomuser.me/api/portraits/men/29.jpg', 'medium': 'https://randomuser.me/api/portraits/med/men/29.jpg', 'thumbnail': 'https://randomuser.me/api/portraits/thumb/men/29.jpg'}, 'nat': 'RS'}</msg>
<arg>${json_data['results'][0]}</arg>
<doc>Logs the given message with the given level.</doc>
<status status="PASS" start="2024-06-09T04:18:02.971293" elapsed="0.000420"/>
</kw>
<kw name="Log" owner="BuiltIn">
<msg time="2024-06-09T04:18:02.972156" level="INFO">login</msg>
<arg>${key}</arg>
<doc>Logs the given message with the given level.</doc>
<status status="PASS" start="2024-06-09T04:18:02.972003" elapsed="0.000191"/>
</kw>
<var name="${key}">login</var>
<status status="PASS" start="2024-06-09T04:18:02.970467" elapsed="0.001972"/>
</iter>
<var>${key}</var>
<value>@{expected_keys}</value>
<status status="PASS" start="2024-06-09T04:18:02.961812" elapsed="0.010751"/>
</for>
<kw name="Create List" owner="BuiltIn">
<msg time="2024-06-09T04:18:02.972903" level="INFO">${expected_keysTwo} = ['username', 'password']</msg>
<var>${expected_keysTwo}</var>
<arg>username</arg>
<arg>password</arg>
<doc>Returns a list containing given items.</doc>
<status status="PASS" start="2024-06-09T04:18:02.972755" elapsed="0.000172"/>
</kw>
<for flavor="IN">
<iter>
<kw name="Dictionary Should Contain Key" owner="Collections">
<msg time="2024-06-09T04:18:02.973812" level="INFO">False</msg>
<arg>${json_data['results'][0]['login']}</arg>
<arg>${keyTwo}</arg>
<doc>Fails if ``key`` is not found from ``dictionary``.</doc>
<status status="PASS" start="2024-06-09T04:18:02.973425" elapsed="0.000424"/>
</kw>
<kw name="Dictionary Should Contain Key" owner="Collections">
<msg time="2024-06-09T04:18:02.974531" level="INFO">False</msg>
<arg>${json_data['results'][0]['login']}</arg>
<arg>${keyTwo}</arg>
<doc>Fails if ``key`` is not found from ``dictionary``.</doc>
<status status="PASS" start="2024-06-09T04:18:02.974143" elapsed="0.000424"/>
</kw>
<kw name="Log" owner="BuiltIn">
<msg time="2024-06-09T04:18:02.974981" level="INFO">username</msg>
<arg>${keyTwo}</arg>
<doc>Logs the given message with the given level.</doc>
<status status="PASS" start="2024-06-09T04:18:02.974855" elapsed="0.000163"/>
</kw>
<var name="${keyTwo}">username</var>
<status status="PASS" start="2024-06-09T04:18:02.973316" elapsed="0.001913"/>
</iter>
<iter>
<kw name="Dictionary Should Contain Key" owner="Collections">
<msg time="2024-06-09T04:18:02.975889" level="INFO">False</msg>
<arg>${json_data['results'][0]['login']}</arg>
<arg>${keyTwo}</arg>
<doc>Fails if ``key`` is not found from ``dictionary``.</doc>
<status status="PASS" start="2024-06-09T04:18:02.975514" elapsed="0.000410"/>
</kw>
<kw name="Dictionary Should Contain Key" owner="Collections">
<msg time="2024-06-09T04:18:02.976694" level="INFO">False</msg>
<arg>${json_data['results'][0]['login']}</arg>
<arg>${keyTwo}</arg>
<doc>Fails if ``key`` is not found from ``dictionary``.</doc>
<status status="PASS" start="2024-06-09T04:18:02.976239" elapsed="0.000496"/>
</kw>
<kw name="Log" owner="BuiltIn">
<msg time="2024-06-09T04:18:02.977162" level="INFO">password</msg>
<arg>${keyTwo}</arg>
<doc>Logs the given message with the given level.</doc>
<status status="PASS" start="2024-06-09T04:18:02.977034" elapsed="0.000164"/>
</kw>
<var name="${keyTwo}">password</var>
<status status="PASS" start="2024-06-09T04:18:02.975397" elapsed="0.002021"/>
</iter>
<var>${keyTwo}</var>
<value>@{expected_keysTwo}</value>
<status status="PASS" start="2024-06-09T04:18:02.973163" elapsed="0.004374"/>
</for>
<status status="PASS" start="2024-06-09T04:18:02.876781" elapsed="0.100897"/>
</kw>
<doc>Testa a estrutura da resposta da API.</doc>
<tag>testeEstruturaResposta</tag>
<status status="PASS" start="2024-06-09T04:18:02.876285" elapsed="0.101549"/>
</test>
<test id="s1-s1-t4" name="Validar tipos de dados" line="28">
<kw name="Teste de Tipos de Dados" owner="random-user-service">
<kw name="GET On Session" owner="RequestsLibrary">
<msg time="2024-06-09T04:18:03.074460" level="INFO">GET Request : url=https://randomuser.me/api 
 path_url=/api 
 headers={'User-Agent': 'python-requests/2.32.3', 'Accept-Encoding': 'gzip, deflate', 'Accept': '*/*', 'Connection': 'keep-alive'} 
 body=None 
 </msg>
<msg time="2024-06-09T04:18:03.074565" level="INFO">GET Response : url=https://randomuser.me/api 
 status=200, reason=OK 
 headers={'Date': 'Sun, 09 Jun 2024 04:18:03 GMT', 'Content-Type': 'application/json; charset=utf-8', 'Transfer-Encoding': 'chunked', 'Connection': 'keep-alive', 'X-Powered-By': 'Express', 'Access-Control-Allow-Origin': '*', 'Cache-Control': 'no-cache', 'ETag': 'W/"484-iHVIuAmDXktfvFCMsZ4vT6U3T1U"', 'Vary': 'Accept-Encoding', 'Content-Encoding': 'gzip', 'CF-Cache-Status': 'DYNAMIC', 'Report-To': '{"endpoints":[{"url":"https:\\/\\/a.nel.cloudflare.com\\/report\\/v4?s=cVyBD0kcC4a2XHgzC6QK21%2F5uyN7SA8Z4%2BDooyIQv25enOCIn26fsi%2B%2FFr431GD9FYk4l4pwk07ZNZY68hsUeQHZXqk%2FuDO%2FleMhwWt004q%2BmgBtk4PJZRg6WH2RZDNa"}],"group":"cf-nel","max_age":604800}', 'NEL': '{"success_fraction":0,"report_to":"cf-nel","max_age":604800}', 'Server': 'cloudflare', 'CF-RAY': '890e50c0afb41242-ORD', 'alt-svc': 'h3=":443"; ma=86400'} 
 body={"results":[{"gender":"female","name":{"title":"Miss","first":"Amelia","last":"Brady"},"location":{"street":{"number":5191,"name":"Manor Road"},"city":"Roscommon","state":"Waterford","country":"Ireland","postcode":86004,"coordinates":{"latitude":"3.6750","longitude":"148.2296"},"timezone":{"offset":"+2:00","description":"Kaliningrad, South Africa"}},"email":"amelia.brady@example.com","login":{"uuid":"112886ce-d211-47f6-8fce-a3d31a4cf82c","username":"tinyostrich284","password":"rice","salt":"hhhD0yG8","md5":"12482af5f7b83ff3b3e6b4c03c8829c0","sha1":"7822eea4f807c19d8845a9f6e1e4a613f7d69647","sha256":"366c1a52eabf9c30ed44ce944d13ab3ac8a78c7b9ff2a2ec83b8619b050e3c69"},"dob":{"date":"1992-09-02T20:04:28.718Z","age":31},"registered":{"date":"2006-03-18T21:25:44.893Z","age":18},"phone":"051-289-5177","cell":"081-459-7744","id":{"name":"PPS","value":"3513318T"},"picture":{"large":"https://randomuser.me/api/portraits/women/11.jpg","medium":"https://randomuser.me/api/portraits/med/women/11.jpg","thumbnail":"https://randomuser.me/api/portraits/thumb/women/11.jpg"},"nat":"IE"}],"info":{"seed":"a320a6812dc1978d","results":1,"page":1,"version":"1.4"}} 
 </msg>
<msg time="2024-06-09T04:18:03.074638" level="INFO">/opt/hostedtoolcache/Python/3.12.3/x64/lib/python3.12/site-packages/urllib3/connectionpool.py:1103: InsecureRequestWarning: Unverified HTTPS request is being made to host 'randomuser.me'. Adding certificate verification is strongly advised. See: https://urllib3.readthedocs.io/en/latest/advanced-usage.html#tls-warnings
  warnings.warn(</msg>
<msg time="2024-06-09T04:18:03.074775" level="INFO">${response} = &lt;Response [200]&gt;</msg>
<var>${response}</var>
<arg>consultarAPI</arg>
<arg>/api</arg>
<doc>Sends a GET request on a previously created HTTP Session.</doc>
<status status="PASS" start="2024-06-09T04:18:02.980304" elapsed="0.094522"/>
</kw>
<kw name="Set Variable" owner="BuiltIn">
<msg time="2024-06-09T04:18:03.075911" level="INFO">${json_data} = {'results': [{'gender': 'female', 'name': {'title': 'Miss', 'first': 'Amelia', 'last': 'Brady'}, 'location': {'street': {'number': 5191, 'name': 'Manor Road'}, 'city': 'Roscommon', 'state': 'Waterford...</msg>
<var>${json_data}</var>
<arg>${response.json()}</arg>
<doc>Returns the given values which can then be assigned to a variables.</doc>
<status status="PASS" start="2024-06-09T04:18:03.075342" elapsed="0.000598"/>
</kw>
<kw name="Log" owner="BuiltIn">
<msg time="2024-06-09T04:18:03.076456" level="INFO">{'results': [{'gender': 'female', 'name': {'title': 'Miss', 'first': 'Amelia', 'last': 'Brady'}, 'location': {'street': {'number': 5191, 'name': 'Manor Road'}, 'city': 'Roscommon', 'state': 'Waterford', 'country': 'Ireland', 'postcode': 86004, 'coordinates': {'latitude': '3.6750', 'longitude': '148.2296'}, 'timezone': {'offset': '+2:00', 'description': 'Kaliningrad, South Africa'}}, 'email': 'amelia.brady@example.com', 'login': {'uuid': '112886ce-d211-47f6-8fce-a3d31a4cf82c', 'username': 'tinyostrich284', 'password': 'rice', 'salt': 'hhhD0yG8', 'md5': '12482af5f7b83ff3b3e6b4c03c8829c0', 'sha1': '7822eea4f807c19d8845a9f6e1e4a613f7d69647', 'sha256': '366c1a52eabf9c30ed44ce944d13ab3ac8a78c7b9ff2a2ec83b8619b050e3c69'}, 'dob': {'date': '1992-09-02T20:04:28.718Z', 'age': 31}, 'registered': {'date': '2006-03-18T21:25:44.893Z', 'age': 18}, 'phone': '051-289-5177', 'cell': '081-459-7744', 'id': {'name': 'PPS', 'value': '3513318T'}, 'picture': {'large': 'https://randomuser.me/api/portraits/women/11.jpg', 'medium': 'https://randomuser.me/api/portraits/med/women/11.jpg', 'thumbnail': 'https://randomuser.me/api/portraits/thumb/women/11.jpg'}, 'nat': 'IE'}], 'info': {'seed': 'a320a6812dc1978d', 'results': 1, 'page': 1, 'version': '1.4'}}</msg>
<arg>${json_data}</arg>
<doc>Logs the given message with the given level.</doc>
<status status="PASS" start="2024-06-09T04:18:03.076292" elapsed="0.000252"/>
</kw>
<kw name="Should Be String" owner="String">
<arg>${json_data['results'][0]['gender']}</arg>
<doc>Fails if the given ``item`` is not a string.</doc>
<status status="PASS" start="2024-06-09T04:18:03.076850" elapsed="0.000362"/>
</kw>
<kw name="Should Match Regexp" owner="BuiltIn">
<arg>${json_data['results'][0]['email']}</arg>
<arg>^[a-zA-Z0-9._%+-]+@[a-zA-Z0-9.-]+\.[a-zA-Z]{2,}$</arg>
<doc>Fails if ``string`` does not match ``pattern`` as a regular expression.</doc>
<status status="PASS" start="2024-06-09T04:18:03.077411" elapsed="0.000543"/>
</kw>
<kw name="Should Match Regexp" owner="BuiltIn">
<arg>${json_data['results'][0]['dob']['date']}</arg>
<arg>\\d{4}-\\d{2}-\\d{2}T\\d{2}:\\d{2}:\\d{2}\\.\\d{3}Z</arg>
<doc>Fails if ``string`` does not match ``pattern`` as a regular expression.</doc>
<status status="PASS" start="2024-06-09T04:18:03.078154" elapsed="0.000490"/>
</kw>
<kw name="Should Match Regexp" owner="BuiltIn">
<arg>${json_data['results'][0]['registered']['date']}</arg>
<arg>\\d{4}-\\d{2}-\\d{2}T\\d{2}:\\d{2}:\\d{2}\\.\\d{3}Z</arg>
<doc>Fails if ``string`` does not match ``pattern`` as a regular expression.</doc>
<status status="PASS" start="2024-06-09T04:18:03.078840" elapsed="0.000366"/>
</kw>
<kw name="Should Match Regexp" owner="BuiltIn">
<arg>${json_data['results'][0]['picture']['large']}</arg>
<arg>^https?://.*\.(?:png|jpe?g|gif|bmp)$</arg>
<doc>Fails if ``string`` does not match ``pattern`` as a regular expression.</doc>
<status status="PASS" start="2024-06-09T04:18:03.079399" elapsed="0.000479"/>
</kw>
<kw name="Should Match Regexp" owner="BuiltIn">
<arg>${json_data['results'][0]['picture']['medium']}</arg>
<arg>^https?://.*\.(?:png|jpe?g|gif|bmp)$</arg>
<doc>Fails if ``string`` does not match ``pattern`` as a regular expression.</doc>
<status status="PASS" start="2024-06-09T04:18:03.080071" elapsed="0.000398"/>
</kw>
<kw name="Should Match Regexp" owner="BuiltIn">
<arg>${json_data['results'][0]['picture']['thumbnail']}</arg>
<arg>^https?://.*\.(?:png|jpe?g|gif|bmp)$</arg>
<doc>Fails if ``string`` does not match ``pattern`` as a regular expression.</doc>
<status status="PASS" start="2024-06-09T04:18:03.080679" elapsed="0.000355"/>
</kw>
<kw name="Log" owner="BuiltIn">
<msg time="2024-06-09T04:18:03.081555" level="INFO">{'large': 'https://randomuser.me/api/portraits/women/11.jpg', 'medium': 'https://randomuser.me/api/portraits/med/women/11.jpg', 'thumbnail': 'https://randomuser.me/api/portraits/thumb/women/11.jpg'}</msg>
<arg>${json_data['results'][0]['picture']}</arg>
<doc>Logs the given message with the given level.</doc>
<status status="PASS" start="2024-06-09T04:18:03.081229" elapsed="0.000368"/>
</kw>
<status status="PASS" start="2024-06-09T04:18:02.980053" elapsed="0.101804"/>
</kw>
<kw name="Teste de Tipos de Dados - Postcode" owner="random-user-service">
<kw name="GET On Session" owner="RequestsLibrary">
<msg time="2024-06-09T04:18:03.189111" level="INFO">GET Request : url=https://randomuser.me/api 
 path_url=/api 
 headers={'User-Agent': 'python-requests/2.32.3', 'Accept-Encoding': 'gzip, deflate', 'Accept': '*/*', 'Connection': 'keep-alive'} 
 body=None 
 </msg>
<msg time="2024-06-09T04:18:03.189216" level="INFO">GET Response : url=https://randomuser.me/api 
 status=200, reason=OK 
 headers={'Date': 'Sun, 09 Jun 2024 04:18:03 GMT', 'Content-Type': 'application/json; charset=utf-8', 'Transfer-Encoding': 'chunked', 'Connection': 'keep-alive', 'X-Powered-By': 'Express', 'Access-Control-Allow-Origin': '*', 'Cache-Control': 'no-cache', 'ETag': 'W/"475-qwSBCKotxHrONOHy1B2kfW1elSs"', 'Vary': 'Accept-Encoding', 'Content-Encoding': 'gzip', 'CF-Cache-Status': 'DYNAMIC', 'Report-To': '{"endpoints":[{"url":"https:\\/\\/a.nel.cloudflare.com\\/report\\/v4?s=XyAF86UJ6cJphXoEYj8sP7ogaRDVLdl9oyn4dab%2BjRvH1Sz37dyswTMsjhr8YDy4LO9C3RezEUjTM3YuE4ayWwkFbONvlhPsCLLFqongZ4c%2FIUGc7LsAI%2FFLfKi680l5"}],"group":"cf-nel","max_age":604800}', 'NEL': '{"success_fraction":0,"report_to":"cf-nel","max_age":604800}', 'Server': 'cloudflare', 'CF-RAY': '890e50c1489f1242-ORD', 'alt-svc': 'h3=":443"; ma=86400'} 
 body={"results":[{"gender":"female","name":{"title":"Ms","first":"Shambhavi","last":"Sheikh"},"location":{"street":{"number":9543,"name":"Shivajinagar"},"city":"Jhansi","state":"Uttar Pradesh","country":"India","postcode":76382,"coordinates":{"latitude":"5.7539","longitude":"167.7607"},"timezone":{"offset":"-9:00","description":"Alaska"}},"email":"shambhavi.sheikh@example.com","login":{"uuid":"bdf2fe6f-be03-4cc3-a5b6-147902385eba","username":"happycat363","password":"police","salt":"5anVUm6t","md5":"4964a73681049426b54877ab50bb8107","sha1":"7fec29d1bc8281a20fa3cfd5a8dc9a317a4344e7","sha256":"f0906c4a0fb764649d3dec3ad31f5c8859bd76c18b7ca7de2f73ff064750dbaa"},"dob":{"date":"1971-01-23T14:39:33.087Z","age":53},"registered":{"date":"2014-06-11T14:03:50.968Z","age":9},"phone":"7253966868","cell":"7978576362","id":{"name":"UIDAI","value":"643810682250"},"picture":{"large":"https://randomuser.me/api/portraits/women/2.jpg","medium":"https://randomuser.me/api/portraits/med/women/2.jpg","thumbnail":"https://randomuser.me/api/portraits/thumb/women/2.jpg"},"nat":"IN"}],"info":{"seed":"88a82ed21dc08266","results":1,"page":1,"version":"1.4"}} 
 </msg>
<msg time="2024-06-09T04:18:03.189300" level="INFO">/opt/hostedtoolcache/Python/3.12.3/x64/lib/python3.12/site-packages/urllib3/connectionpool.py:1103: InsecureRequestWarning: Unverified HTTPS request is being made to host 'randomuser.me'. Adding certificate verification is strongly advised. See: https://urllib3.readthedocs.io/en/latest/advanced-usage.html#tls-warnings
  warnings.warn(</msg>
<msg time="2024-06-09T04:18:03.189457" level="INFO">${response} = &lt;Response [200]&gt;</msg>
<var>${response}</var>
<arg>consultarAPI</arg>
<arg>/api</arg>
<doc>Sends a GET request on a previously created HTTP Session.</doc>
<status status="PASS" start="2024-06-09T04:18:03.082329" elapsed="0.107180"/>
</kw>
<kw name="Set Variable" owner="BuiltIn">
<msg time="2024-06-09T04:18:03.190681" level="INFO">${json_data} = {'results': [{'gender': 'female', 'name': {'title': 'Ms', 'first': 'Shambhavi', 'last': 'Sheikh'}, 'location': {'street': {'number': 9543, 'name': 'Shivajinagar'}, 'city': 'Jhansi', 'state': 'Uttar Pr...</msg>
<var>${json_data}</var>
<arg>${response.json()}</arg>
<doc>Returns the given values which can then be assigned to a variables.</doc>
<status status="PASS" start="2024-06-09T04:18:03.190092" elapsed="0.000617"/>
</kw>
<kw name="Log" owner="BuiltIn">
<msg time="2024-06-09T04:18:03.191171" level="INFO">{'results': [{'gender': 'female', 'name': {'title': 'Ms', 'first': 'Shambhavi', 'last': 'Sheikh'}, 'location': {'street': {'number': 9543, 'name': 'Shivajinagar'}, 'city': 'Jhansi', 'state': 'Uttar Pradesh', 'country': 'India', 'postcode': 76382, 'coordinates': {'latitude': '5.7539', 'longitude': '167.7607'}, 'timezone': {'offset': '-9:00', 'description': 'Alaska'}}, 'email': 'shambhavi.sheikh@example.com', 'login': {'uuid': 'bdf2fe6f-be03-4cc3-a5b6-147902385eba', 'username': 'happycat363', 'password': 'police', 'salt': '5anVUm6t', 'md5': '4964a73681049426b54877ab50bb8107', 'sha1': '7fec29d1bc8281a20fa3cfd5a8dc9a317a4344e7', 'sha256': 'f0906c4a0fb764649d3dec3ad31f5c8859bd76c18b7ca7de2f73ff064750dbaa'}, 'dob': {'date': '1971-01-23T14:39:33.087Z', 'age': 53}, 'registered': {'date': '2014-06-11T14:03:50.968Z', 'age': 9}, 'phone': '7253966868', 'cell': '7978576362', 'id': {'name': 'UIDAI', 'value': '643810682250'}, 'picture': {'large': 'https://randomuser.me/api/portraits/women/2.jpg', 'medium': 'https://randomuser.me/api/portraits/med/women/2.jpg', 'thumbnail': 'https://randomuser.me/api/portraits/thumb/women/2.jpg'}, 'nat': 'IN'}], 'info': {'seed': '88a82ed21dc08266', 'results': 1, 'page': 1, 'version': '1.4'}}</msg>
<arg>${json_data}</arg>
<doc>Logs the given message with the given level.</doc>
<status status="PASS" start="2024-06-09T04:18:03.191017" elapsed="0.000237"/>
</kw>
<kw name="Should Be Equal As Numbers" owner="BuiltIn">
<arg>${json_data['results'][0]['location']['postcode']}</arg>
<arg>${json_data['results'][0]['location']['postcode']}</arg>
<doc>Fails if objects are unequal after converting them to real numbers.</doc>
<status status="PASS" start="2024-06-09T04:18:03.191557" elapsed="0.000845"/>
</kw>
<kw name="Log" owner="BuiltIn">
<msg time="2024-06-09T04:18:03.192952" level="INFO">76382</msg>
<arg>${json_data['results'][0]['location']['postcode']}</arg>
<doc>Logs the given message with the given level.</doc>
<status status="PASS" start="2024-06-09T04:18:03.192611" elapsed="0.000381"/>
</kw>
<status status="PASS" start="2024-06-09T04:18:03.082091" elapsed="0.111158"/>
</kw>
<doc>Testa se os tipos de dados na resposta da API estão corretos.</doc>
<tag>testeTiposDados</tag>
<status status="PASS" start="2024-06-09T04:18:02.979600" elapsed="0.213816"/>
</test>
<test id="s1-s1-t5" name="Validar conteudo" line="35">
<kw name="Teste de Tipos de Conteudo" owner="random-user-service">
<kw name="GET On Session" owner="RequestsLibrary">
<msg time="2024-06-09T04:18:03.307195" level="INFO">GET Request : url=https://randomuser.me/api 
 path_url=/api 
 headers={'User-Agent': 'python-requests/2.32.3', 'Accept-Encoding': 'gzip, deflate', 'Accept': '*/*', 'Connection': 'keep-alive'} 
 body=None 
 </msg>
<msg time="2024-06-09T04:18:03.307281" level="INFO">GET Response : url=https://randomuser.me/api 
 status=200, reason=OK 
 headers={'Date': 'Sun, 09 Jun 2024 04:18:03 GMT', 'Content-Type': 'application/json; charset=utf-8', 'Transfer-Encoding': 'chunked', 'Connection': 'keep-alive', 'X-Powered-By': 'Express', 'Access-Control-Allow-Origin': '*', 'Cache-Control': 'no-cache', 'ETag': 'W/"494-FhIBfYbgpMZcwlZ+AoPqqmYlVas"', 'Vary': 'Accept-Encoding', 'Content-Encoding': 'gzip', 'CF-Cache-Status': 'DYNAMIC', 'Report-To': '{"endpoints":[{"url":"https:\\/\\/a.nel.cloudflare.com\\/report\\/v4?s=D%2BBdsVL%2FbWUNF6vGTUgjISF4Ruti508u78ifyiaEPI%2FKxXYJtLpr7omu2zu2XXhPao6FVaCTfW6MRnhpIHpuoUI2U3z6PZmLH%2FrM900SAaGWZmhcC9zP03%2Fp3TWX7hWN"}],"group":"cf-nel","max_age":604800}', 'NEL': '{"success_fraction":0,"report_to":"cf-nel","max_age":604800}', 'Server': 'cloudflare', 'CF-RAY': '890e50c1f95d1242-ORD', 'alt-svc': 'h3=":443"; ma=86400'} 
 body={"results":[{"gender":"male","name":{"title":"Mr","first":"آرتين","last":"قاسمی"},"location":{"street":{"number":749,"name":"کوی نصر"},"city":"اسلام‌شهر","state":"زنجان","country":"Iran","postcode":67288,"coordinates":{"latitude":"15.5882","longitude":"-4.3236"},"timezone":{"offset":"+5:00","description":"Ekaterinburg, Islamabad, Karachi, Tashkent"}},"email":"artyn.qsmy@example.com","login":{"uuid":"07a1f16a-90c3-47b4-8f64-413744bca375","username":"happyfish366","password":"xyz123","salt":"KaVnCSpY","md5":"5f551bab55b01c03f8d8d55b47189f17","sha1":"d1bd176a52d89b295228ec67f090aff3d03c2ef6","sha256":"9ca4376bd71df1b845b836d5f4a1ff4ff976c0d7282b72f3d836fdc59e827b20"},"dob":{"date":"1949-04-17T09:46:08.905Z","age":75},"registered":{"date":"2006-11-21T19:03:39.175Z","age":17},"phone":"032-77624353","cell":"0977-860-8101","id":{"name":"","value":null},"picture":{"large":"https://randomuser.me/api/portraits/men/47.jpg","medium":"https://randomuser.me/api/portraits/med/men/47.jpg","thumbnail":"https://randomuser.me/api/portraits/thumb/men/47.jpg"},"nat":"IR"}],"info":{"seed":"d88b78ad1cb3af1e","results":1,"page":1,"version":"1.4"}} 
 </msg>
<msg time="2024-06-09T04:18:03.307360" level="INFO">/opt/hostedtoolcache/Python/3.12.3/x64/lib/python3.12/site-packages/urllib3/connectionpool.py:1103: InsecureRequestWarning: Unverified HTTPS request is being made to host 'randomuser.me'. Adding certificate verification is strongly advised. See: https://urllib3.readthedocs.io/en/latest/advanced-usage.html#tls-warnings
  warnings.warn(</msg>
<msg time="2024-06-09T04:18:03.307474" level="INFO">${response} = &lt;Response [200]&gt;</msg>
<var>${response}</var>
<arg>consultarAPI</arg>
<arg>/api</arg>
<doc>Sends a GET request on a previously created HTTP Session.</doc>
<status status="PASS" start="2024-06-09T04:18:03.195895" elapsed="0.111630"/>
</kw>
<kw name="Set Variable" owner="BuiltIn">
<msg time="2024-06-09T04:18:03.308687" level="INFO">${json_data} = {'results': [{'gender': 'male', 'name': {'title': 'Mr', 'first': 'آرتين', 'last': 'قاسمی'}, 'location': {'street': {'number': 749, 'name': 'کوی نصر'}, 'city': 'اسلام\u200cشهر', 'state': 'زنجان', 'coun...</msg>
<var>${json_data}</var>
<arg>${response.json()}</arg>
<doc>Returns the given values which can then be assigned to a variables.</doc>
<status status="PASS" start="2024-06-09T04:18:03.308057" elapsed="0.000661"/>
</kw>
<kw name="Set Variable" owner="BuiltIn">
<msg time="2024-06-09T04:18:03.309411" level="INFO">${name_title} = Mr</msg>
<var>${name_title}</var>
<arg>${json_data["results"][0]["name"]["title"]}</arg>
<doc>Returns the given values which can then be assigned to a variables.</doc>
<status status="PASS" start="2024-06-09T04:18:03.309026" elapsed="0.000410"/>
</kw>
<kw name="Create List" owner="BuiltIn">
<msg time="2024-06-09T04:18:03.309886" level="INFO">${allowed_titles} = ['Mr', 'Ms', 'Miss', 'Mrs', 'Madame', 'Monsieur']</msg>
<var>${allowed_titles}</var>
<arg>Mr</arg>
<arg>Ms</arg>
<arg>Miss</arg>
<arg>Mrs</arg>
<arg>Madame</arg>
<arg>Monsieur</arg>
<doc>Returns a list containing given items.</doc>
<status status="PASS" start="2024-06-09T04:18:03.309736" elapsed="0.000175"/>
</kw>
<kw name="List Should Contain Value" owner="Collections">
<msg time="2024-06-09T04:18:03.310391" level="INFO">False</msg>
<arg>${allowed_titles}</arg>
<arg>${name_title}</arg>
<doc>Fails if the ``value`` is not found from ``list``.</doc>
<status status="PASS" start="2024-06-09T04:18:03.310216" elapsed="0.000212"/>
</kw>
<kw name="Set Variable" owner="BuiltIn">
<msg time="2024-06-09T04:18:03.311094" level="INFO">${name_country} = IR</msg>
<var>${name_country}</var>
<arg>${json_data["results"][0]["nat"]}</arg>
<doc>Returns the given values which can then be assigned to a variables.</doc>
<status status="PASS" start="2024-06-09T04:18:03.310722" elapsed="0.000396"/>
</kw>
<kw name="Create List" owner="BuiltIn">
<msg time="2024-06-09T04:18:03.312015" level="INFO">${list_country} = ['AD', 'AE', 'AF', 'AG', 'AI', 'AL', 'AM', 'AO', 'AQ', 'AR', 'AS', 'AT', 'AU', 'AW', 'AX', 'AZ', 'BA', 'BB', 'BD', 'BE', 'BF', 'BG', 'BH', 'BI', 'BJ', 'BL', 'BM', 'BN', 'BO', 'BQ', 'BR', 'BS', 'BT', '...</msg>
<var>${list_country}</var>
<arg>AD</arg>
<arg>AE</arg>
<arg>AF</arg>
<arg>AG</arg>
<arg>AI</arg>
<arg>AL</arg>
<arg>AM</arg>
<arg>AO</arg>
<arg>AQ</arg>
<arg>AR</arg>
<arg>AS</arg>
<arg>AT</arg>
<arg>AU</arg>
<arg>AW</arg>
<arg>AX</arg>
<arg>AZ</arg>
<arg>BA</arg>
<arg>BB</arg>
<arg>BD</arg>
<arg>BE</arg>
<arg>BF</arg>
<arg>BG</arg>
<arg>BH</arg>
<arg>BI</arg>
<arg>BJ</arg>
<arg>BL</arg>
<arg>BM</arg>
<arg>BN</arg>
<arg>BO</arg>
<arg>BQ</arg>
<arg>BR</arg>
<arg>BS</arg>
<arg>BT</arg>
<arg>BV</arg>
<arg>BW</arg>
<arg>BY</arg>
<arg>BZ</arg>
<arg>CA</arg>
<arg>CC</arg>
<arg>CD</arg>
<arg>CF</arg>
<arg>CG</arg>
<arg>CH</arg>
<arg>CI</arg>
<arg>CK</arg>
<arg>CL</arg>
<arg>CM</arg>
<arg>CN</arg>
<arg>CO</arg>
<arg>CR</arg>
<arg>CU</arg>
<arg>CV</arg>
<arg>CW</arg>
<arg>CX</arg>
<arg>CY</arg>
<arg>CZ</arg>
<arg>DE</arg>
<arg>DJ</arg>
<arg>DK</arg>
<arg>DM</arg>
<arg>DO</arg>
<arg>DZ</arg>
<arg>EC</arg>
<arg>EE</arg>
<arg>EG</arg>
<arg>EH</arg>
<arg>ER</arg>
<arg>ES</arg>
<arg>ET</arg>
<arg>FI</arg>
<arg>FJ</arg>
<arg>FK</arg>
<arg>FM</arg>
<arg>FO</arg>
<arg>FR</arg>
<arg>GA</arg>
<arg>GB</arg>
<arg>GD</arg>
<arg>GE</arg>
<arg>GF</arg>
<arg>GG</arg>
<arg>GH</arg>
<arg>GI</arg>
<arg>GL</arg>
<arg>GM</arg>
<arg>GN</arg>
<arg>GP</arg>
<arg>GQ</arg>
<arg>GR</arg>
<arg>GS</arg>
<arg>GT</arg>
<arg>GU</arg>
<arg>GW</arg>
<arg>GY</arg>
<arg>HK</arg>
<arg>HM</arg>
<arg>HN</arg>
<arg>HR</arg>
<arg>HT</arg>
<arg>HU</arg>
<arg>ID</arg>
<arg>IE</arg>
<arg>IL</arg>
<arg>IM</arg>
<arg>IN</arg>
<arg>IO</arg>
<arg>IQ</arg>
<arg>IR</arg>
<arg>IS</arg>
<arg>IT</arg>
<arg>JE</arg>
<arg>JM</arg>
<arg>JO</arg>
<arg>JP</arg>
<arg>KE</arg>
<arg>KG</arg>
<arg>KH</arg>
<arg>KI</arg>
<arg>KM</arg>
<arg>KN</arg>
<arg>KP</arg>
<arg>KR</arg>
<arg>KW</arg>
<arg>KY</arg>
<arg>KZ</arg>
<arg>LA</arg>
<arg>LB</arg>
<arg>LC</arg>
<arg>LI</arg>
<arg>LK</arg>
<arg>LR</arg>
<arg>LS</arg>
<arg>LT</arg>
<arg>LU</arg>
<arg>LV</arg>
<arg>LY</arg>
<arg>MA</arg>
<arg>MC</arg>
<arg>MD</arg>
<arg>ME</arg>
<arg>MF</arg>
<arg>MG</arg>
<arg>MH</arg>
<arg>MK</arg>
<arg>ML</arg>
<arg>MM</arg>
<arg>MN</arg>
<arg>MO</arg>
<arg>MP</arg>
<arg>MQ</arg>
<arg>MR</arg>
<arg>MS</arg>
<arg>MT</arg>
<arg>MU</arg>
<arg>MV</arg>
<arg>MW</arg>
<arg>MX</arg>
<arg>MY</arg>
<arg>MZ</arg>
<arg>NA</arg>
<arg>NC</arg>
<arg>NE</arg>
<arg>NF</arg>
<arg>NG</arg>
<arg>NI</arg>
<arg>NL</arg>
<arg>NO</arg>
<arg>NP</arg>
<arg>NR</arg>
<arg>NU</arg>
<arg>NZ</arg>
<arg>OM</arg>
<arg>PA</arg>
<arg>PE</arg>
<arg>PF</arg>
<arg>PG</arg>
<arg>PH</arg>
<arg>PK</arg>
<arg>PL</arg>
<arg>PM</arg>
<arg>PN</arg>
<arg>PR</arg>
<arg>PS</arg>
<arg>PT</arg>
<arg>PW</arg>
<arg>PY</arg>
<arg>QA</arg>
<arg>RE</arg>
<arg>RO</arg>
<arg>RS</arg>
<arg>RU</arg>
<arg>RW</arg>
<arg>SA</arg>
<arg>SB</arg>
<arg>SC</arg>
<arg>SD</arg>
<arg>SE</arg>
<arg>SG</arg>
<arg>SH</arg>
<arg>SI</arg>
<arg>SJ</arg>
<arg>SK</arg>
<arg>SL</arg>
<arg>SM</arg>
<arg>SN</arg>
<arg>SO</arg>
<arg>SR</arg>
<arg>SS</arg>
<arg>ST</arg>
<arg>SV</arg>
<arg>SX</arg>
<arg>SY</arg>
<arg>SZ</arg>
<arg>TC</arg>
<arg>TD</arg>
<arg>TF</arg>
<arg>TG</arg>
<arg>TH</arg>
<arg>TJ</arg>
<arg>TK</arg>
<arg>TL</arg>
<arg>TM</arg>
<arg>TN</arg>
<arg>TO</arg>
<arg>TR</arg>
<arg>TT</arg>
<arg>TV</arg>
<arg>TW</arg>
<arg>TZ</arg>
<arg>UA</arg>
<arg>UG</arg>
<arg>UM</arg>
<arg>US</arg>
<arg>UY</arg>
<arg>UZ</arg>
<arg>VA</arg>
<arg>VC</arg>
<arg>VE</arg>
<arg>VG</arg>
<arg>VI</arg>
<arg>VN</arg>
<arg>VU</arg>
<arg>WF</arg>
<arg>WS</arg>
<arg>XK</arg>
<arg>YE</arg>
<arg>YT</arg>
<arg>ZA</arg>
<arg>ZM</arg>
<arg>ZW</arg>
<doc>Returns a list containing given items.</doc>
<status status="PASS" start="2024-06-09T04:18:03.311419" elapsed="0.000621"/>
</kw>
<kw name="List Should Contain Value" owner="Collections">
<msg time="2024-06-09T04:18:03.313106" level="INFO">False</msg>
<arg>${list_country}</arg>
<arg>${name_country}</arg>
<doc>Fails if the ``value`` is not found from ``list``.</doc>
<status status="PASS" start="2024-06-09T04:18:03.312899" elapsed="0.000244"/>
</kw>
<kw name="Run Keyword If" owner="BuiltIn">
<kw name="Should Be True" owner="BuiltIn">
<arg>${True}</arg>
<doc>Fails if the given condition is not true.</doc>
<status status="PASS" start="2024-06-09T04:18:03.314207" elapsed="0.000144"/>
</kw>
<arg>${json_data["results"][0]["location"]["coordinates"]["latitude"]} &gt;= -90 and ${json_data["results"][0]["location"]["coordinates"]["latitude"]} &lt;= 90</arg>
<arg>Should Be True</arg>
<arg>${True}</arg>
<doc>Runs the given keyword with the given arguments, if ``condition`` is true.</doc>
<status status="PASS" start="2024-06-09T04:18:03.313458" elapsed="0.001019"/>
</kw>
<kw name="Run Keyword If" owner="BuiltIn">
<kw name="Should Be True" owner="BuiltIn">
<arg>${True}</arg>
<doc>Fails if the given condition is not true.</doc>
<status status="PASS" start="2024-06-09T04:18:03.315357" elapsed="0.000246"/>
</kw>
<arg>${json_data["results"][0]["location"]["coordinates"]["longitude"]} &gt;= -180 and ${json_data["results"][0]["location"]["coordinates"]["longitude"]} &lt;= 180</arg>
<arg>Should Be True</arg>
<arg>${True}</arg>
<doc>Runs the given keyword with the given arguments, if ``condition`` is true.</doc>
<status status="PASS" start="2024-06-09T04:18:03.314663" elapsed="0.001067"/>
</kw>
<status status="PASS" start="2024-06-09T04:18:03.195667" elapsed="0.120194"/>
</kw>
<doc>Testa o conteúdo específico dos campos retornados pela API.</doc>
<tag>testeConteudo</tag>
<status status="PASS" start="2024-06-09T04:18:03.195144" elapsed="0.120863"/>
</test>
<status status="PASS" start="2024-06-09T04:18:02.443091" elapsed="0.874916"/>
</suite>
<status status="PASS" start="2024-06-09T04:18:02.428864" elapsed="0.894329"/>
</suite>
<statistics>
<total>
<stat pass="5" fail="0" skip="0">All Tests</stat>
</total>
<tag>
<stat pass="1" fail="0" skip="0">testeConteudo</stat>
<stat pass="1" fail="0" skip="0">testeEstruturaResposta</stat>
<stat pass="1" fail="0" skip="0">testeRequisicaoBasica</stat>
<stat pass="1" fail="0" skip="0">testeTiposDados</stat>
</tag>
<suite>
<stat pass="5" fail="0" skip="0" id="s1" name="Tests">Tests</stat>
<stat pass="5" fail="0" skip="0" id="s1-s1" name="Random-User-Test">Tests.Random-User-Test</stat>
</suite>
</statistics>
<errors>
</errors>
</robot>
