<?xml version="1.0" encoding="UTF-8"?>
<robot generator="Robot 7.0 (Python 3.12.3 on linux)" generated="2024-05-12T01:07:11.108333" rpa="false" schemaversion="5">
<suite id="s1" name="Tests" source="/home/runner/work/DesafioQAItauRogerioJordao/DesafioQAItauRogerioJordao/RamdonUser/tests">
<suite id="s1-s1" name="Random-User-Test" source="/home/runner/work/DesafioQAItauRogerioJordao/DesafioQAItauRogerioJordao/RamdonUser/tests/random-user-test.robot">
<test id="s1-s1-t1" name="Conectar" line="13">
<kw name="Conectar API" owner="random-user-service">
<kw name="Create Session" owner="RequestsLibrary">
<msg time="2024-05-12T01:07:11.467714" level="INFO">Creating Session using : alias=consultarAPI, url=https://randomuser.me/, headers={},                     cookies={}, auth=None, timeout=None, proxies=None, verify=False,                     debug=0 </msg>
<arg>consultarAPI</arg>
<arg>${URL}</arg>
<doc>Create Session: create a HTTP session to a server</doc>
<status status="PASS" start="2024-05-12T01:07:11.467508" elapsed="0.000385"/>
</kw>
<status status="PASS" start="2024-05-12T01:07:11.466526" elapsed="0.001748"/>
</kw>
<status status="PASS" start="2024-05-12T01:07:11.465847" elapsed="0.002623"/>
</test>
<test id="s1-s1-t2" name="Validar retorno 200 e JSON Válido" line="16">
<kw name="Teste de Requisicao Basica" owner="random-user-service">
<kw name="GET On Session" owner="RequestsLibrary">
<msg time="2024-05-12T01:07:11.663754" level="INFO">GET Request : url=https://randomuser.me/api 
 path_url=/api 
 headers={'User-Agent': 'python-requests/2.31.0', 'Accept-Encoding': 'gzip, deflate', 'Accept': '*/*', 'Connection': 'keep-alive'} 
 body=None 
 </msg>
<msg time="2024-05-12T01:07:11.663905" level="INFO">GET Response : url=https://randomuser.me/api 
 status=200, reason=OK 
 headers={'Date': 'Sun, 12 May 2024 01:07:11 GMT', 'Content-Type': 'application/json; charset=utf-8', 'Transfer-Encoding': 'chunked', 'Connection': 'keep-alive', 'X-Powered-By': 'Express', 'Access-Control-Allow-Origin': '*', 'Cache-Control': 'no-cache', 'ETag': 'W/"4a3-PGWUYzA1pSIW+FQacXjaEnnFLLc"', 'Vary': 'Accept-Encoding', 'Content-Encoding': 'gzip', 'CF-Cache-Status': 'DYNAMIC', 'Report-To': '{"endpoints":[{"url":"https:\\/\\/a.nel.cloudflare.com\\/report\\/v4?s=rcAzRgY3GJJYvhwrUqUrKpbVdHq4vzRTmVM7vVRLJ695KDcBIMpG1aiahWqEQ3pVq8vHItHWyP2PdC5cy3J76mkdmd%2FLgfH9DcCK0tX5xwb7HwMNDYNmkDAMY32TDDn5"}],"group":"cf-nel","max_age":604800}', 'NEL': '{"success_fraction":0,"report_to":"cf-nel","max_age":604800}', 'Server': 'cloudflare', 'CF-RAY': '882682ad9fda56ec-IAD', 'alt-svc': 'h3=":443"; ma=86400'} 
 body={"results":[{"gender":"male","name":{"title":"Mr","first":"Mauro","last":"Cuellar"},"location":{"street":{"number":7313,"name":"Ampliación Guatemala"},"city":"San Pablo Autopan","state":"Guanajuato","country":"Mexico","postcode":58088,"coordinates":{"latitude":"22.3169","longitude":"-123.3499"},"timezone":{"offset":"+4:00","description":"Abu Dhabi, Muscat, Baku, Tbilisi"}},"email":"mauro.cuellar@example.com","login":{"uuid":"a4ab0b58-0eb1-408b-9bee-203bd6ec911a","username":"whiteswan253","password":"pippin","salt":"b4QfbFTM","md5":"540d66d297577414006a486520c81006","sha1":"b2396c57597dfed903d04cf2e08c30ac1181744a","sha256":"80839dc783a4193816cf7f170089de557d388172cd6f7539810da34e4815b638"},"dob":{"date":"1946-10-13T20:42:59.322Z","age":77},"registered":{"date":"2006-12-08T04:28:31.316Z","age":17},"phone":"(684) 976 0165","cell":"(699) 769 8165","id":{"name":"NSS","value":"49 05 33 2153 4"},"picture":{"large":"https://randomuser.me/api/portraits/men/70.jpg","medium":"https://randomuser.me/api/portraits/med/men/70.jpg","thumbnail":"https://randomuser.me/api/portraits/thumb/men/70.jpg"},"nat":"MX"}],"info":{"seed":"fb3c9300aae94c6a","results":1,"page":1,"version":"1.4"}} 
 </msg>
<msg time="2024-05-12T01:07:11.663994" level="INFO">/opt/hostedtoolcache/Python/3.12.3/x64/lib/python3.12/site-packages/urllib3/connectionpool.py:1103: InsecureRequestWarning: Unverified HTTPS request is being made to host 'randomuser.me'. Adding certificate verification is strongly advised. See: https://urllib3.readthedocs.io/en/latest/advanced-usage.html#tls-warnings
  warnings.warn(</msg>
<msg time="2024-05-12T01:07:11.664190" level="INFO">${response} = &lt;Response [200]&gt;</msg>
<var>${response}</var>
<arg>consultarAPI</arg>
<arg>/api</arg>
<doc>Sends a GET request on a previously created HTTP Session.</doc>
<status status="PASS" start="2024-05-12T01:07:11.471163" elapsed="0.193077"/>
</kw>
<kw name="Should Be Equal As Numbers" owner="BuiltIn">
<msg time="2024-05-12T01:07:11.665257" level="INFO">Argument types are:
&lt;class 'int'&gt;
&lt;class 'str'&gt;</msg>
<arg>${response.status_code}</arg>
<arg>200</arg>
<doc>Fails if objects are unequal after converting them to real numbers.</doc>
<status status="PASS" start="2024-05-12T01:07:11.664777" elapsed="0.000551"/>
</kw>
<kw name="Log" owner="BuiltIn">
<msg time="2024-05-12T01:07:11.666099" level="INFO">200</msg>
<arg>${response.status_code}</arg>
<doc>Logs the given message with the given level.</doc>
<status status="PASS" start="2024-05-12T01:07:11.665716" elapsed="0.000428"/>
</kw>
<kw name="Set Variable" owner="BuiltIn">
<msg time="2024-05-12T01:07:11.666980" level="INFO">${json_data} = {'results': [{'gender': 'male', 'name': {'title': 'Mr', 'first': 'Mauro', 'last': 'Cuellar'}, 'location': {'street': {'number': 7313, 'name': 'Ampliación Guatemala'}, 'city': 'San Pablo Autopan', 'sta...</msg>
<var>${json_data}</var>
<arg>${response.json()}</arg>
<doc>Returns the given values which can then be assigned to a variables.</doc>
<status status="PASS" start="2024-05-12T01:07:11.666512" elapsed="0.000498"/>
</kw>
<kw name="Dictionary Should Contain Key" owner="Collections">
<msg time="2024-05-12T01:07:11.667513" level="INFO">False</msg>
<arg>${json_data}</arg>
<arg>results</arg>
<doc>Fails if ``key`` is not found from ``dictionary``.</doc>
<status status="PASS" start="2024-05-12T01:07:11.667331" elapsed="0.000225"/>
</kw>
<status status="PASS" start="2024-05-12T01:07:11.470917" elapsed="0.196908"/>
</kw>
<doc>Testa se a API responde corretamente e retorna um objeto JSON válido.</doc>
<tag>testeRequisicaoBasica</tag>
<status status="PASS" start="2024-05-12T01:07:11.470381" elapsed="0.197631"/>
</test>
<test id="s1-s1-t3" name="Validar estrutura de resposta" line="22">
<kw name="Teste de Estrutura de Resposta" owner="random-user-service">
<kw name="GET On Session" owner="RequestsLibrary">
<msg time="2024-05-12T01:07:11.760954" level="INFO">GET Request : url=https://randomuser.me/api 
 path_url=/api 
 headers={'User-Agent': 'python-requests/2.31.0', 'Accept-Encoding': 'gzip, deflate', 'Accept': '*/*', 'Connection': 'keep-alive'} 
 body=None 
 </msg>
<msg time="2024-05-12T01:07:11.761048" level="INFO">GET Response : url=https://randomuser.me/api 
 status=200, reason=OK 
 headers={'Date': 'Sun, 12 May 2024 01:07:11 GMT', 'Content-Type': 'application/json; charset=utf-8', 'Transfer-Encoding': 'chunked', 'Connection': 'keep-alive', 'X-Powered-By': 'Express', 'Access-Control-Allow-Origin': '*', 'Cache-Control': 'no-cache', 'ETag': 'W/"4a4-Rmjq1Ry9a/LXoJDhbXrMOKsuF2Q"', 'Vary': 'Accept-Encoding', 'Content-Encoding': 'gzip', 'CF-Cache-Status': 'DYNAMIC', 'Report-To': '{"endpoints":[{"url":"https:\\/\\/a.nel.cloudflare.com\\/report\\/v4?s=YgiNaolODYOyd66hRQ4jGIEOffYcvsF1tzaeIbz6sVbI1ljofrevaAyA20Y2zRcas9pXOEWdbdoo4uiVFP73YyDhxTMrn1cHSk29%2FMAjKDgE8QS3eMS6yMJYcjZ67kui"}],"group":"cf-nel","max_age":604800}', 'NEL': '{"success_fraction":0,"report_to":"cf-nel","max_age":604800}', 'Server': 'cloudflare', 'CF-RAY': '882682adf83156ec-IAD', 'alt-svc': 'h3=":443"; ma=86400'} 
 body={"results":[{"gender":"male","name":{"title":"Mr","first":"محمد","last":"نكو نظر"},"location":{"street":{"number":2551,"name":"پاسداران"},"city":"بندرعباس","state":"کهگیلویه و بویراحمد","country":"Iran","postcode":97070,"coordinates":{"latitude":"19.1605","longitude":"-78.0035"},"timezone":{"offset":"-3:00","description":"Brazil, Buenos Aires, Georgetown"}},"email":"mhmd.nkwnzr@example.com","login":{"uuid":"bb54f4ef-5269-45ad-8b1e-dbd5a10234cb","username":"bigwolf865","password":"poiuy","salt":"tkAJtQZs","md5":"8d1e0e9b1581551d73f35d6197b058f0","sha1":"b803a8339fa682fc9b3fab4ff7ed9caee3457af5","sha256":"3767d77c88bd35ce423d7c2cc4ffea3956363c8120d5b925dc647ab175a4fa86"},"dob":{"date":"1985-09-05T20:05:10.816Z","age":38},"registered":{"date":"2019-05-16T23:32:50.731Z","age":4},"phone":"060-01227723","cell":"0983-478-0472","id":{"name":"","value":null},"picture":{"large":"https://randomuser.me/api/portraits/men/33.jpg","medium":"https://randomuser.me/api/portraits/med/men/33.jpg","thumbnail":"https://randomuser.me/api/portraits/thumb/men/33.jpg"},"nat":"IR"}],"info":{"seed":"e38db373f504ed96","results":1,"page":1,"version":"1.4"}} 
 </msg>
<msg time="2024-05-12T01:07:11.761166" level="INFO">/opt/hostedtoolcache/Python/3.12.3/x64/lib/python3.12/site-packages/urllib3/connectionpool.py:1103: InsecureRequestWarning: Unverified HTTPS request is being made to host 'randomuser.me'. Adding certificate verification is strongly advised. See: https://urllib3.readthedocs.io/en/latest/advanced-usage.html#tls-warnings
  warnings.warn(</msg>
<msg time="2024-05-12T01:07:11.761292" level="INFO">${response} = &lt;Response [200]&gt;</msg>
<var>${response}</var>
<arg>consultarAPI</arg>
<arg>/api</arg>
<doc>Sends a GET request on a previously created HTTP Session.</doc>
<status status="PASS" start="2024-05-12T01:07:11.670633" elapsed="0.090708"/>
</kw>
<kw name="Set Variable" owner="BuiltIn">
<msg time="2024-05-12T01:07:11.762249" level="INFO">${json_data} = {'results': [{'gender': 'male', 'name': {'title': 'Mr', 'first': 'محمد', 'last': 'نكو نظر'}, 'location': {'street': {'number': 2551, 'name': 'پاسداران'}, 'city': 'بندرعباس', 'state': 'کهگیلویه و بویرا...</msg>
<var>${json_data}</var>
<arg>${response.json()}</arg>
<doc>Returns the given values which can then be assigned to a variables.</doc>
<status status="PASS" start="2024-05-12T01:07:11.761754" elapsed="0.000526"/>
</kw>
<kw name="Log" owner="BuiltIn">
<msg time="2024-05-12T01:07:11.762841" level="INFO">{'results': [{'gender': 'male', 'name': {'title': 'Mr', 'first': 'محمد', 'last': 'نكو نظر'}, 'location': {'street': {'number': 2551, 'name': 'پاسداران'}, 'city': 'بندرعباس', 'state': 'کهگیلویه و بویراحمد', 'country': 'Iran', 'postcode': 97070, 'coordinates': {'latitude': '19.1605', 'longitude': '-78.0035'}, 'timezone': {'offset': '-3:00', 'description': 'Brazil, Buenos Aires, Georgetown'}}, 'email': 'mhmd.nkwnzr@example.com', 'login': {'uuid': 'bb54f4ef-5269-45ad-8b1e-dbd5a10234cb', 'username': 'bigwolf865', 'password': 'poiuy', 'salt': 'tkAJtQZs', 'md5': '8d1e0e9b1581551d73f35d6197b058f0', 'sha1': 'b803a8339fa682fc9b3fab4ff7ed9caee3457af5', 'sha256': '3767d77c88bd35ce423d7c2cc4ffea3956363c8120d5b925dc647ab175a4fa86'}, 'dob': {'date': '1985-09-05T20:05:10.816Z', 'age': 38}, 'registered': {'date': '2019-05-16T23:32:50.731Z', 'age': 4}, 'phone': '060-01227723', 'cell': '0983-478-0472', 'id': {'name': '', 'value': None}, 'picture': {'large': 'https://randomuser.me/api/portraits/men/33.jpg', 'medium': 'https://randomuser.me/api/portraits/med/men/33.jpg', 'thumbnail': 'https://randomuser.me/api/portraits/thumb/men/33.jpg'}, 'nat': 'IR'}], 'info': {'seed': 'e38db373f504ed96', 'results': 1, 'page': 1, 'version': '1.4'}}</msg>
<arg>${json_data}</arg>
<doc>Logs the given message with the given level.</doc>
<status status="PASS" start="2024-05-12T01:07:11.762674" elapsed="0.000219"/>
</kw>
<kw name="Dictionary Should Contain Key" owner="Collections">
<msg time="2024-05-12T01:07:11.763367" level="INFO">False</msg>
<arg>${json_data}</arg>
<arg>results</arg>
<doc>Fails if ``key`` is not found from ``dictionary``.</doc>
<status status="PASS" start="2024-05-12T01:07:11.763204" elapsed="0.000200"/>
</kw>
<kw name="Should Not Be Empty" owner="BuiltIn">
<msg time="2024-05-12T01:07:11.763839" level="INFO">Length is 2.</msg>
<arg>${json_data}</arg>
<doc>Verifies that the given item is not empty.</doc>
<status status="PASS" start="2024-05-12T01:07:11.763705" elapsed="0.000323"/>
</kw>
<kw name="Create List" owner="BuiltIn">
<msg time="2024-05-12T01:07:11.764500" level="INFO">${expected_keys} = ['gender', 'name', 'location', 'email', 'login']</msg>
<var>${expected_keys}</var>
<arg>gender</arg>
<arg>name</arg>
<arg>location</arg>
<arg>email</arg>
<arg>login</arg>
<doc>Returns a list containing given items.</doc>
<status status="PASS" start="2024-05-12T01:07:11.764338" elapsed="0.000187"/>
</kw>
<for flavor="IN">
<iter>
<kw name="Dictionary Should Contain Key" owner="Collections">
<msg time="2024-05-12T01:07:11.765540" level="INFO">False</msg>
<arg>${json_data['results'][0]}</arg>
<arg>${key}</arg>
<doc>Fails if ``key`` is not found from ``dictionary``.</doc>
<status status="PASS" start="2024-05-12T01:07:11.765124" elapsed="0.000455"/>
</kw>
<kw name="Log" owner="BuiltIn">
<msg time="2024-05-12T01:07:11.766259" level="INFO">{'gender': 'male', 'name': {'title': 'Mr', 'first': 'محمد', 'last': 'نكو نظر'}, 'location': {'street': {'number': 2551, 'name': 'پاسداران'}, 'city': 'بندرعباس', 'state': 'کهگیلویه و بویراحمد', 'country': 'Iran', 'postcode': 97070, 'coordinates': {'latitude': '19.1605', 'longitude': '-78.0035'}, 'timezone': {'offset': '-3:00', 'description': 'Brazil, Buenos Aires, Georgetown'}}, 'email': 'mhmd.nkwnzr@example.com', 'login': {'uuid': 'bb54f4ef-5269-45ad-8b1e-dbd5a10234cb', 'username': 'bigwolf865', 'password': 'poiuy', 'salt': 'tkAJtQZs', 'md5': '8d1e0e9b1581551d73f35d6197b058f0', 'sha1': 'b803a8339fa682fc9b3fab4ff7ed9caee3457af5', 'sha256': '3767d77c88bd35ce423d7c2cc4ffea3956363c8120d5b925dc647ab175a4fa86'}, 'dob': {'date': '1985-09-05T20:05:10.816Z', 'age': 38}, 'registered': {'date': '2019-05-16T23:32:50.731Z', 'age': 4}, 'phone': '060-01227723', 'cell': '0983-478-0472', 'id': {'name': '', 'value': None}, 'picture': {'large': 'https://randomuser.me/api/portraits/men/33.jpg', 'medium': 'https://randomuser.me/api/portraits/med/men/33.jpg', 'thumbnail': 'https://randomuser.me/api/portraits/thumb/men/33.jpg'}, 'nat': 'IR'}</msg>
<arg>${json_data['results'][0]}</arg>
<doc>Logs the given message with the given level.</doc>
<status status="PASS" start="2024-05-12T01:07:11.765886" elapsed="0.000426"/>
</kw>
<kw name="Log" owner="BuiltIn">
<msg time="2024-05-12T01:07:11.766795" level="INFO">gender</msg>
<arg>${key}</arg>
<doc>Logs the given message with the given level.</doc>
<status status="PASS" start="2024-05-12T01:07:11.766665" elapsed="0.000167"/>
</kw>
<var name="${key}">gender</var>
<status status="PASS" start="2024-05-12T01:07:11.764993" elapsed="0.002056"/>
</iter>
<iter>
<kw name="Dictionary Should Contain Key" owner="Collections">
<msg time="2024-05-12T01:07:11.767753" level="INFO">False</msg>
<arg>${json_data['results'][0]}</arg>
<arg>${key}</arg>
<doc>Fails if ``key`` is not found from ``dictionary``.</doc>
<status status="PASS" start="2024-05-12T01:07:11.767360" elapsed="0.000466"/>
</kw>
<kw name="Log" owner="BuiltIn">
<msg time="2024-05-12T01:07:11.768489" level="INFO">{'gender': 'male', 'name': {'title': 'Mr', 'first': 'محمد', 'last': 'نكو نظر'}, 'location': {'street': {'number': 2551, 'name': 'پاسداران'}, 'city': 'بندرعباس', 'state': 'کهگیلویه و بویراحمد', 'country': 'Iran', 'postcode': 97070, 'coordinates': {'latitude': '19.1605', 'longitude': '-78.0035'}, 'timezone': {'offset': '-3:00', 'description': 'Brazil, Buenos Aires, Georgetown'}}, 'email': 'mhmd.nkwnzr@example.com', 'login': {'uuid': 'bb54f4ef-5269-45ad-8b1e-dbd5a10234cb', 'username': 'bigwolf865', 'password': 'poiuy', 'salt': 'tkAJtQZs', 'md5': '8d1e0e9b1581551d73f35d6197b058f0', 'sha1': 'b803a8339fa682fc9b3fab4ff7ed9caee3457af5', 'sha256': '3767d77c88bd35ce423d7c2cc4ffea3956363c8120d5b925dc647ab175a4fa86'}, 'dob': {'date': '1985-09-05T20:05:10.816Z', 'age': 38}, 'registered': {'date': '2019-05-16T23:32:50.731Z', 'age': 4}, 'phone': '060-01227723', 'cell': '0983-478-0472', 'id': {'name': '', 'value': None}, 'picture': {'large': 'https://randomuser.me/api/portraits/men/33.jpg', 'medium': 'https://randomuser.me/api/portraits/med/men/33.jpg', 'thumbnail': 'https://randomuser.me/api/portraits/thumb/men/33.jpg'}, 'nat': 'IR'}</msg>
<arg>${json_data['results'][0]}</arg>
<doc>Logs the given message with the given level.</doc>
<status status="PASS" start="2024-05-12T01:07:11.768127" elapsed="0.000412"/>
</kw>
<kw name="Log" owner="BuiltIn">
<msg time="2024-05-12T01:07:11.768962" level="INFO">name</msg>
<arg>${key}</arg>
<doc>Logs the given message with the given level.</doc>
<status status="PASS" start="2024-05-12T01:07:11.768836" elapsed="0.000164"/>
</kw>
<var name="${key}">name</var>
<status status="PASS" start="2024-05-12T01:07:11.767242" elapsed="0.001972"/>
</iter>
<iter>
<kw name="Dictionary Should Contain Key" owner="Collections">
<msg time="2024-05-12T01:07:11.769884" level="INFO">False</msg>
<arg>${json_data['results'][0]}</arg>
<arg>${key}</arg>
<doc>Fails if ``key`` is not found from ``dictionary``.</doc>
<status status="PASS" start="2024-05-12T01:07:11.769502" elapsed="0.000419"/>
</kw>
<kw name="Log" owner="BuiltIn">
<msg time="2024-05-12T01:07:11.770662" level="INFO">{'gender': 'male', 'name': {'title': 'Mr', 'first': 'محمد', 'last': 'نكو نظر'}, 'location': {'street': {'number': 2551, 'name': 'پاسداران'}, 'city': 'بندرعباس', 'state': 'کهگیلویه و بویراحمد', 'country': 'Iran', 'postcode': 97070, 'coordinates': {'latitude': '19.1605', 'longitude': '-78.0035'}, 'timezone': {'offset': '-3:00', 'description': 'Brazil, Buenos Aires, Georgetown'}}, 'email': 'mhmd.nkwnzr@example.com', 'login': {'uuid': 'bb54f4ef-5269-45ad-8b1e-dbd5a10234cb', 'username': 'bigwolf865', 'password': 'poiuy', 'salt': 'tkAJtQZs', 'md5': '8d1e0e9b1581551d73f35d6197b058f0', 'sha1': 'b803a8339fa682fc9b3fab4ff7ed9caee3457af5', 'sha256': '3767d77c88bd35ce423d7c2cc4ffea3956363c8120d5b925dc647ab175a4fa86'}, 'dob': {'date': '1985-09-05T20:05:10.816Z', 'age': 38}, 'registered': {'date': '2019-05-16T23:32:50.731Z', 'age': 4}, 'phone': '060-01227723', 'cell': '0983-478-0472', 'id': {'name': '', 'value': None}, 'picture': {'large': 'https://randomuser.me/api/portraits/men/33.jpg', 'medium': 'https://randomuser.me/api/portraits/med/men/33.jpg', 'thumbnail': 'https://randomuser.me/api/portraits/thumb/men/33.jpg'}, 'nat': 'IR'}</msg>
<arg>${json_data['results'][0]}</arg>
<doc>Logs the given message with the given level.</doc>
<status status="PASS" start="2024-05-12T01:07:11.770217" elapsed="0.000497"/>
</kw>
<kw name="Log" owner="BuiltIn">
<msg time="2024-05-12T01:07:11.771142" level="INFO">location</msg>
<arg>${key}</arg>
<doc>Logs the given message with the given level.</doc>
<status status="PASS" start="2024-05-12T01:07:11.771014" elapsed="0.000167"/>
</kw>
<var name="${key}">location</var>
<status status="PASS" start="2024-05-12T01:07:11.769390" elapsed="0.002007"/>
</iter>
<iter>
<kw name="Dictionary Should Contain Key" owner="Collections">
<msg time="2024-05-12T01:07:11.772058" level="INFO">False</msg>
<arg>${json_data['results'][0]}</arg>
<arg>${key}</arg>
<doc>Fails if ``key`` is not found from ``dictionary``.</doc>
<status status="PASS" start="2024-05-12T01:07:11.771679" elapsed="0.000416"/>
</kw>
<kw name="Log" owner="BuiltIn">
<msg time="2024-05-12T01:07:11.772761" level="INFO">{'gender': 'male', 'name': {'title': 'Mr', 'first': 'محمد', 'last': 'نكو نظر'}, 'location': {'street': {'number': 2551, 'name': 'پاسداران'}, 'city': 'بندرعباس', 'state': 'کهگیلویه و بویراحمد', 'country': 'Iran', 'postcode': 97070, 'coordinates': {'latitude': '19.1605', 'longitude': '-78.0035'}, 'timezone': {'offset': '-3:00', 'description': 'Brazil, Buenos Aires, Georgetown'}}, 'email': 'mhmd.nkwnzr@example.com', 'login': {'uuid': 'bb54f4ef-5269-45ad-8b1e-dbd5a10234cb', 'username': 'bigwolf865', 'password': 'poiuy', 'salt': 'tkAJtQZs', 'md5': '8d1e0e9b1581551d73f35d6197b058f0', 'sha1': 'b803a8339fa682fc9b3fab4ff7ed9caee3457af5', 'sha256': '3767d77c88bd35ce423d7c2cc4ffea3956363c8120d5b925dc647ab175a4fa86'}, 'dob': {'date': '1985-09-05T20:05:10.816Z', 'age': 38}, 'registered': {'date': '2019-05-16T23:32:50.731Z', 'age': 4}, 'phone': '060-01227723', 'cell': '0983-478-0472', 'id': {'name': '', 'value': None}, 'picture': {'large': 'https://randomuser.me/api/portraits/men/33.jpg', 'medium': 'https://randomuser.me/api/portraits/med/men/33.jpg', 'thumbnail': 'https://randomuser.me/api/portraits/thumb/men/33.jpg'}, 'nat': 'IR'}</msg>
<arg>${json_data['results'][0]}</arg>
<doc>Logs the given message with the given level.</doc>
<status status="PASS" start="2024-05-12T01:07:11.772393" elapsed="0.000417"/>
</kw>
<kw name="Log" owner="BuiltIn">
<msg time="2024-05-12T01:07:11.773233" level="INFO">email</msg>
<arg>${key}</arg>
<doc>Logs the given message with the given level.</doc>
<status status="PASS" start="2024-05-12T01:07:11.773106" elapsed="0.000165"/>
</kw>
<var name="${key}">email</var>
<status status="PASS" start="2024-05-12T01:07:11.771568" elapsed="0.001917"/>
</iter>
<iter>
<kw name="Dictionary Should Contain Key" owner="Collections">
<msg time="2024-05-12T01:07:11.774154" level="INFO">False</msg>
<arg>${json_data['results'][0]}</arg>
<arg>${key}</arg>
<doc>Fails if ``key`` is not found from ``dictionary``.</doc>
<status status="PASS" start="2024-05-12T01:07:11.773767" elapsed="0.000425"/>
</kw>
<kw name="Log" owner="BuiltIn">
<msg time="2024-05-12T01:07:11.774890" level="INFO">{'gender': 'male', 'name': {'title': 'Mr', 'first': 'محمد', 'last': 'نكو نظر'}, 'location': {'street': {'number': 2551, 'name': 'پاسداران'}, 'city': 'بندرعباس', 'state': 'کهگیلویه و بویراحمد', 'country': 'Iran', 'postcode': 97070, 'coordinates': {'latitude': '19.1605', 'longitude': '-78.0035'}, 'timezone': {'offset': '-3:00', 'description': 'Brazil, Buenos Aires, Georgetown'}}, 'email': 'mhmd.nkwnzr@example.com', 'login': {'uuid': 'bb54f4ef-5269-45ad-8b1e-dbd5a10234cb', 'username': 'bigwolf865', 'password': 'poiuy', 'salt': 'tkAJtQZs', 'md5': '8d1e0e9b1581551d73f35d6197b058f0', 'sha1': 'b803a8339fa682fc9b3fab4ff7ed9caee3457af5', 'sha256': '3767d77c88bd35ce423d7c2cc4ffea3956363c8120d5b925dc647ab175a4fa86'}, 'dob': {'date': '1985-09-05T20:05:10.816Z', 'age': 38}, 'registered': {'date': '2019-05-16T23:32:50.731Z', 'age': 4}, 'phone': '060-01227723', 'cell': '0983-478-0472', 'id': {'name': '', 'value': None}, 'picture': {'large': 'https://randomuser.me/api/portraits/men/33.jpg', 'medium': 'https://randomuser.me/api/portraits/med/men/33.jpg', 'thumbnail': 'https://randomuser.me/api/portraits/thumb/men/33.jpg'}, 'nat': 'IR'}</msg>
<arg>${json_data['results'][0]}</arg>
<doc>Logs the given message with the given level.</doc>
<status status="PASS" start="2024-05-12T01:07:11.774517" elapsed="0.000423"/>
</kw>
<kw name="Log" owner="BuiltIn">
<msg time="2024-05-12T01:07:11.775389" level="INFO">login</msg>
<arg>${key}</arg>
<doc>Logs the given message with the given level.</doc>
<status status="PASS" start="2024-05-12T01:07:11.775233" elapsed="0.000195"/>
</kw>
<var name="${key}">login</var>
<status status="PASS" start="2024-05-12T01:07:11.773657" elapsed="0.001993"/>
</iter>
<var>${key}</var>
<value>@{expected_keys}</value>
<status status="PASS" start="2024-05-12T01:07:11.764794" elapsed="0.010977"/>
</for>
<kw name="Create List" owner="BuiltIn">
<msg time="2024-05-12T01:07:11.776106" level="INFO">${expected_keysTwo} = ['username', 'password']</msg>
<var>${expected_keysTwo}</var>
<arg>username</arg>
<arg>password</arg>
<doc>Returns a list containing given items.</doc>
<status status="PASS" start="2024-05-12T01:07:11.775970" elapsed="0.000160"/>
</kw>
<for flavor="IN">
<iter>
<kw name="Dictionary Should Contain Key" owner="Collections">
<msg time="2024-05-12T01:07:11.777040" level="INFO">False</msg>
<arg>${json_data['results'][0]['login']}</arg>
<arg>${keyTwo}</arg>
<doc>Fails if ``key`` is not found from ``dictionary``.</doc>
<status status="PASS" start="2024-05-12T01:07:11.776653" elapsed="0.000425"/>
</kw>
<kw name="Dictionary Should Contain Key" owner="Collections">
<msg time="2024-05-12T01:07:11.777756" level="INFO">False</msg>
<arg>${json_data['results'][0]['login']}</arg>
<arg>${keyTwo}</arg>
<doc>Fails if ``key`` is not found from ``dictionary``.</doc>
<status status="PASS" start="2024-05-12T01:07:11.777380" elapsed="0.000413"/>
</kw>
<kw name="Log" owner="BuiltIn">
<msg time="2024-05-12T01:07:11.778206" level="INFO">username</msg>
<arg>${keyTwo}</arg>
<doc>Logs the given message with the given level.</doc>
<status status="PASS" start="2024-05-12T01:07:11.778081" elapsed="0.000166"/>
</kw>
<var name="${keyTwo}">username</var>
<status status="PASS" start="2024-05-12T01:07:11.776532" elapsed="0.001961"/>
</iter>
<iter>
<kw name="Dictionary Should Contain Key" owner="Collections">
<msg time="2024-05-12T01:07:11.779248" level="INFO">False</msg>
<arg>${json_data['results'][0]['login']}</arg>
<arg>${keyTwo}</arg>
<doc>Fails if ``key`` is not found from ``dictionary``.</doc>
<status status="PASS" start="2024-05-12T01:07:11.778782" elapsed="0.000507"/>
</kw>
<kw name="Dictionary Should Contain Key" owner="Collections">
<msg time="2024-05-12T01:07:11.779961" level="INFO">False</msg>
<arg>${json_data['results'][0]['login']}</arg>
<arg>${keyTwo}</arg>
<doc>Fails if ``key`` is not found from ``dictionary``.</doc>
<status status="PASS" start="2024-05-12T01:07:11.779584" elapsed="0.000414"/>
</kw>
<kw name="Log" owner="BuiltIn">
<msg time="2024-05-12T01:07:11.780416" level="INFO">password</msg>
<arg>${keyTwo}</arg>
<doc>Logs the given message with the given level.</doc>
<status status="PASS" start="2024-05-12T01:07:11.780290" elapsed="0.000162"/>
</kw>
<var name="${keyTwo}">password</var>
<status status="PASS" start="2024-05-12T01:07:11.778670" elapsed="0.001995"/>
</iter>
<var>${keyTwo}</var>
<value>@{expected_keysTwo}</value>
<status status="PASS" start="2024-05-12T01:07:11.776367" elapsed="0.004417"/>
</for>
<status status="PASS" start="2024-05-12T01:07:11.670388" elapsed="0.110536"/>
</kw>
<doc>Testa a estrutura da resposta da API.</doc>
<tag>testeEstruturaResposta</tag>
<status status="PASS" start="2024-05-12T01:07:11.669856" elapsed="0.111221"/>
</test>
<test id="s1-s1-t4" name="Validar tipos de dados" line="28">
<kw name="Teste de Tipos de Dados" owner="random-user-service">
<kw name="GET On Session" owner="RequestsLibrary">
<msg time="2024-05-12T01:07:11.852803" level="INFO">GET Request : url=https://randomuser.me/api 
 path_url=/api 
 headers={'User-Agent': 'python-requests/2.31.0', 'Accept-Encoding': 'gzip, deflate', 'Accept': '*/*', 'Connection': 'keep-alive'} 
 body=None 
 </msg>
<msg time="2024-05-12T01:07:11.852896" level="INFO">GET Response : url=https://randomuser.me/api 
 status=200, reason=OK 
 headers={'Date': 'Sun, 12 May 2024 01:07:11 GMT', 'Content-Type': 'application/json; charset=utf-8', 'Transfer-Encoding': 'chunked', 'Connection': 'keep-alive', 'X-Powered-By': 'Express', 'Access-Control-Allow-Origin': '*', 'Cache-Control': 'no-cache', 'ETag': 'W/"499-UMQDURYTh6V9SBrJ9U7+r5JVxV8"', 'Vary': 'Accept-Encoding', 'Content-Encoding': 'gzip', 'CF-Cache-Status': 'DYNAMIC', 'Report-To': '{"endpoints":[{"url":"https:\\/\\/a.nel.cloudflare.com\\/report\\/v4?s=0J5CvYkFXjTsPFFzvjlIOKxNl3vGZVe%2Be5K3dlBO5Q66tqe1LcrV7KG4vO8Rqz2r%2BhJjA0LY6HztJOTEXpHguFNk8YZE9F2bNoiGiX65X0p5STGGkLmOqZTaqZh%2F7xOU"}],"group":"cf-nel","max_age":604800}', 'NEL': '{"success_fraction":0,"report_to":"cf-nel","max_age":604800}', 'Server': 'cloudflare', 'CF-RAY': '882682aea8ca56ec-IAD', 'alt-svc': 'h3=":443"; ma=86400'} 
 body={"results":[{"gender":"male","name":{"title":"Mr","first":"Juan","last":"Sánchez"},"location":{"street":{"number":7077,"name":"Calle de Alcalá"},"city":"Granada","state":"Aragón","country":"Spain","postcode":49805,"coordinates":{"latitude":"-30.4434","longitude":"-17.0123"},"timezone":{"offset":"0:00","description":"Western Europe Time, London, Lisbon, Casablanca"}},"email":"juan.sanchez@example.com","login":{"uuid":"ad7b4517-cf79-4a8f-bd97-5a725556acd4","username":"organicladybug424","password":"spiderma","salt":"X7DLOG80","md5":"ab9ec500b22e0fbf60c7d11b0ce468b2","sha1":"2674ed72d4f967d0e5f290cc4e6a85ee8b1dea02","sha256":"37482590497892ea9070d77519d3a4e54a468e2d3c325f4d41fb90c80ec14ed1"},"dob":{"date":"1983-02-04T21:20:52.260Z","age":41},"registered":{"date":"2011-12-25T13:32:14.909Z","age":12},"phone":"933-336-882","cell":"673-250-275","id":{"name":"DNI","value":"60316192-F"},"picture":{"large":"https://randomuser.me/api/portraits/men/14.jpg","medium":"https://randomuser.me/api/portraits/med/men/14.jpg","thumbnail":"https://randomuser.me/api/portraits/thumb/men/14.jpg"},"nat":"ES"}],"info":{"seed":"dd5fd646d146bcaf","results":1,"page":1,"version":"1.4"}} 
 </msg>
<msg time="2024-05-12T01:07:11.852974" level="INFO">/opt/hostedtoolcache/Python/3.12.3/x64/lib/python3.12/site-packages/urllib3/connectionpool.py:1103: InsecureRequestWarning: Unverified HTTPS request is being made to host 'randomuser.me'. Adding certificate verification is strongly advised. See: https://urllib3.readthedocs.io/en/latest/advanced-usage.html#tls-warnings
  warnings.warn(</msg>
<msg time="2024-05-12T01:07:11.853114" level="INFO">${response} = &lt;Response [200]&gt;</msg>
<var>${response}</var>
<arg>consultarAPI</arg>
<arg>/api</arg>
<doc>Sends a GET request on a previously created HTTP Session.</doc>
<status status="PASS" start="2024-05-12T01:07:11.783525" elapsed="0.069639"/>
</kw>
<kw name="Set Variable" owner="BuiltIn">
<msg time="2024-05-12T01:07:11.854116" level="INFO">${json_data} = {'results': [{'gender': 'male', 'name': {'title': 'Mr', 'first': 'Juan', 'last': 'Sánchez'}, 'location': {'street': {'number': 7077, 'name': 'Calle de Alcalá'}, 'city': 'Granada', 'state': 'Aragón', '...</msg>
<var>${json_data}</var>
<arg>${response.json()}</arg>
<doc>Returns the given values which can then be assigned to a variables.</doc>
<status status="PASS" start="2024-05-12T01:07:11.853619" elapsed="0.000526"/>
</kw>
<kw name="Log" owner="BuiltIn">
<msg time="2024-05-12T01:07:11.854684" level="INFO">{'results': [{'gender': 'male', 'name': {'title': 'Mr', 'first': 'Juan', 'last': 'Sánchez'}, 'location': {'street': {'number': 7077, 'name': 'Calle de Alcalá'}, 'city': 'Granada', 'state': 'Aragón', 'country': 'Spain', 'postcode': 49805, 'coordinates': {'latitude': '-30.4434', 'longitude': '-17.0123'}, 'timezone': {'offset': '0:00', 'description': 'Western Europe Time, London, Lisbon, Casablanca'}}, 'email': 'juan.sanchez@example.com', 'login': {'uuid': 'ad7b4517-cf79-4a8f-bd97-5a725556acd4', 'username': 'organicladybug424', 'password': 'spiderma', 'salt': 'X7DLOG80', 'md5': 'ab9ec500b22e0fbf60c7d11b0ce468b2', 'sha1': '2674ed72d4f967d0e5f290cc4e6a85ee8b1dea02', 'sha256': '37482590497892ea9070d77519d3a4e54a468e2d3c325f4d41fb90c80ec14ed1'}, 'dob': {'date': '1983-02-04T21:20:52.260Z', 'age': 41}, 'registered': {'date': '2011-12-25T13:32:14.909Z', 'age': 12}, 'phone': '933-336-882', 'cell': '673-250-275', 'id': {'name': 'DNI', 'value': '60316192-F'}, 'picture': {'large': 'https://randomuser.me/api/portraits/men/14.jpg', 'medium': 'https://randomuser.me/api/portraits/med/men/14.jpg', 'thumbnail': 'https://randomuser.me/api/portraits/thumb/men/14.jpg'}, 'nat': 'ES'}], 'info': {'seed': 'dd5fd646d146bcaf', 'results': 1, 'page': 1, 'version': '1.4'}}</msg>
<arg>${json_data}</arg>
<doc>Logs the given message with the given level.</doc>
<status status="PASS" start="2024-05-12T01:07:11.854511" elapsed="0.000258"/>
</kw>
<kw name="Should Be String" owner="String">
<arg>${json_data['results'][0]['gender']}</arg>
<doc>Fails if the given ``item`` is not a string.</doc>
<status status="PASS" start="2024-05-12T01:07:11.855079" elapsed="0.000369"/>
</kw>
<kw name="Should Match Regexp" owner="BuiltIn">
<arg>${json_data['results'][0]['email']}</arg>
<arg>^[a-zA-Z0-9._%+-]+@[a-zA-Z0-9.-]+\.[a-zA-Z]{2,}$</arg>
<doc>Fails if ``string`` does not match ``pattern`` as a regular expression.</doc>
<status status="PASS" start="2024-05-12T01:07:11.855644" elapsed="0.000517"/>
</kw>
<kw name="Should Match Regexp" owner="BuiltIn">
<arg>${json_data['results'][0]['dob']['date']}</arg>
<arg>\\d{4}-\\d{2}-\\d{2}T\\d{2}:\\d{2}:\\d{2}\\.\\d{3}Z</arg>
<doc>Fails if ``string`` does not match ``pattern`` as a regular expression.</doc>
<status status="PASS" start="2024-05-12T01:07:11.856355" elapsed="0.000490"/>
</kw>
<kw name="Should Match Regexp" owner="BuiltIn">
<arg>${json_data['results'][0]['registered']['date']}</arg>
<arg>\\d{4}-\\d{2}-\\d{2}T\\d{2}:\\d{2}:\\d{2}\\.\\d{3}Z</arg>
<doc>Fails if ``string`` does not match ``pattern`` as a regular expression.</doc>
<status status="PASS" start="2024-05-12T01:07:11.857036" elapsed="0.000373"/>
</kw>
<kw name="Should Match Regexp" owner="BuiltIn">
<arg>${json_data['results'][0]['picture']['large']}</arg>
<arg>^https?://.*\.(?:png|jpe?g|gif|bmp)$</arg>
<doc>Fails if ``string`` does not match ``pattern`` as a regular expression.</doc>
<status status="PASS" start="2024-05-12T01:07:11.857605" elapsed="0.000464"/>
</kw>
<kw name="Should Match Regexp" owner="BuiltIn">
<arg>${json_data['results'][0]['picture']['medium']}</arg>
<arg>^https?://.*\.(?:png|jpe?g|gif|bmp)$</arg>
<doc>Fails if ``string`` does not match ``pattern`` as a regular expression.</doc>
<status status="PASS" start="2024-05-12T01:07:11.858263" elapsed="0.000431"/>
</kw>
<kw name="Should Match Regexp" owner="BuiltIn">
<arg>${json_data['results'][0]['picture']['thumbnail']}</arg>
<arg>^https?://.*\.(?:png|jpe?g|gif|bmp)$</arg>
<doc>Fails if ``string`` does not match ``pattern`` as a regular expression.</doc>
<status status="PASS" start="2024-05-12T01:07:11.858893" elapsed="0.000364"/>
</kw>
<kw name="Log" owner="BuiltIn">
<msg time="2024-05-12T01:07:11.859771" level="INFO">{'large': 'https://randomuser.me/api/portraits/men/14.jpg', 'medium': 'https://randomuser.me/api/portraits/med/men/14.jpg', 'thumbnail': 'https://randomuser.me/api/portraits/thumb/men/14.jpg'}</msg>
<arg>${json_data['results'][0]['picture']}</arg>
<doc>Logs the given message with the given level.</doc>
<status status="PASS" start="2024-05-12T01:07:11.859442" elapsed="0.000370"/>
</kw>
<status status="PASS" start="2024-05-12T01:07:11.783298" elapsed="0.076782"/>
</kw>
<kw name="Teste de Tipos de Dados - Postcode" owner="random-user-service">
<kw name="GET On Session" owner="RequestsLibrary">
<msg time="2024-05-12T01:07:11.956917" level="INFO">GET Request : url=https://randomuser.me/api 
 path_url=/api 
 headers={'User-Agent': 'python-requests/2.31.0', 'Accept-Encoding': 'gzip, deflate', 'Accept': '*/*', 'Connection': 'keep-alive'} 
 body=None 
 </msg>
<msg time="2024-05-12T01:07:11.956997" level="INFO">GET Response : url=https://randomuser.me/api 
 status=200, reason=OK 
 headers={'Date': 'Sun, 12 May 2024 01:07:11 GMT', 'Content-Type': 'application/json; charset=utf-8', 'Transfer-Encoding': 'chunked', 'Connection': 'keep-alive', 'X-Powered-By': 'Express', 'Access-Control-Allow-Origin': '*', 'Cache-Control': 'no-cache', 'ETag': 'W/"4b5-XprFI1Y+Y1cgFb06uJu1hmjpGtA"', 'Vary': 'Accept-Encoding', 'Content-Encoding': 'gzip', 'CF-Cache-Status': 'DYNAMIC', 'Report-To': '{"endpoints":[{"url":"https:\\/\\/a.nel.cloudflare.com\\/report\\/v4?s=I6H2J%2BE1dq1ircHOAdtkZ5ThL69LgJRs5qcW%2FyJhN4XlLMxnkqY8UHYkjT%2BDEhxszVjoOI7lj5%2FvgIsusGf11w4xQwlcsYt9SRSYjDDIG1x986m4qeSBDDiCGWGQiGNB"}],"group":"cf-nel","max_age":604800}', 'NEL': '{"success_fraction":0,"report_to":"cf-nel","max_age":604800}', 'Server': 'cloudflare', 'CF-RAY': '882682af293456ec-IAD', 'alt-svc': 'h3=":443"; ma=86400'} 
 body={"results":[{"gender":"male","name":{"title":"Monsieur","first":"Danilo","last":"Renard"},"location":{"street":{"number":6204,"name":"Place de L'Abbé-Jean-Lebeuf"},"city":"Seedorf (Ur)","state":"Ticino","country":"Switzerland","postcode":8450,"coordinates":{"latitude":"-60.3879","longitude":"-126.7071"},"timezone":{"offset":"-6:00","description":"Central Time (US &amp; Canada), Mexico City"}},"email":"danilo.renard@example.com","login":{"uuid":"3d393cc2-d854-491f-943f-ef7fd698c126","username":"brownzebra889","password":"dragonfl","salt":"ZIttKe0g","md5":"c145d4c13bfe5b58e33ad123521f49dd","sha1":"9ecb3dd2e7744b49d06fce8ece2f04049a461df5","sha256":"4d11bdaf2ce762bc8c0e87a8ef59a4a6f5bc6ca7055925b9facd3fc5be25aa6c"},"dob":{"date":"1998-09-14T06:17:23.065Z","age":25},"registered":{"date":"2011-03-31T06:53:37.840Z","age":13},"phone":"077 658 11 42","cell":"075 134 35 64","id":{"name":"AVS","value":"756.4071.7553.92"},"picture":{"large":"https://randomuser.me/api/portraits/men/94.jpg","medium":"https://randomuser.me/api/portraits/med/men/94.jpg","thumbnail":"https://randomuser.me/api/portraits/thumb/men/94.jpg"},"nat":"CH"}],"info":{"seed":"77e6dd707273e014","results":1,"page":1,"version":"1.4"}} 
 </msg>
<msg time="2024-05-12T01:07:11.957065" level="INFO">/opt/hostedtoolcache/Python/3.12.3/x64/lib/python3.12/site-packages/urllib3/connectionpool.py:1103: InsecureRequestWarning: Unverified HTTPS request is being made to host 'randomuser.me'. Adding certificate verification is strongly advised. See: https://urllib3.readthedocs.io/en/latest/advanced-usage.html#tls-warnings
  warnings.warn(</msg>
<msg time="2024-05-12T01:07:11.957213" level="INFO">${response} = &lt;Response [200]&gt;</msg>
<var>${response}</var>
<arg>consultarAPI</arg>
<arg>/api</arg>
<doc>Sends a GET request on a previously created HTTP Session.</doc>
<status status="PASS" start="2024-05-12T01:07:11.860560" elapsed="0.096703"/>
</kw>
<kw name="Set Variable" owner="BuiltIn">
<msg time="2024-05-12T01:07:11.958244" level="INFO">${json_data} = {'results': [{'gender': 'male', 'name': {'title': 'Monsieur', 'first': 'Danilo', 'last': 'Renard'}, 'location': {'street': {'number': 6204, 'name': "Place de L'Abbé-Jean-Lebeuf"}, 'city': 'Seedorf (Ur...</msg>
<var>${json_data}</var>
<arg>${response.json()}</arg>
<doc>Returns the given values which can then be assigned to a variables.</doc>
<status status="PASS" start="2024-05-12T01:07:11.957737" elapsed="0.000535"/>
</kw>
<kw name="Log" owner="BuiltIn">
<msg time="2024-05-12T01:07:11.958786" level="INFO">{'results': [{'gender': 'male', 'name': {'title': 'Monsieur', 'first': 'Danilo', 'last': 'Renard'}, 'location': {'street': {'number': 6204, 'name': "Place de L'Abbé-Jean-Lebeuf"}, 'city': 'Seedorf (Ur)', 'state': 'Ticino', 'country': 'Switzerland', 'postcode': 8450, 'coordinates': {'latitude': '-60.3879', 'longitude': '-126.7071'}, 'timezone': {'offset': '-6:00', 'description': 'Central Time (US &amp; Canada), Mexico City'}}, 'email': 'danilo.renard@example.com', 'login': {'uuid': '3d393cc2-d854-491f-943f-ef7fd698c126', 'username': 'brownzebra889', 'password': 'dragonfl', 'salt': 'ZIttKe0g', 'md5': 'c145d4c13bfe5b58e33ad123521f49dd', 'sha1': '9ecb3dd2e7744b49d06fce8ece2f04049a461df5', 'sha256': '4d11bdaf2ce762bc8c0e87a8ef59a4a6f5bc6ca7055925b9facd3fc5be25aa6c'}, 'dob': {'date': '1998-09-14T06:17:23.065Z', 'age': 25}, 'registered': {'date': '2011-03-31T06:53:37.840Z', 'age': 13}, 'phone': '077 658 11 42', 'cell': '075 134 35 64', 'id': {'name': 'AVS', 'value': '756.4071.7553.92'}, 'picture': {'large': 'https://randomuser.me/api/portraits/men/94.jpg', 'medium': 'https://randomuser.me/api/portraits/med/men/94.jpg', 'thumbnail': 'https://randomuser.me/api/portraits/thumb/men/94.jpg'}, 'nat': 'CH'}], 'info': {'seed': '77e6dd707273e014', 'results': 1, 'page': 1, 'version': '1.4'}}</msg>
<arg>${json_data}</arg>
<doc>Logs the given message with the given level.</doc>
<status status="PASS" start="2024-05-12T01:07:11.958626" elapsed="0.000245"/>
</kw>
<kw name="Should Be Equal As Numbers" owner="BuiltIn">
<arg>${json_data['results'][0]['location']['postcode']}</arg>
<arg>${json_data['results'][0]['location']['postcode']}</arg>
<doc>Fails if objects are unequal after converting them to real numbers.</doc>
<status status="PASS" start="2024-05-12T01:07:11.959340" elapsed="0.000625"/>
</kw>
<kw name="Log" owner="BuiltIn">
<msg time="2024-05-12T01:07:11.960502" level="INFO">8450</msg>
<arg>${json_data['results'][0]['location']['postcode']}</arg>
<doc>Logs the given message with the given level.</doc>
<status status="PASS" start="2024-05-12T01:07:11.960160" elapsed="0.000382"/>
</kw>
<status status="PASS" start="2024-05-12T01:07:11.860323" elapsed="0.100479"/>
</kw>
<doc>Testa se os tipos de dados na resposta da API estão corretos.</doc>
<tag>testeTiposDados</tag>
<status status="PASS" start="2024-05-12T01:07:11.782848" elapsed="0.178122"/>
</test>
<test id="s1-s1-t5" name="Validar conteudo" line="35">
<kw name="Teste de Tipos de Conteudo" owner="random-user-service">
<kw name="GET On Session" owner="RequestsLibrary">
<msg time="2024-05-12T01:07:12.054257" level="INFO">GET Request : url=https://randomuser.me/api 
 path_url=/api 
 headers={'User-Agent': 'python-requests/2.31.0', 'Accept-Encoding': 'gzip, deflate', 'Accept': '*/*', 'Connection': 'keep-alive'} 
 body=None 
 </msg>
<msg time="2024-05-12T01:07:12.054350" level="INFO">GET Response : url=https://randomuser.me/api 
 status=200, reason=OK 
 headers={'Date': 'Sun, 12 May 2024 01:07:12 GMT', 'Content-Type': 'application/json; charset=utf-8', 'Transfer-Encoding': 'chunked', 'Connection': 'keep-alive', 'X-Powered-By': 'Express', 'Access-Control-Allow-Origin': '*', 'Cache-Control': 'no-cache', 'ETag': 'W/"48b-mgAETI+dskj1uuhSIQYvy2hVr5E"', 'Vary': 'Accept-Encoding', 'Content-Encoding': 'gzip', 'CF-Cache-Status': 'DYNAMIC', 'Report-To': '{"endpoints":[{"url":"https:\\/\\/a.nel.cloudflare.com\\/report\\/v4?s=j0Ae93hN0Wzxx6x9e2jQFpCn93EIu0nle8J9J7%2BMsYrf9Um6w9QTq3PYga6j%2Blo%2Bi8AVuUDeCUplhx4UEmiYK0khzmx6zNYnrt%2BWpxB3XFpZ2aJzT5CuPwFvV3BhMNWZ"}],"group":"cf-nel","max_age":604800}', 'NEL': '{"success_fraction":0,"report_to":"cf-nel","max_age":604800}', 'Server': 'cloudflare', 'CF-RAY': '882682afc9be56ec-IAD', 'alt-svc': 'h3=":443"; ma=86400'} 
 body={"results":[{"gender":"male","name":{"title":"Mr","first":"Ángel","last":"Ibáñez"},"location":{"street":{"number":8009,"name":"Avenida del Planetario"},"city":"La Coruña","state":"Comunidad de Madrid","country":"Spain","postcode":96359,"coordinates":{"latitude":"-32.0799","longitude":"-78.4353"},"timezone":{"offset":"-2:00","description":"Mid-Atlantic"}},"email":"angel.ibanez@example.com","login":{"uuid":"266c367f-3d9e-4a38-818b-c69f0b610594","username":"orangepeacock803","password":"athens","salt":"oZK4OpFF","md5":"006b7cf6ebb8e55ba96041bea216e3b5","sha1":"cb08e82478dded2e36c0446f7b4a5638b280aaf5","sha256":"595056de80e8a01ef0161fd5970796e3fccc7cf023cfc27abd106b0770ddb970"},"dob":{"date":"1966-01-13T19:42:41.018Z","age":58},"registered":{"date":"2014-01-02T10:14:11.894Z","age":10},"phone":"906-400-353","cell":"663-009-997","id":{"name":"DNI","value":"07728154-X"},"picture":{"large":"https://randomuser.me/api/portraits/men/98.jpg","medium":"https://randomuser.me/api/portraits/med/men/98.jpg","thumbnail":"https://randomuser.me/api/portraits/thumb/men/98.jpg"},"nat":"ES"}],"info":{"seed":"36e1d648fa1486a6","results":1,"page":1,"version":"1.4"}} 
 </msg>
<msg time="2024-05-12T01:07:12.054465" level="INFO">/opt/hostedtoolcache/Python/3.12.3/x64/lib/python3.12/site-packages/urllib3/connectionpool.py:1103: InsecureRequestWarning: Unverified HTTPS request is being made to host 'randomuser.me'. Adding certificate verification is strongly advised. See: https://urllib3.readthedocs.io/en/latest/advanced-usage.html#tls-warnings
  warnings.warn(</msg>
<msg time="2024-05-12T01:07:12.054610" level="INFO">${response} = &lt;Response [200]&gt;</msg>
<var>${response}</var>
<arg>consultarAPI</arg>
<arg>/api</arg>
<doc>Sends a GET request on a previously created HTTP Session.</doc>
<status status="PASS" start="2024-05-12T01:07:11.963504" elapsed="0.091140"/>
</kw>
<kw name="Set Variable" owner="BuiltIn">
<msg time="2024-05-12T01:07:12.055530" level="INFO">${json_data} = {'results': [{'gender': 'male', 'name': {'title': 'Mr', 'first': 'Ángel', 'last': 'Ibáñez'}, 'location': {'street': {'number': 8009, 'name': 'Avenida del Planetario'}, 'city': 'La Coruña', 'state': 'C...</msg>
<var>${json_data}</var>
<arg>${response.json()}</arg>
<doc>Returns the given values which can then be assigned to a variables.</doc>
<status status="PASS" start="2024-05-12T01:07:12.055051" elapsed="0.000508"/>
</kw>
<kw name="Set Variable" owner="BuiltIn">
<msg time="2024-05-12T01:07:12.056257" level="INFO">${name_title} = Mr</msg>
<var>${name_title}</var>
<arg>${json_data["results"][0]["name"]["title"]}</arg>
<doc>Returns the given values which can then be assigned to a variables.</doc>
<status status="PASS" start="2024-05-12T01:07:12.055874" elapsed="0.000408"/>
</kw>
<kw name="Create List" owner="BuiltIn">
<msg time="2024-05-12T01:07:12.056740" level="INFO">${allowed_titles} = ['Mr', 'Ms', 'Miss', 'Mrs', 'Madame', 'Monsieur']</msg>
<var>${allowed_titles}</var>
<arg>Mr</arg>
<arg>Ms</arg>
<arg>Miss</arg>
<arg>Mrs</arg>
<arg>Madame</arg>
<arg>Monsieur</arg>
<doc>Returns a list containing given items.</doc>
<status status="PASS" start="2024-05-12T01:07:12.056584" elapsed="0.000185"/>
</kw>
<kw name="List Should Contain Value" owner="Collections">
<msg time="2024-05-12T01:07:12.057245" level="INFO">False</msg>
<arg>${allowed_titles}</arg>
<arg>${name_title}</arg>
<doc>Fails if the ``value`` is not found from ``list``.</doc>
<status status="PASS" start="2024-05-12T01:07:12.057072" elapsed="0.000210"/>
</kw>
<kw name="Set Variable" owner="BuiltIn">
<msg time="2024-05-12T01:07:12.057959" level="INFO">${name_country} = ES</msg>
<var>${name_country}</var>
<arg>${json_data["results"][0]["nat"]}</arg>
<doc>Returns the given values which can then be assigned to a variables.</doc>
<status status="PASS" start="2024-05-12T01:07:12.057576" elapsed="0.000409"/>
</kw>
<kw name="Create List" owner="BuiltIn">
<msg time="2024-05-12T01:07:12.058923" level="INFO">${list_country} = ['AD', 'AE', 'AF', 'AG', 'AI', 'AL', 'AM', 'AO', 'AQ', 'AR', 'AS', 'AT', 'AU', 'AW', 'AX', 'AZ', 'BA', 'BB', 'BD', 'BE', 'BF', 'BG', 'BH', 'BI', 'BJ', 'BL', 'BM', 'BN', 'BO', 'BQ', 'BR', 'BS', 'BT', '...</msg>
<var>${list_country}</var>
<arg>AD</arg>
<arg>AE</arg>
<arg>AF</arg>
<arg>AG</arg>
<arg>AI</arg>
<arg>AL</arg>
<arg>AM</arg>
<arg>AO</arg>
<arg>AQ</arg>
<arg>AR</arg>
<arg>AS</arg>
<arg>AT</arg>
<arg>AU</arg>
<arg>AW</arg>
<arg>AX</arg>
<arg>AZ</arg>
<arg>BA</arg>
<arg>BB</arg>
<arg>BD</arg>
<arg>BE</arg>
<arg>BF</arg>
<arg>BG</arg>
<arg>BH</arg>
<arg>BI</arg>
<arg>BJ</arg>
<arg>BL</arg>
<arg>BM</arg>
<arg>BN</arg>
<arg>BO</arg>
<arg>BQ</arg>
<arg>BR</arg>
<arg>BS</arg>
<arg>BT</arg>
<arg>BV</arg>
<arg>BW</arg>
<arg>BY</arg>
<arg>BZ</arg>
<arg>CA</arg>
<arg>CC</arg>
<arg>CD</arg>
<arg>CF</arg>
<arg>CG</arg>
<arg>CH</arg>
<arg>CI</arg>
<arg>CK</arg>
<arg>CL</arg>
<arg>CM</arg>
<arg>CN</arg>
<arg>CO</arg>
<arg>CR</arg>
<arg>CU</arg>
<arg>CV</arg>
<arg>CW</arg>
<arg>CX</arg>
<arg>CY</arg>
<arg>CZ</arg>
<arg>DE</arg>
<arg>DJ</arg>
<arg>DK</arg>
<arg>DM</arg>
<arg>DO</arg>
<arg>DZ</arg>
<arg>EC</arg>
<arg>EE</arg>
<arg>EG</arg>
<arg>EH</arg>
<arg>ER</arg>
<arg>ES</arg>
<arg>ET</arg>
<arg>FI</arg>
<arg>FJ</arg>
<arg>FK</arg>
<arg>FM</arg>
<arg>FO</arg>
<arg>FR</arg>
<arg>GA</arg>
<arg>GB</arg>
<arg>GD</arg>
<arg>GE</arg>
<arg>GF</arg>
<arg>GG</arg>
<arg>GH</arg>
<arg>GI</arg>
<arg>GL</arg>
<arg>GM</arg>
<arg>GN</arg>
<arg>GP</arg>
<arg>GQ</arg>
<arg>GR</arg>
<arg>GS</arg>
<arg>GT</arg>
<arg>GU</arg>
<arg>GW</arg>
<arg>GY</arg>
<arg>HK</arg>
<arg>HM</arg>
<arg>HN</arg>
<arg>HR</arg>
<arg>HT</arg>
<arg>HU</arg>
<arg>ID</arg>
<arg>IE</arg>
<arg>IL</arg>
<arg>IM</arg>
<arg>IN</arg>
<arg>IO</arg>
<arg>IQ</arg>
<arg>IR</arg>
<arg>IS</arg>
<arg>IT</arg>
<arg>JE</arg>
<arg>JM</arg>
<arg>JO</arg>
<arg>JP</arg>
<arg>KE</arg>
<arg>KG</arg>
<arg>KH</arg>
<arg>KI</arg>
<arg>KM</arg>
<arg>KN</arg>
<arg>KP</arg>
<arg>KR</arg>
<arg>KW</arg>
<arg>KY</arg>
<arg>KZ</arg>
<arg>LA</arg>
<arg>LB</arg>
<arg>LC</arg>
<arg>LI</arg>
<arg>LK</arg>
<arg>LR</arg>
<arg>LS</arg>
<arg>LT</arg>
<arg>LU</arg>
<arg>LV</arg>
<arg>LY</arg>
<arg>MA</arg>
<arg>MC</arg>
<arg>MD</arg>
<arg>ME</arg>
<arg>MF</arg>
<arg>MG</arg>
<arg>MH</arg>
<arg>MK</arg>
<arg>ML</arg>
<arg>MM</arg>
<arg>MN</arg>
<arg>MO</arg>
<arg>MP</arg>
<arg>MQ</arg>
<arg>MR</arg>
<arg>MS</arg>
<arg>MT</arg>
<arg>MU</arg>
<arg>MV</arg>
<arg>MW</arg>
<arg>MX</arg>
<arg>MY</arg>
<arg>MZ</arg>
<arg>NA</arg>
<arg>NC</arg>
<arg>NE</arg>
<arg>NF</arg>
<arg>NG</arg>
<arg>NI</arg>
<arg>NL</arg>
<arg>NO</arg>
<arg>NP</arg>
<arg>NR</arg>
<arg>NU</arg>
<arg>NZ</arg>
<arg>OM</arg>
<arg>PA</arg>
<arg>PE</arg>
<arg>PF</arg>
<arg>PG</arg>
<arg>PH</arg>
<arg>PK</arg>
<arg>PL</arg>
<arg>PM</arg>
<arg>PN</arg>
<arg>PR</arg>
<arg>PS</arg>
<arg>PT</arg>
<arg>PW</arg>
<arg>PY</arg>
<arg>QA</arg>
<arg>RE</arg>
<arg>RO</arg>
<arg>RS</arg>
<arg>RU</arg>
<arg>RW</arg>
<arg>SA</arg>
<arg>SB</arg>
<arg>SC</arg>
<arg>SD</arg>
<arg>SE</arg>
<arg>SG</arg>
<arg>SH</arg>
<arg>SI</arg>
<arg>SJ</arg>
<arg>SK</arg>
<arg>SL</arg>
<arg>SM</arg>
<arg>SN</arg>
<arg>SO</arg>
<arg>SR</arg>
<arg>SS</arg>
<arg>ST</arg>
<arg>SV</arg>
<arg>SX</arg>
<arg>SY</arg>
<arg>SZ</arg>
<arg>TC</arg>
<arg>TD</arg>
<arg>TF</arg>
<arg>TG</arg>
<arg>TH</arg>
<arg>TJ</arg>
<arg>TK</arg>
<arg>TL</arg>
<arg>TM</arg>
<arg>TN</arg>
<arg>TO</arg>
<arg>TR</arg>
<arg>TT</arg>
<arg>TV</arg>
<arg>TW</arg>
<arg>TZ</arg>
<arg>UA</arg>
<arg>UG</arg>
<arg>UM</arg>
<arg>US</arg>
<arg>UY</arg>
<arg>UZ</arg>
<arg>VA</arg>
<arg>VC</arg>
<arg>VE</arg>
<arg>VG</arg>
<arg>VI</arg>
<arg>VN</arg>
<arg>VU</arg>
<arg>WF</arg>
<arg>WS</arg>
<arg>XK</arg>
<arg>YE</arg>
<arg>YT</arg>
<arg>ZA</arg>
<arg>ZM</arg>
<arg>ZW</arg>
<doc>Returns a list containing given items.</doc>
<status status="PASS" start="2024-05-12T01:07:12.058290" elapsed="0.000662"/>
</kw>
<kw name="List Should Contain Value" owner="Collections">
<msg time="2024-05-12T01:07:12.059976" level="INFO">False</msg>
<arg>${list_country}</arg>
<arg>${name_country}</arg>
<doc>Fails if the ``value`` is not found from ``list``.</doc>
<status status="PASS" start="2024-05-12T01:07:12.059765" elapsed="0.000248"/>
</kw>
<kw name="Run Keyword If" owner="BuiltIn">
<kw name="Should Be True" owner="BuiltIn">
<arg>${True}</arg>
<doc>Fails if the given condition is not true.</doc>
<status status="PASS" start="2024-05-12T01:07:12.061101" elapsed="0.000259"/>
</kw>
<arg>${json_data["results"][0]["location"]["coordinates"]["latitude"]} &gt;= -90 and ${json_data["results"][0]["location"]["coordinates"]["latitude"]} &lt;= 90</arg>
<arg>Should Be True</arg>
<arg>${True}</arg>
<doc>Runs the given keyword with the given arguments, if ``condition`` is true.</doc>
<status status="PASS" start="2024-05-12T01:07:12.060332" elapsed="0.001181"/>
</kw>
<kw name="Run Keyword If" owner="BuiltIn">
<kw name="Should Be True" owner="BuiltIn">
<arg>${True}</arg>
<doc>Fails if the given condition is not true.</doc>
<status status="PASS" start="2024-05-12T01:07:12.062459" elapsed="0.000158"/>
</kw>
<arg>${json_data["results"][0]["location"]["coordinates"]["longitude"]} &gt;= -180 and ${json_data["results"][0]["location"]["coordinates"]["longitude"]} &lt;= 180</arg>
<arg>Should Be True</arg>
<arg>${True}</arg>
<doc>Runs the given keyword with the given arguments, if ``condition`` is true.</doc>
<status status="PASS" start="2024-05-12T01:07:12.061708" elapsed="0.001042"/>
</kw>
<status status="PASS" start="2024-05-12T01:07:11.963270" elapsed="0.099612"/>
</kw>
<doc>Testa o conteúdo específico dos campos retornados pela API.</doc>
<tag>testeConteudo</tag>
<status status="PASS" start="2024-05-12T01:07:11.962812" elapsed="0.100221"/>
</test>
<status status="PASS" start="2024-05-12T01:07:11.165732" elapsed="0.899211"/>
</suite>
<status status="PASS" start="2024-05-12T01:07:11.152340" elapsed="0.917751"/>
</suite>
<statistics>
<total>
<stat pass="5" fail="0" skip="0">All Tests</stat>
</total>
<tag>
<stat pass="1" fail="0" skip="0">testeConteudo</stat>
<stat pass="1" fail="0" skip="0">testeEstruturaResposta</stat>
<stat pass="1" fail="0" skip="0">testeRequisicaoBasica</stat>
<stat pass="1" fail="0" skip="0">testeTiposDados</stat>
</tag>
<suite>
<stat pass="5" fail="0" skip="0" id="s1" name="Tests">Tests</stat>
<stat pass="5" fail="0" skip="0" id="s1-s1" name="Random-User-Test">Tests.Random-User-Test</stat>
</suite>
</statistics>
<errors>
</errors>
</robot>
