<?xml version="1.0" encoding="UTF-8"?>
<robot generator="Robot 7.0 (Python 3.12.3 on linux)" generated="2024-05-28T01:03:44.741860" rpa="false" schemaversion="5">
<suite id="s1" name="Tests" source="/home/runner/work/ApiRandomUser/ApiRandomUser/RamdonUser/tests">
<suite id="s1-s1" name="Random-User-Test" source="/home/runner/work/ApiRandomUser/ApiRandomUser/RamdonUser/tests/random-user-test.robot">
<test id="s1-s1-t1" name="Conectar" line="13">
<kw name="Conectar API" owner="random-user-service">
<kw name="Create Session" owner="RequestsLibrary">
<msg time="2024-05-28T01:03:45.180443" level="INFO">Creating Session using : alias=consultarAPI, url=https://randomuser.me/, headers={},                     cookies={}, auth=None, timeout=None, proxies=None, verify=False,                     debug=0 </msg>
<arg>consultarAPI</arg>
<arg>${URL}</arg>
<doc>Create Session: create a HTTP session to a server</doc>
<status status="PASS" start="2024-05-28T01:03:45.180198" elapsed="0.000436"/>
</kw>
<status status="PASS" start="2024-05-28T01:03:45.179128" elapsed="0.001876"/>
</kw>
<status status="PASS" start="2024-05-28T01:03:45.178499" elapsed="0.002700"/>
</test>
<test id="s1-s1-t2" name="Validar retorno 200 e JSON Válido" line="16">
<kw name="Teste de Requisicao Basica" owner="random-user-service">
<kw name="GET On Session" owner="RequestsLibrary">
<msg time="2024-05-28T01:03:45.434160" level="INFO">GET Request : url=https://randomuser.me/api 
 path_url=/api 
 headers={'User-Agent': 'python-requests/2.32.2', 'Accept-Encoding': 'gzip, deflate', 'Accept': '*/*', 'Connection': 'keep-alive'} 
 body=None 
 </msg>
<msg time="2024-05-28T01:03:45.434324" level="INFO">GET Response : url=https://randomuser.me/api 
 status=200, reason=OK 
 headers={'Date': 'Tue, 28 May 2024 01:03:45 GMT', 'Content-Type': 'application/json; charset=utf-8', 'Transfer-Encoding': 'chunked', 'Connection': 'keep-alive', 'X-Powered-By': 'Express', 'Access-Control-Allow-Origin': '*', 'Cache-Control': 'no-cache', 'ETag': 'W/"49b-wnd9zXgOTW7uw70CVBFptMxfhRc"', 'Vary': 'Accept-Encoding', 'Content-Encoding': 'gzip', 'CF-Cache-Status': 'DYNAMIC', 'Report-To': '{"endpoints":[{"url":"https:\\/\\/a.nel.cloudflare.com\\/report\\/v4?s=Ma4pn%2FZHXjgH7Gq4hswUN4GqHWs59XflWDLw5l5nOpZ8LJYtkU7MgX5HybW5%2FwbJq47wkZJ%2Fmto2k1ulnKCh07tt4aAQ1woAFZt6pP0jlLS2wVXQHj3s1B1NHS1o9uHW"}],"group":"cf-nel","max_age":604800}', 'NEL': '{"success_fraction":0,"report_to":"cf-nel","max_age":604800}', 'Server': 'cloudflare', 'CF-RAY': '88aa53a4a88f2315-ORD', 'alt-svc': 'h3=":443"; ma=86400'} 
 body={"results":[{"gender":"female","name":{"title":"Mrs","first":"Antonida","last":"Vovchenko"},"location":{"street":{"number":143,"name":"Kirovogradskiy provulok"},"city":"Kicman","state":"Avtonomna Respublika Krim","country":"Ukraine","postcode":92729,"coordinates":{"latitude":"73.2650","longitude":"124.8148"},"timezone":{"offset":"+9:30","description":"Adelaide, Darwin"}},"email":"antonida.vovchenko@example.com","login":{"uuid":"129e0660-e8d5-482e-bc52-3cdd433c5d67","username":"blackduck809","password":"frenchy","salt":"F2vFj5CV","md5":"35098e217d06bc9ceb3ea53b91513a64","sha1":"b48f8b378ac8ed4e326f3041ab98f944b026dbcf","sha256":"9657cf27dfe7e135d309fb1f5ef069f9445a08fc02a4a0275a2736ae5ec6e188"},"dob":{"date":"1993-06-14T23:19:37.341Z","age":30},"registered":{"date":"2019-09-23T08:37:45.752Z","age":4},"phone":"(067) F73-8446","cell":"(098) K51-4909","id":{"name":"","value":null},"picture":{"large":"https://randomuser.me/api/portraits/women/25.jpg","medium":"https://randomuser.me/api/portraits/med/women/25.jpg","thumbnail":"https://randomuser.me/api/portraits/thumb/women/25.jpg"},"nat":"UA"}],"info":{"seed":"8b25225faa0d052b","results":1,"page":1,"version":"1.4"}} 
 </msg>
<msg time="2024-05-28T01:03:45.434409" level="INFO">/opt/hostedtoolcache/Python/3.12.3/x64/lib/python3.12/site-packages/urllib3/connectionpool.py:1103: InsecureRequestWarning: Unverified HTTPS request is being made to host 'randomuser.me'. Adding certificate verification is strongly advised. See: https://urllib3.readthedocs.io/en/latest/advanced-usage.html#tls-warnings
  warnings.warn(</msg>
<msg time="2024-05-28T01:03:45.434564" level="INFO">${response} = &lt;Response [200]&gt;</msg>
<var>${response}</var>
<arg>consultarAPI</arg>
<arg>/api</arg>
<doc>Sends a GET request on a previously created HTTP Session.</doc>
<status status="PASS" start="2024-05-28T01:03:45.183872" elapsed="0.250734"/>
</kw>
<kw name="Should Be Equal As Numbers" owner="BuiltIn">
<msg time="2024-05-28T01:03:45.435630" level="INFO">Argument types are:
&lt;class 'int'&gt;
&lt;class 'str'&gt;</msg>
<arg>${response.status_code}</arg>
<arg>200</arg>
<doc>Fails if objects are unequal after converting them to real numbers.</doc>
<status status="PASS" start="2024-05-28T01:03:45.435163" elapsed="0.000536"/>
</kw>
<kw name="Log" owner="BuiltIn">
<msg time="2024-05-28T01:03:45.436413" level="INFO">200</msg>
<arg>${response.status_code}</arg>
<doc>Logs the given message with the given level.</doc>
<status status="PASS" start="2024-05-28T01:03:45.436020" elapsed="0.000444"/>
</kw>
<kw name="Set Variable" owner="BuiltIn">
<msg time="2024-05-28T01:03:45.437227" level="INFO">${json_data} = {'results': [{'gender': 'female', 'name': {'title': 'Mrs', 'first': 'Antonida', 'last': 'Vovchenko'}, 'location': {'street': {'number': 143, 'name': 'Kirovogradskiy provulok'}, 'city': 'Kicman', 'stat...</msg>
<var>${json_data}</var>
<arg>${response.json()}</arg>
<doc>Returns the given values which can then be assigned to a variables.</doc>
<status status="PASS" start="2024-05-28T01:03:45.436784" elapsed="0.000472"/>
</kw>
<kw name="Dictionary Should Contain Key" owner="Collections">
<msg time="2024-05-28T01:03:45.437735" level="INFO">False</msg>
<arg>${json_data}</arg>
<arg>results</arg>
<doc>Fails if ``key`` is not found from ``dictionary``.</doc>
<status status="PASS" start="2024-05-28T01:03:45.437563" elapsed="0.000383"/>
</kw>
<status status="PASS" start="2024-05-28T01:03:45.183619" elapsed="0.254601"/>
</kw>
<doc>Testa se a API responde corretamente e retorna um objeto JSON válido.</doc>
<tag>testeRequisicaoBasica</tag>
<status status="PASS" start="2024-05-28T01:03:45.183076" elapsed="0.255347"/>
</test>
<test id="s1-s1-t3" name="Validar estrutura de resposta" line="22">
<kw name="Teste de Estrutura de Resposta" owner="random-user-service">
<kw name="GET On Session" owner="RequestsLibrary">
<msg time="2024-05-28T01:03:45.534299" level="INFO">GET Request : url=https://randomuser.me/api 
 path_url=/api 
 headers={'User-Agent': 'python-requests/2.32.2', 'Accept-Encoding': 'gzip, deflate', 'Accept': '*/*', 'Connection': 'keep-alive'} 
 body=None 
 </msg>
<msg time="2024-05-28T01:03:45.534415" level="INFO">GET Response : url=https://randomuser.me/api 
 status=200, reason=OK 
 headers={'Date': 'Tue, 28 May 2024 01:03:45 GMT', 'Content-Type': 'application/json; charset=utf-8', 'Transfer-Encoding': 'chunked', 'Connection': 'keep-alive', 'X-Powered-By': 'Express', 'Access-Control-Allow-Origin': '*', 'Cache-Control': 'no-cache', 'ETag': 'W/"491-TkPmrulUYzMFqdPTNQXL+ms6XOQ"', 'Vary': 'Accept-Encoding', 'Content-Encoding': 'gzip', 'CF-Cache-Status': 'DYNAMIC', 'Report-To': '{"endpoints":[{"url":"https:\\/\\/a.nel.cloudflare.com\\/report\\/v4?s=BGk2hqoz805PJ45tk63Djyj8z4QBryGvowTCbbbMLP8sF6jTFFpc6Q3%2FL4aooOjIYEpAIVt%2BVlE5BtxX6uToppPBBCp7sjYilA0PPTwjM6t6J4Un67STKmhGEgSwSQ4r"}],"group":"cf-nel","max_age":604800}', 'NEL': '{"success_fraction":0,"report_to":"cf-nel","max_age":604800}', 'Server': 'cloudflare', 'CF-RAY': '88aa53a509132315-ORD', 'alt-svc': 'h3=":443"; ma=86400'} 
 body={"results":[{"gender":"male","name":{"title":"Mr","first":"Fitan","last":"Dawangave"},"location":{"street":{"number":3902,"name":"Bandstand Promenade"},"city":"Coimbatore","state":"Himachal Pradesh","country":"India","postcode":88764,"coordinates":{"latitude":"12.3435","longitude":"-81.7854"},"timezone":{"offset":"+7:00","description":"Bangkok, Hanoi, Jakarta"}},"email":"fitan.dawangave@example.com","login":{"uuid":"64d6036e-40f3-483d-9fa0-1b682718c6c7","username":"purplebird181","password":"warner","salt":"ra8lHp2Z","md5":"f860814536a0cca8f1a0452abcb7b669","sha1":"ad4dfc75523cec65d1007a88d4ee94336e1119ca","sha256":"c8e0f761173cb752a731b911419c1669fa1a9d3ac1fab6049218e659c6d20f17"},"dob":{"date":"1986-02-24T05:03:27.248Z","age":38},"registered":{"date":"2010-05-26T01:58:37.716Z","age":14},"phone":"7405737419","cell":"9979920175","id":{"name":"UIDAI","value":"107185707938"},"picture":{"large":"https://randomuser.me/api/portraits/men/50.jpg","medium":"https://randomuser.me/api/portraits/med/men/50.jpg","thumbnail":"https://randomuser.me/api/portraits/thumb/men/50.jpg"},"nat":"IN"}],"info":{"seed":"ac78311ebff567ba","results":1,"page":1,"version":"1.4"}} 
 </msg>
<msg time="2024-05-28T01:03:45.534561" level="INFO">/opt/hostedtoolcache/Python/3.12.3/x64/lib/python3.12/site-packages/urllib3/connectionpool.py:1103: InsecureRequestWarning: Unverified HTTPS request is being made to host 'randomuser.me'. Adding certificate verification is strongly advised. See: https://urllib3.readthedocs.io/en/latest/advanced-usage.html#tls-warnings
  warnings.warn(</msg>
<msg time="2024-05-28T01:03:45.534691" level="INFO">${response} = &lt;Response [200]&gt;</msg>
<var>${response}</var>
<arg>consultarAPI</arg>
<arg>/api</arg>
<doc>Sends a GET request on a previously created HTTP Session.</doc>
<status status="PASS" start="2024-05-28T01:03:45.441093" elapsed="0.093632"/>
</kw>
<kw name="Set Variable" owner="BuiltIn">
<msg time="2024-05-28T01:03:45.535798" level="INFO">${json_data} = {'results': [{'gender': 'male', 'name': {'title': 'Mr', 'first': 'Fitan', 'last': 'Dawangave'}, 'location': {'street': {'number': 3902, 'name': 'Bandstand Promenade'}, 'city': 'Coimbatore', 'state': '...</msg>
<var>${json_data}</var>
<arg>${response.json()}</arg>
<doc>Returns the given values which can then be assigned to a variables.</doc>
<status status="PASS" start="2024-05-28T01:03:45.535259" elapsed="0.000570"/>
</kw>
<kw name="Log" owner="BuiltIn">
<msg time="2024-05-28T01:03:45.536357" level="INFO">{'results': [{'gender': 'male', 'name': {'title': 'Mr', 'first': 'Fitan', 'last': 'Dawangave'}, 'location': {'street': {'number': 3902, 'name': 'Bandstand Promenade'}, 'city': 'Coimbatore', 'state': 'Himachal Pradesh', 'country': 'India', 'postcode': 88764, 'coordinates': {'latitude': '12.3435', 'longitude': '-81.7854'}, 'timezone': {'offset': '+7:00', 'description': 'Bangkok, Hanoi, Jakarta'}}, 'email': 'fitan.dawangave@example.com', 'login': {'uuid': '64d6036e-40f3-483d-9fa0-1b682718c6c7', 'username': 'purplebird181', 'password': 'warner', 'salt': 'ra8lHp2Z', 'md5': 'f860814536a0cca8f1a0452abcb7b669', 'sha1': 'ad4dfc75523cec65d1007a88d4ee94336e1119ca', 'sha256': 'c8e0f761173cb752a731b911419c1669fa1a9d3ac1fab6049218e659c6d20f17'}, 'dob': {'date': '1986-02-24T05:03:27.248Z', 'age': 38}, 'registered': {'date': '2010-05-26T01:58:37.716Z', 'age': 14}, 'phone': '7405737419', 'cell': '9979920175', 'id': {'name': 'UIDAI', 'value': '107185707938'}, 'picture': {'large': 'https://randomuser.me/api/portraits/men/50.jpg', 'medium': 'https://randomuser.me/api/portraits/med/men/50.jpg', 'thumbnail': 'https://randomuser.me/api/portraits/thumb/men/50.jpg'}, 'nat': 'IN'}], 'info': {'seed': 'ac78311ebff567ba', 'results': 1, 'page': 1, 'version': '1.4'}}</msg>
<arg>${json_data}</arg>
<doc>Logs the given message with the given level.</doc>
<status status="PASS" start="2024-05-28T01:03:45.536147" elapsed="0.000270"/>
</kw>
<kw name="Dictionary Should Contain Key" owner="Collections">
<msg time="2024-05-28T01:03:45.536884" level="INFO">False</msg>
<arg>${json_data}</arg>
<arg>results</arg>
<doc>Fails if ``key`` is not found from ``dictionary``.</doc>
<status status="PASS" start="2024-05-28T01:03:45.536725" elapsed="0.000197"/>
</kw>
<kw name="Should Not Be Empty" owner="BuiltIn">
<msg time="2024-05-28T01:03:45.537363" level="INFO">Length is 2.</msg>
<arg>${json_data}</arg>
<doc>Verifies that the given item is not empty.</doc>
<status status="PASS" start="2024-05-28T01:03:45.537222" elapsed="0.000182"/>
</kw>
<kw name="Create List" owner="BuiltIn">
<msg time="2024-05-28T01:03:45.537850" level="INFO">${expected_keys} = ['gender', 'name', 'location', 'email', 'login']</msg>
<var>${expected_keys}</var>
<arg>gender</arg>
<arg>name</arg>
<arg>location</arg>
<arg>email</arg>
<arg>login</arg>
<doc>Returns a list containing given items.</doc>
<status status="PASS" start="2024-05-28T01:03:45.537699" elapsed="0.000176"/>
</kw>
<for flavor="IN">
<iter>
<kw name="Dictionary Should Contain Key" owner="Collections">
<msg time="2024-05-28T01:03:45.538899" level="INFO">False</msg>
<arg>${json_data['results'][0]}</arg>
<arg>${key}</arg>
<doc>Fails if ``key`` is not found from ``dictionary``.</doc>
<status status="PASS" start="2024-05-28T01:03:45.538489" elapsed="0.000450"/>
</kw>
<kw name="Log" owner="BuiltIn">
<msg time="2024-05-28T01:03:45.539619" level="INFO">{'gender': 'male', 'name': {'title': 'Mr', 'first': 'Fitan', 'last': 'Dawangave'}, 'location': {'street': {'number': 3902, 'name': 'Bandstand Promenade'}, 'city': 'Coimbatore', 'state': 'Himachal Pradesh', 'country': 'India', 'postcode': 88764, 'coordinates': {'latitude': '12.3435', 'longitude': '-81.7854'}, 'timezone': {'offset': '+7:00', 'description': 'Bangkok, Hanoi, Jakarta'}}, 'email': 'fitan.dawangave@example.com', 'login': {'uuid': '64d6036e-40f3-483d-9fa0-1b682718c6c7', 'username': 'purplebird181', 'password': 'warner', 'salt': 'ra8lHp2Z', 'md5': 'f860814536a0cca8f1a0452abcb7b669', 'sha1': 'ad4dfc75523cec65d1007a88d4ee94336e1119ca', 'sha256': 'c8e0f761173cb752a731b911419c1669fa1a9d3ac1fab6049218e659c6d20f17'}, 'dob': {'date': '1986-02-24T05:03:27.248Z', 'age': 38}, 'registered': {'date': '2010-05-26T01:58:37.716Z', 'age': 14}, 'phone': '7405737419', 'cell': '9979920175', 'id': {'name': 'UIDAI', 'value': '107185707938'}, 'picture': {'large': 'https://randomuser.me/api/portraits/men/50.jpg', 'medium': 'https://randomuser.me/api/portraits/med/men/50.jpg', 'thumbnail': 'https://randomuser.me/api/portraits/thumb/men/50.jpg'}, 'nat': 'IN'}</msg>
<arg>${json_data['results'][0]}</arg>
<doc>Logs the given message with the given level.</doc>
<status status="PASS" start="2024-05-28T01:03:45.539242" elapsed="0.000427"/>
</kw>
<kw name="Log" owner="BuiltIn">
<msg time="2024-05-28T01:03:45.540118" level="INFO">gender</msg>
<arg>${key}</arg>
<doc>Logs the given message with the given level.</doc>
<status status="PASS" start="2024-05-28T01:03:45.539986" elapsed="0.000171"/>
</kw>
<var name="${key}">gender</var>
<status status="PASS" start="2024-05-28T01:03:45.538355" elapsed="0.002049"/>
</iter>
<iter>
<kw name="Dictionary Should Contain Key" owner="Collections">
<msg time="2024-05-28T01:03:45.541115" level="INFO">False</msg>
<arg>${json_data['results'][0]}</arg>
<arg>${key}</arg>
<doc>Fails if ``key`` is not found from ``dictionary``.</doc>
<status status="PASS" start="2024-05-28T01:03:45.540717" elapsed="0.000437"/>
</kw>
<kw name="Log" owner="BuiltIn">
<msg time="2024-05-28T01:03:45.541848" level="INFO">{'gender': 'male', 'name': {'title': 'Mr', 'first': 'Fitan', 'last': 'Dawangave'}, 'location': {'street': {'number': 3902, 'name': 'Bandstand Promenade'}, 'city': 'Coimbatore', 'state': 'Himachal Pradesh', 'country': 'India', 'postcode': 88764, 'coordinates': {'latitude': '12.3435', 'longitude': '-81.7854'}, 'timezone': {'offset': '+7:00', 'description': 'Bangkok, Hanoi, Jakarta'}}, 'email': 'fitan.dawangave@example.com', 'login': {'uuid': '64d6036e-40f3-483d-9fa0-1b682718c6c7', 'username': 'purplebird181', 'password': 'warner', 'salt': 'ra8lHp2Z', 'md5': 'f860814536a0cca8f1a0452abcb7b669', 'sha1': 'ad4dfc75523cec65d1007a88d4ee94336e1119ca', 'sha256': 'c8e0f761173cb752a731b911419c1669fa1a9d3ac1fab6049218e659c6d20f17'}, 'dob': {'date': '1986-02-24T05:03:27.248Z', 'age': 38}, 'registered': {'date': '2010-05-26T01:58:37.716Z', 'age': 14}, 'phone': '7405737419', 'cell': '9979920175', 'id': {'name': 'UIDAI', 'value': '107185707938'}, 'picture': {'large': 'https://randomuser.me/api/portraits/men/50.jpg', 'medium': 'https://randomuser.me/api/portraits/med/men/50.jpg', 'thumbnail': 'https://randomuser.me/api/portraits/thumb/men/50.jpg'}, 'nat': 'IN'}</msg>
<arg>${json_data['results'][0]}</arg>
<doc>Logs the given message with the given level.</doc>
<status status="PASS" start="2024-05-28T01:03:45.541484" elapsed="0.000413"/>
</kw>
<kw name="Log" owner="BuiltIn">
<msg time="2024-05-28T01:03:45.542328" level="INFO">name</msg>
<arg>${key}</arg>
<doc>Logs the given message with the given level.</doc>
<status status="PASS" start="2024-05-28T01:03:45.542199" elapsed="0.000168"/>
</kw>
<var name="${key}">name</var>
<status status="PASS" start="2024-05-28T01:03:45.540599" elapsed="0.001992"/>
</iter>
<iter>
<kw name="Dictionary Should Contain Key" owner="Collections">
<msg time="2024-05-28T01:03:45.543267" level="INFO">False</msg>
<arg>${json_data['results'][0]}</arg>
<arg>${key}</arg>
<doc>Fails if ``key`` is not found from ``dictionary``.</doc>
<status status="PASS" start="2024-05-28T01:03:45.542887" elapsed="0.000420"/>
</kw>
<kw name="Log" owner="BuiltIn">
<msg time="2024-05-28T01:03:45.543982" level="INFO">{'gender': 'male', 'name': {'title': 'Mr', 'first': 'Fitan', 'last': 'Dawangave'}, 'location': {'street': {'number': 3902, 'name': 'Bandstand Promenade'}, 'city': 'Coimbatore', 'state': 'Himachal Pradesh', 'country': 'India', 'postcode': 88764, 'coordinates': {'latitude': '12.3435', 'longitude': '-81.7854'}, 'timezone': {'offset': '+7:00', 'description': 'Bangkok, Hanoi, Jakarta'}}, 'email': 'fitan.dawangave@example.com', 'login': {'uuid': '64d6036e-40f3-483d-9fa0-1b682718c6c7', 'username': 'purplebird181', 'password': 'warner', 'salt': 'ra8lHp2Z', 'md5': 'f860814536a0cca8f1a0452abcb7b669', 'sha1': 'ad4dfc75523cec65d1007a88d4ee94336e1119ca', 'sha256': 'c8e0f761173cb752a731b911419c1669fa1a9d3ac1fab6049218e659c6d20f17'}, 'dob': {'date': '1986-02-24T05:03:27.248Z', 'age': 38}, 'registered': {'date': '2010-05-26T01:58:37.716Z', 'age': 14}, 'phone': '7405737419', 'cell': '9979920175', 'id': {'name': 'UIDAI', 'value': '107185707938'}, 'picture': {'large': 'https://randomuser.me/api/portraits/men/50.jpg', 'medium': 'https://randomuser.me/api/portraits/med/men/50.jpg', 'thumbnail': 'https://randomuser.me/api/portraits/thumb/men/50.jpg'}, 'nat': 'IN'}</msg>
<arg>${json_data['results'][0]}</arg>
<doc>Logs the given message with the given level.</doc>
<status status="PASS" start="2024-05-28T01:03:45.543614" elapsed="0.000417"/>
</kw>
<kw name="Log" owner="BuiltIn">
<msg time="2024-05-28T01:03:45.544495" level="INFO">location</msg>
<arg>${key}</arg>
<doc>Logs the given message with the given level.</doc>
<status status="PASS" start="2024-05-28T01:03:45.544355" elapsed="0.000179"/>
</kw>
<var name="${key}">location</var>
<status status="PASS" start="2024-05-28T01:03:45.542772" elapsed="0.001980"/>
</iter>
<iter>
<kw name="Dictionary Should Contain Key" owner="Collections">
<msg time="2024-05-28T01:03:45.545555" level="INFO">False</msg>
<arg>${json_data['results'][0]}</arg>
<arg>${key}</arg>
<doc>Fails if ``key`` is not found from ``dictionary``.</doc>
<status status="PASS" start="2024-05-28T01:03:45.545042" elapsed="0.000553"/>
</kw>
<kw name="Log" owner="BuiltIn">
<msg time="2024-05-28T01:03:45.546252" level="INFO">{'gender': 'male', 'name': {'title': 'Mr', 'first': 'Fitan', 'last': 'Dawangave'}, 'location': {'street': {'number': 3902, 'name': 'Bandstand Promenade'}, 'city': 'Coimbatore', 'state': 'Himachal Pradesh', 'country': 'India', 'postcode': 88764, 'coordinates': {'latitude': '12.3435', 'longitude': '-81.7854'}, 'timezone': {'offset': '+7:00', 'description': 'Bangkok, Hanoi, Jakarta'}}, 'email': 'fitan.dawangave@example.com', 'login': {'uuid': '64d6036e-40f3-483d-9fa0-1b682718c6c7', 'username': 'purplebird181', 'password': 'warner', 'salt': 'ra8lHp2Z', 'md5': 'f860814536a0cca8f1a0452abcb7b669', 'sha1': 'ad4dfc75523cec65d1007a88d4ee94336e1119ca', 'sha256': 'c8e0f761173cb752a731b911419c1669fa1a9d3ac1fab6049218e659c6d20f17'}, 'dob': {'date': '1986-02-24T05:03:27.248Z', 'age': 38}, 'registered': {'date': '2010-05-26T01:58:37.716Z', 'age': 14}, 'phone': '7405737419', 'cell': '9979920175', 'id': {'name': 'UIDAI', 'value': '107185707938'}, 'picture': {'large': 'https://randomuser.me/api/portraits/men/50.jpg', 'medium': 'https://randomuser.me/api/portraits/med/men/50.jpg', 'thumbnail': 'https://randomuser.me/api/portraits/thumb/men/50.jpg'}, 'nat': 'IN'}</msg>
<arg>${json_data['results'][0]}</arg>
<doc>Logs the given message with the given level.</doc>
<status status="PASS" start="2024-05-28T01:03:45.545894" elapsed="0.000409"/>
</kw>
<kw name="Log" owner="BuiltIn">
<msg time="2024-05-28T01:03:45.546730" level="INFO">email</msg>
<arg>${key}</arg>
<doc>Logs the given message with the given level.</doc>
<status status="PASS" start="2024-05-28T01:03:45.546601" elapsed="0.000166"/>
</kw>
<var name="${key}">email</var>
<status status="PASS" start="2024-05-28T01:03:45.544929" elapsed="0.002052"/>
</iter>
<iter>
<kw name="Dictionary Should Contain Key" owner="Collections">
<msg time="2024-05-28T01:03:45.547647" level="INFO">False</msg>
<arg>${json_data['results'][0]}</arg>
<arg>${key}</arg>
<doc>Fails if ``key`` is not found from ``dictionary``.</doc>
<status status="PASS" start="2024-05-28T01:03:45.547271" elapsed="0.000413"/>
</kw>
<kw name="Log" owner="BuiltIn">
<msg time="2024-05-28T01:03:45.548389" level="INFO">{'gender': 'male', 'name': {'title': 'Mr', 'first': 'Fitan', 'last': 'Dawangave'}, 'location': {'street': {'number': 3902, 'name': 'Bandstand Promenade'}, 'city': 'Coimbatore', 'state': 'Himachal Pradesh', 'country': 'India', 'postcode': 88764, 'coordinates': {'latitude': '12.3435', 'longitude': '-81.7854'}, 'timezone': {'offset': '+7:00', 'description': 'Bangkok, Hanoi, Jakarta'}}, 'email': 'fitan.dawangave@example.com', 'login': {'uuid': '64d6036e-40f3-483d-9fa0-1b682718c6c7', 'username': 'purplebird181', 'password': 'warner', 'salt': 'ra8lHp2Z', 'md5': 'f860814536a0cca8f1a0452abcb7b669', 'sha1': 'ad4dfc75523cec65d1007a88d4ee94336e1119ca', 'sha256': 'c8e0f761173cb752a731b911419c1669fa1a9d3ac1fab6049218e659c6d20f17'}, 'dob': {'date': '1986-02-24T05:03:27.248Z', 'age': 38}, 'registered': {'date': '2010-05-26T01:58:37.716Z', 'age': 14}, 'phone': '7405737419', 'cell': '9979920175', 'id': {'name': 'UIDAI', 'value': '107185707938'}, 'picture': {'large': 'https://randomuser.me/api/portraits/men/50.jpg', 'medium': 'https://randomuser.me/api/portraits/med/men/50.jpg', 'thumbnail': 'https://randomuser.me/api/portraits/thumb/men/50.jpg'}, 'nat': 'IN'}</msg>
<arg>${json_data['results'][0]}</arg>
<doc>Logs the given message with the given level.</doc>
<status status="PASS" start="2024-05-28T01:03:45.547980" elapsed="0.000459"/>
</kw>
<kw name="Log" owner="BuiltIn">
<msg time="2024-05-28T01:03:45.548884" level="INFO">login</msg>
<arg>${key}</arg>
<doc>Logs the given message with the given level.</doc>
<status status="PASS" start="2024-05-28T01:03:45.548755" elapsed="0.000168"/>
</kw>
<var name="${key}">login</var>
<status status="PASS" start="2024-05-28T01:03:45.547159" elapsed="0.002005"/>
</iter>
<var>${key}</var>
<value>@{expected_keys}</value>
<status status="PASS" start="2024-05-28T01:03:45.538151" elapsed="0.011143"/>
</for>
<kw name="Create List" owner="BuiltIn">
<msg time="2024-05-28T01:03:45.549639" level="INFO">${expected_keysTwo} = ['username', 'password']</msg>
<var>${expected_keysTwo}</var>
<arg>username</arg>
<arg>password</arg>
<doc>Returns a list containing given items.</doc>
<status status="PASS" start="2024-05-28T01:03:45.549497" elapsed="0.000165"/>
</kw>
<for flavor="IN">
<iter>
<kw name="Dictionary Should Contain Key" owner="Collections">
<msg time="2024-05-28T01:03:45.550561" level="INFO">False</msg>
<arg>${json_data['results'][0]['login']}</arg>
<arg>${keyTwo}</arg>
<doc>Fails if ``key`` is not found from ``dictionary``.</doc>
<status status="PASS" start="2024-05-28T01:03:45.550175" elapsed="0.000425"/>
</kw>
<kw name="Dictionary Should Contain Key" owner="Collections">
<msg time="2024-05-28T01:03:45.551287" level="INFO">False</msg>
<arg>${json_data['results'][0]['login']}</arg>
<arg>${keyTwo}</arg>
<doc>Fails if ``key`` is not found from ``dictionary``.</doc>
<status status="PASS" start="2024-05-28T01:03:45.550907" elapsed="0.000418"/>
</kw>
<kw name="Log" owner="BuiltIn">
<msg time="2024-05-28T01:03:45.551751" level="INFO">username</msg>
<arg>${keyTwo}</arg>
<doc>Logs the given message with the given level.</doc>
<status status="PASS" start="2024-05-28T01:03:45.551621" elapsed="0.000168"/>
</kw>
<var name="${keyTwo}">username</var>
<status status="PASS" start="2024-05-28T01:03:45.550064" elapsed="0.001943"/>
</iter>
<iter>
<kw name="Dictionary Should Contain Key" owner="Collections">
<msg time="2024-05-28T01:03:45.552721" level="INFO">False</msg>
<arg>${json_data['results'][0]['login']}</arg>
<arg>${keyTwo}</arg>
<doc>Fails if ``key`` is not found from ``dictionary``.</doc>
<status status="PASS" start="2024-05-28T01:03:45.552321" elapsed="0.000438"/>
</kw>
<kw name="Dictionary Should Contain Key" owner="Collections">
<msg time="2024-05-28T01:03:45.553430" level="INFO">False</msg>
<arg>${json_data['results'][0]['login']}</arg>
<arg>${keyTwo}</arg>
<doc>Fails if ``key`` is not found from ``dictionary``.</doc>
<status status="PASS" start="2024-05-28T01:03:45.553056" elapsed="0.000411"/>
</kw>
<kw name="Log" owner="BuiltIn">
<msg time="2024-05-28T01:03:45.553890" level="INFO">password</msg>
<arg>${keyTwo}</arg>
<doc>Logs the given message with the given level.</doc>
<status status="PASS" start="2024-05-28T01:03:45.553762" elapsed="0.000165"/>
</kw>
<var name="${keyTwo}">password</var>
<status status="PASS" start="2024-05-28T01:03:45.552180" elapsed="0.001963"/>
</iter>
<var>${keyTwo}</var>
<value>@{expected_keysTwo}</value>
<status status="PASS" start="2024-05-28T01:03:45.549907" elapsed="0.004355"/>
</for>
<status status="PASS" start="2024-05-28T01:03:45.440845" elapsed="0.113561"/>
</kw>
<doc>Testa a estrutura da resposta da API.</doc>
<tag>testeEstruturaResposta</tag>
<status status="PASS" start="2024-05-28T01:03:45.440310" elapsed="0.114259"/>
</test>
<test id="s1-s1-t4" name="Validar tipos de dados" line="28">
<kw name="Teste de Tipos de Dados" owner="random-user-service">
<kw name="GET On Session" owner="RequestsLibrary">
<msg time="2024-05-28T01:03:45.632724" level="INFO">GET Request : url=https://randomuser.me/api 
 path_url=/api 
 headers={'User-Agent': 'python-requests/2.32.2', 'Accept-Encoding': 'gzip, deflate', 'Accept': '*/*', 'Connection': 'keep-alive'} 
 body=None 
 </msg>
<msg time="2024-05-28T01:03:45.632832" level="INFO">GET Response : url=https://randomuser.me/api 
 status=200, reason=OK 
 headers={'Date': 'Tue, 28 May 2024 01:03:45 GMT', 'Content-Type': 'application/json; charset=utf-8', 'Transfer-Encoding': 'chunked', 'Connection': 'keep-alive', 'X-Powered-By': 'Express', 'Access-Control-Allow-Origin': '*', 'Cache-Control': 'no-cache', 'ETag': 'W/"498-pCKLM7nCad4cKwWDIBvds9A9Tt0"', 'Vary': 'Accept-Encoding', 'Content-Encoding': 'gzip', 'CF-Cache-Status': 'DYNAMIC', 'Report-To': '{"endpoints":[{"url":"https:\\/\\/a.nel.cloudflare.com\\/report\\/v4?s=Ps7ZHm6AJpHzgPQkvkQYGpKvVhbejnugphqxcfImWUMQGvEfqPhoTwAoXOL2sm9v6rrdW5RTyyOitsGfuG1dMVX1w6Z6k5YGduxNzG4RtN%2FPlhMnhLt9V%2FLyIpr%2FD90%2B"}],"group":"cf-nel","max_age":604800}', 'NEL': '{"success_fraction":0,"report_to":"cf-nel","max_age":604800}', 'Server': 'cloudflare', 'CF-RAY': '88aa53a5ba012315-ORD', 'alt-svc': 'h3=":443"; ma=86400'} 
 body={"results":[{"gender":"male","name":{"title":"Mr","first":"Bilogost","last":"Kirey"},"location":{"street":{"number":2359,"name":"Provulok Ivana Kozlovskogo"},"city":"Kaniv","state":"Ternopilska","country":"Ukraine","postcode":16857,"coordinates":{"latitude":"78.8016","longitude":"-30.3272"},"timezone":{"offset":"+1:00","description":"Brussels, Copenhagen, Madrid, Paris"}},"email":"bilogost.kirey@example.com","login":{"uuid":"167366c1-3808-4dc7-8dd9-e9335dec519f","username":"ticklishmeercat924","password":"sounds","salt":"oIdF2VEW","md5":"0d84d1dae7ccad13c1f12a45a15fdf44","sha1":"7766f2051f6901878766a26d6c1dabda4c0213c3","sha256":"0856f51404c287143dcda7b913d67bdd5ff2aa7f78f1e1951d73e9b516b9c8b8"},"dob":{"date":"1978-03-11T06:25:40.893Z","age":46},"registered":{"date":"2007-01-27T21:51:59.071Z","age":17},"phone":"(068) W97-3159","cell":"(098) W56-0188","id":{"name":"","value":null},"picture":{"large":"https://randomuser.me/api/portraits/men/21.jpg","medium":"https://randomuser.me/api/portraits/med/men/21.jpg","thumbnail":"https://randomuser.me/api/portraits/thumb/men/21.jpg"},"nat":"UA"}],"info":{"seed":"8e636f18b336c30d","results":1,"page":1,"version":"1.4"}} 
 </msg>
<msg time="2024-05-28T01:03:45.632901" level="INFO">/opt/hostedtoolcache/Python/3.12.3/x64/lib/python3.12/site-packages/urllib3/connectionpool.py:1103: InsecureRequestWarning: Unverified HTTPS request is being made to host 'randomuser.me'. Adding certificate verification is strongly advised. See: https://urllib3.readthedocs.io/en/latest/advanced-usage.html#tls-warnings
  warnings.warn(</msg>
<msg time="2024-05-28T01:03:45.633022" level="INFO">${response} = &lt;Response [200]&gt;</msg>
<var>${response}</var>
<arg>consultarAPI</arg>
<arg>/api</arg>
<doc>Sends a GET request on a previously created HTTP Session.</doc>
<status status="PASS" start="2024-05-28T01:03:45.557140" elapsed="0.075917"/>
</kw>
<kw name="Set Variable" owner="BuiltIn">
<msg time="2024-05-28T01:03:45.634116" level="INFO">${json_data} = {'results': [{'gender': 'male', 'name': {'title': 'Mr', 'first': 'Bilogost', 'last': 'Kirey'}, 'location': {'street': {'number': 2359, 'name': 'Provulok Ivana Kozlovskogo'}, 'city': 'Kaniv', 'state': ...</msg>
<var>${json_data}</var>
<arg>${response.json()}</arg>
<doc>Returns the given values which can then be assigned to a variables.</doc>
<status status="PASS" start="2024-05-28T01:03:45.633600" elapsed="0.000545"/>
</kw>
<kw name="Log" owner="BuiltIn">
<msg time="2024-05-28T01:03:45.634643" level="INFO">{'results': [{'gender': 'male', 'name': {'title': 'Mr', 'first': 'Bilogost', 'last': 'Kirey'}, 'location': {'street': {'number': 2359, 'name': 'Provulok Ivana Kozlovskogo'}, 'city': 'Kaniv', 'state': 'Ternopilska', 'country': 'Ukraine', 'postcode': 16857, 'coordinates': {'latitude': '78.8016', 'longitude': '-30.3272'}, 'timezone': {'offset': '+1:00', 'description': 'Brussels, Copenhagen, Madrid, Paris'}}, 'email': 'bilogost.kirey@example.com', 'login': {'uuid': '167366c1-3808-4dc7-8dd9-e9335dec519f', 'username': 'ticklishmeercat924', 'password': 'sounds', 'salt': 'oIdF2VEW', 'md5': '0d84d1dae7ccad13c1f12a45a15fdf44', 'sha1': '7766f2051f6901878766a26d6c1dabda4c0213c3', 'sha256': '0856f51404c287143dcda7b913d67bdd5ff2aa7f78f1e1951d73e9b516b9c8b8'}, 'dob': {'date': '1978-03-11T06:25:40.893Z', 'age': 46}, 'registered': {'date': '2007-01-27T21:51:59.071Z', 'age': 17}, 'phone': '(068) W97-3159', 'cell': '(098) W56-0188', 'id': {'name': '', 'value': None}, 'picture': {'large': 'https://randomuser.me/api/portraits/men/21.jpg', 'medium': 'https://randomuser.me/api/portraits/med/men/21.jpg', 'thumbnail': 'https://randomuser.me/api/portraits/thumb/men/21.jpg'}, 'nat': 'UA'}], 'info': {'seed': '8e636f18b336c30d', 'results': 1, 'page': 1, 'version': '1.4'}}</msg>
<arg>${json_data}</arg>
<doc>Logs the given message with the given level.</doc>
<status status="PASS" start="2024-05-28T01:03:45.634476" elapsed="0.000253"/>
</kw>
<kw name="Should Be String" owner="String">
<arg>${json_data['results'][0]['gender']}</arg>
<doc>Fails if the given ``item`` is not a string.</doc>
<status status="PASS" start="2024-05-28T01:03:45.635039" elapsed="0.000381"/>
</kw>
<kw name="Should Match Regexp" owner="BuiltIn">
<arg>${json_data['results'][0]['email']}</arg>
<arg>^[a-zA-Z0-9._%+-]+@[a-zA-Z0-9.-]+\.[a-zA-Z]{2,}$</arg>
<doc>Fails if ``string`` does not match ``pattern`` as a regular expression.</doc>
<status status="PASS" start="2024-05-28T01:03:45.635620" elapsed="0.000734"/>
</kw>
<kw name="Should Match Regexp" owner="BuiltIn">
<arg>${json_data['results'][0]['dob']['date']}</arg>
<arg>\\d{4}-\\d{2}-\\d{2}T\\d{2}:\\d{2}:\\d{2}\\.\\d{3}Z</arg>
<doc>Fails if ``string`` does not match ``pattern`` as a regular expression.</doc>
<status status="PASS" start="2024-05-28T01:03:45.636564" elapsed="0.000494"/>
</kw>
<kw name="Should Match Regexp" owner="BuiltIn">
<arg>${json_data['results'][0]['registered']['date']}</arg>
<arg>\\d{4}-\\d{2}-\\d{2}T\\d{2}:\\d{2}:\\d{2}\\.\\d{3}Z</arg>
<doc>Fails if ``string`` does not match ``pattern`` as a regular expression.</doc>
<status status="PASS" start="2024-05-28T01:03:45.637328" elapsed="0.000581"/>
</kw>
<kw name="Should Match Regexp" owner="BuiltIn">
<arg>${json_data['results'][0]['picture']['large']}</arg>
<arg>^https?://.*\.(?:png|jpe?g|gif|bmp)$</arg>
<doc>Fails if ``string`` does not match ``pattern`` as a regular expression.</doc>
<status status="PASS" start="2024-05-28T01:03:45.638219" elapsed="0.000806"/>
</kw>
<kw name="Should Match Regexp" owner="BuiltIn">
<arg>${json_data['results'][0]['picture']['medium']}</arg>
<arg>^https?://.*\.(?:png|jpe?g|gif|bmp)$</arg>
<doc>Fails if ``string`` does not match ``pattern`` as a regular expression.</doc>
<status status="PASS" start="2024-05-28T01:03:45.639339" elapsed="0.000590"/>
</kw>
<kw name="Should Match Regexp" owner="BuiltIn">
<arg>${json_data['results'][0]['picture']['thumbnail']}</arg>
<arg>^https?://.*\.(?:png|jpe?g|gif|bmp)$</arg>
<doc>Fails if ``string`` does not match ``pattern`` as a regular expression.</doc>
<status status="PASS" start="2024-05-28T01:03:45.640324" elapsed="0.000475"/>
</kw>
<kw name="Log" owner="BuiltIn">
<msg time="2024-05-28T01:03:45.641348" level="INFO">{'large': 'https://randomuser.me/api/portraits/men/21.jpg', 'medium': 'https://randomuser.me/api/portraits/med/men/21.jpg', 'thumbnail': 'https://randomuser.me/api/portraits/thumb/men/21.jpg'}</msg>
<arg>${json_data['results'][0]['picture']}</arg>
<doc>Logs the given message with the given level.</doc>
<status status="PASS" start="2024-05-28T01:03:45.641003" elapsed="0.000390"/>
</kw>
<status status="PASS" start="2024-05-28T01:03:45.556894" elapsed="0.084801"/>
</kw>
<kw name="Teste de Tipos de Dados - Postcode" owner="random-user-service">
<kw name="GET On Session" owner="RequestsLibrary">
<msg time="2024-05-28T01:03:45.762058" level="INFO">GET Request : url=https://randomuser.me/api 
 path_url=/api 
 headers={'User-Agent': 'python-requests/2.32.2', 'Accept-Encoding': 'gzip, deflate', 'Accept': '*/*', 'Connection': 'keep-alive'} 
 body=None 
 </msg>
<msg time="2024-05-28T01:03:45.762156" level="INFO">GET Response : url=https://randomuser.me/api 
 status=200, reason=OK 
 headers={'Date': 'Tue, 28 May 2024 01:03:45 GMT', 'Content-Type': 'application/json; charset=utf-8', 'Transfer-Encoding': 'chunked', 'Connection': 'keep-alive', 'X-Powered-By': 'Express', 'Access-Control-Allow-Origin': '*', 'Cache-Control': 'no-cache', 'ETag': 'W/"4a2-MfSKBvVg3rC2hKHlfQfn4I0Hl9s"', 'Vary': 'Accept-Encoding', 'Content-Encoding': 'gzip', 'CF-Cache-Status': 'DYNAMIC', 'Report-To': '{"endpoints":[{"url":"https:\\/\\/a.nel.cloudflare.com\\/report\\/v4?s=0kcrylseVZ%2FMH8t8gUwEwDdJtbXjjDTKA0guPDhG6aig%2FMEKCUja3p7HE0fOcEgTyexJR9QAxt%2BZ49IoRx3grA13Fqgb64RpM4LD0M21wDAUZERIvWAtLVpLRkRm8hci"}],"group":"cf-nel","max_age":604800}', 'NEL': '{"success_fraction":0,"report_to":"cf-nel","max_age":604800}', 'Server': 'cloudflare', 'CF-RAY': '88aa53a64a9a2315-ORD', 'alt-svc': 'h3=":443"; ma=86400'} 
 body={"results":[{"gender":"male","name":{"title":"Mr","first":"Abel","last":"Lira"},"location":{"street":{"number":8822,"name":"Avenida Baja California Sur"},"city":"Pantanal","state":"Nuevo Leon","country":"Mexico","postcode":68126,"coordinates":{"latitude":"23.8447","longitude":"-138.6497"},"timezone":{"offset":"+3:00","description":"Baghdad, Riyadh, Moscow, St. Petersburg"}},"email":"abel.lira@example.com","login":{"uuid":"078e199a-d6bc-4fb4-af53-e966c0a80e4e","username":"goldenduck932","password":"wildbill","salt":"1ASX9Sr5","md5":"bebea5929acec6ed352acbd0d129b7b1","sha1":"7e5f2785c979250712ebb631edf57f11557c7cc2","sha256":"62f5329a75a7e775341477f22f470b5c889a79cbf211c13ebfb5c19b825b0742"},"dob":{"date":"1978-07-15T14:18:42.765Z","age":45},"registered":{"date":"2010-09-06T14:00:07.249Z","age":13},"phone":"(670) 650 9294","cell":"(627) 513 5902","id":{"name":"NSS","value":"30 17 35 8937 1"},"picture":{"large":"https://randomuser.me/api/portraits/men/38.jpg","medium":"https://randomuser.me/api/portraits/med/men/38.jpg","thumbnail":"https://randomuser.me/api/portraits/thumb/men/38.jpg"},"nat":"MX"}],"info":{"seed":"f65d64d367069218","results":1,"page":1,"version":"1.4"}} 
 </msg>
<msg time="2024-05-28T01:03:45.762224" level="INFO">/opt/hostedtoolcache/Python/3.12.3/x64/lib/python3.12/site-packages/urllib3/connectionpool.py:1103: InsecureRequestWarning: Unverified HTTPS request is being made to host 'randomuser.me'. Adding certificate verification is strongly advised. See: https://urllib3.readthedocs.io/en/latest/advanced-usage.html#tls-warnings
  warnings.warn(</msg>
<msg time="2024-05-28T01:03:45.762352" level="INFO">${response} = &lt;Response [200]&gt;</msg>
<var>${response}</var>
<arg>consultarAPI</arg>
<arg>/api</arg>
<doc>Sends a GET request on a previously created HTTP Session.</doc>
<status status="PASS" start="2024-05-28T01:03:45.642181" elapsed="0.120211"/>
</kw>
<kw name="Set Variable" owner="BuiltIn">
<msg time="2024-05-28T01:03:45.763602" level="INFO">${json_data} = {'results': [{'gender': 'male', 'name': {'title': 'Mr', 'first': 'Abel', 'last': 'Lira'}, 'location': {'street': {'number': 8822, 'name': 'Avenida Baja California Sur'}, 'city': 'Pantanal', 'state': '...</msg>
<var>${json_data}</var>
<arg>${response.json()}</arg>
<doc>Returns the given values which can then be assigned to a variables.</doc>
<status status="PASS" start="2024-05-28T01:03:45.763029" elapsed="0.000603"/>
</kw>
<kw name="Log" owner="BuiltIn">
<msg time="2024-05-28T01:03:45.764124" level="INFO">{'results': [{'gender': 'male', 'name': {'title': 'Mr', 'first': 'Abel', 'last': 'Lira'}, 'location': {'street': {'number': 8822, 'name': 'Avenida Baja California Sur'}, 'city': 'Pantanal', 'state': 'Nuevo Leon', 'country': 'Mexico', 'postcode': 68126, 'coordinates': {'latitude': '23.8447', 'longitude': '-138.6497'}, 'timezone': {'offset': '+3:00', 'description': 'Baghdad, Riyadh, Moscow, St. Petersburg'}}, 'email': 'abel.lira@example.com', 'login': {'uuid': '078e199a-d6bc-4fb4-af53-e966c0a80e4e', 'username': 'goldenduck932', 'password': 'wildbill', 'salt': '1ASX9Sr5', 'md5': 'bebea5929acec6ed352acbd0d129b7b1', 'sha1': '7e5f2785c979250712ebb631edf57f11557c7cc2', 'sha256': '62f5329a75a7e775341477f22f470b5c889a79cbf211c13ebfb5c19b825b0742'}, 'dob': {'date': '1978-07-15T14:18:42.765Z', 'age': 45}, 'registered': {'date': '2010-09-06T14:00:07.249Z', 'age': 13}, 'phone': '(670) 650 9294', 'cell': '(627) 513 5902', 'id': {'name': 'NSS', 'value': '30 17 35 8937 1'}, 'picture': {'large': 'https://randomuser.me/api/portraits/men/38.jpg', 'medium': 'https://randomuser.me/api/portraits/med/men/38.jpg', 'thumbnail': 'https://randomuser.me/api/portraits/thumb/men/38.jpg'}, 'nat': 'MX'}], 'info': {'seed': 'f65d64d367069218', 'results': 1, 'page': 1, 'version': '1.4'}}</msg>
<arg>${json_data}</arg>
<doc>Logs the given message with the given level.</doc>
<status status="PASS" start="2024-05-28T01:03:45.763963" elapsed="0.000244"/>
</kw>
<kw name="Should Be Equal As Numbers" owner="BuiltIn">
<arg>${json_data['results'][0]['location']['postcode']}</arg>
<arg>${json_data['results'][0]['location']['postcode']}</arg>
<doc>Fails if objects are unequal after converting them to real numbers.</doc>
<status status="PASS" start="2024-05-28T01:03:45.764563" elapsed="0.000630"/>
</kw>
<kw name="Log" owner="BuiltIn">
<msg time="2024-05-28T01:03:45.765727" level="INFO">68126</msg>
<arg>${json_data['results'][0]['location']['postcode']}</arg>
<doc>Logs the given message with the given level.</doc>
<status status="PASS" start="2024-05-28T01:03:45.765389" elapsed="0.000380"/>
</kw>
<status status="PASS" start="2024-05-28T01:03:45.641935" elapsed="0.124132"/>
</kw>
<doc>Testa se os tipos de dados na resposta da API estão corretos.</doc>
<tag>testeTiposDados</tag>
<status status="PASS" start="2024-05-28T01:03:45.556391" elapsed="0.209890"/>
</test>
<test id="s1-s1-t5" name="Validar conteudo" line="35">
<kw name="Teste de Tipos de Conteudo" owner="random-user-service">
<kw name="GET On Session" owner="RequestsLibrary">
<msg time="2024-05-28T01:03:45.835288" level="INFO">GET Request : url=https://randomuser.me/api 
 path_url=/api 
 headers={'User-Agent': 'python-requests/2.32.2', 'Accept-Encoding': 'gzip, deflate', 'Accept': '*/*', 'Connection': 'keep-alive'} 
 body=None 
 </msg>
<msg time="2024-05-28T01:03:45.835388" level="INFO">GET Response : url=https://randomuser.me/api 
 status=200, reason=OK 
 headers={'Date': 'Tue, 28 May 2024 01:03:45 GMT', 'Content-Type': 'application/json; charset=utf-8', 'Transfer-Encoding': 'chunked', 'Connection': 'keep-alive', 'X-Powered-By': 'Express', 'Access-Control-Allow-Origin': '*', 'Cache-Control': 'no-cache', 'ETag': 'W/"48c-XhzENHsIAv9XbiGkL/YnLGJma6k"', 'Vary': 'Accept-Encoding', 'Content-Encoding': 'gzip', 'CF-Cache-Status': 'DYNAMIC', 'Report-To': '{"endpoints":[{"url":"https:\\/\\/a.nel.cloudflare.com\\/report\\/v4?s=Ns6Q4xsO%2Bc6P5Dzrzru%2F%2F7VWBjSwqnn%2BT6t7cmJhizq%2B6nLdeJBNAdtFwo1gtmhar2eejwbkUqMrs85wSwCNwHBfDd%2BCnBsietb4UBvWQE2TKEcAY0Ke8gBhM3Oj9iIo"}],"group":"cf-nel","max_age":604800}', 'NEL': '{"success_fraction":0,"report_to":"cf-nel","max_age":604800}', 'Server': 'cloudflare', 'CF-RAY': '88aa53a71b9e2315-ORD', 'alt-svc': 'h3=":443"; ma=86400'} 
 body={"results":[{"gender":"male","name":{"title":"Mr","first":"Arnold","last":"Jenkins"},"location":{"street":{"number":2621,"name":"Timber Wolf Trail"},"city":"Dumas","state":"Mississippi","country":"United States","postcode":20230,"coordinates":{"latitude":"84.7975","longitude":"-9.8771"},"timezone":{"offset":"+6:00","description":"Almaty, Dhaka, Colombo"}},"email":"arnold.jenkins@example.com","login":{"uuid":"17c4d371-f013-4215-a22f-a43413487afc","username":"bluezebra675","password":"blast","salt":"8deligtk","md5":"75a4911e55c150c54e92aefa6c59ccb2","sha1":"726f0ab2e8ff9b3aff08c39bae81abbee435ab57","sha256":"6cbb78faaaf3cddab3b2d88b4e885334433de079d81a2f504bda63c2f4811a1c"},"dob":{"date":"1961-11-01T21:00:09.330Z","age":62},"registered":{"date":"2006-06-17T07:19:58.208Z","age":17},"phone":"(222) 646-9773","cell":"(376) 541-7273","id":{"name":"SSN","value":"314-03-0352"},"picture":{"large":"https://randomuser.me/api/portraits/men/26.jpg","medium":"https://randomuser.me/api/portraits/med/men/26.jpg","thumbnail":"https://randomuser.me/api/portraits/thumb/men/26.jpg"},"nat":"US"}],"info":{"seed":"8f922ce6a47c5347","results":1,"page":1,"version":"1.4"}} 
 </msg>
<msg time="2024-05-28T01:03:45.835460" level="INFO">/opt/hostedtoolcache/Python/3.12.3/x64/lib/python3.12/site-packages/urllib3/connectionpool.py:1103: InsecureRequestWarning: Unverified HTTPS request is being made to host 'randomuser.me'. Adding certificate verification is strongly advised. See: https://urllib3.readthedocs.io/en/latest/advanced-usage.html#tls-warnings
  warnings.warn(</msg>
<msg time="2024-05-28T01:03:45.835581" level="INFO">${response} = &lt;Response [200]&gt;</msg>
<var>${response}</var>
<arg>consultarAPI</arg>
<arg>/api</arg>
<doc>Sends a GET request on a previously created HTTP Session.</doc>
<status status="PASS" start="2024-05-28T01:03:45.769238" elapsed="0.066378"/>
</kw>
<kw name="Set Variable" owner="BuiltIn">
<msg time="2024-05-28T01:03:45.836728" level="INFO">${json_data} = {'results': [{'gender': 'male', 'name': {'title': 'Mr', 'first': 'Arnold', 'last': 'Jenkins'}, 'location': {'street': {'number': 2621, 'name': 'Timber Wolf Trail'}, 'city': 'Dumas', 'state': 'Mississi...</msg>
<var>${json_data}</var>
<arg>${response.json()}</arg>
<doc>Returns the given values which can then be assigned to a variables.</doc>
<status status="PASS" start="2024-05-28T01:03:45.836160" elapsed="0.000598"/>
</kw>
<kw name="Set Variable" owner="BuiltIn">
<msg time="2024-05-28T01:03:45.837471" level="INFO">${name_title} = Mr</msg>
<var>${name_title}</var>
<arg>${json_data["results"][0]["name"]["title"]}</arg>
<doc>Returns the given values which can then be assigned to a variables.</doc>
<status status="PASS" start="2024-05-28T01:03:45.837077" elapsed="0.000420"/>
</kw>
<kw name="Create List" owner="BuiltIn">
<msg time="2024-05-28T01:03:45.837963" level="INFO">${allowed_titles} = ['Mr', 'Ms', 'Miss', 'Mrs', 'Madame', 'Monsieur']</msg>
<var>${allowed_titles}</var>
<arg>Mr</arg>
<arg>Ms</arg>
<arg>Miss</arg>
<arg>Mrs</arg>
<arg>Madame</arg>
<arg>Monsieur</arg>
<doc>Returns a list containing given items.</doc>
<status status="PASS" start="2024-05-28T01:03:45.837808" elapsed="0.000181"/>
</kw>
<kw name="List Should Contain Value" owner="Collections">
<msg time="2024-05-28T01:03:45.838487" level="INFO">False</msg>
<arg>${allowed_titles}</arg>
<arg>${name_title}</arg>
<doc>Fails if the ``value`` is not found from ``list``.</doc>
<status status="PASS" start="2024-05-28T01:03:45.838298" elapsed="0.000230"/>
</kw>
<kw name="Set Variable" owner="BuiltIn">
<msg time="2024-05-28T01:03:45.839411" level="INFO">${name_country} = US</msg>
<var>${name_country}</var>
<arg>${json_data["results"][0]["nat"]}</arg>
<doc>Returns the given values which can then be assigned to a variables.</doc>
<status status="PASS" start="2024-05-28T01:03:45.838833" elapsed="0.000605"/>
</kw>
<kw name="Create List" owner="BuiltIn">
<msg time="2024-05-28T01:03:45.840382" level="INFO">${list_country} = ['AD', 'AE', 'AF', 'AG', 'AI', 'AL', 'AM', 'AO', 'AQ', 'AR', 'AS', 'AT', 'AU', 'AW', 'AX', 'AZ', 'BA', 'BB', 'BD', 'BE', 'BF', 'BG', 'BH', 'BI', 'BJ', 'BL', 'BM', 'BN', 'BO', 'BQ', 'BR', 'BS', 'BT', '...</msg>
<var>${list_country}</var>
<arg>AD</arg>
<arg>AE</arg>
<arg>AF</arg>
<arg>AG</arg>
<arg>AI</arg>
<arg>AL</arg>
<arg>AM</arg>
<arg>AO</arg>
<arg>AQ</arg>
<arg>AR</arg>
<arg>AS</arg>
<arg>AT</arg>
<arg>AU</arg>
<arg>AW</arg>
<arg>AX</arg>
<arg>AZ</arg>
<arg>BA</arg>
<arg>BB</arg>
<arg>BD</arg>
<arg>BE</arg>
<arg>BF</arg>
<arg>BG</arg>
<arg>BH</arg>
<arg>BI</arg>
<arg>BJ</arg>
<arg>BL</arg>
<arg>BM</arg>
<arg>BN</arg>
<arg>BO</arg>
<arg>BQ</arg>
<arg>BR</arg>
<arg>BS</arg>
<arg>BT</arg>
<arg>BV</arg>
<arg>BW</arg>
<arg>BY</arg>
<arg>BZ</arg>
<arg>CA</arg>
<arg>CC</arg>
<arg>CD</arg>
<arg>CF</arg>
<arg>CG</arg>
<arg>CH</arg>
<arg>CI</arg>
<arg>CK</arg>
<arg>CL</arg>
<arg>CM</arg>
<arg>CN</arg>
<arg>CO</arg>
<arg>CR</arg>
<arg>CU</arg>
<arg>CV</arg>
<arg>CW</arg>
<arg>CX</arg>
<arg>CY</arg>
<arg>CZ</arg>
<arg>DE</arg>
<arg>DJ</arg>
<arg>DK</arg>
<arg>DM</arg>
<arg>DO</arg>
<arg>DZ</arg>
<arg>EC</arg>
<arg>EE</arg>
<arg>EG</arg>
<arg>EH</arg>
<arg>ER</arg>
<arg>ES</arg>
<arg>ET</arg>
<arg>FI</arg>
<arg>FJ</arg>
<arg>FK</arg>
<arg>FM</arg>
<arg>FO</arg>
<arg>FR</arg>
<arg>GA</arg>
<arg>GB</arg>
<arg>GD</arg>
<arg>GE</arg>
<arg>GF</arg>
<arg>GG</arg>
<arg>GH</arg>
<arg>GI</arg>
<arg>GL</arg>
<arg>GM</arg>
<arg>GN</arg>
<arg>GP</arg>
<arg>GQ</arg>
<arg>GR</arg>
<arg>GS</arg>
<arg>GT</arg>
<arg>GU</arg>
<arg>GW</arg>
<arg>GY</arg>
<arg>HK</arg>
<arg>HM</arg>
<arg>HN</arg>
<arg>HR</arg>
<arg>HT</arg>
<arg>HU</arg>
<arg>ID</arg>
<arg>IE</arg>
<arg>IL</arg>
<arg>IM</arg>
<arg>IN</arg>
<arg>IO</arg>
<arg>IQ</arg>
<arg>IR</arg>
<arg>IS</arg>
<arg>IT</arg>
<arg>JE</arg>
<arg>JM</arg>
<arg>JO</arg>
<arg>JP</arg>
<arg>KE</arg>
<arg>KG</arg>
<arg>KH</arg>
<arg>KI</arg>
<arg>KM</arg>
<arg>KN</arg>
<arg>KP</arg>
<arg>KR</arg>
<arg>KW</arg>
<arg>KY</arg>
<arg>KZ</arg>
<arg>LA</arg>
<arg>LB</arg>
<arg>LC</arg>
<arg>LI</arg>
<arg>LK</arg>
<arg>LR</arg>
<arg>LS</arg>
<arg>LT</arg>
<arg>LU</arg>
<arg>LV</arg>
<arg>LY</arg>
<arg>MA</arg>
<arg>MC</arg>
<arg>MD</arg>
<arg>ME</arg>
<arg>MF</arg>
<arg>MG</arg>
<arg>MH</arg>
<arg>MK</arg>
<arg>ML</arg>
<arg>MM</arg>
<arg>MN</arg>
<arg>MO</arg>
<arg>MP</arg>
<arg>MQ</arg>
<arg>MR</arg>
<arg>MS</arg>
<arg>MT</arg>
<arg>MU</arg>
<arg>MV</arg>
<arg>MW</arg>
<arg>MX</arg>
<arg>MY</arg>
<arg>MZ</arg>
<arg>NA</arg>
<arg>NC</arg>
<arg>NE</arg>
<arg>NF</arg>
<arg>NG</arg>
<arg>NI</arg>
<arg>NL</arg>
<arg>NO</arg>
<arg>NP</arg>
<arg>NR</arg>
<arg>NU</arg>
<arg>NZ</arg>
<arg>OM</arg>
<arg>PA</arg>
<arg>PE</arg>
<arg>PF</arg>
<arg>PG</arg>
<arg>PH</arg>
<arg>PK</arg>
<arg>PL</arg>
<arg>PM</arg>
<arg>PN</arg>
<arg>PR</arg>
<arg>PS</arg>
<arg>PT</arg>
<arg>PW</arg>
<arg>PY</arg>
<arg>QA</arg>
<arg>RE</arg>
<arg>RO</arg>
<arg>RS</arg>
<arg>RU</arg>
<arg>RW</arg>
<arg>SA</arg>
<arg>SB</arg>
<arg>SC</arg>
<arg>SD</arg>
<arg>SE</arg>
<arg>SG</arg>
<arg>SH</arg>
<arg>SI</arg>
<arg>SJ</arg>
<arg>SK</arg>
<arg>SL</arg>
<arg>SM</arg>
<arg>SN</arg>
<arg>SO</arg>
<arg>SR</arg>
<arg>SS</arg>
<arg>ST</arg>
<arg>SV</arg>
<arg>SX</arg>
<arg>SY</arg>
<arg>SZ</arg>
<arg>TC</arg>
<arg>TD</arg>
<arg>TF</arg>
<arg>TG</arg>
<arg>TH</arg>
<arg>TJ</arg>
<arg>TK</arg>
<arg>TL</arg>
<arg>TM</arg>
<arg>TN</arg>
<arg>TO</arg>
<arg>TR</arg>
<arg>TT</arg>
<arg>TV</arg>
<arg>TW</arg>
<arg>TZ</arg>
<arg>UA</arg>
<arg>UG</arg>
<arg>UM</arg>
<arg>US</arg>
<arg>UY</arg>
<arg>UZ</arg>
<arg>VA</arg>
<arg>VC</arg>
<arg>VE</arg>
<arg>VG</arg>
<arg>VI</arg>
<arg>VN</arg>
<arg>VU</arg>
<arg>WF</arg>
<arg>WS</arg>
<arg>XK</arg>
<arg>YE</arg>
<arg>YT</arg>
<arg>ZA</arg>
<arg>ZM</arg>
<arg>ZW</arg>
<doc>Returns a list containing given items.</doc>
<status status="PASS" start="2024-05-28T01:03:45.839755" elapsed="0.000654"/>
</kw>
<kw name="List Should Contain Value" owner="Collections">
<msg time="2024-05-28T01:03:45.841412" level="INFO">False</msg>
<arg>${list_country}</arg>
<arg>${name_country}</arg>
<doc>Fails if the ``value`` is not found from ``list``.</doc>
<status status="PASS" start="2024-05-28T01:03:45.841207" elapsed="0.000243"/>
</kw>
<kw name="Run Keyword If" owner="BuiltIn">
<kw name="Should Be True" owner="BuiltIn">
<arg>${True}</arg>
<doc>Fails if the given condition is not true.</doc>
<status status="PASS" start="2024-05-28T01:03:45.842531" elapsed="0.000148"/>
</kw>
<arg>${json_data["results"][0]["location"]["coordinates"]["latitude"]} &gt;= -90 and ${json_data["results"][0]["location"]["coordinates"]["latitude"]} &lt;= 90</arg>
<arg>Should Be True</arg>
<arg>${True}</arg>
<doc>Runs the given keyword with the given arguments, if ``condition`` is true.</doc>
<status status="PASS" start="2024-05-28T01:03:45.841774" elapsed="0.001033"/>
</kw>
<kw name="Run Keyword If" owner="BuiltIn">
<kw name="Should Be True" owner="BuiltIn">
<arg>${True}</arg>
<doc>Fails if the given condition is not true.</doc>
<status status="PASS" start="2024-05-28T01:03:45.843700" elapsed="0.000139"/>
</kw>
<arg>${json_data["results"][0]["location"]["coordinates"]["longitude"]} &gt;= -180 and ${json_data["results"][0]["location"]["coordinates"]["longitude"]} &lt;= 180</arg>
<arg>Should Be True</arg>
<arg>${True}</arg>
<doc>Runs the given keyword with the given arguments, if ``condition`` is true.</doc>
<status status="PASS" start="2024-05-28T01:03:45.842996" elapsed="0.000968"/>
</kw>
<status status="PASS" start="2024-05-28T01:03:45.768854" elapsed="0.075242"/>
</kw>
<doc>Testa o conteúdo específico dos campos retornados pela API.</doc>
<tag>testeConteudo</tag>
<status status="PASS" start="2024-05-28T01:03:45.768144" elapsed="0.076105"/>
</test>
<status status="PASS" start="2024-05-28T01:03:44.814082" elapsed="1.032124"/>
</suite>
<status status="PASS" start="2024-05-28T01:03:44.800146" elapsed="1.051299"/>
</suite>
<statistics>
<total>
<stat pass="5" fail="0" skip="0">All Tests</stat>
</total>
<tag>
<stat pass="1" fail="0" skip="0">testeConteudo</stat>
<stat pass="1" fail="0" skip="0">testeEstruturaResposta</stat>
<stat pass="1" fail="0" skip="0">testeRequisicaoBasica</stat>
<stat pass="1" fail="0" skip="0">testeTiposDados</stat>
</tag>
<suite>
<stat pass="5" fail="0" skip="0" id="s1" name="Tests">Tests</stat>
<stat pass="5" fail="0" skip="0" id="s1-s1" name="Random-User-Test">Tests.Random-User-Test</stat>
</suite>
</statistics>
<errors>
</errors>
</robot>
