<?xml version="1.0" encoding="UTF-8"?>
<robot generator="Robot 7.0 (Python 3.12.3 on linux)" generated="2024-05-08T05:13:25.170803" rpa="false" schemaversion="5">
<suite id="s1" name="Tests" source="/home/runner/work/DesafioQAItauRogerioJordao/DesafioQAItauRogerioJordao/RamdonUser/tests">
<suite id="s1-s1" name="Random-User-Test" source="/home/runner/work/DesafioQAItauRogerioJordao/DesafioQAItauRogerioJordao/RamdonUser/tests/random-user-test.robot">
<test id="s1-s1-t1" name="Conectar" line="13">
<kw name="Conectar API" owner="random-user-service">
<kw name="Create Session" owner="RequestsLibrary">
<msg time="2024-05-08T05:13:25.541407" level="INFO">Creating Session using : alias=consultarAPI, url=https://randomuser.me/, headers={},                     cookies={}, auth=None, timeout=None, proxies=None, verify=False,                     debug=0 </msg>
<arg>consultarAPI</arg>
<arg>${URL}</arg>
<doc>Create Session: create a HTTP session to a server</doc>
<status status="PASS" start="2024-05-08T05:13:25.541197" elapsed="0.000401"/>
</kw>
<status status="PASS" start="2024-05-08T05:13:25.540197" elapsed="0.001775"/>
</kw>
<status status="PASS" start="2024-05-08T05:13:25.539522" elapsed="0.002647"/>
</test>
<test id="s1-s1-t2" name="Validar retorno 200 e JSON Válido" line="16">
<kw name="Teste de Requisicao Basica" owner="random-user-service">
<kw name="GET On Session" owner="RequestsLibrary">
<msg time="2024-05-08T05:13:25.623723" level="INFO">GET Request : url=https://randomuser.me/api 
 path_url=/api 
 headers={'User-Agent': 'python-requests/2.31.0', 'Accept-Encoding': 'gzip, deflate', 'Accept': '*/*', 'Connection': 'keep-alive'} 
 body=None 
 </msg>
<msg time="2024-05-08T05:13:25.623889" level="INFO">GET Response : url=https://randomuser.me/api 
 status=200, reason=OK 
 headers={'Date': 'Wed, 08 May 2024 05:13:25 GMT', 'Content-Type': 'application/json; charset=utf-8', 'Transfer-Encoding': 'chunked', 'Connection': 'keep-alive', 'X-Powered-By': 'Express', 'Access-Control-Allow-Origin': '*', 'Cache-Control': 'no-cache', 'ETag': 'W/"47b-4NoVw7Fdz2IV8XwzAV9ESRpDia0"', 'Vary': 'Accept-Encoding', 'Content-Encoding': 'gzip', 'CF-Cache-Status': 'DYNAMIC', 'Report-To': '{"endpoints":[{"url":"https:\\/\\/a.nel.cloudflare.com\\/report\\/v4?s=sM3V%2F84lIqsL9UY%2BOE34ly38HEtkA%2Fzt6osfnYyGgGp3ovvkqnlt8ZCsOkRPSlU%2FvIdoHNAgeU0MGbDdBui1Xazkl%2FiV%2Fbg81YA8%2Be9BBebPZM9wZhiUmKWo80WpVoEo"}],"group":"cf-nel","max_age":604800}', 'NEL': '{"success_fraction":0,"report_to":"cf-nel","max_age":604800}', 'Server': 'cloudflare', 'CF-RAY': '8806f5deff54392e-IAD', 'alt-svc': 'h3=":443"; ma=86400'} 
 body={"results":[{"gender":"female","name":{"title":"Ms","first":"Colleen","last":"Howell"},"location":{"street":{"number":4553,"name":"Adams St"},"city":"Geelong","state":"New South Wales","country":"Australia","postcode":6197,"coordinates":{"latitude":"-83.8080","longitude":"116.3436"},"timezone":{"offset":"-9:00","description":"Alaska"}},"email":"colleen.howell@example.com","login":{"uuid":"36c17052-f5f7-492d-8549-50e911572e2f","username":"organicfrog108","password":"doggy1","salt":"v8CJj2Vx","md5":"118df7cbf7307af6a5bb7fe605d2cf63","sha1":"8a4434edd9a0d0aeb0b3b01f39385e0900eae59d","sha256":"595b2012f5f68911de466d32111b62cc37659a2dcad1bc58a1f93a9cfb83e26d"},"dob":{"date":"1995-10-30T12:16:20.688Z","age":28},"registered":{"date":"2013-10-15T14:40:05.232Z","age":10},"phone":"00-3419-1905","cell":"0441-795-566","id":{"name":"TFN","value":"851559764"},"picture":{"large":"https://randomuser.me/api/portraits/women/10.jpg","medium":"https://randomuser.me/api/portraits/med/women/10.jpg","thumbnail":"https://randomuser.me/api/portraits/thumb/women/10.jpg"},"nat":"AU"}],"info":{"seed":"361cea28a4105611","results":1,"page":1,"version":"1.4"}} 
 </msg>
<msg time="2024-05-08T05:13:25.623987" level="INFO">/opt/hostedtoolcache/Python/3.12.3/x64/lib/python3.12/site-packages/urllib3/connectionpool.py:1103: InsecureRequestWarning: Unverified HTTPS request is being made to host 'randomuser.me'. Adding certificate verification is strongly advised. See: https://urllib3.readthedocs.io/en/latest/advanced-usage.html#tls-warnings
  warnings.warn(</msg>
<msg time="2024-05-08T05:13:25.624140" level="INFO">${response} = &lt;Response [200]&gt;</msg>
<var>${response}</var>
<arg>consultarAPI</arg>
<arg>/api</arg>
<doc>Sends a GET request on a previously created HTTP Session.</doc>
<status status="PASS" start="2024-05-08T05:13:25.544942" elapsed="0.079241"/>
</kw>
<kw name="Should Be Equal As Numbers" owner="BuiltIn">
<msg time="2024-05-08T05:13:25.625375" level="INFO">Argument types are:
&lt;class 'int'&gt;
&lt;class 'str'&gt;</msg>
<arg>${response.status_code}</arg>
<arg>200</arg>
<doc>Fails if objects are unequal after converting them to real numbers.</doc>
<status status="PASS" start="2024-05-08T05:13:25.624845" elapsed="0.000599"/>
</kw>
<kw name="Log" owner="BuiltIn">
<msg time="2024-05-08T05:13:25.626203" level="INFO">200</msg>
<arg>${response.status_code}</arg>
<doc>Logs the given message with the given level.</doc>
<status status="PASS" start="2024-05-08T05:13:25.625828" elapsed="0.000418"/>
</kw>
<kw name="Set Variable" owner="BuiltIn">
<msg time="2024-05-08T05:13:25.627027" level="INFO">${json_data} = {'results': [{'gender': 'female', 'name': {'title': 'Ms', 'first': 'Colleen', 'last': 'Howell'}, 'location': {'street': {'number': 4553, 'name': 'Adams St'}, 'city': 'Geelong', 'state': 'New South Wal...</msg>
<var>${json_data}</var>
<arg>${response.json()}</arg>
<doc>Returns the given values which can then be assigned to a variables.</doc>
<status status="PASS" start="2024-05-08T05:13:25.626567" elapsed="0.000489"/>
</kw>
<kw name="Dictionary Should Contain Key" owner="Collections">
<msg time="2024-05-08T05:13:25.627547" level="INFO">False</msg>
<arg>${json_data}</arg>
<arg>results</arg>
<doc>Fails if ``key`` is not found from ``dictionary``.</doc>
<status status="PASS" start="2024-05-08T05:13:25.627368" elapsed="0.000220"/>
</kw>
<status status="PASS" start="2024-05-08T05:13:25.544691" elapsed="0.083188"/>
</kw>
<doc>Testa se a API responde corretamente e retorna um objeto JSON válido.</doc>
<tag>testeRequisicaoBasica</tag>
<status status="PASS" start="2024-05-08T05:13:25.544136" elapsed="0.083936"/>
</test>
<test id="s1-s1-t3" name="Validar estrutura de resposta" line="22">
<kw name="Teste de Estrutura de Resposta" owner="random-user-service">
<kw name="GET On Session" owner="RequestsLibrary">
<msg time="2024-05-08T05:13:25.715183" level="INFO">GET Request : url=https://randomuser.me/api 
 path_url=/api 
 headers={'User-Agent': 'python-requests/2.31.0', 'Accept-Encoding': 'gzip, deflate', 'Accept': '*/*', 'Connection': 'keep-alive'} 
 body=None 
 </msg>
<msg time="2024-05-08T05:13:25.715291" level="INFO">GET Response : url=https://randomuser.me/api 
 status=200, reason=OK 
 headers={'Date': 'Wed, 08 May 2024 05:13:25 GMT', 'Content-Type': 'application/json; charset=utf-8', 'Transfer-Encoding': 'chunked', 'Connection': 'keep-alive', 'X-Powered-By': 'Express', 'Access-Control-Allow-Origin': '*', 'Cache-Control': 'no-cache', 'ETag': 'W/"49e-PNZ7A3aDZnfzLj44tytdra0G6cg"', 'Vary': 'Accept-Encoding', 'Content-Encoding': 'gzip', 'CF-Cache-Status': 'DYNAMIC', 'Report-To': '{"endpoints":[{"url":"https:\\/\\/a.nel.cloudflare.com\\/report\\/v4?s=yE%2FH6Ejl%2BimqMHoAFaucv%2FxAeDjabnivOicNXbXZYilD0MbFIsVgClL4Wy5GxNVYOp8AZkODQsaj50iC5c7jiftqrXGdkTP%2FNmVE3CPnI0FNYzxkvjPHHpf2ucty1DYH"}],"group":"cf-nel","max_age":604800}', 'NEL': '{"success_fraction":0,"report_to":"cf-nel","max_age":604800}', 'Server': 'cloudflare', 'CF-RAY': '8806f5df4f9d392e-IAD', 'alt-svc': 'h3=":443"; ma=86400'} 
 body={"results":[{"gender":"female","name":{"title":"Mrs","first":"Deborah","last":"Henderson"},"location":{"street":{"number":5620,"name":"Tara Street"},"city":"Kinsealy-Drinan","state":"Dún Laoghaire–Rathdown","country":"Ireland","postcode":93968,"coordinates":{"latitude":"0.8667","longitude":"83.8523"},"timezone":{"offset":"-11:00","description":"Midway Island, Samoa"}},"email":"deborah.henderson@example.com","login":{"uuid":"46808d83-efbb-4d3b-8ab0-2c3988d209df","username":"angrydog801","password":"pocket","salt":"0TR2oRqM","md5":"d57efa60eaecd897ae416d032ea2679c","sha1":"cb0a0ae1bf10d5f620c314326814d033c0da243a","sha256":"4aed13d512d3a8ddc7fc9428ba585ebd2bd17a9771d3f80c3b8dec261a54b5ab"},"dob":{"date":"1955-10-17T09:14:49.866Z","age":68},"registered":{"date":"2013-09-02T07:16:21.598Z","age":10},"phone":"041-810-5893","cell":"081-633-0295","id":{"name":"PPS","value":"3352588T"},"picture":{"large":"https://randomuser.me/api/portraits/women/52.jpg","medium":"https://randomuser.me/api/portraits/med/women/52.jpg","thumbnail":"https://randomuser.me/api/portraits/thumb/women/52.jpg"},"nat":"IE"}],"info":{"seed":"1660aceba9edba83","results":1,"page":1,"version":"1.4"}} 
 </msg>
<msg time="2024-05-08T05:13:25.715432" level="INFO">/opt/hostedtoolcache/Python/3.12.3/x64/lib/python3.12/site-packages/urllib3/connectionpool.py:1103: InsecureRequestWarning: Unverified HTTPS request is being made to host 'randomuser.me'. Adding certificate verification is strongly advised. See: https://urllib3.readthedocs.io/en/latest/advanced-usage.html#tls-warnings
  warnings.warn(</msg>
<msg time="2024-05-08T05:13:25.715565" level="INFO">${response} = &lt;Response [200]&gt;</msg>
<var>${response}</var>
<arg>consultarAPI</arg>
<arg>/api</arg>
<doc>Sends a GET request on a previously created HTTP Session.</doc>
<status status="PASS" start="2024-05-08T05:13:25.630710" elapsed="0.084898"/>
</kw>
<kw name="Set Variable" owner="BuiltIn">
<msg time="2024-05-08T05:13:25.716704" level="INFO">${json_data} = {'results': [{'gender': 'female', 'name': {'title': 'Mrs', 'first': 'Deborah', 'last': 'Henderson'}, 'location': {'street': {'number': 5620, 'name': 'Tara Street'}, 'city': 'Kinsealy-Drinan', 'state':...</msg>
<var>${json_data}</var>
<arg>${response.json()}</arg>
<doc>Returns the given values which can then be assigned to a variables.</doc>
<status status="PASS" start="2024-05-08T05:13:25.716163" elapsed="0.000570"/>
</kw>
<kw name="Log" owner="BuiltIn">
<msg time="2024-05-08T05:13:25.717262" level="INFO">{'results': [{'gender': 'female', 'name': {'title': 'Mrs', 'first': 'Deborah', 'last': 'Henderson'}, 'location': {'street': {'number': 5620, 'name': 'Tara Street'}, 'city': 'Kinsealy-Drinan', 'state': 'Dún Laoghaire–Rathdown', 'country': 'Ireland', 'postcode': 93968, 'coordinates': {'latitude': '0.8667', 'longitude': '83.8523'}, 'timezone': {'offset': '-11:00', 'description': 'Midway Island, Samoa'}}, 'email': 'deborah.henderson@example.com', 'login': {'uuid': '46808d83-efbb-4d3b-8ab0-2c3988d209df', 'username': 'angrydog801', 'password': 'pocket', 'salt': '0TR2oRqM', 'md5': 'd57efa60eaecd897ae416d032ea2679c', 'sha1': 'cb0a0ae1bf10d5f620c314326814d033c0da243a', 'sha256': '4aed13d512d3a8ddc7fc9428ba585ebd2bd17a9771d3f80c3b8dec261a54b5ab'}, 'dob': {'date': '1955-10-17T09:14:49.866Z', 'age': 68}, 'registered': {'date': '2013-09-02T07:16:21.598Z', 'age': 10}, 'phone': '041-810-5893', 'cell': '081-633-0295', 'id': {'name': 'PPS', 'value': '3352588T'}, 'picture': {'large': 'https://randomuser.me/api/portraits/women/52.jpg', 'medium': 'https://randomuser.me/api/portraits/med/women/52.jpg', 'thumbnail': 'https://randomuser.me/api/portraits/thumb/women/52.jpg'}, 'nat': 'IE'}], 'info': {'seed': '1660aceba9edba83', 'results': 1, 'page': 1, 'version': '1.4'}}</msg>
<arg>${json_data}</arg>
<doc>Logs the given message with the given level.</doc>
<status status="PASS" start="2024-05-08T05:13:25.717082" elapsed="0.000233"/>
</kw>
<kw name="Dictionary Should Contain Key" owner="Collections">
<msg time="2024-05-08T05:13:25.717800" level="INFO">False</msg>
<arg>${json_data}</arg>
<arg>results</arg>
<doc>Fails if ``key`` is not found from ``dictionary``.</doc>
<status status="PASS" start="2024-05-08T05:13:25.717630" elapsed="0.000208"/>
</kw>
<kw name="Should Not Be Empty" owner="BuiltIn">
<msg time="2024-05-08T05:13:25.718270" level="INFO">Length is 2.</msg>
<arg>${json_data}</arg>
<doc>Verifies that the given item is not empty.</doc>
<status status="PASS" start="2024-05-08T05:13:25.718136" elapsed="0.000347"/>
</kw>
<kw name="Create List" owner="BuiltIn">
<msg time="2024-05-08T05:13:25.718942" level="INFO">${expected_keys} = ['gender', 'name', 'location', 'email', 'login']</msg>
<var>${expected_keys}</var>
<arg>gender</arg>
<arg>name</arg>
<arg>location</arg>
<arg>email</arg>
<arg>login</arg>
<doc>Returns a list containing given items.</doc>
<status status="PASS" start="2024-05-08T05:13:25.718787" elapsed="0.000180"/>
</kw>
<for flavor="IN">
<iter>
<kw name="Dictionary Should Contain Key" owner="Collections">
<msg time="2024-05-08T05:13:25.720012" level="INFO">False</msg>
<arg>${json_data['results'][0]}</arg>
<arg>${key}</arg>
<doc>Fails if ``key`` is not found from ``dictionary``.</doc>
<status status="PASS" start="2024-05-08T05:13:25.719566" elapsed="0.000486"/>
</kw>
<kw name="Log" owner="BuiltIn">
<msg time="2024-05-08T05:13:25.720732" level="INFO">{'gender': 'female', 'name': {'title': 'Mrs', 'first': 'Deborah', 'last': 'Henderson'}, 'location': {'street': {'number': 5620, 'name': 'Tara Street'}, 'city': 'Kinsealy-Drinan', 'state': 'Dún Laoghaire–Rathdown', 'country': 'Ireland', 'postcode': 93968, 'coordinates': {'latitude': '0.8667', 'longitude': '83.8523'}, 'timezone': {'offset': '-11:00', 'description': 'Midway Island, Samoa'}}, 'email': 'deborah.henderson@example.com', 'login': {'uuid': '46808d83-efbb-4d3b-8ab0-2c3988d209df', 'username': 'angrydog801', 'password': 'pocket', 'salt': '0TR2oRqM', 'md5': 'd57efa60eaecd897ae416d032ea2679c', 'sha1': 'cb0a0ae1bf10d5f620c314326814d033c0da243a', 'sha256': '4aed13d512d3a8ddc7fc9428ba585ebd2bd17a9771d3f80c3b8dec261a54b5ab'}, 'dob': {'date': '1955-10-17T09:14:49.866Z', 'age': 68}, 'registered': {'date': '2013-09-02T07:16:21.598Z', 'age': 10}, 'phone': '041-810-5893', 'cell': '081-633-0295', 'id': {'name': 'PPS', 'value': '3352588T'}, 'picture': {'large': 'https://randomuser.me/api/portraits/women/52.jpg', 'medium': 'https://randomuser.me/api/portraits/med/women/52.jpg', 'thumbnail': 'https://randomuser.me/api/portraits/thumb/women/52.jpg'}, 'nat': 'IE'}</msg>
<arg>${json_data['results'][0]}</arg>
<doc>Logs the given message with the given level.</doc>
<status status="PASS" start="2024-05-08T05:13:25.720353" elapsed="0.000430"/>
</kw>
<kw name="Log" owner="BuiltIn">
<msg time="2024-05-08T05:13:25.721213" level="INFO">gender</msg>
<arg>${key}</arg>
<doc>Logs the given message with the given level.</doc>
<status status="PASS" start="2024-05-08T05:13:25.721086" elapsed="0.000164"/>
</kw>
<var name="${key}">gender</var>
<status status="PASS" start="2024-05-08T05:13:25.719436" elapsed="0.002028"/>
</iter>
<iter>
<kw name="Dictionary Should Contain Key" owner="Collections">
<msg time="2024-05-08T05:13:25.722169" level="INFO">False</msg>
<arg>${json_data['results'][0]}</arg>
<arg>${key}</arg>
<doc>Fails if ``key`` is not found from ``dictionary``.</doc>
<status status="PASS" start="2024-05-08T05:13:25.721772" elapsed="0.000435"/>
</kw>
<kw name="Log" owner="BuiltIn">
<msg time="2024-05-08T05:13:25.722899" level="INFO">{'gender': 'female', 'name': {'title': 'Mrs', 'first': 'Deborah', 'last': 'Henderson'}, 'location': {'street': {'number': 5620, 'name': 'Tara Street'}, 'city': 'Kinsealy-Drinan', 'state': 'Dún Laoghaire–Rathdown', 'country': 'Ireland', 'postcode': 93968, 'coordinates': {'latitude': '0.8667', 'longitude': '83.8523'}, 'timezone': {'offset': '-11:00', 'description': 'Midway Island, Samoa'}}, 'email': 'deborah.henderson@example.com', 'login': {'uuid': '46808d83-efbb-4d3b-8ab0-2c3988d209df', 'username': 'angrydog801', 'password': 'pocket', 'salt': '0TR2oRqM', 'md5': 'd57efa60eaecd897ae416d032ea2679c', 'sha1': 'cb0a0ae1bf10d5f620c314326814d033c0da243a', 'sha256': '4aed13d512d3a8ddc7fc9428ba585ebd2bd17a9771d3f80c3b8dec261a54b5ab'}, 'dob': {'date': '1955-10-17T09:14:49.866Z', 'age': 68}, 'registered': {'date': '2013-09-02T07:16:21.598Z', 'age': 10}, 'phone': '041-810-5893', 'cell': '081-633-0295', 'id': {'name': 'PPS', 'value': '3352588T'}, 'picture': {'large': 'https://randomuser.me/api/portraits/women/52.jpg', 'medium': 'https://randomuser.me/api/portraits/med/women/52.jpg', 'thumbnail': 'https://randomuser.me/api/portraits/thumb/women/52.jpg'}, 'nat': 'IE'}</msg>
<arg>${json_data['results'][0]}</arg>
<doc>Logs the given message with the given level.</doc>
<status status="PASS" start="2024-05-08T05:13:25.722531" elapsed="0.000419"/>
</kw>
<kw name="Log" owner="BuiltIn">
<msg time="2024-05-08T05:13:25.723374" level="INFO">name</msg>
<arg>${key}</arg>
<doc>Logs the given message with the given level.</doc>
<status status="PASS" start="2024-05-08T05:13:25.723249" elapsed="0.000163"/>
</kw>
<var name="${key}">name</var>
<status status="PASS" start="2024-05-08T05:13:25.721654" elapsed="0.001972"/>
</iter>
<iter>
<kw name="Dictionary Should Contain Key" owner="Collections">
<msg time="2024-05-08T05:13:25.724330" level="INFO">False</msg>
<arg>${json_data['results'][0]}</arg>
<arg>${key}</arg>
<doc>Fails if ``key`` is not found from ``dictionary``.</doc>
<status status="PASS" start="2024-05-08T05:13:25.723945" elapsed="0.000423"/>
</kw>
<kw name="Log" owner="BuiltIn">
<msg time="2024-05-08T05:13:25.725031" level="INFO">{'gender': 'female', 'name': {'title': 'Mrs', 'first': 'Deborah', 'last': 'Henderson'}, 'location': {'street': {'number': 5620, 'name': 'Tara Street'}, 'city': 'Kinsealy-Drinan', 'state': 'Dún Laoghaire–Rathdown', 'country': 'Ireland', 'postcode': 93968, 'coordinates': {'latitude': '0.8667', 'longitude': '83.8523'}, 'timezone': {'offset': '-11:00', 'description': 'Midway Island, Samoa'}}, 'email': 'deborah.henderson@example.com', 'login': {'uuid': '46808d83-efbb-4d3b-8ab0-2c3988d209df', 'username': 'angrydog801', 'password': 'pocket', 'salt': '0TR2oRqM', 'md5': 'd57efa60eaecd897ae416d032ea2679c', 'sha1': 'cb0a0ae1bf10d5f620c314326814d033c0da243a', 'sha256': '4aed13d512d3a8ddc7fc9428ba585ebd2bd17a9771d3f80c3b8dec261a54b5ab'}, 'dob': {'date': '1955-10-17T09:14:49.866Z', 'age': 68}, 'registered': {'date': '2013-09-02T07:16:21.598Z', 'age': 10}, 'phone': '041-810-5893', 'cell': '081-633-0295', 'id': {'name': 'PPS', 'value': '3352588T'}, 'picture': {'large': 'https://randomuser.me/api/portraits/women/52.jpg', 'medium': 'https://randomuser.me/api/portraits/med/women/52.jpg', 'thumbnail': 'https://randomuser.me/api/portraits/thumb/women/52.jpg'}, 'nat': 'IE'}</msg>
<arg>${json_data['results'][0]}</arg>
<doc>Logs the given message with the given level.</doc>
<status status="PASS" start="2024-05-08T05:13:25.724666" elapsed="0.000416"/>
</kw>
<kw name="Log" owner="BuiltIn">
<msg time="2024-05-08T05:13:25.725505" level="INFO">location</msg>
<arg>${key}</arg>
<doc>Logs the given message with the given level.</doc>
<status status="PASS" start="2024-05-08T05:13:25.725379" elapsed="0.000164"/>
</kw>
<var name="${key}">location</var>
<status status="PASS" start="2024-05-08T05:13:25.723833" elapsed="0.001922"/>
</iter>
<iter>
<kw name="Dictionary Should Contain Key" owner="Collections">
<msg time="2024-05-08T05:13:25.726425" level="INFO">False</msg>
<arg>${json_data['results'][0]}</arg>
<arg>${key}</arg>
<doc>Fails if ``key`` is not found from ``dictionary``.</doc>
<status status="PASS" start="2024-05-08T05:13:25.726040" elapsed="0.000422"/>
</kw>
<kw name="Log" owner="BuiltIn">
<msg time="2024-05-08T05:13:25.727120" level="INFO">{'gender': 'female', 'name': {'title': 'Mrs', 'first': 'Deborah', 'last': 'Henderson'}, 'location': {'street': {'number': 5620, 'name': 'Tara Street'}, 'city': 'Kinsealy-Drinan', 'state': 'Dún Laoghaire–Rathdown', 'country': 'Ireland', 'postcode': 93968, 'coordinates': {'latitude': '0.8667', 'longitude': '83.8523'}, 'timezone': {'offset': '-11:00', 'description': 'Midway Island, Samoa'}}, 'email': 'deborah.henderson@example.com', 'login': {'uuid': '46808d83-efbb-4d3b-8ab0-2c3988d209df', 'username': 'angrydog801', 'password': 'pocket', 'salt': '0TR2oRqM', 'md5': 'd57efa60eaecd897ae416d032ea2679c', 'sha1': 'cb0a0ae1bf10d5f620c314326814d033c0da243a', 'sha256': '4aed13d512d3a8ddc7fc9428ba585ebd2bd17a9771d3f80c3b8dec261a54b5ab'}, 'dob': {'date': '1955-10-17T09:14:49.866Z', 'age': 68}, 'registered': {'date': '2013-09-02T07:16:21.598Z', 'age': 10}, 'phone': '041-810-5893', 'cell': '081-633-0295', 'id': {'name': 'PPS', 'value': '3352588T'}, 'picture': {'large': 'https://randomuser.me/api/portraits/women/52.jpg', 'medium': 'https://randomuser.me/api/portraits/med/women/52.jpg', 'thumbnail': 'https://randomuser.me/api/portraits/thumb/women/52.jpg'}, 'nat': 'IE'}</msg>
<arg>${json_data['results'][0]}</arg>
<doc>Logs the given message with the given level.</doc>
<status status="PASS" start="2024-05-08T05:13:25.726760" elapsed="0.000411"/>
</kw>
<kw name="Log" owner="BuiltIn">
<msg time="2024-05-08T05:13:25.727595" level="INFO">email</msg>
<arg>${key}</arg>
<doc>Logs the given message with the given level.</doc>
<status status="PASS" start="2024-05-08T05:13:25.727469" elapsed="0.000164"/>
</kw>
<var name="${key}">email</var>
<status status="PASS" start="2024-05-08T05:13:25.725929" elapsed="0.001949"/>
</iter>
<iter>
<kw name="Dictionary Should Contain Key" owner="Collections">
<msg time="2024-05-08T05:13:25.728563" level="INFO">False</msg>
<arg>${json_data['results'][0]}</arg>
<arg>${key}</arg>
<doc>Fails if ``key`` is not found from ``dictionary``.</doc>
<status status="PASS" start="2024-05-08T05:13:25.728164" elapsed="0.000438"/>
</kw>
<kw name="Log" owner="BuiltIn">
<msg time="2024-05-08T05:13:25.729264" level="INFO">{'gender': 'female', 'name': {'title': 'Mrs', 'first': 'Deborah', 'last': 'Henderson'}, 'location': {'street': {'number': 5620, 'name': 'Tara Street'}, 'city': 'Kinsealy-Drinan', 'state': 'Dún Laoghaire–Rathdown', 'country': 'Ireland', 'postcode': 93968, 'coordinates': {'latitude': '0.8667', 'longitude': '83.8523'}, 'timezone': {'offset': '-11:00', 'description': 'Midway Island, Samoa'}}, 'email': 'deborah.henderson@example.com', 'login': {'uuid': '46808d83-efbb-4d3b-8ab0-2c3988d209df', 'username': 'angrydog801', 'password': 'pocket', 'salt': '0TR2oRqM', 'md5': 'd57efa60eaecd897ae416d032ea2679c', 'sha1': 'cb0a0ae1bf10d5f620c314326814d033c0da243a', 'sha256': '4aed13d512d3a8ddc7fc9428ba585ebd2bd17a9771d3f80c3b8dec261a54b5ab'}, 'dob': {'date': '1955-10-17T09:14:49.866Z', 'age': 68}, 'registered': {'date': '2013-09-02T07:16:21.598Z', 'age': 10}, 'phone': '041-810-5893', 'cell': '081-633-0295', 'id': {'name': 'PPS', 'value': '3352588T'}, 'picture': {'large': 'https://randomuser.me/api/portraits/women/52.jpg', 'medium': 'https://randomuser.me/api/portraits/med/women/52.jpg', 'thumbnail': 'https://randomuser.me/api/portraits/thumb/women/52.jpg'}, 'nat': 'IE'}</msg>
<arg>${json_data['results'][0]}</arg>
<doc>Logs the given message with the given level.</doc>
<status status="PASS" start="2024-05-08T05:13:25.728893" elapsed="0.000420"/>
</kw>
<kw name="Log" owner="BuiltIn">
<msg time="2024-05-08T05:13:25.729738" level="INFO">login</msg>
<arg>${key}</arg>
<doc>Logs the given message with the given level.</doc>
<status status="PASS" start="2024-05-08T05:13:25.729610" elapsed="0.000166"/>
</kw>
<var name="${key}">login</var>
<status status="PASS" start="2024-05-08T05:13:25.728052" elapsed="0.001972"/>
</iter>
<var>${key}</var>
<value>@{expected_keys}</value>
<status status="PASS" start="2024-05-08T05:13:25.719233" elapsed="0.010916"/>
</for>
<kw name="Create List" owner="BuiltIn">
<msg time="2024-05-08T05:13:25.730486" level="INFO">${expected_keysTwo} = ['username', 'password']</msg>
<var>${expected_keysTwo}</var>
<arg>username</arg>
<arg>password</arg>
<doc>Returns a list containing given items.</doc>
<status status="PASS" start="2024-05-08T05:13:25.730348" elapsed="0.000163"/>
</kw>
<for flavor="IN">
<iter>
<kw name="Dictionary Should Contain Key" owner="Collections">
<msg time="2024-05-08T05:13:25.731409" level="INFO">False</msg>
<arg>${json_data['results'][0]['login']}</arg>
<arg>${keyTwo}</arg>
<doc>Fails if ``key`` is not found from ``dictionary``.</doc>
<status status="PASS" start="2024-05-08T05:13:25.731024" elapsed="0.000423"/>
</kw>
<kw name="Dictionary Should Contain Key" owner="Collections">
<msg time="2024-05-08T05:13:25.732141" level="INFO">False</msg>
<arg>${json_data['results'][0]['login']}</arg>
<arg>${keyTwo}</arg>
<doc>Fails if ``key`` is not found from ``dictionary``.</doc>
<status status="PASS" start="2024-05-08T05:13:25.731763" elapsed="0.000416"/>
</kw>
<kw name="Log" owner="BuiltIn">
<msg time="2024-05-08T05:13:25.732597" level="INFO">username</msg>
<arg>${keyTwo}</arg>
<doc>Logs the given message with the given level.</doc>
<status status="PASS" start="2024-05-08T05:13:25.732472" elapsed="0.000168"/>
</kw>
<var name="${keyTwo}">username</var>
<status status="PASS" start="2024-05-08T05:13:25.730915" elapsed="0.001940"/>
</iter>
<iter>
<kw name="Dictionary Should Contain Key" owner="Collections">
<msg time="2024-05-08T05:13:25.733602" level="INFO">False</msg>
<arg>${json_data['results'][0]['login']}</arg>
<arg>${keyTwo}</arg>
<doc>Fails if ``key`` is not found from ``dictionary``.</doc>
<status status="PASS" start="2024-05-08T05:13:25.733136" elapsed="0.000506"/>
</kw>
<kw name="Dictionary Should Contain Key" owner="Collections">
<msg time="2024-05-08T05:13:25.734320" level="INFO">False</msg>
<arg>${json_data['results'][0]['login']}</arg>
<arg>${keyTwo}</arg>
<doc>Fails if ``key`` is not found from ``dictionary``.</doc>
<status status="PASS" start="2024-05-08T05:13:25.733941" elapsed="0.000416"/>
</kw>
<kw name="Log" owner="BuiltIn">
<msg time="2024-05-08T05:13:25.734777" level="INFO">password</msg>
<arg>${keyTwo}</arg>
<doc>Logs the given message with the given level.</doc>
<status status="PASS" start="2024-05-08T05:13:25.734651" elapsed="0.000162"/>
</kw>
<var name="${keyTwo}">password</var>
<status status="PASS" start="2024-05-08T05:13:25.733026" elapsed="0.002000"/>
</iter>
<var>${keyTwo}</var>
<value>@{expected_keysTwo}</value>
<status status="PASS" start="2024-05-08T05:13:25.730758" elapsed="0.004391"/>
</for>
<status status="PASS" start="2024-05-08T05:13:25.630465" elapsed="0.104825"/>
</kw>
<doc>Testa a estrutura da resposta da API.</doc>
<tag>testeEstruturaResposta</tag>
<status status="PASS" start="2024-05-08T05:13:25.629944" elapsed="0.105505"/>
</test>
<test id="s1-s1-t4" name="Validar tipos de dados" line="28">
<kw name="Teste de Tipos de Dados" owner="random-user-service">
<kw name="GET On Session" owner="RequestsLibrary">
<msg time="2024-05-08T05:13:25.827246" level="INFO">GET Request : url=https://randomuser.me/api 
 path_url=/api 
 headers={'User-Agent': 'python-requests/2.31.0', 'Accept-Encoding': 'gzip, deflate', 'Accept': '*/*', 'Connection': 'keep-alive'} 
 body=None 
 </msg>
<msg time="2024-05-08T05:13:25.827392" level="INFO">GET Response : url=https://randomuser.me/api 
 status=200, reason=OK 
 headers={'Date': 'Wed, 08 May 2024 05:13:25 GMT', 'Content-Type': 'application/json; charset=utf-8', 'Transfer-Encoding': 'chunked', 'Connection': 'keep-alive', 'X-Powered-By': 'Express', 'Access-Control-Allow-Origin': '*', 'Cache-Control': 'no-cache', 'ETag': 'W/"48b-dhd0aCHfmzsUoZ0lkEwARnbqxWo"', 'Vary': 'Accept-Encoding', 'Content-Encoding': 'gzip', 'CF-Cache-Status': 'DYNAMIC', 'Report-To': '{"endpoints":[{"url":"https:\\/\\/a.nel.cloudflare.com\\/report\\/v4?s=xKL572fbiKZ4oGBv097%2FaNUIjZnY4NRfdDMirO8w7SCyJxX06kYs6cHH5%2BOfdFbt8VohWDNIOBlRufkLRGYztnL2y3x8hBgEFG%2FUnE8UvBpdHZ2WCEOzN64ScFDPfnWE"}],"group":"cf-nel","max_age":604800}', 'NEL': '{"success_fraction":0,"report_to":"cf-nel","max_age":604800}', 'Server': 'cloudflare', 'CF-RAY': '8806f5dfe85c392e-IAD', 'alt-svc': 'h3=":443"; ma=86400'} 
 body={"results":[{"gender":"female","name":{"title":"Mrs","first":"Sofia","last":"Thomsen"},"location":{"street":{"number":1003,"name":"Fasanvej"},"city":"Randers Nø","state":"Sjælland","country":"Denmark","postcode":95131,"coordinates":{"latitude":"-39.8653","longitude":"125.5057"},"timezone":{"offset":"+10:00","description":"Eastern Australia, Guam, Vladivostok"}},"email":"sofia.thomsen@example.com","login":{"uuid":"ef9f12ac-f22b-45b3-bcfa-0fe0276db6d9","username":"redbear948","password":"virus","salt":"kkRuToTV","md5":"9449fa224cf6ad35ff8abcd7fc2ea769","sha1":"7ceadddff45775870b21b3542c841754392ec50e","sha256":"1c02370a899e84cae29e14f0c24c1ec14bc3f6be682ea3e3e764ddda8c597b9d"},"dob":{"date":"1994-08-24T12:13:24.537Z","age":29},"registered":{"date":"2002-07-08T18:30:07.165Z","age":21},"phone":"44873862","cell":"09252467","id":{"name":"CPR","value":"240894-2876"},"picture":{"large":"https://randomuser.me/api/portraits/women/17.jpg","medium":"https://randomuser.me/api/portraits/med/women/17.jpg","thumbnail":"https://randomuser.me/api/portraits/thumb/women/17.jpg"},"nat":"DK"}],"info":{"seed":"ea520e5f74300cb6","results":1,"page":1,"version":"1.4"}} 
 </msg>
<msg time="2024-05-08T05:13:25.827500" level="INFO">/opt/hostedtoolcache/Python/3.12.3/x64/lib/python3.12/site-packages/urllib3/connectionpool.py:1103: InsecureRequestWarning: Unverified HTTPS request is being made to host 'randomuser.me'. Adding certificate verification is strongly advised. See: https://urllib3.readthedocs.io/en/latest/advanced-usage.html#tls-warnings
  warnings.warn(</msg>
<msg time="2024-05-08T05:13:25.827638" level="INFO">${response} = &lt;Response [200]&gt;</msg>
<var>${response}</var>
<arg>consultarAPI</arg>
<arg>/api</arg>
<doc>Sends a GET request on a previously created HTTP Session.</doc>
<status status="PASS" start="2024-05-08T05:13:25.738002" elapsed="0.089699"/>
</kw>
<kw name="Set Variable" owner="BuiltIn">
<msg time="2024-05-08T05:13:25.828985" level="INFO">${json_data} = {'results': [{'gender': 'female', 'name': {'title': 'Mrs', 'first': 'Sofia', 'last': 'Thomsen'}, 'location': {'street': {'number': 1003, 'name': 'Fasanvej'}, 'city': 'Randers Nø', 'state': 'Sjælland',...</msg>
<var>${json_data}</var>
<arg>${response.json()}</arg>
<doc>Returns the given values which can then be assigned to a variables.</doc>
<status status="PASS" start="2024-05-08T05:13:25.828396" elapsed="0.000620"/>
</kw>
<kw name="Log" owner="BuiltIn">
<msg time="2024-05-08T05:13:25.829550" level="INFO">{'results': [{'gender': 'female', 'name': {'title': 'Mrs', 'first': 'Sofia', 'last': 'Thomsen'}, 'location': {'street': {'number': 1003, 'name': 'Fasanvej'}, 'city': 'Randers Nø', 'state': 'Sjælland', 'country': 'Denmark', 'postcode': 95131, 'coordinates': {'latitude': '-39.8653', 'longitude': '125.5057'}, 'timezone': {'offset': '+10:00', 'description': 'Eastern Australia, Guam, Vladivostok'}}, 'email': 'sofia.thomsen@example.com', 'login': {'uuid': 'ef9f12ac-f22b-45b3-bcfa-0fe0276db6d9', 'username': 'redbear948', 'password': 'virus', 'salt': 'kkRuToTV', 'md5': '9449fa224cf6ad35ff8abcd7fc2ea769', 'sha1': '7ceadddff45775870b21b3542c841754392ec50e', 'sha256': '1c02370a899e84cae29e14f0c24c1ec14bc3f6be682ea3e3e764ddda8c597b9d'}, 'dob': {'date': '1994-08-24T12:13:24.537Z', 'age': 29}, 'registered': {'date': '2002-07-08T18:30:07.165Z', 'age': 21}, 'phone': '44873862', 'cell': '09252467', 'id': {'name': 'CPR', 'value': '240894-2876'}, 'picture': {'large': 'https://randomuser.me/api/portraits/women/17.jpg', 'medium': 'https://randomuser.me/api/portraits/med/women/17.jpg', 'thumbnail': 'https://randomuser.me/api/portraits/thumb/women/17.jpg'}, 'nat': 'DK'}], 'info': {'seed': 'ea520e5f74300cb6', 'results': 1, 'page': 1, 'version': '1.4'}}</msg>
<arg>${json_data}</arg>
<doc>Logs the given message with the given level.</doc>
<status status="PASS" start="2024-05-08T05:13:25.829378" elapsed="0.000262"/>
</kw>
<kw name="Should Be String" owner="String">
<arg>${json_data['results'][0]['gender']}</arg>
<doc>Fails if the given ``item`` is not a string.</doc>
<status status="PASS" start="2024-05-08T05:13:25.829958" elapsed="0.000386"/>
</kw>
<kw name="Should Match Regexp" owner="BuiltIn">
<arg>${json_data['results'][0]['email']}</arg>
<arg>^[a-zA-Z0-9._%+-]+@[a-zA-Z0-9.-]+\.[a-zA-Z]{2,}$</arg>
<doc>Fails if ``string`` does not match ``pattern`` as a regular expression.</doc>
<status status="PASS" start="2024-05-08T05:13:25.830542" elapsed="0.000522"/>
</kw>
<kw name="Should Match Regexp" owner="BuiltIn">
<arg>${json_data['results'][0]['dob']['date']}</arg>
<arg>\\d{4}-\\d{2}-\\d{2}T\\d{2}:\\d{2}:\\d{2}\\.\\d{3}Z</arg>
<doc>Fails if ``string`` does not match ``pattern`` as a regular expression.</doc>
<status status="PASS" start="2024-05-08T05:13:25.831263" elapsed="0.000536"/>
</kw>
<kw name="Should Match Regexp" owner="BuiltIn">
<arg>${json_data['results'][0]['registered']['date']}</arg>
<arg>\\d{4}-\\d{2}-\\d{2}T\\d{2}:\\d{2}:\\d{2}\\.\\d{3}Z</arg>
<doc>Fails if ``string`` does not match ``pattern`` as a regular expression.</doc>
<status status="PASS" start="2024-05-08T05:13:25.831998" elapsed="0.000378"/>
</kw>
<kw name="Should Match Regexp" owner="BuiltIn">
<arg>${json_data['results'][0]['picture']['large']}</arg>
<arg>^https?://.*\.(?:png|jpe?g|gif|bmp)$</arg>
<doc>Fails if ``string`` does not match ``pattern`` as a regular expression.</doc>
<status status="PASS" start="2024-05-08T05:13:25.832570" elapsed="0.000466"/>
</kw>
<kw name="Should Match Regexp" owner="BuiltIn">
<arg>${json_data['results'][0]['picture']['medium']}</arg>
<arg>^https?://.*\.(?:png|jpe?g|gif|bmp)$</arg>
<doc>Fails if ``string`` does not match ``pattern`` as a regular expression.</doc>
<status status="PASS" start="2024-05-08T05:13:25.833226" elapsed="0.000361"/>
</kw>
<kw name="Should Match Regexp" owner="BuiltIn">
<arg>${json_data['results'][0]['picture']['thumbnail']}</arg>
<arg>^https?://.*\.(?:png|jpe?g|gif|bmp)$</arg>
<doc>Fails if ``string`` does not match ``pattern`` as a regular expression.</doc>
<status status="PASS" start="2024-05-08T05:13:25.833776" elapsed="0.000360"/>
</kw>
<kw name="Log" owner="BuiltIn">
<msg time="2024-05-08T05:13:25.834679" level="INFO">{'large': 'https://randomuser.me/api/portraits/women/17.jpg', 'medium': 'https://randomuser.me/api/portraits/med/women/17.jpg', 'thumbnail': 'https://randomuser.me/api/portraits/thumb/women/17.jpg'}</msg>
<arg>${json_data['results'][0]['picture']}</arg>
<doc>Logs the given message with the given level.</doc>
<status status="PASS" start="2024-05-08T05:13:25.834334" elapsed="0.000387"/>
</kw>
<status status="PASS" start="2024-05-08T05:13:25.737769" elapsed="0.097215"/>
</kw>
<kw name="Teste de Tipos de Dados - Postcode" owner="random-user-service">
<kw name="GET On Session" owner="RequestsLibrary">
<msg time="2024-05-08T05:13:25.920891" level="INFO">GET Request : url=https://randomuser.me/api 
 path_url=/api 
 headers={'User-Agent': 'python-requests/2.31.0', 'Accept-Encoding': 'gzip, deflate', 'Accept': '*/*', 'Connection': 'keep-alive'} 
 body=None 
 </msg>
<msg time="2024-05-08T05:13:25.921018" level="INFO">GET Response : url=https://randomuser.me/api 
 status=200, reason=OK 
 headers={'Date': 'Wed, 08 May 2024 05:13:25 GMT', 'Content-Type': 'application/json; charset=utf-8', 'Transfer-Encoding': 'chunked', 'Connection': 'keep-alive', 'X-Powered-By': 'Express', 'Access-Control-Allow-Origin': '*', 'Cache-Control': 'no-cache', 'ETag': 'W/"4ac-tU3tXolEQ0tOfKDdwkmFhU6vQng"', 'Vary': 'Accept-Encoding', 'Content-Encoding': 'gzip', 'CF-Cache-Status': 'DYNAMIC', 'Report-To': '{"endpoints":[{"url":"https:\\/\\/a.nel.cloudflare.com\\/report\\/v4?s=BB5kvHOjFgJQjJJ7fx0itQa2baIaeJWCyeZPsIOgLMRjKgYMWF%2BSchK0gk5I9Cw%2BtYCcxnyAI2K9q6E9UD3vstYW9LEQfvPjgNFOOlijcpIuk67yLlPCzhiwOpJO7JJw"}],"group":"cf-nel","max_age":604800}', 'NEL': '{"success_fraction":0,"report_to":"cf-nel","max_age":604800}', 'Server': 'cloudflare', 'CF-RAY': '8806f5e08923392e-IAD', 'alt-svc': 'h3=":443"; ma=86400'} 
 body={"results":[{"gender":"female","name":{"title":"Ms","first":"Ofelia","last":"Urbina"},"location":{"street":{"number":3127,"name":"Peatonal Salcido"},"city":"San Francisco del Oro","state":"Tamaulipas","country":"Mexico","postcode":63371,"coordinates":{"latitude":"23.8386","longitude":"33.7588"},"timezone":{"offset":"-4:00","description":"Atlantic Time (Canada), Caracas, La Paz"}},"email":"ofelia.urbina@example.com","login":{"uuid":"cef45cad-94d5-4e81-99be-d1d2054c72b8","username":"whitesnake210","password":"playa","salt":"r2u7HfYM","md5":"2d2ff768a4fde20d312f4833cb69f919","sha1":"3565d0c1c00330196499a0b05f7e31759afbff9f","sha256":"b463999db2097b43d696ad8d71f1d96aa0b6311512003e0f32377c1c54d38b44"},"dob":{"date":"1993-09-25T07:24:34.740Z","age":30},"registered":{"date":"2005-08-08T14:58:28.877Z","age":18},"phone":"(633) 741 7580","cell":"(655) 285 1886","id":{"name":"NSS","value":"74 68 62 0989 5"},"picture":{"large":"https://randomuser.me/api/portraits/women/4.jpg","medium":"https://randomuser.me/api/portraits/med/women/4.jpg","thumbnail":"https://randomuser.me/api/portraits/thumb/women/4.jpg"},"nat":"MX"}],"info":{"seed":"33e00219db2b7a04","results":1,"page":1,"version":"1.4"}} 
 </msg>
<msg time="2024-05-08T05:13:25.921108" level="INFO">/opt/hostedtoolcache/Python/3.12.3/x64/lib/python3.12/site-packages/urllib3/connectionpool.py:1103: InsecureRequestWarning: Unverified HTTPS request is being made to host 'randomuser.me'. Adding certificate verification is strongly advised. See: https://urllib3.readthedocs.io/en/latest/advanced-usage.html#tls-warnings
  warnings.warn(</msg>
<msg time="2024-05-08T05:13:25.921253" level="INFO">${response} = &lt;Response [200]&gt;</msg>
<var>${response}</var>
<arg>consultarAPI</arg>
<arg>/api</arg>
<doc>Sends a GET request on a previously created HTTP Session.</doc>
<status status="PASS" start="2024-05-08T05:13:25.835470" elapsed="0.085824"/>
</kw>
<kw name="Set Variable" owner="BuiltIn">
<msg time="2024-05-08T05:13:25.922591" level="INFO">${json_data} = {'results': [{'gender': 'female', 'name': {'title': 'Ms', 'first': 'Ofelia', 'last': 'Urbina'}, 'location': {'street': {'number': 3127, 'name': 'Peatonal Salcido'}, 'city': 'San Francisco del Oro', 's...</msg>
<var>${json_data}</var>
<arg>${response.json()}</arg>
<doc>Returns the given values which can then be assigned to a variables.</doc>
<status status="PASS" start="2024-05-08T05:13:25.921976" elapsed="0.000643"/>
</kw>
<kw name="Log" owner="BuiltIn">
<msg time="2024-05-08T05:13:25.923131" level="INFO">{'results': [{'gender': 'female', 'name': {'title': 'Ms', 'first': 'Ofelia', 'last': 'Urbina'}, 'location': {'street': {'number': 3127, 'name': 'Peatonal Salcido'}, 'city': 'San Francisco del Oro', 'state': 'Tamaulipas', 'country': 'Mexico', 'postcode': 63371, 'coordinates': {'latitude': '23.8386', 'longitude': '33.7588'}, 'timezone': {'offset': '-4:00', 'description': 'Atlantic Time (Canada), Caracas, La Paz'}}, 'email': 'ofelia.urbina@example.com', 'login': {'uuid': 'cef45cad-94d5-4e81-99be-d1d2054c72b8', 'username': 'whitesnake210', 'password': 'playa', 'salt': 'r2u7HfYM', 'md5': '2d2ff768a4fde20d312f4833cb69f919', 'sha1': '3565d0c1c00330196499a0b05f7e31759afbff9f', 'sha256': 'b463999db2097b43d696ad8d71f1d96aa0b6311512003e0f32377c1c54d38b44'}, 'dob': {'date': '1993-09-25T07:24:34.740Z', 'age': 30}, 'registered': {'date': '2005-08-08T14:58:28.877Z', 'age': 18}, 'phone': '(633) 741 7580', 'cell': '(655) 285 1886', 'id': {'name': 'NSS', 'value': '74 68 62 0989 5'}, 'picture': {'large': 'https://randomuser.me/api/portraits/women/4.jpg', 'medium': 'https://randomuser.me/api/portraits/med/women/4.jpg', 'thumbnail': 'https://randomuser.me/api/portraits/thumb/women/4.jpg'}, 'nat': 'MX'}], 'info': {'seed': '33e00219db2b7a04', 'results': 1, 'page': 1, 'version': '1.4'}}</msg>
<arg>${json_data}</arg>
<doc>Logs the given message with the given level.</doc>
<status status="PASS" start="2024-05-08T05:13:25.922968" elapsed="0.000249"/>
</kw>
<kw name="Should Be Equal As Numbers" owner="BuiltIn">
<arg>${json_data['results'][0]['location']['postcode']}</arg>
<arg>${json_data['results'][0]['location']['postcode']}</arg>
<doc>Fails if objects are unequal after converting them to real numbers.</doc>
<status status="PASS" start="2024-05-08T05:13:25.923762" elapsed="0.000648"/>
</kw>
<kw name="Log" owner="BuiltIn">
<msg time="2024-05-08T05:13:25.924948" level="INFO">63371</msg>
<arg>${json_data['results'][0]['location']['postcode']}</arg>
<doc>Logs the given message with the given level.</doc>
<status status="PASS" start="2024-05-08T05:13:25.924609" elapsed="0.000381"/>
</kw>
<status status="PASS" start="2024-05-08T05:13:25.835235" elapsed="0.090015"/>
</kw>
<doc>Testa se os tipos de dados na resposta da API estão corretos.</doc>
<tag>testeTiposDados</tag>
<status status="PASS" start="2024-05-08T05:13:25.737288" elapsed="0.188137"/>
</test>
<test id="s1-s1-t5" name="Validar conteudo" line="35">
<kw name="Teste de Tipos de Conteudo" owner="random-user-service">
<kw name="GET On Session" owner="RequestsLibrary">
<msg time="2024-05-08T05:13:26.029244" level="INFO">GET Request : url=https://randomuser.me/api 
 path_url=/api 
 headers={'User-Agent': 'python-requests/2.31.0', 'Accept-Encoding': 'gzip, deflate', 'Accept': '*/*', 'Connection': 'keep-alive'} 
 body=None 
 </msg>
<msg time="2024-05-08T05:13:26.029360" level="INFO">GET Response : url=https://randomuser.me/api 
 status=200, reason=OK 
 headers={'Date': 'Wed, 08 May 2024 05:13:26 GMT', 'Content-Type': 'application/json; charset=utf-8', 'Transfer-Encoding': 'chunked', 'Connection': 'keep-alive', 'X-Powered-By': 'Express', 'Access-Control-Allow-Origin': '*', 'Cache-Control': 'no-cache', 'ETag': 'W/"48c-6C8QP5tBtZtowr4rRo2WCWaFf8g"', 'Vary': 'Accept-Encoding', 'Content-Encoding': 'gzip', 'CF-Cache-Status': 'DYNAMIC', 'Report-To': '{"endpoints":[{"url":"https:\\/\\/a.nel.cloudflare.com\\/report\\/v4?s=yyfNSj224hTkyYjdK9wigXunOcbUi4LEOMqTmNZsXBFdk9b8CZV9sL%2B0lyfbhkNnuwjjURejjR%2F0H0tsvXBbpCLVmZnuDmBCN1cim6KS5k91pt5VpFyjy71n5UapY5uy"}],"group":"cf-nel","max_age":604800}', 'NEL': '{"success_fraction":0,"report_to":"cf-nel","max_age":604800}', 'Server': 'cloudflare', 'CF-RAY': '8806f5e119b7392e-IAD', 'alt-svc': 'h3=":443"; ma=86400'} 
 body={"results":[{"gender":"male","name":{"title":"Mr","first":"Malthe","last":"Poulsen"},"location":{"street":{"number":305,"name":"Nyvangsvej"},"city":"Kvistgaard","state":"Danmark","country":"Denmark","postcode":29697,"coordinates":{"latitude":"-40.7338","longitude":"-138.1351"},"timezone":{"offset":"+5:00","description":"Ekaterinburg, Islamabad, Karachi, Tashkent"}},"email":"malthe.poulsen@example.com","login":{"uuid":"8cb09603-b96b-43e6-b509-aaceaf0de188","username":"angrylion684","password":"formula1","salt":"SMyUm5x0","md5":"00f1f0ee374734e36c033f8d90f97f7c","sha1":"4623d2a795bf86251e1c1866ae1139d07ea14859","sha256":"e294da64cef8f5489fbe86ad21e60eed6b539c3e888cc48cc663519c6f8bae80"},"dob":{"date":"1983-05-17T08:39:08.744Z","age":40},"registered":{"date":"2017-07-13T12:43:11.946Z","age":6},"phone":"69089055","cell":"95930526","id":{"name":"CPR","value":"170583-9497"},"picture":{"large":"https://randomuser.me/api/portraits/men/92.jpg","medium":"https://randomuser.me/api/portraits/med/men/92.jpg","thumbnail":"https://randomuser.me/api/portraits/thumb/men/92.jpg"},"nat":"DK"}],"info":{"seed":"bd13ef722dab5e86","results":1,"page":1,"version":"1.4"}} 
 </msg>
<msg time="2024-05-08T05:13:26.029441" level="INFO">/opt/hostedtoolcache/Python/3.12.3/x64/lib/python3.12/site-packages/urllib3/connectionpool.py:1103: InsecureRequestWarning: Unverified HTTPS request is being made to host 'randomuser.me'. Adding certificate verification is strongly advised. See: https://urllib3.readthedocs.io/en/latest/advanced-usage.html#tls-warnings
  warnings.warn(</msg>
<msg time="2024-05-08T05:13:26.029597" level="INFO">${response} = &lt;Response [200]&gt;</msg>
<var>${response}</var>
<arg>consultarAPI</arg>
<arg>/api</arg>
<doc>Sends a GET request on a previously created HTTP Session.</doc>
<status status="PASS" start="2024-05-08T05:13:25.927994" elapsed="0.101651"/>
</kw>
<kw name="Set Variable" owner="BuiltIn">
<msg time="2024-05-08T05:13:26.030936" level="INFO">${json_data} = {'results': [{'gender': 'male', 'name': {'title': 'Mr', 'first': 'Malthe', 'last': 'Poulsen'}, 'location': {'street': {'number': 305, 'name': 'Nyvangsvej'}, 'city': 'Kvistgaard', 'state': 'Danmark', '...</msg>
<var>${json_data}</var>
<arg>${response.json()}</arg>
<doc>Returns the given values which can then be assigned to a variables.</doc>
<status status="PASS" start="2024-05-08T05:13:26.030333" elapsed="0.000632"/>
</kw>
<kw name="Set Variable" owner="BuiltIn">
<msg time="2024-05-08T05:13:26.031685" level="INFO">${name_title} = Mr</msg>
<var>${name_title}</var>
<arg>${json_data["results"][0]["name"]["title"]}</arg>
<doc>Returns the given values which can then be assigned to a variables.</doc>
<status status="PASS" start="2024-05-08T05:13:26.031268" elapsed="0.000445"/>
</kw>
<kw name="Create List" owner="BuiltIn">
<msg time="2024-05-08T05:13:26.032160" level="INFO">${allowed_titles} = ['Mr', 'Ms', 'Miss', 'Mrs', 'Madame', 'Monsieur']</msg>
<var>${allowed_titles}</var>
<arg>Mr</arg>
<arg>Ms</arg>
<arg>Miss</arg>
<arg>Mrs</arg>
<arg>Madame</arg>
<arg>Monsieur</arg>
<doc>Returns a list containing given items.</doc>
<status status="PASS" start="2024-05-08T05:13:26.032012" elapsed="0.000172"/>
</kw>
<kw name="List Should Contain Value" owner="Collections">
<msg time="2024-05-08T05:13:26.032659" level="INFO">False</msg>
<arg>${allowed_titles}</arg>
<arg>${name_title}</arg>
<doc>Fails if the ``value`` is not found from ``list``.</doc>
<status status="PASS" start="2024-05-08T05:13:26.032483" elapsed="0.000212"/>
</kw>
<kw name="Set Variable" owner="BuiltIn">
<msg time="2024-05-08T05:13:26.033365" level="INFO">${name_country} = DK</msg>
<var>${name_country}</var>
<arg>${json_data["results"][0]["nat"]}</arg>
<doc>Returns the given values which can then be assigned to a variables.</doc>
<status status="PASS" start="2024-05-08T05:13:26.032989" elapsed="0.000401"/>
</kw>
<kw name="Create List" owner="BuiltIn">
<msg time="2024-05-08T05:13:26.034272" level="INFO">${list_country} = ['AD', 'AE', 'AF', 'AG', 'AI', 'AL', 'AM', 'AO', 'AQ', 'AR', 'AS', 'AT', 'AU', 'AW', 'AX', 'AZ', 'BA', 'BB', 'BD', 'BE', 'BF', 'BG', 'BH', 'BI', 'BJ', 'BL', 'BM', 'BN', 'BO', 'BQ', 'BR', 'BS', 'BT', '...</msg>
<var>${list_country}</var>
<arg>AD</arg>
<arg>AE</arg>
<arg>AF</arg>
<arg>AG</arg>
<arg>AI</arg>
<arg>AL</arg>
<arg>AM</arg>
<arg>AO</arg>
<arg>AQ</arg>
<arg>AR</arg>
<arg>AS</arg>
<arg>AT</arg>
<arg>AU</arg>
<arg>AW</arg>
<arg>AX</arg>
<arg>AZ</arg>
<arg>BA</arg>
<arg>BB</arg>
<arg>BD</arg>
<arg>BE</arg>
<arg>BF</arg>
<arg>BG</arg>
<arg>BH</arg>
<arg>BI</arg>
<arg>BJ</arg>
<arg>BL</arg>
<arg>BM</arg>
<arg>BN</arg>
<arg>BO</arg>
<arg>BQ</arg>
<arg>BR</arg>
<arg>BS</arg>
<arg>BT</arg>
<arg>BV</arg>
<arg>BW</arg>
<arg>BY</arg>
<arg>BZ</arg>
<arg>CA</arg>
<arg>CC</arg>
<arg>CD</arg>
<arg>CF</arg>
<arg>CG</arg>
<arg>CH</arg>
<arg>CI</arg>
<arg>CK</arg>
<arg>CL</arg>
<arg>CM</arg>
<arg>CN</arg>
<arg>CO</arg>
<arg>CR</arg>
<arg>CU</arg>
<arg>CV</arg>
<arg>CW</arg>
<arg>CX</arg>
<arg>CY</arg>
<arg>CZ</arg>
<arg>DE</arg>
<arg>DJ</arg>
<arg>DK</arg>
<arg>DM</arg>
<arg>DO</arg>
<arg>DZ</arg>
<arg>EC</arg>
<arg>EE</arg>
<arg>EG</arg>
<arg>EH</arg>
<arg>ER</arg>
<arg>ES</arg>
<arg>ET</arg>
<arg>FI</arg>
<arg>FJ</arg>
<arg>FK</arg>
<arg>FM</arg>
<arg>FO</arg>
<arg>FR</arg>
<arg>GA</arg>
<arg>GB</arg>
<arg>GD</arg>
<arg>GE</arg>
<arg>GF</arg>
<arg>GG</arg>
<arg>GH</arg>
<arg>GI</arg>
<arg>GL</arg>
<arg>GM</arg>
<arg>GN</arg>
<arg>GP</arg>
<arg>GQ</arg>
<arg>GR</arg>
<arg>GS</arg>
<arg>GT</arg>
<arg>GU</arg>
<arg>GW</arg>
<arg>GY</arg>
<arg>HK</arg>
<arg>HM</arg>
<arg>HN</arg>
<arg>HR</arg>
<arg>HT</arg>
<arg>HU</arg>
<arg>ID</arg>
<arg>IE</arg>
<arg>IL</arg>
<arg>IM</arg>
<arg>IN</arg>
<arg>IO</arg>
<arg>IQ</arg>
<arg>IR</arg>
<arg>IS</arg>
<arg>IT</arg>
<arg>JE</arg>
<arg>JM</arg>
<arg>JO</arg>
<arg>JP</arg>
<arg>KE</arg>
<arg>KG</arg>
<arg>KH</arg>
<arg>KI</arg>
<arg>KM</arg>
<arg>KN</arg>
<arg>KP</arg>
<arg>KR</arg>
<arg>KW</arg>
<arg>KY</arg>
<arg>KZ</arg>
<arg>LA</arg>
<arg>LB</arg>
<arg>LC</arg>
<arg>LI</arg>
<arg>LK</arg>
<arg>LR</arg>
<arg>LS</arg>
<arg>LT</arg>
<arg>LU</arg>
<arg>LV</arg>
<arg>LY</arg>
<arg>MA</arg>
<arg>MC</arg>
<arg>MD</arg>
<arg>ME</arg>
<arg>MF</arg>
<arg>MG</arg>
<arg>MH</arg>
<arg>MK</arg>
<arg>ML</arg>
<arg>MM</arg>
<arg>MN</arg>
<arg>MO</arg>
<arg>MP</arg>
<arg>MQ</arg>
<arg>MR</arg>
<arg>MS</arg>
<arg>MT</arg>
<arg>MU</arg>
<arg>MV</arg>
<arg>MW</arg>
<arg>MX</arg>
<arg>MY</arg>
<arg>MZ</arg>
<arg>NA</arg>
<arg>NC</arg>
<arg>NE</arg>
<arg>NF</arg>
<arg>NG</arg>
<arg>NI</arg>
<arg>NL</arg>
<arg>NO</arg>
<arg>NP</arg>
<arg>NR</arg>
<arg>NU</arg>
<arg>NZ</arg>
<arg>OM</arg>
<arg>PA</arg>
<arg>PE</arg>
<arg>PF</arg>
<arg>PG</arg>
<arg>PH</arg>
<arg>PK</arg>
<arg>PL</arg>
<arg>PM</arg>
<arg>PN</arg>
<arg>PR</arg>
<arg>PS</arg>
<arg>PT</arg>
<arg>PW</arg>
<arg>PY</arg>
<arg>QA</arg>
<arg>RE</arg>
<arg>RO</arg>
<arg>RS</arg>
<arg>RU</arg>
<arg>RW</arg>
<arg>SA</arg>
<arg>SB</arg>
<arg>SC</arg>
<arg>SD</arg>
<arg>SE</arg>
<arg>SG</arg>
<arg>SH</arg>
<arg>SI</arg>
<arg>SJ</arg>
<arg>SK</arg>
<arg>SL</arg>
<arg>SM</arg>
<arg>SN</arg>
<arg>SO</arg>
<arg>SR</arg>
<arg>SS</arg>
<arg>ST</arg>
<arg>SV</arg>
<arg>SX</arg>
<arg>SY</arg>
<arg>SZ</arg>
<arg>TC</arg>
<arg>TD</arg>
<arg>TF</arg>
<arg>TG</arg>
<arg>TH</arg>
<arg>TJ</arg>
<arg>TK</arg>
<arg>TL</arg>
<arg>TM</arg>
<arg>TN</arg>
<arg>TO</arg>
<arg>TR</arg>
<arg>TT</arg>
<arg>TV</arg>
<arg>TW</arg>
<arg>TZ</arg>
<arg>UA</arg>
<arg>UG</arg>
<arg>UM</arg>
<arg>US</arg>
<arg>UY</arg>
<arg>UZ</arg>
<arg>VA</arg>
<arg>VC</arg>
<arg>VE</arg>
<arg>VG</arg>
<arg>VI</arg>
<arg>VN</arg>
<arg>VU</arg>
<arg>WF</arg>
<arg>WS</arg>
<arg>XK</arg>
<arg>YE</arg>
<arg>YT</arg>
<arg>ZA</arg>
<arg>ZM</arg>
<arg>ZW</arg>
<doc>Returns a list containing given items.</doc>
<status status="PASS" start="2024-05-08T05:13:26.033690" elapsed="0.000607"/>
</kw>
<kw name="List Should Contain Value" owner="Collections">
<msg time="2024-05-08T05:13:26.035281" level="INFO">False</msg>
<arg>${list_country}</arg>
<arg>${name_country}</arg>
<doc>Fails if the ``value`` is not found from ``list``.</doc>
<status status="PASS" start="2024-05-08T05:13:26.035085" elapsed="0.000232"/>
</kw>
<kw name="Run Keyword If" owner="BuiltIn">
<kw name="Should Be True" owner="BuiltIn">
<arg>${True}</arg>
<doc>Fails if the given condition is not true.</doc>
<status status="PASS" start="2024-05-08T05:13:26.036411" elapsed="0.000262"/>
</kw>
<arg>${json_data["results"][0]["location"]["coordinates"]["latitude"]} &gt;= -90 and ${json_data["results"][0]["location"]["coordinates"]["latitude"]} &lt;= 90</arg>
<arg>Should Be True</arg>
<arg>${True}</arg>
<doc>Runs the given keyword with the given arguments, if ``condition`` is true.</doc>
<status status="PASS" start="2024-05-08T05:13:26.035623" elapsed="0.001182"/>
</kw>
<kw name="Run Keyword If" owner="BuiltIn">
<kw name="Should Be True" owner="BuiltIn">
<arg>${True}</arg>
<doc>Fails if the given condition is not true.</doc>
<status status="PASS" start="2024-05-08T05:13:26.037698" elapsed="0.000140"/>
</kw>
<arg>${json_data["results"][0]["location"]["coordinates"]["longitude"]} &gt;= -180 and ${json_data["results"][0]["location"]["coordinates"]["longitude"]} &lt;= 180</arg>
<arg>Should Be True</arg>
<arg>${True}</arg>
<doc>Runs the given keyword with the given arguments, if ``condition`` is true.</doc>
<status status="PASS" start="2024-05-08T05:13:26.036989" elapsed="0.000972"/>
</kw>
<status status="PASS" start="2024-05-08T05:13:25.927750" elapsed="0.110343"/>
</kw>
<doc>Testa o conteúdo específico dos campos retornados pela API.</doc>
<tag>testeConteudo</tag>
<status status="PASS" start="2024-05-08T05:13:25.927222" elapsed="0.111024"/>
</test>
<status status="PASS" start="2024-05-08T05:13:25.232000" elapsed="0.808226"/>
</suite>
<status status="PASS" start="2024-05-08T05:13:25.217507" elapsed="0.827993"/>
</suite>
<statistics>
<total>
<stat pass="5" fail="0" skip="0">All Tests</stat>
</total>
<tag>
<stat pass="1" fail="0" skip="0">testeConteudo</stat>
<stat pass="1" fail="0" skip="0">testeEstruturaResposta</stat>
<stat pass="1" fail="0" skip="0">testeRequisicaoBasica</stat>
<stat pass="1" fail="0" skip="0">testeTiposDados</stat>
</tag>
<suite>
<stat pass="5" fail="0" skip="0" id="s1" name="Tests">Tests</stat>
<stat pass="5" fail="0" skip="0" id="s1-s1" name="Random-User-Test">Tests.Random-User-Test</stat>
</suite>
</statistics>
<errors>
</errors>
</robot>
