<?xml version="1.0" encoding="UTF-8"?>
<robot generator="Robot 7.0 (Python 3.12.3 on linux)" generated="2024-05-26T03:15:31.974224" rpa="false" schemaversion="5">
<suite id="s1" name="Tests" source="/home/runner/work/ApiRandomUser/ApiRandomUser/RamdonUser/tests">
<suite id="s1-s1" name="Random-User-Test" source="/home/runner/work/ApiRandomUser/ApiRandomUser/RamdonUser/tests/random-user-test.robot">
<test id="s1-s1-t1" name="Conectar" line="13">
<kw name="Conectar API" owner="random-user-service">
<kw name="Create Session" owner="RequestsLibrary">
<msg time="2024-05-26T03:15:32.398178" level="INFO">Creating Session using : alias=consultarAPI, url=https://randomuser.me/, headers={},                     cookies={}, auth=None, timeout=None, proxies=None, verify=False,                     debug=0 </msg>
<arg>consultarAPI</arg>
<arg>${URL}</arg>
<doc>Create Session: create a HTTP session to a server</doc>
<status status="PASS" start="2024-05-26T03:15:32.397944" elapsed="0.000437"/>
</kw>
<status status="PASS" start="2024-05-26T03:15:32.396897" elapsed="0.001868"/>
</kw>
<status status="PASS" start="2024-05-26T03:15:32.396222" elapsed="0.002746"/>
</test>
<test id="s1-s1-t2" name="Validar retorno 200 e JSON Válido" line="16">
<kw name="Teste de Requisicao Basica" owner="random-user-service">
<kw name="GET On Session" owner="RequestsLibrary">
<msg time="2024-05-26T03:15:32.667074" level="INFO">GET Request : url=https://randomuser.me/api 
 path_url=/api 
 headers={'User-Agent': 'python-requests/2.32.2', 'Accept-Encoding': 'gzip, deflate', 'Accept': '*/*', 'Connection': 'keep-alive'} 
 body=None 
 </msg>
<msg time="2024-05-26T03:15:32.667231" level="INFO">GET Response : url=https://randomuser.me/api 
 status=200, reason=OK 
 headers={'Date': 'Sun, 26 May 2024 03:15:32 GMT', 'Content-Type': 'application/json; charset=utf-8', 'Transfer-Encoding': 'chunked', 'Connection': 'keep-alive', 'X-Powered-By': 'Express', 'Access-Control-Allow-Origin': '*', 'Cache-Control': 'no-cache', 'ETag': 'W/"488-Pl8lUyTOdXKmqlDJcdEhLA40alQ"', 'Vary': 'Accept-Encoding', 'Content-Encoding': 'gzip', 'CF-Cache-Status': 'DYNAMIC', 'Report-To': '{"endpoints":[{"url":"https:\\/\\/a.nel.cloudflare.com\\/report\\/v4?s=nR7kUuMR8wbrbmnawVPyoV06vlDpnEzsmX9DvHgWMZtSaXVQVPlyLG4ahn778Vetph3BrEo0ChSy%2BzneSLVja3F2UvXuWs%2B72RxhIzEPsZkRY12D2NRPWPncdi1ZOMvh"}],"group":"cf-nel","max_age":604800}', 'NEL': '{"success_fraction":0,"report_to":"cf-nel","max_age":604800}', 'Server': 'cloudflare', 'CF-RAY': '889a99f09a41155d-SJC', 'alt-svc': 'h3=":443"; ma=86400'} 
 body={"results":[{"gender":"male","name":{"title":"Mr","first":"Jorge","last":"Harnisch"},"location":{"street":{"number":7520,"name":"Burgstraße"},"city":"Wiesensteig","state":"Bremen","country":"Germany","postcode":31010,"coordinates":{"latitude":"-53.0495","longitude":"-179.0424"},"timezone":{"offset":"-12:00","description":"Eniwetok, Kwajalein"}},"email":"jorge.harnisch@example.com","login":{"uuid":"840c3f43-222c-459b-afdb-ec9acd76725f","username":"smallpeacock934","password":"wp2003wp","salt":"ljlUvJRj","md5":"92bc1c178cf379ab2aff9dc186f15dfa","sha1":"6dfee106faac4aca50cbcb15ea5abab5eb3dbce4","sha256":"19d69525cb8e5180b51e7138c45fdff73c73edc2dafff46ef2b74e1a57f2f57d"},"dob":{"date":"1990-01-09T06:02:27.484Z","age":34},"registered":{"date":"2014-05-26T10:45:26.668Z","age":9},"phone":"0884-4413929","cell":"0177-1320629","id":{"name":"SVNR","value":"08 090190 H 430"},"picture":{"large":"https://randomuser.me/api/portraits/men/66.jpg","medium":"https://randomuser.me/api/portraits/med/men/66.jpg","thumbnail":"https://randomuser.me/api/portraits/thumb/men/66.jpg"},"nat":"DE"}],"info":{"seed":"35dae43a17adb3a2","results":1,"page":1,"version":"1.4"}} 
 </msg>
<msg time="2024-05-26T03:15:32.667315" level="INFO">/opt/hostedtoolcache/Python/3.12.3/x64/lib/python3.12/site-packages/urllib3/connectionpool.py:1103: InsecureRequestWarning: Unverified HTTPS request is being made to host 'randomuser.me'. Adding certificate verification is strongly advised. See: https://urllib3.readthedocs.io/en/latest/advanced-usage.html#tls-warnings
  warnings.warn(</msg>
<msg time="2024-05-26T03:15:32.667462" level="INFO">${response} = &lt;Response [200]&gt;</msg>
<var>${response}</var>
<arg>consultarAPI</arg>
<arg>/api</arg>
<doc>Sends a GET request on a previously created HTTP Session.</doc>
<status status="PASS" start="2024-05-26T03:15:32.401685" elapsed="0.265820"/>
</kw>
<kw name="Should Be Equal As Numbers" owner="BuiltIn">
<msg time="2024-05-26T03:15:32.668747" level="INFO">Argument types are:
&lt;class 'int'&gt;
&lt;class 'str'&gt;</msg>
<arg>${response.status_code}</arg>
<arg>200</arg>
<doc>Fails if objects are unequal after converting them to real numbers.</doc>
<status status="PASS" start="2024-05-26T03:15:32.668260" elapsed="0.000557"/>
</kw>
<kw name="Log" owner="BuiltIn">
<msg time="2024-05-26T03:15:32.669539" level="INFO">200</msg>
<arg>${response.status_code}</arg>
<doc>Logs the given message with the given level.</doc>
<status status="PASS" start="2024-05-26T03:15:32.669172" elapsed="0.000414"/>
</kw>
<kw name="Set Variable" owner="BuiltIn">
<msg time="2024-05-26T03:15:32.670353" level="INFO">${json_data} = {'results': [{'gender': 'male', 'name': {'title': 'Mr', 'first': 'Jorge', 'last': 'Harnisch'}, 'location': {'street': {'number': 7520, 'name': 'Burgstraße'}, 'city': 'Wiesensteig', 'state': 'Bremen', ...</msg>
<var>${json_data}</var>
<arg>${response.json()}</arg>
<doc>Returns the given values which can then be assigned to a variables.</doc>
<status status="PASS" start="2024-05-26T03:15:32.669904" elapsed="0.000478"/>
</kw>
<kw name="Dictionary Should Contain Key" owner="Collections">
<msg time="2024-05-26T03:15:32.670861" level="INFO">False</msg>
<arg>${json_data}</arg>
<arg>results</arg>
<doc>Fails if ``key`` is not found from ``dictionary``.</doc>
<status status="PASS" start="2024-05-26T03:15:32.670691" elapsed="0.000209"/>
</kw>
<status status="PASS" start="2024-05-26T03:15:32.401420" elapsed="0.269749"/>
</kw>
<doc>Testa se a API responde corretamente e retorna um objeto JSON válido.</doc>
<tag>testeRequisicaoBasica</tag>
<status status="PASS" start="2024-05-26T03:15:32.400871" elapsed="0.270488"/>
</test>
<test id="s1-s1-t3" name="Validar estrutura de resposta" line="22">
<kw name="Teste de Estrutura de Resposta" owner="random-user-service">
<kw name="GET On Session" owner="RequestsLibrary">
<msg time="2024-05-26T03:15:32.961837" level="INFO">GET Request : url=https://randomuser.me/api 
 path_url=/api 
 headers={'User-Agent': 'python-requests/2.32.2', 'Accept-Encoding': 'gzip, deflate', 'Accept': '*/*', 'Connection': 'keep-alive'} 
 body=None 
 </msg>
<msg time="2024-05-26T03:15:32.961937" level="INFO">GET Response : url=https://randomuser.me/api 
 status=200, reason=OK 
 headers={'Date': 'Sun, 26 May 2024 03:15:32 GMT', 'Content-Type': 'application/json; charset=utf-8', 'Transfer-Encoding': 'chunked', 'Connection': 'keep-alive', 'X-Powered-By': 'Express', 'Access-Control-Allow-Origin': '*', 'Cache-Control': 'no-cache', 'ETag': 'W/"489-3dYKS0Xjdrr6NhkSEn/mhOv/O70"', 'Vary': 'Accept-Encoding', 'Content-Encoding': 'gzip', 'CF-Cache-Status': 'DYNAMIC', 'Report-To': '{"endpoints":[{"url":"https:\\/\\/a.nel.cloudflare.com\\/report\\/v4?s=r%2FYccWpp1pwVUQ6z4qxV8lEcDdzp9pl%2BK%2FJz1gMd38ahSFVly3ifrc59s6jpHqy99eDEzdYNffYDIzZwQoA0iv2QP6rv%2BFQzPIVGRUbsB8X8MVJp0FPHLoL2%2F0SrX4u3"}],"group":"cf-nel","max_age":604800}', 'NEL': '{"success_fraction":0,"report_to":"cf-nel","max_age":604800}', 'Server': 'cloudflare', 'CF-RAY': '889a99f13a93155d-SJC', 'alt-svc': 'h3=":443"; ma=86400'} 
 body={"results":[{"gender":"male","name":{"title":"Mr","first":"Lenni","last":"Tuominen"},"location":{"street":{"number":6541,"name":"Tehtaankatu"},"city":"Joensuu","state":"Kymenlaakso","country":"Finland","postcode":41101,"coordinates":{"latitude":"-21.9990","longitude":"-89.7597"},"timezone":{"offset":"-1:00","description":"Azores, Cape Verde Islands"}},"email":"lenni.tuominen@example.com","login":{"uuid":"8e6ae235-621d-4ee0-882e-ab82fe94fe3f","username":"bigwolf697","password":"lumina","salt":"Akh244bs","md5":"14509ad824ba6726eaa0b9e2473a1e52","sha1":"6af13f7ea662cea419a96b3eeec3780c857794a9","sha256":"4b554efc2f0afdb8a5b31170833e8b9df0ab8b95ce2410d3b5052d2375d7b11d"},"dob":{"date":"1985-04-05T23:18:27.593Z","age":39},"registered":{"date":"2013-04-06T00:26:19.531Z","age":11},"phone":"09-862-992","cell":"049-378-45-93","id":{"name":"HETU","value":"NaNNA293undefined"},"picture":{"large":"https://randomuser.me/api/portraits/men/14.jpg","medium":"https://randomuser.me/api/portraits/med/men/14.jpg","thumbnail":"https://randomuser.me/api/portraits/thumb/men/14.jpg"},"nat":"FI"}],"info":{"seed":"b3dffaada218cf7f","results":1,"page":1,"version":"1.4"}} 
 </msg>
<msg time="2024-05-26T03:15:32.962061" level="INFO">/opt/hostedtoolcache/Python/3.12.3/x64/lib/python3.12/site-packages/urllib3/connectionpool.py:1103: InsecureRequestWarning: Unverified HTTPS request is being made to host 'randomuser.me'. Adding certificate verification is strongly advised. See: https://urllib3.readthedocs.io/en/latest/advanced-usage.html#tls-warnings
  warnings.warn(</msg>
<msg time="2024-05-26T03:15:32.962190" level="INFO">${response} = &lt;Response [200]&gt;</msg>
<var>${response}</var>
<arg>consultarAPI</arg>
<arg>/api</arg>
<doc>Sends a GET request on a previously created HTTP Session.</doc>
<status status="PASS" start="2024-05-26T03:15:32.674189" elapsed="0.288042"/>
</kw>
<kw name="Set Variable" owner="BuiltIn">
<msg time="2024-05-26T03:15:32.963399" level="INFO">${json_data} = {'results': [{'gender': 'male', 'name': {'title': 'Mr', 'first': 'Lenni', 'last': 'Tuominen'}, 'location': {'street': {'number': 6541, 'name': 'Tehtaankatu'}, 'city': 'Joensuu', 'state': 'Kymenlaakso'...</msg>
<var>${json_data}</var>
<arg>${response.json()}</arg>
<doc>Returns the given values which can then be assigned to a variables.</doc>
<status status="PASS" start="2024-05-26T03:15:32.962828" elapsed="0.000601"/>
</kw>
<kw name="Log" owner="BuiltIn">
<msg time="2024-05-26T03:15:32.963936" level="INFO">{'results': [{'gender': 'male', 'name': {'title': 'Mr', 'first': 'Lenni', 'last': 'Tuominen'}, 'location': {'street': {'number': 6541, 'name': 'Tehtaankatu'}, 'city': 'Joensuu', 'state': 'Kymenlaakso', 'country': 'Finland', 'postcode': 41101, 'coordinates': {'latitude': '-21.9990', 'longitude': '-89.7597'}, 'timezone': {'offset': '-1:00', 'description': 'Azores, Cape Verde Islands'}}, 'email': 'lenni.tuominen@example.com', 'login': {'uuid': '8e6ae235-621d-4ee0-882e-ab82fe94fe3f', 'username': 'bigwolf697', 'password': 'lumina', 'salt': 'Akh244bs', 'md5': '14509ad824ba6726eaa0b9e2473a1e52', 'sha1': '6af13f7ea662cea419a96b3eeec3780c857794a9', 'sha256': '4b554efc2f0afdb8a5b31170833e8b9df0ab8b95ce2410d3b5052d2375d7b11d'}, 'dob': {'date': '1985-04-05T23:18:27.593Z', 'age': 39}, 'registered': {'date': '2013-04-06T00:26:19.531Z', 'age': 11}, 'phone': '09-862-992', 'cell': '049-378-45-93', 'id': {'name': 'HETU', 'value': 'NaNNA293undefined'}, 'picture': {'large': 'https://randomuser.me/api/portraits/men/14.jpg', 'medium': 'https://randomuser.me/api/portraits/med/men/14.jpg', 'thumbnail': 'https://randomuser.me/api/portraits/thumb/men/14.jpg'}, 'nat': 'FI'}], 'info': {'seed': 'b3dffaada218cf7f', 'results': 1, 'page': 1, 'version': '1.4'}}</msg>
<arg>${json_data}</arg>
<doc>Logs the given message with the given level.</doc>
<status status="PASS" start="2024-05-26T03:15:32.963740" elapsed="0.000258"/>
</kw>
<kw name="Dictionary Should Contain Key" owner="Collections">
<msg time="2024-05-26T03:15:32.964462" level="INFO">False</msg>
<arg>${json_data}</arg>
<arg>results</arg>
<doc>Fails if ``key`` is not found from ``dictionary``.</doc>
<status status="PASS" start="2024-05-26T03:15:32.964304" elapsed="0.000196"/>
</kw>
<kw name="Should Not Be Empty" owner="BuiltIn">
<msg time="2024-05-26T03:15:32.964930" level="INFO">Length is 2.</msg>
<arg>${json_data}</arg>
<doc>Verifies that the given item is not empty.</doc>
<status status="PASS" start="2024-05-26T03:15:32.964799" elapsed="0.000176"/>
</kw>
<kw name="Create List" owner="BuiltIn">
<msg time="2024-05-26T03:15:32.965571" level="INFO">${expected_keys} = ['gender', 'name', 'location', 'email', 'login']</msg>
<var>${expected_keys}</var>
<arg>gender</arg>
<arg>name</arg>
<arg>location</arg>
<arg>email</arg>
<arg>login</arg>
<doc>Returns a list containing given items.</doc>
<status status="PASS" start="2024-05-26T03:15:32.965266" elapsed="0.000330"/>
</kw>
<for flavor="IN">
<iter>
<kw name="Dictionary Should Contain Key" owner="Collections">
<msg time="2024-05-26T03:15:32.966590" level="INFO">False</msg>
<arg>${json_data['results'][0]}</arg>
<arg>${key}</arg>
<doc>Fails if ``key`` is not found from ``dictionary``.</doc>
<status status="PASS" start="2024-05-26T03:15:32.966190" elapsed="0.000439"/>
</kw>
<kw name="Log" owner="BuiltIn">
<msg time="2024-05-26T03:15:32.967295" level="INFO">{'gender': 'male', 'name': {'title': 'Mr', 'first': 'Lenni', 'last': 'Tuominen'}, 'location': {'street': {'number': 6541, 'name': 'Tehtaankatu'}, 'city': 'Joensuu', 'state': 'Kymenlaakso', 'country': 'Finland', 'postcode': 41101, 'coordinates': {'latitude': '-21.9990', 'longitude': '-89.7597'}, 'timezone': {'offset': '-1:00', 'description': 'Azores, Cape Verde Islands'}}, 'email': 'lenni.tuominen@example.com', 'login': {'uuid': '8e6ae235-621d-4ee0-882e-ab82fe94fe3f', 'username': 'bigwolf697', 'password': 'lumina', 'salt': 'Akh244bs', 'md5': '14509ad824ba6726eaa0b9e2473a1e52', 'sha1': '6af13f7ea662cea419a96b3eeec3780c857794a9', 'sha256': '4b554efc2f0afdb8a5b31170833e8b9df0ab8b95ce2410d3b5052d2375d7b11d'}, 'dob': {'date': '1985-04-05T23:18:27.593Z', 'age': 39}, 'registered': {'date': '2013-04-06T00:26:19.531Z', 'age': 11}, 'phone': '09-862-992', 'cell': '049-378-45-93', 'id': {'name': 'HETU', 'value': 'NaNNA293undefined'}, 'picture': {'large': 'https://randomuser.me/api/portraits/men/14.jpg', 'medium': 'https://randomuser.me/api/portraits/med/men/14.jpg', 'thumbnail': 'https://randomuser.me/api/portraits/thumb/men/14.jpg'}, 'nat': 'FI'}</msg>
<arg>${json_data['results'][0]}</arg>
<doc>Logs the given message with the given level.</doc>
<status status="PASS" start="2024-05-26T03:15:32.966930" elapsed="0.000414"/>
</kw>
<kw name="Log" owner="BuiltIn">
<msg time="2024-05-26T03:15:32.967768" level="INFO">gender</msg>
<arg>${key}</arg>
<doc>Logs the given message with the given level.</doc>
<status status="PASS" start="2024-05-26T03:15:32.967640" elapsed="0.000165"/>
</kw>
<var name="${key}">gender</var>
<status status="PASS" start="2024-05-26T03:15:32.966062" elapsed="0.002012"/>
</iter>
<iter>
<kw name="Dictionary Should Contain Key" owner="Collections">
<msg time="2024-05-26T03:15:32.968780" level="INFO">False</msg>
<arg>${json_data['results'][0]}</arg>
<arg>${key}</arg>
<doc>Fails if ``key`` is not found from ``dictionary``.</doc>
<status status="PASS" start="2024-05-26T03:15:32.968382" elapsed="0.000436"/>
</kw>
<kw name="Log" owner="BuiltIn">
<msg time="2024-05-26T03:15:32.969499" level="INFO">{'gender': 'male', 'name': {'title': 'Mr', 'first': 'Lenni', 'last': 'Tuominen'}, 'location': {'street': {'number': 6541, 'name': 'Tehtaankatu'}, 'city': 'Joensuu', 'state': 'Kymenlaakso', 'country': 'Finland', 'postcode': 41101, 'coordinates': {'latitude': '-21.9990', 'longitude': '-89.7597'}, 'timezone': {'offset': '-1:00', 'description': 'Azores, Cape Verde Islands'}}, 'email': 'lenni.tuominen@example.com', 'login': {'uuid': '8e6ae235-621d-4ee0-882e-ab82fe94fe3f', 'username': 'bigwolf697', 'password': 'lumina', 'salt': 'Akh244bs', 'md5': '14509ad824ba6726eaa0b9e2473a1e52', 'sha1': '6af13f7ea662cea419a96b3eeec3780c857794a9', 'sha256': '4b554efc2f0afdb8a5b31170833e8b9df0ab8b95ce2410d3b5052d2375d7b11d'}, 'dob': {'date': '1985-04-05T23:18:27.593Z', 'age': 39}, 'registered': {'date': '2013-04-06T00:26:19.531Z', 'age': 11}, 'phone': '09-862-992', 'cell': '049-378-45-93', 'id': {'name': 'HETU', 'value': 'NaNNA293undefined'}, 'picture': {'large': 'https://randomuser.me/api/portraits/men/14.jpg', 'medium': 'https://randomuser.me/api/portraits/med/men/14.jpg', 'thumbnail': 'https://randomuser.me/api/portraits/thumb/men/14.jpg'}, 'nat': 'FI'}</msg>
<arg>${json_data['results'][0]}</arg>
<doc>Logs the given message with the given level.</doc>
<status status="PASS" start="2024-05-26T03:15:32.969141" elapsed="0.000407"/>
</kw>
<kw name="Log" owner="BuiltIn">
<msg time="2024-05-26T03:15:32.969973" level="INFO">name</msg>
<arg>${key}</arg>
<doc>Logs the given message with the given level.</doc>
<status status="PASS" start="2024-05-26T03:15:32.969847" elapsed="0.000163"/>
</kw>
<var name="${key}">name</var>
<status status="PASS" start="2024-05-26T03:15:32.968265" elapsed="0.001961"/>
</iter>
<iter>
<kw name="Dictionary Should Contain Key" owner="Collections">
<msg time="2024-05-26T03:15:32.970900" level="INFO">False</msg>
<arg>${json_data['results'][0]}</arg>
<arg>${key}</arg>
<doc>Fails if ``key`` is not found from ``dictionary``.</doc>
<status status="PASS" start="2024-05-26T03:15:32.970525" elapsed="0.000412"/>
</kw>
<kw name="Log" owner="BuiltIn">
<msg time="2024-05-26T03:15:32.971586" level="INFO">{'gender': 'male', 'name': {'title': 'Mr', 'first': 'Lenni', 'last': 'Tuominen'}, 'location': {'street': {'number': 6541, 'name': 'Tehtaankatu'}, 'city': 'Joensuu', 'state': 'Kymenlaakso', 'country': 'Finland', 'postcode': 41101, 'coordinates': {'latitude': '-21.9990', 'longitude': '-89.7597'}, 'timezone': {'offset': '-1:00', 'description': 'Azores, Cape Verde Islands'}}, 'email': 'lenni.tuominen@example.com', 'login': {'uuid': '8e6ae235-621d-4ee0-882e-ab82fe94fe3f', 'username': 'bigwolf697', 'password': 'lumina', 'salt': 'Akh244bs', 'md5': '14509ad824ba6726eaa0b9e2473a1e52', 'sha1': '6af13f7ea662cea419a96b3eeec3780c857794a9', 'sha256': '4b554efc2f0afdb8a5b31170833e8b9df0ab8b95ce2410d3b5052d2375d7b11d'}, 'dob': {'date': '1985-04-05T23:18:27.593Z', 'age': 39}, 'registered': {'date': '2013-04-06T00:26:19.531Z', 'age': 11}, 'phone': '09-862-992', 'cell': '049-378-45-93', 'id': {'name': 'HETU', 'value': 'NaNNA293undefined'}, 'picture': {'large': 'https://randomuser.me/api/portraits/men/14.jpg', 'medium': 'https://randomuser.me/api/portraits/med/men/14.jpg', 'thumbnail': 'https://randomuser.me/api/portraits/thumb/men/14.jpg'}, 'nat': 'FI'}</msg>
<arg>${json_data['results'][0]}</arg>
<doc>Logs the given message with the given level.</doc>
<status status="PASS" start="2024-05-26T03:15:32.971232" elapsed="0.000401"/>
</kw>
<kw name="Log" owner="BuiltIn">
<msg time="2024-05-26T03:15:32.972099" level="INFO">location</msg>
<arg>${key}</arg>
<doc>Logs the given message with the given level.</doc>
<status status="PASS" start="2024-05-26T03:15:32.971968" elapsed="0.000169"/>
</kw>
<var name="${key}">location</var>
<status status="PASS" start="2024-05-26T03:15:32.970411" elapsed="0.001951"/>
</iter>
<iter>
<kw name="Dictionary Should Contain Key" owner="Collections">
<msg time="2024-05-26T03:15:32.973036" level="INFO">False</msg>
<arg>${json_data['results'][0]}</arg>
<arg>${key}</arg>
<doc>Fails if ``key`` is not found from ``dictionary``.</doc>
<status status="PASS" start="2024-05-26T03:15:32.972652" elapsed="0.000422"/>
</kw>
<kw name="Log" owner="BuiltIn">
<msg time="2024-05-26T03:15:32.973724" level="INFO">{'gender': 'male', 'name': {'title': 'Mr', 'first': 'Lenni', 'last': 'Tuominen'}, 'location': {'street': {'number': 6541, 'name': 'Tehtaankatu'}, 'city': 'Joensuu', 'state': 'Kymenlaakso', 'country': 'Finland', 'postcode': 41101, 'coordinates': {'latitude': '-21.9990', 'longitude': '-89.7597'}, 'timezone': {'offset': '-1:00', 'description': 'Azores, Cape Verde Islands'}}, 'email': 'lenni.tuominen@example.com', 'login': {'uuid': '8e6ae235-621d-4ee0-882e-ab82fe94fe3f', 'username': 'bigwolf697', 'password': 'lumina', 'salt': 'Akh244bs', 'md5': '14509ad824ba6726eaa0b9e2473a1e52', 'sha1': '6af13f7ea662cea419a96b3eeec3780c857794a9', 'sha256': '4b554efc2f0afdb8a5b31170833e8b9df0ab8b95ce2410d3b5052d2375d7b11d'}, 'dob': {'date': '1985-04-05T23:18:27.593Z', 'age': 39}, 'registered': {'date': '2013-04-06T00:26:19.531Z', 'age': 11}, 'phone': '09-862-992', 'cell': '049-378-45-93', 'id': {'name': 'HETU', 'value': 'NaNNA293undefined'}, 'picture': {'large': 'https://randomuser.me/api/portraits/men/14.jpg', 'medium': 'https://randomuser.me/api/portraits/med/men/14.jpg', 'thumbnail': 'https://randomuser.me/api/portraits/thumb/men/14.jpg'}, 'nat': 'FI'}</msg>
<arg>${json_data['results'][0]}</arg>
<doc>Logs the given message with the given level.</doc>
<status status="PASS" start="2024-05-26T03:15:32.973368" elapsed="0.000406"/>
</kw>
<kw name="Log" owner="BuiltIn">
<msg time="2024-05-26T03:15:32.974201" level="INFO">email</msg>
<arg>${key}</arg>
<doc>Logs the given message with the given level.</doc>
<status status="PASS" start="2024-05-26T03:15:32.974075" elapsed="0.000163"/>
</kw>
<var name="${key}">email</var>
<status status="PASS" start="2024-05-26T03:15:32.972535" elapsed="0.001920"/>
</iter>
<iter>
<kw name="Dictionary Should Contain Key" owner="Collections">
<msg time="2024-05-26T03:15:32.975120" level="INFO">False</msg>
<arg>${json_data['results'][0]}</arg>
<arg>${key}</arg>
<doc>Fails if ``key`` is not found from ``dictionary``.</doc>
<status status="PASS" start="2024-05-26T03:15:32.974736" elapsed="0.000421"/>
</kw>
<kw name="Log" owner="BuiltIn">
<msg time="2024-05-26T03:15:32.975820" level="INFO">{'gender': 'male', 'name': {'title': 'Mr', 'first': 'Lenni', 'last': 'Tuominen'}, 'location': {'street': {'number': 6541, 'name': 'Tehtaankatu'}, 'city': 'Joensuu', 'state': 'Kymenlaakso', 'country': 'Finland', 'postcode': 41101, 'coordinates': {'latitude': '-21.9990', 'longitude': '-89.7597'}, 'timezone': {'offset': '-1:00', 'description': 'Azores, Cape Verde Islands'}}, 'email': 'lenni.tuominen@example.com', 'login': {'uuid': '8e6ae235-621d-4ee0-882e-ab82fe94fe3f', 'username': 'bigwolf697', 'password': 'lumina', 'salt': 'Akh244bs', 'md5': '14509ad824ba6726eaa0b9e2473a1e52', 'sha1': '6af13f7ea662cea419a96b3eeec3780c857794a9', 'sha256': '4b554efc2f0afdb8a5b31170833e8b9df0ab8b95ce2410d3b5052d2375d7b11d'}, 'dob': {'date': '1985-04-05T23:18:27.593Z', 'age': 39}, 'registered': {'date': '2013-04-06T00:26:19.531Z', 'age': 11}, 'phone': '09-862-992', 'cell': '049-378-45-93', 'id': {'name': 'HETU', 'value': 'NaNNA293undefined'}, 'picture': {'large': 'https://randomuser.me/api/portraits/men/14.jpg', 'medium': 'https://randomuser.me/api/portraits/med/men/14.jpg', 'thumbnail': 'https://randomuser.me/api/portraits/thumb/men/14.jpg'}, 'nat': 'FI'}</msg>
<arg>${json_data['results'][0]}</arg>
<doc>Logs the given message with the given level.</doc>
<status status="PASS" start="2024-05-26T03:15:32.975459" elapsed="0.000409"/>
</kw>
<kw name="Log" owner="BuiltIn">
<msg time="2024-05-26T03:15:32.976333" level="INFO">login</msg>
<arg>${key}</arg>
<doc>Logs the given message with the given level.</doc>
<status status="PASS" start="2024-05-26T03:15:32.976207" elapsed="0.000163"/>
</kw>
<var name="${key}">login</var>
<status status="PASS" start="2024-05-26T03:15:32.974624" elapsed="0.001985"/>
</iter>
<var>${key}</var>
<value>@{expected_keys}</value>
<status status="PASS" start="2024-05-26T03:15:32.965862" elapsed="0.010873"/>
</for>
<kw name="Create List" owner="BuiltIn">
<msg time="2024-05-26T03:15:32.977070" level="INFO">${expected_keysTwo} = ['username', 'password']</msg>
<var>${expected_keysTwo}</var>
<arg>username</arg>
<arg>password</arg>
<doc>Returns a list containing given items.</doc>
<status status="PASS" start="2024-05-26T03:15:32.976934" elapsed="0.000160"/>
</kw>
<for flavor="IN">
<iter>
<kw name="Dictionary Should Contain Key" owner="Collections">
<msg time="2024-05-26T03:15:32.977970" level="INFO">False</msg>
<arg>${json_data['results'][0]['login']}</arg>
<arg>${keyTwo}</arg>
<doc>Fails if ``key`` is not found from ``dictionary``.</doc>
<status status="PASS" start="2024-05-26T03:15:32.977591" elapsed="0.000415"/>
</kw>
<kw name="Dictionary Should Contain Key" owner="Collections">
<msg time="2024-05-26T03:15:32.978689" level="INFO">False</msg>
<arg>${json_data['results'][0]['login']}</arg>
<arg>${keyTwo}</arg>
<doc>Fails if ``key`` is not found from ``dictionary``.</doc>
<status status="PASS" start="2024-05-26T03:15:32.978306" elapsed="0.000419"/>
</kw>
<kw name="Log" owner="BuiltIn">
<msg time="2024-05-26T03:15:32.979142" level="INFO">username</msg>
<arg>${keyTwo}</arg>
<doc>Logs the given message with the given level.</doc>
<status status="PASS" start="2024-05-26T03:15:32.979016" elapsed="0.000163"/>
</kw>
<var name="${keyTwo}">username</var>
<status status="PASS" start="2024-05-26T03:15:32.977481" elapsed="0.001912"/>
</iter>
<iter>
<kw name="Dictionary Should Contain Key" owner="Collections">
<msg time="2024-05-26T03:15:32.980080" level="INFO">False</msg>
<arg>${json_data['results'][0]['login']}</arg>
<arg>${keyTwo}</arg>
<doc>Fails if ``key`` is not found from ``dictionary``.</doc>
<status status="PASS" start="2024-05-26T03:15:32.979677" elapsed="0.000441"/>
</kw>
<kw name="Dictionary Should Contain Key" owner="Collections">
<msg time="2024-05-26T03:15:32.980871" level="INFO">False</msg>
<arg>${json_data['results'][0]['login']}</arg>
<arg>${keyTwo}</arg>
<doc>Fails if ``key`` is not found from ``dictionary``.</doc>
<status status="PASS" start="2024-05-26T03:15:32.980418" elapsed="0.000492"/>
</kw>
<kw name="Log" owner="BuiltIn">
<msg time="2024-05-26T03:15:32.981337" level="INFO">password</msg>
<arg>${keyTwo}</arg>
<doc>Logs the given message with the given level.</doc>
<status status="PASS" start="2024-05-26T03:15:32.981209" elapsed="0.000165"/>
</kw>
<var name="${keyTwo}">password</var>
<status status="PASS" start="2024-05-26T03:15:32.979562" elapsed="0.002026"/>
</iter>
<var>${keyTwo}</var>
<value>@{expected_keysTwo}</value>
<status status="PASS" start="2024-05-26T03:15:32.977330" elapsed="0.004380"/>
</for>
<status status="PASS" start="2024-05-26T03:15:32.673926" elapsed="0.307925"/>
</kw>
<doc>Testa a estrutura da resposta da API.</doc>
<tag>testeEstruturaResposta</tag>
<status status="PASS" start="2024-05-26T03:15:32.673290" elapsed="0.308718"/>
</test>
<test id="s1-s1-t4" name="Validar tipos de dados" line="28">
<kw name="Teste de Tipos de Dados" owner="random-user-service">
<kw name="GET On Session" owner="RequestsLibrary">
<msg time="2024-05-26T03:15:33.085061" level="INFO">GET Request : url=https://randomuser.me/api 
 path_url=/api 
 headers={'User-Agent': 'python-requests/2.32.2', 'Accept-Encoding': 'gzip, deflate', 'Accept': '*/*', 'Connection': 'keep-alive'} 
 body=None 
 </msg>
<msg time="2024-05-26T03:15:33.085172" level="INFO">GET Response : url=https://randomuser.me/api 
 status=200, reason=OK 
 headers={'Date': 'Sun, 26 May 2024 03:15:33 GMT', 'Content-Type': 'application/json; charset=utf-8', 'Transfer-Encoding': 'chunked', 'Connection': 'keep-alive', 'X-Powered-By': 'Express', 'Access-Control-Allow-Origin': '*', 'Cache-Control': 'no-cache', 'ETag': 'W/"4bf-JY23YFVgjLFHjCS1RH42K2WlPoY"', 'Vary': 'Accept-Encoding', 'Content-Encoding': 'gzip', 'CF-Cache-Status': 'DYNAMIC', 'Report-To': '{"endpoints":[{"url":"https:\\/\\/a.nel.cloudflare.com\\/report\\/v4?s=ERgMKnb5mFD%2FDtGP2rDyiQDMjneXx%2FBRsax1aHJYCbMRg47DmtJBVUwhHOWe2HYPCqYIQiQNV5MHEzKGnsY8lymtYpY4DIS3HKRU%2BEcBk9M4l8xspPcBR3kPeyBenAGH"}],"group":"cf-nel","max_age":604800}', 'NEL': '{"success_fraction":0,"report_to":"cf-nel","max_age":604800}', 'Server': 'cloudflare', 'CF-RAY': '889a99f32ba5155d-SJC', 'alt-svc': 'h3=":443"; ma=86400'} 
 body={"results":[{"gender":"female","name":{"title":"Ms","first":"María del Carmen","last":"Guzmán"},"location":{"street":{"number":7318,"name":"Callejón Zamora"},"city":"Temascalcingo","state":"San Luis Potosí","country":"Mexico","postcode":93728,"coordinates":{"latitude":"29.9621","longitude":"162.4171"},"timezone":{"offset":"+5:30","description":"Bombay, Calcutta, Madras, New Delhi"}},"email":"mariadelcarmen.guzman@example.com","login":{"uuid":"a6bbb4db-e5f1-441a-b3cb-74e39a2538c0","username":"sadladybug339","password":"sheila","salt":"w7gqfQ0m","md5":"a7a3a2d3a8a76c1ddc51e374593adcc1","sha1":"9dde50bee5fdc11f425927dff764691e66345330","sha256":"757898ce321f0c683b894ab52c46acb85e0135c84679b689c388f7f145e86233"},"dob":{"date":"1997-02-16T12:13:28.370Z","age":27},"registered":{"date":"2006-03-19T14:18:16.098Z","age":18},"phone":"(661) 325 7064","cell":"(642) 639 5641","id":{"name":"NSS","value":"21 80 37 7641 1"},"picture":{"large":"https://randomuser.me/api/portraits/women/55.jpg","medium":"https://randomuser.me/api/portraits/med/women/55.jpg","thumbnail":"https://randomuser.me/api/portraits/thumb/women/55.jpg"},"nat":"MX"}],"info":{"seed":"22c882b283ebae2b","results":1,"page":1,"version":"1.4"}} 
 </msg>
<msg time="2024-05-26T03:15:33.085259" level="INFO">/opt/hostedtoolcache/Python/3.12.3/x64/lib/python3.12/site-packages/urllib3/connectionpool.py:1103: InsecureRequestWarning: Unverified HTTPS request is being made to host 'randomuser.me'. Adding certificate verification is strongly advised. See: https://urllib3.readthedocs.io/en/latest/advanced-usage.html#tls-warnings
  warnings.warn(</msg>
<msg time="2024-05-26T03:15:33.085402" level="INFO">${response} = &lt;Response [200]&gt;</msg>
<var>${response}</var>
<arg>consultarAPI</arg>
<arg>/api</arg>
<doc>Sends a GET request on a previously created HTTP Session.</doc>
<status status="PASS" start="2024-05-26T03:15:32.984599" elapsed="0.100851"/>
</kw>
<kw name="Set Variable" owner="BuiltIn">
<msg time="2024-05-26T03:15:33.086635" level="INFO">${json_data} = {'results': [{'gender': 'female', 'name': {'title': 'Ms', 'first': 'María del Carmen', 'last': 'Guzmán'}, 'location': {'street': {'number': 7318, 'name': 'Callejón Zamora'}, 'city': 'Temascalcingo', '...</msg>
<var>${json_data}</var>
<arg>${response.json()}</arg>
<doc>Returns the given values which can then be assigned to a variables.</doc>
<status status="PASS" start="2024-05-26T03:15:33.086074" elapsed="0.000592"/>
</kw>
<kw name="Log" owner="BuiltIn">
<msg time="2024-05-26T03:15:33.087138" level="INFO">{'results': [{'gender': 'female', 'name': {'title': 'Ms', 'first': 'María del Carmen', 'last': 'Guzmán'}, 'location': {'street': {'number': 7318, 'name': 'Callejón Zamora'}, 'city': 'Temascalcingo', 'state': 'San Luis Potosí', 'country': 'Mexico', 'postcode': 93728, 'coordinates': {'latitude': '29.9621', 'longitude': '162.4171'}, 'timezone': {'offset': '+5:30', 'description': 'Bombay, Calcutta, Madras, New Delhi'}}, 'email': 'mariadelcarmen.guzman@example.com', 'login': {'uuid': 'a6bbb4db-e5f1-441a-b3cb-74e39a2538c0', 'username': 'sadladybug339', 'password': 'sheila', 'salt': 'w7gqfQ0m', 'md5': 'a7a3a2d3a8a76c1ddc51e374593adcc1', 'sha1': '9dde50bee5fdc11f425927dff764691e66345330', 'sha256': '757898ce321f0c683b894ab52c46acb85e0135c84679b689c388f7f145e86233'}, 'dob': {'date': '1997-02-16T12:13:28.370Z', 'age': 27}, 'registered': {'date': '2006-03-19T14:18:16.098Z', 'age': 18}, 'phone': '(661) 325 7064', 'cell': '(642) 639 5641', 'id': {'name': 'NSS', 'value': '21 80 37 7641 1'}, 'picture': {'large': 'https://randomuser.me/api/portraits/women/55.jpg', 'medium': 'https://randomuser.me/api/portraits/med/women/55.jpg', 'thumbnail': 'https://randomuser.me/api/portraits/thumb/women/55.jpg'}, 'nat': 'MX'}], 'info': {'seed': '22c882b283ebae2b', 'results': 1, 'page': 1, 'version': '1.4'}}</msg>
<arg>${json_data}</arg>
<doc>Logs the given message with the given level.</doc>
<status status="PASS" start="2024-05-26T03:15:33.086974" elapsed="0.000250"/>
</kw>
<kw name="Should Be String" owner="String">
<arg>${json_data['results'][0]['gender']}</arg>
<doc>Fails if the given ``item`` is not a string.</doc>
<status status="PASS" start="2024-05-26T03:15:33.087528" elapsed="0.000408"/>
</kw>
<kw name="Should Match Regexp" owner="BuiltIn">
<arg>${json_data['results'][0]['email']}</arg>
<arg>^[a-zA-Z0-9._%+-]+@[a-zA-Z0-9.-]+\.[a-zA-Z]{2,}$</arg>
<doc>Fails if ``string`` does not match ``pattern`` as a regular expression.</doc>
<status status="PASS" start="2024-05-26T03:15:33.088155" elapsed="0.000531"/>
</kw>
<kw name="Should Match Regexp" owner="BuiltIn">
<arg>${json_data['results'][0]['dob']['date']}</arg>
<arg>\\d{4}-\\d{2}-\\d{2}T\\d{2}:\\d{2}:\\d{2}\\.\\d{3}Z</arg>
<doc>Fails if ``string`` does not match ``pattern`` as a regular expression.</doc>
<status status="PASS" start="2024-05-26T03:15:33.088884" elapsed="0.000479"/>
</kw>
<kw name="Should Match Regexp" owner="BuiltIn">
<arg>${json_data['results'][0]['registered']['date']}</arg>
<arg>\\d{4}-\\d{2}-\\d{2}T\\d{2}:\\d{2}:\\d{2}\\.\\d{3}Z</arg>
<doc>Fails if ``string`` does not match ``pattern`` as a regular expression.</doc>
<status status="PASS" start="2024-05-26T03:15:33.089555" elapsed="0.000360"/>
</kw>
<kw name="Should Match Regexp" owner="BuiltIn">
<arg>${json_data['results'][0]['picture']['large']}</arg>
<arg>^https?://.*\.(?:png|jpe?g|gif|bmp)$</arg>
<doc>Fails if ``string`` does not match ``pattern`` as a regular expression.</doc>
<status status="PASS" start="2024-05-26T03:15:33.090099" elapsed="0.000461"/>
</kw>
<kw name="Should Match Regexp" owner="BuiltIn">
<arg>${json_data['results'][0]['picture']['medium']}</arg>
<arg>^https?://.*\.(?:png|jpe?g|gif|bmp)$</arg>
<doc>Fails if ``string`` does not match ``pattern`` as a regular expression.</doc>
<status status="PASS" start="2024-05-26T03:15:33.090751" elapsed="0.000352"/>
</kw>
<kw name="Should Match Regexp" owner="BuiltIn">
<arg>${json_data['results'][0]['picture']['thumbnail']}</arg>
<arg>^https?://.*\.(?:png|jpe?g|gif|bmp)$</arg>
<doc>Fails if ``string`` does not match ``pattern`` as a regular expression.</doc>
<status status="PASS" start="2024-05-26T03:15:33.091288" elapsed="0.000346"/>
</kw>
<kw name="Log" owner="BuiltIn">
<msg time="2024-05-26T03:15:33.092180" level="INFO">{'large': 'https://randomuser.me/api/portraits/women/55.jpg', 'medium': 'https://randomuser.me/api/portraits/med/women/55.jpg', 'thumbnail': 'https://randomuser.me/api/portraits/thumb/women/55.jpg'}</msg>
<arg>${json_data['results'][0]['picture']}</arg>
<doc>Logs the given message with the given level.</doc>
<status status="PASS" start="2024-05-26T03:15:33.091826" elapsed="0.000396"/>
</kw>
<status status="PASS" start="2024-05-26T03:15:32.984370" elapsed="0.108112"/>
</kw>
<kw name="Teste de Tipos de Dados - Postcode" owner="random-user-service">
<kw name="GET On Session" owner="RequestsLibrary">
<msg time="2024-05-26T03:15:33.186139" level="INFO">GET Request : url=https://randomuser.me/api 
 path_url=/api 
 headers={'User-Agent': 'python-requests/2.32.2', 'Accept-Encoding': 'gzip, deflate', 'Accept': '*/*', 'Connection': 'keep-alive'} 
 body=None 
 </msg>
<msg time="2024-05-26T03:15:33.186248" level="INFO">GET Response : url=https://randomuser.me/api 
 status=200, reason=OK 
 headers={'Date': 'Sun, 26 May 2024 03:15:33 GMT', 'Content-Type': 'application/json; charset=utf-8', 'Transfer-Encoding': 'chunked', 'Connection': 'keep-alive', 'X-Powered-By': 'Express', 'Access-Control-Allow-Origin': '*', 'Cache-Control': 'no-cache', 'ETag': 'W/"4a4-Kld339DScxDvEhJg5TuL9CIZNbw"', 'Vary': 'Accept-Encoding', 'Content-Encoding': 'gzip', 'CF-Cache-Status': 'DYNAMIC', 'Report-To': '{"endpoints":[{"url":"https:\\/\\/a.nel.cloudflare.com\\/report\\/v4?s=nL0ZI0LBME%2BOYEiS2Uqw15PLtMr8GpcU%2BiAmyPzEDnara9ZvJ7mG0bq%2F%2FtpJ9ObcmJomNgPQustSSgViuwMdAkCpNJLYu4O9MWb%2B7peWgBtNciSfIhngFA59SQh%2FwTdJ"}],"group":"cf-nel","max_age":604800}', 'NEL': '{"success_fraction":0,"report_to":"cf-nel","max_age":604800}', 'Server': 'cloudflare', 'CF-RAY': '889a99f3dc01155d-SJC', 'alt-svc': 'h3=":443"; ma=86400'} 
 body={"results":[{"gender":"female","name":{"title":"Ms","first":"Debbie","last":"Wagner"},"location":{"street":{"number":2702,"name":"Samaritan Dr"},"city":"Brisbane","state":"Western Australia","country":"Australia","postcode":4740,"coordinates":{"latitude":"-86.8639","longitude":"108.3716"},"timezone":{"offset":"-5:00","description":"Eastern Time (US &amp; Canada), Bogota, Lima"}},"email":"debbie.wagner@example.com","login":{"uuid":"3eb34b3e-9ad6-408f-ae4d-6994243fa047","username":"ticklishgoose657","password":"droopy","salt":"OZzdG0j5","md5":"19ae7ac741205e40d007cc5c99044566","sha1":"c0fbc3e95c4c8cb4ddb836bd5cfdb3301f85ff25","sha256":"8ed8707adb5fb0143abd551a7f062859a2f42f6b4bc724d12becc85d0c79f1fa"},"dob":{"date":"1979-05-31T20:34:31.405Z","age":44},"registered":{"date":"2008-01-24T19:51:25.760Z","age":16},"phone":"02-2960-2441","cell":"0458-359-971","id":{"name":"TFN","value":"851826337"},"picture":{"large":"https://randomuser.me/api/portraits/women/14.jpg","medium":"https://randomuser.me/api/portraits/med/women/14.jpg","thumbnail":"https://randomuser.me/api/portraits/thumb/women/14.jpg"},"nat":"AU"}],"info":{"seed":"580c08307f868fc5","results":1,"page":1,"version":"1.4"}} 
 </msg>
<msg time="2024-05-26T03:15:33.186330" level="INFO">/opt/hostedtoolcache/Python/3.12.3/x64/lib/python3.12/site-packages/urllib3/connectionpool.py:1103: InsecureRequestWarning: Unverified HTTPS request is being made to host 'randomuser.me'. Adding certificate verification is strongly advised. See: https://urllib3.readthedocs.io/en/latest/advanced-usage.html#tls-warnings
  warnings.warn(</msg>
<msg time="2024-05-26T03:15:33.186469" level="INFO">${response} = &lt;Response [200]&gt;</msg>
<var>${response}</var>
<arg>consultarAPI</arg>
<arg>/api</arg>
<doc>Sends a GET request on a previously created HTTP Session.</doc>
<status status="PASS" start="2024-05-26T03:15:33.092954" elapsed="0.093564"/>
</kw>
<kw name="Set Variable" owner="BuiltIn">
<msg time="2024-05-26T03:15:33.187774" level="INFO">${json_data} = {'results': [{'gender': 'female', 'name': {'title': 'Ms', 'first': 'Debbie', 'last': 'Wagner'}, 'location': {'street': {'number': 2702, 'name': 'Samaritan Dr'}, 'city': 'Brisbane', 'state': 'Western A...</msg>
<var>${json_data}</var>
<arg>${response.json()}</arg>
<doc>Returns the given values which can then be assigned to a variables.</doc>
<status status="PASS" start="2024-05-26T03:15:33.187164" elapsed="0.000639"/>
</kw>
<kw name="Log" owner="BuiltIn">
<msg time="2024-05-26T03:15:33.188318" level="INFO">{'results': [{'gender': 'female', 'name': {'title': 'Ms', 'first': 'Debbie', 'last': 'Wagner'}, 'location': {'street': {'number': 2702, 'name': 'Samaritan Dr'}, 'city': 'Brisbane', 'state': 'Western Australia', 'country': 'Australia', 'postcode': 4740, 'coordinates': {'latitude': '-86.8639', 'longitude': '108.3716'}, 'timezone': {'offset': '-5:00', 'description': 'Eastern Time (US &amp; Canada), Bogota, Lima'}}, 'email': 'debbie.wagner@example.com', 'login': {'uuid': '3eb34b3e-9ad6-408f-ae4d-6994243fa047', 'username': 'ticklishgoose657', 'password': 'droopy', 'salt': 'OZzdG0j5', 'md5': '19ae7ac741205e40d007cc5c99044566', 'sha1': 'c0fbc3e95c4c8cb4ddb836bd5cfdb3301f85ff25', 'sha256': '8ed8707adb5fb0143abd551a7f062859a2f42f6b4bc724d12becc85d0c79f1fa'}, 'dob': {'date': '1979-05-31T20:34:31.405Z', 'age': 44}, 'registered': {'date': '2008-01-24T19:51:25.760Z', 'age': 16}, 'phone': '02-2960-2441', 'cell': '0458-359-971', 'id': {'name': 'TFN', 'value': '851826337'}, 'picture': {'large': 'https://randomuser.me/api/portraits/women/14.jpg', 'medium': 'https://randomuser.me/api/portraits/med/women/14.jpg', 'thumbnail': 'https://randomuser.me/api/portraits/thumb/women/14.jpg'}, 'nat': 'AU'}], 'info': {'seed': '580c08307f868fc5', 'results': 1, 'page': 1, 'version': '1.4'}}</msg>
<arg>${json_data}</arg>
<doc>Logs the given message with the given level.</doc>
<status status="PASS" start="2024-05-26T03:15:33.188162" elapsed="0.000242"/>
</kw>
<kw name="Should Be Equal As Numbers" owner="BuiltIn">
<arg>${json_data['results'][0]['location']['postcode']}</arg>
<arg>${json_data['results'][0]['location']['postcode']}</arg>
<doc>Fails if objects are unequal after converting them to real numbers.</doc>
<status status="PASS" start="2024-05-26T03:15:33.188712" elapsed="0.000788"/>
</kw>
<kw name="Log" owner="BuiltIn">
<msg time="2024-05-26T03:15:33.190039" level="INFO">4740</msg>
<arg>${json_data['results'][0]['location']['postcode']}</arg>
<doc>Logs the given message with the given level.</doc>
<status status="PASS" start="2024-05-26T03:15:33.189695" elapsed="0.000385"/>
</kw>
<status status="PASS" start="2024-05-26T03:15:33.092716" elapsed="0.097622"/>
</kw>
<doc>Testa se os tipos de dados na resposta da API estão corretos.</doc>
<tag>testeTiposDados</tag>
<status status="PASS" start="2024-05-26T03:15:32.983784" elapsed="0.206725"/>
</test>
<test id="s1-s1-t5" name="Validar conteudo" line="35">
<kw name="Teste de Tipos de Conteudo" owner="random-user-service">
<kw name="GET On Session" owner="RequestsLibrary">
<msg time="2024-05-26T03:15:33.279489" level="INFO">GET Request : url=https://randomuser.me/api 
 path_url=/api 
 headers={'User-Agent': 'python-requests/2.32.2', 'Accept-Encoding': 'gzip, deflate', 'Accept': '*/*', 'Connection': 'keep-alive'} 
 body=None 
 </msg>
<msg time="2024-05-26T03:15:33.279604" level="INFO">GET Response : url=https://randomuser.me/api 
 status=200, reason=OK 
 headers={'Date': 'Sun, 26 May 2024 03:15:33 GMT', 'Content-Type': 'application/json; charset=utf-8', 'Transfer-Encoding': 'chunked', 'Connection': 'keep-alive', 'X-Powered-By': 'Express', 'Access-Control-Allow-Origin': '*', 'Cache-Control': 'no-cache', 'ETag': 'W/"49e-VxkG5JKjINPSVGn6fv0y7oMtGzY"', 'Vary': 'Accept-Encoding', 'Content-Encoding': 'gzip', 'CF-Cache-Status': 'DYNAMIC', 'Report-To': '{"endpoints":[{"url":"https:\\/\\/a.nel.cloudflare.com\\/report\\/v4?s=rxX4elWspIw6%2B2nW5QklfP1x%2FRycGu7iM099k0QLk8m6K4qTAIjoFQg0rPujeh1uyiaPJIGkNhHC9yECwAZJ1fWqvn3nQlheKTK%2BZT6vSiFnDzvP2WQFiJVCmomvONbI"}],"group":"cf-nel","max_age":604800}', 'NEL': '{"success_fraction":0,"report_to":"cf-nel","max_age":604800}', 'Server': 'cloudflare', 'CF-RAY': '889a99f47c48155d-SJC', 'alt-svc': 'h3=":443"; ma=86400'} 
 body={"results":[{"gender":"male","name":{"title":"Mr","first":"سام","last":"کامروا"},"location":{"street":{"number":3859,"name":"پاسداران"},"city":"نیشابور","state":"آذربایجان شرقی","country":"Iran","postcode":50898,"coordinates":{"latitude":"15.0427","longitude":"-114.5753"},"timezone":{"offset":"-6:00","description":"Central Time (US &amp; Canada), Mexico City"}},"email":"sm.khmrw@example.com","login":{"uuid":"6d36fc07-416c-4748-82fe-28444acea101","username":"yellowswan265","password":"bian","salt":"rexVDrGq","md5":"f6e669b865cc24aaeb1180590cb2c599","sha1":"2283491058803ea8e5a0090b986b44c330e4eed9","sha256":"bcbaf994353731f3d862c5e32a1dd5806b1845dcf459a5b809f8bf12d25aa946"},"dob":{"date":"1973-11-05T08:51:08.757Z","age":50},"registered":{"date":"2008-01-16T05:19:54.578Z","age":16},"phone":"026-79610193","cell":"0943-153-8980","id":{"name":"","value":null},"picture":{"large":"https://randomuser.me/api/portraits/men/26.jpg","medium":"https://randomuser.me/api/portraits/med/men/26.jpg","thumbnail":"https://randomuser.me/api/portraits/thumb/men/26.jpg"},"nat":"IR"}],"info":{"seed":"ea1d9b62d5e2a02b","results":1,"page":1,"version":"1.4"}} 
 </msg>
<msg time="2024-05-26T03:15:33.279691" level="INFO">/opt/hostedtoolcache/Python/3.12.3/x64/lib/python3.12/site-packages/urllib3/connectionpool.py:1103: InsecureRequestWarning: Unverified HTTPS request is being made to host 'randomuser.me'. Adding certificate verification is strongly advised. See: https://urllib3.readthedocs.io/en/latest/advanced-usage.html#tls-warnings
  warnings.warn(</msg>
<msg time="2024-05-26T03:15:33.279829" level="INFO">${response} = &lt;Response [200]&gt;</msg>
<var>${response}</var>
<arg>consultarAPI</arg>
<arg>/api</arg>
<doc>Sends a GET request on a previously created HTTP Session.</doc>
<status status="PASS" start="2024-05-26T03:15:33.193759" elapsed="0.086150"/>
</kw>
<kw name="Set Variable" owner="BuiltIn">
<msg time="2024-05-26T03:15:33.281128" level="INFO">${json_data} = {'results': [{'gender': 'male', 'name': {'title': 'Mr', 'first': 'سام', 'last': 'کامروا'}, 'location': {'street': {'number': 3859, 'name': 'پاسداران'}, 'city': 'نیشابور', 'state': 'آذربایجان شرقی', 'c...</msg>
<var>${json_data}</var>
<arg>${response.json()}</arg>
<doc>Returns the given values which can then be assigned to a variables.</doc>
<status status="PASS" start="2024-05-26T03:15:33.280551" elapsed="0.000608"/>
</kw>
<kw name="Set Variable" owner="BuiltIn">
<msg time="2024-05-26T03:15:33.281894" level="INFO">${name_title} = Mr</msg>
<var>${name_title}</var>
<arg>${json_data["results"][0]["name"]["title"]}</arg>
<doc>Returns the given values which can then be assigned to a variables.</doc>
<status status="PASS" start="2024-05-26T03:15:33.281478" elapsed="0.000442"/>
</kw>
<kw name="Create List" owner="BuiltIn">
<msg time="2024-05-26T03:15:33.282378" level="INFO">${allowed_titles} = ['Mr', 'Ms', 'Miss', 'Mrs', 'Madame', 'Monsieur']</msg>
<var>${allowed_titles}</var>
<arg>Mr</arg>
<arg>Ms</arg>
<arg>Miss</arg>
<arg>Mrs</arg>
<arg>Madame</arg>
<arg>Monsieur</arg>
<doc>Returns a list containing given items.</doc>
<status status="PASS" start="2024-05-26T03:15:33.282229" elapsed="0.000174"/>
</kw>
<kw name="List Should Contain Value" owner="Collections">
<msg time="2024-05-26T03:15:33.282881" level="INFO">False</msg>
<arg>${allowed_titles}</arg>
<arg>${name_title}</arg>
<doc>Fails if the ``value`` is not found from ``list``.</doc>
<status status="PASS" start="2024-05-26T03:15:33.282706" elapsed="0.000212"/>
</kw>
<kw name="Set Variable" owner="BuiltIn">
<msg time="2024-05-26T03:15:33.283581" level="INFO">${name_country} = IR</msg>
<var>${name_country}</var>
<arg>${json_data["results"][0]["nat"]}</arg>
<doc>Returns the given values which can then be assigned to a variables.</doc>
<status status="PASS" start="2024-05-26T03:15:33.283206" elapsed="0.000400"/>
</kw>
<kw name="Create List" owner="BuiltIn">
<msg time="2024-05-26T03:15:33.284549" level="INFO">${list_country} = ['AD', 'AE', 'AF', 'AG', 'AI', 'AL', 'AM', 'AO', 'AQ', 'AR', 'AS', 'AT', 'AU', 'AW', 'AX', 'AZ', 'BA', 'BB', 'BD', 'BE', 'BF', 'BG', 'BH', 'BI', 'BJ', 'BL', 'BM', 'BN', 'BO', 'BQ', 'BR', 'BS', 'BT', '...</msg>
<var>${list_country}</var>
<arg>AD</arg>
<arg>AE</arg>
<arg>AF</arg>
<arg>AG</arg>
<arg>AI</arg>
<arg>AL</arg>
<arg>AM</arg>
<arg>AO</arg>
<arg>AQ</arg>
<arg>AR</arg>
<arg>AS</arg>
<arg>AT</arg>
<arg>AU</arg>
<arg>AW</arg>
<arg>AX</arg>
<arg>AZ</arg>
<arg>BA</arg>
<arg>BB</arg>
<arg>BD</arg>
<arg>BE</arg>
<arg>BF</arg>
<arg>BG</arg>
<arg>BH</arg>
<arg>BI</arg>
<arg>BJ</arg>
<arg>BL</arg>
<arg>BM</arg>
<arg>BN</arg>
<arg>BO</arg>
<arg>BQ</arg>
<arg>BR</arg>
<arg>BS</arg>
<arg>BT</arg>
<arg>BV</arg>
<arg>BW</arg>
<arg>BY</arg>
<arg>BZ</arg>
<arg>CA</arg>
<arg>CC</arg>
<arg>CD</arg>
<arg>CF</arg>
<arg>CG</arg>
<arg>CH</arg>
<arg>CI</arg>
<arg>CK</arg>
<arg>CL</arg>
<arg>CM</arg>
<arg>CN</arg>
<arg>CO</arg>
<arg>CR</arg>
<arg>CU</arg>
<arg>CV</arg>
<arg>CW</arg>
<arg>CX</arg>
<arg>CY</arg>
<arg>CZ</arg>
<arg>DE</arg>
<arg>DJ</arg>
<arg>DK</arg>
<arg>DM</arg>
<arg>DO</arg>
<arg>DZ</arg>
<arg>EC</arg>
<arg>EE</arg>
<arg>EG</arg>
<arg>EH</arg>
<arg>ER</arg>
<arg>ES</arg>
<arg>ET</arg>
<arg>FI</arg>
<arg>FJ</arg>
<arg>FK</arg>
<arg>FM</arg>
<arg>FO</arg>
<arg>FR</arg>
<arg>GA</arg>
<arg>GB</arg>
<arg>GD</arg>
<arg>GE</arg>
<arg>GF</arg>
<arg>GG</arg>
<arg>GH</arg>
<arg>GI</arg>
<arg>GL</arg>
<arg>GM</arg>
<arg>GN</arg>
<arg>GP</arg>
<arg>GQ</arg>
<arg>GR</arg>
<arg>GS</arg>
<arg>GT</arg>
<arg>GU</arg>
<arg>GW</arg>
<arg>GY</arg>
<arg>HK</arg>
<arg>HM</arg>
<arg>HN</arg>
<arg>HR</arg>
<arg>HT</arg>
<arg>HU</arg>
<arg>ID</arg>
<arg>IE</arg>
<arg>IL</arg>
<arg>IM</arg>
<arg>IN</arg>
<arg>IO</arg>
<arg>IQ</arg>
<arg>IR</arg>
<arg>IS</arg>
<arg>IT</arg>
<arg>JE</arg>
<arg>JM</arg>
<arg>JO</arg>
<arg>JP</arg>
<arg>KE</arg>
<arg>KG</arg>
<arg>KH</arg>
<arg>KI</arg>
<arg>KM</arg>
<arg>KN</arg>
<arg>KP</arg>
<arg>KR</arg>
<arg>KW</arg>
<arg>KY</arg>
<arg>KZ</arg>
<arg>LA</arg>
<arg>LB</arg>
<arg>LC</arg>
<arg>LI</arg>
<arg>LK</arg>
<arg>LR</arg>
<arg>LS</arg>
<arg>LT</arg>
<arg>LU</arg>
<arg>LV</arg>
<arg>LY</arg>
<arg>MA</arg>
<arg>MC</arg>
<arg>MD</arg>
<arg>ME</arg>
<arg>MF</arg>
<arg>MG</arg>
<arg>MH</arg>
<arg>MK</arg>
<arg>ML</arg>
<arg>MM</arg>
<arg>MN</arg>
<arg>MO</arg>
<arg>MP</arg>
<arg>MQ</arg>
<arg>MR</arg>
<arg>MS</arg>
<arg>MT</arg>
<arg>MU</arg>
<arg>MV</arg>
<arg>MW</arg>
<arg>MX</arg>
<arg>MY</arg>
<arg>MZ</arg>
<arg>NA</arg>
<arg>NC</arg>
<arg>NE</arg>
<arg>NF</arg>
<arg>NG</arg>
<arg>NI</arg>
<arg>NL</arg>
<arg>NO</arg>
<arg>NP</arg>
<arg>NR</arg>
<arg>NU</arg>
<arg>NZ</arg>
<arg>OM</arg>
<arg>PA</arg>
<arg>PE</arg>
<arg>PF</arg>
<arg>PG</arg>
<arg>PH</arg>
<arg>PK</arg>
<arg>PL</arg>
<arg>PM</arg>
<arg>PN</arg>
<arg>PR</arg>
<arg>PS</arg>
<arg>PT</arg>
<arg>PW</arg>
<arg>PY</arg>
<arg>QA</arg>
<arg>RE</arg>
<arg>RO</arg>
<arg>RS</arg>
<arg>RU</arg>
<arg>RW</arg>
<arg>SA</arg>
<arg>SB</arg>
<arg>SC</arg>
<arg>SD</arg>
<arg>SE</arg>
<arg>SG</arg>
<arg>SH</arg>
<arg>SI</arg>
<arg>SJ</arg>
<arg>SK</arg>
<arg>SL</arg>
<arg>SM</arg>
<arg>SN</arg>
<arg>SO</arg>
<arg>SR</arg>
<arg>SS</arg>
<arg>ST</arg>
<arg>SV</arg>
<arg>SX</arg>
<arg>SY</arg>
<arg>SZ</arg>
<arg>TC</arg>
<arg>TD</arg>
<arg>TF</arg>
<arg>TG</arg>
<arg>TH</arg>
<arg>TJ</arg>
<arg>TK</arg>
<arg>TL</arg>
<arg>TM</arg>
<arg>TN</arg>
<arg>TO</arg>
<arg>TR</arg>
<arg>TT</arg>
<arg>TV</arg>
<arg>TW</arg>
<arg>TZ</arg>
<arg>UA</arg>
<arg>UG</arg>
<arg>UM</arg>
<arg>US</arg>
<arg>UY</arg>
<arg>UZ</arg>
<arg>VA</arg>
<arg>VC</arg>
<arg>VE</arg>
<arg>VG</arg>
<arg>VI</arg>
<arg>VN</arg>
<arg>VU</arg>
<arg>WF</arg>
<arg>WS</arg>
<arg>XK</arg>
<arg>YE</arg>
<arg>YT</arg>
<arg>ZA</arg>
<arg>ZM</arg>
<arg>ZW</arg>
<doc>Returns a list containing given items.</doc>
<status status="PASS" start="2024-05-26T03:15:33.283946" elapsed="0.000629"/>
</kw>
<kw name="List Should Contain Value" owner="Collections">
<msg time="2024-05-26T03:15:33.285573" level="INFO">False</msg>
<arg>${list_country}</arg>
<arg>${name_country}</arg>
<doc>Fails if the ``value`` is not found from ``list``.</doc>
<status status="PASS" start="2024-05-26T03:15:33.285365" elapsed="0.000243"/>
</kw>
<kw name="Run Keyword If" owner="BuiltIn">
<kw name="Should Be True" owner="BuiltIn">
<arg>${True}</arg>
<doc>Fails if the given condition is not true.</doc>
<status status="PASS" start="2024-05-26T03:15:33.286697" elapsed="0.000144"/>
</kw>
<arg>${json_data["results"][0]["location"]["coordinates"]["latitude"]} &gt;= -90 and ${json_data["results"][0]["location"]["coordinates"]["latitude"]} &lt;= 90</arg>
<arg>Should Be True</arg>
<arg>${True}</arg>
<doc>Runs the given keyword with the given arguments, if ``condition`` is true.</doc>
<status status="PASS" start="2024-05-26T03:15:33.285935" elapsed="0.001033"/>
</kw>
<kw name="Run Keyword If" owner="BuiltIn">
<kw name="Should Be True" owner="BuiltIn">
<arg>${True}</arg>
<doc>Fails if the given condition is not true.</doc>
<status status="PASS" start="2024-05-26T03:15:33.287845" elapsed="0.000298"/>
</kw>
<arg>${json_data["results"][0]["location"]["coordinates"]["longitude"]} &gt;= -180 and ${json_data["results"][0]["location"]["coordinates"]["longitude"]} &lt;= 180</arg>
<arg>Should Be True</arg>
<arg>${True}</arg>
<doc>Runs the given keyword with the given arguments, if ``condition`` is true.</doc>
<status status="PASS" start="2024-05-26T03:15:33.287152" elapsed="0.001121"/>
</kw>
<status status="PASS" start="2024-05-26T03:15:33.193384" elapsed="0.095024"/>
</kw>
<doc>Testa o conteúdo específico dos campos retornados pela API.</doc>
<tag>testeConteudo</tag>
<status status="PASS" start="2024-05-26T03:15:33.192674" elapsed="0.095888"/>
</test>
<status status="PASS" start="2024-05-26T03:15:32.040758" elapsed="1.249792"/>
</suite>
<status status="PASS" start="2024-05-26T03:15:32.026489" elapsed="1.269405"/>
</suite>
<statistics>
<total>
<stat pass="5" fail="0" skip="0">All Tests</stat>
</total>
<tag>
<stat pass="1" fail="0" skip="0">testeConteudo</stat>
<stat pass="1" fail="0" skip="0">testeEstruturaResposta</stat>
<stat pass="1" fail="0" skip="0">testeRequisicaoBasica</stat>
<stat pass="1" fail="0" skip="0">testeTiposDados</stat>
</tag>
<suite>
<stat pass="5" fail="0" skip="0" id="s1" name="Tests">Tests</stat>
<stat pass="5" fail="0" skip="0" id="s1-s1" name="Random-User-Test">Tests.Random-User-Test</stat>
</suite>
</statistics>
<errors>
</errors>
</robot>
