<?xml version="1.0" encoding="UTF-8"?>
<robot generator="Robot 7.0 (Python 3.12.3 on linux)" generated="2024-05-27T20:14:41.164391" rpa="false" schemaversion="5">
<suite id="s1" name="Tests" source="/home/runner/work/ApiRandomUser/ApiRandomUser/RamdonUser/tests">
<suite id="s1-s1" name="Random-User-Test" source="/home/runner/work/ApiRandomUser/ApiRandomUser/RamdonUser/tests/random-user-test.robot">
<test id="s1-s1-t1" name="Conectar" line="13">
<kw name="Conectar API" owner="random-user-service">
<kw name="Create Session" owner="RequestsLibrary">
<msg time="2024-05-27T20:14:41.542718" level="INFO">Creating Session using : alias=consultarAPI, url=https://randomuser.me/, headers={},                     cookies={}, auth=None, timeout=None, proxies=None, verify=False,                     debug=0 </msg>
<arg>consultarAPI</arg>
<arg>${URL}</arg>
<doc>Create Session: create a HTTP session to a server</doc>
<status status="PASS" start="2024-05-27T20:14:41.542497" elapsed="0.000387"/>
</kw>
<status status="PASS" start="2024-05-27T20:14:41.541504" elapsed="0.001723"/>
</kw>
<status status="PASS" start="2024-05-27T20:14:41.540954" elapsed="0.002460"/>
</test>
<test id="s1-s1-t2" name="Validar retorno 200 e JSON Válido" line="16">
<kw name="Teste de Requisicao Basica" owner="random-user-service">
<kw name="GET On Session" owner="RequestsLibrary">
<msg time="2024-05-27T20:14:41.657688" level="INFO">GET Request : url=https://randomuser.me/api 
 path_url=/api 
 headers={'User-Agent': 'python-requests/2.32.2', 'Accept-Encoding': 'gzip, deflate', 'Accept': '*/*', 'Connection': 'keep-alive'} 
 body=None 
 </msg>
<msg time="2024-05-27T20:14:41.657841" level="INFO">GET Response : url=https://randomuser.me/api 
 status=200, reason=OK 
 headers={'Date': 'Mon, 27 May 2024 20:14:41 GMT', 'Content-Type': 'application/json; charset=utf-8', 'Transfer-Encoding': 'chunked', 'Connection': 'keep-alive', 'X-Powered-By': 'Express', 'Access-Control-Allow-Origin': '*', 'Cache-Control': 'no-cache', 'ETag': 'W/"485-TKMvuw7clRqBPvL0WBh4PVpZ2ZI"', 'Vary': 'Accept-Encoding', 'Content-Encoding': 'gzip', 'CF-Cache-Status': 'DYNAMIC', 'Report-To': '{"endpoints":[{"url":"https:\\/\\/a.nel.cloudflare.com\\/report\\/v4?s=npzeEz5Gy52zrKaBPdTM1TrXuhqoiZPO68gJhvmXsTl0zPOxIn%2FgY4ZdyQtwccCMRUtK7z8iaHiIFYDFdJtvH8ek4c06ZT30XegTDEBGIUwpA8FnEhtus%2FRi2%2FMgym7f"}],"group":"cf-nel","max_age":604800}', 'NEL': '{"success_fraction":0,"report_to":"cf-nel","max_age":604800}', 'Server': 'cloudflare', 'CF-RAY': '88a8ac35fd0122ec-ORD', 'alt-svc': 'h3=":443"; ma=86400'} 
 body={"results":[{"gender":"female","name":{"title":"Mrs","first":"Malou","last":"Poulsen"},"location":{"street":{"number":4253,"name":"Gurrevej"},"city":"Sundby/Erslev","state":"Danmark","country":"Denmark","postcode":25715,"coordinates":{"latitude":"-39.8277","longitude":"177.7631"},"timezone":{"offset":"+2:00","description":"Kaliningrad, South Africa"}},"email":"malou.poulsen@example.com","login":{"uuid":"9c9864d0-242c-4538-ad9a-6534425ea3eb","username":"purplegoose382","password":"martine","salt":"rhYvmH62","md5":"3337ae1a715955ac18b638e679224773","sha1":"b2fecc29d0d6b0652f3303f89ed9d822fc536c70","sha256":"fd7ac33661783ff4f3f68138036b367f870902873d9cc9c27f04f21a55b54f09"},"dob":{"date":"1958-09-27T15:16:33.815Z","age":65},"registered":{"date":"2007-09-14T16:14:42.736Z","age":16},"phone":"13962876","cell":"53043296","id":{"name":"CPR","value":"270958-2500"},"picture":{"large":"https://randomuser.me/api/portraits/women/25.jpg","medium":"https://randomuser.me/api/portraits/med/women/25.jpg","thumbnail":"https://randomuser.me/api/portraits/thumb/women/25.jpg"},"nat":"DK"}],"info":{"seed":"6a38901f2d1cdc9d","results":1,"page":1,"version":"1.4"}} 
 </msg>
<msg time="2024-05-27T20:14:41.657955" level="INFO">/opt/hostedtoolcache/Python/3.12.3/x64/lib/python3.12/site-packages/urllib3/connectionpool.py:1103: InsecureRequestWarning: Unverified HTTPS request is being made to host 'randomuser.me'. Adding certificate verification is strongly advised. See: https://urllib3.readthedocs.io/en/latest/advanced-usage.html#tls-warnings
  warnings.warn(</msg>
<msg time="2024-05-27T20:14:41.658117" level="INFO">${response} = &lt;Response [200]&gt;</msg>
<var>${response}</var>
<arg>consultarAPI</arg>
<arg>/api</arg>
<doc>Sends a GET request on a previously created HTTP Session.</doc>
<status status="PASS" start="2024-05-27T20:14:41.546066" elapsed="0.112096"/>
</kw>
<kw name="Should Be Equal As Numbers" owner="BuiltIn">
<msg time="2024-05-27T20:14:41.659353" level="INFO">Argument types are:
&lt;class 'int'&gt;
&lt;class 'str'&gt;</msg>
<arg>${response.status_code}</arg>
<arg>200</arg>
<doc>Fails if objects are unequal after converting them to real numbers.</doc>
<status status="PASS" start="2024-05-27T20:14:41.658740" elapsed="0.000713"/>
</kw>
<kw name="Log" owner="BuiltIn">
<msg time="2024-05-27T20:14:41.660499" level="INFO">200</msg>
<arg>${response.status_code}</arg>
<doc>Logs the given message with the given level.</doc>
<status status="PASS" start="2024-05-27T20:14:41.659937" elapsed="0.000642"/>
</kw>
<kw name="Set Variable" owner="BuiltIn">
<msg time="2024-05-27T20:14:41.661758" level="INFO">${json_data} = {'results': [{'gender': 'female', 'name': {'title': 'Mrs', 'first': 'Malou', 'last': 'Poulsen'}, 'location': {'street': {'number': 4253, 'name': 'Gurrevej'}, 'city': 'Sundby/Erslev', 'state': 'Danmark...</msg>
<var>${json_data}</var>
<arg>${response.json()}</arg>
<doc>Returns the given values which can then be assigned to a variables.</doc>
<status status="PASS" start="2024-05-27T20:14:41.661035" elapsed="0.000770"/>
</kw>
<kw name="Dictionary Should Contain Key" owner="Collections">
<msg time="2024-05-27T20:14:41.662501" level="INFO">False</msg>
<arg>${json_data}</arg>
<arg>results</arg>
<doc>Fails if ``key`` is not found from ``dictionary``.</doc>
<status status="PASS" start="2024-05-27T20:14:41.662268" elapsed="0.000503"/>
</kw>
<status status="PASS" start="2024-05-27T20:14:41.545816" elapsed="0.117378"/>
</kw>
<doc>Testa se a API responde corretamente e retorna um objeto JSON válido.</doc>
<tag>testeRequisicaoBasica</tag>
<status status="PASS" start="2024-05-27T20:14:41.545308" elapsed="0.118143"/>
</test>
<test id="s1-s1-t3" name="Validar estrutura de resposta" line="22">
<kw name="Teste de Estrutura de Resposta" owner="random-user-service">
<kw name="GET On Session" owner="RequestsLibrary">
<msg time="2024-05-27T20:14:41.739325" level="INFO">GET Request : url=https://randomuser.me/api 
 path_url=/api 
 headers={'User-Agent': 'python-requests/2.32.2', 'Accept-Encoding': 'gzip, deflate', 'Accept': '*/*', 'Connection': 'keep-alive'} 
 body=None 
 </msg>
<msg time="2024-05-27T20:14:41.739412" level="INFO">GET Response : url=https://randomuser.me/api 
 status=200, reason=OK 
 headers={'Date': 'Mon, 27 May 2024 20:14:41 GMT', 'Content-Type': 'application/json; charset=utf-8', 'Transfer-Encoding': 'chunked', 'Connection': 'keep-alive', 'X-Powered-By': 'Express', 'Access-Control-Allow-Origin': '*', 'Cache-Control': 'no-cache', 'ETag': 'W/"4a8-pIeIrmxXYVh9ntV/CCjpbCabRCI"', 'Vary': 'Accept-Encoding', 'Content-Encoding': 'gzip', 'CF-Cache-Status': 'DYNAMIC', 'Report-To': '{"endpoints":[{"url":"https:\\/\\/a.nel.cloudflare.com\\/report\\/v4?s=IlDX%2F%2FEcNduFm5oqlo7fliDSQJUAh1vQO1agac5dBhy6JODKu2f8mMSXD%2FzBVjHgU%2B0%2BXiuwex6FbhrHh3qnJ66H0HhNTRZIwAMpKSCsSqfjDyy3ooSMzO8RmAA63BT0"}],"group":"cf-nel","max_age":604800}', 'NEL': '{"success_fraction":0,"report_to":"cf-nel","max_age":604800}', 'Server': 'cloudflare', 'CF-RAY': '88a8ac367d9422ec-ORD', 'alt-svc': 'h3=":443"; ma=86400'} 
 body={"results":[{"gender":"female","name":{"title":"Mrs","first":"Isabella","last":"Harris"},"location":{"street":{"number":5125,"name":"Dufferin St"},"city":"Lumsden","state":"British Columbia","country":"Canada","postcode":"I9N 5Y3","coordinates":{"latitude":"-64.3628","longitude":"139.6772"},"timezone":{"offset":"-5:00","description":"Eastern Time (US &amp; Canada), Bogota, Lima"}},"email":"isabella.harris@example.com","login":{"uuid":"86538682-78bd-4b52-acb9-5f74b15f30ae","username":"organicfrog968","password":"philippe","salt":"FQ1Rxl5V","md5":"7e6d73a0cad57611f51306410e21d869","sha1":"fc5d6421f17e097adfa88d2f53985b5d99f63987","sha256":"e5e3c90dcc08f1343975ceff6c0d74e70c3ae3973ef1bb2d4180a6cba67c8b12"},"dob":{"date":"1970-01-30T20:51:03.135Z","age":54},"registered":{"date":"2008-01-17T17:55:35.438Z","age":16},"phone":"C39 F06-9477","cell":"F02 F92-2667","id":{"name":"SIN","value":"094087004"},"picture":{"large":"https://randomuser.me/api/portraits/women/71.jpg","medium":"https://randomuser.me/api/portraits/med/women/71.jpg","thumbnail":"https://randomuser.me/api/portraits/thumb/women/71.jpg"},"nat":"CA"}],"info":{"seed":"de446d8e00f2356d","results":1,"page":1,"version":"1.4"}} 
 </msg>
<msg time="2024-05-27T20:14:41.739535" level="INFO">/opt/hostedtoolcache/Python/3.12.3/x64/lib/python3.12/site-packages/urllib3/connectionpool.py:1103: InsecureRequestWarning: Unverified HTTPS request is being made to host 'randomuser.me'. Adding certificate verification is strongly advised. See: https://urllib3.readthedocs.io/en/latest/advanced-usage.html#tls-warnings
  warnings.warn(</msg>
<msg time="2024-05-27T20:14:41.739660" level="INFO">${response} = &lt;Response [200]&gt;</msg>
<var>${response}</var>
<arg>consultarAPI</arg>
<arg>/api</arg>
<doc>Sends a GET request on a previously created HTTP Session.</doc>
<status status="PASS" start="2024-05-27T20:14:41.667800" elapsed="0.071907"/>
</kw>
<kw name="Set Variable" owner="BuiltIn">
<msg time="2024-05-27T20:14:41.740583" level="INFO">${json_data} = {'results': [{'gender': 'female', 'name': {'title': 'Mrs', 'first': 'Isabella', 'last': 'Harris'}, 'location': {'street': {'number': 5125, 'name': 'Dufferin St'}, 'city': 'Lumsden', 'state': 'British ...</msg>
<var>${json_data}</var>
<arg>${response.json()}</arg>
<doc>Returns the given values which can then be assigned to a variables.</doc>
<status status="PASS" start="2024-05-27T20:14:41.740123" elapsed="0.000490"/>
</kw>
<kw name="Log" owner="BuiltIn">
<msg time="2024-05-27T20:14:41.741079" level="INFO">{'results': [{'gender': 'female', 'name': {'title': 'Mrs', 'first': 'Isabella', 'last': 'Harris'}, 'location': {'street': {'number': 5125, 'name': 'Dufferin St'}, 'city': 'Lumsden', 'state': 'British Columbia', 'country': 'Canada', 'postcode': 'I9N 5Y3', 'coordinates': {'latitude': '-64.3628', 'longitude': '139.6772'}, 'timezone': {'offset': '-5:00', 'description': 'Eastern Time (US &amp; Canada), Bogota, Lima'}}, 'email': 'isabella.harris@example.com', 'login': {'uuid': '86538682-78bd-4b52-acb9-5f74b15f30ae', 'username': 'organicfrog968', 'password': 'philippe', 'salt': 'FQ1Rxl5V', 'md5': '7e6d73a0cad57611f51306410e21d869', 'sha1': 'fc5d6421f17e097adfa88d2f53985b5d99f63987', 'sha256': 'e5e3c90dcc08f1343975ceff6c0d74e70c3ae3973ef1bb2d4180a6cba67c8b12'}, 'dob': {'date': '1970-01-30T20:51:03.135Z', 'age': 54}, 'registered': {'date': '2008-01-17T17:55:35.438Z', 'age': 16}, 'phone': 'C39 F06-9477', 'cell': 'F02 F92-2667', 'id': {'name': 'SIN', 'value': '094087004'}, 'picture': {'large': 'https://randomuser.me/api/portraits/women/71.jpg', 'medium': 'https://randomuser.me/api/portraits/med/women/71.jpg', 'thumbnail': 'https://randomuser.me/api/portraits/thumb/women/71.jpg'}, 'nat': 'CA'}], 'info': {'seed': 'de446d8e00f2356d', 'results': 1, 'page': 1, 'version': '1.4'}}</msg>
<arg>${json_data}</arg>
<doc>Logs the given message with the given level.</doc>
<status status="PASS" start="2024-05-27T20:14:41.740923" elapsed="0.000217"/>
</kw>
<kw name="Dictionary Should Contain Key" owner="Collections">
<msg time="2024-05-27T20:14:41.741594" level="INFO">False</msg>
<arg>${json_data}</arg>
<arg>results</arg>
<doc>Fails if ``key`` is not found from ``dictionary``.</doc>
<status status="PASS" start="2024-05-27T20:14:41.741435" elapsed="0.000196"/>
</kw>
<kw name="Should Not Be Empty" owner="BuiltIn">
<msg time="2024-05-27T20:14:41.742058" level="INFO">Length is 2.</msg>
<arg>${json_data}</arg>
<doc>Verifies that the given item is not empty.</doc>
<status status="PASS" start="2024-05-27T20:14:41.741926" elapsed="0.000171"/>
</kw>
<kw name="Create List" owner="BuiltIn">
<msg time="2024-05-27T20:14:41.742537" level="INFO">${expected_keys} = ['gender', 'name', 'location', 'email', 'login']</msg>
<var>${expected_keys}</var>
<arg>gender</arg>
<arg>name</arg>
<arg>location</arg>
<arg>email</arg>
<arg>login</arg>
<doc>Returns a list containing given items.</doc>
<status status="PASS" start="2024-05-27T20:14:41.742388" elapsed="0.000206"/>
</kw>
<for flavor="IN">
<iter>
<kw name="Dictionary Should Contain Key" owner="Collections">
<msg time="2024-05-27T20:14:41.743610" level="INFO">False</msg>
<arg>${json_data['results'][0]}</arg>
<arg>${key}</arg>
<doc>Fails if ``key`` is not found from ``dictionary``.</doc>
<status status="PASS" start="2024-05-27T20:14:41.743199" elapsed="0.000451"/>
</kw>
<kw name="Log" owner="BuiltIn">
<msg time="2024-05-27T20:14:41.744320" level="INFO">{'gender': 'female', 'name': {'title': 'Mrs', 'first': 'Isabella', 'last': 'Harris'}, 'location': {'street': {'number': 5125, 'name': 'Dufferin St'}, 'city': 'Lumsden', 'state': 'British Columbia', 'country': 'Canada', 'postcode': 'I9N 5Y3', 'coordinates': {'latitude': '-64.3628', 'longitude': '139.6772'}, 'timezone': {'offset': '-5:00', 'description': 'Eastern Time (US &amp; Canada), Bogota, Lima'}}, 'email': 'isabella.harris@example.com', 'login': {'uuid': '86538682-78bd-4b52-acb9-5f74b15f30ae', 'username': 'organicfrog968', 'password': 'philippe', 'salt': 'FQ1Rxl5V', 'md5': '7e6d73a0cad57611f51306410e21d869', 'sha1': 'fc5d6421f17e097adfa88d2f53985b5d99f63987', 'sha256': 'e5e3c90dcc08f1343975ceff6c0d74e70c3ae3973ef1bb2d4180a6cba67c8b12'}, 'dob': {'date': '1970-01-30T20:51:03.135Z', 'age': 54}, 'registered': {'date': '2008-01-17T17:55:35.438Z', 'age': 16}, 'phone': 'C39 F06-9477', 'cell': 'F02 F92-2667', 'id': {'name': 'SIN', 'value': '094087004'}, 'picture': {'large': 'https://randomuser.me/api/portraits/women/71.jpg', 'medium': 'https://randomuser.me/api/portraits/med/women/71.jpg', 'thumbnail': 'https://randomuser.me/api/portraits/thumb/women/71.jpg'}, 'nat': 'CA'}</msg>
<arg>${json_data['results'][0]}</arg>
<doc>Logs the given message with the given level.</doc>
<status status="PASS" start="2024-05-27T20:14:41.743953" elapsed="0.000418"/>
</kw>
<kw name="Log" owner="BuiltIn">
<msg time="2024-05-27T20:14:41.744802" level="INFO">gender</msg>
<arg>${key}</arg>
<doc>Logs the given message with the given level.</doc>
<status status="PASS" start="2024-05-27T20:14:41.744671" elapsed="0.000169"/>
</kw>
<var name="${key}">gender</var>
<status status="PASS" start="2024-05-27T20:14:41.743064" elapsed="0.001992"/>
</iter>
<iter>
<kw name="Dictionary Should Contain Key" owner="Collections">
<msg time="2024-05-27T20:14:41.745742" level="INFO">False</msg>
<arg>${json_data['results'][0]}</arg>
<arg>${key}</arg>
<doc>Fails if ``key`` is not found from ``dictionary``.</doc>
<status status="PASS" start="2024-05-27T20:14:41.745358" elapsed="0.000453"/>
</kw>
<kw name="Log" owner="BuiltIn">
<msg time="2024-05-27T20:14:41.746472" level="INFO">{'gender': 'female', 'name': {'title': 'Mrs', 'first': 'Isabella', 'last': 'Harris'}, 'location': {'street': {'number': 5125, 'name': 'Dufferin St'}, 'city': 'Lumsden', 'state': 'British Columbia', 'country': 'Canada', 'postcode': 'I9N 5Y3', 'coordinates': {'latitude': '-64.3628', 'longitude': '139.6772'}, 'timezone': {'offset': '-5:00', 'description': 'Eastern Time (US &amp; Canada), Bogota, Lima'}}, 'email': 'isabella.harris@example.com', 'login': {'uuid': '86538682-78bd-4b52-acb9-5f74b15f30ae', 'username': 'organicfrog968', 'password': 'philippe', 'salt': 'FQ1Rxl5V', 'md5': '7e6d73a0cad57611f51306410e21d869', 'sha1': 'fc5d6421f17e097adfa88d2f53985b5d99f63987', 'sha256': 'e5e3c90dcc08f1343975ceff6c0d74e70c3ae3973ef1bb2d4180a6cba67c8b12'}, 'dob': {'date': '1970-01-30T20:51:03.135Z', 'age': 54}, 'registered': {'date': '2008-01-17T17:55:35.438Z', 'age': 16}, 'phone': 'C39 F06-9477', 'cell': 'F02 F92-2667', 'id': {'name': 'SIN', 'value': '094087004'}, 'picture': {'large': 'https://randomuser.me/api/portraits/women/71.jpg', 'medium': 'https://randomuser.me/api/portraits/med/women/71.jpg', 'thumbnail': 'https://randomuser.me/api/portraits/thumb/women/71.jpg'}, 'nat': 'CA'}</msg>
<arg>${json_data['results'][0]}</arg>
<doc>Logs the given message with the given level.</doc>
<status status="PASS" start="2024-05-27T20:14:41.746112" elapsed="0.000419"/>
</kw>
<kw name="Log" owner="BuiltIn">
<msg time="2024-05-27T20:14:41.746994" level="INFO">name</msg>
<arg>${key}</arg>
<doc>Logs the given message with the given level.</doc>
<status status="PASS" start="2024-05-27T20:14:41.746865" elapsed="0.000166"/>
</kw>
<var name="${key}">name</var>
<status status="PASS" start="2024-05-27T20:14:41.745244" elapsed="0.002007"/>
</iter>
<iter>
<kw name="Dictionary Should Contain Key" owner="Collections">
<msg time="2024-05-27T20:14:41.747924" level="INFO">False</msg>
<arg>${json_data['results'][0]}</arg>
<arg>${key}</arg>
<doc>Fails if ``key`` is not found from ``dictionary``.</doc>
<status status="PASS" start="2024-05-27T20:14:41.747544" elapsed="0.000418"/>
</kw>
<kw name="Log" owner="BuiltIn">
<msg time="2024-05-27T20:14:41.748640" level="INFO">{'gender': 'female', 'name': {'title': 'Mrs', 'first': 'Isabella', 'last': 'Harris'}, 'location': {'street': {'number': 5125, 'name': 'Dufferin St'}, 'city': 'Lumsden', 'state': 'British Columbia', 'country': 'Canada', 'postcode': 'I9N 5Y3', 'coordinates': {'latitude': '-64.3628', 'longitude': '139.6772'}, 'timezone': {'offset': '-5:00', 'description': 'Eastern Time (US &amp; Canada), Bogota, Lima'}}, 'email': 'isabella.harris@example.com', 'login': {'uuid': '86538682-78bd-4b52-acb9-5f74b15f30ae', 'username': 'organicfrog968', 'password': 'philippe', 'salt': 'FQ1Rxl5V', 'md5': '7e6d73a0cad57611f51306410e21d869', 'sha1': 'fc5d6421f17e097adfa88d2f53985b5d99f63987', 'sha256': 'e5e3c90dcc08f1343975ceff6c0d74e70c3ae3973ef1bb2d4180a6cba67c8b12'}, 'dob': {'date': '1970-01-30T20:51:03.135Z', 'age': 54}, 'registered': {'date': '2008-01-17T17:55:35.438Z', 'age': 16}, 'phone': 'C39 F06-9477', 'cell': 'F02 F92-2667', 'id': {'name': 'SIN', 'value': '094087004'}, 'picture': {'large': 'https://randomuser.me/api/portraits/women/71.jpg', 'medium': 'https://randomuser.me/api/portraits/med/women/71.jpg', 'thumbnail': 'https://randomuser.me/api/portraits/thumb/women/71.jpg'}, 'nat': 'CA'}</msg>
<arg>${json_data['results'][0]}</arg>
<doc>Logs the given message with the given level.</doc>
<status status="PASS" start="2024-05-27T20:14:41.748267" elapsed="0.000424"/>
</kw>
<kw name="Log" owner="BuiltIn">
<msg time="2024-05-27T20:14:41.749114" level="INFO">location</msg>
<arg>${key}</arg>
<doc>Logs the given message with the given level.</doc>
<status status="PASS" start="2024-05-27T20:14:41.748987" elapsed="0.000164"/>
</kw>
<var name="${key}">location</var>
<status status="PASS" start="2024-05-27T20:14:41.747431" elapsed="0.001935"/>
</iter>
<iter>
<kw name="Dictionary Should Contain Key" owner="Collections">
<msg time="2024-05-27T20:14:41.750130" level="INFO">False</msg>
<arg>${json_data['results'][0]}</arg>
<arg>${key}</arg>
<doc>Fails if ``key`` is not found from ``dictionary``.</doc>
<status status="PASS" start="2024-05-27T20:14:41.749649" elapsed="0.000519"/>
</kw>
<kw name="Log" owner="BuiltIn">
<msg time="2024-05-27T20:14:41.750855" level="INFO">{'gender': 'female', 'name': {'title': 'Mrs', 'first': 'Isabella', 'last': 'Harris'}, 'location': {'street': {'number': 5125, 'name': 'Dufferin St'}, 'city': 'Lumsden', 'state': 'British Columbia', 'country': 'Canada', 'postcode': 'I9N 5Y3', 'coordinates': {'latitude': '-64.3628', 'longitude': '139.6772'}, 'timezone': {'offset': '-5:00', 'description': 'Eastern Time (US &amp; Canada), Bogota, Lima'}}, 'email': 'isabella.harris@example.com', 'login': {'uuid': '86538682-78bd-4b52-acb9-5f74b15f30ae', 'username': 'organicfrog968', 'password': 'philippe', 'salt': 'FQ1Rxl5V', 'md5': '7e6d73a0cad57611f51306410e21d869', 'sha1': 'fc5d6421f17e097adfa88d2f53985b5d99f63987', 'sha256': 'e5e3c90dcc08f1343975ceff6c0d74e70c3ae3973ef1bb2d4180a6cba67c8b12'}, 'dob': {'date': '1970-01-30T20:51:03.135Z', 'age': 54}, 'registered': {'date': '2008-01-17T17:55:35.438Z', 'age': 16}, 'phone': 'C39 F06-9477', 'cell': 'F02 F92-2667', 'id': {'name': 'SIN', 'value': '094087004'}, 'picture': {'large': 'https://randomuser.me/api/portraits/women/71.jpg', 'medium': 'https://randomuser.me/api/portraits/med/women/71.jpg', 'thumbnail': 'https://randomuser.me/api/portraits/thumb/women/71.jpg'}, 'nat': 'CA'}</msg>
<arg>${json_data['results'][0]}</arg>
<doc>Logs the given message with the given level.</doc>
<status status="PASS" start="2024-05-27T20:14:41.750473" elapsed="0.000432"/>
</kw>
<kw name="Log" owner="BuiltIn">
<msg time="2024-05-27T20:14:41.751329" level="INFO">email</msg>
<arg>${key}</arg>
<doc>Logs the given message with the given level.</doc>
<status status="PASS" start="2024-05-27T20:14:41.751201" elapsed="0.000165"/>
</kw>
<var name="${key}">email</var>
<status status="PASS" start="2024-05-27T20:14:41.749539" elapsed="0.002038"/>
</iter>
<iter>
<kw name="Dictionary Should Contain Key" owner="Collections">
<msg time="2024-05-27T20:14:41.752244" level="INFO">False</msg>
<arg>${json_data['results'][0]}</arg>
<arg>${key}</arg>
<doc>Fails if ``key`` is not found from ``dictionary``.</doc>
<status status="PASS" start="2024-05-27T20:14:41.751862" elapsed="0.000418"/>
</kw>
<kw name="Log" owner="BuiltIn">
<msg time="2024-05-27T20:14:41.752928" level="INFO">{'gender': 'female', 'name': {'title': 'Mrs', 'first': 'Isabella', 'last': 'Harris'}, 'location': {'street': {'number': 5125, 'name': 'Dufferin St'}, 'city': 'Lumsden', 'state': 'British Columbia', 'country': 'Canada', 'postcode': 'I9N 5Y3', 'coordinates': {'latitude': '-64.3628', 'longitude': '139.6772'}, 'timezone': {'offset': '-5:00', 'description': 'Eastern Time (US &amp; Canada), Bogota, Lima'}}, 'email': 'isabella.harris@example.com', 'login': {'uuid': '86538682-78bd-4b52-acb9-5f74b15f30ae', 'username': 'organicfrog968', 'password': 'philippe', 'salt': 'FQ1Rxl5V', 'md5': '7e6d73a0cad57611f51306410e21d869', 'sha1': 'fc5d6421f17e097adfa88d2f53985b5d99f63987', 'sha256': 'e5e3c90dcc08f1343975ceff6c0d74e70c3ae3973ef1bb2d4180a6cba67c8b12'}, 'dob': {'date': '1970-01-30T20:51:03.135Z', 'age': 54}, 'registered': {'date': '2008-01-17T17:55:35.438Z', 'age': 16}, 'phone': 'C39 F06-9477', 'cell': 'F02 F92-2667', 'id': {'name': 'SIN', 'value': '094087004'}, 'picture': {'large': 'https://randomuser.me/api/portraits/women/71.jpg', 'medium': 'https://randomuser.me/api/portraits/med/women/71.jpg', 'thumbnail': 'https://randomuser.me/api/portraits/thumb/women/71.jpg'}, 'nat': 'CA'}</msg>
<arg>${json_data['results'][0]}</arg>
<doc>Logs the given message with the given level.</doc>
<status status="PASS" start="2024-05-27T20:14:41.752575" elapsed="0.000403"/>
</kw>
<kw name="Log" owner="BuiltIn">
<msg time="2024-05-27T20:14:41.753424" level="INFO">login</msg>
<arg>${key}</arg>
<doc>Logs the given message with the given level.</doc>
<status status="PASS" start="2024-05-27T20:14:41.753268" elapsed="0.000193"/>
</kw>
<var name="${key}">login</var>
<status status="PASS" start="2024-05-27T20:14:41.751750" elapsed="0.001929"/>
</iter>
<var>${key}</var>
<value>@{expected_keys}</value>
<status status="PASS" start="2024-05-27T20:14:41.742879" elapsed="0.010921"/>
</for>
<kw name="Create List" owner="BuiltIn">
<msg time="2024-05-27T20:14:41.754128" level="INFO">${expected_keysTwo} = ['username', 'password']</msg>
<var>${expected_keysTwo}</var>
<arg>username</arg>
<arg>password</arg>
<doc>Returns a list containing given items.</doc>
<status status="PASS" start="2024-05-27T20:14:41.753992" elapsed="0.000160"/>
</kw>
<for flavor="IN">
<iter>
<kw name="Dictionary Should Contain Key" owner="Collections">
<msg time="2024-05-27T20:14:41.755061" level="INFO">False</msg>
<arg>${json_data['results'][0]['login']}</arg>
<arg>${keyTwo}</arg>
<doc>Fails if ``key`` is not found from ``dictionary``.</doc>
<status status="PASS" start="2024-05-27T20:14:41.754678" elapsed="0.000421"/>
</kw>
<kw name="Dictionary Should Contain Key" owner="Collections">
<msg time="2024-05-27T20:14:41.755767" level="INFO">False</msg>
<arg>${json_data['results'][0]['login']}</arg>
<arg>${keyTwo}</arg>
<doc>Fails if ``key`` is not found from ``dictionary``.</doc>
<status status="PASS" start="2024-05-27T20:14:41.755393" elapsed="0.000412"/>
</kw>
<kw name="Log" owner="BuiltIn">
<msg time="2024-05-27T20:14:41.756222" level="INFO">username</msg>
<arg>${keyTwo}</arg>
<doc>Logs the given message with the given level.</doc>
<status status="PASS" start="2024-05-27T20:14:41.756096" elapsed="0.000162"/>
</kw>
<var name="${keyTwo}">username</var>
<status status="PASS" start="2024-05-27T20:14:41.754540" elapsed="0.001932"/>
</iter>
<iter>
<kw name="Dictionary Should Contain Key" owner="Collections">
<msg time="2024-05-27T20:14:41.757150" level="INFO">False</msg>
<arg>${json_data['results'][0]['login']}</arg>
<arg>${keyTwo}</arg>
<doc>Fails if ``key`` is not found from ``dictionary``.</doc>
<status status="PASS" start="2024-05-27T20:14:41.756767" elapsed="0.000420"/>
</kw>
<kw name="Dictionary Should Contain Key" owner="Collections">
<msg time="2024-05-27T20:14:41.757853" level="INFO">False</msg>
<arg>${json_data['results'][0]['login']}</arg>
<arg>${keyTwo}</arg>
<doc>Fails if ``key`` is not found from ``dictionary``.</doc>
<status status="PASS" start="2024-05-27T20:14:41.757481" elapsed="0.000409"/>
</kw>
<kw name="Log" owner="BuiltIn">
<msg time="2024-05-27T20:14:41.758319" level="INFO">password</msg>
<arg>${keyTwo}</arg>
<doc>Logs the given message with the given level.</doc>
<status status="PASS" start="2024-05-27T20:14:41.758182" elapsed="0.000180"/>
</kw>
<var name="${keyTwo}">password</var>
<status status="PASS" start="2024-05-27T20:14:41.756656" elapsed="0.001941"/>
</iter>
<var>${keyTwo}</var>
<value>@{expected_keysTwo}</value>
<status status="PASS" start="2024-05-27T20:14:41.754389" elapsed="0.004333"/>
</for>
<status status="PASS" start="2024-05-27T20:14:41.667424" elapsed="0.091445"/>
</kw>
<doc>Testa a estrutura da resposta da API.</doc>
<tag>testeEstruturaResposta</tag>
<status status="PASS" start="2024-05-27T20:14:41.666704" elapsed="0.092311"/>
</test>
<test id="s1-s1-t4" name="Validar tipos de dados" line="28">
<kw name="Teste de Tipos de Dados" owner="random-user-service">
<kw name="GET On Session" owner="RequestsLibrary">
<msg time="2024-05-27T20:14:41.868221" level="INFO">GET Request : url=https://randomuser.me/api 
 path_url=/api 
 headers={'User-Agent': 'python-requests/2.32.2', 'Accept-Encoding': 'gzip, deflate', 'Accept': '*/*', 'Connection': 'keep-alive'} 
 body=None 
 </msg>
<msg time="2024-05-27T20:14:41.868302" level="INFO">GET Response : url=https://randomuser.me/api 
 status=200, reason=OK 
 headers={'Date': 'Mon, 27 May 2024 20:14:41 GMT', 'Content-Type': 'application/json; charset=utf-8', 'Transfer-Encoding': 'chunked', 'Connection': 'keep-alive', 'X-Powered-By': 'Express', 'Access-Control-Allow-Origin': '*', 'Cache-Control': 'no-cache', 'ETag': 'W/"4ac-vIw0qOH5cy2Jjb6jIYn4tTGxgiE"', 'Vary': 'Accept-Encoding', 'Content-Encoding': 'gzip', 'CF-Cache-Status': 'DYNAMIC', 'Report-To': '{"endpoints":[{"url":"https:\\/\\/a.nel.cloudflare.com\\/report\\/v4?s=fOQPT0%2BYm%2FQSpamHhiQI%2BMS4Z1xdnWiDa%2FknE1ikX2m0lHqyaFimNYbabxGLDc8iGO%2BKAHuAeXhZapvfa0ajr2ZCPitRXGI7PyWndtN54isn6alB9fyLDxiDdOYMMDl%2B"}],"group":"cf-nel","max_age":604800}', 'NEL': '{"success_fraction":0,"report_to":"cf-nel","max_age":604800}', 'Server': 'cloudflare', 'CF-RAY': '88a8ac370e5d22ec-ORD', 'alt-svc': 'h3=":443"; ma=86400'} 
 body={"results":[{"gender":"male","name":{"title":"Mr","first":"Segismundo","last":"da Cunha"},"location":{"street":{"number":1819,"name":"Rua Duque de Caxias "},"city":"Simões Filho","state":"Paraíba","country":"Brazil","postcode":83357,"coordinates":{"latitude":"-73.5684","longitude":"-165.1314"},"timezone":{"offset":"-6:00","description":"Central Time (US &amp; Canada), Mexico City"}},"email":"segismundo.dacunha@example.com","login":{"uuid":"d3325d8d-d055-48f6-a985-f8a45761960c","username":"lazyfrog993","password":"manman","salt":"1dtwI7A6","md5":"8ee5d88ff7ed83cd5a1330222c98389d","sha1":"4259058964b83cbced01271db715a58c8087fd40","sha256":"202e635c17d6830261e3fd110fa29a70953b1e8a499cbcb0e090bb7f17011405"},"dob":{"date":"1974-06-19T05:10:50.342Z","age":49},"registered":{"date":"2014-11-19T18:22:22.248Z","age":9},"phone":"(34) 3064-0788","cell":"(28) 8829-2925","id":{"name":"CPF","value":"408.728.331-05"},"picture":{"large":"https://randomuser.me/api/portraits/men/25.jpg","medium":"https://randomuser.me/api/portraits/med/men/25.jpg","thumbnail":"https://randomuser.me/api/portraits/thumb/men/25.jpg"},"nat":"BR"}],"info":{"seed":"ef372d441ca3a307","results":1,"page":1,"version":"1.4"}} 
 </msg>
<msg time="2024-05-27T20:14:41.868378" level="INFO">/opt/hostedtoolcache/Python/3.12.3/x64/lib/python3.12/site-packages/urllib3/connectionpool.py:1103: InsecureRequestWarning: Unverified HTTPS request is being made to host 'randomuser.me'. Adding certificate verification is strongly advised. See: https://urllib3.readthedocs.io/en/latest/advanced-usage.html#tls-warnings
  warnings.warn(</msg>
<msg time="2024-05-27T20:14:41.868487" level="INFO">${response} = &lt;Response [200]&gt;</msg>
<var>${response}</var>
<arg>consultarAPI</arg>
<arg>/api</arg>
<doc>Sends a GET request on a previously created HTTP Session.</doc>
<status status="PASS" start="2024-05-27T20:14:41.761415" elapsed="0.107111"/>
</kw>
<kw name="Set Variable" owner="BuiltIn">
<msg time="2024-05-27T20:14:41.869488" level="INFO">${json_data} = {'results': [{'gender': 'male', 'name': {'title': 'Mr', 'first': 'Segismundo', 'last': 'da Cunha'}, 'location': {'street': {'number': 1819, 'name': 'Rua Duque de Caxias '}, 'city': 'Simões Filho', 'st...</msg>
<var>${json_data}</var>
<arg>${response.json()}</arg>
<doc>Returns the given values which can then be assigned to a variables.</doc>
<status status="PASS" start="2024-05-27T20:14:41.869021" elapsed="0.000496"/>
</kw>
<kw name="Log" owner="BuiltIn">
<msg time="2024-05-27T20:14:41.869970" level="INFO">{'results': [{'gender': 'male', 'name': {'title': 'Mr', 'first': 'Segismundo', 'last': 'da Cunha'}, 'location': {'street': {'number': 1819, 'name': 'Rua Duque de Caxias '}, 'city': 'Simões Filho', 'state': 'Paraíba', 'country': 'Brazil', 'postcode': 83357, 'coordinates': {'latitude': '-73.5684', 'longitude': '-165.1314'}, 'timezone': {'offset': '-6:00', 'description': 'Central Time (US &amp; Canada), Mexico City'}}, 'email': 'segismundo.dacunha@example.com', 'login': {'uuid': 'd3325d8d-d055-48f6-a985-f8a45761960c', 'username': 'lazyfrog993', 'password': 'manman', 'salt': '1dtwI7A6', 'md5': '8ee5d88ff7ed83cd5a1330222c98389d', 'sha1': '4259058964b83cbced01271db715a58c8087fd40', 'sha256': '202e635c17d6830261e3fd110fa29a70953b1e8a499cbcb0e090bb7f17011405'}, 'dob': {'date': '1974-06-19T05:10:50.342Z', 'age': 49}, 'registered': {'date': '2014-11-19T18:22:22.248Z', 'age': 9}, 'phone': '(34) 3064-0788', 'cell': '(28) 8829-2925', 'id': {'name': 'CPF', 'value': '408.728.331-05'}, 'picture': {'large': 'https://randomuser.me/api/portraits/men/25.jpg', 'medium': 'https://randomuser.me/api/portraits/med/men/25.jpg', 'thumbnail': 'https://randomuser.me/api/portraits/thumb/men/25.jpg'}, 'nat': 'BR'}], 'info': {'seed': 'ef372d441ca3a307', 'results': 1, 'page': 1, 'version': '1.4'}}</msg>
<arg>${json_data}</arg>
<doc>Logs the given message with the given level.</doc>
<status status="PASS" start="2024-05-27T20:14:41.869817" elapsed="0.000235"/>
</kw>
<kw name="Should Be String" owner="String">
<arg>${json_data['results'][0]['gender']}</arg>
<doc>Fails if the given ``item`` is not a string.</doc>
<status status="PASS" start="2024-05-27T20:14:41.870354" elapsed="0.000401"/>
</kw>
<kw name="Should Match Regexp" owner="BuiltIn">
<arg>${json_data['results'][0]['email']}</arg>
<arg>^[a-zA-Z0-9._%+-]+@[a-zA-Z0-9.-]+\.[a-zA-Z]{2,}$</arg>
<doc>Fails if ``string`` does not match ``pattern`` as a regular expression.</doc>
<status status="PASS" start="2024-05-27T20:14:41.870948" elapsed="0.000609"/>
</kw>
<kw name="Should Match Regexp" owner="BuiltIn">
<arg>${json_data['results'][0]['dob']['date']}</arg>
<arg>\\d{4}-\\d{2}-\\d{2}T\\d{2}:\\d{2}:\\d{2}\\.\\d{3}Z</arg>
<doc>Fails if ``string`` does not match ``pattern`` as a regular expression.</doc>
<status status="PASS" start="2024-05-27T20:14:41.871755" elapsed="0.000483"/>
</kw>
<kw name="Should Match Regexp" owner="BuiltIn">
<arg>${json_data['results'][0]['registered']['date']}</arg>
<arg>\\d{4}-\\d{2}-\\d{2}T\\d{2}:\\d{2}:\\d{2}\\.\\d{3}Z</arg>
<doc>Fails if ``string`` does not match ``pattern`` as a regular expression.</doc>
<status status="PASS" start="2024-05-27T20:14:41.872431" elapsed="0.000360"/>
</kw>
<kw name="Should Match Regexp" owner="BuiltIn">
<arg>${json_data['results'][0]['picture']['large']}</arg>
<arg>^https?://.*\.(?:png|jpe?g|gif|bmp)$</arg>
<doc>Fails if ``string`` does not match ``pattern`` as a regular expression.</doc>
<status status="PASS" start="2024-05-27T20:14:41.872976" elapsed="0.000459"/>
</kw>
<kw name="Should Match Regexp" owner="BuiltIn">
<arg>${json_data['results'][0]['picture']['medium']}</arg>
<arg>^https?://.*\.(?:png|jpe?g|gif|bmp)$</arg>
<doc>Fails if ``string`` does not match ``pattern`` as a regular expression.</doc>
<status status="PASS" start="2024-05-27T20:14:41.873623" elapsed="0.000353"/>
</kw>
<kw name="Should Match Regexp" owner="BuiltIn">
<arg>${json_data['results'][0]['picture']['thumbnail']}</arg>
<arg>^https?://.*\.(?:png|jpe?g|gif|bmp)$</arg>
<doc>Fails if ``string`` does not match ``pattern`` as a regular expression.</doc>
<status status="PASS" start="2024-05-27T20:14:41.874162" elapsed="0.000340"/>
</kw>
<kw name="Log" owner="BuiltIn">
<msg time="2024-05-27T20:14:41.875030" level="INFO">{'large': 'https://randomuser.me/api/portraits/men/25.jpg', 'medium': 'https://randomuser.me/api/portraits/med/men/25.jpg', 'thumbnail': 'https://randomuser.me/api/portraits/thumb/men/25.jpg'}</msg>
<arg>${json_data['results'][0]['picture']}</arg>
<doc>Logs the given message with the given level.</doc>
<status status="PASS" start="2024-05-27T20:14:41.874706" elapsed="0.000365"/>
</kw>
<status status="PASS" start="2024-05-27T20:14:41.761191" elapsed="0.114130"/>
</kw>
<kw name="Teste de Tipos de Dados - Postcode" owner="random-user-service">
<kw name="GET On Session" owner="RequestsLibrary">
<msg time="2024-05-27T20:14:41.940283" level="INFO">GET Request : url=https://randomuser.me/api 
 path_url=/api 
 headers={'User-Agent': 'python-requests/2.32.2', 'Accept-Encoding': 'gzip, deflate', 'Accept': '*/*', 'Connection': 'keep-alive'} 
 body=None 
 </msg>
<msg time="2024-05-27T20:14:41.940344" level="INFO">GET Response : url=https://randomuser.me/api 
 status=200, reason=OK 
 headers={'Date': 'Mon, 27 May 2024 20:14:41 GMT', 'Content-Type': 'application/json; charset=utf-8', 'Transfer-Encoding': 'chunked', 'Connection': 'keep-alive', 'X-Powered-By': 'Express', 'Access-Control-Allow-Origin': '*', 'Cache-Control': 'no-cache', 'ETag': 'W/"49c-sxPZISUwywOSlWsxb+o6KF3fJB4"', 'Vary': 'Accept-Encoding', 'Content-Encoding': 'gzip', 'CF-Cache-Status': 'DYNAMIC', 'Report-To': '{"endpoints":[{"url":"https:\\/\\/a.nel.cloudflare.com\\/report\\/v4?s=B4prslbjOuQ5oXWYA6D1ScRl%2Bq%2Ft%2FhSXcpIzrMsSEvihj9KObsW7EIAsFXb%2B5Qu56lFMdDcHjBHLRO%2BatXN1WQcB4HtBEaUiYXS2zBDcZHLLGLoQvwCU2ye8JlZ4J3GX"}],"group":"cf-nel","max_age":604800}', 'NEL': '{"success_fraction":0,"report_to":"cf-nel","max_age":604800}', 'Server': 'cloudflare', 'CF-RAY': '88a8ac37bf4e22ec-ORD', 'alt-svc': 'h3=":443"; ma=86400'} 
 body={"results":[{"gender":"male","name":{"title":"Mr","first":"Ilija","last":"Zdravković"},"location":{"street":{"number":3545,"name":"Jovana Gojkovića"},"city":"Priboj","state":"Kosovo-Pomoravlje","country":"Serbia","postcode":73220,"coordinates":{"latitude":"62.6174","longitude":"-173.5493"},"timezone":{"offset":"+4:00","description":"Abu Dhabi, Muscat, Baku, Tbilisi"}},"email":"ilija.zdravkovic@example.com","login":{"uuid":"5f955a3b-9269-41dc-91f3-c13ff2938d20","username":"whiteelephant783","password":"bayern","salt":"MkyLe1UJ","md5":"c29c839b0195b8f22a5ec92a889e8bd8","sha1":"43f8fbf69eca0768c91ee850056a57ece32a2aa4","sha256":"45cd878de13b3b8423d74480bc19046076c911619728bcae14ebd6d9d0bbe3fa"},"dob":{"date":"1949-07-05T16:07:43.800Z","age":74},"registered":{"date":"2006-06-02T03:15:25.907Z","age":17},"phone":"031-5258-105","cell":"067-2452-315","id":{"name":"SID","value":"093243776"},"picture":{"large":"https://randomuser.me/api/portraits/men/94.jpg","medium":"https://randomuser.me/api/portraits/med/men/94.jpg","thumbnail":"https://randomuser.me/api/portraits/thumb/men/94.jpg"},"nat":"RS"}],"info":{"seed":"8299b941212b89fe","results":1,"page":1,"version":"1.4"}} 
 </msg>
<msg time="2024-05-27T20:14:41.940400" level="INFO">/opt/hostedtoolcache/Python/3.12.3/x64/lib/python3.12/site-packages/urllib3/connectionpool.py:1103: InsecureRequestWarning: Unverified HTTPS request is being made to host 'randomuser.me'. Adding certificate verification is strongly advised. See: https://urllib3.readthedocs.io/en/latest/advanced-usage.html#tls-warnings
  warnings.warn(</msg>
<msg time="2024-05-27T20:14:41.940481" level="INFO">${response} = &lt;Response [200]&gt;</msg>
<var>${response}</var>
<arg>consultarAPI</arg>
<arg>/api</arg>
<doc>Sends a GET request on a previously created HTTP Session.</doc>
<status status="PASS" start="2024-05-27T20:14:41.875742" elapsed="0.064776"/>
</kw>
<kw name="Set Variable" owner="BuiltIn">
<msg time="2024-05-27T20:14:41.941321" level="INFO">${json_data} = {'results': [{'gender': 'male', 'name': {'title': 'Mr', 'first': 'Ilija', 'last': 'Zdravković'}, 'location': {'street': {'number': 3545, 'name': 'Jovana Gojkovića'}, 'city': 'Priboj', 'state': 'Kosovo...</msg>
<var>${json_data}</var>
<arg>${response.json()}</arg>
<doc>Returns the given values which can then be assigned to a variables.</doc>
<status status="PASS" start="2024-05-27T20:14:41.940870" elapsed="0.000481"/>
</kw>
<kw name="Log" owner="BuiltIn">
<msg time="2024-05-27T20:14:41.941804" level="INFO">{'results': [{'gender': 'male', 'name': {'title': 'Mr', 'first': 'Ilija', 'last': 'Zdravković'}, 'location': {'street': {'number': 3545, 'name': 'Jovana Gojkovića'}, 'city': 'Priboj', 'state': 'Kosovo-Pomoravlje', 'country': 'Serbia', 'postcode': 73220, 'coordinates': {'latitude': '62.6174', 'longitude': '-173.5493'}, 'timezone': {'offset': '+4:00', 'description': 'Abu Dhabi, Muscat, Baku, Tbilisi'}}, 'email': 'ilija.zdravkovic@example.com', 'login': {'uuid': '5f955a3b-9269-41dc-91f3-c13ff2938d20', 'username': 'whiteelephant783', 'password': 'bayern', 'salt': 'MkyLe1UJ', 'md5': 'c29c839b0195b8f22a5ec92a889e8bd8', 'sha1': '43f8fbf69eca0768c91ee850056a57ece32a2aa4', 'sha256': '45cd878de13b3b8423d74480bc19046076c911619728bcae14ebd6d9d0bbe3fa'}, 'dob': {'date': '1949-07-05T16:07:43.800Z', 'age': 74}, 'registered': {'date': '2006-06-02T03:15:25.907Z', 'age': 17}, 'phone': '031-5258-105', 'cell': '067-2452-315', 'id': {'name': 'SID', 'value': '093243776'}, 'picture': {'large': 'https://randomuser.me/api/portraits/men/94.jpg', 'medium': 'https://randomuser.me/api/portraits/med/men/94.jpg', 'thumbnail': 'https://randomuser.me/api/portraits/thumb/men/94.jpg'}, 'nat': 'RS'}], 'info': {'seed': '8299b941212b89fe', 'results': 1, 'page': 1, 'version': '1.4'}}</msg>
<arg>${json_data}</arg>
<doc>Logs the given message with the given level.</doc>
<status status="PASS" start="2024-05-27T20:14:41.941651" elapsed="0.000242"/>
</kw>
<kw name="Should Be Equal As Numbers" owner="BuiltIn">
<arg>${json_data['results'][0]['location']['postcode']}</arg>
<arg>${json_data['results'][0]['location']['postcode']}</arg>
<doc>Fails if objects are unequal after converting them to real numbers.</doc>
<status status="PASS" start="2024-05-27T20:14:41.942195" elapsed="0.000662"/>
</kw>
<kw name="Log" owner="BuiltIn">
<msg time="2024-05-27T20:14:41.943390" level="INFO">73220</msg>
<arg>${json_data['results'][0]['location']['postcode']}</arg>
<doc>Logs the given message with the given level.</doc>
<status status="PASS" start="2024-05-27T20:14:41.943053" elapsed="0.000377"/>
</kw>
<status status="PASS" start="2024-05-27T20:14:41.875524" elapsed="0.068156"/>
</kw>
<doc>Testa se os tipos de dados na resposta da API estão corretos.</doc>
<tag>testeTiposDados</tag>
<status status="PASS" start="2024-05-27T20:14:41.760745" elapsed="0.183097"/>
</test>
<test id="s1-s1-t5" name="Validar conteudo" line="35">
<kw name="Teste de Tipos de Conteudo" owner="random-user-service">
<kw name="GET On Session" owner="RequestsLibrary">
<msg time="2024-05-27T20:14:42.046008" level="INFO">GET Request : url=https://randomuser.me/api 
 path_url=/api 
 headers={'User-Agent': 'python-requests/2.32.2', 'Accept-Encoding': 'gzip, deflate', 'Accept': '*/*', 'Connection': 'keep-alive'} 
 body=None 
 </msg>
<msg time="2024-05-27T20:14:42.046094" level="INFO">GET Response : url=https://randomuser.me/api 
 status=200, reason=OK 
 headers={'Date': 'Mon, 27 May 2024 20:14:42 GMT', 'Content-Type': 'application/json; charset=utf-8', 'Transfer-Encoding': 'chunked', 'Connection': 'keep-alive', 'X-Powered-By': 'Express', 'Access-Control-Allow-Origin': '*', 'Cache-Control': 'no-cache', 'ETag': 'W/"48b-m9e34Cc3YE5VK/u+V8WC76+uv7w"', 'Vary': 'Accept-Encoding', 'Content-Encoding': 'gzip', 'CF-Cache-Status': 'DYNAMIC', 'Report-To': '{"endpoints":[{"url":"https:\\/\\/a.nel.cloudflare.com\\/report\\/v4?s=06WuuK6U1IpgjE1GCp%2BtlQO7rbJZ6vXhUmMVzoN8As9um7cUlio0j%2BrI%2FmrKGGt8uk43uBppD19Fr34DlbqwqIpKec96Rva4c1p%2FeVwkdfu4kHgsP%2Bc2drWpQ%2B4zAsaC"}],"group":"cf-nel","max_age":604800}', 'NEL': '{"success_fraction":0,"report_to":"cf-nel","max_age":604800}', 'Server': 'cloudflare', 'CF-RAY': '88a8ac382fe422ec-ORD', 'alt-svc': 'h3=":443"; ma=86400'} 
 body={"results":[{"gender":"female","name":{"title":"Miss","first":"Latife","last":"Özbey"},"location":{"street":{"number":5562,"name":"Necatibey Cd"},"city":"Trabzon","state":"Gümüşhane","country":"Turkey","postcode":77025,"coordinates":{"latitude":"70.6936","longitude":"28.4583"},"timezone":{"offset":"-4:00","description":"Atlantic Time (Canada), Caracas, La Paz"}},"email":"latife.ozbey@example.com","login":{"uuid":"9f2488c5-b7d1-46df-a032-d2ed03717816","username":"blackswan246","password":"clown","salt":"D2fy18za","md5":"660044db4145a04be088cf1b58549d8a","sha1":"dfd1405eaa034a88a09ca34cce3c6faecb0fb7f7","sha256":"9da691ac27b78d82515735c519b5fd42cc1a2408bb9ab48bd788b9a1ce345821"},"dob":{"date":"1997-04-12T15:37:35.409Z","age":27},"registered":{"date":"2019-05-04T12:05:23.532Z","age":5},"phone":"(240)-450-3580","cell":"(167)-913-9569","id":{"name":"","value":null},"picture":{"large":"https://randomuser.me/api/portraits/women/5.jpg","medium":"https://randomuser.me/api/portraits/med/women/5.jpg","thumbnail":"https://randomuser.me/api/portraits/thumb/women/5.jpg"},"nat":"TR"}],"info":{"seed":"e00c3e638d4e4e59","results":1,"page":1,"version":"1.4"}} 
 </msg>
<msg time="2024-05-27T20:14:42.046176" level="INFO">/opt/hostedtoolcache/Python/3.12.3/x64/lib/python3.12/site-packages/urllib3/connectionpool.py:1103: InsecureRequestWarning: Unverified HTTPS request is being made to host 'randomuser.me'. Adding certificate verification is strongly advised. See: https://urllib3.readthedocs.io/en/latest/advanced-usage.html#tls-warnings
  warnings.warn(</msg>
<msg time="2024-05-27T20:14:42.046289" level="INFO">${response} = &lt;Response [200]&gt;</msg>
<var>${response}</var>
<arg>consultarAPI</arg>
<arg>/api</arg>
<doc>Sends a GET request on a previously created HTTP Session.</doc>
<status status="PASS" start="2024-05-27T20:14:41.946211" elapsed="0.100133"/>
</kw>
<kw name="Set Variable" owner="BuiltIn">
<msg time="2024-05-27T20:14:42.047392" level="INFO">${json_data} = {'results': [{'gender': 'female', 'name': {'title': 'Miss', 'first': 'Latife', 'last': 'Özbey'}, 'location': {'street': {'number': 5562, 'name': 'Necatibey Cd'}, 'city': 'Trabzon', 'state': 'Gümüşhane...</msg>
<var>${json_data}</var>
<arg>${response.json()}</arg>
<doc>Returns the given values which can then be assigned to a variables.</doc>
<status status="PASS" start="2024-05-27T20:14:42.046847" elapsed="0.000575"/>
</kw>
<kw name="Set Variable" owner="BuiltIn">
<msg time="2024-05-27T20:14:42.048112" level="INFO">${name_title} = Miss</msg>
<var>${name_title}</var>
<arg>${json_data["results"][0]["name"]["title"]}</arg>
<doc>Returns the given values which can then be assigned to a variables.</doc>
<status status="PASS" start="2024-05-27T20:14:42.047731" elapsed="0.000407"/>
</kw>
<kw name="Create List" owner="BuiltIn">
<msg time="2024-05-27T20:14:42.048585" level="INFO">${allowed_titles} = ['Mr', 'Ms', 'Miss', 'Mrs', 'Madame', 'Monsieur']</msg>
<var>${allowed_titles}</var>
<arg>Mr</arg>
<arg>Ms</arg>
<arg>Miss</arg>
<arg>Mrs</arg>
<arg>Madame</arg>
<arg>Monsieur</arg>
<doc>Returns a list containing given items.</doc>
<status status="PASS" start="2024-05-27T20:14:42.048436" elapsed="0.000173"/>
</kw>
<kw name="List Should Contain Value" owner="Collections">
<msg time="2024-05-27T20:14:42.049082" level="INFO">False</msg>
<arg>${allowed_titles}</arg>
<arg>${name_title}</arg>
<doc>Fails if the ``value`` is not found from ``list``.</doc>
<status status="PASS" start="2024-05-27T20:14:42.048913" elapsed="0.000205"/>
</kw>
<kw name="Set Variable" owner="BuiltIn">
<msg time="2024-05-27T20:14:42.049920" level="INFO">${name_country} = TR</msg>
<var>${name_country}</var>
<arg>${json_data["results"][0]["nat"]}</arg>
<doc>Returns the given values which can then be assigned to a variables.</doc>
<status status="PASS" start="2024-05-27T20:14:42.049417" elapsed="0.000528"/>
</kw>
<kw name="Create List" owner="BuiltIn">
<msg time="2024-05-27T20:14:42.050884" level="INFO">${list_country} = ['AD', 'AE', 'AF', 'AG', 'AI', 'AL', 'AM', 'AO', 'AQ', 'AR', 'AS', 'AT', 'AU', 'AW', 'AX', 'AZ', 'BA', 'BB', 'BD', 'BE', 'BF', 'BG', 'BH', 'BI', 'BJ', 'BL', 'BM', 'BN', 'BO', 'BQ', 'BR', 'BS', 'BT', '...</msg>
<var>${list_country}</var>
<arg>AD</arg>
<arg>AE</arg>
<arg>AF</arg>
<arg>AG</arg>
<arg>AI</arg>
<arg>AL</arg>
<arg>AM</arg>
<arg>AO</arg>
<arg>AQ</arg>
<arg>AR</arg>
<arg>AS</arg>
<arg>AT</arg>
<arg>AU</arg>
<arg>AW</arg>
<arg>AX</arg>
<arg>AZ</arg>
<arg>BA</arg>
<arg>BB</arg>
<arg>BD</arg>
<arg>BE</arg>
<arg>BF</arg>
<arg>BG</arg>
<arg>BH</arg>
<arg>BI</arg>
<arg>BJ</arg>
<arg>BL</arg>
<arg>BM</arg>
<arg>BN</arg>
<arg>BO</arg>
<arg>BQ</arg>
<arg>BR</arg>
<arg>BS</arg>
<arg>BT</arg>
<arg>BV</arg>
<arg>BW</arg>
<arg>BY</arg>
<arg>BZ</arg>
<arg>CA</arg>
<arg>CC</arg>
<arg>CD</arg>
<arg>CF</arg>
<arg>CG</arg>
<arg>CH</arg>
<arg>CI</arg>
<arg>CK</arg>
<arg>CL</arg>
<arg>CM</arg>
<arg>CN</arg>
<arg>CO</arg>
<arg>CR</arg>
<arg>CU</arg>
<arg>CV</arg>
<arg>CW</arg>
<arg>CX</arg>
<arg>CY</arg>
<arg>CZ</arg>
<arg>DE</arg>
<arg>DJ</arg>
<arg>DK</arg>
<arg>DM</arg>
<arg>DO</arg>
<arg>DZ</arg>
<arg>EC</arg>
<arg>EE</arg>
<arg>EG</arg>
<arg>EH</arg>
<arg>ER</arg>
<arg>ES</arg>
<arg>ET</arg>
<arg>FI</arg>
<arg>FJ</arg>
<arg>FK</arg>
<arg>FM</arg>
<arg>FO</arg>
<arg>FR</arg>
<arg>GA</arg>
<arg>GB</arg>
<arg>GD</arg>
<arg>GE</arg>
<arg>GF</arg>
<arg>GG</arg>
<arg>GH</arg>
<arg>GI</arg>
<arg>GL</arg>
<arg>GM</arg>
<arg>GN</arg>
<arg>GP</arg>
<arg>GQ</arg>
<arg>GR</arg>
<arg>GS</arg>
<arg>GT</arg>
<arg>GU</arg>
<arg>GW</arg>
<arg>GY</arg>
<arg>HK</arg>
<arg>HM</arg>
<arg>HN</arg>
<arg>HR</arg>
<arg>HT</arg>
<arg>HU</arg>
<arg>ID</arg>
<arg>IE</arg>
<arg>IL</arg>
<arg>IM</arg>
<arg>IN</arg>
<arg>IO</arg>
<arg>IQ</arg>
<arg>IR</arg>
<arg>IS</arg>
<arg>IT</arg>
<arg>JE</arg>
<arg>JM</arg>
<arg>JO</arg>
<arg>JP</arg>
<arg>KE</arg>
<arg>KG</arg>
<arg>KH</arg>
<arg>KI</arg>
<arg>KM</arg>
<arg>KN</arg>
<arg>KP</arg>
<arg>KR</arg>
<arg>KW</arg>
<arg>KY</arg>
<arg>KZ</arg>
<arg>LA</arg>
<arg>LB</arg>
<arg>LC</arg>
<arg>LI</arg>
<arg>LK</arg>
<arg>LR</arg>
<arg>LS</arg>
<arg>LT</arg>
<arg>LU</arg>
<arg>LV</arg>
<arg>LY</arg>
<arg>MA</arg>
<arg>MC</arg>
<arg>MD</arg>
<arg>ME</arg>
<arg>MF</arg>
<arg>MG</arg>
<arg>MH</arg>
<arg>MK</arg>
<arg>ML</arg>
<arg>MM</arg>
<arg>MN</arg>
<arg>MO</arg>
<arg>MP</arg>
<arg>MQ</arg>
<arg>MR</arg>
<arg>MS</arg>
<arg>MT</arg>
<arg>MU</arg>
<arg>MV</arg>
<arg>MW</arg>
<arg>MX</arg>
<arg>MY</arg>
<arg>MZ</arg>
<arg>NA</arg>
<arg>NC</arg>
<arg>NE</arg>
<arg>NF</arg>
<arg>NG</arg>
<arg>NI</arg>
<arg>NL</arg>
<arg>NO</arg>
<arg>NP</arg>
<arg>NR</arg>
<arg>NU</arg>
<arg>NZ</arg>
<arg>OM</arg>
<arg>PA</arg>
<arg>PE</arg>
<arg>PF</arg>
<arg>PG</arg>
<arg>PH</arg>
<arg>PK</arg>
<arg>PL</arg>
<arg>PM</arg>
<arg>PN</arg>
<arg>PR</arg>
<arg>PS</arg>
<arg>PT</arg>
<arg>PW</arg>
<arg>PY</arg>
<arg>QA</arg>
<arg>RE</arg>
<arg>RO</arg>
<arg>RS</arg>
<arg>RU</arg>
<arg>RW</arg>
<arg>SA</arg>
<arg>SB</arg>
<arg>SC</arg>
<arg>SD</arg>
<arg>SE</arg>
<arg>SG</arg>
<arg>SH</arg>
<arg>SI</arg>
<arg>SJ</arg>
<arg>SK</arg>
<arg>SL</arg>
<arg>SM</arg>
<arg>SN</arg>
<arg>SO</arg>
<arg>SR</arg>
<arg>SS</arg>
<arg>ST</arg>
<arg>SV</arg>
<arg>SX</arg>
<arg>SY</arg>
<arg>SZ</arg>
<arg>TC</arg>
<arg>TD</arg>
<arg>TF</arg>
<arg>TG</arg>
<arg>TH</arg>
<arg>TJ</arg>
<arg>TK</arg>
<arg>TL</arg>
<arg>TM</arg>
<arg>TN</arg>
<arg>TO</arg>
<arg>TR</arg>
<arg>TT</arg>
<arg>TV</arg>
<arg>TW</arg>
<arg>TZ</arg>
<arg>UA</arg>
<arg>UG</arg>
<arg>UM</arg>
<arg>US</arg>
<arg>UY</arg>
<arg>UZ</arg>
<arg>VA</arg>
<arg>VC</arg>
<arg>VE</arg>
<arg>VG</arg>
<arg>VI</arg>
<arg>VN</arg>
<arg>VU</arg>
<arg>WF</arg>
<arg>WS</arg>
<arg>XK</arg>
<arg>YE</arg>
<arg>YT</arg>
<arg>ZA</arg>
<arg>ZM</arg>
<arg>ZW</arg>
<doc>Returns a list containing given items.</doc>
<status status="PASS" start="2024-05-27T20:14:42.050254" elapsed="0.000657"/>
</kw>
<kw name="List Should Contain Value" owner="Collections">
<msg time="2024-05-27T20:14:42.051906" level="INFO">False</msg>
<arg>${list_country}</arg>
<arg>${name_country}</arg>
<doc>Fails if the ``value`` is not found from ``list``.</doc>
<status status="PASS" start="2024-05-27T20:14:42.051700" elapsed="0.000241"/>
</kw>
<kw name="Run Keyword If" owner="BuiltIn">
<kw name="Should Be True" owner="BuiltIn">
<arg>${True}</arg>
<doc>Fails if the given condition is not true.</doc>
<status status="PASS" start="2024-05-27T20:14:42.052991" elapsed="0.000145"/>
</kw>
<arg>${json_data["results"][0]["location"]["coordinates"]["latitude"]} &gt;= -90 and ${json_data["results"][0]["location"]["coordinates"]["latitude"]} &lt;= 90</arg>
<arg>Should Be True</arg>
<arg>${True}</arg>
<doc>Runs the given keyword with the given arguments, if ``condition`` is true.</doc>
<status status="PASS" start="2024-05-27T20:14:42.052254" elapsed="0.001009"/>
</kw>
<kw name="Run Keyword If" owner="BuiltIn">
<kw name="Should Be True" owner="BuiltIn">
<arg>${True}</arg>
<doc>Fails if the given condition is not true.</doc>
<status status="PASS" start="2024-05-27T20:14:42.054145" elapsed="0.000140"/>
</kw>
<arg>${json_data["results"][0]["location"]["coordinates"]["longitude"]} &gt;= -180 and ${json_data["results"][0]["location"]["coordinates"]["longitude"]} &lt;= 180</arg>
<arg>Should Be True</arg>
<arg>${True}</arg>
<doc>Runs the given keyword with the given arguments, if ``condition`` is true.</doc>
<status status="PASS" start="2024-05-27T20:14:42.053447" elapsed="0.000961"/>
</kw>
<status status="PASS" start="2024-05-27T20:14:41.945991" elapsed="0.108544"/>
</kw>
<doc>Testa o conteúdo específico dos campos retornados pela API.</doc>
<tag>testeConteudo</tag>
<status status="PASS" start="2024-05-27T20:14:41.945551" elapsed="0.109177"/>
</test>
<status status="PASS" start="2024-05-27T20:14:41.221634" elapsed="0.834948"/>
</suite>
<status status="PASS" start="2024-05-27T20:14:41.208154" elapsed="0.853532"/>
</suite>
<statistics>
<total>
<stat pass="5" fail="0" skip="0">All Tests</stat>
</total>
<tag>
<stat pass="1" fail="0" skip="0">testeConteudo</stat>
<stat pass="1" fail="0" skip="0">testeEstruturaResposta</stat>
<stat pass="1" fail="0" skip="0">testeRequisicaoBasica</stat>
<stat pass="1" fail="0" skip="0">testeTiposDados</stat>
</tag>
<suite>
<stat pass="5" fail="0" skip="0" id="s1" name="Tests">Tests</stat>
<stat pass="5" fail="0" skip="0" id="s1-s1" name="Random-User-Test">Tests.Random-User-Test</stat>
</suite>
</statistics>
<errors>
</errors>
</robot>
