<?xml version="1.0" encoding="UTF-8"?>
<robot generator="Robot 7.0.1 (Python 3.12.4 on linux)" generated="2024-08-10T05:14:25.072042" rpa="false" schemaversion="5">
<suite id="s1" name="Tests" source="/home/runner/work/ApiRandomUser/ApiRandomUser/RamdonUser/tests">
<suite id="s1-s1" name="Random-User-Test" source="/home/runner/work/ApiRandomUser/ApiRandomUser/RamdonUser/tests/random-user-test.robot">
<test id="s1-s1-t1" name="Conectar" line="13">
<kw name="Conectar API" owner="random-user-service">
<kw name="Create Session" owner="RequestsLibrary">
<msg time="2024-08-10T05:14:25.518001" level="INFO">Creating Session using : alias=consultarAPI, url=https://randomuser.me/, headers={},                     cookies={}, auth=None, timeout=None, proxies=None, verify=False,                     debug=0 </msg>
<arg>consultarAPI</arg>
<arg>${URL}</arg>
<doc>Create Session: create a HTTP session to a server</doc>
<status status="PASS" start="2024-08-10T05:14:25.517799" elapsed="0.000391"/>
</kw>
<status status="PASS" start="2024-08-10T05:14:25.516741" elapsed="0.001830"/>
</kw>
<status status="PASS" start="2024-08-10T05:14:25.516085" elapsed="0.002679"/>
</test>
<test id="s1-s1-t2" name="Validar retorno 200 e JSON Válido" line="16">
<kw name="Teste de Requisicao Basica" owner="random-user-service">
<kw name="GET On Session" owner="RequestsLibrary">
<msg time="2024-08-10T05:14:25.875428" level="INFO">GET Request : url=https://randomuser.me/api 
 path_url=/api 
 headers={'User-Agent': 'python-requests/2.32.3', 'Accept-Encoding': 'gzip, deflate', 'Accept': '*/*', 'Connection': 'keep-alive'} 
 body=None 
 </msg>
<msg time="2024-08-10T05:14:25.875582" level="INFO">GET Response : url=https://randomuser.me/api 
 status=200, reason=OK 
 headers={'Date': 'Sat, 10 Aug 2024 05:14:25 GMT', 'Content-Type': 'application/json; charset=utf-8', 'Transfer-Encoding': 'chunked', 'Connection': 'keep-alive', 'X-Powered-By': 'Express', 'Access-Control-Allow-Origin': '*', 'Cache-Control': 'no-cache', 'ETag': 'W/"4a6-VXXiIU0K/BsPKO06Cg0X8btRs8Y"', 'Vary': 'Accept-Encoding', 'Content-Encoding': 'gzip', 'CF-Cache-Status': 'DYNAMIC', 'Report-To': '{"endpoints":[{"url":"https:\\/\\/a.nel.cloudflare.com\\/report\\/v4?s=veJJwWsK8QH%2FcQBlKi3cSUQnlxvb5v8fS5r%2FP5cAki100T4KkAsFEXkr57HedSGsV%2FKle5NuPXkyPLqyTYTgKwzleFOEaZzOBBU0hSf0NVeqOeITm6xil4yox%2FlGCkdX"}],"group":"cf-nel","max_age":604800}', 'NEL': '{"success_fraction":0,"report_to":"cf-nel","max_age":604800}', 'Server': 'cloudflare', 'CF-RAY': '8b0d8095a8e47ad9-SJC', 'alt-svc': 'h3=":443"; ma=86400'} 
 body={"results":[{"gender":"female","name":{"title":"Miss","first":"Lia","last":"da Rosa"},"location":{"street":{"number":2343,"name":"Rua Santo Antônio "},"city":"Itaquaquecetuba","state":"Pará","country":"Brazil","postcode":45920,"coordinates":{"latitude":"-76.1578","longitude":"63.3734"},"timezone":{"offset":"+9:00","description":"Tokyo, Seoul, Osaka, Sapporo, Yakutsk"}},"email":"lia.darosa@example.com","login":{"uuid":"852e3a69-66c9-4487-b895-87a17e908638","username":"greenleopard508","password":"martina","salt":"yXLrIBCH","md5":"e02d764adb66daeff9d69943233ad83e","sha1":"1a19e206dbbaf5ce6d93930dc9ffb518ae20c4f7","sha256":"25085edc0c594b91026221eb0398e5104e3303944647ab4e8939f21e17b72f6e"},"dob":{"date":"1981-05-26T18:06:31.157Z","age":43},"registered":{"date":"2004-09-13T18:17:18.770Z","age":19},"phone":"(96) 0532-5678","cell":"(96) 5033-2418","id":{"name":"CPF","value":"151.114.777-04"},"picture":{"large":"https://randomuser.me/api/portraits/women/46.jpg","medium":"https://randomuser.me/api/portraits/med/women/46.jpg","thumbnail":"https://randomuser.me/api/portraits/thumb/women/46.jpg"},"nat":"BR"}],"info":{"seed":"701870b0a896a834","results":1,"page":1,"version":"1.4"}} 
 </msg>
<msg time="2024-08-10T05:14:25.875665" level="INFO">/opt/hostedtoolcache/Python/3.12.4/x64/lib/python3.12/site-packages/urllib3/connectionpool.py:1099: InsecureRequestWarning: Unverified HTTPS request is being made to host 'randomuser.me'. Adding certificate verification is strongly advised. See: https://urllib3.readthedocs.io/en/latest/advanced-usage.html#tls-warnings
  warnings.warn(</msg>
<msg time="2024-08-10T05:14:25.875797" level="INFO">${response} = &lt;Response [200]&gt;</msg>
<var>${response}</var>
<arg>consultarAPI</arg>
<arg>/api</arg>
<doc>Sends a GET request on a previously created HTTP Session.</doc>
<status status="PASS" start="2024-08-10T05:14:25.521500" elapsed="0.354337"/>
</kw>
<kw name="Should Be Equal As Numbers" owner="BuiltIn">
<msg time="2024-08-10T05:14:25.876849" level="INFO">Argument types are:
&lt;class 'int'&gt;
&lt;class 'str'&gt;</msg>
<arg>${response.status_code}</arg>
<arg>200</arg>
<doc>Fails if objects are unequal after converting them to real numbers.</doc>
<status status="PASS" start="2024-08-10T05:14:25.876395" elapsed="0.000517"/>
</kw>
<kw name="Log" owner="BuiltIn">
<msg time="2024-08-10T05:14:25.877567" level="INFO">200</msg>
<arg>${response.status_code}</arg>
<doc>Logs the given message with the given level.</doc>
<status status="PASS" start="2024-08-10T05:14:25.877220" elapsed="0.000389"/>
</kw>
<kw name="Set Variable" owner="BuiltIn">
<msg time="2024-08-10T05:14:25.878335" level="INFO">${json_data} = {'results': [{'gender': 'female', 'name': {'title': 'Miss', 'first': 'Lia', 'last': 'da Rosa'}, 'location': {'street': {'number': 2343, 'name': 'Rua Santo Antônio '}, 'city': 'Itaquaquecetuba', 'state...</msg>
<var>${json_data}</var>
<arg>${response.json()}</arg>
<doc>Returns the given values which can then be assigned to a variables.</doc>
<status status="PASS" start="2024-08-10T05:14:25.877906" elapsed="0.000458"/>
</kw>
<kw name="Dictionary Should Contain Key" owner="Collections">
<arg>${json_data}</arg>
<arg>results</arg>
<doc>Fails if ``key`` is not found from ``dictionary``.</doc>
<status status="PASS" start="2024-08-10T05:14:25.878663" elapsed="0.000318"/>
</kw>
<status status="PASS" start="2024-08-10T05:14:25.521247" elapsed="0.357887"/>
</kw>
<doc>Testa se a API responde corretamente e retorna um objeto JSON válido.</doc>
<tag>testeRequisicaoBasica</tag>
<status status="PASS" start="2024-08-10T05:14:25.520675" elapsed="0.358631"/>
</test>
<test id="s1-s1-t3" name="Validar estrutura de resposta" line="22">
<kw name="Teste de Estrutura de Resposta" owner="random-user-service">
<kw name="GET On Session" owner="RequestsLibrary">
<msg time="2024-08-10T05:14:26.018781" level="INFO">GET Request : url=https://randomuser.me/api 
 path_url=/api 
 headers={'User-Agent': 'python-requests/2.32.3', 'Accept-Encoding': 'gzip, deflate', 'Accept': '*/*', 'Connection': 'keep-alive'} 
 body=None 
 </msg>
<msg time="2024-08-10T05:14:26.018861" level="INFO">GET Response : url=https://randomuser.me/api 
 status=200, reason=OK 
 headers={'Date': 'Sat, 10 Aug 2024 05:14:26 GMT', 'Content-Type': 'application/json; charset=utf-8', 'Transfer-Encoding': 'chunked', 'Connection': 'keep-alive', 'X-Powered-By': 'Express', 'Access-Control-Allow-Origin': '*', 'Cache-Control': 'no-cache', 'ETag': 'W/"4a0-bENq4gTZQCmsUti1Z+q1vav8nec"', 'Vary': 'Accept-Encoding', 'Content-Encoding': 'gzip', 'CF-Cache-Status': 'DYNAMIC', 'Report-To': '{"endpoints":[{"url":"https:\\/\\/a.nel.cloudflare.com\\/report\\/v4?s=PyLavLaA3cTk%2FMPyMXVOSdDMpj8eL16fyKvOhRPStlu0mAPn3bCWKAGDkG4FVF%2BBOHNLDjMoulIIswkqUwrGoevW%2BOeb1bV49mdhylEzvuknuKAW9uSsDZNoLb4GnFwN"}],"group":"cf-nel","max_age":604800}', 'NEL': '{"success_fraction":0,"report_to":"cf-nel","max_age":604800}', 'Server': 'cloudflare', 'CF-RAY': '8b0d8097cae07ad9-SJC', 'alt-svc': 'h3=":443"; ma=86400'} 
 body={"results":[{"gender":"male","name":{"title":"Mr","first":"Décio","last":"Teixeira"},"location":{"street":{"number":3968,"name":"Rua Santo Antônio "},"city":"Hortolândia","state":"Distrito Federal","country":"Brazil","postcode":81753,"coordinates":{"latitude":"-76.1012","longitude":"-85.6525"},"timezone":{"offset":"-1:00","description":"Azores, Cape Verde Islands"}},"email":"decio.teixeira@example.com","login":{"uuid":"4f66a53c-2133-4974-b4b1-24e44249d871","username":"sadbutterfly243","password":"daphne","salt":"lhpmLCr0","md5":"33431a616d3d08d50d0c4fa7dc4dab41","sha1":"377f8e1f8a6af5d30a03105cbafdc75ba8aaa94f","sha256":"779d204763d972f8aa6da4c99e226d805524faa711f4653246e4cb1182d77373"},"dob":{"date":"1962-04-27T04:35:12.362Z","age":62},"registered":{"date":"2020-09-01T01:15:41.488Z","age":3},"phone":"(21) 2585-4092","cell":"(48) 1323-2264","id":{"name":"CPF","value":"765.240.056-48"},"picture":{"large":"https://randomuser.me/api/portraits/men/27.jpg","medium":"https://randomuser.me/api/portraits/med/men/27.jpg","thumbnail":"https://randomuser.me/api/portraits/thumb/men/27.jpg"},"nat":"BR"}],"info":{"seed":"69ae9c92ca700a13","results":1,"page":1,"version":"1.4"}} 
 </msg>
<msg time="2024-08-10T05:14:26.018978" level="INFO">/opt/hostedtoolcache/Python/3.12.4/x64/lib/python3.12/site-packages/urllib3/connectionpool.py:1099: InsecureRequestWarning: Unverified HTTPS request is being made to host 'randomuser.me'. Adding certificate verification is strongly advised. See: https://urllib3.readthedocs.io/en/latest/advanced-usage.html#tls-warnings
  warnings.warn(</msg>
<msg time="2024-08-10T05:14:26.019085" level="INFO">${response} = &lt;Response [200]&gt;</msg>
<var>${response}</var>
<arg>consultarAPI</arg>
<arg>/api</arg>
<doc>Sends a GET request on a previously created HTTP Session.</doc>
<status status="PASS" start="2024-08-10T05:14:25.881858" elapsed="0.137265"/>
</kw>
<kw name="Set Variable" owner="BuiltIn">
<msg time="2024-08-10T05:14:26.020055" level="INFO">${json_data} = {'results': [{'gender': 'male', 'name': {'title': 'Mr', 'first': 'Décio', 'last': 'Teixeira'}, 'location': {'street': {'number': 3968, 'name': 'Rua Santo Antônio '}, 'city': 'Hortolândia', 'state': 'D...</msg>
<var>${json_data}</var>
<arg>${response.json()}</arg>
<doc>Returns the given values which can then be assigned to a variables.</doc>
<status status="PASS" start="2024-08-10T05:14:26.019563" elapsed="0.000553"/>
</kw>
<kw name="Log" owner="BuiltIn">
<msg time="2024-08-10T05:14:26.020577" level="INFO">{'results': [{'gender': 'male', 'name': {'title': 'Mr', 'first': 'Décio', 'last': 'Teixeira'}, 'location': {'street': {'number': 3968, 'name': 'Rua Santo Antônio '}, 'city': 'Hortolândia', 'state': 'Distrito Federal', 'country': 'Brazil', 'postcode': 81753, 'coordinates': {'latitude': '-76.1012', 'longitude': '-85.6525'}, 'timezone': {'offset': '-1:00', 'description': 'Azores, Cape Verde Islands'}}, 'email': 'decio.teixeira@example.com', 'login': {'uuid': '4f66a53c-2133-4974-b4b1-24e44249d871', 'username': 'sadbutterfly243', 'password': 'daphne', 'salt': 'lhpmLCr0', 'md5': '33431a616d3d08d50d0c4fa7dc4dab41', 'sha1': '377f8e1f8a6af5d30a03105cbafdc75ba8aaa94f', 'sha256': '779d204763d972f8aa6da4c99e226d805524faa711f4653246e4cb1182d77373'}, 'dob': {'date': '1962-04-27T04:35:12.362Z', 'age': 62}, 'registered': {'date': '2020-09-01T01:15:41.488Z', 'age': 3}, 'phone': '(21) 2585-4092', 'cell': '(48) 1323-2264', 'id': {'name': 'CPF', 'value': '765.240.056-48'}, 'picture': {'large': 'https://randomuser.me/api/portraits/men/27.jpg', 'medium': 'https://randomuser.me/api/portraits/med/men/27.jpg', 'thumbnail': 'https://randomuser.me/api/portraits/thumb/men/27.jpg'}, 'nat': 'BR'}], 'info': {'seed': '69ae9c92ca700a13', 'results': 1, 'page': 1, 'version': '1.4'}}</msg>
<arg>${json_data}</arg>
<doc>Logs the given message with the given level.</doc>
<status status="PASS" start="2024-08-10T05:14:26.020417" elapsed="0.000210"/>
</kw>
<kw name="Dictionary Should Contain Key" owner="Collections">
<arg>${json_data}</arg>
<arg>results</arg>
<doc>Fails if ``key`` is not found from ``dictionary``.</doc>
<status status="PASS" start="2024-08-10T05:14:26.020910" elapsed="0.000161"/>
</kw>
<kw name="Should Not Be Empty" owner="BuiltIn">
<msg time="2024-08-10T05:14:26.021374" level="INFO">Length is 2.</msg>
<arg>${json_data}</arg>
<doc>Verifies that the given item is not empty.</doc>
<status status="PASS" start="2024-08-10T05:14:26.021251" elapsed="0.000159"/>
</kw>
<kw name="Create List" owner="BuiltIn">
<msg time="2024-08-10T05:14:26.021873" level="INFO">${expected_keys} = ['gender', 'name', 'location', 'email', 'login']</msg>
<var>${expected_keys}</var>
<arg>gender</arg>
<arg>name</arg>
<arg>location</arg>
<arg>email</arg>
<arg>login</arg>
<doc>Returns a list containing given items.</doc>
<status status="PASS" start="2024-08-10T05:14:26.021717" elapsed="0.000179"/>
</kw>
<for flavor="IN">
<iter>
<kw name="Dictionary Should Contain Key" owner="Collections">
<arg>${json_data['results'][0]}</arg>
<arg>${key}</arg>
<doc>Fails if ``key`` is not found from ``dictionary``.</doc>
<status status="PASS" start="2024-08-10T05:14:26.022475" elapsed="0.000393"/>
</kw>
<kw name="Log" owner="BuiltIn">
<msg time="2024-08-10T05:14:26.023410" level="INFO">{'gender': 'male', 'name': {'title': 'Mr', 'first': 'Décio', 'last': 'Teixeira'}, 'location': {'street': {'number': 3968, 'name': 'Rua Santo Antônio '}, 'city': 'Hortolândia', 'state': 'Distrito Federal', 'country': 'Brazil', 'postcode': 81753, 'coordinates': {'latitude': '-76.1012', 'longitude': '-85.6525'}, 'timezone': {'offset': '-1:00', 'description': 'Azores, Cape Verde Islands'}}, 'email': 'decio.teixeira@example.com', 'login': {'uuid': '4f66a53c-2133-4974-b4b1-24e44249d871', 'username': 'sadbutterfly243', 'password': 'daphne', 'salt': 'lhpmLCr0', 'md5': '33431a616d3d08d50d0c4fa7dc4dab41', 'sha1': '377f8e1f8a6af5d30a03105cbafdc75ba8aaa94f', 'sha256': '779d204763d972f8aa6da4c99e226d805524faa711f4653246e4cb1182d77373'}, 'dob': {'date': '1962-04-27T04:35:12.362Z', 'age': 62}, 'registered': {'date': '2020-09-01T01:15:41.488Z', 'age': 3}, 'phone': '(21) 2585-4092', 'cell': '(48) 1323-2264', 'id': {'name': 'CPF', 'value': '765.240.056-48'}, 'picture': {'large': 'https://randomuser.me/api/portraits/men/27.jpg', 'medium': 'https://randomuser.me/api/portraits/med/men/27.jpg', 'thumbnail': 'https://randomuser.me/api/portraits/thumb/men/27.jpg'}, 'nat': 'BR'}</msg>
<arg>${json_data['results'][0]}</arg>
<doc>Logs the given message with the given level.</doc>
<status status="PASS" start="2024-08-10T05:14:26.023055" elapsed="0.000404"/>
</kw>
<kw name="Log" owner="BuiltIn">
<msg time="2024-08-10T05:14:26.023877" level="INFO">gender</msg>
<arg>${key}</arg>
<doc>Logs the given message with the given level.</doc>
<status status="PASS" start="2024-08-10T05:14:26.023749" elapsed="0.000165"/>
</kw>
<var name="${key}">gender</var>
<status status="PASS" start="2024-08-10T05:14:26.022341" elapsed="0.001807"/>
</iter>
<iter>
<kw name="Dictionary Should Contain Key" owner="Collections">
<arg>${json_data['results'][0]}</arg>
<arg>${key}</arg>
<doc>Fails if ``key`` is not found from ``dictionary``.</doc>
<status status="PASS" start="2024-08-10T05:14:26.024449" elapsed="0.000380"/>
</kw>
<kw name="Log" owner="BuiltIn">
<msg time="2024-08-10T05:14:26.025390" level="INFO">{'gender': 'male', 'name': {'title': 'Mr', 'first': 'Décio', 'last': 'Teixeira'}, 'location': {'street': {'number': 3968, 'name': 'Rua Santo Antônio '}, 'city': 'Hortolândia', 'state': 'Distrito Federal', 'country': 'Brazil', 'postcode': 81753, 'coordinates': {'latitude': '-76.1012', 'longitude': '-85.6525'}, 'timezone': {'offset': '-1:00', 'description': 'Azores, Cape Verde Islands'}}, 'email': 'decio.teixeira@example.com', 'login': {'uuid': '4f66a53c-2133-4974-b4b1-24e44249d871', 'username': 'sadbutterfly243', 'password': 'daphne', 'salt': 'lhpmLCr0', 'md5': '33431a616d3d08d50d0c4fa7dc4dab41', 'sha1': '377f8e1f8a6af5d30a03105cbafdc75ba8aaa94f', 'sha256': '779d204763d972f8aa6da4c99e226d805524faa711f4653246e4cb1182d77373'}, 'dob': {'date': '1962-04-27T04:35:12.362Z', 'age': 62}, 'registered': {'date': '2020-09-01T01:15:41.488Z', 'age': 3}, 'phone': '(21) 2585-4092', 'cell': '(48) 1323-2264', 'id': {'name': 'CPF', 'value': '765.240.056-48'}, 'picture': {'large': 'https://randomuser.me/api/portraits/men/27.jpg', 'medium': 'https://randomuser.me/api/portraits/med/men/27.jpg', 'thumbnail': 'https://randomuser.me/api/portraits/thumb/men/27.jpg'}, 'nat': 'BR'}</msg>
<arg>${json_data['results'][0]}</arg>
<doc>Logs the given message with the given level.</doc>
<status status="PASS" start="2024-08-10T05:14:26.025008" elapsed="0.000441"/>
</kw>
<kw name="Log" owner="BuiltIn">
<msg time="2024-08-10T05:14:26.025869" level="INFO">name</msg>
<arg>${key}</arg>
<doc>Logs the given message with the given level.</doc>
<status status="PASS" start="2024-08-10T05:14:26.025743" elapsed="0.000162"/>
</kw>
<var name="${key}">name</var>
<status status="PASS" start="2024-08-10T05:14:26.024334" elapsed="0.001783"/>
</iter>
<iter>
<kw name="Dictionary Should Contain Key" owner="Collections">
<arg>${json_data['results'][0]}</arg>
<arg>${key}</arg>
<doc>Fails if ``key`` is not found from ``dictionary``.</doc>
<status status="PASS" start="2024-08-10T05:14:26.026398" elapsed="0.000376"/>
</kw>
<kw name="Log" owner="BuiltIn">
<msg time="2024-08-10T05:14:26.027293" level="INFO">{'gender': 'male', 'name': {'title': 'Mr', 'first': 'Décio', 'last': 'Teixeira'}, 'location': {'street': {'number': 3968, 'name': 'Rua Santo Antônio '}, 'city': 'Hortolândia', 'state': 'Distrito Federal', 'country': 'Brazil', 'postcode': 81753, 'coordinates': {'latitude': '-76.1012', 'longitude': '-85.6525'}, 'timezone': {'offset': '-1:00', 'description': 'Azores, Cape Verde Islands'}}, 'email': 'decio.teixeira@example.com', 'login': {'uuid': '4f66a53c-2133-4974-b4b1-24e44249d871', 'username': 'sadbutterfly243', 'password': 'daphne', 'salt': 'lhpmLCr0', 'md5': '33431a616d3d08d50d0c4fa7dc4dab41', 'sha1': '377f8e1f8a6af5d30a03105cbafdc75ba8aaa94f', 'sha256': '779d204763d972f8aa6da4c99e226d805524faa711f4653246e4cb1182d77373'}, 'dob': {'date': '1962-04-27T04:35:12.362Z', 'age': 62}, 'registered': {'date': '2020-09-01T01:15:41.488Z', 'age': 3}, 'phone': '(21) 2585-4092', 'cell': '(48) 1323-2264', 'id': {'name': 'CPF', 'value': '765.240.056-48'}, 'picture': {'large': 'https://randomuser.me/api/portraits/men/27.jpg', 'medium': 'https://randomuser.me/api/portraits/med/men/27.jpg', 'thumbnail': 'https://randomuser.me/api/portraits/thumb/men/27.jpg'}, 'nat': 'BR'}</msg>
<arg>${json_data['results'][0]}</arg>
<doc>Logs the given message with the given level.</doc>
<status status="PASS" start="2024-08-10T05:14:26.026951" elapsed="0.000390"/>
</kw>
<kw name="Log" owner="BuiltIn">
<msg time="2024-08-10T05:14:26.027762" level="INFO">location</msg>
<arg>${key}</arg>
<doc>Logs the given message with the given level.</doc>
<status status="PASS" start="2024-08-10T05:14:26.027637" elapsed="0.000162"/>
</kw>
<var name="${key}">location</var>
<status status="PASS" start="2024-08-10T05:14:26.026292" elapsed="0.001716"/>
</iter>
<iter>
<kw name="Dictionary Should Contain Key" owner="Collections">
<arg>${json_data['results'][0]}</arg>
<arg>${key}</arg>
<doc>Fails if ``key`` is not found from ``dictionary``.</doc>
<status status="PASS" start="2024-08-10T05:14:26.028309" elapsed="0.000381"/>
</kw>
<kw name="Log" owner="BuiltIn">
<msg time="2024-08-10T05:14:26.029329" level="INFO">{'gender': 'male', 'name': {'title': 'Mr', 'first': 'Décio', 'last': 'Teixeira'}, 'location': {'street': {'number': 3968, 'name': 'Rua Santo Antônio '}, 'city': 'Hortolândia', 'state': 'Distrito Federal', 'country': 'Brazil', 'postcode': 81753, 'coordinates': {'latitude': '-76.1012', 'longitude': '-85.6525'}, 'timezone': {'offset': '-1:00', 'description': 'Azores, Cape Verde Islands'}}, 'email': 'decio.teixeira@example.com', 'login': {'uuid': '4f66a53c-2133-4974-b4b1-24e44249d871', 'username': 'sadbutterfly243', 'password': 'daphne', 'salt': 'lhpmLCr0', 'md5': '33431a616d3d08d50d0c4fa7dc4dab41', 'sha1': '377f8e1f8a6af5d30a03105cbafdc75ba8aaa94f', 'sha256': '779d204763d972f8aa6da4c99e226d805524faa711f4653246e4cb1182d77373'}, 'dob': {'date': '1962-04-27T04:35:12.362Z', 'age': 62}, 'registered': {'date': '2020-09-01T01:15:41.488Z', 'age': 3}, 'phone': '(21) 2585-4092', 'cell': '(48) 1323-2264', 'id': {'name': 'CPF', 'value': '765.240.056-48'}, 'picture': {'large': 'https://randomuser.me/api/portraits/men/27.jpg', 'medium': 'https://randomuser.me/api/portraits/med/men/27.jpg', 'thumbnail': 'https://randomuser.me/api/portraits/thumb/men/27.jpg'}, 'nat': 'BR'}</msg>
<arg>${json_data['results'][0]}</arg>
<doc>Logs the given message with the given level.</doc>
<status status="PASS" start="2024-08-10T05:14:26.028981" elapsed="0.000396"/>
</kw>
<kw name="Log" owner="BuiltIn">
<msg time="2024-08-10T05:14:26.029796" level="INFO">email</msg>
<arg>${key}</arg>
<doc>Logs the given message with the given level.</doc>
<status status="PASS" start="2024-08-10T05:14:26.029667" elapsed="0.000167"/>
</kw>
<var name="${key}">email</var>
<status status="PASS" start="2024-08-10T05:14:26.028203" elapsed="0.001844"/>
</iter>
<iter>
<kw name="Dictionary Should Contain Key" owner="Collections">
<arg>${json_data['results'][0]}</arg>
<arg>${key}</arg>
<doc>Fails if ``key`` is not found from ``dictionary``.</doc>
<status status="PASS" start="2024-08-10T05:14:26.030325" elapsed="0.000366"/>
</kw>
<kw name="Log" owner="BuiltIn">
<msg time="2024-08-10T05:14:26.031214" level="INFO">{'gender': 'male', 'name': {'title': 'Mr', 'first': 'Décio', 'last': 'Teixeira'}, 'location': {'street': {'number': 3968, 'name': 'Rua Santo Antônio '}, 'city': 'Hortolândia', 'state': 'Distrito Federal', 'country': 'Brazil', 'postcode': 81753, 'coordinates': {'latitude': '-76.1012', 'longitude': '-85.6525'}, 'timezone': {'offset': '-1:00', 'description': 'Azores, Cape Verde Islands'}}, 'email': 'decio.teixeira@example.com', 'login': {'uuid': '4f66a53c-2133-4974-b4b1-24e44249d871', 'username': 'sadbutterfly243', 'password': 'daphne', 'salt': 'lhpmLCr0', 'md5': '33431a616d3d08d50d0c4fa7dc4dab41', 'sha1': '377f8e1f8a6af5d30a03105cbafdc75ba8aaa94f', 'sha256': '779d204763d972f8aa6da4c99e226d805524faa711f4653246e4cb1182d77373'}, 'dob': {'date': '1962-04-27T04:35:12.362Z', 'age': 62}, 'registered': {'date': '2020-09-01T01:15:41.488Z', 'age': 3}, 'phone': '(21) 2585-4092', 'cell': '(48) 1323-2264', 'id': {'name': 'CPF', 'value': '765.240.056-48'}, 'picture': {'large': 'https://randomuser.me/api/portraits/men/27.jpg', 'medium': 'https://randomuser.me/api/portraits/med/men/27.jpg', 'thumbnail': 'https://randomuser.me/api/portraits/thumb/men/27.jpg'}, 'nat': 'BR'}</msg>
<arg>${json_data['results'][0]}</arg>
<doc>Logs the given message with the given level.</doc>
<status status="PASS" start="2024-08-10T05:14:26.030867" elapsed="0.000397"/>
</kw>
<kw name="Log" owner="BuiltIn">
<msg time="2024-08-10T05:14:26.031685" level="INFO">login</msg>
<arg>${key}</arg>
<doc>Logs the given message with the given level.</doc>
<status status="PASS" start="2024-08-10T05:14:26.031559" elapsed="0.000163"/>
</kw>
<var name="${key}">login</var>
<status status="PASS" start="2024-08-10T05:14:26.030218" elapsed="0.001719"/>
</iter>
<var>${key}</var>
<value>@{expected_keys}</value>
<status status="PASS" start="2024-08-10T05:14:26.022155" elapsed="0.009900"/>
</for>
<kw name="Create List" owner="BuiltIn">
<msg time="2024-08-10T05:14:26.032437" level="INFO">${expected_keysTwo} = ['username', 'password']</msg>
<var>${expected_keysTwo}</var>
<arg>username</arg>
<arg>password</arg>
<doc>Returns a list containing given items.</doc>
<status status="PASS" start="2024-08-10T05:14:26.032299" elapsed="0.000162"/>
</kw>
<for flavor="IN">
<iter>
<kw name="Dictionary Should Contain Key" owner="Collections">
<arg>${json_data['results'][0]['login']}</arg>
<arg>${keyTwo}</arg>
<doc>Fails if ``key`` is not found from ``dictionary``.</doc>
<status status="PASS" start="2024-08-10T05:14:26.032950" elapsed="0.000379"/>
</kw>
<kw name="Dictionary Should Contain Key" owner="Collections">
<arg>${json_data['results'][0]['login']}</arg>
<arg>${keyTwo}</arg>
<doc>Fails if ``key`` is not found from ``dictionary``.</doc>
<status status="PASS" start="2024-08-10T05:14:26.033505" elapsed="0.000362"/>
</kw>
<kw name="Log" owner="BuiltIn">
<msg time="2024-08-10T05:14:26.034178" level="INFO">username</msg>
<arg>${keyTwo}</arg>
<doc>Logs the given message with the given level.</doc>
<status status="PASS" start="2024-08-10T05:14:26.034045" elapsed="0.000169"/>
</kw>
<var name="${keyTwo}">username</var>
<status status="PASS" start="2024-08-10T05:14:26.032845" elapsed="0.001586"/>
</iter>
<iter>
<kw name="Dictionary Should Contain Key" owner="Collections">
<arg>${json_data['results'][0]['login']}</arg>
<arg>${keyTwo}</arg>
<doc>Fails if ``key`` is not found from ``dictionary``.</doc>
<status status="PASS" start="2024-08-10T05:14:26.034706" elapsed="0.000388"/>
</kw>
<kw name="Dictionary Should Contain Key" owner="Collections">
<arg>${json_data['results'][0]['login']}</arg>
<arg>${keyTwo}</arg>
<doc>Fails if ``key`` is not found from ``dictionary``.</doc>
<status status="PASS" start="2024-08-10T05:14:26.035269" elapsed="0.000368"/>
</kw>
<kw name="Log" owner="BuiltIn">
<msg time="2024-08-10T05:14:26.035941" level="INFO">password</msg>
<arg>${keyTwo}</arg>
<doc>Logs the given message with the given level.</doc>
<status status="PASS" start="2024-08-10T05:14:26.035810" elapsed="0.000167"/>
</kw>
<var name="${keyTwo}">password</var>
<status status="PASS" start="2024-08-10T05:14:26.034601" elapsed="0.001613"/>
</iter>
<var>${keyTwo}</var>
<value>@{expected_keysTwo}</value>
<status status="PASS" start="2024-08-10T05:14:26.032694" elapsed="0.003640"/>
</for>
<status status="PASS" start="2024-08-10T05:14:25.881628" elapsed="0.154845"/>
</kw>
<doc>Testa a estrutura da resposta da API.</doc>
<tag>testeEstruturaResposta</tag>
<status status="PASS" start="2024-08-10T05:14:25.881133" elapsed="0.155494"/>
</test>
<test id="s1-s1-t4" name="Validar tipos de dados" line="28">
<kw name="Teste de Tipos de Dados" owner="random-user-service">
<kw name="GET On Session" owner="RequestsLibrary">
<msg time="2024-08-10T05:14:26.131407" level="INFO">GET Request : url=https://randomuser.me/api 
 path_url=/api 
 headers={'User-Agent': 'python-requests/2.32.3', 'Accept-Encoding': 'gzip, deflate', 'Accept': '*/*', 'Connection': 'keep-alive'} 
 body=None 
 </msg>
<msg time="2024-08-10T05:14:26.131509" level="INFO">GET Response : url=https://randomuser.me/api 
 status=200, reason=OK 
 headers={'Date': 'Sat, 10 Aug 2024 05:14:26 GMT', 'Content-Type': 'application/json; charset=utf-8', 'Transfer-Encoding': 'chunked', 'Connection': 'keep-alive', 'X-Powered-By': 'Express', 'Access-Control-Allow-Origin': '*', 'Cache-Control': 'no-cache', 'ETag': 'W/"492-tE9dleKRWsDxHJbVv5HhvhTMt8c"', 'Vary': 'Accept-Encoding', 'Content-Encoding': 'gzip', 'CF-Cache-Status': 'DYNAMIC', 'Report-To': '{"endpoints":[{"url":"https:\\/\\/a.nel.cloudflare.com\\/report\\/v4?s=giPh6MxMINYbA50kbL5iBw67tLF7L3bZBlcDIeFBYLx1N8vUprljbi2OEfdCyMi8TuIof1A8n3QUnjuYfG7gRAkvZ%2BFcNfQcYegabv9TRIZYBuPvd8th9r0J9rj12p3c"}],"group":"cf-nel","max_age":604800}', 'NEL': '{"success_fraction":0,"report_to":"cf-nel","max_age":604800}', 'Server': 'cloudflare', 'CF-RAY': '8b0d8098cbb97ad9-SJC', 'alt-svc': 'h3=":443"; ma=86400'} 
 body={"results":[{"gender":"female","name":{"title":"Ms","first":"Victoire","last":"Rey"},"location":{"street":{"number":1124,"name":"Rue de L'Abbé-Rousselot"},"city":"Roubaix","state":"Charente-Maritime","country":"France","postcode":15130,"coordinates":{"latitude":"-18.7709","longitude":"165.7158"},"timezone":{"offset":"+4:30","description":"Kabul"}},"email":"victoire.rey@example.com","login":{"uuid":"fdca19c2-0d1c-4542-86dc-5cd7a8a27a5a","username":"smallgoose793","password":"spiral","salt":"ZgVwqjXA","md5":"fa8f45a1a6140f9aff7d93c647dfc8b9","sha1":"a5aee683c1e96a8eadac64611d0371ca720beb97","sha256":"74ece9abfa88ebe80c041797fa9104d4a863ed27a0c6fd1b91f3a9af2d6a1dda"},"dob":{"date":"1990-10-25T19:35:03.015Z","age":33},"registered":{"date":"2012-01-23T15:02:39.499Z","age":12},"phone":"03-61-46-36-53","cell":"06-76-92-96-64","id":{"name":"INSEE","value":"2900943626653 66"},"picture":{"large":"https://randomuser.me/api/portraits/women/65.jpg","medium":"https://randomuser.me/api/portraits/med/women/65.jpg","thumbnail":"https://randomuser.me/api/portraits/thumb/women/65.jpg"},"nat":"FR"}],"info":{"seed":"14e2d4991fc7f3a2","results":1,"page":1,"version":"1.4"}} 
 </msg>
<msg time="2024-08-10T05:14:26.131585" level="INFO">/opt/hostedtoolcache/Python/3.12.4/x64/lib/python3.12/site-packages/urllib3/connectionpool.py:1099: InsecureRequestWarning: Unverified HTTPS request is being made to host 'randomuser.me'. Adding certificate verification is strongly advised. See: https://urllib3.readthedocs.io/en/latest/advanced-usage.html#tls-warnings
  warnings.warn(</msg>
<msg time="2024-08-10T05:14:26.131701" level="INFO">${response} = &lt;Response [200]&gt;</msg>
<var>${response}</var>
<arg>consultarAPI</arg>
<arg>/api</arg>
<doc>Sends a GET request on a previously created HTTP Session.</doc>
<status status="PASS" start="2024-08-10T05:14:26.038982" elapsed="0.092758"/>
</kw>
<kw name="Set Variable" owner="BuiltIn">
<msg time="2024-08-10T05:14:26.132882" level="INFO">${json_data} = {'results': [{'gender': 'female', 'name': {'title': 'Ms', 'first': 'Victoire', 'last': 'Rey'}, 'location': {'street': {'number': 1124, 'name': "Rue de L'Abbé-Rousselot"}, 'city': 'Roubaix', 'state': '...</msg>
<var>${json_data}</var>
<arg>${response.json()}</arg>
<doc>Returns the given values which can then be assigned to a variables.</doc>
<status status="PASS" start="2024-08-10T05:14:26.132314" elapsed="0.000597"/>
</kw>
<kw name="Log" owner="BuiltIn">
<msg time="2024-08-10T05:14:26.133377" level="INFO">{'results': [{'gender': 'female', 'name': {'title': 'Ms', 'first': 'Victoire', 'last': 'Rey'}, 'location': {'street': {'number': 1124, 'name': "Rue de L'Abbé-Rousselot"}, 'city': 'Roubaix', 'state': 'Charente-Maritime', 'country': 'France', 'postcode': 15130, 'coordinates': {'latitude': '-18.7709', 'longitude': '165.7158'}, 'timezone': {'offset': '+4:30', 'description': 'Kabul'}}, 'email': 'victoire.rey@example.com', 'login': {'uuid': 'fdca19c2-0d1c-4542-86dc-5cd7a8a27a5a', 'username': 'smallgoose793', 'password': 'spiral', 'salt': 'ZgVwqjXA', 'md5': 'fa8f45a1a6140f9aff7d93c647dfc8b9', 'sha1': 'a5aee683c1e96a8eadac64611d0371ca720beb97', 'sha256': '74ece9abfa88ebe80c041797fa9104d4a863ed27a0c6fd1b91f3a9af2d6a1dda'}, 'dob': {'date': '1990-10-25T19:35:03.015Z', 'age': 33}, 'registered': {'date': '2012-01-23T15:02:39.499Z', 'age': 12}, 'phone': '03-61-46-36-53', 'cell': '06-76-92-96-64', 'id': {'name': 'INSEE', 'value': '2900943626653 66'}, 'picture': {'large': 'https://randomuser.me/api/portraits/women/65.jpg', 'medium': 'https://randomuser.me/api/portraits/med/women/65.jpg', 'thumbnail': 'https://randomuser.me/api/portraits/thumb/women/65.jpg'}, 'nat': 'FR'}], 'info': {'seed': '14e2d4991fc7f3a2', 'results': 1, 'page': 1, 'version': '1.4'}}</msg>
<arg>${json_data}</arg>
<doc>Logs the given message with the given level.</doc>
<status status="PASS" start="2024-08-10T05:14:26.133214" elapsed="0.000213"/>
</kw>
<kw name="Should Be String" owner="String">
<arg>${json_data['results'][0]['gender']}</arg>
<doc>Fails if the given ``item`` is not a string.</doc>
<status status="PASS" start="2024-08-10T05:14:26.133714" elapsed="0.000353"/>
</kw>
<kw name="Should Match Regexp" owner="BuiltIn">
<arg>${json_data['results'][0]['email']}</arg>
<arg>^[a-zA-Z0-9._%+-]+@[a-zA-Z0-9.-]+\.[a-zA-Z]{2,}$</arg>
<doc>Fails if ``string`` does not match ``pattern`` as a regular expression.</doc>
<status status="PASS" start="2024-08-10T05:14:26.134289" elapsed="0.000513"/>
</kw>
<kw name="Should Match Regexp" owner="BuiltIn">
<arg>${json_data['results'][0]['dob']['date']}</arg>
<arg>\\d{4}-\\d{2}-\\d{2}T\\d{2}:\\d{2}:\\d{2}\\.\\d{3}Z</arg>
<doc>Fails if ``string`` does not match ``pattern`` as a regular expression.</doc>
<status status="PASS" start="2024-08-10T05:14:26.134995" elapsed="0.000615"/>
</kw>
<kw name="Should Match Regexp" owner="BuiltIn">
<arg>${json_data['results'][0]['registered']['date']}</arg>
<arg>\\d{4}-\\d{2}-\\d{2}T\\d{2}:\\d{2}:\\d{2}\\.\\d{3}Z</arg>
<doc>Fails if ``string`` does not match ``pattern`` as a regular expression.</doc>
<status status="PASS" start="2024-08-10T05:14:26.135803" elapsed="0.000405"/>
</kw>
<kw name="Should Match Regexp" owner="BuiltIn">
<arg>${json_data['results'][0]['picture']['large']}</arg>
<arg>^https?://.*\.(?:png|jpe?g|gif|bmp)$</arg>
<doc>Fails if ``string`` does not match ``pattern`` as a regular expression.</doc>
<status status="PASS" start="2024-08-10T05:14:26.136411" elapsed="0.000465"/>
</kw>
<kw name="Should Match Regexp" owner="BuiltIn">
<arg>${json_data['results'][0]['picture']['medium']}</arg>
<arg>^https?://.*\.(?:png|jpe?g|gif|bmp)$</arg>
<doc>Fails if ``string`` does not match ``pattern`` as a regular expression.</doc>
<status status="PASS" start="2024-08-10T05:14:26.137061" elapsed="0.000351"/>
</kw>
<kw name="Should Match Regexp" owner="BuiltIn">
<arg>${json_data['results'][0]['picture']['thumbnail']}</arg>
<arg>^https?://.*\.(?:png|jpe?g|gif|bmp)$</arg>
<doc>Fails if ``string`` does not match ``pattern`` as a regular expression.</doc>
<status status="PASS" start="2024-08-10T05:14:26.137594" elapsed="0.000346"/>
</kw>
<kw name="Log" owner="BuiltIn">
<msg time="2024-08-10T05:14:26.138433" level="INFO">{'large': 'https://randomuser.me/api/portraits/women/65.jpg', 'medium': 'https://randomuser.me/api/portraits/med/women/65.jpg', 'thumbnail': 'https://randomuser.me/api/portraits/thumb/women/65.jpg'}</msg>
<arg>${json_data['results'][0]['picture']}</arg>
<doc>Logs the given message with the given level.</doc>
<status status="PASS" start="2024-08-10T05:14:26.138117" elapsed="0.000358"/>
</kw>
<status status="PASS" start="2024-08-10T05:14:26.038756" elapsed="0.099974"/>
</kw>
<kw name="Teste de Tipos de Dados - Postcode" owner="random-user-service">
<kw name="GET On Session" owner="RequestsLibrary">
<msg time="2024-08-10T05:14:26.224696" level="INFO">GET Request : url=https://randomuser.me/api 
 path_url=/api 
 headers={'User-Agent': 'python-requests/2.32.3', 'Accept-Encoding': 'gzip, deflate', 'Accept': '*/*', 'Connection': 'keep-alive'} 
 body=None 
 </msg>
<msg time="2024-08-10T05:14:26.224786" level="INFO">GET Response : url=https://randomuser.me/api 
 status=200, reason=OK 
 headers={'Date': 'Sat, 10 Aug 2024 05:14:26 GMT', 'Content-Type': 'application/json; charset=utf-8', 'Transfer-Encoding': 'chunked', 'Connection': 'keep-alive', 'X-Powered-By': 'Express', 'Access-Control-Allow-Origin': '*', 'Cache-Control': 'no-cache', 'ETag': 'W/"491-OHs1gn7TFi2WIbJMj163vsCOm7s"', 'Vary': 'Accept-Encoding', 'Content-Encoding': 'gzip', 'CF-Cache-Status': 'DYNAMIC', 'Report-To': '{"endpoints":[{"url":"https:\\/\\/a.nel.cloudflare.com\\/report\\/v4?s=xHGm4%2B7W7XxTl2QSe2AEZJRHWo8rMi0tf38G4frh0ZsHPCFmd492z1J%2FpAf%2BzdCHACCOCXJmciEtSLfRkVcl7u6Cg9eOwOwbKB57OLyYaMd85gbXxUKIgfRxwjn9Yb%2FP"}],"group":"cf-nel","max_age":604800}', 'NEL': '{"success_fraction":0,"report_to":"cf-nel","max_age":604800}', 'Server': 'cloudflare', 'CF-RAY': '8b0d80996c407ad9-SJC', 'alt-svc': 'h3=":443"; ma=86400'} 
 body={"results":[{"gender":"male","name":{"title":"Mr","first":"August","last":"Ludviksen"},"location":{"street":{"number":6375,"name":"Hengsengveien"},"city":"Darbu","state":"Sogn og Fjordane","country":"Norway","postcode":"0182","coordinates":{"latitude":"43.0969","longitude":"-112.5110"},"timezone":{"offset":"+9:00","description":"Tokyo, Seoul, Osaka, Sapporo, Yakutsk"}},"email":"august.ludviksen@example.com","login":{"uuid":"18ea51bb-6a5a-4247-8e70-4aca0687d9f1","username":"heavybird329","password":"username","salt":"yMvNipDI","md5":"0934fc1683e2ce392d783e72ba336446","sha1":"6a16ecb14b13a8e0939ab4382df383a9164146eb","sha256":"bdffd5af283df11e0c61e25cdc30fca36b71079c123f9c363cb7770aad3b98a3"},"dob":{"date":"1982-12-30T06:36:58.221Z","age":41},"registered":{"date":"2017-09-16T12:45:09.036Z","age":6},"phone":"24548591","cell":"99647799","id":{"name":"FN","value":"30128243964"},"picture":{"large":"https://randomuser.me/api/portraits/men/63.jpg","medium":"https://randomuser.me/api/portraits/med/men/63.jpg","thumbnail":"https://randomuser.me/api/portraits/thumb/men/63.jpg"},"nat":"NO"}],"info":{"seed":"ebba3299bee91500","results":1,"page":1,"version":"1.4"}} 
 </msg>
<msg time="2024-08-10T05:14:26.224854" level="INFO">/opt/hostedtoolcache/Python/3.12.4/x64/lib/python3.12/site-packages/urllib3/connectionpool.py:1099: InsecureRequestWarning: Unverified HTTPS request is being made to host 'randomuser.me'. Adding certificate verification is strongly advised. See: https://urllib3.readthedocs.io/en/latest/advanced-usage.html#tls-warnings
  warnings.warn(</msg>
<msg time="2024-08-10T05:14:26.224973" level="INFO">${response} = &lt;Response [200]&gt;</msg>
<var>${response}</var>
<arg>consultarAPI</arg>
<arg>/api</arg>
<doc>Sends a GET request on a previously created HTTP Session.</doc>
<status status="PASS" start="2024-08-10T05:14:26.139173" elapsed="0.085840"/>
</kw>
<kw name="Set Variable" owner="BuiltIn">
<msg time="2024-08-10T05:14:26.226006" level="INFO">${json_data} = {'results': [{'gender': 'male', 'name': {'title': 'Mr', 'first': 'August', 'last': 'Ludviksen'}, 'location': {'street': {'number': 6375, 'name': 'Hengsengveien'}, 'city': 'Darbu', 'state': 'Sogn og Fj...</msg>
<var>${json_data}</var>
<arg>${response.json()}</arg>
<doc>Returns the given values which can then be assigned to a variables.</doc>
<status status="PASS" start="2024-08-10T05:14:26.225512" elapsed="0.000521"/>
</kw>
<kw name="Log" owner="BuiltIn">
<msg time="2024-08-10T05:14:26.226486" level="INFO">{'results': [{'gender': 'male', 'name': {'title': 'Mr', 'first': 'August', 'last': 'Ludviksen'}, 'location': {'street': {'number': 6375, 'name': 'Hengsengveien'}, 'city': 'Darbu', 'state': 'Sogn og Fjordane', 'country': 'Norway', 'postcode': '0182', 'coordinates': {'latitude': '43.0969', 'longitude': '-112.5110'}, 'timezone': {'offset': '+9:00', 'description': 'Tokyo, Seoul, Osaka, Sapporo, Yakutsk'}}, 'email': 'august.ludviksen@example.com', 'login': {'uuid': '18ea51bb-6a5a-4247-8e70-4aca0687d9f1', 'username': 'heavybird329', 'password': 'username', 'salt': 'yMvNipDI', 'md5': '0934fc1683e2ce392d783e72ba336446', 'sha1': '6a16ecb14b13a8e0939ab4382df383a9164146eb', 'sha256': 'bdffd5af283df11e0c61e25cdc30fca36b71079c123f9c363cb7770aad3b98a3'}, 'dob': {'date': '1982-12-30T06:36:58.221Z', 'age': 41}, 'registered': {'date': '2017-09-16T12:45:09.036Z', 'age': 6}, 'phone': '24548591', 'cell': '99647799', 'id': {'name': 'FN', 'value': '30128243964'}, 'picture': {'large': 'https://randomuser.me/api/portraits/men/63.jpg', 'medium': 'https://randomuser.me/api/portraits/med/men/63.jpg', 'thumbnail': 'https://randomuser.me/api/portraits/thumb/men/63.jpg'}, 'nat': 'NO'}], 'info': {'seed': 'ebba3299bee91500', 'results': 1, 'page': 1, 'version': '1.4'}}</msg>
<arg>${json_data}</arg>
<doc>Logs the given message with the given level.</doc>
<status status="PASS" start="2024-08-10T05:14:26.226331" elapsed="0.000201"/>
</kw>
<kw name="Should Be Equal As Numbers" owner="BuiltIn">
<arg>${json_data['results'][0]['location']['postcode']}</arg>
<arg>${json_data['results'][0]['location']['postcode']}</arg>
<doc>Fails if objects are unequal after converting them to real numbers.</doc>
<status status="PASS" start="2024-08-10T05:14:26.226823" elapsed="0.000609"/>
</kw>
<kw name="Log" owner="BuiltIn">
<msg time="2024-08-10T05:14:26.228003" level="INFO">0182</msg>
<arg>${json_data['results'][0]['location']['postcode']}</arg>
<doc>Logs the given message with the given level.</doc>
<status status="PASS" start="2024-08-10T05:14:26.227651" elapsed="0.000392"/>
</kw>
<status status="PASS" start="2024-08-10T05:14:26.138952" elapsed="0.089380"/>
</kw>
<doc>Testa se os tipos de dados na resposta da API estão corretos.</doc>
<tag>testeTiposDados</tag>
<status status="PASS" start="2024-08-10T05:14:26.038318" elapsed="0.190185"/>
</test>
<test id="s1-s1-t5" name="Validar conteudo" line="35">
<kw name="Teste de Tipos de Conteudo" owner="random-user-service">
<kw name="GET On Session" owner="RequestsLibrary">
<msg time="2024-08-10T05:14:26.338568" level="INFO">GET Request : url=https://randomuser.me/api 
 path_url=/api 
 headers={'User-Agent': 'python-requests/2.32.3', 'Accept-Encoding': 'gzip, deflate', 'Accept': '*/*', 'Connection': 'keep-alive'} 
 body=None 
 </msg>
<msg time="2024-08-10T05:14:26.338674" level="INFO">GET Response : url=https://randomuser.me/api 
 status=200, reason=OK 
 headers={'Date': 'Sat, 10 Aug 2024 05:14:26 GMT', 'Content-Type': 'application/json; charset=utf-8', 'Transfer-Encoding': 'chunked', 'Connection': 'keep-alive', 'X-Powered-By': 'Express', 'Access-Control-Allow-Origin': '*', 'Cache-Control': 'no-cache', 'ETag': 'W/"4a8-peYQWgAhrFhl6XGFiW6PgQyw/lQ"', 'Vary': 'Accept-Encoding', 'Content-Encoding': 'gzip', 'CF-Cache-Status': 'DYNAMIC', 'Report-To': '{"endpoints":[{"url":"https:\\/\\/a.nel.cloudflare.com\\/report\\/v4?s=PBx1KvQVrTsarUJglaNs%2BQYLuq%2BQxP0uyij8OAJszhRn5gz7ChbYLqRPqe7HB8uFv3AUbxa6OQRLQMjYZRCzVCrCdh%2BvoD%2B8zSyTw0z1uttC%2FL79UbuzWepfVoDq4gnL"}],"group":"cf-nel","max_age":604800}', 'NEL': '{"success_fraction":0,"report_to":"cf-nel","max_age":604800}', 'Server': 'cloudflare', 'CF-RAY': '8b0d8099fcd07ad9-SJC', 'alt-svc': 'h3=":443"; ma=86400'} 
 body={"results":[{"gender":"male","name":{"title":"Mr","first":"Yahya","last":"Van Duijvenvoorde"},"location":{"street":{"number":6244,"name":"Adriaen Verdoelstraat"},"city":"Spannum","state":"Noord-Holland","country":"Netherlands","postcode":"6261 XE","coordinates":{"latitude":"35.0712","longitude":"-59.5858"},"timezone":{"offset":"+4:00","description":"Abu Dhabi, Muscat, Baku, Tbilisi"}},"email":"yahya.vanduijvenvoorde@example.com","login":{"uuid":"fca90c91-7db7-4a21-a7ba-5d00530b77c5","username":"sadmouse415","password":"jake","salt":"B3SDOjeM","md5":"1561edf717ec2cfa707c1cfe2b32f33a","sha1":"256f1ca64b8d78aa4e38d1b122113e00c65710d1","sha256":"67c48a12d2b4f0bc3b1df68872f41081f70c7e7f8700574331308c51f5cb0d79"},"dob":{"date":"1994-03-18T05:11:57.211Z","age":30},"registered":{"date":"2003-03-29T15:54:53.597Z","age":21},"phone":"(032) 0744735","cell":"(06) 47921262","id":{"name":"BSN","value":"60464868"},"picture":{"large":"https://randomuser.me/api/portraits/men/1.jpg","medium":"https://randomuser.me/api/portraits/med/men/1.jpg","thumbnail":"https://randomuser.me/api/portraits/thumb/men/1.jpg"},"nat":"NL"}],"info":{"seed":"d6a7361efcee186f","results":1,"page":1,"version":"1.4"}} 
 </msg>
<msg time="2024-08-10T05:14:26.338753" level="INFO">/opt/hostedtoolcache/Python/3.12.4/x64/lib/python3.12/site-packages/urllib3/connectionpool.py:1099: InsecureRequestWarning: Unverified HTTPS request is being made to host 'randomuser.me'. Adding certificate verification is strongly advised. See: https://urllib3.readthedocs.io/en/latest/advanced-usage.html#tls-warnings
  warnings.warn(</msg>
<msg time="2024-08-10T05:14:26.338885" level="INFO">${response} = &lt;Response [200]&gt;</msg>
<var>${response}</var>
<arg>consultarAPI</arg>
<arg>/api</arg>
<doc>Sends a GET request on a previously created HTTP Session.</doc>
<status status="PASS" start="2024-08-10T05:14:26.230992" elapsed="0.107932"/>
</kw>
<kw name="Set Variable" owner="BuiltIn">
<msg time="2024-08-10T05:14:26.339978" level="INFO">${json_data} = {'results': [{'gender': 'male', 'name': {'title': 'Mr', 'first': 'Yahya', 'last': 'Van Duijvenvoorde'}, 'location': {'street': {'number': 6244, 'name': 'Adriaen Verdoelstraat'}, 'city': 'Spannum', 'st...</msg>
<var>${json_data}</var>
<arg>${response.json()}</arg>
<doc>Returns the given values which can then be assigned to a variables.</doc>
<status status="PASS" start="2024-08-10T05:14:26.339431" elapsed="0.000576"/>
</kw>
<kw name="Set Variable" owner="BuiltIn">
<msg time="2024-08-10T05:14:26.340730" level="INFO">${name_title} = Mr</msg>
<var>${name_title}</var>
<arg>${json_data["results"][0]["name"]["title"]}</arg>
<doc>Returns the given values which can then be assigned to a variables.</doc>
<status status="PASS" start="2024-08-10T05:14:26.340350" elapsed="0.000405"/>
</kw>
<kw name="Create List" owner="BuiltIn">
<msg time="2024-08-10T05:14:26.341213" level="INFO">${allowed_titles} = ['Mr', 'Ms', 'Miss', 'Mrs', 'Madame', 'Monsieur']</msg>
<var>${allowed_titles}</var>
<arg>Mr</arg>
<arg>Ms</arg>
<arg>Miss</arg>
<arg>Mrs</arg>
<arg>Madame</arg>
<arg>Monsieur</arg>
<doc>Returns a list containing given items.</doc>
<status status="PASS" start="2024-08-10T05:14:26.341053" elapsed="0.000186"/>
</kw>
<kw name="List Should Contain Value" owner="Collections">
<arg>${allowed_titles}</arg>
<arg>${name_title}</arg>
<doc>Fails if the ``value`` is not found from ``list``.</doc>
<status status="PASS" start="2024-08-10T05:14:26.341539" elapsed="0.000173"/>
</kw>
<kw name="Set Variable" owner="BuiltIn">
<msg time="2024-08-10T05:14:26.342264" level="INFO">${name_country} = NL</msg>
<var>${name_country}</var>
<arg>${json_data["results"][0]["nat"]}</arg>
<doc>Returns the given values which can then be assigned to a variables.</doc>
<status status="PASS" start="2024-08-10T05:14:26.341894" elapsed="0.000395"/>
</kw>
<kw name="Create List" owner="BuiltIn">
<msg time="2024-08-10T05:14:26.343161" level="INFO">${list_country} = ['AD', 'AE', 'AF', 'AG', 'AI', 'AL', 'AM', 'AO', 'AQ', 'AR', 'AS', 'AT', 'AU', 'AW', 'AX', 'AZ', 'BA', 'BB', 'BD', 'BE', 'BF', 'BG', 'BH', 'BI', 'BJ', 'BL', 'BM', 'BN', 'BO', 'BQ', 'BR', 'BS', 'BT', '...</msg>
<var>${list_country}</var>
<arg>AD</arg>
<arg>AE</arg>
<arg>AF</arg>
<arg>AG</arg>
<arg>AI</arg>
<arg>AL</arg>
<arg>AM</arg>
<arg>AO</arg>
<arg>AQ</arg>
<arg>AR</arg>
<arg>AS</arg>
<arg>AT</arg>
<arg>AU</arg>
<arg>AW</arg>
<arg>AX</arg>
<arg>AZ</arg>
<arg>BA</arg>
<arg>BB</arg>
<arg>BD</arg>
<arg>BE</arg>
<arg>BF</arg>
<arg>BG</arg>
<arg>BH</arg>
<arg>BI</arg>
<arg>BJ</arg>
<arg>BL</arg>
<arg>BM</arg>
<arg>BN</arg>
<arg>BO</arg>
<arg>BQ</arg>
<arg>BR</arg>
<arg>BS</arg>
<arg>BT</arg>
<arg>BV</arg>
<arg>BW</arg>
<arg>BY</arg>
<arg>BZ</arg>
<arg>CA</arg>
<arg>CC</arg>
<arg>CD</arg>
<arg>CF</arg>
<arg>CG</arg>
<arg>CH</arg>
<arg>CI</arg>
<arg>CK</arg>
<arg>CL</arg>
<arg>CM</arg>
<arg>CN</arg>
<arg>CO</arg>
<arg>CR</arg>
<arg>CU</arg>
<arg>CV</arg>
<arg>CW</arg>
<arg>CX</arg>
<arg>CY</arg>
<arg>CZ</arg>
<arg>DE</arg>
<arg>DJ</arg>
<arg>DK</arg>
<arg>DM</arg>
<arg>DO</arg>
<arg>DZ</arg>
<arg>EC</arg>
<arg>EE</arg>
<arg>EG</arg>
<arg>EH</arg>
<arg>ER</arg>
<arg>ES</arg>
<arg>ET</arg>
<arg>FI</arg>
<arg>FJ</arg>
<arg>FK</arg>
<arg>FM</arg>
<arg>FO</arg>
<arg>FR</arg>
<arg>GA</arg>
<arg>GB</arg>
<arg>GD</arg>
<arg>GE</arg>
<arg>GF</arg>
<arg>GG</arg>
<arg>GH</arg>
<arg>GI</arg>
<arg>GL</arg>
<arg>GM</arg>
<arg>GN</arg>
<arg>GP</arg>
<arg>GQ</arg>
<arg>GR</arg>
<arg>GS</arg>
<arg>GT</arg>
<arg>GU</arg>
<arg>GW</arg>
<arg>GY</arg>
<arg>HK</arg>
<arg>HM</arg>
<arg>HN</arg>
<arg>HR</arg>
<arg>HT</arg>
<arg>HU</arg>
<arg>ID</arg>
<arg>IE</arg>
<arg>IL</arg>
<arg>IM</arg>
<arg>IN</arg>
<arg>IO</arg>
<arg>IQ</arg>
<arg>IR</arg>
<arg>IS</arg>
<arg>IT</arg>
<arg>JE</arg>
<arg>JM</arg>
<arg>JO</arg>
<arg>JP</arg>
<arg>KE</arg>
<arg>KG</arg>
<arg>KH</arg>
<arg>KI</arg>
<arg>KM</arg>
<arg>KN</arg>
<arg>KP</arg>
<arg>KR</arg>
<arg>KW</arg>
<arg>KY</arg>
<arg>KZ</arg>
<arg>LA</arg>
<arg>LB</arg>
<arg>LC</arg>
<arg>LI</arg>
<arg>LK</arg>
<arg>LR</arg>
<arg>LS</arg>
<arg>LT</arg>
<arg>LU</arg>
<arg>LV</arg>
<arg>LY</arg>
<arg>MA</arg>
<arg>MC</arg>
<arg>MD</arg>
<arg>ME</arg>
<arg>MF</arg>
<arg>MG</arg>
<arg>MH</arg>
<arg>MK</arg>
<arg>ML</arg>
<arg>MM</arg>
<arg>MN</arg>
<arg>MO</arg>
<arg>MP</arg>
<arg>MQ</arg>
<arg>MR</arg>
<arg>MS</arg>
<arg>MT</arg>
<arg>MU</arg>
<arg>MV</arg>
<arg>MW</arg>
<arg>MX</arg>
<arg>MY</arg>
<arg>MZ</arg>
<arg>NA</arg>
<arg>NC</arg>
<arg>NE</arg>
<arg>NF</arg>
<arg>NG</arg>
<arg>NI</arg>
<arg>NL</arg>
<arg>NO</arg>
<arg>NP</arg>
<arg>NR</arg>
<arg>NU</arg>
<arg>NZ</arg>
<arg>OM</arg>
<arg>PA</arg>
<arg>PE</arg>
<arg>PF</arg>
<arg>PG</arg>
<arg>PH</arg>
<arg>PK</arg>
<arg>PL</arg>
<arg>PM</arg>
<arg>PN</arg>
<arg>PR</arg>
<arg>PS</arg>
<arg>PT</arg>
<arg>PW</arg>
<arg>PY</arg>
<arg>QA</arg>
<arg>RE</arg>
<arg>RO</arg>
<arg>RS</arg>
<arg>RU</arg>
<arg>RW</arg>
<arg>SA</arg>
<arg>SB</arg>
<arg>SC</arg>
<arg>SD</arg>
<arg>SE</arg>
<arg>SG</arg>
<arg>SH</arg>
<arg>SI</arg>
<arg>SJ</arg>
<arg>SK</arg>
<arg>SL</arg>
<arg>SM</arg>
<arg>SN</arg>
<arg>SO</arg>
<arg>SR</arg>
<arg>SS</arg>
<arg>ST</arg>
<arg>SV</arg>
<arg>SX</arg>
<arg>SY</arg>
<arg>SZ</arg>
<arg>TC</arg>
<arg>TD</arg>
<arg>TF</arg>
<arg>TG</arg>
<arg>TH</arg>
<arg>TJ</arg>
<arg>TK</arg>
<arg>TL</arg>
<arg>TM</arg>
<arg>TN</arg>
<arg>TO</arg>
<arg>TR</arg>
<arg>TT</arg>
<arg>TV</arg>
<arg>TW</arg>
<arg>TZ</arg>
<arg>UA</arg>
<arg>UG</arg>
<arg>UM</arg>
<arg>US</arg>
<arg>UY</arg>
<arg>UZ</arg>
<arg>VA</arg>
<arg>VC</arg>
<arg>VE</arg>
<arg>VG</arg>
<arg>VI</arg>
<arg>VN</arg>
<arg>VU</arg>
<arg>WF</arg>
<arg>WS</arg>
<arg>XK</arg>
<arg>YE</arg>
<arg>YT</arg>
<arg>ZA</arg>
<arg>ZM</arg>
<arg>ZW</arg>
<doc>Returns a list containing given items.</doc>
<status status="PASS" start="2024-08-10T05:14:26.342574" elapsed="0.000613"/>
</kw>
<kw name="List Should Contain Value" owner="Collections">
<arg>${list_country}</arg>
<arg>${name_country}</arg>
<doc>Fails if the ``value`` is not found from ``list``.</doc>
<status status="PASS" start="2024-08-10T05:14:26.344179" elapsed="0.000209"/>
</kw>
<kw name="Run Keyword If" owner="BuiltIn">
<kw name="Should Be True" owner="BuiltIn">
<arg>${True}</arg>
<doc>Fails if the given condition is not true.</doc>
<status status="PASS" start="2024-08-10T05:14:26.345324" elapsed="0.000141"/>
</kw>
<arg>${json_data["results"][0]["location"]["coordinates"]["latitude"]} &gt;= -90 and ${json_data["results"][0]["location"]["coordinates"]["latitude"]} &lt;= 90</arg>
<arg>Should Be True</arg>
<arg>${True}</arg>
<doc>Runs the given keyword with the given arguments, if ``condition`` is true.</doc>
<status status="PASS" start="2024-08-10T05:14:26.344587" elapsed="0.001003"/>
</kw>
<kw name="Run Keyword If" owner="BuiltIn">
<kw name="Should Be True" owner="BuiltIn">
<arg>${True}</arg>
<doc>Fails if the given condition is not true.</doc>
<status status="PASS" start="2024-08-10T05:14:26.346442" elapsed="0.000135"/>
</kw>
<arg>${json_data["results"][0]["location"]["coordinates"]["longitude"]} &gt;= -180 and ${json_data["results"][0]["location"]["coordinates"]["longitude"]} &lt;= 180</arg>
<arg>Should Be True</arg>
<arg>${True}</arg>
<doc>Runs the given keyword with the given arguments, if ``condition`` is true.</doc>
<status status="PASS" start="2024-08-10T05:14:26.345768" elapsed="0.000930"/>
</kw>
<status status="PASS" start="2024-08-10T05:14:26.230757" elapsed="0.116068"/>
</kw>
<doc>Testa o conteúdo específico dos campos retornados pela API.</doc>
<tag>testeConteudo</tag>
<status status="PASS" start="2024-08-10T05:14:26.230227" elapsed="0.116750"/>
</test>
<status status="PASS" start="2024-08-10T05:14:25.131164" elapsed="1.217790"/>
</suite>
<status status="PASS" start="2024-08-10T05:14:25.116771" elapsed="1.237318"/>
</suite>
<statistics>
<total>
<stat pass="5" fail="0" skip="0">All Tests</stat>
</total>
<tag>
<stat pass="1" fail="0" skip="0">testeConteudo</stat>
<stat pass="1" fail="0" skip="0">testeEstruturaResposta</stat>
<stat pass="1" fail="0" skip="0">testeRequisicaoBasica</stat>
<stat pass="1" fail="0" skip="0">testeTiposDados</stat>
</tag>
<suite>
<stat pass="5" fail="0" skip="0" id="s1" name="Tests">Tests</stat>
<stat pass="5" fail="0" skip="0" id="s1-s1" name="Random-User-Test">Tests.Random-User-Test</stat>
</suite>
</statistics>
<errors>
</errors>
</robot>
