<?xml version="1.0" encoding="UTF-8"?>
<robot generator="Robot 7.0 (Python 3.12.3 on linux)" generated="2024-04-29T10:15:27.717717" rpa="false" schemaversion="5">
<suite id="s1" name="Tests" source="/home/runner/work/DesafioQAItauRogerioJordao/DesafioQAItauRogerioJordao/RamdonUser/tests">
<suite id="s1-s1" name="Random-User-Test" source="/home/runner/work/DesafioQAItauRogerioJordao/DesafioQAItauRogerioJordao/RamdonUser/tests/random-user-test.robot">
<test id="s1-s1-t1" name="Conectar" line="13">
<kw name="Conectar API" owner="random-user-service">
<kw name="Create Session" owner="RequestsLibrary">
<msg time="2024-04-29T10:15:28.076886" level="INFO">Creating Session using : alias=consultarAPI, url=https://randomuser.me/, headers={},                     cookies={}, auth=None, timeout=None, proxies=None, verify=False,                     debug=0 </msg>
<arg>consultarAPI</arg>
<arg>${URL}</arg>
<doc>Create Session: create a HTTP session to a server</doc>
<status status="PASS" start="2024-04-29T10:15:28.076686" elapsed="0.000392"/>
</kw>
<status status="PASS" start="2024-04-29T10:15:28.075701" elapsed="0.001742"/>
</kw>
<status status="PASS" start="2024-04-29T10:15:28.075140" elapsed="0.002497"/>
</test>
<test id="s1-s1-t2" name="Validar retorno 200 e JSON Válido" line="16">
<kw name="Teste de Requisicao Basica" owner="random-user-service">
<kw name="GET On Session" owner="RequestsLibrary">
<msg time="2024-04-29T10:15:28.200482" level="INFO">GET Request : url=https://randomuser.me/api 
 path_url=/api 
 headers={'User-Agent': 'python-requests/2.31.0', 'Accept-Encoding': 'gzip, deflate', 'Accept': '*/*', 'Connection': 'keep-alive'} 
 body=None 
 </msg>
<msg time="2024-04-29T10:15:28.200650" level="INFO">GET Response : url=https://randomuser.me/api 
 status=200, reason=OK 
 headers={'Date': 'Mon, 29 Apr 2024 10:15:28 GMT', 'Content-Type': 'application/json; charset=utf-8', 'Transfer-Encoding': 'chunked', 'Connection': 'keep-alive', 'X-Powered-By': 'Express', 'Access-Control-Allow-Origin': '*', 'Cache-Control': 'no-cache', 'ETag': 'W/"4a5-UvIYxuy34SY7PaelA2vRbL9rf7Q"', 'Vary': 'Accept-Encoding', 'Content-Encoding': 'gzip', 'CF-Cache-Status': 'DYNAMIC', 'Report-To': '{"endpoints":[{"url":"https:\\/\\/a.nel.cloudflare.com\\/report\\/v4?s=blvsxgm%2BV%2BIICSHJflbWhkSjCvcp2h5TcczDIn1i96fuXh8Wv%2FInYpghQxePcRXm329haRPWFiOv2pEAxwe%2Fb3OOKT7b%2BGflW7lNPZttQsP%2BlyXzFHBNnfMo1Um7N6jH"}],"group":"cf-nel","max_age":604800}', 'NEL': '{"success_fraction":0,"report_to":"cf-nel","max_age":604800}', 'Server': 'cloudflare', 'CF-RAY': '87be87f0af9dcea8-SJC', 'alt-svc': 'h3=":443"; ma=86400'} 
 body={"results":[{"gender":"female","name":{"title":"Miss","first":"Gundula","last":"Jochum"},"location":{"street":{"number":3911,"name":"Bahnhofstraße"},"city":"Tengen","state":"Thüringen","country":"Germany","postcode":63496,"coordinates":{"latitude":"-47.3691","longitude":"18.5341"},"timezone":{"offset":"+3:00","description":"Baghdad, Riyadh, Moscow, St. Petersburg"}},"email":"gundula.jochum@example.com","login":{"uuid":"660961df-9dd5-4a25-8a40-0540a0cc7cbe","username":"beautifulbear398","password":"doobie","salt":"YZvQlwFQ","md5":"acf88d671a12b2127d53ddde24285546","sha1":"c47ad7008d223f76f89be00d68faa831fcf03551","sha256":"37581bd4068d8e7befac40bf268b8fca167be2079af7c0c9aea3adce600fc102"},"dob":{"date":"1961-04-09T07:56:10.406Z","age":63},"registered":{"date":"2002-10-30T00:25:07.066Z","age":21},"phone":"0078-4778413","cell":"0175-5078647","id":{"name":"SVNR","value":"68 090461 J 659"},"picture":{"large":"https://randomuser.me/api/portraits/women/62.jpg","medium":"https://randomuser.me/api/portraits/med/women/62.jpg","thumbnail":"https://randomuser.me/api/portraits/thumb/women/62.jpg"},"nat":"DE"}],"info":{"seed":"f77a76ebf7b8a677","results":1,"page":1,"version":"1.4"}} 
 </msg>
<msg time="2024-04-29T10:15:28.200733" level="INFO">/opt/hostedtoolcache/Python/3.12.3/x64/lib/python3.12/site-packages/urllib3/connectionpool.py:1103: InsecureRequestWarning: Unverified HTTPS request is being made to host 'randomuser.me'. Adding certificate verification is strongly advised. See: https://urllib3.readthedocs.io/en/latest/advanced-usage.html#tls-warnings
  warnings.warn(</msg>
<msg time="2024-04-29T10:15:28.200885" level="INFO">${response} = &lt;Response [200]&gt;</msg>
<var>${response}</var>
<arg>consultarAPI</arg>
<arg>/api</arg>
<doc>Sends a GET request on a previously created HTTP Session.</doc>
<status status="PASS" start="2024-04-29T10:15:28.080246" elapsed="0.120683"/>
</kw>
<kw name="Should Be Equal As Numbers" owner="BuiltIn">
<msg time="2024-04-29T10:15:28.201884" level="INFO">Argument types are:
&lt;class 'int'&gt;
&lt;class 'str'&gt;</msg>
<arg>${response.status_code}</arg>
<arg>200</arg>
<doc>Fails if objects are unequal after converting them to real numbers.</doc>
<status status="PASS" start="2024-04-29T10:15:28.201415" elapsed="0.000582"/>
</kw>
<kw name="Log" owner="BuiltIn">
<msg time="2024-04-29T10:15:28.202743" level="INFO">200</msg>
<arg>${response.status_code}</arg>
<doc>Logs the given message with the given level.</doc>
<status status="PASS" start="2024-04-29T10:15:28.202346" elapsed="0.000443"/>
</kw>
<kw name="Set Variable" owner="BuiltIn">
<msg time="2024-04-29T10:15:28.203578" level="INFO">${json_data} = {'results': [{'gender': 'female', 'name': {'title': 'Miss', 'first': 'Gundula', 'last': 'Jochum'}, 'location': {'street': {'number': 3911, 'name': 'Bahnhofstraße'}, 'city': 'Tengen', 'state': 'Thüring...</msg>
<var>${json_data}</var>
<arg>${response.json()}</arg>
<doc>Returns the given values which can then be assigned to a variables.</doc>
<status status="PASS" start="2024-04-29T10:15:28.203121" elapsed="0.000487"/>
</kw>
<kw name="Dictionary Should Contain Key" owner="Collections">
<msg time="2024-04-29T10:15:28.204086" level="INFO">False</msg>
<arg>${json_data}</arg>
<arg>results</arg>
<doc>Fails if ``key`` is not found from ``dictionary``.</doc>
<status status="PASS" start="2024-04-29T10:15:28.203915" elapsed="0.000211"/>
</kw>
<status status="PASS" start="2024-04-29T10:15:28.080004" elapsed="0.124382"/>
</kw>
<doc>Testa se a API responde corretamente e retorna um objeto JSON válido.</doc>
<tag>testeRequisicaoBasica</tag>
<status status="PASS" start="2024-04-29T10:15:28.079551" elapsed="0.125020"/>
</test>
<test id="s1-s1-t3" name="Validar estrutura de resposta" line="22">
<kw name="Teste de Estrutura de Resposta" owner="random-user-service">
<kw name="GET On Session" owner="RequestsLibrary">
<msg time="2024-04-29T10:15:28.291494" level="INFO">GET Request : url=https://randomuser.me/api 
 path_url=/api 
 headers={'User-Agent': 'python-requests/2.31.0', 'Accept-Encoding': 'gzip, deflate', 'Accept': '*/*', 'Connection': 'keep-alive'} 
 body=None 
 </msg>
<msg time="2024-04-29T10:15:28.291596" level="INFO">GET Response : url=https://randomuser.me/api 
 status=200, reason=OK 
 headers={'Date': 'Mon, 29 Apr 2024 10:15:28 GMT', 'Content-Type': 'application/json; charset=utf-8', 'Transfer-Encoding': 'chunked', 'Connection': 'keep-alive', 'X-Powered-By': 'Express', 'Access-Control-Allow-Origin': '*', 'Cache-Control': 'no-cache', 'ETag': 'W/"496-HDuOSky9AwBcXCI3z7/M4Bsa43s"', 'Vary': 'Accept-Encoding', 'Content-Encoding': 'gzip', 'CF-Cache-Status': 'DYNAMIC', 'Report-To': '{"endpoints":[{"url":"https:\\/\\/a.nel.cloudflare.com\\/report\\/v4?s=NnyyQ%2BKIH1TWkIuCTzgU%2BgS9jUHRxmXSMMAqbNsPmYCIUiL8np%2BArlTCn8%2FkVPVRaGMSSkWJWAIegRb1XHtGLxVwap5f7b1YCekYyHwP3dA04RDWIsteq9n94E8Ozu9D"}],"group":"cf-nel","max_age":604800}', 'NEL': '{"success_fraction":0,"report_to":"cf-nel","max_age":604800}', 'Server': 'cloudflare', 'CF-RAY': '87be87f15829cea8-SJC', 'alt-svc': 'h3=":443"; ma=86400'} 
 body={"results":[{"gender":"female","name":{"title":"Miss","first":"Nikolina","last":"Radivojević"},"location":{"street":{"number":1653,"name":"Potpećka"},"city":"Vrbas","state":"Peć","country":"Serbia","postcode":62733,"coordinates":{"latitude":"62.6359","longitude":"163.2982"},"timezone":{"offset":"+5:30","description":"Bombay, Calcutta, Madras, New Delhi"}},"email":"nikolina.radivojevic@example.com","login":{"uuid":"a92b2be7-910d-440b-a7f6-ffb3581e2c98","username":"happywolf993","password":"zombie","salt":"gd2saTPD","md5":"88f75b5f4e0d686111987d57525ba69c","sha1":"bcb7b16bd5eeb7713b2b5b532dde5020520ebace","sha256":"30f7b87a913491ab6bf7627e7b9cce63004f9890f588d2036356ca2990820a88"},"dob":{"date":"1983-09-14T07:49:44.958Z","age":40},"registered":{"date":"2006-09-03T20:41:48.830Z","age":17},"phone":"020-8176-505","cell":"063-4242-103","id":{"name":"SID","value":"740533372"},"picture":{"large":"https://randomuser.me/api/portraits/women/30.jpg","medium":"https://randomuser.me/api/portraits/med/women/30.jpg","thumbnail":"https://randomuser.me/api/portraits/thumb/women/30.jpg"},"nat":"RS"}],"info":{"seed":"dead6d9eef472b3d","results":1,"page":1,"version":"1.4"}} 
 </msg>
<msg time="2024-04-29T10:15:28.291736" level="INFO">/opt/hostedtoolcache/Python/3.12.3/x64/lib/python3.12/site-packages/urllib3/connectionpool.py:1103: InsecureRequestWarning: Unverified HTTPS request is being made to host 'randomuser.me'. Adding certificate verification is strongly advised. See: https://urllib3.readthedocs.io/en/latest/advanced-usage.html#tls-warnings
  warnings.warn(</msg>
<msg time="2024-04-29T10:15:28.291877" level="INFO">${response} = &lt;Response [200]&gt;</msg>
<var>${response}</var>
<arg>consultarAPI</arg>
<arg>/api</arg>
<doc>Sends a GET request on a previously created HTTP Session.</doc>
<status status="PASS" start="2024-04-29T10:15:28.207199" elapsed="0.084723"/>
</kw>
<kw name="Set Variable" owner="BuiltIn">
<msg time="2024-04-29T10:15:28.292884" level="INFO">${json_data} = {'results': [{'gender': 'female', 'name': {'title': 'Miss', 'first': 'Nikolina', 'last': 'Radivojević'}, 'location': {'street': {'number': 1653, 'name': 'Potpećka'}, 'city': 'Vrbas', 'state': 'Peć', '...</msg>
<var>${json_data}</var>
<arg>${response.json()}</arg>
<doc>Returns the given values which can then be assigned to a variables.</doc>
<status status="PASS" start="2024-04-29T10:15:28.292365" elapsed="0.000550"/>
</kw>
<kw name="Log" owner="BuiltIn">
<msg time="2024-04-29T10:15:28.293405" level="INFO">{'results': [{'gender': 'female', 'name': {'title': 'Miss', 'first': 'Nikolina', 'last': 'Radivojević'}, 'location': {'street': {'number': 1653, 'name': 'Potpećka'}, 'city': 'Vrbas', 'state': 'Peć', 'country': 'Serbia', 'postcode': 62733, 'coordinates': {'latitude': '62.6359', 'longitude': '163.2982'}, 'timezone': {'offset': '+5:30', 'description': 'Bombay, Calcutta, Madras, New Delhi'}}, 'email': 'nikolina.radivojevic@example.com', 'login': {'uuid': 'a92b2be7-910d-440b-a7f6-ffb3581e2c98', 'username': 'happywolf993', 'password': 'zombie', 'salt': 'gd2saTPD', 'md5': '88f75b5f4e0d686111987d57525ba69c', 'sha1': 'bcb7b16bd5eeb7713b2b5b532dde5020520ebace', 'sha256': '30f7b87a913491ab6bf7627e7b9cce63004f9890f588d2036356ca2990820a88'}, 'dob': {'date': '1983-09-14T07:49:44.958Z', 'age': 40}, 'registered': {'date': '2006-09-03T20:41:48.830Z', 'age': 17}, 'phone': '020-8176-505', 'cell': '063-4242-103', 'id': {'name': 'SID', 'value': '740533372'}, 'picture': {'large': 'https://randomuser.me/api/portraits/women/30.jpg', 'medium': 'https://randomuser.me/api/portraits/med/women/30.jpg', 'thumbnail': 'https://randomuser.me/api/portraits/thumb/women/30.jpg'}, 'nat': 'RS'}], 'info': {'seed': 'dead6d9eef472b3d', 'results': 1, 'page': 1, 'version': '1.4'}}</msg>
<arg>${json_data}</arg>
<doc>Logs the given message with the given level.</doc>
<status status="PASS" start="2024-04-29T10:15:28.293234" elapsed="0.000223"/>
</kw>
<kw name="Dictionary Should Contain Key" owner="Collections">
<msg time="2024-04-29T10:15:28.293957" level="INFO">False</msg>
<arg>${json_data}</arg>
<arg>results</arg>
<doc>Fails if ``key`` is not found from ``dictionary``.</doc>
<status status="PASS" start="2024-04-29T10:15:28.293764" elapsed="0.000251"/>
</kw>
<kw name="Should Not Be Empty" owner="BuiltIn">
<msg time="2024-04-29T10:15:28.294463" level="INFO">Length is 2.</msg>
<arg>${json_data}</arg>
<doc>Verifies that the given item is not empty.</doc>
<status status="PASS" start="2024-04-29T10:15:28.294321" elapsed="0.000334"/>
</kw>
<kw name="Create List" owner="BuiltIn">
<msg time="2024-04-29T10:15:28.295102" level="INFO">${expected_keys} = ['gender', 'name', 'location', 'email', 'login']</msg>
<var>${expected_keys}</var>
<arg>gender</arg>
<arg>name</arg>
<arg>location</arg>
<arg>email</arg>
<arg>login</arg>
<doc>Returns a list containing given items.</doc>
<status status="PASS" start="2024-04-29T10:15:28.294949" elapsed="0.000178"/>
</kw>
<for flavor="IN">
<iter>
<kw name="Dictionary Should Contain Key" owner="Collections">
<msg time="2024-04-29T10:15:28.296115" level="INFO">False</msg>
<arg>${json_data['results'][0]}</arg>
<arg>${key}</arg>
<doc>Fails if ``key`` is not found from ``dictionary``.</doc>
<status status="PASS" start="2024-04-29T10:15:28.295709" elapsed="0.000445"/>
</kw>
<kw name="Log" owner="BuiltIn">
<msg time="2024-04-29T10:15:28.296830" level="INFO">{'gender': 'female', 'name': {'title': 'Miss', 'first': 'Nikolina', 'last': 'Radivojević'}, 'location': {'street': {'number': 1653, 'name': 'Potpećka'}, 'city': 'Vrbas', 'state': 'Peć', 'country': 'Serbia', 'postcode': 62733, 'coordinates': {'latitude': '62.6359', 'longitude': '163.2982'}, 'timezone': {'offset': '+5:30', 'description': 'Bombay, Calcutta, Madras, New Delhi'}}, 'email': 'nikolina.radivojevic@example.com', 'login': {'uuid': 'a92b2be7-910d-440b-a7f6-ffb3581e2c98', 'username': 'happywolf993', 'password': 'zombie', 'salt': 'gd2saTPD', 'md5': '88f75b5f4e0d686111987d57525ba69c', 'sha1': 'bcb7b16bd5eeb7713b2b5b532dde5020520ebace', 'sha256': '30f7b87a913491ab6bf7627e7b9cce63004f9890f588d2036356ca2990820a88'}, 'dob': {'date': '1983-09-14T07:49:44.958Z', 'age': 40}, 'registered': {'date': '2006-09-03T20:41:48.830Z', 'age': 17}, 'phone': '020-8176-505', 'cell': '063-4242-103', 'id': {'name': 'SID', 'value': '740533372'}, 'picture': {'large': 'https://randomuser.me/api/portraits/women/30.jpg', 'medium': 'https://randomuser.me/api/portraits/med/women/30.jpg', 'thumbnail': 'https://randomuser.me/api/portraits/thumb/women/30.jpg'}, 'nat': 'RS'}</msg>
<arg>${json_data['results'][0]}</arg>
<doc>Logs the given message with the given level.</doc>
<status status="PASS" start="2024-04-29T10:15:28.296459" elapsed="0.000422"/>
</kw>
<kw name="Log" owner="BuiltIn">
<msg time="2024-04-29T10:15:28.297312" level="INFO">gender</msg>
<arg>${key}</arg>
<doc>Logs the given message with the given level.</doc>
<status status="PASS" start="2024-04-29T10:15:28.297180" elapsed="0.000170"/>
</kw>
<var name="${key}">gender</var>
<status status="PASS" start="2024-04-29T10:15:28.295583" elapsed="0.001981"/>
</iter>
<iter>
<kw name="Dictionary Should Contain Key" owner="Collections">
<msg time="2024-04-29T10:15:28.298287" level="INFO">False</msg>
<arg>${json_data['results'][0]}</arg>
<arg>${key}</arg>
<doc>Fails if ``key`` is not found from ``dictionary``.</doc>
<status status="PASS" start="2024-04-29T10:15:28.297864" elapsed="0.000461"/>
</kw>
<kw name="Log" owner="BuiltIn">
<msg time="2024-04-29T10:15:28.299120" level="INFO">{'gender': 'female', 'name': {'title': 'Miss', 'first': 'Nikolina', 'last': 'Radivojević'}, 'location': {'street': {'number': 1653, 'name': 'Potpećka'}, 'city': 'Vrbas', 'state': 'Peć', 'country': 'Serbia', 'postcode': 62733, 'coordinates': {'latitude': '62.6359', 'longitude': '163.2982'}, 'timezone': {'offset': '+5:30', 'description': 'Bombay, Calcutta, Madras, New Delhi'}}, 'email': 'nikolina.radivojevic@example.com', 'login': {'uuid': 'a92b2be7-910d-440b-a7f6-ffb3581e2c98', 'username': 'happywolf993', 'password': 'zombie', 'salt': 'gd2saTPD', 'md5': '88f75b5f4e0d686111987d57525ba69c', 'sha1': 'bcb7b16bd5eeb7713b2b5b532dde5020520ebace', 'sha256': '30f7b87a913491ab6bf7627e7b9cce63004f9890f588d2036356ca2990820a88'}, 'dob': {'date': '1983-09-14T07:49:44.958Z', 'age': 40}, 'registered': {'date': '2006-09-03T20:41:48.830Z', 'age': 17}, 'phone': '020-8176-505', 'cell': '063-4242-103', 'id': {'name': 'SID', 'value': '740533372'}, 'picture': {'large': 'https://randomuser.me/api/portraits/women/30.jpg', 'medium': 'https://randomuser.me/api/portraits/med/women/30.jpg', 'thumbnail': 'https://randomuser.me/api/portraits/thumb/women/30.jpg'}, 'nat': 'RS'}</msg>
<arg>${json_data['results'][0]}</arg>
<doc>Logs the given message with the given level.</doc>
<status status="PASS" start="2024-04-29T10:15:28.298648" elapsed="0.000557"/>
</kw>
<kw name="Log" owner="BuiltIn">
<msg time="2024-04-29T10:15:28.299855" level="INFO">name</msg>
<arg>${key}</arg>
<doc>Logs the given message with the given level.</doc>
<status status="PASS" start="2024-04-29T10:15:28.299661" elapsed="0.000253"/>
</kw>
<var name="${key}">name</var>
<status status="PASS" start="2024-04-29T10:15:28.297749" elapsed="0.002499"/>
</iter>
<iter>
<kw name="Dictionary Should Contain Key" owner="Collections">
<msg time="2024-04-29T10:15:28.301394" level="INFO">False</msg>
<arg>${json_data['results'][0]}</arg>
<arg>${key}</arg>
<doc>Fails if ``key`` is not found from ``dictionary``.</doc>
<status status="PASS" start="2024-04-29T10:15:28.300738" elapsed="0.000716"/>
</kw>
<kw name="Log" owner="BuiltIn">
<msg time="2024-04-29T10:15:28.302596" level="INFO">{'gender': 'female', 'name': {'title': 'Miss', 'first': 'Nikolina', 'last': 'Radivojević'}, 'location': {'street': {'number': 1653, 'name': 'Potpećka'}, 'city': 'Vrbas', 'state': 'Peć', 'country': 'Serbia', 'postcode': 62733, 'coordinates': {'latitude': '62.6359', 'longitude': '163.2982'}, 'timezone': {'offset': '+5:30', 'description': 'Bombay, Calcutta, Madras, New Delhi'}}, 'email': 'nikolina.radivojevic@example.com', 'login': {'uuid': 'a92b2be7-910d-440b-a7f6-ffb3581e2c98', 'username': 'happywolf993', 'password': 'zombie', 'salt': 'gd2saTPD', 'md5': '88f75b5f4e0d686111987d57525ba69c', 'sha1': 'bcb7b16bd5eeb7713b2b5b532dde5020520ebace', 'sha256': '30f7b87a913491ab6bf7627e7b9cce63004f9890f588d2036356ca2990820a88'}, 'dob': {'date': '1983-09-14T07:49:44.958Z', 'age': 40}, 'registered': {'date': '2006-09-03T20:41:48.830Z', 'age': 17}, 'phone': '020-8176-505', 'cell': '063-4242-103', 'id': {'name': 'SID', 'value': '740533372'}, 'picture': {'large': 'https://randomuser.me/api/portraits/women/30.jpg', 'medium': 'https://randomuser.me/api/portraits/med/women/30.jpg', 'thumbnail': 'https://randomuser.me/api/portraits/thumb/women/30.jpg'}, 'nat': 'RS'}</msg>
<arg>${json_data['results'][0]}</arg>
<doc>Logs the given message with the given level.</doc>
<status status="PASS" start="2024-04-29T10:15:28.301964" elapsed="0.000720"/>
</kw>
<kw name="Log" owner="BuiltIn">
<msg time="2024-04-29T10:15:28.303341" level="INFO">location</msg>
<arg>${key}</arg>
<doc>Logs the given message with the given level.</doc>
<status status="PASS" start="2024-04-29T10:15:28.303154" elapsed="0.000246"/>
</kw>
<var name="${key}">location</var>
<status status="PASS" start="2024-04-29T10:15:28.300553" elapsed="0.003199"/>
</iter>
<iter>
<kw name="Dictionary Should Contain Key" owner="Collections">
<msg time="2024-04-29T10:15:28.304860" level="INFO">False</msg>
<arg>${json_data['results'][0]}</arg>
<arg>${key}</arg>
<doc>Fails if ``key`` is not found from ``dictionary``.</doc>
<status status="PASS" start="2024-04-29T10:15:28.304221" elapsed="0.000703"/>
</kw>
<kw name="Log" owner="BuiltIn">
<msg time="2024-04-29T10:15:28.306036" level="INFO">{'gender': 'female', 'name': {'title': 'Miss', 'first': 'Nikolina', 'last': 'Radivojević'}, 'location': {'street': {'number': 1653, 'name': 'Potpećka'}, 'city': 'Vrbas', 'state': 'Peć', 'country': 'Serbia', 'postcode': 62733, 'coordinates': {'latitude': '62.6359', 'longitude': '163.2982'}, 'timezone': {'offset': '+5:30', 'description': 'Bombay, Calcutta, Madras, New Delhi'}}, 'email': 'nikolina.radivojevic@example.com', 'login': {'uuid': 'a92b2be7-910d-440b-a7f6-ffb3581e2c98', 'username': 'happywolf993', 'password': 'zombie', 'salt': 'gd2saTPD', 'md5': '88f75b5f4e0d686111987d57525ba69c', 'sha1': 'bcb7b16bd5eeb7713b2b5b532dde5020520ebace', 'sha256': '30f7b87a913491ab6bf7627e7b9cce63004f9890f588d2036356ca2990820a88'}, 'dob': {'date': '1983-09-14T07:49:44.958Z', 'age': 40}, 'registered': {'date': '2006-09-03T20:41:48.830Z', 'age': 17}, 'phone': '020-8176-505', 'cell': '063-4242-103', 'id': {'name': 'SID', 'value': '740533372'}, 'picture': {'large': 'https://randomuser.me/api/portraits/women/30.jpg', 'medium': 'https://randomuser.me/api/portraits/med/women/30.jpg', 'thumbnail': 'https://randomuser.me/api/portraits/thumb/women/30.jpg'}, 'nat': 'RS'}</msg>
<arg>${json_data['results'][0]}</arg>
<doc>Logs the given message with the given level.</doc>
<status status="PASS" start="2024-04-29T10:15:28.305410" elapsed="0.000709"/>
</kw>
<kw name="Log" owner="BuiltIn">
<msg time="2024-04-29T10:15:28.306803" level="INFO">email</msg>
<arg>${key}</arg>
<doc>Logs the given message with the given level.</doc>
<status status="PASS" start="2024-04-29T10:15:28.306581" elapsed="0.000293"/>
</kw>
<var name="${key}">email</var>
<status status="PASS" start="2024-04-29T10:15:28.304047" elapsed="0.003171"/>
</iter>
<iter>
<kw name="Dictionary Should Contain Key" owner="Collections">
<msg time="2024-04-29T10:15:28.308372" level="INFO">False</msg>
<arg>${json_data['results'][0]}</arg>
<arg>${key}</arg>
<doc>Fails if ``key`` is not found from ``dictionary``.</doc>
<status status="PASS" start="2024-04-29T10:15:28.307682" elapsed="0.000757"/>
</kw>
<kw name="Log" owner="BuiltIn">
<msg time="2024-04-29T10:15:28.309545" level="INFO">{'gender': 'female', 'name': {'title': 'Miss', 'first': 'Nikolina', 'last': 'Radivojević'}, 'location': {'street': {'number': 1653, 'name': 'Potpećka'}, 'city': 'Vrbas', 'state': 'Peć', 'country': 'Serbia', 'postcode': 62733, 'coordinates': {'latitude': '62.6359', 'longitude': '163.2982'}, 'timezone': {'offset': '+5:30', 'description': 'Bombay, Calcutta, Madras, New Delhi'}}, 'email': 'nikolina.radivojevic@example.com', 'login': {'uuid': 'a92b2be7-910d-440b-a7f6-ffb3581e2c98', 'username': 'happywolf993', 'password': 'zombie', 'salt': 'gd2saTPD', 'md5': '88f75b5f4e0d686111987d57525ba69c', 'sha1': 'bcb7b16bd5eeb7713b2b5b532dde5020520ebace', 'sha256': '30f7b87a913491ab6bf7627e7b9cce63004f9890f588d2036356ca2990820a88'}, 'dob': {'date': '1983-09-14T07:49:44.958Z', 'age': 40}, 'registered': {'date': '2006-09-03T20:41:48.830Z', 'age': 17}, 'phone': '020-8176-505', 'cell': '063-4242-103', 'id': {'name': 'SID', 'value': '740533372'}, 'picture': {'large': 'https://randomuser.me/api/portraits/women/30.jpg', 'medium': 'https://randomuser.me/api/portraits/med/women/30.jpg', 'thumbnail': 'https://randomuser.me/api/portraits/thumb/women/30.jpg'}, 'nat': 'RS'}</msg>
<arg>${json_data['results'][0]}</arg>
<doc>Logs the given message with the given level.</doc>
<status status="PASS" start="2024-04-29T10:15:28.308931" elapsed="0.000692"/>
</kw>
<kw name="Log" owner="BuiltIn">
<msg time="2024-04-29T10:15:28.310277" level="INFO">login</msg>
<arg>${key}</arg>
<doc>Logs the given message with the given level.</doc>
<status status="PASS" start="2024-04-29T10:15:28.310089" elapsed="0.000243"/>
</kw>
<var name="${key}">login</var>
<status status="PASS" start="2024-04-29T10:15:28.307491" elapsed="0.003184"/>
</iter>
<var>${key}</var>
<value>@{expected_keys}</value>
<status status="PASS" start="2024-04-29T10:15:28.295390" elapsed="0.015474"/>
</for>
<kw name="Create List" owner="BuiltIn">
<msg time="2024-04-29T10:15:28.311358" level="INFO">${expected_keysTwo} = ['username', 'password']</msg>
<var>${expected_keysTwo}</var>
<arg>username</arg>
<arg>password</arg>
<doc>Returns a list containing given items.</doc>
<status status="PASS" start="2024-04-29T10:15:28.311157" elapsed="0.000239"/>
</kw>
<for flavor="IN">
<iter>
<kw name="Dictionary Should Contain Key" owner="Collections">
<msg time="2024-04-29T10:15:28.312649" level="INFO">False</msg>
<arg>${json_data['results'][0]['login']}</arg>
<arg>${keyTwo}</arg>
<doc>Fails if ``key`` is not found from ``dictionary``.</doc>
<status status="PASS" start="2024-04-29T10:15:28.312139" elapsed="0.000551"/>
</kw>
<kw name="Dictionary Should Contain Key" owner="Collections">
<msg time="2024-04-29T10:15:28.313391" level="INFO">False</msg>
<arg>${json_data['results'][0]['login']}</arg>
<arg>${keyTwo}</arg>
<doc>Fails if ``key`` is not found from ``dictionary``.</doc>
<status status="PASS" start="2024-04-29T10:15:28.312999" elapsed="0.000430"/>
</kw>
<kw name="Log" owner="BuiltIn">
<msg time="2024-04-29T10:15:28.313857" level="INFO">username</msg>
<arg>${keyTwo}</arg>
<doc>Logs the given message with the given level.</doc>
<status status="PASS" start="2024-04-29T10:15:28.313727" elapsed="0.000177"/>
</kw>
<var name="${keyTwo}">username</var>
<status status="PASS" start="2024-04-29T10:15:28.311956" elapsed="0.002214"/>
</iter>
<iter>
<kw name="Dictionary Should Contain Key" owner="Collections">
<msg time="2024-04-29T10:15:28.314929" level="INFO">False</msg>
<arg>${json_data['results'][0]['login']}</arg>
<arg>${keyTwo}</arg>
<doc>Fails if ``key`` is not found from ``dictionary``.</doc>
<status status="PASS" start="2024-04-29T10:15:28.314459" elapsed="0.000517"/>
</kw>
<kw name="Dictionary Should Contain Key" owner="Collections">
<msg time="2024-04-29T10:15:28.315662" level="INFO">False</msg>
<arg>${json_data['results'][0]['login']}</arg>
<arg>${keyTwo}</arg>
<doc>Fails if ``key`` is not found from ``dictionary``.</doc>
<status status="PASS" start="2024-04-29T10:15:28.315276" elapsed="0.000423"/>
</kw>
<kw name="Log" owner="BuiltIn">
<msg time="2024-04-29T10:15:28.316119" level="INFO">password</msg>
<arg>${keyTwo}</arg>
<doc>Logs the given message with the given level.</doc>
<status status="PASS" start="2024-04-29T10:15:28.315990" elapsed="0.000167"/>
</kw>
<var name="${keyTwo}">password</var>
<status status="PASS" start="2024-04-29T10:15:28.314343" elapsed="0.002028"/>
</iter>
<var>${keyTwo}</var>
<value>@{expected_keysTwo}</value>
<status status="PASS" start="2024-04-29T10:15:28.311735" elapsed="0.004758"/>
</for>
<status status="PASS" start="2024-04-29T10:15:28.206962" elapsed="0.109678"/>
</kw>
<doc>Testa a estrutura da resposta da API.</doc>
<tag>testeEstruturaResposta</tag>
<status status="PASS" start="2024-04-29T10:15:28.206450" elapsed="0.110351"/>
</test>
<test id="s1-s1-t4" name="Validar tipos de dados" line="28">
<kw name="Teste de Tipos de Dados" owner="random-user-service">
<kw name="GET On Session" owner="RequestsLibrary">
<msg time="2024-04-29T10:15:28.403340" level="INFO">GET Request : url=https://randomuser.me/api 
 path_url=/api 
 headers={'User-Agent': 'python-requests/2.31.0', 'Accept-Encoding': 'gzip, deflate', 'Accept': '*/*', 'Connection': 'keep-alive'} 
 body=None 
 </msg>
<msg time="2024-04-29T10:15:28.403427" level="INFO">GET Response : url=https://randomuser.me/api 
 status=200, reason=OK 
 headers={'Date': 'Mon, 29 Apr 2024 10:15:28 GMT', 'Content-Type': 'application/json; charset=utf-8', 'Transfer-Encoding': 'chunked', 'Connection': 'keep-alive', 'X-Powered-By': 'Express', 'Access-Control-Allow-Origin': '*', 'Cache-Control': 'no-cache', 'ETag': 'W/"4ae-+G1dHHnmOHMW7DIKY7hXXuxwI04"', 'Vary': 'Accept-Encoding', 'Content-Encoding': 'gzip', 'CF-Cache-Status': 'DYNAMIC', 'Report-To': '{"endpoints":[{"url":"https:\\/\\/a.nel.cloudflare.com\\/report\\/v4?s=BK%2B1QP9GPye1RIZSpW7ES3qK5oU4r9s%2FXix3sscAwzYIDQX11MoMeUGpKnlUap3Y2GraFmsRKDjXZKlBlSjDOTdOLDu1b%2B5zXQrrhDLyy42LRz1QvVYW7WVRLnhQqu5x"}],"group":"cf-nel","max_age":604800}', 'NEL': '{"success_fraction":0,"report_to":"cf-nel","max_age":604800}', 'Server': 'cloudflare', 'CF-RAY': '87be87f20890cea8-SJC', 'alt-svc': 'h3=":443"; ma=86400'} 
 body={"results":[{"gender":"female","name":{"title":"Miss","first":"Katarina","last":"Waterval"},"location":{"street":{"number":7415,"name":"Daltonplantsoen"},"city":"Biddinghuizen","state":"Drenthe","country":"Netherlands","postcode":"3792 CS","coordinates":{"latitude":"32.9605","longitude":"167.2202"},"timezone":{"offset":"+11:00","description":"Magadan, Solomon Islands, New Caledonia"}},"email":"katarina.waterval@example.com","login":{"uuid":"7f2fb511-61b3-4dc8-bec4-0dafa856489b","username":"crazybird832","password":"saiyan","salt":"fSp1WIm3","md5":"6ecebad1241b8b1d56e307868b51dc14","sha1":"601a326c36dd5a01e0161de943790e3d3af1cac2","sha256":"414d990f47994a245157be1c9ceea5a28eabe8880c97d082b3cf5bb123d50f51"},"dob":{"date":"1981-07-31T07:35:17.702Z","age":42},"registered":{"date":"2021-03-07T08:22:07.118Z","age":3},"phone":"(053) 3356700","cell":"(06) 91121394","id":{"name":"BSN","value":"02692557"},"picture":{"large":"https://randomuser.me/api/portraits/women/64.jpg","medium":"https://randomuser.me/api/portraits/med/women/64.jpg","thumbnail":"https://randomuser.me/api/portraits/thumb/women/64.jpg"},"nat":"NL"}],"info":{"seed":"ac307d68cc2d63e8","results":1,"page":1,"version":"1.4"}} 
 </msg>
<msg time="2024-04-29T10:15:28.403491" level="INFO">/opt/hostedtoolcache/Python/3.12.3/x64/lib/python3.12/site-packages/urllib3/connectionpool.py:1103: InsecureRequestWarning: Unverified HTTPS request is being made to host 'randomuser.me'. Adding certificate verification is strongly advised. See: https://urllib3.readthedocs.io/en/latest/advanced-usage.html#tls-warnings
  warnings.warn(</msg>
<msg time="2024-04-29T10:15:28.403621" level="INFO">${response} = &lt;Response [200]&gt;</msg>
<var>${response}</var>
<arg>consultarAPI</arg>
<arg>/api</arg>
<doc>Sends a GET request on a previously created HTTP Session.</doc>
<status status="PASS" start="2024-04-29T10:15:28.319348" elapsed="0.084317"/>
</kw>
<kw name="Set Variable" owner="BuiltIn">
<msg time="2024-04-29T10:15:28.404668" level="INFO">${json_data} = {'results': [{'gender': 'female', 'name': {'title': 'Miss', 'first': 'Katarina', 'last': 'Waterval'}, 'location': {'street': {'number': 7415, 'name': 'Daltonplantsoen'}, 'city': 'Biddinghuizen', 'stat...</msg>
<var>${json_data}</var>
<arg>${response.json()}</arg>
<doc>Returns the given values which can then be assigned to a variables.</doc>
<status status="PASS" start="2024-04-29T10:15:28.404148" elapsed="0.000554"/>
</kw>
<kw name="Log" owner="BuiltIn">
<msg time="2024-04-29T10:15:28.405179" level="INFO">{'results': [{'gender': 'female', 'name': {'title': 'Miss', 'first': 'Katarina', 'last': 'Waterval'}, 'location': {'street': {'number': 7415, 'name': 'Daltonplantsoen'}, 'city': 'Biddinghuizen', 'state': 'Drenthe', 'country': 'Netherlands', 'postcode': '3792 CS', 'coordinates': {'latitude': '32.9605', 'longitude': '167.2202'}, 'timezone': {'offset': '+11:00', 'description': 'Magadan, Solomon Islands, New Caledonia'}}, 'email': 'katarina.waterval@example.com', 'login': {'uuid': '7f2fb511-61b3-4dc8-bec4-0dafa856489b', 'username': 'crazybird832', 'password': 'saiyan', 'salt': 'fSp1WIm3', 'md5': '6ecebad1241b8b1d56e307868b51dc14', 'sha1': '601a326c36dd5a01e0161de943790e3d3af1cac2', 'sha256': '414d990f47994a245157be1c9ceea5a28eabe8880c97d082b3cf5bb123d50f51'}, 'dob': {'date': '1981-07-31T07:35:17.702Z', 'age': 42}, 'registered': {'date': '2021-03-07T08:22:07.118Z', 'age': 3}, 'phone': '(053) 3356700', 'cell': '(06) 91121394', 'id': {'name': 'BSN', 'value': '02692557'}, 'picture': {'large': 'https://randomuser.me/api/portraits/women/64.jpg', 'medium': 'https://randomuser.me/api/portraits/med/women/64.jpg', 'thumbnail': 'https://randomuser.me/api/portraits/thumb/women/64.jpg'}, 'nat': 'NL'}], 'info': {'seed': 'ac307d68cc2d63e8', 'results': 1, 'page': 1, 'version': '1.4'}}</msg>
<arg>${json_data}</arg>
<doc>Logs the given message with the given level.</doc>
<status status="PASS" start="2024-04-29T10:15:28.405015" elapsed="0.000248"/>
</kw>
<kw name="Should Be String" owner="String">
<arg>${json_data['results'][0]['gender']}</arg>
<doc>Fails if the given ``item`` is not a string.</doc>
<status status="PASS" start="2024-04-29T10:15:28.405561" elapsed="0.000403"/>
</kw>
<kw name="Should Match Regexp" owner="BuiltIn">
<arg>${json_data['results'][0]['email']}</arg>
<arg>^[a-zA-Z0-9._%+-]+@[a-zA-Z0-9.-]+\.[a-zA-Z]{2,}$</arg>
<doc>Fails if ``string`` does not match ``pattern`` as a regular expression.</doc>
<status status="PASS" start="2024-04-29T10:15:28.406174" elapsed="0.000521"/>
</kw>
<kw name="Should Match Regexp" owner="BuiltIn">
<arg>${json_data['results'][0]['dob']['date']}</arg>
<arg>\\d{4}-\\d{2}-\\d{2}T\\d{2}:\\d{2}:\\d{2}\\.\\d{3}Z</arg>
<doc>Fails if ``string`` does not match ``pattern`` as a regular expression.</doc>
<status status="PASS" start="2024-04-29T10:15:28.406889" elapsed="0.000496"/>
</kw>
<kw name="Should Match Regexp" owner="BuiltIn">
<arg>${json_data['results'][0]['registered']['date']}</arg>
<arg>\\d{4}-\\d{2}-\\d{2}T\\d{2}:\\d{2}:\\d{2}\\.\\d{3}Z</arg>
<doc>Fails if ``string`` does not match ``pattern`` as a regular expression.</doc>
<status status="PASS" start="2024-04-29T10:15:28.407577" elapsed="0.000367"/>
</kw>
<kw name="Should Match Regexp" owner="BuiltIn">
<arg>${json_data['results'][0]['picture']['large']}</arg>
<arg>^https?://.*\.(?:png|jpe?g|gif|bmp)$</arg>
<doc>Fails if ``string`` does not match ``pattern`` as a regular expression.</doc>
<status status="PASS" start="2024-04-29T10:15:28.408127" elapsed="0.000463"/>
</kw>
<kw name="Should Match Regexp" owner="BuiltIn">
<arg>${json_data['results'][0]['picture']['medium']}</arg>
<arg>^https?://.*\.(?:png|jpe?g|gif|bmp)$</arg>
<doc>Fails if ``string`` does not match ``pattern`` as a regular expression.</doc>
<status status="PASS" start="2024-04-29T10:15:28.408775" elapsed="0.000359"/>
</kw>
<kw name="Should Match Regexp" owner="BuiltIn">
<arg>${json_data['results'][0]['picture']['thumbnail']}</arg>
<arg>^https?://.*\.(?:png|jpe?g|gif|bmp)$</arg>
<doc>Fails if ``string`` does not match ``pattern`` as a regular expression.</doc>
<status status="PASS" start="2024-04-29T10:15:28.409321" elapsed="0.000355"/>
</kw>
<kw name="Log" owner="BuiltIn">
<msg time="2024-04-29T10:15:28.410220" level="INFO">{'large': 'https://randomuser.me/api/portraits/women/64.jpg', 'medium': 'https://randomuser.me/api/portraits/med/women/64.jpg', 'thumbnail': 'https://randomuser.me/api/portraits/thumb/women/64.jpg'}</msg>
<arg>${json_data['results'][0]['picture']}</arg>
<doc>Logs the given message with the given level.</doc>
<status status="PASS" start="2024-04-29T10:15:28.409856" elapsed="0.000406"/>
</kw>
<status status="PASS" start="2024-04-29T10:15:28.319118" elapsed="0.091404"/>
</kw>
<kw name="Teste de Tipos de Dados - Postcode" owner="random-user-service">
<kw name="GET On Session" owner="RequestsLibrary">
<msg time="2024-04-29T10:15:28.503250" level="INFO">GET Request : url=https://randomuser.me/api 
 path_url=/api 
 headers={'User-Agent': 'python-requests/2.31.0', 'Accept-Encoding': 'gzip, deflate', 'Accept': '*/*', 'Connection': 'keep-alive'} 
 body=None 
 </msg>
<msg time="2024-04-29T10:15:28.503339" level="INFO">GET Response : url=https://randomuser.me/api 
 status=200, reason=OK 
 headers={'Date': 'Mon, 29 Apr 2024 10:15:28 GMT', 'Content-Type': 'application/json; charset=utf-8', 'Transfer-Encoding': 'chunked', 'Connection': 'keep-alive', 'X-Powered-By': 'Express', 'Access-Control-Allow-Origin': '*', 'Cache-Control': 'no-cache', 'ETag': 'W/"48c-oUArJk4ISec8huGNL93fLYOyGPE"', 'Vary': 'Accept-Encoding', 'Content-Encoding': 'gzip', 'CF-Cache-Status': 'DYNAMIC', 'Report-To': '{"endpoints":[{"url":"https:\\/\\/a.nel.cloudflare.com\\/report\\/v4?s=gOUY%2FijUnn2hAKuPkpKolWwTrYcj1Y03JTlcAGYMuEgLq68XoDtCZKERmBTkusIXTzpiroxw%2F3jnq4xQxu2LkGwZ76RtCnu4LZ0nWNvrXhT8zfCjYxee2hrWROZGjpeW"}],"group":"cf-nel","max_age":604800}', 'NEL': '{"success_fraction":0,"report_to":"cf-nel","max_age":604800}', 'Server': 'cloudflare', 'CF-RAY': '87be87f298e6cea8-SJC', 'alt-svc': 'h3=":443"; ma=86400'} 
 body={"results":[{"gender":"female","name":{"title":"Ms","first":"Molly","last":"Jordan"},"location":{"street":{"number":5776,"name":"Dublin Road"},"city":"Carrigaline","state":"Kilkenny","country":"Ireland","postcode":60129,"coordinates":{"latitude":"-0.8413","longitude":"126.4140"},"timezone":{"offset":"+5:30","description":"Bombay, Calcutta, Madras, New Delhi"}},"email":"molly.jordan@example.com","login":{"uuid":"b7db9237-8b3c-430a-a40a-54e531dd4d2f","username":"redgoose337","password":"1269","salt":"TmVncOQs","md5":"efcbb73db5067f899f5df340e536e1bf","sha1":"680ae9c7a0e57d8a1d98178c700f94b82a24b61c","sha256":"ea966d6908d72f5482c3b76381697b1a7930c95099dca38049ca8362c684ea65"},"dob":{"date":"1996-01-16T03:13:51.162Z","age":28},"registered":{"date":"2009-09-23T05:17:39.473Z","age":14},"phone":"011-882-8197","cell":"081-564-8236","id":{"name":"PPS","value":"4690644T"},"picture":{"large":"https://randomuser.me/api/portraits/women/21.jpg","medium":"https://randomuser.me/api/portraits/med/women/21.jpg","thumbnail":"https://randomuser.me/api/portraits/thumb/women/21.jpg"},"nat":"IE"}],"info":{"seed":"1d2c6892079d156a","results":1,"page":1,"version":"1.4"}} 
 </msg>
<msg time="2024-04-29T10:15:28.503407" level="INFO">/opt/hostedtoolcache/Python/3.12.3/x64/lib/python3.12/site-packages/urllib3/connectionpool.py:1103: InsecureRequestWarning: Unverified HTTPS request is being made to host 'randomuser.me'. Adding certificate verification is strongly advised. See: https://urllib3.readthedocs.io/en/latest/advanced-usage.html#tls-warnings
  warnings.warn(</msg>
<msg time="2024-04-29T10:15:28.503540" level="INFO">${response} = &lt;Response [200]&gt;</msg>
<var>${response}</var>
<arg>consultarAPI</arg>
<arg>/api</arg>
<doc>Sends a GET request on a previously created HTTP Session.</doc>
<status status="PASS" start="2024-04-29T10:15:28.410981" elapsed="0.092603"/>
</kw>
<kw name="Set Variable" owner="BuiltIn">
<msg time="2024-04-29T10:15:28.504590" level="INFO">${json_data} = {'results': [{'gender': 'female', 'name': {'title': 'Ms', 'first': 'Molly', 'last': 'Jordan'}, 'location': {'street': {'number': 5776, 'name': 'Dublin Road'}, 'city': 'Carrigaline', 'state': 'Kilkenny...</msg>
<var>${json_data}</var>
<arg>${response.json()}</arg>
<doc>Returns the given values which can then be assigned to a variables.</doc>
<status status="PASS" start="2024-04-29T10:15:28.504062" elapsed="0.000557"/>
</kw>
<kw name="Log" owner="BuiltIn">
<msg time="2024-04-29T10:15:28.505111" level="INFO">{'results': [{'gender': 'female', 'name': {'title': 'Ms', 'first': 'Molly', 'last': 'Jordan'}, 'location': {'street': {'number': 5776, 'name': 'Dublin Road'}, 'city': 'Carrigaline', 'state': 'Kilkenny', 'country': 'Ireland', 'postcode': 60129, 'coordinates': {'latitude': '-0.8413', 'longitude': '126.4140'}, 'timezone': {'offset': '+5:30', 'description': 'Bombay, Calcutta, Madras, New Delhi'}}, 'email': 'molly.jordan@example.com', 'login': {'uuid': 'b7db9237-8b3c-430a-a40a-54e531dd4d2f', 'username': 'redgoose337', 'password': '1269', 'salt': 'TmVncOQs', 'md5': 'efcbb73db5067f899f5df340e536e1bf', 'sha1': '680ae9c7a0e57d8a1d98178c700f94b82a24b61c', 'sha256': 'ea966d6908d72f5482c3b76381697b1a7930c95099dca38049ca8362c684ea65'}, 'dob': {'date': '1996-01-16T03:13:51.162Z', 'age': 28}, 'registered': {'date': '2009-09-23T05:17:39.473Z', 'age': 14}, 'phone': '011-882-8197', 'cell': '081-564-8236', 'id': {'name': 'PPS', 'value': '4690644T'}, 'picture': {'large': 'https://randomuser.me/api/portraits/women/21.jpg', 'medium': 'https://randomuser.me/api/portraits/med/women/21.jpg', 'thumbnail': 'https://randomuser.me/api/portraits/thumb/women/21.jpg'}, 'nat': 'IE'}], 'info': {'seed': '1d2c6892079d156a', 'results': 1, 'page': 1, 'version': '1.4'}}</msg>
<arg>${json_data}</arg>
<doc>Logs the given message with the given level.</doc>
<status status="PASS" start="2024-04-29T10:15:28.504947" elapsed="0.000250"/>
</kw>
<kw name="Should Be Equal As Numbers" owner="BuiltIn">
<arg>${json_data['results'][0]['location']['postcode']}</arg>
<arg>${json_data['results'][0]['location']['postcode']}</arg>
<doc>Fails if objects are unequal after converting them to real numbers.</doc>
<status status="PASS" start="2024-04-29T10:15:28.505692" elapsed="0.000692"/>
</kw>
<kw name="Log" owner="BuiltIn">
<msg time="2024-04-29T10:15:28.506933" level="INFO">60129</msg>
<arg>${json_data['results'][0]['location']['postcode']}</arg>
<doc>Logs the given message with the given level.</doc>
<status status="PASS" start="2024-04-29T10:15:28.506587" elapsed="0.000387"/>
</kw>
<status status="PASS" start="2024-04-29T10:15:28.410748" elapsed="0.096483"/>
</kw>
<doc>Testa se os tipos de dados na resposta da API estão corretos.</doc>
<tag>testeTiposDados</tag>
<status status="PASS" start="2024-04-29T10:15:28.318671" elapsed="0.188736"/>
</test>
<test id="s1-s1-t5" name="Validar conteudo" line="35">
<kw name="Teste de Tipos de Conteudo" owner="random-user-service">
<kw name="GET On Session" owner="RequestsLibrary">
<msg time="2024-04-29T10:15:28.606168" level="INFO">GET Request : url=https://randomuser.me/api 
 path_url=/api 
 headers={'User-Agent': 'python-requests/2.31.0', 'Accept-Encoding': 'gzip, deflate', 'Accept': '*/*', 'Connection': 'keep-alive'} 
 body=None 
 </msg>
<msg time="2024-04-29T10:15:28.606273" level="INFO">GET Response : url=https://randomuser.me/api 
 status=200, reason=OK 
 headers={'Date': 'Mon, 29 Apr 2024 10:15:28 GMT', 'Content-Type': 'application/json; charset=utf-8', 'Transfer-Encoding': 'chunked', 'Connection': 'keep-alive', 'X-Powered-By': 'Express', 'Access-Control-Allow-Origin': '*', 'Cache-Control': 'no-cache', 'ETag': 'W/"491-jzxKv3TbLuvSY/MlFC7FvJ2joiE"', 'Vary': 'Accept-Encoding', 'Content-Encoding': 'gzip', 'CF-Cache-Status': 'DYNAMIC', 'Report-To': '{"endpoints":[{"url":"https:\\/\\/a.nel.cloudflare.com\\/report\\/v4?s=Vy97TUtmihbeqILiU7jIJbSIMBnTBGZqGtRCMaIOIAIL53vFL%2Fwi2Ma5k6oDtDEHWrr%2FSUFy6aVTgQG9NBvAg6iF5LmSBj2I4a3C%2BsaXdmqEmGWVqE3wKnvT8ehMZ%2BRV"}],"group":"cf-nel","max_age":604800}', 'NEL': '{"success_fraction":0,"report_to":"cf-nel","max_age":604800}', 'Server': 'cloudflare', 'CF-RAY': '87be87f33947cea8-SJC', 'alt-svc': 'h3=":443"; ma=86400'} 
 body={"results":[{"gender":"female","name":{"title":"Mrs","first":"Soledad","last":"Román"},"location":{"street":{"number":3153,"name":"Calle del Pez"},"city":"Alicante","state":"Comunidad Valenciana","country":"Spain","postcode":49940,"coordinates":{"latitude":"-30.7680","longitude":"84.3014"},"timezone":{"offset":"-12:00","description":"Eniwetok, Kwajalein"}},"email":"soledad.roman@example.com","login":{"uuid":"ec605d09-7f1f-4706-b696-66d436882ad5","username":"happygorilla472","password":"matthew","salt":"7h7CcyBx","md5":"b0c39e46ea4d5213ce99665a85c8925e","sha1":"08b4b5db2b16d7fbc78c6392e8a6dc6ea9da122c","sha256":"680b9519a7532dfcb4f40007082b91811cc279f2096f02f4d735ea3a95309200"},"dob":{"date":"1991-06-18T17:34:43.016Z","age":32},"registered":{"date":"2007-04-11T10:44:58.116Z","age":17},"phone":"935-516-832","cell":"672-043-466","id":{"name":"DNI","value":"60257799-K"},"picture":{"large":"https://randomuser.me/api/portraits/women/20.jpg","medium":"https://randomuser.me/api/portraits/med/women/20.jpg","thumbnail":"https://randomuser.me/api/portraits/thumb/women/20.jpg"},"nat":"ES"}],"info":{"seed":"70dface00103ef6a","results":1,"page":1,"version":"1.4"}} 
 </msg>
<msg time="2024-04-29T10:15:28.606357" level="INFO">/opt/hostedtoolcache/Python/3.12.3/x64/lib/python3.12/site-packages/urllib3/connectionpool.py:1103: InsecureRequestWarning: Unverified HTTPS request is being made to host 'randomuser.me'. Adding certificate verification is strongly advised. See: https://urllib3.readthedocs.io/en/latest/advanced-usage.html#tls-warnings
  warnings.warn(</msg>
<msg time="2024-04-29T10:15:28.606493" level="INFO">${response} = &lt;Response [200]&gt;</msg>
<var>${response}</var>
<arg>consultarAPI</arg>
<arg>/api</arg>
<doc>Sends a GET request on a previously created HTTP Session.</doc>
<status status="PASS" start="2024-04-29T10:15:28.510362" elapsed="0.096175"/>
</kw>
<kw name="Set Variable" owner="BuiltIn">
<msg time="2024-04-29T10:15:28.607541" level="INFO">${json_data} = {'results': [{'gender': 'female', 'name': {'title': 'Mrs', 'first': 'Soledad', 'last': 'Román'}, 'location': {'street': {'number': 3153, 'name': 'Calle del Pez'}, 'city': 'Alicante', 'state': 'Comunid...</msg>
<var>${json_data}</var>
<arg>${response.json()}</arg>
<doc>Returns the given values which can then be assigned to a variables.</doc>
<status status="PASS" start="2024-04-29T10:15:28.607024" elapsed="0.000546"/>
</kw>
<kw name="Set Variable" owner="BuiltIn">
<msg time="2024-04-29T10:15:28.608318" level="INFO">${name_title} = Mrs</msg>
<var>${name_title}</var>
<arg>${json_data["results"][0]["name"]["title"]}</arg>
<doc>Returns the given values which can then be assigned to a variables.</doc>
<status status="PASS" start="2024-04-29T10:15:28.607880" elapsed="0.000467"/>
</kw>
<kw name="Create List" owner="BuiltIn">
<msg time="2024-04-29T10:15:28.608854" level="INFO">${allowed_titles} = ['Mr', 'Ms', 'Miss', 'Mrs', 'Madame', 'Monsieur']</msg>
<var>${allowed_titles}</var>
<arg>Mr</arg>
<arg>Ms</arg>
<arg>Miss</arg>
<arg>Mrs</arg>
<arg>Madame</arg>
<arg>Monsieur</arg>
<doc>Returns a list containing given items.</doc>
<status status="PASS" start="2024-04-29T10:15:28.608701" elapsed="0.000178"/>
</kw>
<kw name="List Should Contain Value" owner="Collections">
<msg time="2024-04-29T10:15:28.609365" level="INFO">False</msg>
<arg>${allowed_titles}</arg>
<arg>${name_title}</arg>
<doc>Fails if the ``value`` is not found from ``list``.</doc>
<status status="PASS" start="2024-04-29T10:15:28.609185" elapsed="0.000218"/>
</kw>
<kw name="Set Variable" owner="BuiltIn">
<msg time="2024-04-29T10:15:28.610107" level="INFO">${name_country} = ES</msg>
<var>${name_country}</var>
<arg>${json_data["results"][0]["nat"]}</arg>
<doc>Returns the given values which can then be assigned to a variables.</doc>
<status status="PASS" start="2024-04-29T10:15:28.609696" elapsed="0.000437"/>
</kw>
<kw name="Create List" owner="BuiltIn">
<msg time="2024-04-29T10:15:28.611045" level="INFO">${list_country} = ['AD', 'AE', 'AF', 'AG', 'AI', 'AL', 'AM', 'AO', 'AQ', 'AR', 'AS', 'AT', 'AU', 'AW', 'AX', 'AZ', 'BA', 'BB', 'BD', 'BE', 'BF', 'BG', 'BH', 'BI', 'BJ', 'BL', 'BM', 'BN', 'BO', 'BQ', 'BR', 'BS', 'BT', '...</msg>
<var>${list_country}</var>
<arg>AD</arg>
<arg>AE</arg>
<arg>AF</arg>
<arg>AG</arg>
<arg>AI</arg>
<arg>AL</arg>
<arg>AM</arg>
<arg>AO</arg>
<arg>AQ</arg>
<arg>AR</arg>
<arg>AS</arg>
<arg>AT</arg>
<arg>AU</arg>
<arg>AW</arg>
<arg>AX</arg>
<arg>AZ</arg>
<arg>BA</arg>
<arg>BB</arg>
<arg>BD</arg>
<arg>BE</arg>
<arg>BF</arg>
<arg>BG</arg>
<arg>BH</arg>
<arg>BI</arg>
<arg>BJ</arg>
<arg>BL</arg>
<arg>BM</arg>
<arg>BN</arg>
<arg>BO</arg>
<arg>BQ</arg>
<arg>BR</arg>
<arg>BS</arg>
<arg>BT</arg>
<arg>BV</arg>
<arg>BW</arg>
<arg>BY</arg>
<arg>BZ</arg>
<arg>CA</arg>
<arg>CC</arg>
<arg>CD</arg>
<arg>CF</arg>
<arg>CG</arg>
<arg>CH</arg>
<arg>CI</arg>
<arg>CK</arg>
<arg>CL</arg>
<arg>CM</arg>
<arg>CN</arg>
<arg>CO</arg>
<arg>CR</arg>
<arg>CU</arg>
<arg>CV</arg>
<arg>CW</arg>
<arg>CX</arg>
<arg>CY</arg>
<arg>CZ</arg>
<arg>DE</arg>
<arg>DJ</arg>
<arg>DK</arg>
<arg>DM</arg>
<arg>DO</arg>
<arg>DZ</arg>
<arg>EC</arg>
<arg>EE</arg>
<arg>EG</arg>
<arg>EH</arg>
<arg>ER</arg>
<arg>ES</arg>
<arg>ET</arg>
<arg>FI</arg>
<arg>FJ</arg>
<arg>FK</arg>
<arg>FM</arg>
<arg>FO</arg>
<arg>FR</arg>
<arg>GA</arg>
<arg>GB</arg>
<arg>GD</arg>
<arg>GE</arg>
<arg>GF</arg>
<arg>GG</arg>
<arg>GH</arg>
<arg>GI</arg>
<arg>GL</arg>
<arg>GM</arg>
<arg>GN</arg>
<arg>GP</arg>
<arg>GQ</arg>
<arg>GR</arg>
<arg>GS</arg>
<arg>GT</arg>
<arg>GU</arg>
<arg>GW</arg>
<arg>GY</arg>
<arg>HK</arg>
<arg>HM</arg>
<arg>HN</arg>
<arg>HR</arg>
<arg>HT</arg>
<arg>HU</arg>
<arg>ID</arg>
<arg>IE</arg>
<arg>IL</arg>
<arg>IM</arg>
<arg>IN</arg>
<arg>IO</arg>
<arg>IQ</arg>
<arg>IR</arg>
<arg>IS</arg>
<arg>IT</arg>
<arg>JE</arg>
<arg>JM</arg>
<arg>JO</arg>
<arg>JP</arg>
<arg>KE</arg>
<arg>KG</arg>
<arg>KH</arg>
<arg>KI</arg>
<arg>KM</arg>
<arg>KN</arg>
<arg>KP</arg>
<arg>KR</arg>
<arg>KW</arg>
<arg>KY</arg>
<arg>KZ</arg>
<arg>LA</arg>
<arg>LB</arg>
<arg>LC</arg>
<arg>LI</arg>
<arg>LK</arg>
<arg>LR</arg>
<arg>LS</arg>
<arg>LT</arg>
<arg>LU</arg>
<arg>LV</arg>
<arg>LY</arg>
<arg>MA</arg>
<arg>MC</arg>
<arg>MD</arg>
<arg>ME</arg>
<arg>MF</arg>
<arg>MG</arg>
<arg>MH</arg>
<arg>MK</arg>
<arg>ML</arg>
<arg>MM</arg>
<arg>MN</arg>
<arg>MO</arg>
<arg>MP</arg>
<arg>MQ</arg>
<arg>MR</arg>
<arg>MS</arg>
<arg>MT</arg>
<arg>MU</arg>
<arg>MV</arg>
<arg>MW</arg>
<arg>MX</arg>
<arg>MY</arg>
<arg>MZ</arg>
<arg>NA</arg>
<arg>NC</arg>
<arg>NE</arg>
<arg>NF</arg>
<arg>NG</arg>
<arg>NI</arg>
<arg>NL</arg>
<arg>NO</arg>
<arg>NP</arg>
<arg>NR</arg>
<arg>NU</arg>
<arg>NZ</arg>
<arg>OM</arg>
<arg>PA</arg>
<arg>PE</arg>
<arg>PF</arg>
<arg>PG</arg>
<arg>PH</arg>
<arg>PK</arg>
<arg>PL</arg>
<arg>PM</arg>
<arg>PN</arg>
<arg>PR</arg>
<arg>PS</arg>
<arg>PT</arg>
<arg>PW</arg>
<arg>PY</arg>
<arg>QA</arg>
<arg>RE</arg>
<arg>RO</arg>
<arg>RS</arg>
<arg>RU</arg>
<arg>RW</arg>
<arg>SA</arg>
<arg>SB</arg>
<arg>SC</arg>
<arg>SD</arg>
<arg>SE</arg>
<arg>SG</arg>
<arg>SH</arg>
<arg>SI</arg>
<arg>SJ</arg>
<arg>SK</arg>
<arg>SL</arg>
<arg>SM</arg>
<arg>SN</arg>
<arg>SO</arg>
<arg>SR</arg>
<arg>SS</arg>
<arg>ST</arg>
<arg>SV</arg>
<arg>SX</arg>
<arg>SY</arg>
<arg>SZ</arg>
<arg>TC</arg>
<arg>TD</arg>
<arg>TF</arg>
<arg>TG</arg>
<arg>TH</arg>
<arg>TJ</arg>
<arg>TK</arg>
<arg>TL</arg>
<arg>TM</arg>
<arg>TN</arg>
<arg>TO</arg>
<arg>TR</arg>
<arg>TT</arg>
<arg>TV</arg>
<arg>TW</arg>
<arg>TZ</arg>
<arg>UA</arg>
<arg>UG</arg>
<arg>UM</arg>
<arg>US</arg>
<arg>UY</arg>
<arg>UZ</arg>
<arg>VA</arg>
<arg>VC</arg>
<arg>VE</arg>
<arg>VG</arg>
<arg>VI</arg>
<arg>VN</arg>
<arg>VU</arg>
<arg>WF</arg>
<arg>WS</arg>
<arg>XK</arg>
<arg>YE</arg>
<arg>YT</arg>
<arg>ZA</arg>
<arg>ZM</arg>
<arg>ZW</arg>
<doc>Returns a list containing given items.</doc>
<status status="PASS" start="2024-04-29T10:15:28.610450" elapsed="0.000621"/>
</kw>
<kw name="List Should Contain Value" owner="Collections">
<msg time="2024-04-29T10:15:28.612068" level="INFO">False</msg>
<arg>${list_country}</arg>
<arg>${name_country}</arg>
<doc>Fails if the ``value`` is not found from ``list``.</doc>
<status status="PASS" start="2024-04-29T10:15:28.611863" elapsed="0.000242"/>
</kw>
<kw name="Run Keyword If" owner="BuiltIn">
<kw name="Should Be True" owner="BuiltIn">
<arg>${True}</arg>
<doc>Fails if the given condition is not true.</doc>
<status status="PASS" start="2024-04-29T10:15:28.613184" elapsed="0.000259"/>
</kw>
<arg>${json_data["results"][0]["location"]["coordinates"]["latitude"]} &gt;= -90 and ${json_data["results"][0]["location"]["coordinates"]["latitude"]} &lt;= 90</arg>
<arg>Should Be True</arg>
<arg>${True}</arg>
<doc>Runs the given keyword with the given arguments, if ``condition`` is true.</doc>
<status status="PASS" start="2024-04-29T10:15:28.612421" elapsed="0.001157"/>
</kw>
<kw name="Run Keyword If" owner="BuiltIn">
<kw name="Should Be True" owner="BuiltIn">
<arg>${True}</arg>
<doc>Fails if the given condition is not true.</doc>
<status status="PASS" start="2024-04-29T10:15:28.614506" elapsed="0.000138"/>
</kw>
<arg>${json_data["results"][0]["location"]["coordinates"]["longitude"]} &gt;= -180 and ${json_data["results"][0]["location"]["coordinates"]["longitude"]} &lt;= 180</arg>
<arg>Should Be True</arg>
<arg>${True}</arg>
<doc>Runs the given keyword with the given arguments, if ``condition`` is true.</doc>
<status status="PASS" start="2024-04-29T10:15:28.613766" elapsed="0.001002"/>
</kw>
<status status="PASS" start="2024-04-29T10:15:28.509952" elapsed="0.104948"/>
</kw>
<doc>Testa o conteúdo específico dos campos retornados pela API.</doc>
<tag>testeConteudo</tag>
<status status="PASS" start="2024-04-29T10:15:28.509222" elapsed="0.105831"/>
</test>
<status status="PASS" start="2024-04-29T10:15:27.775083" elapsed="0.841900"/>
</suite>
<status status="PASS" start="2024-04-29T10:15:27.761530" elapsed="0.860547"/>
</suite>
<statistics>
<total>
<stat pass="5" fail="0" skip="0">All Tests</stat>
</total>
<tag>
<stat pass="1" fail="0" skip="0">testeConteudo</stat>
<stat pass="1" fail="0" skip="0">testeEstruturaResposta</stat>
<stat pass="1" fail="0" skip="0">testeRequisicaoBasica</stat>
<stat pass="1" fail="0" skip="0">testeTiposDados</stat>
</tag>
<suite>
<stat pass="5" fail="0" skip="0" id="s1" name="Tests">Tests</stat>
<stat pass="5" fail="0" skip="0" id="s1-s1" name="Random-User-Test">Tests.Random-User-Test</stat>
</suite>
</statistics>
<errors>
</errors>
</robot>
