<?xml version="1.0" encoding="UTF-8"?>
<robot generator="Robot 7.0 (Python 3.12.3 on linux)" generated="2024-05-06T14:14:02.192095" rpa="false" schemaversion="5">
<suite id="s1" name="Tests" source="/home/runner/work/DesafioQAItauRogerioJordao/DesafioQAItauRogerioJordao/RamdonUser/tests">
<suite id="s1-s1" name="Random-User-Test" source="/home/runner/work/DesafioQAItauRogerioJordao/DesafioQAItauRogerioJordao/RamdonUser/tests/random-user-test.robot">
<test id="s1-s1-t1" name="Conectar" line="13">
<kw name="Conectar API" owner="random-user-service">
<kw name="Create Session" owner="RequestsLibrary">
<msg time="2024-05-06T14:14:02.585693" level="INFO">Creating Session using : alias=consultarAPI, url=https://randomuser.me/, headers={},                     cookies={}, auth=None, timeout=None, proxies=None, verify=False,                     debug=0 </msg>
<arg>consultarAPI</arg>
<arg>${URL}</arg>
<doc>Create Session: create a HTTP session to a server</doc>
<status status="PASS" start="2024-05-06T14:14:02.585485" elapsed="0.000404"/>
</kw>
<status status="PASS" start="2024-05-06T14:14:02.584476" elapsed="0.001788"/>
</kw>
<status status="PASS" start="2024-05-06T14:14:02.583908" elapsed="0.002553"/>
</test>
<test id="s1-s1-t2" name="Validar retorno 200 e JSON Válido" line="16">
<kw name="Teste de Requisicao Basica" owner="random-user-service">
<kw name="GET On Session" owner="RequestsLibrary">
<msg time="2024-05-06T14:14:02.803785" level="INFO">GET Request : url=https://randomuser.me/api 
 path_url=/api 
 headers={'User-Agent': 'python-requests/2.31.0', 'Accept-Encoding': 'gzip, deflate', 'Accept': '*/*', 'Connection': 'keep-alive'} 
 body=None 
 </msg>
<msg time="2024-05-06T14:14:02.803950" level="INFO">GET Response : url=https://randomuser.me/api 
 status=200, reason=OK 
 headers={'Date': 'Mon, 06 May 2024 14:14:02 GMT', 'Content-Type': 'application/json; charset=utf-8', 'Transfer-Encoding': 'chunked', 'Connection': 'keep-alive', 'X-Powered-By': 'Express', 'Access-Control-Allow-Origin': '*', 'Cache-Control': 'no-cache', 'ETag': 'W/"48f-B0a+nxHvoGTNv/4AKF1FxGq5dB8"', 'Vary': 'Accept-Encoding', 'Content-Encoding': 'gzip', 'CF-Cache-Status': 'DYNAMIC', 'Report-To': '{"endpoints":[{"url":"https:\\/\\/a.nel.cloudflare.com\\/report\\/v4?s=v4QmpHDyUyE1Lg3C5b%2FTdtU%2Fh1dukK9Q9dPpgAgeXAkzlVLjpFOGJHNt6Bc0iYD1Pd4bcdj4THcD%2BO8i5X765EtlMyxMPoe%2FvXf2G5BkKLpKwFyt6AIT0904arv3NtHp"}],"group":"cf-nel","max_age":604800}', 'NEL': '{"success_fraction":0,"report_to":"cf-nel","max_age":604800}', 'Server': 'cloudflare', 'CF-RAY': '87f9930b1a28061e-IAD', 'alt-svc': 'h3=":443"; ma=86400'} 
 body={"results":[{"gender":"male","name":{"title":"Mr","first":"آرتين","last":"موسوی"},"location":{"street":{"number":3093,"name":"میرزای شیرازی"},"city":"قم","state":"مرکزی","country":"Iran","postcode":32417,"coordinates":{"latitude":"13.8237","longitude":"-119.0912"},"timezone":{"offset":"+9:00","description":"Tokyo, Seoul, Osaka, Sapporo, Yakutsk"}},"email":"artyn.mwswy@example.com","login":{"uuid":"0ae4cba3-1cdf-4f1a-afb0-f43d161c6d15","username":"sadbear950","password":"wearing","salt":"gXZ90eM3","md5":"472acf197880120ddaac4ada5b94f1d9","sha1":"c62da244dbc3c79e6f4616187f84c9a87341a2ae","sha256":"c174665e37722f2ed5e757fe13c8d43d33181093e24a36564ab6489431e0da94"},"dob":{"date":"1960-08-20T19:12:04.999Z","age":63},"registered":{"date":"2006-02-13T02:55:12.724Z","age":18},"phone":"004-07380305","cell":"0992-033-4942","id":{"name":"","value":null},"picture":{"large":"https://randomuser.me/api/portraits/men/85.jpg","medium":"https://randomuser.me/api/portraits/med/men/85.jpg","thumbnail":"https://randomuser.me/api/portraits/thumb/men/85.jpg"},"nat":"IR"}],"info":{"seed":"0c79a84b413acadb","results":1,"page":1,"version":"1.4"}} 
 </msg>
<msg time="2024-05-06T14:14:02.804043" level="INFO">/opt/hostedtoolcache/Python/3.12.3/x64/lib/python3.12/site-packages/urllib3/connectionpool.py:1103: InsecureRequestWarning: Unverified HTTPS request is being made to host 'randomuser.me'. Adding certificate verification is strongly advised. See: https://urllib3.readthedocs.io/en/latest/advanced-usage.html#tls-warnings
  warnings.warn(</msg>
<msg time="2024-05-06T14:14:02.804238" level="INFO">${response} = &lt;Response [200]&gt;</msg>
<var>${response}</var>
<arg>consultarAPI</arg>
<arg>/api</arg>
<doc>Sends a GET request on a previously created HTTP Session.</doc>
<status status="PASS" start="2024-05-06T14:14:02.589074" elapsed="0.215210"/>
</kw>
<kw name="Should Be Equal As Numbers" owner="BuiltIn">
<msg time="2024-05-06T14:14:02.805317" level="INFO">Argument types are:
&lt;class 'int'&gt;
&lt;class 'str'&gt;</msg>
<arg>${response.status_code}</arg>
<arg>200</arg>
<doc>Fails if objects are unequal after converting them to real numbers.</doc>
<status status="PASS" start="2024-05-06T14:14:02.804843" elapsed="0.000540"/>
</kw>
<kw name="Log" owner="BuiltIn">
<msg time="2024-05-06T14:14:02.806110" level="INFO">200</msg>
<arg>${response.status_code}</arg>
<doc>Logs the given message with the given level.</doc>
<status status="PASS" start="2024-05-06T14:14:02.805737" elapsed="0.000418"/>
</kw>
<kw name="Set Variable" owner="BuiltIn">
<msg time="2024-05-06T14:14:02.806948" level="INFO">${json_data} = {'results': [{'gender': 'male', 'name': {'title': 'Mr', 'first': 'آرتين', 'last': 'موسوی'}, 'location': {'street': {'number': 3093, 'name': 'میرزای شیرازی'}, 'city': 'قم', 'state': 'مرکزی', 'country':...</msg>
<var>${json_data}</var>
<arg>${response.json()}</arg>
<doc>Returns the given values which can then be assigned to a variables.</doc>
<status status="PASS" start="2024-05-06T14:14:02.806469" elapsed="0.000509"/>
</kw>
<kw name="Dictionary Should Contain Key" owner="Collections">
<msg time="2024-05-06T14:14:02.807465" level="INFO">False</msg>
<arg>${json_data}</arg>
<arg>results</arg>
<doc>Fails if ``key`` is not found from ``dictionary``.</doc>
<status status="PASS" start="2024-05-06T14:14:02.807289" elapsed="0.000216"/>
</kw>
<status status="PASS" start="2024-05-06T14:14:02.588829" elapsed="0.218943"/>
</kw>
<doc>Testa se a API responde corretamente e retorna um objeto JSON válido.</doc>
<tag>testeRequisicaoBasica</tag>
<status status="PASS" start="2024-05-06T14:14:02.588376" elapsed="0.219588"/>
</test>
<test id="s1-s1-t3" name="Validar estrutura de resposta" line="22">
<kw name="Teste de Estrutura de Resposta" owner="random-user-service">
<kw name="GET On Session" owner="RequestsLibrary">
<msg time="2024-05-06T14:14:02.971013" level="INFO">GET Request : url=https://randomuser.me/api 
 path_url=/api 
 headers={'User-Agent': 'python-requests/2.31.0', 'Accept-Encoding': 'gzip, deflate', 'Accept': '*/*', 'Connection': 'keep-alive'} 
 body=None 
 </msg>
<msg time="2024-05-06T14:14:02.971113" level="INFO">GET Response : url=https://randomuser.me/api 
 status=200, reason=OK 
 headers={'Date': 'Mon, 06 May 2024 14:14:02 GMT', 'Content-Type': 'application/json; charset=utf-8', 'Transfer-Encoding': 'chunked', 'Connection': 'keep-alive', 'X-Powered-By': 'Express', 'Access-Control-Allow-Origin': '*', 'Cache-Control': 'no-cache', 'ETag': 'W/"490-HPnXNy390Uad5YZBh1AuQh8BXxo"', 'Vary': 'Accept-Encoding', 'Content-Encoding': 'gzip', 'CF-Cache-Status': 'DYNAMIC', 'Report-To': '{"endpoints":[{"url":"https:\\/\\/a.nel.cloudflare.com\\/report\\/v4?s=dfvJsX8W%2FqsFrKphfCB6hyLpE%2FNT7xr3DPmJR8JeUK6ipVD0ZCwPXjUNhkBWuz3Rmpwktsn%2FwWp4cP9nqJK0xw%2Bf%2F8LYL0siLQhS3lipIttc2KW6XIpoWmGMlr%2Feao95"}],"group":"cf-nel","max_age":604800}', 'NEL': '{"success_fraction":0,"report_to":"cf-nel","max_age":604800}', 'Server': 'cloudflare', 'CF-RAY': '87f9930b9aa7061e-IAD', 'alt-svc': 'h3=":443"; ma=86400'} 
 body={"results":[{"gender":"male","name":{"title":"Mr","first":"Daniel","last":"Ginnish"},"location":{"street":{"number":6089,"name":"Arctic Way"},"city":"Westport","state":"Manitoba","country":"Canada","postcode":"Y3R 8P9","coordinates":{"latitude":"-65.7391","longitude":"-34.3978"},"timezone":{"offset":"-4:00","description":"Atlantic Time (Canada), Caracas, La Paz"}},"email":"daniel.ginnish@example.com","login":{"uuid":"35492f38-4d12-45b3-a106-95cbb4f4963b","username":"angrykoala634","password":"active","salt":"sZhiwRni","md5":"458a74a86e07ca59d8e3e5b656e693c9","sha1":"e22aeb560c8d8e44053b65a845edd9ffe7526f43","sha256":"17d0b748eca9b6e437eea5181790d669fbbcd8903039d2282df1ca8fa87a5518"},"dob":{"date":"1963-03-02T03:20:18.160Z","age":61},"registered":{"date":"2017-12-15T05:47:05.377Z","age":6},"phone":"R29 H53-2615","cell":"A01 G18-7690","id":{"name":"SIN","value":"509176616"},"picture":{"large":"https://randomuser.me/api/portraits/men/71.jpg","medium":"https://randomuser.me/api/portraits/med/men/71.jpg","thumbnail":"https://randomuser.me/api/portraits/thumb/men/71.jpg"},"nat":"CA"}],"info":{"seed":"1ad3c05ba8a1b348","results":1,"page":1,"version":"1.4"}} 
 </msg>
<msg time="2024-05-06T14:14:02.971252" level="INFO">/opt/hostedtoolcache/Python/3.12.3/x64/lib/python3.12/site-packages/urllib3/connectionpool.py:1103: InsecureRequestWarning: Unverified HTTPS request is being made to host 'randomuser.me'. Adding certificate verification is strongly advised. See: https://urllib3.readthedocs.io/en/latest/advanced-usage.html#tls-warnings
  warnings.warn(</msg>
<msg time="2024-05-06T14:14:02.971394" level="INFO">${response} = &lt;Response [200]&gt;</msg>
<var>${response}</var>
<arg>consultarAPI</arg>
<arg>/api</arg>
<doc>Sends a GET request on a previously created HTTP Session.</doc>
<status status="PASS" start="2024-05-06T14:14:02.810940" elapsed="0.160483"/>
</kw>
<kw name="Set Variable" owner="BuiltIn">
<msg time="2024-05-06T14:14:02.972514" level="INFO">${json_data} = {'results': [{'gender': 'male', 'name': {'title': 'Mr', 'first': 'Daniel', 'last': 'Ginnish'}, 'location': {'street': {'number': 6089, 'name': 'Arctic Way'}, 'city': 'Westport', 'state': 'Manitoba', '...</msg>
<var>${json_data}</var>
<arg>${response.json()}</arg>
<doc>Returns the given values which can then be assigned to a variables.</doc>
<status status="PASS" start="2024-05-06T14:14:02.971978" elapsed="0.000564"/>
</kw>
<kw name="Log" owner="BuiltIn">
<msg time="2024-05-06T14:14:02.973017" level="INFO">{'results': [{'gender': 'male', 'name': {'title': 'Mr', 'first': 'Daniel', 'last': 'Ginnish'}, 'location': {'street': {'number': 6089, 'name': 'Arctic Way'}, 'city': 'Westport', 'state': 'Manitoba', 'country': 'Canada', 'postcode': 'Y3R 8P9', 'coordinates': {'latitude': '-65.7391', 'longitude': '-34.3978'}, 'timezone': {'offset': '-4:00', 'description': 'Atlantic Time (Canada), Caracas, La Paz'}}, 'email': 'daniel.ginnish@example.com', 'login': {'uuid': '35492f38-4d12-45b3-a106-95cbb4f4963b', 'username': 'angrykoala634', 'password': 'active', 'salt': 'sZhiwRni', 'md5': '458a74a86e07ca59d8e3e5b656e693c9', 'sha1': 'e22aeb560c8d8e44053b65a845edd9ffe7526f43', 'sha256': '17d0b748eca9b6e437eea5181790d669fbbcd8903039d2282df1ca8fa87a5518'}, 'dob': {'date': '1963-03-02T03:20:18.160Z', 'age': 61}, 'registered': {'date': '2017-12-15T05:47:05.377Z', 'age': 6}, 'phone': 'R29 H53-2615', 'cell': 'A01 G18-7690', 'id': {'name': 'SIN', 'value': '509176616'}, 'picture': {'large': 'https://randomuser.me/api/portraits/men/71.jpg', 'medium': 'https://randomuser.me/api/portraits/med/men/71.jpg', 'thumbnail': 'https://randomuser.me/api/portraits/thumb/men/71.jpg'}, 'nat': 'CA'}], 'info': {'seed': '1ad3c05ba8a1b348', 'results': 1, 'page': 1, 'version': '1.4'}}</msg>
<arg>${json_data}</arg>
<doc>Logs the given message with the given level.</doc>
<status status="PASS" start="2024-05-06T14:14:02.972855" elapsed="0.000210"/>
</kw>
<kw name="Dictionary Should Contain Key" owner="Collections">
<msg time="2024-05-06T14:14:02.973525" level="INFO">False</msg>
<arg>${json_data}</arg>
<arg>results</arg>
<doc>Fails if ``key`` is not found from ``dictionary``.</doc>
<status status="PASS" start="2024-05-06T14:14:02.973359" elapsed="0.000204"/>
</kw>
<kw name="Should Not Be Empty" owner="BuiltIn">
<msg time="2024-05-06T14:14:02.974073" level="INFO">Length is 2.</msg>
<arg>${json_data}</arg>
<doc>Verifies that the given item is not empty.</doc>
<status status="PASS" start="2024-05-06T14:14:02.973887" elapsed="0.000476"/>
</kw>
<kw name="Create List" owner="BuiltIn">
<msg time="2024-05-06T14:14:02.975107" level="INFO">${expected_keys} = ['gender', 'name', 'location', 'email', 'login']</msg>
<var>${expected_keys}</var>
<arg>gender</arg>
<arg>name</arg>
<arg>location</arg>
<arg>email</arg>
<arg>login</arg>
<doc>Returns a list containing given items.</doc>
<status status="PASS" start="2024-05-06T14:14:02.974864" elapsed="0.000282"/>
</kw>
<for flavor="IN">
<iter>
<kw name="Dictionary Should Contain Key" owner="Collections">
<msg time="2024-05-06T14:14:02.976724" level="INFO">False</msg>
<arg>${json_data['results'][0]}</arg>
<arg>${key}</arg>
<doc>Fails if ``key`` is not found from ``dictionary``.</doc>
<status status="PASS" start="2024-05-06T14:14:02.976044" elapsed="0.000745"/>
</kw>
<kw name="Log" owner="BuiltIn">
<msg time="2024-05-06T14:14:02.977868" level="INFO">{'gender': 'male', 'name': {'title': 'Mr', 'first': 'Daniel', 'last': 'Ginnish'}, 'location': {'street': {'number': 6089, 'name': 'Arctic Way'}, 'city': 'Westport', 'state': 'Manitoba', 'country': 'Canada', 'postcode': 'Y3R 8P9', 'coordinates': {'latitude': '-65.7391', 'longitude': '-34.3978'}, 'timezone': {'offset': '-4:00', 'description': 'Atlantic Time (Canada), Caracas, La Paz'}}, 'email': 'daniel.ginnish@example.com', 'login': {'uuid': '35492f38-4d12-45b3-a106-95cbb4f4963b', 'username': 'angrykoala634', 'password': 'active', 'salt': 'sZhiwRni', 'md5': '458a74a86e07ca59d8e3e5b656e693c9', 'sha1': 'e22aeb560c8d8e44053b65a845edd9ffe7526f43', 'sha256': '17d0b748eca9b6e437eea5181790d669fbbcd8903039d2282df1ca8fa87a5518'}, 'dob': {'date': '1963-03-02T03:20:18.160Z', 'age': 61}, 'registered': {'date': '2017-12-15T05:47:05.377Z', 'age': 6}, 'phone': 'R29 H53-2615', 'cell': 'A01 G18-7690', 'id': {'name': 'SIN', 'value': '509176616'}, 'picture': {'large': 'https://randomuser.me/api/portraits/men/71.jpg', 'medium': 'https://randomuser.me/api/portraits/med/men/71.jpg', 'thumbnail': 'https://randomuser.me/api/portraits/thumb/men/71.jpg'}, 'nat': 'CA'}</msg>
<arg>${json_data['results'][0]}</arg>
<doc>Logs the given message with the given level.</doc>
<status status="PASS" start="2024-05-06T14:14:02.977266" elapsed="0.000684"/>
</kw>
<kw name="Log" owner="BuiltIn">
<msg time="2024-05-06T14:14:02.978573" level="INFO">gender</msg>
<arg>${key}</arg>
<doc>Logs the given message with the given level.</doc>
<status status="PASS" start="2024-05-06T14:14:02.978374" elapsed="0.000283"/>
</kw>
<var name="${key}">gender</var>
<status status="PASS" start="2024-05-06T14:14:02.975833" elapsed="0.003135"/>
</iter>
<iter>
<kw name="Dictionary Should Contain Key" owner="Collections">
<msg time="2024-05-06T14:14:02.980004" level="INFO">False</msg>
<arg>${json_data['results'][0]}</arg>
<arg>${key}</arg>
<doc>Fails if ``key`` is not found from ``dictionary``.</doc>
<status status="PASS" start="2024-05-06T14:14:02.979414" elapsed="0.000648"/>
</kw>
<kw name="Log" owner="BuiltIn">
<msg time="2024-05-06T14:14:02.981162" level="INFO">{'gender': 'male', 'name': {'title': 'Mr', 'first': 'Daniel', 'last': 'Ginnish'}, 'location': {'street': {'number': 6089, 'name': 'Arctic Way'}, 'city': 'Westport', 'state': 'Manitoba', 'country': 'Canada', 'postcode': 'Y3R 8P9', 'coordinates': {'latitude': '-65.7391', 'longitude': '-34.3978'}, 'timezone': {'offset': '-4:00', 'description': 'Atlantic Time (Canada), Caracas, La Paz'}}, 'email': 'daniel.ginnish@example.com', 'login': {'uuid': '35492f38-4d12-45b3-a106-95cbb4f4963b', 'username': 'angrykoala634', 'password': 'active', 'salt': 'sZhiwRni', 'md5': '458a74a86e07ca59d8e3e5b656e693c9', 'sha1': 'e22aeb560c8d8e44053b65a845edd9ffe7526f43', 'sha256': '17d0b748eca9b6e437eea5181790d669fbbcd8903039d2282df1ca8fa87a5518'}, 'dob': {'date': '1963-03-02T03:20:18.160Z', 'age': 61}, 'registered': {'date': '2017-12-15T05:47:05.377Z', 'age': 6}, 'phone': 'R29 H53-2615', 'cell': 'A01 G18-7690', 'id': {'name': 'SIN', 'value': '509176616'}, 'picture': {'large': 'https://randomuser.me/api/portraits/men/71.jpg', 'medium': 'https://randomuser.me/api/portraits/med/men/71.jpg', 'thumbnail': 'https://randomuser.me/api/portraits/thumb/men/71.jpg'}, 'nat': 'CA'}</msg>
<arg>${json_data['results'][0]}</arg>
<doc>Logs the given message with the given level.</doc>
<status status="PASS" start="2024-05-06T14:14:02.980554" elapsed="0.000694"/>
</kw>
<kw name="Log" owner="BuiltIn">
<msg time="2024-05-06T14:14:02.981933" level="INFO">name</msg>
<arg>${key}</arg>
<doc>Logs the given message with the given level.</doc>
<status status="PASS" start="2024-05-06T14:14:02.981723" elapsed="0.000279"/>
</kw>
<var name="${key}">name</var>
<status status="PASS" start="2024-05-06T14:14:02.979247" elapsed="0.003082"/>
</iter>
<iter>
<kw name="Dictionary Should Contain Key" owner="Collections">
<msg time="2024-05-06T14:14:02.983462" level="INFO">False</msg>
<arg>${json_data['results'][0]}</arg>
<arg>${key}</arg>
<doc>Fails if ``key`` is not found from ``dictionary``.</doc>
<status status="PASS" start="2024-05-06T14:14:02.982859" elapsed="0.000658"/>
</kw>
<kw name="Log" owner="BuiltIn">
<msg time="2024-05-06T14:14:02.984559" level="INFO">{'gender': 'male', 'name': {'title': 'Mr', 'first': 'Daniel', 'last': 'Ginnish'}, 'location': {'street': {'number': 6089, 'name': 'Arctic Way'}, 'city': 'Westport', 'state': 'Manitoba', 'country': 'Canada', 'postcode': 'Y3R 8P9', 'coordinates': {'latitude': '-65.7391', 'longitude': '-34.3978'}, 'timezone': {'offset': '-4:00', 'description': 'Atlantic Time (Canada), Caracas, La Paz'}}, 'email': 'daniel.ginnish@example.com', 'login': {'uuid': '35492f38-4d12-45b3-a106-95cbb4f4963b', 'username': 'angrykoala634', 'password': 'active', 'salt': 'sZhiwRni', 'md5': '458a74a86e07ca59d8e3e5b656e693c9', 'sha1': 'e22aeb560c8d8e44053b65a845edd9ffe7526f43', 'sha256': '17d0b748eca9b6e437eea5181790d669fbbcd8903039d2282df1ca8fa87a5518'}, 'dob': {'date': '1963-03-02T03:20:18.160Z', 'age': 61}, 'registered': {'date': '2017-12-15T05:47:05.377Z', 'age': 6}, 'phone': 'R29 H53-2615', 'cell': 'A01 G18-7690', 'id': {'name': 'SIN', 'value': '509176616'}, 'picture': {'large': 'https://randomuser.me/api/portraits/men/71.jpg', 'medium': 'https://randomuser.me/api/portraits/med/men/71.jpg', 'thumbnail': 'https://randomuser.me/api/portraits/thumb/men/71.jpg'}, 'nat': 'CA'}</msg>
<arg>${json_data['results'][0]}</arg>
<doc>Logs the given message with the given level.</doc>
<status status="PASS" start="2024-05-06T14:14:02.983970" elapsed="0.000675"/>
</kw>
<kw name="Log" owner="BuiltIn">
<msg time="2024-05-06T14:14:02.985299" level="INFO">location</msg>
<arg>${key}</arg>
<doc>Logs the given message with the given level.</doc>
<status status="PASS" start="2024-05-06T14:14:02.985098" elapsed="0.000269"/>
</kw>
<var name="${key}">location</var>
<status status="PASS" start="2024-05-06T14:14:02.982653" elapsed="0.003038"/>
</iter>
<iter>
<kw name="Dictionary Should Contain Key" owner="Collections">
<msg time="2024-05-06T14:14:02.986831" level="INFO">False</msg>
<arg>${json_data['results'][0]}</arg>
<arg>${key}</arg>
<doc>Fails if ``key`` is not found from ``dictionary``.</doc>
<status status="PASS" start="2024-05-06T14:14:02.986151" elapsed="0.000750"/>
</kw>
<kw name="Log" owner="BuiltIn">
<msg time="2024-05-06T14:14:02.987998" level="INFO">{'gender': 'male', 'name': {'title': 'Mr', 'first': 'Daniel', 'last': 'Ginnish'}, 'location': {'street': {'number': 6089, 'name': 'Arctic Way'}, 'city': 'Westport', 'state': 'Manitoba', 'country': 'Canada', 'postcode': 'Y3R 8P9', 'coordinates': {'latitude': '-65.7391', 'longitude': '-34.3978'}, 'timezone': {'offset': '-4:00', 'description': 'Atlantic Time (Canada), Caracas, La Paz'}}, 'email': 'daniel.ginnish@example.com', 'login': {'uuid': '35492f38-4d12-45b3-a106-95cbb4f4963b', 'username': 'angrykoala634', 'password': 'active', 'salt': 'sZhiwRni', 'md5': '458a74a86e07ca59d8e3e5b656e693c9', 'sha1': 'e22aeb560c8d8e44053b65a845edd9ffe7526f43', 'sha256': '17d0b748eca9b6e437eea5181790d669fbbcd8903039d2282df1ca8fa87a5518'}, 'dob': {'date': '1963-03-02T03:20:18.160Z', 'age': 61}, 'registered': {'date': '2017-12-15T05:47:05.377Z', 'age': 6}, 'phone': 'R29 H53-2615', 'cell': 'A01 G18-7690', 'id': {'name': 'SIN', 'value': '509176616'}, 'picture': {'large': 'https://randomuser.me/api/portraits/men/71.jpg', 'medium': 'https://randomuser.me/api/portraits/med/men/71.jpg', 'thumbnail': 'https://randomuser.me/api/portraits/thumb/men/71.jpg'}, 'nat': 'CA'}</msg>
<arg>${json_data['results'][0]}</arg>
<doc>Logs the given message with the given level.</doc>
<status status="PASS" start="2024-05-06T14:14:02.987392" elapsed="0.000693"/>
</kw>
<kw name="Log" owner="BuiltIn">
<msg time="2024-05-06T14:14:02.988712" level="INFO">email</msg>
<arg>${key}</arg>
<doc>Logs the given message with the given level.</doc>
<status status="PASS" start="2024-05-06T14:14:02.988511" elapsed="0.000268"/>
</kw>
<var name="${key}">email</var>
<status status="PASS" start="2024-05-06T14:14:02.985950" elapsed="0.003172"/>
</iter>
<iter>
<kw name="Dictionary Should Contain Key" owner="Collections">
<msg time="2024-05-06T14:14:02.990257" level="INFO">False</msg>
<arg>${json_data['results'][0]}</arg>
<arg>${key}</arg>
<doc>Fails if ``key`` is not found from ``dictionary``.</doc>
<status status="PASS" start="2024-05-06T14:14:02.989592" elapsed="0.000721"/>
</kw>
<kw name="Log" owner="BuiltIn">
<msg time="2024-05-06T14:14:02.991383" level="INFO">{'gender': 'male', 'name': {'title': 'Mr', 'first': 'Daniel', 'last': 'Ginnish'}, 'location': {'street': {'number': 6089, 'name': 'Arctic Way'}, 'city': 'Westport', 'state': 'Manitoba', 'country': 'Canada', 'postcode': 'Y3R 8P9', 'coordinates': {'latitude': '-65.7391', 'longitude': '-34.3978'}, 'timezone': {'offset': '-4:00', 'description': 'Atlantic Time (Canada), Caracas, La Paz'}}, 'email': 'daniel.ginnish@example.com', 'login': {'uuid': '35492f38-4d12-45b3-a106-95cbb4f4963b', 'username': 'angrykoala634', 'password': 'active', 'salt': 'sZhiwRni', 'md5': '458a74a86e07ca59d8e3e5b656e693c9', 'sha1': 'e22aeb560c8d8e44053b65a845edd9ffe7526f43', 'sha256': '17d0b748eca9b6e437eea5181790d669fbbcd8903039d2282df1ca8fa87a5518'}, 'dob': {'date': '1963-03-02T03:20:18.160Z', 'age': 61}, 'registered': {'date': '2017-12-15T05:47:05.377Z', 'age': 6}, 'phone': 'R29 H53-2615', 'cell': 'A01 G18-7690', 'id': {'name': 'SIN', 'value': '509176616'}, 'picture': {'large': 'https://randomuser.me/api/portraits/men/71.jpg', 'medium': 'https://randomuser.me/api/portraits/med/men/71.jpg', 'thumbnail': 'https://randomuser.me/api/portraits/thumb/men/71.jpg'}, 'nat': 'CA'}</msg>
<arg>${json_data['results'][0]}</arg>
<doc>Logs the given message with the given level.</doc>
<status status="PASS" start="2024-05-06T14:14:02.990776" elapsed="0.000695"/>
</kw>
<kw name="Log" owner="BuiltIn">
<msg time="2024-05-06T14:14:02.992124" level="INFO">login</msg>
<arg>${key}</arg>
<doc>Logs the given message with the given level.</doc>
<status status="PASS" start="2024-05-06T14:14:02.991925" elapsed="0.000268"/>
</kw>
<var name="${key}">login</var>
<status status="PASS" start="2024-05-06T14:14:02.989414" elapsed="0.003174"/>
</iter>
<var>${key}</var>
<value>@{expected_keys}</value>
<status status="PASS" start="2024-05-06T14:14:02.975534" elapsed="0.017279"/>
</for>
<kw name="Create List" owner="BuiltIn">
<msg time="2024-05-06T14:14:02.993352" level="INFO">${expected_keysTwo} = ['username', 'password']</msg>
<var>${expected_keysTwo}</var>
<arg>username</arg>
<arg>password</arg>
<doc>Returns a list containing given items.</doc>
<status status="PASS" start="2024-05-06T14:14:02.993134" elapsed="0.000261"/>
</kw>
<for flavor="IN">
<iter>
<kw name="Dictionary Should Contain Key" owner="Collections">
<msg time="2024-05-06T14:14:02.994890" level="INFO">False</msg>
<arg>${json_data['results'][0]['login']}</arg>
<arg>${keyTwo}</arg>
<doc>Fails if ``key`` is not found from ``dictionary``.</doc>
<status status="PASS" start="2024-05-06T14:14:02.994213" elapsed="0.000736"/>
</kw>
<kw name="Dictionary Should Contain Key" owner="Collections">
<msg time="2024-05-06T14:14:02.996094" level="INFO">False</msg>
<arg>${json_data['results'][0]['login']}</arg>
<arg>${keyTwo}</arg>
<doc>Fails if ``key`` is not found from ``dictionary``.</doc>
<status status="PASS" start="2024-05-06T14:14:02.995417" elapsed="0.000743"/>
</kw>
<kw name="Log" owner="BuiltIn">
<msg time="2024-05-06T14:14:02.996809" level="INFO">username</msg>
<arg>${keyTwo}</arg>
<doc>Logs the given message with the given level.</doc>
<status status="PASS" start="2024-05-06T14:14:02.996607" elapsed="0.000275"/>
</kw>
<var name="${keyTwo}">username</var>
<status status="PASS" start="2024-05-06T14:14:02.994040" elapsed="0.003181"/>
</iter>
<iter>
<kw name="Dictionary Should Contain Key" owner="Collections">
<msg time="2024-05-06T14:14:02.998019" level="INFO">False</msg>
<arg>${json_data['results'][0]['login']}</arg>
<arg>${keyTwo}</arg>
<doc>Fails if ``key`` is not found from ``dictionary``.</doc>
<status status="PASS" start="2024-05-06T14:14:02.997531" elapsed="0.000530"/>
</kw>
<kw name="Dictionary Should Contain Key" owner="Collections">
<msg time="2024-05-06T14:14:02.998801" level="INFO">False</msg>
<arg>${json_data['results'][0]['login']}</arg>
<arg>${keyTwo}</arg>
<doc>Fails if ``key`` is not found from ``dictionary``.</doc>
<status status="PASS" start="2024-05-06T14:14:02.998369" elapsed="0.000471"/>
</kw>
<kw name="Log" owner="BuiltIn">
<msg time="2024-05-06T14:14:02.999274" level="INFO">password</msg>
<arg>${keyTwo}</arg>
<doc>Logs the given message with the given level.</doc>
<status status="PASS" start="2024-05-06T14:14:02.999143" elapsed="0.000169"/>
</kw>
<var name="${keyTwo}">password</var>
<status status="PASS" start="2024-05-06T14:14:02.997413" elapsed="0.002118"/>
</iter>
<var>${keyTwo}</var>
<value>@{expected_keysTwo}</value>
<status status="PASS" start="2024-05-06T14:14:02.993790" elapsed="0.005865"/>
</for>
<status status="PASS" start="2024-05-06T14:14:02.810571" elapsed="0.189230"/>
</kw>
<doc>Testa a estrutura da resposta da API.</doc>
<tag>testeEstruturaResposta</tag>
<status status="PASS" start="2024-05-06T14:14:02.809902" elapsed="0.190062"/>
</test>
<test id="s1-s1-t4" name="Validar tipos de dados" line="28">
<kw name="Teste de Tipos de Dados" owner="random-user-service">
<kw name="GET On Session" owner="RequestsLibrary">
<msg time="2024-05-06T14:14:03.049358" level="INFO">GET Request : url=https://randomuser.me/api 
 path_url=/api 
 headers={'User-Agent': 'python-requests/2.31.0', 'Accept-Encoding': 'gzip, deflate', 'Accept': '*/*', 'Connection': 'keep-alive'} 
 body=None 
 </msg>
<msg time="2024-05-06T14:14:03.049438" level="INFO">GET Response : url=https://randomuser.me/api 
 status=200, reason=OK 
 headers={'Date': 'Mon, 06 May 2024 14:14:03 GMT', 'Content-Type': 'application/json; charset=utf-8', 'Transfer-Encoding': 'chunked', 'Connection': 'keep-alive', 'X-Powered-By': 'Express', 'Access-Control-Allow-Origin': '*', 'Cache-Control': 'no-cache', 'ETag': 'W/"48f-+PmJpE8xEsHxzLxfi8MKOvS7f+8"', 'Vary': 'Accept-Encoding', 'Content-Encoding': 'gzip', 'CF-Cache-Status': 'DYNAMIC', 'Report-To': '{"endpoints":[{"url":"https:\\/\\/a.nel.cloudflare.com\\/report\\/v4?s=UeRBw6UfWarY57ghraMl9skY4e2uZzUqLietunhL%2Fccji6HlU5HtWD0BKH1qp4%2BtTG4KR%2FWLZpEHUnByMg1nIlxK3bcXJcilZJ5OD4iFVD6IjREpvKqdoQ9EU8MQwKoE"}],"group":"cf-nel","max_age":604800}', 'NEL': '{"success_fraction":0,"report_to":"cf-nel","max_age":604800}', 'Server': 'cloudflare', 'CF-RAY': '87f9930ccbd6061e-IAD', 'alt-svc': 'h3=":443"; ma=86400'} 
 body={"results":[{"gender":"male","name":{"title":"Mr","first":"Milodar","last":"Primachenko"},"location":{"street":{"number":2472,"name":"Kadiyivska"},"city":"Monastiriska","state":"Zaporizka","country":"Ukraine","postcode":65897,"coordinates":{"latitude":"74.8265","longitude":"-148.1488"},"timezone":{"offset":"+8:00","description":"Beijing, Perth, Singapore, Hong Kong"}},"email":"milodar.primachenko@example.com","login":{"uuid":"8bd36849-74fa-42fa-9112-e49d51156aa0","username":"bigcat910","password":"alaska","salt":"Es7Oi8NL","md5":"1af3da3b9285e3eaed4461d9367c1ab8","sha1":"362e84f62a7c9a07b9e792ae7ee3d7286f99bc30","sha256":"6277a4c1743711dd4c3a648bd0b576f64d0b565d4c721a8c331ad89f0049947c"},"dob":{"date":"1959-04-12T00:21:04.726Z","age":65},"registered":{"date":"2014-10-12T00:16:50.722Z","age":9},"phone":"(068) B13-4660","cell":"(099) O26-7784","id":{"name":"","value":null},"picture":{"large":"https://randomuser.me/api/portraits/men/82.jpg","medium":"https://randomuser.me/api/portraits/med/men/82.jpg","thumbnail":"https://randomuser.me/api/portraits/thumb/men/82.jpg"},"nat":"UA"}],"info":{"seed":"1af6b09d920e0705","results":1,"page":1,"version":"1.4"}} 
 </msg>
<msg time="2024-05-06T14:14:03.049501" level="INFO">/opt/hostedtoolcache/Python/3.12.3/x64/lib/python3.12/site-packages/urllib3/connectionpool.py:1103: InsecureRequestWarning: Unverified HTTPS request is being made to host 'randomuser.me'. Adding certificate verification is strongly advised. See: https://urllib3.readthedocs.io/en/latest/advanced-usage.html#tls-warnings
  warnings.warn(</msg>
<msg time="2024-05-06T14:14:03.049599" level="INFO">${response} = &lt;Response [200]&gt;</msg>
<var>${response}</var>
<arg>consultarAPI</arg>
<arg>/api</arg>
<doc>Sends a GET request on a previously created HTTP Session.</doc>
<status status="PASS" start="2024-05-06T14:14:03.002463" elapsed="0.047164"/>
</kw>
<kw name="Set Variable" owner="BuiltIn">
<msg time="2024-05-06T14:14:03.050567" level="INFO">${json_data} = {'results': [{'gender': 'male', 'name': {'title': 'Mr', 'first': 'Milodar', 'last': 'Primachenko'}, 'location': {'street': {'number': 2472, 'name': 'Kadiyivska'}, 'city': 'Monastiriska', 'state': 'Zap...</msg>
<var>${json_data}</var>
<arg>${response.json()}</arg>
<doc>Returns the given values which can then be assigned to a variables.</doc>
<status status="PASS" start="2024-05-06T14:14:03.050077" elapsed="0.000553"/>
</kw>
<kw name="Log" owner="BuiltIn">
<msg time="2024-05-06T14:14:03.051113" level="INFO">{'results': [{'gender': 'male', 'name': {'title': 'Mr', 'first': 'Milodar', 'last': 'Primachenko'}, 'location': {'street': {'number': 2472, 'name': 'Kadiyivska'}, 'city': 'Monastiriska', 'state': 'Zaporizka', 'country': 'Ukraine', 'postcode': 65897, 'coordinates': {'latitude': '74.8265', 'longitude': '-148.1488'}, 'timezone': {'offset': '+8:00', 'description': 'Beijing, Perth, Singapore, Hong Kong'}}, 'email': 'milodar.primachenko@example.com', 'login': {'uuid': '8bd36849-74fa-42fa-9112-e49d51156aa0', 'username': 'bigcat910', 'password': 'alaska', 'salt': 'Es7Oi8NL', 'md5': '1af3da3b9285e3eaed4461d9367c1ab8', 'sha1': '362e84f62a7c9a07b9e792ae7ee3d7286f99bc30', 'sha256': '6277a4c1743711dd4c3a648bd0b576f64d0b565d4c721a8c331ad89f0049947c'}, 'dob': {'date': '1959-04-12T00:21:04.726Z', 'age': 65}, 'registered': {'date': '2014-10-12T00:16:50.722Z', 'age': 9}, 'phone': '(068) B13-4660', 'cell': '(099) O26-7784', 'id': {'name': '', 'value': None}, 'picture': {'large': 'https://randomuser.me/api/portraits/men/82.jpg', 'medium': 'https://randomuser.me/api/portraits/med/men/82.jpg', 'thumbnail': 'https://randomuser.me/api/portraits/thumb/men/82.jpg'}, 'nat': 'UA'}], 'info': {'seed': '1af6b09d920e0705', 'results': 1, 'page': 1, 'version': '1.4'}}</msg>
<arg>${json_data}</arg>
<doc>Logs the given message with the given level.</doc>
<status status="PASS" start="2024-05-06T14:14:03.050953" elapsed="0.000242"/>
</kw>
<kw name="Should Be String" owner="String">
<arg>${json_data['results'][0]['gender']}</arg>
<doc>Fails if the given ``item`` is not a string.</doc>
<status status="PASS" start="2024-05-06T14:14:03.051498" elapsed="0.000366"/>
</kw>
<kw name="Should Match Regexp" owner="BuiltIn">
<arg>${json_data['results'][0]['email']}</arg>
<arg>^[a-zA-Z0-9._%+-]+@[a-zA-Z0-9.-]+\.[a-zA-Z]{2,}$</arg>
<doc>Fails if ``string`` does not match ``pattern`` as a regular expression.</doc>
<status status="PASS" start="2024-05-06T14:14:03.052059" elapsed="0.000517"/>
</kw>
<kw name="Should Match Regexp" owner="BuiltIn">
<arg>${json_data['results'][0]['dob']['date']}</arg>
<arg>\\d{4}-\\d{2}-\\d{2}T\\d{2}:\\d{2}:\\d{2}\\.\\d{3}Z</arg>
<doc>Fails if ``string`` does not match ``pattern`` as a regular expression.</doc>
<status status="PASS" start="2024-05-06T14:14:03.052772" elapsed="0.000491"/>
</kw>
<kw name="Should Match Regexp" owner="BuiltIn">
<arg>${json_data['results'][0]['registered']['date']}</arg>
<arg>\\d{4}-\\d{2}-\\d{2}T\\d{2}:\\d{2}:\\d{2}\\.\\d{3}Z</arg>
<doc>Fails if ``string`` does not match ``pattern`` as a regular expression.</doc>
<status status="PASS" start="2024-05-06T14:14:03.053453" elapsed="0.000371"/>
</kw>
<kw name="Should Match Regexp" owner="BuiltIn">
<arg>${json_data['results'][0]['picture']['large']}</arg>
<arg>^https?://.*\.(?:png|jpe?g|gif|bmp)$</arg>
<doc>Fails if ``string`` does not match ``pattern`` as a regular expression.</doc>
<status status="PASS" start="2024-05-06T14:14:03.054016" elapsed="0.000453"/>
</kw>
<kw name="Should Match Regexp" owner="BuiltIn">
<arg>${json_data['results'][0]['picture']['medium']}</arg>
<arg>^https?://.*\.(?:png|jpe?g|gif|bmp)$</arg>
<doc>Fails if ``string`` does not match ``pattern`` as a regular expression.</doc>
<status status="PASS" start="2024-05-06T14:14:03.054677" elapsed="0.000359"/>
</kw>
<kw name="Should Match Regexp" owner="BuiltIn">
<arg>${json_data['results'][0]['picture']['thumbnail']}</arg>
<arg>^https?://.*\.(?:png|jpe?g|gif|bmp)$</arg>
<doc>Fails if ``string`` does not match ``pattern`` as a regular expression.</doc>
<status status="PASS" start="2024-05-06T14:14:03.055245" elapsed="0.000352"/>
</kw>
<kw name="Log" owner="BuiltIn">
<msg time="2024-05-06T14:14:03.056103" level="INFO">{'large': 'https://randomuser.me/api/portraits/men/82.jpg', 'medium': 'https://randomuser.me/api/portraits/med/men/82.jpg', 'thumbnail': 'https://randomuser.me/api/portraits/thumb/men/82.jpg'}</msg>
<arg>${json_data['results'][0]['picture']}</arg>
<doc>Logs the given message with the given level.</doc>
<status status="PASS" start="2024-05-06T14:14:03.055778" elapsed="0.000366"/>
</kw>
<status status="PASS" start="2024-05-06T14:14:03.002230" elapsed="0.054172"/>
</kw>
<kw name="Teste de Tipos de Dados - Postcode" owner="random-user-service">
<kw name="GET On Session" owner="RequestsLibrary">
<msg time="2024-05-06T14:14:03.166294" level="INFO">GET Request : url=https://randomuser.me/api 
 path_url=/api 
 headers={'User-Agent': 'python-requests/2.31.0', 'Accept-Encoding': 'gzip, deflate', 'Accept': '*/*', 'Connection': 'keep-alive'} 
 body=None 
 </msg>
<msg time="2024-05-06T14:14:03.166392" level="INFO">GET Response : url=https://randomuser.me/api 
 status=200, reason=OK 
 headers={'Date': 'Mon, 06 May 2024 14:14:03 GMT', 'Content-Type': 'application/json; charset=utf-8', 'Transfer-Encoding': 'chunked', 'Connection': 'keep-alive', 'X-Powered-By': 'Express', 'Access-Control-Allow-Origin': '*', 'Cache-Control': 'no-cache', 'ETag': 'W/"473-UOF7b9ojUhposrRu6xkh57hrJ5s"', 'Vary': 'Accept-Encoding', 'Content-Encoding': 'gzip', 'CF-Cache-Status': 'DYNAMIC', 'Report-To': '{"endpoints":[{"url":"https:\\/\\/a.nel.cloudflare.com\\/report\\/v4?s=hssZrmFSRXGfQhvPEZ6Y2n1vVSByOsGaczWnCQYYfmA95xhrSeOrmUE0IOu2HdaHdpC86RhNaSm8S1708KLw2X7Q%2FYoxcltzcpn0FSKkNRPzxiNEHj%2BGP9OEb6%2BDoK96"}],"group":"cf-nel","max_age":604800}', 'NEL': '{"success_fraction":0,"report_to":"cf-nel","max_age":604800}', 'Server': 'cloudflare', 'CF-RAY': '87f9930d1c40061e-IAD', 'alt-svc': 'h3=":443"; ma=86400'} 
 body={"results":[{"gender":"female","name":{"title":"Mrs","first":"Sedef","last":"Nalbantoğlu"},"location":{"street":{"number":4115,"name":"Filistin Cd"},"city":"Aydın","state":"Adana","country":"Turkey","postcode":70555,"coordinates":{"latitude":"70.6664","longitude":"77.0885"},"timezone":{"offset":"-2:00","description":"Mid-Atlantic"}},"email":"sedef.nalbantoglu@example.com","login":{"uuid":"e9756910-a55c-48f0-a53b-e82010c5295d","username":"sadwolf559","password":"carlos","salt":"tuUH8cxu","md5":"a2c2ce8c3582b2107adf9624dec6bd1a","sha1":"a3d5b65c55a1d72da7515dadb43da317fe48fe14","sha256":"e4fa0a33ee0d5258771939ac6a09af434120de81016fdd62b6c56b0c186719eb"},"dob":{"date":"1954-11-17T22:46:33.220Z","age":69},"registered":{"date":"2003-06-16T03:51:24.845Z","age":20},"phone":"(073)-153-8326","cell":"(006)-000-2279","id":{"name":"","value":null},"picture":{"large":"https://randomuser.me/api/portraits/women/12.jpg","medium":"https://randomuser.me/api/portraits/med/women/12.jpg","thumbnail":"https://randomuser.me/api/portraits/thumb/women/12.jpg"},"nat":"TR"}],"info":{"seed":"40ce462317d6ff2d","results":1,"page":1,"version":"1.4"}} 
 </msg>
<msg time="2024-05-06T14:14:03.166467" level="INFO">/opt/hostedtoolcache/Python/3.12.3/x64/lib/python3.12/site-packages/urllib3/connectionpool.py:1103: InsecureRequestWarning: Unverified HTTPS request is being made to host 'randomuser.me'. Adding certificate verification is strongly advised. See: https://urllib3.readthedocs.io/en/latest/advanced-usage.html#tls-warnings
  warnings.warn(</msg>
<msg time="2024-05-06T14:14:03.166586" level="INFO">${response} = &lt;Response [200]&gt;</msg>
<var>${response}</var>
<arg>consultarAPI</arg>
<arg>/api</arg>
<doc>Sends a GET request on a previously created HTTP Session.</doc>
<status status="PASS" start="2024-05-06T14:14:03.056854" elapsed="0.109795"/>
</kw>
<kw name="Set Variable" owner="BuiltIn">
<msg time="2024-05-06T14:14:03.167706" level="INFO">${json_data} = {'results': [{'gender': 'female', 'name': {'title': 'Mrs', 'first': 'Sedef', 'last': 'Nalbantoğlu'}, 'location': {'street': {'number': 4115, 'name': 'Filistin Cd'}, 'city': 'Aydın', 'state': 'Adana', ...</msg>
<var>${json_data}</var>
<arg>${response.json()}</arg>
<doc>Returns the given values which can then be assigned to a variables.</doc>
<status status="PASS" start="2024-05-06T14:14:03.167182" elapsed="0.000554"/>
</kw>
<kw name="Log" owner="BuiltIn">
<msg time="2024-05-06T14:14:03.168211" level="INFO">{'results': [{'gender': 'female', 'name': {'title': 'Mrs', 'first': 'Sedef', 'last': 'Nalbantoğlu'}, 'location': {'street': {'number': 4115, 'name': 'Filistin Cd'}, 'city': 'Aydın', 'state': 'Adana', 'country': 'Turkey', 'postcode': 70555, 'coordinates': {'latitude': '70.6664', 'longitude': '77.0885'}, 'timezone': {'offset': '-2:00', 'description': 'Mid-Atlantic'}}, 'email': 'sedef.nalbantoglu@example.com', 'login': {'uuid': 'e9756910-a55c-48f0-a53b-e82010c5295d', 'username': 'sadwolf559', 'password': 'carlos', 'salt': 'tuUH8cxu', 'md5': 'a2c2ce8c3582b2107adf9624dec6bd1a', 'sha1': 'a3d5b65c55a1d72da7515dadb43da317fe48fe14', 'sha256': 'e4fa0a33ee0d5258771939ac6a09af434120de81016fdd62b6c56b0c186719eb'}, 'dob': {'date': '1954-11-17T22:46:33.220Z', 'age': 69}, 'registered': {'date': '2003-06-16T03:51:24.845Z', 'age': 20}, 'phone': '(073)-153-8326', 'cell': '(006)-000-2279', 'id': {'name': '', 'value': None}, 'picture': {'large': 'https://randomuser.me/api/portraits/women/12.jpg', 'medium': 'https://randomuser.me/api/portraits/med/women/12.jpg', 'thumbnail': 'https://randomuser.me/api/portraits/thumb/women/12.jpg'}, 'nat': 'TR'}], 'info': {'seed': '40ce462317d6ff2d', 'results': 1, 'page': 1, 'version': '1.4'}}</msg>
<arg>${json_data}</arg>
<doc>Logs the given message with the given level.</doc>
<status status="PASS" start="2024-05-06T14:14:03.168047" elapsed="0.000248"/>
</kw>
<kw name="Should Be Equal As Numbers" owner="BuiltIn">
<arg>${json_data['results'][0]['location']['postcode']}</arg>
<arg>${json_data['results'][0]['location']['postcode']}</arg>
<doc>Fails if objects are unequal after converting them to real numbers.</doc>
<status status="PASS" start="2024-05-06T14:14:03.168777" elapsed="0.000628"/>
</kw>
<kw name="Log" owner="BuiltIn">
<msg time="2024-05-06T14:14:03.169929" level="INFO">70555</msg>
<arg>${json_data['results'][0]['location']['postcode']}</arg>
<doc>Logs the given message with the given level.</doc>
<status status="PASS" start="2024-05-06T14:14:03.169597" elapsed="0.000371"/>
</kw>
<status status="PASS" start="2024-05-06T14:14:03.056626" elapsed="0.113597"/>
</kw>
<doc>Testa se os tipos de dados na resposta da API estão corretos.</doc>
<tag>testeTiposDados</tag>
<status status="PASS" start="2024-05-06T14:14:03.001768" elapsed="0.168622"/>
</test>
<test id="s1-s1-t5" name="Validar conteudo" line="35">
<kw name="Teste de Tipos de Conteudo" owner="random-user-service">
<kw name="GET On Session" owner="RequestsLibrary">
<msg time="2024-05-06T14:14:03.249804" level="INFO">GET Request : url=https://randomuser.me/api 
 path_url=/api 
 headers={'User-Agent': 'python-requests/2.31.0', 'Accept-Encoding': 'gzip, deflate', 'Accept': '*/*', 'Connection': 'keep-alive'} 
 body=None 
 </msg>
<msg time="2024-05-06T14:14:03.249898" level="INFO">GET Response : url=https://randomuser.me/api 
 status=200, reason=OK 
 headers={'Date': 'Mon, 06 May 2024 14:14:03 GMT', 'Content-Type': 'application/json; charset=utf-8', 'Transfer-Encoding': 'chunked', 'Connection': 'keep-alive', 'X-Powered-By': 'Express', 'Access-Control-Allow-Origin': '*', 'Cache-Control': 'no-cache', 'ETag': 'W/"481-wyawixXLapi/WlVCfgfJE+Oaeug"', 'Vary': 'Accept-Encoding', 'Content-Encoding': 'gzip', 'CF-Cache-Status': 'DYNAMIC', 'Report-To': '{"endpoints":[{"url":"https:\\/\\/a.nel.cloudflare.com\\/report\\/v4?s=g%2B7ZxcWRIMh462adDfcPxJRyL3P9gkegBFRzQgb0%2FjoOwt%2FWLQcMWGSBsQHKDJ4N%2BKIap1OQpi3WCDJyAEo2Wix8dS5%2BTd155gcGDzQk5nW%2BV51MOGDGHeidFO4kz%2FPi"}],"group":"cf-nel","max_age":604800}', 'NEL': '{"success_fraction":0,"report_to":"cf-nel","max_age":604800}', 'Server': 'cloudflare', 'CF-RAY': '87f9930ddd34061e-IAD', 'alt-svc': 'h3=":443"; ma=86400'} 
 body={"results":[{"gender":"female","name":{"title":"Mrs","first":"Renuka","last":"Bhardwaj"},"location":{"street":{"number":9317,"name":"Carter Rd Promenade"},"city":"Dhule","state":"Chhattisgarh","country":"India","postcode":92248,"coordinates":{"latitude":"8.1094","longitude":"45.1527"},"timezone":{"offset":"-9:00","description":"Alaska"}},"email":"renuka.bhardwaj@example.com","login":{"uuid":"a281e243-eb63-4b6b-b71d-64ff7618b6e5","username":"ticklishkoala349","password":"achtung","salt":"RzlTxSTE","md5":"cb2993722418248293d5cfb8cfebcee6","sha1":"a781d841d234c221719c4d382c35eccd2f003e5a","sha256":"e7883aa36b169494b175f012ea0275de66acc347871128e025365ee736e5f01a"},"dob":{"date":"1999-11-24T05:24:47.308Z","age":24},"registered":{"date":"2022-04-16T23:32:23.968Z","age":2},"phone":"8057483852","cell":"8051730595","id":{"name":"UIDAI","value":"214173483131"},"picture":{"large":"https://randomuser.me/api/portraits/women/47.jpg","medium":"https://randomuser.me/api/portraits/med/women/47.jpg","thumbnail":"https://randomuser.me/api/portraits/thumb/women/47.jpg"},"nat":"IN"}],"info":{"seed":"4d7492af18d6875b","results":1,"page":1,"version":"1.4"}} 
 </msg>
<msg time="2024-05-06T14:14:03.249970" level="INFO">/opt/hostedtoolcache/Python/3.12.3/x64/lib/python3.12/site-packages/urllib3/connectionpool.py:1103: InsecureRequestWarning: Unverified HTTPS request is being made to host 'randomuser.me'. Adding certificate verification is strongly advised. See: https://urllib3.readthedocs.io/en/latest/advanced-usage.html#tls-warnings
  warnings.warn(</msg>
<msg time="2024-05-06T14:14:03.250087" level="INFO">${response} = &lt;Response [200]&gt;</msg>
<var>${response}</var>
<arg>consultarAPI</arg>
<arg>/api</arg>
<doc>Sends a GET request on a previously created HTTP Session.</doc>
<status status="PASS" start="2024-05-06T14:14:03.173186" elapsed="0.076934"/>
</kw>
<kw name="Set Variable" owner="BuiltIn">
<msg time="2024-05-06T14:14:03.251231" level="INFO">${json_data} = {'results': [{'gender': 'female', 'name': {'title': 'Mrs', 'first': 'Renuka', 'last': 'Bhardwaj'}, 'location': {'street': {'number': 9317, 'name': 'Carter Rd Promenade'}, 'city': 'Dhule', 'state': 'Ch...</msg>
<var>${json_data}</var>
<arg>${response.json()}</arg>
<doc>Returns the given values which can then be assigned to a variables.</doc>
<status status="PASS" start="2024-05-06T14:14:03.250719" elapsed="0.000541"/>
</kw>
<kw name="Set Variable" owner="BuiltIn">
<msg time="2024-05-06T14:14:03.251961" level="INFO">${name_title} = Mrs</msg>
<var>${name_title}</var>
<arg>${json_data["results"][0]["name"]["title"]}</arg>
<doc>Returns the given values which can then be assigned to a variables.</doc>
<status status="PASS" start="2024-05-06T14:14:03.251572" elapsed="0.000414"/>
</kw>
<kw name="Create List" owner="BuiltIn">
<msg time="2024-05-06T14:14:03.252436" level="INFO">${allowed_titles} = ['Mr', 'Ms', 'Miss', 'Mrs', 'Madame', 'Monsieur']</msg>
<var>${allowed_titles}</var>
<arg>Mr</arg>
<arg>Ms</arg>
<arg>Miss</arg>
<arg>Mrs</arg>
<arg>Madame</arg>
<arg>Monsieur</arg>
<doc>Returns a list containing given items.</doc>
<status status="PASS" start="2024-05-06T14:14:03.252290" elapsed="0.000171"/>
</kw>
<kw name="List Should Contain Value" owner="Collections">
<msg time="2024-05-06T14:14:03.252937" level="INFO">False</msg>
<arg>${allowed_titles}</arg>
<arg>${name_title}</arg>
<doc>Fails if the ``value`` is not found from ``list``.</doc>
<status status="PASS" start="2024-05-06T14:14:03.252761" elapsed="0.000214"/>
</kw>
<kw name="Set Variable" owner="BuiltIn">
<msg time="2024-05-06T14:14:03.253656" level="INFO">${name_country} = IN</msg>
<var>${name_country}</var>
<arg>${json_data["results"][0]["nat"]}</arg>
<doc>Returns the given values which can then be assigned to a variables.</doc>
<status status="PASS" start="2024-05-06T14:14:03.253267" elapsed="0.000414"/>
</kw>
<kw name="Create List" owner="BuiltIn">
<msg time="2024-05-06T14:14:03.254572" level="INFO">${list_country} = ['AD', 'AE', 'AF', 'AG', 'AI', 'AL', 'AM', 'AO', 'AQ', 'AR', 'AS', 'AT', 'AU', 'AW', 'AX', 'AZ', 'BA', 'BB', 'BD', 'BE', 'BF', 'BG', 'BH', 'BI', 'BJ', 'BL', 'BM', 'BN', 'BO', 'BQ', 'BR', 'BS', 'BT', '...</msg>
<var>${list_country}</var>
<arg>AD</arg>
<arg>AE</arg>
<arg>AF</arg>
<arg>AG</arg>
<arg>AI</arg>
<arg>AL</arg>
<arg>AM</arg>
<arg>AO</arg>
<arg>AQ</arg>
<arg>AR</arg>
<arg>AS</arg>
<arg>AT</arg>
<arg>AU</arg>
<arg>AW</arg>
<arg>AX</arg>
<arg>AZ</arg>
<arg>BA</arg>
<arg>BB</arg>
<arg>BD</arg>
<arg>BE</arg>
<arg>BF</arg>
<arg>BG</arg>
<arg>BH</arg>
<arg>BI</arg>
<arg>BJ</arg>
<arg>BL</arg>
<arg>BM</arg>
<arg>BN</arg>
<arg>BO</arg>
<arg>BQ</arg>
<arg>BR</arg>
<arg>BS</arg>
<arg>BT</arg>
<arg>BV</arg>
<arg>BW</arg>
<arg>BY</arg>
<arg>BZ</arg>
<arg>CA</arg>
<arg>CC</arg>
<arg>CD</arg>
<arg>CF</arg>
<arg>CG</arg>
<arg>CH</arg>
<arg>CI</arg>
<arg>CK</arg>
<arg>CL</arg>
<arg>CM</arg>
<arg>CN</arg>
<arg>CO</arg>
<arg>CR</arg>
<arg>CU</arg>
<arg>CV</arg>
<arg>CW</arg>
<arg>CX</arg>
<arg>CY</arg>
<arg>CZ</arg>
<arg>DE</arg>
<arg>DJ</arg>
<arg>DK</arg>
<arg>DM</arg>
<arg>DO</arg>
<arg>DZ</arg>
<arg>EC</arg>
<arg>EE</arg>
<arg>EG</arg>
<arg>EH</arg>
<arg>ER</arg>
<arg>ES</arg>
<arg>ET</arg>
<arg>FI</arg>
<arg>FJ</arg>
<arg>FK</arg>
<arg>FM</arg>
<arg>FO</arg>
<arg>FR</arg>
<arg>GA</arg>
<arg>GB</arg>
<arg>GD</arg>
<arg>GE</arg>
<arg>GF</arg>
<arg>GG</arg>
<arg>GH</arg>
<arg>GI</arg>
<arg>GL</arg>
<arg>GM</arg>
<arg>GN</arg>
<arg>GP</arg>
<arg>GQ</arg>
<arg>GR</arg>
<arg>GS</arg>
<arg>GT</arg>
<arg>GU</arg>
<arg>GW</arg>
<arg>GY</arg>
<arg>HK</arg>
<arg>HM</arg>
<arg>HN</arg>
<arg>HR</arg>
<arg>HT</arg>
<arg>HU</arg>
<arg>ID</arg>
<arg>IE</arg>
<arg>IL</arg>
<arg>IM</arg>
<arg>IN</arg>
<arg>IO</arg>
<arg>IQ</arg>
<arg>IR</arg>
<arg>IS</arg>
<arg>IT</arg>
<arg>JE</arg>
<arg>JM</arg>
<arg>JO</arg>
<arg>JP</arg>
<arg>KE</arg>
<arg>KG</arg>
<arg>KH</arg>
<arg>KI</arg>
<arg>KM</arg>
<arg>KN</arg>
<arg>KP</arg>
<arg>KR</arg>
<arg>KW</arg>
<arg>KY</arg>
<arg>KZ</arg>
<arg>LA</arg>
<arg>LB</arg>
<arg>LC</arg>
<arg>LI</arg>
<arg>LK</arg>
<arg>LR</arg>
<arg>LS</arg>
<arg>LT</arg>
<arg>LU</arg>
<arg>LV</arg>
<arg>LY</arg>
<arg>MA</arg>
<arg>MC</arg>
<arg>MD</arg>
<arg>ME</arg>
<arg>MF</arg>
<arg>MG</arg>
<arg>MH</arg>
<arg>MK</arg>
<arg>ML</arg>
<arg>MM</arg>
<arg>MN</arg>
<arg>MO</arg>
<arg>MP</arg>
<arg>MQ</arg>
<arg>MR</arg>
<arg>MS</arg>
<arg>MT</arg>
<arg>MU</arg>
<arg>MV</arg>
<arg>MW</arg>
<arg>MX</arg>
<arg>MY</arg>
<arg>MZ</arg>
<arg>NA</arg>
<arg>NC</arg>
<arg>NE</arg>
<arg>NF</arg>
<arg>NG</arg>
<arg>NI</arg>
<arg>NL</arg>
<arg>NO</arg>
<arg>NP</arg>
<arg>NR</arg>
<arg>NU</arg>
<arg>NZ</arg>
<arg>OM</arg>
<arg>PA</arg>
<arg>PE</arg>
<arg>PF</arg>
<arg>PG</arg>
<arg>PH</arg>
<arg>PK</arg>
<arg>PL</arg>
<arg>PM</arg>
<arg>PN</arg>
<arg>PR</arg>
<arg>PS</arg>
<arg>PT</arg>
<arg>PW</arg>
<arg>PY</arg>
<arg>QA</arg>
<arg>RE</arg>
<arg>RO</arg>
<arg>RS</arg>
<arg>RU</arg>
<arg>RW</arg>
<arg>SA</arg>
<arg>SB</arg>
<arg>SC</arg>
<arg>SD</arg>
<arg>SE</arg>
<arg>SG</arg>
<arg>SH</arg>
<arg>SI</arg>
<arg>SJ</arg>
<arg>SK</arg>
<arg>SL</arg>
<arg>SM</arg>
<arg>SN</arg>
<arg>SO</arg>
<arg>SR</arg>
<arg>SS</arg>
<arg>ST</arg>
<arg>SV</arg>
<arg>SX</arg>
<arg>SY</arg>
<arg>SZ</arg>
<arg>TC</arg>
<arg>TD</arg>
<arg>TF</arg>
<arg>TG</arg>
<arg>TH</arg>
<arg>TJ</arg>
<arg>TK</arg>
<arg>TL</arg>
<arg>TM</arg>
<arg>TN</arg>
<arg>TO</arg>
<arg>TR</arg>
<arg>TT</arg>
<arg>TV</arg>
<arg>TW</arg>
<arg>TZ</arg>
<arg>UA</arg>
<arg>UG</arg>
<arg>UM</arg>
<arg>US</arg>
<arg>UY</arg>
<arg>UZ</arg>
<arg>VA</arg>
<arg>VC</arg>
<arg>VE</arg>
<arg>VG</arg>
<arg>VI</arg>
<arg>VN</arg>
<arg>VU</arg>
<arg>WF</arg>
<arg>WS</arg>
<arg>XK</arg>
<arg>YE</arg>
<arg>YT</arg>
<arg>ZA</arg>
<arg>ZM</arg>
<arg>ZW</arg>
<doc>Returns a list containing given items.</doc>
<status status="PASS" start="2024-05-06T14:14:03.253984" elapsed="0.000644"/>
</kw>
<kw name="List Should Contain Value" owner="Collections">
<msg time="2024-05-06T14:14:03.255637" level="INFO">False</msg>
<arg>${list_country}</arg>
<arg>${name_country}</arg>
<doc>Fails if the ``value`` is not found from ``list``.</doc>
<status status="PASS" start="2024-05-06T14:14:03.255437" elapsed="0.000236"/>
</kw>
<kw name="Run Keyword If" owner="BuiltIn">
<kw name="Should Be True" owner="BuiltIn">
<arg>${True}</arg>
<doc>Fails if the given condition is not true.</doc>
<status status="PASS" start="2024-05-06T14:14:03.256737" elapsed="0.000260"/>
</kw>
<arg>${json_data["results"][0]["location"]["coordinates"]["latitude"]} &gt;= -90 and ${json_data["results"][0]["location"]["coordinates"]["latitude"]} &lt;= 90</arg>
<arg>Should Be True</arg>
<arg>${True}</arg>
<doc>Runs the given keyword with the given arguments, if ``condition`` is true.</doc>
<status status="PASS" start="2024-05-06T14:14:03.255984" elapsed="0.001145"/>
</kw>
<kw name="Run Keyword If" owner="BuiltIn">
<kw name="Should Be True" owner="BuiltIn">
<arg>${True}</arg>
<doc>Fails if the given condition is not true.</doc>
<status status="PASS" start="2024-05-06T14:14:03.258029" elapsed="0.000137"/>
</kw>
<arg>${json_data["results"][0]["location"]["coordinates"]["longitude"]} &gt;= -180 and ${json_data["results"][0]["location"]["coordinates"]["longitude"]} &lt;= 180</arg>
<arg>Should Be True</arg>
<arg>${True}</arg>
<doc>Runs the given keyword with the given arguments, if ``condition`` is true.</doc>
<status status="PASS" start="2024-05-06T14:14:03.257322" elapsed="0.000968"/>
</kw>
<status status="PASS" start="2024-05-06T14:14:03.172815" elapsed="0.085608"/>
</kw>
<doc>Testa o conteúdo específico dos campos retornados pela API.</doc>
<tag>testeConteudo</tag>
<status status="PASS" start="2024-05-06T14:14:03.172183" elapsed="0.086393"/>
</test>
<status status="PASS" start="2024-05-06T14:14:02.250472" elapsed="1.010117"/>
</suite>
<status status="PASS" start="2024-05-06T14:14:02.236688" elapsed="1.029007"/>
</suite>
<statistics>
<total>
<stat pass="5" fail="0" skip="0">All Tests</stat>
</total>
<tag>
<stat pass="1" fail="0" skip="0">testeConteudo</stat>
<stat pass="1" fail="0" skip="0">testeEstruturaResposta</stat>
<stat pass="1" fail="0" skip="0">testeRequisicaoBasica</stat>
<stat pass="1" fail="0" skip="0">testeTiposDados</stat>
</tag>
<suite>
<stat pass="5" fail="0" skip="0" id="s1" name="Tests">Tests</stat>
<stat pass="5" fail="0" skip="0" id="s1-s1" name="Random-User-Test">Tests.Random-User-Test</stat>
</suite>
</statistics>
<errors>
</errors>
</robot>
