<?xml version="1.0" encoding="UTF-8"?>
<robot generator="Robot 7.0 (Python 3.12.3 on linux)" generated="2024-04-17T11:12:23.434108" rpa="false" schemaversion="5">
<suite id="s1" name="Tests" source="/home/runner/work/DesafioQAItauRogerioJordao/DesafioQAItauRogerioJordao/RamdonUser/tests">
<suite id="s1-s1" name="Random-User-Test" source="/home/runner/work/DesafioQAItauRogerioJordao/DesafioQAItauRogerioJordao/RamdonUser/tests/random-user-test.robot">
<test id="s1-s1-t1" name="Conectar" line="13">
<kw name="Conectar API" owner="random-user-service">
<kw name="Create Session" owner="RequestsLibrary">
<msg time="2024-04-17T11:12:23.799301" level="INFO">Creating Session using : alias=consultarAPI, url=https://randomuser.me/, headers={},                     cookies={}, auth=None, timeout=None, proxies=None, verify=False,                     debug=0 </msg>
<arg>consultarAPI</arg>
<arg>${URL}</arg>
<doc>Create Session: create a HTTP session to a server</doc>
<status status="PASS" start="2024-04-17T11:12:23.799100" elapsed="0.000377"/>
</kw>
<status status="PASS" start="2024-04-17T11:12:23.798128" elapsed="0.001709"/>
</kw>
<status status="PASS" start="2024-04-17T11:12:23.797612" elapsed="0.002416"/>
</test>
<test id="s1-s1-t2" name="Validar retorno 200 e JSON Válido" line="16">
<kw name="Teste de Requisicao Basica" owner="random-user-service">
<kw name="GET On Session" owner="RequestsLibrary">
<msg time="2024-04-17T11:12:23.976230" level="INFO">GET Request : url=https://randomuser.me/api 
 path_url=/api 
 headers={'User-Agent': 'python-requests/2.31.0', 'Accept-Encoding': 'gzip, deflate', 'Accept': '*/*', 'Connection': 'keep-alive'} 
 body=None 
 </msg>
<msg time="2024-04-17T11:12:23.976347" level="INFO">GET Response : url=https://randomuser.me/api 
 status=200, reason=OK 
 headers={'Date': 'Wed, 17 Apr 2024 11:12:23 GMT', 'Content-Type': 'application/json; charset=utf-8', 'Transfer-Encoding': 'chunked', 'Connection': 'keep-alive', 'X-Powered-By': 'Express', 'Access-Control-Allow-Origin': '*', 'Cache-Control': 'no-cache', 'ETag': 'W/"4aa-gk4VT1nYMAeI88YQ0odk3KEt1gI"', 'Vary': 'Accept-Encoding', 'Content-Encoding': 'gzip', 'CF-Cache-Status': 'DYNAMIC', 'Report-To': '{"endpoints":[{"url":"https:\\/\\/a.nel.cloudflare.com\\/report\\/v4?s=h8smW8zm9CE5QEenbXun3OQVo8QiyvmvkGpOay9K919c7XZzi2Jd6C1HLh7TOrBPqr8bE9BKH5CC2F4UErfbt7QBZjPZQgyEWKAmg1%2BBJmrL6KlbvBiuMDsTFRTBPNMc"}],"group":"cf-nel","max_age":604800}', 'NEL': '{"success_fraction":0,"report_to":"cf-nel","max_age":604800}', 'Server': 'cloudflare', 'CF-RAY': '875bfad59b89826c-IAD', 'alt-svc': 'h3=":443"; ma=86400'} 
 body={"results":[{"gender":"male","name":{"title":"Monsieur","first":"Émile","last":"Girard"},"location":{"street":{"number":9775,"name":"Rue du Village"},"city":"Apples","state":"Nidwalden","country":"Switzerland","postcode":5444,"coordinates":{"latitude":"-64.1343","longitude":"-127.5762"},"timezone":{"offset":"0:00","description":"Western Europe Time, London, Lisbon, Casablanca"}},"email":"emile.girard@example.com","login":{"uuid":"367fd085-6d80-4107-b600-dabe76057bb9","username":"beautifulbird879","password":"harold","salt":"A3HdebCU","md5":"0e47765bd13fcb97d3580e5df0fc1840","sha1":"de791e5627cd8f8613ccc57e29e68b0d5cb25e1d","sha256":"b6660549b26fe6841439cd615664e703d95b22b68f6a335540086a04ca541baa"},"dob":{"date":"1981-10-14T07:42:17.210Z","age":42},"registered":{"date":"2016-08-23T23:59:04.358Z","age":7},"phone":"077 034 77 57","cell":"075 438 30 58","id":{"name":"AVS","value":"756.7583.4404.78"},"picture":{"large":"https://randomuser.me/api/portraits/men/88.jpg","medium":"https://randomuser.me/api/portraits/med/men/88.jpg","thumbnail":"https://randomuser.me/api/portraits/thumb/men/88.jpg"},"nat":"CH"}],"info":{"seed":"4e907b9b8a2fa87e","results":1,"page":1,"version":"1.4"}} 
 </msg>
<msg time="2024-04-17T11:12:23.976420" level="INFO">/opt/hostedtoolcache/Python/3.12.3/x64/lib/python3.12/site-packages/urllib3/connectionpool.py:1103: InsecureRequestWarning: Unverified HTTPS request is being made to host 'randomuser.me'. Adding certificate verification is strongly advised. See: https://urllib3.readthedocs.io/en/latest/advanced-usage.html#tls-warnings
  warnings.warn(</msg>
<msg time="2024-04-17T11:12:23.976553" level="INFO">${response} = &lt;Response [200]&gt;</msg>
<var>${response}</var>
<arg>consultarAPI</arg>
<arg>/api</arg>
<doc>Sends a GET request on a previously created HTTP Session.</doc>
<status status="PASS" start="2024-04-17T11:12:23.802571" elapsed="0.174013"/>
</kw>
<kw name="Should Be Equal As Numbers" owner="BuiltIn">
<msg time="2024-04-17T11:12:23.977421" level="INFO">Argument types are:
&lt;class 'int'&gt;
&lt;class 'str'&gt;</msg>
<arg>${response.status_code}</arg>
<arg>200</arg>
<doc>Fails if objects are unequal after converting them to real numbers.</doc>
<status status="PASS" start="2024-04-17T11:12:23.976995" elapsed="0.000491"/>
</kw>
<kw name="Log" owner="BuiltIn">
<msg time="2024-04-17T11:12:23.978181" level="INFO">200</msg>
<arg>${response.status_code}</arg>
<doc>Logs the given message with the given level.</doc>
<status status="PASS" start="2024-04-17T11:12:23.977832" elapsed="0.000391"/>
</kw>
<kw name="Set Variable" owner="BuiltIn">
<msg time="2024-04-17T11:12:23.979010" level="INFO">${json_data} = {'results': [{'gender': 'male', 'name': {'title': 'Monsieur', 'first': 'Émile', 'last': 'Girard'}, 'location': {'street': {'number': 9775, 'name': 'Rue du Village'}, 'city': 'Apples', 'state': 'Nidwal...</msg>
<var>${json_data}</var>
<arg>${response.json()}</arg>
<doc>Returns the given values which can then be assigned to a variables.</doc>
<status status="PASS" start="2024-04-17T11:12:23.978528" elapsed="0.000511"/>
</kw>
<kw name="Dictionary Should Contain Key" owner="Collections">
<msg time="2024-04-17T11:12:23.979517" level="INFO">False</msg>
<arg>${json_data}</arg>
<arg>results</arg>
<doc>Fails if ``key`` is not found from ``dictionary``.</doc>
<status status="PASS" start="2024-04-17T11:12:23.979347" elapsed="0.000211"/>
</kw>
<status status="PASS" start="2024-04-17T11:12:23.802325" elapsed="0.177486"/>
</kw>
<doc>Testa se a API responde corretamente e retorna um objeto JSON válido.</doc>
<tag>testeRequisicaoBasica</tag>
<status status="PASS" start="2024-04-17T11:12:23.801874" elapsed="0.178109"/>
</test>
<test id="s1-s1-t3" name="Validar estrutura de resposta" line="22">
<kw name="Teste de Estrutura de Resposta" owner="random-user-service">
<kw name="GET On Session" owner="RequestsLibrary">
<msg time="2024-04-17T11:12:24.071532" level="INFO">GET Request : url=https://randomuser.me/api 
 path_url=/api 
 headers={'User-Agent': 'python-requests/2.31.0', 'Accept-Encoding': 'gzip, deflate', 'Accept': '*/*', 'Connection': 'keep-alive'} 
 body=None 
 </msg>
<msg time="2024-04-17T11:12:24.071619" level="INFO">GET Response : url=https://randomuser.me/api 
 status=200, reason=OK 
 headers={'Date': 'Wed, 17 Apr 2024 11:12:24 GMT', 'Content-Type': 'application/json; charset=utf-8', 'Transfer-Encoding': 'chunked', 'Connection': 'keep-alive', 'X-Powered-By': 'Express', 'Access-Control-Allow-Origin': '*', 'Cache-Control': 'no-cache', 'ETag': 'W/"48a-ZY10oc+1oKEU/GRa26B94qI6Ny0"', 'Vary': 'Accept-Encoding', 'Content-Encoding': 'gzip', 'CF-Cache-Status': 'DYNAMIC', 'Report-To': '{"endpoints":[{"url":"https:\\/\\/a.nel.cloudflare.com\\/report\\/v4?s=li976JV6OERFGaKScIBNt7DjjUITxNuJupzBhhTXNVXcCzjk0ASiHl20kplA1UixgnxMlih4gFUV%2BiQJ%2BjRVBHzuy9NvfqTecNnTBTVveNKM%2B3GD8q6f2aMo7e%2FDA3s3"}],"group":"cf-nel","max_age":604800}', 'NEL': '{"success_fraction":0,"report_to":"cf-nel","max_age":604800}', 'Server': 'cloudflare', 'CF-RAY': '875bfad5ebc9826c-IAD', 'alt-svc': 'h3=":443"; ma=86400'} 
 body={"results":[{"gender":"female","name":{"title":"Miss","first":"Nastya","last":"Mikitenko"},"location":{"street":{"number":5929,"name":"Oleksandra Pushkina"},"city":"Harcizk","state":"Odeska","country":"Ukraine","postcode":68410,"coordinates":{"latitude":"75.0607","longitude":"98.3912"},"timezone":{"offset":"-1:00","description":"Azores, Cape Verde Islands"}},"email":"nastya.mikitenko@example.com","login":{"uuid":"990693e9-a21a-40e6-bc4c-0368012e19c1","username":"silverbird318","password":"cougar","salt":"lgPb6zSW","md5":"12bb93b66e9801c9ac1c303ddbb5d9c8","sha1":"01d9b1718c40447f1a8e9e6d289d7e1ff27356b9","sha256":"8836d1cb20f14642091d850ecc240b1a1414b2385b31d7b8a041d23a0b479078"},"dob":{"date":"1966-03-31T18:06:11.345Z","age":58},"registered":{"date":"2013-07-19T13:46:21.640Z","age":10},"phone":"(066) D81-5811","cell":"(097) T81-7602","id":{"name":"","value":null},"picture":{"large":"https://randomuser.me/api/portraits/women/3.jpg","medium":"https://randomuser.me/api/portraits/med/women/3.jpg","thumbnail":"https://randomuser.me/api/portraits/thumb/women/3.jpg"},"nat":"UA"}],"info":{"seed":"4d1b76d3e6082e86","results":1,"page":1,"version":"1.4"}} 
 </msg>
<msg time="2024-04-17T11:12:24.071759" level="INFO">/opt/hostedtoolcache/Python/3.12.3/x64/lib/python3.12/site-packages/urllib3/connectionpool.py:1103: InsecureRequestWarning: Unverified HTTPS request is being made to host 'randomuser.me'. Adding certificate verification is strongly advised. See: https://urllib3.readthedocs.io/en/latest/advanced-usage.html#tls-warnings
  warnings.warn(</msg>
<msg time="2024-04-17T11:12:24.071906" level="INFO">${response} = &lt;Response [200]&gt;</msg>
<var>${response}</var>
<arg>consultarAPI</arg>
<arg>/api</arg>
<doc>Sends a GET request on a previously created HTTP Session.</doc>
<status status="PASS" start="2024-04-17T11:12:23.982523" elapsed="0.089438"/>
</kw>
<kw name="Set Variable" owner="BuiltIn">
<msg time="2024-04-17T11:12:24.072759" level="INFO">${json_data} = {'results': [{'gender': 'female', 'name': {'title': 'Miss', 'first': 'Nastya', 'last': 'Mikitenko'}, 'location': {'street': {'number': 5929, 'name': 'Oleksandra Pushkina'}, 'city': 'Harcizk', 'state':...</msg>
<var>${json_data}</var>
<arg>${response.json()}</arg>
<doc>Returns the given values which can then be assigned to a variables.</doc>
<status status="PASS" start="2024-04-17T11:12:24.072308" elapsed="0.000479"/>
</kw>
<kw name="Log" owner="BuiltIn">
<msg time="2024-04-17T11:12:24.073250" level="INFO">{'results': [{'gender': 'female', 'name': {'title': 'Miss', 'first': 'Nastya', 'last': 'Mikitenko'}, 'location': {'street': {'number': 5929, 'name': 'Oleksandra Pushkina'}, 'city': 'Harcizk', 'state': 'Odeska', 'country': 'Ukraine', 'postcode': 68410, 'coordinates': {'latitude': '75.0607', 'longitude': '98.3912'}, 'timezone': {'offset': '-1:00', 'description': 'Azores, Cape Verde Islands'}}, 'email': 'nastya.mikitenko@example.com', 'login': {'uuid': '990693e9-a21a-40e6-bc4c-0368012e19c1', 'username': 'silverbird318', 'password': 'cougar', 'salt': 'lgPb6zSW', 'md5': '12bb93b66e9801c9ac1c303ddbb5d9c8', 'sha1': '01d9b1718c40447f1a8e9e6d289d7e1ff27356b9', 'sha256': '8836d1cb20f14642091d850ecc240b1a1414b2385b31d7b8a041d23a0b479078'}, 'dob': {'date': '1966-03-31T18:06:11.345Z', 'age': 58}, 'registered': {'date': '2013-07-19T13:46:21.640Z', 'age': 10}, 'phone': '(066) D81-5811', 'cell': '(097) T81-7602', 'id': {'name': '', 'value': None}, 'picture': {'large': 'https://randomuser.me/api/portraits/women/3.jpg', 'medium': 'https://randomuser.me/api/portraits/med/women/3.jpg', 'thumbnail': 'https://randomuser.me/api/portraits/thumb/women/3.jpg'}, 'nat': 'UA'}], 'info': {'seed': '4d1b76d3e6082e86', 'results': 1, 'page': 1, 'version': '1.4'}}</msg>
<arg>${json_data}</arg>
<doc>Logs the given message with the given level.</doc>
<status status="PASS" start="2024-04-17T11:12:24.073093" elapsed="0.000206"/>
</kw>
<kw name="Dictionary Should Contain Key" owner="Collections">
<msg time="2024-04-17T11:12:24.073747" level="INFO">False</msg>
<arg>${json_data}</arg>
<arg>results</arg>
<doc>Fails if ``key`` is not found from ``dictionary``.</doc>
<status status="PASS" start="2024-04-17T11:12:24.073591" elapsed="0.000194"/>
</kw>
<kw name="Should Not Be Empty" owner="BuiltIn">
<msg time="2024-04-17T11:12:24.074213" level="INFO">Length is 2.</msg>
<arg>${json_data}</arg>
<doc>Verifies that the given item is not empty.</doc>
<status status="PASS" start="2024-04-17T11:12:24.074082" elapsed="0.000302"/>
</kw>
<kw name="Create List" owner="BuiltIn">
<msg time="2024-04-17T11:12:24.074870" level="INFO">${expected_keys} = ['gender', 'name', 'location', 'email', 'login']</msg>
<var>${expected_keys}</var>
<arg>gender</arg>
<arg>name</arg>
<arg>location</arg>
<arg>email</arg>
<arg>login</arg>
<doc>Returns a list containing given items.</doc>
<status status="PASS" start="2024-04-17T11:12:24.074716" elapsed="0.000178"/>
</kw>
<for flavor="IN">
<iter>
<kw name="Dictionary Should Contain Key" owner="Collections">
<msg time="2024-04-17T11:12:24.075881" level="INFO">False</msg>
<arg>${json_data['results'][0]}</arg>
<arg>${key}</arg>
<doc>Fails if ``key`` is not found from ``dictionary``.</doc>
<status status="PASS" start="2024-04-17T11:12:24.075471" elapsed="0.000449"/>
</kw>
<kw name="Log" owner="BuiltIn">
<msg time="2024-04-17T11:12:24.076585" level="INFO">{'gender': 'female', 'name': {'title': 'Miss', 'first': 'Nastya', 'last': 'Mikitenko'}, 'location': {'street': {'number': 5929, 'name': 'Oleksandra Pushkina'}, 'city': 'Harcizk', 'state': 'Odeska', 'country': 'Ukraine', 'postcode': 68410, 'coordinates': {'latitude': '75.0607', 'longitude': '98.3912'}, 'timezone': {'offset': '-1:00', 'description': 'Azores, Cape Verde Islands'}}, 'email': 'nastya.mikitenko@example.com', 'login': {'uuid': '990693e9-a21a-40e6-bc4c-0368012e19c1', 'username': 'silverbird318', 'password': 'cougar', 'salt': 'lgPb6zSW', 'md5': '12bb93b66e9801c9ac1c303ddbb5d9c8', 'sha1': '01d9b1718c40447f1a8e9e6d289d7e1ff27356b9', 'sha256': '8836d1cb20f14642091d850ecc240b1a1414b2385b31d7b8a041d23a0b479078'}, 'dob': {'date': '1966-03-31T18:06:11.345Z', 'age': 58}, 'registered': {'date': '2013-07-19T13:46:21.640Z', 'age': 10}, 'phone': '(066) D81-5811', 'cell': '(097) T81-7602', 'id': {'name': '', 'value': None}, 'picture': {'large': 'https://randomuser.me/api/portraits/women/3.jpg', 'medium': 'https://randomuser.me/api/portraits/med/women/3.jpg', 'thumbnail': 'https://randomuser.me/api/portraits/thumb/women/3.jpg'}, 'nat': 'UA'}</msg>
<arg>${json_data['results'][0]}</arg>
<doc>Logs the given message with the given level.</doc>
<status status="PASS" start="2024-04-17T11:12:24.076221" elapsed="0.000413"/>
</kw>
<kw name="Log" owner="BuiltIn">
<msg time="2024-04-17T11:12:24.077057" level="INFO">gender</msg>
<arg>${key}</arg>
<doc>Logs the given message with the given level.</doc>
<status status="PASS" start="2024-04-17T11:12:24.076929" elapsed="0.000166"/>
</kw>
<var name="${key}">gender</var>
<status status="PASS" start="2024-04-17T11:12:24.075341" elapsed="0.001966"/>
</iter>
<iter>
<kw name="Dictionary Should Contain Key" owner="Collections">
<msg time="2024-04-17T11:12:24.077993" level="INFO">False</msg>
<arg>${json_data['results'][0]}</arg>
<arg>${key}</arg>
<doc>Fails if ``key`` is not found from ``dictionary``.</doc>
<status status="PASS" start="2024-04-17T11:12:24.077606" elapsed="0.000425"/>
</kw>
<kw name="Log" owner="BuiltIn">
<msg time="2024-04-17T11:12:24.078758" level="INFO">{'gender': 'female', 'name': {'title': 'Miss', 'first': 'Nastya', 'last': 'Mikitenko'}, 'location': {'street': {'number': 5929, 'name': 'Oleksandra Pushkina'}, 'city': 'Harcizk', 'state': 'Odeska', 'country': 'Ukraine', 'postcode': 68410, 'coordinates': {'latitude': '75.0607', 'longitude': '98.3912'}, 'timezone': {'offset': '-1:00', 'description': 'Azores, Cape Verde Islands'}}, 'email': 'nastya.mikitenko@example.com', 'login': {'uuid': '990693e9-a21a-40e6-bc4c-0368012e19c1', 'username': 'silverbird318', 'password': 'cougar', 'salt': 'lgPb6zSW', 'md5': '12bb93b66e9801c9ac1c303ddbb5d9c8', 'sha1': '01d9b1718c40447f1a8e9e6d289d7e1ff27356b9', 'sha256': '8836d1cb20f14642091d850ecc240b1a1414b2385b31d7b8a041d23a0b479078'}, 'dob': {'date': '1966-03-31T18:06:11.345Z', 'age': 58}, 'registered': {'date': '2013-07-19T13:46:21.640Z', 'age': 10}, 'phone': '(066) D81-5811', 'cell': '(097) T81-7602', 'id': {'name': '', 'value': None}, 'picture': {'large': 'https://randomuser.me/api/portraits/women/3.jpg', 'medium': 'https://randomuser.me/api/portraits/med/women/3.jpg', 'thumbnail': 'https://randomuser.me/api/portraits/thumb/women/3.jpg'}, 'nat': 'UA'}</msg>
<arg>${json_data['results'][0]}</arg>
<doc>Logs the given message with the given level.</doc>
<status status="PASS" start="2024-04-17T11:12:24.078358" elapsed="0.000449"/>
</kw>
<kw name="Log" owner="BuiltIn">
<msg time="2024-04-17T11:12:24.079230" level="INFO">name</msg>
<arg>${key}</arg>
<doc>Logs the given message with the given level.</doc>
<status status="PASS" start="2024-04-17T11:12:24.079104" elapsed="0.000164"/>
</kw>
<var name="${key}">name</var>
<status status="PASS" start="2024-04-17T11:12:24.077492" elapsed="0.001989"/>
</iter>
<iter>
<kw name="Dictionary Should Contain Key" owner="Collections">
<msg time="2024-04-17T11:12:24.080158" level="INFO">False</msg>
<arg>${json_data['results'][0]}</arg>
<arg>${key}</arg>
<doc>Fails if ``key`` is not found from ``dictionary``.</doc>
<status status="PASS" start="2024-04-17T11:12:24.079773" elapsed="0.000423"/>
</kw>
<kw name="Log" owner="BuiltIn">
<msg time="2024-04-17T11:12:24.080851" level="INFO">{'gender': 'female', 'name': {'title': 'Miss', 'first': 'Nastya', 'last': 'Mikitenko'}, 'location': {'street': {'number': 5929, 'name': 'Oleksandra Pushkina'}, 'city': 'Harcizk', 'state': 'Odeska', 'country': 'Ukraine', 'postcode': 68410, 'coordinates': {'latitude': '75.0607', 'longitude': '98.3912'}, 'timezone': {'offset': '-1:00', 'description': 'Azores, Cape Verde Islands'}}, 'email': 'nastya.mikitenko@example.com', 'login': {'uuid': '990693e9-a21a-40e6-bc4c-0368012e19c1', 'username': 'silverbird318', 'password': 'cougar', 'salt': 'lgPb6zSW', 'md5': '12bb93b66e9801c9ac1c303ddbb5d9c8', 'sha1': '01d9b1718c40447f1a8e9e6d289d7e1ff27356b9', 'sha256': '8836d1cb20f14642091d850ecc240b1a1414b2385b31d7b8a041d23a0b479078'}, 'dob': {'date': '1966-03-31T18:06:11.345Z', 'age': 58}, 'registered': {'date': '2013-07-19T13:46:21.640Z', 'age': 10}, 'phone': '(066) D81-5811', 'cell': '(097) T81-7602', 'id': {'name': '', 'value': None}, 'picture': {'large': 'https://randomuser.me/api/portraits/women/3.jpg', 'medium': 'https://randomuser.me/api/portraits/med/women/3.jpg', 'thumbnail': 'https://randomuser.me/api/portraits/thumb/women/3.jpg'}, 'nat': 'UA'}</msg>
<arg>${json_data['results'][0]}</arg>
<doc>Logs the given message with the given level.</doc>
<status status="PASS" start="2024-04-17T11:12:24.080494" elapsed="0.000404"/>
</kw>
<kw name="Log" owner="BuiltIn">
<msg time="2024-04-17T11:12:24.081313" level="INFO">location</msg>
<arg>${key}</arg>
<doc>Logs the given message with the given level.</doc>
<status status="PASS" start="2024-04-17T11:12:24.081189" elapsed="0.000162"/>
</kw>
<var name="${key}">location</var>
<status status="PASS" start="2024-04-17T11:12:24.079660" elapsed="0.001903"/>
</iter>
<iter>
<kw name="Dictionary Should Contain Key" owner="Collections">
<msg time="2024-04-17T11:12:24.082235" level="INFO">False</msg>
<arg>${json_data['results'][0]}</arg>
<arg>${key}</arg>
<doc>Fails if ``key`` is not found from ``dictionary``.</doc>
<status status="PASS" start="2024-04-17T11:12:24.081853" elapsed="0.000419"/>
</kw>
<kw name="Log" owner="BuiltIn">
<msg time="2024-04-17T11:12:24.082976" level="INFO">{'gender': 'female', 'name': {'title': 'Miss', 'first': 'Nastya', 'last': 'Mikitenko'}, 'location': {'street': {'number': 5929, 'name': 'Oleksandra Pushkina'}, 'city': 'Harcizk', 'state': 'Odeska', 'country': 'Ukraine', 'postcode': 68410, 'coordinates': {'latitude': '75.0607', 'longitude': '98.3912'}, 'timezone': {'offset': '-1:00', 'description': 'Azores, Cape Verde Islands'}}, 'email': 'nastya.mikitenko@example.com', 'login': {'uuid': '990693e9-a21a-40e6-bc4c-0368012e19c1', 'username': 'silverbird318', 'password': 'cougar', 'salt': 'lgPb6zSW', 'md5': '12bb93b66e9801c9ac1c303ddbb5d9c8', 'sha1': '01d9b1718c40447f1a8e9e6d289d7e1ff27356b9', 'sha256': '8836d1cb20f14642091d850ecc240b1a1414b2385b31d7b8a041d23a0b479078'}, 'dob': {'date': '1966-03-31T18:06:11.345Z', 'age': 58}, 'registered': {'date': '2013-07-19T13:46:21.640Z', 'age': 10}, 'phone': '(066) D81-5811', 'cell': '(097) T81-7602', 'id': {'name': '', 'value': None}, 'picture': {'large': 'https://randomuser.me/api/portraits/women/3.jpg', 'medium': 'https://randomuser.me/api/portraits/med/women/3.jpg', 'thumbnail': 'https://randomuser.me/api/portraits/thumb/women/3.jpg'}, 'nat': 'UA'}</msg>
<arg>${json_data['results'][0]}</arg>
<doc>Logs the given message with the given level.</doc>
<status status="PASS" start="2024-04-17T11:12:24.082570" elapsed="0.000456"/>
</kw>
<kw name="Log" owner="BuiltIn">
<msg time="2024-04-17T11:12:24.083448" level="INFO">email</msg>
<arg>${key}</arg>
<doc>Logs the given message with the given level.</doc>
<status status="PASS" start="2024-04-17T11:12:24.083320" elapsed="0.000166"/>
</kw>
<var name="${key}">email</var>
<status status="PASS" start="2024-04-17T11:12:24.081742" elapsed="0.001957"/>
</iter>
<iter>
<kw name="Dictionary Should Contain Key" owner="Collections">
<msg time="2024-04-17T11:12:24.084370" level="INFO">False</msg>
<arg>${json_data['results'][0]}</arg>
<arg>${key}</arg>
<doc>Fails if ``key`` is not found from ``dictionary``.</doc>
<status status="PASS" start="2024-04-17T11:12:24.083981" elapsed="0.000426"/>
</kw>
<kw name="Log" owner="BuiltIn">
<msg time="2024-04-17T11:12:24.085068" level="INFO">{'gender': 'female', 'name': {'title': 'Miss', 'first': 'Nastya', 'last': 'Mikitenko'}, 'location': {'street': {'number': 5929, 'name': 'Oleksandra Pushkina'}, 'city': 'Harcizk', 'state': 'Odeska', 'country': 'Ukraine', 'postcode': 68410, 'coordinates': {'latitude': '75.0607', 'longitude': '98.3912'}, 'timezone': {'offset': '-1:00', 'description': 'Azores, Cape Verde Islands'}}, 'email': 'nastya.mikitenko@example.com', 'login': {'uuid': '990693e9-a21a-40e6-bc4c-0368012e19c1', 'username': 'silverbird318', 'password': 'cougar', 'salt': 'lgPb6zSW', 'md5': '12bb93b66e9801c9ac1c303ddbb5d9c8', 'sha1': '01d9b1718c40447f1a8e9e6d289d7e1ff27356b9', 'sha256': '8836d1cb20f14642091d850ecc240b1a1414b2385b31d7b8a041d23a0b479078'}, 'dob': {'date': '1966-03-31T18:06:11.345Z', 'age': 58}, 'registered': {'date': '2013-07-19T13:46:21.640Z', 'age': 10}, 'phone': '(066) D81-5811', 'cell': '(097) T81-7602', 'id': {'name': '', 'value': None}, 'picture': {'large': 'https://randomuser.me/api/portraits/women/3.jpg', 'medium': 'https://randomuser.me/api/portraits/med/women/3.jpg', 'thumbnail': 'https://randomuser.me/api/portraits/thumb/women/3.jpg'}, 'nat': 'UA'}</msg>
<arg>${json_data['results'][0]}</arg>
<doc>Logs the given message with the given level.</doc>
<status status="PASS" start="2024-04-17T11:12:24.084700" elapsed="0.000416"/>
</kw>
<kw name="Log" owner="BuiltIn">
<msg time="2024-04-17T11:12:24.085530" level="INFO">login</msg>
<arg>${key}</arg>
<doc>Logs the given message with the given level.</doc>
<status status="PASS" start="2024-04-17T11:12:24.085405" elapsed="0.000163"/>
</kw>
<var name="${key}">login</var>
<status status="PASS" start="2024-04-17T11:12:24.083871" elapsed="0.001938"/>
</iter>
<var>${key}</var>
<value>@{expected_keys}</value>
<status status="PASS" start="2024-04-17T11:12:24.075154" elapsed="0.010782"/>
</for>
<kw name="Create List" owner="BuiltIn">
<msg time="2024-04-17T11:12:24.086265" level="INFO">${expected_keysTwo} = ['username', 'password']</msg>
<var>${expected_keysTwo}</var>
<arg>username</arg>
<arg>password</arg>
<doc>Returns a list containing given items.</doc>
<status status="PASS" start="2024-04-17T11:12:24.086129" elapsed="0.000160"/>
</kw>
<for flavor="IN">
<iter>
<kw name="Dictionary Should Contain Key" owner="Collections">
<msg time="2024-04-17T11:12:24.087204" level="INFO">False</msg>
<arg>${json_data['results'][0]['login']}</arg>
<arg>${keyTwo}</arg>
<doc>Fails if ``key`` is not found from ``dictionary``.</doc>
<status status="PASS" start="2024-04-17T11:12:24.086818" elapsed="0.000424"/>
</kw>
<kw name="Dictionary Should Contain Key" owner="Collections">
<msg time="2024-04-17T11:12:24.087918" level="INFO">False</msg>
<arg>${json_data['results'][0]['login']}</arg>
<arg>${keyTwo}</arg>
<doc>Fails if ``key`` is not found from ``dictionary``.</doc>
<status status="PASS" start="2024-04-17T11:12:24.087535" elapsed="0.000420"/>
</kw>
<kw name="Log" owner="BuiltIn">
<msg time="2024-04-17T11:12:24.088372" level="INFO">username</msg>
<arg>${keyTwo}</arg>
<doc>Logs the given message with the given level.</doc>
<status status="PASS" start="2024-04-17T11:12:24.088246" elapsed="0.000171"/>
</kw>
<var name="${keyTwo}">username</var>
<status status="PASS" start="2024-04-17T11:12:24.086705" elapsed="0.001924"/>
</iter>
<iter>
<kw name="Dictionary Should Contain Key" owner="Collections">
<msg time="2024-04-17T11:12:24.089395" level="INFO">False</msg>
<arg>${json_data['results'][0]['login']}</arg>
<arg>${keyTwo}</arg>
<doc>Fails if ``key`` is not found from ``dictionary``.</doc>
<status status="PASS" start="2024-04-17T11:12:24.088909" elapsed="0.000531"/>
</kw>
<kw name="Dictionary Should Contain Key" owner="Collections">
<msg time="2024-04-17T11:12:24.090116" level="INFO">False</msg>
<arg>${json_data['results'][0]['login']}</arg>
<arg>${keyTwo}</arg>
<doc>Fails if ``key`` is not found from ``dictionary``.</doc>
<status status="PASS" start="2024-04-17T11:12:24.089738" elapsed="0.000415"/>
</kw>
<kw name="Log" owner="BuiltIn">
<msg time="2024-04-17T11:12:24.090570" level="INFO">password</msg>
<arg>${keyTwo}</arg>
<doc>Logs the given message with the given level.</doc>
<status status="PASS" start="2024-04-17T11:12:24.090445" elapsed="0.000195"/>
</kw>
<var name="${keyTwo}">password</var>
<status status="PASS" start="2024-04-17T11:12:24.088799" elapsed="0.002069"/>
</iter>
<var>${keyTwo}</var>
<value>@{expected_keysTwo}</value>
<status status="PASS" start="2024-04-17T11:12:24.086524" elapsed="0.004464"/>
</for>
<status status="PASS" start="2024-04-17T11:12:23.982290" elapsed="0.108885"/>
</kw>
<doc>Testa a estrutura da resposta da API.</doc>
<tag>testeEstruturaResposta</tag>
<status status="PASS" start="2024-04-17T11:12:23.981807" elapsed="0.109523"/>
</test>
<test id="s1-s1-t4" name="Validar tipos de dados" line="28">
<kw name="Teste de Tipos de Dados" owner="random-user-service">
<kw name="GET On Session" owner="RequestsLibrary">
<msg time="2024-04-17T11:12:24.180317" level="INFO">GET Request : url=https://randomuser.me/api 
 path_url=/api 
 headers={'User-Agent': 'python-requests/2.31.0', 'Accept-Encoding': 'gzip, deflate', 'Accept': '*/*', 'Connection': 'keep-alive'} 
 body=None 
 </msg>
<msg time="2024-04-17T11:12:24.180398" level="INFO">GET Response : url=https://randomuser.me/api 
 status=200, reason=OK 
 headers={'Date': 'Wed, 17 Apr 2024 11:12:24 GMT', 'Content-Type': 'application/json; charset=utf-8', 'Transfer-Encoding': 'chunked', 'Connection': 'keep-alive', 'X-Powered-By': 'Express', 'Access-Control-Allow-Origin': '*', 'Cache-Control': 'no-cache', 'ETag': 'W/"499-iI4Vk02eQEf7I6W0qYYm/chY7uA"', 'Vary': 'Accept-Encoding', 'Content-Encoding': 'gzip', 'CF-Cache-Status': 'DYNAMIC', 'Report-To': '{"endpoints":[{"url":"https:\\/\\/a.nel.cloudflare.com\\/report\\/v4?s=4XragBzm0FUi0%2B%2FfF8ICTGiszUPQ%2B41ReZc35%2F0PNNFqV%2FDSLE8IarhvB1T4UOFTEhfWCd1aqFwT6QZP5ty1dcUzdjN1x4s4NeNicLg%2BPOKtkyNuqbHF1mX53y81wLsm"}],"group":"cf-nel","max_age":604800}', 'NEL': '{"success_fraction":0,"report_to":"cf-nel","max_age":604800}', 'Server': 'cloudflare', 'CF-RAY': '875bfad69c6a826c-IAD', 'alt-svc': 'h3=":443"; ma=86400'} 
 body={"results":[{"gender":"male","name":{"title":"Mr","first":"Joona","last":"Kemppainen"},"location":{"street":{"number":7488,"name":"Hermiankatu"},"city":"Kannus","state":"Kymenlaakso","country":"Finland","postcode":81135,"coordinates":{"latitude":"-28.2875","longitude":"-133.1358"},"timezone":{"offset":"+10:00","description":"Eastern Australia, Guam, Vladivostok"}},"email":"joona.kemppainen@example.com","login":{"uuid":"64fb333c-c63a-4b07-b145-2c44753dcf61","username":"crazyfrog225","password":"bear1","salt":"UzmOUbCU","md5":"6f721e0e021068b9ea26c24066473dfc","sha1":"a9aee9e689d4461e7940a26a767fbb3b441d19e7","sha256":"b509143e03df155c397177e85f9b21583bbd5f00e389a2a2977aa5c870f01bf9"},"dob":{"date":"1988-06-24T13:53:34.388Z","age":35},"registered":{"date":"2008-01-28T07:13:51.718Z","age":16},"phone":"05-318-794","cell":"041-472-59-30","id":{"name":"HETU","value":"NaNNA683undefined"},"picture":{"large":"https://randomuser.me/api/portraits/men/26.jpg","medium":"https://randomuser.me/api/portraits/med/men/26.jpg","thumbnail":"https://randomuser.me/api/portraits/thumb/men/26.jpg"},"nat":"FI"}],"info":{"seed":"1e404185f0dffc69","results":1,"page":1,"version":"1.4"}} 
 </msg>
<msg time="2024-04-17T11:12:24.180480" level="INFO">/opt/hostedtoolcache/Python/3.12.3/x64/lib/python3.12/site-packages/urllib3/connectionpool.py:1103: InsecureRequestWarning: Unverified HTTPS request is being made to host 'randomuser.me'. Adding certificate verification is strongly advised. See: https://urllib3.readthedocs.io/en/latest/advanced-usage.html#tls-warnings
  warnings.warn(</msg>
<msg time="2024-04-17T11:12:24.180622" level="INFO">${response} = &lt;Response [200]&gt;</msg>
<var>${response}</var>
<arg>consultarAPI</arg>
<arg>/api</arg>
<doc>Sends a GET request on a previously created HTTP Session.</doc>
<status status="PASS" start="2024-04-17T11:12:24.093725" elapsed="0.086936"/>
</kw>
<kw name="Set Variable" owner="BuiltIn">
<msg time="2024-04-17T11:12:24.181562" level="INFO">${json_data} = {'results': [{'gender': 'male', 'name': {'title': 'Mr', 'first': 'Joona', 'last': 'Kemppainen'}, 'location': {'street': {'number': 7488, 'name': 'Hermiankatu'}, 'city': 'Kannus', 'state': 'Kymenlaakso...</msg>
<var>${json_data}</var>
<arg>${response.json()}</arg>
<doc>Returns the given values which can then be assigned to a variables.</doc>
<status status="PASS" start="2024-04-17T11:12:24.181105" elapsed="0.000485"/>
</kw>
<kw name="Log" owner="BuiltIn">
<msg time="2024-04-17T11:12:24.182039" level="INFO">{'results': [{'gender': 'male', 'name': {'title': 'Mr', 'first': 'Joona', 'last': 'Kemppainen'}, 'location': {'street': {'number': 7488, 'name': 'Hermiankatu'}, 'city': 'Kannus', 'state': 'Kymenlaakso', 'country': 'Finland', 'postcode': 81135, 'coordinates': {'latitude': '-28.2875', 'longitude': '-133.1358'}, 'timezone': {'offset': '+10:00', 'description': 'Eastern Australia, Guam, Vladivostok'}}, 'email': 'joona.kemppainen@example.com', 'login': {'uuid': '64fb333c-c63a-4b07-b145-2c44753dcf61', 'username': 'crazyfrog225', 'password': 'bear1', 'salt': 'UzmOUbCU', 'md5': '6f721e0e021068b9ea26c24066473dfc', 'sha1': 'a9aee9e689d4461e7940a26a767fbb3b441d19e7', 'sha256': 'b509143e03df155c397177e85f9b21583bbd5f00e389a2a2977aa5c870f01bf9'}, 'dob': {'date': '1988-06-24T13:53:34.388Z', 'age': 35}, 'registered': {'date': '2008-01-28T07:13:51.718Z', 'age': 16}, 'phone': '05-318-794', 'cell': '041-472-59-30', 'id': {'name': 'HETU', 'value': 'NaNNA683undefined'}, 'picture': {'large': 'https://randomuser.me/api/portraits/men/26.jpg', 'medium': 'https://randomuser.me/api/portraits/med/men/26.jpg', 'thumbnail': 'https://randomuser.me/api/portraits/thumb/men/26.jpg'}, 'nat': 'FI'}], 'info': {'seed': '1e404185f0dffc69', 'results': 1, 'page': 1, 'version': '1.4'}}</msg>
<arg>${json_data}</arg>
<doc>Logs the given message with the given level.</doc>
<status status="PASS" start="2024-04-17T11:12:24.181890" elapsed="0.000231"/>
</kw>
<kw name="Should Be String" owner="String">
<arg>${json_data['results'][0]['gender']}</arg>
<doc>Fails if the given ``item`` is not a string.</doc>
<status status="PASS" start="2024-04-17T11:12:24.182415" elapsed="0.000437"/>
</kw>
<kw name="Should Match Regexp" owner="BuiltIn">
<arg>${json_data['results'][0]['email']}</arg>
<arg>^[a-zA-Z0-9._%+-]+@[a-zA-Z0-9.-]+\.[a-zA-Z]{2,}$</arg>
<doc>Fails if ``string`` does not match ``pattern`` as a regular expression.</doc>
<status status="PASS" start="2024-04-17T11:12:24.183053" elapsed="0.000518"/>
</kw>
<kw name="Should Match Regexp" owner="BuiltIn">
<arg>${json_data['results'][0]['dob']['date']}</arg>
<arg>\\d{4}-\\d{2}-\\d{2}T\\d{2}:\\d{2}:\\d{2}\\.\\d{3}Z</arg>
<doc>Fails if ``string`` does not match ``pattern`` as a regular expression.</doc>
<status status="PASS" start="2024-04-17T11:12:24.183770" elapsed="0.000485"/>
</kw>
<kw name="Should Match Regexp" owner="BuiltIn">
<arg>${json_data['results'][0]['registered']['date']}</arg>
<arg>\\d{4}-\\d{2}-\\d{2}T\\d{2}:\\d{2}:\\d{2}\\.\\d{3}Z</arg>
<doc>Fails if ``string`` does not match ``pattern`` as a regular expression.</doc>
<status status="PASS" start="2024-04-17T11:12:24.184447" elapsed="0.000379"/>
</kw>
<kw name="Should Match Regexp" owner="BuiltIn">
<arg>${json_data['results'][0]['picture']['large']}</arg>
<arg>^https?://.*\.(?:png|jpe?g|gif|bmp)$</arg>
<doc>Fails if ``string`` does not match ``pattern`` as a regular expression.</doc>
<status status="PASS" start="2024-04-17T11:12:24.185025" elapsed="0.000472"/>
</kw>
<kw name="Should Match Regexp" owner="BuiltIn">
<arg>${json_data['results'][0]['picture']['medium']}</arg>
<arg>^https?://.*\.(?:png|jpe?g|gif|bmp)$</arg>
<doc>Fails if ``string`` does not match ``pattern`` as a regular expression.</doc>
<status status="PASS" start="2024-04-17T11:12:24.185686" elapsed="0.000362"/>
</kw>
<kw name="Should Match Regexp" owner="BuiltIn">
<arg>${json_data['results'][0]['picture']['thumbnail']}</arg>
<arg>^https?://.*\.(?:png|jpe?g|gif|bmp)$</arg>
<doc>Fails if ``string`` does not match ``pattern`` as a regular expression.</doc>
<status status="PASS" start="2024-04-17T11:12:24.186237" elapsed="0.000379"/>
</kw>
<kw name="Log" owner="BuiltIn">
<msg time="2024-04-17T11:12:24.187144" level="INFO">{'large': 'https://randomuser.me/api/portraits/men/26.jpg', 'medium': 'https://randomuser.me/api/portraits/med/men/26.jpg', 'thumbnail': 'https://randomuser.me/api/portraits/thumb/men/26.jpg'}</msg>
<arg>${json_data['results'][0]['picture']}</arg>
<doc>Logs the given message with the given level.</doc>
<status status="PASS" start="2024-04-17T11:12:24.186810" elapsed="0.000375"/>
</kw>
<status status="PASS" start="2024-04-17T11:12:24.093502" elapsed="0.093941"/>
</kw>
<kw name="Teste de Tipos de Dados - Postcode" owner="random-user-service">
<kw name="GET On Session" owner="RequestsLibrary">
<msg time="2024-04-17T11:12:24.273987" level="INFO">GET Request : url=https://randomuser.me/api 
 path_url=/api 
 headers={'User-Agent': 'python-requests/2.31.0', 'Accept-Encoding': 'gzip, deflate', 'Accept': '*/*', 'Connection': 'keep-alive'} 
 body=None 
 </msg>
<msg time="2024-04-17T11:12:24.274068" level="INFO">GET Response : url=https://randomuser.me/api 
 status=200, reason=OK 
 headers={'Date': 'Wed, 17 Apr 2024 11:12:24 GMT', 'Content-Type': 'application/json; charset=utf-8', 'Transfer-Encoding': 'chunked', 'Connection': 'keep-alive', 'X-Powered-By': 'Express', 'Access-Control-Allow-Origin': '*', 'Cache-Control': 'no-cache', 'ETag': 'W/"47e-fx8oDEui4fejk9bNRO9xDzIMkjg"', 'Vary': 'Accept-Encoding', 'Content-Encoding': 'gzip', 'CF-Cache-Status': 'DYNAMIC', 'Report-To': '{"endpoints":[{"url":"https:\\/\\/a.nel.cloudflare.com\\/report\\/v4?s=OpRdefuS4zkdhFm6cAMkKwdA01SJfSag5gvfs8ZcCOBpOiyJduOwTYBJusbz17lDQf%2F24NrZKcPZMTsqUjZrjwmsBS0d4U4TpdXlJncYc0Otsed1MLChEniUCA%2B8qAyF"}],"group":"cf-nel","max_age":604800}', 'NEL': '{"success_fraction":0,"report_to":"cf-nel","max_age":604800}', 'Server': 'cloudflare', 'CF-RAY': '875bfad72ce9826c-IAD', 'alt-svc': 'h3=":443"; ma=86400'} 
 body={"results":[{"gender":"female","name":{"title":"Miss","first":"Denise","last":"Rose"},"location":{"street":{"number":1004,"name":"W 6th St"},"city":"Corona","state":"South Carolina","country":"United States","postcode":91325,"coordinates":{"latitude":"84.1922","longitude":"92.4659"},"timezone":{"offset":"-10:00","description":"Hawaii"}},"email":"denise.rose@example.com","login":{"uuid":"4c011d3c-e3d6-478c-a23c-84c869b9983a","username":"smallleopard359","password":"buzz","salt":"l2yDIXik","md5":"bb5415ca693abd8db1e0a47995059809","sha1":"1d41e6d2567e154c4dcff4d5d9421b485fef109f","sha256":"015beee5c671b70d6342b5e118d7c637c0642bee6a0743c33e2febd65b4cc124"},"dob":{"date":"1988-12-02T00:05:04.213Z","age":35},"registered":{"date":"2013-07-22T20:59:51.941Z","age":10},"phone":"(666) 652-6015","cell":"(229) 398-4598","id":{"name":"SSN","value":"703-95-1256"},"picture":{"large":"https://randomuser.me/api/portraits/women/39.jpg","medium":"https://randomuser.me/api/portraits/med/women/39.jpg","thumbnail":"https://randomuser.me/api/portraits/thumb/women/39.jpg"},"nat":"US"}],"info":{"seed":"3cee9e250d525c98","results":1,"page":1,"version":"1.4"}} 
 </msg>
<msg time="2024-04-17T11:12:24.274149" level="INFO">/opt/hostedtoolcache/Python/3.12.3/x64/lib/python3.12/site-packages/urllib3/connectionpool.py:1103: InsecureRequestWarning: Unverified HTTPS request is being made to host 'randomuser.me'. Adding certificate verification is strongly advised. See: https://urllib3.readthedocs.io/en/latest/advanced-usage.html#tls-warnings
  warnings.warn(</msg>
<msg time="2024-04-17T11:12:24.274287" level="INFO">${response} = &lt;Response [200]&gt;</msg>
<var>${response}</var>
<arg>consultarAPI</arg>
<arg>/api</arg>
<doc>Sends a GET request on a previously created HTTP Session.</doc>
<status status="PASS" start="2024-04-17T11:12:24.187872" elapsed="0.086463"/>
</kw>
<kw name="Set Variable" owner="BuiltIn">
<msg time="2024-04-17T11:12:24.275179" level="INFO">${json_data} = {'results': [{'gender': 'female', 'name': {'title': 'Miss', 'first': 'Denise', 'last': 'Rose'}, 'location': {'street': {'number': 1004, 'name': 'W 6th St'}, 'city': 'Corona', 'state': 'South Carolina'...</msg>
<var>${json_data}</var>
<arg>${response.json()}</arg>
<doc>Returns the given values which can then be assigned to a variables.</doc>
<status status="PASS" start="2024-04-17T11:12:24.274729" elapsed="0.000478"/>
</kw>
<kw name="Log" owner="BuiltIn">
<msg time="2024-04-17T11:12:24.275662" level="INFO">{'results': [{'gender': 'female', 'name': {'title': 'Miss', 'first': 'Denise', 'last': 'Rose'}, 'location': {'street': {'number': 1004, 'name': 'W 6th St'}, 'city': 'Corona', 'state': 'South Carolina', 'country': 'United States', 'postcode': 91325, 'coordinates': {'latitude': '84.1922', 'longitude': '92.4659'}, 'timezone': {'offset': '-10:00', 'description': 'Hawaii'}}, 'email': 'denise.rose@example.com', 'login': {'uuid': '4c011d3c-e3d6-478c-a23c-84c869b9983a', 'username': 'smallleopard359', 'password': 'buzz', 'salt': 'l2yDIXik', 'md5': 'bb5415ca693abd8db1e0a47995059809', 'sha1': '1d41e6d2567e154c4dcff4d5d9421b485fef109f', 'sha256': '015beee5c671b70d6342b5e118d7c637c0642bee6a0743c33e2febd65b4cc124'}, 'dob': {'date': '1988-12-02T00:05:04.213Z', 'age': 35}, 'registered': {'date': '2013-07-22T20:59:51.941Z', 'age': 10}, 'phone': '(666) 652-6015', 'cell': '(229) 398-4598', 'id': {'name': 'SSN', 'value': '703-95-1256'}, 'picture': {'large': 'https://randomuser.me/api/portraits/women/39.jpg', 'medium': 'https://randomuser.me/api/portraits/med/women/39.jpg', 'thumbnail': 'https://randomuser.me/api/portraits/thumb/women/39.jpg'}, 'nat': 'US'}], 'info': {'seed': '3cee9e250d525c98', 'results': 1, 'page': 1, 'version': '1.4'}}</msg>
<arg>${json_data}</arg>
<doc>Logs the given message with the given level.</doc>
<status status="PASS" start="2024-04-17T11:12:24.275510" elapsed="0.000228"/>
</kw>
<kw name="Should Be Equal As Numbers" owner="BuiltIn">
<arg>${json_data['results'][0]['location']['postcode']}</arg>
<arg>${json_data['results'][0]['location']['postcode']}</arg>
<doc>Fails if objects are unequal after converting them to real numbers.</doc>
<status status="PASS" start="2024-04-17T11:12:24.276159" elapsed="0.000611"/>
</kw>
<kw name="Log" owner="BuiltIn">
<msg time="2024-04-17T11:12:24.277294" level="INFO">91325</msg>
<arg>${json_data['results'][0]['location']['postcode']}</arg>
<doc>Logs the given message with the given level.</doc>
<status status="PASS" start="2024-04-17T11:12:24.276959" elapsed="0.000375"/>
</kw>
<status status="PASS" start="2024-04-17T11:12:24.187651" elapsed="0.089928"/>
</kw>
<doc>Testa se os tipos de dados na resposta da API estão corretos.</doc>
<tag>testeTiposDados</tag>
<status status="PASS" start="2024-04-17T11:12:24.093082" elapsed="0.184652"/>
</test>
<test id="s1-s1-t5" name="Validar conteudo" line="35">
<kw name="Teste de Tipos de Conteudo" owner="random-user-service">
<kw name="GET On Session" owner="RequestsLibrary">
<msg time="2024-04-17T11:12:24.369086" level="INFO">GET Request : url=https://randomuser.me/api 
 path_url=/api 
 headers={'User-Agent': 'python-requests/2.31.0', 'Accept-Encoding': 'gzip, deflate', 'Accept': '*/*', 'Connection': 'keep-alive'} 
 body=None 
 </msg>
<msg time="2024-04-17T11:12:24.369170" level="INFO">GET Response : url=https://randomuser.me/api 
 status=200, reason=OK 
 headers={'Date': 'Wed, 17 Apr 2024 11:12:24 GMT', 'Content-Type': 'application/json; charset=utf-8', 'Transfer-Encoding': 'chunked', 'Connection': 'keep-alive', 'X-Powered-By': 'Express', 'Access-Control-Allow-Origin': '*', 'Cache-Control': 'no-cache', 'ETag': 'W/"49b-Ju93i2zSfMWwhDA/zGGvjVeAkL0"', 'Vary': 'Accept-Encoding', 'Content-Encoding': 'gzip', 'CF-Cache-Status': 'DYNAMIC', 'Report-To': '{"endpoints":[{"url":"https:\\/\\/a.nel.cloudflare.com\\/report\\/v4?s=7igKqq1LUjgf65Gdwsyga3MyBmpZurt2V9vr1wNr8woQP%2Bl5kpVttH3xB60KNUycddAyiJNcIVtm1ChKJj6AIEJ%2FLsukbbs6qAPXTCuXzegSZQk7YeuQiu%2FlNnkgftIa"}],"group":"cf-nel","max_age":604800}', 'NEL': '{"success_fraction":0,"report_to":"cf-nel","max_age":604800}', 'Server': 'cloudflare', 'CF-RAY': '875bfad7cd59826c-IAD', 'alt-svc': 'h3=":443"; ma=86400'} 
 body={"results":[{"gender":"female","name":{"title":"Ms","first":"Ana María","last":"Robledo"},"location":{"street":{"number":7926,"name":"Diagonal Oaxaca"},"city":"Nopaltepec","state":"Coahuila","country":"Mexico","postcode":64650,"coordinates":{"latitude":"27.6458","longitude":"168.8786"},"timezone":{"offset":"+7:00","description":"Bangkok, Hanoi, Jakarta"}},"email":"anamaria.robledo@example.com","login":{"uuid":"1cdcc983-94e6-4303-b5bf-0166724f2ed7","username":"yellowbear183","password":"power1","salt":"r3ymbnpx","md5":"7f8673164758a31fa41c620e6cf97f9c","sha1":"b6f9e6b4d52c34ebde61747a0fd8565a6dce78fc","sha256":"1da8b66de2f6dcf8c2a87bbcdf8eccc3b3d03e1f638df398c68c032897612f4c"},"dob":{"date":"1969-03-27T03:37:02.596Z","age":55},"registered":{"date":"2009-11-15T20:49:26.812Z","age":14},"phone":"(612) 918 8476","cell":"(622) 483 6853","id":{"name":"NSS","value":"92 49 19 0717 1"},"picture":{"large":"https://randomuser.me/api/portraits/women/42.jpg","medium":"https://randomuser.me/api/portraits/med/women/42.jpg","thumbnail":"https://randomuser.me/api/portraits/thumb/women/42.jpg"},"nat":"MX"}],"info":{"seed":"68c1a0229b839d19","results":1,"page":1,"version":"1.4"}} 
 </msg>
<msg time="2024-04-17T11:12:24.369255" level="INFO">/opt/hostedtoolcache/Python/3.12.3/x64/lib/python3.12/site-packages/urllib3/connectionpool.py:1103: InsecureRequestWarning: Unverified HTTPS request is being made to host 'randomuser.me'. Adding certificate verification is strongly advised. See: https://urllib3.readthedocs.io/en/latest/advanced-usage.html#tls-warnings
  warnings.warn(</msg>
<msg time="2024-04-17T11:12:24.369393" level="INFO">${response} = &lt;Response [200]&gt;</msg>
<var>${response}</var>
<arg>consultarAPI</arg>
<arg>/api</arg>
<doc>Sends a GET request on a previously created HTTP Session.</doc>
<status status="PASS" start="2024-04-17T11:12:24.280120" elapsed="0.089328"/>
</kw>
<kw name="Set Variable" owner="BuiltIn">
<msg time="2024-04-17T11:12:24.370258" level="INFO">${json_data} = {'results': [{'gender': 'female', 'name': {'title': 'Ms', 'first': 'Ana María', 'last': 'Robledo'}, 'location': {'street': {'number': 7926, 'name': 'Diagonal Oaxaca'}, 'city': 'Nopaltepec', 'state': '...</msg>
<var>${json_data}</var>
<arg>${response.json()}</arg>
<doc>Returns the given values which can then be assigned to a variables.</doc>
<status status="PASS" start="2024-04-17T11:12:24.369820" elapsed="0.000467"/>
</kw>
<kw name="Set Variable" owner="BuiltIn">
<msg time="2024-04-17T11:12:24.371015" level="INFO">${name_title} = Ms</msg>
<var>${name_title}</var>
<arg>${json_data["results"][0]["name"]["title"]}</arg>
<doc>Returns the given values which can then be assigned to a variables.</doc>
<status status="PASS" start="2024-04-17T11:12:24.370621" elapsed="0.000418"/>
</kw>
<kw name="Create List" owner="BuiltIn">
<msg time="2024-04-17T11:12:24.371480" level="INFO">${allowed_titles} = ['Mr', 'Ms', 'Miss', 'Mrs', 'Madame', 'Monsieur']</msg>
<var>${allowed_titles}</var>
<arg>Mr</arg>
<arg>Ms</arg>
<arg>Miss</arg>
<arg>Mrs</arg>
<arg>Madame</arg>
<arg>Monsieur</arg>
<doc>Returns a list containing given items.</doc>
<status status="PASS" start="2024-04-17T11:12:24.371334" elapsed="0.000170"/>
</kw>
<kw name="List Should Contain Value" owner="Collections">
<msg time="2024-04-17T11:12:24.371959" level="INFO">False</msg>
<arg>${allowed_titles}</arg>
<arg>${name_title}</arg>
<doc>Fails if the ``value`` is not found from ``list``.</doc>
<status status="PASS" start="2024-04-17T11:12:24.371795" elapsed="0.000199"/>
</kw>
<kw name="Set Variable" owner="BuiltIn">
<msg time="2024-04-17T11:12:24.372658" level="INFO">${name_country} = MX</msg>
<var>${name_country}</var>
<arg>${json_data["results"][0]["nat"]}</arg>
<doc>Returns the given values which can then be assigned to a variables.</doc>
<status status="PASS" start="2024-04-17T11:12:24.372278" elapsed="0.000404"/>
</kw>
<kw name="Create List" owner="BuiltIn">
<msg time="2024-04-17T11:12:24.373563" level="INFO">${list_country} = ['AD', 'AE', 'AF', 'AG', 'AI', 'AL', 'AM', 'AO', 'AQ', 'AR', 'AS', 'AT', 'AU', 'AW', 'AX', 'AZ', 'BA', 'BB', 'BD', 'BE', 'BF', 'BG', 'BH', 'BI', 'BJ', 'BL', 'BM', 'BN', 'BO', 'BQ', 'BR', 'BS', 'BT', '...</msg>
<var>${list_country}</var>
<arg>AD</arg>
<arg>AE</arg>
<arg>AF</arg>
<arg>AG</arg>
<arg>AI</arg>
<arg>AL</arg>
<arg>AM</arg>
<arg>AO</arg>
<arg>AQ</arg>
<arg>AR</arg>
<arg>AS</arg>
<arg>AT</arg>
<arg>AU</arg>
<arg>AW</arg>
<arg>AX</arg>
<arg>AZ</arg>
<arg>BA</arg>
<arg>BB</arg>
<arg>BD</arg>
<arg>BE</arg>
<arg>BF</arg>
<arg>BG</arg>
<arg>BH</arg>
<arg>BI</arg>
<arg>BJ</arg>
<arg>BL</arg>
<arg>BM</arg>
<arg>BN</arg>
<arg>BO</arg>
<arg>BQ</arg>
<arg>BR</arg>
<arg>BS</arg>
<arg>BT</arg>
<arg>BV</arg>
<arg>BW</arg>
<arg>BY</arg>
<arg>BZ</arg>
<arg>CA</arg>
<arg>CC</arg>
<arg>CD</arg>
<arg>CF</arg>
<arg>CG</arg>
<arg>CH</arg>
<arg>CI</arg>
<arg>CK</arg>
<arg>CL</arg>
<arg>CM</arg>
<arg>CN</arg>
<arg>CO</arg>
<arg>CR</arg>
<arg>CU</arg>
<arg>CV</arg>
<arg>CW</arg>
<arg>CX</arg>
<arg>CY</arg>
<arg>CZ</arg>
<arg>DE</arg>
<arg>DJ</arg>
<arg>DK</arg>
<arg>DM</arg>
<arg>DO</arg>
<arg>DZ</arg>
<arg>EC</arg>
<arg>EE</arg>
<arg>EG</arg>
<arg>EH</arg>
<arg>ER</arg>
<arg>ES</arg>
<arg>ET</arg>
<arg>FI</arg>
<arg>FJ</arg>
<arg>FK</arg>
<arg>FM</arg>
<arg>FO</arg>
<arg>FR</arg>
<arg>GA</arg>
<arg>GB</arg>
<arg>GD</arg>
<arg>GE</arg>
<arg>GF</arg>
<arg>GG</arg>
<arg>GH</arg>
<arg>GI</arg>
<arg>GL</arg>
<arg>GM</arg>
<arg>GN</arg>
<arg>GP</arg>
<arg>GQ</arg>
<arg>GR</arg>
<arg>GS</arg>
<arg>GT</arg>
<arg>GU</arg>
<arg>GW</arg>
<arg>GY</arg>
<arg>HK</arg>
<arg>HM</arg>
<arg>HN</arg>
<arg>HR</arg>
<arg>HT</arg>
<arg>HU</arg>
<arg>ID</arg>
<arg>IE</arg>
<arg>IL</arg>
<arg>IM</arg>
<arg>IN</arg>
<arg>IO</arg>
<arg>IQ</arg>
<arg>IR</arg>
<arg>IS</arg>
<arg>IT</arg>
<arg>JE</arg>
<arg>JM</arg>
<arg>JO</arg>
<arg>JP</arg>
<arg>KE</arg>
<arg>KG</arg>
<arg>KH</arg>
<arg>KI</arg>
<arg>KM</arg>
<arg>KN</arg>
<arg>KP</arg>
<arg>KR</arg>
<arg>KW</arg>
<arg>KY</arg>
<arg>KZ</arg>
<arg>LA</arg>
<arg>LB</arg>
<arg>LC</arg>
<arg>LI</arg>
<arg>LK</arg>
<arg>LR</arg>
<arg>LS</arg>
<arg>LT</arg>
<arg>LU</arg>
<arg>LV</arg>
<arg>LY</arg>
<arg>MA</arg>
<arg>MC</arg>
<arg>MD</arg>
<arg>ME</arg>
<arg>MF</arg>
<arg>MG</arg>
<arg>MH</arg>
<arg>MK</arg>
<arg>ML</arg>
<arg>MM</arg>
<arg>MN</arg>
<arg>MO</arg>
<arg>MP</arg>
<arg>MQ</arg>
<arg>MR</arg>
<arg>MS</arg>
<arg>MT</arg>
<arg>MU</arg>
<arg>MV</arg>
<arg>MW</arg>
<arg>MX</arg>
<arg>MY</arg>
<arg>MZ</arg>
<arg>NA</arg>
<arg>NC</arg>
<arg>NE</arg>
<arg>NF</arg>
<arg>NG</arg>
<arg>NI</arg>
<arg>NL</arg>
<arg>NO</arg>
<arg>NP</arg>
<arg>NR</arg>
<arg>NU</arg>
<arg>NZ</arg>
<arg>OM</arg>
<arg>PA</arg>
<arg>PE</arg>
<arg>PF</arg>
<arg>PG</arg>
<arg>PH</arg>
<arg>PK</arg>
<arg>PL</arg>
<arg>PM</arg>
<arg>PN</arg>
<arg>PR</arg>
<arg>PS</arg>
<arg>PT</arg>
<arg>PW</arg>
<arg>PY</arg>
<arg>QA</arg>
<arg>RE</arg>
<arg>RO</arg>
<arg>RS</arg>
<arg>RU</arg>
<arg>RW</arg>
<arg>SA</arg>
<arg>SB</arg>
<arg>SC</arg>
<arg>SD</arg>
<arg>SE</arg>
<arg>SG</arg>
<arg>SH</arg>
<arg>SI</arg>
<arg>SJ</arg>
<arg>SK</arg>
<arg>SL</arg>
<arg>SM</arg>
<arg>SN</arg>
<arg>SO</arg>
<arg>SR</arg>
<arg>SS</arg>
<arg>ST</arg>
<arg>SV</arg>
<arg>SX</arg>
<arg>SY</arg>
<arg>SZ</arg>
<arg>TC</arg>
<arg>TD</arg>
<arg>TF</arg>
<arg>TG</arg>
<arg>TH</arg>
<arg>TJ</arg>
<arg>TK</arg>
<arg>TL</arg>
<arg>TM</arg>
<arg>TN</arg>
<arg>TO</arg>
<arg>TR</arg>
<arg>TT</arg>
<arg>TV</arg>
<arg>TW</arg>
<arg>TZ</arg>
<arg>UA</arg>
<arg>UG</arg>
<arg>UM</arg>
<arg>US</arg>
<arg>UY</arg>
<arg>UZ</arg>
<arg>VA</arg>
<arg>VC</arg>
<arg>VE</arg>
<arg>VG</arg>
<arg>VI</arg>
<arg>VN</arg>
<arg>VU</arg>
<arg>WF</arg>
<arg>WS</arg>
<arg>XK</arg>
<arg>YE</arg>
<arg>YT</arg>
<arg>ZA</arg>
<arg>ZM</arg>
<arg>ZW</arg>
<doc>Returns a list containing given items.</doc>
<status status="PASS" start="2024-04-17T11:12:24.372980" elapsed="0.000608"/>
</kw>
<kw name="List Should Contain Value" owner="Collections">
<msg time="2024-04-17T11:12:24.374565" level="INFO">False</msg>
<arg>${list_country}</arg>
<arg>${name_country}</arg>
<doc>Fails if the ``value`` is not found from ``list``.</doc>
<status status="PASS" start="2024-04-17T11:12:24.374370" elapsed="0.000255"/>
</kw>
<kw name="Run Keyword If" owner="BuiltIn">
<kw name="Should Be True" owner="BuiltIn">
<arg>${True}</arg>
<doc>Fails if the given condition is not true.</doc>
<status status="PASS" start="2024-04-17T11:12:24.375681" elapsed="0.000238"/>
</kw>
<arg>${json_data["results"][0]["location"]["coordinates"]["latitude"]} &gt;= -90 and ${json_data["results"][0]["location"]["coordinates"]["latitude"]} &lt;= 90</arg>
<arg>Should Be True</arg>
<arg>${True}</arg>
<doc>Runs the given keyword with the given arguments, if ``condition`` is true.</doc>
<status status="PASS" start="2024-04-17T11:12:24.374941" elapsed="0.001110"/>
</kw>
<kw name="Run Keyword If" owner="BuiltIn">
<kw name="Should Be True" owner="BuiltIn">
<arg>${True}</arg>
<doc>Fails if the given condition is not true.</doc>
<status status="PASS" start="2024-04-17T11:12:24.376931" elapsed="0.000136"/>
</kw>
<arg>${json_data["results"][0]["location"]["coordinates"]["longitude"]} &gt;= -180 and ${json_data["results"][0]["location"]["coordinates"]["longitude"]} &lt;= 180</arg>
<arg>Should Be True</arg>
<arg>${True}</arg>
<doc>Runs the given keyword with the given arguments, if ``condition`` is true.</doc>
<status status="PASS" start="2024-04-17T11:12:24.376234" elapsed="0.000954"/>
</kw>
<status status="PASS" start="2024-04-17T11:12:24.279903" elapsed="0.097409"/>
</kw>
<doc>Testa o conteúdo específico dos campos retornados pela API.</doc>
<tag>testeConteudo</tag>
<status status="PASS" start="2024-04-17T11:12:24.279482" elapsed="0.097968"/>
</test>
<status status="PASS" start="2024-04-17T11:12:23.491056" elapsed="0.888319"/>
</suite>
<status status="PASS" start="2024-04-17T11:12:23.477648" elapsed="0.906718"/>
</suite>
<statistics>
<total>
<stat pass="5" fail="0" skip="0">All Tests</stat>
</total>
<tag>
<stat pass="1" fail="0" skip="0">testeConteudo</stat>
<stat pass="1" fail="0" skip="0">testeEstruturaResposta</stat>
<stat pass="1" fail="0" skip="0">testeRequisicaoBasica</stat>
<stat pass="1" fail="0" skip="0">testeTiposDados</stat>
</tag>
<suite>
<stat pass="5" fail="0" skip="0" id="s1" name="Tests">Tests</stat>
<stat pass="5" fail="0" skip="0" id="s1-s1" name="Random-User-Test">Tests.Random-User-Test</stat>
</suite>
</statistics>
<errors>
</errors>
</robot>
