<?xml version="1.0" encoding="UTF-8"?>
<robot generator="Robot 7.0.1 (Python 3.12.4 on linux)" generated="2024-06-29T06:19:21.108454" rpa="false" schemaversion="5">
<suite id="s1" name="Tests" source="/home/runner/work/ApiRandomUser/ApiRandomUser/RamdonUser/tests">
<suite id="s1-s1" name="Random-User-Test" source="/home/runner/work/ApiRandomUser/ApiRandomUser/RamdonUser/tests/random-user-test.robot">
<test id="s1-s1-t1" name="Conectar" line="13">
<kw name="Conectar API" owner="random-user-service">
<kw name="Create Session" owner="RequestsLibrary">
<msg time="2024-06-29T06:19:21.509633" level="INFO">Creating Session using : alias=consultarAPI, url=https://randomuser.me/, headers={},                     cookies={}, auth=None, timeout=None, proxies=None, verify=False,                     debug=0 </msg>
<arg>consultarAPI</arg>
<arg>${URL}</arg>
<doc>Create Session: create a HTTP session to a server</doc>
<status status="PASS" start="2024-06-29T06:19:21.509430" elapsed="0.000384"/>
</kw>
<status status="PASS" start="2024-06-29T06:19:21.508468" elapsed="0.001702"/>
</kw>
<status status="PASS" start="2024-06-29T06:19:21.507937" elapsed="0.002423"/>
</test>
<test id="s1-s1-t2" name="Validar retorno 200 e JSON Válido" line="16">
<kw name="Teste de Requisicao Basica" owner="random-user-service">
<kw name="GET On Session" owner="RequestsLibrary">
<msg time="2024-06-29T06:19:21.743363" level="INFO">GET Request : url=https://randomuser.me/api 
 path_url=/api 
 headers={'User-Agent': 'python-requests/2.32.3', 'Accept-Encoding': 'gzip, deflate', 'Accept': '*/*', 'Connection': 'keep-alive'} 
 body=None 
 </msg>
<msg time="2024-06-29T06:19:21.743504" level="INFO">GET Response : url=https://randomuser.me/api 
 status=200, reason=OK 
 headers={'Date': 'Sat, 29 Jun 2024 06:19:21 GMT', 'Content-Type': 'application/json; charset=utf-8', 'Transfer-Encoding': 'chunked', 'Connection': 'keep-alive', 'X-Powered-By': 'Express', 'Access-Control-Allow-Origin': '*', 'Cache-Control': 'no-cache', 'ETag': 'W/"482-s0a7fhD9RolJ0S3mjwiiW15JevE"', 'Vary': 'Accept-Encoding', 'Content-Encoding': 'gzip', 'CF-Cache-Status': 'DYNAMIC', 'Report-To': '{"endpoints":[{"url":"https:\\/\\/a.nel.cloudflare.com\\/report\\/v4?s=5bAIvMlp2A9GKXlgLBMDunxmPS%2FFv2mX%2FkhbyYEMUiG7RXH0dcYuHuzmvISIdjOeSd%2F2w1IYmH3LSV%2FzR28JqM64hrRI0Xjn6HC0PcXR%2FP90NW7Wxg1X6MOCr34nIPJP"}],"group":"cf-nel","max_age":604800}', 'NEL': '{"success_fraction":0,"report_to":"cf-nel","max_age":604800}', 'Server': 'cloudflare', 'CF-RAY': '89b3cdf4af6e599d-IAD', 'alt-svc': 'h3=":443"; ma=86400'} 
 body={"results":[{"gender":"female","name":{"title":"Madame","first":"Emine","last":"David"},"location":{"street":{"number":487,"name":"Avenue Debrousse"},"city":"Beckenried","state":"Bern","country":"Switzerland","postcode":9734,"coordinates":{"latitude":"-57.0410","longitude":"33.3874"},"timezone":{"offset":"+3:30","description":"Tehran"}},"email":"emine.david@example.com","login":{"uuid":"42890013-6c0c-4da2-952e-10b10cfeffc4","username":"whitebutterfly122","password":"boiler","salt":"XcV3OjLv","md5":"b3459f84b1e54693a2d80da1aa924f82","sha1":"d69f2415f5e7081fc8f303dbc1ddbfdca2fb71b4","sha256":"e5413703d1e1d7c9ac3d1cd1d6d808680e79fc32fb02d24f7f01ce4adf8a747d"},"dob":{"date":"1986-09-23T07:22:41.708Z","age":37},"registered":{"date":"2004-01-25T10:58:04.984Z","age":20},"phone":"079 997 35 14","cell":"077 572 66 15","id":{"name":"AVS","value":"756.0647.4388.59"},"picture":{"large":"https://randomuser.me/api/portraits/women/2.jpg","medium":"https://randomuser.me/api/portraits/med/women/2.jpg","thumbnail":"https://randomuser.me/api/portraits/thumb/women/2.jpg"},"nat":"CH"}],"info":{"seed":"4e72346060a006fd","results":1,"page":1,"version":"1.4"}} 
 </msg>
<msg time="2024-06-29T06:19:21.743585" level="INFO">/opt/hostedtoolcache/Python/3.12.4/x64/lib/python3.12/site-packages/urllib3/connectionpool.py:1099: InsecureRequestWarning: Unverified HTTPS request is being made to host 'randomuser.me'. Adding certificate verification is strongly advised. See: https://urllib3.readthedocs.io/en/latest/advanced-usage.html#tls-warnings
  warnings.warn(</msg>
<msg time="2024-06-29T06:19:21.743740" level="INFO">${response} = &lt;Response [200]&gt;</msg>
<var>${response}</var>
<arg>consultarAPI</arg>
<arg>/api</arg>
<doc>Sends a GET request on a previously created HTTP Session.</doc>
<status status="PASS" start="2024-06-29T06:19:21.512939" elapsed="0.230839"/>
</kw>
<kw name="Should Be Equal As Numbers" owner="BuiltIn">
<msg time="2024-06-29T06:19:21.744755" level="INFO">Argument types are:
&lt;class 'int'&gt;
&lt;class 'str'&gt;</msg>
<arg>${response.status_code}</arg>
<arg>200</arg>
<doc>Fails if objects are unequal after converting them to real numbers.</doc>
<status status="PASS" start="2024-06-29T06:19:21.744298" elapsed="0.000522"/>
</kw>
<kw name="Log" owner="BuiltIn">
<msg time="2024-06-29T06:19:21.745482" level="INFO">200</msg>
<arg>${response.status_code}</arg>
<doc>Logs the given message with the given level.</doc>
<status status="PASS" start="2024-06-29T06:19:21.745135" elapsed="0.000388"/>
</kw>
<kw name="Set Variable" owner="BuiltIn">
<msg time="2024-06-29T06:19:21.746247" level="INFO">${json_data} = {'results': [{'gender': 'female', 'name': {'title': 'Madame', 'first': 'Emine', 'last': 'David'}, 'location': {'street': {'number': 487, 'name': 'Avenue Debrousse'}, 'city': 'Beckenried', 'state': 'Be...</msg>
<var>${json_data}</var>
<arg>${response.json()}</arg>
<doc>Returns the given values which can then be assigned to a variables.</doc>
<status status="PASS" start="2024-06-29T06:19:21.745821" elapsed="0.000453"/>
</kw>
<kw name="Dictionary Should Contain Key" owner="Collections">
<arg>${json_data}</arg>
<arg>results</arg>
<doc>Fails if ``key`` is not found from ``dictionary``.</doc>
<status status="PASS" start="2024-06-29T06:19:21.746565" elapsed="0.000203"/>
</kw>
<status status="PASS" start="2024-06-29T06:19:21.512696" elapsed="0.234220"/>
</kw>
<doc>Testa se a API responde corretamente e retorna um objeto JSON válido.</doc>
<tag>testeRequisicaoBasica</tag>
<status status="PASS" start="2024-06-29T06:19:21.512243" elapsed="0.234845"/>
</test>
<test id="s1-s1-t3" name="Validar estrutura de resposta" line="22">
<kw name="Teste de Estrutura de Resposta" owner="random-user-service">
<kw name="GET On Session" owner="RequestsLibrary">
<msg time="2024-06-29T06:19:21.836915" level="INFO">GET Request : url=https://randomuser.me/api 
 path_url=/api 
 headers={'User-Agent': 'python-requests/2.32.3', 'Accept-Encoding': 'gzip, deflate', 'Accept': '*/*', 'Connection': 'keep-alive'} 
 body=None 
 </msg>
<msg time="2024-06-29T06:19:21.837000" level="INFO">GET Response : url=https://randomuser.me/api 
 status=200, reason=OK 
 headers={'Date': 'Sat, 29 Jun 2024 06:19:21 GMT', 'Content-Type': 'application/json; charset=utf-8', 'Transfer-Encoding': 'chunked', 'Connection': 'keep-alive', 'X-Powered-By': 'Express', 'Access-Control-Allow-Origin': '*', 'Cache-Control': 'no-cache', 'ETag': 'W/"49d-CVOdWODmMWwxoGYR69/EaRfrhKc"', 'Vary': 'Accept-Encoding', 'Content-Encoding': 'gzip', 'CF-Cache-Status': 'DYNAMIC', 'Report-To': '{"endpoints":[{"url":"https:\\/\\/a.nel.cloudflare.com\\/report\\/v4?s=6%2B11JjMV4qM%2BkI%2B2s0mnoivam5Yt2dsQBUkw2JGdeqNKZbdB65l4Uki67dDfWCBtNiyEANwxAs1Cr8fFL4btEmXZLwo2nEKgcUshO7aBq1iHjVfL2RERbAsOgKbeIUV5"}],"group":"cf-nel","max_age":604800}', 'NEL': '{"success_fraction":0,"report_to":"cf-nel","max_age":604800}', 'Server': 'cloudflare', 'CF-RAY': '89b3cdf4ff8f599d-IAD', 'alt-svc': 'h3=":443"; ma=86400'} 
 body={"results":[{"gender":"male","name":{"title":"Mr","first":"Cesar","last":"Castro"},"location":{"street":{"number":1652,"name":"Calle de Ángel García"},"city":"Las Palmas de Gran Canaria","state":"Comunidad Valenciana","country":"Spain","postcode":35616,"coordinates":{"latitude":"-33.7043","longitude":"-77.2196"},"timezone":{"offset":"-12:00","description":"Eniwetok, Kwajalein"}},"email":"cesar.castro@example.com","login":{"uuid":"3202b684-0599-4845-b501-c7bf2853814d","username":"angrybird786","password":"foster","salt":"bvKJIsto","md5":"ac051642bf3a3b868409754a2cdd13ea","sha1":"126da4a22c96e2c8777c89889df6f0aefc2fa548","sha256":"1b0aa49a8de419d473b095523a870a9d0091108b6d13755c4e1dba9537c4c8e9"},"dob":{"date":"1970-03-20T07:02:02.706Z","age":54},"registered":{"date":"2017-03-04T04:48:59.295Z","age":7},"phone":"915-325-028","cell":"623-432-024","id":{"name":"DNI","value":"50689701-L"},"picture":{"large":"https://randomuser.me/api/portraits/men/97.jpg","medium":"https://randomuser.me/api/portraits/med/men/97.jpg","thumbnail":"https://randomuser.me/api/portraits/thumb/men/97.jpg"},"nat":"ES"}],"info":{"seed":"edc54a36ea1bac32","results":1,"page":1,"version":"1.4"}} 
 </msg>
<msg time="2024-06-29T06:19:21.837124" level="INFO">/opt/hostedtoolcache/Python/3.12.4/x64/lib/python3.12/site-packages/urllib3/connectionpool.py:1099: InsecureRequestWarning: Unverified HTTPS request is being made to host 'randomuser.me'. Adding certificate verification is strongly advised. See: https://urllib3.readthedocs.io/en/latest/advanced-usage.html#tls-warnings
  warnings.warn(</msg>
<msg time="2024-06-29T06:19:21.837262" level="INFO">${response} = &lt;Response [200]&gt;</msg>
<var>${response}</var>
<arg>consultarAPI</arg>
<arg>/api</arg>
<doc>Sends a GET request on a previously created HTTP Session.</doc>
<status status="PASS" start="2024-06-29T06:19:21.749634" elapsed="0.087658"/>
</kw>
<kw name="Set Variable" owner="BuiltIn">
<msg time="2024-06-29T06:19:21.838105" level="INFO">${json_data} = {'results': [{'gender': 'male', 'name': {'title': 'Mr', 'first': 'Cesar', 'last': 'Castro'}, 'location': {'street': {'number': 1652, 'name': 'Calle de Ángel García'}, 'city': 'Las Palmas de Gran Canar...</msg>
<var>${json_data}</var>
<arg>${response.json()}</arg>
<doc>Returns the given values which can then be assigned to a variables.</doc>
<status status="PASS" start="2024-06-29T06:19:21.837645" elapsed="0.000490"/>
</kw>
<kw name="Log" owner="BuiltIn">
<msg time="2024-06-29T06:19:21.838598" level="INFO">{'results': [{'gender': 'male', 'name': {'title': 'Mr', 'first': 'Cesar', 'last': 'Castro'}, 'location': {'street': {'number': 1652, 'name': 'Calle de Ángel García'}, 'city': 'Las Palmas de Gran Canaria', 'state': 'Comunidad Valenciana', 'country': 'Spain', 'postcode': 35616, 'coordinates': {'latitude': '-33.7043', 'longitude': '-77.2196'}, 'timezone': {'offset': '-12:00', 'description': 'Eniwetok, Kwajalein'}}, 'email': 'cesar.castro@example.com', 'login': {'uuid': '3202b684-0599-4845-b501-c7bf2853814d', 'username': 'angrybird786', 'password': 'foster', 'salt': 'bvKJIsto', 'md5': 'ac051642bf3a3b868409754a2cdd13ea', 'sha1': '126da4a22c96e2c8777c89889df6f0aefc2fa548', 'sha256': '1b0aa49a8de419d473b095523a870a9d0091108b6d13755c4e1dba9537c4c8e9'}, 'dob': {'date': '1970-03-20T07:02:02.706Z', 'age': 54}, 'registered': {'date': '2017-03-04T04:48:59.295Z', 'age': 7}, 'phone': '915-325-028', 'cell': '623-432-024', 'id': {'name': 'DNI', 'value': '50689701-L'}, 'picture': {'large': 'https://randomuser.me/api/portraits/men/97.jpg', 'medium': 'https://randomuser.me/api/portraits/med/men/97.jpg', 'thumbnail': 'https://randomuser.me/api/portraits/thumb/men/97.jpg'}, 'nat': 'ES'}], 'info': {'seed': 'edc54a36ea1bac32', 'results': 1, 'page': 1, 'version': '1.4'}}</msg>
<arg>${json_data}</arg>
<doc>Logs the given message with the given level.</doc>
<status status="PASS" start="2024-06-29T06:19:21.838440" elapsed="0.000267"/>
</kw>
<kw name="Dictionary Should Contain Key" owner="Collections">
<arg>${json_data}</arg>
<arg>results</arg>
<doc>Fails if ``key`` is not found from ``dictionary``.</doc>
<status status="PASS" start="2024-06-29T06:19:21.839020" elapsed="0.000159"/>
</kw>
<kw name="Should Not Be Empty" owner="BuiltIn">
<msg time="2024-06-29T06:19:21.839489" level="INFO">Length is 2.</msg>
<arg>${json_data}</arg>
<doc>Verifies that the given item is not empty.</doc>
<status status="PASS" start="2024-06-29T06:19:21.839360" elapsed="0.000168"/>
</kw>
<kw name="Create List" owner="BuiltIn">
<msg time="2024-06-29T06:19:21.840096" level="INFO">${expected_keys} = ['gender', 'name', 'location', 'email', 'login']</msg>
<var>${expected_keys}</var>
<arg>gender</arg>
<arg>name</arg>
<arg>location</arg>
<arg>email</arg>
<arg>login</arg>
<doc>Returns a list containing given items.</doc>
<status status="PASS" start="2024-06-29T06:19:21.839820" elapsed="0.000300"/>
</kw>
<for flavor="IN">
<iter>
<kw name="Dictionary Should Contain Key" owner="Collections">
<arg>${json_data['results'][0]}</arg>
<arg>${key}</arg>
<doc>Fails if ``key`` is not found from ``dictionary``.</doc>
<status status="PASS" start="2024-06-29T06:19:21.840699" elapsed="0.000394"/>
</kw>
<kw name="Log" owner="BuiltIn">
<msg time="2024-06-29T06:19:21.841640" level="INFO">{'gender': 'male', 'name': {'title': 'Mr', 'first': 'Cesar', 'last': 'Castro'}, 'location': {'street': {'number': 1652, 'name': 'Calle de Ángel García'}, 'city': 'Las Palmas de Gran Canaria', 'state': 'Comunidad Valenciana', 'country': 'Spain', 'postcode': 35616, 'coordinates': {'latitude': '-33.7043', 'longitude': '-77.2196'}, 'timezone': {'offset': '-12:00', 'description': 'Eniwetok, Kwajalein'}}, 'email': 'cesar.castro@example.com', 'login': {'uuid': '3202b684-0599-4845-b501-c7bf2853814d', 'username': 'angrybird786', 'password': 'foster', 'salt': 'bvKJIsto', 'md5': 'ac051642bf3a3b868409754a2cdd13ea', 'sha1': '126da4a22c96e2c8777c89889df6f0aefc2fa548', 'sha256': '1b0aa49a8de419d473b095523a870a9d0091108b6d13755c4e1dba9537c4c8e9'}, 'dob': {'date': '1970-03-20T07:02:02.706Z', 'age': 54}, 'registered': {'date': '2017-03-04T04:48:59.295Z', 'age': 7}, 'phone': '915-325-028', 'cell': '623-432-024', 'id': {'name': 'DNI', 'value': '50689701-L'}, 'picture': {'large': 'https://randomuser.me/api/portraits/men/97.jpg', 'medium': 'https://randomuser.me/api/portraits/med/men/97.jpg', 'thumbnail': 'https://randomuser.me/api/portraits/thumb/men/97.jpg'}, 'nat': 'ES'}</msg>
<arg>${json_data['results'][0]}</arg>
<doc>Logs the given message with the given level.</doc>
<status status="PASS" start="2024-06-29T06:19:21.841278" elapsed="0.000411"/>
</kw>
<kw name="Log" owner="BuiltIn">
<msg time="2024-06-29T06:19:21.842121" level="INFO">gender</msg>
<arg>${key}</arg>
<doc>Logs the given message with the given level.</doc>
<status status="PASS" start="2024-06-29T06:19:21.841994" elapsed="0.000164"/>
</kw>
<var name="${key}">gender</var>
<status status="PASS" start="2024-06-29T06:19:21.840577" elapsed="0.001794"/>
</iter>
<iter>
<kw name="Dictionary Should Contain Key" owner="Collections">
<arg>${json_data['results'][0]}</arg>
<arg>${key}</arg>
<doc>Fails if ``key`` is not found from ``dictionary``.</doc>
<status status="PASS" start="2024-06-29T06:19:21.842693" elapsed="0.000392"/>
</kw>
<kw name="Log" owner="BuiltIn">
<msg time="2024-06-29T06:19:21.843657" level="INFO">{'gender': 'male', 'name': {'title': 'Mr', 'first': 'Cesar', 'last': 'Castro'}, 'location': {'street': {'number': 1652, 'name': 'Calle de Ángel García'}, 'city': 'Las Palmas de Gran Canaria', 'state': 'Comunidad Valenciana', 'country': 'Spain', 'postcode': 35616, 'coordinates': {'latitude': '-33.7043', 'longitude': '-77.2196'}, 'timezone': {'offset': '-12:00', 'description': 'Eniwetok, Kwajalein'}}, 'email': 'cesar.castro@example.com', 'login': {'uuid': '3202b684-0599-4845-b501-c7bf2853814d', 'username': 'angrybird786', 'password': 'foster', 'salt': 'bvKJIsto', 'md5': 'ac051642bf3a3b868409754a2cdd13ea', 'sha1': '126da4a22c96e2c8777c89889df6f0aefc2fa548', 'sha256': '1b0aa49a8de419d473b095523a870a9d0091108b6d13755c4e1dba9537c4c8e9'}, 'dob': {'date': '1970-03-20T07:02:02.706Z', 'age': 54}, 'registered': {'date': '2017-03-04T04:48:59.295Z', 'age': 7}, 'phone': '915-325-028', 'cell': '623-432-024', 'id': {'name': 'DNI', 'value': '50689701-L'}, 'picture': {'large': 'https://randomuser.me/api/portraits/men/97.jpg', 'medium': 'https://randomuser.me/api/portraits/med/men/97.jpg', 'thumbnail': 'https://randomuser.me/api/portraits/thumb/men/97.jpg'}, 'nat': 'ES'}</msg>
<arg>${json_data['results'][0]}</arg>
<doc>Logs the given message with the given level.</doc>
<status status="PASS" start="2024-06-29T06:19:21.843266" elapsed="0.000440"/>
</kw>
<kw name="Log" owner="BuiltIn">
<msg time="2024-06-29T06:19:21.844125" level="INFO">name</msg>
<arg>${key}</arg>
<doc>Logs the given message with the given level.</doc>
<status status="PASS" start="2024-06-29T06:19:21.843999" elapsed="0.000163"/>
</kw>
<var name="${key}">name</var>
<status status="PASS" start="2024-06-29T06:19:21.842552" elapsed="0.001830"/>
</iter>
<iter>
<kw name="Dictionary Should Contain Key" owner="Collections">
<arg>${json_data['results'][0]}</arg>
<arg>${key}</arg>
<doc>Fails if ``key`` is not found from ``dictionary``.</doc>
<status status="PASS" start="2024-06-29T06:19:21.844664" elapsed="0.000380"/>
</kw>
<kw name="Log" owner="BuiltIn">
<msg time="2024-06-29T06:19:21.845567" level="INFO">{'gender': 'male', 'name': {'title': 'Mr', 'first': 'Cesar', 'last': 'Castro'}, 'location': {'street': {'number': 1652, 'name': 'Calle de Ángel García'}, 'city': 'Las Palmas de Gran Canaria', 'state': 'Comunidad Valenciana', 'country': 'Spain', 'postcode': 35616, 'coordinates': {'latitude': '-33.7043', 'longitude': '-77.2196'}, 'timezone': {'offset': '-12:00', 'description': 'Eniwetok, Kwajalein'}}, 'email': 'cesar.castro@example.com', 'login': {'uuid': '3202b684-0599-4845-b501-c7bf2853814d', 'username': 'angrybird786', 'password': 'foster', 'salt': 'bvKJIsto', 'md5': 'ac051642bf3a3b868409754a2cdd13ea', 'sha1': '126da4a22c96e2c8777c89889df6f0aefc2fa548', 'sha256': '1b0aa49a8de419d473b095523a870a9d0091108b6d13755c4e1dba9537c4c8e9'}, 'dob': {'date': '1970-03-20T07:02:02.706Z', 'age': 54}, 'registered': {'date': '2017-03-04T04:48:59.295Z', 'age': 7}, 'phone': '915-325-028', 'cell': '623-432-024', 'id': {'name': 'DNI', 'value': '50689701-L'}, 'picture': {'large': 'https://randomuser.me/api/portraits/men/97.jpg', 'medium': 'https://randomuser.me/api/portraits/med/men/97.jpg', 'thumbnail': 'https://randomuser.me/api/portraits/thumb/men/97.jpg'}, 'nat': 'ES'}</msg>
<arg>${json_data['results'][0]}</arg>
<doc>Logs the given message with the given level.</doc>
<status status="PASS" start="2024-06-29T06:19:21.845222" elapsed="0.000393"/>
</kw>
<kw name="Log" owner="BuiltIn">
<msg time="2024-06-29T06:19:21.846035" level="INFO">location</msg>
<arg>${key}</arg>
<doc>Logs the given message with the given level.</doc>
<status status="PASS" start="2024-06-29T06:19:21.845910" elapsed="0.000162"/>
</kw>
<var name="${key}">location</var>
<status status="PASS" start="2024-06-29T06:19:21.844556" elapsed="0.001733"/>
</iter>
<iter>
<kw name="Dictionary Should Contain Key" owner="Collections">
<arg>${json_data['results'][0]}</arg>
<arg>${key}</arg>
<doc>Fails if ``key`` is not found from ``dictionary``.</doc>
<status status="PASS" start="2024-06-29T06:19:21.846563" elapsed="0.000425"/>
</kw>
<kw name="Log" owner="BuiltIn">
<msg time="2024-06-29T06:19:21.847529" level="INFO">{'gender': 'male', 'name': {'title': 'Mr', 'first': 'Cesar', 'last': 'Castro'}, 'location': {'street': {'number': 1652, 'name': 'Calle de Ángel García'}, 'city': 'Las Palmas de Gran Canaria', 'state': 'Comunidad Valenciana', 'country': 'Spain', 'postcode': 35616, 'coordinates': {'latitude': '-33.7043', 'longitude': '-77.2196'}, 'timezone': {'offset': '-12:00', 'description': 'Eniwetok, Kwajalein'}}, 'email': 'cesar.castro@example.com', 'login': {'uuid': '3202b684-0599-4845-b501-c7bf2853814d', 'username': 'angrybird786', 'password': 'foster', 'salt': 'bvKJIsto', 'md5': 'ac051642bf3a3b868409754a2cdd13ea', 'sha1': '126da4a22c96e2c8777c89889df6f0aefc2fa548', 'sha256': '1b0aa49a8de419d473b095523a870a9d0091108b6d13755c4e1dba9537c4c8e9'}, 'dob': {'date': '1970-03-20T07:02:02.706Z', 'age': 54}, 'registered': {'date': '2017-03-04T04:48:59.295Z', 'age': 7}, 'phone': '915-325-028', 'cell': '623-432-024', 'id': {'name': 'DNI', 'value': '50689701-L'}, 'picture': {'large': 'https://randomuser.me/api/portraits/men/97.jpg', 'medium': 'https://randomuser.me/api/portraits/med/men/97.jpg', 'thumbnail': 'https://randomuser.me/api/portraits/thumb/men/97.jpg'}, 'nat': 'ES'}</msg>
<arg>${json_data['results'][0]}</arg>
<doc>Logs the given message with the given level.</doc>
<status status="PASS" start="2024-06-29T06:19:21.847175" elapsed="0.000401"/>
</kw>
<kw name="Log" owner="BuiltIn">
<msg time="2024-06-29T06:19:21.847994" level="INFO">email</msg>
<arg>${key}</arg>
<doc>Logs the given message with the given level.</doc>
<status status="PASS" start="2024-06-29T06:19:21.847869" elapsed="0.000164"/>
</kw>
<var name="${key}">email</var>
<status status="PASS" start="2024-06-29T06:19:21.846458" elapsed="0.001791"/>
</iter>
<iter>
<kw name="Dictionary Should Contain Key" owner="Collections">
<arg>${json_data['results'][0]}</arg>
<arg>${key}</arg>
<doc>Fails if ``key`` is not found from ``dictionary``.</doc>
<status status="PASS" start="2024-06-29T06:19:21.848539" elapsed="0.000388"/>
</kw>
<kw name="Log" owner="BuiltIn">
<msg time="2024-06-29T06:19:21.849454" level="INFO">{'gender': 'male', 'name': {'title': 'Mr', 'first': 'Cesar', 'last': 'Castro'}, 'location': {'street': {'number': 1652, 'name': 'Calle de Ángel García'}, 'city': 'Las Palmas de Gran Canaria', 'state': 'Comunidad Valenciana', 'country': 'Spain', 'postcode': 35616, 'coordinates': {'latitude': '-33.7043', 'longitude': '-77.2196'}, 'timezone': {'offset': '-12:00', 'description': 'Eniwetok, Kwajalein'}}, 'email': 'cesar.castro@example.com', 'login': {'uuid': '3202b684-0599-4845-b501-c7bf2853814d', 'username': 'angrybird786', 'password': 'foster', 'salt': 'bvKJIsto', 'md5': 'ac051642bf3a3b868409754a2cdd13ea', 'sha1': '126da4a22c96e2c8777c89889df6f0aefc2fa548', 'sha256': '1b0aa49a8de419d473b095523a870a9d0091108b6d13755c4e1dba9537c4c8e9'}, 'dob': {'date': '1970-03-20T07:02:02.706Z', 'age': 54}, 'registered': {'date': '2017-03-04T04:48:59.295Z', 'age': 7}, 'phone': '915-325-028', 'cell': '623-432-024', 'id': {'name': 'DNI', 'value': '50689701-L'}, 'picture': {'large': 'https://randomuser.me/api/portraits/men/97.jpg', 'medium': 'https://randomuser.me/api/portraits/med/men/97.jpg', 'thumbnail': 'https://randomuser.me/api/portraits/thumb/men/97.jpg'}, 'nat': 'ES'}</msg>
<arg>${json_data['results'][0]}</arg>
<doc>Logs the given message with the given level.</doc>
<status status="PASS" start="2024-06-29T06:19:21.849107" elapsed="0.000396"/>
</kw>
<kw name="Log" owner="BuiltIn">
<msg time="2024-06-29T06:19:21.849922" level="INFO">login</msg>
<arg>${key}</arg>
<doc>Logs the given message with the given level.</doc>
<status status="PASS" start="2024-06-29T06:19:21.849796" elapsed="0.000163"/>
</kw>
<var name="${key}">login</var>
<status status="PASS" start="2024-06-29T06:19:21.848424" elapsed="0.001748"/>
</iter>
<var>${key}</var>
<value>@{expected_keys}</value>
<status status="PASS" start="2024-06-29T06:19:21.840386" elapsed="0.009913"/>
</for>
<kw name="Create List" owner="BuiltIn">
<msg time="2024-06-29T06:19:21.850691" level="INFO">${expected_keysTwo} = ['username', 'password']</msg>
<var>${expected_keysTwo}</var>
<arg>username</arg>
<arg>password</arg>
<doc>Returns a list containing given items.</doc>
<status status="PASS" start="2024-06-29T06:19:21.850516" elapsed="0.000210"/>
</kw>
<for flavor="IN">
<iter>
<kw name="Dictionary Should Contain Key" owner="Collections">
<arg>${json_data['results'][0]['login']}</arg>
<arg>${keyTwo}</arg>
<doc>Fails if ``key`` is not found from ``dictionary``.</doc>
<status status="PASS" start="2024-06-29T06:19:21.851366" elapsed="0.000582"/>
</kw>
<kw name="Dictionary Should Contain Key" owner="Collections">
<arg>${json_data['results'][0]['login']}</arg>
<arg>${keyTwo}</arg>
<doc>Fails if ``key`` is not found from ``dictionary``.</doc>
<status status="PASS" start="2024-06-29T06:19:21.852231" elapsed="0.000582"/>
</kw>
<kw name="Log" owner="BuiltIn">
<msg time="2024-06-29T06:19:21.853253" level="INFO">username</msg>
<arg>${keyTwo}</arg>
<doc>Logs the given message with the given level.</doc>
<status status="PASS" start="2024-06-29T06:19:21.853089" elapsed="0.000214"/>
</kw>
<var name="${keyTwo}">username</var>
<status status="PASS" start="2024-06-29T06:19:21.851225" elapsed="0.002353"/>
</iter>
<iter>
<kw name="Dictionary Should Contain Key" owner="Collections">
<arg>${json_data['results'][0]['login']}</arg>
<arg>${keyTwo}</arg>
<doc>Fails if ``key`` is not found from ``dictionary``.</doc>
<status status="PASS" start="2024-06-29T06:19:21.853922" elapsed="0.000451"/>
</kw>
<kw name="Dictionary Should Contain Key" owner="Collections">
<arg>${json_data['results'][0]['login']}</arg>
<arg>${keyTwo}</arg>
<doc>Fails if ``key`` is not found from ``dictionary``.</doc>
<status status="PASS" start="2024-06-29T06:19:21.854557" elapsed="0.000408"/>
</kw>
<kw name="Log" owner="BuiltIn">
<msg time="2024-06-29T06:19:21.855267" level="INFO">password</msg>
<arg>${keyTwo}</arg>
<doc>Logs the given message with the given level.</doc>
<status status="PASS" start="2024-06-29T06:19:21.855147" elapsed="0.000162"/>
</kw>
<var name="${keyTwo}">password</var>
<status status="PASS" start="2024-06-29T06:19:21.853788" elapsed="0.001838"/>
</iter>
<var>${keyTwo}</var>
<value>@{expected_keysTwo}</value>
<status status="PASS" start="2024-06-29T06:19:21.851027" elapsed="0.004721"/>
</for>
<status status="PASS" start="2024-06-29T06:19:21.749401" elapsed="0.106483"/>
</kw>
<doc>Testa a estrutura da resposta da API.</doc>
<tag>testeEstruturaResposta</tag>
<status status="PASS" start="2024-06-29T06:19:21.748893" elapsed="0.107138"/>
</test>
<test id="s1-s1-t4" name="Validar tipos de dados" line="28">
<kw name="Teste de Tipos de Dados" owner="random-user-service">
<kw name="GET On Session" owner="RequestsLibrary">
<msg time="2024-06-29T06:19:21.935147" level="INFO">GET Request : url=https://randomuser.me/api 
 path_url=/api 
 headers={'User-Agent': 'python-requests/2.32.3', 'Accept-Encoding': 'gzip, deflate', 'Accept': '*/*', 'Connection': 'keep-alive'} 
 body=None 
 </msg>
<msg time="2024-06-29T06:19:21.935226" level="INFO">GET Response : url=https://randomuser.me/api 
 status=200, reason=OK 
 headers={'Date': 'Sat, 29 Jun 2024 06:19:21 GMT', 'Content-Type': 'application/json; charset=utf-8', 'Transfer-Encoding': 'chunked', 'Connection': 'keep-alive', 'X-Powered-By': 'Express', 'Access-Control-Allow-Origin': '*', 'Cache-Control': 'no-cache', 'ETag': 'W/"492-aeivpZoEgdSJDJpiNjwCEx4Q08c"', 'Vary': 'Accept-Encoding', 'Content-Encoding': 'gzip', 'CF-Cache-Status': 'DYNAMIC', 'Report-To': '{"endpoints":[{"url":"https:\\/\\/a.nel.cloudflare.com\\/report\\/v4?s=rkhDkmSTgmBNeoHlgolxB3iUSmm0XdAppVa%2FhW4q%2FXe5nR4O0nNBWhmA3rDCSBWGNstt3EzRWqX7%2BMzxm%2BgWITD58KuBNUtr7jOm7ZmppdwILIYIQ2BW7KirIixn8XJt"}],"group":"cf-nel","max_age":604800}', 'NEL': '{"success_fraction":0,"report_to":"cf-nel","max_age":604800}', 'Server': 'cloudflare', 'CF-RAY': '89b3cdf5afdf599d-IAD', 'alt-svc': 'h3=":443"; ma=86400'} 
 body={"results":[{"gender":"male","name":{"title":"Mr","first":"Jose","last":"Hernandez"},"location":{"street":{"number":4203,"name":"Walnut Hill Ln"},"city":"Melbourne","state":"Northern Territory","country":"Australia","postcode":6714,"coordinates":{"latitude":"-88.4583","longitude":"-39.5784"},"timezone":{"offset":"-1:00","description":"Azores, Cape Verde Islands"}},"email":"jose.hernandez@example.com","login":{"uuid":"8666e94b-fe96-4412-a2e9-a1582229e60f","username":"tinymeercat679","password":"bridge","salt":"03Lyshkx","md5":"3388569184f0005added198ad4011865","sha1":"80c45ff9962829f960a461bf086d702edc94f56f","sha256":"bda1f34f729dbd561905f28786c6ea30a59fd3a0c5295b4d16794af84e2608a2"},"dob":{"date":"1948-03-13T11:15:53.545Z","age":76},"registered":{"date":"2009-01-10T21:53:35.759Z","age":15},"phone":"01-1159-4092","cell":"0428-902-449","id":{"name":"TFN","value":"567611768"},"picture":{"large":"https://randomuser.me/api/portraits/men/55.jpg","medium":"https://randomuser.me/api/portraits/med/men/55.jpg","thumbnail":"https://randomuser.me/api/portraits/thumb/men/55.jpg"},"nat":"AU"}],"info":{"seed":"cece44a9597b899d","results":1,"page":1,"version":"1.4"}} 
 </msg>
<msg time="2024-06-29T06:19:21.935302" level="INFO">/opt/hostedtoolcache/Python/3.12.4/x64/lib/python3.12/site-packages/urllib3/connectionpool.py:1099: InsecureRequestWarning: Unverified HTTPS request is being made to host 'randomuser.me'. Adding certificate verification is strongly advised. See: https://urllib3.readthedocs.io/en/latest/advanced-usage.html#tls-warnings
  warnings.warn(</msg>
<msg time="2024-06-29T06:19:21.935430" level="INFO">${response} = &lt;Response [200]&gt;</msg>
<var>${response}</var>
<arg>consultarAPI</arg>
<arg>/api</arg>
<doc>Sends a GET request on a previously created HTTP Session.</doc>
<status status="PASS" start="2024-06-29T06:19:21.858410" elapsed="0.077063"/>
</kw>
<kw name="Set Variable" owner="BuiltIn">
<msg time="2024-06-29T06:19:21.936294" level="INFO">${json_data} = {'results': [{'gender': 'male', 'name': {'title': 'Mr', 'first': 'Jose', 'last': 'Hernandez'}, 'location': {'street': {'number': 4203, 'name': 'Walnut Hill Ln'}, 'city': 'Melbourne', 'state': 'Norther...</msg>
<var>${json_data}</var>
<arg>${response.json()}</arg>
<doc>Returns the given values which can then be assigned to a variables.</doc>
<status status="PASS" start="2024-06-29T06:19:21.935859" elapsed="0.000462"/>
</kw>
<kw name="Log" owner="BuiltIn">
<msg time="2024-06-29T06:19:21.936777" level="INFO">{'results': [{'gender': 'male', 'name': {'title': 'Mr', 'first': 'Jose', 'last': 'Hernandez'}, 'location': {'street': {'number': 4203, 'name': 'Walnut Hill Ln'}, 'city': 'Melbourne', 'state': 'Northern Territory', 'country': 'Australia', 'postcode': 6714, 'coordinates': {'latitude': '-88.4583', 'longitude': '-39.5784'}, 'timezone': {'offset': '-1:00', 'description': 'Azores, Cape Verde Islands'}}, 'email': 'jose.hernandez@example.com', 'login': {'uuid': '8666e94b-fe96-4412-a2e9-a1582229e60f', 'username': 'tinymeercat679', 'password': 'bridge', 'salt': '03Lyshkx', 'md5': '3388569184f0005added198ad4011865', 'sha1': '80c45ff9962829f960a461bf086d702edc94f56f', 'sha256': 'bda1f34f729dbd561905f28786c6ea30a59fd3a0c5295b4d16794af84e2608a2'}, 'dob': {'date': '1948-03-13T11:15:53.545Z', 'age': 76}, 'registered': {'date': '2009-01-10T21:53:35.759Z', 'age': 15}, 'phone': '01-1159-4092', 'cell': '0428-902-449', 'id': {'name': 'TFN', 'value': '567611768'}, 'picture': {'large': 'https://randomuser.me/api/portraits/men/55.jpg', 'medium': 'https://randomuser.me/api/portraits/med/men/55.jpg', 'thumbnail': 'https://randomuser.me/api/portraits/thumb/men/55.jpg'}, 'nat': 'AU'}], 'info': {'seed': 'cece44a9597b899d', 'results': 1, 'page': 1, 'version': '1.4'}}</msg>
<arg>${json_data}</arg>
<doc>Logs the given message with the given level.</doc>
<status status="PASS" start="2024-06-29T06:19:21.936624" elapsed="0.000199"/>
</kw>
<kw name="Should Be String" owner="String">
<arg>${json_data['results'][0]['gender']}</arg>
<doc>Fails if the given ``item`` is not a string.</doc>
<status status="PASS" start="2024-06-29T06:19:21.937116" elapsed="0.000357"/>
</kw>
<kw name="Should Match Regexp" owner="BuiltIn">
<arg>${json_data['results'][0]['email']}</arg>
<arg>^[a-zA-Z0-9._%+-]+@[a-zA-Z0-9.-]+\.[a-zA-Z]{2,}$</arg>
<doc>Fails if ``string`` does not match ``pattern`` as a regular expression.</doc>
<status status="PASS" start="2024-06-29T06:19:21.937691" elapsed="0.000512"/>
</kw>
<kw name="Should Match Regexp" owner="BuiltIn">
<arg>${json_data['results'][0]['dob']['date']}</arg>
<arg>\\d{4}-\\d{2}-\\d{2}T\\d{2}:\\d{2}:\\d{2}\\.\\d{3}Z</arg>
<doc>Fails if ``string`` does not match ``pattern`` as a regular expression.</doc>
<status status="PASS" start="2024-06-29T06:19:21.938395" elapsed="0.000541"/>
</kw>
<kw name="Should Match Regexp" owner="BuiltIn">
<arg>${json_data['results'][0]['registered']['date']}</arg>
<arg>\\d{4}-\\d{2}-\\d{2}T\\d{2}:\\d{2}:\\d{2}\\.\\d{3}Z</arg>
<doc>Fails if ``string`` does not match ``pattern`` as a regular expression.</doc>
<status status="PASS" start="2024-06-29T06:19:21.939127" elapsed="0.000366"/>
</kw>
<kw name="Should Match Regexp" owner="BuiltIn">
<arg>${json_data['results'][0]['picture']['large']}</arg>
<arg>^https?://.*\.(?:png|jpe?g|gif|bmp)$</arg>
<doc>Fails if ``string`` does not match ``pattern`` as a regular expression.</doc>
<status status="PASS" start="2024-06-29T06:19:21.939674" elapsed="0.000480"/>
</kw>
<kw name="Should Match Regexp" owner="BuiltIn">
<arg>${json_data['results'][0]['picture']['medium']}</arg>
<arg>^https?://.*\.(?:png|jpe?g|gif|bmp)$</arg>
<doc>Fails if ``string`` does not match ``pattern`` as a regular expression.</doc>
<status status="PASS" start="2024-06-29T06:19:21.940341" elapsed="0.000351"/>
</kw>
<kw name="Should Match Regexp" owner="BuiltIn">
<arg>${json_data['results'][0]['picture']['thumbnail']}</arg>
<arg>^https?://.*\.(?:png|jpe?g|gif|bmp)$</arg>
<doc>Fails if ``string`` does not match ``pattern`` as a regular expression.</doc>
<status status="PASS" start="2024-06-29T06:19:21.940871" elapsed="0.000342"/>
</kw>
<kw name="Log" owner="BuiltIn">
<msg time="2024-06-29T06:19:21.941725" level="INFO">{'large': 'https://randomuser.me/api/portraits/men/55.jpg', 'medium': 'https://randomuser.me/api/portraits/med/men/55.jpg', 'thumbnail': 'https://randomuser.me/api/portraits/thumb/men/55.jpg'}</msg>
<arg>${json_data['results'][0]['picture']}</arg>
<doc>Logs the given message with the given level.</doc>
<status status="PASS" start="2024-06-29T06:19:21.941396" elapsed="0.000371"/>
</kw>
<status status="PASS" start="2024-06-29T06:19:21.858192" elapsed="0.083826"/>
</kw>
<kw name="Teste de Tipos de Dados - Postcode" owner="random-user-service">
<kw name="GET On Session" owner="RequestsLibrary">
<msg time="2024-06-29T06:19:22.039341" level="INFO">GET Request : url=https://randomuser.me/api 
 path_url=/api 
 headers={'User-Agent': 'python-requests/2.32.3', 'Accept-Encoding': 'gzip, deflate', 'Accept': '*/*', 'Connection': 'keep-alive'} 
 body=None 
 </msg>
<msg time="2024-06-29T06:19:22.039426" level="INFO">GET Response : url=https://randomuser.me/api 
 status=200, reason=OK 
 headers={'Date': 'Sat, 29 Jun 2024 06:19:22 GMT', 'Content-Type': 'application/json; charset=utf-8', 'Transfer-Encoding': 'chunked', 'Connection': 'keep-alive', 'X-Powered-By': 'Express', 'Access-Control-Allow-Origin': '*', 'Cache-Control': 'no-cache', 'ETag': 'W/"468-jYgGmMeMN+yY53EU3+TlNLwC3qM"', 'Vary': 'Accept-Encoding', 'Content-Encoding': 'gzip', 'CF-Cache-Status': 'DYNAMIC', 'Report-To': '{"endpoints":[{"url":"https:\\/\\/a.nel.cloudflare.com\\/report\\/v4?s=M0JMIfai4HZ3s1EzXW6V5fNKS6Zd%2B7uCy5guVujwFDsseZ0yQRqSoa9ctdkjBhwclYUultZQcK7YUnPwDjfy2cnuzY738yrOYN9tAsdGDZB8VaLEP747afE6hgHJLzTv"}],"group":"cf-nel","max_age":604800}', 'NEL': '{"success_fraction":0,"report_to":"cf-nel","max_age":604800}', 'Server': 'cloudflare', 'CF-RAY': '89b3cdf62823599d-IAD', 'alt-svc': 'h3=":443"; ma=86400'} 
 body={"results":[{"gender":"male","name":{"title":"Mr","first":"Noah","last":"Thomsen"},"location":{"street":{"number":4730,"name":"Sundtoften"},"city":"Hurup Thy","state":"Danmark","country":"Denmark","postcode":19657,"coordinates":{"latitude":"-42.6608","longitude":"-128.2862"},"timezone":{"offset":"+5:45","description":"Kathmandu"}},"email":"noah.thomsen@example.com","login":{"uuid":"bfb7c501-ab47-45d7-be74-9766a3ebdf03","username":"heavyfish636","password":"tropical","salt":"QTrDwZC0","md5":"136a04584b9bf1fc248e80a9f5c8b473","sha1":"bf80d089427cddd29ee60b688058223f6344cb0d","sha256":"9dd01fdefcba7b8ded18c7931f8feb41fcccc90ec368bf27fad2cdc8a9a34e2b"},"dob":{"date":"1970-08-06T20:40:16.886Z","age":53},"registered":{"date":"2010-08-21T22:35:59.025Z","age":13},"phone":"62878901","cell":"47842666","id":{"name":"CPR","value":"060870-4127"},"picture":{"large":"https://randomuser.me/api/portraits/men/43.jpg","medium":"https://randomuser.me/api/portraits/med/men/43.jpg","thumbnail":"https://randomuser.me/api/portraits/thumb/men/43.jpg"},"nat":"DK"}],"info":{"seed":"5d090826d42bd793","results":1,"page":1,"version":"1.4"}} 
 </msg>
<msg time="2024-06-29T06:19:22.039495" level="INFO">/opt/hostedtoolcache/Python/3.12.4/x64/lib/python3.12/site-packages/urllib3/connectionpool.py:1099: InsecureRequestWarning: Unverified HTTPS request is being made to host 'randomuser.me'. Adding certificate verification is strongly advised. See: https://urllib3.readthedocs.io/en/latest/advanced-usage.html#tls-warnings
  warnings.warn(</msg>
<msg time="2024-06-29T06:19:22.039608" level="INFO">${response} = &lt;Response [200]&gt;</msg>
<var>${response}</var>
<arg>consultarAPI</arg>
<arg>/api</arg>
<doc>Sends a GET request on a previously created HTTP Session.</doc>
<status status="PASS" start="2024-06-29T06:19:21.942454" elapsed="0.097186"/>
</kw>
<kw name="Set Variable" owner="BuiltIn">
<msg time="2024-06-29T06:19:22.040506" level="INFO">${json_data} = {'results': [{'gender': 'male', 'name': {'title': 'Mr', 'first': 'Noah', 'last': 'Thomsen'}, 'location': {'street': {'number': 4730, 'name': 'Sundtoften'}, 'city': 'Hurup Thy', 'state': 'Danmark', 'co...</msg>
<var>${json_data}</var>
<arg>${response.json()}</arg>
<doc>Returns the given values which can then be assigned to a variables.</doc>
<status status="PASS" start="2024-06-29T06:19:22.040051" elapsed="0.000482"/>
</kw>
<kw name="Log" owner="BuiltIn">
<msg time="2024-06-29T06:19:22.040996" level="INFO">{'results': [{'gender': 'male', 'name': {'title': 'Mr', 'first': 'Noah', 'last': 'Thomsen'}, 'location': {'street': {'number': 4730, 'name': 'Sundtoften'}, 'city': 'Hurup Thy', 'state': 'Danmark', 'country': 'Denmark', 'postcode': 19657, 'coordinates': {'latitude': '-42.6608', 'longitude': '-128.2862'}, 'timezone': {'offset': '+5:45', 'description': 'Kathmandu'}}, 'email': 'noah.thomsen@example.com', 'login': {'uuid': 'bfb7c501-ab47-45d7-be74-9766a3ebdf03', 'username': 'heavyfish636', 'password': 'tropical', 'salt': 'QTrDwZC0', 'md5': '136a04584b9bf1fc248e80a9f5c8b473', 'sha1': 'bf80d089427cddd29ee60b688058223f6344cb0d', 'sha256': '9dd01fdefcba7b8ded18c7931f8feb41fcccc90ec368bf27fad2cdc8a9a34e2b'}, 'dob': {'date': '1970-08-06T20:40:16.886Z', 'age': 53}, 'registered': {'date': '2010-08-21T22:35:59.025Z', 'age': 13}, 'phone': '62878901', 'cell': '47842666', 'id': {'name': 'CPR', 'value': '060870-4127'}, 'picture': {'large': 'https://randomuser.me/api/portraits/men/43.jpg', 'medium': 'https://randomuser.me/api/portraits/med/men/43.jpg', 'thumbnail': 'https://randomuser.me/api/portraits/thumb/men/43.jpg'}, 'nat': 'DK'}], 'info': {'seed': '5d090826d42bd793', 'results': 1, 'page': 1, 'version': '1.4'}}</msg>
<arg>${json_data}</arg>
<doc>Logs the given message with the given level.</doc>
<status status="PASS" start="2024-06-29T06:19:22.040842" elapsed="0.000200"/>
</kw>
<kw name="Should Be Equal As Numbers" owner="BuiltIn">
<arg>${json_data['results'][0]['location']['postcode']}</arg>
<arg>${json_data['results'][0]['location']['postcode']}</arg>
<doc>Fails if objects are unequal after converting them to real numbers.</doc>
<status status="PASS" start="2024-06-29T06:19:22.041339" elapsed="0.000622"/>
</kw>
<kw name="Log" owner="BuiltIn">
<msg time="2024-06-29T06:19:22.042619" level="INFO">19657</msg>
<arg>${json_data['results'][0]['location']['postcode']}</arg>
<doc>Logs the given message with the given level.</doc>
<status status="PASS" start="2024-06-29T06:19:22.042147" elapsed="0.000586"/>
</kw>
<status status="PASS" start="2024-06-29T06:19:21.942240" elapsed="0.100758"/>
</kw>
<doc>Testa se os tipos de dados na resposta da API estão corretos.</doc>
<tag>testeTiposDados</tag>
<status status="PASS" start="2024-06-29T06:19:21.857774" elapsed="0.185385"/>
</test>
<test id="s1-s1-t5" name="Validar conteudo" line="35">
<kw name="Teste de Tipos de Conteudo" owner="random-user-service">
<kw name="GET On Session" owner="RequestsLibrary">
<msg time="2024-06-29T06:19:22.135696" level="INFO">GET Request : url=https://randomuser.me/api 
 path_url=/api 
 headers={'User-Agent': 'python-requests/2.32.3', 'Accept-Encoding': 'gzip, deflate', 'Accept': '*/*', 'Connection': 'keep-alive'} 
 body=None 
 </msg>
<msg time="2024-06-29T06:19:22.135769" level="INFO">GET Response : url=https://randomuser.me/api 
 status=200, reason=OK 
 headers={'Date': 'Sat, 29 Jun 2024 06:19:22 GMT', 'Content-Type': 'application/json; charset=utf-8', 'Transfer-Encoding': 'chunked', 'Connection': 'keep-alive', 'X-Powered-By': 'Express', 'Access-Control-Allow-Origin': '*', 'Cache-Control': 'no-cache', 'ETag': 'W/"47b-pnLmn1zXjPHof0IpXbqVOas7NuU"', 'Vary': 'Accept-Encoding', 'Content-Encoding': 'gzip', 'CF-Cache-Status': 'DYNAMIC', 'Report-To': '{"endpoints":[{"url":"https:\\/\\/a.nel.cloudflare.com\\/report\\/v4?s=ijxAm%2Fa6ktg9ri4o%2FGk1pwqPkf3coCtXuodaDzQjK6jOVNwlmBebCg76RYOG8IppCqV5uFbcEDvpRvf8JUGwIUU%2Fll96ogrRKv8P81avGmxbCv4mJJGT7H9rNbzHrHS3"}],"group":"cf-nel","max_age":604800}', 'NEL': '{"success_fraction":0,"report_to":"cf-nel","max_age":604800}', 'Server': 'cloudflare', 'CF-RAY': '89b3cdf6c889599d-IAD', 'alt-svc': 'h3=":443"; ma=86400'} 
 body={"results":[{"gender":"female","name":{"title":"Mrs","first":"Marilou","last":"White"},"location":{"street":{"number":7032,"name":"King St"},"city":"Trenton","state":"Saskatchewan","country":"Canada","postcode":"Q7C 1D8","coordinates":{"latitude":"-71.0013","longitude":"63.0092"},"timezone":{"offset":"-2:00","description":"Mid-Atlantic"}},"email":"marilou.white@example.com","login":{"uuid":"cf76b8ee-0258-423a-a354-091d9ab86169","username":"crazybear617","password":"fffffff","salt":"jwFilNym","md5":"e1f48071959ed2f7639112f249965784","sha1":"699131324c633c804a7fc3c57a9ac1db00531caa","sha256":"c20ecd586141b5d11a3a31fe08da799964996c07fcdb8e86e274fff9d09ca658"},"dob":{"date":"1951-03-25T21:47:28.214Z","age":73},"registered":{"date":"2019-06-21T17:59:06.958Z","age":5},"phone":"Q75 L14-5666","cell":"A72 G35-6265","id":{"name":"SIN","value":"217049899"},"picture":{"large":"https://randomuser.me/api/portraits/women/56.jpg","medium":"https://randomuser.me/api/portraits/med/women/56.jpg","thumbnail":"https://randomuser.me/api/portraits/thumb/women/56.jpg"},"nat":"CA"}],"info":{"seed":"cb181cf36cc6fe02","results":1,"page":1,"version":"1.4"}} 
 </msg>
<msg time="2024-06-29T06:19:22.135828" level="INFO">/opt/hostedtoolcache/Python/3.12.4/x64/lib/python3.12/site-packages/urllib3/connectionpool.py:1099: InsecureRequestWarning: Unverified HTTPS request is being made to host 'randomuser.me'. Adding certificate verification is strongly advised. See: https://urllib3.readthedocs.io/en/latest/advanced-usage.html#tls-warnings
  warnings.warn(</msg>
<msg time="2024-06-29T06:19:22.135926" level="INFO">${response} = &lt;Response [200]&gt;</msg>
<var>${response}</var>
<arg>consultarAPI</arg>
<arg>/api</arg>
<doc>Sends a GET request on a previously created HTTP Session.</doc>
<status status="PASS" start="2024-06-29T06:19:22.045538" elapsed="0.090424"/>
</kw>
<kw name="Set Variable" owner="BuiltIn">
<msg time="2024-06-29T06:19:22.136836" level="INFO">${json_data} = {'results': [{'gender': 'female', 'name': {'title': 'Mrs', 'first': 'Marilou', 'last': 'White'}, 'location': {'street': {'number': 7032, 'name': 'King St'}, 'city': 'Trenton', 'state': 'Saskatchewan',...</msg>
<var>${json_data}</var>
<arg>${response.json()}</arg>
<doc>Returns the given values which can then be assigned to a variables.</doc>
<status status="PASS" start="2024-06-29T06:19:22.136375" elapsed="0.000489"/>
</kw>
<kw name="Set Variable" owner="BuiltIn">
<msg time="2024-06-29T06:19:22.137535" level="INFO">${name_title} = Mrs</msg>
<var>${name_title}</var>
<arg>${json_data["results"][0]["name"]["title"]}</arg>
<doc>Returns the given values which can then be assigned to a variables.</doc>
<status status="PASS" start="2024-06-29T06:19:22.137161" elapsed="0.000399"/>
</kw>
<kw name="Create List" owner="BuiltIn">
<msg time="2024-06-29T06:19:22.137996" level="INFO">${allowed_titles} = ['Mr', 'Ms', 'Miss', 'Mrs', 'Madame', 'Monsieur']</msg>
<var>${allowed_titles}</var>
<arg>Mr</arg>
<arg>Ms</arg>
<arg>Miss</arg>
<arg>Mrs</arg>
<arg>Madame</arg>
<arg>Monsieur</arg>
<doc>Returns a list containing given items.</doc>
<status status="PASS" start="2024-06-29T06:19:22.137851" elapsed="0.000169"/>
</kw>
<kw name="List Should Contain Value" owner="Collections">
<arg>${allowed_titles}</arg>
<arg>${name_title}</arg>
<doc>Fails if the ``value`` is not found from ``list``.</doc>
<status status="PASS" start="2024-06-29T06:19:22.138313" elapsed="0.000172"/>
</kw>
<kw name="Set Variable" owner="BuiltIn">
<msg time="2024-06-29T06:19:22.139085" level="INFO">${name_country} = CA</msg>
<var>${name_country}</var>
<arg>${json_data["results"][0]["nat"]}</arg>
<doc>Returns the given values which can then be assigned to a variables.</doc>
<status status="PASS" start="2024-06-29T06:19:22.138707" elapsed="0.000402"/>
</kw>
<kw name="Create List" owner="BuiltIn">
<msg time="2024-06-29T06:19:22.139993" level="INFO">${list_country} = ['AD', 'AE', 'AF', 'AG', 'AI', 'AL', 'AM', 'AO', 'AQ', 'AR', 'AS', 'AT', 'AU', 'AW', 'AX', 'AZ', 'BA', 'BB', 'BD', 'BE', 'BF', 'BG', 'BH', 'BI', 'BJ', 'BL', 'BM', 'BN', 'BO', 'BQ', 'BR', 'BS', 'BT', '...</msg>
<var>${list_country}</var>
<arg>AD</arg>
<arg>AE</arg>
<arg>AF</arg>
<arg>AG</arg>
<arg>AI</arg>
<arg>AL</arg>
<arg>AM</arg>
<arg>AO</arg>
<arg>AQ</arg>
<arg>AR</arg>
<arg>AS</arg>
<arg>AT</arg>
<arg>AU</arg>
<arg>AW</arg>
<arg>AX</arg>
<arg>AZ</arg>
<arg>BA</arg>
<arg>BB</arg>
<arg>BD</arg>
<arg>BE</arg>
<arg>BF</arg>
<arg>BG</arg>
<arg>BH</arg>
<arg>BI</arg>
<arg>BJ</arg>
<arg>BL</arg>
<arg>BM</arg>
<arg>BN</arg>
<arg>BO</arg>
<arg>BQ</arg>
<arg>BR</arg>
<arg>BS</arg>
<arg>BT</arg>
<arg>BV</arg>
<arg>BW</arg>
<arg>BY</arg>
<arg>BZ</arg>
<arg>CA</arg>
<arg>CC</arg>
<arg>CD</arg>
<arg>CF</arg>
<arg>CG</arg>
<arg>CH</arg>
<arg>CI</arg>
<arg>CK</arg>
<arg>CL</arg>
<arg>CM</arg>
<arg>CN</arg>
<arg>CO</arg>
<arg>CR</arg>
<arg>CU</arg>
<arg>CV</arg>
<arg>CW</arg>
<arg>CX</arg>
<arg>CY</arg>
<arg>CZ</arg>
<arg>DE</arg>
<arg>DJ</arg>
<arg>DK</arg>
<arg>DM</arg>
<arg>DO</arg>
<arg>DZ</arg>
<arg>EC</arg>
<arg>EE</arg>
<arg>EG</arg>
<arg>EH</arg>
<arg>ER</arg>
<arg>ES</arg>
<arg>ET</arg>
<arg>FI</arg>
<arg>FJ</arg>
<arg>FK</arg>
<arg>FM</arg>
<arg>FO</arg>
<arg>FR</arg>
<arg>GA</arg>
<arg>GB</arg>
<arg>GD</arg>
<arg>GE</arg>
<arg>GF</arg>
<arg>GG</arg>
<arg>GH</arg>
<arg>GI</arg>
<arg>GL</arg>
<arg>GM</arg>
<arg>GN</arg>
<arg>GP</arg>
<arg>GQ</arg>
<arg>GR</arg>
<arg>GS</arg>
<arg>GT</arg>
<arg>GU</arg>
<arg>GW</arg>
<arg>GY</arg>
<arg>HK</arg>
<arg>HM</arg>
<arg>HN</arg>
<arg>HR</arg>
<arg>HT</arg>
<arg>HU</arg>
<arg>ID</arg>
<arg>IE</arg>
<arg>IL</arg>
<arg>IM</arg>
<arg>IN</arg>
<arg>IO</arg>
<arg>IQ</arg>
<arg>IR</arg>
<arg>IS</arg>
<arg>IT</arg>
<arg>JE</arg>
<arg>JM</arg>
<arg>JO</arg>
<arg>JP</arg>
<arg>KE</arg>
<arg>KG</arg>
<arg>KH</arg>
<arg>KI</arg>
<arg>KM</arg>
<arg>KN</arg>
<arg>KP</arg>
<arg>KR</arg>
<arg>KW</arg>
<arg>KY</arg>
<arg>KZ</arg>
<arg>LA</arg>
<arg>LB</arg>
<arg>LC</arg>
<arg>LI</arg>
<arg>LK</arg>
<arg>LR</arg>
<arg>LS</arg>
<arg>LT</arg>
<arg>LU</arg>
<arg>LV</arg>
<arg>LY</arg>
<arg>MA</arg>
<arg>MC</arg>
<arg>MD</arg>
<arg>ME</arg>
<arg>MF</arg>
<arg>MG</arg>
<arg>MH</arg>
<arg>MK</arg>
<arg>ML</arg>
<arg>MM</arg>
<arg>MN</arg>
<arg>MO</arg>
<arg>MP</arg>
<arg>MQ</arg>
<arg>MR</arg>
<arg>MS</arg>
<arg>MT</arg>
<arg>MU</arg>
<arg>MV</arg>
<arg>MW</arg>
<arg>MX</arg>
<arg>MY</arg>
<arg>MZ</arg>
<arg>NA</arg>
<arg>NC</arg>
<arg>NE</arg>
<arg>NF</arg>
<arg>NG</arg>
<arg>NI</arg>
<arg>NL</arg>
<arg>NO</arg>
<arg>NP</arg>
<arg>NR</arg>
<arg>NU</arg>
<arg>NZ</arg>
<arg>OM</arg>
<arg>PA</arg>
<arg>PE</arg>
<arg>PF</arg>
<arg>PG</arg>
<arg>PH</arg>
<arg>PK</arg>
<arg>PL</arg>
<arg>PM</arg>
<arg>PN</arg>
<arg>PR</arg>
<arg>PS</arg>
<arg>PT</arg>
<arg>PW</arg>
<arg>PY</arg>
<arg>QA</arg>
<arg>RE</arg>
<arg>RO</arg>
<arg>RS</arg>
<arg>RU</arg>
<arg>RW</arg>
<arg>SA</arg>
<arg>SB</arg>
<arg>SC</arg>
<arg>SD</arg>
<arg>SE</arg>
<arg>SG</arg>
<arg>SH</arg>
<arg>SI</arg>
<arg>SJ</arg>
<arg>SK</arg>
<arg>SL</arg>
<arg>SM</arg>
<arg>SN</arg>
<arg>SO</arg>
<arg>SR</arg>
<arg>SS</arg>
<arg>ST</arg>
<arg>SV</arg>
<arg>SX</arg>
<arg>SY</arg>
<arg>SZ</arg>
<arg>TC</arg>
<arg>TD</arg>
<arg>TF</arg>
<arg>TG</arg>
<arg>TH</arg>
<arg>TJ</arg>
<arg>TK</arg>
<arg>TL</arg>
<arg>TM</arg>
<arg>TN</arg>
<arg>TO</arg>
<arg>TR</arg>
<arg>TT</arg>
<arg>TV</arg>
<arg>TW</arg>
<arg>TZ</arg>
<arg>UA</arg>
<arg>UG</arg>
<arg>UM</arg>
<arg>US</arg>
<arg>UY</arg>
<arg>UZ</arg>
<arg>VA</arg>
<arg>VC</arg>
<arg>VE</arg>
<arg>VG</arg>
<arg>VI</arg>
<arg>VN</arg>
<arg>VU</arg>
<arg>WF</arg>
<arg>WS</arg>
<arg>XK</arg>
<arg>YE</arg>
<arg>YT</arg>
<arg>ZA</arg>
<arg>ZM</arg>
<arg>ZW</arg>
<doc>Returns a list containing given items.</doc>
<status status="PASS" start="2024-06-29T06:19:22.139403" elapsed="0.000615"/>
</kw>
<kw name="List Should Contain Value" owner="Collections">
<arg>${list_country}</arg>
<arg>${name_country}</arg>
<doc>Fails if the ``value`` is not found from ``list``.</doc>
<status status="PASS" start="2024-06-29T06:19:22.140823" elapsed="0.000197"/>
</kw>
<kw name="Run Keyword If" owner="BuiltIn">
<kw name="Should Be True" owner="BuiltIn">
<arg>${True}</arg>
<doc>Fails if the given condition is not true.</doc>
<status status="PASS" start="2024-06-29T06:19:22.141959" elapsed="0.000139"/>
</kw>
<arg>${json_data["results"][0]["location"]["coordinates"]["latitude"]} &gt;= -90 and ${json_data["results"][0]["location"]["coordinates"]["latitude"]} &lt;= 90</arg>
<arg>Should Be True</arg>
<arg>${True}</arg>
<doc>Runs the given keyword with the given arguments, if ``condition`` is true.</doc>
<status status="PASS" start="2024-06-29T06:19:22.141213" elapsed="0.001006"/>
</kw>
<kw name="Run Keyword If" owner="BuiltIn">
<kw name="Should Be True" owner="BuiltIn">
<arg>${True}</arg>
<doc>Fails if the given condition is not true.</doc>
<status status="PASS" start="2024-06-29T06:19:22.143110" elapsed="0.000231"/>
</kw>
<arg>${json_data["results"][0]["location"]["coordinates"]["longitude"]} &gt;= -180 and ${json_data["results"][0]["location"]["coordinates"]["longitude"]} &lt;= 180</arg>
<arg>Should Be True</arg>
<arg>${True}</arg>
<doc>Runs the given keyword with the given arguments, if ``condition`` is true.</doc>
<status status="PASS" start="2024-06-29T06:19:22.142395" elapsed="0.001073"/>
</kw>
<status status="PASS" start="2024-06-29T06:19:22.045323" elapsed="0.098273"/>
</kw>
<doc>Testa o conteúdo específico dos campos retornados pela API.</doc>
<tag>testeConteudo</tag>
<status status="PASS" start="2024-06-29T06:19:22.044873" elapsed="0.098869"/>
</test>
<status status="PASS" start="2024-06-29T06:19:21.166207" elapsed="0.979479"/>
</suite>
<status status="PASS" start="2024-06-29T06:19:21.152053" elapsed="0.998619"/>
</suite>
<statistics>
<total>
<stat pass="5" fail="0" skip="0">All Tests</stat>
</total>
<tag>
<stat pass="1" fail="0" skip="0">testeConteudo</stat>
<stat pass="1" fail="0" skip="0">testeEstruturaResposta</stat>
<stat pass="1" fail="0" skip="0">testeRequisicaoBasica</stat>
<stat pass="1" fail="0" skip="0">testeTiposDados</stat>
</tag>
<suite>
<stat pass="5" fail="0" skip="0" id="s1" name="Tests">Tests</stat>
<stat pass="5" fail="0" skip="0" id="s1-s1" name="Random-User-Test">Tests.Random-User-Test</stat>
</suite>
</statistics>
<errors>
</errors>
</robot>
