<?xml version="1.0" encoding="UTF-8"?>
<robot generator="Robot 7.0 (Python 3.12.3 on linux)" generated="2024-06-05T20:16:22.871844" rpa="false" schemaversion="5">
<suite id="s1" name="Tests" source="/home/runner/work/ApiRandomUser/ApiRandomUser/RamdonUser/tests">
<suite id="s1-s1" name="Random-User-Test" source="/home/runner/work/ApiRandomUser/ApiRandomUser/RamdonUser/tests/random-user-test.robot">
<test id="s1-s1-t1" name="Conectar" line="13">
<kw name="Conectar API" owner="random-user-service">
<kw name="Create Session" owner="RequestsLibrary">
<msg time="2024-06-05T20:16:23.333042" level="INFO">Creating Session using : alias=consultarAPI, url=https://randomuser.me/, headers={},                     cookies={}, auth=None, timeout=None, proxies=None, verify=False,                     debug=0 </msg>
<arg>consultarAPI</arg>
<arg>${URL}</arg>
<doc>Create Session: create a HTTP session to a server</doc>
<status status="PASS" start="2024-06-05T20:16:23.332826" elapsed="0.000406"/>
</kw>
<status status="PASS" start="2024-06-05T20:16:23.331747" elapsed="0.001889"/>
</kw>
<status status="PASS" start="2024-06-05T20:16:23.331161" elapsed="0.002674"/>
</test>
<test id="s1-s1-t2" name="Validar retorno 200 e JSON Válido" line="16">
<kw name="Teste de Requisicao Basica" owner="random-user-service">
<kw name="GET On Session" owner="RequestsLibrary">
<msg time="2024-06-05T20:16:23.534711" level="INFO">GET Request : url=https://randomuser.me/api 
 path_url=/api 
 headers={'User-Agent': 'python-requests/2.32.3', 'Accept-Encoding': 'gzip, deflate', 'Accept': '*/*', 'Connection': 'keep-alive'} 
 body=None 
 </msg>
<msg time="2024-06-05T20:16:23.534892" level="INFO">GET Response : url=https://randomuser.me/api 
 status=200, reason=OK 
 headers={'Date': 'Wed, 05 Jun 2024 20:16:23 GMT', 'Content-Type': 'application/json; charset=utf-8', 'Transfer-Encoding': 'chunked', 'Connection': 'keep-alive', 'X-Powered-By': 'Express', 'Access-Control-Allow-Origin': '*', 'Cache-Control': 'no-cache', 'ETag': 'W/"497-Rs6D/0gXBWVFh18/zkG2kR1zDfA"', 'Vary': 'Accept-Encoding', 'Content-Encoding': 'gzip', 'CF-Cache-Status': 'DYNAMIC', 'Report-To': '{"endpoints":[{"url":"https:\\/\\/a.nel.cloudflare.com\\/report\\/v4?s=u5hf4H%2Bv4B3EPH3flDZ8elclukclBylpe%2F%2FFwt0EwfDPK79KYo9uq3ARd69TWhvZOXVfdHlgAHhp2B4mzh2EAj40dcA3%2B%2FqH03qyGmB1tKeuZzOil3Zl%2BEm51TDz7gZ4"}],"group":"cf-nel","max_age":604800}', 'NEL': '{"success_fraction":0,"report_to":"cf-nel","max_age":604800}', 'Server': 'cloudflare', 'CF-RAY': '88f2d712bcf886f8-ORD', 'alt-svc': 'h3=":443"; ma=86400'} 
 body={"results":[{"gender":"male","name":{"title":"Mr","first":"Hermannus","last":"Van Os"},"location":{"street":{"number":7902,"name":"Bankaplein"},"city":"Kakert","state":"Limburg","country":"Netherlands","postcode":"2073 HE","coordinates":{"latitude":"31.9527","longitude":"-16.8948"},"timezone":{"offset":"+5:00","description":"Ekaterinburg, Islamabad, Karachi, Tashkent"}},"email":"hermannus.vanos@example.com","login":{"uuid":"5dbc1674-25a4-4498-a04d-4139ba1838fb","username":"brownsnake361","password":"1235","salt":"kwNqrJIO","md5":"85f87c756bdc10a77ca44927cc29702d","sha1":"84337c58ee70ef680ca7fea22aebff75239475d8","sha256":"668610d4d202b845a4839f1a6025b67d4b4062fd695c4b7e0ac31be584a19382"},"dob":{"date":"1951-01-15T02:48:20.616Z","age":73},"registered":{"date":"2006-06-01T01:31:12.153Z","age":18},"phone":"(0191) 637237","cell":"(06) 05776197","id":{"name":"BSN","value":"83828735"},"picture":{"large":"https://randomuser.me/api/portraits/men/56.jpg","medium":"https://randomuser.me/api/portraits/med/men/56.jpg","thumbnail":"https://randomuser.me/api/portraits/thumb/men/56.jpg"},"nat":"NL"}],"info":{"seed":"e3f9f0cd8451cf5d","results":1,"page":1,"version":"1.4"}} 
 </msg>
<msg time="2024-06-05T20:16:23.534994" level="INFO">/opt/hostedtoolcache/Python/3.12.3/x64/lib/python3.12/site-packages/urllib3/connectionpool.py:1103: InsecureRequestWarning: Unverified HTTPS request is being made to host 'randomuser.me'. Adding certificate verification is strongly advised. See: https://urllib3.readthedocs.io/en/latest/advanced-usage.html#tls-warnings
  warnings.warn(</msg>
<msg time="2024-06-05T20:16:23.535175" level="INFO">${response} = &lt;Response [200]&gt;</msg>
<var>${response}</var>
<arg>consultarAPI</arg>
<arg>/api</arg>
<doc>Sends a GET request on a previously created HTTP Session.</doc>
<status status="PASS" start="2024-06-05T20:16:23.336461" elapsed="0.198761"/>
</kw>
<kw name="Should Be Equal As Numbers" owner="BuiltIn">
<msg time="2024-06-05T20:16:23.536269" level="INFO">Argument types are:
&lt;class 'int'&gt;
&lt;class 'str'&gt;</msg>
<arg>${response.status_code}</arg>
<arg>200</arg>
<doc>Fails if objects are unequal after converting them to real numbers.</doc>
<status status="PASS" start="2024-06-05T20:16:23.535784" elapsed="0.000556"/>
</kw>
<kw name="Log" owner="BuiltIn">
<msg time="2024-06-05T20:16:23.537091" level="INFO">200</msg>
<arg>${response.status_code}</arg>
<doc>Logs the given message with the given level.</doc>
<status status="PASS" start="2024-06-05T20:16:23.536727" elapsed="0.000413"/>
</kw>
<kw name="Set Variable" owner="BuiltIn">
<msg time="2024-06-05T20:16:23.537959" level="INFO">${json_data} = {'results': [{'gender': 'male', 'name': {'title': 'Mr', 'first': 'Hermannus', 'last': 'Van Os'}, 'location': {'street': {'number': 7902, 'name': 'Bankaplein'}, 'city': 'Kakert', 'state': 'Limburg', 'c...</msg>
<var>${json_data}</var>
<arg>${response.json()}</arg>
<doc>Returns the given values which can then be assigned to a variables.</doc>
<status status="PASS" start="2024-06-05T20:16:23.537517" elapsed="0.000473"/>
</kw>
<kw name="Dictionary Should Contain Key" owner="Collections">
<msg time="2024-06-05T20:16:23.538483" level="INFO">False</msg>
<arg>${json_data}</arg>
<arg>results</arg>
<doc>Fails if ``key`` is not found from ``dictionary``.</doc>
<status status="PASS" start="2024-06-05T20:16:23.538304" elapsed="0.000392"/>
</kw>
<status status="PASS" start="2024-06-05T20:16:23.336198" elapsed="0.202777"/>
</kw>
<doc>Testa se a API responde corretamente e retorna um objeto JSON válido.</doc>
<tag>testeRequisicaoBasica</tag>
<status status="PASS" start="2024-06-05T20:16:23.335712" elapsed="0.203450"/>
</test>
<test id="s1-s1-t3" name="Validar estrutura de resposta" line="22">
<kw name="Teste de Estrutura de Resposta" owner="random-user-service">
<kw name="GET On Session" owner="RequestsLibrary">
<msg time="2024-06-05T20:16:23.631395" level="INFO">GET Request : url=https://randomuser.me/api 
 path_url=/api 
 headers={'User-Agent': 'python-requests/2.32.3', 'Accept-Encoding': 'gzip, deflate', 'Accept': '*/*', 'Connection': 'keep-alive'} 
 body=None 
 </msg>
<msg time="2024-06-05T20:16:23.631499" level="INFO">GET Response : url=https://randomuser.me/api 
 status=200, reason=OK 
 headers={'Date': 'Wed, 05 Jun 2024 20:16:23 GMT', 'Content-Type': 'application/json; charset=utf-8', 'Transfer-Encoding': 'chunked', 'Connection': 'keep-alive', 'X-Powered-By': 'Express', 'Access-Control-Allow-Origin': '*', 'Cache-Control': 'no-cache', 'ETag': 'W/"474-GsuqaY3PkAp9LHXzh8tMmTUdaFM"', 'Vary': 'Accept-Encoding', 'Content-Encoding': 'gzip', 'CF-Cache-Status': 'DYNAMIC', 'Report-To': '{"endpoints":[{"url":"https:\\/\\/a.nel.cloudflare.com\\/report\\/v4?s=SUAJB%2BfApscyoUoLJyjqZ%2FzroUN%2FP5xP%2BxRmXFB50m9S%2BHPJHdToNhB7m3a7f6DcA9Q6pdv2pqsPHZfUiSJpR5Jw4mNIuafYzuQIK7ZRNS4plS%2FLb73IzBgZvl7scRav"}],"group":"cf-nel","max_age":604800}', 'NEL': '{"success_fraction":0,"report_to":"cf-nel","max_age":604800}', 'Server': 'cloudflare', 'CF-RAY': '88f2d7132d9c86f8-ORD', 'alt-svc': 'h3=":443"; ma=86400'} 
 body={"results":[{"gender":"male","name":{"title":"Mr","first":"Mikkel","last":"Nielsen"},"location":{"street":{"number":2000,"name":"Hvidovrevej"},"city":"Agerbæk","state":"Syddanmark","country":"Denmark","postcode":30410,"coordinates":{"latitude":"-38.5879","longitude":"-163.4044"},"timezone":{"offset":"+9:30","description":"Adelaide, Darwin"}},"email":"mikkel.nielsen@example.com","login":{"uuid":"a9e350e3-419e-44fb-9bc3-8a6564582e4f","username":"silverduck563","password":"ralph","salt":"sfK4p8TK","md5":"6fbaef51c2464b4d02b8c25e8891c6a0","sha1":"a6a69d8f8ff0f6a6d9e04917e37fa7c9c6e7e6d3","sha256":"54178bcc5d0ff8bcdcf6436bcf928c643bd4448f3108d82a423966f4e1bb3875"},"dob":{"date":"1982-12-03T10:29:03.532Z","age":41},"registered":{"date":"2010-09-15T05:49:19.025Z","age":13},"phone":"43351929","cell":"58867002","id":{"name":"CPR","value":"031282-7234"},"picture":{"large":"https://randomuser.me/api/portraits/men/35.jpg","medium":"https://randomuser.me/api/portraits/med/men/35.jpg","thumbnail":"https://randomuser.me/api/portraits/thumb/men/35.jpg"},"nat":"DK"}],"info":{"seed":"0de893dc9975cf01","results":1,"page":1,"version":"1.4"}} 
 </msg>
<msg time="2024-06-05T20:16:23.631623" level="INFO">/opt/hostedtoolcache/Python/3.12.3/x64/lib/python3.12/site-packages/urllib3/connectionpool.py:1103: InsecureRequestWarning: Unverified HTTPS request is being made to host 'randomuser.me'. Adding certificate verification is strongly advised. See: https://urllib3.readthedocs.io/en/latest/advanced-usage.html#tls-warnings
  warnings.warn(</msg>
<msg time="2024-06-05T20:16:23.631775" level="INFO">${response} = &lt;Response [200]&gt;</msg>
<var>${response}</var>
<arg>consultarAPI</arg>
<arg>/api</arg>
<doc>Sends a GET request on a previously created HTTP Session.</doc>
<status status="PASS" start="2024-06-05T20:16:23.542197" elapsed="0.089623"/>
</kw>
<kw name="Set Variable" owner="BuiltIn">
<msg time="2024-06-05T20:16:23.632861" level="INFO">${json_data} = {'results': [{'gender': 'male', 'name': {'title': 'Mr', 'first': 'Mikkel', 'last': 'Nielsen'}, 'location': {'street': {'number': 2000, 'name': 'Hvidovrevej'}, 'city': 'Agerbæk', 'state': 'Syddanmark',...</msg>
<var>${json_data}</var>
<arg>${response.json()}</arg>
<doc>Returns the given values which can then be assigned to a variables.</doc>
<status status="PASS" start="2024-06-05T20:16:23.632322" elapsed="0.000571"/>
</kw>
<kw name="Log" owner="BuiltIn">
<msg time="2024-06-05T20:16:23.633415" level="INFO">{'results': [{'gender': 'male', 'name': {'title': 'Mr', 'first': 'Mikkel', 'last': 'Nielsen'}, 'location': {'street': {'number': 2000, 'name': 'Hvidovrevej'}, 'city': 'Agerbæk', 'state': 'Syddanmark', 'country': 'Denmark', 'postcode': 30410, 'coordinates': {'latitude': '-38.5879', 'longitude': '-163.4044'}, 'timezone': {'offset': '+9:30', 'description': 'Adelaide, Darwin'}}, 'email': 'mikkel.nielsen@example.com', 'login': {'uuid': 'a9e350e3-419e-44fb-9bc3-8a6564582e4f', 'username': 'silverduck563', 'password': 'ralph', 'salt': 'sfK4p8TK', 'md5': '6fbaef51c2464b4d02b8c25e8891c6a0', 'sha1': 'a6a69d8f8ff0f6a6d9e04917e37fa7c9c6e7e6d3', 'sha256': '54178bcc5d0ff8bcdcf6436bcf928c643bd4448f3108d82a423966f4e1bb3875'}, 'dob': {'date': '1982-12-03T10:29:03.532Z', 'age': 41}, 'registered': {'date': '2010-09-15T05:49:19.025Z', 'age': 13}, 'phone': '43351929', 'cell': '58867002', 'id': {'name': 'CPR', 'value': '031282-7234'}, 'picture': {'large': 'https://randomuser.me/api/portraits/men/35.jpg', 'medium': 'https://randomuser.me/api/portraits/med/men/35.jpg', 'thumbnail': 'https://randomuser.me/api/portraits/thumb/men/35.jpg'}, 'nat': 'DK'}], 'info': {'seed': '0de893dc9975cf01', 'results': 1, 'page': 1, 'version': '1.4'}}</msg>
<arg>${json_data}</arg>
<doc>Logs the given message with the given level.</doc>
<status status="PASS" start="2024-06-05T20:16:23.633213" elapsed="0.000252"/>
</kw>
<kw name="Dictionary Should Contain Key" owner="Collections">
<msg time="2024-06-05T20:16:23.633932" level="INFO">False</msg>
<arg>${json_data}</arg>
<arg>results</arg>
<doc>Fails if ``key`` is not found from ``dictionary``.</doc>
<status status="PASS" start="2024-06-05T20:16:23.633769" elapsed="0.000203"/>
</kw>
<kw name="Should Not Be Empty" owner="BuiltIn">
<msg time="2024-06-05T20:16:23.634408" level="INFO">Length is 2.</msg>
<arg>${json_data}</arg>
<doc>Verifies that the given item is not empty.</doc>
<status status="PASS" start="2024-06-05T20:16:23.634268" elapsed="0.000178"/>
</kw>
<kw name="Create List" owner="BuiltIn">
<msg time="2024-06-05T20:16:23.634892" level="INFO">${expected_keys} = ['gender', 'name', 'location', 'email', 'login']</msg>
<var>${expected_keys}</var>
<arg>gender</arg>
<arg>name</arg>
<arg>location</arg>
<arg>email</arg>
<arg>login</arg>
<doc>Returns a list containing given items.</doc>
<status status="PASS" start="2024-06-05T20:16:23.634742" elapsed="0.000175"/>
</kw>
<for flavor="IN">
<iter>
<kw name="Dictionary Should Contain Key" owner="Collections">
<msg time="2024-06-05T20:16:23.635923" level="INFO">False</msg>
<arg>${json_data['results'][0]}</arg>
<arg>${key}</arg>
<doc>Fails if ``key`` is not found from ``dictionary``.</doc>
<status status="PASS" start="2024-06-05T20:16:23.635514" elapsed="0.000456"/>
</kw>
<kw name="Log" owner="BuiltIn">
<msg time="2024-06-05T20:16:23.636648" level="INFO">{'gender': 'male', 'name': {'title': 'Mr', 'first': 'Mikkel', 'last': 'Nielsen'}, 'location': {'street': {'number': 2000, 'name': 'Hvidovrevej'}, 'city': 'Agerbæk', 'state': 'Syddanmark', 'country': 'Denmark', 'postcode': 30410, 'coordinates': {'latitude': '-38.5879', 'longitude': '-163.4044'}, 'timezone': {'offset': '+9:30', 'description': 'Adelaide, Darwin'}}, 'email': 'mikkel.nielsen@example.com', 'login': {'uuid': 'a9e350e3-419e-44fb-9bc3-8a6564582e4f', 'username': 'silverduck563', 'password': 'ralph', 'salt': 'sfK4p8TK', 'md5': '6fbaef51c2464b4d02b8c25e8891c6a0', 'sha1': 'a6a69d8f8ff0f6a6d9e04917e37fa7c9c6e7e6d3', 'sha256': '54178bcc5d0ff8bcdcf6436bcf928c643bd4448f3108d82a423966f4e1bb3875'}, 'dob': {'date': '1982-12-03T10:29:03.532Z', 'age': 41}, 'registered': {'date': '2010-09-15T05:49:19.025Z', 'age': 13}, 'phone': '43351929', 'cell': '58867002', 'id': {'name': 'CPR', 'value': '031282-7234'}, 'picture': {'large': 'https://randomuser.me/api/portraits/men/35.jpg', 'medium': 'https://randomuser.me/api/portraits/med/men/35.jpg', 'thumbnail': 'https://randomuser.me/api/portraits/thumb/men/35.jpg'}, 'nat': 'DK'}</msg>
<arg>${json_data['results'][0]}</arg>
<doc>Logs the given message with the given level.</doc>
<status status="PASS" start="2024-06-05T20:16:23.636276" elapsed="0.000424"/>
</kw>
<kw name="Log" owner="BuiltIn">
<msg time="2024-06-05T20:16:23.637138" level="INFO">gender</msg>
<arg>${key}</arg>
<doc>Logs the given message with the given level.</doc>
<status status="PASS" start="2024-06-05T20:16:23.637006" elapsed="0.000171"/>
</kw>
<var name="${key}">gender</var>
<status status="PASS" start="2024-06-05T20:16:23.635386" elapsed="0.002041"/>
</iter>
<iter>
<kw name="Dictionary Should Contain Key" owner="Collections">
<msg time="2024-06-05T20:16:23.638131" level="INFO">False</msg>
<arg>${json_data['results'][0]}</arg>
<arg>${key}</arg>
<doc>Fails if ``key`` is not found from ``dictionary``.</doc>
<status status="PASS" start="2024-06-05T20:16:23.637742" elapsed="0.000427"/>
</kw>
<kw name="Log" owner="BuiltIn">
<msg time="2024-06-05T20:16:23.638863" level="INFO">{'gender': 'male', 'name': {'title': 'Mr', 'first': 'Mikkel', 'last': 'Nielsen'}, 'location': {'street': {'number': 2000, 'name': 'Hvidovrevej'}, 'city': 'Agerbæk', 'state': 'Syddanmark', 'country': 'Denmark', 'postcode': 30410, 'coordinates': {'latitude': '-38.5879', 'longitude': '-163.4044'}, 'timezone': {'offset': '+9:30', 'description': 'Adelaide, Darwin'}}, 'email': 'mikkel.nielsen@example.com', 'login': {'uuid': 'a9e350e3-419e-44fb-9bc3-8a6564582e4f', 'username': 'silverduck563', 'password': 'ralph', 'salt': 'sfK4p8TK', 'md5': '6fbaef51c2464b4d02b8c25e8891c6a0', 'sha1': 'a6a69d8f8ff0f6a6d9e04917e37fa7c9c6e7e6d3', 'sha256': '54178bcc5d0ff8bcdcf6436bcf928c643bd4448f3108d82a423966f4e1bb3875'}, 'dob': {'date': '1982-12-03T10:29:03.532Z', 'age': 41}, 'registered': {'date': '2010-09-15T05:49:19.025Z', 'age': 13}, 'phone': '43351929', 'cell': '58867002', 'id': {'name': 'CPR', 'value': '031282-7234'}, 'picture': {'large': 'https://randomuser.me/api/portraits/men/35.jpg', 'medium': 'https://randomuser.me/api/portraits/med/men/35.jpg', 'thumbnail': 'https://randomuser.me/api/portraits/thumb/men/35.jpg'}, 'nat': 'DK'}</msg>
<arg>${json_data['results'][0]}</arg>
<doc>Logs the given message with the given level.</doc>
<status status="PASS" start="2024-06-05T20:16:23.638498" elapsed="0.000417"/>
</kw>
<kw name="Log" owner="BuiltIn">
<msg time="2024-06-05T20:16:23.639351" level="INFO">name</msg>
<arg>${key}</arg>
<doc>Logs the given message with the given level.</doc>
<status status="PASS" start="2024-06-05T20:16:23.639217" elapsed="0.000173"/>
</kw>
<var name="${key}">name</var>
<status status="PASS" start="2024-06-05T20:16:23.637624" elapsed="0.001983"/>
</iter>
<iter>
<kw name="Dictionary Should Contain Key" owner="Collections">
<msg time="2024-06-05T20:16:23.640284" level="INFO">False</msg>
<arg>${json_data['results'][0]}</arg>
<arg>${key}</arg>
<doc>Fails if ``key`` is not found from ``dictionary``.</doc>
<status status="PASS" start="2024-06-05T20:16:23.639901" elapsed="0.000422"/>
</kw>
<kw name="Log" owner="BuiltIn">
<msg time="2024-06-05T20:16:23.641001" level="INFO">{'gender': 'male', 'name': {'title': 'Mr', 'first': 'Mikkel', 'last': 'Nielsen'}, 'location': {'street': {'number': 2000, 'name': 'Hvidovrevej'}, 'city': 'Agerbæk', 'state': 'Syddanmark', 'country': 'Denmark', 'postcode': 30410, 'coordinates': {'latitude': '-38.5879', 'longitude': '-163.4044'}, 'timezone': {'offset': '+9:30', 'description': 'Adelaide, Darwin'}}, 'email': 'mikkel.nielsen@example.com', 'login': {'uuid': 'a9e350e3-419e-44fb-9bc3-8a6564582e4f', 'username': 'silverduck563', 'password': 'ralph', 'salt': 'sfK4p8TK', 'md5': '6fbaef51c2464b4d02b8c25e8891c6a0', 'sha1': 'a6a69d8f8ff0f6a6d9e04917e37fa7c9c6e7e6d3', 'sha256': '54178bcc5d0ff8bcdcf6436bcf928c643bd4448f3108d82a423966f4e1bb3875'}, 'dob': {'date': '1982-12-03T10:29:03.532Z', 'age': 41}, 'registered': {'date': '2010-09-15T05:49:19.025Z', 'age': 13}, 'phone': '43351929', 'cell': '58867002', 'id': {'name': 'CPR', 'value': '031282-7234'}, 'picture': {'large': 'https://randomuser.me/api/portraits/men/35.jpg', 'medium': 'https://randomuser.me/api/portraits/med/men/35.jpg', 'thumbnail': 'https://randomuser.me/api/portraits/thumb/men/35.jpg'}, 'nat': 'DK'}</msg>
<arg>${json_data['results'][0]}</arg>
<doc>Logs the given message with the given level.</doc>
<status status="PASS" start="2024-06-05T20:16:23.640631" elapsed="0.000421"/>
</kw>
<kw name="Log" owner="BuiltIn">
<msg time="2024-06-05T20:16:23.641522" level="INFO">location</msg>
<arg>${key}</arg>
<doc>Logs the given message with the given level.</doc>
<status status="PASS" start="2024-06-05T20:16:23.641392" elapsed="0.000169"/>
</kw>
<var name="${key}">location</var>
<status status="PASS" start="2024-06-05T20:16:23.639787" elapsed="0.001993"/>
</iter>
<iter>
<kw name="Dictionary Should Contain Key" owner="Collections">
<msg time="2024-06-05T20:16:23.642570" level="INFO">False</msg>
<arg>${json_data['results'][0]}</arg>
<arg>${key}</arg>
<doc>Fails if ``key`` is not found from ``dictionary``.</doc>
<status status="PASS" start="2024-06-05T20:16:23.642067" elapsed="0.000541"/>
</kw>
<kw name="Log" owner="BuiltIn">
<msg time="2024-06-05T20:16:23.643267" level="INFO">{'gender': 'male', 'name': {'title': 'Mr', 'first': 'Mikkel', 'last': 'Nielsen'}, 'location': {'street': {'number': 2000, 'name': 'Hvidovrevej'}, 'city': 'Agerbæk', 'state': 'Syddanmark', 'country': 'Denmark', 'postcode': 30410, 'coordinates': {'latitude': '-38.5879', 'longitude': '-163.4044'}, 'timezone': {'offset': '+9:30', 'description': 'Adelaide, Darwin'}}, 'email': 'mikkel.nielsen@example.com', 'login': {'uuid': 'a9e350e3-419e-44fb-9bc3-8a6564582e4f', 'username': 'silverduck563', 'password': 'ralph', 'salt': 'sfK4p8TK', 'md5': '6fbaef51c2464b4d02b8c25e8891c6a0', 'sha1': 'a6a69d8f8ff0f6a6d9e04917e37fa7c9c6e7e6d3', 'sha256': '54178bcc5d0ff8bcdcf6436bcf928c643bd4448f3108d82a423966f4e1bb3875'}, 'dob': {'date': '1982-12-03T10:29:03.532Z', 'age': 41}, 'registered': {'date': '2010-09-15T05:49:19.025Z', 'age': 13}, 'phone': '43351929', 'cell': '58867002', 'id': {'name': 'CPR', 'value': '031282-7234'}, 'picture': {'large': 'https://randomuser.me/api/portraits/men/35.jpg', 'medium': 'https://randomuser.me/api/portraits/med/men/35.jpg', 'thumbnail': 'https://randomuser.me/api/portraits/thumb/men/35.jpg'}, 'nat': 'DK'}</msg>
<arg>${json_data['results'][0]}</arg>
<doc>Logs the given message with the given level.</doc>
<status status="PASS" start="2024-06-05T20:16:23.642909" elapsed="0.000408"/>
</kw>
<kw name="Log" owner="BuiltIn">
<msg time="2024-06-05T20:16:23.643742" level="INFO">email</msg>
<arg>${key}</arg>
<doc>Logs the given message with the given level.</doc>
<status status="PASS" start="2024-06-05T20:16:23.643615" elapsed="0.000164"/>
</kw>
<var name="${key}">email</var>
<status status="PASS" start="2024-06-05T20:16:23.641955" elapsed="0.002040"/>
</iter>
<iter>
<kw name="Dictionary Should Contain Key" owner="Collections">
<msg time="2024-06-05T20:16:23.644660" level="INFO">False</msg>
<arg>${json_data['results'][0]}</arg>
<arg>${key}</arg>
<doc>Fails if ``key`` is not found from ``dictionary``.</doc>
<status status="PASS" start="2024-06-05T20:16:23.644281" elapsed="0.000416"/>
</kw>
<kw name="Log" owner="BuiltIn">
<msg time="2024-06-05T20:16:23.645387" level="INFO">{'gender': 'male', 'name': {'title': 'Mr', 'first': 'Mikkel', 'last': 'Nielsen'}, 'location': {'street': {'number': 2000, 'name': 'Hvidovrevej'}, 'city': 'Agerbæk', 'state': 'Syddanmark', 'country': 'Denmark', 'postcode': 30410, 'coordinates': {'latitude': '-38.5879', 'longitude': '-163.4044'}, 'timezone': {'offset': '+9:30', 'description': 'Adelaide, Darwin'}}, 'email': 'mikkel.nielsen@example.com', 'login': {'uuid': 'a9e350e3-419e-44fb-9bc3-8a6564582e4f', 'username': 'silverduck563', 'password': 'ralph', 'salt': 'sfK4p8TK', 'md5': '6fbaef51c2464b4d02b8c25e8891c6a0', 'sha1': 'a6a69d8f8ff0f6a6d9e04917e37fa7c9c6e7e6d3', 'sha256': '54178bcc5d0ff8bcdcf6436bcf928c643bd4448f3108d82a423966f4e1bb3875'}, 'dob': {'date': '1982-12-03T10:29:03.532Z', 'age': 41}, 'registered': {'date': '2010-09-15T05:49:19.025Z', 'age': 13}, 'phone': '43351929', 'cell': '58867002', 'id': {'name': 'CPR', 'value': '031282-7234'}, 'picture': {'large': 'https://randomuser.me/api/portraits/men/35.jpg', 'medium': 'https://randomuser.me/api/portraits/med/men/35.jpg', 'thumbnail': 'https://randomuser.me/api/portraits/thumb/men/35.jpg'}, 'nat': 'DK'}</msg>
<arg>${json_data['results'][0]}</arg>
<doc>Logs the given message with the given level.</doc>
<status status="PASS" start="2024-06-05T20:16:23.645000" elapsed="0.000436"/>
</kw>
<kw name="Log" owner="BuiltIn">
<msg time="2024-06-05T20:16:23.645854" level="INFO">login</msg>
<arg>${key}</arg>
<doc>Logs the given message with the given level.</doc>
<status status="PASS" start="2024-06-05T20:16:23.645728" elapsed="0.000163"/>
</kw>
<var name="${key}">login</var>
<status status="PASS" start="2024-06-05T20:16:23.644169" elapsed="0.001949"/>
</iter>
<var>${key}</var>
<value>@{expected_keys}</value>
<status status="PASS" start="2024-06-05T20:16:23.635185" elapsed="0.011055"/>
</for>
<kw name="Create List" owner="BuiltIn">
<msg time="2024-06-05T20:16:23.646614" level="INFO">${expected_keysTwo} = ['username', 'password']</msg>
<var>${expected_keysTwo}</var>
<arg>username</arg>
<arg>password</arg>
<doc>Returns a list containing given items.</doc>
<status status="PASS" start="2024-06-05T20:16:23.646476" elapsed="0.000161"/>
</kw>
<for flavor="IN">
<iter>
<kw name="Dictionary Should Contain Key" owner="Collections">
<msg time="2024-06-05T20:16:23.647516" level="INFO">False</msg>
<arg>${json_data['results'][0]['login']}</arg>
<arg>${keyTwo}</arg>
<doc>Fails if ``key`` is not found from ``dictionary``.</doc>
<status status="PASS" start="2024-06-05T20:16:23.647131" elapsed="0.000422"/>
</kw>
<kw name="Dictionary Should Contain Key" owner="Collections">
<msg time="2024-06-05T20:16:23.648221" level="INFO">False</msg>
<arg>${json_data['results'][0]['login']}</arg>
<arg>${keyTwo}</arg>
<doc>Fails if ``key`` is not found from ``dictionary``.</doc>
<status status="PASS" start="2024-06-05T20:16:23.647849" elapsed="0.000409"/>
</kw>
<kw name="Log" owner="BuiltIn">
<msg time="2024-06-05T20:16:23.648677" level="INFO">username</msg>
<arg>${keyTwo}</arg>
<doc>Logs the given message with the given level.</doc>
<status status="PASS" start="2024-06-05T20:16:23.648550" elapsed="0.000165"/>
</kw>
<var name="${keyTwo}">username</var>
<status status="PASS" start="2024-06-05T20:16:23.647021" elapsed="0.001910"/>
</iter>
<iter>
<kw name="Dictionary Should Contain Key" owner="Collections">
<msg time="2024-06-05T20:16:23.649615" level="INFO">False</msg>
<arg>${json_data['results'][0]['login']}</arg>
<arg>${keyTwo}</arg>
<doc>Fails if ``key`` is not found from ``dictionary``.</doc>
<status status="PASS" start="2024-06-05T20:16:23.649212" elapsed="0.000440"/>
</kw>
<kw name="Dictionary Should Contain Key" owner="Collections">
<msg time="2024-06-05T20:16:23.650326" level="INFO">False</msg>
<arg>${json_data['results'][0]['login']}</arg>
<arg>${keyTwo}</arg>
<doc>Fails if ``key`` is not found from ``dictionary``.</doc>
<status status="PASS" start="2024-06-05T20:16:23.649943" elapsed="0.000419"/>
</kw>
<kw name="Log" owner="BuiltIn">
<msg time="2024-06-05T20:16:23.650788" level="INFO">password</msg>
<arg>${keyTwo}</arg>
<doc>Logs the given message with the given level.</doc>
<status status="PASS" start="2024-06-05T20:16:23.650662" elapsed="0.000163"/>
</kw>
<var name="${keyTwo}">password</var>
<status status="PASS" start="2024-06-05T20:16:23.649103" elapsed="0.001937"/>
</iter>
<var>${keyTwo}</var>
<value>@{expected_keysTwo}</value>
<status status="PASS" start="2024-06-05T20:16:23.646871" elapsed="0.004295"/>
</for>
<status status="PASS" start="2024-06-05T20:16:23.541848" elapsed="0.109461"/>
</kw>
<doc>Testa a estrutura da resposta da API.</doc>
<tag>testeEstruturaResposta</tag>
<status status="PASS" start="2024-06-05T20:16:23.541025" elapsed="0.110442"/>
</test>
<test id="s1-s1-t4" name="Validar tipos de dados" line="28">
<kw name="Teste de Tipos de Dados" owner="random-user-service">
<kw name="GET On Session" owner="RequestsLibrary">
<msg time="2024-06-05T20:16:23.734801" level="INFO">GET Request : url=https://randomuser.me/api 
 path_url=/api 
 headers={'User-Agent': 'python-requests/2.32.3', 'Accept-Encoding': 'gzip, deflate', 'Accept': '*/*', 'Connection': 'keep-alive'} 
 body=None 
 </msg>
<msg time="2024-06-05T20:16:23.734900" level="INFO">GET Response : url=https://randomuser.me/api 
 status=200, reason=OK 
 headers={'Date': 'Wed, 05 Jun 2024 20:16:23 GMT', 'Content-Type': 'application/json; charset=utf-8', 'Transfer-Encoding': 'chunked', 'Connection': 'keep-alive', 'X-Powered-By': 'Express', 'Access-Control-Allow-Origin': '*', 'Cache-Control': 'no-cache', 'ETag': 'W/"490-s2N85sqTEQlBGNZnbOv0arG7X/M"', 'Vary': 'Accept-Encoding', 'Content-Encoding': 'gzip', 'CF-Cache-Status': 'DYNAMIC', 'Report-To': '{"endpoints":[{"url":"https:\\/\\/a.nel.cloudflare.com\\/report\\/v4?s=sX1ZJEmrY5aXbMF5wm1GUdSBAXZStLHwO1SntdDy2PyrIVEvZ43vaaT6lOTsnPx20Ia0T8lgEok3RvB526a%2FvBBwSapEs9mTTJPzSsPfIiZFNhG0RhQEblFg2DMRBPPE"}],"group":"cf-nel","max_age":604800}', 'NEL': '{"success_fraction":0,"report_to":"cf-nel","max_age":604800}', 'Server': 'cloudflare', 'CF-RAY': '88f2d713de9e86f8-ORD', 'alt-svc': 'h3=":443"; ma=86400'} 
 body={"results":[{"gender":"female","name":{"title":"Ms","first":"Fae","last":"Beute"},"location":{"street":{"number":9079,"name":"Jan Miense Molenaerplein"},"city":"Leidschendam","state":"Utrecht","country":"Netherlands","postcode":"8669 TA","coordinates":{"latitude":"31.2457","longitude":"147.7530"},"timezone":{"offset":"+6:00","description":"Almaty, Dhaka, Colombo"}},"email":"fae.beute@example.com","login":{"uuid":"40fced7c-72fd-436a-981a-d243aefefa68","username":"redswan212","password":"andre","salt":"i7ZnyNMG","md5":"f439c5de9cc5cb9630d16d516d7b330c","sha1":"884068816e0a2a6024e50fe4b5c766ee75da4ce4","sha256":"794c5b94fa3e5478e0b7624a95d3fb7311321fb7bb83c1beb3d89a4f704e0b8e"},"dob":{"date":"1962-02-24T14:42:07.162Z","age":62},"registered":{"date":"2006-08-11T15:05:10.178Z","age":17},"phone":"(0856) 562606","cell":"(06) 10590686","id":{"name":"BSN","value":"46377649"},"picture":{"large":"https://randomuser.me/api/portraits/women/62.jpg","medium":"https://randomuser.me/api/portraits/med/women/62.jpg","thumbnail":"https://randomuser.me/api/portraits/thumb/women/62.jpg"},"nat":"NL"}],"info":{"seed":"e4c75a195809009a","results":1,"page":1,"version":"1.4"}} 
 </msg>
<msg time="2024-06-05T20:16:23.734975" level="INFO">/opt/hostedtoolcache/Python/3.12.3/x64/lib/python3.12/site-packages/urllib3/connectionpool.py:1103: InsecureRequestWarning: Unverified HTTPS request is being made to host 'randomuser.me'. Adding certificate verification is strongly advised. See: https://urllib3.readthedocs.io/en/latest/advanced-usage.html#tls-warnings
  warnings.warn(</msg>
<msg time="2024-06-05T20:16:23.735124" level="INFO">${response} = &lt;Response [200]&gt;</msg>
<var>${response}</var>
<arg>consultarAPI</arg>
<arg>/api</arg>
<doc>Sends a GET request on a previously created HTTP Session.</doc>
<status status="PASS" start="2024-06-05T20:16:23.653972" elapsed="0.081197"/>
</kw>
<kw name="Set Variable" owner="BuiltIn">
<msg time="2024-06-05T20:16:23.736284" level="INFO">${json_data} = {'results': [{'gender': 'female', 'name': {'title': 'Ms', 'first': 'Fae', 'last': 'Beute'}, 'location': {'street': {'number': 9079, 'name': 'Jan Miense Molenaerplein'}, 'city': 'Leidschendam', 'state'...</msg>
<var>${json_data}</var>
<arg>${response.json()}</arg>
<doc>Returns the given values which can then be assigned to a variables.</doc>
<status status="PASS" start="2024-06-05T20:16:23.735750" elapsed="0.000564"/>
</kw>
<kw name="Log" owner="BuiltIn">
<msg time="2024-06-05T20:16:23.736830" level="INFO">{'results': [{'gender': 'female', 'name': {'title': 'Ms', 'first': 'Fae', 'last': 'Beute'}, 'location': {'street': {'number': 9079, 'name': 'Jan Miense Molenaerplein'}, 'city': 'Leidschendam', 'state': 'Utrecht', 'country': 'Netherlands', 'postcode': '8669 TA', 'coordinates': {'latitude': '31.2457', 'longitude': '147.7530'}, 'timezone': {'offset': '+6:00', 'description': 'Almaty, Dhaka, Colombo'}}, 'email': 'fae.beute@example.com', 'login': {'uuid': '40fced7c-72fd-436a-981a-d243aefefa68', 'username': 'redswan212', 'password': 'andre', 'salt': 'i7ZnyNMG', 'md5': 'f439c5de9cc5cb9630d16d516d7b330c', 'sha1': '884068816e0a2a6024e50fe4b5c766ee75da4ce4', 'sha256': '794c5b94fa3e5478e0b7624a95d3fb7311321fb7bb83c1beb3d89a4f704e0b8e'}, 'dob': {'date': '1962-02-24T14:42:07.162Z', 'age': 62}, 'registered': {'date': '2006-08-11T15:05:10.178Z', 'age': 17}, 'phone': '(0856) 562606', 'cell': '(06) 10590686', 'id': {'name': 'BSN', 'value': '46377649'}, 'picture': {'large': 'https://randomuser.me/api/portraits/women/62.jpg', 'medium': 'https://randomuser.me/api/portraits/med/women/62.jpg', 'thumbnail': 'https://randomuser.me/api/portraits/thumb/women/62.jpg'}, 'nat': 'NL'}], 'info': {'seed': 'e4c75a195809009a', 'results': 1, 'page': 1, 'version': '1.4'}}</msg>
<arg>${json_data}</arg>
<doc>Logs the given message with the given level.</doc>
<status status="PASS" start="2024-06-05T20:16:23.736663" elapsed="0.000217"/>
</kw>
<kw name="Should Be String" owner="String">
<arg>${json_data['results'][0]['gender']}</arg>
<doc>Fails if the given ``item`` is not a string.</doc>
<status status="PASS" start="2024-06-05T20:16:23.737223" elapsed="0.000432"/>
</kw>
<kw name="Should Match Regexp" owner="BuiltIn">
<arg>${json_data['results'][0]['email']}</arg>
<arg>^[a-zA-Z0-9._%+-]+@[a-zA-Z0-9.-]+\.[a-zA-Z]{2,}$</arg>
<doc>Fails if ``string`` does not match ``pattern`` as a regular expression.</doc>
<status status="PASS" start="2024-06-05T20:16:23.737855" elapsed="0.000686"/>
</kw>
<kw name="Should Match Regexp" owner="BuiltIn">
<arg>${json_data['results'][0]['dob']['date']}</arg>
<arg>\\d{4}-\\d{2}-\\d{2}T\\d{2}:\\d{2}:\\d{2}\\.\\d{3}Z</arg>
<doc>Fails if ``string`` does not match ``pattern`` as a regular expression.</doc>
<status status="PASS" start="2024-06-05T20:16:23.738740" elapsed="0.000487"/>
</kw>
<kw name="Should Match Regexp" owner="BuiltIn">
<arg>${json_data['results'][0]['registered']['date']}</arg>
<arg>\\d{4}-\\d{2}-\\d{2}T\\d{2}:\\d{2}:\\d{2}\\.\\d{3}Z</arg>
<doc>Fails if ``string`` does not match ``pattern`` as a regular expression.</doc>
<status status="PASS" start="2024-06-05T20:16:23.739420" elapsed="0.000364"/>
</kw>
<kw name="Should Match Regexp" owner="BuiltIn">
<arg>${json_data['results'][0]['picture']['large']}</arg>
<arg>^https?://.*\.(?:png|jpe?g|gif|bmp)$</arg>
<doc>Fails if ``string`` does not match ``pattern`` as a regular expression.</doc>
<status status="PASS" start="2024-06-05T20:16:23.739972" elapsed="0.000465"/>
</kw>
<kw name="Should Match Regexp" owner="BuiltIn">
<arg>${json_data['results'][0]['picture']['medium']}</arg>
<arg>^https?://.*\.(?:png|jpe?g|gif|bmp)$</arg>
<doc>Fails if ``string`` does not match ``pattern`` as a regular expression.</doc>
<status status="PASS" start="2024-06-05T20:16:23.740625" elapsed="0.000355"/>
</kw>
<kw name="Should Match Regexp" owner="BuiltIn">
<arg>${json_data['results'][0]['picture']['thumbnail']}</arg>
<arg>^https?://.*\.(?:png|jpe?g|gif|bmp)$</arg>
<doc>Fails if ``string`` does not match ``pattern`` as a regular expression.</doc>
<status status="PASS" start="2024-06-05T20:16:23.741169" elapsed="0.000391"/>
</kw>
<kw name="Log" owner="BuiltIn">
<msg time="2024-06-05T20:16:23.742072" level="INFO">{'large': 'https://randomuser.me/api/portraits/women/62.jpg', 'medium': 'https://randomuser.me/api/portraits/med/women/62.jpg', 'thumbnail': 'https://randomuser.me/api/portraits/thumb/women/62.jpg'}</msg>
<arg>${json_data['results'][0]['picture']}</arg>
<doc>Logs the given message with the given level.</doc>
<status status="PASS" start="2024-06-05T20:16:23.741746" elapsed="0.000369"/>
</kw>
<status status="PASS" start="2024-06-05T20:16:23.653735" elapsed="0.088645"/>
</kw>
<kw name="Teste de Tipos de Dados - Postcode" owner="random-user-service">
<kw name="GET On Session" owner="RequestsLibrary">
<msg time="2024-06-05T20:16:23.828961" level="INFO">GET Request : url=https://randomuser.me/api 
 path_url=/api 
 headers={'User-Agent': 'python-requests/2.32.3', 'Accept-Encoding': 'gzip, deflate', 'Accept': '*/*', 'Connection': 'keep-alive'} 
 body=None 
 </msg>
<msg time="2024-06-05T20:16:23.829059" level="INFO">GET Response : url=https://randomuser.me/api 
 status=200, reason=OK 
 headers={'Date': 'Wed, 05 Jun 2024 20:16:23 GMT', 'Content-Type': 'application/json; charset=utf-8', 'Transfer-Encoding': 'chunked', 'Connection': 'keep-alive', 'X-Powered-By': 'Express', 'Access-Control-Allow-Origin': '*', 'Cache-Control': 'no-cache', 'ETag': 'W/"490-QPbGqQtfp79RSyN8jAxl9UNn4OQ"', 'Vary': 'Accept-Encoding', 'Content-Encoding': 'gzip', 'CF-Cache-Status': 'DYNAMIC', 'Report-To': '{"endpoints":[{"url":"https:\\/\\/a.nel.cloudflare.com\\/report\\/v4?s=aoFmMyHaJHoAW81cUo0seEpzajl5Od%2FW0C%2FDi1mQJ8nsJZmv%2FslygTigbFXxST6OWSqG1ml%2F25Bwz4F8QW89R6g4N2UgcjgMHFTvoqOVr3CC9GYZfe9DkixOAf8Vo5fR"}],"group":"cf-nel","max_age":604800}', 'NEL': '{"success_fraction":0,"report_to":"cf-nel","max_age":604800}', 'Server': 'cloudflare', 'CF-RAY': '88f2d7146f8286f8-ORD', 'alt-svc': 'h3=":443"; ma=86400'} 
 body={"results":[{"gender":"male","name":{"title":"Mr","first":"Keith","last":"Castillo"},"location":{"street":{"number":2693,"name":"Fincher Rd"},"city":"Bathurst","state":"Queensland","country":"Australia","postcode":3653,"coordinates":{"latitude":"-83.9268","longitude":"-16.0926"},"timezone":{"offset":"-4:00","description":"Atlantic Time (Canada), Caracas, La Paz"}},"email":"keith.castillo@example.com","login":{"uuid":"92444169-1e26-4e3c-84b9-53c6b5c5c5bc","username":"redmeercat407","password":"deadly","salt":"g6hz6pUs","md5":"7097f68a71baa03d89cdae467ab5ee59","sha1":"d74a0ad66ed7a8f3bf654ff50c9324aaba1fa06f","sha256":"6138cb9db44931ebddd596628e0c0176148c05220dea3c66eeda44c8b9b82cb9"},"dob":{"date":"1957-03-07T09:03:05.674Z","age":67},"registered":{"date":"2018-01-04T06:28:04.979Z","age":6},"phone":"06-3837-3771","cell":"0443-350-167","id":{"name":"TFN","value":"407640754"},"picture":{"large":"https://randomuser.me/api/portraits/men/42.jpg","medium":"https://randomuser.me/api/portraits/med/men/42.jpg","thumbnail":"https://randomuser.me/api/portraits/thumb/men/42.jpg"},"nat":"AU"}],"info":{"seed":"bd4756421d95adef","results":1,"page":1,"version":"1.4"}} 
 </msg>
<msg time="2024-06-05T20:16:23.829129" level="INFO">/opt/hostedtoolcache/Python/3.12.3/x64/lib/python3.12/site-packages/urllib3/connectionpool.py:1103: InsecureRequestWarning: Unverified HTTPS request is being made to host 'randomuser.me'. Adding certificate verification is strongly advised. See: https://urllib3.readthedocs.io/en/latest/advanced-usage.html#tls-warnings
  warnings.warn(</msg>
<msg time="2024-06-05T20:16:23.829271" level="INFO">${response} = &lt;Response [200]&gt;</msg>
<var>${response}</var>
<arg>consultarAPI</arg>
<arg>/api</arg>
<doc>Sends a GET request on a previously created HTTP Session.</doc>
<status status="PASS" start="2024-06-05T20:16:23.742854" elapsed="0.086461"/>
</kw>
<kw name="Set Variable" owner="BuiltIn">
<msg time="2024-06-05T20:16:23.830534" level="INFO">${json_data} = {'results': [{'gender': 'male', 'name': {'title': 'Mr', 'first': 'Keith', 'last': 'Castillo'}, 'location': {'street': {'number': 2693, 'name': 'Fincher Rd'}, 'city': 'Bathurst', 'state': 'Queensland',...</msg>
<var>${json_data}</var>
<arg>${response.json()}</arg>
<doc>Returns the given values which can then be assigned to a variables.</doc>
<status status="PASS" start="2024-06-05T20:16:23.829951" elapsed="0.000612"/>
</kw>
<kw name="Log" owner="BuiltIn">
<msg time="2024-06-05T20:16:23.831035" level="INFO">{'results': [{'gender': 'male', 'name': {'title': 'Mr', 'first': 'Keith', 'last': 'Castillo'}, 'location': {'street': {'number': 2693, 'name': 'Fincher Rd'}, 'city': 'Bathurst', 'state': 'Queensland', 'country': 'Australia', 'postcode': 3653, 'coordinates': {'latitude': '-83.9268', 'longitude': '-16.0926'}, 'timezone': {'offset': '-4:00', 'description': 'Atlantic Time (Canada), Caracas, La Paz'}}, 'email': 'keith.castillo@example.com', 'login': {'uuid': '92444169-1e26-4e3c-84b9-53c6b5c5c5bc', 'username': 'redmeercat407', 'password': 'deadly', 'salt': 'g6hz6pUs', 'md5': '7097f68a71baa03d89cdae467ab5ee59', 'sha1': 'd74a0ad66ed7a8f3bf654ff50c9324aaba1fa06f', 'sha256': '6138cb9db44931ebddd596628e0c0176148c05220dea3c66eeda44c8b9b82cb9'}, 'dob': {'date': '1957-03-07T09:03:05.674Z', 'age': 67}, 'registered': {'date': '2018-01-04T06:28:04.979Z', 'age': 6}, 'phone': '06-3837-3771', 'cell': '0443-350-167', 'id': {'name': 'TFN', 'value': '407640754'}, 'picture': {'large': 'https://randomuser.me/api/portraits/men/42.jpg', 'medium': 'https://randomuser.me/api/portraits/med/men/42.jpg', 'thumbnail': 'https://randomuser.me/api/portraits/thumb/men/42.jpg'}, 'nat': 'AU'}], 'info': {'seed': 'bd4756421d95adef', 'results': 1, 'page': 1, 'version': '1.4'}}</msg>
<arg>${json_data}</arg>
<doc>Logs the given message with the given level.</doc>
<status status="PASS" start="2024-06-05T20:16:23.830877" elapsed="0.000204"/>
</kw>
<kw name="Should Be Equal As Numbers" owner="BuiltIn">
<arg>${json_data['results'][0]['location']['postcode']}</arg>
<arg>${json_data['results'][0]['location']['postcode']}</arg>
<doc>Fails if objects are unequal after converting them to real numbers.</doc>
<status status="PASS" start="2024-06-05T20:16:23.831373" elapsed="0.000660"/>
</kw>
<kw name="Log" owner="BuiltIn">
<msg time="2024-06-05T20:16:23.832554" level="INFO">3653</msg>
<arg>${json_data['results'][0]['location']['postcode']}</arg>
<doc>Logs the given message with the given level.</doc>
<status status="PASS" start="2024-06-05T20:16:23.832224" elapsed="0.000371"/>
</kw>
<status status="PASS" start="2024-06-05T20:16:23.742613" elapsed="0.090240"/>
</kw>
<doc>Testa se os tipos de dados na resposta da API estão corretos.</doc>
<tag>testeTiposDados</tag>
<status status="PASS" start="2024-06-05T20:16:23.653209" elapsed="0.179816"/>
</test>
<test id="s1-s1-t5" name="Validar conteudo" line="35">
<kw name="Teste de Tipos de Conteudo" owner="random-user-service">
<kw name="GET On Session" owner="RequestsLibrary">
<msg time="2024-06-05T20:16:23.936745" level="INFO">GET Request : url=https://randomuser.me/api 
 path_url=/api 
 headers={'User-Agent': 'python-requests/2.32.3', 'Accept-Encoding': 'gzip, deflate', 'Accept': '*/*', 'Connection': 'keep-alive'} 
 body=None 
 </msg>
<msg time="2024-06-05T20:16:23.936856" level="INFO">GET Response : url=https://randomuser.me/api 
 status=200, reason=OK 
 headers={'Date': 'Wed, 05 Jun 2024 20:16:23 GMT', 'Content-Type': 'application/json; charset=utf-8', 'Transfer-Encoding': 'chunked', 'Connection': 'keep-alive', 'X-Powered-By': 'Express', 'Access-Control-Allow-Origin': '*', 'Cache-Control': 'no-cache', 'ETag': 'W/"486-w4odj8BznutZ/bqCTpX1iDebSbQ"', 'Vary': 'Accept-Encoding', 'Content-Encoding': 'gzip', 'CF-Cache-Status': 'DYNAMIC', 'Report-To': '{"endpoints":[{"url":"https:\\/\\/a.nel.cloudflare.com\\/report\\/v4?s=jTqgN%2BQf3QIaqI8SjCAzFpFJcA00Qf2SU9GAwQvGPLHKdQuqvZtY6xOcuw2%2B10LCopdUFt748KqEvlC48WuTs9Z6l730mTt6EpvVI1KQoxTIh7OJ2R2pKYCA2X%2F%2FcJTJ"}],"group":"cf-nel","max_age":604800}', 'NEL': '{"success_fraction":0,"report_to":"cf-nel","max_age":604800}', 'Server': 'cloudflare', 'CF-RAY': '88f2d714f87986f8-ORD', 'alt-svc': 'h3=":443"; ma=86400'} 
 body={"results":[{"gender":"male","name":{"title":"Mr","first":"Arthur","last":"Novak"},"location":{"street":{"number":6192,"name":"Victoria Ave"},"city":"Odessa","state":"British Columbia","country":"Canada","postcode":"P5Y 9D9","coordinates":{"latitude":"-67.2162","longitude":"-90.0586"},"timezone":{"offset":"-11:00","description":"Midway Island, Samoa"}},"email":"arthur.novak@example.com","login":{"uuid":"2b09ea23-4f80-47e3-a2ab-8f7c4d9ed05e","username":"purplepanda580","password":"bigballs","salt":"s0IcE4nP","md5":"5110b393ca22f73061dd78d3a9ca5802","sha1":"3db6f863573dd5cdf895f80ab286ab92e5acc017","sha256":"dcb3356a1e1f2a51b2a0b53dabedad9a906403949db26385a41e60af94136b1c"},"dob":{"date":"2000-11-27T13:53:34.036Z","age":23},"registered":{"date":"2011-11-02T00:45:17.969Z","age":12},"phone":"I86 X80-3870","cell":"Z88 V33-5158","id":{"name":"SIN","value":"635090590"},"picture":{"large":"https://randomuser.me/api/portraits/men/75.jpg","medium":"https://randomuser.me/api/portraits/med/men/75.jpg","thumbnail":"https://randomuser.me/api/portraits/thumb/men/75.jpg"},"nat":"CA"}],"info":{"seed":"f252a558e7418763","results":1,"page":1,"version":"1.4"}} 
 </msg>
<msg time="2024-06-05T20:16:23.936928" level="INFO">/opt/hostedtoolcache/Python/3.12.3/x64/lib/python3.12/site-packages/urllib3/connectionpool.py:1103: InsecureRequestWarning: Unverified HTTPS request is being made to host 'randomuser.me'. Adding certificate verification is strongly advised. See: https://urllib3.readthedocs.io/en/latest/advanced-usage.html#tls-warnings
  warnings.warn(</msg>
<msg time="2024-06-05T20:16:23.937054" level="INFO">${response} = &lt;Response [200]&gt;</msg>
<var>${response}</var>
<arg>consultarAPI</arg>
<arg>/api</arg>
<doc>Sends a GET request on a previously created HTTP Session.</doc>
<status status="PASS" start="2024-06-05T20:16:23.835842" elapsed="0.101254"/>
</kw>
<kw name="Set Variable" owner="BuiltIn">
<msg time="2024-06-05T20:16:23.938139" level="INFO">${json_data} = {'results': [{'gender': 'male', 'name': {'title': 'Mr', 'first': 'Arthur', 'last': 'Novak'}, 'location': {'street': {'number': 6192, 'name': 'Victoria Ave'}, 'city': 'Odessa', 'state': 'British Columb...</msg>
<var>${json_data}</var>
<arg>${response.json()}</arg>
<doc>Returns the given values which can then be assigned to a variables.</doc>
<status status="PASS" start="2024-06-05T20:16:23.937629" elapsed="0.000541"/>
</kw>
<kw name="Set Variable" owner="BuiltIn">
<msg time="2024-06-05T20:16:23.938848" level="INFO">${name_title} = Mr</msg>
<var>${name_title}</var>
<arg>${json_data["results"][0]["name"]["title"]}</arg>
<doc>Returns the given values which can then be assigned to a variables.</doc>
<status status="PASS" start="2024-06-05T20:16:23.938472" elapsed="0.000401"/>
</kw>
<kw name="Create List" owner="BuiltIn">
<msg time="2024-06-05T20:16:23.939317" level="INFO">${allowed_titles} = ['Mr', 'Ms', 'Miss', 'Mrs', 'Madame', 'Monsieur']</msg>
<var>${allowed_titles}</var>
<arg>Mr</arg>
<arg>Ms</arg>
<arg>Miss</arg>
<arg>Mrs</arg>
<arg>Madame</arg>
<arg>Monsieur</arg>
<doc>Returns a list containing given items.</doc>
<status status="PASS" start="2024-06-05T20:16:23.939168" elapsed="0.000173"/>
</kw>
<kw name="List Should Contain Value" owner="Collections">
<msg time="2024-06-05T20:16:23.939818" level="INFO">False</msg>
<arg>${allowed_titles}</arg>
<arg>${name_title}</arg>
<doc>Fails if the ``value`` is not found from ``list``.</doc>
<status status="PASS" start="2024-06-05T20:16:23.939642" elapsed="0.000212"/>
</kw>
<kw name="Set Variable" owner="BuiltIn">
<msg time="2024-06-05T20:16:23.940706" level="INFO">${name_country} = CA</msg>
<var>${name_country}</var>
<arg>${json_data["results"][0]["nat"]}</arg>
<doc>Returns the given values which can then be assigned to a variables.</doc>
<status status="PASS" start="2024-06-05T20:16:23.940143" elapsed="0.000589"/>
</kw>
<kw name="Create List" owner="BuiltIn">
<msg time="2024-06-05T20:16:23.941657" level="INFO">${list_country} = ['AD', 'AE', 'AF', 'AG', 'AI', 'AL', 'AM', 'AO', 'AQ', 'AR', 'AS', 'AT', 'AU', 'AW', 'AX', 'AZ', 'BA', 'BB', 'BD', 'BE', 'BF', 'BG', 'BH', 'BI', 'BJ', 'BL', 'BM', 'BN', 'BO', 'BQ', 'BR', 'BS', 'BT', '...</msg>
<var>${list_country}</var>
<arg>AD</arg>
<arg>AE</arg>
<arg>AF</arg>
<arg>AG</arg>
<arg>AI</arg>
<arg>AL</arg>
<arg>AM</arg>
<arg>AO</arg>
<arg>AQ</arg>
<arg>AR</arg>
<arg>AS</arg>
<arg>AT</arg>
<arg>AU</arg>
<arg>AW</arg>
<arg>AX</arg>
<arg>AZ</arg>
<arg>BA</arg>
<arg>BB</arg>
<arg>BD</arg>
<arg>BE</arg>
<arg>BF</arg>
<arg>BG</arg>
<arg>BH</arg>
<arg>BI</arg>
<arg>BJ</arg>
<arg>BL</arg>
<arg>BM</arg>
<arg>BN</arg>
<arg>BO</arg>
<arg>BQ</arg>
<arg>BR</arg>
<arg>BS</arg>
<arg>BT</arg>
<arg>BV</arg>
<arg>BW</arg>
<arg>BY</arg>
<arg>BZ</arg>
<arg>CA</arg>
<arg>CC</arg>
<arg>CD</arg>
<arg>CF</arg>
<arg>CG</arg>
<arg>CH</arg>
<arg>CI</arg>
<arg>CK</arg>
<arg>CL</arg>
<arg>CM</arg>
<arg>CN</arg>
<arg>CO</arg>
<arg>CR</arg>
<arg>CU</arg>
<arg>CV</arg>
<arg>CW</arg>
<arg>CX</arg>
<arg>CY</arg>
<arg>CZ</arg>
<arg>DE</arg>
<arg>DJ</arg>
<arg>DK</arg>
<arg>DM</arg>
<arg>DO</arg>
<arg>DZ</arg>
<arg>EC</arg>
<arg>EE</arg>
<arg>EG</arg>
<arg>EH</arg>
<arg>ER</arg>
<arg>ES</arg>
<arg>ET</arg>
<arg>FI</arg>
<arg>FJ</arg>
<arg>FK</arg>
<arg>FM</arg>
<arg>FO</arg>
<arg>FR</arg>
<arg>GA</arg>
<arg>GB</arg>
<arg>GD</arg>
<arg>GE</arg>
<arg>GF</arg>
<arg>GG</arg>
<arg>GH</arg>
<arg>GI</arg>
<arg>GL</arg>
<arg>GM</arg>
<arg>GN</arg>
<arg>GP</arg>
<arg>GQ</arg>
<arg>GR</arg>
<arg>GS</arg>
<arg>GT</arg>
<arg>GU</arg>
<arg>GW</arg>
<arg>GY</arg>
<arg>HK</arg>
<arg>HM</arg>
<arg>HN</arg>
<arg>HR</arg>
<arg>HT</arg>
<arg>HU</arg>
<arg>ID</arg>
<arg>IE</arg>
<arg>IL</arg>
<arg>IM</arg>
<arg>IN</arg>
<arg>IO</arg>
<arg>IQ</arg>
<arg>IR</arg>
<arg>IS</arg>
<arg>IT</arg>
<arg>JE</arg>
<arg>JM</arg>
<arg>JO</arg>
<arg>JP</arg>
<arg>KE</arg>
<arg>KG</arg>
<arg>KH</arg>
<arg>KI</arg>
<arg>KM</arg>
<arg>KN</arg>
<arg>KP</arg>
<arg>KR</arg>
<arg>KW</arg>
<arg>KY</arg>
<arg>KZ</arg>
<arg>LA</arg>
<arg>LB</arg>
<arg>LC</arg>
<arg>LI</arg>
<arg>LK</arg>
<arg>LR</arg>
<arg>LS</arg>
<arg>LT</arg>
<arg>LU</arg>
<arg>LV</arg>
<arg>LY</arg>
<arg>MA</arg>
<arg>MC</arg>
<arg>MD</arg>
<arg>ME</arg>
<arg>MF</arg>
<arg>MG</arg>
<arg>MH</arg>
<arg>MK</arg>
<arg>ML</arg>
<arg>MM</arg>
<arg>MN</arg>
<arg>MO</arg>
<arg>MP</arg>
<arg>MQ</arg>
<arg>MR</arg>
<arg>MS</arg>
<arg>MT</arg>
<arg>MU</arg>
<arg>MV</arg>
<arg>MW</arg>
<arg>MX</arg>
<arg>MY</arg>
<arg>MZ</arg>
<arg>NA</arg>
<arg>NC</arg>
<arg>NE</arg>
<arg>NF</arg>
<arg>NG</arg>
<arg>NI</arg>
<arg>NL</arg>
<arg>NO</arg>
<arg>NP</arg>
<arg>NR</arg>
<arg>NU</arg>
<arg>NZ</arg>
<arg>OM</arg>
<arg>PA</arg>
<arg>PE</arg>
<arg>PF</arg>
<arg>PG</arg>
<arg>PH</arg>
<arg>PK</arg>
<arg>PL</arg>
<arg>PM</arg>
<arg>PN</arg>
<arg>PR</arg>
<arg>PS</arg>
<arg>PT</arg>
<arg>PW</arg>
<arg>PY</arg>
<arg>QA</arg>
<arg>RE</arg>
<arg>RO</arg>
<arg>RS</arg>
<arg>RU</arg>
<arg>RW</arg>
<arg>SA</arg>
<arg>SB</arg>
<arg>SC</arg>
<arg>SD</arg>
<arg>SE</arg>
<arg>SG</arg>
<arg>SH</arg>
<arg>SI</arg>
<arg>SJ</arg>
<arg>SK</arg>
<arg>SL</arg>
<arg>SM</arg>
<arg>SN</arg>
<arg>SO</arg>
<arg>SR</arg>
<arg>SS</arg>
<arg>ST</arg>
<arg>SV</arg>
<arg>SX</arg>
<arg>SY</arg>
<arg>SZ</arg>
<arg>TC</arg>
<arg>TD</arg>
<arg>TF</arg>
<arg>TG</arg>
<arg>TH</arg>
<arg>TJ</arg>
<arg>TK</arg>
<arg>TL</arg>
<arg>TM</arg>
<arg>TN</arg>
<arg>TO</arg>
<arg>TR</arg>
<arg>TT</arg>
<arg>TV</arg>
<arg>TW</arg>
<arg>TZ</arg>
<arg>UA</arg>
<arg>UG</arg>
<arg>UM</arg>
<arg>US</arg>
<arg>UY</arg>
<arg>UZ</arg>
<arg>VA</arg>
<arg>VC</arg>
<arg>VE</arg>
<arg>VG</arg>
<arg>VI</arg>
<arg>VN</arg>
<arg>VU</arg>
<arg>WF</arg>
<arg>WS</arg>
<arg>XK</arg>
<arg>YE</arg>
<arg>YT</arg>
<arg>ZA</arg>
<arg>ZM</arg>
<arg>ZW</arg>
<doc>Returns a list containing given items.</doc>
<status status="PASS" start="2024-06-05T20:16:23.941037" elapsed="0.000647"/>
</kw>
<kw name="List Should Contain Value" owner="Collections">
<msg time="2024-06-05T20:16:23.942662" level="INFO">False</msg>
<arg>${list_country}</arg>
<arg>${name_country}</arg>
<doc>Fails if the ``value`` is not found from ``list``.</doc>
<status status="PASS" start="2024-06-05T20:16:23.942462" elapsed="0.000236"/>
</kw>
<kw name="Run Keyword If" owner="BuiltIn">
<kw name="Should Be True" owner="BuiltIn">
<arg>${True}</arg>
<doc>Fails if the given condition is not true.</doc>
<status status="PASS" start="2024-06-05T20:16:23.943740" elapsed="0.000144"/>
</kw>
<arg>${json_data["results"][0]["location"]["coordinates"]["latitude"]} &gt;= -90 and ${json_data["results"][0]["location"]["coordinates"]["latitude"]} &lt;= 90</arg>
<arg>Should Be True</arg>
<arg>${True}</arg>
<doc>Runs the given keyword with the given arguments, if ``condition`` is true.</doc>
<status status="PASS" start="2024-06-05T20:16:23.943007" elapsed="0.001005"/>
</kw>
<kw name="Run Keyword If" owner="BuiltIn">
<kw name="Should Be True" owner="BuiltIn">
<arg>${True}</arg>
<doc>Fails if the given condition is not true.</doc>
<status status="PASS" start="2024-06-05T20:16:23.944904" elapsed="0.000145"/>
</kw>
<arg>${json_data["results"][0]["location"]["coordinates"]["longitude"]} &gt;= -180 and ${json_data["results"][0]["location"]["coordinates"]["longitude"]} &lt;= 180</arg>
<arg>Should Be True</arg>
<arg>${True}</arg>
<doc>Runs the given keyword with the given arguments, if ``condition`` is true.</doc>
<status status="PASS" start="2024-06-05T20:16:23.944198" elapsed="0.000974"/>
</kw>
<status status="PASS" start="2024-06-05T20:16:23.835468" elapsed="0.109863"/>
</kw>
<doc>Testa o conteúdo específico dos campos retornados pela API.</doc>
<tag>testeConteudo</tag>
<status status="PASS" start="2024-06-05T20:16:23.834818" elapsed="0.110668"/>
</test>
<status status="PASS" start="2024-06-05T20:16:22.930789" elapsed="1.016592"/>
</suite>
<status status="PASS" start="2024-06-05T20:16:22.917003" elapsed="1.035469"/>
</suite>
<statistics>
<total>
<stat pass="5" fail="0" skip="0">All Tests</stat>
</total>
<tag>
<stat pass="1" fail="0" skip="0">testeConteudo</stat>
<stat pass="1" fail="0" skip="0">testeEstruturaResposta</stat>
<stat pass="1" fail="0" skip="0">testeRequisicaoBasica</stat>
<stat pass="1" fail="0" skip="0">testeTiposDados</stat>
</tag>
<suite>
<stat pass="5" fail="0" skip="0" id="s1" name="Tests">Tests</stat>
<stat pass="5" fail="0" skip="0" id="s1-s1" name="Random-User-Test">Tests.Random-User-Test</stat>
</suite>
</statistics>
<errors>
</errors>
</robot>
