<?xml version="1.0" encoding="UTF-8"?>
<robot generator="Robot 7.0 (Python 3.12.2 on linux)" generated="2024-04-12T17:13:55.845271" rpa="false" schemaversion="5">
<suite id="s1" name="Tests" source="/home/runner/work/DesafioQAItauRogerioJordao/DesafioQAItauRogerioJordao/RamdonUser/tests">
<suite id="s1-s1" name="Random-User-Test" source="/home/runner/work/DesafioQAItauRogerioJordao/DesafioQAItauRogerioJordao/RamdonUser/tests/random-user-test.robot">
<test id="s1-s1-t1" name="Conectar" line="13">
<kw name="Conectar API" owner="random-user-service">
<kw name="Create Session" owner="RequestsLibrary">
<msg time="2024-04-12T17:13:56.206641" level="INFO">Creating Session using : alias=consultarAPI, url=https://randomuser.me/, headers={},                     cookies={}, auth=None, timeout=None, proxies=None, verify=False,                     debug=0 </msg>
<arg>consultarAPI</arg>
<arg>${URL}</arg>
<doc>Create Session: create a HTTP session to a server</doc>
<status status="PASS" start="2024-04-12T17:13:56.206446" elapsed="0.000354"/>
</kw>
<status status="PASS" start="2024-04-12T17:13:56.205461" elapsed="0.001681"/>
</kw>
<status status="PASS" start="2024-04-12T17:13:56.204938" elapsed="0.002412"/>
</test>
<test id="s1-s1-t2" name="Validar retorno 200 e JSON Válido" line="16">
<kw name="Teste de Requisicao Basica" owner="random-user-service">
<kw name="GET On Session" owner="RequestsLibrary">
<msg time="2024-04-12T17:13:56.396103" level="INFO">GET Request : url=https://randomuser.me/api 
 path_url=/api 
 headers={'User-Agent': 'python-requests/2.31.0', 'Accept-Encoding': 'gzip, deflate', 'Accept': '*/*', 'Connection': 'keep-alive'} 
 body=None 
 </msg>
<msg time="2024-04-12T17:13:56.396250" level="INFO">GET Response : url=https://randomuser.me/api 
 status=200, reason=OK 
 headers={'Date': 'Fri, 12 Apr 2024 17:13:56 GMT', 'Content-Type': 'application/json; charset=utf-8', 'Transfer-Encoding': 'chunked', 'Connection': 'keep-alive', 'X-Powered-By': 'Express', 'Access-Control-Allow-Origin': '*', 'Cache-Control': 'no-cache', 'ETag': 'W/"497-bNaBjjDEJhb1EO23JL9a02Ai5tA"', 'Vary': 'Accept-Encoding', 'Content-Encoding': 'gzip', 'CF-Cache-Status': 'DYNAMIC', 'Report-To': '{"endpoints":[{"url":"https:\\/\\/a.nel.cloudflare.com\\/report\\/v4?s=j0HZpoe0nfe%2BQPTcn0R7HBt%2FJ4ymZt%2FTsdi5N9XZF8i0DWo8Wi43vmSJ2usDu5yVkkyRe4Yi4lmSY8%2FA6RsXkzobjyQSXyle1%2FVj7Q%2BZAjYsk2Glp%2BcEfc6xD%2BwN2ufU"}],"group":"cf-nel","max_age":604800}', 'NEL': '{"success_fraction":0,"report_to":"cf-nel","max_age":604800}', 'Server': 'cloudflare', 'CF-RAY': '8734d98f3a605991-IAD', 'alt-svc': 'h3=":443"; ma=86400'} 
 body={"results":[{"gender":"female","name":{"title":"Ms","first":"Luisa","last":"Mascareñas"},"location":{"street":{"number":5609,"name":"Andador Colima"},"city":"Santa María del Tule","state":"Tamaulipas","country":"Mexico","postcode":65701,"coordinates":{"latitude":"29.8651","longitude":"176.3328"},"timezone":{"offset":"-9:00","description":"Alaska"}},"email":"luisa.mascarenas@example.com","login":{"uuid":"98b180cd-9096-48b9-ad6a-ceabc860140f","username":"purplerabbit915","password":"gunners","salt":"bMxFTK5Y","md5":"1b50457aaf4f202cfefca31875d08c30","sha1":"b6016504ec6a85002887d5d23c7c8dd939d55e06","sha256":"9387c9c05970f64aacd226ed053afad6aea02555704492d7c354529560f0c9fc"},"dob":{"date":"1981-11-22T11:10:07.442Z","age":42},"registered":{"date":"2017-04-20T23:41:24.908Z","age":6},"phone":"(654) 002 0900","cell":"(676) 390 2487","id":{"name":"NSS","value":"12 01 01 2601 6"},"picture":{"large":"https://randomuser.me/api/portraits/women/75.jpg","medium":"https://randomuser.me/api/portraits/med/women/75.jpg","thumbnail":"https://randomuser.me/api/portraits/thumb/women/75.jpg"},"nat":"MX"}],"info":{"seed":"b4a4edf153a4fb70","results":1,"page":1,"version":"1.4"}} 
 </msg>
<msg time="2024-04-12T17:13:56.396331" level="INFO">/opt/hostedtoolcache/Python/3.12.2/x64/lib/python3.12/site-packages/urllib3/connectionpool.py:1103: InsecureRequestWarning: Unverified HTTPS request is being made to host 'randomuser.me'. Adding certificate verification is strongly advised. See: https://urllib3.readthedocs.io/en/latest/advanced-usage.html#tls-warnings
  warnings.warn(</msg>
<msg time="2024-04-12T17:13:56.396476" level="INFO">${response} = &lt;Response [200]&gt;</msg>
<var>${response}</var>
<arg>consultarAPI</arg>
<arg>/api</arg>
<doc>Sends a GET request on a previously created HTTP Session.</doc>
<status status="PASS" start="2024-04-12T17:13:56.210103" elapsed="0.186437"/>
</kw>
<kw name="Should Be Equal As Numbers" owner="BuiltIn">
<msg time="2024-04-12T17:13:56.397419" level="INFO">Argument types are:
&lt;class 'int'&gt;
&lt;class 'str'&gt;</msg>
<arg>${response.status_code}</arg>
<arg>200</arg>
<doc>Fails if objects are unequal after converting them to real numbers.</doc>
<status status="PASS" start="2024-04-12T17:13:56.396979" elapsed="0.000504"/>
</kw>
<kw name="Log" owner="BuiltIn">
<msg time="2024-04-12T17:13:56.398164" level="INFO">200</msg>
<arg>${response.status_code}</arg>
<doc>Logs the given message with the given level.</doc>
<status status="PASS" start="2024-04-12T17:13:56.397802" elapsed="0.000406"/>
</kw>
<kw name="Set Variable" owner="BuiltIn">
<msg time="2024-04-12T17:13:56.398975" level="INFO">${json_data} = {'results': [{'gender': 'female', 'name': {'title': 'Ms', 'first': 'Luisa', 'last': 'Mascareñas'}, 'location': {'street': {'number': 5609, 'name': 'Andador Colima'}, 'city': 'Santa María del Tule', 's...</msg>
<var>${json_data}</var>
<arg>${response.json()}</arg>
<doc>Returns the given values which can then be assigned to a variables.</doc>
<status status="PASS" start="2024-04-12T17:13:56.398529" elapsed="0.000476"/>
</kw>
<kw name="Dictionary Should Contain Key" owner="Collections">
<msg time="2024-04-12T17:13:56.399475" level="INFO">False</msg>
<arg>${json_data}</arg>
<arg>results</arg>
<doc>Fails if ``key`` is not found from ``dictionary``.</doc>
<status status="PASS" start="2024-04-12T17:13:56.399309" elapsed="0.000206"/>
</kw>
<status status="PASS" start="2024-04-12T17:13:56.209847" elapsed="0.189924"/>
</kw>
<doc>Testa se a API responde corretamente e retorna um objeto JSON válido.</doc>
<tag>testeRequisicaoBasica</tag>
<status status="PASS" start="2024-04-12T17:13:56.209314" elapsed="0.190644"/>
</test>
<test id="s1-s1-t3" name="Validar estrutura de resposta" line="22">
<kw name="Teste de Estrutura de Resposta" owner="random-user-service">
<kw name="GET On Session" owner="RequestsLibrary">
<msg time="2024-04-12T17:13:56.484233" level="INFO">GET Request : url=https://randomuser.me/api 
 path_url=/api 
 headers={'User-Agent': 'python-requests/2.31.0', 'Accept-Encoding': 'gzip, deflate', 'Accept': '*/*', 'Connection': 'keep-alive'} 
 body=None 
 </msg>
<msg time="2024-04-12T17:13:56.484319" level="INFO">GET Response : url=https://randomuser.me/api 
 status=200, reason=OK 
 headers={'Date': 'Fri, 12 Apr 2024 17:13:56 GMT', 'Content-Type': 'application/json; charset=utf-8', 'Transfer-Encoding': 'chunked', 'Connection': 'keep-alive', 'X-Powered-By': 'Express', 'Access-Control-Allow-Origin': '*', 'Cache-Control': 'no-cache', 'ETag': 'W/"48a-4I76CkpNAnEnZU1PhQOMusP3jJE"', 'Vary': 'Accept-Encoding', 'Content-Encoding': 'gzip', 'CF-Cache-Status': 'DYNAMIC', 'Report-To': '{"endpoints":[{"url":"https:\\/\\/a.nel.cloudflare.com\\/report\\/v4?s=mKyP5W0wF2DOda8A0jlud9aim%2Fl9NrLFuylLTBvxsUfFpfc8IbV4D3RNJeZsz5%2FttSJ9x8GpW13ySzd1it06mIsQ%2F%2B7bM8HiNaKaNPD1U5Ln7McwK4M5yWwlpz%2F968MH"}],"group":"cf-nel","max_age":604800}', 'NEL': '{"success_fraction":0,"report_to":"cf-nel","max_age":604800}', 'Server': 'cloudflare', 'CF-RAY': '8734d98f8ab55991-IAD', 'alt-svc': 'h3=":443"; ma=86400'} 
 body={"results":[{"gender":"female","name":{"title":"Miss","first":"Martha","last":"Jacobs"},"location":{"street":{"number":3662,"name":"Richmond Park"},"city":"Listowel","state":"Clare","country":"Ireland","postcode":42131,"coordinates":{"latitude":"-3.8940","longitude":"20.2964"},"timezone":{"offset":"+4:00","description":"Abu Dhabi, Muscat, Baku, Tbilisi"}},"email":"martha.jacobs@example.com","login":{"uuid":"b7495b91-5dcc-4769-b354-02da889d45c5","username":"crazybear260","password":"ficken","salt":"3UWByLTn","md5":"d317f4d5e4f0d1c173c2cf0e7eea8d65","sha1":"bf9650123ef6c1d5dfce06168a73f44a2f9e12fe","sha256":"a14a4a68acfb2db982a5159b875a4e40b37a28d3a86aebb4b4f990c7d1d8c30e"},"dob":{"date":"1992-02-12T16:17:38.717Z","age":32},"registered":{"date":"2016-01-01T14:23:22.171Z","age":8},"phone":"041-582-3734","cell":"081-300-8757","id":{"name":"PPS","value":"3923333T"},"picture":{"large":"https://randomuser.me/api/portraits/women/51.jpg","medium":"https://randomuser.me/api/portraits/med/women/51.jpg","thumbnail":"https://randomuser.me/api/portraits/thumb/women/51.jpg"},"nat":"IE"}],"info":{"seed":"071d3bd711d2adc8","results":1,"page":1,"version":"1.4"}} 
 </msg>
<msg time="2024-04-12T17:13:56.484427" level="INFO">/opt/hostedtoolcache/Python/3.12.2/x64/lib/python3.12/site-packages/urllib3/connectionpool.py:1103: InsecureRequestWarning: Unverified HTTPS request is being made to host 'randomuser.me'. Adding certificate verification is strongly advised. See: https://urllib3.readthedocs.io/en/latest/advanced-usage.html#tls-warnings
  warnings.warn(</msg>
<msg time="2024-04-12T17:13:56.484559" level="INFO">${response} = &lt;Response [200]&gt;</msg>
<var>${response}</var>
<arg>consultarAPI</arg>
<arg>/api</arg>
<doc>Sends a GET request on a previously created HTTP Session.</doc>
<status status="PASS" start="2024-04-12T17:13:56.402721" elapsed="0.081869"/>
</kw>
<kw name="Set Variable" owner="BuiltIn">
<msg time="2024-04-12T17:13:56.485380" level="INFO">${json_data} = {'results': [{'gender': 'female', 'name': {'title': 'Miss', 'first': 'Martha', 'last': 'Jacobs'}, 'location': {'street': {'number': 3662, 'name': 'Richmond Park'}, 'city': 'Listowel', 'state': 'Clare'...</msg>
<var>${json_data}</var>
<arg>${response.json()}</arg>
<doc>Returns the given values which can then be assigned to a variables.</doc>
<status status="PASS" start="2024-04-12T17:13:56.484930" elapsed="0.000478"/>
</kw>
<kw name="Log" owner="BuiltIn">
<msg time="2024-04-12T17:13:56.485876" level="INFO">{'results': [{'gender': 'female', 'name': {'title': 'Miss', 'first': 'Martha', 'last': 'Jacobs'}, 'location': {'street': {'number': 3662, 'name': 'Richmond Park'}, 'city': 'Listowel', 'state': 'Clare', 'country': 'Ireland', 'postcode': 42131, 'coordinates': {'latitude': '-3.8940', 'longitude': '20.2964'}, 'timezone': {'offset': '+4:00', 'description': 'Abu Dhabi, Muscat, Baku, Tbilisi'}}, 'email': 'martha.jacobs@example.com', 'login': {'uuid': 'b7495b91-5dcc-4769-b354-02da889d45c5', 'username': 'crazybear260', 'password': 'ficken', 'salt': '3UWByLTn', 'md5': 'd317f4d5e4f0d1c173c2cf0e7eea8d65', 'sha1': 'bf9650123ef6c1d5dfce06168a73f44a2f9e12fe', 'sha256': 'a14a4a68acfb2db982a5159b875a4e40b37a28d3a86aebb4b4f990c7d1d8c30e'}, 'dob': {'date': '1992-02-12T16:17:38.717Z', 'age': 32}, 'registered': {'date': '2016-01-01T14:23:22.171Z', 'age': 8}, 'phone': '041-582-3734', 'cell': '081-300-8757', 'id': {'name': 'PPS', 'value': '3923333T'}, 'picture': {'large': 'https://randomuser.me/api/portraits/women/51.jpg', 'medium': 'https://randomuser.me/api/portraits/med/women/51.jpg', 'thumbnail': 'https://randomuser.me/api/portraits/thumb/women/51.jpg'}, 'nat': 'IE'}], 'info': {'seed': '071d3bd711d2adc8', 'results': 1, 'page': 1, 'version': '1.4'}}</msg>
<arg>${json_data}</arg>
<doc>Logs the given message with the given level.</doc>
<status status="PASS" start="2024-04-12T17:13:56.485720" elapsed="0.000203"/>
</kw>
<kw name="Dictionary Should Contain Key" owner="Collections">
<msg time="2024-04-12T17:13:56.486373" level="INFO">False</msg>
<arg>${json_data}</arg>
<arg>results</arg>
<doc>Fails if ``key`` is not found from ``dictionary``.</doc>
<status status="PASS" start="2024-04-12T17:13:56.486221" elapsed="0.000189"/>
</kw>
<kw name="Should Not Be Empty" owner="BuiltIn">
<msg time="2024-04-12T17:13:56.486838" level="INFO">Length is 2.</msg>
<arg>${json_data}</arg>
<doc>Verifies that the given item is not empty.</doc>
<status status="PASS" start="2024-04-12T17:13:56.486705" elapsed="0.000173"/>
</kw>
<kw name="Create List" owner="BuiltIn">
<msg time="2024-04-12T17:13:56.487328" level="INFO">${expected_keys} = ['gender', 'name', 'location', 'email', 'login']</msg>
<var>${expected_keys}</var>
<arg>gender</arg>
<arg>name</arg>
<arg>location</arg>
<arg>email</arg>
<arg>login</arg>
<doc>Returns a list containing given items.</doc>
<status status="PASS" start="2024-04-12T17:13:56.487179" elapsed="0.000173"/>
</kw>
<for flavor="IN">
<iter>
<kw name="Dictionary Should Contain Key" owner="Collections">
<msg time="2024-04-12T17:13:56.488320" level="INFO">False</msg>
<arg>${json_data['results'][0]}</arg>
<arg>${key}</arg>
<doc>Fails if ``key`` is not found from ``dictionary``.</doc>
<status status="PASS" start="2024-04-12T17:13:56.487927" elapsed="0.000434"/>
</kw>
<kw name="Log" owner="BuiltIn">
<msg time="2024-04-12T17:13:56.489076" level="INFO">{'gender': 'female', 'name': {'title': 'Miss', 'first': 'Martha', 'last': 'Jacobs'}, 'location': {'street': {'number': 3662, 'name': 'Richmond Park'}, 'city': 'Listowel', 'state': 'Clare', 'country': 'Ireland', 'postcode': 42131, 'coordinates': {'latitude': '-3.8940', 'longitude': '20.2964'}, 'timezone': {'offset': '+4:00', 'description': 'Abu Dhabi, Muscat, Baku, Tbilisi'}}, 'email': 'martha.jacobs@example.com', 'login': {'uuid': 'b7495b91-5dcc-4769-b354-02da889d45c5', 'username': 'crazybear260', 'password': 'ficken', 'salt': '3UWByLTn', 'md5': 'd317f4d5e4f0d1c173c2cf0e7eea8d65', 'sha1': 'bf9650123ef6c1d5dfce06168a73f44a2f9e12fe', 'sha256': 'a14a4a68acfb2db982a5159b875a4e40b37a28d3a86aebb4b4f990c7d1d8c30e'}, 'dob': {'date': '1992-02-12T16:17:38.717Z', 'age': 32}, 'registered': {'date': '2016-01-01T14:23:22.171Z', 'age': 8}, 'phone': '041-582-3734', 'cell': '081-300-8757', 'id': {'name': 'PPS', 'value': '3923333T'}, 'picture': {'large': 'https://randomuser.me/api/portraits/women/51.jpg', 'medium': 'https://randomuser.me/api/portraits/med/women/51.jpg', 'thumbnail': 'https://randomuser.me/api/portraits/thumb/women/51.jpg'}, 'nat': 'IE'}</msg>
<arg>${json_data['results'][0]}</arg>
<doc>Logs the given message with the given level.</doc>
<status status="PASS" start="2024-04-12T17:13:56.488706" elapsed="0.000418"/>
</kw>
<kw name="Log" owner="BuiltIn">
<msg time="2024-04-12T17:13:56.489557" level="INFO">gender</msg>
<arg>${key}</arg>
<doc>Logs the given message with the given level.</doc>
<status status="PASS" start="2024-04-12T17:13:56.489426" elapsed="0.000169"/>
</kw>
<var name="${key}">gender</var>
<status status="PASS" start="2024-04-12T17:13:56.487801" elapsed="0.002012"/>
</iter>
<iter>
<kw name="Dictionary Should Contain Key" owner="Collections">
<msg time="2024-04-12T17:13:56.490500" level="INFO">False</msg>
<arg>${json_data['results'][0]}</arg>
<arg>${key}</arg>
<doc>Fails if ``key`` is not found from ``dictionary``.</doc>
<status status="PASS" start="2024-04-12T17:13:56.490116" elapsed="0.000422"/>
</kw>
<kw name="Log" owner="BuiltIn">
<msg time="2024-04-12T17:13:56.491241" level="INFO">{'gender': 'female', 'name': {'title': 'Miss', 'first': 'Martha', 'last': 'Jacobs'}, 'location': {'street': {'number': 3662, 'name': 'Richmond Park'}, 'city': 'Listowel', 'state': 'Clare', 'country': 'Ireland', 'postcode': 42131, 'coordinates': {'latitude': '-3.8940', 'longitude': '20.2964'}, 'timezone': {'offset': '+4:00', 'description': 'Abu Dhabi, Muscat, Baku, Tbilisi'}}, 'email': 'martha.jacobs@example.com', 'login': {'uuid': 'b7495b91-5dcc-4769-b354-02da889d45c5', 'username': 'crazybear260', 'password': 'ficken', 'salt': '3UWByLTn', 'md5': 'd317f4d5e4f0d1c173c2cf0e7eea8d65', 'sha1': 'bf9650123ef6c1d5dfce06168a73f44a2f9e12fe', 'sha256': 'a14a4a68acfb2db982a5159b875a4e40b37a28d3a86aebb4b4f990c7d1d8c30e'}, 'dob': {'date': '1992-02-12T16:17:38.717Z', 'age': 32}, 'registered': {'date': '2016-01-01T14:23:22.171Z', 'age': 8}, 'phone': '041-582-3734', 'cell': '081-300-8757', 'id': {'name': 'PPS', 'value': '3923333T'}, 'picture': {'large': 'https://randomuser.me/api/portraits/women/51.jpg', 'medium': 'https://randomuser.me/api/portraits/med/women/51.jpg', 'thumbnail': 'https://randomuser.me/api/portraits/thumb/women/51.jpg'}, 'nat': 'IE'}</msg>
<arg>${json_data['results'][0]}</arg>
<doc>Logs the given message with the given level.</doc>
<status status="PASS" start="2024-04-12T17:13:56.490883" elapsed="0.000405"/>
</kw>
<kw name="Log" owner="BuiltIn">
<msg time="2024-04-12T17:13:56.491715" level="INFO">name</msg>
<arg>${key}</arg>
<doc>Logs the given message with the given level.</doc>
<status status="PASS" start="2024-04-12T17:13:56.491586" elapsed="0.000166"/>
</kw>
<var name="${key}">name</var>
<status status="PASS" start="2024-04-12T17:13:56.490002" elapsed="0.001966"/>
</iter>
<iter>
<kw name="Dictionary Should Contain Key" owner="Collections">
<msg time="2024-04-12T17:13:56.492673" level="INFO">False</msg>
<arg>${json_data['results'][0]}</arg>
<arg>${key}</arg>
<doc>Fails if ``key`` is not found from ``dictionary``.</doc>
<status status="PASS" start="2024-04-12T17:13:56.492257" elapsed="0.000455"/>
</kw>
<kw name="Log" owner="BuiltIn">
<msg time="2024-04-12T17:13:56.493371" level="INFO">{'gender': 'female', 'name': {'title': 'Miss', 'first': 'Martha', 'last': 'Jacobs'}, 'location': {'street': {'number': 3662, 'name': 'Richmond Park'}, 'city': 'Listowel', 'state': 'Clare', 'country': 'Ireland', 'postcode': 42131, 'coordinates': {'latitude': '-3.8940', 'longitude': '20.2964'}, 'timezone': {'offset': '+4:00', 'description': 'Abu Dhabi, Muscat, Baku, Tbilisi'}}, 'email': 'martha.jacobs@example.com', 'login': {'uuid': 'b7495b91-5dcc-4769-b354-02da889d45c5', 'username': 'crazybear260', 'password': 'ficken', 'salt': '3UWByLTn', 'md5': 'd317f4d5e4f0d1c173c2cf0e7eea8d65', 'sha1': 'bf9650123ef6c1d5dfce06168a73f44a2f9e12fe', 'sha256': 'a14a4a68acfb2db982a5159b875a4e40b37a28d3a86aebb4b4f990c7d1d8c30e'}, 'dob': {'date': '1992-02-12T16:17:38.717Z', 'age': 32}, 'registered': {'date': '2016-01-01T14:23:22.171Z', 'age': 8}, 'phone': '041-582-3734', 'cell': '081-300-8757', 'id': {'name': 'PPS', 'value': '3923333T'}, 'picture': {'large': 'https://randomuser.me/api/portraits/women/51.jpg', 'medium': 'https://randomuser.me/api/portraits/med/women/51.jpg', 'thumbnail': 'https://randomuser.me/api/portraits/thumb/women/51.jpg'}, 'nat': 'IE'}</msg>
<arg>${json_data['results'][0]}</arg>
<doc>Logs the given message with the given level.</doc>
<status status="PASS" start="2024-04-12T17:13:56.493012" elapsed="0.000410"/>
</kw>
<kw name="Log" owner="BuiltIn">
<msg time="2024-04-12T17:13:56.493844" level="INFO">location</msg>
<arg>${key}</arg>
<doc>Logs the given message with the given level.</doc>
<status status="PASS" start="2024-04-12T17:13:56.493717" elapsed="0.000166"/>
</kw>
<var name="${key}">location</var>
<status status="PASS" start="2024-04-12T17:13:56.492147" elapsed="0.001949"/>
</iter>
<iter>
<kw name="Dictionary Should Contain Key" owner="Collections">
<msg time="2024-04-12T17:13:56.494758" level="INFO">False</msg>
<arg>${json_data['results'][0]}</arg>
<arg>${key}</arg>
<doc>Fails if ``key`` is not found from ``dictionary``.</doc>
<status status="PASS" start="2024-04-12T17:13:56.494380" elapsed="0.000416"/>
</kw>
<kw name="Log" owner="BuiltIn">
<msg time="2024-04-12T17:13:56.495442" level="INFO">{'gender': 'female', 'name': {'title': 'Miss', 'first': 'Martha', 'last': 'Jacobs'}, 'location': {'street': {'number': 3662, 'name': 'Richmond Park'}, 'city': 'Listowel', 'state': 'Clare', 'country': 'Ireland', 'postcode': 42131, 'coordinates': {'latitude': '-3.8940', 'longitude': '20.2964'}, 'timezone': {'offset': '+4:00', 'description': 'Abu Dhabi, Muscat, Baku, Tbilisi'}}, 'email': 'martha.jacobs@example.com', 'login': {'uuid': 'b7495b91-5dcc-4769-b354-02da889d45c5', 'username': 'crazybear260', 'password': 'ficken', 'salt': '3UWByLTn', 'md5': 'd317f4d5e4f0d1c173c2cf0e7eea8d65', 'sha1': 'bf9650123ef6c1d5dfce06168a73f44a2f9e12fe', 'sha256': 'a14a4a68acfb2db982a5159b875a4e40b37a28d3a86aebb4b4f990c7d1d8c30e'}, 'dob': {'date': '1992-02-12T16:17:38.717Z', 'age': 32}, 'registered': {'date': '2016-01-01T14:23:22.171Z', 'age': 8}, 'phone': '041-582-3734', 'cell': '081-300-8757', 'id': {'name': 'PPS', 'value': '3923333T'}, 'picture': {'large': 'https://randomuser.me/api/portraits/women/51.jpg', 'medium': 'https://randomuser.me/api/portraits/med/women/51.jpg', 'thumbnail': 'https://randomuser.me/api/portraits/thumb/women/51.jpg'}, 'nat': 'IE'}</msg>
<arg>${json_data['results'][0]}</arg>
<doc>Logs the given message with the given level.</doc>
<status status="PASS" start="2024-04-12T17:13:56.495092" elapsed="0.000398"/>
</kw>
<kw name="Log" owner="BuiltIn">
<msg time="2024-04-12T17:13:56.495914" level="INFO">email</msg>
<arg>${key}</arg>
<doc>Logs the given message with the given level.</doc>
<status status="PASS" start="2024-04-12T17:13:56.495788" elapsed="0.000164"/>
</kw>
<var name="${key}">email</var>
<status status="PASS" start="2024-04-12T17:13:56.494269" elapsed="0.001901"/>
</iter>
<iter>
<kw name="Dictionary Should Contain Key" owner="Collections">
<msg time="2024-04-12T17:13:56.496867" level="INFO">False</msg>
<arg>${json_data['results'][0]}</arg>
<arg>${key}</arg>
<doc>Fails if ``key`` is not found from ``dictionary``.</doc>
<status status="PASS" start="2024-04-12T17:13:56.496454" elapsed="0.000451"/>
</kw>
<kw name="Log" owner="BuiltIn">
<msg time="2024-04-12T17:13:56.497558" level="INFO">{'gender': 'female', 'name': {'title': 'Miss', 'first': 'Martha', 'last': 'Jacobs'}, 'location': {'street': {'number': 3662, 'name': 'Richmond Park'}, 'city': 'Listowel', 'state': 'Clare', 'country': 'Ireland', 'postcode': 42131, 'coordinates': {'latitude': '-3.8940', 'longitude': '20.2964'}, 'timezone': {'offset': '+4:00', 'description': 'Abu Dhabi, Muscat, Baku, Tbilisi'}}, 'email': 'martha.jacobs@example.com', 'login': {'uuid': 'b7495b91-5dcc-4769-b354-02da889d45c5', 'username': 'crazybear260', 'password': 'ficken', 'salt': '3UWByLTn', 'md5': 'd317f4d5e4f0d1c173c2cf0e7eea8d65', 'sha1': 'bf9650123ef6c1d5dfce06168a73f44a2f9e12fe', 'sha256': 'a14a4a68acfb2db982a5159b875a4e40b37a28d3a86aebb4b4f990c7d1d8c30e'}, 'dob': {'date': '1992-02-12T16:17:38.717Z', 'age': 32}, 'registered': {'date': '2016-01-01T14:23:22.171Z', 'age': 8}, 'phone': '041-582-3734', 'cell': '081-300-8757', 'id': {'name': 'PPS', 'value': '3923333T'}, 'picture': {'large': 'https://randomuser.me/api/portraits/women/51.jpg', 'medium': 'https://randomuser.me/api/portraits/med/women/51.jpg', 'thumbnail': 'https://randomuser.me/api/portraits/thumb/women/51.jpg'}, 'nat': 'IE'}</msg>
<arg>${json_data['results'][0]}</arg>
<doc>Logs the given message with the given level.</doc>
<status status="PASS" start="2024-04-12T17:13:56.497199" elapsed="0.000405"/>
</kw>
<kw name="Log" owner="BuiltIn">
<msg time="2024-04-12T17:13:56.498047" level="INFO">login</msg>
<arg>${key}</arg>
<doc>Logs the given message with the given level.</doc>
<status status="PASS" start="2024-04-12T17:13:56.497920" elapsed="0.000166"/>
</kw>
<var name="${key}">login</var>
<status status="PASS" start="2024-04-12T17:13:56.496343" elapsed="0.001987"/>
</iter>
<var>${key}</var>
<value>@{expected_keys}</value>
<status status="PASS" start="2024-04-12T17:13:56.487616" elapsed="0.010842"/>
</for>
<kw name="Create List" owner="BuiltIn">
<msg time="2024-04-12T17:13:56.498788" level="INFO">${expected_keysTwo} = ['username', 'password']</msg>
<var>${expected_keysTwo}</var>
<arg>username</arg>
<arg>password</arg>
<doc>Returns a list containing given items.</doc>
<status status="PASS" start="2024-04-12T17:13:56.498652" elapsed="0.000159"/>
</kw>
<for flavor="IN">
<iter>
<kw name="Dictionary Should Contain Key" owner="Collections">
<msg time="2024-04-12T17:13:56.499799" level="INFO">False</msg>
<arg>${json_data['results'][0]['login']}</arg>
<arg>${keyTwo}</arg>
<doc>Fails if ``key`` is not found from ``dictionary``.</doc>
<status status="PASS" start="2024-04-12T17:13:56.499417" elapsed="0.000420"/>
</kw>
<kw name="Dictionary Should Contain Key" owner="Collections">
<msg time="2024-04-12T17:13:56.500540" level="INFO">False</msg>
<arg>${json_data['results'][0]['login']}</arg>
<arg>${keyTwo}</arg>
<doc>Fails if ``key`` is not found from ``dictionary``.</doc>
<status status="PASS" start="2024-04-12T17:13:56.500137" elapsed="0.000445"/>
</kw>
<kw name="Log" owner="BuiltIn">
<msg time="2024-04-12T17:13:56.501015" level="INFO">username</msg>
<arg>${keyTwo}</arg>
<doc>Logs the given message with the given level.</doc>
<status status="PASS" start="2024-04-12T17:13:56.500887" elapsed="0.000167"/>
</kw>
<var name="${keyTwo}">username</var>
<status status="PASS" start="2024-04-12T17:13:56.499302" elapsed="0.001968"/>
</iter>
<iter>
<kw name="Dictionary Should Contain Key" owner="Collections">
<msg time="2024-04-12T17:13:56.501931" level="INFO">False</msg>
<arg>${json_data['results'][0]['login']}</arg>
<arg>${keyTwo}</arg>
<doc>Fails if ``key`` is not found from ``dictionary``.</doc>
<status status="PASS" start="2024-04-12T17:13:56.501556" elapsed="0.000413"/>
</kw>
<kw name="Dictionary Should Contain Key" owner="Collections">
<msg time="2024-04-12T17:13:56.502644" level="INFO">False</msg>
<arg>${json_data['results'][0]['login']}</arg>
<arg>${keyTwo}</arg>
<doc>Fails if ``key`` is not found from ``dictionary``.</doc>
<status status="PASS" start="2024-04-12T17:13:56.502263" elapsed="0.000418"/>
</kw>
<kw name="Log" owner="BuiltIn">
<msg time="2024-04-12T17:13:56.503107" level="INFO">password</msg>
<arg>${keyTwo}</arg>
<doc>Logs the given message with the given level.</doc>
<status status="PASS" start="2024-04-12T17:13:56.502979" elapsed="0.000166"/>
</kw>
<var name="${keyTwo}">password</var>
<status status="PASS" start="2024-04-12T17:13:56.501447" elapsed="0.001915"/>
</iter>
<var>${keyTwo}</var>
<value>@{expected_keysTwo}</value>
<status status="PASS" start="2024-04-12T17:13:56.499047" elapsed="0.004438"/>
</for>
<status status="PASS" start="2024-04-12T17:13:56.402482" elapsed="0.101142"/>
</kw>
<doc>Testa a estrutura da resposta da API.</doc>
<tag>testeEstruturaResposta</tag>
<status status="PASS" start="2024-04-12T17:13:56.401841" elapsed="0.101937"/>
</test>
<test id="s1-s1-t4" name="Validar tipos de dados" line="28">
<kw name="Teste de Tipos de Dados" owner="random-user-service">
<kw name="GET On Session" owner="RequestsLibrary">
<msg time="2024-04-12T17:13:56.588236" level="INFO">GET Request : url=https://randomuser.me/api 
 path_url=/api 
 headers={'User-Agent': 'python-requests/2.31.0', 'Accept-Encoding': 'gzip, deflate', 'Accept': '*/*', 'Connection': 'keep-alive'} 
 body=None 
 </msg>
<msg time="2024-04-12T17:13:56.588322" level="INFO">GET Response : url=https://randomuser.me/api 
 status=200, reason=OK 
 headers={'Date': 'Fri, 12 Apr 2024 17:13:56 GMT', 'Content-Type': 'application/json; charset=utf-8', 'Transfer-Encoding': 'chunked', 'Connection': 'keep-alive', 'X-Powered-By': 'Express', 'Access-Control-Allow-Origin': '*', 'Cache-Control': 'no-cache', 'ETag': 'W/"4a5-X412d9vC7SkFi9G2gSJrMWsxwCI"', 'Vary': 'Accept-Encoding', 'Content-Encoding': 'gzip', 'CF-Cache-Status': 'DYNAMIC', 'Report-To': '{"endpoints":[{"url":"https:\\/\\/a.nel.cloudflare.com\\/report\\/v4?s=TgXeVo5JlwOHRl%2FUn571f40xES7ggCWxrHQxFMmmkPZ5ZBU8qZxHTvKaP1BqycuiWNT0O%2FcS5dX36Z9oJSPbIfhdgpIXLGXL3Sw%2Bzz5b0Dvv2ZFHRlk9yiqYrsD0x2s4"}],"group":"cf-nel","max_age":604800}', 'NEL': '{"success_fraction":0,"report_to":"cf-nel","max_age":604800}', 'Server': 'cloudflare', 'CF-RAY': '8734d9903b465991-IAD', 'alt-svc': 'h3=":443"; ma=86400'} 
 body={"results":[{"gender":"male","name":{"title":"Mr","first":"Abraham","last":"Benavides"},"location":{"street":{"number":3783,"name":"Calle Zimbabwe"},"city":"Suspiro Picacho","state":"Baja California","country":"Mexico","postcode":90108,"coordinates":{"latitude":"28.3153","longitude":"-43.6717"},"timezone":{"offset":"-7:00","description":"Mountain Time (US &amp; Canada)"}},"email":"abraham.benavides@example.com","login":{"uuid":"01263d0e-6d42-444a-b919-a84bd94cc4ea","username":"beautifullion664","password":"maxima","salt":"x2plpsOC","md5":"f234cdf21226d487b28bae821218e486","sha1":"dde0e38a128b53a8f626f2cf20cda86ab5033eb0","sha256":"141dfb0f387e16192a2337ff5c5ee304250cc430c5b6c5fa7d1cdcb05c972e72"},"dob":{"date":"1976-02-01T16:46:06.264Z","age":48},"registered":{"date":"2007-08-30T04:14:13.800Z","age":16},"phone":"(685) 277 2865","cell":"(661) 039 0177","id":{"name":"NSS","value":"90 28 97 7960 3"},"picture":{"large":"https://randomuser.me/api/portraits/men/72.jpg","medium":"https://randomuser.me/api/portraits/med/men/72.jpg","thumbnail":"https://randomuser.me/api/portraits/thumb/men/72.jpg"},"nat":"MX"}],"info":{"seed":"476bbd37c5f52692","results":1,"page":1,"version":"1.4"}} 
 </msg>
<msg time="2024-04-12T17:13:56.588399" level="INFO">/opt/hostedtoolcache/Python/3.12.2/x64/lib/python3.12/site-packages/urllib3/connectionpool.py:1103: InsecureRequestWarning: Unverified HTTPS request is being made to host 'randomuser.me'. Adding certificate verification is strongly advised. See: https://urllib3.readthedocs.io/en/latest/advanced-usage.html#tls-warnings
  warnings.warn(</msg>
<msg time="2024-04-12T17:13:56.588567" level="INFO">${response} = &lt;Response [200]&gt;</msg>
<var>${response}</var>
<arg>consultarAPI</arg>
<arg>/api</arg>
<doc>Sends a GET request on a previously created HTTP Session.</doc>
<status status="PASS" start="2024-04-12T17:13:56.506241" elapsed="0.082372"/>
</kw>
<kw name="Set Variable" owner="BuiltIn">
<msg time="2024-04-12T17:13:56.589405" level="INFO">${json_data} = {'results': [{'gender': 'male', 'name': {'title': 'Mr', 'first': 'Abraham', 'last': 'Benavides'}, 'location': {'street': {'number': 3783, 'name': 'Calle Zimbabwe'}, 'city': 'Suspiro Picacho', 'state':...</msg>
<var>${json_data}</var>
<arg>${response.json()}</arg>
<doc>Returns the given values which can then be assigned to a variables.</doc>
<status status="PASS" start="2024-04-12T17:13:56.588957" elapsed="0.000475"/>
</kw>
<kw name="Log" owner="BuiltIn">
<msg time="2024-04-12T17:13:56.589899" level="INFO">{'results': [{'gender': 'male', 'name': {'title': 'Mr', 'first': 'Abraham', 'last': 'Benavides'}, 'location': {'street': {'number': 3783, 'name': 'Calle Zimbabwe'}, 'city': 'Suspiro Picacho', 'state': 'Baja California', 'country': 'Mexico', 'postcode': 90108, 'coordinates': {'latitude': '28.3153', 'longitude': '-43.6717'}, 'timezone': {'offset': '-7:00', 'description': 'Mountain Time (US &amp; Canada)'}}, 'email': 'abraham.benavides@example.com', 'login': {'uuid': '01263d0e-6d42-444a-b919-a84bd94cc4ea', 'username': 'beautifullion664', 'password': 'maxima', 'salt': 'x2plpsOC', 'md5': 'f234cdf21226d487b28bae821218e486', 'sha1': 'dde0e38a128b53a8f626f2cf20cda86ab5033eb0', 'sha256': '141dfb0f387e16192a2337ff5c5ee304250cc430c5b6c5fa7d1cdcb05c972e72'}, 'dob': {'date': '1976-02-01T16:46:06.264Z', 'age': 48}, 'registered': {'date': '2007-08-30T04:14:13.800Z', 'age': 16}, 'phone': '(685) 277 2865', 'cell': '(661) 039 0177', 'id': {'name': 'NSS', 'value': '90 28 97 7960 3'}, 'picture': {'large': 'https://randomuser.me/api/portraits/men/72.jpg', 'medium': 'https://randomuser.me/api/portraits/med/men/72.jpg', 'thumbnail': 'https://randomuser.me/api/portraits/thumb/men/72.jpg'}, 'nat': 'MX'}], 'info': {'seed': '476bbd37c5f52692', 'results': 1, 'page': 1, 'version': '1.4'}}</msg>
<arg>${json_data}</arg>
<doc>Logs the given message with the given level.</doc>
<status status="PASS" start="2024-04-12T17:13:56.589741" elapsed="0.000238"/>
</kw>
<kw name="Should Be String" owner="String">
<arg>${json_data['results'][0]['gender']}</arg>
<doc>Fails if the given ``item`` is not a string.</doc>
<status status="PASS" start="2024-04-12T17:13:56.590288" elapsed="0.000366"/>
</kw>
<kw name="Should Match Regexp" owner="BuiltIn">
<arg>${json_data['results'][0]['email']}</arg>
<arg>^[a-zA-Z0-9._%+-]+@[a-zA-Z0-9.-]+\.[a-zA-Z]{2,}$</arg>
<doc>Fails if ``string`` does not match ``pattern`` as a regular expression.</doc>
<status status="PASS" start="2024-04-12T17:13:56.590847" elapsed="0.000504"/>
</kw>
<kw name="Should Match Regexp" owner="BuiltIn">
<arg>${json_data['results'][0]['dob']['date']}</arg>
<arg>\\d{4}-\\d{2}-\\d{2}T\\d{2}:\\d{2}:\\d{2}\\.\\d{3}Z</arg>
<doc>Fails if ``string`` does not match ``pattern`` as a regular expression.</doc>
<status status="PASS" start="2024-04-12T17:13:56.591546" elapsed="0.000513"/>
</kw>
<kw name="Should Match Regexp" owner="BuiltIn">
<arg>${json_data['results'][0]['registered']['date']}</arg>
<arg>\\d{4}-\\d{2}-\\d{2}T\\d{2}:\\d{2}:\\d{2}\\.\\d{3}Z</arg>
<doc>Fails if ``string`` does not match ``pattern`` as a regular expression.</doc>
<status status="PASS" start="2024-04-12T17:13:56.592262" elapsed="0.000407"/>
</kw>
<kw name="Should Match Regexp" owner="BuiltIn">
<arg>${json_data['results'][0]['picture']['large']}</arg>
<arg>^https?://.*\.(?:png|jpe?g|gif|bmp)$</arg>
<doc>Fails if ``string`` does not match ``pattern`` as a regular expression.</doc>
<status status="PASS" start="2024-04-12T17:13:56.592856" elapsed="0.000453"/>
</kw>
<kw name="Should Match Regexp" owner="BuiltIn">
<arg>${json_data['results'][0]['picture']['medium']}</arg>
<arg>^https?://.*\.(?:png|jpe?g|gif|bmp)$</arg>
<doc>Fails if ``string`` does not match ``pattern`` as a regular expression.</doc>
<status status="PASS" start="2024-04-12T17:13:56.593498" elapsed="0.000355"/>
</kw>
<kw name="Should Match Regexp" owner="BuiltIn">
<arg>${json_data['results'][0]['picture']['thumbnail']}</arg>
<arg>^https?://.*\.(?:png|jpe?g|gif|bmp)$</arg>
<doc>Fails if ``string`` does not match ``pattern`` as a regular expression.</doc>
<status status="PASS" start="2024-04-12T17:13:56.594038" elapsed="0.000349"/>
</kw>
<kw name="Log" owner="BuiltIn">
<msg time="2024-04-12T17:13:56.594889" level="INFO">{'large': 'https://randomuser.me/api/portraits/men/72.jpg', 'medium': 'https://randomuser.me/api/portraits/med/men/72.jpg', 'thumbnail': 'https://randomuser.me/api/portraits/thumb/men/72.jpg'}</msg>
<arg>${json_data['results'][0]['picture']}</arg>
<doc>Logs the given message with the given level.</doc>
<status status="PASS" start="2024-04-12T17:13:56.594567" elapsed="0.000363"/>
</kw>
<status status="PASS" start="2024-04-12T17:13:56.506013" elapsed="0.089170"/>
</kw>
<kw name="Teste de Tipos de Dados - Postcode" owner="random-user-service">
<kw name="GET On Session" owner="RequestsLibrary">
<msg time="2024-04-12T17:13:56.682226" level="INFO">GET Request : url=https://randomuser.me/api 
 path_url=/api 
 headers={'User-Agent': 'python-requests/2.31.0', 'Accept-Encoding': 'gzip, deflate', 'Accept': '*/*', 'Connection': 'keep-alive'} 
 body=None 
 </msg>
<msg time="2024-04-12T17:13:56.682289" level="INFO">GET Response : url=https://randomuser.me/api 
 status=200, reason=OK 
 headers={'Date': 'Fri, 12 Apr 2024 17:13:56 GMT', 'Content-Type': 'application/json; charset=utf-8', 'Transfer-Encoding': 'chunked', 'Connection': 'keep-alive', 'X-Powered-By': 'Express', 'Access-Control-Allow-Origin': '*', 'Cache-Control': 'no-cache', 'ETag': 'W/"466-2/EWpe/AmvzOOEWL7A/MM7mZpU4"', 'Vary': 'Accept-Encoding', 'Content-Encoding': 'gzip', 'CF-Cache-Status': 'DYNAMIC', 'Report-To': '{"endpoints":[{"url":"https:\\/\\/a.nel.cloudflare.com\\/report\\/v4?s=5KfS3rDU83GnRNVb2s5hijyLZUzG38J4T0sEA2mzu5GrYOiiwxptNIOWabGP17FwoxvwWJ63uCxURCA%2Bs5tPVgOLcTqQrqoanWlL7APwgWlQ%2F4RCGgTug%2F6An5y%2BE3Zj"}],"group":"cf-nel","max_age":604800}', 'NEL': '{"success_fraction":0,"report_to":"cf-nel","max_age":604800}', 'Server': 'cloudflare', 'CF-RAY': '8734d990cbd75991-IAD', 'alt-svc': 'h3=":443"; ma=86400'} 
 body={"results":[{"gender":"male","name":{"title":"Mr","first":"Sammy","last":"Newman"},"location":{"street":{"number":7688,"name":"Rookery Road"},"city":"Kells","state":"Fingal","country":"Ireland","postcode":34460,"coordinates":{"latitude":"-3.2543","longitude":"-62.4979"},"timezone":{"offset":"-3:30","description":"Newfoundland"}},"email":"sammy.newman@example.com","login":{"uuid":"da5cb744-7c40-4800-97a2-ce0c5b9fc50a","username":"reddog787","password":"jenny1","salt":"CYrdIadK","md5":"8b5fdced9868a63f58344fd0be6fcc52","sha1":"341ec017bb7e86a6570bc6603c07ec4d626cc5a7","sha256":"f11b55402bea9284acab9a1551e5d570ca041bf48707e59de037cb8a2f393fa8"},"dob":{"date":"1996-05-16T04:45:21.544Z","age":27},"registered":{"date":"2002-08-21T12:28:19.396Z","age":21},"phone":"031-759-7306","cell":"081-870-4689","id":{"name":"PPS","value":"7456481T"},"picture":{"large":"https://randomuser.me/api/portraits/men/75.jpg","medium":"https://randomuser.me/api/portraits/med/men/75.jpg","thumbnail":"https://randomuser.me/api/portraits/thumb/men/75.jpg"},"nat":"IE"}],"info":{"seed":"918e137608599723","results":1,"page":1,"version":"1.4"}} 
 </msg>
<msg time="2024-04-12T17:13:56.682354" level="INFO">/opt/hostedtoolcache/Python/3.12.2/x64/lib/python3.12/site-packages/urllib3/connectionpool.py:1103: InsecureRequestWarning: Unverified HTTPS request is being made to host 'randomuser.me'. Adding certificate verification is strongly advised. See: https://urllib3.readthedocs.io/en/latest/advanced-usage.html#tls-warnings
  warnings.warn(</msg>
<msg time="2024-04-12T17:13:56.682462" level="INFO">${response} = &lt;Response [200]&gt;</msg>
<var>${response}</var>
<arg>consultarAPI</arg>
<arg>/api</arg>
<doc>Sends a GET request on a previously created HTTP Session.</doc>
<status status="PASS" start="2024-04-12T17:13:56.595624" elapsed="0.086879"/>
</kw>
<kw name="Set Variable" owner="BuiltIn">
<msg time="2024-04-12T17:13:56.683292" level="INFO">${json_data} = {'results': [{'gender': 'male', 'name': {'title': 'Mr', 'first': 'Sammy', 'last': 'Newman'}, 'location': {'street': {'number': 7688, 'name': 'Rookery Road'}, 'city': 'Kells', 'state': 'Fingal', 'count...</msg>
<var>${json_data}</var>
<arg>${response.json()}</arg>
<doc>Returns the given values which can then be assigned to a variables.</doc>
<status status="PASS" start="2024-04-12T17:13:56.682852" elapsed="0.000468"/>
</kw>
<kw name="Log" owner="BuiltIn">
<msg time="2024-04-12T17:13:56.683774" level="INFO">{'results': [{'gender': 'male', 'name': {'title': 'Mr', 'first': 'Sammy', 'last': 'Newman'}, 'location': {'street': {'number': 7688, 'name': 'Rookery Road'}, 'city': 'Kells', 'state': 'Fingal', 'country': 'Ireland', 'postcode': 34460, 'coordinates': {'latitude': '-3.2543', 'longitude': '-62.4979'}, 'timezone': {'offset': '-3:30', 'description': 'Newfoundland'}}, 'email': 'sammy.newman@example.com', 'login': {'uuid': 'da5cb744-7c40-4800-97a2-ce0c5b9fc50a', 'username': 'reddog787', 'password': 'jenny1', 'salt': 'CYrdIadK', 'md5': '8b5fdced9868a63f58344fd0be6fcc52', 'sha1': '341ec017bb7e86a6570bc6603c07ec4d626cc5a7', 'sha256': 'f11b55402bea9284acab9a1551e5d570ca041bf48707e59de037cb8a2f393fa8'}, 'dob': {'date': '1996-05-16T04:45:21.544Z', 'age': 27}, 'registered': {'date': '2002-08-21T12:28:19.396Z', 'age': 21}, 'phone': '031-759-7306', 'cell': '081-870-4689', 'id': {'name': 'PPS', 'value': '7456481T'}, 'picture': {'large': 'https://randomuser.me/api/portraits/men/75.jpg', 'medium': 'https://randomuser.me/api/portraits/med/men/75.jpg', 'thumbnail': 'https://randomuser.me/api/portraits/thumb/men/75.jpg'}, 'nat': 'IE'}], 'info': {'seed': '918e137608599723', 'results': 1, 'page': 1, 'version': '1.4'}}</msg>
<arg>${json_data}</arg>
<doc>Logs the given message with the given level.</doc>
<status status="PASS" start="2024-04-12T17:13:56.683622" elapsed="0.000232"/>
</kw>
<kw name="Should Be Equal As Numbers" owner="BuiltIn">
<arg>${json_data['results'][0]['location']['postcode']}</arg>
<arg>${json_data['results'][0]['location']['postcode']}</arg>
<doc>Fails if objects are unequal after converting them to real numbers.</doc>
<status status="PASS" start="2024-04-12T17:13:56.684159" elapsed="0.000670"/>
</kw>
<kw name="Log" owner="BuiltIn">
<msg time="2024-04-12T17:13:56.685377" level="INFO">34460</msg>
<arg>${json_data['results'][0]['location']['postcode']}</arg>
<doc>Logs the given message with the given level.</doc>
<status status="PASS" start="2024-04-12T17:13:56.685027" elapsed="0.000390"/>
</kw>
<status status="PASS" start="2024-04-12T17:13:56.595395" elapsed="0.090277"/>
</kw>
<doc>Testa se os tipos de dados na resposta da API estão corretos.</doc>
<tag>testeTiposDados</tag>
<status status="PASS" start="2024-04-12T17:13:56.505571" elapsed="0.180267"/>
</test>
<test id="s1-s1-t5" name="Validar conteudo" line="35">
<kw name="Teste de Tipos de Conteudo" owner="random-user-service">
<kw name="GET On Session" owner="RequestsLibrary">
<msg time="2024-04-12T17:13:56.789263" level="INFO">GET Request : url=https://randomuser.me/api 
 path_url=/api 
 headers={'User-Agent': 'python-requests/2.31.0', 'Accept-Encoding': 'gzip, deflate', 'Accept': '*/*', 'Connection': 'keep-alive'} 
 body=None 
 </msg>
<msg time="2024-04-12T17:13:56.789353" level="INFO">GET Response : url=https://randomuser.me/api 
 status=200, reason=OK 
 headers={'Date': 'Fri, 12 Apr 2024 17:13:56 GMT', 'Content-Type': 'application/json; charset=utf-8', 'Transfer-Encoding': 'chunked', 'Connection': 'keep-alive', 'X-Powered-By': 'Express', 'Access-Control-Allow-Origin': '*', 'Cache-Control': 'no-cache', 'ETag': 'W/"488-o2W77jehN8MWq79FJFQAduOCTnA"', 'Vary': 'Accept-Encoding', 'Content-Encoding': 'gzip', 'CF-Cache-Status': 'DYNAMIC', 'Report-To': '{"endpoints":[{"url":"https:\\/\\/a.nel.cloudflare.com\\/report\\/v4?s=LoOfg%2FE1f4uU%2Fc33NIUxdehjLL6miLmsXP%2FfGNfxADFLIZv%2By2Kt%2BO8mH8HOv5vZ8FApJxhd3aEtdUND5c4%2BvuO2NuOd53d8kf7%2FgEzGWbNVT%2F5i7Mz%2BUBWGg1rMYnd%2F"}],"group":"cf-nel","max_age":604800}', 'NEL': '{"success_fraction":0,"report_to":"cf-nel","max_age":604800}', 'Server': 'cloudflare', 'CF-RAY': '8734d9915c695991-IAD', 'alt-svc': 'h3=":443"; ma=86400'} 
 body={"results":[{"gender":"female","name":{"title":"Ms","first":"Katherine","last":"Sanchez"},"location":{"street":{"number":4329,"name":"Green Lane"},"city":"Stevenage","state":"Surrey","country":"United Kingdom","postcode":"F7F 1AG","coordinates":{"latitude":"-9.3025","longitude":"7.8188"},"timezone":{"offset":"+5:45","description":"Kathmandu"}},"email":"katherine.sanchez@example.com","login":{"uuid":"8cbc63cd-03ae-4a56-9391-74087a373e89","username":"bigkoala355","password":"matteo","salt":"oQ6NwBLo","md5":"e6bb79af6e92387fddac72ccde58082c","sha1":"db240f5fdf9da9e37f52b1f2466e8b08405854ee","sha256":"9413f8998b0923d4a06e4fcba19d0e1b82b15110176e09529264e72dccac4637"},"dob":{"date":"1947-09-13T11:39:19.938Z","age":76},"registered":{"date":"2013-03-07T07:35:35.938Z","age":11},"phone":"019467 60202","cell":"07903 840417","id":{"name":"NINO","value":"PK 76 57 81 E"},"picture":{"large":"https://randomuser.me/api/portraits/women/45.jpg","medium":"https://randomuser.me/api/portraits/med/women/45.jpg","thumbnail":"https://randomuser.me/api/portraits/thumb/women/45.jpg"},"nat":"GB"}],"info":{"seed":"d7a18b6e666b4eda","results":1,"page":1,"version":"1.4"}} 
 </msg>
<msg time="2024-04-12T17:13:56.789427" level="INFO">/opt/hostedtoolcache/Python/3.12.2/x64/lib/python3.12/site-packages/urllib3/connectionpool.py:1103: InsecureRequestWarning: Unverified HTTPS request is being made to host 'randomuser.me'. Adding certificate verification is strongly advised. See: https://urllib3.readthedocs.io/en/latest/advanced-usage.html#tls-warnings
  warnings.warn(</msg>
<msg time="2024-04-12T17:13:56.789576" level="INFO">${response} = &lt;Response [200]&gt;</msg>
<var>${response}</var>
<arg>consultarAPI</arg>
<arg>/api</arg>
<doc>Sends a GET request on a previously created HTTP Session.</doc>
<status status="PASS" start="2024-04-12T17:13:56.688269" elapsed="0.101361"/>
</kw>
<kw name="Set Variable" owner="BuiltIn">
<msg time="2024-04-12T17:13:56.790530" level="INFO">${json_data} = {'results': [{'gender': 'female', 'name': {'title': 'Ms', 'first': 'Katherine', 'last': 'Sanchez'}, 'location': {'street': {'number': 4329, 'name': 'Green Lane'}, 'city': 'Stevenage', 'state': 'Surrey...</msg>
<var>${json_data}</var>
<arg>${response.json()}</arg>
<doc>Returns the given values which can then be assigned to a variables.</doc>
<status status="PASS" start="2024-04-12T17:13:56.790076" elapsed="0.000483"/>
</kw>
<kw name="Set Variable" owner="BuiltIn">
<msg time="2024-04-12T17:13:56.791241" level="INFO">${name_title} = Ms</msg>
<var>${name_title}</var>
<arg>${json_data["results"][0]["name"]["title"]}</arg>
<doc>Returns the given values which can then be assigned to a variables.</doc>
<status status="PASS" start="2024-04-12T17:13:56.790863" elapsed="0.000403"/>
</kw>
<kw name="Create List" owner="BuiltIn">
<msg time="2024-04-12T17:13:56.791717" level="INFO">${allowed_titles} = ['Mr', 'Ms', 'Miss', 'Mrs', 'Madame', 'Monsieur']</msg>
<var>${allowed_titles}</var>
<arg>Mr</arg>
<arg>Ms</arg>
<arg>Miss</arg>
<arg>Mrs</arg>
<arg>Madame</arg>
<arg>Monsieur</arg>
<doc>Returns a list containing given items.</doc>
<status status="PASS" start="2024-04-12T17:13:56.791569" elapsed="0.000172"/>
</kw>
<kw name="List Should Contain Value" owner="Collections">
<msg time="2024-04-12T17:13:56.792218" level="INFO">False</msg>
<arg>${allowed_titles}</arg>
<arg>${name_title}</arg>
<doc>Fails if the ``value`` is not found from ``list``.</doc>
<status status="PASS" start="2024-04-12T17:13:56.792047" elapsed="0.000208"/>
</kw>
<kw name="Set Variable" owner="BuiltIn">
<msg time="2024-04-12T17:13:56.792956" level="INFO">${name_country} = GB</msg>
<var>${name_country}</var>
<arg>${json_data["results"][0]["nat"]}</arg>
<doc>Returns the given values which can then be assigned to a variables.</doc>
<status status="PASS" start="2024-04-12T17:13:56.792574" elapsed="0.000407"/>
</kw>
<kw name="Create List" owner="BuiltIn">
<msg time="2024-04-12T17:13:56.793886" level="INFO">${list_country} = ['AD', 'AE', 'AF', 'AG', 'AI', 'AL', 'AM', 'AO', 'AQ', 'AR', 'AS', 'AT', 'AU', 'AW', 'AX', 'AZ', 'BA', 'BB', 'BD', 'BE', 'BF', 'BG', 'BH', 'BI', 'BJ', 'BL', 'BM', 'BN', 'BO', 'BQ', 'BR', 'BS', 'BT', '...</msg>
<var>${list_country}</var>
<arg>AD</arg>
<arg>AE</arg>
<arg>AF</arg>
<arg>AG</arg>
<arg>AI</arg>
<arg>AL</arg>
<arg>AM</arg>
<arg>AO</arg>
<arg>AQ</arg>
<arg>AR</arg>
<arg>AS</arg>
<arg>AT</arg>
<arg>AU</arg>
<arg>AW</arg>
<arg>AX</arg>
<arg>AZ</arg>
<arg>BA</arg>
<arg>BB</arg>
<arg>BD</arg>
<arg>BE</arg>
<arg>BF</arg>
<arg>BG</arg>
<arg>BH</arg>
<arg>BI</arg>
<arg>BJ</arg>
<arg>BL</arg>
<arg>BM</arg>
<arg>BN</arg>
<arg>BO</arg>
<arg>BQ</arg>
<arg>BR</arg>
<arg>BS</arg>
<arg>BT</arg>
<arg>BV</arg>
<arg>BW</arg>
<arg>BY</arg>
<arg>BZ</arg>
<arg>CA</arg>
<arg>CC</arg>
<arg>CD</arg>
<arg>CF</arg>
<arg>CG</arg>
<arg>CH</arg>
<arg>CI</arg>
<arg>CK</arg>
<arg>CL</arg>
<arg>CM</arg>
<arg>CN</arg>
<arg>CO</arg>
<arg>CR</arg>
<arg>CU</arg>
<arg>CV</arg>
<arg>CW</arg>
<arg>CX</arg>
<arg>CY</arg>
<arg>CZ</arg>
<arg>DE</arg>
<arg>DJ</arg>
<arg>DK</arg>
<arg>DM</arg>
<arg>DO</arg>
<arg>DZ</arg>
<arg>EC</arg>
<arg>EE</arg>
<arg>EG</arg>
<arg>EH</arg>
<arg>ER</arg>
<arg>ES</arg>
<arg>ET</arg>
<arg>FI</arg>
<arg>FJ</arg>
<arg>FK</arg>
<arg>FM</arg>
<arg>FO</arg>
<arg>FR</arg>
<arg>GA</arg>
<arg>GB</arg>
<arg>GD</arg>
<arg>GE</arg>
<arg>GF</arg>
<arg>GG</arg>
<arg>GH</arg>
<arg>GI</arg>
<arg>GL</arg>
<arg>GM</arg>
<arg>GN</arg>
<arg>GP</arg>
<arg>GQ</arg>
<arg>GR</arg>
<arg>GS</arg>
<arg>GT</arg>
<arg>GU</arg>
<arg>GW</arg>
<arg>GY</arg>
<arg>HK</arg>
<arg>HM</arg>
<arg>HN</arg>
<arg>HR</arg>
<arg>HT</arg>
<arg>HU</arg>
<arg>ID</arg>
<arg>IE</arg>
<arg>IL</arg>
<arg>IM</arg>
<arg>IN</arg>
<arg>IO</arg>
<arg>IQ</arg>
<arg>IR</arg>
<arg>IS</arg>
<arg>IT</arg>
<arg>JE</arg>
<arg>JM</arg>
<arg>JO</arg>
<arg>JP</arg>
<arg>KE</arg>
<arg>KG</arg>
<arg>KH</arg>
<arg>KI</arg>
<arg>KM</arg>
<arg>KN</arg>
<arg>KP</arg>
<arg>KR</arg>
<arg>KW</arg>
<arg>KY</arg>
<arg>KZ</arg>
<arg>LA</arg>
<arg>LB</arg>
<arg>LC</arg>
<arg>LI</arg>
<arg>LK</arg>
<arg>LR</arg>
<arg>LS</arg>
<arg>LT</arg>
<arg>LU</arg>
<arg>LV</arg>
<arg>LY</arg>
<arg>MA</arg>
<arg>MC</arg>
<arg>MD</arg>
<arg>ME</arg>
<arg>MF</arg>
<arg>MG</arg>
<arg>MH</arg>
<arg>MK</arg>
<arg>ML</arg>
<arg>MM</arg>
<arg>MN</arg>
<arg>MO</arg>
<arg>MP</arg>
<arg>MQ</arg>
<arg>MR</arg>
<arg>MS</arg>
<arg>MT</arg>
<arg>MU</arg>
<arg>MV</arg>
<arg>MW</arg>
<arg>MX</arg>
<arg>MY</arg>
<arg>MZ</arg>
<arg>NA</arg>
<arg>NC</arg>
<arg>NE</arg>
<arg>NF</arg>
<arg>NG</arg>
<arg>NI</arg>
<arg>NL</arg>
<arg>NO</arg>
<arg>NP</arg>
<arg>NR</arg>
<arg>NU</arg>
<arg>NZ</arg>
<arg>OM</arg>
<arg>PA</arg>
<arg>PE</arg>
<arg>PF</arg>
<arg>PG</arg>
<arg>PH</arg>
<arg>PK</arg>
<arg>PL</arg>
<arg>PM</arg>
<arg>PN</arg>
<arg>PR</arg>
<arg>PS</arg>
<arg>PT</arg>
<arg>PW</arg>
<arg>PY</arg>
<arg>QA</arg>
<arg>RE</arg>
<arg>RO</arg>
<arg>RS</arg>
<arg>RU</arg>
<arg>RW</arg>
<arg>SA</arg>
<arg>SB</arg>
<arg>SC</arg>
<arg>SD</arg>
<arg>SE</arg>
<arg>SG</arg>
<arg>SH</arg>
<arg>SI</arg>
<arg>SJ</arg>
<arg>SK</arg>
<arg>SL</arg>
<arg>SM</arg>
<arg>SN</arg>
<arg>SO</arg>
<arg>SR</arg>
<arg>SS</arg>
<arg>ST</arg>
<arg>SV</arg>
<arg>SX</arg>
<arg>SY</arg>
<arg>SZ</arg>
<arg>TC</arg>
<arg>TD</arg>
<arg>TF</arg>
<arg>TG</arg>
<arg>TH</arg>
<arg>TJ</arg>
<arg>TK</arg>
<arg>TL</arg>
<arg>TM</arg>
<arg>TN</arg>
<arg>TO</arg>
<arg>TR</arg>
<arg>TT</arg>
<arg>TV</arg>
<arg>TW</arg>
<arg>TZ</arg>
<arg>UA</arg>
<arg>UG</arg>
<arg>UM</arg>
<arg>US</arg>
<arg>UY</arg>
<arg>UZ</arg>
<arg>VA</arg>
<arg>VC</arg>
<arg>VE</arg>
<arg>VG</arg>
<arg>VI</arg>
<arg>VN</arg>
<arg>VU</arg>
<arg>WF</arg>
<arg>WS</arg>
<arg>XK</arg>
<arg>YE</arg>
<arg>YT</arg>
<arg>ZA</arg>
<arg>ZM</arg>
<arg>ZW</arg>
<doc>Returns a list containing given items.</doc>
<status status="PASS" start="2024-04-12T17:13:56.793288" elapsed="0.000622"/>
</kw>
<kw name="List Should Contain Value" owner="Collections">
<msg time="2024-04-12T17:13:56.794895" level="INFO">False</msg>
<arg>${list_country}</arg>
<arg>${name_country}</arg>
<doc>Fails if the ``value`` is not found from ``list``.</doc>
<status status="PASS" start="2024-04-12T17:13:56.794697" elapsed="0.000234"/>
</kw>
<kw name="Run Keyword If" owner="BuiltIn">
<kw name="Should Be True" owner="BuiltIn">
<arg>${True}</arg>
<doc>Fails if the given condition is not true.</doc>
<status status="PASS" start="2024-04-12T17:13:56.796103" elapsed="0.000146"/>
</kw>
<arg>${json_data["results"][0]["location"]["coordinates"]["latitude"]} &gt;= -90 and ${json_data["results"][0]["location"]["coordinates"]["latitude"]} &lt;= 90</arg>
<arg>Should Be True</arg>
<arg>${True}</arg>
<doc>Runs the given keyword with the given arguments, if ``condition`` is true.</doc>
<status status="PASS" start="2024-04-12T17:13:56.795238" elapsed="0.001141"/>
</kw>
<kw name="Run Keyword If" owner="BuiltIn">
<kw name="Should Be True" owner="BuiltIn">
<arg>${True}</arg>
<doc>Fails if the given condition is not true.</doc>
<status status="PASS" start="2024-04-12T17:13:56.797291" elapsed="0.000139"/>
</kw>
<arg>${json_data["results"][0]["location"]["coordinates"]["longitude"]} &gt;= -180 and ${json_data["results"][0]["location"]["coordinates"]["longitude"]} &lt;= 180</arg>
<arg>Should Be True</arg>
<arg>${True}</arg>
<doc>Runs the given keyword with the given arguments, if ``condition`` is true.</doc>
<status status="PASS" start="2024-04-12T17:13:56.796586" elapsed="0.000968"/>
</kw>
<status status="PASS" start="2024-04-12T17:13:56.688049" elapsed="0.109635"/>
</kw>
<doc>Testa o conteúdo específico dos campos retornados pela API.</doc>
<tag>testeConteudo</tag>
<status status="PASS" start="2024-04-12T17:13:56.687616" elapsed="0.110213"/>
</test>
<status status="PASS" start="2024-04-12T17:13:55.897553" elapsed="0.902128"/>
</suite>
<status status="PASS" start="2024-04-12T17:13:55.883945" elapsed="0.921037"/>
</suite>
<statistics>
<total>
<stat pass="5" fail="0" skip="0">All Tests</stat>
</total>
<tag>
<stat pass="1" fail="0" skip="0">testeConteudo</stat>
<stat pass="1" fail="0" skip="0">testeEstruturaResposta</stat>
<stat pass="1" fail="0" skip="0">testeRequisicaoBasica</stat>
<stat pass="1" fail="0" skip="0">testeTiposDados</stat>
</tag>
<suite>
<stat pass="5" fail="0" skip="0" id="s1" name="Tests">Tests</stat>
<stat pass="5" fail="0" skip="0" id="s1-s1" name="Random-User-Test">Tests.Random-User-Test</stat>
</suite>
</statistics>
<errors>
</errors>
</robot>
