<?xml version="1.0" encoding="UTF-8"?>
<robot generator="Robot 7.0.1 (Python 3.12.4 on linux)" generated="2024-06-25T15:15:49.595554" rpa="false" schemaversion="5">
<suite id="s1" name="Tests" source="/home/runner/work/ApiRandomUser/ApiRandomUser/RamdonUser/tests">
<suite id="s1-s1" name="Random-User-Test" source="/home/runner/work/ApiRandomUser/ApiRandomUser/RamdonUser/tests/random-user-test.robot">
<test id="s1-s1-t1" name="Conectar" line="13">
<kw name="Conectar API" owner="random-user-service">
<kw name="Create Session" owner="RequestsLibrary">
<msg time="2024-06-25T15:15:50.024366" level="INFO">Creating Session using : alias=consultarAPI, url=https://randomuser.me/, headers={},                     cookies={}, auth=None, timeout=None, proxies=None, verify=False,                     debug=0 </msg>
<arg>consultarAPI</arg>
<arg>${URL}</arg>
<doc>Create Session: create a HTTP session to a server</doc>
<status status="PASS" start="2024-06-25T15:15:50.024161" elapsed="0.000382"/>
</kw>
<status status="PASS" start="2024-06-25T15:15:50.023187" elapsed="0.001715"/>
</kw>
<status status="PASS" start="2024-06-25T15:15:50.022527" elapsed="0.002569"/>
</test>
<test id="s1-s1-t2" name="Validar retorno 200 e JSON Válido" line="16">
<kw name="Teste de Requisicao Basica" owner="random-user-service">
<kw name="GET On Session" owner="RequestsLibrary">
<msg time="2024-06-25T15:15:50.142944" level="INFO">GET Request : url=https://randomuser.me/api 
 path_url=/api 
 headers={'User-Agent': 'python-requests/2.32.3', 'Accept-Encoding': 'gzip, deflate', 'Accept': '*/*', 'Connection': 'keep-alive'} 
 body=None 
 </msg>
<msg time="2024-06-25T15:15:50.143096" level="INFO">GET Response : url=https://randomuser.me/api 
 status=200, reason=OK 
 headers={'Date': 'Tue, 25 Jun 2024 15:15:50 GMT', 'Content-Type': 'application/json; charset=utf-8', 'Transfer-Encoding': 'chunked', 'Connection': 'keep-alive', 'X-Powered-By': 'Express', 'Access-Control-Allow-Origin': '*', 'Cache-Control': 'no-cache', 'ETag': 'W/"492-7gORP+sW8tzA9mxsPJ+bjKKnea8"', 'Vary': 'Accept-Encoding', 'Content-Encoding': 'gzip', 'CF-Cache-Status': 'DYNAMIC', 'Report-To': '{"endpoints":[{"url":"https:\\/\\/a.nel.cloudflare.com\\/report\\/v4?s=gIkXVm%2FUh0BIuILW8a3TtPCMHQ68CsMaVOx7P%2BcASd%2BbRUjOXAvsiH1JJ436nl%2BaxeiMsgl8YemVhXOpcSo9Ws9NjOayXWGhOQ53zPtJF7MGVD1coarj7%2BUAzHJXTzri"}],"group":"cf-nel","max_age":604800}', 'NEL': '{"success_fraction":0,"report_to":"cf-nel","max_age":604800}', 'Server': 'cloudflare', 'CF-RAY': '8995ea4ddaa8fad6-SJC', 'alt-svc': 'h3=":443"; ma=86400'} 
 body={"results":[{"gender":"male","name":{"title":"Mr","first":"Mario","last":"Herrero"},"location":{"street":{"number":4457,"name":"Calle de Ferraz"},"city":"Burgos","state":"Extremadura","country":"Spain","postcode":68535,"coordinates":{"latitude":"-35.3582","longitude":"-144.6666"},"timezone":{"offset":"+5:00","description":"Ekaterinburg, Islamabad, Karachi, Tashkent"}},"email":"mario.herrero@example.com","login":{"uuid":"b6a7729a-bd70-4222-bfd6-c3210801d39a","username":"smallgoose795","password":"weird","salt":"UZEcjkjT","md5":"f160c6c7fd930ba602cf344358781db7","sha1":"60696c07c15599ada26d6d069c19d6cb86800f23","sha256":"aa6f9a8d08f5d18215c8c27bdd6815f57ccb2f7c41cb719750202d6a124d2364"},"dob":{"date":"1957-09-10T18:23:02.706Z","age":66},"registered":{"date":"2005-11-07T10:54:02.984Z","age":18},"phone":"905-018-256","cell":"633-535-506","id":{"name":"DNI","value":"36661269-H"},"picture":{"large":"https://randomuser.me/api/portraits/men/11.jpg","medium":"https://randomuser.me/api/portraits/med/men/11.jpg","thumbnail":"https://randomuser.me/api/portraits/thumb/men/11.jpg"},"nat":"ES"}],"info":{"seed":"d8d875b82872997e","results":1,"page":1,"version":"1.4"}} 
 </msg>
<msg time="2024-06-25T15:15:50.143181" level="INFO">/opt/hostedtoolcache/Python/3.12.4/x64/lib/python3.12/site-packages/urllib3/connectionpool.py:1099: InsecureRequestWarning: Unverified HTTPS request is being made to host 'randomuser.me'. Adding certificate verification is strongly advised. See: https://urllib3.readthedocs.io/en/latest/advanced-usage.html#tls-warnings
  warnings.warn(</msg>
<msg time="2024-06-25T15:15:50.143335" level="INFO">${response} = &lt;Response [200]&gt;</msg>
<var>${response}</var>
<arg>consultarAPI</arg>
<arg>/api</arg>
<doc>Sends a GET request on a previously created HTTP Session.</doc>
<status status="PASS" start="2024-06-25T15:15:50.027847" elapsed="0.115531"/>
</kw>
<kw name="Should Be Equal As Numbers" owner="BuiltIn">
<msg time="2024-06-25T15:15:50.144481" level="INFO">Argument types are:
&lt;class 'int'&gt;
&lt;class 'str'&gt;</msg>
<arg>${response.status_code}</arg>
<arg>200</arg>
<doc>Fails if objects are unequal after converting them to real numbers.</doc>
<status status="PASS" start="2024-06-25T15:15:50.144014" elapsed="0.000533"/>
</kw>
<kw name="Log" owner="BuiltIn">
<msg time="2024-06-25T15:15:50.145218" level="INFO">200</msg>
<arg>${response.status_code}</arg>
<doc>Logs the given message with the given level.</doc>
<status status="PASS" start="2024-06-25T15:15:50.144866" elapsed="0.000394"/>
</kw>
<kw name="Set Variable" owner="BuiltIn">
<msg time="2024-06-25T15:15:50.146010" level="INFO">${json_data} = {'results': [{'gender': 'male', 'name': {'title': 'Mr', 'first': 'Mario', 'last': 'Herrero'}, 'location': {'street': {'number': 4457, 'name': 'Calle de Ferraz'}, 'city': 'Burgos', 'state': 'Extremadur...</msg>
<var>${json_data}</var>
<arg>${response.json()}</arg>
<doc>Returns the given values which can then be assigned to a variables.</doc>
<status status="PASS" start="2024-06-25T15:15:50.145560" elapsed="0.000477"/>
</kw>
<kw name="Dictionary Should Contain Key" owner="Collections">
<arg>${json_data}</arg>
<arg>results</arg>
<doc>Fails if ``key`` is not found from ``dictionary``.</doc>
<status status="PASS" start="2024-06-25T15:15:50.146386" elapsed="0.000165"/>
</kw>
<status status="PASS" start="2024-06-25T15:15:50.027600" elapsed="0.119104"/>
</kw>
<doc>Testa se a API responde corretamente e retorna um objeto JSON válido.</doc>
<tag>testeRequisicaoBasica</tag>
<status status="PASS" start="2024-06-25T15:15:50.027023" elapsed="0.119859"/>
</test>
<test id="s1-s1-t3" name="Validar estrutura de resposta" line="22">
<kw name="Teste de Estrutura de Resposta" owner="random-user-service">
<kw name="GET On Session" owner="RequestsLibrary">
<msg time="2024-06-25T15:15:50.244005" level="INFO">GET Request : url=https://randomuser.me/api 
 path_url=/api 
 headers={'User-Agent': 'python-requests/2.32.3', 'Accept-Encoding': 'gzip, deflate', 'Accept': '*/*', 'Connection': 'keep-alive'} 
 body=None 
 </msg>
<msg time="2024-06-25T15:15:50.244106" level="INFO">GET Response : url=https://randomuser.me/api 
 status=200, reason=OK 
 headers={'Date': 'Tue, 25 Jun 2024 15:15:50 GMT', 'Content-Type': 'application/json; charset=utf-8', 'Transfer-Encoding': 'chunked', 'Connection': 'keep-alive', 'X-Powered-By': 'Express', 'Access-Control-Allow-Origin': '*', 'Cache-Control': 'no-cache', 'ETag': 'W/"4ac-ctuaZP4YpPJ76eHxty7nuksLM6k"', 'Vary': 'Accept-Encoding', 'Content-Encoding': 'gzip', 'CF-Cache-Status': 'DYNAMIC', 'Report-To': '{"endpoints":[{"url":"https:\\/\\/a.nel.cloudflare.com\\/report\\/v4?s=oF%2FbQmofhrasMM7CWpfL9IRpzH8a0Ql0wAPd5j6yl4bStsUqGRJ5Hk0nFdpWYGBOYr5EJ%2FPu3nCEa%2BEn1ZInwjvalr%2BfX7%2BFI5mL6oS7osSZse%2F%2BBBENglqa6bSKB5E4"}],"group":"cf-nel","max_age":604800}', 'NEL': '{"success_fraction":0,"report_to":"cf-nel","max_age":604800}', 'Server': 'cloudflare', 'CF-RAY': '8995ea4e7b2bfad6-SJC', 'alt-svc': 'h3=":443"; ma=86400'} 
 body={"results":[{"gender":"male","name":{"title":"Mr","first":"Jamie","last":"Williamson"},"location":{"street":{"number":5413,"name":"Springfield Road"},"city":"Portsmouth","state":"Suffolk","country":"United Kingdom","postcode":"LB6 1TN","coordinates":{"latitude":"-5.0282","longitude":"-67.7558"},"timezone":{"offset":"+5:00","description":"Ekaterinburg, Islamabad, Karachi, Tashkent"}},"email":"jamie.williamson@example.com","login":{"uuid":"7fa8badd-1dd1-42e2-8eeb-e4bdf9982cb0","username":"tinyostrich888","password":"theresa","salt":"g12fj3jb","md5":"faeb49da12b3e707e4af08f3b5d69458","sha1":"4d3faccd0b8dd7e9d7684b048603b83c795e18a7","sha256":"cfc383f8cf35081267f0f6bfd424d499bb8166bcde135a8e0fed71b1776a1850"},"dob":{"date":"1962-02-28T14:04:16.153Z","age":62},"registered":{"date":"2016-03-19T11:20:37.511Z","age":8},"phone":"016973 66789","cell":"07586 872321","id":{"name":"NINO","value":"TK 47 70 06 B"},"picture":{"large":"https://randomuser.me/api/portraits/men/84.jpg","medium":"https://randomuser.me/api/portraits/med/men/84.jpg","thumbnail":"https://randomuser.me/api/portraits/thumb/men/84.jpg"},"nat":"GB"}],"info":{"seed":"8d647d3ea09e8687","results":1,"page":1,"version":"1.4"}} 
 </msg>
<msg time="2024-06-25T15:15:50.244246" level="INFO">/opt/hostedtoolcache/Python/3.12.4/x64/lib/python3.12/site-packages/urllib3/connectionpool.py:1099: InsecureRequestWarning: Unverified HTTPS request is being made to host 'randomuser.me'. Adding certificate verification is strongly advised. See: https://urllib3.readthedocs.io/en/latest/advanced-usage.html#tls-warnings
  warnings.warn(</msg>
<msg time="2024-06-25T15:15:50.244392" level="INFO">${response} = &lt;Response [200]&gt;</msg>
<var>${response}</var>
<arg>consultarAPI</arg>
<arg>/api</arg>
<doc>Sends a GET request on a previously created HTTP Session.</doc>
<status status="PASS" start="2024-06-25T15:15:50.149466" elapsed="0.094981"/>
</kw>
<kw name="Set Variable" owner="BuiltIn">
<msg time="2024-06-25T15:15:50.245676" level="INFO">${json_data} = {'results': [{'gender': 'male', 'name': {'title': 'Mr', 'first': 'Jamie', 'last': 'Williamson'}, 'location': {'street': {'number': 5413, 'name': 'Springfield Road'}, 'city': 'Portsmouth', 'state': 'Su...</msg>
<var>${json_data}</var>
<arg>${response.json()}</arg>
<doc>Returns the given values which can then be assigned to a variables.</doc>
<status status="PASS" start="2024-06-25T15:15:50.245055" elapsed="0.000653"/>
</kw>
<kw name="Log" owner="BuiltIn">
<msg time="2024-06-25T15:15:50.246249" level="INFO">{'results': [{'gender': 'male', 'name': {'title': 'Mr', 'first': 'Jamie', 'last': 'Williamson'}, 'location': {'street': {'number': 5413, 'name': 'Springfield Road'}, 'city': 'Portsmouth', 'state': 'Suffolk', 'country': 'United Kingdom', 'postcode': 'LB6 1TN', 'coordinates': {'latitude': '-5.0282', 'longitude': '-67.7558'}, 'timezone': {'offset': '+5:00', 'description': 'Ekaterinburg, Islamabad, Karachi, Tashkent'}}, 'email': 'jamie.williamson@example.com', 'login': {'uuid': '7fa8badd-1dd1-42e2-8eeb-e4bdf9982cb0', 'username': 'tinyostrich888', 'password': 'theresa', 'salt': 'g12fj3jb', 'md5': 'faeb49da12b3e707e4af08f3b5d69458', 'sha1': '4d3faccd0b8dd7e9d7684b048603b83c795e18a7', 'sha256': 'cfc383f8cf35081267f0f6bfd424d499bb8166bcde135a8e0fed71b1776a1850'}, 'dob': {'date': '1962-02-28T14:04:16.153Z', 'age': 62}, 'registered': {'date': '2016-03-19T11:20:37.511Z', 'age': 8}, 'phone': '016973 66789', 'cell': '07586 872321', 'id': {'name': 'NINO', 'value': 'TK 47 70 06 B'}, 'picture': {'large': 'https://randomuser.me/api/portraits/men/84.jpg', 'medium': 'https://randomuser.me/api/portraits/med/men/84.jpg', 'thumbnail': 'https://randomuser.me/api/portraits/thumb/men/84.jpg'}, 'nat': 'GB'}], 'info': {'seed': '8d647d3ea09e8687', 'results': 1, 'page': 1, 'version': '1.4'}}</msg>
<arg>${json_data}</arg>
<doc>Logs the given message with the given level.</doc>
<status status="PASS" start="2024-06-25T15:15:50.246045" elapsed="0.000254"/>
</kw>
<kw name="Dictionary Should Contain Key" owner="Collections">
<arg>${json_data}</arg>
<arg>results</arg>
<doc>Fails if ``key`` is not found from ``dictionary``.</doc>
<status status="PASS" start="2024-06-25T15:15:50.246601" elapsed="0.000160"/>
</kw>
<kw name="Should Not Be Empty" owner="BuiltIn">
<msg time="2024-06-25T15:15:50.247090" level="INFO">Length is 2.</msg>
<arg>${json_data}</arg>
<doc>Verifies that the given item is not empty.</doc>
<status status="PASS" start="2024-06-25T15:15:50.246957" elapsed="0.000178"/>
</kw>
<kw name="Create List" owner="BuiltIn">
<msg time="2024-06-25T15:15:50.247625" level="INFO">${expected_keys} = ['gender', 'name', 'location', 'email', 'login']</msg>
<var>${expected_keys}</var>
<arg>gender</arg>
<arg>name</arg>
<arg>location</arg>
<arg>email</arg>
<arg>login</arg>
<doc>Returns a list containing given items.</doc>
<status status="PASS" start="2024-06-25T15:15:50.247468" elapsed="0.000182"/>
</kw>
<for flavor="IN">
<iter>
<kw name="Dictionary Should Contain Key" owner="Collections">
<arg>${json_data['results'][0]}</arg>
<arg>${key}</arg>
<doc>Fails if ``key`` is not found from ``dictionary``.</doc>
<status status="PASS" start="2024-06-25T15:15:50.248411" elapsed="0.000399"/>
</kw>
<kw name="Log" owner="BuiltIn">
<msg time="2024-06-25T15:15:50.249364" level="INFO">{'gender': 'male', 'name': {'title': 'Mr', 'first': 'Jamie', 'last': 'Williamson'}, 'location': {'street': {'number': 5413, 'name': 'Springfield Road'}, 'city': 'Portsmouth', 'state': 'Suffolk', 'country': 'United Kingdom', 'postcode': 'LB6 1TN', 'coordinates': {'latitude': '-5.0282', 'longitude': '-67.7558'}, 'timezone': {'offset': '+5:00', 'description': 'Ekaterinburg, Islamabad, Karachi, Tashkent'}}, 'email': 'jamie.williamson@example.com', 'login': {'uuid': '7fa8badd-1dd1-42e2-8eeb-e4bdf9982cb0', 'username': 'tinyostrich888', 'password': 'theresa', 'salt': 'g12fj3jb', 'md5': 'faeb49da12b3e707e4af08f3b5d69458', 'sha1': '4d3faccd0b8dd7e9d7684b048603b83c795e18a7', 'sha256': 'cfc383f8cf35081267f0f6bfd424d499bb8166bcde135a8e0fed71b1776a1850'}, 'dob': {'date': '1962-02-28T14:04:16.153Z', 'age': 62}, 'registered': {'date': '2016-03-19T11:20:37.511Z', 'age': 8}, 'phone': '016973 66789', 'cell': '07586 872321', 'id': {'name': 'NINO', 'value': 'TK 47 70 06 B'}, 'picture': {'large': 'https://randomuser.me/api/portraits/men/84.jpg', 'medium': 'https://randomuser.me/api/portraits/med/men/84.jpg', 'thumbnail': 'https://randomuser.me/api/portraits/thumb/men/84.jpg'}, 'nat': 'GB'}</msg>
<arg>${json_data['results'][0]}</arg>
<doc>Logs the given message with the given level.</doc>
<status status="PASS" start="2024-06-25T15:15:50.249001" elapsed="0.000415"/>
</kw>
<kw name="Log" owner="BuiltIn">
<msg time="2024-06-25T15:15:50.249839" level="INFO">gender</msg>
<arg>${key}</arg>
<doc>Logs the given message with the given level.</doc>
<status status="PASS" start="2024-06-25T15:15:50.249710" elapsed="0.000179"/>
</kw>
<var name="${key}">gender</var>
<status status="PASS" start="2024-06-25T15:15:50.248285" elapsed="0.001851"/>
</iter>
<iter>
<kw name="Dictionary Should Contain Key" owner="Collections">
<arg>${json_data['results'][0]}</arg>
<arg>${key}</arg>
<doc>Fails if ``key`` is not found from ``dictionary``.</doc>
<status status="PASS" start="2024-06-25T15:15:50.250441" elapsed="0.000399"/>
</kw>
<kw name="Log" owner="BuiltIn">
<msg time="2024-06-25T15:15:50.251408" level="INFO">{'gender': 'male', 'name': {'title': 'Mr', 'first': 'Jamie', 'last': 'Williamson'}, 'location': {'street': {'number': 5413, 'name': 'Springfield Road'}, 'city': 'Portsmouth', 'state': 'Suffolk', 'country': 'United Kingdom', 'postcode': 'LB6 1TN', 'coordinates': {'latitude': '-5.0282', 'longitude': '-67.7558'}, 'timezone': {'offset': '+5:00', 'description': 'Ekaterinburg, Islamabad, Karachi, Tashkent'}}, 'email': 'jamie.williamson@example.com', 'login': {'uuid': '7fa8badd-1dd1-42e2-8eeb-e4bdf9982cb0', 'username': 'tinyostrich888', 'password': 'theresa', 'salt': 'g12fj3jb', 'md5': 'faeb49da12b3e707e4af08f3b5d69458', 'sha1': '4d3faccd0b8dd7e9d7684b048603b83c795e18a7', 'sha256': 'cfc383f8cf35081267f0f6bfd424d499bb8166bcde135a8e0fed71b1776a1850'}, 'dob': {'date': '1962-02-28T14:04:16.153Z', 'age': 62}, 'registered': {'date': '2016-03-19T11:20:37.511Z', 'age': 8}, 'phone': '016973 66789', 'cell': '07586 872321', 'id': {'name': 'NINO', 'value': 'TK 47 70 06 B'}, 'picture': {'large': 'https://randomuser.me/api/portraits/men/84.jpg', 'medium': 'https://randomuser.me/api/portraits/med/men/84.jpg', 'thumbnail': 'https://randomuser.me/api/portraits/thumb/men/84.jpg'}, 'nat': 'GB'}</msg>
<arg>${json_data['results'][0]}</arg>
<doc>Logs the given message with the given level.</doc>
<status status="PASS" start="2024-06-25T15:15:50.251057" elapsed="0.000409"/>
</kw>
<kw name="Log" owner="BuiltIn">
<msg time="2024-06-25T15:15:50.251886" level="INFO">name</msg>
<arg>${key}</arg>
<doc>Logs the given message with the given level.</doc>
<status status="PASS" start="2024-06-25T15:15:50.251759" elapsed="0.000164"/>
</kw>
<var name="${key}">name</var>
<status status="PASS" start="2024-06-25T15:15:50.250329" elapsed="0.001812"/>
</iter>
<iter>
<kw name="Dictionary Should Contain Key" owner="Collections">
<arg>${json_data['results'][0]}</arg>
<arg>${key}</arg>
<doc>Fails if ``key`` is not found from ``dictionary``.</doc>
<status status="PASS" start="2024-06-25T15:15:50.252433" elapsed="0.000380"/>
</kw>
<kw name="Log" owner="BuiltIn">
<msg time="2024-06-25T15:15:50.253339" level="INFO">{'gender': 'male', 'name': {'title': 'Mr', 'first': 'Jamie', 'last': 'Williamson'}, 'location': {'street': {'number': 5413, 'name': 'Springfield Road'}, 'city': 'Portsmouth', 'state': 'Suffolk', 'country': 'United Kingdom', 'postcode': 'LB6 1TN', 'coordinates': {'latitude': '-5.0282', 'longitude': '-67.7558'}, 'timezone': {'offset': '+5:00', 'description': 'Ekaterinburg, Islamabad, Karachi, Tashkent'}}, 'email': 'jamie.williamson@example.com', 'login': {'uuid': '7fa8badd-1dd1-42e2-8eeb-e4bdf9982cb0', 'username': 'tinyostrich888', 'password': 'theresa', 'salt': 'g12fj3jb', 'md5': 'faeb49da12b3e707e4af08f3b5d69458', 'sha1': '4d3faccd0b8dd7e9d7684b048603b83c795e18a7', 'sha256': 'cfc383f8cf35081267f0f6bfd424d499bb8166bcde135a8e0fed71b1776a1850'}, 'dob': {'date': '1962-02-28T14:04:16.153Z', 'age': 62}, 'registered': {'date': '2016-03-19T11:20:37.511Z', 'age': 8}, 'phone': '016973 66789', 'cell': '07586 872321', 'id': {'name': 'NINO', 'value': 'TK 47 70 06 B'}, 'picture': {'large': 'https://randomuser.me/api/portraits/men/84.jpg', 'medium': 'https://randomuser.me/api/portraits/med/men/84.jpg', 'thumbnail': 'https://randomuser.me/api/portraits/thumb/men/84.jpg'}, 'nat': 'GB'}</msg>
<arg>${json_data['results'][0]}</arg>
<doc>Logs the given message with the given level.</doc>
<status status="PASS" start="2024-06-25T15:15:50.252993" elapsed="0.000396"/>
</kw>
<kw name="Log" owner="BuiltIn">
<msg time="2024-06-25T15:15:50.253805" level="INFO">location</msg>
<arg>${key}</arg>
<doc>Logs the given message with the given level.</doc>
<status status="PASS" start="2024-06-25T15:15:50.253680" elapsed="0.000162"/>
</kw>
<var name="${key}">location</var>
<status status="PASS" start="2024-06-25T15:15:50.252327" elapsed="0.001728"/>
</iter>
<iter>
<kw name="Dictionary Should Contain Key" owner="Collections">
<arg>${json_data['results'][0]}</arg>
<arg>${key}</arg>
<doc>Fails if ``key`` is not found from ``dictionary``.</doc>
<status status="PASS" start="2024-06-25T15:15:50.254373" elapsed="0.000384"/>
</kw>
<kw name="Log" owner="BuiltIn">
<msg time="2024-06-25T15:15:50.255288" level="INFO">{'gender': 'male', 'name': {'title': 'Mr', 'first': 'Jamie', 'last': 'Williamson'}, 'location': {'street': {'number': 5413, 'name': 'Springfield Road'}, 'city': 'Portsmouth', 'state': 'Suffolk', 'country': 'United Kingdom', 'postcode': 'LB6 1TN', 'coordinates': {'latitude': '-5.0282', 'longitude': '-67.7558'}, 'timezone': {'offset': '+5:00', 'description': 'Ekaterinburg, Islamabad, Karachi, Tashkent'}}, 'email': 'jamie.williamson@example.com', 'login': {'uuid': '7fa8badd-1dd1-42e2-8eeb-e4bdf9982cb0', 'username': 'tinyostrich888', 'password': 'theresa', 'salt': 'g12fj3jb', 'md5': 'faeb49da12b3e707e4af08f3b5d69458', 'sha1': '4d3faccd0b8dd7e9d7684b048603b83c795e18a7', 'sha256': 'cfc383f8cf35081267f0f6bfd424d499bb8166bcde135a8e0fed71b1776a1850'}, 'dob': {'date': '1962-02-28T14:04:16.153Z', 'age': 62}, 'registered': {'date': '2016-03-19T11:20:37.511Z', 'age': 8}, 'phone': '016973 66789', 'cell': '07586 872321', 'id': {'name': 'NINO', 'value': 'TK 47 70 06 B'}, 'picture': {'large': 'https://randomuser.me/api/portraits/men/84.jpg', 'medium': 'https://randomuser.me/api/portraits/med/men/84.jpg', 'thumbnail': 'https://randomuser.me/api/portraits/thumb/men/84.jpg'}, 'nat': 'GB'}</msg>
<arg>${json_data['results'][0]}</arg>
<doc>Logs the given message with the given level.</doc>
<status status="PASS" start="2024-06-25T15:15:50.254943" elapsed="0.000403"/>
</kw>
<kw name="Log" owner="BuiltIn">
<msg time="2024-06-25T15:15:50.255764" level="INFO">email</msg>
<arg>${key}</arg>
<doc>Logs the given message with the given level.</doc>
<status status="PASS" start="2024-06-25T15:15:50.255638" elapsed="0.000165"/>
</kw>
<var name="${key}">email</var>
<status status="PASS" start="2024-06-25T15:15:50.254265" elapsed="0.001755"/>
</iter>
<iter>
<kw name="Dictionary Should Contain Key" owner="Collections">
<arg>${json_data['results'][0]}</arg>
<arg>${key}</arg>
<doc>Fails if ``key`` is not found from ``dictionary``.</doc>
<status status="PASS" start="2024-06-25T15:15:50.256296" elapsed="0.000395"/>
</kw>
<kw name="Log" owner="BuiltIn">
<msg time="2024-06-25T15:15:50.257222" level="INFO">{'gender': 'male', 'name': {'title': 'Mr', 'first': 'Jamie', 'last': 'Williamson'}, 'location': {'street': {'number': 5413, 'name': 'Springfield Road'}, 'city': 'Portsmouth', 'state': 'Suffolk', 'country': 'United Kingdom', 'postcode': 'LB6 1TN', 'coordinates': {'latitude': '-5.0282', 'longitude': '-67.7558'}, 'timezone': {'offset': '+5:00', 'description': 'Ekaterinburg, Islamabad, Karachi, Tashkent'}}, 'email': 'jamie.williamson@example.com', 'login': {'uuid': '7fa8badd-1dd1-42e2-8eeb-e4bdf9982cb0', 'username': 'tinyostrich888', 'password': 'theresa', 'salt': 'g12fj3jb', 'md5': 'faeb49da12b3e707e4af08f3b5d69458', 'sha1': '4d3faccd0b8dd7e9d7684b048603b83c795e18a7', 'sha256': 'cfc383f8cf35081267f0f6bfd424d499bb8166bcde135a8e0fed71b1776a1850'}, 'dob': {'date': '1962-02-28T14:04:16.153Z', 'age': 62}, 'registered': {'date': '2016-03-19T11:20:37.511Z', 'age': 8}, 'phone': '016973 66789', 'cell': '07586 872321', 'id': {'name': 'NINO', 'value': 'TK 47 70 06 B'}, 'picture': {'large': 'https://randomuser.me/api/portraits/men/84.jpg', 'medium': 'https://randomuser.me/api/portraits/med/men/84.jpg', 'thumbnail': 'https://randomuser.me/api/portraits/thumb/men/84.jpg'}, 'nat': 'GB'}</msg>
<arg>${json_data['results'][0]}</arg>
<doc>Logs the given message with the given level.</doc>
<status status="PASS" start="2024-06-25T15:15:50.256871" elapsed="0.000409"/>
</kw>
<kw name="Log" owner="BuiltIn">
<msg time="2024-06-25T15:15:50.257724" level="INFO">login</msg>
<arg>${key}</arg>
<doc>Logs the given message with the given level.</doc>
<status status="PASS" start="2024-06-25T15:15:50.257587" elapsed="0.000177"/>
</kw>
<var name="${key}">login</var>
<status status="PASS" start="2024-06-25T15:15:50.256189" elapsed="0.001792"/>
</iter>
<var>${key}</var>
<value>@{expected_keys}</value>
<status status="PASS" start="2024-06-25T15:15:50.248078" elapsed="0.010085"/>
</for>
<kw name="Create List" owner="BuiltIn">
<msg time="2024-06-25T15:15:50.258511" level="INFO">${expected_keysTwo} = ['username', 'password']</msg>
<var>${expected_keysTwo}</var>
<arg>username</arg>
<arg>password</arg>
<doc>Returns a list containing given items.</doc>
<status status="PASS" start="2024-06-25T15:15:50.258369" elapsed="0.000166"/>
</kw>
<for flavor="IN">
<iter>
<kw name="Dictionary Should Contain Key" owner="Collections">
<arg>${json_data['results'][0]['login']}</arg>
<arg>${keyTwo}</arg>
<doc>Fails if ``key`` is not found from ``dictionary``.</doc>
<status status="PASS" start="2024-06-25T15:15:50.259033" elapsed="0.000386"/>
</kw>
<kw name="Dictionary Should Contain Key" owner="Collections">
<arg>${json_data['results'][0]['login']}</arg>
<arg>${keyTwo}</arg>
<doc>Fails if ``key`` is not found from ``dictionary``.</doc>
<status status="PASS" start="2024-06-25T15:15:50.259599" elapsed="0.000459"/>
</kw>
<kw name="Log" owner="BuiltIn">
<msg time="2024-06-25T15:15:50.260362" level="INFO">username</msg>
<arg>${keyTwo}</arg>
<doc>Logs the given message with the given level.</doc>
<status status="PASS" start="2024-06-25T15:15:50.260240" elapsed="0.000160"/>
</kw>
<var name="${keyTwo}">username</var>
<status status="PASS" start="2024-06-25T15:15:50.258926" elapsed="0.001693"/>
</iter>
<iter>
<kw name="Dictionary Should Contain Key" owner="Collections">
<arg>${json_data['results'][0]['login']}</arg>
<arg>${keyTwo}</arg>
<doc>Fails if ``key`` is not found from ``dictionary``.</doc>
<status status="PASS" start="2024-06-25T15:15:50.260899" elapsed="0.000377"/>
</kw>
<kw name="Dictionary Should Contain Key" owner="Collections">
<arg>${json_data['results'][0]['login']}</arg>
<arg>${keyTwo}</arg>
<doc>Fails if ``key`` is not found from ``dictionary``.</doc>
<status status="PASS" start="2024-06-25T15:15:50.261450" elapsed="0.000366"/>
</kw>
<kw name="Log" owner="BuiltIn">
<msg time="2024-06-25T15:15:50.262148" level="INFO">password</msg>
<arg>${keyTwo}</arg>
<doc>Logs the given message with the given level.</doc>
<status status="PASS" start="2024-06-25T15:15:50.261988" elapsed="0.000206"/>
</kw>
<var name="${keyTwo}">password</var>
<status status="PASS" start="2024-06-25T15:15:50.260789" elapsed="0.001631"/>
</iter>
<var>${keyTwo}</var>
<value>@{expected_keysTwo}</value>
<status status="PASS" start="2024-06-25T15:15:50.258772" elapsed="0.003767"/>
</for>
<status status="PASS" start="2024-06-25T15:15:50.149238" elapsed="0.113442"/>
</kw>
<doc>Testa a estrutura da resposta da API.</doc>
<tag>testeEstruturaResposta</tag>
<status status="PASS" start="2024-06-25T15:15:50.148716" elapsed="0.114117"/>
</test>
<test id="s1-s1-t4" name="Validar tipos de dados" line="28">
<kw name="Teste de Tipos de Dados" owner="random-user-service">
<kw name="GET On Session" owner="RequestsLibrary">
<msg time="2024-06-25T15:15:50.388607" level="INFO">GET Request : url=https://randomuser.me/api 
 path_url=/api 
 headers={'User-Agent': 'python-requests/2.32.3', 'Accept-Encoding': 'gzip, deflate', 'Accept': '*/*', 'Connection': 'keep-alive'} 
 body=None 
 </msg>
<msg time="2024-06-25T15:15:50.388731" level="INFO">GET Response : url=https://randomuser.me/api 
 status=200, reason=OK 
 headers={'Date': 'Tue, 25 Jun 2024 15:15:50 GMT', 'Content-Type': 'application/json; charset=utf-8', 'Transfer-Encoding': 'chunked', 'Connection': 'keep-alive', 'X-Powered-By': 'Express', 'Access-Control-Allow-Origin': '*', 'Cache-Control': 'no-cache', 'ETag': 'W/"48c-WSbCv5PbFl3QfxjIjhcEkcmq2+s"', 'Vary': 'Accept-Encoding', 'Content-Encoding': 'gzip', 'CF-Cache-Status': 'DYNAMIC', 'Report-To': '{"endpoints":[{"url":"https:\\/\\/a.nel.cloudflare.com\\/report\\/v4?s=o9dSZcJOluastkP9jxcbNDwDtJl%2BPVZXxk1lByUeV1%2F4QJqHwrzjAaT54Ums7vVESGwR94d%2B1tDdHeLsAO4mNQ5FgpB6zG06oRdJWdgultQI%2FpoW%2B%2BC18HGApvop1E1C"}],"group":"cf-nel","max_age":604800}', 'NEL': '{"success_fraction":0,"report_to":"cf-nel","max_age":604800}', 'Server': 'cloudflare', 'CF-RAY': '8995ea4f2bdbfad6-SJC', 'alt-svc': 'h3=":443"; ma=86400'} 
 body={"results":[{"gender":"male","name":{"title":"Mr","first":"Laurénio","last":"Nunes"},"location":{"street":{"number":4455,"name":"Rua Minas Gerais "},"city":"Rio Verde","state":"Piauí","country":"Brazil","postcode":58498,"coordinates":{"latitude":"-76.8354","longitude":"-122.6602"},"timezone":{"offset":"-1:00","description":"Azores, Cape Verde Islands"}},"email":"laurenio.nunes@example.com","login":{"uuid":"9b676ca8-79bf-4907-a7a4-a6841d8bd2ac","username":"redfish665","password":"joel","salt":"EJS8JdE5","md5":"37fa659362f07e40b45fc1ab2fb66746","sha1":"bbfd22e48ac751333abe41238e10fe2f3e58160f","sha256":"cf11b20135c1fff5b137341ca29773188a965d02f2f78af899eec2befe08a0a2"},"dob":{"date":"1969-03-18T00:52:59.169Z","age":55},"registered":{"date":"2013-02-22T10:46:22.194Z","age":11},"phone":"(08) 5681-6779","cell":"(44) 0542-5787","id":{"name":"CPF","value":"683.626.962-25"},"picture":{"large":"https://randomuser.me/api/portraits/men/28.jpg","medium":"https://randomuser.me/api/portraits/med/men/28.jpg","thumbnail":"https://randomuser.me/api/portraits/thumb/men/28.jpg"},"nat":"BR"}],"info":{"seed":"84478d149cbad739","results":1,"page":1,"version":"1.4"}} 
 </msg>
<msg time="2024-06-25T15:15:50.388818" level="INFO">/opt/hostedtoolcache/Python/3.12.4/x64/lib/python3.12/site-packages/urllib3/connectionpool.py:1099: InsecureRequestWarning: Unverified HTTPS request is being made to host 'randomuser.me'. Adding certificate verification is strongly advised. See: https://urllib3.readthedocs.io/en/latest/advanced-usage.html#tls-warnings
  warnings.warn(</msg>
<msg time="2024-06-25T15:15:50.388963" level="INFO">${response} = &lt;Response [200]&gt;</msg>
<var>${response}</var>
<arg>consultarAPI</arg>
<arg>/api</arg>
<doc>Sends a GET request on a previously created HTTP Session.</doc>
<status status="PASS" start="2024-06-25T15:15:50.265487" elapsed="0.123519"/>
</kw>
<kw name="Set Variable" owner="BuiltIn">
<msg time="2024-06-25T15:15:50.390279" level="INFO">${json_data} = {'results': [{'gender': 'male', 'name': {'title': 'Mr', 'first': 'Laurénio', 'last': 'Nunes'}, 'location': {'street': {'number': 4455, 'name': 'Rua Minas Gerais '}, 'city': 'Rio Verde', 'state': 'Piau...</msg>
<var>${json_data}</var>
<arg>${response.json()}</arg>
<doc>Returns the given values which can then be assigned to a variables.</doc>
<status status="PASS" start="2024-06-25T15:15:50.389647" elapsed="0.000664"/>
</kw>
<kw name="Log" owner="BuiltIn">
<msg time="2024-06-25T15:15:50.390858" level="INFO">{'results': [{'gender': 'male', 'name': {'title': 'Mr', 'first': 'Laurénio', 'last': 'Nunes'}, 'location': {'street': {'number': 4455, 'name': 'Rua Minas Gerais '}, 'city': 'Rio Verde', 'state': 'Piauí', 'country': 'Brazil', 'postcode': 58498, 'coordinates': {'latitude': '-76.8354', 'longitude': '-122.6602'}, 'timezone': {'offset': '-1:00', 'description': 'Azores, Cape Verde Islands'}}, 'email': 'laurenio.nunes@example.com', 'login': {'uuid': '9b676ca8-79bf-4907-a7a4-a6841d8bd2ac', 'username': 'redfish665', 'password': 'joel', 'salt': 'EJS8JdE5', 'md5': '37fa659362f07e40b45fc1ab2fb66746', 'sha1': 'bbfd22e48ac751333abe41238e10fe2f3e58160f', 'sha256': 'cf11b20135c1fff5b137341ca29773188a965d02f2f78af899eec2befe08a0a2'}, 'dob': {'date': '1969-03-18T00:52:59.169Z', 'age': 55}, 'registered': {'date': '2013-02-22T10:46:22.194Z', 'age': 11}, 'phone': '(08) 5681-6779', 'cell': '(44) 0542-5787', 'id': {'name': 'CPF', 'value': '683.626.962-25'}, 'picture': {'large': 'https://randomuser.me/api/portraits/men/28.jpg', 'medium': 'https://randomuser.me/api/portraits/med/men/28.jpg', 'thumbnail': 'https://randomuser.me/api/portraits/thumb/men/28.jpg'}, 'nat': 'BR'}], 'info': {'seed': '84478d149cbad739', 'results': 1, 'page': 1, 'version': '1.4'}}</msg>
<arg>${json_data}</arg>
<doc>Logs the given message with the given level.</doc>
<status status="PASS" start="2024-06-25T15:15:50.390682" elapsed="0.000228"/>
</kw>
<kw name="Should Be String" owner="String">
<arg>${json_data['results'][0]['gender']}</arg>
<doc>Fails if the given ``item`` is not a string.</doc>
<status status="PASS" start="2024-06-25T15:15:50.391226" elapsed="0.000422"/>
</kw>
<kw name="Should Match Regexp" owner="BuiltIn">
<arg>${json_data['results'][0]['email']}</arg>
<arg>^[a-zA-Z0-9._%+-]+@[a-zA-Z0-9.-]+\.[a-zA-Z]{2,}$</arg>
<doc>Fails if ``string`` does not match ``pattern`` as a regular expression.</doc>
<status status="PASS" start="2024-06-25T15:15:50.391859" elapsed="0.000533"/>
</kw>
<kw name="Should Match Regexp" owner="BuiltIn">
<arg>${json_data['results'][0]['dob']['date']}</arg>
<arg>\\d{4}-\\d{2}-\\d{2}T\\d{2}:\\d{2}:\\d{2}\\.\\d{3}Z</arg>
<doc>Fails if ``string`` does not match ``pattern`` as a regular expression.</doc>
<status status="PASS" start="2024-06-25T15:15:50.392591" elapsed="0.000497"/>
</kw>
<kw name="Should Match Regexp" owner="BuiltIn">
<arg>${json_data['results'][0]['registered']['date']}</arg>
<arg>\\d{4}-\\d{2}-\\d{2}T\\d{2}:\\d{2}:\\d{2}\\.\\d{3}Z</arg>
<doc>Fails if ``string`` does not match ``pattern`` as a regular expression.</doc>
<status status="PASS" start="2024-06-25T15:15:50.393280" elapsed="0.000375"/>
</kw>
<kw name="Should Match Regexp" owner="BuiltIn">
<arg>${json_data['results'][0]['picture']['large']}</arg>
<arg>^https?://.*\.(?:png|jpe?g|gif|bmp)$</arg>
<doc>Fails if ``string`` does not match ``pattern`` as a regular expression.</doc>
<status status="PASS" start="2024-06-25T15:15:50.393842" elapsed="0.000495"/>
</kw>
<kw name="Should Match Regexp" owner="BuiltIn">
<arg>${json_data['results'][0]['picture']['medium']}</arg>
<arg>^https?://.*\.(?:png|jpe?g|gif|bmp)$</arg>
<doc>Fails if ``string`` does not match ``pattern`` as a regular expression.</doc>
<status status="PASS" start="2024-06-25T15:15:50.394525" elapsed="0.000350"/>
</kw>
<kw name="Should Match Regexp" owner="BuiltIn">
<arg>${json_data['results'][0]['picture']['thumbnail']}</arg>
<arg>^https?://.*\.(?:png|jpe?g|gif|bmp)$</arg>
<doc>Fails if ``string`` does not match ``pattern`` as a regular expression.</doc>
<status status="PASS" start="2024-06-25T15:15:50.395057" elapsed="0.000346"/>
</kw>
<kw name="Log" owner="BuiltIn">
<msg time="2024-06-25T15:15:50.395910" level="INFO">{'large': 'https://randomuser.me/api/portraits/men/28.jpg', 'medium': 'https://randomuser.me/api/portraits/med/men/28.jpg', 'thumbnail': 'https://randomuser.me/api/portraits/thumb/men/28.jpg'}</msg>
<arg>${json_data['results'][0]['picture']}</arg>
<doc>Logs the given message with the given level.</doc>
<status status="PASS" start="2024-06-25T15:15:50.395582" elapsed="0.000374"/>
</kw>
<status status="PASS" start="2024-06-25T15:15:50.265259" elapsed="0.130961"/>
</kw>
<kw name="Teste de Tipos de Dados - Postcode" owner="random-user-service">
<kw name="GET On Session" owner="RequestsLibrary">
<msg time="2024-06-25T15:15:50.489118" level="INFO">GET Request : url=https://randomuser.me/api 
 path_url=/api 
 headers={'User-Agent': 'python-requests/2.32.3', 'Accept-Encoding': 'gzip, deflate', 'Accept': '*/*', 'Connection': 'keep-alive'} 
 body=None 
 </msg>
<msg time="2024-06-25T15:15:50.489212" level="INFO">GET Response : url=https://randomuser.me/api 
 status=200, reason=OK 
 headers={'Date': 'Tue, 25 Jun 2024 15:15:50 GMT', 'Content-Type': 'application/json; charset=utf-8', 'Transfer-Encoding': 'chunked', 'Connection': 'keep-alive', 'X-Powered-By': 'Express', 'Access-Control-Allow-Origin': '*', 'Cache-Control': 'no-cache', 'ETag': 'W/"4b3-LUEU5FXryL1rjvspTUUvpVw5s1g"', 'Vary': 'Accept-Encoding', 'Content-Encoding': 'gzip', 'CF-Cache-Status': 'DYNAMIC', 'Report-To': '{"endpoints":[{"url":"https:\\/\\/a.nel.cloudflare.com\\/report\\/v4?s=adJtYkCf6TDVoEOhQV2Yo%2FhE6YSaiOktJA7fbyubOU0uDuwPIa4rp8VK3YcepvHuu6apk69Jt1R%2FYOprFiuDbTt%2FOrEhiu%2FYbVqr7wJZMJj37i%2B6asSnQ4usT7L24xOj"}],"group":"cf-nel","max_age":604800}', 'NEL': '{"success_fraction":0,"report_to":"cf-nel","max_age":604800}', 'Server': 'cloudflare', 'CF-RAY': '8995ea4ffc85fad6-SJC', 'alt-svc': 'h3=":443"; ma=86400'} 
 body={"results":[{"gender":"female","name":{"title":"Madame","first":"Marijana","last":"Lucas"},"location":{"street":{"number":8161,"name":"Montée Saint-Barthélémy"},"city":"Siselen","state":"Valais","country":"Switzerland","postcode":7153,"coordinates":{"latitude":"-64.0007","longitude":"161.0249"},"timezone":{"offset":"+4:00","description":"Abu Dhabi, Muscat, Baku, Tbilisi"}},"email":"marijana.lucas@example.com","login":{"uuid":"a9e9d3de-52dc-4961-8c8d-7d31fdad88c6","username":"ticklishladybug883","password":"letmein2","salt":"i2XJygUW","md5":"a50f5811e8f9c5df908c54bfd8587f41","sha1":"c3c2972ec271cf16f0148d11e2f77ec22b3d8e50","sha256":"a6200923ba29b45094d989f3b3efc05728ecbb03baffd236db210f7d4239615d"},"dob":{"date":"1955-05-12T21:28:04.945Z","age":69},"registered":{"date":"2004-06-12T15:58:43.012Z","age":20},"phone":"079 558 48 51","cell":"079 269 44 25","id":{"name":"AVS","value":"756.8133.5036.64"},"picture":{"large":"https://randomuser.me/api/portraits/women/95.jpg","medium":"https://randomuser.me/api/portraits/med/women/95.jpg","thumbnail":"https://randomuser.me/api/portraits/thumb/women/95.jpg"},"nat":"CH"}],"info":{"seed":"7c5ee0a00390cc1a","results":1,"page":1,"version":"1.4"}} 
 </msg>
<msg time="2024-06-25T15:15:50.489283" level="INFO">/opt/hostedtoolcache/Python/3.12.4/x64/lib/python3.12/site-packages/urllib3/connectionpool.py:1099: InsecureRequestWarning: Unverified HTTPS request is being made to host 'randomuser.me'. Adding certificate verification is strongly advised. See: https://urllib3.readthedocs.io/en/latest/advanced-usage.html#tls-warnings
  warnings.warn(</msg>
<msg time="2024-06-25T15:15:50.489401" level="INFO">${response} = &lt;Response [200]&gt;</msg>
<var>${response}</var>
<arg>consultarAPI</arg>
<arg>/api</arg>
<doc>Sends a GET request on a previously created HTTP Session.</doc>
<status status="PASS" start="2024-06-25T15:15:50.396689" elapsed="0.092753"/>
</kw>
<kw name="Set Variable" owner="BuiltIn">
<msg time="2024-06-25T15:15:50.490666" level="INFO">${json_data} = {'results': [{'gender': 'female', 'name': {'title': 'Madame', 'first': 'Marijana', 'last': 'Lucas'}, 'location': {'street': {'number': 8161, 'name': 'Montée Saint-Barthélémy'}, 'city': 'Siselen', 'sta...</msg>
<var>${json_data}</var>
<arg>${response.json()}</arg>
<doc>Returns the given values which can then be assigned to a variables.</doc>
<status status="PASS" start="2024-06-25T15:15:50.490040" elapsed="0.000656"/>
</kw>
<kw name="Log" owner="BuiltIn">
<msg time="2024-06-25T15:15:50.491177" level="INFO">{'results': [{'gender': 'female', 'name': {'title': 'Madame', 'first': 'Marijana', 'last': 'Lucas'}, 'location': {'street': {'number': 8161, 'name': 'Montée Saint-Barthélémy'}, 'city': 'Siselen', 'state': 'Valais', 'country': 'Switzerland', 'postcode': 7153, 'coordinates': {'latitude': '-64.0007', 'longitude': '161.0249'}, 'timezone': {'offset': '+4:00', 'description': 'Abu Dhabi, Muscat, Baku, Tbilisi'}}, 'email': 'marijana.lucas@example.com', 'login': {'uuid': 'a9e9d3de-52dc-4961-8c8d-7d31fdad88c6', 'username': 'ticklishladybug883', 'password': 'letmein2', 'salt': 'i2XJygUW', 'md5': 'a50f5811e8f9c5df908c54bfd8587f41', 'sha1': 'c3c2972ec271cf16f0148d11e2f77ec22b3d8e50', 'sha256': 'a6200923ba29b45094d989f3b3efc05728ecbb03baffd236db210f7d4239615d'}, 'dob': {'date': '1955-05-12T21:28:04.945Z', 'age': 69}, 'registered': {'date': '2004-06-12T15:58:43.012Z', 'age': 20}, 'phone': '079 558 48 51', 'cell': '079 269 44 25', 'id': {'name': 'AVS', 'value': '756.8133.5036.64'}, 'picture': {'large': 'https://randomuser.me/api/portraits/women/95.jpg', 'medium': 'https://randomuser.me/api/portraits/med/women/95.jpg', 'thumbnail': 'https://randomuser.me/api/portraits/thumb/women/95.jpg'}, 'nat': 'CH'}], 'info': {'seed': '7c5ee0a00390cc1a', 'results': 1, 'page': 1, 'version': '1.4'}}</msg>
<arg>${json_data}</arg>
<doc>Logs the given message with the given level.</doc>
<status status="PASS" start="2024-06-25T15:15:50.491012" elapsed="0.000216"/>
</kw>
<kw name="Should Be Equal As Numbers" owner="BuiltIn">
<arg>${json_data['results'][0]['location']['postcode']}</arg>
<arg>${json_data['results'][0]['location']['postcode']}</arg>
<doc>Fails if objects are unequal after converting them to real numbers.</doc>
<status status="PASS" start="2024-06-25T15:15:50.491527" elapsed="0.000637"/>
</kw>
<kw name="Log" owner="BuiltIn">
<msg time="2024-06-25T15:15:50.492723" level="INFO">7153</msg>
<arg>${json_data['results'][0]['location']['postcode']}</arg>
<doc>Logs the given message with the given level.</doc>
<status status="PASS" start="2024-06-25T15:15:50.492386" elapsed="0.000379"/>
</kw>
<status status="PASS" start="2024-06-25T15:15:50.396451" elapsed="0.096574"/>
</kw>
<doc>Testa se os tipos de dados na resposta da API estão corretos.</doc>
<tag>testeTiposDados</tag>
<status status="PASS" start="2024-06-25T15:15:50.264601" elapsed="0.228595"/>
</test>
<test id="s1-s1-t5" name="Validar conteudo" line="35">
<kw name="Teste de Tipos de Conteudo" owner="random-user-service">
<kw name="GET On Session" owner="RequestsLibrary">
<msg time="2024-06-25T15:15:50.583421" level="INFO">GET Request : url=https://randomuser.me/api 
 path_url=/api 
 headers={'User-Agent': 'python-requests/2.32.3', 'Accept-Encoding': 'gzip, deflate', 'Accept': '*/*', 'Connection': 'keep-alive'} 
 body=None 
 </msg>
<msg time="2024-06-25T15:15:50.583506" level="INFO">GET Response : url=https://randomuser.me/api 
 status=200, reason=OK 
 headers={'Date': 'Tue, 25 Jun 2024 15:15:50 GMT', 'Content-Type': 'application/json; charset=utf-8', 'Transfer-Encoding': 'chunked', 'Connection': 'keep-alive', 'X-Powered-By': 'Express', 'Access-Control-Allow-Origin': '*', 'Cache-Control': 'no-cache', 'ETag': 'W/"499-AQIXIyaAKMq402FMBo2NpjTves8"', 'Vary': 'Accept-Encoding', 'Content-Encoding': 'gzip', 'CF-Cache-Status': 'DYNAMIC', 'Report-To': '{"endpoints":[{"url":"https:\\/\\/a.nel.cloudflare.com\\/report\\/v4?s=j16Q0JrNKaDGhHSll5uUG%2B9Oi0Bn0t8gMkrYA1USoDw659ZCQ54WCbt1xtwbF1t0XL%2FuTXXKsa6ngGUsjVGyqG8C5BpuTuIjPutRnHJ%2BSeUvZ%2BVtos8B3ABvtVidCaPk"}],"group":"cf-nel","max_age":604800}', 'NEL': '{"success_fraction":0,"report_to":"cf-nel","max_age":604800}', 'Server': 'cloudflare', 'CF-RAY': '8995ea509ceafad6-SJC', 'alt-svc': 'h3=":443"; ma=86400'} 
 body={"results":[{"gender":"male","name":{"title":"Mr","first":"Travis","last":"Hale"},"location":{"street":{"number":7869,"name":"Queens Road"},"city":"Lincoln","state":"Dumfries and Galloway","country":"United Kingdom","postcode":"P2 6GH","coordinates":{"latitude":"-4.9875","longitude":"-45.8084"},"timezone":{"offset":"-1:00","description":"Azores, Cape Verde Islands"}},"email":"travis.hale@example.com","login":{"uuid":"f56ca748-21ea-412f-979b-4464dcf55997","username":"organicpeacock376","password":"jets","salt":"ke7Phi7u","md5":"3eeac1572705e324bd206a5fcb114156","sha1":"44d5404d88f2b18fbfe44d5c797ae1cdb2ebf3e2","sha256":"b7c0c73557ced90ec2cd42c44ea8e46a972e4a6ac3cdbbed9cb121144695fedf"},"dob":{"date":"1960-10-14T22:26:41.971Z","age":63},"registered":{"date":"2010-09-04T17:09:08.200Z","age":13},"phone":"0191 335 5576","cell":"07219 795192","id":{"name":"NINO","value":"RY 81 79 83 F"},"picture":{"large":"https://randomuser.me/api/portraits/men/30.jpg","medium":"https://randomuser.me/api/portraits/med/men/30.jpg","thumbnail":"https://randomuser.me/api/portraits/thumb/men/30.jpg"},"nat":"GB"}],"info":{"seed":"c4674553a1071b23","results":1,"page":1,"version":"1.4"}} 
 </msg>
<msg time="2024-06-25T15:15:50.583585" level="INFO">/opt/hostedtoolcache/Python/3.12.4/x64/lib/python3.12/site-packages/urllib3/connectionpool.py:1099: InsecureRequestWarning: Unverified HTTPS request is being made to host 'randomuser.me'. Adding certificate verification is strongly advised. See: https://urllib3.readthedocs.io/en/latest/advanced-usage.html#tls-warnings
  warnings.warn(</msg>
<msg time="2024-06-25T15:15:50.583702" level="INFO">${response} = &lt;Response [200]&gt;</msg>
<var>${response}</var>
<arg>consultarAPI</arg>
<arg>/api</arg>
<doc>Sends a GET request on a previously created HTTP Session.</doc>
<status status="PASS" start="2024-06-25T15:15:50.495943" elapsed="0.087800"/>
</kw>
<kw name="Set Variable" owner="BuiltIn">
<msg time="2024-06-25T15:15:50.584755" level="INFO">${json_data} = {'results': [{'gender': 'male', 'name': {'title': 'Mr', 'first': 'Travis', 'last': 'Hale'}, 'location': {'street': {'number': 7869, 'name': 'Queens Road'}, 'city': 'Lincoln', 'state': 'Dumfries and Ga...</msg>
<var>${json_data}</var>
<arg>${response.json()}</arg>
<doc>Returns the given values which can then be assigned to a variables.</doc>
<status status="PASS" start="2024-06-25T15:15:50.584261" elapsed="0.000522"/>
</kw>
<kw name="Set Variable" owner="BuiltIn">
<msg time="2024-06-25T15:15:50.585456" level="INFO">${name_title} = Mr</msg>
<var>${name_title}</var>
<arg>${json_data["results"][0]["name"]["title"]}</arg>
<doc>Returns the given values which can then be assigned to a variables.</doc>
<status status="PASS" start="2024-06-25T15:15:50.585085" elapsed="0.000398"/>
</kw>
<kw name="Create List" owner="BuiltIn">
<msg time="2024-06-25T15:15:50.585931" level="INFO">${allowed_titles} = ['Mr', 'Ms', 'Miss', 'Mrs', 'Madame', 'Monsieur']</msg>
<var>${allowed_titles}</var>
<arg>Mr</arg>
<arg>Ms</arg>
<arg>Miss</arg>
<arg>Mrs</arg>
<arg>Madame</arg>
<arg>Monsieur</arg>
<doc>Returns a list containing given items.</doc>
<status status="PASS" start="2024-06-25T15:15:50.585775" elapsed="0.000180"/>
</kw>
<kw name="List Should Contain Value" owner="Collections">
<arg>${allowed_titles}</arg>
<arg>${name_title}</arg>
<doc>Fails if the ``value`` is not found from ``list``.</doc>
<status status="PASS" start="2024-06-25T15:15:50.586285" elapsed="0.000180"/>
</kw>
<kw name="Set Variable" owner="BuiltIn">
<msg time="2024-06-25T15:15:50.586999" level="INFO">${name_country} = GB</msg>
<var>${name_country}</var>
<arg>${json_data["results"][0]["nat"]}</arg>
<doc>Returns the given values which can then be assigned to a variables.</doc>
<status status="PASS" start="2024-06-25T15:15:50.586640" elapsed="0.000384"/>
</kw>
<kw name="Create List" owner="BuiltIn">
<msg time="2024-06-25T15:15:50.587905" level="INFO">${list_country} = ['AD', 'AE', 'AF', 'AG', 'AI', 'AL', 'AM', 'AO', 'AQ', 'AR', 'AS', 'AT', 'AU', 'AW', 'AX', 'AZ', 'BA', 'BB', 'BD', 'BE', 'BF', 'BG', 'BH', 'BI', 'BJ', 'BL', 'BM', 'BN', 'BO', 'BQ', 'BR', 'BS', 'BT', '...</msg>
<var>${list_country}</var>
<arg>AD</arg>
<arg>AE</arg>
<arg>AF</arg>
<arg>AG</arg>
<arg>AI</arg>
<arg>AL</arg>
<arg>AM</arg>
<arg>AO</arg>
<arg>AQ</arg>
<arg>AR</arg>
<arg>AS</arg>
<arg>AT</arg>
<arg>AU</arg>
<arg>AW</arg>
<arg>AX</arg>
<arg>AZ</arg>
<arg>BA</arg>
<arg>BB</arg>
<arg>BD</arg>
<arg>BE</arg>
<arg>BF</arg>
<arg>BG</arg>
<arg>BH</arg>
<arg>BI</arg>
<arg>BJ</arg>
<arg>BL</arg>
<arg>BM</arg>
<arg>BN</arg>
<arg>BO</arg>
<arg>BQ</arg>
<arg>BR</arg>
<arg>BS</arg>
<arg>BT</arg>
<arg>BV</arg>
<arg>BW</arg>
<arg>BY</arg>
<arg>BZ</arg>
<arg>CA</arg>
<arg>CC</arg>
<arg>CD</arg>
<arg>CF</arg>
<arg>CG</arg>
<arg>CH</arg>
<arg>CI</arg>
<arg>CK</arg>
<arg>CL</arg>
<arg>CM</arg>
<arg>CN</arg>
<arg>CO</arg>
<arg>CR</arg>
<arg>CU</arg>
<arg>CV</arg>
<arg>CW</arg>
<arg>CX</arg>
<arg>CY</arg>
<arg>CZ</arg>
<arg>DE</arg>
<arg>DJ</arg>
<arg>DK</arg>
<arg>DM</arg>
<arg>DO</arg>
<arg>DZ</arg>
<arg>EC</arg>
<arg>EE</arg>
<arg>EG</arg>
<arg>EH</arg>
<arg>ER</arg>
<arg>ES</arg>
<arg>ET</arg>
<arg>FI</arg>
<arg>FJ</arg>
<arg>FK</arg>
<arg>FM</arg>
<arg>FO</arg>
<arg>FR</arg>
<arg>GA</arg>
<arg>GB</arg>
<arg>GD</arg>
<arg>GE</arg>
<arg>GF</arg>
<arg>GG</arg>
<arg>GH</arg>
<arg>GI</arg>
<arg>GL</arg>
<arg>GM</arg>
<arg>GN</arg>
<arg>GP</arg>
<arg>GQ</arg>
<arg>GR</arg>
<arg>GS</arg>
<arg>GT</arg>
<arg>GU</arg>
<arg>GW</arg>
<arg>GY</arg>
<arg>HK</arg>
<arg>HM</arg>
<arg>HN</arg>
<arg>HR</arg>
<arg>HT</arg>
<arg>HU</arg>
<arg>ID</arg>
<arg>IE</arg>
<arg>IL</arg>
<arg>IM</arg>
<arg>IN</arg>
<arg>IO</arg>
<arg>IQ</arg>
<arg>IR</arg>
<arg>IS</arg>
<arg>IT</arg>
<arg>JE</arg>
<arg>JM</arg>
<arg>JO</arg>
<arg>JP</arg>
<arg>KE</arg>
<arg>KG</arg>
<arg>KH</arg>
<arg>KI</arg>
<arg>KM</arg>
<arg>KN</arg>
<arg>KP</arg>
<arg>KR</arg>
<arg>KW</arg>
<arg>KY</arg>
<arg>KZ</arg>
<arg>LA</arg>
<arg>LB</arg>
<arg>LC</arg>
<arg>LI</arg>
<arg>LK</arg>
<arg>LR</arg>
<arg>LS</arg>
<arg>LT</arg>
<arg>LU</arg>
<arg>LV</arg>
<arg>LY</arg>
<arg>MA</arg>
<arg>MC</arg>
<arg>MD</arg>
<arg>ME</arg>
<arg>MF</arg>
<arg>MG</arg>
<arg>MH</arg>
<arg>MK</arg>
<arg>ML</arg>
<arg>MM</arg>
<arg>MN</arg>
<arg>MO</arg>
<arg>MP</arg>
<arg>MQ</arg>
<arg>MR</arg>
<arg>MS</arg>
<arg>MT</arg>
<arg>MU</arg>
<arg>MV</arg>
<arg>MW</arg>
<arg>MX</arg>
<arg>MY</arg>
<arg>MZ</arg>
<arg>NA</arg>
<arg>NC</arg>
<arg>NE</arg>
<arg>NF</arg>
<arg>NG</arg>
<arg>NI</arg>
<arg>NL</arg>
<arg>NO</arg>
<arg>NP</arg>
<arg>NR</arg>
<arg>NU</arg>
<arg>NZ</arg>
<arg>OM</arg>
<arg>PA</arg>
<arg>PE</arg>
<arg>PF</arg>
<arg>PG</arg>
<arg>PH</arg>
<arg>PK</arg>
<arg>PL</arg>
<arg>PM</arg>
<arg>PN</arg>
<arg>PR</arg>
<arg>PS</arg>
<arg>PT</arg>
<arg>PW</arg>
<arg>PY</arg>
<arg>QA</arg>
<arg>RE</arg>
<arg>RO</arg>
<arg>RS</arg>
<arg>RU</arg>
<arg>RW</arg>
<arg>SA</arg>
<arg>SB</arg>
<arg>SC</arg>
<arg>SD</arg>
<arg>SE</arg>
<arg>SG</arg>
<arg>SH</arg>
<arg>SI</arg>
<arg>SJ</arg>
<arg>SK</arg>
<arg>SL</arg>
<arg>SM</arg>
<arg>SN</arg>
<arg>SO</arg>
<arg>SR</arg>
<arg>SS</arg>
<arg>ST</arg>
<arg>SV</arg>
<arg>SX</arg>
<arg>SY</arg>
<arg>SZ</arg>
<arg>TC</arg>
<arg>TD</arg>
<arg>TF</arg>
<arg>TG</arg>
<arg>TH</arg>
<arg>TJ</arg>
<arg>TK</arg>
<arg>TL</arg>
<arg>TM</arg>
<arg>TN</arg>
<arg>TO</arg>
<arg>TR</arg>
<arg>TT</arg>
<arg>TV</arg>
<arg>TW</arg>
<arg>TZ</arg>
<arg>UA</arg>
<arg>UG</arg>
<arg>UM</arg>
<arg>US</arg>
<arg>UY</arg>
<arg>UZ</arg>
<arg>VA</arg>
<arg>VC</arg>
<arg>VE</arg>
<arg>VG</arg>
<arg>VI</arg>
<arg>VN</arg>
<arg>VU</arg>
<arg>WF</arg>
<arg>WS</arg>
<arg>XK</arg>
<arg>YE</arg>
<arg>YT</arg>
<arg>ZA</arg>
<arg>ZM</arg>
<arg>ZW</arg>
<doc>Returns a list containing given items.</doc>
<status status="PASS" start="2024-06-25T15:15:50.587308" elapsed="0.000622"/>
</kw>
<kw name="List Should Contain Value" owner="Collections">
<arg>${list_country}</arg>
<arg>${name_country}</arg>
<doc>Fails if the ``value`` is not found from ``list``.</doc>
<status status="PASS" start="2024-06-25T15:15:50.588721" elapsed="0.000198"/>
</kw>
<kw name="Run Keyword If" owner="BuiltIn">
<kw name="Should Be True" owner="BuiltIn">
<arg>${True}</arg>
<doc>Fails if the given condition is not true.</doc>
<status status="PASS" start="2024-06-25T15:15:50.589840" elapsed="0.000139"/>
</kw>
<arg>${json_data["results"][0]["location"]["coordinates"]["latitude"]} &gt;= -90 and ${json_data["results"][0]["location"]["coordinates"]["latitude"]} &lt;= 90</arg>
<arg>Should Be True</arg>
<arg>${True}</arg>
<doc>Runs the given keyword with the given arguments, if ``condition`` is true.</doc>
<status status="PASS" start="2024-06-25T15:15:50.589111" elapsed="0.001017"/>
</kw>
<kw name="Run Keyword If" owner="BuiltIn">
<kw name="Should Be True" owner="BuiltIn">
<arg>${True}</arg>
<doc>Fails if the given condition is not true.</doc>
<status status="PASS" start="2024-06-25T15:15:50.591005" elapsed="0.000136"/>
</kw>
<arg>${json_data["results"][0]["location"]["coordinates"]["longitude"]} &gt;= -180 and ${json_data["results"][0]["location"]["coordinates"]["longitude"]} &lt;= 180</arg>
<arg>Should Be True</arg>
<arg>${True}</arg>
<doc>Runs the given keyword with the given arguments, if ``condition`` is true.</doc>
<status status="PASS" start="2024-06-25T15:15:50.590309" elapsed="0.000954"/>
</kw>
<status status="PASS" start="2024-06-25T15:15:50.495556" elapsed="0.095850"/>
</kw>
<doc>Testa o conteúdo específico dos campos retornados pela API.</doc>
<tag>testeConteudo</tag>
<status status="PASS" start="2024-06-25T15:15:50.495004" elapsed="0.096554"/>
</test>
<status status="PASS" start="2024-06-25T15:15:49.654155" elapsed="0.939335"/>
</suite>
<status status="PASS" start="2024-06-25T15:15:49.639819" elapsed="0.958900"/>
</suite>
<statistics>
<total>
<stat pass="5" fail="0" skip="0">All Tests</stat>
</total>
<tag>
<stat pass="1" fail="0" skip="0">testeConteudo</stat>
<stat pass="1" fail="0" skip="0">testeEstruturaResposta</stat>
<stat pass="1" fail="0" skip="0">testeRequisicaoBasica</stat>
<stat pass="1" fail="0" skip="0">testeTiposDados</stat>
</tag>
<suite>
<stat pass="5" fail="0" skip="0" id="s1" name="Tests">Tests</stat>
<stat pass="5" fail="0" skip="0" id="s1-s1" name="Random-User-Test">Tests.Random-User-Test</stat>
</suite>
</statistics>
<errors>
</errors>
</robot>
