<?xml version="1.0" encoding="UTF-8"?>
<robot generator="Robot 7.0 (Python 3.12.2 on linux)" generated="2024-04-05T15:14:03.511319" rpa="false" schemaversion="5">
<suite id="s1" name="Tests" source="/home/runner/work/DesafioQAItauRogerioJordao/DesafioQAItauRogerioJordao/RamdonUser/tests">
<suite id="s1-s1" name="Random-User-Test" source="/home/runner/work/DesafioQAItauRogerioJordao/DesafioQAItauRogerioJordao/RamdonUser/tests/random-user-test.robot">
<test id="s1-s1-t1" name="Conectar" line="13">
<kw name="Conectar API" owner="random-user-service">
<kw name="Create Session" owner="RequestsLibrary">
<msg time="2024-04-05T15:14:03.900353" level="INFO">Creating Session using : alias=consultarAPI, url=https://randomuser.me/, headers={},                     cookies={}, auth=None, timeout=None, proxies=None, verify=False,                     debug=0 </msg>
<arg>consultarAPI</arg>
<arg>${URL}</arg>
<doc>Create Session: create a HTTP session to a server</doc>
<status status="PASS" start="2024-04-05T15:14:03.900132" elapsed="0.000412"/>
</kw>
<status status="PASS" start="2024-04-05T15:14:03.899023" elapsed="0.001902"/>
</kw>
<status status="PASS" start="2024-04-05T15:14:03.898374" elapsed="0.002758"/>
</test>
<test id="s1-s1-t2" name="Validar retorno 200 e JSON Válido" line="16">
<kw name="Teste de Requisicao Basica" owner="random-user-service">
<kw name="GET On Session" owner="RequestsLibrary">
<msg time="2024-04-05T15:14:05.204929" level="INFO">GET Request : url=https://randomuser.me/api 
 path_url=/api 
 headers={'User-Agent': 'python-requests/2.31.0', 'Accept-Encoding': 'gzip, deflate', 'Accept': '*/*', 'Connection': 'keep-alive'} 
 body=None 
 </msg>
<msg time="2024-04-05T15:14:05.205085" level="INFO">GET Response : url=https://randomuser.me/api 
 status=200, reason=OK 
 headers={'Date': 'Fri, 05 Apr 2024 15:14:05 GMT', 'Content-Type': 'application/json; charset=utf-8', 'Transfer-Encoding': 'chunked', 'Connection': 'keep-alive', 'X-Powered-By': 'Express', 'Access-Control-Allow-Origin': '*', 'Cache-Control': 'no-cache', 'ETag': 'W/"47d-M4I2YtAdN1IAaAggivFtKt/r59Y"', 'Vary': 'Accept-Encoding', 'Content-Encoding': 'gzip', 'CF-Cache-Status': 'DYNAMIC', 'Report-To': '{"endpoints":[{"url":"https:\\/\\/a.nel.cloudflare.com\\/report\\/v4?s=A%2B9VDVVDi1duNhJDEeWRBrvOOGNDF4DdynTFS8EsIa6h3Dy1pZemT%2B%2BBGqVWNN7LxCP13%2BqJActIh8l7CMEUuoxGMhYoQjG4MT8eYsR%2BsODIv60p7RDwIxF0RDcBjbGr"}],"group":"cf-nel","max_age":604800}', 'NEL': '{"success_fraction":0,"report_to":"cf-nel","max_age":604800}', 'Server': 'cloudflare', 'CF-RAY': '86fa7c569d78980f-SJC', 'alt-svc': 'h3=":443"; ma=86400'} 
 body={"results":[{"gender":"male","name":{"title":"Mr","first":"Logan","last":"Moore"},"location":{"street":{"number":7632,"name":"Clark Avenue"},"city":"Blenheim","state":"Otago","country":"New Zealand","postcode":39945,"coordinates":{"latitude":"51.6379","longitude":"-5.1775"},"timezone":{"offset":"+8:00","description":"Beijing, Perth, Singapore, Hong Kong"}},"email":"logan.moore@example.com","login":{"uuid":"a8dc2095-7a91-4a53-86c3-aefd444d6d5a","username":"smallduck687","password":"gypsy","salt":"DMLePulV","md5":"2cbcda6f0e3de3da75c4ee8a9e951b33","sha1":"d1d435c59e65890553d5c4cfd988bd18dab969af","sha256":"4e1d94fdd771d347ef3d615a729872346c67e41f7036e2919cd5caca62f0e966"},"dob":{"date":"1997-01-24T09:56:26.654Z","age":27},"registered":{"date":"2022-02-10T23:30:58.303Z","age":2},"phone":"(222)-838-3605","cell":"(806)-294-9170","id":{"name":"","value":null},"picture":{"large":"https://randomuser.me/api/portraits/men/84.jpg","medium":"https://randomuser.me/api/portraits/med/men/84.jpg","thumbnail":"https://randomuser.me/api/portraits/thumb/men/84.jpg"},"nat":"NZ"}],"info":{"seed":"8eb33a4dff7d47d9","results":1,"page":1,"version":"1.4"}} 
 </msg>
<msg time="2024-04-05T15:14:05.205199" level="INFO">/opt/hostedtoolcache/Python/3.12.2/x64/lib/python3.12/site-packages/urllib3/connectionpool.py:1103: InsecureRequestWarning: Unverified HTTPS request is being made to host 'randomuser.me'. Adding certificate verification is strongly advised. See: https://urllib3.readthedocs.io/en/latest/advanced-usage.html#tls-warnings
  warnings.warn(</msg>
<msg time="2024-04-05T15:14:05.205357" level="INFO">${response} = &lt;Response [200]&gt;</msg>
<var>${response}</var>
<arg>consultarAPI</arg>
<arg>/api</arg>
<doc>Sends a GET request on a previously created HTTP Session.</doc>
<status status="PASS" start="2024-04-05T15:14:03.903818" elapsed="1.301580"/>
</kw>
<kw name="Should Be Equal As Numbers" owner="BuiltIn">
<msg time="2024-04-05T15:14:05.206634" level="INFO">Argument types are:
&lt;class 'int'&gt;
&lt;class 'str'&gt;</msg>
<arg>${response.status_code}</arg>
<arg>200</arg>
<doc>Fails if objects are unequal after converting them to real numbers.</doc>
<status status="PASS" start="2024-04-05T15:14:05.206122" elapsed="0.000580"/>
</kw>
<kw name="Log" owner="BuiltIn">
<msg time="2024-04-05T15:14:05.207405" level="INFO">200</msg>
<arg>${response.status_code}</arg>
<doc>Logs the given message with the given level.</doc>
<status status="PASS" start="2024-04-05T15:14:05.207038" elapsed="0.000411"/>
</kw>
<kw name="Set Variable" owner="BuiltIn">
<msg time="2024-04-05T15:14:05.208297" level="INFO">${json_data} = {'results': [{'gender': 'male', 'name': {'title': 'Mr', 'first': 'Logan', 'last': 'Moore'}, 'location': {'street': {'number': 7632, 'name': 'Clark Avenue'}, 'city': 'Blenheim', 'state': 'Otago', 'coun...</msg>
<var>${json_data}</var>
<arg>${response.json()}</arg>
<doc>Returns the given values which can then be assigned to a variables.</doc>
<status status="PASS" start="2024-04-05T15:14:05.207789" elapsed="0.000536"/>
</kw>
<kw name="Dictionary Should Contain Key" owner="Collections">
<msg time="2024-04-05T15:14:05.208803" level="INFO">False</msg>
<arg>${json_data}</arg>
<arg>results</arg>
<doc>Fails if ``key`` is not found from ``dictionary``.</doc>
<status status="PASS" start="2024-04-05T15:14:05.208629" elapsed="0.000214"/>
</kw>
<status status="PASS" start="2024-04-05T15:14:03.903550" elapsed="1.305557"/>
</kw>
<doc>Testa se a API responde corretamente e retorna um objeto JSON válido.</doc>
<tag>testeRequisicaoBasica</tag>
<status status="PASS" start="2024-04-05T15:14:03.902978" elapsed="1.306320"/>
</test>
<test id="s1-s1-t3" name="Validar estrutura de resposta" line="22">
<kw name="Teste de Estrutura de Resposta" owner="random-user-service">
<kw name="GET On Session" owner="RequestsLibrary">
<msg time="2024-04-05T15:14:05.547309" level="INFO">GET Request : url=https://randomuser.me/api 
 path_url=/api 
 headers={'User-Agent': 'python-requests/2.31.0', 'Accept-Encoding': 'gzip, deflate', 'Accept': '*/*', 'Connection': 'keep-alive'} 
 body=None 
 </msg>
<msg time="2024-04-05T15:14:05.547423" level="INFO">GET Response : url=https://randomuser.me/api 
 status=200, reason=OK 
 headers={'Date': 'Fri, 05 Apr 2024 15:14:05 GMT', 'Content-Type': 'application/json; charset=utf-8', 'Transfer-Encoding': 'chunked', 'Connection': 'keep-alive', 'X-Powered-By': 'Express', 'Access-Control-Allow-Origin': '*', 'Cache-Control': 'no-cache', 'ETag': 'W/"494-prbvuzcrtAFPLhCvU8Q4nDU7SGY"', 'Vary': 'Accept-Encoding', 'Content-Encoding': 'gzip', 'CF-Cache-Status': 'DYNAMIC', 'Report-To': '{"endpoints":[{"url":"https:\\/\\/a.nel.cloudflare.com\\/report\\/v4?s=ur2G%2FZtYdGNZJkVd5rKge0O0Ar3BSpwPNXkBlw%2FWmVWkUZMcBPXlBe99MgHsF8IXTXUkSYNrQHMV1R9Fj1XLH5Ad8h4oKFskCZ2pY5sDzPn%2Fm3c4SD0ku%2BycorhcsqyQ"}],"group":"cf-nel","max_age":604800}', 'NEL': '{"success_fraction":0,"report_to":"cf-nel","max_age":604800}', 'Server': 'cloudflare', 'CF-RAY': '86fa7c5e9b52980f-SJC', 'alt-svc': 'h3=":443"; ma=86400'} 
 body={"results":[{"gender":"female","name":{"title":"Mrs","first":"Grace","last":"Douglas"},"location":{"street":{"number":5840,"name":"Tara Street"},"city":"Nenagh","state":"Kilkenny","country":"Ireland","postcode":79233,"coordinates":{"latitude":"1.3252","longitude":"139.8978"},"timezone":{"offset":"0:00","description":"Western Europe Time, London, Lisbon, Casablanca"}},"email":"grace.douglas@example.com","login":{"uuid":"63679db7-c639-4ada-9758-252a75913d49","username":"lazydog429","password":"eduard","salt":"zpJOZPtD","md5":"c08fa053ba59caf02e0aba6b4e175b12","sha1":"3845f9875ea7cda9ea474374410ac2b943b568cf","sha256":"4f2311713f0b339d496e10e1f306fb4906cd7b9ff2e04fac640fe929f5341090"},"dob":{"date":"1953-04-15T11:35:36.366Z","age":70},"registered":{"date":"2015-09-10T01:34:37.845Z","age":8},"phone":"031-612-8355","cell":"081-310-6164","id":{"name":"PPS","value":"2329868T"},"picture":{"large":"https://randomuser.me/api/portraits/women/42.jpg","medium":"https://randomuser.me/api/portraits/med/women/42.jpg","thumbnail":"https://randomuser.me/api/portraits/thumb/women/42.jpg"},"nat":"IE"}],"info":{"seed":"cf66bb3a6c6070e5","results":1,"page":1,"version":"1.4"}} 
 </msg>
<msg time="2024-04-05T15:14:05.547583" level="INFO">/opt/hostedtoolcache/Python/3.12.2/x64/lib/python3.12/site-packages/urllib3/connectionpool.py:1103: InsecureRequestWarning: Unverified HTTPS request is being made to host 'randomuser.me'. Adding certificate verification is strongly advised. See: https://urllib3.readthedocs.io/en/latest/advanced-usage.html#tls-warnings
  warnings.warn(</msg>
<msg time="2024-04-05T15:14:05.547730" level="INFO">${response} = &lt;Response [200]&gt;</msg>
<var>${response}</var>
<arg>consultarAPI</arg>
<arg>/api</arg>
<doc>Sends a GET request on a previously created HTTP Session.</doc>
<status status="PASS" start="2024-04-05T15:14:05.212169" elapsed="0.335603"/>
</kw>
<kw name="Set Variable" owner="BuiltIn">
<msg time="2024-04-05T15:14:05.549091" level="INFO">${json_data} = {'results': [{'gender': 'female', 'name': {'title': 'Mrs', 'first': 'Grace', 'last': 'Douglas'}, 'location': {'street': {'number': 5840, 'name': 'Tara Street'}, 'city': 'Nenagh', 'state': 'Kilkenny', ...</msg>
<var>${json_data}</var>
<arg>${response.json()}</arg>
<doc>Returns the given values which can then be assigned to a variables.</doc>
<status status="PASS" start="2024-04-05T15:14:05.548524" elapsed="0.000596"/>
</kw>
<kw name="Log" owner="BuiltIn">
<msg time="2024-04-05T15:14:05.549593" level="INFO">{'results': [{'gender': 'female', 'name': {'title': 'Mrs', 'first': 'Grace', 'last': 'Douglas'}, 'location': {'street': {'number': 5840, 'name': 'Tara Street'}, 'city': 'Nenagh', 'state': 'Kilkenny', 'country': 'Ireland', 'postcode': 79233, 'coordinates': {'latitude': '1.3252', 'longitude': '139.8978'}, 'timezone': {'offset': '0:00', 'description': 'Western Europe Time, London, Lisbon, Casablanca'}}, 'email': 'grace.douglas@example.com', 'login': {'uuid': '63679db7-c639-4ada-9758-252a75913d49', 'username': 'lazydog429', 'password': 'eduard', 'salt': 'zpJOZPtD', 'md5': 'c08fa053ba59caf02e0aba6b4e175b12', 'sha1': '3845f9875ea7cda9ea474374410ac2b943b568cf', 'sha256': '4f2311713f0b339d496e10e1f306fb4906cd7b9ff2e04fac640fe929f5341090'}, 'dob': {'date': '1953-04-15T11:35:36.366Z', 'age': 70}, 'registered': {'date': '2015-09-10T01:34:37.845Z', 'age': 8}, 'phone': '031-612-8355', 'cell': '081-310-6164', 'id': {'name': 'PPS', 'value': '2329868T'}, 'picture': {'large': 'https://randomuser.me/api/portraits/women/42.jpg', 'medium': 'https://randomuser.me/api/portraits/med/women/42.jpg', 'thumbnail': 'https://randomuser.me/api/portraits/thumb/women/42.jpg'}, 'nat': 'IE'}], 'info': {'seed': 'cf66bb3a6c6070e5', 'results': 1, 'page': 1, 'version': '1.4'}}</msg>
<arg>${json_data}</arg>
<doc>Logs the given message with the given level.</doc>
<status status="PASS" start="2024-04-05T15:14:05.549433" elapsed="0.000207"/>
</kw>
<kw name="Dictionary Should Contain Key" owner="Collections">
<msg time="2024-04-05T15:14:05.550094" level="INFO">False</msg>
<arg>${json_data}</arg>
<arg>results</arg>
<doc>Fails if ``key`` is not found from ``dictionary``.</doc>
<status status="PASS" start="2024-04-05T15:14:05.549935" elapsed="0.000196"/>
</kw>
<kw name="Should Not Be Empty" owner="BuiltIn">
<msg time="2024-04-05T15:14:05.550558" level="INFO">Length is 2.</msg>
<arg>${json_data}</arg>
<doc>Verifies that the given item is not empty.</doc>
<status status="PASS" start="2024-04-05T15:14:05.550427" elapsed="0.000170"/>
</kw>
<kw name="Create List" owner="BuiltIn">
<msg time="2024-04-05T15:14:05.551031" level="INFO">${expected_keys} = ['gender', 'name', 'location', 'email', 'login']</msg>
<var>${expected_keys}</var>
<arg>gender</arg>
<arg>name</arg>
<arg>location</arg>
<arg>email</arg>
<arg>login</arg>
<doc>Returns a list containing given items.</doc>
<status status="PASS" start="2024-04-05T15:14:05.550886" elapsed="0.000168"/>
</kw>
<for flavor="IN">
<iter>
<kw name="Dictionary Should Contain Key" owner="Collections">
<msg time="2024-04-05T15:14:05.552096" level="INFO">False</msg>
<arg>${json_data['results'][0]}</arg>
<arg>${key}</arg>
<doc>Fails if ``key`` is not found from ``dictionary``.</doc>
<status status="PASS" start="2024-04-05T15:14:05.551642" elapsed="0.000494"/>
</kw>
<kw name="Log" owner="BuiltIn">
<msg time="2024-04-05T15:14:05.552805" level="INFO">{'gender': 'female', 'name': {'title': 'Mrs', 'first': 'Grace', 'last': 'Douglas'}, 'location': {'street': {'number': 5840, 'name': 'Tara Street'}, 'city': 'Nenagh', 'state': 'Kilkenny', 'country': 'Ireland', 'postcode': 79233, 'coordinates': {'latitude': '1.3252', 'longitude': '139.8978'}, 'timezone': {'offset': '0:00', 'description': 'Western Europe Time, London, Lisbon, Casablanca'}}, 'email': 'grace.douglas@example.com', 'login': {'uuid': '63679db7-c639-4ada-9758-252a75913d49', 'username': 'lazydog429', 'password': 'eduard', 'salt': 'zpJOZPtD', 'md5': 'c08fa053ba59caf02e0aba6b4e175b12', 'sha1': '3845f9875ea7cda9ea474374410ac2b943b568cf', 'sha256': '4f2311713f0b339d496e10e1f306fb4906cd7b9ff2e04fac640fe929f5341090'}, 'dob': {'date': '1953-04-15T11:35:36.366Z', 'age': 70}, 'registered': {'date': '2015-09-10T01:34:37.845Z', 'age': 8}, 'phone': '031-612-8355', 'cell': '081-310-6164', 'id': {'name': 'PPS', 'value': '2329868T'}, 'picture': {'large': 'https://randomuser.me/api/portraits/women/42.jpg', 'medium': 'https://randomuser.me/api/portraits/med/women/42.jpg', 'thumbnail': 'https://randomuser.me/api/portraits/thumb/women/42.jpg'}, 'nat': 'IE'}</msg>
<arg>${json_data['results'][0]}</arg>
<doc>Logs the given message with the given level.</doc>
<status status="PASS" start="2024-04-05T15:14:05.552442" elapsed="0.000416"/>
</kw>
<kw name="Log" owner="BuiltIn">
<msg time="2024-04-05T15:14:05.553297" level="INFO">gender</msg>
<arg>${key}</arg>
<doc>Logs the given message with the given level.</doc>
<status status="PASS" start="2024-04-05T15:14:05.553167" elapsed="0.000167"/>
</kw>
<var name="${key}">gender</var>
<status status="PASS" start="2024-04-05T15:14:05.551515" elapsed="0.002036"/>
</iter>
<iter>
<kw name="Dictionary Should Contain Key" owner="Collections">
<msg time="2024-04-05T15:14:05.554248" level="INFO">False</msg>
<arg>${json_data['results'][0]}</arg>
<arg>${key}</arg>
<doc>Fails if ``key`` is not found from ``dictionary``.</doc>
<status status="PASS" start="2024-04-05T15:14:05.553851" elapsed="0.000434"/>
</kw>
<kw name="Log" owner="BuiltIn">
<msg time="2024-04-05T15:14:05.554968" level="INFO">{'gender': 'female', 'name': {'title': 'Mrs', 'first': 'Grace', 'last': 'Douglas'}, 'location': {'street': {'number': 5840, 'name': 'Tara Street'}, 'city': 'Nenagh', 'state': 'Kilkenny', 'country': 'Ireland', 'postcode': 79233, 'coordinates': {'latitude': '1.3252', 'longitude': '139.8978'}, 'timezone': {'offset': '0:00', 'description': 'Western Europe Time, London, Lisbon, Casablanca'}}, 'email': 'grace.douglas@example.com', 'login': {'uuid': '63679db7-c639-4ada-9758-252a75913d49', 'username': 'lazydog429', 'password': 'eduard', 'salt': 'zpJOZPtD', 'md5': 'c08fa053ba59caf02e0aba6b4e175b12', 'sha1': '3845f9875ea7cda9ea474374410ac2b943b568cf', 'sha256': '4f2311713f0b339d496e10e1f306fb4906cd7b9ff2e04fac640fe929f5341090'}, 'dob': {'date': '1953-04-15T11:35:36.366Z', 'age': 70}, 'registered': {'date': '2015-09-10T01:34:37.845Z', 'age': 8}, 'phone': '031-612-8355', 'cell': '081-310-6164', 'id': {'name': 'PPS', 'value': '2329868T'}, 'picture': {'large': 'https://randomuser.me/api/portraits/women/42.jpg', 'medium': 'https://randomuser.me/api/portraits/med/women/42.jpg', 'thumbnail': 'https://randomuser.me/api/portraits/thumb/women/42.jpg'}, 'nat': 'IE'}</msg>
<arg>${json_data['results'][0]}</arg>
<doc>Logs the given message with the given level.</doc>
<status status="PASS" start="2024-04-05T15:14:05.554612" elapsed="0.000403"/>
</kw>
<kw name="Log" owner="BuiltIn">
<msg time="2024-04-05T15:14:05.555441" level="INFO">name</msg>
<arg>${key}</arg>
<doc>Logs the given message with the given level.</doc>
<status status="PASS" start="2024-04-05T15:14:05.555314" elapsed="0.000163"/>
</kw>
<var name="${key}">name</var>
<status status="PASS" start="2024-04-05T15:14:05.553737" elapsed="0.001958"/>
</iter>
<iter>
<kw name="Dictionary Should Contain Key" owner="Collections">
<msg time="2024-04-05T15:14:05.556376" level="INFO">False</msg>
<arg>${json_data['results'][0]}</arg>
<arg>${key}</arg>
<doc>Fails if ``key`` is not found from ``dictionary``.</doc>
<status status="PASS" start="2024-04-05T15:14:05.556005" elapsed="0.000408"/>
</kw>
<kw name="Log" owner="BuiltIn">
<msg time="2024-04-05T15:14:05.557065" level="INFO">{'gender': 'female', 'name': {'title': 'Mrs', 'first': 'Grace', 'last': 'Douglas'}, 'location': {'street': {'number': 5840, 'name': 'Tara Street'}, 'city': 'Nenagh', 'state': 'Kilkenny', 'country': 'Ireland', 'postcode': 79233, 'coordinates': {'latitude': '1.3252', 'longitude': '139.8978'}, 'timezone': {'offset': '0:00', 'description': 'Western Europe Time, London, Lisbon, Casablanca'}}, 'email': 'grace.douglas@example.com', 'login': {'uuid': '63679db7-c639-4ada-9758-252a75913d49', 'username': 'lazydog429', 'password': 'eduard', 'salt': 'zpJOZPtD', 'md5': 'c08fa053ba59caf02e0aba6b4e175b12', 'sha1': '3845f9875ea7cda9ea474374410ac2b943b568cf', 'sha256': '4f2311713f0b339d496e10e1f306fb4906cd7b9ff2e04fac640fe929f5341090'}, 'dob': {'date': '1953-04-15T11:35:36.366Z', 'age': 70}, 'registered': {'date': '2015-09-10T01:34:37.845Z', 'age': 8}, 'phone': '031-612-8355', 'cell': '081-310-6164', 'id': {'name': 'PPS', 'value': '2329868T'}, 'picture': {'large': 'https://randomuser.me/api/portraits/women/42.jpg', 'medium': 'https://randomuser.me/api/portraits/med/women/42.jpg', 'thumbnail': 'https://randomuser.me/api/portraits/thumb/women/42.jpg'}, 'nat': 'IE'}</msg>
<arg>${json_data['results'][0]}</arg>
<doc>Logs the given message with the given level.</doc>
<status status="PASS" start="2024-04-05T15:14:05.556712" elapsed="0.000404"/>
</kw>
<kw name="Log" owner="BuiltIn">
<msg time="2024-04-05T15:14:05.557530" level="INFO">location</msg>
<arg>${key}</arg>
<doc>Logs the given message with the given level.</doc>
<status status="PASS" start="2024-04-05T15:14:05.557407" elapsed="0.000160"/>
</kw>
<var name="${key}">location</var>
<status status="PASS" start="2024-04-05T15:14:05.555893" elapsed="0.001890"/>
</iter>
<iter>
<kw name="Dictionary Should Contain Key" owner="Collections">
<msg time="2024-04-05T15:14:05.558437" level="INFO">False</msg>
<arg>${json_data['results'][0]}</arg>
<arg>${key}</arg>
<doc>Fails if ``key`` is not found from ``dictionary``.</doc>
<status status="PASS" start="2024-04-05T15:14:05.558064" elapsed="0.000410"/>
</kw>
<kw name="Log" owner="BuiltIn">
<msg time="2024-04-05T15:14:05.559129" level="INFO">{'gender': 'female', 'name': {'title': 'Mrs', 'first': 'Grace', 'last': 'Douglas'}, 'location': {'street': {'number': 5840, 'name': 'Tara Street'}, 'city': 'Nenagh', 'state': 'Kilkenny', 'country': 'Ireland', 'postcode': 79233, 'coordinates': {'latitude': '1.3252', 'longitude': '139.8978'}, 'timezone': {'offset': '0:00', 'description': 'Western Europe Time, London, Lisbon, Casablanca'}}, 'email': 'grace.douglas@example.com', 'login': {'uuid': '63679db7-c639-4ada-9758-252a75913d49', 'username': 'lazydog429', 'password': 'eduard', 'salt': 'zpJOZPtD', 'md5': 'c08fa053ba59caf02e0aba6b4e175b12', 'sha1': '3845f9875ea7cda9ea474374410ac2b943b568cf', 'sha256': '4f2311713f0b339d496e10e1f306fb4906cd7b9ff2e04fac640fe929f5341090'}, 'dob': {'date': '1953-04-15T11:35:36.366Z', 'age': 70}, 'registered': {'date': '2015-09-10T01:34:37.845Z', 'age': 8}, 'phone': '031-612-8355', 'cell': '081-310-6164', 'id': {'name': 'PPS', 'value': '2329868T'}, 'picture': {'large': 'https://randomuser.me/api/portraits/women/42.jpg', 'medium': 'https://randomuser.me/api/portraits/med/women/42.jpg', 'thumbnail': 'https://randomuser.me/api/portraits/thumb/women/42.jpg'}, 'nat': 'IE'}</msg>
<arg>${json_data['results'][0]}</arg>
<doc>Logs the given message with the given level.</doc>
<status status="PASS" start="2024-04-05T15:14:05.558769" elapsed="0.000406"/>
</kw>
<kw name="Log" owner="BuiltIn">
<msg time="2024-04-05T15:14:05.559589" level="INFO">email</msg>
<arg>${key}</arg>
<doc>Logs the given message with the given level.</doc>
<status status="PASS" start="2024-04-05T15:14:05.559463" elapsed="0.000162"/>
</kw>
<var name="${key}">email</var>
<status status="PASS" start="2024-04-05T15:14:05.557955" elapsed="0.001905"/>
</iter>
<iter>
<kw name="Dictionary Should Contain Key" owner="Collections">
<msg time="2024-04-05T15:14:05.560542" level="INFO">False</msg>
<arg>${json_data['results'][0]}</arg>
<arg>${key}</arg>
<doc>Fails if ``key`` is not found from ``dictionary``.</doc>
<status status="PASS" start="2024-04-05T15:14:05.560158" elapsed="0.000432"/>
</kw>
<kw name="Log" owner="BuiltIn">
<msg time="2024-04-05T15:14:05.561234" level="INFO">{'gender': 'female', 'name': {'title': 'Mrs', 'first': 'Grace', 'last': 'Douglas'}, 'location': {'street': {'number': 5840, 'name': 'Tara Street'}, 'city': 'Nenagh', 'state': 'Kilkenny', 'country': 'Ireland', 'postcode': 79233, 'coordinates': {'latitude': '1.3252', 'longitude': '139.8978'}, 'timezone': {'offset': '0:00', 'description': 'Western Europe Time, London, Lisbon, Casablanca'}}, 'email': 'grace.douglas@example.com', 'login': {'uuid': '63679db7-c639-4ada-9758-252a75913d49', 'username': 'lazydog429', 'password': 'eduard', 'salt': 'zpJOZPtD', 'md5': 'c08fa053ba59caf02e0aba6b4e175b12', 'sha1': '3845f9875ea7cda9ea474374410ac2b943b568cf', 'sha256': '4f2311713f0b339d496e10e1f306fb4906cd7b9ff2e04fac640fe929f5341090'}, 'dob': {'date': '1953-04-15T11:35:36.366Z', 'age': 70}, 'registered': {'date': '2015-09-10T01:34:37.845Z', 'age': 8}, 'phone': '031-612-8355', 'cell': '081-310-6164', 'id': {'name': 'PPS', 'value': '2329868T'}, 'picture': {'large': 'https://randomuser.me/api/portraits/women/42.jpg', 'medium': 'https://randomuser.me/api/portraits/med/women/42.jpg', 'thumbnail': 'https://randomuser.me/api/portraits/thumb/women/42.jpg'}, 'nat': 'IE'}</msg>
<arg>${json_data['results'][0]}</arg>
<doc>Logs the given message with the given level.</doc>
<status status="PASS" start="2024-04-05T15:14:05.560878" elapsed="0.000401"/>
</kw>
<kw name="Log" owner="BuiltIn">
<msg time="2024-04-05T15:14:05.561690" level="INFO">login</msg>
<arg>${key}</arg>
<doc>Logs the given message with the given level.</doc>
<status status="PASS" start="2024-04-05T15:14:05.561565" elapsed="0.000267"/>
</kw>
<var name="${key}">login</var>
<status status="PASS" start="2024-04-05T15:14:05.560044" elapsed="0.002033"/>
</iter>
<var>${key}</var>
<value>@{expected_keys}</value>
<status status="PASS" start="2024-04-05T15:14:05.551314" elapsed="0.010891"/>
</for>
<kw name="Create List" owner="BuiltIn">
<msg time="2024-04-05T15:14:05.562532" level="INFO">${expected_keysTwo} = ['username', 'password']</msg>
<var>${expected_keysTwo}</var>
<arg>username</arg>
<arg>password</arg>
<doc>Returns a list containing given items.</doc>
<status status="PASS" start="2024-04-05T15:14:05.562396" elapsed="0.000159"/>
</kw>
<for flavor="IN">
<iter>
<kw name="Dictionary Should Contain Key" owner="Collections">
<msg time="2024-04-05T15:14:05.563439" level="INFO">False</msg>
<arg>${json_data['results'][0]['login']}</arg>
<arg>${keyTwo}</arg>
<doc>Fails if ``key`` is not found from ``dictionary``.</doc>
<status status="PASS" start="2024-04-05T15:14:05.563062" elapsed="0.000415"/>
</kw>
<kw name="Dictionary Should Contain Key" owner="Collections">
<msg time="2024-04-05T15:14:05.564185" level="INFO">False</msg>
<arg>${json_data['results'][0]['login']}</arg>
<arg>${keyTwo}</arg>
<doc>Fails if ``key`` is not found from ``dictionary``.</doc>
<status status="PASS" start="2024-04-05T15:14:05.563774" elapsed="0.000447"/>
</kw>
<kw name="Log" owner="BuiltIn">
<msg time="2024-04-05T15:14:05.564651" level="INFO">username</msg>
<arg>${keyTwo}</arg>
<doc>Logs the given message with the given level.</doc>
<status status="PASS" start="2024-04-05T15:14:05.564526" elapsed="0.000161"/>
</kw>
<var name="${keyTwo}">username</var>
<status status="PASS" start="2024-04-05T15:14:05.562952" elapsed="0.001951"/>
</iter>
<iter>
<kw name="Dictionary Should Contain Key" owner="Collections">
<msg time="2024-04-05T15:14:05.565555" level="INFO">False</msg>
<arg>${json_data['results'][0]['login']}</arg>
<arg>${keyTwo}</arg>
<doc>Fails if ``key`` is not found from ``dictionary``.</doc>
<status status="PASS" start="2024-04-05T15:14:05.565179" elapsed="0.000412"/>
</kw>
<kw name="Dictionary Should Contain Key" owner="Collections">
<msg time="2024-04-05T15:14:05.566254" level="INFO">False</msg>
<arg>${json_data['results'][0]['login']}</arg>
<arg>${keyTwo}</arg>
<doc>Fails if ``key`` is not found from ``dictionary``.</doc>
<status status="PASS" start="2024-04-05T15:14:05.565881" elapsed="0.000408"/>
</kw>
<kw name="Log" owner="BuiltIn">
<msg time="2024-04-05T15:14:05.566704" level="INFO">password</msg>
<arg>${keyTwo}</arg>
<doc>Logs the given message with the given level.</doc>
<status status="PASS" start="2024-04-05T15:14:05.566578" elapsed="0.000164"/>
</kw>
<var name="${keyTwo}">password</var>
<status status="PASS" start="2024-04-05T15:14:05.565071" elapsed="0.001887"/>
</iter>
<var>${keyTwo}</var>
<value>@{expected_keysTwo}</value>
<status status="PASS" start="2024-04-05T15:14:05.562793" elapsed="0.004285"/>
</for>
<status status="PASS" start="2024-04-05T15:14:05.211922" elapsed="0.355300"/>
</kw>
<doc>Testa a estrutura da resposta da API.</doc>
<tag>testeEstruturaResposta</tag>
<status status="PASS" start="2024-04-05T15:14:05.211095" elapsed="0.356292"/>
</test>
<test id="s1-s1-t4" name="Validar tipos de dados" line="28">
<kw name="Teste de Tipos de Dados" owner="random-user-service">
<kw name="GET On Session" owner="RequestsLibrary">
<msg time="2024-04-05T15:14:05.696955" level="INFO">GET Request : url=https://randomuser.me/api 
 path_url=/api 
 headers={'User-Agent': 'python-requests/2.31.0', 'Accept-Encoding': 'gzip, deflate', 'Accept': '*/*', 'Connection': 'keep-alive'} 
 body=None 
 </msg>
<msg time="2024-04-05T15:14:05.697056" level="INFO">GET Response : url=https://randomuser.me/api 
 status=200, reason=OK 
 headers={'Date': 'Fri, 05 Apr 2024 15:14:05 GMT', 'Content-Type': 'application/json; charset=utf-8', 'Transfer-Encoding': 'chunked', 'Connection': 'keep-alive', 'X-Powered-By': 'Express', 'Access-Control-Allow-Origin': '*', 'Cache-Control': 'no-cache', 'ETag': 'W/"479-W91oZC/P7jL/VGstVJMRfZfb+uw"', 'Vary': 'Accept-Encoding', 'Content-Encoding': 'gzip', 'CF-Cache-Status': 'DYNAMIC', 'Report-To': '{"endpoints":[{"url":"https:\\/\\/a.nel.cloudflare.com\\/report\\/v4?s=%2BEln48hyRcdklDvgfMXJj6CXGT0I0hDoojoXDbabrFSRxkrqGV28JYuPxCFv5xBcJobAIFMAT840tH7gMFbAv%2BUz8xyZhpkF6aBpDcp%2FsaRjE1nWtzXTBMQM3XK0VW5b"}],"group":"cf-nel","max_age":604800}', 'NEL': '{"success_fraction":0,"report_to":"cf-nel","max_age":604800}', 'Server': 'cloudflare', 'CF-RAY': '86fa7c60dc8c980f-SJC', 'alt-svc': 'h3=":443"; ma=86400'} 
 body={"results":[{"gender":"female","name":{"title":"Mrs","first":"Karlijn","last":"Roeffen"},"location":{"street":{"number":5535,"name":"Korensingel"},"city":"Vessem","state":"Zeeland","country":"Netherlands","postcode":"6516 KS","coordinates":{"latitude":"32.2962","longitude":"0.9879"},"timezone":{"offset":"+3:30","description":"Tehran"}},"email":"karlijn.roeffen@example.com","login":{"uuid":"79798fde-d586-48cb-9d06-d22ce5878cd3","username":"greensnake218","password":"1002","salt":"tFxHVTtZ","md5":"875f82d0d32d21c41ec569d634a589b6","sha1":"f6b59bd596e7e9f47e5752bb604ca684f2b53a4b","sha256":"b4230dca6cf67e0aa0f12784f439b8cfa230f18ea0d3fc9c816a8a4eb1349f9f"},"dob":{"date":"1955-02-26T03:38:53.905Z","age":69},"registered":{"date":"2018-05-01T05:22:37.670Z","age":5},"phone":"(035) 4578258","cell":"(06) 72849200","id":{"name":"BSN","value":"13762597"},"picture":{"large":"https://randomuser.me/api/portraits/women/85.jpg","medium":"https://randomuser.me/api/portraits/med/women/85.jpg","thumbnail":"https://randomuser.me/api/portraits/thumb/women/85.jpg"},"nat":"NL"}],"info":{"seed":"47147d4d33fae72c","results":1,"page":1,"version":"1.4"}} 
 </msg>
<msg time="2024-04-05T15:14:05.697125" level="INFO">/opt/hostedtoolcache/Python/3.12.2/x64/lib/python3.12/site-packages/urllib3/connectionpool.py:1103: InsecureRequestWarning: Unverified HTTPS request is being made to host 'randomuser.me'. Adding certificate verification is strongly advised. See: https://urllib3.readthedocs.io/en/latest/advanced-usage.html#tls-warnings
  warnings.warn(</msg>
<msg time="2024-04-05T15:14:05.697263" level="INFO">${response} = &lt;Response [200]&gt;</msg>
<var>${response}</var>
<arg>consultarAPI</arg>
<arg>/api</arg>
<doc>Sends a GET request on a previously created HTTP Session.</doc>
<status status="PASS" start="2024-04-05T15:14:05.569969" elapsed="0.127335"/>
</kw>
<kw name="Set Variable" owner="BuiltIn">
<msg time="2024-04-05T15:14:05.698492" level="INFO">${json_data} = {'results': [{'gender': 'female', 'name': {'title': 'Mrs', 'first': 'Karlijn', 'last': 'Roeffen'}, 'location': {'street': {'number': 5535, 'name': 'Korensingel'}, 'city': 'Vessem', 'state': 'Zeeland',...</msg>
<var>${json_data}</var>
<arg>${response.json()}</arg>
<doc>Returns the given values which can then be assigned to a variables.</doc>
<status status="PASS" start="2024-04-05T15:14:05.697950" elapsed="0.000576"/>
</kw>
<kw name="Log" owner="BuiltIn">
<msg time="2024-04-05T15:14:05.699015" level="INFO">{'results': [{'gender': 'female', 'name': {'title': 'Mrs', 'first': 'Karlijn', 'last': 'Roeffen'}, 'location': {'street': {'number': 5535, 'name': 'Korensingel'}, 'city': 'Vessem', 'state': 'Zeeland', 'country': 'Netherlands', 'postcode': '6516 KS', 'coordinates': {'latitude': '32.2962', 'longitude': '0.9879'}, 'timezone': {'offset': '+3:30', 'description': 'Tehran'}}, 'email': 'karlijn.roeffen@example.com', 'login': {'uuid': '79798fde-d586-48cb-9d06-d22ce5878cd3', 'username': 'greensnake218', 'password': '1002', 'salt': 'tFxHVTtZ', 'md5': '875f82d0d32d21c41ec569d634a589b6', 'sha1': 'f6b59bd596e7e9f47e5752bb604ca684f2b53a4b', 'sha256': 'b4230dca6cf67e0aa0f12784f439b8cfa230f18ea0d3fc9c816a8a4eb1349f9f'}, 'dob': {'date': '1955-02-26T03:38:53.905Z', 'age': 69}, 'registered': {'date': '2018-05-01T05:22:37.670Z', 'age': 5}, 'phone': '(035) 4578258', 'cell': '(06) 72849200', 'id': {'name': 'BSN', 'value': '13762597'}, 'picture': {'large': 'https://randomuser.me/api/portraits/women/85.jpg', 'medium': 'https://randomuser.me/api/portraits/med/women/85.jpg', 'thumbnail': 'https://randomuser.me/api/portraits/thumb/women/85.jpg'}, 'nat': 'NL'}], 'info': {'seed': '47147d4d33fae72c', 'results': 1, 'page': 1, 'version': '1.4'}}</msg>
<arg>${json_data}</arg>
<doc>Logs the given message with the given level.</doc>
<status status="PASS" start="2024-04-05T15:14:05.698853" elapsed="0.000249"/>
</kw>
<kw name="Should Be String" owner="String">
<arg>${json_data['results'][0]['gender']}</arg>
<doc>Fails if the given ``item`` is not a string.</doc>
<status status="PASS" start="2024-04-05T15:14:05.699404" elapsed="0.000366"/>
</kw>
<kw name="Should Match Regexp" owner="BuiltIn">
<arg>${json_data['results'][0]['email']}</arg>
<arg>^[a-zA-Z0-9._%+-]+@[a-zA-Z0-9.-]+\.[a-zA-Z]{2,}$</arg>
<doc>Fails if ``string`` does not match ``pattern`` as a regular expression.</doc>
<status status="PASS" start="2024-04-05T15:14:05.700012" elapsed="0.000533"/>
</kw>
<kw name="Should Match Regexp" owner="BuiltIn">
<arg>${json_data['results'][0]['dob']['date']}</arg>
<arg>\\d{4}-\\d{2}-\\d{2}T\\d{2}:\\d{2}:\\d{2}\\.\\d{3}Z</arg>
<doc>Fails if ``string`` does not match ``pattern`` as a regular expression.</doc>
<status status="PASS" start="2024-04-05T15:14:05.700741" elapsed="0.000487"/>
</kw>
<kw name="Should Match Regexp" owner="BuiltIn">
<arg>${json_data['results'][0]['registered']['date']}</arg>
<arg>\\d{4}-\\d{2}-\\d{2}T\\d{2}:\\d{2}:\\d{2}\\.\\d{3}Z</arg>
<doc>Fails if ``string`` does not match ``pattern`` as a regular expression.</doc>
<status status="PASS" start="2024-04-05T15:14:05.701421" elapsed="0.000367"/>
</kw>
<kw name="Should Match Regexp" owner="BuiltIn">
<arg>${json_data['results'][0]['picture']['large']}</arg>
<arg>^https?://.*\.(?:png|jpe?g|gif|bmp)$</arg>
<doc>Fails if ``string`` does not match ``pattern`` as a regular expression.</doc>
<status status="PASS" start="2024-04-05T15:14:05.701975" elapsed="0.000460"/>
</kw>
<kw name="Should Match Regexp" owner="BuiltIn">
<arg>${json_data['results'][0]['picture']['medium']}</arg>
<arg>^https?://.*\.(?:png|jpe?g|gif|bmp)$</arg>
<doc>Fails if ``string`` does not match ``pattern`` as a regular expression.</doc>
<status status="PASS" start="2024-04-05T15:14:05.702629" elapsed="0.000355"/>
</kw>
<kw name="Should Match Regexp" owner="BuiltIn">
<arg>${json_data['results'][0]['picture']['thumbnail']}</arg>
<arg>^https?://.*\.(?:png|jpe?g|gif|bmp)$</arg>
<doc>Fails if ``string`` does not match ``pattern`` as a regular expression.</doc>
<status status="PASS" start="2024-04-05T15:14:05.703165" elapsed="0.000355"/>
</kw>
<kw name="Log" owner="BuiltIn">
<msg time="2024-04-05T15:14:05.704060" level="INFO">{'large': 'https://randomuser.me/api/portraits/women/85.jpg', 'medium': 'https://randomuser.me/api/portraits/med/women/85.jpg', 'thumbnail': 'https://randomuser.me/api/portraits/thumb/women/85.jpg'}</msg>
<arg>${json_data['results'][0]['picture']}</arg>
<doc>Logs the given message with the given level.</doc>
<status status="PASS" start="2024-04-05T15:14:05.703701" elapsed="0.000405"/>
</kw>
<status status="PASS" start="2024-04-05T15:14:05.569729" elapsed="0.134639"/>
</kw>
<kw name="Teste de Tipos de Dados - Postcode" owner="random-user-service">
<kw name="GET On Session" owner="RequestsLibrary">
<msg time="2024-04-05T15:14:05.793035" level="INFO">GET Request : url=https://randomuser.me/api 
 path_url=/api 
 headers={'User-Agent': 'python-requests/2.31.0', 'Accept-Encoding': 'gzip, deflate', 'Accept': '*/*', 'Connection': 'keep-alive'} 
 body=None 
 </msg>
<msg time="2024-04-05T15:14:05.793127" level="INFO">GET Response : url=https://randomuser.me/api 
 status=200, reason=OK 
 headers={'Date': 'Fri, 05 Apr 2024 15:14:05 GMT', 'Content-Type': 'application/json; charset=utf-8', 'Transfer-Encoding': 'chunked', 'Connection': 'keep-alive', 'X-Powered-By': 'Express', 'Access-Control-Allow-Origin': '*', 'Cache-Control': 'no-cache', 'ETag': 'W/"49b-0/xPi8IJRxKpjqgISAn52R17kvY"', 'Vary': 'Accept-Encoding', 'Content-Encoding': 'gzip', 'CF-Cache-Status': 'DYNAMIC', 'Report-To': '{"endpoints":[{"url":"https:\\/\\/a.nel.cloudflare.com\\/report\\/v4?s=dZa84Y2vd6lLentPDs%2FbIA92AiEQhgD7tNkf%2BYgbm7Z6Invqr535EXNJQTyBN4zCt2uzAh44Z%2BDdvlLRf6gtMojMWxcq6IVAgeAa35o6DXq1sezI%2BHMzKd4KQ9s4QUHl"}],"group":"cf-nel","max_age":604800}', 'NEL': '{"success_fraction":0,"report_to":"cf-nel","max_age":604800}', 'Server': 'cloudflare', 'CF-RAY': '86fa7c61ad1c980f-SJC', 'alt-svc': 'h3=":443"; ma=86400'} 
 body={"results":[{"gender":"female","name":{"title":"Ms","first":"Maria","last":"Chambers"},"location":{"street":{"number":2266,"name":"Albert Road"},"city":"Waterford","state":"South Dublin","country":"Ireland","postcode":47334,"coordinates":{"latitude":"-2.8622","longitude":"50.1211"},"timezone":{"offset":"-5:00","description":"Eastern Time (US &amp; Canada), Bogota, Lima"}},"email":"maria.chambers@example.com","login":{"uuid":"b2f330fd-6566-4da1-a1f3-6dc633e3c39c","username":"bluegorilla864","password":"weasel","salt":"uyy2NfAf","md5":"38271e82551e292f4845f2e4e90ca00b","sha1":"66c478fbdf2b0364b0cde019052560fdc9a720b6","sha256":"c8c15cb8822b2ff8ccaa21f5a95088a2518e83f203f0b9b6c84247f4e956560e"},"dob":{"date":"1987-06-23T13:58:26.538Z","age":36},"registered":{"date":"2010-02-17T13:22:46.432Z","age":14},"phone":"021-917-2684","cell":"081-667-8734","id":{"name":"PPS","value":"6421454T"},"picture":{"large":"https://randomuser.me/api/portraits/women/19.jpg","medium":"https://randomuser.me/api/portraits/med/women/19.jpg","thumbnail":"https://randomuser.me/api/portraits/thumb/women/19.jpg"},"nat":"IE"}],"info":{"seed":"9bf5daa2dd15ffa4","results":1,"page":1,"version":"1.4"}} 
 </msg>
<msg time="2024-04-05T15:14:05.793214" level="INFO">/opt/hostedtoolcache/Python/3.12.2/x64/lib/python3.12/site-packages/urllib3/connectionpool.py:1103: InsecureRequestWarning: Unverified HTTPS request is being made to host 'randomuser.me'. Adding certificate verification is strongly advised. See: https://urllib3.readthedocs.io/en/latest/advanced-usage.html#tls-warnings
  warnings.warn(</msg>
<msg time="2024-04-05T15:14:05.793339" level="INFO">${response} = &lt;Response [200]&gt;</msg>
<var>${response}</var>
<arg>consultarAPI</arg>
<arg>/api</arg>
<doc>Sends a GET request on a previously created HTTP Session.</doc>
<status status="PASS" start="2024-04-05T15:14:05.704987" elapsed="0.088392"/>
</kw>
<kw name="Set Variable" owner="BuiltIn">
<msg time="2024-04-05T15:14:05.794576" level="INFO">${json_data} = {'results': [{'gender': 'female', 'name': {'title': 'Ms', 'first': 'Maria', 'last': 'Chambers'}, 'location': {'street': {'number': 2266, 'name': 'Albert Road'}, 'city': 'Waterford', 'state': 'South Du...</msg>
<var>${json_data}</var>
<arg>${response.json()}</arg>
<doc>Returns the given values which can then be assigned to a variables.</doc>
<status status="PASS" start="2024-04-05T15:14:05.794002" elapsed="0.000602"/>
</kw>
<kw name="Log" owner="BuiltIn">
<msg time="2024-04-05T15:14:05.795076" level="INFO">{'results': [{'gender': 'female', 'name': {'title': 'Ms', 'first': 'Maria', 'last': 'Chambers'}, 'location': {'street': {'number': 2266, 'name': 'Albert Road'}, 'city': 'Waterford', 'state': 'South Dublin', 'country': 'Ireland', 'postcode': 47334, 'coordinates': {'latitude': '-2.8622', 'longitude': '50.1211'}, 'timezone': {'offset': '-5:00', 'description': 'Eastern Time (US &amp; Canada), Bogota, Lima'}}, 'email': 'maria.chambers@example.com', 'login': {'uuid': 'b2f330fd-6566-4da1-a1f3-6dc633e3c39c', 'username': 'bluegorilla864', 'password': 'weasel', 'salt': 'uyy2NfAf', 'md5': '38271e82551e292f4845f2e4e90ca00b', 'sha1': '66c478fbdf2b0364b0cde019052560fdc9a720b6', 'sha256': 'c8c15cb8822b2ff8ccaa21f5a95088a2518e83f203f0b9b6c84247f4e956560e'}, 'dob': {'date': '1987-06-23T13:58:26.538Z', 'age': 36}, 'registered': {'date': '2010-02-17T13:22:46.432Z', 'age': 14}, 'phone': '021-917-2684', 'cell': '081-667-8734', 'id': {'name': 'PPS', 'value': '6421454T'}, 'picture': {'large': 'https://randomuser.me/api/portraits/women/19.jpg', 'medium': 'https://randomuser.me/api/portraits/med/women/19.jpg', 'thumbnail': 'https://randomuser.me/api/portraits/thumb/women/19.jpg'}, 'nat': 'IE'}], 'info': {'seed': '9bf5daa2dd15ffa4', 'results': 1, 'page': 1, 'version': '1.4'}}</msg>
<arg>${json_data}</arg>
<doc>Logs the given message with the given level.</doc>
<status status="PASS" start="2024-04-05T15:14:05.794920" elapsed="0.000238"/>
</kw>
<kw name="Should Be Equal As Numbers" owner="BuiltIn">
<arg>${json_data['results'][0]['location']['postcode']}</arg>
<arg>${json_data['results'][0]['location']['postcode']}</arg>
<doc>Fails if objects are unequal after converting them to real numbers.</doc>
<status status="PASS" start="2024-04-05T15:14:05.795457" elapsed="0.000707"/>
</kw>
<kw name="Log" owner="BuiltIn">
<msg time="2024-04-05T15:14:05.796696" level="INFO">47334</msg>
<arg>${json_data['results'][0]['location']['postcode']}</arg>
<doc>Logs the given message with the given level.</doc>
<status status="PASS" start="2024-04-05T15:14:05.796358" elapsed="0.000379"/>
</kw>
<status status="PASS" start="2024-04-05T15:14:05.704597" elapsed="0.092397"/>
</kw>
<doc>Testa se os tipos de dados na resposta da API estão corretos.</doc>
<tag>testeTiposDados</tag>
<status status="PASS" start="2024-04-05T15:14:05.569156" elapsed="0.228007"/>
</test>
<test id="s1-s1-t5" name="Validar conteudo" line="35">
<kw name="Teste de Tipos de Conteudo" owner="random-user-service">
<kw name="GET On Session" owner="RequestsLibrary">
<msg time="2024-04-05T15:14:05.891798" level="INFO">GET Request : url=https://randomuser.me/api 
 path_url=/api 
 headers={'User-Agent': 'python-requests/2.31.0', 'Accept-Encoding': 'gzip, deflate', 'Accept': '*/*', 'Connection': 'keep-alive'} 
 body=None 
 </msg>
<msg time="2024-04-05T15:14:05.891956" level="INFO">GET Response : url=https://randomuser.me/api 
 status=200, reason=OK 
 headers={'Date': 'Fri, 05 Apr 2024 15:14:05 GMT', 'Content-Type': 'application/json; charset=utf-8', 'Transfer-Encoding': 'chunked', 'Connection': 'keep-alive', 'X-Powered-By': 'Express', 'Access-Control-Allow-Origin': '*', 'Cache-Control': 'no-cache', 'ETag': 'W/"497-FOmOTtXtcXF1qugNJwiKn2dSmgw"', 'Vary': 'Accept-Encoding', 'Content-Encoding': 'gzip', 'CF-Cache-Status': 'DYNAMIC', 'Report-To': '{"endpoints":[{"url":"https:\\/\\/a.nel.cloudflare.com\\/report\\/v4?s=UTKsJwtFN2%2FWNWE3rEDRF3ZpA2Kk9F%2F3xQyZxLXPMW%2FebZa8iPYjdZcqVRrUxwdFALB6RvKgZywc9OLMXHVpzggqP6e6AWb9YLUfAMYVMStWBBPV1uaOx%2FsJLwiCFUvY"}],"group":"cf-nel","max_age":604800}', 'NEL': '{"success_fraction":0,"report_to":"cf-nel","max_age":604800}', 'Server': 'cloudflare', 'CF-RAY': '86fa7c624d79980f-SJC', 'alt-svc': 'h3=":443"; ma=86400'} 
 body={"results":[{"gender":"male","name":{"title":"Mr","first":"Noa","last":"Bertrand"},"location":{"street":{"number":7329,"name":"Boulevard de Balmont"},"city":"Bordeaux","state":"Doubs","country":"France","postcode":41824,"coordinates":{"latitude":"-19.4659","longitude":"-112.9219"},"timezone":{"offset":"+4:00","description":"Abu Dhabi, Muscat, Baku, Tbilisi"}},"email":"noa.bertrand@example.com","login":{"uuid":"b19b2235-cb68-4253-8ef2-4c88dc164d39","username":"yellowdog380","password":"transit","salt":"WTzHkwnq","md5":"706e56cbd1cec57f17e2f59c0ec416b1","sha1":"38d722fb0b1ccb32420dbf44fa72836c359a93fa","sha256":"fb0b819210ddcc572d3f154d2c6c27be078163691359d8e84cd7a92c69c9bc55"},"dob":{"date":"1987-05-01T00:24:48.326Z","age":36},"registered":{"date":"2012-12-21T06:48:21.501Z","age":11},"phone":"05-71-32-82-55","cell":"06-81-94-47-95","id":{"name":"INSEE","value":"1870351714547 36"},"picture":{"large":"https://randomuser.me/api/portraits/men/51.jpg","medium":"https://randomuser.me/api/portraits/med/men/51.jpg","thumbnail":"https://randomuser.me/api/portraits/thumb/men/51.jpg"},"nat":"FR"}],"info":{"seed":"594b3d66bb71b105","results":1,"page":1,"version":"1.4"}} 
 </msg>
<msg time="2024-04-05T15:14:05.892038" level="INFO">/opt/hostedtoolcache/Python/3.12.2/x64/lib/python3.12/site-packages/urllib3/connectionpool.py:1103: InsecureRequestWarning: Unverified HTTPS request is being made to host 'randomuser.me'. Adding certificate verification is strongly advised. See: https://urllib3.readthedocs.io/en/latest/advanced-usage.html#tls-warnings
  warnings.warn(</msg>
<msg time="2024-04-05T15:14:05.892171" level="INFO">${response} = &lt;Response [200]&gt;</msg>
<var>${response}</var>
<arg>consultarAPI</arg>
<arg>/api</arg>
<doc>Sends a GET request on a previously created HTTP Session.</doc>
<status status="PASS" start="2024-04-05T15:14:05.799685" elapsed="0.092527"/>
</kw>
<kw name="Set Variable" owner="BuiltIn">
<msg time="2024-04-05T15:14:05.893482" level="INFO">${json_data} = {'results': [{'gender': 'male', 'name': {'title': 'Mr', 'first': 'Noa', 'last': 'Bertrand'}, 'location': {'street': {'number': 7329, 'name': 'Boulevard de Balmont'}, 'city': 'Bordeaux', 'state': 'Doub...</msg>
<var>${json_data}</var>
<arg>${response.json()}</arg>
<doc>Returns the given values which can then be assigned to a variables.</doc>
<status status="PASS" start="2024-04-05T15:14:05.892907" elapsed="0.000603"/>
</kw>
<kw name="Set Variable" owner="BuiltIn">
<msg time="2024-04-05T15:14:05.894201" level="INFO">${name_title} = Mr</msg>
<var>${name_title}</var>
<arg>${json_data["results"][0]["name"]["title"]}</arg>
<doc>Returns the given values which can then be assigned to a variables.</doc>
<status status="PASS" start="2024-04-05T15:14:05.893819" elapsed="0.000407"/>
</kw>
<kw name="Create List" owner="BuiltIn">
<msg time="2024-04-05T15:14:05.894677" level="INFO">${allowed_titles} = ['Mr', 'Ms', 'Miss', 'Mrs', 'Madame', 'Monsieur']</msg>
<var>${allowed_titles}</var>
<arg>Mr</arg>
<arg>Ms</arg>
<arg>Miss</arg>
<arg>Mrs</arg>
<arg>Madame</arg>
<arg>Monsieur</arg>
<doc>Returns a list containing given items.</doc>
<status status="PASS" start="2024-04-05T15:14:05.894527" elapsed="0.000174"/>
</kw>
<kw name="List Should Contain Value" owner="Collections">
<msg time="2024-04-05T15:14:05.895195" level="INFO">False</msg>
<arg>${allowed_titles}</arg>
<arg>${name_title}</arg>
<doc>Fails if the ``value`` is not found from ``list``.</doc>
<status status="PASS" start="2024-04-05T15:14:05.895017" elapsed="0.000214"/>
</kw>
<kw name="Set Variable" owner="BuiltIn">
<msg time="2024-04-05T15:14:05.895927" level="INFO">${name_country} = FR</msg>
<var>${name_country}</var>
<arg>${json_data["results"][0]["nat"]}</arg>
<doc>Returns the given values which can then be assigned to a variables.</doc>
<status status="PASS" start="2024-04-05T15:14:05.895521" elapsed="0.000432"/>
</kw>
<kw name="Create List" owner="BuiltIn">
<msg time="2024-04-05T15:14:05.896896" level="INFO">${list_country} = ['AD', 'AE', 'AF', 'AG', 'AI', 'AL', 'AM', 'AO', 'AQ', 'AR', 'AS', 'AT', 'AU', 'AW', 'AX', 'AZ', 'BA', 'BB', 'BD', 'BE', 'BF', 'BG', 'BH', 'BI', 'BJ', 'BL', 'BM', 'BN', 'BO', 'BQ', 'BR', 'BS', 'BT', '...</msg>
<var>${list_country}</var>
<arg>AD</arg>
<arg>AE</arg>
<arg>AF</arg>
<arg>AG</arg>
<arg>AI</arg>
<arg>AL</arg>
<arg>AM</arg>
<arg>AO</arg>
<arg>AQ</arg>
<arg>AR</arg>
<arg>AS</arg>
<arg>AT</arg>
<arg>AU</arg>
<arg>AW</arg>
<arg>AX</arg>
<arg>AZ</arg>
<arg>BA</arg>
<arg>BB</arg>
<arg>BD</arg>
<arg>BE</arg>
<arg>BF</arg>
<arg>BG</arg>
<arg>BH</arg>
<arg>BI</arg>
<arg>BJ</arg>
<arg>BL</arg>
<arg>BM</arg>
<arg>BN</arg>
<arg>BO</arg>
<arg>BQ</arg>
<arg>BR</arg>
<arg>BS</arg>
<arg>BT</arg>
<arg>BV</arg>
<arg>BW</arg>
<arg>BY</arg>
<arg>BZ</arg>
<arg>CA</arg>
<arg>CC</arg>
<arg>CD</arg>
<arg>CF</arg>
<arg>CG</arg>
<arg>CH</arg>
<arg>CI</arg>
<arg>CK</arg>
<arg>CL</arg>
<arg>CM</arg>
<arg>CN</arg>
<arg>CO</arg>
<arg>CR</arg>
<arg>CU</arg>
<arg>CV</arg>
<arg>CW</arg>
<arg>CX</arg>
<arg>CY</arg>
<arg>CZ</arg>
<arg>DE</arg>
<arg>DJ</arg>
<arg>DK</arg>
<arg>DM</arg>
<arg>DO</arg>
<arg>DZ</arg>
<arg>EC</arg>
<arg>EE</arg>
<arg>EG</arg>
<arg>EH</arg>
<arg>ER</arg>
<arg>ES</arg>
<arg>ET</arg>
<arg>FI</arg>
<arg>FJ</arg>
<arg>FK</arg>
<arg>FM</arg>
<arg>FO</arg>
<arg>FR</arg>
<arg>GA</arg>
<arg>GB</arg>
<arg>GD</arg>
<arg>GE</arg>
<arg>GF</arg>
<arg>GG</arg>
<arg>GH</arg>
<arg>GI</arg>
<arg>GL</arg>
<arg>GM</arg>
<arg>GN</arg>
<arg>GP</arg>
<arg>GQ</arg>
<arg>GR</arg>
<arg>GS</arg>
<arg>GT</arg>
<arg>GU</arg>
<arg>GW</arg>
<arg>GY</arg>
<arg>HK</arg>
<arg>HM</arg>
<arg>HN</arg>
<arg>HR</arg>
<arg>HT</arg>
<arg>HU</arg>
<arg>ID</arg>
<arg>IE</arg>
<arg>IL</arg>
<arg>IM</arg>
<arg>IN</arg>
<arg>IO</arg>
<arg>IQ</arg>
<arg>IR</arg>
<arg>IS</arg>
<arg>IT</arg>
<arg>JE</arg>
<arg>JM</arg>
<arg>JO</arg>
<arg>JP</arg>
<arg>KE</arg>
<arg>KG</arg>
<arg>KH</arg>
<arg>KI</arg>
<arg>KM</arg>
<arg>KN</arg>
<arg>KP</arg>
<arg>KR</arg>
<arg>KW</arg>
<arg>KY</arg>
<arg>KZ</arg>
<arg>LA</arg>
<arg>LB</arg>
<arg>LC</arg>
<arg>LI</arg>
<arg>LK</arg>
<arg>LR</arg>
<arg>LS</arg>
<arg>LT</arg>
<arg>LU</arg>
<arg>LV</arg>
<arg>LY</arg>
<arg>MA</arg>
<arg>MC</arg>
<arg>MD</arg>
<arg>ME</arg>
<arg>MF</arg>
<arg>MG</arg>
<arg>MH</arg>
<arg>MK</arg>
<arg>ML</arg>
<arg>MM</arg>
<arg>MN</arg>
<arg>MO</arg>
<arg>MP</arg>
<arg>MQ</arg>
<arg>MR</arg>
<arg>MS</arg>
<arg>MT</arg>
<arg>MU</arg>
<arg>MV</arg>
<arg>MW</arg>
<arg>MX</arg>
<arg>MY</arg>
<arg>MZ</arg>
<arg>NA</arg>
<arg>NC</arg>
<arg>NE</arg>
<arg>NF</arg>
<arg>NG</arg>
<arg>NI</arg>
<arg>NL</arg>
<arg>NO</arg>
<arg>NP</arg>
<arg>NR</arg>
<arg>NU</arg>
<arg>NZ</arg>
<arg>OM</arg>
<arg>PA</arg>
<arg>PE</arg>
<arg>PF</arg>
<arg>PG</arg>
<arg>PH</arg>
<arg>PK</arg>
<arg>PL</arg>
<arg>PM</arg>
<arg>PN</arg>
<arg>PR</arg>
<arg>PS</arg>
<arg>PT</arg>
<arg>PW</arg>
<arg>PY</arg>
<arg>QA</arg>
<arg>RE</arg>
<arg>RO</arg>
<arg>RS</arg>
<arg>RU</arg>
<arg>RW</arg>
<arg>SA</arg>
<arg>SB</arg>
<arg>SC</arg>
<arg>SD</arg>
<arg>SE</arg>
<arg>SG</arg>
<arg>SH</arg>
<arg>SI</arg>
<arg>SJ</arg>
<arg>SK</arg>
<arg>SL</arg>
<arg>SM</arg>
<arg>SN</arg>
<arg>SO</arg>
<arg>SR</arg>
<arg>SS</arg>
<arg>ST</arg>
<arg>SV</arg>
<arg>SX</arg>
<arg>SY</arg>
<arg>SZ</arg>
<arg>TC</arg>
<arg>TD</arg>
<arg>TF</arg>
<arg>TG</arg>
<arg>TH</arg>
<arg>TJ</arg>
<arg>TK</arg>
<arg>TL</arg>
<arg>TM</arg>
<arg>TN</arg>
<arg>TO</arg>
<arg>TR</arg>
<arg>TT</arg>
<arg>TV</arg>
<arg>TW</arg>
<arg>TZ</arg>
<arg>UA</arg>
<arg>UG</arg>
<arg>UM</arg>
<arg>US</arg>
<arg>UY</arg>
<arg>UZ</arg>
<arg>VA</arg>
<arg>VC</arg>
<arg>VE</arg>
<arg>VG</arg>
<arg>VI</arg>
<arg>VN</arg>
<arg>VU</arg>
<arg>WF</arg>
<arg>WS</arg>
<arg>XK</arg>
<arg>YE</arg>
<arg>YT</arg>
<arg>ZA</arg>
<arg>ZM</arg>
<arg>ZW</arg>
<doc>Returns a list containing given items.</doc>
<status status="PASS" start="2024-04-05T15:14:05.896295" elapsed="0.000626"/>
</kw>
<kw name="List Should Contain Value" owner="Collections">
<msg time="2024-04-05T15:14:05.898051" level="INFO">False</msg>
<arg>${list_country}</arg>
<arg>${name_country}</arg>
<doc>Fails if the ``value`` is not found from ``list``.</doc>
<status status="PASS" start="2024-04-05T15:14:05.897846" elapsed="0.000242"/>
</kw>
<kw name="Run Keyword If" owner="BuiltIn">
<kw name="Should Be True" owner="BuiltIn">
<arg>${True}</arg>
<doc>Fails if the given condition is not true.</doc>
<status status="PASS" start="2024-04-05T15:14:05.899205" elapsed="0.000150"/>
</kw>
<arg>${json_data["results"][0]["location"]["coordinates"]["latitude"]} &gt;= -90 and ${json_data["results"][0]["location"]["coordinates"]["latitude"]} &lt;= 90</arg>
<arg>Should Be True</arg>
<arg>${True}</arg>
<doc>Runs the given keyword with the given arguments, if ``condition`` is true.</doc>
<status status="PASS" start="2024-04-05T15:14:05.898400" elapsed="0.001086"/>
</kw>
<kw name="Run Keyword If" owner="BuiltIn">
<kw name="Should Be True" owner="BuiltIn">
<arg>${True}</arg>
<doc>Fails if the given condition is not true.</doc>
<status status="PASS" start="2024-04-05T15:14:05.900396" elapsed="0.000141"/>
</kw>
<arg>${json_data["results"][0]["location"]["coordinates"]["longitude"]} &gt;= -180 and ${json_data["results"][0]["location"]["coordinates"]["longitude"]} &lt;= 180</arg>
<arg>Should Be True</arg>
<arg>${True}</arg>
<doc>Runs the given keyword with the given arguments, if ``condition`` is true.</doc>
<status status="PASS" start="2024-04-05T15:14:05.899670" elapsed="0.000998"/>
</kw>
<status status="PASS" start="2024-04-05T15:14:05.799452" elapsed="0.101355"/>
</kw>
<doc>Testa o conteúdo específico dos campos retornados pela API.</doc>
<tag>testeConteudo</tag>
<status status="PASS" start="2024-04-05T15:14:05.798894" elapsed="0.102085"/>
</test>
<status status="PASS" start="2024-04-05T15:14:03.564085" elapsed="2.338932"/>
</suite>
<status status="PASS" start="2024-04-05T15:14:03.550232" elapsed="2.358381"/>
</suite>
<statistics>
<total>
<stat pass="5" fail="0" skip="0">All Tests</stat>
</total>
<tag>
<stat pass="1" fail="0" skip="0">testeConteudo</stat>
<stat pass="1" fail="0" skip="0">testeEstruturaResposta</stat>
<stat pass="1" fail="0" skip="0">testeRequisicaoBasica</stat>
<stat pass="1" fail="0" skip="0">testeTiposDados</stat>
</tag>
<suite>
<stat pass="5" fail="0" skip="0" id="s1" name="Tests">Tests</stat>
<stat pass="5" fail="0" skip="0" id="s1-s1" name="Random-User-Test">Tests.Random-User-Test</stat>
</suite>
</statistics>
<errors>
</errors>
</robot>
