<?xml version="1.0" encoding="UTF-8"?>
<robot generator="Robot 7.0.1 (Python 3.12.4 on linux)" generated="2024-07-21T06:19:49.175140" rpa="false" schemaversion="5">
<suite id="s1" name="Tests" source="/home/runner/work/ApiRandomUser/ApiRandomUser/RamdonUser/tests">
<suite id="s1-s1" name="Random-User-Test" source="/home/runner/work/ApiRandomUser/ApiRandomUser/RamdonUser/tests/random-user-test.robot">
<test id="s1-s1-t1" name="Conectar" line="13">
<kw name="Conectar API" owner="random-user-service">
<kw name="Create Session" owner="RequestsLibrary">
<msg time="2024-07-21T06:19:49.564341" level="INFO">Creating Session using : alias=consultarAPI, url=https://randomuser.me/, headers={},                     cookies={}, auth=None, timeout=None, proxies=None, verify=False,                     debug=0 </msg>
<arg>consultarAPI</arg>
<arg>${URL}</arg>
<doc>Create Session: create a HTTP session to a server</doc>
<status status="PASS" start="2024-07-21T06:19:49.564144" elapsed="0.000371"/>
</kw>
<status status="PASS" start="2024-07-21T06:19:49.563091" elapsed="0.001778"/>
</kw>
<status status="PASS" start="2024-07-21T06:19:49.562513" elapsed="0.002547"/>
</test>
<test id="s1-s1-t2" name="Validar retorno 200 e JSON Válido" line="16">
<kw name="Teste de Requisicao Basica" owner="random-user-service">
<kw name="GET On Session" owner="RequestsLibrary">
<msg time="2024-07-21T06:19:49.634661" level="INFO">GET Request : url=https://randomuser.me/api 
 path_url=/api 
 headers={'User-Agent': 'python-requests/2.32.3', 'Accept-Encoding': 'gzip, deflate', 'Accept': '*/*', 'Connection': 'keep-alive'} 
 body=None 
 </msg>
<msg time="2024-07-21T06:19:49.634801" level="INFO">GET Response : url=https://randomuser.me/api 
 status=200, reason=OK 
 headers={'Date': 'Sun, 21 Jul 2024 06:19:49 GMT', 'Content-Type': 'application/json; charset=utf-8', 'Transfer-Encoding': 'chunked', 'Connection': 'keep-alive', 'X-Powered-By': 'Express', 'Access-Control-Allow-Origin': '*', 'Cache-Control': 'no-cache', 'ETag': 'W/"4a0-rARGMcKYvAVQ2JKgEZlkrnmMloo"', 'Vary': 'Accept-Encoding', 'Content-Encoding': 'gzip', 'CF-Cache-Status': 'DYNAMIC', 'Report-To': '{"endpoints":[{"url":"https:\\/\\/a.nel.cloudflare.com\\/report\\/v4?s=%2FdWFW8cPr5YZMzSckaAhFEQ%2FanJFO1wK6Mjg0Fx5u%2FcBzjKlYopZmxsQyhgaOS8Tu1zXNTAaHytGIU%2Ft1X7Ojw8QZjtJQoizPI6QWLIHCvLHhBickCIIzQZEFtMOWcMK"}],"group":"cf-nel","max_age":604800}', 'NEL': '{"success_fraction":0,"report_to":"cf-nel","max_age":604800}', 'Server': 'cloudflare', 'CF-RAY': '8a6914e30ec80818-IAD', 'alt-svc': 'h3=":443"; ma=86400'} 
 body={"results":[{"gender":"female","name":{"title":"Miss","first":"Maria","last":"Robinson"},"location":{"street":{"number":2497,"name":"George Street"},"city":"Hastings","state":"West Coast","country":"New Zealand","postcode":77893,"coordinates":{"latitude":"54.8400","longitude":"37.1792"},"timezone":{"offset":"0:00","description":"Western Europe Time, London, Lisbon, Casablanca"}},"email":"maria.robinson@example.com","login":{"uuid":"a947345f-c382-400b-8afb-c3dd3cbaf7fe","username":"sadrabbit285","password":"vincent1","salt":"nFiacRsP","md5":"3f7d3052c95d8a49e340a881b809a2bd","sha1":"608bbffc5e140be5a5d9033adb03c628c9ffa97a","sha256":"bdb3c553eec07bf55b3fa349bff762cee07fb811a13088d165d72d35890d37b5"},"dob":{"date":"1992-09-14T18:11:28.634Z","age":31},"registered":{"date":"2019-07-14T19:50:08.531Z","age":5},"phone":"(766)-949-9252","cell":"(968)-212-5031","id":{"name":"","value":null},"picture":{"large":"https://randomuser.me/api/portraits/women/18.jpg","medium":"https://randomuser.me/api/portraits/med/women/18.jpg","thumbnail":"https://randomuser.me/api/portraits/thumb/women/18.jpg"},"nat":"NZ"}],"info":{"seed":"331864942c2d248b","results":1,"page":1,"version":"1.4"}} 
 </msg>
<msg time="2024-07-21T06:19:49.634890" level="INFO">/opt/hostedtoolcache/Python/3.12.4/x64/lib/python3.12/site-packages/urllib3/connectionpool.py:1099: InsecureRequestWarning: Unverified HTTPS request is being made to host 'randomuser.me'. Adding certificate verification is strongly advised. See: https://urllib3.readthedocs.io/en/latest/advanced-usage.html#tls-warnings
  warnings.warn(</msg>
<msg time="2024-07-21T06:19:49.635038" level="INFO">${response} = &lt;Response [200]&gt;</msg>
<var>${response}</var>
<arg>consultarAPI</arg>
<arg>/api</arg>
<doc>Sends a GET request on a previously created HTTP Session.</doc>
<status status="PASS" start="2024-07-21T06:19:49.567689" elapsed="0.067407"/>
</kw>
<kw name="Should Be Equal As Numbers" owner="BuiltIn">
<msg time="2024-07-21T06:19:49.636284" level="INFO">Argument types are:
&lt;class 'int'&gt;
&lt;class 'str'&gt;</msg>
<arg>${response.status_code}</arg>
<arg>200</arg>
<doc>Fails if objects are unequal after converting them to real numbers.</doc>
<status status="PASS" start="2024-07-21T06:19:49.635730" elapsed="0.000618"/>
</kw>
<kw name="Log" owner="BuiltIn">
<msg time="2024-07-21T06:19:49.637171" level="INFO">200</msg>
<arg>${response.status_code}</arg>
<doc>Logs the given message with the given level.</doc>
<status status="PASS" start="2024-07-21T06:19:49.636664" elapsed="0.000571"/>
</kw>
<kw name="Set Variable" owner="BuiltIn">
<msg time="2024-07-21T06:19:49.638050" level="INFO">${json_data} = {'results': [{'gender': 'female', 'name': {'title': 'Miss', 'first': 'Maria', 'last': 'Robinson'}, 'location': {'street': {'number': 2497, 'name': 'George Street'}, 'city': 'Hastings', 'state': 'West ...</msg>
<var>${json_data}</var>
<arg>${response.json()}</arg>
<doc>Returns the given values which can then be assigned to a variables.</doc>
<status status="PASS" start="2024-07-21T06:19:49.637623" elapsed="0.000455"/>
</kw>
<kw name="Dictionary Should Contain Key" owner="Collections">
<arg>${json_data}</arg>
<arg>results</arg>
<doc>Fails if ``key`` is not found from ``dictionary``.</doc>
<status status="PASS" start="2024-07-21T06:19:49.638380" elapsed="0.000292"/>
</kw>
<status status="PASS" start="2024-07-21T06:19:49.567446" elapsed="0.071374"/>
</kw>
<doc>Testa se a API responde corretamente e retorna um objeto JSON válido.</doc>
<tag>testeRequisicaoBasica</tag>
<status status="PASS" start="2024-07-21T06:19:49.566934" elapsed="0.072044"/>
</test>
<test id="s1-s1-t3" name="Validar estrutura de resposta" line="22">
<kw name="Teste de Estrutura de Resposta" owner="random-user-service">
<kw name="GET On Session" owner="RequestsLibrary">
<msg time="2024-07-21T06:19:49.732353" level="INFO">GET Request : url=https://randomuser.me/api 
 path_url=/api 
 headers={'User-Agent': 'python-requests/2.32.3', 'Accept-Encoding': 'gzip, deflate', 'Accept': '*/*', 'Connection': 'keep-alive'} 
 body=None 
 </msg>
<msg time="2024-07-21T06:19:49.732428" level="INFO">GET Response : url=https://randomuser.me/api 
 status=200, reason=OK 
 headers={'Date': 'Sun, 21 Jul 2024 06:19:49 GMT', 'Content-Type': 'application/json; charset=utf-8', 'Transfer-Encoding': 'chunked', 'Connection': 'keep-alive', 'X-Powered-By': 'Express', 'Access-Control-Allow-Origin': '*', 'Cache-Control': 'no-cache', 'ETag': 'W/"4a2-0n5Njx5w57Hr821evcOc+Bg/gKE"', 'Vary': 'Accept-Encoding', 'Content-Encoding': 'gzip', 'CF-Cache-Status': 'DYNAMIC', 'Report-To': '{"endpoints":[{"url":"https:\\/\\/a.nel.cloudflare.com\\/report\\/v4?s=S%2FP7UiQHkXez2Uf4gzQDvfELKZCyP5EmZsRwrbrzSdFfXYmHTiQZGgsO9jkXR9f3%2FpPngldU5MmENtQ%2BfgEJosrscx6p1manTLNp%2F7dJ7khPmbcHoJ2Sm1yztAPaPVQW"}],"group":"cf-nel","max_age":604800}', 'NEL': '{"success_fraction":0,"report_to":"cf-nel","max_age":604800}', 'Server': 'cloudflare', 'CF-RAY': '8a6914e34eff0818-IAD', 'alt-svc': 'h3=":443"; ma=86400'} 
 body={"results":[{"gender":"female","name":{"title":"Mrs","first":"Melina","last":"Kitić"},"location":{"street":{"number":3272,"name":"Milorada Živkovića"},"city":"Velika Plana","state":"Pomoravlje","country":"Serbia","postcode":19695,"coordinates":{"latitude":"59.5342","longitude":"29.1831"},"timezone":{"offset":"+1:00","description":"Brussels, Copenhagen, Madrid, Paris"}},"email":"melina.kitic@example.com","login":{"uuid":"85a758e9-1f4a-4ad3-a3f7-13464077935b","username":"heavybutterfly273","password":"vibrate","salt":"8sOQZn5n","md5":"afb0b761443784dd9e5928bac10aaae0","sha1":"62017c19526febd7858ff5ec7d8025f0440ea58c","sha256":"486cd7eb2fa689ba31182c29a830733c28be72bb81ae878fc9d5a34299a6de64"},"dob":{"date":"1959-05-05T17:04:06.744Z","age":65},"registered":{"date":"2010-07-29T05:44:37.655Z","age":13},"phone":"014-4523-786","cell":"062-1470-597","id":{"name":"SID","value":"345491472"},"picture":{"large":"https://randomuser.me/api/portraits/women/26.jpg","medium":"https://randomuser.me/api/portraits/med/women/26.jpg","thumbnail":"https://randomuser.me/api/portraits/thumb/women/26.jpg"},"nat":"RS"}],"info":{"seed":"3c96517e058dcb71","results":1,"page":1,"version":"1.4"}} 
 </msg>
<msg time="2024-07-21T06:19:49.732533" level="INFO">/opt/hostedtoolcache/Python/3.12.4/x64/lib/python3.12/site-packages/urllib3/connectionpool.py:1099: InsecureRequestWarning: Unverified HTTPS request is being made to host 'randomuser.me'. Adding certificate verification is strongly advised. See: https://urllib3.readthedocs.io/en/latest/advanced-usage.html#tls-warnings
  warnings.warn(</msg>
<msg time="2024-07-21T06:19:49.732632" level="INFO">${response} = &lt;Response [200]&gt;</msg>
<var>${response}</var>
<arg>consultarAPI</arg>
<arg>/api</arg>
<doc>Sends a GET request on a previously created HTTP Session.</doc>
<status status="PASS" start="2024-07-21T06:19:49.641617" elapsed="0.091042"/>
</kw>
<kw name="Set Variable" owner="BuiltIn">
<msg time="2024-07-21T06:19:49.733547" level="INFO">${json_data} = {'results': [{'gender': 'female', 'name': {'title': 'Mrs', 'first': 'Melina', 'last': 'Kitić'}, 'location': {'street': {'number': 3272, 'name': 'Milorada Živkovića'}, 'city': 'Velika Plana', 'state': ...</msg>
<var>${json_data}</var>
<arg>${response.json()}</arg>
<doc>Returns the given values which can then be assigned to a variables.</doc>
<status status="PASS" start="2024-07-21T06:19:49.733069" elapsed="0.000510"/>
</kw>
<kw name="Log" owner="BuiltIn">
<msg time="2024-07-21T06:19:49.734058" level="INFO">{'results': [{'gender': 'female', 'name': {'title': 'Mrs', 'first': 'Melina', 'last': 'Kitić'}, 'location': {'street': {'number': 3272, 'name': 'Milorada Živkovića'}, 'city': 'Velika Plana', 'state': 'Pomoravlje', 'country': 'Serbia', 'postcode': 19695, 'coordinates': {'latitude': '59.5342', 'longitude': '29.1831'}, 'timezone': {'offset': '+1:00', 'description': 'Brussels, Copenhagen, Madrid, Paris'}}, 'email': 'melina.kitic@example.com', 'login': {'uuid': '85a758e9-1f4a-4ad3-a3f7-13464077935b', 'username': 'heavybutterfly273', 'password': 'vibrate', 'salt': '8sOQZn5n', 'md5': 'afb0b761443784dd9e5928bac10aaae0', 'sha1': '62017c19526febd7858ff5ec7d8025f0440ea58c', 'sha256': '486cd7eb2fa689ba31182c29a830733c28be72bb81ae878fc9d5a34299a6de64'}, 'dob': {'date': '1959-05-05T17:04:06.744Z', 'age': 65}, 'registered': {'date': '2010-07-29T05:44:37.655Z', 'age': 13}, 'phone': '014-4523-786', 'cell': '062-1470-597', 'id': {'name': 'SID', 'value': '345491472'}, 'picture': {'large': 'https://randomuser.me/api/portraits/women/26.jpg', 'medium': 'https://randomuser.me/api/portraits/med/women/26.jpg', 'thumbnail': 'https://randomuser.me/api/portraits/thumb/women/26.jpg'}, 'nat': 'RS'}], 'info': {'seed': '3c96517e058dcb71', 'results': 1, 'page': 1, 'version': '1.4'}}</msg>
<arg>${json_data}</arg>
<doc>Logs the given message with the given level.</doc>
<status status="PASS" start="2024-07-21T06:19:49.733885" elapsed="0.000225"/>
</kw>
<kw name="Dictionary Should Contain Key" owner="Collections">
<arg>${json_data}</arg>
<arg>results</arg>
<doc>Fails if ``key`` is not found from ``dictionary``.</doc>
<status status="PASS" start="2024-07-21T06:19:49.734399" elapsed="0.000161"/>
</kw>
<kw name="Should Not Be Empty" owner="BuiltIn">
<msg time="2024-07-21T06:19:49.734879" level="INFO">Length is 2.</msg>
<arg>${json_data}</arg>
<doc>Verifies that the given item is not empty.</doc>
<status status="PASS" start="2024-07-21T06:19:49.734748" elapsed="0.000169"/>
</kw>
<kw name="Create List" owner="BuiltIn">
<msg time="2024-07-21T06:19:49.735364" level="INFO">${expected_keys} = ['gender', 'name', 'location', 'email', 'login']</msg>
<var>${expected_keys}</var>
<arg>gender</arg>
<arg>name</arg>
<arg>location</arg>
<arg>email</arg>
<arg>login</arg>
<doc>Returns a list containing given items.</doc>
<status status="PASS" start="2024-07-21T06:19:49.735212" elapsed="0.000177"/>
</kw>
<for flavor="IN">
<iter>
<kw name="Dictionary Should Contain Key" owner="Collections">
<arg>${json_data['results'][0]}</arg>
<arg>${key}</arg>
<doc>Fails if ``key`` is not found from ``dictionary``.</doc>
<status status="PASS" start="2024-07-21T06:19:49.735994" elapsed="0.000432"/>
</kw>
<kw name="Log" owner="BuiltIn">
<msg time="2024-07-21T06:19:49.736988" level="INFO">{'gender': 'female', 'name': {'title': 'Mrs', 'first': 'Melina', 'last': 'Kitić'}, 'location': {'street': {'number': 3272, 'name': 'Milorada Živkovića'}, 'city': 'Velika Plana', 'state': 'Pomoravlje', 'country': 'Serbia', 'postcode': 19695, 'coordinates': {'latitude': '59.5342', 'longitude': '29.1831'}, 'timezone': {'offset': '+1:00', 'description': 'Brussels, Copenhagen, Madrid, Paris'}}, 'email': 'melina.kitic@example.com', 'login': {'uuid': '85a758e9-1f4a-4ad3-a3f7-13464077935b', 'username': 'heavybutterfly273', 'password': 'vibrate', 'salt': '8sOQZn5n', 'md5': 'afb0b761443784dd9e5928bac10aaae0', 'sha1': '62017c19526febd7858ff5ec7d8025f0440ea58c', 'sha256': '486cd7eb2fa689ba31182c29a830733c28be72bb81ae878fc9d5a34299a6de64'}, 'dob': {'date': '1959-05-05T17:04:06.744Z', 'age': 65}, 'registered': {'date': '2010-07-29T05:44:37.655Z', 'age': 13}, 'phone': '014-4523-786', 'cell': '062-1470-597', 'id': {'name': 'SID', 'value': '345491472'}, 'picture': {'large': 'https://randomuser.me/api/portraits/women/26.jpg', 'medium': 'https://randomuser.me/api/portraits/med/women/26.jpg', 'thumbnail': 'https://randomuser.me/api/portraits/thumb/women/26.jpg'}, 'nat': 'RS'}</msg>
<arg>${json_data['results'][0]}</arg>
<doc>Logs the given message with the given level.</doc>
<status status="PASS" start="2024-07-21T06:19:49.736615" elapsed="0.000426"/>
</kw>
<kw name="Log" owner="BuiltIn">
<msg time="2024-07-21T06:19:49.737490" level="INFO">gender</msg>
<arg>${key}</arg>
<doc>Logs the given message with the given level.</doc>
<status status="PASS" start="2024-07-21T06:19:49.737359" elapsed="0.000170"/>
</kw>
<var name="${key}">gender</var>
<status status="PASS" start="2024-07-21T06:19:49.735842" elapsed="0.001904"/>
</iter>
<iter>
<kw name="Dictionary Should Contain Key" owner="Collections">
<arg>${json_data['results'][0]}</arg>
<arg>${key}</arg>
<doc>Fails if ``key`` is not found from ``dictionary``.</doc>
<status status="PASS" start="2024-07-21T06:19:49.738046" elapsed="0.000396"/>
</kw>
<kw name="Log" owner="BuiltIn">
<msg time="2024-07-21T06:19:49.739018" level="INFO">{'gender': 'female', 'name': {'title': 'Mrs', 'first': 'Melina', 'last': 'Kitić'}, 'location': {'street': {'number': 3272, 'name': 'Milorada Živkovića'}, 'city': 'Velika Plana', 'state': 'Pomoravlje', 'country': 'Serbia', 'postcode': 19695, 'coordinates': {'latitude': '59.5342', 'longitude': '29.1831'}, 'timezone': {'offset': '+1:00', 'description': 'Brussels, Copenhagen, Madrid, Paris'}}, 'email': 'melina.kitic@example.com', 'login': {'uuid': '85a758e9-1f4a-4ad3-a3f7-13464077935b', 'username': 'heavybutterfly273', 'password': 'vibrate', 'salt': '8sOQZn5n', 'md5': 'afb0b761443784dd9e5928bac10aaae0', 'sha1': '62017c19526febd7858ff5ec7d8025f0440ea58c', 'sha256': '486cd7eb2fa689ba31182c29a830733c28be72bb81ae878fc9d5a34299a6de64'}, 'dob': {'date': '1959-05-05T17:04:06.744Z', 'age': 65}, 'registered': {'date': '2010-07-29T05:44:37.655Z', 'age': 13}, 'phone': '014-4523-786', 'cell': '062-1470-597', 'id': {'name': 'SID', 'value': '345491472'}, 'picture': {'large': 'https://randomuser.me/api/portraits/women/26.jpg', 'medium': 'https://randomuser.me/api/portraits/med/women/26.jpg', 'thumbnail': 'https://randomuser.me/api/portraits/thumb/women/26.jpg'}, 'nat': 'RS'}</msg>
<arg>${json_data['results'][0]}</arg>
<doc>Logs the given message with the given level.</doc>
<status status="PASS" start="2024-07-21T06:19:49.738623" elapsed="0.000448"/>
</kw>
<kw name="Log" owner="BuiltIn">
<msg time="2024-07-21T06:19:49.739496" level="INFO">name</msg>
<arg>${key}</arg>
<doc>Logs the given message with the given level.</doc>
<status status="PASS" start="2024-07-21T06:19:49.739369" elapsed="0.000165"/>
</kw>
<var name="${key}">name</var>
<status status="PASS" start="2024-07-21T06:19:49.737934" elapsed="0.001871"/>
</iter>
<iter>
<kw name="Dictionary Should Contain Key" owner="Collections">
<arg>${json_data['results'][0]}</arg>
<arg>${key}</arg>
<doc>Fails if ``key`` is not found from ``dictionary``.</doc>
<status status="PASS" start="2024-07-21T06:19:49.740238" elapsed="0.000614"/>
</kw>
<kw name="Log" owner="BuiltIn">
<msg time="2024-07-21T06:19:49.741784" level="INFO">{'gender': 'female', 'name': {'title': 'Mrs', 'first': 'Melina', 'last': 'Kitić'}, 'location': {'street': {'number': 3272, 'name': 'Milorada Živkovića'}, 'city': 'Velika Plana', 'state': 'Pomoravlje', 'country': 'Serbia', 'postcode': 19695, 'coordinates': {'latitude': '59.5342', 'longitude': '29.1831'}, 'timezone': {'offset': '+1:00', 'description': 'Brussels, Copenhagen, Madrid, Paris'}}, 'email': 'melina.kitic@example.com', 'login': {'uuid': '85a758e9-1f4a-4ad3-a3f7-13464077935b', 'username': 'heavybutterfly273', 'password': 'vibrate', 'salt': '8sOQZn5n', 'md5': 'afb0b761443784dd9e5928bac10aaae0', 'sha1': '62017c19526febd7858ff5ec7d8025f0440ea58c', 'sha256': '486cd7eb2fa689ba31182c29a830733c28be72bb81ae878fc9d5a34299a6de64'}, 'dob': {'date': '1959-05-05T17:04:06.744Z', 'age': 65}, 'registered': {'date': '2010-07-29T05:44:37.655Z', 'age': 13}, 'phone': '014-4523-786', 'cell': '062-1470-597', 'id': {'name': 'SID', 'value': '345491472'}, 'picture': {'large': 'https://randomuser.me/api/portraits/women/26.jpg', 'medium': 'https://randomuser.me/api/portraits/med/women/26.jpg', 'thumbnail': 'https://randomuser.me/api/portraits/thumb/women/26.jpg'}, 'nat': 'RS'}</msg>
<arg>${json_data['results'][0]}</arg>
<doc>Logs the given message with the given level.</doc>
<status status="PASS" start="2024-07-21T06:19:49.741161" elapsed="0.000712"/>
</kw>
<kw name="Log" owner="BuiltIn">
<msg time="2024-07-21T06:19:49.742535" level="INFO">location</msg>
<arg>${key}</arg>
<doc>Logs the given message with the given level.</doc>
<status status="PASS" start="2024-07-21T06:19:49.742325" elapsed="0.000289"/>
</kw>
<var name="${key}">location</var>
<status status="PASS" start="2024-07-21T06:19:49.740075" elapsed="0.002891"/>
</iter>
<iter>
<kw name="Dictionary Should Contain Key" owner="Collections">
<arg>${json_data['results'][0]}</arg>
<arg>${key}</arg>
<doc>Fails if ``key`` is not found from ``dictionary``.</doc>
<status status="PASS" start="2024-07-21T06:19:49.743446" elapsed="0.000683"/>
</kw>
<kw name="Log" owner="BuiltIn">
<msg time="2024-07-21T06:19:49.745223" level="INFO">{'gender': 'female', 'name': {'title': 'Mrs', 'first': 'Melina', 'last': 'Kitić'}, 'location': {'street': {'number': 3272, 'name': 'Milorada Živkovića'}, 'city': 'Velika Plana', 'state': 'Pomoravlje', 'country': 'Serbia', 'postcode': 19695, 'coordinates': {'latitude': '59.5342', 'longitude': '29.1831'}, 'timezone': {'offset': '+1:00', 'description': 'Brussels, Copenhagen, Madrid, Paris'}}, 'email': 'melina.kitic@example.com', 'login': {'uuid': '85a758e9-1f4a-4ad3-a3f7-13464077935b', 'username': 'heavybutterfly273', 'password': 'vibrate', 'salt': '8sOQZn5n', 'md5': 'afb0b761443784dd9e5928bac10aaae0', 'sha1': '62017c19526febd7858ff5ec7d8025f0440ea58c', 'sha256': '486cd7eb2fa689ba31182c29a830733c28be72bb81ae878fc9d5a34299a6de64'}, 'dob': {'date': '1959-05-05T17:04:06.744Z', 'age': 65}, 'registered': {'date': '2010-07-29T05:44:37.655Z', 'age': 13}, 'phone': '014-4523-786', 'cell': '062-1470-597', 'id': {'name': 'SID', 'value': '345491472'}, 'picture': {'large': 'https://randomuser.me/api/portraits/women/26.jpg', 'medium': 'https://randomuser.me/api/portraits/med/women/26.jpg', 'thumbnail': 'https://randomuser.me/api/portraits/thumb/women/26.jpg'}, 'nat': 'RS'}</msg>
<arg>${json_data['results'][0]}</arg>
<doc>Logs the given message with the given level.</doc>
<status status="PASS" start="2024-07-21T06:19:49.744623" elapsed="0.000679"/>
</kw>
<kw name="Log" owner="BuiltIn">
<msg time="2024-07-21T06:19:49.745962" level="INFO">email</msg>
<arg>${key}</arg>
<doc>Logs the given message with the given level.</doc>
<status status="PASS" start="2024-07-21T06:19:49.745748" elapsed="0.000286"/>
</kw>
<var name="${key}">email</var>
<status status="PASS" start="2024-07-21T06:19:49.743258" elapsed="0.003132"/>
</iter>
<iter>
<kw name="Dictionary Should Contain Key" owner="Collections">
<arg>${json_data['results'][0]}</arg>
<arg>${key}</arg>
<doc>Fails if ``key`` is not found from ``dictionary``.</doc>
<status status="PASS" start="2024-07-21T06:19:49.746832" elapsed="0.000634"/>
</kw>
<kw name="Log" owner="BuiltIn">
<msg time="2024-07-21T06:19:49.748439" level="INFO">{'gender': 'female', 'name': {'title': 'Mrs', 'first': 'Melina', 'last': 'Kitić'}, 'location': {'street': {'number': 3272, 'name': 'Milorada Živkovića'}, 'city': 'Velika Plana', 'state': 'Pomoravlje', 'country': 'Serbia', 'postcode': 19695, 'coordinates': {'latitude': '59.5342', 'longitude': '29.1831'}, 'timezone': {'offset': '+1:00', 'description': 'Brussels, Copenhagen, Madrid, Paris'}}, 'email': 'melina.kitic@example.com', 'login': {'uuid': '85a758e9-1f4a-4ad3-a3f7-13464077935b', 'username': 'heavybutterfly273', 'password': 'vibrate', 'salt': '8sOQZn5n', 'md5': 'afb0b761443784dd9e5928bac10aaae0', 'sha1': '62017c19526febd7858ff5ec7d8025f0440ea58c', 'sha256': '486cd7eb2fa689ba31182c29a830733c28be72bb81ae878fc9d5a34299a6de64'}, 'dob': {'date': '1959-05-05T17:04:06.744Z', 'age': 65}, 'registered': {'date': '2010-07-29T05:44:37.655Z', 'age': 13}, 'phone': '014-4523-786', 'cell': '062-1470-597', 'id': {'name': 'SID', 'value': '345491472'}, 'picture': {'large': 'https://randomuser.me/api/portraits/women/26.jpg', 'medium': 'https://randomuser.me/api/portraits/med/women/26.jpg', 'thumbnail': 'https://randomuser.me/api/portraits/thumb/women/26.jpg'}, 'nat': 'RS'}</msg>
<arg>${json_data['results'][0]}</arg>
<doc>Logs the given message with the given level.</doc>
<status status="PASS" start="2024-07-21T06:19:49.747789" elapsed="0.000741"/>
</kw>
<kw name="Log" owner="BuiltIn">
<msg time="2024-07-21T06:19:49.749226" level="INFO">login</msg>
<arg>${key}</arg>
<doc>Logs the given message with the given level.</doc>
<status status="PASS" start="2024-07-21T06:19:49.749011" elapsed="0.000286"/>
</kw>
<var name="${key}">login</var>
<status status="PASS" start="2024-07-21T06:19:49.746665" elapsed="0.002985"/>
</iter>
<var>${key}</var>
<value>@{expected_keys}</value>
<status status="PASS" start="2024-07-21T06:19:49.735656" elapsed="0.014207"/>
</for>
<kw name="Create List" owner="BuiltIn">
<msg time="2024-07-21T06:19:49.750470" level="INFO">${expected_keysTwo} = ['username', 'password']</msg>
<var>${expected_keysTwo}</var>
<arg>username</arg>
<arg>password</arg>
<doc>Returns a list containing given items.</doc>
<status status="PASS" start="2024-07-21T06:19:49.750239" elapsed="0.000275"/>
</kw>
<for flavor="IN">
<iter>
<kw name="Dictionary Should Contain Key" owner="Collections">
<arg>${json_data['results'][0]['login']}</arg>
<arg>${keyTwo}</arg>
<doc>Fails if ``key`` is not found from ``dictionary``.</doc>
<status status="PASS" start="2024-07-21T06:19:49.751315" elapsed="0.000645"/>
</kw>
<kw name="Dictionary Should Contain Key" owner="Collections">
<arg>${json_data['results'][0]['login']}</arg>
<arg>${keyTwo}</arg>
<doc>Fails if ``key`` is not found from ``dictionary``.</doc>
<status status="PASS" start="2024-07-21T06:19:49.752238" elapsed="0.000575"/>
</kw>
<kw name="Log" owner="BuiltIn">
<msg time="2024-07-21T06:19:49.753271" level="INFO">username</msg>
<arg>${keyTwo}</arg>
<doc>Logs the given message with the given level.</doc>
<status status="PASS" start="2024-07-21T06:19:49.753100" elapsed="0.000227"/>
</kw>
<var name="${keyTwo}">username</var>
<status status="PASS" start="2024-07-21T06:19:49.751151" elapsed="0.002486"/>
</iter>
<iter>
<kw name="Dictionary Should Contain Key" owner="Collections">
<arg>${json_data['results'][0]['login']}</arg>
<arg>${keyTwo}</arg>
<doc>Fails if ``key`` is not found from ``dictionary``.</doc>
<status status="PASS" start="2024-07-21T06:19:49.754056" elapsed="0.000587"/>
</kw>
<kw name="Dictionary Should Contain Key" owner="Collections">
<arg>${json_data['results'][0]['login']}</arg>
<arg>${keyTwo}</arg>
<doc>Fails if ``key`` is not found from ``dictionary``.</doc>
<status status="PASS" start="2024-07-21T06:19:49.754912" elapsed="0.000606"/>
</kw>
<kw name="Log" owner="BuiltIn">
<msg time="2024-07-21T06:19:49.756010" level="INFO">password</msg>
<arg>${keyTwo}</arg>
<doc>Logs the given message with the given level.</doc>
<status status="PASS" start="2024-07-21T06:19:49.755787" elapsed="0.000293"/>
</kw>
<var name="${keyTwo}">password</var>
<status status="PASS" start="2024-07-21T06:19:49.753884" elapsed="0.002516"/>
</iter>
<var>${keyTwo}</var>
<value>@{expected_keysTwo}</value>
<status status="PASS" start="2024-07-21T06:19:49.750900" elapsed="0.005675"/>
</for>
<status status="PASS" start="2024-07-21T06:19:49.641389" elapsed="0.115436"/>
</kw>
<doc>Testa a estrutura da resposta da API.</doc>
<tag>testeEstruturaResposta</tag>
<status status="PASS" start="2024-07-21T06:19:49.640816" elapsed="0.116279"/>
</test>
<test id="s1-s1-t4" name="Validar tipos de dados" line="28">
<kw name="Teste de Tipos de Dados" owner="random-user-service">
<kw name="GET On Session" owner="RequestsLibrary">
<msg time="2024-07-21T06:19:49.837444" level="INFO">GET Request : url=https://randomuser.me/api 
 path_url=/api 
 headers={'User-Agent': 'python-requests/2.32.3', 'Accept-Encoding': 'gzip, deflate', 'Accept': '*/*', 'Connection': 'keep-alive'} 
 body=None 
 </msg>
<msg time="2024-07-21T06:19:49.837526" level="INFO">GET Response : url=https://randomuser.me/api 
 status=200, reason=OK 
 headers={'Date': 'Sun, 21 Jul 2024 06:19:49 GMT', 'Content-Type': 'application/json; charset=utf-8', 'Transfer-Encoding': 'chunked', 'Connection': 'keep-alive', 'X-Powered-By': 'Express', 'Access-Control-Allow-Origin': '*', 'Cache-Control': 'no-cache', 'ETag': 'W/"47b-sb/an9ultZv/FpI+lhgTdYYMFSc"', 'Vary': 'Accept-Encoding', 'Content-Encoding': 'gzip', 'CF-Cache-Status': 'DYNAMIC', 'Report-To': '{"endpoints":[{"url":"https:\\/\\/a.nel.cloudflare.com\\/report\\/v4?s=PVMjGLu4nzw4uABSowcs29bFKOkhjC8B0W611%2BQpiNnyEgXiNb%2BwNggvrAq%2F%2FMjKgyftF%2BwJf3Ie8Y9FGc%2FthzHCUPGqCt6Z7fqk8cF1lMj%2BAQpMqME9dTYWHORWEzU4"}],"group":"cf-nel","max_age":604800}', 'NEL': '{"success_fraction":0,"report_to":"cf-nel","max_age":604800}', 'Server': 'cloudflare', 'CF-RAY': '8a6914e40f700818-IAD', 'alt-svc': 'h3=":443"; ma=86400'} 
 body={"results":[{"gender":"female","name":{"title":"Miss","first":"Pearl","last":"Reid"},"location":{"street":{"number":9949,"name":"Royal Ln"},"city":"Athens","state":"Indiana","country":"United States","postcode":78601,"coordinates":{"latitude":"84.9494","longitude":"15.8219"},"timezone":{"offset":"-2:00","description":"Mid-Atlantic"}},"email":"pearl.reid@example.com","login":{"uuid":"cb16fb04-c5d7-4cc5-965f-b0d029d1d36d","username":"yellowpanda129","password":"foster","salt":"t1BVXvZA","md5":"7d6e1d8dab2648b4c3681b675d39cafb","sha1":"c71e8fb7bf23bcdc5765d41e31bf2d8d99d8cfbd","sha256":"f561bf17f9979243a0412ab3fd84c17ed240fc51c1e1951866bdc5c0cfa7c163"},"dob":{"date":"1993-11-26T09:55:54.343Z","age":30},"registered":{"date":"2002-08-05T01:47:06.857Z","age":21},"phone":"(680) 813-8425","cell":"(760) 716-3819","id":{"name":"SSN","value":"052-15-1233"},"picture":{"large":"https://randomuser.me/api/portraits/women/16.jpg","medium":"https://randomuser.me/api/portraits/med/women/16.jpg","thumbnail":"https://randomuser.me/api/portraits/thumb/women/16.jpg"},"nat":"US"}],"info":{"seed":"26eefb3aadfe8e2b","results":1,"page":1,"version":"1.4"}} 
 </msg>
<msg time="2024-07-21T06:19:49.837596" level="INFO">/opt/hostedtoolcache/Python/3.12.4/x64/lib/python3.12/site-packages/urllib3/connectionpool.py:1099: InsecureRequestWarning: Unverified HTTPS request is being made to host 'randomuser.me'. Adding certificate verification is strongly advised. See: https://urllib3.readthedocs.io/en/latest/advanced-usage.html#tls-warnings
  warnings.warn(</msg>
<msg time="2024-07-21T06:19:49.837717" level="INFO">${response} = &lt;Response [200]&gt;</msg>
<var>${response}</var>
<arg>consultarAPI</arg>
<arg>/api</arg>
<doc>Sends a GET request on a previously created HTTP Session.</doc>
<status status="PASS" start="2024-07-21T06:19:49.761367" elapsed="0.076396"/>
</kw>
<kw name="Set Variable" owner="BuiltIn">
<msg time="2024-07-21T06:19:49.838807" level="INFO">${json_data} = {'results': [{'gender': 'female', 'name': {'title': 'Miss', 'first': 'Pearl', 'last': 'Reid'}, 'location': {'street': {'number': 9949, 'name': 'Royal Ln'}, 'city': 'Athens', 'state': 'Indiana', 'count...</msg>
<var>${json_data}</var>
<arg>${response.json()}</arg>
<doc>Returns the given values which can then be assigned to a variables.</doc>
<status status="PASS" start="2024-07-21T06:19:49.838236" elapsed="0.000601"/>
</kw>
<kw name="Log" owner="BuiltIn">
<msg time="2024-07-21T06:19:49.839295" level="INFO">{'results': [{'gender': 'female', 'name': {'title': 'Miss', 'first': 'Pearl', 'last': 'Reid'}, 'location': {'street': {'number': 9949, 'name': 'Royal Ln'}, 'city': 'Athens', 'state': 'Indiana', 'country': 'United States', 'postcode': 78601, 'coordinates': {'latitude': '84.9494', 'longitude': '15.8219'}, 'timezone': {'offset': '-2:00', 'description': 'Mid-Atlantic'}}, 'email': 'pearl.reid@example.com', 'login': {'uuid': 'cb16fb04-c5d7-4cc5-965f-b0d029d1d36d', 'username': 'yellowpanda129', 'password': 'foster', 'salt': 't1BVXvZA', 'md5': '7d6e1d8dab2648b4c3681b675d39cafb', 'sha1': 'c71e8fb7bf23bcdc5765d41e31bf2d8d99d8cfbd', 'sha256': 'f561bf17f9979243a0412ab3fd84c17ed240fc51c1e1951866bdc5c0cfa7c163'}, 'dob': {'date': '1993-11-26T09:55:54.343Z', 'age': 30}, 'registered': {'date': '2002-08-05T01:47:06.857Z', 'age': 21}, 'phone': '(680) 813-8425', 'cell': '(760) 716-3819', 'id': {'name': 'SSN', 'value': '052-15-1233'}, 'picture': {'large': 'https://randomuser.me/api/portraits/women/16.jpg', 'medium': 'https://randomuser.me/api/portraits/med/women/16.jpg', 'thumbnail': 'https://randomuser.me/api/portraits/thumb/women/16.jpg'}, 'nat': 'US'}], 'info': {'seed': '26eefb3aadfe8e2b', 'results': 1, 'page': 1, 'version': '1.4'}}</msg>
<arg>${json_data}</arg>
<doc>Logs the given message with the given level.</doc>
<status status="PASS" start="2024-07-21T06:19:49.839142" elapsed="0.000202"/>
</kw>
<kw name="Should Be String" owner="String">
<arg>${json_data['results'][0]['gender']}</arg>
<doc>Fails if the given ``item`` is not a string.</doc>
<status status="PASS" start="2024-07-21T06:19:49.839635" elapsed="0.000409"/>
</kw>
<kw name="Should Match Regexp" owner="BuiltIn">
<arg>${json_data['results'][0]['email']}</arg>
<arg>^[a-zA-Z0-9._%+-]+@[a-zA-Z0-9.-]+\.[a-zA-Z]{2,}$</arg>
<doc>Fails if ``string`` does not match ``pattern`` as a regular expression.</doc>
<status status="PASS" start="2024-07-21T06:19:49.840288" elapsed="0.000702"/>
</kw>
<kw name="Should Match Regexp" owner="BuiltIn">
<arg>${json_data['results'][0]['dob']['date']}</arg>
<arg>\\d{4}-\\d{2}-\\d{2}T\\d{2}:\\d{2}:\\d{2}\\.\\d{3}Z</arg>
<doc>Fails if ``string`` does not match ``pattern`` as a regular expression.</doc>
<status status="PASS" start="2024-07-21T06:19:49.841206" elapsed="0.000614"/>
</kw>
<kw name="Should Match Regexp" owner="BuiltIn">
<arg>${json_data['results'][0]['registered']['date']}</arg>
<arg>\\d{4}-\\d{2}-\\d{2}T\\d{2}:\\d{2}:\\d{2}\\.\\d{3}Z</arg>
<doc>Fails if ``string`` does not match ``pattern`` as a regular expression.</doc>
<status status="PASS" start="2024-07-21T06:19:49.842019" elapsed="0.000378"/>
</kw>
<kw name="Should Match Regexp" owner="BuiltIn">
<arg>${json_data['results'][0]['picture']['large']}</arg>
<arg>^https?://.*\.(?:png|jpe?g|gif|bmp)$</arg>
<doc>Fails if ``string`` does not match ``pattern`` as a regular expression.</doc>
<status status="PASS" start="2024-07-21T06:19:49.842586" elapsed="0.000465"/>
</kw>
<kw name="Should Match Regexp" owner="BuiltIn">
<arg>${json_data['results'][0]['picture']['medium']}</arg>
<arg>^https?://.*\.(?:png|jpe?g|gif|bmp)$</arg>
<doc>Fails if ``string`` does not match ``pattern`` as a regular expression.</doc>
<status status="PASS" start="2024-07-21T06:19:49.843241" elapsed="0.000368"/>
</kw>
<kw name="Should Match Regexp" owner="BuiltIn">
<arg>${json_data['results'][0]['picture']['thumbnail']}</arg>
<arg>^https?://.*\.(?:png|jpe?g|gif|bmp)$</arg>
<doc>Fails if ``string`` does not match ``pattern`` as a regular expression.</doc>
<status status="PASS" start="2024-07-21T06:19:49.843794" elapsed="0.000390"/>
</kw>
<kw name="Log" owner="BuiltIn">
<msg time="2024-07-21T06:19:49.844696" level="INFO">{'large': 'https://randomuser.me/api/portraits/women/16.jpg', 'medium': 'https://randomuser.me/api/portraits/med/women/16.jpg', 'thumbnail': 'https://randomuser.me/api/portraits/thumb/women/16.jpg'}</msg>
<arg>${json_data['results'][0]['picture']}</arg>
<doc>Logs the given message with the given level.</doc>
<status status="PASS" start="2024-07-21T06:19:49.844368" elapsed="0.000375"/>
</kw>
<status status="PASS" start="2024-07-21T06:19:49.761001" elapsed="0.084003"/>
</kw>
<kw name="Teste de Tipos de Dados - Postcode" owner="random-user-service">
<kw name="GET On Session" owner="RequestsLibrary">
<msg time="2024-07-21T06:19:49.935254" level="INFO">GET Request : url=https://randomuser.me/api 
 path_url=/api 
 headers={'User-Agent': 'python-requests/2.32.3', 'Accept-Encoding': 'gzip, deflate', 'Accept': '*/*', 'Connection': 'keep-alive'} 
 body=None 
 </msg>
<msg time="2024-07-21T06:19:49.935341" level="INFO">GET Response : url=https://randomuser.me/api 
 status=200, reason=OK 
 headers={'Date': 'Sun, 21 Jul 2024 06:19:49 GMT', 'Content-Type': 'application/json; charset=utf-8', 'Transfer-Encoding': 'chunked', 'Connection': 'keep-alive', 'X-Powered-By': 'Express', 'Access-Control-Allow-Origin': '*', 'Cache-Control': 'no-cache', 'ETag': 'W/"498-nbjT40f32t4H+PZLWOhbyKjwU7M"', 'Vary': 'Accept-Encoding', 'Content-Encoding': 'gzip', 'CF-Cache-Status': 'DYNAMIC', 'Report-To': '{"endpoints":[{"url":"https:\\/\\/a.nel.cloudflare.com\\/report\\/v4?s=4UvccW4EaK2Ji0vLHnnlZgS%2FvMzXAhpMIA2LsvOojEud6nW7wEjOUIvN0X2OSzSUKcdj2U1cPpmagRMb3NCSRvL8cOLPObE22sVVYzSfS2tEpcBouGLb%2Bcdaz81goHv2"}],"group":"cf-nel","max_age":604800}', 'NEL': '{"success_fraction":0,"report_to":"cf-nel","max_age":604800}', 'Server': 'cloudflare', 'CF-RAY': '8a6914e49fcf0818-IAD', 'alt-svc': 'h3=":443"; ma=86400'} 
 body={"results":[{"gender":"female","name":{"title":"Ms","first":"Nikolina","last":"Nemanjić"},"location":{"street":{"number":8628,"name":"Đure Gavele"},"city":"Batočina","state":"Nišava","country":"Serbia","postcode":65309,"coordinates":{"latitude":"61.2797","longitude":"28.1110"},"timezone":{"offset":"+8:00","description":"Beijing, Perth, Singapore, Hong Kong"}},"email":"nikolina.nemanjic@example.com","login":{"uuid":"a7fdd315-96fe-4334-a8d2-749cd78dca23","username":"blueladybug377","password":"sunny","salt":"z04mnsyG","md5":"21b091e3e84a6f0bd068844122ff9060","sha1":"965b7f63e4e9024f3ff9389304560eae10f302f4","sha256":"c16a3d053bdecd979041d71a7d81020651190e949901ebde450a683a3a21f374"},"dob":{"date":"1980-01-12T02:05:31.951Z","age":44},"registered":{"date":"2017-06-25T08:06:04.886Z","age":7},"phone":"025-8761-123","cell":"061-3116-962","id":{"name":"SID","value":"747440949"},"picture":{"large":"https://randomuser.me/api/portraits/women/80.jpg","medium":"https://randomuser.me/api/portraits/med/women/80.jpg","thumbnail":"https://randomuser.me/api/portraits/thumb/women/80.jpg"},"nat":"RS"}],"info":{"seed":"5c77b527f8da3ac1","results":1,"page":1,"version":"1.4"}} 
 </msg>
<msg time="2024-07-21T06:19:49.935420" level="INFO">/opt/hostedtoolcache/Python/3.12.4/x64/lib/python3.12/site-packages/urllib3/connectionpool.py:1099: InsecureRequestWarning: Unverified HTTPS request is being made to host 'randomuser.me'. Adding certificate verification is strongly advised. See: https://urllib3.readthedocs.io/en/latest/advanced-usage.html#tls-warnings
  warnings.warn(</msg>
<msg time="2024-07-21T06:19:49.935544" level="INFO">${response} = &lt;Response [200]&gt;</msg>
<var>${response}</var>
<arg>consultarAPI</arg>
<arg>/api</arg>
<doc>Sends a GET request on a previously created HTTP Session.</doc>
<status status="PASS" start="2024-07-21T06:19:49.845436" elapsed="0.090154"/>
</kw>
<kw name="Set Variable" owner="BuiltIn">
<msg time="2024-07-21T06:19:49.936531" level="INFO">${json_data} = {'results': [{'gender': 'female', 'name': {'title': 'Ms', 'first': 'Nikolina', 'last': 'Nemanjić'}, 'location': {'street': {'number': 8628, 'name': 'Đure Gavele'}, 'city': 'Batočina', 'state': 'Nišava...</msg>
<var>${json_data}</var>
<arg>${response.json()}</arg>
<doc>Returns the given values which can then be assigned to a variables.</doc>
<status status="PASS" start="2024-07-21T06:19:49.936062" elapsed="0.000500"/>
</kw>
<kw name="Log" owner="BuiltIn">
<msg time="2024-07-21T06:19:49.937034" level="INFO">{'results': [{'gender': 'female', 'name': {'title': 'Ms', 'first': 'Nikolina', 'last': 'Nemanjić'}, 'location': {'street': {'number': 8628, 'name': 'Đure Gavele'}, 'city': 'Batočina', 'state': 'Nišava', 'country': 'Serbia', 'postcode': 65309, 'coordinates': {'latitude': '61.2797', 'longitude': '28.1110'}, 'timezone': {'offset': '+8:00', 'description': 'Beijing, Perth, Singapore, Hong Kong'}}, 'email': 'nikolina.nemanjic@example.com', 'login': {'uuid': 'a7fdd315-96fe-4334-a8d2-749cd78dca23', 'username': 'blueladybug377', 'password': 'sunny', 'salt': 'z04mnsyG', 'md5': '21b091e3e84a6f0bd068844122ff9060', 'sha1': '965b7f63e4e9024f3ff9389304560eae10f302f4', 'sha256': 'c16a3d053bdecd979041d71a7d81020651190e949901ebde450a683a3a21f374'}, 'dob': {'date': '1980-01-12T02:05:31.951Z', 'age': 44}, 'registered': {'date': '2017-06-25T08:06:04.886Z', 'age': 7}, 'phone': '025-8761-123', 'cell': '061-3116-962', 'id': {'name': 'SID', 'value': '747440949'}, 'picture': {'large': 'https://randomuser.me/api/portraits/women/80.jpg', 'medium': 'https://randomuser.me/api/portraits/med/women/80.jpg', 'thumbnail': 'https://randomuser.me/api/portraits/thumb/women/80.jpg'}, 'nat': 'RS'}], 'info': {'seed': '5c77b527f8da3ac1', 'results': 1, 'page': 1, 'version': '1.4'}}</msg>
<arg>${json_data}</arg>
<doc>Logs the given message with the given level.</doc>
<status status="PASS" start="2024-07-21T06:19:49.936871" elapsed="0.000214"/>
</kw>
<kw name="Should Be Equal As Numbers" owner="BuiltIn">
<arg>${json_data['results'][0]['location']['postcode']}</arg>
<arg>${json_data['results'][0]['location']['postcode']}</arg>
<doc>Fails if objects are unequal after converting them to real numbers.</doc>
<status status="PASS" start="2024-07-21T06:19:49.937380" elapsed="0.000625"/>
</kw>
<kw name="Log" owner="BuiltIn">
<msg time="2024-07-21T06:19:49.938568" level="INFO">65309</msg>
<arg>${json_data['results'][0]['location']['postcode']}</arg>
<doc>Logs the given message with the given level.</doc>
<status status="PASS" start="2024-07-21T06:19:49.938227" elapsed="0.000382"/>
</kw>
<status status="PASS" start="2024-07-21T06:19:49.845217" elapsed="0.093645"/>
</kw>
<doc>Testa se os tipos de dados na resposta da API estão corretos.</doc>
<tag>testeTiposDados</tag>
<status status="PASS" start="2024-07-21T06:19:49.760309" elapsed="0.178717"/>
</test>
<test id="s1-s1-t5" name="Validar conteudo" line="35">
<kw name="Teste de Tipos de Conteudo" owner="random-user-service">
<kw name="GET On Session" owner="RequestsLibrary">
<msg time="2024-07-21T06:19:50.151619" level="INFO">GET Request : url=https://randomuser.me/api 
 path_url=/api 
 headers={'User-Agent': 'python-requests/2.32.3', 'Accept-Encoding': 'gzip, deflate', 'Accept': '*/*', 'Connection': 'keep-alive'} 
 body=None 
 </msg>
<msg time="2024-07-21T06:19:50.151709" level="INFO">GET Response : url=https://randomuser.me/api 
 status=200, reason=OK 
 headers={'Date': 'Sun, 21 Jul 2024 06:19:50 GMT', 'Content-Type': 'application/json; charset=utf-8', 'Transfer-Encoding': 'chunked', 'Connection': 'keep-alive', 'X-Powered-By': 'Express', 'Access-Control-Allow-Origin': '*', 'Cache-Control': 'no-cache', 'ETag': 'W/"48f-RFr6E85N9sIv+G4+DoAJmV9m/fI"', 'Vary': 'Accept-Encoding', 'Content-Encoding': 'gzip', 'CF-Cache-Status': 'DYNAMIC', 'Report-To': '{"endpoints":[{"url":"https:\\/\\/a.nel.cloudflare.com\\/report\\/v4?s=1ktjnxNK8W89bVkjnq8lpEjos5tZC9noxLsJNuGyHOYMazbagv9I4PHQNHoe2yv%2Br9cL3viarUuNR3qjOs22YI%2FZ7IM851G86g1mjvt4kHOTDNOfrPMC8X6zBPJl02l7"}],"group":"cf-nel","max_age":604800}', 'NEL': '{"success_fraction":0,"report_to":"cf-nel","max_age":604800}', 'Server': 'cloudflare', 'CF-RAY': '8a6914e5283b0818-IAD', 'alt-svc': 'h3=":443"; ma=86400'} 
 body={"results":[{"gender":"male","name":{"title":"Mr","first":"Ulbe","last":"Sikkema"},"location":{"street":{"number":6310,"name":"Het Steke"},"city":"Jislum","state":"Groningen","country":"Netherlands","postcode":"0769 ZE","coordinates":{"latitude":"38.0876","longitude":"-87.3724"},"timezone":{"offset":"+5:30","description":"Bombay, Calcutta, Madras, New Delhi"}},"email":"ulbe.sikkema@example.com","login":{"uuid":"eabab66b-275b-41e3-ae64-517c0cfdc7bf","username":"happyelephant423","password":"tintin","salt":"jEtSg3nO","md5":"913d269bf996bcc76018c1613b7917aa","sha1":"4c8d97074e04f3841db4634d5eba6cf054c6ba69","sha256":"c6660bd82d6639eb91bb44e70c7eca1922f7362179376418deb9cf2f7f96c451"},"dob":{"date":"1951-03-21T11:18:16.543Z","age":73},"registered":{"date":"2012-02-11T19:12:14.012Z","age":12},"phone":"(0689) 111939","cell":"(06) 24764938","id":{"name":"BSN","value":"68199220"},"picture":{"large":"https://randomuser.me/api/portraits/men/80.jpg","medium":"https://randomuser.me/api/portraits/med/men/80.jpg","thumbnail":"https://randomuser.me/api/portraits/thumb/men/80.jpg"},"nat":"NL"}],"info":{"seed":"53242d3bb2e7beb4","results":1,"page":1,"version":"1.4"}} 
 </msg>
<msg time="2024-07-21T06:19:50.151782" level="INFO">/opt/hostedtoolcache/Python/3.12.4/x64/lib/python3.12/site-packages/urllib3/connectionpool.py:1099: InsecureRequestWarning: Unverified HTTPS request is being made to host 'randomuser.me'. Adding certificate verification is strongly advised. See: https://urllib3.readthedocs.io/en/latest/advanced-usage.html#tls-warnings
  warnings.warn(</msg>
<msg time="2024-07-21T06:19:50.151930" level="INFO">${response} = &lt;Response [200]&gt;</msg>
<var>${response}</var>
<arg>consultarAPI</arg>
<arg>/api</arg>
<doc>Sends a GET request on a previously created HTTP Session.</doc>
<status status="PASS" start="2024-07-21T06:19:49.941527" elapsed="0.210455"/>
</kw>
<kw name="Set Variable" owner="BuiltIn">
<msg time="2024-07-21T06:19:50.152882" level="INFO">${json_data} = {'results': [{'gender': 'male', 'name': {'title': 'Mr', 'first': 'Ulbe', 'last': 'Sikkema'}, 'location': {'street': {'number': 6310, 'name': 'Het Steke'}, 'city': 'Jislum', 'state': 'Groningen', 'coun...</msg>
<var>${json_data}</var>
<arg>${response.json()}</arg>
<doc>Returns the given values which can then be assigned to a variables.</doc>
<status status="PASS" start="2024-07-21T06:19:50.152412" elapsed="0.000499"/>
</kw>
<kw name="Set Variable" owner="BuiltIn">
<msg time="2024-07-21T06:19:50.153583" level="INFO">${name_title} = Mr</msg>
<var>${name_title}</var>
<arg>${json_data["results"][0]["name"]["title"]}</arg>
<doc>Returns the given values which can then be assigned to a variables.</doc>
<status status="PASS" start="2024-07-21T06:19:50.153210" elapsed="0.000399"/>
</kw>
<kw name="Create List" owner="BuiltIn">
<msg time="2024-07-21T06:19:50.154053" level="INFO">${allowed_titles} = ['Mr', 'Ms', 'Miss', 'Mrs', 'Madame', 'Monsieur']</msg>
<var>${allowed_titles}</var>
<arg>Mr</arg>
<arg>Ms</arg>
<arg>Miss</arg>
<arg>Mrs</arg>
<arg>Madame</arg>
<arg>Monsieur</arg>
<doc>Returns a list containing given items.</doc>
<status status="PASS" start="2024-07-21T06:19:50.153904" elapsed="0.000174"/>
</kw>
<kw name="List Should Contain Value" owner="Collections">
<arg>${allowed_titles}</arg>
<arg>${name_title}</arg>
<doc>Fails if the ``value`` is not found from ``list``.</doc>
<status status="PASS" start="2024-07-21T06:19:50.154371" elapsed="0.000183"/>
</kw>
<kw name="Set Variable" owner="BuiltIn">
<msg time="2024-07-21T06:19:50.155108" level="INFO">${name_country} = NL</msg>
<var>${name_country}</var>
<arg>${json_data["results"][0]["nat"]}</arg>
<doc>Returns the given values which can then be assigned to a variables.</doc>
<status status="PASS" start="2024-07-21T06:19:50.154732" elapsed="0.000401"/>
</kw>
<kw name="Create List" owner="BuiltIn">
<msg time="2024-07-21T06:19:50.156075" level="INFO">${list_country} = ['AD', 'AE', 'AF', 'AG', 'AI', 'AL', 'AM', 'AO', 'AQ', 'AR', 'AS', 'AT', 'AU', 'AW', 'AX', 'AZ', 'BA', 'BB', 'BD', 'BE', 'BF', 'BG', 'BH', 'BI', 'BJ', 'BL', 'BM', 'BN', 'BO', 'BQ', 'BR', 'BS', 'BT', '...</msg>
<var>${list_country}</var>
<arg>AD</arg>
<arg>AE</arg>
<arg>AF</arg>
<arg>AG</arg>
<arg>AI</arg>
<arg>AL</arg>
<arg>AM</arg>
<arg>AO</arg>
<arg>AQ</arg>
<arg>AR</arg>
<arg>AS</arg>
<arg>AT</arg>
<arg>AU</arg>
<arg>AW</arg>
<arg>AX</arg>
<arg>AZ</arg>
<arg>BA</arg>
<arg>BB</arg>
<arg>BD</arg>
<arg>BE</arg>
<arg>BF</arg>
<arg>BG</arg>
<arg>BH</arg>
<arg>BI</arg>
<arg>BJ</arg>
<arg>BL</arg>
<arg>BM</arg>
<arg>BN</arg>
<arg>BO</arg>
<arg>BQ</arg>
<arg>BR</arg>
<arg>BS</arg>
<arg>BT</arg>
<arg>BV</arg>
<arg>BW</arg>
<arg>BY</arg>
<arg>BZ</arg>
<arg>CA</arg>
<arg>CC</arg>
<arg>CD</arg>
<arg>CF</arg>
<arg>CG</arg>
<arg>CH</arg>
<arg>CI</arg>
<arg>CK</arg>
<arg>CL</arg>
<arg>CM</arg>
<arg>CN</arg>
<arg>CO</arg>
<arg>CR</arg>
<arg>CU</arg>
<arg>CV</arg>
<arg>CW</arg>
<arg>CX</arg>
<arg>CY</arg>
<arg>CZ</arg>
<arg>DE</arg>
<arg>DJ</arg>
<arg>DK</arg>
<arg>DM</arg>
<arg>DO</arg>
<arg>DZ</arg>
<arg>EC</arg>
<arg>EE</arg>
<arg>EG</arg>
<arg>EH</arg>
<arg>ER</arg>
<arg>ES</arg>
<arg>ET</arg>
<arg>FI</arg>
<arg>FJ</arg>
<arg>FK</arg>
<arg>FM</arg>
<arg>FO</arg>
<arg>FR</arg>
<arg>GA</arg>
<arg>GB</arg>
<arg>GD</arg>
<arg>GE</arg>
<arg>GF</arg>
<arg>GG</arg>
<arg>GH</arg>
<arg>GI</arg>
<arg>GL</arg>
<arg>GM</arg>
<arg>GN</arg>
<arg>GP</arg>
<arg>GQ</arg>
<arg>GR</arg>
<arg>GS</arg>
<arg>GT</arg>
<arg>GU</arg>
<arg>GW</arg>
<arg>GY</arg>
<arg>HK</arg>
<arg>HM</arg>
<arg>HN</arg>
<arg>HR</arg>
<arg>HT</arg>
<arg>HU</arg>
<arg>ID</arg>
<arg>IE</arg>
<arg>IL</arg>
<arg>IM</arg>
<arg>IN</arg>
<arg>IO</arg>
<arg>IQ</arg>
<arg>IR</arg>
<arg>IS</arg>
<arg>IT</arg>
<arg>JE</arg>
<arg>JM</arg>
<arg>JO</arg>
<arg>JP</arg>
<arg>KE</arg>
<arg>KG</arg>
<arg>KH</arg>
<arg>KI</arg>
<arg>KM</arg>
<arg>KN</arg>
<arg>KP</arg>
<arg>KR</arg>
<arg>KW</arg>
<arg>KY</arg>
<arg>KZ</arg>
<arg>LA</arg>
<arg>LB</arg>
<arg>LC</arg>
<arg>LI</arg>
<arg>LK</arg>
<arg>LR</arg>
<arg>LS</arg>
<arg>LT</arg>
<arg>LU</arg>
<arg>LV</arg>
<arg>LY</arg>
<arg>MA</arg>
<arg>MC</arg>
<arg>MD</arg>
<arg>ME</arg>
<arg>MF</arg>
<arg>MG</arg>
<arg>MH</arg>
<arg>MK</arg>
<arg>ML</arg>
<arg>MM</arg>
<arg>MN</arg>
<arg>MO</arg>
<arg>MP</arg>
<arg>MQ</arg>
<arg>MR</arg>
<arg>MS</arg>
<arg>MT</arg>
<arg>MU</arg>
<arg>MV</arg>
<arg>MW</arg>
<arg>MX</arg>
<arg>MY</arg>
<arg>MZ</arg>
<arg>NA</arg>
<arg>NC</arg>
<arg>NE</arg>
<arg>NF</arg>
<arg>NG</arg>
<arg>NI</arg>
<arg>NL</arg>
<arg>NO</arg>
<arg>NP</arg>
<arg>NR</arg>
<arg>NU</arg>
<arg>NZ</arg>
<arg>OM</arg>
<arg>PA</arg>
<arg>PE</arg>
<arg>PF</arg>
<arg>PG</arg>
<arg>PH</arg>
<arg>PK</arg>
<arg>PL</arg>
<arg>PM</arg>
<arg>PN</arg>
<arg>PR</arg>
<arg>PS</arg>
<arg>PT</arg>
<arg>PW</arg>
<arg>PY</arg>
<arg>QA</arg>
<arg>RE</arg>
<arg>RO</arg>
<arg>RS</arg>
<arg>RU</arg>
<arg>RW</arg>
<arg>SA</arg>
<arg>SB</arg>
<arg>SC</arg>
<arg>SD</arg>
<arg>SE</arg>
<arg>SG</arg>
<arg>SH</arg>
<arg>SI</arg>
<arg>SJ</arg>
<arg>SK</arg>
<arg>SL</arg>
<arg>SM</arg>
<arg>SN</arg>
<arg>SO</arg>
<arg>SR</arg>
<arg>SS</arg>
<arg>ST</arg>
<arg>SV</arg>
<arg>SX</arg>
<arg>SY</arg>
<arg>SZ</arg>
<arg>TC</arg>
<arg>TD</arg>
<arg>TF</arg>
<arg>TG</arg>
<arg>TH</arg>
<arg>TJ</arg>
<arg>TK</arg>
<arg>TL</arg>
<arg>TM</arg>
<arg>TN</arg>
<arg>TO</arg>
<arg>TR</arg>
<arg>TT</arg>
<arg>TV</arg>
<arg>TW</arg>
<arg>TZ</arg>
<arg>UA</arg>
<arg>UG</arg>
<arg>UM</arg>
<arg>US</arg>
<arg>UY</arg>
<arg>UZ</arg>
<arg>VA</arg>
<arg>VC</arg>
<arg>VE</arg>
<arg>VG</arg>
<arg>VI</arg>
<arg>VN</arg>
<arg>VU</arg>
<arg>WF</arg>
<arg>WS</arg>
<arg>XK</arg>
<arg>YE</arg>
<arg>YT</arg>
<arg>ZA</arg>
<arg>ZM</arg>
<arg>ZW</arg>
<doc>Returns a list containing given items.</doc>
<status status="PASS" start="2024-07-21T06:19:50.155427" elapsed="0.000675"/>
</kw>
<kw name="List Should Contain Value" owner="Collections">
<arg>${list_country}</arg>
<arg>${name_country}</arg>
<doc>Fails if the ``value`` is not found from ``list``.</doc>
<status status="PASS" start="2024-07-21T06:19:50.157060" elapsed="0.000212"/>
</kw>
<kw name="Run Keyword If" owner="BuiltIn">
<kw name="Should Be True" owner="BuiltIn">
<arg>${True}</arg>
<doc>Fails if the given condition is not true.</doc>
<status status="PASS" start="2024-07-21T06:19:50.158209" elapsed="0.000142"/>
</kw>
<arg>${json_data["results"][0]["location"]["coordinates"]["latitude"]} &gt;= -90 and ${json_data["results"][0]["location"]["coordinates"]["latitude"]} &lt;= 90</arg>
<arg>Should Be True</arg>
<arg>${True}</arg>
<doc>Runs the given keyword with the given arguments, if ``condition`` is true.</doc>
<status status="PASS" start="2024-07-21T06:19:50.157471" elapsed="0.001008"/>
</kw>
<kw name="Run Keyword If" owner="BuiltIn">
<kw name="Should Be True" owner="BuiltIn">
<arg>${True}</arg>
<doc>Fails if the given condition is not true.</doc>
<status status="PASS" start="2024-07-21T06:19:50.159353" elapsed="0.000139"/>
</kw>
<arg>${json_data["results"][0]["location"]["coordinates"]["longitude"]} &gt;= -180 and ${json_data["results"][0]["location"]["coordinates"]["longitude"]} &lt;= 180</arg>
<arg>Should Be True</arg>
<arg>${True}</arg>
<doc>Runs the given keyword with the given arguments, if ``condition`` is true.</doc>
<status status="PASS" start="2024-07-21T06:19:50.158661" elapsed="0.000954"/>
</kw>
<status status="PASS" start="2024-07-21T06:19:49.941297" elapsed="0.218447"/>
</kw>
<doc>Testa o conteúdo específico dos campos retornados pela API.</doc>
<tag>testeConteudo</tag>
<status status="PASS" start="2024-07-21T06:19:49.940848" elapsed="0.219039"/>
</test>
<status status="PASS" start="2024-07-21T06:19:49.235018" elapsed="0.926797"/>
</suite>
<status status="PASS" start="2024-07-21T06:19:49.220749" elapsed="0.946050"/>
</suite>
<statistics>
<total>
<stat pass="5" fail="0" skip="0">All Tests</stat>
</total>
<tag>
<stat pass="1" fail="0" skip="0">testeConteudo</stat>
<stat pass="1" fail="0" skip="0">testeEstruturaResposta</stat>
<stat pass="1" fail="0" skip="0">testeRequisicaoBasica</stat>
<stat pass="1" fail="0" skip="0">testeTiposDados</stat>
</tag>
<suite>
<stat pass="5" fail="0" skip="0" id="s1" name="Tests">Tests</stat>
<stat pass="5" fail="0" skip="0" id="s1-s1" name="Random-User-Test">Tests.Random-User-Test</stat>
</suite>
</statistics>
<errors>
</errors>
</robot>
