<?xml version="1.0" encoding="UTF-8"?>
<robot generator="Robot 7.0.1 (Python 3.12.3 on linux)" generated="2024-06-11T07:14:37.008290" rpa="false" schemaversion="5">
<suite id="s1" name="Tests" source="/home/runner/work/ApiRandomUser/ApiRandomUser/RamdonUser/tests">
<suite id="s1-s1" name="Random-User-Test" source="/home/runner/work/ApiRandomUser/ApiRandomUser/RamdonUser/tests/random-user-test.robot">
<test id="s1-s1-t1" name="Conectar" line="13">
<kw name="Conectar API" owner="random-user-service">
<kw name="Create Session" owner="RequestsLibrary">
<msg time="2024-06-11T07:14:37.420935" level="INFO">Creating Session using : alias=consultarAPI, url=https://randomuser.me/, headers={},                     cookies={}, auth=None, timeout=None, proxies=None, verify=False,                     debug=0 </msg>
<arg>consultarAPI</arg>
<arg>${URL}</arg>
<doc>Create Session: create a HTTP session to a server</doc>
<status status="PASS" start="2024-06-11T07:14:37.420715" elapsed="0.000437"/>
</kw>
<status status="PASS" start="2024-06-11T07:14:37.419619" elapsed="0.001910"/>
</kw>
<status status="PASS" start="2024-06-11T07:14:37.419056" elapsed="0.002672"/>
</test>
<test id="s1-s1-t2" name="Validar retorno 200 e JSON Válido" line="16">
<kw name="Teste de Requisicao Basica" owner="random-user-service">
<kw name="GET On Session" owner="RequestsLibrary">
<msg time="2024-06-11T07:14:37.550982" level="INFO">GET Request : url=https://randomuser.me/api 
 path_url=/api 
 headers={'User-Agent': 'python-requests/2.32.3', 'Accept-Encoding': 'gzip, deflate', 'Accept': '*/*', 'Connection': 'keep-alive'} 
 body=None 
 </msg>
<msg time="2024-06-11T07:14:37.551195" level="INFO">GET Response : url=https://randomuser.me/api 
 status=200, reason=OK 
 headers={'Date': 'Tue, 11 Jun 2024 07:14:37 GMT', 'Content-Type': 'application/json; charset=utf-8', 'Transfer-Encoding': 'chunked', 'Connection': 'keep-alive', 'X-Powered-By': 'Express', 'Access-Control-Allow-Origin': '*', 'Cache-Control': 'no-cache', 'ETag': 'W/"4a4-GjEGB+OF9kGhC/BAFtes9dwUbQ8"', 'Vary': 'Accept-Encoding', 'Content-Encoding': 'gzip', 'CF-Cache-Status': 'DYNAMIC', 'Report-To': '{"endpoints":[{"url":"https:\\/\\/a.nel.cloudflare.com\\/report\\/v4?s=hSkl10%2B0XhzgPvtdPedNRpbfrDR29Zx7ZuCZ9C8cXUgq%2FLKUMVh6xosFlu5tGnVDGAhqOY%2BEfQ%2FwhyGRw2ibYYsyfTDGl%2FkjYf6jegzW0CEt1org1ACbFp7f0LquJvra"}],"group":"cf-nel","max_age":604800}', 'NEL': '{"success_fraction":0,"report_to":"cf-nel","max_age":604800}', 'Server': 'cloudflare', 'CF-RAY': '891fce281dfbd045-SJC', 'alt-svc': 'h3=":443"; ma=86400'} 
 body={"results":[{"gender":"female","name":{"title":"Ms","first":"Chaiane","last":"Santos"},"location":{"street":{"number":4161,"name":"Rua Santa Luzia "},"city":"Jacareí","state":"Pernambuco","country":"Brazil","postcode":78603,"coordinates":{"latitude":"-80.8135","longitude":"122.3537"},"timezone":{"offset":"+10:00","description":"Eastern Australia, Guam, Vladivostok"}},"email":"chaiane.santos@example.com","login":{"uuid":"2eff6a79-c99e-4e5c-96a4-7f1694f924c0","username":"brownladybug999","password":"park","salt":"JK75uWIA","md5":"233aea66da528353a0786597696841ff","sha1":"a35e03605595de5436e720bc481193dd025b000e","sha256":"7c01ae38cca7b5623133ad6bdfc44d72f2bba523a94dc2f9f5d058a1890dc84d"},"dob":{"date":"1950-01-16T23:30:02.513Z","age":74},"registered":{"date":"2010-08-22T17:52:56.522Z","age":13},"phone":"(29) 5127-0350","cell":"(17) 5175-7009","id":{"name":"CPF","value":"151.965.030-53"},"picture":{"large":"https://randomuser.me/api/portraits/women/57.jpg","medium":"https://randomuser.me/api/portraits/med/women/57.jpg","thumbnail":"https://randomuser.me/api/portraits/thumb/women/57.jpg"},"nat":"BR"}],"info":{"seed":"6de1df74b5c0b2e4","results":1,"page":1,"version":"1.4"}} 
 </msg>
<msg time="2024-06-11T07:14:37.551322" level="INFO">/opt/hostedtoolcache/Python/3.12.3/x64/lib/python3.12/site-packages/urllib3/connectionpool.py:1103: InsecureRequestWarning: Unverified HTTPS request is being made to host 'randomuser.me'. Adding certificate verification is strongly advised. See: https://urllib3.readthedocs.io/en/latest/advanced-usage.html#tls-warnings
  warnings.warn(</msg>
<msg time="2024-06-11T07:14:37.551521" level="INFO">${response} = &lt;Response [200]&gt;</msg>
<var>${response}</var>
<arg>consultarAPI</arg>
<arg>/api</arg>
<doc>Sends a GET request on a previously created HTTP Session.</doc>
<status status="PASS" start="2024-06-11T07:14:37.424315" elapsed="0.127257"/>
</kw>
<kw name="Should Be Equal As Numbers" owner="BuiltIn">
<msg time="2024-06-11T07:14:37.553032" level="INFO">Argument types are:
&lt;class 'int'&gt;
&lt;class 'str'&gt;</msg>
<arg>${response.status_code}</arg>
<arg>200</arg>
<doc>Fails if objects are unequal after converting them to real numbers.</doc>
<status status="PASS" start="2024-06-11T07:14:37.552355" elapsed="0.000817"/>
</kw>
<kw name="Log" owner="BuiltIn">
<msg time="2024-06-11T07:14:37.554271" level="INFO">200</msg>
<arg>${response.status_code}</arg>
<doc>Logs the given message with the given level.</doc>
<status status="PASS" start="2024-06-11T07:14:37.553708" elapsed="0.000636"/>
</kw>
<kw name="Set Variable" owner="BuiltIn">
<msg time="2024-06-11T07:14:37.555568" level="INFO">${json_data} = {'results': [{'gender': 'female', 'name': {'title': 'Ms', 'first': 'Chaiane', 'last': 'Santos'}, 'location': {'street': {'number': 4161, 'name': 'Rua Santa Luzia '}, 'city': 'Jacareí', 'state': 'Perna...</msg>
<var>${json_data}</var>
<arg>${response.json()}</arg>
<doc>Returns the given values which can then be assigned to a variables.</doc>
<status status="PASS" start="2024-06-11T07:14:37.554822" elapsed="0.000792"/>
</kw>
<kw name="Dictionary Should Contain Key" owner="Collections">
<arg>${json_data}</arg>
<arg>results</arg>
<doc>Fails if ``key`` is not found from ``dictionary``.</doc>
<status status="PASS" start="2024-06-11T07:14:37.556090" elapsed="0.000281"/>
</kw>
<status status="PASS" start="2024-06-11T07:14:37.424063" elapsed="0.132573"/>
</kw>
<doc>Testa se a API responde corretamente e retorna um objeto JSON válido.</doc>
<tag>testeRequisicaoBasica</tag>
<status status="PASS" start="2024-06-11T07:14:37.423588" elapsed="0.133326"/>
</test>
<test id="s1-s1-t3" name="Validar estrutura de resposta" line="22">
<kw name="Teste de Estrutura de Resposta" owner="random-user-service">
<kw name="GET On Session" owner="RequestsLibrary">
<msg time="2024-06-11T07:14:37.654150" level="INFO">GET Request : url=https://randomuser.me/api 
 path_url=/api 
 headers={'User-Agent': 'python-requests/2.32.3', 'Accept-Encoding': 'gzip, deflate', 'Accept': '*/*', 'Connection': 'keep-alive'} 
 body=None 
 </msg>
<msg time="2024-06-11T07:14:37.654258" level="INFO">GET Response : url=https://randomuser.me/api 
 status=200, reason=OK 
 headers={'Date': 'Tue, 11 Jun 2024 07:14:37 GMT', 'Content-Type': 'application/json; charset=utf-8', 'Transfer-Encoding': 'chunked', 'Connection': 'keep-alive', 'X-Powered-By': 'Express', 'Access-Control-Allow-Origin': '*', 'Cache-Control': 'no-cache', 'ETag': 'W/"49d-bY8t/MxMfgWZ5EfKU322eG4fDpg"', 'Vary': 'Accept-Encoding', 'Content-Encoding': 'gzip', 'CF-Cache-Status': 'DYNAMIC', 'Report-To': '{"endpoints":[{"url":"https:\\/\\/a.nel.cloudflare.com\\/report\\/v4?s=mV82cyQy8NxjCOR89VMgCdY83dWpumvcXD1woydQ7dmvmWAmGTlMvQDlgvipLocn8QkP8tT9rZ9OW8c08k0ZTzM0vPhrXyjWuZR%2FLHJiLIbVNobjwTViTURPWFk39KCk"}],"group":"cf-nel","max_age":604800}', 'NEL': '{"success_fraction":0,"report_to":"cf-nel","max_age":604800}', 'Server': 'cloudflare', 'CF-RAY': '891fce28ceafd045-SJC', 'alt-svc': 'h3=":443"; ma=86400'} 
 body={"results":[{"gender":"male","name":{"title":"Mr","first":"Rafael","last":"Fernandez"},"location":{"street":{"number":207,"name":"Rue du Moulin"},"city":"Toulouse","state":"Loiret","country":"France","postcode":60472,"coordinates":{"latitude":"-16.6291","longitude":"-133.0640"},"timezone":{"offset":"+11:00","description":"Magadan, Solomon Islands, New Caledonia"}},"email":"rafael.fernandez@example.com","login":{"uuid":"c4f0de98-b3dd-4c5b-871f-c67658526f96","username":"bigwolf829","password":"julie1","salt":"Ro21WuSX","md5":"b75279abca5778c1b6a8c12e25907444","sha1":"a5d31a34094896db9436af0c581d39c0c5826bc8","sha256":"7687a14a916f5d786c32a6a3e767bf222b229c5d13c253fb814b2f54066c1af6"},"dob":{"date":"1967-09-25T09:24:39.881Z","age":56},"registered":{"date":"2011-09-03T15:07:10.454Z","age":12},"phone":"02-53-13-95-35","cell":"06-61-39-32-96","id":{"name":"INSEE","value":"1670809206944 01"},"picture":{"large":"https://randomuser.me/api/portraits/men/41.jpg","medium":"https://randomuser.me/api/portraits/med/men/41.jpg","thumbnail":"https://randomuser.me/api/portraits/thumb/men/41.jpg"},"nat":"FR"}],"info":{"seed":"c8266b619bab9b3c","results":1,"page":1,"version":"1.4"}} 
 </msg>
<msg time="2024-06-11T07:14:37.654429" level="INFO">/opt/hostedtoolcache/Python/3.12.3/x64/lib/python3.12/site-packages/urllib3/connectionpool.py:1103: InsecureRequestWarning: Unverified HTTPS request is being made to host 'randomuser.me'. Adding certificate verification is strongly advised. See: https://urllib3.readthedocs.io/en/latest/advanced-usage.html#tls-warnings
  warnings.warn(</msg>
<msg time="2024-06-11T07:14:37.654572" level="INFO">${response} = &lt;Response [200]&gt;</msg>
<var>${response}</var>
<arg>consultarAPI</arg>
<arg>/api</arg>
<doc>Sends a GET request on a previously created HTTP Session.</doc>
<status status="PASS" start="2024-06-11T07:14:37.561776" elapsed="0.092842"/>
</kw>
<kw name="Set Variable" owner="BuiltIn">
<msg time="2024-06-11T07:14:37.655759" level="INFO">${json_data} = {'results': [{'gender': 'male', 'name': {'title': 'Mr', 'first': 'Rafael', 'last': 'Fernandez'}, 'location': {'street': {'number': 207, 'name': 'Rue du Moulin'}, 'city': 'Toulouse', 'state': 'Loiret',...</msg>
<var>${json_data}</var>
<arg>${response.json()}</arg>
<doc>Returns the given values which can then be assigned to a variables.</doc>
<status status="PASS" start="2024-06-11T07:14:37.655196" elapsed="0.000594"/>
</kw>
<kw name="Log" owner="BuiltIn">
<msg time="2024-06-11T07:14:37.656354" level="INFO">{'results': [{'gender': 'male', 'name': {'title': 'Mr', 'first': 'Rafael', 'last': 'Fernandez'}, 'location': {'street': {'number': 207, 'name': 'Rue du Moulin'}, 'city': 'Toulouse', 'state': 'Loiret', 'country': 'France', 'postcode': 60472, 'coordinates': {'latitude': '-16.6291', 'longitude': '-133.0640'}, 'timezone': {'offset': '+11:00', 'description': 'Magadan, Solomon Islands, New Caledonia'}}, 'email': 'rafael.fernandez@example.com', 'login': {'uuid': 'c4f0de98-b3dd-4c5b-871f-c67658526f96', 'username': 'bigwolf829', 'password': 'julie1', 'salt': 'Ro21WuSX', 'md5': 'b75279abca5778c1b6a8c12e25907444', 'sha1': 'a5d31a34094896db9436af0c581d39c0c5826bc8', 'sha256': '7687a14a916f5d786c32a6a3e767bf222b229c5d13c253fb814b2f54066c1af6'}, 'dob': {'date': '1967-09-25T09:24:39.881Z', 'age': 56}, 'registered': {'date': '2011-09-03T15:07:10.454Z', 'age': 12}, 'phone': '02-53-13-95-35', 'cell': '06-61-39-32-96', 'id': {'name': 'INSEE', 'value': '1670809206944 01'}, 'picture': {'large': 'https://randomuser.me/api/portraits/men/41.jpg', 'medium': 'https://randomuser.me/api/portraits/med/men/41.jpg', 'thumbnail': 'https://randomuser.me/api/portraits/thumb/men/41.jpg'}, 'nat': 'FR'}], 'info': {'seed': 'c8266b619bab9b3c', 'results': 1, 'page': 1, 'version': '1.4'}}</msg>
<arg>${json_data}</arg>
<doc>Logs the given message with the given level.</doc>
<status status="PASS" start="2024-06-11T07:14:37.656164" elapsed="0.000245"/>
</kw>
<kw name="Dictionary Should Contain Key" owner="Collections">
<arg>${json_data}</arg>
<arg>results</arg>
<doc>Fails if ``key`` is not found from ``dictionary``.</doc>
<status status="PASS" start="2024-06-11T07:14:37.656728" elapsed="0.000168"/>
</kw>
<kw name="Should Not Be Empty" owner="BuiltIn">
<msg time="2024-06-11T07:14:37.657292" level="INFO">Length is 2.</msg>
<arg>${json_data}</arg>
<doc>Verifies that the given item is not empty.</doc>
<status status="PASS" start="2024-06-11T07:14:37.657136" elapsed="0.000197"/>
</kw>
<kw name="Create List" owner="BuiltIn">
<msg time="2024-06-11T07:14:37.657812" level="INFO">${expected_keys} = ['gender', 'name', 'location', 'email', 'login']</msg>
<var>${expected_keys}</var>
<arg>gender</arg>
<arg>name</arg>
<arg>location</arg>
<arg>email</arg>
<arg>login</arg>
<doc>Returns a list containing given items.</doc>
<status status="PASS" start="2024-06-11T07:14:37.657655" elapsed="0.000183"/>
</kw>
<for flavor="IN">
<iter>
<kw name="Dictionary Should Contain Key" owner="Collections">
<arg>${json_data['results'][0]}</arg>
<arg>${key}</arg>
<doc>Fails if ``key`` is not found from ``dictionary``.</doc>
<status status="PASS" start="2024-06-11T07:14:37.658445" elapsed="0.000435"/>
</kw>
<kw name="Log" owner="BuiltIn">
<msg time="2024-06-11T07:14:37.659441" level="INFO">{'gender': 'male', 'name': {'title': 'Mr', 'first': 'Rafael', 'last': 'Fernandez'}, 'location': {'street': {'number': 207, 'name': 'Rue du Moulin'}, 'city': 'Toulouse', 'state': 'Loiret', 'country': 'France', 'postcode': 60472, 'coordinates': {'latitude': '-16.6291', 'longitude': '-133.0640'}, 'timezone': {'offset': '+11:00', 'description': 'Magadan, Solomon Islands, New Caledonia'}}, 'email': 'rafael.fernandez@example.com', 'login': {'uuid': 'c4f0de98-b3dd-4c5b-871f-c67658526f96', 'username': 'bigwolf829', 'password': 'julie1', 'salt': 'Ro21WuSX', 'md5': 'b75279abca5778c1b6a8c12e25907444', 'sha1': 'a5d31a34094896db9436af0c581d39c0c5826bc8', 'sha256': '7687a14a916f5d786c32a6a3e767bf222b229c5d13c253fb814b2f54066c1af6'}, 'dob': {'date': '1967-09-25T09:24:39.881Z', 'age': 56}, 'registered': {'date': '2011-09-03T15:07:10.454Z', 'age': 12}, 'phone': '02-53-13-95-35', 'cell': '06-61-39-32-96', 'id': {'name': 'INSEE', 'value': '1670809206944 01'}, 'picture': {'large': 'https://randomuser.me/api/portraits/men/41.jpg', 'medium': 'https://randomuser.me/api/portraits/med/men/41.jpg', 'thumbnail': 'https://randomuser.me/api/portraits/thumb/men/41.jpg'}, 'nat': 'FR'}</msg>
<arg>${json_data['results'][0]}</arg>
<doc>Logs the given message with the given level.</doc>
<status status="PASS" start="2024-06-11T07:14:37.659079" elapsed="0.000412"/>
</kw>
<kw name="Log" owner="BuiltIn">
<msg time="2024-06-11T07:14:37.659927" level="INFO">gender</msg>
<arg>${key}</arg>
<doc>Logs the given message with the given level.</doc>
<status status="PASS" start="2024-06-11T07:14:37.659790" elapsed="0.000182"/>
</kw>
<var name="${key}">gender</var>
<status status="PASS" start="2024-06-11T07:14:37.658316" elapsed="0.001879"/>
</iter>
<iter>
<kw name="Dictionary Should Contain Key" owner="Collections">
<arg>${json_data['results'][0]}</arg>
<arg>${key}</arg>
<doc>Fails if ``key`` is not found from ``dictionary``.</doc>
<status status="PASS" start="2024-06-11T07:14:37.660505" elapsed="0.000396"/>
</kw>
<kw name="Log" owner="BuiltIn">
<msg time="2024-06-11T07:14:37.661471" level="INFO">{'gender': 'male', 'name': {'title': 'Mr', 'first': 'Rafael', 'last': 'Fernandez'}, 'location': {'street': {'number': 207, 'name': 'Rue du Moulin'}, 'city': 'Toulouse', 'state': 'Loiret', 'country': 'France', 'postcode': 60472, 'coordinates': {'latitude': '-16.6291', 'longitude': '-133.0640'}, 'timezone': {'offset': '+11:00', 'description': 'Magadan, Solomon Islands, New Caledonia'}}, 'email': 'rafael.fernandez@example.com', 'login': {'uuid': 'c4f0de98-b3dd-4c5b-871f-c67658526f96', 'username': 'bigwolf829', 'password': 'julie1', 'salt': 'Ro21WuSX', 'md5': 'b75279abca5778c1b6a8c12e25907444', 'sha1': 'a5d31a34094896db9436af0c581d39c0c5826bc8', 'sha256': '7687a14a916f5d786c32a6a3e767bf222b229c5d13c253fb814b2f54066c1af6'}, 'dob': {'date': '1967-09-25T09:24:39.881Z', 'age': 56}, 'registered': {'date': '2011-09-03T15:07:10.454Z', 'age': 12}, 'phone': '02-53-13-95-35', 'cell': '06-61-39-32-96', 'id': {'name': 'INSEE', 'value': '1670809206944 01'}, 'picture': {'large': 'https://randomuser.me/api/portraits/men/41.jpg', 'medium': 'https://randomuser.me/api/portraits/med/men/41.jpg', 'thumbnail': 'https://randomuser.me/api/portraits/thumb/men/41.jpg'}, 'nat': 'FR'}</msg>
<arg>${json_data['results'][0]}</arg>
<doc>Logs the given message with the given level.</doc>
<status status="PASS" start="2024-06-11T07:14:37.661112" elapsed="0.000444"/>
</kw>
<kw name="Log" owner="BuiltIn">
<msg time="2024-06-11T07:14:37.661994" level="INFO">name</msg>
<arg>${key}</arg>
<doc>Logs the given message with the given level.</doc>
<status status="PASS" start="2024-06-11T07:14:37.661865" elapsed="0.000168"/>
</kw>
<var name="${key}">name</var>
<status status="PASS" start="2024-06-11T07:14:37.660391" elapsed="0.001859"/>
</iter>
<iter>
<kw name="Dictionary Should Contain Key" owner="Collections">
<arg>${json_data['results'][0]}</arg>
<arg>${key}</arg>
<doc>Fails if ``key`` is not found from ``dictionary``.</doc>
<status status="PASS" start="2024-06-11T07:14:37.662544" elapsed="0.000378"/>
</kw>
<kw name="Log" owner="BuiltIn">
<msg time="2024-06-11T07:14:37.663457" level="INFO">{'gender': 'male', 'name': {'title': 'Mr', 'first': 'Rafael', 'last': 'Fernandez'}, 'location': {'street': {'number': 207, 'name': 'Rue du Moulin'}, 'city': 'Toulouse', 'state': 'Loiret', 'country': 'France', 'postcode': 60472, 'coordinates': {'latitude': '-16.6291', 'longitude': '-133.0640'}, 'timezone': {'offset': '+11:00', 'description': 'Magadan, Solomon Islands, New Caledonia'}}, 'email': 'rafael.fernandez@example.com', 'login': {'uuid': 'c4f0de98-b3dd-4c5b-871f-c67658526f96', 'username': 'bigwolf829', 'password': 'julie1', 'salt': 'Ro21WuSX', 'md5': 'b75279abca5778c1b6a8c12e25907444', 'sha1': 'a5d31a34094896db9436af0c581d39c0c5826bc8', 'sha256': '7687a14a916f5d786c32a6a3e767bf222b229c5d13c253fb814b2f54066c1af6'}, 'dob': {'date': '1967-09-25T09:24:39.881Z', 'age': 56}, 'registered': {'date': '2011-09-03T15:07:10.454Z', 'age': 12}, 'phone': '02-53-13-95-35', 'cell': '06-61-39-32-96', 'id': {'name': 'INSEE', 'value': '1670809206944 01'}, 'picture': {'large': 'https://randomuser.me/api/portraits/men/41.jpg', 'medium': 'https://randomuser.me/api/portraits/med/men/41.jpg', 'thumbnail': 'https://randomuser.me/api/portraits/thumb/men/41.jpg'}, 'nat': 'FR'}</msg>
<arg>${json_data['results'][0]}</arg>
<doc>Logs the given message with the given level.</doc>
<status status="PASS" start="2024-06-11T07:14:37.663112" elapsed="0.000394"/>
</kw>
<kw name="Log" owner="BuiltIn">
<msg time="2024-06-11T07:14:37.663925" level="INFO">location</msg>
<arg>${key}</arg>
<doc>Logs the given message with the given level.</doc>
<status status="PASS" start="2024-06-11T07:14:37.663798" elapsed="0.000170"/>
</kw>
<var name="${key}">location</var>
<status status="PASS" start="2024-06-11T07:14:37.662434" elapsed="0.001748"/>
</iter>
<iter>
<kw name="Dictionary Should Contain Key" owner="Collections">
<arg>${json_data['results'][0]}</arg>
<arg>${key}</arg>
<doc>Fails if ``key`` is not found from ``dictionary``.</doc>
<status status="PASS" start="2024-06-11T07:14:37.664466" elapsed="0.000385"/>
</kw>
<kw name="Log" owner="BuiltIn">
<msg time="2024-06-11T07:14:37.665408" level="INFO">{'gender': 'male', 'name': {'title': 'Mr', 'first': 'Rafael', 'last': 'Fernandez'}, 'location': {'street': {'number': 207, 'name': 'Rue du Moulin'}, 'city': 'Toulouse', 'state': 'Loiret', 'country': 'France', 'postcode': 60472, 'coordinates': {'latitude': '-16.6291', 'longitude': '-133.0640'}, 'timezone': {'offset': '+11:00', 'description': 'Magadan, Solomon Islands, New Caledonia'}}, 'email': 'rafael.fernandez@example.com', 'login': {'uuid': 'c4f0de98-b3dd-4c5b-871f-c67658526f96', 'username': 'bigwolf829', 'password': 'julie1', 'salt': 'Ro21WuSX', 'md5': 'b75279abca5778c1b6a8c12e25907444', 'sha1': 'a5d31a34094896db9436af0c581d39c0c5826bc8', 'sha256': '7687a14a916f5d786c32a6a3e767bf222b229c5d13c253fb814b2f54066c1af6'}, 'dob': {'date': '1967-09-25T09:24:39.881Z', 'age': 56}, 'registered': {'date': '2011-09-03T15:07:10.454Z', 'age': 12}, 'phone': '02-53-13-95-35', 'cell': '06-61-39-32-96', 'id': {'name': 'INSEE', 'value': '1670809206944 01'}, 'picture': {'large': 'https://randomuser.me/api/portraits/men/41.jpg', 'medium': 'https://randomuser.me/api/portraits/med/men/41.jpg', 'thumbnail': 'https://randomuser.me/api/portraits/thumb/men/41.jpg'}, 'nat': 'FR'}</msg>
<arg>${json_data['results'][0]}</arg>
<doc>Logs the given message with the given level.</doc>
<status status="PASS" start="2024-06-11T07:14:37.665033" elapsed="0.000424"/>
</kw>
<kw name="Log" owner="BuiltIn">
<msg time="2024-06-11T07:14:37.665884" level="INFO">email</msg>
<arg>${key}</arg>
<doc>Logs the given message with the given level.</doc>
<status status="PASS" start="2024-06-11T07:14:37.665755" elapsed="0.000168"/>
</kw>
<var name="${key}">email</var>
<status status="PASS" start="2024-06-11T07:14:37.664358" elapsed="0.001782"/>
</iter>
<iter>
<kw name="Dictionary Should Contain Key" owner="Collections">
<arg>${json_data['results'][0]}</arg>
<arg>${key}</arg>
<doc>Fails if ``key`` is not found from ``dictionary``.</doc>
<status status="PASS" start="2024-06-11T07:14:37.666424" elapsed="0.000389"/>
</kw>
<kw name="Log" owner="BuiltIn">
<msg time="2024-06-11T07:14:37.667353" level="INFO">{'gender': 'male', 'name': {'title': 'Mr', 'first': 'Rafael', 'last': 'Fernandez'}, 'location': {'street': {'number': 207, 'name': 'Rue du Moulin'}, 'city': 'Toulouse', 'state': 'Loiret', 'country': 'France', 'postcode': 60472, 'coordinates': {'latitude': '-16.6291', 'longitude': '-133.0640'}, 'timezone': {'offset': '+11:00', 'description': 'Magadan, Solomon Islands, New Caledonia'}}, 'email': 'rafael.fernandez@example.com', 'login': {'uuid': 'c4f0de98-b3dd-4c5b-871f-c67658526f96', 'username': 'bigwolf829', 'password': 'julie1', 'salt': 'Ro21WuSX', 'md5': 'b75279abca5778c1b6a8c12e25907444', 'sha1': 'a5d31a34094896db9436af0c581d39c0c5826bc8', 'sha256': '7687a14a916f5d786c32a6a3e767bf222b229c5d13c253fb814b2f54066c1af6'}, 'dob': {'date': '1967-09-25T09:24:39.881Z', 'age': 56}, 'registered': {'date': '2011-09-03T15:07:10.454Z', 'age': 12}, 'phone': '02-53-13-95-35', 'cell': '06-61-39-32-96', 'id': {'name': 'INSEE', 'value': '1670809206944 01'}, 'picture': {'large': 'https://randomuser.me/api/portraits/men/41.jpg', 'medium': 'https://randomuser.me/api/portraits/med/men/41.jpg', 'thumbnail': 'https://randomuser.me/api/portraits/thumb/men/41.jpg'}, 'nat': 'FR'}</msg>
<arg>${json_data['results'][0]}</arg>
<doc>Logs the given message with the given level.</doc>
<status status="PASS" start="2024-06-11T07:14:37.666998" elapsed="0.000415"/>
</kw>
<kw name="Log" owner="BuiltIn">
<msg time="2024-06-11T07:14:37.667836" level="INFO">login</msg>
<arg>${key}</arg>
<doc>Logs the given message with the given level.</doc>
<status status="PASS" start="2024-06-11T07:14:37.667709" elapsed="0.000166"/>
</kw>
<var name="${key}">login</var>
<status status="PASS" start="2024-06-11T07:14:37.666315" elapsed="0.001779"/>
</iter>
<var>${key}</var>
<value>@{expected_keys}</value>
<status status="PASS" start="2024-06-11T07:14:37.658106" elapsed="0.010111"/>
</for>
<kw name="Create List" owner="BuiltIn">
<msg time="2024-06-11T07:14:37.668583" level="INFO">${expected_keysTwo} = ['username', 'password']</msg>
<var>${expected_keysTwo}</var>
<arg>username</arg>
<arg>password</arg>
<doc>Returns a list containing given items.</doc>
<status status="PASS" start="2024-06-11T07:14:37.668412" elapsed="0.000196"/>
</kw>
<for flavor="IN">
<iter>
<kw name="Dictionary Should Contain Key" owner="Collections">
<arg>${json_data['results'][0]['login']}</arg>
<arg>${keyTwo}</arg>
<doc>Fails if ``key`` is not found from ``dictionary``.</doc>
<status status="PASS" start="2024-06-11T07:14:37.669155" elapsed="0.000388"/>
</kw>
<kw name="Dictionary Should Contain Key" owner="Collections">
<arg>${json_data['results'][0]['login']}</arg>
<arg>${keyTwo}</arg>
<doc>Fails if ``key`` is not found from ``dictionary``.</doc>
<status status="PASS" start="2024-06-11T07:14:37.669728" elapsed="0.000519"/>
</kw>
<kw name="Log" owner="BuiltIn">
<msg time="2024-06-11T07:14:37.670549" level="INFO">username</msg>
<arg>${keyTwo}</arg>
<doc>Logs the given message with the given level.</doc>
<status status="PASS" start="2024-06-11T07:14:37.670428" elapsed="0.000158"/>
</kw>
<var name="${keyTwo}">username</var>
<status status="PASS" start="2024-06-11T07:14:37.669017" elapsed="0.001795"/>
</iter>
<iter>
<kw name="Dictionary Should Contain Key" owner="Collections">
<arg>${json_data['results'][0]['login']}</arg>
<arg>${keyTwo}</arg>
<doc>Fails if ``key`` is not found from ``dictionary``.</doc>
<status status="PASS" start="2024-06-11T07:14:37.671097" elapsed="0.000381"/>
</kw>
<kw name="Dictionary Should Contain Key" owner="Collections">
<arg>${json_data['results'][0]['login']}</arg>
<arg>${keyTwo}</arg>
<doc>Fails if ``key`` is not found from ``dictionary``.</doc>
<status status="PASS" start="2024-06-11T07:14:37.671659" elapsed="0.000366"/>
</kw>
<kw name="Log" owner="BuiltIn">
<msg time="2024-06-11T07:14:37.672323" level="INFO">password</msg>
<arg>${keyTwo}</arg>
<doc>Logs the given message with the given level.</doc>
<status status="PASS" start="2024-06-11T07:14:37.672204" elapsed="0.000156"/>
</kw>
<var name="${keyTwo}">password</var>
<status status="PASS" start="2024-06-11T07:14:37.670989" elapsed="0.001589"/>
</iter>
<var>${keyTwo}</var>
<value>@{expected_keysTwo}</value>
<status status="PASS" start="2024-06-11T07:14:37.668853" elapsed="0.003849"/>
</for>
<status status="PASS" start="2024-06-11T07:14:37.561147" elapsed="0.111699"/>
</kw>
<doc>Testa a estrutura da resposta da API.</doc>
<tag>testeEstruturaResposta</tag>
<status status="PASS" start="2024-06-11T07:14:37.560276" elapsed="0.112735"/>
</test>
<test id="s1-s1-t4" name="Validar tipos de dados" line="28">
<kw name="Teste de Tipos de Dados" owner="random-user-service">
<kw name="GET On Session" owner="RequestsLibrary">
<msg time="2024-06-11T07:14:37.769406" level="INFO">GET Request : url=https://randomuser.me/api 
 path_url=/api 
 headers={'User-Agent': 'python-requests/2.32.3', 'Accept-Encoding': 'gzip, deflate', 'Accept': '*/*', 'Connection': 'keep-alive'} 
 body=None 
 </msg>
<msg time="2024-06-11T07:14:37.769509" level="INFO">GET Response : url=https://randomuser.me/api 
 status=200, reason=OK 
 headers={'Date': 'Tue, 11 Jun 2024 07:14:37 GMT', 'Content-Type': 'application/json; charset=utf-8', 'Transfer-Encoding': 'chunked', 'Connection': 'keep-alive', 'X-Powered-By': 'Express', 'Access-Control-Allow-Origin': '*', 'Cache-Control': 'no-cache', 'ETag': 'W/"48b-hCzJEIfOoVWN0YC1lEMU/U/8F60"', 'Vary': 'Accept-Encoding', 'Content-Encoding': 'gzip', 'CF-Cache-Status': 'DYNAMIC', 'Report-To': '{"endpoints":[{"url":"https:\\/\\/a.nel.cloudflare.com\\/report\\/v4?s=y7XMFjBfxTf68i2XA6dc%2F%2FG5mCc3jTnY2hvGT7bJ8ihY1YWuCQ4q5M1X5mJLSMSPw2dugtcznmZWEkzQ8%2FbkgNfVk1q17jgmLTpY3OHtABuspE4vwJI%2BYDbhvCsJs9Q9"}],"group":"cf-nel","max_age":604800}', 'NEL': '{"success_fraction":0,"report_to":"cf-nel","max_age":604800}', 'Server': 'cloudflare', 'CF-RAY': '891fce297f11d045-SJC', 'alt-svc': 'h3=":443"; ma=86400'} 
 body={"results":[{"gender":"male","name":{"title":"Monsieur","first":"Max","last":"Giraud"},"location":{"street":{"number":7531,"name":"Rue de L'Abbé-Groult"},"city":"Wiler (Lötschen)","state":"Aargau","country":"Switzerland","postcode":3256,"coordinates":{"latitude":"-57.7679","longitude":"-132.1143"},"timezone":{"offset":"-10:00","description":"Hawaii"}},"email":"max.giraud@example.com","login":{"uuid":"a61c8f05-fe93-43fa-897f-be3a4f407f30","username":"heavywolf722","password":"massive","salt":"74Lno8OG","md5":"2f74af6b5a2671a4c9cd6077495f53a3","sha1":"c73ac8f9666b773ba8f763f72a603bbf30d882a2","sha256":"ff7a72ca9a1577e2549329cadac286d1e31da45ec1d6f21877ac6a989e31b13a"},"dob":{"date":"1996-05-14T04:42:58.673Z","age":28},"registered":{"date":"2006-11-27T08:39:25.026Z","age":17},"phone":"079 204 92 01","cell":"076 070 23 19","id":{"name":"AVS","value":"756.5033.8924.23"},"picture":{"large":"https://randomuser.me/api/portraits/men/67.jpg","medium":"https://randomuser.me/api/portraits/med/men/67.jpg","thumbnail":"https://randomuser.me/api/portraits/thumb/men/67.jpg"},"nat":"CH"}],"info":{"seed":"04717a110a4c7e5b","results":1,"page":1,"version":"1.4"}} 
 </msg>
<msg time="2024-06-11T07:14:37.769585" level="INFO">/opt/hostedtoolcache/Python/3.12.3/x64/lib/python3.12/site-packages/urllib3/connectionpool.py:1103: InsecureRequestWarning: Unverified HTTPS request is being made to host 'randomuser.me'. Adding certificate verification is strongly advised. See: https://urllib3.readthedocs.io/en/latest/advanced-usage.html#tls-warnings
  warnings.warn(</msg>
<msg time="2024-06-11T07:14:37.769702" level="INFO">${response} = &lt;Response [200]&gt;</msg>
<var>${response}</var>
<arg>consultarAPI</arg>
<arg>/api</arg>
<doc>Sends a GET request on a previously created HTTP Session.</doc>
<status status="PASS" start="2024-06-11T07:14:37.675475" elapsed="0.094253"/>
</kw>
<kw name="Set Variable" owner="BuiltIn">
<msg time="2024-06-11T07:14:37.770869" level="INFO">${json_data} = {'results': [{'gender': 'male', 'name': {'title': 'Monsieur', 'first': 'Max', 'last': 'Giraud'}, 'location': {'street': {'number': 7531, 'name': "Rue de L'Abbé-Groult"}, 'city': 'Wiler (Lötschen)', 's...</msg>
<var>${json_data}</var>
<arg>${response.json()}</arg>
<doc>Returns the given values which can then be assigned to a variables.</doc>
<status status="PASS" start="2024-06-11T07:14:37.770308" elapsed="0.000590"/>
</kw>
<kw name="Log" owner="BuiltIn">
<msg time="2024-06-11T07:14:37.771434" level="INFO">{'results': [{'gender': 'male', 'name': {'title': 'Monsieur', 'first': 'Max', 'last': 'Giraud'}, 'location': {'street': {'number': 7531, 'name': "Rue de L'Abbé-Groult"}, 'city': 'Wiler (Lötschen)', 'state': 'Aargau', 'country': 'Switzerland', 'postcode': 3256, 'coordinates': {'latitude': '-57.7679', 'longitude': '-132.1143'}, 'timezone': {'offset': '-10:00', 'description': 'Hawaii'}}, 'email': 'max.giraud@example.com', 'login': {'uuid': 'a61c8f05-fe93-43fa-897f-be3a4f407f30', 'username': 'heavywolf722', 'password': 'massive', 'salt': '74Lno8OG', 'md5': '2f74af6b5a2671a4c9cd6077495f53a3', 'sha1': 'c73ac8f9666b773ba8f763f72a603bbf30d882a2', 'sha256': 'ff7a72ca9a1577e2549329cadac286d1e31da45ec1d6f21877ac6a989e31b13a'}, 'dob': {'date': '1996-05-14T04:42:58.673Z', 'age': 28}, 'registered': {'date': '2006-11-27T08:39:25.026Z', 'age': 17}, 'phone': '079 204 92 01', 'cell': '076 070 23 19', 'id': {'name': 'AVS', 'value': '756.5033.8924.23'}, 'picture': {'large': 'https://randomuser.me/api/portraits/men/67.jpg', 'medium': 'https://randomuser.me/api/portraits/med/men/67.jpg', 'thumbnail': 'https://randomuser.me/api/portraits/thumb/men/67.jpg'}, 'nat': 'CH'}], 'info': {'seed': '04717a110a4c7e5b', 'results': 1, 'page': 1, 'version': '1.4'}}</msg>
<arg>${json_data}</arg>
<doc>Logs the given message with the given level.</doc>
<status status="PASS" start="2024-06-11T07:14:37.771261" elapsed="0.000225"/>
</kw>
<kw name="Should Be String" owner="String">
<arg>${json_data['results'][0]['gender']}</arg>
<doc>Fails if the given ``item`` is not a string.</doc>
<status status="PASS" start="2024-06-11T07:14:37.771800" elapsed="0.000393"/>
</kw>
<kw name="Should Match Regexp" owner="BuiltIn">
<arg>${json_data['results'][0]['email']}</arg>
<arg>^[a-zA-Z0-9._%+-]+@[a-zA-Z0-9.-]+\.[a-zA-Z]{2,}$</arg>
<doc>Fails if ``string`` does not match ``pattern`` as a regular expression.</doc>
<status status="PASS" start="2024-06-11T07:14:37.772389" elapsed="0.000582"/>
</kw>
<kw name="Should Match Regexp" owner="BuiltIn">
<arg>${json_data['results'][0]['dob']['date']}</arg>
<arg>\\d{4}-\\d{2}-\\d{2}T\\d{2}:\\d{2}:\\d{2}\\.\\d{3}Z</arg>
<doc>Fails if ``string`` does not match ``pattern`` as a regular expression.</doc>
<status status="PASS" start="2024-06-11T07:14:37.773215" elapsed="0.000506"/>
</kw>
<kw name="Should Match Regexp" owner="BuiltIn">
<arg>${json_data['results'][0]['registered']['date']}</arg>
<arg>\\d{4}-\\d{2}-\\d{2}T\\d{2}:\\d{2}:\\d{2}\\.\\d{3}Z</arg>
<doc>Fails if ``string`` does not match ``pattern`` as a regular expression.</doc>
<status status="PASS" start="2024-06-11T07:14:37.773916" elapsed="0.000367"/>
</kw>
<kw name="Should Match Regexp" owner="BuiltIn">
<arg>${json_data['results'][0]['picture']['large']}</arg>
<arg>^https?://.*\.(?:png|jpe?g|gif|bmp)$</arg>
<doc>Fails if ``string`` does not match ``pattern`` as a regular expression.</doc>
<status status="PASS" start="2024-06-11T07:14:37.774470" elapsed="0.000494"/>
</kw>
<kw name="Should Match Regexp" owner="BuiltIn">
<arg>${json_data['results'][0]['picture']['medium']}</arg>
<arg>^https?://.*\.(?:png|jpe?g|gif|bmp)$</arg>
<doc>Fails if ``string`` does not match ``pattern`` as a regular expression.</doc>
<status status="PASS" start="2024-06-11T07:14:37.775163" elapsed="0.000358"/>
</kw>
<kw name="Should Match Regexp" owner="BuiltIn">
<arg>${json_data['results'][0]['picture']['thumbnail']}</arg>
<arg>^https?://.*\.(?:png|jpe?g|gif|bmp)$</arg>
<doc>Fails if ``string`` does not match ``pattern`` as a regular expression.</doc>
<status status="PASS" start="2024-06-11T07:14:37.775707" elapsed="0.000352"/>
</kw>
<kw name="Log" owner="BuiltIn">
<msg time="2024-06-11T07:14:37.776573" level="INFO">{'large': 'https://randomuser.me/api/portraits/men/67.jpg', 'medium': 'https://randomuser.me/api/portraits/med/men/67.jpg', 'thumbnail': 'https://randomuser.me/api/portraits/thumb/men/67.jpg'}</msg>
<arg>${json_data['results'][0]['picture']}</arg>
<doc>Logs the given message with the given level.</doc>
<status status="PASS" start="2024-06-11T07:14:37.776242" elapsed="0.000375"/>
</kw>
<status status="PASS" start="2024-06-11T07:14:37.675240" elapsed="0.101640"/>
</kw>
<kw name="Teste de Tipos de Dados - Postcode" owner="random-user-service">
<kw name="GET On Session" owner="RequestsLibrary">
<msg time="2024-06-11T07:14:37.898564" level="INFO">GET Request : url=https://randomuser.me/api 
 path_url=/api 
 headers={'User-Agent': 'python-requests/2.32.3', 'Accept-Encoding': 'gzip, deflate', 'Accept': '*/*', 'Connection': 'keep-alive'} 
 body=None 
 </msg>
<msg time="2024-06-11T07:14:37.898664" level="INFO">GET Response : url=https://randomuser.me/api 
 status=200, reason=OK 
 headers={'Date': 'Tue, 11 Jun 2024 07:14:37 GMT', 'Content-Type': 'application/json; charset=utf-8', 'Transfer-Encoding': 'chunked', 'Connection': 'keep-alive', 'X-Powered-By': 'Express', 'Access-Control-Allow-Origin': '*', 'Cache-Control': 'no-cache', 'ETag': 'W/"462-ia2bZyh3oQD7iNBbOyltHc7NUsc"', 'Vary': 'Accept-Encoding', 'Content-Encoding': 'gzip', 'CF-Cache-Status': 'DYNAMIC', 'Report-To': '{"endpoints":[{"url":"https:\\/\\/a.nel.cloudflare.com\\/report\\/v4?s=eJbj4r2Ni5N1aSygsDIolTQkjeCoFZbG1aexzib3JwbWG%2BRF1W4IRZ89bybVU4a2h7hAgcp6FOSIymyvSo2fkgFk7jiKpVqL3AhXoTdyFkamFLIqSGGizFTNiyqZE9MC"}],"group":"cf-nel","max_age":604800}', 'NEL': '{"success_fraction":0,"report_to":"cf-nel","max_age":604800}', 'Server': 'cloudflare', 'CF-RAY': '891fce2a1f6bd045-SJC', 'alt-svc': 'h3=":443"; ma=86400'} 
 body={"results":[{"gender":"male","name":{"title":"Mr","first":"Jeff","last":"Pena"},"location":{"street":{"number":8358,"name":"W 6th St"},"city":"Ballarat","state":"Victoria","country":"Australia","postcode":3594,"coordinates":{"latitude":"-84.7845","longitude":"-119.3816"},"timezone":{"offset":"-10:00","description":"Hawaii"}},"email":"jeff.pena@example.com","login":{"uuid":"7b1dd1d2-1e26-4e16-94ee-63d3570fdda1","username":"tinytiger470","password":"domino","salt":"e5lA5gAx","md5":"7c1ae92d6cca1ea4214043f6aa1df02d","sha1":"c2b359fd0dc4c7918dbedee67dc12c400d17e3bb","sha256":"2774fa6c798f694df4b248c946af608dab2bc745ce3a898d58d04336a51e9726"},"dob":{"date":"1956-11-03T03:28:49.444Z","age":67},"registered":{"date":"2019-04-06T20:21:40.518Z","age":5},"phone":"03-4098-8618","cell":"0486-761-924","id":{"name":"TFN","value":"875249940"},"picture":{"large":"https://randomuser.me/api/portraits/men/24.jpg","medium":"https://randomuser.me/api/portraits/med/men/24.jpg","thumbnail":"https://randomuser.me/api/portraits/thumb/men/24.jpg"},"nat":"AU"}],"info":{"seed":"510e2183a3e2c2df","results":1,"page":1,"version":"1.4"}} 
 </msg>
<msg time="2024-06-11T07:14:37.898734" level="INFO">/opt/hostedtoolcache/Python/3.12.3/x64/lib/python3.12/site-packages/urllib3/connectionpool.py:1103: InsecureRequestWarning: Unverified HTTPS request is being made to host 'randomuser.me'. Adding certificate verification is strongly advised. See: https://urllib3.readthedocs.io/en/latest/advanced-usage.html#tls-warnings
  warnings.warn(</msg>
<msg time="2024-06-11T07:14:37.898861" level="INFO">${response} = &lt;Response [200]&gt;</msg>
<var>${response}</var>
<arg>consultarAPI</arg>
<arg>/api</arg>
<doc>Sends a GET request on a previously created HTTP Session.</doc>
<status status="PASS" start="2024-06-11T07:14:37.777390" elapsed="0.121512"/>
</kw>
<kw name="Set Variable" owner="BuiltIn">
<msg time="2024-06-11T07:14:37.900105" level="INFO">${json_data} = {'results': [{'gender': 'male', 'name': {'title': 'Mr', 'first': 'Jeff', 'last': 'Pena'}, 'location': {'street': {'number': 8358, 'name': 'W 6th St'}, 'city': 'Ballarat', 'state': 'Victoria', 'country...</msg>
<var>${json_data}</var>
<arg>${response.json()}</arg>
<doc>Returns the given values which can then be assigned to a variables.</doc>
<status status="PASS" start="2024-06-11T07:14:37.899529" elapsed="0.000605"/>
</kw>
<kw name="Log" owner="BuiltIn">
<msg time="2024-06-11T07:14:37.900814" level="INFO">{'results': [{'gender': 'male', 'name': {'title': 'Mr', 'first': 'Jeff', 'last': 'Pena'}, 'location': {'street': {'number': 8358, 'name': 'W 6th St'}, 'city': 'Ballarat', 'state': 'Victoria', 'country': 'Australia', 'postcode': 3594, 'coordinates': {'latitude': '-84.7845', 'longitude': '-119.3816'}, 'timezone': {'offset': '-10:00', 'description': 'Hawaii'}}, 'email': 'jeff.pena@example.com', 'login': {'uuid': '7b1dd1d2-1e26-4e16-94ee-63d3570fdda1', 'username': 'tinytiger470', 'password': 'domino', 'salt': 'e5lA5gAx', 'md5': '7c1ae92d6cca1ea4214043f6aa1df02d', 'sha1': 'c2b359fd0dc4c7918dbedee67dc12c400d17e3bb', 'sha256': '2774fa6c798f694df4b248c946af608dab2bc745ce3a898d58d04336a51e9726'}, 'dob': {'date': '1956-11-03T03:28:49.444Z', 'age': 67}, 'registered': {'date': '2019-04-06T20:21:40.518Z', 'age': 5}, 'phone': '03-4098-8618', 'cell': '0486-761-924', 'id': {'name': 'TFN', 'value': '875249940'}, 'picture': {'large': 'https://randomuser.me/api/portraits/men/24.jpg', 'medium': 'https://randomuser.me/api/portraits/med/men/24.jpg', 'thumbnail': 'https://randomuser.me/api/portraits/thumb/men/24.jpg'}, 'nat': 'AU'}], 'info': {'seed': '510e2183a3e2c2df', 'results': 1, 'page': 1, 'version': '1.4'}}</msg>
<arg>${json_data}</arg>
<doc>Logs the given message with the given level.</doc>
<status status="PASS" start="2024-06-11T07:14:37.900654" elapsed="0.000206"/>
</kw>
<kw name="Should Be Equal As Numbers" owner="BuiltIn">
<arg>${json_data['results'][0]['location']['postcode']}</arg>
<arg>${json_data['results'][0]['location']['postcode']}</arg>
<doc>Fails if objects are unequal after converting them to real numbers.</doc>
<status status="PASS" start="2024-06-11T07:14:37.901202" elapsed="0.000648"/>
</kw>
<kw name="Log" owner="BuiltIn">
<msg time="2024-06-11T07:14:37.902376" level="INFO">3594</msg>
<arg>${json_data['results'][0]['location']['postcode']}</arg>
<doc>Logs the given message with the given level.</doc>
<status status="PASS" start="2024-06-11T07:14:37.902045" elapsed="0.000373"/>
</kw>
<status status="PASS" start="2024-06-11T07:14:37.777145" elapsed="0.125563"/>
</kw>
<doc>Testa se os tipos de dados na resposta da API estão corretos.</doc>
<tag>testeTiposDados</tag>
<status status="PASS" start="2024-06-11T07:14:37.674776" elapsed="0.228103"/>
</test>
<test id="s1-s1-t5" name="Validar conteudo" line="35">
<kw name="Teste de Tipos de Conteudo" owner="random-user-service">
<kw name="GET On Session" owner="RequestsLibrary">
<msg time="2024-06-11T07:14:37.994498" level="INFO">GET Request : url=https://randomuser.me/api 
 path_url=/api 
 headers={'User-Agent': 'python-requests/2.32.3', 'Accept-Encoding': 'gzip, deflate', 'Accept': '*/*', 'Connection': 'keep-alive'} 
 body=None 
 </msg>
<msg time="2024-06-11T07:14:37.994599" level="INFO">GET Response : url=https://randomuser.me/api 
 status=200, reason=OK 
 headers={'Date': 'Tue, 11 Jun 2024 07:14:37 GMT', 'Content-Type': 'application/json; charset=utf-8', 'Transfer-Encoding': 'chunked', 'Connection': 'keep-alive', 'X-Powered-By': 'Express', 'Access-Control-Allow-Origin': '*', 'Cache-Control': 'no-cache', 'ETag': 'W/"487-2ZWOqiB0ja0mktS4h3t9O9t9X0k"', 'Vary': 'Accept-Encoding', 'Content-Encoding': 'gzip', 'CF-Cache-Status': 'DYNAMIC', 'Report-To': '{"endpoints":[{"url":"https:\\/\\/a.nel.cloudflare.com\\/report\\/v4?s=n11w3hEx3M5fHBSrEpJr%2B%2FsAcSkevTeimxCiUjoVCWlG0xviTct70uepUkJeU9RErXtoW0pQlCb9jr%2FsDPpv4IeAF2etIAXBNcPSgp50hlhWhaCtpqazWS1%2FRAXgbuhx"}],"group":"cf-nel","max_age":604800}', 'NEL': '{"success_fraction":0,"report_to":"cf-nel","max_age":604800}', 'Server': 'cloudflare', 'CF-RAY': '891fce2aefe2d045-SJC', 'alt-svc': 'h3=":443"; ma=86400'} 
 body={"results":[{"gender":"male","name":{"title":"Mr","first":"Jakob","last":"Mensah"},"location":{"street":{"number":6970,"name":"Heirbaan"},"city":"Nieuwendijk Nb","state":"Drenthe","country":"Netherlands","postcode":"0554 PZ","coordinates":{"latitude":"35.1485","longitude":"-97.6637"},"timezone":{"offset":"-7:00","description":"Mountain Time (US &amp; Canada)"}},"email":"jakob.mensah@example.com","login":{"uuid":"672bb903-e6d1-45b3-bc24-8bfb70f3af07","username":"blackfish567","password":"robins","salt":"4xYevRn8","md5":"84af8e84b527f562e08407425140c436","sha1":"ec98e40615b2158ccc43bbfa1b033c31d618ff16","sha256":"21523ebee452264157e87fb482d06fb0a5964b782aadff64bb4bd9b33c95221c"},"dob":{"date":"1986-06-07T13:18:53.431Z","age":38},"registered":{"date":"2021-11-29T21:48:11.600Z","age":2},"phone":"(0430) 768897","cell":"(06) 05561389","id":{"name":"BSN","value":"88246498"},"picture":{"large":"https://randomuser.me/api/portraits/men/74.jpg","medium":"https://randomuser.me/api/portraits/med/men/74.jpg","thumbnail":"https://randomuser.me/api/portraits/thumb/men/74.jpg"},"nat":"NL"}],"info":{"seed":"163f38a93168e756","results":1,"page":1,"version":"1.4"}} 
 </msg>
<msg time="2024-06-11T07:14:37.994671" level="INFO">/opt/hostedtoolcache/Python/3.12.3/x64/lib/python3.12/site-packages/urllib3/connectionpool.py:1103: InsecureRequestWarning: Unverified HTTPS request is being made to host 'randomuser.me'. Adding certificate verification is strongly advised. See: https://urllib3.readthedocs.io/en/latest/advanced-usage.html#tls-warnings
  warnings.warn(</msg>
<msg time="2024-06-11T07:14:37.994792" level="INFO">${response} = &lt;Response [200]&gt;</msg>
<var>${response}</var>
<arg>consultarAPI</arg>
<arg>/api</arg>
<doc>Sends a GET request on a previously created HTTP Session.</doc>
<status status="PASS" start="2024-06-11T07:14:37.905516" elapsed="0.089316"/>
</kw>
<kw name="Set Variable" owner="BuiltIn">
<msg time="2024-06-11T07:14:37.996088" level="INFO">${json_data} = {'results': [{'gender': 'male', 'name': {'title': 'Mr', 'first': 'Jakob', 'last': 'Mensah'}, 'location': {'street': {'number': 6970, 'name': 'Heirbaan'}, 'city': 'Nieuwendijk Nb', 'state': 'Drenthe', ...</msg>
<var>${json_data}</var>
<arg>${response.json()}</arg>
<doc>Returns the given values which can then be assigned to a variables.</doc>
<status status="PASS" start="2024-06-11T07:14:37.995486" elapsed="0.000630"/>
</kw>
<kw name="Set Variable" owner="BuiltIn">
<msg time="2024-06-11T07:14:37.996806" level="INFO">${name_title} = Mr</msg>
<var>${name_title}</var>
<arg>${json_data["results"][0]["name"]["title"]}</arg>
<doc>Returns the given values which can then be assigned to a variables.</doc>
<status status="PASS" start="2024-06-11T07:14:37.996424" elapsed="0.000408"/>
</kw>
<kw name="Create List" owner="BuiltIn">
<msg time="2024-06-11T07:14:37.997349" level="INFO">${allowed_titles} = ['Mr', 'Ms', 'Miss', 'Mrs', 'Madame', 'Monsieur']</msg>
<var>${allowed_titles}</var>
<arg>Mr</arg>
<arg>Ms</arg>
<arg>Miss</arg>
<arg>Mrs</arg>
<arg>Madame</arg>
<arg>Monsieur</arg>
<doc>Returns a list containing given items.</doc>
<status status="PASS" start="2024-06-11T07:14:37.997193" elapsed="0.000181"/>
</kw>
<kw name="List Should Contain Value" owner="Collections">
<arg>${allowed_titles}</arg>
<arg>${name_title}</arg>
<doc>Fails if the ``value`` is not found from ``list``.</doc>
<status status="PASS" start="2024-06-11T07:14:37.997683" elapsed="0.000177"/>
</kw>
<kw name="Set Variable" owner="BuiltIn">
<msg time="2024-06-11T07:14:37.998424" level="INFO">${name_country} = NL</msg>
<var>${name_country}</var>
<arg>${json_data["results"][0]["nat"]}</arg>
<doc>Returns the given values which can then be assigned to a variables.</doc>
<status status="PASS" start="2024-06-11T07:14:37.998049" elapsed="0.000400"/>
</kw>
<kw name="Create List" owner="BuiltIn">
<msg time="2024-06-11T07:14:37.999345" level="INFO">${list_country} = ['AD', 'AE', 'AF', 'AG', 'AI', 'AL', 'AM', 'AO', 'AQ', 'AR', 'AS', 'AT', 'AU', 'AW', 'AX', 'AZ', 'BA', 'BB', 'BD', 'BE', 'BF', 'BG', 'BH', 'BI', 'BJ', 'BL', 'BM', 'BN', 'BO', 'BQ', 'BR', 'BS', 'BT', '...</msg>
<var>${list_country}</var>
<arg>AD</arg>
<arg>AE</arg>
<arg>AF</arg>
<arg>AG</arg>
<arg>AI</arg>
<arg>AL</arg>
<arg>AM</arg>
<arg>AO</arg>
<arg>AQ</arg>
<arg>AR</arg>
<arg>AS</arg>
<arg>AT</arg>
<arg>AU</arg>
<arg>AW</arg>
<arg>AX</arg>
<arg>AZ</arg>
<arg>BA</arg>
<arg>BB</arg>
<arg>BD</arg>
<arg>BE</arg>
<arg>BF</arg>
<arg>BG</arg>
<arg>BH</arg>
<arg>BI</arg>
<arg>BJ</arg>
<arg>BL</arg>
<arg>BM</arg>
<arg>BN</arg>
<arg>BO</arg>
<arg>BQ</arg>
<arg>BR</arg>
<arg>BS</arg>
<arg>BT</arg>
<arg>BV</arg>
<arg>BW</arg>
<arg>BY</arg>
<arg>BZ</arg>
<arg>CA</arg>
<arg>CC</arg>
<arg>CD</arg>
<arg>CF</arg>
<arg>CG</arg>
<arg>CH</arg>
<arg>CI</arg>
<arg>CK</arg>
<arg>CL</arg>
<arg>CM</arg>
<arg>CN</arg>
<arg>CO</arg>
<arg>CR</arg>
<arg>CU</arg>
<arg>CV</arg>
<arg>CW</arg>
<arg>CX</arg>
<arg>CY</arg>
<arg>CZ</arg>
<arg>DE</arg>
<arg>DJ</arg>
<arg>DK</arg>
<arg>DM</arg>
<arg>DO</arg>
<arg>DZ</arg>
<arg>EC</arg>
<arg>EE</arg>
<arg>EG</arg>
<arg>EH</arg>
<arg>ER</arg>
<arg>ES</arg>
<arg>ET</arg>
<arg>FI</arg>
<arg>FJ</arg>
<arg>FK</arg>
<arg>FM</arg>
<arg>FO</arg>
<arg>FR</arg>
<arg>GA</arg>
<arg>GB</arg>
<arg>GD</arg>
<arg>GE</arg>
<arg>GF</arg>
<arg>GG</arg>
<arg>GH</arg>
<arg>GI</arg>
<arg>GL</arg>
<arg>GM</arg>
<arg>GN</arg>
<arg>GP</arg>
<arg>GQ</arg>
<arg>GR</arg>
<arg>GS</arg>
<arg>GT</arg>
<arg>GU</arg>
<arg>GW</arg>
<arg>GY</arg>
<arg>HK</arg>
<arg>HM</arg>
<arg>HN</arg>
<arg>HR</arg>
<arg>HT</arg>
<arg>HU</arg>
<arg>ID</arg>
<arg>IE</arg>
<arg>IL</arg>
<arg>IM</arg>
<arg>IN</arg>
<arg>IO</arg>
<arg>IQ</arg>
<arg>IR</arg>
<arg>IS</arg>
<arg>IT</arg>
<arg>JE</arg>
<arg>JM</arg>
<arg>JO</arg>
<arg>JP</arg>
<arg>KE</arg>
<arg>KG</arg>
<arg>KH</arg>
<arg>KI</arg>
<arg>KM</arg>
<arg>KN</arg>
<arg>KP</arg>
<arg>KR</arg>
<arg>KW</arg>
<arg>KY</arg>
<arg>KZ</arg>
<arg>LA</arg>
<arg>LB</arg>
<arg>LC</arg>
<arg>LI</arg>
<arg>LK</arg>
<arg>LR</arg>
<arg>LS</arg>
<arg>LT</arg>
<arg>LU</arg>
<arg>LV</arg>
<arg>LY</arg>
<arg>MA</arg>
<arg>MC</arg>
<arg>MD</arg>
<arg>ME</arg>
<arg>MF</arg>
<arg>MG</arg>
<arg>MH</arg>
<arg>MK</arg>
<arg>ML</arg>
<arg>MM</arg>
<arg>MN</arg>
<arg>MO</arg>
<arg>MP</arg>
<arg>MQ</arg>
<arg>MR</arg>
<arg>MS</arg>
<arg>MT</arg>
<arg>MU</arg>
<arg>MV</arg>
<arg>MW</arg>
<arg>MX</arg>
<arg>MY</arg>
<arg>MZ</arg>
<arg>NA</arg>
<arg>NC</arg>
<arg>NE</arg>
<arg>NF</arg>
<arg>NG</arg>
<arg>NI</arg>
<arg>NL</arg>
<arg>NO</arg>
<arg>NP</arg>
<arg>NR</arg>
<arg>NU</arg>
<arg>NZ</arg>
<arg>OM</arg>
<arg>PA</arg>
<arg>PE</arg>
<arg>PF</arg>
<arg>PG</arg>
<arg>PH</arg>
<arg>PK</arg>
<arg>PL</arg>
<arg>PM</arg>
<arg>PN</arg>
<arg>PR</arg>
<arg>PS</arg>
<arg>PT</arg>
<arg>PW</arg>
<arg>PY</arg>
<arg>QA</arg>
<arg>RE</arg>
<arg>RO</arg>
<arg>RS</arg>
<arg>RU</arg>
<arg>RW</arg>
<arg>SA</arg>
<arg>SB</arg>
<arg>SC</arg>
<arg>SD</arg>
<arg>SE</arg>
<arg>SG</arg>
<arg>SH</arg>
<arg>SI</arg>
<arg>SJ</arg>
<arg>SK</arg>
<arg>SL</arg>
<arg>SM</arg>
<arg>SN</arg>
<arg>SO</arg>
<arg>SR</arg>
<arg>SS</arg>
<arg>ST</arg>
<arg>SV</arg>
<arg>SX</arg>
<arg>SY</arg>
<arg>SZ</arg>
<arg>TC</arg>
<arg>TD</arg>
<arg>TF</arg>
<arg>TG</arg>
<arg>TH</arg>
<arg>TJ</arg>
<arg>TK</arg>
<arg>TL</arg>
<arg>TM</arg>
<arg>TN</arg>
<arg>TO</arg>
<arg>TR</arg>
<arg>TT</arg>
<arg>TV</arg>
<arg>TW</arg>
<arg>TZ</arg>
<arg>UA</arg>
<arg>UG</arg>
<arg>UM</arg>
<arg>US</arg>
<arg>UY</arg>
<arg>UZ</arg>
<arg>VA</arg>
<arg>VC</arg>
<arg>VE</arg>
<arg>VG</arg>
<arg>VI</arg>
<arg>VN</arg>
<arg>VU</arg>
<arg>WF</arg>
<arg>WS</arg>
<arg>XK</arg>
<arg>YE</arg>
<arg>YT</arg>
<arg>ZA</arg>
<arg>ZM</arg>
<arg>ZW</arg>
<doc>Returns a list containing given items.</doc>
<status status="PASS" start="2024-06-11T07:14:37.998742" elapsed="0.000628"/>
</kw>
<kw name="List Should Contain Value" owner="Collections">
<arg>${list_country}</arg>
<arg>${name_country}</arg>
<doc>Fails if the ``value`` is not found from ``list``.</doc>
<status status="PASS" start="2024-06-11T07:14:38.000161" elapsed="0.000204"/>
</kw>
<kw name="Run Keyword If" owner="BuiltIn">
<kw name="Should Be True" owner="BuiltIn">
<arg>${True}</arg>
<doc>Fails if the given condition is not true.</doc>
<status status="PASS" start="2024-06-11T07:14:38.001331" elapsed="0.000262"/>
</kw>
<arg>${json_data["results"][0]["location"]["coordinates"]["latitude"]} &gt;= -90 and ${json_data["results"][0]["location"]["coordinates"]["latitude"]} &lt;= 90</arg>
<arg>Should Be True</arg>
<arg>${True}</arg>
<doc>Runs the given keyword with the given arguments, if ``condition`` is true.</doc>
<status status="PASS" start="2024-06-11T07:14:38.000558" elapsed="0.001164"/>
</kw>
<kw name="Run Keyword If" owner="BuiltIn">
<kw name="Should Be True" owner="BuiltIn">
<arg>${True}</arg>
<doc>Fails if the given condition is not true.</doc>
<status status="PASS" start="2024-06-11T07:14:38.002585" elapsed="0.000136"/>
</kw>
<arg>${json_data["results"][0]["location"]["coordinates"]["longitude"]} &gt;= -180 and ${json_data["results"][0]["location"]["coordinates"]["longitude"]} &lt;= 180</arg>
<arg>Should Be True</arg>
<arg>${True}</arg>
<doc>Runs the given keyword with the given arguments, if ``condition`` is true.</doc>
<status status="PASS" start="2024-06-11T07:14:38.001904" elapsed="0.000940"/>
</kw>
<status status="PASS" start="2024-06-11T07:14:37.905291" elapsed="0.097683"/>
</kw>
<doc>Testa o conteúdo específico dos campos retornados pela API.</doc>
<tag>testeConteudo</tag>
<status status="PASS" start="2024-06-11T07:14:37.904734" elapsed="0.098392"/>
</test>
<status status="PASS" start="2024-06-11T07:14:37.067965" elapsed="0.937057"/>
</suite>
<status status="PASS" start="2024-06-11T07:14:37.053239" elapsed="0.956843"/>
</suite>
<statistics>
<total>
<stat pass="5" fail="0" skip="0">All Tests</stat>
</total>
<tag>
<stat pass="1" fail="0" skip="0">testeConteudo</stat>
<stat pass="1" fail="0" skip="0">testeEstruturaResposta</stat>
<stat pass="1" fail="0" skip="0">testeRequisicaoBasica</stat>
<stat pass="1" fail="0" skip="0">testeTiposDados</stat>
</tag>
<suite>
<stat pass="5" fail="0" skip="0" id="s1" name="Tests">Tests</stat>
<stat pass="5" fail="0" skip="0" id="s1-s1" name="Random-User-Test">Tests.Random-User-Test</stat>
</suite>
</statistics>
<errors>
</errors>
</robot>
