<?xml version="1.0" encoding="UTF-8"?>
<robot generator="Robot 7.0 (Python 3.12.3 on linux)" generated="2024-04-27T09:12:57.864905" rpa="false" schemaversion="5">
<suite id="s1" name="Tests" source="/home/runner/work/DesafioQAItauRogerioJordao/DesafioQAItauRogerioJordao/RamdonUser/tests">
<suite id="s1-s1" name="Random-User-Test" source="/home/runner/work/DesafioQAItauRogerioJordao/DesafioQAItauRogerioJordao/RamdonUser/tests/random-user-test.robot">
<test id="s1-s1-t1" name="Conectar" line="13">
<kw name="Conectar API" owner="random-user-service">
<kw name="Create Session" owner="RequestsLibrary">
<msg time="2024-04-27T09:12:58.250747" level="INFO">Creating Session using : alias=consultarAPI, url=https://randomuser.me/, headers={},                     cookies={}, auth=None, timeout=None, proxies=None, verify=False,                     debug=0 </msg>
<arg>consultarAPI</arg>
<arg>${URL}</arg>
<doc>Create Session: create a HTTP session to a server</doc>
<status status="PASS" start="2024-04-27T09:12:58.250527" elapsed="0.000405"/>
</kw>
<status status="PASS" start="2024-04-27T09:12:58.249562" elapsed="0.001734"/>
</kw>
<status status="PASS" start="2024-04-27T09:12:58.248947" elapsed="0.002542"/>
</test>
<test id="s1-s1-t2" name="Validar retorno 200 e JSON Válido" line="16">
<kw name="Teste de Requisicao Basica" owner="random-user-service">
<kw name="GET On Session" owner="RequestsLibrary">
<msg time="2024-04-27T09:12:58.530193" level="INFO">GET Request : url=https://randomuser.me/api 
 path_url=/api 
 headers={'User-Agent': 'python-requests/2.31.0', 'Accept-Encoding': 'gzip, deflate', 'Accept': '*/*', 'Connection': 'keep-alive'} 
 body=None 
 </msg>
<msg time="2024-04-27T09:12:58.530360" level="INFO">GET Response : url=https://randomuser.me/api 
 status=200, reason=OK 
 headers={'Date': 'Sat, 27 Apr 2024 09:12:58 GMT', 'Content-Type': 'application/json; charset=utf-8', 'Transfer-Encoding': 'chunked', 'Connection': 'keep-alive', 'X-Powered-By': 'Express', 'Access-Control-Allow-Origin': '*', 'Cache-Control': 'no-cache', 'ETag': 'W/"499-lNsxF/iOuSTQZ4o5P/IPqdPLR/o"', 'Vary': 'Accept-Encoding', 'Content-Encoding': 'gzip', 'CF-Cache-Status': 'DYNAMIC', 'Report-To': '{"endpoints":[{"url":"https:\\/\\/a.nel.cloudflare.com\\/report\\/v4?s=UTQj6Cx4k87SVI0aYXy7ydJkSZ8E%2BsIEJAnizn3Cbbol%2BlXlQkVXCT%2BLCGL0DRkgqopx2DvHqI391ImKzkBiouPoiS7D100OjZEUqJG9X%2Fq3MHte6BHlAMQXbUljqMiB"}],"group":"cf-nel","max_age":604800}', 'NEL': '{"success_fraction":0,"report_to":"cf-nel","max_age":604800}', 'Server': 'cloudflare', 'CF-RAY': '87adb1a53d997bd7-LAX', 'alt-svc': 'h3=":443"; ma=86400'} 
 body={"results":[{"gender":"male","name":{"title":"Mr","first":"Grayson","last":"Clarke"},"location":{"street":{"number":989,"name":"Stafford Street"},"city":"Napier","state":"Manawatu-Wanganui","country":"New Zealand","postcode":95452,"coordinates":{"latitude":"50.6468","longitude":"-110.6358"},"timezone":{"offset":"+3:00","description":"Baghdad, Riyadh, Moscow, St. Petersburg"}},"email":"grayson.clarke@example.com","login":{"uuid":"6181d75f-7a6d-409f-815d-a2c634179134","username":"goldensnake676","password":"anderson","salt":"BOzZcL0F","md5":"ba753ebe9eb4d229f23abfb6eb50a8de","sha1":"c921cae7286c682215471779978ef28c58618805","sha256":"195f3fe681c59407da2d00ec276f6c6119f784788d88503975a5d35db342c662"},"dob":{"date":"1954-05-17T10:24:55.446Z","age":69},"registered":{"date":"2017-07-22T14:01:29.481Z","age":6},"phone":"(221)-460-2255","cell":"(102)-734-7803","id":{"name":"","value":null},"picture":{"large":"https://randomuser.me/api/portraits/men/41.jpg","medium":"https://randomuser.me/api/portraits/med/men/41.jpg","thumbnail":"https://randomuser.me/api/portraits/thumb/men/41.jpg"},"nat":"NZ"}],"info":{"seed":"5381a8b1dd767b7d","results":1,"page":1,"version":"1.4"}} 
 </msg>
<msg time="2024-04-27T09:12:58.530457" level="INFO">/opt/hostedtoolcache/Python/3.12.3/x64/lib/python3.12/site-packages/urllib3/connectionpool.py:1103: InsecureRequestWarning: Unverified HTTPS request is being made to host 'randomuser.me'. Adding certificate verification is strongly advised. See: https://urllib3.readthedocs.io/en/latest/advanced-usage.html#tls-warnings
  warnings.warn(</msg>
<msg time="2024-04-27T09:12:58.530640" level="INFO">${response} = &lt;Response [200]&gt;</msg>
<var>${response}</var>
<arg>consultarAPI</arg>
<arg>/api</arg>
<doc>Sends a GET request on a previously created HTTP Session.</doc>
<status status="PASS" start="2024-04-27T09:12:58.254174" elapsed="0.276517"/>
</kw>
<kw name="Should Be Equal As Numbers" owner="BuiltIn">
<msg time="2024-04-27T09:12:58.531866" level="INFO">Argument types are:
&lt;class 'int'&gt;
&lt;class 'str'&gt;</msg>
<arg>${response.status_code}</arg>
<arg>200</arg>
<doc>Fails if objects are unequal after converting them to real numbers.</doc>
<status status="PASS" start="2024-04-27T09:12:58.531368" elapsed="0.000564"/>
</kw>
<kw name="Log" owner="BuiltIn">
<msg time="2024-04-27T09:12:58.532672" level="INFO">200</msg>
<arg>${response.status_code}</arg>
<doc>Logs the given message with the given level.</doc>
<status status="PASS" start="2024-04-27T09:12:58.532279" elapsed="0.000436"/>
</kw>
<kw name="Set Variable" owner="BuiltIn">
<msg time="2024-04-27T09:12:58.533493" level="INFO">${json_data} = {'results': [{'gender': 'male', 'name': {'title': 'Mr', 'first': 'Grayson', 'last': 'Clarke'}, 'location': {'street': {'number': 989, 'name': 'Stafford Street'}, 'city': 'Napier', 'state': 'Manawatu-W...</msg>
<var>${json_data}</var>
<arg>${response.json()}</arg>
<doc>Returns the given values which can then be assigned to a variables.</doc>
<status status="PASS" start="2024-04-27T09:12:58.533038" elapsed="0.000484"/>
</kw>
<kw name="Dictionary Should Contain Key" owner="Collections">
<msg time="2024-04-27T09:12:58.533995" level="INFO">False</msg>
<arg>${json_data}</arg>
<arg>results</arg>
<doc>Fails if ``key`` is not found from ``dictionary``.</doc>
<status status="PASS" start="2024-04-27T09:12:58.533827" elapsed="0.000206"/>
</kw>
<status status="PASS" start="2024-04-27T09:12:58.253931" elapsed="0.280371"/>
</kw>
<doc>Testa se a API responde corretamente e retorna um objeto JSON válido.</doc>
<tag>testeRequisicaoBasica</tag>
<status status="PASS" start="2024-04-27T09:12:58.253420" elapsed="0.281072"/>
</test>
<test id="s1-s1-t3" name="Validar estrutura de resposta" line="22">
<kw name="Teste de Estrutura de Resposta" owner="random-user-service">
<kw name="GET On Session" owner="RequestsLibrary">
<msg time="2024-04-27T09:12:58.631946" level="INFO">GET Request : url=https://randomuser.me/api 
 path_url=/api 
 headers={'User-Agent': 'python-requests/2.31.0', 'Accept-Encoding': 'gzip, deflate', 'Accept': '*/*', 'Connection': 'keep-alive'} 
 body=None 
 </msg>
<msg time="2024-04-27T09:12:58.632044" level="INFO">GET Response : url=https://randomuser.me/api 
 status=200, reason=OK 
 headers={'Date': 'Sat, 27 Apr 2024 09:12:58 GMT', 'Content-Type': 'application/json; charset=utf-8', 'Transfer-Encoding': 'chunked', 'Connection': 'keep-alive', 'X-Powered-By': 'Express', 'Access-Control-Allow-Origin': '*', 'Cache-Control': 'no-cache', 'ETag': 'W/"472-ChlTZqhCtqLUfUK+5ejv/BaVc5c"', 'Vary': 'Accept-Encoding', 'Content-Encoding': 'gzip', 'CF-Cache-Status': 'DYNAMIC', 'Report-To': '{"endpoints":[{"url":"https:\\/\\/a.nel.cloudflare.com\\/report\\/v4?s=ojt2Se4wPmllE2CuUW8Bv%2Fn%2FLcGrdvi%2BGkz3esolbYsMgFlWhs%2Bf78q5txVJWMIcPlNp%2BpWNezsr1%2B7Ue75C1uBvfSHFf3CwFjp%2FgdRnk3yhbIAQkbVO2%2FRrpvVGNIRs"}],"group":"cf-nel","max_age":604800}', 'NEL': '{"success_fraction":0,"report_to":"cf-nel","max_age":604800}', 'Server': 'cloudflare', 'CF-RAY': '87adb1a5ede47bd7-LAX', 'alt-svc': 'h3=":443"; ma=86400'} 
 body={"results":[{"gender":"female","name":{"title":"Miss","first":"Mangala","last":"Thampy"},"location":{"street":{"number":3518,"name":"Altamount Rd"},"city":"Tadipatri","state":"Goa","country":"India","postcode":96961,"coordinates":{"latitude":"4.4045","longitude":"39.6637"},"timezone":{"offset":"-10:00","description":"Hawaii"}},"email":"mangala.thampy@example.com","login":{"uuid":"6f5150e4-f288-46a2-9313-67230f2cda8c","username":"browngorilla508","password":"anfield","salt":"iHGzPjup","md5":"9b1360789d00d2161b348d4d9ceafe52","sha1":"aeed8d423d03b33a8bd02fb046be728f9c4067d1","sha256":"c20394a6c8cbd3826196f15157d5747190b9c3dbfa4b37f17f198fee66087140"},"dob":{"date":"1954-06-24T19:58:47.296Z","age":69},"registered":{"date":"2007-01-25T03:16:48.878Z","age":17},"phone":"9178657570","cell":"8742867037","id":{"name":"UIDAI","value":"190668241981"},"picture":{"large":"https://randomuser.me/api/portraits/women/3.jpg","medium":"https://randomuser.me/api/portraits/med/women/3.jpg","thumbnail":"https://randomuser.me/api/portraits/thumb/women/3.jpg"},"nat":"IN"}],"info":{"seed":"283291ac321ee460","results":1,"page":1,"version":"1.4"}} 
 </msg>
<msg time="2024-04-27T09:12:58.632161" level="INFO">/opt/hostedtoolcache/Python/3.12.3/x64/lib/python3.12/site-packages/urllib3/connectionpool.py:1103: InsecureRequestWarning: Unverified HTTPS request is being made to host 'randomuser.me'. Adding certificate verification is strongly advised. See: https://urllib3.readthedocs.io/en/latest/advanced-usage.html#tls-warnings
  warnings.warn(</msg>
<msg time="2024-04-27T09:12:58.632292" level="INFO">${response} = &lt;Response [200]&gt;</msg>
<var>${response}</var>
<arg>consultarAPI</arg>
<arg>/api</arg>
<doc>Sends a GET request on a previously created HTTP Session.</doc>
<status status="PASS" start="2024-04-27T09:12:58.537262" elapsed="0.095097"/>
</kw>
<kw name="Set Variable" owner="BuiltIn">
<msg time="2024-04-27T09:12:58.633503" level="INFO">${json_data} = {'results': [{'gender': 'female', 'name': {'title': 'Miss', 'first': 'Mangala', 'last': 'Thampy'}, 'location': {'street': {'number': 3518, 'name': 'Altamount Rd'}, 'city': 'Tadipatri', 'state': 'Goa',...</msg>
<var>${json_data}</var>
<arg>${response.json()}</arg>
<doc>Returns the given values which can then be assigned to a variables.</doc>
<status status="PASS" start="2024-04-27T09:12:58.632931" elapsed="0.000602"/>
</kw>
<kw name="Log" owner="BuiltIn">
<msg time="2024-04-27T09:12:58.634010" level="INFO">{'results': [{'gender': 'female', 'name': {'title': 'Miss', 'first': 'Mangala', 'last': 'Thampy'}, 'location': {'street': {'number': 3518, 'name': 'Altamount Rd'}, 'city': 'Tadipatri', 'state': 'Goa', 'country': 'India', 'postcode': 96961, 'coordinates': {'latitude': '4.4045', 'longitude': '39.6637'}, 'timezone': {'offset': '-10:00', 'description': 'Hawaii'}}, 'email': 'mangala.thampy@example.com', 'login': {'uuid': '6f5150e4-f288-46a2-9313-67230f2cda8c', 'username': 'browngorilla508', 'password': 'anfield', 'salt': 'iHGzPjup', 'md5': '9b1360789d00d2161b348d4d9ceafe52', 'sha1': 'aeed8d423d03b33a8bd02fb046be728f9c4067d1', 'sha256': 'c20394a6c8cbd3826196f15157d5747190b9c3dbfa4b37f17f198fee66087140'}, 'dob': {'date': '1954-06-24T19:58:47.296Z', 'age': 69}, 'registered': {'date': '2007-01-25T03:16:48.878Z', 'age': 17}, 'phone': '9178657570', 'cell': '8742867037', 'id': {'name': 'UIDAI', 'value': '190668241981'}, 'picture': {'large': 'https://randomuser.me/api/portraits/women/3.jpg', 'medium': 'https://randomuser.me/api/portraits/med/women/3.jpg', 'thumbnail': 'https://randomuser.me/api/portraits/thumb/women/3.jpg'}, 'nat': 'IN'}], 'info': {'seed': '283291ac321ee460', 'results': 1, 'page': 1, 'version': '1.4'}}</msg>
<arg>${json_data}</arg>
<doc>Logs the given message with the given level.</doc>
<status status="PASS" start="2024-04-27T09:12:58.633848" elapsed="0.000210"/>
</kw>
<kw name="Dictionary Should Contain Key" owner="Collections">
<msg time="2024-04-27T09:12:58.634526" level="INFO">False</msg>
<arg>${json_data}</arg>
<arg>results</arg>
<doc>Fails if ``key`` is not found from ``dictionary``.</doc>
<status status="PASS" start="2024-04-27T09:12:58.634366" elapsed="0.000198"/>
</kw>
<kw name="Should Not Be Empty" owner="BuiltIn">
<msg time="2024-04-27T09:12:58.634998" level="INFO">Length is 2.</msg>
<arg>${json_data}</arg>
<doc>Verifies that the given item is not empty.</doc>
<status status="PASS" start="2024-04-27T09:12:58.634863" elapsed="0.000175"/>
</kw>
<kw name="Create List" owner="BuiltIn">
<msg time="2024-04-27T09:12:58.635658" level="INFO">${expected_keys} = ['gender', 'name', 'location', 'email', 'login']</msg>
<var>${expected_keys}</var>
<arg>gender</arg>
<arg>name</arg>
<arg>location</arg>
<arg>email</arg>
<arg>login</arg>
<doc>Returns a list containing given items.</doc>
<status status="PASS" start="2024-04-27T09:12:58.635339" elapsed="0.000345"/>
</kw>
<for flavor="IN">
<iter>
<kw name="Dictionary Should Contain Key" owner="Collections">
<msg time="2024-04-27T09:12:58.636780" level="INFO">False</msg>
<arg>${json_data['results'][0]}</arg>
<arg>${key}</arg>
<doc>Fails if ``key`` is not found from ``dictionary``.</doc>
<status status="PASS" start="2024-04-27T09:12:58.636366" elapsed="0.000453"/>
</kw>
<kw name="Log" owner="BuiltIn">
<msg time="2024-04-27T09:12:58.637491" level="INFO">{'gender': 'female', 'name': {'title': 'Miss', 'first': 'Mangala', 'last': 'Thampy'}, 'location': {'street': {'number': 3518, 'name': 'Altamount Rd'}, 'city': 'Tadipatri', 'state': 'Goa', 'country': 'India', 'postcode': 96961, 'coordinates': {'latitude': '4.4045', 'longitude': '39.6637'}, 'timezone': {'offset': '-10:00', 'description': 'Hawaii'}}, 'email': 'mangala.thampy@example.com', 'login': {'uuid': '6f5150e4-f288-46a2-9313-67230f2cda8c', 'username': 'browngorilla508', 'password': 'anfield', 'salt': 'iHGzPjup', 'md5': '9b1360789d00d2161b348d4d9ceafe52', 'sha1': 'aeed8d423d03b33a8bd02fb046be728f9c4067d1', 'sha256': 'c20394a6c8cbd3826196f15157d5747190b9c3dbfa4b37f17f198fee66087140'}, 'dob': {'date': '1954-06-24T19:58:47.296Z', 'age': 69}, 'registered': {'date': '2007-01-25T03:16:48.878Z', 'age': 17}, 'phone': '9178657570', 'cell': '8742867037', 'id': {'name': 'UIDAI', 'value': '190668241981'}, 'picture': {'large': 'https://randomuser.me/api/portraits/women/3.jpg', 'medium': 'https://randomuser.me/api/portraits/med/women/3.jpg', 'thumbnail': 'https://randomuser.me/api/portraits/thumb/women/3.jpg'}, 'nat': 'IN'}</msg>
<arg>${json_data['results'][0]}</arg>
<doc>Logs the given message with the given level.</doc>
<status status="PASS" start="2024-04-27T09:12:58.637125" elapsed="0.000414"/>
</kw>
<kw name="Log" owner="BuiltIn">
<msg time="2024-04-27T09:12:58.637964" level="INFO">gender</msg>
<arg>${key}</arg>
<doc>Logs the given message with the given level.</doc>
<status status="PASS" start="2024-04-27T09:12:58.637835" elapsed="0.000167"/>
</kw>
<var name="${key}">gender</var>
<status status="PASS" start="2024-04-27T09:12:58.636194" elapsed="0.002022"/>
</iter>
<iter>
<kw name="Dictionary Should Contain Key" owner="Collections">
<msg time="2024-04-27T09:12:58.638910" level="INFO">False</msg>
<arg>${json_data['results'][0]}</arg>
<arg>${key}</arg>
<doc>Fails if ``key`` is not found from ``dictionary``.</doc>
<status status="PASS" start="2024-04-27T09:12:58.638518" elapsed="0.000430"/>
</kw>
<kw name="Log" owner="BuiltIn">
<msg time="2024-04-27T09:12:58.639660" level="INFO">{'gender': 'female', 'name': {'title': 'Miss', 'first': 'Mangala', 'last': 'Thampy'}, 'location': {'street': {'number': 3518, 'name': 'Altamount Rd'}, 'city': 'Tadipatri', 'state': 'Goa', 'country': 'India', 'postcode': 96961, 'coordinates': {'latitude': '4.4045', 'longitude': '39.6637'}, 'timezone': {'offset': '-10:00', 'description': 'Hawaii'}}, 'email': 'mangala.thampy@example.com', 'login': {'uuid': '6f5150e4-f288-46a2-9313-67230f2cda8c', 'username': 'browngorilla508', 'password': 'anfield', 'salt': 'iHGzPjup', 'md5': '9b1360789d00d2161b348d4d9ceafe52', 'sha1': 'aeed8d423d03b33a8bd02fb046be728f9c4067d1', 'sha256': 'c20394a6c8cbd3826196f15157d5747190b9c3dbfa4b37f17f198fee66087140'}, 'dob': {'date': '1954-06-24T19:58:47.296Z', 'age': 69}, 'registered': {'date': '2007-01-25T03:16:48.878Z', 'age': 17}, 'phone': '9178657570', 'cell': '8742867037', 'id': {'name': 'UIDAI', 'value': '190668241981'}, 'picture': {'large': 'https://randomuser.me/api/portraits/women/3.jpg', 'medium': 'https://randomuser.me/api/portraits/med/women/3.jpg', 'thumbnail': 'https://randomuser.me/api/portraits/thumb/women/3.jpg'}, 'nat': 'IN'}</msg>
<arg>${json_data['results'][0]}</arg>
<doc>Logs the given message with the given level.</doc>
<status status="PASS" start="2024-04-27T09:12:58.639282" elapsed="0.000432"/>
</kw>
<kw name="Log" owner="BuiltIn">
<msg time="2024-04-27T09:12:58.640147" level="INFO">name</msg>
<arg>${key}</arg>
<doc>Logs the given message with the given level.</doc>
<status status="PASS" start="2024-04-27T09:12:58.640018" elapsed="0.000165"/>
</kw>
<var name="${key}">name</var>
<status status="PASS" start="2024-04-27T09:12:58.638404" elapsed="0.002025"/>
</iter>
<iter>
<kw name="Dictionary Should Contain Key" owner="Collections">
<msg time="2024-04-27T09:12:58.641119" level="INFO">False</msg>
<arg>${json_data['results'][0]}</arg>
<arg>${key}</arg>
<doc>Fails if ``key`` is not found from ``dictionary``.</doc>
<status status="PASS" start="2024-04-27T09:12:58.640726" elapsed="0.000431"/>
</kw>
<kw name="Log" owner="BuiltIn">
<msg time="2024-04-27T09:12:58.641815" level="INFO">{'gender': 'female', 'name': {'title': 'Miss', 'first': 'Mangala', 'last': 'Thampy'}, 'location': {'street': {'number': 3518, 'name': 'Altamount Rd'}, 'city': 'Tadipatri', 'state': 'Goa', 'country': 'India', 'postcode': 96961, 'coordinates': {'latitude': '4.4045', 'longitude': '39.6637'}, 'timezone': {'offset': '-10:00', 'description': 'Hawaii'}}, 'email': 'mangala.thampy@example.com', 'login': {'uuid': '6f5150e4-f288-46a2-9313-67230f2cda8c', 'username': 'browngorilla508', 'password': 'anfield', 'salt': 'iHGzPjup', 'md5': '9b1360789d00d2161b348d4d9ceafe52', 'sha1': 'aeed8d423d03b33a8bd02fb046be728f9c4067d1', 'sha256': 'c20394a6c8cbd3826196f15157d5747190b9c3dbfa4b37f17f198fee66087140'}, 'dob': {'date': '1954-06-24T19:58:47.296Z', 'age': 69}, 'registered': {'date': '2007-01-25T03:16:48.878Z', 'age': 17}, 'phone': '9178657570', 'cell': '8742867037', 'id': {'name': 'UIDAI', 'value': '190668241981'}, 'picture': {'large': 'https://randomuser.me/api/portraits/women/3.jpg', 'medium': 'https://randomuser.me/api/portraits/med/women/3.jpg', 'thumbnail': 'https://randomuser.me/api/portraits/thumb/women/3.jpg'}, 'nat': 'IN'}</msg>
<arg>${json_data['results'][0]}</arg>
<doc>Logs the given message with the given level.</doc>
<status status="PASS" start="2024-04-27T09:12:58.641455" elapsed="0.000408"/>
</kw>
<kw name="Log" owner="BuiltIn">
<msg time="2024-04-27T09:12:58.642286" level="INFO">location</msg>
<arg>${key}</arg>
<doc>Logs the given message with the given level.</doc>
<status status="PASS" start="2024-04-27T09:12:58.642162" elapsed="0.000161"/>
</kw>
<var name="${key}">location</var>
<status status="PASS" start="2024-04-27T09:12:58.640611" elapsed="0.001925"/>
</iter>
<iter>
<kw name="Dictionary Should Contain Key" owner="Collections">
<msg time="2024-04-27T09:12:58.643226" level="INFO">False</msg>
<arg>${json_data['results'][0]}</arg>
<arg>${key}</arg>
<doc>Fails if ``key`` is not found from ``dictionary``.</doc>
<status status="PASS" start="2024-04-27T09:12:58.642820" elapsed="0.000445"/>
</kw>
<kw name="Log" owner="BuiltIn">
<msg time="2024-04-27T09:12:58.643922" level="INFO">{'gender': 'female', 'name': {'title': 'Miss', 'first': 'Mangala', 'last': 'Thampy'}, 'location': {'street': {'number': 3518, 'name': 'Altamount Rd'}, 'city': 'Tadipatri', 'state': 'Goa', 'country': 'India', 'postcode': 96961, 'coordinates': {'latitude': '4.4045', 'longitude': '39.6637'}, 'timezone': {'offset': '-10:00', 'description': 'Hawaii'}}, 'email': 'mangala.thampy@example.com', 'login': {'uuid': '6f5150e4-f288-46a2-9313-67230f2cda8c', 'username': 'browngorilla508', 'password': 'anfield', 'salt': 'iHGzPjup', 'md5': '9b1360789d00d2161b348d4d9ceafe52', 'sha1': 'aeed8d423d03b33a8bd02fb046be728f9c4067d1', 'sha256': 'c20394a6c8cbd3826196f15157d5747190b9c3dbfa4b37f17f198fee66087140'}, 'dob': {'date': '1954-06-24T19:58:47.296Z', 'age': 69}, 'registered': {'date': '2007-01-25T03:16:48.878Z', 'age': 17}, 'phone': '9178657570', 'cell': '8742867037', 'id': {'name': 'UIDAI', 'value': '190668241981'}, 'picture': {'large': 'https://randomuser.me/api/portraits/women/3.jpg', 'medium': 'https://randomuser.me/api/portraits/med/women/3.jpg', 'thumbnail': 'https://randomuser.me/api/portraits/thumb/women/3.jpg'}, 'nat': 'IN'}</msg>
<arg>${json_data['results'][0]}</arg>
<doc>Logs the given message with the given level.</doc>
<status status="PASS" start="2024-04-27T09:12:58.643561" elapsed="0.000408"/>
</kw>
<kw name="Log" owner="BuiltIn">
<msg time="2024-04-27T09:12:58.644423" level="INFO">email</msg>
<arg>${key}</arg>
<doc>Logs the given message with the given level.</doc>
<status status="PASS" start="2024-04-27T09:12:58.644266" elapsed="0.000194"/>
</kw>
<var name="${key}">email</var>
<status status="PASS" start="2024-04-27T09:12:58.642709" elapsed="0.001974"/>
</iter>
<iter>
<kw name="Dictionary Should Contain Key" owner="Collections">
<msg time="2024-04-27T09:12:58.645374" level="INFO">False</msg>
<arg>${json_data['results'][0]}</arg>
<arg>${key}</arg>
<doc>Fails if ``key`` is not found from ``dictionary``.</doc>
<status status="PASS" start="2024-04-27T09:12:58.644985" elapsed="0.000426"/>
</kw>
<kw name="Log" owner="BuiltIn">
<msg time="2024-04-27T09:12:58.646077" level="INFO">{'gender': 'female', 'name': {'title': 'Miss', 'first': 'Mangala', 'last': 'Thampy'}, 'location': {'street': {'number': 3518, 'name': 'Altamount Rd'}, 'city': 'Tadipatri', 'state': 'Goa', 'country': 'India', 'postcode': 96961, 'coordinates': {'latitude': '4.4045', 'longitude': '39.6637'}, 'timezone': {'offset': '-10:00', 'description': 'Hawaii'}}, 'email': 'mangala.thampy@example.com', 'login': {'uuid': '6f5150e4-f288-46a2-9313-67230f2cda8c', 'username': 'browngorilla508', 'password': 'anfield', 'salt': 'iHGzPjup', 'md5': '9b1360789d00d2161b348d4d9ceafe52', 'sha1': 'aeed8d423d03b33a8bd02fb046be728f9c4067d1', 'sha256': 'c20394a6c8cbd3826196f15157d5747190b9c3dbfa4b37f17f198fee66087140'}, 'dob': {'date': '1954-06-24T19:58:47.296Z', 'age': 69}, 'registered': {'date': '2007-01-25T03:16:48.878Z', 'age': 17}, 'phone': '9178657570', 'cell': '8742867037', 'id': {'name': 'UIDAI', 'value': '190668241981'}, 'picture': {'large': 'https://randomuser.me/api/portraits/women/3.jpg', 'medium': 'https://randomuser.me/api/portraits/med/women/3.jpg', 'thumbnail': 'https://randomuser.me/api/portraits/thumb/women/3.jpg'}, 'nat': 'IN'}</msg>
<arg>${json_data['results'][0]}</arg>
<doc>Logs the given message with the given level.</doc>
<status status="PASS" start="2024-04-27T09:12:58.645712" elapsed="0.000411"/>
</kw>
<kw name="Log" owner="BuiltIn">
<msg time="2024-04-27T09:12:58.646545" level="INFO">login</msg>
<arg>${key}</arg>
<doc>Logs the given message with the given level.</doc>
<status status="PASS" start="2024-04-27T09:12:58.646418" elapsed="0.000165"/>
</kw>
<var name="${key}">login</var>
<status status="PASS" start="2024-04-27T09:12:58.644873" elapsed="0.001923"/>
</iter>
<var>${key}</var>
<value>@{expected_keys}</value>
<status status="PASS" start="2024-04-27T09:12:58.635987" elapsed="0.010928"/>
</for>
<kw name="Create List" owner="BuiltIn">
<msg time="2024-04-27T09:12:58.647282" level="INFO">${expected_keysTwo} = ['username', 'password']</msg>
<var>${expected_keysTwo}</var>
<arg>username</arg>
<arg>password</arg>
<doc>Returns a list containing given items.</doc>
<status status="PASS" start="2024-04-27T09:12:58.647142" elapsed="0.000164"/>
</kw>
<for flavor="IN">
<iter>
<kw name="Dictionary Should Contain Key" owner="Collections">
<msg time="2024-04-27T09:12:58.648195" level="INFO">False</msg>
<arg>${json_data['results'][0]['login']}</arg>
<arg>${keyTwo}</arg>
<doc>Fails if ``key`` is not found from ``dictionary``.</doc>
<status status="PASS" start="2024-04-27T09:12:58.647806" elapsed="0.000426"/>
</kw>
<kw name="Dictionary Should Contain Key" owner="Collections">
<msg time="2024-04-27T09:12:58.648953" level="INFO">False</msg>
<arg>${json_data['results'][0]['login']}</arg>
<arg>${keyTwo}</arg>
<doc>Fails if ``key`` is not found from ``dictionary``.</doc>
<status status="PASS" start="2024-04-27T09:12:58.648556" elapsed="0.000434"/>
</kw>
<kw name="Log" owner="BuiltIn">
<msg time="2024-04-27T09:12:58.649421" level="INFO">username</msg>
<arg>${keyTwo}</arg>
<doc>Logs the given message with the given level.</doc>
<status status="PASS" start="2024-04-27T09:12:58.649292" elapsed="0.000171"/>
</kw>
<var name="${keyTwo}">username</var>
<status status="PASS" start="2024-04-27T09:12:58.647696" elapsed="0.001981"/>
</iter>
<iter>
<kw name="Dictionary Should Contain Key" owner="Collections">
<msg time="2024-04-27T09:12:58.650339" level="INFO">False</msg>
<arg>${json_data['results'][0]['login']}</arg>
<arg>${keyTwo}</arg>
<doc>Fails if ``key`` is not found from ``dictionary``.</doc>
<status status="PASS" start="2024-04-27T09:12:58.649959" elapsed="0.000422"/>
</kw>
<kw name="Dictionary Should Contain Key" owner="Collections">
<msg time="2024-04-27T09:12:58.651135" level="INFO">False</msg>
<arg>${json_data['results'][0]['login']}</arg>
<arg>${keyTwo}</arg>
<doc>Fails if ``key`` is not found from ``dictionary``.</doc>
<status status="PASS" start="2024-04-27T09:12:58.650672" elapsed="0.000501"/>
</kw>
<kw name="Log" owner="BuiltIn">
<msg time="2024-04-27T09:12:58.651607" level="INFO">password</msg>
<arg>${keyTwo}</arg>
<doc>Logs the given message with the given level.</doc>
<status status="PASS" start="2024-04-27T09:12:58.651472" elapsed="0.000173"/>
</kw>
<var name="${keyTwo}">password</var>
<status status="PASS" start="2024-04-27T09:12:58.649848" elapsed="0.002019"/>
</iter>
<var>${keyTwo}</var>
<value>@{expected_keysTwo}</value>
<status status="PASS" start="2024-04-27T09:12:58.647542" elapsed="0.004445"/>
</for>
<status status="PASS" start="2024-04-27T09:12:58.537022" elapsed="0.115107"/>
</kw>
<doc>Testa a estrutura da resposta da API.</doc>
<tag>testeEstruturaResposta</tag>
<status status="PASS" start="2024-04-27T09:12:58.536390" elapsed="0.115897"/>
</test>
<test id="s1-s1-t4" name="Validar tipos de dados" line="28">
<kw name="Teste de Tipos de Dados" owner="random-user-service">
<kw name="GET On Session" owner="RequestsLibrary">
<msg time="2024-04-27T09:12:58.753673" level="INFO">GET Request : url=https://randomuser.me/api 
 path_url=/api 
 headers={'User-Agent': 'python-requests/2.31.0', 'Accept-Encoding': 'gzip, deflate', 'Accept': '*/*', 'Connection': 'keep-alive'} 
 body=None 
 </msg>
<msg time="2024-04-27T09:12:58.753760" level="INFO">GET Response : url=https://randomuser.me/api 
 status=200, reason=OK 
 headers={'Date': 'Sat, 27 Apr 2024 09:12:58 GMT', 'Content-Type': 'application/json; charset=utf-8', 'Transfer-Encoding': 'chunked', 'Connection': 'keep-alive', 'X-Powered-By': 'Express', 'Access-Control-Allow-Origin': '*', 'Cache-Control': 'no-cache', 'ETag': 'W/"4a3-jjmSXLxRF6xNHFw80v4bNfR0+8E"', 'Vary': 'Accept-Encoding', 'Content-Encoding': 'gzip', 'CF-Cache-Status': 'DYNAMIC', 'Report-To': '{"endpoints":[{"url":"https:\\/\\/a.nel.cloudflare.com\\/report\\/v4?s=c6kwwfMlGWAHLNsAcQlgpJ1AAGgk8A4IgQJ1hnVWmoaF4dBo%2B9hW9JV8RfnKWTJoerunpsvCSYz0PWghqfssbUHPj1kCGRcumKVTBZcQvrpK3WZN9W5AYO1KR6bZa4Ue"}],"group":"cf-nel","max_age":604800}', 'NEL': '{"success_fraction":0,"report_to":"cf-nel","max_age":604800}', 'Server': 'cloudflare', 'CF-RAY': '87adb1a69e397bd7-LAX', 'alt-svc': 'h3=":443"; ma=86400'} 
 body={"results":[{"gender":"male","name":{"title":"Monsieur","first":"Gérald","last":"Duval"},"location":{"street":{"number":1712,"name":"Rue Jean-Baldassini"},"city":"Yvorne","state":"Aargau","country":"Switzerland","postcode":3540,"coordinates":{"latitude":"-57.2281","longitude":"-153.2736"},"timezone":{"offset":"+3:00","description":"Baghdad, Riyadh, Moscow, St. Petersburg"}},"email":"gerald.duval@example.com","login":{"uuid":"5482ef09-f000-4959-a43f-eb6a40643b77","username":"bluezebra932","password":"darkman","salt":"9dccKvL4","md5":"8e84370c8f5a5ee39428ce30231a3508","sha1":"af5b755fe668a6a717a809be63258e923456e109","sha256":"be2823800831ba2e3387e4ab00ff3b16b84abc7db4482b210863330b89589f76"},"dob":{"date":"1984-04-23T16:08:53.891Z","age":40},"registered":{"date":"2010-01-26T03:15:55.792Z","age":14},"phone":"075 421 74 47","cell":"078 692 66 31","id":{"name":"AVS","value":"756.2495.1361.65"},"picture":{"large":"https://randomuser.me/api/portraits/men/63.jpg","medium":"https://randomuser.me/api/portraits/med/men/63.jpg","thumbnail":"https://randomuser.me/api/portraits/thumb/men/63.jpg"},"nat":"CH"}],"info":{"seed":"42ba66fdb74515c7","results":1,"page":1,"version":"1.4"}} 
 </msg>
<msg time="2024-04-27T09:12:58.753829" level="INFO">/opt/hostedtoolcache/Python/3.12.3/x64/lib/python3.12/site-packages/urllib3/connectionpool.py:1103: InsecureRequestWarning: Unverified HTTPS request is being made to host 'randomuser.me'. Adding certificate verification is strongly advised. See: https://urllib3.readthedocs.io/en/latest/advanced-usage.html#tls-warnings
  warnings.warn(</msg>
<msg time="2024-04-27T09:12:58.753946" level="INFO">${response} = &lt;Response [200]&gt;</msg>
<var>${response}</var>
<arg>consultarAPI</arg>
<arg>/api</arg>
<doc>Sends a GET request on a previously created HTTP Session.</doc>
<status status="PASS" start="2024-04-27T09:12:58.654937" elapsed="0.099051"/>
</kw>
<kw name="Set Variable" owner="BuiltIn">
<msg time="2024-04-27T09:12:58.755169" level="INFO">${json_data} = {'results': [{'gender': 'male', 'name': {'title': 'Monsieur', 'first': 'Gérald', 'last': 'Duval'}, 'location': {'street': {'number': 1712, 'name': 'Rue Jean-Baldassini'}, 'city': 'Yvorne', 'state': 'A...</msg>
<var>${json_data}</var>
<arg>${response.json()}</arg>
<doc>Returns the given values which can then be assigned to a variables.</doc>
<status status="PASS" start="2024-04-27T09:12:58.754583" elapsed="0.000616"/>
</kw>
<kw name="Log" owner="BuiltIn">
<msg time="2024-04-27T09:12:58.755672" level="INFO">{'results': [{'gender': 'male', 'name': {'title': 'Monsieur', 'first': 'Gérald', 'last': 'Duval'}, 'location': {'street': {'number': 1712, 'name': 'Rue Jean-Baldassini'}, 'city': 'Yvorne', 'state': 'Aargau', 'country': 'Switzerland', 'postcode': 3540, 'coordinates': {'latitude': '-57.2281', 'longitude': '-153.2736'}, 'timezone': {'offset': '+3:00', 'description': 'Baghdad, Riyadh, Moscow, St. Petersburg'}}, 'email': 'gerald.duval@example.com', 'login': {'uuid': '5482ef09-f000-4959-a43f-eb6a40643b77', 'username': 'bluezebra932', 'password': 'darkman', 'salt': '9dccKvL4', 'md5': '8e84370c8f5a5ee39428ce30231a3508', 'sha1': 'af5b755fe668a6a717a809be63258e923456e109', 'sha256': 'be2823800831ba2e3387e4ab00ff3b16b84abc7db4482b210863330b89589f76'}, 'dob': {'date': '1984-04-23T16:08:53.891Z', 'age': 40}, 'registered': {'date': '2010-01-26T03:15:55.792Z', 'age': 14}, 'phone': '075 421 74 47', 'cell': '078 692 66 31', 'id': {'name': 'AVS', 'value': '756.2495.1361.65'}, 'picture': {'large': 'https://randomuser.me/api/portraits/men/63.jpg', 'medium': 'https://randomuser.me/api/portraits/med/men/63.jpg', 'thumbnail': 'https://randomuser.me/api/portraits/thumb/men/63.jpg'}, 'nat': 'CH'}], 'info': {'seed': '42ba66fdb74515c7', 'results': 1, 'page': 1, 'version': '1.4'}}</msg>
<arg>${json_data}</arg>
<doc>Logs the given message with the given level.</doc>
<status status="PASS" start="2024-04-27T09:12:58.755512" elapsed="0.000246"/>
</kw>
<kw name="Should Be String" owner="String">
<arg>${json_data['results'][0]['gender']}</arg>
<doc>Fails if the given ``item`` is not a string.</doc>
<status status="PASS" start="2024-04-27T09:12:58.756070" elapsed="0.000403"/>
</kw>
<kw name="Should Match Regexp" owner="BuiltIn">
<arg>${json_data['results'][0]['email']}</arg>
<arg>^[a-zA-Z0-9._%+-]+@[a-zA-Z0-9.-]+\.[a-zA-Z]{2,}$</arg>
<doc>Fails if ``string`` does not match ``pattern`` as a regular expression.</doc>
<status status="PASS" start="2024-04-27T09:12:58.756674" elapsed="0.000530"/>
</kw>
<kw name="Should Match Regexp" owner="BuiltIn">
<arg>${json_data['results'][0]['dob']['date']}</arg>
<arg>\\d{4}-\\d{2}-\\d{2}T\\d{2}:\\d{2}:\\d{2}\\.\\d{3}Z</arg>
<doc>Fails if ``string`` does not match ``pattern`` as a regular expression.</doc>
<status status="PASS" start="2024-04-27T09:12:58.757399" elapsed="0.000482"/>
</kw>
<kw name="Should Match Regexp" owner="BuiltIn">
<arg>${json_data['results'][0]['registered']['date']}</arg>
<arg>\\d{4}-\\d{2}-\\d{2}T\\d{2}:\\d{2}:\\d{2}\\.\\d{3}Z</arg>
<doc>Fails if ``string`` does not match ``pattern`` as a regular expression.</doc>
<status status="PASS" start="2024-04-27T09:12:58.758069" elapsed="0.000366"/>
</kw>
<kw name="Should Match Regexp" owner="BuiltIn">
<arg>${json_data['results'][0]['picture']['large']}</arg>
<arg>^https?://.*\.(?:png|jpe?g|gif|bmp)$</arg>
<doc>Fails if ``string`` does not match ``pattern`` as a regular expression.</doc>
<status status="PASS" start="2024-04-27T09:12:58.758618" elapsed="0.000463"/>
</kw>
<kw name="Should Match Regexp" owner="BuiltIn">
<arg>${json_data['results'][0]['picture']['medium']}</arg>
<arg>^https?://.*\.(?:png|jpe?g|gif|bmp)$</arg>
<doc>Fails if ``string`` does not match ``pattern`` as a regular expression.</doc>
<status status="PASS" start="2024-04-27T09:12:58.759273" elapsed="0.000363"/>
</kw>
<kw name="Should Match Regexp" owner="BuiltIn">
<arg>${json_data['results'][0]['picture']['thumbnail']}</arg>
<arg>^https?://.*\.(?:png|jpe?g|gif|bmp)$</arg>
<doc>Fails if ``string`` does not match ``pattern`` as a regular expression.</doc>
<status status="PASS" start="2024-04-27T09:12:58.759825" elapsed="0.000353"/>
</kw>
<kw name="Log" owner="BuiltIn">
<msg time="2024-04-27T09:12:58.760726" level="INFO">{'large': 'https://randomuser.me/api/portraits/men/63.jpg', 'medium': 'https://randomuser.me/api/portraits/med/men/63.jpg', 'thumbnail': 'https://randomuser.me/api/portraits/thumb/men/63.jpg'}</msg>
<arg>${json_data['results'][0]['picture']}</arg>
<doc>Logs the given message with the given level.</doc>
<status status="PASS" start="2024-04-27T09:12:58.760390" elapsed="0.000377"/>
</kw>
<status status="PASS" start="2024-04-27T09:12:58.654700" elapsed="0.106352"/>
</kw>
<kw name="Teste de Tipos de Dados - Postcode" owner="random-user-service">
<kw name="GET On Session" owner="RequestsLibrary">
<msg time="2024-04-27T09:12:58.855640" level="INFO">GET Request : url=https://randomuser.me/api 
 path_url=/api 
 headers={'User-Agent': 'python-requests/2.31.0', 'Accept-Encoding': 'gzip, deflate', 'Accept': '*/*', 'Connection': 'keep-alive'} 
 body=None 
 </msg>
<msg time="2024-04-27T09:12:58.855731" level="INFO">GET Response : url=https://randomuser.me/api 
 status=200, reason=OK 
 headers={'Date': 'Sat, 27 Apr 2024 09:12:58 GMT', 'Content-Type': 'application/json; charset=utf-8', 'Transfer-Encoding': 'chunked', 'Connection': 'keep-alive', 'X-Powered-By': 'Express', 'Access-Control-Allow-Origin': '*', 'Cache-Control': 'no-cache', 'ETag': 'W/"4a1-sLkOi4y15vq8OPqOxnLS/vcjYiI"', 'Vary': 'Accept-Encoding', 'Content-Encoding': 'gzip', 'CF-Cache-Status': 'DYNAMIC', 'Report-To': '{"endpoints":[{"url":"https:\\/\\/a.nel.cloudflare.com\\/report\\/v4?s=KMHpBD8EbQ8huMNBKQA2xZ6NLvfWA22M8qYR3Es8I%2F6j1yvSfde4LOjyIgOHJVymkTGnaN8xHiEkSdEJ8eDHLXW964JnGVIV%2FqdpCpXVF24bzzMvBMoq3q9PtloxTv%2BN"}],"group":"cf-nel","max_age":604800}', 'NEL': '{"success_fraction":0,"report_to":"cf-nel","max_age":604800}', 'Server': 'cloudflare', 'CF-RAY': '87adb1a74ebc7bd7-LAX', 'alt-svc': 'h3=":443"; ma=86400'} 
 body={"results":[{"gender":"male","name":{"title":"Mr","first":"Tomothy","last":"Edwards"},"location":{"street":{"number":5369,"name":"Woodland St"},"city":"Downey","state":"North Carolina","country":"United States","postcode":10233,"coordinates":{"latitude":"84.9494","longitude":"-32.0614"},"timezone":{"offset":"-4:00","description":"Atlantic Time (Canada), Caracas, La Paz"}},"email":"tomothy.edwards@example.com","login":{"uuid":"e348f3a0-a66c-4d86-af1d-65f1d7280f12","username":"beautifulsnake462","password":"winston","salt":"NAxW3HzN","md5":"abe919d37657e24c678ae307abc29c4d","sha1":"7275ee7dae0da8f5847ae8ef5d64501b60da0c99","sha256":"67d4d1487e4d7291cfd23de5a050ecd6c4cae478d6daa9cc4dbe40a822ef0e46"},"dob":{"date":"1963-04-03T17:34:34.776Z","age":61},"registered":{"date":"2021-12-18T14:35:00.895Z","age":2},"phone":"(841) 609-1119","cell":"(855) 255-4907","id":{"name":"SSN","value":"251-63-8777"},"picture":{"large":"https://randomuser.me/api/portraits/men/8.jpg","medium":"https://randomuser.me/api/portraits/med/men/8.jpg","thumbnail":"https://randomuser.me/api/portraits/thumb/men/8.jpg"},"nat":"US"}],"info":{"seed":"d388c2861f5bf7ab","results":1,"page":1,"version":"1.4"}} 
 </msg>
<msg time="2024-04-27T09:12:58.855807" level="INFO">/opt/hostedtoolcache/Python/3.12.3/x64/lib/python3.12/site-packages/urllib3/connectionpool.py:1103: InsecureRequestWarning: Unverified HTTPS request is being made to host 'randomuser.me'. Adding certificate verification is strongly advised. See: https://urllib3.readthedocs.io/en/latest/advanced-usage.html#tls-warnings
  warnings.warn(</msg>
<msg time="2024-04-27T09:12:58.855932" level="INFO">${response} = &lt;Response [200]&gt;</msg>
<var>${response}</var>
<arg>consultarAPI</arg>
<arg>/api</arg>
<doc>Sends a GET request on a previously created HTTP Session.</doc>
<status status="PASS" start="2024-04-27T09:12:58.761534" elapsed="0.094449"/>
</kw>
<kw name="Set Variable" owner="BuiltIn">
<msg time="2024-04-27T09:12:58.857156" level="INFO">${json_data} = {'results': [{'gender': 'male', 'name': {'title': 'Mr', 'first': 'Tomothy', 'last': 'Edwards'}, 'location': {'street': {'number': 5369, 'name': 'Woodland St'}, 'city': 'Downey', 'state': 'North Caroli...</msg>
<var>${json_data}</var>
<arg>${response.json()}</arg>
<doc>Returns the given values which can then be assigned to a variables.</doc>
<status status="PASS" start="2024-04-27T09:12:58.856590" elapsed="0.000595"/>
</kw>
<kw name="Log" owner="BuiltIn">
<msg time="2024-04-27T09:12:58.857645" level="INFO">{'results': [{'gender': 'male', 'name': {'title': 'Mr', 'first': 'Tomothy', 'last': 'Edwards'}, 'location': {'street': {'number': 5369, 'name': 'Woodland St'}, 'city': 'Downey', 'state': 'North Carolina', 'country': 'United States', 'postcode': 10233, 'coordinates': {'latitude': '84.9494', 'longitude': '-32.0614'}, 'timezone': {'offset': '-4:00', 'description': 'Atlantic Time (Canada), Caracas, La Paz'}}, 'email': 'tomothy.edwards@example.com', 'login': {'uuid': 'e348f3a0-a66c-4d86-af1d-65f1d7280f12', 'username': 'beautifulsnake462', 'password': 'winston', 'salt': 'NAxW3HzN', 'md5': 'abe919d37657e24c678ae307abc29c4d', 'sha1': '7275ee7dae0da8f5847ae8ef5d64501b60da0c99', 'sha256': '67d4d1487e4d7291cfd23de5a050ecd6c4cae478d6daa9cc4dbe40a822ef0e46'}, 'dob': {'date': '1963-04-03T17:34:34.776Z', 'age': 61}, 'registered': {'date': '2021-12-18T14:35:00.895Z', 'age': 2}, 'phone': '(841) 609-1119', 'cell': '(855) 255-4907', 'id': {'name': 'SSN', 'value': '251-63-8777'}, 'picture': {'large': 'https://randomuser.me/api/portraits/men/8.jpg', 'medium': 'https://randomuser.me/api/portraits/med/men/8.jpg', 'thumbnail': 'https://randomuser.me/api/portraits/thumb/men/8.jpg'}, 'nat': 'US'}], 'info': {'seed': 'd388c2861f5bf7ab', 'results': 1, 'page': 1, 'version': '1.4'}}</msg>
<arg>${json_data}</arg>
<doc>Logs the given message with the given level.</doc>
<status status="PASS" start="2024-04-27T09:12:58.857493" elapsed="0.000198"/>
</kw>
<kw name="Should Be Equal As Numbers" owner="BuiltIn">
<arg>${json_data['results'][0]['location']['postcode']}</arg>
<arg>${json_data['results'][0]['location']['postcode']}</arg>
<doc>Fails if objects are unequal after converting them to real numbers.</doc>
<status status="PASS" start="2024-04-27T09:12:58.858010" elapsed="0.000811"/>
</kw>
<kw name="Log" owner="BuiltIn">
<msg time="2024-04-27T09:12:58.859368" level="INFO">10233</msg>
<arg>${json_data['results'][0]['location']['postcode']}</arg>
<doc>Logs the given message with the given level.</doc>
<status status="PASS" start="2024-04-27T09:12:58.859019" elapsed="0.000388"/>
</kw>
<status status="PASS" start="2024-04-27T09:12:58.761286" elapsed="0.098374"/>
</kw>
<doc>Testa se os tipos de dados na resposta da API estão corretos.</doc>
<tag>testeTiposDados</tag>
<status status="PASS" start="2024-04-27T09:12:58.654122" elapsed="0.205702"/>
</test>
<test id="s1-s1-t5" name="Validar conteudo" line="35">
<kw name="Teste de Tipos de Conteudo" owner="random-user-service">
<kw name="GET On Session" owner="RequestsLibrary">
<msg time="2024-04-27T09:12:58.965235" level="INFO">GET Request : url=https://randomuser.me/api 
 path_url=/api 
 headers={'User-Agent': 'python-requests/2.31.0', 'Accept-Encoding': 'gzip, deflate', 'Accept': '*/*', 'Connection': 'keep-alive'} 
 body=None 
 </msg>
<msg time="2024-04-27T09:12:58.965343" level="INFO">GET Response : url=https://randomuser.me/api 
 status=200, reason=OK 
 headers={'Date': 'Sat, 27 Apr 2024 09:12:58 GMT', 'Content-Type': 'application/json; charset=utf-8', 'Transfer-Encoding': 'chunked', 'Connection': 'keep-alive', 'X-Powered-By': 'Express', 'Access-Control-Allow-Origin': '*', 'Cache-Control': 'no-cache', 'ETag': 'W/"49b-vgrQzQYF0delFAjjc9BtDRNdong"', 'Vary': 'Accept-Encoding', 'Content-Encoding': 'gzip', 'CF-Cache-Status': 'DYNAMIC', 'Report-To': '{"endpoints":[{"url":"https:\\/\\/a.nel.cloudflare.com\\/report\\/v4?s=yuERVODhiKkQS5R5z8VtTtkgaBgJIoF13laqDIpBGxbeoUidkOHeaJ%2F%2BRo6Iz42wrxL7sCHMtDWfKF4nHp77wr8t%2BesH5cyjU8SuQLKOUrVETFYfqTfmEtoVBomxm2M%2F"}],"group":"cf-nel","max_age":604800}', 'NEL': '{"success_fraction":0,"report_to":"cf-nel","max_age":604800}', 'Server': 'cloudflare', 'CF-RAY': '87adb1a7ef117bd7-LAX', 'alt-svc': 'h3=":443"; ma=86400'} 
 body={"results":[{"gender":"female","name":{"title":"Ms","first":"Alicia","last":"Ambrose"},"location":{"street":{"number":1150,"name":"Charles St"},"city":"Greenwood","state":"Ontario","country":"Canada","postcode":"Q0C 6X0","coordinates":{"latitude":"-70.9789","longitude":"159.8000"},"timezone":{"offset":"-5:00","description":"Eastern Time (US &amp; Canada), Bogota, Lima"}},"email":"alicia.ambrose@example.com","login":{"uuid":"10d3146a-3301-481b-a73c-d0bc36a3250f","username":"silversnake138","password":"clemson","salt":"mdeIgR5D","md5":"a4718216d56b8b6dea22f2b279627d3a","sha1":"c8b44f649e4a33158128661cc03b969ebbed53a5","sha256":"905b7c1cc0eb4b822848318ab791fb5e15766c6313880ef13dfca1cbaab1a35d"},"dob":{"date":"1983-09-10T22:21:50.070Z","age":40},"registered":{"date":"2017-11-18T05:07:42.743Z","age":6},"phone":"L62 D30-9487","cell":"Q34 Y33-9750","id":{"name":"SIN","value":"087042479"},"picture":{"large":"https://randomuser.me/api/portraits/women/23.jpg","medium":"https://randomuser.me/api/portraits/med/women/23.jpg","thumbnail":"https://randomuser.me/api/portraits/thumb/women/23.jpg"},"nat":"CA"}],"info":{"seed":"19dd17e6df03b5f3","results":1,"page":1,"version":"1.4"}} 
 </msg>
<msg time="2024-04-27T09:12:58.965426" level="INFO">/opt/hostedtoolcache/Python/3.12.3/x64/lib/python3.12/site-packages/urllib3/connectionpool.py:1103: InsecureRequestWarning: Unverified HTTPS request is being made to host 'randomuser.me'. Adding certificate verification is strongly advised. See: https://urllib3.readthedocs.io/en/latest/advanced-usage.html#tls-warnings
  warnings.warn(</msg>
<msg time="2024-04-27T09:12:58.965561" level="INFO">${response} = &lt;Response [200]&gt;</msg>
<var>${response}</var>
<arg>consultarAPI</arg>
<arg>/api</arg>
<doc>Sends a GET request on a previously created HTTP Session.</doc>
<status status="PASS" start="2024-04-27T09:12:58.863122" elapsed="0.102485"/>
</kw>
<kw name="Set Variable" owner="BuiltIn">
<msg time="2024-04-27T09:12:58.966622" level="INFO">${json_data} = {'results': [{'gender': 'female', 'name': {'title': 'Ms', 'first': 'Alicia', 'last': 'Ambrose'}, 'location': {'street': {'number': 1150, 'name': 'Charles St'}, 'city': 'Greenwood', 'state': 'Ontario',...</msg>
<var>${json_data}</var>
<arg>${response.json()}</arg>
<doc>Returns the given values which can then be assigned to a variables.</doc>
<status status="PASS" start="2024-04-27T09:12:58.966114" elapsed="0.000537"/>
</kw>
<kw name="Set Variable" owner="BuiltIn">
<msg time="2024-04-27T09:12:58.967367" level="INFO">${name_title} = Ms</msg>
<var>${name_title}</var>
<arg>${json_data["results"][0]["name"]["title"]}</arg>
<doc>Returns the given values which can then be assigned to a variables.</doc>
<status status="PASS" start="2024-04-27T09:12:58.966972" elapsed="0.000420"/>
</kw>
<kw name="Create List" owner="BuiltIn">
<msg time="2024-04-27T09:12:58.967853" level="INFO">${allowed_titles} = ['Mr', 'Ms', 'Miss', 'Mrs', 'Madame', 'Monsieur']</msg>
<var>${allowed_titles}</var>
<arg>Mr</arg>
<arg>Ms</arg>
<arg>Miss</arg>
<arg>Mrs</arg>
<arg>Madame</arg>
<arg>Monsieur</arg>
<doc>Returns a list containing given items.</doc>
<status status="PASS" start="2024-04-27T09:12:58.967699" elapsed="0.000190"/>
</kw>
<kw name="List Should Contain Value" owner="Collections">
<msg time="2024-04-27T09:12:58.968411" level="INFO">False</msg>
<arg>${allowed_titles}</arg>
<arg>${name_title}</arg>
<doc>Fails if the ``value`` is not found from ``list``.</doc>
<status status="PASS" start="2024-04-27T09:12:58.968196" elapsed="0.000254"/>
</kw>
<kw name="Set Variable" owner="BuiltIn">
<msg time="2024-04-27T09:12:58.969164" level="INFO">${name_country} = CA</msg>
<var>${name_country}</var>
<arg>${json_data["results"][0]["nat"]}</arg>
<doc>Returns the given values which can then be assigned to a variables.</doc>
<status status="PASS" start="2024-04-27T09:12:58.968764" elapsed="0.000426"/>
</kw>
<kw name="Create List" owner="BuiltIn">
<msg time="2024-04-27T09:12:58.970089" level="INFO">${list_country} = ['AD', 'AE', 'AF', 'AG', 'AI', 'AL', 'AM', 'AO', 'AQ', 'AR', 'AS', 'AT', 'AU', 'AW', 'AX', 'AZ', 'BA', 'BB', 'BD', 'BE', 'BF', 'BG', 'BH', 'BI', 'BJ', 'BL', 'BM', 'BN', 'BO', 'BQ', 'BR', 'BS', 'BT', '...</msg>
<var>${list_country}</var>
<arg>AD</arg>
<arg>AE</arg>
<arg>AF</arg>
<arg>AG</arg>
<arg>AI</arg>
<arg>AL</arg>
<arg>AM</arg>
<arg>AO</arg>
<arg>AQ</arg>
<arg>AR</arg>
<arg>AS</arg>
<arg>AT</arg>
<arg>AU</arg>
<arg>AW</arg>
<arg>AX</arg>
<arg>AZ</arg>
<arg>BA</arg>
<arg>BB</arg>
<arg>BD</arg>
<arg>BE</arg>
<arg>BF</arg>
<arg>BG</arg>
<arg>BH</arg>
<arg>BI</arg>
<arg>BJ</arg>
<arg>BL</arg>
<arg>BM</arg>
<arg>BN</arg>
<arg>BO</arg>
<arg>BQ</arg>
<arg>BR</arg>
<arg>BS</arg>
<arg>BT</arg>
<arg>BV</arg>
<arg>BW</arg>
<arg>BY</arg>
<arg>BZ</arg>
<arg>CA</arg>
<arg>CC</arg>
<arg>CD</arg>
<arg>CF</arg>
<arg>CG</arg>
<arg>CH</arg>
<arg>CI</arg>
<arg>CK</arg>
<arg>CL</arg>
<arg>CM</arg>
<arg>CN</arg>
<arg>CO</arg>
<arg>CR</arg>
<arg>CU</arg>
<arg>CV</arg>
<arg>CW</arg>
<arg>CX</arg>
<arg>CY</arg>
<arg>CZ</arg>
<arg>DE</arg>
<arg>DJ</arg>
<arg>DK</arg>
<arg>DM</arg>
<arg>DO</arg>
<arg>DZ</arg>
<arg>EC</arg>
<arg>EE</arg>
<arg>EG</arg>
<arg>EH</arg>
<arg>ER</arg>
<arg>ES</arg>
<arg>ET</arg>
<arg>FI</arg>
<arg>FJ</arg>
<arg>FK</arg>
<arg>FM</arg>
<arg>FO</arg>
<arg>FR</arg>
<arg>GA</arg>
<arg>GB</arg>
<arg>GD</arg>
<arg>GE</arg>
<arg>GF</arg>
<arg>GG</arg>
<arg>GH</arg>
<arg>GI</arg>
<arg>GL</arg>
<arg>GM</arg>
<arg>GN</arg>
<arg>GP</arg>
<arg>GQ</arg>
<arg>GR</arg>
<arg>GS</arg>
<arg>GT</arg>
<arg>GU</arg>
<arg>GW</arg>
<arg>GY</arg>
<arg>HK</arg>
<arg>HM</arg>
<arg>HN</arg>
<arg>HR</arg>
<arg>HT</arg>
<arg>HU</arg>
<arg>ID</arg>
<arg>IE</arg>
<arg>IL</arg>
<arg>IM</arg>
<arg>IN</arg>
<arg>IO</arg>
<arg>IQ</arg>
<arg>IR</arg>
<arg>IS</arg>
<arg>IT</arg>
<arg>JE</arg>
<arg>JM</arg>
<arg>JO</arg>
<arg>JP</arg>
<arg>KE</arg>
<arg>KG</arg>
<arg>KH</arg>
<arg>KI</arg>
<arg>KM</arg>
<arg>KN</arg>
<arg>KP</arg>
<arg>KR</arg>
<arg>KW</arg>
<arg>KY</arg>
<arg>KZ</arg>
<arg>LA</arg>
<arg>LB</arg>
<arg>LC</arg>
<arg>LI</arg>
<arg>LK</arg>
<arg>LR</arg>
<arg>LS</arg>
<arg>LT</arg>
<arg>LU</arg>
<arg>LV</arg>
<arg>LY</arg>
<arg>MA</arg>
<arg>MC</arg>
<arg>MD</arg>
<arg>ME</arg>
<arg>MF</arg>
<arg>MG</arg>
<arg>MH</arg>
<arg>MK</arg>
<arg>ML</arg>
<arg>MM</arg>
<arg>MN</arg>
<arg>MO</arg>
<arg>MP</arg>
<arg>MQ</arg>
<arg>MR</arg>
<arg>MS</arg>
<arg>MT</arg>
<arg>MU</arg>
<arg>MV</arg>
<arg>MW</arg>
<arg>MX</arg>
<arg>MY</arg>
<arg>MZ</arg>
<arg>NA</arg>
<arg>NC</arg>
<arg>NE</arg>
<arg>NF</arg>
<arg>NG</arg>
<arg>NI</arg>
<arg>NL</arg>
<arg>NO</arg>
<arg>NP</arg>
<arg>NR</arg>
<arg>NU</arg>
<arg>NZ</arg>
<arg>OM</arg>
<arg>PA</arg>
<arg>PE</arg>
<arg>PF</arg>
<arg>PG</arg>
<arg>PH</arg>
<arg>PK</arg>
<arg>PL</arg>
<arg>PM</arg>
<arg>PN</arg>
<arg>PR</arg>
<arg>PS</arg>
<arg>PT</arg>
<arg>PW</arg>
<arg>PY</arg>
<arg>QA</arg>
<arg>RE</arg>
<arg>RO</arg>
<arg>RS</arg>
<arg>RU</arg>
<arg>RW</arg>
<arg>SA</arg>
<arg>SB</arg>
<arg>SC</arg>
<arg>SD</arg>
<arg>SE</arg>
<arg>SG</arg>
<arg>SH</arg>
<arg>SI</arg>
<arg>SJ</arg>
<arg>SK</arg>
<arg>SL</arg>
<arg>SM</arg>
<arg>SN</arg>
<arg>SO</arg>
<arg>SR</arg>
<arg>SS</arg>
<arg>ST</arg>
<arg>SV</arg>
<arg>SX</arg>
<arg>SY</arg>
<arg>SZ</arg>
<arg>TC</arg>
<arg>TD</arg>
<arg>TF</arg>
<arg>TG</arg>
<arg>TH</arg>
<arg>TJ</arg>
<arg>TK</arg>
<arg>TL</arg>
<arg>TM</arg>
<arg>TN</arg>
<arg>TO</arg>
<arg>TR</arg>
<arg>TT</arg>
<arg>TV</arg>
<arg>TW</arg>
<arg>TZ</arg>
<arg>UA</arg>
<arg>UG</arg>
<arg>UM</arg>
<arg>US</arg>
<arg>UY</arg>
<arg>UZ</arg>
<arg>VA</arg>
<arg>VC</arg>
<arg>VE</arg>
<arg>VG</arg>
<arg>VI</arg>
<arg>VN</arg>
<arg>VU</arg>
<arg>WF</arg>
<arg>WS</arg>
<arg>XK</arg>
<arg>YE</arg>
<arg>YT</arg>
<arg>ZA</arg>
<arg>ZM</arg>
<arg>ZW</arg>
<doc>Returns a list containing given items.</doc>
<status status="PASS" start="2024-04-27T09:12:58.969500" elapsed="0.000614"/>
</kw>
<kw name="List Should Contain Value" owner="Collections">
<msg time="2024-04-27T09:12:58.971105" level="INFO">False</msg>
<arg>${list_country}</arg>
<arg>${name_country}</arg>
<doc>Fails if the ``value`` is not found from ``list``.</doc>
<status status="PASS" start="2024-04-27T09:12:58.970905" elapsed="0.000236"/>
</kw>
<kw name="Run Keyword If" owner="BuiltIn">
<kw name="Should Be True" owner="BuiltIn">
<arg>${True}</arg>
<doc>Fails if the given condition is not true.</doc>
<status status="PASS" start="2024-04-27T09:12:58.972212" elapsed="0.000174"/>
</kw>
<arg>${json_data["results"][0]["location"]["coordinates"]["latitude"]} &gt;= -90 and ${json_data["results"][0]["location"]["coordinates"]["latitude"]} &lt;= 90</arg>
<arg>Should Be True</arg>
<arg>${True}</arg>
<doc>Runs the given keyword with the given arguments, if ``condition`` is true.</doc>
<status status="PASS" start="2024-04-27T09:12:58.971456" elapsed="0.001063"/>
</kw>
<kw name="Run Keyword If" owner="BuiltIn">
<kw name="Should Be True" owner="BuiltIn">
<arg>${True}</arg>
<doc>Fails if the given condition is not true.</doc>
<status status="PASS" start="2024-04-27T09:12:58.973401" elapsed="0.000256"/>
</kw>
<arg>${json_data["results"][0]["location"]["coordinates"]["longitude"]} &gt;= -180 and ${json_data["results"][0]["location"]["coordinates"]["longitude"]} &lt;= 180</arg>
<arg>Should Be True</arg>
<arg>${True}</arg>
<doc>Runs the given keyword with the given arguments, if ``condition`` is true.</doc>
<status status="PASS" start="2024-04-27T09:12:58.972703" elapsed="0.001082"/>
</kw>
<status status="PASS" start="2024-04-27T09:12:58.862743" elapsed="0.111180"/>
</kw>
<doc>Testa o conteúdo específico dos campos retornados pela API.</doc>
<tag>testeConteudo</tag>
<status status="PASS" start="2024-04-27T09:12:58.862026" elapsed="0.112053"/>
</test>
<status status="PASS" start="2024-04-27T09:12:57.924036" elapsed="1.052006"/>
</suite>
<status status="PASS" start="2024-04-27T09:12:57.910235" elapsed="1.071131"/>
</suite>
<statistics>
<total>
<stat pass="5" fail="0" skip="0">All Tests</stat>
</total>
<tag>
<stat pass="1" fail="0" skip="0">testeConteudo</stat>
<stat pass="1" fail="0" skip="0">testeEstruturaResposta</stat>
<stat pass="1" fail="0" skip="0">testeRequisicaoBasica</stat>
<stat pass="1" fail="0" skip="0">testeTiposDados</stat>
</tag>
<suite>
<stat pass="5" fail="0" skip="0" id="s1" name="Tests">Tests</stat>
<stat pass="5" fail="0" skip="0" id="s1-s1" name="Random-User-Test">Tests.Random-User-Test</stat>
</suite>
</statistics>
<errors>
</errors>
</robot>
