<?xml version="1.0" encoding="UTF-8"?>
<robot generator="Robot 7.0 (Python 3.12.2 on linux)" generated="2024-03-21T13:07:08.253595" rpa="false" schemaversion="5">
<suite id="s1" name="Tests" source="/home/runner/work/DesafioQAItauRogerioJordao/DesafioQAItauRogerioJordao/RamdonUser/tests">
<suite id="s1-s1" name="Random-User-Test" source="/home/runner/work/DesafioQAItauRogerioJordao/DesafioQAItauRogerioJordao/RamdonUser/tests/random-user-test.robot">
<test id="s1-s1-t1" name="Conectar" line="22">
<kw name="Conectar API" owner="random-user-service">
<kw name="Create Session" owner="RequestsLibrary">
<msg time="2024-03-21T13:07:08.633272" level="INFO">Creating Session using : alias=consultarAPI, url=https://randomuser.me/, headers={},                     cookies={}, auth=None, timeout=None, proxies=None, verify=False,                     debug=0 </msg>
<arg>consultarAPI</arg>
<arg>${URL}</arg>
<doc>Create Session: create a HTTP session to a server</doc>
<status status="PASS" start="2024-03-21T13:07:08.633072" elapsed="0.000386"/>
</kw>
<status status="PASS" start="2024-03-21T13:07:08.632099" elapsed="0.001729"/>
</kw>
<status status="PASS" start="2024-03-21T13:07:08.631465" elapsed="0.002567"/>
</test>
<test id="s1-s1-t2" name="Validar retorno 200 e JSON Válido" line="25">
<kw name="Teste de Requisicao Basica" owner="random-user-service">
<kw name="GET On Session" owner="RequestsLibrary">
<msg time="2024-03-21T13:07:08.718283" level="INFO">GET Request : url=https://randomuser.me/api 
 path_url=/api 
 headers={'User-Agent': 'python-requests/2.31.0', 'Accept-Encoding': 'gzip, deflate', 'Accept': '*/*', 'Connection': 'keep-alive'} 
 body=None 
 </msg>
<msg time="2024-03-21T13:07:08.718400" level="INFO">GET Response : url=https://randomuser.me/api 
 status=200, reason=OK 
 headers={'Date': 'Thu, 21 Mar 2024 13:07:08 GMT', 'Content-Type': 'application/json; charset=utf-8', 'Transfer-Encoding': 'chunked', 'Connection': 'keep-alive', 'X-Powered-By': 'Express', 'Access-Control-Allow-Origin': '*', 'Cache-Control': 'no-cache', 'ETag': 'W/"470-d3BKJzwLPyzaxns6lNe7LTY6kY0"', 'Vary': 'Accept-Encoding', 'Content-Encoding': 'gzip', 'CF-Cache-Status': 'DYNAMIC', 'Report-To': '{"endpoints":[{"url":"https:\\/\\/a.nel.cloudflare.com\\/report\\/v4?s=d1KDn5P0eUfUrP2gPWKQP4DXM%2B0ttOn9LV%2BNgn%2Bau6%2BccU6sGtFjCn78ltXx6Sn%2BnhbguKJfaGejCLdP%2FBQuGAVkHIu%2Fg%2BowmK%2BQpXVOT6po7mOQXeCwlu87Hb%2Fs4UQ5"}],"group":"cf-nel","max_age":604800}', 'NEL': '{"success_fraction":0,"report_to":"cf-nel","max_age":604800}', 'Server': 'cloudflare', 'CF-RAY': '867e29cb39116399-ORD', 'alt-svc': 'h3=":443"; ma=86400'} 
 body={"results":[{"gender":"male","name":{"title":"Mr","first":"Dhiraj","last":"Gugale"},"location":{"street":{"number":6488,"name":"Lindsay St"},"city":"Muzaffarpur","state":"Kerala","country":"India","postcode":97910,"coordinates":{"latitude":"4.7778","longitude":"-102.5773"},"timezone":{"offset":"+5:45","description":"Kathmandu"}},"email":"dhiraj.gugale@example.com","login":{"uuid":"55ca7a7f-4d21-441d-9c7a-bbb67dc76a0d","username":"heavyostrich737","password":"rockwell","salt":"p2igsfZw","md5":"d8e0fe563cfb9a0e6394c9456e76b6c8","sha1":"330bea8c8b0807f2635a76637173d078f46399e4","sha256":"763dfa13a386ce69b53111411dd5ef329360b89019371a6c7b980c314df38a9a"},"dob":{"date":"1984-08-06T19:42:46.417Z","age":39},"registered":{"date":"2016-07-07T05:05:49.532Z","age":7},"phone":"8874360827","cell":"7016334340","id":{"name":"UIDAI","value":"486709036665"},"picture":{"large":"https://randomuser.me/api/portraits/men/40.jpg","medium":"https://randomuser.me/api/portraits/med/men/40.jpg","thumbnail":"https://randomuser.me/api/portraits/thumb/men/40.jpg"},"nat":"IN"}],"info":{"seed":"ddf23120302613f8","results":1,"page":1,"version":"1.4"}} 
 </msg>
<msg time="2024-03-21T13:07:08.718499" level="INFO">/opt/hostedtoolcache/Python/3.12.2/x64/lib/python3.12/site-packages/urllib3/connectionpool.py:1103: InsecureRequestWarning: Unverified HTTPS request is being made to host 'randomuser.me'. Adding certificate verification is strongly advised. See: https://urllib3.readthedocs.io/en/latest/advanced-usage.html#tls-warnings
  warnings.warn(</msg>
<msg time="2024-03-21T13:07:08.718623" level="INFO">${response} = &lt;Response [200]&gt;</msg>
<var>${response}</var>
<arg>consultarAPI</arg>
<arg>/api</arg>
<doc>Sends a GET request on a previously created HTTP Session.</doc>
<status status="PASS" start="2024-03-21T13:07:08.637062" elapsed="0.081601"/>
</kw>
<kw name="Should Be Equal As Numbers" owner="BuiltIn">
<msg time="2024-03-21T13:07:08.719674" level="INFO">Argument types are:
&lt;class 'int'&gt;
&lt;class 'str'&gt;</msg>
<arg>${response.status_code}</arg>
<arg>200</arg>
<doc>Fails if objects are unequal after converting them to real numbers.</doc>
<status status="PASS" start="2024-03-21T13:07:08.719203" elapsed="0.000537"/>
</kw>
<kw name="Log" owner="BuiltIn">
<msg time="2024-03-21T13:07:08.720577" level="INFO">200</msg>
<arg>${response.status_code}</arg>
<doc>Logs the given message with the given level.</doc>
<status status="PASS" start="2024-03-21T13:07:08.720216" elapsed="0.000442"/>
</kw>
<kw name="Set Variable" owner="BuiltIn">
<msg time="2024-03-21T13:07:08.721440" level="INFO">${json_data} = {'results': [{'gender': 'male', 'name': {'title': 'Mr', 'first': 'Dhiraj', 'last': 'Gugale'}, 'location': {'street': {'number': 6488, 'name': 'Lindsay St'}, 'city': 'Muzaffarpur', 'state': 'Kerala', '...</msg>
<var>${json_data}</var>
<arg>${response.json()}</arg>
<doc>Returns the given values which can then be assigned to a variables.</doc>
<status status="PASS" start="2024-03-21T13:07:08.720992" elapsed="0.000477"/>
</kw>
<kw name="Dictionary Should Contain Key" owner="Collections">
<msg time="2024-03-21T13:07:08.721975" level="INFO">False</msg>
<arg>${json_data}</arg>
<arg>results</arg>
<doc>Fails if ``key`` is not found from ``dictionary``.</doc>
<status status="PASS" start="2024-03-21T13:07:08.721805" elapsed="0.000209"/>
</kw>
<status status="PASS" start="2024-03-21T13:07:08.636808" elapsed="0.085460"/>
</kw>
<doc>Testa se a API responde corretamente e retorna um objeto JSON válido.</doc>
<tag>testeRequisicaoBasica</tag>
<status status="PASS" start="2024-03-21T13:07:08.636220" elapsed="0.086225"/>
</test>
<test id="s1-s1-t3" name="Validar estrutura de resposta" line="31">
<kw name="Teste de Estrutura de Resposta" owner="random-user-service">
<kw name="GET On Session" owner="RequestsLibrary">
<msg time="2024-03-21T13:07:08.851054" level="INFO">GET Request : url=https://randomuser.me/api 
 path_url=/api 
 headers={'User-Agent': 'python-requests/2.31.0', 'Accept-Encoding': 'gzip, deflate', 'Accept': '*/*', 'Connection': 'keep-alive'} 
 body=None 
 </msg>
<msg time="2024-03-21T13:07:08.851147" level="INFO">GET Response : url=https://randomuser.me/api 
 status=200, reason=OK 
 headers={'Date': 'Thu, 21 Mar 2024 13:07:08 GMT', 'Content-Type': 'application/json; charset=utf-8', 'Transfer-Encoding': 'chunked', 'Connection': 'keep-alive', 'X-Powered-By': 'Express', 'Access-Control-Allow-Origin': '*', 'Cache-Control': 'no-cache', 'ETag': 'W/"489-TaWW4D0WWtk+ODQ/a3U07Zw5fO8"', 'Vary': 'Accept-Encoding', 'Content-Encoding': 'gzip', 'CF-Cache-Status': 'DYNAMIC', 'Report-To': '{"endpoints":[{"url":"https:\\/\\/a.nel.cloudflare.com\\/report\\/v4?s=H%2BCulnHeGXkBmspp4P%2B%2FVzgqBUaYCyeZu6kmuYXSP9CPkxEQ0zmZUo3PqB8tivV1dclqGkpQ%2FAVmCinPtJSNTDL4drzpH3cBQ8iEGV1yJeduLbownM9mQiAvnUjdOWkQ"}],"group":"cf-nel","max_age":604800}', 'NEL': '{"success_fraction":0,"report_to":"cf-nel","max_age":604800}', 'Server': 'cloudflare', 'CF-RAY': '867e29cb89586399-ORD', 'alt-svc': 'h3=":443"; ma=86400'} 
 body={"results":[{"gender":"female","name":{"title":"Miss","first":"Ilona","last":"Niemela"},"location":{"street":{"number":2389,"name":"Pyynikintie"},"city":"Luvia","state":"Uusimaa","country":"Finland","postcode":43342,"coordinates":{"latitude":"-22.8696","longitude":"177.2455"},"timezone":{"offset":"-11:00","description":"Midway Island, Samoa"}},"email":"ilona.niemela@example.com","login":{"uuid":"69303a7e-5639-4e70-bcc9-d2e75fbcb3bb","username":"organicswan232","password":"santa","salt":"ymK6CdpW","md5":"4fca8ef4c0c17455d66b71dd0d8b7d3a","sha1":"d9a943779e131d7207c2359141b86e17cb7e380f","sha256":"cbcdc6347200d97e5528f1d29dc93e3329b57f0b5ea02e5c51c26b0c8d91a84e"},"dob":{"date":"1995-07-18T15:11:54.138Z","age":28},"registered":{"date":"2012-03-26T12:42:07.345Z","age":11},"phone":"09-777-277","cell":"048-719-85-39","id":{"name":"HETU","value":"NaNNA598undefined"},"picture":{"large":"https://randomuser.me/api/portraits/women/33.jpg","medium":"https://randomuser.me/api/portraits/med/women/33.jpg","thumbnail":"https://randomuser.me/api/portraits/thumb/women/33.jpg"},"nat":"FI"}],"info":{"seed":"82ed4fe2144b8457","results":1,"page":1,"version":"1.4"}} 
 </msg>
<msg time="2024-03-21T13:07:08.851271" level="INFO">/opt/hostedtoolcache/Python/3.12.2/x64/lib/python3.12/site-packages/urllib3/connectionpool.py:1103: InsecureRequestWarning: Unverified HTTPS request is being made to host 'randomuser.me'. Adding certificate verification is strongly advised. See: https://urllib3.readthedocs.io/en/latest/advanced-usage.html#tls-warnings
  warnings.warn(</msg>
<msg time="2024-03-21T13:07:08.851410" level="INFO">${response} = &lt;Response [200]&gt;</msg>
<var>${response}</var>
<arg>consultarAPI</arg>
<arg>/api</arg>
<doc>Sends a GET request on a previously created HTTP Session.</doc>
<status status="PASS" start="2024-03-21T13:07:08.725039" elapsed="0.126422"/>
</kw>
<kw name="Set Variable" owner="BuiltIn">
<msg time="2024-03-21T13:07:08.852541" level="INFO">${json_data} = {'results': [{'gender': 'female', 'name': {'title': 'Miss', 'first': 'Ilona', 'last': 'Niemela'}, 'location': {'street': {'number': 2389, 'name': 'Pyynikintie'}, 'city': 'Luvia', 'state': 'Uusimaa', '...</msg>
<var>${json_data}</var>
<arg>${response.json()}</arg>
<doc>Returns the given values which can then be assigned to a variables.</doc>
<status status="PASS" start="2024-03-21T13:07:08.851990" elapsed="0.000580"/>
</kw>
<kw name="Log" owner="BuiltIn">
<msg time="2024-03-21T13:07:08.853115" level="INFO">{'results': [{'gender': 'female', 'name': {'title': 'Miss', 'first': 'Ilona', 'last': 'Niemela'}, 'location': {'street': {'number': 2389, 'name': 'Pyynikintie'}, 'city': 'Luvia', 'state': 'Uusimaa', 'country': 'Finland', 'postcode': 43342, 'coordinates': {'latitude': '-22.8696', 'longitude': '177.2455'}, 'timezone': {'offset': '-11:00', 'description': 'Midway Island, Samoa'}}, 'email': 'ilona.niemela@example.com', 'login': {'uuid': '69303a7e-5639-4e70-bcc9-d2e75fbcb3bb', 'username': 'organicswan232', 'password': 'santa', 'salt': 'ymK6CdpW', 'md5': '4fca8ef4c0c17455d66b71dd0d8b7d3a', 'sha1': 'd9a943779e131d7207c2359141b86e17cb7e380f', 'sha256': 'cbcdc6347200d97e5528f1d29dc93e3329b57f0b5ea02e5c51c26b0c8d91a84e'}, 'dob': {'date': '1995-07-18T15:11:54.138Z', 'age': 28}, 'registered': {'date': '2012-03-26T12:42:07.345Z', 'age': 11}, 'phone': '09-777-277', 'cell': '048-719-85-39', 'id': {'name': 'HETU', 'value': 'NaNNA598undefined'}, 'picture': {'large': 'https://randomuser.me/api/portraits/women/33.jpg', 'medium': 'https://randomuser.me/api/portraits/med/women/33.jpg', 'thumbnail': 'https://randomuser.me/api/portraits/thumb/women/33.jpg'}, 'nat': 'FI'}], 'info': {'seed': '82ed4fe2144b8457', 'results': 1, 'page': 1, 'version': '1.4'}}</msg>
<arg>${json_data}</arg>
<doc>Logs the given message with the given level.</doc>
<status status="PASS" start="2024-03-21T13:07:08.852950" elapsed="0.000219"/>
</kw>
<kw name="Dictionary Should Contain Key" owner="Collections">
<msg time="2024-03-21T13:07:08.853631" level="INFO">False</msg>
<arg>${json_data}</arg>
<arg>results</arg>
<doc>Fails if ``key`` is not found from ``dictionary``.</doc>
<status status="PASS" start="2024-03-21T13:07:08.853473" elapsed="0.000203"/>
</kw>
<kw name="Should Not Be Empty" owner="BuiltIn">
<msg time="2024-03-21T13:07:08.854109" level="INFO">Length is 2.</msg>
<arg>${json_data}</arg>
<doc>Verifies that the given item is not empty.</doc>
<status status="PASS" start="2024-03-21T13:07:08.853977" elapsed="0.000171"/>
</kw>
<kw name="Create List" owner="BuiltIn">
<msg time="2024-03-21T13:07:08.854588" level="INFO">${expected_keys} = ['gender', 'name', 'location', 'email', 'login']</msg>
<var>${expected_keys}</var>
<arg>gender</arg>
<arg>name</arg>
<arg>location</arg>
<arg>email</arg>
<arg>login</arg>
<doc>Returns a list containing given items.</doc>
<status status="PASS" start="2024-03-21T13:07:08.854439" elapsed="0.000174"/>
</kw>
<for flavor="IN">
<iter>
<kw name="Dictionary Should Contain Key" owner="Collections">
<msg time="2024-03-21T13:07:08.855601" level="INFO">False</msg>
<arg>${json_data['results'][0]}</arg>
<arg>${key}</arg>
<doc>Fails if ``key`` is not found from ``dictionary``.</doc>
<status status="PASS" start="2024-03-21T13:07:08.855195" elapsed="0.000445"/>
</kw>
<kw name="Log" owner="BuiltIn">
<msg time="2024-03-21T13:07:08.856329" level="INFO">{'gender': 'female', 'name': {'title': 'Miss', 'first': 'Ilona', 'last': 'Niemela'}, 'location': {'street': {'number': 2389, 'name': 'Pyynikintie'}, 'city': 'Luvia', 'state': 'Uusimaa', 'country': 'Finland', 'postcode': 43342, 'coordinates': {'latitude': '-22.8696', 'longitude': '177.2455'}, 'timezone': {'offset': '-11:00', 'description': 'Midway Island, Samoa'}}, 'email': 'ilona.niemela@example.com', 'login': {'uuid': '69303a7e-5639-4e70-bcc9-d2e75fbcb3bb', 'username': 'organicswan232', 'password': 'santa', 'salt': 'ymK6CdpW', 'md5': '4fca8ef4c0c17455d66b71dd0d8b7d3a', 'sha1': 'd9a943779e131d7207c2359141b86e17cb7e380f', 'sha256': 'cbcdc6347200d97e5528f1d29dc93e3329b57f0b5ea02e5c51c26b0c8d91a84e'}, 'dob': {'date': '1995-07-18T15:11:54.138Z', 'age': 28}, 'registered': {'date': '2012-03-26T12:42:07.345Z', 'age': 11}, 'phone': '09-777-277', 'cell': '048-719-85-39', 'id': {'name': 'HETU', 'value': 'NaNNA598undefined'}, 'picture': {'large': 'https://randomuser.me/api/portraits/women/33.jpg', 'medium': 'https://randomuser.me/api/portraits/med/women/33.jpg', 'thumbnail': 'https://randomuser.me/api/portraits/thumb/women/33.jpg'}, 'nat': 'FI'}</msg>
<arg>${json_data['results'][0]}</arg>
<doc>Logs the given message with the given level.</doc>
<status status="PASS" start="2024-03-21T13:07:08.855940" elapsed="0.000439"/>
</kw>
<kw name="Log" owner="BuiltIn">
<msg time="2024-03-21T13:07:08.856841" level="INFO">gender</msg>
<arg>${key}</arg>
<doc>Logs the given message with the given level.</doc>
<status status="PASS" start="2024-03-21T13:07:08.856708" elapsed="0.000172"/>
</kw>
<var name="${key}">gender</var>
<status status="PASS" start="2024-03-21T13:07:08.855071" elapsed="0.002029"/>
</iter>
<iter>
<kw name="Dictionary Should Contain Key" owner="Collections">
<msg time="2024-03-21T13:07:08.857787" level="INFO">False</msg>
<arg>${json_data['results'][0]}</arg>
<arg>${key}</arg>
<doc>Fails if ``key`` is not found from ``dictionary``.</doc>
<status status="PASS" start="2024-03-21T13:07:08.857402" elapsed="0.000424"/>
</kw>
<kw name="Log" owner="BuiltIn">
<msg time="2024-03-21T13:07:08.858511" level="INFO">{'gender': 'female', 'name': {'title': 'Miss', 'first': 'Ilona', 'last': 'Niemela'}, 'location': {'street': {'number': 2389, 'name': 'Pyynikintie'}, 'city': 'Luvia', 'state': 'Uusimaa', 'country': 'Finland', 'postcode': 43342, 'coordinates': {'latitude': '-22.8696', 'longitude': '177.2455'}, 'timezone': {'offset': '-11:00', 'description': 'Midway Island, Samoa'}}, 'email': 'ilona.niemela@example.com', 'login': {'uuid': '69303a7e-5639-4e70-bcc9-d2e75fbcb3bb', 'username': 'organicswan232', 'password': 'santa', 'salt': 'ymK6CdpW', 'md5': '4fca8ef4c0c17455d66b71dd0d8b7d3a', 'sha1': 'd9a943779e131d7207c2359141b86e17cb7e380f', 'sha256': 'cbcdc6347200d97e5528f1d29dc93e3329b57f0b5ea02e5c51c26b0c8d91a84e'}, 'dob': {'date': '1995-07-18T15:11:54.138Z', 'age': 28}, 'registered': {'date': '2012-03-26T12:42:07.345Z', 'age': 11}, 'phone': '09-777-277', 'cell': '048-719-85-39', 'id': {'name': 'HETU', 'value': 'NaNNA598undefined'}, 'picture': {'large': 'https://randomuser.me/api/portraits/women/33.jpg', 'medium': 'https://randomuser.me/api/portraits/med/women/33.jpg', 'thumbnail': 'https://randomuser.me/api/portraits/thumb/women/33.jpg'}, 'nat': 'FI'}</msg>
<arg>${json_data['results'][0]}</arg>
<doc>Logs the given message with the given level.</doc>
<status status="PASS" start="2024-03-21T13:07:08.858154" elapsed="0.000407"/>
</kw>
<kw name="Log" owner="BuiltIn">
<msg time="2024-03-21T13:07:08.858991" level="INFO">name</msg>
<arg>${key}</arg>
<doc>Logs the given message with the given level.</doc>
<status status="PASS" start="2024-03-21T13:07:08.858862" elapsed="0.000167"/>
</kw>
<var name="${key}">name</var>
<status status="PASS" start="2024-03-21T13:07:08.857289" elapsed="0.001962"/>
</iter>
<iter>
<kw name="Dictionary Should Contain Key" owner="Collections">
<msg time="2024-03-21T13:07:08.859925" level="INFO">False</msg>
<arg>${json_data['results'][0]}</arg>
<arg>${key}</arg>
<doc>Fails if ``key`` is not found from ``dictionary``.</doc>
<status status="PASS" start="2024-03-21T13:07:08.859538" elapsed="0.000425"/>
</kw>
<kw name="Log" owner="BuiltIn">
<msg time="2024-03-21T13:07:08.860648" level="INFO">{'gender': 'female', 'name': {'title': 'Miss', 'first': 'Ilona', 'last': 'Niemela'}, 'location': {'street': {'number': 2389, 'name': 'Pyynikintie'}, 'city': 'Luvia', 'state': 'Uusimaa', 'country': 'Finland', 'postcode': 43342, 'coordinates': {'latitude': '-22.8696', 'longitude': '177.2455'}, 'timezone': {'offset': '-11:00', 'description': 'Midway Island, Samoa'}}, 'email': 'ilona.niemela@example.com', 'login': {'uuid': '69303a7e-5639-4e70-bcc9-d2e75fbcb3bb', 'username': 'organicswan232', 'password': 'santa', 'salt': 'ymK6CdpW', 'md5': '4fca8ef4c0c17455d66b71dd0d8b7d3a', 'sha1': 'd9a943779e131d7207c2359141b86e17cb7e380f', 'sha256': 'cbcdc6347200d97e5528f1d29dc93e3329b57f0b5ea02e5c51c26b0c8d91a84e'}, 'dob': {'date': '1995-07-18T15:11:54.138Z', 'age': 28}, 'registered': {'date': '2012-03-26T12:42:07.345Z', 'age': 11}, 'phone': '09-777-277', 'cell': '048-719-85-39', 'id': {'name': 'HETU', 'value': 'NaNNA598undefined'}, 'picture': {'large': 'https://randomuser.me/api/portraits/women/33.jpg', 'medium': 'https://randomuser.me/api/portraits/med/women/33.jpg', 'thumbnail': 'https://randomuser.me/api/portraits/thumb/women/33.jpg'}, 'nat': 'FI'}</msg>
<arg>${json_data['results'][0]}</arg>
<doc>Logs the given message with the given level.</doc>
<status status="PASS" start="2024-03-21T13:07:08.860255" elapsed="0.000443"/>
</kw>
<kw name="Log" owner="BuiltIn">
<msg time="2024-03-21T13:07:08.861250" level="INFO">location</msg>
<arg>${key}</arg>
<doc>Logs the given message with the given level.</doc>
<status status="PASS" start="2024-03-21T13:07:08.860997" elapsed="0.000294"/>
</kw>
<var name="${key}">location</var>
<status status="PASS" start="2024-03-21T13:07:08.859429" elapsed="0.002085"/>
</iter>
<iter>
<kw name="Dictionary Should Contain Key" owner="Collections">
<msg time="2024-03-21T13:07:08.862177" level="INFO">False</msg>
<arg>${json_data['results'][0]}</arg>
<arg>${key}</arg>
<doc>Fails if ``key`` is not found from ``dictionary``.</doc>
<status status="PASS" start="2024-03-21T13:07:08.861802" elapsed="0.000413"/>
</kw>
<kw name="Log" owner="BuiltIn">
<msg time="2024-03-21T13:07:08.862865" level="INFO">{'gender': 'female', 'name': {'title': 'Miss', 'first': 'Ilona', 'last': 'Niemela'}, 'location': {'street': {'number': 2389, 'name': 'Pyynikintie'}, 'city': 'Luvia', 'state': 'Uusimaa', 'country': 'Finland', 'postcode': 43342, 'coordinates': {'latitude': '-22.8696', 'longitude': '177.2455'}, 'timezone': {'offset': '-11:00', 'description': 'Midway Island, Samoa'}}, 'email': 'ilona.niemela@example.com', 'login': {'uuid': '69303a7e-5639-4e70-bcc9-d2e75fbcb3bb', 'username': 'organicswan232', 'password': 'santa', 'salt': 'ymK6CdpW', 'md5': '4fca8ef4c0c17455d66b71dd0d8b7d3a', 'sha1': 'd9a943779e131d7207c2359141b86e17cb7e380f', 'sha256': 'cbcdc6347200d97e5528f1d29dc93e3329b57f0b5ea02e5c51c26b0c8d91a84e'}, 'dob': {'date': '1995-07-18T15:11:54.138Z', 'age': 28}, 'registered': {'date': '2012-03-26T12:42:07.345Z', 'age': 11}, 'phone': '09-777-277', 'cell': '048-719-85-39', 'id': {'name': 'HETU', 'value': 'NaNNA598undefined'}, 'picture': {'large': 'https://randomuser.me/api/portraits/women/33.jpg', 'medium': 'https://randomuser.me/api/portraits/med/women/33.jpg', 'thumbnail': 'https://randomuser.me/api/portraits/thumb/women/33.jpg'}, 'nat': 'FI'}</msg>
<arg>${json_data['results'][0]}</arg>
<doc>Logs the given message with the given level.</doc>
<status status="PASS" start="2024-03-21T13:07:08.862511" elapsed="0.000402"/>
</kw>
<kw name="Log" owner="BuiltIn">
<msg time="2024-03-21T13:07:08.863336" level="INFO">email</msg>
<arg>${key}</arg>
<doc>Logs the given message with the given level.</doc>
<status status="PASS" start="2024-03-21T13:07:08.863208" elapsed="0.000166"/>
</kw>
<var name="${key}">email</var>
<status status="PASS" start="2024-03-21T13:07:08.861689" elapsed="0.001903"/>
</iter>
<iter>
<kw name="Dictionary Should Contain Key" owner="Collections">
<msg time="2024-03-21T13:07:08.864266" level="INFO">False</msg>
<arg>${json_data['results'][0]}</arg>
<arg>${key}</arg>
<doc>Fails if ``key`` is not found from ``dictionary``.</doc>
<status status="PASS" start="2024-03-21T13:07:08.863876" elapsed="0.000428"/>
</kw>
<kw name="Log" owner="BuiltIn">
<msg time="2024-03-21T13:07:08.865005" level="INFO">{'gender': 'female', 'name': {'title': 'Miss', 'first': 'Ilona', 'last': 'Niemela'}, 'location': {'street': {'number': 2389, 'name': 'Pyynikintie'}, 'city': 'Luvia', 'state': 'Uusimaa', 'country': 'Finland', 'postcode': 43342, 'coordinates': {'latitude': '-22.8696', 'longitude': '177.2455'}, 'timezone': {'offset': '-11:00', 'description': 'Midway Island, Samoa'}}, 'email': 'ilona.niemela@example.com', 'login': {'uuid': '69303a7e-5639-4e70-bcc9-d2e75fbcb3bb', 'username': 'organicswan232', 'password': 'santa', 'salt': 'ymK6CdpW', 'md5': '4fca8ef4c0c17455d66b71dd0d8b7d3a', 'sha1': 'd9a943779e131d7207c2359141b86e17cb7e380f', 'sha256': 'cbcdc6347200d97e5528f1d29dc93e3329b57f0b5ea02e5c51c26b0c8d91a84e'}, 'dob': {'date': '1995-07-18T15:11:54.138Z', 'age': 28}, 'registered': {'date': '2012-03-26T12:42:07.345Z', 'age': 11}, 'phone': '09-777-277', 'cell': '048-719-85-39', 'id': {'name': 'HETU', 'value': 'NaNNA598undefined'}, 'picture': {'large': 'https://randomuser.me/api/portraits/women/33.jpg', 'medium': 'https://randomuser.me/api/portraits/med/women/33.jpg', 'thumbnail': 'https://randomuser.me/api/portraits/thumb/women/33.jpg'}, 'nat': 'FI'}</msg>
<arg>${json_data['results'][0]}</arg>
<doc>Logs the given message with the given level.</doc>
<status status="PASS" start="2024-03-21T13:07:08.864638" elapsed="0.000415"/>
</kw>
<kw name="Log" owner="BuiltIn">
<msg time="2024-03-21T13:07:08.865478" level="INFO">login</msg>
<arg>${key}</arg>
<doc>Logs the given message with the given level.</doc>
<status status="PASS" start="2024-03-21T13:07:08.865351" elapsed="0.000166"/>
</kw>
<var name="${key}">login</var>
<status status="PASS" start="2024-03-21T13:07:08.863766" elapsed="0.001993"/>
</iter>
<var>${key}</var>
<value>@{expected_keys}</value>
<status status="PASS" start="2024-03-21T13:07:08.854880" elapsed="0.011007"/>
</for>
<kw name="Create List" owner="BuiltIn">
<msg time="2024-03-21T13:07:08.866220" level="INFO">${expected_keysTwo} = ['username', 'password']</msg>
<var>${expected_keysTwo}</var>
<arg>username</arg>
<arg>password</arg>
<doc>Returns a list containing given items.</doc>
<status status="PASS" start="2024-03-21T13:07:08.866080" elapsed="0.000164"/>
</kw>
<for flavor="IN">
<iter>
<kw name="Dictionary Should Contain Key" owner="Collections">
<msg time="2024-03-21T13:07:08.867142" level="INFO">False</msg>
<arg>${json_data['results'][0]['login']}</arg>
<arg>${keyTwo}</arg>
<doc>Fails if ``key`` is not found from ``dictionary``.</doc>
<status status="PASS" start="2024-03-21T13:07:08.866755" elapsed="0.000426"/>
</kw>
<kw name="Dictionary Should Contain Key" owner="Collections">
<msg time="2024-03-21T13:07:08.867868" level="INFO">False</msg>
<arg>${json_data['results'][0]['login']}</arg>
<arg>${keyTwo}</arg>
<doc>Fails if ``key`` is not found from ``dictionary``.</doc>
<status status="PASS" start="2024-03-21T13:07:08.867479" elapsed="0.000427"/>
</kw>
<kw name="Log" owner="BuiltIn">
<msg time="2024-03-21T13:07:08.868331" level="INFO">username</msg>
<arg>${keyTwo}</arg>
<doc>Logs the given message with the given level.</doc>
<status status="PASS" start="2024-03-21T13:07:08.868202" elapsed="0.000168"/>
</kw>
<var name="${keyTwo}">username</var>
<status status="PASS" start="2024-03-21T13:07:08.866647" elapsed="0.001966"/>
</iter>
<iter>
<kw name="Dictionary Should Contain Key" owner="Collections">
<msg time="2024-03-21T13:07:08.869294" level="INFO">False</msg>
<arg>${json_data['results'][0]['login']}</arg>
<arg>${keyTwo}</arg>
<doc>Fails if ``key`` is not found from ``dictionary``.</doc>
<status status="PASS" start="2024-03-21T13:07:08.868908" elapsed="0.000425"/>
</kw>
<kw name="Dictionary Should Contain Key" owner="Collections">
<msg time="2024-03-21T13:07:08.870007" level="INFO">False</msg>
<arg>${json_data['results'][0]['login']}</arg>
<arg>${keyTwo}</arg>
<doc>Fails if ``key`` is not found from ``dictionary``.</doc>
<status status="PASS" start="2024-03-21T13:07:08.869627" elapsed="0.000416"/>
</kw>
<kw name="Log" owner="BuiltIn">
<msg time="2024-03-21T13:07:08.870465" level="INFO">password</msg>
<arg>${keyTwo}</arg>
<doc>Logs the given message with the given level.</doc>
<status status="PASS" start="2024-03-21T13:07:08.870337" elapsed="0.000167"/>
</kw>
<var name="${keyTwo}">password</var>
<status status="PASS" start="2024-03-21T13:07:08.868797" elapsed="0.001922"/>
</iter>
<var>${keyTwo}</var>
<value>@{expected_keysTwo}</value>
<status status="PASS" start="2024-03-21T13:07:08.866491" elapsed="0.004351"/>
</for>
<status status="PASS" start="2024-03-21T13:07:08.724798" elapsed="0.146184"/>
</kw>
<doc>Testa a estrutura da resposta da API.</doc>
<tag>testeEstruturaResposta</tag>
<status status="PASS" start="2024-03-21T13:07:08.724268" elapsed="0.146875"/>
</test>
<test id="s1-s1-t4" name="Validar tipos de dados" line="37">
<kw name="Teste de Tipos de Dados" owner="random-user-service">
<kw name="GET On Session" owner="RequestsLibrary">
<msg time="2024-03-21T13:07:08.917560" level="INFO">GET Request : url=https://randomuser.me/api 
 path_url=/api 
 headers={'User-Agent': 'python-requests/2.31.0', 'Accept-Encoding': 'gzip, deflate', 'Accept': '*/*', 'Connection': 'keep-alive'} 
 body=None 
 </msg>
<msg time="2024-03-21T13:07:08.917636" level="INFO">GET Response : url=https://randomuser.me/api 
 status=200, reason=OK 
 headers={'Date': 'Thu, 21 Mar 2024 13:07:08 GMT', 'Content-Type': 'application/json; charset=utf-8', 'Transfer-Encoding': 'chunked', 'Connection': 'keep-alive', 'X-Powered-By': 'Express', 'Access-Control-Allow-Origin': '*', 'Cache-Control': 'no-cache', 'ETag': 'W/"49b-FtZ1GPss55xu8G6Y1EcOB3ou7qo"', 'Vary': 'Accept-Encoding', 'Content-Encoding': 'gzip', 'CF-Cache-Status': 'DYNAMIC', 'Report-To': '{"endpoints":[{"url":"https:\\/\\/a.nel.cloudflare.com\\/report\\/v4?s=r29KQaJIYucLBH6QU7zwLEmw2QfXWScEA1iRzUlghbz7iN0qZwwrwaFU5R4hu2dGi62MzVsD%2Bcrh4dMka44sKowr0YSkuk%2FnqquG5NviJ5MSTpzJsMrMfQX5ukwUF13L"}],"group":"cf-nel","max_age":604800}', 'NEL': '{"success_fraction":0,"report_to":"cf-nel","max_age":604800}', 'Server': 'cloudflare', 'CF-RAY': '867e29cc7a996399-ORD', 'alt-svc': 'h3=":443"; ma=86400'} 
 body={"results":[{"gender":"male","name":{"title":"Mr","first":"Paul","last":"Moore"},"location":{"street":{"number":7391,"name":"W Gray St"},"city":"Woodbridge","state":"California","country":"United States","postcode":53630,"coordinates":{"latitude":"81.8749","longitude":"-74.4217"},"timezone":{"offset":"0:00","description":"Western Europe Time, London, Lisbon, Casablanca"}},"email":"paul.moore@example.com","login":{"uuid":"c97bef17-b43d-41ad-bf6f-2e378eafaac5","username":"greenzebra258","password":"xerxes","salt":"Uqo1dOZR","md5":"7cb783cfab6ec8b3a76e9d965d0e30d1","sha1":"584743a741779f961729c59d96d3c54cc0caf306","sha256":"8df22c823104bc4ecfda590bb0153347b10e97af7fcc3fb3e812e83148e2284f"},"dob":{"date":"1997-04-14T17:25:31.983Z","age":26},"registered":{"date":"2006-10-22T06:41:20.399Z","age":17},"phone":"(686) 966-7362","cell":"(343) 616-9520","id":{"name":"SSN","value":"086-20-0901"},"picture":{"large":"https://randomuser.me/api/portraits/men/48.jpg","medium":"https://randomuser.me/api/portraits/med/men/48.jpg","thumbnail":"https://randomuser.me/api/portraits/thumb/men/48.jpg"},"nat":"US"}],"info":{"seed":"cb177bdbbdebb93f","results":1,"page":1,"version":"1.4"}} 
 </msg>
<msg time="2024-03-21T13:07:08.917692" level="INFO">/opt/hostedtoolcache/Python/3.12.2/x64/lib/python3.12/site-packages/urllib3/connectionpool.py:1103: InsecureRequestWarning: Unverified HTTPS request is being made to host 'randomuser.me'. Adding certificate verification is strongly advised. See: https://urllib3.readthedocs.io/en/latest/advanced-usage.html#tls-warnings
  warnings.warn(</msg>
<msg time="2024-03-21T13:07:08.917779" level="INFO">${response} = &lt;Response [200]&gt;</msg>
<var>${response}</var>
<arg>consultarAPI</arg>
<arg>/api</arg>
<doc>Sends a GET request on a previously created HTTP Session.</doc>
<status status="PASS" start="2024-03-21T13:07:08.873657" elapsed="0.044162"/>
</kw>
<kw name="Set Variable" owner="BuiltIn">
<msg time="2024-03-21T13:07:08.918881" level="INFO">${json_data} = {'results': [{'gender': 'male', 'name': {'title': 'Mr', 'first': 'Paul', 'last': 'Moore'}, 'location': {'street': {'number': 7391, 'name': 'W Gray St'}, 'city': 'Woodbridge', 'state': 'California', 'c...</msg>
<var>${json_data}</var>
<arg>${response.json()}</arg>
<doc>Returns the given values which can then be assigned to a variables.</doc>
<status status="PASS" start="2024-03-21T13:07:08.918307" elapsed="0.000604"/>
</kw>
<kw name="Log" owner="BuiltIn">
<msg time="2024-03-21T13:07:08.919373" level="INFO">{'results': [{'gender': 'male', 'name': {'title': 'Mr', 'first': 'Paul', 'last': 'Moore'}, 'location': {'street': {'number': 7391, 'name': 'W Gray St'}, 'city': 'Woodbridge', 'state': 'California', 'country': 'United States', 'postcode': 53630, 'coordinates': {'latitude': '81.8749', 'longitude': '-74.4217'}, 'timezone': {'offset': '0:00', 'description': 'Western Europe Time, London, Lisbon, Casablanca'}}, 'email': 'paul.moore@example.com', 'login': {'uuid': 'c97bef17-b43d-41ad-bf6f-2e378eafaac5', 'username': 'greenzebra258', 'password': 'xerxes', 'salt': 'Uqo1dOZR', 'md5': '7cb783cfab6ec8b3a76e9d965d0e30d1', 'sha1': '584743a741779f961729c59d96d3c54cc0caf306', 'sha256': '8df22c823104bc4ecfda590bb0153347b10e97af7fcc3fb3e812e83148e2284f'}, 'dob': {'date': '1997-04-14T17:25:31.983Z', 'age': 26}, 'registered': {'date': '2006-10-22T06:41:20.399Z', 'age': 17}, 'phone': '(686) 966-7362', 'cell': '(343) 616-9520', 'id': {'name': 'SSN', 'value': '086-20-0901'}, 'picture': {'large': 'https://randomuser.me/api/portraits/men/48.jpg', 'medium': 'https://randomuser.me/api/portraits/med/men/48.jpg', 'thumbnail': 'https://randomuser.me/api/portraits/thumb/men/48.jpg'}, 'nat': 'US'}], 'info': {'seed': 'cb177bdbbdebb93f', 'results': 1, 'page': 1, 'version': '1.4'}}</msg>
<arg>${json_data}</arg>
<doc>Logs the given message with the given level.</doc>
<status status="PASS" start="2024-03-21T13:07:08.919220" elapsed="0.000237"/>
</kw>
<kw name="Should Be String" owner="String">
<arg>${json_data['results'][0]['gender']}</arg>
<doc>Fails if the given ``item`` is not a string.</doc>
<status status="PASS" start="2024-03-21T13:07:08.919755" elapsed="0.000361"/>
</kw>
<kw name="Should Match Regexp" owner="BuiltIn">
<arg>${json_data['results'][0]['email']}</arg>
<arg>^[a-zA-Z0-9._%+-]+@[a-zA-Z0-9.-]+\.[a-zA-Z]{2,}$</arg>
<doc>Fails if ``string`` does not match ``pattern`` as a regular expression.</doc>
<status status="PASS" start="2024-03-21T13:07:08.920307" elapsed="0.000568"/>
</kw>
<kw name="Should Match Regexp" owner="BuiltIn">
<arg>${json_data['results'][0]['dob']['date']}</arg>
<arg>\\d{4}-\\d{2}-\\d{2}T\\d{2}:\\d{2}:\\d{2}\\.\\d{3}Z</arg>
<doc>Fails if ``string`` does not match ``pattern`` as a regular expression.</doc>
<status status="PASS" start="2024-03-21T13:07:08.921094" elapsed="0.000613"/>
</kw>
<kw name="Should Match Regexp" owner="BuiltIn">
<arg>${json_data['results'][0]['registered']['date']}</arg>
<arg>\\d{4}-\\d{2}-\\d{2}T\\d{2}:\\d{2}:\\d{2}\\.\\d{3}Z</arg>
<doc>Fails if ``string`` does not match ``pattern`` as a regular expression.</doc>
<status status="PASS" start="2024-03-21T13:07:08.921902" elapsed="0.000374"/>
</kw>
<kw name="Should Match Regexp" owner="BuiltIn">
<arg>${json_data['results'][0]['picture']['large']}</arg>
<arg>^https?://.*\.(?:png|jpe?g|gif|bmp)$</arg>
<doc>Fails if ``string`` does not match ``pattern`` as a regular expression.</doc>
<status status="PASS" start="2024-03-21T13:07:08.922462" elapsed="0.000456"/>
</kw>
<kw name="Should Match Regexp" owner="BuiltIn">
<arg>${json_data['results'][0]['picture']['medium']}</arg>
<arg>^https?://.*\.(?:png|jpe?g|gif|bmp)$</arg>
<doc>Fails if ``string`` does not match ``pattern`` as a regular expression.</doc>
<status status="PASS" start="2024-03-21T13:07:08.923108" elapsed="0.000349"/>
</kw>
<kw name="Should Match Regexp" owner="BuiltIn">
<arg>${json_data['results'][0]['picture']['thumbnail']}</arg>
<arg>^https?://.*\.(?:png|jpe?g|gif|bmp)$</arg>
<doc>Fails if ``string`` does not match ``pattern`` as a regular expression.</doc>
<status status="PASS" start="2024-03-21T13:07:08.923644" elapsed="0.000348"/>
</kw>
<kw name="Log" owner="BuiltIn">
<msg time="2024-03-21T13:07:08.924496" level="INFO">{'large': 'https://randomuser.me/api/portraits/men/48.jpg', 'medium': 'https://randomuser.me/api/portraits/med/men/48.jpg', 'thumbnail': 'https://randomuser.me/api/portraits/thumb/men/48.jpg'}</msg>
<arg>${json_data['results'][0]['picture']}</arg>
<doc>Logs the given message with the given level.</doc>
<status status="PASS" start="2024-03-21T13:07:08.924173" elapsed="0.000364"/>
</kw>
<status status="PASS" start="2024-03-21T13:07:08.873433" elapsed="0.051391"/>
</kw>
<kw name="Teste de Tipos de Dados - Postcode" owner="random-user-service">
<kw name="GET On Session" owner="RequestsLibrary">
<msg time="2024-03-21T13:07:09.018259" level="INFO">GET Request : url=https://randomuser.me/api 
 path_url=/api 
 headers={'User-Agent': 'python-requests/2.31.0', 'Accept-Encoding': 'gzip, deflate', 'Accept': '*/*', 'Connection': 'keep-alive'} 
 body=None 
 </msg>
<msg time="2024-03-21T13:07:09.018337" level="INFO">GET Response : url=https://randomuser.me/api 
 status=200, reason=OK 
 headers={'Date': 'Thu, 21 Mar 2024 13:07:09 GMT', 'Content-Type': 'application/json; charset=utf-8', 'Transfer-Encoding': 'chunked', 'Connection': 'keep-alive', 'X-Powered-By': 'Express', 'Access-Control-Allow-Origin': '*', 'Cache-Control': 'no-cache', 'ETag': 'W/"47f-CpcR0JYQmrAIe7+eCIoZrjszozA"', 'Vary': 'Accept-Encoding', 'Content-Encoding': 'gzip', 'CF-Cache-Status': 'DYNAMIC', 'Report-To': '{"endpoints":[{"url":"https:\\/\\/a.nel.cloudflare.com\\/report\\/v4?s=S4ELb8rx7%2F1SblO8v9sPNAi8qqbqPWQ%2BBQzxvZuljctspyrN05Dc2uCfx5heD%2BsJm5IgfXT6uVQUJj%2FMiL8TBXEJQe0z9oAayInu31Cvpwr209X6R3lIu7zVe%2Fm%2BDMzn"}],"group":"cf-nel","max_age":604800}', 'NEL': '{"success_fraction":0,"report_to":"cf-nel","max_age":604800}', 'Server': 'cloudflare', 'CF-RAY': '867e29cccafe6399-ORD', 'alt-svc': 'h3=":443"; ma=86400'} 
 body={"results":[{"gender":"female","name":{"title":"Ms","first":"Andrea","last":"Obrien"},"location":{"street":{"number":9859,"name":"Grafton Street"},"city":"Cavan","state":"Cork City","country":"Ireland","postcode":14622,"coordinates":{"latitude":"-2.4824","longitude":"163.7424"},"timezone":{"offset":"-11:00","description":"Midway Island, Samoa"}},"email":"andrea.obrien@example.com","login":{"uuid":"1ae0f332-0f79-4a47-84bd-8cdc1650f57b","username":"smallleopard823","password":"qqqqq","salt":"8EKPqBWq","md5":"f51c1cf8acd81ad9a97ae2434eca0395","sha1":"343d0f272e6f615e2f74195dc5437c0dbeba52b7","sha256":"8dd5cab950339a29370d720e4fd3c8184b8658b582ae713306763a7f7f2049ca"},"dob":{"date":"1991-09-26T15:52:36.136Z","age":32},"registered":{"date":"2018-03-31T13:18:11.119Z","age":5},"phone":"031-309-3464","cell":"081-143-4061","id":{"name":"PPS","value":"7922266T"},"picture":{"large":"https://randomuser.me/api/portraits/women/8.jpg","medium":"https://randomuser.me/api/portraits/med/women/8.jpg","thumbnail":"https://randomuser.me/api/portraits/thumb/women/8.jpg"},"nat":"IE"}],"info":{"seed":"e0f54e7b22ffdc61","results":1,"page":1,"version":"1.4"}} 
 </msg>
<msg time="2024-03-21T13:07:09.018402" level="INFO">/opt/hostedtoolcache/Python/3.12.2/x64/lib/python3.12/site-packages/urllib3/connectionpool.py:1103: InsecureRequestWarning: Unverified HTTPS request is being made to host 'randomuser.me'. Adding certificate verification is strongly advised. See: https://urllib3.readthedocs.io/en/latest/advanced-usage.html#tls-warnings
  warnings.warn(</msg>
<msg time="2024-03-21T13:07:09.018526" level="INFO">${response} = &lt;Response [200]&gt;</msg>
<var>${response}</var>
<arg>consultarAPI</arg>
<arg>/api</arg>
<doc>Sends a GET request on a previously created HTTP Session.</doc>
<status status="PASS" start="2024-03-21T13:07:08.925268" elapsed="0.093304"/>
</kw>
<kw name="Set Variable" owner="BuiltIn">
<msg time="2024-03-21T13:07:09.019627" level="INFO">${json_data} = {'results': [{'gender': 'female', 'name': {'title': 'Ms', 'first': 'Andrea', 'last': 'Obrien'}, 'location': {'street': {'number': 9859, 'name': 'Grafton Street'}, 'city': 'Cavan', 'state': 'Cork City'...</msg>
<var>${json_data}</var>
<arg>${response.json()}</arg>
<doc>Returns the given values which can then be assigned to a variables.</doc>
<status status="PASS" start="2024-03-21T13:07:09.019075" elapsed="0.000579"/>
</kw>
<kw name="Log" owner="BuiltIn">
<msg time="2024-03-21T13:07:09.020111" level="INFO">{'results': [{'gender': 'female', 'name': {'title': 'Ms', 'first': 'Andrea', 'last': 'Obrien'}, 'location': {'street': {'number': 9859, 'name': 'Grafton Street'}, 'city': 'Cavan', 'state': 'Cork City', 'country': 'Ireland', 'postcode': 14622, 'coordinates': {'latitude': '-2.4824', 'longitude': '163.7424'}, 'timezone': {'offset': '-11:00', 'description': 'Midway Island, Samoa'}}, 'email': 'andrea.obrien@example.com', 'login': {'uuid': '1ae0f332-0f79-4a47-84bd-8cdc1650f57b', 'username': 'smallleopard823', 'password': 'qqqqq', 'salt': '8EKPqBWq', 'md5': 'f51c1cf8acd81ad9a97ae2434eca0395', 'sha1': '343d0f272e6f615e2f74195dc5437c0dbeba52b7', 'sha256': '8dd5cab950339a29370d720e4fd3c8184b8658b582ae713306763a7f7f2049ca'}, 'dob': {'date': '1991-09-26T15:52:36.136Z', 'age': 32}, 'registered': {'date': '2018-03-31T13:18:11.119Z', 'age': 5}, 'phone': '031-309-3464', 'cell': '081-143-4061', 'id': {'name': 'PPS', 'value': '7922266T'}, 'picture': {'large': 'https://randomuser.me/api/portraits/women/8.jpg', 'medium': 'https://randomuser.me/api/portraits/med/women/8.jpg', 'thumbnail': 'https://randomuser.me/api/portraits/thumb/women/8.jpg'}, 'nat': 'IE'}], 'info': {'seed': 'e0f54e7b22ffdc61', 'results': 1, 'page': 1, 'version': '1.4'}}</msg>
<arg>${json_data}</arg>
<doc>Logs the given message with the given level.</doc>
<status status="PASS" start="2024-03-21T13:07:09.019960" elapsed="0.000228"/>
</kw>
<kw name="Should Be Equal As Numbers" owner="BuiltIn">
<arg>${json_data['results'][0]['location']['postcode']}</arg>
<arg>${json_data['results'][0]['location']['postcode']}</arg>
<doc>Fails if objects are unequal after converting them to real numbers.</doc>
<status status="PASS" start="2024-03-21T13:07:09.020496" elapsed="0.000659"/>
</kw>
<kw name="Log" owner="BuiltIn">
<msg time="2024-03-21T13:07:09.021700" level="INFO">14622</msg>
<arg>${json_data['results'][0]['location']['postcode']}</arg>
<doc>Logs the given message with the given level.</doc>
<status status="PASS" start="2024-03-21T13:07:09.021356" elapsed="0.000386"/>
</kw>
<status status="PASS" start="2024-03-21T13:07:08.925044" elapsed="0.096957"/>
</kw>
<doc>Testa se os tipos de dados na resposta da API estão corretos.</doc>
<tag>testeTiposDados</tag>
<status status="PASS" start="2024-03-21T13:07:08.872968" elapsed="0.149201"/>
</test>
<test id="s1-s1-t5" name="Validar conteudo" line="44">
<kw name="Teste de Tipos de Conteudo" owner="random-user-service">
<kw name="GET On Session" owner="RequestsLibrary">
<msg time="2024-03-21T13:07:09.117341" level="INFO">GET Request : url=https://randomuser.me/api 
 path_url=/api 
 headers={'User-Agent': 'python-requests/2.31.0', 'Accept-Encoding': 'gzip, deflate', 'Accept': '*/*', 'Connection': 'keep-alive'} 
 body=None 
 </msg>
<msg time="2024-03-21T13:07:09.117429" level="INFO">GET Response : url=https://randomuser.me/api 
 status=200, reason=OK 
 headers={'Date': 'Thu, 21 Mar 2024 13:07:09 GMT', 'Content-Type': 'application/json; charset=utf-8', 'Transfer-Encoding': 'chunked', 'Connection': 'keep-alive', 'X-Powered-By': 'Express', 'Access-Control-Allow-Origin': '*', 'Cache-Control': 'no-cache', 'ETag': 'W/"48b-2/nOT+UjK56bu8+2YDGcHHlfWkk"', 'Vary': 'Accept-Encoding', 'Content-Encoding': 'gzip', 'CF-Cache-Status': 'DYNAMIC', 'Report-To': '{"endpoints":[{"url":"https:\\/\\/a.nel.cloudflare.com\\/report\\/v4?s=y%2BaSSKXJqwWqUoo9%2BxnLVlcFb8dx4de6jT4HuNW8qw1gld2%2BRXHrft5ePNKtGalnRbjIKipS5q21YFnvTA5VpG2U4q%2FotaB7x2Fq99KLzjIohKcP8f7dFP4JEBwcpb3L"}],"group":"cf-nel","max_age":604800}', 'NEL': '{"success_fraction":0,"report_to":"cf-nel","max_age":604800}', 'Server': 'cloudflare', 'CF-RAY': '867e29cd6bef6399-ORD', 'alt-svc': 'h3=":443"; ma=86400'} 
 body={"results":[{"gender":"male","name":{"title":"Mr","first":"Arlo","last":"Lewis"},"location":{"street":{"number":8079,"name":"Saint Aubyn Street"},"city":"Taupo","state":"Auckland","country":"New Zealand","postcode":67870,"coordinates":{"latitude":"49.2703","longitude":"-111.8667"},"timezone":{"offset":"+5:00","description":"Ekaterinburg, Islamabad, Karachi, Tashkent"}},"email":"arlo.lewis@example.com","login":{"uuid":"17accb0a-1a46-4d41-974f-31a26dbbb6db","username":"crazyzebra313","password":"jimbo1","salt":"gPpyZshM","md5":"98fdb9165a9770b3a1f1c02cf008107c","sha1":"37c215e504ef5dc3d588c829521b9938a01d9bce","sha256":"4b970c347cb51d070513f2a1eb668f4160dddfa56301b2b55c6b7a4ddada3f80"},"dob":{"date":"1948-06-10T03:20:49.029Z","age":75},"registered":{"date":"2016-01-29T08:09:15.898Z","age":8},"phone":"(387)-774-8793","cell":"(715)-057-2670","id":{"name":"","value":null},"picture":{"large":"https://randomuser.me/api/portraits/men/13.jpg","medium":"https://randomuser.me/api/portraits/med/men/13.jpg","thumbnail":"https://randomuser.me/api/portraits/thumb/men/13.jpg"},"nat":"NZ"}],"info":{"seed":"742ab76fcd212060","results":1,"page":1,"version":"1.4"}} 
 </msg>
<msg time="2024-03-21T13:07:09.117498" level="INFO">/opt/hostedtoolcache/Python/3.12.2/x64/lib/python3.12/site-packages/urllib3/connectionpool.py:1103: InsecureRequestWarning: Unverified HTTPS request is being made to host 'randomuser.me'. Adding certificate verification is strongly advised. See: https://urllib3.readthedocs.io/en/latest/advanced-usage.html#tls-warnings
  warnings.warn(</msg>
<msg time="2024-03-21T13:07:09.117626" level="INFO">${response} = &lt;Response [200]&gt;</msg>
<var>${response}</var>
<arg>consultarAPI</arg>
<arg>/api</arg>
<doc>Sends a GET request on a previously created HTTP Session.</doc>
<status status="PASS" start="2024-03-21T13:07:09.025012" elapsed="0.092664"/>
</kw>
<kw name="Set Variable" owner="BuiltIn">
<msg time="2024-03-21T13:07:09.118805" level="INFO">${json_data} = {'results': [{'gender': 'male', 'name': {'title': 'Mr', 'first': 'Arlo', 'last': 'Lewis'}, 'location': {'street': {'number': 8079, 'name': 'Saint Aubyn Street'}, 'city': 'Taupo', 'state': 'Auckland', ...</msg>
<var>${json_data}</var>
<arg>${response.json()}</arg>
<doc>Returns the given values which can then be assigned to a variables.</doc>
<status status="PASS" start="2024-03-21T13:07:09.118235" elapsed="0.000599"/>
</kw>
<kw name="Set Variable" owner="BuiltIn">
<msg time="2024-03-21T13:07:09.119537" level="INFO">${name_title} = Mr</msg>
<var>${name_title}</var>
<arg>${json_data["results"][0]["name"]["title"]}</arg>
<doc>Returns the given values which can then be assigned to a variables.</doc>
<status status="PASS" start="2024-03-21T13:07:09.119156" elapsed="0.000406"/>
</kw>
<kw name="Create List" owner="BuiltIn">
<msg time="2024-03-21T13:07:09.120005" level="INFO">${allowed_titles} = ['Mr', 'Ms', 'Miss', 'Mrs', 'Madame', 'Monsieur']</msg>
<var>${allowed_titles}</var>
<arg>Mr</arg>
<arg>Ms</arg>
<arg>Miss</arg>
<arg>Mrs</arg>
<arg>Madame</arg>
<arg>Monsieur</arg>
<doc>Returns a list containing given items.</doc>
<status status="PASS" start="2024-03-21T13:07:09.119856" elapsed="0.000173"/>
</kw>
<kw name="List Should Contain Value" owner="Collections">
<msg time="2024-03-21T13:07:09.120530" level="INFO">False</msg>
<arg>${allowed_titles}</arg>
<arg>${name_title}</arg>
<doc>Fails if the ``value`` is not found from ``list``.</doc>
<status status="PASS" start="2024-03-21T13:07:09.120349" elapsed="0.000218"/>
</kw>
<kw name="Set Variable" owner="BuiltIn">
<msg time="2024-03-21T13:07:09.121275" level="INFO">${name_country} = NZ</msg>
<var>${name_country}</var>
<arg>${json_data["results"][0]["nat"]}</arg>
<doc>Returns the given values which can then be assigned to a variables.</doc>
<status status="PASS" start="2024-03-21T13:07:09.120898" elapsed="0.000401"/>
</kw>
<kw name="Create List" owner="BuiltIn">
<msg time="2024-03-21T13:07:09.122195" level="INFO">${list_country} = ['AD', 'AE', 'AF', 'AG', 'AI', 'AL', 'AM', 'AO', 'AQ', 'AR', 'AS', 'AT', 'AU', 'AW', 'AX', 'AZ', 'BA', 'BB', 'BD', 'BE', 'BF', 'BG', 'BH', 'BI', 'BJ', 'BL', 'BM', 'BN', 'BO', 'BQ', 'BR', 'BS', 'BT', '...</msg>
<var>${list_country}</var>
<arg>AD</arg>
<arg>AE</arg>
<arg>AF</arg>
<arg>AG</arg>
<arg>AI</arg>
<arg>AL</arg>
<arg>AM</arg>
<arg>AO</arg>
<arg>AQ</arg>
<arg>AR</arg>
<arg>AS</arg>
<arg>AT</arg>
<arg>AU</arg>
<arg>AW</arg>
<arg>AX</arg>
<arg>AZ</arg>
<arg>BA</arg>
<arg>BB</arg>
<arg>BD</arg>
<arg>BE</arg>
<arg>BF</arg>
<arg>BG</arg>
<arg>BH</arg>
<arg>BI</arg>
<arg>BJ</arg>
<arg>BL</arg>
<arg>BM</arg>
<arg>BN</arg>
<arg>BO</arg>
<arg>BQ</arg>
<arg>BR</arg>
<arg>BS</arg>
<arg>BT</arg>
<arg>BV</arg>
<arg>BW</arg>
<arg>BY</arg>
<arg>BZ</arg>
<arg>CA</arg>
<arg>CC</arg>
<arg>CD</arg>
<arg>CF</arg>
<arg>CG</arg>
<arg>CH</arg>
<arg>CI</arg>
<arg>CK</arg>
<arg>CL</arg>
<arg>CM</arg>
<arg>CN</arg>
<arg>CO</arg>
<arg>CR</arg>
<arg>CU</arg>
<arg>CV</arg>
<arg>CW</arg>
<arg>CX</arg>
<arg>CY</arg>
<arg>CZ</arg>
<arg>DE</arg>
<arg>DJ</arg>
<arg>DK</arg>
<arg>DM</arg>
<arg>DO</arg>
<arg>DZ</arg>
<arg>EC</arg>
<arg>EE</arg>
<arg>EG</arg>
<arg>EH</arg>
<arg>ER</arg>
<arg>ES</arg>
<arg>ET</arg>
<arg>FI</arg>
<arg>FJ</arg>
<arg>FK</arg>
<arg>FM</arg>
<arg>FO</arg>
<arg>FR</arg>
<arg>GA</arg>
<arg>GB</arg>
<arg>GD</arg>
<arg>GE</arg>
<arg>GF</arg>
<arg>GG</arg>
<arg>GH</arg>
<arg>GI</arg>
<arg>GL</arg>
<arg>GM</arg>
<arg>GN</arg>
<arg>GP</arg>
<arg>GQ</arg>
<arg>GR</arg>
<arg>GS</arg>
<arg>GT</arg>
<arg>GU</arg>
<arg>GW</arg>
<arg>GY</arg>
<arg>HK</arg>
<arg>HM</arg>
<arg>HN</arg>
<arg>HR</arg>
<arg>HT</arg>
<arg>HU</arg>
<arg>ID</arg>
<arg>IE</arg>
<arg>IL</arg>
<arg>IM</arg>
<arg>IN</arg>
<arg>IO</arg>
<arg>IQ</arg>
<arg>IR</arg>
<arg>IS</arg>
<arg>IT</arg>
<arg>JE</arg>
<arg>JM</arg>
<arg>JO</arg>
<arg>JP</arg>
<arg>KE</arg>
<arg>KG</arg>
<arg>KH</arg>
<arg>KI</arg>
<arg>KM</arg>
<arg>KN</arg>
<arg>KP</arg>
<arg>KR</arg>
<arg>KW</arg>
<arg>KY</arg>
<arg>KZ</arg>
<arg>LA</arg>
<arg>LB</arg>
<arg>LC</arg>
<arg>LI</arg>
<arg>LK</arg>
<arg>LR</arg>
<arg>LS</arg>
<arg>LT</arg>
<arg>LU</arg>
<arg>LV</arg>
<arg>LY</arg>
<arg>MA</arg>
<arg>MC</arg>
<arg>MD</arg>
<arg>ME</arg>
<arg>MF</arg>
<arg>MG</arg>
<arg>MH</arg>
<arg>MK</arg>
<arg>ML</arg>
<arg>MM</arg>
<arg>MN</arg>
<arg>MO</arg>
<arg>MP</arg>
<arg>MQ</arg>
<arg>MR</arg>
<arg>MS</arg>
<arg>MT</arg>
<arg>MU</arg>
<arg>MV</arg>
<arg>MW</arg>
<arg>MX</arg>
<arg>MY</arg>
<arg>MZ</arg>
<arg>NA</arg>
<arg>NC</arg>
<arg>NE</arg>
<arg>NF</arg>
<arg>NG</arg>
<arg>NI</arg>
<arg>NL</arg>
<arg>NO</arg>
<arg>NP</arg>
<arg>NR</arg>
<arg>NU</arg>
<arg>NZ</arg>
<arg>OM</arg>
<arg>PA</arg>
<arg>PE</arg>
<arg>PF</arg>
<arg>PG</arg>
<arg>PH</arg>
<arg>PK</arg>
<arg>PL</arg>
<arg>PM</arg>
<arg>PN</arg>
<arg>PR</arg>
<arg>PS</arg>
<arg>PT</arg>
<arg>PW</arg>
<arg>PY</arg>
<arg>QA</arg>
<arg>RE</arg>
<arg>RO</arg>
<arg>RS</arg>
<arg>RU</arg>
<arg>RW</arg>
<arg>SA</arg>
<arg>SB</arg>
<arg>SC</arg>
<arg>SD</arg>
<arg>SE</arg>
<arg>SG</arg>
<arg>SH</arg>
<arg>SI</arg>
<arg>SJ</arg>
<arg>SK</arg>
<arg>SL</arg>
<arg>SM</arg>
<arg>SN</arg>
<arg>SO</arg>
<arg>SR</arg>
<arg>SS</arg>
<arg>ST</arg>
<arg>SV</arg>
<arg>SX</arg>
<arg>SY</arg>
<arg>SZ</arg>
<arg>TC</arg>
<arg>TD</arg>
<arg>TF</arg>
<arg>TG</arg>
<arg>TH</arg>
<arg>TJ</arg>
<arg>TK</arg>
<arg>TL</arg>
<arg>TM</arg>
<arg>TN</arg>
<arg>TO</arg>
<arg>TR</arg>
<arg>TT</arg>
<arg>TV</arg>
<arg>TW</arg>
<arg>TZ</arg>
<arg>UA</arg>
<arg>UG</arg>
<arg>UM</arg>
<arg>US</arg>
<arg>UY</arg>
<arg>UZ</arg>
<arg>VA</arg>
<arg>VC</arg>
<arg>VE</arg>
<arg>VG</arg>
<arg>VI</arg>
<arg>VN</arg>
<arg>VU</arg>
<arg>WF</arg>
<arg>WS</arg>
<arg>XK</arg>
<arg>YE</arg>
<arg>YT</arg>
<arg>ZA</arg>
<arg>ZM</arg>
<arg>ZW</arg>
<doc>Returns a list containing given items.</doc>
<status status="PASS" start="2024-03-21T13:07:09.121601" elapsed="0.000620"/>
</kw>
<kw name="List Should Contain Value" owner="Collections">
<msg time="2024-03-21T13:07:09.123379" level="INFO">False</msg>
<arg>${list_country}</arg>
<arg>${name_country}</arg>
<doc>Fails if the ``value`` is not found from ``list``.</doc>
<status status="PASS" start="2024-03-21T13:07:09.123174" elapsed="0.000242"/>
</kw>
<kw name="Run Keyword If" owner="BuiltIn">
<kw name="Should Be True" owner="BuiltIn">
<arg>${True}</arg>
<doc>Fails if the given condition is not true.</doc>
<status status="PASS" start="2024-03-21T13:07:09.124477" elapsed="0.000174"/>
</kw>
<arg>${json_data["results"][0]["location"]["coordinates"]["latitude"]} &gt;= -90 and ${json_data["results"][0]["location"]["coordinates"]["latitude"]} &lt;= 90</arg>
<arg>Should Be True</arg>
<arg>${True}</arg>
<doc>Runs the given keyword with the given arguments, if ``condition`` is true.</doc>
<status status="PASS" start="2024-03-21T13:07:09.123727" elapsed="0.001058"/>
</kw>
<kw name="Run Keyword If" owner="BuiltIn">
<kw name="Should Be True" owner="BuiltIn">
<arg>${True}</arg>
<doc>Fails if the given condition is not true.</doc>
<status status="PASS" start="2024-03-21T13:07:09.125673" elapsed="0.000140"/>
</kw>
<arg>${json_data["results"][0]["location"]["coordinates"]["longitude"]} &gt;= -180 and ${json_data["results"][0]["location"]["coordinates"]["longitude"]} &lt;= 180</arg>
<arg>Should Be True</arg>
<arg>${True}</arg>
<doc>Runs the given keyword with the given arguments, if ``condition`` is true.</doc>
<status status="PASS" start="2024-03-21T13:07:09.124972" elapsed="0.000966"/>
</kw>
<status status="PASS" start="2024-03-21T13:07:09.024645" elapsed="0.101423"/>
</kw>
<doc>Testa o conteúdo específico dos campos retornados pela API.</doc>
<tag>testeConteudo</tag>
<status status="PASS" start="2024-03-21T13:07:09.023939" elapsed="0.102283"/>
</test>
<status status="PASS" start="2024-03-21T13:07:08.306853" elapsed="0.821308"/>
</suite>
<status status="PASS" start="2024-03-21T13:07:08.292939" elapsed="0.840581"/>
</suite>
<statistics>
<total>
<stat pass="5" fail="0" skip="0">All Tests</stat>
</total>
<tag>
<stat pass="1" fail="0" skip="0">testeConteudo</stat>
<stat pass="1" fail="0" skip="0">testeEstruturaResposta</stat>
<stat pass="1" fail="0" skip="0">testeRequisicaoBasica</stat>
<stat pass="1" fail="0" skip="0">testeTiposDados</stat>
</tag>
<suite>
<stat pass="5" fail="0" skip="0" id="s1" name="Tests">Tests</stat>
<stat pass="5" fail="0" skip="0" id="s1-s1" name="Random-User-Test">Tests.Random-User-Test</stat>
</suite>
</statistics>
<errors>
<msg time="2024-03-21T13:07:08.622715" level="WARN">Error in file '/home/runner/work/DesafioQAItauRogerioJordao/DesafioQAItauRogerioJordao/RamdonUser/Services/api-RandomUser/random-user-service.robot' on line 9: Singular section headers like '*** Variable ***' are deprecated. Use plural format like '*** Variables ***' instead.</msg>
<msg time="2024-03-21T13:07:08.630363" level="ERROR">Error in file '/home/runner/work/DesafioQAItauRogerioJordao/DesafioQAItauRogerioJordao/RamdonUser/config/base.robot' on line 8: Library '/home/runner/work/DesafioQAItauRogerioJordao/DesafioQAItauRogerioJordao/services/data/RandomUser.py' does not exist.</msg>
<msg time="2024-03-21T13:07:08.630529" level="ERROR">Error in file '/home/runner/work/DesafioQAItauRogerioJordao/DesafioQAItauRogerioJordao/RamdonUser/config/base.robot' on line 9: Resource file '/home/runner/work/DesafioQAItauRogerioJordao/DesafioQAItauRogerioJordao/services/api-RandomUser/random-user-service.robot' does not exist.</msg>
</errors>
</robot>
