<?xml version="1.0" encoding="UTF-8"?>
<robot generator="Robot 7.0 (Python 3.12.2 on linux)" generated="2024-04-11T13:15:05.392890" rpa="false" schemaversion="5">
<suite id="s1" name="Tests" source="/home/runner/work/DesafioQAItauRogerioJordao/DesafioQAItauRogerioJordao/RamdonUser/tests">
<suite id="s1-s1" name="Random-User-Test" source="/home/runner/work/DesafioQAItauRogerioJordao/DesafioQAItauRogerioJordao/RamdonUser/tests/random-user-test.robot">
<test id="s1-s1-t1" name="Conectar" line="13">
<kw name="Conectar API" owner="random-user-service">
<kw name="Create Session" owner="RequestsLibrary">
<msg time="2024-04-11T13:15:05.759240" level="INFO">Creating Session using : alias=consultarAPI, url=https://randomuser.me/, headers={},                     cookies={}, auth=None, timeout=None, proxies=None, verify=False,                     debug=0 </msg>
<arg>consultarAPI</arg>
<arg>${URL}</arg>
<doc>Create Session: create a HTTP session to a server</doc>
<status status="PASS" start="2024-04-11T13:15:05.759031" elapsed="0.000387"/>
</kw>
<status status="PASS" start="2024-04-11T13:15:05.757974" elapsed="0.001806"/>
</kw>
<status status="PASS" start="2024-04-11T13:15:05.757411" elapsed="0.002615"/>
</test>
<test id="s1-s1-t2" name="Validar retorno 200 e JSON Válido" line="16">
<kw name="Teste de Requisicao Basica" owner="random-user-service">
<kw name="GET On Session" owner="RequestsLibrary">
<msg time="2024-04-11T13:15:05.837275" level="INFO">GET Request : url=https://randomuser.me/api 
 path_url=/api 
 headers={'User-Agent': 'python-requests/2.31.0', 'Accept-Encoding': 'gzip, deflate', 'Accept': '*/*', 'Connection': 'keep-alive'} 
 body=None 
 </msg>
<msg time="2024-04-11T13:15:05.837413" level="INFO">GET Response : url=https://randomuser.me/api 
 status=200, reason=OK 
 headers={'Date': 'Thu, 11 Apr 2024 13:15:05 GMT', 'Content-Type': 'application/json; charset=utf-8', 'Transfer-Encoding': 'chunked', 'Connection': 'keep-alive', 'X-Powered-By': 'Express', 'Access-Control-Allow-Origin': '*', 'Cache-Control': 'no-cache', 'ETag': 'W/"49f-siRnAEs5jWh/Umw2WKYnZyjYvFo"', 'Vary': 'Accept-Encoding', 'Content-Encoding': 'gzip', 'CF-Cache-Status': 'DYNAMIC', 'Report-To': '{"endpoints":[{"url":"https:\\/\\/a.nel.cloudflare.com\\/report\\/v4?s=SZROXhboEdZ25X0ih%2B2AxEz7irOU0dA5f3G33ZL8OVet4obNuncki%2FaPBB21tidIb5nQA9NmtMScD284MUC1pZ7eBC52L1VK6VLV%2FhqjjESz2AmbIcApS7tGKBTe14H%2B"}],"group":"cf-nel","max_age":604800}', 'NEL': '{"success_fraction":0,"report_to":"cf-nel","max_age":604800}', 'Server': 'cloudflare', 'CF-RAY': '872b3e514ea65b53-IAD', 'alt-svc': 'h3=":443"; ma=86400'} 
 body={"results":[{"gender":"female","name":{"title":"Mrs","first":"Eva","last":"Jones"},"location":{"street":{"number":7974,"name":"Argyle St"},"city":"Inverness","state":"Newfoundland and Labrador","country":"Canada","postcode":"O5M 3Z2","coordinates":{"latitude":"-68.2418","longitude":"125.1580"},"timezone":{"offset":"+8:00","description":"Beijing, Perth, Singapore, Hong Kong"}},"email":"eva.jones@example.com","login":{"uuid":"77adc275-37c5-4509-83d9-c16becfc38b0","username":"organicrabbit201","password":"sugar","salt":"CXvvaKIn","md5":"a175d5db7085f381a20926130f3a3367","sha1":"1c98904ab5fcc3902fcffeb070465e4487a478cf","sha256":"ab3637c3fdfce0eee4afb5cdf88119cafdcc48c621219570cc836d1b2d8c854c"},"dob":{"date":"1968-07-14T03:25:31.725Z","age":55},"registered":{"date":"2016-09-24T16:13:38.618Z","age":7},"phone":"U97 F57-0634","cell":"S74 S74-2365","id":{"name":"SIN","value":"069945558"},"picture":{"large":"https://randomuser.me/api/portraits/women/90.jpg","medium":"https://randomuser.me/api/portraits/med/women/90.jpg","thumbnail":"https://randomuser.me/api/portraits/thumb/women/90.jpg"},"nat":"CA"}],"info":{"seed":"7655f5325a8f3083","results":1,"page":1,"version":"1.4"}} 
 </msg>
<msg time="2024-04-11T13:15:05.837491" level="INFO">/opt/hostedtoolcache/Python/3.12.2/x64/lib/python3.12/site-packages/urllib3/connectionpool.py:1103: InsecureRequestWarning: Unverified HTTPS request is being made to host 'randomuser.me'. Adding certificate verification is strongly advised. See: https://urllib3.readthedocs.io/en/latest/advanced-usage.html#tls-warnings
  warnings.warn(</msg>
<msg time="2024-04-11T13:15:05.837634" level="INFO">${response} = &lt;Response [200]&gt;</msg>
<var>${response}</var>
<arg>consultarAPI</arg>
<arg>/api</arg>
<doc>Sends a GET request on a previously created HTTP Session.</doc>
<status status="PASS" start="2024-04-11T13:15:05.762625" elapsed="0.075053"/>
</kw>
<kw name="Should Be Equal As Numbers" owner="BuiltIn">
<msg time="2024-04-11T13:15:05.838817" level="INFO">Argument types are:
&lt;class 'int'&gt;
&lt;class 'str'&gt;</msg>
<arg>${response.status_code}</arg>
<arg>200</arg>
<doc>Fails if objects are unequal after converting them to real numbers.</doc>
<status status="PASS" start="2024-04-11T13:15:05.838323" elapsed="0.000562"/>
</kw>
<kw name="Log" owner="BuiltIn">
<msg time="2024-04-11T13:15:05.839584" level="INFO">200</msg>
<arg>${response.status_code}</arg>
<doc>Logs the given message with the given level.</doc>
<status status="PASS" start="2024-04-11T13:15:05.839225" elapsed="0.000403"/>
</kw>
<kw name="Set Variable" owner="BuiltIn">
<msg time="2024-04-11T13:15:05.840442" level="INFO">${json_data} = {'results': [{'gender': 'female', 'name': {'title': 'Mrs', 'first': 'Eva', 'last': 'Jones'}, 'location': {'street': {'number': 7974, 'name': 'Argyle St'}, 'city': 'Inverness', 'state': 'Newfoundland a...</msg>
<var>${json_data}</var>
<arg>${response.json()}</arg>
<doc>Returns the given values which can then be assigned to a variables.</doc>
<status status="PASS" start="2024-04-11T13:15:05.840002" elapsed="0.000467"/>
</kw>
<kw name="Dictionary Should Contain Key" owner="Collections">
<msg time="2024-04-11T13:15:05.840945" level="INFO">False</msg>
<arg>${json_data}</arg>
<arg>results</arg>
<doc>Fails if ``key`` is not found from ``dictionary``.</doc>
<status status="PASS" start="2024-04-11T13:15:05.840775" elapsed="0.000210"/>
</kw>
<status status="PASS" start="2024-04-11T13:15:05.762369" elapsed="0.078877"/>
</kw>
<doc>Testa se a API responde corretamente e retorna um objeto JSON válido.</doc>
<tag>testeRequisicaoBasica</tag>
<status status="PASS" start="2024-04-11T13:15:05.761902" elapsed="0.079535"/>
</test>
<test id="s1-s1-t3" name="Validar estrutura de resposta" line="22">
<kw name="Teste de Estrutura de Resposta" owner="random-user-service">
<kw name="GET On Session" owner="RequestsLibrary">
<msg time="2024-04-11T13:15:05.943146" level="INFO">GET Request : url=https://randomuser.me/api 
 path_url=/api 
 headers={'User-Agent': 'python-requests/2.31.0', 'Accept-Encoding': 'gzip, deflate', 'Accept': '*/*', 'Connection': 'keep-alive'} 
 body=None 
 </msg>
<msg time="2024-04-11T13:15:05.943259" level="INFO">GET Response : url=https://randomuser.me/api 
 status=200, reason=OK 
 headers={'Date': 'Thu, 11 Apr 2024 13:15:05 GMT', 'Content-Type': 'application/json; charset=utf-8', 'Transfer-Encoding': 'chunked', 'Connection': 'keep-alive', 'X-Powered-By': 'Express', 'Access-Control-Allow-Origin': '*', 'Cache-Control': 'no-cache', 'ETag': 'W/"486-r+lcOy6lF44DlMWhFHS1rDP3AcA"', 'Vary': 'Accept-Encoding', 'Content-Encoding': 'gzip', 'CF-Cache-Status': 'DYNAMIC', 'Report-To': '{"endpoints":[{"url":"https:\\/\\/a.nel.cloudflare.com\\/report\\/v4?s=GffaZeuOrCxGLrxpmBVHWyTydsijY%2BT3gr%2B5RyQHLMIotvxuBFE45QnyX08mw4phXPlvzcOHzRm8THlyyY9CtKLTk7Kveq7Uyim9z0FBmp2U2LZaoWmo%2Bd6Dn22x3x7c"}],"group":"cf-nel","max_age":604800}', 'NEL': '{"success_fraction":0,"report_to":"cf-nel","max_age":604800}', 'Server': 'cloudflare', 'CF-RAY': '872b3e518ee25b53-IAD', 'alt-svc': 'h3=":443"; ma=86400'} 
 body={"results":[{"gender":"female","name":{"title":"Mrs","first":"Sharon","last":"Rogers"},"location":{"street":{"number":2661,"name":"The Grove"},"city":"Belfast","state":"Cornwall","country":"United Kingdom","postcode":"PE1U 6PS","coordinates":{"latitude":"-6.5441","longitude":"122.1221"},"timezone":{"offset":"-2:00","description":"Mid-Atlantic"}},"email":"sharon.rogers@example.com","login":{"uuid":"dc964e12-4fe2-48c0-9a8e-aa6a0ccfc4df","username":"tinyostrich679","password":"justin1","salt":"73kGXawQ","md5":"49bdbed98e388077f161dc44f52c7404","sha1":"e85d8da67771355c06d34822f12baf24327622df","sha256":"3e34df42ca43ecb0d3ac208bba8fc598d7205ae84c1db90055162d71a542be93"},"dob":{"date":"1968-06-04T07:41:35.174Z","age":55},"registered":{"date":"2015-09-28T00:34:08.573Z","age":8},"phone":"015394 87602","cell":"07687 002688","id":{"name":"NINO","value":"OE 65 91 77 H"},"picture":{"large":"https://randomuser.me/api/portraits/women/3.jpg","medium":"https://randomuser.me/api/portraits/med/women/3.jpg","thumbnail":"https://randomuser.me/api/portraits/thumb/women/3.jpg"},"nat":"GB"}],"info":{"seed":"e0946d676ec48682","results":1,"page":1,"version":"1.4"}} 
 </msg>
<msg time="2024-04-11T13:15:05.943422" level="INFO">/opt/hostedtoolcache/Python/3.12.2/x64/lib/python3.12/site-packages/urllib3/connectionpool.py:1103: InsecureRequestWarning: Unverified HTTPS request is being made to host 'randomuser.me'. Adding certificate verification is strongly advised. See: https://urllib3.readthedocs.io/en/latest/advanced-usage.html#tls-warnings
  warnings.warn(</msg>
<msg time="2024-04-11T13:15:05.943555" level="INFO">${response} = &lt;Response [200]&gt;</msg>
<var>${response}</var>
<arg>consultarAPI</arg>
<arg>/api</arg>
<doc>Sends a GET request on a previously created HTTP Session.</doc>
<status status="PASS" start="2024-04-11T13:15:05.844248" elapsed="0.099350"/>
</kw>
<kw name="Set Variable" owner="BuiltIn">
<msg time="2024-04-11T13:15:05.944795" level="INFO">${json_data} = {'results': [{'gender': 'female', 'name': {'title': 'Mrs', 'first': 'Sharon', 'last': 'Rogers'}, 'location': {'street': {'number': 2661, 'name': 'The Grove'}, 'city': 'Belfast', 'state': 'Cornwall', '...</msg>
<var>${json_data}</var>
<arg>${response.json()}</arg>
<doc>Returns the given values which can then be assigned to a variables.</doc>
<status status="PASS" start="2024-04-11T13:15:05.944247" elapsed="0.000576"/>
</kw>
<kw name="Log" owner="BuiltIn">
<msg time="2024-04-11T13:15:05.945306" level="INFO">{'results': [{'gender': 'female', 'name': {'title': 'Mrs', 'first': 'Sharon', 'last': 'Rogers'}, 'location': {'street': {'number': 2661, 'name': 'The Grove'}, 'city': 'Belfast', 'state': 'Cornwall', 'country': 'United Kingdom', 'postcode': 'PE1U 6PS', 'coordinates': {'latitude': '-6.5441', 'longitude': '122.1221'}, 'timezone': {'offset': '-2:00', 'description': 'Mid-Atlantic'}}, 'email': 'sharon.rogers@example.com', 'login': {'uuid': 'dc964e12-4fe2-48c0-9a8e-aa6a0ccfc4df', 'username': 'tinyostrich679', 'password': 'justin1', 'salt': '73kGXawQ', 'md5': '49bdbed98e388077f161dc44f52c7404', 'sha1': 'e85d8da67771355c06d34822f12baf24327622df', 'sha256': '3e34df42ca43ecb0d3ac208bba8fc598d7205ae84c1db90055162d71a542be93'}, 'dob': {'date': '1968-06-04T07:41:35.174Z', 'age': 55}, 'registered': {'date': '2015-09-28T00:34:08.573Z', 'age': 8}, 'phone': '015394 87602', 'cell': '07687 002688', 'id': {'name': 'NINO', 'value': 'OE 65 91 77 H'}, 'picture': {'large': 'https://randomuser.me/api/portraits/women/3.jpg', 'medium': 'https://randomuser.me/api/portraits/med/women/3.jpg', 'thumbnail': 'https://randomuser.me/api/portraits/thumb/women/3.jpg'}, 'nat': 'GB'}], 'info': {'seed': 'e0946d676ec48682', 'results': 1, 'page': 1, 'version': '1.4'}}</msg>
<arg>${json_data}</arg>
<doc>Logs the given message with the given level.</doc>
<status status="PASS" start="2024-04-11T13:15:05.945143" elapsed="0.000212"/>
</kw>
<kw name="Dictionary Should Contain Key" owner="Collections">
<msg time="2024-04-11T13:15:05.945818" level="INFO">False</msg>
<arg>${json_data}</arg>
<arg>results</arg>
<doc>Fails if ``key`` is not found from ``dictionary``.</doc>
<status status="PASS" start="2024-04-11T13:15:05.945659" elapsed="0.000197"/>
</kw>
<kw name="Should Not Be Empty" owner="BuiltIn">
<msg time="2024-04-11T13:15:05.946288" level="INFO">Length is 2.</msg>
<arg>${json_data}</arg>
<doc>Verifies that the given item is not empty.</doc>
<status status="PASS" start="2024-04-11T13:15:05.946153" elapsed="0.000173"/>
</kw>
<kw name="Create List" owner="BuiltIn">
<msg time="2024-04-11T13:15:05.946793" level="INFO">${expected_keys} = ['gender', 'name', 'location', 'email', 'login']</msg>
<var>${expected_keys}</var>
<arg>gender</arg>
<arg>name</arg>
<arg>location</arg>
<arg>email</arg>
<arg>login</arg>
<doc>Returns a list containing given items.</doc>
<status status="PASS" start="2024-04-11T13:15:05.946628" elapsed="0.000202"/>
</kw>
<for flavor="IN">
<iter>
<kw name="Dictionary Should Contain Key" owner="Collections">
<msg time="2024-04-11T13:15:05.947875" level="INFO">False</msg>
<arg>${json_data['results'][0]}</arg>
<arg>${key}</arg>
<doc>Fails if ``key`` is not found from ``dictionary``.</doc>
<status status="PASS" start="2024-04-11T13:15:05.947432" elapsed="0.000490"/>
</kw>
<kw name="Log" owner="BuiltIn">
<msg time="2024-04-11T13:15:05.948609" level="INFO">{'gender': 'female', 'name': {'title': 'Mrs', 'first': 'Sharon', 'last': 'Rogers'}, 'location': {'street': {'number': 2661, 'name': 'The Grove'}, 'city': 'Belfast', 'state': 'Cornwall', 'country': 'United Kingdom', 'postcode': 'PE1U 6PS', 'coordinates': {'latitude': '-6.5441', 'longitude': '122.1221'}, 'timezone': {'offset': '-2:00', 'description': 'Mid-Atlantic'}}, 'email': 'sharon.rogers@example.com', 'login': {'uuid': 'dc964e12-4fe2-48c0-9a8e-aa6a0ccfc4df', 'username': 'tinyostrich679', 'password': 'justin1', 'salt': '73kGXawQ', 'md5': '49bdbed98e388077f161dc44f52c7404', 'sha1': 'e85d8da67771355c06d34822f12baf24327622df', 'sha256': '3e34df42ca43ecb0d3ac208bba8fc598d7205ae84c1db90055162d71a542be93'}, 'dob': {'date': '1968-06-04T07:41:35.174Z', 'age': 55}, 'registered': {'date': '2015-09-28T00:34:08.573Z', 'age': 8}, 'phone': '015394 87602', 'cell': '07687 002688', 'id': {'name': 'NINO', 'value': 'OE 65 91 77 H'}, 'picture': {'large': 'https://randomuser.me/api/portraits/women/3.jpg', 'medium': 'https://randomuser.me/api/portraits/med/women/3.jpg', 'thumbnail': 'https://randomuser.me/api/portraits/thumb/women/3.jpg'}, 'nat': 'GB'}</msg>
<arg>${json_data['results'][0]}</arg>
<doc>Logs the given message with the given level.</doc>
<status status="PASS" start="2024-04-11T13:15:05.948236" elapsed="0.000421"/>
</kw>
<kw name="Log" owner="BuiltIn">
<msg time="2024-04-11T13:15:05.949088" level="INFO">gender</msg>
<arg>${key}</arg>
<doc>Logs the given message with the given level.</doc>
<status status="PASS" start="2024-04-11T13:15:05.948959" elapsed="0.000167"/>
</kw>
<var name="${key}">gender</var>
<status status="PASS" start="2024-04-11T13:15:05.947298" elapsed="0.002043"/>
</iter>
<iter>
<kw name="Dictionary Should Contain Key" owner="Collections">
<msg time="2024-04-11T13:15:05.950027" level="INFO">False</msg>
<arg>${json_data['results'][0]}</arg>
<arg>${key}</arg>
<doc>Fails if ``key`` is not found from ``dictionary``.</doc>
<status status="PASS" start="2024-04-11T13:15:05.949644" elapsed="0.000420"/>
</kw>
<kw name="Log" owner="BuiltIn">
<msg time="2024-04-11T13:15:05.950753" level="INFO">{'gender': 'female', 'name': {'title': 'Mrs', 'first': 'Sharon', 'last': 'Rogers'}, 'location': {'street': {'number': 2661, 'name': 'The Grove'}, 'city': 'Belfast', 'state': 'Cornwall', 'country': 'United Kingdom', 'postcode': 'PE1U 6PS', 'coordinates': {'latitude': '-6.5441', 'longitude': '122.1221'}, 'timezone': {'offset': '-2:00', 'description': 'Mid-Atlantic'}}, 'email': 'sharon.rogers@example.com', 'login': {'uuid': 'dc964e12-4fe2-48c0-9a8e-aa6a0ccfc4df', 'username': 'tinyostrich679', 'password': 'justin1', 'salt': '73kGXawQ', 'md5': '49bdbed98e388077f161dc44f52c7404', 'sha1': 'e85d8da67771355c06d34822f12baf24327622df', 'sha256': '3e34df42ca43ecb0d3ac208bba8fc598d7205ae84c1db90055162d71a542be93'}, 'dob': {'date': '1968-06-04T07:41:35.174Z', 'age': 55}, 'registered': {'date': '2015-09-28T00:34:08.573Z', 'age': 8}, 'phone': '015394 87602', 'cell': '07687 002688', 'id': {'name': 'NINO', 'value': 'OE 65 91 77 H'}, 'picture': {'large': 'https://randomuser.me/api/portraits/women/3.jpg', 'medium': 'https://randomuser.me/api/portraits/med/women/3.jpg', 'thumbnail': 'https://randomuser.me/api/portraits/thumb/women/3.jpg'}, 'nat': 'GB'}</msg>
<arg>${json_data['results'][0]}</arg>
<doc>Logs the given message with the given level.</doc>
<status status="PASS" start="2024-04-11T13:15:05.950394" elapsed="0.000406"/>
</kw>
<kw name="Log" owner="BuiltIn">
<msg time="2024-04-11T13:15:05.951228" level="INFO">name</msg>
<arg>${key}</arg>
<doc>Logs the given message with the given level.</doc>
<status status="PASS" start="2024-04-11T13:15:05.951101" elapsed="0.000164"/>
</kw>
<var name="${key}">name</var>
<status status="PASS" start="2024-04-11T13:15:05.949530" elapsed="0.001955"/>
</iter>
<iter>
<kw name="Dictionary Should Contain Key" owner="Collections">
<msg time="2024-04-11T13:15:05.952178" level="INFO">False</msg>
<arg>${json_data['results'][0]}</arg>
<arg>${key}</arg>
<doc>Fails if ``key`` is not found from ``dictionary``.</doc>
<status status="PASS" start="2024-04-11T13:15:05.951776" elapsed="0.000440"/>
</kw>
<kw name="Log" owner="BuiltIn">
<msg time="2024-04-11T13:15:05.952947" level="INFO">{'gender': 'female', 'name': {'title': 'Mrs', 'first': 'Sharon', 'last': 'Rogers'}, 'location': {'street': {'number': 2661, 'name': 'The Grove'}, 'city': 'Belfast', 'state': 'Cornwall', 'country': 'United Kingdom', 'postcode': 'PE1U 6PS', 'coordinates': {'latitude': '-6.5441', 'longitude': '122.1221'}, 'timezone': {'offset': '-2:00', 'description': 'Mid-Atlantic'}}, 'email': 'sharon.rogers@example.com', 'login': {'uuid': 'dc964e12-4fe2-48c0-9a8e-aa6a0ccfc4df', 'username': 'tinyostrich679', 'password': 'justin1', 'salt': '73kGXawQ', 'md5': '49bdbed98e388077f161dc44f52c7404', 'sha1': 'e85d8da67771355c06d34822f12baf24327622df', 'sha256': '3e34df42ca43ecb0d3ac208bba8fc598d7205ae84c1db90055162d71a542be93'}, 'dob': {'date': '1968-06-04T07:41:35.174Z', 'age': 55}, 'registered': {'date': '2015-09-28T00:34:08.573Z', 'age': 8}, 'phone': '015394 87602', 'cell': '07687 002688', 'id': {'name': 'NINO', 'value': 'OE 65 91 77 H'}, 'picture': {'large': 'https://randomuser.me/api/portraits/women/3.jpg', 'medium': 'https://randomuser.me/api/portraits/med/women/3.jpg', 'thumbnail': 'https://randomuser.me/api/portraits/thumb/women/3.jpg'}, 'nat': 'GB'}</msg>
<arg>${json_data['results'][0]}</arg>
<doc>Logs the given message with the given level.</doc>
<status status="PASS" start="2024-04-11T13:15:05.952574" elapsed="0.000425"/>
</kw>
<kw name="Log" owner="BuiltIn">
<msg time="2024-04-11T13:15:05.953439" level="INFO">location</msg>
<arg>${key}</arg>
<doc>Logs the given message with the given level.</doc>
<status status="PASS" start="2024-04-11T13:15:05.953310" elapsed="0.000168"/>
</kw>
<var name="${key}">location</var>
<status status="PASS" start="2024-04-11T13:15:05.951663" elapsed="0.002052"/>
</iter>
<iter>
<kw name="Dictionary Should Contain Key" owner="Collections">
<msg time="2024-04-11T13:15:05.954380" level="INFO">False</msg>
<arg>${json_data['results'][0]}</arg>
<arg>${key}</arg>
<doc>Fails if ``key`` is not found from ``dictionary``.</doc>
<status status="PASS" start="2024-04-11T13:15:05.953999" elapsed="0.000419"/>
</kw>
<kw name="Log" owner="BuiltIn">
<msg time="2024-04-11T13:15:05.955077" level="INFO">{'gender': 'female', 'name': {'title': 'Mrs', 'first': 'Sharon', 'last': 'Rogers'}, 'location': {'street': {'number': 2661, 'name': 'The Grove'}, 'city': 'Belfast', 'state': 'Cornwall', 'country': 'United Kingdom', 'postcode': 'PE1U 6PS', 'coordinates': {'latitude': '-6.5441', 'longitude': '122.1221'}, 'timezone': {'offset': '-2:00', 'description': 'Mid-Atlantic'}}, 'email': 'sharon.rogers@example.com', 'login': {'uuid': 'dc964e12-4fe2-48c0-9a8e-aa6a0ccfc4df', 'username': 'tinyostrich679', 'password': 'justin1', 'salt': '73kGXawQ', 'md5': '49bdbed98e388077f161dc44f52c7404', 'sha1': 'e85d8da67771355c06d34822f12baf24327622df', 'sha256': '3e34df42ca43ecb0d3ac208bba8fc598d7205ae84c1db90055162d71a542be93'}, 'dob': {'date': '1968-06-04T07:41:35.174Z', 'age': 55}, 'registered': {'date': '2015-09-28T00:34:08.573Z', 'age': 8}, 'phone': '015394 87602', 'cell': '07687 002688', 'id': {'name': 'NINO', 'value': 'OE 65 91 77 H'}, 'picture': {'large': 'https://randomuser.me/api/portraits/women/3.jpg', 'medium': 'https://randomuser.me/api/portraits/med/women/3.jpg', 'thumbnail': 'https://randomuser.me/api/portraits/thumb/women/3.jpg'}, 'nat': 'GB'}</msg>
<arg>${json_data['results'][0]}</arg>
<doc>Logs the given message with the given level.</doc>
<status status="PASS" start="2024-04-11T13:15:05.954717" elapsed="0.000407"/>
</kw>
<kw name="Log" owner="BuiltIn">
<msg time="2024-04-11T13:15:05.955548" level="INFO">email</msg>
<arg>${key}</arg>
<doc>Logs the given message with the given level.</doc>
<status status="PASS" start="2024-04-11T13:15:05.955421" elapsed="0.000164"/>
</kw>
<var name="${key}">email</var>
<status status="PASS" start="2024-04-11T13:15:05.953887" elapsed="0.001909"/>
</iter>
<iter>
<kw name="Dictionary Should Contain Key" owner="Collections">
<msg time="2024-04-11T13:15:05.956521" level="INFO">False</msg>
<arg>${json_data['results'][0]}</arg>
<arg>${key}</arg>
<doc>Fails if ``key`` is not found from ``dictionary``.</doc>
<status status="PASS" start="2024-04-11T13:15:05.956136" elapsed="0.000422"/>
</kw>
<kw name="Log" owner="BuiltIn">
<msg time="2024-04-11T13:15:05.957213" level="INFO">{'gender': 'female', 'name': {'title': 'Mrs', 'first': 'Sharon', 'last': 'Rogers'}, 'location': {'street': {'number': 2661, 'name': 'The Grove'}, 'city': 'Belfast', 'state': 'Cornwall', 'country': 'United Kingdom', 'postcode': 'PE1U 6PS', 'coordinates': {'latitude': '-6.5441', 'longitude': '122.1221'}, 'timezone': {'offset': '-2:00', 'description': 'Mid-Atlantic'}}, 'email': 'sharon.rogers@example.com', 'login': {'uuid': 'dc964e12-4fe2-48c0-9a8e-aa6a0ccfc4df', 'username': 'tinyostrich679', 'password': 'justin1', 'salt': '73kGXawQ', 'md5': '49bdbed98e388077f161dc44f52c7404', 'sha1': 'e85d8da67771355c06d34822f12baf24327622df', 'sha256': '3e34df42ca43ecb0d3ac208bba8fc598d7205ae84c1db90055162d71a542be93'}, 'dob': {'date': '1968-06-04T07:41:35.174Z', 'age': 55}, 'registered': {'date': '2015-09-28T00:34:08.573Z', 'age': 8}, 'phone': '015394 87602', 'cell': '07687 002688', 'id': {'name': 'NINO', 'value': 'OE 65 91 77 H'}, 'picture': {'large': 'https://randomuser.me/api/portraits/women/3.jpg', 'medium': 'https://randomuser.me/api/portraits/med/women/3.jpg', 'thumbnail': 'https://randomuser.me/api/portraits/thumb/women/3.jpg'}, 'nat': 'GB'}</msg>
<arg>${json_data['results'][0]}</arg>
<doc>Logs the given message with the given level.</doc>
<status status="PASS" start="2024-04-11T13:15:05.956856" elapsed="0.000404"/>
</kw>
<kw name="Log" owner="BuiltIn">
<msg time="2024-04-11T13:15:05.957682" level="INFO">login</msg>
<arg>${key}</arg>
<doc>Logs the given message with the given level.</doc>
<status status="PASS" start="2024-04-11T13:15:05.957558" elapsed="0.000162"/>
</kw>
<var name="${key}">login</var>
<status status="PASS" start="2024-04-11T13:15:05.956022" elapsed="0.001915"/>
</iter>
<var>${key}</var>
<value>@{expected_keys}</value>
<status status="PASS" start="2024-04-11T13:15:05.947104" elapsed="0.010981"/>
</for>
<kw name="Create List" owner="BuiltIn">
<msg time="2024-04-11T13:15:05.958419" level="INFO">${expected_keysTwo} = ['username', 'password']</msg>
<var>${expected_keysTwo}</var>
<arg>username</arg>
<arg>password</arg>
<doc>Returns a list containing given items.</doc>
<status status="PASS" start="2024-04-11T13:15:05.958282" elapsed="0.000161"/>
</kw>
<for flavor="IN">
<iter>
<kw name="Dictionary Should Contain Key" owner="Collections">
<msg time="2024-04-11T13:15:05.959441" level="INFO">False</msg>
<arg>${json_data['results'][0]['login']}</arg>
<arg>${keyTwo}</arg>
<doc>Fails if ``key`` is not found from ``dictionary``.</doc>
<status status="PASS" start="2024-04-11T13:15:05.959054" elapsed="0.000425"/>
</kw>
<kw name="Dictionary Should Contain Key" owner="Collections">
<msg time="2024-04-11T13:15:05.960176" level="INFO">False</msg>
<arg>${json_data['results'][0]['login']}</arg>
<arg>${keyTwo}</arg>
<doc>Fails if ``key`` is not found from ``dictionary``.</doc>
<status status="PASS" start="2024-04-11T13:15:05.959776" elapsed="0.000437"/>
</kw>
<kw name="Log" owner="BuiltIn">
<msg time="2024-04-11T13:15:05.960639" level="INFO">username</msg>
<arg>${keyTwo}</arg>
<doc>Logs the given message with the given level.</doc>
<status status="PASS" start="2024-04-11T13:15:05.960509" elapsed="0.000168"/>
</kw>
<var name="${keyTwo}">username</var>
<status status="PASS" start="2024-04-11T13:15:05.958940" elapsed="0.001956"/>
</iter>
<iter>
<kw name="Dictionary Should Contain Key" owner="Collections">
<msg time="2024-04-11T13:15:05.961551" level="INFO">False</msg>
<arg>${json_data['results'][0]['login']}</arg>
<arg>${keyTwo}</arg>
<doc>Fails if ``key`` is not found from ``dictionary``.</doc>
<status status="PASS" start="2024-04-11T13:15:05.961180" elapsed="0.000409"/>
</kw>
<kw name="Dictionary Should Contain Key" owner="Collections">
<msg time="2024-04-11T13:15:05.962247" level="INFO">False</msg>
<arg>${json_data['results'][0]['login']}</arg>
<arg>${keyTwo}</arg>
<doc>Fails if ``key`` is not found from ``dictionary``.</doc>
<status status="PASS" start="2024-04-11T13:15:05.961879" elapsed="0.000405"/>
</kw>
<kw name="Log" owner="BuiltIn">
<msg time="2024-04-11T13:15:05.962697" level="INFO">password</msg>
<arg>${keyTwo}</arg>
<doc>Logs the given message with the given level.</doc>
<status status="PASS" start="2024-04-11T13:15:05.962572" elapsed="0.000163"/>
</kw>
<var name="${keyTwo}">password</var>
<status status="PASS" start="2024-04-11T13:15:05.961070" elapsed="0.001881"/>
</iter>
<var>${keyTwo}</var>
<value>@{expected_keysTwo}</value>
<status status="PASS" start="2024-04-11T13:15:05.958682" elapsed="0.004390"/>
</for>
<status status="PASS" start="2024-04-11T13:15:05.843998" elapsed="0.119218"/>
</kw>
<doc>Testa a estrutura da resposta da API.</doc>
<tag>testeEstruturaResposta</tag>
<status status="PASS" start="2024-04-11T13:15:05.843303" elapsed="0.120081"/>
</test>
<test id="s1-s1-t4" name="Validar tipos de dados" line="28">
<kw name="Teste de Tipos de Dados" owner="random-user-service">
<kw name="GET On Session" owner="RequestsLibrary">
<msg time="2024-04-11T13:15:06.086612" level="INFO">GET Request : url=https://randomuser.me/api 
 path_url=/api 
 headers={'User-Agent': 'python-requests/2.31.0', 'Accept-Encoding': 'gzip, deflate', 'Accept': '*/*', 'Connection': 'keep-alive'} 
 body=None 
 </msg>
<msg time="2024-04-11T13:15:06.086723" level="INFO">GET Response : url=https://randomuser.me/api 
 status=200, reason=OK 
 headers={'Date': 'Thu, 11 Apr 2024 13:15:06 GMT', 'Content-Type': 'application/json; charset=utf-8', 'Transfer-Encoding': 'chunked', 'Connection': 'keep-alive', 'X-Powered-By': 'Express', 'Access-Control-Allow-Origin': '*', 'Cache-Control': 'no-cache', 'ETag': 'W/"48e-PvUfws1AFaTvyrQZq/JcdVARAf0"', 'Vary': 'Accept-Encoding', 'Content-Encoding': 'gzip', 'CF-Cache-Status': 'DYNAMIC', 'Report-To': '{"endpoints":[{"url":"https:\\/\\/a.nel.cloudflare.com\\/report\\/v4?s=NzBs5MFBrUwmNex3AgaaURLfkCQR37wfwlgeoLvZ6SqUzUTxgKZGUP9T58ZYG%2BwxTVDlrCP1wgmf33GKm9SJsEh%2Feb%2BKcLDw2r9lmJuZp0QY5nONNz3BZJBv%2B59hIWwm"}],"group":"cf-nel","max_age":604800}', 'NEL': '{"success_fraction":0,"report_to":"cf-nel","max_age":604800}', 'Server': 'cloudflare', 'CF-RAY': '872b3e524fca5b53-IAD', 'alt-svc': 'h3=":443"; ma=86400'} 
 body={"results":[{"gender":"female","name":{"title":"Mrs","first":"Mar","last":"Herrera"},"location":{"street":{"number":7460,"name":"Calle de Arganzuela"},"city":"Móstoles","state":"Cataluña","country":"Spain","postcode":29542,"coordinates":{"latitude":"-34.1202","longitude":"117.4751"},"timezone":{"offset":"-7:00","description":"Mountain Time (US &amp; Canada)"}},"email":"mar.herrera@example.com","login":{"uuid":"9693b496-3d50-4ace-a158-eb86748fd445","username":"orangetiger771","password":"fender","salt":"2vbOX45e","md5":"fefa6a8f6a7e0cfb10107ae9e6f98801","sha1":"dcf1ccfa1423f2c84cd6d1b78a3b214f6bbdf77c","sha256":"5e1cc2edd90c4b231ebe9a0953337feb55f71c66413193ee86911d73fb458fe4"},"dob":{"date":"1974-06-01T23:30:40.708Z","age":49},"registered":{"date":"2009-11-03T12:11:23.948Z","age":14},"phone":"925-983-234","cell":"652-550-910","id":{"name":"DNI","value":"01590700-M"},"picture":{"large":"https://randomuser.me/api/portraits/women/43.jpg","medium":"https://randomuser.me/api/portraits/med/women/43.jpg","thumbnail":"https://randomuser.me/api/portraits/thumb/women/43.jpg"},"nat":"ES"}],"info":{"seed":"599051662f092b97","results":1,"page":1,"version":"1.4"}} 
 </msg>
<msg time="2024-04-11T13:15:06.086797" level="INFO">/opt/hostedtoolcache/Python/3.12.2/x64/lib/python3.12/site-packages/urllib3/connectionpool.py:1103: InsecureRequestWarning: Unverified HTTPS request is being made to host 'randomuser.me'. Adding certificate verification is strongly advised. See: https://urllib3.readthedocs.io/en/latest/advanced-usage.html#tls-warnings
  warnings.warn(</msg>
<msg time="2024-04-11T13:15:06.086927" level="INFO">${response} = &lt;Response [200]&gt;</msg>
<var>${response}</var>
<arg>consultarAPI</arg>
<arg>/api</arg>
<doc>Sends a GET request on a previously created HTTP Session.</doc>
<status status="PASS" start="2024-04-11T13:15:05.965965" elapsed="0.121004"/>
</kw>
<kw name="Set Variable" owner="BuiltIn">
<msg time="2024-04-11T13:15:06.088101" level="INFO">${json_data} = {'results': [{'gender': 'female', 'name': {'title': 'Mrs', 'first': 'Mar', 'last': 'Herrera'}, 'location': {'street': {'number': 7460, 'name': 'Calle de Arganzuela'}, 'city': 'Móstoles', 'state': 'Cat...</msg>
<var>${json_data}</var>
<arg>${response.json()}</arg>
<doc>Returns the given values which can then be assigned to a variables.</doc>
<status status="PASS" start="2024-04-11T13:15:06.087532" elapsed="0.000599"/>
</kw>
<kw name="Log" owner="BuiltIn">
<msg time="2024-04-11T13:15:06.088617" level="INFO">{'results': [{'gender': 'female', 'name': {'title': 'Mrs', 'first': 'Mar', 'last': 'Herrera'}, 'location': {'street': {'number': 7460, 'name': 'Calle de Arganzuela'}, 'city': 'Móstoles', 'state': 'Cataluña', 'country': 'Spain', 'postcode': 29542, 'coordinates': {'latitude': '-34.1202', 'longitude': '117.4751'}, 'timezone': {'offset': '-7:00', 'description': 'Mountain Time (US &amp; Canada)'}}, 'email': 'mar.herrera@example.com', 'login': {'uuid': '9693b496-3d50-4ace-a158-eb86748fd445', 'username': 'orangetiger771', 'password': 'fender', 'salt': '2vbOX45e', 'md5': 'fefa6a8f6a7e0cfb10107ae9e6f98801', 'sha1': 'dcf1ccfa1423f2c84cd6d1b78a3b214f6bbdf77c', 'sha256': '5e1cc2edd90c4b231ebe9a0953337feb55f71c66413193ee86911d73fb458fe4'}, 'dob': {'date': '1974-06-01T23:30:40.708Z', 'age': 49}, 'registered': {'date': '2009-11-03T12:11:23.948Z', 'age': 14}, 'phone': '925-983-234', 'cell': '652-550-910', 'id': {'name': 'DNI', 'value': '01590700-M'}, 'picture': {'large': 'https://randomuser.me/api/portraits/women/43.jpg', 'medium': 'https://randomuser.me/api/portraits/med/women/43.jpg', 'thumbnail': 'https://randomuser.me/api/portraits/thumb/women/43.jpg'}, 'nat': 'ES'}], 'info': {'seed': '599051662f092b97', 'results': 1, 'page': 1, 'version': '1.4'}}</msg>
<arg>${json_data}</arg>
<doc>Logs the given message with the given level.</doc>
<status status="PASS" start="2024-04-11T13:15:06.088454" elapsed="0.000252"/>
</kw>
<kw name="Should Be String" owner="String">
<arg>${json_data['results'][0]['gender']}</arg>
<doc>Fails if the given ``item`` is not a string.</doc>
<status status="PASS" start="2024-04-11T13:15:06.089017" elapsed="0.000371"/>
</kw>
<kw name="Should Match Regexp" owner="BuiltIn">
<arg>${json_data['results'][0]['email']}</arg>
<arg>^[a-zA-Z0-9._%+-]+@[a-zA-Z0-9.-]+\.[a-zA-Z]{2,}$</arg>
<doc>Fails if ``string`` does not match ``pattern`` as a regular expression.</doc>
<status status="PASS" start="2024-04-11T13:15:06.089584" elapsed="0.000517"/>
</kw>
<kw name="Should Match Regexp" owner="BuiltIn">
<arg>${json_data['results'][0]['dob']['date']}</arg>
<arg>\\d{4}-\\d{2}-\\d{2}T\\d{2}:\\d{2}:\\d{2}\\.\\d{3}Z</arg>
<doc>Fails if ``string`` does not match ``pattern`` as a regular expression.</doc>
<status status="PASS" start="2024-04-11T13:15:06.090300" elapsed="0.000489"/>
</kw>
<kw name="Should Match Regexp" owner="BuiltIn">
<arg>${json_data['results'][0]['registered']['date']}</arg>
<arg>\\d{4}-\\d{2}-\\d{2}T\\d{2}:\\d{2}:\\d{2}\\.\\d{3}Z</arg>
<doc>Fails if ``string`` does not match ``pattern`` as a regular expression.</doc>
<status status="PASS" start="2024-04-11T13:15:06.090982" elapsed="0.000378"/>
</kw>
<kw name="Should Match Regexp" owner="BuiltIn">
<arg>${json_data['results'][0]['picture']['large']}</arg>
<arg>^https?://.*\.(?:png|jpe?g|gif|bmp)$</arg>
<doc>Fails if ``string`` does not match ``pattern`` as a regular expression.</doc>
<status status="PASS" start="2024-04-11T13:15:06.091548" elapsed="0.000487"/>
</kw>
<kw name="Should Match Regexp" owner="BuiltIn">
<arg>${json_data['results'][0]['picture']['medium']}</arg>
<arg>^https?://.*\.(?:png|jpe?g|gif|bmp)$</arg>
<doc>Fails if ``string`` does not match ``pattern`` as a regular expression.</doc>
<status status="PASS" start="2024-04-11T13:15:06.092225" elapsed="0.000355"/>
</kw>
<kw name="Should Match Regexp" owner="BuiltIn">
<arg>${json_data['results'][0]['picture']['thumbnail']}</arg>
<arg>^https?://.*\.(?:png|jpe?g|gif|bmp)$</arg>
<doc>Fails if ``string`` does not match ``pattern`` as a regular expression.</doc>
<status status="PASS" start="2024-04-11T13:15:06.092765" elapsed="0.000346"/>
</kw>
<kw name="Log" owner="BuiltIn">
<msg time="2024-04-11T13:15:06.093616" level="INFO">{'large': 'https://randomuser.me/api/portraits/women/43.jpg', 'medium': 'https://randomuser.me/api/portraits/med/women/43.jpg', 'thumbnail': 'https://randomuser.me/api/portraits/thumb/women/43.jpg'}</msg>
<arg>${json_data['results'][0]['picture']}</arg>
<doc>Logs the given message with the given level.</doc>
<status status="PASS" start="2024-04-11T13:15:06.093291" elapsed="0.000366"/>
</kw>
<status status="PASS" start="2024-04-11T13:15:05.965727" elapsed="0.128189"/>
</kw>
<kw name="Teste de Tipos de Dados - Postcode" owner="random-user-service">
<kw name="GET On Session" owner="RequestsLibrary">
<msg time="2024-04-11T13:15:06.153277" level="INFO">GET Request : url=https://randomuser.me/api 
 path_url=/api 
 headers={'User-Agent': 'python-requests/2.31.0', 'Accept-Encoding': 'gzip, deflate', 'Accept': '*/*', 'Connection': 'keep-alive'} 
 body=None 
 </msg>
<msg time="2024-04-11T13:15:06.153382" level="INFO">GET Response : url=https://randomuser.me/api 
 status=200, reason=OK 
 headers={'Date': 'Thu, 11 Apr 2024 13:15:06 GMT', 'Content-Type': 'application/json; charset=utf-8', 'Transfer-Encoding': 'chunked', 'Connection': 'keep-alive', 'X-Powered-By': 'Express', 'Access-Control-Allow-Origin': '*', 'Cache-Control': 'no-cache', 'ETag': 'W/"47d-24oP26syyXoNYxOr6n1ViXKjpk4"', 'Vary': 'Accept-Encoding', 'Content-Encoding': 'gzip', 'CF-Cache-Status': 'DYNAMIC', 'Report-To': '{"endpoints":[{"url":"https:\\/\\/a.nel.cloudflare.com\\/report\\/v4?s=Zf4h%2BWtlBr0YzRC%2Fw0NOXlRCrxNuZm1FJC4LBBmPbwe5VUFD9EuQy8bDb%2FjIlE6GDDzTzD3mHe6YMkPBYqHrhwN1krD0bb1yn1RLp5SU6t4uLAH%2BNl3lwQjilABxpzzz"}],"group":"cf-nel","max_age":604800}', 'NEL': '{"success_fraction":0,"report_to":"cf-nel","max_age":604800}', 'Server': 'cloudflare', 'CF-RAY': '872b3e53189e5b53-IAD', 'alt-svc': 'h3=":443"; ma=86400'} 
 body={"results":[{"gender":"female","name":{"title":"Mrs","first":"Diana","last":"Shaw"},"location":{"street":{"number":5586,"name":"Victoria Road"},"city":"Carrigtwohill","state":"Cavan","country":"Ireland","postcode":87595,"coordinates":{"latitude":"2.8423","longitude":"68.4377"},"timezone":{"offset":"-12:00","description":"Eniwetok, Kwajalein"}},"email":"diana.shaw@example.com","login":{"uuid":"4d808e30-d85d-4671-9355-d950b97831aa","username":"greenswan660","password":"ernesto","salt":"Iv2AEeJm","md5":"ba90245ca4c70d8003a3a6e8cfe1ad1c","sha1":"a93c43e5100f86822b7780dffef0eeebe9573e93","sha256":"a99b23fac04d060a61edc24b0cd0913d4a2de07a2ab777f6bea9f4a140b7884a"},"dob":{"date":"1965-04-27T06:36:22.820Z","age":58},"registered":{"date":"2002-04-03T08:40:52.518Z","age":22},"phone":"051-452-1664","cell":"081-369-9797","id":{"name":"PPS","value":"1268407T"},"picture":{"large":"https://randomuser.me/api/portraits/women/68.jpg","medium":"https://randomuser.me/api/portraits/med/women/68.jpg","thumbnail":"https://randomuser.me/api/portraits/thumb/women/68.jpg"},"nat":"IE"}],"info":{"seed":"a41c534d3e8e3b02","results":1,"page":1,"version":"1.4"}} 
 </msg>
<msg time="2024-04-11T13:15:06.153484" level="INFO">/opt/hostedtoolcache/Python/3.12.2/x64/lib/python3.12/site-packages/urllib3/connectionpool.py:1103: InsecureRequestWarning: Unverified HTTPS request is being made to host 'randomuser.me'. Adding certificate verification is strongly advised. See: https://urllib3.readthedocs.io/en/latest/advanced-usage.html#tls-warnings
  warnings.warn(</msg>
<msg time="2024-04-11T13:15:06.153620" level="INFO">${response} = &lt;Response [200]&gt;</msg>
<var>${response}</var>
<arg>consultarAPI</arg>
<arg>/api</arg>
<doc>Sends a GET request on a previously created HTTP Session.</doc>
<status status="PASS" start="2024-04-11T13:15:06.094396" elapsed="0.059275"/>
</kw>
<kw name="Set Variable" owner="BuiltIn">
<msg time="2024-04-11T13:15:06.154777" level="INFO">${json_data} = {'results': [{'gender': 'female', 'name': {'title': 'Mrs', 'first': 'Diana', 'last': 'Shaw'}, 'location': {'street': {'number': 5586, 'name': 'Victoria Road'}, 'city': 'Carrigtwohill', 'state': 'Cavan...</msg>
<var>${json_data}</var>
<arg>${response.json()}</arg>
<doc>Returns the given values which can then be assigned to a variables.</doc>
<status status="PASS" start="2024-04-11T13:15:06.154275" elapsed="0.000529"/>
</kw>
<kw name="Log" owner="BuiltIn">
<msg time="2024-04-11T13:15:06.155269" level="INFO">{'results': [{'gender': 'female', 'name': {'title': 'Mrs', 'first': 'Diana', 'last': 'Shaw'}, 'location': {'street': {'number': 5586, 'name': 'Victoria Road'}, 'city': 'Carrigtwohill', 'state': 'Cavan', 'country': 'Ireland', 'postcode': 87595, 'coordinates': {'latitude': '2.8423', 'longitude': '68.4377'}, 'timezone': {'offset': '-12:00', 'description': 'Eniwetok, Kwajalein'}}, 'email': 'diana.shaw@example.com', 'login': {'uuid': '4d808e30-d85d-4671-9355-d950b97831aa', 'username': 'greenswan660', 'password': 'ernesto', 'salt': 'Iv2AEeJm', 'md5': 'ba90245ca4c70d8003a3a6e8cfe1ad1c', 'sha1': 'a93c43e5100f86822b7780dffef0eeebe9573e93', 'sha256': 'a99b23fac04d060a61edc24b0cd0913d4a2de07a2ab777f6bea9f4a140b7884a'}, 'dob': {'date': '1965-04-27T06:36:22.820Z', 'age': 58}, 'registered': {'date': '2002-04-03T08:40:52.518Z', 'age': 22}, 'phone': '051-452-1664', 'cell': '081-369-9797', 'id': {'name': 'PPS', 'value': '1268407T'}, 'picture': {'large': 'https://randomuser.me/api/portraits/women/68.jpg', 'medium': 'https://randomuser.me/api/portraits/med/women/68.jpg', 'thumbnail': 'https://randomuser.me/api/portraits/thumb/women/68.jpg'}, 'nat': 'IE'}], 'info': {'seed': 'a41c534d3e8e3b02', 'results': 1, 'page': 1, 'version': '1.4'}}</msg>
<arg>${json_data}</arg>
<doc>Logs the given message with the given level.</doc>
<status status="PASS" start="2024-04-11T13:15:06.155114" elapsed="0.000235"/>
</kw>
<kw name="Should Be Equal As Numbers" owner="BuiltIn">
<arg>${json_data['results'][0]['location']['postcode']}</arg>
<arg>${json_data['results'][0]['location']['postcode']}</arg>
<doc>Fails if objects are unequal after converting them to real numbers.</doc>
<status status="PASS" start="2024-04-11T13:15:06.155655" elapsed="0.000669"/>
</kw>
<kw name="Log" owner="BuiltIn">
<msg time="2024-04-11T13:15:06.156861" level="INFO">87595</msg>
<arg>${json_data['results'][0]['location']['postcode']}</arg>
<doc>Logs the given message with the given level.</doc>
<status status="PASS" start="2024-04-11T13:15:06.156518" elapsed="0.000386"/>
</kw>
<status status="PASS" start="2024-04-11T13:15:06.094153" elapsed="0.063019"/>
</kw>
<doc>Testa se os tipos de dados na resposta da API estão corretos.</doc>
<tag>testeTiposDados</tag>
<status status="PASS" start="2024-04-11T13:15:05.965247" elapsed="0.192101"/>
</test>
<test id="s1-s1-t5" name="Validar conteudo" line="35">
<kw name="Teste de Tipos de Conteudo" owner="random-user-service">
<kw name="GET On Session" owner="RequestsLibrary">
<msg time="2024-04-11T13:15:06.238932" level="INFO">GET Request : url=https://randomuser.me/api 
 path_url=/api 
 headers={'User-Agent': 'python-requests/2.31.0', 'Accept-Encoding': 'gzip, deflate', 'Accept': '*/*', 'Connection': 'keep-alive'} 
 body=None 
 </msg>
<msg time="2024-04-11T13:15:06.239035" level="INFO">GET Response : url=https://randomuser.me/api 
 status=200, reason=OK 
 headers={'Date': 'Thu, 11 Apr 2024 13:15:06 GMT', 'Content-Type': 'application/json; charset=utf-8', 'Transfer-Encoding': 'chunked', 'Connection': 'keep-alive', 'X-Powered-By': 'Express', 'Access-Control-Allow-Origin': '*', 'Cache-Control': 'no-cache', 'ETag': 'W/"492-h2092WU8zgglcjPvaPhCnwZtzRk"', 'Vary': 'Accept-Encoding', 'Content-Encoding': 'gzip', 'CF-Cache-Status': 'DYNAMIC', 'Report-To': '{"endpoints":[{"url":"https:\\/\\/a.nel.cloudflare.com\\/report\\/v4?s=WxQEziLgK%2B98qtRcijfXvXttkI0J%2B47%2FgHjKtnFt6qRtxhNGtzVGvQz%2FM7abCwZ2T0%2BTNV9DQlx4zKGlaIiXHmW5uYi7I4DR2VYl5qBaXr4Ql2kgvNoyqY2xsFf1mb83"}],"group":"cf-nel","max_age":604800}', 'NEL': '{"success_fraction":0,"report_to":"cf-nel","max_age":604800}', 'Server': 'cloudflare', 'CF-RAY': '872b3e5389025b53-IAD', 'alt-svc': 'h3=":443"; ma=86400'} 
 body={"results":[{"gender":"male","name":{"title":"Mr","first":"Willard","last":"Scott"},"location":{"street":{"number":9461,"name":"Woodlawn Avenue"},"city":"Cork","state":"Donegal","country":"Ireland","postcode":19954,"coordinates":{"latitude":"-1.2237","longitude":"-140.2661"},"timezone":{"offset":"0:00","description":"Western Europe Time, London, Lisbon, Casablanca"}},"email":"willard.scott@example.com","login":{"uuid":"fd6ff421-bda1-4c1c-9bea-97d250c4de00","username":"tinyostrich636","password":"reilly","salt":"RZPgUeVM","md5":"37bf26fccc98ee0e9450ce040bbe0e8c","sha1":"535da745daa1a5aa1303349f50a4a7f71f99d7bf","sha256":"51df2fb5b59aefa38eb795b1ff96cb56cedcaeb0a36d0c9bebd8512f69a54b1c"},"dob":{"date":"1972-05-07T11:36:57.044Z","age":51},"registered":{"date":"2019-07-07T11:39:21.633Z","age":4},"phone":"031-082-8800","cell":"081-709-9190","id":{"name":"PPS","value":"8159582T"},"picture":{"large":"https://randomuser.me/api/portraits/men/15.jpg","medium":"https://randomuser.me/api/portraits/med/men/15.jpg","thumbnail":"https://randomuser.me/api/portraits/thumb/men/15.jpg"},"nat":"IE"}],"info":{"seed":"4f5498b9c119b3b8","results":1,"page":1,"version":"1.4"}} 
 </msg>
<msg time="2024-04-11T13:15:06.239101" level="INFO">/opt/hostedtoolcache/Python/3.12.2/x64/lib/python3.12/site-packages/urllib3/connectionpool.py:1103: InsecureRequestWarning: Unverified HTTPS request is being made to host 'randomuser.me'. Adding certificate verification is strongly advised. See: https://urllib3.readthedocs.io/en/latest/advanced-usage.html#tls-warnings
  warnings.warn(</msg>
<msg time="2024-04-11T13:15:06.239226" level="INFO">${response} = &lt;Response [200]&gt;</msg>
<var>${response}</var>
<arg>consultarAPI</arg>
<arg>/api</arg>
<doc>Sends a GET request on a previously created HTTP Session.</doc>
<status status="PASS" start="2024-04-11T13:15:06.159929" elapsed="0.079340"/>
</kw>
<kw name="Set Variable" owner="BuiltIn">
<msg time="2024-04-11T13:15:06.240377" level="INFO">${json_data} = {'results': [{'gender': 'male', 'name': {'title': 'Mr', 'first': 'Willard', 'last': 'Scott'}, 'location': {'street': {'number': 9461, 'name': 'Woodlawn Avenue'}, 'city': 'Cork', 'state': 'Donegal', 'c...</msg>
<var>${json_data}</var>
<arg>${response.json()}</arg>
<doc>Returns the given values which can then be assigned to a variables.</doc>
<status status="PASS" start="2024-04-11T13:15:06.239805" elapsed="0.000601"/>
</kw>
<kw name="Set Variable" owner="BuiltIn">
<msg time="2024-04-11T13:15:06.241104" level="INFO">${name_title} = Mr</msg>
<var>${name_title}</var>
<arg>${json_data["results"][0]["name"]["title"]}</arg>
<doc>Returns the given values which can then be assigned to a variables.</doc>
<status status="PASS" start="2024-04-11T13:15:06.240719" elapsed="0.000410"/>
</kw>
<kw name="Create List" owner="BuiltIn">
<msg time="2024-04-11T13:15:06.241577" level="INFO">${allowed_titles} = ['Mr', 'Ms', 'Miss', 'Mrs', 'Madame', 'Monsieur']</msg>
<var>${allowed_titles}</var>
<arg>Mr</arg>
<arg>Ms</arg>
<arg>Miss</arg>
<arg>Mrs</arg>
<arg>Madame</arg>
<arg>Monsieur</arg>
<doc>Returns a list containing given items.</doc>
<status status="PASS" start="2024-04-11T13:15:06.241429" elapsed="0.000172"/>
</kw>
<kw name="List Should Contain Value" owner="Collections">
<msg time="2024-04-11T13:15:06.242082" level="INFO">False</msg>
<arg>${allowed_titles}</arg>
<arg>${name_title}</arg>
<doc>Fails if the ``value`` is not found from ``list``.</doc>
<status status="PASS" start="2024-04-11T13:15:06.241906" elapsed="0.000213"/>
</kw>
<kw name="Set Variable" owner="BuiltIn">
<msg time="2024-04-11T13:15:06.242797" level="INFO">${name_country} = IE</msg>
<var>${name_country}</var>
<arg>${json_data["results"][0]["nat"]}</arg>
<doc>Returns the given values which can then be assigned to a variables.</doc>
<status status="PASS" start="2024-04-11T13:15:06.242418" elapsed="0.000404"/>
</kw>
<kw name="Create List" owner="BuiltIn">
<msg time="2024-04-11T13:15:06.243729" level="INFO">${list_country} = ['AD', 'AE', 'AF', 'AG', 'AI', 'AL', 'AM', 'AO', 'AQ', 'AR', 'AS', 'AT', 'AU', 'AW', 'AX', 'AZ', 'BA', 'BB', 'BD', 'BE', 'BF', 'BG', 'BH', 'BI', 'BJ', 'BL', 'BM', 'BN', 'BO', 'BQ', 'BR', 'BS', 'BT', '...</msg>
<var>${list_country}</var>
<arg>AD</arg>
<arg>AE</arg>
<arg>AF</arg>
<arg>AG</arg>
<arg>AI</arg>
<arg>AL</arg>
<arg>AM</arg>
<arg>AO</arg>
<arg>AQ</arg>
<arg>AR</arg>
<arg>AS</arg>
<arg>AT</arg>
<arg>AU</arg>
<arg>AW</arg>
<arg>AX</arg>
<arg>AZ</arg>
<arg>BA</arg>
<arg>BB</arg>
<arg>BD</arg>
<arg>BE</arg>
<arg>BF</arg>
<arg>BG</arg>
<arg>BH</arg>
<arg>BI</arg>
<arg>BJ</arg>
<arg>BL</arg>
<arg>BM</arg>
<arg>BN</arg>
<arg>BO</arg>
<arg>BQ</arg>
<arg>BR</arg>
<arg>BS</arg>
<arg>BT</arg>
<arg>BV</arg>
<arg>BW</arg>
<arg>BY</arg>
<arg>BZ</arg>
<arg>CA</arg>
<arg>CC</arg>
<arg>CD</arg>
<arg>CF</arg>
<arg>CG</arg>
<arg>CH</arg>
<arg>CI</arg>
<arg>CK</arg>
<arg>CL</arg>
<arg>CM</arg>
<arg>CN</arg>
<arg>CO</arg>
<arg>CR</arg>
<arg>CU</arg>
<arg>CV</arg>
<arg>CW</arg>
<arg>CX</arg>
<arg>CY</arg>
<arg>CZ</arg>
<arg>DE</arg>
<arg>DJ</arg>
<arg>DK</arg>
<arg>DM</arg>
<arg>DO</arg>
<arg>DZ</arg>
<arg>EC</arg>
<arg>EE</arg>
<arg>EG</arg>
<arg>EH</arg>
<arg>ER</arg>
<arg>ES</arg>
<arg>ET</arg>
<arg>FI</arg>
<arg>FJ</arg>
<arg>FK</arg>
<arg>FM</arg>
<arg>FO</arg>
<arg>FR</arg>
<arg>GA</arg>
<arg>GB</arg>
<arg>GD</arg>
<arg>GE</arg>
<arg>GF</arg>
<arg>GG</arg>
<arg>GH</arg>
<arg>GI</arg>
<arg>GL</arg>
<arg>GM</arg>
<arg>GN</arg>
<arg>GP</arg>
<arg>GQ</arg>
<arg>GR</arg>
<arg>GS</arg>
<arg>GT</arg>
<arg>GU</arg>
<arg>GW</arg>
<arg>GY</arg>
<arg>HK</arg>
<arg>HM</arg>
<arg>HN</arg>
<arg>HR</arg>
<arg>HT</arg>
<arg>HU</arg>
<arg>ID</arg>
<arg>IE</arg>
<arg>IL</arg>
<arg>IM</arg>
<arg>IN</arg>
<arg>IO</arg>
<arg>IQ</arg>
<arg>IR</arg>
<arg>IS</arg>
<arg>IT</arg>
<arg>JE</arg>
<arg>JM</arg>
<arg>JO</arg>
<arg>JP</arg>
<arg>KE</arg>
<arg>KG</arg>
<arg>KH</arg>
<arg>KI</arg>
<arg>KM</arg>
<arg>KN</arg>
<arg>KP</arg>
<arg>KR</arg>
<arg>KW</arg>
<arg>KY</arg>
<arg>KZ</arg>
<arg>LA</arg>
<arg>LB</arg>
<arg>LC</arg>
<arg>LI</arg>
<arg>LK</arg>
<arg>LR</arg>
<arg>LS</arg>
<arg>LT</arg>
<arg>LU</arg>
<arg>LV</arg>
<arg>LY</arg>
<arg>MA</arg>
<arg>MC</arg>
<arg>MD</arg>
<arg>ME</arg>
<arg>MF</arg>
<arg>MG</arg>
<arg>MH</arg>
<arg>MK</arg>
<arg>ML</arg>
<arg>MM</arg>
<arg>MN</arg>
<arg>MO</arg>
<arg>MP</arg>
<arg>MQ</arg>
<arg>MR</arg>
<arg>MS</arg>
<arg>MT</arg>
<arg>MU</arg>
<arg>MV</arg>
<arg>MW</arg>
<arg>MX</arg>
<arg>MY</arg>
<arg>MZ</arg>
<arg>NA</arg>
<arg>NC</arg>
<arg>NE</arg>
<arg>NF</arg>
<arg>NG</arg>
<arg>NI</arg>
<arg>NL</arg>
<arg>NO</arg>
<arg>NP</arg>
<arg>NR</arg>
<arg>NU</arg>
<arg>NZ</arg>
<arg>OM</arg>
<arg>PA</arg>
<arg>PE</arg>
<arg>PF</arg>
<arg>PG</arg>
<arg>PH</arg>
<arg>PK</arg>
<arg>PL</arg>
<arg>PM</arg>
<arg>PN</arg>
<arg>PR</arg>
<arg>PS</arg>
<arg>PT</arg>
<arg>PW</arg>
<arg>PY</arg>
<arg>QA</arg>
<arg>RE</arg>
<arg>RO</arg>
<arg>RS</arg>
<arg>RU</arg>
<arg>RW</arg>
<arg>SA</arg>
<arg>SB</arg>
<arg>SC</arg>
<arg>SD</arg>
<arg>SE</arg>
<arg>SG</arg>
<arg>SH</arg>
<arg>SI</arg>
<arg>SJ</arg>
<arg>SK</arg>
<arg>SL</arg>
<arg>SM</arg>
<arg>SN</arg>
<arg>SO</arg>
<arg>SR</arg>
<arg>SS</arg>
<arg>ST</arg>
<arg>SV</arg>
<arg>SX</arg>
<arg>SY</arg>
<arg>SZ</arg>
<arg>TC</arg>
<arg>TD</arg>
<arg>TF</arg>
<arg>TG</arg>
<arg>TH</arg>
<arg>TJ</arg>
<arg>TK</arg>
<arg>TL</arg>
<arg>TM</arg>
<arg>TN</arg>
<arg>TO</arg>
<arg>TR</arg>
<arg>TT</arg>
<arg>TV</arg>
<arg>TW</arg>
<arg>TZ</arg>
<arg>UA</arg>
<arg>UG</arg>
<arg>UM</arg>
<arg>US</arg>
<arg>UY</arg>
<arg>UZ</arg>
<arg>VA</arg>
<arg>VC</arg>
<arg>VE</arg>
<arg>VG</arg>
<arg>VI</arg>
<arg>VN</arg>
<arg>VU</arg>
<arg>WF</arg>
<arg>WS</arg>
<arg>XK</arg>
<arg>YE</arg>
<arg>YT</arg>
<arg>ZA</arg>
<arg>ZM</arg>
<arg>ZW</arg>
<doc>Returns a list containing given items.</doc>
<status status="PASS" start="2024-04-11T13:15:06.243128" elapsed="0.000626"/>
</kw>
<kw name="List Should Contain Value" owner="Collections">
<msg time="2024-04-11T13:15:06.244777" level="INFO">False</msg>
<arg>${list_country}</arg>
<arg>${name_country}</arg>
<doc>Fails if the ``value`` is not found from ``list``.</doc>
<status status="PASS" start="2024-04-11T13:15:06.244574" elapsed="0.000240"/>
</kw>
<kw name="Run Keyword If" owner="BuiltIn">
<kw name="Should Be True" owner="BuiltIn">
<arg>${True}</arg>
<doc>Fails if the given condition is not true.</doc>
<status status="PASS" start="2024-04-11T13:15:06.246031" elapsed="0.000146"/>
</kw>
<arg>${json_data["results"][0]["location"]["coordinates"]["latitude"]} &gt;= -90 and ${json_data["results"][0]["location"]["coordinates"]["latitude"]} &lt;= 90</arg>
<arg>Should Be True</arg>
<arg>${True}</arg>
<doc>Runs the given keyword with the given arguments, if ``condition`` is true.</doc>
<status status="PASS" start="2024-04-11T13:15:06.245127" elapsed="0.001179"/>
</kw>
<kw name="Run Keyword If" owner="BuiltIn">
<kw name="Should Be True" owner="BuiltIn">
<arg>${True}</arg>
<doc>Fails if the given condition is not true.</doc>
<status status="PASS" start="2024-04-11T13:15:06.247193" elapsed="0.000141"/>
</kw>
<arg>${json_data["results"][0]["location"]["coordinates"]["longitude"]} &gt;= -180 and ${json_data["results"][0]["location"]["coordinates"]["longitude"]} &lt;= 180</arg>
<arg>Should Be True</arg>
<arg>${True}</arg>
<doc>Runs the given keyword with the given arguments, if ``condition`` is true.</doc>
<status status="PASS" start="2024-04-11T13:15:06.246495" elapsed="0.000966"/>
</kw>
<status status="PASS" start="2024-04-11T13:15:06.159673" elapsed="0.087923"/>
</kw>
<doc>Testa o conteúdo específico dos campos retornados pela API.</doc>
<tag>testeConteudo</tag>
<status status="PASS" start="2024-04-11T13:15:06.159138" elapsed="0.088613"/>
</test>
<status status="PASS" start="2024-04-11T13:15:05.445966" elapsed="0.803811"/>
</suite>
<status status="PASS" start="2024-04-11T13:15:05.432206" elapsed="0.823146"/>
</suite>
<statistics>
<total>
<stat pass="5" fail="0" skip="0">All Tests</stat>
</total>
<tag>
<stat pass="1" fail="0" skip="0">testeConteudo</stat>
<stat pass="1" fail="0" skip="0">testeEstruturaResposta</stat>
<stat pass="1" fail="0" skip="0">testeRequisicaoBasica</stat>
<stat pass="1" fail="0" skip="0">testeTiposDados</stat>
</tag>
<suite>
<stat pass="5" fail="0" skip="0" id="s1" name="Tests">Tests</stat>
<stat pass="5" fail="0" skip="0" id="s1-s1" name="Random-User-Test">Tests.Random-User-Test</stat>
</suite>
</statistics>
<errors>
</errors>
</robot>
