<?xml version="1.0" encoding="UTF-8"?>
<robot generator="Robot 7.0.1 (Python 3.12.4 on linux)" generated="2024-07-14T19:13:18.467659" rpa="false" schemaversion="5">
<suite id="s1" name="Tests" source="/home/runner/work/ApiRandomUser/ApiRandomUser/RamdonUser/tests">
<suite id="s1-s1" name="Random-User-Test" source="/home/runner/work/ApiRandomUser/ApiRandomUser/RamdonUser/tests/random-user-test.robot">
<test id="s1-s1-t1" name="Conectar" line="13">
<kw name="Conectar API" owner="random-user-service">
<kw name="Create Session" owner="RequestsLibrary">
<msg time="2024-07-14T19:13:18.857079" level="INFO">Creating Session using : alias=consultarAPI, url=https://randomuser.me/, headers={},                     cookies={}, auth=None, timeout=None, proxies=None, verify=False,                     debug=0 </msg>
<arg>consultarAPI</arg>
<arg>${URL}</arg>
<doc>Create Session: create a HTTP session to a server</doc>
<status status="PASS" start="2024-07-14T19:13:18.856887" elapsed="0.000358"/>
</kw>
<status status="PASS" start="2024-07-14T19:13:18.855959" elapsed="0.001628"/>
</kw>
<status status="PASS" start="2024-07-14T19:13:18.855376" elapsed="0.002402"/>
</test>
<test id="s1-s1-t2" name="Validar retorno 200 e JSON Válido" line="16">
<kw name="Teste de Requisicao Basica" owner="random-user-service">
<kw name="GET On Session" owner="RequestsLibrary">
<msg time="2024-07-14T19:13:18.989477" level="INFO">GET Request : url=https://randomuser.me/api 
 path_url=/api 
 headers={'User-Agent': 'python-requests/2.32.3', 'Accept-Encoding': 'gzip, deflate', 'Accept': '*/*', 'Connection': 'keep-alive'} 
 body=None 
 </msg>
<msg time="2024-07-14T19:13:18.989573" level="INFO">GET Response : url=https://randomuser.me/api 
 status=200, reason=OK 
 headers={'Date': 'Sun, 14 Jul 2024 19:13:18 GMT', 'Content-Type': 'application/json; charset=utf-8', 'Transfer-Encoding': 'chunked', 'Connection': 'keep-alive', 'X-Powered-By': 'Express', 'Access-Control-Allow-Origin': '*', 'Cache-Control': 'no-cache', 'ETag': 'W/"4a4-vIy+dli51r9vYfhroTJ1BPmJzss"', 'Vary': 'Accept-Encoding', 'Content-Encoding': 'gzip', 'CF-Cache-Status': 'DYNAMIC', 'Report-To': '{"endpoints":[{"url":"https:\\/\\/a.nel.cloudflare.com\\/report\\/v4?s=UWEBFs1Ul5E7zuQC%2FCi9CJuseetFGt8KsVRUmiQttDsH3BiiOX2fvQGCBcXZtZCGv%2BhbG22UCDwKombEBYMYu9CFi6ypjE4RYNQXoijmcar7TYhIo06cpDCQRAmiz781"}],"group":"cf-nel","max_age":604800}', 'NEL': '{"success_fraction":0,"report_to":"cf-nel","max_age":604800}', 'Server': 'cloudflare', 'CF-RAY': '8a33d44d0e1e679c-SJC', 'alt-svc': 'h3=":443"; ma=86400'} 
 body={"results":[{"gender":"female","name":{"title":"Ms","first":"Gladimira","last":"Santos"},"location":{"street":{"number":2994,"name":"Rua Santos Dumont "},"city":"Brasília","state":"Piauí","country":"Brazil","postcode":88868,"coordinates":{"latitude":"-80.8474","longitude":"73.6609"},"timezone":{"offset":"+11:00","description":"Magadan, Solomon Islands, New Caledonia"}},"email":"gladimira.santos@example.com","login":{"uuid":"6eff4b2a-e270-418d-a2f1-58fffc2c5757","username":"biggoose562","password":"west","salt":"kCceI1ii","md5":"fd97a031a6a6b835332de26bf033a05b","sha1":"a5e33ec10788c23813632cbc8cf2c12552fb6fcf","sha256":"d6cda8b2e40feb611e2a658ab7aeacc5b2d41d2bf130a1761d4879667f2da356"},"dob":{"date":"1999-06-08T18:45:20.896Z","age":25},"registered":{"date":"2022-04-20T09:28:19.103Z","age":2},"phone":"(81) 7343-4342","cell":"(32) 5425-6378","id":{"name":"CPF","value":"764.158.007-97"},"picture":{"large":"https://randomuser.me/api/portraits/women/96.jpg","medium":"https://randomuser.me/api/portraits/med/women/96.jpg","thumbnail":"https://randomuser.me/api/portraits/thumb/women/96.jpg"},"nat":"BR"}],"info":{"seed":"8bcb5046272308af","results":1,"page":1,"version":"1.4"}} 
 </msg>
<msg time="2024-07-14T19:13:18.989646" level="INFO">/opt/hostedtoolcache/Python/3.12.4/x64/lib/python3.12/site-packages/urllib3/connectionpool.py:1099: InsecureRequestWarning: Unverified HTTPS request is being made to host 'randomuser.me'. Adding certificate verification is strongly advised. See: https://urllib3.readthedocs.io/en/latest/advanced-usage.html#tls-warnings
  warnings.warn(</msg>
<msg time="2024-07-14T19:13:18.989753" level="INFO">${response} = &lt;Response [200]&gt;</msg>
<var>${response}</var>
<arg>consultarAPI</arg>
<arg>/api</arg>
<doc>Sends a GET request on a previously created HTTP Session.</doc>
<status status="PASS" start="2024-07-14T19:13:18.860408" elapsed="0.129387"/>
</kw>
<kw name="Should Be Equal As Numbers" owner="BuiltIn">
<msg time="2024-07-14T19:13:18.990620" level="INFO">Argument types are:
&lt;class 'int'&gt;
&lt;class 'str'&gt;</msg>
<arg>${response.status_code}</arg>
<arg>200</arg>
<doc>Fails if objects are unequal after converting them to real numbers.</doc>
<status status="PASS" start="2024-07-14T19:13:18.990184" elapsed="0.000500"/>
</kw>
<kw name="Log" owner="BuiltIn">
<msg time="2024-07-14T19:13:18.991352" level="INFO">200</msg>
<arg>${response.status_code}</arg>
<doc>Logs the given message with the given level.</doc>
<status status="PASS" start="2024-07-14T19:13:18.991000" elapsed="0.000395"/>
</kw>
<kw name="Set Variable" owner="BuiltIn">
<msg time="2024-07-14T19:13:18.992132" level="INFO">${json_data} = {'results': [{'gender': 'female', 'name': {'title': 'Ms', 'first': 'Gladimira', 'last': 'Santos'}, 'location': {'street': {'number': 2994, 'name': 'Rua Santos Dumont '}, 'city': 'Brasília', 'state': '...</msg>
<var>${json_data}</var>
<arg>${response.json()}</arg>
<doc>Returns the given values which can then be assigned to a variables.</doc>
<status status="PASS" start="2024-07-14T19:13:18.991695" elapsed="0.000466"/>
</kw>
<kw name="Dictionary Should Contain Key" owner="Collections">
<arg>${json_data}</arg>
<arg>results</arg>
<doc>Fails if ``key`` is not found from ``dictionary``.</doc>
<status status="PASS" start="2024-07-14T19:13:18.992458" elapsed="0.000162"/>
</kw>
<status status="PASS" start="2024-07-14T19:13:18.860179" elapsed="0.132584"/>
</kw>
<doc>Testa se a API responde corretamente e retorna um objeto JSON válido.</doc>
<tag>testeRequisicaoBasica</tag>
<status status="PASS" start="2024-07-14T19:13:18.859676" elapsed="0.133253"/>
</test>
<test id="s1-s1-t3" name="Validar estrutura de resposta" line="22">
<kw name="Teste de Estrutura de Resposta" owner="random-user-service">
<kw name="GET On Session" owner="RequestsLibrary">
<msg time="2024-07-14T19:13:19.092397" level="INFO">GET Request : url=https://randomuser.me/api 
 path_url=/api 
 headers={'User-Agent': 'python-requests/2.32.3', 'Accept-Encoding': 'gzip, deflate', 'Accept': '*/*', 'Connection': 'keep-alive'} 
 body=None 
 </msg>
<msg time="2024-07-14T19:13:19.092484" level="INFO">GET Response : url=https://randomuser.me/api 
 status=200, reason=OK 
 headers={'Date': 'Sun, 14 Jul 2024 19:13:19 GMT', 'Content-Type': 'application/json; charset=utf-8', 'Transfer-Encoding': 'chunked', 'Connection': 'keep-alive', 'X-Powered-By': 'Express', 'Access-Control-Allow-Origin': '*', 'Cache-Control': 'no-cache', 'ETag': 'W/"48e-B0kQLC74MmVnc4eVhVZG67rTiSg"', 'Vary': 'Accept-Encoding', 'Content-Encoding': 'gzip', 'CF-Cache-Status': 'DYNAMIC', 'Report-To': '{"endpoints":[{"url":"https:\\/\\/a.nel.cloudflare.com\\/report\\/v4?s=eLbEMJbdWEJgor8RsM6BY6lbIVYCIsN3s%2Fbob6rpNUsCUPd%2FNubChQxi%2FbEM6MUwna7XymJLMkjI0OY5uvMHS2fGV%2FZdM8ZlaNhSv8X5K7fcEI9wGZUl9pjLLJx9h0ST"}],"group":"cf-nel","max_age":604800}', 'NEL': '{"success_fraction":0,"report_to":"cf-nel","max_age":604800}', 'Server': 'cloudflare', 'CF-RAY': '8a33d44dbeba679c-SJC', 'alt-svc': 'h3=":443"; ma=86400'} 
 body={"results":[{"gender":"male","name":{"title":"Mr","first":"Analide","last":"Pires"},"location":{"street":{"number":1397,"name":"Rua Das Flores "},"city":"Guarulhos","state":"Bahia","country":"Brazil","postcode":75829,"coordinates":{"latitude":"-75.5642","longitude":"-44.8546"},"timezone":{"offset":"-3:00","description":"Brazil, Buenos Aires, Georgetown"}},"email":"analide.pires@example.com","login":{"uuid":"1c52352b-fc11-401e-b251-5fd94002d373","username":"greenbird424","password":"bloody","salt":"0Xeebf4C","md5":"4dbccacdbdd89149142e2cd04d9d3786","sha1":"a9525bc6716444b397fa181567fad14917e44710","sha256":"2ec8e465dbba46caaed45ddd18bf82a380f9d64a5e22533098d887200e158fcc"},"dob":{"date":"1999-05-26T06:18:34.828Z","age":25},"registered":{"date":"2019-08-02T19:47:00.739Z","age":4},"phone":"(20) 0182-4284","cell":"(64) 2632-0154","id":{"name":"CPF","value":"659.944.469-40"},"picture":{"large":"https://randomuser.me/api/portraits/men/60.jpg","medium":"https://randomuser.me/api/portraits/med/men/60.jpg","thumbnail":"https://randomuser.me/api/portraits/thumb/men/60.jpg"},"nat":"BR"}],"info":{"seed":"6be55c2fd85cc73e","results":1,"page":1,"version":"1.4"}} 
 </msg>
<msg time="2024-07-14T19:13:19.092620" level="INFO">/opt/hostedtoolcache/Python/3.12.4/x64/lib/python3.12/site-packages/urllib3/connectionpool.py:1099: InsecureRequestWarning: Unverified HTTPS request is being made to host 'randomuser.me'. Adding certificate verification is strongly advised. See: https://urllib3.readthedocs.io/en/latest/advanced-usage.html#tls-warnings
  warnings.warn(</msg>
<msg time="2024-07-14T19:13:19.092713" level="INFO">${response} = &lt;Response [200]&gt;</msg>
<var>${response}</var>
<arg>consultarAPI</arg>
<arg>/api</arg>
<doc>Sends a GET request on a previously created HTTP Session.</doc>
<status status="PASS" start="2024-07-14T19:13:18.995553" elapsed="0.097204"/>
</kw>
<kw name="Set Variable" owner="BuiltIn">
<msg time="2024-07-14T19:13:19.093757" level="INFO">${json_data} = {'results': [{'gender': 'male', 'name': {'title': 'Mr', 'first': 'Analide', 'last': 'Pires'}, 'location': {'street': {'number': 1397, 'name': 'Rua Das Flores '}, 'city': 'Guarulhos', 'state': 'Bahia',...</msg>
<var>${json_data}</var>
<arg>${response.json()}</arg>
<doc>Returns the given values which can then be assigned to a variables.</doc>
<status status="PASS" start="2024-07-14T19:13:19.093208" elapsed="0.000578"/>
</kw>
<kw name="Log" owner="BuiltIn">
<msg time="2024-07-14T19:13:19.094251" level="INFO">{'results': [{'gender': 'male', 'name': {'title': 'Mr', 'first': 'Analide', 'last': 'Pires'}, 'location': {'street': {'number': 1397, 'name': 'Rua Das Flores '}, 'city': 'Guarulhos', 'state': 'Bahia', 'country': 'Brazil', 'postcode': 75829, 'coordinates': {'latitude': '-75.5642', 'longitude': '-44.8546'}, 'timezone': {'offset': '-3:00', 'description': 'Brazil, Buenos Aires, Georgetown'}}, 'email': 'analide.pires@example.com', 'login': {'uuid': '1c52352b-fc11-401e-b251-5fd94002d373', 'username': 'greenbird424', 'password': 'bloody', 'salt': '0Xeebf4C', 'md5': '4dbccacdbdd89149142e2cd04d9d3786', 'sha1': 'a9525bc6716444b397fa181567fad14917e44710', 'sha256': '2ec8e465dbba46caaed45ddd18bf82a380f9d64a5e22533098d887200e158fcc'}, 'dob': {'date': '1999-05-26T06:18:34.828Z', 'age': 25}, 'registered': {'date': '2019-08-02T19:47:00.739Z', 'age': 4}, 'phone': '(20) 0182-4284', 'cell': '(64) 2632-0154', 'id': {'name': 'CPF', 'value': '659.944.469-40'}, 'picture': {'large': 'https://randomuser.me/api/portraits/men/60.jpg', 'medium': 'https://randomuser.me/api/portraits/med/men/60.jpg', 'thumbnail': 'https://randomuser.me/api/portraits/thumb/men/60.jpg'}, 'nat': 'BR'}], 'info': {'seed': '6be55c2fd85cc73e', 'results': 1, 'page': 1, 'version': '1.4'}}</msg>
<arg>${json_data}</arg>
<doc>Logs the given message with the given level.</doc>
<status status="PASS" start="2024-07-14T19:13:19.094098" elapsed="0.000201"/>
</kw>
<kw name="Dictionary Should Contain Key" owner="Collections">
<arg>${json_data}</arg>
<arg>results</arg>
<doc>Fails if ``key`` is not found from ``dictionary``.</doc>
<status status="PASS" start="2024-07-14T19:13:19.094645" elapsed="0.000158"/>
</kw>
<kw name="Should Not Be Empty" owner="BuiltIn">
<msg time="2024-07-14T19:13:19.095120" level="INFO">Length is 2.</msg>
<arg>${json_data}</arg>
<doc>Verifies that the given item is not empty.</doc>
<status status="PASS" start="2024-07-14T19:13:19.094987" elapsed="0.000171"/>
</kw>
<kw name="Create List" owner="BuiltIn">
<msg time="2024-07-14T19:13:19.095707" level="INFO">${expected_keys} = ['gender', 'name', 'location', 'email', 'login']</msg>
<var>${expected_keys}</var>
<arg>gender</arg>
<arg>name</arg>
<arg>location</arg>
<arg>email</arg>
<arg>login</arg>
<doc>Returns a list containing given items.</doc>
<status status="PASS" start="2024-07-14T19:13:19.095443" elapsed="0.000289"/>
</kw>
<for flavor="IN">
<iter>
<kw name="Dictionary Should Contain Key" owner="Collections">
<arg>${json_data['results'][0]}</arg>
<arg>${key}</arg>
<doc>Fails if ``key`` is not found from ``dictionary``.</doc>
<status status="PASS" start="2024-07-14T19:13:19.096283" elapsed="0.000397"/>
</kw>
<kw name="Log" owner="BuiltIn">
<msg time="2024-07-14T19:13:19.097230" level="INFO">{'gender': 'male', 'name': {'title': 'Mr', 'first': 'Analide', 'last': 'Pires'}, 'location': {'street': {'number': 1397, 'name': 'Rua Das Flores '}, 'city': 'Guarulhos', 'state': 'Bahia', 'country': 'Brazil', 'postcode': 75829, 'coordinates': {'latitude': '-75.5642', 'longitude': '-44.8546'}, 'timezone': {'offset': '-3:00', 'description': 'Brazil, Buenos Aires, Georgetown'}}, 'email': 'analide.pires@example.com', 'login': {'uuid': '1c52352b-fc11-401e-b251-5fd94002d373', 'username': 'greenbird424', 'password': 'bloody', 'salt': '0Xeebf4C', 'md5': '4dbccacdbdd89149142e2cd04d9d3786', 'sha1': 'a9525bc6716444b397fa181567fad14917e44710', 'sha256': '2ec8e465dbba46caaed45ddd18bf82a380f9d64a5e22533098d887200e158fcc'}, 'dob': {'date': '1999-05-26T06:18:34.828Z', 'age': 25}, 'registered': {'date': '2019-08-02T19:47:00.739Z', 'age': 4}, 'phone': '(20) 0182-4284', 'cell': '(64) 2632-0154', 'id': {'name': 'CPF', 'value': '659.944.469-40'}, 'picture': {'large': 'https://randomuser.me/api/portraits/men/60.jpg', 'medium': 'https://randomuser.me/api/portraits/med/men/60.jpg', 'thumbnail': 'https://randomuser.me/api/portraits/thumb/men/60.jpg'}, 'nat': 'BR'}</msg>
<arg>${json_data['results'][0]}</arg>
<doc>Logs the given message with the given level.</doc>
<status status="PASS" start="2024-07-14T19:13:19.096869" elapsed="0.000411"/>
</kw>
<kw name="Log" owner="BuiltIn">
<msg time="2024-07-14T19:13:19.097705" level="INFO">gender</msg>
<arg>${key}</arg>
<doc>Logs the given message with the given level.</doc>
<status status="PASS" start="2024-07-14T19:13:19.097578" elapsed="0.000165"/>
</kw>
<var name="${key}">gender</var>
<status status="PASS" start="2024-07-14T19:13:19.096165" elapsed="0.001794"/>
</iter>
<iter>
<kw name="Dictionary Should Contain Key" owner="Collections">
<arg>${json_data['results'][0]}</arg>
<arg>${key}</arg>
<doc>Fails if ``key`` is not found from ``dictionary``.</doc>
<status status="PASS" start="2024-07-14T19:13:19.098253" elapsed="0.000423"/>
</kw>
<kw name="Log" owner="BuiltIn">
<msg time="2024-07-14T19:13:19.099211" level="INFO">{'gender': 'male', 'name': {'title': 'Mr', 'first': 'Analide', 'last': 'Pires'}, 'location': {'street': {'number': 1397, 'name': 'Rua Das Flores '}, 'city': 'Guarulhos', 'state': 'Bahia', 'country': 'Brazil', 'postcode': 75829, 'coordinates': {'latitude': '-75.5642', 'longitude': '-44.8546'}, 'timezone': {'offset': '-3:00', 'description': 'Brazil, Buenos Aires, Georgetown'}}, 'email': 'analide.pires@example.com', 'login': {'uuid': '1c52352b-fc11-401e-b251-5fd94002d373', 'username': 'greenbird424', 'password': 'bloody', 'salt': '0Xeebf4C', 'md5': '4dbccacdbdd89149142e2cd04d9d3786', 'sha1': 'a9525bc6716444b397fa181567fad14917e44710', 'sha256': '2ec8e465dbba46caaed45ddd18bf82a380f9d64a5e22533098d887200e158fcc'}, 'dob': {'date': '1999-05-26T06:18:34.828Z', 'age': 25}, 'registered': {'date': '2019-08-02T19:47:00.739Z', 'age': 4}, 'phone': '(20) 0182-4284', 'cell': '(64) 2632-0154', 'id': {'name': 'CPF', 'value': '659.944.469-40'}, 'picture': {'large': 'https://randomuser.me/api/portraits/men/60.jpg', 'medium': 'https://randomuser.me/api/portraits/med/men/60.jpg', 'thumbnail': 'https://randomuser.me/api/portraits/thumb/men/60.jpg'}, 'nat': 'BR'}</msg>
<arg>${json_data['results'][0]}</arg>
<doc>Logs the given message with the given level.</doc>
<status status="PASS" start="2024-07-14T19:13:19.098858" elapsed="0.000434"/>
</kw>
<kw name="Log" owner="BuiltIn">
<msg time="2024-07-14T19:13:19.099716" level="INFO">name</msg>
<arg>${key}</arg>
<doc>Logs the given message with the given level.</doc>
<status status="PASS" start="2024-07-14T19:13:19.099590" elapsed="0.000163"/>
</kw>
<var name="${key}">name</var>
<status status="PASS" start="2024-07-14T19:13:19.098143" elapsed="0.001825"/>
</iter>
<iter>
<kw name="Dictionary Should Contain Key" owner="Collections">
<arg>${json_data['results'][0]}</arg>
<arg>${key}</arg>
<doc>Fails if ``key`` is not found from ``dictionary``.</doc>
<status status="PASS" start="2024-07-14T19:13:19.100251" elapsed="0.000376"/>
</kw>
<kw name="Log" owner="BuiltIn">
<msg time="2024-07-14T19:13:19.101153" level="INFO">{'gender': 'male', 'name': {'title': 'Mr', 'first': 'Analide', 'last': 'Pires'}, 'location': {'street': {'number': 1397, 'name': 'Rua Das Flores '}, 'city': 'Guarulhos', 'state': 'Bahia', 'country': 'Brazil', 'postcode': 75829, 'coordinates': {'latitude': '-75.5642', 'longitude': '-44.8546'}, 'timezone': {'offset': '-3:00', 'description': 'Brazil, Buenos Aires, Georgetown'}}, 'email': 'analide.pires@example.com', 'login': {'uuid': '1c52352b-fc11-401e-b251-5fd94002d373', 'username': 'greenbird424', 'password': 'bloody', 'salt': '0Xeebf4C', 'md5': '4dbccacdbdd89149142e2cd04d9d3786', 'sha1': 'a9525bc6716444b397fa181567fad14917e44710', 'sha256': '2ec8e465dbba46caaed45ddd18bf82a380f9d64a5e22533098d887200e158fcc'}, 'dob': {'date': '1999-05-26T06:18:34.828Z', 'age': 25}, 'registered': {'date': '2019-08-02T19:47:00.739Z', 'age': 4}, 'phone': '(20) 0182-4284', 'cell': '(64) 2632-0154', 'id': {'name': 'CPF', 'value': '659.944.469-40'}, 'picture': {'large': 'https://randomuser.me/api/portraits/men/60.jpg', 'medium': 'https://randomuser.me/api/portraits/med/men/60.jpg', 'thumbnail': 'https://randomuser.me/api/portraits/thumb/men/60.jpg'}, 'nat': 'BR'}</msg>
<arg>${json_data['results'][0]}</arg>
<doc>Logs the given message with the given level.</doc>
<status status="PASS" start="2024-07-14T19:13:19.100807" elapsed="0.000394"/>
</kw>
<kw name="Log" owner="BuiltIn">
<msg time="2024-07-14T19:13:19.101620" level="INFO">location</msg>
<arg>${key}</arg>
<doc>Logs the given message with the given level.</doc>
<status status="PASS" start="2024-07-14T19:13:19.101494" elapsed="0.000162"/>
</kw>
<var name="${key}">location</var>
<status status="PASS" start="2024-07-14T19:13:19.100143" elapsed="0.001726"/>
</iter>
<iter>
<kw name="Dictionary Should Contain Key" owner="Collections">
<arg>${json_data['results'][0]}</arg>
<arg>${key}</arg>
<doc>Fails if ``key`` is not found from ``dictionary``.</doc>
<status status="PASS" start="2024-07-14T19:13:19.102144" elapsed="0.000420"/>
</kw>
<kw name="Log" owner="BuiltIn">
<msg time="2024-07-14T19:13:19.103105" level="INFO">{'gender': 'male', 'name': {'title': 'Mr', 'first': 'Analide', 'last': 'Pires'}, 'location': {'street': {'number': 1397, 'name': 'Rua Das Flores '}, 'city': 'Guarulhos', 'state': 'Bahia', 'country': 'Brazil', 'postcode': 75829, 'coordinates': {'latitude': '-75.5642', 'longitude': '-44.8546'}, 'timezone': {'offset': '-3:00', 'description': 'Brazil, Buenos Aires, Georgetown'}}, 'email': 'analide.pires@example.com', 'login': {'uuid': '1c52352b-fc11-401e-b251-5fd94002d373', 'username': 'greenbird424', 'password': 'bloody', 'salt': '0Xeebf4C', 'md5': '4dbccacdbdd89149142e2cd04d9d3786', 'sha1': 'a9525bc6716444b397fa181567fad14917e44710', 'sha256': '2ec8e465dbba46caaed45ddd18bf82a380f9d64a5e22533098d887200e158fcc'}, 'dob': {'date': '1999-05-26T06:18:34.828Z', 'age': 25}, 'registered': {'date': '2019-08-02T19:47:00.739Z', 'age': 4}, 'phone': '(20) 0182-4284', 'cell': '(64) 2632-0154', 'id': {'name': 'CPF', 'value': '659.944.469-40'}, 'picture': {'large': 'https://randomuser.me/api/portraits/men/60.jpg', 'medium': 'https://randomuser.me/api/portraits/med/men/60.jpg', 'thumbnail': 'https://randomuser.me/api/portraits/thumb/men/60.jpg'}, 'nat': 'BR'}</msg>
<arg>${json_data['results'][0]}</arg>
<doc>Logs the given message with the given level.</doc>
<status status="PASS" start="2024-07-14T19:13:19.102755" elapsed="0.000422"/>
</kw>
<kw name="Log" owner="BuiltIn">
<msg time="2024-07-14T19:13:19.103658" level="INFO">email</msg>
<arg>${key}</arg>
<doc>Logs the given message with the given level.</doc>
<status status="PASS" start="2024-07-14T19:13:19.103524" elapsed="0.000173"/>
</kw>
<var name="${key}">email</var>
<status status="PASS" start="2024-07-14T19:13:19.102038" elapsed="0.001966"/>
</iter>
<iter>
<kw name="Dictionary Should Contain Key" owner="Collections">
<arg>${json_data['results'][0]}</arg>
<arg>${key}</arg>
<doc>Fails if ``key`` is not found from ``dictionary``.</doc>
<status status="PASS" start="2024-07-14T19:13:19.104319" elapsed="0.000386"/>
</kw>
<kw name="Log" owner="BuiltIn">
<msg time="2024-07-14T19:13:19.105233" level="INFO">{'gender': 'male', 'name': {'title': 'Mr', 'first': 'Analide', 'last': 'Pires'}, 'location': {'street': {'number': 1397, 'name': 'Rua Das Flores '}, 'city': 'Guarulhos', 'state': 'Bahia', 'country': 'Brazil', 'postcode': 75829, 'coordinates': {'latitude': '-75.5642', 'longitude': '-44.8546'}, 'timezone': {'offset': '-3:00', 'description': 'Brazil, Buenos Aires, Georgetown'}}, 'email': 'analide.pires@example.com', 'login': {'uuid': '1c52352b-fc11-401e-b251-5fd94002d373', 'username': 'greenbird424', 'password': 'bloody', 'salt': '0Xeebf4C', 'md5': '4dbccacdbdd89149142e2cd04d9d3786', 'sha1': 'a9525bc6716444b397fa181567fad14917e44710', 'sha256': '2ec8e465dbba46caaed45ddd18bf82a380f9d64a5e22533098d887200e158fcc'}, 'dob': {'date': '1999-05-26T06:18:34.828Z', 'age': 25}, 'registered': {'date': '2019-08-02T19:47:00.739Z', 'age': 4}, 'phone': '(20) 0182-4284', 'cell': '(64) 2632-0154', 'id': {'name': 'CPF', 'value': '659.944.469-40'}, 'picture': {'large': 'https://randomuser.me/api/portraits/men/60.jpg', 'medium': 'https://randomuser.me/api/portraits/med/men/60.jpg', 'thumbnail': 'https://randomuser.me/api/portraits/thumb/men/60.jpg'}, 'nat': 'BR'}</msg>
<arg>${json_data['results'][0]}</arg>
<doc>Logs the given message with the given level.</doc>
<status status="PASS" start="2024-07-14T19:13:19.104887" elapsed="0.000394"/>
</kw>
<kw name="Log" owner="BuiltIn">
<msg time="2024-07-14T19:13:19.105694" level="INFO">login</msg>
<arg>${key}</arg>
<doc>Logs the given message with the given level.</doc>
<status status="PASS" start="2024-07-14T19:13:19.105568" elapsed="0.000163"/>
</kw>
<var name="${key}">login</var>
<status status="PASS" start="2024-07-14T19:13:19.104203" elapsed="0.001737"/>
</iter>
<var>${key}</var>
<value>@{expected_keys}</value>
<status status="PASS" start="2024-07-14T19:13:19.095988" elapsed="0.010074"/>
</for>
<kw name="Create List" owner="BuiltIn">
<msg time="2024-07-14T19:13:19.106416" level="INFO">${expected_keysTwo} = ['username', 'password']</msg>
<var>${expected_keysTwo}</var>
<arg>username</arg>
<arg>password</arg>
<doc>Returns a list containing given items.</doc>
<status status="PASS" start="2024-07-14T19:13:19.106248" elapsed="0.000230"/>
</kw>
<for flavor="IN">
<iter>
<kw name="Dictionary Should Contain Key" owner="Collections">
<arg>${json_data['results'][0]['login']}</arg>
<arg>${keyTwo}</arg>
<doc>Fails if ``key`` is not found from ``dictionary``.</doc>
<status status="PASS" start="2024-07-14T19:13:19.106977" elapsed="0.000386"/>
</kw>
<kw name="Dictionary Should Contain Key" owner="Collections">
<arg>${json_data['results'][0]['login']}</arg>
<arg>${keyTwo}</arg>
<doc>Fails if ``key`` is not found from ``dictionary``.</doc>
<status status="PASS" start="2024-07-14T19:13:19.107543" elapsed="0.000367"/>
</kw>
<kw name="Log" owner="BuiltIn">
<msg time="2024-07-14T19:13:19.108210" level="INFO">username</msg>
<arg>${keyTwo}</arg>
<doc>Logs the given message with the given level.</doc>
<status status="PASS" start="2024-07-14T19:13:19.108091" elapsed="0.000155"/>
</kw>
<var name="${keyTwo}">username</var>
<status status="PASS" start="2024-07-14T19:13:19.106872" elapsed="0.001587"/>
</iter>
<iter>
<kw name="Dictionary Should Contain Key" owner="Collections">
<arg>${json_data['results'][0]['login']}</arg>
<arg>${keyTwo}</arg>
<doc>Fails if ``key`` is not found from ``dictionary``.</doc>
<status status="PASS" start="2024-07-14T19:13:19.108733" elapsed="0.000380"/>
</kw>
<kw name="Dictionary Should Contain Key" owner="Collections">
<arg>${json_data['results'][0]['login']}</arg>
<arg>${keyTwo}</arg>
<doc>Fails if ``key`` is not found from ``dictionary``.</doc>
<status status="PASS" start="2024-07-14T19:13:19.109297" elapsed="0.000368"/>
</kw>
<kw name="Log" owner="BuiltIn">
<msg time="2024-07-14T19:13:19.109953" level="INFO">password</msg>
<arg>${keyTwo}</arg>
<doc>Logs the given message with the given level.</doc>
<status status="PASS" start="2024-07-14T19:13:19.109837" elapsed="0.000158"/>
</kw>
<var name="${keyTwo}">password</var>
<status status="PASS" start="2024-07-14T19:13:19.108629" elapsed="0.001669"/>
</iter>
<var>${keyTwo}</var>
<value>@{expected_keysTwo}</value>
<status status="PASS" start="2024-07-14T19:13:19.106723" elapsed="0.003734"/>
</for>
<status status="PASS" start="2024-07-14T19:13:18.995326" elapsed="0.115283"/>
</kw>
<doc>Testa a estrutura da resposta da API.</doc>
<tag>testeEstruturaResposta</tag>
<status status="PASS" start="2024-07-14T19:13:18.994770" elapsed="0.115982"/>
</test>
<test id="s1-s1-t4" name="Validar tipos de dados" line="28">
<kw name="Teste de Tipos de Dados" owner="random-user-service">
<kw name="GET On Session" owner="RequestsLibrary">
<msg time="2024-07-14T19:13:19.206848" level="INFO">GET Request : url=https://randomuser.me/api 
 path_url=/api 
 headers={'User-Agent': 'python-requests/2.32.3', 'Accept-Encoding': 'gzip, deflate', 'Accept': '*/*', 'Connection': 'keep-alive'} 
 body=None 
 </msg>
<msg time="2024-07-14T19:13:19.206912" level="INFO">GET Response : url=https://randomuser.me/api 
 status=200, reason=OK 
 headers={'Date': 'Sun, 14 Jul 2024 19:13:19 GMT', 'Content-Type': 'application/json; charset=utf-8', 'Transfer-Encoding': 'chunked', 'Connection': 'keep-alive', 'X-Powered-By': 'Express', 'Access-Control-Allow-Origin': '*', 'Cache-Control': 'no-cache', 'ETag': 'W/"49a-Kz6wAD4L/m/nbwXFIVF2T6lRZjs"', 'Vary': 'Accept-Encoding', 'Content-Encoding': 'gzip', 'CF-Cache-Status': 'DYNAMIC', 'Report-To': '{"endpoints":[{"url":"https:\\/\\/a.nel.cloudflare.com\\/report\\/v4?s=ZjHpNfA8o44SYLgzv15kWorlU8PDdkwfFlNUDs%2Ba%2B%2FQ0UMrkzn3XDsclOyWrf44uZqxd7s0ifxV%2FwS30LRslY7kCOIhauUAoeagu2p%2F90hz4B2cNM30lC%2BYHsjTpfBL9"}],"group":"cf-nel","max_age":604800}', 'NEL': '{"success_fraction":0,"report_to":"cf-nel","max_age":604800}', 'Server': 'cloudflare', 'CF-RAY': '8a33d44e7f34679c-SJC', 'alt-svc': 'h3=":443"; ma=86400'} 
 body={"results":[{"gender":"male","name":{"title":"Mr","first":"Alexis","last":"Grewal"},"location":{"street":{"number":2616,"name":"Pine Rd"},"city":"Notre Dame de Lourdes","state":"Northwest Territories","country":"Canada","postcode":"P5C 4A2","coordinates":{"latitude":"-65.3620","longitude":"-123.4124"},"timezone":{"offset":"-8:00","description":"Pacific Time (US &amp; Canada)"}},"email":"alexis.grewal@example.com","login":{"uuid":"1624c97b-50af-4d69-a4f2-7a244815b3fb","username":"yellowcat548","password":"dragon1","salt":"waO71zLN","md5":"64a70ca881ba993b5670416840184b15","sha1":"6db6c077ad538419348f8fe4239bc600cda83afb","sha256":"74e31918c28be3ed5ccbfa07aa951063ec8ae4fc07d8c15640512f91f35ced29"},"dob":{"date":"1981-04-14T14:25:00.897Z","age":43},"registered":{"date":"2005-12-07T17:55:44.680Z","age":18},"phone":"G51 I62-9731","cell":"M59 M36-6399","id":{"name":"SIN","value":"856764022"},"picture":{"large":"https://randomuser.me/api/portraits/men/27.jpg","medium":"https://randomuser.me/api/portraits/med/men/27.jpg","thumbnail":"https://randomuser.me/api/portraits/thumb/men/27.jpg"},"nat":"CA"}],"info":{"seed":"2d0df7d227275a02","results":1,"page":1,"version":"1.4"}} 
 </msg>
<msg time="2024-07-14T19:13:19.206967" level="INFO">/opt/hostedtoolcache/Python/3.12.4/x64/lib/python3.12/site-packages/urllib3/connectionpool.py:1099: InsecureRequestWarning: Unverified HTTPS request is being made to host 'randomuser.me'. Adding certificate verification is strongly advised. See: https://urllib3.readthedocs.io/en/latest/advanced-usage.html#tls-warnings
  warnings.warn(</msg>
<msg time="2024-07-14T19:13:19.207054" level="INFO">${response} = &lt;Response [200]&gt;</msg>
<var>${response}</var>
<arg>consultarAPI</arg>
<arg>/api</arg>
<doc>Sends a GET request on a previously created HTTP Session.</doc>
<status status="PASS" start="2024-07-14T19:13:19.113088" elapsed="0.094009"/>
</kw>
<kw name="Set Variable" owner="BuiltIn">
<msg time="2024-07-14T19:13:19.208099" level="INFO">${json_data} = {'results': [{'gender': 'male', 'name': {'title': 'Mr', 'first': 'Alexis', 'last': 'Grewal'}, 'location': {'street': {'number': 2616, 'name': 'Pine Rd'}, 'city': 'Notre Dame de Lourdes', 'state': 'Nor...</msg>
<var>${json_data}</var>
<arg>${response.json()}</arg>
<doc>Returns the given values which can then be assigned to a variables.</doc>
<status status="PASS" start="2024-07-14T19:13:19.207543" elapsed="0.000585"/>
</kw>
<kw name="Log" owner="BuiltIn">
<msg time="2024-07-14T19:13:19.208594" level="INFO">{'results': [{'gender': 'male', 'name': {'title': 'Mr', 'first': 'Alexis', 'last': 'Grewal'}, 'location': {'street': {'number': 2616, 'name': 'Pine Rd'}, 'city': 'Notre Dame de Lourdes', 'state': 'Northwest Territories', 'country': 'Canada', 'postcode': 'P5C 4A2', 'coordinates': {'latitude': '-65.3620', 'longitude': '-123.4124'}, 'timezone': {'offset': '-8:00', 'description': 'Pacific Time (US &amp; Canada)'}}, 'email': 'alexis.grewal@example.com', 'login': {'uuid': '1624c97b-50af-4d69-a4f2-7a244815b3fb', 'username': 'yellowcat548', 'password': 'dragon1', 'salt': 'waO71zLN', 'md5': '64a70ca881ba993b5670416840184b15', 'sha1': '6db6c077ad538419348f8fe4239bc600cda83afb', 'sha256': '74e31918c28be3ed5ccbfa07aa951063ec8ae4fc07d8c15640512f91f35ced29'}, 'dob': {'date': '1981-04-14T14:25:00.897Z', 'age': 43}, 'registered': {'date': '2005-12-07T17:55:44.680Z', 'age': 18}, 'phone': 'G51 I62-9731', 'cell': 'M59 M36-6399', 'id': {'name': 'SIN', 'value': '856764022'}, 'picture': {'large': 'https://randomuser.me/api/portraits/men/27.jpg', 'medium': 'https://randomuser.me/api/portraits/med/men/27.jpg', 'thumbnail': 'https://randomuser.me/api/portraits/thumb/men/27.jpg'}, 'nat': 'CA'}], 'info': {'seed': '2d0df7d227275a02', 'results': 1, 'page': 1, 'version': '1.4'}}</msg>
<arg>${json_data}</arg>
<doc>Logs the given message with the given level.</doc>
<status status="PASS" start="2024-07-14T19:13:19.208440" elapsed="0.000204"/>
</kw>
<kw name="Should Be String" owner="String">
<arg>${json_data['results'][0]['gender']}</arg>
<doc>Fails if the given ``item`` is not a string.</doc>
<status status="PASS" start="2024-07-14T19:13:19.208937" elapsed="0.000402"/>
</kw>
<kw name="Should Match Regexp" owner="BuiltIn">
<arg>${json_data['results'][0]['email']}</arg>
<arg>^[a-zA-Z0-9._%+-]+@[a-zA-Z0-9.-]+\.[a-zA-Z]{2,}$</arg>
<doc>Fails if ``string`` does not match ``pattern`` as a regular expression.</doc>
<status status="PASS" start="2024-07-14T19:13:19.209536" elapsed="0.000541"/>
</kw>
<kw name="Should Match Regexp" owner="BuiltIn">
<arg>${json_data['results'][0]['dob']['date']}</arg>
<arg>\\d{4}-\\d{2}-\\d{2}T\\d{2}:\\d{2}:\\d{2}\\.\\d{3}Z</arg>
<doc>Fails if ``string`` does not match ``pattern`` as a regular expression.</doc>
<status status="PASS" start="2024-07-14T19:13:19.210277" elapsed="0.000535"/>
</kw>
<kw name="Should Match Regexp" owner="BuiltIn">
<arg>${json_data['results'][0]['registered']['date']}</arg>
<arg>\\d{4}-\\d{2}-\\d{2}T\\d{2}:\\d{2}:\\d{2}\\.\\d{3}Z</arg>
<doc>Fails if ``string`` does not match ``pattern`` as a regular expression.</doc>
<status status="PASS" start="2024-07-14T19:13:19.211007" elapsed="0.000375"/>
</kw>
<kw name="Should Match Regexp" owner="BuiltIn">
<arg>${json_data['results'][0]['picture']['large']}</arg>
<arg>^https?://.*\.(?:png|jpe?g|gif|bmp)$</arg>
<doc>Fails if ``string`` does not match ``pattern`` as a regular expression.</doc>
<status status="PASS" start="2024-07-14T19:13:19.211569" elapsed="0.000456"/>
</kw>
<kw name="Should Match Regexp" owner="BuiltIn">
<arg>${json_data['results'][0]['picture']['medium']}</arg>
<arg>^https?://.*\.(?:png|jpe?g|gif|bmp)$</arg>
<doc>Fails if ``string`` does not match ``pattern`` as a regular expression.</doc>
<status status="PASS" start="2024-07-14T19:13:19.212212" elapsed="0.000351"/>
</kw>
<kw name="Should Match Regexp" owner="BuiltIn">
<arg>${json_data['results'][0]['picture']['thumbnail']}</arg>
<arg>^https?://.*\.(?:png|jpe?g|gif|bmp)$</arg>
<doc>Fails if ``string`` does not match ``pattern`` as a regular expression.</doc>
<status status="PASS" start="2024-07-14T19:13:19.212746" elapsed="0.000345"/>
</kw>
<kw name="Log" owner="BuiltIn">
<msg time="2024-07-14T19:13:19.213598" level="INFO">{'large': 'https://randomuser.me/api/portraits/men/27.jpg', 'medium': 'https://randomuser.me/api/portraits/med/men/27.jpg', 'thumbnail': 'https://randomuser.me/api/portraits/thumb/men/27.jpg'}</msg>
<arg>${json_data['results'][0]['picture']}</arg>
<doc>Logs the given message with the given level.</doc>
<status status="PASS" start="2024-07-14T19:13:19.213273" elapsed="0.000366"/>
</kw>
<status status="PASS" start="2024-07-14T19:13:19.112875" elapsed="0.101013"/>
</kw>
<kw name="Teste de Tipos de Dados - Postcode" owner="random-user-service">
<kw name="GET On Session" owner="RequestsLibrary">
<msg time="2024-07-14T19:13:19.314169" level="INFO">GET Request : url=https://randomuser.me/api 
 path_url=/api 
 headers={'User-Agent': 'python-requests/2.32.3', 'Accept-Encoding': 'gzip, deflate', 'Accept': '*/*', 'Connection': 'keep-alive'} 
 body=None 
 </msg>
<msg time="2024-07-14T19:13:19.314254" level="INFO">GET Response : url=https://randomuser.me/api 
 status=200, reason=OK 
 headers={'Date': 'Sun, 14 Jul 2024 19:13:19 GMT', 'Content-Type': 'application/json; charset=utf-8', 'Transfer-Encoding': 'chunked', 'Connection': 'keep-alive', 'X-Powered-By': 'Express', 'Access-Control-Allow-Origin': '*', 'Cache-Control': 'no-cache', 'ETag': 'W/"484-IXp5vcXZjba9/drxWZmlxcckjEU"', 'Vary': 'Accept-Encoding', 'Content-Encoding': 'gzip', 'CF-Cache-Status': 'DYNAMIC', 'Report-To': '{"endpoints":[{"url":"https:\\/\\/a.nel.cloudflare.com\\/report\\/v4?s=7GE7A4koU%2BEla3%2B4YkvkNIe%2BwvbkG37VUL1EXA7LSeZMHbLmiaDBGIYgjsOATgFL5VVhJx2QNSy3XCvOsn%2BQn%2Br1%2BVNbXG6meiwhYn4m9xhJr4%2B9zrJk6VXsbTzFir9S"}],"group":"cf-nel","max_age":604800}', 'NEL': '{"success_fraction":0,"report_to":"cf-nel","max_age":604800}', 'Server': 'cloudflare', 'CF-RAY': '8a33d44f1f8f679c-SJC', 'alt-svc': 'h3=":443"; ma=86400'} 
 body={"results":[{"gender":"male","name":{"title":"Mr","first":"Ege","last":"Gönültaş"},"location":{"street":{"number":9740,"name":"Abanoz Sk"},"city":"Bilecik","state":"Osmaniye","country":"Turkey","postcode":15858,"coordinates":{"latitude":"72.6369","longitude":"-131.4454"},"timezone":{"offset":"-6:00","description":"Central Time (US &amp; Canada), Mexico City"}},"email":"ege.gonultas@example.com","login":{"uuid":"563f62f1-8532-4104-85ed-8c8cd9acaa6f","username":"whitesnake570","password":"emily1","salt":"FxpjfbqI","md5":"06b7d7e53461284c17f4fb2f7fcd3f8c","sha1":"7e02da97c3a8744375e42df75f90c8848ca2eb97","sha256":"938b5810938effd2282da91ed8323143b2b377825e83ce9c19b2885e2139f6df"},"dob":{"date":"1987-09-25T08:13:21.967Z","age":36},"registered":{"date":"2013-03-20T06:07:27.576Z","age":11},"phone":"(866)-766-3985","cell":"(667)-480-0078","id":{"name":"","value":null},"picture":{"large":"https://randomuser.me/api/portraits/men/80.jpg","medium":"https://randomuser.me/api/portraits/med/men/80.jpg","thumbnail":"https://randomuser.me/api/portraits/thumb/men/80.jpg"},"nat":"TR"}],"info":{"seed":"b5897ff321dc4d60","results":1,"page":1,"version":"1.4"}} 
 </msg>
<msg time="2024-07-14T19:13:19.314332" level="INFO">/opt/hostedtoolcache/Python/3.12.4/x64/lib/python3.12/site-packages/urllib3/connectionpool.py:1099: InsecureRequestWarning: Unverified HTTPS request is being made to host 'randomuser.me'. Adding certificate verification is strongly advised. See: https://urllib3.readthedocs.io/en/latest/advanced-usage.html#tls-warnings
  warnings.warn(</msg>
<msg time="2024-07-14T19:13:19.314489" level="INFO">${response} = &lt;Response [200]&gt;</msg>
<var>${response}</var>
<arg>consultarAPI</arg>
<arg>/api</arg>
<doc>Sends a GET request on a previously created HTTP Session.</doc>
<status status="PASS" start="2024-07-14T19:13:19.214305" elapsed="0.100239"/>
</kw>
<kw name="Set Variable" owner="BuiltIn">
<msg time="2024-07-14T19:13:19.315677" level="INFO">${json_data} = {'results': [{'gender': 'male', 'name': {'title': 'Mr', 'first': 'Ege', 'last': 'Gönültaş'}, 'location': {'street': {'number': 9740, 'name': 'Abanoz Sk'}, 'city': 'Bilecik', 'state': 'Osmaniye', 'coun...</msg>
<var>${json_data}</var>
<arg>${response.json()}</arg>
<doc>Returns the given values which can then be assigned to a variables.</doc>
<status status="PASS" start="2024-07-14T19:13:19.315106" elapsed="0.000602"/>
</kw>
<kw name="Log" owner="BuiltIn">
<msg time="2024-07-14T19:13:19.316171" level="INFO">{'results': [{'gender': 'male', 'name': {'title': 'Mr', 'first': 'Ege', 'last': 'Gönültaş'}, 'location': {'street': {'number': 9740, 'name': 'Abanoz Sk'}, 'city': 'Bilecik', 'state': 'Osmaniye', 'country': 'Turkey', 'postcode': 15858, 'coordinates': {'latitude': '72.6369', 'longitude': '-131.4454'}, 'timezone': {'offset': '-6:00', 'description': 'Central Time (US &amp; Canada), Mexico City'}}, 'email': 'ege.gonultas@example.com', 'login': {'uuid': '563f62f1-8532-4104-85ed-8c8cd9acaa6f', 'username': 'whitesnake570', 'password': 'emily1', 'salt': 'FxpjfbqI', 'md5': '06b7d7e53461284c17f4fb2f7fcd3f8c', 'sha1': '7e02da97c3a8744375e42df75f90c8848ca2eb97', 'sha256': '938b5810938effd2282da91ed8323143b2b377825e83ce9c19b2885e2139f6df'}, 'dob': {'date': '1987-09-25T08:13:21.967Z', 'age': 36}, 'registered': {'date': '2013-03-20T06:07:27.576Z', 'age': 11}, 'phone': '(866)-766-3985', 'cell': '(667)-480-0078', 'id': {'name': '', 'value': None}, 'picture': {'large': 'https://randomuser.me/api/portraits/men/80.jpg', 'medium': 'https://randomuser.me/api/portraits/med/men/80.jpg', 'thumbnail': 'https://randomuser.me/api/portraits/thumb/men/80.jpg'}, 'nat': 'TR'}], 'info': {'seed': 'b5897ff321dc4d60', 'results': 1, 'page': 1, 'version': '1.4'}}</msg>
<arg>${json_data}</arg>
<doc>Logs the given message with the given level.</doc>
<status status="PASS" start="2024-07-14T19:13:19.316015" elapsed="0.000208"/>
</kw>
<kw name="Should Be Equal As Numbers" owner="BuiltIn">
<arg>${json_data['results'][0]['location']['postcode']}</arg>
<arg>${json_data['results'][0]['location']['postcode']}</arg>
<doc>Fails if objects are unequal after converting them to real numbers.</doc>
<status status="PASS" start="2024-07-14T19:13:19.316512" elapsed="0.000619"/>
</kw>
<kw name="Log" owner="BuiltIn">
<msg time="2024-07-14T19:13:19.317766" level="INFO">15858</msg>
<arg>${json_data['results'][0]['location']['postcode']}</arg>
<doc>Logs the given message with the given level.</doc>
<status status="PASS" start="2024-07-14T19:13:19.317316" elapsed="0.000522"/>
</kw>
<status status="PASS" start="2024-07-14T19:13:19.214094" elapsed="0.103998"/>
</kw>
<doc>Testa se os tipos de dados na resposta da API estão corretos.</doc>
<tag>testeTiposDados</tag>
<status status="PASS" start="2024-07-14T19:13:19.112454" elapsed="0.205798"/>
</test>
<test id="s1-s1-t5" name="Validar conteudo" line="35">
<kw name="Teste de Tipos de Conteudo" owner="random-user-service">
<kw name="GET On Session" owner="RequestsLibrary">
<msg time="2024-07-14T19:13:19.409378" level="INFO">GET Request : url=https://randomuser.me/api 
 path_url=/api 
 headers={'User-Agent': 'python-requests/2.32.3', 'Accept-Encoding': 'gzip, deflate', 'Accept': '*/*', 'Connection': 'keep-alive'} 
 body=None 
 </msg>
<msg time="2024-07-14T19:13:19.409462" level="INFO">GET Response : url=https://randomuser.me/api 
 status=200, reason=OK 
 headers={'Date': 'Sun, 14 Jul 2024 19:13:19 GMT', 'Content-Type': 'application/json; charset=utf-8', 'Transfer-Encoding': 'chunked', 'Connection': 'keep-alive', 'X-Powered-By': 'Express', 'Access-Control-Allow-Origin': '*', 'Cache-Control': 'no-cache', 'ETag': 'W/"48e-EpYvBVF/HvtHCtTx29wr8DcsqqE"', 'Vary': 'Accept-Encoding', 'Content-Encoding': 'gzip', 'CF-Cache-Status': 'DYNAMIC', 'Report-To': '{"endpoints":[{"url":"https:\\/\\/a.nel.cloudflare.com\\/report\\/v4?s=Q5yJu6aihd3fD%2FjojVt0ylF46ozlh74UwTlc1bbHed2Ut4n5aPN0LKYDN8%2BOK%2FHWMWWkxgvnYMA%2F5OiG0ROOdb5L%2FEyrMD6gvtAl5V0switIHGCyMafefG06AxmJz4X7"}],"group":"cf-nel","max_age":604800}', 'NEL': '{"success_fraction":0,"report_to":"cf-nel","max_age":604800}', 'Server': 'cloudflare', 'CF-RAY': '8a33d44fcfe7679c-SJC', 'alt-svc': 'h3=":443"; ma=86400'} 
 body={"results":[{"gender":"male","name":{"title":"Mr","first":"Melvin","last":"Pierre"},"location":{"street":{"number":6511,"name":"Rue Courbet"},"city":"Paris","state":"Tarn-et-Garonne","country":"France","postcode":10197,"coordinates":{"latitude":"-15.0623","longitude":"-34.1130"},"timezone":{"offset":"+2:00","description":"Kaliningrad, South Africa"}},"email":"melvin.pierre@example.com","login":{"uuid":"ad8a7ae0-6bce-4e79-915f-adaa5a973d42","username":"goldenwolf672","password":"active","salt":"xTX66DJM","md5":"ab04b481b3e0d63eb7eab90c95d3e75c","sha1":"90454417e470c825f239dd3b6139a2fe835a4435","sha256":"8f89e8b6377753fd7d720257c1423334eafb0f4498ff271edbc512ae2de7d5e0"},"dob":{"date":"1990-11-14T15:56:25.640Z","age":33},"registered":{"date":"2015-05-13T23:27:30.783Z","age":9},"phone":"02-66-42-82-11","cell":"06-71-75-03-36","id":{"name":"INSEE","value":"1901052985021 33"},"picture":{"large":"https://randomuser.me/api/portraits/men/64.jpg","medium":"https://randomuser.me/api/portraits/med/men/64.jpg","thumbnail":"https://randomuser.me/api/portraits/thumb/men/64.jpg"},"nat":"FR"}],"info":{"seed":"854b305a57d535a2","results":1,"page":1,"version":"1.4"}} 
 </msg>
<msg time="2024-07-14T19:13:19.409529" level="INFO">/opt/hostedtoolcache/Python/3.12.4/x64/lib/python3.12/site-packages/urllib3/connectionpool.py:1099: InsecureRequestWarning: Unverified HTTPS request is being made to host 'randomuser.me'. Adding certificate verification is strongly advised. See: https://urllib3.readthedocs.io/en/latest/advanced-usage.html#tls-warnings
  warnings.warn(</msg>
<msg time="2024-07-14T19:13:19.409631" level="INFO">${response} = &lt;Response [200]&gt;</msg>
<var>${response}</var>
<arg>consultarAPI</arg>
<arg>/api</arg>
<doc>Sends a GET request on a previously created HTTP Session.</doc>
<status status="PASS" start="2024-07-14T19:13:19.321529" elapsed="0.088149"/>
</kw>
<kw name="Set Variable" owner="BuiltIn">
<msg time="2024-07-14T19:13:19.410591" level="INFO">${json_data} = {'results': [{'gender': 'male', 'name': {'title': 'Mr', 'first': 'Melvin', 'last': 'Pierre'}, 'location': {'street': {'number': 6511, 'name': 'Rue Courbet'}, 'city': 'Paris', 'state': 'Tarn-et-Garonne...</msg>
<var>${json_data}</var>
<arg>${response.json()}</arg>
<doc>Returns the given values which can then be assigned to a variables.</doc>
<status status="PASS" start="2024-07-14T19:13:19.410098" elapsed="0.000522"/>
</kw>
<kw name="Set Variable" owner="BuiltIn">
<msg time="2024-07-14T19:13:19.411307" level="INFO">${name_title} = Mr</msg>
<var>${name_title}</var>
<arg>${json_data["results"][0]["name"]["title"]}</arg>
<doc>Returns the given values which can then be assigned to a variables.</doc>
<status status="PASS" start="2024-07-14T19:13:19.410922" elapsed="0.000411"/>
</kw>
<kw name="Create List" owner="BuiltIn">
<msg time="2024-07-14T19:13:19.411778" level="INFO">${allowed_titles} = ['Mr', 'Ms', 'Miss', 'Mrs', 'Madame', 'Monsieur']</msg>
<var>${allowed_titles}</var>
<arg>Mr</arg>
<arg>Ms</arg>
<arg>Miss</arg>
<arg>Mrs</arg>
<arg>Madame</arg>
<arg>Monsieur</arg>
<doc>Returns a list containing given items.</doc>
<status status="PASS" start="2024-07-14T19:13:19.411629" elapsed="0.000174"/>
</kw>
<kw name="List Should Contain Value" owner="Collections">
<arg>${allowed_titles}</arg>
<arg>${name_title}</arg>
<doc>Fails if the ``value`` is not found from ``list``.</doc>
<status status="PASS" start="2024-07-14T19:13:19.412098" elapsed="0.000179"/>
</kw>
<kw name="Set Variable" owner="BuiltIn">
<msg time="2024-07-14T19:13:19.412836" level="INFO">${name_country} = FR</msg>
<var>${name_country}</var>
<arg>${json_data["results"][0]["nat"]}</arg>
<doc>Returns the given values which can then be assigned to a variables.</doc>
<status status="PASS" start="2024-07-14T19:13:19.412461" elapsed="0.000401"/>
</kw>
<kw name="Create List" owner="BuiltIn">
<msg time="2024-07-14T19:13:19.413746" level="INFO">${list_country} = ['AD', 'AE', 'AF', 'AG', 'AI', 'AL', 'AM', 'AO', 'AQ', 'AR', 'AS', 'AT', 'AU', 'AW', 'AX', 'AZ', 'BA', 'BB', 'BD', 'BE', 'BF', 'BG', 'BH', 'BI', 'BJ', 'BL', 'BM', 'BN', 'BO', 'BQ', 'BR', 'BS', 'BT', '...</msg>
<var>${list_country}</var>
<arg>AD</arg>
<arg>AE</arg>
<arg>AF</arg>
<arg>AG</arg>
<arg>AI</arg>
<arg>AL</arg>
<arg>AM</arg>
<arg>AO</arg>
<arg>AQ</arg>
<arg>AR</arg>
<arg>AS</arg>
<arg>AT</arg>
<arg>AU</arg>
<arg>AW</arg>
<arg>AX</arg>
<arg>AZ</arg>
<arg>BA</arg>
<arg>BB</arg>
<arg>BD</arg>
<arg>BE</arg>
<arg>BF</arg>
<arg>BG</arg>
<arg>BH</arg>
<arg>BI</arg>
<arg>BJ</arg>
<arg>BL</arg>
<arg>BM</arg>
<arg>BN</arg>
<arg>BO</arg>
<arg>BQ</arg>
<arg>BR</arg>
<arg>BS</arg>
<arg>BT</arg>
<arg>BV</arg>
<arg>BW</arg>
<arg>BY</arg>
<arg>BZ</arg>
<arg>CA</arg>
<arg>CC</arg>
<arg>CD</arg>
<arg>CF</arg>
<arg>CG</arg>
<arg>CH</arg>
<arg>CI</arg>
<arg>CK</arg>
<arg>CL</arg>
<arg>CM</arg>
<arg>CN</arg>
<arg>CO</arg>
<arg>CR</arg>
<arg>CU</arg>
<arg>CV</arg>
<arg>CW</arg>
<arg>CX</arg>
<arg>CY</arg>
<arg>CZ</arg>
<arg>DE</arg>
<arg>DJ</arg>
<arg>DK</arg>
<arg>DM</arg>
<arg>DO</arg>
<arg>DZ</arg>
<arg>EC</arg>
<arg>EE</arg>
<arg>EG</arg>
<arg>EH</arg>
<arg>ER</arg>
<arg>ES</arg>
<arg>ET</arg>
<arg>FI</arg>
<arg>FJ</arg>
<arg>FK</arg>
<arg>FM</arg>
<arg>FO</arg>
<arg>FR</arg>
<arg>GA</arg>
<arg>GB</arg>
<arg>GD</arg>
<arg>GE</arg>
<arg>GF</arg>
<arg>GG</arg>
<arg>GH</arg>
<arg>GI</arg>
<arg>GL</arg>
<arg>GM</arg>
<arg>GN</arg>
<arg>GP</arg>
<arg>GQ</arg>
<arg>GR</arg>
<arg>GS</arg>
<arg>GT</arg>
<arg>GU</arg>
<arg>GW</arg>
<arg>GY</arg>
<arg>HK</arg>
<arg>HM</arg>
<arg>HN</arg>
<arg>HR</arg>
<arg>HT</arg>
<arg>HU</arg>
<arg>ID</arg>
<arg>IE</arg>
<arg>IL</arg>
<arg>IM</arg>
<arg>IN</arg>
<arg>IO</arg>
<arg>IQ</arg>
<arg>IR</arg>
<arg>IS</arg>
<arg>IT</arg>
<arg>JE</arg>
<arg>JM</arg>
<arg>JO</arg>
<arg>JP</arg>
<arg>KE</arg>
<arg>KG</arg>
<arg>KH</arg>
<arg>KI</arg>
<arg>KM</arg>
<arg>KN</arg>
<arg>KP</arg>
<arg>KR</arg>
<arg>KW</arg>
<arg>KY</arg>
<arg>KZ</arg>
<arg>LA</arg>
<arg>LB</arg>
<arg>LC</arg>
<arg>LI</arg>
<arg>LK</arg>
<arg>LR</arg>
<arg>LS</arg>
<arg>LT</arg>
<arg>LU</arg>
<arg>LV</arg>
<arg>LY</arg>
<arg>MA</arg>
<arg>MC</arg>
<arg>MD</arg>
<arg>ME</arg>
<arg>MF</arg>
<arg>MG</arg>
<arg>MH</arg>
<arg>MK</arg>
<arg>ML</arg>
<arg>MM</arg>
<arg>MN</arg>
<arg>MO</arg>
<arg>MP</arg>
<arg>MQ</arg>
<arg>MR</arg>
<arg>MS</arg>
<arg>MT</arg>
<arg>MU</arg>
<arg>MV</arg>
<arg>MW</arg>
<arg>MX</arg>
<arg>MY</arg>
<arg>MZ</arg>
<arg>NA</arg>
<arg>NC</arg>
<arg>NE</arg>
<arg>NF</arg>
<arg>NG</arg>
<arg>NI</arg>
<arg>NL</arg>
<arg>NO</arg>
<arg>NP</arg>
<arg>NR</arg>
<arg>NU</arg>
<arg>NZ</arg>
<arg>OM</arg>
<arg>PA</arg>
<arg>PE</arg>
<arg>PF</arg>
<arg>PG</arg>
<arg>PH</arg>
<arg>PK</arg>
<arg>PL</arg>
<arg>PM</arg>
<arg>PN</arg>
<arg>PR</arg>
<arg>PS</arg>
<arg>PT</arg>
<arg>PW</arg>
<arg>PY</arg>
<arg>QA</arg>
<arg>RE</arg>
<arg>RO</arg>
<arg>RS</arg>
<arg>RU</arg>
<arg>RW</arg>
<arg>SA</arg>
<arg>SB</arg>
<arg>SC</arg>
<arg>SD</arg>
<arg>SE</arg>
<arg>SG</arg>
<arg>SH</arg>
<arg>SI</arg>
<arg>SJ</arg>
<arg>SK</arg>
<arg>SL</arg>
<arg>SM</arg>
<arg>SN</arg>
<arg>SO</arg>
<arg>SR</arg>
<arg>SS</arg>
<arg>ST</arg>
<arg>SV</arg>
<arg>SX</arg>
<arg>SY</arg>
<arg>SZ</arg>
<arg>TC</arg>
<arg>TD</arg>
<arg>TF</arg>
<arg>TG</arg>
<arg>TH</arg>
<arg>TJ</arg>
<arg>TK</arg>
<arg>TL</arg>
<arg>TM</arg>
<arg>TN</arg>
<arg>TO</arg>
<arg>TR</arg>
<arg>TT</arg>
<arg>TV</arg>
<arg>TW</arg>
<arg>TZ</arg>
<arg>UA</arg>
<arg>UG</arg>
<arg>UM</arg>
<arg>US</arg>
<arg>UY</arg>
<arg>UZ</arg>
<arg>VA</arg>
<arg>VC</arg>
<arg>VE</arg>
<arg>VG</arg>
<arg>VI</arg>
<arg>VN</arg>
<arg>VU</arg>
<arg>WF</arg>
<arg>WS</arg>
<arg>XK</arg>
<arg>YE</arg>
<arg>YT</arg>
<arg>ZA</arg>
<arg>ZM</arg>
<arg>ZW</arg>
<doc>Returns a list containing given items.</doc>
<status status="PASS" start="2024-07-14T19:13:19.413159" elapsed="0.000613"/>
</kw>
<kw name="List Should Contain Value" owner="Collections">
<arg>${list_country}</arg>
<arg>${name_country}</arg>
<doc>Fails if the ``value`` is not found from ``list``.</doc>
<status status="PASS" start="2024-07-14T19:13:19.414581" elapsed="0.000205"/>
</kw>
<kw name="Run Keyword If" owner="BuiltIn">
<kw name="Should Be True" owner="BuiltIn">
<arg>${True}</arg>
<doc>Fails if the given condition is not true.</doc>
<status status="PASS" start="2024-07-14T19:13:19.415698" elapsed="0.000138"/>
</kw>
<arg>${json_data["results"][0]["location"]["coordinates"]["latitude"]} &gt;= -90 and ${json_data["results"][0]["location"]["coordinates"]["latitude"]} &lt;= 90</arg>
<arg>Should Be True</arg>
<arg>${True}</arg>
<doc>Runs the given keyword with the given arguments, if ``condition`` is true.</doc>
<status status="PASS" start="2024-07-14T19:13:19.414978" elapsed="0.000981"/>
</kw>
<kw name="Run Keyword If" owner="BuiltIn">
<kw name="Should Be True" owner="BuiltIn">
<arg>${True}</arg>
<doc>Fails if the given condition is not true.</doc>
<status status="PASS" start="2024-07-14T19:13:19.416831" elapsed="0.000228"/>
</kw>
<arg>${json_data["results"][0]["location"]["coordinates"]["longitude"]} &gt;= -180 and ${json_data["results"][0]["location"]["coordinates"]["longitude"]} &lt;= 180</arg>
<arg>Should Be True</arg>
<arg>${True}</arg>
<doc>Runs the given keyword with the given arguments, if ``condition`` is true.</doc>
<status status="PASS" start="2024-07-14T19:13:19.416139" elapsed="0.001050"/>
</kw>
<status status="PASS" start="2024-07-14T19:13:19.321168" elapsed="0.096152"/>
</kw>
<doc>Testa o conteúdo específico dos campos retornados pela API.</doc>
<tag>testeConteudo</tag>
<status status="PASS" start="2024-07-14T19:13:19.320426" elapsed="0.097040"/>
</test>
<status status="PASS" start="2024-07-14T19:13:18.527596" elapsed="0.891796"/>
</suite>
<status status="PASS" start="2024-07-14T19:13:18.513379" elapsed="0.910891"/>
</suite>
<statistics>
<total>
<stat pass="5" fail="0" skip="0">All Tests</stat>
</total>
<tag>
<stat pass="1" fail="0" skip="0">testeConteudo</stat>
<stat pass="1" fail="0" skip="0">testeEstruturaResposta</stat>
<stat pass="1" fail="0" skip="0">testeRequisicaoBasica</stat>
<stat pass="1" fail="0" skip="0">testeTiposDados</stat>
</tag>
<suite>
<stat pass="5" fail="0" skip="0" id="s1" name="Tests">Tests</stat>
<stat pass="5" fail="0" skip="0" id="s1-s1" name="Random-User-Test">Tests.Random-User-Test</stat>
</suite>
</statistics>
<errors>
</errors>
</robot>
