<?xml version="1.0" encoding="UTF-8"?>
<robot generator="Robot 7.0 (Python 3.12.2 on linux)" generated="2024-04-02T07:14:56.743687" rpa="false" schemaversion="5">
<suite id="s1" name="Tests" source="/home/runner/work/DesafioQAItauRogerioJordao/DesafioQAItauRogerioJordao/RamdonUser/tests">
<suite id="s1-s1" name="Random-User-Test" source="/home/runner/work/DesafioQAItauRogerioJordao/DesafioQAItauRogerioJordao/RamdonUser/tests/random-user-test.robot">
<test id="s1-s1-t1" name="Conectar" line="13">
<kw name="Conectar API" owner="random-user-service">
<kw name="Create Session" owner="RequestsLibrary">
<msg time="2024-04-02T07:14:57.118833" level="INFO">Creating Session using : alias=consultarAPI, url=https://randomuser.me/, headers={},                     cookies={}, auth=None, timeout=None, proxies=None, verify=False,                     debug=0 </msg>
<arg>consultarAPI</arg>
<arg>${URL}</arg>
<doc>Create Session: create a HTTP session to a server</doc>
<status status="PASS" start="2024-04-02T07:14:57.118620" elapsed="0.000408"/>
</kw>
<status status="PASS" start="2024-04-02T07:14:57.117549" elapsed="0.001858"/>
</kw>
<status status="PASS" start="2024-04-02T07:14:57.116886" elapsed="0.002761"/>
</test>
<test id="s1-s1-t2" name="Validar retorno 200 e JSON Válido" line="16">
<kw name="Teste de Requisicao Basica" owner="random-user-service">
<kw name="GET On Session" owner="RequestsLibrary">
<msg time="2024-04-02T07:14:57.222348" level="INFO">GET Request : url=https://randomuser.me/api 
 path_url=/api 
 headers={'User-Agent': 'python-requests/2.31.0', 'Accept-Encoding': 'gzip, deflate', 'Accept': '*/*', 'Connection': 'keep-alive'} 
 body=None 
 </msg>
<msg time="2024-04-02T07:14:57.222501" level="INFO">GET Response : url=https://randomuser.me/api 
 status=200, reason=OK 
 headers={'Date': 'Tue, 02 Apr 2024 07:14:57 GMT', 'Content-Type': 'application/json; charset=utf-8', 'Transfer-Encoding': 'chunked', 'Connection': 'keep-alive', 'X-Powered-By': 'Express', 'Access-Control-Allow-Origin': '*', 'Cache-Control': 'no-cache', 'ETag': 'W/"4b0-TsqoZbe4vnhq8d4GM2a374nX++o"', 'Vary': 'Accept-Encoding', 'Content-Encoding': 'gzip', 'CF-Cache-Status': 'DYNAMIC', 'Report-To': '{"endpoints":[{"url":"https:\\/\\/a.nel.cloudflare.com\\/report\\/v4?s=d%2FW1W0QLf7XM1TQJjvHIt3fYlmQpbKv1xdqB1YB8WnxlSpJKVxUU%2BvbC57BdSaTehYxhpEZYEwb7ZEVpxuROlbizvgDZBXSYB67ApRaEMiEVYV2fNPNczbDSpUNYWq0e"}],"group":"cf-nel","max_age":604800}', 'NEL': '{"success_fraction":0,"report_to":"cf-nel","max_age":604800}', 'Server': 'cloudflare', 'CF-RAY': '86df06634817200f-IAD', 'alt-svc': 'h3=":443"; ma=86400'} 
 body={"results":[{"gender":"female","name":{"title":"Ms","first":"Maëlle","last":"Gonzalez"},"location":{"street":{"number":2148,"name":"Avenue Goerges Clémenceau"},"city":"Asnières-sur-Seine","state":"Vaucluse","country":"France","postcode":82982,"coordinates":{"latitude":"-13.0206","longitude":"7.1623"},"timezone":{"offset":"-1:00","description":"Azores, Cape Verde Islands"}},"email":"maelle.gonzalez@example.com","login":{"uuid":"b6e6311f-ccd8-46ae-b97f-097ed7449e9d","username":"yellowbear625","password":"iomega","salt":"W1HzO6mK","md5":"cc1a70a11acba9e42a7f12157e4e3a9e","sha1":"c98df065242b4fd085a5a8a3969779fe15e596b4","sha256":"31b2fd9a8dca022aa0cc121653b8cf284b3bfd9bf341ea0c5fe7d65556f67a58"},"dob":{"date":"1972-08-08T16:28:32.025Z","age":51},"registered":{"date":"2020-05-28T16:04:38.773Z","age":3},"phone":"03-22-69-68-90","cell":"06-28-35-11-75","id":{"name":"INSEE","value":"2720755548771 01"},"picture":{"large":"https://randomuser.me/api/portraits/women/81.jpg","medium":"https://randomuser.me/api/portraits/med/women/81.jpg","thumbnail":"https://randomuser.me/api/portraits/thumb/women/81.jpg"},"nat":"FR"}],"info":{"seed":"3a8f012b79827990","results":1,"page":1,"version":"1.4"}} 
 </msg>
<msg time="2024-04-02T07:14:57.222616" level="INFO">/opt/hostedtoolcache/Python/3.12.2/x64/lib/python3.12/site-packages/urllib3/connectionpool.py:1103: InsecureRequestWarning: Unverified HTTPS request is being made to host 'randomuser.me'. Adding certificate verification is strongly advised. See: https://urllib3.readthedocs.io/en/latest/advanced-usage.html#tls-warnings
  warnings.warn(</msg>
<msg time="2024-04-02T07:14:57.222784" level="INFO">${response} = &lt;Response [200]&gt;</msg>
<var>${response}</var>
<arg>consultarAPI</arg>
<arg>/api</arg>
<doc>Sends a GET request on a previously created HTTP Session.</doc>
<status status="PASS" start="2024-04-02T07:14:57.122264" elapsed="0.100589"/>
</kw>
<kw name="Should Be Equal As Numbers" owner="BuiltIn">
<msg time="2024-04-02T07:14:57.223916" level="INFO">Argument types are:
&lt;class 'int'&gt;
&lt;class 'str'&gt;</msg>
<arg>${response.status_code}</arg>
<arg>200</arg>
<doc>Fails if objects are unequal after converting them to real numbers.</doc>
<status status="PASS" start="2024-04-02T07:14:57.223413" elapsed="0.000570"/>
</kw>
<kw name="Log" owner="BuiltIn">
<msg time="2024-04-02T07:14:57.224677" level="INFO">200</msg>
<arg>${response.status_code}</arg>
<doc>Logs the given message with the given level.</doc>
<status status="PASS" start="2024-04-02T07:14:57.224309" elapsed="0.000411"/>
</kw>
<kw name="Set Variable" owner="BuiltIn">
<msg time="2024-04-02T07:14:57.225508" level="INFO">${json_data} = {'results': [{'gender': 'female', 'name': {'title': 'Ms', 'first': 'Maëlle', 'last': 'Gonzalez'}, 'location': {'street': {'number': 2148, 'name': 'Avenue Goerges Clémenceau'}, 'city': 'Asnières-sur-Se...</msg>
<var>${json_data}</var>
<arg>${response.json()}</arg>
<doc>Returns the given values which can then be assigned to a variables.</doc>
<status status="PASS" start="2024-04-02T07:14:57.225055" elapsed="0.000481"/>
</kw>
<kw name="Dictionary Should Contain Key" owner="Collections">
<msg time="2024-04-02T07:14:57.226010" level="INFO">False</msg>
<arg>${json_data}</arg>
<arg>results</arg>
<doc>Fails if ``key`` is not found from ``dictionary``.</doc>
<status status="PASS" start="2024-04-02T07:14:57.225841" elapsed="0.000208"/>
</kw>
<status status="PASS" start="2024-04-02T07:14:57.122011" elapsed="0.104306"/>
</kw>
<doc>Testa se a API responde corretamente e retorna um objeto JSON válido.</doc>
<tag>testeRequisicaoBasica</tag>
<status status="PASS" start="2024-04-02T07:14:57.121485" elapsed="0.105023"/>
</test>
<test id="s1-s1-t3" name="Validar estrutura de resposta" line="22">
<kw name="Teste de Estrutura de Resposta" owner="random-user-service">
<kw name="GET On Session" owner="RequestsLibrary">
<msg time="2024-04-02T07:14:57.292278" level="INFO">GET Request : url=https://randomuser.me/api 
 path_url=/api 
 headers={'User-Agent': 'python-requests/2.31.0', 'Accept-Encoding': 'gzip, deflate', 'Accept': '*/*', 'Connection': 'keep-alive'} 
 body=None 
 </msg>
<msg time="2024-04-02T07:14:57.292381" level="INFO">GET Response : url=https://randomuser.me/api 
 status=200, reason=OK 
 headers={'Date': 'Tue, 02 Apr 2024 07:14:57 GMT', 'Content-Type': 'application/json; charset=utf-8', 'Transfer-Encoding': 'chunked', 'Connection': 'keep-alive', 'X-Powered-By': 'Express', 'Access-Control-Allow-Origin': '*', 'Cache-Control': 'no-cache', 'ETag': 'W/"47f-/MZMvem5W0t1K/t/ihS94dp4TJg"', 'Vary': 'Accept-Encoding', 'Content-Encoding': 'gzip', 'CF-Cache-Status': 'DYNAMIC', 'Report-To': '{"endpoints":[{"url":"https:\\/\\/a.nel.cloudflare.com\\/report\\/v4?s=qP9XJxyVxl8Mv6DRo%2BUm%2BAEYK3haBcW44kYXXn3sgAzMeYMsPP8KPrHa9UnTCnP52HnuPoCVYwg65Div35w4nOf0u1I2x%2Fase0weYmO7WieWQg8zYp4uUYqKqyyEOkKM"}],"group":"cf-nel","max_age":604800}', 'NEL': '{"success_fraction":0,"report_to":"cf-nel","max_age":604800}', 'Server': 'cloudflare', 'CF-RAY': '86df0663b874200f-IAD', 'alt-svc': 'h3=":443"; ma=86400'} 
 body={"results":[{"gender":"male","name":{"title":"Mr","first":"Avi","last":"Ramesh"},"location":{"street":{"number":1631,"name":"Tripolia Bazar"},"city":"Junagadh","state":"Jammu and Kashmir","country":"India","postcode":30084,"coordinates":{"latitude":"11.7864","longitude":"-63.6810"},"timezone":{"offset":"+6:00","description":"Almaty, Dhaka, Colombo"}},"email":"avi.ramesh@example.com","login":{"uuid":"2bc2f763-991e-4e0b-8b31-bcb1fa076ff5","username":"bluebutterfly764","password":"please","salt":"MLh45aRa","md5":"25f3c23cce09c8cf33a9a1a84fe087c8","sha1":"4c9e0659832ebc1605be6710b028ce7be989ca70","sha256":"a1d9115a8d950d1bd299b83c5f86240a3598bbab00a2b4c1094b3d4a7334b27c"},"dob":{"date":"1989-11-16T05:44:54.852Z","age":34},"registered":{"date":"2017-01-27T04:25:21.614Z","age":7},"phone":"9604499306","cell":"7579033994","id":{"name":"UIDAI","value":"761324590631"},"picture":{"large":"https://randomuser.me/api/portraits/men/6.jpg","medium":"https://randomuser.me/api/portraits/med/men/6.jpg","thumbnail":"https://randomuser.me/api/portraits/thumb/men/6.jpg"},"nat":"IN"}],"info":{"seed":"b7b06a76e2158f1e","results":1,"page":1,"version":"1.4"}} 
 </msg>
<msg time="2024-04-02T07:14:57.292527" level="INFO">/opt/hostedtoolcache/Python/3.12.2/x64/lib/python3.12/site-packages/urllib3/connectionpool.py:1103: InsecureRequestWarning: Unverified HTTPS request is being made to host 'randomuser.me'. Adding certificate verification is strongly advised. See: https://urllib3.readthedocs.io/en/latest/advanced-usage.html#tls-warnings
  warnings.warn(</msg>
<msg time="2024-04-02T07:14:57.292710" level="INFO">${response} = &lt;Response [200]&gt;</msg>
<var>${response}</var>
<arg>consultarAPI</arg>
<arg>/api</arg>
<doc>Sends a GET request on a previously created HTTP Session.</doc>
<status status="PASS" start="2024-04-02T07:14:57.229800" elapsed="0.062955"/>
</kw>
<kw name="Set Variable" owner="BuiltIn">
<msg time="2024-04-02T07:14:57.293772" level="INFO">${json_data} = {'results': [{'gender': 'male', 'name': {'title': 'Mr', 'first': 'Avi', 'last': 'Ramesh'}, 'location': {'street': {'number': 1631, 'name': 'Tripolia Bazar'}, 'city': 'Junagadh', 'state': 'Jammu and Ka...</msg>
<var>${json_data}</var>
<arg>${response.json()}</arg>
<doc>Returns the given values which can then be assigned to a variables.</doc>
<status status="PASS" start="2024-04-02T07:14:57.293252" elapsed="0.000549"/>
</kw>
<kw name="Log" owner="BuiltIn">
<msg time="2024-04-02T07:14:57.294281" level="INFO">{'results': [{'gender': 'male', 'name': {'title': 'Mr', 'first': 'Avi', 'last': 'Ramesh'}, 'location': {'street': {'number': 1631, 'name': 'Tripolia Bazar'}, 'city': 'Junagadh', 'state': 'Jammu and Kashmir', 'country': 'India', 'postcode': 30084, 'coordinates': {'latitude': '11.7864', 'longitude': '-63.6810'}, 'timezone': {'offset': '+6:00', 'description': 'Almaty, Dhaka, Colombo'}}, 'email': 'avi.ramesh@example.com', 'login': {'uuid': '2bc2f763-991e-4e0b-8b31-bcb1fa076ff5', 'username': 'bluebutterfly764', 'password': 'please', 'salt': 'MLh45aRa', 'md5': '25f3c23cce09c8cf33a9a1a84fe087c8', 'sha1': '4c9e0659832ebc1605be6710b028ce7be989ca70', 'sha256': 'a1d9115a8d950d1bd299b83c5f86240a3598bbab00a2b4c1094b3d4a7334b27c'}, 'dob': {'date': '1989-11-16T05:44:54.852Z', 'age': 34}, 'registered': {'date': '2017-01-27T04:25:21.614Z', 'age': 7}, 'phone': '9604499306', 'cell': '7579033994', 'id': {'name': 'UIDAI', 'value': '761324590631'}, 'picture': {'large': 'https://randomuser.me/api/portraits/men/6.jpg', 'medium': 'https://randomuser.me/api/portraits/med/men/6.jpg', 'thumbnail': 'https://randomuser.me/api/portraits/thumb/men/6.jpg'}, 'nat': 'IN'}], 'info': {'seed': 'b7b06a76e2158f1e', 'results': 1, 'page': 1, 'version': '1.4'}}</msg>
<arg>${json_data}</arg>
<doc>Logs the given message with the given level.</doc>
<status status="PASS" start="2024-04-02T07:14:57.294119" elapsed="0.000210"/>
</kw>
<kw name="Dictionary Should Contain Key" owner="Collections">
<msg time="2024-04-02T07:14:57.294794" level="INFO">False</msg>
<arg>${json_data}</arg>
<arg>results</arg>
<doc>Fails if ``key`` is not found from ``dictionary``.</doc>
<status status="PASS" start="2024-04-02T07:14:57.294632" elapsed="0.000200"/>
</kw>
<kw name="Should Not Be Empty" owner="BuiltIn">
<msg time="2024-04-02T07:14:57.295275" level="INFO">Length is 2.</msg>
<arg>${json_data}</arg>
<doc>Verifies that the given item is not empty.</doc>
<status status="PASS" start="2024-04-02T07:14:57.295134" elapsed="0.000180"/>
</kw>
<kw name="Create List" owner="BuiltIn">
<msg time="2024-04-02T07:14:57.295815" level="INFO">${expected_keys} = ['gender', 'name', 'location', 'email', 'login']</msg>
<var>${expected_keys}</var>
<arg>gender</arg>
<arg>name</arg>
<arg>location</arg>
<arg>email</arg>
<arg>login</arg>
<doc>Returns a list containing given items.</doc>
<status status="PASS" start="2024-04-02T07:14:57.295648" elapsed="0.000192"/>
</kw>
<for flavor="IN">
<iter>
<kw name="Dictionary Should Contain Key" owner="Collections">
<msg time="2024-04-02T07:14:57.296843" level="INFO">False</msg>
<arg>${json_data['results'][0]}</arg>
<arg>${key}</arg>
<doc>Fails if ``key`` is not found from ``dictionary``.</doc>
<status status="PASS" start="2024-04-02T07:14:57.296428" elapsed="0.000454"/>
</kw>
<kw name="Log" owner="BuiltIn">
<msg time="2024-04-02T07:14:57.297564" level="INFO">{'gender': 'male', 'name': {'title': 'Mr', 'first': 'Avi', 'last': 'Ramesh'}, 'location': {'street': {'number': 1631, 'name': 'Tripolia Bazar'}, 'city': 'Junagadh', 'state': 'Jammu and Kashmir', 'country': 'India', 'postcode': 30084, 'coordinates': {'latitude': '11.7864', 'longitude': '-63.6810'}, 'timezone': {'offset': '+6:00', 'description': 'Almaty, Dhaka, Colombo'}}, 'email': 'avi.ramesh@example.com', 'login': {'uuid': '2bc2f763-991e-4e0b-8b31-bcb1fa076ff5', 'username': 'bluebutterfly764', 'password': 'please', 'salt': 'MLh45aRa', 'md5': '25f3c23cce09c8cf33a9a1a84fe087c8', 'sha1': '4c9e0659832ebc1605be6710b028ce7be989ca70', 'sha256': 'a1d9115a8d950d1bd299b83c5f86240a3598bbab00a2b4c1094b3d4a7334b27c'}, 'dob': {'date': '1989-11-16T05:44:54.852Z', 'age': 34}, 'registered': {'date': '2017-01-27T04:25:21.614Z', 'age': 7}, 'phone': '9604499306', 'cell': '7579033994', 'id': {'name': 'UIDAI', 'value': '761324590631'}, 'picture': {'large': 'https://randomuser.me/api/portraits/men/6.jpg', 'medium': 'https://randomuser.me/api/portraits/med/men/6.jpg', 'thumbnail': 'https://randomuser.me/api/portraits/thumb/men/6.jpg'}, 'nat': 'IN'}</msg>
<arg>${json_data['results'][0]}</arg>
<doc>Logs the given message with the given level.</doc>
<status status="PASS" start="2024-04-02T07:14:57.297190" elapsed="0.000426"/>
</kw>
<kw name="Log" owner="BuiltIn">
<msg time="2024-04-02T07:14:57.298054" level="INFO">gender</msg>
<arg>${key}</arg>
<doc>Logs the given message with the given level.</doc>
<status status="PASS" start="2024-04-02T07:14:57.297923" elapsed="0.000170"/>
</kw>
<var name="${key}">gender</var>
<status status="PASS" start="2024-04-02T07:14:57.296303" elapsed="0.002013"/>
</iter>
<iter>
<kw name="Dictionary Should Contain Key" owner="Collections">
<msg time="2024-04-02T07:14:57.299006" level="INFO">False</msg>
<arg>${json_data['results'][0]}</arg>
<arg>${key}</arg>
<doc>Fails if ``key`` is not found from ``dictionary``.</doc>
<status status="PASS" start="2024-04-02T07:14:57.298622" elapsed="0.000422"/>
</kw>
<kw name="Log" owner="BuiltIn">
<msg time="2024-04-02T07:14:57.299767" level="INFO">{'gender': 'male', 'name': {'title': 'Mr', 'first': 'Avi', 'last': 'Ramesh'}, 'location': {'street': {'number': 1631, 'name': 'Tripolia Bazar'}, 'city': 'Junagadh', 'state': 'Jammu and Kashmir', 'country': 'India', 'postcode': 30084, 'coordinates': {'latitude': '11.7864', 'longitude': '-63.6810'}, 'timezone': {'offset': '+6:00', 'description': 'Almaty, Dhaka, Colombo'}}, 'email': 'avi.ramesh@example.com', 'login': {'uuid': '2bc2f763-991e-4e0b-8b31-bcb1fa076ff5', 'username': 'bluebutterfly764', 'password': 'please', 'salt': 'MLh45aRa', 'md5': '25f3c23cce09c8cf33a9a1a84fe087c8', 'sha1': '4c9e0659832ebc1605be6710b028ce7be989ca70', 'sha256': 'a1d9115a8d950d1bd299b83c5f86240a3598bbab00a2b4c1094b3d4a7334b27c'}, 'dob': {'date': '1989-11-16T05:44:54.852Z', 'age': 34}, 'registered': {'date': '2017-01-27T04:25:21.614Z', 'age': 7}, 'phone': '9604499306', 'cell': '7579033994', 'id': {'name': 'UIDAI', 'value': '761324590631'}, 'picture': {'large': 'https://randomuser.me/api/portraits/men/6.jpg', 'medium': 'https://randomuser.me/api/portraits/med/men/6.jpg', 'thumbnail': 'https://randomuser.me/api/portraits/thumb/men/6.jpg'}, 'nat': 'IN'}</msg>
<arg>${json_data['results'][0]}</arg>
<doc>Logs the given message with the given level.</doc>
<status status="PASS" start="2024-04-02T07:14:57.299377" elapsed="0.000438"/>
</kw>
<kw name="Log" owner="BuiltIn">
<msg time="2024-04-02T07:14:57.300249" level="INFO">name</msg>
<arg>${key}</arg>
<doc>Logs the given message with the given level.</doc>
<status status="PASS" start="2024-04-02T07:14:57.300118" elapsed="0.000169"/>
</kw>
<var name="${key}">name</var>
<status status="PASS" start="2024-04-02T07:14:57.298507" elapsed="0.001997"/>
</iter>
<iter>
<kw name="Dictionary Should Contain Key" owner="Collections">
<msg time="2024-04-02T07:14:57.301186" level="INFO">False</msg>
<arg>${json_data['results'][0]}</arg>
<arg>${key}</arg>
<doc>Fails if ``key`` is not found from ``dictionary``.</doc>
<status status="PASS" start="2024-04-02T07:14:57.300801" elapsed="0.000422"/>
</kw>
<kw name="Log" owner="BuiltIn">
<msg time="2024-04-02T07:14:57.301887" level="INFO">{'gender': 'male', 'name': {'title': 'Mr', 'first': 'Avi', 'last': 'Ramesh'}, 'location': {'street': {'number': 1631, 'name': 'Tripolia Bazar'}, 'city': 'Junagadh', 'state': 'Jammu and Kashmir', 'country': 'India', 'postcode': 30084, 'coordinates': {'latitude': '11.7864', 'longitude': '-63.6810'}, 'timezone': {'offset': '+6:00', 'description': 'Almaty, Dhaka, Colombo'}}, 'email': 'avi.ramesh@example.com', 'login': {'uuid': '2bc2f763-991e-4e0b-8b31-bcb1fa076ff5', 'username': 'bluebutterfly764', 'password': 'please', 'salt': 'MLh45aRa', 'md5': '25f3c23cce09c8cf33a9a1a84fe087c8', 'sha1': '4c9e0659832ebc1605be6710b028ce7be989ca70', 'sha256': 'a1d9115a8d950d1bd299b83c5f86240a3598bbab00a2b4c1094b3d4a7334b27c'}, 'dob': {'date': '1989-11-16T05:44:54.852Z', 'age': 34}, 'registered': {'date': '2017-01-27T04:25:21.614Z', 'age': 7}, 'phone': '9604499306', 'cell': '7579033994', 'id': {'name': 'UIDAI', 'value': '761324590631'}, 'picture': {'large': 'https://randomuser.me/api/portraits/men/6.jpg', 'medium': 'https://randomuser.me/api/portraits/med/men/6.jpg', 'thumbnail': 'https://randomuser.me/api/portraits/thumb/men/6.jpg'}, 'nat': 'IN'}</msg>
<arg>${json_data['results'][0]}</arg>
<doc>Logs the given message with the given level.</doc>
<status status="PASS" start="2024-04-02T07:14:57.301532" elapsed="0.000407"/>
</kw>
<kw name="Log" owner="BuiltIn">
<msg time="2024-04-02T07:14:57.302365" level="INFO">location</msg>
<arg>${key}</arg>
<doc>Logs the given message with the given level.</doc>
<status status="PASS" start="2024-04-02T07:14:57.302236" elapsed="0.000167"/>
</kw>
<var name="${key}">location</var>
<status status="PASS" start="2024-04-02T07:14:57.300688" elapsed="0.001939"/>
</iter>
<iter>
<kw name="Dictionary Should Contain Key" owner="Collections">
<msg time="2024-04-02T07:14:57.303296" level="INFO">False</msg>
<arg>${json_data['results'][0]}</arg>
<arg>${key}</arg>
<doc>Fails if ``key`` is not found from ``dictionary``.</doc>
<status status="PASS" start="2024-04-02T07:14:57.302920" elapsed="0.000414"/>
</kw>
<kw name="Log" owner="BuiltIn">
<msg time="2024-04-02T07:14:57.304046" level="INFO">{'gender': 'male', 'name': {'title': 'Mr', 'first': 'Avi', 'last': 'Ramesh'}, 'location': {'street': {'number': 1631, 'name': 'Tripolia Bazar'}, 'city': 'Junagadh', 'state': 'Jammu and Kashmir', 'country': 'India', 'postcode': 30084, 'coordinates': {'latitude': '11.7864', 'longitude': '-63.6810'}, 'timezone': {'offset': '+6:00', 'description': 'Almaty, Dhaka, Colombo'}}, 'email': 'avi.ramesh@example.com', 'login': {'uuid': '2bc2f763-991e-4e0b-8b31-bcb1fa076ff5', 'username': 'bluebutterfly764', 'password': 'please', 'salt': 'MLh45aRa', 'md5': '25f3c23cce09c8cf33a9a1a84fe087c8', 'sha1': '4c9e0659832ebc1605be6710b028ce7be989ca70', 'sha256': 'a1d9115a8d950d1bd299b83c5f86240a3598bbab00a2b4c1094b3d4a7334b27c'}, 'dob': {'date': '1989-11-16T05:44:54.852Z', 'age': 34}, 'registered': {'date': '2017-01-27T04:25:21.614Z', 'age': 7}, 'phone': '9604499306', 'cell': '7579033994', 'id': {'name': 'UIDAI', 'value': '761324590631'}, 'picture': {'large': 'https://randomuser.me/api/portraits/men/6.jpg', 'medium': 'https://randomuser.me/api/portraits/med/men/6.jpg', 'thumbnail': 'https://randomuser.me/api/portraits/thumb/men/6.jpg'}, 'nat': 'IN'}</msg>
<arg>${json_data['results'][0]}</arg>
<doc>Logs the given message with the given level.</doc>
<status status="PASS" start="2024-04-02T07:14:57.303666" elapsed="0.000428"/>
</kw>
<kw name="Log" owner="BuiltIn">
<msg time="2024-04-02T07:14:57.304517" level="INFO">email</msg>
<arg>${key}</arg>
<doc>Logs the given message with the given level.</doc>
<status status="PASS" start="2024-04-02T07:14:57.304388" elapsed="0.000166"/>
</kw>
<var name="${key}">email</var>
<status status="PASS" start="2024-04-02T07:14:57.302803" elapsed="0.001967"/>
</iter>
<iter>
<kw name="Dictionary Should Contain Key" owner="Collections">
<msg time="2024-04-02T07:14:57.305440" level="INFO">False</msg>
<arg>${json_data['results'][0]}</arg>
<arg>${key}</arg>
<doc>Fails if ``key`` is not found from ``dictionary``.</doc>
<status status="PASS" start="2024-04-02T07:14:57.305055" elapsed="0.000422"/>
</kw>
<kw name="Log" owner="BuiltIn">
<msg time="2024-04-02T07:14:57.306127" level="INFO">{'gender': 'male', 'name': {'title': 'Mr', 'first': 'Avi', 'last': 'Ramesh'}, 'location': {'street': {'number': 1631, 'name': 'Tripolia Bazar'}, 'city': 'Junagadh', 'state': 'Jammu and Kashmir', 'country': 'India', 'postcode': 30084, 'coordinates': {'latitude': '11.7864', 'longitude': '-63.6810'}, 'timezone': {'offset': '+6:00', 'description': 'Almaty, Dhaka, Colombo'}}, 'email': 'avi.ramesh@example.com', 'login': {'uuid': '2bc2f763-991e-4e0b-8b31-bcb1fa076ff5', 'username': 'bluebutterfly764', 'password': 'please', 'salt': 'MLh45aRa', 'md5': '25f3c23cce09c8cf33a9a1a84fe087c8', 'sha1': '4c9e0659832ebc1605be6710b028ce7be989ca70', 'sha256': 'a1d9115a8d950d1bd299b83c5f86240a3598bbab00a2b4c1094b3d4a7334b27c'}, 'dob': {'date': '1989-11-16T05:44:54.852Z', 'age': 34}, 'registered': {'date': '2017-01-27T04:25:21.614Z', 'age': 7}, 'phone': '9604499306', 'cell': '7579033994', 'id': {'name': 'UIDAI', 'value': '761324590631'}, 'picture': {'large': 'https://randomuser.me/api/portraits/men/6.jpg', 'medium': 'https://randomuser.me/api/portraits/med/men/6.jpg', 'thumbnail': 'https://randomuser.me/api/portraits/thumb/men/6.jpg'}, 'nat': 'IN'}</msg>
<arg>${json_data['results'][0]}</arg>
<doc>Logs the given message with the given level.</doc>
<status status="PASS" start="2024-04-02T07:14:57.305770" elapsed="0.000404"/>
</kw>
<kw name="Log" owner="BuiltIn">
<msg time="2024-04-02T07:14:57.306597" level="INFO">login</msg>
<arg>${key}</arg>
<doc>Logs the given message with the given level.</doc>
<status status="PASS" start="2024-04-02T07:14:57.306468" elapsed="0.000276"/>
</kw>
<var name="${key}">login</var>
<status status="PASS" start="2024-04-02T07:14:57.304946" elapsed="0.002029"/>
</iter>
<var>${key}</var>
<value>@{expected_keys}</value>
<status status="PASS" start="2024-04-02T07:14:57.296106" elapsed="0.011022"/>
</for>
<kw name="Create List" owner="BuiltIn">
<msg time="2024-04-02T07:14:57.307476" level="INFO">${expected_keysTwo} = ['username', 'password']</msg>
<var>${expected_keysTwo}</var>
<arg>username</arg>
<arg>password</arg>
<doc>Returns a list containing given items.</doc>
<status status="PASS" start="2024-04-02T07:14:57.307336" elapsed="0.000164"/>
</kw>
<for flavor="IN">
<iter>
<kw name="Dictionary Should Contain Key" owner="Collections">
<msg time="2024-04-02T07:14:57.308410" level="INFO">False</msg>
<arg>${json_data['results'][0]['login']}</arg>
<arg>${keyTwo}</arg>
<doc>Fails if ``key`` is not found from ``dictionary``.</doc>
<status status="PASS" start="2024-04-02T07:14:57.308028" elapsed="0.000419"/>
</kw>
<kw name="Dictionary Should Contain Key" owner="Collections">
<msg time="2024-04-02T07:14:57.309124" level="INFO">False</msg>
<arg>${json_data['results'][0]['login']}</arg>
<arg>${keyTwo}</arg>
<doc>Fails if ``key`` is not found from ``dictionary``.</doc>
<status status="PASS" start="2024-04-02T07:14:57.308747" elapsed="0.000415"/>
</kw>
<kw name="Log" owner="BuiltIn">
<msg time="2024-04-02T07:14:57.309584" level="INFO">username</msg>
<arg>${keyTwo}</arg>
<doc>Logs the given message with the given level.</doc>
<status status="PASS" start="2024-04-02T07:14:57.309457" elapsed="0.000164"/>
</kw>
<var name="${keyTwo}">username</var>
<status status="PASS" start="2024-04-02T07:14:57.307916" elapsed="0.001929"/>
</iter>
<iter>
<kw name="Dictionary Should Contain Key" owner="Collections">
<msg time="2024-04-02T07:14:57.310504" level="INFO">False</msg>
<arg>${json_data['results'][0]['login']}</arg>
<arg>${keyTwo}</arg>
<doc>Fails if ``key`` is not found from ``dictionary``.</doc>
<status status="PASS" start="2024-04-02T07:14:57.310130" elapsed="0.000411"/>
</kw>
<kw name="Dictionary Should Contain Key" owner="Collections">
<msg time="2024-04-02T07:14:57.311225" level="INFO">False</msg>
<arg>${json_data['results'][0]['login']}</arg>
<arg>${keyTwo}</arg>
<doc>Fails if ``key`` is not found from ``dictionary``.</doc>
<status status="PASS" start="2024-04-02T07:14:57.310835" elapsed="0.000427"/>
</kw>
<kw name="Log" owner="BuiltIn">
<msg time="2024-04-02T07:14:57.311724" level="INFO">password</msg>
<arg>${keyTwo}</arg>
<doc>Logs the given message with the given level.</doc>
<status status="PASS" start="2024-04-02T07:14:57.311556" elapsed="0.000207"/>
</kw>
<var name="${keyTwo}">password</var>
<status status="PASS" start="2024-04-02T07:14:57.310020" elapsed="0.001965"/>
</iter>
<var>${keyTwo}</var>
<value>@{expected_keysTwo}</value>
<status status="PASS" start="2024-04-02T07:14:57.307762" elapsed="0.004348"/>
</for>
<status status="PASS" start="2024-04-02T07:14:57.229465" elapsed="0.082791"/>
</kw>
<doc>Testa a estrutura da resposta da API.</doc>
<tag>testeEstruturaResposta</tag>
<status status="PASS" start="2024-04-02T07:14:57.228482" elapsed="0.083941"/>
</test>
<test id="s1-s1-t4" name="Validar tipos de dados" line="28">
<kw name="Teste de Tipos de Dados" owner="random-user-service">
<kw name="GET On Session" owner="RequestsLibrary">
<msg time="2024-04-02T07:14:57.396063" level="INFO">GET Request : url=https://randomuser.me/api 
 path_url=/api 
 headers={'User-Agent': 'python-requests/2.31.0', 'Accept-Encoding': 'gzip, deflate', 'Accept': '*/*', 'Connection': 'keep-alive'} 
 body=None 
 </msg>
<msg time="2024-04-02T07:14:57.396177" level="INFO">GET Response : url=https://randomuser.me/api 
 status=200, reason=OK 
 headers={'Date': 'Tue, 02 Apr 2024 07:14:57 GMT', 'Content-Type': 'application/json; charset=utf-8', 'Transfer-Encoding': 'chunked', 'Connection': 'keep-alive', 'X-Powered-By': 'Express', 'Access-Control-Allow-Origin': '*', 'Cache-Control': 'no-cache', 'ETag': 'W/"47e-yL0d7Py+UxZ5re9Cxqs2bO3vyjo"', 'Vary': 'Accept-Encoding', 'Content-Encoding': 'gzip', 'CF-Cache-Status': 'DYNAMIC', 'Report-To': '{"endpoints":[{"url":"https:\\/\\/a.nel.cloudflare.com\\/report\\/v4?s=3vus9UmsD7krBICGidNBLuvl8VZXHhcNkQsyD8mhm1z9yt%2FuO27PbTin9YfOhowq%2FZN4SzsvRGfTUt25UNckoAVOJvrp1eAsGmjphsz3Hm7zqvCkAPP6Kx%2BrkTMoz%2BsT"}],"group":"cf-nel","max_age":604800}', 'NEL': '{"success_fraction":0,"report_to":"cf-nel","max_age":604800}', 'Server': 'cloudflare', 'CF-RAY': '86df066438f9200f-IAD', 'alt-svc': 'h3=":443"; ma=86400'} 
 body={"results":[{"gender":"male","name":{"title":"Mr","first":"Niklas","last":"Jutila"},"location":{"street":{"number":7708,"name":"Korkeavuorenkatu"},"city":"Loimaa","state":"South Karelia","country":"Finland","postcode":71457,"coordinates":{"latitude":"-25.0838","longitude":"-172.0493"},"timezone":{"offset":"-9:00","description":"Alaska"}},"email":"niklas.jutila@example.com","login":{"uuid":"a31c57ba-6700-4d9e-ba58-f5d700fc48d8","username":"goldenleopard986","password":"oscar","salt":"zCcdYK39","md5":"6efa9685de6ec59877242c30d2663f09","sha1":"a653fcdc5e25dbb6a5a89232ee780f828fb4256a","sha256":"9568cb6e1b3603d06ef3b5cf0169ab0757c099661c7b4fe40c8cbbab039d2984"},"dob":{"date":"1965-01-30T10:02:51.839Z","age":59},"registered":{"date":"2019-10-13T08:56:53.196Z","age":4},"phone":"02-097-258","cell":"045-157-30-95","id":{"name":"HETU","value":"NaNNA533undefined"},"picture":{"large":"https://randomuser.me/api/portraits/men/44.jpg","medium":"https://randomuser.me/api/portraits/med/men/44.jpg","thumbnail":"https://randomuser.me/api/portraits/thumb/men/44.jpg"},"nat":"FI"}],"info":{"seed":"5ebf45a8b975b7b4","results":1,"page":1,"version":"1.4"}} 
 </msg>
<msg time="2024-04-02T07:14:57.396276" level="INFO">/opt/hostedtoolcache/Python/3.12.2/x64/lib/python3.12/site-packages/urllib3/connectionpool.py:1103: InsecureRequestWarning: Unverified HTTPS request is being made to host 'randomuser.me'. Adding certificate verification is strongly advised. See: https://urllib3.readthedocs.io/en/latest/advanced-usage.html#tls-warnings
  warnings.warn(</msg>
<msg time="2024-04-02T07:14:57.396442" level="INFO">${response} = &lt;Response [200]&gt;</msg>
<var>${response}</var>
<arg>consultarAPI</arg>
<arg>/api</arg>
<doc>Sends a GET request on a previously created HTTP Session.</doc>
<status status="PASS" start="2024-04-02T07:14:57.314904" elapsed="0.081570"/>
</kw>
<kw name="Set Variable" owner="BuiltIn">
<msg time="2024-04-02T07:14:57.397506" level="INFO">${json_data} = {'results': [{'gender': 'male', 'name': {'title': 'Mr', 'first': 'Niklas', 'last': 'Jutila'}, 'location': {'street': {'number': 7708, 'name': 'Korkeavuorenkatu'}, 'city': 'Loimaa', 'state': 'South Kar...</msg>
<var>${json_data}</var>
<arg>${response.json()}</arg>
<doc>Returns the given values which can then be assigned to a variables.</doc>
<status status="PASS" start="2024-04-02T07:14:57.396979" elapsed="0.000555"/>
</kw>
<kw name="Log" owner="BuiltIn">
<msg time="2024-04-02T07:14:57.398013" level="INFO">{'results': [{'gender': 'male', 'name': {'title': 'Mr', 'first': 'Niklas', 'last': 'Jutila'}, 'location': {'street': {'number': 7708, 'name': 'Korkeavuorenkatu'}, 'city': 'Loimaa', 'state': 'South Karelia', 'country': 'Finland', 'postcode': 71457, 'coordinates': {'latitude': '-25.0838', 'longitude': '-172.0493'}, 'timezone': {'offset': '-9:00', 'description': 'Alaska'}}, 'email': 'niklas.jutila@example.com', 'login': {'uuid': 'a31c57ba-6700-4d9e-ba58-f5d700fc48d8', 'username': 'goldenleopard986', 'password': 'oscar', 'salt': 'zCcdYK39', 'md5': '6efa9685de6ec59877242c30d2663f09', 'sha1': 'a653fcdc5e25dbb6a5a89232ee780f828fb4256a', 'sha256': '9568cb6e1b3603d06ef3b5cf0169ab0757c099661c7b4fe40c8cbbab039d2984'}, 'dob': {'date': '1965-01-30T10:02:51.839Z', 'age': 59}, 'registered': {'date': '2019-10-13T08:56:53.196Z', 'age': 4}, 'phone': '02-097-258', 'cell': '045-157-30-95', 'id': {'name': 'HETU', 'value': 'NaNNA533undefined'}, 'picture': {'large': 'https://randomuser.me/api/portraits/men/44.jpg', 'medium': 'https://randomuser.me/api/portraits/med/men/44.jpg', 'thumbnail': 'https://randomuser.me/api/portraits/thumb/men/44.jpg'}, 'nat': 'FI'}], 'info': {'seed': '5ebf45a8b975b7b4', 'results': 1, 'page': 1, 'version': '1.4'}}</msg>
<arg>${json_data}</arg>
<doc>Logs the given message with the given level.</doc>
<status status="PASS" start="2024-04-02T07:14:57.397851" elapsed="0.000249"/>
</kw>
<kw name="Should Be String" owner="String">
<arg>${json_data['results'][0]['gender']}</arg>
<doc>Fails if the given ``item`` is not a string.</doc>
<status status="PASS" start="2024-04-02T07:14:57.398404" elapsed="0.000361"/>
</kw>
<kw name="Should Match Regexp" owner="BuiltIn">
<arg>${json_data['results'][0]['email']}</arg>
<arg>^[a-zA-Z0-9._%+-]+@[a-zA-Z0-9.-]+\.[a-zA-Z]{2,}$</arg>
<doc>Fails if ``string`` does not match ``pattern`` as a regular expression.</doc>
<status status="PASS" start="2024-04-02T07:14:57.398959" elapsed="0.000519"/>
</kw>
<kw name="Should Match Regexp" owner="BuiltIn">
<arg>${json_data['results'][0]['dob']['date']}</arg>
<arg>\\d{4}-\\d{2}-\\d{2}T\\d{2}:\\d{2}:\\d{2}\\.\\d{3}Z</arg>
<doc>Fails if ``string`` does not match ``pattern`` as a regular expression.</doc>
<status status="PASS" start="2024-04-02T07:14:57.399717" elapsed="0.000498"/>
</kw>
<kw name="Should Match Regexp" owner="BuiltIn">
<arg>${json_data['results'][0]['registered']['date']}</arg>
<arg>\\d{4}-\\d{2}-\\d{2}T\\d{2}:\\d{2}:\\d{2}\\.\\d{3}Z</arg>
<doc>Fails if ``string`` does not match ``pattern`` as a regular expression.</doc>
<status status="PASS" start="2024-04-02T07:14:57.400412" elapsed="0.000369"/>
</kw>
<kw name="Should Match Regexp" owner="BuiltIn">
<arg>${json_data['results'][0]['picture']['large']}</arg>
<arg>^https?://.*\.(?:png|jpe?g|gif|bmp)$</arg>
<doc>Fails if ``string`` does not match ``pattern`` as a regular expression.</doc>
<status status="PASS" start="2024-04-02T07:14:57.400967" elapsed="0.000462"/>
</kw>
<kw name="Should Match Regexp" owner="BuiltIn">
<arg>${json_data['results'][0]['picture']['medium']}</arg>
<arg>^https?://.*\.(?:png|jpe?g|gif|bmp)$</arg>
<doc>Fails if ``string`` does not match ``pattern`` as a regular expression.</doc>
<status status="PASS" start="2024-04-02T07:14:57.401618" elapsed="0.000352"/>
</kw>
<kw name="Should Match Regexp" owner="BuiltIn">
<arg>${json_data['results'][0]['picture']['thumbnail']}</arg>
<arg>^https?://.*\.(?:png|jpe?g|gif|bmp)$</arg>
<doc>Fails if ``string`` does not match ``pattern`` as a regular expression.</doc>
<status status="PASS" start="2024-04-02T07:14:57.402154" elapsed="0.000352"/>
</kw>
<kw name="Log" owner="BuiltIn">
<msg time="2024-04-02T07:14:57.403026" level="INFO">{'large': 'https://randomuser.me/api/portraits/men/44.jpg', 'medium': 'https://randomuser.me/api/portraits/med/men/44.jpg', 'thumbnail': 'https://randomuser.me/api/portraits/thumb/men/44.jpg'}</msg>
<arg>${json_data['results'][0]['picture']}</arg>
<doc>Logs the given message with the given level.</doc>
<status status="PASS" start="2024-04-02T07:14:57.402696" elapsed="0.000377"/>
</kw>
<status status="PASS" start="2024-04-02T07:14:57.314674" elapsed="0.088660"/>
</kw>
<kw name="Teste de Tipos de Dados - Postcode" owner="random-user-service">
<kw name="GET On Session" owner="RequestsLibrary">
<msg time="2024-04-02T07:14:57.514958" level="INFO">GET Request : url=https://randomuser.me/api 
 path_url=/api 
 headers={'User-Agent': 'python-requests/2.31.0', 'Accept-Encoding': 'gzip, deflate', 'Accept': '*/*', 'Connection': 'keep-alive'} 
 body=None 
 </msg>
<msg time="2024-04-02T07:14:57.515072" level="INFO">GET Response : url=https://randomuser.me/api 
 status=200, reason=OK 
 headers={'Date': 'Tue, 02 Apr 2024 07:14:57 GMT', 'Content-Type': 'application/json; charset=utf-8', 'Transfer-Encoding': 'chunked', 'Connection': 'keep-alive', 'X-Powered-By': 'Express', 'Access-Control-Allow-Origin': '*', 'Cache-Control': 'no-cache', 'ETag': 'W/"47e-n8CX5owjwssQsgXzD4eC6yKDKRw"', 'Vary': 'Accept-Encoding', 'Content-Encoding': 'gzip', 'CF-Cache-Status': 'DYNAMIC', 'Report-To': '{"endpoints":[{"url":"https:\\/\\/a.nel.cloudflare.com\\/report\\/v4?s=PgNDxDJj%2FR5MB0uZN8hX29yhimfY0qMao8ZLnXd1S3BfQ1WP5k8GeO5AU4w%2BIPuQ5Ua1uNSVt6bLIlRkgumEPzyUo891YmyfGIgQqPiNjjBHpmp7MDeyS0UylAu%2FmP9v"}],"group":"cf-nel","max_age":604800}', 'NEL': '{"success_fraction":0,"report_to":"cf-nel","max_age":604800}', 'Server': 'cloudflare', 'CF-RAY': '86df0664c977200f-IAD', 'alt-svc': 'h3=":443"; ma=86400'} 
 body={"results":[{"gender":"male","name":{"title":"Mr","first":"آرش","last":"مرادی"},"location":{"street":{"number":9248,"name":"کارگر"},"city":"بوشهر","state":"لرستان","country":"Iran","postcode":93708,"coordinates":{"latitude":"15.2184","longitude":"-36.2259"},"timezone":{"offset":"+10:00","description":"Eastern Australia, Guam, Vladivostok"}},"email":"arsh.mrdy@example.com","login":{"uuid":"1afef49e-97f4-460f-bca2-93e6762fcabf","username":"redcat621","password":"rocky1","salt":"KB9rAc9S","md5":"20262552918c19f6f8e48de3353d2e71","sha1":"dded68af492459e56f4009641ad84c87dc77f0d6","sha256":"8916af37d934b450ea18f639b7baf97ad8656a50fb407123360d3878481a16d3"},"dob":{"date":"1957-02-09T02:19:54.003Z","age":67},"registered":{"date":"2020-10-12T14:35:06.017Z","age":3},"phone":"043-19866901","cell":"0921-896-0515","id":{"name":"","value":null},"picture":{"large":"https://randomuser.me/api/portraits/men/42.jpg","medium":"https://randomuser.me/api/portraits/med/men/42.jpg","thumbnail":"https://randomuser.me/api/portraits/thumb/men/42.jpg"},"nat":"IR"}],"info":{"seed":"8cdc5c3fe8241059","results":1,"page":1,"version":"1.4"}} 
 </msg>
<msg time="2024-04-02T07:14:57.515180" level="INFO">/opt/hostedtoolcache/Python/3.12.2/x64/lib/python3.12/site-packages/urllib3/connectionpool.py:1103: InsecureRequestWarning: Unverified HTTPS request is being made to host 'randomuser.me'. Adding certificate verification is strongly advised. See: https://urllib3.readthedocs.io/en/latest/advanced-usage.html#tls-warnings
  warnings.warn(</msg>
<msg time="2024-04-02T07:14:57.515355" level="INFO">${response} = &lt;Response [200]&gt;</msg>
<var>${response}</var>
<arg>consultarAPI</arg>
<arg>/api</arg>
<doc>Sends a GET request on a previously created HTTP Session.</doc>
<status status="PASS" start="2024-04-02T07:14:57.403986" elapsed="0.111422"/>
</kw>
<kw name="Set Variable" owner="BuiltIn">
<msg time="2024-04-02T07:14:57.516492" level="INFO">${json_data} = {'results': [{'gender': 'male', 'name': {'title': 'Mr', 'first': 'آرش', 'last': 'مرادی'}, 'location': {'street': {'number': 9248, 'name': 'کارگر'}, 'city': 'بوشهر', 'state': 'لرستان', 'country': 'Iran...</msg>
<var>${json_data}</var>
<arg>${response.json()}</arg>
<doc>Returns the given values which can then be assigned to a variables.</doc>
<status status="PASS" start="2024-04-02T07:14:57.515962" elapsed="0.000560"/>
</kw>
<kw name="Log" owner="BuiltIn">
<msg time="2024-04-02T07:14:57.516998" level="INFO">{'results': [{'gender': 'male', 'name': {'title': 'Mr', 'first': 'آرش', 'last': 'مرادی'}, 'location': {'street': {'number': 9248, 'name': 'کارگر'}, 'city': 'بوشهر', 'state': 'لرستان', 'country': 'Iran', 'postcode': 93708, 'coordinates': {'latitude': '15.2184', 'longitude': '-36.2259'}, 'timezone': {'offset': '+10:00', 'description': 'Eastern Australia, Guam, Vladivostok'}}, 'email': 'arsh.mrdy@example.com', 'login': {'uuid': '1afef49e-97f4-460f-bca2-93e6762fcabf', 'username': 'redcat621', 'password': 'rocky1', 'salt': 'KB9rAc9S', 'md5': '20262552918c19f6f8e48de3353d2e71', 'sha1': 'dded68af492459e56f4009641ad84c87dc77f0d6', 'sha256': '8916af37d934b450ea18f639b7baf97ad8656a50fb407123360d3878481a16d3'}, 'dob': {'date': '1957-02-09T02:19:54.003Z', 'age': 67}, 'registered': {'date': '2020-10-12T14:35:06.017Z', 'age': 3}, 'phone': '043-19866901', 'cell': '0921-896-0515', 'id': {'name': '', 'value': None}, 'picture': {'large': 'https://randomuser.me/api/portraits/men/42.jpg', 'medium': 'https://randomuser.me/api/portraits/med/men/42.jpg', 'thumbnail': 'https://randomuser.me/api/portraits/thumb/men/42.jpg'}, 'nat': 'IR'}], 'info': {'seed': '8cdc5c3fe8241059', 'results': 1, 'page': 1, 'version': '1.4'}}</msg>
<arg>${json_data}</arg>
<doc>Logs the given message with the given level.</doc>
<status status="PASS" start="2024-04-02T07:14:57.516836" elapsed="0.000247"/>
</kw>
<kw name="Should Be Equal As Numbers" owner="BuiltIn">
<arg>${json_data['results'][0]['location']['postcode']}</arg>
<arg>${json_data['results'][0]['location']['postcode']}</arg>
<doc>Fails if objects are unequal after converting them to real numbers.</doc>
<status status="PASS" start="2024-04-02T07:14:57.517393" elapsed="0.000641"/>
</kw>
<kw name="Log" owner="BuiltIn">
<msg time="2024-04-02T07:14:57.518567" level="INFO">93708</msg>
<arg>${json_data['results'][0]['location']['postcode']}</arg>
<doc>Logs the given message with the given level.</doc>
<status status="PASS" start="2024-04-02T07:14:57.518228" elapsed="0.000380"/>
</kw>
<status status="PASS" start="2024-04-02T07:14:57.403570" elapsed="0.115297"/>
</kw>
<doc>Testa se os tipos de dados na resposta da API estão corretos.</doc>
<tag>testeTiposDados</tag>
<status status="PASS" start="2024-04-02T07:14:57.314230" elapsed="0.204816"/>
</test>
<test id="s1-s1-t5" name="Validar conteudo" line="35">
<kw name="Teste de Tipos de Conteudo" owner="random-user-service">
<kw name="GET On Session" owner="RequestsLibrary">
<msg time="2024-04-02T07:14:57.591467" level="INFO">GET Request : url=https://randomuser.me/api 
 path_url=/api 
 headers={'User-Agent': 'python-requests/2.31.0', 'Accept-Encoding': 'gzip, deflate', 'Accept': '*/*', 'Connection': 'keep-alive'} 
 body=None 
 </msg>
<msg time="2024-04-02T07:14:57.591555" level="INFO">GET Response : url=https://randomuser.me/api 
 status=200, reason=OK 
 headers={'Date': 'Tue, 02 Apr 2024 07:14:57 GMT', 'Content-Type': 'application/json; charset=utf-8', 'Transfer-Encoding': 'chunked', 'Connection': 'keep-alive', 'X-Powered-By': 'Express', 'Access-Control-Allow-Origin': '*', 'Cache-Control': 'no-cache', 'ETag': 'W/"488-S12IdHywJveB+67dif/XWFoMhXE"', 'Vary': 'Accept-Encoding', 'Content-Encoding': 'gzip', 'CF-Cache-Status': 'DYNAMIC', 'Report-To': '{"endpoints":[{"url":"https:\\/\\/a.nel.cloudflare.com\\/report\\/v4?s=WkFSjkXcO1%2BF5hwVaMkdmvCY1wiVRcMakPoDvTOZ0Qa2wipGYbjaDvtEFstcQMn8sFeVxy0gTQ6Oq4cF9bs2jr48Tv%2FFC9udvWwb%2BD0w9Q3F9QjcA2Q1vpyz3Iiyy4aX"}],"group":"cf-nel","max_age":604800}', 'NEL': '{"success_fraction":0,"report_to":"cf-nel","max_age":604800}', 'Server': 'cloudflare', 'CF-RAY': '86df06658a40200f-IAD', 'alt-svc': 'h3=":443"; ma=86400'} 
 body={"results":[{"gender":"female","name":{"title":"Ms","first":"Iida","last":"Kangas"},"location":{"street":{"number":9765,"name":"Esplanadi"},"city":"Kirkkonummi","state":"Northern Savonia","country":"Finland","postcode":62404,"coordinates":{"latitude":"-24.2513","longitude":"149.3502"},"timezone":{"offset":"+3:30","description":"Tehran"}},"email":"iida.kangas@example.com","login":{"uuid":"54e9f157-964f-4025-8cb1-32a2eb7a9af4","username":"beautifulelephant232","password":"qweasd","salt":"yq7cjwYX","md5":"53b0993d21cbb35b34b5d9fdbbc8eff5","sha1":"daf721c7e6c10e12727fbfd7d4774ca4a22114eb","sha256":"734778d88f39daf61da715f58f1338df3d5918d2aacf40d5ff1f0bc708b6d1e2"},"dob":{"date":"1983-02-02T18:47:15.864Z","age":41},"registered":{"date":"2005-05-04T15:36:04.490Z","age":18},"phone":"07-465-692","cell":"042-815-80-76","id":{"name":"HETU","value":"NaNNA854undefined"},"picture":{"large":"https://randomuser.me/api/portraits/women/85.jpg","medium":"https://randomuser.me/api/portraits/med/women/85.jpg","thumbnail":"https://randomuser.me/api/portraits/thumb/women/85.jpg"},"nat":"FI"}],"info":{"seed":"11d65dcf98426acf","results":1,"page":1,"version":"1.4"}} 
 </msg>
<msg time="2024-04-02T07:14:57.591664" level="INFO">/opt/hostedtoolcache/Python/3.12.2/x64/lib/python3.12/site-packages/urllib3/connectionpool.py:1103: InsecureRequestWarning: Unverified HTTPS request is being made to host 'randomuser.me'. Adding certificate verification is strongly advised. See: https://urllib3.readthedocs.io/en/latest/advanced-usage.html#tls-warnings
  warnings.warn(</msg>
<msg time="2024-04-02T07:14:57.591803" level="INFO">${response} = &lt;Response [200]&gt;</msg>
<var>${response}</var>
<arg>consultarAPI</arg>
<arg>/api</arg>
<doc>Sends a GET request on a previously created HTTP Session.</doc>
<status status="PASS" start="2024-04-02T07:14:57.521540" elapsed="0.070308"/>
</kw>
<kw name="Set Variable" owner="BuiltIn">
<msg time="2024-04-02T07:14:57.592815" level="INFO">${json_data} = {'results': [{'gender': 'female', 'name': {'title': 'Ms', 'first': 'Iida', 'last': 'Kangas'}, 'location': {'street': {'number': 9765, 'name': 'Esplanadi'}, 'city': 'Kirkkonummi', 'state': 'Northern Sa...</msg>
<var>${json_data}</var>
<arg>${response.json()}</arg>
<doc>Returns the given values which can then be assigned to a variables.</doc>
<status status="PASS" start="2024-04-02T07:14:57.592320" elapsed="0.000524"/>
</kw>
<kw name="Set Variable" owner="BuiltIn">
<msg time="2024-04-02T07:14:57.593532" level="INFO">${name_title} = Ms</msg>
<var>${name_title}</var>
<arg>${json_data["results"][0]["name"]["title"]}</arg>
<doc>Returns the given values which can then be assigned to a variables.</doc>
<status status="PASS" start="2024-04-02T07:14:57.593151" elapsed="0.000407"/>
</kw>
<kw name="Create List" owner="BuiltIn">
<msg time="2024-04-02T07:14:57.594014" level="INFO">${allowed_titles} = ['Mr', 'Ms', 'Miss', 'Mrs', 'Madame', 'Monsieur']</msg>
<var>${allowed_titles}</var>
<arg>Mr</arg>
<arg>Ms</arg>
<arg>Miss</arg>
<arg>Mrs</arg>
<arg>Madame</arg>
<arg>Monsieur</arg>
<doc>Returns a list containing given items.</doc>
<status status="PASS" start="2024-04-02T07:14:57.593863" elapsed="0.000175"/>
</kw>
<kw name="List Should Contain Value" owner="Collections">
<msg time="2024-04-02T07:14:57.594523" level="INFO">False</msg>
<arg>${allowed_titles}</arg>
<arg>${name_title}</arg>
<doc>Fails if the ``value`` is not found from ``list``.</doc>
<status status="PASS" start="2024-04-02T07:14:57.594347" elapsed="0.000220"/>
</kw>
<kw name="Set Variable" owner="BuiltIn">
<msg time="2024-04-02T07:14:57.595236" level="INFO">${name_country} = FI</msg>
<var>${name_country}</var>
<arg>${json_data["results"][0]["nat"]}</arg>
<doc>Returns the given values which can then be assigned to a variables.</doc>
<status status="PASS" start="2024-04-02T07:14:57.594862" elapsed="0.000400"/>
</kw>
<kw name="Create List" owner="BuiltIn">
<msg time="2024-04-02T07:14:57.596219" level="INFO">${list_country} = ['AD', 'AE', 'AF', 'AG', 'AI', 'AL', 'AM', 'AO', 'AQ', 'AR', 'AS', 'AT', 'AU', 'AW', 'AX', 'AZ', 'BA', 'BB', 'BD', 'BE', 'BF', 'BG', 'BH', 'BI', 'BJ', 'BL', 'BM', 'BN', 'BO', 'BQ', 'BR', 'BS', 'BT', '...</msg>
<var>${list_country}</var>
<arg>AD</arg>
<arg>AE</arg>
<arg>AF</arg>
<arg>AG</arg>
<arg>AI</arg>
<arg>AL</arg>
<arg>AM</arg>
<arg>AO</arg>
<arg>AQ</arg>
<arg>AR</arg>
<arg>AS</arg>
<arg>AT</arg>
<arg>AU</arg>
<arg>AW</arg>
<arg>AX</arg>
<arg>AZ</arg>
<arg>BA</arg>
<arg>BB</arg>
<arg>BD</arg>
<arg>BE</arg>
<arg>BF</arg>
<arg>BG</arg>
<arg>BH</arg>
<arg>BI</arg>
<arg>BJ</arg>
<arg>BL</arg>
<arg>BM</arg>
<arg>BN</arg>
<arg>BO</arg>
<arg>BQ</arg>
<arg>BR</arg>
<arg>BS</arg>
<arg>BT</arg>
<arg>BV</arg>
<arg>BW</arg>
<arg>BY</arg>
<arg>BZ</arg>
<arg>CA</arg>
<arg>CC</arg>
<arg>CD</arg>
<arg>CF</arg>
<arg>CG</arg>
<arg>CH</arg>
<arg>CI</arg>
<arg>CK</arg>
<arg>CL</arg>
<arg>CM</arg>
<arg>CN</arg>
<arg>CO</arg>
<arg>CR</arg>
<arg>CU</arg>
<arg>CV</arg>
<arg>CW</arg>
<arg>CX</arg>
<arg>CY</arg>
<arg>CZ</arg>
<arg>DE</arg>
<arg>DJ</arg>
<arg>DK</arg>
<arg>DM</arg>
<arg>DO</arg>
<arg>DZ</arg>
<arg>EC</arg>
<arg>EE</arg>
<arg>EG</arg>
<arg>EH</arg>
<arg>ER</arg>
<arg>ES</arg>
<arg>ET</arg>
<arg>FI</arg>
<arg>FJ</arg>
<arg>FK</arg>
<arg>FM</arg>
<arg>FO</arg>
<arg>FR</arg>
<arg>GA</arg>
<arg>GB</arg>
<arg>GD</arg>
<arg>GE</arg>
<arg>GF</arg>
<arg>GG</arg>
<arg>GH</arg>
<arg>GI</arg>
<arg>GL</arg>
<arg>GM</arg>
<arg>GN</arg>
<arg>GP</arg>
<arg>GQ</arg>
<arg>GR</arg>
<arg>GS</arg>
<arg>GT</arg>
<arg>GU</arg>
<arg>GW</arg>
<arg>GY</arg>
<arg>HK</arg>
<arg>HM</arg>
<arg>HN</arg>
<arg>HR</arg>
<arg>HT</arg>
<arg>HU</arg>
<arg>ID</arg>
<arg>IE</arg>
<arg>IL</arg>
<arg>IM</arg>
<arg>IN</arg>
<arg>IO</arg>
<arg>IQ</arg>
<arg>IR</arg>
<arg>IS</arg>
<arg>IT</arg>
<arg>JE</arg>
<arg>JM</arg>
<arg>JO</arg>
<arg>JP</arg>
<arg>KE</arg>
<arg>KG</arg>
<arg>KH</arg>
<arg>KI</arg>
<arg>KM</arg>
<arg>KN</arg>
<arg>KP</arg>
<arg>KR</arg>
<arg>KW</arg>
<arg>KY</arg>
<arg>KZ</arg>
<arg>LA</arg>
<arg>LB</arg>
<arg>LC</arg>
<arg>LI</arg>
<arg>LK</arg>
<arg>LR</arg>
<arg>LS</arg>
<arg>LT</arg>
<arg>LU</arg>
<arg>LV</arg>
<arg>LY</arg>
<arg>MA</arg>
<arg>MC</arg>
<arg>MD</arg>
<arg>ME</arg>
<arg>MF</arg>
<arg>MG</arg>
<arg>MH</arg>
<arg>MK</arg>
<arg>ML</arg>
<arg>MM</arg>
<arg>MN</arg>
<arg>MO</arg>
<arg>MP</arg>
<arg>MQ</arg>
<arg>MR</arg>
<arg>MS</arg>
<arg>MT</arg>
<arg>MU</arg>
<arg>MV</arg>
<arg>MW</arg>
<arg>MX</arg>
<arg>MY</arg>
<arg>MZ</arg>
<arg>NA</arg>
<arg>NC</arg>
<arg>NE</arg>
<arg>NF</arg>
<arg>NG</arg>
<arg>NI</arg>
<arg>NL</arg>
<arg>NO</arg>
<arg>NP</arg>
<arg>NR</arg>
<arg>NU</arg>
<arg>NZ</arg>
<arg>OM</arg>
<arg>PA</arg>
<arg>PE</arg>
<arg>PF</arg>
<arg>PG</arg>
<arg>PH</arg>
<arg>PK</arg>
<arg>PL</arg>
<arg>PM</arg>
<arg>PN</arg>
<arg>PR</arg>
<arg>PS</arg>
<arg>PT</arg>
<arg>PW</arg>
<arg>PY</arg>
<arg>QA</arg>
<arg>RE</arg>
<arg>RO</arg>
<arg>RS</arg>
<arg>RU</arg>
<arg>RW</arg>
<arg>SA</arg>
<arg>SB</arg>
<arg>SC</arg>
<arg>SD</arg>
<arg>SE</arg>
<arg>SG</arg>
<arg>SH</arg>
<arg>SI</arg>
<arg>SJ</arg>
<arg>SK</arg>
<arg>SL</arg>
<arg>SM</arg>
<arg>SN</arg>
<arg>SO</arg>
<arg>SR</arg>
<arg>SS</arg>
<arg>ST</arg>
<arg>SV</arg>
<arg>SX</arg>
<arg>SY</arg>
<arg>SZ</arg>
<arg>TC</arg>
<arg>TD</arg>
<arg>TF</arg>
<arg>TG</arg>
<arg>TH</arg>
<arg>TJ</arg>
<arg>TK</arg>
<arg>TL</arg>
<arg>TM</arg>
<arg>TN</arg>
<arg>TO</arg>
<arg>TR</arg>
<arg>TT</arg>
<arg>TV</arg>
<arg>TW</arg>
<arg>TZ</arg>
<arg>UA</arg>
<arg>UG</arg>
<arg>UM</arg>
<arg>US</arg>
<arg>UY</arg>
<arg>UZ</arg>
<arg>VA</arg>
<arg>VC</arg>
<arg>VE</arg>
<arg>VG</arg>
<arg>VI</arg>
<arg>VN</arg>
<arg>VU</arg>
<arg>WF</arg>
<arg>WS</arg>
<arg>XK</arg>
<arg>YE</arg>
<arg>YT</arg>
<arg>ZA</arg>
<arg>ZM</arg>
<arg>ZW</arg>
<doc>Returns a list containing given items.</doc>
<status status="PASS" start="2024-04-02T07:14:57.595601" elapsed="0.000645"/>
</kw>
<kw name="List Should Contain Value" owner="Collections">
<msg time="2024-04-02T07:14:57.597409" level="INFO">False</msg>
<arg>${list_country}</arg>
<arg>${name_country}</arg>
<doc>Fails if the ``value`` is not found from ``list``.</doc>
<status status="PASS" start="2024-04-02T07:14:57.597203" elapsed="0.000244"/>
</kw>
<kw name="Run Keyword If" owner="BuiltIn">
<kw name="Should Be True" owner="BuiltIn">
<arg>${True}</arg>
<doc>Fails if the given condition is not true.</doc>
<status status="PASS" start="2024-04-02T07:14:57.598535" elapsed="0.000147"/>
</kw>
<arg>${json_data["results"][0]["location"]["coordinates"]["latitude"]} &gt;= -90 and ${json_data["results"][0]["location"]["coordinates"]["latitude"]} &lt;= 90</arg>
<arg>Should Be True</arg>
<arg>${True}</arg>
<doc>Runs the given keyword with the given arguments, if ``condition`` is true.</doc>
<status status="PASS" start="2024-04-02T07:14:57.597769" elapsed="0.001043"/>
</kw>
<kw name="Run Keyword If" owner="BuiltIn">
<kw name="Should Be True" owner="BuiltIn">
<arg>${True}</arg>
<doc>Fails if the given condition is not true.</doc>
<status status="PASS" start="2024-04-02T07:14:57.599728" elapsed="0.000140"/>
</kw>
<arg>${json_data["results"][0]["location"]["coordinates"]["longitude"]} &gt;= -180 and ${json_data["results"][0]["location"]["coordinates"]["longitude"]} &lt;= 180</arg>
<arg>Should Be True</arg>
<arg>${True}</arg>
<doc>Runs the given keyword with the given arguments, if ``condition`` is true.</doc>
<status status="PASS" start="2024-04-02T07:14:57.599006" elapsed="0.000991"/>
</kw>
<status status="PASS" start="2024-04-02T07:14:57.521312" elapsed="0.078820"/>
</kw>
<doc>Testa o conteúdo específico dos campos retornados pela API.</doc>
<tag>testeConteudo</tag>
<status status="PASS" start="2024-04-02T07:14:57.520853" elapsed="0.079435"/>
</test>
<status status="PASS" start="2024-04-02T07:14:56.810358" elapsed="0.791938"/>
</suite>
<status status="PASS" start="2024-04-02T07:14:56.796252" elapsed="0.811530"/>
</suite>
<statistics>
<total>
<stat pass="5" fail="0" skip="0">All Tests</stat>
</total>
<tag>
<stat pass="1" fail="0" skip="0">testeConteudo</stat>
<stat pass="1" fail="0" skip="0">testeEstruturaResposta</stat>
<stat pass="1" fail="0" skip="0">testeRequisicaoBasica</stat>
<stat pass="1" fail="0" skip="0">testeTiposDados</stat>
</tag>
<suite>
<stat pass="5" fail="0" skip="0" id="s1" name="Tests">Tests</stat>
<stat pass="5" fail="0" skip="0" id="s1-s1" name="Random-User-Test">Tests.Random-User-Test</stat>
</suite>
</statistics>
<errors>
</errors>
</robot>
