<?xml version="1.0" encoding="UTF-8"?>
<robot generator="Robot 7.0 (Python 3.12.3 on linux)" generated="2024-05-31T13:16:08.305706" rpa="false" schemaversion="5">
<suite id="s1" name="Tests" source="/home/runner/work/ApiRandomUser/ApiRandomUser/RamdonUser/tests">
<suite id="s1-s1" name="Random-User-Test" source="/home/runner/work/ApiRandomUser/ApiRandomUser/RamdonUser/tests/random-user-test.robot">
<test id="s1-s1-t1" name="Conectar" line="13">
<kw name="Conectar API" owner="random-user-service">
<kw name="Create Session" owner="RequestsLibrary">
<msg time="2024-05-31T13:16:08.695614" level="INFO">Creating Session using : alias=consultarAPI, url=https://randomuser.me/, headers={},                     cookies={}, auth=None, timeout=None, proxies=None, verify=False,                     debug=0 </msg>
<arg>consultarAPI</arg>
<arg>${URL}</arg>
<doc>Create Session: create a HTTP session to a server</doc>
<status status="PASS" start="2024-05-31T13:16:08.695412" elapsed="0.000373"/>
</kw>
<status status="PASS" start="2024-05-31T13:16:08.694379" elapsed="0.001752"/>
</kw>
<status status="PASS" start="2024-05-31T13:16:08.693873" elapsed="0.002476"/>
</test>
<test id="s1-s1-t2" name="Validar retorno 200 e JSON Válido" line="16">
<kw name="Teste de Requisicao Basica" owner="random-user-service">
<kw name="GET On Session" owner="RequestsLibrary">
<msg time="2024-05-31T13:16:08.772874" level="INFO">GET Request : url=https://randomuser.me/api 
 path_url=/api 
 headers={'User-Agent': 'python-requests/2.32.3', 'Accept-Encoding': 'gzip, deflate', 'Accept': '*/*', 'Connection': 'keep-alive'} 
 body=None 
 </msg>
<msg time="2024-05-31T13:16:08.773011" level="INFO">GET Response : url=https://randomuser.me/api 
 status=200, reason=OK 
 headers={'Date': 'Fri, 31 May 2024 13:16:08 GMT', 'Content-Type': 'application/json; charset=utf-8', 'Transfer-Encoding': 'chunked', 'Connection': 'keep-alive', 'X-Powered-By': 'Express', 'Access-Control-Allow-Origin': '*', 'Cache-Control': 'no-cache', 'ETag': 'W/"489-fUVK4+5lf4+IWXWQJB9r5jV1yFY"', 'Vary': 'Accept-Encoding', 'Content-Encoding': 'gzip', 'CF-Cache-Status': 'DYNAMIC', 'Report-To': '{"endpoints":[{"url":"https:\\/\\/a.nel.cloudflare.com\\/report\\/v4?s=VsfUiwft0Oc72mmUVfu4U3gu5CkoUhR%2Fd1C1NA%2FxKrYsbv4VGbcW9YD07djdps4IMBiTKjHHrUA9t1cAWy6QtBrMNbq%2BxlnWIFjGSEv8bpdaQdp3CcijEpjDhOM0GIh3"}],"group":"cf-nel","max_age":604800}', 'NEL': '{"success_fraction":0,"report_to":"cf-nel","max_age":604800}', 'Server': 'cloudflare', 'CF-RAY': '88c73c9a9d1a081d-IAD', 'alt-svc': 'h3=":443"; ma=86400'} 
 body={"results":[{"gender":"female","name":{"title":"Miss","first":"Sandra","last":"Delgado"},"location":{"street":{"number":1540,"name":"Calle del Barquillo"},"city":"La Palma","state":"Cataluña","country":"Spain","postcode":18272,"coordinates":{"latitude":"-30.7703","longitude":"172.1184"},"timezone":{"offset":"-3:30","description":"Newfoundland"}},"email":"sandra.delgado@example.com","login":{"uuid":"d3252c66-1c6e-4889-81f1-37f7c4e93dc0","username":"beautifulduck513","password":"veronica","salt":"Vy6IGJFe","md5":"728f6916a00a4b1b1204a1ecd82bb0fc","sha1":"a03c0321aac45c984c4e47199cea5661b3711963","sha256":"8e9b2c3ff077f3617b246799568505c8f088f08945782a9cbfb846c3483b3e70"},"dob":{"date":"2000-07-06T01:53:01.494Z","age":23},"registered":{"date":"2011-06-21T02:34:32.004Z","age":12},"phone":"939-528-705","cell":"674-146-972","id":{"name":"DNI","value":"09407628-S"},"picture":{"large":"https://randomuser.me/api/portraits/women/72.jpg","medium":"https://randomuser.me/api/portraits/med/women/72.jpg","thumbnail":"https://randomuser.me/api/portraits/thumb/women/72.jpg"},"nat":"ES"}],"info":{"seed":"2ce8fb36c2919cd4","results":1,"page":1,"version":"1.4"}} 
 </msg>
<msg time="2024-05-31T13:16:08.773092" level="INFO">/opt/hostedtoolcache/Python/3.12.3/x64/lib/python3.12/site-packages/urllib3/connectionpool.py:1103: InsecureRequestWarning: Unverified HTTPS request is being made to host 'randomuser.me'. Adding certificate verification is strongly advised. See: https://urllib3.readthedocs.io/en/latest/advanced-usage.html#tls-warnings
  warnings.warn(</msg>
<msg time="2024-05-31T13:16:08.773226" level="INFO">${response} = &lt;Response [200]&gt;</msg>
<var>${response}</var>
<arg>consultarAPI</arg>
<arg>/api</arg>
<doc>Sends a GET request on a previously created HTTP Session.</doc>
<status status="PASS" start="2024-05-31T13:16:08.698903" elapsed="0.074363"/>
</kw>
<kw name="Should Be Equal As Numbers" owner="BuiltIn">
<msg time="2024-05-31T13:16:08.774197" level="INFO">Argument types are:
&lt;class 'int'&gt;
&lt;class 'str'&gt;</msg>
<arg>${response.status_code}</arg>
<arg>200</arg>
<doc>Fails if objects are unequal after converting them to real numbers.</doc>
<status status="PASS" start="2024-05-31T13:16:08.773750" elapsed="0.000511"/>
</kw>
<kw name="Log" owner="BuiltIn">
<msg time="2024-05-31T13:16:08.774958" level="INFO">200</msg>
<arg>${response.status_code}</arg>
<doc>Logs the given message with the given level.</doc>
<status status="PASS" start="2024-05-31T13:16:08.774612" elapsed="0.000393"/>
</kw>
<kw name="Set Variable" owner="BuiltIn">
<msg time="2024-05-31T13:16:08.775751" level="INFO">${json_data} = {'results': [{'gender': 'female', 'name': {'title': 'Miss', 'first': 'Sandra', 'last': 'Delgado'}, 'location': {'street': {'number': 1540, 'name': 'Calle del Barquillo'}, 'city': 'La Palma', 'state': ...</msg>
<var>${json_data}</var>
<arg>${response.json()}</arg>
<doc>Returns the given values which can then be assigned to a variables.</doc>
<status status="PASS" start="2024-05-31T13:16:08.775313" elapsed="0.000467"/>
</kw>
<kw name="Dictionary Should Contain Key" owner="Collections">
<msg time="2024-05-31T13:16:08.776253" level="INFO">False</msg>
<arg>${json_data}</arg>
<arg>results</arg>
<doc>Fails if ``key`` is not found from ``dictionary``.</doc>
<status status="PASS" start="2024-05-31T13:16:08.776086" elapsed="0.000375"/>
</kw>
<status status="PASS" start="2024-05-31T13:16:08.698664" elapsed="0.078068"/>
</kw>
<doc>Testa se a API responde corretamente e retorna um objeto JSON válido.</doc>
<tag>testeRequisicaoBasica</tag>
<status status="PASS" start="2024-05-31T13:16:08.698228" elapsed="0.078686"/>
</test>
<test id="s1-s1-t3" name="Validar estrutura de resposta" line="22">
<kw name="Teste de Estrutura de Resposta" owner="random-user-service">
<kw name="GET On Session" owner="RequestsLibrary">
<msg time="2024-05-31T13:16:08.875806" level="INFO">GET Request : url=https://randomuser.me/api 
 path_url=/api 
 headers={'User-Agent': 'python-requests/2.32.3', 'Accept-Encoding': 'gzip, deflate', 'Accept': '*/*', 'Connection': 'keep-alive'} 
 body=None 
 </msg>
<msg time="2024-05-31T13:16:08.875872" level="INFO">GET Response : url=https://randomuser.me/api 
 status=200, reason=OK 
 headers={'Date': 'Fri, 31 May 2024 13:16:08 GMT', 'Content-Type': 'application/json; charset=utf-8', 'Transfer-Encoding': 'chunked', 'Connection': 'keep-alive', 'X-Powered-By': 'Express', 'Access-Control-Allow-Origin': '*', 'Cache-Control': 'no-cache', 'ETag': 'W/"47f-PujBcLwVg74GZFXzzAnYd19v5z4"', 'Vary': 'Accept-Encoding', 'Content-Encoding': 'gzip', 'CF-Cache-Status': 'DYNAMIC', 'Report-To': '{"endpoints":[{"url":"https:\\/\\/a.nel.cloudflare.com\\/report\\/v4?s=1kz6ou0t%2FBpGDyerHKIBy2aQ8PsHQrNMel%2FxFO1OOVNnYMEcippB8PbsLqYZ5VBdUxyFSgU4JkcOlyWmTCSM2uMxvvXg5PNiVspZlwH%2FxpFtZygOZSab9Xn6zULSmOrM"}],"group":"cf-nel","max_age":604800}', 'NEL': '{"success_fraction":0,"report_to":"cf-nel","max_age":604800}', 'Server': 'cloudflare', 'CF-RAY': '88c73c9aed69081d-IAD', 'alt-svc': 'h3=":443"; ma=86400'} 
 body={"results":[{"gender":"female","name":{"title":"Miss","first":"Theresa","last":"Brummer"},"location":{"street":{"number":4178,"name":"Kepplerplein"},"city":"Langeveen","state":"Zeeland","country":"Netherlands","postcode":"0343 BA","coordinates":{"latitude":"30.9201","longitude":"168.8286"},"timezone":{"offset":"+4:30","description":"Kabul"}},"email":"theresa.brummer@example.com","login":{"uuid":"e14a6e7d-c7b5-433c-a42c-165e8c207099","username":"smallcat458","password":"billy1","salt":"CSvopXPr","md5":"7e53a39c00bdad157bf6f3c3e9bf0f53","sha1":"2a798b0fdb49e2102477af935b8d7486186ece09","sha256":"31a2716a73fe100523b044a2ad55886a929380b658c6fc0f1127dc87e2fc9633"},"dob":{"date":"1963-04-19T02:33:01.329Z","age":61},"registered":{"date":"2021-01-07T14:23:51.276Z","age":3},"phone":"(0910) 344549","cell":"(06) 92013230","id":{"name":"BSN","value":"35548099"},"picture":{"large":"https://randomuser.me/api/portraits/women/48.jpg","medium":"https://randomuser.me/api/portraits/med/women/48.jpg","thumbnail":"https://randomuser.me/api/portraits/thumb/women/48.jpg"},"nat":"NL"}],"info":{"seed":"aa844234cc053ab3","results":1,"page":1,"version":"1.4"}} 
 </msg>
<msg time="2024-05-31T13:16:08.875964" level="INFO">/opt/hostedtoolcache/Python/3.12.3/x64/lib/python3.12/site-packages/urllib3/connectionpool.py:1103: InsecureRequestWarning: Unverified HTTPS request is being made to host 'randomuser.me'. Adding certificate verification is strongly advised. See: https://urllib3.readthedocs.io/en/latest/advanced-usage.html#tls-warnings
  warnings.warn(</msg>
<msg time="2024-05-31T13:16:08.876070" level="INFO">${response} = &lt;Response [200]&gt;</msg>
<var>${response}</var>
<arg>consultarAPI</arg>
<arg>/api</arg>
<doc>Sends a GET request on a previously created HTTP Session.</doc>
<status status="PASS" start="2024-05-31T13:16:08.779480" elapsed="0.096630"/>
</kw>
<kw name="Set Variable" owner="BuiltIn">
<msg time="2024-05-31T13:16:08.877167" level="INFO">${json_data} = {'results': [{'gender': 'female', 'name': {'title': 'Miss', 'first': 'Theresa', 'last': 'Brummer'}, 'location': {'street': {'number': 4178, 'name': 'Kepplerplein'}, 'city': 'Langeveen', 'state': 'Zeel...</msg>
<var>${json_data}</var>
<arg>${response.json()}</arg>
<doc>Returns the given values which can then be assigned to a variables.</doc>
<status status="PASS" start="2024-05-31T13:16:08.876595" elapsed="0.000601"/>
</kw>
<kw name="Log" owner="BuiltIn">
<msg time="2024-05-31T13:16:08.877656" level="INFO">{'results': [{'gender': 'female', 'name': {'title': 'Miss', 'first': 'Theresa', 'last': 'Brummer'}, 'location': {'street': {'number': 4178, 'name': 'Kepplerplein'}, 'city': 'Langeveen', 'state': 'Zeeland', 'country': 'Netherlands', 'postcode': '0343 BA', 'coordinates': {'latitude': '30.9201', 'longitude': '168.8286'}, 'timezone': {'offset': '+4:30', 'description': 'Kabul'}}, 'email': 'theresa.brummer@example.com', 'login': {'uuid': 'e14a6e7d-c7b5-433c-a42c-165e8c207099', 'username': 'smallcat458', 'password': 'billy1', 'salt': 'CSvopXPr', 'md5': '7e53a39c00bdad157bf6f3c3e9bf0f53', 'sha1': '2a798b0fdb49e2102477af935b8d7486186ece09', 'sha256': '31a2716a73fe100523b044a2ad55886a929380b658c6fc0f1127dc87e2fc9633'}, 'dob': {'date': '1963-04-19T02:33:01.329Z', 'age': 61}, 'registered': {'date': '2021-01-07T14:23:51.276Z', 'age': 3}, 'phone': '(0910) 344549', 'cell': '(06) 92013230', 'id': {'name': 'BSN', 'value': '35548099'}, 'picture': {'large': 'https://randomuser.me/api/portraits/women/48.jpg', 'medium': 'https://randomuser.me/api/portraits/med/women/48.jpg', 'thumbnail': 'https://randomuser.me/api/portraits/thumb/women/48.jpg'}, 'nat': 'NL'}], 'info': {'seed': 'aa844234cc053ab3', 'results': 1, 'page': 1, 'version': '1.4'}}</msg>
<arg>${json_data}</arg>
<doc>Logs the given message with the given level.</doc>
<status status="PASS" start="2024-05-31T13:16:08.877504" elapsed="0.000197"/>
</kw>
<kw name="Dictionary Should Contain Key" owner="Collections">
<msg time="2024-05-31T13:16:08.878157" level="INFO">False</msg>
<arg>${json_data}</arg>
<arg>results</arg>
<doc>Fails if ``key`` is not found from ``dictionary``.</doc>
<status status="PASS" start="2024-05-31T13:16:08.877999" elapsed="0.000195"/>
</kw>
<kw name="Should Not Be Empty" owner="BuiltIn">
<msg time="2024-05-31T13:16:08.878613" level="INFO">Length is 2.</msg>
<arg>${json_data}</arg>
<doc>Verifies that the given item is not empty.</doc>
<status status="PASS" start="2024-05-31T13:16:08.878483" elapsed="0.000167"/>
</kw>
<kw name="Create List" owner="BuiltIn">
<msg time="2024-05-31T13:16:08.879107" level="INFO">${expected_keys} = ['gender', 'name', 'location', 'email', 'login']</msg>
<var>${expected_keys}</var>
<arg>gender</arg>
<arg>name</arg>
<arg>location</arg>
<arg>email</arg>
<arg>login</arg>
<doc>Returns a list containing given items.</doc>
<status status="PASS" start="2024-05-31T13:16:08.878958" elapsed="0.000173"/>
</kw>
<for flavor="IN">
<iter>
<kw name="Dictionary Should Contain Key" owner="Collections">
<msg time="2024-05-31T13:16:08.880130" level="INFO">False</msg>
<arg>${json_data['results'][0]}</arg>
<arg>${key}</arg>
<doc>Fails if ``key`` is not found from ``dictionary``.</doc>
<status status="PASS" start="2024-05-31T13:16:08.879731" elapsed="0.000441"/>
</kw>
<kw name="Log" owner="BuiltIn">
<msg time="2024-05-31T13:16:08.880872" level="INFO">{'gender': 'female', 'name': {'title': 'Miss', 'first': 'Theresa', 'last': 'Brummer'}, 'location': {'street': {'number': 4178, 'name': 'Kepplerplein'}, 'city': 'Langeveen', 'state': 'Zeeland', 'country': 'Netherlands', 'postcode': '0343 BA', 'coordinates': {'latitude': '30.9201', 'longitude': '168.8286'}, 'timezone': {'offset': '+4:30', 'description': 'Kabul'}}, 'email': 'theresa.brummer@example.com', 'login': {'uuid': 'e14a6e7d-c7b5-433c-a42c-165e8c207099', 'username': 'smallcat458', 'password': 'billy1', 'salt': 'CSvopXPr', 'md5': '7e53a39c00bdad157bf6f3c3e9bf0f53', 'sha1': '2a798b0fdb49e2102477af935b8d7486186ece09', 'sha256': '31a2716a73fe100523b044a2ad55886a929380b658c6fc0f1127dc87e2fc9633'}, 'dob': {'date': '1963-04-19T02:33:01.329Z', 'age': 61}, 'registered': {'date': '2021-01-07T14:23:51.276Z', 'age': 3}, 'phone': '(0910) 344549', 'cell': '(06) 92013230', 'id': {'name': 'BSN', 'value': '35548099'}, 'picture': {'large': 'https://randomuser.me/api/portraits/women/48.jpg', 'medium': 'https://randomuser.me/api/portraits/med/women/48.jpg', 'thumbnail': 'https://randomuser.me/api/portraits/thumb/women/48.jpg'}, 'nat': 'NL'}</msg>
<arg>${json_data['results'][0]}</arg>
<doc>Logs the given message with the given level.</doc>
<status status="PASS" start="2024-05-31T13:16:08.880504" elapsed="0.000417"/>
</kw>
<kw name="Log" owner="BuiltIn">
<msg time="2024-05-31T13:16:08.881351" level="INFO">gender</msg>
<arg>${key}</arg>
<doc>Logs the given message with the given level.</doc>
<status status="PASS" start="2024-05-31T13:16:08.881224" elapsed="0.000164"/>
</kw>
<var name="${key}">gender</var>
<status status="PASS" start="2024-05-31T13:16:08.879605" elapsed="0.002090"/>
</iter>
<iter>
<kw name="Dictionary Should Contain Key" owner="Collections">
<msg time="2024-05-31T13:16:08.882435" level="INFO">False</msg>
<arg>${json_data['results'][0]}</arg>
<arg>${key}</arg>
<doc>Fails if ``key`` is not found from ``dictionary``.</doc>
<status status="PASS" start="2024-05-31T13:16:08.882051" elapsed="0.000421"/>
</kw>
<kw name="Log" owner="BuiltIn">
<msg time="2024-05-31T13:16:08.883158" level="INFO">{'gender': 'female', 'name': {'title': 'Miss', 'first': 'Theresa', 'last': 'Brummer'}, 'location': {'street': {'number': 4178, 'name': 'Kepplerplein'}, 'city': 'Langeveen', 'state': 'Zeeland', 'country': 'Netherlands', 'postcode': '0343 BA', 'coordinates': {'latitude': '30.9201', 'longitude': '168.8286'}, 'timezone': {'offset': '+4:30', 'description': 'Kabul'}}, 'email': 'theresa.brummer@example.com', 'login': {'uuid': 'e14a6e7d-c7b5-433c-a42c-165e8c207099', 'username': 'smallcat458', 'password': 'billy1', 'salt': 'CSvopXPr', 'md5': '7e53a39c00bdad157bf6f3c3e9bf0f53', 'sha1': '2a798b0fdb49e2102477af935b8d7486186ece09', 'sha256': '31a2716a73fe100523b044a2ad55886a929380b658c6fc0f1127dc87e2fc9633'}, 'dob': {'date': '1963-04-19T02:33:01.329Z', 'age': 61}, 'registered': {'date': '2021-01-07T14:23:51.276Z', 'age': 3}, 'phone': '(0910) 344549', 'cell': '(06) 92013230', 'id': {'name': 'BSN', 'value': '35548099'}, 'picture': {'large': 'https://randomuser.me/api/portraits/women/48.jpg', 'medium': 'https://randomuser.me/api/portraits/med/women/48.jpg', 'thumbnail': 'https://randomuser.me/api/portraits/thumb/women/48.jpg'}, 'nat': 'NL'}</msg>
<arg>${json_data['results'][0]}</arg>
<doc>Logs the given message with the given level.</doc>
<status status="PASS" start="2024-05-31T13:16:08.882798" elapsed="0.000409"/>
</kw>
<kw name="Log" owner="BuiltIn">
<msg time="2024-05-31T13:16:08.883631" level="INFO">name</msg>
<arg>${key}</arg>
<doc>Logs the given message with the given level.</doc>
<status status="PASS" start="2024-05-31T13:16:08.883501" elapsed="0.000168"/>
</kw>
<var name="${key}">name</var>
<status status="PASS" start="2024-05-31T13:16:08.881932" elapsed="0.001953"/>
</iter>
<iter>
<kw name="Dictionary Should Contain Key" owner="Collections">
<msg time="2024-05-31T13:16:08.884582" level="INFO">False</msg>
<arg>${json_data['results'][0]}</arg>
<arg>${key}</arg>
<doc>Fails if ``key`` is not found from ``dictionary``.</doc>
<status status="PASS" start="2024-05-31T13:16:08.884174" elapsed="0.000445"/>
</kw>
<kw name="Log" owner="BuiltIn">
<msg time="2024-05-31T13:16:08.885283" level="INFO">{'gender': 'female', 'name': {'title': 'Miss', 'first': 'Theresa', 'last': 'Brummer'}, 'location': {'street': {'number': 4178, 'name': 'Kepplerplein'}, 'city': 'Langeveen', 'state': 'Zeeland', 'country': 'Netherlands', 'postcode': '0343 BA', 'coordinates': {'latitude': '30.9201', 'longitude': '168.8286'}, 'timezone': {'offset': '+4:30', 'description': 'Kabul'}}, 'email': 'theresa.brummer@example.com', 'login': {'uuid': 'e14a6e7d-c7b5-433c-a42c-165e8c207099', 'username': 'smallcat458', 'password': 'billy1', 'salt': 'CSvopXPr', 'md5': '7e53a39c00bdad157bf6f3c3e9bf0f53', 'sha1': '2a798b0fdb49e2102477af935b8d7486186ece09', 'sha256': '31a2716a73fe100523b044a2ad55886a929380b658c6fc0f1127dc87e2fc9633'}, 'dob': {'date': '1963-04-19T02:33:01.329Z', 'age': 61}, 'registered': {'date': '2021-01-07T14:23:51.276Z', 'age': 3}, 'phone': '(0910) 344549', 'cell': '(06) 92013230', 'id': {'name': 'BSN', 'value': '35548099'}, 'picture': {'large': 'https://randomuser.me/api/portraits/women/48.jpg', 'medium': 'https://randomuser.me/api/portraits/med/women/48.jpg', 'thumbnail': 'https://randomuser.me/api/portraits/thumb/women/48.jpg'}, 'nat': 'NL'}</msg>
<arg>${json_data['results'][0]}</arg>
<doc>Logs the given message with the given level.</doc>
<status status="PASS" start="2024-05-31T13:16:08.884922" elapsed="0.000409"/>
</kw>
<kw name="Log" owner="BuiltIn">
<msg time="2024-05-31T13:16:08.885754" level="INFO">location</msg>
<arg>${key}</arg>
<doc>Logs the given message with the given level.</doc>
<status status="PASS" start="2024-05-31T13:16:08.885628" elapsed="0.000165"/>
</kw>
<var name="${key}">location</var>
<status status="PASS" start="2024-05-31T13:16:08.884061" elapsed="0.001947"/>
</iter>
<iter>
<kw name="Dictionary Should Contain Key" owner="Collections">
<msg time="2024-05-31T13:16:08.886772" level="INFO">False</msg>
<arg>${json_data['results'][0]}</arg>
<arg>${key}</arg>
<doc>Fails if ``key`` is not found from ``dictionary``.</doc>
<status status="PASS" start="2024-05-31T13:16:08.886291" elapsed="0.000536"/>
</kw>
<kw name="Log" owner="BuiltIn">
<msg time="2024-05-31T13:16:08.887504" level="INFO">{'gender': 'female', 'name': {'title': 'Miss', 'first': 'Theresa', 'last': 'Brummer'}, 'location': {'street': {'number': 4178, 'name': 'Kepplerplein'}, 'city': 'Langeveen', 'state': 'Zeeland', 'country': 'Netherlands', 'postcode': '0343 BA', 'coordinates': {'latitude': '30.9201', 'longitude': '168.8286'}, 'timezone': {'offset': '+4:30', 'description': 'Kabul'}}, 'email': 'theresa.brummer@example.com', 'login': {'uuid': 'e14a6e7d-c7b5-433c-a42c-165e8c207099', 'username': 'smallcat458', 'password': 'billy1', 'salt': 'CSvopXPr', 'md5': '7e53a39c00bdad157bf6f3c3e9bf0f53', 'sha1': '2a798b0fdb49e2102477af935b8d7486186ece09', 'sha256': '31a2716a73fe100523b044a2ad55886a929380b658c6fc0f1127dc87e2fc9633'}, 'dob': {'date': '1963-04-19T02:33:01.329Z', 'age': 61}, 'registered': {'date': '2021-01-07T14:23:51.276Z', 'age': 3}, 'phone': '(0910) 344549', 'cell': '(06) 92013230', 'id': {'name': 'BSN', 'value': '35548099'}, 'picture': {'large': 'https://randomuser.me/api/portraits/women/48.jpg', 'medium': 'https://randomuser.me/api/portraits/med/women/48.jpg', 'thumbnail': 'https://randomuser.me/api/portraits/thumb/women/48.jpg'}, 'nat': 'NL'}</msg>
<arg>${json_data['results'][0]}</arg>
<doc>Logs the given message with the given level.</doc>
<status status="PASS" start="2024-05-31T13:16:08.887146" elapsed="0.000405"/>
</kw>
<kw name="Log" owner="BuiltIn">
<msg time="2024-05-31T13:16:08.887972" level="INFO">email</msg>
<arg>${key}</arg>
<doc>Logs the given message with the given level.</doc>
<status status="PASS" start="2024-05-31T13:16:08.887846" elapsed="0.000162"/>
</kw>
<var name="${key}">email</var>
<status status="PASS" start="2024-05-31T13:16:08.886179" elapsed="0.002042"/>
</iter>
<iter>
<kw name="Dictionary Should Contain Key" owner="Collections">
<msg time="2024-05-31T13:16:08.888943" level="INFO">False</msg>
<arg>${json_data['results'][0]}</arg>
<arg>${key}</arg>
<doc>Fails if ``key`` is not found from ``dictionary``.</doc>
<status status="PASS" start="2024-05-31T13:16:08.888553" elapsed="0.000427"/>
</kw>
<kw name="Log" owner="BuiltIn">
<msg time="2024-05-31T13:16:08.889622" level="INFO">{'gender': 'female', 'name': {'title': 'Miss', 'first': 'Theresa', 'last': 'Brummer'}, 'location': {'street': {'number': 4178, 'name': 'Kepplerplein'}, 'city': 'Langeveen', 'state': 'Zeeland', 'country': 'Netherlands', 'postcode': '0343 BA', 'coordinates': {'latitude': '30.9201', 'longitude': '168.8286'}, 'timezone': {'offset': '+4:30', 'description': 'Kabul'}}, 'email': 'theresa.brummer@example.com', 'login': {'uuid': 'e14a6e7d-c7b5-433c-a42c-165e8c207099', 'username': 'smallcat458', 'password': 'billy1', 'salt': 'CSvopXPr', 'md5': '7e53a39c00bdad157bf6f3c3e9bf0f53', 'sha1': '2a798b0fdb49e2102477af935b8d7486186ece09', 'sha256': '31a2716a73fe100523b044a2ad55886a929380b658c6fc0f1127dc87e2fc9633'}, 'dob': {'date': '1963-04-19T02:33:01.329Z', 'age': 61}, 'registered': {'date': '2021-01-07T14:23:51.276Z', 'age': 3}, 'phone': '(0910) 344549', 'cell': '(06) 92013230', 'id': {'name': 'BSN', 'value': '35548099'}, 'picture': {'large': 'https://randomuser.me/api/portraits/women/48.jpg', 'medium': 'https://randomuser.me/api/portraits/med/women/48.jpg', 'thumbnail': 'https://randomuser.me/api/portraits/thumb/women/48.jpg'}, 'nat': 'NL'}</msg>
<arg>${json_data['results'][0]}</arg>
<doc>Logs the given message with the given level.</doc>
<status status="PASS" start="2024-05-31T13:16:08.889273" elapsed="0.000395"/>
</kw>
<kw name="Log" owner="BuiltIn">
<msg time="2024-05-31T13:16:08.890080" level="INFO">login</msg>
<arg>${key}</arg>
<doc>Logs the given message with the given level.</doc>
<status status="PASS" start="2024-05-31T13:16:08.889955" elapsed="0.000161"/>
</kw>
<var name="${key}">login</var>
<status status="PASS" start="2024-05-31T13:16:08.888438" elapsed="0.001891"/>
</iter>
<var>${key}</var>
<value>@{expected_keys}</value>
<status status="PASS" start="2024-05-31T13:16:08.879419" elapsed="0.011057"/>
</for>
<kw name="Create List" owner="BuiltIn">
<msg time="2024-05-31T13:16:08.890810" level="INFO">${expected_keysTwo} = ['username', 'password']</msg>
<var>${expected_keysTwo}</var>
<arg>username</arg>
<arg>password</arg>
<doc>Returns a list containing given items.</doc>
<status status="PASS" start="2024-05-31T13:16:08.890676" elapsed="0.000157"/>
</kw>
<for flavor="IN">
<iter>
<kw name="Dictionary Should Contain Key" owner="Collections">
<msg time="2024-05-31T13:16:08.891722" level="INFO">False</msg>
<arg>${json_data['results'][0]['login']}</arg>
<arg>${keyTwo}</arg>
<doc>Fails if ``key`` is not found from ``dictionary``.</doc>
<status status="PASS" start="2024-05-31T13:16:08.891322" elapsed="0.000462"/>
</kw>
<kw name="Dictionary Should Contain Key" owner="Collections">
<msg time="2024-05-31T13:16:08.892848" level="INFO">False</msg>
<arg>${json_data['results'][0]['login']}</arg>
<arg>${keyTwo}</arg>
<doc>Fails if ``key`` is not found from ``dictionary``.</doc>
<status status="PASS" start="2024-05-31T13:16:08.892211" elapsed="0.000704"/>
</kw>
<kw name="Log" owner="BuiltIn">
<msg time="2024-05-31T13:16:08.893541" level="INFO">username</msg>
<arg>${keyTwo}</arg>
<doc>Logs the given message with the given level.</doc>
<status status="PASS" start="2024-05-31T13:16:08.893352" elapsed="0.000250"/>
</kw>
<var name="${keyTwo}">username</var>
<status status="PASS" start="2024-05-31T13:16:08.891214" elapsed="0.002716"/>
</iter>
<iter>
<kw name="Dictionary Should Contain Key" owner="Collections">
<msg time="2024-05-31T13:16:08.894628" level="INFO">False</msg>
<arg>${json_data['results'][0]['login']}</arg>
<arg>${keyTwo}</arg>
<doc>Fails if ``key`` is not found from ``dictionary``.</doc>
<status status="PASS" start="2024-05-31T13:16:08.894225" elapsed="0.000441"/>
</kw>
<kw name="Dictionary Should Contain Key" owner="Collections">
<msg time="2024-05-31T13:16:08.895366" level="INFO">False</msg>
<arg>${json_data['results'][0]['login']}</arg>
<arg>${keyTwo}</arg>
<doc>Fails if ``key`` is not found from ``dictionary``.</doc>
<status status="PASS" start="2024-05-31T13:16:08.894963" elapsed="0.000440"/>
</kw>
<kw name="Log" owner="BuiltIn">
<msg time="2024-05-31T13:16:08.895830" level="INFO">password</msg>
<arg>${keyTwo}</arg>
<doc>Logs the given message with the given level.</doc>
<status status="PASS" start="2024-05-31T13:16:08.895703" elapsed="0.000164"/>
</kw>
<var name="${keyTwo}">password</var>
<status status="PASS" start="2024-05-31T13:16:08.894109" elapsed="0.001976"/>
</iter>
<var>${keyTwo}</var>
<value>@{expected_keysTwo}</value>
<status status="PASS" start="2024-05-31T13:16:08.891066" elapsed="0.005139"/>
</for>
<status status="PASS" start="2024-05-31T13:16:08.779240" elapsed="0.117142"/>
</kw>
<doc>Testa a estrutura da resposta da API.</doc>
<tag>testeEstruturaResposta</tag>
<status status="PASS" start="2024-05-31T13:16:08.778731" elapsed="0.117806"/>
</test>
<test id="s1-s1-t4" name="Validar tipos de dados" line="28">
<kw name="Teste de Tipos de Dados" owner="random-user-service">
<kw name="GET On Session" owner="RequestsLibrary">
<msg time="2024-05-31T13:16:08.977024" level="INFO">GET Request : url=https://randomuser.me/api 
 path_url=/api 
 headers={'User-Agent': 'python-requests/2.32.3', 'Accept-Encoding': 'gzip, deflate', 'Accept': '*/*', 'Connection': 'keep-alive'} 
 body=None 
 </msg>
<msg time="2024-05-31T13:16:08.977086" level="INFO">GET Response : url=https://randomuser.me/api 
 status=200, reason=OK 
 headers={'Date': 'Fri, 31 May 2024 13:16:08 GMT', 'Content-Type': 'application/json; charset=utf-8', 'Transfer-Encoding': 'chunked', 'Connection': 'keep-alive', 'X-Powered-By': 'Express', 'Access-Control-Allow-Origin': '*', 'Cache-Control': 'no-cache', 'ETag': 'W/"49b-pl+yL3edhN2558ctkKGj3fxvz9w"', 'Vary': 'Accept-Encoding', 'Content-Encoding': 'gzip', 'CF-Cache-Status': 'DYNAMIC', 'Report-To': '{"endpoints":[{"url":"https:\\/\\/a.nel.cloudflare.com\\/report\\/v4?s=%2FMlcYPliDmfstynXq0dNvjqdj6IK6mo2jSP%2FA9m%2B9QihzaJ3O%2B9k7n83NcbcS5e7RX%2F2pUjZfP0Ea4jUtKqqWG03D6dwfAohxQnsQMZ9KafwJG8jN1ivjNUmo8wGhlQt"}],"group":"cf-nel","max_age":604800}', 'NEL': '{"success_fraction":0,"report_to":"cf-nel","max_age":604800}', 'Server': 'cloudflare', 'CF-RAY': '88c73c9bae5e081d-IAD', 'alt-svc': 'h3=":443"; ma=86400'} 
 body={"results":[{"gender":"female","name":{"title":"Ms","first":"Sibylle","last":"Sperling"},"location":{"street":{"number":1126,"name":"Kiefernweg"},"city":"Mainz-Bingen","state":"Saarland","country":"Germany","postcode":94840,"coordinates":{"latitude":"-51.3529","longitude":"108.3455"},"timezone":{"offset":"+4:00","description":"Abu Dhabi, Muscat, Baku, Tbilisi"}},"email":"sibylle.sperling@example.com","login":{"uuid":"ddda178b-fc43-452b-8d03-b23981ffc28f","username":"brownpanda255","password":"1114","salt":"VsnujRq2","md5":"09c76a367973d0c55a08b78009ea9d19","sha1":"ff63247d15fbddf47d2d9ef3376ae8d135100cfd","sha256":"ce7e9c66517002d408909134ddbe1dc270f743c0882dfcd2c37015466e44146e"},"dob":{"date":"1957-07-24T03:36:58.309Z","age":66},"registered":{"date":"2014-08-17T03:07:48.489Z","age":9},"phone":"0199-7159950","cell":"0171-0964082","id":{"name":"SVNR","value":"58 230757 S 890"},"picture":{"large":"https://randomuser.me/api/portraits/women/48.jpg","medium":"https://randomuser.me/api/portraits/med/women/48.jpg","thumbnail":"https://randomuser.me/api/portraits/thumb/women/48.jpg"},"nat":"DE"}],"info":{"seed":"9323ab3a2e8434b9","results":1,"page":1,"version":"1.4"}} 
 </msg>
<msg time="2024-05-31T13:16:08.977142" level="INFO">/opt/hostedtoolcache/Python/3.12.3/x64/lib/python3.12/site-packages/urllib3/connectionpool.py:1103: InsecureRequestWarning: Unverified HTTPS request is being made to host 'randomuser.me'. Adding certificate verification is strongly advised. See: https://urllib3.readthedocs.io/en/latest/advanced-usage.html#tls-warnings
  warnings.warn(</msg>
<msg time="2024-05-31T13:16:08.977224" level="INFO">${response} = &lt;Response [200]&gt;</msg>
<var>${response}</var>
<arg>consultarAPI</arg>
<arg>/api</arg>
<doc>Sends a GET request on a previously created HTTP Session.</doc>
<status status="PASS" start="2024-05-31T13:16:08.898954" elapsed="0.078309"/>
</kw>
<kw name="Set Variable" owner="BuiltIn">
<msg time="2024-05-31T13:16:08.978295" level="INFO">${json_data} = {'results': [{'gender': 'female', 'name': {'title': 'Ms', 'first': 'Sibylle', 'last': 'Sperling'}, 'location': {'street': {'number': 1126, 'name': 'Kiefernweg'}, 'city': 'Mainz-Bingen', 'state': 'Saar...</msg>
<var>${json_data}</var>
<arg>${response.json()}</arg>
<doc>Returns the given values which can then be assigned to a variables.</doc>
<status status="PASS" start="2024-05-31T13:16:08.977720" elapsed="0.000603"/>
</kw>
<kw name="Log" owner="BuiltIn">
<msg time="2024-05-31T13:16:08.978785" level="INFO">{'results': [{'gender': 'female', 'name': {'title': 'Ms', 'first': 'Sibylle', 'last': 'Sperling'}, 'location': {'street': {'number': 1126, 'name': 'Kiefernweg'}, 'city': 'Mainz-Bingen', 'state': 'Saarland', 'country': 'Germany', 'postcode': 94840, 'coordinates': {'latitude': '-51.3529', 'longitude': '108.3455'}, 'timezone': {'offset': '+4:00', 'description': 'Abu Dhabi, Muscat, Baku, Tbilisi'}}, 'email': 'sibylle.sperling@example.com', 'login': {'uuid': 'ddda178b-fc43-452b-8d03-b23981ffc28f', 'username': 'brownpanda255', 'password': '1114', 'salt': 'VsnujRq2', 'md5': '09c76a367973d0c55a08b78009ea9d19', 'sha1': 'ff63247d15fbddf47d2d9ef3376ae8d135100cfd', 'sha256': 'ce7e9c66517002d408909134ddbe1dc270f743c0882dfcd2c37015466e44146e'}, 'dob': {'date': '1957-07-24T03:36:58.309Z', 'age': 66}, 'registered': {'date': '2014-08-17T03:07:48.489Z', 'age': 9}, 'phone': '0199-7159950', 'cell': '0171-0964082', 'id': {'name': 'SVNR', 'value': '58 230757 S 890'}, 'picture': {'large': 'https://randomuser.me/api/portraits/women/48.jpg', 'medium': 'https://randomuser.me/api/portraits/med/women/48.jpg', 'thumbnail': 'https://randomuser.me/api/portraits/thumb/women/48.jpg'}, 'nat': 'DE'}], 'info': {'seed': '9323ab3a2e8434b9', 'results': 1, 'page': 1, 'version': '1.4'}}</msg>
<arg>${json_data}</arg>
<doc>Logs the given message with the given level.</doc>
<status status="PASS" start="2024-05-31T13:16:08.978631" elapsed="0.000231"/>
</kw>
<kw name="Should Be String" owner="String">
<arg>${json_data['results'][0]['gender']}</arg>
<doc>Fails if the given ``item`` is not a string.</doc>
<status status="PASS" start="2024-05-31T13:16:08.979157" elapsed="0.000385"/>
</kw>
<kw name="Should Match Regexp" owner="BuiltIn">
<arg>${json_data['results'][0]['email']}</arg>
<arg>^[a-zA-Z0-9._%+-]+@[a-zA-Z0-9.-]+\.[a-zA-Z]{2,}$</arg>
<doc>Fails if ``string`` does not match ``pattern`` as a regular expression.</doc>
<status status="PASS" start="2024-05-31T13:16:08.979737" elapsed="0.000671"/>
</kw>
<kw name="Should Match Regexp" owner="BuiltIn">
<arg>${json_data['results'][0]['dob']['date']}</arg>
<arg>\\d{4}-\\d{2}-\\d{2}T\\d{2}:\\d{2}:\\d{2}\\.\\d{3}Z</arg>
<doc>Fails if ``string`` does not match ``pattern`` as a regular expression.</doc>
<status status="PASS" start="2024-05-31T13:16:08.980612" elapsed="0.000489"/>
</kw>
<kw name="Should Match Regexp" owner="BuiltIn">
<arg>${json_data['results'][0]['registered']['date']}</arg>
<arg>\\d{4}-\\d{2}-\\d{2}T\\d{2}:\\d{2}:\\d{2}\\.\\d{3}Z</arg>
<doc>Fails if ``string`` does not match ``pattern`` as a regular expression.</doc>
<status status="PASS" start="2024-05-31T13:16:08.981298" elapsed="0.000366"/>
</kw>
<kw name="Should Match Regexp" owner="BuiltIn">
<arg>${json_data['results'][0]['picture']['large']}</arg>
<arg>^https?://.*\.(?:png|jpe?g|gif|bmp)$</arg>
<doc>Fails if ``string`` does not match ``pattern`` as a regular expression.</doc>
<status status="PASS" start="2024-05-31T13:16:08.981851" elapsed="0.000452"/>
</kw>
<kw name="Should Match Regexp" owner="BuiltIn">
<arg>${json_data['results'][0]['picture']['medium']}</arg>
<arg>^https?://.*\.(?:png|jpe?g|gif|bmp)$</arg>
<doc>Fails if ``string`` does not match ``pattern`` as a regular expression.</doc>
<status status="PASS" start="2024-05-31T13:16:08.982494" elapsed="0.000349"/>
</kw>
<kw name="Should Match Regexp" owner="BuiltIn">
<arg>${json_data['results'][0]['picture']['thumbnail']}</arg>
<arg>^https?://.*\.(?:png|jpe?g|gif|bmp)$</arg>
<doc>Fails if ``string`` does not match ``pattern`` as a regular expression.</doc>
<status status="PASS" start="2024-05-31T13:16:08.983029" elapsed="0.000345"/>
</kw>
<kw name="Log" owner="BuiltIn">
<msg time="2024-05-31T13:16:08.983875" level="INFO">{'large': 'https://randomuser.me/api/portraits/women/48.jpg', 'medium': 'https://randomuser.me/api/portraits/med/women/48.jpg', 'thumbnail': 'https://randomuser.me/api/portraits/thumb/women/48.jpg'}</msg>
<arg>${json_data['results'][0]['picture']}</arg>
<doc>Logs the given message with the given level.</doc>
<status status="PASS" start="2024-05-31T13:16:08.983557" elapsed="0.000359"/>
</kw>
<status status="PASS" start="2024-05-31T13:16:08.898701" elapsed="0.085462"/>
</kw>
<kw name="Teste de Tipos de Dados - Postcode" owner="random-user-service">
<kw name="GET On Session" owner="RequestsLibrary">
<msg time="2024-05-31T13:16:09.106999" level="INFO">GET Request : url=https://randomuser.me/api 
 path_url=/api 
 headers={'User-Agent': 'python-requests/2.32.3', 'Accept-Encoding': 'gzip, deflate', 'Accept': '*/*', 'Connection': 'keep-alive'} 
 body=None 
 </msg>
<msg time="2024-05-31T13:16:09.107101" level="INFO">GET Response : url=https://randomuser.me/api 
 status=200, reason=OK 
 headers={'Date': 'Fri, 31 May 2024 13:16:09 GMT', 'Content-Type': 'application/json; charset=utf-8', 'Transfer-Encoding': 'chunked', 'Connection': 'keep-alive', 'X-Powered-By': 'Express', 'Access-Control-Allow-Origin': '*', 'Cache-Control': 'no-cache', 'ETag': 'W/"497-4kSQDLuTnE/vorHinDNszGVOFZY"', 'Vary': 'Accept-Encoding', 'Content-Encoding': 'gzip', 'CF-Cache-Status': 'DYNAMIC', 'Report-To': '{"endpoints":[{"url":"https:\\/\\/a.nel.cloudflare.com\\/report\\/v4?s=TzQszjcJLRs4My0E%2B8S7kZde64v7RcX5jeZulLRHdq3mYGGxPkj2oh8MMO1XfOWorcXEUkl%2FAkcI4GoZd6ntV%2FbFPoRL%2F7kTugLMaxbYhm9I%2BEnCSESosCj41WP7pjCe"}],"group":"cf-nel","max_age":604800}', 'NEL': '{"success_fraction":0,"report_to":"cf-nel","max_age":604800}', 'Server': 'cloudflare', 'CF-RAY': '88c73c9c2ed6081d-IAD', 'alt-svc': 'h3=":443"; ma=86400'} 
 body={"results":[{"gender":"female","name":{"title":"Ms","first":"Vicenta","last":"Santos"},"location":{"street":{"number":315,"name":"Avenida de Castilla"},"city":"Torrente","state":"Cataluña","country":"Spain","postcode":99463,"coordinates":{"latitude":"-36.5669","longitude":"30.3942"},"timezone":{"offset":"+10:00","description":"Eastern Australia, Guam, Vladivostok"}},"email":"vicenta.santos@example.com","login":{"uuid":"fdee01e6-f9c5-41c3-a471-6e4039c8c74a","username":"bigkoala927","password":"jessie","salt":"MXthXoPs","md5":"55dc5d86b1b72a030753d30c7e817f37","sha1":"56896d299f9855d49355b9bde3e846233c00867e","sha256":"c893bc09b07db289320f6cf91a398d89f78be52fea36298170d48dd252d31702"},"dob":{"date":"1961-06-29T06:44:39.170Z","age":62},"registered":{"date":"2003-01-28T16:37:34.106Z","age":21},"phone":"967-574-267","cell":"622-214-773","id":{"name":"DNI","value":"60960542-V"},"picture":{"large":"https://randomuser.me/api/portraits/women/20.jpg","medium":"https://randomuser.me/api/portraits/med/women/20.jpg","thumbnail":"https://randomuser.me/api/portraits/thumb/women/20.jpg"},"nat":"ES"}],"info":{"seed":"f89a86a31d2825af","results":1,"page":1,"version":"1.4"}} 
 </msg>
<msg time="2024-05-31T13:16:09.107198" level="INFO">/opt/hostedtoolcache/Python/3.12.3/x64/lib/python3.12/site-packages/urllib3/connectionpool.py:1103: InsecureRequestWarning: Unverified HTTPS request is being made to host 'randomuser.me'. Adding certificate verification is strongly advised. See: https://urllib3.readthedocs.io/en/latest/advanced-usage.html#tls-warnings
  warnings.warn(</msg>
<msg time="2024-05-31T13:16:09.107337" level="INFO">${response} = &lt;Response [200]&gt;</msg>
<var>${response}</var>
<arg>consultarAPI</arg>
<arg>/api</arg>
<doc>Sends a GET request on a previously created HTTP Session.</doc>
<status status="PASS" start="2024-05-31T13:16:08.984604" elapsed="0.122776"/>
</kw>
<kw name="Set Variable" owner="BuiltIn">
<msg time="2024-05-31T13:16:09.108726" level="INFO">${json_data} = {'results': [{'gender': 'female', 'name': {'title': 'Ms', 'first': 'Vicenta', 'last': 'Santos'}, 'location': {'street': {'number': 315, 'name': 'Avenida de Castilla'}, 'city': 'Torrente', 'state': 'Ca...</msg>
<var>${json_data}</var>
<arg>${response.json()}</arg>
<doc>Returns the given values which can then be assigned to a variables.</doc>
<status status="PASS" start="2024-05-31T13:16:09.107947" elapsed="0.000828"/>
</kw>
<kw name="Log" owner="BuiltIn">
<msg time="2024-05-31T13:16:09.109491" level="INFO">{'results': [{'gender': 'female', 'name': {'title': 'Ms', 'first': 'Vicenta', 'last': 'Santos'}, 'location': {'street': {'number': 315, 'name': 'Avenida de Castilla'}, 'city': 'Torrente', 'state': 'Cataluña', 'country': 'Spain', 'postcode': 99463, 'coordinates': {'latitude': '-36.5669', 'longitude': '30.3942'}, 'timezone': {'offset': '+10:00', 'description': 'Eastern Australia, Guam, Vladivostok'}}, 'email': 'vicenta.santos@example.com', 'login': {'uuid': 'fdee01e6-f9c5-41c3-a471-6e4039c8c74a', 'username': 'bigkoala927', 'password': 'jessie', 'salt': 'MXthXoPs', 'md5': '55dc5d86b1b72a030753d30c7e817f37', 'sha1': '56896d299f9855d49355b9bde3e846233c00867e', 'sha256': 'c893bc09b07db289320f6cf91a398d89f78be52fea36298170d48dd252d31702'}, 'dob': {'date': '1961-06-29T06:44:39.170Z', 'age': 62}, 'registered': {'date': '2003-01-28T16:37:34.106Z', 'age': 21}, 'phone': '967-574-267', 'cell': '622-214-773', 'id': {'name': 'DNI', 'value': '60960542-V'}, 'picture': {'large': 'https://randomuser.me/api/portraits/women/20.jpg', 'medium': 'https://randomuser.me/api/portraits/med/women/20.jpg', 'thumbnail': 'https://randomuser.me/api/portraits/thumb/women/20.jpg'}, 'nat': 'ES'}], 'info': {'seed': 'f89a86a31d2825af', 'results': 1, 'page': 1, 'version': '1.4'}}</msg>
<arg>${json_data}</arg>
<doc>Logs the given message with the given level.</doc>
<status status="PASS" start="2024-05-31T13:16:09.109264" elapsed="0.000346"/>
</kw>
<kw name="Should Be Equal As Numbers" owner="BuiltIn">
<arg>${json_data['results'][0]['location']['postcode']}</arg>
<arg>${json_data['results'][0]['location']['postcode']}</arg>
<doc>Fails if objects are unequal after converting them to real numbers.</doc>
<status status="PASS" start="2024-05-31T13:16:09.110062" elapsed="0.001033"/>
</kw>
<kw name="Log" owner="BuiltIn">
<msg time="2024-05-31T13:16:09.111966" level="INFO">99463</msg>
<arg>${json_data['results'][0]['location']['postcode']}</arg>
<doc>Logs the given message with the given level.</doc>
<status status="PASS" start="2024-05-31T13:16:09.111395" elapsed="0.000640"/>
</kw>
<status status="PASS" start="2024-05-31T13:16:08.984386" elapsed="0.128062"/>
</kw>
<doc>Testa se os tipos de dados na resposta da API estão corretos.</doc>
<tag>testeTiposDados</tag>
<status status="PASS" start="2024-05-31T13:16:08.898267" elapsed="0.214431"/>
</test>
<test id="s1-s1-t5" name="Validar conteudo" line="35">
<kw name="Teste de Tipos de Conteudo" owner="random-user-service">
<kw name="GET On Session" owner="RequestsLibrary">
<msg time="2024-05-31T13:16:09.206239" level="INFO">GET Request : url=https://randomuser.me/api 
 path_url=/api 
 headers={'User-Agent': 'python-requests/2.32.3', 'Accept-Encoding': 'gzip, deflate', 'Accept': '*/*', 'Connection': 'keep-alive'} 
 body=None 
 </msg>
<msg time="2024-05-31T13:16:09.206335" level="INFO">GET Response : url=https://randomuser.me/api 
 status=200, reason=OK 
 headers={'Date': 'Fri, 31 May 2024 13:16:09 GMT', 'Content-Type': 'application/json; charset=utf-8', 'Transfer-Encoding': 'chunked', 'Connection': 'keep-alive', 'X-Powered-By': 'Express', 'Access-Control-Allow-Origin': '*', 'Cache-Control': 'no-cache', 'ETag': 'W/"46e-/5DAhA0Z1/Y/u0YhzlReCGSIBrY"', 'Vary': 'Accept-Encoding', 'Content-Encoding': 'gzip', 'CF-Cache-Status': 'DYNAMIC', 'Report-To': '{"endpoints":[{"url":"https:\\/\\/a.nel.cloudflare.com\\/report\\/v4?s=%2FKzk%2B2FDMBmFJJdJmXg7tufkh6aYQAZOA7yTLOP2GQCTVHm2w2FYODFgZX8rGwjATn3LNhb5JVmo9dexp1%2FFchWhRvcg4Yg%2BhX8zV8%2FeBdXXKvwSrKP65l9Vc345EhWe"}],"group":"cf-nel","max_age":604800}', 'NEL': '{"success_fraction":0,"report_to":"cf-nel","max_age":604800}', 'Server': 'cloudflare', 'CF-RAY': '88c73c9cf803081d-IAD', 'alt-svc': 'h3=":443"; ma=86400'} 
 body={"results":[{"gender":"male","name":{"title":"Mr","first":"Dmitro","last":"Chemeris"},"location":{"street":{"number":4852,"name":"Krolevecka"},"city":"Tatarbunari","state":"Chernivecka","country":"Ukraine","postcode":40184,"coordinates":{"latitude":"78.2119","longitude":"-146.5342"},"timezone":{"offset":"+5:45","description":"Kathmandu"}},"email":"dmitro.chemeris@example.com","login":{"uuid":"5eb77df5-6a41-4ccb-b532-5a8f6b76f954","username":"bluedog429","password":"enjoy","salt":"xOqgVWS8","md5":"3eb049d5ab5cdbd37ead720acc1af7cf","sha1":"b5dbbd9c77cb7a3beb95572125f2cdeec64c5008","sha256":"7cee430533a46f88767ee006a6a62332b236139a88130dd7102bb81b71783147"},"dob":{"date":"1982-11-29T07:32:54.489Z","age":41},"registered":{"date":"2012-04-26T10:04:06.722Z","age":12},"phone":"(068) T44-9532","cell":"(099) X90-7410","id":{"name":"","value":null},"picture":{"large":"https://randomuser.me/api/portraits/men/98.jpg","medium":"https://randomuser.me/api/portraits/med/men/98.jpg","thumbnail":"https://randomuser.me/api/portraits/thumb/men/98.jpg"},"nat":"UA"}],"info":{"seed":"eacac227728dd4bd","results":1,"page":1,"version":"1.4"}} 
 </msg>
<msg time="2024-05-31T13:16:09.206413" level="INFO">/opt/hostedtoolcache/Python/3.12.3/x64/lib/python3.12/site-packages/urllib3/connectionpool.py:1103: InsecureRequestWarning: Unverified HTTPS request is being made to host 'randomuser.me'. Adding certificate verification is strongly advised. See: https://urllib3.readthedocs.io/en/latest/advanced-usage.html#tls-warnings
  warnings.warn(</msg>
<msg time="2024-05-31T13:16:09.206506" level="INFO">${response} = &lt;Response [200]&gt;</msg>
<var>${response}</var>
<arg>consultarAPI</arg>
<arg>/api</arg>
<doc>Sends a GET request on a previously created HTTP Session.</doc>
<status status="PASS" start="2024-05-31T13:16:09.116822" elapsed="0.089719"/>
</kw>
<kw name="Set Variable" owner="BuiltIn">
<msg time="2024-05-31T13:16:09.207355" level="INFO">${json_data} = {'results': [{'gender': 'male', 'name': {'title': 'Mr', 'first': 'Dmitro', 'last': 'Chemeris'}, 'location': {'street': {'number': 4852, 'name': 'Krolevecka'}, 'city': 'Tatarbunari', 'state': 'Chernive...</msg>
<var>${json_data}</var>
<arg>${response.json()}</arg>
<doc>Returns the given values which can then be assigned to a variables.</doc>
<status status="PASS" start="2024-05-31T13:16:09.206895" elapsed="0.000497"/>
</kw>
<kw name="Set Variable" owner="BuiltIn">
<msg time="2024-05-31T13:16:09.208122" level="INFO">${name_title} = Mr</msg>
<var>${name_title}</var>
<arg>${json_data["results"][0]["name"]["title"]}</arg>
<doc>Returns the given values which can then be assigned to a variables.</doc>
<status status="PASS" start="2024-05-31T13:16:09.207698" elapsed="0.000450"/>
</kw>
<kw name="Create List" owner="BuiltIn">
<msg time="2024-05-31T13:16:09.208643" level="INFO">${allowed_titles} = ['Mr', 'Ms', 'Miss', 'Mrs', 'Madame', 'Monsieur']</msg>
<var>${allowed_titles}</var>
<arg>Mr</arg>
<arg>Ms</arg>
<arg>Miss</arg>
<arg>Mrs</arg>
<arg>Madame</arg>
<arg>Monsieur</arg>
<doc>Returns a list containing given items.</doc>
<status status="PASS" start="2024-05-31T13:16:09.208489" elapsed="0.000179"/>
</kw>
<kw name="List Should Contain Value" owner="Collections">
<msg time="2024-05-31T13:16:09.209156" level="INFO">False</msg>
<arg>${allowed_titles}</arg>
<arg>${name_title}</arg>
<doc>Fails if the ``value`` is not found from ``list``.</doc>
<status status="PASS" start="2024-05-31T13:16:09.208979" elapsed="0.000214"/>
</kw>
<kw name="Set Variable" owner="BuiltIn">
<msg time="2024-05-31T13:16:09.210008" level="INFO">${name_country} = UA</msg>
<var>${name_country}</var>
<arg>${json_data["results"][0]["nat"]}</arg>
<doc>Returns the given values which can then be assigned to a variables.</doc>
<status status="PASS" start="2024-05-31T13:16:09.209493" elapsed="0.000542"/>
</kw>
<kw name="Create List" owner="BuiltIn">
<msg time="2024-05-31T13:16:09.210947" level="INFO">${list_country} = ['AD', 'AE', 'AF', 'AG', 'AI', 'AL', 'AM', 'AO', 'AQ', 'AR', 'AS', 'AT', 'AU', 'AW', 'AX', 'AZ', 'BA', 'BB', 'BD', 'BE', 'BF', 'BG', 'BH', 'BI', 'BJ', 'BL', 'BM', 'BN', 'BO', 'BQ', 'BR', 'BS', 'BT', '...</msg>
<var>${list_country}</var>
<arg>AD</arg>
<arg>AE</arg>
<arg>AF</arg>
<arg>AG</arg>
<arg>AI</arg>
<arg>AL</arg>
<arg>AM</arg>
<arg>AO</arg>
<arg>AQ</arg>
<arg>AR</arg>
<arg>AS</arg>
<arg>AT</arg>
<arg>AU</arg>
<arg>AW</arg>
<arg>AX</arg>
<arg>AZ</arg>
<arg>BA</arg>
<arg>BB</arg>
<arg>BD</arg>
<arg>BE</arg>
<arg>BF</arg>
<arg>BG</arg>
<arg>BH</arg>
<arg>BI</arg>
<arg>BJ</arg>
<arg>BL</arg>
<arg>BM</arg>
<arg>BN</arg>
<arg>BO</arg>
<arg>BQ</arg>
<arg>BR</arg>
<arg>BS</arg>
<arg>BT</arg>
<arg>BV</arg>
<arg>BW</arg>
<arg>BY</arg>
<arg>BZ</arg>
<arg>CA</arg>
<arg>CC</arg>
<arg>CD</arg>
<arg>CF</arg>
<arg>CG</arg>
<arg>CH</arg>
<arg>CI</arg>
<arg>CK</arg>
<arg>CL</arg>
<arg>CM</arg>
<arg>CN</arg>
<arg>CO</arg>
<arg>CR</arg>
<arg>CU</arg>
<arg>CV</arg>
<arg>CW</arg>
<arg>CX</arg>
<arg>CY</arg>
<arg>CZ</arg>
<arg>DE</arg>
<arg>DJ</arg>
<arg>DK</arg>
<arg>DM</arg>
<arg>DO</arg>
<arg>DZ</arg>
<arg>EC</arg>
<arg>EE</arg>
<arg>EG</arg>
<arg>EH</arg>
<arg>ER</arg>
<arg>ES</arg>
<arg>ET</arg>
<arg>FI</arg>
<arg>FJ</arg>
<arg>FK</arg>
<arg>FM</arg>
<arg>FO</arg>
<arg>FR</arg>
<arg>GA</arg>
<arg>GB</arg>
<arg>GD</arg>
<arg>GE</arg>
<arg>GF</arg>
<arg>GG</arg>
<arg>GH</arg>
<arg>GI</arg>
<arg>GL</arg>
<arg>GM</arg>
<arg>GN</arg>
<arg>GP</arg>
<arg>GQ</arg>
<arg>GR</arg>
<arg>GS</arg>
<arg>GT</arg>
<arg>GU</arg>
<arg>GW</arg>
<arg>GY</arg>
<arg>HK</arg>
<arg>HM</arg>
<arg>HN</arg>
<arg>HR</arg>
<arg>HT</arg>
<arg>HU</arg>
<arg>ID</arg>
<arg>IE</arg>
<arg>IL</arg>
<arg>IM</arg>
<arg>IN</arg>
<arg>IO</arg>
<arg>IQ</arg>
<arg>IR</arg>
<arg>IS</arg>
<arg>IT</arg>
<arg>JE</arg>
<arg>JM</arg>
<arg>JO</arg>
<arg>JP</arg>
<arg>KE</arg>
<arg>KG</arg>
<arg>KH</arg>
<arg>KI</arg>
<arg>KM</arg>
<arg>KN</arg>
<arg>KP</arg>
<arg>KR</arg>
<arg>KW</arg>
<arg>KY</arg>
<arg>KZ</arg>
<arg>LA</arg>
<arg>LB</arg>
<arg>LC</arg>
<arg>LI</arg>
<arg>LK</arg>
<arg>LR</arg>
<arg>LS</arg>
<arg>LT</arg>
<arg>LU</arg>
<arg>LV</arg>
<arg>LY</arg>
<arg>MA</arg>
<arg>MC</arg>
<arg>MD</arg>
<arg>ME</arg>
<arg>MF</arg>
<arg>MG</arg>
<arg>MH</arg>
<arg>MK</arg>
<arg>ML</arg>
<arg>MM</arg>
<arg>MN</arg>
<arg>MO</arg>
<arg>MP</arg>
<arg>MQ</arg>
<arg>MR</arg>
<arg>MS</arg>
<arg>MT</arg>
<arg>MU</arg>
<arg>MV</arg>
<arg>MW</arg>
<arg>MX</arg>
<arg>MY</arg>
<arg>MZ</arg>
<arg>NA</arg>
<arg>NC</arg>
<arg>NE</arg>
<arg>NF</arg>
<arg>NG</arg>
<arg>NI</arg>
<arg>NL</arg>
<arg>NO</arg>
<arg>NP</arg>
<arg>NR</arg>
<arg>NU</arg>
<arg>NZ</arg>
<arg>OM</arg>
<arg>PA</arg>
<arg>PE</arg>
<arg>PF</arg>
<arg>PG</arg>
<arg>PH</arg>
<arg>PK</arg>
<arg>PL</arg>
<arg>PM</arg>
<arg>PN</arg>
<arg>PR</arg>
<arg>PS</arg>
<arg>PT</arg>
<arg>PW</arg>
<arg>PY</arg>
<arg>QA</arg>
<arg>RE</arg>
<arg>RO</arg>
<arg>RS</arg>
<arg>RU</arg>
<arg>RW</arg>
<arg>SA</arg>
<arg>SB</arg>
<arg>SC</arg>
<arg>SD</arg>
<arg>SE</arg>
<arg>SG</arg>
<arg>SH</arg>
<arg>SI</arg>
<arg>SJ</arg>
<arg>SK</arg>
<arg>SL</arg>
<arg>SM</arg>
<arg>SN</arg>
<arg>SO</arg>
<arg>SR</arg>
<arg>SS</arg>
<arg>ST</arg>
<arg>SV</arg>
<arg>SX</arg>
<arg>SY</arg>
<arg>SZ</arg>
<arg>TC</arg>
<arg>TD</arg>
<arg>TF</arg>
<arg>TG</arg>
<arg>TH</arg>
<arg>TJ</arg>
<arg>TK</arg>
<arg>TL</arg>
<arg>TM</arg>
<arg>TN</arg>
<arg>TO</arg>
<arg>TR</arg>
<arg>TT</arg>
<arg>TV</arg>
<arg>TW</arg>
<arg>TZ</arg>
<arg>UA</arg>
<arg>UG</arg>
<arg>UM</arg>
<arg>US</arg>
<arg>UY</arg>
<arg>UZ</arg>
<arg>VA</arg>
<arg>VC</arg>
<arg>VE</arg>
<arg>VG</arg>
<arg>VI</arg>
<arg>VN</arg>
<arg>VU</arg>
<arg>WF</arg>
<arg>WS</arg>
<arg>XK</arg>
<arg>YE</arg>
<arg>YT</arg>
<arg>ZA</arg>
<arg>ZM</arg>
<arg>ZW</arg>
<doc>Returns a list containing given items.</doc>
<status status="PASS" start="2024-05-31T13:16:09.210344" elapsed="0.000628"/>
</kw>
<kw name="List Should Contain Value" owner="Collections">
<msg time="2024-05-31T13:16:09.211961" level="INFO">False</msg>
<arg>${list_country}</arg>
<arg>${name_country}</arg>
<doc>Fails if the ``value`` is not found from ``list``.</doc>
<status status="PASS" start="2024-05-31T13:16:09.211757" elapsed="0.000240"/>
</kw>
<kw name="Run Keyword If" owner="BuiltIn">
<kw name="Should Be True" owner="BuiltIn">
<arg>${True}</arg>
<doc>Fails if the given condition is not true.</doc>
<status status="PASS" start="2024-05-31T13:16:09.213085" elapsed="0.000143"/>
</kw>
<arg>${json_data["results"][0]["location"]["coordinates"]["latitude"]} &gt;= -90 and ${json_data["results"][0]["location"]["coordinates"]["latitude"]} &lt;= 90</arg>
<arg>Should Be True</arg>
<arg>${True}</arg>
<doc>Runs the given keyword with the given arguments, if ``condition`` is true.</doc>
<status status="PASS" start="2024-05-31T13:16:09.212331" elapsed="0.001024"/>
</kw>
<kw name="Run Keyword If" owner="BuiltIn">
<kw name="Should Be True" owner="BuiltIn">
<arg>${True}</arg>
<doc>Fails if the given condition is not true.</doc>
<status status="PASS" start="2024-05-31T13:16:09.214246" elapsed="0.000138"/>
</kw>
<arg>${json_data["results"][0]["location"]["coordinates"]["longitude"]} &gt;= -180 and ${json_data["results"][0]["location"]["coordinates"]["longitude"]} &lt;= 180</arg>
<arg>Should Be True</arg>
<arg>${True}</arg>
<doc>Runs the given keyword with the given arguments, if ``condition`` is true.</doc>
<status status="PASS" start="2024-05-31T13:16:09.213547" elapsed="0.000962"/>
</kw>
<status status="PASS" start="2024-05-31T13:16:09.116462" elapsed="0.098176"/>
</kw>
<doc>Testa o conteúdo específico dos campos retornados pela API.</doc>
<tag>testeConteudo</tag>
<status status="PASS" start="2024-05-31T13:16:09.115765" elapsed="0.099015"/>
</test>
<status status="PASS" start="2024-05-31T13:16:08.362088" elapsed="0.854608"/>
</suite>
<status status="PASS" start="2024-05-31T13:16:08.348790" elapsed="0.873027"/>
</suite>
<statistics>
<total>
<stat pass="5" fail="0" skip="0">All Tests</stat>
</total>
<tag>
<stat pass="1" fail="0" skip="0">testeConteudo</stat>
<stat pass="1" fail="0" skip="0">testeEstruturaResposta</stat>
<stat pass="1" fail="0" skip="0">testeRequisicaoBasica</stat>
<stat pass="1" fail="0" skip="0">testeTiposDados</stat>
</tag>
<suite>
<stat pass="5" fail="0" skip="0" id="s1" name="Tests">Tests</stat>
<stat pass="5" fail="0" skip="0" id="s1-s1" name="Random-User-Test">Tests.Random-User-Test</stat>
</suite>
</statistics>
<errors>
</errors>
</robot>
