<?xml version="1.0" encoding="UTF-8"?>
<robot generator="Robot 7.0 (Python 3.12.2 on linux)" generated="2024-04-09T13:14:50.635679" rpa="false" schemaversion="5">
<suite id="s1" name="Tests" source="/home/runner/work/DesafioQAItauRogerioJordao/DesafioQAItauRogerioJordao/RamdonUser/tests">
<suite id="s1-s1" name="Random-User-Test" source="/home/runner/work/DesafioQAItauRogerioJordao/DesafioQAItauRogerioJordao/RamdonUser/tests/random-user-test.robot">
<test id="s1-s1-t1" name="Conectar" line="13">
<kw name="Conectar API" owner="random-user-service">
<kw name="Create Session" owner="RequestsLibrary">
<msg time="2024-04-09T13:14:51.012507" level="INFO">Creating Session using : alias=consultarAPI, url=https://randomuser.me/, headers={},                     cookies={}, auth=None, timeout=None, proxies=None, verify=False,                     debug=0 </msg>
<arg>consultarAPI</arg>
<arg>${URL}</arg>
<doc>Create Session: create a HTTP session to a server</doc>
<status status="PASS" start="2024-04-09T13:14:51.012305" elapsed="0.000370"/>
</kw>
<status status="PASS" start="2024-04-09T13:14:51.011253" elapsed="0.001779"/>
</kw>
<status status="PASS" start="2024-04-09T13:14:51.010710" elapsed="0.002524"/>
</test>
<test id="s1-s1-t2" name="Validar retorno 200 e JSON Válido" line="16">
<kw name="Teste de Requisicao Basica" owner="random-user-service">
<kw name="GET On Session" owner="RequestsLibrary">
<msg time="2024-04-09T13:14:51.132892" level="INFO">GET Request : url=https://randomuser.me/api 
 path_url=/api 
 headers={'User-Agent': 'python-requests/2.31.0', 'Accept-Encoding': 'gzip, deflate', 'Accept': '*/*', 'Connection': 'keep-alive'} 
 body=None 
 </msg>
<msg time="2024-04-09T13:14:51.133040" level="INFO">GET Response : url=https://randomuser.me/api 
 status=200, reason=OK 
 headers={'Date': 'Tue, 09 Apr 2024 13:14:51 GMT', 'Content-Type': 'application/json; charset=utf-8', 'Transfer-Encoding': 'chunked', 'Connection': 'keep-alive', 'X-Powered-By': 'Express', 'Access-Control-Allow-Origin': '*', 'Cache-Control': 'no-cache', 'ETag': 'W/"47e-A4RoG1Iz59R49odkBQ7wCQm6yA4"', 'Vary': 'Accept-Encoding', 'Content-Encoding': 'gzip', 'CF-Cache-Status': 'DYNAMIC', 'Report-To': '{"endpoints":[{"url":"https:\\/\\/a.nel.cloudflare.com\\/report\\/v4?s=0hg0C%2BAKGfmLLskXsDA0oMz24YkD4UH%2BL%2B8tHFgl1SBew5usdrwN1qWI%2FCfeUtrteT6R3TebkRSpxKct8TdX2JYqwHCC2DroIPqj1e79%2FgU7NsmvbloeWoIa7sYKLv3r"}],"group":"cf-nel","max_age":604800}', 'NEL': '{"success_fraction":0,"report_to":"cf-nel","max_age":604800}', 'Server': 'cloudflare', 'CF-RAY': '871ac3350e4596de-SJC', 'alt-svc': 'h3=":443"; ma=86400'} 
 body={"results":[{"gender":"male","name":{"title":"Mr","first":"Lukas","last":"Rousseau"},"location":{"street":{"number":9165,"name":"Rue Jean-Baldassini"},"city":"Perpignan","state":"Meuse","country":"France","postcode":92495,"coordinates":{"latitude":"-19.9408","longitude":"-86.5087"},"timezone":{"offset":"-10:00","description":"Hawaii"}},"email":"lukas.rousseau@example.com","login":{"uuid":"8e1eebbe-9ba8-4e9e-84a9-31301b0dd20f","username":"redmeercat280","password":"direct","salt":"MUOF5J3H","md5":"217d09a887409dcd05600d1f45f8be19","sha1":"da0fa4bc46a96ba30d16b73c18735ef6c59eb023","sha256":"65f82d115280752638c6c3d2329fee3daf7aa0d6500a95afa92ea6320f0bd925"},"dob":{"date":"1950-09-17T03:16:52.923Z","age":73},"registered":{"date":"2006-11-06T16:21:20.809Z","age":17},"phone":"01-70-88-10-91","cell":"06-76-61-54-81","id":{"name":"INSEE","value":"1500835134588 29"},"picture":{"large":"https://randomuser.me/api/portraits/men/4.jpg","medium":"https://randomuser.me/api/portraits/med/men/4.jpg","thumbnail":"https://randomuser.me/api/portraits/thumb/men/4.jpg"},"nat":"FR"}],"info":{"seed":"63dd9d622d2f6226","results":1,"page":1,"version":"1.4"}} 
 </msg>
<msg time="2024-04-09T13:14:51.133131" level="INFO">/opt/hostedtoolcache/Python/3.12.2/x64/lib/python3.12/site-packages/urllib3/connectionpool.py:1103: InsecureRequestWarning: Unverified HTTPS request is being made to host 'randomuser.me'. Adding certificate verification is strongly advised. See: https://urllib3.readthedocs.io/en/latest/advanced-usage.html#tls-warnings
  warnings.warn(</msg>
<msg time="2024-04-09T13:14:51.133284" level="INFO">${response} = &lt;Response [200]&gt;</msg>
<var>${response}</var>
<arg>consultarAPI</arg>
<arg>/api</arg>
<doc>Sends a GET request on a previously created HTTP Session.</doc>
<status status="PASS" start="2024-04-09T13:14:51.015918" elapsed="0.117415"/>
</kw>
<kw name="Should Be Equal As Numbers" owner="BuiltIn">
<msg time="2024-04-09T13:14:51.134604" level="INFO">Argument types are:
&lt;class 'int'&gt;
&lt;class 'str'&gt;</msg>
<arg>${response.status_code}</arg>
<arg>200</arg>
<doc>Fails if objects are unequal after converting them to real numbers.</doc>
<status status="PASS" start="2024-04-09T13:14:51.134076" elapsed="0.000594"/>
</kw>
<kw name="Log" owner="BuiltIn">
<msg time="2024-04-09T13:14:51.135355" level="INFO">200</msg>
<arg>${response.status_code}</arg>
<doc>Logs the given message with the given level.</doc>
<status status="PASS" start="2024-04-09T13:14:51.135000" elapsed="0.000397"/>
</kw>
<kw name="Set Variable" owner="BuiltIn">
<msg time="2024-04-09T13:14:51.136200" level="INFO">${json_data} = {'results': [{'gender': 'male', 'name': {'title': 'Mr', 'first': 'Lukas', 'last': 'Rousseau'}, 'location': {'street': {'number': 9165, 'name': 'Rue Jean-Baldassini'}, 'city': 'Perpignan', 'state': 'Me...</msg>
<var>${json_data}</var>
<arg>${response.json()}</arg>
<doc>Returns the given values which can then be assigned to a variables.</doc>
<status status="PASS" start="2024-04-09T13:14:51.135738" elapsed="0.000492"/>
</kw>
<kw name="Dictionary Should Contain Key" owner="Collections">
<msg time="2024-04-09T13:14:51.136707" level="INFO">False</msg>
<arg>${json_data}</arg>
<arg>results</arg>
<doc>Fails if ``key`` is not found from ``dictionary``.</doc>
<status status="PASS" start="2024-04-09T13:14:51.136538" elapsed="0.000208"/>
</kw>
<status status="PASS" start="2024-04-09T13:14:51.015667" elapsed="0.121342"/>
</kw>
<doc>Testa se a API responde corretamente e retorna um objeto JSON válido.</doc>
<tag>testeRequisicaoBasica</tag>
<status status="PASS" start="2024-04-09T13:14:51.015091" elapsed="0.122109"/>
</test>
<test id="s1-s1-t3" name="Validar estrutura de resposta" line="22">
<kw name="Teste de Estrutura de Resposta" owner="random-user-service">
<kw name="GET On Session" owner="RequestsLibrary">
<msg time="2024-04-09T13:14:51.244960" level="INFO">GET Request : url=https://randomuser.me/api 
 path_url=/api 
 headers={'User-Agent': 'python-requests/2.31.0', 'Accept-Encoding': 'gzip, deflate', 'Accept': '*/*', 'Connection': 'keep-alive'} 
 body=None 
 </msg>
<msg time="2024-04-09T13:14:51.245050" level="INFO">GET Response : url=https://randomuser.me/api 
 status=200, reason=OK 
 headers={'Date': 'Tue, 09 Apr 2024 13:14:51 GMT', 'Content-Type': 'application/json; charset=utf-8', 'Transfer-Encoding': 'chunked', 'Connection': 'keep-alive', 'X-Powered-By': 'Express', 'Access-Control-Allow-Origin': '*', 'Cache-Control': 'no-cache', 'ETag': 'W/"468-PasTImWSBuDFLrfziFYeaWoDOvg"', 'Vary': 'Accept-Encoding', 'Content-Encoding': 'gzip', 'CF-Cache-Status': 'DYNAMIC', 'Report-To': '{"endpoints":[{"url":"https:\\/\\/a.nel.cloudflare.com\\/report\\/v4?s=Tw3rwWUE4obRB%2F%2FBrnYdzmf3kZHZtMvKwp4u%2FUZVJTnnXpSnWh4QDfywHpnaRo048ZvJzcNDWc%2FovqLSlV2DIPQxjQ20w35q9fkpQULrZfiBOCnibpYdiU8W7Cf2QiTR"}],"group":"cf-nel","max_age":604800}', 'NEL': '{"success_fraction":0,"report_to":"cf-nel","max_age":604800}', 'Server': 'cloudflare', 'CF-RAY': '871ac335ae9c96de-SJC', 'alt-svc': 'h3=":443"; ma=86400'} 
 body={"results":[{"gender":"male","name":{"title":"Mr","first":"Kadir","last":"Eronat"},"location":{"street":{"number":9687,"name":"Istiklal Cd"},"city":"Eskişehir","state":"Kırşehir","country":"Turkey","postcode":42286,"coordinates":{"latitude":"70.0469","longitude":"-100.4810"},"timezone":{"offset":"+4:30","description":"Kabul"}},"email":"kadir.eronat@example.com","login":{"uuid":"76af7575-2a1e-41f9-abb1-042c34bb0bd0","username":"silverbird130","password":"puppydog","salt":"iOg6g7M3","md5":"1a29fbc23696df36c8143594d4cde1c5","sha1":"ff59b6e45627d2126adfc6e523ec1fe8b58eae63","sha256":"00cc61913c253d74e2905316aef338b44eab44d77e88e0614f38b91a5c1eabba"},"dob":{"date":"1961-07-26T21:38:59.491Z","age":62},"registered":{"date":"2004-11-27T11:50:10.489Z","age":19},"phone":"(226)-707-8060","cell":"(046)-371-8958","id":{"name":"","value":null},"picture":{"large":"https://randomuser.me/api/portraits/men/78.jpg","medium":"https://randomuser.me/api/portraits/med/men/78.jpg","thumbnail":"https://randomuser.me/api/portraits/thumb/men/78.jpg"},"nat":"TR"}],"info":{"seed":"a3c7b3eaae3e5297","results":1,"page":1,"version":"1.4"}} 
 </msg>
<msg time="2024-04-09T13:14:51.245199" level="INFO">/opt/hostedtoolcache/Python/3.12.2/x64/lib/python3.12/site-packages/urllib3/connectionpool.py:1103: InsecureRequestWarning: Unverified HTTPS request is being made to host 'randomuser.me'. Adding certificate verification is strongly advised. See: https://urllib3.readthedocs.io/en/latest/advanced-usage.html#tls-warnings
  warnings.warn(</msg>
<msg time="2024-04-09T13:14:51.245334" level="INFO">${response} = &lt;Response [200]&gt;</msg>
<var>${response}</var>
<arg>consultarAPI</arg>
<arg>/api</arg>
<doc>Sends a GET request on a previously created HTTP Session.</doc>
<status status="PASS" start="2024-04-09T13:14:51.140058" elapsed="0.105325"/>
</kw>
<kw name="Set Variable" owner="BuiltIn">
<msg time="2024-04-09T13:14:51.246643" level="INFO">${json_data} = {'results': [{'gender': 'male', 'name': {'title': 'Mr', 'first': 'Kadir', 'last': 'Eronat'}, 'location': {'street': {'number': 9687, 'name': 'Istiklal Cd'}, 'city': 'Eskişehir', 'state': 'Kırşehir', '...</msg>
<var>${json_data}</var>
<arg>${response.json()}</arg>
<doc>Returns the given values which can then be assigned to a variables.</doc>
<status status="PASS" start="2024-04-09T13:14:51.246031" elapsed="0.000644"/>
</kw>
<kw name="Log" owner="BuiltIn">
<msg time="2024-04-09T13:14:51.247161" level="INFO">{'results': [{'gender': 'male', 'name': {'title': 'Mr', 'first': 'Kadir', 'last': 'Eronat'}, 'location': {'street': {'number': 9687, 'name': 'Istiklal Cd'}, 'city': 'Eskişehir', 'state': 'Kırşehir', 'country': 'Turkey', 'postcode': 42286, 'coordinates': {'latitude': '70.0469', 'longitude': '-100.4810'}, 'timezone': {'offset': '+4:30', 'description': 'Kabul'}}, 'email': 'kadir.eronat@example.com', 'login': {'uuid': '76af7575-2a1e-41f9-abb1-042c34bb0bd0', 'username': 'silverbird130', 'password': 'puppydog', 'salt': 'iOg6g7M3', 'md5': '1a29fbc23696df36c8143594d4cde1c5', 'sha1': 'ff59b6e45627d2126adfc6e523ec1fe8b58eae63', 'sha256': '00cc61913c253d74e2905316aef338b44eab44d77e88e0614f38b91a5c1eabba'}, 'dob': {'date': '1961-07-26T21:38:59.491Z', 'age': 62}, 'registered': {'date': '2004-11-27T11:50:10.489Z', 'age': 19}, 'phone': '(226)-707-8060', 'cell': '(046)-371-8958', 'id': {'name': '', 'value': None}, 'picture': {'large': 'https://randomuser.me/api/portraits/men/78.jpg', 'medium': 'https://randomuser.me/api/portraits/med/men/78.jpg', 'thumbnail': 'https://randomuser.me/api/portraits/thumb/men/78.jpg'}, 'nat': 'TR'}], 'info': {'seed': 'a3c7b3eaae3e5297', 'results': 1, 'page': 1, 'version': '1.4'}}</msg>
<arg>${json_data}</arg>
<doc>Logs the given message with the given level.</doc>
<status status="PASS" start="2024-04-09T13:14:51.246996" elapsed="0.000218"/>
</kw>
<kw name="Dictionary Should Contain Key" owner="Collections">
<msg time="2024-04-09T13:14:51.247680" level="INFO">False</msg>
<arg>${json_data}</arg>
<arg>results</arg>
<doc>Fails if ``key`` is not found from ``dictionary``.</doc>
<status status="PASS" start="2024-04-09T13:14:51.247523" elapsed="0.000195"/>
</kw>
<kw name="Should Not Be Empty" owner="BuiltIn">
<msg time="2024-04-09T13:14:51.248151" level="INFO">Length is 2.</msg>
<arg>${json_data}</arg>
<doc>Verifies that the given item is not empty.</doc>
<status status="PASS" start="2024-04-09T13:14:51.248018" elapsed="0.000212"/>
</kw>
<kw name="Create List" owner="BuiltIn">
<msg time="2024-04-09T13:14:51.248684" level="INFO">${expected_keys} = ['gender', 'name', 'location', 'email', 'login']</msg>
<var>${expected_keys}</var>
<arg>gender</arg>
<arg>name</arg>
<arg>location</arg>
<arg>email</arg>
<arg>login</arg>
<doc>Returns a list containing given items.</doc>
<status status="PASS" start="2024-04-09T13:14:51.248533" elapsed="0.000175"/>
</kw>
<for flavor="IN">
<iter>
<kw name="Dictionary Should Contain Key" owner="Collections">
<msg time="2024-04-09T13:14:51.249712" level="INFO">False</msg>
<arg>${json_data['results'][0]}</arg>
<arg>${key}</arg>
<doc>Fails if ``key`` is not found from ``dictionary``.</doc>
<status status="PASS" start="2024-04-09T13:14:51.249288" elapsed="0.000475"/>
</kw>
<kw name="Log" owner="BuiltIn">
<msg time="2024-04-09T13:14:51.250442" level="INFO">{'gender': 'male', 'name': {'title': 'Mr', 'first': 'Kadir', 'last': 'Eronat'}, 'location': {'street': {'number': 9687, 'name': 'Istiklal Cd'}, 'city': 'Eskişehir', 'state': 'Kırşehir', 'country': 'Turkey', 'postcode': 42286, 'coordinates': {'latitude': '70.0469', 'longitude': '-100.4810'}, 'timezone': {'offset': '+4:30', 'description': 'Kabul'}}, 'email': 'kadir.eronat@example.com', 'login': {'uuid': '76af7575-2a1e-41f9-abb1-042c34bb0bd0', 'username': 'silverbird130', 'password': 'puppydog', 'salt': 'iOg6g7M3', 'md5': '1a29fbc23696df36c8143594d4cde1c5', 'sha1': 'ff59b6e45627d2126adfc6e523ec1fe8b58eae63', 'sha256': '00cc61913c253d74e2905316aef338b44eab44d77e88e0614f38b91a5c1eabba'}, 'dob': {'date': '1961-07-26T21:38:59.491Z', 'age': 62}, 'registered': {'date': '2004-11-27T11:50:10.489Z', 'age': 19}, 'phone': '(226)-707-8060', 'cell': '(046)-371-8958', 'id': {'name': '', 'value': None}, 'picture': {'large': 'https://randomuser.me/api/portraits/men/78.jpg', 'medium': 'https://randomuser.me/api/portraits/med/men/78.jpg', 'thumbnail': 'https://randomuser.me/api/portraits/thumb/men/78.jpg'}, 'nat': 'TR'}</msg>
<arg>${json_data['results'][0]}</arg>
<doc>Logs the given message with the given level.</doc>
<status status="PASS" start="2024-04-09T13:14:51.250072" elapsed="0.000427"/>
</kw>
<kw name="Log" owner="BuiltIn">
<msg time="2024-04-09T13:14:51.250937" level="INFO">gender</msg>
<arg>${key}</arg>
<doc>Logs the given message with the given level.</doc>
<status status="PASS" start="2024-04-09T13:14:51.250807" elapsed="0.000168"/>
</kw>
<var name="${key}">gender</var>
<status status="PASS" start="2024-04-09T13:14:51.249163" elapsed="0.002036"/>
</iter>
<iter>
<kw name="Dictionary Should Contain Key" owner="Collections">
<msg time="2024-04-09T13:14:51.251896" level="INFO">False</msg>
<arg>${json_data['results'][0]}</arg>
<arg>${key}</arg>
<doc>Fails if ``key`` is not found from ``dictionary``.</doc>
<status status="PASS" start="2024-04-09T13:14:51.251503" elapsed="0.000431"/>
</kw>
<kw name="Log" owner="BuiltIn">
<msg time="2024-04-09T13:14:51.252665" level="INFO">{'gender': 'male', 'name': {'title': 'Mr', 'first': 'Kadir', 'last': 'Eronat'}, 'location': {'street': {'number': 9687, 'name': 'Istiklal Cd'}, 'city': 'Eskişehir', 'state': 'Kırşehir', 'country': 'Turkey', 'postcode': 42286, 'coordinates': {'latitude': '70.0469', 'longitude': '-100.4810'}, 'timezone': {'offset': '+4:30', 'description': 'Kabul'}}, 'email': 'kadir.eronat@example.com', 'login': {'uuid': '76af7575-2a1e-41f9-abb1-042c34bb0bd0', 'username': 'silverbird130', 'password': 'puppydog', 'salt': 'iOg6g7M3', 'md5': '1a29fbc23696df36c8143594d4cde1c5', 'sha1': 'ff59b6e45627d2126adfc6e523ec1fe8b58eae63', 'sha256': '00cc61913c253d74e2905316aef338b44eab44d77e88e0614f38b91a5c1eabba'}, 'dob': {'date': '1961-07-26T21:38:59.491Z', 'age': 62}, 'registered': {'date': '2004-11-27T11:50:10.489Z', 'age': 19}, 'phone': '(226)-707-8060', 'cell': '(046)-371-8958', 'id': {'name': '', 'value': None}, 'picture': {'large': 'https://randomuser.me/api/portraits/men/78.jpg', 'medium': 'https://randomuser.me/api/portraits/med/men/78.jpg', 'thumbnail': 'https://randomuser.me/api/portraits/thumb/men/78.jpg'}, 'nat': 'TR'}</msg>
<arg>${json_data['results'][0]}</arg>
<doc>Logs the given message with the given level.</doc>
<status status="PASS" start="2024-04-09T13:14:51.252295" elapsed="0.000421"/>
</kw>
<kw name="Log" owner="BuiltIn">
<msg time="2024-04-09T13:14:51.253151" level="INFO">name</msg>
<arg>${key}</arg>
<doc>Logs the given message with the given level.</doc>
<status status="PASS" start="2024-04-09T13:14:51.253022" elapsed="0.000167"/>
</kw>
<var name="${key}">name</var>
<status status="PASS" start="2024-04-09T13:14:51.251388" elapsed="0.002021"/>
</iter>
<iter>
<kw name="Dictionary Should Contain Key" owner="Collections">
<msg time="2024-04-09T13:14:51.254087" level="INFO">False</msg>
<arg>${json_data['results'][0]}</arg>
<arg>${key}</arg>
<doc>Fails if ``key`` is not found from ``dictionary``.</doc>
<status status="PASS" start="2024-04-09T13:14:51.253702" elapsed="0.000422"/>
</kw>
<kw name="Log" owner="BuiltIn">
<msg time="2024-04-09T13:14:51.254788" level="INFO">{'gender': 'male', 'name': {'title': 'Mr', 'first': 'Kadir', 'last': 'Eronat'}, 'location': {'street': {'number': 9687, 'name': 'Istiklal Cd'}, 'city': 'Eskişehir', 'state': 'Kırşehir', 'country': 'Turkey', 'postcode': 42286, 'coordinates': {'latitude': '70.0469', 'longitude': '-100.4810'}, 'timezone': {'offset': '+4:30', 'description': 'Kabul'}}, 'email': 'kadir.eronat@example.com', 'login': {'uuid': '76af7575-2a1e-41f9-abb1-042c34bb0bd0', 'username': 'silverbird130', 'password': 'puppydog', 'salt': 'iOg6g7M3', 'md5': '1a29fbc23696df36c8143594d4cde1c5', 'sha1': 'ff59b6e45627d2126adfc6e523ec1fe8b58eae63', 'sha256': '00cc61913c253d74e2905316aef338b44eab44d77e88e0614f38b91a5c1eabba'}, 'dob': {'date': '1961-07-26T21:38:59.491Z', 'age': 62}, 'registered': {'date': '2004-11-27T11:50:10.489Z', 'age': 19}, 'phone': '(226)-707-8060', 'cell': '(046)-371-8958', 'id': {'name': '', 'value': None}, 'picture': {'large': 'https://randomuser.me/api/portraits/men/78.jpg', 'medium': 'https://randomuser.me/api/portraits/med/men/78.jpg', 'thumbnail': 'https://randomuser.me/api/portraits/thumb/men/78.jpg'}, 'nat': 'TR'}</msg>
<arg>${json_data['results'][0]}</arg>
<doc>Logs the given message with the given level.</doc>
<status status="PASS" start="2024-04-09T13:14:51.254425" elapsed="0.000418"/>
</kw>
<kw name="Log" owner="BuiltIn">
<msg time="2024-04-09T13:14:51.255273" level="INFO">location</msg>
<arg>${key}</arg>
<doc>Logs the given message with the given level.</doc>
<status status="PASS" start="2024-04-09T13:14:51.255143" elapsed="0.000169"/>
</kw>
<var name="${key}">location</var>
<status status="PASS" start="2024-04-09T13:14:51.253591" elapsed="0.001937"/>
</iter>
<iter>
<kw name="Dictionary Should Contain Key" owner="Collections">
<msg time="2024-04-09T13:14:51.256224" level="INFO">False</msg>
<arg>${json_data['results'][0]}</arg>
<arg>${key}</arg>
<doc>Fails if ``key`` is not found from ``dictionary``.</doc>
<status status="PASS" start="2024-04-09T13:14:51.255812" elapsed="0.000452"/>
</kw>
<kw name="Log" owner="BuiltIn">
<msg time="2024-04-09T13:14:51.256935" level="INFO">{'gender': 'male', 'name': {'title': 'Mr', 'first': 'Kadir', 'last': 'Eronat'}, 'location': {'street': {'number': 9687, 'name': 'Istiklal Cd'}, 'city': 'Eskişehir', 'state': 'Kırşehir', 'country': 'Turkey', 'postcode': 42286, 'coordinates': {'latitude': '70.0469', 'longitude': '-100.4810'}, 'timezone': {'offset': '+4:30', 'description': 'Kabul'}}, 'email': 'kadir.eronat@example.com', 'login': {'uuid': '76af7575-2a1e-41f9-abb1-042c34bb0bd0', 'username': 'silverbird130', 'password': 'puppydog', 'salt': 'iOg6g7M3', 'md5': '1a29fbc23696df36c8143594d4cde1c5', 'sha1': 'ff59b6e45627d2126adfc6e523ec1fe8b58eae63', 'sha256': '00cc61913c253d74e2905316aef338b44eab44d77e88e0614f38b91a5c1eabba'}, 'dob': {'date': '1961-07-26T21:38:59.491Z', 'age': 62}, 'registered': {'date': '2004-11-27T11:50:10.489Z', 'age': 19}, 'phone': '(226)-707-8060', 'cell': '(046)-371-8958', 'id': {'name': '', 'value': None}, 'picture': {'large': 'https://randomuser.me/api/portraits/men/78.jpg', 'medium': 'https://randomuser.me/api/portraits/med/men/78.jpg', 'thumbnail': 'https://randomuser.me/api/portraits/thumb/men/78.jpg'}, 'nat': 'TR'}</msg>
<arg>${json_data['results'][0]}</arg>
<doc>Logs the given message with the given level.</doc>
<status status="PASS" start="2024-04-09T13:14:51.256571" elapsed="0.000414"/>
</kw>
<kw name="Log" owner="BuiltIn">
<msg time="2024-04-09T13:14:51.257414" level="INFO">email</msg>
<arg>${key}</arg>
<doc>Logs the given message with the given level.</doc>
<status status="PASS" start="2024-04-09T13:14:51.257286" elapsed="0.000166"/>
</kw>
<var name="${key}">email</var>
<status status="PASS" start="2024-04-09T13:14:51.255703" elapsed="0.001963"/>
</iter>
<iter>
<kw name="Dictionary Should Contain Key" owner="Collections">
<msg time="2024-04-09T13:14:51.258342" level="INFO">False</msg>
<arg>${json_data['results'][0]}</arg>
<arg>${key}</arg>
<doc>Fails if ``key`` is not found from ``dictionary``.</doc>
<status status="PASS" start="2024-04-09T13:14:51.257952" elapsed="0.000427"/>
</kw>
<kw name="Log" owner="BuiltIn">
<msg time="2024-04-09T13:14:51.259036" level="INFO">{'gender': 'male', 'name': {'title': 'Mr', 'first': 'Kadir', 'last': 'Eronat'}, 'location': {'street': {'number': 9687, 'name': 'Istiklal Cd'}, 'city': 'Eskişehir', 'state': 'Kırşehir', 'country': 'Turkey', 'postcode': 42286, 'coordinates': {'latitude': '70.0469', 'longitude': '-100.4810'}, 'timezone': {'offset': '+4:30', 'description': 'Kabul'}}, 'email': 'kadir.eronat@example.com', 'login': {'uuid': '76af7575-2a1e-41f9-abb1-042c34bb0bd0', 'username': 'silverbird130', 'password': 'puppydog', 'salt': 'iOg6g7M3', 'md5': '1a29fbc23696df36c8143594d4cde1c5', 'sha1': 'ff59b6e45627d2126adfc6e523ec1fe8b58eae63', 'sha256': '00cc61913c253d74e2905316aef338b44eab44d77e88e0614f38b91a5c1eabba'}, 'dob': {'date': '1961-07-26T21:38:59.491Z', 'age': 62}, 'registered': {'date': '2004-11-27T11:50:10.489Z', 'age': 19}, 'phone': '(226)-707-8060', 'cell': '(046)-371-8958', 'id': {'name': '', 'value': None}, 'picture': {'large': 'https://randomuser.me/api/portraits/men/78.jpg', 'medium': 'https://randomuser.me/api/portraits/med/men/78.jpg', 'thumbnail': 'https://randomuser.me/api/portraits/thumb/men/78.jpg'}, 'nat': 'TR'}</msg>
<arg>${json_data['results'][0]}</arg>
<doc>Logs the given message with the given level.</doc>
<status status="PASS" start="2024-04-09T13:14:51.258674" elapsed="0.000410"/>
</kw>
<kw name="Log" owner="BuiltIn">
<msg time="2024-04-09T13:14:51.259505" level="INFO">login</msg>
<arg>${key}</arg>
<doc>Logs the given message with the given level.</doc>
<status status="PASS" start="2024-04-09T13:14:51.259380" elapsed="0.000167"/>
</kw>
<var name="${key}">login</var>
<status status="PASS" start="2024-04-09T13:14:51.257842" elapsed="0.001921"/>
</iter>
<var>${key}</var>
<value>@{expected_keys}</value>
<status status="PASS" start="2024-04-09T13:14:51.248971" elapsed="0.010932"/>
</for>
<kw name="Create List" owner="BuiltIn">
<msg time="2024-04-09T13:14:51.260298" level="INFO">${expected_keysTwo} = ['username', 'password']</msg>
<var>${expected_keysTwo}</var>
<arg>username</arg>
<arg>password</arg>
<doc>Returns a list containing given items.</doc>
<status status="PASS" start="2024-04-09T13:14:51.260128" elapsed="0.000195"/>
</kw>
<for flavor="IN">
<iter>
<kw name="Dictionary Should Contain Key" owner="Collections">
<msg time="2024-04-09T13:14:51.261324" level="INFO">False</msg>
<arg>${json_data['results'][0]['login']}</arg>
<arg>${keyTwo}</arg>
<doc>Fails if ``key`` is not found from ``dictionary``.</doc>
<status status="PASS" start="2024-04-09T13:14:51.260932" elapsed="0.000430"/>
</kw>
<kw name="Dictionary Should Contain Key" owner="Collections">
<msg time="2024-04-09T13:14:51.262130" level="INFO">False</msg>
<arg>${json_data['results'][0]['login']}</arg>
<arg>${keyTwo}</arg>
<doc>Fails if ``key`` is not found from ``dictionary``.</doc>
<status status="PASS" start="2024-04-09T13:14:51.261661" elapsed="0.000524"/>
</kw>
<kw name="Log" owner="BuiltIn">
<msg time="2024-04-09T13:14:51.262664" level="INFO">username</msg>
<arg>${keyTwo}</arg>
<doc>Logs the given message with the given level.</doc>
<status status="PASS" start="2024-04-09T13:14:51.262533" elapsed="0.000169"/>
</kw>
<var name="${keyTwo}">username</var>
<status status="PASS" start="2024-04-09T13:14:51.260818" elapsed="0.002102"/>
</iter>
<iter>
<kw name="Dictionary Should Contain Key" owner="Collections">
<msg time="2024-04-09T13:14:51.263582" level="INFO">False</msg>
<arg>${json_data['results'][0]['login']}</arg>
<arg>${keyTwo}</arg>
<doc>Fails if ``key`` is not found from ``dictionary``.</doc>
<status status="PASS" start="2024-04-09T13:14:51.263203" elapsed="0.000417"/>
</kw>
<kw name="Dictionary Should Contain Key" owner="Collections">
<msg time="2024-04-09T13:14:51.264342" level="INFO">False</msg>
<arg>${json_data['results'][0]['login']}</arg>
<arg>${keyTwo}</arg>
<doc>Fails if ``key`` is not found from ``dictionary``.</doc>
<status status="PASS" start="2024-04-09T13:14:51.263914" elapsed="0.000466"/>
</kw>
<kw name="Log" owner="BuiltIn">
<msg time="2024-04-09T13:14:51.264805" level="INFO">password</msg>
<arg>${keyTwo}</arg>
<doc>Logs the given message with the given level.</doc>
<status status="PASS" start="2024-04-09T13:14:51.264677" elapsed="0.000167"/>
</kw>
<var name="${keyTwo}">password</var>
<status status="PASS" start="2024-04-09T13:14:51.263094" elapsed="0.001967"/>
</iter>
<var>${keyTwo}</var>
<value>@{expected_keysTwo}</value>
<status status="PASS" start="2024-04-09T13:14:51.260565" elapsed="0.004631"/>
</for>
<status status="PASS" start="2024-04-09T13:14:51.139820" elapsed="0.125519"/>
</kw>
<doc>Testa a estrutura da resposta da API.</doc>
<tag>testeEstruturaResposta</tag>
<status status="PASS" start="2024-04-09T13:14:51.139052" elapsed="0.126455"/>
</test>
<test id="s1-s1-t4" name="Validar tipos de dados" line="28">
<kw name="Teste de Tipos de Dados" owner="random-user-service">
<kw name="GET On Session" owner="RequestsLibrary">
<msg time="2024-04-09T13:14:51.394105" level="INFO">GET Request : url=https://randomuser.me/api 
 path_url=/api 
 headers={'User-Agent': 'python-requests/2.31.0', 'Accept-Encoding': 'gzip, deflate', 'Accept': '*/*', 'Connection': 'keep-alive'} 
 body=None 
 </msg>
<msg time="2024-04-09T13:14:51.394209" level="INFO">GET Response : url=https://randomuser.me/api 
 status=200, reason=OK 
 headers={'Date': 'Tue, 09 Apr 2024 13:14:51 GMT', 'Content-Type': 'application/json; charset=utf-8', 'Transfer-Encoding': 'chunked', 'Connection': 'keep-alive', 'X-Powered-By': 'Express', 'Access-Control-Allow-Origin': '*', 'Cache-Control': 'no-cache', 'ETag': 'W/"482-GfHAH72Y6V5XnhOf8Z5PNpfIy4A"', 'Vary': 'Accept-Encoding', 'Content-Encoding': 'gzip', 'CF-Cache-Status': 'DYNAMIC', 'Report-To': '{"endpoints":[{"url":"https:\\/\\/a.nel.cloudflare.com\\/report\\/v4?s=9DrMZ%2Fwo%2FKxu6iKF65%2FdjiX%2FQ%2BF1719KGm6mh%2B9AuoD7%2BZeS%2Fnv4NgnniRP9OWQhPHqclVtdymF25oycjGjx66bmxuP8hh89vk8DGMuTEPapBCwSYyXpJSNCwZB2B0JG"}],"group":"cf-nel","max_age":604800}', 'NEL': '{"success_fraction":0,"report_to":"cf-nel","max_age":604800}', 'Server': 'cloudflare', 'CF-RAY': '871ac3367f2896de-SJC', 'alt-svc': 'h3=":443"; ma=86400'} 
 body={"results":[{"gender":"male","name":{"title":"Mr","first":"Pedro","last":"Kaluza"},"location":{"street":{"number":2548,"name":"Poststraße"},"city":"Römhild","state":"Bayern","country":"Germany","postcode":56233,"coordinates":{"latitude":"-52.9821","longitude":"-2.1662"},"timezone":{"offset":"-8:00","description":"Pacific Time (US &amp; Canada)"}},"email":"pedro.kaluza@example.com","login":{"uuid":"c624cb18-64df-4884-856f-560fd7713af3","username":"happyzebra408","password":"france","salt":"zq20HGsG","md5":"bb23d91ff2485b667643325e0574721c","sha1":"f9c04290dc101089c841658847618f59090266b1","sha256":"783c4c4eaa7f35013251e4e63202d070d73ba250853f3e3864947ddbf80849c7"},"dob":{"date":"1969-06-11T00:43:33.256Z","age":54},"registered":{"date":"2002-03-29T23:11:03.658Z","age":22},"phone":"0844-0269292","cell":"0175-0705337","id":{"name":"SVNR","value":"61 100669 K 383"},"picture":{"large":"https://randomuser.me/api/portraits/men/99.jpg","medium":"https://randomuser.me/api/portraits/med/men/99.jpg","thumbnail":"https://randomuser.me/api/portraits/thumb/men/99.jpg"},"nat":"DE"}],"info":{"seed":"9f61831beb51a815","results":1,"page":1,"version":"1.4"}} 
 </msg>
<msg time="2024-04-09T13:14:51.394291" level="INFO">/opt/hostedtoolcache/Python/3.12.2/x64/lib/python3.12/site-packages/urllib3/connectionpool.py:1103: InsecureRequestWarning: Unverified HTTPS request is being made to host 'randomuser.me'. Adding certificate verification is strongly advised. See: https://urllib3.readthedocs.io/en/latest/advanced-usage.html#tls-warnings
  warnings.warn(</msg>
<msg time="2024-04-09T13:14:51.394403" level="INFO">${response} = &lt;Response [200]&gt;</msg>
<var>${response}</var>
<arg>consultarAPI</arg>
<arg>/api</arg>
<doc>Sends a GET request on a previously created HTTP Session.</doc>
<status status="PASS" start="2024-04-09T13:14:51.268055" elapsed="0.126389"/>
</kw>
<kw name="Set Variable" owner="BuiltIn">
<msg time="2024-04-09T13:14:51.395515" level="INFO">${json_data} = {'results': [{'gender': 'male', 'name': {'title': 'Mr', 'first': 'Pedro', 'last': 'Kaluza'}, 'location': {'street': {'number': 2548, 'name': 'Poststraße'}, 'city': 'Römhild', 'state': 'Bayern', 'count...</msg>
<var>${json_data}</var>
<arg>${response.json()}</arg>
<doc>Returns the given values which can then be assigned to a variables.</doc>
<status status="PASS" start="2024-04-09T13:14:51.394963" elapsed="0.000582"/>
</kw>
<kw name="Log" owner="BuiltIn">
<msg time="2024-04-09T13:14:51.396038" level="INFO">{'results': [{'gender': 'male', 'name': {'title': 'Mr', 'first': 'Pedro', 'last': 'Kaluza'}, 'location': {'street': {'number': 2548, 'name': 'Poststraße'}, 'city': 'Römhild', 'state': 'Bayern', 'country': 'Germany', 'postcode': 56233, 'coordinates': {'latitude': '-52.9821', 'longitude': '-2.1662'}, 'timezone': {'offset': '-8:00', 'description': 'Pacific Time (US &amp; Canada)'}}, 'email': 'pedro.kaluza@example.com', 'login': {'uuid': 'c624cb18-64df-4884-856f-560fd7713af3', 'username': 'happyzebra408', 'password': 'france', 'salt': 'zq20HGsG', 'md5': 'bb23d91ff2485b667643325e0574721c', 'sha1': 'f9c04290dc101089c841658847618f59090266b1', 'sha256': '783c4c4eaa7f35013251e4e63202d070d73ba250853f3e3864947ddbf80849c7'}, 'dob': {'date': '1969-06-11T00:43:33.256Z', 'age': 54}, 'registered': {'date': '2002-03-29T23:11:03.658Z', 'age': 22}, 'phone': '0844-0269292', 'cell': '0175-0705337', 'id': {'name': 'SVNR', 'value': '61 100669 K 383'}, 'picture': {'large': 'https://randomuser.me/api/portraits/men/99.jpg', 'medium': 'https://randomuser.me/api/portraits/med/men/99.jpg', 'thumbnail': 'https://randomuser.me/api/portraits/thumb/men/99.jpg'}, 'nat': 'DE'}], 'info': {'seed': '9f61831beb51a815', 'results': 1, 'page': 1, 'version': '1.4'}}</msg>
<arg>${json_data}</arg>
<doc>Logs the given message with the given level.</doc>
<status status="PASS" start="2024-04-09T13:14:51.395872" elapsed="0.000219"/>
</kw>
<kw name="Should Be String" owner="String">
<arg>${json_data['results'][0]['gender']}</arg>
<doc>Fails if the given ``item`` is not a string.</doc>
<status status="PASS" start="2024-04-09T13:14:51.396474" elapsed="0.000375"/>
</kw>
<kw name="Should Match Regexp" owner="BuiltIn">
<arg>${json_data['results'][0]['email']}</arg>
<arg>^[a-zA-Z0-9._%+-]+@[a-zA-Z0-9.-]+\.[a-zA-Z]{2,}$</arg>
<doc>Fails if ``string`` does not match ``pattern`` as a regular expression.</doc>
<status status="PASS" start="2024-04-09T13:14:51.397051" elapsed="0.000538"/>
</kw>
<kw name="Should Match Regexp" owner="BuiltIn">
<arg>${json_data['results'][0]['dob']['date']}</arg>
<arg>\\d{4}-\\d{2}-\\d{2}T\\d{2}:\\d{2}:\\d{2}\\.\\d{3}Z</arg>
<doc>Fails if ``string`` does not match ``pattern`` as a regular expression.</doc>
<status status="PASS" start="2024-04-09T13:14:51.397788" elapsed="0.000540"/>
</kw>
<kw name="Should Match Regexp" owner="BuiltIn">
<arg>${json_data['results'][0]['registered']['date']}</arg>
<arg>\\d{4}-\\d{2}-\\d{2}T\\d{2}:\\d{2}:\\d{2}\\.\\d{3}Z</arg>
<doc>Fails if ``string`` does not match ``pattern`` as a regular expression.</doc>
<status status="PASS" start="2024-04-09T13:14:51.398532" elapsed="0.000377"/>
</kw>
<kw name="Should Match Regexp" owner="BuiltIn">
<arg>${json_data['results'][0]['picture']['large']}</arg>
<arg>^https?://.*\.(?:png|jpe?g|gif|bmp)$</arg>
<doc>Fails if ``string`` does not match ``pattern`` as a regular expression.</doc>
<status status="PASS" start="2024-04-09T13:14:51.399101" elapsed="0.000463"/>
</kw>
<kw name="Should Match Regexp" owner="BuiltIn">
<arg>${json_data['results'][0]['picture']['medium']}</arg>
<arg>^https?://.*\.(?:png|jpe?g|gif|bmp)$</arg>
<doc>Fails if ``string`` does not match ``pattern`` as a regular expression.</doc>
<status status="PASS" start="2024-04-09T13:14:51.399754" elapsed="0.000358"/>
</kw>
<kw name="Should Match Regexp" owner="BuiltIn">
<arg>${json_data['results'][0]['picture']['thumbnail']}</arg>
<arg>^https?://.*\.(?:png|jpe?g|gif|bmp)$</arg>
<doc>Fails if ``string`` does not match ``pattern`` as a regular expression.</doc>
<status status="PASS" start="2024-04-09T13:14:51.400399" elapsed="0.000372"/>
</kw>
<kw name="Log" owner="BuiltIn">
<msg time="2024-04-09T13:14:51.401292" level="INFO">{'large': 'https://randomuser.me/api/portraits/men/99.jpg', 'medium': 'https://randomuser.me/api/portraits/med/men/99.jpg', 'thumbnail': 'https://randomuser.me/api/portraits/thumb/men/99.jpg'}</msg>
<arg>${json_data['results'][0]['picture']}</arg>
<doc>Logs the given message with the given level.</doc>
<status status="PASS" start="2024-04-09T13:14:51.400959" elapsed="0.000374"/>
</kw>
<status status="PASS" start="2024-04-09T13:14:51.267825" elapsed="0.133768"/>
</kw>
<kw name="Teste de Tipos de Dados - Postcode" owner="random-user-service">
<kw name="GET On Session" owner="RequestsLibrary">
<msg time="2024-04-09T13:14:51.501349" level="INFO">GET Request : url=https://randomuser.me/api 
 path_url=/api 
 headers={'User-Agent': 'python-requests/2.31.0', 'Accept-Encoding': 'gzip, deflate', 'Accept': '*/*', 'Connection': 'keep-alive'} 
 body=None 
 </msg>
<msg time="2024-04-09T13:14:51.501432" level="INFO">GET Response : url=https://randomuser.me/api 
 status=200, reason=OK 
 headers={'Date': 'Tue, 09 Apr 2024 13:14:51 GMT', 'Content-Type': 'application/json; charset=utf-8', 'Transfer-Encoding': 'chunked', 'Connection': 'keep-alive', 'X-Powered-By': 'Express', 'Access-Control-Allow-Origin': '*', 'Cache-Control': 'no-cache', 'ETag': 'W/"4af-UqaJI1dmO65VrFff4WnTsHXL9yk"', 'Vary': 'Accept-Encoding', 'Content-Encoding': 'gzip', 'CF-Cache-Status': 'DYNAMIC', 'Report-To': '{"endpoints":[{"url":"https:\\/\\/a.nel.cloudflare.com\\/report\\/v4?s=8w30ByEuxO7ErXdczO0M4UUM9e%2FPi4UVN%2BWdr102%2BaOu%2Fz5aSV%2FWVnOC38tluMSb3M%2FfpbcDRQG%2FKSlxcG1%2BVxS6Cc55j3HPNGIB%2BjZQ%2FEhIHD22mvzb%2BULqGTDw4uhC"}],"group":"cf-nel","max_age":604800}', 'NEL': '{"success_fraction":0,"report_to":"cf-nel","max_age":604800}', 'Server': 'cloudflare', 'CF-RAY': '871ac3374f9496de-SJC', 'alt-svc': 'h3=":443"; ma=86400'} 
 body={"results":[{"gender":"female","name":{"title":"Ms","first":"Coline","last":"Morin"},"location":{"street":{"number":4285,"name":"Avenue Jean-Jaurès"},"city":"Vitry-sur-Seine","state":"Loiret","country":"France","postcode":37976,"coordinates":{"latitude":"-21.4174","longitude":"179.5971"},"timezone":{"offset":"0:00","description":"Western Europe Time, London, Lisbon, Casablanca"}},"email":"coline.morin@example.com","login":{"uuid":"3be761f9-4941-4f5f-828d-426d2477543d","username":"smallfish265","password":"lips","salt":"Msg0u7Ij","md5":"5b1c5bf186b97d92e7e680ff25afb12b","sha1":"14f9c0da0a8139411e5098ba4cbb482f7ba9ad85","sha256":"4ef49ad48fdee9bc3c9c047e64f4611b85838b68a8d5ce5e6fa2da1f1db7f790"},"dob":{"date":"1967-12-05T20:04:39.423Z","age":56},"registered":{"date":"2019-07-12T12:44:28.825Z","age":4},"phone":"02-44-32-28-67","cell":"06-66-20-83-33","id":{"name":"INSEE","value":"2671179232633 65"},"picture":{"large":"https://randomuser.me/api/portraits/women/17.jpg","medium":"https://randomuser.me/api/portraits/med/women/17.jpg","thumbnail":"https://randomuser.me/api/portraits/thumb/women/17.jpg"},"nat":"FR"}],"info":{"seed":"e25523f7eaa3719d","results":1,"page":1,"version":"1.4"}} 
 </msg>
<msg time="2024-04-09T13:14:51.501514" level="INFO">/opt/hostedtoolcache/Python/3.12.2/x64/lib/python3.12/site-packages/urllib3/connectionpool.py:1103: InsecureRequestWarning: Unverified HTTPS request is being made to host 'randomuser.me'. Adding certificate verification is strongly advised. See: https://urllib3.readthedocs.io/en/latest/advanced-usage.html#tls-warnings
  warnings.warn(</msg>
<msg time="2024-04-09T13:14:51.501613" level="INFO">${response} = &lt;Response [200]&gt;</msg>
<var>${response}</var>
<arg>consultarAPI</arg>
<arg>/api</arg>
<doc>Sends a GET request on a previously created HTTP Session.</doc>
<status status="PASS" start="2024-04-09T13:14:51.402072" elapsed="0.099582"/>
</kw>
<kw name="Set Variable" owner="BuiltIn">
<msg time="2024-04-09T13:14:51.502893" level="INFO">${json_data} = {'results': [{'gender': 'female', 'name': {'title': 'Ms', 'first': 'Coline', 'last': 'Morin'}, 'location': {'street': {'number': 4285, 'name': 'Avenue Jean-Jaurès'}, 'city': 'Vitry-sur-Seine', 'state'...</msg>
<var>${json_data}</var>
<arg>${response.json()}</arg>
<doc>Returns the given values which can then be assigned to a variables.</doc>
<status status="PASS" start="2024-04-09T13:14:51.502244" elapsed="0.000679"/>
</kw>
<kw name="Log" owner="BuiltIn">
<msg time="2024-04-09T13:14:51.503405" level="INFO">{'results': [{'gender': 'female', 'name': {'title': 'Ms', 'first': 'Coline', 'last': 'Morin'}, 'location': {'street': {'number': 4285, 'name': 'Avenue Jean-Jaurès'}, 'city': 'Vitry-sur-Seine', 'state': 'Loiret', 'country': 'France', 'postcode': 37976, 'coordinates': {'latitude': '-21.4174', 'longitude': '179.5971'}, 'timezone': {'offset': '0:00', 'description': 'Western Europe Time, London, Lisbon, Casablanca'}}, 'email': 'coline.morin@example.com', 'login': {'uuid': '3be761f9-4941-4f5f-828d-426d2477543d', 'username': 'smallfish265', 'password': 'lips', 'salt': 'Msg0u7Ij', 'md5': '5b1c5bf186b97d92e7e680ff25afb12b', 'sha1': '14f9c0da0a8139411e5098ba4cbb482f7ba9ad85', 'sha256': '4ef49ad48fdee9bc3c9c047e64f4611b85838b68a8d5ce5e6fa2da1f1db7f790'}, 'dob': {'date': '1967-12-05T20:04:39.423Z', 'age': 56}, 'registered': {'date': '2019-07-12T12:44:28.825Z', 'age': 4}, 'phone': '02-44-32-28-67', 'cell': '06-66-20-83-33', 'id': {'name': 'INSEE', 'value': '2671179232633 65'}, 'picture': {'large': 'https://randomuser.me/api/portraits/women/17.jpg', 'medium': 'https://randomuser.me/api/portraits/med/women/17.jpg', 'thumbnail': 'https://randomuser.me/api/portraits/thumb/women/17.jpg'}, 'nat': 'FR'}], 'info': {'seed': 'e25523f7eaa3719d', 'results': 1, 'page': 1, 'version': '1.4'}}</msg>
<arg>${json_data}</arg>
<doc>Logs the given message with the given level.</doc>
<status status="PASS" start="2024-04-09T13:14:51.503239" elapsed="0.000217"/>
</kw>
<kw name="Should Be Equal As Numbers" owner="BuiltIn">
<arg>${json_data['results'][0]['location']['postcode']}</arg>
<arg>${json_data['results'][0]['location']['postcode']}</arg>
<doc>Fails if objects are unequal after converting them to real numbers.</doc>
<status status="PASS" start="2024-04-09T13:14:51.503789" elapsed="0.000685"/>
</kw>
<kw name="Log" owner="BuiltIn">
<msg time="2024-04-09T13:14:51.505010" level="INFO">37976</msg>
<arg>${json_data['results'][0]['location']['postcode']}</arg>
<doc>Logs the given message with the given level.</doc>
<status status="PASS" start="2024-04-09T13:14:51.504671" elapsed="0.000380"/>
</kw>
<status status="PASS" start="2024-04-09T13:14:51.401827" elapsed="0.103483"/>
</kw>
<doc>Testa se os tipos de dados na resposta da API estão corretos.</doc>
<tag>testeTiposDados</tag>
<status status="PASS" start="2024-04-09T13:14:51.267284" elapsed="0.238196"/>
</test>
<test id="s1-s1-t5" name="Validar conteudo" line="35">
<kw name="Teste de Tipos de Conteudo" owner="random-user-service">
<kw name="GET On Session" owner="RequestsLibrary">
<msg time="2024-04-09T13:14:51.609384" level="INFO">GET Request : url=https://randomuser.me/api 
 path_url=/api 
 headers={'User-Agent': 'python-requests/2.31.0', 'Accept-Encoding': 'gzip, deflate', 'Accept': '*/*', 'Connection': 'keep-alive'} 
 body=None 
 </msg>
<msg time="2024-04-09T13:14:51.609469" level="INFO">GET Response : url=https://randomuser.me/api 
 status=200, reason=OK 
 headers={'Date': 'Tue, 09 Apr 2024 13:14:51 GMT', 'Content-Type': 'application/json; charset=utf-8', 'Transfer-Encoding': 'chunked', 'Connection': 'keep-alive', 'X-Powered-By': 'Express', 'Access-Control-Allow-Origin': '*', 'Cache-Control': 'no-cache', 'ETag': 'W/"47a-8mdD5SdDkhFYJD8nbLULSpUDU4s"', 'Vary': 'Accept-Encoding', 'Content-Encoding': 'gzip', 'CF-Cache-Status': 'DYNAMIC', 'Report-To': '{"endpoints":[{"url":"https:\\/\\/a.nel.cloudflare.com\\/report\\/v4?s=0xSdWlWbzysXOmRi3yUeHpZO2wFd2%2BZrKfNFMuLArmqE81RzkGqrAErfZrTYX1AvPEHYLQiVYUtdjUKFzIFg%2FSTGkaOp0L6Cg%2BKDP8ks3LQRJHivqdO31KBvovXgLoXW"}],"group":"cf-nel","max_age":604800}', 'NEL': '{"success_fraction":0,"report_to":"cf-nel","max_age":604800}', 'Server': 'cloudflare', 'CF-RAY': '871ac337ffee96de-SJC', 'alt-svc': 'h3=":443"; ma=86400'} 
 body={"results":[{"gender":"male","name":{"title":"Mr","first":"Steven","last":"Thompson"},"location":{"street":{"number":860,"name":"Woodland St"},"city":"Launceston","state":"New South Wales","country":"Australia","postcode":9707,"coordinates":{"latitude":"-82.3396","longitude":"-89.5186"},"timezone":{"offset":"+4:30","description":"Kabul"}},"email":"steven.thompson@example.com","login":{"uuid":"eea1f821-03f2-4753-ac0a-3c8e03618817","username":"angryostrich286","password":"showme","salt":"cn8kEwoz","md5":"e2a469774c2530a53a7fb823f959a6ef","sha1":"6107c34f668fffd888daee93319afc2a6dd9ba36","sha256":"aa0f52ac3bec8480e735cbc55ddd58f003f1ce4f0673a72fc7156cec75e216e0"},"dob":{"date":"1988-04-19T02:30:13.056Z","age":35},"registered":{"date":"2013-01-11T05:34:43.196Z","age":11},"phone":"00-2305-5045","cell":"0404-459-671","id":{"name":"TFN","value":"430624625"},"picture":{"large":"https://randomuser.me/api/portraits/men/89.jpg","medium":"https://randomuser.me/api/portraits/med/men/89.jpg","thumbnail":"https://randomuser.me/api/portraits/thumb/men/89.jpg"},"nat":"AU"}],"info":{"seed":"4ab52cbe822188fd","results":1,"page":1,"version":"1.4"}} 
 </msg>
<msg time="2024-04-09T13:14:51.609549" level="INFO">/opt/hostedtoolcache/Python/3.12.2/x64/lib/python3.12/site-packages/urllib3/connectionpool.py:1103: InsecureRequestWarning: Unverified HTTPS request is being made to host 'randomuser.me'. Adding certificate verification is strongly advised. See: https://urllib3.readthedocs.io/en/latest/advanced-usage.html#tls-warnings
  warnings.warn(</msg>
<msg time="2024-04-09T13:14:51.609669" level="INFO">${response} = &lt;Response [200]&gt;</msg>
<var>${response}</var>
<arg>consultarAPI</arg>
<arg>/api</arg>
<doc>Sends a GET request on a previously created HTTP Session.</doc>
<status status="PASS" start="2024-04-09T13:14:51.508797" elapsed="0.100926"/>
</kw>
<kw name="Set Variable" owner="BuiltIn">
<msg time="2024-04-09T13:14:51.611107" level="INFO">${json_data} = {'results': [{'gender': 'male', 'name': {'title': 'Mr', 'first': 'Steven', 'last': 'Thompson'}, 'location': {'street': {'number': 860, 'name': 'Woodland St'}, 'city': 'Launceston', 'state': 'New South...</msg>
<var>${json_data}</var>
<arg>${response.json()}</arg>
<doc>Returns the given values which can then be assigned to a variables.</doc>
<status status="PASS" start="2024-04-09T13:14:51.610407" elapsed="0.000729"/>
</kw>
<kw name="Set Variable" owner="BuiltIn">
<msg time="2024-04-09T13:14:51.611850" level="INFO">${name_title} = Mr</msg>
<var>${name_title}</var>
<arg>${json_data["results"][0]["name"]["title"]}</arg>
<doc>Returns the given values which can then be assigned to a variables.</doc>
<status status="PASS" start="2024-04-09T13:14:51.611452" elapsed="0.000424"/>
</kw>
<kw name="Create List" owner="BuiltIn">
<msg time="2024-04-09T13:14:51.612382" level="INFO">${allowed_titles} = ['Mr', 'Ms', 'Miss', 'Mrs', 'Madame', 'Monsieur']</msg>
<var>${allowed_titles}</var>
<arg>Mr</arg>
<arg>Ms</arg>
<arg>Miss</arg>
<arg>Mrs</arg>
<arg>Madame</arg>
<arg>Monsieur</arg>
<doc>Returns a list containing given items.</doc>
<status status="PASS" start="2024-04-09T13:14:51.612219" elapsed="0.000188"/>
</kw>
<kw name="List Should Contain Value" owner="Collections">
<msg time="2024-04-09T13:14:51.612904" level="INFO">False</msg>
<arg>${allowed_titles}</arg>
<arg>${name_title}</arg>
<doc>Fails if the ``value`` is not found from ``list``.</doc>
<status status="PASS" start="2024-04-09T13:14:51.612717" elapsed="0.000226"/>
</kw>
<kw name="Set Variable" owner="BuiltIn">
<msg time="2024-04-09T13:14:51.613632" level="INFO">${name_country} = AU</msg>
<var>${name_country}</var>
<arg>${json_data["results"][0]["nat"]}</arg>
<doc>Returns the given values which can then be assigned to a variables.</doc>
<status status="PASS" start="2024-04-09T13:14:51.613242" elapsed="0.000415"/>
</kw>
<kw name="Create List" owner="BuiltIn">
<msg time="2024-04-09T13:14:51.614570" level="INFO">${list_country} = ['AD', 'AE', 'AF', 'AG', 'AI', 'AL', 'AM', 'AO', 'AQ', 'AR', 'AS', 'AT', 'AU', 'AW', 'AX', 'AZ', 'BA', 'BB', 'BD', 'BE', 'BF', 'BG', 'BH', 'BI', 'BJ', 'BL', 'BM', 'BN', 'BO', 'BQ', 'BR', 'BS', 'BT', '...</msg>
<var>${list_country}</var>
<arg>AD</arg>
<arg>AE</arg>
<arg>AF</arg>
<arg>AG</arg>
<arg>AI</arg>
<arg>AL</arg>
<arg>AM</arg>
<arg>AO</arg>
<arg>AQ</arg>
<arg>AR</arg>
<arg>AS</arg>
<arg>AT</arg>
<arg>AU</arg>
<arg>AW</arg>
<arg>AX</arg>
<arg>AZ</arg>
<arg>BA</arg>
<arg>BB</arg>
<arg>BD</arg>
<arg>BE</arg>
<arg>BF</arg>
<arg>BG</arg>
<arg>BH</arg>
<arg>BI</arg>
<arg>BJ</arg>
<arg>BL</arg>
<arg>BM</arg>
<arg>BN</arg>
<arg>BO</arg>
<arg>BQ</arg>
<arg>BR</arg>
<arg>BS</arg>
<arg>BT</arg>
<arg>BV</arg>
<arg>BW</arg>
<arg>BY</arg>
<arg>BZ</arg>
<arg>CA</arg>
<arg>CC</arg>
<arg>CD</arg>
<arg>CF</arg>
<arg>CG</arg>
<arg>CH</arg>
<arg>CI</arg>
<arg>CK</arg>
<arg>CL</arg>
<arg>CM</arg>
<arg>CN</arg>
<arg>CO</arg>
<arg>CR</arg>
<arg>CU</arg>
<arg>CV</arg>
<arg>CW</arg>
<arg>CX</arg>
<arg>CY</arg>
<arg>CZ</arg>
<arg>DE</arg>
<arg>DJ</arg>
<arg>DK</arg>
<arg>DM</arg>
<arg>DO</arg>
<arg>DZ</arg>
<arg>EC</arg>
<arg>EE</arg>
<arg>EG</arg>
<arg>EH</arg>
<arg>ER</arg>
<arg>ES</arg>
<arg>ET</arg>
<arg>FI</arg>
<arg>FJ</arg>
<arg>FK</arg>
<arg>FM</arg>
<arg>FO</arg>
<arg>FR</arg>
<arg>GA</arg>
<arg>GB</arg>
<arg>GD</arg>
<arg>GE</arg>
<arg>GF</arg>
<arg>GG</arg>
<arg>GH</arg>
<arg>GI</arg>
<arg>GL</arg>
<arg>GM</arg>
<arg>GN</arg>
<arg>GP</arg>
<arg>GQ</arg>
<arg>GR</arg>
<arg>GS</arg>
<arg>GT</arg>
<arg>GU</arg>
<arg>GW</arg>
<arg>GY</arg>
<arg>HK</arg>
<arg>HM</arg>
<arg>HN</arg>
<arg>HR</arg>
<arg>HT</arg>
<arg>HU</arg>
<arg>ID</arg>
<arg>IE</arg>
<arg>IL</arg>
<arg>IM</arg>
<arg>IN</arg>
<arg>IO</arg>
<arg>IQ</arg>
<arg>IR</arg>
<arg>IS</arg>
<arg>IT</arg>
<arg>JE</arg>
<arg>JM</arg>
<arg>JO</arg>
<arg>JP</arg>
<arg>KE</arg>
<arg>KG</arg>
<arg>KH</arg>
<arg>KI</arg>
<arg>KM</arg>
<arg>KN</arg>
<arg>KP</arg>
<arg>KR</arg>
<arg>KW</arg>
<arg>KY</arg>
<arg>KZ</arg>
<arg>LA</arg>
<arg>LB</arg>
<arg>LC</arg>
<arg>LI</arg>
<arg>LK</arg>
<arg>LR</arg>
<arg>LS</arg>
<arg>LT</arg>
<arg>LU</arg>
<arg>LV</arg>
<arg>LY</arg>
<arg>MA</arg>
<arg>MC</arg>
<arg>MD</arg>
<arg>ME</arg>
<arg>MF</arg>
<arg>MG</arg>
<arg>MH</arg>
<arg>MK</arg>
<arg>ML</arg>
<arg>MM</arg>
<arg>MN</arg>
<arg>MO</arg>
<arg>MP</arg>
<arg>MQ</arg>
<arg>MR</arg>
<arg>MS</arg>
<arg>MT</arg>
<arg>MU</arg>
<arg>MV</arg>
<arg>MW</arg>
<arg>MX</arg>
<arg>MY</arg>
<arg>MZ</arg>
<arg>NA</arg>
<arg>NC</arg>
<arg>NE</arg>
<arg>NF</arg>
<arg>NG</arg>
<arg>NI</arg>
<arg>NL</arg>
<arg>NO</arg>
<arg>NP</arg>
<arg>NR</arg>
<arg>NU</arg>
<arg>NZ</arg>
<arg>OM</arg>
<arg>PA</arg>
<arg>PE</arg>
<arg>PF</arg>
<arg>PG</arg>
<arg>PH</arg>
<arg>PK</arg>
<arg>PL</arg>
<arg>PM</arg>
<arg>PN</arg>
<arg>PR</arg>
<arg>PS</arg>
<arg>PT</arg>
<arg>PW</arg>
<arg>PY</arg>
<arg>QA</arg>
<arg>RE</arg>
<arg>RO</arg>
<arg>RS</arg>
<arg>RU</arg>
<arg>RW</arg>
<arg>SA</arg>
<arg>SB</arg>
<arg>SC</arg>
<arg>SD</arg>
<arg>SE</arg>
<arg>SG</arg>
<arg>SH</arg>
<arg>SI</arg>
<arg>SJ</arg>
<arg>SK</arg>
<arg>SL</arg>
<arg>SM</arg>
<arg>SN</arg>
<arg>SO</arg>
<arg>SR</arg>
<arg>SS</arg>
<arg>ST</arg>
<arg>SV</arg>
<arg>SX</arg>
<arg>SY</arg>
<arg>SZ</arg>
<arg>TC</arg>
<arg>TD</arg>
<arg>TF</arg>
<arg>TG</arg>
<arg>TH</arg>
<arg>TJ</arg>
<arg>TK</arg>
<arg>TL</arg>
<arg>TM</arg>
<arg>TN</arg>
<arg>TO</arg>
<arg>TR</arg>
<arg>TT</arg>
<arg>TV</arg>
<arg>TW</arg>
<arg>TZ</arg>
<arg>UA</arg>
<arg>UG</arg>
<arg>UM</arg>
<arg>US</arg>
<arg>UY</arg>
<arg>UZ</arg>
<arg>VA</arg>
<arg>VC</arg>
<arg>VE</arg>
<arg>VG</arg>
<arg>VI</arg>
<arg>VN</arg>
<arg>VU</arg>
<arg>WF</arg>
<arg>WS</arg>
<arg>XK</arg>
<arg>YE</arg>
<arg>YT</arg>
<arg>ZA</arg>
<arg>ZM</arg>
<arg>ZW</arg>
<doc>Returns a list containing given items.</doc>
<status status="PASS" start="2024-04-09T13:14:51.613968" elapsed="0.000628"/>
</kw>
<kw name="List Should Contain Value" owner="Collections">
<msg time="2024-04-09T13:14:51.615585" level="INFO">False</msg>
<arg>${list_country}</arg>
<arg>${name_country}</arg>
<doc>Fails if the ``value`` is not found from ``list``.</doc>
<status status="PASS" start="2024-04-09T13:14:51.615385" elapsed="0.000237"/>
</kw>
<kw name="Run Keyword If" owner="BuiltIn">
<kw name="Should Be True" owner="BuiltIn">
<arg>${True}</arg>
<doc>Fails if the given condition is not true.</doc>
<status status="PASS" start="2024-04-09T13:14:51.616825" elapsed="0.000148"/>
</kw>
<arg>${json_data["results"][0]["location"]["coordinates"]["latitude"]} &gt;= -90 and ${json_data["results"][0]["location"]["coordinates"]["latitude"]} &lt;= 90</arg>
<arg>Should Be True</arg>
<arg>${True}</arg>
<doc>Runs the given keyword with the given arguments, if ``condition`` is true.</doc>
<status status="PASS" start="2024-04-09T13:14:51.615933" elapsed="0.001171"/>
</kw>
<kw name="Run Keyword If" owner="BuiltIn">
<kw name="Should Be True" owner="BuiltIn">
<arg>${True}</arg>
<doc>Fails if the given condition is not true.</doc>
<status status="PASS" start="2024-04-09T13:14:51.617992" elapsed="0.000139"/>
</kw>
<arg>${json_data["results"][0]["location"]["coordinates"]["longitude"]} &gt;= -180 and ${json_data["results"][0]["location"]["coordinates"]["longitude"]} &lt;= 180</arg>
<arg>Should Be True</arg>
<arg>${True}</arg>
<doc>Runs the given keyword with the given arguments, if ``condition`` is true.</doc>
<status status="PASS" start="2024-04-09T13:14:51.617294" elapsed="0.000964"/>
</kw>
<status status="PASS" start="2024-04-09T13:14:51.508415" elapsed="0.109975"/>
</kw>
<doc>Testa o conteúdo específico dos campos retornados pela API.</doc>
<tag>testeConteudo</tag>
<status status="PASS" start="2024-04-09T13:14:51.507661" elapsed="0.110879"/>
</test>
<status status="PASS" start="2024-04-09T13:14:50.687918" elapsed="0.932575"/>
</suite>
<status status="PASS" start="2024-04-09T13:14:50.674296" elapsed="0.951576"/>
</suite>
<statistics>
<total>
<stat pass="5" fail="0" skip="0">All Tests</stat>
</total>
<tag>
<stat pass="1" fail="0" skip="0">testeConteudo</stat>
<stat pass="1" fail="0" skip="0">testeEstruturaResposta</stat>
<stat pass="1" fail="0" skip="0">testeRequisicaoBasica</stat>
<stat pass="1" fail="0" skip="0">testeTiposDados</stat>
</tag>
<suite>
<stat pass="5" fail="0" skip="0" id="s1" name="Tests">Tests</stat>
<stat pass="5" fail="0" skip="0" id="s1-s1" name="Random-User-Test">Tests.Random-User-Test</stat>
</suite>
</statistics>
<errors>
</errors>
</robot>
