<?xml version="1.0" encoding="UTF-8"?>
<robot generator="Robot 7.0 (Python 3.12.3 on linux)" generated="2024-05-05T15:15:09.277320" rpa="false" schemaversion="5">
<suite id="s1" name="Tests" source="/home/runner/work/DesafioQAItauRogerioJordao/DesafioQAItauRogerioJordao/RamdonUser/tests">
<suite id="s1-s1" name="Random-User-Test" source="/home/runner/work/DesafioQAItauRogerioJordao/DesafioQAItauRogerioJordao/RamdonUser/tests/random-user-test.robot">
<test id="s1-s1-t1" name="Conectar" line="13">
<kw name="Conectar API" owner="random-user-service">
<kw name="Create Session" owner="RequestsLibrary">
<msg time="2024-05-05T15:15:09.633475" level="INFO">Creating Session using : alias=consultarAPI, url=https://randomuser.me/, headers={},                     cookies={}, auth=None, timeout=None, proxies=None, verify=False,                     debug=0 </msg>
<arg>consultarAPI</arg>
<arg>${URL}</arg>
<doc>Create Session: create a HTTP session to a server</doc>
<status status="PASS" start="2024-05-05T15:15:09.633248" elapsed="0.000403"/>
</kw>
<status status="PASS" start="2024-05-05T15:15:09.632318" elapsed="0.001675"/>
</kw>
<status status="PASS" start="2024-05-05T15:15:09.631815" elapsed="0.002367"/>
</test>
<test id="s1-s1-t2" name="Validar retorno 200 e JSON Válido" line="16">
<kw name="Teste de Requisicao Basica" owner="random-user-service">
<kw name="GET On Session" owner="RequestsLibrary">
<msg time="2024-05-05T15:15:09.733919" level="INFO">GET Request : url=https://randomuser.me/api 
 path_url=/api 
 headers={'User-Agent': 'python-requests/2.31.0', 'Accept-Encoding': 'gzip, deflate', 'Accept': '*/*', 'Connection': 'keep-alive'} 
 body=None 
 </msg>
<msg time="2024-05-05T15:15:09.734064" level="INFO">GET Response : url=https://randomuser.me/api 
 status=200, reason=OK 
 headers={'Date': 'Sun, 05 May 2024 15:15:09 GMT', 'Content-Type': 'application/json; charset=utf-8', 'Transfer-Encoding': 'chunked', 'Connection': 'keep-alive', 'X-Powered-By': 'Express', 'Access-Control-Allow-Origin': '*', 'Cache-Control': 'no-cache', 'ETag': 'W/"480-y5wf8OXxE5RapSZG70K10Kfk7rA"', 'Vary': 'Accept-Encoding', 'Content-Encoding': 'gzip', 'CF-Cache-Status': 'DYNAMIC', 'Report-To': '{"endpoints":[{"url":"https:\\/\\/a.nel.cloudflare.com\\/report\\/v4?s=NkQWpAoMBcAtqRbST%2BMoCCa3YJPV6JfxlWHxyZ3HvYG9WQo5fd6AxvY3s7OUNEKSCTsqpbuOcYrGwCk%2BRwYdU9R6GJ7kBuEJi84RvZpdnyN7bKZG%2Fd%2Ba%2FiQNAC3Q9G7S"}],"group":"cf-nel","max_age":604800}', 'NEL': '{"success_fraction":0,"report_to":"cf-nel","max_age":604800}', 'Server': 'cloudflare', 'CF-RAY': '87f1af3188ea2970-ORD', 'alt-svc': 'h3=":443"; ma=86400'} 
 body={"results":[{"gender":"male","name":{"title":"Mr","first":"Hvala","last":"Znosko-Borovskiy"},"location":{"street":{"number":7832,"name":"Hlibniy provulok"},"city":"Vorozhba","state":"Zaporizka","country":"Ukraine","postcode":34156,"coordinates":{"latitude":"80.4744","longitude":"-46.4775"},"timezone":{"offset":"+5:45","description":"Kathmandu"}},"email":"hvala.znosko-borovskiy@example.com","login":{"uuid":"e5cce344-973d-4b48-a7ac-f48a428b1680","username":"redrabbit977","password":"january","salt":"JDn1TsIi","md5":"330bdf94c75bc9cd4a08ff9ef4c20e89","sha1":"7f22b177fd267737ad84148fba1869655695ee31","sha256":"49d4a808348c97dfd8685e493e84f33289c335cb9ace0c5be9a15af23ff895fa"},"dob":{"date":"1960-10-31T08:02:13.661Z","age":63},"registered":{"date":"2013-07-18T03:51:44.087Z","age":10},"phone":"(067) E57-1450","cell":"(068) P03-8341","id":{"name":"","value":null},"picture":{"large":"https://randomuser.me/api/portraits/men/68.jpg","medium":"https://randomuser.me/api/portraits/med/men/68.jpg","thumbnail":"https://randomuser.me/api/portraits/thumb/men/68.jpg"},"nat":"UA"}],"info":{"seed":"81f5109959e12554","results":1,"page":1,"version":"1.4"}} 
 </msg>
<msg time="2024-05-05T15:15:09.734157" level="INFO">/opt/hostedtoolcache/Python/3.12.3/x64/lib/python3.12/site-packages/urllib3/connectionpool.py:1103: InsecureRequestWarning: Unverified HTTPS request is being made to host 'randomuser.me'. Adding certificate verification is strongly advised. See: https://urllib3.readthedocs.io/en/latest/advanced-usage.html#tls-warnings
  warnings.warn(</msg>
<msg time="2024-05-05T15:15:09.734325" level="INFO">${response} = &lt;Response [200]&gt;</msg>
<var>${response}</var>
<arg>consultarAPI</arg>
<arg>/api</arg>
<doc>Sends a GET request on a previously created HTTP Session.</doc>
<status status="PASS" start="2024-05-05T15:15:09.636751" elapsed="0.097620"/>
</kw>
<kw name="Should Be Equal As Numbers" owner="BuiltIn">
<msg time="2024-05-05T15:15:09.735244" level="INFO">Argument types are:
&lt;class 'int'&gt;
&lt;class 'str'&gt;</msg>
<arg>${response.status_code}</arg>
<arg>200</arg>
<doc>Fails if objects are unequal after converting them to real numbers.</doc>
<status status="PASS" start="2024-05-05T15:15:09.734810" elapsed="0.000498"/>
</kw>
<kw name="Log" owner="BuiltIn">
<msg time="2024-05-05T15:15:09.735994" level="INFO">200</msg>
<arg>${response.status_code}</arg>
<doc>Logs the given message with the given level.</doc>
<status status="PASS" start="2024-05-05T15:15:09.735636" elapsed="0.000408"/>
</kw>
<kw name="Set Variable" owner="BuiltIn">
<msg time="2024-05-05T15:15:09.736792" level="INFO">${json_data} = {'results': [{'gender': 'male', 'name': {'title': 'Mr', 'first': 'Hvala', 'last': 'Znosko-Borovskiy'}, 'location': {'street': {'number': 7832, 'name': 'Hlibniy provulok'}, 'city': 'Vorozhba', 'state':...</msg>
<var>${json_data}</var>
<arg>${response.json()}</arg>
<doc>Returns the given values which can then be assigned to a variables.</doc>
<status status="PASS" start="2024-05-05T15:15:09.736350" elapsed="0.000470"/>
</kw>
<kw name="Dictionary Should Contain Key" owner="Collections">
<msg time="2024-05-05T15:15:09.737281" level="INFO">False</msg>
<arg>${json_data}</arg>
<arg>results</arg>
<doc>Fails if ``key`` is not found from ``dictionary``.</doc>
<status status="PASS" start="2024-05-05T15:15:09.737119" elapsed="0.000201"/>
</kw>
<status status="PASS" start="2024-05-05T15:15:09.636515" elapsed="0.101104"/>
</kw>
<doc>Testa se a API responde corretamente e retorna um objeto JSON válido.</doc>
<tag>testeRequisicaoBasica</tag>
<status status="PASS" start="2024-05-05T15:15:09.636059" elapsed="0.101739"/>
</test>
<test id="s1-s1-t3" name="Validar estrutura de resposta" line="22">
<kw name="Teste de Estrutura de Resposta" owner="random-user-service">
<kw name="GET On Session" owner="RequestsLibrary">
<msg time="2024-05-05T15:15:09.889647" level="INFO">GET Request : url=https://randomuser.me/api 
 path_url=/api 
 headers={'User-Agent': 'python-requests/2.31.0', 'Accept-Encoding': 'gzip, deflate', 'Accept': '*/*', 'Connection': 'keep-alive'} 
 body=None 
 </msg>
<msg time="2024-05-05T15:15:09.889736" level="INFO">GET Response : url=https://randomuser.me/api 
 status=200, reason=OK 
 headers={'Date': 'Sun, 05 May 2024 15:15:09 GMT', 'Content-Type': 'application/json; charset=utf-8', 'Transfer-Encoding': 'chunked', 'Connection': 'keep-alive', 'X-Powered-By': 'Express', 'Access-Control-Allow-Origin': '*', 'Cache-Control': 'no-cache', 'ETag': 'W/"49f-2vAq3pBCVUcOm9kntQuUSRFf1qo"', 'Vary': 'Accept-Encoding', 'Content-Encoding': 'gzip', 'CF-Cache-Status': 'DYNAMIC', 'Report-To': '{"endpoints":[{"url":"https:\\/\\/a.nel.cloudflare.com\\/report\\/v4?s=IbNMnU%2F4lOKS8tigXm4OBizjdJiK8hnWqI6oz0QZveUmGNyVi9UcQPC4zD0nmRO7pW713RqNBhuSle2hcdfgbkv%2F4OjfYmvAy%2FObvdgf2ExW0LtPDDdrKfjjUWutxmg7"}],"group":"cf-nel","max_age":604800}', 'NEL': '{"success_fraction":0,"report_to":"cf-nel","max_age":604800}', 'Server': 'cloudflare', 'CF-RAY': '87f1af31e9622970-ORD', 'alt-svc': 'h3=":443"; ma=86400'} 
 body={"results":[{"gender":"female","name":{"title":"Mrs","first":"Sherri","last":"King"},"location":{"street":{"number":5804,"name":"Northaven Rd"},"city":"Grand Prairie","state":"Texas","country":"United States","postcode":32907,"coordinates":{"latitude":"85.1476","longitude":"59.7106"},"timezone":{"offset":"+11:00","description":"Magadan, Solomon Islands, New Caledonia"}},"email":"sherri.king@example.com","login":{"uuid":"d76f985d-4bb6-4317-9392-fe2c7b6724f9","username":"blackzebra943","password":"mozart","salt":"SUAneEgo","md5":"ce9dd05a1fd69c015d7b41242ff3b1ce","sha1":"373dfed38fefb6fbdd4401214a320f5a7ef48592","sha256":"51b3184fcd2e93308ecca58347c4ec0f2f1b785405a7d076adbb1b9e572075d4"},"dob":{"date":"1952-08-14T23:53:11.764Z","age":71},"registered":{"date":"2017-10-25T14:50:59.125Z","age":6},"phone":"(734) 339-5995","cell":"(850) 243-3120","id":{"name":"SSN","value":"496-57-0103"},"picture":{"large":"https://randomuser.me/api/portraits/women/42.jpg","medium":"https://randomuser.me/api/portraits/med/women/42.jpg","thumbnail":"https://randomuser.me/api/portraits/thumb/women/42.jpg"},"nat":"US"}],"info":{"seed":"9b45a1a5501b74d1","results":1,"page":1,"version":"1.4"}} 
 </msg>
<msg time="2024-05-05T15:15:09.889860" level="INFO">/opt/hostedtoolcache/Python/3.12.3/x64/lib/python3.12/site-packages/urllib3/connectionpool.py:1103: InsecureRequestWarning: Unverified HTTPS request is being made to host 'randomuser.me'. Adding certificate verification is strongly advised. See: https://urllib3.readthedocs.io/en/latest/advanced-usage.html#tls-warnings
  warnings.warn(</msg>
<msg time="2024-05-05T15:15:09.889998" level="INFO">${response} = &lt;Response [200]&gt;</msg>
<var>${response}</var>
<arg>consultarAPI</arg>
<arg>/api</arg>
<doc>Sends a GET request on a previously created HTTP Session.</doc>
<status status="PASS" start="2024-05-05T15:15:09.740385" elapsed="0.149655"/>
</kw>
<kw name="Set Variable" owner="BuiltIn">
<msg time="2024-05-05T15:15:09.891003" level="INFO">${json_data} = {'results': [{'gender': 'female', 'name': {'title': 'Mrs', 'first': 'Sherri', 'last': 'King'}, 'location': {'street': {'number': 5804, 'name': 'Northaven Rd'}, 'city': 'Grand Prairie', 'state': 'Texas...</msg>
<var>${json_data}</var>
<arg>${response.json()}</arg>
<doc>Returns the given values which can then be assigned to a variables.</doc>
<status status="PASS" start="2024-05-05T15:15:09.890486" elapsed="0.000545"/>
</kw>
<kw name="Log" owner="BuiltIn">
<msg time="2024-05-05T15:15:09.891502" level="INFO">{'results': [{'gender': 'female', 'name': {'title': 'Mrs', 'first': 'Sherri', 'last': 'King'}, 'location': {'street': {'number': 5804, 'name': 'Northaven Rd'}, 'city': 'Grand Prairie', 'state': 'Texas', 'country': 'United States', 'postcode': 32907, 'coordinates': {'latitude': '85.1476', 'longitude': '59.7106'}, 'timezone': {'offset': '+11:00', 'description': 'Magadan, Solomon Islands, New Caledonia'}}, 'email': 'sherri.king@example.com', 'login': {'uuid': 'd76f985d-4bb6-4317-9392-fe2c7b6724f9', 'username': 'blackzebra943', 'password': 'mozart', 'salt': 'SUAneEgo', 'md5': 'ce9dd05a1fd69c015d7b41242ff3b1ce', 'sha1': '373dfed38fefb6fbdd4401214a320f5a7ef48592', 'sha256': '51b3184fcd2e93308ecca58347c4ec0f2f1b785405a7d076adbb1b9e572075d4'}, 'dob': {'date': '1952-08-14T23:53:11.764Z', 'age': 71}, 'registered': {'date': '2017-10-25T14:50:59.125Z', 'age': 6}, 'phone': '(734) 339-5995', 'cell': '(850) 243-3120', 'id': {'name': 'SSN', 'value': '496-57-0103'}, 'picture': {'large': 'https://randomuser.me/api/portraits/women/42.jpg', 'medium': 'https://randomuser.me/api/portraits/med/women/42.jpg', 'thumbnail': 'https://randomuser.me/api/portraits/thumb/women/42.jpg'}, 'nat': 'US'}], 'info': {'seed': '9b45a1a5501b74d1', 'results': 1, 'page': 1, 'version': '1.4'}}</msg>
<arg>${json_data}</arg>
<doc>Logs the given message with the given level.</doc>
<status status="PASS" start="2024-05-05T15:15:09.891339" elapsed="0.000213"/>
</kw>
<kw name="Dictionary Should Contain Key" owner="Collections">
<msg time="2024-05-05T15:15:09.892006" level="INFO">False</msg>
<arg>${json_data}</arg>
<arg>results</arg>
<doc>Fails if ``key`` is not found from ``dictionary``.</doc>
<status status="PASS" start="2024-05-05T15:15:09.891848" elapsed="0.000196"/>
</kw>
<kw name="Should Not Be Empty" owner="BuiltIn">
<msg time="2024-05-05T15:15:09.892463" level="INFO">Length is 2.</msg>
<arg>${json_data}</arg>
<doc>Verifies that the given item is not empty.</doc>
<status status="PASS" start="2024-05-05T15:15:09.892336" elapsed="0.000165"/>
</kw>
<kw name="Create List" owner="BuiltIn">
<msg time="2024-05-05T15:15:09.893094" level="INFO">${expected_keys} = ['gender', 'name', 'location', 'email', 'login']</msg>
<var>${expected_keys}</var>
<arg>gender</arg>
<arg>name</arg>
<arg>location</arg>
<arg>email</arg>
<arg>login</arg>
<doc>Returns a list containing given items.</doc>
<status status="PASS" start="2024-05-05T15:15:09.892795" elapsed="0.000323"/>
</kw>
<for flavor="IN">
<iter>
<kw name="Dictionary Should Contain Key" owner="Collections">
<msg time="2024-05-05T15:15:09.894145" level="INFO">False</msg>
<arg>${json_data['results'][0]}</arg>
<arg>${key}</arg>
<doc>Fails if ``key`` is not found from ``dictionary``.</doc>
<status status="PASS" start="2024-05-05T15:15:09.893743" elapsed="0.000440"/>
</kw>
<kw name="Log" owner="BuiltIn">
<msg time="2024-05-05T15:15:09.894854" level="INFO">{'gender': 'female', 'name': {'title': 'Mrs', 'first': 'Sherri', 'last': 'King'}, 'location': {'street': {'number': 5804, 'name': 'Northaven Rd'}, 'city': 'Grand Prairie', 'state': 'Texas', 'country': 'United States', 'postcode': 32907, 'coordinates': {'latitude': '85.1476', 'longitude': '59.7106'}, 'timezone': {'offset': '+11:00', 'description': 'Magadan, Solomon Islands, New Caledonia'}}, 'email': 'sherri.king@example.com', 'login': {'uuid': 'd76f985d-4bb6-4317-9392-fe2c7b6724f9', 'username': 'blackzebra943', 'password': 'mozart', 'salt': 'SUAneEgo', 'md5': 'ce9dd05a1fd69c015d7b41242ff3b1ce', 'sha1': '373dfed38fefb6fbdd4401214a320f5a7ef48592', 'sha256': '51b3184fcd2e93308ecca58347c4ec0f2f1b785405a7d076adbb1b9e572075d4'}, 'dob': {'date': '1952-08-14T23:53:11.764Z', 'age': 71}, 'registered': {'date': '2017-10-25T14:50:59.125Z', 'age': 6}, 'phone': '(734) 339-5995', 'cell': '(850) 243-3120', 'id': {'name': 'SSN', 'value': '496-57-0103'}, 'picture': {'large': 'https://randomuser.me/api/portraits/women/42.jpg', 'medium': 'https://randomuser.me/api/portraits/med/women/42.jpg', 'thumbnail': 'https://randomuser.me/api/portraits/thumb/women/42.jpg'}, 'nat': 'US'}</msg>
<arg>${json_data['results'][0]}</arg>
<doc>Logs the given message with the given level.</doc>
<status status="PASS" start="2024-05-05T15:15:09.894484" elapsed="0.000418"/>
</kw>
<kw name="Log" owner="BuiltIn">
<msg time="2024-05-05T15:15:09.895323" level="INFO">gender</msg>
<arg>${key}</arg>
<doc>Logs the given message with the given level.</doc>
<status status="PASS" start="2024-05-05T15:15:09.895197" elapsed="0.000163"/>
</kw>
<var name="${key}">gender</var>
<status status="PASS" start="2024-05-05T15:15:09.893616" elapsed="0.001955"/>
</iter>
<iter>
<kw name="Dictionary Should Contain Key" owner="Collections">
<msg time="2024-05-05T15:15:09.896258" level="INFO">False</msg>
<arg>${json_data['results'][0]}</arg>
<arg>${key}</arg>
<doc>Fails if ``key`` is not found from ``dictionary``.</doc>
<status status="PASS" start="2024-05-05T15:15:09.895872" elapsed="0.000422"/>
</kw>
<kw name="Log" owner="BuiltIn">
<msg time="2024-05-05T15:15:09.896976" level="INFO">{'gender': 'female', 'name': {'title': 'Mrs', 'first': 'Sherri', 'last': 'King'}, 'location': {'street': {'number': 5804, 'name': 'Northaven Rd'}, 'city': 'Grand Prairie', 'state': 'Texas', 'country': 'United States', 'postcode': 32907, 'coordinates': {'latitude': '85.1476', 'longitude': '59.7106'}, 'timezone': {'offset': '+11:00', 'description': 'Magadan, Solomon Islands, New Caledonia'}}, 'email': 'sherri.king@example.com', 'login': {'uuid': 'd76f985d-4bb6-4317-9392-fe2c7b6724f9', 'username': 'blackzebra943', 'password': 'mozart', 'salt': 'SUAneEgo', 'md5': 'ce9dd05a1fd69c015d7b41242ff3b1ce', 'sha1': '373dfed38fefb6fbdd4401214a320f5a7ef48592', 'sha256': '51b3184fcd2e93308ecca58347c4ec0f2f1b785405a7d076adbb1b9e572075d4'}, 'dob': {'date': '1952-08-14T23:53:11.764Z', 'age': 71}, 'registered': {'date': '2017-10-25T14:50:59.125Z', 'age': 6}, 'phone': '(734) 339-5995', 'cell': '(850) 243-3120', 'id': {'name': 'SSN', 'value': '496-57-0103'}, 'picture': {'large': 'https://randomuser.me/api/portraits/women/42.jpg', 'medium': 'https://randomuser.me/api/portraits/med/women/42.jpg', 'thumbnail': 'https://randomuser.me/api/portraits/thumb/women/42.jpg'}, 'nat': 'US'}</msg>
<arg>${json_data['results'][0]}</arg>
<doc>Logs the given message with the given level.</doc>
<status status="PASS" start="2024-05-05T15:15:09.896616" elapsed="0.000409"/>
</kw>
<kw name="Log" owner="BuiltIn">
<msg time="2024-05-05T15:15:09.897468" level="INFO">name</msg>
<arg>${key}</arg>
<doc>Logs the given message with the given level.</doc>
<status status="PASS" start="2024-05-05T15:15:09.897320" elapsed="0.000186"/>
</kw>
<var name="${key}">name</var>
<status status="PASS" start="2024-05-05T15:15:09.895758" elapsed="0.001965"/>
</iter>
<iter>
<kw name="Dictionary Should Contain Key" owner="Collections">
<msg time="2024-05-05T15:15:09.898407" level="INFO">False</msg>
<arg>${json_data['results'][0]}</arg>
<arg>${key}</arg>
<doc>Fails if ``key`` is not found from ``dictionary``.</doc>
<status status="PASS" start="2024-05-05T15:15:09.898012" elapsed="0.000432"/>
</kw>
<kw name="Log" owner="BuiltIn">
<msg time="2024-05-05T15:15:09.899116" level="INFO">{'gender': 'female', 'name': {'title': 'Mrs', 'first': 'Sherri', 'last': 'King'}, 'location': {'street': {'number': 5804, 'name': 'Northaven Rd'}, 'city': 'Grand Prairie', 'state': 'Texas', 'country': 'United States', 'postcode': 32907, 'coordinates': {'latitude': '85.1476', 'longitude': '59.7106'}, 'timezone': {'offset': '+11:00', 'description': 'Magadan, Solomon Islands, New Caledonia'}}, 'email': 'sherri.king@example.com', 'login': {'uuid': 'd76f985d-4bb6-4317-9392-fe2c7b6724f9', 'username': 'blackzebra943', 'password': 'mozart', 'salt': 'SUAneEgo', 'md5': 'ce9dd05a1fd69c015d7b41242ff3b1ce', 'sha1': '373dfed38fefb6fbdd4401214a320f5a7ef48592', 'sha256': '51b3184fcd2e93308ecca58347c4ec0f2f1b785405a7d076adbb1b9e572075d4'}, 'dob': {'date': '1952-08-14T23:53:11.764Z', 'age': 71}, 'registered': {'date': '2017-10-25T14:50:59.125Z', 'age': 6}, 'phone': '(734) 339-5995', 'cell': '(850) 243-3120', 'id': {'name': 'SSN', 'value': '496-57-0103'}, 'picture': {'large': 'https://randomuser.me/api/portraits/women/42.jpg', 'medium': 'https://randomuser.me/api/portraits/med/women/42.jpg', 'thumbnail': 'https://randomuser.me/api/portraits/thumb/women/42.jpg'}, 'nat': 'US'}</msg>
<arg>${json_data['results'][0]}</arg>
<doc>Logs the given message with the given level.</doc>
<status status="PASS" start="2024-05-05T15:15:09.898760" elapsed="0.000403"/>
</kw>
<kw name="Log" owner="BuiltIn">
<msg time="2024-05-05T15:15:09.899577" level="INFO">location</msg>
<arg>${key}</arg>
<doc>Logs the given message with the given level.</doc>
<status status="PASS" start="2024-05-05T15:15:09.899453" elapsed="0.000162"/>
</kw>
<var name="${key}">location</var>
<status status="PASS" start="2024-05-05T15:15:09.897901" elapsed="0.001933"/>
</iter>
<iter>
<kw name="Dictionary Should Contain Key" owner="Collections">
<msg time="2024-05-05T15:15:09.900499" level="INFO">False</msg>
<arg>${json_data['results'][0]}</arg>
<arg>${key}</arg>
<doc>Fails if ``key`` is not found from ``dictionary``.</doc>
<status status="PASS" start="2024-05-05T15:15:09.900116" elapsed="0.000419"/>
</kw>
<kw name="Log" owner="BuiltIn">
<msg time="2024-05-05T15:15:09.901194" level="INFO">{'gender': 'female', 'name': {'title': 'Mrs', 'first': 'Sherri', 'last': 'King'}, 'location': {'street': {'number': 5804, 'name': 'Northaven Rd'}, 'city': 'Grand Prairie', 'state': 'Texas', 'country': 'United States', 'postcode': 32907, 'coordinates': {'latitude': '85.1476', 'longitude': '59.7106'}, 'timezone': {'offset': '+11:00', 'description': 'Magadan, Solomon Islands, New Caledonia'}}, 'email': 'sherri.king@example.com', 'login': {'uuid': 'd76f985d-4bb6-4317-9392-fe2c7b6724f9', 'username': 'blackzebra943', 'password': 'mozart', 'salt': 'SUAneEgo', 'md5': 'ce9dd05a1fd69c015d7b41242ff3b1ce', 'sha1': '373dfed38fefb6fbdd4401214a320f5a7ef48592', 'sha256': '51b3184fcd2e93308ecca58347c4ec0f2f1b785405a7d076adbb1b9e572075d4'}, 'dob': {'date': '1952-08-14T23:53:11.764Z', 'age': 71}, 'registered': {'date': '2017-10-25T14:50:59.125Z', 'age': 6}, 'phone': '(734) 339-5995', 'cell': '(850) 243-3120', 'id': {'name': 'SSN', 'value': '496-57-0103'}, 'picture': {'large': 'https://randomuser.me/api/portraits/women/42.jpg', 'medium': 'https://randomuser.me/api/portraits/med/women/42.jpg', 'thumbnail': 'https://randomuser.me/api/portraits/thumb/women/42.jpg'}, 'nat': 'US'}</msg>
<arg>${json_data['results'][0]}</arg>
<doc>Logs the given message with the given level.</doc>
<status status="PASS" start="2024-05-05T15:15:09.900836" elapsed="0.000405"/>
</kw>
<kw name="Log" owner="BuiltIn">
<msg time="2024-05-05T15:15:09.901700" level="INFO">email</msg>
<arg>${key}</arg>
<doc>Logs the given message with the given level.</doc>
<status status="PASS" start="2024-05-05T15:15:09.901570" elapsed="0.000169"/>
</kw>
<var name="${key}">email</var>
<status status="PASS" start="2024-05-05T15:15:09.900006" elapsed="0.001953"/>
</iter>
<iter>
<kw name="Dictionary Should Contain Key" owner="Collections">
<msg time="2024-05-05T15:15:09.902635" level="INFO">False</msg>
<arg>${json_data['results'][0]}</arg>
<arg>${key}</arg>
<doc>Fails if ``key`` is not found from ``dictionary``.</doc>
<status status="PASS" start="2024-05-05T15:15:09.902247" elapsed="0.000425"/>
</kw>
<kw name="Log" owner="BuiltIn">
<msg time="2024-05-05T15:15:09.903327" level="INFO">{'gender': 'female', 'name': {'title': 'Mrs', 'first': 'Sherri', 'last': 'King'}, 'location': {'street': {'number': 5804, 'name': 'Northaven Rd'}, 'city': 'Grand Prairie', 'state': 'Texas', 'country': 'United States', 'postcode': 32907, 'coordinates': {'latitude': '85.1476', 'longitude': '59.7106'}, 'timezone': {'offset': '+11:00', 'description': 'Magadan, Solomon Islands, New Caledonia'}}, 'email': 'sherri.king@example.com', 'login': {'uuid': 'd76f985d-4bb6-4317-9392-fe2c7b6724f9', 'username': 'blackzebra943', 'password': 'mozart', 'salt': 'SUAneEgo', 'md5': 'ce9dd05a1fd69c015d7b41242ff3b1ce', 'sha1': '373dfed38fefb6fbdd4401214a320f5a7ef48592', 'sha256': '51b3184fcd2e93308ecca58347c4ec0f2f1b785405a7d076adbb1b9e572075d4'}, 'dob': {'date': '1952-08-14T23:53:11.764Z', 'age': 71}, 'registered': {'date': '2017-10-25T14:50:59.125Z', 'age': 6}, 'phone': '(734) 339-5995', 'cell': '(850) 243-3120', 'id': {'name': 'SSN', 'value': '496-57-0103'}, 'picture': {'large': 'https://randomuser.me/api/portraits/women/42.jpg', 'medium': 'https://randomuser.me/api/portraits/med/women/42.jpg', 'thumbnail': 'https://randomuser.me/api/portraits/thumb/women/42.jpg'}, 'nat': 'US'}</msg>
<arg>${json_data['results'][0]}</arg>
<doc>Logs the given message with the given level.</doc>
<status status="PASS" start="2024-05-05T15:15:09.902964" elapsed="0.000410"/>
</kw>
<kw name="Log" owner="BuiltIn">
<msg time="2024-05-05T15:15:09.903795" level="INFO">login</msg>
<arg>${key}</arg>
<doc>Logs the given message with the given level.</doc>
<status status="PASS" start="2024-05-05T15:15:09.903670" elapsed="0.000162"/>
</kw>
<var name="${key}">login</var>
<status status="PASS" start="2024-05-05T15:15:09.902135" elapsed="0.001934"/>
</iter>
<var>${key}</var>
<value>@{expected_keys}</value>
<status status="PASS" start="2024-05-05T15:15:09.893415" elapsed="0.010778"/>
</for>
<kw name="Create List" owner="BuiltIn">
<msg time="2024-05-05T15:15:09.904517" level="INFO">${expected_keysTwo} = ['username', 'password']</msg>
<var>${expected_keysTwo}</var>
<arg>username</arg>
<arg>password</arg>
<doc>Returns a list containing given items.</doc>
<status status="PASS" start="2024-05-05T15:15:09.904384" elapsed="0.000157"/>
</kw>
<for flavor="IN">
<iter>
<kw name="Dictionary Should Contain Key" owner="Collections">
<msg time="2024-05-05T15:15:09.905486" level="INFO">False</msg>
<arg>${json_data['results'][0]['login']}</arg>
<arg>${keyTwo}</arg>
<doc>Fails if ``key`` is not found from ``dictionary``.</doc>
<status status="PASS" start="2024-05-05T15:15:09.905044" elapsed="0.000491"/>
</kw>
<kw name="Dictionary Should Contain Key" owner="Collections">
<msg time="2024-05-05T15:15:09.906221" level="INFO">False</msg>
<arg>${json_data['results'][0]['login']}</arg>
<arg>${keyTwo}</arg>
<doc>Fails if ``key`` is not found from ``dictionary``.</doc>
<status status="PASS" start="2024-05-05T15:15:09.905836" elapsed="0.000422"/>
</kw>
<kw name="Log" owner="BuiltIn">
<msg time="2024-05-05T15:15:09.906671" level="INFO">username</msg>
<arg>${keyTwo}</arg>
<doc>Logs the given message with the given level.</doc>
<status status="PASS" start="2024-05-05T15:15:09.906546" elapsed="0.000165"/>
</kw>
<var name="${keyTwo}">username</var>
<status status="PASS" start="2024-05-05T15:15:09.904934" elapsed="0.001990"/>
</iter>
<iter>
<kw name="Dictionary Should Contain Key" owner="Collections">
<msg time="2024-05-05T15:15:09.907605" level="INFO">False</msg>
<arg>${json_data['results'][0]['login']}</arg>
<arg>${keyTwo}</arg>
<doc>Fails if ``key`` is not found from ``dictionary``.</doc>
<status status="PASS" start="2024-05-05T15:15:09.907204" elapsed="0.000452"/>
</kw>
<kw name="Dictionary Should Contain Key" owner="Collections">
<msg time="2024-05-05T15:15:09.908414" level="INFO">False</msg>
<arg>${json_data['results'][0]['login']}</arg>
<arg>${keyTwo}</arg>
<doc>Fails if ``key`` is not found from ``dictionary``.</doc>
<status status="PASS" start="2024-05-05T15:15:09.907952" elapsed="0.000501"/>
</kw>
<kw name="Log" owner="BuiltIn">
<msg time="2024-05-05T15:15:09.908873" level="INFO">password</msg>
<arg>${keyTwo}</arg>
<doc>Logs the given message with the given level.</doc>
<status status="PASS" start="2024-05-05T15:15:09.908747" elapsed="0.000163"/>
</kw>
<var name="${keyTwo}">password</var>
<status status="PASS" start="2024-05-05T15:15:09.907094" elapsed="0.002026"/>
</iter>
<var>${keyTwo}</var>
<value>@{expected_keysTwo}</value>
<status status="PASS" start="2024-05-05T15:15:09.904779" elapsed="0.004461"/>
</for>
<status status="PASS" start="2024-05-05T15:15:09.740144" elapsed="0.169269"/>
</kw>
<doc>Testa a estrutura da resposta da API.</doc>
<tag>testeEstruturaResposta</tag>
<status status="PASS" start="2024-05-05T15:15:09.739652" elapsed="0.169931"/>
</test>
<test id="s1-s1-t4" name="Validar tipos de dados" line="28">
<kw name="Teste de Tipos de Dados" owner="random-user-service">
<kw name="GET On Session" owner="RequestsLibrary">
<msg time="2024-05-05T15:15:09.961210" level="INFO">GET Request : url=https://randomuser.me/api 
 path_url=/api 
 headers={'User-Agent': 'python-requests/2.31.0', 'Accept-Encoding': 'gzip, deflate', 'Accept': '*/*', 'Connection': 'keep-alive'} 
 body=None 
 </msg>
<msg time="2024-05-05T15:15:09.961287" level="INFO">GET Response : url=https://randomuser.me/api 
 status=200, reason=OK 
 headers={'Date': 'Sun, 05 May 2024 15:15:09 GMT', 'Content-Type': 'application/json; charset=utf-8', 'Transfer-Encoding': 'chunked', 'Connection': 'keep-alive', 'X-Powered-By': 'Express', 'Access-Control-Allow-Origin': '*', 'Cache-Control': 'no-cache', 'ETag': 'W/"485-iRAB/VbGbzlaYKCltJwuEah/qV8"', 'Vary': 'Accept-Encoding', 'Content-Encoding': 'gzip', 'CF-Cache-Status': 'DYNAMIC', 'Report-To': '{"endpoints":[{"url":"https:\\/\\/a.nel.cloudflare.com\\/report\\/v4?s=pEAg0KvBqmbqnhuudimG7g%2Be7a3jW0xMPsn1CaYCbZnFYt3VLaEcL070XKXXV10eUB7Vcj6vQv0W319x%2BiAk5Pyb7Wkv0WIBCi2%2BTHVXbPtvkDhXt4Sra58kN88lT%2B6K"}],"group":"cf-nel","max_age":604800}', 'NEL': '{"success_fraction":0,"report_to":"cf-nel","max_age":604800}', 'Server': 'cloudflare', 'CF-RAY': '87f1af32fa922970-ORD', 'alt-svc': 'h3=":443"; ma=86400'} 
 body={"results":[{"gender":"female","name":{"title":"Miss","first":"Pilar","last":"Peña"},"location":{"street":{"number":3585,"name":"Calle del Pez"},"city":"Lorca","state":"Ceuta","country":"Spain","postcode":84396,"coordinates":{"latitude":"-34.9295","longitude":"127.7399"},"timezone":{"offset":"+1:00","description":"Brussels, Copenhagen, Madrid, Paris"}},"email":"pilar.pena@example.com","login":{"uuid":"cb075d77-ddc4-4c94-ad6a-b42402788540","username":"purplepanda375","password":"having","salt":"2WsVKry2","md5":"fe7042c2230f69bdab655273067b8bf4","sha1":"685fd9c3d5e801d6164bc08097958430d776de18","sha256":"41ee642b251647393d9641d564cf6a01b1a79427e70a0781a5ff1c94b9ab5a59"},"dob":{"date":"1953-08-05T06:11:17.180Z","age":70},"registered":{"date":"2008-04-22T18:34:07.327Z","age":16},"phone":"914-553-206","cell":"663-737-390","id":{"name":"DNI","value":"99759032-F"},"picture":{"large":"https://randomuser.me/api/portraits/women/4.jpg","medium":"https://randomuser.me/api/portraits/med/women/4.jpg","thumbnail":"https://randomuser.me/api/portraits/thumb/women/4.jpg"},"nat":"ES"}],"info":{"seed":"0bd620c841f5908e","results":1,"page":1,"version":"1.4"}} 
 </msg>
<msg time="2024-05-05T15:15:09.961384" level="INFO">/opt/hostedtoolcache/Python/3.12.3/x64/lib/python3.12/site-packages/urllib3/connectionpool.py:1103: InsecureRequestWarning: Unverified HTTPS request is being made to host 'randomuser.me'. Adding certificate verification is strongly advised. See: https://urllib3.readthedocs.io/en/latest/advanced-usage.html#tls-warnings
  warnings.warn(</msg>
<msg time="2024-05-05T15:15:09.961520" level="INFO">${response} = &lt;Response [200]&gt;</msg>
<var>${response}</var>
<arg>consultarAPI</arg>
<arg>/api</arg>
<doc>Sends a GET request on a previously created HTTP Session.</doc>
<status status="PASS" start="2024-05-05T15:15:09.912035" elapsed="0.049535"/>
</kw>
<kw name="Set Variable" owner="BuiltIn">
<msg time="2024-05-05T15:15:09.962389" level="INFO">${json_data} = {'results': [{'gender': 'female', 'name': {'title': 'Miss', 'first': 'Pilar', 'last': 'Peña'}, 'location': {'street': {'number': 3585, 'name': 'Calle del Pez'}, 'city': 'Lorca', 'state': 'Ceuta', 'cou...</msg>
<var>${json_data}</var>
<arg>${response.json()}</arg>
<doc>Returns the given values which can then be assigned to a variables.</doc>
<status status="PASS" start="2024-05-05T15:15:09.961943" elapsed="0.000484"/>
</kw>
<kw name="Log" owner="BuiltIn">
<msg time="2024-05-05T15:15:09.962883" level="INFO">{'results': [{'gender': 'female', 'name': {'title': 'Miss', 'first': 'Pilar', 'last': 'Peña'}, 'location': {'street': {'number': 3585, 'name': 'Calle del Pez'}, 'city': 'Lorca', 'state': 'Ceuta', 'country': 'Spain', 'postcode': 84396, 'coordinates': {'latitude': '-34.9295', 'longitude': '127.7399'}, 'timezone': {'offset': '+1:00', 'description': 'Brussels, Copenhagen, Madrid, Paris'}}, 'email': 'pilar.pena@example.com', 'login': {'uuid': 'cb075d77-ddc4-4c94-ad6a-b42402788540', 'username': 'purplepanda375', 'password': 'having', 'salt': '2WsVKry2', 'md5': 'fe7042c2230f69bdab655273067b8bf4', 'sha1': '685fd9c3d5e801d6164bc08097958430d776de18', 'sha256': '41ee642b251647393d9641d564cf6a01b1a79427e70a0781a5ff1c94b9ab5a59'}, 'dob': {'date': '1953-08-05T06:11:17.180Z', 'age': 70}, 'registered': {'date': '2008-04-22T18:34:07.327Z', 'age': 16}, 'phone': '914-553-206', 'cell': '663-737-390', 'id': {'name': 'DNI', 'value': '99759032-F'}, 'picture': {'large': 'https://randomuser.me/api/portraits/women/4.jpg', 'medium': 'https://randomuser.me/api/portraits/med/women/4.jpg', 'thumbnail': 'https://randomuser.me/api/portraits/thumb/women/4.jpg'}, 'nat': 'ES'}], 'info': {'seed': '0bd620c841f5908e', 'results': 1, 'page': 1, 'version': '1.4'}}</msg>
<arg>${json_data}</arg>
<doc>Logs the given message with the given level.</doc>
<status status="PASS" start="2024-05-05T15:15:09.962728" elapsed="0.000235"/>
</kw>
<kw name="Should Be String" owner="String">
<arg>${json_data['results'][0]['gender']}</arg>
<doc>Fails if the given ``item`` is not a string.</doc>
<status status="PASS" start="2024-05-05T15:15:09.963263" elapsed="0.000360"/>
</kw>
<kw name="Should Match Regexp" owner="BuiltIn">
<arg>${json_data['results'][0]['email']}</arg>
<arg>^[a-zA-Z0-9._%+-]+@[a-zA-Z0-9.-]+\.[a-zA-Z]{2,}$</arg>
<doc>Fails if ``string`` does not match ``pattern`` as a regular expression.</doc>
<status status="PASS" start="2024-05-05T15:15:09.963815" elapsed="0.000515"/>
</kw>
<kw name="Should Match Regexp" owner="BuiltIn">
<arg>${json_data['results'][0]['dob']['date']}</arg>
<arg>\\d{4}-\\d{2}-\\d{2}T\\d{2}:\\d{2}:\\d{2}\\.\\d{3}Z</arg>
<doc>Fails if ``string`` does not match ``pattern`` as a regular expression.</doc>
<status status="PASS" start="2024-05-05T15:15:09.964523" elapsed="0.000485"/>
</kw>
<kw name="Should Match Regexp" owner="BuiltIn">
<arg>${json_data['results'][0]['registered']['date']}</arg>
<arg>\\d{4}-\\d{2}-\\d{2}T\\d{2}:\\d{2}:\\d{2}\\.\\d{3}Z</arg>
<doc>Fails if ``string`` does not match ``pattern`` as a regular expression.</doc>
<status status="PASS" start="2024-05-05T15:15:09.965198" elapsed="0.000428"/>
</kw>
<kw name="Should Match Regexp" owner="BuiltIn">
<arg>${json_data['results'][0]['picture']['large']}</arg>
<arg>^https?://.*\.(?:png|jpe?g|gif|bmp)$</arg>
<doc>Fails if ``string`` does not match ``pattern`` as a regular expression.</doc>
<status status="PASS" start="2024-05-05T15:15:09.965817" elapsed="0.000456"/>
</kw>
<kw name="Should Match Regexp" owner="BuiltIn">
<arg>${json_data['results'][0]['picture']['medium']}</arg>
<arg>^https?://.*\.(?:png|jpe?g|gif|bmp)$</arg>
<doc>Fails if ``string`` does not match ``pattern`` as a regular expression.</doc>
<status status="PASS" start="2024-05-05T15:15:09.966462" elapsed="0.000358"/>
</kw>
<kw name="Should Match Regexp" owner="BuiltIn">
<arg>${json_data['results'][0]['picture']['thumbnail']}</arg>
<arg>^https?://.*\.(?:png|jpe?g|gif|bmp)$</arg>
<doc>Fails if ``string`` does not match ``pattern`` as a regular expression.</doc>
<status status="PASS" start="2024-05-05T15:15:09.967008" elapsed="0.000347"/>
</kw>
<kw name="Log" owner="BuiltIn">
<msg time="2024-05-05T15:15:09.967855" level="INFO">{'large': 'https://randomuser.me/api/portraits/women/4.jpg', 'medium': 'https://randomuser.me/api/portraits/med/women/4.jpg', 'thumbnail': 'https://randomuser.me/api/portraits/thumb/women/4.jpg'}</msg>
<arg>${json_data['results'][0]['picture']}</arg>
<doc>Logs the given message with the given level.</doc>
<status status="PASS" start="2024-05-05T15:15:09.967533" elapsed="0.000362"/>
</kw>
<status status="PASS" start="2024-05-05T15:15:09.911809" elapsed="0.056338"/>
</kw>
<kw name="Teste de Tipos de Dados - Postcode" owner="random-user-service">
<kw name="GET On Session" owner="RequestsLibrary">
<msg time="2024-05-05T15:15:10.064274" level="INFO">GET Request : url=https://randomuser.me/api 
 path_url=/api 
 headers={'User-Agent': 'python-requests/2.31.0', 'Accept-Encoding': 'gzip, deflate', 'Accept': '*/*', 'Connection': 'keep-alive'} 
 body=None 
 </msg>
<msg time="2024-05-05T15:15:10.064359" level="INFO">GET Response : url=https://randomuser.me/api 
 status=200, reason=OK 
 headers={'Date': 'Sun, 05 May 2024 15:15:10 GMT', 'Content-Type': 'application/json; charset=utf-8', 'Transfer-Encoding': 'chunked', 'Connection': 'keep-alive', 'X-Powered-By': 'Express', 'Access-Control-Allow-Origin': '*', 'Cache-Control': 'no-cache', 'ETag': 'W/"4a4-EXBJ0q4SfIC+sh6kUZrO25gq4Jg"', 'Vary': 'Accept-Encoding', 'Content-Encoding': 'gzip', 'CF-Cache-Status': 'DYNAMIC', 'Report-To': '{"endpoints":[{"url":"https:\\/\\/a.nel.cloudflare.com\\/report\\/v4?s=DJNWsOmWzTrdhiC7ZshNbCEtTPBEuW3weHCg%2B8dONPoQM7tH4NYQ2jL%2F%2BhwUyJjd0swLHphkbfyuS1RLYgvLtAozlb6%2BLGimofvCWnI41f4BU7hiHAylRSgxRgrSPYlc"}],"group":"cf-nel","max_age":604800}', 'NEL': '{"success_fraction":0,"report_to":"cf-nel","max_age":604800}', 'Server': 'cloudflare', 'CF-RAY': '87f1af334aee2970-ORD', 'alt-svc': 'h3=":443"; ma=86400'} 
 body={"results":[{"gender":"female","name":{"title":"Miss","first":"Lotti","last":"Diefenbach"},"location":{"street":{"number":5080,"name":"Rosenweg"},"city":"Tuttlingen","state":"Thüringen","country":"Germany","postcode":82556,"coordinates":{"latitude":"-51.4848","longitude":"114.4608"},"timezone":{"offset":"-4:00","description":"Atlantic Time (Canada), Caracas, La Paz"}},"email":"lotti.diefenbach@example.com","login":{"uuid":"a2248cef-ca41-4158-aa57-ae3c8b41f273","username":"heavymouse928","password":"eeeeee","salt":"NsghwGkN","md5":"d89855d969f5127e1ba7fff8ed220b7a","sha1":"223c79afbfda61b2bbd43cb0935288021ecf5533","sha256":"b8d551ab9e26b7d66e3ff698d0d8aa9106ba164d0f8353d0d69f253761d729ac"},"dob":{"date":"1958-03-08T07:48:41.321Z","age":66},"registered":{"date":"2018-03-22T20:58:27.185Z","age":6},"phone":"0720-9142052","cell":"0172-7162948","id":{"name":"SVNR","value":"16 080358 D 731"},"picture":{"large":"https://randomuser.me/api/portraits/women/53.jpg","medium":"https://randomuser.me/api/portraits/med/women/53.jpg","thumbnail":"https://randomuser.me/api/portraits/thumb/women/53.jpg"},"nat":"DE"}],"info":{"seed":"3b39eeac1c0b70a6","results":1,"page":1,"version":"1.4"}} 
 </msg>
<msg time="2024-05-05T15:15:10.064433" level="INFO">/opt/hostedtoolcache/Python/3.12.3/x64/lib/python3.12/site-packages/urllib3/connectionpool.py:1103: InsecureRequestWarning: Unverified HTTPS request is being made to host 'randomuser.me'. Adding certificate verification is strongly advised. See: https://urllib3.readthedocs.io/en/latest/advanced-usage.html#tls-warnings
  warnings.warn(</msg>
<msg time="2024-05-05T15:15:10.064568" level="INFO">${response} = &lt;Response [200]&gt;</msg>
<var>${response}</var>
<arg>consultarAPI</arg>
<arg>/api</arg>
<doc>Sends a GET request on a previously created HTTP Session.</doc>
<status status="PASS" start="2024-05-05T15:15:09.968585" elapsed="0.096037"/>
</kw>
<kw name="Set Variable" owner="BuiltIn">
<msg time="2024-05-05T15:15:10.065589" level="INFO">${json_data} = {'results': [{'gender': 'female', 'name': {'title': 'Miss', 'first': 'Lotti', 'last': 'Diefenbach'}, 'location': {'street': {'number': 5080, 'name': 'Rosenweg'}, 'city': 'Tuttlingen', 'state': 'Thürin...</msg>
<var>${json_data}</var>
<arg>${response.json()}</arg>
<doc>Returns the given values which can then be assigned to a variables.</doc>
<status status="PASS" start="2024-05-05T15:15:10.065058" elapsed="0.000561"/>
</kw>
<kw name="Log" owner="BuiltIn">
<msg time="2024-05-05T15:15:10.066094" level="INFO">{'results': [{'gender': 'female', 'name': {'title': 'Miss', 'first': 'Lotti', 'last': 'Diefenbach'}, 'location': {'street': {'number': 5080, 'name': 'Rosenweg'}, 'city': 'Tuttlingen', 'state': 'Thüringen', 'country': 'Germany', 'postcode': 82556, 'coordinates': {'latitude': '-51.4848', 'longitude': '114.4608'}, 'timezone': {'offset': '-4:00', 'description': 'Atlantic Time (Canada), Caracas, La Paz'}}, 'email': 'lotti.diefenbach@example.com', 'login': {'uuid': 'a2248cef-ca41-4158-aa57-ae3c8b41f273', 'username': 'heavymouse928', 'password': 'eeeeee', 'salt': 'NsghwGkN', 'md5': 'd89855d969f5127e1ba7fff8ed220b7a', 'sha1': '223c79afbfda61b2bbd43cb0935288021ecf5533', 'sha256': 'b8d551ab9e26b7d66e3ff698d0d8aa9106ba164d0f8353d0d69f253761d729ac'}, 'dob': {'date': '1958-03-08T07:48:41.321Z', 'age': 66}, 'registered': {'date': '2018-03-22T20:58:27.185Z', 'age': 6}, 'phone': '0720-9142052', 'cell': '0172-7162948', 'id': {'name': 'SVNR', 'value': '16 080358 D 731'}, 'picture': {'large': 'https://randomuser.me/api/portraits/women/53.jpg', 'medium': 'https://randomuser.me/api/portraits/med/women/53.jpg', 'thumbnail': 'https://randomuser.me/api/portraits/thumb/women/53.jpg'}, 'nat': 'DE'}], 'info': {'seed': '3b39eeac1c0b70a6', 'results': 1, 'page': 1, 'version': '1.4'}}</msg>
<arg>${json_data}</arg>
<doc>Logs the given message with the given level.</doc>
<status status="PASS" start="2024-05-05T15:15:10.065938" elapsed="0.000239"/>
</kw>
<kw name="Should Be Equal As Numbers" owner="BuiltIn">
<arg>${json_data['results'][0]['location']['postcode']}</arg>
<arg>${json_data['results'][0]['location']['postcode']}</arg>
<doc>Fails if objects are unequal after converting them to real numbers.</doc>
<status status="PASS" start="2024-05-05T15:15:10.066489" elapsed="0.000777"/>
</kw>
<kw name="Log" owner="BuiltIn">
<msg time="2024-05-05T15:15:10.067799" level="INFO">82556</msg>
<arg>${json_data['results'][0]['location']['postcode']}</arg>
<doc>Logs the given message with the given level.</doc>
<status status="PASS" start="2024-05-05T15:15:10.067463" elapsed="0.000376"/>
</kw>
<status status="PASS" start="2024-05-05T15:15:09.968359" elapsed="0.099747"/>
</kw>
<doc>Testa se os tipos de dados na resposta da API estão corretos.</doc>
<tag>testeTiposDados</tag>
<status status="PASS" start="2024-05-05T15:15:09.911361" elapsed="0.156912"/>
</test>
<test id="s1-s1-t5" name="Validar conteudo" line="35">
<kw name="Teste de Tipos de Conteudo" owner="random-user-service">
<kw name="GET On Session" owner="RequestsLibrary">
<msg time="2024-05-05T15:15:10.190328" level="INFO">GET Request : url=https://randomuser.me/api 
 path_url=/api 
 headers={'User-Agent': 'python-requests/2.31.0', 'Accept-Encoding': 'gzip, deflate', 'Accept': '*/*', 'Connection': 'keep-alive'} 
 body=None 
 </msg>
<msg time="2024-05-05T15:15:10.190420" level="INFO">GET Response : url=https://randomuser.me/api 
 status=200, reason=OK 
 headers={'Date': 'Sun, 05 May 2024 15:15:10 GMT', 'Content-Type': 'application/json; charset=utf-8', 'Transfer-Encoding': 'chunked', 'Connection': 'keep-alive', 'X-Powered-By': 'Express', 'Access-Control-Allow-Origin': '*', 'Cache-Control': 'no-cache', 'ETag': 'W/"48d-U5tW/xqFZOmmvH+P1BNk6K+37PI"', 'Vary': 'Accept-Encoding', 'Content-Encoding': 'gzip', 'CF-Cache-Status': 'DYNAMIC', 'Report-To': '{"endpoints":[{"url":"https:\\/\\/a.nel.cloudflare.com\\/report\\/v4?s=4yY%2FoNjucPmG1d3ojMoLVXV6gEpd1ijE7IApJkZjaSsHsJqVxHuoLShhWlkjedajk19NUA6SIIl5YRYY2UCNO%2Be733gQVp17XsNECo%2BZRePni5onkm%2F%2BhL9JRTrYw5d9"}],"group":"cf-nel","max_age":604800}', 'NEL': '{"success_fraction":0,"report_to":"cf-nel","max_age":604800}', 'Server': 'cloudflare', 'CF-RAY': '87f1af33fba92970-ORD', 'alt-svc': 'h3=":443"; ma=86400'} 
 body={"results":[{"gender":"male","name":{"title":"Mr","first":"Rafael","last":"Peña"},"location":{"street":{"number":1482,"name":"Calle de Alberto Aguilera"},"city":"Ciudad Real","state":"Cantabria","country":"Spain","postcode":61216,"coordinates":{"latitude":"-36.5169","longitude":"-178.0027"},"timezone":{"offset":"-7:00","description":"Mountain Time (US &amp; Canada)"}},"email":"rafael.pena@example.com","login":{"uuid":"db323339-e5d1-4b31-8055-0e9d471b8af8","username":"goldenfrog110","password":"112358","salt":"6wYhUnhU","md5":"b1f36f035f920a849d6ab43fdbca4089","sha1":"e9c571388db781da28af1ac62a236b353c543cd7","sha256":"5fc3d703cc2cbfd912571c16f025d70560f6830f99f099041989c3b4181bf6ad"},"dob":{"date":"1996-11-04T08:05:59.050Z","age":27},"registered":{"date":"2014-07-08T00:28:47.973Z","age":9},"phone":"924-075-695","cell":"695-593-485","id":{"name":"DNI","value":"70851015-B"},"picture":{"large":"https://randomuser.me/api/portraits/men/82.jpg","medium":"https://randomuser.me/api/portraits/med/men/82.jpg","thumbnail":"https://randomuser.me/api/portraits/thumb/men/82.jpg"},"nat":"ES"}],"info":{"seed":"c1f79a48b4ca502d","results":1,"page":1,"version":"1.4"}} 
 </msg>
<msg time="2024-05-05T15:15:10.190490" level="INFO">/opt/hostedtoolcache/Python/3.12.3/x64/lib/python3.12/site-packages/urllib3/connectionpool.py:1103: InsecureRequestWarning: Unverified HTTPS request is being made to host 'randomuser.me'. Adding certificate verification is strongly advised. See: https://urllib3.readthedocs.io/en/latest/advanced-usage.html#tls-warnings
  warnings.warn(</msg>
<msg time="2024-05-05T15:15:10.190626" level="INFO">${response} = &lt;Response [200]&gt;</msg>
<var>${response}</var>
<arg>consultarAPI</arg>
<arg>/api</arg>
<doc>Sends a GET request on a previously created HTTP Session.</doc>
<status status="PASS" start="2024-05-05T15:15:10.070760" elapsed="0.119903"/>
</kw>
<kw name="Set Variable" owner="BuiltIn">
<msg time="2024-05-05T15:15:10.191640" level="INFO">${json_data} = {'results': [{'gender': 'male', 'name': {'title': 'Mr', 'first': 'Rafael', 'last': 'Peña'}, 'location': {'street': {'number': 1482, 'name': 'Calle de Alberto Aguilera'}, 'city': 'Ciudad Real', 'state'...</msg>
<var>${json_data}</var>
<arg>${response.json()}</arg>
<doc>Returns the given values which can then be assigned to a variables.</doc>
<status status="PASS" start="2024-05-05T15:15:10.191128" elapsed="0.000540"/>
</kw>
<kw name="Set Variable" owner="BuiltIn">
<msg time="2024-05-05T15:15:10.192366" level="INFO">${name_title} = Mr</msg>
<var>${name_title}</var>
<arg>${json_data["results"][0]["name"]["title"]}</arg>
<doc>Returns the given values which can then be assigned to a variables.</doc>
<status status="PASS" start="2024-05-05T15:15:10.191970" elapsed="0.000422"/>
</kw>
<kw name="Create List" owner="BuiltIn">
<msg time="2024-05-05T15:15:10.192837" level="INFO">${allowed_titles} = ['Mr', 'Ms', 'Miss', 'Mrs', 'Madame', 'Monsieur']</msg>
<var>${allowed_titles}</var>
<arg>Mr</arg>
<arg>Ms</arg>
<arg>Miss</arg>
<arg>Mrs</arg>
<arg>Madame</arg>
<arg>Monsieur</arg>
<doc>Returns a list containing given items.</doc>
<status status="PASS" start="2024-05-05T15:15:10.192690" elapsed="0.000171"/>
</kw>
<kw name="List Should Contain Value" owner="Collections">
<msg time="2024-05-05T15:15:10.193324" level="INFO">False</msg>
<arg>${allowed_titles}</arg>
<arg>${name_title}</arg>
<doc>Fails if the ``value`` is not found from ``list``.</doc>
<status status="PASS" start="2024-05-05T15:15:10.193154" elapsed="0.000238"/>
</kw>
<kw name="Set Variable" owner="BuiltIn">
<msg time="2024-05-05T15:15:10.194069" level="INFO">${name_country} = ES</msg>
<var>${name_country}</var>
<arg>${json_data["results"][0]["nat"]}</arg>
<doc>Returns the given values which can then be assigned to a variables.</doc>
<status status="PASS" start="2024-05-05T15:15:10.193695" elapsed="0.000399"/>
</kw>
<kw name="Create List" owner="BuiltIn">
<msg time="2024-05-05T15:15:10.194988" level="INFO">${list_country} = ['AD', 'AE', 'AF', 'AG', 'AI', 'AL', 'AM', 'AO', 'AQ', 'AR', 'AS', 'AT', 'AU', 'AW', 'AX', 'AZ', 'BA', 'BB', 'BD', 'BE', 'BF', 'BG', 'BH', 'BI', 'BJ', 'BL', 'BM', 'BN', 'BO', 'BQ', 'BR', 'BS', 'BT', '...</msg>
<var>${list_country}</var>
<arg>AD</arg>
<arg>AE</arg>
<arg>AF</arg>
<arg>AG</arg>
<arg>AI</arg>
<arg>AL</arg>
<arg>AM</arg>
<arg>AO</arg>
<arg>AQ</arg>
<arg>AR</arg>
<arg>AS</arg>
<arg>AT</arg>
<arg>AU</arg>
<arg>AW</arg>
<arg>AX</arg>
<arg>AZ</arg>
<arg>BA</arg>
<arg>BB</arg>
<arg>BD</arg>
<arg>BE</arg>
<arg>BF</arg>
<arg>BG</arg>
<arg>BH</arg>
<arg>BI</arg>
<arg>BJ</arg>
<arg>BL</arg>
<arg>BM</arg>
<arg>BN</arg>
<arg>BO</arg>
<arg>BQ</arg>
<arg>BR</arg>
<arg>BS</arg>
<arg>BT</arg>
<arg>BV</arg>
<arg>BW</arg>
<arg>BY</arg>
<arg>BZ</arg>
<arg>CA</arg>
<arg>CC</arg>
<arg>CD</arg>
<arg>CF</arg>
<arg>CG</arg>
<arg>CH</arg>
<arg>CI</arg>
<arg>CK</arg>
<arg>CL</arg>
<arg>CM</arg>
<arg>CN</arg>
<arg>CO</arg>
<arg>CR</arg>
<arg>CU</arg>
<arg>CV</arg>
<arg>CW</arg>
<arg>CX</arg>
<arg>CY</arg>
<arg>CZ</arg>
<arg>DE</arg>
<arg>DJ</arg>
<arg>DK</arg>
<arg>DM</arg>
<arg>DO</arg>
<arg>DZ</arg>
<arg>EC</arg>
<arg>EE</arg>
<arg>EG</arg>
<arg>EH</arg>
<arg>ER</arg>
<arg>ES</arg>
<arg>ET</arg>
<arg>FI</arg>
<arg>FJ</arg>
<arg>FK</arg>
<arg>FM</arg>
<arg>FO</arg>
<arg>FR</arg>
<arg>GA</arg>
<arg>GB</arg>
<arg>GD</arg>
<arg>GE</arg>
<arg>GF</arg>
<arg>GG</arg>
<arg>GH</arg>
<arg>GI</arg>
<arg>GL</arg>
<arg>GM</arg>
<arg>GN</arg>
<arg>GP</arg>
<arg>GQ</arg>
<arg>GR</arg>
<arg>GS</arg>
<arg>GT</arg>
<arg>GU</arg>
<arg>GW</arg>
<arg>GY</arg>
<arg>HK</arg>
<arg>HM</arg>
<arg>HN</arg>
<arg>HR</arg>
<arg>HT</arg>
<arg>HU</arg>
<arg>ID</arg>
<arg>IE</arg>
<arg>IL</arg>
<arg>IM</arg>
<arg>IN</arg>
<arg>IO</arg>
<arg>IQ</arg>
<arg>IR</arg>
<arg>IS</arg>
<arg>IT</arg>
<arg>JE</arg>
<arg>JM</arg>
<arg>JO</arg>
<arg>JP</arg>
<arg>KE</arg>
<arg>KG</arg>
<arg>KH</arg>
<arg>KI</arg>
<arg>KM</arg>
<arg>KN</arg>
<arg>KP</arg>
<arg>KR</arg>
<arg>KW</arg>
<arg>KY</arg>
<arg>KZ</arg>
<arg>LA</arg>
<arg>LB</arg>
<arg>LC</arg>
<arg>LI</arg>
<arg>LK</arg>
<arg>LR</arg>
<arg>LS</arg>
<arg>LT</arg>
<arg>LU</arg>
<arg>LV</arg>
<arg>LY</arg>
<arg>MA</arg>
<arg>MC</arg>
<arg>MD</arg>
<arg>ME</arg>
<arg>MF</arg>
<arg>MG</arg>
<arg>MH</arg>
<arg>MK</arg>
<arg>ML</arg>
<arg>MM</arg>
<arg>MN</arg>
<arg>MO</arg>
<arg>MP</arg>
<arg>MQ</arg>
<arg>MR</arg>
<arg>MS</arg>
<arg>MT</arg>
<arg>MU</arg>
<arg>MV</arg>
<arg>MW</arg>
<arg>MX</arg>
<arg>MY</arg>
<arg>MZ</arg>
<arg>NA</arg>
<arg>NC</arg>
<arg>NE</arg>
<arg>NF</arg>
<arg>NG</arg>
<arg>NI</arg>
<arg>NL</arg>
<arg>NO</arg>
<arg>NP</arg>
<arg>NR</arg>
<arg>NU</arg>
<arg>NZ</arg>
<arg>OM</arg>
<arg>PA</arg>
<arg>PE</arg>
<arg>PF</arg>
<arg>PG</arg>
<arg>PH</arg>
<arg>PK</arg>
<arg>PL</arg>
<arg>PM</arg>
<arg>PN</arg>
<arg>PR</arg>
<arg>PS</arg>
<arg>PT</arg>
<arg>PW</arg>
<arg>PY</arg>
<arg>QA</arg>
<arg>RE</arg>
<arg>RO</arg>
<arg>RS</arg>
<arg>RU</arg>
<arg>RW</arg>
<arg>SA</arg>
<arg>SB</arg>
<arg>SC</arg>
<arg>SD</arg>
<arg>SE</arg>
<arg>SG</arg>
<arg>SH</arg>
<arg>SI</arg>
<arg>SJ</arg>
<arg>SK</arg>
<arg>SL</arg>
<arg>SM</arg>
<arg>SN</arg>
<arg>SO</arg>
<arg>SR</arg>
<arg>SS</arg>
<arg>ST</arg>
<arg>SV</arg>
<arg>SX</arg>
<arg>SY</arg>
<arg>SZ</arg>
<arg>TC</arg>
<arg>TD</arg>
<arg>TF</arg>
<arg>TG</arg>
<arg>TH</arg>
<arg>TJ</arg>
<arg>TK</arg>
<arg>TL</arg>
<arg>TM</arg>
<arg>TN</arg>
<arg>TO</arg>
<arg>TR</arg>
<arg>TT</arg>
<arg>TV</arg>
<arg>TW</arg>
<arg>TZ</arg>
<arg>UA</arg>
<arg>UG</arg>
<arg>UM</arg>
<arg>US</arg>
<arg>UY</arg>
<arg>UZ</arg>
<arg>VA</arg>
<arg>VC</arg>
<arg>VE</arg>
<arg>VG</arg>
<arg>VI</arg>
<arg>VN</arg>
<arg>VU</arg>
<arg>WF</arg>
<arg>WS</arg>
<arg>XK</arg>
<arg>YE</arg>
<arg>YT</arg>
<arg>ZA</arg>
<arg>ZM</arg>
<arg>ZW</arg>
<doc>Returns a list containing given items.</doc>
<status status="PASS" start="2024-05-05T15:15:10.194393" elapsed="0.000620"/>
</kw>
<kw name="List Should Contain Value" owner="Collections">
<msg time="2024-05-05T15:15:10.195997" level="INFO">False</msg>
<arg>${list_country}</arg>
<arg>${name_country}</arg>
<doc>Fails if the ``value`` is not found from ``list``.</doc>
<status status="PASS" start="2024-05-05T15:15:10.195800" elapsed="0.000233"/>
</kw>
<kw name="Run Keyword If" owner="BuiltIn">
<kw name="Should Be True" owner="BuiltIn">
<arg>${True}</arg>
<doc>Fails if the given condition is not true.</doc>
<status status="PASS" start="2024-05-05T15:15:10.197107" elapsed="0.000142"/>
</kw>
<arg>${json_data["results"][0]["location"]["coordinates"]["latitude"]} &gt;= -90 and ${json_data["results"][0]["location"]["coordinates"]["latitude"]} &lt;= 90</arg>
<arg>Should Be True</arg>
<arg>${True}</arg>
<doc>Runs the given keyword with the given arguments, if ``condition`` is true.</doc>
<status status="PASS" start="2024-05-05T15:15:10.196347" elapsed="0.001059"/>
</kw>
<kw name="Run Keyword If" owner="BuiltIn">
<kw name="Should Be True" owner="BuiltIn">
<arg>${True}</arg>
<doc>Fails if the given condition is not true.</doc>
<status status="PASS" start="2024-05-05T15:15:10.198315" elapsed="0.000253"/>
</kw>
<arg>${json_data["results"][0]["location"]["coordinates"]["longitude"]} &gt;= -180 and ${json_data["results"][0]["location"]["coordinates"]["longitude"]} &lt;= 180</arg>
<arg>Should Be True</arg>
<arg>${True}</arg>
<doc>Runs the given keyword with the given arguments, if ``condition`` is true.</doc>
<status status="PASS" start="2024-05-05T15:15:10.197604" elapsed="0.001088"/>
</kw>
<status status="PASS" start="2024-05-05T15:15:10.070531" elapsed="0.128292"/>
</kw>
<doc>Testa o conteúdo específico dos campos retornados pela API.</doc>
<tag>testeConteudo</tag>
<status status="PASS" start="2024-05-05T15:15:10.070085" elapsed="0.128889"/>
</test>
<status status="PASS" start="2024-05-05T15:15:09.334453" elapsed="0.866454"/>
</suite>
<status status="PASS" start="2024-05-05T15:15:09.320948" elapsed="0.885154"/>
</suite>
<statistics>
<total>
<stat pass="5" fail="0" skip="0">All Tests</stat>
</total>
<tag>
<stat pass="1" fail="0" skip="0">testeConteudo</stat>
<stat pass="1" fail="0" skip="0">testeEstruturaResposta</stat>
<stat pass="1" fail="0" skip="0">testeRequisicaoBasica</stat>
<stat pass="1" fail="0" skip="0">testeTiposDados</stat>
</tag>
<suite>
<stat pass="5" fail="0" skip="0" id="s1" name="Tests">Tests</stat>
<stat pass="5" fail="0" skip="0" id="s1-s1" name="Random-User-Test">Tests.Random-User-Test</stat>
</suite>
</statistics>
<errors>
</errors>
</robot>
