<?xml version="1.0" encoding="UTF-8"?>
<robot generator="Robot 7.0 (Python 3.12.3 on linux)" generated="2024-06-10T09:17:34.967061" rpa="false" schemaversion="5">
<suite id="s1" name="Tests" source="/home/runner/work/ApiRandomUser/ApiRandomUser/RamdonUser/tests">
<suite id="s1-s1" name="Random-User-Test" source="/home/runner/work/ApiRandomUser/ApiRandomUser/RamdonUser/tests/random-user-test.robot">
<test id="s1-s1-t1" name="Conectar" line="13">
<kw name="Conectar API" owner="random-user-service">
<kw name="Create Session" owner="RequestsLibrary">
<msg time="2024-06-10T09:17:35.370158" level="INFO">Creating Session using : alias=consultarAPI, url=https://randomuser.me/, headers={},                     cookies={}, auth=None, timeout=None, proxies=None, verify=False,                     debug=0 </msg>
<arg>consultarAPI</arg>
<arg>${URL}</arg>
<doc>Create Session: create a HTTP session to a server</doc>
<status status="PASS" start="2024-06-10T09:17:35.369937" elapsed="0.000411"/>
</kw>
<status status="PASS" start="2024-06-10T09:17:35.368827" elapsed="0.001903"/>
</kw>
<status status="PASS" start="2024-06-10T09:17:35.368143" elapsed="0.002789"/>
</test>
<test id="s1-s1-t2" name="Validar retorno 200 e JSON Válido" line="16">
<kw name="Teste de Requisicao Basica" owner="random-user-service">
<kw name="GET On Session" owner="RequestsLibrary">
<msg time="2024-06-10T09:17:35.446012" level="INFO">GET Request : url=https://randomuser.me/api 
 path_url=/api 
 headers={'User-Agent': 'python-requests/2.32.3', 'Accept-Encoding': 'gzip, deflate', 'Accept': '*/*', 'Connection': 'keep-alive'} 
 body=None 
 </msg>
<msg time="2024-06-10T09:17:35.446184" level="INFO">GET Response : url=https://randomuser.me/api 
 status=200, reason=OK 
 headers={'Date': 'Mon, 10 Jun 2024 09:17:35 GMT', 'Content-Type': 'application/json; charset=utf-8', 'Transfer-Encoding': 'chunked', 'Connection': 'keep-alive', 'X-Powered-By': 'Express', 'Access-Control-Allow-Origin': '*', 'Cache-Control': 'no-cache', 'ETag': 'W/"497-FBGN+xtBOPC2hdIRBp0NUW3tO5o"', 'Vary': 'Accept-Encoding', 'Content-Encoding': 'gzip', 'CF-Cache-Status': 'DYNAMIC', 'Report-To': '{"endpoints":[{"url":"https:\\/\\/a.nel.cloudflare.com\\/report\\/v4?s=GMfm8JcMidMGNHfOkKu16gWYRAg%2FYvW0W0EnuyOS5DJRdosAsOIBb9gwatpBxHSBRfZXnHbb5uAiyaNy6WEk761I%2FrQDqyoPZy3V%2BjHPNRJyVBgLVPoitHAIAaXhS8UZ"}],"group":"cf-nel","max_age":604800}', 'NEL': '{"success_fraction":0,"report_to":"cf-nel","max_age":604800}', 'Server': 'cloudflare', 'CF-RAY': '891844e85d6a6303-ORD', 'alt-svc': 'h3=":443"; ma=86400'} 
 body={"results":[{"gender":"female","name":{"title":"Ms","first":"Minttu","last":"Eskola"},"location":{"street":{"number":5447,"name":"Otavalankatu"},"city":"Teuva","state":"Southern Ostrobothnia","country":"Finland","postcode":35255,"coordinates":{"latitude":"-29.2314","longitude":"141.7464"},"timezone":{"offset":"+9:30","description":"Adelaide, Darwin"}},"email":"minttu.eskola@example.com","login":{"uuid":"a0ee88dc-45c8-4ea8-97e0-f567877d0086","username":"beautifulzebra381","password":"tomorrow","salt":"uVG6PGgC","md5":"92099897d03412c0898fb43ea675c74c","sha1":"42b689368d13efee4cab20d5c26d199a4437a17e","sha256":"1b7d412b97000a3e02740f70170a7f0f3289c34bb65470f7e51ff26dc0547cc2"},"dob":{"date":"1968-03-24T11:24:35.448Z","age":56},"registered":{"date":"2011-10-28T04:54:43.798Z","age":12},"phone":"05-480-053","cell":"047-347-67-27","id":{"name":"HETU","value":"NaNNA552undefined"},"picture":{"large":"https://randomuser.me/api/portraits/women/53.jpg","medium":"https://randomuser.me/api/portraits/med/women/53.jpg","thumbnail":"https://randomuser.me/api/portraits/thumb/women/53.jpg"},"nat":"FI"}],"info":{"seed":"23ad3e84e9051647","results":1,"page":1,"version":"1.4"}} 
 </msg>
<msg time="2024-06-10T09:17:35.446274" level="INFO">/opt/hostedtoolcache/Python/3.12.3/x64/lib/python3.12/site-packages/urllib3/connectionpool.py:1103: InsecureRequestWarning: Unverified HTTPS request is being made to host 'randomuser.me'. Adding certificate verification is strongly advised. See: https://urllib3.readthedocs.io/en/latest/advanced-usage.html#tls-warnings
  warnings.warn(</msg>
<msg time="2024-06-10T09:17:35.446452" level="INFO">${response} = &lt;Response [200]&gt;</msg>
<var>${response}</var>
<arg>consultarAPI</arg>
<arg>/api</arg>
<doc>Sends a GET request on a previously created HTTP Session.</doc>
<status status="PASS" start="2024-06-10T09:17:35.373653" elapsed="0.072843"/>
</kw>
<kw name="Should Be Equal As Numbers" owner="BuiltIn">
<msg time="2024-06-10T09:17:35.447589" level="INFO">Argument types are:
&lt;class 'int'&gt;
&lt;class 'str'&gt;</msg>
<arg>${response.status_code}</arg>
<arg>200</arg>
<doc>Fails if objects are unequal after converting them to real numbers.</doc>
<status status="PASS" start="2024-06-10T09:17:35.447104" elapsed="0.000557"/>
</kw>
<kw name="Log" owner="BuiltIn">
<msg time="2024-06-10T09:17:35.448451" level="INFO">200</msg>
<arg>${response.status_code}</arg>
<doc>Logs the given message with the given level.</doc>
<status status="PASS" start="2024-06-10T09:17:35.448070" elapsed="0.000432"/>
</kw>
<kw name="Set Variable" owner="BuiltIn">
<msg time="2024-06-10T09:17:35.449353" level="INFO">${json_data} = {'results': [{'gender': 'female', 'name': {'title': 'Ms', 'first': 'Minttu', 'last': 'Eskola'}, 'location': {'street': {'number': 5447, 'name': 'Otavalankatu'}, 'city': 'Teuva', 'state': 'Southern Ost...</msg>
<var>${json_data}</var>
<arg>${response.json()}</arg>
<doc>Returns the given values which can then be assigned to a variables.</doc>
<status status="PASS" start="2024-06-10T09:17:35.448882" elapsed="0.000501"/>
</kw>
<kw name="Dictionary Should Contain Key" owner="Collections">
<msg time="2024-06-10T09:17:35.449891" level="INFO">False</msg>
<arg>${json_data}</arg>
<arg>results</arg>
<doc>Fails if ``key`` is not found from ``dictionary``.</doc>
<status status="PASS" start="2024-06-10T09:17:35.449710" elapsed="0.000222"/>
</kw>
<status status="PASS" start="2024-06-10T09:17:35.373393" elapsed="0.076812"/>
</kw>
<doc>Testa se a API responde corretamente e retorna um objeto JSON válido.</doc>
<tag>testeRequisicaoBasica</tag>
<status status="PASS" start="2024-06-10T09:17:35.372841" elapsed="0.077558"/>
</test>
<test id="s1-s1-t3" name="Validar estrutura de resposta" line="22">
<kw name="Teste de Estrutura de Resposta" owner="random-user-service">
<kw name="GET On Session" owner="RequestsLibrary">
<msg time="2024-06-10T09:17:35.549700" level="INFO">GET Request : url=https://randomuser.me/api 
 path_url=/api 
 headers={'User-Agent': 'python-requests/2.32.3', 'Accept-Encoding': 'gzip, deflate', 'Accept': '*/*', 'Connection': 'keep-alive'} 
 body=None 
 </msg>
<msg time="2024-06-10T09:17:35.549812" level="INFO">GET Response : url=https://randomuser.me/api 
 status=200, reason=OK 
 headers={'Date': 'Mon, 10 Jun 2024 09:17:35 GMT', 'Content-Type': 'application/json; charset=utf-8', 'Transfer-Encoding': 'chunked', 'Connection': 'keep-alive', 'X-Powered-By': 'Express', 'Access-Control-Allow-Origin': '*', 'Cache-Control': 'no-cache', 'ETag': 'W/"496-vBKnmt5PLFdPKPRmwo41tshLzkA"', 'Vary': 'Accept-Encoding', 'Content-Encoding': 'gzip', 'CF-Cache-Status': 'DYNAMIC', 'Report-To': '{"endpoints":[{"url":"https:\\/\\/a.nel.cloudflare.com\\/report\\/v4?s=L%2Fc%2BknL4Ab1%2F5IS%2FxdoDRVycGvpxoUlLp6p8LMLrSq9oZ1Bg07PvAiBnLwHWoqbpPtDxs9pIh%2Fl7preADTK%2FZQyLNIWMT7%2FfpoZn2CoV4q6M3758i9o6UNANorNpNzHR"}],"group":"cf-nel","max_age":604800}', 'NEL': '{"success_fraction":0,"report_to":"cf-nel","max_age":604800}', 'Server': 'cloudflare', 'CF-RAY': '891844e89db56303-ORD', 'alt-svc': 'h3=":443"; ma=86400'} 
 body={"results":[{"gender":"male","name":{"title":"Mr","first":"Daniel","last":"Pakkala"},"location":{"street":{"number":6657,"name":"Satakennankatu"},"city":"Uusikaupunki","state":"Satakunta","country":"Finland","postcode":30764,"coordinates":{"latitude":"-28.6616","longitude":"-78.0130"},"timezone":{"offset":"-3:00","description":"Brazil, Buenos Aires, Georgetown"}},"email":"daniel.pakkala@example.com","login":{"uuid":"2a5acea3-fe63-4820-97ee-7b633c24f1c0","username":"tinywolf503","password":"horny1","salt":"94xnFkbL","md5":"2cf565efaf5242201b2a43d555dfc7bc","sha1":"10cc3c96a73259bb473af9bc7dd56e1cc51a56aa","sha256":"645ac8eed516ecfc82a42a50ebc973ac6ae604c91528fdc066c5d58aefabd268"},"dob":{"date":"1983-10-18T16:53:34.365Z","age":40},"registered":{"date":"2009-11-29T15:25:28.234Z","age":14},"phone":"03-712-907","cell":"040-154-16-04","id":{"name":"HETU","value":"NaNNA621undefined"},"picture":{"large":"https://randomuser.me/api/portraits/men/24.jpg","medium":"https://randomuser.me/api/portraits/med/men/24.jpg","thumbnail":"https://randomuser.me/api/portraits/thumb/men/24.jpg"},"nat":"FI"}],"info":{"seed":"9ef346ac3bdb9a7f","results":1,"page":1,"version":"1.4"}} 
 </msg>
<msg time="2024-06-10T09:17:35.549975" level="INFO">/opt/hostedtoolcache/Python/3.12.3/x64/lib/python3.12/site-packages/urllib3/connectionpool.py:1103: InsecureRequestWarning: Unverified HTTPS request is being made to host 'randomuser.me'. Adding certificate verification is strongly advised. See: https://urllib3.readthedocs.io/en/latest/advanced-usage.html#tls-warnings
  warnings.warn(</msg>
<msg time="2024-06-10T09:17:35.550133" level="INFO">${response} = &lt;Response [200]&gt;</msg>
<var>${response}</var>
<arg>consultarAPI</arg>
<arg>/api</arg>
<doc>Sends a GET request on a previously created HTTP Session.</doc>
<status status="PASS" start="2024-06-10T09:17:35.453313" elapsed="0.096864"/>
</kw>
<kw name="Set Variable" owner="BuiltIn">
<msg time="2024-06-10T09:17:35.551242" level="INFO">${json_data} = {'results': [{'gender': 'male', 'name': {'title': 'Mr', 'first': 'Daniel', 'last': 'Pakkala'}, 'location': {'street': {'number': 6657, 'name': 'Satakennankatu'}, 'city': 'Uusikaupunki', 'state': 'Sata...</msg>
<var>${json_data}</var>
<arg>${response.json()}</arg>
<doc>Returns the given values which can then be assigned to a variables.</doc>
<status status="PASS" start="2024-06-10T09:17:35.550700" elapsed="0.000572"/>
</kw>
<kw name="Log" owner="BuiltIn">
<msg time="2024-06-10T09:17:35.551809" level="INFO">{'results': [{'gender': 'male', 'name': {'title': 'Mr', 'first': 'Daniel', 'last': 'Pakkala'}, 'location': {'street': {'number': 6657, 'name': 'Satakennankatu'}, 'city': 'Uusikaupunki', 'state': 'Satakunta', 'country': 'Finland', 'postcode': 30764, 'coordinates': {'latitude': '-28.6616', 'longitude': '-78.0130'}, 'timezone': {'offset': '-3:00', 'description': 'Brazil, Buenos Aires, Georgetown'}}, 'email': 'daniel.pakkala@example.com', 'login': {'uuid': '2a5acea3-fe63-4820-97ee-7b633c24f1c0', 'username': 'tinywolf503', 'password': 'horny1', 'salt': '94xnFkbL', 'md5': '2cf565efaf5242201b2a43d555dfc7bc', 'sha1': '10cc3c96a73259bb473af9bc7dd56e1cc51a56aa', 'sha256': '645ac8eed516ecfc82a42a50ebc973ac6ae604c91528fdc066c5d58aefabd268'}, 'dob': {'date': '1983-10-18T16:53:34.365Z', 'age': 40}, 'registered': {'date': '2009-11-29T15:25:28.234Z', 'age': 14}, 'phone': '03-712-907', 'cell': '040-154-16-04', 'id': {'name': 'HETU', 'value': 'NaNNA621undefined'}, 'picture': {'large': 'https://randomuser.me/api/portraits/men/24.jpg', 'medium': 'https://randomuser.me/api/portraits/med/men/24.jpg', 'thumbnail': 'https://randomuser.me/api/portraits/thumb/men/24.jpg'}, 'nat': 'FI'}], 'info': {'seed': '9ef346ac3bdb9a7f', 'results': 1, 'page': 1, 'version': '1.4'}}</msg>
<arg>${json_data}</arg>
<doc>Logs the given message with the given level.</doc>
<status status="PASS" start="2024-06-10T09:17:35.551632" elapsed="0.000228"/>
</kw>
<kw name="Dictionary Should Contain Key" owner="Collections">
<msg time="2024-06-10T09:17:35.552349" level="INFO">False</msg>
<arg>${json_data}</arg>
<arg>results</arg>
<doc>Fails if ``key`` is not found from ``dictionary``.</doc>
<status status="PASS" start="2024-06-10T09:17:35.552179" elapsed="0.000209"/>
</kw>
<kw name="Should Not Be Empty" owner="BuiltIn">
<msg time="2024-06-10T09:17:35.552933" level="INFO">Length is 2.</msg>
<arg>${json_data}</arg>
<doc>Verifies that the given item is not empty.</doc>
<status status="PASS" start="2024-06-10T09:17:35.552782" elapsed="0.000193"/>
</kw>
<kw name="Create List" owner="BuiltIn">
<msg time="2024-06-10T09:17:35.553433" level="INFO">${expected_keys} = ['gender', 'name', 'location', 'email', 'login']</msg>
<var>${expected_keys}</var>
<arg>gender</arg>
<arg>name</arg>
<arg>location</arg>
<arg>email</arg>
<arg>login</arg>
<doc>Returns a list containing given items.</doc>
<status status="PASS" start="2024-06-10T09:17:35.553281" elapsed="0.000176"/>
</kw>
<for flavor="IN">
<iter>
<kw name="Dictionary Should Contain Key" owner="Collections">
<msg time="2024-06-10T09:17:35.554577" level="INFO">False</msg>
<arg>${json_data['results'][0]}</arg>
<arg>${key}</arg>
<doc>Fails if ``key`` is not found from ``dictionary``.</doc>
<status status="PASS" start="2024-06-10T09:17:35.554123" elapsed="0.000511"/>
</kw>
<kw name="Log" owner="BuiltIn">
<msg time="2024-06-10T09:17:35.555331" level="INFO">{'gender': 'male', 'name': {'title': 'Mr', 'first': 'Daniel', 'last': 'Pakkala'}, 'location': {'street': {'number': 6657, 'name': 'Satakennankatu'}, 'city': 'Uusikaupunki', 'state': 'Satakunta', 'country': 'Finland', 'postcode': 30764, 'coordinates': {'latitude': '-28.6616', 'longitude': '-78.0130'}, 'timezone': {'offset': '-3:00', 'description': 'Brazil, Buenos Aires, Georgetown'}}, 'email': 'daniel.pakkala@example.com', 'login': {'uuid': '2a5acea3-fe63-4820-97ee-7b633c24f1c0', 'username': 'tinywolf503', 'password': 'horny1', 'salt': '94xnFkbL', 'md5': '2cf565efaf5242201b2a43d555dfc7bc', 'sha1': '10cc3c96a73259bb473af9bc7dd56e1cc51a56aa', 'sha256': '645ac8eed516ecfc82a42a50ebc973ac6ae604c91528fdc066c5d58aefabd268'}, 'dob': {'date': '1983-10-18T16:53:34.365Z', 'age': 40}, 'registered': {'date': '2009-11-29T15:25:28.234Z', 'age': 14}, 'phone': '03-712-907', 'cell': '040-154-16-04', 'id': {'name': 'HETU', 'value': 'NaNNA621undefined'}, 'picture': {'large': 'https://randomuser.me/api/portraits/men/24.jpg', 'medium': 'https://randomuser.me/api/portraits/med/men/24.jpg', 'thumbnail': 'https://randomuser.me/api/portraits/thumb/men/24.jpg'}, 'nat': 'FI'}</msg>
<arg>${json_data['results'][0]}</arg>
<doc>Logs the given message with the given level.</doc>
<status status="PASS" start="2024-06-10T09:17:35.554958" elapsed="0.000424"/>
</kw>
<kw name="Log" owner="BuiltIn">
<msg time="2024-06-10T09:17:35.555817" level="INFO">gender</msg>
<arg>${key}</arg>
<doc>Logs the given message with the given level.</doc>
<status status="PASS" start="2024-06-10T09:17:35.555685" elapsed="0.000170"/>
</kw>
<var name="${key}">gender</var>
<status status="PASS" start="2024-06-10T09:17:35.553990" elapsed="0.002085"/>
</iter>
<iter>
<kw name="Dictionary Should Contain Key" owner="Collections">
<msg time="2024-06-10T09:17:35.556814" level="INFO">False</msg>
<arg>${json_data['results'][0]}</arg>
<arg>${key}</arg>
<doc>Fails if ``key`` is not found from ``dictionary``.</doc>
<status status="PASS" start="2024-06-10T09:17:35.556389" elapsed="0.000464"/>
</kw>
<kw name="Log" owner="BuiltIn">
<msg time="2024-06-10T09:17:35.557551" level="INFO">{'gender': 'male', 'name': {'title': 'Mr', 'first': 'Daniel', 'last': 'Pakkala'}, 'location': {'street': {'number': 6657, 'name': 'Satakennankatu'}, 'city': 'Uusikaupunki', 'state': 'Satakunta', 'country': 'Finland', 'postcode': 30764, 'coordinates': {'latitude': '-28.6616', 'longitude': '-78.0130'}, 'timezone': {'offset': '-3:00', 'description': 'Brazil, Buenos Aires, Georgetown'}}, 'email': 'daniel.pakkala@example.com', 'login': {'uuid': '2a5acea3-fe63-4820-97ee-7b633c24f1c0', 'username': 'tinywolf503', 'password': 'horny1', 'salt': '94xnFkbL', 'md5': '2cf565efaf5242201b2a43d555dfc7bc', 'sha1': '10cc3c96a73259bb473af9bc7dd56e1cc51a56aa', 'sha256': '645ac8eed516ecfc82a42a50ebc973ac6ae604c91528fdc066c5d58aefabd268'}, 'dob': {'date': '1983-10-18T16:53:34.365Z', 'age': 40}, 'registered': {'date': '2009-11-29T15:25:28.234Z', 'age': 14}, 'phone': '03-712-907', 'cell': '040-154-16-04', 'id': {'name': 'HETU', 'value': 'NaNNA621undefined'}, 'picture': {'large': 'https://randomuser.me/api/portraits/men/24.jpg', 'medium': 'https://randomuser.me/api/portraits/med/men/24.jpg', 'thumbnail': 'https://randomuser.me/api/portraits/thumb/men/24.jpg'}, 'nat': 'FI'}</msg>
<arg>${json_data['results'][0]}</arg>
<doc>Logs the given message with the given level.</doc>
<status status="PASS" start="2024-06-10T09:17:35.557189" elapsed="0.000412"/>
</kw>
<kw name="Log" owner="BuiltIn">
<msg time="2024-06-10T09:17:35.558030" level="INFO">name</msg>
<arg>${key}</arg>
<doc>Logs the given message with the given level.</doc>
<status status="PASS" start="2024-06-10T09:17:35.557901" elapsed="0.000166"/>
</kw>
<var name="${key}">name</var>
<status status="PASS" start="2024-06-10T09:17:35.556271" elapsed="0.002010"/>
</iter>
<iter>
<kw name="Dictionary Should Contain Key" owner="Collections">
<msg time="2024-06-10T09:17:35.558972" level="INFO">False</msg>
<arg>${json_data['results'][0]}</arg>
<arg>${key}</arg>
<doc>Fails if ``key`` is not found from ``dictionary``.</doc>
<status status="PASS" start="2024-06-10T09:17:35.558583" elapsed="0.000426"/>
</kw>
<kw name="Log" owner="BuiltIn">
<msg time="2024-06-10T09:17:35.559669" level="INFO">{'gender': 'male', 'name': {'title': 'Mr', 'first': 'Daniel', 'last': 'Pakkala'}, 'location': {'street': {'number': 6657, 'name': 'Satakennankatu'}, 'city': 'Uusikaupunki', 'state': 'Satakunta', 'country': 'Finland', 'postcode': 30764, 'coordinates': {'latitude': '-28.6616', 'longitude': '-78.0130'}, 'timezone': {'offset': '-3:00', 'description': 'Brazil, Buenos Aires, Georgetown'}}, 'email': 'daniel.pakkala@example.com', 'login': {'uuid': '2a5acea3-fe63-4820-97ee-7b633c24f1c0', 'username': 'tinywolf503', 'password': 'horny1', 'salt': '94xnFkbL', 'md5': '2cf565efaf5242201b2a43d555dfc7bc', 'sha1': '10cc3c96a73259bb473af9bc7dd56e1cc51a56aa', 'sha256': '645ac8eed516ecfc82a42a50ebc973ac6ae604c91528fdc066c5d58aefabd268'}, 'dob': {'date': '1983-10-18T16:53:34.365Z', 'age': 40}, 'registered': {'date': '2009-11-29T15:25:28.234Z', 'age': 14}, 'phone': '03-712-907', 'cell': '040-154-16-04', 'id': {'name': 'HETU', 'value': 'NaNNA621undefined'}, 'picture': {'large': 'https://randomuser.me/api/portraits/men/24.jpg', 'medium': 'https://randomuser.me/api/portraits/med/men/24.jpg', 'thumbnail': 'https://randomuser.me/api/portraits/thumb/men/24.jpg'}, 'nat': 'FI'}</msg>
<arg>${json_data['results'][0]}</arg>
<doc>Logs the given message with the given level.</doc>
<status status="PASS" start="2024-06-10T09:17:35.559305" elapsed="0.000413"/>
</kw>
<kw name="Log" owner="BuiltIn">
<msg time="2024-06-10T09:17:35.560146" level="INFO">location</msg>
<arg>${key}</arg>
<doc>Logs the given message with the given level.</doc>
<status status="PASS" start="2024-06-10T09:17:35.560018" elapsed="0.000166"/>
</kw>
<var name="${key}">location</var>
<status status="PASS" start="2024-06-10T09:17:35.558466" elapsed="0.001935"/>
</iter>
<iter>
<kw name="Dictionary Should Contain Key" owner="Collections">
<msg time="2024-06-10T09:17:35.561104" level="INFO">False</msg>
<arg>${json_data['results'][0]}</arg>
<arg>${key}</arg>
<doc>Fails if ``key`` is not found from ``dictionary``.</doc>
<status status="PASS" start="2024-06-10T09:17:35.560720" elapsed="0.000426"/>
</kw>
<kw name="Log" owner="BuiltIn">
<msg time="2024-06-10T09:17:35.561801" level="INFO">{'gender': 'male', 'name': {'title': 'Mr', 'first': 'Daniel', 'last': 'Pakkala'}, 'location': {'street': {'number': 6657, 'name': 'Satakennankatu'}, 'city': 'Uusikaupunki', 'state': 'Satakunta', 'country': 'Finland', 'postcode': 30764, 'coordinates': {'latitude': '-28.6616', 'longitude': '-78.0130'}, 'timezone': {'offset': '-3:00', 'description': 'Brazil, Buenos Aires, Georgetown'}}, 'email': 'daniel.pakkala@example.com', 'login': {'uuid': '2a5acea3-fe63-4820-97ee-7b633c24f1c0', 'username': 'tinywolf503', 'password': 'horny1', 'salt': '94xnFkbL', 'md5': '2cf565efaf5242201b2a43d555dfc7bc', 'sha1': '10cc3c96a73259bb473af9bc7dd56e1cc51a56aa', 'sha256': '645ac8eed516ecfc82a42a50ebc973ac6ae604c91528fdc066c5d58aefabd268'}, 'dob': {'date': '1983-10-18T16:53:34.365Z', 'age': 40}, 'registered': {'date': '2009-11-29T15:25:28.234Z', 'age': 14}, 'phone': '03-712-907', 'cell': '040-154-16-04', 'id': {'name': 'HETU', 'value': 'NaNNA621undefined'}, 'picture': {'large': 'https://randomuser.me/api/portraits/men/24.jpg', 'medium': 'https://randomuser.me/api/portraits/med/men/24.jpg', 'thumbnail': 'https://randomuser.me/api/portraits/thumb/men/24.jpg'}, 'nat': 'FI'}</msg>
<arg>${json_data['results'][0]}</arg>
<doc>Logs the given message with the given level.</doc>
<status status="PASS" start="2024-06-10T09:17:35.561448" elapsed="0.000402"/>
</kw>
<kw name="Log" owner="BuiltIn">
<msg time="2024-06-10T09:17:35.562283" level="INFO">email</msg>
<arg>${key}</arg>
<doc>Logs the given message with the given level.</doc>
<status status="PASS" start="2024-06-10T09:17:35.562147" elapsed="0.000173"/>
</kw>
<var name="${key}">email</var>
<status status="PASS" start="2024-06-10T09:17:35.560575" elapsed="0.001961"/>
</iter>
<iter>
<kw name="Dictionary Should Contain Key" owner="Collections">
<msg time="2024-06-10T09:17:35.563203" level="INFO">False</msg>
<arg>${json_data['results'][0]}</arg>
<arg>${key}</arg>
<doc>Fails if ``key`` is not found from ``dictionary``.</doc>
<status status="PASS" start="2024-06-10T09:17:35.562823" elapsed="0.000417"/>
</kw>
<kw name="Log" owner="BuiltIn">
<msg time="2024-06-10T09:17:35.563884" level="INFO">{'gender': 'male', 'name': {'title': 'Mr', 'first': 'Daniel', 'last': 'Pakkala'}, 'location': {'street': {'number': 6657, 'name': 'Satakennankatu'}, 'city': 'Uusikaupunki', 'state': 'Satakunta', 'country': 'Finland', 'postcode': 30764, 'coordinates': {'latitude': '-28.6616', 'longitude': '-78.0130'}, 'timezone': {'offset': '-3:00', 'description': 'Brazil, Buenos Aires, Georgetown'}}, 'email': 'daniel.pakkala@example.com', 'login': {'uuid': '2a5acea3-fe63-4820-97ee-7b633c24f1c0', 'username': 'tinywolf503', 'password': 'horny1', 'salt': '94xnFkbL', 'md5': '2cf565efaf5242201b2a43d555dfc7bc', 'sha1': '10cc3c96a73259bb473af9bc7dd56e1cc51a56aa', 'sha256': '645ac8eed516ecfc82a42a50ebc973ac6ae604c91528fdc066c5d58aefabd268'}, 'dob': {'date': '1983-10-18T16:53:34.365Z', 'age': 40}, 'registered': {'date': '2009-11-29T15:25:28.234Z', 'age': 14}, 'phone': '03-712-907', 'cell': '040-154-16-04', 'id': {'name': 'HETU', 'value': 'NaNNA621undefined'}, 'picture': {'large': 'https://randomuser.me/api/portraits/men/24.jpg', 'medium': 'https://randomuser.me/api/portraits/med/men/24.jpg', 'thumbnail': 'https://randomuser.me/api/portraits/thumb/men/24.jpg'}, 'nat': 'FI'}</msg>
<arg>${json_data['results'][0]}</arg>
<doc>Logs the given message with the given level.</doc>
<status status="PASS" start="2024-06-10T09:17:35.563531" elapsed="0.000400"/>
</kw>
<kw name="Log" owner="BuiltIn">
<msg time="2024-06-10T09:17:35.564362" level="INFO">login</msg>
<arg>${key}</arg>
<doc>Logs the given message with the given level.</doc>
<status status="PASS" start="2024-06-10T09:17:35.564236" elapsed="0.000163"/>
</kw>
<var name="${key}">login</var>
<status status="PASS" start="2024-06-10T09:17:35.562711" elapsed="0.001937"/>
</iter>
<var>${key}</var>
<value>@{expected_keys}</value>
<status status="PASS" start="2024-06-10T09:17:35.553765" elapsed="0.011049"/>
</for>
<kw name="Create List" owner="BuiltIn">
<msg time="2024-06-10T09:17:35.565163" level="INFO">${expected_keysTwo} = ['username', 'password']</msg>
<var>${expected_keysTwo}</var>
<arg>username</arg>
<arg>password</arg>
<doc>Returns a list containing given items.</doc>
<status status="PASS" start="2024-06-10T09:17:35.565022" elapsed="0.000165"/>
</kw>
<for flavor="IN">
<iter>
<kw name="Dictionary Should Contain Key" owner="Collections">
<msg time="2024-06-10T09:17:35.566203" level="INFO">False</msg>
<arg>${json_data['results'][0]['login']}</arg>
<arg>${keyTwo}</arg>
<doc>Fails if ``key`` is not found from ``dictionary``.</doc>
<status status="PASS" start="2024-06-10T09:17:35.565700" elapsed="0.000541"/>
</kw>
<kw name="Dictionary Should Contain Key" owner="Collections">
<msg time="2024-06-10T09:17:35.566944" level="INFO">False</msg>
<arg>${json_data['results'][0]['login']}</arg>
<arg>${keyTwo}</arg>
<doc>Fails if ``key`` is not found from ``dictionary``.</doc>
<status status="PASS" start="2024-06-10T09:17:35.566550" elapsed="0.000432"/>
</kw>
<kw name="Log" owner="BuiltIn">
<msg time="2024-06-10T09:17:35.567409" level="INFO">username</msg>
<arg>${keyTwo}</arg>
<doc>Logs the given message with the given level.</doc>
<status status="PASS" start="2024-06-10T09:17:35.567281" elapsed="0.000165"/>
</kw>
<var name="${keyTwo}">username</var>
<status status="PASS" start="2024-06-10T09:17:35.565589" elapsed="0.002077"/>
</iter>
<iter>
<kw name="Dictionary Should Contain Key" owner="Collections">
<msg time="2024-06-10T09:17:35.568325" level="INFO">False</msg>
<arg>${json_data['results'][0]['login']}</arg>
<arg>${keyTwo}</arg>
<doc>Fails if ``key`` is not found from ``dictionary``.</doc>
<status status="PASS" start="2024-06-10T09:17:35.567953" elapsed="0.000410"/>
</kw>
<kw name="Dictionary Should Contain Key" owner="Collections">
<msg time="2024-06-10T09:17:35.569083" level="INFO">False</msg>
<arg>${json_data['results'][0]['login']}</arg>
<arg>${keyTwo}</arg>
<doc>Fails if ``key`` is not found from ``dictionary``.</doc>
<status status="PASS" start="2024-06-10T09:17:35.568666" elapsed="0.000454"/>
</kw>
<kw name="Log" owner="BuiltIn">
<msg time="2024-06-10T09:17:35.569553" level="INFO">password</msg>
<arg>${keyTwo}</arg>
<doc>Logs the given message with the given level.</doc>
<status status="PASS" start="2024-06-10T09:17:35.569425" elapsed="0.000165"/>
</kw>
<var name="${keyTwo}">password</var>
<status status="PASS" start="2024-06-10T09:17:35.567842" elapsed="0.001966"/>
</iter>
<var>${keyTwo}</var>
<value>@{expected_keysTwo}</value>
<status status="PASS" start="2024-06-10T09:17:35.565433" elapsed="0.004497"/>
</for>
<status status="PASS" start="2024-06-10T09:17:35.452864" elapsed="0.117215"/>
</kw>
<doc>Testa a estrutura da resposta da API.</doc>
<tag>testeEstruturaResposta</tag>
<status status="PASS" start="2024-06-10T09:17:35.452269" elapsed="0.117978"/>
</test>
<test id="s1-s1-t4" name="Validar tipos de dados" line="28">
<kw name="Teste de Tipos de Dados" owner="random-user-service">
<kw name="GET On Session" owner="RequestsLibrary">
<msg time="2024-06-10T09:17:35.645170" level="INFO">GET Request : url=https://randomuser.me/api 
 path_url=/api 
 headers={'User-Agent': 'python-requests/2.32.3', 'Accept-Encoding': 'gzip, deflate', 'Accept': '*/*', 'Connection': 'keep-alive'} 
 body=None 
 </msg>
<msg time="2024-06-10T09:17:35.645272" level="INFO">GET Response : url=https://randomuser.me/api 
 status=200, reason=OK 
 headers={'Date': 'Mon, 10 Jun 2024 09:17:35 GMT', 'Content-Type': 'application/json; charset=utf-8', 'Transfer-Encoding': 'chunked', 'Connection': 'keep-alive', 'X-Powered-By': 'Express', 'Access-Control-Allow-Origin': '*', 'Cache-Control': 'no-cache', 'ETag': 'W/"484-J44NnRaabwzCaqt6e1gcp/h2ioQ"', 'Vary': 'Accept-Encoding', 'Content-Encoding': 'gzip', 'CF-Cache-Status': 'DYNAMIC', 'Report-To': '{"endpoints":[{"url":"https:\\/\\/a.nel.cloudflare.com\\/report\\/v4?s=vAC9WFi7RlnPd6SKa%2BbjJRPxR1LaHKw45Ca93vQ0trEuWgNQfVSVzeDHIOvmHIqFhdEFZaghIH1klAofqz%2Bpm%2Fh4wty2P8rj4mnoYBEUEK%2FNsP%2BsjgRjsz0seQ3hNwes"}],"group":"cf-nel","max_age":604800}', 'NEL': '{"success_fraction":0,"report_to":"cf-nel","max_age":604800}', 'Server': 'cloudflare', 'CF-RAY': '891844e95e0e6303-ORD', 'alt-svc': 'h3=":443"; ma=86400'} 
 body={"results":[{"gender":"male","name":{"title":"Mr","first":"Ayman","last":"Hallingstad"},"location":{"street":{"number":767,"name":"Munkerudvollen"},"city":"Heggedal","state":"Telemark","country":"Norway","postcode":"4079","coordinates":{"latitude":"39.3986","longitude":"-79.6825"},"timezone":{"offset":"-8:00","description":"Pacific Time (US &amp; Canada)"}},"email":"ayman.hallingstad@example.com","login":{"uuid":"142194ca-be21-461d-a46f-159a2784fb47","username":"happyzebra188","password":"darkside","salt":"Q4jexd13","md5":"273983d4ef594c97d59575079d60f199","sha1":"beb2ef0a8cd643bbe0f584a940a1fd5c7f91862a","sha256":"520d094488a378de2eb4bf1976b0ac7286acb4a2e95e02546182350118a0f10f"},"dob":{"date":"1963-02-04T23:16:17.836Z","age":61},"registered":{"date":"2014-04-02T01:54:21.427Z","age":10},"phone":"34529724","cell":"49839313","id":{"name":"FN","value":"04026306162"},"picture":{"large":"https://randomuser.me/api/portraits/men/67.jpg","medium":"https://randomuser.me/api/portraits/med/men/67.jpg","thumbnail":"https://randomuser.me/api/portraits/thumb/men/67.jpg"},"nat":"NO"}],"info":{"seed":"c5bae6a3f55f296d","results":1,"page":1,"version":"1.4"}} 
 </msg>
<msg time="2024-06-10T09:17:35.645353" level="INFO">/opt/hostedtoolcache/Python/3.12.3/x64/lib/python3.12/site-packages/urllib3/connectionpool.py:1103: InsecureRequestWarning: Unverified HTTPS request is being made to host 'randomuser.me'. Adding certificate verification is strongly advised. See: https://urllib3.readthedocs.io/en/latest/advanced-usage.html#tls-warnings
  warnings.warn(</msg>
<msg time="2024-06-10T09:17:35.645497" level="INFO">${response} = &lt;Response [200]&gt;</msg>
<var>${response}</var>
<arg>consultarAPI</arg>
<arg>/api</arg>
<doc>Sends a GET request on a previously created HTTP Session.</doc>
<status status="PASS" start="2024-06-10T09:17:35.572809" elapsed="0.072729"/>
</kw>
<kw name="Set Variable" owner="BuiltIn">
<msg time="2024-06-10T09:17:35.646598" level="INFO">${json_data} = {'results': [{'gender': 'male', 'name': {'title': 'Mr', 'first': 'Ayman', 'last': 'Hallingstad'}, 'location': {'street': {'number': 767, 'name': 'Munkerudvollen'}, 'city': 'Heggedal', 'state': 'Telema...</msg>
<var>${json_data}</var>
<arg>${response.json()}</arg>
<doc>Returns the given values which can then be assigned to a variables.</doc>
<status status="PASS" start="2024-06-10T09:17:35.646068" elapsed="0.000561"/>
</kw>
<kw name="Log" owner="BuiltIn">
<msg time="2024-06-10T09:17:35.647147" level="INFO">{'results': [{'gender': 'male', 'name': {'title': 'Mr', 'first': 'Ayman', 'last': 'Hallingstad'}, 'location': {'street': {'number': 767, 'name': 'Munkerudvollen'}, 'city': 'Heggedal', 'state': 'Telemark', 'country': 'Norway', 'postcode': '4079', 'coordinates': {'latitude': '39.3986', 'longitude': '-79.6825'}, 'timezone': {'offset': '-8:00', 'description': 'Pacific Time (US &amp; Canada)'}}, 'email': 'ayman.hallingstad@example.com', 'login': {'uuid': '142194ca-be21-461d-a46f-159a2784fb47', 'username': 'happyzebra188', 'password': 'darkside', 'salt': 'Q4jexd13', 'md5': '273983d4ef594c97d59575079d60f199', 'sha1': 'beb2ef0a8cd643bbe0f584a940a1fd5c7f91862a', 'sha256': '520d094488a378de2eb4bf1976b0ac7286acb4a2e95e02546182350118a0f10f'}, 'dob': {'date': '1963-02-04T23:16:17.836Z', 'age': 61}, 'registered': {'date': '2014-04-02T01:54:21.427Z', 'age': 10}, 'phone': '34529724', 'cell': '49839313', 'id': {'name': 'FN', 'value': '04026306162'}, 'picture': {'large': 'https://randomuser.me/api/portraits/men/67.jpg', 'medium': 'https://randomuser.me/api/portraits/med/men/67.jpg', 'thumbnail': 'https://randomuser.me/api/portraits/thumb/men/67.jpg'}, 'nat': 'NO'}], 'info': {'seed': 'c5bae6a3f55f296d', 'results': 1, 'page': 1, 'version': '1.4'}}</msg>
<arg>${json_data}</arg>
<doc>Logs the given message with the given level.</doc>
<status status="PASS" start="2024-06-10T09:17:35.646981" elapsed="0.000255"/>
</kw>
<kw name="Should Be String" owner="String">
<arg>${json_data['results'][0]['gender']}</arg>
<doc>Fails if the given ``item`` is not a string.</doc>
<status status="PASS" start="2024-06-10T09:17:35.647555" elapsed="0.000375"/>
</kw>
<kw name="Should Match Regexp" owner="BuiltIn">
<arg>${json_data['results'][0]['email']}</arg>
<arg>^[a-zA-Z0-9._%+-]+@[a-zA-Z0-9.-]+\.[a-zA-Z]{2,}$</arg>
<doc>Fails if ``string`` does not match ``pattern`` as a regular expression.</doc>
<status status="PASS" start="2024-06-10T09:17:35.648129" elapsed="0.000520"/>
</kw>
<kw name="Should Match Regexp" owner="BuiltIn">
<arg>${json_data['results'][0]['dob']['date']}</arg>
<arg>\\d{4}-\\d{2}-\\d{2}T\\d{2}:\\d{2}:\\d{2}\\.\\d{3}Z</arg>
<doc>Fails if ``string`` does not match ``pattern`` as a regular expression.</doc>
<status status="PASS" start="2024-06-10T09:17:35.648876" elapsed="0.000499"/>
</kw>
<kw name="Should Match Regexp" owner="BuiltIn">
<arg>${json_data['results'][0]['registered']['date']}</arg>
<arg>\\d{4}-\\d{2}-\\d{2}T\\d{2}:\\d{2}:\\d{2}\\.\\d{3}Z</arg>
<doc>Fails if ``string`` does not match ``pattern`` as a regular expression.</doc>
<status status="PASS" start="2024-06-10T09:17:35.649573" elapsed="0.000368"/>
</kw>
<kw name="Should Match Regexp" owner="BuiltIn">
<arg>${json_data['results'][0]['picture']['large']}</arg>
<arg>^https?://.*\.(?:png|jpe?g|gif|bmp)$</arg>
<doc>Fails if ``string`` does not match ``pattern`` as a regular expression.</doc>
<status status="PASS" start="2024-06-10T09:17:35.650144" elapsed="0.000468"/>
</kw>
<kw name="Should Match Regexp" owner="BuiltIn">
<arg>${json_data['results'][0]['picture']['medium']}</arg>
<arg>^https?://.*\.(?:png|jpe?g|gif|bmp)$</arg>
<doc>Fails if ``string`` does not match ``pattern`` as a regular expression.</doc>
<status status="PASS" start="2024-06-10T09:17:35.650817" elapsed="0.000355"/>
</kw>
<kw name="Should Match Regexp" owner="BuiltIn">
<arg>${json_data['results'][0]['picture']['thumbnail']}</arg>
<arg>^https?://.*\.(?:png|jpe?g|gif|bmp)$</arg>
<doc>Fails if ``string`` does not match ``pattern`` as a regular expression.</doc>
<status status="PASS" start="2024-06-10T09:17:35.651363" elapsed="0.000356"/>
</kw>
<kw name="Log" owner="BuiltIn">
<msg time="2024-06-10T09:17:35.652238" level="INFO">{'large': 'https://randomuser.me/api/portraits/men/67.jpg', 'medium': 'https://randomuser.me/api/portraits/med/men/67.jpg', 'thumbnail': 'https://randomuser.me/api/portraits/thumb/men/67.jpg'}</msg>
<arg>${json_data['results'][0]['picture']}</arg>
<doc>Logs the given message with the given level.</doc>
<status status="PASS" start="2024-06-10T09:17:35.651907" elapsed="0.000375"/>
</kw>
<status status="PASS" start="2024-06-10T09:17:35.572535" elapsed="0.080015"/>
</kw>
<kw name="Teste de Tipos de Dados - Postcode" owner="random-user-service">
<kw name="GET On Session" owner="RequestsLibrary">
<msg time="2024-06-10T09:17:35.749232" level="INFO">GET Request : url=https://randomuser.me/api 
 path_url=/api 
 headers={'User-Agent': 'python-requests/2.32.3', 'Accept-Encoding': 'gzip, deflate', 'Accept': '*/*', 'Connection': 'keep-alive'} 
 body=None 
 </msg>
<msg time="2024-06-10T09:17:35.749338" level="INFO">GET Response : url=https://randomuser.me/api 
 status=200, reason=OK 
 headers={'Date': 'Mon, 10 Jun 2024 09:17:35 GMT', 'Content-Type': 'application/json; charset=utf-8', 'Transfer-Encoding': 'chunked', 'Connection': 'keep-alive', 'X-Powered-By': 'Express', 'Access-Control-Allow-Origin': '*', 'Cache-Control': 'no-cache', 'ETag': 'W/"476-eDkQHbIoTqm2z6mz3UjFHfRuW/8"', 'Vary': 'Accept-Encoding', 'Content-Encoding': 'gzip', 'CF-Cache-Status': 'DYNAMIC', 'Report-To': '{"endpoints":[{"url":"https:\\/\\/a.nel.cloudflare.com\\/report\\/v4?s=5b8RPN8OORaar3Dl1qfZGlqHYRx4w%2ByzRq8OyDmAgQR%2BRuZoCtDfI1iZcM2A3KXpCxEcBWAAkXcVgQ9%2BQMy99LsLUbeF16eWUH9t%2FTolHuRYS9%2BBFbhv7R0hLq98IxYl"}],"group":"cf-nel","max_age":604800}', 'NEL': '{"success_fraction":0,"report_to":"cf-nel","max_age":604800}', 'Server': 'cloudflare', 'CF-RAY': '891844e9de406303-ORD', 'alt-svc': 'h3=":443"; ma=86400'} 
 body={"results":[{"gender":"male","name":{"title":"Mr","first":"Brad","last":"Jensen"},"location":{"street":{"number":3349,"name":"Lakeshore Rd"},"city":"Gladstone","state":"New South Wales","country":"Australia","postcode":9596,"coordinates":{"latitude":"-84.5734","longitude":"-98.2976"},"timezone":{"offset":"-9:00","description":"Alaska"}},"email":"brad.jensen@example.com","login":{"uuid":"17156621-e004-43ab-bd9b-8557b657cd82","username":"organicpanda587","password":"southern","salt":"4barnNT9","md5":"91aa2020a7b4d7a2dc4c8fc9f7c7a781","sha1":"f57ea932ff5f4bffbd5385489c7fb3bd5f970eeb","sha256":"1827ee9bc0b9e99b900c20af00eb6bb448561f47ffdf4dcfd8892137691b283d"},"dob":{"date":"1963-10-27T12:48:08.333Z","age":60},"registered":{"date":"2009-01-20T16:28:23.100Z","age":15},"phone":"07-4347-8519","cell":"0468-909-821","id":{"name":"TFN","value":"805788155"},"picture":{"large":"https://randomuser.me/api/portraits/men/44.jpg","medium":"https://randomuser.me/api/portraits/med/men/44.jpg","thumbnail":"https://randomuser.me/api/portraits/thumb/men/44.jpg"},"nat":"AU"}],"info":{"seed":"45ec7a0379414040","results":1,"page":1,"version":"1.4"}} 
 </msg>
<msg time="2024-06-10T09:17:35.749434" level="INFO">/opt/hostedtoolcache/Python/3.12.3/x64/lib/python3.12/site-packages/urllib3/connectionpool.py:1103: InsecureRequestWarning: Unverified HTTPS request is being made to host 'randomuser.me'. Adding certificate verification is strongly advised. See: https://urllib3.readthedocs.io/en/latest/advanced-usage.html#tls-warnings
  warnings.warn(</msg>
<msg time="2024-06-10T09:17:35.749584" level="INFO">${response} = &lt;Response [200]&gt;</msg>
<var>${response}</var>
<arg>consultarAPI</arg>
<arg>/api</arg>
<doc>Sends a GET request on a previously created HTTP Session.</doc>
<status status="PASS" start="2024-06-10T09:17:35.653060" elapsed="0.096564"/>
</kw>
<kw name="Set Variable" owner="BuiltIn">
<msg time="2024-06-10T09:17:35.750767" level="INFO">${json_data} = {'results': [{'gender': 'male', 'name': {'title': 'Mr', 'first': 'Brad', 'last': 'Jensen'}, 'location': {'street': {'number': 3349, 'name': 'Lakeshore Rd'}, 'city': 'Gladstone', 'state': 'New South Wa...</msg>
<var>${json_data}</var>
<arg>${response.json()}</arg>
<doc>Returns the given values which can then be assigned to a variables.</doc>
<status status="PASS" start="2024-06-10T09:17:35.750243" elapsed="0.000554"/>
</kw>
<kw name="Log" owner="BuiltIn">
<msg time="2024-06-10T09:17:35.751337" level="INFO">{'results': [{'gender': 'male', 'name': {'title': 'Mr', 'first': 'Brad', 'last': 'Jensen'}, 'location': {'street': {'number': 3349, 'name': 'Lakeshore Rd'}, 'city': 'Gladstone', 'state': 'New South Wales', 'country': 'Australia', 'postcode': 9596, 'coordinates': {'latitude': '-84.5734', 'longitude': '-98.2976'}, 'timezone': {'offset': '-9:00', 'description': 'Alaska'}}, 'email': 'brad.jensen@example.com', 'login': {'uuid': '17156621-e004-43ab-bd9b-8557b657cd82', 'username': 'organicpanda587', 'password': 'southern', 'salt': '4barnNT9', 'md5': '91aa2020a7b4d7a2dc4c8fc9f7c7a781', 'sha1': 'f57ea932ff5f4bffbd5385489c7fb3bd5f970eeb', 'sha256': '1827ee9bc0b9e99b900c20af00eb6bb448561f47ffdf4dcfd8892137691b283d'}, 'dob': {'date': '1963-10-27T12:48:08.333Z', 'age': 60}, 'registered': {'date': '2009-01-20T16:28:23.100Z', 'age': 15}, 'phone': '07-4347-8519', 'cell': '0468-909-821', 'id': {'name': 'TFN', 'value': '805788155'}, 'picture': {'large': 'https://randomuser.me/api/portraits/men/44.jpg', 'medium': 'https://randomuser.me/api/portraits/med/men/44.jpg', 'thumbnail': 'https://randomuser.me/api/portraits/thumb/men/44.jpg'}, 'nat': 'AU'}], 'info': {'seed': '45ec7a0379414040', 'results': 1, 'page': 1, 'version': '1.4'}}</msg>
<arg>${json_data}</arg>
<doc>Logs the given message with the given level.</doc>
<status status="PASS" start="2024-06-10T09:17:35.751159" elapsed="0.000264"/>
</kw>
<kw name="Should Be Equal As Numbers" owner="BuiltIn">
<arg>${json_data['results'][0]['location']['postcode']}</arg>
<arg>${json_data['results'][0]['location']['postcode']}</arg>
<doc>Fails if objects are unequal after converting them to real numbers.</doc>
<status status="PASS" start="2024-06-10T09:17:35.751755" elapsed="0.000675"/>
</kw>
<kw name="Log" owner="BuiltIn">
<msg time="2024-06-10T09:17:35.753068" level="INFO">9596</msg>
<arg>${json_data['results'][0]['location']['postcode']}</arg>
<doc>Logs the given message with the given level.</doc>
<status status="PASS" start="2024-06-10T09:17:35.752637" elapsed="0.000475"/>
</kw>
<status status="PASS" start="2024-06-10T09:17:35.652812" elapsed="0.100577"/>
</kw>
<doc>Testa se os tipos de dados na resposta da API estão corretos.</doc>
<tag>testeTiposDados</tag>
<status status="PASS" start="2024-06-10T09:17:35.572039" elapsed="0.181531"/>
</test>
<test id="s1-s1-t5" name="Validar conteudo" line="35">
<kw name="Teste de Tipos de Conteudo" owner="random-user-service">
<kw name="GET On Session" owner="RequestsLibrary">
<msg time="2024-06-10T09:17:35.847073" level="INFO">GET Request : url=https://randomuser.me/api 
 path_url=/api 
 headers={'User-Agent': 'python-requests/2.32.3', 'Accept-Encoding': 'gzip, deflate', 'Accept': '*/*', 'Connection': 'keep-alive'} 
 body=None 
 </msg>
<msg time="2024-06-10T09:17:35.847186" level="INFO">GET Response : url=https://randomuser.me/api 
 status=200, reason=OK 
 headers={'Date': 'Mon, 10 Jun 2024 09:17:35 GMT', 'Content-Type': 'application/json; charset=utf-8', 'Transfer-Encoding': 'chunked', 'Connection': 'keep-alive', 'X-Powered-By': 'Express', 'Access-Control-Allow-Origin': '*', 'Cache-Control': 'no-cache', 'ETag': 'W/"475-t0FOVJxR1EUUGfkLSvnQz8+bd40"', 'Vary': 'Accept-Encoding', 'Content-Encoding': 'gzip', 'CF-Cache-Status': 'DYNAMIC', 'Report-To': '{"endpoints":[{"url":"https:\\/\\/a.nel.cloudflare.com\\/report\\/v4?s=njEh8vZvuco8IV1ONN2OtC8Js%2BGTwn7BOS9d7GcVLYXAkiCi01ZlxAnrLataTcQGW3tOTfrcJSEHTm5J%2FtzLJFJdxJdczH4TeWTgSioC2YWe8Y2eIuBkn9CDGmV%2FyHaq"}],"group":"cf-nel","max_age":604800}', 'NEL': '{"success_fraction":0,"report_to":"cf-nel","max_age":604800}', 'Server': 'cloudflare', 'CF-RAY': '891844ea7e7a6303-ORD', 'alt-svc': 'h3=":443"; ma=86400'} 
 body={"results":[{"gender":"male","name":{"title":"Mr","first":"Gerald","last":"Hock"},"location":{"street":{"number":4714,"name":"Waldstraße"},"city":"Sulingen","state":"Rheinland-Pfalz","country":"Germany","postcode":31087,"coordinates":{"latitude":"-49.0740","longitude":"-23.2385"},"timezone":{"offset":"+3:30","description":"Tehran"}},"email":"gerald.hock@example.com","login":{"uuid":"4597fda3-2ee8-45a3-95f5-1cac1b9a0e46","username":"whitefrog182","password":"enterme","salt":"k44HvOo2","md5":"84a5f9eeb4581535c7e397f26ed7838c","sha1":"fba8b6624c888179adab05fb316f3880ee4b863e","sha256":"0c9b5a7f5632d22d5911fed17eaeee68976298fa962be62934858c2e1eebe657"},"dob":{"date":"1990-03-04T00:52:51.392Z","age":34},"registered":{"date":"2015-10-18T22:37:24.641Z","age":8},"phone":"0165-6093479","cell":"0179-9541500","id":{"name":"SVNR","value":"09 030390 H 133"},"picture":{"large":"https://randomuser.me/api/portraits/men/80.jpg","medium":"https://randomuser.me/api/portraits/med/men/80.jpg","thumbnail":"https://randomuser.me/api/portraits/thumb/men/80.jpg"},"nat":"DE"}],"info":{"seed":"600f70d32ea911b6","results":1,"page":1,"version":"1.4"}} 
 </msg>
<msg time="2024-06-10T09:17:35.847273" level="INFO">/opt/hostedtoolcache/Python/3.12.3/x64/lib/python3.12/site-packages/urllib3/connectionpool.py:1103: InsecureRequestWarning: Unverified HTTPS request is being made to host 'randomuser.me'. Adding certificate verification is strongly advised. See: https://urllib3.readthedocs.io/en/latest/advanced-usage.html#tls-warnings
  warnings.warn(</msg>
<msg time="2024-06-10T09:17:35.847419" level="INFO">${response} = &lt;Response [200]&gt;</msg>
<var>${response}</var>
<arg>consultarAPI</arg>
<arg>/api</arg>
<doc>Sends a GET request on a previously created HTTP Session.</doc>
<status status="PASS" start="2024-06-10T09:17:35.756189" elapsed="0.091275"/>
</kw>
<kw name="Set Variable" owner="BuiltIn">
<msg time="2024-06-10T09:17:35.848497" level="INFO">${json_data} = {'results': [{'gender': 'male', 'name': {'title': 'Mr', 'first': 'Gerald', 'last': 'Hock'}, 'location': {'street': {'number': 4714, 'name': 'Waldstraße'}, 'city': 'Sulingen', 'state': 'Rheinland-Pfalz...</msg>
<var>${json_data}</var>
<arg>${response.json()}</arg>
<doc>Returns the given values which can then be assigned to a variables.</doc>
<status status="PASS" start="2024-06-10T09:17:35.847980" elapsed="0.000546"/>
</kw>
<kw name="Set Variable" owner="BuiltIn">
<msg time="2024-06-10T09:17:35.849266" level="INFO">${name_title} = Mr</msg>
<var>${name_title}</var>
<arg>${json_data["results"][0]["name"]["title"]}</arg>
<doc>Returns the given values which can then be assigned to a variables.</doc>
<status status="PASS" start="2024-06-10T09:17:35.848876" elapsed="0.000416"/>
</kw>
<kw name="Create List" owner="BuiltIn">
<msg time="2024-06-10T09:17:35.849743" level="INFO">${allowed_titles} = ['Mr', 'Ms', 'Miss', 'Mrs', 'Madame', 'Monsieur']</msg>
<var>${allowed_titles}</var>
<arg>Mr</arg>
<arg>Ms</arg>
<arg>Miss</arg>
<arg>Mrs</arg>
<arg>Madame</arg>
<arg>Monsieur</arg>
<doc>Returns a list containing given items.</doc>
<status status="PASS" start="2024-06-10T09:17:35.849594" elapsed="0.000173"/>
</kw>
<kw name="List Should Contain Value" owner="Collections">
<msg time="2024-06-10T09:17:35.850242" level="INFO">False</msg>
<arg>${allowed_titles}</arg>
<arg>${name_title}</arg>
<doc>Fails if the ``value`` is not found from ``list``.</doc>
<status status="PASS" start="2024-06-10T09:17:35.850066" elapsed="0.000218"/>
</kw>
<kw name="Set Variable" owner="BuiltIn">
<msg time="2024-06-10T09:17:35.850952" level="INFO">${name_country} = DE</msg>
<var>${name_country}</var>
<arg>${json_data["results"][0]["nat"]}</arg>
<doc>Returns the given values which can then be assigned to a variables.</doc>
<status status="PASS" start="2024-06-10T09:17:35.850576" elapsed="0.000401"/>
</kw>
<kw name="Create List" owner="BuiltIn">
<msg time="2024-06-10T09:17:35.851881" level="INFO">${list_country} = ['AD', 'AE', 'AF', 'AG', 'AI', 'AL', 'AM', 'AO', 'AQ', 'AR', 'AS', 'AT', 'AU', 'AW', 'AX', 'AZ', 'BA', 'BB', 'BD', 'BE', 'BF', 'BG', 'BH', 'BI', 'BJ', 'BL', 'BM', 'BN', 'BO', 'BQ', 'BR', 'BS', 'BT', '...</msg>
<var>${list_country}</var>
<arg>AD</arg>
<arg>AE</arg>
<arg>AF</arg>
<arg>AG</arg>
<arg>AI</arg>
<arg>AL</arg>
<arg>AM</arg>
<arg>AO</arg>
<arg>AQ</arg>
<arg>AR</arg>
<arg>AS</arg>
<arg>AT</arg>
<arg>AU</arg>
<arg>AW</arg>
<arg>AX</arg>
<arg>AZ</arg>
<arg>BA</arg>
<arg>BB</arg>
<arg>BD</arg>
<arg>BE</arg>
<arg>BF</arg>
<arg>BG</arg>
<arg>BH</arg>
<arg>BI</arg>
<arg>BJ</arg>
<arg>BL</arg>
<arg>BM</arg>
<arg>BN</arg>
<arg>BO</arg>
<arg>BQ</arg>
<arg>BR</arg>
<arg>BS</arg>
<arg>BT</arg>
<arg>BV</arg>
<arg>BW</arg>
<arg>BY</arg>
<arg>BZ</arg>
<arg>CA</arg>
<arg>CC</arg>
<arg>CD</arg>
<arg>CF</arg>
<arg>CG</arg>
<arg>CH</arg>
<arg>CI</arg>
<arg>CK</arg>
<arg>CL</arg>
<arg>CM</arg>
<arg>CN</arg>
<arg>CO</arg>
<arg>CR</arg>
<arg>CU</arg>
<arg>CV</arg>
<arg>CW</arg>
<arg>CX</arg>
<arg>CY</arg>
<arg>CZ</arg>
<arg>DE</arg>
<arg>DJ</arg>
<arg>DK</arg>
<arg>DM</arg>
<arg>DO</arg>
<arg>DZ</arg>
<arg>EC</arg>
<arg>EE</arg>
<arg>EG</arg>
<arg>EH</arg>
<arg>ER</arg>
<arg>ES</arg>
<arg>ET</arg>
<arg>FI</arg>
<arg>FJ</arg>
<arg>FK</arg>
<arg>FM</arg>
<arg>FO</arg>
<arg>FR</arg>
<arg>GA</arg>
<arg>GB</arg>
<arg>GD</arg>
<arg>GE</arg>
<arg>GF</arg>
<arg>GG</arg>
<arg>GH</arg>
<arg>GI</arg>
<arg>GL</arg>
<arg>GM</arg>
<arg>GN</arg>
<arg>GP</arg>
<arg>GQ</arg>
<arg>GR</arg>
<arg>GS</arg>
<arg>GT</arg>
<arg>GU</arg>
<arg>GW</arg>
<arg>GY</arg>
<arg>HK</arg>
<arg>HM</arg>
<arg>HN</arg>
<arg>HR</arg>
<arg>HT</arg>
<arg>HU</arg>
<arg>ID</arg>
<arg>IE</arg>
<arg>IL</arg>
<arg>IM</arg>
<arg>IN</arg>
<arg>IO</arg>
<arg>IQ</arg>
<arg>IR</arg>
<arg>IS</arg>
<arg>IT</arg>
<arg>JE</arg>
<arg>JM</arg>
<arg>JO</arg>
<arg>JP</arg>
<arg>KE</arg>
<arg>KG</arg>
<arg>KH</arg>
<arg>KI</arg>
<arg>KM</arg>
<arg>KN</arg>
<arg>KP</arg>
<arg>KR</arg>
<arg>KW</arg>
<arg>KY</arg>
<arg>KZ</arg>
<arg>LA</arg>
<arg>LB</arg>
<arg>LC</arg>
<arg>LI</arg>
<arg>LK</arg>
<arg>LR</arg>
<arg>LS</arg>
<arg>LT</arg>
<arg>LU</arg>
<arg>LV</arg>
<arg>LY</arg>
<arg>MA</arg>
<arg>MC</arg>
<arg>MD</arg>
<arg>ME</arg>
<arg>MF</arg>
<arg>MG</arg>
<arg>MH</arg>
<arg>MK</arg>
<arg>ML</arg>
<arg>MM</arg>
<arg>MN</arg>
<arg>MO</arg>
<arg>MP</arg>
<arg>MQ</arg>
<arg>MR</arg>
<arg>MS</arg>
<arg>MT</arg>
<arg>MU</arg>
<arg>MV</arg>
<arg>MW</arg>
<arg>MX</arg>
<arg>MY</arg>
<arg>MZ</arg>
<arg>NA</arg>
<arg>NC</arg>
<arg>NE</arg>
<arg>NF</arg>
<arg>NG</arg>
<arg>NI</arg>
<arg>NL</arg>
<arg>NO</arg>
<arg>NP</arg>
<arg>NR</arg>
<arg>NU</arg>
<arg>NZ</arg>
<arg>OM</arg>
<arg>PA</arg>
<arg>PE</arg>
<arg>PF</arg>
<arg>PG</arg>
<arg>PH</arg>
<arg>PK</arg>
<arg>PL</arg>
<arg>PM</arg>
<arg>PN</arg>
<arg>PR</arg>
<arg>PS</arg>
<arg>PT</arg>
<arg>PW</arg>
<arg>PY</arg>
<arg>QA</arg>
<arg>RE</arg>
<arg>RO</arg>
<arg>RS</arg>
<arg>RU</arg>
<arg>RW</arg>
<arg>SA</arg>
<arg>SB</arg>
<arg>SC</arg>
<arg>SD</arg>
<arg>SE</arg>
<arg>SG</arg>
<arg>SH</arg>
<arg>SI</arg>
<arg>SJ</arg>
<arg>SK</arg>
<arg>SL</arg>
<arg>SM</arg>
<arg>SN</arg>
<arg>SO</arg>
<arg>SR</arg>
<arg>SS</arg>
<arg>ST</arg>
<arg>SV</arg>
<arg>SX</arg>
<arg>SY</arg>
<arg>SZ</arg>
<arg>TC</arg>
<arg>TD</arg>
<arg>TF</arg>
<arg>TG</arg>
<arg>TH</arg>
<arg>TJ</arg>
<arg>TK</arg>
<arg>TL</arg>
<arg>TM</arg>
<arg>TN</arg>
<arg>TO</arg>
<arg>TR</arg>
<arg>TT</arg>
<arg>TV</arg>
<arg>TW</arg>
<arg>TZ</arg>
<arg>UA</arg>
<arg>UG</arg>
<arg>UM</arg>
<arg>US</arg>
<arg>UY</arg>
<arg>UZ</arg>
<arg>VA</arg>
<arg>VC</arg>
<arg>VE</arg>
<arg>VG</arg>
<arg>VI</arg>
<arg>VN</arg>
<arg>VU</arg>
<arg>WF</arg>
<arg>WS</arg>
<arg>XK</arg>
<arg>YE</arg>
<arg>YT</arg>
<arg>ZA</arg>
<arg>ZM</arg>
<arg>ZW</arg>
<doc>Returns a list containing given items.</doc>
<status status="PASS" start="2024-06-10T09:17:35.851278" elapsed="0.000628"/>
</kw>
<kw name="List Should Contain Value" owner="Collections">
<msg time="2024-06-10T09:17:35.852916" level="INFO">False</msg>
<arg>${list_country}</arg>
<arg>${name_country}</arg>
<doc>Fails if the ``value`` is not found from ``list``.</doc>
<status status="PASS" start="2024-06-10T09:17:35.852710" elapsed="0.000241"/>
</kw>
<kw name="Run Keyword If" owner="BuiltIn">
<kw name="Should Be True" owner="BuiltIn">
<arg>${True}</arg>
<doc>Fails if the given condition is not true.</doc>
<status status="PASS" start="2024-06-10T09:17:35.854168" elapsed="0.000144"/>
</kw>
<arg>${json_data["results"][0]["location"]["coordinates"]["latitude"]} &gt;= -90 and ${json_data["results"][0]["location"]["coordinates"]["latitude"]} &lt;= 90</arg>
<arg>Should Be True</arg>
<arg>${True}</arg>
<doc>Runs the given keyword with the given arguments, if ``condition`` is true.</doc>
<status status="PASS" start="2024-06-10T09:17:35.853268" elapsed="0.001171"/>
</kw>
<kw name="Run Keyword If" owner="BuiltIn">
<kw name="Should Be True" owner="BuiltIn">
<arg>${True}</arg>
<doc>Fails if the given condition is not true.</doc>
<status status="PASS" start="2024-06-10T09:17:35.855316" elapsed="0.000140"/>
</kw>
<arg>${json_data["results"][0]["location"]["coordinates"]["longitude"]} &gt;= -180 and ${json_data["results"][0]["location"]["coordinates"]["longitude"]} &lt;= 180</arg>
<arg>Should Be True</arg>
<arg>${True}</arg>
<doc>Runs the given keyword with the given arguments, if ``condition`` is true.</doc>
<status status="PASS" start="2024-06-10T09:17:35.854624" elapsed="0.000958"/>
</kw>
<status status="PASS" start="2024-06-10T09:17:35.755944" elapsed="0.099769"/>
</kw>
<doc>Testa o conteúdo específico dos campos retornados pela API.</doc>
<tag>testeConteudo</tag>
<status status="PASS" start="2024-06-10T09:17:35.755383" elapsed="0.100484"/>
</test>
<status status="PASS" start="2024-06-10T09:17:35.027834" elapsed="0.829984"/>
</suite>
<status status="PASS" start="2024-06-10T09:17:35.014061" elapsed="0.848955"/>
</suite>
<statistics>
<total>
<stat pass="5" fail="0" skip="0">All Tests</stat>
</total>
<tag>
<stat pass="1" fail="0" skip="0">testeConteudo</stat>
<stat pass="1" fail="0" skip="0">testeEstruturaResposta</stat>
<stat pass="1" fail="0" skip="0">testeRequisicaoBasica</stat>
<stat pass="1" fail="0" skip="0">testeTiposDados</stat>
</tag>
<suite>
<stat pass="5" fail="0" skip="0" id="s1" name="Tests">Tests</stat>
<stat pass="5" fail="0" skip="0" id="s1-s1" name="Random-User-Test">Tests.Random-User-Test</stat>
</suite>
</statistics>
<errors>
</errors>
</robot>
