<?xml version="1.0" encoding="UTF-8"?>
<robot generator="Robot 7.0.1 (Python 3.12.4 on linux)" generated="2024-06-22T03:18:20.281123" rpa="false" schemaversion="5">
<suite id="s1" name="Tests" source="/home/runner/work/ApiRandomUser/ApiRandomUser/RamdonUser/tests">
<suite id="s1-s1" name="Random-User-Test" source="/home/runner/work/ApiRandomUser/ApiRandomUser/RamdonUser/tests/random-user-test.robot">
<test id="s1-s1-t1" name="Conectar" line="13">
<kw name="Conectar API" owner="random-user-service">
<kw name="Create Session" owner="RequestsLibrary">
<msg time="2024-06-22T03:18:20.754713" level="INFO">Creating Session using : alias=consultarAPI, url=https://randomuser.me/, headers={},                     cookies={}, auth=None, timeout=None, proxies=None, verify=False,                     debug=0 </msg>
<arg>consultarAPI</arg>
<arg>${URL}</arg>
<doc>Create Session: create a HTTP session to a server</doc>
<status status="PASS" start="2024-06-22T03:18:20.754499" elapsed="0.000407"/>
</kw>
<status status="PASS" start="2024-06-22T03:18:20.753478" elapsed="0.001813"/>
</kw>
<status status="PASS" start="2024-06-22T03:18:20.752846" elapsed="0.002646"/>
</test>
<test id="s1-s1-t2" name="Validar retorno 200 e JSON Válido" line="16">
<kw name="Teste de Requisicao Basica" owner="random-user-service">
<kw name="GET On Session" owner="RequestsLibrary">
<msg time="2024-06-22T03:18:20.931274" level="INFO">GET Request : url=https://randomuser.me/api 
 path_url=/api 
 headers={'User-Agent': 'python-requests/2.32.3', 'Accept-Encoding': 'gzip, deflate', 'Accept': '*/*', 'Connection': 'keep-alive'} 
 body=None 
 </msg>
<msg time="2024-06-22T03:18:20.931433" level="INFO">GET Response : url=https://randomuser.me/api 
 status=200, reason=OK 
 headers={'Date': 'Sat, 22 Jun 2024 03:18:20 GMT', 'Content-Type': 'application/json; charset=utf-8', 'Transfer-Encoding': 'chunked', 'Connection': 'keep-alive', 'X-Powered-By': 'Express', 'Access-Control-Allow-Origin': '*', 'Cache-Control': 'no-cache', 'ETag': 'W/"4a5-qfXljZ3k2wSrvFp+r+h0CBQLqqM"', 'Vary': 'Accept-Encoding', 'Content-Encoding': 'gzip', 'CF-Cache-Status': 'DYNAMIC', 'Report-To': '{"endpoints":[{"url":"https:\\/\\/a.nel.cloudflare.com\\/report\\/v4?s=0A2TthFlm8APYJillGjefLawgREIbxcVTmrGq9yThiC2j2uaTp4EwRwSA4i8vwzS7mns4m63U5FJ9VYL53hzCU%2B0lxeBnTtm9VOjuKCAmKWxxea57Xj9jDrEObPNA7Dh"}],"group":"cf-nel","max_age":604800}', 'NEL': '{"success_fraction":0,"report_to":"cf-nel","max_age":604800}', 'Server': 'cloudflare', 'CF-RAY': '8979172c9f4c083a-IAD', 'alt-svc': 'h3=":443"; ma=86400'} 
 body={"results":[{"gender":"male","name":{"title":"Mr","first":"Luukas","last":"Niemela"},"location":{"street":{"number":1092,"name":"Pirkankatu"},"city":"Jakobstad","state":"Central Ostrobothnia","country":"Finland","postcode":87027,"coordinates":{"latitude":"-22.5066","longitude":"-132.5639"},"timezone":{"offset":"-6:00","description":"Central Time (US &amp; Canada), Mexico City"}},"email":"luukas.niemela@example.com","login":{"uuid":"8931821d-2fc5-4794-8f26-49d4a3d95623","username":"blackgorilla347","password":"velvet","salt":"i9WtBMsV","md5":"2ea09d34945e29b965d44604e3982c79","sha1":"4513d0c1ef8cd36cc1642b2701eacc7597c86d18","sha256":"929e2cb17e762f4f8db9e8ca019d3ce8eb203a1381d4ec196629bcf3835501e0"},"dob":{"date":"1978-11-27T07:41:25.030Z","age":45},"registered":{"date":"2019-09-26T22:28:37.546Z","age":4},"phone":"07-285-331","cell":"042-822-75-68","id":{"name":"HETU","value":"NaNNA739undefined"},"picture":{"large":"https://randomuser.me/api/portraits/men/25.jpg","medium":"https://randomuser.me/api/portraits/med/men/25.jpg","thumbnail":"https://randomuser.me/api/portraits/thumb/men/25.jpg"},"nat":"FI"}],"info":{"seed":"b2b597af52686122","results":1,"page":1,"version":"1.4"}} 
 </msg>
<msg time="2024-06-22T03:18:20.931519" level="INFO">/opt/hostedtoolcache/Python/3.12.4/x64/lib/python3.12/site-packages/urllib3/connectionpool.py:1099: InsecureRequestWarning: Unverified HTTPS request is being made to host 'randomuser.me'. Adding certificate verification is strongly advised. See: https://urllib3.readthedocs.io/en/latest/advanced-usage.html#tls-warnings
  warnings.warn(</msg>
<msg time="2024-06-22T03:18:20.931678" level="INFO">${response} = &lt;Response [200]&gt;</msg>
<var>${response}</var>
<arg>consultarAPI</arg>
<arg>/api</arg>
<doc>Sends a GET request on a previously created HTTP Session.</doc>
<status status="PASS" start="2024-06-22T03:18:20.758255" elapsed="0.173466"/>
</kw>
<kw name="Should Be Equal As Numbers" owner="BuiltIn">
<msg time="2024-06-22T03:18:20.932946" level="INFO">Argument types are:
&lt;class 'int'&gt;
&lt;class 'str'&gt;</msg>
<arg>${response.status_code}</arg>
<arg>200</arg>
<doc>Fails if objects are unequal after converting them to real numbers.</doc>
<status status="PASS" start="2024-06-22T03:18:20.932401" elapsed="0.000616"/>
</kw>
<kw name="Log" owner="BuiltIn">
<msg time="2024-06-22T03:18:20.933717" level="INFO">200</msg>
<arg>${response.status_code}</arg>
<doc>Logs the given message with the given level.</doc>
<status status="PASS" start="2024-06-22T03:18:20.933362" elapsed="0.000398"/>
</kw>
<kw name="Set Variable" owner="BuiltIn">
<msg time="2024-06-22T03:18:20.934497" level="INFO">${json_data} = {'results': [{'gender': 'male', 'name': {'title': 'Mr', 'first': 'Luukas', 'last': 'Niemela'}, 'location': {'street': {'number': 1092, 'name': 'Pirkankatu'}, 'city': 'Jakobstad', 'state': 'Central Ost...</msg>
<var>${json_data}</var>
<arg>${response.json()}</arg>
<doc>Returns the given values which can then be assigned to a variables.</doc>
<status status="PASS" start="2024-06-22T03:18:20.934059" elapsed="0.000467"/>
</kw>
<kw name="Dictionary Should Contain Key" owner="Collections">
<arg>${json_data}</arg>
<arg>results</arg>
<doc>Fails if ``key`` is not found from ``dictionary``.</doc>
<status status="PASS" start="2024-06-22T03:18:20.934826" elapsed="0.000169"/>
</kw>
<status status="PASS" start="2024-06-22T03:18:20.757986" elapsed="0.177161"/>
</kw>
<doc>Testa se a API responde corretamente e retorna um objeto JSON válido.</doc>
<tag>testeRequisicaoBasica</tag>
<status status="PASS" start="2024-06-22T03:18:20.757474" elapsed="0.177847"/>
</test>
<test id="s1-s1-t3" name="Validar estrutura de resposta" line="22">
<kw name="Teste de Estrutura de Resposta" owner="random-user-service">
<kw name="GET On Session" owner="RequestsLibrary">
<msg time="2024-06-22T03:18:21.029949" level="INFO">GET Request : url=https://randomuser.me/api 
 path_url=/api 
 headers={'User-Agent': 'python-requests/2.32.3', 'Accept-Encoding': 'gzip, deflate', 'Accept': '*/*', 'Connection': 'keep-alive'} 
 body=None 
 </msg>
<msg time="2024-06-22T03:18:21.030068" level="INFO">GET Response : url=https://randomuser.me/api 
 status=200, reason=OK 
 headers={'Date': 'Sat, 22 Jun 2024 03:18:21 GMT', 'Content-Type': 'application/json; charset=utf-8', 'Transfer-Encoding': 'chunked', 'Connection': 'keep-alive', 'X-Powered-By': 'Express', 'Access-Control-Allow-Origin': '*', 'Cache-Control': 'no-cache', 'ETag': 'W/"483-uUb0wi2ZFLNdL9V+zYIXTRnIxWY"', 'Vary': 'Accept-Encoding', 'Content-Encoding': 'gzip', 'CF-Cache-Status': 'DYNAMIC', 'Report-To': '{"endpoints":[{"url":"https:\\/\\/a.nel.cloudflare.com\\/report\\/v4?s=tBR0LCzq5kE521T6KsaHiLnc8dDSUExVSCVSt4fS2A2NhqasfWLBr3MwV8hsi2AwXFNWbhQcTgw033CRexuyAvDz%2B8pwB8py2jCDFe3ujgDTNPK9AwiZt21TUsGQn%2FDR"}],"group":"cf-nel","max_age":604800}', 'NEL': '{"success_fraction":0,"report_to":"cf-nel","max_age":604800}', 'Server': 'cloudflare', 'CF-RAY': '8979172cdfb4083a-IAD', 'alt-svc': 'h3=":443"; ma=86400'} 
 body={"results":[{"gender":"male","name":{"title":"Mr","first":"Matthew","last":"Rydningen"},"location":{"street":{"number":3762,"name":"Vestengsvingen"},"city":"Hamnås","state":"Trøndelag","country":"Norway","postcode":"2318","coordinates":{"latitude":"38.7595","longitude":"-179.0807"},"timezone":{"offset":"-1:00","description":"Azores, Cape Verde Islands"}},"email":"matthew.rydningen@example.com","login":{"uuid":"9b66e3ef-766d-469a-98ce-adf3785fda74","username":"smalltiger692","password":"lucas","salt":"EyzYALPw","md5":"b47c8cd651efd6dbb3af0c158a3bb771","sha1":"b238d7756674e1d2a5af1fea3a8ef1418fe387df","sha256":"347fbeaa3a19a0c7cfe7ddd3a302b9d8a0fd74fa9cdfdd3c1b74fb9b9a023bd5"},"dob":{"date":"1991-04-18T01:56:19.960Z","age":33},"registered":{"date":"2021-05-24T02:33:57.519Z","age":3},"phone":"55398642","cell":"41357814","id":{"name":"FN","value":"18049145531"},"picture":{"large":"https://randomuser.me/api/portraits/men/20.jpg","medium":"https://randomuser.me/api/portraits/med/men/20.jpg","thumbnail":"https://randomuser.me/api/portraits/thumb/men/20.jpg"},"nat":"NO"}],"info":{"seed":"25fc6ea9d638e8ed","results":1,"page":1,"version":"1.4"}} 
 </msg>
<msg time="2024-06-22T03:18:21.030215" level="INFO">/opt/hostedtoolcache/Python/3.12.4/x64/lib/python3.12/site-packages/urllib3/connectionpool.py:1099: InsecureRequestWarning: Unverified HTTPS request is being made to host 'randomuser.me'. Adding certificate verification is strongly advised. See: https://urllib3.readthedocs.io/en/latest/advanced-usage.html#tls-warnings
  warnings.warn(</msg>
<msg time="2024-06-22T03:18:21.030346" level="INFO">${response} = &lt;Response [200]&gt;</msg>
<var>${response}</var>
<arg>consultarAPI</arg>
<arg>/api</arg>
<doc>Sends a GET request on a previously created HTTP Session.</doc>
<status status="PASS" start="2024-06-22T03:18:20.938046" elapsed="0.092341"/>
</kw>
<kw name="Set Variable" owner="BuiltIn">
<msg time="2024-06-22T03:18:21.031617" level="INFO">${json_data} = {'results': [{'gender': 'male', 'name': {'title': 'Mr', 'first': 'Matthew', 'last': 'Rydningen'}, 'location': {'street': {'number': 3762, 'name': 'Vestengsvingen'}, 'city': 'Hamnås', 'state': 'Trøndel...</msg>
<var>${json_data}</var>
<arg>${response.json()}</arg>
<doc>Returns the given values which can then be assigned to a variables.</doc>
<status status="PASS" start="2024-06-22T03:18:21.031034" elapsed="0.000613"/>
</kw>
<kw name="Log" owner="BuiltIn">
<msg time="2024-06-22T03:18:21.032129" level="INFO">{'results': [{'gender': 'male', 'name': {'title': 'Mr', 'first': 'Matthew', 'last': 'Rydningen'}, 'location': {'street': {'number': 3762, 'name': 'Vestengsvingen'}, 'city': 'Hamnås', 'state': 'Trøndelag', 'country': 'Norway', 'postcode': '2318', 'coordinates': {'latitude': '38.7595', 'longitude': '-179.0807'}, 'timezone': {'offset': '-1:00', 'description': 'Azores, Cape Verde Islands'}}, 'email': 'matthew.rydningen@example.com', 'login': {'uuid': '9b66e3ef-766d-469a-98ce-adf3785fda74', 'username': 'smalltiger692', 'password': 'lucas', 'salt': 'EyzYALPw', 'md5': 'b47c8cd651efd6dbb3af0c158a3bb771', 'sha1': 'b238d7756674e1d2a5af1fea3a8ef1418fe387df', 'sha256': '347fbeaa3a19a0c7cfe7ddd3a302b9d8a0fd74fa9cdfdd3c1b74fb9b9a023bd5'}, 'dob': {'date': '1991-04-18T01:56:19.960Z', 'age': 33}, 'registered': {'date': '2021-05-24T02:33:57.519Z', 'age': 3}, 'phone': '55398642', 'cell': '41357814', 'id': {'name': 'FN', 'value': '18049145531'}, 'picture': {'large': 'https://randomuser.me/api/portraits/men/20.jpg', 'medium': 'https://randomuser.me/api/portraits/med/men/20.jpg', 'thumbnail': 'https://randomuser.me/api/portraits/thumb/men/20.jpg'}, 'nat': 'NO'}], 'info': {'seed': '25fc6ea9d638e8ed', 'results': 1, 'page': 1, 'version': '1.4'}}</msg>
<arg>${json_data}</arg>
<doc>Logs the given message with the given level.</doc>
<status status="PASS" start="2024-06-22T03:18:21.031963" elapsed="0.000216"/>
</kw>
<kw name="Dictionary Should Contain Key" owner="Collections">
<arg>${json_data}</arg>
<arg>results</arg>
<doc>Fails if ``key`` is not found from ``dictionary``.</doc>
<status status="PASS" start="2024-06-22T03:18:21.032473" elapsed="0.000224"/>
</kw>
<kw name="Should Not Be Empty" owner="BuiltIn">
<msg time="2024-06-22T03:18:21.033011" level="INFO">Length is 2.</msg>
<arg>${json_data}</arg>
<doc>Verifies that the given item is not empty.</doc>
<status status="PASS" start="2024-06-22T03:18:21.032884" elapsed="0.000165"/>
</kw>
<kw name="Create List" owner="BuiltIn">
<msg time="2024-06-22T03:18:21.033645" level="INFO">${expected_keys} = ['gender', 'name', 'location', 'email', 'login']</msg>
<var>${expected_keys}</var>
<arg>gender</arg>
<arg>name</arg>
<arg>location</arg>
<arg>email</arg>
<arg>login</arg>
<doc>Returns a list containing given items.</doc>
<status status="PASS" start="2024-06-22T03:18:21.033338" elapsed="0.000331"/>
</kw>
<for flavor="IN">
<iter>
<kw name="Dictionary Should Contain Key" owner="Collections">
<arg>${json_data['results'][0]}</arg>
<arg>${key}</arg>
<doc>Fails if ``key`` is not found from ``dictionary``.</doc>
<status status="PASS" start="2024-06-22T03:18:21.034258" elapsed="0.000408"/>
</kw>
<kw name="Log" owner="BuiltIn">
<msg time="2024-06-22T03:18:21.035214" level="INFO">{'gender': 'male', 'name': {'title': 'Mr', 'first': 'Matthew', 'last': 'Rydningen'}, 'location': {'street': {'number': 3762, 'name': 'Vestengsvingen'}, 'city': 'Hamnås', 'state': 'Trøndelag', 'country': 'Norway', 'postcode': '2318', 'coordinates': {'latitude': '38.7595', 'longitude': '-179.0807'}, 'timezone': {'offset': '-1:00', 'description': 'Azores, Cape Verde Islands'}}, 'email': 'matthew.rydningen@example.com', 'login': {'uuid': '9b66e3ef-766d-469a-98ce-adf3785fda74', 'username': 'smalltiger692', 'password': 'lucas', 'salt': 'EyzYALPw', 'md5': 'b47c8cd651efd6dbb3af0c158a3bb771', 'sha1': 'b238d7756674e1d2a5af1fea3a8ef1418fe387df', 'sha256': '347fbeaa3a19a0c7cfe7ddd3a302b9d8a0fd74fa9cdfdd3c1b74fb9b9a023bd5'}, 'dob': {'date': '1991-04-18T01:56:19.960Z', 'age': 33}, 'registered': {'date': '2021-05-24T02:33:57.519Z', 'age': 3}, 'phone': '55398642', 'cell': '41357814', 'id': {'name': 'FN', 'value': '18049145531'}, 'picture': {'large': 'https://randomuser.me/api/portraits/men/20.jpg', 'medium': 'https://randomuser.me/api/portraits/med/men/20.jpg', 'thumbnail': 'https://randomuser.me/api/portraits/thumb/men/20.jpg'}, 'nat': 'NO'}</msg>
<arg>${json_data['results'][0]}</arg>
<doc>Logs the given message with the given level.</doc>
<status status="PASS" start="2024-06-22T03:18:21.034856" elapsed="0.000416"/>
</kw>
<kw name="Log" owner="BuiltIn">
<msg time="2024-06-22T03:18:21.035704" level="INFO">gender</msg>
<arg>${key}</arg>
<doc>Logs the given message with the given level.</doc>
<status status="PASS" start="2024-06-22T03:18:21.035575" elapsed="0.000167"/>
</kw>
<var name="${key}">gender</var>
<status status="PASS" start="2024-06-22T03:18:21.034135" elapsed="0.001827"/>
</iter>
<iter>
<kw name="Dictionary Should Contain Key" owner="Collections">
<arg>${json_data['results'][0]}</arg>
<arg>${key}</arg>
<doc>Fails if ``key`` is not found from ``dictionary``.</doc>
<status status="PASS" start="2024-06-22T03:18:21.036262" elapsed="0.000407"/>
</kw>
<kw name="Log" owner="BuiltIn">
<msg time="2024-06-22T03:18:21.037218" level="INFO">{'gender': 'male', 'name': {'title': 'Mr', 'first': 'Matthew', 'last': 'Rydningen'}, 'location': {'street': {'number': 3762, 'name': 'Vestengsvingen'}, 'city': 'Hamnås', 'state': 'Trøndelag', 'country': 'Norway', 'postcode': '2318', 'coordinates': {'latitude': '38.7595', 'longitude': '-179.0807'}, 'timezone': {'offset': '-1:00', 'description': 'Azores, Cape Verde Islands'}}, 'email': 'matthew.rydningen@example.com', 'login': {'uuid': '9b66e3ef-766d-469a-98ce-adf3785fda74', 'username': 'smalltiger692', 'password': 'lucas', 'salt': 'EyzYALPw', 'md5': 'b47c8cd651efd6dbb3af0c158a3bb771', 'sha1': 'b238d7756674e1d2a5af1fea3a8ef1418fe387df', 'sha256': '347fbeaa3a19a0c7cfe7ddd3a302b9d8a0fd74fa9cdfdd3c1b74fb9b9a023bd5'}, 'dob': {'date': '1991-04-18T01:56:19.960Z', 'age': 33}, 'registered': {'date': '2021-05-24T02:33:57.519Z', 'age': 3}, 'phone': '55398642', 'cell': '41357814', 'id': {'name': 'FN', 'value': '18049145531'}, 'picture': {'large': 'https://randomuser.me/api/portraits/men/20.jpg', 'medium': 'https://randomuser.me/api/portraits/med/men/20.jpg', 'thumbnail': 'https://randomuser.me/api/portraits/thumb/men/20.jpg'}, 'nat': 'NO'}</msg>
<arg>${json_data['results'][0]}</arg>
<doc>Logs the given message with the given level.</doc>
<status status="PASS" start="2024-06-22T03:18:21.036861" elapsed="0.000453"/>
</kw>
<kw name="Log" owner="BuiltIn">
<msg time="2024-06-22T03:18:21.037751" level="INFO">name</msg>
<arg>${key}</arg>
<doc>Logs the given message with the given level.</doc>
<status status="PASS" start="2024-06-22T03:18:21.037623" elapsed="0.000166"/>
</kw>
<var name="${key}">name</var>
<status status="PASS" start="2024-06-22T03:18:21.036149" elapsed="0.001861"/>
</iter>
<iter>
<kw name="Dictionary Should Contain Key" owner="Collections">
<arg>${json_data['results'][0]}</arg>
<arg>${key}</arg>
<doc>Fails if ``key`` is not found from ``dictionary``.</doc>
<status status="PASS" start="2024-06-22T03:18:21.038303" elapsed="0.000388"/>
</kw>
<kw name="Log" owner="BuiltIn">
<msg time="2024-06-22T03:18:21.039244" level="INFO">{'gender': 'male', 'name': {'title': 'Mr', 'first': 'Matthew', 'last': 'Rydningen'}, 'location': {'street': {'number': 3762, 'name': 'Vestengsvingen'}, 'city': 'Hamnås', 'state': 'Trøndelag', 'country': 'Norway', 'postcode': '2318', 'coordinates': {'latitude': '38.7595', 'longitude': '-179.0807'}, 'timezone': {'offset': '-1:00', 'description': 'Azores, Cape Verde Islands'}}, 'email': 'matthew.rydningen@example.com', 'login': {'uuid': '9b66e3ef-766d-469a-98ce-adf3785fda74', 'username': 'smalltiger692', 'password': 'lucas', 'salt': 'EyzYALPw', 'md5': 'b47c8cd651efd6dbb3af0c158a3bb771', 'sha1': 'b238d7756674e1d2a5af1fea3a8ef1418fe387df', 'sha256': '347fbeaa3a19a0c7cfe7ddd3a302b9d8a0fd74fa9cdfdd3c1b74fb9b9a023bd5'}, 'dob': {'date': '1991-04-18T01:56:19.960Z', 'age': 33}, 'registered': {'date': '2021-05-24T02:33:57.519Z', 'age': 3}, 'phone': '55398642', 'cell': '41357814', 'id': {'name': 'FN', 'value': '18049145531'}, 'picture': {'large': 'https://randomuser.me/api/portraits/men/20.jpg', 'medium': 'https://randomuser.me/api/portraits/med/men/20.jpg', 'thumbnail': 'https://randomuser.me/api/portraits/thumb/men/20.jpg'}, 'nat': 'NO'}</msg>
<arg>${json_data['results'][0]}</arg>
<doc>Logs the given message with the given level.</doc>
<status status="PASS" start="2024-06-22T03:18:21.038881" elapsed="0.000421"/>
</kw>
<kw name="Log" owner="BuiltIn">
<msg time="2024-06-22T03:18:21.039728" level="INFO">location</msg>
<arg>${key}</arg>
<doc>Logs the given message with the given level.</doc>
<status status="PASS" start="2024-06-22T03:18:21.039600" elapsed="0.000165"/>
</kw>
<var name="${key}">location</var>
<status status="PASS" start="2024-06-22T03:18:21.038194" elapsed="0.001787"/>
</iter>
<iter>
<kw name="Dictionary Should Contain Key" owner="Collections">
<arg>${json_data['results'][0]}</arg>
<arg>${key}</arg>
<doc>Fails if ``key`` is not found from ``dictionary``.</doc>
<status status="PASS" start="2024-06-22T03:18:21.040264" elapsed="0.000426"/>
</kw>
<kw name="Log" owner="BuiltIn">
<msg time="2024-06-22T03:18:21.041241" level="INFO">{'gender': 'male', 'name': {'title': 'Mr', 'first': 'Matthew', 'last': 'Rydningen'}, 'location': {'street': {'number': 3762, 'name': 'Vestengsvingen'}, 'city': 'Hamnås', 'state': 'Trøndelag', 'country': 'Norway', 'postcode': '2318', 'coordinates': {'latitude': '38.7595', 'longitude': '-179.0807'}, 'timezone': {'offset': '-1:00', 'description': 'Azores, Cape Verde Islands'}}, 'email': 'matthew.rydningen@example.com', 'login': {'uuid': '9b66e3ef-766d-469a-98ce-adf3785fda74', 'username': 'smalltiger692', 'password': 'lucas', 'salt': 'EyzYALPw', 'md5': 'b47c8cd651efd6dbb3af0c158a3bb771', 'sha1': 'b238d7756674e1d2a5af1fea3a8ef1418fe387df', 'sha256': '347fbeaa3a19a0c7cfe7ddd3a302b9d8a0fd74fa9cdfdd3c1b74fb9b9a023bd5'}, 'dob': {'date': '1991-04-18T01:56:19.960Z', 'age': 33}, 'registered': {'date': '2021-05-24T02:33:57.519Z', 'age': 3}, 'phone': '55398642', 'cell': '41357814', 'id': {'name': 'FN', 'value': '18049145531'}, 'picture': {'large': 'https://randomuser.me/api/portraits/men/20.jpg', 'medium': 'https://randomuser.me/api/portraits/med/men/20.jpg', 'thumbnail': 'https://randomuser.me/api/portraits/thumb/men/20.jpg'}, 'nat': 'NO'}</msg>
<arg>${json_data['results'][0]}</arg>
<doc>Logs the given message with the given level.</doc>
<status status="PASS" start="2024-06-22T03:18:21.040883" elapsed="0.000410"/>
</kw>
<kw name="Log" owner="BuiltIn">
<msg time="2024-06-22T03:18:21.041713" level="INFO">email</msg>
<arg>${key}</arg>
<doc>Logs the given message with the given level.</doc>
<status status="PASS" start="2024-06-22T03:18:21.041588" elapsed="0.000162"/>
</kw>
<var name="${key}">email</var>
<status status="PASS" start="2024-06-22T03:18:21.040159" elapsed="0.001808"/>
</iter>
<iter>
<kw name="Dictionary Should Contain Key" owner="Collections">
<arg>${json_data['results'][0]}</arg>
<arg>${key}</arg>
<doc>Fails if ``key`` is not found from ``dictionary``.</doc>
<status status="PASS" start="2024-06-22T03:18:21.042244" elapsed="0.000393"/>
</kw>
<kw name="Log" owner="BuiltIn">
<msg time="2024-06-22T03:18:21.043175" level="INFO">{'gender': 'male', 'name': {'title': 'Mr', 'first': 'Matthew', 'last': 'Rydningen'}, 'location': {'street': {'number': 3762, 'name': 'Vestengsvingen'}, 'city': 'Hamnås', 'state': 'Trøndelag', 'country': 'Norway', 'postcode': '2318', 'coordinates': {'latitude': '38.7595', 'longitude': '-179.0807'}, 'timezone': {'offset': '-1:00', 'description': 'Azores, Cape Verde Islands'}}, 'email': 'matthew.rydningen@example.com', 'login': {'uuid': '9b66e3ef-766d-469a-98ce-adf3785fda74', 'username': 'smalltiger692', 'password': 'lucas', 'salt': 'EyzYALPw', 'md5': 'b47c8cd651efd6dbb3af0c158a3bb771', 'sha1': 'b238d7756674e1d2a5af1fea3a8ef1418fe387df', 'sha256': '347fbeaa3a19a0c7cfe7ddd3a302b9d8a0fd74fa9cdfdd3c1b74fb9b9a023bd5'}, 'dob': {'date': '1991-04-18T01:56:19.960Z', 'age': 33}, 'registered': {'date': '2021-05-24T02:33:57.519Z', 'age': 3}, 'phone': '55398642', 'cell': '41357814', 'id': {'name': 'FN', 'value': '18049145531'}, 'picture': {'large': 'https://randomuser.me/api/portraits/men/20.jpg', 'medium': 'https://randomuser.me/api/portraits/med/men/20.jpg', 'thumbnail': 'https://randomuser.me/api/portraits/thumb/men/20.jpg'}, 'nat': 'NO'}</msg>
<arg>${json_data['results'][0]}</arg>
<doc>Logs the given message with the given level.</doc>
<status status="PASS" start="2024-06-22T03:18:21.042822" elapsed="0.000402"/>
</kw>
<kw name="Log" owner="BuiltIn">
<msg time="2024-06-22T03:18:21.043649" level="INFO">login</msg>
<arg>${key}</arg>
<doc>Logs the given message with the given level.</doc>
<status status="PASS" start="2024-06-22T03:18:21.043522" elapsed="0.000163"/>
</kw>
<var name="${key}">login</var>
<status status="PASS" start="2024-06-22T03:18:21.042138" elapsed="0.001760"/>
</iter>
<var>${key}</var>
<value>@{expected_keys}</value>
<status status="PASS" start="2024-06-22T03:18:21.033935" elapsed="0.010082"/>
</for>
<kw name="Create List" owner="BuiltIn">
<msg time="2024-06-22T03:18:21.044351" level="INFO">${expected_keysTwo} = ['username', 'password']</msg>
<var>${expected_keysTwo}</var>
<arg>username</arg>
<arg>password</arg>
<doc>Returns a list containing given items.</doc>
<status status="PASS" start="2024-06-22T03:18:21.044215" elapsed="0.000160"/>
</kw>
<for flavor="IN">
<iter>
<kw name="Dictionary Should Contain Key" owner="Collections">
<arg>${json_data['results'][0]['login']}</arg>
<arg>${keyTwo}</arg>
<doc>Fails if ``key`` is not found from ``dictionary``.</doc>
<status status="PASS" start="2024-06-22T03:18:21.044934" elapsed="0.000384"/>
</kw>
<kw name="Dictionary Should Contain Key" owner="Collections">
<arg>${json_data['results'][0]['login']}</arg>
<arg>${keyTwo}</arg>
<doc>Fails if ``key`` is not found from ``dictionary``.</doc>
<status status="PASS" start="2024-06-22T03:18:21.045501" elapsed="0.000369"/>
</kw>
<kw name="Log" owner="BuiltIn">
<msg time="2024-06-22T03:18:21.046162" level="INFO">username</msg>
<arg>${keyTwo}</arg>
<doc>Logs the given message with the given level.</doc>
<status status="PASS" start="2024-06-22T03:18:21.046045" elapsed="0.000153"/>
</kw>
<var name="${keyTwo}">username</var>
<status status="PASS" start="2024-06-22T03:18:21.044827" elapsed="0.001591"/>
</iter>
<iter>
<kw name="Dictionary Should Contain Key" owner="Collections">
<arg>${json_data['results'][0]['login']}</arg>
<arg>${keyTwo}</arg>
<doc>Fails if ``key`` is not found from ``dictionary``.</doc>
<status status="PASS" start="2024-06-22T03:18:21.046704" elapsed="0.000383"/>
</kw>
<kw name="Dictionary Should Contain Key" owner="Collections">
<arg>${json_data['results'][0]['login']}</arg>
<arg>${keyTwo}</arg>
<doc>Fails if ``key`` is not found from ``dictionary``.</doc>
<status status="PASS" start="2024-06-22T03:18:21.047267" elapsed="0.000381"/>
</kw>
<kw name="Log" owner="BuiltIn">
<msg time="2024-06-22T03:18:21.047941" level="INFO">password</msg>
<arg>${keyTwo}</arg>
<doc>Logs the given message with the given level.</doc>
<status status="PASS" start="2024-06-22T03:18:21.047825" elapsed="0.000152"/>
</kw>
<var name="${keyTwo}">password</var>
<status status="PASS" start="2024-06-22T03:18:21.046594" elapsed="0.001704"/>
</iter>
<var>${keyTwo}</var>
<value>@{expected_keysTwo}</value>
<status status="PASS" start="2024-06-22T03:18:21.044667" elapsed="0.003753"/>
</for>
<status status="PASS" start="2024-06-22T03:18:20.937807" elapsed="0.110791"/>
</kw>
<doc>Testa a estrutura da resposta da API.</doc>
<tag>testeEstruturaResposta</tag>
<status status="PASS" start="2024-06-22T03:18:20.937196" elapsed="0.111572"/>
</test>
<test id="s1-s1-t4" name="Validar tipos de dados" line="28">
<kw name="Teste de Tipos de Dados" owner="random-user-service">
<kw name="GET On Session" owner="RequestsLibrary">
<msg time="2024-06-22T03:18:21.145757" level="INFO">GET Request : url=https://randomuser.me/api 
 path_url=/api 
 headers={'User-Agent': 'python-requests/2.32.3', 'Accept-Encoding': 'gzip, deflate', 'Accept': '*/*', 'Connection': 'keep-alive'} 
 body=None 
 </msg>
<msg time="2024-06-22T03:18:21.145860" level="INFO">GET Response : url=https://randomuser.me/api 
 status=200, reason=OK 
 headers={'Date': 'Sat, 22 Jun 2024 03:18:21 GMT', 'Content-Type': 'application/json; charset=utf-8', 'Transfer-Encoding': 'chunked', 'Connection': 'keep-alive', 'X-Powered-By': 'Express', 'Access-Control-Allow-Origin': '*', 'Cache-Control': 'no-cache', 'ETag': 'W/"470-Pnsdsi/r8g919nkksvn0eDr4KvU"', 'Vary': 'Accept-Encoding', 'Content-Encoding': 'gzip', 'CF-Cache-Status': 'DYNAMIC', 'Report-To': '{"endpoints":[{"url":"https:\\/\\/a.nel.cloudflare.com\\/report\\/v4?s=RRZOqaaQJO2FswaoXShP0X9qNvb%2FCkPK2G%2BzYsxDLJ8N8BjPaNVaIOtnS8fUGlA32sf8bkWzLDedWMRXFvWa7aeAfplAXgdJGDwVX4lFZDqgeVmB5%2Fzm6osyT6pj6Ewy"}],"group":"cf-nel","max_age":604800}', 'NEL': '{"success_fraction":0,"report_to":"cf-nel","max_age":604800}', 'Server': 'cloudflare', 'CF-RAY': '8979172d986f083a-IAD', 'alt-svc': 'h3=":443"; ma=86400'} 
 body={"results":[{"gender":"male","name":{"title":"Mr","first":"رضا","last":"کریمی"},"location":{"street":{"number":7121,"name":"شهید بهشتی"},"city":"قزوین","state":"کردستان","country":"Iran","postcode":38266,"coordinates":{"latitude":"21.3179","longitude":"-160.0750"},"timezone":{"offset":"+5:45","description":"Kathmandu"}},"email":"rd.khrymy@example.com","login":{"uuid":"6dbb6bc5-81ea-4d6e-a8b2-4d2e66ce96ea","username":"sadcat369","password":"lobster","salt":"Hg6N3z36","md5":"56896ea9704a67202b093ec51ab483c6","sha1":"8bb71723ac9a1f9af6ad6e5d7f1e6dd47622712a","sha256":"7b2e7e369131cef0ec001d679ecac7c91727721debbecb3767df3d75546078a8"},"dob":{"date":"1990-11-18T03:30:49.045Z","age":33},"registered":{"date":"2005-08-18T17:42:34.645Z","age":18},"phone":"034-79539644","cell":"0983-006-1247","id":{"name":"","value":null},"picture":{"large":"https://randomuser.me/api/portraits/men/91.jpg","medium":"https://randomuser.me/api/portraits/med/men/91.jpg","thumbnail":"https://randomuser.me/api/portraits/thumb/men/91.jpg"},"nat":"IR"}],"info":{"seed":"f2d26c948d081784","results":1,"page":1,"version":"1.4"}} 
 </msg>
<msg time="2024-06-22T03:18:21.145935" level="INFO">/opt/hostedtoolcache/Python/3.12.4/x64/lib/python3.12/site-packages/urllib3/connectionpool.py:1099: InsecureRequestWarning: Unverified HTTPS request is being made to host 'randomuser.me'. Adding certificate verification is strongly advised. See: https://urllib3.readthedocs.io/en/latest/advanced-usage.html#tls-warnings
  warnings.warn(</msg>
<msg time="2024-06-22T03:18:21.146056" level="INFO">${response} = &lt;Response [200]&gt;</msg>
<var>${response}</var>
<arg>consultarAPI</arg>
<arg>/api</arg>
<doc>Sends a GET request on a previously created HTTP Session.</doc>
<status status="PASS" start="2024-06-22T03:18:21.051468" elapsed="0.094629"/>
</kw>
<kw name="Set Variable" owner="BuiltIn">
<msg time="2024-06-22T03:18:21.147330" level="INFO">${json_data} = {'results': [{'gender': 'male', 'name': {'title': 'Mr', 'first': 'رضا', 'last': 'کریمی'}, 'location': {'street': {'number': 7121, 'name': 'شهید بهشتی'}, 'city': 'قزوین', 'state': 'کردستان', 'country':...</msg>
<var>${json_data}</var>
<arg>${response.json()}</arg>
<doc>Returns the given values which can then be assigned to a variables.</doc>
<status status="PASS" start="2024-06-22T03:18:21.146746" elapsed="0.000615"/>
</kw>
<kw name="Log" owner="BuiltIn">
<msg time="2024-06-22T03:18:21.147861" level="INFO">{'results': [{'gender': 'male', 'name': {'title': 'Mr', 'first': 'رضا', 'last': 'کریمی'}, 'location': {'street': {'number': 7121, 'name': 'شهید بهشتی'}, 'city': 'قزوین', 'state': 'کردستان', 'country': 'Iran', 'postcode': 38266, 'coordinates': {'latitude': '21.3179', 'longitude': '-160.0750'}, 'timezone': {'offset': '+5:45', 'description': 'Kathmandu'}}, 'email': 'rd.khrymy@example.com', 'login': {'uuid': '6dbb6bc5-81ea-4d6e-a8b2-4d2e66ce96ea', 'username': 'sadcat369', 'password': 'lobster', 'salt': 'Hg6N3z36', 'md5': '56896ea9704a67202b093ec51ab483c6', 'sha1': '8bb71723ac9a1f9af6ad6e5d7f1e6dd47622712a', 'sha256': '7b2e7e369131cef0ec001d679ecac7c91727721debbecb3767df3d75546078a8'}, 'dob': {'date': '1990-11-18T03:30:49.045Z', 'age': 33}, 'registered': {'date': '2005-08-18T17:42:34.645Z', 'age': 18}, 'phone': '034-79539644', 'cell': '0983-006-1247', 'id': {'name': '', 'value': None}, 'picture': {'large': 'https://randomuser.me/api/portraits/men/91.jpg', 'medium': 'https://randomuser.me/api/portraits/med/men/91.jpg', 'thumbnail': 'https://randomuser.me/api/portraits/thumb/men/91.jpg'}, 'nat': 'IR'}], 'info': {'seed': 'f2d26c948d081784', 'results': 1, 'page': 1, 'version': '1.4'}}</msg>
<arg>${json_data}</arg>
<doc>Logs the given message with the given level.</doc>
<status status="PASS" start="2024-06-22T03:18:21.147689" elapsed="0.000222"/>
</kw>
<kw name="Should Be String" owner="String">
<arg>${json_data['results'][0]['gender']}</arg>
<doc>Fails if the given ``item`` is not a string.</doc>
<status status="PASS" start="2024-06-22T03:18:21.148203" elapsed="0.000423"/>
</kw>
<kw name="Should Match Regexp" owner="BuiltIn">
<arg>${json_data['results'][0]['email']}</arg>
<arg>^[a-zA-Z0-9._%+-]+@[a-zA-Z0-9.-]+\.[a-zA-Z]{2,}$</arg>
<doc>Fails if ``string`` does not match ``pattern`` as a regular expression.</doc>
<status status="PASS" start="2024-06-22T03:18:21.148821" elapsed="0.000537"/>
</kw>
<kw name="Should Match Regexp" owner="BuiltIn">
<arg>${json_data['results'][0]['dob']['date']}</arg>
<arg>\\d{4}-\\d{2}-\\d{2}T\\d{2}:\\d{2}:\\d{2}\\.\\d{3}Z</arg>
<doc>Fails if ``string`` does not match ``pattern`` as a regular expression.</doc>
<status status="PASS" start="2024-06-22T03:18:21.149590" elapsed="0.000502"/>
</kw>
<kw name="Should Match Regexp" owner="BuiltIn">
<arg>${json_data['results'][0]['registered']['date']}</arg>
<arg>\\d{4}-\\d{2}-\\d{2}T\\d{2}:\\d{2}:\\d{2}\\.\\d{3}Z</arg>
<doc>Fails if ``string`` does not match ``pattern`` as a regular expression.</doc>
<status status="PASS" start="2024-06-22T03:18:21.150285" elapsed="0.000380"/>
</kw>
<kw name="Should Match Regexp" owner="BuiltIn">
<arg>${json_data['results'][0]['picture']['large']}</arg>
<arg>^https?://.*\.(?:png|jpe?g|gif|bmp)$</arg>
<doc>Fails if ``string`` does not match ``pattern`` as a regular expression.</doc>
<status status="PASS" start="2024-06-22T03:18:21.150855" elapsed="0.000464"/>
</kw>
<kw name="Should Match Regexp" owner="BuiltIn">
<arg>${json_data['results'][0]['picture']['medium']}</arg>
<arg>^https?://.*\.(?:png|jpe?g|gif|bmp)$</arg>
<doc>Fails if ``string`` does not match ``pattern`` as a regular expression.</doc>
<status status="PASS" start="2024-06-22T03:18:21.151507" elapsed="0.000351"/>
</kw>
<kw name="Should Match Regexp" owner="BuiltIn">
<arg>${json_data['results'][0]['picture']['thumbnail']}</arg>
<arg>^https?://.*\.(?:png|jpe?g|gif|bmp)$</arg>
<doc>Fails if ``string`` does not match ``pattern`` as a regular expression.</doc>
<status status="PASS" start="2024-06-22T03:18:21.152045" elapsed="0.000351"/>
</kw>
<kw name="Log" owner="BuiltIn">
<msg time="2024-06-22T03:18:21.152946" level="INFO">{'large': 'https://randomuser.me/api/portraits/men/91.jpg', 'medium': 'https://randomuser.me/api/portraits/med/men/91.jpg', 'thumbnail': 'https://randomuser.me/api/portraits/thumb/men/91.jpg'}</msg>
<arg>${json_data['results'][0]['picture']}</arg>
<doc>Logs the given message with the given level.</doc>
<status status="PASS" start="2024-06-22T03:18:21.152611" elapsed="0.000379"/>
</kw>
<status status="PASS" start="2024-06-22T03:18:21.051219" elapsed="0.102030"/>
</kw>
<kw name="Teste de Tipos de Dados - Postcode" owner="random-user-service">
<kw name="GET On Session" owner="RequestsLibrary">
<msg time="2024-06-22T03:18:21.231438" level="INFO">GET Request : url=https://randomuser.me/api 
 path_url=/api 
 headers={'User-Agent': 'python-requests/2.32.3', 'Accept-Encoding': 'gzip, deflate', 'Accept': '*/*', 'Connection': 'keep-alive'} 
 body=None 
 </msg>
<msg time="2024-06-22T03:18:21.231541" level="INFO">GET Response : url=https://randomuser.me/api 
 status=200, reason=OK 
 headers={'Date': 'Sat, 22 Jun 2024 03:18:21 GMT', 'Content-Type': 'application/json; charset=utf-8', 'Transfer-Encoding': 'chunked', 'Connection': 'keep-alive', 'X-Powered-By': 'Express', 'Access-Control-Allow-Origin': '*', 'Cache-Control': 'no-cache', 'ETag': 'W/"496-0QEkglyjaj6ssMw4G53g0ZHwhsY"', 'Vary': 'Accept-Encoding', 'Content-Encoding': 'gzip', 'CF-Cache-Status': 'DYNAMIC', 'Report-To': '{"endpoints":[{"url":"https:\\/\\/a.nel.cloudflare.com\\/report\\/v4?s=YnkZu1UaPYA2mIx7Vi0%2BSMtM36P2CMCzfDvqgMU85HYUNCoeCxGp6xoTsifsvQI3Itn9atNFcMM%2FJK9%2B3WqzBPchEJSYupbvdwAxNCsMhH9YunbtqtF1Kj2%2BmvHBNfBY"}],"group":"cf-nel","max_age":604800}', 'NEL': '{"success_fraction":0,"report_to":"cf-nel","max_age":604800}', 'Server': 'cloudflare', 'CF-RAY': '8979172e3902083a-IAD', 'alt-svc': 'h3=":443"; ma=86400'} 
 body={"results":[{"gender":"male","name":{"title":"Mr","first":"Nooa","last":"Kantola"},"location":{"street":{"number":6865,"name":"Pirkankatu"},"city":"Föglö","state":"Southern Savonia","country":"Finland","postcode":50379,"coordinates":{"latitude":"-26.0398","longitude":"-163.1275"},"timezone":{"offset":"+4:00","description":"Abu Dhabi, Muscat, Baku, Tbilisi"}},"email":"nooa.kantola@example.com","login":{"uuid":"a49a80c7-b1f1-4cfb-8366-cfc305a90b41","username":"happygorilla792","password":"chelsea1","salt":"Ue9fY8RH","md5":"d4e87ecf421bcd319ab1c2e46a0f5041","sha1":"6fa3a7e0442c5fecb0b5022188e65cae0a0818d1","sha256":"c1be2474c74dfa782b3546f565a0e0dbbacc43ccebd308a03442343a2fc823ff"},"dob":{"date":"2001-01-29T06:04:51.598Z","age":23},"registered":{"date":"2018-01-01T15:24:01.738Z","age":6},"phone":"02-365-062","cell":"041-424-71-85","id":{"name":"HETU","value":"NaNNA491undefined"},"picture":{"large":"https://randomuser.me/api/portraits/men/23.jpg","medium":"https://randomuser.me/api/portraits/med/men/23.jpg","thumbnail":"https://randomuser.me/api/portraits/thumb/men/23.jpg"},"nat":"FI"}],"info":{"seed":"b215ca37ed9ce18a","results":1,"page":1,"version":"1.4"}} 
 </msg>
<msg time="2024-06-22T03:18:21.231614" level="INFO">/opt/hostedtoolcache/Python/3.12.4/x64/lib/python3.12/site-packages/urllib3/connectionpool.py:1099: InsecureRequestWarning: Unverified HTTPS request is being made to host 'randomuser.me'. Adding certificate verification is strongly advised. See: https://urllib3.readthedocs.io/en/latest/advanced-usage.html#tls-warnings
  warnings.warn(</msg>
<msg time="2024-06-22T03:18:21.231732" level="INFO">${response} = &lt;Response [200]&gt;</msg>
<var>${response}</var>
<arg>consultarAPI</arg>
<arg>/api</arg>
<doc>Sends a GET request on a previously created HTTP Session.</doc>
<status status="PASS" start="2024-06-22T03:18:21.153708" elapsed="0.078063"/>
</kw>
<kw name="Set Variable" owner="BuiltIn">
<msg time="2024-06-22T03:18:21.233042" level="INFO">${json_data} = {'results': [{'gender': 'male', 'name': {'title': 'Mr', 'first': 'Nooa', 'last': 'Kantola'}, 'location': {'street': {'number': 6865, 'name': 'Pirkankatu'}, 'city': 'Föglö', 'state': 'Southern Savonia'...</msg>
<var>${json_data}</var>
<arg>${response.json()}</arg>
<doc>Returns the given values which can then be assigned to a variables.</doc>
<status status="PASS" start="2024-06-22T03:18:21.232404" elapsed="0.000668"/>
</kw>
<kw name="Log" owner="BuiltIn">
<msg time="2024-06-22T03:18:21.233541" level="INFO">{'results': [{'gender': 'male', 'name': {'title': 'Mr', 'first': 'Nooa', 'last': 'Kantola'}, 'location': {'street': {'number': 6865, 'name': 'Pirkankatu'}, 'city': 'Föglö', 'state': 'Southern Savonia', 'country': 'Finland', 'postcode': 50379, 'coordinates': {'latitude': '-26.0398', 'longitude': '-163.1275'}, 'timezone': {'offset': '+4:00', 'description': 'Abu Dhabi, Muscat, Baku, Tbilisi'}}, 'email': 'nooa.kantola@example.com', 'login': {'uuid': 'a49a80c7-b1f1-4cfb-8366-cfc305a90b41', 'username': 'happygorilla792', 'password': 'chelsea1', 'salt': 'Ue9fY8RH', 'md5': 'd4e87ecf421bcd319ab1c2e46a0f5041', 'sha1': '6fa3a7e0442c5fecb0b5022188e65cae0a0818d1', 'sha256': 'c1be2474c74dfa782b3546f565a0e0dbbacc43ccebd308a03442343a2fc823ff'}, 'dob': {'date': '2001-01-29T06:04:51.598Z', 'age': 23}, 'registered': {'date': '2018-01-01T15:24:01.738Z', 'age': 6}, 'phone': '02-365-062', 'cell': '041-424-71-85', 'id': {'name': 'HETU', 'value': 'NaNNA491undefined'}, 'picture': {'large': 'https://randomuser.me/api/portraits/men/23.jpg', 'medium': 'https://randomuser.me/api/portraits/med/men/23.jpg', 'thumbnail': 'https://randomuser.me/api/portraits/thumb/men/23.jpg'}, 'nat': 'FI'}], 'info': {'seed': 'b215ca37ed9ce18a', 'results': 1, 'page': 1, 'version': '1.4'}}</msg>
<arg>${json_data}</arg>
<doc>Logs the given message with the given level.</doc>
<status status="PASS" start="2024-06-22T03:18:21.233382" elapsed="0.000207"/>
</kw>
<kw name="Should Be Equal As Numbers" owner="BuiltIn">
<arg>${json_data['results'][0]['location']['postcode']}</arg>
<arg>${json_data['results'][0]['location']['postcode']}</arg>
<doc>Fails if objects are unequal after converting them to real numbers.</doc>
<status status="PASS" start="2024-06-22T03:18:21.233894" elapsed="0.000619"/>
</kw>
<kw name="Log" owner="BuiltIn">
<msg time="2024-06-22T03:18:21.235205" level="INFO">50379</msg>
<arg>${json_data['results'][0]['location']['postcode']}</arg>
<doc>Logs the given message with the given level.</doc>
<status status="PASS" start="2024-06-22T03:18:21.234697" elapsed="0.000549"/>
</kw>
<status status="PASS" start="2024-06-22T03:18:21.153479" elapsed="0.082050"/>
</kw>
<doc>Testa se os tipos de dados na resposta da API estão corretos.</doc>
<tag>testeTiposDados</tag>
<status status="PASS" start="2024-06-22T03:18:21.050585" elapsed="0.185111"/>
</test>
<test id="s1-s1-t5" name="Validar conteudo" line="35">
<kw name="Teste de Tipos de Conteudo" owner="random-user-service">
<kw name="GET On Session" owner="RequestsLibrary">
<msg time="2024-06-22T03:18:21.350960" level="INFO">GET Request : url=https://randomuser.me/api 
 path_url=/api 
 headers={'User-Agent': 'python-requests/2.32.3', 'Accept-Encoding': 'gzip, deflate', 'Accept': '*/*', 'Connection': 'keep-alive'} 
 body=None 
 </msg>
<msg time="2024-06-22T03:18:21.351059" level="INFO">GET Response : url=https://randomuser.me/api 
 status=200, reason=OK 
 headers={'Date': 'Sat, 22 Jun 2024 03:18:21 GMT', 'Content-Type': 'application/json; charset=utf-8', 'Transfer-Encoding': 'chunked', 'Connection': 'keep-alive', 'X-Powered-By': 'Express', 'Access-Control-Allow-Origin': '*', 'Cache-Control': 'no-cache', 'ETag': 'W/"4a0-xCQ4B+ZWBdzd03T5liJvUGVSHAg"', 'Vary': 'Accept-Encoding', 'Content-Encoding': 'gzip', 'CF-Cache-Status': 'DYNAMIC', 'Report-To': '{"endpoints":[{"url":"https:\\/\\/a.nel.cloudflare.com\\/report\\/v4?s=Qvn9nhuCicjTu%2F%2BfxXT3F4ddV0veN5ydc7MH%2BOCfYVj0NfHOdEq1s36GHOYxh9ERRH8FWofJOrR1i36iMoEPWBna3hA4g1GI7mFqtL4lNYCi0mr7bGJyz9dzfdtq1pPm"}],"group":"cf-nel","max_age":604800}', 'NEL': '{"success_fraction":0,"report_to":"cf-nel","max_age":604800}', 'Server': 'cloudflare', 'CF-RAY': '8979172eb9cd083a-IAD', 'alt-svc': 'h3=":443"; ma=86400'} 
 body={"results":[{"gender":"female","name":{"title":"Ms","first":"Alisa","last":"Lampi"},"location":{"street":{"number":5965,"name":"Hatanpään Valtatie"},"city":"Taipalsaari","state":"Uusimaa","country":"Finland","postcode":84247,"coordinates":{"latitude":"-27.6594","longitude":"3.4004"},"timezone":{"offset":"+3:00","description":"Baghdad, Riyadh, Moscow, St. Petersburg"}},"email":"alisa.lampi@example.com","login":{"uuid":"07d892de-d01f-448f-b039-e1da70ec39a6","username":"purpleswan200","password":"celeb","salt":"af9tH00d","md5":"28984d9fd680864bf21a2c8586899885","sha1":"7da4a7964a30adcbab15f32eb941e38ddad7ca25","sha256":"a091ebbd58c60b2d4b795ee132338508aafd2671c558c3358c0c9ec3e88be5d6"},"dob":{"date":"1991-03-25T09:06:46.361Z","age":33},"registered":{"date":"2015-04-06T10:27:16.061Z","age":9},"phone":"02-982-564","cell":"046-952-22-92","id":{"name":"HETU","value":"NaNNA506undefined"},"picture":{"large":"https://randomuser.me/api/portraits/women/44.jpg","medium":"https://randomuser.me/api/portraits/med/women/44.jpg","thumbnail":"https://randomuser.me/api/portraits/thumb/women/44.jpg"},"nat":"FI"}],"info":{"seed":"594c7547a8956672","results":1,"page":1,"version":"1.4"}} 
 </msg>
<msg time="2024-06-22T03:18:21.351133" level="INFO">/opt/hostedtoolcache/Python/3.12.4/x64/lib/python3.12/site-packages/urllib3/connectionpool.py:1099: InsecureRequestWarning: Unverified HTTPS request is being made to host 'randomuser.me'. Adding certificate verification is strongly advised. See: https://urllib3.readthedocs.io/en/latest/advanced-usage.html#tls-warnings
  warnings.warn(</msg>
<msg time="2024-06-22T03:18:21.351250" level="INFO">${response} = &lt;Response [200]&gt;</msg>
<var>${response}</var>
<arg>consultarAPI</arg>
<arg>/api</arg>
<doc>Sends a GET request on a previously created HTTP Session.</doc>
<status status="PASS" start="2024-06-22T03:18:21.238245" elapsed="0.113031"/>
</kw>
<kw name="Set Variable" owner="BuiltIn">
<msg time="2024-06-22T03:18:21.352327" level="INFO">${json_data} = {'results': [{'gender': 'female', 'name': {'title': 'Ms', 'first': 'Alisa', 'last': 'Lampi'}, 'location': {'street': {'number': 5965, 'name': 'Hatanpään Valtatie'}, 'city': 'Taipalsaari', 'state': 'Uu...</msg>
<var>${json_data}</var>
<arg>${response.json()}</arg>
<doc>Returns the given values which can then be assigned to a variables.</doc>
<status status="PASS" start="2024-06-22T03:18:21.351814" elapsed="0.000542"/>
</kw>
<kw name="Set Variable" owner="BuiltIn">
<msg time="2024-06-22T03:18:21.353096" level="INFO">${name_title} = Ms</msg>
<var>${name_title}</var>
<arg>${json_data["results"][0]["name"]["title"]}</arg>
<doc>Returns the given values which can then be assigned to a variables.</doc>
<status status="PASS" start="2024-06-22T03:18:21.352713" elapsed="0.000408"/>
</kw>
<kw name="Create List" owner="BuiltIn">
<msg time="2024-06-22T03:18:21.353568" level="INFO">${allowed_titles} = ['Mr', 'Ms', 'Miss', 'Mrs', 'Madame', 'Monsieur']</msg>
<var>${allowed_titles}</var>
<arg>Mr</arg>
<arg>Ms</arg>
<arg>Miss</arg>
<arg>Mrs</arg>
<arg>Madame</arg>
<arg>Monsieur</arg>
<doc>Returns a list containing given items.</doc>
<status status="PASS" start="2024-06-22T03:18:21.353420" elapsed="0.000172"/>
</kw>
<kw name="List Should Contain Value" owner="Collections">
<arg>${allowed_titles}</arg>
<arg>${name_title}</arg>
<doc>Fails if the ``value`` is not found from ``list``.</doc>
<status status="PASS" start="2024-06-22T03:18:21.353896" elapsed="0.000178"/>
</kw>
<kw name="Set Variable" owner="BuiltIn">
<msg time="2024-06-22T03:18:21.354621" level="INFO">${name_country} = FI</msg>
<var>${name_country}</var>
<arg>${json_data["results"][0]["nat"]}</arg>
<doc>Returns the given values which can then be assigned to a variables.</doc>
<status status="PASS" start="2024-06-22T03:18:21.354249" elapsed="0.000396"/>
</kw>
<kw name="Create List" owner="BuiltIn">
<msg time="2024-06-22T03:18:21.355531" level="INFO">${list_country} = ['AD', 'AE', 'AF', 'AG', 'AI', 'AL', 'AM', 'AO', 'AQ', 'AR', 'AS', 'AT', 'AU', 'AW', 'AX', 'AZ', 'BA', 'BB', 'BD', 'BE', 'BF', 'BG', 'BH', 'BI', 'BJ', 'BL', 'BM', 'BN', 'BO', 'BQ', 'BR', 'BS', 'BT', '...</msg>
<var>${list_country}</var>
<arg>AD</arg>
<arg>AE</arg>
<arg>AF</arg>
<arg>AG</arg>
<arg>AI</arg>
<arg>AL</arg>
<arg>AM</arg>
<arg>AO</arg>
<arg>AQ</arg>
<arg>AR</arg>
<arg>AS</arg>
<arg>AT</arg>
<arg>AU</arg>
<arg>AW</arg>
<arg>AX</arg>
<arg>AZ</arg>
<arg>BA</arg>
<arg>BB</arg>
<arg>BD</arg>
<arg>BE</arg>
<arg>BF</arg>
<arg>BG</arg>
<arg>BH</arg>
<arg>BI</arg>
<arg>BJ</arg>
<arg>BL</arg>
<arg>BM</arg>
<arg>BN</arg>
<arg>BO</arg>
<arg>BQ</arg>
<arg>BR</arg>
<arg>BS</arg>
<arg>BT</arg>
<arg>BV</arg>
<arg>BW</arg>
<arg>BY</arg>
<arg>BZ</arg>
<arg>CA</arg>
<arg>CC</arg>
<arg>CD</arg>
<arg>CF</arg>
<arg>CG</arg>
<arg>CH</arg>
<arg>CI</arg>
<arg>CK</arg>
<arg>CL</arg>
<arg>CM</arg>
<arg>CN</arg>
<arg>CO</arg>
<arg>CR</arg>
<arg>CU</arg>
<arg>CV</arg>
<arg>CW</arg>
<arg>CX</arg>
<arg>CY</arg>
<arg>CZ</arg>
<arg>DE</arg>
<arg>DJ</arg>
<arg>DK</arg>
<arg>DM</arg>
<arg>DO</arg>
<arg>DZ</arg>
<arg>EC</arg>
<arg>EE</arg>
<arg>EG</arg>
<arg>EH</arg>
<arg>ER</arg>
<arg>ES</arg>
<arg>ET</arg>
<arg>FI</arg>
<arg>FJ</arg>
<arg>FK</arg>
<arg>FM</arg>
<arg>FO</arg>
<arg>FR</arg>
<arg>GA</arg>
<arg>GB</arg>
<arg>GD</arg>
<arg>GE</arg>
<arg>GF</arg>
<arg>GG</arg>
<arg>GH</arg>
<arg>GI</arg>
<arg>GL</arg>
<arg>GM</arg>
<arg>GN</arg>
<arg>GP</arg>
<arg>GQ</arg>
<arg>GR</arg>
<arg>GS</arg>
<arg>GT</arg>
<arg>GU</arg>
<arg>GW</arg>
<arg>GY</arg>
<arg>HK</arg>
<arg>HM</arg>
<arg>HN</arg>
<arg>HR</arg>
<arg>HT</arg>
<arg>HU</arg>
<arg>ID</arg>
<arg>IE</arg>
<arg>IL</arg>
<arg>IM</arg>
<arg>IN</arg>
<arg>IO</arg>
<arg>IQ</arg>
<arg>IR</arg>
<arg>IS</arg>
<arg>IT</arg>
<arg>JE</arg>
<arg>JM</arg>
<arg>JO</arg>
<arg>JP</arg>
<arg>KE</arg>
<arg>KG</arg>
<arg>KH</arg>
<arg>KI</arg>
<arg>KM</arg>
<arg>KN</arg>
<arg>KP</arg>
<arg>KR</arg>
<arg>KW</arg>
<arg>KY</arg>
<arg>KZ</arg>
<arg>LA</arg>
<arg>LB</arg>
<arg>LC</arg>
<arg>LI</arg>
<arg>LK</arg>
<arg>LR</arg>
<arg>LS</arg>
<arg>LT</arg>
<arg>LU</arg>
<arg>LV</arg>
<arg>LY</arg>
<arg>MA</arg>
<arg>MC</arg>
<arg>MD</arg>
<arg>ME</arg>
<arg>MF</arg>
<arg>MG</arg>
<arg>MH</arg>
<arg>MK</arg>
<arg>ML</arg>
<arg>MM</arg>
<arg>MN</arg>
<arg>MO</arg>
<arg>MP</arg>
<arg>MQ</arg>
<arg>MR</arg>
<arg>MS</arg>
<arg>MT</arg>
<arg>MU</arg>
<arg>MV</arg>
<arg>MW</arg>
<arg>MX</arg>
<arg>MY</arg>
<arg>MZ</arg>
<arg>NA</arg>
<arg>NC</arg>
<arg>NE</arg>
<arg>NF</arg>
<arg>NG</arg>
<arg>NI</arg>
<arg>NL</arg>
<arg>NO</arg>
<arg>NP</arg>
<arg>NR</arg>
<arg>NU</arg>
<arg>NZ</arg>
<arg>OM</arg>
<arg>PA</arg>
<arg>PE</arg>
<arg>PF</arg>
<arg>PG</arg>
<arg>PH</arg>
<arg>PK</arg>
<arg>PL</arg>
<arg>PM</arg>
<arg>PN</arg>
<arg>PR</arg>
<arg>PS</arg>
<arg>PT</arg>
<arg>PW</arg>
<arg>PY</arg>
<arg>QA</arg>
<arg>RE</arg>
<arg>RO</arg>
<arg>RS</arg>
<arg>RU</arg>
<arg>RW</arg>
<arg>SA</arg>
<arg>SB</arg>
<arg>SC</arg>
<arg>SD</arg>
<arg>SE</arg>
<arg>SG</arg>
<arg>SH</arg>
<arg>SI</arg>
<arg>SJ</arg>
<arg>SK</arg>
<arg>SL</arg>
<arg>SM</arg>
<arg>SN</arg>
<arg>SO</arg>
<arg>SR</arg>
<arg>SS</arg>
<arg>ST</arg>
<arg>SV</arg>
<arg>SX</arg>
<arg>SY</arg>
<arg>SZ</arg>
<arg>TC</arg>
<arg>TD</arg>
<arg>TF</arg>
<arg>TG</arg>
<arg>TH</arg>
<arg>TJ</arg>
<arg>TK</arg>
<arg>TL</arg>
<arg>TM</arg>
<arg>TN</arg>
<arg>TO</arg>
<arg>TR</arg>
<arg>TT</arg>
<arg>TV</arg>
<arg>TW</arg>
<arg>TZ</arg>
<arg>UA</arg>
<arg>UG</arg>
<arg>UM</arg>
<arg>US</arg>
<arg>UY</arg>
<arg>UZ</arg>
<arg>VA</arg>
<arg>VC</arg>
<arg>VE</arg>
<arg>VG</arg>
<arg>VI</arg>
<arg>VN</arg>
<arg>VU</arg>
<arg>WF</arg>
<arg>WS</arg>
<arg>XK</arg>
<arg>YE</arg>
<arg>YT</arg>
<arg>ZA</arg>
<arg>ZM</arg>
<arg>ZW</arg>
<doc>Returns a list containing given items.</doc>
<status status="PASS" start="2024-06-22T03:18:21.354939" elapsed="0.000619"/>
</kw>
<kw name="List Should Contain Value" owner="Collections">
<arg>${list_country}</arg>
<arg>${name_country}</arg>
<doc>Fails if the ``value`` is not found from ``list``.</doc>
<status status="PASS" start="2024-06-22T03:18:21.356365" elapsed="0.000222"/>
</kw>
<kw name="Run Keyword If" owner="BuiltIn">
<kw name="Should Be True" owner="BuiltIn">
<arg>${True}</arg>
<doc>Fails if the given condition is not true.</doc>
<status status="PASS" start="2024-06-22T03:18:21.357547" elapsed="0.000140"/>
</kw>
<arg>${json_data["results"][0]["location"]["coordinates"]["latitude"]} &gt;= -90 and ${json_data["results"][0]["location"]["coordinates"]["latitude"]} &lt;= 90</arg>
<arg>Should Be True</arg>
<arg>${True}</arg>
<doc>Runs the given keyword with the given arguments, if ``condition`` is true.</doc>
<status status="PASS" start="2024-06-22T03:18:21.356799" elapsed="0.001011"/>
</kw>
<kw name="Run Keyword If" owner="BuiltIn">
<kw name="Should Be True" owner="BuiltIn">
<arg>${True}</arg>
<doc>Fails if the given condition is not true.</doc>
<status status="PASS" start="2024-06-22T03:18:21.358677" elapsed="0.000242"/>
</kw>
<arg>${json_data["results"][0]["location"]["coordinates"]["longitude"]} &gt;= -180 and ${json_data["results"][0]["location"]["coordinates"]["longitude"]} &lt;= 180</arg>
<arg>Should Be True</arg>
<arg>${True}</arg>
<doc>Runs the given keyword with the given arguments, if ``condition`` is true.</doc>
<status status="PASS" start="2024-06-22T03:18:21.357987" elapsed="0.001061"/>
</kw>
<status status="PASS" start="2024-06-22T03:18:21.238022" elapsed="0.121158"/>
</kw>
<doc>Testa o conteúdo específico dos campos retornados pela API.</doc>
<tag>testeConteudo</tag>
<status status="PASS" start="2024-06-22T03:18:21.237482" elapsed="0.121851"/>
</test>
<status status="PASS" start="2024-06-22T03:18:20.343919" elapsed="1.017545"/>
</suite>
<status status="PASS" start="2024-06-22T03:18:20.328968" elapsed="1.037740"/>
</suite>
<statistics>
<total>
<stat pass="5" fail="0" skip="0">All Tests</stat>
</total>
<tag>
<stat pass="1" fail="0" skip="0">testeConteudo</stat>
<stat pass="1" fail="0" skip="0">testeEstruturaResposta</stat>
<stat pass="1" fail="0" skip="0">testeRequisicaoBasica</stat>
<stat pass="1" fail="0" skip="0">testeTiposDados</stat>
</tag>
<suite>
<stat pass="5" fail="0" skip="0" id="s1" name="Tests">Tests</stat>
<stat pass="5" fail="0" skip="0" id="s1-s1" name="Random-User-Test">Tests.Random-User-Test</stat>
</suite>
</statistics>
<errors>
</errors>
</robot>
