<?xml version="1.0" encoding="UTF-8"?>
<robot generator="Robot 7.0 (Python 3.12.3 on linux)" generated="2024-06-03T20:15:48.409979" rpa="false" schemaversion="5">
<suite id="s1" name="Tests" source="/home/runner/work/ApiRandomUser/ApiRandomUser/RamdonUser/tests">
<suite id="s1-s1" name="Random-User-Test" source="/home/runner/work/ApiRandomUser/ApiRandomUser/RamdonUser/tests/random-user-test.robot">
<test id="s1-s1-t1" name="Conectar" line="13">
<kw name="Conectar API" owner="random-user-service">
<kw name="Create Session" owner="RequestsLibrary">
<msg time="2024-06-03T20:15:48.818411" level="INFO">Creating Session using : alias=consultarAPI, url=https://randomuser.me/, headers={},                     cookies={}, auth=None, timeout=None, proxies=None, verify=False,                     debug=0 </msg>
<arg>consultarAPI</arg>
<arg>${URL}</arg>
<doc>Create Session: create a HTTP session to a server</doc>
<status status="PASS" start="2024-06-03T20:15:48.818203" elapsed="0.000397"/>
</kw>
<status status="PASS" start="2024-06-03T20:15:48.817139" elapsed="0.001848"/>
</kw>
<status status="PASS" start="2024-06-03T20:15:48.816461" elapsed="0.002753"/>
</test>
<test id="s1-s1-t2" name="Validar retorno 200 e JSON Válido" line="16">
<kw name="Teste de Requisicao Basica" owner="random-user-service">
<kw name="GET On Session" owner="RequestsLibrary">
<msg time="2024-06-03T20:15:49.013500" level="INFO">GET Request : url=https://randomuser.me/api 
 path_url=/api 
 headers={'User-Agent': 'python-requests/2.32.3', 'Accept-Encoding': 'gzip, deflate', 'Accept': '*/*', 'Connection': 'keep-alive'} 
 body=None 
 </msg>
<msg time="2024-06-03T20:15:49.013696" level="INFO">GET Response : url=https://randomuser.me/api 
 status=200, reason=OK 
 headers={'Date': 'Mon, 03 Jun 2024 20:15:49 GMT', 'Content-Type': 'application/json; charset=utf-8', 'Transfer-Encoding': 'chunked', 'Connection': 'keep-alive', 'X-Powered-By': 'Express', 'Access-Control-Allow-Origin': '*', 'Cache-Control': 'no-cache', 'ETag': 'W/"49e-1t3lGN/38QdlFrjv0M5wYTyObzA"', 'Vary': 'Accept-Encoding', 'Content-Encoding': 'gzip', 'CF-Cache-Status': 'DYNAMIC', 'Report-To': '{"endpoints":[{"url":"https:\\/\\/a.nel.cloudflare.com\\/report\\/v4?s=XAt7tF0vuL1qOIZOVPr0d5CvwBi7wdVZMMwYn1dGYehM3MBe7VSncw4bRlOs1uwkdGMGDB5cCprpQaBxd6FW3hMkTpeV%2FP38MzFBZB%2Fw6DkKx%2FSb2deyBeaZYH6lHM57"}],"group":"cf-nel","max_age":604800}', 'NEL': '{"success_fraction":0,"report_to":"cf-nel","max_age":604800}', 'Server': 'cloudflare', 'CF-RAY': '88e25b7b1d7d0837-IAD', 'alt-svc': 'h3=":443"; ma=86400'} 
 body={"results":[{"gender":"female","name":{"title":"Mrs","first":"فاطمه","last":"حسینی"},"location":{"street":{"number":2802,"name":"17 شهریور"},"city":"اسلام‌شهر","state":"بوشهر","country":"Iran","postcode":24852,"coordinates":{"latitude":"15.4857","longitude":"46.5961"},"timezone":{"offset":"-5:00","description":"Eastern Time (US &amp; Canada), Bogota, Lima"}},"email":"ftmh.hsyny@example.com","login":{"uuid":"91834013-2da4-4de6-bdf1-68d598ddb9e4","username":"bigkoala598","password":"wannabe","salt":"ZOqZ4xEY","md5":"5fa311d4d21f495078f8b26d1042ae8f","sha1":"dd07d194f7422bc8284e22b8502a0f6307172143","sha256":"bbcda4fd390610048b4f4dd482c92b0be3fc58dc7375929e834a42f933bacf71"},"dob":{"date":"1990-12-24T03:20:29.680Z","age":33},"registered":{"date":"2009-07-20T16:13:16.662Z","age":14},"phone":"058-87692520","cell":"0917-439-6621","id":{"name":"","value":null},"picture":{"large":"https://randomuser.me/api/portraits/women/60.jpg","medium":"https://randomuser.me/api/portraits/med/women/60.jpg","thumbnail":"https://randomuser.me/api/portraits/thumb/women/60.jpg"},"nat":"IR"}],"info":{"seed":"46ea040606697c5b","results":1,"page":1,"version":"1.4"}} 
 </msg>
<msg time="2024-06-03T20:15:49.013806" level="INFO">/opt/hostedtoolcache/Python/3.12.3/x64/lib/python3.12/site-packages/urllib3/connectionpool.py:1103: InsecureRequestWarning: Unverified HTTPS request is being made to host 'randomuser.me'. Adding certificate verification is strongly advised. See: https://urllib3.readthedocs.io/en/latest/advanced-usage.html#tls-warnings
  warnings.warn(</msg>
<msg time="2024-06-03T20:15:49.013976" level="INFO">${response} = &lt;Response [200]&gt;</msg>
<var>${response}</var>
<arg>consultarAPI</arg>
<arg>/api</arg>
<doc>Sends a GET request on a previously created HTTP Session.</doc>
<status status="PASS" start="2024-06-03T20:15:48.822016" elapsed="0.192006"/>
</kw>
<kw name="Should Be Equal As Numbers" owner="BuiltIn">
<msg time="2024-06-03T20:15:49.015096" level="INFO">Argument types are:
&lt;class 'int'&gt;
&lt;class 'str'&gt;</msg>
<arg>${response.status_code}</arg>
<arg>200</arg>
<doc>Fails if objects are unequal after converting them to real numbers.</doc>
<status status="PASS" start="2024-06-03T20:15:49.014613" elapsed="0.000555"/>
</kw>
<kw name="Log" owner="BuiltIn">
<msg time="2024-06-03T20:15:49.015890" level="INFO">200</msg>
<arg>${response.status_code}</arg>
<doc>Logs the given message with the given level.</doc>
<status status="PASS" start="2024-06-03T20:15:49.015528" elapsed="0.000413"/>
</kw>
<kw name="Set Variable" owner="BuiltIn">
<msg time="2024-06-03T20:15:49.016754" level="INFO">${json_data} = {'results': [{'gender': 'female', 'name': {'title': 'Mrs', 'first': 'فاطمه', 'last': 'حسینی'}, 'location': {'street': {'number': 2802, 'name': '17 شهریور'}, 'city': 'اسلام\u200cشهر', 'state': 'بوشهر',...</msg>
<var>${json_data}</var>
<arg>${response.json()}</arg>
<doc>Returns the given values which can then be assigned to a variables.</doc>
<status status="PASS" start="2024-06-03T20:15:49.016261" elapsed="0.000526"/>
</kw>
<kw name="Dictionary Should Contain Key" owner="Collections">
<msg time="2024-06-03T20:15:49.017281" level="INFO">False</msg>
<arg>${json_data}</arg>
<arg>results</arg>
<doc>Fails if ``key`` is not found from ``dictionary``.</doc>
<status status="PASS" start="2024-06-03T20:15:49.017102" elapsed="0.000395"/>
</kw>
<status status="PASS" start="2024-06-03T20:15:48.821758" elapsed="0.196021"/>
</kw>
<doc>Testa se a API responde corretamente e retorna um objeto JSON válido.</doc>
<tag>testeRequisicaoBasica</tag>
<status status="PASS" start="2024-06-03T20:15:48.821183" elapsed="0.196787"/>
</test>
<test id="s1-s1-t3" name="Validar estrutura de resposta" line="22">
<kw name="Teste de Estrutura de Resposta" owner="random-user-service">
<kw name="GET On Session" owner="RequestsLibrary">
<msg time="2024-06-03T20:15:49.120657" level="INFO">GET Request : url=https://randomuser.me/api 
 path_url=/api 
 headers={'User-Agent': 'python-requests/2.32.3', 'Accept-Encoding': 'gzip, deflate', 'Accept': '*/*', 'Connection': 'keep-alive'} 
 body=None 
 </msg>
<msg time="2024-06-03T20:15:49.120777" level="INFO">GET Response : url=https://randomuser.me/api 
 status=200, reason=OK 
 headers={'Date': 'Mon, 03 Jun 2024 20:15:49 GMT', 'Content-Type': 'application/json; charset=utf-8', 'Transfer-Encoding': 'chunked', 'Connection': 'keep-alive', 'X-Powered-By': 'Express', 'Access-Control-Allow-Origin': '*', 'Cache-Control': 'no-cache', 'ETag': 'W/"465-L5SgDfbUcbSkugQ9ajCZ0ehJPIc"', 'Vary': 'Accept-Encoding', 'Content-Encoding': 'gzip', 'CF-Cache-Status': 'DYNAMIC', 'Report-To': '{"endpoints":[{"url":"https:\\/\\/a.nel.cloudflare.com\\/report\\/v4?s=7TIvYQZrp1nKptUVlcjs%2FQMhGyqzT3ANDVWMKHbMO0sEAR0aKamiInGeAisogFVhlCbyoftV7teRdBgLSRejFMvaHuFYn90Klkn0aCziSzyF5EQkGEMZgvky7PoJiVqV"}],"group":"cf-nel","max_age":604800}', 'NEL': '{"success_fraction":0,"report_to":"cf-nel","max_age":604800}', 'Server': 'cloudflare', 'CF-RAY': '88e25b7b6de70837-IAD', 'alt-svc': 'h3=":443"; ma=86400'} 
 body={"results":[{"gender":"female","name":{"title":"Miss","first":"Esma","last":"Tütüncü"},"location":{"street":{"number":5950,"name":"Kushimoto Sk"},"city":"Van","state":"Hatay","country":"Turkey","postcode":18865,"coordinates":{"latitude":"71.7412","longitude":"141.5093"},"timezone":{"offset":"-9:00","description":"Alaska"}},"email":"esma.tutuncu@example.com","login":{"uuid":"6d2293c6-19ea-4e32-8e54-775317add671","username":"crazykoala497","password":"famous","salt":"J4M3okb5","md5":"00ad6d73bbd10cc755481cf67fe4cbae","sha1":"c4a7fa14a4e030c7f1d424aebe592dbac70d6245","sha256":"223b0806bdc18deebec5f21d8c9f9c21342992cd71d7068a7d189e64c247be4a"},"dob":{"date":"1965-08-29T07:36:10.922Z","age":58},"registered":{"date":"2006-11-11T14:37:38.056Z","age":17},"phone":"(468)-834-0699","cell":"(443)-028-3781","id":{"name":"","value":null},"picture":{"large":"https://randomuser.me/api/portraits/women/7.jpg","medium":"https://randomuser.me/api/portraits/med/women/7.jpg","thumbnail":"https://randomuser.me/api/portraits/thumb/women/7.jpg"},"nat":"TR"}],"info":{"seed":"792d863e22da3e19","results":1,"page":1,"version":"1.4"}} 
 </msg>
<msg time="2024-06-03T20:15:49.120929" level="INFO">/opt/hostedtoolcache/Python/3.12.3/x64/lib/python3.12/site-packages/urllib3/connectionpool.py:1103: InsecureRequestWarning: Unverified HTTPS request is being made to host 'randomuser.me'. Adding certificate verification is strongly advised. See: https://urllib3.readthedocs.io/en/latest/advanced-usage.html#tls-warnings
  warnings.warn(</msg>
<msg time="2024-06-03T20:15:49.121081" level="INFO">${response} = &lt;Response [200]&gt;</msg>
<var>${response}</var>
<arg>consultarAPI</arg>
<arg>/api</arg>
<doc>Sends a GET request on a previously created HTTP Session.</doc>
<status status="PASS" start="2024-06-03T20:15:49.020773" elapsed="0.100351"/>
</kw>
<kw name="Set Variable" owner="BuiltIn">
<msg time="2024-06-03T20:15:49.122366" level="INFO">${json_data} = {'results': [{'gender': 'female', 'name': {'title': 'Miss', 'first': 'Esma', 'last': 'Tütüncü'}, 'location': {'street': {'number': 5950, 'name': 'Kushimoto Sk'}, 'city': 'Van', 'state': 'Hatay', 'coun...</msg>
<var>${json_data}</var>
<arg>${response.json()}</arg>
<doc>Returns the given values which can then be assigned to a variables.</doc>
<status status="PASS" start="2024-06-03T20:15:49.121757" elapsed="0.000641"/>
</kw>
<kw name="Log" owner="BuiltIn">
<msg time="2024-06-03T20:15:49.122977" level="INFO">{'results': [{'gender': 'female', 'name': {'title': 'Miss', 'first': 'Esma', 'last': 'Tütüncü'}, 'location': {'street': {'number': 5950, 'name': 'Kushimoto Sk'}, 'city': 'Van', 'state': 'Hatay', 'country': 'Turkey', 'postcode': 18865, 'coordinates': {'latitude': '71.7412', 'longitude': '141.5093'}, 'timezone': {'offset': '-9:00', 'description': 'Alaska'}}, 'email': 'esma.tutuncu@example.com', 'login': {'uuid': '6d2293c6-19ea-4e32-8e54-775317add671', 'username': 'crazykoala497', 'password': 'famous', 'salt': 'J4M3okb5', 'md5': '00ad6d73bbd10cc755481cf67fe4cbae', 'sha1': 'c4a7fa14a4e030c7f1d424aebe592dbac70d6245', 'sha256': '223b0806bdc18deebec5f21d8c9f9c21342992cd71d7068a7d189e64c247be4a'}, 'dob': {'date': '1965-08-29T07:36:10.922Z', 'age': 58}, 'registered': {'date': '2006-11-11T14:37:38.056Z', 'age': 17}, 'phone': '(468)-834-0699', 'cell': '(443)-028-3781', 'id': {'name': '', 'value': None}, 'picture': {'large': 'https://randomuser.me/api/portraits/women/7.jpg', 'medium': 'https://randomuser.me/api/portraits/med/women/7.jpg', 'thumbnail': 'https://randomuser.me/api/portraits/thumb/women/7.jpg'}, 'nat': 'TR'}], 'info': {'seed': '792d863e22da3e19', 'results': 1, 'page': 1, 'version': '1.4'}}</msg>
<arg>${json_data}</arg>
<doc>Logs the given message with the given level.</doc>
<status status="PASS" start="2024-06-03T20:15:49.122790" elapsed="0.000240"/>
</kw>
<kw name="Dictionary Should Contain Key" owner="Collections">
<msg time="2024-06-03T20:15:49.123514" level="INFO">False</msg>
<arg>${json_data}</arg>
<arg>results</arg>
<doc>Fails if ``key`` is not found from ``dictionary``.</doc>
<status status="PASS" start="2024-06-03T20:15:49.123351" elapsed="0.000201"/>
</kw>
<kw name="Should Not Be Empty" owner="BuiltIn">
<msg time="2024-06-03T20:15:49.124023" level="INFO">Length is 2.</msg>
<arg>${json_data}</arg>
<doc>Verifies that the given item is not empty.</doc>
<status status="PASS" start="2024-06-03T20:15:49.123884" elapsed="0.000179"/>
</kw>
<kw name="Create List" owner="BuiltIn">
<msg time="2024-06-03T20:15:49.124557" level="INFO">${expected_keys} = ['gender', 'name', 'location', 'email', 'login']</msg>
<var>${expected_keys}</var>
<arg>gender</arg>
<arg>name</arg>
<arg>location</arg>
<arg>email</arg>
<arg>login</arg>
<doc>Returns a list containing given items.</doc>
<status status="PASS" start="2024-06-03T20:15:49.124399" elapsed="0.000182"/>
</kw>
<for flavor="IN">
<iter>
<kw name="Dictionary Should Contain Key" owner="Collections">
<msg time="2024-06-03T20:15:49.125636" level="INFO">False</msg>
<arg>${json_data['results'][0]}</arg>
<arg>${key}</arg>
<doc>Fails if ``key`` is not found from ``dictionary``.</doc>
<status status="PASS" start="2024-06-03T20:15:49.125205" elapsed="0.000475"/>
</kw>
<kw name="Log" owner="BuiltIn">
<msg time="2024-06-03T20:15:49.126390" level="INFO">{'gender': 'female', 'name': {'title': 'Miss', 'first': 'Esma', 'last': 'Tütüncü'}, 'location': {'street': {'number': 5950, 'name': 'Kushimoto Sk'}, 'city': 'Van', 'state': 'Hatay', 'country': 'Turkey', 'postcode': 18865, 'coordinates': {'latitude': '71.7412', 'longitude': '141.5093'}, 'timezone': {'offset': '-9:00', 'description': 'Alaska'}}, 'email': 'esma.tutuncu@example.com', 'login': {'uuid': '6d2293c6-19ea-4e32-8e54-775317add671', 'username': 'crazykoala497', 'password': 'famous', 'salt': 'J4M3okb5', 'md5': '00ad6d73bbd10cc755481cf67fe4cbae', 'sha1': 'c4a7fa14a4e030c7f1d424aebe592dbac70d6245', 'sha256': '223b0806bdc18deebec5f21d8c9f9c21342992cd71d7068a7d189e64c247be4a'}, 'dob': {'date': '1965-08-29T07:36:10.922Z', 'age': 58}, 'registered': {'date': '2006-11-11T14:37:38.056Z', 'age': 17}, 'phone': '(468)-834-0699', 'cell': '(443)-028-3781', 'id': {'name': '', 'value': None}, 'picture': {'large': 'https://randomuser.me/api/portraits/women/7.jpg', 'medium': 'https://randomuser.me/api/portraits/med/women/7.jpg', 'thumbnail': 'https://randomuser.me/api/portraits/thumb/women/7.jpg'}, 'nat': 'TR'}</msg>
<arg>${json_data['results'][0]}</arg>
<doc>Logs the given message with the given level.</doc>
<status status="PASS" start="2024-06-03T20:15:49.125998" elapsed="0.000446"/>
</kw>
<kw name="Log" owner="BuiltIn">
<msg time="2024-06-03T20:15:49.126898" level="INFO">gender</msg>
<arg>${key}</arg>
<doc>Logs the given message with the given level.</doc>
<status status="PASS" start="2024-06-03T20:15:49.126764" elapsed="0.000173"/>
</kw>
<var name="${key}">gender</var>
<status status="PASS" start="2024-06-03T20:15:49.125069" elapsed="0.002090"/>
</iter>
<iter>
<kw name="Dictionary Should Contain Key" owner="Collections">
<msg time="2024-06-03T20:15:49.127885" level="INFO">False</msg>
<arg>${json_data['results'][0]}</arg>
<arg>${key}</arg>
<doc>Fails if ``key`` is not found from ``dictionary``.</doc>
<status status="PASS" start="2024-06-03T20:15:49.127485" elapsed="0.000439"/>
</kw>
<kw name="Log" owner="BuiltIn">
<msg time="2024-06-03T20:15:49.128654" level="INFO">{'gender': 'female', 'name': {'title': 'Miss', 'first': 'Esma', 'last': 'Tütüncü'}, 'location': {'street': {'number': 5950, 'name': 'Kushimoto Sk'}, 'city': 'Van', 'state': 'Hatay', 'country': 'Turkey', 'postcode': 18865, 'coordinates': {'latitude': '71.7412', 'longitude': '141.5093'}, 'timezone': {'offset': '-9:00', 'description': 'Alaska'}}, 'email': 'esma.tutuncu@example.com', 'login': {'uuid': '6d2293c6-19ea-4e32-8e54-775317add671', 'username': 'crazykoala497', 'password': 'famous', 'salt': 'J4M3okb5', 'md5': '00ad6d73bbd10cc755481cf67fe4cbae', 'sha1': 'c4a7fa14a4e030c7f1d424aebe592dbac70d6245', 'sha256': '223b0806bdc18deebec5f21d8c9f9c21342992cd71d7068a7d189e64c247be4a'}, 'dob': {'date': '1965-08-29T07:36:10.922Z', 'age': 58}, 'registered': {'date': '2006-11-11T14:37:38.056Z', 'age': 17}, 'phone': '(468)-834-0699', 'cell': '(443)-028-3781', 'id': {'name': '', 'value': None}, 'picture': {'large': 'https://randomuser.me/api/portraits/women/7.jpg', 'medium': 'https://randomuser.me/api/portraits/med/women/7.jpg', 'thumbnail': 'https://randomuser.me/api/portraits/thumb/women/7.jpg'}, 'nat': 'TR'}</msg>
<arg>${json_data['results'][0]}</arg>
<doc>Logs the given message with the given level.</doc>
<status status="PASS" start="2024-06-03T20:15:49.128225" elapsed="0.000480"/>
</kw>
<kw name="Log" owner="BuiltIn">
<msg time="2024-06-03T20:15:49.129141" level="INFO">name</msg>
<arg>${key}</arg>
<doc>Logs the given message with the given level.</doc>
<status status="PASS" start="2024-06-03T20:15:49.129006" elapsed="0.000175"/>
</kw>
<var name="${key}">name</var>
<status status="PASS" start="2024-06-03T20:15:49.127364" elapsed="0.002041"/>
</iter>
<iter>
<kw name="Dictionary Should Contain Key" owner="Collections">
<msg time="2024-06-03T20:15:49.130090" level="INFO">False</msg>
<arg>${json_data['results'][0]}</arg>
<arg>${key}</arg>
<doc>Fails if ``key`` is not found from ``dictionary``.</doc>
<status status="PASS" start="2024-06-03T20:15:49.129710" elapsed="0.000418"/>
</kw>
<kw name="Log" owner="BuiltIn">
<msg time="2024-06-03T20:15:49.130813" level="INFO">{'gender': 'female', 'name': {'title': 'Miss', 'first': 'Esma', 'last': 'Tütüncü'}, 'location': {'street': {'number': 5950, 'name': 'Kushimoto Sk'}, 'city': 'Van', 'state': 'Hatay', 'country': 'Turkey', 'postcode': 18865, 'coordinates': {'latitude': '71.7412', 'longitude': '141.5093'}, 'timezone': {'offset': '-9:00', 'description': 'Alaska'}}, 'email': 'esma.tutuncu@example.com', 'login': {'uuid': '6d2293c6-19ea-4e32-8e54-775317add671', 'username': 'crazykoala497', 'password': 'famous', 'salt': 'J4M3okb5', 'md5': '00ad6d73bbd10cc755481cf67fe4cbae', 'sha1': 'c4a7fa14a4e030c7f1d424aebe592dbac70d6245', 'sha256': '223b0806bdc18deebec5f21d8c9f9c21342992cd71d7068a7d189e64c247be4a'}, 'dob': {'date': '1965-08-29T07:36:10.922Z', 'age': 58}, 'registered': {'date': '2006-11-11T14:37:38.056Z', 'age': 17}, 'phone': '(468)-834-0699', 'cell': '(443)-028-3781', 'id': {'name': '', 'value': None}, 'picture': {'large': 'https://randomuser.me/api/portraits/women/7.jpg', 'medium': 'https://randomuser.me/api/portraits/med/women/7.jpg', 'thumbnail': 'https://randomuser.me/api/portraits/thumb/women/7.jpg'}, 'nat': 'TR'}</msg>
<arg>${json_data['results'][0]}</arg>
<doc>Logs the given message with the given level.</doc>
<status status="PASS" start="2024-06-03T20:15:49.130443" elapsed="0.000421"/>
</kw>
<kw name="Log" owner="BuiltIn">
<msg time="2024-06-03T20:15:49.131295" level="INFO">location</msg>
<arg>${key}</arg>
<doc>Logs the given message with the given level.</doc>
<status status="PASS" start="2024-06-03T20:15:49.131167" elapsed="0.000167"/>
</kw>
<var name="${key}">location</var>
<status status="PASS" start="2024-06-03T20:15:49.129595" elapsed="0.001955"/>
</iter>
<iter>
<kw name="Dictionary Should Contain Key" owner="Collections">
<msg time="2024-06-03T20:15:49.132395" level="INFO">False</msg>
<arg>${json_data['results'][0]}</arg>
<arg>${key}</arg>
<doc>Fails if ``key`` is not found from ``dictionary``.</doc>
<status status="PASS" start="2024-06-03T20:15:49.131841" elapsed="0.000594"/>
</kw>
<kw name="Log" owner="BuiltIn">
<msg time="2024-06-03T20:15:49.133102" level="INFO">{'gender': 'female', 'name': {'title': 'Miss', 'first': 'Esma', 'last': 'Tütüncü'}, 'location': {'street': {'number': 5950, 'name': 'Kushimoto Sk'}, 'city': 'Van', 'state': 'Hatay', 'country': 'Turkey', 'postcode': 18865, 'coordinates': {'latitude': '71.7412', 'longitude': '141.5093'}, 'timezone': {'offset': '-9:00', 'description': 'Alaska'}}, 'email': 'esma.tutuncu@example.com', 'login': {'uuid': '6d2293c6-19ea-4e32-8e54-775317add671', 'username': 'crazykoala497', 'password': 'famous', 'salt': 'J4M3okb5', 'md5': '00ad6d73bbd10cc755481cf67fe4cbae', 'sha1': 'c4a7fa14a4e030c7f1d424aebe592dbac70d6245', 'sha256': '223b0806bdc18deebec5f21d8c9f9c21342992cd71d7068a7d189e64c247be4a'}, 'dob': {'date': '1965-08-29T07:36:10.922Z', 'age': 58}, 'registered': {'date': '2006-11-11T14:37:38.056Z', 'age': 17}, 'phone': '(468)-834-0699', 'cell': '(443)-028-3781', 'id': {'name': '', 'value': None}, 'picture': {'large': 'https://randomuser.me/api/portraits/women/7.jpg', 'medium': 'https://randomuser.me/api/portraits/med/women/7.jpg', 'thumbnail': 'https://randomuser.me/api/portraits/thumb/women/7.jpg'}, 'nat': 'TR'}</msg>
<arg>${json_data['results'][0]}</arg>
<doc>Logs the given message with the given level.</doc>
<status status="PASS" start="2024-06-03T20:15:49.132738" elapsed="0.000415"/>
</kw>
<kw name="Log" owner="BuiltIn">
<msg time="2024-06-03T20:15:49.133586" level="INFO">email</msg>
<arg>${key}</arg>
<doc>Logs the given message with the given level.</doc>
<status status="PASS" start="2024-06-03T20:15:49.133459" elapsed="0.000165"/>
</kw>
<var name="${key}">email</var>
<status status="PASS" start="2024-06-03T20:15:49.131726" elapsed="0.002112"/>
</iter>
<iter>
<kw name="Dictionary Should Contain Key" owner="Collections">
<msg time="2024-06-03T20:15:49.134502" level="INFO">False</msg>
<arg>${json_data['results'][0]}</arg>
<arg>${key}</arg>
<doc>Fails if ``key`` is not found from ``dictionary``.</doc>
<status status="PASS" start="2024-06-03T20:15:49.134128" elapsed="0.000411"/>
</kw>
<kw name="Log" owner="BuiltIn">
<msg time="2024-06-03T20:15:49.135201" level="INFO">{'gender': 'female', 'name': {'title': 'Miss', 'first': 'Esma', 'last': 'Tütüncü'}, 'location': {'street': {'number': 5950, 'name': 'Kushimoto Sk'}, 'city': 'Van', 'state': 'Hatay', 'country': 'Turkey', 'postcode': 18865, 'coordinates': {'latitude': '71.7412', 'longitude': '141.5093'}, 'timezone': {'offset': '-9:00', 'description': 'Alaska'}}, 'email': 'esma.tutuncu@example.com', 'login': {'uuid': '6d2293c6-19ea-4e32-8e54-775317add671', 'username': 'crazykoala497', 'password': 'famous', 'salt': 'J4M3okb5', 'md5': '00ad6d73bbd10cc755481cf67fe4cbae', 'sha1': 'c4a7fa14a4e030c7f1d424aebe592dbac70d6245', 'sha256': '223b0806bdc18deebec5f21d8c9f9c21342992cd71d7068a7d189e64c247be4a'}, 'dob': {'date': '1965-08-29T07:36:10.922Z', 'age': 58}, 'registered': {'date': '2006-11-11T14:37:38.056Z', 'age': 17}, 'phone': '(468)-834-0699', 'cell': '(443)-028-3781', 'id': {'name': '', 'value': None}, 'picture': {'large': 'https://randomuser.me/api/portraits/women/7.jpg', 'medium': 'https://randomuser.me/api/portraits/med/women/7.jpg', 'thumbnail': 'https://randomuser.me/api/portraits/thumb/women/7.jpg'}, 'nat': 'TR'}</msg>
<arg>${json_data['results'][0]}</arg>
<doc>Logs the given message with the given level.</doc>
<status status="PASS" start="2024-06-03T20:15:49.134835" elapsed="0.000425"/>
</kw>
<kw name="Log" owner="BuiltIn">
<msg time="2024-06-03T20:15:49.135681" level="INFO">login</msg>
<arg>${key}</arg>
<doc>Logs the given message with the given level.</doc>
<status status="PASS" start="2024-06-03T20:15:49.135554" elapsed="0.000165"/>
</kw>
<var name="${key}">login</var>
<status status="PASS" start="2024-06-03T20:15:49.134016" elapsed="0.001920"/>
</iter>
<var>${key}</var>
<value>@{expected_keys}</value>
<status status="PASS" start="2024-06-03T20:15:49.124859" elapsed="0.011202"/>
</for>
<kw name="Create List" owner="BuiltIn">
<msg time="2024-06-03T20:15:49.136472" level="INFO">${expected_keysTwo} = ['username', 'password']</msg>
<var>${expected_keysTwo}</var>
<arg>username</arg>
<arg>password</arg>
<doc>Returns a list containing given items.</doc>
<status status="PASS" start="2024-06-03T20:15:49.136263" elapsed="0.000235"/>
</kw>
<for flavor="IN">
<iter>
<kw name="Dictionary Should Contain Key" owner="Collections">
<msg time="2024-06-03T20:15:49.137407" level="INFO">False</msg>
<arg>${json_data['results'][0]['login']}</arg>
<arg>${keyTwo}</arg>
<doc>Fails if ``key`` is not found from ``dictionary``.</doc>
<status status="PASS" start="2024-06-03T20:15:49.137021" elapsed="0.000424"/>
</kw>
<kw name="Dictionary Should Contain Key" owner="Collections">
<msg time="2024-06-03T20:15:49.138119" level="INFO">False</msg>
<arg>${json_data['results'][0]['login']}</arg>
<arg>${keyTwo}</arg>
<doc>Fails if ``key`` is not found from ``dictionary``.</doc>
<status status="PASS" start="2024-06-03T20:15:49.137740" elapsed="0.000417"/>
</kw>
<kw name="Log" owner="BuiltIn">
<msg time="2024-06-03T20:15:49.138580" level="INFO">username</msg>
<arg>${keyTwo}</arg>
<doc>Logs the given message with the given level.</doc>
<status status="PASS" start="2024-06-03T20:15:49.138452" elapsed="0.000167"/>
</kw>
<var name="${keyTwo}">username</var>
<status status="PASS" start="2024-06-03T20:15:49.136907" elapsed="0.001928"/>
</iter>
<iter>
<kw name="Dictionary Should Contain Key" owner="Collections">
<msg time="2024-06-03T20:15:49.139514" level="INFO">False</msg>
<arg>${json_data['results'][0]['login']}</arg>
<arg>${keyTwo}</arg>
<doc>Fails if ``key`` is not found from ``dictionary``.</doc>
<status status="PASS" start="2024-06-03T20:15:49.139122" elapsed="0.000430"/>
</kw>
<kw name="Dictionary Should Contain Key" owner="Collections">
<msg time="2024-06-03T20:15:49.140225" level="INFO">False</msg>
<arg>${json_data['results'][0]['login']}</arg>
<arg>${keyTwo}</arg>
<doc>Fails if ``key`` is not found from ``dictionary``.</doc>
<status status="PASS" start="2024-06-03T20:15:49.139845" elapsed="0.000418"/>
</kw>
<kw name="Log" owner="BuiltIn">
<msg time="2024-06-03T20:15:49.140723" level="INFO">password</msg>
<arg>${keyTwo}</arg>
<doc>Logs the given message with the given level.</doc>
<status status="PASS" start="2024-06-03T20:15:49.140594" elapsed="0.000168"/>
</kw>
<var name="${keyTwo}">password</var>
<status status="PASS" start="2024-06-03T20:15:49.139010" elapsed="0.001969"/>
</iter>
<var>${keyTwo}</var>
<value>@{expected_keysTwo}</value>
<status status="PASS" start="2024-06-03T20:15:49.136746" elapsed="0.004356"/>
</for>
<status status="PASS" start="2024-06-03T20:15:49.020516" elapsed="0.120730"/>
</kw>
<doc>Testa a estrutura da resposta da API.</doc>
<tag>testeEstruturaResposta</tag>
<status status="PASS" start="2024-06-03T20:15:49.019855" elapsed="0.121552"/>
</test>
<test id="s1-s1-t4" name="Validar tipos de dados" line="28">
<kw name="Teste de Tipos de Dados" owner="random-user-service">
<kw name="GET On Session" owner="RequestsLibrary">
<msg time="2024-06-03T20:15:49.224921" level="INFO">GET Request : url=https://randomuser.me/api 
 path_url=/api 
 headers={'User-Agent': 'python-requests/2.32.3', 'Accept-Encoding': 'gzip, deflate', 'Accept': '*/*', 'Connection': 'keep-alive'} 
 body=None 
 </msg>
<msg time="2024-06-03T20:15:49.225036" level="INFO">GET Response : url=https://randomuser.me/api 
 status=200, reason=OK 
 headers={'Date': 'Mon, 03 Jun 2024 20:15:49 GMT', 'Content-Type': 'application/json; charset=utf-8', 'Transfer-Encoding': 'chunked', 'Connection': 'keep-alive', 'X-Powered-By': 'Express', 'Access-Control-Allow-Origin': '*', 'Cache-Control': 'no-cache', 'ETag': 'W/"48a-r0mDpnp2L0veCvq50MFcSy0xJlg"', 'Vary': 'Accept-Encoding', 'Content-Encoding': 'gzip', 'CF-Cache-Status': 'DYNAMIC', 'Report-To': '{"endpoints":[{"url":"https:\\/\\/a.nel.cloudflare.com\\/report\\/v4?s=9V0omxExYotZixNQq8l0EUmXqpCPYLw3Nw7oBlf2CD4VqFfFtxOVhRhcCimsJbZyyfG2nC%2FCQ4u9N1QJqFxU1UamHu8b2T5uzIIizJiWgBYT4LOOdy%2B9Cgm2J%2F2zIpad"}],"group":"cf-nel","max_age":604800}', 'NEL': '{"success_fraction":0,"report_to":"cf-nel","max_age":604800}', 'Server': 'cloudflare', 'CF-RAY': '88e25b7c2ef40837-IAD', 'alt-svc': 'h3=":443"; ma=86400'} 
 body={"results":[{"gender":"female","name":{"title":"Miss","first":"Aglaya","last":"Zayac"},"location":{"street":{"number":9342,"name":"Tankistiv"},"city":"Slov'yansk","state":"Hmelnicka","country":"Ukraine","postcode":91869,"coordinates":{"latitude":"79.7614","longitude":"150.4297"},"timezone":{"offset":"+10:00","description":"Eastern Australia, Guam, Vladivostok"}},"email":"aglaya.zayac@example.com","login":{"uuid":"053fedce-e03d-405a-b302-bc5c95f51d3e","username":"blackpanda824","password":"4128","salt":"ao2awNlm","md5":"8efec53a78c846f12f3be0b87d74cd35","sha1":"4c793990f369ddb60eb2ef57aba83b74469303cf","sha256":"b60c88ca3a0934957dfcec3c4560f57a00dee45381641a981af547c03b84cd55"},"dob":{"date":"1964-08-04T15:59:51.616Z","age":59},"registered":{"date":"2017-09-01T21:58:50.213Z","age":6},"phone":"(068) Y31-8187","cell":"(067) X01-4645","id":{"name":"","value":null},"picture":{"large":"https://randomuser.me/api/portraits/women/59.jpg","medium":"https://randomuser.me/api/portraits/med/women/59.jpg","thumbnail":"https://randomuser.me/api/portraits/thumb/women/59.jpg"},"nat":"UA"}],"info":{"seed":"c2fc39304b3209e7","results":1,"page":1,"version":"1.4"}} 
 </msg>
<msg time="2024-06-03T20:15:49.225122" level="INFO">/opt/hostedtoolcache/Python/3.12.3/x64/lib/python3.12/site-packages/urllib3/connectionpool.py:1103: InsecureRequestWarning: Unverified HTTPS request is being made to host 'randomuser.me'. Adding certificate verification is strongly advised. See: https://urllib3.readthedocs.io/en/latest/advanced-usage.html#tls-warnings
  warnings.warn(</msg>
<msg time="2024-06-03T20:15:49.225279" level="INFO">${response} = &lt;Response [200]&gt;</msg>
<var>${response}</var>
<arg>consultarAPI</arg>
<arg>/api</arg>
<doc>Sends a GET request on a previously created HTTP Session.</doc>
<status status="PASS" start="2024-06-03T20:15:49.144021" elapsed="0.081301"/>
</kw>
<kw name="Set Variable" owner="BuiltIn">
<msg time="2024-06-03T20:15:49.226583" level="INFO">${json_data} = {'results': [{'gender': 'female', 'name': {'title': 'Miss', 'first': 'Aglaya', 'last': 'Zayac'}, 'location': {'street': {'number': 9342, 'name': 'Tankistiv'}, 'city': "Slov'yansk", 'state': 'Hmelnicka...</msg>
<var>${json_data}</var>
<arg>${response.json()}</arg>
<doc>Returns the given values which can then be assigned to a variables.</doc>
<status status="PASS" start="2024-06-03T20:15:49.225991" elapsed="0.000621"/>
</kw>
<kw name="Log" owner="BuiltIn">
<msg time="2024-06-03T20:15:49.227168" level="INFO">{'results': [{'gender': 'female', 'name': {'title': 'Miss', 'first': 'Aglaya', 'last': 'Zayac'}, 'location': {'street': {'number': 9342, 'name': 'Tankistiv'}, 'city': "Slov'yansk", 'state': 'Hmelnicka', 'country': 'Ukraine', 'postcode': 91869, 'coordinates': {'latitude': '79.7614', 'longitude': '150.4297'}, 'timezone': {'offset': '+10:00', 'description': 'Eastern Australia, Guam, Vladivostok'}}, 'email': 'aglaya.zayac@example.com', 'login': {'uuid': '053fedce-e03d-405a-b302-bc5c95f51d3e', 'username': 'blackpanda824', 'password': '4128', 'salt': 'ao2awNlm', 'md5': '8efec53a78c846f12f3be0b87d74cd35', 'sha1': '4c793990f369ddb60eb2ef57aba83b74469303cf', 'sha256': 'b60c88ca3a0934957dfcec3c4560f57a00dee45381641a981af547c03b84cd55'}, 'dob': {'date': '1964-08-04T15:59:51.616Z', 'age': 59}, 'registered': {'date': '2017-09-01T21:58:50.213Z', 'age': 6}, 'phone': '(068) Y31-8187', 'cell': '(067) X01-4645', 'id': {'name': '', 'value': None}, 'picture': {'large': 'https://randomuser.me/api/portraits/women/59.jpg', 'medium': 'https://randomuser.me/api/portraits/med/women/59.jpg', 'thumbnail': 'https://randomuser.me/api/portraits/thumb/women/59.jpg'}, 'nat': 'UA'}], 'info': {'seed': 'c2fc39304b3209e7', 'results': 1, 'page': 1, 'version': '1.4'}}</msg>
<arg>${json_data}</arg>
<doc>Logs the given message with the given level.</doc>
<status status="PASS" start="2024-06-03T20:15:49.226992" elapsed="0.000236"/>
</kw>
<kw name="Should Be String" owner="String">
<arg>${json_data['results'][0]['gender']}</arg>
<doc>Fails if the given ``item`` is not a string.</doc>
<status status="PASS" start="2024-06-03T20:15:49.227594" elapsed="0.000386"/>
</kw>
<kw name="Should Match Regexp" owner="BuiltIn">
<arg>${json_data['results'][0]['email']}</arg>
<arg>^[a-zA-Z0-9._%+-]+@[a-zA-Z0-9.-]+\.[a-zA-Z]{2,}$</arg>
<doc>Fails if ``string`` does not match ``pattern`` as a regular expression.</doc>
<status status="PASS" start="2024-06-03T20:15:49.228188" elapsed="0.000773"/>
</kw>
<kw name="Should Match Regexp" owner="BuiltIn">
<arg>${json_data['results'][0]['dob']['date']}</arg>
<arg>\\d{4}-\\d{2}-\\d{2}T\\d{2}:\\d{2}:\\d{2}\\.\\d{3}Z</arg>
<doc>Fails if ``string`` does not match ``pattern`` as a regular expression.</doc>
<status status="PASS" start="2024-06-03T20:15:49.229170" elapsed="0.000510"/>
</kw>
<kw name="Should Match Regexp" owner="BuiltIn">
<arg>${json_data['results'][0]['registered']['date']}</arg>
<arg>\\d{4}-\\d{2}-\\d{2}T\\d{2}:\\d{2}:\\d{2}\\.\\d{3}Z</arg>
<doc>Fails if ``string`` does not match ``pattern`` as a regular expression.</doc>
<status status="PASS" start="2024-06-03T20:15:49.229876" elapsed="0.000376"/>
</kw>
<kw name="Should Match Regexp" owner="BuiltIn">
<arg>${json_data['results'][0]['picture']['large']}</arg>
<arg>^https?://.*\.(?:png|jpe?g|gif|bmp)$</arg>
<doc>Fails if ``string`` does not match ``pattern`` as a regular expression.</doc>
<status status="PASS" start="2024-06-03T20:15:49.230442" elapsed="0.000482"/>
</kw>
<kw name="Should Match Regexp" owner="BuiltIn">
<arg>${json_data['results'][0]['picture']['medium']}</arg>
<arg>^https?://.*\.(?:png|jpe?g|gif|bmp)$</arg>
<doc>Fails if ``string`` does not match ``pattern`` as a regular expression.</doc>
<status status="PASS" start="2024-06-03T20:15:49.231118" elapsed="0.000357"/>
</kw>
<kw name="Should Match Regexp" owner="BuiltIn">
<arg>${json_data['results'][0]['picture']['thumbnail']}</arg>
<arg>^https?://.*\.(?:png|jpe?g|gif|bmp)$</arg>
<doc>Fails if ``string`` does not match ``pattern`` as a regular expression.</doc>
<status status="PASS" start="2024-06-03T20:15:49.231662" elapsed="0.000352"/>
</kw>
<kw name="Log" owner="BuiltIn">
<msg time="2024-06-03T20:15:49.232561" level="INFO">{'large': 'https://randomuser.me/api/portraits/women/59.jpg', 'medium': 'https://randomuser.me/api/portraits/med/women/59.jpg', 'thumbnail': 'https://randomuser.me/api/portraits/thumb/women/59.jpg'}</msg>
<arg>${json_data['results'][0]['picture']}</arg>
<doc>Logs the given message with the given level.</doc>
<status status="PASS" start="2024-06-03T20:15:49.232198" elapsed="0.000407"/>
</kw>
<status status="PASS" start="2024-06-03T20:15:49.143776" elapsed="0.089103"/>
</kw>
<kw name="Teste de Tipos de Dados - Postcode" owner="random-user-service">
<kw name="GET On Session" owner="RequestsLibrary">
<msg time="2024-06-03T20:15:49.316225" level="INFO">GET Request : url=https://randomuser.me/api 
 path_url=/api 
 headers={'User-Agent': 'python-requests/2.32.3', 'Accept-Encoding': 'gzip, deflate', 'Accept': '*/*', 'Connection': 'keep-alive'} 
 body=None 
 </msg>
<msg time="2024-06-03T20:15:49.316373" level="INFO">GET Response : url=https://randomuser.me/api 
 status=200, reason=OK 
 headers={'Date': 'Mon, 03 Jun 2024 20:15:49 GMT', 'Content-Type': 'application/json; charset=utf-8', 'Transfer-Encoding': 'chunked', 'Connection': 'keep-alive', 'X-Powered-By': 'Express', 'Access-Control-Allow-Origin': '*', 'Cache-Control': 'no-cache', 'ETag': 'W/"472-sR5SIlvHT2UKqk13BLoV4/A9l3Q"', 'Vary': 'Accept-Encoding', 'Content-Encoding': 'gzip', 'CF-Cache-Status': 'DYNAMIC', 'Report-To': '{"endpoints":[{"url":"https:\\/\\/a.nel.cloudflare.com\\/report\\/v4?s=UDukyhNJSieybsZpDDIfg4M5yiHHlpqGG2rvFg28v%2FTaL1qI%2FIeQh1BWrtJ%2FHEmr3kyN9HSW%2FD%2Bc472%2FoTUqDYpMTG6KXreB5ka9rG3NtC8rU111yShv%2BeuYwxAZUvas"}],"group":"cf-nel","max_age":604800}', 'NEL': '{"success_fraction":0,"report_to":"cf-nel","max_age":604800}', 'Server': 'cloudflare', 'CF-RAY': '88e25b7cbfdc0837-IAD', 'alt-svc': 'h3=":443"; ma=86400'} 
 body={"results":[{"gender":"male","name":{"title":"Mr","first":"Felipe","last":"Ramos"},"location":{"street":{"number":690,"name":"Calle del Pez"},"city":"Oviedo","state":"Islas Baleares","country":"Spain","postcode":24399,"coordinates":{"latitude":"-33.8214","longitude":"-156.4285"},"timezone":{"offset":"-3:30","description":"Newfoundland"}},"email":"felipe.ramos@example.com","login":{"uuid":"5c41c9b2-f0e0-450f-8e78-77a960af3eb6","username":"heavylion532","password":"thumper","salt":"7c3cvd9X","md5":"c345d9c6c3a3c136f44a8e407f5d1ad0","sha1":"df78d057d54fbaaef8d744860fbc4d5c5205fa23","sha256":"ba130ad5e6681c2bb0afe5a3caded9542cd70ef8bbc9b56543e0df86547850f1"},"dob":{"date":"1972-02-23T08:58:05.143Z","age":52},"registered":{"date":"2016-01-25T10:10:05.711Z","age":8},"phone":"940-692-974","cell":"699-842-388","id":{"name":"DNI","value":"03796929-E"},"picture":{"large":"https://randomuser.me/api/portraits/men/59.jpg","medium":"https://randomuser.me/api/portraits/med/men/59.jpg","thumbnail":"https://randomuser.me/api/portraits/thumb/men/59.jpg"},"nat":"ES"}],"info":{"seed":"646d6514a9dee142","results":1,"page":1,"version":"1.4"}} 
 </msg>
<msg time="2024-06-03T20:15:49.316461" level="INFO">/opt/hostedtoolcache/Python/3.12.3/x64/lib/python3.12/site-packages/urllib3/connectionpool.py:1103: InsecureRequestWarning: Unverified HTTPS request is being made to host 'randomuser.me'. Adding certificate verification is strongly advised. See: https://urllib3.readthedocs.io/en/latest/advanced-usage.html#tls-warnings
  warnings.warn(</msg>
<msg time="2024-06-03T20:15:49.316589" level="INFO">${response} = &lt;Response [200]&gt;</msg>
<var>${response}</var>
<arg>consultarAPI</arg>
<arg>/api</arg>
<doc>Sends a GET request on a previously created HTTP Session.</doc>
<status status="PASS" start="2024-06-03T20:15:49.233360" elapsed="0.083269"/>
</kw>
<kw name="Set Variable" owner="BuiltIn">
<msg time="2024-06-03T20:15:49.317840" level="INFO">${json_data} = {'results': [{'gender': 'male', 'name': {'title': 'Mr', 'first': 'Felipe', 'last': 'Ramos'}, 'location': {'street': {'number': 690, 'name': 'Calle del Pez'}, 'city': 'Oviedo', 'state': 'Islas Baleares...</msg>
<var>${json_data}</var>
<arg>${response.json()}</arg>
<doc>Returns the given values which can then be assigned to a variables.</doc>
<status status="PASS" start="2024-06-03T20:15:49.317275" elapsed="0.000594"/>
</kw>
<kw name="Log" owner="BuiltIn">
<msg time="2024-06-03T20:15:49.318479" level="INFO">{'results': [{'gender': 'male', 'name': {'title': 'Mr', 'first': 'Felipe', 'last': 'Ramos'}, 'location': {'street': {'number': 690, 'name': 'Calle del Pez'}, 'city': 'Oviedo', 'state': 'Islas Baleares', 'country': 'Spain', 'postcode': 24399, 'coordinates': {'latitude': '-33.8214', 'longitude': '-156.4285'}, 'timezone': {'offset': '-3:30', 'description': 'Newfoundland'}}, 'email': 'felipe.ramos@example.com', 'login': {'uuid': '5c41c9b2-f0e0-450f-8e78-77a960af3eb6', 'username': 'heavylion532', 'password': 'thumper', 'salt': '7c3cvd9X', 'md5': 'c345d9c6c3a3c136f44a8e407f5d1ad0', 'sha1': 'df78d057d54fbaaef8d744860fbc4d5c5205fa23', 'sha256': 'ba130ad5e6681c2bb0afe5a3caded9542cd70ef8bbc9b56543e0df86547850f1'}, 'dob': {'date': '1972-02-23T08:58:05.143Z', 'age': 52}, 'registered': {'date': '2016-01-25T10:10:05.711Z', 'age': 8}, 'phone': '940-692-974', 'cell': '699-842-388', 'id': {'name': 'DNI', 'value': '03796929-E'}, 'picture': {'large': 'https://randomuser.me/api/portraits/men/59.jpg', 'medium': 'https://randomuser.me/api/portraits/med/men/59.jpg', 'thumbnail': 'https://randomuser.me/api/portraits/thumb/men/59.jpg'}, 'nat': 'ES'}], 'info': {'seed': '646d6514a9dee142', 'results': 1, 'page': 1, 'version': '1.4'}}</msg>
<arg>${json_data}</arg>
<doc>Logs the given message with the given level.</doc>
<status status="PASS" start="2024-06-03T20:15:49.318275" elapsed="0.000278"/>
</kw>
<kw name="Should Be Equal As Numbers" owner="BuiltIn">
<arg>${json_data['results'][0]['location']['postcode']}</arg>
<arg>${json_data['results'][0]['location']['postcode']}</arg>
<doc>Fails if objects are unequal after converting them to real numbers.</doc>
<status status="PASS" start="2024-06-03T20:15:49.318935" elapsed="0.000671"/>
</kw>
<kw name="Log" owner="BuiltIn">
<msg time="2024-06-03T20:15:49.320208" level="INFO">24399</msg>
<arg>${json_data['results'][0]['location']['postcode']}</arg>
<doc>Logs the given message with the given level.</doc>
<status status="PASS" start="2024-06-03T20:15:49.319851" elapsed="0.000401"/>
</kw>
<status status="PASS" start="2024-06-03T20:15:49.233117" elapsed="0.087455"/>
</kw>
<doc>Testa se os tipos de dados na resposta da API estão corretos.</doc>
<tag>testeTiposDados</tag>
<status status="PASS" start="2024-06-03T20:15:49.143168" elapsed="0.177594"/>
</test>
<test id="s1-s1-t5" name="Validar conteudo" line="35">
<kw name="Teste de Tipos de Conteudo" owner="random-user-service">
<kw name="GET On Session" owner="RequestsLibrary">
<msg time="2024-06-03T20:15:49.419615" level="INFO">GET Request : url=https://randomuser.me/api 
 path_url=/api 
 headers={'User-Agent': 'python-requests/2.32.3', 'Accept-Encoding': 'gzip, deflate', 'Accept': '*/*', 'Connection': 'keep-alive'} 
 body=None 
 </msg>
<msg time="2024-06-03T20:15:49.419719" level="INFO">GET Response : url=https://randomuser.me/api 
 status=200, reason=OK 
 headers={'Date': 'Mon, 03 Jun 2024 20:15:49 GMT', 'Content-Type': 'application/json; charset=utf-8', 'Transfer-Encoding': 'chunked', 'Connection': 'keep-alive', 'X-Powered-By': 'Express', 'Access-Control-Allow-Origin': '*', 'Cache-Control': 'no-cache', 'ETag': 'W/"485-e1JadDydOu4oqE6M5kee4CqUZ/4"', 'Vary': 'Accept-Encoding', 'Content-Encoding': 'gzip', 'CF-Cache-Status': 'DYNAMIC', 'Report-To': '{"endpoints":[{"url":"https:\\/\\/a.nel.cloudflare.com\\/report\\/v4?s=YBTQYxBzzN%2BihLIAW3Us4ZVSWx64xC0Lj2ALVjrnAabKsqfTyOnJVH4sWbvkNVXimrNi36%2B1glFbWbPGAmhFUQaQDVt2b8lwIN21nJD4nGFTsLLGwqZMbrFRUi9kv%2Fl3"}],"group":"cf-nel","max_age":604800}', 'NEL': '{"success_fraction":0,"report_to":"cf-nel","max_age":604800}', 'Server': 'cloudflare', 'CF-RAY': '88e25b7d48920837-IAD', 'alt-svc': 'h3=":443"; ma=86400'} 
 body={"results":[{"gender":"male","name":{"title":"Mr","first":"Radovan","last":"Zelenović"},"location":{"street":{"number":4679,"name":"Braće Jelića"},"city":"Požarevac","state":"Raška","country":"Serbia","postcode":71900,"coordinates":{"latitude":"61.6508","longitude":"-74.9743"},"timezone":{"offset":"-12:00","description":"Eniwetok, Kwajalein"}},"email":"radovan.zelenovic@example.com","login":{"uuid":"af071abb-85be-4ad0-bcd9-96f53c0bb2a7","username":"tinymeercat615","password":"route66","salt":"HuT3N2aS","md5":"db3f69d2a6e328f6440c83edf6cb7537","sha1":"b495d2d3c0028364afb568f0ed53d5c109d93a82","sha256":"7acf9779692bb6988b2bf5a2575f8ac807b398d241f47a8262259f994f384e1e"},"dob":{"date":"1968-02-27T15:28:15.014Z","age":56},"registered":{"date":"2021-07-29T06:21:22.304Z","age":2},"phone":"017-0671-644","cell":"060-8088-705","id":{"name":"SID","value":"948147448"},"picture":{"large":"https://randomuser.me/api/portraits/men/34.jpg","medium":"https://randomuser.me/api/portraits/med/men/34.jpg","thumbnail":"https://randomuser.me/api/portraits/thumb/men/34.jpg"},"nat":"RS"}],"info":{"seed":"4b2e9fc9fb3204ac","results":1,"page":1,"version":"1.4"}} 
 </msg>
<msg time="2024-06-03T20:15:49.419796" level="INFO">/opt/hostedtoolcache/Python/3.12.3/x64/lib/python3.12/site-packages/urllib3/connectionpool.py:1103: InsecureRequestWarning: Unverified HTTPS request is being made to host 'randomuser.me'. Adding certificate verification is strongly advised. See: https://urllib3.readthedocs.io/en/latest/advanced-usage.html#tls-warnings
  warnings.warn(</msg>
<msg time="2024-06-03T20:15:49.419925" level="INFO">${response} = &lt;Response [200]&gt;</msg>
<var>${response}</var>
<arg>consultarAPI</arg>
<arg>/api</arg>
<doc>Sends a GET request on a previously created HTTP Session.</doc>
<status status="PASS" start="2024-06-03T20:15:49.323368" elapsed="0.096598"/>
</kw>
<kw name="Set Variable" owner="BuiltIn">
<msg time="2024-06-03T20:15:49.421237" level="INFO">${json_data} = {'results': [{'gender': 'male', 'name': {'title': 'Mr', 'first': 'Radovan', 'last': 'Zelenović'}, 'location': {'street': {'number': 4679, 'name': 'Braće Jelića'}, 'city': 'Požarevac', 'state': 'Raška'...</msg>
<var>${json_data}</var>
<arg>${response.json()}</arg>
<doc>Returns the given values which can then be assigned to a variables.</doc>
<status status="PASS" start="2024-06-03T20:15:49.420648" elapsed="0.000621"/>
</kw>
<kw name="Set Variable" owner="BuiltIn">
<msg time="2024-06-03T20:15:49.421961" level="INFO">${name_title} = Mr</msg>
<var>${name_title}</var>
<arg>${json_data["results"][0]["name"]["title"]}</arg>
<doc>Returns the given values which can then be assigned to a variables.</doc>
<status status="PASS" start="2024-06-03T20:15:49.421577" elapsed="0.000409"/>
</kw>
<kw name="Create List" owner="BuiltIn">
<msg time="2024-06-03T20:15:49.422442" level="INFO">${allowed_titles} = ['Mr', 'Ms', 'Miss', 'Mrs', 'Madame', 'Monsieur']</msg>
<var>${allowed_titles}</var>
<arg>Mr</arg>
<arg>Ms</arg>
<arg>Miss</arg>
<arg>Mrs</arg>
<arg>Madame</arg>
<arg>Monsieur</arg>
<doc>Returns a list containing given items.</doc>
<status status="PASS" start="2024-06-03T20:15:49.422290" elapsed="0.000176"/>
</kw>
<kw name="List Should Contain Value" owner="Collections">
<msg time="2024-06-03T20:15:49.422943" level="INFO">False</msg>
<arg>${allowed_titles}</arg>
<arg>${name_title}</arg>
<doc>Fails if the ``value`` is not found from ``list``.</doc>
<status status="PASS" start="2024-06-03T20:15:49.422767" elapsed="0.000213"/>
</kw>
<kw name="Set Variable" owner="BuiltIn">
<msg time="2024-06-03T20:15:49.423854" level="INFO">${name_country} = RS</msg>
<var>${name_country}</var>
<arg>${json_data["results"][0]["nat"]}</arg>
<doc>Returns the given values which can then be assigned to a variables.</doc>
<status status="PASS" start="2024-06-03T20:15:49.423275" elapsed="0.000605"/>
</kw>
<kw name="Create List" owner="BuiltIn">
<msg time="2024-06-03T20:15:49.424870" level="INFO">${list_country} = ['AD', 'AE', 'AF', 'AG', 'AI', 'AL', 'AM', 'AO', 'AQ', 'AR', 'AS', 'AT', 'AU', 'AW', 'AX', 'AZ', 'BA', 'BB', 'BD', 'BE', 'BF', 'BG', 'BH', 'BI', 'BJ', 'BL', 'BM', 'BN', 'BO', 'BQ', 'BR', 'BS', 'BT', '...</msg>
<var>${list_country}</var>
<arg>AD</arg>
<arg>AE</arg>
<arg>AF</arg>
<arg>AG</arg>
<arg>AI</arg>
<arg>AL</arg>
<arg>AM</arg>
<arg>AO</arg>
<arg>AQ</arg>
<arg>AR</arg>
<arg>AS</arg>
<arg>AT</arg>
<arg>AU</arg>
<arg>AW</arg>
<arg>AX</arg>
<arg>AZ</arg>
<arg>BA</arg>
<arg>BB</arg>
<arg>BD</arg>
<arg>BE</arg>
<arg>BF</arg>
<arg>BG</arg>
<arg>BH</arg>
<arg>BI</arg>
<arg>BJ</arg>
<arg>BL</arg>
<arg>BM</arg>
<arg>BN</arg>
<arg>BO</arg>
<arg>BQ</arg>
<arg>BR</arg>
<arg>BS</arg>
<arg>BT</arg>
<arg>BV</arg>
<arg>BW</arg>
<arg>BY</arg>
<arg>BZ</arg>
<arg>CA</arg>
<arg>CC</arg>
<arg>CD</arg>
<arg>CF</arg>
<arg>CG</arg>
<arg>CH</arg>
<arg>CI</arg>
<arg>CK</arg>
<arg>CL</arg>
<arg>CM</arg>
<arg>CN</arg>
<arg>CO</arg>
<arg>CR</arg>
<arg>CU</arg>
<arg>CV</arg>
<arg>CW</arg>
<arg>CX</arg>
<arg>CY</arg>
<arg>CZ</arg>
<arg>DE</arg>
<arg>DJ</arg>
<arg>DK</arg>
<arg>DM</arg>
<arg>DO</arg>
<arg>DZ</arg>
<arg>EC</arg>
<arg>EE</arg>
<arg>EG</arg>
<arg>EH</arg>
<arg>ER</arg>
<arg>ES</arg>
<arg>ET</arg>
<arg>FI</arg>
<arg>FJ</arg>
<arg>FK</arg>
<arg>FM</arg>
<arg>FO</arg>
<arg>FR</arg>
<arg>GA</arg>
<arg>GB</arg>
<arg>GD</arg>
<arg>GE</arg>
<arg>GF</arg>
<arg>GG</arg>
<arg>GH</arg>
<arg>GI</arg>
<arg>GL</arg>
<arg>GM</arg>
<arg>GN</arg>
<arg>GP</arg>
<arg>GQ</arg>
<arg>GR</arg>
<arg>GS</arg>
<arg>GT</arg>
<arg>GU</arg>
<arg>GW</arg>
<arg>GY</arg>
<arg>HK</arg>
<arg>HM</arg>
<arg>HN</arg>
<arg>HR</arg>
<arg>HT</arg>
<arg>HU</arg>
<arg>ID</arg>
<arg>IE</arg>
<arg>IL</arg>
<arg>IM</arg>
<arg>IN</arg>
<arg>IO</arg>
<arg>IQ</arg>
<arg>IR</arg>
<arg>IS</arg>
<arg>IT</arg>
<arg>JE</arg>
<arg>JM</arg>
<arg>JO</arg>
<arg>JP</arg>
<arg>KE</arg>
<arg>KG</arg>
<arg>KH</arg>
<arg>KI</arg>
<arg>KM</arg>
<arg>KN</arg>
<arg>KP</arg>
<arg>KR</arg>
<arg>KW</arg>
<arg>KY</arg>
<arg>KZ</arg>
<arg>LA</arg>
<arg>LB</arg>
<arg>LC</arg>
<arg>LI</arg>
<arg>LK</arg>
<arg>LR</arg>
<arg>LS</arg>
<arg>LT</arg>
<arg>LU</arg>
<arg>LV</arg>
<arg>LY</arg>
<arg>MA</arg>
<arg>MC</arg>
<arg>MD</arg>
<arg>ME</arg>
<arg>MF</arg>
<arg>MG</arg>
<arg>MH</arg>
<arg>MK</arg>
<arg>ML</arg>
<arg>MM</arg>
<arg>MN</arg>
<arg>MO</arg>
<arg>MP</arg>
<arg>MQ</arg>
<arg>MR</arg>
<arg>MS</arg>
<arg>MT</arg>
<arg>MU</arg>
<arg>MV</arg>
<arg>MW</arg>
<arg>MX</arg>
<arg>MY</arg>
<arg>MZ</arg>
<arg>NA</arg>
<arg>NC</arg>
<arg>NE</arg>
<arg>NF</arg>
<arg>NG</arg>
<arg>NI</arg>
<arg>NL</arg>
<arg>NO</arg>
<arg>NP</arg>
<arg>NR</arg>
<arg>NU</arg>
<arg>NZ</arg>
<arg>OM</arg>
<arg>PA</arg>
<arg>PE</arg>
<arg>PF</arg>
<arg>PG</arg>
<arg>PH</arg>
<arg>PK</arg>
<arg>PL</arg>
<arg>PM</arg>
<arg>PN</arg>
<arg>PR</arg>
<arg>PS</arg>
<arg>PT</arg>
<arg>PW</arg>
<arg>PY</arg>
<arg>QA</arg>
<arg>RE</arg>
<arg>RO</arg>
<arg>RS</arg>
<arg>RU</arg>
<arg>RW</arg>
<arg>SA</arg>
<arg>SB</arg>
<arg>SC</arg>
<arg>SD</arg>
<arg>SE</arg>
<arg>SG</arg>
<arg>SH</arg>
<arg>SI</arg>
<arg>SJ</arg>
<arg>SK</arg>
<arg>SL</arg>
<arg>SM</arg>
<arg>SN</arg>
<arg>SO</arg>
<arg>SR</arg>
<arg>SS</arg>
<arg>ST</arg>
<arg>SV</arg>
<arg>SX</arg>
<arg>SY</arg>
<arg>SZ</arg>
<arg>TC</arg>
<arg>TD</arg>
<arg>TF</arg>
<arg>TG</arg>
<arg>TH</arg>
<arg>TJ</arg>
<arg>TK</arg>
<arg>TL</arg>
<arg>TM</arg>
<arg>TN</arg>
<arg>TO</arg>
<arg>TR</arg>
<arg>TT</arg>
<arg>TV</arg>
<arg>TW</arg>
<arg>TZ</arg>
<arg>UA</arg>
<arg>UG</arg>
<arg>UM</arg>
<arg>US</arg>
<arg>UY</arg>
<arg>UZ</arg>
<arg>VA</arg>
<arg>VC</arg>
<arg>VE</arg>
<arg>VG</arg>
<arg>VI</arg>
<arg>VN</arg>
<arg>VU</arg>
<arg>WF</arg>
<arg>WS</arg>
<arg>XK</arg>
<arg>YE</arg>
<arg>YT</arg>
<arg>ZA</arg>
<arg>ZM</arg>
<arg>ZW</arg>
<doc>Returns a list containing given items.</doc>
<status status="PASS" start="2024-06-03T20:15:49.424210" elapsed="0.000687"/>
</kw>
<kw name="List Should Contain Value" owner="Collections">
<msg time="2024-06-03T20:15:49.425901" level="INFO">False</msg>
<arg>${list_country}</arg>
<arg>${name_country}</arg>
<doc>Fails if the ``value`` is not found from ``list``.</doc>
<status status="PASS" start="2024-06-03T20:15:49.425694" elapsed="0.000243"/>
</kw>
<kw name="Run Keyword If" owner="BuiltIn">
<kw name="Should Be True" owner="BuiltIn">
<arg>${True}</arg>
<doc>Fails if the given condition is not true.</doc>
<status status="PASS" start="2024-06-03T20:15:49.426988" elapsed="0.000144"/>
</kw>
<arg>${json_data["results"][0]["location"]["coordinates"]["latitude"]} &gt;= -90 and ${json_data["results"][0]["location"]["coordinates"]["latitude"]} &lt;= 90</arg>
<arg>Should Be True</arg>
<arg>${True}</arg>
<doc>Runs the given keyword with the given arguments, if ``condition`` is true.</doc>
<status status="PASS" start="2024-06-03T20:15:49.426251" elapsed="0.001005"/>
</kw>
<kw name="Run Keyword If" owner="BuiltIn">
<kw name="Should Be True" owner="BuiltIn">
<arg>${True}</arg>
<doc>Fails if the given condition is not true.</doc>
<status status="PASS" start="2024-06-03T20:15:49.428121" elapsed="0.000178"/>
</kw>
<arg>${json_data["results"][0]["location"]["coordinates"]["longitude"]} &gt;= -180 and ${json_data["results"][0]["location"]["coordinates"]["longitude"]} &lt;= 180</arg>
<arg>Should Be True</arg>
<arg>${True}</arg>
<doc>Runs the given keyword with the given arguments, if ``condition`` is true.</doc>
<status status="PASS" start="2024-06-03T20:15:49.427439" elapsed="0.000998"/>
</kw>
<status status="PASS" start="2024-06-03T20:15:49.323121" elapsed="0.105447"/>
</kw>
<doc>Testa o conteúdo específico dos campos retornados pela API.</doc>
<tag>testeConteudo</tag>
<status status="PASS" start="2024-06-03T20:15:49.322536" elapsed="0.106184"/>
</test>
<status status="PASS" start="2024-06-03T20:15:48.470053" elapsed="0.960626"/>
</suite>
<status status="PASS" start="2024-06-03T20:15:48.456072" elapsed="0.979878"/>
</suite>
<statistics>
<total>
<stat pass="5" fail="0" skip="0">All Tests</stat>
</total>
<tag>
<stat pass="1" fail="0" skip="0">testeConteudo</stat>
<stat pass="1" fail="0" skip="0">testeEstruturaResposta</stat>
<stat pass="1" fail="0" skip="0">testeRequisicaoBasica</stat>
<stat pass="1" fail="0" skip="0">testeTiposDados</stat>
</tag>
<suite>
<stat pass="5" fail="0" skip="0" id="s1" name="Tests">Tests</stat>
<stat pass="5" fail="0" skip="0" id="s1-s1" name="Random-User-Test">Tests.Random-User-Test</stat>
</suite>
</statistics>
<errors>
</errors>
</robot>
