<?xml version="1.0" encoding="UTF-8"?>
<robot generator="Robot 7.0 (Python 3.12.2 on linux)" generated="2024-04-04T13:14:34.342625" rpa="false" schemaversion="5">
<suite id="s1" name="Tests" source="/home/runner/work/DesafioQAItauRogerioJordao/DesafioQAItauRogerioJordao/RamdonUser/tests">
<suite id="s1-s1" name="Random-User-Test" source="/home/runner/work/DesafioQAItauRogerioJordao/DesafioQAItauRogerioJordao/RamdonUser/tests/random-user-test.robot">
<test id="s1-s1-t1" name="Conectar" line="13">
<kw name="Conectar API" owner="random-user-service">
<kw name="Create Session" owner="RequestsLibrary">
<msg time="2024-04-04T13:14:34.677082" level="INFO">Creating Session using : alias=consultarAPI, url=https://randomuser.me/, headers={},                     cookies={}, auth=None, timeout=None, proxies=None, verify=False,                     debug=0 </msg>
<arg>consultarAPI</arg>
<arg>${URL}</arg>
<doc>Create Session: create a HTTP session to a server</doc>
<status status="PASS" start="2024-04-04T13:14:34.676885" elapsed="0.000365"/>
</kw>
<status status="PASS" start="2024-04-04T13:14:34.675739" elapsed="0.001838"/>
</kw>
<status status="PASS" start="2024-04-04T13:14:34.675064" elapsed="0.002727"/>
</test>
<test id="s1-s1-t2" name="Validar retorno 200 e JSON Válido" line="16">
<kw name="Teste de Requisicao Basica" owner="random-user-service">
<kw name="GET On Session" owner="RequestsLibrary">
<msg time="2024-04-04T13:14:34.802619" level="INFO">GET Request : url=https://randomuser.me/api 
 path_url=/api 
 headers={'User-Agent': 'python-requests/2.31.0', 'Accept-Encoding': 'gzip, deflate', 'Accept': '*/*', 'Connection': 'keep-alive'} 
 body=None 
 </msg>
<msg time="2024-04-04T13:14:34.802723" level="INFO">GET Response : url=https://randomuser.me/api 
 status=200, reason=OK 
 headers={'Date': 'Thu, 04 Apr 2024 13:14:34 GMT', 'Content-Type': 'application/json; charset=utf-8', 'Transfer-Encoding': 'chunked', 'Connection': 'keep-alive', 'X-Powered-By': 'Express', 'Access-Control-Allow-Origin': '*', 'Cache-Control': 'no-cache', 'ETag': 'W/"477-zy2B3BoASy9dFYYCvaA5ttTzYEU"', 'Vary': 'Accept-Encoding', 'Content-Encoding': 'gzip', 'CF-Cache-Status': 'DYNAMIC', 'Report-To': '{"endpoints":[{"url":"https:\\/\\/a.nel.cloudflare.com\\/report\\/v4?s=%2Fn%2FZ3M0WYNQgqV1Wbz9wwJHqcvC6DuaKrF0lBstTAwaHn5StHLG9ujC4t5MnMLYnMi6VSqQof7MInUJjgKyid6UzTC5pWlcQ4aUV0tChRcr%2FNEvN1f9L5%2FCgh0Ygx%2BcE"}],"group":"cf-nel","max_age":604800}', 'NEL': '{"success_fraction":0,"report_to":"cf-nel","max_age":604800}', 'Server': 'cloudflare', 'CF-RAY': '86f18fef1e390380-ORD', 'alt-svc': 'h3=":443"; ma=86400'} 
 body={"results":[{"gender":"male","name":{"title":"Mr","first":"Oliver","last":"Manner"},"location":{"street":{"number":5275,"name":"Tahmelantie"},"city":"Kiikoinen","state":"Kymenlaakso","country":"Finland","postcode":27607,"coordinates":{"latitude":"-29.4708","longitude":"-74.1327"},"timezone":{"offset":"-9:00","description":"Alaska"}},"email":"oliver.manner@example.com","login":{"uuid":"b828d443-061c-45d8-a2f3-66d38e93215d","username":"yellowduck482","password":"brutus","salt":"axeWtZH4","md5":"fd5b78e92ddd27cb37da493c1fd471b9","sha1":"2050c14acca23b7ebf87357f7aab00091084dc63","sha256":"b0c04d35819e47ed2989d71daab5de00aaed929d1fd3f4c4ef6c7f3bbd027393"},"dob":{"date":"1965-12-26T03:27:57.523Z","age":58},"registered":{"date":"2019-01-09T02:03:45.774Z","age":5},"phone":"06-862-113","cell":"048-437-94-49","id":{"name":"HETU","value":"NaNNA899undefined"},"picture":{"large":"https://randomuser.me/api/portraits/men/24.jpg","medium":"https://randomuser.me/api/portraits/med/men/24.jpg","thumbnail":"https://randomuser.me/api/portraits/thumb/men/24.jpg"},"nat":"FI"}],"info":{"seed":"d277c12003730b68","results":1,"page":1,"version":"1.4"}} 
 </msg>
<msg time="2024-04-04T13:14:34.802817" level="INFO">/opt/hostedtoolcache/Python/3.12.2/x64/lib/python3.12/site-packages/urllib3/connectionpool.py:1103: InsecureRequestWarning: Unverified HTTPS request is being made to host 'randomuser.me'. Adding certificate verification is strongly advised. See: https://urllib3.readthedocs.io/en/latest/advanced-usage.html#tls-warnings
  warnings.warn(</msg>
<msg time="2024-04-04T13:14:34.802931" level="INFO">${response} = &lt;Response [200]&gt;</msg>
<var>${response}</var>
<arg>consultarAPI</arg>
<arg>/api</arg>
<doc>Sends a GET request on a previously created HTTP Session.</doc>
<status status="PASS" start="2024-04-04T13:14:34.680285" elapsed="0.122688"/>
</kw>
<kw name="Should Be Equal As Numbers" owner="BuiltIn">
<msg time="2024-04-04T13:14:34.803785" level="INFO">Argument types are:
&lt;class 'int'&gt;
&lt;class 'str'&gt;</msg>
<arg>${response.status_code}</arg>
<arg>200</arg>
<doc>Fails if objects are unequal after converting them to real numbers.</doc>
<status status="PASS" start="2024-04-04T13:14:34.803381" elapsed="0.000466"/>
</kw>
<kw name="Log" owner="BuiltIn">
<msg time="2024-04-04T13:14:34.804524" level="INFO">200</msg>
<arg>${response.status_code}</arg>
<doc>Logs the given message with the given level.</doc>
<status status="PASS" start="2024-04-04T13:14:34.804164" elapsed="0.000402"/>
</kw>
<kw name="Set Variable" owner="BuiltIn">
<msg time="2024-04-04T13:14:34.805312" level="INFO">${json_data} = {'results': [{'gender': 'male', 'name': {'title': 'Mr', 'first': 'Oliver', 'last': 'Manner'}, 'location': {'street': {'number': 5275, 'name': 'Tahmelantie'}, 'city': 'Kiikoinen', 'state': 'Kymenlaakso...</msg>
<var>${json_data}</var>
<arg>${response.json()}</arg>
<doc>Returns the given values which can then be assigned to a variables.</doc>
<status status="PASS" start="2024-04-04T13:14:34.804870" elapsed="0.000469"/>
</kw>
<kw name="Dictionary Should Contain Key" owner="Collections">
<msg time="2024-04-04T13:14:34.805836" level="INFO">False</msg>
<arg>${json_data}</arg>
<arg>results</arg>
<doc>Fails if ``key`` is not found from ``dictionary``.</doc>
<status status="PASS" start="2024-04-04T13:14:34.805638" elapsed="0.000238"/>
</kw>
<status status="PASS" start="2024-04-04T13:14:34.680039" elapsed="0.126092"/>
</kw>
<doc>Testa se a API responde corretamente e retorna um objeto JSON válido.</doc>
<tag>testeRequisicaoBasica</tag>
<status status="PASS" start="2024-04-04T13:14:34.679512" elapsed="0.126799"/>
</test>
<test id="s1-s1-t3" name="Validar estrutura de resposta" line="22">
<kw name="Teste de Estrutura de Resposta" owner="random-user-service">
<kw name="GET On Session" owner="RequestsLibrary">
<msg time="2024-04-04T13:14:34.889317" level="INFO">GET Request : url=https://randomuser.me/api 
 path_url=/api 
 headers={'User-Agent': 'python-requests/2.31.0', 'Accept-Encoding': 'gzip, deflate', 'Accept': '*/*', 'Connection': 'keep-alive'} 
 body=None 
 </msg>
<msg time="2024-04-04T13:14:34.889406" level="INFO">GET Response : url=https://randomuser.me/api 
 status=200, reason=OK 
 headers={'Date': 'Thu, 04 Apr 2024 13:14:34 GMT', 'Content-Type': 'application/json; charset=utf-8', 'Transfer-Encoding': 'chunked', 'Connection': 'keep-alive', 'X-Powered-By': 'Express', 'Access-Control-Allow-Origin': '*', 'Cache-Control': 'no-cache', 'ETag': 'W/"490-VGLvvFgD0f8Wl6GRh2Kw30QO5vM"', 'Vary': 'Accept-Encoding', 'Content-Encoding': 'gzip', 'CF-Cache-Status': 'DYNAMIC', 'Report-To': '{"endpoints":[{"url":"https:\\/\\/a.nel.cloudflare.com\\/report\\/v4?s=rRhg170OPBWoxj5oGaASSQxC3sYgaqSw5B%2BZoTkbt5ZzvsP4wIVqBkner1pQNAPWbHTY1wvNWaHw4aDwD7VqJUR1rJwSZRk1B0UZKjYBDxUxy9sMJKLCDbi5ydNVO4hB"}],"group":"cf-nel","max_age":604800}', 'NEL': '{"success_fraction":0,"report_to":"cf-nel","max_age":604800}', 'Server': 'cloudflare', 'CF-RAY': '86f18fef9eb60380-ORD', 'alt-svc': 'h3=":443"; ma=86400'} 
 body={"results":[{"gender":"female","name":{"title":"Mrs","first":"Miriam","last":"Vicente"},"location":{"street":{"number":9635,"name":"Calle del Arenal"},"city":"Logroño","state":"Canarias","country":"Spain","postcode":71802,"coordinates":{"latitude":"-31.7711","longitude":"44.9945"},"timezone":{"offset":"-7:00","description":"Mountain Time (US &amp; Canada)"}},"email":"miriam.vicente@example.com","login":{"uuid":"af83fc72-a7f7-410b-a329-fe155342feac","username":"organicwolf937","password":"business","salt":"C0EecRim","md5":"d84825bca27fcb9e9ca330454ce18b27","sha1":"70c23b16a1a7580c2f411f48ffd67401c0ea2014","sha256":"f19e0c4ada7ac82dc3e0ceda897edc5034b0b860e3302718335447b8e98b358c"},"dob":{"date":"1949-06-11T13:17:13.799Z","age":74},"registered":{"date":"2008-10-27T16:51:08.366Z","age":15},"phone":"922-199-677","cell":"659-324-736","id":{"name":"DNI","value":"34481405-I"},"picture":{"large":"https://randomuser.me/api/portraits/women/36.jpg","medium":"https://randomuser.me/api/portraits/med/women/36.jpg","thumbnail":"https://randomuser.me/api/portraits/thumb/women/36.jpg"},"nat":"ES"}],"info":{"seed":"114eef12c2aa29cb","results":1,"page":1,"version":"1.4"}} 
 </msg>
<msg time="2024-04-04T13:14:34.889546" level="INFO">/opt/hostedtoolcache/Python/3.12.2/x64/lib/python3.12/site-packages/urllib3/connectionpool.py:1103: InsecureRequestWarning: Unverified HTTPS request is being made to host 'randomuser.me'. Adding certificate verification is strongly advised. See: https://urllib3.readthedocs.io/en/latest/advanced-usage.html#tls-warnings
  warnings.warn(</msg>
<msg time="2024-04-04T13:14:34.889689" level="INFO">${response} = &lt;Response [200]&gt;</msg>
<var>${response}</var>
<arg>consultarAPI</arg>
<arg>/api</arg>
<doc>Sends a GET request on a previously created HTTP Session.</doc>
<status status="PASS" start="2024-04-04T13:14:34.808948" elapsed="0.080842"/>
</kw>
<kw name="Set Variable" owner="BuiltIn">
<msg time="2024-04-04T13:14:34.890708" level="INFO">${json_data} = {'results': [{'gender': 'female', 'name': {'title': 'Mrs', 'first': 'Miriam', 'last': 'Vicente'}, 'location': {'street': {'number': 9635, 'name': 'Calle del Arenal'}, 'city': 'Logroño', 'state': 'Cana...</msg>
<var>${json_data}</var>
<arg>${response.json()}</arg>
<doc>Returns the given values which can then be assigned to a variables.</doc>
<status status="PASS" start="2024-04-04T13:14:34.890260" elapsed="0.000478"/>
</kw>
<kw name="Log" owner="BuiltIn">
<msg time="2024-04-04T13:14:34.891210" level="INFO">{'results': [{'gender': 'female', 'name': {'title': 'Mrs', 'first': 'Miriam', 'last': 'Vicente'}, 'location': {'street': {'number': 9635, 'name': 'Calle del Arenal'}, 'city': 'Logroño', 'state': 'Canarias', 'country': 'Spain', 'postcode': 71802, 'coordinates': {'latitude': '-31.7711', 'longitude': '44.9945'}, 'timezone': {'offset': '-7:00', 'description': 'Mountain Time (US &amp; Canada)'}}, 'email': 'miriam.vicente@example.com', 'login': {'uuid': 'af83fc72-a7f7-410b-a329-fe155342feac', 'username': 'organicwolf937', 'password': 'business', 'salt': 'C0EecRim', 'md5': 'd84825bca27fcb9e9ca330454ce18b27', 'sha1': '70c23b16a1a7580c2f411f48ffd67401c0ea2014', 'sha256': 'f19e0c4ada7ac82dc3e0ceda897edc5034b0b860e3302718335447b8e98b358c'}, 'dob': {'date': '1949-06-11T13:17:13.799Z', 'age': 74}, 'registered': {'date': '2008-10-27T16:51:08.366Z', 'age': 15}, 'phone': '922-199-677', 'cell': '659-324-736', 'id': {'name': 'DNI', 'value': '34481405-I'}, 'picture': {'large': 'https://randomuser.me/api/portraits/women/36.jpg', 'medium': 'https://randomuser.me/api/portraits/med/women/36.jpg', 'thumbnail': 'https://randomuser.me/api/portraits/thumb/women/36.jpg'}, 'nat': 'ES'}], 'info': {'seed': '114eef12c2aa29cb', 'results': 1, 'page': 1, 'version': '1.4'}}</msg>
<arg>${json_data}</arg>
<doc>Logs the given message with the given level.</doc>
<status status="PASS" start="2024-04-04T13:14:34.891048" elapsed="0.000213"/>
</kw>
<kw name="Dictionary Should Contain Key" owner="Collections">
<msg time="2024-04-04T13:14:34.891709" level="INFO">False</msg>
<arg>${json_data}</arg>
<arg>results</arg>
<doc>Fails if ``key`` is not found from ``dictionary``.</doc>
<status status="PASS" start="2024-04-04T13:14:34.891558" elapsed="0.000189"/>
</kw>
<kw name="Should Not Be Empty" owner="BuiltIn">
<msg time="2024-04-04T13:14:34.892173" level="INFO">Length is 2.</msg>
<arg>${json_data}</arg>
<doc>Verifies that the given item is not empty.</doc>
<status status="PASS" start="2024-04-04T13:14:34.892040" elapsed="0.000189"/>
</kw>
<kw name="Create List" owner="BuiltIn">
<msg time="2024-04-04T13:14:34.892688" level="INFO">${expected_keys} = ['gender', 'name', 'location', 'email', 'login']</msg>
<var>${expected_keys}</var>
<arg>gender</arg>
<arg>name</arg>
<arg>location</arg>
<arg>email</arg>
<arg>login</arg>
<doc>Returns a list containing given items.</doc>
<status status="PASS" start="2024-04-04T13:14:34.892525" elapsed="0.000192"/>
</kw>
<for flavor="IN">
<iter>
<kw name="Dictionary Should Contain Key" owner="Collections">
<msg time="2024-04-04T13:14:34.893652" level="INFO">False</msg>
<arg>${json_data['results'][0]}</arg>
<arg>${key}</arg>
<doc>Fails if ``key`` is not found from ``dictionary``.</doc>
<status status="PASS" start="2024-04-04T13:14:34.893261" elapsed="0.000427"/>
</kw>
<kw name="Log" owner="BuiltIn">
<msg time="2024-04-04T13:14:34.894359" level="INFO">{'gender': 'female', 'name': {'title': 'Mrs', 'first': 'Miriam', 'last': 'Vicente'}, 'location': {'street': {'number': 9635, 'name': 'Calle del Arenal'}, 'city': 'Logroño', 'state': 'Canarias', 'country': 'Spain', 'postcode': 71802, 'coordinates': {'latitude': '-31.7711', 'longitude': '44.9945'}, 'timezone': {'offset': '-7:00', 'description': 'Mountain Time (US &amp; Canada)'}}, 'email': 'miriam.vicente@example.com', 'login': {'uuid': 'af83fc72-a7f7-410b-a329-fe155342feac', 'username': 'organicwolf937', 'password': 'business', 'salt': 'C0EecRim', 'md5': 'd84825bca27fcb9e9ca330454ce18b27', 'sha1': '70c23b16a1a7580c2f411f48ffd67401c0ea2014', 'sha256': 'f19e0c4ada7ac82dc3e0ceda897edc5034b0b860e3302718335447b8e98b358c'}, 'dob': {'date': '1949-06-11T13:17:13.799Z', 'age': 74}, 'registered': {'date': '2008-10-27T16:51:08.366Z', 'age': 15}, 'phone': '922-199-677', 'cell': '659-324-736', 'id': {'name': 'DNI', 'value': '34481405-I'}, 'picture': {'large': 'https://randomuser.me/api/portraits/women/36.jpg', 'medium': 'https://randomuser.me/api/portraits/med/women/36.jpg', 'thumbnail': 'https://randomuser.me/api/portraits/thumb/women/36.jpg'}, 'nat': 'ES'}</msg>
<arg>${json_data['results'][0]}</arg>
<doc>Logs the given message with the given level.</doc>
<status status="PASS" start="2024-04-04T13:14:34.893995" elapsed="0.000419"/>
</kw>
<kw name="Log" owner="BuiltIn">
<msg time="2024-04-04T13:14:34.894818" level="INFO">gender</msg>
<arg>${key}</arg>
<doc>Logs the given message with the given level.</doc>
<status status="PASS" start="2024-04-04T13:14:34.894696" elapsed="0.000158"/>
</kw>
<var name="${key}">gender</var>
<status status="PASS" start="2024-04-04T13:14:34.893147" elapsed="0.001912"/>
</iter>
<iter>
<kw name="Dictionary Should Contain Key" owner="Collections">
<msg time="2024-04-04T13:14:34.895694" level="INFO">False</msg>
<arg>${json_data['results'][0]}</arg>
<arg>${key}</arg>
<doc>Fails if ``key`` is not found from ``dictionary``.</doc>
<status status="PASS" start="2024-04-04T13:14:34.895339" elapsed="0.000390"/>
</kw>
<kw name="Log" owner="BuiltIn">
<msg time="2024-04-04T13:14:34.896380" level="INFO">{'gender': 'female', 'name': {'title': 'Mrs', 'first': 'Miriam', 'last': 'Vicente'}, 'location': {'street': {'number': 9635, 'name': 'Calle del Arenal'}, 'city': 'Logroño', 'state': 'Canarias', 'country': 'Spain', 'postcode': 71802, 'coordinates': {'latitude': '-31.7711', 'longitude': '44.9945'}, 'timezone': {'offset': '-7:00', 'description': 'Mountain Time (US &amp; Canada)'}}, 'email': 'miriam.vicente@example.com', 'login': {'uuid': 'af83fc72-a7f7-410b-a329-fe155342feac', 'username': 'organicwolf937', 'password': 'business', 'salt': 'C0EecRim', 'md5': 'd84825bca27fcb9e9ca330454ce18b27', 'sha1': '70c23b16a1a7580c2f411f48ffd67401c0ea2014', 'sha256': 'f19e0c4ada7ac82dc3e0ceda897edc5034b0b860e3302718335447b8e98b358c'}, 'dob': {'date': '1949-06-11T13:17:13.799Z', 'age': 74}, 'registered': {'date': '2008-10-27T16:51:08.366Z', 'age': 15}, 'phone': '922-199-677', 'cell': '659-324-736', 'id': {'name': 'DNI', 'value': '34481405-I'}, 'picture': {'large': 'https://randomuser.me/api/portraits/women/36.jpg', 'medium': 'https://randomuser.me/api/portraits/med/women/36.jpg', 'thumbnail': 'https://randomuser.me/api/portraits/thumb/women/36.jpg'}, 'nat': 'ES'}</msg>
<arg>${json_data['results'][0]}</arg>
<doc>Logs the given message with the given level.</doc>
<status status="PASS" start="2024-04-04T13:14:34.896034" elapsed="0.000392"/>
</kw>
<kw name="Log" owner="BuiltIn">
<msg time="2024-04-04T13:14:34.896854" level="INFO">name</msg>
<arg>${key}</arg>
<doc>Logs the given message with the given level.</doc>
<status status="PASS" start="2024-04-04T13:14:34.896727" elapsed="0.000165"/>
</kw>
<var name="${key}">name</var>
<status status="PASS" start="2024-04-04T13:14:34.895233" elapsed="0.001875"/>
</iter>
<iter>
<kw name="Dictionary Should Contain Key" owner="Collections">
<msg time="2024-04-04T13:14:34.897829" level="INFO">False</msg>
<arg>${json_data['results'][0]}</arg>
<arg>${key}</arg>
<doc>Fails if ``key`` is not found from ``dictionary``.</doc>
<status status="PASS" start="2024-04-04T13:14:34.897395" elapsed="0.000476"/>
</kw>
<kw name="Log" owner="BuiltIn">
<msg time="2024-04-04T13:14:34.898482" level="INFO">{'gender': 'female', 'name': {'title': 'Mrs', 'first': 'Miriam', 'last': 'Vicente'}, 'location': {'street': {'number': 9635, 'name': 'Calle del Arenal'}, 'city': 'Logroño', 'state': 'Canarias', 'country': 'Spain', 'postcode': 71802, 'coordinates': {'latitude': '-31.7711', 'longitude': '44.9945'}, 'timezone': {'offset': '-7:00', 'description': 'Mountain Time (US &amp; Canada)'}}, 'email': 'miriam.vicente@example.com', 'login': {'uuid': 'af83fc72-a7f7-410b-a329-fe155342feac', 'username': 'organicwolf937', 'password': 'business', 'salt': 'C0EecRim', 'md5': 'd84825bca27fcb9e9ca330454ce18b27', 'sha1': '70c23b16a1a7580c2f411f48ffd67401c0ea2014', 'sha256': 'f19e0c4ada7ac82dc3e0ceda897edc5034b0b860e3302718335447b8e98b358c'}, 'dob': {'date': '1949-06-11T13:17:13.799Z', 'age': 74}, 'registered': {'date': '2008-10-27T16:51:08.366Z', 'age': 15}, 'phone': '922-199-677', 'cell': '659-324-736', 'id': {'name': 'DNI', 'value': '34481405-I'}, 'picture': {'large': 'https://randomuser.me/api/portraits/women/36.jpg', 'medium': 'https://randomuser.me/api/portraits/med/women/36.jpg', 'thumbnail': 'https://randomuser.me/api/portraits/thumb/women/36.jpg'}, 'nat': 'ES'}</msg>
<arg>${json_data['results'][0]}</arg>
<doc>Logs the given message with the given level.</doc>
<status status="PASS" start="2024-04-04T13:14:34.898149" elapsed="0.000384"/>
</kw>
<kw name="Log" owner="BuiltIn">
<msg time="2024-04-04T13:14:34.898921" level="INFO">location</msg>
<arg>${key}</arg>
<doc>Logs the given message with the given level.</doc>
<status status="PASS" start="2024-04-04T13:14:34.898804" elapsed="0.000152"/>
</kw>
<var name="${key}">location</var>
<status status="PASS" start="2024-04-04T13:14:34.897284" elapsed="0.001871"/>
</iter>
<iter>
<kw name="Dictionary Should Contain Key" owner="Collections">
<msg time="2024-04-04T13:14:34.899768" level="INFO">False</msg>
<arg>${json_data['results'][0]}</arg>
<arg>${key}</arg>
<doc>Fails if ``key`` is not found from ``dictionary``.</doc>
<status status="PASS" start="2024-04-04T13:14:34.899416" elapsed="0.000386"/>
</kw>
<kw name="Log" owner="BuiltIn">
<msg time="2024-04-04T13:14:34.900443" level="INFO">{'gender': 'female', 'name': {'title': 'Mrs', 'first': 'Miriam', 'last': 'Vicente'}, 'location': {'street': {'number': 9635, 'name': 'Calle del Arenal'}, 'city': 'Logroño', 'state': 'Canarias', 'country': 'Spain', 'postcode': 71802, 'coordinates': {'latitude': '-31.7711', 'longitude': '44.9945'}, 'timezone': {'offset': '-7:00', 'description': 'Mountain Time (US &amp; Canada)'}}, 'email': 'miriam.vicente@example.com', 'login': {'uuid': 'af83fc72-a7f7-410b-a329-fe155342feac', 'username': 'organicwolf937', 'password': 'business', 'salt': 'C0EecRim', 'md5': 'd84825bca27fcb9e9ca330454ce18b27', 'sha1': '70c23b16a1a7580c2f411f48ffd67401c0ea2014', 'sha256': 'f19e0c4ada7ac82dc3e0ceda897edc5034b0b860e3302718335447b8e98b358c'}, 'dob': {'date': '1949-06-11T13:17:13.799Z', 'age': 74}, 'registered': {'date': '2008-10-27T16:51:08.366Z', 'age': 15}, 'phone': '922-199-677', 'cell': '659-324-736', 'id': {'name': 'DNI', 'value': '34481405-I'}, 'picture': {'large': 'https://randomuser.me/api/portraits/women/36.jpg', 'medium': 'https://randomuser.me/api/portraits/med/women/36.jpg', 'thumbnail': 'https://randomuser.me/api/portraits/thumb/women/36.jpg'}, 'nat': 'ES'}</msg>
<arg>${json_data['results'][0]}</arg>
<doc>Logs the given message with the given level.</doc>
<status status="PASS" start="2024-04-04T13:14:34.900077" elapsed="0.000416"/>
</kw>
<kw name="Log" owner="BuiltIn">
<msg time="2024-04-04T13:14:34.900911" level="INFO">email</msg>
<arg>${key}</arg>
<doc>Logs the given message with the given level.</doc>
<status status="PASS" start="2024-04-04T13:14:34.900786" elapsed="0.000162"/>
</kw>
<var name="${key}">email</var>
<status status="PASS" start="2024-04-04T13:14:34.899314" elapsed="0.001846"/>
</iter>
<iter>
<kw name="Dictionary Should Contain Key" owner="Collections">
<msg time="2024-04-04T13:14:34.901844" level="INFO">False</msg>
<arg>${json_data['results'][0]}</arg>
<arg>${key}</arg>
<doc>Fails if ``key`` is not found from ``dictionary``.</doc>
<status status="PASS" start="2024-04-04T13:14:34.901443" elapsed="0.000434"/>
</kw>
<kw name="Log" owner="BuiltIn">
<msg time="2024-04-04T13:14:34.902487" level="INFO">{'gender': 'female', 'name': {'title': 'Mrs', 'first': 'Miriam', 'last': 'Vicente'}, 'location': {'street': {'number': 9635, 'name': 'Calle del Arenal'}, 'city': 'Logroño', 'state': 'Canarias', 'country': 'Spain', 'postcode': 71802, 'coordinates': {'latitude': '-31.7711', 'longitude': '44.9945'}, 'timezone': {'offset': '-7:00', 'description': 'Mountain Time (US &amp; Canada)'}}, 'email': 'miriam.vicente@example.com', 'login': {'uuid': 'af83fc72-a7f7-410b-a329-fe155342feac', 'username': 'organicwolf937', 'password': 'business', 'salt': 'C0EecRim', 'md5': 'd84825bca27fcb9e9ca330454ce18b27', 'sha1': '70c23b16a1a7580c2f411f48ffd67401c0ea2014', 'sha256': 'f19e0c4ada7ac82dc3e0ceda897edc5034b0b860e3302718335447b8e98b358c'}, 'dob': {'date': '1949-06-11T13:17:13.799Z', 'age': 74}, 'registered': {'date': '2008-10-27T16:51:08.366Z', 'age': 15}, 'phone': '922-199-677', 'cell': '659-324-736', 'id': {'name': 'DNI', 'value': '34481405-I'}, 'picture': {'large': 'https://randomuser.me/api/portraits/women/36.jpg', 'medium': 'https://randomuser.me/api/portraits/med/women/36.jpg', 'thumbnail': 'https://randomuser.me/api/portraits/thumb/women/36.jpg'}, 'nat': 'ES'}</msg>
<arg>${json_data['results'][0]}</arg>
<doc>Logs the given message with the given level.</doc>
<status status="PASS" start="2024-04-04T13:14:34.902152" elapsed="0.000380"/>
</kw>
<kw name="Log" owner="BuiltIn">
<msg time="2024-04-04T13:14:34.902918" level="INFO">login</msg>
<arg>${key}</arg>
<doc>Logs the given message with the given level.</doc>
<status status="PASS" start="2024-04-04T13:14:34.902803" elapsed="0.000247"/>
</kw>
<var name="${key}">login</var>
<status status="PASS" start="2024-04-04T13:14:34.901332" elapsed="0.001947"/>
</iter>
<var>${key}</var>
<value>@{expected_keys}</value>
<status status="PASS" start="2024-04-04T13:14:34.892979" elapsed="0.010418"/>
</for>
<kw name="Create List" owner="BuiltIn">
<msg time="2024-04-04T13:14:34.903704" level="INFO">${expected_keysTwo} = ['username', 'password']</msg>
<var>${expected_keysTwo}</var>
<arg>username</arg>
<arg>password</arg>
<doc>Returns a list containing given items.</doc>
<status status="PASS" start="2024-04-04T13:14:34.903579" elapsed="0.000147"/>
</kw>
<for flavor="IN">
<iter>
<kw name="Dictionary Should Contain Key" owner="Collections">
<msg time="2024-04-04T13:14:34.904529" level="INFO">False</msg>
<arg>${json_data['results'][0]['login']}</arg>
<arg>${keyTwo}</arg>
<doc>Fails if ``key`` is not found from ``dictionary``.</doc>
<status status="PASS" start="2024-04-04T13:14:34.904181" elapsed="0.000381"/>
</kw>
<kw name="Dictionary Should Contain Key" owner="Collections">
<msg time="2024-04-04T13:14:34.905178" level="INFO">False</msg>
<arg>${json_data['results'][0]['login']}</arg>
<arg>${keyTwo}</arg>
<doc>Fails if ``key`` is not found from ``dictionary``.</doc>
<status status="PASS" start="2024-04-04T13:14:34.904831" elapsed="0.000382"/>
</kw>
<kw name="Log" owner="BuiltIn">
<msg time="2024-04-04T13:14:34.905597" level="INFO">username</msg>
<arg>${keyTwo}</arg>
<doc>Logs the given message with the given level.</doc>
<status status="PASS" start="2024-04-04T13:14:34.905480" elapsed="0.000151"/>
</kw>
<var name="${keyTwo}">username</var>
<status status="PASS" start="2024-04-04T13:14:34.904081" elapsed="0.001771"/>
</iter>
<iter>
<kw name="Dictionary Should Contain Key" owner="Collections">
<msg time="2024-04-04T13:14:34.906465" level="INFO">False</msg>
<arg>${json_data['results'][0]['login']}</arg>
<arg>${keyTwo}</arg>
<doc>Fails if ``key`` is not found from ``dictionary``.</doc>
<status status="PASS" start="2024-04-04T13:14:34.906111" elapsed="0.000392"/>
</kw>
<kw name="Dictionary Should Contain Key" owner="Collections">
<msg time="2024-04-04T13:14:34.907169" level="INFO">False</msg>
<arg>${json_data['results'][0]['login']}</arg>
<arg>${keyTwo}</arg>
<doc>Fails if ``key`` is not found from ``dictionary``.</doc>
<status status="PASS" start="2024-04-04T13:14:34.906791" elapsed="0.000414"/>
</kw>
<kw name="Log" owner="BuiltIn">
<msg time="2024-04-04T13:14:34.907620" level="INFO">password</msg>
<arg>${keyTwo}</arg>
<doc>Logs the given message with the given level.</doc>
<status status="PASS" start="2024-04-04T13:14:34.907493" elapsed="0.000164"/>
</kw>
<var name="${keyTwo}">password</var>
<status status="PASS" start="2024-04-04T13:14:34.906010" elapsed="0.001862"/>
</iter>
<var>${keyTwo}</var>
<value>@{expected_keysTwo}</value>
<status status="PASS" start="2024-04-04T13:14:34.903943" elapsed="0.004047"/>
</for>
<status status="PASS" start="2024-04-04T13:14:34.808723" elapsed="0.099406"/>
</kw>
<doc>Testa a estrutura da resposta da API.</doc>
<tag>testeEstruturaResposta</tag>
<status status="PASS" start="2024-04-04T13:14:34.808131" elapsed="0.100150"/>
</test>
<test id="s1-s1-t4" name="Validar tipos de dados" line="28">
<kw name="Teste de Tipos de Dados" owner="random-user-service">
<kw name="GET On Session" owner="RequestsLibrary">
<msg time="2024-04-04T13:14:34.982796" level="INFO">GET Request : url=https://randomuser.me/api 
 path_url=/api 
 headers={'User-Agent': 'python-requests/2.31.0', 'Accept-Encoding': 'gzip, deflate', 'Accept': '*/*', 'Connection': 'keep-alive'} 
 body=None 
 </msg>
<msg time="2024-04-04T13:14:34.982879" level="INFO">GET Response : url=https://randomuser.me/api 
 status=200, reason=OK 
 headers={'Date': 'Thu, 04 Apr 2024 13:14:34 GMT', 'Content-Type': 'application/json; charset=utf-8', 'Transfer-Encoding': 'chunked', 'Connection': 'keep-alive', 'X-Powered-By': 'Express', 'Access-Control-Allow-Origin': '*', 'Cache-Control': 'no-cache', 'ETag': 'W/"496-CRXAgPKBl47razEbrtXpX1ZaVCQ"', 'Vary': 'Accept-Encoding', 'Content-Encoding': 'gzip', 'CF-Cache-Status': 'DYNAMIC', 'Report-To': '{"endpoints":[{"url":"https:\\/\\/a.nel.cloudflare.com\\/report\\/v4?s=rzIMXKrKa8fLs7QWdMKGs%2FMwTcRU0i%2BPustwyecY3gsSWF7caomqzBBdLdNskvJRXdiK6ooziLGA2atx2v%2FuJt2SBvw31aAzEQqa9AGER%2BfZWFeP9W7Jn7v1m3TsZOiI"}],"group":"cf-nel","max_age":604800}', 'NEL': '{"success_fraction":0,"report_to":"cf-nel","max_age":604800}', 'Server': 'cloudflare', 'CF-RAY': '86f18ff03f220380-ORD', 'alt-svc': 'h3=":443"; ma=86400'} 
 body={"results":[{"gender":"female","name":{"title":"Miss","first":"Anka","last":"Kojić"},"location":{"street":{"number":7986,"name":"Milovana Čelebića"},"city":"Opovo","state":"Jablanica","country":"Serbia","postcode":94069,"coordinates":{"latitude":"60.9717","longitude":"138.2829"},"timezone":{"offset":"+3:00","description":"Baghdad, Riyadh, Moscow, St. Petersburg"}},"email":"anka.kojic@example.com","login":{"uuid":"1538c892-e2e7-4fff-98cd-2c2f4cbc1dc1","username":"ticklishdog807","password":"safety","salt":"k6D8982F","md5":"e499967673160ea44ba5d3898bf84d51","sha1":"04171cefa044f01d3cf7dc52ae6233584b81a045","sha256":"6b3ca94714195eb9bd7ce4e7dd22344405098da0545ae7dc834df8eec58883fa"},"dob":{"date":"1954-10-06T18:14:52.074Z","age":69},"registered":{"date":"2021-11-28T07:08:31.372Z","age":2},"phone":"037-7087-071","cell":"064-4844-251","id":{"name":"SID","value":"470423492"},"picture":{"large":"https://randomuser.me/api/portraits/women/30.jpg","medium":"https://randomuser.me/api/portraits/med/women/30.jpg","thumbnail":"https://randomuser.me/api/portraits/thumb/women/30.jpg"},"nat":"RS"}],"info":{"seed":"cd062770ffd9243e","results":1,"page":1,"version":"1.4"}} 
 </msg>
<msg time="2024-04-04T13:14:34.982935" level="INFO">/opt/hostedtoolcache/Python/3.12.2/x64/lib/python3.12/site-packages/urllib3/connectionpool.py:1103: InsecureRequestWarning: Unverified HTTPS request is being made to host 'randomuser.me'. Adding certificate verification is strongly advised. See: https://urllib3.readthedocs.io/en/latest/advanced-usage.html#tls-warnings
  warnings.warn(</msg>
<msg time="2024-04-04T13:14:34.983018" level="INFO">${response} = &lt;Response [200]&gt;</msg>
<var>${response}</var>
<arg>consultarAPI</arg>
<arg>/api</arg>
<doc>Sends a GET request on a previously created HTTP Session.</doc>
<status status="PASS" start="2024-04-04T13:14:34.910537" elapsed="0.072511"/>
</kw>
<kw name="Set Variable" owner="BuiltIn">
<msg time="2024-04-04T13:14:34.983890" level="INFO">${json_data} = {'results': [{'gender': 'female', 'name': {'title': 'Miss', 'first': 'Anka', 'last': 'Kojić'}, 'location': {'street': {'number': 7986, 'name': 'Milovana Čelebića'}, 'city': 'Opovo', 'state': 'Jablanic...</msg>
<var>${json_data}</var>
<arg>${response.json()}</arg>
<doc>Returns the given values which can then be assigned to a variables.</doc>
<status status="PASS" start="2024-04-04T13:14:34.983435" elapsed="0.000484"/>
</kw>
<kw name="Log" owner="BuiltIn">
<msg time="2024-04-04T13:14:34.984378" level="INFO">{'results': [{'gender': 'female', 'name': {'title': 'Miss', 'first': 'Anka', 'last': 'Kojić'}, 'location': {'street': {'number': 7986, 'name': 'Milovana Čelebića'}, 'city': 'Opovo', 'state': 'Jablanica', 'country': 'Serbia', 'postcode': 94069, 'coordinates': {'latitude': '60.9717', 'longitude': '138.2829'}, 'timezone': {'offset': '+3:00', 'description': 'Baghdad, Riyadh, Moscow, St. Petersburg'}}, 'email': 'anka.kojic@example.com', 'login': {'uuid': '1538c892-e2e7-4fff-98cd-2c2f4cbc1dc1', 'username': 'ticklishdog807', 'password': 'safety', 'salt': 'k6D8982F', 'md5': 'e499967673160ea44ba5d3898bf84d51', 'sha1': '04171cefa044f01d3cf7dc52ae6233584b81a045', 'sha256': '6b3ca94714195eb9bd7ce4e7dd22344405098da0545ae7dc834df8eec58883fa'}, 'dob': {'date': '1954-10-06T18:14:52.074Z', 'age': 69}, 'registered': {'date': '2021-11-28T07:08:31.372Z', 'age': 2}, 'phone': '037-7087-071', 'cell': '064-4844-251', 'id': {'name': 'SID', 'value': '470423492'}, 'picture': {'large': 'https://randomuser.me/api/portraits/women/30.jpg', 'medium': 'https://randomuser.me/api/portraits/med/women/30.jpg', 'thumbnail': 'https://randomuser.me/api/portraits/thumb/women/30.jpg'}, 'nat': 'RS'}], 'info': {'seed': 'cd062770ffd9243e', 'results': 1, 'page': 1, 'version': '1.4'}}</msg>
<arg>${json_data}</arg>
<doc>Logs the given message with the given level.</doc>
<status status="PASS" start="2024-04-04T13:14:34.984223" elapsed="0.000241"/>
</kw>
<kw name="Should Be String" owner="String">
<arg>${json_data['results'][0]['gender']}</arg>
<doc>Fails if the given ``item`` is not a string.</doc>
<status status="PASS" start="2024-04-04T13:14:34.984766" elapsed="0.000354"/>
</kw>
<kw name="Should Match Regexp" owner="BuiltIn">
<arg>${json_data['results'][0]['email']}</arg>
<arg>^[a-zA-Z0-9._%+-]+@[a-zA-Z0-9.-]+\.[a-zA-Z]{2,}$</arg>
<doc>Fails if ``string`` does not match ``pattern`` as a regular expression.</doc>
<status status="PASS" start="2024-04-04T13:14:34.985311" elapsed="0.000546"/>
</kw>
<kw name="Should Match Regexp" owner="BuiltIn">
<arg>${json_data['results'][0]['dob']['date']}</arg>
<arg>\\d{4}-\\d{2}-\\d{2}T\\d{2}:\\d{2}:\\d{2}\\.\\d{3}Z</arg>
<doc>Fails if ``string`` does not match ``pattern`` as a regular expression.</doc>
<status status="PASS" start="2024-04-04T13:14:34.986056" elapsed="0.000483"/>
</kw>
<kw name="Should Match Regexp" owner="BuiltIn">
<arg>${json_data['results'][0]['registered']['date']}</arg>
<arg>\\d{4}-\\d{2}-\\d{2}T\\d{2}:\\d{2}:\\d{2}\\.\\d{3}Z</arg>
<doc>Fails if ``string`` does not match ``pattern`` as a regular expression.</doc>
<status status="PASS" start="2024-04-04T13:14:34.986729" elapsed="0.000370"/>
</kw>
<kw name="Should Match Regexp" owner="BuiltIn">
<arg>${json_data['results'][0]['picture']['large']}</arg>
<arg>^https?://.*\.(?:png|jpe?g|gif|bmp)$</arg>
<doc>Fails if ``string`` does not match ``pattern`` as a regular expression.</doc>
<status status="PASS" start="2024-04-04T13:14:34.987280" elapsed="0.000463"/>
</kw>
<kw name="Should Match Regexp" owner="BuiltIn">
<arg>${json_data['results'][0]['picture']['medium']}</arg>
<arg>^https?://.*\.(?:png|jpe?g|gif|bmp)$</arg>
<doc>Fails if ``string`` does not match ``pattern`` as a regular expression.</doc>
<status status="PASS" start="2024-04-04T13:14:34.987931" elapsed="0.000352"/>
</kw>
<kw name="Should Match Regexp" owner="BuiltIn">
<arg>${json_data['results'][0]['picture']['thumbnail']}</arg>
<arg>^https?://.*\.(?:png|jpe?g|gif|bmp)$</arg>
<doc>Fails if ``string`` does not match ``pattern`` as a regular expression.</doc>
<status status="PASS" start="2024-04-04T13:14:34.988466" elapsed="0.000344"/>
</kw>
<kw name="Log" owner="BuiltIn">
<msg time="2024-04-04T13:14:34.989311" level="INFO">{'large': 'https://randomuser.me/api/portraits/women/30.jpg', 'medium': 'https://randomuser.me/api/portraits/med/women/30.jpg', 'thumbnail': 'https://randomuser.me/api/portraits/thumb/women/30.jpg'}</msg>
<arg>${json_data['results'][0]['picture']}</arg>
<doc>Logs the given message with the given level.</doc>
<status status="PASS" start="2024-04-04T13:14:34.988987" elapsed="0.000370"/>
</kw>
<status status="PASS" start="2024-04-04T13:14:34.910335" elapsed="0.079272"/>
</kw>
<kw name="Teste de Tipos de Dados - Postcode" owner="random-user-service">
<kw name="GET On Session" owner="RequestsLibrary">
<msg time="2024-04-04T13:14:35.089947" level="INFO">GET Request : url=https://randomuser.me/api 
 path_url=/api 
 headers={'User-Agent': 'python-requests/2.31.0', 'Accept-Encoding': 'gzip, deflate', 'Accept': '*/*', 'Connection': 'keep-alive'} 
 body=None 
 </msg>
<msg time="2024-04-04T13:14:35.090029" level="INFO">GET Response : url=https://randomuser.me/api 
 status=200, reason=OK 
 headers={'Date': 'Thu, 04 Apr 2024 13:14:35 GMT', 'Content-Type': 'application/json; charset=utf-8', 'Transfer-Encoding': 'chunked', 'Connection': 'keep-alive', 'X-Powered-By': 'Express', 'Access-Control-Allow-Origin': '*', 'Cache-Control': 'no-cache', 'ETag': 'W/"492-xovqUEHFFKgwTCZzB/xGLGwOH8A"', 'Vary': 'Accept-Encoding', 'Content-Encoding': 'gzip', 'CF-Cache-Status': 'DYNAMIC', 'Report-To': '{"endpoints":[{"url":"https:\\/\\/a.nel.cloudflare.com\\/report\\/v4?s=Wz2dnYbp6pJqZ3H0bVLKjnnc238BNyD8gAawOR%2BUR7aps1bA0WbNNEKe%2Fhll92sOhdV4Wsvw%2BKs8fxSLk4ezIno2As%2FsucWx9J4DCOZb3IJbh%2FQ6yTWTe8e2QzlMv4bu"}],"group":"cf-nel","max_age":604800}', 'NEL': '{"success_fraction":0,"report_to":"cf-nel","max_age":604800}', 'Server': 'cloudflare', 'CF-RAY': '86f18ff0bf7b0380-ORD', 'alt-svc': 'h3=":443"; ma=86400'} 
 body={"results":[{"gender":"male","name":{"title":"Mr","first":"Vivek","last":"Gatty"},"location":{"street":{"number":4640,"name":"Carter Rd Promenade"},"city":"Gorakhpur","state":"Tripura","country":"India","postcode":75768,"coordinates":{"latitude":"8.9099","longitude":"-28.7872"},"timezone":{"offset":"0:00","description":"Western Europe Time, London, Lisbon, Casablanca"}},"email":"vivek.gatty@example.com","login":{"uuid":"f57725fb-702a-4084-aa38-94ae3d1e46df","username":"bluelion630","password":"pajero","salt":"BckMbHtj","md5":"0e29c68ba99f62d2fdfbcf167940a953","sha1":"9cc4adbf510534bf91863e02a0e1357c6c7a6255","sha256":"4ec1d9be1a5d6b9c2f6bc123d1be6a9180cc16c772b70b6725839d237f6b2fe9"},"dob":{"date":"1960-12-08T00:43:03.147Z","age":63},"registered":{"date":"2015-07-19T22:32:48.947Z","age":8},"phone":"7808248982","cell":"9618690827","id":{"name":"UIDAI","value":"289764315833"},"picture":{"large":"https://randomuser.me/api/portraits/men/91.jpg","medium":"https://randomuser.me/api/portraits/med/men/91.jpg","thumbnail":"https://randomuser.me/api/portraits/thumb/men/91.jpg"},"nat":"IN"}],"info":{"seed":"8d5c387097d5724e","results":1,"page":1,"version":"1.4"}} 
 </msg>
<msg time="2024-04-04T13:14:35.090106" level="INFO">/opt/hostedtoolcache/Python/3.12.2/x64/lib/python3.12/site-packages/urllib3/connectionpool.py:1103: InsecureRequestWarning: Unverified HTTPS request is being made to host 'randomuser.me'. Adding certificate verification is strongly advised. See: https://urllib3.readthedocs.io/en/latest/advanced-usage.html#tls-warnings
  warnings.warn(</msg>
<msg time="2024-04-04T13:14:35.090190" level="INFO">${response} = &lt;Response [200]&gt;</msg>
<var>${response}</var>
<arg>consultarAPI</arg>
<arg>/api</arg>
<doc>Sends a GET request on a previously created HTTP Session.</doc>
<status status="PASS" start="2024-04-04T13:14:34.990176" elapsed="0.100045"/>
</kw>
<kw name="Set Variable" owner="BuiltIn">
<msg time="2024-04-04T13:14:35.091014" level="INFO">${json_data} = {'results': [{'gender': 'male', 'name': {'title': 'Mr', 'first': 'Vivek', 'last': 'Gatty'}, 'location': {'street': {'number': 4640, 'name': 'Carter Rd Promenade'}, 'city': 'Gorakhpur', 'state': 'Tripu...</msg>
<var>${json_data}</var>
<arg>${response.json()}</arg>
<doc>Returns the given values which can then be assigned to a variables.</doc>
<status status="PASS" start="2024-04-04T13:14:35.090589" elapsed="0.000453"/>
</kw>
<kw name="Log" owner="BuiltIn">
<msg time="2024-04-04T13:14:35.091497" level="INFO">{'results': [{'gender': 'male', 'name': {'title': 'Mr', 'first': 'Vivek', 'last': 'Gatty'}, 'location': {'street': {'number': 4640, 'name': 'Carter Rd Promenade'}, 'city': 'Gorakhpur', 'state': 'Tripura', 'country': 'India', 'postcode': 75768, 'coordinates': {'latitude': '8.9099', 'longitude': '-28.7872'}, 'timezone': {'offset': '0:00', 'description': 'Western Europe Time, London, Lisbon, Casablanca'}}, 'email': 'vivek.gatty@example.com', 'login': {'uuid': 'f57725fb-702a-4084-aa38-94ae3d1e46df', 'username': 'bluelion630', 'password': 'pajero', 'salt': 'BckMbHtj', 'md5': '0e29c68ba99f62d2fdfbcf167940a953', 'sha1': '9cc4adbf510534bf91863e02a0e1357c6c7a6255', 'sha256': '4ec1d9be1a5d6b9c2f6bc123d1be6a9180cc16c772b70b6725839d237f6b2fe9'}, 'dob': {'date': '1960-12-08T00:43:03.147Z', 'age': 63}, 'registered': {'date': '2015-07-19T22:32:48.947Z', 'age': 8}, 'phone': '7808248982', 'cell': '9618690827', 'id': {'name': 'UIDAI', 'value': '289764315833'}, 'picture': {'large': 'https://randomuser.me/api/portraits/men/91.jpg', 'medium': 'https://randomuser.me/api/portraits/med/men/91.jpg', 'thumbnail': 'https://randomuser.me/api/portraits/thumb/men/91.jpg'}, 'nat': 'IN'}], 'info': {'seed': '8d5c387097d5724e', 'results': 1, 'page': 1, 'version': '1.4'}}</msg>
<arg>${json_data}</arg>
<doc>Logs the given message with the given level.</doc>
<status status="PASS" start="2024-04-04T13:14:35.091347" elapsed="0.000226"/>
</kw>
<kw name="Should Be Equal As Numbers" owner="BuiltIn">
<arg>${json_data['results'][0]['location']['postcode']}</arg>
<arg>${json_data['results'][0]['location']['postcode']}</arg>
<doc>Fails if objects are unequal after converting them to real numbers.</doc>
<status status="PASS" start="2024-04-04T13:14:35.091873" elapsed="0.000618"/>
</kw>
<kw name="Log" owner="BuiltIn">
<msg time="2024-04-04T13:14:35.093019" level="INFO">75768</msg>
<arg>${json_data['results'][0]['location']['postcode']}</arg>
<doc>Logs the given message with the given level.</doc>
<status status="PASS" start="2024-04-04T13:14:35.092685" elapsed="0.000375"/>
</kw>
<status status="PASS" start="2024-04-04T13:14:34.989845" elapsed="0.103464"/>
</kw>
<doc>Testa se os tipos de dados na resposta da API estão corretos.</doc>
<tag>testeTiposDados</tag>
<status status="PASS" start="2024-04-04T13:14:34.909953" elapsed="0.183514"/>
</test>
<test id="s1-s1-t5" name="Validar conteudo" line="35">
<kw name="Teste de Tipos de Conteudo" owner="random-user-service">
<kw name="GET On Session" owner="RequestsLibrary">
<msg time="2024-04-04T13:14:35.185363" level="INFO">GET Request : url=https://randomuser.me/api 
 path_url=/api 
 headers={'User-Agent': 'python-requests/2.31.0', 'Accept-Encoding': 'gzip, deflate', 'Accept': '*/*', 'Connection': 'keep-alive'} 
 body=None 
 </msg>
<msg time="2024-04-04T13:14:35.185425" level="INFO">GET Response : url=https://randomuser.me/api 
 status=200, reason=OK 
 headers={'Date': 'Thu, 04 Apr 2024 13:14:35 GMT', 'Content-Type': 'application/json; charset=utf-8', 'Transfer-Encoding': 'chunked', 'Connection': 'keep-alive', 'X-Powered-By': 'Express', 'Access-Control-Allow-Origin': '*', 'Cache-Control': 'no-cache', 'ETag': 'W/"49a-Rp9U4hcJX/HVPGSFhdO2dAsxFk8"', 'Vary': 'Accept-Encoding', 'Content-Encoding': 'gzip', 'CF-Cache-Status': 'DYNAMIC', 'Report-To': '{"endpoints":[{"url":"https:\\/\\/a.nel.cloudflare.com\\/report\\/v4?s=sN7vJt7PVeaKM8oZi84NIafFNpzlCnJUos1waUjq0WSvmkkoinLr7KEhTii6ihTJyR9wKTSfk2HzQqi9apULWCYbkE6T5CLwrPSX6j4B2F1owePPNzvKKUc3MA8vX6xn"}],"group":"cf-nel","max_age":604800}', 'NEL': '{"success_fraction":0,"report_to":"cf-nel","max_age":604800}', 'Server': 'cloudflare', 'CF-RAY': '86f18ff15ffc0380-ORD', 'alt-svc': 'h3=":443"; ma=86400'} 
 body={"results":[{"gender":"male","name":{"title":"Mr","first":"Christian","last":"Rasmussen"},"location":{"street":{"number":5278,"name":"Gurrevej"},"city":"Nørre Sundby","state":"Sjælland","country":"Denmark","postcode":16661,"coordinates":{"latitude":"-44.1136","longitude":"-129.1881"},"timezone":{"offset":"+3:00","description":"Baghdad, Riyadh, Moscow, St. Petersburg"}},"email":"christian.rasmussen@example.com","login":{"uuid":"3d8848d1-684d-423f-ae03-ce279a34b272","username":"angryelephant791","password":"tarpon","salt":"AIs2hm9z","md5":"464ead764f0ed4ee3542b59a1f72e074","sha1":"1ac6854f30ab8e4e1e42ddeed225acb03032d5d5","sha256":"d0ca209332302f82efd2c60c5d13d4044c7850832716adda4c321ba9f4b4d733"},"dob":{"date":"1997-01-14T04:04:29.586Z","age":27},"registered":{"date":"2005-05-10T15:05:11.303Z","age":18},"phone":"66137141","cell":"43632301","id":{"name":"CPR","value":"130197-4701"},"picture":{"large":"https://randomuser.me/api/portraits/men/49.jpg","medium":"https://randomuser.me/api/portraits/med/men/49.jpg","thumbnail":"https://randomuser.me/api/portraits/thumb/men/49.jpg"},"nat":"DK"}],"info":{"seed":"4d10405a4fad6278","results":1,"page":1,"version":"1.4"}} 
 </msg>
<msg time="2024-04-04T13:14:35.185483" level="INFO">/opt/hostedtoolcache/Python/3.12.2/x64/lib/python3.12/site-packages/urllib3/connectionpool.py:1103: InsecureRequestWarning: Unverified HTTPS request is being made to host 'randomuser.me'. Adding certificate verification is strongly advised. See: https://urllib3.readthedocs.io/en/latest/advanced-usage.html#tls-warnings
  warnings.warn(</msg>
<msg time="2024-04-04T13:14:35.185571" level="INFO">${response} = &lt;Response [200]&gt;</msg>
<var>${response}</var>
<arg>consultarAPI</arg>
<arg>/api</arg>
<doc>Sends a GET request on a previously created HTTP Session.</doc>
<status status="PASS" start="2024-04-04T13:14:35.095855" elapsed="0.089753"/>
</kw>
<kw name="Set Variable" owner="BuiltIn">
<msg time="2024-04-04T13:14:35.186566" level="INFO">${json_data} = {'results': [{'gender': 'male', 'name': {'title': 'Mr', 'first': 'Christian', 'last': 'Rasmussen'}, 'location': {'street': {'number': 5278, 'name': 'Gurrevej'}, 'city': 'Nørre Sundby', 'state': 'Sjæll...</msg>
<var>${json_data}</var>
<arg>${response.json()}</arg>
<doc>Returns the given values which can then be assigned to a variables.</doc>
<status status="PASS" start="2024-04-04T13:14:35.186101" elapsed="0.000494"/>
</kw>
<kw name="Set Variable" owner="BuiltIn">
<msg time="2024-04-04T13:14:35.187274" level="INFO">${name_title} = Mr</msg>
<var>${name_title}</var>
<arg>${json_data["results"][0]["name"]["title"]}</arg>
<doc>Returns the given values which can then be assigned to a variables.</doc>
<status status="PASS" start="2024-04-04T13:14:35.186894" elapsed="0.000403"/>
</kw>
<kw name="Create List" owner="BuiltIn">
<msg time="2024-04-04T13:14:35.187710" level="INFO">${allowed_titles} = ['Mr', 'Ms', 'Miss', 'Mrs', 'Madame', 'Monsieur']</msg>
<var>${allowed_titles}</var>
<arg>Mr</arg>
<arg>Ms</arg>
<arg>Miss</arg>
<arg>Mrs</arg>
<arg>Madame</arg>
<arg>Monsieur</arg>
<doc>Returns a list containing given items.</doc>
<status status="PASS" start="2024-04-04T13:14:35.187568" elapsed="0.000166"/>
</kw>
<kw name="List Should Contain Value" owner="Collections">
<msg time="2024-04-04T13:14:35.188204" level="INFO">False</msg>
<arg>${allowed_titles}</arg>
<arg>${name_title}</arg>
<doc>Fails if the ``value`` is not found from ``list``.</doc>
<status status="PASS" start="2024-04-04T13:14:35.188037" elapsed="0.000206"/>
</kw>
<kw name="Set Variable" owner="BuiltIn">
<msg time="2024-04-04T13:14:35.188898" level="INFO">${name_country} = DK</msg>
<var>${name_country}</var>
<arg>${json_data["results"][0]["nat"]}</arg>
<doc>Returns the given values which can then be assigned to a variables.</doc>
<status status="PASS" start="2024-04-04T13:14:35.188532" elapsed="0.000390"/>
</kw>
<kw name="Create List" owner="BuiltIn">
<msg time="2024-04-04T13:14:35.189856" level="INFO">${list_country} = ['AD', 'AE', 'AF', 'AG', 'AI', 'AL', 'AM', 'AO', 'AQ', 'AR', 'AS', 'AT', 'AU', 'AW', 'AX', 'AZ', 'BA', 'BB', 'BD', 'BE', 'BF', 'BG', 'BH', 'BI', 'BJ', 'BL', 'BM', 'BN', 'BO', 'BQ', 'BR', 'BS', 'BT', '...</msg>
<var>${list_country}</var>
<arg>AD</arg>
<arg>AE</arg>
<arg>AF</arg>
<arg>AG</arg>
<arg>AI</arg>
<arg>AL</arg>
<arg>AM</arg>
<arg>AO</arg>
<arg>AQ</arg>
<arg>AR</arg>
<arg>AS</arg>
<arg>AT</arg>
<arg>AU</arg>
<arg>AW</arg>
<arg>AX</arg>
<arg>AZ</arg>
<arg>BA</arg>
<arg>BB</arg>
<arg>BD</arg>
<arg>BE</arg>
<arg>BF</arg>
<arg>BG</arg>
<arg>BH</arg>
<arg>BI</arg>
<arg>BJ</arg>
<arg>BL</arg>
<arg>BM</arg>
<arg>BN</arg>
<arg>BO</arg>
<arg>BQ</arg>
<arg>BR</arg>
<arg>BS</arg>
<arg>BT</arg>
<arg>BV</arg>
<arg>BW</arg>
<arg>BY</arg>
<arg>BZ</arg>
<arg>CA</arg>
<arg>CC</arg>
<arg>CD</arg>
<arg>CF</arg>
<arg>CG</arg>
<arg>CH</arg>
<arg>CI</arg>
<arg>CK</arg>
<arg>CL</arg>
<arg>CM</arg>
<arg>CN</arg>
<arg>CO</arg>
<arg>CR</arg>
<arg>CU</arg>
<arg>CV</arg>
<arg>CW</arg>
<arg>CX</arg>
<arg>CY</arg>
<arg>CZ</arg>
<arg>DE</arg>
<arg>DJ</arg>
<arg>DK</arg>
<arg>DM</arg>
<arg>DO</arg>
<arg>DZ</arg>
<arg>EC</arg>
<arg>EE</arg>
<arg>EG</arg>
<arg>EH</arg>
<arg>ER</arg>
<arg>ES</arg>
<arg>ET</arg>
<arg>FI</arg>
<arg>FJ</arg>
<arg>FK</arg>
<arg>FM</arg>
<arg>FO</arg>
<arg>FR</arg>
<arg>GA</arg>
<arg>GB</arg>
<arg>GD</arg>
<arg>GE</arg>
<arg>GF</arg>
<arg>GG</arg>
<arg>GH</arg>
<arg>GI</arg>
<arg>GL</arg>
<arg>GM</arg>
<arg>GN</arg>
<arg>GP</arg>
<arg>GQ</arg>
<arg>GR</arg>
<arg>GS</arg>
<arg>GT</arg>
<arg>GU</arg>
<arg>GW</arg>
<arg>GY</arg>
<arg>HK</arg>
<arg>HM</arg>
<arg>HN</arg>
<arg>HR</arg>
<arg>HT</arg>
<arg>HU</arg>
<arg>ID</arg>
<arg>IE</arg>
<arg>IL</arg>
<arg>IM</arg>
<arg>IN</arg>
<arg>IO</arg>
<arg>IQ</arg>
<arg>IR</arg>
<arg>IS</arg>
<arg>IT</arg>
<arg>JE</arg>
<arg>JM</arg>
<arg>JO</arg>
<arg>JP</arg>
<arg>KE</arg>
<arg>KG</arg>
<arg>KH</arg>
<arg>KI</arg>
<arg>KM</arg>
<arg>KN</arg>
<arg>KP</arg>
<arg>KR</arg>
<arg>KW</arg>
<arg>KY</arg>
<arg>KZ</arg>
<arg>LA</arg>
<arg>LB</arg>
<arg>LC</arg>
<arg>LI</arg>
<arg>LK</arg>
<arg>LR</arg>
<arg>LS</arg>
<arg>LT</arg>
<arg>LU</arg>
<arg>LV</arg>
<arg>LY</arg>
<arg>MA</arg>
<arg>MC</arg>
<arg>MD</arg>
<arg>ME</arg>
<arg>MF</arg>
<arg>MG</arg>
<arg>MH</arg>
<arg>MK</arg>
<arg>ML</arg>
<arg>MM</arg>
<arg>MN</arg>
<arg>MO</arg>
<arg>MP</arg>
<arg>MQ</arg>
<arg>MR</arg>
<arg>MS</arg>
<arg>MT</arg>
<arg>MU</arg>
<arg>MV</arg>
<arg>MW</arg>
<arg>MX</arg>
<arg>MY</arg>
<arg>MZ</arg>
<arg>NA</arg>
<arg>NC</arg>
<arg>NE</arg>
<arg>NF</arg>
<arg>NG</arg>
<arg>NI</arg>
<arg>NL</arg>
<arg>NO</arg>
<arg>NP</arg>
<arg>NR</arg>
<arg>NU</arg>
<arg>NZ</arg>
<arg>OM</arg>
<arg>PA</arg>
<arg>PE</arg>
<arg>PF</arg>
<arg>PG</arg>
<arg>PH</arg>
<arg>PK</arg>
<arg>PL</arg>
<arg>PM</arg>
<arg>PN</arg>
<arg>PR</arg>
<arg>PS</arg>
<arg>PT</arg>
<arg>PW</arg>
<arg>PY</arg>
<arg>QA</arg>
<arg>RE</arg>
<arg>RO</arg>
<arg>RS</arg>
<arg>RU</arg>
<arg>RW</arg>
<arg>SA</arg>
<arg>SB</arg>
<arg>SC</arg>
<arg>SD</arg>
<arg>SE</arg>
<arg>SG</arg>
<arg>SH</arg>
<arg>SI</arg>
<arg>SJ</arg>
<arg>SK</arg>
<arg>SL</arg>
<arg>SM</arg>
<arg>SN</arg>
<arg>SO</arg>
<arg>SR</arg>
<arg>SS</arg>
<arg>ST</arg>
<arg>SV</arg>
<arg>SX</arg>
<arg>SY</arg>
<arg>SZ</arg>
<arg>TC</arg>
<arg>TD</arg>
<arg>TF</arg>
<arg>TG</arg>
<arg>TH</arg>
<arg>TJ</arg>
<arg>TK</arg>
<arg>TL</arg>
<arg>TM</arg>
<arg>TN</arg>
<arg>TO</arg>
<arg>TR</arg>
<arg>TT</arg>
<arg>TV</arg>
<arg>TW</arg>
<arg>TZ</arg>
<arg>UA</arg>
<arg>UG</arg>
<arg>UM</arg>
<arg>US</arg>
<arg>UY</arg>
<arg>UZ</arg>
<arg>VA</arg>
<arg>VC</arg>
<arg>VE</arg>
<arg>VG</arg>
<arg>VI</arg>
<arg>VN</arg>
<arg>VU</arg>
<arg>WF</arg>
<arg>WS</arg>
<arg>XK</arg>
<arg>YE</arg>
<arg>YT</arg>
<arg>ZA</arg>
<arg>ZM</arg>
<arg>ZW</arg>
<doc>Returns a list containing given items.</doc>
<status status="PASS" start="2024-04-04T13:14:35.189221" elapsed="0.000661"/>
</kw>
<kw name="List Should Contain Value" owner="Collections">
<msg time="2024-04-04T13:14:35.190964" level="INFO">False</msg>
<arg>${list_country}</arg>
<arg>${name_country}</arg>
<doc>Fails if the ``value`` is not found from ``list``.</doc>
<status status="PASS" start="2024-04-04T13:14:35.190764" elapsed="0.000237"/>
</kw>
<kw name="Run Keyword If" owner="BuiltIn">
<kw name="Should Be True" owner="BuiltIn">
<arg>${True}</arg>
<doc>Fails if the given condition is not true.</doc>
<status status="PASS" start="2024-04-04T13:14:35.192054" elapsed="0.000143"/>
</kw>
<arg>${json_data["results"][0]["location"]["coordinates"]["latitude"]} &gt;= -90 and ${json_data["results"][0]["location"]["coordinates"]["latitude"]} &lt;= 90</arg>
<arg>Should Be True</arg>
<arg>${True}</arg>
<doc>Runs the given keyword with the given arguments, if ``condition`` is true.</doc>
<status status="PASS" start="2024-04-04T13:14:35.191305" elapsed="0.001020"/>
</kw>
<kw name="Run Keyword If" owner="BuiltIn">
<kw name="Should Be True" owner="BuiltIn">
<arg>${True}</arg>
<doc>Fails if the given condition is not true.</doc>
<status status="PASS" start="2024-04-04T13:14:35.193199" elapsed="0.000137"/>
</kw>
<arg>${json_data["results"][0]["location"]["coordinates"]["longitude"]} &gt;= -180 and ${json_data["results"][0]["location"]["coordinates"]["longitude"]} &lt;= 180</arg>
<arg>Should Be True</arg>
<arg>${True}</arg>
<doc>Runs the given keyword with the given arguments, if ``condition`` is true.</doc>
<status status="PASS" start="2024-04-04T13:14:35.192509" elapsed="0.000950"/>
</kw>
<status status="PASS" start="2024-04-04T13:14:35.095637" elapsed="0.097948"/>
</kw>
<doc>Testa o conteúdo específico dos campos retornados pela API.</doc>
<tag>testeConteudo</tag>
<status status="PASS" start="2024-04-04T13:14:35.095232" elapsed="0.098522"/>
</test>
<status status="PASS" start="2024-04-04T13:14:34.392232" elapsed="0.803378"/>
</suite>
<status status="PASS" start="2024-04-04T13:14:34.379695" elapsed="0.821140"/>
</suite>
<statistics>
<total>
<stat pass="5" fail="0" skip="0">All Tests</stat>
</total>
<tag>
<stat pass="1" fail="0" skip="0">testeConteudo</stat>
<stat pass="1" fail="0" skip="0">testeEstruturaResposta</stat>
<stat pass="1" fail="0" skip="0">testeRequisicaoBasica</stat>
<stat pass="1" fail="0" skip="0">testeTiposDados</stat>
</tag>
<suite>
<stat pass="5" fail="0" skip="0" id="s1" name="Tests">Tests</stat>
<stat pass="5" fail="0" skip="0" id="s1-s1" name="Random-User-Test">Tests.Random-User-Test</stat>
</suite>
</statistics>
<errors>
</errors>
</robot>
