<?xml version="1.0" encoding="UTF-8"?>
<robot generator="Robot 7.0.1 (Python 3.12.4 on linux)" generated="2024-07-28T01:13:23.295815" rpa="false" schemaversion="5">
<suite id="s1" name="Tests" source="/home/runner/work/ApiRandomUser/ApiRandomUser/RamdonUser/tests">
<suite id="s1-s1" name="Random-User-Test" source="/home/runner/work/ApiRandomUser/ApiRandomUser/RamdonUser/tests/random-user-test.robot">
<test id="s1-s1-t1" name="Conectar" line="13">
<kw name="Conectar API" owner="random-user-service">
<kw name="Create Session" owner="RequestsLibrary">
<msg time="2024-07-28T01:13:23.706751" level="INFO">Creating Session using : alias=consultarAPI, url=https://randomuser.me/, headers={},                     cookies={}, auth=None, timeout=None, proxies=None, verify=False,                     debug=0 </msg>
<arg>consultarAPI</arg>
<arg>${URL}</arg>
<doc>Create Session: create a HTTP session to a server</doc>
<status status="PASS" start="2024-07-28T01:13:23.706549" elapsed="0.000402"/>
</kw>
<status status="PASS" start="2024-07-28T01:13:23.705487" elapsed="0.001856"/>
</kw>
<status status="PASS" start="2024-07-28T01:13:23.704888" elapsed="0.002651"/>
</test>
<test id="s1-s1-t2" name="Validar retorno 200 e JSON Válido" line="16">
<kw name="Teste de Requisicao Basica" owner="random-user-service">
<kw name="GET On Session" owner="RequestsLibrary">
<msg time="2024-07-28T01:13:23.894014" level="INFO">GET Request : url=https://randomuser.me/api 
 path_url=/api 
 headers={'User-Agent': 'python-requests/2.32.3', 'Accept-Encoding': 'gzip, deflate', 'Accept': '*/*', 'Connection': 'keep-alive'} 
 body=None 
 </msg>
<msg time="2024-07-28T01:13:23.894195" level="INFO">GET Response : url=https://randomuser.me/api 
 status=200, reason=OK 
 headers={'Date': 'Sun, 28 Jul 2024 01:13:23 GMT', 'Content-Type': 'application/json; charset=utf-8', 'Transfer-Encoding': 'chunked', 'Connection': 'keep-alive', 'X-Powered-By': 'Express', 'Access-Control-Allow-Origin': '*', 'Cache-Control': 'no-cache', 'ETag': 'W/"4a9-bIxiITz7UYCdHYQ8q3xJYiNkEn4"', 'Vary': 'Accept-Encoding', 'Content-Encoding': 'gzip', 'CF-Cache-Status': 'DYNAMIC', 'Report-To': '{"endpoints":[{"url":"https:\\/\\/a.nel.cloudflare.com\\/report\\/v4?s=zsmLalE8Apr0V3DAdd%2BSGkFgRBgo887C3cNKg7m3mmXOB%2BnU8JFL9IseZj7nnDSFLdDx3D8tzYR88AoUBMKCqwsT7I18itxxRVeFTWamkpPQBn0QWsculq1vkzWL6CbO"}],"group":"cf-nel","max_age":604800}', 'NEL': '{"success_fraction":0,"report_to":"cf-nel","max_age":604800}', 'Server': 'cloudflare', 'CF-RAY': '8aa101a41af06ffb-IAD', 'alt-svc': 'h3=":443"; ma=86400'} 
 body={"results":[{"gender":"female","name":{"title":"Mrs","first":"Begoña","last":"Álvarez"},"location":{"street":{"number":9133,"name":"Calle de Bravo Murillo"},"city":"Arrecife","state":"Islas Baleares","country":"Spain","postcode":29184,"coordinates":{"latitude":"-38.4980","longitude":"36.4594"},"timezone":{"offset":"+3:00","description":"Baghdad, Riyadh, Moscow, St. Petersburg"}},"email":"begona.alvarez@example.com","login":{"uuid":"2068e61b-3bfe-43b2-a23a-a42705463364","username":"purpleostrich333","password":"cherries","salt":"S03pSjOl","md5":"6f83ae50638ff15f0ccbd622986d1e69","sha1":"b54ece293766de28d45e3ad341e987125ad391d6","sha256":"1e0dec7399ca4edefeef0114f1be438b642e219a960295e1e6a21b86c763d438"},"dob":{"date":"1954-12-09T16:03:31.297Z","age":69},"registered":{"date":"2012-04-16T22:52:12.364Z","age":12},"phone":"932-422-427","cell":"664-635-656","id":{"name":"DNI","value":"99116794-G"},"picture":{"large":"https://randomuser.me/api/portraits/women/0.jpg","medium":"https://randomuser.me/api/portraits/med/women/0.jpg","thumbnail":"https://randomuser.me/api/portraits/thumb/women/0.jpg"},"nat":"ES"}],"info":{"seed":"41fba723b6a78ca6","results":1,"page":1,"version":"1.4"}} 
 </msg>
<msg time="2024-07-28T01:13:23.894292" level="INFO">/opt/hostedtoolcache/Python/3.12.4/x64/lib/python3.12/site-packages/urllib3/connectionpool.py:1099: InsecureRequestWarning: Unverified HTTPS request is being made to host 'randomuser.me'. Adding certificate verification is strongly advised. See: https://urllib3.readthedocs.io/en/latest/advanced-usage.html#tls-warnings
  warnings.warn(</msg>
<msg time="2024-07-28T01:13:23.894458" level="INFO">${response} = &lt;Response [200]&gt;</msg>
<var>${response}</var>
<arg>consultarAPI</arg>
<arg>/api</arg>
<doc>Sends a GET request on a previously created HTTP Session.</doc>
<status status="PASS" start="2024-07-28T01:13:23.710130" elapsed="0.184374"/>
</kw>
<kw name="Should Be Equal As Numbers" owner="BuiltIn">
<msg time="2024-07-28T01:13:23.895549" level="INFO">Argument types are:
&lt;class 'int'&gt;
&lt;class 'str'&gt;</msg>
<arg>${response.status_code}</arg>
<arg>200</arg>
<doc>Fails if objects are unequal after converting them to real numbers.</doc>
<status status="PASS" start="2024-07-28T01:13:23.895078" elapsed="0.000537"/>
</kw>
<kw name="Log" owner="BuiltIn">
<msg time="2024-07-28T01:13:23.896290" level="INFO">200</msg>
<arg>${response.status_code}</arg>
<doc>Logs the given message with the given level.</doc>
<status status="PASS" start="2024-07-28T01:13:23.895936" elapsed="0.000397"/>
</kw>
<kw name="Set Variable" owner="BuiltIn">
<msg time="2024-07-28T01:13:23.897116" level="INFO">${json_data} = {'results': [{'gender': 'female', 'name': {'title': 'Mrs', 'first': 'Begoña', 'last': 'Álvarez'}, 'location': {'street': {'number': 9133, 'name': 'Calle de Bravo Murillo'}, 'city': 'Arrecife', 'state'...</msg>
<var>${json_data}</var>
<arg>${response.json()}</arg>
<doc>Returns the given values which can then be assigned to a variables.</doc>
<status status="PASS" start="2024-07-28T01:13:23.896643" elapsed="0.000506"/>
</kw>
<kw name="Dictionary Should Contain Key" owner="Collections">
<arg>${json_data}</arg>
<arg>results</arg>
<doc>Fails if ``key`` is not found from ``dictionary``.</doc>
<status status="PASS" start="2024-07-28T01:13:23.897459" elapsed="0.000350"/>
</kw>
<status status="PASS" start="2024-07-28T01:13:23.709885" elapsed="0.188081"/>
</kw>
<doc>Testa se a API responde corretamente e retorna um objeto JSON válido.</doc>
<tag>testeRequisicaoBasica</tag>
<status status="PASS" start="2024-07-28T01:13:23.709433" elapsed="0.188712"/>
</test>
<test id="s1-s1-t3" name="Validar estrutura de resposta" line="22">
<kw name="Teste de Estrutura de Resposta" owner="random-user-service">
<kw name="GET On Session" owner="RequestsLibrary">
<msg time="2024-07-28T01:13:23.982330" level="INFO">GET Request : url=https://randomuser.me/api 
 path_url=/api 
 headers={'User-Agent': 'python-requests/2.32.3', 'Accept-Encoding': 'gzip, deflate', 'Accept': '*/*', 'Connection': 'keep-alive'} 
 body=None 
 </msg>
<msg time="2024-07-28T01:13:23.982446" level="INFO">GET Response : url=https://randomuser.me/api 
 status=200, reason=OK 
 headers={'Date': 'Sun, 28 Jul 2024 01:13:23 GMT', 'Content-Type': 'application/json; charset=utf-8', 'Transfer-Encoding': 'chunked', 'Connection': 'keep-alive', 'X-Powered-By': 'Express', 'Access-Control-Allow-Origin': '*', 'Cache-Control': 'no-cache', 'ETag': 'W/"475-W0uEpOZdnk7u9QYZSk4bH+4pVb4"', 'Vary': 'Accept-Encoding', 'Content-Encoding': 'gzip', 'CF-Cache-Status': 'DYNAMIC', 'Report-To': '{"endpoints":[{"url":"https:\\/\\/a.nel.cloudflare.com\\/report\\/v4?s=8ZzdYx4bEJAIDqh621G7OwZE328kMqAeK0PmpT9VzQ9Wfb3LOQTTPQviBq%2FY8pI3%2FWEGr4ZAxKWejuAAALIEdQMHnInTL9dxAlACEERsLFTROBDUz1W7YGXnyjvy875n"}],"group":"cf-nel","max_age":604800}', 'NEL': '{"success_fraction":0,"report_to":"cf-nel","max_age":604800}', 'Server': 'cloudflare', 'CF-RAY': '8aa101a46b236ffb-IAD', 'alt-svc': 'h3=":443"; ma=86400'} 
 body={"results":[{"gender":"male","name":{"title":"Mr","first":"Vasilije","last":"Bajević"},"location":{"street":{"number":7586,"name":"Porodice Živković"},"city":"Bač","state":"Nišava","country":"Serbia","postcode":52151,"coordinates":{"latitude":"59.4870","longitude":"-109.4669"},"timezone":{"offset":"+3:30","description":"Tehran"}},"email":"vasilije.bajevic@example.com","login":{"uuid":"d09cb067-0346-4068-8d31-11887b32432a","username":"browncat181","password":"starcraf","salt":"dosAdxHI","md5":"75da56a5ae7e040276eeda13646134bd","sha1":"96b8c29d83daae96536176765470307548e6899d","sha256":"b3ef2d27f95bf8d632e44c1ecb0815726faa2151392c38a2ff8cff6fdb293f78"},"dob":{"date":"1950-11-14T03:50:13.525Z","age":73},"registered":{"date":"2013-02-10T17:38:20.442Z","age":11},"phone":"027-2122-166","cell":"066-6269-127","id":{"name":"SID","value":"126669347"},"picture":{"large":"https://randomuser.me/api/portraits/men/55.jpg","medium":"https://randomuser.me/api/portraits/med/men/55.jpg","thumbnail":"https://randomuser.me/api/portraits/thumb/men/55.jpg"},"nat":"RS"}],"info":{"seed":"aaeb17e72b51e465","results":1,"page":1,"version":"1.4"}} 
 </msg>
<msg time="2024-07-28T01:13:23.982585" level="INFO">/opt/hostedtoolcache/Python/3.12.4/x64/lib/python3.12/site-packages/urllib3/connectionpool.py:1099: InsecureRequestWarning: Unverified HTTPS request is being made to host 'randomuser.me'. Adding certificate verification is strongly advised. See: https://urllib3.readthedocs.io/en/latest/advanced-usage.html#tls-warnings
  warnings.warn(</msg>
<msg time="2024-07-28T01:13:23.982735" level="INFO">${response} = &lt;Response [200]&gt;</msg>
<var>${response}</var>
<arg>consultarAPI</arg>
<arg>/api</arg>
<doc>Sends a GET request on a previously created HTTP Session.</doc>
<status status="PASS" start="2024-07-28T01:13:23.900771" elapsed="0.082012"/>
</kw>
<kw name="Set Variable" owner="BuiltIn">
<msg time="2024-07-28T01:13:23.983833" level="INFO">${json_data} = {'results': [{'gender': 'male', 'name': {'title': 'Mr', 'first': 'Vasilije', 'last': 'Bajević'}, 'location': {'street': {'number': 7586, 'name': 'Porodice Živković'}, 'city': 'Bač', 'state': 'Nišava',...</msg>
<var>${json_data}</var>
<arg>${response.json()}</arg>
<doc>Returns the given values which can then be assigned to a variables.</doc>
<status status="PASS" start="2024-07-28T01:13:23.983294" elapsed="0.000570"/>
</kw>
<kw name="Log" owner="BuiltIn">
<msg time="2024-07-28T01:13:23.984350" level="INFO">{'results': [{'gender': 'male', 'name': {'title': 'Mr', 'first': 'Vasilije', 'last': 'Bajević'}, 'location': {'street': {'number': 7586, 'name': 'Porodice Živković'}, 'city': 'Bač', 'state': 'Nišava', 'country': 'Serbia', 'postcode': 52151, 'coordinates': {'latitude': '59.4870', 'longitude': '-109.4669'}, 'timezone': {'offset': '+3:30', 'description': 'Tehran'}}, 'email': 'vasilije.bajevic@example.com', 'login': {'uuid': 'd09cb067-0346-4068-8d31-11887b32432a', 'username': 'browncat181', 'password': 'starcraf', 'salt': 'dosAdxHI', 'md5': '75da56a5ae7e040276eeda13646134bd', 'sha1': '96b8c29d83daae96536176765470307548e6899d', 'sha256': 'b3ef2d27f95bf8d632e44c1ecb0815726faa2151392c38a2ff8cff6fdb293f78'}, 'dob': {'date': '1950-11-14T03:50:13.525Z', 'age': 73}, 'registered': {'date': '2013-02-10T17:38:20.442Z', 'age': 11}, 'phone': '027-2122-166', 'cell': '066-6269-127', 'id': {'name': 'SID', 'value': '126669347'}, 'picture': {'large': 'https://randomuser.me/api/portraits/men/55.jpg', 'medium': 'https://randomuser.me/api/portraits/med/men/55.jpg', 'thumbnail': 'https://randomuser.me/api/portraits/thumb/men/55.jpg'}, 'nat': 'RS'}], 'info': {'seed': 'aaeb17e72b51e465', 'results': 1, 'page': 1, 'version': '1.4'}}</msg>
<arg>${json_data}</arg>
<doc>Logs the given message with the given level.</doc>
<status status="PASS" start="2024-07-28T01:13:23.984174" elapsed="0.000229"/>
</kw>
<kw name="Dictionary Should Contain Key" owner="Collections">
<arg>${json_data}</arg>
<arg>results</arg>
<doc>Fails if ``key`` is not found from ``dictionary``.</doc>
<status status="PASS" start="2024-07-28T01:13:23.984707" elapsed="0.000168"/>
</kw>
<kw name="Should Not Be Empty" owner="BuiltIn">
<msg time="2024-07-28T01:13:23.985238" level="INFO">Length is 2.</msg>
<arg>${json_data}</arg>
<doc>Verifies that the given item is not empty.</doc>
<status status="PASS" start="2024-07-28T01:13:23.985061" elapsed="0.000216"/>
</kw>
<kw name="Create List" owner="BuiltIn">
<msg time="2024-07-28T01:13:23.985730" level="INFO">${expected_keys} = ['gender', 'name', 'location', 'email', 'login']</msg>
<var>${expected_keys}</var>
<arg>gender</arg>
<arg>name</arg>
<arg>location</arg>
<arg>email</arg>
<arg>login</arg>
<doc>Returns a list containing given items.</doc>
<status status="PASS" start="2024-07-28T01:13:23.985573" elapsed="0.000181"/>
</kw>
<for flavor="IN">
<iter>
<kw name="Dictionary Should Contain Key" owner="Collections">
<arg>${json_data['results'][0]}</arg>
<arg>${key}</arg>
<doc>Fails if ``key`` is not found from ``dictionary``.</doc>
<status status="PASS" start="2024-07-28T01:13:23.986354" elapsed="0.000435"/>
</kw>
<kw name="Log" owner="BuiltIn">
<msg time="2024-07-28T01:13:23.987338" level="INFO">{'gender': 'male', 'name': {'title': 'Mr', 'first': 'Vasilije', 'last': 'Bajević'}, 'location': {'street': {'number': 7586, 'name': 'Porodice Živković'}, 'city': 'Bač', 'state': 'Nišava', 'country': 'Serbia', 'postcode': 52151, 'coordinates': {'latitude': '59.4870', 'longitude': '-109.4669'}, 'timezone': {'offset': '+3:30', 'description': 'Tehran'}}, 'email': 'vasilije.bajevic@example.com', 'login': {'uuid': 'd09cb067-0346-4068-8d31-11887b32432a', 'username': 'browncat181', 'password': 'starcraf', 'salt': 'dosAdxHI', 'md5': '75da56a5ae7e040276eeda13646134bd', 'sha1': '96b8c29d83daae96536176765470307548e6899d', 'sha256': 'b3ef2d27f95bf8d632e44c1ecb0815726faa2151392c38a2ff8cff6fdb293f78'}, 'dob': {'date': '1950-11-14T03:50:13.525Z', 'age': 73}, 'registered': {'date': '2013-02-10T17:38:20.442Z', 'age': 11}, 'phone': '027-2122-166', 'cell': '066-6269-127', 'id': {'name': 'SID', 'value': '126669347'}, 'picture': {'large': 'https://randomuser.me/api/portraits/men/55.jpg', 'medium': 'https://randomuser.me/api/portraits/med/men/55.jpg', 'thumbnail': 'https://randomuser.me/api/portraits/thumb/men/55.jpg'}, 'nat': 'RS'}</msg>
<arg>${json_data['results'][0]}</arg>
<doc>Logs the given message with the given level.</doc>
<status status="PASS" start="2024-07-28T01:13:23.986978" elapsed="0.000411"/>
</kw>
<kw name="Log" owner="BuiltIn">
<msg time="2024-07-28T01:13:23.987831" level="INFO">gender</msg>
<arg>${key}</arg>
<doc>Logs the given message with the given level.</doc>
<status status="PASS" start="2024-07-28T01:13:23.987698" elapsed="0.000174"/>
</kw>
<var name="${key}">gender</var>
<status status="PASS" start="2024-07-28T01:13:23.986224" elapsed="0.001868"/>
</iter>
<iter>
<kw name="Dictionary Should Contain Key" owner="Collections">
<arg>${json_data['results'][0]}</arg>
<arg>${key}</arg>
<doc>Fails if ``key`` is not found from ``dictionary``.</doc>
<status status="PASS" start="2024-07-28T01:13:23.988396" elapsed="0.000399"/>
</kw>
<kw name="Log" owner="BuiltIn">
<msg time="2024-07-28T01:13:23.989373" level="INFO">{'gender': 'male', 'name': {'title': 'Mr', 'first': 'Vasilije', 'last': 'Bajević'}, 'location': {'street': {'number': 7586, 'name': 'Porodice Živković'}, 'city': 'Bač', 'state': 'Nišava', 'country': 'Serbia', 'postcode': 52151, 'coordinates': {'latitude': '59.4870', 'longitude': '-109.4669'}, 'timezone': {'offset': '+3:30', 'description': 'Tehran'}}, 'email': 'vasilije.bajevic@example.com', 'login': {'uuid': 'd09cb067-0346-4068-8d31-11887b32432a', 'username': 'browncat181', 'password': 'starcraf', 'salt': 'dosAdxHI', 'md5': '75da56a5ae7e040276eeda13646134bd', 'sha1': '96b8c29d83daae96536176765470307548e6899d', 'sha256': 'b3ef2d27f95bf8d632e44c1ecb0815726faa2151392c38a2ff8cff6fdb293f78'}, 'dob': {'date': '1950-11-14T03:50:13.525Z', 'age': 73}, 'registered': {'date': '2013-02-10T17:38:20.442Z', 'age': 11}, 'phone': '027-2122-166', 'cell': '066-6269-127', 'id': {'name': 'SID', 'value': '126669347'}, 'picture': {'large': 'https://randomuser.me/api/portraits/men/55.jpg', 'medium': 'https://randomuser.me/api/portraits/med/men/55.jpg', 'thumbnail': 'https://randomuser.me/api/portraits/thumb/men/55.jpg'}, 'nat': 'RS'}</msg>
<arg>${json_data['results'][0]}</arg>
<doc>Logs the given message with the given level.</doc>
<status status="PASS" start="2024-07-28T01:13:23.988980" elapsed="0.000480"/>
</kw>
<kw name="Log" owner="BuiltIn">
<msg time="2024-07-28T01:13:23.989893" level="INFO">name</msg>
<arg>${key}</arg>
<doc>Logs the given message with the given level.</doc>
<status status="PASS" start="2024-07-28T01:13:23.989763" elapsed="0.000168"/>
</kw>
<var name="${key}">name</var>
<status status="PASS" start="2024-07-28T01:13:23.988284" elapsed="0.001866"/>
</iter>
<iter>
<kw name="Dictionary Should Contain Key" owner="Collections">
<arg>${json_data['results'][0]}</arg>
<arg>${key}</arg>
<doc>Fails if ``key`` is not found from ``dictionary``.</doc>
<status status="PASS" start="2024-07-28T01:13:23.990439" elapsed="0.000397"/>
</kw>
<kw name="Log" owner="BuiltIn">
<msg time="2024-07-28T01:13:23.991384" level="INFO">{'gender': 'male', 'name': {'title': 'Mr', 'first': 'Vasilije', 'last': 'Bajević'}, 'location': {'street': {'number': 7586, 'name': 'Porodice Živković'}, 'city': 'Bač', 'state': 'Nišava', 'country': 'Serbia', 'postcode': 52151, 'coordinates': {'latitude': '59.4870', 'longitude': '-109.4669'}, 'timezone': {'offset': '+3:30', 'description': 'Tehran'}}, 'email': 'vasilije.bajevic@example.com', 'login': {'uuid': 'd09cb067-0346-4068-8d31-11887b32432a', 'username': 'browncat181', 'password': 'starcraf', 'salt': 'dosAdxHI', 'md5': '75da56a5ae7e040276eeda13646134bd', 'sha1': '96b8c29d83daae96536176765470307548e6899d', 'sha256': 'b3ef2d27f95bf8d632e44c1ecb0815726faa2151392c38a2ff8cff6fdb293f78'}, 'dob': {'date': '1950-11-14T03:50:13.525Z', 'age': 73}, 'registered': {'date': '2013-02-10T17:38:20.442Z', 'age': 11}, 'phone': '027-2122-166', 'cell': '066-6269-127', 'id': {'name': 'SID', 'value': '126669347'}, 'picture': {'large': 'https://randomuser.me/api/portraits/men/55.jpg', 'medium': 'https://randomuser.me/api/portraits/med/men/55.jpg', 'thumbnail': 'https://randomuser.me/api/portraits/thumb/men/55.jpg'}, 'nat': 'RS'}</msg>
<arg>${json_data['results'][0]}</arg>
<doc>Logs the given message with the given level.</doc>
<status status="PASS" start="2024-07-28T01:13:23.991026" elapsed="0.000410"/>
</kw>
<kw name="Log" owner="BuiltIn">
<msg time="2024-07-28T01:13:23.991867" level="INFO">location</msg>
<arg>${key}</arg>
<doc>Logs the given message with the given level.</doc>
<status status="PASS" start="2024-07-28T01:13:23.991737" elapsed="0.000169"/>
</kw>
<var name="${key}">location</var>
<status status="PASS" start="2024-07-28T01:13:23.990331" elapsed="0.001795"/>
</iter>
<iter>
<kw name="Dictionary Should Contain Key" owner="Collections">
<arg>${json_data['results'][0]}</arg>
<arg>${key}</arg>
<doc>Fails if ``key`` is not found from ``dictionary``.</doc>
<status status="PASS" start="2024-07-28T01:13:23.992413" elapsed="0.000381"/>
</kw>
<kw name="Log" owner="BuiltIn">
<msg time="2024-07-28T01:13:23.993502" level="INFO">{'gender': 'male', 'name': {'title': 'Mr', 'first': 'Vasilije', 'last': 'Bajević'}, 'location': {'street': {'number': 7586, 'name': 'Porodice Živković'}, 'city': 'Bač', 'state': 'Nišava', 'country': 'Serbia', 'postcode': 52151, 'coordinates': {'latitude': '59.4870', 'longitude': '-109.4669'}, 'timezone': {'offset': '+3:30', 'description': 'Tehran'}}, 'email': 'vasilije.bajevic@example.com', 'login': {'uuid': 'd09cb067-0346-4068-8d31-11887b32432a', 'username': 'browncat181', 'password': 'starcraf', 'salt': 'dosAdxHI', 'md5': '75da56a5ae7e040276eeda13646134bd', 'sha1': '96b8c29d83daae96536176765470307548e6899d', 'sha256': 'b3ef2d27f95bf8d632e44c1ecb0815726faa2151392c38a2ff8cff6fdb293f78'}, 'dob': {'date': '1950-11-14T03:50:13.525Z', 'age': 73}, 'registered': {'date': '2013-02-10T17:38:20.442Z', 'age': 11}, 'phone': '027-2122-166', 'cell': '066-6269-127', 'id': {'name': 'SID', 'value': '126669347'}, 'picture': {'large': 'https://randomuser.me/api/portraits/men/55.jpg', 'medium': 'https://randomuser.me/api/portraits/med/men/55.jpg', 'thumbnail': 'https://randomuser.me/api/portraits/thumb/men/55.jpg'}, 'nat': 'RS'}</msg>
<arg>${json_data['results'][0]}</arg>
<doc>Logs the given message with the given level.</doc>
<status status="PASS" start="2024-07-28T01:13:23.993126" elapsed="0.000428"/>
</kw>
<kw name="Log" owner="BuiltIn">
<msg time="2024-07-28T01:13:23.993986" level="INFO">email</msg>
<arg>${key}</arg>
<doc>Logs the given message with the given level.</doc>
<status status="PASS" start="2024-07-28T01:13:23.993854" elapsed="0.000171"/>
</kw>
<var name="${key}">email</var>
<status status="PASS" start="2024-07-28T01:13:23.992306" elapsed="0.001934"/>
</iter>
<iter>
<kw name="Dictionary Should Contain Key" owner="Collections">
<arg>${json_data['results'][0]}</arg>
<arg>${key}</arg>
<doc>Fails if ``key`` is not found from ``dictionary``.</doc>
<status status="PASS" start="2024-07-28T01:13:23.994524" elapsed="0.000386"/>
</kw>
<kw name="Log" owner="BuiltIn">
<msg time="2024-07-28T01:13:23.995446" level="INFO">{'gender': 'male', 'name': {'title': 'Mr', 'first': 'Vasilije', 'last': 'Bajević'}, 'location': {'street': {'number': 7586, 'name': 'Porodice Živković'}, 'city': 'Bač', 'state': 'Nišava', 'country': 'Serbia', 'postcode': 52151, 'coordinates': {'latitude': '59.4870', 'longitude': '-109.4669'}, 'timezone': {'offset': '+3:30', 'description': 'Tehran'}}, 'email': 'vasilije.bajevic@example.com', 'login': {'uuid': 'd09cb067-0346-4068-8d31-11887b32432a', 'username': 'browncat181', 'password': 'starcraf', 'salt': 'dosAdxHI', 'md5': '75da56a5ae7e040276eeda13646134bd', 'sha1': '96b8c29d83daae96536176765470307548e6899d', 'sha256': 'b3ef2d27f95bf8d632e44c1ecb0815726faa2151392c38a2ff8cff6fdb293f78'}, 'dob': {'date': '1950-11-14T03:50:13.525Z', 'age': 73}, 'registered': {'date': '2013-02-10T17:38:20.442Z', 'age': 11}, 'phone': '027-2122-166', 'cell': '066-6269-127', 'id': {'name': 'SID', 'value': '126669347'}, 'picture': {'large': 'https://randomuser.me/api/portraits/men/55.jpg', 'medium': 'https://randomuser.me/api/portraits/med/men/55.jpg', 'thumbnail': 'https://randomuser.me/api/portraits/thumb/men/55.jpg'}, 'nat': 'RS'}</msg>
<arg>${json_data['results'][0]}</arg>
<doc>Logs the given message with the given level.</doc>
<status status="PASS" start="2024-07-28T01:13:23.995093" elapsed="0.000402"/>
</kw>
<kw name="Log" owner="BuiltIn">
<msg time="2024-07-28T01:13:23.995921" level="INFO">login</msg>
<arg>${key}</arg>
<doc>Logs the given message with the given level.</doc>
<status status="PASS" start="2024-07-28T01:13:23.995792" elapsed="0.000167"/>
</kw>
<var name="${key}">login</var>
<status status="PASS" start="2024-07-28T01:13:23.994415" elapsed="0.001760"/>
</iter>
<var>${key}</var>
<value>@{expected_keys}</value>
<status status="PASS" start="2024-07-28T01:13:23.986023" elapsed="0.010274"/>
</for>
<kw name="Create List" owner="BuiltIn">
<msg time="2024-07-28T01:13:23.996633" level="INFO">${expected_keysTwo} = ['username', 'password']</msg>
<var>${expected_keysTwo}</var>
<arg>username</arg>
<arg>password</arg>
<doc>Returns a list containing given items.</doc>
<status status="PASS" start="2024-07-28T01:13:23.996491" elapsed="0.000168"/>
</kw>
<for flavor="IN">
<iter>
<kw name="Dictionary Should Contain Key" owner="Collections">
<arg>${json_data['results'][0]['login']}</arg>
<arg>${keyTwo}</arg>
<doc>Fails if ``key`` is not found from ``dictionary``.</doc>
<status status="PASS" start="2024-07-28T01:13:23.997221" elapsed="0.000393"/>
</kw>
<kw name="Dictionary Should Contain Key" owner="Collections">
<arg>${json_data['results'][0]['login']}</arg>
<arg>${keyTwo}</arg>
<doc>Fails if ``key`` is not found from ``dictionary``.</doc>
<status status="PASS" start="2024-07-28T01:13:23.997807" elapsed="0.000373"/>
</kw>
<kw name="Log" owner="BuiltIn">
<msg time="2024-07-28T01:13:23.998481" level="INFO">username</msg>
<arg>${keyTwo}</arg>
<doc>Logs the given message with the given level.</doc>
<status status="PASS" start="2024-07-28T01:13:23.998360" elapsed="0.000159"/>
</kw>
<var name="${keyTwo}">username</var>
<status status="PASS" start="2024-07-28T01:13:23.997100" elapsed="0.001650"/>
</iter>
<iter>
<kw name="Dictionary Should Contain Key" owner="Collections">
<arg>${json_data['results'][0]['login']}</arg>
<arg>${keyTwo}</arg>
<doc>Fails if ``key`` is not found from ``dictionary``.</doc>
<status status="PASS" start="2024-07-28T01:13:23.999038" elapsed="0.000380"/>
</kw>
<kw name="Dictionary Should Contain Key" owner="Collections">
<arg>${json_data['results'][0]['login']}</arg>
<arg>${keyTwo}</arg>
<doc>Fails if ``key`` is not found from ``dictionary``.</doc>
<status status="PASS" start="2024-07-28T01:13:23.999598" elapsed="0.000380"/>
</kw>
<kw name="Log" owner="BuiltIn">
<msg time="2024-07-28T01:13:24.000282" level="INFO">password</msg>
<arg>${keyTwo}</arg>
<doc>Logs the given message with the given level.</doc>
<status status="PASS" start="2024-07-28T01:13:24.000154" elapsed="0.000166"/>
</kw>
<var name="${keyTwo}">password</var>
<status status="PASS" start="2024-07-28T01:13:23.998924" elapsed="0.001615"/>
</iter>
<var>${keyTwo}</var>
<value>@{expected_keysTwo}</value>
<status status="PASS" start="2024-07-28T01:13:23.996922" elapsed="0.003740"/>
</for>
<status status="PASS" start="2024-07-28T01:13:23.900500" elapsed="0.100304"/>
</kw>
<doc>Testa a estrutura da resposta da API.</doc>
<tag>testeEstruturaResposta</tag>
<status status="PASS" start="2024-07-28T01:13:23.899993" elapsed="0.100978"/>
</test>
<test id="s1-s1-t4" name="Validar tipos de dados" line="28">
<kw name="Teste de Tipos de Dados" owner="random-user-service">
<kw name="GET On Session" owner="RequestsLibrary">
<msg time="2024-07-28T01:13:24.093747" level="INFO">GET Request : url=https://randomuser.me/api 
 path_url=/api 
 headers={'User-Agent': 'python-requests/2.32.3', 'Accept-Encoding': 'gzip, deflate', 'Accept': '*/*', 'Connection': 'keep-alive'} 
 body=None 
 </msg>
<msg time="2024-07-28T01:13:24.093843" level="INFO">GET Response : url=https://randomuser.me/api 
 status=200, reason=OK 
 headers={'Date': 'Sun, 28 Jul 2024 01:13:24 GMT', 'Content-Type': 'application/json; charset=utf-8', 'Transfer-Encoding': 'chunked', 'Connection': 'keep-alive', 'X-Powered-By': 'Express', 'Access-Control-Allow-Origin': '*', 'Cache-Control': 'no-cache', 'ETag': 'W/"4a1-Xo6nt73liQ5CYs/W4i3frJmZ/SQ"', 'Vary': 'Accept-Encoding', 'Content-Encoding': 'gzip', 'CF-Cache-Status': 'DYNAMIC', 'Report-To': '{"endpoints":[{"url":"https:\\/\\/a.nel.cloudflare.com\\/report\\/v4?s=Lm9AMYt0fCAcOcONx%2B5lMDKlKf6FO8Fau8Ep1K%2B3l9ubyMvjgaIJ7BskfKbJVzhISGOI9lqUPZXHnK3XmFJIdJsRZiVUi6zt3UuQhxe4iuOlK2ZUWjBNx0UAsO5PIuG7"}],"group":"cf-nel","max_age":604800}', 'NEL': '{"success_fraction":0,"report_to":"cf-nel","max_age":604800}', 'Server': 'cloudflare', 'CF-RAY': '8aa101a50b836ffb-IAD', 'alt-svc': 'h3=":443"; ma=86400'} 
 body={"results":[{"gender":"female","name":{"title":"Mrs","first":"Vicky","last":"Caldwell"},"location":{"street":{"number":6648,"name":"West Street"},"city":"Truro","state":"Cheshire","country":"United Kingdom","postcode":"Q2 4AY","coordinates":{"latitude":"-5.9063","longitude":"44.5640"},"timezone":{"offset":"+5:30","description":"Bombay, Calcutta, Madras, New Delhi"}},"email":"vicky.caldwell@example.com","login":{"uuid":"f17bafe1-e521-483f-ad50-3c07825f669a","username":"angryduck780","password":"fatcat","salt":"tkfFo7l2","md5":"2f498731599174c6af2f52b895035459","sha1":"ae57188fead74f0a448f42242d270462e1bb8f4a","sha256":"893a9ef96beb379f2ef9cceb905e951e714dfde1e45a0b7d52715f0e8dbb8cc2"},"dob":{"date":"1944-12-21T19:00:38.490Z","age":79},"registered":{"date":"2011-10-11T22:18:40.564Z","age":12},"phone":"0119295 002 4186","cell":"07980 580348","id":{"name":"NINO","value":"LJ 28 62 24 P"},"picture":{"large":"https://randomuser.me/api/portraits/women/52.jpg","medium":"https://randomuser.me/api/portraits/med/women/52.jpg","thumbnail":"https://randomuser.me/api/portraits/thumb/women/52.jpg"},"nat":"GB"}],"info":{"seed":"16f5b8f7394b3781","results":1,"page":1,"version":"1.4"}} 
 </msg>
<msg time="2024-07-28T01:13:24.093915" level="INFO">/opt/hostedtoolcache/Python/3.12.4/x64/lib/python3.12/site-packages/urllib3/connectionpool.py:1099: InsecureRequestWarning: Unverified HTTPS request is being made to host 'randomuser.me'. Adding certificate verification is strongly advised. See: https://urllib3.readthedocs.io/en/latest/advanced-usage.html#tls-warnings
  warnings.warn(</msg>
<msg time="2024-07-28T01:13:24.094053" level="INFO">${response} = &lt;Response [200]&gt;</msg>
<var>${response}</var>
<arg>consultarAPI</arg>
<arg>/api</arg>
<doc>Sends a GET request on a previously created HTTP Session.</doc>
<status status="PASS" start="2024-07-28T01:13:24.003505" elapsed="0.090591"/>
</kw>
<kw name="Set Variable" owner="BuiltIn">
<msg time="2024-07-28T01:13:24.095102" level="INFO">${json_data} = {'results': [{'gender': 'female', 'name': {'title': 'Mrs', 'first': 'Vicky', 'last': 'Caldwell'}, 'location': {'street': {'number': 6648, 'name': 'West Street'}, 'city': 'Truro', 'state': 'Cheshire', ...</msg>
<var>${json_data}</var>
<arg>${response.json()}</arg>
<doc>Returns the given values which can then be assigned to a variables.</doc>
<status status="PASS" start="2024-07-28T01:13:24.094582" elapsed="0.000550"/>
</kw>
<kw name="Log" owner="BuiltIn">
<msg time="2024-07-28T01:13:24.095593" level="INFO">{'results': [{'gender': 'female', 'name': {'title': 'Mrs', 'first': 'Vicky', 'last': 'Caldwell'}, 'location': {'street': {'number': 6648, 'name': 'West Street'}, 'city': 'Truro', 'state': 'Cheshire', 'country': 'United Kingdom', 'postcode': 'Q2 4AY', 'coordinates': {'latitude': '-5.9063', 'longitude': '44.5640'}, 'timezone': {'offset': '+5:30', 'description': 'Bombay, Calcutta, Madras, New Delhi'}}, 'email': 'vicky.caldwell@example.com', 'login': {'uuid': 'f17bafe1-e521-483f-ad50-3c07825f669a', 'username': 'angryduck780', 'password': 'fatcat', 'salt': 'tkfFo7l2', 'md5': '2f498731599174c6af2f52b895035459', 'sha1': 'ae57188fead74f0a448f42242d270462e1bb8f4a', 'sha256': '893a9ef96beb379f2ef9cceb905e951e714dfde1e45a0b7d52715f0e8dbb8cc2'}, 'dob': {'date': '1944-12-21T19:00:38.490Z', 'age': 79}, 'registered': {'date': '2011-10-11T22:18:40.564Z', 'age': 12}, 'phone': '0119295 002 4186', 'cell': '07980 580348', 'id': {'name': 'NINO', 'value': 'LJ 28 62 24 P'}, 'picture': {'large': 'https://randomuser.me/api/portraits/women/52.jpg', 'medium': 'https://randomuser.me/api/portraits/med/women/52.jpg', 'thumbnail': 'https://randomuser.me/api/portraits/thumb/women/52.jpg'}, 'nat': 'GB'}], 'info': {'seed': '16f5b8f7394b3781', 'results': 1, 'page': 1, 'version': '1.4'}}</msg>
<arg>${json_data}</arg>
<doc>Logs the given message with the given level.</doc>
<status status="PASS" start="2024-07-28T01:13:24.095437" elapsed="0.000205"/>
</kw>
<kw name="Should Be String" owner="String">
<arg>${json_data['results'][0]['gender']}</arg>
<doc>Fails if the given ``item`` is not a string.</doc>
<status status="PASS" start="2024-07-28T01:13:24.095931" elapsed="0.000367"/>
</kw>
<kw name="Should Match Regexp" owner="BuiltIn">
<arg>${json_data['results'][0]['email']}</arg>
<arg>^[a-zA-Z0-9._%+-]+@[a-zA-Z0-9.-]+\.[a-zA-Z]{2,}$</arg>
<doc>Fails if ``string`` does not match ``pattern`` as a regular expression.</doc>
<status status="PASS" start="2024-07-28T01:13:24.096486" elapsed="0.000514"/>
</kw>
<kw name="Should Match Regexp" owner="BuiltIn">
<arg>${json_data['results'][0]['dob']['date']}</arg>
<arg>\\d{4}-\\d{2}-\\d{2}T\\d{2}:\\d{2}:\\d{2}\\.\\d{3}Z</arg>
<doc>Fails if ``string`` does not match ``pattern`` as a regular expression.</doc>
<status status="PASS" start="2024-07-28T01:13:24.097254" elapsed="0.000646"/>
</kw>
<kw name="Should Match Regexp" owner="BuiltIn">
<arg>${json_data['results'][0]['registered']['date']}</arg>
<arg>\\d{4}-\\d{2}-\\d{2}T\\d{2}:\\d{2}:\\d{2}\\.\\d{3}Z</arg>
<doc>Fails if ``string`` does not match ``pattern`` as a regular expression.</doc>
<status status="PASS" start="2024-07-28T01:13:24.098092" elapsed="0.000370"/>
</kw>
<kw name="Should Match Regexp" owner="BuiltIn">
<arg>${json_data['results'][0]['picture']['large']}</arg>
<arg>^https?://.*\.(?:png|jpe?g|gif|bmp)$</arg>
<doc>Fails if ``string`` does not match ``pattern`` as a regular expression.</doc>
<status status="PASS" start="2024-07-28T01:13:24.098647" elapsed="0.000459"/>
</kw>
<kw name="Should Match Regexp" owner="BuiltIn">
<arg>${json_data['results'][0]['picture']['medium']}</arg>
<arg>^https?://.*\.(?:png|jpe?g|gif|bmp)$</arg>
<doc>Fails if ``string`` does not match ``pattern`` as a regular expression.</doc>
<status status="PASS" start="2024-07-28T01:13:24.099293" elapsed="0.000355"/>
</kw>
<kw name="Should Match Regexp" owner="BuiltIn">
<arg>${json_data['results'][0]['picture']['thumbnail']}</arg>
<arg>^https?://.*\.(?:png|jpe?g|gif|bmp)$</arg>
<doc>Fails if ``string`` does not match ``pattern`` as a regular expression.</doc>
<status status="PASS" start="2024-07-28T01:13:24.099832" elapsed="0.000350"/>
</kw>
<kw name="Log" owner="BuiltIn">
<msg time="2024-07-28T01:13:24.100689" level="INFO">{'large': 'https://randomuser.me/api/portraits/women/52.jpg', 'medium': 'https://randomuser.me/api/portraits/med/women/52.jpg', 'thumbnail': 'https://randomuser.me/api/portraits/thumb/women/52.jpg'}</msg>
<arg>${json_data['results'][0]['picture']}</arg>
<doc>Logs the given message with the given level.</doc>
<status status="PASS" start="2024-07-28T01:13:24.100359" elapsed="0.000372"/>
</kw>
<status status="PASS" start="2024-07-28T01:13:24.003278" elapsed="0.097717"/>
</kw>
<kw name="Teste de Tipos de Dados - Postcode" owner="random-user-service">
<kw name="GET On Session" owner="RequestsLibrary">
<msg time="2024-07-28T01:13:24.183855" level="INFO">GET Request : url=https://randomuser.me/api 
 path_url=/api 
 headers={'User-Agent': 'python-requests/2.32.3', 'Accept-Encoding': 'gzip, deflate', 'Accept': '*/*', 'Connection': 'keep-alive'} 
 body=None 
 </msg>
<msg time="2024-07-28T01:13:24.183929" level="INFO">GET Response : url=https://randomuser.me/api 
 status=200, reason=OK 
 headers={'Date': 'Sun, 28 Jul 2024 01:13:24 GMT', 'Content-Type': 'application/json; charset=utf-8', 'Transfer-Encoding': 'chunked', 'Connection': 'keep-alive', 'X-Powered-By': 'Express', 'Access-Control-Allow-Origin': '*', 'Cache-Control': 'no-cache', 'ETag': 'W/"49c-0aQ9s/Fbi5itRWUPhd4tKHysrLE"', 'Vary': 'Accept-Encoding', 'Content-Encoding': 'gzip', 'CF-Cache-Status': 'DYNAMIC', 'Report-To': '{"endpoints":[{"url":"https:\\/\\/a.nel.cloudflare.com\\/report\\/v4?s=oYoot4qxTmSY8I0VoGFNk6w97lJmvaAES8XzQ8are924hodQoiIZ2QDBsjtcbkA8oJCGXpeg7JV%2F2wX6e3YPbMAfvr8sX%2B208YPtrfkmMQIUqXS5meof6qqTN2FGS15C"}],"group":"cf-nel","max_age":604800}', 'NEL': '{"success_fraction":0,"report_to":"cf-nel","max_age":604800}', 'Server': 'cloudflare', 'CF-RAY': '8aa101a5abe36ffb-IAD', 'alt-svc': 'h3=":443"; ma=86400'} 
 body={"results":[{"gender":"female","name":{"title":"Ms","first":"Francisca","last":"Haro"},"location":{"street":{"number":2448,"name":"Ampliación Sur Carrera"},"city":"Villa Juárez(Campo Gob.)","state":"Yucatan","country":"Mexico","postcode":49629,"coordinates":{"latitude":"29.6490","longitude":"32.4741"},"timezone":{"offset":"-2:00","description":"Mid-Atlantic"}},"email":"francisca.haro@example.com","login":{"uuid":"66a630ff-709a-4b89-a210-44324c570e64","username":"angryfish343","password":"aaaa","salt":"bLOTHJPj","md5":"53a30fd7deee20184f3b1dad243478bd","sha1":"5bbce498cffdd9e49fa5a9e72672922bb70a2d98","sha256":"36cf4edf2aadbb05edc0ab5934f3704a9bb80524f10013ae11825a46b12301ce"},"dob":{"date":"1958-03-03T13:43:55.225Z","age":66},"registered":{"date":"2005-03-19T15:46:03.828Z","age":19},"phone":"(673) 409 4269","cell":"(628) 728 4280","id":{"name":"NSS","value":"39 11 42 2862 8"},"picture":{"large":"https://randomuser.me/api/portraits/women/25.jpg","medium":"https://randomuser.me/api/portraits/med/women/25.jpg","thumbnail":"https://randomuser.me/api/portraits/thumb/women/25.jpg"},"nat":"MX"}],"info":{"seed":"640594b23716eb48","results":1,"page":1,"version":"1.4"}} 
 </msg>
<msg time="2024-07-28T01:13:24.183992" level="INFO">/opt/hostedtoolcache/Python/3.12.4/x64/lib/python3.12/site-packages/urllib3/connectionpool.py:1099: InsecureRequestWarning: Unverified HTTPS request is being made to host 'randomuser.me'. Adding certificate verification is strongly advised. See: https://urllib3.readthedocs.io/en/latest/advanced-usage.html#tls-warnings
  warnings.warn(</msg>
<msg time="2024-07-28T01:13:24.184105" level="INFO">${response} = &lt;Response [200]&gt;</msg>
<var>${response}</var>
<arg>consultarAPI</arg>
<arg>/api</arg>
<doc>Sends a GET request on a previously created HTTP Session.</doc>
<status status="PASS" start="2024-07-28T01:13:24.101483" elapsed="0.082662"/>
</kw>
<kw name="Set Variable" owner="BuiltIn">
<msg time="2024-07-28T01:13:24.185011" level="INFO">${json_data} = {'results': [{'gender': 'female', 'name': {'title': 'Ms', 'first': 'Francisca', 'last': 'Haro'}, 'location': {'street': {'number': 2448, 'name': 'Ampliación Sur Carrera'}, 'city': 'Villa Juárez(Campo ...</msg>
<var>${json_data}</var>
<arg>${response.json()}</arg>
<doc>Returns the given values which can then be assigned to a variables.</doc>
<status status="PASS" start="2024-07-28T01:13:24.184540" elapsed="0.000500"/>
</kw>
<kw name="Log" owner="BuiltIn">
<msg time="2024-07-28T01:13:24.185540" level="INFO">{'results': [{'gender': 'female', 'name': {'title': 'Ms', 'first': 'Francisca', 'last': 'Haro'}, 'location': {'street': {'number': 2448, 'name': 'Ampliación Sur Carrera'}, 'city': 'Villa Juárez(Campo Gob.)', 'state': 'Yucatan', 'country': 'Mexico', 'postcode': 49629, 'coordinates': {'latitude': '29.6490', 'longitude': '32.4741'}, 'timezone': {'offset': '-2:00', 'description': 'Mid-Atlantic'}}, 'email': 'francisca.haro@example.com', 'login': {'uuid': '66a630ff-709a-4b89-a210-44324c570e64', 'username': 'angryfish343', 'password': 'aaaa', 'salt': 'bLOTHJPj', 'md5': '53a30fd7deee20184f3b1dad243478bd', 'sha1': '5bbce498cffdd9e49fa5a9e72672922bb70a2d98', 'sha256': '36cf4edf2aadbb05edc0ab5934f3704a9bb80524f10013ae11825a46b12301ce'}, 'dob': {'date': '1958-03-03T13:43:55.225Z', 'age': 66}, 'registered': {'date': '2005-03-19T15:46:03.828Z', 'age': 19}, 'phone': '(673) 409 4269', 'cell': '(628) 728 4280', 'id': {'name': 'NSS', 'value': '39 11 42 2862 8'}, 'picture': {'large': 'https://randomuser.me/api/portraits/women/25.jpg', 'medium': 'https://randomuser.me/api/portraits/med/women/25.jpg', 'thumbnail': 'https://randomuser.me/api/portraits/thumb/women/25.jpg'}, 'nat': 'MX'}], 'info': {'seed': '640594b23716eb48', 'results': 1, 'page': 1, 'version': '1.4'}}</msg>
<arg>${json_data}</arg>
<doc>Logs the given message with the given level.</doc>
<status status="PASS" start="2024-07-28T01:13:24.185380" elapsed="0.000208"/>
</kw>
<kw name="Should Be Equal As Numbers" owner="BuiltIn">
<arg>${json_data['results'][0]['location']['postcode']}</arg>
<arg>${json_data['results'][0]['location']['postcode']}</arg>
<doc>Fails if objects are unequal after converting them to real numbers.</doc>
<status status="PASS" start="2024-07-28T01:13:24.185881" elapsed="0.000623"/>
</kw>
<kw name="Log" owner="BuiltIn">
<msg time="2024-07-28T01:13:24.187030" level="INFO">49629</msg>
<arg>${json_data['results'][0]['location']['postcode']}</arg>
<doc>Logs the given message with the given level.</doc>
<status status="PASS" start="2024-07-28T01:13:24.186695" elapsed="0.000374"/>
</kw>
<status status="PASS" start="2024-07-28T01:13:24.101248" elapsed="0.086105"/>
</kw>
<doc>Testa se os tipos de dados na resposta da API estão corretos.</doc>
<tag>testeTiposDados</tag>
<status status="PASS" start="2024-07-28T01:13:24.002771" elapsed="0.184751"/>
</test>
<test id="s1-s1-t5" name="Validar conteudo" line="35">
<kw name="Teste de Tipos de Conteudo" owner="random-user-service">
<kw name="GET On Session" owner="RequestsLibrary">
<msg time="2024-07-28T01:13:24.588142" level="INFO">GET Request : url=https://randomuser.me/api 
 path_url=/api 
 headers={'User-Agent': 'python-requests/2.32.3', 'Accept-Encoding': 'gzip, deflate', 'Accept': '*/*', 'Connection': 'keep-alive'} 
 body=None 
 </msg>
<msg time="2024-07-28T01:13:24.588255" level="INFO">GET Response : url=https://randomuser.me/api 
 status=200, reason=OK 
 headers={'Date': 'Sun, 28 Jul 2024 01:13:24 GMT', 'Content-Type': 'application/json; charset=utf-8', 'Transfer-Encoding': 'chunked', 'Connection': 'keep-alive', 'X-Powered-By': 'Express', 'Access-Control-Allow-Origin': '*', 'Cache-Control': 'no-cache', 'ETag': 'W/"48a-AhYV0l/g+D2RAD030CcdrbGnQMI"', 'Vary': 'Accept-Encoding', 'Content-Encoding': 'gzip', 'CF-Cache-Status': 'DYNAMIC', 'Report-To': '{"endpoints":[{"url":"https:\\/\\/a.nel.cloudflare.com\\/report\\/v4?s=hW2qNlFFm4KQBVKnPimTSNHqPUGGAhA9LtnP2OtCx7%2F3JIcDS8%2FmR0%2BgN7XX0vGVw%2Bh5eTKOsccSGeS9deTHF1uNSs%2BW6z5Gt%2FG9eVYyHVJdkebvTzGN2Euw2oPRhDqr"}],"group":"cf-nel","max_age":604800}', 'NEL': '{"success_fraction":0,"report_to":"cf-nel","max_age":604800}', 'Server': 'cloudflare', 'CF-RAY': '8aa101a63c3f6ffb-IAD', 'alt-svc': 'h3=":443"; ma=86400'} 
 body={"results":[{"gender":"male","name":{"title":"Mr","first":"Vincent","last":"Taylor"},"location":{"street":{"number":333,"name":"Park Rd"},"city":"Princeton","state":"Nunavut","country":"Canada","postcode":"S7X 3Z4","coordinates":{"latitude":"-69.1621","longitude":"-75.4000"},"timezone":{"offset":"+8:00","description":"Beijing, Perth, Singapore, Hong Kong"}},"email":"vincent.taylor@example.com","login":{"uuid":"eed0aa90-ea4e-41b7-8cea-f57aaf5b9d40","username":"whitemouse990","password":"romero","salt":"3Nq6eSBb","md5":"7eb7aaf31530ef0af6422f6800c1b4fd","sha1":"5697bd78dca12684fcb676e12c42e67e78e4f23c","sha256":"fdc3388c5d37685c8140b432c7f3532059f64f7c3bfc8f8238db5adb08cdfa7e"},"dob":{"date":"1964-07-17T07:02:50.386Z","age":60},"registered":{"date":"2012-01-19T14:30:41.251Z","age":12},"phone":"R93 T58-2070","cell":"B61 H73-4833","id":{"name":"SIN","value":"467480893"},"picture":{"large":"https://randomuser.me/api/portraits/men/67.jpg","medium":"https://randomuser.me/api/portraits/med/men/67.jpg","thumbnail":"https://randomuser.me/api/portraits/thumb/men/67.jpg"},"nat":"CA"}],"info":{"seed":"52238f20756a98db","results":1,"page":1,"version":"1.4"}} 
 </msg>
<msg time="2024-07-28T01:13:24.588336" level="INFO">/opt/hostedtoolcache/Python/3.12.4/x64/lib/python3.12/site-packages/urllib3/connectionpool.py:1099: InsecureRequestWarning: Unverified HTTPS request is being made to host 'randomuser.me'. Adding certificate verification is strongly advised. See: https://urllib3.readthedocs.io/en/latest/advanced-usage.html#tls-warnings
  warnings.warn(</msg>
<msg time="2024-07-28T01:13:24.588496" level="INFO">${response} = &lt;Response [200]&gt;</msg>
<var>${response}</var>
<arg>consultarAPI</arg>
<arg>/api</arg>
<doc>Sends a GET request on a previously created HTTP Session.</doc>
<status status="PASS" start="2024-07-28T01:13:24.190011" elapsed="0.398539"/>
</kw>
<kw name="Set Variable" owner="BuiltIn">
<msg time="2024-07-28T01:13:24.589654" level="INFO">${json_data} = {'results': [{'gender': 'male', 'name': {'title': 'Mr', 'first': 'Vincent', 'last': 'Taylor'}, 'location': {'street': {'number': 333, 'name': 'Park Rd'}, 'city': 'Princeton', 'state': 'Nunavut', 'coun...</msg>
<var>${json_data}</var>
<arg>${response.json()}</arg>
<doc>Returns the given values which can then be assigned to a variables.</doc>
<status status="PASS" start="2024-07-28T01:13:24.589112" elapsed="0.000570"/>
</kw>
<kw name="Set Variable" owner="BuiltIn">
<msg time="2024-07-28T01:13:24.590374" level="INFO">${name_title} = Mr</msg>
<var>${name_title}</var>
<arg>${json_data["results"][0]["name"]["title"]}</arg>
<doc>Returns the given values which can then be assigned to a variables.</doc>
<status status="PASS" start="2024-07-28T01:13:24.589990" elapsed="0.000410"/>
</kw>
<kw name="Create List" owner="BuiltIn">
<msg time="2024-07-28T01:13:24.590849" level="INFO">${allowed_titles} = ['Mr', 'Ms', 'Miss', 'Mrs', 'Madame', 'Monsieur']</msg>
<var>${allowed_titles}</var>
<arg>Mr</arg>
<arg>Ms</arg>
<arg>Miss</arg>
<arg>Mrs</arg>
<arg>Madame</arg>
<arg>Monsieur</arg>
<doc>Returns a list containing given items.</doc>
<status status="PASS" start="2024-07-28T01:13:24.590695" elapsed="0.000179"/>
</kw>
<kw name="List Should Contain Value" owner="Collections">
<arg>${allowed_titles}</arg>
<arg>${name_title}</arg>
<doc>Fails if the ``value`` is not found from ``list``.</doc>
<status status="PASS" start="2024-07-28T01:13:24.591169" elapsed="0.000184"/>
</kw>
<kw name="Set Variable" owner="BuiltIn">
<msg time="2024-07-28T01:13:24.591910" level="INFO">${name_country} = CA</msg>
<var>${name_country}</var>
<arg>${json_data["results"][0]["nat"]}</arg>
<doc>Returns the given values which can then be assigned to a variables.</doc>
<status status="PASS" start="2024-07-28T01:13:24.591537" elapsed="0.000397"/>
</kw>
<kw name="Create List" owner="BuiltIn">
<msg time="2024-07-28T01:13:24.592813" level="INFO">${list_country} = ['AD', 'AE', 'AF', 'AG', 'AI', 'AL', 'AM', 'AO', 'AQ', 'AR', 'AS', 'AT', 'AU', 'AW', 'AX', 'AZ', 'BA', 'BB', 'BD', 'BE', 'BF', 'BG', 'BH', 'BI', 'BJ', 'BL', 'BM', 'BN', 'BO', 'BQ', 'BR', 'BS', 'BT', '...</msg>
<var>${list_country}</var>
<arg>AD</arg>
<arg>AE</arg>
<arg>AF</arg>
<arg>AG</arg>
<arg>AI</arg>
<arg>AL</arg>
<arg>AM</arg>
<arg>AO</arg>
<arg>AQ</arg>
<arg>AR</arg>
<arg>AS</arg>
<arg>AT</arg>
<arg>AU</arg>
<arg>AW</arg>
<arg>AX</arg>
<arg>AZ</arg>
<arg>BA</arg>
<arg>BB</arg>
<arg>BD</arg>
<arg>BE</arg>
<arg>BF</arg>
<arg>BG</arg>
<arg>BH</arg>
<arg>BI</arg>
<arg>BJ</arg>
<arg>BL</arg>
<arg>BM</arg>
<arg>BN</arg>
<arg>BO</arg>
<arg>BQ</arg>
<arg>BR</arg>
<arg>BS</arg>
<arg>BT</arg>
<arg>BV</arg>
<arg>BW</arg>
<arg>BY</arg>
<arg>BZ</arg>
<arg>CA</arg>
<arg>CC</arg>
<arg>CD</arg>
<arg>CF</arg>
<arg>CG</arg>
<arg>CH</arg>
<arg>CI</arg>
<arg>CK</arg>
<arg>CL</arg>
<arg>CM</arg>
<arg>CN</arg>
<arg>CO</arg>
<arg>CR</arg>
<arg>CU</arg>
<arg>CV</arg>
<arg>CW</arg>
<arg>CX</arg>
<arg>CY</arg>
<arg>CZ</arg>
<arg>DE</arg>
<arg>DJ</arg>
<arg>DK</arg>
<arg>DM</arg>
<arg>DO</arg>
<arg>DZ</arg>
<arg>EC</arg>
<arg>EE</arg>
<arg>EG</arg>
<arg>EH</arg>
<arg>ER</arg>
<arg>ES</arg>
<arg>ET</arg>
<arg>FI</arg>
<arg>FJ</arg>
<arg>FK</arg>
<arg>FM</arg>
<arg>FO</arg>
<arg>FR</arg>
<arg>GA</arg>
<arg>GB</arg>
<arg>GD</arg>
<arg>GE</arg>
<arg>GF</arg>
<arg>GG</arg>
<arg>GH</arg>
<arg>GI</arg>
<arg>GL</arg>
<arg>GM</arg>
<arg>GN</arg>
<arg>GP</arg>
<arg>GQ</arg>
<arg>GR</arg>
<arg>GS</arg>
<arg>GT</arg>
<arg>GU</arg>
<arg>GW</arg>
<arg>GY</arg>
<arg>HK</arg>
<arg>HM</arg>
<arg>HN</arg>
<arg>HR</arg>
<arg>HT</arg>
<arg>HU</arg>
<arg>ID</arg>
<arg>IE</arg>
<arg>IL</arg>
<arg>IM</arg>
<arg>IN</arg>
<arg>IO</arg>
<arg>IQ</arg>
<arg>IR</arg>
<arg>IS</arg>
<arg>IT</arg>
<arg>JE</arg>
<arg>JM</arg>
<arg>JO</arg>
<arg>JP</arg>
<arg>KE</arg>
<arg>KG</arg>
<arg>KH</arg>
<arg>KI</arg>
<arg>KM</arg>
<arg>KN</arg>
<arg>KP</arg>
<arg>KR</arg>
<arg>KW</arg>
<arg>KY</arg>
<arg>KZ</arg>
<arg>LA</arg>
<arg>LB</arg>
<arg>LC</arg>
<arg>LI</arg>
<arg>LK</arg>
<arg>LR</arg>
<arg>LS</arg>
<arg>LT</arg>
<arg>LU</arg>
<arg>LV</arg>
<arg>LY</arg>
<arg>MA</arg>
<arg>MC</arg>
<arg>MD</arg>
<arg>ME</arg>
<arg>MF</arg>
<arg>MG</arg>
<arg>MH</arg>
<arg>MK</arg>
<arg>ML</arg>
<arg>MM</arg>
<arg>MN</arg>
<arg>MO</arg>
<arg>MP</arg>
<arg>MQ</arg>
<arg>MR</arg>
<arg>MS</arg>
<arg>MT</arg>
<arg>MU</arg>
<arg>MV</arg>
<arg>MW</arg>
<arg>MX</arg>
<arg>MY</arg>
<arg>MZ</arg>
<arg>NA</arg>
<arg>NC</arg>
<arg>NE</arg>
<arg>NF</arg>
<arg>NG</arg>
<arg>NI</arg>
<arg>NL</arg>
<arg>NO</arg>
<arg>NP</arg>
<arg>NR</arg>
<arg>NU</arg>
<arg>NZ</arg>
<arg>OM</arg>
<arg>PA</arg>
<arg>PE</arg>
<arg>PF</arg>
<arg>PG</arg>
<arg>PH</arg>
<arg>PK</arg>
<arg>PL</arg>
<arg>PM</arg>
<arg>PN</arg>
<arg>PR</arg>
<arg>PS</arg>
<arg>PT</arg>
<arg>PW</arg>
<arg>PY</arg>
<arg>QA</arg>
<arg>RE</arg>
<arg>RO</arg>
<arg>RS</arg>
<arg>RU</arg>
<arg>RW</arg>
<arg>SA</arg>
<arg>SB</arg>
<arg>SC</arg>
<arg>SD</arg>
<arg>SE</arg>
<arg>SG</arg>
<arg>SH</arg>
<arg>SI</arg>
<arg>SJ</arg>
<arg>SK</arg>
<arg>SL</arg>
<arg>SM</arg>
<arg>SN</arg>
<arg>SO</arg>
<arg>SR</arg>
<arg>SS</arg>
<arg>ST</arg>
<arg>SV</arg>
<arg>SX</arg>
<arg>SY</arg>
<arg>SZ</arg>
<arg>TC</arg>
<arg>TD</arg>
<arg>TF</arg>
<arg>TG</arg>
<arg>TH</arg>
<arg>TJ</arg>
<arg>TK</arg>
<arg>TL</arg>
<arg>TM</arg>
<arg>TN</arg>
<arg>TO</arg>
<arg>TR</arg>
<arg>TT</arg>
<arg>TV</arg>
<arg>TW</arg>
<arg>TZ</arg>
<arg>UA</arg>
<arg>UG</arg>
<arg>UM</arg>
<arg>US</arg>
<arg>UY</arg>
<arg>UZ</arg>
<arg>VA</arg>
<arg>VC</arg>
<arg>VE</arg>
<arg>VG</arg>
<arg>VI</arg>
<arg>VN</arg>
<arg>VU</arg>
<arg>WF</arg>
<arg>WS</arg>
<arg>XK</arg>
<arg>YE</arg>
<arg>YT</arg>
<arg>ZA</arg>
<arg>ZM</arg>
<arg>ZW</arg>
<doc>Returns a list containing given items.</doc>
<status status="PASS" start="2024-07-28T01:13:24.592222" elapsed="0.000617"/>
</kw>
<kw name="List Should Contain Value" owner="Collections">
<arg>${list_country}</arg>
<arg>${name_country}</arg>
<doc>Fails if the ``value`` is not found from ``list``.</doc>
<status status="PASS" start="2024-07-28T01:13:24.593847" elapsed="0.000210"/>
</kw>
<kw name="Run Keyword If" owner="BuiltIn">
<kw name="Should Be True" owner="BuiltIn">
<arg>${True}</arg>
<doc>Fails if the given condition is not true.</doc>
<status status="PASS" start="2024-07-28T01:13:24.595007" elapsed="0.000143"/>
</kw>
<arg>${json_data["results"][0]["location"]["coordinates"]["latitude"]} &gt;= -90 and ${json_data["results"][0]["location"]["coordinates"]["latitude"]} &lt;= 90</arg>
<arg>Should Be True</arg>
<arg>${True}</arg>
<doc>Runs the given keyword with the given arguments, if ``condition`` is true.</doc>
<status status="PASS" start="2024-07-28T01:13:24.594257" elapsed="0.001021"/>
</kw>
<kw name="Run Keyword If" owner="BuiltIn">
<kw name="Should Be True" owner="BuiltIn">
<arg>${True}</arg>
<doc>Fails if the given condition is not true.</doc>
<status status="PASS" start="2024-07-28T01:13:24.596147" elapsed="0.000137"/>
</kw>
<arg>${json_data["results"][0]["location"]["coordinates"]["longitude"]} &gt;= -180 and ${json_data["results"][0]["location"]["coordinates"]["longitude"]} &lt;= 180</arg>
<arg>Should Be True</arg>
<arg>${True}</arg>
<doc>Runs the given keyword with the given arguments, if ``condition`` is true.</doc>
<status status="PASS" start="2024-07-28T01:13:24.595458" elapsed="0.000950"/>
</kw>
<status status="PASS" start="2024-07-28T01:13:24.189790" elapsed="0.406748"/>
</kw>
<doc>Testa o conteúdo específico dos campos retornados pela API.</doc>
<tag>testeConteudo</tag>
<status status="PASS" start="2024-07-28T01:13:24.189305" elapsed="0.407392"/>
</test>
<status status="PASS" start="2024-07-28T01:13:23.356335" elapsed="1.242344"/>
</suite>
<status status="PASS" start="2024-07-28T01:13:23.341848" elapsed="1.261891"/>
</suite>
<statistics>
<total>
<stat pass="5" fail="0" skip="0">All Tests</stat>
</total>
<tag>
<stat pass="1" fail="0" skip="0">testeConteudo</stat>
<stat pass="1" fail="0" skip="0">testeEstruturaResposta</stat>
<stat pass="1" fail="0" skip="0">testeRequisicaoBasica</stat>
<stat pass="1" fail="0" skip="0">testeTiposDados</stat>
</tag>
<suite>
<stat pass="5" fail="0" skip="0" id="s1" name="Tests">Tests</stat>
<stat pass="5" fail="0" skip="0" id="s1-s1" name="Random-User-Test">Tests.Random-User-Test</stat>
</suite>
</statistics>
<errors>
</errors>
</robot>
