<?xml version="1.0" encoding="UTF-8"?>
<robot generator="Robot 7.0 (Python 3.12.3 on linux)" generated="2024-06-04T15:15:52.955271" rpa="false" schemaversion="5">
<suite id="s1" name="Tests" source="/home/runner/work/ApiRandomUser/ApiRandomUser/RamdonUser/tests">
<suite id="s1-s1" name="Random-User-Test" source="/home/runner/work/ApiRandomUser/ApiRandomUser/RamdonUser/tests/random-user-test.robot">
<test id="s1-s1-t1" name="Conectar" line="13">
<kw name="Conectar API" owner="random-user-service">
<kw name="Create Session" owner="RequestsLibrary">
<msg time="2024-06-04T15:15:53.349673" level="INFO">Creating Session using : alias=consultarAPI, url=https://randomuser.me/, headers={},                     cookies={}, auth=None, timeout=None, proxies=None, verify=False,                     debug=0 </msg>
<arg>consultarAPI</arg>
<arg>${URL}</arg>
<doc>Create Session: create a HTTP session to a server</doc>
<status status="PASS" start="2024-06-04T15:15:53.349465" elapsed="0.000387"/>
</kw>
<status status="PASS" start="2024-06-04T15:15:53.348402" elapsed="0.001854"/>
</kw>
<status status="PASS" start="2024-06-04T15:15:53.347753" elapsed="0.002699"/>
</test>
<test id="s1-s1-t2" name="Validar retorno 200 e JSON Válido" line="16">
<kw name="Teste de Requisicao Basica" owner="random-user-service">
<kw name="GET On Session" owner="RequestsLibrary">
<msg time="2024-06-04T15:15:53.539887" level="INFO">GET Request : url=https://randomuser.me/api 
 path_url=/api 
 headers={'User-Agent': 'python-requests/2.32.3', 'Accept-Encoding': 'gzip, deflate', 'Accept': '*/*', 'Connection': 'keep-alive'} 
 body=None 
 </msg>
<msg time="2024-06-04T15:15:53.540059" level="INFO">GET Response : url=https://randomuser.me/api 
 status=200, reason=OK 
 headers={'Date': 'Tue, 04 Jun 2024 15:15:53 GMT', 'Content-Type': 'application/json; charset=utf-8', 'Transfer-Encoding': 'chunked', 'Connection': 'keep-alive', 'X-Powered-By': 'Express', 'Access-Control-Allow-Origin': '*', 'Cache-Control': 'no-cache', 'ETag': 'W/"49b-KOiNjJMBV0W15xjQJgBPIvIWt7Y"', 'Vary': 'Accept-Encoding', 'Content-Encoding': 'gzip', 'CF-Cache-Status': 'DYNAMIC', 'Report-To': '{"endpoints":[{"url":"https:\\/\\/a.nel.cloudflare.com\\/report\\/v4?s=tz2WfWvvF8vOYVn2FzS1LvlOlOQGN%2FVIbp2%2B2EgW4uhA4SkAryL01twxfAdMQbIFceXSMg9K0azaaVTdyuMlSD7%2FeEGC3yUjv6iTUja7TLf1W6nOhDyEycz7CizesjUv"}],"group":"cf-nel","max_age":604800}', 'NEL': '{"success_fraction":0,"report_to":"cf-nel","max_age":604800}', 'Server': 'cloudflare', 'CF-RAY': '88e8e18358a786f4-IAD', 'alt-svc': 'h3=":443"; ma=86400'} 
 body={"results":[{"gender":"male","name":{"title":"Mr","first":"Anísio","last":"da Costa"},"location":{"street":{"number":1476,"name":"Rua Mato Grosso "},"city":"Dourados","state":"Sergipe","country":"Brazil","postcode":46412,"coordinates":{"latitude":"-76.9277","longitude":"-24.7782"},"timezone":{"offset":"+10:00","description":"Eastern Australia, Guam, Vladivostok"}},"email":"anisio.dacosta@example.com","login":{"uuid":"13f264e6-866a-43fb-8f6e-4b828c11994b","username":"happytiger379","password":"willy1","salt":"GyzNp0RX","md5":"1361cd69738132df554fb9b05594388b","sha1":"4042de8d1c55bc7dc12e8719f98c6f2aa9b7e034","sha256":"cad1d07b4ef5f6086add14d44837940605599745f0689ce4d3a7c9142b6fd8e1"},"dob":{"date":"1987-01-07T19:06:42.000Z","age":37},"registered":{"date":"2013-01-22T22:41:36.909Z","age":11},"phone":"(57) 0165-2730","cell":"(65) 6041-3946","id":{"name":"CPF","value":"935.545.199-90"},"picture":{"large":"https://randomuser.me/api/portraits/men/16.jpg","medium":"https://randomuser.me/api/portraits/med/men/16.jpg","thumbnail":"https://randomuser.me/api/portraits/thumb/men/16.jpg"},"nat":"BR"}],"info":{"seed":"2c573f7e7b4323f7","results":1,"page":1,"version":"1.4"}} 
 </msg>
<msg time="2024-06-04T15:15:53.540149" level="INFO">/opt/hostedtoolcache/Python/3.12.3/x64/lib/python3.12/site-packages/urllib3/connectionpool.py:1103: InsecureRequestWarning: Unverified HTTPS request is being made to host 'randomuser.me'. Adding certificate verification is strongly advised. See: https://urllib3.readthedocs.io/en/latest/advanced-usage.html#tls-warnings
  warnings.warn(</msg>
<msg time="2024-06-04T15:15:53.540327" level="INFO">${response} = &lt;Response [200]&gt;</msg>
<var>${response}</var>
<arg>consultarAPI</arg>
<arg>/api</arg>
<doc>Sends a GET request on a previously created HTTP Session.</doc>
<status status="PASS" start="2024-06-04T15:15:53.353112" elapsed="0.187261"/>
</kw>
<kw name="Should Be Equal As Numbers" owner="BuiltIn">
<msg time="2024-06-04T15:15:53.541485" level="INFO">Argument types are:
&lt;class 'int'&gt;
&lt;class 'str'&gt;</msg>
<arg>${response.status_code}</arg>
<arg>200</arg>
<doc>Fails if objects are unequal after converting them to real numbers.</doc>
<status status="PASS" start="2024-06-04T15:15:53.540949" elapsed="0.000606"/>
</kw>
<kw name="Log" owner="BuiltIn">
<msg time="2024-06-04T15:15:53.542341" level="INFO">200</msg>
<arg>${response.status_code}</arg>
<doc>Logs the given message with the given level.</doc>
<status status="PASS" start="2024-06-04T15:15:53.541976" elapsed="0.000413"/>
</kw>
<kw name="Set Variable" owner="BuiltIn">
<msg time="2024-06-04T15:15:53.543174" level="INFO">${json_data} = {'results': [{'gender': 'male', 'name': {'title': 'Mr', 'first': 'Anísio', 'last': 'da Costa'}, 'location': {'street': {'number': 1476, 'name': 'Rua Mato Grosso '}, 'city': 'Dourados', 'state': 'Sergi...</msg>
<var>${json_data}</var>
<arg>${response.json()}</arg>
<doc>Returns the given values which can then be assigned to a variables.</doc>
<status status="PASS" start="2024-06-04T15:15:53.542702" elapsed="0.000502"/>
</kw>
<kw name="Dictionary Should Contain Key" owner="Collections">
<msg time="2024-06-04T15:15:53.543688" level="INFO">False</msg>
<arg>${json_data}</arg>
<arg>results</arg>
<doc>Fails if ``key`` is not found from ``dictionary``.</doc>
<status status="PASS" start="2024-06-04T15:15:53.543516" elapsed="0.000391"/>
</kw>
<status status="PASS" start="2024-06-04T15:15:53.352870" elapsed="0.191308"/>
</kw>
<doc>Testa se a API responde corretamente e retorna um objeto JSON válido.</doc>
<tag>testeRequisicaoBasica</tag>
<status status="PASS" start="2024-06-04T15:15:53.352340" elapsed="0.192025"/>
</test>
<test id="s1-s1-t3" name="Validar estrutura de resposta" line="22">
<kw name="Teste de Estrutura de Resposta" owner="random-user-service">
<kw name="GET On Session" owner="RequestsLibrary">
<msg time="2024-06-04T15:15:53.638532" level="INFO">GET Request : url=https://randomuser.me/api 
 path_url=/api 
 headers={'User-Agent': 'python-requests/2.32.3', 'Accept-Encoding': 'gzip, deflate', 'Accept': '*/*', 'Connection': 'keep-alive'} 
 body=None 
 </msg>
<msg time="2024-06-04T15:15:53.638653" level="INFO">GET Response : url=https://randomuser.me/api 
 status=200, reason=OK 
 headers={'Date': 'Tue, 04 Jun 2024 15:15:53 GMT', 'Content-Type': 'application/json; charset=utf-8', 'Transfer-Encoding': 'chunked', 'Connection': 'keep-alive', 'X-Powered-By': 'Express', 'Access-Control-Allow-Origin': '*', 'Cache-Control': 'no-cache', 'ETag': 'W/"4aa-CR4vJv12RxhRsPg//4s4MxfHzbc"', 'Vary': 'Accept-Encoding', 'Content-Encoding': 'gzip', 'CF-Cache-Status': 'DYNAMIC', 'Report-To': '{"endpoints":[{"url":"https:\\/\\/a.nel.cloudflare.com\\/report\\/v4?s=HewgWeknky7NFCINrgD%2BpENH5djOSwIx4Wnl%2Fk7%2BvaU16QsCUi9giwAWM24d84Hi2DuVN560Cd5Bd1sNcsKNHAfeYxsZjY15Vd58wMHF3S2S1xVYX6hLop3fFjEn6LWM"}],"group":"cf-nel","max_age":604800}', 'NEL': '{"success_fraction":0,"report_to":"cf-nel","max_age":604800}', 'Server': 'cloudflare', 'CF-RAY': '88e8e183b90c86f4-IAD', 'alt-svc': 'h3=":443"; ma=86400'} 
 body={"results":[{"gender":"male","name":{"title":"Mr","first":"Eric","last":"Páez"},"location":{"street":{"number":3683,"name":"Diagonal República Centroafricana"},"city":"Ejido 27 de Enero","state":"Tabasco","country":"Mexico","postcode":18490,"coordinates":{"latitude":"26.7007","longitude":"-163.5162"},"timezone":{"offset":"+1:00","description":"Brussels, Copenhagen, Madrid, Paris"}},"email":"eric.paez@example.com","login":{"uuid":"4a7593d1-f23e-4de1-9af0-aaebd98fb4fa","username":"whitebird669","password":"pass1234","salt":"8jm524gw","md5":"e4ce179244f082a03643a44db87885c2","sha1":"6f04e8555605c28cf46db7e972e85fd0f018df16","sha256":"869c5a7f29ee031594c3879fea9df8779f5b9994d92b381e51d8cbecd4e8ef32"},"dob":{"date":"1980-09-10T15:09:42.878Z","age":43},"registered":{"date":"2020-12-09T22:29:44.989Z","age":3},"phone":"(686) 597 3962","cell":"(612) 542 2885","id":{"name":"NSS","value":"78 08 30 5215 7"},"picture":{"large":"https://randomuser.me/api/portraits/men/73.jpg","medium":"https://randomuser.me/api/portraits/med/men/73.jpg","thumbnail":"https://randomuser.me/api/portraits/thumb/men/73.jpg"},"nat":"MX"}],"info":{"seed":"7c56ef41fa967034","results":1,"page":1,"version":"1.4"}} 
 </msg>
<msg time="2024-06-04T15:15:53.638808" level="INFO">/opt/hostedtoolcache/Python/3.12.3/x64/lib/python3.12/site-packages/urllib3/connectionpool.py:1103: InsecureRequestWarning: Unverified HTTPS request is being made to host 'randomuser.me'. Adding certificate verification is strongly advised. See: https://urllib3.readthedocs.io/en/latest/advanced-usage.html#tls-warnings
  warnings.warn(</msg>
<msg time="2024-06-04T15:15:53.638968" level="INFO">${response} = &lt;Response [200]&gt;</msg>
<var>${response}</var>
<arg>consultarAPI</arg>
<arg>/api</arg>
<doc>Sends a GET request on a previously created HTTP Session.</doc>
<status status="PASS" start="2024-06-04T15:15:53.547106" elapsed="0.091911"/>
</kw>
<kw name="Set Variable" owner="BuiltIn">
<msg time="2024-06-04T15:15:53.640108" level="INFO">${json_data} = {'results': [{'gender': 'male', 'name': {'title': 'Mr', 'first': 'Eric', 'last': 'Páez'}, 'location': {'street': {'number': 3683, 'name': 'Diagonal República Centroafricana'}, 'city': 'Ejido 27 de Ene...</msg>
<var>${json_data}</var>
<arg>${response.json()}</arg>
<doc>Returns the given values which can then be assigned to a variables.</doc>
<status status="PASS" start="2024-06-04T15:15:53.639540" elapsed="0.000600"/>
</kw>
<kw name="Log" owner="BuiltIn">
<msg time="2024-06-04T15:15:53.640670" level="INFO">{'results': [{'gender': 'male', 'name': {'title': 'Mr', 'first': 'Eric', 'last': 'Páez'}, 'location': {'street': {'number': 3683, 'name': 'Diagonal República Centroafricana'}, 'city': 'Ejido 27 de Enero', 'state': 'Tabasco', 'country': 'Mexico', 'postcode': 18490, 'coordinates': {'latitude': '26.7007', 'longitude': '-163.5162'}, 'timezone': {'offset': '+1:00', 'description': 'Brussels, Copenhagen, Madrid, Paris'}}, 'email': 'eric.paez@example.com', 'login': {'uuid': '4a7593d1-f23e-4de1-9af0-aaebd98fb4fa', 'username': 'whitebird669', 'password': 'pass1234', 'salt': '8jm524gw', 'md5': 'e4ce179244f082a03643a44db87885c2', 'sha1': '6f04e8555605c28cf46db7e972e85fd0f018df16', 'sha256': '869c5a7f29ee031594c3879fea9df8779f5b9994d92b381e51d8cbecd4e8ef32'}, 'dob': {'date': '1980-09-10T15:09:42.878Z', 'age': 43}, 'registered': {'date': '2020-12-09T22:29:44.989Z', 'age': 3}, 'phone': '(686) 597 3962', 'cell': '(612) 542 2885', 'id': {'name': 'NSS', 'value': '78 08 30 5215 7'}, 'picture': {'large': 'https://randomuser.me/api/portraits/men/73.jpg', 'medium': 'https://randomuser.me/api/portraits/med/men/73.jpg', 'thumbnail': 'https://randomuser.me/api/portraits/thumb/men/73.jpg'}, 'nat': 'MX'}], 'info': {'seed': '7c56ef41fa967034', 'results': 1, 'page': 1, 'version': '1.4'}}</msg>
<arg>${json_data}</arg>
<doc>Logs the given message with the given level.</doc>
<status status="PASS" start="2024-06-04T15:15:53.640495" elapsed="0.000227"/>
</kw>
<kw name="Dictionary Should Contain Key" owner="Collections">
<msg time="2024-06-04T15:15:53.641200" level="INFO">False</msg>
<arg>${json_data}</arg>
<arg>results</arg>
<doc>Fails if ``key`` is not found from ``dictionary``.</doc>
<status status="PASS" start="2024-06-04T15:15:53.641032" elapsed="0.000207"/>
</kw>
<kw name="Should Not Be Empty" owner="BuiltIn">
<msg time="2024-06-04T15:15:53.641686" level="INFO">Length is 2.</msg>
<arg>${json_data}</arg>
<doc>Verifies that the given item is not empty.</doc>
<status status="PASS" start="2024-06-04T15:15:53.641545" elapsed="0.000180"/>
</kw>
<kw name="Create List" owner="BuiltIn">
<msg time="2024-06-04T15:15:53.642233" level="INFO">${expected_keys} = ['gender', 'name', 'location', 'email', 'login']</msg>
<var>${expected_keys}</var>
<arg>gender</arg>
<arg>name</arg>
<arg>location</arg>
<arg>email</arg>
<arg>login</arg>
<doc>Returns a list containing given items.</doc>
<status status="PASS" start="2024-06-04T15:15:53.642072" elapsed="0.000186"/>
</kw>
<for flavor="IN">
<iter>
<kw name="Dictionary Should Contain Key" owner="Collections">
<msg time="2024-06-04T15:15:53.643287" level="INFO">False</msg>
<arg>${json_data['results'][0]}</arg>
<arg>${key}</arg>
<doc>Fails if ``key`` is not found from ``dictionary``.</doc>
<status status="PASS" start="2024-06-04T15:15:53.642851" elapsed="0.000480"/>
</kw>
<kw name="Log" owner="BuiltIn">
<msg time="2024-06-04T15:15:53.644019" level="INFO">{'gender': 'male', 'name': {'title': 'Mr', 'first': 'Eric', 'last': 'Páez'}, 'location': {'street': {'number': 3683, 'name': 'Diagonal República Centroafricana'}, 'city': 'Ejido 27 de Enero', 'state': 'Tabasco', 'country': 'Mexico', 'postcode': 18490, 'coordinates': {'latitude': '26.7007', 'longitude': '-163.5162'}, 'timezone': {'offset': '+1:00', 'description': 'Brussels, Copenhagen, Madrid, Paris'}}, 'email': 'eric.paez@example.com', 'login': {'uuid': '4a7593d1-f23e-4de1-9af0-aaebd98fb4fa', 'username': 'whitebird669', 'password': 'pass1234', 'salt': '8jm524gw', 'md5': 'e4ce179244f082a03643a44db87885c2', 'sha1': '6f04e8555605c28cf46db7e972e85fd0f018df16', 'sha256': '869c5a7f29ee031594c3879fea9df8779f5b9994d92b381e51d8cbecd4e8ef32'}, 'dob': {'date': '1980-09-10T15:09:42.878Z', 'age': 43}, 'registered': {'date': '2020-12-09T22:29:44.989Z', 'age': 3}, 'phone': '(686) 597 3962', 'cell': '(612) 542 2885', 'id': {'name': 'NSS', 'value': '78 08 30 5215 7'}, 'picture': {'large': 'https://randomuser.me/api/portraits/men/73.jpg', 'medium': 'https://randomuser.me/api/portraits/med/men/73.jpg', 'thumbnail': 'https://randomuser.me/api/portraits/thumb/men/73.jpg'}, 'nat': 'MX'}</msg>
<arg>${json_data['results'][0]}</arg>
<doc>Logs the given message with the given level.</doc>
<status status="PASS" start="2024-06-04T15:15:53.643641" elapsed="0.000430"/>
</kw>
<kw name="Log" owner="BuiltIn">
<msg time="2024-06-04T15:15:53.644509" level="INFO">gender</msg>
<arg>${key}</arg>
<doc>Logs the given message with the given level.</doc>
<status status="PASS" start="2024-06-04T15:15:53.644380" elapsed="0.000167"/>
</kw>
<var name="${key}">gender</var>
<status status="PASS" start="2024-06-04T15:15:53.642723" elapsed="0.002046"/>
</iter>
<iter>
<kw name="Dictionary Should Contain Key" owner="Collections">
<msg time="2024-06-04T15:15:53.645475" level="INFO">False</msg>
<arg>${json_data['results'][0]}</arg>
<arg>${key}</arg>
<doc>Fails if ``key`` is not found from ``dictionary``.</doc>
<status status="PASS" start="2024-06-04T15:15:53.645080" elapsed="0.000466"/>
</kw>
<kw name="Log" owner="BuiltIn">
<msg time="2024-06-04T15:15:53.646246" level="INFO">{'gender': 'male', 'name': {'title': 'Mr', 'first': 'Eric', 'last': 'Páez'}, 'location': {'street': {'number': 3683, 'name': 'Diagonal República Centroafricana'}, 'city': 'Ejido 27 de Enero', 'state': 'Tabasco', 'country': 'Mexico', 'postcode': 18490, 'coordinates': {'latitude': '26.7007', 'longitude': '-163.5162'}, 'timezone': {'offset': '+1:00', 'description': 'Brussels, Copenhagen, Madrid, Paris'}}, 'email': 'eric.paez@example.com', 'login': {'uuid': '4a7593d1-f23e-4de1-9af0-aaebd98fb4fa', 'username': 'whitebird669', 'password': 'pass1234', 'salt': '8jm524gw', 'md5': 'e4ce179244f082a03643a44db87885c2', 'sha1': '6f04e8555605c28cf46db7e972e85fd0f018df16', 'sha256': '869c5a7f29ee031594c3879fea9df8779f5b9994d92b381e51d8cbecd4e8ef32'}, 'dob': {'date': '1980-09-10T15:09:42.878Z', 'age': 43}, 'registered': {'date': '2020-12-09T22:29:44.989Z', 'age': 3}, 'phone': '(686) 597 3962', 'cell': '(612) 542 2885', 'id': {'name': 'NSS', 'value': '78 08 30 5215 7'}, 'picture': {'large': 'https://randomuser.me/api/portraits/men/73.jpg', 'medium': 'https://randomuser.me/api/portraits/med/men/73.jpg', 'thumbnail': 'https://randomuser.me/api/portraits/thumb/men/73.jpg'}, 'nat': 'MX'}</msg>
<arg>${json_data['results'][0]}</arg>
<doc>Logs the given message with the given level.</doc>
<status status="PASS" start="2024-06-04T15:15:53.645853" elapsed="0.000445"/>
</kw>
<kw name="Log" owner="BuiltIn">
<msg time="2024-06-04T15:15:53.646732" level="INFO">name</msg>
<arg>${key}</arg>
<doc>Logs the given message with the given level.</doc>
<status status="PASS" start="2024-06-04T15:15:53.646603" elapsed="0.000167"/>
</kw>
<var name="${key}">name</var>
<status status="PASS" start="2024-06-04T15:15:53.644963" elapsed="0.002032"/>
</iter>
<iter>
<kw name="Dictionary Should Contain Key" owner="Collections">
<msg time="2024-06-04T15:15:53.647676" level="INFO">False</msg>
<arg>${json_data['results'][0]}</arg>
<arg>${key}</arg>
<doc>Fails if ``key`` is not found from ``dictionary``.</doc>
<status status="PASS" start="2024-06-04T15:15:53.647292" elapsed="0.000422"/>
</kw>
<kw name="Log" owner="BuiltIn">
<msg time="2024-06-04T15:15:53.648389" level="INFO">{'gender': 'male', 'name': {'title': 'Mr', 'first': 'Eric', 'last': 'Páez'}, 'location': {'street': {'number': 3683, 'name': 'Diagonal República Centroafricana'}, 'city': 'Ejido 27 de Enero', 'state': 'Tabasco', 'country': 'Mexico', 'postcode': 18490, 'coordinates': {'latitude': '26.7007', 'longitude': '-163.5162'}, 'timezone': {'offset': '+1:00', 'description': 'Brussels, Copenhagen, Madrid, Paris'}}, 'email': 'eric.paez@example.com', 'login': {'uuid': '4a7593d1-f23e-4de1-9af0-aaebd98fb4fa', 'username': 'whitebird669', 'password': 'pass1234', 'salt': '8jm524gw', 'md5': 'e4ce179244f082a03643a44db87885c2', 'sha1': '6f04e8555605c28cf46db7e972e85fd0f018df16', 'sha256': '869c5a7f29ee031594c3879fea9df8779f5b9994d92b381e51d8cbecd4e8ef32'}, 'dob': {'date': '1980-09-10T15:09:42.878Z', 'age': 43}, 'registered': {'date': '2020-12-09T22:29:44.989Z', 'age': 3}, 'phone': '(686) 597 3962', 'cell': '(612) 542 2885', 'id': {'name': 'NSS', 'value': '78 08 30 5215 7'}, 'picture': {'large': 'https://randomuser.me/api/portraits/men/73.jpg', 'medium': 'https://randomuser.me/api/portraits/med/men/73.jpg', 'thumbnail': 'https://randomuser.me/api/portraits/thumb/men/73.jpg'}, 'nat': 'MX'}</msg>
<arg>${json_data['results'][0]}</arg>
<doc>Logs the given message with the given level.</doc>
<status status="PASS" start="2024-06-04T15:15:53.648018" elapsed="0.000424"/>
</kw>
<kw name="Log" owner="BuiltIn">
<msg time="2024-06-04T15:15:53.648871" level="INFO">location</msg>
<arg>${key}</arg>
<doc>Logs the given message with the given level.</doc>
<status status="PASS" start="2024-06-04T15:15:53.648745" elapsed="0.000165"/>
</kw>
<var name="${key}">location</var>
<status status="PASS" start="2024-06-04T15:15:53.647177" elapsed="0.001949"/>
</iter>
<iter>
<kw name="Dictionary Should Contain Key" owner="Collections">
<msg time="2024-06-04T15:15:53.649958" level="INFO">False</msg>
<arg>${json_data['results'][0]}</arg>
<arg>${key}</arg>
<doc>Fails if ``key`` is not found from ``dictionary``.</doc>
<status status="PASS" start="2024-06-04T15:15:53.649413" elapsed="0.000586"/>
</kw>
<kw name="Log" owner="BuiltIn">
<msg time="2024-06-04T15:15:53.650678" level="INFO">{'gender': 'male', 'name': {'title': 'Mr', 'first': 'Eric', 'last': 'Páez'}, 'location': {'street': {'number': 3683, 'name': 'Diagonal República Centroafricana'}, 'city': 'Ejido 27 de Enero', 'state': 'Tabasco', 'country': 'Mexico', 'postcode': 18490, 'coordinates': {'latitude': '26.7007', 'longitude': '-163.5162'}, 'timezone': {'offset': '+1:00', 'description': 'Brussels, Copenhagen, Madrid, Paris'}}, 'email': 'eric.paez@example.com', 'login': {'uuid': '4a7593d1-f23e-4de1-9af0-aaebd98fb4fa', 'username': 'whitebird669', 'password': 'pass1234', 'salt': '8jm524gw', 'md5': 'e4ce179244f082a03643a44db87885c2', 'sha1': '6f04e8555605c28cf46db7e972e85fd0f018df16', 'sha256': '869c5a7f29ee031594c3879fea9df8779f5b9994d92b381e51d8cbecd4e8ef32'}, 'dob': {'date': '1980-09-10T15:09:42.878Z', 'age': 43}, 'registered': {'date': '2020-12-09T22:29:44.989Z', 'age': 3}, 'phone': '(686) 597 3962', 'cell': '(612) 542 2885', 'id': {'name': 'NSS', 'value': '78 08 30 5215 7'}, 'picture': {'large': 'https://randomuser.me/api/portraits/men/73.jpg', 'medium': 'https://randomuser.me/api/portraits/med/men/73.jpg', 'thumbnail': 'https://randomuser.me/api/portraits/thumb/men/73.jpg'}, 'nat': 'MX'}</msg>
<arg>${json_data['results'][0]}</arg>
<doc>Logs the given message with the given level.</doc>
<status status="PASS" start="2024-06-04T15:15:53.650311" elapsed="0.000419"/>
</kw>
<kw name="Log" owner="BuiltIn">
<msg time="2024-06-04T15:15:53.651156" level="INFO">email</msg>
<arg>${key}</arg>
<doc>Logs the given message with the given level.</doc>
<status status="PASS" start="2024-06-04T15:15:53.651028" elapsed="0.000165"/>
</kw>
<var name="${key}">email</var>
<status status="PASS" start="2024-06-04T15:15:53.649300" elapsed="0.002109"/>
</iter>
<iter>
<kw name="Dictionary Should Contain Key" owner="Collections">
<msg time="2024-06-04T15:15:53.652090" level="INFO">False</msg>
<arg>${json_data['results'][0]}</arg>
<arg>${key}</arg>
<doc>Fails if ``key`` is not found from ``dictionary``.</doc>
<status status="PASS" start="2024-06-04T15:15:53.651705" elapsed="0.000423"/>
</kw>
<kw name="Log" owner="BuiltIn">
<msg time="2024-06-04T15:15:53.652794" level="INFO">{'gender': 'male', 'name': {'title': 'Mr', 'first': 'Eric', 'last': 'Páez'}, 'location': {'street': {'number': 3683, 'name': 'Diagonal República Centroafricana'}, 'city': 'Ejido 27 de Enero', 'state': 'Tabasco', 'country': 'Mexico', 'postcode': 18490, 'coordinates': {'latitude': '26.7007', 'longitude': '-163.5162'}, 'timezone': {'offset': '+1:00', 'description': 'Brussels, Copenhagen, Madrid, Paris'}}, 'email': 'eric.paez@example.com', 'login': {'uuid': '4a7593d1-f23e-4de1-9af0-aaebd98fb4fa', 'username': 'whitebird669', 'password': 'pass1234', 'salt': '8jm524gw', 'md5': 'e4ce179244f082a03643a44db87885c2', 'sha1': '6f04e8555605c28cf46db7e972e85fd0f018df16', 'sha256': '869c5a7f29ee031594c3879fea9df8779f5b9994d92b381e51d8cbecd4e8ef32'}, 'dob': {'date': '1980-09-10T15:09:42.878Z', 'age': 43}, 'registered': {'date': '2020-12-09T22:29:44.989Z', 'age': 3}, 'phone': '(686) 597 3962', 'cell': '(612) 542 2885', 'id': {'name': 'NSS', 'value': '78 08 30 5215 7'}, 'picture': {'large': 'https://randomuser.me/api/portraits/men/73.jpg', 'medium': 'https://randomuser.me/api/portraits/med/men/73.jpg', 'thumbnail': 'https://randomuser.me/api/portraits/thumb/men/73.jpg'}, 'nat': 'MX'}</msg>
<arg>${json_data['results'][0]}</arg>
<doc>Logs the given message with the given level.</doc>
<status status="PASS" start="2024-06-04T15:15:53.652429" elapsed="0.000416"/>
</kw>
<kw name="Log" owner="BuiltIn">
<msg time="2024-06-04T15:15:53.653276" level="INFO">login</msg>
<arg>${key}</arg>
<doc>Logs the given message with the given level.</doc>
<status status="PASS" start="2024-06-04T15:15:53.653142" elapsed="0.000204"/>
</kw>
<var name="${key}">login</var>
<status status="PASS" start="2024-06-04T15:15:53.651586" elapsed="0.001984"/>
</iter>
<var>${key}</var>
<value>@{expected_keys}</value>
<status status="PASS" start="2024-06-04T15:15:53.642527" elapsed="0.011167"/>
</for>
<kw name="Create List" owner="BuiltIn">
<msg time="2024-06-04T15:15:53.654057" level="INFO">${expected_keysTwo} = ['username', 'password']</msg>
<var>${expected_keysTwo}</var>
<arg>username</arg>
<arg>password</arg>
<doc>Returns a list containing given items.</doc>
<status status="PASS" start="2024-06-04T15:15:53.653914" elapsed="0.000167"/>
</kw>
<for flavor="IN">
<iter>
<kw name="Dictionary Should Contain Key" owner="Collections">
<msg time="2024-06-04T15:15:53.654977" level="INFO">False</msg>
<arg>${json_data['results'][0]['login']}</arg>
<arg>${keyTwo}</arg>
<doc>Fails if ``key`` is not found from ``dictionary``.</doc>
<status status="PASS" start="2024-06-04T15:15:53.654589" elapsed="0.000426"/>
</kw>
<kw name="Dictionary Should Contain Key" owner="Collections">
<msg time="2024-06-04T15:15:53.655692" level="INFO">False</msg>
<arg>${json_data['results'][0]['login']}</arg>
<arg>${keyTwo}</arg>
<doc>Fails if ``key`` is not found from ``dictionary``.</doc>
<status status="PASS" start="2024-06-04T15:15:53.655314" elapsed="0.000415"/>
</kw>
<kw name="Log" owner="BuiltIn">
<msg time="2024-06-04T15:15:53.656156" level="INFO">username</msg>
<arg>${keyTwo}</arg>
<doc>Logs the given message with the given level.</doc>
<status status="PASS" start="2024-06-04T15:15:53.656024" elapsed="0.000169"/>
</kw>
<var name="${keyTwo}">username</var>
<status status="PASS" start="2024-06-04T15:15:53.654477" elapsed="0.001934"/>
</iter>
<iter>
<kw name="Dictionary Should Contain Key" owner="Collections">
<msg time="2024-06-04T15:15:53.657079" level="INFO">False</msg>
<arg>${json_data['results'][0]['login']}</arg>
<arg>${keyTwo}</arg>
<doc>Fails if ``key`` is not found from ``dictionary``.</doc>
<status status="PASS" start="2024-06-04T15:15:53.656701" elapsed="0.000416"/>
</kw>
<kw name="Dictionary Should Contain Key" owner="Collections">
<msg time="2024-06-04T15:15:53.657791" level="INFO">False</msg>
<arg>${json_data['results'][0]['login']}</arg>
<arg>${keyTwo}</arg>
<doc>Fails if ``key`` is not found from ``dictionary``.</doc>
<status status="PASS" start="2024-06-04T15:15:53.657411" elapsed="0.000417"/>
</kw>
<kw name="Log" owner="BuiltIn">
<msg time="2024-06-04T15:15:53.658294" level="INFO">password</msg>
<arg>${keyTwo}</arg>
<doc>Logs the given message with the given level.</doc>
<status status="PASS" start="2024-06-04T15:15:53.658166" elapsed="0.000165"/>
</kw>
<var name="${keyTwo}">password</var>
<status status="PASS" start="2024-06-04T15:15:53.656585" elapsed="0.001961"/>
</iter>
<var>${keyTwo}</var>
<value>@{expected_keysTwo}</value>
<status status="PASS" start="2024-06-04T15:15:53.654322" elapsed="0.004346"/>
</for>
<status status="PASS" start="2024-06-04T15:15:53.546845" elapsed="0.111965"/>
</kw>
<doc>Testa a estrutura da resposta da API.</doc>
<tag>testeEstruturaResposta</tag>
<status status="PASS" start="2024-06-04T15:15:53.546310" elapsed="0.112662"/>
</test>
<test id="s1-s1-t4" name="Validar tipos de dados" line="28">
<kw name="Teste de Tipos de Dados" owner="random-user-service">
<kw name="GET On Session" owner="RequestsLibrary">
<msg time="2024-06-04T15:15:53.744345" level="INFO">GET Request : url=https://randomuser.me/api 
 path_url=/api 
 headers={'User-Agent': 'python-requests/2.32.3', 'Accept-Encoding': 'gzip, deflate', 'Accept': '*/*', 'Connection': 'keep-alive'} 
 body=None 
 </msg>
<msg time="2024-06-04T15:15:53.744436" level="INFO">GET Response : url=https://randomuser.me/api 
 status=200, reason=OK 
 headers={'Date': 'Tue, 04 Jun 2024 15:15:53 GMT', 'Content-Type': 'application/json; charset=utf-8', 'Transfer-Encoding': 'chunked', 'Connection': 'keep-alive', 'X-Powered-By': 'Express', 'Access-Control-Allow-Origin': '*', 'Cache-Control': 'no-cache', 'ETag': 'W/"485-yCcU0XkmIPgFrVdvuaDnLuYP708"', 'Vary': 'Accept-Encoding', 'Content-Encoding': 'gzip', 'CF-Cache-Status': 'DYNAMIC', 'Report-To': '{"endpoints":[{"url":"https:\\/\\/a.nel.cloudflare.com\\/report\\/v4?s=ekr28pQTsKuYAUyopHOyMPCSHL%2BbHi8rbsvirI%2BtMEWDCKMQ1%2BR%2FQ0vNIIsUXnP5aDyCcD8caBBT%2BiVVzouRrmgWOxd11i5oOdlQw%2BnwPyWI5muMtGSMXuogR2MHvwZX"}],"group":"cf-nel","max_age":604800}', 'NEL': '{"success_fraction":0,"report_to":"cf-nel","max_age":604800}', 'Server': 'cloudflare', 'CF-RAY': '88e8e18469fe86f4-IAD', 'alt-svc': 'h3=":443"; ma=86400'} 
 body={"results":[{"gender":"male","name":{"title":"Mr","first":"André","last":"Alves"},"location":{"street":{"number":4929,"name":"Rua Três"},"city":"Chapecó","state":"Paraná","country":"Brazil","postcode":99269,"coordinates":{"latitude":"-80.9176","longitude":"-139.4888"},"timezone":{"offset":"-1:00","description":"Azores, Cape Verde Islands"}},"email":"andre.alves@example.com","login":{"uuid":"1067e38f-9202-494c-9055-11da52dd3b4c","username":"goldenfrog185","password":"123456789","salt":"KjaiKqVw","md5":"2244b01f7a3a1b508ac18d592cd88214","sha1":"2be7d31cdb0a5099c63a415ddfe1dcb8e2a07550","sha256":"fdb85528f0b38a64e88a2180cc995a1a4f5f551d6a29762810269a802cd82e4d"},"dob":{"date":"1949-05-24T00:23:43.455Z","age":75},"registered":{"date":"2019-11-11T19:59:30.172Z","age":4},"phone":"(31) 8827-2745","cell":"(67) 1205-0988","id":{"name":"CPF","value":"879.519.123-96"},"picture":{"large":"https://randomuser.me/api/portraits/men/64.jpg","medium":"https://randomuser.me/api/portraits/med/men/64.jpg","thumbnail":"https://randomuser.me/api/portraits/thumb/men/64.jpg"},"nat":"BR"}],"info":{"seed":"a68c5dad0183f4ab","results":1,"page":1,"version":"1.4"}} 
 </msg>
<msg time="2024-06-04T15:15:53.744509" level="INFO">/opt/hostedtoolcache/Python/3.12.3/x64/lib/python3.12/site-packages/urllib3/connectionpool.py:1103: InsecureRequestWarning: Unverified HTTPS request is being made to host 'randomuser.me'. Adding certificate verification is strongly advised. See: https://urllib3.readthedocs.io/en/latest/advanced-usage.html#tls-warnings
  warnings.warn(</msg>
<msg time="2024-06-04T15:15:53.744627" level="INFO">${response} = &lt;Response [200]&gt;</msg>
<var>${response}</var>
<arg>consultarAPI</arg>
<arg>/api</arg>
<doc>Sends a GET request on a previously created HTTP Session.</doc>
<status status="PASS" start="2024-06-04T15:15:53.661493" elapsed="0.083176"/>
</kw>
<kw name="Set Variable" owner="BuiltIn">
<msg time="2024-06-04T15:15:53.745934" level="INFO">${json_data} = {'results': [{'gender': 'male', 'name': {'title': 'Mr', 'first': 'André', 'last': 'Alves'}, 'location': {'street': {'number': 4929, 'name': 'Rua Três'}, 'city': 'Chapecó', 'state': 'Paraná', 'country'...</msg>
<var>${json_data}</var>
<arg>${response.json()}</arg>
<doc>Returns the given values which can then be assigned to a variables.</doc>
<status status="PASS" start="2024-06-04T15:15:53.745310" elapsed="0.000659"/>
</kw>
<kw name="Log" owner="BuiltIn">
<msg time="2024-06-04T15:15:53.746499" level="INFO">{'results': [{'gender': 'male', 'name': {'title': 'Mr', 'first': 'André', 'last': 'Alves'}, 'location': {'street': {'number': 4929, 'name': 'Rua Três'}, 'city': 'Chapecó', 'state': 'Paraná', 'country': 'Brazil', 'postcode': 99269, 'coordinates': {'latitude': '-80.9176', 'longitude': '-139.4888'}, 'timezone': {'offset': '-1:00', 'description': 'Azores, Cape Verde Islands'}}, 'email': 'andre.alves@example.com', 'login': {'uuid': '1067e38f-9202-494c-9055-11da52dd3b4c', 'username': 'goldenfrog185', 'password': '123456789', 'salt': 'KjaiKqVw', 'md5': '2244b01f7a3a1b508ac18d592cd88214', 'sha1': '2be7d31cdb0a5099c63a415ddfe1dcb8e2a07550', 'sha256': 'fdb85528f0b38a64e88a2180cc995a1a4f5f551d6a29762810269a802cd82e4d'}, 'dob': {'date': '1949-05-24T00:23:43.455Z', 'age': 75}, 'registered': {'date': '2019-11-11T19:59:30.172Z', 'age': 4}, 'phone': '(31) 8827-2745', 'cell': '(67) 1205-0988', 'id': {'name': 'CPF', 'value': '879.519.123-96'}, 'picture': {'large': 'https://randomuser.me/api/portraits/men/64.jpg', 'medium': 'https://randomuser.me/api/portraits/med/men/64.jpg', 'thumbnail': 'https://randomuser.me/api/portraits/thumb/men/64.jpg'}, 'nat': 'BR'}], 'info': {'seed': 'a68c5dad0183f4ab', 'results': 1, 'page': 1, 'version': '1.4'}}</msg>
<arg>${json_data}</arg>
<doc>Logs the given message with the given level.</doc>
<status status="PASS" start="2024-06-04T15:15:53.746327" elapsed="0.000262"/>
</kw>
<kw name="Should Be String" owner="String">
<arg>${json_data['results'][0]['gender']}</arg>
<doc>Fails if the given ``item`` is not a string.</doc>
<status status="PASS" start="2024-06-04T15:15:53.746902" elapsed="0.000385"/>
</kw>
<kw name="Should Match Regexp" owner="BuiltIn">
<arg>${json_data['results'][0]['email']}</arg>
<arg>^[a-zA-Z0-9._%+-]+@[a-zA-Z0-9.-]+\.[a-zA-Z]{2,}$</arg>
<doc>Fails if ``string`` does not match ``pattern`` as a regular expression.</doc>
<status status="PASS" start="2024-06-04T15:15:53.747483" elapsed="0.000666"/>
</kw>
<kw name="Should Match Regexp" owner="BuiltIn">
<arg>${json_data['results'][0]['dob']['date']}</arg>
<arg>\\d{4}-\\d{2}-\\d{2}T\\d{2}:\\d{2}:\\d{2}\\.\\d{3}Z</arg>
<doc>Fails if ``string`` does not match ``pattern`` as a regular expression.</doc>
<status status="PASS" start="2024-06-04T15:15:53.748352" elapsed="0.000492"/>
</kw>
<kw name="Should Match Regexp" owner="BuiltIn">
<arg>${json_data['results'][0]['registered']['date']}</arg>
<arg>\\d{4}-\\d{2}-\\d{2}T\\d{2}:\\d{2}:\\d{2}\\.\\d{3}Z</arg>
<doc>Fails if ``string`` does not match ``pattern`` as a regular expression.</doc>
<status status="PASS" start="2024-06-04T15:15:53.749039" elapsed="0.000370"/>
</kw>
<kw name="Should Match Regexp" owner="BuiltIn">
<arg>${json_data['results'][0]['picture']['large']}</arg>
<arg>^https?://.*\.(?:png|jpe?g|gif|bmp)$</arg>
<doc>Fails if ``string`` does not match ``pattern`` as a regular expression.</doc>
<status status="PASS" start="2024-06-04T15:15:53.749599" elapsed="0.000494"/>
</kw>
<kw name="Should Match Regexp" owner="BuiltIn">
<arg>${json_data['results'][0]['picture']['medium']}</arg>
<arg>^https?://.*\.(?:png|jpe?g|gif|bmp)$</arg>
<doc>Fails if ``string`` does not match ``pattern`` as a regular expression.</doc>
<status status="PASS" start="2024-06-04T15:15:53.750291" elapsed="0.000359"/>
</kw>
<kw name="Should Match Regexp" owner="BuiltIn">
<arg>${json_data['results'][0]['picture']['thumbnail']}</arg>
<arg>^https?://.*\.(?:png|jpe?g|gif|bmp)$</arg>
<doc>Fails if ``string`` does not match ``pattern`` as a regular expression.</doc>
<status status="PASS" start="2024-06-04T15:15:53.750846" elapsed="0.000357"/>
</kw>
<kw name="Log" owner="BuiltIn">
<msg time="2024-06-04T15:15:53.751712" level="INFO">{'large': 'https://randomuser.me/api/portraits/men/64.jpg', 'medium': 'https://randomuser.me/api/portraits/med/men/64.jpg', 'thumbnail': 'https://randomuser.me/api/portraits/thumb/men/64.jpg'}</msg>
<arg>${json_data['results'][0]['picture']}</arg>
<doc>Logs the given message with the given level.</doc>
<status status="PASS" start="2024-06-04T15:15:53.751388" elapsed="0.000366"/>
</kw>
<status status="PASS" start="2024-06-04T15:15:53.661253" elapsed="0.090765"/>
</kw>
<kw name="Teste de Tipos de Dados - Postcode" owner="random-user-service">
<kw name="GET On Session" owner="RequestsLibrary">
<msg time="2024-06-04T15:15:53.919935" level="INFO">GET Request : url=https://randomuser.me/api 
 path_url=/api 
 headers={'User-Agent': 'python-requests/2.32.3', 'Accept-Encoding': 'gzip, deflate', 'Accept': '*/*', 'Connection': 'keep-alive'} 
 body=None 
 </msg>
<msg time="2024-06-04T15:15:53.920048" level="INFO">GET Response : url=https://randomuser.me/api 
 status=200, reason=OK 
 headers={'Date': 'Tue, 04 Jun 2024 15:15:53 GMT', 'Content-Type': 'application/json; charset=utf-8', 'Transfer-Encoding': 'chunked', 'Connection': 'keep-alive', 'X-Powered-By': 'Express', 'Access-Control-Allow-Origin': '*', 'Cache-Control': 'no-cache', 'ETag': 'W/"488-zVH5uSAg7UeGQS9ICbtPpZ777QI"', 'Vary': 'Accept-Encoding', 'Content-Encoding': 'gzip', 'CF-Cache-Status': 'DYNAMIC', 'Report-To': '{"endpoints":[{"url":"https:\\/\\/a.nel.cloudflare.com\\/report\\/v4?s=84S0IEt9jlf0C%2By7WMnSOnIb3klhahjaA2BiNxdzX%2BDbtAIDKsZ3Pk0wV8DqtXwv8KDNWStm8h0u18HtodpfSdYKF5cIXoi6CzfQQd99KYOJwO4kpOR%2Bqln4hz3MoWT1"}],"group":"cf-nel","max_age":604800}', 'NEL': '{"success_fraction":0,"report_to":"cf-nel","max_age":604800}', 'Server': 'cloudflare', 'CF-RAY': '88e8e184faa086f4-IAD', 'alt-svc': 'h3=":443"; ma=86400'} 
 body={"results":[{"gender":"male","name":{"title":"Mr","first":"Theo","last":"Wright"},"location":{"street":{"number":5930,"name":"Elliot Street"},"city":"Gisborne","state":"Nelson","country":"New Zealand","postcode":12196,"coordinates":{"latitude":"54.3676","longitude":"-72.7064"},"timezone":{"offset":"-4:00","description":"Atlantic Time (Canada), Caracas, La Paz"}},"email":"theo.wright@example.com","login":{"uuid":"ef493370-d7bf-4800-a056-b197ebbadcd9","username":"goldengorilla759","password":"000001","salt":"1ER8Hbbk","md5":"4e77cd87e328153a2ac721f9f7a386ab","sha1":"2556b68c484348341706e1e2b5d39641d2e77701","sha256":"183898f031a203412d5fe32307fb09d5688125b7e8e3058f8872bb531c36ccc5"},"dob":{"date":"1948-07-06T18:23:23.603Z","age":75},"registered":{"date":"2014-07-20T18:44:46.530Z","age":9},"phone":"(877)-687-8549","cell":"(204)-463-3385","id":{"name":"","value":null},"picture":{"large":"https://randomuser.me/api/portraits/men/48.jpg","medium":"https://randomuser.me/api/portraits/med/men/48.jpg","thumbnail":"https://randomuser.me/api/portraits/thumb/men/48.jpg"},"nat":"NZ"}],"info":{"seed":"f036ae07b3f85686","results":1,"page":1,"version":"1.4"}} 
 </msg>
<msg time="2024-06-04T15:15:53.920130" level="INFO">/opt/hostedtoolcache/Python/3.12.3/x64/lib/python3.12/site-packages/urllib3/connectionpool.py:1103: InsecureRequestWarning: Unverified HTTPS request is being made to host 'randomuser.me'. Adding certificate verification is strongly advised. See: https://urllib3.readthedocs.io/en/latest/advanced-usage.html#tls-warnings
  warnings.warn(</msg>
<msg time="2024-06-04T15:15:53.920280" level="INFO">${response} = &lt;Response [200]&gt;</msg>
<var>${response}</var>
<arg>consultarAPI</arg>
<arg>/api</arg>
<doc>Sends a GET request on a previously created HTTP Session.</doc>
<status status="PASS" start="2024-06-04T15:15:53.752478" elapsed="0.167850"/>
</kw>
<kw name="Set Variable" owner="BuiltIn">
<msg time="2024-06-04T15:15:53.921554" level="INFO">${json_data} = {'results': [{'gender': 'male', 'name': {'title': 'Mr', 'first': 'Theo', 'last': 'Wright'}, 'location': {'street': {'number': 5930, 'name': 'Elliot Street'}, 'city': 'Gisborne', 'state': 'Nelson', 'co...</msg>
<var>${json_data}</var>
<arg>${response.json()}</arg>
<doc>Returns the given values which can then be assigned to a variables.</doc>
<status status="PASS" start="2024-06-04T15:15:53.920986" elapsed="0.000597"/>
</kw>
<kw name="Log" owner="BuiltIn">
<msg time="2024-06-04T15:15:53.922096" level="INFO">{'results': [{'gender': 'male', 'name': {'title': 'Mr', 'first': 'Theo', 'last': 'Wright'}, 'location': {'street': {'number': 5930, 'name': 'Elliot Street'}, 'city': 'Gisborne', 'state': 'Nelson', 'country': 'New Zealand', 'postcode': 12196, 'coordinates': {'latitude': '54.3676', 'longitude': '-72.7064'}, 'timezone': {'offset': '-4:00', 'description': 'Atlantic Time (Canada), Caracas, La Paz'}}, 'email': 'theo.wright@example.com', 'login': {'uuid': 'ef493370-d7bf-4800-a056-b197ebbadcd9', 'username': 'goldengorilla759', 'password': '000001', 'salt': '1ER8Hbbk', 'md5': '4e77cd87e328153a2ac721f9f7a386ab', 'sha1': '2556b68c484348341706e1e2b5d39641d2e77701', 'sha256': '183898f031a203412d5fe32307fb09d5688125b7e8e3058f8872bb531c36ccc5'}, 'dob': {'date': '1948-07-06T18:23:23.603Z', 'age': 75}, 'registered': {'date': '2014-07-20T18:44:46.530Z', 'age': 9}, 'phone': '(877)-687-8549', 'cell': '(204)-463-3385', 'id': {'name': '', 'value': None}, 'picture': {'large': 'https://randomuser.me/api/portraits/men/48.jpg', 'medium': 'https://randomuser.me/api/portraits/med/men/48.jpg', 'thumbnail': 'https://randomuser.me/api/portraits/thumb/men/48.jpg'}, 'nat': 'NZ'}], 'info': {'seed': 'f036ae07b3f85686', 'results': 1, 'page': 1, 'version': '1.4'}}</msg>
<arg>${json_data}</arg>
<doc>Logs the given message with the given level.</doc>
<status status="PASS" start="2024-06-04T15:15:53.921933" elapsed="0.000249"/>
</kw>
<kw name="Should Be Equal As Numbers" owner="BuiltIn">
<arg>${json_data['results'][0]['location']['postcode']}</arg>
<arg>${json_data['results'][0]['location']['postcode']}</arg>
<doc>Fails if objects are unequal after converting them to real numbers.</doc>
<status status="PASS" start="2024-06-04T15:15:53.922484" elapsed="0.000631"/>
</kw>
<kw name="Log" owner="BuiltIn">
<msg time="2024-06-04T15:15:53.923652" level="INFO">12196</msg>
<arg>${json_data['results'][0]['location']['postcode']}</arg>
<doc>Logs the given message with the given level.</doc>
<status status="PASS" start="2024-06-04T15:15:53.923308" elapsed="0.000385"/>
</kw>
<status status="PASS" start="2024-06-04T15:15:53.752246" elapsed="0.171704"/>
</kw>
<doc>Testa se os tipos de dados na resposta da API estão corretos.</doc>
<tag>testeTiposDados</tag>
<status status="PASS" start="2024-06-04T15:15:53.660765" elapsed="0.263356"/>
</test>
<test id="s1-s1-t5" name="Validar conteudo" line="35">
<kw name="Teste de Tipos de Conteudo" owner="random-user-service">
<kw name="GET On Session" owner="RequestsLibrary">
<msg time="2024-06-04T15:15:53.987151" level="INFO">GET Request : url=https://randomuser.me/api 
 path_url=/api 
 headers={'User-Agent': 'python-requests/2.32.3', 'Accept-Encoding': 'gzip, deflate', 'Accept': '*/*', 'Connection': 'keep-alive'} 
 body=None 
 </msg>
<msg time="2024-06-04T15:15:53.987238" level="INFO">GET Response : url=https://randomuser.me/api 
 status=200, reason=OK 
 headers={'Date': 'Tue, 04 Jun 2024 15:15:53 GMT', 'Content-Type': 'application/json; charset=utf-8', 'Transfer-Encoding': 'chunked', 'Connection': 'keep-alive', 'X-Powered-By': 'Express', 'Access-Control-Allow-Origin': '*', 'Cache-Control': 'no-cache', 'ETag': 'W/"4c2-h+FQmtAwaiQgYYEKCd1oCVVOiFI"', 'Vary': 'Accept-Encoding', 'Content-Encoding': 'gzip', 'CF-Cache-Status': 'DYNAMIC', 'Report-To': '{"endpoints":[{"url":"https:\\/\\/a.nel.cloudflare.com\\/report\\/v4?s=H84eUoCFamJBtaPE7u9LgIAGHNAkfU0UNqQBLqQ9wlESvcJutAwIOETLW0rLPCb96voyxaTrzRXxjwq6nDAz%2FIg1GkKGixYjgP%2FEdUQ7rd%2Fm8Zp%2Bz3bmIwuqIAIODmzo"}],"group":"cf-nel","max_age":604800}', 'NEL': '{"success_fraction":0,"report_to":"cf-nel","max_age":604800}', 'Server': 'cloudflare', 'CF-RAY': '88e8e1861c0086f4-IAD', 'alt-svc': 'h3=":443"; ma=86400'} 
 body={"results":[{"gender":"female","name":{"title":"Mrs","first":"Mocinha","last":"Caldeira"},"location":{"street":{"number":7618,"name":"Rua Dezenove de Outubro"},"city":"Santa Bárbara D'Oeste","state":"Tocantins","country":"Brazil","postcode":82424,"coordinates":{"latitude":"-77.3893","longitude":"37.2268"},"timezone":{"offset":"0:00","description":"Western Europe Time, London, Lisbon, Casablanca"}},"email":"mocinha.caldeira@example.com","login":{"uuid":"b197c3cf-c039-4669-b4e4-a82b77693b6c","username":"crazymouse592","password":"thor","salt":"dpKAzL0s","md5":"1f1ae04b00709c05d9916046f1f261c0","sha1":"c205fd9f28b7d90257024f4b7ae71c941501a04a","sha256":"d9ab04871f106bedbb307ee2102a1fe11487b9aa489500fb592a2f2937c8c9a2"},"dob":{"date":"1954-04-06T18:33:22.049Z","age":70},"registered":{"date":"2017-01-12T12:07:20.087Z","age":7},"phone":"(44) 5273-7610","cell":"(62) 9788-9557","id":{"name":"CPF","value":"952.806.255-23"},"picture":{"large":"https://randomuser.me/api/portraits/women/46.jpg","medium":"https://randomuser.me/api/portraits/med/women/46.jpg","thumbnail":"https://randomuser.me/api/portraits/thumb/women/46.jpg"},"nat":"BR"}],"info":{"seed":"f3e01c18dfdab57b","results":1,"page":1,"version":"1.4"}} 
 </msg>
<msg time="2024-06-04T15:15:53.987309" level="INFO">/opt/hostedtoolcache/Python/3.12.3/x64/lib/python3.12/site-packages/urllib3/connectionpool.py:1103: InsecureRequestWarning: Unverified HTTPS request is being made to host 'randomuser.me'. Adding certificate verification is strongly advised. See: https://urllib3.readthedocs.io/en/latest/advanced-usage.html#tls-warnings
  warnings.warn(</msg>
<msg time="2024-06-04T15:15:53.987425" level="INFO">${response} = &lt;Response [200]&gt;</msg>
<var>${response}</var>
<arg>consultarAPI</arg>
<arg>/api</arg>
<doc>Sends a GET request on a previously created HTTP Session.</doc>
<status status="PASS" start="2024-06-04T15:15:53.926656" elapsed="0.060809"/>
</kw>
<kw name="Set Variable" owner="BuiltIn">
<msg time="2024-06-04T15:15:53.988681" level="INFO">${json_data} = {'results': [{'gender': 'female', 'name': {'title': 'Mrs', 'first': 'Mocinha', 'last': 'Caldeira'}, 'location': {'street': {'number': 7618, 'name': 'Rua Dezenove de Outubro'}, 'city': "Santa Bárbara D...</msg>
<var>${json_data}</var>
<arg>${response.json()}</arg>
<doc>Returns the given values which can then be assigned to a variables.</doc>
<status status="PASS" start="2024-06-04T15:15:53.988067" elapsed="0.000644"/>
</kw>
<kw name="Set Variable" owner="BuiltIn">
<msg time="2024-06-04T15:15:53.989399" level="INFO">${name_title} = Mrs</msg>
<var>${name_title}</var>
<arg>${json_data["results"][0]["name"]["title"]}</arg>
<doc>Returns the given values which can then be assigned to a variables.</doc>
<status status="PASS" start="2024-06-04T15:15:53.989019" elapsed="0.000405"/>
</kw>
<kw name="Create List" owner="BuiltIn">
<msg time="2024-06-04T15:15:53.989904" level="INFO">${allowed_titles} = ['Mr', 'Ms', 'Miss', 'Mrs', 'Madame', 'Monsieur']</msg>
<var>${allowed_titles}</var>
<arg>Mr</arg>
<arg>Ms</arg>
<arg>Miss</arg>
<arg>Mrs</arg>
<arg>Madame</arg>
<arg>Monsieur</arg>
<doc>Returns a list containing given items.</doc>
<status status="PASS" start="2024-06-04T15:15:53.989725" elapsed="0.000209"/>
</kw>
<kw name="List Should Contain Value" owner="Collections">
<msg time="2024-06-04T15:15:53.990426" level="INFO">False</msg>
<arg>${allowed_titles}</arg>
<arg>${name_title}</arg>
<doc>Fails if the ``value`` is not found from ``list``.</doc>
<status status="PASS" start="2024-06-04T15:15:53.990247" elapsed="0.000216"/>
</kw>
<kw name="Set Variable" owner="BuiltIn">
<msg time="2024-06-04T15:15:53.991313" level="INFO">${name_country} = BR</msg>
<var>${name_country}</var>
<arg>${json_data["results"][0]["nat"]}</arg>
<doc>Returns the given values which can then be assigned to a variables.</doc>
<status status="PASS" start="2024-06-04T15:15:53.990759" elapsed="0.000579"/>
</kw>
<kw name="Create List" owner="BuiltIn">
<msg time="2024-06-04T15:15:53.992239" level="INFO">${list_country} = ['AD', 'AE', 'AF', 'AG', 'AI', 'AL', 'AM', 'AO', 'AQ', 'AR', 'AS', 'AT', 'AU', 'AW', 'AX', 'AZ', 'BA', 'BB', 'BD', 'BE', 'BF', 'BG', 'BH', 'BI', 'BJ', 'BL', 'BM', 'BN', 'BO', 'BQ', 'BR', 'BS', 'BT', '...</msg>
<var>${list_country}</var>
<arg>AD</arg>
<arg>AE</arg>
<arg>AF</arg>
<arg>AG</arg>
<arg>AI</arg>
<arg>AL</arg>
<arg>AM</arg>
<arg>AO</arg>
<arg>AQ</arg>
<arg>AR</arg>
<arg>AS</arg>
<arg>AT</arg>
<arg>AU</arg>
<arg>AW</arg>
<arg>AX</arg>
<arg>AZ</arg>
<arg>BA</arg>
<arg>BB</arg>
<arg>BD</arg>
<arg>BE</arg>
<arg>BF</arg>
<arg>BG</arg>
<arg>BH</arg>
<arg>BI</arg>
<arg>BJ</arg>
<arg>BL</arg>
<arg>BM</arg>
<arg>BN</arg>
<arg>BO</arg>
<arg>BQ</arg>
<arg>BR</arg>
<arg>BS</arg>
<arg>BT</arg>
<arg>BV</arg>
<arg>BW</arg>
<arg>BY</arg>
<arg>BZ</arg>
<arg>CA</arg>
<arg>CC</arg>
<arg>CD</arg>
<arg>CF</arg>
<arg>CG</arg>
<arg>CH</arg>
<arg>CI</arg>
<arg>CK</arg>
<arg>CL</arg>
<arg>CM</arg>
<arg>CN</arg>
<arg>CO</arg>
<arg>CR</arg>
<arg>CU</arg>
<arg>CV</arg>
<arg>CW</arg>
<arg>CX</arg>
<arg>CY</arg>
<arg>CZ</arg>
<arg>DE</arg>
<arg>DJ</arg>
<arg>DK</arg>
<arg>DM</arg>
<arg>DO</arg>
<arg>DZ</arg>
<arg>EC</arg>
<arg>EE</arg>
<arg>EG</arg>
<arg>EH</arg>
<arg>ER</arg>
<arg>ES</arg>
<arg>ET</arg>
<arg>FI</arg>
<arg>FJ</arg>
<arg>FK</arg>
<arg>FM</arg>
<arg>FO</arg>
<arg>FR</arg>
<arg>GA</arg>
<arg>GB</arg>
<arg>GD</arg>
<arg>GE</arg>
<arg>GF</arg>
<arg>GG</arg>
<arg>GH</arg>
<arg>GI</arg>
<arg>GL</arg>
<arg>GM</arg>
<arg>GN</arg>
<arg>GP</arg>
<arg>GQ</arg>
<arg>GR</arg>
<arg>GS</arg>
<arg>GT</arg>
<arg>GU</arg>
<arg>GW</arg>
<arg>GY</arg>
<arg>HK</arg>
<arg>HM</arg>
<arg>HN</arg>
<arg>HR</arg>
<arg>HT</arg>
<arg>HU</arg>
<arg>ID</arg>
<arg>IE</arg>
<arg>IL</arg>
<arg>IM</arg>
<arg>IN</arg>
<arg>IO</arg>
<arg>IQ</arg>
<arg>IR</arg>
<arg>IS</arg>
<arg>IT</arg>
<arg>JE</arg>
<arg>JM</arg>
<arg>JO</arg>
<arg>JP</arg>
<arg>KE</arg>
<arg>KG</arg>
<arg>KH</arg>
<arg>KI</arg>
<arg>KM</arg>
<arg>KN</arg>
<arg>KP</arg>
<arg>KR</arg>
<arg>KW</arg>
<arg>KY</arg>
<arg>KZ</arg>
<arg>LA</arg>
<arg>LB</arg>
<arg>LC</arg>
<arg>LI</arg>
<arg>LK</arg>
<arg>LR</arg>
<arg>LS</arg>
<arg>LT</arg>
<arg>LU</arg>
<arg>LV</arg>
<arg>LY</arg>
<arg>MA</arg>
<arg>MC</arg>
<arg>MD</arg>
<arg>ME</arg>
<arg>MF</arg>
<arg>MG</arg>
<arg>MH</arg>
<arg>MK</arg>
<arg>ML</arg>
<arg>MM</arg>
<arg>MN</arg>
<arg>MO</arg>
<arg>MP</arg>
<arg>MQ</arg>
<arg>MR</arg>
<arg>MS</arg>
<arg>MT</arg>
<arg>MU</arg>
<arg>MV</arg>
<arg>MW</arg>
<arg>MX</arg>
<arg>MY</arg>
<arg>MZ</arg>
<arg>NA</arg>
<arg>NC</arg>
<arg>NE</arg>
<arg>NF</arg>
<arg>NG</arg>
<arg>NI</arg>
<arg>NL</arg>
<arg>NO</arg>
<arg>NP</arg>
<arg>NR</arg>
<arg>NU</arg>
<arg>NZ</arg>
<arg>OM</arg>
<arg>PA</arg>
<arg>PE</arg>
<arg>PF</arg>
<arg>PG</arg>
<arg>PH</arg>
<arg>PK</arg>
<arg>PL</arg>
<arg>PM</arg>
<arg>PN</arg>
<arg>PR</arg>
<arg>PS</arg>
<arg>PT</arg>
<arg>PW</arg>
<arg>PY</arg>
<arg>QA</arg>
<arg>RE</arg>
<arg>RO</arg>
<arg>RS</arg>
<arg>RU</arg>
<arg>RW</arg>
<arg>SA</arg>
<arg>SB</arg>
<arg>SC</arg>
<arg>SD</arg>
<arg>SE</arg>
<arg>SG</arg>
<arg>SH</arg>
<arg>SI</arg>
<arg>SJ</arg>
<arg>SK</arg>
<arg>SL</arg>
<arg>SM</arg>
<arg>SN</arg>
<arg>SO</arg>
<arg>SR</arg>
<arg>SS</arg>
<arg>ST</arg>
<arg>SV</arg>
<arg>SX</arg>
<arg>SY</arg>
<arg>SZ</arg>
<arg>TC</arg>
<arg>TD</arg>
<arg>TF</arg>
<arg>TG</arg>
<arg>TH</arg>
<arg>TJ</arg>
<arg>TK</arg>
<arg>TL</arg>
<arg>TM</arg>
<arg>TN</arg>
<arg>TO</arg>
<arg>TR</arg>
<arg>TT</arg>
<arg>TV</arg>
<arg>TW</arg>
<arg>TZ</arg>
<arg>UA</arg>
<arg>UG</arg>
<arg>UM</arg>
<arg>US</arg>
<arg>UY</arg>
<arg>UZ</arg>
<arg>VA</arg>
<arg>VC</arg>
<arg>VE</arg>
<arg>VG</arg>
<arg>VI</arg>
<arg>VN</arg>
<arg>VU</arg>
<arg>WF</arg>
<arg>WS</arg>
<arg>XK</arg>
<arg>YE</arg>
<arg>YT</arg>
<arg>ZA</arg>
<arg>ZM</arg>
<arg>ZW</arg>
<doc>Returns a list containing given items.</doc>
<status status="PASS" start="2024-06-04T15:15:53.991646" elapsed="0.000617"/>
</kw>
<kw name="List Should Contain Value" owner="Collections">
<msg time="2024-06-04T15:15:53.993251" level="INFO">False</msg>
<arg>${list_country}</arg>
<arg>${name_country}</arg>
<doc>Fails if the ``value`` is not found from ``list``.</doc>
<status status="PASS" start="2024-06-04T15:15:53.993048" elapsed="0.000239"/>
</kw>
<kw name="Run Keyword If" owner="BuiltIn">
<kw name="Should Be True" owner="BuiltIn">
<arg>${True}</arg>
<doc>Fails if the given condition is not true.</doc>
<status status="PASS" start="2024-06-04T15:15:53.994386" elapsed="0.000145"/>
</kw>
<arg>${json_data["results"][0]["location"]["coordinates"]["latitude"]} &gt;= -90 and ${json_data["results"][0]["location"]["coordinates"]["latitude"]} &lt;= 90</arg>
<arg>Should Be True</arg>
<arg>${True}</arg>
<doc>Runs the given keyword with the given arguments, if ``condition`` is true.</doc>
<status status="PASS" start="2024-06-04T15:15:53.993599" elapsed="0.001059"/>
</kw>
<kw name="Run Keyword If" owner="BuiltIn">
<kw name="Should Be True" owner="BuiltIn">
<arg>${True}</arg>
<doc>Fails if the given condition is not true.</doc>
<status status="PASS" start="2024-06-04T15:15:53.995538" elapsed="0.000136"/>
</kw>
<arg>${json_data["results"][0]["location"]["coordinates"]["longitude"]} &gt;= -180 and ${json_data["results"][0]["location"]["coordinates"]["longitude"]} &lt;= 180</arg>
<arg>Should Be True</arg>
<arg>${True}</arg>
<doc>Runs the given keyword with the given arguments, if ``condition`` is true.</doc>
<status status="PASS" start="2024-06-04T15:15:53.994849" elapsed="0.000948"/>
</kw>
<status status="PASS" start="2024-06-04T15:15:53.926419" elapsed="0.069509"/>
</kw>
<doc>Testa o conteúdo específico dos campos retornados pela API.</doc>
<tag>testeConteudo</tag>
<status status="PASS" start="2024-06-04T15:15:53.925864" elapsed="0.070214"/>
</test>
<status status="PASS" start="2024-06-04T15:15:53.012989" elapsed="0.985095"/>
</suite>
<status status="PASS" start="2024-06-04T15:15:52.999039" elapsed="1.004245"/>
</suite>
<statistics>
<total>
<stat pass="5" fail="0" skip="0">All Tests</stat>
</total>
<tag>
<stat pass="1" fail="0" skip="0">testeConteudo</stat>
<stat pass="1" fail="0" skip="0">testeEstruturaResposta</stat>
<stat pass="1" fail="0" skip="0">testeRequisicaoBasica</stat>
<stat pass="1" fail="0" skip="0">testeTiposDados</stat>
</tag>
<suite>
<stat pass="5" fail="0" skip="0" id="s1" name="Tests">Tests</stat>
<stat pass="5" fail="0" skip="0" id="s1-s1" name="Random-User-Test">Tests.Random-User-Test</stat>
</suite>
</statistics>
<errors>
</errors>
</robot>
