<?xml version="1.0" encoding="UTF-8"?>
<robot generator="Robot 7.0.1 (Python 3.12.3 on linux)" generated="2024-06-13T15:16:26.107915" rpa="false" schemaversion="5">
<suite id="s1" name="Tests" source="/home/runner/work/ApiRandomUser/ApiRandomUser/RamdonUser/tests">
<suite id="s1-s1" name="Random-User-Test" source="/home/runner/work/ApiRandomUser/ApiRandomUser/RamdonUser/tests/random-user-test.robot">
<test id="s1-s1-t1" name="Conectar" line="13">
<kw name="Conectar API" owner="random-user-service">
<kw name="Create Session" owner="RequestsLibrary">
<msg time="2024-06-13T15:16:26.499693" level="INFO">Creating Session using : alias=consultarAPI, url=https://randomuser.me/, headers={},                     cookies={}, auth=None, timeout=None, proxies=None, verify=False,                     debug=0 </msg>
<arg>consultarAPI</arg>
<arg>${URL}</arg>
<doc>Create Session: create a HTTP session to a server</doc>
<status status="PASS" start="2024-06-13T15:16:26.499484" elapsed="0.000401"/>
</kw>
<status status="PASS" start="2024-06-13T15:16:26.498376" elapsed="0.001881"/>
</kw>
<status status="PASS" start="2024-06-13T15:16:26.497766" elapsed="0.002686"/>
</test>
<test id="s1-s1-t2" name="Validar retorno 200 e JSON Válido" line="16">
<kw name="Teste de Requisicao Basica" owner="random-user-service">
<kw name="GET On Session" owner="RequestsLibrary">
<msg time="2024-06-13T15:16:26.634382" level="INFO">GET Request : url=https://randomuser.me/api 
 path_url=/api 
 headers={'User-Agent': 'python-requests/2.32.3', 'Accept-Encoding': 'gzip, deflate', 'Accept': '*/*', 'Connection': 'keep-alive'} 
 body=None 
 </msg>
<msg time="2024-06-13T15:16:26.634530" level="INFO">GET Response : url=https://randomuser.me/api 
 status=200, reason=OK 
 headers={'Date': 'Thu, 13 Jun 2024 15:16:26 GMT', 'Content-Type': 'application/json; charset=utf-8', 'Transfer-Encoding': 'chunked', 'Connection': 'keep-alive', 'X-Powered-By': 'Express', 'Access-Control-Allow-Origin': '*', 'Cache-Control': 'no-cache', 'ETag': 'W/"46e-E0bZXS/BzvQla0e/ZMX6YC2GcB0"', 'Vary': 'Accept-Encoding', 'Content-Encoding': 'gzip', 'CF-Cache-Status': 'DYNAMIC', 'Report-To': '{"endpoints":[{"url":"https:\\/\\/a.nel.cloudflare.com\\/report\\/v4?s=YahDdXbcTLjoOP8YUvsPWb78nyK5i5KmYjLgQlcwJd%2FLaMiLu4XYAavUBOpeeO1nCRG8qPGVvjEfZ6IRht2YahcVwQOC7T2idGniD7Q%2BJG7u%2FzpmnigyGddXwU2QefU5"}],"group":"cf-nel","max_age":604800}', 'NEL': '{"success_fraction":0,"report_to":"cf-nel","max_age":604800}', 'Server': 'cloudflare', 'CF-RAY': '89330ab20b8ae26f-ORD', 'alt-svc': 'h3=":443"; ma=86400'} 
 body={"results":[{"gender":"male","name":{"title":"Mr","first":"Gard","last":"Sørdal"},"location":{"street":{"number":1979,"name":"Haslevangen"},"city":"Blæstadgrenda","state":"Trøndelag","country":"Norway","postcode":"2867","coordinates":{"latitude":"46.7379","longitude":"-137.4901"},"timezone":{"offset":"-2:00","description":"Mid-Atlantic"}},"email":"gard.sordal@example.com","login":{"uuid":"5d6350d6-9174-46b7-a5bf-6e9de8e0fbd7","username":"redzebra488","password":"forest","salt":"IgDsAUBz","md5":"82215a64781586f73401bd19ef638953","sha1":"f91c7c4044df07774d8fb7a6b78975bb603470ef","sha256":"d224f1795c1dbc8d757306c2f7541630cd84c4ab4759362d66060eece2b270f2"},"dob":{"date":"1995-12-03T14:14:53.879Z","age":28},"registered":{"date":"2014-03-13T19:17:51.055Z","age":10},"phone":"85909784","cell":"96461324","id":{"name":"FN","value":"03129512562"},"picture":{"large":"https://randomuser.me/api/portraits/men/83.jpg","medium":"https://randomuser.me/api/portraits/med/men/83.jpg","thumbnail":"https://randomuser.me/api/portraits/thumb/men/83.jpg"},"nat":"NO"}],"info":{"seed":"50d3ef89ccdc50fd","results":1,"page":1,"version":"1.4"}} 
 </msg>
<msg time="2024-06-13T15:16:26.634615" level="INFO">/opt/hostedtoolcache/Python/3.12.3/x64/lib/python3.12/site-packages/urllib3/connectionpool.py:1103: InsecureRequestWarning: Unverified HTTPS request is being made to host 'randomuser.me'. Adding certificate verification is strongly advised. See: https://urllib3.readthedocs.io/en/latest/advanced-usage.html#tls-warnings
  warnings.warn(</msg>
<msg time="2024-06-13T15:16:26.634773" level="INFO">${response} = &lt;Response [200]&gt;</msg>
<var>${response}</var>
<arg>consultarAPI</arg>
<arg>/api</arg>
<doc>Sends a GET request on a previously created HTTP Session.</doc>
<status status="PASS" start="2024-06-13T15:16:26.503111" elapsed="0.131695"/>
</kw>
<kw name="Should Be Equal As Numbers" owner="BuiltIn">
<msg time="2024-06-13T15:16:26.635836" level="INFO">Argument types are:
&lt;class 'int'&gt;
&lt;class 'str'&gt;</msg>
<arg>${response.status_code}</arg>
<arg>200</arg>
<doc>Fails if objects are unequal after converting them to real numbers.</doc>
<status status="PASS" start="2024-06-13T15:16:26.635335" elapsed="0.000582"/>
</kw>
<kw name="Log" owner="BuiltIn">
<msg time="2024-06-13T15:16:26.636620" level="INFO">200</msg>
<arg>${response.status_code}</arg>
<doc>Logs the given message with the given level.</doc>
<status status="PASS" start="2024-06-13T15:16:26.636270" elapsed="0.000400"/>
</kw>
<kw name="Set Variable" owner="BuiltIn">
<msg time="2024-06-13T15:16:26.637425" level="INFO">${json_data} = {'results': [{'gender': 'male', 'name': {'title': 'Mr', 'first': 'Gard', 'last': 'Sørdal'}, 'location': {'street': {'number': 1979, 'name': 'Haslevangen'}, 'city': 'Blæstadgrenda', 'state': 'Trøndelag...</msg>
<var>${json_data}</var>
<arg>${response.json()}</arg>
<doc>Returns the given values which can then be assigned to a variables.</doc>
<status status="PASS" start="2024-06-13T15:16:26.636983" elapsed="0.000474"/>
</kw>
<kw name="Dictionary Should Contain Key" owner="Collections">
<arg>${json_data}</arg>
<arg>results</arg>
<doc>Fails if ``key`` is not found from ``dictionary``.</doc>
<status status="PASS" start="2024-06-13T15:16:26.637769" elapsed="0.000169"/>
</kw>
<status status="PASS" start="2024-06-13T15:16:26.502840" elapsed="0.135253"/>
</kw>
<doc>Testa se a API responde corretamente e retorna um objeto JSON válido.</doc>
<tag>testeRequisicaoBasica</tag>
<status status="PASS" start="2024-06-13T15:16:26.502307" elapsed="0.135963"/>
</test>
<test id="s1-s1-t3" name="Validar estrutura de resposta" line="22">
<kw name="Teste de Estrutura de Resposta" owner="random-user-service">
<kw name="GET On Session" owner="RequestsLibrary">
<msg time="2024-06-13T15:16:26.780095" level="INFO">GET Request : url=https://randomuser.me/api 
 path_url=/api 
 headers={'User-Agent': 'python-requests/2.32.3', 'Accept-Encoding': 'gzip, deflate', 'Accept': '*/*', 'Connection': 'keep-alive'} 
 body=None 
 </msg>
<msg time="2024-06-13T15:16:26.780205" level="INFO">GET Response : url=https://randomuser.me/api 
 status=200, reason=OK 
 headers={'Date': 'Thu, 13 Jun 2024 15:16:26 GMT', 'Content-Type': 'application/json; charset=utf-8', 'Transfer-Encoding': 'chunked', 'Connection': 'keep-alive', 'X-Powered-By': 'Express', 'Access-Control-Allow-Origin': '*', 'Cache-Control': 'no-cache', 'ETag': 'W/"485-ir0DE0ygiYAXnRC3n+KGHiIcGlA"', 'Vary': 'Accept-Encoding', 'Content-Encoding': 'gzip', 'CF-Cache-Status': 'DYNAMIC', 'Report-To': '{"endpoints":[{"url":"https:\\/\\/a.nel.cloudflare.com\\/report\\/v4?s=6ZbJ8jNorMqwyRdoVjfA50NywmGrOXQ72Qe1UmLSTEkCIYLD8bWVPRydyW%2B114xXEZHCBRhu3ifZpB0cqwx7pChDUmyl15ePNghQvlCpxnUNp0m1UmBsqy3A%2FhFF%2B5yy"}],"group":"cf-nel","max_age":604800}', 'NEL': '{"success_fraction":0,"report_to":"cf-nel","max_age":604800}', 'Server': 'cloudflare', 'CF-RAY': '89330ab28c27e26f-ORD', 'alt-svc': 'h3=":443"; ma=86400'} 
 body={"results":[{"gender":"male","name":{"title":"Mr","first":"Mustafa","last":"Tazegül"},"location":{"street":{"number":9465,"name":"Istiklal Cd"},"city":"Uşak","state":"Mardin","country":"Turkey","postcode":90334,"coordinates":{"latitude":"70.0794","longitude":"-14.0341"},"timezone":{"offset":"-5:00","description":"Eastern Time (US &amp; Canada), Bogota, Lima"}},"email":"mustafa.tazegul@example.com","login":{"uuid":"ac4f7c9e-4b3e-40d0-b5ab-c4b336bb56bb","username":"redpeacock801","password":"frisky","salt":"sRn6bZbS","md5":"f89fd24edc8e935acaa51e3d130acffe","sha1":"9ca80f493949974a2b54699dbb6bbc1aed3f26dd","sha256":"cc07d4b9594574e7de2f55ec0b2a75d3ef22ec9e66da1fc1bf318b9b8bdc2d25"},"dob":{"date":"1959-05-02T07:07:50.414Z","age":65},"registered":{"date":"2016-03-18T06:35:30.583Z","age":8},"phone":"(147)-633-7738","cell":"(543)-943-9535","id":{"name":"","value":null},"picture":{"large":"https://randomuser.me/api/portraits/men/20.jpg","medium":"https://randomuser.me/api/portraits/med/men/20.jpg","thumbnail":"https://randomuser.me/api/portraits/thumb/men/20.jpg"},"nat":"TR"}],"info":{"seed":"d096c57003120a1f","results":1,"page":1,"version":"1.4"}} 
 </msg>
<msg time="2024-06-13T15:16:26.780385" level="INFO">/opt/hostedtoolcache/Python/3.12.3/x64/lib/python3.12/site-packages/urllib3/connectionpool.py:1103: InsecureRequestWarning: Unverified HTTPS request is being made to host 'randomuser.me'. Adding certificate verification is strongly advised. See: https://urllib3.readthedocs.io/en/latest/advanced-usage.html#tls-warnings
  warnings.warn(</msg>
<msg time="2024-06-13T15:16:26.780537" level="INFO">${response} = &lt;Response [200]&gt;</msg>
<var>${response}</var>
<arg>consultarAPI</arg>
<arg>/api</arg>
<doc>Sends a GET request on a previously created HTTP Session.</doc>
<status status="PASS" start="2024-06-13T15:16:26.641068" elapsed="0.139512"/>
</kw>
<kw name="Set Variable" owner="BuiltIn">
<msg time="2024-06-13T15:16:26.781599" level="INFO">${json_data} = {'results': [{'gender': 'male', 'name': {'title': 'Mr', 'first': 'Mustafa', 'last': 'Tazegül'}, 'location': {'street': {'number': 9465, 'name': 'Istiklal Cd'}, 'city': 'Uşak', 'state': 'Mardin', 'coun...</msg>
<var>${json_data}</var>
<arg>${response.json()}</arg>
<doc>Returns the given values which can then be assigned to a variables.</doc>
<status status="PASS" start="2024-06-13T15:16:26.781070" elapsed="0.000559"/>
</kw>
<kw name="Log" owner="BuiltIn">
<msg time="2024-06-13T15:16:26.782141" level="INFO">{'results': [{'gender': 'male', 'name': {'title': 'Mr', 'first': 'Mustafa', 'last': 'Tazegül'}, 'location': {'street': {'number': 9465, 'name': 'Istiklal Cd'}, 'city': 'Uşak', 'state': 'Mardin', 'country': 'Turkey', 'postcode': 90334, 'coordinates': {'latitude': '70.0794', 'longitude': '-14.0341'}, 'timezone': {'offset': '-5:00', 'description': 'Eastern Time (US &amp; Canada), Bogota, Lima'}}, 'email': 'mustafa.tazegul@example.com', 'login': {'uuid': 'ac4f7c9e-4b3e-40d0-b5ab-c4b336bb56bb', 'username': 'redpeacock801', 'password': 'frisky', 'salt': 'sRn6bZbS', 'md5': 'f89fd24edc8e935acaa51e3d130acffe', 'sha1': '9ca80f493949974a2b54699dbb6bbc1aed3f26dd', 'sha256': 'cc07d4b9594574e7de2f55ec0b2a75d3ef22ec9e66da1fc1bf318b9b8bdc2d25'}, 'dob': {'date': '1959-05-02T07:07:50.414Z', 'age': 65}, 'registered': {'date': '2016-03-18T06:35:30.583Z', 'age': 8}, 'phone': '(147)-633-7738', 'cell': '(543)-943-9535', 'id': {'name': '', 'value': None}, 'picture': {'large': 'https://randomuser.me/api/portraits/men/20.jpg', 'medium': 'https://randomuser.me/api/portraits/med/men/20.jpg', 'thumbnail': 'https://randomuser.me/api/portraits/thumb/men/20.jpg'}, 'nat': 'TR'}], 'info': {'seed': 'd096c57003120a1f', 'results': 1, 'page': 1, 'version': '1.4'}}</msg>
<arg>${json_data}</arg>
<doc>Logs the given message with the given level.</doc>
<status status="PASS" start="2024-06-13T15:16:26.781969" elapsed="0.000224"/>
</kw>
<kw name="Dictionary Should Contain Key" owner="Collections">
<arg>${json_data}</arg>
<arg>results</arg>
<doc>Fails if ``key`` is not found from ``dictionary``.</doc>
<status status="PASS" start="2024-06-13T15:16:26.782491" elapsed="0.000158"/>
</kw>
<kw name="Should Not Be Empty" owner="BuiltIn">
<msg time="2024-06-13T15:16:26.783010" level="INFO">Length is 2.</msg>
<arg>${json_data}</arg>
<doc>Verifies that the given item is not empty.</doc>
<status status="PASS" start="2024-06-13T15:16:26.782835" elapsed="0.000218"/>
</kw>
<kw name="Create List" owner="BuiltIn">
<msg time="2024-06-13T15:16:26.783503" level="INFO">${expected_keys} = ['gender', 'name', 'location', 'email', 'login']</msg>
<var>${expected_keys}</var>
<arg>gender</arg>
<arg>name</arg>
<arg>location</arg>
<arg>email</arg>
<arg>login</arg>
<doc>Returns a list containing given items.</doc>
<status status="PASS" start="2024-06-13T15:16:26.783351" elapsed="0.000176"/>
</kw>
<for flavor="IN">
<iter>
<kw name="Dictionary Should Contain Key" owner="Collections">
<arg>${json_data['results'][0]}</arg>
<arg>${key}</arg>
<doc>Fails if ``key`` is not found from ``dictionary``.</doc>
<status status="PASS" start="2024-06-13T15:16:26.784118" elapsed="0.000415"/>
</kw>
<kw name="Log" owner="BuiltIn">
<msg time="2024-06-13T15:16:26.785094" level="INFO">{'gender': 'male', 'name': {'title': 'Mr', 'first': 'Mustafa', 'last': 'Tazegül'}, 'location': {'street': {'number': 9465, 'name': 'Istiklal Cd'}, 'city': 'Uşak', 'state': 'Mardin', 'country': 'Turkey', 'postcode': 90334, 'coordinates': {'latitude': '70.0794', 'longitude': '-14.0341'}, 'timezone': {'offset': '-5:00', 'description': 'Eastern Time (US &amp; Canada), Bogota, Lima'}}, 'email': 'mustafa.tazegul@example.com', 'login': {'uuid': 'ac4f7c9e-4b3e-40d0-b5ab-c4b336bb56bb', 'username': 'redpeacock801', 'password': 'frisky', 'salt': 'sRn6bZbS', 'md5': 'f89fd24edc8e935acaa51e3d130acffe', 'sha1': '9ca80f493949974a2b54699dbb6bbc1aed3f26dd', 'sha256': 'cc07d4b9594574e7de2f55ec0b2a75d3ef22ec9e66da1fc1bf318b9b8bdc2d25'}, 'dob': {'date': '1959-05-02T07:07:50.414Z', 'age': 65}, 'registered': {'date': '2016-03-18T06:35:30.583Z', 'age': 8}, 'phone': '(147)-633-7738', 'cell': '(543)-943-9535', 'id': {'name': '', 'value': None}, 'picture': {'large': 'https://randomuser.me/api/portraits/men/20.jpg', 'medium': 'https://randomuser.me/api/portraits/med/men/20.jpg', 'thumbnail': 'https://randomuser.me/api/portraits/thumb/men/20.jpg'}, 'nat': 'TR'}</msg>
<arg>${json_data['results'][0]}</arg>
<doc>Logs the given message with the given level.</doc>
<status status="PASS" start="2024-06-13T15:16:26.784727" elapsed="0.000422"/>
</kw>
<kw name="Log" owner="BuiltIn">
<msg time="2024-06-13T15:16:26.785583" level="INFO">gender</msg>
<arg>${key}</arg>
<doc>Logs the given message with the given level.</doc>
<status status="PASS" start="2024-06-13T15:16:26.785451" elapsed="0.000171"/>
</kw>
<var name="${key}">gender</var>
<status status="PASS" start="2024-06-13T15:16:26.783992" elapsed="0.001856"/>
</iter>
<iter>
<kw name="Dictionary Should Contain Key" owner="Collections">
<arg>${json_data['results'][0]}</arg>
<arg>${key}</arg>
<doc>Fails if ``key`` is not found from ``dictionary``.</doc>
<status status="PASS" start="2024-06-13T15:16:26.786152" elapsed="0.000400"/>
</kw>
<kw name="Log" owner="BuiltIn">
<msg time="2024-06-13T15:16:26.787115" level="INFO">{'gender': 'male', 'name': {'title': 'Mr', 'first': 'Mustafa', 'last': 'Tazegül'}, 'location': {'street': {'number': 9465, 'name': 'Istiklal Cd'}, 'city': 'Uşak', 'state': 'Mardin', 'country': 'Turkey', 'postcode': 90334, 'coordinates': {'latitude': '70.0794', 'longitude': '-14.0341'}, 'timezone': {'offset': '-5:00', 'description': 'Eastern Time (US &amp; Canada), Bogota, Lima'}}, 'email': 'mustafa.tazegul@example.com', 'login': {'uuid': 'ac4f7c9e-4b3e-40d0-b5ab-c4b336bb56bb', 'username': 'redpeacock801', 'password': 'frisky', 'salt': 'sRn6bZbS', 'md5': 'f89fd24edc8e935acaa51e3d130acffe', 'sha1': '9ca80f493949974a2b54699dbb6bbc1aed3f26dd', 'sha256': 'cc07d4b9594574e7de2f55ec0b2a75d3ef22ec9e66da1fc1bf318b9b8bdc2d25'}, 'dob': {'date': '1959-05-02T07:07:50.414Z', 'age': 65}, 'registered': {'date': '2016-03-18T06:35:30.583Z', 'age': 8}, 'phone': '(147)-633-7738', 'cell': '(543)-943-9535', 'id': {'name': '', 'value': None}, 'picture': {'large': 'https://randomuser.me/api/portraits/men/20.jpg', 'medium': 'https://randomuser.me/api/portraits/med/men/20.jpg', 'thumbnail': 'https://randomuser.me/api/portraits/thumb/men/20.jpg'}, 'nat': 'TR'}</msg>
<arg>${json_data['results'][0]}</arg>
<doc>Logs the given message with the given level.</doc>
<status status="PASS" start="2024-06-13T15:16:26.786739" elapsed="0.000461"/>
</kw>
<kw name="Log" owner="BuiltIn">
<msg time="2024-06-13T15:16:26.787644" level="INFO">name</msg>
<arg>${key}</arg>
<doc>Logs the given message with the given level.</doc>
<status status="PASS" start="2024-06-13T15:16:26.787508" elapsed="0.000176"/>
</kw>
<var name="${key}">name</var>
<status status="PASS" start="2024-06-13T15:16:26.786037" elapsed="0.001865"/>
</iter>
<iter>
<kw name="Dictionary Should Contain Key" owner="Collections">
<arg>${json_data['results'][0]}</arg>
<arg>${key}</arg>
<doc>Fails if ``key`` is not found from ``dictionary``.</doc>
<status status="PASS" start="2024-06-13T15:16:26.788191" elapsed="0.000383"/>
</kw>
<kw name="Log" owner="BuiltIn">
<msg time="2024-06-13T15:16:26.789119" level="INFO">{'gender': 'male', 'name': {'title': 'Mr', 'first': 'Mustafa', 'last': 'Tazegül'}, 'location': {'street': {'number': 9465, 'name': 'Istiklal Cd'}, 'city': 'Uşak', 'state': 'Mardin', 'country': 'Turkey', 'postcode': 90334, 'coordinates': {'latitude': '70.0794', 'longitude': '-14.0341'}, 'timezone': {'offset': '-5:00', 'description': 'Eastern Time (US &amp; Canada), Bogota, Lima'}}, 'email': 'mustafa.tazegul@example.com', 'login': {'uuid': 'ac4f7c9e-4b3e-40d0-b5ab-c4b336bb56bb', 'username': 'redpeacock801', 'password': 'frisky', 'salt': 'sRn6bZbS', 'md5': 'f89fd24edc8e935acaa51e3d130acffe', 'sha1': '9ca80f493949974a2b54699dbb6bbc1aed3f26dd', 'sha256': 'cc07d4b9594574e7de2f55ec0b2a75d3ef22ec9e66da1fc1bf318b9b8bdc2d25'}, 'dob': {'date': '1959-05-02T07:07:50.414Z', 'age': 65}, 'registered': {'date': '2016-03-18T06:35:30.583Z', 'age': 8}, 'phone': '(147)-633-7738', 'cell': '(543)-943-9535', 'id': {'name': '', 'value': None}, 'picture': {'large': 'https://randomuser.me/api/portraits/men/20.jpg', 'medium': 'https://randomuser.me/api/portraits/med/men/20.jpg', 'thumbnail': 'https://randomuser.me/api/portraits/thumb/men/20.jpg'}, 'nat': 'TR'}</msg>
<arg>${json_data['results'][0]}</arg>
<doc>Logs the given message with the given level.</doc>
<status status="PASS" start="2024-06-13T15:16:26.788764" elapsed="0.000408"/>
</kw>
<kw name="Log" owner="BuiltIn">
<msg time="2024-06-13T15:16:26.789598" level="INFO">location</msg>
<arg>${key}</arg>
<doc>Logs the given message with the given level.</doc>
<status status="PASS" start="2024-06-13T15:16:26.789469" elapsed="0.000167"/>
</kw>
<var name="${key}">location</var>
<status status="PASS" start="2024-06-13T15:16:26.788081" elapsed="0.001776"/>
</iter>
<iter>
<kw name="Dictionary Should Contain Key" owner="Collections">
<arg>${json_data['results'][0]}</arg>
<arg>${key}</arg>
<doc>Fails if ``key`` is not found from ``dictionary``.</doc>
<status status="PASS" start="2024-06-13T15:16:26.790140" elapsed="0.000383"/>
</kw>
<kw name="Log" owner="BuiltIn">
<msg time="2024-06-13T15:16:26.791108" level="INFO">{'gender': 'male', 'name': {'title': 'Mr', 'first': 'Mustafa', 'last': 'Tazegül'}, 'location': {'street': {'number': 9465, 'name': 'Istiklal Cd'}, 'city': 'Uşak', 'state': 'Mardin', 'country': 'Turkey', 'postcode': 90334, 'coordinates': {'latitude': '70.0794', 'longitude': '-14.0341'}, 'timezone': {'offset': '-5:00', 'description': 'Eastern Time (US &amp; Canada), Bogota, Lima'}}, 'email': 'mustafa.tazegul@example.com', 'login': {'uuid': 'ac4f7c9e-4b3e-40d0-b5ab-c4b336bb56bb', 'username': 'redpeacock801', 'password': 'frisky', 'salt': 'sRn6bZbS', 'md5': 'f89fd24edc8e935acaa51e3d130acffe', 'sha1': '9ca80f493949974a2b54699dbb6bbc1aed3f26dd', 'sha256': 'cc07d4b9594574e7de2f55ec0b2a75d3ef22ec9e66da1fc1bf318b9b8bdc2d25'}, 'dob': {'date': '1959-05-02T07:07:50.414Z', 'age': 65}, 'registered': {'date': '2016-03-18T06:35:30.583Z', 'age': 8}, 'phone': '(147)-633-7738', 'cell': '(543)-943-9535', 'id': {'name': '', 'value': None}, 'picture': {'large': 'https://randomuser.me/api/portraits/men/20.jpg', 'medium': 'https://randomuser.me/api/portraits/med/men/20.jpg', 'thumbnail': 'https://randomuser.me/api/portraits/thumb/men/20.jpg'}, 'nat': 'TR'}</msg>
<arg>${json_data['results'][0]}</arg>
<doc>Logs the given message with the given level.</doc>
<status status="PASS" start="2024-06-13T15:16:26.790707" elapsed="0.000456"/>
</kw>
<kw name="Log" owner="BuiltIn">
<msg time="2024-06-13T15:16:26.791599" level="INFO">email</msg>
<arg>${key}</arg>
<doc>Logs the given message with the given level.</doc>
<status status="PASS" start="2024-06-13T15:16:26.791469" elapsed="0.000169"/>
</kw>
<var name="${key}">email</var>
<status status="PASS" start="2024-06-13T15:16:26.790032" elapsed="0.001822"/>
</iter>
<iter>
<kw name="Dictionary Should Contain Key" owner="Collections">
<arg>${json_data['results'][0]}</arg>
<arg>${key}</arg>
<doc>Fails if ``key`` is not found from ``dictionary``.</doc>
<status status="PASS" start="2024-06-13T15:16:26.792138" elapsed="0.000384"/>
</kw>
<kw name="Log" owner="BuiltIn">
<msg time="2024-06-13T15:16:26.793064" level="INFO">{'gender': 'male', 'name': {'title': 'Mr', 'first': 'Mustafa', 'last': 'Tazegül'}, 'location': {'street': {'number': 9465, 'name': 'Istiklal Cd'}, 'city': 'Uşak', 'state': 'Mardin', 'country': 'Turkey', 'postcode': 90334, 'coordinates': {'latitude': '70.0794', 'longitude': '-14.0341'}, 'timezone': {'offset': '-5:00', 'description': 'Eastern Time (US &amp; Canada), Bogota, Lima'}}, 'email': 'mustafa.tazegul@example.com', 'login': {'uuid': 'ac4f7c9e-4b3e-40d0-b5ab-c4b336bb56bb', 'username': 'redpeacock801', 'password': 'frisky', 'salt': 'sRn6bZbS', 'md5': 'f89fd24edc8e935acaa51e3d130acffe', 'sha1': '9ca80f493949974a2b54699dbb6bbc1aed3f26dd', 'sha256': 'cc07d4b9594574e7de2f55ec0b2a75d3ef22ec9e66da1fc1bf318b9b8bdc2d25'}, 'dob': {'date': '1959-05-02T07:07:50.414Z', 'age': 65}, 'registered': {'date': '2016-03-18T06:35:30.583Z', 'age': 8}, 'phone': '(147)-633-7738', 'cell': '(543)-943-9535', 'id': {'name': '', 'value': None}, 'picture': {'large': 'https://randomuser.me/api/portraits/men/20.jpg', 'medium': 'https://randomuser.me/api/portraits/med/men/20.jpg', 'thumbnail': 'https://randomuser.me/api/portraits/thumb/men/20.jpg'}, 'nat': 'TR'}</msg>
<arg>${json_data['results'][0]}</arg>
<doc>Logs the given message with the given level.</doc>
<status status="PASS" start="2024-06-13T15:16:26.792709" elapsed="0.000409"/>
</kw>
<kw name="Log" owner="BuiltIn">
<msg time="2024-06-13T15:16:26.793656" level="INFO">login</msg>
<arg>${key}</arg>
<doc>Logs the given message with the given level.</doc>
<status status="PASS" start="2024-06-13T15:16:26.793414" elapsed="0.000280"/>
</kw>
<var name="${key}">login</var>
<status status="PASS" start="2024-06-13T15:16:26.792028" elapsed="0.001884"/>
</iter>
<var>${key}</var>
<value>@{expected_keys}</value>
<status status="PASS" start="2024-06-13T15:16:26.783795" elapsed="0.010239"/>
</for>
<kw name="Create List" owner="BuiltIn">
<msg time="2024-06-13T15:16:26.794358" level="INFO">${expected_keysTwo} = ['username', 'password']</msg>
<var>${expected_keysTwo}</var>
<arg>username</arg>
<arg>password</arg>
<doc>Returns a list containing given items.</doc>
<status status="PASS" start="2024-06-13T15:16:26.794223" elapsed="0.000160"/>
</kw>
<for flavor="IN">
<iter>
<kw name="Dictionary Should Contain Key" owner="Collections">
<arg>${json_data['results'][0]['login']}</arg>
<arg>${keyTwo}</arg>
<doc>Fails if ``key`` is not found from ``dictionary``.</doc>
<status status="PASS" start="2024-06-13T15:16:26.794919" elapsed="0.000405"/>
</kw>
<kw name="Dictionary Should Contain Key" owner="Collections">
<arg>${json_data['results'][0]['login']}</arg>
<arg>${keyTwo}</arg>
<doc>Fails if ``key`` is not found from ``dictionary``.</doc>
<status status="PASS" start="2024-06-13T15:16:26.795505" elapsed="0.000380"/>
</kw>
<kw name="Log" owner="BuiltIn">
<msg time="2024-06-13T15:16:26.796185" level="INFO">username</msg>
<arg>${keyTwo}</arg>
<doc>Logs the given message with the given level.</doc>
<status status="PASS" start="2024-06-13T15:16:26.796064" elapsed="0.000158"/>
</kw>
<var name="${keyTwo}">username</var>
<status status="PASS" start="2024-06-13T15:16:26.794810" elapsed="0.001634"/>
</iter>
<iter>
<kw name="Dictionary Should Contain Key" owner="Collections">
<arg>${json_data['results'][0]['login']}</arg>
<arg>${keyTwo}</arg>
<doc>Fails if ``key`` is not found from ``dictionary``.</doc>
<status status="PASS" start="2024-06-13T15:16:26.796733" elapsed="0.000372"/>
</kw>
<kw name="Dictionary Should Contain Key" owner="Collections">
<arg>${json_data['results'][0]['login']}</arg>
<arg>${keyTwo}</arg>
<doc>Fails if ``key`` is not found from ``dictionary``.</doc>
<status status="PASS" start="2024-06-13T15:16:26.797283" elapsed="0.000364"/>
</kw>
<kw name="Log" owner="BuiltIn">
<msg time="2024-06-13T15:16:26.797943" level="INFO">password</msg>
<arg>${keyTwo}</arg>
<doc>Logs the given message with the given level.</doc>
<status status="PASS" start="2024-06-13T15:16:26.797823" elapsed="0.000157"/>
</kw>
<var name="${keyTwo}">password</var>
<status status="PASS" start="2024-06-13T15:16:26.796624" elapsed="0.001576"/>
</iter>
<var>${keyTwo}</var>
<value>@{expected_keysTwo}</value>
<status status="PASS" start="2024-06-13T15:16:26.794657" elapsed="0.003671"/>
</for>
<status status="PASS" start="2024-06-13T15:16:26.640836" elapsed="0.157637"/>
</kw>
<doc>Testa a estrutura da resposta da API.</doc>
<tag>testeEstruturaResposta</tag>
<status status="PASS" start="2024-06-13T15:16:26.640180" elapsed="0.158450"/>
</test>
<test id="s1-s1-t4" name="Validar tipos de dados" line="28">
<kw name="Teste de Tipos de Dados" owner="random-user-service">
<kw name="GET On Session" owner="RequestsLibrary">
<msg time="2024-06-13T15:16:27.108701" level="INFO">GET Request : url=https://randomuser.me/api 
 path_url=/api 
 headers={'User-Agent': 'python-requests/2.32.3', 'Accept-Encoding': 'gzip, deflate', 'Accept': '*/*', 'Connection': 'keep-alive'} 
 body=None 
 </msg>
<msg time="2024-06-13T15:16:27.108801" level="INFO">GET Response : url=https://randomuser.me/api 
 status=200, reason=OK 
 headers={'Date': 'Thu, 13 Jun 2024 15:16:27 GMT', 'Content-Type': 'application/json; charset=utf-8', 'Transfer-Encoding': 'chunked', 'Connection': 'keep-alive', 'X-Powered-By': 'Express', 'Access-Control-Allow-Origin': '*', 'Cache-Control': 'no-cache', 'ETag': 'W/"4a7-fyolowX9ltaj6RO6ZB0oITnPVFY"', 'Vary': 'Accept-Encoding', 'Content-Encoding': 'gzip', 'CF-Cache-Status': 'DYNAMIC', 'Report-To': '{"endpoints":[{"url":"https:\\/\\/a.nel.cloudflare.com\\/report\\/v4?s=AJvd%2FhLWpJV5PbbkovEOZ2Mf2YYcTANTO85ZZQ7OXw7QzP76I7cdRItg5uO6sD3YqGPTQbVCFZdUw8NkPJnuAp3yQx59Gx9jm6C0wE5FqZyBnuG7UIJ0laSkgfpizulO"}],"group":"cf-nel","max_age":604800}', 'NEL': '{"success_fraction":0,"report_to":"cf-nel","max_age":604800}', 'Server': 'cloudflare', 'CF-RAY': '89330ab38d30e26f-ORD', 'alt-svc': 'h3=":443"; ma=86400'} 
 body={"results":[{"gender":"male","name":{"title":"Mr","first":"آدرین","last":"صدر"},"location":{"street":{"number":4717,"name":"شهید محمد منتظری"},"city":"مشهد","state":"سیستان و بلوچستان","country":"Iran","postcode":57425,"coordinates":{"latitude":"20.8906","longitude":"-145.1802"},"timezone":{"offset":"+1:00","description":"Brussels, Copenhagen, Madrid, Paris"}},"email":"adryn.sdr@example.com","login":{"uuid":"06777b78-b413-4ccc-9720-a553b9323662","username":"blackbird710","password":"jimmys","salt":"RrhoUYWg","md5":"2904fe1355abcde3f2889333cf9fb87f","sha1":"c6a801146a3761ceaa7dd24669db29ff8a6e9c52","sha256":"506793b836fa88264177d0f8654db05626fe2579beb0e1b4505ddcc5d9d0ce8c"},"dob":{"date":"1962-10-07T10:36:09.609Z","age":61},"registered":{"date":"2008-09-23T21:13:32.858Z","age":15},"phone":"076-21243181","cell":"0936-497-3728","id":{"name":"","value":null},"picture":{"large":"https://randomuser.me/api/portraits/men/21.jpg","medium":"https://randomuser.me/api/portraits/med/men/21.jpg","thumbnail":"https://randomuser.me/api/portraits/thumb/men/21.jpg"},"nat":"IR"}],"info":{"seed":"58fb552172adc0f7","results":1,"page":1,"version":"1.4"}} 
 </msg>
<msg time="2024-06-13T15:16:27.108877" level="INFO">/opt/hostedtoolcache/Python/3.12.3/x64/lib/python3.12/site-packages/urllib3/connectionpool.py:1103: InsecureRequestWarning: Unverified HTTPS request is being made to host 'randomuser.me'. Adding certificate verification is strongly advised. See: https://urllib3.readthedocs.io/en/latest/advanced-usage.html#tls-warnings
  warnings.warn(</msg>
<msg time="2024-06-13T15:16:27.109023" level="INFO">${response} = &lt;Response [200]&gt;</msg>
<var>${response}</var>
<arg>consultarAPI</arg>
<arg>/api</arg>
<doc>Sends a GET request on a previously created HTTP Session.</doc>
<status status="PASS" start="2024-06-13T15:16:26.801188" elapsed="0.307880"/>
</kw>
<kw name="Set Variable" owner="BuiltIn">
<msg time="2024-06-13T15:16:27.110095" level="INFO">${json_data} = {'results': [{'gender': 'male', 'name': {'title': 'Mr', 'first': 'آدرین', 'last': 'صدر'}, 'location': {'street': {'number': 4717, 'name': 'شهید محمد منتظری'}, 'city': 'مشهد', 'state': 'سیستان و بلوچست...</msg>
<var>${json_data}</var>
<arg>${response.json()}</arg>
<doc>Returns the given values which can then be assigned to a variables.</doc>
<status status="PASS" start="2024-06-13T15:16:27.109572" elapsed="0.000553"/>
</kw>
<kw name="Log" owner="BuiltIn">
<msg time="2024-06-13T15:16:27.110593" level="INFO">{'results': [{'gender': 'male', 'name': {'title': 'Mr', 'first': 'آدرین', 'last': 'صدر'}, 'location': {'street': {'number': 4717, 'name': 'شهید محمد منتظری'}, 'city': 'مشهد', 'state': 'سیستان و بلوچستان', 'country': 'Iran', 'postcode': 57425, 'coordinates': {'latitude': '20.8906', 'longitude': '-145.1802'}, 'timezone': {'offset': '+1:00', 'description': 'Brussels, Copenhagen, Madrid, Paris'}}, 'email': 'adryn.sdr@example.com', 'login': {'uuid': '06777b78-b413-4ccc-9720-a553b9323662', 'username': 'blackbird710', 'password': 'jimmys', 'salt': 'RrhoUYWg', 'md5': '2904fe1355abcde3f2889333cf9fb87f', 'sha1': 'c6a801146a3761ceaa7dd24669db29ff8a6e9c52', 'sha256': '506793b836fa88264177d0f8654db05626fe2579beb0e1b4505ddcc5d9d0ce8c'}, 'dob': {'date': '1962-10-07T10:36:09.609Z', 'age': 61}, 'registered': {'date': '2008-09-23T21:13:32.858Z', 'age': 15}, 'phone': '076-21243181', 'cell': '0936-497-3728', 'id': {'name': '', 'value': None}, 'picture': {'large': 'https://randomuser.me/api/portraits/men/21.jpg', 'medium': 'https://randomuser.me/api/portraits/med/men/21.jpg', 'thumbnail': 'https://randomuser.me/api/portraits/thumb/men/21.jpg'}, 'nat': 'IR'}], 'info': {'seed': '58fb552172adc0f7', 'results': 1, 'page': 1, 'version': '1.4'}}</msg>
<arg>${json_data}</arg>
<doc>Logs the given message with the given level.</doc>
<status status="PASS" start="2024-06-13T15:16:27.110432" elapsed="0.000220"/>
</kw>
<kw name="Should Be String" owner="String">
<arg>${json_data['results'][0]['gender']}</arg>
<doc>Fails if the given ``item`` is not a string.</doc>
<status status="PASS" start="2024-06-13T15:16:27.110980" elapsed="0.000379"/>
</kw>
<kw name="Should Match Regexp" owner="BuiltIn">
<arg>${json_data['results'][0]['email']}</arg>
<arg>^[a-zA-Z0-9._%+-]+@[a-zA-Z0-9.-]+\.[a-zA-Z]{2,}$</arg>
<doc>Fails if ``string`` does not match ``pattern`` as a regular expression.</doc>
<status status="PASS" start="2024-06-13T15:16:27.111548" elapsed="0.000505"/>
</kw>
<kw name="Should Match Regexp" owner="BuiltIn">
<arg>${json_data['results'][0]['dob']['date']}</arg>
<arg>\\d{4}-\\d{2}-\\d{2}T\\d{2}:\\d{2}:\\d{2}\\.\\d{3}Z</arg>
<doc>Fails if ``string`` does not match ``pattern`` as a regular expression.</doc>
<status status="PASS" start="2024-06-13T15:16:27.112286" elapsed="0.000493"/>
</kw>
<kw name="Should Match Regexp" owner="BuiltIn">
<arg>${json_data['results'][0]['registered']['date']}</arg>
<arg>\\d{4}-\\d{2}-\\d{2}T\\d{2}:\\d{2}:\\d{2}\\.\\d{3}Z</arg>
<doc>Fails if ``string`` does not match ``pattern`` as a regular expression.</doc>
<status status="PASS" start="2024-06-13T15:16:27.112969" elapsed="0.000366"/>
</kw>
<kw name="Should Match Regexp" owner="BuiltIn">
<arg>${json_data['results'][0]['picture']['large']}</arg>
<arg>^https?://.*\.(?:png|jpe?g|gif|bmp)$</arg>
<doc>Fails if ``string`` does not match ``pattern`` as a regular expression.</doc>
<status status="PASS" start="2024-06-13T15:16:27.113517" elapsed="0.000451"/>
</kw>
<kw name="Should Match Regexp" owner="BuiltIn">
<arg>${json_data['results'][0]['picture']['medium']}</arg>
<arg>^https?://.*\.(?:png|jpe?g|gif|bmp)$</arg>
<doc>Fails if ``string`` does not match ``pattern`` as a regular expression.</doc>
<status status="PASS" start="2024-06-13T15:16:27.114158" elapsed="0.000349"/>
</kw>
<kw name="Should Match Regexp" owner="BuiltIn">
<arg>${json_data['results'][0]['picture']['thumbnail']}</arg>
<arg>^https?://.*\.(?:png|jpe?g|gif|bmp)$</arg>
<doc>Fails if ``string`` does not match ``pattern`` as a regular expression.</doc>
<status status="PASS" start="2024-06-13T15:16:27.114698" elapsed="0.000378"/>
</kw>
<kw name="Log" owner="BuiltIn">
<msg time="2024-06-13T15:16:27.115584" level="INFO">{'large': 'https://randomuser.me/api/portraits/men/21.jpg', 'medium': 'https://randomuser.me/api/portraits/med/men/21.jpg', 'thumbnail': 'https://randomuser.me/api/portraits/thumb/men/21.jpg'}</msg>
<arg>${json_data['results'][0]['picture']}</arg>
<doc>Logs the given message with the given level.</doc>
<status status="PASS" start="2024-06-13T15:16:27.115256" elapsed="0.000370"/>
</kw>
<status status="PASS" start="2024-06-13T15:16:26.800958" elapsed="0.314923"/>
</kw>
<kw name="Teste de Tipos de Dados - Postcode" owner="random-user-service">
<kw name="GET On Session" owner="RequestsLibrary">
<msg time="2024-06-13T15:16:27.229485" level="INFO">GET Request : url=https://randomuser.me/api 
 path_url=/api 
 headers={'User-Agent': 'python-requests/2.32.3', 'Accept-Encoding': 'gzip, deflate', 'Accept': '*/*', 'Connection': 'keep-alive'} 
 body=None 
 </msg>
<msg time="2024-06-13T15:16:27.229578" level="INFO">GET Response : url=https://randomuser.me/api 
 status=200, reason=OK 
 headers={'Date': 'Thu, 13 Jun 2024 15:16:27 GMT', 'Content-Type': 'application/json; charset=utf-8', 'Transfer-Encoding': 'chunked', 'Connection': 'keep-alive', 'X-Powered-By': 'Express', 'Access-Control-Allow-Origin': '*', 'Cache-Control': 'no-cache', 'ETag': 'W/"48c-4o4UuzuJqj/tVk9g0QFYVF7f6Sk"', 'Vary': 'Accept-Encoding', 'Content-Encoding': 'gzip', 'CF-Cache-Status': 'DYNAMIC', 'Report-To': '{"endpoints":[{"url":"https:\\/\\/a.nel.cloudflare.com\\/report\\/v4?s=SK51E1PRzSNrHgq7rx8Qni8rBxs3gK%2B6t90quLDHyT3yx51U6%2BnJtGqsqqihqxR94C%2BrK2JO8weUPJ9SAxSdXa%2FT%2BWVPGAPLiseYYF6vHYT20D%2BKboLqcfiaVT9VjKkD"}],"group":"cf-nel","max_age":604800}', 'NEL': '{"success_fraction":0,"report_to":"cf-nel","max_age":604800}', 'Server': 'cloudflare', 'CF-RAY': '89330ab57f07e26f-ORD', 'alt-svc': 'h3=":443"; ma=86400'} 
 body={"results":[{"gender":"female","name":{"title":"Ms","first":"Mila","last":"Jones"},"location":{"street":{"number":5960,"name":"Taradale Road"},"city":"Greymouth","state":"Taranaki","country":"New Zealand","postcode":63540,"coordinates":{"latitude":"55.4718","longitude":"82.7463"},"timezone":{"offset":"-6:00","description":"Central Time (US &amp; Canada), Mexico City"}},"email":"mila.jones@example.com","login":{"uuid":"a5b39d3b-9d22-4635-a073-4e0ab37c6577","username":"bluefish888","password":"iforgot","salt":"ZjjyluOd","md5":"3f2e51f071a303bcccd757ae97364e01","sha1":"ab7ea5461897dda84019210fcda77127bdd5e132","sha256":"1e226b00fa86f2e478e4f6170949f60ec9ebd55b916e4cced96b8833d265bda6"},"dob":{"date":"1946-10-21T19:06:23.324Z","age":77},"registered":{"date":"2015-10-21T03:26:20.691Z","age":8},"phone":"(248)-334-4254","cell":"(765)-376-8087","id":{"name":"","value":null},"picture":{"large":"https://randomuser.me/api/portraits/women/66.jpg","medium":"https://randomuser.me/api/portraits/med/women/66.jpg","thumbnail":"https://randomuser.me/api/portraits/thumb/women/66.jpg"},"nat":"NZ"}],"info":{"seed":"323371f061e2a151","results":1,"page":1,"version":"1.4"}} 
 </msg>
<msg time="2024-06-13T15:16:27.229666" level="INFO">/opt/hostedtoolcache/Python/3.12.3/x64/lib/python3.12/site-packages/urllib3/connectionpool.py:1103: InsecureRequestWarning: Unverified HTTPS request is being made to host 'randomuser.me'. Adding certificate verification is strongly advised. See: https://urllib3.readthedocs.io/en/latest/advanced-usage.html#tls-warnings
  warnings.warn(</msg>
<msg time="2024-06-13T15:16:27.229803" level="INFO">${response} = &lt;Response [200]&gt;</msg>
<var>${response}</var>
<arg>consultarAPI</arg>
<arg>/api</arg>
<doc>Sends a GET request on a previously created HTTP Session.</doc>
<status status="PASS" start="2024-06-13T15:16:27.116352" elapsed="0.113492"/>
</kw>
<kw name="Set Variable" owner="BuiltIn">
<msg time="2024-06-13T15:16:27.230834" level="INFO">${json_data} = {'results': [{'gender': 'female', 'name': {'title': 'Ms', 'first': 'Mila', 'last': 'Jones'}, 'location': {'street': {'number': 5960, 'name': 'Taradale Road'}, 'city': 'Greymouth', 'state': 'Taranaki',...</msg>
<var>${json_data}</var>
<arg>${response.json()}</arg>
<doc>Returns the given values which can then be assigned to a variables.</doc>
<status status="PASS" start="2024-06-13T15:16:27.230338" elapsed="0.000523"/>
</kw>
<kw name="Log" owner="BuiltIn">
<msg time="2024-06-13T15:16:27.231384" level="INFO">{'results': [{'gender': 'female', 'name': {'title': 'Ms', 'first': 'Mila', 'last': 'Jones'}, 'location': {'street': {'number': 5960, 'name': 'Taradale Road'}, 'city': 'Greymouth', 'state': 'Taranaki', 'country': 'New Zealand', 'postcode': 63540, 'coordinates': {'latitude': '55.4718', 'longitude': '82.7463'}, 'timezone': {'offset': '-6:00', 'description': 'Central Time (US &amp; Canada), Mexico City'}}, 'email': 'mila.jones@example.com', 'login': {'uuid': 'a5b39d3b-9d22-4635-a073-4e0ab37c6577', 'username': 'bluefish888', 'password': 'iforgot', 'salt': 'ZjjyluOd', 'md5': '3f2e51f071a303bcccd757ae97364e01', 'sha1': 'ab7ea5461897dda84019210fcda77127bdd5e132', 'sha256': '1e226b00fa86f2e478e4f6170949f60ec9ebd55b916e4cced96b8833d265bda6'}, 'dob': {'date': '1946-10-21T19:06:23.324Z', 'age': 77}, 'registered': {'date': '2015-10-21T03:26:20.691Z', 'age': 8}, 'phone': '(248)-334-4254', 'cell': '(765)-376-8087', 'id': {'name': '', 'value': None}, 'picture': {'large': 'https://randomuser.me/api/portraits/women/66.jpg', 'medium': 'https://randomuser.me/api/portraits/med/women/66.jpg', 'thumbnail': 'https://randomuser.me/api/portraits/thumb/women/66.jpg'}, 'nat': 'NZ'}], 'info': {'seed': '323371f061e2a151', 'results': 1, 'page': 1, 'version': '1.4'}}</msg>
<arg>${json_data}</arg>
<doc>Logs the given message with the given level.</doc>
<status status="PASS" start="2024-06-13T15:16:27.231226" elapsed="0.000206"/>
</kw>
<kw name="Should Be Equal As Numbers" owner="BuiltIn">
<arg>${json_data['results'][0]['location']['postcode']}</arg>
<arg>${json_data['results'][0]['location']['postcode']}</arg>
<doc>Fails if objects are unequal after converting them to real numbers.</doc>
<status status="PASS" start="2024-06-13T15:16:27.231725" elapsed="0.000617"/>
</kw>
<kw name="Log" owner="BuiltIn">
<msg time="2024-06-13T15:16:27.232862" level="INFO">63540</msg>
<arg>${json_data['results'][0]['location']['postcode']}</arg>
<doc>Logs the given message with the given level.</doc>
<status status="PASS" start="2024-06-13T15:16:27.232532" elapsed="0.000369"/>
</kw>
<status status="PASS" start="2024-06-13T15:16:27.116112" elapsed="0.117070"/>
</kw>
<doc>Testa se os tipos de dados na resposta da API estão corretos.</doc>
<tag>testeTiposDados</tag>
<status status="PASS" start="2024-06-13T15:16:26.800436" elapsed="0.432915"/>
</test>
<test id="s1-s1-t5" name="Validar conteudo" line="35">
<kw name="Teste de Tipos de Conteudo" owner="random-user-service">
<kw name="GET On Session" owner="RequestsLibrary">
<msg time="2024-06-13T15:16:27.290776" level="INFO">GET Request : url=https://randomuser.me/api 
 path_url=/api 
 headers={'User-Agent': 'python-requests/2.32.3', 'Accept-Encoding': 'gzip, deflate', 'Accept': '*/*', 'Connection': 'keep-alive'} 
 body=None 
 </msg>
<msg time="2024-06-13T15:16:27.290850" level="INFO">GET Response : url=https://randomuser.me/api 
 status=200, reason=OK 
 headers={'Date': 'Thu, 13 Jun 2024 15:16:27 GMT', 'Content-Type': 'application/json; charset=utf-8', 'Transfer-Encoding': 'chunked', 'Connection': 'keep-alive', 'X-Powered-By': 'Express', 'Access-Control-Allow-Origin': '*', 'Cache-Control': 'no-cache', 'ETag': 'W/"481-Ycd+qScGhr9lM1KAQhbMUHyuHvM"', 'Vary': 'Accept-Encoding', 'Content-Encoding': 'gzip', 'CF-Cache-Status': 'DYNAMIC', 'Report-To': '{"endpoints":[{"url":"https:\\/\\/a.nel.cloudflare.com\\/report\\/v4?s=7cSXDceNFqvCTDv%2B66MhRuzq57saUQ5yP2c5rDaRh6phq9e2xhSOuISddleuumC2TlIjm3CPjDavyi0LrkyIeiLHC%2FmSbUcWr6Ad31WmJ78Cp%2F%2FCArfUBxaM257QrPVq"}],"group":"cf-nel","max_age":604800}', 'NEL': '{"success_fraction":0,"report_to":"cf-nel","max_age":604800}', 'Server': 'cloudflare', 'CF-RAY': '89330ab63fd6e26f-ORD', 'alt-svc': 'h3=":443"; ma=86400'} 
 body={"results":[{"gender":"female","name":{"title":"Mrs","first":"آیلین","last":"نجاتی"},"location":{"street":{"number":761,"name":"داودی"},"city":"کرمان","state":"فارس","country":"Iran","postcode":54642,"coordinates":{"latitude":"16.6748","longitude":"98.8038"},"timezone":{"offset":"-1:00","description":"Azores, Cape Verde Islands"}},"email":"aylyn.njty@example.com","login":{"uuid":"1b8614e7-72de-4d42-857e-12cb9b73c7c2","username":"whitebutterfly261","password":"hugo","salt":"kZ6YqiGt","md5":"6d657e6e457352f098bc06e0a234f670","sha1":"441c48734b6fc33bfb009b2891dd8e28e3426b95","sha256":"55744db9a111c88e1e414e970c6dd3714cf64520bea2461379fb728c22788219"},"dob":{"date":"1989-02-07T13:29:35.792Z","age":35},"registered":{"date":"2016-02-26T23:33:02.477Z","age":8},"phone":"074-27471310","cell":"0934-024-3414","id":{"name":"","value":null},"picture":{"large":"https://randomuser.me/api/portraits/women/58.jpg","medium":"https://randomuser.me/api/portraits/med/women/58.jpg","thumbnail":"https://randomuser.me/api/portraits/thumb/women/58.jpg"},"nat":"IR"}],"info":{"seed":"7e902f3fc53de943","results":1,"page":1,"version":"1.4"}} 
 </msg>
<msg time="2024-06-13T15:16:27.290914" level="INFO">/opt/hostedtoolcache/Python/3.12.3/x64/lib/python3.12/site-packages/urllib3/connectionpool.py:1103: InsecureRequestWarning: Unverified HTTPS request is being made to host 'randomuser.me'. Adding certificate verification is strongly advised. See: https://urllib3.readthedocs.io/en/latest/advanced-usage.html#tls-warnings
  warnings.warn(</msg>
<msg time="2024-06-13T15:16:27.291049" level="INFO">${response} = &lt;Response [200]&gt;</msg>
<var>${response}</var>
<arg>consultarAPI</arg>
<arg>/api</arg>
<doc>Sends a GET request on a previously created HTTP Session.</doc>
<status status="PASS" start="2024-06-13T15:16:27.235876" elapsed="0.055214"/>
</kw>
<kw name="Set Variable" owner="BuiltIn">
<msg time="2024-06-13T15:16:27.291979" level="INFO">${json_data} = {'results': [{'gender': 'female', 'name': {'title': 'Mrs', 'first': 'آیلین', 'last': 'نجاتی'}, 'location': {'street': {'number': 761, 'name': 'داودی'}, 'city': 'کرمان', 'state': 'فارس', 'country': 'Ir...</msg>
<var>${json_data}</var>
<arg>${response.json()}</arg>
<doc>Returns the given values which can then be assigned to a variables.</doc>
<status status="PASS" start="2024-06-13T15:16:27.291504" elapsed="0.000505"/>
</kw>
<kw name="Set Variable" owner="BuiltIn">
<msg time="2024-06-13T15:16:27.292705" level="INFO">${name_title} = Mrs</msg>
<var>${name_title}</var>
<arg>${json_data["results"][0]["name"]["title"]}</arg>
<doc>Returns the given values which can then be assigned to a variables.</doc>
<status status="PASS" start="2024-06-13T15:16:27.292318" elapsed="0.000412"/>
</kw>
<kw name="Create List" owner="BuiltIn">
<msg time="2024-06-13T15:16:27.293183" level="INFO">${allowed_titles} = ['Mr', 'Ms', 'Miss', 'Mrs', 'Madame', 'Monsieur']</msg>
<var>${allowed_titles}</var>
<arg>Mr</arg>
<arg>Ms</arg>
<arg>Miss</arg>
<arg>Mrs</arg>
<arg>Madame</arg>
<arg>Monsieur</arg>
<doc>Returns a list containing given items.</doc>
<status status="PASS" start="2024-06-13T15:16:27.293032" elapsed="0.000174"/>
</kw>
<kw name="List Should Contain Value" owner="Collections">
<arg>${allowed_titles}</arg>
<arg>${name_title}</arg>
<doc>Fails if the ``value`` is not found from ``list``.</doc>
<status status="PASS" start="2024-06-13T15:16:27.293500" elapsed="0.000176"/>
</kw>
<kw name="Set Variable" owner="BuiltIn">
<msg time="2024-06-13T15:16:27.294229" level="INFO">${name_country} = IR</msg>
<var>${name_country}</var>
<arg>${json_data["results"][0]["nat"]}</arg>
<doc>Returns the given values which can then be assigned to a variables.</doc>
<status status="PASS" start="2024-06-13T15:16:27.293856" elapsed="0.000398"/>
</kw>
<kw name="Create List" owner="BuiltIn">
<msg time="2024-06-13T15:16:27.295165" level="INFO">${list_country} = ['AD', 'AE', 'AF', 'AG', 'AI', 'AL', 'AM', 'AO', 'AQ', 'AR', 'AS', 'AT', 'AU', 'AW', 'AX', 'AZ', 'BA', 'BB', 'BD', 'BE', 'BF', 'BG', 'BH', 'BI', 'BJ', 'BL', 'BM', 'BN', 'BO', 'BQ', 'BR', 'BS', 'BT', '...</msg>
<var>${list_country}</var>
<arg>AD</arg>
<arg>AE</arg>
<arg>AF</arg>
<arg>AG</arg>
<arg>AI</arg>
<arg>AL</arg>
<arg>AM</arg>
<arg>AO</arg>
<arg>AQ</arg>
<arg>AR</arg>
<arg>AS</arg>
<arg>AT</arg>
<arg>AU</arg>
<arg>AW</arg>
<arg>AX</arg>
<arg>AZ</arg>
<arg>BA</arg>
<arg>BB</arg>
<arg>BD</arg>
<arg>BE</arg>
<arg>BF</arg>
<arg>BG</arg>
<arg>BH</arg>
<arg>BI</arg>
<arg>BJ</arg>
<arg>BL</arg>
<arg>BM</arg>
<arg>BN</arg>
<arg>BO</arg>
<arg>BQ</arg>
<arg>BR</arg>
<arg>BS</arg>
<arg>BT</arg>
<arg>BV</arg>
<arg>BW</arg>
<arg>BY</arg>
<arg>BZ</arg>
<arg>CA</arg>
<arg>CC</arg>
<arg>CD</arg>
<arg>CF</arg>
<arg>CG</arg>
<arg>CH</arg>
<arg>CI</arg>
<arg>CK</arg>
<arg>CL</arg>
<arg>CM</arg>
<arg>CN</arg>
<arg>CO</arg>
<arg>CR</arg>
<arg>CU</arg>
<arg>CV</arg>
<arg>CW</arg>
<arg>CX</arg>
<arg>CY</arg>
<arg>CZ</arg>
<arg>DE</arg>
<arg>DJ</arg>
<arg>DK</arg>
<arg>DM</arg>
<arg>DO</arg>
<arg>DZ</arg>
<arg>EC</arg>
<arg>EE</arg>
<arg>EG</arg>
<arg>EH</arg>
<arg>ER</arg>
<arg>ES</arg>
<arg>ET</arg>
<arg>FI</arg>
<arg>FJ</arg>
<arg>FK</arg>
<arg>FM</arg>
<arg>FO</arg>
<arg>FR</arg>
<arg>GA</arg>
<arg>GB</arg>
<arg>GD</arg>
<arg>GE</arg>
<arg>GF</arg>
<arg>GG</arg>
<arg>GH</arg>
<arg>GI</arg>
<arg>GL</arg>
<arg>GM</arg>
<arg>GN</arg>
<arg>GP</arg>
<arg>GQ</arg>
<arg>GR</arg>
<arg>GS</arg>
<arg>GT</arg>
<arg>GU</arg>
<arg>GW</arg>
<arg>GY</arg>
<arg>HK</arg>
<arg>HM</arg>
<arg>HN</arg>
<arg>HR</arg>
<arg>HT</arg>
<arg>HU</arg>
<arg>ID</arg>
<arg>IE</arg>
<arg>IL</arg>
<arg>IM</arg>
<arg>IN</arg>
<arg>IO</arg>
<arg>IQ</arg>
<arg>IR</arg>
<arg>IS</arg>
<arg>IT</arg>
<arg>JE</arg>
<arg>JM</arg>
<arg>JO</arg>
<arg>JP</arg>
<arg>KE</arg>
<arg>KG</arg>
<arg>KH</arg>
<arg>KI</arg>
<arg>KM</arg>
<arg>KN</arg>
<arg>KP</arg>
<arg>KR</arg>
<arg>KW</arg>
<arg>KY</arg>
<arg>KZ</arg>
<arg>LA</arg>
<arg>LB</arg>
<arg>LC</arg>
<arg>LI</arg>
<arg>LK</arg>
<arg>LR</arg>
<arg>LS</arg>
<arg>LT</arg>
<arg>LU</arg>
<arg>LV</arg>
<arg>LY</arg>
<arg>MA</arg>
<arg>MC</arg>
<arg>MD</arg>
<arg>ME</arg>
<arg>MF</arg>
<arg>MG</arg>
<arg>MH</arg>
<arg>MK</arg>
<arg>ML</arg>
<arg>MM</arg>
<arg>MN</arg>
<arg>MO</arg>
<arg>MP</arg>
<arg>MQ</arg>
<arg>MR</arg>
<arg>MS</arg>
<arg>MT</arg>
<arg>MU</arg>
<arg>MV</arg>
<arg>MW</arg>
<arg>MX</arg>
<arg>MY</arg>
<arg>MZ</arg>
<arg>NA</arg>
<arg>NC</arg>
<arg>NE</arg>
<arg>NF</arg>
<arg>NG</arg>
<arg>NI</arg>
<arg>NL</arg>
<arg>NO</arg>
<arg>NP</arg>
<arg>NR</arg>
<arg>NU</arg>
<arg>NZ</arg>
<arg>OM</arg>
<arg>PA</arg>
<arg>PE</arg>
<arg>PF</arg>
<arg>PG</arg>
<arg>PH</arg>
<arg>PK</arg>
<arg>PL</arg>
<arg>PM</arg>
<arg>PN</arg>
<arg>PR</arg>
<arg>PS</arg>
<arg>PT</arg>
<arg>PW</arg>
<arg>PY</arg>
<arg>QA</arg>
<arg>RE</arg>
<arg>RO</arg>
<arg>RS</arg>
<arg>RU</arg>
<arg>RW</arg>
<arg>SA</arg>
<arg>SB</arg>
<arg>SC</arg>
<arg>SD</arg>
<arg>SE</arg>
<arg>SG</arg>
<arg>SH</arg>
<arg>SI</arg>
<arg>SJ</arg>
<arg>SK</arg>
<arg>SL</arg>
<arg>SM</arg>
<arg>SN</arg>
<arg>SO</arg>
<arg>SR</arg>
<arg>SS</arg>
<arg>ST</arg>
<arg>SV</arg>
<arg>SX</arg>
<arg>SY</arg>
<arg>SZ</arg>
<arg>TC</arg>
<arg>TD</arg>
<arg>TF</arg>
<arg>TG</arg>
<arg>TH</arg>
<arg>TJ</arg>
<arg>TK</arg>
<arg>TL</arg>
<arg>TM</arg>
<arg>TN</arg>
<arg>TO</arg>
<arg>TR</arg>
<arg>TT</arg>
<arg>TV</arg>
<arg>TW</arg>
<arg>TZ</arg>
<arg>UA</arg>
<arg>UG</arg>
<arg>UM</arg>
<arg>US</arg>
<arg>UY</arg>
<arg>UZ</arg>
<arg>VA</arg>
<arg>VC</arg>
<arg>VE</arg>
<arg>VG</arg>
<arg>VI</arg>
<arg>VN</arg>
<arg>VU</arg>
<arg>WF</arg>
<arg>WS</arg>
<arg>XK</arg>
<arg>YE</arg>
<arg>YT</arg>
<arg>ZA</arg>
<arg>ZM</arg>
<arg>ZW</arg>
<doc>Returns a list containing given items.</doc>
<status status="PASS" start="2024-06-13T15:16:27.294544" elapsed="0.000648"/>
</kw>
<kw name="List Should Contain Value" owner="Collections">
<arg>${list_country}</arg>
<arg>${name_country}</arg>
<doc>Fails if the ``value`` is not found from ``list``.</doc>
<status status="PASS" start="2024-06-13T15:16:27.295982" elapsed="0.000202"/>
</kw>
<kw name="Run Keyword If" owner="BuiltIn">
<kw name="Should Be True" owner="BuiltIn">
<arg>${True}</arg>
<doc>Fails if the given condition is not true.</doc>
<status status="PASS" start="2024-06-13T15:16:27.297248" elapsed="0.000146"/>
</kw>
<arg>${json_data["results"][0]["location"]["coordinates"]["latitude"]} &gt;= -90 and ${json_data["results"][0]["location"]["coordinates"]["latitude"]} &lt;= 90</arg>
<arg>Should Be True</arg>
<arg>${True}</arg>
<doc>Runs the given keyword with the given arguments, if ``condition`` is true.</doc>
<status status="PASS" start="2024-06-13T15:16:27.296382" elapsed="0.001138"/>
</kw>
<kw name="Run Keyword If" owner="BuiltIn">
<kw name="Should Be True" owner="BuiltIn">
<arg>${True}</arg>
<doc>Fails if the given condition is not true.</doc>
<status status="PASS" start="2024-06-13T15:16:27.298389" elapsed="0.000138"/>
</kw>
<arg>${json_data["results"][0]["location"]["coordinates"]["longitude"]} &gt;= -180 and ${json_data["results"][0]["location"]["coordinates"]["longitude"]} &lt;= 180</arg>
<arg>Should Be True</arg>
<arg>${True}</arg>
<doc>Runs the given keyword with the given arguments, if ``condition`` is true.</doc>
<status status="PASS" start="2024-06-13T15:16:27.297701" elapsed="0.000948"/>
</kw>
<status status="PASS" start="2024-06-13T15:16:27.235647" elapsed="0.063132"/>
</kw>
<doc>Testa o conteúdo específico dos campos retornados pela API.</doc>
<tag>testeConteudo</tag>
<status status="PASS" start="2024-06-13T15:16:27.235109" elapsed="0.063838"/>
</test>
<status status="PASS" start="2024-06-13T15:16:26.167044" elapsed="1.133782"/>
</suite>
<status status="PASS" start="2024-06-13T15:16:26.153473" elapsed="1.152359"/>
</suite>
<statistics>
<total>
<stat pass="5" fail="0" skip="0">All Tests</stat>
</total>
<tag>
<stat pass="1" fail="0" skip="0">testeConteudo</stat>
<stat pass="1" fail="0" skip="0">testeEstruturaResposta</stat>
<stat pass="1" fail="0" skip="0">testeRequisicaoBasica</stat>
<stat pass="1" fail="0" skip="0">testeTiposDados</stat>
</tag>
<suite>
<stat pass="5" fail="0" skip="0" id="s1" name="Tests">Tests</stat>
<stat pass="5" fail="0" skip="0" id="s1-s1" name="Random-User-Test">Tests.Random-User-Test</stat>
</suite>
</statistics>
<errors>
</errors>
</robot>
