<?xml version="1.0" encoding="UTF-8"?>
<robot generator="Robot 7.0 (Python 3.12.2 on linux)" generated="2024-03-20T16:52:49.165242" rpa="false" schemaversion="5">
<suite id="s1" name="Tests" source="/home/runner/work/DesafioQA---Itau---Rogerio-Jordao/DesafioQA---Itau---Rogerio-Jordao/DesafioQA - Itau - Rogerio Jordao/tests">
<suite id="s1-s1" name="Random-User-Test" source="/home/runner/work/DesafioQA---Itau---Rogerio-Jordao/DesafioQA---Itau---Rogerio-Jordao/DesafioQA - Itau - Rogerio Jordao/tests/random-user-test.robot">
<test id="s1-s1-t1" name="Conectar" line="24">
<kw name="Conectar API">
<kw name="Create Session" owner="RequestsLibrary">
<msg time="2024-03-20T16:52:49.487798" level="INFO">Creating Session using : alias=consultarAPI, url=https://randomuser.me/, headers={},                     cookies={}, auth=None, timeout=None, proxies=None, verify=False,                     debug=0 </msg>
<arg>consultarAPI</arg>
<arg>${URL}</arg>
<doc>Create Session: create a HTTP session to a server</doc>
<status status="PASS" start="2024-03-20T16:52:49.487578" elapsed="0.000420"/>
</kw>
<status status="PASS" start="2024-03-20T16:52:49.486634" elapsed="0.001800"/>
</kw>
<status status="PASS" start="2024-03-20T16:52:49.486064" elapsed="0.002578"/>
</test>
<test id="s1-s1-t2" name="Validar retorno 200 e JSON Válido" line="27">
<kw name="Teste de Requisicao Basica">
<kw name="GET On Session" owner="RequestsLibrary">
<msg time="2024-03-20T16:52:49.608157" level="INFO">GET Request : url=https://randomuser.me/api 
 path_url=/api 
 headers={'User-Agent': 'python-requests/2.31.0', 'Accept-Encoding': 'gzip, deflate', 'Accept': '*/*', 'Connection': 'keep-alive'} 
 body=None 
 </msg>
<msg time="2024-03-20T16:52:49.608350" level="INFO">GET Response : url=https://randomuser.me/api 
 status=200, reason=OK 
 headers={'Date': 'Wed, 20 Mar 2024 16:52:49 GMT', 'Content-Type': 'application/json; charset=utf-8', 'Transfer-Encoding': 'chunked', 'Connection': 'keep-alive', 'X-Powered-By': 'Express', 'Access-Control-Allow-Origin': '*', 'Cache-Control': 'no-cache', 'ETag': 'W/"4a2-6HyE2x9ZhbSytkWxN2m25agJ8GI"', 'Vary': 'Accept-Encoding', 'Content-Encoding': 'gzip', 'CF-Cache-Status': 'DYNAMIC', 'Report-To': '{"endpoints":[{"url":"https:\\/\\/a.nel.cloudflare.com\\/report\\/v4?s=gFMakIYItNtQv3BLxsUeYFnbOgIBKvYv4OcYsZPvy0ai4%2FcmB16rhQ5CFMFIZVyd6jHxdT%2Bry1NxpCE%2BgMtpn%2BZTFTDbftbyeUi88sL102FKuMQHtCfmmEXO7DHZrHvk"}],"group":"cf-nel","max_age":604800}', 'NEL': '{"success_fraction":0,"report_to":"cf-nel","max_age":604800}', 'Server': 'cloudflare', 'CF-RAY': '867737018d62ce40-SJC', 'alt-svc': 'h3=":443"; ma=86400'} 
 body={"results":[{"gender":"female","name":{"title":"Miss","first":"Mélina","last":"Dumont"},"location":{"street":{"number":6464,"name":"Rue des Jardins"},"city":"Reims","state":"Ardèche","country":"France","postcode":21600,"coordinates":{"latitude":"-15.8623","longitude":"130.5619"},"timezone":{"offset":"+9:00","description":"Tokyo, Seoul, Osaka, Sapporo, Yakutsk"}},"email":"melina.dumont@example.com","login":{"uuid":"c30eabb1-2ede-43d7-905e-9076582d4891","username":"tinymouse113","password":"fenris","salt":"424mZBed","md5":"37eb322f427afd6c924a76a5f28fe630","sha1":"962d5a73328ea6540d76fe58bd49e7550589dfd7","sha256":"461b6ec6210577e63e508ee1fc472cdce2f124c7297ad38c78ba3d117a6ce21b"},"dob":{"date":"1969-08-26T22:42:29.000Z","age":54},"registered":{"date":"2010-06-08T23:53:52.941Z","age":13},"phone":"03-18-35-60-26","cell":"06-15-19-58-03","id":{"name":"INSEE","value":"2690742126842 90"},"picture":{"large":"https://randomuser.me/api/portraits/women/33.jpg","medium":"https://randomuser.me/api/portraits/med/women/33.jpg","thumbnail":"https://randomuser.me/api/portraits/thumb/women/33.jpg"},"nat":"FR"}],"info":{"seed":"f7ceb9c5707bce3d","results":1,"page":1,"version":"1.4"}} 
 </msg>
<msg time="2024-03-20T16:52:49.608679" level="INFO">/opt/hostedtoolcache/Python/3.12.2/x64/lib/python3.12/site-packages/urllib3/connectionpool.py:1103: InsecureRequestWarning: Unverified HTTPS request is being made to host 'randomuser.me'. Adding certificate verification is strongly advised. See: https://urllib3.readthedocs.io/en/latest/advanced-usage.html#tls-warnings
  warnings.warn(</msg>
<msg time="2024-03-20T16:52:49.608839" level="INFO">${response} = &lt;Response [200]&gt;</msg>
<var>${response}</var>
<arg>consultarAPI</arg>
<arg>/api</arg>
<doc>Sends a GET request on a previously created HTTP Session.</doc>
<status status="PASS" start="2024-03-20T16:52:49.491314" elapsed="0.117572"/>
</kw>
<kw name="Should Be Equal As Numbers" owner="BuiltIn">
<msg time="2024-03-20T16:52:49.610024" level="INFO">Argument types are:
&lt;class 'int'&gt;
&lt;class 'str'&gt;</msg>
<arg>${response.status_code}</arg>
<arg>200</arg>
<doc>Fails if objects are unequal after converting them to real numbers.</doc>
<status status="PASS" start="2024-03-20T16:52:49.609507" elapsed="0.000596"/>
</kw>
<kw name="Log" owner="BuiltIn">
<msg time="2024-03-20T16:52:49.610813" level="INFO">200</msg>
<arg>${response.status_code}</arg>
<doc>Logs the given message with the given level.</doc>
<status status="PASS" start="2024-03-20T16:52:49.610444" elapsed="0.000413"/>
</kw>
<kw name="Set Variable" owner="BuiltIn">
<msg time="2024-03-20T16:52:49.611639" level="INFO">${json_data} = {'results': [{'gender': 'female', 'name': {'title': 'Miss', 'first': 'Mélina', 'last': 'Dumont'}, 'location': {'street': {'number': 6464, 'name': 'Rue des Jardins'}, 'city': 'Reims', 'state': 'Ardèche...</msg>
<var>${json_data}</var>
<arg>${response.json()}</arg>
<doc>Returns the given values which can then be assigned to a variables.</doc>
<status status="PASS" start="2024-03-20T16:52:49.611172" elapsed="0.000497"/>
</kw>
<kw name="Dictionary Should Contain Key" owner="Collections">
<msg time="2024-03-20T16:52:49.612179" level="INFO">False</msg>
<arg>${json_data}</arg>
<arg>results</arg>
<doc>Fails if ``key`` is not found from ``dictionary``.</doc>
<status status="PASS" start="2024-03-20T16:52:49.612006" elapsed="0.000247"/>
</kw>
<status status="PASS" start="2024-03-20T16:52:49.491061" elapsed="0.121477"/>
</kw>
<doc>Testa se a API responde corretamente e retorna um objeto JSON válido.</doc>
<tag>testeRequisicaoBasica</tag>
<status status="PASS" start="2024-03-20T16:52:49.490525" elapsed="0.122205"/>
</test>
<test id="s1-s1-t3" name="Validar estrutura de resposta" line="33">
<kw name="Teste de Estrutura de Resposta">
<kw name="GET On Session" owner="RequestsLibrary">
<msg time="2024-03-20T16:52:49.709102" level="INFO">GET Request : url=https://randomuser.me/api 
 path_url=/api 
 headers={'User-Agent': 'python-requests/2.31.0', 'Accept-Encoding': 'gzip, deflate', 'Accept': '*/*', 'Connection': 'keep-alive'} 
 body=None 
 </msg>
<msg time="2024-03-20T16:52:49.709183" level="INFO">GET Response : url=https://randomuser.me/api 
 status=200, reason=OK 
 headers={'Date': 'Wed, 20 Mar 2024 16:52:49 GMT', 'Content-Type': 'application/json; charset=utf-8', 'Transfer-Encoding': 'chunked', 'Connection': 'keep-alive', 'X-Powered-By': 'Express', 'Access-Control-Allow-Origin': '*', 'Cache-Control': 'no-cache', 'ETag': 'W/"4a0-U+0qsEzM6mNqDyP5WygkZQJ0Js0"', 'Vary': 'Accept-Encoding', 'Content-Encoding': 'gzip', 'CF-Cache-Status': 'DYNAMIC', 'Report-To': '{"endpoints":[{"url":"https:\\/\\/a.nel.cloudflare.com\\/report\\/v4?s=DVZ%2F94UM%2BQ0piOxpAuHh40etvf0BmKehv%2BVj4%2B6WlkNR1TFWpJDUWPd93%2BwFdIeff1g6W2whliQZ1XP90fw8mTNlp%2BXOaQt7jmIx%2BuE5sp0z9Rfs2ZBf2wANPRgl4jVN"}],"group":"cf-nel","max_age":604800}', 'NEL': '{"success_fraction":0,"report_to":"cf-nel","max_age":604800}', 'Server': 'cloudflare', 'CF-RAY': '867737021de6ce40-SJC', 'alt-svc': 'h3=":443"; ma=86400'} 
 body={"results":[{"gender":"male","name":{"title":"Mr","first":"Guillermo","last":"Torres"},"location":{"street":{"number":1129,"name":"Calle de Alberto Aguilera"},"city":"La Palma","state":"Castilla y León","country":"Spain","postcode":76166,"coordinates":{"latitude":"-32.8372","longitude":"-78.4066"},"timezone":{"offset":"+5:30","description":"Bombay, Calcutta, Madras, New Delhi"}},"email":"guillermo.torres@example.com","login":{"uuid":"7fb1465b-2600-4c0a-9b92-141a2976404a","username":"organicdog186","password":"r2d2","salt":"jAbdWaOv","md5":"5e71d5b80604ffc08bec79bf87c3d1ea","sha1":"8c2e16f8286bb839ab4ac25380c3ead9ff37b807","sha256":"64d8bbba4b60b182e4c160c13480cc0c3263f92b4cbc242ac18d8ae404981799"},"dob":{"date":"1959-06-05T00:43:16.345Z","age":64},"registered":{"date":"2003-11-14T15:01:39.161Z","age":20},"phone":"916-442-026","cell":"608-818-009","id":{"name":"DNI","value":"94139592-Y"},"picture":{"large":"https://randomuser.me/api/portraits/men/63.jpg","medium":"https://randomuser.me/api/portraits/med/men/63.jpg","thumbnail":"https://randomuser.me/api/portraits/thumb/men/63.jpg"},"nat":"ES"}],"info":{"seed":"62ab6bcc0b5b4259","results":1,"page":1,"version":"1.4"}} 
 </msg>
<msg time="2024-03-20T16:52:49.709297" level="INFO">/opt/hostedtoolcache/Python/3.12.2/x64/lib/python3.12/site-packages/urllib3/connectionpool.py:1103: InsecureRequestWarning: Unverified HTTPS request is being made to host 'randomuser.me'. Adding certificate verification is strongly advised. See: https://urllib3.readthedocs.io/en/latest/advanced-usage.html#tls-warnings
  warnings.warn(</msg>
<msg time="2024-03-20T16:52:49.709411" level="INFO">${response} = &lt;Response [200]&gt;</msg>
<var>${response}</var>
<arg>consultarAPI</arg>
<arg>/api</arg>
<doc>Sends a GET request on a previously created HTTP Session.</doc>
<status status="PASS" start="2024-03-20T16:52:49.615437" elapsed="0.094014"/>
</kw>
<kw name="Set Variable" owner="BuiltIn">
<msg time="2024-03-20T16:52:49.710401" level="INFO">${json_data} = {'results': [{'gender': 'male', 'name': {'title': 'Mr', 'first': 'Guillermo', 'last': 'Torres'}, 'location': {'street': {'number': 1129, 'name': 'Calle de Alberto Aguilera'}, 'city': 'La Palma', 'stat...</msg>
<var>${json_data}</var>
<arg>${response.json()}</arg>
<doc>Returns the given values which can then be assigned to a variables.</doc>
<status status="PASS" start="2024-03-20T16:52:49.709878" elapsed="0.000553"/>
</kw>
<kw name="Log" owner="BuiltIn">
<msg time="2024-03-20T16:52:49.710921" level="INFO">{'results': [{'gender': 'male', 'name': {'title': 'Mr', 'first': 'Guillermo', 'last': 'Torres'}, 'location': {'street': {'number': 1129, 'name': 'Calle de Alberto Aguilera'}, 'city': 'La Palma', 'state': 'Castilla y León', 'country': 'Spain', 'postcode': 76166, 'coordinates': {'latitude': '-32.8372', 'longitude': '-78.4066'}, 'timezone': {'offset': '+5:30', 'description': 'Bombay, Calcutta, Madras, New Delhi'}}, 'email': 'guillermo.torres@example.com', 'login': {'uuid': '7fb1465b-2600-4c0a-9b92-141a2976404a', 'username': 'organicdog186', 'password': 'r2d2', 'salt': 'jAbdWaOv', 'md5': '5e71d5b80604ffc08bec79bf87c3d1ea', 'sha1': '8c2e16f8286bb839ab4ac25380c3ead9ff37b807', 'sha256': '64d8bbba4b60b182e4c160c13480cc0c3263f92b4cbc242ac18d8ae404981799'}, 'dob': {'date': '1959-06-05T00:43:16.345Z', 'age': 64}, 'registered': {'date': '2003-11-14T15:01:39.161Z', 'age': 20}, 'phone': '916-442-026', 'cell': '608-818-009', 'id': {'name': 'DNI', 'value': '94139592-Y'}, 'picture': {'large': 'https://randomuser.me/api/portraits/men/63.jpg', 'medium': 'https://randomuser.me/api/portraits/med/men/63.jpg', 'thumbnail': 'https://randomuser.me/api/portraits/thumb/men/63.jpg'}, 'nat': 'ES'}], 'info': {'seed': '62ab6bcc0b5b4259', 'results': 1, 'page': 1, 'version': '1.4'}}</msg>
<arg>${json_data}</arg>
<doc>Logs the given message with the given level.</doc>
<status status="PASS" start="2024-03-20T16:52:49.710752" elapsed="0.000222"/>
</kw>
<kw name="Dictionary Should Contain Key" owner="Collections">
<msg time="2024-03-20T16:52:49.711441" level="INFO">False</msg>
<arg>${json_data}</arg>
<arg>results</arg>
<doc>Fails if ``key`` is not found from ``dictionary``.</doc>
<status status="PASS" start="2024-03-20T16:52:49.711281" elapsed="0.000199"/>
</kw>
<kw name="Should Not Be Empty" owner="BuiltIn">
<msg time="2024-03-20T16:52:49.711915" level="INFO">Length is 2.</msg>
<arg>${json_data}</arg>
<doc>Verifies that the given item is not empty.</doc>
<status status="PASS" start="2024-03-20T16:52:49.711777" elapsed="0.000179"/>
</kw>
<kw name="Create List" owner="BuiltIn">
<msg time="2024-03-20T16:52:49.712465" level="INFO">${expected_keys} = ['gender', 'name', 'location', 'email', 'login']</msg>
<var>${expected_keys}</var>
<arg>gender</arg>
<arg>name</arg>
<arg>location</arg>
<arg>email</arg>
<arg>login</arg>
<doc>Returns a list containing given items.</doc>
<status status="PASS" start="2024-03-20T16:52:49.712289" elapsed="0.000203"/>
</kw>
<for flavor="IN">
<iter>
<kw name="Dictionary Should Contain Key" owner="Collections">
<msg time="2024-03-20T16:52:49.713515" level="INFO">False</msg>
<arg>${json_data['results'][0]}</arg>
<arg>${key}</arg>
<doc>Fails if ``key`` is not found from ``dictionary``.</doc>
<status status="PASS" start="2024-03-20T16:52:49.713100" elapsed="0.000456"/>
</kw>
<kw name="Log" owner="BuiltIn">
<msg time="2024-03-20T16:52:49.714242" level="INFO">{'gender': 'male', 'name': {'title': 'Mr', 'first': 'Guillermo', 'last': 'Torres'}, 'location': {'street': {'number': 1129, 'name': 'Calle de Alberto Aguilera'}, 'city': 'La Palma', 'state': 'Castilla y León', 'country': 'Spain', 'postcode': 76166, 'coordinates': {'latitude': '-32.8372', 'longitude': '-78.4066'}, 'timezone': {'offset': '+5:30', 'description': 'Bombay, Calcutta, Madras, New Delhi'}}, 'email': 'guillermo.torres@example.com', 'login': {'uuid': '7fb1465b-2600-4c0a-9b92-141a2976404a', 'username': 'organicdog186', 'password': 'r2d2', 'salt': 'jAbdWaOv', 'md5': '5e71d5b80604ffc08bec79bf87c3d1ea', 'sha1': '8c2e16f8286bb839ab4ac25380c3ead9ff37b807', 'sha256': '64d8bbba4b60b182e4c160c13480cc0c3263f92b4cbc242ac18d8ae404981799'}, 'dob': {'date': '1959-06-05T00:43:16.345Z', 'age': 64}, 'registered': {'date': '2003-11-14T15:01:39.161Z', 'age': 20}, 'phone': '916-442-026', 'cell': '608-818-009', 'id': {'name': 'DNI', 'value': '94139592-Y'}, 'picture': {'large': 'https://randomuser.me/api/portraits/men/63.jpg', 'medium': 'https://randomuser.me/api/portraits/med/men/63.jpg', 'thumbnail': 'https://randomuser.me/api/portraits/thumb/men/63.jpg'}, 'nat': 'ES'}</msg>
<arg>${json_data['results'][0]}</arg>
<doc>Logs the given message with the given level.</doc>
<status status="PASS" start="2024-03-20T16:52:49.713858" elapsed="0.000436"/>
</kw>
<kw name="Log" owner="BuiltIn">
<msg time="2024-03-20T16:52:49.714730" level="INFO">gender</msg>
<arg>${key}</arg>
<doc>Logs the given message with the given level.</doc>
<status status="PASS" start="2024-03-20T16:52:49.714599" elapsed="0.000170"/>
</kw>
<var name="${key}">gender</var>
<status status="PASS" start="2024-03-20T16:52:49.712978" elapsed="0.002012"/>
</iter>
<iter>
<kw name="Dictionary Should Contain Key" owner="Collections">
<msg time="2024-03-20T16:52:49.715693" level="INFO">False</msg>
<arg>${json_data['results'][0]}</arg>
<arg>${key}</arg>
<doc>Fails if ``key`` is not found from ``dictionary``.</doc>
<status status="PASS" start="2024-03-20T16:52:49.715297" elapsed="0.000435"/>
</kw>
<kw name="Log" owner="BuiltIn">
<msg time="2024-03-20T16:52:49.716511" level="INFO">{'gender': 'male', 'name': {'title': 'Mr', 'first': 'Guillermo', 'last': 'Torres'}, 'location': {'street': {'number': 1129, 'name': 'Calle de Alberto Aguilera'}, 'city': 'La Palma', 'state': 'Castilla y León', 'country': 'Spain', 'postcode': 76166, 'coordinates': {'latitude': '-32.8372', 'longitude': '-78.4066'}, 'timezone': {'offset': '+5:30', 'description': 'Bombay, Calcutta, Madras, New Delhi'}}, 'email': 'guillermo.torres@example.com', 'login': {'uuid': '7fb1465b-2600-4c0a-9b92-141a2976404a', 'username': 'organicdog186', 'password': 'r2d2', 'salt': 'jAbdWaOv', 'md5': '5e71d5b80604ffc08bec79bf87c3d1ea', 'sha1': '8c2e16f8286bb839ab4ac25380c3ead9ff37b807', 'sha256': '64d8bbba4b60b182e4c160c13480cc0c3263f92b4cbc242ac18d8ae404981799'}, 'dob': {'date': '1959-06-05T00:43:16.345Z', 'age': 64}, 'registered': {'date': '2003-11-14T15:01:39.161Z', 'age': 20}, 'phone': '916-442-026', 'cell': '608-818-009', 'id': {'name': 'DNI', 'value': '94139592-Y'}, 'picture': {'large': 'https://randomuser.me/api/portraits/men/63.jpg', 'medium': 'https://randomuser.me/api/portraits/med/men/63.jpg', 'thumbnail': 'https://randomuser.me/api/portraits/thumb/men/63.jpg'}, 'nat': 'ES'}</msg>
<arg>${json_data['results'][0]}</arg>
<doc>Logs the given message with the given level.</doc>
<status status="PASS" start="2024-03-20T16:52:49.716073" elapsed="0.000500"/>
</kw>
<kw name="Log" owner="BuiltIn">
<msg time="2024-03-20T16:52:49.717066" level="INFO">name</msg>
<arg>${key}</arg>
<doc>Logs the given message with the given level.</doc>
<status status="PASS" start="2024-03-20T16:52:49.716920" elapsed="0.000185"/>
</kw>
<var name="${key}">name</var>
<status status="PASS" start="2024-03-20T16:52:49.715188" elapsed="0.002162"/>
</iter>
<iter>
<kw name="Dictionary Should Contain Key" owner="Collections">
<msg time="2024-03-20T16:52:49.718047" level="INFO">False</msg>
<arg>${json_data['results'][0]}</arg>
<arg>${key}</arg>
<doc>Fails if ``key`` is not found from ``dictionary``.</doc>
<status status="PASS" start="2024-03-20T16:52:49.717653" elapsed="0.000558"/>
</kw>
<kw name="Log" owner="BuiltIn">
<msg time="2024-03-20T16:52:49.718892" level="INFO">{'gender': 'male', 'name': {'title': 'Mr', 'first': 'Guillermo', 'last': 'Torres'}, 'location': {'street': {'number': 1129, 'name': 'Calle de Alberto Aguilera'}, 'city': 'La Palma', 'state': 'Castilla y León', 'country': 'Spain', 'postcode': 76166, 'coordinates': {'latitude': '-32.8372', 'longitude': '-78.4066'}, 'timezone': {'offset': '+5:30', 'description': 'Bombay, Calcutta, Madras, New Delhi'}}, 'email': 'guillermo.torres@example.com', 'login': {'uuid': '7fb1465b-2600-4c0a-9b92-141a2976404a', 'username': 'organicdog186', 'password': 'r2d2', 'salt': 'jAbdWaOv', 'md5': '5e71d5b80604ffc08bec79bf87c3d1ea', 'sha1': '8c2e16f8286bb839ab4ac25380c3ead9ff37b807', 'sha256': '64d8bbba4b60b182e4c160c13480cc0c3263f92b4cbc242ac18d8ae404981799'}, 'dob': {'date': '1959-06-05T00:43:16.345Z', 'age': 64}, 'registered': {'date': '2003-11-14T15:01:39.161Z', 'age': 20}, 'phone': '916-442-026', 'cell': '608-818-009', 'id': {'name': 'DNI', 'value': '94139592-Y'}, 'picture': {'large': 'https://randomuser.me/api/portraits/men/63.jpg', 'medium': 'https://randomuser.me/api/portraits/med/men/63.jpg', 'thumbnail': 'https://randomuser.me/api/portraits/thumb/men/63.jpg'}, 'nat': 'ES'}</msg>
<arg>${json_data['results'][0]}</arg>
<doc>Logs the given message with the given level.</doc>
<status status="PASS" start="2024-03-20T16:52:49.718517" elapsed="0.000425"/>
</kw>
<kw name="Log" owner="BuiltIn">
<msg time="2024-03-20T16:52:49.719377" level="INFO">location</msg>
<arg>${key}</arg>
<doc>Logs the given message with the given level.</doc>
<status status="PASS" start="2024-03-20T16:52:49.719249" elapsed="0.000168"/>
</kw>
<var name="${key}">location</var>
<status status="PASS" start="2024-03-20T16:52:49.717542" elapsed="0.002094"/>
</iter>
<iter>
<kw name="Dictionary Should Contain Key" owner="Collections">
<msg time="2024-03-20T16:52:49.720341" level="INFO">False</msg>
<arg>${json_data['results'][0]}</arg>
<arg>${key}</arg>
<doc>Fails if ``key`` is not found from ``dictionary``.</doc>
<status status="PASS" start="2024-03-20T16:52:49.719919" elapsed="0.000462"/>
</kw>
<kw name="Log" owner="BuiltIn">
<msg time="2024-03-20T16:52:49.721044" level="INFO">{'gender': 'male', 'name': {'title': 'Mr', 'first': 'Guillermo', 'last': 'Torres'}, 'location': {'street': {'number': 1129, 'name': 'Calle de Alberto Aguilera'}, 'city': 'La Palma', 'state': 'Castilla y León', 'country': 'Spain', 'postcode': 76166, 'coordinates': {'latitude': '-32.8372', 'longitude': '-78.4066'}, 'timezone': {'offset': '+5:30', 'description': 'Bombay, Calcutta, Madras, New Delhi'}}, 'email': 'guillermo.torres@example.com', 'login': {'uuid': '7fb1465b-2600-4c0a-9b92-141a2976404a', 'username': 'organicdog186', 'password': 'r2d2', 'salt': 'jAbdWaOv', 'md5': '5e71d5b80604ffc08bec79bf87c3d1ea', 'sha1': '8c2e16f8286bb839ab4ac25380c3ead9ff37b807', 'sha256': '64d8bbba4b60b182e4c160c13480cc0c3263f92b4cbc242ac18d8ae404981799'}, 'dob': {'date': '1959-06-05T00:43:16.345Z', 'age': 64}, 'registered': {'date': '2003-11-14T15:01:39.161Z', 'age': 20}, 'phone': '916-442-026', 'cell': '608-818-009', 'id': {'name': 'DNI', 'value': '94139592-Y'}, 'picture': {'large': 'https://randomuser.me/api/portraits/men/63.jpg', 'medium': 'https://randomuser.me/api/portraits/med/men/63.jpg', 'thumbnail': 'https://randomuser.me/api/portraits/thumb/men/63.jpg'}, 'nat': 'ES'}</msg>
<arg>${json_data['results'][0]}</arg>
<doc>Logs the given message with the given level.</doc>
<status status="PASS" start="2024-03-20T16:52:49.720677" elapsed="0.000417"/>
</kw>
<kw name="Log" owner="BuiltIn">
<msg time="2024-03-20T16:52:49.721509" level="INFO">email</msg>
<arg>${key}</arg>
<doc>Logs the given message with the given level.</doc>
<status status="PASS" start="2024-03-20T16:52:49.721383" elapsed="0.000164"/>
</kw>
<var name="${key}">email</var>
<status status="PASS" start="2024-03-20T16:52:49.719816" elapsed="0.001949"/>
</iter>
<iter>
<kw name="Dictionary Should Contain Key" owner="Collections">
<msg time="2024-03-20T16:52:49.722435" level="INFO">False</msg>
<arg>${json_data['results'][0]}</arg>
<arg>${key}</arg>
<doc>Fails if ``key`` is not found from ``dictionary``.</doc>
<status status="PASS" start="2024-03-20T16:52:49.722047" elapsed="0.000427"/>
</kw>
<kw name="Log" owner="BuiltIn">
<msg time="2024-03-20T16:52:49.723135" level="INFO">{'gender': 'male', 'name': {'title': 'Mr', 'first': 'Guillermo', 'last': 'Torres'}, 'location': {'street': {'number': 1129, 'name': 'Calle de Alberto Aguilera'}, 'city': 'La Palma', 'state': 'Castilla y León', 'country': 'Spain', 'postcode': 76166, 'coordinates': {'latitude': '-32.8372', 'longitude': '-78.4066'}, 'timezone': {'offset': '+5:30', 'description': 'Bombay, Calcutta, Madras, New Delhi'}}, 'email': 'guillermo.torres@example.com', 'login': {'uuid': '7fb1465b-2600-4c0a-9b92-141a2976404a', 'username': 'organicdog186', 'password': 'r2d2', 'salt': 'jAbdWaOv', 'md5': '5e71d5b80604ffc08bec79bf87c3d1ea', 'sha1': '8c2e16f8286bb839ab4ac25380c3ead9ff37b807', 'sha256': '64d8bbba4b60b182e4c160c13480cc0c3263f92b4cbc242ac18d8ae404981799'}, 'dob': {'date': '1959-06-05T00:43:16.345Z', 'age': 64}, 'registered': {'date': '2003-11-14T15:01:39.161Z', 'age': 20}, 'phone': '916-442-026', 'cell': '608-818-009', 'id': {'name': 'DNI', 'value': '94139592-Y'}, 'picture': {'large': 'https://randomuser.me/api/portraits/men/63.jpg', 'medium': 'https://randomuser.me/api/portraits/med/men/63.jpg', 'thumbnail': 'https://randomuser.me/api/portraits/thumb/men/63.jpg'}, 'nat': 'ES'}</msg>
<arg>${json_data['results'][0]}</arg>
<doc>Logs the given message with the given level.</doc>
<status status="PASS" start="2024-03-20T16:52:49.722766" elapsed="0.000418"/>
</kw>
<kw name="Log" owner="BuiltIn">
<msg time="2024-03-20T16:52:49.723614" level="INFO">login</msg>
<arg>${key}</arg>
<doc>Logs the given message with the given level.</doc>
<status status="PASS" start="2024-03-20T16:52:49.723481" elapsed="0.000173"/>
</kw>
<var name="${key}">login</var>
<status status="PASS" start="2024-03-20T16:52:49.721944" elapsed="0.001971"/>
</iter>
<var>${key}</var>
<value>@{expected_keys}</value>
<status status="PASS" start="2024-03-20T16:52:49.712777" elapsed="0.011275"/>
</for>
<kw name="Create List" owner="BuiltIn">
<msg time="2024-03-20T16:52:49.724425" level="INFO">${expected_keysTwo} = ['username', 'password']</msg>
<var>${expected_keysTwo}</var>
<arg>username</arg>
<arg>password</arg>
<doc>Returns a list containing given items.</doc>
<status status="PASS" start="2024-03-20T16:52:49.724280" elapsed="0.000170"/>
</kw>
<for flavor="IN">
<iter>
<kw name="Dictionary Should Contain Key" owner="Collections">
<msg time="2024-03-20T16:52:49.725377" level="INFO">False</msg>
<arg>${json_data['results'][0]['login']}</arg>
<arg>${keyTwo}</arg>
<doc>Fails if ``key`` is not found from ``dictionary``.</doc>
<status status="PASS" start="2024-03-20T16:52:49.724981" elapsed="0.000437"/>
</kw>
<kw name="Dictionary Should Contain Key" owner="Collections">
<msg time="2024-03-20T16:52:49.726102" level="INFO">False</msg>
<arg>${json_data['results'][0]['login']}</arg>
<arg>${keyTwo}</arg>
<doc>Fails if ``key`` is not found from ``dictionary``.</doc>
<status status="PASS" start="2024-03-20T16:52:49.725713" elapsed="0.000428"/>
</kw>
<kw name="Log" owner="BuiltIn">
<msg time="2024-03-20T16:52:49.726560" level="INFO">username</msg>
<arg>${keyTwo}</arg>
<doc>Logs the given message with the given level.</doc>
<status status="PASS" start="2024-03-20T16:52:49.726431" elapsed="0.000169"/>
</kw>
<var name="${keyTwo}">username</var>
<status status="PASS" start="2024-03-20T16:52:49.724874" elapsed="0.001950"/>
</iter>
<iter>
<kw name="Dictionary Should Contain Key" owner="Collections">
<msg time="2024-03-20T16:52:49.727497" level="INFO">False</msg>
<arg>${json_data['results'][0]['login']}</arg>
<arg>${keyTwo}</arg>
<doc>Fails if ``key`` is not found from ``dictionary``.</doc>
<status status="PASS" start="2024-03-20T16:52:49.727106" elapsed="0.000430"/>
</kw>
<kw name="Dictionary Should Contain Key" owner="Collections">
<msg time="2024-03-20T16:52:49.728210" level="INFO">False</msg>
<arg>${json_data['results'][0]['login']}</arg>
<arg>${keyTwo}</arg>
<doc>Fails if ``key`` is not found from ``dictionary``.</doc>
<status status="PASS" start="2024-03-20T16:52:49.727828" elapsed="0.000454"/>
</kw>
<kw name="Log" owner="BuiltIn">
<msg time="2024-03-20T16:52:49.728707" level="INFO">password</msg>
<arg>${keyTwo}</arg>
<doc>Logs the given message with the given level.</doc>
<status status="PASS" start="2024-03-20T16:52:49.728579" elapsed="0.000167"/>
</kw>
<var name="${keyTwo}">password</var>
<status status="PASS" start="2024-03-20T16:52:49.727002" elapsed="0.001962"/>
</iter>
<var>${keyTwo}</var>
<value>@{expected_keysTwo}</value>
<status status="PASS" start="2024-03-20T16:52:49.724705" elapsed="0.004385"/>
</for>
<status status="PASS" start="2024-03-20T16:52:49.615206" elapsed="0.114032"/>
</kw>
<doc>Testa a estrutura da resposta da API.</doc>
<tag>testeEstruturaResposta</tag>
<status status="PASS" start="2024-03-20T16:52:49.614605" elapsed="0.114796"/>
</test>
<test id="s1-s1-t4" name="Validar tipos de dados" line="39">
<kw name="Teste de Tipos de Dados">
<kw name="GET On Session" owner="RequestsLibrary">
<msg time="2024-03-20T16:52:49.824466" level="INFO">GET Request : url=https://randomuser.me/api 
 path_url=/api 
 headers={'User-Agent': 'python-requests/2.31.0', 'Accept-Encoding': 'gzip, deflate', 'Accept': '*/*', 'Connection': 'keep-alive'} 
 body=None 
 </msg>
<msg time="2024-03-20T16:52:49.824578" level="INFO">GET Response : url=https://randomuser.me/api 
 status=200, reason=OK 
 headers={'Date': 'Wed, 20 Mar 2024 16:52:49 GMT', 'Content-Type': 'application/json; charset=utf-8', 'Transfer-Encoding': 'chunked', 'Connection': 'keep-alive', 'X-Powered-By': 'Express', 'Access-Control-Allow-Origin': '*', 'Cache-Control': 'no-cache', 'ETag': 'W/"48a-w/g4S/liZ7K+nZac/uaNd7wTRuc"', 'Vary': 'Accept-Encoding', 'Content-Encoding': 'gzip', 'CF-Cache-Status': 'DYNAMIC', 'Report-To': '{"endpoints":[{"url":"https:\\/\\/a.nel.cloudflare.com\\/report\\/v4?s=LmpMO%2BvZWR9nolKTZ4xwbPXUNndis5l%2F%2BY9S7HSVv1mcmDkXtmKJXrNfZ8cP6293Ur5ikkuA1A6SJH9PendR336mpF7C4P8Y%2BqlPZc%2FquDS0DGej3yNVtTFILt8dwekT"}],"group":"cf-nel","max_age":604800}', 'NEL': '{"success_fraction":0,"report_to":"cf-nel","max_age":604800}', 'Server': 'cloudflare', 'CF-RAY': '86773702de9bce40-SJC', 'alt-svc': 'h3=":443"; ma=86400'} 
 body={"results":[{"gender":"male","name":{"title":"Mr","first":"Alfredo","last":"Holmes"},"location":{"street":{"number":1192,"name":"Victoria Street"},"city":"Derby","state":"Warwickshire","country":"United Kingdom","postcode":"K4A 1TJ","coordinates":{"latitude":"-11.1619","longitude":"-56.4176"},"timezone":{"offset":"-2:00","description":"Mid-Atlantic"}},"email":"alfredo.holmes@example.com","login":{"uuid":"0661f4e2-3160-4990-a823-5b5c4c5d108d","username":"blackduck387","password":"kkkkkkkk","salt":"ofAdKJa6","md5":"56aec059465b31436607ca2a83428204","sha1":"48111680fa8c6b77374b474934eea000a6d65b81","sha256":"c2e9f4bb7b9b200d9d9d56ebf1fa93c83d820969ac0ac36e8617fe45802e24f3"},"dob":{"date":"1986-03-05T15:04:32.906Z","age":38},"registered":{"date":"2008-11-07T05:03:34.831Z","age":15},"phone":"015394 22764","cell":"07387 817946","id":{"name":"NINO","value":"ZJ 26 31 68 X"},"picture":{"large":"https://randomuser.me/api/portraits/men/78.jpg","medium":"https://randomuser.me/api/portraits/med/men/78.jpg","thumbnail":"https://randomuser.me/api/portraits/thumb/men/78.jpg"},"nat":"GB"}],"info":{"seed":"0f255c951fa98763","results":1,"page":1,"version":"1.4"}} 
 </msg>
<msg time="2024-03-20T16:52:49.824665" level="INFO">/opt/hostedtoolcache/Python/3.12.2/x64/lib/python3.12/site-packages/urllib3/connectionpool.py:1103: InsecureRequestWarning: Unverified HTTPS request is being made to host 'randomuser.me'. Adding certificate verification is strongly advised. See: https://urllib3.readthedocs.io/en/latest/advanced-usage.html#tls-warnings
  warnings.warn(</msg>
<msg time="2024-03-20T16:52:49.824809" level="INFO">${response} = &lt;Response [200]&gt;</msg>
<var>${response}</var>
<arg>consultarAPI</arg>
<arg>/api</arg>
<doc>Sends a GET request on a previously created HTTP Session.</doc>
<status status="PASS" start="2024-03-20T16:52:49.731865" elapsed="0.092998"/>
</kw>
<kw name="Set Variable" owner="BuiltIn">
<msg time="2024-03-20T16:52:49.826186" level="INFO">${json_data} = {'results': [{'gender': 'male', 'name': {'title': 'Mr', 'first': 'Alfredo', 'last': 'Holmes'}, 'location': {'street': {'number': 1192, 'name': 'Victoria Street'}, 'city': 'Derby', 'state': 'Warwickshi...</msg>
<var>${json_data}</var>
<arg>${response.json()}</arg>
<doc>Returns the given values which can then be assigned to a variables.</doc>
<status status="PASS" start="2024-03-20T16:52:49.825536" elapsed="0.000680"/>
</kw>
<kw name="Log" owner="BuiltIn">
<msg time="2024-03-20T16:52:49.826718" level="INFO">{'results': [{'gender': 'male', 'name': {'title': 'Mr', 'first': 'Alfredo', 'last': 'Holmes'}, 'location': {'street': {'number': 1192, 'name': 'Victoria Street'}, 'city': 'Derby', 'state': 'Warwickshire', 'country': 'United Kingdom', 'postcode': 'K4A 1TJ', 'coordinates': {'latitude': '-11.1619', 'longitude': '-56.4176'}, 'timezone': {'offset': '-2:00', 'description': 'Mid-Atlantic'}}, 'email': 'alfredo.holmes@example.com', 'login': {'uuid': '0661f4e2-3160-4990-a823-5b5c4c5d108d', 'username': 'blackduck387', 'password': 'kkkkkkkk', 'salt': 'ofAdKJa6', 'md5': '56aec059465b31436607ca2a83428204', 'sha1': '48111680fa8c6b77374b474934eea000a6d65b81', 'sha256': 'c2e9f4bb7b9b200d9d9d56ebf1fa93c83d820969ac0ac36e8617fe45802e24f3'}, 'dob': {'date': '1986-03-05T15:04:32.906Z', 'age': 38}, 'registered': {'date': '2008-11-07T05:03:34.831Z', 'age': 15}, 'phone': '015394 22764', 'cell': '07387 817946', 'id': {'name': 'NINO', 'value': 'ZJ 26 31 68 X'}, 'picture': {'large': 'https://randomuser.me/api/portraits/men/78.jpg', 'medium': 'https://randomuser.me/api/portraits/med/men/78.jpg', 'thumbnail': 'https://randomuser.me/api/portraits/thumb/men/78.jpg'}, 'nat': 'GB'}], 'info': {'seed': '0f255c951fa98763', 'results': 1, 'page': 1, 'version': '1.4'}}</msg>
<arg>${json_data}</arg>
<doc>Logs the given message with the given level.</doc>
<status status="PASS" start="2024-03-20T16:52:49.826553" elapsed="0.000252"/>
</kw>
<kw name="Should Be String" owner="String">
<arg>${json_data['results'][0]['gender']}</arg>
<doc>Fails if the given ``item`` is not a string.</doc>
<status status="PASS" start="2024-03-20T16:52:49.827120" elapsed="0.000380"/>
</kw>
<kw name="Should Match Regexp" owner="BuiltIn">
<arg>${json_data['results'][0]['email']}</arg>
<arg>^[a-zA-Z0-9._%+-]+@[a-zA-Z0-9.-]+\.[a-zA-Z]{2,}$</arg>
<doc>Fails if ``string`` does not match ``pattern`` as a regular expression.</doc>
<status status="PASS" start="2024-03-20T16:52:49.827695" elapsed="0.000726"/>
</kw>
<kw name="Should Match Regexp" owner="BuiltIn">
<arg>${json_data['results'][0]['dob']['date']}</arg>
<arg>\\d{4}-\\d{2}-\\d{2}T\\d{2}:\\d{2}:\\d{2}\\.\\d{3}Z</arg>
<doc>Fails if ``string`` does not match ``pattern`` as a regular expression.</doc>
<status status="PASS" start="2024-03-20T16:52:49.828632" elapsed="0.000502"/>
</kw>
<kw name="Should Match Regexp" owner="BuiltIn">
<arg>${json_data['results'][0]['registered']['date']}</arg>
<arg>\\d{4}-\\d{2}-\\d{2}T\\d{2}:\\d{2}:\\d{2}\\.\\d{3}Z</arg>
<doc>Fails if ``string`` does not match ``pattern`` as a regular expression.</doc>
<status status="PASS" start="2024-03-20T16:52:49.829326" elapsed="0.000379"/>
</kw>
<kw name="Should Match Regexp" owner="BuiltIn">
<arg>${json_data['results'][0]['picture']['large']}</arg>
<arg>^https?://.*\.(?:png|jpe?g|gif|bmp)$</arg>
<doc>Fails if ``string`` does not match ``pattern`` as a regular expression.</doc>
<status status="PASS" start="2024-03-20T16:52:49.829892" elapsed="0.000470"/>
</kw>
<kw name="Should Match Regexp" owner="BuiltIn">
<arg>${json_data['results'][0]['picture']['medium']}</arg>
<arg>^https?://.*\.(?:png|jpe?g|gif|bmp)$</arg>
<doc>Fails if ``string`` does not match ``pattern`` as a regular expression.</doc>
<status status="PASS" start="2024-03-20T16:52:49.830549" elapsed="0.000359"/>
</kw>
<kw name="Should Match Regexp" owner="BuiltIn">
<arg>${json_data['results'][0]['picture']['thumbnail']}</arg>
<arg>^https?://.*\.(?:png|jpe?g|gif|bmp)$</arg>
<doc>Fails if ``string`` does not match ``pattern`` as a regular expression.</doc>
<status status="PASS" start="2024-03-20T16:52:49.831089" elapsed="0.000352"/>
</kw>
<kw name="Log" owner="BuiltIn">
<msg time="2024-03-20T16:52:49.831952" level="INFO">{'large': 'https://randomuser.me/api/portraits/men/78.jpg', 'medium': 'https://randomuser.me/api/portraits/med/men/78.jpg', 'thumbnail': 'https://randomuser.me/api/portraits/thumb/men/78.jpg'}</msg>
<arg>${json_data['results'][0]['picture']}</arg>
<doc>Logs the given message with the given level.</doc>
<status status="PASS" start="2024-03-20T16:52:49.831619" elapsed="0.000376"/>
</kw>
<status status="PASS" start="2024-03-20T16:52:49.731640" elapsed="0.100654"/>
</kw>
<kw name="Teste de Tipos de Dados - Postcode">
<kw name="GET On Session" owner="RequestsLibrary">
<msg time="2024-03-20T16:52:49.918761" level="INFO">GET Request : url=https://randomuser.me/api 
 path_url=/api 
 headers={'User-Agent': 'python-requests/2.31.0', 'Accept-Encoding': 'gzip, deflate', 'Accept': '*/*', 'Connection': 'keep-alive'} 
 body=None 
 </msg>
<msg time="2024-03-20T16:52:49.918856" level="INFO">GET Response : url=https://randomuser.me/api 
 status=200, reason=OK 
 headers={'Date': 'Wed, 20 Mar 2024 16:52:49 GMT', 'Content-Type': 'application/json; charset=utf-8', 'Transfer-Encoding': 'chunked', 'Connection': 'keep-alive', 'X-Powered-By': 'Express', 'Access-Control-Allow-Origin': '*', 'Cache-Control': 'no-cache', 'ETag': 'W/"4b5-DIDYrrtqEgbrB893TSYu2MvKX9g"', 'Vary': 'Accept-Encoding', 'Content-Encoding': 'gzip', 'CF-Cache-Status': 'DYNAMIC', 'Report-To': '{"endpoints":[{"url":"https:\\/\\/a.nel.cloudflare.com\\/report\\/v4?s=G2MOdsIuhIHvQzporIQ%2Bdce8a1TIt6I7l4feUujDe8suUAVpZSszQe64HaH3dKCQHtFULxfvJYtbn0SMCd6PuK3RK%2BufspW3ObB8FA3M8K%2FahMvMfLkCu3BfupO6HZKL"}],"group":"cf-nel","max_age":604800}', 'NEL': '{"success_fraction":0,"report_to":"cf-nel","max_age":604800}', 'Server': 'cloudflare', 'CF-RAY': '867737037f1ece40-SJC', 'alt-svc': 'h3=":443"; ma=86400'} 
 body={"results":[{"gender":"male","name":{"title":"Mr","first":"Luis Miguel","last":"Leyva"},"location":{"street":{"number":4964,"name":"Diagonal Sur Bañuelos"},"city":"Entronque Congregación Hgo.","state":"Hidalgo","country":"Mexico","postcode":78601,"coordinates":{"latitude":"22.9884","longitude":"-94.0802"},"timezone":{"offset":"+8:00","description":"Beijing, Perth, Singapore, Hong Kong"}},"email":"luismiguel.leyva@example.com","login":{"uuid":"97d7946c-e48d-43b6-91ca-ed928e8f097d","username":"smallmouse925","password":"aaaa","salt":"4sF1nRAu","md5":"547723873bafcc469697e234022553fe","sha1":"f4d42fc5359dddf5d5026e24edaaa694fa5cc5b3","sha256":"e608528417f9bf36003f301ca2681c75af640879b7483dea3f0b82b7b23a6231"},"dob":{"date":"1993-01-09T17:01:19.460Z","age":31},"registered":{"date":"2013-08-03T04:58:17.343Z","age":10},"phone":"(659) 590 5480","cell":"(674) 253 6898","id":{"name":"NSS","value":"81 85 81 6136 4"},"picture":{"large":"https://randomuser.me/api/portraits/men/14.jpg","medium":"https://randomuser.me/api/portraits/med/men/14.jpg","thumbnail":"https://randomuser.me/api/portraits/thumb/men/14.jpg"},"nat":"MX"}],"info":{"seed":"114dfcbe035aa86a","results":1,"page":1,"version":"1.4"}} 
 </msg>
<msg time="2024-03-20T16:52:49.918939" level="INFO">/opt/hostedtoolcache/Python/3.12.2/x64/lib/python3.12/site-packages/urllib3/connectionpool.py:1103: InsecureRequestWarning: Unverified HTTPS request is being made to host 'randomuser.me'. Adding certificate verification is strongly advised. See: https://urllib3.readthedocs.io/en/latest/advanced-usage.html#tls-warnings
  warnings.warn(</msg>
<msg time="2024-03-20T16:52:49.919072" level="INFO">${response} = &lt;Response [200]&gt;</msg>
<var>${response}</var>
<arg>consultarAPI</arg>
<arg>/api</arg>
<doc>Sends a GET request on a previously created HTTP Session.</doc>
<status status="PASS" start="2024-03-20T16:52:49.832759" elapsed="0.086363"/>
</kw>
<kw name="Set Variable" owner="BuiltIn">
<msg time="2024-03-20T16:52:49.920506" level="INFO">${json_data} = {'results': [{'gender': 'male', 'name': {'title': 'Mr', 'first': 'Luis Miguel', 'last': 'Leyva'}, 'location': {'street': {'number': 4964, 'name': 'Diagonal Sur Bañuelos'}, 'city': 'Entronque Congregac...</msg>
<var>${json_data}</var>
<arg>${response.json()}</arg>
<doc>Returns the given values which can then be assigned to a variables.</doc>
<status status="PASS" start="2024-03-20T16:52:49.919758" elapsed="0.000779"/>
</kw>
<kw name="Log" owner="BuiltIn">
<msg time="2024-03-20T16:52:49.921042" level="INFO">{'results': [{'gender': 'male', 'name': {'title': 'Mr', 'first': 'Luis Miguel', 'last': 'Leyva'}, 'location': {'street': {'number': 4964, 'name': 'Diagonal Sur Bañuelos'}, 'city': 'Entronque Congregación Hgo.', 'state': 'Hidalgo', 'country': 'Mexico', 'postcode': 78601, 'coordinates': {'latitude': '22.9884', 'longitude': '-94.0802'}, 'timezone': {'offset': '+8:00', 'description': 'Beijing, Perth, Singapore, Hong Kong'}}, 'email': 'luismiguel.leyva@example.com', 'login': {'uuid': '97d7946c-e48d-43b6-91ca-ed928e8f097d', 'username': 'smallmouse925', 'password': 'aaaa', 'salt': '4sF1nRAu', 'md5': '547723873bafcc469697e234022553fe', 'sha1': 'f4d42fc5359dddf5d5026e24edaaa694fa5cc5b3', 'sha256': 'e608528417f9bf36003f301ca2681c75af640879b7483dea3f0b82b7b23a6231'}, 'dob': {'date': '1993-01-09T17:01:19.460Z', 'age': 31}, 'registered': {'date': '2013-08-03T04:58:17.343Z', 'age': 10}, 'phone': '(659) 590 5480', 'cell': '(674) 253 6898', 'id': {'name': 'NSS', 'value': '81 85 81 6136 4'}, 'picture': {'large': 'https://randomuser.me/api/portraits/men/14.jpg', 'medium': 'https://randomuser.me/api/portraits/med/men/14.jpg', 'thumbnail': 'https://randomuser.me/api/portraits/thumb/men/14.jpg'}, 'nat': 'MX'}], 'info': {'seed': '114dfcbe035aa86a', 'results': 1, 'page': 1, 'version': '1.4'}}</msg>
<arg>${json_data}</arg>
<doc>Logs the given message with the given level.</doc>
<status status="PASS" start="2024-03-20T16:52:49.920871" elapsed="0.000255"/>
</kw>
<kw name="Should Be Equal As Numbers" owner="BuiltIn">
<arg>${json_data['results'][0]['location']['postcode']}</arg>
<arg>${json_data['results'][0]['location']['postcode']}</arg>
<doc>Fails if objects are unequal after converting them to real numbers.</doc>
<status status="PASS" start="2024-03-20T16:52:49.921440" elapsed="0.000651"/>
</kw>
<kw name="Log" owner="BuiltIn">
<msg time="2024-03-20T16:52:49.922640" level="INFO">78601</msg>
<arg>${json_data['results'][0]['location']['postcode']}</arg>
<doc>Logs the given message with the given level.</doc>
<status status="PASS" start="2024-03-20T16:52:49.922290" elapsed="0.000394"/>
</kw>
<status status="PASS" start="2024-03-20T16:52:49.832528" elapsed="0.090428"/>
</kw>
<doc>Testa se os tipos de dados na resposta da API estão corretos.</doc>
<tag>testeTiposDados</tag>
<status status="PASS" start="2024-03-20T16:52:49.731178" elapsed="0.191957"/>
</test>
<test id="s1-s1-t5" name="Validar conteudo" line="46">
<kw name="Teste de Tipos de Conteudo">
<kw name="GET On Session" owner="RequestsLibrary">
<msg time="2024-03-20T16:52:50.030871" level="INFO">GET Request : url=https://randomuser.me/api 
 path_url=/api 
 headers={'User-Agent': 'python-requests/2.31.0', 'Accept-Encoding': 'gzip, deflate', 'Accept': '*/*', 'Connection': 'keep-alive'} 
 body=None 
 </msg>
<msg time="2024-03-20T16:52:50.030969" level="INFO">GET Response : url=https://randomuser.me/api 
 status=200, reason=OK 
 headers={'Date': 'Wed, 20 Mar 2024 16:52:50 GMT', 'Content-Type': 'application/json; charset=utf-8', 'Transfer-Encoding': 'chunked', 'Connection': 'keep-alive', 'X-Powered-By': 'Express', 'Access-Control-Allow-Origin': '*', 'Cache-Control': 'no-cache', 'ETag': 'W/"48a-w/g4S/liZ7K+nZac/uaNd7wTRuc"', 'Vary': 'Accept-Encoding', 'Content-Encoding': 'gzip', 'CF-Cache-Status': 'DYNAMIC', 'Report-To': '{"endpoints":[{"url":"https:\\/\\/a.nel.cloudflare.com\\/report\\/v4?s=B6hY2B7J4BK6YPpvVRVtoTyKl9xxW1QLOlgNlYMm1vhlPIDTPgpZfov2hRKMkTkvB%2B4Gr6zGwN07LrPnklewZrwvTgoBw2bhSsbT0%2B1o8EaUIz3teW1H0iX%2B9aWa7rrL"}],"group":"cf-nel","max_age":604800}', 'NEL': '{"success_fraction":0,"report_to":"cf-nel","max_age":604800}', 'Server': 'cloudflare', 'CF-RAY': '867737040fa5ce40-SJC', 'alt-svc': 'h3=":443"; ma=86400'} 
 body={"results":[{"gender":"male","name":{"title":"Mr","first":"Alfredo","last":"Holmes"},"location":{"street":{"number":1192,"name":"Victoria Street"},"city":"Derby","state":"Warwickshire","country":"United Kingdom","postcode":"K4A 1TJ","coordinates":{"latitude":"-11.1619","longitude":"-56.4176"},"timezone":{"offset":"-2:00","description":"Mid-Atlantic"}},"email":"alfredo.holmes@example.com","login":{"uuid":"0661f4e2-3160-4990-a823-5b5c4c5d108d","username":"blackduck387","password":"kkkkkkkk","salt":"ofAdKJa6","md5":"56aec059465b31436607ca2a83428204","sha1":"48111680fa8c6b77374b474934eea000a6d65b81","sha256":"c2e9f4bb7b9b200d9d9d56ebf1fa93c83d820969ac0ac36e8617fe45802e24f3"},"dob":{"date":"1986-03-05T15:04:32.906Z","age":38},"registered":{"date":"2008-11-07T05:03:34.831Z","age":15},"phone":"015394 22764","cell":"07387 817946","id":{"name":"NINO","value":"ZJ 26 31 68 X"},"picture":{"large":"https://randomuser.me/api/portraits/men/78.jpg","medium":"https://randomuser.me/api/portraits/med/men/78.jpg","thumbnail":"https://randomuser.me/api/portraits/thumb/men/78.jpg"},"nat":"GB"}],"info":{"seed":"0f255c951fa98763","results":1,"page":1,"version":"1.4"}} 
 </msg>
<msg time="2024-03-20T16:52:50.031039" level="INFO">/opt/hostedtoolcache/Python/3.12.2/x64/lib/python3.12/site-packages/urllib3/connectionpool.py:1103: InsecureRequestWarning: Unverified HTTPS request is being made to host 'randomuser.me'. Adding certificate verification is strongly advised. See: https://urllib3.readthedocs.io/en/latest/advanced-usage.html#tls-warnings
  warnings.warn(</msg>
<msg time="2024-03-20T16:52:50.031163" level="INFO">${response} = &lt;Response [200]&gt;</msg>
<var>${response}</var>
<arg>consultarAPI</arg>
<arg>/api</arg>
<doc>Sends a GET request on a previously created HTTP Session.</doc>
<status status="PASS" start="2024-03-20T16:52:49.925785" elapsed="0.105419"/>
</kw>
<kw name="Set Variable" owner="BuiltIn">
<msg time="2024-03-20T16:52:50.032469" level="INFO">${json_data} = {'results': [{'gender': 'male', 'name': {'title': 'Mr', 'first': 'Alfredo', 'last': 'Holmes'}, 'location': {'street': {'number': 1192, 'name': 'Victoria Street'}, 'city': 'Derby', 'state': 'Warwickshi...</msg>
<var>${json_data}</var>
<arg>${response.json()}</arg>
<doc>Returns the given values which can then be assigned to a variables.</doc>
<status status="PASS" start="2024-03-20T16:52:50.031849" elapsed="0.000649"/>
</kw>
<kw name="Set Variable" owner="BuiltIn">
<msg time="2024-03-20T16:52:50.033191" level="INFO">${name_title} = Mr</msg>
<var>${name_title}</var>
<arg>${json_data["results"][0]["name"]["title"]}</arg>
<doc>Returns the given values which can then be assigned to a variables.</doc>
<status status="PASS" start="2024-03-20T16:52:50.032801" elapsed="0.000416"/>
</kw>
<kw name="Create List" owner="BuiltIn">
<msg time="2024-03-20T16:52:50.033681" level="INFO">${allowed_titles} = ['Mr', 'Ms', 'Miss', 'Mrs', 'Madame', 'Monsieur']</msg>
<var>${allowed_titles}</var>
<arg>Mr</arg>
<arg>Ms</arg>
<arg>Miss</arg>
<arg>Mrs</arg>
<arg>Madame</arg>
<arg>Monsieur</arg>
<doc>Returns a list containing given items.</doc>
<status status="PASS" start="2024-03-20T16:52:50.033510" elapsed="0.000197"/>
</kw>
<kw name="List Should Contain Value" owner="Collections">
<msg time="2024-03-20T16:52:50.034194" level="INFO">False</msg>
<arg>${allowed_titles}</arg>
<arg>${name_title}</arg>
<doc>Fails if the ``value`` is not found from ``list``.</doc>
<status status="PASS" start="2024-03-20T16:52:50.034018" elapsed="0.000214"/>
</kw>
<kw name="Set Variable" owner="BuiltIn">
<msg time="2024-03-20T16:52:50.034919" level="INFO">${name_country} = GB</msg>
<var>${name_country}</var>
<arg>${json_data["results"][0]["nat"]}</arg>
<doc>Returns the given values which can then be assigned to a variables.</doc>
<status status="PASS" start="2024-03-20T16:52:50.034528" elapsed="0.000416"/>
</kw>
<kw name="Create List" owner="BuiltIn">
<msg time="2024-03-20T16:52:50.035839" level="INFO">${list_country} = ['AD', 'AE', 'AF', 'AG', 'AI', 'AL', 'AM', 'AO', 'AQ', 'AR', 'AS', 'AT', 'AU', 'AW', 'AX', 'AZ', 'BA', 'BB', 'BD', 'BE', 'BF', 'BG', 'BH', 'BI', 'BJ', 'BL', 'BM', 'BN', 'BO', 'BQ', 'BR', 'BS', 'BT', '...</msg>
<var>${list_country}</var>
<arg>AD</arg>
<arg>AE</arg>
<arg>AF</arg>
<arg>AG</arg>
<arg>AI</arg>
<arg>AL</arg>
<arg>AM</arg>
<arg>AO</arg>
<arg>AQ</arg>
<arg>AR</arg>
<arg>AS</arg>
<arg>AT</arg>
<arg>AU</arg>
<arg>AW</arg>
<arg>AX</arg>
<arg>AZ</arg>
<arg>BA</arg>
<arg>BB</arg>
<arg>BD</arg>
<arg>BE</arg>
<arg>BF</arg>
<arg>BG</arg>
<arg>BH</arg>
<arg>BI</arg>
<arg>BJ</arg>
<arg>BL</arg>
<arg>BM</arg>
<arg>BN</arg>
<arg>BO</arg>
<arg>BQ</arg>
<arg>BR</arg>
<arg>BS</arg>
<arg>BT</arg>
<arg>BV</arg>
<arg>BW</arg>
<arg>BY</arg>
<arg>BZ</arg>
<arg>CA</arg>
<arg>CC</arg>
<arg>CD</arg>
<arg>CF</arg>
<arg>CG</arg>
<arg>CH</arg>
<arg>CI</arg>
<arg>CK</arg>
<arg>CL</arg>
<arg>CM</arg>
<arg>CN</arg>
<arg>CO</arg>
<arg>CR</arg>
<arg>CU</arg>
<arg>CV</arg>
<arg>CW</arg>
<arg>CX</arg>
<arg>CY</arg>
<arg>CZ</arg>
<arg>DE</arg>
<arg>DJ</arg>
<arg>DK</arg>
<arg>DM</arg>
<arg>DO</arg>
<arg>DZ</arg>
<arg>EC</arg>
<arg>EE</arg>
<arg>EG</arg>
<arg>EH</arg>
<arg>ER</arg>
<arg>ES</arg>
<arg>ET</arg>
<arg>FI</arg>
<arg>FJ</arg>
<arg>FK</arg>
<arg>FM</arg>
<arg>FO</arg>
<arg>FR</arg>
<arg>GA</arg>
<arg>GB</arg>
<arg>GD</arg>
<arg>GE</arg>
<arg>GF</arg>
<arg>GG</arg>
<arg>GH</arg>
<arg>GI</arg>
<arg>GL</arg>
<arg>GM</arg>
<arg>GN</arg>
<arg>GP</arg>
<arg>GQ</arg>
<arg>GR</arg>
<arg>GS</arg>
<arg>GT</arg>
<arg>GU</arg>
<arg>GW</arg>
<arg>GY</arg>
<arg>HK</arg>
<arg>HM</arg>
<arg>HN</arg>
<arg>HR</arg>
<arg>HT</arg>
<arg>HU</arg>
<arg>ID</arg>
<arg>IE</arg>
<arg>IL</arg>
<arg>IM</arg>
<arg>IN</arg>
<arg>IO</arg>
<arg>IQ</arg>
<arg>IR</arg>
<arg>IS</arg>
<arg>IT</arg>
<arg>JE</arg>
<arg>JM</arg>
<arg>JO</arg>
<arg>JP</arg>
<arg>KE</arg>
<arg>KG</arg>
<arg>KH</arg>
<arg>KI</arg>
<arg>KM</arg>
<arg>KN</arg>
<arg>KP</arg>
<arg>KR</arg>
<arg>KW</arg>
<arg>KY</arg>
<arg>KZ</arg>
<arg>LA</arg>
<arg>LB</arg>
<arg>LC</arg>
<arg>LI</arg>
<arg>LK</arg>
<arg>LR</arg>
<arg>LS</arg>
<arg>LT</arg>
<arg>LU</arg>
<arg>LV</arg>
<arg>LY</arg>
<arg>MA</arg>
<arg>MC</arg>
<arg>MD</arg>
<arg>ME</arg>
<arg>MF</arg>
<arg>MG</arg>
<arg>MH</arg>
<arg>MK</arg>
<arg>ML</arg>
<arg>MM</arg>
<arg>MN</arg>
<arg>MO</arg>
<arg>MP</arg>
<arg>MQ</arg>
<arg>MR</arg>
<arg>MS</arg>
<arg>MT</arg>
<arg>MU</arg>
<arg>MV</arg>
<arg>MW</arg>
<arg>MX</arg>
<arg>MY</arg>
<arg>MZ</arg>
<arg>NA</arg>
<arg>NC</arg>
<arg>NE</arg>
<arg>NF</arg>
<arg>NG</arg>
<arg>NI</arg>
<arg>NL</arg>
<arg>NO</arg>
<arg>NP</arg>
<arg>NR</arg>
<arg>NU</arg>
<arg>NZ</arg>
<arg>OM</arg>
<arg>PA</arg>
<arg>PE</arg>
<arg>PF</arg>
<arg>PG</arg>
<arg>PH</arg>
<arg>PK</arg>
<arg>PL</arg>
<arg>PM</arg>
<arg>PN</arg>
<arg>PR</arg>
<arg>PS</arg>
<arg>PT</arg>
<arg>PW</arg>
<arg>PY</arg>
<arg>QA</arg>
<arg>RE</arg>
<arg>RO</arg>
<arg>RS</arg>
<arg>RU</arg>
<arg>RW</arg>
<arg>SA</arg>
<arg>SB</arg>
<arg>SC</arg>
<arg>SD</arg>
<arg>SE</arg>
<arg>SG</arg>
<arg>SH</arg>
<arg>SI</arg>
<arg>SJ</arg>
<arg>SK</arg>
<arg>SL</arg>
<arg>SM</arg>
<arg>SN</arg>
<arg>SO</arg>
<arg>SR</arg>
<arg>SS</arg>
<arg>ST</arg>
<arg>SV</arg>
<arg>SX</arg>
<arg>SY</arg>
<arg>SZ</arg>
<arg>TC</arg>
<arg>TD</arg>
<arg>TF</arg>
<arg>TG</arg>
<arg>TH</arg>
<arg>TJ</arg>
<arg>TK</arg>
<arg>TL</arg>
<arg>TM</arg>
<arg>TN</arg>
<arg>TO</arg>
<arg>TR</arg>
<arg>TT</arg>
<arg>TV</arg>
<arg>TW</arg>
<arg>TZ</arg>
<arg>UA</arg>
<arg>UG</arg>
<arg>UM</arg>
<arg>US</arg>
<arg>UY</arg>
<arg>UZ</arg>
<arg>VA</arg>
<arg>VC</arg>
<arg>VE</arg>
<arg>VG</arg>
<arg>VI</arg>
<arg>VN</arg>
<arg>VU</arg>
<arg>WF</arg>
<arg>WS</arg>
<arg>XK</arg>
<arg>YE</arg>
<arg>YT</arg>
<arg>ZA</arg>
<arg>ZM</arg>
<arg>ZW</arg>
<doc>Returns a list containing given items.</doc>
<status status="PASS" start="2024-03-20T16:52:50.035239" elapsed="0.000625"/>
</kw>
<kw name="List Should Contain Value" owner="Collections">
<msg time="2024-03-20T16:52:50.037073" level="INFO">False</msg>
<arg>${list_country}</arg>
<arg>${name_country}</arg>
<doc>Fails if the ``value`` is not found from ``list``.</doc>
<status status="PASS" start="2024-03-20T16:52:50.036863" elapsed="0.000248"/>
</kw>
<kw name="Run Keyword If" owner="BuiltIn">
<kw name="Should Be True" owner="BuiltIn">
<arg>${True}</arg>
<doc>Fails if the given condition is not true.</doc>
<status status="PASS" start="2024-03-20T16:52:50.038168" elapsed="0.000144"/>
</kw>
<arg>${json_data["results"][0]["location"]["coordinates"]["latitude"]} &gt;= -90 and ${json_data["results"][0]["location"]["coordinates"]["latitude"]} &lt;= 90</arg>
<arg>Should Be True</arg>
<arg>${True}</arg>
<doc>Runs the given keyword with the given arguments, if ``condition`` is true.</doc>
<status status="PASS" start="2024-03-20T16:52:50.037427" elapsed="0.001010"/>
</kw>
<kw name="Run Keyword If" owner="BuiltIn">
<kw name="Should Be True" owner="BuiltIn">
<arg>${True}</arg>
<doc>Fails if the given condition is not true.</doc>
<status status="PASS" start="2024-03-20T16:52:50.039311" elapsed="0.000138"/>
</kw>
<arg>${json_data["results"][0]["location"]["coordinates"]["longitude"]} &gt;= -180 and ${json_data["results"][0]["location"]["coordinates"]["longitude"]} &lt;= 180</arg>
<arg>Should Be True</arg>
<arg>${True}</arg>
<doc>Runs the given keyword with the given arguments, if ``condition`` is true.</doc>
<status status="PASS" start="2024-03-20T16:52:50.038612" elapsed="0.000961"/>
</kw>
<status status="PASS" start="2024-03-20T16:52:49.925552" elapsed="0.114153"/>
</kw>
<doc>Testa o conteúdo específico dos campos retornados pela API.</doc>
<tag>testeConteudo</tag>
<status status="PASS" start="2024-03-20T16:52:49.924980" elapsed="0.114881"/>
</test>
<status status="PASS" start="2024-03-20T16:52:49.218274" elapsed="0.823594"/>
</suite>
<status status="PASS" start="2024-03-20T16:52:49.204260" elapsed="0.842992"/>
</suite>
<statistics>
<total>
<stat pass="5" fail="0" skip="0">All Tests</stat>
</total>
<tag>
<stat pass="1" fail="0" skip="0">testeConteudo</stat>
<stat pass="1" fail="0" skip="0">testeEstruturaResposta</stat>
<stat pass="1" fail="0" skip="0">testeRequisicaoBasica</stat>
<stat pass="1" fail="0" skip="0">testeTiposDados</stat>
</tag>
<suite>
<stat pass="5" fail="0" skip="0" id="s1" name="Tests">Tests</stat>
<stat pass="5" fail="0" skip="0" id="s1-s1" name="Random-User-Test">Tests.Random-User-Test</stat>
</suite>
</statistics>
<errors>
</errors>
</robot>
