<?xml version="1.0" encoding="UTF-8"?>
<robot generator="Robot 7.0.1 (Python 3.12.4 on linux)" generated="2024-08-09T01:10:09.494710" rpa="false" schemaversion="5">
<suite id="s1" name="Tests" source="/home/runner/work/ApiRandomUser/ApiRandomUser/RamdonUser/tests">
<suite id="s1-s1" name="Random-User-Test" source="/home/runner/work/ApiRandomUser/ApiRandomUser/RamdonUser/tests/random-user-test.robot">
<test id="s1-s1-t1" name="Conectar" line="13">
<kw name="Conectar API" owner="random-user-service">
<kw name="Create Session" owner="RequestsLibrary">
<msg time="2024-08-09T01:10:09.913347" level="INFO">Creating Session using : alias=consultarAPI, url=https://randomuser.me/, headers={},                     cookies={}, auth=None, timeout=None, proxies=None, verify=False,                     debug=0 </msg>
<arg>consultarAPI</arg>
<arg>${URL}</arg>
<doc>Create Session: create a HTTP session to a server</doc>
<status status="PASS" start="2024-08-09T01:10:09.913150" elapsed="0.000369"/>
</kw>
<status status="PASS" start="2024-08-09T01:10:09.912125" elapsed="0.001742"/>
</kw>
<status status="PASS" start="2024-08-09T01:10:09.911479" elapsed="0.002579"/>
</test>
<test id="s1-s1-t2" name="Validar retorno 200 e JSON Válido" line="16">
<kw name="Teste de Requisicao Basica" owner="random-user-service">
<kw name="GET On Session" owner="RequestsLibrary">
<msg time="2024-08-09T01:10:10.115593" level="INFO">GET Request : url=https://randomuser.me/api 
 path_url=/api 
 headers={'User-Agent': 'python-requests/2.32.3', 'Accept-Encoding': 'gzip, deflate', 'Accept': '*/*', 'Connection': 'keep-alive'} 
 body=None 
 </msg>
<msg time="2024-08-09T01:10:10.115767" level="INFO">GET Response : url=https://randomuser.me/api 
 status=200, reason=OK 
 headers={'Date': 'Fri, 09 Aug 2024 01:10:10 GMT', 'Content-Type': 'application/json; charset=utf-8', 'Transfer-Encoding': 'chunked', 'Connection': 'keep-alive', 'X-Powered-By': 'Express', 'Access-Control-Allow-Origin': '*', 'Cache-Control': 'no-cache', 'ETag': 'W/"471-IdTpLcgwJEtSftCAss/Y9SxYZec"', 'Vary': 'Accept-Encoding', 'Content-Encoding': 'gzip', 'CF-Cache-Status': 'DYNAMIC', 'Report-To': '{"endpoints":[{"url":"https:\\/\\/a.nel.cloudflare.com\\/report\\/v4?s=lYqnW3K%2FSydVOsk5digh5XQPRtmdihwez4ByVXynMv6dqHG6neosXSK%2BXH2Bu%2FvyqOKv%2Fc4rLz8YC1aVhmBVgTUehp7umZaTQsHCirUgy1n2CYECls96g90HSsAeNJKK"}],"group":"cf-nel","max_age":604800}', 'NEL': '{"success_fraction":0,"report_to":"cf-nel","max_age":604800}', 'Server': 'cloudflare', 'CF-RAY': '8b03dd686b78c947-IAD', 'alt-svc': 'h3=":443"; ma=86400'} 
 body={"results":[{"gender":"male","name":{"title":"Mr","first":"Josh","last":"Wilson"},"location":{"street":{"number":6404,"name":"Church Street"},"city":"Bray","state":"Laois","country":"Ireland","postcode":18090,"coordinates":{"latitude":"1.3490","longitude":"-148.4312"},"timezone":{"offset":"-11:00","description":"Midway Island, Samoa"}},"email":"josh.wilson@example.com","login":{"uuid":"8f0a1271-a542-4564-aece-f09e965be89c","username":"silverswan982","password":"tristan","salt":"Oxphvyqx","md5":"7454cbcf028d314224574cb689a1e800","sha1":"e9c3a0408f70b748a65218549d22f8678035d145","sha256":"1b018d8f74c669b67bdbbe02194ceb4f9d231eae74d9f8dad42a00b866244dd0"},"dob":{"date":"1947-10-31T09:42:23.731Z","age":76},"registered":{"date":"2014-02-10T19:37:20.700Z","age":10},"phone":"051-436-9557","cell":"081-556-8831","id":{"name":"PPS","value":"2642884T"},"picture":{"large":"https://randomuser.me/api/portraits/men/92.jpg","medium":"https://randomuser.me/api/portraits/med/men/92.jpg","thumbnail":"https://randomuser.me/api/portraits/thumb/men/92.jpg"},"nat":"IE"}],"info":{"seed":"3889cbc5c6ce89ff","results":1,"page":1,"version":"1.4"}} 
 </msg>
<msg time="2024-08-09T01:10:10.115853" level="INFO">/opt/hostedtoolcache/Python/3.12.4/x64/lib/python3.12/site-packages/urllib3/connectionpool.py:1099: InsecureRequestWarning: Unverified HTTPS request is being made to host 'randomuser.me'. Adding certificate verification is strongly advised. See: https://urllib3.readthedocs.io/en/latest/advanced-usage.html#tls-warnings
  warnings.warn(</msg>
<msg time="2024-08-09T01:10:10.116012" level="INFO">${response} = &lt;Response [200]&gt;</msg>
<var>${response}</var>
<arg>consultarAPI</arg>
<arg>/api</arg>
<doc>Sends a GET request on a previously created HTTP Session.</doc>
<status status="PASS" start="2024-08-09T01:10:09.916675" elapsed="0.199369"/>
</kw>
<kw name="Should Be Equal As Numbers" owner="BuiltIn">
<msg time="2024-08-09T01:10:10.116980" level="INFO">Argument types are:
&lt;class 'int'&gt;
&lt;class 'str'&gt;</msg>
<arg>${response.status_code}</arg>
<arg>200</arg>
<doc>Fails if objects are unequal after converting them to real numbers.</doc>
<status status="PASS" start="2024-08-09T01:10:10.116533" elapsed="0.000511"/>
</kw>
<kw name="Log" owner="BuiltIn">
<msg time="2024-08-09T01:10:10.117710" level="INFO">200</msg>
<arg>${response.status_code}</arg>
<doc>Logs the given message with the given level.</doc>
<status status="PASS" start="2024-08-09T01:10:10.117357" elapsed="0.000394"/>
</kw>
<kw name="Set Variable" owner="BuiltIn">
<msg time="2024-08-09T01:10:10.118485" level="INFO">${json_data} = {'results': [{'gender': 'male', 'name': {'title': 'Mr', 'first': 'Josh', 'last': 'Wilson'}, 'location': {'street': {'number': 6404, 'name': 'Church Street'}, 'city': 'Bray', 'state': 'Laois', 'country...</msg>
<var>${json_data}</var>
<arg>${response.json()}</arg>
<doc>Returns the given values which can then be assigned to a variables.</doc>
<status status="PASS" start="2024-08-09T01:10:10.118054" elapsed="0.000461"/>
</kw>
<kw name="Dictionary Should Contain Key" owner="Collections">
<arg>${json_data}</arg>
<arg>results</arg>
<doc>Fails if ``key`` is not found from ``dictionary``.</doc>
<status status="PASS" start="2024-08-09T01:10:10.118812" elapsed="0.000322"/>
</kw>
<status status="PASS" start="2024-08-09T01:10:09.916437" elapsed="0.202853"/>
</kw>
<doc>Testa se a API responde corretamente e retorna um objeto JSON válido.</doc>
<tag>testeRequisicaoBasica</tag>
<status status="PASS" start="2024-08-09T01:10:09.915914" elapsed="0.203551"/>
</test>
<test id="s1-s1-t3" name="Validar estrutura de resposta" line="22">
<kw name="Teste de Estrutura de Resposta" owner="random-user-service">
<kw name="GET On Session" owner="RequestsLibrary">
<msg time="2024-08-09T01:10:10.163068" level="INFO">GET Request : url=https://randomuser.me/api 
 path_url=/api 
 headers={'User-Agent': 'python-requests/2.32.3', 'Accept-Encoding': 'gzip, deflate', 'Accept': '*/*', 'Connection': 'keep-alive'} 
 body=None 
 </msg>
<msg time="2024-08-09T01:10:10.163193" level="INFO">GET Response : url=https://randomuser.me/api 
 status=200, reason=OK 
 headers={'Date': 'Fri, 09 Aug 2024 01:10:10 GMT', 'Content-Type': 'application/json; charset=utf-8', 'Transfer-Encoding': 'chunked', 'Connection': 'keep-alive', 'X-Powered-By': 'Express', 'Access-Control-Allow-Origin': '*', 'Cache-Control': 'no-cache', 'ETag': 'W/"49b-TxfvvqSHa2g6EM6JroF7g+iEOzQ"', 'Vary': 'Accept-Encoding', 'Content-Encoding': 'gzip', 'CF-Cache-Status': 'DYNAMIC', 'Report-To': '{"endpoints":[{"url":"https:\\/\\/a.nel.cloudflare.com\\/report\\/v4?s=pK8DBTc1c0nra3KxVUJf3NgIYZgeczyn4t5iXKvOE12gPrEKXZV%2BpNbscVSsSJw60Aibd%2Bj2Qg4eMIgs%2BdXEj8uIJA7mg%2Bl%2BNfBc3ZD5iTU9KFm%2B4Xpwr9mUvqUQ%2BkP9"}],"group":"cf-nel","max_age":604800}', 'NEL': '{"success_fraction":0,"report_to":"cf-nel","max_age":604800}', 'Server': 'cloudflare', 'CF-RAY': '8b03dd694e07c947-IAD', 'alt-svc': 'h3=":443"; ma=86400'} 
 body={"results":[{"gender":"male","name":{"title":"Mr","first":"Romarico","last":"Nascimento"},"location":{"street":{"number":1990,"name":"Rua Santa Catarina "},"city":"Maringá","state":"Rio Grande do Norte","country":"Brazil","postcode":19993,"coordinates":{"latitude":"-79.0341","longitude":"-107.4496"},"timezone":{"offset":"-3:30","description":"Newfoundland"}},"email":"romarico.nascimento@example.com","login":{"uuid":"da53a8b1-1563-4836-a654-b67364cbc563","username":"goldenfish733","password":"halifax","salt":"hwxmIoA4","md5":"cfe98c0878c8405b4eb16b3a71b33ded","sha1":"f738d86ad56087b90adf53c53bcaf16a1d0c0ac1","sha256":"1e24e4ddf5be6724c5733ec58412bc72144b1551204f5d9170d214d398c1b051"},"dob":{"date":"1969-03-16T10:21:54.109Z","age":55},"registered":{"date":"2011-06-04T00:26:16.528Z","age":13},"phone":"(42) 7773-4134","cell":"(60) 6611-9361","id":{"name":"CPF","value":"861.751.392-62"},"picture":{"large":"https://randomuser.me/api/portraits/men/19.jpg","medium":"https://randomuser.me/api/portraits/med/men/19.jpg","thumbnail":"https://randomuser.me/api/portraits/thumb/men/19.jpg"},"nat":"BR"}],"info":{"seed":"24c2da68cbe771f3","results":1,"page":1,"version":"1.4"}} 
 </msg>
<msg time="2024-08-09T01:10:10.163368" level="INFO">/opt/hostedtoolcache/Python/3.12.4/x64/lib/python3.12/site-packages/urllib3/connectionpool.py:1099: InsecureRequestWarning: Unverified HTTPS request is being made to host 'randomuser.me'. Adding certificate verification is strongly advised. See: https://urllib3.readthedocs.io/en/latest/advanced-usage.html#tls-warnings
  warnings.warn(</msg>
<msg time="2024-08-09T01:10:10.163519" level="INFO">${response} = &lt;Response [200]&gt;</msg>
<var>${response}</var>
<arg>consultarAPI</arg>
<arg>/api</arg>
<doc>Sends a GET request on a previously created HTTP Session.</doc>
<status status="PASS" start="2024-08-09T01:10:10.122276" elapsed="0.041284"/>
</kw>
<kw name="Set Variable" owner="BuiltIn">
<msg time="2024-08-09T01:10:10.164960" level="INFO">${json_data} = {'results': [{'gender': 'male', 'name': {'title': 'Mr', 'first': 'Romarico', 'last': 'Nascimento'}, 'location': {'street': {'number': 1990, 'name': 'Rua Santa Catarina '}, 'city': 'Maringá', 'state': ...</msg>
<var>${json_data}</var>
<arg>${response.json()}</arg>
<doc>Returns the given values which can then be assigned to a variables.</doc>
<status status="PASS" start="2024-08-09T01:10:10.164175" elapsed="0.000835"/>
</kw>
<kw name="Log" owner="BuiltIn">
<msg time="2024-08-09T01:10:10.165675" level="INFO">{'results': [{'gender': 'male', 'name': {'title': 'Mr', 'first': 'Romarico', 'last': 'Nascimento'}, 'location': {'street': {'number': 1990, 'name': 'Rua Santa Catarina '}, 'city': 'Maringá', 'state': 'Rio Grande do Norte', 'country': 'Brazil', 'postcode': 19993, 'coordinates': {'latitude': '-79.0341', 'longitude': '-107.4496'}, 'timezone': {'offset': '-3:30', 'description': 'Newfoundland'}}, 'email': 'romarico.nascimento@example.com', 'login': {'uuid': 'da53a8b1-1563-4836-a654-b67364cbc563', 'username': 'goldenfish733', 'password': 'halifax', 'salt': 'hwxmIoA4', 'md5': 'cfe98c0878c8405b4eb16b3a71b33ded', 'sha1': 'f738d86ad56087b90adf53c53bcaf16a1d0c0ac1', 'sha256': '1e24e4ddf5be6724c5733ec58412bc72144b1551204f5d9170d214d398c1b051'}, 'dob': {'date': '1969-03-16T10:21:54.109Z', 'age': 55}, 'registered': {'date': '2011-06-04T00:26:16.528Z', 'age': 13}, 'phone': '(42) 7773-4134', 'cell': '(60) 6611-9361', 'id': {'name': 'CPF', 'value': '861.751.392-62'}, 'picture': {'large': 'https://randomuser.me/api/portraits/men/19.jpg', 'medium': 'https://randomuser.me/api/portraits/med/men/19.jpg', 'thumbnail': 'https://randomuser.me/api/portraits/thumb/men/19.jpg'}, 'nat': 'BR'}], 'info': {'seed': '24c2da68cbe771f3', 'results': 1, 'page': 1, 'version': '1.4'}}</msg>
<arg>${json_data}</arg>
<doc>Logs the given message with the given level.</doc>
<status status="PASS" start="2024-08-09T01:10:10.165444" elapsed="0.000323"/>
</kw>
<kw name="Dictionary Should Contain Key" owner="Collections">
<arg>${json_data}</arg>
<arg>results</arg>
<doc>Fails if ``key`` is not found from ``dictionary``.</doc>
<status status="PASS" start="2024-08-09T01:10:10.166221" elapsed="0.000257"/>
</kw>
<kw name="Should Not Be Empty" owner="BuiltIn">
<msg time="2024-08-09T01:10:10.166995" level="INFO">Length is 2.</msg>
<arg>${json_data}</arg>
<doc>Verifies that the given item is not empty.</doc>
<status status="PASS" start="2024-08-09T01:10:10.166791" elapsed="0.000268"/>
</kw>
<kw name="Create List" owner="BuiltIn">
<msg time="2024-08-09T01:10:10.167780" level="INFO">${expected_keys} = ['gender', 'name', 'location', 'email', 'login']</msg>
<var>${expected_keys}</var>
<arg>gender</arg>
<arg>name</arg>
<arg>location</arg>
<arg>email</arg>
<arg>login</arg>
<doc>Returns a list containing given items.</doc>
<status status="PASS" start="2024-08-09T01:10:10.167509" elapsed="0.000317"/>
</kw>
<for flavor="IN">
<iter>
<kw name="Dictionary Should Contain Key" owner="Collections">
<arg>${json_data['results'][0]}</arg>
<arg>${key}</arg>
<doc>Fails if ``key`` is not found from ``dictionary``.</doc>
<status status="PASS" start="2024-08-09T01:10:10.168697" elapsed="0.000692"/>
</kw>
<kw name="Log" owner="BuiltIn">
<msg time="2024-08-09T01:10:10.170301" level="INFO">{'gender': 'male', 'name': {'title': 'Mr', 'first': 'Romarico', 'last': 'Nascimento'}, 'location': {'street': {'number': 1990, 'name': 'Rua Santa Catarina '}, 'city': 'Maringá', 'state': 'Rio Grande do Norte', 'country': 'Brazil', 'postcode': 19993, 'coordinates': {'latitude': '-79.0341', 'longitude': '-107.4496'}, 'timezone': {'offset': '-3:30', 'description': 'Newfoundland'}}, 'email': 'romarico.nascimento@example.com', 'login': {'uuid': 'da53a8b1-1563-4836-a654-b67364cbc563', 'username': 'goldenfish733', 'password': 'halifax', 'salt': 'hwxmIoA4', 'md5': 'cfe98c0878c8405b4eb16b3a71b33ded', 'sha1': 'f738d86ad56087b90adf53c53bcaf16a1d0c0ac1', 'sha256': '1e24e4ddf5be6724c5733ec58412bc72144b1551204f5d9170d214d398c1b051'}, 'dob': {'date': '1969-03-16T10:21:54.109Z', 'age': 55}, 'registered': {'date': '2011-06-04T00:26:16.528Z', 'age': 13}, 'phone': '(42) 7773-4134', 'cell': '(60) 6611-9361', 'id': {'name': 'CPF', 'value': '861.751.392-62'}, 'picture': {'large': 'https://randomuser.me/api/portraits/men/19.jpg', 'medium': 'https://randomuser.me/api/portraits/med/men/19.jpg', 'thumbnail': 'https://randomuser.me/api/portraits/thumb/men/19.jpg'}, 'nat': 'BR'}</msg>
<arg>${json_data['results'][0]}</arg>
<doc>Logs the given message with the given level.</doc>
<status status="PASS" start="2024-08-09T01:10:10.169682" elapsed="0.000705"/>
</kw>
<kw name="Log" owner="BuiltIn">
<msg time="2024-08-09T01:10:10.171004" level="INFO">gender</msg>
<arg>${key}</arg>
<doc>Logs the given message with the given level.</doc>
<status status="PASS" start="2024-08-09T01:10:10.170815" elapsed="0.000252"/>
</kw>
<var name="${key}">gender</var>
<status status="PASS" start="2024-08-09T01:10:10.168505" elapsed="0.002906"/>
</iter>
<iter>
<kw name="Dictionary Should Contain Key" owner="Collections">
<arg>${json_data['results'][0]}</arg>
<arg>${key}</arg>
<doc>Fails if ``key`` is not found from ``dictionary``.</doc>
<status status="PASS" start="2024-08-09T01:10:10.171942" elapsed="0.000671"/>
</kw>
<kw name="Log" owner="BuiltIn">
<msg time="2024-08-09T01:10:10.173572" level="INFO">{'gender': 'male', 'name': {'title': 'Mr', 'first': 'Romarico', 'last': 'Nascimento'}, 'location': {'street': {'number': 1990, 'name': 'Rua Santa Catarina '}, 'city': 'Maringá', 'state': 'Rio Grande do Norte', 'country': 'Brazil', 'postcode': 19993, 'coordinates': {'latitude': '-79.0341', 'longitude': '-107.4496'}, 'timezone': {'offset': '-3:30', 'description': 'Newfoundland'}}, 'email': 'romarico.nascimento@example.com', 'login': {'uuid': 'da53a8b1-1563-4836-a654-b67364cbc563', 'username': 'goldenfish733', 'password': 'halifax', 'salt': 'hwxmIoA4', 'md5': 'cfe98c0878c8405b4eb16b3a71b33ded', 'sha1': 'f738d86ad56087b90adf53c53bcaf16a1d0c0ac1', 'sha256': '1e24e4ddf5be6724c5733ec58412bc72144b1551204f5d9170d214d398c1b051'}, 'dob': {'date': '1969-03-16T10:21:54.109Z', 'age': 55}, 'registered': {'date': '2011-06-04T00:26:16.528Z', 'age': 13}, 'phone': '(42) 7773-4134', 'cell': '(60) 6611-9361', 'id': {'name': 'CPF', 'value': '861.751.392-62'}, 'picture': {'large': 'https://randomuser.me/api/portraits/men/19.jpg', 'medium': 'https://randomuser.me/api/portraits/med/men/19.jpg', 'thumbnail': 'https://randomuser.me/api/portraits/thumb/men/19.jpg'}, 'nat': 'BR'}</msg>
<arg>${json_data['results'][0]}</arg>
<doc>Logs the given message with the given level.</doc>
<status status="PASS" start="2024-08-09T01:10:10.172911" elapsed="0.000746"/>
</kw>
<kw name="Log" owner="BuiltIn">
<msg time="2024-08-09T01:10:10.174312" level="INFO">name</msg>
<arg>${key}</arg>
<doc>Logs the given message with the given level.</doc>
<status status="PASS" start="2024-08-09T01:10:10.174105" elapsed="0.000273"/>
</kw>
<var name="${key}">name</var>
<status status="PASS" start="2024-08-09T01:10:10.171725" elapsed="0.003000"/>
</iter>
<iter>
<kw name="Dictionary Should Contain Key" owner="Collections">
<arg>${json_data['results'][0]}</arg>
<arg>${key}</arg>
<doc>Fails if ``key`` is not found from ``dictionary``.</doc>
<status status="PASS" start="2024-08-09T01:10:10.175196" elapsed="0.000699"/>
</kw>
<kw name="Log" owner="BuiltIn">
<msg time="2024-08-09T01:10:10.176856" level="INFO">{'gender': 'male', 'name': {'title': 'Mr', 'first': 'Romarico', 'last': 'Nascimento'}, 'location': {'street': {'number': 1990, 'name': 'Rua Santa Catarina '}, 'city': 'Maringá', 'state': 'Rio Grande do Norte', 'country': 'Brazil', 'postcode': 19993, 'coordinates': {'latitude': '-79.0341', 'longitude': '-107.4496'}, 'timezone': {'offset': '-3:30', 'description': 'Newfoundland'}}, 'email': 'romarico.nascimento@example.com', 'login': {'uuid': 'da53a8b1-1563-4836-a654-b67364cbc563', 'username': 'goldenfish733', 'password': 'halifax', 'salt': 'hwxmIoA4', 'md5': 'cfe98c0878c8405b4eb16b3a71b33ded', 'sha1': 'f738d86ad56087b90adf53c53bcaf16a1d0c0ac1', 'sha256': '1e24e4ddf5be6724c5733ec58412bc72144b1551204f5d9170d214d398c1b051'}, 'dob': {'date': '1969-03-16T10:21:54.109Z', 'age': 55}, 'registered': {'date': '2011-06-04T00:26:16.528Z', 'age': 13}, 'phone': '(42) 7773-4134', 'cell': '(60) 6611-9361', 'id': {'name': 'CPF', 'value': '861.751.392-62'}, 'picture': {'large': 'https://randomuser.me/api/portraits/men/19.jpg', 'medium': 'https://randomuser.me/api/portraits/med/men/19.jpg', 'thumbnail': 'https://randomuser.me/api/portraits/thumb/men/19.jpg'}, 'nat': 'BR'}</msg>
<arg>${json_data['results'][0]}</arg>
<doc>Logs the given message with the given level.</doc>
<status status="PASS" start="2024-08-09T01:10:10.176223" elapsed="0.000724"/>
</kw>
<kw name="Log" owner="BuiltIn">
<msg time="2024-08-09T01:10:10.177575" level="INFO">location</msg>
<arg>${key}</arg>
<doc>Logs the given message with the given level.</doc>
<status status="PASS" start="2024-08-09T01:10:10.177396" elapsed="0.000238"/>
</kw>
<var name="${key}">location</var>
<status status="PASS" start="2024-08-09T01:10:10.175025" elapsed="0.002935"/>
</iter>
<iter>
<kw name="Dictionary Should Contain Key" owner="Collections">
<arg>${json_data['results'][0]}</arg>
<arg>${key}</arg>
<doc>Fails if ``key`` is not found from ``dictionary``.</doc>
<status status="PASS" start="2024-08-09T01:10:10.178384" elapsed="0.000601"/>
</kw>
<kw name="Log" owner="BuiltIn">
<msg time="2024-08-09T01:10:10.180032" level="INFO">{'gender': 'male', 'name': {'title': 'Mr', 'first': 'Romarico', 'last': 'Nascimento'}, 'location': {'street': {'number': 1990, 'name': 'Rua Santa Catarina '}, 'city': 'Maringá', 'state': 'Rio Grande do Norte', 'country': 'Brazil', 'postcode': 19993, 'coordinates': {'latitude': '-79.0341', 'longitude': '-107.4496'}, 'timezone': {'offset': '-3:30', 'description': 'Newfoundland'}}, 'email': 'romarico.nascimento@example.com', 'login': {'uuid': 'da53a8b1-1563-4836-a654-b67364cbc563', 'username': 'goldenfish733', 'password': 'halifax', 'salt': 'hwxmIoA4', 'md5': 'cfe98c0878c8405b4eb16b3a71b33ded', 'sha1': 'f738d86ad56087b90adf53c53bcaf16a1d0c0ac1', 'sha256': '1e24e4ddf5be6724c5733ec58412bc72144b1551204f5d9170d214d398c1b051'}, 'dob': {'date': '1969-03-16T10:21:54.109Z', 'age': 55}, 'registered': {'date': '2011-06-04T00:26:16.528Z', 'age': 13}, 'phone': '(42) 7773-4134', 'cell': '(60) 6611-9361', 'id': {'name': 'CPF', 'value': '861.751.392-62'}, 'picture': {'large': 'https://randomuser.me/api/portraits/men/19.jpg', 'medium': 'https://randomuser.me/api/portraits/med/men/19.jpg', 'thumbnail': 'https://randomuser.me/api/portraits/thumb/men/19.jpg'}, 'nat': 'BR'}</msg>
<arg>${json_data['results'][0]}</arg>
<doc>Logs the given message with the given level.</doc>
<status status="PASS" start="2024-08-09T01:10:10.179424" elapsed="0.000696"/>
</kw>
<kw name="Log" owner="BuiltIn">
<msg time="2024-08-09T01:10:10.180790" level="INFO">email</msg>
<arg>${key}</arg>
<doc>Logs the given message with the given level.</doc>
<status status="PASS" start="2024-08-09T01:10:10.180595" elapsed="0.000260"/>
</kw>
<var name="${key}">email</var>
<status status="PASS" start="2024-08-09T01:10:10.178220" elapsed="0.002954"/>
</iter>
<iter>
<kw name="Dictionary Should Contain Key" owner="Collections">
<arg>${json_data['results'][0]}</arg>
<arg>${key}</arg>
<doc>Fails if ``key`` is not found from ``dictionary``.</doc>
<status status="PASS" start="2024-08-09T01:10:10.181643" elapsed="0.000672"/>
</kw>
<kw name="Log" owner="BuiltIn">
<msg time="2024-08-09T01:10:10.183240" level="INFO">{'gender': 'male', 'name': {'title': 'Mr', 'first': 'Romarico', 'last': 'Nascimento'}, 'location': {'street': {'number': 1990, 'name': 'Rua Santa Catarina '}, 'city': 'Maringá', 'state': 'Rio Grande do Norte', 'country': 'Brazil', 'postcode': 19993, 'coordinates': {'latitude': '-79.0341', 'longitude': '-107.4496'}, 'timezone': {'offset': '-3:30', 'description': 'Newfoundland'}}, 'email': 'romarico.nascimento@example.com', 'login': {'uuid': 'da53a8b1-1563-4836-a654-b67364cbc563', 'username': 'goldenfish733', 'password': 'halifax', 'salt': 'hwxmIoA4', 'md5': 'cfe98c0878c8405b4eb16b3a71b33ded', 'sha1': 'f738d86ad56087b90adf53c53bcaf16a1d0c0ac1', 'sha256': '1e24e4ddf5be6724c5733ec58412bc72144b1551204f5d9170d214d398c1b051'}, 'dob': {'date': '1969-03-16T10:21:54.109Z', 'age': 55}, 'registered': {'date': '2011-06-04T00:26:16.528Z', 'age': 13}, 'phone': '(42) 7773-4134', 'cell': '(60) 6611-9361', 'id': {'name': 'CPF', 'value': '861.751.392-62'}, 'picture': {'large': 'https://randomuser.me/api/portraits/men/19.jpg', 'medium': 'https://randomuser.me/api/portraits/med/men/19.jpg', 'thumbnail': 'https://randomuser.me/api/portraits/thumb/men/19.jpg'}, 'nat': 'BR'}</msg>
<arg>${json_data['results'][0]}</arg>
<doc>Logs the given message with the given level.</doc>
<status status="PASS" start="2024-08-09T01:10:10.182644" elapsed="0.000678"/>
</kw>
<kw name="Log" owner="BuiltIn">
<msg time="2024-08-09T01:10:10.183968" level="INFO">login</msg>
<arg>${key}</arg>
<doc>Logs the given message with the given level.</doc>
<status status="PASS" start="2024-08-09T01:10:10.183774" elapsed="0.000254"/>
</kw>
<var name="${key}">login</var>
<status status="PASS" start="2024-08-09T01:10:10.181457" elapsed="0.002914"/>
</iter>
<var>${key}</var>
<value>@{expected_keys}</value>
<status status="PASS" start="2024-08-09T01:10:10.168233" elapsed="0.016322"/>
</for>
<kw name="Create List" owner="BuiltIn">
<msg time="2024-08-09T01:10:10.185118" level="INFO">${expected_keysTwo} = ['username', 'password']</msg>
<var>${expected_keysTwo}</var>
<arg>username</arg>
<arg>password</arg>
<doc>Returns a list containing given items.</doc>
<status status="PASS" start="2024-08-09T01:10:10.184894" elapsed="0.000269"/>
</kw>
<for flavor="IN">
<iter>
<kw name="Dictionary Should Contain Key" owner="Collections">
<arg>${json_data['results'][0]['login']}</arg>
<arg>${keyTwo}</arg>
<doc>Fails if ``key`` is not found from ``dictionary``.</doc>
<status status="PASS" start="2024-08-09T01:10:10.185981" elapsed="0.000682"/>
</kw>
<kw name="Dictionary Should Contain Key" owner="Collections">
<arg>${json_data['results'][0]['login']}</arg>
<arg>${keyTwo}</arg>
<doc>Fails if ``key`` is not found from ``dictionary``.</doc>
<status status="PASS" start="2024-08-09T01:10:10.186965" elapsed="0.000648"/>
</kw>
<kw name="Log" owner="BuiltIn">
<msg time="2024-08-09T01:10:10.188160" level="INFO">username</msg>
<arg>${keyTwo}</arg>
<doc>Logs the given message with the given level.</doc>
<status status="PASS" start="2024-08-09T01:10:10.187947" elapsed="0.000287"/>
</kw>
<var name="${keyTwo}">username</var>
<status status="PASS" start="2024-08-09T01:10:10.185798" elapsed="0.002782"/>
</iter>
<iter>
<kw name="Dictionary Should Contain Key" owner="Collections">
<arg>${json_data['results'][0]['login']}</arg>
<arg>${keyTwo}</arg>
<doc>Fails if ``key`` is not found from ``dictionary``.</doc>
<status status="PASS" start="2024-08-09T01:10:10.189059" elapsed="0.000672"/>
</kw>
<kw name="Dictionary Should Contain Key" owner="Collections">
<arg>${json_data['results'][0]['login']}</arg>
<arg>${keyTwo}</arg>
<doc>Fails if ``key`` is not found from ``dictionary``.</doc>
<status status="PASS" start="2024-08-09T01:10:10.190033" elapsed="0.000653"/>
</kw>
<kw name="Log" owner="BuiltIn">
<msg time="2024-08-09T01:10:10.191215" level="INFO">password</msg>
<arg>${keyTwo}</arg>
<doc>Logs the given message with the given level.</doc>
<status status="PASS" start="2024-08-09T01:10:10.191016" elapsed="0.000261"/>
</kw>
<var name="${keyTwo}">password</var>
<status status="PASS" start="2024-08-09T01:10:10.188874" elapsed="0.002723"/>
</iter>
<var>${keyTwo}</var>
<value>@{expected_keysTwo}</value>
<status status="PASS" start="2024-08-09T01:10:10.185551" elapsed="0.006284"/>
</for>
<status status="PASS" start="2024-08-09T01:10:10.122024" elapsed="0.070067"/>
</kw>
<doc>Testa a estrutura da resposta da API.</doc>
<tag>testeEstruturaResposta</tag>
<status status="PASS" start="2024-08-09T01:10:10.121315" elapsed="0.071033"/>
</test>
<test id="s1-s1-t4" name="Validar tipos de dados" line="28">
<kw name="Teste de Tipos de Dados" owner="random-user-service">
<kw name="GET On Session" owner="RequestsLibrary">
<msg time="2024-08-09T01:10:10.261255" level="INFO">GET Request : url=https://randomuser.me/api 
 path_url=/api 
 headers={'User-Agent': 'python-requests/2.32.3', 'Accept-Encoding': 'gzip, deflate', 'Accept': '*/*', 'Connection': 'keep-alive'} 
 body=None 
 </msg>
<msg time="2024-08-09T01:10:10.261350" level="INFO">GET Response : url=https://randomuser.me/api 
 status=200, reason=OK 
 headers={'Date': 'Fri, 09 Aug 2024 01:10:10 GMT', 'Content-Type': 'application/json; charset=utf-8', 'Transfer-Encoding': 'chunked', 'Connection': 'keep-alive', 'X-Powered-By': 'Express', 'Access-Control-Allow-Origin': '*', 'Cache-Control': 'no-cache', 'ETag': 'W/"472-MnidCRDHSMYIah3TkZsZhwutzoU"', 'Vary': 'Accept-Encoding', 'Content-Encoding': 'gzip', 'CF-Cache-Status': 'DYNAMIC', 'Report-To': '{"endpoints":[{"url":"https:\\/\\/a.nel.cloudflare.com\\/report\\/v4?s=4F4pv%2F2D71PJhJ5C9XR2KO%2B28v2Cm%2FGj9YBInTR4R7YgKo9gb9rxoWknythrjU408UmI6LuEHYcl%2BLDTk1xSWKIU%2B9YLQD8B1w5XNB7ROnnALufC%2FobTIFKIvTNRIYWs"}],"group":"cf-nel","max_age":604800}', 'NEL': '{"success_fraction":0,"report_to":"cf-nel","max_age":604800}', 'Server': 'cloudflare', 'CF-RAY': '8b03dd69cf36c947-IAD', 'alt-svc': 'h3=":443"; ma=86400'} 
 body={"results":[{"gender":"male","name":{"title":"Mr","first":"Umang","last":"Gupta"},"location":{"street":{"number":4202,"name":"NAD X Rd"},"city":"Korba","state":"Karnataka","country":"India","postcode":28631,"coordinates":{"latitude":"9.5416","longitude":"-104.4900"},"timezone":{"offset":"-1:00","description":"Azores, Cape Verde Islands"}},"email":"umang.gupta@example.com","login":{"uuid":"e5669873-d811-4c40-b2f4-46e90e206266","username":"yellowfish346","password":"bian","salt":"3FggWqan","md5":"a260eb73acda86780074070792aabf94","sha1":"cd435d45913272c1a368c04010dcc57f08c940aa","sha256":"fa19ae3621205e60cf7720130125f53dff17201fe83270f222eb638a2e40a431"},"dob":{"date":"1967-08-27T19:32:14.043Z","age":56},"registered":{"date":"2020-06-19T01:15:42.210Z","age":4},"phone":"7910413334","cell":"7043405323","id":{"name":"UIDAI","value":"433822951744"},"picture":{"large":"https://randomuser.me/api/portraits/men/61.jpg","medium":"https://randomuser.me/api/portraits/med/men/61.jpg","thumbnail":"https://randomuser.me/api/portraits/thumb/men/61.jpg"},"nat":"IN"}],"info":{"seed":"20ba42cfd6cb648f","results":1,"page":1,"version":"1.4"}} 
 </msg>
<msg time="2024-08-09T01:10:10.261425" level="INFO">/opt/hostedtoolcache/Python/3.12.4/x64/lib/python3.12/site-packages/urllib3/connectionpool.py:1099: InsecureRequestWarning: Unverified HTTPS request is being made to host 'randomuser.me'. Adding certificate verification is strongly advised. See: https://urllib3.readthedocs.io/en/latest/advanced-usage.html#tls-warnings
  warnings.warn(</msg>
<msg time="2024-08-09T01:10:10.261527" level="INFO">${response} = &lt;Response [200]&gt;</msg>
<var>${response}</var>
<arg>consultarAPI</arg>
<arg>/api</arg>
<doc>Sends a GET request on a previously created HTTP Session.</doc>
<status status="PASS" start="2024-08-09T01:10:10.196689" elapsed="0.064868"/>
</kw>
<kw name="Set Variable" owner="BuiltIn">
<msg time="2024-08-09T01:10:10.262558" level="INFO">${json_data} = {'results': [{'gender': 'male', 'name': {'title': 'Mr', 'first': 'Umang', 'last': 'Gupta'}, 'location': {'street': {'number': 4202, 'name': 'NAD X Rd'}, 'city': 'Korba', 'state': 'Karnataka', 'country...</msg>
<var>${json_data}</var>
<arg>${response.json()}</arg>
<doc>Returns the given values which can then be assigned to a variables.</doc>
<status status="PASS" start="2024-08-09T01:10:10.262066" elapsed="0.000521"/>
</kw>
<kw name="Log" owner="BuiltIn">
<msg time="2024-08-09T01:10:10.263051" level="INFO">{'results': [{'gender': 'male', 'name': {'title': 'Mr', 'first': 'Umang', 'last': 'Gupta'}, 'location': {'street': {'number': 4202, 'name': 'NAD X Rd'}, 'city': 'Korba', 'state': 'Karnataka', 'country': 'India', 'postcode': 28631, 'coordinates': {'latitude': '9.5416', 'longitude': '-104.4900'}, 'timezone': {'offset': '-1:00', 'description': 'Azores, Cape Verde Islands'}}, 'email': 'umang.gupta@example.com', 'login': {'uuid': 'e5669873-d811-4c40-b2f4-46e90e206266', 'username': 'yellowfish346', 'password': 'bian', 'salt': '3FggWqan', 'md5': 'a260eb73acda86780074070792aabf94', 'sha1': 'cd435d45913272c1a368c04010dcc57f08c940aa', 'sha256': 'fa19ae3621205e60cf7720130125f53dff17201fe83270f222eb638a2e40a431'}, 'dob': {'date': '1967-08-27T19:32:14.043Z', 'age': 56}, 'registered': {'date': '2020-06-19T01:15:42.210Z', 'age': 4}, 'phone': '7910413334', 'cell': '7043405323', 'id': {'name': 'UIDAI', 'value': '433822951744'}, 'picture': {'large': 'https://randomuser.me/api/portraits/men/61.jpg', 'medium': 'https://randomuser.me/api/portraits/med/men/61.jpg', 'thumbnail': 'https://randomuser.me/api/portraits/thumb/men/61.jpg'}, 'nat': 'IN'}], 'info': {'seed': '20ba42cfd6cb648f', 'results': 1, 'page': 1, 'version': '1.4'}}</msg>
<arg>${json_data}</arg>
<doc>Logs the given message with the given level.</doc>
<status status="PASS" start="2024-08-09T01:10:10.262896" elapsed="0.000204"/>
</kw>
<kw name="Should Be String" owner="String">
<arg>${json_data['results'][0]['gender']}</arg>
<doc>Fails if the given ``item`` is not a string.</doc>
<status status="PASS" start="2024-08-09T01:10:10.263393" elapsed="0.000406"/>
</kw>
<kw name="Should Match Regexp" owner="BuiltIn">
<arg>${json_data['results'][0]['email']}</arg>
<arg>^[a-zA-Z0-9._%+-]+@[a-zA-Z0-9.-]+\.[a-zA-Z]{2,}$</arg>
<doc>Fails if ``string`` does not match ``pattern`` as a regular expression.</doc>
<status status="PASS" start="2024-08-09T01:10:10.263999" elapsed="0.000519"/>
</kw>
<kw name="Should Match Regexp" owner="BuiltIn">
<arg>${json_data['results'][0]['dob']['date']}</arg>
<arg>\\d{4}-\\d{2}-\\d{2}T\\d{2}:\\d{2}:\\d{2}\\.\\d{3}Z</arg>
<doc>Fails if ``string`` does not match ``pattern`` as a regular expression.</doc>
<status status="PASS" start="2024-08-09T01:10:10.264754" elapsed="0.000632"/>
</kw>
<kw name="Should Match Regexp" owner="BuiltIn">
<arg>${json_data['results'][0]['registered']['date']}</arg>
<arg>\\d{4}-\\d{2}-\\d{2}T\\d{2}:\\d{2}:\\d{2}\\.\\d{3}Z</arg>
<doc>Fails if ``string`` does not match ``pattern`` as a regular expression.</doc>
<status status="PASS" start="2024-08-09T01:10:10.265583" elapsed="0.000373"/>
</kw>
<kw name="Should Match Regexp" owner="BuiltIn">
<arg>${json_data['results'][0]['picture']['large']}</arg>
<arg>^https?://.*\.(?:png|jpe?g|gif|bmp)$</arg>
<doc>Fails if ``string`` does not match ``pattern`` as a regular expression.</doc>
<status status="PASS" start="2024-08-09T01:10:10.266141" elapsed="0.000462"/>
</kw>
<kw name="Should Match Regexp" owner="BuiltIn">
<arg>${json_data['results'][0]['picture']['medium']}</arg>
<arg>^https?://.*\.(?:png|jpe?g|gif|bmp)$</arg>
<doc>Fails if ``string`` does not match ``pattern`` as a regular expression.</doc>
<status status="PASS" start="2024-08-09T01:10:10.266801" elapsed="0.000360"/>
</kw>
<kw name="Should Match Regexp" owner="BuiltIn">
<arg>${json_data['results'][0]['picture']['thumbnail']}</arg>
<arg>^https?://.*\.(?:png|jpe?g|gif|bmp)$</arg>
<doc>Fails if ``string`` does not match ``pattern`` as a regular expression.</doc>
<status status="PASS" start="2024-08-09T01:10:10.267347" elapsed="0.000350"/>
</kw>
<kw name="Log" owner="BuiltIn">
<msg time="2024-08-09T01:10:10.268240" level="INFO">{'large': 'https://randomuser.me/api/portraits/men/61.jpg', 'medium': 'https://randomuser.me/api/portraits/med/men/61.jpg', 'thumbnail': 'https://randomuser.me/api/portraits/thumb/men/61.jpg'}</msg>
<arg>${json_data['results'][0]['picture']}</arg>
<doc>Logs the given message with the given level.</doc>
<status status="PASS" start="2024-08-09T01:10:10.267912" elapsed="0.000371"/>
</kw>
<status status="PASS" start="2024-08-09T01:10:10.196314" elapsed="0.072227"/>
</kw>
<kw name="Teste de Tipos de Dados - Postcode" owner="random-user-service">
<kw name="GET On Session" owner="RequestsLibrary">
<msg time="2024-08-09T01:10:10.391590" level="INFO">GET Request : url=https://randomuser.me/api 
 path_url=/api 
 headers={'User-Agent': 'python-requests/2.32.3', 'Accept-Encoding': 'gzip, deflate', 'Accept': '*/*', 'Connection': 'keep-alive'} 
 body=None 
 </msg>
<msg time="2024-08-09T01:10:10.391697" level="INFO">GET Response : url=https://randomuser.me/api 
 status=200, reason=OK 
 headers={'Date': 'Fri, 09 Aug 2024 01:10:10 GMT', 'Content-Type': 'application/json; charset=utf-8', 'Transfer-Encoding': 'chunked', 'Connection': 'keep-alive', 'X-Powered-By': 'Express', 'Access-Control-Allow-Origin': '*', 'Cache-Control': 'no-cache', 'ETag': 'W/"47e-IN2BGlhqk028Dms4QkMkO8UUUXA"', 'Vary': 'Accept-Encoding', 'Content-Encoding': 'gzip', 'CF-Cache-Status': 'DYNAMIC', 'Report-To': '{"endpoints":[{"url":"https:\\/\\/a.nel.cloudflare.com\\/report\\/v4?s=QQGBV%2BvtiD5psq4ldMGF8WhKgSnG%2B1eiCvguuetyjvqHmNKGRq%2BYL4zOYu0KjuSbTy%2FgueetZV0AYl4CIua%2FpL5QX27niCeEg6BoZJ7YpMxTj5fDUWhPs5jyuffopj5s"}],"group":"cf-nel","max_age":604800}', 'NEL': '{"success_fraction":0,"report_to":"cf-nel","max_age":604800}', 'Server': 'cloudflare', 'CF-RAY': '8b03dd6a3896c947-IAD', 'alt-svc': 'h3=":443"; ma=86400'} 
 body={"results":[{"gender":"male","name":{"title":"Mr","first":"Thorbjørn","last":"Søgaard"},"location":{"street":{"number":3410,"name":"Ragna Maries vei"},"city":"Bryne","state":"Vest-Agder","country":"Norway","postcode":"2386","coordinates":{"latitude":"40.8922","longitude":"-49.5300"},"timezone":{"offset":"-11:00","description":"Midway Island, Samoa"}},"email":"thorbjorn.sogaard@example.com","login":{"uuid":"ed05a1e0-666d-46e1-b633-2efea86f3eff","username":"brownduck268","password":"happy","salt":"zAxYx4e8","md5":"094a8848c3866d46fb85e5a773e612b0","sha1":"53a67238c6c156120a5de44bf2354d9148b6fb09","sha256":"6d7564e354f79b39ae3da9aa7a3b841ec11c0ad4afc71592f38d16f71bc4d8d9"},"dob":{"date":"1997-08-02T02:25:49.112Z","age":27},"registered":{"date":"2021-03-03T15:55:40.502Z","age":3},"phone":"65492899","cell":"96304345","id":{"name":"FN","value":"02089710718"},"picture":{"large":"https://randomuser.me/api/portraits/men/91.jpg","medium":"https://randomuser.me/api/portraits/med/men/91.jpg","thumbnail":"https://randomuser.me/api/portraits/thumb/men/91.jpg"},"nat":"NO"}],"info":{"seed":"c92515a75a67cd9d","results":1,"page":1,"version":"1.4"}} 
 </msg>
<msg time="2024-08-09T01:10:10.391793" level="INFO">/opt/hostedtoolcache/Python/3.12.4/x64/lib/python3.12/site-packages/urllib3/connectionpool.py:1099: InsecureRequestWarning: Unverified HTTPS request is being made to host 'randomuser.me'. Adding certificate verification is strongly advised. See: https://urllib3.readthedocs.io/en/latest/advanced-usage.html#tls-warnings
  warnings.warn(</msg>
<msg time="2024-08-09T01:10:10.391927" level="INFO">${response} = &lt;Response [200]&gt;</msg>
<var>${response}</var>
<arg>consultarAPI</arg>
<arg>/api</arg>
<doc>Sends a GET request on a previously created HTTP Session.</doc>
<status status="PASS" start="2024-08-09T01:10:10.268984" elapsed="0.122986"/>
</kw>
<kw name="Set Variable" owner="BuiltIn">
<msg time="2024-08-09T01:10:10.393139" level="INFO">${json_data} = {'results': [{'gender': 'male', 'name': {'title': 'Mr', 'first': 'Thorbjørn', 'last': 'Søgaard'}, 'location': {'street': {'number': 3410, 'name': 'Ragna Maries vei'}, 'city': 'Bryne', 'state': 'Vest-A...</msg>
<var>${json_data}</var>
<arg>${response.json()}</arg>
<doc>Returns the given values which can then be assigned to a variables.</doc>
<status status="PASS" start="2024-08-09T01:10:10.392581" elapsed="0.000587"/>
</kw>
<kw name="Log" owner="BuiltIn">
<msg time="2024-08-09T01:10:10.393648" level="INFO">{'results': [{'gender': 'male', 'name': {'title': 'Mr', 'first': 'Thorbjørn', 'last': 'Søgaard'}, 'location': {'street': {'number': 3410, 'name': 'Ragna Maries vei'}, 'city': 'Bryne', 'state': 'Vest-Agder', 'country': 'Norway', 'postcode': '2386', 'coordinates': {'latitude': '40.8922', 'longitude': '-49.5300'}, 'timezone': {'offset': '-11:00', 'description': 'Midway Island, Samoa'}}, 'email': 'thorbjorn.sogaard@example.com', 'login': {'uuid': 'ed05a1e0-666d-46e1-b633-2efea86f3eff', 'username': 'brownduck268', 'password': 'happy', 'salt': 'zAxYx4e8', 'md5': '094a8848c3866d46fb85e5a773e612b0', 'sha1': '53a67238c6c156120a5de44bf2354d9148b6fb09', 'sha256': '6d7564e354f79b39ae3da9aa7a3b841ec11c0ad4afc71592f38d16f71bc4d8d9'}, 'dob': {'date': '1997-08-02T02:25:49.112Z', 'age': 27}, 'registered': {'date': '2021-03-03T15:55:40.502Z', 'age': 3}, 'phone': '65492899', 'cell': '96304345', 'id': {'name': 'FN', 'value': '02089710718'}, 'picture': {'large': 'https://randomuser.me/api/portraits/men/91.jpg', 'medium': 'https://randomuser.me/api/portraits/med/men/91.jpg', 'thumbnail': 'https://randomuser.me/api/portraits/thumb/men/91.jpg'}, 'nat': 'NO'}], 'info': {'seed': 'c92515a75a67cd9d', 'results': 1, 'page': 1, 'version': '1.4'}}</msg>
<arg>${json_data}</arg>
<doc>Logs the given message with the given level.</doc>
<status status="PASS" start="2024-08-09T01:10:10.393476" elapsed="0.000221"/>
</kw>
<kw name="Should Be Equal As Numbers" owner="BuiltIn">
<arg>${json_data['results'][0]['location']['postcode']}</arg>
<arg>${json_data['results'][0]['location']['postcode']}</arg>
<doc>Fails if objects are unequal after converting them to real numbers.</doc>
<status status="PASS" start="2024-08-09T01:10:10.393991" elapsed="0.000627"/>
</kw>
<kw name="Log" owner="BuiltIn">
<msg time="2024-08-09T01:10:10.395142" level="INFO">2386</msg>
<arg>${json_data['results'][0]['location']['postcode']}</arg>
<doc>Logs the given message with the given level.</doc>
<status status="PASS" start="2024-08-09T01:10:10.394805" elapsed="0.000379"/>
</kw>
<status status="PASS" start="2024-08-09T01:10:10.268763" elapsed="0.126706"/>
</kw>
<doc>Testa se os tipos de dados na resposta da API estão corretos.</doc>
<tag>testeTiposDados</tag>
<status status="PASS" start="2024-08-09T01:10:10.195607" elapsed="0.200033"/>
</test>
<test id="s1-s1-t5" name="Validar conteudo" line="35">
<kw name="Teste de Tipos de Conteudo" owner="random-user-service">
<kw name="GET On Session" owner="RequestsLibrary">
<msg time="2024-08-09T01:10:10.460640" level="INFO">GET Request : url=https://randomuser.me/api 
 path_url=/api 
 headers={'User-Agent': 'python-requests/2.32.3', 'Accept-Encoding': 'gzip, deflate', 'Accept': '*/*', 'Connection': 'keep-alive'} 
 body=None 
 </msg>
<msg time="2024-08-09T01:10:10.460799" level="INFO">GET Response : url=https://randomuser.me/api 
 status=200, reason=OK 
 headers={'Date': 'Fri, 09 Aug 2024 01:10:10 GMT', 'Content-Type': 'application/json; charset=utf-8', 'Transfer-Encoding': 'chunked', 'Connection': 'keep-alive', 'X-Powered-By': 'Express', 'Access-Control-Allow-Origin': '*', 'Cache-Control': 'no-cache', 'ETag': 'W/"4a2-/vKjN4UYVhoLyr82dLS7bPpBeZ0"', 'Vary': 'Accept-Encoding', 'Content-Encoding': 'gzip', 'CF-Cache-Status': 'DYNAMIC', 'Report-To': '{"endpoints":[{"url":"https:\\/\\/a.nel.cloudflare.com\\/report\\/v4?s=rVgC9X%2FUlDcZPitDSzLZm9s1d2pr84jMpq9t5Ffkp012aWUYpbt3I6z3vYJOl01wt8sftA1%2FOc%2BxiML2jxAvLZxbNqtEVmAhxK3wQgv252mgGQBUXS2ymB%2FxUTKPJtoQ"}],"group":"cf-nel","max_age":604800}', 'NEL': '{"success_fraction":0,"report_to":"cf-nel","max_age":604800}', 'Server': 'cloudflare', 'CF-RAY': '8b03dd6b0af6c947-IAD', 'alt-svc': 'h3=":443"; ma=86400'} 
 body={"results":[{"gender":"female","name":{"title":"Miss","first":"باران","last":"احمدی"},"location":{"street":{"number":5265,"name":"شهید شهرام امیری"},"city":"خرم‌آباد","state":"گلستان","country":"Iran","postcode":54575,"coordinates":{"latitude":"15.1571","longitude":"87.7078"},"timezone":{"offset":"-7:00","description":"Mountain Time (US &amp; Canada)"}},"email":"brn.hmdy@example.com","login":{"uuid":"3033875e-756f-4722-a94a-51a234953f14","username":"purplefrog157","password":"creature","salt":"xz9Eij7M","md5":"b79913f0ae5fa9aad09976a495e86677","sha1":"225c9b2e9852ffdc5e9ffb930dfa9eaf8096a3b7","sha256":"1d5558e077e3df4125520949edc97584b9af55dc0792919c48122d3f4fe8cb54"},"dob":{"date":"1983-05-22T05:23:41.717Z","age":41},"registered":{"date":"2005-03-19T13:52:04.211Z","age":19},"phone":"036-32902183","cell":"0981-207-8245","id":{"name":"","value":null},"picture":{"large":"https://randomuser.me/api/portraits/women/23.jpg","medium":"https://randomuser.me/api/portraits/med/women/23.jpg","thumbnail":"https://randomuser.me/api/portraits/thumb/women/23.jpg"},"nat":"IR"}],"info":{"seed":"ce9462b126992274","results":1,"page":1,"version":"1.4"}} 
 </msg>
<msg time="2024-08-09T01:10:10.460885" level="INFO">/opt/hostedtoolcache/Python/3.12.4/x64/lib/python3.12/site-packages/urllib3/connectionpool.py:1099: InsecureRequestWarning: Unverified HTTPS request is being made to host 'randomuser.me'. Adding certificate verification is strongly advised. See: https://urllib3.readthedocs.io/en/latest/advanced-usage.html#tls-warnings
  warnings.warn(</msg>
<msg time="2024-08-09T01:10:10.461005" level="INFO">${response} = &lt;Response [200]&gt;</msg>
<var>${response}</var>
<arg>consultarAPI</arg>
<arg>/api</arg>
<doc>Sends a GET request on a previously created HTTP Session.</doc>
<status status="PASS" start="2024-08-09T01:10:10.398218" elapsed="0.062826"/>
</kw>
<kw name="Set Variable" owner="BuiltIn">
<msg time="2024-08-09T01:10:10.462183" level="INFO">${json_data} = {'results': [{'gender': 'female', 'name': {'title': 'Miss', 'first': 'باران', 'last': 'احمدی'}, 'location': {'street': {'number': 5265, 'name': 'شهید شهرام امیری'}, 'city': 'خرم\u200cآباد', 'state': '...</msg>
<var>${json_data}</var>
<arg>${response.json()}</arg>
<doc>Returns the given values which can then be assigned to a variables.</doc>
<status status="PASS" start="2024-08-09T01:10:10.461607" elapsed="0.000607"/>
</kw>
<kw name="Set Variable" owner="BuiltIn">
<msg time="2024-08-09T01:10:10.462914" level="INFO">${name_title} = Miss</msg>
<var>${name_title}</var>
<arg>${json_data["results"][0]["name"]["title"]}</arg>
<doc>Returns the given values which can then be assigned to a variables.</doc>
<status status="PASS" start="2024-08-09T01:10:10.462521" elapsed="0.000419"/>
</kw>
<kw name="Create List" owner="BuiltIn">
<msg time="2024-08-09T01:10:10.463392" level="INFO">${allowed_titles} = ['Mr', 'Ms', 'Miss', 'Mrs', 'Madame', 'Monsieur']</msg>
<var>${allowed_titles}</var>
<arg>Mr</arg>
<arg>Ms</arg>
<arg>Miss</arg>
<arg>Mrs</arg>
<arg>Madame</arg>
<arg>Monsieur</arg>
<doc>Returns a list containing given items.</doc>
<status status="PASS" start="2024-08-09T01:10:10.463240" elapsed="0.000178"/>
</kw>
<kw name="List Should Contain Value" owner="Collections">
<arg>${allowed_titles}</arg>
<arg>${name_title}</arg>
<doc>Fails if the ``value`` is not found from ``list``.</doc>
<status status="PASS" start="2024-08-09T01:10:10.463720" elapsed="0.000240"/>
</kw>
<kw name="Set Variable" owner="BuiltIn">
<msg time="2024-08-09T01:10:10.464536" level="INFO">${name_country} = IR</msg>
<var>${name_country}</var>
<arg>${json_data["results"][0]["nat"]}</arg>
<doc>Returns the given values which can then be assigned to a variables.</doc>
<status status="PASS" start="2024-08-09T01:10:10.464152" elapsed="0.000410"/>
</kw>
<kw name="Create List" owner="BuiltIn">
<msg time="2024-08-09T01:10:10.465452" level="INFO">${list_country} = ['AD', 'AE', 'AF', 'AG', 'AI', 'AL', 'AM', 'AO', 'AQ', 'AR', 'AS', 'AT', 'AU', 'AW', 'AX', 'AZ', 'BA', 'BB', 'BD', 'BE', 'BF', 'BG', 'BH', 'BI', 'BJ', 'BL', 'BM', 'BN', 'BO', 'BQ', 'BR', 'BS', 'BT', '...</msg>
<var>${list_country}</var>
<arg>AD</arg>
<arg>AE</arg>
<arg>AF</arg>
<arg>AG</arg>
<arg>AI</arg>
<arg>AL</arg>
<arg>AM</arg>
<arg>AO</arg>
<arg>AQ</arg>
<arg>AR</arg>
<arg>AS</arg>
<arg>AT</arg>
<arg>AU</arg>
<arg>AW</arg>
<arg>AX</arg>
<arg>AZ</arg>
<arg>BA</arg>
<arg>BB</arg>
<arg>BD</arg>
<arg>BE</arg>
<arg>BF</arg>
<arg>BG</arg>
<arg>BH</arg>
<arg>BI</arg>
<arg>BJ</arg>
<arg>BL</arg>
<arg>BM</arg>
<arg>BN</arg>
<arg>BO</arg>
<arg>BQ</arg>
<arg>BR</arg>
<arg>BS</arg>
<arg>BT</arg>
<arg>BV</arg>
<arg>BW</arg>
<arg>BY</arg>
<arg>BZ</arg>
<arg>CA</arg>
<arg>CC</arg>
<arg>CD</arg>
<arg>CF</arg>
<arg>CG</arg>
<arg>CH</arg>
<arg>CI</arg>
<arg>CK</arg>
<arg>CL</arg>
<arg>CM</arg>
<arg>CN</arg>
<arg>CO</arg>
<arg>CR</arg>
<arg>CU</arg>
<arg>CV</arg>
<arg>CW</arg>
<arg>CX</arg>
<arg>CY</arg>
<arg>CZ</arg>
<arg>DE</arg>
<arg>DJ</arg>
<arg>DK</arg>
<arg>DM</arg>
<arg>DO</arg>
<arg>DZ</arg>
<arg>EC</arg>
<arg>EE</arg>
<arg>EG</arg>
<arg>EH</arg>
<arg>ER</arg>
<arg>ES</arg>
<arg>ET</arg>
<arg>FI</arg>
<arg>FJ</arg>
<arg>FK</arg>
<arg>FM</arg>
<arg>FO</arg>
<arg>FR</arg>
<arg>GA</arg>
<arg>GB</arg>
<arg>GD</arg>
<arg>GE</arg>
<arg>GF</arg>
<arg>GG</arg>
<arg>GH</arg>
<arg>GI</arg>
<arg>GL</arg>
<arg>GM</arg>
<arg>GN</arg>
<arg>GP</arg>
<arg>GQ</arg>
<arg>GR</arg>
<arg>GS</arg>
<arg>GT</arg>
<arg>GU</arg>
<arg>GW</arg>
<arg>GY</arg>
<arg>HK</arg>
<arg>HM</arg>
<arg>HN</arg>
<arg>HR</arg>
<arg>HT</arg>
<arg>HU</arg>
<arg>ID</arg>
<arg>IE</arg>
<arg>IL</arg>
<arg>IM</arg>
<arg>IN</arg>
<arg>IO</arg>
<arg>IQ</arg>
<arg>IR</arg>
<arg>IS</arg>
<arg>IT</arg>
<arg>JE</arg>
<arg>JM</arg>
<arg>JO</arg>
<arg>JP</arg>
<arg>KE</arg>
<arg>KG</arg>
<arg>KH</arg>
<arg>KI</arg>
<arg>KM</arg>
<arg>KN</arg>
<arg>KP</arg>
<arg>KR</arg>
<arg>KW</arg>
<arg>KY</arg>
<arg>KZ</arg>
<arg>LA</arg>
<arg>LB</arg>
<arg>LC</arg>
<arg>LI</arg>
<arg>LK</arg>
<arg>LR</arg>
<arg>LS</arg>
<arg>LT</arg>
<arg>LU</arg>
<arg>LV</arg>
<arg>LY</arg>
<arg>MA</arg>
<arg>MC</arg>
<arg>MD</arg>
<arg>ME</arg>
<arg>MF</arg>
<arg>MG</arg>
<arg>MH</arg>
<arg>MK</arg>
<arg>ML</arg>
<arg>MM</arg>
<arg>MN</arg>
<arg>MO</arg>
<arg>MP</arg>
<arg>MQ</arg>
<arg>MR</arg>
<arg>MS</arg>
<arg>MT</arg>
<arg>MU</arg>
<arg>MV</arg>
<arg>MW</arg>
<arg>MX</arg>
<arg>MY</arg>
<arg>MZ</arg>
<arg>NA</arg>
<arg>NC</arg>
<arg>NE</arg>
<arg>NF</arg>
<arg>NG</arg>
<arg>NI</arg>
<arg>NL</arg>
<arg>NO</arg>
<arg>NP</arg>
<arg>NR</arg>
<arg>NU</arg>
<arg>NZ</arg>
<arg>OM</arg>
<arg>PA</arg>
<arg>PE</arg>
<arg>PF</arg>
<arg>PG</arg>
<arg>PH</arg>
<arg>PK</arg>
<arg>PL</arg>
<arg>PM</arg>
<arg>PN</arg>
<arg>PR</arg>
<arg>PS</arg>
<arg>PT</arg>
<arg>PW</arg>
<arg>PY</arg>
<arg>QA</arg>
<arg>RE</arg>
<arg>RO</arg>
<arg>RS</arg>
<arg>RU</arg>
<arg>RW</arg>
<arg>SA</arg>
<arg>SB</arg>
<arg>SC</arg>
<arg>SD</arg>
<arg>SE</arg>
<arg>SG</arg>
<arg>SH</arg>
<arg>SI</arg>
<arg>SJ</arg>
<arg>SK</arg>
<arg>SL</arg>
<arg>SM</arg>
<arg>SN</arg>
<arg>SO</arg>
<arg>SR</arg>
<arg>SS</arg>
<arg>ST</arg>
<arg>SV</arg>
<arg>SX</arg>
<arg>SY</arg>
<arg>SZ</arg>
<arg>TC</arg>
<arg>TD</arg>
<arg>TF</arg>
<arg>TG</arg>
<arg>TH</arg>
<arg>TJ</arg>
<arg>TK</arg>
<arg>TL</arg>
<arg>TM</arg>
<arg>TN</arg>
<arg>TO</arg>
<arg>TR</arg>
<arg>TT</arg>
<arg>TV</arg>
<arg>TW</arg>
<arg>TZ</arg>
<arg>UA</arg>
<arg>UG</arg>
<arg>UM</arg>
<arg>US</arg>
<arg>UY</arg>
<arg>UZ</arg>
<arg>VA</arg>
<arg>VC</arg>
<arg>VE</arg>
<arg>VG</arg>
<arg>VI</arg>
<arg>VN</arg>
<arg>VU</arg>
<arg>WF</arg>
<arg>WS</arg>
<arg>XK</arg>
<arg>YE</arg>
<arg>YT</arg>
<arg>ZA</arg>
<arg>ZM</arg>
<arg>ZW</arg>
<doc>Returns a list containing given items.</doc>
<status status="PASS" start="2024-08-09T01:10:10.464854" elapsed="0.000623"/>
</kw>
<kw name="List Should Contain Value" owner="Collections">
<arg>${list_country}</arg>
<arg>${name_country}</arg>
<doc>Fails if the ``value`` is not found from ``list``.</doc>
<status status="PASS" start="2024-08-09T01:10:10.466457" elapsed="0.000216"/>
</kw>
<kw name="Run Keyword If" owner="BuiltIn">
<kw name="Should Be True" owner="BuiltIn">
<arg>${True}</arg>
<doc>Fails if the given condition is not true.</doc>
<status status="PASS" start="2024-08-09T01:10:10.467626" elapsed="0.000175"/>
</kw>
<arg>${json_data["results"][0]["location"]["coordinates"]["latitude"]} &gt;= -90 and ${json_data["results"][0]["location"]["coordinates"]["latitude"]} &lt;= 90</arg>
<arg>Should Be True</arg>
<arg>${True}</arg>
<doc>Runs the given keyword with the given arguments, if ``condition`` is true.</doc>
<status status="PASS" start="2024-08-09T01:10:10.466874" elapsed="0.001061"/>
</kw>
<kw name="Run Keyword If" owner="BuiltIn">
<kw name="Should Be True" owner="BuiltIn">
<arg>${True}</arg>
<doc>Fails if the given condition is not true.</doc>
<status status="PASS" start="2024-08-09T01:10:10.468816" elapsed="0.000138"/>
</kw>
<arg>${json_data["results"][0]["location"]["coordinates"]["longitude"]} &gt;= -180 and ${json_data["results"][0]["location"]["coordinates"]["longitude"]} &lt;= 180</arg>
<arg>Should Be True</arg>
<arg>${True}</arg>
<doc>Runs the given keyword with the given arguments, if ``condition`` is true.</doc>
<status status="PASS" start="2024-08-09T01:10:10.468119" elapsed="0.000959"/>
</kw>
<status status="PASS" start="2024-08-09T01:10:10.397993" elapsed="0.071215"/>
</kw>
<doc>Testa o conteúdo específico dos campos retornados pela API.</doc>
<tag>testeConteudo</tag>
<status status="PASS" start="2024-08-09T01:10:10.397453" elapsed="0.071907"/>
</test>
<status status="PASS" start="2024-08-09T01:10:09.554382" elapsed="0.916962"/>
</suite>
<status status="PASS" start="2024-08-09T01:10:09.539341" elapsed="0.937149"/>
</suite>
<statistics>
<total>
<stat pass="5" fail="0" skip="0">All Tests</stat>
</total>
<tag>
<stat pass="1" fail="0" skip="0">testeConteudo</stat>
<stat pass="1" fail="0" skip="0">testeEstruturaResposta</stat>
<stat pass="1" fail="0" skip="0">testeRequisicaoBasica</stat>
<stat pass="1" fail="0" skip="0">testeTiposDados</stat>
</tag>
<suite>
<stat pass="5" fail="0" skip="0" id="s1" name="Tests">Tests</stat>
<stat pass="5" fail="0" skip="0" id="s1-s1" name="Random-User-Test">Tests.Random-User-Test</stat>
</suite>
</statistics>
<errors>
</errors>
</robot>
