<?xml version="1.0" encoding="UTF-8"?>
<robot generator="Robot 7.0.1 (Python 3.12.4 on linux)" generated="2024-08-07T17:16:01.121385" rpa="false" schemaversion="5">
<suite id="s1" name="Tests" source="/home/runner/work/ApiRandomUser/ApiRandomUser/RamdonUser/tests">
<suite id="s1-s1" name="Random-User-Test" source="/home/runner/work/ApiRandomUser/ApiRandomUser/RamdonUser/tests/random-user-test.robot">
<test id="s1-s1-t1" name="Conectar" line="13">
<kw name="Conectar API" owner="random-user-service">
<kw name="Create Session" owner="RequestsLibrary">
<msg time="2024-08-07T17:16:01.504013" level="INFO">Creating Session using : alias=consultarAPI, url=https://randomuser.me/, headers={},                     cookies={}, auth=None, timeout=None, proxies=None, verify=False,                     debug=0 </msg>
<arg>consultarAPI</arg>
<arg>${URL}</arg>
<doc>Create Session: create a HTTP session to a server</doc>
<status status="PASS" start="2024-08-07T17:16:01.503828" elapsed="0.000343"/>
</kw>
<status status="PASS" start="2024-08-07T17:16:01.502913" elapsed="0.001588"/>
</kw>
<status status="PASS" start="2024-08-07T17:16:01.502415" elapsed="0.002274"/>
</test>
<test id="s1-s1-t2" name="Validar retorno 200 e JSON Válido" line="16">
<kw name="Teste de Requisicao Basica" owner="random-user-service">
<kw name="GET On Session" owner="RequestsLibrary">
<msg time="2024-08-07T17:16:01.745501" level="INFO">GET Request : url=https://randomuser.me/api 
 path_url=/api 
 headers={'User-Agent': 'python-requests/2.32.3', 'Accept-Encoding': 'gzip, deflate', 'Accept': '*/*', 'Connection': 'keep-alive'} 
 body=None 
 </msg>
<msg time="2024-08-07T17:16:01.745641" level="INFO">GET Response : url=https://randomuser.me/api 
 status=200, reason=OK 
 headers={'Date': 'Wed, 07 Aug 2024 17:16:01 GMT', 'Content-Type': 'application/json; charset=utf-8', 'Transfer-Encoding': 'chunked', 'Connection': 'keep-alive', 'X-Powered-By': 'Express', 'Access-Control-Allow-Origin': '*', 'Cache-Control': 'no-cache', 'ETag': 'W/"473-hYnZmo7y4MJpxnaJBUIfzsglJeg"', 'Vary': 'Accept-Encoding', 'Content-Encoding': 'gzip', 'CF-Cache-Status': 'DYNAMIC', 'Report-To': '{"endpoints":[{"url":"https:\\/\\/a.nel.cloudflare.com\\/report\\/v4?s=JRJK0SvBgUak544IYFKldhsFvZdjIqSy4JZcg1oF3D8pRTImYkAPNSWcdWYkt1DekEPn%2FLmeNT0tCb93jJQ6TiFUXeSkG79CviA95LHFsXMFK95NYvqCtts9JTIfV2Xi"}],"group":"cf-nel","max_age":604800}', 'NEL': '{"success_fraction":0,"report_to":"cf-nel","max_age":604800}', 'Server': 'cloudflare', 'CF-RAY': '8af8e97dbaff2abc-LAX', 'alt-svc': 'h3=":443"; ma=86400'} 
 body={"results":[{"gender":"male","name":{"title":"Mr","first":"Anton","last":"Christiansen"},"location":{"street":{"number":151,"name":"Enghavevej"},"city":"Nimtofte","state":"Danmark","country":"Denmark","postcode":64798,"coordinates":{"latitude":"-45.3661","longitude":"-141.2647"},"timezone":{"offset":"+5:45","description":"Kathmandu"}},"email":"anton.christiansen@example.com","login":{"uuid":"11c02809-4581-467f-8347-27482ca50eeb","username":"brownkoala220","password":"chandler","salt":"rtGgyB0H","md5":"9ee5d219fb26ef3df844d6f1db818f72","sha1":"bc57aac07c124ef54e11eeb7d82b315d51b465a2","sha256":"f2d76232ae62b70900d70176cea02d11981b8f209521b076614cf09838e9b149"},"dob":{"date":"1971-07-31T01:50:40.274Z","age":53},"registered":{"date":"2008-03-31T16:34:17.406Z","age":16},"phone":"17630997","cell":"60759236","id":{"name":"CPR","value":"300771-9293"},"picture":{"large":"https://randomuser.me/api/portraits/men/52.jpg","medium":"https://randomuser.me/api/portraits/med/men/52.jpg","thumbnail":"https://randomuser.me/api/portraits/thumb/men/52.jpg"},"nat":"DK"}],"info":{"seed":"d41548b5d1d9b376","results":1,"page":1,"version":"1.4"}} 
 </msg>
<msg time="2024-08-07T17:16:01.745729" level="INFO">/opt/hostedtoolcache/Python/3.12.4/x64/lib/python3.12/site-packages/urllib3/connectionpool.py:1099: InsecureRequestWarning: Unverified HTTPS request is being made to host 'randomuser.me'. Adding certificate verification is strongly advised. See: https://urllib3.readthedocs.io/en/latest/advanced-usage.html#tls-warnings
  warnings.warn(</msg>
<msg time="2024-08-07T17:16:01.745867" level="INFO">${response} = &lt;Response [200]&gt;</msg>
<var>${response}</var>
<arg>consultarAPI</arg>
<arg>/api</arg>
<doc>Sends a GET request on a previously created HTTP Session.</doc>
<status status="PASS" start="2024-08-07T17:16:01.507121" elapsed="0.238805"/>
</kw>
<kw name="Should Be Equal As Numbers" owner="BuiltIn">
<msg time="2024-08-07T17:16:01.746957" level="INFO">Argument types are:
&lt;class 'int'&gt;
&lt;class 'str'&gt;</msg>
<arg>${response.status_code}</arg>
<arg>200</arg>
<doc>Fails if objects are unequal after converting them to real numbers.</doc>
<status status="PASS" start="2024-08-07T17:16:01.746482" elapsed="0.000539"/>
</kw>
<kw name="Log" owner="BuiltIn">
<msg time="2024-08-07T17:16:01.747695" level="INFO">200</msg>
<arg>${response.status_code}</arg>
<doc>Logs the given message with the given level.</doc>
<status status="PASS" start="2024-08-07T17:16:01.747336" elapsed="0.000403"/>
</kw>
<kw name="Set Variable" owner="BuiltIn">
<msg time="2024-08-07T17:16:01.748476" level="INFO">${json_data} = {'results': [{'gender': 'male', 'name': {'title': 'Mr', 'first': 'Anton', 'last': 'Christiansen'}, 'location': {'street': {'number': 151, 'name': 'Enghavevej'}, 'city': 'Nimtofte', 'state': 'Danmark',...</msg>
<var>${json_data}</var>
<arg>${response.json()}</arg>
<doc>Returns the given values which can then be assigned to a variables.</doc>
<status status="PASS" start="2024-08-07T17:16:01.748047" elapsed="0.000457"/>
</kw>
<kw name="Dictionary Should Contain Key" owner="Collections">
<arg>${json_data}</arg>
<arg>results</arg>
<doc>Fails if ``key`` is not found from ``dictionary``.</doc>
<status status="PASS" start="2024-08-07T17:16:01.748806" elapsed="0.000294"/>
</kw>
<status status="PASS" start="2024-08-07T17:16:01.506877" elapsed="0.242372"/>
</kw>
<doc>Testa se a API responde corretamente e retorna um objeto JSON válido.</doc>
<tag>testeRequisicaoBasica</tag>
<status status="PASS" start="2024-08-07T17:16:01.506436" elapsed="0.242978"/>
</test>
<test id="s1-s1-t3" name="Validar estrutura de resposta" line="22">
<kw name="Teste de Estrutura de Resposta" owner="random-user-service">
<kw name="GET On Session" owner="RequestsLibrary">
<msg time="2024-08-07T17:16:01.926628" level="INFO">GET Request : url=https://randomuser.me/api 
 path_url=/api 
 headers={'User-Agent': 'python-requests/2.32.3', 'Accept-Encoding': 'gzip, deflate', 'Accept': '*/*', 'Connection': 'keep-alive'} 
 body=None 
 </msg>
<msg time="2024-08-07T17:16:01.926715" level="INFO">GET Response : url=https://randomuser.me/api 
 status=200, reason=OK 
 headers={'Date': 'Wed, 07 Aug 2024 17:16:01 GMT', 'Content-Type': 'application/json; charset=utf-8', 'Transfer-Encoding': 'chunked', 'Connection': 'keep-alive', 'X-Powered-By': 'Express', 'Access-Control-Allow-Origin': '*', 'Cache-Control': 'no-cache', 'ETag': 'W/"4a9-ZYIbtt3QUSzazCGrInKZM59NNjM"', 'Vary': 'Accept-Encoding', 'Content-Encoding': 'gzip', 'CF-Cache-Status': 'DYNAMIC', 'Report-To': '{"endpoints":[{"url":"https:\\/\\/a.nel.cloudflare.com\\/report\\/v4?s=l2YX4AocXBqREQhgLMTZKOs87oWJ8kHR0MlaRG0OSJPVlW%2BQVB8IgyO%2BybXR0VicZce%2B51z3Dc%2BUQppVqVt8fhW3D4sOmoQ6iqE3v4XdG2Ldl7MvmNbfji4uQ0RwnOAS"}],"group":"cf-nel","max_age":604800}', 'NEL': '{"success_fraction":0,"report_to":"cf-nel","max_age":604800}', 'Server': 'cloudflare', 'CF-RAY': '8af8e97efcff2abc-LAX', 'alt-svc': 'h3=":443"; ma=86400'} 
 body={"results":[{"gender":"female","name":{"title":"Miss","first":"Najma","last":"Bruintjes"},"location":{"street":{"number":1496,"name":"Burenlaan"},"city":"Halfweg Nh","state":"Zuid-Holland","country":"Netherlands","postcode":"2422 IP","coordinates":{"latitude":"33.7735","longitude":"154.6353"},"timezone":{"offset":"+1:00","description":"Brussels, Copenhagen, Madrid, Paris"}},"email":"najma.bruintjes@example.com","login":{"uuid":"a137234f-39ff-4343-b411-bef3c1dc0c79","username":"beautifulpeacock893","password":"barton","salt":"I80nqoEq","md5":"391d053bb42395b892de0064bbb0d8a9","sha1":"8460d286e54f5668e2d84b78ad48fb86f32c2861","sha256":"ce40a394ba7488b3836502fb475d749084d352f124c646e4f086476a27c9f6f0"},"dob":{"date":"2000-07-25T19:03:12.727Z","age":24},"registered":{"date":"2006-05-17T03:51:35.882Z","age":18},"phone":"(008) 7074615","cell":"(06) 78884805","id":{"name":"BSN","value":"31001041"},"picture":{"large":"https://randomuser.me/api/portraits/women/78.jpg","medium":"https://randomuser.me/api/portraits/med/women/78.jpg","thumbnail":"https://randomuser.me/api/portraits/thumb/women/78.jpg"},"nat":"NL"}],"info":{"seed":"a6ce4d303ae3a53b","results":1,"page":1,"version":"1.4"}} 
 </msg>
<msg time="2024-08-07T17:16:01.926878" level="INFO">/opt/hostedtoolcache/Python/3.12.4/x64/lib/python3.12/site-packages/urllib3/connectionpool.py:1099: InsecureRequestWarning: Unverified HTTPS request is being made to host 'randomuser.me'. Adding certificate verification is strongly advised. See: https://urllib3.readthedocs.io/en/latest/advanced-usage.html#tls-warnings
  warnings.warn(</msg>
<msg time="2024-08-07T17:16:01.927011" level="INFO">${response} = &lt;Response [200]&gt;</msg>
<var>${response}</var>
<arg>consultarAPI</arg>
<arg>/api</arg>
<doc>Sends a GET request on a previously created HTTP Session.</doc>
<status status="PASS" start="2024-08-07T17:16:01.752014" elapsed="0.175047"/>
</kw>
<kw name="Set Variable" owner="BuiltIn">
<msg time="2024-08-07T17:16:01.927895" level="INFO">${json_data} = {'results': [{'gender': 'female', 'name': {'title': 'Miss', 'first': 'Najma', 'last': 'Bruintjes'}, 'location': {'street': {'number': 1496, 'name': 'Burenlaan'}, 'city': 'Halfweg Nh', 'state': 'Zuid-H...</msg>
<var>${json_data}</var>
<arg>${response.json()}</arg>
<doc>Returns the given values which can then be assigned to a variables.</doc>
<status status="PASS" start="2024-08-07T17:16:01.927458" elapsed="0.000465"/>
</kw>
<kw name="Log" owner="BuiltIn">
<msg time="2024-08-07T17:16:01.928377" level="INFO">{'results': [{'gender': 'female', 'name': {'title': 'Miss', 'first': 'Najma', 'last': 'Bruintjes'}, 'location': {'street': {'number': 1496, 'name': 'Burenlaan'}, 'city': 'Halfweg Nh', 'state': 'Zuid-Holland', 'country': 'Netherlands', 'postcode': '2422 IP', 'coordinates': {'latitude': '33.7735', 'longitude': '154.6353'}, 'timezone': {'offset': '+1:00', 'description': 'Brussels, Copenhagen, Madrid, Paris'}}, 'email': 'najma.bruintjes@example.com', 'login': {'uuid': 'a137234f-39ff-4343-b411-bef3c1dc0c79', 'username': 'beautifulpeacock893', 'password': 'barton', 'salt': 'I80nqoEq', 'md5': '391d053bb42395b892de0064bbb0d8a9', 'sha1': '8460d286e54f5668e2d84b78ad48fb86f32c2861', 'sha256': 'ce40a394ba7488b3836502fb475d749084d352f124c646e4f086476a27c9f6f0'}, 'dob': {'date': '2000-07-25T19:03:12.727Z', 'age': 24}, 'registered': {'date': '2006-05-17T03:51:35.882Z', 'age': 18}, 'phone': '(008) 7074615', 'cell': '(06) 78884805', 'id': {'name': 'BSN', 'value': '31001041'}, 'picture': {'large': 'https://randomuser.me/api/portraits/women/78.jpg', 'medium': 'https://randomuser.me/api/portraits/med/women/78.jpg', 'thumbnail': 'https://randomuser.me/api/portraits/thumb/women/78.jpg'}, 'nat': 'NL'}], 'info': {'seed': 'a6ce4d303ae3a53b', 'results': 1, 'page': 1, 'version': '1.4'}}</msg>
<arg>${json_data}</arg>
<doc>Logs the given message with the given level.</doc>
<status status="PASS" start="2024-08-07T17:16:01.928221" elapsed="0.000201"/>
</kw>
<kw name="Dictionary Should Contain Key" owner="Collections">
<arg>${json_data}</arg>
<arg>results</arg>
<doc>Fails if ``key`` is not found from ``dictionary``.</doc>
<status status="PASS" start="2024-08-07T17:16:01.928708" elapsed="0.000157"/>
</kw>
<kw name="Should Not Be Empty" owner="BuiltIn">
<msg time="2024-08-07T17:16:01.929170" level="INFO">Length is 2.</msg>
<arg>${json_data}</arg>
<doc>Verifies that the given item is not empty.</doc>
<status status="PASS" start="2024-08-07T17:16:01.929046" elapsed="0.000162"/>
</kw>
<kw name="Create List" owner="BuiltIn">
<msg time="2024-08-07T17:16:01.929642" level="INFO">${expected_keys} = ['gender', 'name', 'location', 'email', 'login']</msg>
<var>${expected_keys}</var>
<arg>gender</arg>
<arg>name</arg>
<arg>location</arg>
<arg>email</arg>
<arg>login</arg>
<doc>Returns a list containing given items.</doc>
<status status="PASS" start="2024-08-07T17:16:01.929488" elapsed="0.000177"/>
</kw>
<for flavor="IN">
<iter>
<kw name="Dictionary Should Contain Key" owner="Collections">
<arg>${json_data['results'][0]}</arg>
<arg>${key}</arg>
<doc>Fails if ``key`` is not found from ``dictionary``.</doc>
<status status="PASS" start="2024-08-07T17:16:01.930219" elapsed="0.000371"/>
</kw>
<kw name="Log" owner="BuiltIn">
<msg time="2024-08-07T17:16:01.931124" level="INFO">{'gender': 'female', 'name': {'title': 'Miss', 'first': 'Najma', 'last': 'Bruintjes'}, 'location': {'street': {'number': 1496, 'name': 'Burenlaan'}, 'city': 'Halfweg Nh', 'state': 'Zuid-Holland', 'country': 'Netherlands', 'postcode': '2422 IP', 'coordinates': {'latitude': '33.7735', 'longitude': '154.6353'}, 'timezone': {'offset': '+1:00', 'description': 'Brussels, Copenhagen, Madrid, Paris'}}, 'email': 'najma.bruintjes@example.com', 'login': {'uuid': 'a137234f-39ff-4343-b411-bef3c1dc0c79', 'username': 'beautifulpeacock893', 'password': 'barton', 'salt': 'I80nqoEq', 'md5': '391d053bb42395b892de0064bbb0d8a9', 'sha1': '8460d286e54f5668e2d84b78ad48fb86f32c2861', 'sha256': 'ce40a394ba7488b3836502fb475d749084d352f124c646e4f086476a27c9f6f0'}, 'dob': {'date': '2000-07-25T19:03:12.727Z', 'age': 24}, 'registered': {'date': '2006-05-17T03:51:35.882Z', 'age': 18}, 'phone': '(008) 7074615', 'cell': '(06) 78884805', 'id': {'name': 'BSN', 'value': '31001041'}, 'picture': {'large': 'https://randomuser.me/api/portraits/women/78.jpg', 'medium': 'https://randomuser.me/api/portraits/med/women/78.jpg', 'thumbnail': 'https://randomuser.me/api/portraits/thumb/women/78.jpg'}, 'nat': 'NL'}</msg>
<arg>${json_data['results'][0]}</arg>
<doc>Logs the given message with the given level.</doc>
<status status="PASS" start="2024-08-07T17:16:01.930790" elapsed="0.000379"/>
</kw>
<kw name="Log" owner="BuiltIn">
<msg time="2024-08-07T17:16:01.931557" level="INFO">gender</msg>
<arg>${key}</arg>
<doc>Logs the given message with the given level.</doc>
<status status="PASS" start="2024-08-07T17:16:01.931439" elapsed="0.000153"/>
</kw>
<var name="${key}">gender</var>
<status status="PASS" start="2024-08-07T17:16:01.930099" elapsed="0.001692"/>
</iter>
<iter>
<kw name="Dictionary Should Contain Key" owner="Collections">
<arg>${json_data['results'][0]}</arg>
<arg>${key}</arg>
<doc>Fails if ``key`` is not found from ``dictionary``.</doc>
<status status="PASS" start="2024-08-07T17:16:01.932065" elapsed="0.000391"/>
</kw>
<kw name="Log" owner="BuiltIn">
<msg time="2024-08-07T17:16:01.932986" level="INFO">{'gender': 'female', 'name': {'title': 'Miss', 'first': 'Najma', 'last': 'Bruintjes'}, 'location': {'street': {'number': 1496, 'name': 'Burenlaan'}, 'city': 'Halfweg Nh', 'state': 'Zuid-Holland', 'country': 'Netherlands', 'postcode': '2422 IP', 'coordinates': {'latitude': '33.7735', 'longitude': '154.6353'}, 'timezone': {'offset': '+1:00', 'description': 'Brussels, Copenhagen, Madrid, Paris'}}, 'email': 'najma.bruintjes@example.com', 'login': {'uuid': 'a137234f-39ff-4343-b411-bef3c1dc0c79', 'username': 'beautifulpeacock893', 'password': 'barton', 'salt': 'I80nqoEq', 'md5': '391d053bb42395b892de0064bbb0d8a9', 'sha1': '8460d286e54f5668e2d84b78ad48fb86f32c2861', 'sha256': 'ce40a394ba7488b3836502fb475d749084d352f124c646e4f086476a27c9f6f0'}, 'dob': {'date': '2000-07-25T19:03:12.727Z', 'age': 24}, 'registered': {'date': '2006-05-17T03:51:35.882Z', 'age': 18}, 'phone': '(008) 7074615', 'cell': '(06) 78884805', 'id': {'name': 'BSN', 'value': '31001041'}, 'picture': {'large': 'https://randomuser.me/api/portraits/women/78.jpg', 'medium': 'https://randomuser.me/api/portraits/med/women/78.jpg', 'thumbnail': 'https://randomuser.me/api/portraits/thumb/women/78.jpg'}, 'nat': 'NL'}</msg>
<arg>${json_data['results'][0]}</arg>
<doc>Logs the given message with the given level.</doc>
<status status="PASS" start="2024-08-07T17:16:01.932657" elapsed="0.000374"/>
</kw>
<kw name="Log" owner="BuiltIn">
<msg time="2024-08-07T17:16:01.933423" level="INFO">name</msg>
<arg>${key}</arg>
<doc>Logs the given message with the given level.</doc>
<status status="PASS" start="2024-08-07T17:16:01.933305" elapsed="0.000152"/>
</kw>
<var name="${key}">name</var>
<status status="PASS" start="2024-08-07T17:16:01.931958" elapsed="0.001699"/>
</iter>
<iter>
<kw name="Dictionary Should Contain Key" owner="Collections">
<arg>${json_data['results'][0]}</arg>
<arg>${key}</arg>
<doc>Fails if ``key`` is not found from ``dictionary``.</doc>
<status status="PASS" start="2024-08-07T17:16:01.933917" elapsed="0.000350"/>
</kw>
<kw name="Log" owner="BuiltIn">
<msg time="2024-08-07T17:16:01.934775" level="INFO">{'gender': 'female', 'name': {'title': 'Miss', 'first': 'Najma', 'last': 'Bruintjes'}, 'location': {'street': {'number': 1496, 'name': 'Burenlaan'}, 'city': 'Halfweg Nh', 'state': 'Zuid-Holland', 'country': 'Netherlands', 'postcode': '2422 IP', 'coordinates': {'latitude': '33.7735', 'longitude': '154.6353'}, 'timezone': {'offset': '+1:00', 'description': 'Brussels, Copenhagen, Madrid, Paris'}}, 'email': 'najma.bruintjes@example.com', 'login': {'uuid': 'a137234f-39ff-4343-b411-bef3c1dc0c79', 'username': 'beautifulpeacock893', 'password': 'barton', 'salt': 'I80nqoEq', 'md5': '391d053bb42395b892de0064bbb0d8a9', 'sha1': '8460d286e54f5668e2d84b78ad48fb86f32c2861', 'sha256': 'ce40a394ba7488b3836502fb475d749084d352f124c646e4f086476a27c9f6f0'}, 'dob': {'date': '2000-07-25T19:03:12.727Z', 'age': 24}, 'registered': {'date': '2006-05-17T03:51:35.882Z', 'age': 18}, 'phone': '(008) 7074615', 'cell': '(06) 78884805', 'id': {'name': 'BSN', 'value': '31001041'}, 'picture': {'large': 'https://randomuser.me/api/portraits/women/78.jpg', 'medium': 'https://randomuser.me/api/portraits/med/women/78.jpg', 'thumbnail': 'https://randomuser.me/api/portraits/thumb/women/78.jpg'}, 'nat': 'NL'}</msg>
<arg>${json_data['results'][0]}</arg>
<doc>Logs the given message with the given level.</doc>
<status status="PASS" start="2024-08-07T17:16:01.934432" elapsed="0.000392"/>
</kw>
<kw name="Log" owner="BuiltIn">
<msg time="2024-08-07T17:16:01.935220" level="INFO">location</msg>
<arg>${key}</arg>
<doc>Logs the given message with the given level.</doc>
<status status="PASS" start="2024-08-07T17:16:01.935101" elapsed="0.000154"/>
</kw>
<var name="${key}">location</var>
<status status="PASS" start="2024-08-07T17:16:01.933817" elapsed="0.001636"/>
</iter>
<iter>
<kw name="Dictionary Should Contain Key" owner="Collections">
<arg>${json_data['results'][0]}</arg>
<arg>${key}</arg>
<doc>Fails if ``key`` is not found from ``dictionary``.</doc>
<status status="PASS" start="2024-08-07T17:16:01.935722" elapsed="0.000386"/>
</kw>
<kw name="Log" owner="BuiltIn">
<msg time="2024-08-07T17:16:01.936744" level="INFO">{'gender': 'female', 'name': {'title': 'Miss', 'first': 'Najma', 'last': 'Bruintjes'}, 'location': {'street': {'number': 1496, 'name': 'Burenlaan'}, 'city': 'Halfweg Nh', 'state': 'Zuid-Holland', 'country': 'Netherlands', 'postcode': '2422 IP', 'coordinates': {'latitude': '33.7735', 'longitude': '154.6353'}, 'timezone': {'offset': '+1:00', 'description': 'Brussels, Copenhagen, Madrid, Paris'}}, 'email': 'najma.bruintjes@example.com', 'login': {'uuid': 'a137234f-39ff-4343-b411-bef3c1dc0c79', 'username': 'beautifulpeacock893', 'password': 'barton', 'salt': 'I80nqoEq', 'md5': '391d053bb42395b892de0064bbb0d8a9', 'sha1': '8460d286e54f5668e2d84b78ad48fb86f32c2861', 'sha256': 'ce40a394ba7488b3836502fb475d749084d352f124c646e4f086476a27c9f6f0'}, 'dob': {'date': '2000-07-25T19:03:12.727Z', 'age': 24}, 'registered': {'date': '2006-05-17T03:51:35.882Z', 'age': 18}, 'phone': '(008) 7074615', 'cell': '(06) 78884805', 'id': {'name': 'BSN', 'value': '31001041'}, 'picture': {'large': 'https://randomuser.me/api/portraits/women/78.jpg', 'medium': 'https://randomuser.me/api/portraits/med/women/78.jpg', 'thumbnail': 'https://randomuser.me/api/portraits/thumb/women/78.jpg'}, 'nat': 'NL'}</msg>
<arg>${json_data['results'][0]}</arg>
<doc>Logs the given message with the given level.</doc>
<status status="PASS" start="2024-08-07T17:16:01.936395" elapsed="0.000397"/>
</kw>
<kw name="Log" owner="BuiltIn">
<msg time="2024-08-07T17:16:01.937210" level="INFO">email</msg>
<arg>${key}</arg>
<doc>Logs the given message with the given level.</doc>
<status status="PASS" start="2024-08-07T17:16:01.937084" elapsed="0.000164"/>
</kw>
<var name="${key}">email</var>
<status status="PASS" start="2024-08-07T17:16:01.935616" elapsed="0.001826"/>
</iter>
<iter>
<kw name="Dictionary Should Contain Key" owner="Collections">
<arg>${json_data['results'][0]}</arg>
<arg>${key}</arg>
<doc>Fails if ``key`` is not found from ``dictionary``.</doc>
<status status="PASS" start="2024-08-07T17:16:01.937702" elapsed="0.000339"/>
</kw>
<kw name="Log" owner="BuiltIn">
<msg time="2024-08-07T17:16:01.938519" level="INFO">{'gender': 'female', 'name': {'title': 'Miss', 'first': 'Najma', 'last': 'Bruintjes'}, 'location': {'street': {'number': 1496, 'name': 'Burenlaan'}, 'city': 'Halfweg Nh', 'state': 'Zuid-Holland', 'country': 'Netherlands', 'postcode': '2422 IP', 'coordinates': {'latitude': '33.7735', 'longitude': '154.6353'}, 'timezone': {'offset': '+1:00', 'description': 'Brussels, Copenhagen, Madrid, Paris'}}, 'email': 'najma.bruintjes@example.com', 'login': {'uuid': 'a137234f-39ff-4343-b411-bef3c1dc0c79', 'username': 'beautifulpeacock893', 'password': 'barton', 'salt': 'I80nqoEq', 'md5': '391d053bb42395b892de0064bbb0d8a9', 'sha1': '8460d286e54f5668e2d84b78ad48fb86f32c2861', 'sha256': 'ce40a394ba7488b3836502fb475d749084d352f124c646e4f086476a27c9f6f0'}, 'dob': {'date': '2000-07-25T19:03:12.727Z', 'age': 24}, 'registered': {'date': '2006-05-17T03:51:35.882Z', 'age': 18}, 'phone': '(008) 7074615', 'cell': '(06) 78884805', 'id': {'name': 'BSN', 'value': '31001041'}, 'picture': {'large': 'https://randomuser.me/api/portraits/women/78.jpg', 'medium': 'https://randomuser.me/api/portraits/med/women/78.jpg', 'thumbnail': 'https://randomuser.me/api/portraits/thumb/women/78.jpg'}, 'nat': 'NL'}</msg>
<arg>${json_data['results'][0]}</arg>
<doc>Logs the given message with the given level.</doc>
<status status="PASS" start="2024-08-07T17:16:01.938202" elapsed="0.000360"/>
</kw>
<kw name="Log" owner="BuiltIn">
<msg time="2024-08-07T17:16:01.938968" level="INFO">login</msg>
<arg>${key}</arg>
<doc>Logs the given message with the given level.</doc>
<status status="PASS" start="2024-08-07T17:16:01.938850" elapsed="0.000151"/>
</kw>
<var name="${key}">login</var>
<status status="PASS" start="2024-08-07T17:16:01.937604" elapsed="0.001593"/>
</iter>
<var>${key}</var>
<value>@{expected_keys}</value>
<status status="PASS" start="2024-08-07T17:16:01.929922" elapsed="0.009412"/>
</for>
<kw name="Create List" owner="BuiltIn">
<msg time="2024-08-07T17:16:01.939633" level="INFO">${expected_keysTwo} = ['username', 'password']</msg>
<var>${expected_keysTwo}</var>
<arg>username</arg>
<arg>password</arg>
<doc>Returns a list containing given items.</doc>
<status status="PASS" start="2024-08-07T17:16:01.939510" elapsed="0.000144"/>
</kw>
<for flavor="IN">
<iter>
<kw name="Dictionary Should Contain Key" owner="Collections">
<arg>${json_data['results'][0]['login']}</arg>
<arg>${keyTwo}</arg>
<doc>Fails if ``key`` is not found from ``dictionary``.</doc>
<status status="PASS" start="2024-08-07T17:16:01.940105" elapsed="0.000354"/>
</kw>
<kw name="Dictionary Should Contain Key" owner="Collections">
<arg>${json_data['results'][0]['login']}</arg>
<arg>${keyTwo}</arg>
<doc>Fails if ``key`` is not found from ``dictionary``.</doc>
<status status="PASS" start="2024-08-07T17:16:01.940621" elapsed="0.000371"/>
</kw>
<kw name="Log" owner="BuiltIn">
<msg time="2024-08-07T17:16:01.941291" level="INFO">username</msg>
<arg>${keyTwo}</arg>
<doc>Logs the given message with the given level.</doc>
<status status="PASS" start="2024-08-07T17:16:01.941171" elapsed="0.000156"/>
</kw>
<var name="${keyTwo}">username</var>
<status status="PASS" start="2024-08-07T17:16:01.940008" elapsed="0.001537"/>
</iter>
<iter>
<kw name="Dictionary Should Contain Key" owner="Collections">
<arg>${json_data['results'][0]['login']}</arg>
<arg>${keyTwo}</arg>
<doc>Fails if ``key`` is not found from ``dictionary``.</doc>
<status status="PASS" start="2024-08-07T17:16:01.941817" elapsed="0.000379"/>
</kw>
<kw name="Dictionary Should Contain Key" owner="Collections">
<arg>${json_data['results'][0]['login']}</arg>
<arg>${keyTwo}</arg>
<doc>Fails if ``key`` is not found from ``dictionary``.</doc>
<status status="PASS" start="2024-08-07T17:16:01.942369" elapsed="0.000362"/>
</kw>
<kw name="Log" owner="BuiltIn">
<msg time="2024-08-07T17:16:01.943064" level="INFO">password</msg>
<arg>${keyTwo}</arg>
<doc>Logs the given message with the given level.</doc>
<status status="PASS" start="2024-08-07T17:16:01.942942" elapsed="0.000160"/>
</kw>
<var name="${keyTwo}">password</var>
<status status="PASS" start="2024-08-07T17:16:01.941714" elapsed="0.001604"/>
</iter>
<var>${keyTwo}</var>
<value>@{expected_keysTwo}</value>
<status status="PASS" start="2024-08-07T17:16:01.939870" elapsed="0.003557"/>
</for>
<status status="PASS" start="2024-08-07T17:16:01.751793" elapsed="0.191758"/>
</kw>
<doc>Testa a estrutura da resposta da API.</doc>
<tag>testeEstruturaResposta</tag>
<status status="PASS" start="2024-08-07T17:16:01.751270" elapsed="0.192415"/>
</test>
<test id="s1-s1-t4" name="Validar tipos de dados" line="28">
<kw name="Teste de Tipos de Dados" owner="random-user-service">
<kw name="GET On Session" owner="RequestsLibrary">
<msg time="2024-08-07T17:16:02.074314" level="INFO">GET Request : url=https://randomuser.me/api 
 path_url=/api 
 headers={'User-Agent': 'python-requests/2.32.3', 'Accept-Encoding': 'gzip, deflate', 'Accept': '*/*', 'Connection': 'keep-alive'} 
 body=None 
 </msg>
<msg time="2024-08-07T17:16:02.074403" level="INFO">GET Response : url=https://randomuser.me/api 
 status=200, reason=OK 
 headers={'Date': 'Wed, 07 Aug 2024 17:16:02 GMT', 'Content-Type': 'application/json; charset=utf-8', 'Transfer-Encoding': 'chunked', 'Connection': 'keep-alive', 'X-Powered-By': 'Express', 'Access-Control-Allow-Origin': '*', 'Cache-Control': 'no-cache', 'ETag': 'W/"486-5BNsIQMBT3+OS7XzYcZOaaj/uZg"', 'Vary': 'Accept-Encoding', 'Content-Encoding': 'gzip', 'CF-Cache-Status': 'DYNAMIC', 'Report-To': '{"endpoints":[{"url":"https:\\/\\/a.nel.cloudflare.com\\/report\\/v4?s=mdnGwvp4wk2JFPArZ70uht8xhwjW8md0hsUSx1nO%2FOdhUcytKKpeSRCgyPnoYlc6GjdFR1u%2Fjk4DlVZ6w%2BpNK9qo2YGjtTNjG9rajfyC%2BduE6sfeRictq5VeazidJ12X"}],"group":"cf-nel","max_age":604800}', 'NEL': '{"success_fraction":0,"report_to":"cf-nel","max_age":604800}', 'Server': 'cloudflare', 'CF-RAY': '8af8e9802ec12abc-LAX', 'alt-svc': 'h3=":443"; ma=86400'} 
 body={"results":[{"gender":"male","name":{"title":"Monsieur","first":"Valerio","last":"Clement"},"location":{"street":{"number":4813,"name":"Rue Baraban"},"city":"Le Locle","state":"Jura","country":"Switzerland","postcode":7567,"coordinates":{"latitude":"-63.4733","longitude":"-50.0904"},"timezone":{"offset":"-3:30","description":"Newfoundland"}},"email":"valerio.clement@example.com","login":{"uuid":"f2576763-4889-4cdc-bca1-c25ab9ecd629","username":"purplebird779","password":"scrapper","salt":"qHGMW1UD","md5":"cfd62181bb64745e6a88f7cc4f757e85","sha1":"95f81267ddc2cf25acefc6c36ac4f4f4fde082e1","sha256":"a3c68268f0500b3f968a31d416c8ff4e9de238419ee66be7e8089151fa40679f"},"dob":{"date":"1952-08-05T06:04:40.663Z","age":72},"registered":{"date":"2008-10-12T15:24:03.842Z","age":15},"phone":"077 978 41 58","cell":"076 866 22 27","id":{"name":"AVS","value":"756.2999.2547.30"},"picture":{"large":"https://randomuser.me/api/portraits/men/67.jpg","medium":"https://randomuser.me/api/portraits/med/men/67.jpg","thumbnail":"https://randomuser.me/api/portraits/thumb/men/67.jpg"},"nat":"CH"}],"info":{"seed":"6371999db849e24e","results":1,"page":1,"version":"1.4"}} 
 </msg>
<msg time="2024-08-07T17:16:02.074475" level="INFO">/opt/hostedtoolcache/Python/3.12.4/x64/lib/python3.12/site-packages/urllib3/connectionpool.py:1099: InsecureRequestWarning: Unverified HTTPS request is being made to host 'randomuser.me'. Adding certificate verification is strongly advised. See: https://urllib3.readthedocs.io/en/latest/advanced-usage.html#tls-warnings
  warnings.warn(</msg>
<msg time="2024-08-07T17:16:02.074581" level="INFO">${response} = &lt;Response [200]&gt;</msg>
<var>${response}</var>
<arg>consultarAPI</arg>
<arg>/api</arg>
<doc>Sends a GET request on a previously created HTTP Session.</doc>
<status status="PASS" start="2024-08-07T17:16:01.945865" elapsed="0.128751"/>
</kw>
<kw name="Set Variable" owner="BuiltIn">
<msg time="2024-08-07T17:16:02.075623" level="INFO">${json_data} = {'results': [{'gender': 'male', 'name': {'title': 'Monsieur', 'first': 'Valerio', 'last': 'Clement'}, 'location': {'street': {'number': 4813, 'name': 'Rue Baraban'}, 'city': 'Le Locle', 'state': 'Jura...</msg>
<var>${json_data}</var>
<arg>${response.json()}</arg>
<doc>Returns the given values which can then be assigned to a variables.</doc>
<status status="PASS" start="2024-08-07T17:16:02.075179" elapsed="0.000472"/>
</kw>
<kw name="Log" owner="BuiltIn">
<msg time="2024-08-07T17:16:02.076097" level="INFO">{'results': [{'gender': 'male', 'name': {'title': 'Monsieur', 'first': 'Valerio', 'last': 'Clement'}, 'location': {'street': {'number': 4813, 'name': 'Rue Baraban'}, 'city': 'Le Locle', 'state': 'Jura', 'country': 'Switzerland', 'postcode': 7567, 'coordinates': {'latitude': '-63.4733', 'longitude': '-50.0904'}, 'timezone': {'offset': '-3:30', 'description': 'Newfoundland'}}, 'email': 'valerio.clement@example.com', 'login': {'uuid': 'f2576763-4889-4cdc-bca1-c25ab9ecd629', 'username': 'purplebird779', 'password': 'scrapper', 'salt': 'qHGMW1UD', 'md5': 'cfd62181bb64745e6a88f7cc4f757e85', 'sha1': '95f81267ddc2cf25acefc6c36ac4f4f4fde082e1', 'sha256': 'a3c68268f0500b3f968a31d416c8ff4e9de238419ee66be7e8089151fa40679f'}, 'dob': {'date': '1952-08-05T06:04:40.663Z', 'age': 72}, 'registered': {'date': '2008-10-12T15:24:03.842Z', 'age': 15}, 'phone': '077 978 41 58', 'cell': '076 866 22 27', 'id': {'name': 'AVS', 'value': '756.2999.2547.30'}, 'picture': {'large': 'https://randomuser.me/api/portraits/men/67.jpg', 'medium': 'https://randomuser.me/api/portraits/med/men/67.jpg', 'thumbnail': 'https://randomuser.me/api/portraits/thumb/men/67.jpg'}, 'nat': 'CH'}], 'info': {'seed': '6371999db849e24e', 'results': 1, 'page': 1, 'version': '1.4'}}</msg>
<arg>${json_data}</arg>
<doc>Logs the given message with the given level.</doc>
<status status="PASS" start="2024-08-07T17:16:02.075947" elapsed="0.000196"/>
</kw>
<kw name="Should Be String" owner="String">
<arg>${json_data['results'][0]['gender']}</arg>
<doc>Fails if the given ``item`` is not a string.</doc>
<status status="PASS" start="2024-08-07T17:16:02.076427" elapsed="0.000355"/>
</kw>
<kw name="Should Match Regexp" owner="BuiltIn">
<arg>${json_data['results'][0]['email']}</arg>
<arg>^[a-zA-Z0-9._%+-]+@[a-zA-Z0-9.-]+\.[a-zA-Z]{2,}$</arg>
<doc>Fails if ``string`` does not match ``pattern`` as a regular expression.</doc>
<status status="PASS" start="2024-08-07T17:16:02.076998" elapsed="0.000499"/>
</kw>
<kw name="Should Match Regexp" owner="BuiltIn">
<arg>${json_data['results'][0]['dob']['date']}</arg>
<arg>\\d{4}-\\d{2}-\\d{2}T\\d{2}:\\d{2}:\\d{2}\\.\\d{3}Z</arg>
<doc>Fails if ``string`` does not match ``pattern`` as a regular expression.</doc>
<status status="PASS" start="2024-08-07T17:16:02.077686" elapsed="0.000576"/>
</kw>
<kw name="Should Match Regexp" owner="BuiltIn">
<arg>${json_data['results'][0]['registered']['date']}</arg>
<arg>\\d{4}-\\d{2}-\\d{2}T\\d{2}:\\d{2}:\\d{2}\\.\\d{3}Z</arg>
<doc>Fails if ``string`` does not match ``pattern`` as a regular expression.</doc>
<status status="PASS" start="2024-08-07T17:16:02.078451" elapsed="0.000410"/>
</kw>
<kw name="Should Match Regexp" owner="BuiltIn">
<arg>${json_data['results'][0]['picture']['large']}</arg>
<arg>^https?://.*\.(?:png|jpe?g|gif|bmp)$</arg>
<doc>Fails if ``string`` does not match ``pattern`` as a regular expression.</doc>
<status status="PASS" start="2024-08-07T17:16:02.079049" elapsed="0.000463"/>
</kw>
<kw name="Should Match Regexp" owner="BuiltIn">
<arg>${json_data['results'][0]['picture']['medium']}</arg>
<arg>^https?://.*\.(?:png|jpe?g|gif|bmp)$</arg>
<doc>Fails if ``string`` does not match ``pattern`` as a regular expression.</doc>
<status status="PASS" start="2024-08-07T17:16:02.079696" elapsed="0.000351"/>
</kw>
<kw name="Should Match Regexp" owner="BuiltIn">
<arg>${json_data['results'][0]['picture']['thumbnail']}</arg>
<arg>^https?://.*\.(?:png|jpe?g|gif|bmp)$</arg>
<doc>Fails if ``string`` does not match ``pattern`` as a regular expression.</doc>
<status status="PASS" start="2024-08-07T17:16:02.080225" elapsed="0.000344"/>
</kw>
<kw name="Log" owner="BuiltIn">
<msg time="2024-08-07T17:16:02.081057" level="INFO">{'large': 'https://randomuser.me/api/portraits/men/67.jpg', 'medium': 'https://randomuser.me/api/portraits/med/men/67.jpg', 'thumbnail': 'https://randomuser.me/api/portraits/thumb/men/67.jpg'}</msg>
<arg>${json_data['results'][0]['picture']}</arg>
<doc>Logs the given message with the given level.</doc>
<status status="PASS" start="2024-08-07T17:16:02.080743" elapsed="0.000355"/>
</kw>
<status status="PASS" start="2024-08-07T17:16:01.945648" elapsed="0.135701"/>
</kw>
<kw name="Teste de Tipos de Dados - Postcode" owner="random-user-service">
<kw name="GET On Session" owner="RequestsLibrary">
<msg time="2024-08-07T17:16:02.217775" level="INFO">GET Request : url=https://randomuser.me/api 
 path_url=/api 
 headers={'User-Agent': 'python-requests/2.32.3', 'Accept-Encoding': 'gzip, deflate', 'Accept': '*/*', 'Connection': 'keep-alive'} 
 body=None 
 </msg>
<msg time="2024-08-07T17:16:02.217836" level="INFO">GET Response : url=https://randomuser.me/api 
 status=200, reason=OK 
 headers={'Date': 'Wed, 07 Aug 2024 17:16:02 GMT', 'Content-Type': 'application/json; charset=utf-8', 'Transfer-Encoding': 'chunked', 'Connection': 'keep-alive', 'X-Powered-By': 'Express', 'Access-Control-Allow-Origin': '*', 'Cache-Control': 'no-cache', 'ETag': 'W/"488-f+BpromRWj+w5KBcuX8nPZODxg8"', 'Vary': 'Accept-Encoding', 'Content-Encoding': 'gzip', 'CF-Cache-Status': 'DYNAMIC', 'Report-To': '{"endpoints":[{"url":"https:\\/\\/a.nel.cloudflare.com\\/report\\/v4?s=hokOnCKhcT0%2FtDWuUGCdqRkjQ18bh12uFfbwlgERE52lMOqv5R6%2FUJsWDhHvT2PvjRILBoURsAAJZY9sVXfY%2FK%2BXS2vqJYV21%2Behd9n2YsPyoUpWc4RN6tiSUpwShMij"}],"group":"cf-nel","max_age":604800}', 'NEL': '{"success_fraction":0,"report_to":"cf-nel","max_age":604800}', 'Server': 'cloudflare', 'CF-RAY': '8af8e9810fca2abc-LAX', 'alt-svc': 'h3=":443"; ma=86400'} 
 body={"results":[{"gender":"female","name":{"title":"Ms","first":"Arlene","last":"da Cunha"},"location":{"street":{"number":9893,"name":"Rua Rio de Janeiro "},"city":"Aracaju","state":"Pernambuco","country":"Brazil","postcode":39513,"coordinates":{"latitude":"-74.6300","longitude":"81.2097"},"timezone":{"offset":"+4:30","description":"Kabul"}},"email":"arlene.dacunha@example.com","login":{"uuid":"13aaf909-5914-4a81-b146-a931a8cc0c49","username":"greenostrich633","password":"dddddd","salt":"KgpOFfCf","md5":"7b69a30010e41c1dcdef1fd5be6d5a4c","sha1":"80205817eb8db07e59cff7068d65bb590e7fc79c","sha256":"d356e0ce1074503f79bfc6e6d52f23025e0a5aca8d23e954307a557fcfaaeca2"},"dob":{"date":"1957-05-20T15:17:08.938Z","age":67},"registered":{"date":"2004-09-20T18:50:15.136Z","age":19},"phone":"(57) 7073-6000","cell":"(01) 7201-9078","id":{"name":"CPF","value":"653.134.985-50"},"picture":{"large":"https://randomuser.me/api/portraits/women/62.jpg","medium":"https://randomuser.me/api/portraits/med/women/62.jpg","thumbnail":"https://randomuser.me/api/portraits/thumb/women/62.jpg"},"nat":"BR"}],"info":{"seed":"7cbf25f85a6c250b","results":1,"page":1,"version":"1.4"}} 
 </msg>
<msg time="2024-08-07T17:16:02.217889" level="INFO">/opt/hostedtoolcache/Python/3.12.4/x64/lib/python3.12/site-packages/urllib3/connectionpool.py:1099: InsecureRequestWarning: Unverified HTTPS request is being made to host 'randomuser.me'. Adding certificate verification is strongly advised. See: https://urllib3.readthedocs.io/en/latest/advanced-usage.html#tls-warnings
  warnings.warn(</msg>
<msg time="2024-08-07T17:16:02.217974" level="INFO">${response} = &lt;Response [200]&gt;</msg>
<var>${response}</var>
<arg>consultarAPI</arg>
<arg>/api</arg>
<doc>Sends a GET request on a previously created HTTP Session.</doc>
<status status="PASS" start="2024-08-07T17:16:02.081758" elapsed="0.136250"/>
</kw>
<kw name="Set Variable" owner="BuiltIn">
<msg time="2024-08-07T17:16:02.219034" level="INFO">${json_data} = {'results': [{'gender': 'female', 'name': {'title': 'Ms', 'first': 'Arlene', 'last': 'da Cunha'}, 'location': {'street': {'number': 9893, 'name': 'Rua Rio de Janeiro '}, 'city': 'Aracaju', 'state': 'P...</msg>
<var>${json_data}</var>
<arg>${response.json()}</arg>
<doc>Returns the given values which can then be assigned to a variables.</doc>
<status status="PASS" start="2024-08-07T17:16:02.218443" elapsed="0.000620"/>
</kw>
<kw name="Log" owner="BuiltIn">
<msg time="2024-08-07T17:16:02.219512" level="INFO">{'results': [{'gender': 'female', 'name': {'title': 'Ms', 'first': 'Arlene', 'last': 'da Cunha'}, 'location': {'street': {'number': 9893, 'name': 'Rua Rio de Janeiro '}, 'city': 'Aracaju', 'state': 'Pernambuco', 'country': 'Brazil', 'postcode': 39513, 'coordinates': {'latitude': '-74.6300', 'longitude': '81.2097'}, 'timezone': {'offset': '+4:30', 'description': 'Kabul'}}, 'email': 'arlene.dacunha@example.com', 'login': {'uuid': '13aaf909-5914-4a81-b146-a931a8cc0c49', 'username': 'greenostrich633', 'password': 'dddddd', 'salt': 'KgpOFfCf', 'md5': '7b69a30010e41c1dcdef1fd5be6d5a4c', 'sha1': '80205817eb8db07e59cff7068d65bb590e7fc79c', 'sha256': 'd356e0ce1074503f79bfc6e6d52f23025e0a5aca8d23e954307a557fcfaaeca2'}, 'dob': {'date': '1957-05-20T15:17:08.938Z', 'age': 67}, 'registered': {'date': '2004-09-20T18:50:15.136Z', 'age': 19}, 'phone': '(57) 7073-6000', 'cell': '(01) 7201-9078', 'id': {'name': 'CPF', 'value': '653.134.985-50'}, 'picture': {'large': 'https://randomuser.me/api/portraits/women/62.jpg', 'medium': 'https://randomuser.me/api/portraits/med/women/62.jpg', 'thumbnail': 'https://randomuser.me/api/portraits/thumb/women/62.jpg'}, 'nat': 'BR'}], 'info': {'seed': '7cbf25f85a6c250b', 'results': 1, 'page': 1, 'version': '1.4'}}</msg>
<arg>${json_data}</arg>
<doc>Logs the given message with the given level.</doc>
<status status="PASS" start="2024-08-07T17:16:02.219363" elapsed="0.000197"/>
</kw>
<kw name="Should Be Equal As Numbers" owner="BuiltIn">
<arg>${json_data['results'][0]['location']['postcode']}</arg>
<arg>${json_data['results'][0]['location']['postcode']}</arg>
<doc>Fails if objects are unequal after converting them to real numbers.</doc>
<status status="PASS" start="2024-08-07T17:16:02.219848" elapsed="0.000552"/>
</kw>
<kw name="Log" owner="BuiltIn">
<msg time="2024-08-07T17:16:02.220911" level="INFO">39513</msg>
<arg>${json_data['results'][0]['location']['postcode']}</arg>
<doc>Logs the given message with the given level.</doc>
<status status="PASS" start="2024-08-07T17:16:02.220597" elapsed="0.000352"/>
</kw>
<status status="PASS" start="2024-08-07T17:16:02.081551" elapsed="0.139625"/>
</kw>
<doc>Testa se os tipos de dados na resposta da API estão corretos.</doc>
<tag>testeTiposDados</tag>
<status status="PASS" start="2024-08-07T17:16:01.945276" elapsed="0.276043"/>
</test>
<test id="s1-s1-t5" name="Validar conteudo" line="35">
<kw name="Teste de Tipos de Conteudo" owner="random-user-service">
<kw name="GET On Session" owner="RequestsLibrary">
<msg time="2024-08-07T17:16:02.442942" level="INFO">GET Request : url=https://randomuser.me/api 
 path_url=/api 
 headers={'User-Agent': 'python-requests/2.32.3', 'Accept-Encoding': 'gzip, deflate', 'Accept': '*/*', 'Connection': 'keep-alive'} 
 body=None 
 </msg>
<msg time="2024-08-07T17:16:02.443026" level="INFO">GET Response : url=https://randomuser.me/api 
 status=200, reason=OK 
 headers={'Date': 'Wed, 07 Aug 2024 17:16:02 GMT', 'Content-Type': 'application/json; charset=utf-8', 'Transfer-Encoding': 'chunked', 'Connection': 'keep-alive', 'X-Powered-By': 'Express', 'Access-Control-Allow-Origin': '*', 'Cache-Control': 'no-cache', 'ETag': 'W/"496-roNsY3DIG4tJgGnMG6X46WH3tsE"', 'Vary': 'Accept-Encoding', 'Content-Encoding': 'gzip', 'CF-Cache-Status': 'DYNAMIC', 'Report-To': '{"endpoints":[{"url":"https:\\/\\/a.nel.cloudflare.com\\/report\\/v4?s=dRQIk%2BDWFAph%2BveX75Up5rVqCWKjheymTwRkAYYYoxfvaDn4XU5FIRXat03dxaobnCn1x%2FC3wbiEljCpzAt7H0jp%2BKX%2BzJQo9b3PSEVRXxDp3xyUAKugBBqYBjjZvwDH"}],"group":"cf-nel","max_age":604800}', 'NEL': '{"success_fraction":0,"report_to":"cf-nel","max_age":604800}', 'Server': 'cloudflare', 'CF-RAY': '8af8e981e96d2abc-LAX', 'alt-svc': 'h3=":443"; ma=86400'} 
 body={"results":[{"gender":"male","name":{"title":"Mr","first":"Albert","last":"Chambers"},"location":{"street":{"number":9068,"name":"N Stelling Rd"},"city":"Cape Fear","state":"California","country":"United States","postcode":21866,"coordinates":{"latitude":"86.0573","longitude":"-75.8211"},"timezone":{"offset":"-8:00","description":"Pacific Time (US &amp; Canada)"}},"email":"albert.chambers@example.com","login":{"uuid":"022e8212-6596-4b13-bceb-1698ce687756","username":"tinyostrich169","password":"schalke","salt":"zwJzTgm7","md5":"1f7aa5a99389c9702d2cf927c0282967","sha1":"526e597983becb9cd6b3193c2590ea12fb4f7c31","sha256":"eb00c3dd5d1cce5fd68038400aa0348da6345cb8865fa5db6574d6286b08c7ba"},"dob":{"date":"1966-08-10T18:04:19.392Z","age":57},"registered":{"date":"2014-02-01T15:34:16.767Z","age":10},"phone":"(884) 644-3321","cell":"(965) 644-2731","id":{"name":"SSN","value":"387-14-9639"},"picture":{"large":"https://randomuser.me/api/portraits/men/55.jpg","medium":"https://randomuser.me/api/portraits/med/men/55.jpg","thumbnail":"https://randomuser.me/api/portraits/thumb/men/55.jpg"},"nat":"US"}],"info":{"seed":"1003e6fb6726bf4f","results":1,"page":1,"version":"1.4"}} 
 </msg>
<msg time="2024-08-07T17:16:02.443099" level="INFO">/opt/hostedtoolcache/Python/3.12.4/x64/lib/python3.12/site-packages/urllib3/connectionpool.py:1099: InsecureRequestWarning: Unverified HTTPS request is being made to host 'randomuser.me'. Adding certificate verification is strongly advised. See: https://urllib3.readthedocs.io/en/latest/advanced-usage.html#tls-warnings
  warnings.warn(</msg>
<msg time="2024-08-07T17:16:02.443215" level="INFO">${response} = &lt;Response [200]&gt;</msg>
<var>${response}</var>
<arg>consultarAPI</arg>
<arg>/api</arg>
<doc>Sends a GET request on a previously created HTTP Session.</doc>
<status status="PASS" start="2024-08-07T17:16:02.223573" elapsed="0.219696"/>
</kw>
<kw name="Set Variable" owner="BuiltIn">
<msg time="2024-08-07T17:16:02.444260" level="INFO">${json_data} = {'results': [{'gender': 'male', 'name': {'title': 'Mr', 'first': 'Albert', 'last': 'Chambers'}, 'location': {'street': {'number': 9068, 'name': 'N Stelling Rd'}, 'city': 'Cape Fear', 'state': 'Califor...</msg>
<var>${json_data}</var>
<arg>${response.json()}</arg>
<doc>Returns the given values which can then be assigned to a variables.</doc>
<status status="PASS" start="2024-08-07T17:16:02.443723" elapsed="0.000563"/>
</kw>
<kw name="Set Variable" owner="BuiltIn">
<msg time="2024-08-07T17:16:02.444917" level="INFO">${name_title} = Mr</msg>
<var>${name_title}</var>
<arg>${json_data["results"][0]["name"]["title"]}</arg>
<doc>Returns the given values which can then be assigned to a variables.</doc>
<status status="PASS" start="2024-08-07T17:16:02.444564" elapsed="0.000377"/>
</kw>
<kw name="Create List" owner="BuiltIn">
<msg time="2024-08-07T17:16:02.445350" level="INFO">${allowed_titles} = ['Mr', 'Ms', 'Miss', 'Mrs', 'Madame', 'Monsieur']</msg>
<var>${allowed_titles}</var>
<arg>Mr</arg>
<arg>Ms</arg>
<arg>Miss</arg>
<arg>Mrs</arg>
<arg>Madame</arg>
<arg>Monsieur</arg>
<doc>Returns a list containing given items.</doc>
<status status="PASS" start="2024-08-07T17:16:02.445211" elapsed="0.000162"/>
</kw>
<kw name="List Should Contain Value" owner="Collections">
<arg>${allowed_titles}</arg>
<arg>${name_title}</arg>
<doc>Fails if the ``value`` is not found from ``list``.</doc>
<status status="PASS" start="2024-08-07T17:16:02.445644" elapsed="0.000161"/>
</kw>
<kw name="Set Variable" owner="BuiltIn">
<msg time="2024-08-07T17:16:02.446318" level="INFO">${name_country} = US</msg>
<var>${name_country}</var>
<arg>${json_data["results"][0]["nat"]}</arg>
<doc>Returns the given values which can then be assigned to a variables.</doc>
<status status="PASS" start="2024-08-07T17:16:02.445976" elapsed="0.000366"/>
</kw>
<kw name="Create List" owner="BuiltIn">
<msg time="2024-08-07T17:16:02.447188" level="INFO">${list_country} = ['AD', 'AE', 'AF', 'AG', 'AI', 'AL', 'AM', 'AO', 'AQ', 'AR', 'AS', 'AT', 'AU', 'AW', 'AX', 'AZ', 'BA', 'BB', 'BD', 'BE', 'BF', 'BG', 'BH', 'BI', 'BJ', 'BL', 'BM', 'BN', 'BO', 'BQ', 'BR', 'BS', 'BT', '...</msg>
<var>${list_country}</var>
<arg>AD</arg>
<arg>AE</arg>
<arg>AF</arg>
<arg>AG</arg>
<arg>AI</arg>
<arg>AL</arg>
<arg>AM</arg>
<arg>AO</arg>
<arg>AQ</arg>
<arg>AR</arg>
<arg>AS</arg>
<arg>AT</arg>
<arg>AU</arg>
<arg>AW</arg>
<arg>AX</arg>
<arg>AZ</arg>
<arg>BA</arg>
<arg>BB</arg>
<arg>BD</arg>
<arg>BE</arg>
<arg>BF</arg>
<arg>BG</arg>
<arg>BH</arg>
<arg>BI</arg>
<arg>BJ</arg>
<arg>BL</arg>
<arg>BM</arg>
<arg>BN</arg>
<arg>BO</arg>
<arg>BQ</arg>
<arg>BR</arg>
<arg>BS</arg>
<arg>BT</arg>
<arg>BV</arg>
<arg>BW</arg>
<arg>BY</arg>
<arg>BZ</arg>
<arg>CA</arg>
<arg>CC</arg>
<arg>CD</arg>
<arg>CF</arg>
<arg>CG</arg>
<arg>CH</arg>
<arg>CI</arg>
<arg>CK</arg>
<arg>CL</arg>
<arg>CM</arg>
<arg>CN</arg>
<arg>CO</arg>
<arg>CR</arg>
<arg>CU</arg>
<arg>CV</arg>
<arg>CW</arg>
<arg>CX</arg>
<arg>CY</arg>
<arg>CZ</arg>
<arg>DE</arg>
<arg>DJ</arg>
<arg>DK</arg>
<arg>DM</arg>
<arg>DO</arg>
<arg>DZ</arg>
<arg>EC</arg>
<arg>EE</arg>
<arg>EG</arg>
<arg>EH</arg>
<arg>ER</arg>
<arg>ES</arg>
<arg>ET</arg>
<arg>FI</arg>
<arg>FJ</arg>
<arg>FK</arg>
<arg>FM</arg>
<arg>FO</arg>
<arg>FR</arg>
<arg>GA</arg>
<arg>GB</arg>
<arg>GD</arg>
<arg>GE</arg>
<arg>GF</arg>
<arg>GG</arg>
<arg>GH</arg>
<arg>GI</arg>
<arg>GL</arg>
<arg>GM</arg>
<arg>GN</arg>
<arg>GP</arg>
<arg>GQ</arg>
<arg>GR</arg>
<arg>GS</arg>
<arg>GT</arg>
<arg>GU</arg>
<arg>GW</arg>
<arg>GY</arg>
<arg>HK</arg>
<arg>HM</arg>
<arg>HN</arg>
<arg>HR</arg>
<arg>HT</arg>
<arg>HU</arg>
<arg>ID</arg>
<arg>IE</arg>
<arg>IL</arg>
<arg>IM</arg>
<arg>IN</arg>
<arg>IO</arg>
<arg>IQ</arg>
<arg>IR</arg>
<arg>IS</arg>
<arg>IT</arg>
<arg>JE</arg>
<arg>JM</arg>
<arg>JO</arg>
<arg>JP</arg>
<arg>KE</arg>
<arg>KG</arg>
<arg>KH</arg>
<arg>KI</arg>
<arg>KM</arg>
<arg>KN</arg>
<arg>KP</arg>
<arg>KR</arg>
<arg>KW</arg>
<arg>KY</arg>
<arg>KZ</arg>
<arg>LA</arg>
<arg>LB</arg>
<arg>LC</arg>
<arg>LI</arg>
<arg>LK</arg>
<arg>LR</arg>
<arg>LS</arg>
<arg>LT</arg>
<arg>LU</arg>
<arg>LV</arg>
<arg>LY</arg>
<arg>MA</arg>
<arg>MC</arg>
<arg>MD</arg>
<arg>ME</arg>
<arg>MF</arg>
<arg>MG</arg>
<arg>MH</arg>
<arg>MK</arg>
<arg>ML</arg>
<arg>MM</arg>
<arg>MN</arg>
<arg>MO</arg>
<arg>MP</arg>
<arg>MQ</arg>
<arg>MR</arg>
<arg>MS</arg>
<arg>MT</arg>
<arg>MU</arg>
<arg>MV</arg>
<arg>MW</arg>
<arg>MX</arg>
<arg>MY</arg>
<arg>MZ</arg>
<arg>NA</arg>
<arg>NC</arg>
<arg>NE</arg>
<arg>NF</arg>
<arg>NG</arg>
<arg>NI</arg>
<arg>NL</arg>
<arg>NO</arg>
<arg>NP</arg>
<arg>NR</arg>
<arg>NU</arg>
<arg>NZ</arg>
<arg>OM</arg>
<arg>PA</arg>
<arg>PE</arg>
<arg>PF</arg>
<arg>PG</arg>
<arg>PH</arg>
<arg>PK</arg>
<arg>PL</arg>
<arg>PM</arg>
<arg>PN</arg>
<arg>PR</arg>
<arg>PS</arg>
<arg>PT</arg>
<arg>PW</arg>
<arg>PY</arg>
<arg>QA</arg>
<arg>RE</arg>
<arg>RO</arg>
<arg>RS</arg>
<arg>RU</arg>
<arg>RW</arg>
<arg>SA</arg>
<arg>SB</arg>
<arg>SC</arg>
<arg>SD</arg>
<arg>SE</arg>
<arg>SG</arg>
<arg>SH</arg>
<arg>SI</arg>
<arg>SJ</arg>
<arg>SK</arg>
<arg>SL</arg>
<arg>SM</arg>
<arg>SN</arg>
<arg>SO</arg>
<arg>SR</arg>
<arg>SS</arg>
<arg>ST</arg>
<arg>SV</arg>
<arg>SX</arg>
<arg>SY</arg>
<arg>SZ</arg>
<arg>TC</arg>
<arg>TD</arg>
<arg>TF</arg>
<arg>TG</arg>
<arg>TH</arg>
<arg>TJ</arg>
<arg>TK</arg>
<arg>TL</arg>
<arg>TM</arg>
<arg>TN</arg>
<arg>TO</arg>
<arg>TR</arg>
<arg>TT</arg>
<arg>TV</arg>
<arg>TW</arg>
<arg>TZ</arg>
<arg>UA</arg>
<arg>UG</arg>
<arg>UM</arg>
<arg>US</arg>
<arg>UY</arg>
<arg>UZ</arg>
<arg>VA</arg>
<arg>VC</arg>
<arg>VE</arg>
<arg>VG</arg>
<arg>VI</arg>
<arg>VN</arg>
<arg>VU</arg>
<arg>WF</arg>
<arg>WS</arg>
<arg>XK</arg>
<arg>YE</arg>
<arg>YT</arg>
<arg>ZA</arg>
<arg>ZM</arg>
<arg>ZW</arg>
<doc>Returns a list containing given items.</doc>
<status status="PASS" start="2024-08-07T17:16:02.446608" elapsed="0.000604"/>
</kw>
<kw name="List Should Contain Value" owner="Collections">
<arg>${list_country}</arg>
<arg>${name_country}</arg>
<doc>Fails if the ``value`` is not found from ``list``.</doc>
<status status="PASS" start="2024-08-07T17:16:02.448093" elapsed="0.000209"/>
</kw>
<kw name="Run Keyword If" owner="BuiltIn">
<kw name="Should Be True" owner="BuiltIn">
<arg>${True}</arg>
<doc>Fails if the given condition is not true.</doc>
<status status="PASS" start="2024-08-07T17:16:02.449221" elapsed="0.000131"/>
</kw>
<arg>${json_data["results"][0]["location"]["coordinates"]["latitude"]} &gt;= -90 and ${json_data["results"][0]["location"]["coordinates"]["latitude"]} &lt;= 90</arg>
<arg>Should Be True</arg>
<arg>${True}</arg>
<doc>Runs the given keyword with the given arguments, if ``condition`` is true.</doc>
<status status="PASS" start="2024-08-07T17:16:02.448498" elapsed="0.000971"/>
</kw>
<kw name="Run Keyword If" owner="BuiltIn">
<kw name="Should Be True" owner="BuiltIn">
<arg>${True}</arg>
<doc>Fails if the given condition is not true.</doc>
<status status="PASS" start="2024-08-07T17:16:02.450264" elapsed="0.000125"/>
</kw>
<arg>${json_data["results"][0]["location"]["coordinates"]["longitude"]} &gt;= -180 and ${json_data["results"][0]["location"]["coordinates"]["longitude"]} &lt;= 180</arg>
<arg>Should Be True</arg>
<arg>${True}</arg>
<doc>Runs the given keyword with the given arguments, if ``condition`` is true.</doc>
<status status="PASS" start="2024-08-07T17:16:02.449635" elapsed="0.000867"/>
</kw>
<status status="PASS" start="2024-08-07T17:16:02.223377" elapsed="0.227242"/>
</kw>
<doc>Testa o conteúdo específico dos campos retornados pela API.</doc>
<tag>testeConteudo</tag>
<status status="PASS" start="2024-08-07T17:16:02.222912" elapsed="0.227861"/>
</test>
<status status="PASS" start="2024-08-07T17:16:01.181956" elapsed="1.270603"/>
</suite>
<status status="PASS" start="2024-08-07T17:16:01.167800" elapsed="1.289520"/>
</suite>
<statistics>
<total>
<stat pass="5" fail="0" skip="0">All Tests</stat>
</total>
<tag>
<stat pass="1" fail="0" skip="0">testeConteudo</stat>
<stat pass="1" fail="0" skip="0">testeEstruturaResposta</stat>
<stat pass="1" fail="0" skip="0">testeRequisicaoBasica</stat>
<stat pass="1" fail="0" skip="0">testeTiposDados</stat>
</tag>
<suite>
<stat pass="5" fail="0" skip="0" id="s1" name="Tests">Tests</stat>
<stat pass="5" fail="0" skip="0" id="s1-s1" name="Random-User-Test">Tests.Random-User-Test</stat>
</suite>
</statistics>
<errors>
</errors>
</robot>
