<?xml version="1.0" encoding="UTF-8"?>
<robot generator="Robot 7.0 (Python 3.12.3 on linux)" generated="2024-05-20T07:14:48.957040" rpa="false" schemaversion="5">
<suite id="s1" name="Tests" source="/home/runner/work/DesafioQAItauRogerioJordao/DesafioQAItauRogerioJordao/RamdonUser/tests">
<suite id="s1-s1" name="Random-User-Test" source="/home/runner/work/DesafioQAItauRogerioJordao/DesafioQAItauRogerioJordao/RamdonUser/tests/random-user-test.robot">
<test id="s1-s1-t1" name="Conectar" line="13">
<kw name="Conectar API" owner="random-user-service">
<kw name="Create Session" owner="RequestsLibrary">
<msg time="2024-05-20T07:14:49.327196" level="INFO">Creating Session using : alias=consultarAPI, url=https://randomuser.me/, headers={},                     cookies={}, auth=None, timeout=None, proxies=None, verify=False,                     debug=0 </msg>
<arg>consultarAPI</arg>
<arg>${URL}</arg>
<doc>Create Session: create a HTTP session to a server</doc>
<status status="PASS" start="2024-05-20T07:14:49.326976" elapsed="0.000426"/>
</kw>
<status status="PASS" start="2024-05-20T07:14:49.325902" elapsed="0.001895"/>
</kw>
<status status="PASS" start="2024-05-20T07:14:49.325289" elapsed="0.002759"/>
</test>
<test id="s1-s1-t2" name="Validar retorno 200 e JSON Válido" line="16">
<kw name="Teste de Requisicao Basica" owner="random-user-service">
<kw name="GET On Session" owner="RequestsLibrary">
<msg time="2024-05-20T07:14:49.546971" level="INFO">GET Request : url=https://randomuser.me/api 
 path_url=/api 
 headers={'User-Agent': 'python-requests/2.31.0', 'Accept-Encoding': 'gzip, deflate', 'Accept': '*/*', 'Connection': 'keep-alive'} 
 body=None 
 </msg>
<msg time="2024-05-20T07:14:49.547123" level="INFO">GET Response : url=https://randomuser.me/api 
 status=200, reason=OK 
 headers={'Date': 'Mon, 20 May 2024 07:14:49 GMT', 'Content-Type': 'application/json; charset=utf-8', 'Transfer-Encoding': 'chunked', 'Connection': 'keep-alive', 'X-Powered-By': 'Express', 'Access-Control-Allow-Origin': '*', 'Cache-Control': 'no-cache', 'ETag': 'W/"49d-CmN4t5eBhoNaWXCS/BQgUyiVA0Y"', 'Vary': 'Accept-Encoding', 'Content-Encoding': 'gzip', 'CF-Cache-Status': 'DYNAMIC', 'Report-To': '{"endpoints":[{"url":"https:\\/\\/a.nel.cloudflare.com\\/report\\/v4?s=ixdOlpWKxO0UDUJs9%2FSMMpZVMPa0TWr0wfDFmr1V%2BrPpwcSfx%2FkmmpJoXoJ382uCzsStb9emLJXkwW4QwKJdDZVTfFn0a8In51OR6jkSRLEyClZH6ciNcxjeuOts1b1%2B"}],"group":"cf-nel","max_age":604800}', 'NEL': '{"success_fraction":0,"report_to":"cf-nel","max_age":604800}', 'Server': 'cloudflare', 'CF-RAY': '886a88337eee3b8f-IAD', 'alt-svc': 'h3=":443"; ma=86400'} 
 body={"results":[{"gender":"male","name":{"title":"Mr","first":"William","last":"Jackson"},"location":{"street":{"number":3760,"name":"Cackson St"},"city":"Wollongong","state":"Western Australia","country":"Australia","postcode":1942,"coordinates":{"latitude":"-82.7633","longitude":"-161.5665"},"timezone":{"offset":"+9:00","description":"Tokyo, Seoul, Osaka, Sapporo, Yakutsk"}},"email":"william.jackson@example.com","login":{"uuid":"f7e61fe4-f2ac-4625-8944-ed509feb97fc","username":"brownelephant930","password":"millwall","salt":"0kPWxitr","md5":"523125b760c6f16204209e76a9bc88a7","sha1":"46f1c01362dc09aad70b543015d52e8f4f45eb08","sha256":"ca6fe30174906b6d8050db1ca48b969c8dafc55e9c96d86030231e7c90b9f811"},"dob":{"date":"1991-05-04T17:06:32.007Z","age":33},"registered":{"date":"2009-05-09T06:14:35.110Z","age":15},"phone":"06-9866-4976","cell":"0481-137-770","id":{"name":"TFN","value":"476485649"},"picture":{"large":"https://randomuser.me/api/portraits/men/0.jpg","medium":"https://randomuser.me/api/portraits/med/men/0.jpg","thumbnail":"https://randomuser.me/api/portraits/thumb/men/0.jpg"},"nat":"AU"}],"info":{"seed":"b576b69bd294e1b5","results":1,"page":1,"version":"1.4"}} 
 </msg>
<msg time="2024-05-20T07:14:49.547207" level="INFO">/opt/hostedtoolcache/Python/3.12.3/x64/lib/python3.12/site-packages/urllib3/connectionpool.py:1103: InsecureRequestWarning: Unverified HTTPS request is being made to host 'randomuser.me'. Adding certificate verification is strongly advised. See: https://urllib3.readthedocs.io/en/latest/advanced-usage.html#tls-warnings
  warnings.warn(</msg>
<msg time="2024-05-20T07:14:49.547361" level="INFO">${response} = &lt;Response [200]&gt;</msg>
<var>${response}</var>
<arg>consultarAPI</arg>
<arg>/api</arg>
<doc>Sends a GET request on a previously created HTTP Session.</doc>
<status status="PASS" start="2024-05-20T07:14:49.330824" elapsed="0.216580"/>
</kw>
<kw name="Should Be Equal As Numbers" owner="BuiltIn">
<msg time="2024-05-20T07:14:49.548478" level="INFO">Argument types are:
&lt;class 'int'&gt;
&lt;class 'str'&gt;</msg>
<arg>${response.status_code}</arg>
<arg>200</arg>
<doc>Fails if objects are unequal after converting them to real numbers.</doc>
<status status="PASS" start="2024-05-20T07:14:49.548009" elapsed="0.000537"/>
</kw>
<kw name="Log" owner="BuiltIn">
<msg time="2024-05-20T07:14:49.549251" level="INFO">200</msg>
<arg>${response.status_code}</arg>
<doc>Logs the given message with the given level.</doc>
<status status="PASS" start="2024-05-20T07:14:49.548897" elapsed="0.000398"/>
</kw>
<kw name="Set Variable" owner="BuiltIn">
<msg time="2024-05-20T07:14:49.550049" level="INFO">${json_data} = {'results': [{'gender': 'male', 'name': {'title': 'Mr', 'first': 'William', 'last': 'Jackson'}, 'location': {'street': {'number': 3760, 'name': 'Cackson St'}, 'city': 'Wollongong', 'state': 'Western A...</msg>
<var>${json_data}</var>
<arg>${response.json()}</arg>
<doc>Returns the given values which can then be assigned to a variables.</doc>
<status status="PASS" start="2024-05-20T07:14:49.549608" elapsed="0.000470"/>
</kw>
<kw name="Dictionary Should Contain Key" owner="Collections">
<msg time="2024-05-20T07:14:49.550557" level="INFO">False</msg>
<arg>${json_data}</arg>
<arg>results</arg>
<doc>Fails if ``key`` is not found from ``dictionary``.</doc>
<status status="PASS" start="2024-05-20T07:14:49.550386" elapsed="0.000212"/>
</kw>
<status status="PASS" start="2024-05-20T07:14:49.330562" elapsed="0.220299"/>
</kw>
<doc>Testa se a API responde corretamente e retorna um objeto JSON válido.</doc>
<tag>testeRequisicaoBasica</tag>
<status status="PASS" start="2024-05-20T07:14:49.330078" elapsed="0.220977"/>
</test>
<test id="s1-s1-t3" name="Validar estrutura de resposta" line="22">
<kw name="Teste de Estrutura de Resposta" owner="random-user-service">
<kw name="GET On Session" owner="RequestsLibrary">
<msg time="2024-05-20T07:14:49.648488" level="INFO">GET Request : url=https://randomuser.me/api 
 path_url=/api 
 headers={'User-Agent': 'python-requests/2.31.0', 'Accept-Encoding': 'gzip, deflate', 'Accept': '*/*', 'Connection': 'keep-alive'} 
 body=None 
 </msg>
<msg time="2024-05-20T07:14:49.648586" level="INFO">GET Response : url=https://randomuser.me/api 
 status=200, reason=OK 
 headers={'Date': 'Mon, 20 May 2024 07:14:49 GMT', 'Content-Type': 'application/json; charset=utf-8', 'Transfer-Encoding': 'chunked', 'Connection': 'keep-alive', 'X-Powered-By': 'Express', 'Access-Control-Allow-Origin': '*', 'Cache-Control': 'no-cache', 'ETag': 'W/"48e-4uhPRgkRND6iWjAKRi7cD4JEcMA"', 'Vary': 'Accept-Encoding', 'Content-Encoding': 'gzip', 'CF-Cache-Status': 'DYNAMIC', 'Report-To': '{"endpoints":[{"url":"https:\\/\\/a.nel.cloudflare.com\\/report\\/v4?s=9CzjyXvYB%2BTjspjOHEtvhieSm5poXPFPoqA4QBePP90u%2FObJW6PhW4GRjcw50CycuJzRWBrvQOul5S3ts8Ced0WMQ5b3Iyb4eEMUZM5i9ZXu1qIElo1HU1KLPOZ6%2FrYV"}],"group":"cf-nel","max_age":604800}', 'NEL': '{"success_fraction":0,"report_to":"cf-nel","max_age":604800}', 'Server': 'cloudflare', 'CF-RAY': '886a8833bf213b8f-IAD', 'alt-svc': 'h3=":443"; ma=86400'} 
 body={"results":[{"gender":"female","name":{"title":"Mrs","first":"Leiloca","last":"da Luz"},"location":{"street":{"number":1987,"name":"Rua da Saudade"},"city":"Itapevi","state":"Rio Grande do Norte","country":"Brazil","postcode":65510,"coordinates":{"latitude":"-77.6540","longitude":"75.9057"},"timezone":{"offset":"-2:00","description":"Mid-Atlantic"}},"email":"leiloca.daluz@example.com","login":{"uuid":"8465336b-9acd-44e8-884a-5fcbf025acc4","username":"redgoose989","password":"darrell","salt":"MW1r5FrG","md5":"224f076a60cb43c6bbc1bbbae42f8997","sha1":"0d5e03b976da9eac173f98944692759f1a80352e","sha256":"d35c1d763aaadf4f021f3743972a9190ec034829a86607f1a2ee0abc4497b5d7"},"dob":{"date":"1987-09-05T08:31:06.206Z","age":36},"registered":{"date":"2017-01-28T19:44:27.788Z","age":7},"phone":"(01) 3677-3643","cell":"(57) 0597-9529","id":{"name":"CPF","value":"181.312.622-22"},"picture":{"large":"https://randomuser.me/api/portraits/women/91.jpg","medium":"https://randomuser.me/api/portraits/med/women/91.jpg","thumbnail":"https://randomuser.me/api/portraits/thumb/women/91.jpg"},"nat":"BR"}],"info":{"seed":"f15abfe33640e945","results":1,"page":1,"version":"1.4"}} 
 </msg>
<msg time="2024-05-20T07:14:49.648716" level="INFO">/opt/hostedtoolcache/Python/3.12.3/x64/lib/python3.12/site-packages/urllib3/connectionpool.py:1103: InsecureRequestWarning: Unverified HTTPS request is being made to host 'randomuser.me'. Adding certificate verification is strongly advised. See: https://urllib3.readthedocs.io/en/latest/advanced-usage.html#tls-warnings
  warnings.warn(</msg>
<msg time="2024-05-20T07:14:49.648827" level="INFO">${response} = &lt;Response [200]&gt;</msg>
<var>${response}</var>
<arg>consultarAPI</arg>
<arg>/api</arg>
<doc>Sends a GET request on a previously created HTTP Session.</doc>
<status status="PASS" start="2024-05-20T07:14:49.553777" elapsed="0.095093"/>
</kw>
<kw name="Set Variable" owner="BuiltIn">
<msg time="2024-05-20T07:14:49.649819" level="INFO">${json_data} = {'results': [{'gender': 'female', 'name': {'title': 'Mrs', 'first': 'Leiloca', 'last': 'da Luz'}, 'location': {'street': {'number': 1987, 'name': 'Rua da Saudade'}, 'city': 'Itapevi', 'state': 'Rio Gr...</msg>
<var>${json_data}</var>
<arg>${response.json()}</arg>
<doc>Returns the given values which can then be assigned to a variables.</doc>
<status status="PASS" start="2024-05-20T07:14:49.649307" elapsed="0.000543"/>
</kw>
<kw name="Log" owner="BuiltIn">
<msg time="2024-05-20T07:14:49.650354" level="INFO">{'results': [{'gender': 'female', 'name': {'title': 'Mrs', 'first': 'Leiloca', 'last': 'da Luz'}, 'location': {'street': {'number': 1987, 'name': 'Rua da Saudade'}, 'city': 'Itapevi', 'state': 'Rio Grande do Norte', 'country': 'Brazil', 'postcode': 65510, 'coordinates': {'latitude': '-77.6540', 'longitude': '75.9057'}, 'timezone': {'offset': '-2:00', 'description': 'Mid-Atlantic'}}, 'email': 'leiloca.daluz@example.com', 'login': {'uuid': '8465336b-9acd-44e8-884a-5fcbf025acc4', 'username': 'redgoose989', 'password': 'darrell', 'salt': 'MW1r5FrG', 'md5': '224f076a60cb43c6bbc1bbbae42f8997', 'sha1': '0d5e03b976da9eac173f98944692759f1a80352e', 'sha256': 'd35c1d763aaadf4f021f3743972a9190ec034829a86607f1a2ee0abc4497b5d7'}, 'dob': {'date': '1987-09-05T08:31:06.206Z', 'age': 36}, 'registered': {'date': '2017-01-28T19:44:27.788Z', 'age': 7}, 'phone': '(01) 3677-3643', 'cell': '(57) 0597-9529', 'id': {'name': 'CPF', 'value': '181.312.622-22'}, 'picture': {'large': 'https://randomuser.me/api/portraits/women/91.jpg', 'medium': 'https://randomuser.me/api/portraits/med/women/91.jpg', 'thumbnail': 'https://randomuser.me/api/portraits/thumb/women/91.jpg'}, 'nat': 'BR'}], 'info': {'seed': 'f15abfe33640e945', 'results': 1, 'page': 1, 'version': '1.4'}}</msg>
<arg>${json_data}</arg>
<doc>Logs the given message with the given level.</doc>
<status status="PASS" start="2024-05-20T07:14:49.650169" elapsed="0.000238"/>
</kw>
<kw name="Dictionary Should Contain Key" owner="Collections">
<msg time="2024-05-20T07:14:49.650886" level="INFO">False</msg>
<arg>${json_data}</arg>
<arg>results</arg>
<doc>Fails if ``key`` is not found from ``dictionary``.</doc>
<status status="PASS" start="2024-05-20T07:14:49.650725" elapsed="0.000200"/>
</kw>
<kw name="Should Not Be Empty" owner="BuiltIn">
<msg time="2024-05-20T07:14:49.651418" level="INFO">Length is 2.</msg>
<arg>${json_data}</arg>
<doc>Verifies that the given item is not empty.</doc>
<status status="PASS" start="2024-05-20T07:14:49.651236" elapsed="0.000247"/>
</kw>
<kw name="Create List" owner="BuiltIn">
<msg time="2024-05-20T07:14:49.652304" level="INFO">${expected_keys} = ['gender', 'name', 'location', 'email', 'login']</msg>
<var>${expected_keys}</var>
<arg>gender</arg>
<arg>name</arg>
<arg>location</arg>
<arg>email</arg>
<arg>login</arg>
<doc>Returns a list containing given items.</doc>
<status status="PASS" start="2024-05-20T07:14:49.651898" elapsed="0.000437"/>
</kw>
<for flavor="IN">
<iter>
<kw name="Dictionary Should Contain Key" owner="Collections">
<msg time="2024-05-20T07:14:49.653647" level="INFO">False</msg>
<arg>${json_data['results'][0]}</arg>
<arg>${key}</arg>
<doc>Fails if ``key`` is not found from ``dictionary``.</doc>
<status status="PASS" start="2024-05-20T07:14:49.653082" elapsed="0.000617"/>
</kw>
<kw name="Log" owner="BuiltIn">
<msg time="2024-05-20T07:14:49.654582" level="INFO">{'gender': 'female', 'name': {'title': 'Mrs', 'first': 'Leiloca', 'last': 'da Luz'}, 'location': {'street': {'number': 1987, 'name': 'Rua da Saudade'}, 'city': 'Itapevi', 'state': 'Rio Grande do Norte', 'country': 'Brazil', 'postcode': 65510, 'coordinates': {'latitude': '-77.6540', 'longitude': '75.9057'}, 'timezone': {'offset': '-2:00', 'description': 'Mid-Atlantic'}}, 'email': 'leiloca.daluz@example.com', 'login': {'uuid': '8465336b-9acd-44e8-884a-5fcbf025acc4', 'username': 'redgoose989', 'password': 'darrell', 'salt': 'MW1r5FrG', 'md5': '224f076a60cb43c6bbc1bbbae42f8997', 'sha1': '0d5e03b976da9eac173f98944692759f1a80352e', 'sha256': 'd35c1d763aaadf4f021f3743972a9190ec034829a86607f1a2ee0abc4497b5d7'}, 'dob': {'date': '1987-09-05T08:31:06.206Z', 'age': 36}, 'registered': {'date': '2017-01-28T19:44:27.788Z', 'age': 7}, 'phone': '(01) 3677-3643', 'cell': '(57) 0597-9529', 'id': {'name': 'CPF', 'value': '181.312.622-22'}, 'picture': {'large': 'https://randomuser.me/api/portraits/women/91.jpg', 'medium': 'https://randomuser.me/api/portraits/med/women/91.jpg', 'thumbnail': 'https://randomuser.me/api/portraits/thumb/women/91.jpg'}, 'nat': 'BR'}</msg>
<arg>${json_data['results'][0]}</arg>
<doc>Logs the given message with the given level.</doc>
<status status="PASS" start="2024-05-20T07:14:49.654094" elapsed="0.000558"/>
</kw>
<kw name="Log" owner="BuiltIn">
<msg time="2024-05-20T07:14:49.655098" level="INFO">gender</msg>
<arg>${key}</arg>
<doc>Logs the given message with the given level.</doc>
<status status="PASS" start="2024-05-20T07:14:49.654967" elapsed="0.000170"/>
</kw>
<var name="${key}">gender</var>
<status status="PASS" start="2024-05-20T07:14:49.652909" elapsed="0.002448"/>
</iter>
<iter>
<kw name="Dictionary Should Contain Key" owner="Collections">
<msg time="2024-05-20T07:14:49.656113" level="INFO">False</msg>
<arg>${json_data['results'][0]}</arg>
<arg>${key}</arg>
<doc>Fails if ``key`` is not found from ``dictionary``.</doc>
<status status="PASS" start="2024-05-20T07:14:49.655681" elapsed="0.000473"/>
</kw>
<kw name="Log" owner="BuiltIn">
<msg time="2024-05-20T07:14:49.656855" level="INFO">{'gender': 'female', 'name': {'title': 'Mrs', 'first': 'Leiloca', 'last': 'da Luz'}, 'location': {'street': {'number': 1987, 'name': 'Rua da Saudade'}, 'city': 'Itapevi', 'state': 'Rio Grande do Norte', 'country': 'Brazil', 'postcode': 65510, 'coordinates': {'latitude': '-77.6540', 'longitude': '75.9057'}, 'timezone': {'offset': '-2:00', 'description': 'Mid-Atlantic'}}, 'email': 'leiloca.daluz@example.com', 'login': {'uuid': '8465336b-9acd-44e8-884a-5fcbf025acc4', 'username': 'redgoose989', 'password': 'darrell', 'salt': 'MW1r5FrG', 'md5': '224f076a60cb43c6bbc1bbbae42f8997', 'sha1': '0d5e03b976da9eac173f98944692759f1a80352e', 'sha256': 'd35c1d763aaadf4f021f3743972a9190ec034829a86607f1a2ee0abc4497b5d7'}, 'dob': {'date': '1987-09-05T08:31:06.206Z', 'age': 36}, 'registered': {'date': '2017-01-28T19:44:27.788Z', 'age': 7}, 'phone': '(01) 3677-3643', 'cell': '(57) 0597-9529', 'id': {'name': 'CPF', 'value': '181.312.622-22'}, 'picture': {'large': 'https://randomuser.me/api/portraits/women/91.jpg', 'medium': 'https://randomuser.me/api/portraits/med/women/91.jpg', 'thumbnail': 'https://randomuser.me/api/portraits/thumb/women/91.jpg'}, 'nat': 'BR'}</msg>
<arg>${json_data['results'][0]}</arg>
<doc>Logs the given message with the given level.</doc>
<status status="PASS" start="2024-05-20T07:14:49.656489" elapsed="0.000416"/>
</kw>
<kw name="Log" owner="BuiltIn">
<msg time="2024-05-20T07:14:49.657337" level="INFO">name</msg>
<arg>${key}</arg>
<doc>Logs the given message with the given level.</doc>
<status status="PASS" start="2024-05-20T07:14:49.657209" elapsed="0.000166"/>
</kw>
<var name="${key}">name</var>
<status status="PASS" start="2024-05-20T07:14:49.655564" elapsed="0.002028"/>
</iter>
<iter>
<kw name="Dictionary Should Contain Key" owner="Collections">
<msg time="2024-05-20T07:14:49.658275" level="INFO">False</msg>
<arg>${json_data['results'][0]}</arg>
<arg>${key}</arg>
<doc>Fails if ``key`` is not found from ``dictionary``.</doc>
<status status="PASS" start="2024-05-20T07:14:49.657887" elapsed="0.000427"/>
</kw>
<kw name="Log" owner="BuiltIn">
<msg time="2024-05-20T07:14:49.658982" level="INFO">{'gender': 'female', 'name': {'title': 'Mrs', 'first': 'Leiloca', 'last': 'da Luz'}, 'location': {'street': {'number': 1987, 'name': 'Rua da Saudade'}, 'city': 'Itapevi', 'state': 'Rio Grande do Norte', 'country': 'Brazil', 'postcode': 65510, 'coordinates': {'latitude': '-77.6540', 'longitude': '75.9057'}, 'timezone': {'offset': '-2:00', 'description': 'Mid-Atlantic'}}, 'email': 'leiloca.daluz@example.com', 'login': {'uuid': '8465336b-9acd-44e8-884a-5fcbf025acc4', 'username': 'redgoose989', 'password': 'darrell', 'salt': 'MW1r5FrG', 'md5': '224f076a60cb43c6bbc1bbbae42f8997', 'sha1': '0d5e03b976da9eac173f98944692759f1a80352e', 'sha256': 'd35c1d763aaadf4f021f3743972a9190ec034829a86607f1a2ee0abc4497b5d7'}, 'dob': {'date': '1987-09-05T08:31:06.206Z', 'age': 36}, 'registered': {'date': '2017-01-28T19:44:27.788Z', 'age': 7}, 'phone': '(01) 3677-3643', 'cell': '(57) 0597-9529', 'id': {'name': 'CPF', 'value': '181.312.622-22'}, 'picture': {'large': 'https://randomuser.me/api/portraits/women/91.jpg', 'medium': 'https://randomuser.me/api/portraits/med/women/91.jpg', 'thumbnail': 'https://randomuser.me/api/portraits/thumb/women/91.jpg'}, 'nat': 'BR'}</msg>
<arg>${json_data['results'][0]}</arg>
<doc>Logs the given message with the given level.</doc>
<status status="PASS" start="2024-05-20T07:14:49.658626" elapsed="0.000416"/>
</kw>
<kw name="Log" owner="BuiltIn">
<msg time="2024-05-20T07:14:49.659467" level="INFO">location</msg>
<arg>${key}</arg>
<doc>Logs the given message with the given level.</doc>
<status status="PASS" start="2024-05-20T07:14:49.659341" elapsed="0.000164"/>
</kw>
<var name="${key}">location</var>
<status status="PASS" start="2024-05-20T07:14:49.657772" elapsed="0.001951"/>
</iter>
<iter>
<kw name="Dictionary Should Contain Key" owner="Collections">
<msg time="2024-05-20T07:14:49.660432" level="INFO">False</msg>
<arg>${json_data['results'][0]}</arg>
<arg>${key}</arg>
<doc>Fails if ``key`` is not found from ``dictionary``.</doc>
<status status="PASS" start="2024-05-20T07:14:49.660048" elapsed="0.000422"/>
</kw>
<kw name="Log" owner="BuiltIn">
<msg time="2024-05-20T07:14:49.661128" level="INFO">{'gender': 'female', 'name': {'title': 'Mrs', 'first': 'Leiloca', 'last': 'da Luz'}, 'location': {'street': {'number': 1987, 'name': 'Rua da Saudade'}, 'city': 'Itapevi', 'state': 'Rio Grande do Norte', 'country': 'Brazil', 'postcode': 65510, 'coordinates': {'latitude': '-77.6540', 'longitude': '75.9057'}, 'timezone': {'offset': '-2:00', 'description': 'Mid-Atlantic'}}, 'email': 'leiloca.daluz@example.com', 'login': {'uuid': '8465336b-9acd-44e8-884a-5fcbf025acc4', 'username': 'redgoose989', 'password': 'darrell', 'salt': 'MW1r5FrG', 'md5': '224f076a60cb43c6bbc1bbbae42f8997', 'sha1': '0d5e03b976da9eac173f98944692759f1a80352e', 'sha256': 'd35c1d763aaadf4f021f3743972a9190ec034829a86607f1a2ee0abc4497b5d7'}, 'dob': {'date': '1987-09-05T08:31:06.206Z', 'age': 36}, 'registered': {'date': '2017-01-28T19:44:27.788Z', 'age': 7}, 'phone': '(01) 3677-3643', 'cell': '(57) 0597-9529', 'id': {'name': 'CPF', 'value': '181.312.622-22'}, 'picture': {'large': 'https://randomuser.me/api/portraits/women/91.jpg', 'medium': 'https://randomuser.me/api/portraits/med/women/91.jpg', 'thumbnail': 'https://randomuser.me/api/portraits/thumb/women/91.jpg'}, 'nat': 'BR'}</msg>
<arg>${json_data['results'][0]}</arg>
<doc>Logs the given message with the given level.</doc>
<status status="PASS" start="2024-05-20T07:14:49.660771" elapsed="0.000407"/>
</kw>
<kw name="Log" owner="BuiltIn">
<msg time="2024-05-20T07:14:49.661602" level="INFO">email</msg>
<arg>${key}</arg>
<doc>Logs the given message with the given level.</doc>
<status status="PASS" start="2024-05-20T07:14:49.661476" elapsed="0.000164"/>
</kw>
<var name="${key}">email</var>
<status status="PASS" start="2024-05-20T07:14:49.659898" elapsed="0.001964"/>
</iter>
<iter>
<kw name="Dictionary Should Contain Key" owner="Collections">
<msg time="2024-05-20T07:14:49.662566" level="INFO">False</msg>
<arg>${json_data['results'][0]}</arg>
<arg>${key}</arg>
<doc>Fails if ``key`` is not found from ``dictionary``.</doc>
<status status="PASS" start="2024-05-20T07:14:49.662188" elapsed="0.000417"/>
</kw>
<kw name="Log" owner="BuiltIn">
<msg time="2024-05-20T07:14:49.663273" level="INFO">{'gender': 'female', 'name': {'title': 'Mrs', 'first': 'Leiloca', 'last': 'da Luz'}, 'location': {'street': {'number': 1987, 'name': 'Rua da Saudade'}, 'city': 'Itapevi', 'state': 'Rio Grande do Norte', 'country': 'Brazil', 'postcode': 65510, 'coordinates': {'latitude': '-77.6540', 'longitude': '75.9057'}, 'timezone': {'offset': '-2:00', 'description': 'Mid-Atlantic'}}, 'email': 'leiloca.daluz@example.com', 'login': {'uuid': '8465336b-9acd-44e8-884a-5fcbf025acc4', 'username': 'redgoose989', 'password': 'darrell', 'salt': 'MW1r5FrG', 'md5': '224f076a60cb43c6bbc1bbbae42f8997', 'sha1': '0d5e03b976da9eac173f98944692759f1a80352e', 'sha256': 'd35c1d763aaadf4f021f3743972a9190ec034829a86607f1a2ee0abc4497b5d7'}, 'dob': {'date': '1987-09-05T08:31:06.206Z', 'age': 36}, 'registered': {'date': '2017-01-28T19:44:27.788Z', 'age': 7}, 'phone': '(01) 3677-3643', 'cell': '(57) 0597-9529', 'id': {'name': 'CPF', 'value': '181.312.622-22'}, 'picture': {'large': 'https://randomuser.me/api/portraits/women/91.jpg', 'medium': 'https://randomuser.me/api/portraits/med/women/91.jpg', 'thumbnail': 'https://randomuser.me/api/portraits/thumb/women/91.jpg'}, 'nat': 'BR'}</msg>
<arg>${json_data['results'][0]}</arg>
<doc>Logs the given message with the given level.</doc>
<status status="PASS" start="2024-05-20T07:14:49.662910" elapsed="0.000413"/>
</kw>
<kw name="Log" owner="BuiltIn">
<msg time="2024-05-20T07:14:49.663762" level="INFO">login</msg>
<arg>${key}</arg>
<doc>Logs the given message with the given level.</doc>
<status status="PASS" start="2024-05-20T07:14:49.663633" elapsed="0.000168"/>
</kw>
<var name="${key}">login</var>
<status status="PASS" start="2024-05-20T07:14:49.662066" elapsed="0.002010"/>
</iter>
<var>${key}</var>
<value>@{expected_keys}</value>
<status status="PASS" start="2024-05-20T07:14:49.652664" elapsed="0.011543"/>
</for>
<kw name="Create List" owner="BuiltIn">
<msg time="2024-05-20T07:14:49.664548" level="INFO">${expected_keysTwo} = ['username', 'password']</msg>
<var>${expected_keysTwo}</var>
<arg>username</arg>
<arg>password</arg>
<doc>Returns a list containing given items.</doc>
<status status="PASS" start="2024-05-20T07:14:49.664409" elapsed="0.000164"/>
</kw>
<for flavor="IN">
<iter>
<kw name="Dictionary Should Contain Key" owner="Collections">
<msg time="2024-05-20T07:14:49.665490" level="INFO">False</msg>
<arg>${json_data['results'][0]['login']}</arg>
<arg>${keyTwo}</arg>
<doc>Fails if ``key`` is not found from ``dictionary``.</doc>
<status status="PASS" start="2024-05-20T07:14:49.665092" elapsed="0.000439"/>
</kw>
<kw name="Dictionary Should Contain Key" owner="Collections">
<msg time="2024-05-20T07:14:49.666255" level="INFO">False</msg>
<arg>${json_data['results'][0]['login']}</arg>
<arg>${keyTwo}</arg>
<doc>Fails if ``key`` is not found from ``dictionary``.</doc>
<status status="PASS" start="2024-05-20T07:14:49.665851" elapsed="0.000444"/>
</kw>
<kw name="Log" owner="BuiltIn">
<msg time="2024-05-20T07:14:49.666726" level="INFO">username</msg>
<arg>${keyTwo}</arg>
<doc>Logs the given message with the given level.</doc>
<status status="PASS" start="2024-05-20T07:14:49.666596" elapsed="0.000176"/>
</kw>
<var name="${keyTwo}">username</var>
<status status="PASS" start="2024-05-20T07:14:49.664982" elapsed="0.002015"/>
</iter>
<iter>
<kw name="Dictionary Should Contain Key" owner="Collections">
<msg time="2024-05-20T07:14:49.667668" level="INFO">False</msg>
<arg>${json_data['results'][0]['login']}</arg>
<arg>${keyTwo}</arg>
<doc>Fails if ``key`` is not found from ``dictionary``.</doc>
<status status="PASS" start="2024-05-20T07:14:49.667285" elapsed="0.000423"/>
</kw>
<kw name="Dictionary Should Contain Key" owner="Collections">
<msg time="2024-05-20T07:14:49.668526" level="INFO">False</msg>
<arg>${json_data['results'][0]['login']}</arg>
<arg>${keyTwo}</arg>
<doc>Fails if ``key`` is not found from ``dictionary``.</doc>
<status status="PASS" start="2024-05-20T07:14:49.668038" elapsed="0.000528"/>
</kw>
<kw name="Log" owner="BuiltIn">
<msg time="2024-05-20T07:14:49.669000" level="INFO">password</msg>
<arg>${keyTwo}</arg>
<doc>Logs the given message with the given level.</doc>
<status status="PASS" start="2024-05-20T07:14:49.668870" elapsed="0.000169"/>
</kw>
<var name="${keyTwo}">password</var>
<status status="PASS" start="2024-05-20T07:14:49.667173" elapsed="0.002087"/>
</iter>
<var>${keyTwo}</var>
<value>@{expected_keysTwo}</value>
<status status="PASS" start="2024-05-20T07:14:49.664820" elapsed="0.004563"/>
</for>
<status status="PASS" start="2024-05-20T07:14:49.553534" elapsed="0.116000"/>
</kw>
<doc>Testa a estrutura da resposta da API.</doc>
<tag>testeEstruturaResposta</tag>
<status status="PASS" start="2024-05-20T07:14:49.552952" elapsed="0.116747"/>
</test>
<test id="s1-s1-t4" name="Validar tipos de dados" line="28">
<kw name="Teste de Tipos de Dados" owner="random-user-service">
<kw name="GET On Session" owner="RequestsLibrary">
<msg time="2024-05-20T07:14:49.748047" level="INFO">GET Request : url=https://randomuser.me/api 
 path_url=/api 
 headers={'User-Agent': 'python-requests/2.31.0', 'Accept-Encoding': 'gzip, deflate', 'Accept': '*/*', 'Connection': 'keep-alive'} 
 body=None 
 </msg>
<msg time="2024-05-20T07:14:49.748144" level="INFO">GET Response : url=https://randomuser.me/api 
 status=200, reason=OK 
 headers={'Date': 'Mon, 20 May 2024 07:14:49 GMT', 'Content-Type': 'application/json; charset=utf-8', 'Transfer-Encoding': 'chunked', 'Connection': 'keep-alive', 'X-Powered-By': 'Express', 'Access-Control-Allow-Origin': '*', 'Cache-Control': 'no-cache', 'ETag': 'W/"481-ZdyNr/FqwhPNPB2VkrjvVaNHguQ"', 'Vary': 'Accept-Encoding', 'Content-Encoding': 'gzip', 'CF-Cache-Status': 'DYNAMIC', 'Report-To': '{"endpoints":[{"url":"https:\\/\\/a.nel.cloudflare.com\\/report\\/v4?s=ZLw7eQN3ZtEEPLj64QVsk1s208EkodBUpS725TizIUrUoc6LxglaIWY4VNqLDfN5yLuYVReCRP%2BwlEbNH2rnyTlK7qpCuv%2F5gsNXp7nmXaHLFJyy4Aa9KhGrIZWQiU%2FU"}],"group":"cf-nel","max_age":604800}', 'NEL': '{"success_fraction":0,"report_to":"cf-nel","max_age":604800}', 'Server': 'cloudflare', 'CF-RAY': '886a88347f973b8f-IAD', 'alt-svc': 'h3=":443"; ma=86400'} 
 body={"results":[{"gender":"male","name":{"title":"Mr","first":"Iker","last":"Cabrera"},"location":{"street":{"number":4320,"name":"Calle del Prado"},"city":"San Sebastián","state":"Castilla la Mancha","country":"Spain","postcode":51985,"coordinates":{"latitude":"-38.2911","longitude":"-129.1144"},"timezone":{"offset":"+5:45","description":"Kathmandu"}},"email":"iker.cabrera@example.com","login":{"uuid":"71b6db47-69d3-47e5-bb5c-533c4f2ced70","username":"goldenrabbit421","password":"racers","salt":"xKYmD4wS","md5":"3054e35ddd703dc0e1f982b4f7b086bd","sha1":"ca734acc9a44781075ea8c8715166a8f5e695d6e","sha256":"3b0255e909ae80a1cc9f9c680e5d6337588c2f367682e5a4c62134155bec772f"},"dob":{"date":"1956-06-16T21:31:54.981Z","age":67},"registered":{"date":"2006-08-03T15:17:17.183Z","age":17},"phone":"939-178-840","cell":"663-241-043","id":{"name":"DNI","value":"92123044-X"},"picture":{"large":"https://randomuser.me/api/portraits/men/75.jpg","medium":"https://randomuser.me/api/portraits/med/men/75.jpg","thumbnail":"https://randomuser.me/api/portraits/thumb/men/75.jpg"},"nat":"ES"}],"info":{"seed":"28cf0733de5074fd","results":1,"page":1,"version":"1.4"}} 
 </msg>
<msg time="2024-05-20T07:14:49.748218" level="INFO">/opt/hostedtoolcache/Python/3.12.3/x64/lib/python3.12/site-packages/urllib3/connectionpool.py:1103: InsecureRequestWarning: Unverified HTTPS request is being made to host 'randomuser.me'. Adding certificate verification is strongly advised. See: https://urllib3.readthedocs.io/en/latest/advanced-usage.html#tls-warnings
  warnings.warn(</msg>
<msg time="2024-05-20T07:14:49.748354" level="INFO">${response} = &lt;Response [200]&gt;</msg>
<var>${response}</var>
<arg>consultarAPI</arg>
<arg>/api</arg>
<doc>Sends a GET request on a previously created HTTP Session.</doc>
<status status="PASS" start="2024-05-20T07:14:49.672282" elapsed="0.076110"/>
</kw>
<kw name="Set Variable" owner="BuiltIn">
<msg time="2024-05-20T07:14:49.749596" level="INFO">${json_data} = {'results': [{'gender': 'male', 'name': {'title': 'Mr', 'first': 'Iker', 'last': 'Cabrera'}, 'location': {'street': {'number': 4320, 'name': 'Calle del Prado'}, 'city': 'San Sebastián', 'state': 'Cast...</msg>
<var>${json_data}</var>
<arg>${response.json()}</arg>
<doc>Returns the given values which can then be assigned to a variables.</doc>
<status status="PASS" start="2024-05-20T07:14:49.749011" elapsed="0.000616"/>
</kw>
<kw name="Log" owner="BuiltIn">
<msg time="2024-05-20T07:14:49.750106" level="INFO">{'results': [{'gender': 'male', 'name': {'title': 'Mr', 'first': 'Iker', 'last': 'Cabrera'}, 'location': {'street': {'number': 4320, 'name': 'Calle del Prado'}, 'city': 'San Sebastián', 'state': 'Castilla la Mancha', 'country': 'Spain', 'postcode': 51985, 'coordinates': {'latitude': '-38.2911', 'longitude': '-129.1144'}, 'timezone': {'offset': '+5:45', 'description': 'Kathmandu'}}, 'email': 'iker.cabrera@example.com', 'login': {'uuid': '71b6db47-69d3-47e5-bb5c-533c4f2ced70', 'username': 'goldenrabbit421', 'password': 'racers', 'salt': 'xKYmD4wS', 'md5': '3054e35ddd703dc0e1f982b4f7b086bd', 'sha1': 'ca734acc9a44781075ea8c8715166a8f5e695d6e', 'sha256': '3b0255e909ae80a1cc9f9c680e5d6337588c2f367682e5a4c62134155bec772f'}, 'dob': {'date': '1956-06-16T21:31:54.981Z', 'age': 67}, 'registered': {'date': '2006-08-03T15:17:17.183Z', 'age': 17}, 'phone': '939-178-840', 'cell': '663-241-043', 'id': {'name': 'DNI', 'value': '92123044-X'}, 'picture': {'large': 'https://randomuser.me/api/portraits/men/75.jpg', 'medium': 'https://randomuser.me/api/portraits/med/men/75.jpg', 'thumbnail': 'https://randomuser.me/api/portraits/thumb/men/75.jpg'}, 'nat': 'ES'}], 'info': {'seed': '28cf0733de5074fd', 'results': 1, 'page': 1, 'version': '1.4'}}</msg>
<arg>${json_data}</arg>
<doc>Logs the given message with the given level.</doc>
<status status="PASS" start="2024-05-20T07:14:49.749944" elapsed="0.000250"/>
</kw>
<kw name="Should Be String" owner="String">
<arg>${json_data['results'][0]['gender']}</arg>
<doc>Fails if the given ``item`` is not a string.</doc>
<status status="PASS" start="2024-05-20T07:14:49.750513" elapsed="0.000366"/>
</kw>
<kw name="Should Match Regexp" owner="BuiltIn">
<arg>${json_data['results'][0]['email']}</arg>
<arg>^[a-zA-Z0-9._%+-]+@[a-zA-Z0-9.-]+\.[a-zA-Z]{2,}$</arg>
<doc>Fails if ``string`` does not match ``pattern`` as a regular expression.</doc>
<status status="PASS" start="2024-05-20T07:14:49.751078" elapsed="0.000520"/>
</kw>
<kw name="Should Match Regexp" owner="BuiltIn">
<arg>${json_data['results'][0]['dob']['date']}</arg>
<arg>\\d{4}-\\d{2}-\\d{2}T\\d{2}:\\d{2}:\\d{2}\\.\\d{3}Z</arg>
<doc>Fails if ``string`` does not match ``pattern`` as a regular expression.</doc>
<status status="PASS" start="2024-05-20T07:14:49.751794" elapsed="0.000514"/>
</kw>
<kw name="Should Match Regexp" owner="BuiltIn">
<arg>${json_data['results'][0]['registered']['date']}</arg>
<arg>\\d{4}-\\d{2}-\\d{2}T\\d{2}:\\d{2}:\\d{2}\\.\\d{3}Z</arg>
<doc>Fails if ``string`` does not match ``pattern`` as a regular expression.</doc>
<status status="PASS" start="2024-05-20T07:14:49.752502" elapsed="0.000365"/>
</kw>
<kw name="Should Match Regexp" owner="BuiltIn">
<arg>${json_data['results'][0]['picture']['large']}</arg>
<arg>^https?://.*\.(?:png|jpe?g|gif|bmp)$</arg>
<doc>Fails if ``string`` does not match ``pattern`` as a regular expression.</doc>
<status status="PASS" start="2024-05-20T07:14:49.753068" elapsed="0.000465"/>
</kw>
<kw name="Should Match Regexp" owner="BuiltIn">
<arg>${json_data['results'][0]['picture']['medium']}</arg>
<arg>^https?://.*\.(?:png|jpe?g|gif|bmp)$</arg>
<doc>Fails if ``string`` does not match ``pattern`` as a regular expression.</doc>
<status status="PASS" start="2024-05-20T07:14:49.753724" elapsed="0.000354"/>
</kw>
<kw name="Should Match Regexp" owner="BuiltIn">
<arg>${json_data['results'][0]['picture']['thumbnail']}</arg>
<arg>^https?://.*\.(?:png|jpe?g|gif|bmp)$</arg>
<doc>Fails if ``string`` does not match ``pattern`` as a regular expression.</doc>
<status status="PASS" start="2024-05-20T07:14:49.754269" elapsed="0.000357"/>
</kw>
<kw name="Log" owner="BuiltIn">
<msg time="2024-05-20T07:14:49.755130" level="INFO">{'large': 'https://randomuser.me/api/portraits/men/75.jpg', 'medium': 'https://randomuser.me/api/portraits/med/men/75.jpg', 'thumbnail': 'https://randomuser.me/api/portraits/thumb/men/75.jpg'}</msg>
<arg>${json_data['results'][0]['picture']}</arg>
<doc>Logs the given message with the given level.</doc>
<status status="PASS" start="2024-05-20T07:14:49.754808" elapsed="0.000364"/>
</kw>
<status status="PASS" start="2024-05-20T07:14:49.672002" elapsed="0.083432"/>
</kw>
<kw name="Teste de Tipos de Dados - Postcode" owner="random-user-service">
<kw name="GET On Session" owner="RequestsLibrary">
<msg time="2024-05-20T07:14:49.848405" level="INFO">GET Request : url=https://randomuser.me/api 
 path_url=/api 
 headers={'User-Agent': 'python-requests/2.31.0', 'Accept-Encoding': 'gzip, deflate', 'Accept': '*/*', 'Connection': 'keep-alive'} 
 body=None 
 </msg>
<msg time="2024-05-20T07:14:49.848548" level="INFO">GET Response : url=https://randomuser.me/api 
 status=200, reason=OK 
 headers={'Date': 'Mon, 20 May 2024 07:14:49 GMT', 'Content-Type': 'application/json; charset=utf-8', 'Transfer-Encoding': 'chunked', 'Connection': 'keep-alive', 'X-Powered-By': 'Express', 'Access-Control-Allow-Origin': '*', 'Cache-Control': 'no-cache', 'ETag': 'W/"496-XhodHyymLqD/lm1CXJi7MadmGoI"', 'Vary': 'Accept-Encoding', 'Content-Encoding': 'gzip', 'CF-Cache-Status': 'DYNAMIC', 'Report-To': '{"endpoints":[{"url":"https:\\/\\/a.nel.cloudflare.com\\/report\\/v4?s=3FAxBFAP0cSgov%2BkETsovEaRF7r8%2FMM3ShW3grbRLjBE2gKL7Ln0jGwCIz99dLCLPRlr20i6UWkyifrVQkLESCsb%2FaDoZa917zcSmC9nIY%2BwaINI%2FrtKqO2gb2nr3T%2Fe"}],"group":"cf-nel","max_age":604800}', 'NEL': '{"success_fraction":0,"report_to":"cf-nel","max_age":604800}', 'Server': 'cloudflare', 'CF-RAY': '886a8834ffee3b8f-IAD', 'alt-svc': 'h3=":443"; ma=86400'} 
 body={"results":[{"gender":"female","name":{"title":"Ms","first":"Pinja","last":"Kujala"},"location":{"street":{"number":5235,"name":"Pirkankatu"},"city":"Finström","state":"Kymenlaakso","country":"Finland","postcode":39505,"coordinates":{"latitude":"-28.8459","longitude":"54.6678"},"timezone":{"offset":"-3:00","description":"Brazil, Buenos Aires, Georgetown"}},"email":"pinja.kujala@example.com","login":{"uuid":"c6f58803-5933-422f-88d8-4794dcc24b27","username":"orangefish546","password":"sliver","salt":"Kpojj0dH","md5":"e8f0580227be1029e91a9350be31e274","sha1":"4ecec0765e4aa1f891b29bc29f15d193ff1800eb","sha256":"9e27f2c4861f04c062f44668026f31d5cd6438b86df31e35a51a8dcfcc920a14"},"dob":{"date":"1979-03-10T10:31:42.173Z","age":45},"registered":{"date":"2007-08-26T12:58:02.781Z","age":16},"phone":"08-713-714","cell":"040-635-01-60","id":{"name":"HETU","value":"NaNNA122undefined"},"picture":{"large":"https://randomuser.me/api/portraits/women/84.jpg","medium":"https://randomuser.me/api/portraits/med/women/84.jpg","thumbnail":"https://randomuser.me/api/portraits/thumb/women/84.jpg"},"nat":"FI"}],"info":{"seed":"4b5e9d2606f5c5c6","results":1,"page":1,"version":"1.4"}} 
 </msg>
<msg time="2024-05-20T07:14:49.848662" level="INFO">/opt/hostedtoolcache/Python/3.12.3/x64/lib/python3.12/site-packages/urllib3/connectionpool.py:1103: InsecureRequestWarning: Unverified HTTPS request is being made to host 'randomuser.me'. Adding certificate verification is strongly advised. See: https://urllib3.readthedocs.io/en/latest/advanced-usage.html#tls-warnings
  warnings.warn(</msg>
<msg time="2024-05-20T07:14:49.848840" level="INFO">${response} = &lt;Response [200]&gt;</msg>
<var>${response}</var>
<arg>consultarAPI</arg>
<arg>/api</arg>
<doc>Sends a GET request on a previously created HTTP Session.</doc>
<status status="PASS" start="2024-05-20T07:14:49.755924" elapsed="0.092959"/>
</kw>
<kw name="Set Variable" owner="BuiltIn">
<msg time="2024-05-20T07:14:49.850510" level="INFO">${json_data} = {'results': [{'gender': 'female', 'name': {'title': 'Ms', 'first': 'Pinja', 'last': 'Kujala'}, 'location': {'street': {'number': 5235, 'name': 'Pirkankatu'}, 'city': 'Finström', 'state': 'Kymenlaakso'...</msg>
<var>${json_data}</var>
<arg>${response.json()}</arg>
<doc>Returns the given values which can then be assigned to a variables.</doc>
<status status="PASS" start="2024-05-20T07:14:49.849630" elapsed="0.000932"/>
</kw>
<kw name="Log" owner="BuiltIn">
<msg time="2024-05-20T07:14:49.851243" level="INFO">{'results': [{'gender': 'female', 'name': {'title': 'Ms', 'first': 'Pinja', 'last': 'Kujala'}, 'location': {'street': {'number': 5235, 'name': 'Pirkankatu'}, 'city': 'Finström', 'state': 'Kymenlaakso', 'country': 'Finland', 'postcode': 39505, 'coordinates': {'latitude': '-28.8459', 'longitude': '54.6678'}, 'timezone': {'offset': '-3:00', 'description': 'Brazil, Buenos Aires, Georgetown'}}, 'email': 'pinja.kujala@example.com', 'login': {'uuid': 'c6f58803-5933-422f-88d8-4794dcc24b27', 'username': 'orangefish546', 'password': 'sliver', 'salt': 'Kpojj0dH', 'md5': 'e8f0580227be1029e91a9350be31e274', 'sha1': '4ecec0765e4aa1f891b29bc29f15d193ff1800eb', 'sha256': '9e27f2c4861f04c062f44668026f31d5cd6438b86df31e35a51a8dcfcc920a14'}, 'dob': {'date': '1979-03-10T10:31:42.173Z', 'age': 45}, 'registered': {'date': '2007-08-26T12:58:02.781Z', 'age': 16}, 'phone': '08-713-714', 'cell': '040-635-01-60', 'id': {'name': 'HETU', 'value': 'NaNNA122undefined'}, 'picture': {'large': 'https://randomuser.me/api/portraits/women/84.jpg', 'medium': 'https://randomuser.me/api/portraits/med/women/84.jpg', 'thumbnail': 'https://randomuser.me/api/portraits/thumb/women/84.jpg'}, 'nat': 'FI'}], 'info': {'seed': '4b5e9d2606f5c5c6', 'results': 1, 'page': 1, 'version': '1.4'}}</msg>
<arg>${json_data}</arg>
<doc>Logs the given message with the given level.</doc>
<status status="PASS" start="2024-05-20T07:14:49.851018" elapsed="0.000360"/>
</kw>
<kw name="Should Be Equal As Numbers" owner="BuiltIn">
<arg>${json_data['results'][0]['location']['postcode']}</arg>
<arg>${json_data['results'][0]['location']['postcode']}</arg>
<doc>Fails if objects are unequal after converting them to real numbers.</doc>
<status status="PASS" start="2024-05-20T07:14:49.851860" elapsed="0.001391"/>
</kw>
<kw name="Log" owner="BuiltIn">
<msg time="2024-05-20T07:14:49.854102" level="INFO">39505</msg>
<arg>${json_data['results'][0]['location']['postcode']}</arg>
<doc>Logs the given message with the given level.</doc>
<status status="PASS" start="2024-05-20T07:14:49.853552" elapsed="0.000624"/>
</kw>
<status status="PASS" start="2024-05-20T07:14:49.755670" elapsed="0.098903"/>
</kw>
<doc>Testa se os tipos de dados na resposta da API estão corretos.</doc>
<tag>testeTiposDados</tag>
<status status="PASS" start="2024-05-20T07:14:49.671489" elapsed="0.183350"/>
</test>
<test id="s1-s1-t5" name="Validar conteudo" line="35">
<kw name="Teste de Tipos de Conteudo" owner="random-user-service">
<kw name="GET On Session" owner="RequestsLibrary">
<msg time="2024-05-20T07:14:49.997833" level="INFO">GET Request : url=https://randomuser.me/api 
 path_url=/api 
 headers={'User-Agent': 'python-requests/2.31.0', 'Accept-Encoding': 'gzip, deflate', 'Accept': '*/*', 'Connection': 'keep-alive'} 
 body=None 
 </msg>
<msg time="2024-05-20T07:14:49.997936" level="INFO">GET Response : url=https://randomuser.me/api 
 status=200, reason=OK 
 headers={'Date': 'Mon, 20 May 2024 07:14:49 GMT', 'Content-Type': 'application/json; charset=utf-8', 'Transfer-Encoding': 'chunked', 'Connection': 'keep-alive', 'X-Powered-By': 'Express', 'Access-Control-Allow-Origin': '*', 'Cache-Control': 'no-cache', 'ETag': 'W/"488-Ei4OaX6C1U2fi5mid5PXhPcO7Rc"', 'Vary': 'Accept-Encoding', 'Content-Encoding': 'gzip', 'CF-Cache-Status': 'DYNAMIC', 'Report-To': '{"endpoints":[{"url":"https:\\/\\/a.nel.cloudflare.com\\/report\\/v4?s=3K0gz%2FIrnkdyH8xEtQnXvogdawXpulL2clihTzxj819nxhqC7jHnnmKH0qSQR1VTOUBmb1lmvMjBSbNL3WQpKa%2Bn21f4FZStHms%2B9nHbaOCejipsl6BFL%2BEXQcC1Csr6"}],"group":"cf-nel","max_age":604800}', 'NEL': '{"success_fraction":0,"report_to":"cf-nel","max_age":604800}', 'Server': 'cloudflare', 'CF-RAY': '886a8835a8583b8f-IAD', 'alt-svc': 'h3=":443"; ma=86400'} 
 body={"results":[{"gender":"male","name":{"title":"Mr","first":"Aatu","last":"Lassila"},"location":{"street":{"number":4719,"name":"Satakennankatu"},"city":"Oulu","state":"Åland","country":"Finland","postcode":13328,"coordinates":{"latitude":"-25.7299","longitude":"-126.3661"},"timezone":{"offset":"+2:00","description":"Kaliningrad, South Africa"}},"email":"aatu.lassila@example.com","login":{"uuid":"0787c9f0-6ef7-4da6-b008-0fb9942b48b8","username":"beautifulleopard147","password":"246810","salt":"z70DYNyT","md5":"a71afa02c22727dcc674ebb74c18549d","sha1":"53021d493939ac9416705881d346859cd91655d9","sha256":"b41e82bd23a04d3e4684087a78c838a318f005c294fca5be32bceccff0285bf4"},"dob":{"date":"1998-04-17T10:20:31.711Z","age":26},"registered":{"date":"2017-02-28T18:21:37.154Z","age":7},"phone":"06-317-257","cell":"045-950-44-94","id":{"name":"HETU","value":"NaNNA817undefined"},"picture":{"large":"https://randomuser.me/api/portraits/men/60.jpg","medium":"https://randomuser.me/api/portraits/med/men/60.jpg","thumbnail":"https://randomuser.me/api/portraits/thumb/men/60.jpg"},"nat":"FI"}],"info":{"seed":"e9d92b73bc6fba1c","results":1,"page":1,"version":"1.4"}} 
 </msg>
<msg time="2024-05-20T07:14:49.998020" level="INFO">/opt/hostedtoolcache/Python/3.12.3/x64/lib/python3.12/site-packages/urllib3/connectionpool.py:1103: InsecureRequestWarning: Unverified HTTPS request is being made to host 'randomuser.me'. Adding certificate verification is strongly advised. See: https://urllib3.readthedocs.io/en/latest/advanced-usage.html#tls-warnings
  warnings.warn(</msg>
<msg time="2024-05-20T07:14:49.998146" level="INFO">${response} = &lt;Response [200]&gt;</msg>
<var>${response}</var>
<arg>consultarAPI</arg>
<arg>/api</arg>
<doc>Sends a GET request on a previously created HTTP Session.</doc>
<status status="PASS" start="2024-05-20T07:14:49.859187" elapsed="0.139000"/>
</kw>
<kw name="Set Variable" owner="BuiltIn">
<msg time="2024-05-20T07:14:49.999213" level="INFO">${json_data} = {'results': [{'gender': 'male', 'name': {'title': 'Mr', 'first': 'Aatu', 'last': 'Lassila'}, 'location': {'street': {'number': 4719, 'name': 'Satakennankatu'}, 'city': 'Oulu', 'state': 'Åland', 'count...</msg>
<var>${json_data}</var>
<arg>${response.json()}</arg>
<doc>Returns the given values which can then be assigned to a variables.</doc>
<status status="PASS" start="2024-05-20T07:14:49.998706" elapsed="0.000539"/>
</kw>
<kw name="Set Variable" owner="BuiltIn">
<msg time="2024-05-20T07:14:49.999991" level="INFO">${name_title} = Mr</msg>
<var>${name_title}</var>
<arg>${json_data["results"][0]["name"]["title"]}</arg>
<doc>Returns the given values which can then be assigned to a variables.</doc>
<status status="PASS" start="2024-05-20T07:14:49.999561" elapsed="0.000458"/>
</kw>
<kw name="Create List" owner="BuiltIn">
<msg time="2024-05-20T07:14:50.000493" level="INFO">${allowed_titles} = ['Mr', 'Ms', 'Miss', 'Mrs', 'Madame', 'Monsieur']</msg>
<var>${allowed_titles}</var>
<arg>Mr</arg>
<arg>Ms</arg>
<arg>Miss</arg>
<arg>Mrs</arg>
<arg>Madame</arg>
<arg>Monsieur</arg>
<doc>Returns a list containing given items.</doc>
<status status="PASS" start="2024-05-20T07:14:50.000338" elapsed="0.000182"/>
</kw>
<kw name="List Should Contain Value" owner="Collections">
<msg time="2024-05-20T07:14:50.001008" level="INFO">False</msg>
<arg>${allowed_titles}</arg>
<arg>${name_title}</arg>
<doc>Fails if the ``value`` is not found from ``list``.</doc>
<status status="PASS" start="2024-05-20T07:14:50.000829" elapsed="0.000218"/>
</kw>
<kw name="Set Variable" owner="BuiltIn">
<msg time="2024-05-20T07:14:50.001736" level="INFO">${name_country} = FI</msg>
<var>${name_country}</var>
<arg>${json_data["results"][0]["nat"]}</arg>
<doc>Returns the given values which can then be assigned to a variables.</doc>
<status status="PASS" start="2024-05-20T07:14:50.001347" elapsed="0.000416"/>
</kw>
<kw name="Create List" owner="BuiltIn">
<msg time="2024-05-20T07:14:50.002697" level="INFO">${list_country} = ['AD', 'AE', 'AF', 'AG', 'AI', 'AL', 'AM', 'AO', 'AQ', 'AR', 'AS', 'AT', 'AU', 'AW', 'AX', 'AZ', 'BA', 'BB', 'BD', 'BE', 'BF', 'BG', 'BH', 'BI', 'BJ', 'BL', 'BM', 'BN', 'BO', 'BQ', 'BR', 'BS', 'BT', '...</msg>
<var>${list_country}</var>
<arg>AD</arg>
<arg>AE</arg>
<arg>AF</arg>
<arg>AG</arg>
<arg>AI</arg>
<arg>AL</arg>
<arg>AM</arg>
<arg>AO</arg>
<arg>AQ</arg>
<arg>AR</arg>
<arg>AS</arg>
<arg>AT</arg>
<arg>AU</arg>
<arg>AW</arg>
<arg>AX</arg>
<arg>AZ</arg>
<arg>BA</arg>
<arg>BB</arg>
<arg>BD</arg>
<arg>BE</arg>
<arg>BF</arg>
<arg>BG</arg>
<arg>BH</arg>
<arg>BI</arg>
<arg>BJ</arg>
<arg>BL</arg>
<arg>BM</arg>
<arg>BN</arg>
<arg>BO</arg>
<arg>BQ</arg>
<arg>BR</arg>
<arg>BS</arg>
<arg>BT</arg>
<arg>BV</arg>
<arg>BW</arg>
<arg>BY</arg>
<arg>BZ</arg>
<arg>CA</arg>
<arg>CC</arg>
<arg>CD</arg>
<arg>CF</arg>
<arg>CG</arg>
<arg>CH</arg>
<arg>CI</arg>
<arg>CK</arg>
<arg>CL</arg>
<arg>CM</arg>
<arg>CN</arg>
<arg>CO</arg>
<arg>CR</arg>
<arg>CU</arg>
<arg>CV</arg>
<arg>CW</arg>
<arg>CX</arg>
<arg>CY</arg>
<arg>CZ</arg>
<arg>DE</arg>
<arg>DJ</arg>
<arg>DK</arg>
<arg>DM</arg>
<arg>DO</arg>
<arg>DZ</arg>
<arg>EC</arg>
<arg>EE</arg>
<arg>EG</arg>
<arg>EH</arg>
<arg>ER</arg>
<arg>ES</arg>
<arg>ET</arg>
<arg>FI</arg>
<arg>FJ</arg>
<arg>FK</arg>
<arg>FM</arg>
<arg>FO</arg>
<arg>FR</arg>
<arg>GA</arg>
<arg>GB</arg>
<arg>GD</arg>
<arg>GE</arg>
<arg>GF</arg>
<arg>GG</arg>
<arg>GH</arg>
<arg>GI</arg>
<arg>GL</arg>
<arg>GM</arg>
<arg>GN</arg>
<arg>GP</arg>
<arg>GQ</arg>
<arg>GR</arg>
<arg>GS</arg>
<arg>GT</arg>
<arg>GU</arg>
<arg>GW</arg>
<arg>GY</arg>
<arg>HK</arg>
<arg>HM</arg>
<arg>HN</arg>
<arg>HR</arg>
<arg>HT</arg>
<arg>HU</arg>
<arg>ID</arg>
<arg>IE</arg>
<arg>IL</arg>
<arg>IM</arg>
<arg>IN</arg>
<arg>IO</arg>
<arg>IQ</arg>
<arg>IR</arg>
<arg>IS</arg>
<arg>IT</arg>
<arg>JE</arg>
<arg>JM</arg>
<arg>JO</arg>
<arg>JP</arg>
<arg>KE</arg>
<arg>KG</arg>
<arg>KH</arg>
<arg>KI</arg>
<arg>KM</arg>
<arg>KN</arg>
<arg>KP</arg>
<arg>KR</arg>
<arg>KW</arg>
<arg>KY</arg>
<arg>KZ</arg>
<arg>LA</arg>
<arg>LB</arg>
<arg>LC</arg>
<arg>LI</arg>
<arg>LK</arg>
<arg>LR</arg>
<arg>LS</arg>
<arg>LT</arg>
<arg>LU</arg>
<arg>LV</arg>
<arg>LY</arg>
<arg>MA</arg>
<arg>MC</arg>
<arg>MD</arg>
<arg>ME</arg>
<arg>MF</arg>
<arg>MG</arg>
<arg>MH</arg>
<arg>MK</arg>
<arg>ML</arg>
<arg>MM</arg>
<arg>MN</arg>
<arg>MO</arg>
<arg>MP</arg>
<arg>MQ</arg>
<arg>MR</arg>
<arg>MS</arg>
<arg>MT</arg>
<arg>MU</arg>
<arg>MV</arg>
<arg>MW</arg>
<arg>MX</arg>
<arg>MY</arg>
<arg>MZ</arg>
<arg>NA</arg>
<arg>NC</arg>
<arg>NE</arg>
<arg>NF</arg>
<arg>NG</arg>
<arg>NI</arg>
<arg>NL</arg>
<arg>NO</arg>
<arg>NP</arg>
<arg>NR</arg>
<arg>NU</arg>
<arg>NZ</arg>
<arg>OM</arg>
<arg>PA</arg>
<arg>PE</arg>
<arg>PF</arg>
<arg>PG</arg>
<arg>PH</arg>
<arg>PK</arg>
<arg>PL</arg>
<arg>PM</arg>
<arg>PN</arg>
<arg>PR</arg>
<arg>PS</arg>
<arg>PT</arg>
<arg>PW</arg>
<arg>PY</arg>
<arg>QA</arg>
<arg>RE</arg>
<arg>RO</arg>
<arg>RS</arg>
<arg>RU</arg>
<arg>RW</arg>
<arg>SA</arg>
<arg>SB</arg>
<arg>SC</arg>
<arg>SD</arg>
<arg>SE</arg>
<arg>SG</arg>
<arg>SH</arg>
<arg>SI</arg>
<arg>SJ</arg>
<arg>SK</arg>
<arg>SL</arg>
<arg>SM</arg>
<arg>SN</arg>
<arg>SO</arg>
<arg>SR</arg>
<arg>SS</arg>
<arg>ST</arg>
<arg>SV</arg>
<arg>SX</arg>
<arg>SY</arg>
<arg>SZ</arg>
<arg>TC</arg>
<arg>TD</arg>
<arg>TF</arg>
<arg>TG</arg>
<arg>TH</arg>
<arg>TJ</arg>
<arg>TK</arg>
<arg>TL</arg>
<arg>TM</arg>
<arg>TN</arg>
<arg>TO</arg>
<arg>TR</arg>
<arg>TT</arg>
<arg>TV</arg>
<arg>TW</arg>
<arg>TZ</arg>
<arg>UA</arg>
<arg>UG</arg>
<arg>UM</arg>
<arg>US</arg>
<arg>UY</arg>
<arg>UZ</arg>
<arg>VA</arg>
<arg>VC</arg>
<arg>VE</arg>
<arg>VG</arg>
<arg>VI</arg>
<arg>VN</arg>
<arg>VU</arg>
<arg>WF</arg>
<arg>WS</arg>
<arg>XK</arg>
<arg>YE</arg>
<arg>YT</arg>
<arg>ZA</arg>
<arg>ZM</arg>
<arg>ZW</arg>
<doc>Returns a list containing given items.</doc>
<status status="PASS" start="2024-05-20T07:14:50.002083" elapsed="0.000641"/>
</kw>
<kw name="List Should Contain Value" owner="Collections">
<msg time="2024-05-20T07:14:50.003720" level="INFO">False</msg>
<arg>${list_country}</arg>
<arg>${name_country}</arg>
<doc>Fails if the ``value`` is not found from ``list``.</doc>
<status status="PASS" start="2024-05-20T07:14:50.003511" elapsed="0.000248"/>
</kw>
<kw name="Run Keyword If" owner="BuiltIn">
<kw name="Should Be True" owner="BuiltIn">
<arg>${True}</arg>
<doc>Fails if the given condition is not true.</doc>
<status status="PASS" start="2024-05-20T07:14:50.004907" elapsed="0.000149"/>
</kw>
<arg>${json_data["results"][0]["location"]["coordinates"]["latitude"]} &gt;= -90 and ${json_data["results"][0]["location"]["coordinates"]["latitude"]} &lt;= 90</arg>
<arg>Should Be True</arg>
<arg>${True}</arg>
<doc>Runs the given keyword with the given arguments, if ``condition`` is true.</doc>
<status status="PASS" start="2024-05-20T07:14:50.004123" elapsed="0.001064"/>
</kw>
<kw name="Run Keyword If" owner="BuiltIn">
<kw name="Should Be True" owner="BuiltIn">
<arg>${True}</arg>
<doc>Fails if the given condition is not true.</doc>
<status status="PASS" start="2024-05-20T07:14:50.006088" elapsed="0.000261"/>
</kw>
<arg>${json_data["results"][0]["location"]["coordinates"]["longitude"]} &gt;= -180 and ${json_data["results"][0]["location"]["coordinates"]["longitude"]} &lt;= 180</arg>
<arg>Should Be True</arg>
<arg>${True}</arg>
<doc>Runs the given keyword with the given arguments, if ``condition`` is true.</doc>
<status status="PASS" start="2024-05-20T07:14:50.005381" elapsed="0.001099"/>
</kw>
<status status="PASS" start="2024-05-20T07:14:49.858821" elapsed="0.147795"/>
</kw>
<doc>Testa o conteúdo específico dos campos retornados pela API.</doc>
<tag>testeConteudo</tag>
<status status="PASS" start="2024-05-20T07:14:49.858127" elapsed="0.148645"/>
</test>
<status status="PASS" start="2024-05-20T07:14:49.017253" elapsed="0.991491"/>
</suite>
<status status="PASS" start="2024-05-20T07:14:49.003125" elapsed="1.010838"/>
</suite>
<statistics>
<total>
<stat pass="5" fail="0" skip="0">All Tests</stat>
</total>
<tag>
<stat pass="1" fail="0" skip="0">testeConteudo</stat>
<stat pass="1" fail="0" skip="0">testeEstruturaResposta</stat>
<stat pass="1" fail="0" skip="0">testeRequisicaoBasica</stat>
<stat pass="1" fail="0" skip="0">testeTiposDados</stat>
</tag>
<suite>
<stat pass="5" fail="0" skip="0" id="s1" name="Tests">Tests</stat>
<stat pass="5" fail="0" skip="0" id="s1-s1" name="Random-User-Test">Tests.Random-User-Test</stat>
</suite>
</statistics>
<errors>
</errors>
</robot>
