<?xml version="1.0" encoding="UTF-8"?>
<robot generator="Robot 7.0.1 (Python 3.12.4 on linux)" generated="2024-08-09T21:14:34.905130" rpa="false" schemaversion="5">
<suite id="s1" name="Tests" source="/home/runner/work/ApiRandomUser/ApiRandomUser/RamdonUser/tests">
<suite id="s1-s1" name="Random-User-Test" source="/home/runner/work/ApiRandomUser/ApiRandomUser/RamdonUser/tests/random-user-test.robot">
<test id="s1-s1-t1" name="Conectar" line="13">
<kw name="Conectar API" owner="random-user-service">
<kw name="Create Session" owner="RequestsLibrary">
<msg time="2024-08-09T21:14:35.304729" level="INFO">Creating Session using : alias=consultarAPI, url=https://randomuser.me/, headers={},                     cookies={}, auth=None, timeout=None, proxies=None, verify=False,                     debug=0 </msg>
<arg>consultarAPI</arg>
<arg>${URL}</arg>
<doc>Create Session: create a HTTP session to a server</doc>
<status status="PASS" start="2024-08-09T21:14:35.304531" elapsed="0.000377"/>
</kw>
<status status="PASS" start="2024-08-09T21:14:35.303466" elapsed="0.001796"/>
</kw>
<status status="PASS" start="2024-08-09T21:14:35.302929" elapsed="0.002526"/>
</test>
<test id="s1-s1-t2" name="Validar retorno 200 e JSON Válido" line="16">
<kw name="Teste de Requisicao Basica" owner="random-user-service">
<kw name="GET On Session" owner="RequestsLibrary">
<msg time="2024-08-09T21:14:35.394531" level="INFO">GET Request : url=https://randomuser.me/api 
 path_url=/api 
 headers={'User-Agent': 'python-requests/2.32.3', 'Accept-Encoding': 'gzip, deflate', 'Accept': '*/*', 'Connection': 'keep-alive'} 
 body=None 
 </msg>
<msg time="2024-08-09T21:14:35.394689" level="INFO">GET Response : url=https://randomuser.me/api 
 status=200, reason=OK 
 headers={'Date': 'Fri, 09 Aug 2024 21:14:35 GMT', 'Content-Type': 'application/json; charset=utf-8', 'Transfer-Encoding': 'chunked', 'Connection': 'keep-alive', 'X-Powered-By': 'Express', 'Access-Control-Allow-Origin': '*', 'Cache-Control': 'no-cache', 'ETag': 'W/"46e-gPrJx6uAHoaIpGjM+yIn5n0bLlM"', 'Vary': 'Accept-Encoding', 'Content-Encoding': 'gzip', 'CF-Cache-Status': 'DYNAMIC', 'Report-To': '{"endpoints":[{"url":"https:\\/\\/a.nel.cloudflare.com\\/report\\/v4?s=qUW5lSTV%2FCSnkKs5V4xExwuiw1P8hsLltx9%2BUS1%2BmbhL936LJUrOv9Q4%2Bc4LrKfCIRcdhHs1IY2gVmLpe6aQoDNnPCa9vsFMpU8eE13NU%2BUUF6iXniAFaUGr3a3p17QK"}],"group":"cf-nel","max_age":604800}', 'NEL': '{"success_fraction":0,"report_to":"cf-nel","max_age":604800}', 'Server': 'cloudflare', 'CF-RAY': '8b0ac1b2ef98c95a-IAD', 'alt-svc': 'h3=":443"; ma=86400'} 
 body={"results":[{"gender":"male","name":{"title":"Mr","first":"Esat","last":"Balaban"},"location":{"street":{"number":6020,"name":"Fatih Sultan Mehmet Cd"},"city":"İzmir","state":"İzmir","country":"Turkey","postcode":33341,"coordinates":{"latitude":"65.4952","longitude":"-108.9749"},"timezone":{"offset":"-9:00","description":"Alaska"}},"email":"esat.balaban@example.com","login":{"uuid":"6319c664-46b3-4168-8007-1479b2f64764","username":"beautifulladybug165","password":"1013","salt":"qyTofAFF","md5":"c2f767047b6a9e368cf51fd0c98dba36","sha1":"3a6da97fca94ca71ba85961745d78353e6fc13cf","sha256":"63e9c359620856418d2e97259935843cb1b55cb228e834a80c0c1a984141d736"},"dob":{"date":"1961-08-07T18:54:59.730Z","age":63},"registered":{"date":"2011-06-29T21:52:41.917Z","age":13},"phone":"(719)-324-3398","cell":"(714)-847-4562","id":{"name":"","value":null},"picture":{"large":"https://randomuser.me/api/portraits/men/61.jpg","medium":"https://randomuser.me/api/portraits/med/men/61.jpg","thumbnail":"https://randomuser.me/api/portraits/thumb/men/61.jpg"},"nat":"TR"}],"info":{"seed":"8ed40fa5dcfda23f","results":1,"page":1,"version":"1.4"}} 
 </msg>
<msg time="2024-08-09T21:14:35.394834" level="INFO">/opt/hostedtoolcache/Python/3.12.4/x64/lib/python3.12/site-packages/urllib3/connectionpool.py:1099: InsecureRequestWarning: Unverified HTTPS request is being made to host 'randomuser.me'. Adding certificate verification is strongly advised. See: https://urllib3.readthedocs.io/en/latest/advanced-usage.html#tls-warnings
  warnings.warn(</msg>
<msg time="2024-08-09T21:14:35.395009" level="INFO">${response} = &lt;Response [200]&gt;</msg>
<var>${response}</var>
<arg>consultarAPI</arg>
<arg>/api</arg>
<doc>Sends a GET request on a previously created HTTP Session.</doc>
<status status="PASS" start="2024-08-09T21:14:35.308077" elapsed="0.086977"/>
</kw>
<kw name="Should Be Equal As Numbers" owner="BuiltIn">
<msg time="2024-08-09T21:14:35.396375" level="INFO">Argument types are:
&lt;class 'int'&gt;
&lt;class 'str'&gt;</msg>
<arg>${response.status_code}</arg>
<arg>200</arg>
<doc>Fails if objects are unequal after converting them to real numbers.</doc>
<status status="PASS" start="2024-08-09T21:14:35.395741" elapsed="0.000701"/>
</kw>
<kw name="Log" owner="BuiltIn">
<msg time="2024-08-09T21:14:35.397132" level="INFO">200</msg>
<arg>${response.status_code}</arg>
<doc>Logs the given message with the given level.</doc>
<status status="PASS" start="2024-08-09T21:14:35.396758" elapsed="0.000417"/>
</kw>
<kw name="Set Variable" owner="BuiltIn">
<msg time="2024-08-09T21:14:35.397932" level="INFO">${json_data} = {'results': [{'gender': 'male', 'name': {'title': 'Mr', 'first': 'Esat', 'last': 'Balaban'}, 'location': {'street': {'number': 6020, 'name': 'Fatih Sultan Mehmet Cd'}, 'city': 'İzmir', 'state': 'İzmir...</msg>
<var>${json_data}</var>
<arg>${response.json()}</arg>
<doc>Returns the given values which can then be assigned to a variables.</doc>
<status status="PASS" start="2024-08-09T21:14:35.397484" elapsed="0.000478"/>
</kw>
<kw name="Dictionary Should Contain Key" owner="Collections">
<arg>${json_data}</arg>
<arg>results</arg>
<doc>Fails if ``key`` is not found from ``dictionary``.</doc>
<status status="PASS" start="2024-08-09T21:14:35.398270" elapsed="0.000328"/>
</kw>
<status status="PASS" start="2024-08-09T21:14:35.307837" elapsed="0.090943"/>
</kw>
<doc>Testa se a API responde corretamente e retorna um objeto JSON válido.</doc>
<tag>testeRequisicaoBasica</tag>
<status status="PASS" start="2024-08-09T21:14:35.307374" elapsed="0.091605"/>
</test>
<test id="s1-s1-t3" name="Validar estrutura de resposta" line="22">
<kw name="Teste de Estrutura de Resposta" owner="random-user-service">
<kw name="GET On Session" owner="RequestsLibrary">
<msg time="2024-08-09T21:14:35.491835" level="INFO">GET Request : url=https://randomuser.me/api 
 path_url=/api 
 headers={'User-Agent': 'python-requests/2.32.3', 'Accept-Encoding': 'gzip, deflate', 'Accept': '*/*', 'Connection': 'keep-alive'} 
 body=None 
 </msg>
<msg time="2024-08-09T21:14:35.491917" level="INFO">GET Response : url=https://randomuser.me/api 
 status=200, reason=OK 
 headers={'Date': 'Fri, 09 Aug 2024 21:14:35 GMT', 'Content-Type': 'application/json; charset=utf-8', 'Transfer-Encoding': 'chunked', 'Connection': 'keep-alive', 'X-Powered-By': 'Express', 'Access-Control-Allow-Origin': '*', 'Cache-Control': 'no-cache', 'ETag': 'W/"49c-1yHppM0aSbaynljZn2LSREVX/Qk"', 'Vary': 'Accept-Encoding', 'Content-Encoding': 'gzip', 'CF-Cache-Status': 'DYNAMIC', 'Report-To': '{"endpoints":[{"url":"https:\\/\\/a.nel.cloudflare.com\\/report\\/v4?s=su4E%2FtWmcoLsAvANkE6aYOg%2Fyxl87Jd%2Bg5NtynbXl8j49SlBYWHh0JfzSscrwiyMMbQxhEMh1rOJMu6iuQCytc5MaTMyrMzU1pZuLUkNcSHaYIiWtnWpps%2FRvlnSx95U"}],"group":"cf-nel","max_age":604800}', 'NEL': '{"success_fraction":0,"report_to":"cf-nel","max_age":604800}', 'Server': 'cloudflare', 'CF-RAY': '8b0ac1b348bac95a-IAD', 'alt-svc': 'h3=":443"; ma=86400'} 
 body={"results":[{"gender":"male","name":{"title":"Mr","first":"Ignjat","last":"Grujić"},"location":{"street":{"number":7562,"name":"Učitelja Mihailovića"},"city":"Raška","state":"South Bačka","country":"Serbia","postcode":93901,"coordinates":{"latitude":"59.4443","longitude":"-151.0253"},"timezone":{"offset":"+5:00","description":"Ekaterinburg, Islamabad, Karachi, Tashkent"}},"email":"ignjat.grujic@example.com","login":{"uuid":"52aceace-18b4-4488-9fbe-351860694c7d","username":"sadwolf315","password":"veronica","salt":"hGSrsIGw","md5":"ae2a86c604eeedbd54df68d5f14d0b62","sha1":"173e9f699561a343742ac0eae0f1a83cc80cdb38","sha256":"6842d742af9e86a332b56fa0037751450191266eb3656008f3ac6b928013ee2c"},"dob":{"date":"1963-08-03T08:05:40.648Z","age":61},"registered":{"date":"2004-02-18T06:29:41.337Z","age":20},"phone":"020-4527-487","cell":"065-5823-512","id":{"name":"SID","value":"930794240"},"picture":{"large":"https://randomuser.me/api/portraits/men/51.jpg","medium":"https://randomuser.me/api/portraits/med/men/51.jpg","thumbnail":"https://randomuser.me/api/portraits/thumb/men/51.jpg"},"nat":"RS"}],"info":{"seed":"adecfd44498f48b6","results":1,"page":1,"version":"1.4"}} 
 </msg>
<msg time="2024-08-09T21:14:35.492040" level="INFO">/opt/hostedtoolcache/Python/3.12.4/x64/lib/python3.12/site-packages/urllib3/connectionpool.py:1099: InsecureRequestWarning: Unverified HTTPS request is being made to host 'randomuser.me'. Adding certificate verification is strongly advised. See: https://urllib3.readthedocs.io/en/latest/advanced-usage.html#tls-warnings
  warnings.warn(</msg>
<msg time="2024-08-09T21:14:35.492156" level="INFO">${response} = &lt;Response [200]&gt;</msg>
<var>${response}</var>
<arg>consultarAPI</arg>
<arg>/api</arg>
<doc>Sends a GET request on a previously created HTTP Session.</doc>
<status status="PASS" start="2024-08-09T21:14:35.401642" elapsed="0.090561"/>
</kw>
<kw name="Set Variable" owner="BuiltIn">
<msg time="2024-08-09T21:14:35.493605" level="INFO">${json_data} = {'results': [{'gender': 'male', 'name': {'title': 'Mr', 'first': 'Ignjat', 'last': 'Grujić'}, 'location': {'street': {'number': 7562, 'name': 'Učitelja Mihailovića'}, 'city': 'Raška', 'state': 'South ...</msg>
<var>${json_data}</var>
<arg>${response.json()}</arg>
<doc>Returns the given values which can then be assigned to a variables.</doc>
<status status="PASS" start="2024-08-09T21:14:35.492844" elapsed="0.000793"/>
</kw>
<kw name="Log" owner="BuiltIn">
<msg time="2024-08-09T21:14:35.494109" level="INFO">{'results': [{'gender': 'male', 'name': {'title': 'Mr', 'first': 'Ignjat', 'last': 'Grujić'}, 'location': {'street': {'number': 7562, 'name': 'Učitelja Mihailovića'}, 'city': 'Raška', 'state': 'South Bačka', 'country': 'Serbia', 'postcode': 93901, 'coordinates': {'latitude': '59.4443', 'longitude': '-151.0253'}, 'timezone': {'offset': '+5:00', 'description': 'Ekaterinburg, Islamabad, Karachi, Tashkent'}}, 'email': 'ignjat.grujic@example.com', 'login': {'uuid': '52aceace-18b4-4488-9fbe-351860694c7d', 'username': 'sadwolf315', 'password': 'veronica', 'salt': 'hGSrsIGw', 'md5': 'ae2a86c604eeedbd54df68d5f14d0b62', 'sha1': '173e9f699561a343742ac0eae0f1a83cc80cdb38', 'sha256': '6842d742af9e86a332b56fa0037751450191266eb3656008f3ac6b928013ee2c'}, 'dob': {'date': '1963-08-03T08:05:40.648Z', 'age': 61}, 'registered': {'date': '2004-02-18T06:29:41.337Z', 'age': 20}, 'phone': '020-4527-487', 'cell': '065-5823-512', 'id': {'name': 'SID', 'value': '930794240'}, 'picture': {'large': 'https://randomuser.me/api/portraits/men/51.jpg', 'medium': 'https://randomuser.me/api/portraits/med/men/51.jpg', 'thumbnail': 'https://randomuser.me/api/portraits/thumb/men/51.jpg'}, 'nat': 'RS'}], 'info': {'seed': 'adecfd44498f48b6', 'results': 1, 'page': 1, 'version': '1.4'}}</msg>
<arg>${json_data}</arg>
<doc>Logs the given message with the given level.</doc>
<status status="PASS" start="2024-08-09T21:14:35.493949" elapsed="0.000212"/>
</kw>
<kw name="Dictionary Should Contain Key" owner="Collections">
<arg>${json_data}</arg>
<arg>results</arg>
<doc>Fails if ``key`` is not found from ``dictionary``.</doc>
<status status="PASS" start="2024-08-09T21:14:35.494461" elapsed="0.000168"/>
</kw>
<kw name="Should Not Be Empty" owner="BuiltIn">
<msg time="2024-08-09T21:14:35.494986" level="INFO">Length is 2.</msg>
<arg>${json_data}</arg>
<doc>Verifies that the given item is not empty.</doc>
<status status="PASS" start="2024-08-09T21:14:35.494851" elapsed="0.000174"/>
</kw>
<kw name="Create List" owner="BuiltIn">
<msg time="2024-08-09T21:14:35.495465" level="INFO">${expected_keys} = ['gender', 'name', 'location', 'email', 'login']</msg>
<var>${expected_keys}</var>
<arg>gender</arg>
<arg>name</arg>
<arg>location</arg>
<arg>email</arg>
<arg>login</arg>
<doc>Returns a list containing given items.</doc>
<status status="PASS" start="2024-08-09T21:14:35.495318" elapsed="0.000171"/>
</kw>
<for flavor="IN">
<iter>
<kw name="Dictionary Should Contain Key" owner="Collections">
<arg>${json_data['results'][0]}</arg>
<arg>${key}</arg>
<doc>Fails if ``key`` is not found from ``dictionary``.</doc>
<status status="PASS" start="2024-08-09T21:14:35.496066" elapsed="0.000403"/>
</kw>
<kw name="Log" owner="BuiltIn">
<msg time="2024-08-09T21:14:35.497025" level="INFO">{'gender': 'male', 'name': {'title': 'Mr', 'first': 'Ignjat', 'last': 'Grujić'}, 'location': {'street': {'number': 7562, 'name': 'Učitelja Mihailovića'}, 'city': 'Raška', 'state': 'South Bačka', 'country': 'Serbia', 'postcode': 93901, 'coordinates': {'latitude': '59.4443', 'longitude': '-151.0253'}, 'timezone': {'offset': '+5:00', 'description': 'Ekaterinburg, Islamabad, Karachi, Tashkent'}}, 'email': 'ignjat.grujic@example.com', 'login': {'uuid': '52aceace-18b4-4488-9fbe-351860694c7d', 'username': 'sadwolf315', 'password': 'veronica', 'salt': 'hGSrsIGw', 'md5': 'ae2a86c604eeedbd54df68d5f14d0b62', 'sha1': '173e9f699561a343742ac0eae0f1a83cc80cdb38', 'sha256': '6842d742af9e86a332b56fa0037751450191266eb3656008f3ac6b928013ee2c'}, 'dob': {'date': '1963-08-03T08:05:40.648Z', 'age': 61}, 'registered': {'date': '2004-02-18T06:29:41.337Z', 'age': 20}, 'phone': '020-4527-487', 'cell': '065-5823-512', 'id': {'name': 'SID', 'value': '930794240'}, 'picture': {'large': 'https://randomuser.me/api/portraits/men/51.jpg', 'medium': 'https://randomuser.me/api/portraits/med/men/51.jpg', 'thumbnail': 'https://randomuser.me/api/portraits/thumb/men/51.jpg'}, 'nat': 'RS'}</msg>
<arg>${json_data['results'][0]}</arg>
<doc>Logs the given message with the given level.</doc>
<status status="PASS" start="2024-08-09T21:14:35.496660" elapsed="0.000416"/>
</kw>
<kw name="Log" owner="BuiltIn">
<msg time="2024-08-09T21:14:35.497503" level="INFO">gender</msg>
<arg>${key}</arg>
<doc>Logs the given message with the given level.</doc>
<status status="PASS" start="2024-08-09T21:14:35.497374" elapsed="0.000168"/>
</kw>
<var name="${key}">gender</var>
<status status="PASS" start="2024-08-09T21:14:35.495938" elapsed="0.001821"/>
</iter>
<iter>
<kw name="Dictionary Should Contain Key" owner="Collections">
<arg>${json_data['results'][0]}</arg>
<arg>${key}</arg>
<doc>Fails if ``key`` is not found from ``dictionary``.</doc>
<status status="PASS" start="2024-08-09T21:14:35.498058" elapsed="0.000385"/>
</kw>
<kw name="Log" owner="BuiltIn">
<msg time="2024-08-09T21:14:35.499048" level="INFO">{'gender': 'male', 'name': {'title': 'Mr', 'first': 'Ignjat', 'last': 'Grujić'}, 'location': {'street': {'number': 7562, 'name': 'Učitelja Mihailovića'}, 'city': 'Raška', 'state': 'South Bačka', 'country': 'Serbia', 'postcode': 93901, 'coordinates': {'latitude': '59.4443', 'longitude': '-151.0253'}, 'timezone': {'offset': '+5:00', 'description': 'Ekaterinburg, Islamabad, Karachi, Tashkent'}}, 'email': 'ignjat.grujic@example.com', 'login': {'uuid': '52aceace-18b4-4488-9fbe-351860694c7d', 'username': 'sadwolf315', 'password': 'veronica', 'salt': 'hGSrsIGw', 'md5': 'ae2a86c604eeedbd54df68d5f14d0b62', 'sha1': '173e9f699561a343742ac0eae0f1a83cc80cdb38', 'sha256': '6842d742af9e86a332b56fa0037751450191266eb3656008f3ac6b928013ee2c'}, 'dob': {'date': '1963-08-03T08:05:40.648Z', 'age': 61}, 'registered': {'date': '2004-02-18T06:29:41.337Z', 'age': 20}, 'phone': '020-4527-487', 'cell': '065-5823-512', 'id': {'name': 'SID', 'value': '930794240'}, 'picture': {'large': 'https://randomuser.me/api/portraits/men/51.jpg', 'medium': 'https://randomuser.me/api/portraits/med/men/51.jpg', 'thumbnail': 'https://randomuser.me/api/portraits/thumb/men/51.jpg'}, 'nat': 'RS'}</msg>
<arg>${json_data['results'][0]}</arg>
<doc>Logs the given message with the given level.</doc>
<status status="PASS" start="2024-08-09T21:14:35.498626" elapsed="0.000473"/>
</kw>
<kw name="Log" owner="BuiltIn">
<msg time="2024-08-09T21:14:35.499532" level="INFO">name</msg>
<arg>${key}</arg>
<doc>Logs the given message with the given level.</doc>
<status status="PASS" start="2024-08-09T21:14:35.499401" elapsed="0.000168"/>
</kw>
<var name="${key}">name</var>
<status status="PASS" start="2024-08-09T21:14:35.497942" elapsed="0.001845"/>
</iter>
<iter>
<kw name="Dictionary Should Contain Key" owner="Collections">
<arg>${json_data['results'][0]}</arg>
<arg>${key}</arg>
<doc>Fails if ``key`` is not found from ``dictionary``.</doc>
<status status="PASS" start="2024-08-09T21:14:35.500072" elapsed="0.000383"/>
</kw>
<kw name="Log" owner="BuiltIn">
<msg time="2024-08-09T21:14:35.500983" level="INFO">{'gender': 'male', 'name': {'title': 'Mr', 'first': 'Ignjat', 'last': 'Grujić'}, 'location': {'street': {'number': 7562, 'name': 'Učitelja Mihailovića'}, 'city': 'Raška', 'state': 'South Bačka', 'country': 'Serbia', 'postcode': 93901, 'coordinates': {'latitude': '59.4443', 'longitude': '-151.0253'}, 'timezone': {'offset': '+5:00', 'description': 'Ekaterinburg, Islamabad, Karachi, Tashkent'}}, 'email': 'ignjat.grujic@example.com', 'login': {'uuid': '52aceace-18b4-4488-9fbe-351860694c7d', 'username': 'sadwolf315', 'password': 'veronica', 'salt': 'hGSrsIGw', 'md5': 'ae2a86c604eeedbd54df68d5f14d0b62', 'sha1': '173e9f699561a343742ac0eae0f1a83cc80cdb38', 'sha256': '6842d742af9e86a332b56fa0037751450191266eb3656008f3ac6b928013ee2c'}, 'dob': {'date': '1963-08-03T08:05:40.648Z', 'age': 61}, 'registered': {'date': '2004-02-18T06:29:41.337Z', 'age': 20}, 'phone': '020-4527-487', 'cell': '065-5823-512', 'id': {'name': 'SID', 'value': '930794240'}, 'picture': {'large': 'https://randomuser.me/api/portraits/men/51.jpg', 'medium': 'https://randomuser.me/api/portraits/med/men/51.jpg', 'thumbnail': 'https://randomuser.me/api/portraits/thumb/men/51.jpg'}, 'nat': 'RS'}</msg>
<arg>${json_data['results'][0]}</arg>
<doc>Logs the given message with the given level.</doc>
<status status="PASS" start="2024-08-09T21:14:35.500635" elapsed="0.000398"/>
</kw>
<kw name="Log" owner="BuiltIn">
<msg time="2024-08-09T21:14:35.501468" level="INFO">location</msg>
<arg>${key}</arg>
<doc>Logs the given message with the given level.</doc>
<status status="PASS" start="2024-08-09T21:14:35.501338" elapsed="0.000167"/>
</kw>
<var name="${key}">location</var>
<status status="PASS" start="2024-08-09T21:14:35.499962" elapsed="0.001762"/>
</iter>
<iter>
<kw name="Dictionary Should Contain Key" owner="Collections">
<arg>${json_data['results'][0]}</arg>
<arg>${key}</arg>
<doc>Fails if ``key`` is not found from ``dictionary``.</doc>
<status status="PASS" start="2024-08-09T21:14:35.502003" elapsed="0.000396"/>
</kw>
<kw name="Log" owner="BuiltIn">
<msg time="2024-08-09T21:14:35.503079" level="INFO">{'gender': 'male', 'name': {'title': 'Mr', 'first': 'Ignjat', 'last': 'Grujić'}, 'location': {'street': {'number': 7562, 'name': 'Učitelja Mihailovića'}, 'city': 'Raška', 'state': 'South Bačka', 'country': 'Serbia', 'postcode': 93901, 'coordinates': {'latitude': '59.4443', 'longitude': '-151.0253'}, 'timezone': {'offset': '+5:00', 'description': 'Ekaterinburg, Islamabad, Karachi, Tashkent'}}, 'email': 'ignjat.grujic@example.com', 'login': {'uuid': '52aceace-18b4-4488-9fbe-351860694c7d', 'username': 'sadwolf315', 'password': 'veronica', 'salt': 'hGSrsIGw', 'md5': 'ae2a86c604eeedbd54df68d5f14d0b62', 'sha1': '173e9f699561a343742ac0eae0f1a83cc80cdb38', 'sha256': '6842d742af9e86a332b56fa0037751450191266eb3656008f3ac6b928013ee2c'}, 'dob': {'date': '1963-08-03T08:05:40.648Z', 'age': 61}, 'registered': {'date': '2004-02-18T06:29:41.337Z', 'age': 20}, 'phone': '020-4527-487', 'cell': '065-5823-512', 'id': {'name': 'SID', 'value': '930794240'}, 'picture': {'large': 'https://randomuser.me/api/portraits/men/51.jpg', 'medium': 'https://randomuser.me/api/portraits/med/men/51.jpg', 'thumbnail': 'https://randomuser.me/api/portraits/thumb/men/51.jpg'}, 'nat': 'RS'}</msg>
<arg>${json_data['results'][0]}</arg>
<doc>Logs the given message with the given level.</doc>
<status status="PASS" start="2024-08-09T21:14:35.502687" elapsed="0.000442"/>
</kw>
<kw name="Log" owner="BuiltIn">
<msg time="2024-08-09T21:14:35.503564" level="INFO">email</msg>
<arg>${key}</arg>
<doc>Logs the given message with the given level.</doc>
<status status="PASS" start="2024-08-09T21:14:35.503432" elapsed="0.000169"/>
</kw>
<var name="${key}">email</var>
<status status="PASS" start="2024-08-09T21:14:35.501895" elapsed="0.001924"/>
</iter>
<iter>
<kw name="Dictionary Should Contain Key" owner="Collections">
<arg>${json_data['results'][0]}</arg>
<arg>${key}</arg>
<doc>Fails if ``key`` is not found from ``dictionary``.</doc>
<status status="PASS" start="2024-08-09T21:14:35.504102" elapsed="0.000410"/>
</kw>
<kw name="Log" owner="BuiltIn">
<msg time="2024-08-09T21:14:35.505065" level="INFO">{'gender': 'male', 'name': {'title': 'Mr', 'first': 'Ignjat', 'last': 'Grujić'}, 'location': {'street': {'number': 7562, 'name': 'Učitelja Mihailovića'}, 'city': 'Raška', 'state': 'South Bačka', 'country': 'Serbia', 'postcode': 93901, 'coordinates': {'latitude': '59.4443', 'longitude': '-151.0253'}, 'timezone': {'offset': '+5:00', 'description': 'Ekaterinburg, Islamabad, Karachi, Tashkent'}}, 'email': 'ignjat.grujic@example.com', 'login': {'uuid': '52aceace-18b4-4488-9fbe-351860694c7d', 'username': 'sadwolf315', 'password': 'veronica', 'salt': 'hGSrsIGw', 'md5': 'ae2a86c604eeedbd54df68d5f14d0b62', 'sha1': '173e9f699561a343742ac0eae0f1a83cc80cdb38', 'sha256': '6842d742af9e86a332b56fa0037751450191266eb3656008f3ac6b928013ee2c'}, 'dob': {'date': '1963-08-03T08:05:40.648Z', 'age': 61}, 'registered': {'date': '2004-02-18T06:29:41.337Z', 'age': 20}, 'phone': '020-4527-487', 'cell': '065-5823-512', 'id': {'name': 'SID', 'value': '930794240'}, 'picture': {'large': 'https://randomuser.me/api/portraits/men/51.jpg', 'medium': 'https://randomuser.me/api/portraits/med/men/51.jpg', 'thumbnail': 'https://randomuser.me/api/portraits/thumb/men/51.jpg'}, 'nat': 'RS'}</msg>
<arg>${json_data['results'][0]}</arg>
<doc>Logs the given message with the given level.</doc>
<status status="PASS" start="2024-08-09T21:14:35.504703" elapsed="0.000412"/>
</kw>
<kw name="Log" owner="BuiltIn">
<msg time="2024-08-09T21:14:35.505540" level="INFO">login</msg>
<arg>${key}</arg>
<doc>Logs the given message with the given level.</doc>
<status status="PASS" start="2024-08-09T21:14:35.505412" elapsed="0.000164"/>
</kw>
<var name="${key}">login</var>
<status status="PASS" start="2024-08-09T21:14:35.503993" elapsed="0.001814"/>
</iter>
<var>${key}</var>
<value>@{expected_keys}</value>
<status status="PASS" start="2024-08-09T21:14:35.495753" elapsed="0.010219"/>
</for>
<kw name="Create List" owner="BuiltIn">
<msg time="2024-08-09T21:14:35.506431" level="INFO">${expected_keysTwo} = ['username', 'password']</msg>
<var>${expected_keysTwo}</var>
<arg>username</arg>
<arg>password</arg>
<doc>Returns a list containing given items.</doc>
<status status="PASS" start="2024-08-09T21:14:35.506257" elapsed="0.000205"/>
</kw>
<for flavor="IN">
<iter>
<kw name="Dictionary Should Contain Key" owner="Collections">
<arg>${json_data['results'][0]['login']}</arg>
<arg>${keyTwo}</arg>
<doc>Fails if ``key`` is not found from ``dictionary``.</doc>
<status status="PASS" start="2024-08-09T21:14:35.507143" elapsed="0.000396"/>
</kw>
<kw name="Dictionary Should Contain Key" owner="Collections">
<arg>${json_data['results'][0]['login']}</arg>
<arg>${keyTwo}</arg>
<doc>Fails if ``key`` is not found from ``dictionary``.</doc>
<status status="PASS" start="2024-08-09T21:14:35.507723" elapsed="0.000372"/>
</kw>
<kw name="Log" owner="BuiltIn">
<msg time="2024-08-09T21:14:35.508402" level="INFO">username</msg>
<arg>${keyTwo}</arg>
<doc>Logs the given message with the given level.</doc>
<status status="PASS" start="2024-08-09T21:14:35.508278" elapsed="0.000162"/>
</kw>
<var name="${keyTwo}">username</var>
<status status="PASS" start="2024-08-09T21:14:35.507009" elapsed="0.001655"/>
</iter>
<iter>
<kw name="Dictionary Should Contain Key" owner="Collections">
<arg>${json_data['results'][0]['login']}</arg>
<arg>${keyTwo}</arg>
<doc>Fails if ``key`` is not found from ``dictionary``.</doc>
<status status="PASS" start="2024-08-09T21:14:35.508946" elapsed="0.000388"/>
</kw>
<kw name="Dictionary Should Contain Key" owner="Collections">
<arg>${json_data['results'][0]['login']}</arg>
<arg>${keyTwo}</arg>
<doc>Fails if ``key`` is not found from ``dictionary``.</doc>
<status status="PASS" start="2024-08-09T21:14:35.509513" elapsed="0.000369"/>
</kw>
<kw name="Log" owner="BuiltIn">
<msg time="2024-08-09T21:14:35.510177" level="INFO">password</msg>
<arg>${keyTwo}</arg>
<doc>Logs the given message with the given level.</doc>
<status status="PASS" start="2024-08-09T21:14:35.510059" elapsed="0.000154"/>
</kw>
<var name="${keyTwo}">password</var>
<status status="PASS" start="2024-08-09T21:14:35.508838" elapsed="0.001606"/>
</iter>
<var>${keyTwo}</var>
<value>@{expected_keysTwo}</value>
<status status="PASS" start="2024-08-09T21:14:35.506799" elapsed="0.003767"/>
</for>
<status status="PASS" start="2024-08-09T21:14:35.401404" elapsed="0.109302"/>
</kw>
<doc>Testa a estrutura da resposta da API.</doc>
<tag>testeEstruturaResposta</tag>
<status status="PASS" start="2024-08-09T21:14:35.400794" elapsed="0.110104"/>
</test>
<test id="s1-s1-t4" name="Validar tipos de dados" line="28">
<kw name="Teste de Tipos de Dados" owner="random-user-service">
<kw name="GET On Session" owner="RequestsLibrary">
<msg time="2024-08-09T21:14:35.572827" level="INFO">GET Request : url=https://randomuser.me/api 
 path_url=/api 
 headers={'User-Agent': 'python-requests/2.32.3', 'Accept-Encoding': 'gzip, deflate', 'Accept': '*/*', 'Connection': 'keep-alive'} 
 body=None 
 </msg>
<msg time="2024-08-09T21:14:35.572909" level="INFO">GET Response : url=https://randomuser.me/api 
 status=200, reason=OK 
 headers={'Date': 'Fri, 09 Aug 2024 21:14:35 GMT', 'Content-Type': 'application/json; charset=utf-8', 'Transfer-Encoding': 'chunked', 'Connection': 'keep-alive', 'X-Powered-By': 'Express', 'Access-Control-Allow-Origin': '*', 'Cache-Control': 'no-cache', 'ETag': 'W/"4a2-ga/1YBbxyQA0twFL9vu73qb0oL0"', 'Vary': 'Accept-Encoding', 'Content-Encoding': 'gzip', 'CF-Cache-Status': 'DYNAMIC', 'Report-To': '{"endpoints":[{"url":"https:\\/\\/a.nel.cloudflare.com\\/report\\/v4?s=aWhTX%2BxeBD3mXl3IBqhLmzDtbXpmNUr%2ByZybDUXoVonXxB4ixNuQuE2vmI1qc3w5jfnDw%2Fpt%2Bv60VK%2FvY0xAF2dbqv%2Bj6XcLFZs2ZHzUxLIxCIiR77r6jeIouSC2KdCI"}],"group":"cf-nel","max_age":604800}', 'NEL': '{"success_fraction":0,"report_to":"cf-nel","max_age":604800}', 'Server': 'cloudflare', 'CF-RAY': '8b0ac1b3facec95a-IAD', 'alt-svc': 'h3=":443"; ma=86400'} 
 body={"results":[{"gender":"female","name":{"title":"Ms","first":"Münevver","last":"Hummel"},"location":{"street":{"number":4211,"name":"Jacoba van Beijerenstraat"},"city":"Sevenum","state":"Noord-Brabant","country":"Netherlands","postcode":"1004 WA","coordinates":{"latitude":"32.4288","longitude":"167.1120"},"timezone":{"offset":"+2:00","description":"Kaliningrad, South Africa"}},"email":"munevver.hummel@example.com","login":{"uuid":"a5f86dc8-e0ab-4597-8243-067cc91b15a7","username":"bluebear469","password":"cross","salt":"aNSuMEbk","md5":"a3c1c6c454ba2fe74ffba2146ef53fc9","sha1":"a6caf992494a6f7bb5d861b60d4b5dd3dfef64fd","sha256":"0ce4475e0b44d4954745fa42e496731231f52473cd3b901a01e431fa4b90990b"},"dob":{"date":"1970-08-31T13:41:16.400Z","age":53},"registered":{"date":"2017-07-20T19:08:28.704Z","age":7},"phone":"(0828) 537809","cell":"(06) 59324189","id":{"name":"BSN","value":"72586333"},"picture":{"large":"https://randomuser.me/api/portraits/women/73.jpg","medium":"https://randomuser.me/api/portraits/med/women/73.jpg","thumbnail":"https://randomuser.me/api/portraits/thumb/women/73.jpg"},"nat":"NL"}],"info":{"seed":"bd8fa6a4773316e3","results":1,"page":1,"version":"1.4"}} 
 </msg>
<msg time="2024-08-09T21:14:35.572990" level="INFO">/opt/hostedtoolcache/Python/3.12.4/x64/lib/python3.12/site-packages/urllib3/connectionpool.py:1099: InsecureRequestWarning: Unverified HTTPS request is being made to host 'randomuser.me'. Adding certificate verification is strongly advised. See: https://urllib3.readthedocs.io/en/latest/advanced-usage.html#tls-warnings
  warnings.warn(</msg>
<msg time="2024-08-09T21:14:35.573102" level="INFO">${response} = &lt;Response [200]&gt;</msg>
<var>${response}</var>
<arg>consultarAPI</arg>
<arg>/api</arg>
<doc>Sends a GET request on a previously created HTTP Session.</doc>
<status status="PASS" start="2024-08-09T21:14:35.513374" elapsed="0.059778"/>
</kw>
<kw name="Set Variable" owner="BuiltIn">
<msg time="2024-08-09T21:14:35.574497" level="INFO">${json_data} = {'results': [{'gender': 'female', 'name': {'title': 'Ms', 'first': 'Münevver', 'last': 'Hummel'}, 'location': {'street': {'number': 4211, 'name': 'Jacoba van Beijerenstraat'}, 'city': 'Sevenum', 'stat...</msg>
<var>${json_data}</var>
<arg>${response.json()}</arg>
<doc>Returns the given values which can then be assigned to a variables.</doc>
<status status="PASS" start="2024-08-09T21:14:35.573736" elapsed="0.000791"/>
</kw>
<kw name="Log" owner="BuiltIn">
<msg time="2024-08-09T21:14:35.575030" level="INFO">{'results': [{'gender': 'female', 'name': {'title': 'Ms', 'first': 'Münevver', 'last': 'Hummel'}, 'location': {'street': {'number': 4211, 'name': 'Jacoba van Beijerenstraat'}, 'city': 'Sevenum', 'state': 'Noord-Brabant', 'country': 'Netherlands', 'postcode': '1004 WA', 'coordinates': {'latitude': '32.4288', 'longitude': '167.1120'}, 'timezone': {'offset': '+2:00', 'description': 'Kaliningrad, South Africa'}}, 'email': 'munevver.hummel@example.com', 'login': {'uuid': 'a5f86dc8-e0ab-4597-8243-067cc91b15a7', 'username': 'bluebear469', 'password': 'cross', 'salt': 'aNSuMEbk', 'md5': 'a3c1c6c454ba2fe74ffba2146ef53fc9', 'sha1': 'a6caf992494a6f7bb5d861b60d4b5dd3dfef64fd', 'sha256': '0ce4475e0b44d4954745fa42e496731231f52473cd3b901a01e431fa4b90990b'}, 'dob': {'date': '1970-08-31T13:41:16.400Z', 'age': 53}, 'registered': {'date': '2017-07-20T19:08:28.704Z', 'age': 7}, 'phone': '(0828) 537809', 'cell': '(06) 59324189', 'id': {'name': 'BSN', 'value': '72586333'}, 'picture': {'large': 'https://randomuser.me/api/portraits/women/73.jpg', 'medium': 'https://randomuser.me/api/portraits/med/women/73.jpg', 'thumbnail': 'https://randomuser.me/api/portraits/thumb/women/73.jpg'}, 'nat': 'NL'}], 'info': {'seed': 'bd8fa6a4773316e3', 'results': 1, 'page': 1, 'version': '1.4'}}</msg>
<arg>${json_data}</arg>
<doc>Logs the given message with the given level.</doc>
<status status="PASS" start="2024-08-09T21:14:35.574872" elapsed="0.000218"/>
</kw>
<kw name="Should Be String" owner="String">
<arg>${json_data['results'][0]['gender']}</arg>
<doc>Fails if the given ``item`` is not a string.</doc>
<status status="PASS" start="2024-08-09T21:14:35.575384" elapsed="0.000362"/>
</kw>
<kw name="Should Match Regexp" owner="BuiltIn">
<arg>${json_data['results'][0]['email']}</arg>
<arg>^[a-zA-Z0-9._%+-]+@[a-zA-Z0-9.-]+\.[a-zA-Z]{2,}$</arg>
<doc>Fails if ``string`` does not match ``pattern`` as a regular expression.</doc>
<status status="PASS" start="2024-08-09T21:14:35.575970" elapsed="0.000517"/>
</kw>
<kw name="Should Match Regexp" owner="BuiltIn">
<arg>${json_data['results'][0]['dob']['date']}</arg>
<arg>\\d{4}-\\d{2}-\\d{2}T\\d{2}:\\d{2}:\\d{2}\\.\\d{3}Z</arg>
<doc>Fails if ``string`` does not match ``pattern`` as a regular expression.</doc>
<status status="PASS" start="2024-08-09T21:14:35.576681" elapsed="0.000598"/>
</kw>
<kw name="Should Match Regexp" owner="BuiltIn">
<arg>${json_data['results'][0]['registered']['date']}</arg>
<arg>\\d{4}-\\d{2}-\\d{2}T\\d{2}:\\d{2}:\\d{2}\\.\\d{3}Z</arg>
<doc>Fails if ``string`` does not match ``pattern`` as a regular expression.</doc>
<status status="PASS" start="2024-08-09T21:14:35.577475" elapsed="0.000371"/>
</kw>
<kw name="Should Match Regexp" owner="BuiltIn">
<arg>${json_data['results'][0]['picture']['large']}</arg>
<arg>^https?://.*\.(?:png|jpe?g|gif|bmp)$</arg>
<doc>Fails if ``string`` does not match ``pattern`` as a regular expression.</doc>
<status status="PASS" start="2024-08-09T21:14:35.578034" elapsed="0.000457"/>
</kw>
<kw name="Should Match Regexp" owner="BuiltIn">
<arg>${json_data['results'][0]['picture']['medium']}</arg>
<arg>^https?://.*\.(?:png|jpe?g|gif|bmp)$</arg>
<doc>Fails if ``string`` does not match ``pattern`` as a regular expression.</doc>
<status status="PASS" start="2024-08-09T21:14:35.578678" elapsed="0.000392"/>
</kw>
<kw name="Should Match Regexp" owner="BuiltIn">
<arg>${json_data['results'][0]['picture']['thumbnail']}</arg>
<arg>^https?://.*\.(?:png|jpe?g|gif|bmp)$</arg>
<doc>Fails if ``string`` does not match ``pattern`` as a regular expression.</doc>
<status status="PASS" start="2024-08-09T21:14:35.579259" elapsed="0.000354"/>
</kw>
<kw name="Log" owner="BuiltIn">
<msg time="2024-08-09T21:14:35.580117" level="INFO">{'large': 'https://randomuser.me/api/portraits/women/73.jpg', 'medium': 'https://randomuser.me/api/portraits/med/women/73.jpg', 'thumbnail': 'https://randomuser.me/api/portraits/thumb/women/73.jpg'}</msg>
<arg>${json_data['results'][0]['picture']}</arg>
<doc>Logs the given message with the given level.</doc>
<status status="PASS" start="2024-08-09T21:14:35.579795" elapsed="0.000363"/>
</kw>
<status status="PASS" start="2024-08-09T21:14:35.513154" elapsed="0.067261"/>
</kw>
<kw name="Teste de Tipos de Dados - Postcode" owner="random-user-service">
<kw name="GET On Session" owner="RequestsLibrary">
<msg time="2024-08-09T21:14:35.682065" level="INFO">GET Request : url=https://randomuser.me/api 
 path_url=/api 
 headers={'User-Agent': 'python-requests/2.32.3', 'Accept-Encoding': 'gzip, deflate', 'Accept': '*/*', 'Connection': 'keep-alive'} 
 body=None 
 </msg>
<msg time="2024-08-09T21:14:35.682161" level="INFO">GET Response : url=https://randomuser.me/api 
 status=200, reason=OK 
 headers={'Date': 'Fri, 09 Aug 2024 21:14:35 GMT', 'Content-Type': 'application/json; charset=utf-8', 'Transfer-Encoding': 'chunked', 'Connection': 'keep-alive', 'X-Powered-By': 'Express', 'Access-Control-Allow-Origin': '*', 'Cache-Control': 'no-cache', 'ETag': 'W/"475-pMBstY9Ayvdqjo+Ldn6XK+2mlKs"', 'Vary': 'Accept-Encoding', 'Content-Encoding': 'gzip', 'CF-Cache-Status': 'DYNAMIC', 'Report-To': '{"endpoints":[{"url":"https:\\/\\/a.nel.cloudflare.com\\/report\\/v4?s=uZgCqC165wpuF3xeOQmtcGg16uP0iYnieEI264j7vvDYzUvQDGi7DRxwlVGX9cGf0JtcWszBOIOGiFgrLAEFOOcHdyCkDXK4XOn30RNunFouM2ANxJWGLn5taMiy3SL0"}],"group":"cf-nel","max_age":604800}', 'NEL': '{"success_fraction":0,"report_to":"cf-nel","max_age":604800}', 'Server': 'cloudflare', 'CF-RAY': '8b0ac1b46be8c95a-IAD', 'alt-svc': 'h3=":443"; ma=86400'} 
 body={"results":[{"gender":"male","name":{"title":"Mr","first":"Arttu","last":"Rintala"},"location":{"street":{"number":4625,"name":"Bulevardi"},"city":"Rauma","state":"South Karelia","country":"Finland","postcode":72294,"coordinates":{"latitude":"-28.9839","longitude":"-28.4432"},"timezone":{"offset":"+4:30","description":"Kabul"}},"email":"arttu.rintala@example.com","login":{"uuid":"1ca70bab-47d7-49cf-aa97-35cbbdebefa2","username":"purplekoala321","password":"nocturne","salt":"tCZCIU03","md5":"8ec9fb4831ed820cc216a905dda9de85","sha1":"2dd74798fd13c22d97db7d7e1b04e9de7086b672","sha256":"64530c1e733bcf8b7374808e2d7b2214d94db0d7a111d9dff4e33e7b09505492"},"dob":{"date":"1963-05-07T07:46:18.262Z","age":61},"registered":{"date":"2017-08-21T04:23:20.703Z","age":6},"phone":"07-896-996","cell":"041-521-04-99","id":{"name":"HETU","value":"NaNNA671undefined"},"picture":{"large":"https://randomuser.me/api/portraits/men/73.jpg","medium":"https://randomuser.me/api/portraits/med/men/73.jpg","thumbnail":"https://randomuser.me/api/portraits/thumb/men/73.jpg"},"nat":"FI"}],"info":{"seed":"70afacc1b2943ec3","results":1,"page":1,"version":"1.4"}} 
 </msg>
<msg time="2024-08-09T21:14:35.682256" level="INFO">/opt/hostedtoolcache/Python/3.12.4/x64/lib/python3.12/site-packages/urllib3/connectionpool.py:1099: InsecureRequestWarning: Unverified HTTPS request is being made to host 'randomuser.me'. Adding certificate verification is strongly advised. See: https://urllib3.readthedocs.io/en/latest/advanced-usage.html#tls-warnings
  warnings.warn(</msg>
<msg time="2024-08-09T21:14:35.682389" level="INFO">${response} = &lt;Response [200]&gt;</msg>
<var>${response}</var>
<arg>consultarAPI</arg>
<arg>/api</arg>
<doc>Sends a GET request on a previously created HTTP Session.</doc>
<status status="PASS" start="2024-08-09T21:14:35.580845" elapsed="0.101597"/>
</kw>
<kw name="Set Variable" owner="BuiltIn">
<msg time="2024-08-09T21:14:35.683915" level="INFO">${json_data} = {'results': [{'gender': 'male', 'name': {'title': 'Mr', 'first': 'Arttu', 'last': 'Rintala'}, 'location': {'street': {'number': 4625, 'name': 'Bulevardi'}, 'city': 'Rauma', 'state': 'South Karelia', '...</msg>
<var>${json_data}</var>
<arg>${response.json()}</arg>
<doc>Returns the given values which can then be assigned to a variables.</doc>
<status status="PASS" start="2024-08-09T21:14:35.683168" elapsed="0.000776"/>
</kw>
<kw name="Log" owner="BuiltIn">
<msg time="2024-08-09T21:14:35.684414" level="INFO">{'results': [{'gender': 'male', 'name': {'title': 'Mr', 'first': 'Arttu', 'last': 'Rintala'}, 'location': {'street': {'number': 4625, 'name': 'Bulevardi'}, 'city': 'Rauma', 'state': 'South Karelia', 'country': 'Finland', 'postcode': 72294, 'coordinates': {'latitude': '-28.9839', 'longitude': '-28.4432'}, 'timezone': {'offset': '+4:30', 'description': 'Kabul'}}, 'email': 'arttu.rintala@example.com', 'login': {'uuid': '1ca70bab-47d7-49cf-aa97-35cbbdebefa2', 'username': 'purplekoala321', 'password': 'nocturne', 'salt': 'tCZCIU03', 'md5': '8ec9fb4831ed820cc216a905dda9de85', 'sha1': '2dd74798fd13c22d97db7d7e1b04e9de7086b672', 'sha256': '64530c1e733bcf8b7374808e2d7b2214d94db0d7a111d9dff4e33e7b09505492'}, 'dob': {'date': '1963-05-07T07:46:18.262Z', 'age': 61}, 'registered': {'date': '2017-08-21T04:23:20.703Z', 'age': 6}, 'phone': '07-896-996', 'cell': '041-521-04-99', 'id': {'name': 'HETU', 'value': 'NaNNA671undefined'}, 'picture': {'large': 'https://randomuser.me/api/portraits/men/73.jpg', 'medium': 'https://randomuser.me/api/portraits/med/men/73.jpg', 'thumbnail': 'https://randomuser.me/api/portraits/thumb/men/73.jpg'}, 'nat': 'FI'}], 'info': {'seed': '70afacc1b2943ec3', 'results': 1, 'page': 1, 'version': '1.4'}}</msg>
<arg>${json_data}</arg>
<doc>Logs the given message with the given level.</doc>
<status status="PASS" start="2024-08-09T21:14:35.684255" elapsed="0.000208"/>
</kw>
<kw name="Should Be Equal As Numbers" owner="BuiltIn">
<arg>${json_data['results'][0]['location']['postcode']}</arg>
<arg>${json_data['results'][0]['location']['postcode']}</arg>
<doc>Fails if objects are unequal after converting them to real numbers.</doc>
<status status="PASS" start="2024-08-09T21:14:35.684759" elapsed="0.000626"/>
</kw>
<kw name="Log" owner="BuiltIn">
<msg time="2024-08-09T21:14:35.685913" level="INFO">72294</msg>
<arg>${json_data['results'][0]['location']['postcode']}</arg>
<doc>Logs the given message with the given level.</doc>
<status status="PASS" start="2024-08-09T21:14:35.685574" elapsed="0.000420"/>
</kw>
<status status="PASS" start="2024-08-09T21:14:35.580627" elapsed="0.105627"/>
</kw>
<doc>Testa se os tipos de dados na resposta da API estão corretos.</doc>
<tag>testeTiposDados</tag>
<status status="PASS" start="2024-08-09T21:14:35.512632" elapsed="0.173794"/>
</test>
<test id="s1-s1-t5" name="Validar conteudo" line="35">
<kw name="Teste de Tipos de Conteudo" owner="random-user-service">
<kw name="GET On Session" owner="RequestsLibrary">
<msg time="2024-08-09T21:14:35.779065" level="INFO">GET Request : url=https://randomuser.me/api 
 path_url=/api 
 headers={'User-Agent': 'python-requests/2.32.3', 'Accept-Encoding': 'gzip, deflate', 'Accept': '*/*', 'Connection': 'keep-alive'} 
 body=None 
 </msg>
<msg time="2024-08-09T21:14:35.779151" level="INFO">GET Response : url=https://randomuser.me/api 
 status=200, reason=OK 
 headers={'Date': 'Fri, 09 Aug 2024 21:14:35 GMT', 'Content-Type': 'application/json; charset=utf-8', 'Transfer-Encoding': 'chunked', 'Connection': 'keep-alive', 'X-Powered-By': 'Express', 'Access-Control-Allow-Origin': '*', 'Cache-Control': 'no-cache', 'ETag': 'W/"49d-XH3wPDImKV/7Zxos25xt5BYl9gI"', 'Vary': 'Accept-Encoding', 'Content-Encoding': 'gzip', 'CF-Cache-Status': 'DYNAMIC', 'Report-To': '{"endpoints":[{"url":"https:\\/\\/a.nel.cloudflare.com\\/report\\/v4?s=qJoKIB7brMfukBjh8vNDXY4X792h89mGCkfkuJxt9Vxc6Y7pZTvbahgiisl0%2FShD%2FQBQG6w%2BmmaoSL6nqYYdnVDmO0M5djll%2B2hrfQE05mKzw3BePciJ5JzhObW%2BE30s"}],"group":"cf-nel","max_age":604800}', 'NEL': '{"success_fraction":0,"report_to":"cf-nel","max_age":604800}', 'Server': 'cloudflare', 'CF-RAY': '8b0ac1b51df7c95a-IAD', 'alt-svc': 'h3=":443"; ma=86400'} 
 body={"results":[{"gender":"female","name":{"title":"Mrs","first":"Lida","last":"Silveira"},"location":{"street":{"number":3042,"name":"Rua Rio de Janeiro "},"city":"Ourinhos","state":"Pará","country":"Brazil","postcode":98167,"coordinates":{"latitude":"-79.2530","longitude":"62.6926"},"timezone":{"offset":"+9:00","description":"Tokyo, Seoul, Osaka, Sapporo, Yakutsk"}},"email":"lida.silveira@example.com","login":{"uuid":"9e9d4999-f21f-4a9c-ab0e-98e063a6d98d","username":"whitelion555","password":"1981","salt":"je9NLW5R","md5":"e813fd854e0658547cca30f9720173f9","sha1":"75a34599816ce4531398a02434b0555336f98722","sha256":"40f04247573058f3c849f19feab03b668cdd8394f890bf47231b23d1d6a8ee3a"},"dob":{"date":"1995-07-03T12:29:32.966Z","age":29},"registered":{"date":"2003-04-08T14:22:56.204Z","age":21},"phone":"(26) 4865-8318","cell":"(88) 1444-3705","id":{"name":"CPF","value":"397.121.559-63"},"picture":{"large":"https://randomuser.me/api/portraits/women/40.jpg","medium":"https://randomuser.me/api/portraits/med/women/40.jpg","thumbnail":"https://randomuser.me/api/portraits/thumb/women/40.jpg"},"nat":"BR"}],"info":{"seed":"6843cebcee2f1e56","results":1,"page":1,"version":"1.4"}} 
 </msg>
<msg time="2024-08-09T21:14:35.779235" level="INFO">/opt/hostedtoolcache/Python/3.12.4/x64/lib/python3.12/site-packages/urllib3/connectionpool.py:1099: InsecureRequestWarning: Unverified HTTPS request is being made to host 'randomuser.me'. Adding certificate verification is strongly advised. See: https://urllib3.readthedocs.io/en/latest/advanced-usage.html#tls-warnings
  warnings.warn(</msg>
<msg time="2024-08-09T21:14:35.779346" level="INFO">${response} = &lt;Response [200]&gt;</msg>
<var>${response}</var>
<arg>consultarAPI</arg>
<arg>/api</arg>
<doc>Sends a GET request on a previously created HTTP Session.</doc>
<status status="PASS" start="2024-08-09T21:14:35.689021" elapsed="0.090368"/>
</kw>
<kw name="Set Variable" owner="BuiltIn">
<msg time="2024-08-09T21:14:35.780427" level="INFO">${json_data} = {'results': [{'gender': 'female', 'name': {'title': 'Mrs', 'first': 'Lida', 'last': 'Silveira'}, 'location': {'street': {'number': 3042, 'name': 'Rua Rio de Janeiro '}, 'city': 'Ourinhos', 'state': 'P...</msg>
<var>${json_data}</var>
<arg>${response.json()}</arg>
<doc>Returns the given values which can then be assigned to a variables.</doc>
<status status="PASS" start="2024-08-09T21:14:35.779863" elapsed="0.000598"/>
</kw>
<kw name="Set Variable" owner="BuiltIn">
<msg time="2024-08-09T21:14:35.781191" level="INFO">${name_title} = Mrs</msg>
<var>${name_title}</var>
<arg>${json_data["results"][0]["name"]["title"]}</arg>
<doc>Returns the given values which can then be assigned to a variables.</doc>
<status status="PASS" start="2024-08-09T21:14:35.780798" elapsed="0.000419"/>
</kw>
<kw name="Create List" owner="BuiltIn">
<msg time="2024-08-09T21:14:35.781672" level="INFO">${allowed_titles} = ['Mr', 'Ms', 'Miss', 'Mrs', 'Madame', 'Monsieur']</msg>
<var>${allowed_titles}</var>
<arg>Mr</arg>
<arg>Ms</arg>
<arg>Miss</arg>
<arg>Mrs</arg>
<arg>Madame</arg>
<arg>Monsieur</arg>
<doc>Returns a list containing given items.</doc>
<status status="PASS" start="2024-08-09T21:14:35.781520" elapsed="0.000178"/>
</kw>
<kw name="List Should Contain Value" owner="Collections">
<arg>${allowed_titles}</arg>
<arg>${name_title}</arg>
<doc>Fails if the ``value`` is not found from ``list``.</doc>
<status status="PASS" start="2024-08-09T21:14:35.782001" elapsed="0.000179"/>
</kw>
<kw name="Set Variable" owner="BuiltIn">
<msg time="2024-08-09T21:14:35.782787" level="INFO">${name_country} = BR</msg>
<var>${name_country}</var>
<arg>${json_data["results"][0]["nat"]}</arg>
<doc>Returns the given values which can then be assigned to a variables.</doc>
<status status="PASS" start="2024-08-09T21:14:35.782377" elapsed="0.000437"/>
</kw>
<kw name="Create List" owner="BuiltIn">
<msg time="2024-08-09T21:14:35.783717" level="INFO">${list_country} = ['AD', 'AE', 'AF', 'AG', 'AI', 'AL', 'AM', 'AO', 'AQ', 'AR', 'AS', 'AT', 'AU', 'AW', 'AX', 'AZ', 'BA', 'BB', 'BD', 'BE', 'BF', 'BG', 'BH', 'BI', 'BJ', 'BL', 'BM', 'BN', 'BO', 'BQ', 'BR', 'BS', 'BT', '...</msg>
<var>${list_country}</var>
<arg>AD</arg>
<arg>AE</arg>
<arg>AF</arg>
<arg>AG</arg>
<arg>AI</arg>
<arg>AL</arg>
<arg>AM</arg>
<arg>AO</arg>
<arg>AQ</arg>
<arg>AR</arg>
<arg>AS</arg>
<arg>AT</arg>
<arg>AU</arg>
<arg>AW</arg>
<arg>AX</arg>
<arg>AZ</arg>
<arg>BA</arg>
<arg>BB</arg>
<arg>BD</arg>
<arg>BE</arg>
<arg>BF</arg>
<arg>BG</arg>
<arg>BH</arg>
<arg>BI</arg>
<arg>BJ</arg>
<arg>BL</arg>
<arg>BM</arg>
<arg>BN</arg>
<arg>BO</arg>
<arg>BQ</arg>
<arg>BR</arg>
<arg>BS</arg>
<arg>BT</arg>
<arg>BV</arg>
<arg>BW</arg>
<arg>BY</arg>
<arg>BZ</arg>
<arg>CA</arg>
<arg>CC</arg>
<arg>CD</arg>
<arg>CF</arg>
<arg>CG</arg>
<arg>CH</arg>
<arg>CI</arg>
<arg>CK</arg>
<arg>CL</arg>
<arg>CM</arg>
<arg>CN</arg>
<arg>CO</arg>
<arg>CR</arg>
<arg>CU</arg>
<arg>CV</arg>
<arg>CW</arg>
<arg>CX</arg>
<arg>CY</arg>
<arg>CZ</arg>
<arg>DE</arg>
<arg>DJ</arg>
<arg>DK</arg>
<arg>DM</arg>
<arg>DO</arg>
<arg>DZ</arg>
<arg>EC</arg>
<arg>EE</arg>
<arg>EG</arg>
<arg>EH</arg>
<arg>ER</arg>
<arg>ES</arg>
<arg>ET</arg>
<arg>FI</arg>
<arg>FJ</arg>
<arg>FK</arg>
<arg>FM</arg>
<arg>FO</arg>
<arg>FR</arg>
<arg>GA</arg>
<arg>GB</arg>
<arg>GD</arg>
<arg>GE</arg>
<arg>GF</arg>
<arg>GG</arg>
<arg>GH</arg>
<arg>GI</arg>
<arg>GL</arg>
<arg>GM</arg>
<arg>GN</arg>
<arg>GP</arg>
<arg>GQ</arg>
<arg>GR</arg>
<arg>GS</arg>
<arg>GT</arg>
<arg>GU</arg>
<arg>GW</arg>
<arg>GY</arg>
<arg>HK</arg>
<arg>HM</arg>
<arg>HN</arg>
<arg>HR</arg>
<arg>HT</arg>
<arg>HU</arg>
<arg>ID</arg>
<arg>IE</arg>
<arg>IL</arg>
<arg>IM</arg>
<arg>IN</arg>
<arg>IO</arg>
<arg>IQ</arg>
<arg>IR</arg>
<arg>IS</arg>
<arg>IT</arg>
<arg>JE</arg>
<arg>JM</arg>
<arg>JO</arg>
<arg>JP</arg>
<arg>KE</arg>
<arg>KG</arg>
<arg>KH</arg>
<arg>KI</arg>
<arg>KM</arg>
<arg>KN</arg>
<arg>KP</arg>
<arg>KR</arg>
<arg>KW</arg>
<arg>KY</arg>
<arg>KZ</arg>
<arg>LA</arg>
<arg>LB</arg>
<arg>LC</arg>
<arg>LI</arg>
<arg>LK</arg>
<arg>LR</arg>
<arg>LS</arg>
<arg>LT</arg>
<arg>LU</arg>
<arg>LV</arg>
<arg>LY</arg>
<arg>MA</arg>
<arg>MC</arg>
<arg>MD</arg>
<arg>ME</arg>
<arg>MF</arg>
<arg>MG</arg>
<arg>MH</arg>
<arg>MK</arg>
<arg>ML</arg>
<arg>MM</arg>
<arg>MN</arg>
<arg>MO</arg>
<arg>MP</arg>
<arg>MQ</arg>
<arg>MR</arg>
<arg>MS</arg>
<arg>MT</arg>
<arg>MU</arg>
<arg>MV</arg>
<arg>MW</arg>
<arg>MX</arg>
<arg>MY</arg>
<arg>MZ</arg>
<arg>NA</arg>
<arg>NC</arg>
<arg>NE</arg>
<arg>NF</arg>
<arg>NG</arg>
<arg>NI</arg>
<arg>NL</arg>
<arg>NO</arg>
<arg>NP</arg>
<arg>NR</arg>
<arg>NU</arg>
<arg>NZ</arg>
<arg>OM</arg>
<arg>PA</arg>
<arg>PE</arg>
<arg>PF</arg>
<arg>PG</arg>
<arg>PH</arg>
<arg>PK</arg>
<arg>PL</arg>
<arg>PM</arg>
<arg>PN</arg>
<arg>PR</arg>
<arg>PS</arg>
<arg>PT</arg>
<arg>PW</arg>
<arg>PY</arg>
<arg>QA</arg>
<arg>RE</arg>
<arg>RO</arg>
<arg>RS</arg>
<arg>RU</arg>
<arg>RW</arg>
<arg>SA</arg>
<arg>SB</arg>
<arg>SC</arg>
<arg>SD</arg>
<arg>SE</arg>
<arg>SG</arg>
<arg>SH</arg>
<arg>SI</arg>
<arg>SJ</arg>
<arg>SK</arg>
<arg>SL</arg>
<arg>SM</arg>
<arg>SN</arg>
<arg>SO</arg>
<arg>SR</arg>
<arg>SS</arg>
<arg>ST</arg>
<arg>SV</arg>
<arg>SX</arg>
<arg>SY</arg>
<arg>SZ</arg>
<arg>TC</arg>
<arg>TD</arg>
<arg>TF</arg>
<arg>TG</arg>
<arg>TH</arg>
<arg>TJ</arg>
<arg>TK</arg>
<arg>TL</arg>
<arg>TM</arg>
<arg>TN</arg>
<arg>TO</arg>
<arg>TR</arg>
<arg>TT</arg>
<arg>TV</arg>
<arg>TW</arg>
<arg>TZ</arg>
<arg>UA</arg>
<arg>UG</arg>
<arg>UM</arg>
<arg>US</arg>
<arg>UY</arg>
<arg>UZ</arg>
<arg>VA</arg>
<arg>VC</arg>
<arg>VE</arg>
<arg>VG</arg>
<arg>VI</arg>
<arg>VN</arg>
<arg>VU</arg>
<arg>WF</arg>
<arg>WS</arg>
<arg>XK</arg>
<arg>YE</arg>
<arg>YT</arg>
<arg>ZA</arg>
<arg>ZM</arg>
<arg>ZW</arg>
<doc>Returns a list containing given items.</doc>
<status status="PASS" start="2024-08-09T21:14:35.783116" elapsed="0.000626"/>
</kw>
<kw name="List Should Contain Value" owner="Collections">
<arg>${list_country}</arg>
<arg>${name_country}</arg>
<doc>Fails if the ``value`` is not found from ``list``.</doc>
<status status="PASS" start="2024-08-09T21:14:35.784704" elapsed="0.000212"/>
</kw>
<kw name="Run Keyword If" owner="BuiltIn">
<kw name="Should Be True" owner="BuiltIn">
<arg>${True}</arg>
<doc>Fails if the given condition is not true.</doc>
<status status="PASS" start="2024-08-09T21:14:35.785881" elapsed="0.000145"/>
</kw>
<arg>${json_data["results"][0]["location"]["coordinates"]["latitude"]} &gt;= -90 and ${json_data["results"][0]["location"]["coordinates"]["latitude"]} &lt;= 90</arg>
<arg>Should Be True</arg>
<arg>${True}</arg>
<doc>Runs the given keyword with the given arguments, if ``condition`` is true.</doc>
<status status="PASS" start="2024-08-09T21:14:35.785121" elapsed="0.001031"/>
</kw>
<kw name="Run Keyword If" owner="BuiltIn">
<kw name="Should Be True" owner="BuiltIn">
<arg>${True}</arg>
<doc>Fails if the given condition is not true.</doc>
<status status="PASS" start="2024-08-09T21:14:35.787073" elapsed="0.000141"/>
</kw>
<arg>${json_data["results"][0]["location"]["coordinates"]["longitude"]} &gt;= -180 and ${json_data["results"][0]["location"]["coordinates"]["longitude"]} &lt;= 180</arg>
<arg>Should Be True</arg>
<arg>${True}</arg>
<doc>Runs the given keyword with the given arguments, if ``condition`` is true.</doc>
<status status="PASS" start="2024-08-09T21:14:35.786336" elapsed="0.001004"/>
</kw>
<status status="PASS" start="2024-08-09T21:14:35.688794" elapsed="0.098677"/>
</kw>
<doc>Testa o conteúdo específico dos campos retornados pela API.</doc>
<tag>testeConteudo</tag>
<status status="PASS" start="2024-08-09T21:14:35.688239" elapsed="0.099380"/>
</test>
<status status="PASS" start="2024-08-09T21:14:34.965727" elapsed="0.823811"/>
</suite>
<status status="PASS" start="2024-08-09T21:14:34.950319" elapsed="0.844299"/>
</suite>
<statistics>
<total>
<stat pass="5" fail="0" skip="0">All Tests</stat>
</total>
<tag>
<stat pass="1" fail="0" skip="0">testeConteudo</stat>
<stat pass="1" fail="0" skip="0">testeEstruturaResposta</stat>
<stat pass="1" fail="0" skip="0">testeRequisicaoBasica</stat>
<stat pass="1" fail="0" skip="0">testeTiposDados</stat>
</tag>
<suite>
<stat pass="5" fail="0" skip="0" id="s1" name="Tests">Tests</stat>
<stat pass="5" fail="0" skip="0" id="s1-s1" name="Random-User-Test">Tests.Random-User-Test</stat>
</suite>
</statistics>
<errors>
</errors>
</robot>
