<?xml version="1.0" encoding="UTF-8"?>
<robot generator="Robot 7.0 (Python 3.12.2 on linux)" generated="2024-03-21T13:22:25.915778" rpa="false" schemaversion="5">
<suite id="s1" name="Tests" source="/home/runner/work/DesafioQAItauRogerioJordao/DesafioQAItauRogerioJordao/RamdonUser/tests">
<suite id="s1-s1" name="Random-User-Test" source="/home/runner/work/DesafioQAItauRogerioJordao/DesafioQAItauRogerioJordao/RamdonUser/tests/random-user-test.robot">
<test id="s1-s1-t1" name="Conectar" line="13">
<kw name="Conectar API" owner="random-user-service">
<kw name="Create Session" owner="RequestsLibrary">
<msg time="2024-03-21T13:22:26.279066" level="INFO">Creating Session using : alias=consultarAPI, url=https://randomuser.me/, headers={},                     cookies={}, auth=None, timeout=None, proxies=None, verify=False,                     debug=0 </msg>
<arg>consultarAPI</arg>
<arg>${URL}</arg>
<doc>Create Session: create a HTTP session to a server</doc>
<status status="PASS" start="2024-03-21T13:22:26.278800" elapsed="0.000444"/>
</kw>
<status status="PASS" start="2024-03-21T13:22:26.277944" elapsed="0.001658"/>
</kw>
<status status="PASS" start="2024-03-21T13:22:26.277443" elapsed="0.002360"/>
</test>
<test id="s1-s1-t2" name="Validar retorno 200 e JSON Válido" line="16">
<kw name="Teste de Requisicao Basica" owner="random-user-service">
<kw name="GET On Session" owner="RequestsLibrary">
<msg time="2024-03-21T13:22:26.567462" level="INFO">GET Request : url=https://randomuser.me/api 
 path_url=/api 
 headers={'User-Agent': 'python-requests/2.31.0', 'Accept-Encoding': 'gzip, deflate', 'Accept': '*/*', 'Connection': 'keep-alive'} 
 body=None 
 </msg>
<msg time="2024-03-21T13:22:26.567624" level="INFO">GET Response : url=https://randomuser.me/api 
 status=200, reason=OK 
 headers={'Date': 'Thu, 21 Mar 2024 13:22:26 GMT', 'Content-Type': 'application/json; charset=utf-8', 'Transfer-Encoding': 'chunked', 'Connection': 'keep-alive', 'X-Powered-By': 'Express', 'Access-Control-Allow-Origin': '*', 'Cache-Control': 'no-cache', 'ETag': 'W/"4a1-nkY4/PNvW1TIOl6fL4M2tsJxhmo"', 'Vary': 'Accept-Encoding', 'Content-Encoding': 'gzip', 'CF-Cache-Status': 'DYNAMIC', 'Report-To': '{"endpoints":[{"url":"https:\\/\\/a.nel.cloudflare.com\\/report\\/v4?s=OkGvOI9FHOHXGBd8TEdeetC1V%2Fh1aKLOmbcl%2BdS%2Fg15Rvwgvcihz70PGy4kWP4aUPwZ63V4Y9SXUp9VqNyuIfLgR0PxluXDdiHyQoyAb1IXxuWLXQ3ah8kXaFGDNUiFZ"}],"group":"cf-nel","max_age":604800}', 'NEL': '{"success_fraction":0,"report_to":"cf-nel","max_age":604800}', 'Server': 'cloudflare', 'CF-RAY': '867e4033b8fb9c25-IAD', 'alt-svc': 'h3=":443"; ma=86400'} 
 body={"results":[{"gender":"male","name":{"title":"Mr","first":"Tanish","last":"Chavare"},"location":{"street":{"number":3537,"name":"Chimanlal Girdharlal Rd"},"city":"Visakhapatnam","state":"Maharashtra","country":"India","postcode":14986,"coordinates":{"latitude":"7.4357","longitude":"-132.1878"},"timezone":{"offset":"+9:00","description":"Tokyo, Seoul, Osaka, Sapporo, Yakutsk"}},"email":"tanish.chavare@example.com","login":{"uuid":"e3d52f90-b1ec-4eb1-9f62-028cc6c05ae7","username":"happydog100","password":"washington","salt":"Sf6V3ShY","md5":"5e31b72b7030b31fbe0f80d65442ed4b","sha1":"4ae74490ecde824e8f6ae7a4cfe78a186009a839","sha256":"136e6e462529184b57689c9f0dcc4a856261d05c8a08d52292d815287a2527ff"},"dob":{"date":"1954-09-19T06:33:53.253Z","age":69},"registered":{"date":"2012-12-21T12:54:17.915Z","age":11},"phone":"9480369447","cell":"9688124263","id":{"name":"UIDAI","value":"871361575587"},"picture":{"large":"https://randomuser.me/api/portraits/men/79.jpg","medium":"https://randomuser.me/api/portraits/med/men/79.jpg","thumbnail":"https://randomuser.me/api/portraits/thumb/men/79.jpg"},"nat":"IN"}],"info":{"seed":"d92f33e11d3419d9","results":1,"page":1,"version":"1.4"}} 
 </msg>
<msg time="2024-03-21T13:22:26.567727" level="INFO">/opt/hostedtoolcache/Python/3.12.2/x64/lib/python3.12/site-packages/urllib3/connectionpool.py:1103: InsecureRequestWarning: Unverified HTTPS request is being made to host 'randomuser.me'. Adding certificate verification is strongly advised. See: https://urllib3.readthedocs.io/en/latest/advanced-usage.html#tls-warnings
  warnings.warn(</msg>
<msg time="2024-03-21T13:22:26.567858" level="INFO">${response} = &lt;Response [200]&gt;</msg>
<var>${response}</var>
<arg>consultarAPI</arg>
<arg>/api</arg>
<doc>Sends a GET request on a previously created HTTP Session.</doc>
<status status="PASS" start="2024-03-21T13:22:26.282424" elapsed="0.285477"/>
</kw>
<kw name="Should Be Equal As Numbers" owner="BuiltIn">
<msg time="2024-03-21T13:22:26.568904" level="INFO">Argument types are:
&lt;class 'int'&gt;
&lt;class 'str'&gt;</msg>
<arg>${response.status_code}</arg>
<arg>200</arg>
<doc>Fails if objects are unequal after converting them to real numbers.</doc>
<status status="PASS" start="2024-03-21T13:22:26.568429" elapsed="0.000546"/>
</kw>
<kw name="Log" owner="BuiltIn">
<msg time="2024-03-21T13:22:26.569647" level="INFO">200</msg>
<arg>${response.status_code}</arg>
<doc>Logs the given message with the given level.</doc>
<status status="PASS" start="2024-03-21T13:22:26.569300" elapsed="0.000389"/>
</kw>
<kw name="Set Variable" owner="BuiltIn">
<msg time="2024-03-21T13:22:26.570478" level="INFO">${json_data} = {'results': [{'gender': 'male', 'name': {'title': 'Mr', 'first': 'Tanish', 'last': 'Chavare'}, 'location': {'street': {'number': 3537, 'name': 'Chimanlal Girdharlal Rd'}, 'city': 'Visakhapatnam', 'sta...</msg>
<var>${json_data}</var>
<arg>${response.json()}</arg>
<doc>Returns the given values which can then be assigned to a variables.</doc>
<status status="PASS" start="2024-03-21T13:22:26.570039" elapsed="0.000467"/>
</kw>
<kw name="Dictionary Should Contain Key" owner="Collections">
<msg time="2024-03-21T13:22:26.571002" level="INFO">False</msg>
<arg>${json_data}</arg>
<arg>results</arg>
<doc>Fails if ``key`` is not found from ``dictionary``.</doc>
<status status="PASS" start="2024-03-21T13:22:26.570836" elapsed="0.000206"/>
</kw>
<status status="PASS" start="2024-03-21T13:22:26.282155" elapsed="0.289151"/>
</kw>
<doc>Testa se a API responde corretamente e retorna um objeto JSON válido.</doc>
<tag>testeRequisicaoBasica</tag>
<status status="PASS" start="2024-03-21T13:22:26.281658" elapsed="0.289836"/>
</test>
<test id="s1-s1-t3" name="Validar estrutura de resposta" line="22">
<kw name="Teste de Estrutura de Resposta" owner="random-user-service">
<kw name="GET On Session" owner="RequestsLibrary">
<msg time="2024-03-21T13:22:26.651633" level="INFO">GET Request : url=https://randomuser.me/api 
 path_url=/api 
 headers={'User-Agent': 'python-requests/2.31.0', 'Accept-Encoding': 'gzip, deflate', 'Accept': '*/*', 'Connection': 'keep-alive'} 
 body=None 
 </msg>
<msg time="2024-03-21T13:22:26.651730" level="INFO">GET Response : url=https://randomuser.me/api 
 status=200, reason=OK 
 headers={'Date': 'Thu, 21 Mar 2024 13:22:26 GMT', 'Content-Type': 'application/json; charset=utf-8', 'Transfer-Encoding': 'chunked', 'Connection': 'keep-alive', 'X-Powered-By': 'Express', 'Access-Control-Allow-Origin': '*', 'Cache-Control': 'no-cache', 'ETag': 'W/"49a-kyflyWPljnqvbPCvzOfxexPhsu8"', 'Vary': 'Accept-Encoding', 'Content-Encoding': 'gzip', 'CF-Cache-Status': 'DYNAMIC', 'Report-To': '{"endpoints":[{"url":"https:\\/\\/a.nel.cloudflare.com\\/report\\/v4?s=w3F53eZk6zKElgf8328XqxIFM4YuhHLE7lKkVb19UmktE5Eo4SfvNVZ4sUCOJXbAM%2F%2FbY7PyjXSxVs3qNYuQkYYCumnioSUWph3lcTXEngUX3myyeELpGwxVCn%2FWFt5j"}],"group":"cf-nel","max_age":604800}', 'NEL': '{"success_fraction":0,"report_to":"cf-nel","max_age":604800}', 'Server': 'cloudflare', 'CF-RAY': '867e403429469c25-IAD', 'alt-svc': 'h3=":443"; ma=86400'} 
 body={"results":[{"gender":"female","name":{"title":"Ms","first":"Abigail","last":"Kumar"},"location":{"street":{"number":1282,"name":"Bealey Avenue"},"city":"Invercargill","state":"Bay of Plenty","country":"New Zealand","postcode":30700,"coordinates":{"latitude":"51.7390","longitude":"119.8335"},"timezone":{"offset":"+8:00","description":"Beijing, Perth, Singapore, Hong Kong"}},"email":"abigail.kumar@example.com","login":{"uuid":"06ed2151-3fd6-446a-9194-a2a64261f958","username":"crazymouse221","password":"marian","salt":"7ZxsxN1f","md5":"070d7df1ffc650d6434c49de096f15fb","sha1":"c171296d22149c683068a06b8b446c4a0b11188e","sha256":"f2c18bd2351f6758ee2b80fe608ae2f6ecee7757cbd9e9e5d2bf0ba25d08190e"},"dob":{"date":"1981-02-25T18:14:42.840Z","age":43},"registered":{"date":"2010-04-02T04:59:30.547Z","age":13},"phone":"(141)-963-5624","cell":"(079)-775-6723","id":{"name":"","value":null},"picture":{"large":"https://randomuser.me/api/portraits/women/29.jpg","medium":"https://randomuser.me/api/portraits/med/women/29.jpg","thumbnail":"https://randomuser.me/api/portraits/thumb/women/29.jpg"},"nat":"NZ"}],"info":{"seed":"fbe99477aab849aa","results":1,"page":1,"version":"1.4"}} 
 </msg>
<msg time="2024-03-21T13:22:26.651858" level="INFO">/opt/hostedtoolcache/Python/3.12.2/x64/lib/python3.12/site-packages/urllib3/connectionpool.py:1103: InsecureRequestWarning: Unverified HTTPS request is being made to host 'randomuser.me'. Adding certificate verification is strongly advised. See: https://urllib3.readthedocs.io/en/latest/advanced-usage.html#tls-warnings
  warnings.warn(</msg>
<msg time="2024-03-21T13:22:26.651969" level="INFO">${response} = &lt;Response [200]&gt;</msg>
<var>${response}</var>
<arg>consultarAPI</arg>
<arg>/api</arg>
<doc>Sends a GET request on a previously created HTTP Session.</doc>
<status status="PASS" start="2024-03-21T13:22:26.574229" elapsed="0.077780"/>
</kw>
<kw name="Set Variable" owner="BuiltIn">
<msg time="2024-03-21T13:22:26.652944" level="INFO">${json_data} = {'results': [{'gender': 'female', 'name': {'title': 'Ms', 'first': 'Abigail', 'last': 'Kumar'}, 'location': {'street': {'number': 1282, 'name': 'Bealey Avenue'}, 'city': 'Invercargill', 'state': 'Bay ...</msg>
<var>${json_data}</var>
<arg>${response.json()}</arg>
<doc>Returns the given values which can then be assigned to a variables.</doc>
<status status="PASS" start="2024-03-21T13:22:26.652450" elapsed="0.000524"/>
</kw>
<kw name="Log" owner="BuiltIn">
<msg time="2024-03-21T13:22:26.653448" level="INFO">{'results': [{'gender': 'female', 'name': {'title': 'Ms', 'first': 'Abigail', 'last': 'Kumar'}, 'location': {'street': {'number': 1282, 'name': 'Bealey Avenue'}, 'city': 'Invercargill', 'state': 'Bay of Plenty', 'country': 'New Zealand', 'postcode': 30700, 'coordinates': {'latitude': '51.7390', 'longitude': '119.8335'}, 'timezone': {'offset': '+8:00', 'description': 'Beijing, Perth, Singapore, Hong Kong'}}, 'email': 'abigail.kumar@example.com', 'login': {'uuid': '06ed2151-3fd6-446a-9194-a2a64261f958', 'username': 'crazymouse221', 'password': 'marian', 'salt': '7ZxsxN1f', 'md5': '070d7df1ffc650d6434c49de096f15fb', 'sha1': 'c171296d22149c683068a06b8b446c4a0b11188e', 'sha256': 'f2c18bd2351f6758ee2b80fe608ae2f6ecee7757cbd9e9e5d2bf0ba25d08190e'}, 'dob': {'date': '1981-02-25T18:14:42.840Z', 'age': 43}, 'registered': {'date': '2010-04-02T04:59:30.547Z', 'age': 13}, 'phone': '(141)-963-5624', 'cell': '(079)-775-6723', 'id': {'name': '', 'value': None}, 'picture': {'large': 'https://randomuser.me/api/portraits/women/29.jpg', 'medium': 'https://randomuser.me/api/portraits/med/women/29.jpg', 'thumbnail': 'https://randomuser.me/api/portraits/thumb/women/29.jpg'}, 'nat': 'NZ'}], 'info': {'seed': 'fbe99477aab849aa', 'results': 1, 'page': 1, 'version': '1.4'}}</msg>
<arg>${json_data}</arg>
<doc>Logs the given message with the given level.</doc>
<status status="PASS" start="2024-03-21T13:22:26.653280" elapsed="0.000214"/>
</kw>
<kw name="Dictionary Should Contain Key" owner="Collections">
<msg time="2024-03-21T13:22:26.653993" level="INFO">False</msg>
<arg>${json_data}</arg>
<arg>results</arg>
<doc>Fails if ``key`` is not found from ``dictionary``.</doc>
<status status="PASS" start="2024-03-21T13:22:26.653828" elapsed="0.000203"/>
</kw>
<kw name="Should Not Be Empty" owner="BuiltIn">
<msg time="2024-03-21T13:22:26.654453" level="INFO">Length is 2.</msg>
<arg>${json_data}</arg>
<doc>Verifies that the given item is not empty.</doc>
<status status="PASS" start="2024-03-21T13:22:26.654322" elapsed="0.000169"/>
</kw>
<kw name="Create List" owner="BuiltIn">
<msg time="2024-03-21T13:22:26.654927" level="INFO">${expected_keys} = ['gender', 'name', 'location', 'email', 'login']</msg>
<var>${expected_keys}</var>
<arg>gender</arg>
<arg>name</arg>
<arg>location</arg>
<arg>email</arg>
<arg>login</arg>
<doc>Returns a list containing given items.</doc>
<status status="PASS" start="2024-03-21T13:22:26.654780" elapsed="0.000170"/>
</kw>
<for flavor="IN">
<iter>
<kw name="Dictionary Should Contain Key" owner="Collections">
<msg time="2024-03-21T13:22:26.655932" level="INFO">False</msg>
<arg>${json_data['results'][0]}</arg>
<arg>${key}</arg>
<doc>Fails if ``key`` is not found from ``dictionary``.</doc>
<status status="PASS" start="2024-03-21T13:22:26.655536" elapsed="0.000435"/>
</kw>
<kw name="Log" owner="BuiltIn">
<msg time="2024-03-21T13:22:26.656644" level="INFO">{'gender': 'female', 'name': {'title': 'Ms', 'first': 'Abigail', 'last': 'Kumar'}, 'location': {'street': {'number': 1282, 'name': 'Bealey Avenue'}, 'city': 'Invercargill', 'state': 'Bay of Plenty', 'country': 'New Zealand', 'postcode': 30700, 'coordinates': {'latitude': '51.7390', 'longitude': '119.8335'}, 'timezone': {'offset': '+8:00', 'description': 'Beijing, Perth, Singapore, Hong Kong'}}, 'email': 'abigail.kumar@example.com', 'login': {'uuid': '06ed2151-3fd6-446a-9194-a2a64261f958', 'username': 'crazymouse221', 'password': 'marian', 'salt': '7ZxsxN1f', 'md5': '070d7df1ffc650d6434c49de096f15fb', 'sha1': 'c171296d22149c683068a06b8b446c4a0b11188e', 'sha256': 'f2c18bd2351f6758ee2b80fe608ae2f6ecee7757cbd9e9e5d2bf0ba25d08190e'}, 'dob': {'date': '1981-02-25T18:14:42.840Z', 'age': 43}, 'registered': {'date': '2010-04-02T04:59:30.547Z', 'age': 13}, 'phone': '(141)-963-5624', 'cell': '(079)-775-6723', 'id': {'name': '', 'value': None}, 'picture': {'large': 'https://randomuser.me/api/portraits/women/29.jpg', 'medium': 'https://randomuser.me/api/portraits/med/women/29.jpg', 'thumbnail': 'https://randomuser.me/api/portraits/thumb/women/29.jpg'}, 'nat': 'NZ'}</msg>
<arg>${json_data['results'][0]}</arg>
<doc>Logs the given message with the given level.</doc>
<status status="PASS" start="2024-03-21T13:22:26.656273" elapsed="0.000419"/>
</kw>
<kw name="Log" owner="BuiltIn">
<msg time="2024-03-21T13:22:26.657117" level="INFO">gender</msg>
<arg>${key}</arg>
<doc>Logs the given message with the given level.</doc>
<status status="PASS" start="2024-03-21T13:22:26.656988" elapsed="0.000173"/>
</kw>
<var name="${key}">gender</var>
<status status="PASS" start="2024-03-21T13:22:26.655411" elapsed="0.001988"/>
</iter>
<iter>
<kw name="Dictionary Should Contain Key" owner="Collections">
<msg time="2024-03-21T13:22:26.658124" level="INFO">False</msg>
<arg>${json_data['results'][0]}</arg>
<arg>${key}</arg>
<doc>Fails if ``key`` is not found from ``dictionary``.</doc>
<status status="PASS" start="2024-03-21T13:22:26.657721" elapsed="0.000440"/>
</kw>
<kw name="Log" owner="BuiltIn">
<msg time="2024-03-21T13:22:26.658846" level="INFO">{'gender': 'female', 'name': {'title': 'Ms', 'first': 'Abigail', 'last': 'Kumar'}, 'location': {'street': {'number': 1282, 'name': 'Bealey Avenue'}, 'city': 'Invercargill', 'state': 'Bay of Plenty', 'country': 'New Zealand', 'postcode': 30700, 'coordinates': {'latitude': '51.7390', 'longitude': '119.8335'}, 'timezone': {'offset': '+8:00', 'description': 'Beijing, Perth, Singapore, Hong Kong'}}, 'email': 'abigail.kumar@example.com', 'login': {'uuid': '06ed2151-3fd6-446a-9194-a2a64261f958', 'username': 'crazymouse221', 'password': 'marian', 'salt': '7ZxsxN1f', 'md5': '070d7df1ffc650d6434c49de096f15fb', 'sha1': 'c171296d22149c683068a06b8b446c4a0b11188e', 'sha256': 'f2c18bd2351f6758ee2b80fe608ae2f6ecee7757cbd9e9e5d2bf0ba25d08190e'}, 'dob': {'date': '1981-02-25T18:14:42.840Z', 'age': 43}, 'registered': {'date': '2010-04-02T04:59:30.547Z', 'age': 13}, 'phone': '(141)-963-5624', 'cell': '(079)-775-6723', 'id': {'name': '', 'value': None}, 'picture': {'large': 'https://randomuser.me/api/portraits/women/29.jpg', 'medium': 'https://randomuser.me/api/portraits/med/women/29.jpg', 'thumbnail': 'https://randomuser.me/api/portraits/thumb/women/29.jpg'}, 'nat': 'NZ'}</msg>
<arg>${json_data['results'][0]}</arg>
<doc>Logs the given message with the given level.</doc>
<status status="PASS" start="2024-03-21T13:22:26.658488" elapsed="0.000406"/>
</kw>
<kw name="Log" owner="BuiltIn">
<msg time="2024-03-21T13:22:26.659324" level="INFO">name</msg>
<arg>${key}</arg>
<doc>Logs the given message with the given level.</doc>
<status status="PASS" start="2024-03-21T13:22:26.659192" elapsed="0.000171"/>
</kw>
<var name="${key}">name</var>
<status status="PASS" start="2024-03-21T13:22:26.657584" elapsed="0.002001"/>
</iter>
<iter>
<kw name="Dictionary Should Contain Key" owner="Collections">
<msg time="2024-03-21T13:22:26.660252" level="INFO">False</msg>
<arg>${json_data['results'][0]}</arg>
<arg>${key}</arg>
<doc>Fails if ``key`` is not found from ``dictionary``.</doc>
<status status="PASS" start="2024-03-21T13:22:26.659874" elapsed="0.000416"/>
</kw>
<kw name="Log" owner="BuiltIn">
<msg time="2024-03-21T13:22:26.660945" level="INFO">{'gender': 'female', 'name': {'title': 'Ms', 'first': 'Abigail', 'last': 'Kumar'}, 'location': {'street': {'number': 1282, 'name': 'Bealey Avenue'}, 'city': 'Invercargill', 'state': 'Bay of Plenty', 'country': 'New Zealand', 'postcode': 30700, 'coordinates': {'latitude': '51.7390', 'longitude': '119.8335'}, 'timezone': {'offset': '+8:00', 'description': 'Beijing, Perth, Singapore, Hong Kong'}}, 'email': 'abigail.kumar@example.com', 'login': {'uuid': '06ed2151-3fd6-446a-9194-a2a64261f958', 'username': 'crazymouse221', 'password': 'marian', 'salt': '7ZxsxN1f', 'md5': '070d7df1ffc650d6434c49de096f15fb', 'sha1': 'c171296d22149c683068a06b8b446c4a0b11188e', 'sha256': 'f2c18bd2351f6758ee2b80fe608ae2f6ecee7757cbd9e9e5d2bf0ba25d08190e'}, 'dob': {'date': '1981-02-25T18:14:42.840Z', 'age': 43}, 'registered': {'date': '2010-04-02T04:59:30.547Z', 'age': 13}, 'phone': '(141)-963-5624', 'cell': '(079)-775-6723', 'id': {'name': '', 'value': None}, 'picture': {'large': 'https://randomuser.me/api/portraits/women/29.jpg', 'medium': 'https://randomuser.me/api/portraits/med/women/29.jpg', 'thumbnail': 'https://randomuser.me/api/portraits/thumb/women/29.jpg'}, 'nat': 'NZ'}</msg>
<arg>${json_data['results'][0]}</arg>
<doc>Logs the given message with the given level.</doc>
<status status="PASS" start="2024-03-21T13:22:26.660584" elapsed="0.000409"/>
</kw>
<kw name="Log" owner="BuiltIn">
<msg time="2024-03-21T13:22:26.661425" level="INFO">location</msg>
<arg>${key}</arg>
<doc>Logs the given message with the given level.</doc>
<status status="PASS" start="2024-03-21T13:22:26.661296" elapsed="0.000167"/>
</kw>
<var name="${key}">location</var>
<status status="PASS" start="2024-03-21T13:22:26.659765" elapsed="0.001919"/>
</iter>
<iter>
<kw name="Dictionary Should Contain Key" owner="Collections">
<msg time="2024-03-21T13:22:26.662381" level="INFO">False</msg>
<arg>${json_data['results'][0]}</arg>
<arg>${key}</arg>
<doc>Fails if ``key`` is not found from ``dictionary``.</doc>
<status status="PASS" start="2024-03-21T13:22:26.661997" elapsed="0.000422"/>
</kw>
<kw name="Log" owner="BuiltIn">
<msg time="2024-03-21T13:22:26.663073" level="INFO">{'gender': 'female', 'name': {'title': 'Ms', 'first': 'Abigail', 'last': 'Kumar'}, 'location': {'street': {'number': 1282, 'name': 'Bealey Avenue'}, 'city': 'Invercargill', 'state': 'Bay of Plenty', 'country': 'New Zealand', 'postcode': 30700, 'coordinates': {'latitude': '51.7390', 'longitude': '119.8335'}, 'timezone': {'offset': '+8:00', 'description': 'Beijing, Perth, Singapore, Hong Kong'}}, 'email': 'abigail.kumar@example.com', 'login': {'uuid': '06ed2151-3fd6-446a-9194-a2a64261f958', 'username': 'crazymouse221', 'password': 'marian', 'salt': '7ZxsxN1f', 'md5': '070d7df1ffc650d6434c49de096f15fb', 'sha1': 'c171296d22149c683068a06b8b446c4a0b11188e', 'sha256': 'f2c18bd2351f6758ee2b80fe608ae2f6ecee7757cbd9e9e5d2bf0ba25d08190e'}, 'dob': {'date': '1981-02-25T18:14:42.840Z', 'age': 43}, 'registered': {'date': '2010-04-02T04:59:30.547Z', 'age': 13}, 'phone': '(141)-963-5624', 'cell': '(079)-775-6723', 'id': {'name': '', 'value': None}, 'picture': {'large': 'https://randomuser.me/api/portraits/women/29.jpg', 'medium': 'https://randomuser.me/api/portraits/med/women/29.jpg', 'thumbnail': 'https://randomuser.me/api/portraits/thumb/women/29.jpg'}, 'nat': 'NZ'}</msg>
<arg>${json_data['results'][0]}</arg>
<doc>Logs the given message with the given level.</doc>
<status status="PASS" start="2024-03-21T13:22:26.662716" elapsed="0.000404"/>
</kw>
<kw name="Log" owner="BuiltIn">
<msg time="2024-03-21T13:22:26.663541" level="INFO">email</msg>
<arg>${key}</arg>
<doc>Logs the given message with the given level.</doc>
<status status="PASS" start="2024-03-21T13:22:26.663413" elapsed="0.000166"/>
</kw>
<var name="${key}">email</var>
<status status="PASS" start="2024-03-21T13:22:26.661887" elapsed="0.001903"/>
</iter>
<iter>
<kw name="Dictionary Should Contain Key" owner="Collections">
<msg time="2024-03-21T13:22:26.664460" level="INFO">False</msg>
<arg>${json_data['results'][0]}</arg>
<arg>${key}</arg>
<doc>Fails if ``key`` is not found from ``dictionary``.</doc>
<status status="PASS" start="2024-03-21T13:22:26.664070" elapsed="0.000428"/>
</kw>
<kw name="Log" owner="BuiltIn">
<msg time="2024-03-21T13:22:26.665147" level="INFO">{'gender': 'female', 'name': {'title': 'Ms', 'first': 'Abigail', 'last': 'Kumar'}, 'location': {'street': {'number': 1282, 'name': 'Bealey Avenue'}, 'city': 'Invercargill', 'state': 'Bay of Plenty', 'country': 'New Zealand', 'postcode': 30700, 'coordinates': {'latitude': '51.7390', 'longitude': '119.8335'}, 'timezone': {'offset': '+8:00', 'description': 'Beijing, Perth, Singapore, Hong Kong'}}, 'email': 'abigail.kumar@example.com', 'login': {'uuid': '06ed2151-3fd6-446a-9194-a2a64261f958', 'username': 'crazymouse221', 'password': 'marian', 'salt': '7ZxsxN1f', 'md5': '070d7df1ffc650d6434c49de096f15fb', 'sha1': 'c171296d22149c683068a06b8b446c4a0b11188e', 'sha256': 'f2c18bd2351f6758ee2b80fe608ae2f6ecee7757cbd9e9e5d2bf0ba25d08190e'}, 'dob': {'date': '1981-02-25T18:14:42.840Z', 'age': 43}, 'registered': {'date': '2010-04-02T04:59:30.547Z', 'age': 13}, 'phone': '(141)-963-5624', 'cell': '(079)-775-6723', 'id': {'name': '', 'value': None}, 'picture': {'large': 'https://randomuser.me/api/portraits/women/29.jpg', 'medium': 'https://randomuser.me/api/portraits/med/women/29.jpg', 'thumbnail': 'https://randomuser.me/api/portraits/thumb/women/29.jpg'}, 'nat': 'NZ'}</msg>
<arg>${json_data['results'][0]}</arg>
<doc>Logs the given message with the given level.</doc>
<status status="PASS" start="2024-03-21T13:22:26.664788" elapsed="0.000405"/>
</kw>
<kw name="Log" owner="BuiltIn">
<msg time="2024-03-21T13:22:26.665624" level="INFO">login</msg>
<arg>${key}</arg>
<doc>Logs the given message with the given level.</doc>
<status status="PASS" start="2024-03-21T13:22:26.665486" elapsed="0.000176"/>
</kw>
<var name="${key}">login</var>
<status status="PASS" start="2024-03-21T13:22:26.663962" elapsed="0.001979"/>
</iter>
<var>${key}</var>
<value>@{expected_keys}</value>
<status status="PASS" start="2024-03-21T13:22:26.655204" elapsed="0.010862"/>
</for>
<kw name="Create List" owner="BuiltIn">
<msg time="2024-03-21T13:22:26.666398" level="INFO">${expected_keysTwo} = ['username', 'password']</msg>
<var>${expected_keysTwo}</var>
<arg>username</arg>
<arg>password</arg>
<doc>Returns a list containing given items.</doc>
<status status="PASS" start="2024-03-21T13:22:26.666255" elapsed="0.000168"/>
</kw>
<for flavor="IN">
<iter>
<kw name="Dictionary Should Contain Key" owner="Collections">
<msg time="2024-03-21T13:22:26.667408" level="INFO">False</msg>
<arg>${json_data['results'][0]['login']}</arg>
<arg>${keyTwo}</arg>
<doc>Fails if ``key`` is not found from ``dictionary``.</doc>
<status status="PASS" start="2024-03-21T13:22:26.666921" elapsed="0.000525"/>
</kw>
<kw name="Dictionary Should Contain Key" owner="Collections">
<msg time="2024-03-21T13:22:26.668124" level="INFO">False</msg>
<arg>${json_data['results'][0]['login']}</arg>
<arg>${keyTwo}</arg>
<doc>Fails if ``key`` is not found from ``dictionary``.</doc>
<status status="PASS" start="2024-03-21T13:22:26.667745" elapsed="0.000417"/>
</kw>
<kw name="Log" owner="BuiltIn">
<msg time="2024-03-21T13:22:26.668583" level="INFO">username</msg>
<arg>${keyTwo}</arg>
<doc>Logs the given message with the given level.</doc>
<status status="PASS" start="2024-03-21T13:22:26.668454" elapsed="0.000165"/>
</kw>
<var name="${keyTwo}">username</var>
<status status="PASS" start="2024-03-21T13:22:26.666812" elapsed="0.002024"/>
</iter>
<iter>
<kw name="Dictionary Should Contain Key" owner="Collections">
<msg time="2024-03-21T13:22:26.669500" level="INFO">False</msg>
<arg>${json_data['results'][0]['login']}</arg>
<arg>${keyTwo}</arg>
<doc>Fails if ``key`` is not found from ``dictionary``.</doc>
<status status="PASS" start="2024-03-21T13:22:26.669115" elapsed="0.000431"/>
</kw>
<kw name="Dictionary Should Contain Key" owner="Collections">
<msg time="2024-03-21T13:22:26.670246" level="INFO">False</msg>
<arg>${json_data['results'][0]['login']}</arg>
<arg>${keyTwo}</arg>
<doc>Fails if ``key`` is not found from ``dictionary``.</doc>
<status status="PASS" start="2024-03-21T13:22:26.669870" elapsed="0.000414"/>
</kw>
<kw name="Log" owner="BuiltIn">
<msg time="2024-03-21T13:22:26.670703" level="INFO">password</msg>
<arg>${keyTwo}</arg>
<doc>Logs the given message with the given level.</doc>
<status status="PASS" start="2024-03-21T13:22:26.670575" elapsed="0.000166"/>
</kw>
<var name="${keyTwo}">password</var>
<status status="PASS" start="2024-03-21T13:22:26.669007" elapsed="0.001952"/>
</iter>
<var>${keyTwo}</var>
<value>@{expected_keysTwo}</value>
<status status="PASS" start="2024-03-21T13:22:26.666662" elapsed="0.004427"/>
</for>
<status status="PASS" start="2024-03-21T13:22:26.573842" elapsed="0.097388"/>
</kw>
<doc>Testa a estrutura da resposta da API.</doc>
<tag>testeEstruturaResposta</tag>
<status status="PASS" start="2024-03-21T13:22:26.573291" elapsed="0.098101"/>
</test>
<test id="s1-s1-t4" name="Validar tipos de dados" line="28">
<kw name="Teste de Tipos de Dados" owner="random-user-service">
<kw name="GET On Session" owner="RequestsLibrary">
<msg time="2024-03-21T13:22:26.764140" level="INFO">GET Request : url=https://randomuser.me/api 
 path_url=/api 
 headers={'User-Agent': 'python-requests/2.31.0', 'Accept-Encoding': 'gzip, deflate', 'Accept': '*/*', 'Connection': 'keep-alive'} 
 body=None 
 </msg>
<msg time="2024-03-21T13:22:26.764232" level="INFO">GET Response : url=https://randomuser.me/api 
 status=200, reason=OK 
 headers={'Date': 'Thu, 21 Mar 2024 13:22:26 GMT', 'Content-Type': 'application/json; charset=utf-8', 'Transfer-Encoding': 'chunked', 'Connection': 'keep-alive', 'X-Powered-By': 'Express', 'Access-Control-Allow-Origin': '*', 'Cache-Control': 'no-cache', 'ETag': 'W/"47e-FIEjKrR5JzgnwedSDeLxc0PFk2I"', 'Vary': 'Accept-Encoding', 'Content-Encoding': 'gzip', 'CF-Cache-Status': 'DYNAMIC', 'Report-To': '{"endpoints":[{"url":"https:\\/\\/a.nel.cloudflare.com\\/report\\/v4?s=IfI9TVdH4cV2vfqT%2F0oLcPDGpbdLhegg5nWe9uZktLzrWNSHe60XUlM0EIg4BElq%2BG5uplUpc9P52%2FqRtP8gQn3PHr0gJ832BMGNKE6bInHhCqMGfU4y7Vdwtf%2F%2BBbHp"}],"group":"cf-nel","max_age":604800}', 'NEL': '{"success_fraction":0,"report_to":"cf-nel","max_age":604800}', 'Server': 'cloudflare', 'CF-RAY': '867e4034b9e49c25-IAD', 'alt-svc': 'h3=":443"; ma=86400'} 
 body={"results":[{"gender":"male","name":{"title":"Mr","first":"Adem","last":"Fahri"},"location":{"street":{"number":2410,"name":"Kushimoto Sk"},"city":"Diyarbakır","state":"Sivas","country":"Turkey","postcode":24362,"coordinates":{"latitude":"70.0727","longitude":"-67.2418"},"timezone":{"offset":"+10:00","description":"Eastern Australia, Guam, Vladivostok"}},"email":"adem.fahri@example.com","login":{"uuid":"16f334b2-3f40-447d-8677-08d9d6c9ae16","username":"lazyladybug120","password":"hector","salt":"o7sbsDZI","md5":"cf5b56bc3dd72f2c492c44d3f2c48a31","sha1":"c53991477883136e9730fbc9cacb01790af57e25","sha256":"a34e6e287abb5367b2ca2dd6065ffb5e5b40b788673348f84fff5c8f00bbb829"},"dob":{"date":"1973-02-21T09:18:03.675Z","age":51},"registered":{"date":"2018-11-14T05:04:29.951Z","age":5},"phone":"(837)-668-0312","cell":"(604)-562-7659","id":{"name":"","value":null},"picture":{"large":"https://randomuser.me/api/portraits/men/57.jpg","medium":"https://randomuser.me/api/portraits/med/men/57.jpg","thumbnail":"https://randomuser.me/api/portraits/thumb/men/57.jpg"},"nat":"TR"}],"info":{"seed":"17d176d39c5b3e6a","results":1,"page":1,"version":"1.4"}} 
 </msg>
<msg time="2024-03-21T13:22:26.764310" level="INFO">/opt/hostedtoolcache/Python/3.12.2/x64/lib/python3.12/site-packages/urllib3/connectionpool.py:1103: InsecureRequestWarning: Unverified HTTPS request is being made to host 'randomuser.me'. Adding certificate verification is strongly advised. See: https://urllib3.readthedocs.io/en/latest/advanced-usage.html#tls-warnings
  warnings.warn(</msg>
<msg time="2024-03-21T13:22:26.764449" level="INFO">${response} = &lt;Response [200]&gt;</msg>
<var>${response}</var>
<arg>consultarAPI</arg>
<arg>/api</arg>
<doc>Sends a GET request on a previously created HTTP Session.</doc>
<status status="PASS" start="2024-03-21T13:22:26.673922" elapsed="0.090581"/>
</kw>
<kw name="Set Variable" owner="BuiltIn">
<msg time="2024-03-21T13:22:26.765497" level="INFO">${json_data} = {'results': [{'gender': 'male', 'name': {'title': 'Mr', 'first': 'Adem', 'last': 'Fahri'}, 'location': {'street': {'number': 2410, 'name': 'Kushimoto Sk'}, 'city': 'Diyarbakır', 'state': 'Sivas', 'cou...</msg>
<var>${json_data}</var>
<arg>${response.json()}</arg>
<doc>Returns the given values which can then be assigned to a variables.</doc>
<status status="PASS" start="2024-03-21T13:22:26.765017" elapsed="0.000511"/>
</kw>
<kw name="Log" owner="BuiltIn">
<msg time="2024-03-21T13:22:26.766052" level="INFO">{'results': [{'gender': 'male', 'name': {'title': 'Mr', 'first': 'Adem', 'last': 'Fahri'}, 'location': {'street': {'number': 2410, 'name': 'Kushimoto Sk'}, 'city': 'Diyarbakır', 'state': 'Sivas', 'country': 'Turkey', 'postcode': 24362, 'coordinates': {'latitude': '70.0727', 'longitude': '-67.2418'}, 'timezone': {'offset': '+10:00', 'description': 'Eastern Australia, Guam, Vladivostok'}}, 'email': 'adem.fahri@example.com', 'login': {'uuid': '16f334b2-3f40-447d-8677-08d9d6c9ae16', 'username': 'lazyladybug120', 'password': 'hector', 'salt': 'o7sbsDZI', 'md5': 'cf5b56bc3dd72f2c492c44d3f2c48a31', 'sha1': 'c53991477883136e9730fbc9cacb01790af57e25', 'sha256': 'a34e6e287abb5367b2ca2dd6065ffb5e5b40b788673348f84fff5c8f00bbb829'}, 'dob': {'date': '1973-02-21T09:18:03.675Z', 'age': 51}, 'registered': {'date': '2018-11-14T05:04:29.951Z', 'age': 5}, 'phone': '(837)-668-0312', 'cell': '(604)-562-7659', 'id': {'name': '', 'value': None}, 'picture': {'large': 'https://randomuser.me/api/portraits/men/57.jpg', 'medium': 'https://randomuser.me/api/portraits/med/men/57.jpg', 'thumbnail': 'https://randomuser.me/api/portraits/thumb/men/57.jpg'}, 'nat': 'TR'}], 'info': {'seed': '17d176d39c5b3e6a', 'results': 1, 'page': 1, 'version': '1.4'}}</msg>
<arg>${json_data}</arg>
<doc>Logs the given message with the given level.</doc>
<status status="PASS" start="2024-03-21T13:22:26.765890" elapsed="0.000247"/>
</kw>
<kw name="Should Be String" owner="String">
<arg>${json_data['results'][0]['gender']}</arg>
<doc>Fails if the given ``item`` is not a string.</doc>
<status status="PASS" start="2024-03-21T13:22:26.766437" elapsed="0.000402"/>
</kw>
<kw name="Should Match Regexp" owner="BuiltIn">
<arg>${json_data['results'][0]['email']}</arg>
<arg>^[a-zA-Z0-9._%+-]+@[a-zA-Z0-9.-]+\.[a-zA-Z]{2,}$</arg>
<doc>Fails if ``string`` does not match ``pattern`` as a regular expression.</doc>
<status status="PASS" start="2024-03-21T13:22:26.767039" elapsed="0.000518"/>
</kw>
<kw name="Should Match Regexp" owner="BuiltIn">
<arg>${json_data['results'][0]['dob']['date']}</arg>
<arg>\\d{4}-\\d{2}-\\d{2}T\\d{2}:\\d{2}:\\d{2}\\.\\d{3}Z</arg>
<doc>Fails if ``string`` does not match ``pattern`` as a regular expression.</doc>
<status status="PASS" start="2024-03-21T13:22:26.767754" elapsed="0.000487"/>
</kw>
<kw name="Should Match Regexp" owner="BuiltIn">
<arg>${json_data['results'][0]['registered']['date']}</arg>
<arg>\\d{4}-\\d{2}-\\d{2}T\\d{2}:\\d{2}:\\d{2}\\.\\d{3}Z</arg>
<doc>Fails if ``string`` does not match ``pattern`` as a regular expression.</doc>
<status status="PASS" start="2024-03-21T13:22:26.768435" elapsed="0.000393"/>
</kw>
<kw name="Should Match Regexp" owner="BuiltIn">
<arg>${json_data['results'][0]['picture']['large']}</arg>
<arg>^https?://.*\.(?:png|jpe?g|gif|bmp)$</arg>
<doc>Fails if ``string`` does not match ``pattern`` as a regular expression.</doc>
<status status="PASS" start="2024-03-21T13:22:26.769018" elapsed="0.000473"/>
</kw>
<kw name="Should Match Regexp" owner="BuiltIn">
<arg>${json_data['results'][0]['picture']['medium']}</arg>
<arg>^https?://.*\.(?:png|jpe?g|gif|bmp)$</arg>
<doc>Fails if ``string`` does not match ``pattern`` as a regular expression.</doc>
<status status="PASS" start="2024-03-21T13:22:26.769687" elapsed="0.000382"/>
</kw>
<kw name="Should Match Regexp" owner="BuiltIn">
<arg>${json_data['results'][0]['picture']['thumbnail']}</arg>
<arg>^https?://.*\.(?:png|jpe?g|gif|bmp)$</arg>
<doc>Fails if ``string`` does not match ``pattern`` as a regular expression.</doc>
<status status="PASS" start="2024-03-21T13:22:26.770254" elapsed="0.000357"/>
</kw>
<kw name="Log" owner="BuiltIn">
<msg time="2024-03-21T13:22:26.771125" level="INFO">{'large': 'https://randomuser.me/api/portraits/men/57.jpg', 'medium': 'https://randomuser.me/api/portraits/med/men/57.jpg', 'thumbnail': 'https://randomuser.me/api/portraits/thumb/men/57.jpg'}</msg>
<arg>${json_data['results'][0]['picture']}</arg>
<doc>Logs the given message with the given level.</doc>
<status status="PASS" start="2024-03-21T13:22:26.770792" elapsed="0.000376"/>
</kw>
<status status="PASS" start="2024-03-21T13:22:26.673658" elapsed="0.097767"/>
</kw>
<kw name="Teste de Tipos de Dados - Postcode" owner="random-user-service">
<kw name="GET On Session" owner="RequestsLibrary">
<msg time="2024-03-21T13:22:26.869493" level="INFO">GET Request : url=https://randomuser.me/api 
 path_url=/api 
 headers={'User-Agent': 'python-requests/2.31.0', 'Accept-Encoding': 'gzip, deflate', 'Accept': '*/*', 'Connection': 'keep-alive'} 
 body=None 
 </msg>
<msg time="2024-03-21T13:22:26.869579" level="INFO">GET Response : url=https://randomuser.me/api 
 status=200, reason=OK 
 headers={'Date': 'Thu, 21 Mar 2024 13:22:26 GMT', 'Content-Type': 'application/json; charset=utf-8', 'Transfer-Encoding': 'chunked', 'Connection': 'keep-alive', 'X-Powered-By': 'Express', 'Access-Control-Allow-Origin': '*', 'Cache-Control': 'no-cache', 'ETag': 'W/"473-7Wkm2TirUxeJy519DFvVEVVIMqU"', 'Vary': 'Accept-Encoding', 'Content-Encoding': 'gzip', 'CF-Cache-Status': 'DYNAMIC', 'Report-To': '{"endpoints":[{"url":"https:\\/\\/a.nel.cloudflare.com\\/report\\/v4?s=oxprqOZVpG5b9rmb7ZAd1JtaY6vc3p%2FBD7rJXIJpwzvcq%2F30URxol1p3cyQ8Dx9ch7OyfBMyRE9SdaF%2FNvh2xU%2BKjCNcMpQCLrM51mNrIrducP6d18oBCbfcJkB9uybi"}],"group":"cf-nel","max_age":604800}', 'NEL': '{"success_fraction":0,"report_to":"cf-nel","max_age":604800}', 'Server': 'cloudflare', 'CF-RAY': '867e40355a819c25-IAD', 'alt-svc': 'h3=":443"; ma=86400'} 
 body={"results":[{"gender":"male","name":{"title":"Mr","first":"Sander","last":"Jensen"},"location":{"street":{"number":4010,"name":"Klitrosevej"},"city":"Nr Åby","state":"Hovedstaden","country":"Denmark","postcode":43684,"coordinates":{"latitude":"-41.8289","longitude":"-102.5450"},"timezone":{"offset":"+9:30","description":"Adelaide, Darwin"}},"email":"sander.jensen@example.com","login":{"uuid":"c3e66855-3cc5-4304-8c7b-1572da28b958","username":"lazypanda189","password":"scooter","salt":"nXWwnapF","md5":"5e68e0ecdf6c6ea88e618b3f56ff7d32","sha1":"5d2111ca5e941e75ba811e68631c1c01d0b19333","sha256":"98a540f74a04d5a7a93930ed83e3df2004ee36406a05a9eccee8d09e5d9950f2"},"dob":{"date":"1964-04-13T03:12:17.426Z","age":59},"registered":{"date":"2011-06-24T10:02:26.355Z","age":12},"phone":"86157635","cell":"70359464","id":{"name":"CPR","value":"120464-6031"},"picture":{"large":"https://randomuser.me/api/portraits/men/17.jpg","medium":"https://randomuser.me/api/portraits/med/men/17.jpg","thumbnail":"https://randomuser.me/api/portraits/thumb/men/17.jpg"},"nat":"DK"}],"info":{"seed":"f9011e1e71f57eee","results":1,"page":1,"version":"1.4"}} 
 </msg>
<msg time="2024-03-21T13:22:26.869678" level="INFO">/opt/hostedtoolcache/Python/3.12.2/x64/lib/python3.12/site-packages/urllib3/connectionpool.py:1103: InsecureRequestWarning: Unverified HTTPS request is being made to host 'randomuser.me'. Adding certificate verification is strongly advised. See: https://urllib3.readthedocs.io/en/latest/advanced-usage.html#tls-warnings
  warnings.warn(</msg>
<msg time="2024-03-21T13:22:26.869836" level="INFO">${response} = &lt;Response [200]&gt;</msg>
<var>${response}</var>
<arg>consultarAPI</arg>
<arg>/api</arg>
<doc>Sends a GET request on a previously created HTTP Session.</doc>
<status status="PASS" start="2024-03-21T13:22:26.771871" elapsed="0.098020"/>
</kw>
<kw name="Set Variable" owner="BuiltIn">
<msg time="2024-03-21T13:22:26.871029" level="INFO">${json_data} = {'results': [{'gender': 'male', 'name': {'title': 'Mr', 'first': 'Sander', 'last': 'Jensen'}, 'location': {'street': {'number': 4010, 'name': 'Klitrosevej'}, 'city': 'Nr Åby', 'state': 'Hovedstaden', ...</msg>
<var>${json_data}</var>
<arg>${response.json()}</arg>
<doc>Returns the given values which can then be assigned to a variables.</doc>
<status status="PASS" start="2024-03-21T13:22:26.870429" elapsed="0.000629"/>
</kw>
<kw name="Log" owner="BuiltIn">
<msg time="2024-03-21T13:22:26.871517" level="INFO">{'results': [{'gender': 'male', 'name': {'title': 'Mr', 'first': 'Sander', 'last': 'Jensen'}, 'location': {'street': {'number': 4010, 'name': 'Klitrosevej'}, 'city': 'Nr Åby', 'state': 'Hovedstaden', 'country': 'Denmark', 'postcode': 43684, 'coordinates': {'latitude': '-41.8289', 'longitude': '-102.5450'}, 'timezone': {'offset': '+9:30', 'description': 'Adelaide, Darwin'}}, 'email': 'sander.jensen@example.com', 'login': {'uuid': 'c3e66855-3cc5-4304-8c7b-1572da28b958', 'username': 'lazypanda189', 'password': 'scooter', 'salt': 'nXWwnapF', 'md5': '5e68e0ecdf6c6ea88e618b3f56ff7d32', 'sha1': '5d2111ca5e941e75ba811e68631c1c01d0b19333', 'sha256': '98a540f74a04d5a7a93930ed83e3df2004ee36406a05a9eccee8d09e5d9950f2'}, 'dob': {'date': '1964-04-13T03:12:17.426Z', 'age': 59}, 'registered': {'date': '2011-06-24T10:02:26.355Z', 'age': 12}, 'phone': '86157635', 'cell': '70359464', 'id': {'name': 'CPR', 'value': '120464-6031'}, 'picture': {'large': 'https://randomuser.me/api/portraits/men/17.jpg', 'medium': 'https://randomuser.me/api/portraits/med/men/17.jpg', 'thumbnail': 'https://randomuser.me/api/portraits/thumb/men/17.jpg'}, 'nat': 'DK'}], 'info': {'seed': 'f9011e1e71f57eee', 'results': 1, 'page': 1, 'version': '1.4'}}</msg>
<arg>${json_data}</arg>
<doc>Logs the given message with the given level.</doc>
<status status="PASS" start="2024-03-21T13:22:26.871360" elapsed="0.000231"/>
</kw>
<kw name="Should Be Equal As Numbers" owner="BuiltIn">
<arg>${json_data['results'][0]['location']['postcode']}</arg>
<arg>${json_data['results'][0]['location']['postcode']}</arg>
<doc>Fails if objects are unequal after converting them to real numbers.</doc>
<status status="PASS" start="2024-03-21T13:22:26.871874" elapsed="0.000582"/>
</kw>
<kw name="Log" owner="BuiltIn">
<msg time="2024-03-21T13:22:26.872942" level="INFO">43684</msg>
<arg>${json_data['results'][0]['location']['postcode']}</arg>
<doc>Logs the given message with the given level.</doc>
<status status="PASS" start="2024-03-21T13:22:26.872630" elapsed="0.000349"/>
</kw>
<status status="PASS" start="2024-03-21T13:22:26.771642" elapsed="0.101574"/>
</kw>
<doc>Testa se os tipos de dados na resposta da API estão corretos.</doc>
<tag>testeTiposDados</tag>
<status status="PASS" start="2024-03-21T13:22:26.673184" elapsed="0.200182"/>
</test>
<test id="s1-s1-t5" name="Validar conteudo" line="35">
<kw name="Teste de Tipos de Conteudo" owner="random-user-service">
<kw name="GET On Session" owner="RequestsLibrary">
<msg time="2024-03-21T13:22:26.970544" level="INFO">GET Request : url=https://randomuser.me/api 
 path_url=/api 
 headers={'User-Agent': 'python-requests/2.31.0', 'Accept-Encoding': 'gzip, deflate', 'Accept': '*/*', 'Connection': 'keep-alive'} 
 body=None 
 </msg>
<msg time="2024-03-21T13:22:26.970624" level="INFO">GET Response : url=https://randomuser.me/api 
 status=200, reason=OK 
 headers={'Date': 'Thu, 21 Mar 2024 13:22:26 GMT', 'Content-Type': 'application/json; charset=utf-8', 'Transfer-Encoding': 'chunked', 'Connection': 'keep-alive', 'X-Powered-By': 'Express', 'Access-Control-Allow-Origin': '*', 'Cache-Control': 'no-cache', 'ETag': 'W/"469-cg0Fd8l8ufCpw5bK7I3H9+05H9g"', 'Vary': 'Accept-Encoding', 'Content-Encoding': 'gzip', 'CF-Cache-Status': 'DYNAMIC', 'Report-To': '{"endpoints":[{"url":"https:\\/\\/a.nel.cloudflare.com\\/report\\/v4?s=4s3n8mQsosoBtjpAnwoyVOGEHF2nWj0MCXvmQhIYalcIo%2FtW4sOUA1XhShUZNJukQKn%2BUM7etmxCQLpwCMfckRivAzjyeoz5l7R2hybO586Bo%2B2cCaRhusiiMyo8mSNk"}],"group":"cf-nel","max_age":604800}', 'NEL': '{"success_fraction":0,"report_to":"cf-nel","max_age":604800}', 'Server': 'cloudflare', 'CF-RAY': '867e40360b079c25-IAD', 'alt-svc': 'h3=":443"; ma=86400'} 
 body={"results":[{"gender":"male","name":{"title":"Mr","first":"Murat","last":"Erbay"},"location":{"street":{"number":5092,"name":"Şehitler Cd"},"city":"Giresun","state":"Malatya","country":"Turkey","postcode":64060,"coordinates":{"latitude":"66.8859","longitude":"-111.4706"},"timezone":{"offset":"-3:30","description":"Newfoundland"}},"email":"murat.erbay@example.com","login":{"uuid":"b5585589-e40e-4211-b312-953c92e23758","username":"beautifulcat643","password":"chuckie","salt":"5qc4ifgB","md5":"c253ad1a1885bc9187b47a9155d786e4","sha1":"452df152d5616dba9c23e7a3afb4fdb79c1bb81d","sha256":"d1307a7ba8b9151ace8b7bd60b72f050e0f316ba834a9807d7a7d005b4f6c1d2"},"dob":{"date":"1965-01-26T22:30:51.472Z","age":59},"registered":{"date":"2006-06-12T05:38:29.768Z","age":17},"phone":"(619)-124-3508","cell":"(592)-698-7815","id":{"name":"","value":null},"picture":{"large":"https://randomuser.me/api/portraits/men/76.jpg","medium":"https://randomuser.me/api/portraits/med/men/76.jpg","thumbnail":"https://randomuser.me/api/portraits/thumb/men/76.jpg"},"nat":"TR"}],"info":{"seed":"98d8a64e00b9749a","results":1,"page":1,"version":"1.4"}} 
 </msg>
<msg time="2024-03-21T13:22:26.970688" level="INFO">/opt/hostedtoolcache/Python/3.12.2/x64/lib/python3.12/site-packages/urllib3/connectionpool.py:1103: InsecureRequestWarning: Unverified HTTPS request is being made to host 'randomuser.me'. Adding certificate verification is strongly advised. See: https://urllib3.readthedocs.io/en/latest/advanced-usage.html#tls-warnings
  warnings.warn(</msg>
<msg time="2024-03-21T13:22:26.970789" level="INFO">${response} = &lt;Response [200]&gt;</msg>
<var>${response}</var>
<arg>consultarAPI</arg>
<arg>/api</arg>
<doc>Sends a GET request on a previously created HTTP Session.</doc>
<status status="PASS" start="2024-03-21T13:22:26.875763" elapsed="0.095066"/>
</kw>
<kw name="Set Variable" owner="BuiltIn">
<msg time="2024-03-21T13:22:26.971784" level="INFO">${json_data} = {'results': [{'gender': 'male', 'name': {'title': 'Mr', 'first': 'Murat', 'last': 'Erbay'}, 'location': {'street': {'number': 5092, 'name': 'Şehitler Cd'}, 'city': 'Giresun', 'state': 'Malatya', 'coun...</msg>
<var>${json_data}</var>
<arg>${response.json()}</arg>
<doc>Returns the given values which can then be assigned to a variables.</doc>
<status status="PASS" start="2024-03-21T13:22:26.971282" elapsed="0.000533"/>
</kw>
<kw name="Set Variable" owner="BuiltIn">
<msg time="2024-03-21T13:22:26.972503" level="INFO">${name_title} = Mr</msg>
<var>${name_title}</var>
<arg>${json_data["results"][0]["name"]["title"]}</arg>
<doc>Returns the given values which can then be assigned to a variables.</doc>
<status status="PASS" start="2024-03-21T13:22:26.972122" elapsed="0.000406"/>
</kw>
<kw name="Create List" owner="BuiltIn">
<msg time="2024-03-21T13:22:26.972972" level="INFO">${allowed_titles} = ['Mr', 'Ms', 'Miss', 'Mrs', 'Madame', 'Monsieur']</msg>
<var>${allowed_titles}</var>
<arg>Mr</arg>
<arg>Ms</arg>
<arg>Miss</arg>
<arg>Mrs</arg>
<arg>Madame</arg>
<arg>Monsieur</arg>
<doc>Returns a list containing given items.</doc>
<status status="PASS" start="2024-03-21T13:22:26.972824" elapsed="0.000173"/>
</kw>
<kw name="List Should Contain Value" owner="Collections">
<msg time="2024-03-21T13:22:26.973479" level="INFO">False</msg>
<arg>${allowed_titles}</arg>
<arg>${name_title}</arg>
<doc>Fails if the ``value`` is not found from ``list``.</doc>
<status status="PASS" start="2024-03-21T13:22:26.973305" elapsed="0.000210"/>
</kw>
<kw name="Set Variable" owner="BuiltIn">
<msg time="2024-03-21T13:22:26.974227" level="INFO">${name_country} = TR</msg>
<var>${name_country}</var>
<arg>${json_data["results"][0]["nat"]}</arg>
<doc>Returns the given values which can then be assigned to a variables.</doc>
<status status="PASS" start="2024-03-21T13:22:26.973837" elapsed="0.000415"/>
</kw>
<kw name="Create List" owner="BuiltIn">
<msg time="2024-03-21T13:22:26.975159" level="INFO">${list_country} = ['AD', 'AE', 'AF', 'AG', 'AI', 'AL', 'AM', 'AO', 'AQ', 'AR', 'AS', 'AT', 'AU', 'AW', 'AX', 'AZ', 'BA', 'BB', 'BD', 'BE', 'BF', 'BG', 'BH', 'BI', 'BJ', 'BL', 'BM', 'BN', 'BO', 'BQ', 'BR', 'BS', 'BT', '...</msg>
<var>${list_country}</var>
<arg>AD</arg>
<arg>AE</arg>
<arg>AF</arg>
<arg>AG</arg>
<arg>AI</arg>
<arg>AL</arg>
<arg>AM</arg>
<arg>AO</arg>
<arg>AQ</arg>
<arg>AR</arg>
<arg>AS</arg>
<arg>AT</arg>
<arg>AU</arg>
<arg>AW</arg>
<arg>AX</arg>
<arg>AZ</arg>
<arg>BA</arg>
<arg>BB</arg>
<arg>BD</arg>
<arg>BE</arg>
<arg>BF</arg>
<arg>BG</arg>
<arg>BH</arg>
<arg>BI</arg>
<arg>BJ</arg>
<arg>BL</arg>
<arg>BM</arg>
<arg>BN</arg>
<arg>BO</arg>
<arg>BQ</arg>
<arg>BR</arg>
<arg>BS</arg>
<arg>BT</arg>
<arg>BV</arg>
<arg>BW</arg>
<arg>BY</arg>
<arg>BZ</arg>
<arg>CA</arg>
<arg>CC</arg>
<arg>CD</arg>
<arg>CF</arg>
<arg>CG</arg>
<arg>CH</arg>
<arg>CI</arg>
<arg>CK</arg>
<arg>CL</arg>
<arg>CM</arg>
<arg>CN</arg>
<arg>CO</arg>
<arg>CR</arg>
<arg>CU</arg>
<arg>CV</arg>
<arg>CW</arg>
<arg>CX</arg>
<arg>CY</arg>
<arg>CZ</arg>
<arg>DE</arg>
<arg>DJ</arg>
<arg>DK</arg>
<arg>DM</arg>
<arg>DO</arg>
<arg>DZ</arg>
<arg>EC</arg>
<arg>EE</arg>
<arg>EG</arg>
<arg>EH</arg>
<arg>ER</arg>
<arg>ES</arg>
<arg>ET</arg>
<arg>FI</arg>
<arg>FJ</arg>
<arg>FK</arg>
<arg>FM</arg>
<arg>FO</arg>
<arg>FR</arg>
<arg>GA</arg>
<arg>GB</arg>
<arg>GD</arg>
<arg>GE</arg>
<arg>GF</arg>
<arg>GG</arg>
<arg>GH</arg>
<arg>GI</arg>
<arg>GL</arg>
<arg>GM</arg>
<arg>GN</arg>
<arg>GP</arg>
<arg>GQ</arg>
<arg>GR</arg>
<arg>GS</arg>
<arg>GT</arg>
<arg>GU</arg>
<arg>GW</arg>
<arg>GY</arg>
<arg>HK</arg>
<arg>HM</arg>
<arg>HN</arg>
<arg>HR</arg>
<arg>HT</arg>
<arg>HU</arg>
<arg>ID</arg>
<arg>IE</arg>
<arg>IL</arg>
<arg>IM</arg>
<arg>IN</arg>
<arg>IO</arg>
<arg>IQ</arg>
<arg>IR</arg>
<arg>IS</arg>
<arg>IT</arg>
<arg>JE</arg>
<arg>JM</arg>
<arg>JO</arg>
<arg>JP</arg>
<arg>KE</arg>
<arg>KG</arg>
<arg>KH</arg>
<arg>KI</arg>
<arg>KM</arg>
<arg>KN</arg>
<arg>KP</arg>
<arg>KR</arg>
<arg>KW</arg>
<arg>KY</arg>
<arg>KZ</arg>
<arg>LA</arg>
<arg>LB</arg>
<arg>LC</arg>
<arg>LI</arg>
<arg>LK</arg>
<arg>LR</arg>
<arg>LS</arg>
<arg>LT</arg>
<arg>LU</arg>
<arg>LV</arg>
<arg>LY</arg>
<arg>MA</arg>
<arg>MC</arg>
<arg>MD</arg>
<arg>ME</arg>
<arg>MF</arg>
<arg>MG</arg>
<arg>MH</arg>
<arg>MK</arg>
<arg>ML</arg>
<arg>MM</arg>
<arg>MN</arg>
<arg>MO</arg>
<arg>MP</arg>
<arg>MQ</arg>
<arg>MR</arg>
<arg>MS</arg>
<arg>MT</arg>
<arg>MU</arg>
<arg>MV</arg>
<arg>MW</arg>
<arg>MX</arg>
<arg>MY</arg>
<arg>MZ</arg>
<arg>NA</arg>
<arg>NC</arg>
<arg>NE</arg>
<arg>NF</arg>
<arg>NG</arg>
<arg>NI</arg>
<arg>NL</arg>
<arg>NO</arg>
<arg>NP</arg>
<arg>NR</arg>
<arg>NU</arg>
<arg>NZ</arg>
<arg>OM</arg>
<arg>PA</arg>
<arg>PE</arg>
<arg>PF</arg>
<arg>PG</arg>
<arg>PH</arg>
<arg>PK</arg>
<arg>PL</arg>
<arg>PM</arg>
<arg>PN</arg>
<arg>PR</arg>
<arg>PS</arg>
<arg>PT</arg>
<arg>PW</arg>
<arg>PY</arg>
<arg>QA</arg>
<arg>RE</arg>
<arg>RO</arg>
<arg>RS</arg>
<arg>RU</arg>
<arg>RW</arg>
<arg>SA</arg>
<arg>SB</arg>
<arg>SC</arg>
<arg>SD</arg>
<arg>SE</arg>
<arg>SG</arg>
<arg>SH</arg>
<arg>SI</arg>
<arg>SJ</arg>
<arg>SK</arg>
<arg>SL</arg>
<arg>SM</arg>
<arg>SN</arg>
<arg>SO</arg>
<arg>SR</arg>
<arg>SS</arg>
<arg>ST</arg>
<arg>SV</arg>
<arg>SX</arg>
<arg>SY</arg>
<arg>SZ</arg>
<arg>TC</arg>
<arg>TD</arg>
<arg>TF</arg>
<arg>TG</arg>
<arg>TH</arg>
<arg>TJ</arg>
<arg>TK</arg>
<arg>TL</arg>
<arg>TM</arg>
<arg>TN</arg>
<arg>TO</arg>
<arg>TR</arg>
<arg>TT</arg>
<arg>TV</arg>
<arg>TW</arg>
<arg>TZ</arg>
<arg>UA</arg>
<arg>UG</arg>
<arg>UM</arg>
<arg>US</arg>
<arg>UY</arg>
<arg>UZ</arg>
<arg>VA</arg>
<arg>VC</arg>
<arg>VE</arg>
<arg>VG</arg>
<arg>VI</arg>
<arg>VN</arg>
<arg>VU</arg>
<arg>WF</arg>
<arg>WS</arg>
<arg>XK</arg>
<arg>YE</arg>
<arg>YT</arg>
<arg>ZA</arg>
<arg>ZM</arg>
<arg>ZW</arg>
<doc>Returns a list containing given items.</doc>
<status status="PASS" start="2024-03-21T13:22:26.974552" elapsed="0.000633"/>
</kw>
<kw name="List Should Contain Value" owner="Collections">
<msg time="2024-03-21T13:22:26.976159" level="INFO">False</msg>
<arg>${list_country}</arg>
<arg>${name_country}</arg>
<doc>Fails if the ``value`` is not found from ``list``.</doc>
<status status="PASS" start="2024-03-21T13:22:26.975956" elapsed="0.000241"/>
</kw>
<kw name="Run Keyword If" owner="BuiltIn">
<kw name="Should Be True" owner="BuiltIn">
<arg>${True}</arg>
<doc>Fails if the given condition is not true.</doc>
<status status="PASS" start="2024-03-21T13:22:26.977393" elapsed="0.000145"/>
</kw>
<arg>${json_data["results"][0]["location"]["coordinates"]["latitude"]} &gt;= -90 and ${json_data["results"][0]["location"]["coordinates"]["latitude"]} &lt;= 90</arg>
<arg>Should Be True</arg>
<arg>${True}</arg>
<doc>Runs the given keyword with the given arguments, if ``condition`` is true.</doc>
<status status="PASS" start="2024-03-21T13:22:26.976507" elapsed="0.001158"/>
</kw>
<kw name="Run Keyword If" owner="BuiltIn">
<kw name="Should Be True" owner="BuiltIn">
<arg>${True}</arg>
<doc>Fails if the given condition is not true.</doc>
<status status="PASS" start="2024-03-21T13:22:26.978591" elapsed="0.000139"/>
</kw>
<arg>${json_data["results"][0]["location"]["coordinates"]["longitude"]} &gt;= -180 and ${json_data["results"][0]["location"]["coordinates"]["longitude"]} &lt;= 180</arg>
<arg>Should Be True</arg>
<arg>${True}</arg>
<doc>Runs the given keyword with the given arguments, if ``condition`` is true.</doc>
<status status="PASS" start="2024-03-21T13:22:26.977883" elapsed="0.000972"/>
</kw>
<status status="PASS" start="2024-03-21T13:22:26.875546" elapsed="0.103439"/>
</kw>
<doc>Testa o conteúdo específico dos campos retornados pela API.</doc>
<tag>testeConteudo</tag>
<status status="PASS" start="2024-03-21T13:22:26.875120" elapsed="0.104015"/>
</test>
<status status="PASS" start="2024-03-21T13:22:25.968821" elapsed="1.012250"/>
</suite>
<status status="PASS" start="2024-03-21T13:22:25.954805" elapsed="1.031599"/>
</suite>
<statistics>
<total>
<stat pass="5" fail="0" skip="0">All Tests</stat>
</total>
<tag>
<stat pass="1" fail="0" skip="0">testeConteudo</stat>
<stat pass="1" fail="0" skip="0">testeEstruturaResposta</stat>
<stat pass="1" fail="0" skip="0">testeRequisicaoBasica</stat>
<stat pass="1" fail="0" skip="0">testeTiposDados</stat>
</tag>
<suite>
<stat pass="5" fail="0" skip="0" id="s1" name="Tests">Tests</stat>
<stat pass="5" fail="0" skip="0" id="s1-s1" name="Random-User-Test">Tests.Random-User-Test</stat>
</suite>
</statistics>
<errors>
<msg time="2024-03-21T13:22:26.276771" level="ERROR">Error in file '/home/runner/work/DesafioQAItauRogerioJordao/DesafioQAItauRogerioJordao/RamdonUser/config/base.robot' on line 8: Library '/home/runner/work/DesafioQAItauRogerioJordao/DesafioQAItauRogerioJordao/RamdonUser/services/data/RandomUser.py' does not exist.</msg>
<msg time="2024-03-21T13:22:26.276880" level="ERROR">Error in file '/home/runner/work/DesafioQAItauRogerioJordao/DesafioQAItauRogerioJordao/RamdonUser/config/base.robot' on line 9: Resource file '/home/runner/work/DesafioQAItauRogerioJordao/DesafioQAItauRogerioJordao/RamdonUser/services/api-RandomUser/random-user-service.robot' does not exist.</msg>
</errors>
</robot>
