<?xml version="1.0" encoding="UTF-8"?>
<robot generator="Robot 7.0 (Python 3.12.2 on linux)" generated="2024-04-11T16:15:02.095916" rpa="false" schemaversion="5">
<suite id="s1" name="Tests" source="/home/runner/work/DesafioQAItauRogerioJordao/DesafioQAItauRogerioJordao/RamdonUser/tests">
<suite id="s1-s1" name="Random-User-Test" source="/home/runner/work/DesafioQAItauRogerioJordao/DesafioQAItauRogerioJordao/RamdonUser/tests/random-user-test.robot">
<test id="s1-s1-t1" name="Conectar" line="13">
<kw name="Conectar API" owner="random-user-service">
<kw name="Create Session" owner="RequestsLibrary">
<msg time="2024-04-11T16:15:02.452960" level="INFO">Creating Session using : alias=consultarAPI, url=https://randomuser.me/, headers={},                     cookies={}, auth=None, timeout=None, proxies=None, verify=False,                     debug=0 </msg>
<arg>consultarAPI</arg>
<arg>${URL}</arg>
<doc>Create Session: create a HTTP session to a server</doc>
<status status="PASS" start="2024-04-11T16:15:02.452757" elapsed="0.000365"/>
</kw>
<status status="PASS" start="2024-04-11T16:15:02.451732" elapsed="0.001727"/>
</kw>
<status status="PASS" start="2024-04-11T16:15:02.451161" elapsed="0.002497"/>
</test>
<test id="s1-s1-t2" name="Validar retorno 200 e JSON Válido" line="16">
<kw name="Teste de Requisicao Basica" owner="random-user-service">
<kw name="GET On Session" owner="RequestsLibrary">
<msg time="2024-04-11T16:15:02.742874" level="INFO">GET Request : url=https://randomuser.me/api 
 path_url=/api 
 headers={'User-Agent': 'python-requests/2.31.0', 'Accept-Encoding': 'gzip, deflate', 'Accept': '*/*', 'Connection': 'keep-alive'} 
 body=None 
 </msg>
<msg time="2024-04-11T16:15:02.743026" level="INFO">GET Response : url=https://randomuser.me/api 
 status=200, reason=OK 
 headers={'Date': 'Thu, 11 Apr 2024 16:15:02 GMT', 'Content-Type': 'application/json; charset=utf-8', 'Transfer-Encoding': 'chunked', 'Connection': 'keep-alive', 'X-Powered-By': 'Express', 'Access-Control-Allow-Origin': '*', 'Cache-Control': 'no-cache', 'ETag': 'W/"46b-kxoQ4qfmbyxbuYDZcBrJiDHzZj4"', 'Vary': 'Accept-Encoding', 'Content-Encoding': 'gzip', 'CF-Cache-Status': 'DYNAMIC', 'Report-To': '{"endpoints":[{"url":"https:\\/\\/a.nel.cloudflare.com\\/report\\/v4?s=ze3E52TlQC%2FDmvPJeN3VQzo7FDcPJFDh9ROS96Pku0nhxLj%2FuL9qp7QtmM%2BShS%2BYNv6vgNceziEtTBQk9Fc3FHxaY6HLwLi8tqzTDKYUQX4HGgUuLwQt8c34hKJ0DWHb"}],"group":"cf-nel","max_age":604800}', 'NEL': '{"success_fraction":0,"report_to":"cf-nel","max_age":604800}', 'Server': 'cloudflare', 'CF-RAY': '872c45e96c2d965e-SJC', 'alt-svc': 'h3=":443"; ma=86400'} 
 body={"results":[{"gender":"female","name":{"title":"Ms","first":"Emily","last":"Burns"},"location":{"street":{"number":7816,"name":"Albert Road"},"city":"Tullamore","state":"Offaly","country":"Ireland","postcode":71393,"coordinates":{"latitude":"-4.2238","longitude":"168.0012"},"timezone":{"offset":"-10:00","description":"Hawaii"}},"email":"emily.burns@example.com","login":{"uuid":"51b1c0eb-a5f3-4f39-86ae-26c677add9ec","username":"whitecat461","password":"nudes","salt":"x0n0nJHz","md5":"63d590931dc5bef8474fcec023cb8fad","sha1":"4ae6115b680e315e6e64f501fb1eb2316613b7e4","sha256":"9a36f40169fbd5ffa24a7eae7db00fcae33f51af0ace4c0db189b4cc6135042f"},"dob":{"date":"1990-05-18T07:58:06.343Z","age":33},"registered":{"date":"2010-02-28T18:27:26.610Z","age":14},"phone":"041-688-5878","cell":"081-105-3241","id":{"name":"PPS","value":"5610744T"},"picture":{"large":"https://randomuser.me/api/portraits/women/42.jpg","medium":"https://randomuser.me/api/portraits/med/women/42.jpg","thumbnail":"https://randomuser.me/api/portraits/thumb/women/42.jpg"},"nat":"IE"}],"info":{"seed":"93872a9b4955a6b0","results":1,"page":1,"version":"1.4"}} 
 </msg>
<msg time="2024-04-11T16:15:02.743110" level="INFO">/opt/hostedtoolcache/Python/3.12.2/x64/lib/python3.12/site-packages/urllib3/connectionpool.py:1103: InsecureRequestWarning: Unverified HTTPS request is being made to host 'randomuser.me'. Adding certificate verification is strongly advised. See: https://urllib3.readthedocs.io/en/latest/advanced-usage.html#tls-warnings
  warnings.warn(</msg>
<msg time="2024-04-11T16:15:02.743243" level="INFO">${response} = &lt;Response [200]&gt;</msg>
<var>${response}</var>
<arg>consultarAPI</arg>
<arg>/api</arg>
<doc>Sends a GET request on a previously created HTTP Session.</doc>
<status status="PASS" start="2024-04-11T16:15:02.456328" elapsed="0.286977"/>
</kw>
<kw name="Should Be Equal As Numbers" owner="BuiltIn">
<msg time="2024-04-11T16:15:02.744377" level="INFO">Argument types are:
&lt;class 'int'&gt;
&lt;class 'str'&gt;</msg>
<arg>${response.status_code}</arg>
<arg>200</arg>
<doc>Fails if objects are unequal after converting them to real numbers.</doc>
<status status="PASS" start="2024-04-11T16:15:02.743871" elapsed="0.000570"/>
</kw>
<kw name="Log" owner="BuiltIn">
<msg time="2024-04-11T16:15:02.745119" level="INFO">200</msg>
<arg>${response.status_code}</arg>
<doc>Logs the given message with the given level.</doc>
<status status="PASS" start="2024-04-11T16:15:02.744769" elapsed="0.000392"/>
</kw>
<kw name="Set Variable" owner="BuiltIn">
<msg time="2024-04-11T16:15:02.745915" level="INFO">${json_data} = {'results': [{'gender': 'female', 'name': {'title': 'Ms', 'first': 'Emily', 'last': 'Burns'}, 'location': {'street': {'number': 7816, 'name': 'Albert Road'}, 'city': 'Tullamore', 'state': 'Offaly', 'c...</msg>
<var>${json_data}</var>
<arg>${response.json()}</arg>
<doc>Returns the given values which can then be assigned to a variables.</doc>
<status status="PASS" start="2024-04-11T16:15:02.745482" elapsed="0.000460"/>
</kw>
<kw name="Dictionary Should Contain Key" owner="Collections">
<msg time="2024-04-11T16:15:02.746405" level="INFO">False</msg>
<arg>${json_data}</arg>
<arg>results</arg>
<doc>Fails if ``key`` is not found from ``dictionary``.</doc>
<status status="PASS" start="2024-04-11T16:15:02.746240" elapsed="0.000205"/>
</kw>
<status status="PASS" start="2024-04-11T16:15:02.456053" elapsed="0.290646"/>
</kw>
<doc>Testa se a API responde corretamente e retorna um objeto JSON válido.</doc>
<tag>testeRequisicaoBasica</tag>
<status status="PASS" start="2024-04-11T16:15:02.455483" elapsed="0.291388"/>
</test>
<test id="s1-s1-t3" name="Validar estrutura de resposta" line="22">
<kw name="Teste de Estrutura de Resposta" owner="random-user-service">
<kw name="GET On Session" owner="RequestsLibrary">
<msg time="2024-04-11T16:15:02.846087" level="INFO">GET Request : url=https://randomuser.me/api 
 path_url=/api 
 headers={'User-Agent': 'python-requests/2.31.0', 'Accept-Encoding': 'gzip, deflate', 'Accept': '*/*', 'Connection': 'keep-alive'} 
 body=None 
 </msg>
<msg time="2024-04-11T16:15:02.846174" level="INFO">GET Response : url=https://randomuser.me/api 
 status=200, reason=OK 
 headers={'Date': 'Thu, 11 Apr 2024 16:15:02 GMT', 'Content-Type': 'application/json; charset=utf-8', 'Transfer-Encoding': 'chunked', 'Connection': 'keep-alive', 'X-Powered-By': 'Express', 'Access-Control-Allow-Origin': '*', 'Cache-Control': 'no-cache', 'ETag': 'W/"486-vPLzEqMrHfMuULS0vbbce21kI2s"', 'Vary': 'Accept-Encoding', 'Content-Encoding': 'gzip', 'CF-Cache-Status': 'DYNAMIC', 'Report-To': '{"endpoints":[{"url":"https:\\/\\/a.nel.cloudflare.com\\/report\\/v4?s=wVK1pFHFVQyPWop7MJxH2LzChL58N8MUvTH67zWgKuetEPo%2Fwaz5ydqErkiNHGw%2BVsFPBfELNt3A3A0ufb4G2G3Il9KKCZlp6WsDYJkjsXQTWV8rmBP%2Bu%2B%2BYVQg3fBa1"}],"group":"cf-nel","max_age":604800}', 'NEL': '{"success_fraction":0,"report_to":"cf-nel","max_age":604800}', 'Server': 'cloudflare', 'CF-RAY': '872c45ea3caa965e-SJC', 'alt-svc': 'h3=":443"; ma=86400'} 
 body={"results":[{"gender":"female","name":{"title":"Mrs","first":"Molly","last":"King"},"location":{"street":{"number":7798,"name":"Abbotts Way"},"city":"Napier","state":"Wellington","country":"New Zealand","postcode":92854,"coordinates":{"latitude":"52.1364","longitude":"68.4299"},"timezone":{"offset":"+4:00","description":"Abu Dhabi, Muscat, Baku, Tbilisi"}},"email":"molly.king@example.com","login":{"uuid":"b699c07e-eb9a-469f-999b-3631863a0055","username":"sadelephant485","password":"mahler","salt":"RKPxI0hJ","md5":"3bcff5828dd70c868c381084025a24d4","sha1":"a39f5b8b38e5e8a1e99149fc6f1c8b477cbac50d","sha256":"f8d09d09c1333b45338d49aa6f32d08631b4104b9f551f6f5b7bf0b434530de7"},"dob":{"date":"1958-07-11T01:35:00.205Z","age":65},"registered":{"date":"2004-04-23T07:11:27.646Z","age":19},"phone":"(326)-003-3197","cell":"(293)-624-3098","id":{"name":"","value":null},"picture":{"large":"https://randomuser.me/api/portraits/women/52.jpg","medium":"https://randomuser.me/api/portraits/med/women/52.jpg","thumbnail":"https://randomuser.me/api/portraits/thumb/women/52.jpg"},"nat":"NZ"}],"info":{"seed":"b89fa988ce74397e","results":1,"page":1,"version":"1.4"}} 
 </msg>
<msg time="2024-04-11T16:15:02.846309" level="INFO">/opt/hostedtoolcache/Python/3.12.2/x64/lib/python3.12/site-packages/urllib3/connectionpool.py:1103: InsecureRequestWarning: Unverified HTTPS request is being made to host 'randomuser.me'. Adding certificate verification is strongly advised. See: https://urllib3.readthedocs.io/en/latest/advanced-usage.html#tls-warnings
  warnings.warn(</msg>
<msg time="2024-04-11T16:15:02.846405" level="INFO">${response} = &lt;Response [200]&gt;</msg>
<var>${response}</var>
<arg>consultarAPI</arg>
<arg>/api</arg>
<doc>Sends a GET request on a previously created HTTP Session.</doc>
<status status="PASS" start="2024-04-11T16:15:02.749664" elapsed="0.096781"/>
</kw>
<kw name="Set Variable" owner="BuiltIn">
<msg time="2024-04-11T16:15:02.847503" level="INFO">${json_data} = {'results': [{'gender': 'female', 'name': {'title': 'Mrs', 'first': 'Molly', 'last': 'King'}, 'location': {'street': {'number': 7798, 'name': 'Abbotts Way'}, 'city': 'Napier', 'state': 'Wellington', '...</msg>
<var>${json_data}</var>
<arg>${response.json()}</arg>
<doc>Returns the given values which can then be assigned to a variables.</doc>
<status status="PASS" start="2024-04-11T16:15:02.846924" elapsed="0.000608"/>
</kw>
<kw name="Log" owner="BuiltIn">
<msg time="2024-04-11T16:15:02.847993" level="INFO">{'results': [{'gender': 'female', 'name': {'title': 'Mrs', 'first': 'Molly', 'last': 'King'}, 'location': {'street': {'number': 7798, 'name': 'Abbotts Way'}, 'city': 'Napier', 'state': 'Wellington', 'country': 'New Zealand', 'postcode': 92854, 'coordinates': {'latitude': '52.1364', 'longitude': '68.4299'}, 'timezone': {'offset': '+4:00', 'description': 'Abu Dhabi, Muscat, Baku, Tbilisi'}}, 'email': 'molly.king@example.com', 'login': {'uuid': 'b699c07e-eb9a-469f-999b-3631863a0055', 'username': 'sadelephant485', 'password': 'mahler', 'salt': 'RKPxI0hJ', 'md5': '3bcff5828dd70c868c381084025a24d4', 'sha1': 'a39f5b8b38e5e8a1e99149fc6f1c8b477cbac50d', 'sha256': 'f8d09d09c1333b45338d49aa6f32d08631b4104b9f551f6f5b7bf0b434530de7'}, 'dob': {'date': '1958-07-11T01:35:00.205Z', 'age': 65}, 'registered': {'date': '2004-04-23T07:11:27.646Z', 'age': 19}, 'phone': '(326)-003-3197', 'cell': '(293)-624-3098', 'id': {'name': '', 'value': None}, 'picture': {'large': 'https://randomuser.me/api/portraits/women/52.jpg', 'medium': 'https://randomuser.me/api/portraits/med/women/52.jpg', 'thumbnail': 'https://randomuser.me/api/portraits/thumb/women/52.jpg'}, 'nat': 'NZ'}], 'info': {'seed': 'b89fa988ce74397e', 'results': 1, 'page': 1, 'version': '1.4'}}</msg>
<arg>${json_data}</arg>
<doc>Logs the given message with the given level.</doc>
<status status="PASS" start="2024-04-11T16:15:02.847839" elapsed="0.000201"/>
</kw>
<kw name="Dictionary Should Contain Key" owner="Collections">
<msg time="2024-04-11T16:15:02.848543" level="INFO">False</msg>
<arg>${json_data}</arg>
<arg>results</arg>
<doc>Fails if ``key`` is not found from ``dictionary``.</doc>
<status status="PASS" start="2024-04-11T16:15:02.848372" elapsed="0.000208"/>
</kw>
<kw name="Should Not Be Empty" owner="BuiltIn">
<msg time="2024-04-11T16:15:02.849001" level="INFO">Length is 2.</msg>
<arg>${json_data}</arg>
<doc>Verifies that the given item is not empty.</doc>
<status status="PASS" start="2024-04-11T16:15:02.848872" elapsed="0.000166"/>
</kw>
<kw name="Create List" owner="BuiltIn">
<msg time="2024-04-11T16:15:02.849478" level="INFO">${expected_keys} = ['gender', 'name', 'location', 'email', 'login']</msg>
<var>${expected_keys}</var>
<arg>gender</arg>
<arg>name</arg>
<arg>location</arg>
<arg>email</arg>
<arg>login</arg>
<doc>Returns a list containing given items.</doc>
<status status="PASS" start="2024-04-11T16:15:02.849331" elapsed="0.000171"/>
</kw>
<for flavor="IN">
<iter>
<kw name="Dictionary Should Contain Key" owner="Collections">
<msg time="2024-04-11T16:15:02.850472" level="INFO">False</msg>
<arg>${json_data['results'][0]}</arg>
<arg>${key}</arg>
<doc>Fails if ``key`` is not found from ``dictionary``.</doc>
<status status="PASS" start="2024-04-11T16:15:02.850069" elapsed="0.000442"/>
</kw>
<kw name="Log" owner="BuiltIn">
<msg time="2024-04-11T16:15:02.851173" level="INFO">{'gender': 'female', 'name': {'title': 'Mrs', 'first': 'Molly', 'last': 'King'}, 'location': {'street': {'number': 7798, 'name': 'Abbotts Way'}, 'city': 'Napier', 'state': 'Wellington', 'country': 'New Zealand', 'postcode': 92854, 'coordinates': {'latitude': '52.1364', 'longitude': '68.4299'}, 'timezone': {'offset': '+4:00', 'description': 'Abu Dhabi, Muscat, Baku, Tbilisi'}}, 'email': 'molly.king@example.com', 'login': {'uuid': 'b699c07e-eb9a-469f-999b-3631863a0055', 'username': 'sadelephant485', 'password': 'mahler', 'salt': 'RKPxI0hJ', 'md5': '3bcff5828dd70c868c381084025a24d4', 'sha1': 'a39f5b8b38e5e8a1e99149fc6f1c8b477cbac50d', 'sha256': 'f8d09d09c1333b45338d49aa6f32d08631b4104b9f551f6f5b7bf0b434530de7'}, 'dob': {'date': '1958-07-11T01:35:00.205Z', 'age': 65}, 'registered': {'date': '2004-04-23T07:11:27.646Z', 'age': 19}, 'phone': '(326)-003-3197', 'cell': '(293)-624-3098', 'id': {'name': '', 'value': None}, 'picture': {'large': 'https://randomuser.me/api/portraits/women/52.jpg', 'medium': 'https://randomuser.me/api/portraits/med/women/52.jpg', 'thumbnail': 'https://randomuser.me/api/portraits/thumb/women/52.jpg'}, 'nat': 'NZ'}</msg>
<arg>${json_data['results'][0]}</arg>
<doc>Logs the given message with the given level.</doc>
<status status="PASS" start="2024-04-11T16:15:02.850812" elapsed="0.000409"/>
</kw>
<kw name="Log" owner="BuiltIn">
<msg time="2024-04-11T16:15:02.851645" level="INFO">gender</msg>
<arg>${key}</arg>
<doc>Logs the given message with the given level.</doc>
<status status="PASS" start="2024-04-11T16:15:02.851517" elapsed="0.000165"/>
</kw>
<var name="${key}">gender</var>
<status status="PASS" start="2024-04-11T16:15:02.849935" elapsed="0.001964"/>
</iter>
<iter>
<kw name="Dictionary Should Contain Key" owner="Collections">
<msg time="2024-04-11T16:15:02.852595" level="INFO">False</msg>
<arg>${json_data['results'][0]}</arg>
<arg>${key}</arg>
<doc>Fails if ``key`` is not found from ``dictionary``.</doc>
<status status="PASS" start="2024-04-11T16:15:02.852194" elapsed="0.000438"/>
</kw>
<kw name="Log" owner="BuiltIn">
<msg time="2024-04-11T16:15:02.853315" level="INFO">{'gender': 'female', 'name': {'title': 'Mrs', 'first': 'Molly', 'last': 'King'}, 'location': {'street': {'number': 7798, 'name': 'Abbotts Way'}, 'city': 'Napier', 'state': 'Wellington', 'country': 'New Zealand', 'postcode': 92854, 'coordinates': {'latitude': '52.1364', 'longitude': '68.4299'}, 'timezone': {'offset': '+4:00', 'description': 'Abu Dhabi, Muscat, Baku, Tbilisi'}}, 'email': 'molly.king@example.com', 'login': {'uuid': 'b699c07e-eb9a-469f-999b-3631863a0055', 'username': 'sadelephant485', 'password': 'mahler', 'salt': 'RKPxI0hJ', 'md5': '3bcff5828dd70c868c381084025a24d4', 'sha1': 'a39f5b8b38e5e8a1e99149fc6f1c8b477cbac50d', 'sha256': 'f8d09d09c1333b45338d49aa6f32d08631b4104b9f551f6f5b7bf0b434530de7'}, 'dob': {'date': '1958-07-11T01:35:00.205Z', 'age': 65}, 'registered': {'date': '2004-04-23T07:11:27.646Z', 'age': 19}, 'phone': '(326)-003-3197', 'cell': '(293)-624-3098', 'id': {'name': '', 'value': None}, 'picture': {'large': 'https://randomuser.me/api/portraits/women/52.jpg', 'medium': 'https://randomuser.me/api/portraits/med/women/52.jpg', 'thumbnail': 'https://randomuser.me/api/portraits/thumb/women/52.jpg'}, 'nat': 'NZ'}</msg>
<arg>${json_data['results'][0]}</arg>
<doc>Logs the given message with the given level.</doc>
<status status="PASS" start="2024-04-11T16:15:02.852957" elapsed="0.000406"/>
</kw>
<kw name="Log" owner="BuiltIn">
<msg time="2024-04-11T16:15:02.853782" level="INFO">name</msg>
<arg>${key}</arg>
<doc>Logs the given message with the given level.</doc>
<status status="PASS" start="2024-04-11T16:15:02.853656" elapsed="0.000163"/>
</kw>
<var name="${key}">name</var>
<status status="PASS" start="2024-04-11T16:15:02.852081" elapsed="0.001955"/>
</iter>
<iter>
<kw name="Dictionary Should Contain Key" owner="Collections">
<msg time="2024-04-11T16:15:02.854698" level="INFO">False</msg>
<arg>${json_data['results'][0]}</arg>
<arg>${key}</arg>
<doc>Fails if ``key`` is not found from ``dictionary``.</doc>
<status status="PASS" start="2024-04-11T16:15:02.854324" elapsed="0.000411"/>
</kw>
<kw name="Log" owner="BuiltIn">
<msg time="2024-04-11T16:15:02.855383" level="INFO">{'gender': 'female', 'name': {'title': 'Mrs', 'first': 'Molly', 'last': 'King'}, 'location': {'street': {'number': 7798, 'name': 'Abbotts Way'}, 'city': 'Napier', 'state': 'Wellington', 'country': 'New Zealand', 'postcode': 92854, 'coordinates': {'latitude': '52.1364', 'longitude': '68.4299'}, 'timezone': {'offset': '+4:00', 'description': 'Abu Dhabi, Muscat, Baku, Tbilisi'}}, 'email': 'molly.king@example.com', 'login': {'uuid': 'b699c07e-eb9a-469f-999b-3631863a0055', 'username': 'sadelephant485', 'password': 'mahler', 'salt': 'RKPxI0hJ', 'md5': '3bcff5828dd70c868c381084025a24d4', 'sha1': 'a39f5b8b38e5e8a1e99149fc6f1c8b477cbac50d', 'sha256': 'f8d09d09c1333b45338d49aa6f32d08631b4104b9f551f6f5b7bf0b434530de7'}, 'dob': {'date': '1958-07-11T01:35:00.205Z', 'age': 65}, 'registered': {'date': '2004-04-23T07:11:27.646Z', 'age': 19}, 'phone': '(326)-003-3197', 'cell': '(293)-624-3098', 'id': {'name': '', 'value': None}, 'picture': {'large': 'https://randomuser.me/api/portraits/women/52.jpg', 'medium': 'https://randomuser.me/api/portraits/med/women/52.jpg', 'thumbnail': 'https://randomuser.me/api/portraits/thumb/women/52.jpg'}, 'nat': 'NZ'}</msg>
<arg>${json_data['results'][0]}</arg>
<doc>Logs the given message with the given level.</doc>
<status status="PASS" start="2024-04-11T16:15:02.855030" elapsed="0.000404"/>
</kw>
<kw name="Log" owner="BuiltIn">
<msg time="2024-04-11T16:15:02.855849" level="INFO">location</msg>
<arg>${key}</arg>
<doc>Logs the given message with the given level.</doc>
<status status="PASS" start="2024-04-11T16:15:02.855724" elapsed="0.000163"/>
</kw>
<var name="${key}">location</var>
<status status="PASS" start="2024-04-11T16:15:02.854213" elapsed="0.001886"/>
</iter>
<iter>
<kw name="Dictionary Should Contain Key" owner="Collections">
<msg time="2024-04-11T16:15:02.856798" level="INFO">False</msg>
<arg>${json_data['results'][0]}</arg>
<arg>${key}</arg>
<doc>Fails if ``key`` is not found from ``dictionary``.</doc>
<status status="PASS" start="2024-04-11T16:15:02.856417" elapsed="0.000418"/>
</kw>
<kw name="Log" owner="BuiltIn">
<msg time="2024-04-11T16:15:02.857493" level="INFO">{'gender': 'female', 'name': {'title': 'Mrs', 'first': 'Molly', 'last': 'King'}, 'location': {'street': {'number': 7798, 'name': 'Abbotts Way'}, 'city': 'Napier', 'state': 'Wellington', 'country': 'New Zealand', 'postcode': 92854, 'coordinates': {'latitude': '52.1364', 'longitude': '68.4299'}, 'timezone': {'offset': '+4:00', 'description': 'Abu Dhabi, Muscat, Baku, Tbilisi'}}, 'email': 'molly.king@example.com', 'login': {'uuid': 'b699c07e-eb9a-469f-999b-3631863a0055', 'username': 'sadelephant485', 'password': 'mahler', 'salt': 'RKPxI0hJ', 'md5': '3bcff5828dd70c868c381084025a24d4', 'sha1': 'a39f5b8b38e5e8a1e99149fc6f1c8b477cbac50d', 'sha256': 'f8d09d09c1333b45338d49aa6f32d08631b4104b9f551f6f5b7bf0b434530de7'}, 'dob': {'date': '1958-07-11T01:35:00.205Z', 'age': 65}, 'registered': {'date': '2004-04-23T07:11:27.646Z', 'age': 19}, 'phone': '(326)-003-3197', 'cell': '(293)-624-3098', 'id': {'name': '', 'value': None}, 'picture': {'large': 'https://randomuser.me/api/portraits/women/52.jpg', 'medium': 'https://randomuser.me/api/portraits/med/women/52.jpg', 'thumbnail': 'https://randomuser.me/api/portraits/thumb/women/52.jpg'}, 'nat': 'NZ'}</msg>
<arg>${json_data['results'][0]}</arg>
<doc>Logs the given message with the given level.</doc>
<status status="PASS" start="2024-04-11T16:15:02.857137" elapsed="0.000402"/>
</kw>
<kw name="Log" owner="BuiltIn">
<msg time="2024-04-11T16:15:02.857956" level="INFO">email</msg>
<arg>${key}</arg>
<doc>Logs the given message with the given level.</doc>
<status status="PASS" start="2024-04-11T16:15:02.857831" elapsed="0.000162"/>
</kw>
<var name="${key}">email</var>
<status status="PASS" start="2024-04-11T16:15:02.856305" elapsed="0.001906"/>
</iter>
<iter>
<kw name="Dictionary Should Contain Key" owner="Collections">
<msg time="2024-04-11T16:15:02.858869" level="INFO">False</msg>
<arg>${json_data['results'][0]}</arg>
<arg>${key}</arg>
<doc>Fails if ``key`` is not found from ``dictionary``.</doc>
<status status="PASS" start="2024-04-11T16:15:02.858488" elapsed="0.000417"/>
</kw>
<kw name="Log" owner="BuiltIn">
<msg time="2024-04-11T16:15:02.859546" level="INFO">{'gender': 'female', 'name': {'title': 'Mrs', 'first': 'Molly', 'last': 'King'}, 'location': {'street': {'number': 7798, 'name': 'Abbotts Way'}, 'city': 'Napier', 'state': 'Wellington', 'country': 'New Zealand', 'postcode': 92854, 'coordinates': {'latitude': '52.1364', 'longitude': '68.4299'}, 'timezone': {'offset': '+4:00', 'description': 'Abu Dhabi, Muscat, Baku, Tbilisi'}}, 'email': 'molly.king@example.com', 'login': {'uuid': 'b699c07e-eb9a-469f-999b-3631863a0055', 'username': 'sadelephant485', 'password': 'mahler', 'salt': 'RKPxI0hJ', 'md5': '3bcff5828dd70c868c381084025a24d4', 'sha1': 'a39f5b8b38e5e8a1e99149fc6f1c8b477cbac50d', 'sha256': 'f8d09d09c1333b45338d49aa6f32d08631b4104b9f551f6f5b7bf0b434530de7'}, 'dob': {'date': '1958-07-11T01:35:00.205Z', 'age': 65}, 'registered': {'date': '2004-04-23T07:11:27.646Z', 'age': 19}, 'phone': '(326)-003-3197', 'cell': '(293)-624-3098', 'id': {'name': '', 'value': None}, 'picture': {'large': 'https://randomuser.me/api/portraits/women/52.jpg', 'medium': 'https://randomuser.me/api/portraits/med/women/52.jpg', 'thumbnail': 'https://randomuser.me/api/portraits/thumb/women/52.jpg'}, 'nat': 'NZ'}</msg>
<arg>${json_data['results'][0]}</arg>
<doc>Logs the given message with the given level.</doc>
<status status="PASS" start="2024-04-11T16:15:02.859190" elapsed="0.000401"/>
</kw>
<kw name="Log" owner="BuiltIn">
<msg time="2024-04-11T16:15:02.860006" level="INFO">login</msg>
<arg>${key}</arg>
<doc>Logs the given message with the given level.</doc>
<status status="PASS" start="2024-04-11T16:15:02.859883" elapsed="0.000160"/>
</kw>
<var name="${key}">login</var>
<status status="PASS" start="2024-04-11T16:15:02.858380" elapsed="0.001890"/>
</iter>
<var>${key}</var>
<value>@{expected_keys}</value>
<status status="PASS" start="2024-04-11T16:15:02.849753" elapsed="0.010663"/>
</for>
<kw name="Create List" owner="BuiltIn">
<msg time="2024-04-11T16:15:02.860749" level="INFO">${expected_keysTwo} = ['username', 'password']</msg>
<var>${expected_keysTwo}</var>
<arg>username</arg>
<arg>password</arg>
<doc>Returns a list containing given items.</doc>
<status status="PASS" start="2024-04-11T16:15:02.860613" elapsed="0.000159"/>
</kw>
<for flavor="IN">
<iter>
<kw name="Dictionary Should Contain Key" owner="Collections">
<msg time="2024-04-11T16:15:02.861742" level="INFO">False</msg>
<arg>${json_data['results'][0]['login']}</arg>
<arg>${keyTwo}</arg>
<doc>Fails if ``key`` is not found from ``dictionary``.</doc>
<status status="PASS" start="2024-04-11T16:15:02.861365" elapsed="0.000415"/>
</kw>
<kw name="Dictionary Should Contain Key" owner="Collections">
<msg time="2024-04-11T16:15:02.862440" level="INFO">False</msg>
<arg>${json_data['results'][0]['login']}</arg>
<arg>${keyTwo}</arg>
<doc>Fails if ``key`` is not found from ``dictionary``.</doc>
<status status="PASS" start="2024-04-11T16:15:02.862070" elapsed="0.000408"/>
</kw>
<kw name="Log" owner="BuiltIn">
<msg time="2024-04-11T16:15:02.862893" level="INFO">username</msg>
<arg>${keyTwo}</arg>
<doc>Logs the given message with the given level.</doc>
<status status="PASS" start="2024-04-11T16:15:02.862767" elapsed="0.000163"/>
</kw>
<var name="${keyTwo}">username</var>
<status status="PASS" start="2024-04-11T16:15:02.861254" elapsed="0.001886"/>
</iter>
<iter>
<kw name="Dictionary Should Contain Key" owner="Collections">
<msg time="2024-04-11T16:15:02.863794" level="INFO">False</msg>
<arg>${json_data['results'][0]['login']}</arg>
<arg>${keyTwo}</arg>
<doc>Fails if ``key`` is not found from ``dictionary``.</doc>
<status status="PASS" start="2024-04-11T16:15:02.863417" elapsed="0.000414"/>
</kw>
<kw name="Dictionary Should Contain Key" owner="Collections">
<msg time="2024-04-11T16:15:02.864531" level="INFO">False</msg>
<arg>${json_data['results'][0]['login']}</arg>
<arg>${keyTwo}</arg>
<doc>Fails if ``key`` is not found from ``dictionary``.</doc>
<status status="PASS" start="2024-04-11T16:15:02.864119" elapsed="0.000449"/>
</kw>
<kw name="Log" owner="BuiltIn">
<msg time="2024-04-11T16:15:02.864976" level="INFO">password</msg>
<arg>${keyTwo}</arg>
<doc>Logs the given message with the given level.</doc>
<status status="PASS" start="2024-04-11T16:15:02.864854" elapsed="0.000159"/>
</kw>
<var name="${keyTwo}">password</var>
<status status="PASS" start="2024-04-11T16:15:02.863310" elapsed="0.001913"/>
</iter>
<var>${keyTwo}</var>
<value>@{expected_keysTwo}</value>
<status status="PASS" start="2024-04-11T16:15:02.861005" elapsed="0.004345"/>
</for>
<status status="PASS" start="2024-04-11T16:15:02.749430" elapsed="0.116055"/>
</kw>
<doc>Testa a estrutura da resposta da API.</doc>
<tag>testeEstruturaResposta</tag>
<status status="PASS" start="2024-04-11T16:15:02.748706" elapsed="0.116930"/>
</test>
<test id="s1-s1-t4" name="Validar tipos de dados" line="28">
<kw name="Teste de Tipos de Dados" owner="random-user-service">
<kw name="GET On Session" owner="RequestsLibrary">
<msg time="2024-04-11T16:15:02.957980" level="INFO">GET Request : url=https://randomuser.me/api 
 path_url=/api 
 headers={'User-Agent': 'python-requests/2.31.0', 'Accept-Encoding': 'gzip, deflate', 'Accept': '*/*', 'Connection': 'keep-alive'} 
 body=None 
 </msg>
<msg time="2024-04-11T16:15:02.958062" level="INFO">GET Response : url=https://randomuser.me/api 
 status=200, reason=OK 
 headers={'Date': 'Thu, 11 Apr 2024 16:15:02 GMT', 'Content-Type': 'application/json; charset=utf-8', 'Transfer-Encoding': 'chunked', 'Connection': 'keep-alive', 'X-Powered-By': 'Express', 'Access-Control-Allow-Origin': '*', 'Cache-Control': 'no-cache', 'ETag': 'W/"481-FkKGeGp3Qek79Wa88xWmHGZhEpg"', 'Vary': 'Accept-Encoding', 'Content-Encoding': 'gzip', 'CF-Cache-Status': 'DYNAMIC', 'Report-To': '{"endpoints":[{"url":"https:\\/\\/a.nel.cloudflare.com\\/report\\/v4?s=Aqy8oRH1mfXDDlzwTMmUitHOPjJKbve2zcgKB%2Bf3PXnzUOHSDcx1qx17zdri0aEmfgqDDuuvLbiwJFsiqBI8gqwSzs5nvNHYNwbA770A4Xow3GwdC9MbYfdoqyJYJCnW"}],"group":"cf-nel","max_age":604800}', 'NEL': '{"success_fraction":0,"report_to":"cf-nel","max_age":604800}', 'Server': 'cloudflare', 'CF-RAY': '872c45eafd2c965e-SJC', 'alt-svc': 'h3=":443"; ma=86400'} 
 body={"results":[{"gender":"male","name":{"title":"Mr","first":"Adam","last":"Bergeron"},"location":{"street":{"number":5527,"name":"St. Catherine St"},"city":"Aylmer","state":"Prince Edward Island","country":"Canada","postcode":"X6H 7O9","coordinates":{"latitude":"-65.2873","longitude":"-162.2869"},"timezone":{"offset":"+5:45","description":"Kathmandu"}},"email":"adam.bergeron@example.com","login":{"uuid":"01c8d0c5-9946-444b-8c8c-2cf0c3df4287","username":"orangerabbit258","password":"seagull","salt":"LMpytqQG","md5":"5a5385a6332ec4cc7c04eeda2dac3f3a","sha1":"53dea7ece518f01bc3221c4461fce79e5825f321","sha256":"1b4c31df6521f94a53d0c8981db785b9472cc0305b26210dcfd140763adc5c97"},"dob":{"date":"1988-05-09T23:34:21.940Z","age":35},"registered":{"date":"2021-09-05T15:10:09.532Z","age":2},"phone":"U28 Y21-5409","cell":"J67 J76-4334","id":{"name":"SIN","value":"315636753"},"picture":{"large":"https://randomuser.me/api/portraits/men/0.jpg","medium":"https://randomuser.me/api/portraits/med/men/0.jpg","thumbnail":"https://randomuser.me/api/portraits/thumb/men/0.jpg"},"nat":"CA"}],"info":{"seed":"3b4d4154ff59ab65","results":1,"page":1,"version":"1.4"}} 
 </msg>
<msg time="2024-04-11T16:15:02.958136" level="INFO">/opt/hostedtoolcache/Python/3.12.2/x64/lib/python3.12/site-packages/urllib3/connectionpool.py:1103: InsecureRequestWarning: Unverified HTTPS request is being made to host 'randomuser.me'. Adding certificate verification is strongly advised. See: https://urllib3.readthedocs.io/en/latest/advanced-usage.html#tls-warnings
  warnings.warn(</msg>
<msg time="2024-04-11T16:15:02.958251" level="INFO">${response} = &lt;Response [200]&gt;</msg>
<var>${response}</var>
<arg>consultarAPI</arg>
<arg>/api</arg>
<doc>Sends a GET request on a previously created HTTP Session.</doc>
<status status="PASS" start="2024-04-11T16:15:02.868124" elapsed="0.090182"/>
</kw>
<kw name="Set Variable" owner="BuiltIn">
<msg time="2024-04-11T16:15:02.959395" level="INFO">${json_data} = {'results': [{'gender': 'male', 'name': {'title': 'Mr', 'first': 'Adam', 'last': 'Bergeron'}, 'location': {'street': {'number': 5527, 'name': 'St. Catherine St'}, 'city': 'Aylmer', 'state': 'Prince Ed...</msg>
<var>${json_data}</var>
<arg>${response.json()}</arg>
<doc>Returns the given values which can then be assigned to a variables.</doc>
<status status="PASS" start="2024-04-11T16:15:02.958817" elapsed="0.000606"/>
</kw>
<kw name="Log" owner="BuiltIn">
<msg time="2024-04-11T16:15:02.959878" level="INFO">{'results': [{'gender': 'male', 'name': {'title': 'Mr', 'first': 'Adam', 'last': 'Bergeron'}, 'location': {'street': {'number': 5527, 'name': 'St. Catherine St'}, 'city': 'Aylmer', 'state': 'Prince Edward Island', 'country': 'Canada', 'postcode': 'X6H 7O9', 'coordinates': {'latitude': '-65.2873', 'longitude': '-162.2869'}, 'timezone': {'offset': '+5:45', 'description': 'Kathmandu'}}, 'email': 'adam.bergeron@example.com', 'login': {'uuid': '01c8d0c5-9946-444b-8c8c-2cf0c3df4287', 'username': 'orangerabbit258', 'password': 'seagull', 'salt': 'LMpytqQG', 'md5': '5a5385a6332ec4cc7c04eeda2dac3f3a', 'sha1': '53dea7ece518f01bc3221c4461fce79e5825f321', 'sha256': '1b4c31df6521f94a53d0c8981db785b9472cc0305b26210dcfd140763adc5c97'}, 'dob': {'date': '1988-05-09T23:34:21.940Z', 'age': 35}, 'registered': {'date': '2021-09-05T15:10:09.532Z', 'age': 2}, 'phone': 'U28 Y21-5409', 'cell': 'J67 J76-4334', 'id': {'name': 'SIN', 'value': '315636753'}, 'picture': {'large': 'https://randomuser.me/api/portraits/men/0.jpg', 'medium': 'https://randomuser.me/api/portraits/med/men/0.jpg', 'thumbnail': 'https://randomuser.me/api/portraits/thumb/men/0.jpg'}, 'nat': 'CA'}], 'info': {'seed': '3b4d4154ff59ab65', 'results': 1, 'page': 1, 'version': '1.4'}}</msg>
<arg>${json_data}</arg>
<doc>Logs the given message with the given level.</doc>
<status status="PASS" start="2024-04-11T16:15:02.959729" elapsed="0.000228"/>
</kw>
<kw name="Should Be String" owner="String">
<arg>${json_data['results'][0]['gender']}</arg>
<doc>Fails if the given ``item`` is not a string.</doc>
<status status="PASS" start="2024-04-11T16:15:02.960293" elapsed="0.000360"/>
</kw>
<kw name="Should Match Regexp" owner="BuiltIn">
<arg>${json_data['results'][0]['email']}</arg>
<arg>^[a-zA-Z0-9._%+-]+@[a-zA-Z0-9.-]+\.[a-zA-Z]{2,}$</arg>
<doc>Fails if ``string`` does not match ``pattern`` as a regular expression.</doc>
<status status="PASS" start="2024-04-11T16:15:02.960843" elapsed="0.000506"/>
</kw>
<kw name="Should Match Regexp" owner="BuiltIn">
<arg>${json_data['results'][0]['dob']['date']}</arg>
<arg>\\d{4}-\\d{2}-\\d{2}T\\d{2}:\\d{2}:\\d{2}\\.\\d{3}Z</arg>
<doc>Fails if ``string`` does not match ``pattern`` as a regular expression.</doc>
<status status="PASS" start="2024-04-11T16:15:02.961544" elapsed="0.000476"/>
</kw>
<kw name="Should Match Regexp" owner="BuiltIn">
<arg>${json_data['results'][0]['registered']['date']}</arg>
<arg>\\d{4}-\\d{2}-\\d{2}T\\d{2}:\\d{2}:\\d{2}\\.\\d{3}Z</arg>
<doc>Fails if ``string`` does not match ``pattern`` as a regular expression.</doc>
<status status="PASS" start="2024-04-11T16:15:02.962209" elapsed="0.000376"/>
</kw>
<kw name="Should Match Regexp" owner="BuiltIn">
<arg>${json_data['results'][0]['picture']['large']}</arg>
<arg>^https?://.*\.(?:png|jpe?g|gif|bmp)$</arg>
<doc>Fails if ``string`` does not match ``pattern`` as a regular expression.</doc>
<status status="PASS" start="2024-04-11T16:15:02.962771" elapsed="0.000458"/>
</kw>
<kw name="Should Match Regexp" owner="BuiltIn">
<arg>${json_data['results'][0]['picture']['medium']}</arg>
<arg>^https?://.*\.(?:png|jpe?g|gif|bmp)$</arg>
<doc>Fails if ``string`` does not match ``pattern`` as a regular expression.</doc>
<status status="PASS" start="2024-04-11T16:15:02.963418" elapsed="0.000355"/>
</kw>
<kw name="Should Match Regexp" owner="BuiltIn">
<arg>${json_data['results'][0]['picture']['thumbnail']}</arg>
<arg>^https?://.*\.(?:png|jpe?g|gif|bmp)$</arg>
<doc>Fails if ``string`` does not match ``pattern`` as a regular expression.</doc>
<status status="PASS" start="2024-04-11T16:15:02.963956" elapsed="0.000379"/>
</kw>
<kw name="Log" owner="BuiltIn">
<msg time="2024-04-11T16:15:02.964854" level="INFO">{'large': 'https://randomuser.me/api/portraits/men/0.jpg', 'medium': 'https://randomuser.me/api/portraits/med/men/0.jpg', 'thumbnail': 'https://randomuser.me/api/portraits/thumb/men/0.jpg'}</msg>
<arg>${json_data['results'][0]['picture']}</arg>
<doc>Logs the given message with the given level.</doc>
<status status="PASS" start="2024-04-11T16:15:02.964521" elapsed="0.000373"/>
</kw>
<status status="PASS" start="2024-04-11T16:15:02.867893" elapsed="0.097251"/>
</kw>
<kw name="Teste de Tipos de Dados - Postcode" owner="random-user-service">
<kw name="GET On Session" owner="RequestsLibrary">
<msg time="2024-04-11T16:15:03.060393" level="INFO">GET Request : url=https://randomuser.me/api 
 path_url=/api 
 headers={'User-Agent': 'python-requests/2.31.0', 'Accept-Encoding': 'gzip, deflate', 'Accept': '*/*', 'Connection': 'keep-alive'} 
 body=None 
 </msg>
<msg time="2024-04-11T16:15:03.060475" level="INFO">GET Response : url=https://randomuser.me/api 
 status=200, reason=OK 
 headers={'Date': 'Thu, 11 Apr 2024 16:15:03 GMT', 'Content-Type': 'application/json; charset=utf-8', 'Transfer-Encoding': 'chunked', 'Connection': 'keep-alive', 'X-Powered-By': 'Express', 'Access-Control-Allow-Origin': '*', 'Cache-Control': 'no-cache', 'ETag': 'W/"48a-z9nBkcZywRujoKcAw9xFoaJioyU"', 'Vary': 'Accept-Encoding', 'Content-Encoding': 'gzip', 'CF-Cache-Status': 'DYNAMIC', 'Report-To': '{"endpoints":[{"url":"https:\\/\\/a.nel.cloudflare.com\\/report\\/v4?s=oWVWpAEh06nwx6ze%2FEkUuGNy64NlaHQ3kz8ZQ4W4gXMG%2BODtD%2Fx3zFtKANI%2BI%2B30%2BiyNBLGvSYXb2UGBE%2FJ72%2BZ64y51dVEGrOdDWJdy6LpM4xN2mqQgHN6GnxGcT59d"}],"group":"cf-nel","max_age":604800}', 'NEL': '{"success_fraction":0,"report_to":"cf-nel","max_age":604800}', 'Server': 'cloudflare', 'CF-RAY': '872c45eb8dc0965e-SJC', 'alt-svc': 'h3=":443"; ma=86400'} 
 body={"results":[{"gender":"male","name":{"title":"Mr","first":"Amador","last":"Angulo"},"location":{"street":{"number":9968,"name":"Eje vial Gambia"},"city":"Telixtac","state":"Sonora","country":"Mexico","postcode":69442,"coordinates":{"latitude":"21.9179","longitude":"-101.8685"},"timezone":{"offset":"-1:00","description":"Azores, Cape Verde Islands"}},"email":"amador.angulo@example.com","login":{"uuid":"106f9dca-dca6-403c-b643-7c6beff1a211","username":"brownduck504","password":"gareth","salt":"ZXMzdlXS","md5":"c55b3b86e56d8a2b25461e7fd2600a14","sha1":"8d16dcc87d813e9f62eb5e31e8a3d14ad30d7c03","sha256":"e9697eebfa4ecc3a78cf488f1ad0142be7cdcb03cd2ac8793f4dc0a80b376e4f"},"dob":{"date":"1987-04-10T00:21:18.236Z","age":37},"registered":{"date":"2010-05-13T14:36:35.296Z","age":13},"phone":"(689) 906 1006","cell":"(631) 766 5928","id":{"name":"NSS","value":"86 40 06 3911 6"},"picture":{"large":"https://randomuser.me/api/portraits/men/71.jpg","medium":"https://randomuser.me/api/portraits/med/men/71.jpg","thumbnail":"https://randomuser.me/api/portraits/thumb/men/71.jpg"},"nat":"MX"}],"info":{"seed":"797f8c8f72dadb6a","results":1,"page":1,"version":"1.4"}} 
 </msg>
<msg time="2024-04-11T16:15:03.060561" level="INFO">/opt/hostedtoolcache/Python/3.12.2/x64/lib/python3.12/site-packages/urllib3/connectionpool.py:1103: InsecureRequestWarning: Unverified HTTPS request is being made to host 'randomuser.me'. Adding certificate verification is strongly advised. See: https://urllib3.readthedocs.io/en/latest/advanced-usage.html#tls-warnings
  warnings.warn(</msg>
<msg time="2024-04-11T16:15:03.060678" level="INFO">${response} = &lt;Response [200]&gt;</msg>
<var>${response}</var>
<arg>consultarAPI</arg>
<arg>/api</arg>
<doc>Sends a GET request on a previously created HTTP Session.</doc>
<status status="PASS" start="2024-04-11T16:15:02.965576" elapsed="0.095142"/>
</kw>
<kw name="Set Variable" owner="BuiltIn">
<msg time="2024-04-11T16:15:03.061751" level="INFO">${json_data} = {'results': [{'gender': 'male', 'name': {'title': 'Mr', 'first': 'Amador', 'last': 'Angulo'}, 'location': {'street': {'number': 9968, 'name': 'Eje vial Gambia'}, 'city': 'Telixtac', 'state': 'Sonora',...</msg>
<var>${json_data}</var>
<arg>${response.json()}</arg>
<doc>Returns the given values which can then be assigned to a variables.</doc>
<status status="PASS" start="2024-04-11T16:15:03.061180" elapsed="0.000598"/>
</kw>
<kw name="Log" owner="BuiltIn">
<msg time="2024-04-11T16:15:03.062229" level="INFO">{'results': [{'gender': 'male', 'name': {'title': 'Mr', 'first': 'Amador', 'last': 'Angulo'}, 'location': {'street': {'number': 9968, 'name': 'Eje vial Gambia'}, 'city': 'Telixtac', 'state': 'Sonora', 'country': 'Mexico', 'postcode': 69442, 'coordinates': {'latitude': '21.9179', 'longitude': '-101.8685'}, 'timezone': {'offset': '-1:00', 'description': 'Azores, Cape Verde Islands'}}, 'email': 'amador.angulo@example.com', 'login': {'uuid': '106f9dca-dca6-403c-b643-7c6beff1a211', 'username': 'brownduck504', 'password': 'gareth', 'salt': 'ZXMzdlXS', 'md5': 'c55b3b86e56d8a2b25461e7fd2600a14', 'sha1': '8d16dcc87d813e9f62eb5e31e8a3d14ad30d7c03', 'sha256': 'e9697eebfa4ecc3a78cf488f1ad0142be7cdcb03cd2ac8793f4dc0a80b376e4f'}, 'dob': {'date': '1987-04-10T00:21:18.236Z', 'age': 37}, 'registered': {'date': '2010-05-13T14:36:35.296Z', 'age': 13}, 'phone': '(689) 906 1006', 'cell': '(631) 766 5928', 'id': {'name': 'NSS', 'value': '86 40 06 3911 6'}, 'picture': {'large': 'https://randomuser.me/api/portraits/men/71.jpg', 'medium': 'https://randomuser.me/api/portraits/med/men/71.jpg', 'thumbnail': 'https://randomuser.me/api/portraits/thumb/men/71.jpg'}, 'nat': 'MX'}], 'info': {'seed': '797f8c8f72dadb6a', 'results': 1, 'page': 1, 'version': '1.4'}}</msg>
<arg>${json_data}</arg>
<doc>Logs the given message with the given level.</doc>
<status status="PASS" start="2024-04-11T16:15:03.062079" elapsed="0.000230"/>
</kw>
<kw name="Should Be Equal As Numbers" owner="BuiltIn">
<arg>${json_data['results'][0]['location']['postcode']}</arg>
<arg>${json_data['results'][0]['location']['postcode']}</arg>
<doc>Fails if objects are unequal after converting them to real numbers.</doc>
<status status="PASS" start="2024-04-11T16:15:03.062603" elapsed="0.000640"/>
</kw>
<kw name="Log" owner="BuiltIn">
<msg time="2024-04-11T16:15:03.063761" level="INFO">69442</msg>
<arg>${json_data['results'][0]['location']['postcode']}</arg>
<doc>Logs the given message with the given level.</doc>
<status status="PASS" start="2024-04-11T16:15:03.063430" elapsed="0.000372"/>
</kw>
<status status="PASS" start="2024-04-11T16:15:02.965350" elapsed="0.098699"/>
</kw>
<doc>Testa se os tipos de dados na resposta da API estão corretos.</doc>
<tag>testeTiposDados</tag>
<status status="PASS" start="2024-04-11T16:15:02.867357" elapsed="0.196848"/>
</test>
<test id="s1-s1-t5" name="Validar conteudo" line="35">
<kw name="Teste de Tipos de Conteudo" owner="random-user-service">
<kw name="GET On Session" owner="RequestsLibrary">
<msg time="2024-04-11T16:15:03.156261" level="INFO">GET Request : url=https://randomuser.me/api 
 path_url=/api 
 headers={'User-Agent': 'python-requests/2.31.0', 'Accept-Encoding': 'gzip, deflate', 'Accept': '*/*', 'Connection': 'keep-alive'} 
 body=None 
 </msg>
<msg time="2024-04-11T16:15:03.156349" level="INFO">GET Response : url=https://randomuser.me/api 
 status=200, reason=OK 
 headers={'Date': 'Thu, 11 Apr 2024 16:15:03 GMT', 'Content-Type': 'application/json; charset=utf-8', 'Transfer-Encoding': 'chunked', 'Connection': 'keep-alive', 'X-Powered-By': 'Express', 'Access-Control-Allow-Origin': '*', 'Cache-Control': 'no-cache', 'ETag': 'W/"475-yAxW6rNPPGiyo/cReGiV+vkvv44"', 'Vary': 'Accept-Encoding', 'Content-Encoding': 'gzip', 'CF-Cache-Status': 'DYNAMIC', 'Report-To': '{"endpoints":[{"url":"https:\\/\\/a.nel.cloudflare.com\\/report\\/v4?s=TqOyDnnbOOeJ8pTTz9TsB%2BQ3JjaPoexO2BSqSDVXRHc5mfTe%2BJp8t%2BIUYw9oHcB38Mh7LLgjt0zJTTG7J3wNXRTmbkK3dcxhBdSLod8GoEPtoUjXTaoOIOueuHVsfqbC"}],"group":"cf-nel","max_age":604800}', 'NEL': '{"success_fraction":0,"report_to":"cf-nel","max_age":604800}', 'Server': 'cloudflare', 'CF-RAY': '872c45ec3e3a965e-SJC', 'alt-svc': 'h3=":443"; ma=86400'} 
 body={"results":[{"gender":"male","name":{"title":"Mr","first":"Aditya","last":"Feijen"},"location":{"street":{"number":8032,"name":"Douwen"},"city":"Ijsselmuiden","state":"Drenthe","country":"Netherlands","postcode":"9951 EQ","coordinates":{"latitude":"31.5505","longitude":"-152.5079"},"timezone":{"offset":"-2:00","description":"Mid-Atlantic"}},"email":"aditya.feijen@example.com","login":{"uuid":"036c7602-70d2-4af8-88d5-ea8773efc2e2","username":"tinyfrog904","password":"land","salt":"Da1jM8HX","md5":"b3c839fa81bc69c516fc2cbe5d42c7a3","sha1":"45bfcd2a65c4ca5b8cd2e179b412dc0e15983fb9","sha256":"d31b3fc1443edafe69526ca6324fa100b429b67df1dd599441851715e617b2e0"},"dob":{"date":"1980-11-16T09:13:24.157Z","age":43},"registered":{"date":"2012-09-12T21:42:07.875Z","age":11},"phone":"(042) 8971919","cell":"(06) 68409093","id":{"name":"BSN","value":"74381659"},"picture":{"large":"https://randomuser.me/api/portraits/men/43.jpg","medium":"https://randomuser.me/api/portraits/med/men/43.jpg","thumbnail":"https://randomuser.me/api/portraits/thumb/men/43.jpg"},"nat":"NL"}],"info":{"seed":"3ea2e4375fad7889","results":1,"page":1,"version":"1.4"}} 
 </msg>
<msg time="2024-04-11T16:15:03.156423" level="INFO">/opt/hostedtoolcache/Python/3.12.2/x64/lib/python3.12/site-packages/urllib3/connectionpool.py:1103: InsecureRequestWarning: Unverified HTTPS request is being made to host 'randomuser.me'. Adding certificate verification is strongly advised. See: https://urllib3.readthedocs.io/en/latest/advanced-usage.html#tls-warnings
  warnings.warn(</msg>
<msg time="2024-04-11T16:15:03.156539" level="INFO">${response} = &lt;Response [200]&gt;</msg>
<var>${response}</var>
<arg>consultarAPI</arg>
<arg>/api</arg>
<doc>Sends a GET request on a previously created HTTP Session.</doc>
<status status="PASS" start="2024-04-11T16:15:03.066968" elapsed="0.089626"/>
</kw>
<kw name="Set Variable" owner="BuiltIn">
<msg time="2024-04-11T16:15:03.157691" level="INFO">${json_data} = {'results': [{'gender': 'male', 'name': {'title': 'Mr', 'first': 'Aditya', 'last': 'Feijen'}, 'location': {'street': {'number': 8032, 'name': 'Douwen'}, 'city': 'Ijsselmuiden', 'state': 'Drenthe', 'co...</msg>
<var>${json_data}</var>
<arg>${response.json()}</arg>
<doc>Returns the given values which can then be assigned to a variables.</doc>
<status status="PASS" start="2024-04-11T16:15:03.157118" elapsed="0.000601"/>
</kw>
<kw name="Set Variable" owner="BuiltIn">
<msg time="2024-04-11T16:15:03.158400" level="INFO">${name_title} = Mr</msg>
<var>${name_title}</var>
<arg>${json_data["results"][0]["name"]["title"]}</arg>
<doc>Returns the given values which can then be assigned to a variables.</doc>
<status status="PASS" start="2024-04-11T16:15:03.158019" elapsed="0.000406"/>
</kw>
<kw name="Create List" owner="BuiltIn">
<msg time="2024-04-11T16:15:03.158863" level="INFO">${allowed_titles} = ['Mr', 'Ms', 'Miss', 'Mrs', 'Madame', 'Monsieur']</msg>
<var>${allowed_titles}</var>
<arg>Mr</arg>
<arg>Ms</arg>
<arg>Miss</arg>
<arg>Mrs</arg>
<arg>Madame</arg>
<arg>Monsieur</arg>
<doc>Returns a list containing given items.</doc>
<status status="PASS" start="2024-04-11T16:15:03.158717" elapsed="0.000170"/>
</kw>
<kw name="List Should Contain Value" owner="Collections">
<msg time="2024-04-11T16:15:03.159350" level="INFO">False</msg>
<arg>${allowed_titles}</arg>
<arg>${name_title}</arg>
<doc>Fails if the ``value`` is not found from ``list``.</doc>
<status status="PASS" start="2024-04-11T16:15:03.159184" elapsed="0.000203"/>
</kw>
<kw name="Set Variable" owner="BuiltIn">
<msg time="2024-04-11T16:15:03.160038" level="INFO">${name_country} = NL</msg>
<var>${name_country}</var>
<arg>${json_data["results"][0]["nat"]}</arg>
<doc>Returns the given values which can then be assigned to a variables.</doc>
<status status="PASS" start="2024-04-11T16:15:03.159670" elapsed="0.000394"/>
</kw>
<kw name="Create List" owner="BuiltIn">
<msg time="2024-04-11T16:15:03.161008" level="INFO">${list_country} = ['AD', 'AE', 'AF', 'AG', 'AI', 'AL', 'AM', 'AO', 'AQ', 'AR', 'AS', 'AT', 'AU', 'AW', 'AX', 'AZ', 'BA', 'BB', 'BD', 'BE', 'BF', 'BG', 'BH', 'BI', 'BJ', 'BL', 'BM', 'BN', 'BO', 'BQ', 'BR', 'BS', 'BT', '...</msg>
<var>${list_country}</var>
<arg>AD</arg>
<arg>AE</arg>
<arg>AF</arg>
<arg>AG</arg>
<arg>AI</arg>
<arg>AL</arg>
<arg>AM</arg>
<arg>AO</arg>
<arg>AQ</arg>
<arg>AR</arg>
<arg>AS</arg>
<arg>AT</arg>
<arg>AU</arg>
<arg>AW</arg>
<arg>AX</arg>
<arg>AZ</arg>
<arg>BA</arg>
<arg>BB</arg>
<arg>BD</arg>
<arg>BE</arg>
<arg>BF</arg>
<arg>BG</arg>
<arg>BH</arg>
<arg>BI</arg>
<arg>BJ</arg>
<arg>BL</arg>
<arg>BM</arg>
<arg>BN</arg>
<arg>BO</arg>
<arg>BQ</arg>
<arg>BR</arg>
<arg>BS</arg>
<arg>BT</arg>
<arg>BV</arg>
<arg>BW</arg>
<arg>BY</arg>
<arg>BZ</arg>
<arg>CA</arg>
<arg>CC</arg>
<arg>CD</arg>
<arg>CF</arg>
<arg>CG</arg>
<arg>CH</arg>
<arg>CI</arg>
<arg>CK</arg>
<arg>CL</arg>
<arg>CM</arg>
<arg>CN</arg>
<arg>CO</arg>
<arg>CR</arg>
<arg>CU</arg>
<arg>CV</arg>
<arg>CW</arg>
<arg>CX</arg>
<arg>CY</arg>
<arg>CZ</arg>
<arg>DE</arg>
<arg>DJ</arg>
<arg>DK</arg>
<arg>DM</arg>
<arg>DO</arg>
<arg>DZ</arg>
<arg>EC</arg>
<arg>EE</arg>
<arg>EG</arg>
<arg>EH</arg>
<arg>ER</arg>
<arg>ES</arg>
<arg>ET</arg>
<arg>FI</arg>
<arg>FJ</arg>
<arg>FK</arg>
<arg>FM</arg>
<arg>FO</arg>
<arg>FR</arg>
<arg>GA</arg>
<arg>GB</arg>
<arg>GD</arg>
<arg>GE</arg>
<arg>GF</arg>
<arg>GG</arg>
<arg>GH</arg>
<arg>GI</arg>
<arg>GL</arg>
<arg>GM</arg>
<arg>GN</arg>
<arg>GP</arg>
<arg>GQ</arg>
<arg>GR</arg>
<arg>GS</arg>
<arg>GT</arg>
<arg>GU</arg>
<arg>GW</arg>
<arg>GY</arg>
<arg>HK</arg>
<arg>HM</arg>
<arg>HN</arg>
<arg>HR</arg>
<arg>HT</arg>
<arg>HU</arg>
<arg>ID</arg>
<arg>IE</arg>
<arg>IL</arg>
<arg>IM</arg>
<arg>IN</arg>
<arg>IO</arg>
<arg>IQ</arg>
<arg>IR</arg>
<arg>IS</arg>
<arg>IT</arg>
<arg>JE</arg>
<arg>JM</arg>
<arg>JO</arg>
<arg>JP</arg>
<arg>KE</arg>
<arg>KG</arg>
<arg>KH</arg>
<arg>KI</arg>
<arg>KM</arg>
<arg>KN</arg>
<arg>KP</arg>
<arg>KR</arg>
<arg>KW</arg>
<arg>KY</arg>
<arg>KZ</arg>
<arg>LA</arg>
<arg>LB</arg>
<arg>LC</arg>
<arg>LI</arg>
<arg>LK</arg>
<arg>LR</arg>
<arg>LS</arg>
<arg>LT</arg>
<arg>LU</arg>
<arg>LV</arg>
<arg>LY</arg>
<arg>MA</arg>
<arg>MC</arg>
<arg>MD</arg>
<arg>ME</arg>
<arg>MF</arg>
<arg>MG</arg>
<arg>MH</arg>
<arg>MK</arg>
<arg>ML</arg>
<arg>MM</arg>
<arg>MN</arg>
<arg>MO</arg>
<arg>MP</arg>
<arg>MQ</arg>
<arg>MR</arg>
<arg>MS</arg>
<arg>MT</arg>
<arg>MU</arg>
<arg>MV</arg>
<arg>MW</arg>
<arg>MX</arg>
<arg>MY</arg>
<arg>MZ</arg>
<arg>NA</arg>
<arg>NC</arg>
<arg>NE</arg>
<arg>NF</arg>
<arg>NG</arg>
<arg>NI</arg>
<arg>NL</arg>
<arg>NO</arg>
<arg>NP</arg>
<arg>NR</arg>
<arg>NU</arg>
<arg>NZ</arg>
<arg>OM</arg>
<arg>PA</arg>
<arg>PE</arg>
<arg>PF</arg>
<arg>PG</arg>
<arg>PH</arg>
<arg>PK</arg>
<arg>PL</arg>
<arg>PM</arg>
<arg>PN</arg>
<arg>PR</arg>
<arg>PS</arg>
<arg>PT</arg>
<arg>PW</arg>
<arg>PY</arg>
<arg>QA</arg>
<arg>RE</arg>
<arg>RO</arg>
<arg>RS</arg>
<arg>RU</arg>
<arg>RW</arg>
<arg>SA</arg>
<arg>SB</arg>
<arg>SC</arg>
<arg>SD</arg>
<arg>SE</arg>
<arg>SG</arg>
<arg>SH</arg>
<arg>SI</arg>
<arg>SJ</arg>
<arg>SK</arg>
<arg>SL</arg>
<arg>SM</arg>
<arg>SN</arg>
<arg>SO</arg>
<arg>SR</arg>
<arg>SS</arg>
<arg>ST</arg>
<arg>SV</arg>
<arg>SX</arg>
<arg>SY</arg>
<arg>SZ</arg>
<arg>TC</arg>
<arg>TD</arg>
<arg>TF</arg>
<arg>TG</arg>
<arg>TH</arg>
<arg>TJ</arg>
<arg>TK</arg>
<arg>TL</arg>
<arg>TM</arg>
<arg>TN</arg>
<arg>TO</arg>
<arg>TR</arg>
<arg>TT</arg>
<arg>TV</arg>
<arg>TW</arg>
<arg>TZ</arg>
<arg>UA</arg>
<arg>UG</arg>
<arg>UM</arg>
<arg>US</arg>
<arg>UY</arg>
<arg>UZ</arg>
<arg>VA</arg>
<arg>VC</arg>
<arg>VE</arg>
<arg>VG</arg>
<arg>VI</arg>
<arg>VN</arg>
<arg>VU</arg>
<arg>WF</arg>
<arg>WS</arg>
<arg>XK</arg>
<arg>YE</arg>
<arg>YT</arg>
<arg>ZA</arg>
<arg>ZM</arg>
<arg>ZW</arg>
<doc>Returns a list containing given items.</doc>
<status status="PASS" start="2024-04-11T16:15:03.160408" elapsed="0.000626"/>
</kw>
<kw name="List Should Contain Value" owner="Collections">
<msg time="2024-04-11T16:15:03.162018" level="INFO">False</msg>
<arg>${list_country}</arg>
<arg>${name_country}</arg>
<doc>Fails if the ``value`` is not found from ``list``.</doc>
<status status="PASS" start="2024-04-11T16:15:03.161808" elapsed="0.000247"/>
</kw>
<kw name="Run Keyword If" owner="BuiltIn">
<kw name="Should Be True" owner="BuiltIn">
<arg>${True}</arg>
<doc>Fails if the given condition is not true.</doc>
<status status="PASS" start="2024-04-11T16:15:03.163206" elapsed="0.000144"/>
</kw>
<arg>${json_data["results"][0]["location"]["coordinates"]["latitude"]} &gt;= -90 and ${json_data["results"][0]["location"]["coordinates"]["latitude"]} &lt;= 90</arg>
<arg>Should Be True</arg>
<arg>${True}</arg>
<doc>Runs the given keyword with the given arguments, if ``condition`` is true.</doc>
<status status="PASS" start="2024-04-11T16:15:03.162358" elapsed="0.001118"/>
</kw>
<kw name="Run Keyword If" owner="BuiltIn">
<kw name="Should Be True" owner="BuiltIn">
<arg>${True}</arg>
<doc>Fails if the given condition is not true.</doc>
<status status="PASS" start="2024-04-11T16:15:03.164383" elapsed="0.000140"/>
</kw>
<arg>${json_data["results"][0]["location"]["coordinates"]["longitude"]} &gt;= -180 and ${json_data["results"][0]["location"]["coordinates"]["longitude"]} &lt;= 180</arg>
<arg>Should Be True</arg>
<arg>${True}</arg>
<doc>Runs the given keyword with the given arguments, if ``condition`` is true.</doc>
<status status="PASS" start="2024-04-11T16:15:03.163661" elapsed="0.000985"/>
</kw>
<status status="PASS" start="2024-04-11T16:15:03.066608" elapsed="0.098168"/>
</kw>
<doc>Testa o conteúdo específico dos campos retornados pela API.</doc>
<tag>testeConteudo</tag>
<status status="PASS" start="2024-04-11T16:15:03.065953" elapsed="0.098974"/>
</test>
<status status="PASS" start="2024-04-11T16:15:02.153958" elapsed="1.012873"/>
</suite>
<status status="PASS" start="2024-04-11T16:15:02.140432" elapsed="1.031753"/>
</suite>
<statistics>
<total>
<stat pass="5" fail="0" skip="0">All Tests</stat>
</total>
<tag>
<stat pass="1" fail="0" skip="0">testeConteudo</stat>
<stat pass="1" fail="0" skip="0">testeEstruturaResposta</stat>
<stat pass="1" fail="0" skip="0">testeRequisicaoBasica</stat>
<stat pass="1" fail="0" skip="0">testeTiposDados</stat>
</tag>
<suite>
<stat pass="5" fail="0" skip="0" id="s1" name="Tests">Tests</stat>
<stat pass="5" fail="0" skip="0" id="s1-s1" name="Random-User-Test">Tests.Random-User-Test</stat>
</suite>
</statistics>
<errors>
</errors>
</robot>
