<?xml version="1.0" encoding="UTF-8"?>
<robot generator="Robot 7.0 (Python 3.12.2 on linux)" generated="2024-04-02T13:14:58.877190" rpa="false" schemaversion="5">
<suite id="s1" name="Tests" source="/home/runner/work/DesafioQAItauRogerioJordao/DesafioQAItauRogerioJordao/RamdonUser/tests">
<suite id="s1-s1" name="Random-User-Test" source="/home/runner/work/DesafioQAItauRogerioJordao/DesafioQAItauRogerioJordao/RamdonUser/tests/random-user-test.robot">
<test id="s1-s1-t1" name="Conectar" line="13">
<kw name="Conectar API" owner="random-user-service">
<kw name="Create Session" owner="RequestsLibrary">
<msg time="2024-04-02T13:14:59.255292" level="INFO">Creating Session using : alias=consultarAPI, url=https://randomuser.me/, headers={},                     cookies={}, auth=None, timeout=None, proxies=None, verify=False,                     debug=0 </msg>
<arg>consultarAPI</arg>
<arg>${URL}</arg>
<doc>Create Session: create a HTTP session to a server</doc>
<status status="PASS" start="2024-04-02T13:14:59.255088" elapsed="0.000365"/>
</kw>
<status status="PASS" start="2024-04-02T13:14:59.254037" elapsed="0.001770"/>
</kw>
<status status="PASS" start="2024-04-02T13:14:59.253383" elapsed="0.002629"/>
</test>
<test id="s1-s1-t2" name="Validar retorno 200 e JSON Válido" line="16">
<kw name="Teste de Requisicao Basica" owner="random-user-service">
<kw name="GET On Session" owner="RequestsLibrary">
<msg time="2024-04-02T13:14:59.450584" level="INFO">GET Request : url=https://randomuser.me/api 
 path_url=/api 
 headers={'User-Agent': 'python-requests/2.31.0', 'Accept-Encoding': 'gzip, deflate', 'Accept': '*/*', 'Connection': 'keep-alive'} 
 body=None 
 </msg>
<msg time="2024-04-02T13:14:59.450734" level="INFO">GET Response : url=https://randomuser.me/api 
 status=200, reason=OK 
 headers={'Date': 'Tue, 02 Apr 2024 13:14:59 GMT', 'Content-Type': 'application/json; charset=utf-8', 'Transfer-Encoding': 'chunked', 'Connection': 'keep-alive', 'X-Powered-By': 'Express', 'Access-Control-Allow-Origin': '*', 'Cache-Control': 'no-cache', 'ETag': 'W/"49b-+/aoHgvuF3YUbYA8O2a5jkAeuEQ"', 'Vary': 'Accept-Encoding', 'Content-Encoding': 'gzip', 'CF-Cache-Status': 'DYNAMIC', 'Report-To': '{"endpoints":[{"url":"https:\\/\\/a.nel.cloudflare.com\\/report\\/v4?s=HnthdKxTCxm3cxGc69YW7koWAPyt0w%2BUIrakAPBZEDYY2W0f0yRekSmgdwl%2BzCuOmS%2FoRUvWNfK6OCSUrjZZqt4PfKa7gmFvTIVC6W5SYWAY4bUOB8ZV1%2Bzk5dCvoBWK"}],"group":"cf-nel","max_age":604800}', 'NEL': '{"success_fraction":0,"report_to":"cf-nel","max_age":604800}', 'Server': 'cloudflare', 'CF-RAY': '86e115c93be26386-ORD', 'alt-svc': 'h3=":443"; ma=86400'} 
 body={"results":[{"gender":"female","name":{"title":"Mrs","first":"Vårin","last":"Vestrheim"},"location":{"street":{"number":8341,"name":"Jernbaneveien"},"city":"Hogsetfeltet","state":"Trøndelag","country":"Norway","postcode":"9483","coordinates":{"latitude":"46.7165","longitude":"53.3222"},"timezone":{"offset":"-4:00","description":"Atlantic Time (Canada), Caracas, La Paz"}},"email":"varin.vestrheim@example.com","login":{"uuid":"fe54d64e-3ec8-40c1-ab37-b5ad5d46f5a9","username":"heavypanda391","password":"cadillac","salt":"3VHaWgjR","md5":"9c84b11f8fb03f912df891f601add543","sha1":"88b657fc8886df83078e82878e09b535945eef89","sha256":"3641d233a98548e3b122f1d8f15d2b50940fc3415ab585ebcaf109401abe2258"},"dob":{"date":"1980-11-25T04:58:14.593Z","age":43},"registered":{"date":"2018-12-02T07:25:37.082Z","age":5},"phone":"83393655","cell":"94702255","id":{"name":"FN","value":"25118025256"},"picture":{"large":"https://randomuser.me/api/portraits/women/35.jpg","medium":"https://randomuser.me/api/portraits/med/women/35.jpg","thumbnail":"https://randomuser.me/api/portraits/thumb/women/35.jpg"},"nat":"NO"}],"info":{"seed":"ca4b9cd82fdf7d83","results":1,"page":1,"version":"1.4"}} 
 </msg>
<msg time="2024-04-02T13:14:59.450841" level="INFO">/opt/hostedtoolcache/Python/3.12.2/x64/lib/python3.12/site-packages/urllib3/connectionpool.py:1103: InsecureRequestWarning: Unverified HTTPS request is being made to host 'randomuser.me'. Adding certificate verification is strongly advised. See: https://urllib3.readthedocs.io/en/latest/advanced-usage.html#tls-warnings
  warnings.warn(</msg>
<msg time="2024-04-02T13:14:59.450966" level="INFO">${response} = &lt;Response [200]&gt;</msg>
<var>${response}</var>
<arg>consultarAPI</arg>
<arg>/api</arg>
<doc>Sends a GET request on a previously created HTTP Session.</doc>
<status status="PASS" start="2024-04-02T13:14:59.258606" elapsed="0.192403"/>
</kw>
<kw name="Should Be Equal As Numbers" owner="BuiltIn">
<msg time="2024-04-02T13:14:59.451937" level="INFO">Argument types are:
&lt;class 'int'&gt;
&lt;class 'str'&gt;</msg>
<arg>${response.status_code}</arg>
<arg>200</arg>
<doc>Fails if objects are unequal after converting them to real numbers.</doc>
<status status="PASS" start="2024-04-02T13:14:59.451482" elapsed="0.000521"/>
</kw>
<kw name="Log" owner="BuiltIn">
<msg time="2024-04-02T13:14:59.452708" level="INFO">200</msg>
<arg>${response.status_code}</arg>
<doc>Logs the given message with the given level.</doc>
<status status="PASS" start="2024-04-02T13:14:59.452337" elapsed="0.000414"/>
</kw>
<kw name="Set Variable" owner="BuiltIn">
<msg time="2024-04-02T13:14:59.453573" level="INFO">${json_data} = {'results': [{'gender': 'female', 'name': {'title': 'Mrs', 'first': 'Vårin', 'last': 'Vestrheim'}, 'location': {'street': {'number': 8341, 'name': 'Jernbaneveien'}, 'city': 'Hogsetfeltet', 'state': 'T...</msg>
<var>${json_data}</var>
<arg>${response.json()}</arg>
<doc>Returns the given values which can then be assigned to a variables.</doc>
<status status="PASS" start="2024-04-02T13:14:59.453118" elapsed="0.000485"/>
</kw>
<kw name="Dictionary Should Contain Key" owner="Collections">
<msg time="2024-04-02T13:14:59.454082" level="INFO">False</msg>
<arg>${json_data}</arg>
<arg>results</arg>
<doc>Fails if ``key`` is not found from ``dictionary``.</doc>
<status status="PASS" start="2024-04-02T13:14:59.453913" elapsed="0.000208"/>
</kw>
<status status="PASS" start="2024-04-02T13:14:59.258353" elapsed="0.196031"/>
</kw>
<doc>Testa se a API responde corretamente e retorna um objeto JSON válido.</doc>
<tag>testeRequisicaoBasica</tag>
<status status="PASS" start="2024-04-02T13:14:59.257877" elapsed="0.196691"/>
</test>
<test id="s1-s1-t3" name="Validar estrutura de resposta" line="22">
<kw name="Teste de Estrutura de Resposta" owner="random-user-service">
<kw name="GET On Session" owner="RequestsLibrary">
<msg time="2024-04-02T13:14:59.566328" level="INFO">GET Request : url=https://randomuser.me/api 
 path_url=/api 
 headers={'User-Agent': 'python-requests/2.31.0', 'Accept-Encoding': 'gzip, deflate', 'Accept': '*/*', 'Connection': 'keep-alive'} 
 body=None 
 </msg>
<msg time="2024-04-02T13:14:59.566410" level="INFO">GET Response : url=https://randomuser.me/api 
 status=200, reason=OK 
 headers={'Date': 'Tue, 02 Apr 2024 13:14:59 GMT', 'Content-Type': 'application/json; charset=utf-8', 'Transfer-Encoding': 'chunked', 'Connection': 'keep-alive', 'X-Powered-By': 'Express', 'Access-Control-Allow-Origin': '*', 'Cache-Control': 'no-cache', 'ETag': 'W/"48d-vSbJz1iRmXJ3XuINBUrAa62otxU"', 'Vary': 'Accept-Encoding', 'Content-Encoding': 'gzip', 'CF-Cache-Status': 'DYNAMIC', 'Report-To': '{"endpoints":[{"url":"https:\\/\\/a.nel.cloudflare.com\\/report\\/v4?s=C%2FlFFLYwft4B7FceHdTo6oTdFn6%2FsEPA66InPBk5J1FcY7xuMAtKA6aXOVOhPFE5nRjaR%2BzJ%2BtjFqcKOj2zxyyi9xch8MEr3jr%2F4r2GNpauptxAd2LTvhQnAb0fnlJuQ"}],"group":"cf-nel","max_age":604800}', 'NEL': '{"success_fraction":0,"report_to":"cf-nel","max_age":604800}', 'Server': 'cloudflare', 'CF-RAY': '86e115c99c4e6386-ORD', 'alt-svc': 'h3=":443"; ma=86400'} 
 body={"results":[{"gender":"male","name":{"title":"Mr","first":"Anton","last":"Kristensen"},"location":{"street":{"number":9101,"name":"Sverigesvej"},"city":"Argerskov","state":"Midtjylland","country":"Denmark","postcode":88407,"coordinates":{"latitude":"-45.6097","longitude":"-10.1196"},"timezone":{"offset":"+4:00","description":"Abu Dhabi, Muscat, Baku, Tbilisi"}},"email":"anton.kristensen@example.com","login":{"uuid":"159ec16d-3018-4a35-b7b1-e8af9cb402ab","username":"sadbutterfly889","password":"jakejake","salt":"odfFNnuo","md5":"b13dded28fda4c67ef0d18cfd11b1e56","sha1":"e0fcfc5d02e17ef36216a69aa1eb0afa2c8c3880","sha256":"aa7679f5ef5f2de58ba413941c257ad57478d1084edac3d727434e579c3c6380"},"dob":{"date":"1973-03-17T23:33:19.759Z","age":51},"registered":{"date":"2015-03-06T06:48:34.418Z","age":9},"phone":"57620167","cell":"89998879","id":{"name":"CPR","value":"170373-1505"},"picture":{"large":"https://randomuser.me/api/portraits/men/93.jpg","medium":"https://randomuser.me/api/portraits/med/men/93.jpg","thumbnail":"https://randomuser.me/api/portraits/thumb/men/93.jpg"},"nat":"DK"}],"info":{"seed":"da856faa1e28bd61","results":1,"page":1,"version":"1.4"}} 
 </msg>
<msg time="2024-04-02T13:14:59.566536" level="INFO">/opt/hostedtoolcache/Python/3.12.2/x64/lib/python3.12/site-packages/urllib3/connectionpool.py:1103: InsecureRequestWarning: Unverified HTTPS request is being made to host 'randomuser.me'. Adding certificate verification is strongly advised. See: https://urllib3.readthedocs.io/en/latest/advanced-usage.html#tls-warnings
  warnings.warn(</msg>
<msg time="2024-04-02T13:14:59.566658" level="INFO">${response} = &lt;Response [200]&gt;</msg>
<var>${response}</var>
<arg>consultarAPI</arg>
<arg>/api</arg>
<doc>Sends a GET request on a previously created HTTP Session.</doc>
<status status="PASS" start="2024-04-02T13:14:59.457370" elapsed="0.109336"/>
</kw>
<kw name="Set Variable" owner="BuiltIn">
<msg time="2024-04-02T13:14:59.567594" level="INFO">${json_data} = {'results': [{'gender': 'male', 'name': {'title': 'Mr', 'first': 'Anton', 'last': 'Kristensen'}, 'location': {'street': {'number': 9101, 'name': 'Sverigesvej'}, 'city': 'Argerskov', 'state': 'Midtjyll...</msg>
<var>${json_data}</var>
<arg>${response.json()}</arg>
<doc>Returns the given values which can then be assigned to a variables.</doc>
<status status="PASS" start="2024-04-02T13:14:59.567135" elapsed="0.000487"/>
</kw>
<kw name="Log" owner="BuiltIn">
<msg time="2024-04-02T13:14:59.568083" level="INFO">{'results': [{'gender': 'male', 'name': {'title': 'Mr', 'first': 'Anton', 'last': 'Kristensen'}, 'location': {'street': {'number': 9101, 'name': 'Sverigesvej'}, 'city': 'Argerskov', 'state': 'Midtjylland', 'country': 'Denmark', 'postcode': 88407, 'coordinates': {'latitude': '-45.6097', 'longitude': '-10.1196'}, 'timezone': {'offset': '+4:00', 'description': 'Abu Dhabi, Muscat, Baku, Tbilisi'}}, 'email': 'anton.kristensen@example.com', 'login': {'uuid': '159ec16d-3018-4a35-b7b1-e8af9cb402ab', 'username': 'sadbutterfly889', 'password': 'jakejake', 'salt': 'odfFNnuo', 'md5': 'b13dded28fda4c67ef0d18cfd11b1e56', 'sha1': 'e0fcfc5d02e17ef36216a69aa1eb0afa2c8c3880', 'sha256': 'aa7679f5ef5f2de58ba413941c257ad57478d1084edac3d727434e579c3c6380'}, 'dob': {'date': '1973-03-17T23:33:19.759Z', 'age': 51}, 'registered': {'date': '2015-03-06T06:48:34.418Z', 'age': 9}, 'phone': '57620167', 'cell': '89998879', 'id': {'name': 'CPR', 'value': '170373-1505'}, 'picture': {'large': 'https://randomuser.me/api/portraits/men/93.jpg', 'medium': 'https://randomuser.me/api/portraits/med/men/93.jpg', 'thumbnail': 'https://randomuser.me/api/portraits/thumb/men/93.jpg'}, 'nat': 'DK'}], 'info': {'seed': 'da856faa1e28bd61', 'results': 1, 'page': 1, 'version': '1.4'}}</msg>
<arg>${json_data}</arg>
<doc>Logs the given message with the given level.</doc>
<status status="PASS" start="2024-04-02T13:14:59.567926" elapsed="0.000204"/>
</kw>
<kw name="Dictionary Should Contain Key" owner="Collections">
<msg time="2024-04-02T13:14:59.568573" level="INFO">False</msg>
<arg>${json_data}</arg>
<arg>results</arg>
<doc>Fails if ``key`` is not found from ``dictionary``.</doc>
<status status="PASS" start="2024-04-02T13:14:59.568421" elapsed="0.000188"/>
</kw>
<kw name="Should Not Be Empty" owner="BuiltIn">
<msg time="2024-04-02T13:14:59.569070" level="INFO">Length is 2.</msg>
<arg>${json_data}</arg>
<doc>Verifies that the given item is not empty.</doc>
<status status="PASS" start="2024-04-02T13:14:59.568937" elapsed="0.000171"/>
</kw>
<kw name="Create List" owner="BuiltIn">
<msg time="2024-04-02T13:14:59.569551" level="INFO">${expected_keys} = ['gender', 'name', 'location', 'email', 'login']</msg>
<var>${expected_keys}</var>
<arg>gender</arg>
<arg>name</arg>
<arg>location</arg>
<arg>email</arg>
<arg>login</arg>
<doc>Returns a list containing given items.</doc>
<status status="PASS" start="2024-04-02T13:14:59.569398" elapsed="0.000176"/>
</kw>
<for flavor="IN">
<iter>
<kw name="Dictionary Should Contain Key" owner="Collections">
<msg time="2024-04-02T13:14:59.570543" level="INFO">False</msg>
<arg>${json_data['results'][0]}</arg>
<arg>${key}</arg>
<doc>Fails if ``key`` is not found from ``dictionary``.</doc>
<status status="PASS" start="2024-04-02T13:14:59.570143" elapsed="0.000439"/>
</kw>
<kw name="Log" owner="BuiltIn">
<msg time="2024-04-02T13:14:59.571269" level="INFO">{'gender': 'male', 'name': {'title': 'Mr', 'first': 'Anton', 'last': 'Kristensen'}, 'location': {'street': {'number': 9101, 'name': 'Sverigesvej'}, 'city': 'Argerskov', 'state': 'Midtjylland', 'country': 'Denmark', 'postcode': 88407, 'coordinates': {'latitude': '-45.6097', 'longitude': '-10.1196'}, 'timezone': {'offset': '+4:00', 'description': 'Abu Dhabi, Muscat, Baku, Tbilisi'}}, 'email': 'anton.kristensen@example.com', 'login': {'uuid': '159ec16d-3018-4a35-b7b1-e8af9cb402ab', 'username': 'sadbutterfly889', 'password': 'jakejake', 'salt': 'odfFNnuo', 'md5': 'b13dded28fda4c67ef0d18cfd11b1e56', 'sha1': 'e0fcfc5d02e17ef36216a69aa1eb0afa2c8c3880', 'sha256': 'aa7679f5ef5f2de58ba413941c257ad57478d1084edac3d727434e579c3c6380'}, 'dob': {'date': '1973-03-17T23:33:19.759Z', 'age': 51}, 'registered': {'date': '2015-03-06T06:48:34.418Z', 'age': 9}, 'phone': '57620167', 'cell': '89998879', 'id': {'name': 'CPR', 'value': '170373-1505'}, 'picture': {'large': 'https://randomuser.me/api/portraits/men/93.jpg', 'medium': 'https://randomuser.me/api/portraits/med/men/93.jpg', 'thumbnail': 'https://randomuser.me/api/portraits/thumb/men/93.jpg'}, 'nat': 'DK'}</msg>
<arg>${json_data['results'][0]}</arg>
<doc>Logs the given message with the given level.</doc>
<status status="PASS" start="2024-04-02T13:14:59.570898" elapsed="0.000424"/>
</kw>
<kw name="Log" owner="BuiltIn">
<msg time="2024-04-02T13:14:59.571756" level="INFO">gender</msg>
<arg>${key}</arg>
<doc>Logs the given message with the given level.</doc>
<status status="PASS" start="2024-04-02T13:14:59.571627" elapsed="0.000166"/>
</kw>
<var name="${key}">gender</var>
<status status="PASS" start="2024-04-02T13:14:59.570021" elapsed="0.001992"/>
</iter>
<iter>
<kw name="Dictionary Should Contain Key" owner="Collections">
<msg time="2024-04-02T13:14:59.572685" level="INFO">False</msg>
<arg>${json_data['results'][0]}</arg>
<arg>${key}</arg>
<doc>Fails if ``key`` is not found from ``dictionary``.</doc>
<status status="PASS" start="2024-04-02T13:14:59.572311" elapsed="0.000417"/>
</kw>
<kw name="Log" owner="BuiltIn">
<msg time="2024-04-02T13:14:59.573450" level="INFO">{'gender': 'male', 'name': {'title': 'Mr', 'first': 'Anton', 'last': 'Kristensen'}, 'location': {'street': {'number': 9101, 'name': 'Sverigesvej'}, 'city': 'Argerskov', 'state': 'Midtjylland', 'country': 'Denmark', 'postcode': 88407, 'coordinates': {'latitude': '-45.6097', 'longitude': '-10.1196'}, 'timezone': {'offset': '+4:00', 'description': 'Abu Dhabi, Muscat, Baku, Tbilisi'}}, 'email': 'anton.kristensen@example.com', 'login': {'uuid': '159ec16d-3018-4a35-b7b1-e8af9cb402ab', 'username': 'sadbutterfly889', 'password': 'jakejake', 'salt': 'odfFNnuo', 'md5': 'b13dded28fda4c67ef0d18cfd11b1e56', 'sha1': 'e0fcfc5d02e17ef36216a69aa1eb0afa2c8c3880', 'sha256': 'aa7679f5ef5f2de58ba413941c257ad57478d1084edac3d727434e579c3c6380'}, 'dob': {'date': '1973-03-17T23:33:19.759Z', 'age': 51}, 'registered': {'date': '2015-03-06T06:48:34.418Z', 'age': 9}, 'phone': '57620167', 'cell': '89998879', 'id': {'name': 'CPR', 'value': '170373-1505'}, 'picture': {'large': 'https://randomuser.me/api/portraits/men/93.jpg', 'medium': 'https://randomuser.me/api/portraits/med/men/93.jpg', 'thumbnail': 'https://randomuser.me/api/portraits/thumb/men/93.jpg'}, 'nat': 'DK'}</msg>
<arg>${json_data['results'][0]}</arg>
<doc>Logs the given message with the given level.</doc>
<status status="PASS" start="2024-04-02T13:14:59.573091" elapsed="0.000406"/>
</kw>
<kw name="Log" owner="BuiltIn">
<msg time="2024-04-02T13:14:59.573922" level="INFO">name</msg>
<arg>${key}</arg>
<doc>Logs the given message with the given level.</doc>
<status status="PASS" start="2024-04-02T13:14:59.573794" elapsed="0.000165"/>
</kw>
<var name="${key}">name</var>
<status status="PASS" start="2024-04-02T13:14:59.572197" elapsed="0.001976"/>
</iter>
<iter>
<kw name="Dictionary Should Contain Key" owner="Collections">
<msg time="2024-04-02T13:14:59.574837" level="INFO">False</msg>
<arg>${json_data['results'][0]}</arg>
<arg>${key}</arg>
<doc>Fails if ``key`` is not found from ``dictionary``.</doc>
<status status="PASS" start="2024-04-02T13:14:59.574459" elapsed="0.000416"/>
</kw>
<kw name="Log" owner="BuiltIn">
<msg time="2024-04-02T13:14:59.575533" level="INFO">{'gender': 'male', 'name': {'title': 'Mr', 'first': 'Anton', 'last': 'Kristensen'}, 'location': {'street': {'number': 9101, 'name': 'Sverigesvej'}, 'city': 'Argerskov', 'state': 'Midtjylland', 'country': 'Denmark', 'postcode': 88407, 'coordinates': {'latitude': '-45.6097', 'longitude': '-10.1196'}, 'timezone': {'offset': '+4:00', 'description': 'Abu Dhabi, Muscat, Baku, Tbilisi'}}, 'email': 'anton.kristensen@example.com', 'login': {'uuid': '159ec16d-3018-4a35-b7b1-e8af9cb402ab', 'username': 'sadbutterfly889', 'password': 'jakejake', 'salt': 'odfFNnuo', 'md5': 'b13dded28fda4c67ef0d18cfd11b1e56', 'sha1': 'e0fcfc5d02e17ef36216a69aa1eb0afa2c8c3880', 'sha256': 'aa7679f5ef5f2de58ba413941c257ad57478d1084edac3d727434e579c3c6380'}, 'dob': {'date': '1973-03-17T23:33:19.759Z', 'age': 51}, 'registered': {'date': '2015-03-06T06:48:34.418Z', 'age': 9}, 'phone': '57620167', 'cell': '89998879', 'id': {'name': 'CPR', 'value': '170373-1505'}, 'picture': {'large': 'https://randomuser.me/api/portraits/men/93.jpg', 'medium': 'https://randomuser.me/api/portraits/med/men/93.jpg', 'thumbnail': 'https://randomuser.me/api/portraits/thumb/men/93.jpg'}, 'nat': 'DK'}</msg>
<arg>${json_data['results'][0]}</arg>
<doc>Logs the given message with the given level.</doc>
<status status="PASS" start="2024-04-02T13:14:59.575173" elapsed="0.000411"/>
</kw>
<kw name="Log" owner="BuiltIn">
<msg time="2024-04-02T13:14:59.575999" level="INFO">location</msg>
<arg>${key}</arg>
<doc>Logs the given message with the given level.</doc>
<status status="PASS" start="2024-04-02T13:14:59.575874" elapsed="0.000162"/>
</kw>
<var name="${key}">location</var>
<status status="PASS" start="2024-04-02T13:14:59.574349" elapsed="0.001904"/>
</iter>
<iter>
<kw name="Dictionary Should Contain Key" owner="Collections">
<msg time="2024-04-02T13:14:59.576944" level="INFO">False</msg>
<arg>${json_data['results'][0]}</arg>
<arg>${key}</arg>
<doc>Fails if ``key`` is not found from ``dictionary``.</doc>
<status status="PASS" start="2024-04-02T13:14:59.576531" elapsed="0.000451"/>
</kw>
<kw name="Log" owner="BuiltIn">
<msg time="2024-04-02T13:14:59.577631" level="INFO">{'gender': 'male', 'name': {'title': 'Mr', 'first': 'Anton', 'last': 'Kristensen'}, 'location': {'street': {'number': 9101, 'name': 'Sverigesvej'}, 'city': 'Argerskov', 'state': 'Midtjylland', 'country': 'Denmark', 'postcode': 88407, 'coordinates': {'latitude': '-45.6097', 'longitude': '-10.1196'}, 'timezone': {'offset': '+4:00', 'description': 'Abu Dhabi, Muscat, Baku, Tbilisi'}}, 'email': 'anton.kristensen@example.com', 'login': {'uuid': '159ec16d-3018-4a35-b7b1-e8af9cb402ab', 'username': 'sadbutterfly889', 'password': 'jakejake', 'salt': 'odfFNnuo', 'md5': 'b13dded28fda4c67ef0d18cfd11b1e56', 'sha1': 'e0fcfc5d02e17ef36216a69aa1eb0afa2c8c3880', 'sha256': 'aa7679f5ef5f2de58ba413941c257ad57478d1084edac3d727434e579c3c6380'}, 'dob': {'date': '1973-03-17T23:33:19.759Z', 'age': 51}, 'registered': {'date': '2015-03-06T06:48:34.418Z', 'age': 9}, 'phone': '57620167', 'cell': '89998879', 'id': {'name': 'CPR', 'value': '170373-1505'}, 'picture': {'large': 'https://randomuser.me/api/portraits/men/93.jpg', 'medium': 'https://randomuser.me/api/portraits/med/men/93.jpg', 'thumbnail': 'https://randomuser.me/api/portraits/thumb/men/93.jpg'}, 'nat': 'DK'}</msg>
<arg>${json_data['results'][0]}</arg>
<doc>Logs the given message with the given level.</doc>
<status status="PASS" start="2024-04-02T13:14:59.577280" elapsed="0.000397"/>
</kw>
<kw name="Log" owner="BuiltIn">
<msg time="2024-04-02T13:14:59.578093" level="INFO">email</msg>
<arg>${key}</arg>
<doc>Logs the given message with the given level.</doc>
<status status="PASS" start="2024-04-02T13:14:59.577967" elapsed="0.000164"/>
</kw>
<var name="${key}">email</var>
<status status="PASS" start="2024-04-02T13:14:59.576422" elapsed="0.001923"/>
</iter>
<iter>
<kw name="Dictionary Should Contain Key" owner="Collections">
<msg time="2024-04-02T13:14:59.579009" level="INFO">False</msg>
<arg>${json_data['results'][0]}</arg>
<arg>${key}</arg>
<doc>Fails if ``key`` is not found from ``dictionary``.</doc>
<status status="PASS" start="2024-04-02T13:14:59.578631" elapsed="0.000415"/>
</kw>
<kw name="Log" owner="BuiltIn">
<msg time="2024-04-02T13:14:59.579700" level="INFO">{'gender': 'male', 'name': {'title': 'Mr', 'first': 'Anton', 'last': 'Kristensen'}, 'location': {'street': {'number': 9101, 'name': 'Sverigesvej'}, 'city': 'Argerskov', 'state': 'Midtjylland', 'country': 'Denmark', 'postcode': 88407, 'coordinates': {'latitude': '-45.6097', 'longitude': '-10.1196'}, 'timezone': {'offset': '+4:00', 'description': 'Abu Dhabi, Muscat, Baku, Tbilisi'}}, 'email': 'anton.kristensen@example.com', 'login': {'uuid': '159ec16d-3018-4a35-b7b1-e8af9cb402ab', 'username': 'sadbutterfly889', 'password': 'jakejake', 'salt': 'odfFNnuo', 'md5': 'b13dded28fda4c67ef0d18cfd11b1e56', 'sha1': 'e0fcfc5d02e17ef36216a69aa1eb0afa2c8c3880', 'sha256': 'aa7679f5ef5f2de58ba413941c257ad57478d1084edac3d727434e579c3c6380'}, 'dob': {'date': '1973-03-17T23:33:19.759Z', 'age': 51}, 'registered': {'date': '2015-03-06T06:48:34.418Z', 'age': 9}, 'phone': '57620167', 'cell': '89998879', 'id': {'name': 'CPR', 'value': '170373-1505'}, 'picture': {'large': 'https://randomuser.me/api/portraits/men/93.jpg', 'medium': 'https://randomuser.me/api/portraits/med/men/93.jpg', 'thumbnail': 'https://randomuser.me/api/portraits/thumb/men/93.jpg'}, 'nat': 'DK'}</msg>
<arg>${json_data['results'][0]}</arg>
<doc>Logs the given message with the given level.</doc>
<status status="PASS" start="2024-04-02T13:14:59.579348" elapsed="0.000398"/>
</kw>
<kw name="Log" owner="BuiltIn">
<msg time="2024-04-02T13:14:59.580160" level="INFO">login</msg>
<arg>${key}</arg>
<doc>Logs the given message with the given level.</doc>
<status status="PASS" start="2024-04-02T13:14:59.580035" elapsed="0.000264"/>
</kw>
<var name="${key}">login</var>
<status status="PASS" start="2024-04-02T13:14:59.578517" elapsed="0.002028"/>
</iter>
<var>${key}</var>
<value>@{expected_keys}</value>
<status status="PASS" start="2024-04-02T13:14:59.569835" elapsed="0.010836"/>
</for>
<kw name="Create List" owner="BuiltIn">
<msg time="2024-04-02T13:14:59.581030" level="INFO">${expected_keysTwo} = ['username', 'password']</msg>
<var>${expected_keysTwo}</var>
<arg>username</arg>
<arg>password</arg>
<doc>Returns a list containing given items.</doc>
<status status="PASS" start="2024-04-02T13:14:59.580893" elapsed="0.000160"/>
</kw>
<for flavor="IN">
<iter>
<kw name="Dictionary Should Contain Key" owner="Collections">
<msg time="2024-04-02T13:14:59.581932" level="INFO">False</msg>
<arg>${json_data['results'][0]['login']}</arg>
<arg>${keyTwo}</arg>
<doc>Fails if ``key`` is not found from ``dictionary``.</doc>
<status status="PASS" start="2024-04-02T13:14:59.581546" elapsed="0.000423"/>
</kw>
<kw name="Dictionary Should Contain Key" owner="Collections">
<msg time="2024-04-02T13:14:59.582640" level="INFO">False</msg>
<arg>${json_data['results'][0]['login']}</arg>
<arg>${keyTwo}</arg>
<doc>Fails if ``key`` is not found from ``dictionary``.</doc>
<status status="PASS" start="2024-04-02T13:14:59.582262" elapsed="0.000414"/>
</kw>
<kw name="Log" owner="BuiltIn">
<msg time="2024-04-02T13:14:59.583098" level="INFO">username</msg>
<arg>${keyTwo}</arg>
<doc>Logs the given message with the given level.</doc>
<status status="PASS" start="2024-04-02T13:14:59.582971" elapsed="0.000163"/>
</kw>
<var name="${keyTwo}">username</var>
<status status="PASS" start="2024-04-02T13:14:59.581436" elapsed="0.001910"/>
</iter>
<iter>
<kw name="Dictionary Should Contain Key" owner="Collections">
<msg time="2024-04-02T13:14:59.584000" level="INFO">False</msg>
<arg>${json_data['results'][0]['login']}</arg>
<arg>${keyTwo}</arg>
<doc>Fails if ``key`` is not found from ``dictionary``.</doc>
<status status="PASS" start="2024-04-02T13:14:59.583619" elapsed="0.000418"/>
</kw>
<kw name="Dictionary Should Contain Key" owner="Collections">
<msg time="2024-04-02T13:14:59.584707" level="INFO">False</msg>
<arg>${json_data['results'][0]['login']}</arg>
<arg>${keyTwo}</arg>
<doc>Fails if ``key`` is not found from ``dictionary``.</doc>
<status status="PASS" start="2024-04-02T13:14:59.584329" elapsed="0.000413"/>
</kw>
<kw name="Log" owner="BuiltIn">
<msg time="2024-04-02T13:14:59.585190" level="INFO">password</msg>
<arg>${keyTwo}</arg>
<doc>Logs the given message with the given level.</doc>
<status status="PASS" start="2024-04-02T13:14:59.585063" elapsed="0.000165"/>
</kw>
<var name="${keyTwo}">password</var>
<status status="PASS" start="2024-04-02T13:14:59.583512" elapsed="0.001930"/>
</iter>
<var>${keyTwo}</var>
<value>@{expected_keysTwo}</value>
<status status="PASS" start="2024-04-02T13:14:59.581288" elapsed="0.004272"/>
</for>
<status status="PASS" start="2024-04-02T13:14:59.457129" elapsed="0.128569"/>
</kw>
<doc>Testa a estrutura da resposta da API.</doc>
<tag>testeEstruturaResposta</tag>
<status status="PASS" start="2024-04-02T13:14:59.456432" elapsed="0.129422"/>
</test>
<test id="s1-s1-t4" name="Validar tipos de dados" line="28">
<kw name="Teste de Tipos de Dados" owner="random-user-service">
<kw name="GET On Session" owner="RequestsLibrary">
<msg time="2024-04-02T13:14:59.651876" level="INFO">GET Request : url=https://randomuser.me/api 
 path_url=/api 
 headers={'User-Agent': 'python-requests/2.31.0', 'Accept-Encoding': 'gzip, deflate', 'Accept': '*/*', 'Connection': 'keep-alive'} 
 body=None 
 </msg>
<msg time="2024-04-02T13:14:59.651977" level="INFO">GET Response : url=https://randomuser.me/api 
 status=200, reason=OK 
 headers={'Date': 'Tue, 02 Apr 2024 13:14:59 GMT', 'Content-Type': 'application/json; charset=utf-8', 'Transfer-Encoding': 'chunked', 'Connection': 'keep-alive', 'X-Powered-By': 'Express', 'Access-Control-Allow-Origin': '*', 'Cache-Control': 'no-cache', 'ETag': 'W/"485-YTp8n4Cwk/mpNK6UlrjtEpmQYTM"', 'Vary': 'Accept-Encoding', 'Content-Encoding': 'gzip', 'CF-Cache-Status': 'DYNAMIC', 'Report-To': '{"endpoints":[{"url":"https:\\/\\/a.nel.cloudflare.com\\/report\\/v4?s=%2By0zRS6xANig00%2Be9QgNrOGEjdHjINaRxVNIBcoZSWKEr1WR2CTz5KO3kxllBidT0KQEeCczS3%2F3h1MFZJmaDlfd3%2BndwL45KPrfDa4Aij8ve%2BAHyu6IZEbAT4P9c3Rp"}],"group":"cf-nel","max_age":604800}', 'NEL': '{"success_fraction":0,"report_to":"cf-nel","max_age":604800}', 'Server': 'cloudflare', 'CF-RAY': '86e115ca6d656386-ORD', 'alt-svc': 'h3=":443"; ma=86400'} 
 body={"results":[{"gender":"female","name":{"title":"Ms","first":"Noémie","last":"Clark"},"location":{"street":{"number":1332,"name":"Dieppe Ave"},"city":"Enterprise","state":"Yukon","country":"Canada","postcode":"Q0O 4S2","coordinates":{"latitude":"-69.2853","longitude":"37.6389"},"timezone":{"offset":"-7:00","description":"Mountain Time (US &amp; Canada)"}},"email":"noemie.clark@example.com","login":{"uuid":"d3e2254f-a7e7-4f9c-a042-337a385feffb","username":"blueduck276","password":"cosmic","salt":"D6B7LUOa","md5":"c07d52a6b932935a34f51e75c434d778","sha1":"7259210b14e7bcaa30c16037f7b10d89b6d3c75e","sha256":"8275a7760fe2412c1468b30a06100c4540f5a1b2860aaac9804cfec7f16af5e4"},"dob":{"date":"1972-01-13T04:28:46.118Z","age":52},"registered":{"date":"2015-06-25T17:22:04.564Z","age":8},"phone":"N39 Y99-6944","cell":"M53 Z03-7949","id":{"name":"SIN","value":"257540740"},"picture":{"large":"https://randomuser.me/api/portraits/women/19.jpg","medium":"https://randomuser.me/api/portraits/med/women/19.jpg","thumbnail":"https://randomuser.me/api/portraits/thumb/women/19.jpg"},"nat":"CA"}],"info":{"seed":"846c52058df55b4f","results":1,"page":1,"version":"1.4"}} 
 </msg>
<msg time="2024-04-02T13:14:59.652059" level="INFO">/opt/hostedtoolcache/Python/3.12.2/x64/lib/python3.12/site-packages/urllib3/connectionpool.py:1103: InsecureRequestWarning: Unverified HTTPS request is being made to host 'randomuser.me'. Adding certificate verification is strongly advised. See: https://urllib3.readthedocs.io/en/latest/advanced-usage.html#tls-warnings
  warnings.warn(</msg>
<msg time="2024-04-02T13:14:59.652182" level="INFO">${response} = &lt;Response [200]&gt;</msg>
<var>${response}</var>
<arg>consultarAPI</arg>
<arg>/api</arg>
<doc>Sends a GET request on a previously created HTTP Session.</doc>
<status status="PASS" start="2024-04-02T13:14:59.588277" elapsed="0.063937"/>
</kw>
<kw name="Set Variable" owner="BuiltIn">
<msg time="2024-04-02T13:14:59.653181" level="INFO">${json_data} = {'results': [{'gender': 'female', 'name': {'title': 'Ms', 'first': 'Noémie', 'last': 'Clark'}, 'location': {'street': {'number': 1332, 'name': 'Dieppe Ave'}, 'city': 'Enterprise', 'state': 'Yukon', 'c...</msg>
<var>${json_data}</var>
<arg>${response.json()}</arg>
<doc>Returns the given values which can then be assigned to a variables.</doc>
<status status="PASS" start="2024-04-02T13:14:59.652666" elapsed="0.000544"/>
</kw>
<kw name="Log" owner="BuiltIn">
<msg time="2024-04-02T13:14:59.653688" level="INFO">{'results': [{'gender': 'female', 'name': {'title': 'Ms', 'first': 'Noémie', 'last': 'Clark'}, 'location': {'street': {'number': 1332, 'name': 'Dieppe Ave'}, 'city': 'Enterprise', 'state': 'Yukon', 'country': 'Canada', 'postcode': 'Q0O 4S2', 'coordinates': {'latitude': '-69.2853', 'longitude': '37.6389'}, 'timezone': {'offset': '-7:00', 'description': 'Mountain Time (US &amp; Canada)'}}, 'email': 'noemie.clark@example.com', 'login': {'uuid': 'd3e2254f-a7e7-4f9c-a042-337a385feffb', 'username': 'blueduck276', 'password': 'cosmic', 'salt': 'D6B7LUOa', 'md5': 'c07d52a6b932935a34f51e75c434d778', 'sha1': '7259210b14e7bcaa30c16037f7b10d89b6d3c75e', 'sha256': '8275a7760fe2412c1468b30a06100c4540f5a1b2860aaac9804cfec7f16af5e4'}, 'dob': {'date': '1972-01-13T04:28:46.118Z', 'age': 52}, 'registered': {'date': '2015-06-25T17:22:04.564Z', 'age': 8}, 'phone': 'N39 Y99-6944', 'cell': 'M53 Z03-7949', 'id': {'name': 'SIN', 'value': '257540740'}, 'picture': {'large': 'https://randomuser.me/api/portraits/women/19.jpg', 'medium': 'https://randomuser.me/api/portraits/med/women/19.jpg', 'thumbnail': 'https://randomuser.me/api/portraits/thumb/women/19.jpg'}, 'nat': 'CA'}], 'info': {'seed': '846c52058df55b4f', 'results': 1, 'page': 1, 'version': '1.4'}}</msg>
<arg>${json_data}</arg>
<doc>Logs the given message with the given level.</doc>
<status status="PASS" start="2024-04-02T13:14:59.653530" elapsed="0.000247"/>
</kw>
<kw name="Should Be String" owner="String">
<arg>${json_data['results'][0]['gender']}</arg>
<doc>Fails if the given ``item`` is not a string.</doc>
<status status="PASS" start="2024-04-02T13:14:59.654083" elapsed="0.000360"/>
</kw>
<kw name="Should Match Regexp" owner="BuiltIn">
<arg>${json_data['results'][0]['email']}</arg>
<arg>^[a-zA-Z0-9._%+-]+@[a-zA-Z0-9.-]+\.[a-zA-Z]{2,}$</arg>
<doc>Fails if ``string`` does not match ``pattern`` as a regular expression.</doc>
<status status="PASS" start="2024-04-02T13:14:59.654636" elapsed="0.000529"/>
</kw>
<kw name="Should Match Regexp" owner="BuiltIn">
<arg>${json_data['results'][0]['dob']['date']}</arg>
<arg>\\d{4}-\\d{2}-\\d{2}T\\d{2}:\\d{2}:\\d{2}\\.\\d{3}Z</arg>
<doc>Fails if ``string`` does not match ``pattern`` as a regular expression.</doc>
<status status="PASS" start="2024-04-02T13:14:59.655362" elapsed="0.000480"/>
</kw>
<kw name="Should Match Regexp" owner="BuiltIn">
<arg>${json_data['results'][0]['registered']['date']}</arg>
<arg>\\d{4}-\\d{2}-\\d{2}T\\d{2}:\\d{2}:\\d{2}\\.\\d{3}Z</arg>
<doc>Fails if ``string`` does not match ``pattern`` as a regular expression.</doc>
<status status="PASS" start="2024-04-02T13:14:59.656035" elapsed="0.000371"/>
</kw>
<kw name="Should Match Regexp" owner="BuiltIn">
<arg>${json_data['results'][0]['picture']['large']}</arg>
<arg>^https?://.*\.(?:png|jpe?g|gif|bmp)$</arg>
<doc>Fails if ``string`` does not match ``pattern`` as a regular expression.</doc>
<status status="PASS" start="2024-04-02T13:14:59.656591" elapsed="0.000497"/>
</kw>
<kw name="Should Match Regexp" owner="BuiltIn">
<arg>${json_data['results'][0]['picture']['medium']}</arg>
<arg>^https?://.*\.(?:png|jpe?g|gif|bmp)$</arg>
<doc>Fails if ``string`` does not match ``pattern`` as a regular expression.</doc>
<status status="PASS" start="2024-04-02T13:14:59.657282" elapsed="0.000365"/>
</kw>
<kw name="Should Match Regexp" owner="BuiltIn">
<arg>${json_data['results'][0]['picture']['thumbnail']}</arg>
<arg>^https?://.*\.(?:png|jpe?g|gif|bmp)$</arg>
<doc>Fails if ``string`` does not match ``pattern`` as a regular expression.</doc>
<status status="PASS" start="2024-04-02T13:14:59.657832" elapsed="0.000347"/>
</kw>
<kw name="Log" owner="BuiltIn">
<msg time="2024-04-02T13:14:59.658682" level="INFO">{'large': 'https://randomuser.me/api/portraits/women/19.jpg', 'medium': 'https://randomuser.me/api/portraits/med/women/19.jpg', 'thumbnail': 'https://randomuser.me/api/portraits/thumb/women/19.jpg'}</msg>
<arg>${json_data['results'][0]['picture']}</arg>
<doc>Logs the given message with the given level.</doc>
<status status="PASS" start="2024-04-02T13:14:59.658356" elapsed="0.000372"/>
</kw>
<status status="PASS" start="2024-04-02T13:14:59.588053" elapsed="0.070930"/>
</kw>
<kw name="Teste de Tipos de Dados - Postcode" owner="random-user-service">
<kw name="GET On Session" owner="RequestsLibrary">
<msg time="2024-04-02T13:14:59.755401" level="INFO">GET Request : url=https://randomuser.me/api 
 path_url=/api 
 headers={'User-Agent': 'python-requests/2.31.0', 'Accept-Encoding': 'gzip, deflate', 'Accept': '*/*', 'Connection': 'keep-alive'} 
 body=None 
 </msg>
<msg time="2024-04-02T13:14:59.755467" level="INFO">GET Response : url=https://randomuser.me/api 
 status=200, reason=OK 
 headers={'Date': 'Tue, 02 Apr 2024 13:14:59 GMT', 'Content-Type': 'application/json; charset=utf-8', 'Transfer-Encoding': 'chunked', 'Connection': 'keep-alive', 'X-Powered-By': 'Express', 'Access-Control-Allow-Origin': '*', 'Cache-Control': 'no-cache', 'ETag': 'W/"48c-6QkI05e/H5Sb5SrTQocedebrXVg"', 'Vary': 'Accept-Encoding', 'Content-Encoding': 'gzip', 'CF-Cache-Status': 'DYNAMIC', 'Report-To': '{"endpoints":[{"url":"https:\\/\\/a.nel.cloudflare.com\\/report\\/v4?s=hx8OEuCy0W70Q9PVzrg%2BAUVYTt0mi7h0Pht49rIT0NqpIANrflGBHTDxaPykneQ7jtTBCrDOtuCsCbrZjL20ctehUFqwHQnqMp5RChfVxeHjVXpamkV1RNmLZyk34Zfs"}],"group":"cf-nel","max_age":604800}', 'NEL': '{"success_fraction":0,"report_to":"cf-nel","max_age":604800}', 'Server': 'cloudflare', 'CF-RAY': '86e115caddc76386-ORD', 'alt-svc': 'h3=":443"; ma=86400'} 
 body={"results":[{"gender":"male","name":{"title":"Mr","first":"Mijo","last":"Kammerer"},"location":{"street":{"number":7156,"name":"Ringstraße"},"city":"Göppingen","state":"Hamburg","country":"Germany","postcode":86734,"coordinates":{"latitude":"-47.2637","longitude":"-93.5963"},"timezone":{"offset":"-1:00","description":"Azores, Cape Verde Islands"}},"email":"mijo.kammerer@example.com","login":{"uuid":"b66bc55d-1b30-451a-8691-66dfaa2b06ef","username":"organicbutterfly456","password":"hardy","salt":"fUnbveNI","md5":"30ed2224ec8164f122c72270e10a581a","sha1":"ccd1cb2f2fc367e9705dbc8d8567279e82430920","sha256":"03791d3c812159d39afea726b8eb38ed708f8fd4216e3b2c7e50aa36fcaee566"},"dob":{"date":"1968-11-03T23:15:00.793Z","age":55},"registered":{"date":"2019-01-25T00:23:37.604Z","age":5},"phone":"0661-7049954","cell":"0176-1512490","id":{"name":"SVNR","value":"14 031168 K 215"},"picture":{"large":"https://randomuser.me/api/portraits/men/99.jpg","medium":"https://randomuser.me/api/portraits/med/men/99.jpg","thumbnail":"https://randomuser.me/api/portraits/thumb/men/99.jpg"},"nat":"DE"}],"info":{"seed":"9499fd2de828d1ef","results":1,"page":1,"version":"1.4"}} 
 </msg>
<msg time="2024-04-02T13:14:59.755536" level="INFO">/opt/hostedtoolcache/Python/3.12.2/x64/lib/python3.12/site-packages/urllib3/connectionpool.py:1103: InsecureRequestWarning: Unverified HTTPS request is being made to host 'randomuser.me'. Adding certificate verification is strongly advised. See: https://urllib3.readthedocs.io/en/latest/advanced-usage.html#tls-warnings
  warnings.warn(</msg>
<msg time="2024-04-02T13:14:59.755627" level="INFO">${response} = &lt;Response [200]&gt;</msg>
<var>${response}</var>
<arg>consultarAPI</arg>
<arg>/api</arg>
<doc>Sends a GET request on a previously created HTTP Session.</doc>
<status status="PASS" start="2024-04-02T13:14:59.659565" elapsed="0.096101"/>
</kw>
<kw name="Set Variable" owner="BuiltIn">
<msg time="2024-04-02T13:14:59.756516" level="INFO">${json_data} = {'results': [{'gender': 'male', 'name': {'title': 'Mr', 'first': 'Mijo', 'last': 'Kammerer'}, 'location': {'street': {'number': 7156, 'name': 'Ringstraße'}, 'city': 'Göppingen', 'state': 'Hamburg', 'c...</msg>
<var>${json_data}</var>
<arg>${response.json()}</arg>
<doc>Returns the given values which can then be assigned to a variables.</doc>
<status status="PASS" start="2024-04-02T13:14:59.756069" elapsed="0.000475"/>
</kw>
<kw name="Log" owner="BuiltIn">
<msg time="2024-04-02T13:14:59.757041" level="INFO">{'results': [{'gender': 'male', 'name': {'title': 'Mr', 'first': 'Mijo', 'last': 'Kammerer'}, 'location': {'street': {'number': 7156, 'name': 'Ringstraße'}, 'city': 'Göppingen', 'state': 'Hamburg', 'country': 'Germany', 'postcode': 86734, 'coordinates': {'latitude': '-47.2637', 'longitude': '-93.5963'}, 'timezone': {'offset': '-1:00', 'description': 'Azores, Cape Verde Islands'}}, 'email': 'mijo.kammerer@example.com', 'login': {'uuid': 'b66bc55d-1b30-451a-8691-66dfaa2b06ef', 'username': 'organicbutterfly456', 'password': 'hardy', 'salt': 'fUnbveNI', 'md5': '30ed2224ec8164f122c72270e10a581a', 'sha1': 'ccd1cb2f2fc367e9705dbc8d8567279e82430920', 'sha256': '03791d3c812159d39afea726b8eb38ed708f8fd4216e3b2c7e50aa36fcaee566'}, 'dob': {'date': '1968-11-03T23:15:00.793Z', 'age': 55}, 'registered': {'date': '2019-01-25T00:23:37.604Z', 'age': 5}, 'phone': '0661-7049954', 'cell': '0176-1512490', 'id': {'name': 'SVNR', 'value': '14 031168 K 215'}, 'picture': {'large': 'https://randomuser.me/api/portraits/men/99.jpg', 'medium': 'https://randomuser.me/api/portraits/med/men/99.jpg', 'thumbnail': 'https://randomuser.me/api/portraits/thumb/men/99.jpg'}, 'nat': 'DE'}], 'info': {'seed': '9499fd2de828d1ef', 'results': 1, 'page': 1, 'version': '1.4'}}</msg>
<arg>${json_data}</arg>
<doc>Logs the given message with the given level.</doc>
<status status="PASS" start="2024-04-02T13:14:59.756878" elapsed="0.000244"/>
</kw>
<kw name="Should Be Equal As Numbers" owner="BuiltIn">
<arg>${json_data['results'][0]['location']['postcode']}</arg>
<arg>${json_data['results'][0]['location']['postcode']}</arg>
<doc>Fails if objects are unequal after converting them to real numbers.</doc>
<status status="PASS" start="2024-04-02T13:14:59.757421" elapsed="0.000620"/>
</kw>
<kw name="Log" owner="BuiltIn">
<msg time="2024-04-02T13:14:59.758566" level="INFO">86734</msg>
<arg>${json_data['results'][0]['location']['postcode']}</arg>
<doc>Logs the given message with the given level.</doc>
<status status="PASS" start="2024-04-02T13:14:59.758232" elapsed="0.000374"/>
</kw>
<status status="PASS" start="2024-04-02T13:14:59.659204" elapsed="0.099659"/>
</kw>
<doc>Testa se os tipos de dados na resposta da API estão corretos.</doc>
<tag>testeTiposDados</tag>
<status status="PASS" start="2024-04-02T13:14:59.587609" elapsed="0.171419"/>
</test>
<test id="s1-s1-t5" name="Validar conteudo" line="35">
<kw name="Teste de Tipos de Conteudo" owner="random-user-service">
<kw name="GET On Session" owner="RequestsLibrary">
<msg time="2024-04-02T13:14:59.886759" level="INFO">GET Request : url=https://randomuser.me/api 
 path_url=/api 
 headers={'User-Agent': 'python-requests/2.31.0', 'Accept-Encoding': 'gzip, deflate', 'Accept': '*/*', 'Connection': 'keep-alive'} 
 body=None 
 </msg>
<msg time="2024-04-02T13:14:59.886837" level="INFO">GET Response : url=https://randomuser.me/api 
 status=200, reason=OK 
 headers={'Date': 'Tue, 02 Apr 2024 13:14:59 GMT', 'Content-Type': 'application/json; charset=utf-8', 'Transfer-Encoding': 'chunked', 'Connection': 'keep-alive', 'X-Powered-By': 'Express', 'Access-Control-Allow-Origin': '*', 'Cache-Control': 'no-cache', 'ETag': 'W/"496-OPoMZ9dfGYUMmcNF5WE2do+b94g"', 'Vary': 'Accept-Encoding', 'Content-Encoding': 'gzip', 'CF-Cache-Status': 'DYNAMIC', 'Report-To': '{"endpoints":[{"url":"https:\\/\\/a.nel.cloudflare.com\\/report\\/v4?s=jwGJeou6TJW3joyid1hIp5rtVaHiwfpg7yhDPT4c1uZHTHDaDf8kmOZKMY2ZiLJoc8PNVNAtT%2FupCHQARSqreU2vk0i2Za2k%2BdVIhdHmfsnx%2BWXQTDq6ZK3mpCyjbeMZ"}],"group":"cf-nel","max_age":604800}', 'NEL': '{"success_fraction":0,"report_to":"cf-nel","max_age":604800}', 'Server': 'cloudflare', 'CF-RAY': '86e115cb8e516386-ORD', 'alt-svc': 'h3=":443"; ma=86400'} 
 body={"results":[{"gender":"female","name":{"title":"Ms","first":"Kay","last":"Knight"},"location":{"street":{"number":5383,"name":"Central St"},"city":"Killeen","state":"Tennessee","country":"United States","postcode":31180,"coordinates":{"latitude":"89.0906","longitude":"23.3870"},"timezone":{"offset":"+8:00","description":"Beijing, Perth, Singapore, Hong Kong"}},"email":"kay.knight@example.com","login":{"uuid":"87cd817d-355b-4306-abfa-25564eed8f24","username":"purpledog436","password":"williams","salt":"wtRnaA5R","md5":"81e24bb32313a7a4281ba7641717b5f3","sha1":"16f61a7e5efe483cf6a4334bc7026102b31d902d","sha256":"74c056322125e1ca919c134816f470a7d36d13ea8bba2a1034c5f0147220128d"},"dob":{"date":"1963-02-25T16:06:37.142Z","age":61},"registered":{"date":"2010-03-04T21:39:52.885Z","age":14},"phone":"(998) 691-2664","cell":"(453) 591-9419","id":{"name":"SSN","value":"593-29-3888"},"picture":{"large":"https://randomuser.me/api/portraits/women/27.jpg","medium":"https://randomuser.me/api/portraits/med/women/27.jpg","thumbnail":"https://randomuser.me/api/portraits/thumb/women/27.jpg"},"nat":"US"}],"info":{"seed":"40fd9a54a5bad388","results":1,"page":1,"version":"1.4"}} 
 </msg>
<msg time="2024-04-02T13:14:59.886910" level="INFO">/opt/hostedtoolcache/Python/3.12.2/x64/lib/python3.12/site-packages/urllib3/connectionpool.py:1103: InsecureRequestWarning: Unverified HTTPS request is being made to host 'randomuser.me'. Adding certificate verification is strongly advised. See: https://urllib3.readthedocs.io/en/latest/advanced-usage.html#tls-warnings
  warnings.warn(</msg>
<msg time="2024-04-02T13:14:59.887015" level="INFO">${response} = &lt;Response [200]&gt;</msg>
<var>${response}</var>
<arg>consultarAPI</arg>
<arg>/api</arg>
<doc>Sends a GET request on a previously created HTTP Session.</doc>
<status status="PASS" start="2024-04-02T13:14:59.761835" elapsed="0.125226"/>
</kw>
<kw name="Set Variable" owner="BuiltIn">
<msg time="2024-04-02T13:14:59.887967" level="INFO">${json_data} = {'results': [{'gender': 'female', 'name': {'title': 'Ms', 'first': 'Kay', 'last': 'Knight'}, 'location': {'street': {'number': 5383, 'name': 'Central St'}, 'city': 'Killeen', 'state': 'Tennessee', 'co...</msg>
<var>${json_data}</var>
<arg>${response.json()}</arg>
<doc>Returns the given values which can then be assigned to a variables.</doc>
<status status="PASS" start="2024-04-02T13:14:59.887524" elapsed="0.000471"/>
</kw>
<kw name="Set Variable" owner="BuiltIn">
<msg time="2024-04-02T13:14:59.888688" level="INFO">${name_title} = Ms</msg>
<var>${name_title}</var>
<arg>${json_data["results"][0]["name"]["title"]}</arg>
<doc>Returns the given values which can then be assigned to a variables.</doc>
<status status="PASS" start="2024-04-02T13:14:59.888299" elapsed="0.000414"/>
</kw>
<kw name="Create List" owner="BuiltIn">
<msg time="2024-04-02T13:14:59.889205" level="INFO">${allowed_titles} = ['Mr', 'Ms', 'Miss', 'Mrs', 'Madame', 'Monsieur']</msg>
<var>${allowed_titles}</var>
<arg>Mr</arg>
<arg>Ms</arg>
<arg>Miss</arg>
<arg>Mrs</arg>
<arg>Madame</arg>
<arg>Monsieur</arg>
<doc>Returns a list containing given items.</doc>
<status status="PASS" start="2024-04-02T13:14:59.889056" elapsed="0.000174"/>
</kw>
<kw name="List Should Contain Value" owner="Collections">
<msg time="2024-04-02T13:14:59.889711" level="INFO">False</msg>
<arg>${allowed_titles}</arg>
<arg>${name_title}</arg>
<doc>Fails if the ``value`` is not found from ``list``.</doc>
<status status="PASS" start="2024-04-02T13:14:59.889536" elapsed="0.000212"/>
</kw>
<kw name="Set Variable" owner="BuiltIn">
<msg time="2024-04-02T13:14:59.890401" level="INFO">${name_country} = US</msg>
<var>${name_country}</var>
<arg>${json_data["results"][0]["nat"]}</arg>
<doc>Returns the given values which can then be assigned to a variables.</doc>
<status status="PASS" start="2024-04-02T13:14:59.890033" elapsed="0.000392"/>
</kw>
<kw name="Create List" owner="BuiltIn">
<msg time="2024-04-02T13:14:59.891328" level="INFO">${list_country} = ['AD', 'AE', 'AF', 'AG', 'AI', 'AL', 'AM', 'AO', 'AQ', 'AR', 'AS', 'AT', 'AU', 'AW', 'AX', 'AZ', 'BA', 'BB', 'BD', 'BE', 'BF', 'BG', 'BH', 'BI', 'BJ', 'BL', 'BM', 'BN', 'BO', 'BQ', 'BR', 'BS', 'BT', '...</msg>
<var>${list_country}</var>
<arg>AD</arg>
<arg>AE</arg>
<arg>AF</arg>
<arg>AG</arg>
<arg>AI</arg>
<arg>AL</arg>
<arg>AM</arg>
<arg>AO</arg>
<arg>AQ</arg>
<arg>AR</arg>
<arg>AS</arg>
<arg>AT</arg>
<arg>AU</arg>
<arg>AW</arg>
<arg>AX</arg>
<arg>AZ</arg>
<arg>BA</arg>
<arg>BB</arg>
<arg>BD</arg>
<arg>BE</arg>
<arg>BF</arg>
<arg>BG</arg>
<arg>BH</arg>
<arg>BI</arg>
<arg>BJ</arg>
<arg>BL</arg>
<arg>BM</arg>
<arg>BN</arg>
<arg>BO</arg>
<arg>BQ</arg>
<arg>BR</arg>
<arg>BS</arg>
<arg>BT</arg>
<arg>BV</arg>
<arg>BW</arg>
<arg>BY</arg>
<arg>BZ</arg>
<arg>CA</arg>
<arg>CC</arg>
<arg>CD</arg>
<arg>CF</arg>
<arg>CG</arg>
<arg>CH</arg>
<arg>CI</arg>
<arg>CK</arg>
<arg>CL</arg>
<arg>CM</arg>
<arg>CN</arg>
<arg>CO</arg>
<arg>CR</arg>
<arg>CU</arg>
<arg>CV</arg>
<arg>CW</arg>
<arg>CX</arg>
<arg>CY</arg>
<arg>CZ</arg>
<arg>DE</arg>
<arg>DJ</arg>
<arg>DK</arg>
<arg>DM</arg>
<arg>DO</arg>
<arg>DZ</arg>
<arg>EC</arg>
<arg>EE</arg>
<arg>EG</arg>
<arg>EH</arg>
<arg>ER</arg>
<arg>ES</arg>
<arg>ET</arg>
<arg>FI</arg>
<arg>FJ</arg>
<arg>FK</arg>
<arg>FM</arg>
<arg>FO</arg>
<arg>FR</arg>
<arg>GA</arg>
<arg>GB</arg>
<arg>GD</arg>
<arg>GE</arg>
<arg>GF</arg>
<arg>GG</arg>
<arg>GH</arg>
<arg>GI</arg>
<arg>GL</arg>
<arg>GM</arg>
<arg>GN</arg>
<arg>GP</arg>
<arg>GQ</arg>
<arg>GR</arg>
<arg>GS</arg>
<arg>GT</arg>
<arg>GU</arg>
<arg>GW</arg>
<arg>GY</arg>
<arg>HK</arg>
<arg>HM</arg>
<arg>HN</arg>
<arg>HR</arg>
<arg>HT</arg>
<arg>HU</arg>
<arg>ID</arg>
<arg>IE</arg>
<arg>IL</arg>
<arg>IM</arg>
<arg>IN</arg>
<arg>IO</arg>
<arg>IQ</arg>
<arg>IR</arg>
<arg>IS</arg>
<arg>IT</arg>
<arg>JE</arg>
<arg>JM</arg>
<arg>JO</arg>
<arg>JP</arg>
<arg>KE</arg>
<arg>KG</arg>
<arg>KH</arg>
<arg>KI</arg>
<arg>KM</arg>
<arg>KN</arg>
<arg>KP</arg>
<arg>KR</arg>
<arg>KW</arg>
<arg>KY</arg>
<arg>KZ</arg>
<arg>LA</arg>
<arg>LB</arg>
<arg>LC</arg>
<arg>LI</arg>
<arg>LK</arg>
<arg>LR</arg>
<arg>LS</arg>
<arg>LT</arg>
<arg>LU</arg>
<arg>LV</arg>
<arg>LY</arg>
<arg>MA</arg>
<arg>MC</arg>
<arg>MD</arg>
<arg>ME</arg>
<arg>MF</arg>
<arg>MG</arg>
<arg>MH</arg>
<arg>MK</arg>
<arg>ML</arg>
<arg>MM</arg>
<arg>MN</arg>
<arg>MO</arg>
<arg>MP</arg>
<arg>MQ</arg>
<arg>MR</arg>
<arg>MS</arg>
<arg>MT</arg>
<arg>MU</arg>
<arg>MV</arg>
<arg>MW</arg>
<arg>MX</arg>
<arg>MY</arg>
<arg>MZ</arg>
<arg>NA</arg>
<arg>NC</arg>
<arg>NE</arg>
<arg>NF</arg>
<arg>NG</arg>
<arg>NI</arg>
<arg>NL</arg>
<arg>NO</arg>
<arg>NP</arg>
<arg>NR</arg>
<arg>NU</arg>
<arg>NZ</arg>
<arg>OM</arg>
<arg>PA</arg>
<arg>PE</arg>
<arg>PF</arg>
<arg>PG</arg>
<arg>PH</arg>
<arg>PK</arg>
<arg>PL</arg>
<arg>PM</arg>
<arg>PN</arg>
<arg>PR</arg>
<arg>PS</arg>
<arg>PT</arg>
<arg>PW</arg>
<arg>PY</arg>
<arg>QA</arg>
<arg>RE</arg>
<arg>RO</arg>
<arg>RS</arg>
<arg>RU</arg>
<arg>RW</arg>
<arg>SA</arg>
<arg>SB</arg>
<arg>SC</arg>
<arg>SD</arg>
<arg>SE</arg>
<arg>SG</arg>
<arg>SH</arg>
<arg>SI</arg>
<arg>SJ</arg>
<arg>SK</arg>
<arg>SL</arg>
<arg>SM</arg>
<arg>SN</arg>
<arg>SO</arg>
<arg>SR</arg>
<arg>SS</arg>
<arg>ST</arg>
<arg>SV</arg>
<arg>SX</arg>
<arg>SY</arg>
<arg>SZ</arg>
<arg>TC</arg>
<arg>TD</arg>
<arg>TF</arg>
<arg>TG</arg>
<arg>TH</arg>
<arg>TJ</arg>
<arg>TK</arg>
<arg>TL</arg>
<arg>TM</arg>
<arg>TN</arg>
<arg>TO</arg>
<arg>TR</arg>
<arg>TT</arg>
<arg>TV</arg>
<arg>TW</arg>
<arg>TZ</arg>
<arg>UA</arg>
<arg>UG</arg>
<arg>UM</arg>
<arg>US</arg>
<arg>UY</arg>
<arg>UZ</arg>
<arg>VA</arg>
<arg>VC</arg>
<arg>VE</arg>
<arg>VG</arg>
<arg>VI</arg>
<arg>VN</arg>
<arg>VU</arg>
<arg>WF</arg>
<arg>WS</arg>
<arg>XK</arg>
<arg>YE</arg>
<arg>YT</arg>
<arg>ZA</arg>
<arg>ZM</arg>
<arg>ZW</arg>
<doc>Returns a list containing given items.</doc>
<status status="PASS" start="2024-04-02T13:14:59.890732" elapsed="0.000621"/>
</kw>
<kw name="List Should Contain Value" owner="Collections">
<msg time="2024-04-02T13:14:59.892457" level="INFO">False</msg>
<arg>${list_country}</arg>
<arg>${name_country}</arg>
<doc>Fails if the ``value`` is not found from ``list``.</doc>
<status status="PASS" start="2024-04-02T13:14:59.892251" elapsed="0.000243"/>
</kw>
<kw name="Run Keyword If" owner="BuiltIn">
<kw name="Should Be True" owner="BuiltIn">
<arg>${True}</arg>
<doc>Fails if the given condition is not true.</doc>
<status status="PASS" start="2024-04-02T13:14:59.893597" elapsed="0.000146"/>
</kw>
<arg>${json_data["results"][0]["location"]["coordinates"]["latitude"]} &gt;= -90 and ${json_data["results"][0]["location"]["coordinates"]["latitude"]} &lt;= 90</arg>
<arg>Should Be True</arg>
<arg>${True}</arg>
<doc>Runs the given keyword with the given arguments, if ``condition`` is true.</doc>
<status status="PASS" start="2024-04-02T13:14:59.892831" elapsed="0.001042"/>
</kw>
<kw name="Run Keyword If" owner="BuiltIn">
<kw name="Should Be True" owner="BuiltIn">
<arg>${True}</arg>
<doc>Fails if the given condition is not true.</doc>
<status status="PASS" start="2024-04-02T13:14:59.894756" elapsed="0.000139"/>
</kw>
<arg>${json_data["results"][0]["location"]["coordinates"]["longitude"]} &gt;= -180 and ${json_data["results"][0]["location"]["coordinates"]["longitude"]} &lt;= 180</arg>
<arg>Should Be True</arg>
<arg>${True}</arg>
<doc>Runs the given keyword with the given arguments, if ``condition`` is true.</doc>
<status status="PASS" start="2024-04-02T13:14:59.894058" elapsed="0.000961"/>
</kw>
<status status="PASS" start="2024-04-02T13:14:59.761463" elapsed="0.133684"/>
</kw>
<doc>Testa o conteúdo específico dos campos retornados pela API.</doc>
<tag>testeConteudo</tag>
<status status="PASS" start="2024-04-02T13:14:59.760803" elapsed="0.134490"/>
</test>
<status status="PASS" start="2024-04-02T13:14:58.929517" elapsed="0.967749"/>
</suite>
<status status="PASS" start="2024-04-02T13:14:58.915789" elapsed="0.986833"/>
</suite>
<statistics>
<total>
<stat pass="5" fail="0" skip="0">All Tests</stat>
</total>
<tag>
<stat pass="1" fail="0" skip="0">testeConteudo</stat>
<stat pass="1" fail="0" skip="0">testeEstruturaResposta</stat>
<stat pass="1" fail="0" skip="0">testeRequisicaoBasica</stat>
<stat pass="1" fail="0" skip="0">testeTiposDados</stat>
</tag>
<suite>
<stat pass="5" fail="0" skip="0" id="s1" name="Tests">Tests</stat>
<stat pass="5" fail="0" skip="0" id="s1-s1" name="Random-User-Test">Tests.Random-User-Test</stat>
</suite>
</statistics>
<errors>
</errors>
</robot>
