<?xml version="1.0" encoding="UTF-8"?>
<robot generator="Robot 7.0 (Python 3.12.2 on linux)" generated="2024-04-04T21:12:18.759408" rpa="false" schemaversion="5">
<suite id="s1" name="Tests" source="/home/runner/work/DesafioQAItauRogerioJordao/DesafioQAItauRogerioJordao/RamdonUser/tests">
<suite id="s1-s1" name="Random-User-Test" source="/home/runner/work/DesafioQAItauRogerioJordao/DesafioQAItauRogerioJordao/RamdonUser/tests/random-user-test.robot">
<test id="s1-s1-t1" name="Conectar" line="13">
<kw name="Conectar API" owner="random-user-service">
<kw name="Create Session" owner="RequestsLibrary">
<msg time="2024-04-04T21:12:19.164804" level="INFO">Creating Session using : alias=consultarAPI, url=https://randomuser.me/, headers={},                     cookies={}, auth=None, timeout=None, proxies=None, verify=False,                     debug=0 </msg>
<arg>consultarAPI</arg>
<arg>${URL}</arg>
<doc>Create Session: create a HTTP session to a server</doc>
<status status="PASS" start="2024-04-04T21:12:19.164553" elapsed="0.000455"/>
</kw>
<status status="PASS" start="2024-04-04T21:12:19.163365" elapsed="0.002055"/>
</kw>
<status status="PASS" start="2024-04-04T21:12:19.162621" elapsed="0.003030"/>
</test>
<test id="s1-s1-t2" name="Validar retorno 200 e JSON Válido" line="16">
<kw name="Teste de Requisicao Basica" owner="random-user-service">
<kw name="GET On Session" owner="RequestsLibrary">
<msg time="2024-04-04T21:12:19.242575" level="INFO">GET Request : url=https://randomuser.me/api 
 path_url=/api 
 headers={'User-Agent': 'python-requests/2.31.0', 'Accept-Encoding': 'gzip, deflate', 'Accept': '*/*', 'Connection': 'keep-alive'} 
 body=None 
 </msg>
<msg time="2024-04-04T21:12:19.242734" level="INFO">GET Response : url=https://randomuser.me/api 
 status=200, reason=OK 
 headers={'Date': 'Thu, 04 Apr 2024 21:12:19 GMT', 'Content-Type': 'application/json; charset=utf-8', 'Transfer-Encoding': 'chunked', 'Connection': 'keep-alive', 'X-Powered-By': 'Express', 'Access-Control-Allow-Origin': '*', 'Cache-Control': 'no-cache', 'ETag': 'W/"470-fycgB0zHGmvyXJ92oguhbmbqVoY"', 'Vary': 'Accept-Encoding', 'Content-Encoding': 'gzip', 'CF-Cache-Status': 'DYNAMIC', 'Report-To': '{"endpoints":[{"url":"https:\\/\\/a.nel.cloudflare.com\\/report\\/v4?s=7Jwhaaz5RamRoGcp7g%2B1GQRfYlLCq8Ql0i%2FsD0W5kH60Zgn4pCc8jlZuFu8jxgXR171Y88faIdPVVxvJdI0PjatKrV7R3vaxzkM2kI8ciU50MvgY0dfh2bz9X%2BKxGnfB"}],"group":"cf-nel","max_age":604800}', 'NEL': '{"success_fraction":0,"report_to":"cf-nel","max_age":604800}', 'Server': 'cloudflare', 'CF-RAY': '86f44bc00e063958-IAD', 'alt-svc': 'h3=":443"; ma=86400'} 
 body={"results":[{"gender":"female","name":{"title":"Miss","first":"Anna","last":"Hart"},"location":{"street":{"number":6087,"name":"Avondale Ave"},"city":"Maitland","state":"Tasmania","country":"Australia","postcode":5160,"coordinates":{"latitude":"-85.9726","longitude":"55.7740"},"timezone":{"offset":"+3:30","description":"Tehran"}},"email":"anna.hart@example.com","login":{"uuid":"0649908b-0737-4831-9198-cc830733e916","username":"orangerabbit775","password":"manchest","salt":"CpBHmegf","md5":"0ac6f4ee7068b26728230cc930817b5e","sha1":"e25f0f05855c2a2d2a4929ff23a49052c629cb85","sha256":"82e5a27e0e16b68a5d44dd5e87daf258b7975854b720f9ab6c3090c8e903cd48"},"dob":{"date":"1975-10-20T18:02:16.325Z","age":48},"registered":{"date":"2006-05-31T19:12:47.903Z","age":17},"phone":"04-2285-0434","cell":"0428-106-424","id":{"name":"TFN","value":"194379661"},"picture":{"large":"https://randomuser.me/api/portraits/women/5.jpg","medium":"https://randomuser.me/api/portraits/med/women/5.jpg","thumbnail":"https://randomuser.me/api/portraits/thumb/women/5.jpg"},"nat":"AU"}],"info":{"seed":"131450cbe5b891e6","results":1,"page":1,"version":"1.4"}} 
 </msg>
<msg time="2024-04-04T21:12:19.242846" level="INFO">/opt/hostedtoolcache/Python/3.12.2/x64/lib/python3.12/site-packages/urllib3/connectionpool.py:1103: InsecureRequestWarning: Unverified HTTPS request is being made to host 'randomuser.me'. Adding certificate verification is strongly advised. See: https://urllib3.readthedocs.io/en/latest/advanced-usage.html#tls-warnings
  warnings.warn(</msg>
<msg time="2024-04-04T21:12:19.243018" level="INFO">${response} = &lt;Response [200]&gt;</msg>
<var>${response}</var>
<arg>consultarAPI</arg>
<arg>/api</arg>
<doc>Sends a GET request on a previously created HTTP Session.</doc>
<status status="PASS" start="2024-04-04T21:12:19.168509" elapsed="0.074553"/>
</kw>
<kw name="Should Be Equal As Numbers" owner="BuiltIn">
<msg time="2024-04-04T21:12:19.244181" level="INFO">Argument types are:
&lt;class 'int'&gt;
&lt;class 'str'&gt;</msg>
<arg>${response.status_code}</arg>
<arg>200</arg>
<doc>Fails if objects are unequal after converting them to real numbers.</doc>
<status status="PASS" start="2024-04-04T21:12:19.243684" elapsed="0.000571"/>
</kw>
<kw name="Log" owner="BuiltIn">
<msg time="2024-04-04T21:12:19.245027" level="INFO">200</msg>
<arg>${response.status_code}</arg>
<doc>Logs the given message with the given level.</doc>
<status status="PASS" start="2024-04-04T21:12:19.244633" elapsed="0.000441"/>
</kw>
<kw name="Set Variable" owner="BuiltIn">
<msg time="2024-04-04T21:12:19.245917" level="INFO">${json_data} = {'results': [{'gender': 'female', 'name': {'title': 'Miss', 'first': 'Anna', 'last': 'Hart'}, 'location': {'street': {'number': 6087, 'name': 'Avondale Ave'}, 'city': 'Maitland', 'state': 'Tasmania', ...</msg>
<var>${json_data}</var>
<arg>${response.json()}</arg>
<doc>Returns the given values which can then be assigned to a variables.</doc>
<status status="PASS" start="2024-04-04T21:12:19.245447" elapsed="0.000499"/>
</kw>
<kw name="Dictionary Should Contain Key" owner="Collections">
<msg time="2024-04-04T21:12:19.246495" level="INFO">False</msg>
<arg>${json_data}</arg>
<arg>results</arg>
<doc>Fails if ``key`` is not found from ``dictionary``.</doc>
<status status="PASS" start="2024-04-04T21:12:19.246268" elapsed="0.000269"/>
</kw>
<status status="PASS" start="2024-04-04T21:12:19.168225" elapsed="0.078584"/>
</kw>
<doc>Testa se a API responde corretamente e retorna um objeto JSON válido.</doc>
<tag>testeRequisicaoBasica</tag>
<status status="PASS" start="2024-04-04T21:12:19.167647" elapsed="0.079359"/>
</test>
<test id="s1-s1-t3" name="Validar estrutura de resposta" line="22">
<kw name="Teste de Estrutura de Resposta" owner="random-user-service">
<kw name="GET On Session" owner="RequestsLibrary">
<msg time="2024-04-04T21:12:19.345993" level="INFO">GET Request : url=https://randomuser.me/api 
 path_url=/api 
 headers={'User-Agent': 'python-requests/2.31.0', 'Accept-Encoding': 'gzip, deflate', 'Accept': '*/*', 'Connection': 'keep-alive'} 
 body=None 
 </msg>
<msg time="2024-04-04T21:12:19.346115" level="INFO">GET Response : url=https://randomuser.me/api 
 status=200, reason=OK 
 headers={'Date': 'Thu, 04 Apr 2024 21:12:19 GMT', 'Content-Type': 'application/json; charset=utf-8', 'Transfer-Encoding': 'chunked', 'Connection': 'keep-alive', 'X-Powered-By': 'Express', 'Access-Control-Allow-Origin': '*', 'Cache-Control': 'no-cache', 'ETag': 'W/"492-RzwtPa0VjPrEI2I8xjV0w8UiVX8"', 'Vary': 'Accept-Encoding', 'Content-Encoding': 'gzip', 'CF-Cache-Status': 'DYNAMIC', 'Report-To': '{"endpoints":[{"url":"https:\\/\\/a.nel.cloudflare.com\\/report\\/v4?s=TUQ2Ke8UEwHu890tiExD63C6UmqAzOZwtbyzADtackwP7vyFEViOVFaO5r4MTa0Jh7KrZZ877%2B1oh62c4YW1C8qBvsHnZhEI01HaVRRBC5xh66F1TsuJZj1Jh3DB1i5T"}],"group":"cf-nel","max_age":604800}', 'NEL': '{"success_fraction":0,"report_to":"cf-nel","max_age":604800}', 'Server': 'cloudflare', 'CF-RAY': '86f44bc04e633958-IAD', 'alt-svc': 'h3=":443"; ma=86400'} 
 body={"results":[{"gender":"male","name":{"title":"Mr","first":"Juan","last":"Hicks"},"location":{"street":{"number":2335,"name":"Queens Road"},"city":"Portsmouth","state":"Mid Glamorgan","country":"United Kingdom","postcode":"PN81 9PF","coordinates":{"latitude":"-5.2452","longitude":"-76.4642"},"timezone":{"offset":"+2:00","description":"Kaliningrad, South Africa"}},"email":"juan.hicks@example.com","login":{"uuid":"8683aaa6-15a0-40ba-97c6-761773c580d5","username":"smallkoala526","password":"interest","salt":"evPacTOg","md5":"937785c6b30c22158d29238a05528f5b","sha1":"006c4800ee1d23a0c0b454bfa19e09fe88c92dd8","sha256":"4a36d0c75915158dcf2c3b993302a6e5ed9d8268943ccaebd26b9048f00c77af"},"dob":{"date":"1969-04-02T01:30:36.079Z","age":55},"registered":{"date":"2004-02-16T05:45:42.734Z","age":20},"phone":"016973 99031","cell":"07885 335745","id":{"name":"NINO","value":"SH 31 29 07 K"},"picture":{"large":"https://randomuser.me/api/portraits/men/49.jpg","medium":"https://randomuser.me/api/portraits/med/men/49.jpg","thumbnail":"https://randomuser.me/api/portraits/thumb/men/49.jpg"},"nat":"GB"}],"info":{"seed":"8a2ce7218da24231","results":1,"page":1,"version":"1.4"}} 
 </msg>
<msg time="2024-04-04T21:12:19.346319" level="INFO">/opt/hostedtoolcache/Python/3.12.2/x64/lib/python3.12/site-packages/urllib3/connectionpool.py:1103: InsecureRequestWarning: Unverified HTTPS request is being made to host 'randomuser.me'. Adding certificate verification is strongly advised. See: https://urllib3.readthedocs.io/en/latest/advanced-usage.html#tls-warnings
  warnings.warn(</msg>
<msg time="2024-04-04T21:12:19.346457" level="INFO">${response} = &lt;Response [200]&gt;</msg>
<var>${response}</var>
<arg>consultarAPI</arg>
<arg>/api</arg>
<doc>Sends a GET request on a previously created HTTP Session.</doc>
<status status="PASS" start="2024-04-04T21:12:19.249868" elapsed="0.096631"/>
</kw>
<kw name="Set Variable" owner="BuiltIn">
<msg time="2024-04-04T21:12:19.347595" level="INFO">${json_data} = {'results': [{'gender': 'male', 'name': {'title': 'Mr', 'first': 'Juan', 'last': 'Hicks'}, 'location': {'street': {'number': 2335, 'name': 'Queens Road'}, 'city': 'Portsmouth', 'state': 'Mid Glamorgan...</msg>
<var>${json_data}</var>
<arg>${response.json()}</arg>
<doc>Returns the given values which can then be assigned to a variables.</doc>
<status status="PASS" start="2024-04-04T21:12:19.347051" elapsed="0.000573"/>
</kw>
<kw name="Log" owner="BuiltIn">
<msg time="2024-04-04T21:12:19.348107" level="INFO">{'results': [{'gender': 'male', 'name': {'title': 'Mr', 'first': 'Juan', 'last': 'Hicks'}, 'location': {'street': {'number': 2335, 'name': 'Queens Road'}, 'city': 'Portsmouth', 'state': 'Mid Glamorgan', 'country': 'United Kingdom', 'postcode': 'PN81 9PF', 'coordinates': {'latitude': '-5.2452', 'longitude': '-76.4642'}, 'timezone': {'offset': '+2:00', 'description': 'Kaliningrad, South Africa'}}, 'email': 'juan.hicks@example.com', 'login': {'uuid': '8683aaa6-15a0-40ba-97c6-761773c580d5', 'username': 'smallkoala526', 'password': 'interest', 'salt': 'evPacTOg', 'md5': '937785c6b30c22158d29238a05528f5b', 'sha1': '006c4800ee1d23a0c0b454bfa19e09fe88c92dd8', 'sha256': '4a36d0c75915158dcf2c3b993302a6e5ed9d8268943ccaebd26b9048f00c77af'}, 'dob': {'date': '1969-04-02T01:30:36.079Z', 'age': 55}, 'registered': {'date': '2004-02-16T05:45:42.734Z', 'age': 20}, 'phone': '016973 99031', 'cell': '07885 335745', 'id': {'name': 'NINO', 'value': 'SH 31 29 07 K'}, 'picture': {'large': 'https://randomuser.me/api/portraits/men/49.jpg', 'medium': 'https://randomuser.me/api/portraits/med/men/49.jpg', 'thumbnail': 'https://randomuser.me/api/portraits/thumb/men/49.jpg'}, 'nat': 'GB'}], 'info': {'seed': '8a2ce7218da24231', 'results': 1, 'page': 1, 'version': '1.4'}}</msg>
<arg>${json_data}</arg>
<doc>Logs the given message with the given level.</doc>
<status status="PASS" start="2024-04-04T21:12:19.347943" elapsed="0.000213"/>
</kw>
<kw name="Dictionary Should Contain Key" owner="Collections">
<msg time="2024-04-04T21:12:19.348615" level="INFO">False</msg>
<arg>${json_data}</arg>
<arg>results</arg>
<doc>Fails if ``key`` is not found from ``dictionary``.</doc>
<status status="PASS" start="2024-04-04T21:12:19.348453" elapsed="0.000201"/>
</kw>
<kw name="Should Not Be Empty" owner="BuiltIn">
<msg time="2024-04-04T21:12:19.349081" level="INFO">Length is 2.</msg>
<arg>${json_data}</arg>
<doc>Verifies that the given item is not empty.</doc>
<status status="PASS" start="2024-04-04T21:12:19.348948" elapsed="0.000172"/>
</kw>
<kw name="Create List" owner="BuiltIn">
<msg time="2024-04-04T21:12:19.349571" level="INFO">${expected_keys} = ['gender', 'name', 'location', 'email', 'login']</msg>
<var>${expected_keys}</var>
<arg>gender</arg>
<arg>name</arg>
<arg>location</arg>
<arg>email</arg>
<arg>login</arg>
<doc>Returns a list containing given items.</doc>
<status status="PASS" start="2024-04-04T21:12:19.349420" elapsed="0.000176"/>
</kw>
<for flavor="IN">
<iter>
<kw name="Dictionary Should Contain Key" owner="Collections">
<msg time="2024-04-04T21:12:19.350656" level="INFO">False</msg>
<arg>${json_data['results'][0]}</arg>
<arg>${key}</arg>
<doc>Fails if ``key`` is not found from ``dictionary``.</doc>
<status status="PASS" start="2024-04-04T21:12:19.350203" elapsed="0.000495"/>
</kw>
<kw name="Log" owner="BuiltIn">
<msg time="2024-04-04T21:12:19.351381" level="INFO">{'gender': 'male', 'name': {'title': 'Mr', 'first': 'Juan', 'last': 'Hicks'}, 'location': {'street': {'number': 2335, 'name': 'Queens Road'}, 'city': 'Portsmouth', 'state': 'Mid Glamorgan', 'country': 'United Kingdom', 'postcode': 'PN81 9PF', 'coordinates': {'latitude': '-5.2452', 'longitude': '-76.4642'}, 'timezone': {'offset': '+2:00', 'description': 'Kaliningrad, South Africa'}}, 'email': 'juan.hicks@example.com', 'login': {'uuid': '8683aaa6-15a0-40ba-97c6-761773c580d5', 'username': 'smallkoala526', 'password': 'interest', 'salt': 'evPacTOg', 'md5': '937785c6b30c22158d29238a05528f5b', 'sha1': '006c4800ee1d23a0c0b454bfa19e09fe88c92dd8', 'sha256': '4a36d0c75915158dcf2c3b993302a6e5ed9d8268943ccaebd26b9048f00c77af'}, 'dob': {'date': '1969-04-02T01:30:36.079Z', 'age': 55}, 'registered': {'date': '2004-02-16T05:45:42.734Z', 'age': 20}, 'phone': '016973 99031', 'cell': '07885 335745', 'id': {'name': 'NINO', 'value': 'SH 31 29 07 K'}, 'picture': {'large': 'https://randomuser.me/api/portraits/men/49.jpg', 'medium': 'https://randomuser.me/api/portraits/med/men/49.jpg', 'thumbnail': 'https://randomuser.me/api/portraits/thumb/men/49.jpg'}, 'nat': 'GB'}</msg>
<arg>${json_data['results'][0]}</arg>
<doc>Logs the given message with the given level.</doc>
<status status="PASS" start="2024-04-04T21:12:19.351010" elapsed="0.000425"/>
</kw>
<kw name="Log" owner="BuiltIn">
<msg time="2024-04-04T21:12:19.351926" level="INFO">gender</msg>
<arg>${key}</arg>
<doc>Logs the given message with the given level.</doc>
<status status="PASS" start="2024-04-04T21:12:19.351769" elapsed="0.000197"/>
</kw>
<var name="${key}">gender</var>
<status status="PASS" start="2024-04-04T21:12:19.350073" elapsed="0.002121"/>
</iter>
<iter>
<kw name="Dictionary Should Contain Key" owner="Collections">
<msg time="2024-04-04T21:12:19.352887" level="INFO">False</msg>
<arg>${json_data['results'][0]}</arg>
<arg>${key}</arg>
<doc>Fails if ``key`` is not found from ``dictionary``.</doc>
<status status="PASS" start="2024-04-04T21:12:19.352502" elapsed="0.000423"/>
</kw>
<kw name="Log" owner="BuiltIn">
<msg time="2024-04-04T21:12:19.353629" level="INFO">{'gender': 'male', 'name': {'title': 'Mr', 'first': 'Juan', 'last': 'Hicks'}, 'location': {'street': {'number': 2335, 'name': 'Queens Road'}, 'city': 'Portsmouth', 'state': 'Mid Glamorgan', 'country': 'United Kingdom', 'postcode': 'PN81 9PF', 'coordinates': {'latitude': '-5.2452', 'longitude': '-76.4642'}, 'timezone': {'offset': '+2:00', 'description': 'Kaliningrad, South Africa'}}, 'email': 'juan.hicks@example.com', 'login': {'uuid': '8683aaa6-15a0-40ba-97c6-761773c580d5', 'username': 'smallkoala526', 'password': 'interest', 'salt': 'evPacTOg', 'md5': '937785c6b30c22158d29238a05528f5b', 'sha1': '006c4800ee1d23a0c0b454bfa19e09fe88c92dd8', 'sha256': '4a36d0c75915158dcf2c3b993302a6e5ed9d8268943ccaebd26b9048f00c77af'}, 'dob': {'date': '1969-04-02T01:30:36.079Z', 'age': 55}, 'registered': {'date': '2004-02-16T05:45:42.734Z', 'age': 20}, 'phone': '016973 99031', 'cell': '07885 335745', 'id': {'name': 'NINO', 'value': 'SH 31 29 07 K'}, 'picture': {'large': 'https://randomuser.me/api/portraits/men/49.jpg', 'medium': 'https://randomuser.me/api/portraits/med/men/49.jpg', 'thumbnail': 'https://randomuser.me/api/portraits/thumb/men/49.jpg'}, 'nat': 'GB'}</msg>
<arg>${json_data['results'][0]}</arg>
<doc>Logs the given message with the given level.</doc>
<status status="PASS" start="2024-04-04T21:12:19.353262" elapsed="0.000415"/>
</kw>
<kw name="Log" owner="BuiltIn">
<msg time="2024-04-04T21:12:19.354110" level="INFO">name</msg>
<arg>${key}</arg>
<doc>Logs the given message with the given level.</doc>
<status status="PASS" start="2024-04-04T21:12:19.353982" elapsed="0.000167"/>
</kw>
<var name="${key}">name</var>
<status status="PASS" start="2024-04-04T21:12:19.352387" elapsed="0.002017"/>
</iter>
<iter>
<kw name="Dictionary Should Contain Key" owner="Collections">
<msg time="2024-04-04T21:12:19.355077" level="INFO">False</msg>
<arg>${json_data['results'][0]}</arg>
<arg>${key}</arg>
<doc>Fails if ``key`` is not found from ``dictionary``.</doc>
<status status="PASS" start="2024-04-04T21:12:19.354699" elapsed="0.000416"/>
</kw>
<kw name="Log" owner="BuiltIn">
<msg time="2024-04-04T21:12:19.355781" level="INFO">{'gender': 'male', 'name': {'title': 'Mr', 'first': 'Juan', 'last': 'Hicks'}, 'location': {'street': {'number': 2335, 'name': 'Queens Road'}, 'city': 'Portsmouth', 'state': 'Mid Glamorgan', 'country': 'United Kingdom', 'postcode': 'PN81 9PF', 'coordinates': {'latitude': '-5.2452', 'longitude': '-76.4642'}, 'timezone': {'offset': '+2:00', 'description': 'Kaliningrad, South Africa'}}, 'email': 'juan.hicks@example.com', 'login': {'uuid': '8683aaa6-15a0-40ba-97c6-761773c580d5', 'username': 'smallkoala526', 'password': 'interest', 'salt': 'evPacTOg', 'md5': '937785c6b30c22158d29238a05528f5b', 'sha1': '006c4800ee1d23a0c0b454bfa19e09fe88c92dd8', 'sha256': '4a36d0c75915158dcf2c3b993302a6e5ed9d8268943ccaebd26b9048f00c77af'}, 'dob': {'date': '1969-04-02T01:30:36.079Z', 'age': 55}, 'registered': {'date': '2004-02-16T05:45:42.734Z', 'age': 20}, 'phone': '016973 99031', 'cell': '07885 335745', 'id': {'name': 'NINO', 'value': 'SH 31 29 07 K'}, 'picture': {'large': 'https://randomuser.me/api/portraits/men/49.jpg', 'medium': 'https://randomuser.me/api/portraits/med/men/49.jpg', 'thumbnail': 'https://randomuser.me/api/portraits/thumb/men/49.jpg'}, 'nat': 'GB'}</msg>
<arg>${json_data['results'][0]}</arg>
<doc>Logs the given message with the given level.</doc>
<status status="PASS" start="2024-04-04T21:12:19.355418" elapsed="0.000415"/>
</kw>
<kw name="Log" owner="BuiltIn">
<msg time="2024-04-04T21:12:19.356258" level="INFO">location</msg>
<arg>${key}</arg>
<doc>Logs the given message with the given level.</doc>
<status status="PASS" start="2024-04-04T21:12:19.356130" elapsed="0.000166"/>
</kw>
<var name="${key}">location</var>
<status status="PASS" start="2024-04-04T21:12:19.354585" elapsed="0.001927"/>
</iter>
<iter>
<kw name="Dictionary Should Contain Key" owner="Collections">
<msg time="2024-04-04T21:12:19.357171" level="INFO">False</msg>
<arg>${json_data['results'][0]}</arg>
<arg>${key}</arg>
<doc>Fails if ``key`` is not found from ``dictionary``.</doc>
<status status="PASS" start="2024-04-04T21:12:19.356796" elapsed="0.000412"/>
</kw>
<kw name="Log" owner="BuiltIn">
<msg time="2024-04-04T21:12:19.357866" level="INFO">{'gender': 'male', 'name': {'title': 'Mr', 'first': 'Juan', 'last': 'Hicks'}, 'location': {'street': {'number': 2335, 'name': 'Queens Road'}, 'city': 'Portsmouth', 'state': 'Mid Glamorgan', 'country': 'United Kingdom', 'postcode': 'PN81 9PF', 'coordinates': {'latitude': '-5.2452', 'longitude': '-76.4642'}, 'timezone': {'offset': '+2:00', 'description': 'Kaliningrad, South Africa'}}, 'email': 'juan.hicks@example.com', 'login': {'uuid': '8683aaa6-15a0-40ba-97c6-761773c580d5', 'username': 'smallkoala526', 'password': 'interest', 'salt': 'evPacTOg', 'md5': '937785c6b30c22158d29238a05528f5b', 'sha1': '006c4800ee1d23a0c0b454bfa19e09fe88c92dd8', 'sha256': '4a36d0c75915158dcf2c3b993302a6e5ed9d8268943ccaebd26b9048f00c77af'}, 'dob': {'date': '1969-04-02T01:30:36.079Z', 'age': 55}, 'registered': {'date': '2004-02-16T05:45:42.734Z', 'age': 20}, 'phone': '016973 99031', 'cell': '07885 335745', 'id': {'name': 'NINO', 'value': 'SH 31 29 07 K'}, 'picture': {'large': 'https://randomuser.me/api/portraits/men/49.jpg', 'medium': 'https://randomuser.me/api/portraits/med/men/49.jpg', 'thumbnail': 'https://randomuser.me/api/portraits/thumb/men/49.jpg'}, 'nat': 'GB'}</msg>
<arg>${json_data['results'][0]}</arg>
<doc>Logs the given message with the given level.</doc>
<status status="PASS" start="2024-04-04T21:12:19.357508" elapsed="0.000405"/>
</kw>
<kw name="Log" owner="BuiltIn">
<msg time="2024-04-04T21:12:19.358352" level="INFO">email</msg>
<arg>${key}</arg>
<doc>Logs the given message with the given level.</doc>
<status status="PASS" start="2024-04-04T21:12:19.358204" elapsed="0.000195"/>
</kw>
<var name="${key}">email</var>
<status status="PASS" start="2024-04-04T21:12:19.356686" elapsed="0.001932"/>
</iter>
<iter>
<kw name="Dictionary Should Contain Key" owner="Collections">
<msg time="2024-04-04T21:12:19.359288" level="INFO">False</msg>
<arg>${json_data['results'][0]}</arg>
<arg>${key}</arg>
<doc>Fails if ``key`` is not found from ``dictionary``.</doc>
<status status="PASS" start="2024-04-04T21:12:19.358907" elapsed="0.000418"/>
</kw>
<kw name="Log" owner="BuiltIn">
<msg time="2024-04-04T21:12:19.359981" level="INFO">{'gender': 'male', 'name': {'title': 'Mr', 'first': 'Juan', 'last': 'Hicks'}, 'location': {'street': {'number': 2335, 'name': 'Queens Road'}, 'city': 'Portsmouth', 'state': 'Mid Glamorgan', 'country': 'United Kingdom', 'postcode': 'PN81 9PF', 'coordinates': {'latitude': '-5.2452', 'longitude': '-76.4642'}, 'timezone': {'offset': '+2:00', 'description': 'Kaliningrad, South Africa'}}, 'email': 'juan.hicks@example.com', 'login': {'uuid': '8683aaa6-15a0-40ba-97c6-761773c580d5', 'username': 'smallkoala526', 'password': 'interest', 'salt': 'evPacTOg', 'md5': '937785c6b30c22158d29238a05528f5b', 'sha1': '006c4800ee1d23a0c0b454bfa19e09fe88c92dd8', 'sha256': '4a36d0c75915158dcf2c3b993302a6e5ed9d8268943ccaebd26b9048f00c77af'}, 'dob': {'date': '1969-04-02T01:30:36.079Z', 'age': 55}, 'registered': {'date': '2004-02-16T05:45:42.734Z', 'age': 20}, 'phone': '016973 99031', 'cell': '07885 335745', 'id': {'name': 'NINO', 'value': 'SH 31 29 07 K'}, 'picture': {'large': 'https://randomuser.me/api/portraits/men/49.jpg', 'medium': 'https://randomuser.me/api/portraits/med/men/49.jpg', 'thumbnail': 'https://randomuser.me/api/portraits/thumb/men/49.jpg'}, 'nat': 'GB'}</msg>
<arg>${json_data['results'][0]}</arg>
<doc>Logs the given message with the given level.</doc>
<status status="PASS" start="2024-04-04T21:12:19.359619" elapsed="0.000409"/>
</kw>
<kw name="Log" owner="BuiltIn">
<msg time="2024-04-04T21:12:19.360445" level="INFO">login</msg>
<arg>${key}</arg>
<doc>Logs the given message with the given level.</doc>
<status status="PASS" start="2024-04-04T21:12:19.360320" elapsed="0.000280"/>
</kw>
<var name="${key}">login</var>
<status status="PASS" start="2024-04-04T21:12:19.358792" elapsed="0.002057"/>
</iter>
<var>${key}</var>
<value>@{expected_keys}</value>
<status status="PASS" start="2024-04-04T21:12:19.349870" elapsed="0.011107"/>
</for>
<kw name="Create List" owner="BuiltIn">
<msg time="2024-04-04T21:12:19.361312" level="INFO">${expected_keysTwo} = ['username', 'password']</msg>
<var>${expected_keysTwo}</var>
<arg>username</arg>
<arg>password</arg>
<doc>Returns a list containing given items.</doc>
<status status="PASS" start="2024-04-04T21:12:19.361175" elapsed="0.000161"/>
</kw>
<for flavor="IN">
<iter>
<kw name="Dictionary Should Contain Key" owner="Collections">
<msg time="2024-04-04T21:12:19.362219" level="INFO">False</msg>
<arg>${json_data['results'][0]['login']}</arg>
<arg>${keyTwo}</arg>
<doc>Fails if ``key`` is not found from ``dictionary``.</doc>
<status status="PASS" start="2024-04-04T21:12:19.361835" elapsed="0.000422"/>
</kw>
<kw name="Dictionary Should Contain Key" owner="Collections">
<msg time="2024-04-04T21:12:19.362961" level="INFO">False</msg>
<arg>${json_data['results'][0]['login']}</arg>
<arg>${keyTwo}</arg>
<doc>Fails if ``key`` is not found from ``dictionary``.</doc>
<status status="PASS" start="2024-04-04T21:12:19.362581" elapsed="0.000418"/>
</kw>
<kw name="Log" owner="BuiltIn">
<msg time="2024-04-04T21:12:19.363422" level="INFO">username</msg>
<arg>${keyTwo}</arg>
<doc>Logs the given message with the given level.</doc>
<status status="PASS" start="2024-04-04T21:12:19.363295" elapsed="0.000165"/>
</kw>
<var name="${keyTwo}">username</var>
<status status="PASS" start="2024-04-04T21:12:19.361725" elapsed="0.001952"/>
</iter>
<iter>
<kw name="Dictionary Should Contain Key" owner="Collections">
<msg time="2024-04-04T21:12:19.364335" level="INFO">False</msg>
<arg>${json_data['results'][0]['login']}</arg>
<arg>${keyTwo}</arg>
<doc>Fails if ``key`` is not found from ``dictionary``.</doc>
<status status="PASS" start="2024-04-04T21:12:19.363957" elapsed="0.000416"/>
</kw>
<kw name="Dictionary Should Contain Key" owner="Collections">
<msg time="2024-04-04T21:12:19.365045" level="INFO">False</msg>
<arg>${json_data['results'][0]['login']}</arg>
<arg>${keyTwo}</arg>
<doc>Fails if ``key`` is not found from ``dictionary``.</doc>
<status status="PASS" start="2024-04-04T21:12:19.364666" elapsed="0.000416"/>
</kw>
<kw name="Log" owner="BuiltIn">
<msg time="2024-04-04T21:12:19.365492" level="INFO">password</msg>
<arg>${keyTwo}</arg>
<doc>Logs the given message with the given level.</doc>
<status status="PASS" start="2024-04-04T21:12:19.365368" elapsed="0.000162"/>
</kw>
<var name="${keyTwo}">password</var>
<status status="PASS" start="2024-04-04T21:12:19.363849" elapsed="0.001896"/>
</iter>
<var>${keyTwo}</var>
<value>@{expected_keysTwo}</value>
<status status="PASS" start="2024-04-04T21:12:19.361572" elapsed="0.004294"/>
</for>
<status status="PASS" start="2024-04-04T21:12:19.249617" elapsed="0.116392"/>
</kw>
<doc>Testa a estrutura da resposta da API.</doc>
<tag>testeEstruturaResposta</tag>
<status status="PASS" start="2024-04-04T21:12:19.248882" elapsed="0.117290"/>
</test>
<test id="s1-s1-t4" name="Validar tipos de dados" line="28">
<kw name="Teste de Tipos de Dados" owner="random-user-service">
<kw name="GET On Session" owner="RequestsLibrary">
<msg time="2024-04-04T21:12:19.452609" level="INFO">GET Request : url=https://randomuser.me/api 
 path_url=/api 
 headers={'User-Agent': 'python-requests/2.31.0', 'Accept-Encoding': 'gzip, deflate', 'Accept': '*/*', 'Connection': 'keep-alive'} 
 body=None 
 </msg>
<msg time="2024-04-04T21:12:19.452708" level="INFO">GET Response : url=https://randomuser.me/api 
 status=200, reason=OK 
 headers={'Date': 'Thu, 04 Apr 2024 21:12:19 GMT', 'Content-Type': 'application/json; charset=utf-8', 'Transfer-Encoding': 'chunked', 'Connection': 'keep-alive', 'X-Powered-By': 'Express', 'Access-Control-Allow-Origin': '*', 'Cache-Control': 'no-cache', 'ETag': 'W/"49a-xEUjbn141cDUr6jVtj5DTgx/CDU"', 'Vary': 'Accept-Encoding', 'Content-Encoding': 'gzip', 'CF-Cache-Status': 'DYNAMIC', 'Report-To': '{"endpoints":[{"url":"https:\\/\\/a.nel.cloudflare.com\\/report\\/v4?s=QsnN82ASS%2BHqhar85v47uBUFlJNu5dLfk6Ni8N%2FUWGCN8hadmu4304LJoBtaVng%2BqoiFJ4BvBIOQ8fz0B3ojaGHG2ebRr563WS3oiDS1PMm%2FZ6weAJUV8GJaKTHPiH9%2B"}],"group":"cf-nel","max_age":604800}', 'NEL': '{"success_fraction":0,"report_to":"cf-nel","max_age":604800}', 'Server': 'cloudflare', 'CF-RAY': '86f44bc10f523958-IAD', 'alt-svc': 'h3=":443"; ma=86400'} 
 body={"results":[{"gender":"female","name":{"title":"Mrs","first":"Emily","last":"Jensen"},"location":{"street":{"number":2231,"name":"Hovedgaden"},"city":"Randers Nø","state":"Hovedstaden","country":"Denmark","postcode":54571,"coordinates":{"latitude":"-43.9238","longitude":"142.7570"},"timezone":{"offset":"0:00","description":"Western Europe Time, London, Lisbon, Casablanca"}},"email":"emily.jensen@example.com","login":{"uuid":"43a735a3-7ff0-4b81-b355-7436e5ba86e0","username":"greenkoala338","password":"felix1","salt":"78cSFfBn","md5":"3cb8386817e4bd43464329312d67455b","sha1":"b2ff72b8bf10dec77968c012d1d50728d868c14b","sha256":"215dc3e2e9e4e2f96b8544ed0fc5afa88f9ab644c0667f888eed8bda657eef67"},"dob":{"date":"1957-03-19T07:56:08.766Z","age":67},"registered":{"date":"2010-01-21T00:05:47.123Z","age":14},"phone":"37653900","cell":"03663514","id":{"name":"CPR","value":"190357-2173"},"picture":{"large":"https://randomuser.me/api/portraits/women/86.jpg","medium":"https://randomuser.me/api/portraits/med/women/86.jpg","thumbnail":"https://randomuser.me/api/portraits/thumb/women/86.jpg"},"nat":"DK"}],"info":{"seed":"bc8ea87cd8a4647b","results":1,"page":1,"version":"1.4"}} 
 </msg>
<msg time="2024-04-04T21:12:19.452780" level="INFO">/opt/hostedtoolcache/Python/3.12.2/x64/lib/python3.12/site-packages/urllib3/connectionpool.py:1103: InsecureRequestWarning: Unverified HTTPS request is being made to host 'randomuser.me'. Adding certificate verification is strongly advised. See: https://urllib3.readthedocs.io/en/latest/advanced-usage.html#tls-warnings
  warnings.warn(</msg>
<msg time="2024-04-04T21:12:19.452902" level="INFO">${response} = &lt;Response [200]&gt;</msg>
<var>${response}</var>
<arg>consultarAPI</arg>
<arg>/api</arg>
<doc>Sends a GET request on a previously created HTTP Session.</doc>
<status status="PASS" start="2024-04-04T21:12:19.368710" elapsed="0.084219"/>
</kw>
<kw name="Set Variable" owner="BuiltIn">
<msg time="2024-04-04T21:12:19.454022" level="INFO">${json_data} = {'results': [{'gender': 'female', 'name': {'title': 'Mrs', 'first': 'Emily', 'last': 'Jensen'}, 'location': {'street': {'number': 2231, 'name': 'Hovedgaden'}, 'city': 'Randers Nø', 'state': 'Hovedstad...</msg>
<var>${json_data}</var>
<arg>${response.json()}</arg>
<doc>Returns the given values which can then be assigned to a variables.</doc>
<status status="PASS" start="2024-04-04T21:12:19.453489" elapsed="0.000563"/>
</kw>
<kw name="Log" owner="BuiltIn">
<msg time="2024-04-04T21:12:19.454586" level="INFO">{'results': [{'gender': 'female', 'name': {'title': 'Mrs', 'first': 'Emily', 'last': 'Jensen'}, 'location': {'street': {'number': 2231, 'name': 'Hovedgaden'}, 'city': 'Randers Nø', 'state': 'Hovedstaden', 'country': 'Denmark', 'postcode': 54571, 'coordinates': {'latitude': '-43.9238', 'longitude': '142.7570'}, 'timezone': {'offset': '0:00', 'description': 'Western Europe Time, London, Lisbon, Casablanca'}}, 'email': 'emily.jensen@example.com', 'login': {'uuid': '43a735a3-7ff0-4b81-b355-7436e5ba86e0', 'username': 'greenkoala338', 'password': 'felix1', 'salt': '78cSFfBn', 'md5': '3cb8386817e4bd43464329312d67455b', 'sha1': 'b2ff72b8bf10dec77968c012d1d50728d868c14b', 'sha256': '215dc3e2e9e4e2f96b8544ed0fc5afa88f9ab644c0667f888eed8bda657eef67'}, 'dob': {'date': '1957-03-19T07:56:08.766Z', 'age': 67}, 'registered': {'date': '2010-01-21T00:05:47.123Z', 'age': 14}, 'phone': '37653900', 'cell': '03663514', 'id': {'name': 'CPR', 'value': '190357-2173'}, 'picture': {'large': 'https://randomuser.me/api/portraits/women/86.jpg', 'medium': 'https://randomuser.me/api/portraits/med/women/86.jpg', 'thumbnail': 'https://randomuser.me/api/portraits/thumb/women/86.jpg'}, 'nat': 'DK'}], 'info': {'seed': 'bc8ea87cd8a4647b', 'results': 1, 'page': 1, 'version': '1.4'}}</msg>
<arg>${json_data}</arg>
<doc>Logs the given message with the given level.</doc>
<status status="PASS" start="2024-04-04T21:12:19.454417" elapsed="0.000265"/>
</kw>
<kw name="Should Be String" owner="String">
<arg>${json_data['results'][0]['gender']}</arg>
<doc>Fails if the given ``item`` is not a string.</doc>
<status status="PASS" start="2024-04-04T21:12:19.454987" elapsed="0.000362"/>
</kw>
<kw name="Should Match Regexp" owner="BuiltIn">
<arg>${json_data['results'][0]['email']}</arg>
<arg>^[a-zA-Z0-9._%+-]+@[a-zA-Z0-9.-]+\.[a-zA-Z]{2,}$</arg>
<doc>Fails if ``string`` does not match ``pattern`` as a regular expression.</doc>
<status status="PASS" start="2024-04-04T21:12:19.455545" elapsed="0.000526"/>
</kw>
<kw name="Should Match Regexp" owner="BuiltIn">
<arg>${json_data['results'][0]['dob']['date']}</arg>
<arg>\\d{4}-\\d{2}-\\d{2}T\\d{2}:\\d{2}:\\d{2}\\.\\d{3}Z</arg>
<doc>Fails if ``string`` does not match ``pattern`` as a regular expression.</doc>
<status status="PASS" start="2024-04-04T21:12:19.456273" elapsed="0.000494"/>
</kw>
<kw name="Should Match Regexp" owner="BuiltIn">
<arg>${json_data['results'][0]['registered']['date']}</arg>
<arg>\\d{4}-\\d{2}-\\d{2}T\\d{2}:\\d{2}:\\d{2}\\.\\d{3}Z</arg>
<doc>Fails if ``string`` does not match ``pattern`` as a regular expression.</doc>
<status status="PASS" start="2024-04-04T21:12:19.456963" elapsed="0.000367"/>
</kw>
<kw name="Should Match Regexp" owner="BuiltIn">
<arg>${json_data['results'][0]['picture']['large']}</arg>
<arg>^https?://.*\.(?:png|jpe?g|gif|bmp)$</arg>
<doc>Fails if ``string`` does not match ``pattern`` as a regular expression.</doc>
<status status="PASS" start="2024-04-04T21:12:19.457519" elapsed="0.000456"/>
</kw>
<kw name="Should Match Regexp" owner="BuiltIn">
<arg>${json_data['results'][0]['picture']['medium']}</arg>
<arg>^https?://.*\.(?:png|jpe?g|gif|bmp)$</arg>
<doc>Fails if ``string`` does not match ``pattern`` as a regular expression.</doc>
<status status="PASS" start="2024-04-04T21:12:19.458165" elapsed="0.000386"/>
</kw>
<kw name="Should Match Regexp" owner="BuiltIn">
<arg>${json_data['results'][0]['picture']['thumbnail']}</arg>
<arg>^https?://.*\.(?:png|jpe?g|gif|bmp)$</arg>
<doc>Fails if ``string`` does not match ``pattern`` as a regular expression.</doc>
<status status="PASS" start="2024-04-04T21:12:19.458737" elapsed="0.000348"/>
</kw>
<kw name="Log" owner="BuiltIn">
<msg time="2024-04-04T21:12:19.459590" level="INFO">{'large': 'https://randomuser.me/api/portraits/women/86.jpg', 'medium': 'https://randomuser.me/api/portraits/med/women/86.jpg', 'thumbnail': 'https://randomuser.me/api/portraits/thumb/women/86.jpg'}</msg>
<arg>${json_data['results'][0]['picture']}</arg>
<doc>Logs the given message with the given level.</doc>
<status status="PASS" start="2024-04-04T21:12:19.459265" elapsed="0.000372"/>
</kw>
<status status="PASS" start="2024-04-04T21:12:19.368474" elapsed="0.091422"/>
</kw>
<kw name="Teste de Tipos de Dados - Postcode" owner="random-user-service">
<kw name="GET On Session" owner="RequestsLibrary">
<msg time="2024-04-04T21:12:19.541031" level="INFO">GET Request : url=https://randomuser.me/api 
 path_url=/api 
 headers={'User-Agent': 'python-requests/2.31.0', 'Accept-Encoding': 'gzip, deflate', 'Accept': '*/*', 'Connection': 'keep-alive'} 
 body=None 
 </msg>
<msg time="2024-04-04T21:12:19.541146" level="INFO">GET Response : url=https://randomuser.me/api 
 status=200, reason=OK 
 headers={'Date': 'Thu, 04 Apr 2024 21:12:19 GMT', 'Content-Type': 'application/json; charset=utf-8', 'Transfer-Encoding': 'chunked', 'Connection': 'keep-alive', 'X-Powered-By': 'Express', 'Access-Control-Allow-Origin': '*', 'Cache-Control': 'no-cache', 'ETag': 'W/"47b-3ui60YUCya+11hC9FHjPYBsc+OE"', 'Vary': 'Accept-Encoding', 'Content-Encoding': 'gzip', 'CF-Cache-Status': 'DYNAMIC', 'Report-To': '{"endpoints":[{"url":"https:\\/\\/a.nel.cloudflare.com\\/report\\/v4?s=AVvJdG2QBDsL%2FT%2BzTmXh1RhaZw%2BErrhc4YqLgeg8BUW%2BDmMgcgYjwPuGcpIUnUfgKN5ShhOAqKMlo31RKI%2FmOvBg%2FWYZRIXSbbNg0E4Gkhz%2BD8Mt815z3Y1Uu6LlULlh"}],"group":"cf-nel","max_age":604800}', 'NEL': '{"success_fraction":0,"report_to":"cf-nel","max_age":604800}', 'Server': 'cloudflare', 'CF-RAY': '86f44bc1a8053958-IAD', 'alt-svc': 'h3=":443"; ma=86400'} 
 body={"results":[{"gender":"male","name":{"title":"Mr","first":"Félix","last":"Gallardo"},"location":{"street":{"number":1493,"name":"Calle de Ángel García"},"city":"Valladolid","state":"Navarra","country":"Spain","postcode":78466,"coordinates":{"latitude":"-35.7873","longitude":"-69.3241"},"timezone":{"offset":"-2:00","description":"Mid-Atlantic"}},"email":"felix.gallardo@example.com","login":{"uuid":"5462bfec-1afc-422b-9974-24b175aa31e8","username":"heavyfish216","password":"marquis","salt":"fP8XikSv","md5":"4bc19013dcb8ab1bd658c780bfc0dc2e","sha1":"5aa4d35982aad6fa3db5a7ca67e42b3ff16d1fe5","sha256":"af9d4bf4e423af5d6d7e0e7a799e703e51e599d2c0048a3e5876f98092399ca7"},"dob":{"date":"1960-07-07T01:29:10.022Z","age":63},"registered":{"date":"2017-01-02T13:18:49.666Z","age":7},"phone":"943-662-185","cell":"691-211-013","id":{"name":"DNI","value":"41592144-I"},"picture":{"large":"https://randomuser.me/api/portraits/men/7.jpg","medium":"https://randomuser.me/api/portraits/med/men/7.jpg","thumbnail":"https://randomuser.me/api/portraits/thumb/men/7.jpg"},"nat":"ES"}],"info":{"seed":"c4751b5ee1361f06","results":1,"page":1,"version":"1.4"}} 
 </msg>
<msg time="2024-04-04T21:12:19.541251" level="INFO">/opt/hostedtoolcache/Python/3.12.2/x64/lib/python3.12/site-packages/urllib3/connectionpool.py:1103: InsecureRequestWarning: Unverified HTTPS request is being made to host 'randomuser.me'. Adding certificate verification is strongly advised. See: https://urllib3.readthedocs.io/en/latest/advanced-usage.html#tls-warnings
  warnings.warn(</msg>
<msg time="2024-04-04T21:12:19.541391" level="INFO">${response} = &lt;Response [200]&gt;</msg>
<var>${response}</var>
<arg>consultarAPI</arg>
<arg>/api</arg>
<doc>Sends a GET request on a previously created HTTP Session.</doc>
<status status="PASS" start="2024-04-04T21:12:19.460512" elapsed="0.080919"/>
</kw>
<kw name="Set Variable" owner="BuiltIn">
<msg time="2024-04-04T21:12:19.542578" level="INFO">${json_data} = {'results': [{'gender': 'male', 'name': {'title': 'Mr', 'first': 'Félix', 'last': 'Gallardo'}, 'location': {'street': {'number': 1493, 'name': 'Calle de Ángel García'}, 'city': 'Valladolid', 'state': ...</msg>
<var>${json_data}</var>
<arg>${response.json()}</arg>
<doc>Returns the given values which can then be assigned to a variables.</doc>
<status status="PASS" start="2024-04-04T21:12:19.542007" elapsed="0.000599"/>
</kw>
<kw name="Log" owner="BuiltIn">
<msg time="2024-04-04T21:12:19.543083" level="INFO">{'results': [{'gender': 'male', 'name': {'title': 'Mr', 'first': 'Félix', 'last': 'Gallardo'}, 'location': {'street': {'number': 1493, 'name': 'Calle de Ángel García'}, 'city': 'Valladolid', 'state': 'Navarra', 'country': 'Spain', 'postcode': 78466, 'coordinates': {'latitude': '-35.7873', 'longitude': '-69.3241'}, 'timezone': {'offset': '-2:00', 'description': 'Mid-Atlantic'}}, 'email': 'felix.gallardo@example.com', 'login': {'uuid': '5462bfec-1afc-422b-9974-24b175aa31e8', 'username': 'heavyfish216', 'password': 'marquis', 'salt': 'fP8XikSv', 'md5': '4bc19013dcb8ab1bd658c780bfc0dc2e', 'sha1': '5aa4d35982aad6fa3db5a7ca67e42b3ff16d1fe5', 'sha256': 'af9d4bf4e423af5d6d7e0e7a799e703e51e599d2c0048a3e5876f98092399ca7'}, 'dob': {'date': '1960-07-07T01:29:10.022Z', 'age': 63}, 'registered': {'date': '2017-01-02T13:18:49.666Z', 'age': 7}, 'phone': '943-662-185', 'cell': '691-211-013', 'id': {'name': 'DNI', 'value': '41592144-I'}, 'picture': {'large': 'https://randomuser.me/api/portraits/men/7.jpg', 'medium': 'https://randomuser.me/api/portraits/med/men/7.jpg', 'thumbnail': 'https://randomuser.me/api/portraits/thumb/men/7.jpg'}, 'nat': 'ES'}], 'info': {'seed': 'c4751b5ee1361f06', 'results': 1, 'page': 1, 'version': '1.4'}}</msg>
<arg>${json_data}</arg>
<doc>Logs the given message with the given level.</doc>
<status status="PASS" start="2024-04-04T21:12:19.542923" elapsed="0.000243"/>
</kw>
<kw name="Should Be Equal As Numbers" owner="BuiltIn">
<arg>${json_data['results'][0]['location']['postcode']}</arg>
<arg>${json_data['results'][0]['location']['postcode']}</arg>
<doc>Fails if objects are unequal after converting them to real numbers.</doc>
<status status="PASS" start="2024-04-04T21:12:19.543470" elapsed="0.000631"/>
</kw>
<kw name="Log" owner="BuiltIn">
<msg time="2024-04-04T21:12:19.544631" level="INFO">78466</msg>
<arg>${json_data['results'][0]['location']['postcode']}</arg>
<doc>Logs the given message with the given level.</doc>
<status status="PASS" start="2024-04-04T21:12:19.544296" elapsed="0.000375"/>
</kw>
<status status="PASS" start="2024-04-04T21:12:19.460130" elapsed="0.084803"/>
</kw>
<doc>Testa se os tipos de dados na resposta da API estão corretos.</doc>
<tag>testeTiposDados</tag>
<status status="PASS" start="2024-04-04T21:12:19.368010" elapsed="0.177097"/>
</test>
<test id="s1-s1-t5" name="Validar conteudo" line="35">
<kw name="Teste de Tipos de Conteudo" owner="random-user-service">
<kw name="GET On Session" owner="RequestsLibrary">
<msg time="2024-04-04T21:12:19.653616" level="INFO">GET Request : url=https://randomuser.me/api 
 path_url=/api 
 headers={'User-Agent': 'python-requests/2.31.0', 'Accept-Encoding': 'gzip, deflate', 'Accept': '*/*', 'Connection': 'keep-alive'} 
 body=None 
 </msg>
<msg time="2024-04-04T21:12:19.653727" level="INFO">GET Response : url=https://randomuser.me/api 
 status=200, reason=OK 
 headers={'Date': 'Thu, 04 Apr 2024 21:12:19 GMT', 'Content-Type': 'application/json; charset=utf-8', 'Transfer-Encoding': 'chunked', 'Connection': 'keep-alive', 'X-Powered-By': 'Express', 'Access-Control-Allow-Origin': '*', 'Cache-Control': 'no-cache', 'ETag': 'W/"49c-YwaviB0B0XN8C+Updu0mtx3HrIc"', 'Vary': 'Accept-Encoding', 'Content-Encoding': 'gzip', 'CF-Cache-Status': 'DYNAMIC', 'Report-To': '{"endpoints":[{"url":"https:\\/\\/a.nel.cloudflare.com\\/report\\/v4?s=WCNr55FVhdcKQ1DOGqK6GrwjywtFKAnYKuSNfLPRS5cvkJ4LQhZcBFUMKv%2Bsb0NAbx9XH55TJ4DzjSMs%2F2ZoM%2B18WujgoNmIUBgCrC55OPQlrLU5N%2F%2FMj6dta4t%2FWl%2B7"}],"group":"cf-nel","max_age":604800}', 'NEL': '{"success_fraction":0,"report_to":"cf-nel","max_age":604800}', 'Server': 'cloudflare', 'CF-RAY': '86f44bc228b03958-IAD', 'alt-svc': 'h3=":443"; ma=86400'} 
 body={"results":[{"gender":"male","name":{"title":"Mr","first":"Magdo","last":"das Neves"},"location":{"street":{"number":6624,"name":"Rua Boa Vista "},"city":"Duque de Caxias","state":"Rio Grande do Norte","country":"Brazil","postcode":76429,"coordinates":{"latitude":"-76.8705","longitude":"-150.6627"},"timezone":{"offset":"-11:00","description":"Midway Island, Samoa"}},"email":"magdo.dasneves@example.com","login":{"uuid":"a51a24bb-40ca-45f3-bf93-5827e92cbece","username":"purpleduck424","password":"vivian","salt":"qcWNv0oD","md5":"59dd19d94a3de5e8c665fe61cf52ecda","sha1":"56373466f2bb7fc7822e9c3e6726b1c5a0334f0e","sha256":"21f08732d3a1bb75838c944f762bfd86a6241019f69d2d0b12d46829b07026b8"},"dob":{"date":"1974-08-17T04:38:11.253Z","age":49},"registered":{"date":"2004-12-29T17:45:24.627Z","age":19},"phone":"(96) 1778-7889","cell":"(62) 9837-4312","id":{"name":"CPF","value":"825.112.867-38"},"picture":{"large":"https://randomuser.me/api/portraits/men/46.jpg","medium":"https://randomuser.me/api/portraits/med/men/46.jpg","thumbnail":"https://randomuser.me/api/portraits/thumb/men/46.jpg"},"nat":"BR"}],"info":{"seed":"31a0c58cfbd1d38a","results":1,"page":1,"version":"1.4"}} 
 </msg>
<msg time="2024-04-04T21:12:19.653801" level="INFO">/opt/hostedtoolcache/Python/3.12.2/x64/lib/python3.12/site-packages/urllib3/connectionpool.py:1103: InsecureRequestWarning: Unverified HTTPS request is being made to host 'randomuser.me'. Adding certificate verification is strongly advised. See: https://urllib3.readthedocs.io/en/latest/advanced-usage.html#tls-warnings
  warnings.warn(</msg>
<msg time="2024-04-04T21:12:19.653933" level="INFO">${response} = &lt;Response [200]&gt;</msg>
<var>${response}</var>
<arg>consultarAPI</arg>
<arg>/api</arg>
<doc>Sends a GET request on a previously created HTTP Session.</doc>
<status status="PASS" start="2024-04-04T21:12:19.547945" elapsed="0.106029"/>
</kw>
<kw name="Set Variable" owner="BuiltIn">
<msg time="2024-04-04T21:12:19.655225" level="INFO">${json_data} = {'results': [{'gender': 'male', 'name': {'title': 'Mr', 'first': 'Magdo', 'last': 'das Neves'}, 'location': {'street': {'number': 6624, 'name': 'Rua Boa Vista '}, 'city': 'Duque de Caxias', 'state': '...</msg>
<var>${json_data}</var>
<arg>${response.json()}</arg>
<doc>Returns the given values which can then be assigned to a variables.</doc>
<status status="PASS" start="2024-04-04T21:12:19.654654" elapsed="0.000599"/>
</kw>
<kw name="Set Variable" owner="BuiltIn">
<msg time="2024-04-04T21:12:19.655962" level="INFO">${name_title} = Mr</msg>
<var>${name_title}</var>
<arg>${json_data["results"][0]["name"]["title"]}</arg>
<doc>Returns the given values which can then be assigned to a variables.</doc>
<status status="PASS" start="2024-04-04T21:12:19.655574" elapsed="0.000414"/>
</kw>
<kw name="Create List" owner="BuiltIn">
<msg time="2024-04-04T21:12:19.656446" level="INFO">${allowed_titles} = ['Mr', 'Ms', 'Miss', 'Mrs', 'Madame', 'Monsieur']</msg>
<var>${allowed_titles}</var>
<arg>Mr</arg>
<arg>Ms</arg>
<arg>Miss</arg>
<arg>Mrs</arg>
<arg>Madame</arg>
<arg>Monsieur</arg>
<doc>Returns a list containing given items.</doc>
<status status="PASS" start="2024-04-04T21:12:19.656295" elapsed="0.000176"/>
</kw>
<kw name="List Should Contain Value" owner="Collections">
<msg time="2024-04-04T21:12:19.656960" level="INFO">False</msg>
<arg>${allowed_titles}</arg>
<arg>${name_title}</arg>
<doc>Fails if the ``value`` is not found from ``list``.</doc>
<status status="PASS" start="2024-04-04T21:12:19.656779" elapsed="0.000219"/>
</kw>
<kw name="Set Variable" owner="BuiltIn">
<msg time="2024-04-04T21:12:19.657659" level="INFO">${name_country} = BR</msg>
<var>${name_country}</var>
<arg>${json_data["results"][0]["nat"]}</arg>
<doc>Returns the given values which can then be assigned to a variables.</doc>
<status status="PASS" start="2024-04-04T21:12:19.657288" elapsed="0.000397"/>
</kw>
<kw name="Create List" owner="BuiltIn">
<msg time="2024-04-04T21:12:19.658644" level="INFO">${list_country} = ['AD', 'AE', 'AF', 'AG', 'AI', 'AL', 'AM', 'AO', 'AQ', 'AR', 'AS', 'AT', 'AU', 'AW', 'AX', 'AZ', 'BA', 'BB', 'BD', 'BE', 'BF', 'BG', 'BH', 'BI', 'BJ', 'BL', 'BM', 'BN', 'BO', 'BQ', 'BR', 'BS', 'BT', '...</msg>
<var>${list_country}</var>
<arg>AD</arg>
<arg>AE</arg>
<arg>AF</arg>
<arg>AG</arg>
<arg>AI</arg>
<arg>AL</arg>
<arg>AM</arg>
<arg>AO</arg>
<arg>AQ</arg>
<arg>AR</arg>
<arg>AS</arg>
<arg>AT</arg>
<arg>AU</arg>
<arg>AW</arg>
<arg>AX</arg>
<arg>AZ</arg>
<arg>BA</arg>
<arg>BB</arg>
<arg>BD</arg>
<arg>BE</arg>
<arg>BF</arg>
<arg>BG</arg>
<arg>BH</arg>
<arg>BI</arg>
<arg>BJ</arg>
<arg>BL</arg>
<arg>BM</arg>
<arg>BN</arg>
<arg>BO</arg>
<arg>BQ</arg>
<arg>BR</arg>
<arg>BS</arg>
<arg>BT</arg>
<arg>BV</arg>
<arg>BW</arg>
<arg>BY</arg>
<arg>BZ</arg>
<arg>CA</arg>
<arg>CC</arg>
<arg>CD</arg>
<arg>CF</arg>
<arg>CG</arg>
<arg>CH</arg>
<arg>CI</arg>
<arg>CK</arg>
<arg>CL</arg>
<arg>CM</arg>
<arg>CN</arg>
<arg>CO</arg>
<arg>CR</arg>
<arg>CU</arg>
<arg>CV</arg>
<arg>CW</arg>
<arg>CX</arg>
<arg>CY</arg>
<arg>CZ</arg>
<arg>DE</arg>
<arg>DJ</arg>
<arg>DK</arg>
<arg>DM</arg>
<arg>DO</arg>
<arg>DZ</arg>
<arg>EC</arg>
<arg>EE</arg>
<arg>EG</arg>
<arg>EH</arg>
<arg>ER</arg>
<arg>ES</arg>
<arg>ET</arg>
<arg>FI</arg>
<arg>FJ</arg>
<arg>FK</arg>
<arg>FM</arg>
<arg>FO</arg>
<arg>FR</arg>
<arg>GA</arg>
<arg>GB</arg>
<arg>GD</arg>
<arg>GE</arg>
<arg>GF</arg>
<arg>GG</arg>
<arg>GH</arg>
<arg>GI</arg>
<arg>GL</arg>
<arg>GM</arg>
<arg>GN</arg>
<arg>GP</arg>
<arg>GQ</arg>
<arg>GR</arg>
<arg>GS</arg>
<arg>GT</arg>
<arg>GU</arg>
<arg>GW</arg>
<arg>GY</arg>
<arg>HK</arg>
<arg>HM</arg>
<arg>HN</arg>
<arg>HR</arg>
<arg>HT</arg>
<arg>HU</arg>
<arg>ID</arg>
<arg>IE</arg>
<arg>IL</arg>
<arg>IM</arg>
<arg>IN</arg>
<arg>IO</arg>
<arg>IQ</arg>
<arg>IR</arg>
<arg>IS</arg>
<arg>IT</arg>
<arg>JE</arg>
<arg>JM</arg>
<arg>JO</arg>
<arg>JP</arg>
<arg>KE</arg>
<arg>KG</arg>
<arg>KH</arg>
<arg>KI</arg>
<arg>KM</arg>
<arg>KN</arg>
<arg>KP</arg>
<arg>KR</arg>
<arg>KW</arg>
<arg>KY</arg>
<arg>KZ</arg>
<arg>LA</arg>
<arg>LB</arg>
<arg>LC</arg>
<arg>LI</arg>
<arg>LK</arg>
<arg>LR</arg>
<arg>LS</arg>
<arg>LT</arg>
<arg>LU</arg>
<arg>LV</arg>
<arg>LY</arg>
<arg>MA</arg>
<arg>MC</arg>
<arg>MD</arg>
<arg>ME</arg>
<arg>MF</arg>
<arg>MG</arg>
<arg>MH</arg>
<arg>MK</arg>
<arg>ML</arg>
<arg>MM</arg>
<arg>MN</arg>
<arg>MO</arg>
<arg>MP</arg>
<arg>MQ</arg>
<arg>MR</arg>
<arg>MS</arg>
<arg>MT</arg>
<arg>MU</arg>
<arg>MV</arg>
<arg>MW</arg>
<arg>MX</arg>
<arg>MY</arg>
<arg>MZ</arg>
<arg>NA</arg>
<arg>NC</arg>
<arg>NE</arg>
<arg>NF</arg>
<arg>NG</arg>
<arg>NI</arg>
<arg>NL</arg>
<arg>NO</arg>
<arg>NP</arg>
<arg>NR</arg>
<arg>NU</arg>
<arg>NZ</arg>
<arg>OM</arg>
<arg>PA</arg>
<arg>PE</arg>
<arg>PF</arg>
<arg>PG</arg>
<arg>PH</arg>
<arg>PK</arg>
<arg>PL</arg>
<arg>PM</arg>
<arg>PN</arg>
<arg>PR</arg>
<arg>PS</arg>
<arg>PT</arg>
<arg>PW</arg>
<arg>PY</arg>
<arg>QA</arg>
<arg>RE</arg>
<arg>RO</arg>
<arg>RS</arg>
<arg>RU</arg>
<arg>RW</arg>
<arg>SA</arg>
<arg>SB</arg>
<arg>SC</arg>
<arg>SD</arg>
<arg>SE</arg>
<arg>SG</arg>
<arg>SH</arg>
<arg>SI</arg>
<arg>SJ</arg>
<arg>SK</arg>
<arg>SL</arg>
<arg>SM</arg>
<arg>SN</arg>
<arg>SO</arg>
<arg>SR</arg>
<arg>SS</arg>
<arg>ST</arg>
<arg>SV</arg>
<arg>SX</arg>
<arg>SY</arg>
<arg>SZ</arg>
<arg>TC</arg>
<arg>TD</arg>
<arg>TF</arg>
<arg>TG</arg>
<arg>TH</arg>
<arg>TJ</arg>
<arg>TK</arg>
<arg>TL</arg>
<arg>TM</arg>
<arg>TN</arg>
<arg>TO</arg>
<arg>TR</arg>
<arg>TT</arg>
<arg>TV</arg>
<arg>TW</arg>
<arg>TZ</arg>
<arg>UA</arg>
<arg>UG</arg>
<arg>UM</arg>
<arg>US</arg>
<arg>UY</arg>
<arg>UZ</arg>
<arg>VA</arg>
<arg>VC</arg>
<arg>VE</arg>
<arg>VG</arg>
<arg>VI</arg>
<arg>VN</arg>
<arg>VU</arg>
<arg>WF</arg>
<arg>WS</arg>
<arg>XK</arg>
<arg>YE</arg>
<arg>YT</arg>
<arg>ZA</arg>
<arg>ZM</arg>
<arg>ZW</arg>
<doc>Returns a list containing given items.</doc>
<status status="PASS" start="2024-04-04T21:12:19.657996" elapsed="0.000674"/>
</kw>
<kw name="List Should Contain Value" owner="Collections">
<msg time="2024-04-04T21:12:19.659817" level="INFO">False</msg>
<arg>${list_country}</arg>
<arg>${name_country}</arg>
<doc>Fails if the ``value`` is not found from ``list``.</doc>
<status status="PASS" start="2024-04-04T21:12:19.659609" elapsed="0.000247"/>
</kw>
<kw name="Run Keyword If" owner="BuiltIn">
<kw name="Should Be True" owner="BuiltIn">
<arg>${True}</arg>
<doc>Fails if the given condition is not true.</doc>
<status status="PASS" start="2024-04-04T21:12:19.660935" elapsed="0.000149"/>
</kw>
<arg>${json_data["results"][0]["location"]["coordinates"]["latitude"]} &gt;= -90 and ${json_data["results"][0]["location"]["coordinates"]["latitude"]} &lt;= 90</arg>
<arg>Should Be True</arg>
<arg>${True}</arg>
<doc>Runs the given keyword with the given arguments, if ``condition`` is true.</doc>
<status status="PASS" start="2024-04-04T21:12:19.660171" elapsed="0.001044"/>
</kw>
<kw name="Run Keyword If" owner="BuiltIn">
<kw name="Should Be True" owner="BuiltIn">
<arg>${True}</arg>
<doc>Fails if the given condition is not true.</doc>
<status status="PASS" start="2024-04-04T21:12:19.662119" elapsed="0.000139"/>
</kw>
<arg>${json_data["results"][0]["location"]["coordinates"]["longitude"]} &gt;= -180 and ${json_data["results"][0]["location"]["coordinates"]["longitude"]} &lt;= 180</arg>
<arg>Should Be True</arg>
<arg>${True}</arg>
<doc>Runs the given keyword with the given arguments, if ``condition`` is true.</doc>
<status status="PASS" start="2024-04-04T21:12:19.661403" elapsed="0.001023"/>
</kw>
<status status="PASS" start="2024-04-04T21:12:19.547564" elapsed="0.114999"/>
</kw>
<doc>Testa o conteúdo específico dos campos retornados pela API.</doc>
<tag>testeConteudo</tag>
<status status="PASS" start="2024-04-04T21:12:19.546897" elapsed="0.115823"/>
</test>
<status status="PASS" start="2024-04-04T21:12:18.816495" elapsed="0.848223"/>
</suite>
<status status="PASS" start="2024-04-04T21:12:18.801926" elapsed="0.868235"/>
</suite>
<statistics>
<total>
<stat pass="5" fail="0" skip="0">All Tests</stat>
</total>
<tag>
<stat pass="1" fail="0" skip="0">testeConteudo</stat>
<stat pass="1" fail="0" skip="0">testeEstruturaResposta</stat>
<stat pass="1" fail="0" skip="0">testeRequisicaoBasica</stat>
<stat pass="1" fail="0" skip="0">testeTiposDados</stat>
</tag>
<suite>
<stat pass="5" fail="0" skip="0" id="s1" name="Tests">Tests</stat>
<stat pass="5" fail="0" skip="0" id="s1-s1" name="Random-User-Test">Tests.Random-User-Test</stat>
</suite>
</statistics>
<errors>
</errors>
</robot>
