<?xml version="1.0" encoding="UTF-8"?>
<robot generator="Robot 7.0 (Python 3.12.2 on linux)" generated="2024-04-12T07:15:07.609769" rpa="false" schemaversion="5">
<suite id="s1" name="Tests" source="/home/runner/work/DesafioQAItauRogerioJordao/DesafioQAItauRogerioJordao/RamdonUser/tests">
<suite id="s1-s1" name="Random-User-Test" source="/home/runner/work/DesafioQAItauRogerioJordao/DesafioQAItauRogerioJordao/RamdonUser/tests/random-user-test.robot">
<test id="s1-s1-t1" name="Conectar" line="13">
<kw name="Conectar API" owner="random-user-service">
<kw name="Create Session" owner="RequestsLibrary">
<msg time="2024-04-12T07:15:07.973634" level="INFO">Creating Session using : alias=consultarAPI, url=https://randomuser.me/, headers={},                     cookies={}, auth=None, timeout=None, proxies=None, verify=False,                     debug=0 </msg>
<arg>consultarAPI</arg>
<arg>${URL}</arg>
<doc>Create Session: create a HTTP session to a server</doc>
<status status="PASS" start="2024-04-12T07:15:07.973416" elapsed="0.000411"/>
</kw>
<status status="PASS" start="2024-04-12T07:15:07.972276" elapsed="0.001926"/>
</kw>
<status status="PASS" start="2024-04-12T07:15:07.971641" elapsed="0.002775"/>
</test>
<test id="s1-s1-t2" name="Validar retorno 200 e JSON Válido" line="16">
<kw name="Teste de Requisicao Basica" owner="random-user-service">
<kw name="GET On Session" owner="RequestsLibrary">
<msg time="2024-04-12T07:15:08.093066" level="INFO">GET Request : url=https://randomuser.me/api 
 path_url=/api 
 headers={'User-Agent': 'python-requests/2.31.0', 'Accept-Encoding': 'gzip, deflate', 'Accept': '*/*', 'Connection': 'keep-alive'} 
 body=None 
 </msg>
<msg time="2024-04-12T07:15:08.093220" level="INFO">GET Response : url=https://randomuser.me/api 
 status=200, reason=OK 
 headers={'Date': 'Fri, 12 Apr 2024 07:15:08 GMT', 'Content-Type': 'application/json; charset=utf-8', 'Transfer-Encoding': 'chunked', 'Connection': 'keep-alive', 'X-Powered-By': 'Express', 'Access-Control-Allow-Origin': '*', 'Cache-Control': 'no-cache', 'ETag': 'W/"49a-4zJU5ah+yNgh5/1irBadbjCtqRY"', 'Vary': 'Accept-Encoding', 'Content-Encoding': 'gzip', 'CF-Cache-Status': 'DYNAMIC', 'Report-To': '{"endpoints":[{"url":"https:\\/\\/a.nel.cloudflare.com\\/report\\/v4?s=JLilShoaJKMi%2Fc%2F5H79u3IMih0G%2BUG1g%2BzcuLno1UliCDtRCvqhXaMz8jsyUxLhHkmpF5PQecOomSRWTDhnMpchPLvikhvdOasmaOjbkVir5Ymq4W5eiat4HIHlcXrv6"}],"group":"cf-nel","max_age":604800}', 'NEL': '{"success_fraction":0,"report_to":"cf-nel","max_age":604800}', 'Server': 'cloudflare', 'CF-RAY': '87316c671b67ceb5-SJC', 'alt-svc': 'h3=":443"; ma=86400'} 
 body={"results":[{"gender":"female","name":{"title":"Mrs","first":"Gloria","last":"Breier"},"location":{"street":{"number":3872,"name":"Mittelstraße"},"city":"Nastätten","state":"Sachsen-Anhalt","country":"Germany","postcode":25554,"coordinates":{"latitude":"-52.3915","longitude":"72.9461"},"timezone":{"offset":"+2:00","description":"Kaliningrad, South Africa"}},"email":"gloria.breier@example.com","login":{"uuid":"51986a9d-2d87-45ec-9bab-c52fa148a758","username":"silverrabbit415","password":"outkast","salt":"2IBv5WZR","md5":"4ae4898bc87d5dc17fe3b13d16359e58","sha1":"d89b0349888b49244f37439798065639f7936531","sha256":"9471cc9a90f7260eb05bb0d1cb447bb6fec88afd36ac26fb41e6a65d9a05d338"},"dob":{"date":"1955-03-29T09:45:04.109Z","age":69},"registered":{"date":"2021-07-17T04:03:17.520Z","age":2},"phone":"0135-6435959","cell":"0174-3237734","id":{"name":"SVNR","value":"43 290355 B 657"},"picture":{"large":"https://randomuser.me/api/portraits/women/64.jpg","medium":"https://randomuser.me/api/portraits/med/women/64.jpg","thumbnail":"https://randomuser.me/api/portraits/thumb/women/64.jpg"},"nat":"DE"}],"info":{"seed":"44a0192398d63f95","results":1,"page":1,"version":"1.4"}} 
 </msg>
<msg time="2024-04-12T07:15:08.093305" level="INFO">/opt/hostedtoolcache/Python/3.12.2/x64/lib/python3.12/site-packages/urllib3/connectionpool.py:1103: InsecureRequestWarning: Unverified HTTPS request is being made to host 'randomuser.me'. Adding certificate verification is strongly advised. See: https://urllib3.readthedocs.io/en/latest/advanced-usage.html#tls-warnings
  warnings.warn(</msg>
<msg time="2024-04-12T07:15:08.093471" level="INFO">${response} = &lt;Response [200]&gt;</msg>
<var>${response}</var>
<arg>consultarAPI</arg>
<arg>/api</arg>
<doc>Sends a GET request on a previously created HTTP Session.</doc>
<status status="PASS" start="2024-04-12T07:15:07.977121" elapsed="0.116397"/>
</kw>
<kw name="Should Be Equal As Numbers" owner="BuiltIn">
<msg time="2024-04-12T07:15:08.094695" level="INFO">Argument types are:
&lt;class 'int'&gt;
&lt;class 'str'&gt;</msg>
<arg>${response.status_code}</arg>
<arg>200</arg>
<doc>Fails if objects are unequal after converting them to real numbers.</doc>
<status status="PASS" start="2024-04-12T07:15:08.094214" elapsed="0.000550"/>
</kw>
<kw name="Log" owner="BuiltIn">
<msg time="2024-04-12T07:15:08.095478" level="INFO">200</msg>
<arg>${response.status_code}</arg>
<doc>Logs the given message with the given level.</doc>
<status status="PASS" start="2024-04-12T07:15:08.095111" elapsed="0.000410"/>
</kw>
<kw name="Set Variable" owner="BuiltIn">
<msg time="2024-04-12T07:15:08.096316" level="INFO">${json_data} = {'results': [{'gender': 'female', 'name': {'title': 'Mrs', 'first': 'Gloria', 'last': 'Breier'}, 'location': {'street': {'number': 3872, 'name': 'Mittelstraße'}, 'city': 'Nastätten', 'state': 'Sachsen...</msg>
<var>${json_data}</var>
<arg>${response.json()}</arg>
<doc>Returns the given values which can then be assigned to a variables.</doc>
<status status="PASS" start="2024-04-12T07:15:08.095859" elapsed="0.000487"/>
</kw>
<kw name="Dictionary Should Contain Key" owner="Collections">
<msg time="2024-04-12T07:15:08.096829" level="INFO">False</msg>
<arg>${json_data}</arg>
<arg>results</arg>
<doc>Fails if ``key`` is not found from ``dictionary``.</doc>
<status status="PASS" start="2024-04-12T07:15:08.096657" elapsed="0.000235"/>
</kw>
<status status="PASS" start="2024-04-12T07:15:07.976823" elapsed="0.120347"/>
</kw>
<doc>Testa se a API responde corretamente e retorna um objeto JSON válido.</doc>
<tag>testeRequisicaoBasica</tag>
<status status="PASS" start="2024-04-12T07:15:07.976269" elapsed="0.121093"/>
</test>
<test id="s1-s1-t3" name="Validar estrutura de resposta" line="22">
<kw name="Teste de Estrutura de Resposta" owner="random-user-service">
<kw name="GET On Session" owner="RequestsLibrary">
<msg time="2024-04-12T07:15:08.207500" level="INFO">GET Request : url=https://randomuser.me/api 
 path_url=/api 
 headers={'User-Agent': 'python-requests/2.31.0', 'Accept-Encoding': 'gzip, deflate', 'Accept': '*/*', 'Connection': 'keep-alive'} 
 body=None 
 </msg>
<msg time="2024-04-12T07:15:08.207600" level="INFO">GET Response : url=https://randomuser.me/api 
 status=200, reason=OK 
 headers={'Date': 'Fri, 12 Apr 2024 07:15:08 GMT', 'Content-Type': 'application/json; charset=utf-8', 'Transfer-Encoding': 'chunked', 'Connection': 'keep-alive', 'X-Powered-By': 'Express', 'Access-Control-Allow-Origin': '*', 'Cache-Control': 'no-cache', 'ETag': 'W/"490-UatRRXJJj1UPpHeWM2I7CkKTIF4"', 'Vary': 'Accept-Encoding', 'Content-Encoding': 'gzip', 'CF-Cache-Status': 'DYNAMIC', 'Report-To': '{"endpoints":[{"url":"https:\\/\\/a.nel.cloudflare.com\\/report\\/v4?s=NKR2rMrxCPVdk3PVMd7JEp5yaPSY5tZu2G7l7CUdQqk%2BkHV%2FJMYc12cwDz1POEIppbgE6vJOCTGuQgFPGi9UQPkMsZ6%2BmLA%2BL6CWom4EImxu%2FfVjf%2FQLyFJR8FzBON0h"}],"group":"cf-nel","max_age":604800}', 'NEL': '{"success_fraction":0,"report_to":"cf-nel","max_age":604800}', 'Server': 'cloudflare', 'CF-RAY': '87316c67abd1ceb5-SJC', 'alt-svc': 'h3=":443"; ma=86400'} 
 body={"results":[{"gender":"female","name":{"title":"Ms","first":"Abigail","last":"Bowman"},"location":{"street":{"number":2123,"name":"George Street"},"city":"Nottingham","state":"Tyne and Wear","country":"United Kingdom","postcode":"BK14 7XU","coordinates":{"latitude":"-7.2319","longitude":"72.2087"},"timezone":{"offset":"+3:30","description":"Tehran"}},"email":"abigail.bowman@example.com","login":{"uuid":"01d9329e-e425-45eb-b648-477359ef5bef","username":"lazyelephant545","password":"cooper","salt":"piwv4R8y","md5":"5c88d00fe1d75daa8e29c9c116dcac94","sha1":"e875807c665eeaefe8e868562cc99285005c49e0","sha256":"d82b834a0269981fb00c3c5cea220e74fa305a95798705832086bf8138601148"},"dob":{"date":"1972-10-27T17:54:15.121Z","age":51},"registered":{"date":"2007-01-20T01:22:39.855Z","age":17},"phone":"019467 29872","cell":"07539 371913","id":{"name":"NINO","value":"LS 09 46 45 E"},"picture":{"large":"https://randomuser.me/api/portraits/women/31.jpg","medium":"https://randomuser.me/api/portraits/med/women/31.jpg","thumbnail":"https://randomuser.me/api/portraits/thumb/women/31.jpg"},"nat":"GB"}],"info":{"seed":"4917ad9b718e9977","results":1,"page":1,"version":"1.4"}} 
 </msg>
<msg time="2024-04-12T07:15:08.207751" level="INFO">/opt/hostedtoolcache/Python/3.12.2/x64/lib/python3.12/site-packages/urllib3/connectionpool.py:1103: InsecureRequestWarning: Unverified HTTPS request is being made to host 'randomuser.me'. Adding certificate verification is strongly advised. See: https://urllib3.readthedocs.io/en/latest/advanced-usage.html#tls-warnings
  warnings.warn(</msg>
<msg time="2024-04-12T07:15:08.207898" level="INFO">${response} = &lt;Response [200]&gt;</msg>
<var>${response}</var>
<arg>consultarAPI</arg>
<arg>/api</arg>
<doc>Sends a GET request on a previously created HTTP Session.</doc>
<status status="PASS" start="2024-04-12T07:15:08.100155" elapsed="0.107788"/>
</kw>
<kw name="Set Variable" owner="BuiltIn">
<msg time="2024-04-12T07:15:08.209072" level="INFO">${json_data} = {'results': [{'gender': 'female', 'name': {'title': 'Ms', 'first': 'Abigail', 'last': 'Bowman'}, 'location': {'street': {'number': 2123, 'name': 'George Street'}, 'city': 'Nottingham', 'state': 'Tyne ...</msg>
<var>${json_data}</var>
<arg>${response.json()}</arg>
<doc>Returns the given values which can then be assigned to a variables.</doc>
<status status="PASS" start="2024-04-12T07:15:08.208483" elapsed="0.000619"/>
</kw>
<kw name="Log" owner="BuiltIn">
<msg time="2024-04-12T07:15:08.209591" level="INFO">{'results': [{'gender': 'female', 'name': {'title': 'Ms', 'first': 'Abigail', 'last': 'Bowman'}, 'location': {'street': {'number': 2123, 'name': 'George Street'}, 'city': 'Nottingham', 'state': 'Tyne and Wear', 'country': 'United Kingdom', 'postcode': 'BK14 7XU', 'coordinates': {'latitude': '-7.2319', 'longitude': '72.2087'}, 'timezone': {'offset': '+3:30', 'description': 'Tehran'}}, 'email': 'abigail.bowman@example.com', 'login': {'uuid': '01d9329e-e425-45eb-b648-477359ef5bef', 'username': 'lazyelephant545', 'password': 'cooper', 'salt': 'piwv4R8y', 'md5': '5c88d00fe1d75daa8e29c9c116dcac94', 'sha1': 'e875807c665eeaefe8e868562cc99285005c49e0', 'sha256': 'd82b834a0269981fb00c3c5cea220e74fa305a95798705832086bf8138601148'}, 'dob': {'date': '1972-10-27T17:54:15.121Z', 'age': 51}, 'registered': {'date': '2007-01-20T01:22:39.855Z', 'age': 17}, 'phone': '019467 29872', 'cell': '07539 371913', 'id': {'name': 'NINO', 'value': 'LS 09 46 45 E'}, 'picture': {'large': 'https://randomuser.me/api/portraits/women/31.jpg', 'medium': 'https://randomuser.me/api/portraits/med/women/31.jpg', 'thumbnail': 'https://randomuser.me/api/portraits/thumb/women/31.jpg'}, 'nat': 'GB'}], 'info': {'seed': '4917ad9b718e9977', 'results': 1, 'page': 1, 'version': '1.4'}}</msg>
<arg>${json_data}</arg>
<doc>Logs the given message with the given level.</doc>
<status status="PASS" start="2024-04-12T07:15:08.209426" elapsed="0.000215"/>
</kw>
<kw name="Dictionary Should Contain Key" owner="Collections">
<msg time="2024-04-12T07:15:08.210107" level="INFO">False</msg>
<arg>${json_data}</arg>
<arg>results</arg>
<doc>Fails if ``key`` is not found from ``dictionary``.</doc>
<status status="PASS" start="2024-04-12T07:15:08.209945" elapsed="0.000200"/>
</kw>
<kw name="Should Not Be Empty" owner="BuiltIn">
<msg time="2024-04-12T07:15:08.210583" level="INFO">Length is 2.</msg>
<arg>${json_data}</arg>
<doc>Verifies that the given item is not empty.</doc>
<status status="PASS" start="2024-04-12T07:15:08.210447" elapsed="0.000176"/>
</kw>
<kw name="Create List" owner="BuiltIn">
<msg time="2024-04-12T07:15:08.211077" level="INFO">${expected_keys} = ['gender', 'name', 'location', 'email', 'login']</msg>
<var>${expected_keys}</var>
<arg>gender</arg>
<arg>name</arg>
<arg>location</arg>
<arg>email</arg>
<arg>login</arg>
<doc>Returns a list containing given items.</doc>
<status status="PASS" start="2024-04-12T07:15:08.210926" elapsed="0.000176"/>
</kw>
<for flavor="IN">
<iter>
<kw name="Dictionary Should Contain Key" owner="Collections">
<msg time="2024-04-12T07:15:08.212101" level="INFO">False</msg>
<arg>${json_data['results'][0]}</arg>
<arg>${key}</arg>
<doc>Fails if ``key`` is not found from ``dictionary``.</doc>
<status status="PASS" start="2024-04-12T07:15:08.211695" elapsed="0.000446"/>
</kw>
<kw name="Log" owner="BuiltIn">
<msg time="2024-04-12T07:15:08.212837" level="INFO">{'gender': 'female', 'name': {'title': 'Ms', 'first': 'Abigail', 'last': 'Bowman'}, 'location': {'street': {'number': 2123, 'name': 'George Street'}, 'city': 'Nottingham', 'state': 'Tyne and Wear', 'country': 'United Kingdom', 'postcode': 'BK14 7XU', 'coordinates': {'latitude': '-7.2319', 'longitude': '72.2087'}, 'timezone': {'offset': '+3:30', 'description': 'Tehran'}}, 'email': 'abigail.bowman@example.com', 'login': {'uuid': '01d9329e-e425-45eb-b648-477359ef5bef', 'username': 'lazyelephant545', 'password': 'cooper', 'salt': 'piwv4R8y', 'md5': '5c88d00fe1d75daa8e29c9c116dcac94', 'sha1': 'e875807c665eeaefe8e868562cc99285005c49e0', 'sha256': 'd82b834a0269981fb00c3c5cea220e74fa305a95798705832086bf8138601148'}, 'dob': {'date': '1972-10-27T17:54:15.121Z', 'age': 51}, 'registered': {'date': '2007-01-20T01:22:39.855Z', 'age': 17}, 'phone': '019467 29872', 'cell': '07539 371913', 'id': {'name': 'NINO', 'value': 'LS 09 46 45 E'}, 'picture': {'large': 'https://randomuser.me/api/portraits/women/31.jpg', 'medium': 'https://randomuser.me/api/portraits/med/women/31.jpg', 'thumbnail': 'https://randomuser.me/api/portraits/thumb/women/31.jpg'}, 'nat': 'GB'}</msg>
<arg>${json_data['results'][0]}</arg>
<doc>Logs the given message with the given level.</doc>
<status status="PASS" start="2024-04-12T07:15:08.212457" elapsed="0.000449"/>
</kw>
<kw name="Log" owner="BuiltIn">
<msg time="2024-04-12T07:15:08.213360" level="INFO">gender</msg>
<arg>${key}</arg>
<doc>Logs the given message with the given level.</doc>
<status status="PASS" start="2024-04-12T07:15:08.213224" elapsed="0.000175"/>
</kw>
<var name="${key}">gender</var>
<status status="PASS" start="2024-04-12T07:15:08.211566" elapsed="0.002051"/>
</iter>
<iter>
<kw name="Dictionary Should Contain Key" owner="Collections">
<msg time="2024-04-12T07:15:08.214325" level="INFO">False</msg>
<arg>${json_data['results'][0]}</arg>
<arg>${key}</arg>
<doc>Fails if ``key`` is not found from ``dictionary``.</doc>
<status status="PASS" start="2024-04-12T07:15:08.213926" elapsed="0.000438"/>
</kw>
<kw name="Log" owner="BuiltIn">
<msg time="2024-04-12T07:15:08.215084" level="INFO">{'gender': 'female', 'name': {'title': 'Ms', 'first': 'Abigail', 'last': 'Bowman'}, 'location': {'street': {'number': 2123, 'name': 'George Street'}, 'city': 'Nottingham', 'state': 'Tyne and Wear', 'country': 'United Kingdom', 'postcode': 'BK14 7XU', 'coordinates': {'latitude': '-7.2319', 'longitude': '72.2087'}, 'timezone': {'offset': '+3:30', 'description': 'Tehran'}}, 'email': 'abigail.bowman@example.com', 'login': {'uuid': '01d9329e-e425-45eb-b648-477359ef5bef', 'username': 'lazyelephant545', 'password': 'cooper', 'salt': 'piwv4R8y', 'md5': '5c88d00fe1d75daa8e29c9c116dcac94', 'sha1': 'e875807c665eeaefe8e868562cc99285005c49e0', 'sha256': 'd82b834a0269981fb00c3c5cea220e74fa305a95798705832086bf8138601148'}, 'dob': {'date': '1972-10-27T17:54:15.121Z', 'age': 51}, 'registered': {'date': '2007-01-20T01:22:39.855Z', 'age': 17}, 'phone': '019467 29872', 'cell': '07539 371913', 'id': {'name': 'NINO', 'value': 'LS 09 46 45 E'}, 'picture': {'large': 'https://randomuser.me/api/portraits/women/31.jpg', 'medium': 'https://randomuser.me/api/portraits/med/women/31.jpg', 'thumbnail': 'https://randomuser.me/api/portraits/thumb/women/31.jpg'}, 'nat': 'GB'}</msg>
<arg>${json_data['results'][0]}</arg>
<doc>Logs the given message with the given level.</doc>
<status status="PASS" start="2024-04-12T07:15:08.214712" elapsed="0.000420"/>
</kw>
<kw name="Log" owner="BuiltIn">
<msg time="2024-04-12T07:15:08.215571" level="INFO">name</msg>
<arg>${key}</arg>
<doc>Logs the given message with the given level.</doc>
<status status="PASS" start="2024-04-12T07:15:08.215439" elapsed="0.000171"/>
</kw>
<var name="${key}">name</var>
<status status="PASS" start="2024-04-12T07:15:08.213809" elapsed="0.002022"/>
</iter>
<iter>
<kw name="Dictionary Should Contain Key" owner="Collections">
<msg time="2024-04-12T07:15:08.216523" level="INFO">False</msg>
<arg>${json_data['results'][0]}</arg>
<arg>${key}</arg>
<doc>Fails if ``key`` is not found from ``dictionary``.</doc>
<status status="PASS" start="2024-04-12T07:15:08.216134" elapsed="0.000428"/>
</kw>
<kw name="Log" owner="BuiltIn">
<msg time="2024-04-12T07:15:08.217271" level="INFO">{'gender': 'female', 'name': {'title': 'Ms', 'first': 'Abigail', 'last': 'Bowman'}, 'location': {'street': {'number': 2123, 'name': 'George Street'}, 'city': 'Nottingham', 'state': 'Tyne and Wear', 'country': 'United Kingdom', 'postcode': 'BK14 7XU', 'coordinates': {'latitude': '-7.2319', 'longitude': '72.2087'}, 'timezone': {'offset': '+3:30', 'description': 'Tehran'}}, 'email': 'abigail.bowman@example.com', 'login': {'uuid': '01d9329e-e425-45eb-b648-477359ef5bef', 'username': 'lazyelephant545', 'password': 'cooper', 'salt': 'piwv4R8y', 'md5': '5c88d00fe1d75daa8e29c9c116dcac94', 'sha1': 'e875807c665eeaefe8e868562cc99285005c49e0', 'sha256': 'd82b834a0269981fb00c3c5cea220e74fa305a95798705832086bf8138601148'}, 'dob': {'date': '1972-10-27T17:54:15.121Z', 'age': 51}, 'registered': {'date': '2007-01-20T01:22:39.855Z', 'age': 17}, 'phone': '019467 29872', 'cell': '07539 371913', 'id': {'name': 'NINO', 'value': 'LS 09 46 45 E'}, 'picture': {'large': 'https://randomuser.me/api/portraits/women/31.jpg', 'medium': 'https://randomuser.me/api/portraits/med/women/31.jpg', 'thumbnail': 'https://randomuser.me/api/portraits/thumb/women/31.jpg'}, 'nat': 'GB'}</msg>
<arg>${json_data['results'][0]}</arg>
<doc>Logs the given message with the given level.</doc>
<status status="PASS" start="2024-04-12T07:15:08.216886" elapsed="0.000438"/>
</kw>
<kw name="Log" owner="BuiltIn">
<msg time="2024-04-12T07:15:08.217761" level="INFO">location</msg>
<arg>${key}</arg>
<doc>Logs the given message with the given level.</doc>
<status status="PASS" start="2024-04-12T07:15:08.217630" elapsed="0.000169"/>
</kw>
<var name="${key}">location</var>
<status status="PASS" start="2024-04-12T07:15:08.216017" elapsed="0.002001"/>
</iter>
<iter>
<kw name="Dictionary Should Contain Key" owner="Collections">
<msg time="2024-04-12T07:15:08.218700" level="INFO">False</msg>
<arg>${json_data['results'][0]}</arg>
<arg>${key}</arg>
<doc>Fails if ``key`` is not found from ``dictionary``.</doc>
<status status="PASS" start="2024-04-12T07:15:08.218309" elapsed="0.000429"/>
</kw>
<kw name="Log" owner="BuiltIn">
<msg time="2024-04-12T07:15:08.219402" level="INFO">{'gender': 'female', 'name': {'title': 'Ms', 'first': 'Abigail', 'last': 'Bowman'}, 'location': {'street': {'number': 2123, 'name': 'George Street'}, 'city': 'Nottingham', 'state': 'Tyne and Wear', 'country': 'United Kingdom', 'postcode': 'BK14 7XU', 'coordinates': {'latitude': '-7.2319', 'longitude': '72.2087'}, 'timezone': {'offset': '+3:30', 'description': 'Tehran'}}, 'email': 'abigail.bowman@example.com', 'login': {'uuid': '01d9329e-e425-45eb-b648-477359ef5bef', 'username': 'lazyelephant545', 'password': 'cooper', 'salt': 'piwv4R8y', 'md5': '5c88d00fe1d75daa8e29c9c116dcac94', 'sha1': 'e875807c665eeaefe8e868562cc99285005c49e0', 'sha256': 'd82b834a0269981fb00c3c5cea220e74fa305a95798705832086bf8138601148'}, 'dob': {'date': '1972-10-27T17:54:15.121Z', 'age': 51}, 'registered': {'date': '2007-01-20T01:22:39.855Z', 'age': 17}, 'phone': '019467 29872', 'cell': '07539 371913', 'id': {'name': 'NINO', 'value': 'LS 09 46 45 E'}, 'picture': {'large': 'https://randomuser.me/api/portraits/women/31.jpg', 'medium': 'https://randomuser.me/api/portraits/med/women/31.jpg', 'thumbnail': 'https://randomuser.me/api/portraits/thumb/women/31.jpg'}, 'nat': 'GB'}</msg>
<arg>${json_data['results'][0]}</arg>
<doc>Logs the given message with the given level.</doc>
<status status="PASS" start="2024-04-12T07:15:08.219041" elapsed="0.000408"/>
</kw>
<kw name="Log" owner="BuiltIn">
<msg time="2024-04-12T07:15:08.219879" level="INFO">email</msg>
<arg>${key}</arg>
<doc>Logs the given message with the given level.</doc>
<status status="PASS" start="2024-04-12T07:15:08.219751" elapsed="0.000166"/>
</kw>
<var name="${key}">email</var>
<status status="PASS" start="2024-04-12T07:15:08.218194" elapsed="0.001941"/>
</iter>
<iter>
<kw name="Dictionary Should Contain Key" owner="Collections">
<msg time="2024-04-12T07:15:08.220808" level="INFO">False</msg>
<arg>${json_data['results'][0]}</arg>
<arg>${key}</arg>
<doc>Fails if ``key`` is not found from ``dictionary``.</doc>
<status status="PASS" start="2024-04-12T07:15:08.220421" elapsed="0.000424"/>
</kw>
<kw name="Log" owner="BuiltIn">
<msg time="2024-04-12T07:15:08.221539" level="INFO">{'gender': 'female', 'name': {'title': 'Ms', 'first': 'Abigail', 'last': 'Bowman'}, 'location': {'street': {'number': 2123, 'name': 'George Street'}, 'city': 'Nottingham', 'state': 'Tyne and Wear', 'country': 'United Kingdom', 'postcode': 'BK14 7XU', 'coordinates': {'latitude': '-7.2319', 'longitude': '72.2087'}, 'timezone': {'offset': '+3:30', 'description': 'Tehran'}}, 'email': 'abigail.bowman@example.com', 'login': {'uuid': '01d9329e-e425-45eb-b648-477359ef5bef', 'username': 'lazyelephant545', 'password': 'cooper', 'salt': 'piwv4R8y', 'md5': '5c88d00fe1d75daa8e29c9c116dcac94', 'sha1': 'e875807c665eeaefe8e868562cc99285005c49e0', 'sha256': 'd82b834a0269981fb00c3c5cea220e74fa305a95798705832086bf8138601148'}, 'dob': {'date': '1972-10-27T17:54:15.121Z', 'age': 51}, 'registered': {'date': '2007-01-20T01:22:39.855Z', 'age': 17}, 'phone': '019467 29872', 'cell': '07539 371913', 'id': {'name': 'NINO', 'value': 'LS 09 46 45 E'}, 'picture': {'large': 'https://randomuser.me/api/portraits/women/31.jpg', 'medium': 'https://randomuser.me/api/portraits/med/women/31.jpg', 'thumbnail': 'https://randomuser.me/api/portraits/thumb/women/31.jpg'}, 'nat': 'GB'}</msg>
<arg>${json_data['results'][0]}</arg>
<doc>Logs the given message with the given level.</doc>
<status status="PASS" start="2024-04-12T07:15:08.221175" elapsed="0.000410"/>
</kw>
<kw name="Log" owner="BuiltIn">
<msg time="2024-04-12T07:15:08.222008" level="INFO">login</msg>
<arg>${key}</arg>
<doc>Logs the given message with the given level.</doc>
<status status="PASS" start="2024-04-12T07:15:08.221882" elapsed="0.000164"/>
</kw>
<var name="${key}">login</var>
<status status="PASS" start="2024-04-12T07:15:08.220308" elapsed="0.001984"/>
</iter>
<var>${key}</var>
<value>@{expected_keys}</value>
<status status="PASS" start="2024-04-12T07:15:08.211371" elapsed="0.011047"/>
</for>
<kw name="Create List" owner="BuiltIn">
<msg time="2024-04-12T07:15:08.222753" level="INFO">${expected_keysTwo} = ['username', 'password']</msg>
<var>${expected_keysTwo}</var>
<arg>username</arg>
<arg>password</arg>
<doc>Returns a list containing given items.</doc>
<status status="PASS" start="2024-04-12T07:15:08.222615" elapsed="0.000163"/>
</kw>
<for flavor="IN">
<iter>
<kw name="Dictionary Should Contain Key" owner="Collections">
<msg time="2024-04-12T07:15:08.223787" level="INFO">False</msg>
<arg>${json_data['results'][0]['login']}</arg>
<arg>${keyTwo}</arg>
<doc>Fails if ``key`` is not found from ``dictionary``.</doc>
<status status="PASS" start="2024-04-12T07:15:08.223396" elapsed="0.000428"/>
</kw>
<kw name="Dictionary Should Contain Key" owner="Collections">
<msg time="2024-04-12T07:15:08.224515" level="INFO">False</msg>
<arg>${json_data['results'][0]['login']}</arg>
<arg>${keyTwo}</arg>
<doc>Fails if ``key`` is not found from ``dictionary``.</doc>
<status status="PASS" start="2024-04-12T07:15:08.224126" elapsed="0.000428"/>
</kw>
<kw name="Log" owner="BuiltIn">
<msg time="2024-04-12T07:15:08.225015" level="INFO">username</msg>
<arg>${keyTwo}</arg>
<doc>Logs the given message with the given level.</doc>
<status status="PASS" start="2024-04-12T07:15:08.224852" elapsed="0.000203"/>
</kw>
<var name="${keyTwo}">username</var>
<status status="PASS" start="2024-04-12T07:15:08.223279" elapsed="0.001995"/>
</iter>
<iter>
<kw name="Dictionary Should Contain Key" owner="Collections">
<msg time="2024-04-12T07:15:08.225948" level="INFO">False</msg>
<arg>${json_data['results'][0]['login']}</arg>
<arg>${keyTwo}</arg>
<doc>Fails if ``key`` is not found from ``dictionary``.</doc>
<status status="PASS" start="2024-04-12T07:15:08.225563" elapsed="0.000424"/>
</kw>
<kw name="Dictionary Should Contain Key" owner="Collections">
<msg time="2024-04-12T07:15:08.226681" level="INFO">False</msg>
<arg>${json_data['results'][0]['login']}</arg>
<arg>${keyTwo}</arg>
<doc>Fails if ``key`` is not found from ``dictionary``.</doc>
<status status="PASS" start="2024-04-12T07:15:08.226292" elapsed="0.000426"/>
</kw>
<kw name="Log" owner="BuiltIn">
<msg time="2024-04-12T07:15:08.227141" level="INFO">password</msg>
<arg>${keyTwo}</arg>
<doc>Logs the given message with the given level.</doc>
<status status="PASS" start="2024-04-12T07:15:08.227013" elapsed="0.000167"/>
</kw>
<var name="${keyTwo}">password</var>
<status status="PASS" start="2024-04-12T07:15:08.225449" elapsed="0.001950"/>
</iter>
<var>${keyTwo}</var>
<value>@{expected_keysTwo}</value>
<status status="PASS" start="2024-04-12T07:15:08.223017" elapsed="0.004503"/>
</for>
<status status="PASS" start="2024-04-12T07:15:08.099911" elapsed="0.127752"/>
</kw>
<doc>Testa a estrutura da resposta da API.</doc>
<tag>testeEstruturaResposta</tag>
<status status="PASS" start="2024-04-12T07:15:08.099217" elapsed="0.128616"/>
</test>
<test id="s1-s1-t4" name="Validar tipos de dados" line="28">
<kw name="Teste de Tipos de Dados" owner="random-user-service">
<kw name="GET On Session" owner="RequestsLibrary">
<msg time="2024-04-12T07:15:08.315748" level="INFO">GET Request : url=https://randomuser.me/api 
 path_url=/api 
 headers={'User-Agent': 'python-requests/2.31.0', 'Accept-Encoding': 'gzip, deflate', 'Accept': '*/*', 'Connection': 'keep-alive'} 
 body=None 
 </msg>
<msg time="2024-04-12T07:15:08.315847" level="INFO">GET Response : url=https://randomuser.me/api 
 status=200, reason=OK 
 headers={'Date': 'Fri, 12 Apr 2024 07:15:08 GMT', 'Content-Type': 'application/json; charset=utf-8', 'Transfer-Encoding': 'chunked', 'Connection': 'keep-alive', 'X-Powered-By': 'Express', 'Access-Control-Allow-Origin': '*', 'Cache-Control': 'no-cache', 'ETag': 'W/"493-6W3cG9maW6REVc1apcwH49cqL24"', 'Vary': 'Accept-Encoding', 'Content-Encoding': 'gzip', 'CF-Cache-Status': 'DYNAMIC', 'Report-To': '{"endpoints":[{"url":"https:\\/\\/a.nel.cloudflare.com\\/report\\/v4?s=O3KSZYzF3wGaT4Ajb4YfgNEYeA%2FlFsxBWV5qlS%2F0NJXH4ICmwt%2Bn5huoQs6JfXDkZknxtriC7PnWC0nqB5zo1zWgYAEXRf3gZi%2BL%2B4S2Rx%2BUHAuVA7fm4cnvHEaDREjO"}],"group":"cf-nel","max_age":604800}', 'NEL': '{"success_fraction":0,"report_to":"cf-nel","max_age":604800}', 'Server': 'cloudflare', 'CF-RAY': '87316c687c83ceb5-SJC', 'alt-svc': 'h3=":443"; ma=86400'} 
 body={"results":[{"gender":"female","name":{"title":"Miss","first":"Eva-Maria","last":"Reinert"},"location":{"street":{"number":5562,"name":"Gartenweg"},"city":"Heilbronn","state":"Saarland","country":"Germany","postcode":72218,"coordinates":{"latitude":"-53.6052","longitude":"96.6249"},"timezone":{"offset":"-11:00","description":"Midway Island, Samoa"}},"email":"eva-maria.reinert@example.com","login":{"uuid":"4b30855b-b7f0-47bf-904f-045784110384","username":"whitebird359","password":"coolhand","salt":"B9dCS0Yc","md5":"6eb9bbda238a0a5988252ef5125406d9","sha1":"ac5064ebfb3a4fa3a6ced616a8dd237d290b680a","sha256":"9ad06f8f3090130d92954dbdaa82248c26456e3b1173b6aeee8de5c2c138227b"},"dob":{"date":"1963-04-29T03:16:07.270Z","age":60},"registered":{"date":"2011-02-12T07:49:11.826Z","age":13},"phone":"0201-0252313","cell":"0172-9077060","id":{"name":"SVNR","value":"80 280463 R 887"},"picture":{"large":"https://randomuser.me/api/portraits/women/51.jpg","medium":"https://randomuser.me/api/portraits/med/women/51.jpg","thumbnail":"https://randomuser.me/api/portraits/thumb/women/51.jpg"},"nat":"DE"}],"info":{"seed":"05883a9bfe42baf0","results":1,"page":1,"version":"1.4"}} 
 </msg>
<msg time="2024-04-12T07:15:08.315917" level="INFO">/opt/hostedtoolcache/Python/3.12.2/x64/lib/python3.12/site-packages/urllib3/connectionpool.py:1103: InsecureRequestWarning: Unverified HTTPS request is being made to host 'randomuser.me'. Adding certificate verification is strongly advised. See: https://urllib3.readthedocs.io/en/latest/advanced-usage.html#tls-warnings
  warnings.warn(</msg>
<msg time="2024-04-12T07:15:08.316056" level="INFO">${response} = &lt;Response [200]&gt;</msg>
<var>${response}</var>
<arg>consultarAPI</arg>
<arg>/api</arg>
<doc>Sends a GET request on a previously created HTTP Session.</doc>
<status status="PASS" start="2024-04-12T07:15:08.230369" elapsed="0.085730"/>
</kw>
<kw name="Set Variable" owner="BuiltIn">
<msg time="2024-04-12T07:15:08.317320" level="INFO">${json_data} = {'results': [{'gender': 'female', 'name': {'title': 'Miss', 'first': 'Eva-Maria', 'last': 'Reinert'}, 'location': {'street': {'number': 5562, 'name': 'Gartenweg'}, 'city': 'Heilbronn', 'state': 'Saarl...</msg>
<var>${json_data}</var>
<arg>${response.json()}</arg>
<doc>Returns the given values which can then be assigned to a variables.</doc>
<status status="PASS" start="2024-04-12T07:15:08.316721" elapsed="0.000629"/>
</kw>
<kw name="Log" owner="BuiltIn">
<msg time="2024-04-12T07:15:08.317842" level="INFO">{'results': [{'gender': 'female', 'name': {'title': 'Miss', 'first': 'Eva-Maria', 'last': 'Reinert'}, 'location': {'street': {'number': 5562, 'name': 'Gartenweg'}, 'city': 'Heilbronn', 'state': 'Saarland', 'country': 'Germany', 'postcode': 72218, 'coordinates': {'latitude': '-53.6052', 'longitude': '96.6249'}, 'timezone': {'offset': '-11:00', 'description': 'Midway Island, Samoa'}}, 'email': 'eva-maria.reinert@example.com', 'login': {'uuid': '4b30855b-b7f0-47bf-904f-045784110384', 'username': 'whitebird359', 'password': 'coolhand', 'salt': 'B9dCS0Yc', 'md5': '6eb9bbda238a0a5988252ef5125406d9', 'sha1': 'ac5064ebfb3a4fa3a6ced616a8dd237d290b680a', 'sha256': '9ad06f8f3090130d92954dbdaa82248c26456e3b1173b6aeee8de5c2c138227b'}, 'dob': {'date': '1963-04-29T03:16:07.270Z', 'age': 60}, 'registered': {'date': '2011-02-12T07:49:11.826Z', 'age': 13}, 'phone': '0201-0252313', 'cell': '0172-9077060', 'id': {'name': 'SVNR', 'value': '80 280463 R 887'}, 'picture': {'large': 'https://randomuser.me/api/portraits/women/51.jpg', 'medium': 'https://randomuser.me/api/portraits/med/women/51.jpg', 'thumbnail': 'https://randomuser.me/api/portraits/thumb/women/51.jpg'}, 'nat': 'DE'}], 'info': {'seed': '05883a9bfe42baf0', 'results': 1, 'page': 1, 'version': '1.4'}}</msg>
<arg>${json_data}</arg>
<doc>Logs the given message with the given level.</doc>
<status status="PASS" start="2024-04-12T07:15:08.317677" elapsed="0.000255"/>
</kw>
<kw name="Should Be String" owner="String">
<arg>${json_data['results'][0]['gender']}</arg>
<doc>Fails if the given ``item`` is not a string.</doc>
<status status="PASS" start="2024-04-12T07:15:08.318249" elapsed="0.000377"/>
</kw>
<kw name="Should Match Regexp" owner="BuiltIn">
<arg>${json_data['results'][0]['email']}</arg>
<arg>^[a-zA-Z0-9._%+-]+@[a-zA-Z0-9.-]+\.[a-zA-Z]{2,}$</arg>
<doc>Fails if ``string`` does not match ``pattern`` as a regular expression.</doc>
<status status="PASS" start="2024-04-12T07:15:08.318832" elapsed="0.000533"/>
</kw>
<kw name="Should Match Regexp" owner="BuiltIn">
<arg>${json_data['results'][0]['dob']['date']}</arg>
<arg>\\d{4}-\\d{2}-\\d{2}T\\d{2}:\\d{2}:\\d{2}\\.\\d{3}Z</arg>
<doc>Fails if ``string`` does not match ``pattern`` as a regular expression.</doc>
<status status="PASS" start="2024-04-12T07:15:08.319566" elapsed="0.000499"/>
</kw>
<kw name="Should Match Regexp" owner="BuiltIn">
<arg>${json_data['results'][0]['registered']['date']}</arg>
<arg>\\d{4}-\\d{2}-\\d{2}T\\d{2}:\\d{2}:\\d{2}\\.\\d{3}Z</arg>
<doc>Fails if ``string`` does not match ``pattern`` as a regular expression.</doc>
<status status="PASS" start="2024-04-12T07:15:08.320261" elapsed="0.000382"/>
</kw>
<kw name="Should Match Regexp" owner="BuiltIn">
<arg>${json_data['results'][0]['picture']['large']}</arg>
<arg>^https?://.*\.(?:png|jpe?g|gif|bmp)$</arg>
<doc>Fails if ``string`` does not match ``pattern`` as a regular expression.</doc>
<status status="PASS" start="2024-04-12T07:15:08.320833" elapsed="0.000510"/>
</kw>
<kw name="Should Match Regexp" owner="BuiltIn">
<arg>${json_data['results'][0]['picture']['medium']}</arg>
<arg>^https?://.*\.(?:png|jpe?g|gif|bmp)$</arg>
<doc>Fails if ``string`` does not match ``pattern`` as a regular expression.</doc>
<status status="PASS" start="2024-04-12T07:15:08.321540" elapsed="0.000366"/>
</kw>
<kw name="Should Match Regexp" owner="BuiltIn">
<arg>${json_data['results'][0]['picture']['thumbnail']}</arg>
<arg>^https?://.*\.(?:png|jpe?g|gif|bmp)$</arg>
<doc>Fails if ``string`` does not match ``pattern`` as a regular expression.</doc>
<status status="PASS" start="2024-04-12T07:15:08.322097" elapsed="0.000365"/>
</kw>
<kw name="Log" owner="BuiltIn">
<msg time="2024-04-12T07:15:08.322984" level="INFO">{'large': 'https://randomuser.me/api/portraits/women/51.jpg', 'medium': 'https://randomuser.me/api/portraits/med/women/51.jpg', 'thumbnail': 'https://randomuser.me/api/portraits/thumb/women/51.jpg'}</msg>
<arg>${json_data['results'][0]['picture']}</arg>
<doc>Logs the given message with the given level.</doc>
<status status="PASS" start="2024-04-12T07:15:08.322648" elapsed="0.000379"/>
</kw>
<status status="PASS" start="2024-04-12T07:15:08.230127" elapsed="0.093165"/>
</kw>
<kw name="Teste de Tipos de Dados - Postcode" owner="random-user-service">
<kw name="GET On Session" owner="RequestsLibrary">
<msg time="2024-04-12T07:15:08.415842" level="INFO">GET Request : url=https://randomuser.me/api 
 path_url=/api 
 headers={'User-Agent': 'python-requests/2.31.0', 'Accept-Encoding': 'gzip, deflate', 'Accept': '*/*', 'Connection': 'keep-alive'} 
 body=None 
 </msg>
<msg time="2024-04-12T07:15:08.415942" level="INFO">GET Response : url=https://randomuser.me/api 
 status=200, reason=OK 
 headers={'Date': 'Fri, 12 Apr 2024 07:15:08 GMT', 'Content-Type': 'application/json; charset=utf-8', 'Transfer-Encoding': 'chunked', 'Connection': 'keep-alive', 'X-Powered-By': 'Express', 'Access-Control-Allow-Origin': '*', 'Cache-Control': 'no-cache', 'ETag': 'W/"47a-3NCN+qiNByf1KLLisEF67gGg5dk"', 'Vary': 'Accept-Encoding', 'Content-Encoding': 'gzip', 'CF-Cache-Status': 'DYNAMIC', 'Report-To': '{"endpoints":[{"url":"https:\\/\\/a.nel.cloudflare.com\\/report\\/v4?s=v9kiYGGoA%2BJqMuSNFEM%2B%2BZHRgnkhLeaGx8DB5ibXWaz%2FAydeOLYmBGUZXaIxge7W8N28y8JVFBI3tQdbIMGui9K6vrM0RXksUnBk0QAeeFLj2y4hQEEwfHg%2Fs5rvezXr"}],"group":"cf-nel","max_age":604800}', 'NEL': '{"success_fraction":0,"report_to":"cf-nel","max_age":604800}', 'Server': 'cloudflare', 'CF-RAY': '87316c690cf1ceb5-SJC', 'alt-svc': 'h3=":443"; ma=86400'} 
 body={"results":[{"gender":"female","name":{"title":"Ms","first":"Alma","last":"Olsen"},"location":{"street":{"number":9104,"name":"Kirkestræde"},"city":"Stenderup","state":"Sjælland","country":"Denmark","postcode":63881,"coordinates":{"latitude":"-41.9829","longitude":"155.6515"},"timezone":{"offset":"-11:00","description":"Midway Island, Samoa"}},"email":"alma.olsen@example.com","login":{"uuid":"0bc0e6cc-9bdb-45fa-8e42-ad2c67150fbb","username":"blackmouse836","password":"dogfood","salt":"U2Tw8OU4","md5":"8b45646952516f0df647f00a7ebd6a99","sha1":"e312a4b2fc7a3665c5e5013c0991e23e847a704e","sha256":"cdbb932bf28b0edffe4a8ec6196875864d9ea6f8b80d6f6415e78b12c035ac1e"},"dob":{"date":"1954-03-05T20:41:35.411Z","age":70},"registered":{"date":"2017-09-22T11:53:03.714Z","age":6},"phone":"40309772","cell":"50844859","id":{"name":"CPR","value":"050354-4594"},"picture":{"large":"https://randomuser.me/api/portraits/women/37.jpg","medium":"https://randomuser.me/api/portraits/med/women/37.jpg","thumbnail":"https://randomuser.me/api/portraits/thumb/women/37.jpg"},"nat":"DK"}],"info":{"seed":"763b1629f6efa60f","results":1,"page":1,"version":"1.4"}} 
 </msg>
<msg time="2024-04-12T07:15:08.416032" level="INFO">/opt/hostedtoolcache/Python/3.12.2/x64/lib/python3.12/site-packages/urllib3/connectionpool.py:1103: InsecureRequestWarning: Unverified HTTPS request is being made to host 'randomuser.me'. Adding certificate verification is strongly advised. See: https://urllib3.readthedocs.io/en/latest/advanced-usage.html#tls-warnings
  warnings.warn(</msg>
<msg time="2024-04-12T07:15:08.416177" level="INFO">${response} = &lt;Response [200]&gt;</msg>
<var>${response}</var>
<arg>consultarAPI</arg>
<arg>/api</arg>
<doc>Sends a GET request on a previously created HTTP Session.</doc>
<status status="PASS" start="2024-04-12T07:15:08.323782" elapsed="0.092443"/>
</kw>
<kw name="Set Variable" owner="BuiltIn">
<msg time="2024-04-12T07:15:08.417366" level="INFO">${json_data} = {'results': [{'gender': 'female', 'name': {'title': 'Ms', 'first': 'Alma', 'last': 'Olsen'}, 'location': {'street': {'number': 9104, 'name': 'Kirkestræde'}, 'city': 'Stenderup', 'state': 'Sjælland', '...</msg>
<var>${json_data}</var>
<arg>${response.json()}</arg>
<doc>Returns the given values which can then be assigned to a variables.</doc>
<status status="PASS" start="2024-04-12T07:15:08.416782" elapsed="0.000615"/>
</kw>
<kw name="Log" owner="BuiltIn">
<msg time="2024-04-12T07:15:08.417876" level="INFO">{'results': [{'gender': 'female', 'name': {'title': 'Ms', 'first': 'Alma', 'last': 'Olsen'}, 'location': {'street': {'number': 9104, 'name': 'Kirkestræde'}, 'city': 'Stenderup', 'state': 'Sjælland', 'country': 'Denmark', 'postcode': 63881, 'coordinates': {'latitude': '-41.9829', 'longitude': '155.6515'}, 'timezone': {'offset': '-11:00', 'description': 'Midway Island, Samoa'}}, 'email': 'alma.olsen@example.com', 'login': {'uuid': '0bc0e6cc-9bdb-45fa-8e42-ad2c67150fbb', 'username': 'blackmouse836', 'password': 'dogfood', 'salt': 'U2Tw8OU4', 'md5': '8b45646952516f0df647f00a7ebd6a99', 'sha1': 'e312a4b2fc7a3665c5e5013c0991e23e847a704e', 'sha256': 'cdbb932bf28b0edffe4a8ec6196875864d9ea6f8b80d6f6415e78b12c035ac1e'}, 'dob': {'date': '1954-03-05T20:41:35.411Z', 'age': 70}, 'registered': {'date': '2017-09-22T11:53:03.714Z', 'age': 6}, 'phone': '40309772', 'cell': '50844859', 'id': {'name': 'CPR', 'value': '050354-4594'}, 'picture': {'large': 'https://randomuser.me/api/portraits/women/37.jpg', 'medium': 'https://randomuser.me/api/portraits/med/women/37.jpg', 'thumbnail': 'https://randomuser.me/api/portraits/thumb/women/37.jpg'}, 'nat': 'DK'}], 'info': {'seed': '763b1629f6efa60f', 'results': 1, 'page': 1, 'version': '1.4'}}</msg>
<arg>${json_data}</arg>
<doc>Logs the given message with the given level.</doc>
<status status="PASS" start="2024-04-12T07:15:08.417714" elapsed="0.000244"/>
</kw>
<kw name="Should Be Equal As Numbers" owner="BuiltIn">
<arg>${json_data['results'][0]['location']['postcode']}</arg>
<arg>${json_data['results'][0]['location']['postcode']}</arg>
<doc>Fails if objects are unequal after converting them to real numbers.</doc>
<status status="PASS" start="2024-04-12T07:15:08.418272" elapsed="0.000649"/>
</kw>
<kw name="Log" owner="BuiltIn">
<msg time="2024-04-12T07:15:08.419459" level="INFO">63881</msg>
<arg>${json_data['results'][0]['location']['postcode']}</arg>
<doc>Logs the given message with the given level.</doc>
<status status="PASS" start="2024-04-12T07:15:08.419119" elapsed="0.000382"/>
</kw>
<status status="PASS" start="2024-04-12T07:15:08.323532" elapsed="0.096230"/>
</kw>
<doc>Testa se os tipos de dados na resposta da API estão corretos.</doc>
<tag>testeTiposDados</tag>
<status status="PASS" start="2024-04-12T07:15:08.229645" elapsed="0.190298"/>
</test>
<test id="s1-s1-t5" name="Validar conteudo" line="35">
<kw name="Teste de Tipos de Conteudo" owner="random-user-service">
<kw name="GET On Session" owner="RequestsLibrary">
<msg time="2024-04-12T07:15:08.514845" level="INFO">GET Request : url=https://randomuser.me/api 
 path_url=/api 
 headers={'User-Agent': 'python-requests/2.31.0', 'Accept-Encoding': 'gzip, deflate', 'Accept': '*/*', 'Connection': 'keep-alive'} 
 body=None 
 </msg>
<msg time="2024-04-12T07:15:08.514939" level="INFO">GET Response : url=https://randomuser.me/api 
 status=200, reason=OK 
 headers={'Date': 'Fri, 12 Apr 2024 07:15:08 GMT', 'Content-Type': 'application/json; charset=utf-8', 'Transfer-Encoding': 'chunked', 'Connection': 'keep-alive', 'X-Powered-By': 'Express', 'Access-Control-Allow-Origin': '*', 'Cache-Control': 'no-cache', 'ETag': 'W/"4a5-QBfOPDo/X4f3whiEx1G0uas9fm0"', 'Vary': 'Accept-Encoding', 'Content-Encoding': 'gzip', 'CF-Cache-Status': 'DYNAMIC', 'Report-To': '{"endpoints":[{"url":"https:\\/\\/a.nel.cloudflare.com\\/report\\/v4?s=JqwBuOjB4c6QPHWw07dfeZHgFQHAfRrFkFw%2F33y4IT4wg32MZsblbOQ0s8QlPiuJErmoIVri45y51W4qutXEby%2BYZeQytpJsD01AJZ7GxVyoqW%2BRaCXaCLcjG0uHLx%2F7"}],"group":"cf-nel","max_age":604800}', 'NEL': '{"success_fraction":0,"report_to":"cf-nel","max_age":604800}', 'Server': 'cloudflare', 'CF-RAY': '87316c69ad73ceb5-SJC', 'alt-svc': 'h3=":443"; ma=86400'} 
 body={"results":[{"gender":"female","name":{"title":"Ms","first":"Alex","last":"Stevens"},"location":{"street":{"number":4198,"name":"Manchester Road"},"city":"Salisbury","state":"Mid Glamorgan","country":"United Kingdom","postcode":"TF2 3FB","coordinates":{"latitude":"-10.6723","longitude":"145.9227"},"timezone":{"offset":"+5:30","description":"Bombay, Calcutta, Madras, New Delhi"}},"email":"alex.stevens@example.com","login":{"uuid":"0ddb66ba-4ccc-4a99-9ffb-44728384e79d","username":"sadfish370","password":"w4g8at","salt":"WUVQMKw9","md5":"a66c444605b4be4db70cc8a06a63b7c8","sha1":"05943295d289e1fc5cd8e76bebec0d652779d808","sha256":"a5232e83b1886a8d0470e30792100c905d44d79380ecd991c24b5dc00a2705ae"},"dob":{"date":"1971-12-19T09:35:51.327Z","age":52},"registered":{"date":"2005-01-17T23:01:12.524Z","age":19},"phone":"01252 94587","cell":"07040 535853","id":{"name":"NINO","value":"HP 01 74 89 M"},"picture":{"large":"https://randomuser.me/api/portraits/women/50.jpg","medium":"https://randomuser.me/api/portraits/med/women/50.jpg","thumbnail":"https://randomuser.me/api/portraits/thumb/women/50.jpg"},"nat":"GB"}],"info":{"seed":"59885328e65a6ee1","results":1,"page":1,"version":"1.4"}} 
 </msg>
<msg time="2024-04-12T07:15:08.515007" level="INFO">/opt/hostedtoolcache/Python/3.12.2/x64/lib/python3.12/site-packages/urllib3/connectionpool.py:1103: InsecureRequestWarning: Unverified HTTPS request is being made to host 'randomuser.me'. Adding certificate verification is strongly advised. See: https://urllib3.readthedocs.io/en/latest/advanced-usage.html#tls-warnings
  warnings.warn(</msg>
<msg time="2024-04-12T07:15:08.515147" level="INFO">${response} = &lt;Response [200]&gt;</msg>
<var>${response}</var>
<arg>consultarAPI</arg>
<arg>/api</arg>
<doc>Sends a GET request on a previously created HTTP Session.</doc>
<status status="PASS" start="2024-04-12T07:15:08.422494" elapsed="0.092698"/>
</kw>
<kw name="Set Variable" owner="BuiltIn">
<msg time="2024-04-12T07:15:08.516208" level="INFO">${json_data} = {'results': [{'gender': 'female', 'name': {'title': 'Ms', 'first': 'Alex', 'last': 'Stevens'}, 'location': {'street': {'number': 4198, 'name': 'Manchester Road'}, 'city': 'Salisbury', 'state': 'Mid Gl...</msg>
<var>${json_data}</var>
<arg>${response.json()}</arg>
<doc>Returns the given values which can then be assigned to a variables.</doc>
<status status="PASS" start="2024-04-12T07:15:08.515695" elapsed="0.000542"/>
</kw>
<kw name="Set Variable" owner="BuiltIn">
<msg time="2024-04-12T07:15:08.516976" level="INFO">${name_title} = Ms</msg>
<var>${name_title}</var>
<arg>${json_data["results"][0]["name"]["title"]}</arg>
<doc>Returns the given values which can then be assigned to a variables.</doc>
<status status="PASS" start="2024-04-12T07:15:08.516552" elapsed="0.000458"/>
</kw>
<kw name="Create List" owner="BuiltIn">
<msg time="2024-04-12T07:15:08.517481" level="INFO">${allowed_titles} = ['Mr', 'Ms', 'Miss', 'Mrs', 'Madame', 'Monsieur']</msg>
<var>${allowed_titles}</var>
<arg>Mr</arg>
<arg>Ms</arg>
<arg>Miss</arg>
<arg>Mrs</arg>
<arg>Madame</arg>
<arg>Monsieur</arg>
<doc>Returns a list containing given items.</doc>
<status status="PASS" start="2024-04-12T07:15:08.517329" elapsed="0.000178"/>
</kw>
<kw name="List Should Contain Value" owner="Collections">
<msg time="2024-04-12T07:15:08.517998" level="INFO">False</msg>
<arg>${allowed_titles}</arg>
<arg>${name_title}</arg>
<doc>Fails if the ``value`` is not found from ``list``.</doc>
<status status="PASS" start="2024-04-12T07:15:08.517822" elapsed="0.000214"/>
</kw>
<kw name="Set Variable" owner="BuiltIn">
<msg time="2024-04-12T07:15:08.518712" level="INFO">${name_country} = GB</msg>
<var>${name_country}</var>
<arg>${json_data["results"][0]["nat"]}</arg>
<doc>Returns the given values which can then be assigned to a variables.</doc>
<status status="PASS" start="2024-04-12T07:15:08.518330" elapsed="0.000408"/>
</kw>
<kw name="Create List" owner="BuiltIn">
<msg time="2024-04-12T07:15:08.519662" level="INFO">${list_country} = ['AD', 'AE', 'AF', 'AG', 'AI', 'AL', 'AM', 'AO', 'AQ', 'AR', 'AS', 'AT', 'AU', 'AW', 'AX', 'AZ', 'BA', 'BB', 'BD', 'BE', 'BF', 'BG', 'BH', 'BI', 'BJ', 'BL', 'BM', 'BN', 'BO', 'BQ', 'BR', 'BS', 'BT', '...</msg>
<var>${list_country}</var>
<arg>AD</arg>
<arg>AE</arg>
<arg>AF</arg>
<arg>AG</arg>
<arg>AI</arg>
<arg>AL</arg>
<arg>AM</arg>
<arg>AO</arg>
<arg>AQ</arg>
<arg>AR</arg>
<arg>AS</arg>
<arg>AT</arg>
<arg>AU</arg>
<arg>AW</arg>
<arg>AX</arg>
<arg>AZ</arg>
<arg>BA</arg>
<arg>BB</arg>
<arg>BD</arg>
<arg>BE</arg>
<arg>BF</arg>
<arg>BG</arg>
<arg>BH</arg>
<arg>BI</arg>
<arg>BJ</arg>
<arg>BL</arg>
<arg>BM</arg>
<arg>BN</arg>
<arg>BO</arg>
<arg>BQ</arg>
<arg>BR</arg>
<arg>BS</arg>
<arg>BT</arg>
<arg>BV</arg>
<arg>BW</arg>
<arg>BY</arg>
<arg>BZ</arg>
<arg>CA</arg>
<arg>CC</arg>
<arg>CD</arg>
<arg>CF</arg>
<arg>CG</arg>
<arg>CH</arg>
<arg>CI</arg>
<arg>CK</arg>
<arg>CL</arg>
<arg>CM</arg>
<arg>CN</arg>
<arg>CO</arg>
<arg>CR</arg>
<arg>CU</arg>
<arg>CV</arg>
<arg>CW</arg>
<arg>CX</arg>
<arg>CY</arg>
<arg>CZ</arg>
<arg>DE</arg>
<arg>DJ</arg>
<arg>DK</arg>
<arg>DM</arg>
<arg>DO</arg>
<arg>DZ</arg>
<arg>EC</arg>
<arg>EE</arg>
<arg>EG</arg>
<arg>EH</arg>
<arg>ER</arg>
<arg>ES</arg>
<arg>ET</arg>
<arg>FI</arg>
<arg>FJ</arg>
<arg>FK</arg>
<arg>FM</arg>
<arg>FO</arg>
<arg>FR</arg>
<arg>GA</arg>
<arg>GB</arg>
<arg>GD</arg>
<arg>GE</arg>
<arg>GF</arg>
<arg>GG</arg>
<arg>GH</arg>
<arg>GI</arg>
<arg>GL</arg>
<arg>GM</arg>
<arg>GN</arg>
<arg>GP</arg>
<arg>GQ</arg>
<arg>GR</arg>
<arg>GS</arg>
<arg>GT</arg>
<arg>GU</arg>
<arg>GW</arg>
<arg>GY</arg>
<arg>HK</arg>
<arg>HM</arg>
<arg>HN</arg>
<arg>HR</arg>
<arg>HT</arg>
<arg>HU</arg>
<arg>ID</arg>
<arg>IE</arg>
<arg>IL</arg>
<arg>IM</arg>
<arg>IN</arg>
<arg>IO</arg>
<arg>IQ</arg>
<arg>IR</arg>
<arg>IS</arg>
<arg>IT</arg>
<arg>JE</arg>
<arg>JM</arg>
<arg>JO</arg>
<arg>JP</arg>
<arg>KE</arg>
<arg>KG</arg>
<arg>KH</arg>
<arg>KI</arg>
<arg>KM</arg>
<arg>KN</arg>
<arg>KP</arg>
<arg>KR</arg>
<arg>KW</arg>
<arg>KY</arg>
<arg>KZ</arg>
<arg>LA</arg>
<arg>LB</arg>
<arg>LC</arg>
<arg>LI</arg>
<arg>LK</arg>
<arg>LR</arg>
<arg>LS</arg>
<arg>LT</arg>
<arg>LU</arg>
<arg>LV</arg>
<arg>LY</arg>
<arg>MA</arg>
<arg>MC</arg>
<arg>MD</arg>
<arg>ME</arg>
<arg>MF</arg>
<arg>MG</arg>
<arg>MH</arg>
<arg>MK</arg>
<arg>ML</arg>
<arg>MM</arg>
<arg>MN</arg>
<arg>MO</arg>
<arg>MP</arg>
<arg>MQ</arg>
<arg>MR</arg>
<arg>MS</arg>
<arg>MT</arg>
<arg>MU</arg>
<arg>MV</arg>
<arg>MW</arg>
<arg>MX</arg>
<arg>MY</arg>
<arg>MZ</arg>
<arg>NA</arg>
<arg>NC</arg>
<arg>NE</arg>
<arg>NF</arg>
<arg>NG</arg>
<arg>NI</arg>
<arg>NL</arg>
<arg>NO</arg>
<arg>NP</arg>
<arg>NR</arg>
<arg>NU</arg>
<arg>NZ</arg>
<arg>OM</arg>
<arg>PA</arg>
<arg>PE</arg>
<arg>PF</arg>
<arg>PG</arg>
<arg>PH</arg>
<arg>PK</arg>
<arg>PL</arg>
<arg>PM</arg>
<arg>PN</arg>
<arg>PR</arg>
<arg>PS</arg>
<arg>PT</arg>
<arg>PW</arg>
<arg>PY</arg>
<arg>QA</arg>
<arg>RE</arg>
<arg>RO</arg>
<arg>RS</arg>
<arg>RU</arg>
<arg>RW</arg>
<arg>SA</arg>
<arg>SB</arg>
<arg>SC</arg>
<arg>SD</arg>
<arg>SE</arg>
<arg>SG</arg>
<arg>SH</arg>
<arg>SI</arg>
<arg>SJ</arg>
<arg>SK</arg>
<arg>SL</arg>
<arg>SM</arg>
<arg>SN</arg>
<arg>SO</arg>
<arg>SR</arg>
<arg>SS</arg>
<arg>ST</arg>
<arg>SV</arg>
<arg>SX</arg>
<arg>SY</arg>
<arg>SZ</arg>
<arg>TC</arg>
<arg>TD</arg>
<arg>TF</arg>
<arg>TG</arg>
<arg>TH</arg>
<arg>TJ</arg>
<arg>TK</arg>
<arg>TL</arg>
<arg>TM</arg>
<arg>TN</arg>
<arg>TO</arg>
<arg>TR</arg>
<arg>TT</arg>
<arg>TV</arg>
<arg>TW</arg>
<arg>TZ</arg>
<arg>UA</arg>
<arg>UG</arg>
<arg>UM</arg>
<arg>US</arg>
<arg>UY</arg>
<arg>UZ</arg>
<arg>VA</arg>
<arg>VC</arg>
<arg>VE</arg>
<arg>VG</arg>
<arg>VI</arg>
<arg>VN</arg>
<arg>VU</arg>
<arg>WF</arg>
<arg>WS</arg>
<arg>XK</arg>
<arg>YE</arg>
<arg>YT</arg>
<arg>ZA</arg>
<arg>ZM</arg>
<arg>ZW</arg>
<doc>Returns a list containing given items.</doc>
<status status="PASS" start="2024-04-12T07:15:08.519056" elapsed="0.000631"/>
</kw>
<kw name="List Should Contain Value" owner="Collections">
<msg time="2024-04-12T07:15:08.520672" level="INFO">False</msg>
<arg>${list_country}</arg>
<arg>${name_country}</arg>
<doc>Fails if the ``value`` is not found from ``list``.</doc>
<status status="PASS" start="2024-04-12T07:15:08.520472" elapsed="0.000238"/>
</kw>
<kw name="Run Keyword If" owner="BuiltIn">
<kw name="Should Be True" owner="BuiltIn">
<arg>${True}</arg>
<doc>Fails if the given condition is not true.</doc>
<status status="PASS" start="2024-04-12T07:15:08.521960" elapsed="0.000147"/>
</kw>
<arg>${json_data["results"][0]["location"]["coordinates"]["latitude"]} &gt;= -90 and ${json_data["results"][0]["location"]["coordinates"]["latitude"]} &lt;= 90</arg>
<arg>Should Be True</arg>
<arg>${True}</arg>
<doc>Runs the given keyword with the given arguments, if ``condition`` is true.</doc>
<status status="PASS" start="2024-04-12T07:15:08.521050" elapsed="0.001186"/>
</kw>
<kw name="Run Keyword If" owner="BuiltIn">
<kw name="Should Be True" owner="BuiltIn">
<arg>${True}</arg>
<doc>Fails if the given condition is not true.</doc>
<status status="PASS" start="2024-04-12T07:15:08.523135" elapsed="0.000138"/>
</kw>
<arg>${json_data["results"][0]["location"]["coordinates"]["longitude"]} &gt;= -180 and ${json_data["results"][0]["location"]["coordinates"]["longitude"]} &lt;= 180</arg>
<arg>Should Be True</arg>
<arg>${True}</arg>
<doc>Runs the given keyword with the given arguments, if ``condition`` is true.</doc>
<status status="PASS" start="2024-04-12T07:15:08.522424" elapsed="0.000975"/>
</kw>
<status status="PASS" start="2024-04-12T07:15:08.422259" elapsed="0.101273"/>
</kw>
<doc>Testa o conteúdo específico dos campos retornados pela API.</doc>
<tag>testeConteudo</tag>
<status status="PASS" start="2024-04-12T07:15:08.421777" elapsed="0.101911"/>
</test>
<status status="PASS" start="2024-04-12T07:15:07.665266" elapsed="0.860375"/>
</suite>
<status status="PASS" start="2024-04-12T07:15:07.649732" elapsed="0.881210"/>
</suite>
<statistics>
<total>
<stat pass="5" fail="0" skip="0">All Tests</stat>
</total>
<tag>
<stat pass="1" fail="0" skip="0">testeConteudo</stat>
<stat pass="1" fail="0" skip="0">testeEstruturaResposta</stat>
<stat pass="1" fail="0" skip="0">testeRequisicaoBasica</stat>
<stat pass="1" fail="0" skip="0">testeTiposDados</stat>
</tag>
<suite>
<stat pass="5" fail="0" skip="0" id="s1" name="Tests">Tests</stat>
<stat pass="5" fail="0" skip="0" id="s1-s1" name="Random-User-Test">Tests.Random-User-Test</stat>
</suite>
</statistics>
<errors>
</errors>
</robot>
