<?xml version="1.0" encoding="UTF-8"?>
<robot generator="Robot 7.0.1 (Python 3.12.4 on linux)" generated="2024-07-25T05:15:29.377761" rpa="false" schemaversion="5">
<suite id="s1" name="Tests" source="/home/runner/work/ApiRandomUser/ApiRandomUser/RamdonUser/tests">
<suite id="s1-s1" name="Random-User-Test" source="/home/runner/work/ApiRandomUser/ApiRandomUser/RamdonUser/tests/random-user-test.robot">
<test id="s1-s1-t1" name="Conectar" line="13">
<kw name="Conectar API" owner="random-user-service">
<kw name="Create Session" owner="RequestsLibrary">
<msg time="2024-07-25T05:15:29.781735" level="INFO">Creating Session using : alias=consultarAPI, url=https://randomuser.me/, headers={},                     cookies={}, auth=None, timeout=None, proxies=None, verify=False,                     debug=0 </msg>
<arg>consultarAPI</arg>
<arg>${URL}</arg>
<doc>Create Session: create a HTTP session to a server</doc>
<status status="PASS" start="2024-07-25T05:15:29.781534" elapsed="0.000388"/>
</kw>
<status status="PASS" start="2024-07-25T05:15:29.780474" elapsed="0.001814"/>
</kw>
<status status="PASS" start="2024-07-25T05:15:29.779836" elapsed="0.002649"/>
</test>
<test id="s1-s1-t2" name="Validar retorno 200 e JSON Válido" line="16">
<kw name="Teste de Requisicao Basica" owner="random-user-service">
<kw name="GET On Session" owner="RequestsLibrary">
<msg time="2024-07-25T05:15:29.999762" level="INFO">GET Request : url=https://randomuser.me/api 
 path_url=/api 
 headers={'User-Agent': 'python-requests/2.32.3', 'Accept-Encoding': 'gzip, deflate', 'Accept': '*/*', 'Connection': 'keep-alive'} 
 body=None 
 </msg>
<msg time="2024-07-25T05:15:29.999924" level="INFO">GET Response : url=https://randomuser.me/api 
 status=200, reason=OK 
 headers={'Date': 'Thu, 25 Jul 2024 05:15:29 GMT', 'Content-Type': 'application/json; charset=utf-8', 'Transfer-Encoding': 'chunked', 'Connection': 'keep-alive', 'X-Powered-By': 'Express', 'Access-Control-Allow-Origin': '*', 'Cache-Control': 'no-cache', 'ETag': 'W/"4b5-ZBydsIgcvkPV1OUp7c/VjUluQN0"', 'Vary': 'Accept-Encoding', 'Content-Encoding': 'gzip', 'CF-Cache-Status': 'DYNAMIC', 'Report-To': '{"endpoints":[{"url":"https:\\/\\/a.nel.cloudflare.com\\/report\\/v4?s=Z0vdSyeefDnWf%2BISKQzxAfc%2FG58JqqlBlVf4k7ncsuSHOLssY7Isi4ap04vEx07juSks9WB%2FQBp5llT60rLTPsBbNrGpxo95wc8O3Gt0kWullGuIWWomg9kqPwLZmyac"}],"group":"cf-nel","max_age":604800}', 'NEL': '{"success_fraction":0,"report_to":"cf-nel","max_age":604800}', 'Server': 'cloudflare', 'CF-RAY': '8a89ac2849a920d7-IAD', 'alt-svc': 'h3=":443"; ma=86400'} 
 body={"results":[{"gender":"female","name":{"title":"Miss","first":"Brooke","last":"Knight"},"location":{"street":{"number":105,"name":"Mill Lane"},"city":"Stoke-on-Trent","state":"Highlands and Islands","country":"United Kingdom","postcode":"O54 2QA","coordinates":{"latitude":"-4.6603","longitude":"153.7586"},"timezone":{"offset":"-5:00","description":"Eastern Time (US &amp; Canada), Bogota, Lima"}},"email":"brooke.knight@example.com","login":{"uuid":"283407d8-7ce0-4352-8246-233af70249bb","username":"happydog296","password":"diver1","salt":"X4dovjVj","md5":"d4be91235fd8885d0e4a239a6bdb256d","sha1":"49758a295feead714fee6eb93ca33158e81e8cc6","sha256":"2f2bffa62aeaf3e89af00a145980e917340959472590cced2cee42ed31d13008"},"dob":{"date":"1957-10-29T01:11:24.469Z","age":66},"registered":{"date":"2014-12-12T23:20:47.736Z","age":9},"phone":"029 9601 8985","cell":"07885 993542","id":{"name":"NINO","value":"ZS 03 18 56 N"},"picture":{"large":"https://randomuser.me/api/portraits/women/91.jpg","medium":"https://randomuser.me/api/portraits/med/women/91.jpg","thumbnail":"https://randomuser.me/api/portraits/thumb/women/91.jpg"},"nat":"GB"}],"info":{"seed":"a3465ec5220389fa","results":1,"page":1,"version":"1.4"}} 
 </msg>
<msg time="2024-07-25T05:15:30.000008" level="INFO">/opt/hostedtoolcache/Python/3.12.4/x64/lib/python3.12/site-packages/urllib3/connectionpool.py:1099: InsecureRequestWarning: Unverified HTTPS request is being made to host 'randomuser.me'. Adding certificate verification is strongly advised. See: https://urllib3.readthedocs.io/en/latest/advanced-usage.html#tls-warnings
  warnings.warn(</msg>
<msg time="2024-07-25T05:15:30.000256" level="INFO">${response} = &lt;Response [200]&gt;</msg>
<var>${response}</var>
<arg>consultarAPI</arg>
<arg>/api</arg>
<doc>Sends a GET request on a previously created HTTP Session.</doc>
<status status="PASS" start="2024-07-25T05:15:29.785192" elapsed="0.215098"/>
</kw>
<kw name="Should Be Equal As Numbers" owner="BuiltIn">
<msg time="2024-07-25T05:15:30.001278" level="INFO">Argument types are:
&lt;class 'int'&gt;
&lt;class 'str'&gt;</msg>
<arg>${response.status_code}</arg>
<arg>200</arg>
<doc>Fails if objects are unequal after converting them to real numbers.</doc>
<status status="PASS" start="2024-07-25T05:15:30.000812" elapsed="0.000532"/>
</kw>
<kw name="Log" owner="BuiltIn">
<msg time="2024-07-25T05:15:30.002019" level="INFO">200</msg>
<arg>${response.status_code}</arg>
<doc>Logs the given message with the given level.</doc>
<status status="PASS" start="2024-07-25T05:15:30.001661" elapsed="0.000403"/>
</kw>
<kw name="Set Variable" owner="BuiltIn">
<msg time="2024-07-25T05:15:30.002812" level="INFO">${json_data} = {'results': [{'gender': 'female', 'name': {'title': 'Miss', 'first': 'Brooke', 'last': 'Knight'}, 'location': {'street': {'number': 105, 'name': 'Mill Lane'}, 'city': 'Stoke-on-Trent', 'state': 'Highl...</msg>
<var>${json_data}</var>
<arg>${response.json()}</arg>
<doc>Returns the given values which can then be assigned to a variables.</doc>
<status status="PASS" start="2024-07-25T05:15:30.002375" elapsed="0.000466"/>
</kw>
<kw name="Dictionary Should Contain Key" owner="Collections">
<arg>${json_data}</arg>
<arg>results</arg>
<doc>Fails if ``key`` is not found from ``dictionary``.</doc>
<status status="PASS" start="2024-07-25T05:15:30.003179" elapsed="0.000348"/>
</kw>
<status status="PASS" start="2024-07-25T05:15:29.784948" elapsed="0.218736"/>
</kw>
<doc>Testa se a API responde corretamente e retorna um objeto JSON válido.</doc>
<tag>testeRequisicaoBasica</tag>
<status status="PASS" start="2024-07-25T05:15:29.784436" elapsed="0.219427"/>
</test>
<test id="s1-s1-t3" name="Validar estrutura de resposta" line="22">
<kw name="Teste de Estrutura de Resposta" owner="random-user-service">
<kw name="GET On Session" owner="RequestsLibrary">
<msg time="2024-07-25T05:15:30.101245" level="INFO">GET Request : url=https://randomuser.me/api 
 path_url=/api 
 headers={'User-Agent': 'python-requests/2.32.3', 'Accept-Encoding': 'gzip, deflate', 'Accept': '*/*', 'Connection': 'keep-alive'} 
 body=None 
 </msg>
<msg time="2024-07-25T05:15:30.101339" level="INFO">GET Response : url=https://randomuser.me/api 
 status=200, reason=OK 
 headers={'Date': 'Thu, 25 Jul 2024 05:15:30 GMT', 'Content-Type': 'application/json; charset=utf-8', 'Transfer-Encoding': 'chunked', 'Connection': 'keep-alive', 'X-Powered-By': 'Express', 'Access-Control-Allow-Origin': '*', 'Cache-Control': 'no-cache', 'ETag': 'W/"49f-BE1fe3z7D4dfUq4Qnlr8792RZ7E"', 'Vary': 'Accept-Encoding', 'Content-Encoding': 'gzip', 'CF-Cache-Status': 'DYNAMIC', 'Report-To': '{"endpoints":[{"url":"https:\\/\\/a.nel.cloudflare.com\\/report\\/v4?s=zl2n%2FOV%2BKZRCQpSIzb4KJ9JyHCejYYyDPdIAcLXGVIfPZLS3f5pvqejnoDyL06fSMCsCiDIN5jso4o%2FCBvUc4hLYhN8yIFlhIIaW1eSWB4uldU%2FkkATjlTm0bHw6vu8Y"}],"group":"cf-nel","max_age":604800}', 'NEL': '{"success_fraction":0,"report_to":"cf-nel","max_age":604800}', 'Server': 'cloudflare', 'CF-RAY': '8a89ac2889e420d7-IAD', 'alt-svc': 'h3=":443"; ma=86400'} 
 body={"results":[{"gender":"female","name":{"title":"Ms","first":"Adele","last":"Blankenburg"},"location":{"street":{"number":5475,"name":"Am Bahnhof"},"city":"Gerlingen","state":"Bayern","country":"Germany","postcode":84602,"coordinates":{"latitude":"-51.8575","longitude":"42.4176"},"timezone":{"offset":"-5:00","description":"Eastern Time (US &amp; Canada), Bogota, Lima"}},"email":"adele.blankenburg@example.com","login":{"uuid":"00e38041-d17e-452e-a3cb-95b9d99ff22d","username":"sadlion408","password":"rosebud","salt":"gE4xi5jn","md5":"aba501cd3198e93c1395028c3bef3576","sha1":"b007c950f93fd753e825635e28758651586ca84f","sha256":"93c635a0104cfc77586ccdd0bea7c35535ecfbc79c69c6f1ba8e715cfb539998"},"dob":{"date":"1983-10-17T03:57:47.903Z","age":40},"registered":{"date":"2014-08-03T19:00:13.827Z","age":9},"phone":"0569-9118969","cell":"0170-6848272","id":{"name":"SVNR","value":"16 161083 B 978"},"picture":{"large":"https://randomuser.me/api/portraits/women/78.jpg","medium":"https://randomuser.me/api/portraits/med/women/78.jpg","thumbnail":"https://randomuser.me/api/portraits/thumb/women/78.jpg"},"nat":"DE"}],"info":{"seed":"d2bbfcaeec9226f3","results":1,"page":1,"version":"1.4"}} 
 </msg>
<msg time="2024-07-25T05:15:30.101464" level="INFO">/opt/hostedtoolcache/Python/3.12.4/x64/lib/python3.12/site-packages/urllib3/connectionpool.py:1099: InsecureRequestWarning: Unverified HTTPS request is being made to host 'randomuser.me'. Adding certificate verification is strongly advised. See: https://urllib3.readthedocs.io/en/latest/advanced-usage.html#tls-warnings
  warnings.warn(</msg>
<msg time="2024-07-25T05:15:30.101589" level="INFO">${response} = &lt;Response [200]&gt;</msg>
<var>${response}</var>
<arg>consultarAPI</arg>
<arg>/api</arg>
<doc>Sends a GET request on a previously created HTTP Session.</doc>
<status status="PASS" start="2024-07-25T05:15:30.006498" elapsed="0.095132"/>
</kw>
<kw name="Set Variable" owner="BuiltIn">
<msg time="2024-07-25T05:15:30.102649" level="INFO">${json_data} = {'results': [{'gender': 'female', 'name': {'title': 'Ms', 'first': 'Adele', 'last': 'Blankenburg'}, 'location': {'street': {'number': 5475, 'name': 'Am Bahnhof'}, 'city': 'Gerlingen', 'state': 'Bayern...</msg>
<var>${json_data}</var>
<arg>${response.json()}</arg>
<doc>Returns the given values which can then be assigned to a variables.</doc>
<status status="PASS" start="2024-07-25T05:15:30.102131" elapsed="0.000548"/>
</kw>
<kw name="Log" owner="BuiltIn">
<msg time="2024-07-25T05:15:30.103187" level="INFO">{'results': [{'gender': 'female', 'name': {'title': 'Ms', 'first': 'Adele', 'last': 'Blankenburg'}, 'location': {'street': {'number': 5475, 'name': 'Am Bahnhof'}, 'city': 'Gerlingen', 'state': 'Bayern', 'country': 'Germany', 'postcode': 84602, 'coordinates': {'latitude': '-51.8575', 'longitude': '42.4176'}, 'timezone': {'offset': '-5:00', 'description': 'Eastern Time (US &amp; Canada), Bogota, Lima'}}, 'email': 'adele.blankenburg@example.com', 'login': {'uuid': '00e38041-d17e-452e-a3cb-95b9d99ff22d', 'username': 'sadlion408', 'password': 'rosebud', 'salt': 'gE4xi5jn', 'md5': 'aba501cd3198e93c1395028c3bef3576', 'sha1': 'b007c950f93fd753e825635e28758651586ca84f', 'sha256': '93c635a0104cfc77586ccdd0bea7c35535ecfbc79c69c6f1ba8e715cfb539998'}, 'dob': {'date': '1983-10-17T03:57:47.903Z', 'age': 40}, 'registered': {'date': '2014-08-03T19:00:13.827Z', 'age': 9}, 'phone': '0569-9118969', 'cell': '0170-6848272', 'id': {'name': 'SVNR', 'value': '16 161083 B 978'}, 'picture': {'large': 'https://randomuser.me/api/portraits/women/78.jpg', 'medium': 'https://randomuser.me/api/portraits/med/women/78.jpg', 'thumbnail': 'https://randomuser.me/api/portraits/thumb/women/78.jpg'}, 'nat': 'DE'}], 'info': {'seed': 'd2bbfcaeec9226f3', 'results': 1, 'page': 1, 'version': '1.4'}}</msg>
<arg>${json_data}</arg>
<doc>Logs the given message with the given level.</doc>
<status status="PASS" start="2024-07-25T05:15:30.102989" elapsed="0.000254"/>
</kw>
<kw name="Dictionary Should Contain Key" owner="Collections">
<arg>${json_data}</arg>
<arg>results</arg>
<doc>Fails if ``key`` is not found from ``dictionary``.</doc>
<status status="PASS" start="2024-07-25T05:15:30.103553" elapsed="0.000168"/>
</kw>
<kw name="Should Not Be Empty" owner="BuiltIn">
<msg time="2024-07-25T05:15:30.104046" level="INFO">Length is 2.</msg>
<arg>${json_data}</arg>
<doc>Verifies that the given item is not empty.</doc>
<status status="PASS" start="2024-07-25T05:15:30.103912" elapsed="0.000173"/>
</kw>
<kw name="Create List" owner="BuiltIn">
<msg time="2024-07-25T05:15:30.104541" level="INFO">${expected_keys} = ['gender', 'name', 'location', 'email', 'login']</msg>
<var>${expected_keys}</var>
<arg>gender</arg>
<arg>name</arg>
<arg>location</arg>
<arg>email</arg>
<arg>login</arg>
<doc>Returns a list containing given items.</doc>
<status status="PASS" start="2024-07-25T05:15:30.104383" elapsed="0.000182"/>
</kw>
<for flavor="IN">
<iter>
<kw name="Dictionary Should Contain Key" owner="Collections">
<arg>${json_data['results'][0]}</arg>
<arg>${key}</arg>
<doc>Fails if ``key`` is not found from ``dictionary``.</doc>
<status status="PASS" start="2024-07-25T05:15:30.105192" elapsed="0.000415"/>
</kw>
<kw name="Log" owner="BuiltIn">
<msg time="2024-07-25T05:15:30.106156" level="INFO">{'gender': 'female', 'name': {'title': 'Ms', 'first': 'Adele', 'last': 'Blankenburg'}, 'location': {'street': {'number': 5475, 'name': 'Am Bahnhof'}, 'city': 'Gerlingen', 'state': 'Bayern', 'country': 'Germany', 'postcode': 84602, 'coordinates': {'latitude': '-51.8575', 'longitude': '42.4176'}, 'timezone': {'offset': '-5:00', 'description': 'Eastern Time (US &amp; Canada), Bogota, Lima'}}, 'email': 'adele.blankenburg@example.com', 'login': {'uuid': '00e38041-d17e-452e-a3cb-95b9d99ff22d', 'username': 'sadlion408', 'password': 'rosebud', 'salt': 'gE4xi5jn', 'md5': 'aba501cd3198e93c1395028c3bef3576', 'sha1': 'b007c950f93fd753e825635e28758651586ca84f', 'sha256': '93c635a0104cfc77586ccdd0bea7c35535ecfbc79c69c6f1ba8e715cfb539998'}, 'dob': {'date': '1983-10-17T03:57:47.903Z', 'age': 40}, 'registered': {'date': '2014-08-03T19:00:13.827Z', 'age': 9}, 'phone': '0569-9118969', 'cell': '0170-6848272', 'id': {'name': 'SVNR', 'value': '16 161083 B 978'}, 'picture': {'large': 'https://randomuser.me/api/portraits/women/78.jpg', 'medium': 'https://randomuser.me/api/portraits/med/women/78.jpg', 'thumbnail': 'https://randomuser.me/api/portraits/thumb/women/78.jpg'}, 'nat': 'DE'}</msg>
<arg>${json_data['results'][0]}</arg>
<doc>Logs the given message with the given level.</doc>
<status status="PASS" start="2024-07-25T05:15:30.105795" elapsed="0.000413"/>
</kw>
<kw name="Log" owner="BuiltIn">
<msg time="2024-07-25T05:15:30.106644" level="INFO">gender</msg>
<arg>${key}</arg>
<doc>Logs the given message with the given level.</doc>
<status status="PASS" start="2024-07-25T05:15:30.106513" elapsed="0.000171"/>
</kw>
<var name="${key}">gender</var>
<status status="PASS" start="2024-07-25T05:15:30.105032" elapsed="0.001873"/>
</iter>
<iter>
<kw name="Dictionary Should Contain Key" owner="Collections">
<arg>${json_data['results'][0]}</arg>
<arg>${key}</arg>
<doc>Fails if ``key`` is not found from ``dictionary``.</doc>
<status status="PASS" start="2024-07-25T05:15:30.107245" elapsed="0.000391"/>
</kw>
<kw name="Log" owner="BuiltIn">
<msg time="2024-07-25T05:15:30.108231" level="INFO">{'gender': 'female', 'name': {'title': 'Ms', 'first': 'Adele', 'last': 'Blankenburg'}, 'location': {'street': {'number': 5475, 'name': 'Am Bahnhof'}, 'city': 'Gerlingen', 'state': 'Bayern', 'country': 'Germany', 'postcode': 84602, 'coordinates': {'latitude': '-51.8575', 'longitude': '42.4176'}, 'timezone': {'offset': '-5:00', 'description': 'Eastern Time (US &amp; Canada), Bogota, Lima'}}, 'email': 'adele.blankenburg@example.com', 'login': {'uuid': '00e38041-d17e-452e-a3cb-95b9d99ff22d', 'username': 'sadlion408', 'password': 'rosebud', 'salt': 'gE4xi5jn', 'md5': 'aba501cd3198e93c1395028c3bef3576', 'sha1': 'b007c950f93fd753e825635e28758651586ca84f', 'sha256': '93c635a0104cfc77586ccdd0bea7c35535ecfbc79c69c6f1ba8e715cfb539998'}, 'dob': {'date': '1983-10-17T03:57:47.903Z', 'age': 40}, 'registered': {'date': '2014-08-03T19:00:13.827Z', 'age': 9}, 'phone': '0569-9118969', 'cell': '0170-6848272', 'id': {'name': 'SVNR', 'value': '16 161083 B 978'}, 'picture': {'large': 'https://randomuser.me/api/portraits/women/78.jpg', 'medium': 'https://randomuser.me/api/portraits/med/women/78.jpg', 'thumbnail': 'https://randomuser.me/api/portraits/thumb/women/78.jpg'}, 'nat': 'DE'}</msg>
<arg>${json_data['results'][0]}</arg>
<doc>Logs the given message with the given level.</doc>
<status status="PASS" start="2024-07-25T05:15:30.107826" elapsed="0.000455"/>
</kw>
<kw name="Log" owner="BuiltIn">
<msg time="2024-07-25T05:15:30.108715" level="INFO">name</msg>
<arg>${key}</arg>
<doc>Logs the given message with the given level.</doc>
<status status="PASS" start="2024-07-25T05:15:30.108585" elapsed="0.000168"/>
</kw>
<var name="${key}">name</var>
<status status="PASS" start="2024-07-25T05:15:30.107092" elapsed="0.001878"/>
</iter>
<iter>
<kw name="Dictionary Should Contain Key" owner="Collections">
<arg>${json_data['results'][0]}</arg>
<arg>${key}</arg>
<doc>Fails if ``key`` is not found from ``dictionary``.</doc>
<status status="PASS" start="2024-07-25T05:15:30.109256" elapsed="0.000383"/>
</kw>
<kw name="Log" owner="BuiltIn">
<msg time="2024-07-25T05:15:30.110181" level="INFO">{'gender': 'female', 'name': {'title': 'Ms', 'first': 'Adele', 'last': 'Blankenburg'}, 'location': {'street': {'number': 5475, 'name': 'Am Bahnhof'}, 'city': 'Gerlingen', 'state': 'Bayern', 'country': 'Germany', 'postcode': 84602, 'coordinates': {'latitude': '-51.8575', 'longitude': '42.4176'}, 'timezone': {'offset': '-5:00', 'description': 'Eastern Time (US &amp; Canada), Bogota, Lima'}}, 'email': 'adele.blankenburg@example.com', 'login': {'uuid': '00e38041-d17e-452e-a3cb-95b9d99ff22d', 'username': 'sadlion408', 'password': 'rosebud', 'salt': 'gE4xi5jn', 'md5': 'aba501cd3198e93c1395028c3bef3576', 'sha1': 'b007c950f93fd753e825635e28758651586ca84f', 'sha256': '93c635a0104cfc77586ccdd0bea7c35535ecfbc79c69c6f1ba8e715cfb539998'}, 'dob': {'date': '1983-10-17T03:57:47.903Z', 'age': 40}, 'registered': {'date': '2014-08-03T19:00:13.827Z', 'age': 9}, 'phone': '0569-9118969', 'cell': '0170-6848272', 'id': {'name': 'SVNR', 'value': '16 161083 B 978'}, 'picture': {'large': 'https://randomuser.me/api/portraits/women/78.jpg', 'medium': 'https://randomuser.me/api/portraits/med/women/78.jpg', 'thumbnail': 'https://randomuser.me/api/portraits/thumb/women/78.jpg'}, 'nat': 'DE'}</msg>
<arg>${json_data['results'][0]}</arg>
<doc>Logs the given message with the given level.</doc>
<status status="PASS" start="2024-07-25T05:15:30.109828" elapsed="0.000403"/>
</kw>
<kw name="Log" owner="BuiltIn">
<msg time="2024-07-25T05:15:30.110653" level="INFO">location</msg>
<arg>${key}</arg>
<doc>Logs the given message with the given level.</doc>
<status status="PASS" start="2024-07-25T05:15:30.110524" elapsed="0.000166"/>
</kw>
<var name="${key}">location</var>
<status status="PASS" start="2024-07-25T05:15:30.109149" elapsed="0.001766"/>
</iter>
<iter>
<kw name="Dictionary Should Contain Key" owner="Collections">
<arg>${json_data['results'][0]}</arg>
<arg>${key}</arg>
<doc>Fails if ``key`` is not found from ``dictionary``.</doc>
<status status="PASS" start="2024-07-25T05:15:30.111239" elapsed="0.000399"/>
</kw>
<kw name="Log" owner="BuiltIn">
<msg time="2024-07-25T05:15:30.112305" level="INFO">{'gender': 'female', 'name': {'title': 'Ms', 'first': 'Adele', 'last': 'Blankenburg'}, 'location': {'street': {'number': 5475, 'name': 'Am Bahnhof'}, 'city': 'Gerlingen', 'state': 'Bayern', 'country': 'Germany', 'postcode': 84602, 'coordinates': {'latitude': '-51.8575', 'longitude': '42.4176'}, 'timezone': {'offset': '-5:00', 'description': 'Eastern Time (US &amp; Canada), Bogota, Lima'}}, 'email': 'adele.blankenburg@example.com', 'login': {'uuid': '00e38041-d17e-452e-a3cb-95b9d99ff22d', 'username': 'sadlion408', 'password': 'rosebud', 'salt': 'gE4xi5jn', 'md5': 'aba501cd3198e93c1395028c3bef3576', 'sha1': 'b007c950f93fd753e825635e28758651586ca84f', 'sha256': '93c635a0104cfc77586ccdd0bea7c35535ecfbc79c69c6f1ba8e715cfb539998'}, 'dob': {'date': '1983-10-17T03:57:47.903Z', 'age': 40}, 'registered': {'date': '2014-08-03T19:00:13.827Z', 'age': 9}, 'phone': '0569-9118969', 'cell': '0170-6848272', 'id': {'name': 'SVNR', 'value': '16 161083 B 978'}, 'picture': {'large': 'https://randomuser.me/api/portraits/women/78.jpg', 'medium': 'https://randomuser.me/api/portraits/med/women/78.jpg', 'thumbnail': 'https://randomuser.me/api/portraits/thumb/women/78.jpg'}, 'nat': 'DE'}</msg>
<arg>${json_data['results'][0]}</arg>
<doc>Logs the given message with the given level.</doc>
<status status="PASS" start="2024-07-25T05:15:30.111946" elapsed="0.000410"/>
</kw>
<kw name="Log" owner="BuiltIn">
<msg time="2024-07-25T05:15:30.112790" level="INFO">email</msg>
<arg>${key}</arg>
<doc>Logs the given message with the given level.</doc>
<status status="PASS" start="2024-07-25T05:15:30.112658" elapsed="0.000171"/>
</kw>
<var name="${key}">email</var>
<status status="PASS" start="2024-07-25T05:15:30.111089" elapsed="0.001960"/>
</iter>
<iter>
<kw name="Dictionary Should Contain Key" owner="Collections">
<arg>${json_data['results'][0]}</arg>
<arg>${key}</arg>
<doc>Fails if ``key`` is not found from ``dictionary``.</doc>
<status status="PASS" start="2024-07-25T05:15:30.113334" elapsed="0.000379"/>
</kw>
<kw name="Log" owner="BuiltIn">
<msg time="2024-07-25T05:15:30.114243" level="INFO">{'gender': 'female', 'name': {'title': 'Ms', 'first': 'Adele', 'last': 'Blankenburg'}, 'location': {'street': {'number': 5475, 'name': 'Am Bahnhof'}, 'city': 'Gerlingen', 'state': 'Bayern', 'country': 'Germany', 'postcode': 84602, 'coordinates': {'latitude': '-51.8575', 'longitude': '42.4176'}, 'timezone': {'offset': '-5:00', 'description': 'Eastern Time (US &amp; Canada), Bogota, Lima'}}, 'email': 'adele.blankenburg@example.com', 'login': {'uuid': '00e38041-d17e-452e-a3cb-95b9d99ff22d', 'username': 'sadlion408', 'password': 'rosebud', 'salt': 'gE4xi5jn', 'md5': 'aba501cd3198e93c1395028c3bef3576', 'sha1': 'b007c950f93fd753e825635e28758651586ca84f', 'sha256': '93c635a0104cfc77586ccdd0bea7c35535ecfbc79c69c6f1ba8e715cfb539998'}, 'dob': {'date': '1983-10-17T03:57:47.903Z', 'age': 40}, 'registered': {'date': '2014-08-03T19:00:13.827Z', 'age': 9}, 'phone': '0569-9118969', 'cell': '0170-6848272', 'id': {'name': 'SVNR', 'value': '16 161083 B 978'}, 'picture': {'large': 'https://randomuser.me/api/portraits/women/78.jpg', 'medium': 'https://randomuser.me/api/portraits/med/women/78.jpg', 'thumbnail': 'https://randomuser.me/api/portraits/thumb/women/78.jpg'}, 'nat': 'DE'}</msg>
<arg>${json_data['results'][0]}</arg>
<doc>Logs the given message with the given level.</doc>
<status status="PASS" start="2024-07-25T05:15:30.113896" elapsed="0.000407"/>
</kw>
<kw name="Log" owner="BuiltIn">
<msg time="2024-07-25T05:15:30.114727" level="INFO">login</msg>
<arg>${key}</arg>
<doc>Logs the given message with the given level.</doc>
<status status="PASS" start="2024-07-25T05:15:30.114599" elapsed="0.000165"/>
</kw>
<var name="${key}">login</var>
<status status="PASS" start="2024-07-25T05:15:30.113225" elapsed="0.001750"/>
</iter>
<var>${key}</var>
<value>@{expected_keys}</value>
<status status="PASS" start="2024-07-25T05:15:30.104831" elapsed="0.010264"/>
</for>
<kw name="Create List" owner="BuiltIn">
<msg time="2024-07-25T05:15:30.115510" level="INFO">${expected_keysTwo} = ['username', 'password']</msg>
<var>${expected_keysTwo}</var>
<arg>username</arg>
<arg>password</arg>
<doc>Returns a list containing given items.</doc>
<status status="PASS" start="2024-07-25T05:15:30.115370" elapsed="0.000165"/>
</kw>
<for flavor="IN">
<iter>
<kw name="Dictionary Should Contain Key" owner="Collections">
<arg>${json_data['results'][0]['login']}</arg>
<arg>${keyTwo}</arg>
<doc>Fails if ``key`` is not found from ``dictionary``.</doc>
<status status="PASS" start="2024-07-25T05:15:30.116032" elapsed="0.000384"/>
</kw>
<kw name="Dictionary Should Contain Key" owner="Collections">
<arg>${json_data['results'][0]['login']}</arg>
<arg>${keyTwo}</arg>
<doc>Fails if ``key`` is not found from ``dictionary``.</doc>
<status status="PASS" start="2024-07-25T05:15:30.116598" elapsed="0.000388"/>
</kw>
<kw name="Log" owner="BuiltIn">
<msg time="2024-07-25T05:15:30.117330" level="INFO">username</msg>
<arg>${keyTwo}</arg>
<doc>Logs the given message with the given level.</doc>
<status status="PASS" start="2024-07-25T05:15:30.117166" elapsed="0.000220"/>
</kw>
<var name="${keyTwo}">username</var>
<status status="PASS" start="2024-07-25T05:15:30.115924" elapsed="0.001833"/>
</iter>
<iter>
<kw name="Dictionary Should Contain Key" owner="Collections">
<arg>${json_data['results'][0]['login']}</arg>
<arg>${keyTwo}</arg>
<doc>Fails if ``key`` is not found from ``dictionary``.</doc>
<status status="PASS" start="2024-07-25T05:15:30.118230" elapsed="0.000647"/>
</kw>
<kw name="Dictionary Should Contain Key" owner="Collections">
<arg>${json_data['results'][0]['login']}</arg>
<arg>${keyTwo}</arg>
<doc>Fails if ``key`` is not found from ``dictionary``.</doc>
<status status="PASS" start="2024-07-25T05:15:30.119201" elapsed="0.000687"/>
</kw>
<kw name="Log" owner="BuiltIn">
<msg time="2024-07-25T05:15:30.120362" level="INFO">password</msg>
<arg>${keyTwo}</arg>
<doc>Logs the given message with the given level.</doc>
<status status="PASS" start="2024-07-25T05:15:30.120171" elapsed="0.000255"/>
</kw>
<var name="${keyTwo}">password</var>
<status status="PASS" start="2024-07-25T05:15:30.118059" elapsed="0.002728"/>
</iter>
<var>${keyTwo}</var>
<value>@{expected_keysTwo}</value>
<status status="PASS" start="2024-07-25T05:15:30.115773" elapsed="0.005238"/>
</for>
<status status="PASS" start="2024-07-25T05:15:30.006264" elapsed="0.115009"/>
</kw>
<doc>Testa a estrutura da resposta da API.</doc>
<tag>testeEstruturaResposta</tag>
<status status="PASS" start="2024-07-25T05:15:30.005770" elapsed="0.115789"/>
</test>
<test id="s1-s1-t4" name="Validar tipos de dados" line="28">
<kw name="Teste de Tipos de Dados" owner="random-user-service">
<kw name="GET On Session" owner="RequestsLibrary">
<msg time="2024-07-25T05:15:30.210501" level="INFO">GET Request : url=https://randomuser.me/api 
 path_url=/api 
 headers={'User-Agent': 'python-requests/2.32.3', 'Accept-Encoding': 'gzip, deflate', 'Accept': '*/*', 'Connection': 'keep-alive'} 
 body=None 
 </msg>
<msg time="2024-07-25T05:15:30.210597" level="INFO">GET Response : url=https://randomuser.me/api 
 status=200, reason=OK 
 headers={'Date': 'Thu, 25 Jul 2024 05:15:30 GMT', 'Content-Type': 'application/json; charset=utf-8', 'Transfer-Encoding': 'chunked', 'Connection': 'keep-alive', 'X-Powered-By': 'Express', 'Access-Control-Allow-Origin': '*', 'Cache-Control': 'no-cache', 'ETag': 'W/"49a-JRqiJ/psjKatU2rmqEQb3UJcg/w"', 'Vary': 'Accept-Encoding', 'Content-Encoding': 'gzip', 'CF-Cache-Status': 'DYNAMIC', 'Report-To': '{"endpoints":[{"url":"https:\\/\\/a.nel.cloudflare.com\\/report\\/v4?s=zKM1oHnFlBqx8blxO7Hcx0ifb5GYbvuXVPceULNgrwmvnptRrAuwrDyX0pDaTkrFn78K9Lvoo99bSSc%2Fnk2thXACY%2FUr28FtsUJ1%2BU9DIyIq4PZuxMM6r9GKecykc54y"}],"group":"cf-nel","max_age":604800}', 'NEL': '{"success_fraction":0,"report_to":"cf-nel","max_age":604800}', 'Server': 'cloudflare', 'CF-RAY': '8a89ac294a8f20d7-IAD', 'alt-svc': 'h3=":443"; ma=86400'} 
 body={"results":[{"gender":"female","name":{"title":"Miss","first":"Karla","last":"Lillebø"},"location":{"street":{"number":7917,"name":"Dunkers gate"},"city":"Innfjorden","state":"Sør-Trøndelag","country":"Norway","postcode":"1661","coordinates":{"latitude":"47.1288","longitude":"89.4089"},"timezone":{"offset":"-4:00","description":"Atlantic Time (Canada), Caracas, La Paz"}},"email":"karla.lillebo@example.com","login":{"uuid":"7754c25b-87f7-4e48-b57c-5bc51c5f2979","username":"smallgoose739","password":"japanes","salt":"C9D4qHEt","md5":"38627b19d0243a8dfc1dc6d7ee48234b","sha1":"5ca868067c565fcd7f072ac47e11e992622cc4ee","sha256":"bb4579e88a80ddcd19e88233d884515a832c8d0ac6606c7aa34b50b46ff7c40b"},"dob":{"date":"1990-03-14T08:38:32.995Z","age":34},"registered":{"date":"2008-08-12T16:56:49.227Z","age":15},"phone":"73916469","cell":"94312202","id":{"name":"FN","value":"14039010004"},"picture":{"large":"https://randomuser.me/api/portraits/women/10.jpg","medium":"https://randomuser.me/api/portraits/med/women/10.jpg","thumbnail":"https://randomuser.me/api/portraits/thumb/women/10.jpg"},"nat":"NO"}],"info":{"seed":"da99f7786697cfeb","results":1,"page":1,"version":"1.4"}} 
 </msg>
<msg time="2024-07-25T05:15:30.210677" level="INFO">/opt/hostedtoolcache/Python/3.12.4/x64/lib/python3.12/site-packages/urllib3/connectionpool.py:1099: InsecureRequestWarning: Unverified HTTPS request is being made to host 'randomuser.me'. Adding certificate verification is strongly advised. See: https://urllib3.readthedocs.io/en/latest/advanced-usage.html#tls-warnings
  warnings.warn(</msg>
<msg time="2024-07-25T05:15:30.210808" level="INFO">${response} = &lt;Response [200]&gt;</msg>
<var>${response}</var>
<arg>consultarAPI</arg>
<arg>/api</arg>
<doc>Sends a GET request on a previously created HTTP Session.</doc>
<status status="PASS" start="2024-07-25T05:15:30.125681" elapsed="0.085176"/>
</kw>
<kw name="Set Variable" owner="BuiltIn">
<msg time="2024-07-25T05:15:30.212072" level="INFO">${json_data} = {'results': [{'gender': 'female', 'name': {'title': 'Miss', 'first': 'Karla', 'last': 'Lillebø'}, 'location': {'street': {'number': 7917, 'name': 'Dunkers gate'}, 'city': 'Innfjorden', 'state': 'Sør-T...</msg>
<var>${json_data}</var>
<arg>${response.json()}</arg>
<doc>Returns the given values which can then be assigned to a variables.</doc>
<status status="PASS" start="2024-07-25T05:15:30.211505" elapsed="0.000598"/>
</kw>
<kw name="Log" owner="BuiltIn">
<msg time="2024-07-25T05:15:30.212576" level="INFO">{'results': [{'gender': 'female', 'name': {'title': 'Miss', 'first': 'Karla', 'last': 'Lillebø'}, 'location': {'street': {'number': 7917, 'name': 'Dunkers gate'}, 'city': 'Innfjorden', 'state': 'Sør-Trøndelag', 'country': 'Norway', 'postcode': '1661', 'coordinates': {'latitude': '47.1288', 'longitude': '89.4089'}, 'timezone': {'offset': '-4:00', 'description': 'Atlantic Time (Canada), Caracas, La Paz'}}, 'email': 'karla.lillebo@example.com', 'login': {'uuid': '7754c25b-87f7-4e48-b57c-5bc51c5f2979', 'username': 'smallgoose739', 'password': 'japanes', 'salt': 'C9D4qHEt', 'md5': '38627b19d0243a8dfc1dc6d7ee48234b', 'sha1': '5ca868067c565fcd7f072ac47e11e992622cc4ee', 'sha256': 'bb4579e88a80ddcd19e88233d884515a832c8d0ac6606c7aa34b50b46ff7c40b'}, 'dob': {'date': '1990-03-14T08:38:32.995Z', 'age': 34}, 'registered': {'date': '2008-08-12T16:56:49.227Z', 'age': 15}, 'phone': '73916469', 'cell': '94312202', 'id': {'name': 'FN', 'value': '14039010004'}, 'picture': {'large': 'https://randomuser.me/api/portraits/women/10.jpg', 'medium': 'https://randomuser.me/api/portraits/med/women/10.jpg', 'thumbnail': 'https://randomuser.me/api/portraits/thumb/women/10.jpg'}, 'nat': 'NO'}], 'info': {'seed': 'da99f7786697cfeb', 'results': 1, 'page': 1, 'version': '1.4'}}</msg>
<arg>${json_data}</arg>
<doc>Logs the given message with the given level.</doc>
<status status="PASS" start="2024-07-25T05:15:30.212417" elapsed="0.000209"/>
</kw>
<kw name="Should Be String" owner="String">
<arg>${json_data['results'][0]['gender']}</arg>
<doc>Fails if the given ``item`` is not a string.</doc>
<status status="PASS" start="2024-07-25T05:15:30.212927" elapsed="0.000377"/>
</kw>
<kw name="Should Match Regexp" owner="BuiltIn">
<arg>${json_data['results'][0]['email']}</arg>
<arg>^[a-zA-Z0-9._%+-]+@[a-zA-Z0-9.-]+\.[a-zA-Z]{2,}$</arg>
<doc>Fails if ``string`` does not match ``pattern`` as a regular expression.</doc>
<status status="PASS" start="2024-07-25T05:15:30.213537" elapsed="0.000539"/>
</kw>
<kw name="Should Match Regexp" owner="BuiltIn">
<arg>${json_data['results'][0]['dob']['date']}</arg>
<arg>\\d{4}-\\d{2}-\\d{2}T\\d{2}:\\d{2}:\\d{2}\\.\\d{3}Z</arg>
<doc>Fails if ``string`` does not match ``pattern`` as a regular expression.</doc>
<status status="PASS" start="2024-07-25T05:15:30.214277" elapsed="0.000643"/>
</kw>
<kw name="Should Match Regexp" owner="BuiltIn">
<arg>${json_data['results'][0]['registered']['date']}</arg>
<arg>\\d{4}-\\d{2}-\\d{2}T\\d{2}:\\d{2}:\\d{2}\\.\\d{3}Z</arg>
<doc>Fails if ``string`` does not match ``pattern`` as a regular expression.</doc>
<status status="PASS" start="2024-07-25T05:15:30.215117" elapsed="0.000419"/>
</kw>
<kw name="Should Match Regexp" owner="BuiltIn">
<arg>${json_data['results'][0]['picture']['large']}</arg>
<arg>^https?://.*\.(?:png|jpe?g|gif|bmp)$</arg>
<doc>Fails if ``string`` does not match ``pattern`` as a regular expression.</doc>
<status status="PASS" start="2024-07-25T05:15:30.215729" elapsed="0.000464"/>
</kw>
<kw name="Should Match Regexp" owner="BuiltIn">
<arg>${json_data['results'][0]['picture']['medium']}</arg>
<arg>^https?://.*\.(?:png|jpe?g|gif|bmp)$</arg>
<doc>Fails if ``string`` does not match ``pattern`` as a regular expression.</doc>
<status status="PASS" start="2024-07-25T05:15:30.216391" elapsed="0.000355"/>
</kw>
<kw name="Should Match Regexp" owner="BuiltIn">
<arg>${json_data['results'][0]['picture']['thumbnail']}</arg>
<arg>^https?://.*\.(?:png|jpe?g|gif|bmp)$</arg>
<doc>Fails if ``string`` does not match ``pattern`` as a regular expression.</doc>
<status status="PASS" start="2024-07-25T05:15:30.216932" elapsed="0.000351"/>
</kw>
<kw name="Log" owner="BuiltIn">
<msg time="2024-07-25T05:15:30.217792" level="INFO">{'large': 'https://randomuser.me/api/portraits/women/10.jpg', 'medium': 'https://randomuser.me/api/portraits/med/women/10.jpg', 'thumbnail': 'https://randomuser.me/api/portraits/thumb/women/10.jpg'}</msg>
<arg>${json_data['results'][0]['picture']}</arg>
<doc>Logs the given message with the given level.</doc>
<status status="PASS" start="2024-07-25T05:15:30.217465" elapsed="0.000370"/>
</kw>
<status status="PASS" start="2024-07-25T05:15:30.125300" elapsed="0.092793"/>
</kw>
<kw name="Teste de Tipos de Dados - Postcode" owner="random-user-service">
<kw name="GET On Session" owner="RequestsLibrary">
<msg time="2024-07-25T05:15:30.304488" level="INFO">GET Request : url=https://randomuser.me/api 
 path_url=/api 
 headers={'User-Agent': 'python-requests/2.32.3', 'Accept-Encoding': 'gzip, deflate', 'Accept': '*/*', 'Connection': 'keep-alive'} 
 body=None 
 </msg>
<msg time="2024-07-25T05:15:30.304563" level="INFO">GET Response : url=https://randomuser.me/api 
 status=200, reason=OK 
 headers={'Date': 'Thu, 25 Jul 2024 05:15:30 GMT', 'Content-Type': 'application/json; charset=utf-8', 'Transfer-Encoding': 'chunked', 'Connection': 'keep-alive', 'X-Powered-By': 'Express', 'Access-Control-Allow-Origin': '*', 'Cache-Control': 'no-cache', 'ETag': 'W/"46c-slGg8bOo/a9pb+RDP6El/sK2acY"', 'Vary': 'Accept-Encoding', 'Content-Encoding': 'gzip', 'CF-Cache-Status': 'DYNAMIC', 'Report-To': '{"endpoints":[{"url":"https:\\/\\/a.nel.cloudflare.com\\/report\\/v4?s=Oa%2B2nusQcdiwRHpAM7kciW%2FEp2PdrNKKW%2BQpd3aOjtPPtVkm8x%2FAIf4%2FU95nKucjSVMeOfB8MOhvja1wHRhIJ9XLM363AYEzX9IUqQgcLQrQHrnsgrCTyQGPgaG28NO0"}],"group":"cf-nel","max_age":604800}', 'NEL': '{"success_fraction":0,"report_to":"cf-nel","max_age":604800}', 'Server': 'cloudflare', 'CF-RAY': '8a89ac29db1120d7-IAD', 'alt-svc': 'h3=":443"; ma=86400'} 
 body={"results":[{"gender":"female","name":{"title":"Miss","first":"Afet","last":"Ayverdi"},"location":{"street":{"number":1791,"name":"Vatan Cd"},"city":"Giresun","state":"Ankara","country":"Turkey","postcode":79703,"coordinates":{"latitude":"64.8217","longitude":"74.6710"},"timezone":{"offset":"-3:30","description":"Newfoundland"}},"email":"afet.ayverdi@example.com","login":{"uuid":"02052f51-c387-435b-b29e-c953cbcb3f31","username":"whiterabbit636","password":"meagan","salt":"pGCpuRnj","md5":"d89854d0a7914f61f9f37804b96de39d","sha1":"8cf9882a3859ba2359ab89ae1df205e00aff3e8b","sha256":"8b76d6f052b6a81940e9c988a41e2543c7ccea7f2656875a5d034643d1d0a842"},"dob":{"date":"1965-04-08T01:45:27.525Z","age":59},"registered":{"date":"2007-01-29T06:35:00.388Z","age":17},"phone":"(777)-292-0728","cell":"(725)-471-6919","id":{"name":"","value":null},"picture":{"large":"https://randomuser.me/api/portraits/women/77.jpg","medium":"https://randomuser.me/api/portraits/med/women/77.jpg","thumbnail":"https://randomuser.me/api/portraits/thumb/women/77.jpg"},"nat":"TR"}],"info":{"seed":"57b90f857f11c2f7","results":1,"page":1,"version":"1.4"}} 
 </msg>
<msg time="2024-07-25T05:15:30.304626" level="INFO">/opt/hostedtoolcache/Python/3.12.4/x64/lib/python3.12/site-packages/urllib3/connectionpool.py:1099: InsecureRequestWarning: Unverified HTTPS request is being made to host 'randomuser.me'. Adding certificate verification is strongly advised. See: https://urllib3.readthedocs.io/en/latest/advanced-usage.html#tls-warnings
  warnings.warn(</msg>
<msg time="2024-07-25T05:15:30.304728" level="INFO">${response} = &lt;Response [200]&gt;</msg>
<var>${response}</var>
<arg>consultarAPI</arg>
<arg>/api</arg>
<doc>Sends a GET request on a previously created HTTP Session.</doc>
<status status="PASS" start="2024-07-25T05:15:30.218548" elapsed="0.086219"/>
</kw>
<kw name="Set Variable" owner="BuiltIn">
<msg time="2024-07-25T05:15:30.305863" level="INFO">${json_data} = {'results': [{'gender': 'female', 'name': {'title': 'Miss', 'first': 'Afet', 'last': 'Ayverdi'}, 'location': {'street': {'number': 1791, 'name': 'Vatan Cd'}, 'city': 'Giresun', 'state': 'Ankara', 'cou...</msg>
<var>${json_data}</var>
<arg>${response.json()}</arg>
<doc>Returns the given values which can then be assigned to a variables.</doc>
<status status="PASS" start="2024-07-25T05:15:30.305292" elapsed="0.000600"/>
</kw>
<kw name="Log" owner="BuiltIn">
<msg time="2024-07-25T05:15:30.306357" level="INFO">{'results': [{'gender': 'female', 'name': {'title': 'Miss', 'first': 'Afet', 'last': 'Ayverdi'}, 'location': {'street': {'number': 1791, 'name': 'Vatan Cd'}, 'city': 'Giresun', 'state': 'Ankara', 'country': 'Turkey', 'postcode': 79703, 'coordinates': {'latitude': '64.8217', 'longitude': '74.6710'}, 'timezone': {'offset': '-3:30', 'description': 'Newfoundland'}}, 'email': 'afet.ayverdi@example.com', 'login': {'uuid': '02052f51-c387-435b-b29e-c953cbcb3f31', 'username': 'whiterabbit636', 'password': 'meagan', 'salt': 'pGCpuRnj', 'md5': 'd89854d0a7914f61f9f37804b96de39d', 'sha1': '8cf9882a3859ba2359ab89ae1df205e00aff3e8b', 'sha256': '8b76d6f052b6a81940e9c988a41e2543c7ccea7f2656875a5d034643d1d0a842'}, 'dob': {'date': '1965-04-08T01:45:27.525Z', 'age': 59}, 'registered': {'date': '2007-01-29T06:35:00.388Z', 'age': 17}, 'phone': '(777)-292-0728', 'cell': '(725)-471-6919', 'id': {'name': '', 'value': None}, 'picture': {'large': 'https://randomuser.me/api/portraits/women/77.jpg', 'medium': 'https://randomuser.me/api/portraits/med/women/77.jpg', 'thumbnail': 'https://randomuser.me/api/portraits/thumb/women/77.jpg'}, 'nat': 'TR'}], 'info': {'seed': '57b90f857f11c2f7', 'results': 1, 'page': 1, 'version': '1.4'}}</msg>
<arg>${json_data}</arg>
<doc>Logs the given message with the given level.</doc>
<status status="PASS" start="2024-07-25T05:15:30.306205" elapsed="0.000200"/>
</kw>
<kw name="Should Be Equal As Numbers" owner="BuiltIn">
<arg>${json_data['results'][0]['location']['postcode']}</arg>
<arg>${json_data['results'][0]['location']['postcode']}</arg>
<doc>Fails if objects are unequal after converting them to real numbers.</doc>
<status status="PASS" start="2024-07-25T05:15:30.306704" elapsed="0.000691"/>
</kw>
<kw name="Log" owner="BuiltIn">
<msg time="2024-07-25T05:15:30.307981" level="INFO">79703</msg>
<arg>${json_data['results'][0]['location']['postcode']}</arg>
<doc>Logs the given message with the given level.</doc>
<status status="PASS" start="2024-07-25T05:15:30.307596" elapsed="0.000427"/>
</kw>
<status status="PASS" start="2024-07-25T05:15:30.218319" elapsed="0.089965"/>
</kw>
<doc>Testa se os tipos de dados na resposta da API estão corretos.</doc>
<tag>testeTiposDados</tag>
<status status="PASS" start="2024-07-25T05:15:30.124579" elapsed="0.183874"/>
</test>
<test id="s1-s1-t5" name="Validar conteudo" line="35">
<kw name="Teste de Tipos de Conteudo" owner="random-user-service">
<kw name="GET On Session" owner="RequestsLibrary">
<msg time="2024-07-25T05:15:30.403626" level="INFO">GET Request : url=https://randomuser.me/api 
 path_url=/api 
 headers={'User-Agent': 'python-requests/2.32.3', 'Accept-Encoding': 'gzip, deflate', 'Accept': '*/*', 'Connection': 'keep-alive'} 
 body=None 
 </msg>
<msg time="2024-07-25T05:15:30.403717" level="INFO">GET Response : url=https://randomuser.me/api 
 status=200, reason=OK 
 headers={'Date': 'Thu, 25 Jul 2024 05:15:30 GMT', 'Content-Type': 'application/json; charset=utf-8', 'Transfer-Encoding': 'chunked', 'Connection': 'keep-alive', 'X-Powered-By': 'Express', 'Access-Control-Allow-Origin': '*', 'Cache-Control': 'no-cache', 'ETag': 'W/"487-kQj3/3GegKgGr/+PizCuPPfxS/Y"', 'Vary': 'Accept-Encoding', 'Content-Encoding': 'gzip', 'CF-Cache-Status': 'DYNAMIC', 'Report-To': '{"endpoints":[{"url":"https:\\/\\/a.nel.cloudflare.com\\/report\\/v4?s=ZJiVX0fPMXnbyrGCOAfFIn4VDN%2FgOltqg5Bv%2FRG7%2Fw7WQuVEq0qBjCuLpARmUMqpJVRGjV85Zknx3xijmUtSAZq%2FgFl8%2BZSRaXF4ZlKai5dljDMatNUgTJbraIXv1PoC"}],"group":"cf-nel","max_age":604800}', 'NEL': '{"success_fraction":0,"report_to":"cf-nel","max_age":604800}', 'Server': 'cloudflare', 'CF-RAY': '8a89ac2a7b8620d7-IAD', 'alt-svc': 'h3=":443"; ma=86400'} 
 body={"results":[{"gender":"female","name":{"title":"Ms","first":"Naja","last":"Jørgensen"},"location":{"street":{"number":724,"name":"Skovbrynet"},"city":"Overby Lyng","state":"Sjælland","country":"Denmark","postcode":60377,"coordinates":{"latitude":"-41.2415","longitude":"121.0488"},"timezone":{"offset":"+6:00","description":"Almaty, Dhaka, Colombo"}},"email":"naja.jorgensen@example.com","login":{"uuid":"b5ec1b9b-8b39-46b9-8c15-6e6b746f5ddc","username":"goldengorilla894","password":"babygirl","salt":"SnJxQJXY","md5":"380611a4d4f26fe1253a0d220ddf9fce","sha1":"98ca3e0e9c2713cac3280f60291f0bf7edd701f1","sha256":"b010a94dfa652d0aaa1fd42f8f526e6bdf8bc96ea60a3e7c599be1fb5713e12f"},"dob":{"date":"1966-01-06T18:30:27.512Z","age":58},"registered":{"date":"2017-01-13T12:44:23.684Z","age":7},"phone":"34938875","cell":"65219312","id":{"name":"CPR","value":"060166-6470"},"picture":{"large":"https://randomuser.me/api/portraits/women/42.jpg","medium":"https://randomuser.me/api/portraits/med/women/42.jpg","thumbnail":"https://randomuser.me/api/portraits/thumb/women/42.jpg"},"nat":"DK"}],"info":{"seed":"56d247c8b575194d","results":1,"page":1,"version":"1.4"}} 
 </msg>
<msg time="2024-07-25T05:15:30.403788" level="INFO">/opt/hostedtoolcache/Python/3.12.4/x64/lib/python3.12/site-packages/urllib3/connectionpool.py:1099: InsecureRequestWarning: Unverified HTTPS request is being made to host 'randomuser.me'. Adding certificate verification is strongly advised. See: https://urllib3.readthedocs.io/en/latest/advanced-usage.html#tls-warnings
  warnings.warn(</msg>
<msg time="2024-07-25T05:15:30.403899" level="INFO">${response} = &lt;Response [200]&gt;</msg>
<var>${response}</var>
<arg>consultarAPI</arg>
<arg>/api</arg>
<doc>Sends a GET request on a previously created HTTP Session.</doc>
<status status="PASS" start="2024-07-25T05:15:30.311288" elapsed="0.092648"/>
</kw>
<kw name="Set Variable" owner="BuiltIn">
<msg time="2024-07-25T05:15:30.405002" level="INFO">${json_data} = {'results': [{'gender': 'female', 'name': {'title': 'Ms', 'first': 'Naja', 'last': 'Jørgensen'}, 'location': {'street': {'number': 724, 'name': 'Skovbrynet'}, 'city': 'Overby Lyng', 'state': 'Sjælland...</msg>
<var>${json_data}</var>
<arg>${response.json()}</arg>
<doc>Returns the given values which can then be assigned to a variables.</doc>
<status status="PASS" start="2024-07-25T05:15:30.404458" elapsed="0.000576"/>
</kw>
<kw name="Set Variable" owner="BuiltIn">
<msg time="2024-07-25T05:15:30.405750" level="INFO">${name_title} = Ms</msg>
<var>${name_title}</var>
<arg>${json_data["results"][0]["name"]["title"]}</arg>
<doc>Returns the given values which can then be assigned to a variables.</doc>
<status status="PASS" start="2024-07-25T05:15:30.405348" elapsed="0.000429"/>
</kw>
<kw name="Create List" owner="BuiltIn">
<msg time="2024-07-25T05:15:30.406234" level="INFO">${allowed_titles} = ['Mr', 'Ms', 'Miss', 'Mrs', 'Madame', 'Monsieur']</msg>
<var>${allowed_titles}</var>
<arg>Mr</arg>
<arg>Ms</arg>
<arg>Miss</arg>
<arg>Mrs</arg>
<arg>Madame</arg>
<arg>Monsieur</arg>
<doc>Returns a list containing given items.</doc>
<status status="PASS" start="2024-07-25T05:15:30.406081" elapsed="0.000178"/>
</kw>
<kw name="List Should Contain Value" owner="Collections">
<arg>${allowed_titles}</arg>
<arg>${name_title}</arg>
<doc>Fails if the ``value`` is not found from ``list``.</doc>
<status status="PASS" start="2024-07-25T05:15:30.406564" elapsed="0.000190"/>
</kw>
<kw name="Set Variable" owner="BuiltIn">
<msg time="2024-07-25T05:15:30.407373" level="INFO">${name_country} = DK</msg>
<var>${name_country}</var>
<arg>${json_data["results"][0]["nat"]}</arg>
<doc>Returns the given values which can then be assigned to a variables.</doc>
<status status="PASS" start="2024-07-25T05:15:30.406944" elapsed="0.000456"/>
</kw>
<kw name="Create List" owner="BuiltIn">
<msg time="2024-07-25T05:15:30.408319" level="INFO">${list_country} = ['AD', 'AE', 'AF', 'AG', 'AI', 'AL', 'AM', 'AO', 'AQ', 'AR', 'AS', 'AT', 'AU', 'AW', 'AX', 'AZ', 'BA', 'BB', 'BD', 'BE', 'BF', 'BG', 'BH', 'BI', 'BJ', 'BL', 'BM', 'BN', 'BO', 'BQ', 'BR', 'BS', 'BT', '...</msg>
<var>${list_country}</var>
<arg>AD</arg>
<arg>AE</arg>
<arg>AF</arg>
<arg>AG</arg>
<arg>AI</arg>
<arg>AL</arg>
<arg>AM</arg>
<arg>AO</arg>
<arg>AQ</arg>
<arg>AR</arg>
<arg>AS</arg>
<arg>AT</arg>
<arg>AU</arg>
<arg>AW</arg>
<arg>AX</arg>
<arg>AZ</arg>
<arg>BA</arg>
<arg>BB</arg>
<arg>BD</arg>
<arg>BE</arg>
<arg>BF</arg>
<arg>BG</arg>
<arg>BH</arg>
<arg>BI</arg>
<arg>BJ</arg>
<arg>BL</arg>
<arg>BM</arg>
<arg>BN</arg>
<arg>BO</arg>
<arg>BQ</arg>
<arg>BR</arg>
<arg>BS</arg>
<arg>BT</arg>
<arg>BV</arg>
<arg>BW</arg>
<arg>BY</arg>
<arg>BZ</arg>
<arg>CA</arg>
<arg>CC</arg>
<arg>CD</arg>
<arg>CF</arg>
<arg>CG</arg>
<arg>CH</arg>
<arg>CI</arg>
<arg>CK</arg>
<arg>CL</arg>
<arg>CM</arg>
<arg>CN</arg>
<arg>CO</arg>
<arg>CR</arg>
<arg>CU</arg>
<arg>CV</arg>
<arg>CW</arg>
<arg>CX</arg>
<arg>CY</arg>
<arg>CZ</arg>
<arg>DE</arg>
<arg>DJ</arg>
<arg>DK</arg>
<arg>DM</arg>
<arg>DO</arg>
<arg>DZ</arg>
<arg>EC</arg>
<arg>EE</arg>
<arg>EG</arg>
<arg>EH</arg>
<arg>ER</arg>
<arg>ES</arg>
<arg>ET</arg>
<arg>FI</arg>
<arg>FJ</arg>
<arg>FK</arg>
<arg>FM</arg>
<arg>FO</arg>
<arg>FR</arg>
<arg>GA</arg>
<arg>GB</arg>
<arg>GD</arg>
<arg>GE</arg>
<arg>GF</arg>
<arg>GG</arg>
<arg>GH</arg>
<arg>GI</arg>
<arg>GL</arg>
<arg>GM</arg>
<arg>GN</arg>
<arg>GP</arg>
<arg>GQ</arg>
<arg>GR</arg>
<arg>GS</arg>
<arg>GT</arg>
<arg>GU</arg>
<arg>GW</arg>
<arg>GY</arg>
<arg>HK</arg>
<arg>HM</arg>
<arg>HN</arg>
<arg>HR</arg>
<arg>HT</arg>
<arg>HU</arg>
<arg>ID</arg>
<arg>IE</arg>
<arg>IL</arg>
<arg>IM</arg>
<arg>IN</arg>
<arg>IO</arg>
<arg>IQ</arg>
<arg>IR</arg>
<arg>IS</arg>
<arg>IT</arg>
<arg>JE</arg>
<arg>JM</arg>
<arg>JO</arg>
<arg>JP</arg>
<arg>KE</arg>
<arg>KG</arg>
<arg>KH</arg>
<arg>KI</arg>
<arg>KM</arg>
<arg>KN</arg>
<arg>KP</arg>
<arg>KR</arg>
<arg>KW</arg>
<arg>KY</arg>
<arg>KZ</arg>
<arg>LA</arg>
<arg>LB</arg>
<arg>LC</arg>
<arg>LI</arg>
<arg>LK</arg>
<arg>LR</arg>
<arg>LS</arg>
<arg>LT</arg>
<arg>LU</arg>
<arg>LV</arg>
<arg>LY</arg>
<arg>MA</arg>
<arg>MC</arg>
<arg>MD</arg>
<arg>ME</arg>
<arg>MF</arg>
<arg>MG</arg>
<arg>MH</arg>
<arg>MK</arg>
<arg>ML</arg>
<arg>MM</arg>
<arg>MN</arg>
<arg>MO</arg>
<arg>MP</arg>
<arg>MQ</arg>
<arg>MR</arg>
<arg>MS</arg>
<arg>MT</arg>
<arg>MU</arg>
<arg>MV</arg>
<arg>MW</arg>
<arg>MX</arg>
<arg>MY</arg>
<arg>MZ</arg>
<arg>NA</arg>
<arg>NC</arg>
<arg>NE</arg>
<arg>NF</arg>
<arg>NG</arg>
<arg>NI</arg>
<arg>NL</arg>
<arg>NO</arg>
<arg>NP</arg>
<arg>NR</arg>
<arg>NU</arg>
<arg>NZ</arg>
<arg>OM</arg>
<arg>PA</arg>
<arg>PE</arg>
<arg>PF</arg>
<arg>PG</arg>
<arg>PH</arg>
<arg>PK</arg>
<arg>PL</arg>
<arg>PM</arg>
<arg>PN</arg>
<arg>PR</arg>
<arg>PS</arg>
<arg>PT</arg>
<arg>PW</arg>
<arg>PY</arg>
<arg>QA</arg>
<arg>RE</arg>
<arg>RO</arg>
<arg>RS</arg>
<arg>RU</arg>
<arg>RW</arg>
<arg>SA</arg>
<arg>SB</arg>
<arg>SC</arg>
<arg>SD</arg>
<arg>SE</arg>
<arg>SG</arg>
<arg>SH</arg>
<arg>SI</arg>
<arg>SJ</arg>
<arg>SK</arg>
<arg>SL</arg>
<arg>SM</arg>
<arg>SN</arg>
<arg>SO</arg>
<arg>SR</arg>
<arg>SS</arg>
<arg>ST</arg>
<arg>SV</arg>
<arg>SX</arg>
<arg>SY</arg>
<arg>SZ</arg>
<arg>TC</arg>
<arg>TD</arg>
<arg>TF</arg>
<arg>TG</arg>
<arg>TH</arg>
<arg>TJ</arg>
<arg>TK</arg>
<arg>TL</arg>
<arg>TM</arg>
<arg>TN</arg>
<arg>TO</arg>
<arg>TR</arg>
<arg>TT</arg>
<arg>TV</arg>
<arg>TW</arg>
<arg>TZ</arg>
<arg>UA</arg>
<arg>UG</arg>
<arg>UM</arg>
<arg>US</arg>
<arg>UY</arg>
<arg>UZ</arg>
<arg>VA</arg>
<arg>VC</arg>
<arg>VE</arg>
<arg>VG</arg>
<arg>VI</arg>
<arg>VN</arg>
<arg>VU</arg>
<arg>WF</arg>
<arg>WS</arg>
<arg>XK</arg>
<arg>YE</arg>
<arg>YT</arg>
<arg>ZA</arg>
<arg>ZM</arg>
<arg>ZW</arg>
<doc>Returns a list containing given items.</doc>
<status status="PASS" start="2024-07-25T05:15:30.407719" elapsed="0.000627"/>
</kw>
<kw name="List Should Contain Value" owner="Collections">
<arg>${list_country}</arg>
<arg>${name_country}</arg>
<doc>Fails if the ``value`` is not found from ``list``.</doc>
<status status="PASS" start="2024-07-25T05:15:30.409343" elapsed="0.000211"/>
</kw>
<kw name="Run Keyword If" owner="BuiltIn">
<kw name="Should Be True" owner="BuiltIn">
<arg>${True}</arg>
<doc>Fails if the given condition is not true.</doc>
<status status="PASS" start="2024-07-25T05:15:30.410515" elapsed="0.000147"/>
</kw>
<arg>${json_data["results"][0]["location"]["coordinates"]["latitude"]} &gt;= -90 and ${json_data["results"][0]["location"]["coordinates"]["latitude"]} &lt;= 90</arg>
<arg>Should Be True</arg>
<arg>${True}</arg>
<doc>Runs the given keyword with the given arguments, if ``condition`` is true.</doc>
<status status="PASS" start="2024-07-25T05:15:30.409757" elapsed="0.001031"/>
</kw>
<kw name="Run Keyword If" owner="BuiltIn">
<kw name="Should Be True" owner="BuiltIn">
<arg>${True}</arg>
<doc>Fails if the given condition is not true.</doc>
<status status="PASS" start="2024-07-25T05:15:30.411712" elapsed="0.000139"/>
</kw>
<arg>${json_data["results"][0]["location"]["coordinates"]["longitude"]} &gt;= -180 and ${json_data["results"][0]["location"]["coordinates"]["longitude"]} &lt;= 180</arg>
<arg>Should Be True</arg>
<arg>${True}</arg>
<doc>Runs the given keyword with the given arguments, if ``condition`` is true.</doc>
<status status="PASS" start="2024-07-25T05:15:30.410972" elapsed="0.001004"/>
</kw>
<status status="PASS" start="2024-07-25T05:15:30.310886" elapsed="0.101224"/>
</kw>
<doc>Testa o conteúdo específico dos campos retornados pela API.</doc>
<tag>testeConteudo</tag>
<status status="PASS" start="2024-07-25T05:15:30.310224" elapsed="0.102040"/>
</test>
<status status="PASS" start="2024-07-25T05:15:29.436784" elapsed="0.977408"/>
</suite>
<status status="PASS" start="2024-07-25T05:15:29.422109" elapsed="0.997233"/>
</suite>
<statistics>
<total>
<stat pass="5" fail="0" skip="0">All Tests</stat>
</total>
<tag>
<stat pass="1" fail="0" skip="0">testeConteudo</stat>
<stat pass="1" fail="0" skip="0">testeEstruturaResposta</stat>
<stat pass="1" fail="0" skip="0">testeRequisicaoBasica</stat>
<stat pass="1" fail="0" skip="0">testeTiposDados</stat>
</tag>
<suite>
<stat pass="5" fail="0" skip="0" id="s1" name="Tests">Tests</stat>
<stat pass="5" fail="0" skip="0" id="s1-s1" name="Random-User-Test">Tests.Random-User-Test</stat>
</suite>
</statistics>
<errors>
</errors>
</robot>
