<?xml version="1.0" encoding="UTF-8"?>
<robot generator="Robot 7.0 (Python 3.12.2 on linux)" generated="2024-04-09T01:54:10.271417" rpa="false" schemaversion="5">
<suite id="s1" name="Tests" source="/home/runner/work/DesafioQAItauRogerioJordao/DesafioQAItauRogerioJordao/RamdonUser/tests">
<suite id="s1-s1" name="Random-User-Test" source="/home/runner/work/DesafioQAItauRogerioJordao/DesafioQAItauRogerioJordao/RamdonUser/tests/random-user-test.robot">
<test id="s1-s1-t1" name="Conectar" line="13">
<kw name="Conectar API" owner="random-user-service">
<kw name="Create Session" owner="RequestsLibrary">
<msg time="2024-04-09T01:54:10.645226" level="INFO">Creating Session using : alias=consultarAPI, url=https://randomuser.me/, headers={},                     cookies={}, auth=None, timeout=None, proxies=None, verify=False,                     debug=0 </msg>
<arg>consultarAPI</arg>
<arg>${URL}</arg>
<doc>Create Session: create a HTTP session to a server</doc>
<status status="PASS" start="2024-04-09T01:54:10.645019" elapsed="0.000394"/>
</kw>
<status status="PASS" start="2024-04-09T01:54:10.643952" elapsed="0.001826"/>
</kw>
<status status="PASS" start="2024-04-09T01:54:10.643375" elapsed="0.002610"/>
</test>
<test id="s1-s1-t2" name="Validar retorno 200 e JSON Válido" line="16">
<kw name="Teste de Requisicao Basica" owner="random-user-service">
<kw name="GET On Session" owner="RequestsLibrary">
<msg time="2024-04-09T01:54:11.319060" level="INFO">GET Request : url=https://randomuser.me/api 
 path_url=/api 
 headers={'User-Agent': 'python-requests/2.31.0', 'Accept-Encoding': 'gzip, deflate', 'Accept': '*/*', 'Connection': 'keep-alive'} 
 body=None 
 </msg>
<msg time="2024-04-09T01:54:11.319210" level="INFO">GET Response : url=https://randomuser.me/api 
 status=200, reason=OK 
 headers={'Date': 'Tue, 09 Apr 2024 01:54:11 GMT', 'Content-Type': 'application/json; charset=utf-8', 'Transfer-Encoding': 'chunked', 'Connection': 'keep-alive', 'X-Powered-By': 'Express', 'Access-Control-Allow-Origin': '*', 'Cache-Control': 'no-cache', 'ETag': 'W/"4a6-WU2q7dVbSSXVZZUrXKh0WzANGAQ"', 'Vary': 'Accept-Encoding', 'Content-Encoding': 'gzip', 'CF-Cache-Status': 'DYNAMIC', 'Report-To': '{"endpoints":[{"url":"https:\\/\\/a.nel.cloudflare.com\\/report\\/v4?s=Mg8kq7naXLberwzx04pzTqUUr6GO8YVLAHzME%2BF7mqKHyI%2BTTu%2FIWtI05zEUg%2FniQnKiR2ae%2BYc%2BZMra6uytqAdiaUXY8BU7z5%2FJE69uAVlUZOLL3A62Rtg%2BjrzrreLU"}],"group":"cf-nel","max_age":604800}', 'NEL': '{"success_fraction":0,"report_to":"cf-nel","max_age":604800}', 'Server': 'cloudflare', 'CF-RAY': '8716de20da038f26-IAD', 'alt-svc': 'h3=":443"; ma=86400'} 
 body={"results":[{"gender":"female","name":{"title":"Mrs","first":"Rachel","last":"Phillips"},"location":{"street":{"number":6556,"name":"Stevens Creek Blvd"},"city":"Addison","state":"Delaware","country":"United States","postcode":15885,"coordinates":{"latitude":"84.6950","longitude":"159.7186"},"timezone":{"offset":"+1:00","description":"Brussels, Copenhagen, Madrid, Paris"}},"email":"rachel.phillips@example.com","login":{"uuid":"cb67ac02-1dd5-4f5e-abde-0a1ff5cbc6bb","username":"whitebird681","password":"streets","salt":"YZw7x4lT","md5":"1dc240f02a87ec43d8a7be8ccc3cb512","sha1":"76252d42589a617cf892fc547759211f196572c2","sha256":"a4c2534b1e1e5742e874b90e85f95c50dbd245c7b76e35eddc851257aab1a8af"},"dob":{"date":"1948-11-16T15:25:12.597Z","age":75},"registered":{"date":"2021-04-15T14:51:37.963Z","age":2},"phone":"(477) 847-7345","cell":"(878) 569-4504","id":{"name":"SSN","value":"409-22-0687"},"picture":{"large":"https://randomuser.me/api/portraits/women/93.jpg","medium":"https://randomuser.me/api/portraits/med/women/93.jpg","thumbnail":"https://randomuser.me/api/portraits/thumb/women/93.jpg"},"nat":"US"}],"info":{"seed":"cf338fe2ac586c65","results":1,"page":1,"version":"1.4"}} 
 </msg>
<msg time="2024-04-09T01:54:11.319294" level="INFO">/opt/hostedtoolcache/Python/3.12.2/x64/lib/python3.12/site-packages/urllib3/connectionpool.py:1103: InsecureRequestWarning: Unverified HTTPS request is being made to host 'randomuser.me'. Adding certificate verification is strongly advised. See: https://urllib3.readthedocs.io/en/latest/advanced-usage.html#tls-warnings
  warnings.warn(</msg>
<msg time="2024-04-09T01:54:11.319427" level="INFO">${response} = &lt;Response [200]&gt;</msg>
<var>${response}</var>
<arg>consultarAPI</arg>
<arg>/api</arg>
<doc>Sends a GET request on a previously created HTTP Session.</doc>
<status status="PASS" start="2024-04-09T01:54:10.648602" elapsed="0.670853"/>
</kw>
<kw name="Should Be Equal As Numbers" owner="BuiltIn">
<msg time="2024-04-09T01:54:11.320502" level="INFO">Argument types are:
&lt;class 'int'&gt;
&lt;class 'str'&gt;</msg>
<arg>${response.status_code}</arg>
<arg>200</arg>
<doc>Fails if objects are unequal after converting them to real numbers.</doc>
<status status="PASS" start="2024-04-09T01:54:11.320042" elapsed="0.000525"/>
</kw>
<kw name="Log" owner="BuiltIn">
<msg time="2024-04-09T01:54:11.321237" level="INFO">200</msg>
<arg>${response.status_code}</arg>
<doc>Logs the given message with the given level.</doc>
<status status="PASS" start="2024-04-09T01:54:11.320893" elapsed="0.000386"/>
</kw>
<kw name="Set Variable" owner="BuiltIn">
<msg time="2024-04-09T01:54:11.322010" level="INFO">${json_data} = {'results': [{'gender': 'female', 'name': {'title': 'Mrs', 'first': 'Rachel', 'last': 'Phillips'}, 'location': {'street': {'number': 6556, 'name': 'Stevens Creek Blvd'}, 'city': 'Addison', 'state': 'D...</msg>
<var>${json_data}</var>
<arg>${response.json()}</arg>
<doc>Returns the given values which can then be assigned to a variables.</doc>
<status status="PASS" start="2024-04-09T01:54:11.321581" elapsed="0.000457"/>
</kw>
<kw name="Dictionary Should Contain Key" owner="Collections">
<msg time="2024-04-09T01:54:11.322551" level="INFO">False</msg>
<arg>${json_data}</arg>
<arg>results</arg>
<doc>Fails if ``key`` is not found from ``dictionary``.</doc>
<status status="PASS" start="2024-04-09T01:54:11.322375" elapsed="0.000216"/>
</kw>
<status status="PASS" start="2024-04-09T01:54:10.648346" elapsed="0.674502"/>
</kw>
<doc>Testa se a API responde corretamente e retorna um objeto JSON válido.</doc>
<tag>testeRequisicaoBasica</tag>
<status status="PASS" start="2024-04-09T01:54:10.647865" elapsed="0.675172"/>
</test>
<test id="s1-s1-t3" name="Validar estrutura de resposta" line="22">
<kw name="Teste de Estrutura de Resposta" owner="random-user-service">
<kw name="GET On Session" owner="RequestsLibrary">
<msg time="2024-04-09T01:54:11.370353" level="INFO">GET Request : url=https://randomuser.me/api 
 path_url=/api 
 headers={'User-Agent': 'python-requests/2.31.0', 'Accept-Encoding': 'gzip, deflate', 'Accept': '*/*', 'Connection': 'keep-alive'} 
 body=None 
 </msg>
<msg time="2024-04-09T01:54:11.370464" level="INFO">GET Response : url=https://randomuser.me/api 
 status=200, reason=OK 
 headers={'Date': 'Tue, 09 Apr 2024 01:54:11 GMT', 'Content-Type': 'application/json; charset=utf-8', 'Transfer-Encoding': 'chunked', 'Connection': 'keep-alive', 'X-Powered-By': 'Express', 'Access-Control-Allow-Origin': '*', 'Cache-Control': 'no-cache', 'ETag': 'W/"4a8-PVedgtPqVeg7JG5VYlHSPElDkBQ"', 'Vary': 'Accept-Encoding', 'Content-Encoding': 'gzip', 'CF-Cache-Status': 'DYNAMIC', 'Report-To': '{"endpoints":[{"url":"https:\\/\\/a.nel.cloudflare.com\\/report\\/v4?s=Xe1xuBpqKVtRiQ7kqHL0SwzW7H7Esumg3oivD2M4DQXwDonZBTlVToCeRlOeiqGyx5qubt2y9muUkdK9shWnGV875kp6oMj%2FNPpF1PP%2FXn1HW7AYBy%2B4UOIjenYYqLZy"}],"group":"cf-nel","max_age":604800}', 'NEL': '{"success_fraction":0,"report_to":"cf-nel","max_age":604800}', 'Server': 'cloudflare', 'CF-RAY': '8716de24cd7f8f26-IAD', 'alt-svc': 'h3=":443"; ma=86400'} 
 body={"results":[{"gender":"male","name":{"title":"Mr","first":"محمدمهدی","last":"كامياران"},"location":{"street":{"number":9163,"name":"پاتریس لومومبا"},"city":"ارومیه","state":"سمنان","country":"Iran","postcode":24901,"coordinates":{"latitude":"16.7189","longitude":"-33.4778"},"timezone":{"offset":"+4:00","description":"Abu Dhabi, Muscat, Baku, Tbilisi"}},"email":"mhmdmhdy.kmyrn@example.com","login":{"uuid":"c89ee172-d475-471a-93a9-d63ef44aec0a","username":"purplemeercat862","password":"carmex2","salt":"1pDuBfQv","md5":"066fc9d2e41fc78a189632519e7e24af","sha1":"75b440852032183a539558d423b5c6f558c6733d","sha256":"680afabce610270ecf7dfbcf0f0663f7e32839d8e4c2f2fe0f54ab7f5f68e768"},"dob":{"date":"1967-03-08T21:50:38.782Z","age":57},"registered":{"date":"2006-02-08T11:12:00.378Z","age":18},"phone":"092-26870608","cell":"0913-567-7664","id":{"name":"","value":null},"picture":{"large":"https://randomuser.me/api/portraits/men/93.jpg","medium":"https://randomuser.me/api/portraits/med/men/93.jpg","thumbnail":"https://randomuser.me/api/portraits/thumb/men/93.jpg"},"nat":"IR"}],"info":{"seed":"67bdfadf097d0c7f","results":1,"page":1,"version":"1.4"}} 
 </msg>
<msg time="2024-04-09T01:54:11.370645" level="INFO">/opt/hostedtoolcache/Python/3.12.2/x64/lib/python3.12/site-packages/urllib3/connectionpool.py:1103: InsecureRequestWarning: Unverified HTTPS request is being made to host 'randomuser.me'. Adding certificate verification is strongly advised. See: https://urllib3.readthedocs.io/en/latest/advanced-usage.html#tls-warnings
  warnings.warn(</msg>
<msg time="2024-04-09T01:54:11.370794" level="INFO">${response} = &lt;Response [200]&gt;</msg>
<var>${response}</var>
<arg>consultarAPI</arg>
<arg>/api</arg>
<doc>Sends a GET request on a previously created HTTP Session.</doc>
<status status="PASS" start="2024-04-09T01:54:11.325873" elapsed="0.044952"/>
</kw>
<kw name="Set Variable" owner="BuiltIn">
<msg time="2024-04-09T01:54:11.371960" level="INFO">${json_data} = {'results': [{'gender': 'male', 'name': {'title': 'Mr', 'first': 'محمدمهدی', 'last': 'كامياران'}, 'location': {'street': {'number': 9163, 'name': 'پاتریس لومومبا'}, 'city': 'ارومیه', 'state': 'سمنان',...</msg>
<var>${json_data}</var>
<arg>${response.json()}</arg>
<doc>Returns the given values which can then be assigned to a variables.</doc>
<status status="PASS" start="2024-04-09T01:54:11.371413" elapsed="0.000578"/>
</kw>
<kw name="Log" owner="BuiltIn">
<msg time="2024-04-09T01:54:11.372477" level="INFO">{'results': [{'gender': 'male', 'name': {'title': 'Mr', 'first': 'محمدمهدی', 'last': 'كامياران'}, 'location': {'street': {'number': 9163, 'name': 'پاتریس لومومبا'}, 'city': 'ارومیه', 'state': 'سمنان', 'country': 'Iran', 'postcode': 24901, 'coordinates': {'latitude': '16.7189', 'longitude': '-33.4778'}, 'timezone': {'offset': '+4:00', 'description': 'Abu Dhabi, Muscat, Baku, Tbilisi'}}, 'email': 'mhmdmhdy.kmyrn@example.com', 'login': {'uuid': 'c89ee172-d475-471a-93a9-d63ef44aec0a', 'username': 'purplemeercat862', 'password': 'carmex2', 'salt': '1pDuBfQv', 'md5': '066fc9d2e41fc78a189632519e7e24af', 'sha1': '75b440852032183a539558d423b5c6f558c6733d', 'sha256': '680afabce610270ecf7dfbcf0f0663f7e32839d8e4c2f2fe0f54ab7f5f68e768'}, 'dob': {'date': '1967-03-08T21:50:38.782Z', 'age': 57}, 'registered': {'date': '2006-02-08T11:12:00.378Z', 'age': 18}, 'phone': '092-26870608', 'cell': '0913-567-7664', 'id': {'name': '', 'value': None}, 'picture': {'large': 'https://randomuser.me/api/portraits/men/93.jpg', 'medium': 'https://randomuser.me/api/portraits/med/men/93.jpg', 'thumbnail': 'https://randomuser.me/api/portraits/thumb/men/93.jpg'}, 'nat': 'IR'}], 'info': {'seed': '67bdfadf097d0c7f', 'results': 1, 'page': 1, 'version': '1.4'}}</msg>
<arg>${json_data}</arg>
<doc>Logs the given message with the given level.</doc>
<status status="PASS" start="2024-04-09T01:54:11.372310" elapsed="0.000217"/>
</kw>
<kw name="Dictionary Should Contain Key" owner="Collections">
<msg time="2024-04-09T01:54:11.372982" level="INFO">False</msg>
<arg>${json_data}</arg>
<arg>results</arg>
<doc>Fails if ``key`` is not found from ``dictionary``.</doc>
<status status="PASS" start="2024-04-09T01:54:11.372825" elapsed="0.000193"/>
</kw>
<kw name="Should Not Be Empty" owner="BuiltIn">
<msg time="2024-04-09T01:54:11.373442" level="INFO">Length is 2.</msg>
<arg>${json_data}</arg>
<doc>Verifies that the given item is not empty.</doc>
<status status="PASS" start="2024-04-09T01:54:11.373309" elapsed="0.000171"/>
</kw>
<kw name="Create List" owner="BuiltIn">
<msg time="2024-04-09T01:54:11.373913" level="INFO">${expected_keys} = ['gender', 'name', 'location', 'email', 'login']</msg>
<var>${expected_keys}</var>
<arg>gender</arg>
<arg>name</arg>
<arg>location</arg>
<arg>email</arg>
<arg>login</arg>
<doc>Returns a list containing given items.</doc>
<status status="PASS" start="2024-04-09T01:54:11.373767" elapsed="0.000169"/>
</kw>
<for flavor="IN">
<iter>
<kw name="Dictionary Should Contain Key" owner="Collections">
<msg time="2024-04-09T01:54:11.374959" level="INFO">False</msg>
<arg>${json_data['results'][0]}</arg>
<arg>${key}</arg>
<doc>Fails if ``key`` is not found from ``dictionary``.</doc>
<status status="PASS" start="2024-04-09T01:54:11.374552" elapsed="0.000446"/>
</kw>
<kw name="Log" owner="BuiltIn">
<msg time="2024-04-09T01:54:11.375673" level="INFO">{'gender': 'male', 'name': {'title': 'Mr', 'first': 'محمدمهدی', 'last': 'كامياران'}, 'location': {'street': {'number': 9163, 'name': 'پاتریس لومومبا'}, 'city': 'ارومیه', 'state': 'سمنان', 'country': 'Iran', 'postcode': 24901, 'coordinates': {'latitude': '16.7189', 'longitude': '-33.4778'}, 'timezone': {'offset': '+4:00', 'description': 'Abu Dhabi, Muscat, Baku, Tbilisi'}}, 'email': 'mhmdmhdy.kmyrn@example.com', 'login': {'uuid': 'c89ee172-d475-471a-93a9-d63ef44aec0a', 'username': 'purplemeercat862', 'password': 'carmex2', 'salt': '1pDuBfQv', 'md5': '066fc9d2e41fc78a189632519e7e24af', 'sha1': '75b440852032183a539558d423b5c6f558c6733d', 'sha256': '680afabce610270ecf7dfbcf0f0663f7e32839d8e4c2f2fe0f54ab7f5f68e768'}, 'dob': {'date': '1967-03-08T21:50:38.782Z', 'age': 57}, 'registered': {'date': '2006-02-08T11:12:00.378Z', 'age': 18}, 'phone': '092-26870608', 'cell': '0913-567-7664', 'id': {'name': '', 'value': None}, 'picture': {'large': 'https://randomuser.me/api/portraits/men/93.jpg', 'medium': 'https://randomuser.me/api/portraits/med/men/93.jpg', 'thumbnail': 'https://randomuser.me/api/portraits/thumb/men/93.jpg'}, 'nat': 'IR'}</msg>
<arg>${json_data['results'][0]}</arg>
<doc>Logs the given message with the given level.</doc>
<status status="PASS" start="2024-04-09T01:54:11.375306" elapsed="0.000423"/>
</kw>
<kw name="Log" owner="BuiltIn">
<msg time="2024-04-09T01:54:11.376161" level="INFO">gender</msg>
<arg>${key}</arg>
<doc>Logs the given message with the given level.</doc>
<status status="PASS" start="2024-04-09T01:54:11.376030" elapsed="0.000169"/>
</kw>
<var name="${key}">gender</var>
<status status="PASS" start="2024-04-09T01:54:11.374425" elapsed="0.001995"/>
</iter>
<iter>
<kw name="Dictionary Should Contain Key" owner="Collections">
<msg time="2024-04-09T01:54:11.377120" level="INFO">False</msg>
<arg>${json_data['results'][0]}</arg>
<arg>${key}</arg>
<doc>Fails if ``key`` is not found from ``dictionary``.</doc>
<status status="PASS" start="2024-04-09T01:54:11.376725" elapsed="0.000466"/>
</kw>
<kw name="Log" owner="BuiltIn">
<msg time="2024-04-09T01:54:11.377855" level="INFO">{'gender': 'male', 'name': {'title': 'Mr', 'first': 'محمدمهدی', 'last': 'كامياران'}, 'location': {'street': {'number': 9163, 'name': 'پاتریس لومومبا'}, 'city': 'ارومیه', 'state': 'سمنان', 'country': 'Iran', 'postcode': 24901, 'coordinates': {'latitude': '16.7189', 'longitude': '-33.4778'}, 'timezone': {'offset': '+4:00', 'description': 'Abu Dhabi, Muscat, Baku, Tbilisi'}}, 'email': 'mhmdmhdy.kmyrn@example.com', 'login': {'uuid': 'c89ee172-d475-471a-93a9-d63ef44aec0a', 'username': 'purplemeercat862', 'password': 'carmex2', 'salt': '1pDuBfQv', 'md5': '066fc9d2e41fc78a189632519e7e24af', 'sha1': '75b440852032183a539558d423b5c6f558c6733d', 'sha256': '680afabce610270ecf7dfbcf0f0663f7e32839d8e4c2f2fe0f54ab7f5f68e768'}, 'dob': {'date': '1967-03-08T21:50:38.782Z', 'age': 57}, 'registered': {'date': '2006-02-08T11:12:00.378Z', 'age': 18}, 'phone': '092-26870608', 'cell': '0913-567-7664', 'id': {'name': '', 'value': None}, 'picture': {'large': 'https://randomuser.me/api/portraits/men/93.jpg', 'medium': 'https://randomuser.me/api/portraits/med/men/93.jpg', 'thumbnail': 'https://randomuser.me/api/portraits/thumb/men/93.jpg'}, 'nat': 'IR'}</msg>
<arg>${json_data['results'][0]}</arg>
<doc>Logs the given message with the given level.</doc>
<status status="PASS" start="2024-04-09T01:54:11.377492" elapsed="0.000414"/>
</kw>
<kw name="Log" owner="BuiltIn">
<msg time="2024-04-09T01:54:11.378362" level="INFO">name</msg>
<arg>${key}</arg>
<doc>Logs the given message with the given level.</doc>
<status status="PASS" start="2024-04-09T01:54:11.378223" elapsed="0.000177"/>
</kw>
<var name="${key}">name</var>
<status status="PASS" start="2024-04-09T01:54:11.376609" elapsed="0.002008"/>
</iter>
<iter>
<kw name="Dictionary Should Contain Key" owner="Collections">
<msg time="2024-04-09T01:54:11.379277" level="INFO">False</msg>
<arg>${json_data['results'][0]}</arg>
<arg>${key}</arg>
<doc>Fails if ``key`` is not found from ``dictionary``.</doc>
<status status="PASS" start="2024-04-09T01:54:11.378906" elapsed="0.000408"/>
</kw>
<kw name="Log" owner="BuiltIn">
<msg time="2024-04-09T01:54:11.379978" level="INFO">{'gender': 'male', 'name': {'title': 'Mr', 'first': 'محمدمهدی', 'last': 'كامياران'}, 'location': {'street': {'number': 9163, 'name': 'پاتریس لومومبا'}, 'city': 'ارومیه', 'state': 'سمنان', 'country': 'Iran', 'postcode': 24901, 'coordinates': {'latitude': '16.7189', 'longitude': '-33.4778'}, 'timezone': {'offset': '+4:00', 'description': 'Abu Dhabi, Muscat, Baku, Tbilisi'}}, 'email': 'mhmdmhdy.kmyrn@example.com', 'login': {'uuid': 'c89ee172-d475-471a-93a9-d63ef44aec0a', 'username': 'purplemeercat862', 'password': 'carmex2', 'salt': '1pDuBfQv', 'md5': '066fc9d2e41fc78a189632519e7e24af', 'sha1': '75b440852032183a539558d423b5c6f558c6733d', 'sha256': '680afabce610270ecf7dfbcf0f0663f7e32839d8e4c2f2fe0f54ab7f5f68e768'}, 'dob': {'date': '1967-03-08T21:50:38.782Z', 'age': 57}, 'registered': {'date': '2006-02-08T11:12:00.378Z', 'age': 18}, 'phone': '092-26870608', 'cell': '0913-567-7664', 'id': {'name': '', 'value': None}, 'picture': {'large': 'https://randomuser.me/api/portraits/men/93.jpg', 'medium': 'https://randomuser.me/api/portraits/med/men/93.jpg', 'thumbnail': 'https://randomuser.me/api/portraits/thumb/men/93.jpg'}, 'nat': 'IR'}</msg>
<arg>${json_data['results'][0]}</arg>
<doc>Logs the given message with the given level.</doc>
<status status="PASS" start="2024-04-09T01:54:11.379612" elapsed="0.000420"/>
</kw>
<kw name="Log" owner="BuiltIn">
<msg time="2024-04-09T01:54:11.380461" level="INFO">location</msg>
<arg>${key}</arg>
<doc>Logs the given message with the given level.</doc>
<status status="PASS" start="2024-04-09T01:54:11.380334" elapsed="0.000166"/>
</kw>
<var name="${key}">location</var>
<status status="PASS" start="2024-04-09T01:54:11.378795" elapsed="0.001922"/>
</iter>
<iter>
<kw name="Dictionary Should Contain Key" owner="Collections">
<msg time="2024-04-09T01:54:11.381386" level="INFO">False</msg>
<arg>${json_data['results'][0]}</arg>
<arg>${key}</arg>
<doc>Fails if ``key`` is not found from ``dictionary``.</doc>
<status status="PASS" start="2024-04-09T01:54:11.381010" elapsed="0.000413"/>
</kw>
<kw name="Log" owner="BuiltIn">
<msg time="2024-04-09T01:54:11.382074" level="INFO">{'gender': 'male', 'name': {'title': 'Mr', 'first': 'محمدمهدی', 'last': 'كامياران'}, 'location': {'street': {'number': 9163, 'name': 'پاتریس لومومبا'}, 'city': 'ارومیه', 'state': 'سمنان', 'country': 'Iran', 'postcode': 24901, 'coordinates': {'latitude': '16.7189', 'longitude': '-33.4778'}, 'timezone': {'offset': '+4:00', 'description': 'Abu Dhabi, Muscat, Baku, Tbilisi'}}, 'email': 'mhmdmhdy.kmyrn@example.com', 'login': {'uuid': 'c89ee172-d475-471a-93a9-d63ef44aec0a', 'username': 'purplemeercat862', 'password': 'carmex2', 'salt': '1pDuBfQv', 'md5': '066fc9d2e41fc78a189632519e7e24af', 'sha1': '75b440852032183a539558d423b5c6f558c6733d', 'sha256': '680afabce610270ecf7dfbcf0f0663f7e32839d8e4c2f2fe0f54ab7f5f68e768'}, 'dob': {'date': '1967-03-08T21:50:38.782Z', 'age': 57}, 'registered': {'date': '2006-02-08T11:12:00.378Z', 'age': 18}, 'phone': '092-26870608', 'cell': '0913-567-7664', 'id': {'name': '', 'value': None}, 'picture': {'large': 'https://randomuser.me/api/portraits/men/93.jpg', 'medium': 'https://randomuser.me/api/portraits/med/men/93.jpg', 'thumbnail': 'https://randomuser.me/api/portraits/thumb/men/93.jpg'}, 'nat': 'IR'}</msg>
<arg>${json_data['results'][0]}</arg>
<doc>Logs the given message with the given level.</doc>
<status status="PASS" start="2024-04-09T01:54:11.381720" elapsed="0.000404"/>
</kw>
<kw name="Log" owner="BuiltIn">
<msg time="2024-04-09T01:54:11.382585" level="INFO">email</msg>
<arg>${key}</arg>
<doc>Logs the given message with the given level.</doc>
<status status="PASS" start="2024-04-09T01:54:11.382456" elapsed="0.000167"/>
</kw>
<var name="${key}">email</var>
<status status="PASS" start="2024-04-09T01:54:11.380888" elapsed="0.001949"/>
</iter>
<iter>
<kw name="Dictionary Should Contain Key" owner="Collections">
<msg time="2024-04-09T01:54:11.383498" level="INFO">False</msg>
<arg>${json_data['results'][0]}</arg>
<arg>${key}</arg>
<doc>Fails if ``key`` is not found from ``dictionary``.</doc>
<status status="PASS" start="2024-04-09T01:54:11.383118" elapsed="0.000417"/>
</kw>
<kw name="Log" owner="BuiltIn">
<msg time="2024-04-09T01:54:11.384179" level="INFO">{'gender': 'male', 'name': {'title': 'Mr', 'first': 'محمدمهدی', 'last': 'كامياران'}, 'location': {'street': {'number': 9163, 'name': 'پاتریس لومومبا'}, 'city': 'ارومیه', 'state': 'سمنان', 'country': 'Iran', 'postcode': 24901, 'coordinates': {'latitude': '16.7189', 'longitude': '-33.4778'}, 'timezone': {'offset': '+4:00', 'description': 'Abu Dhabi, Muscat, Baku, Tbilisi'}}, 'email': 'mhmdmhdy.kmyrn@example.com', 'login': {'uuid': 'c89ee172-d475-471a-93a9-d63ef44aec0a', 'username': 'purplemeercat862', 'password': 'carmex2', 'salt': '1pDuBfQv', 'md5': '066fc9d2e41fc78a189632519e7e24af', 'sha1': '75b440852032183a539558d423b5c6f558c6733d', 'sha256': '680afabce610270ecf7dfbcf0f0663f7e32839d8e4c2f2fe0f54ab7f5f68e768'}, 'dob': {'date': '1967-03-08T21:50:38.782Z', 'age': 57}, 'registered': {'date': '2006-02-08T11:12:00.378Z', 'age': 18}, 'phone': '092-26870608', 'cell': '0913-567-7664', 'id': {'name': '', 'value': None}, 'picture': {'large': 'https://randomuser.me/api/portraits/men/93.jpg', 'medium': 'https://randomuser.me/api/portraits/med/men/93.jpg', 'thumbnail': 'https://randomuser.me/api/portraits/thumb/men/93.jpg'}, 'nat': 'IR'}</msg>
<arg>${json_data['results'][0]}</arg>
<doc>Logs the given message with the given level.</doc>
<status status="PASS" start="2024-04-09T01:54:11.383824" elapsed="0.000404"/>
</kw>
<kw name="Log" owner="BuiltIn">
<msg time="2024-04-09T01:54:11.384681" level="INFO">login</msg>
<arg>${key}</arg>
<doc>Logs the given message with the given level.</doc>
<status status="PASS" start="2024-04-09T01:54:11.384550" elapsed="0.000174"/>
</kw>
<var name="${key}">login</var>
<status status="PASS" start="2024-04-09T01:54:11.383008" elapsed="0.001937"/>
</iter>
<var>${key}</var>
<value>@{expected_keys}</value>
<status status="PASS" start="2024-04-09T01:54:11.374220" elapsed="0.010856"/>
</for>
<kw name="Create List" owner="BuiltIn">
<msg time="2024-04-09T01:54:11.385406" level="INFO">${expected_keysTwo} = ['username', 'password']</msg>
<var>${expected_keysTwo}</var>
<arg>username</arg>
<arg>password</arg>
<doc>Returns a list containing given items.</doc>
<status status="PASS" start="2024-04-09T01:54:11.385269" elapsed="0.000161"/>
</kw>
<for flavor="IN">
<iter>
<kw name="Dictionary Should Contain Key" owner="Collections">
<msg time="2024-04-09T01:54:11.386469" level="INFO">False</msg>
<arg>${json_data['results'][0]['login']}</arg>
<arg>${keyTwo}</arg>
<doc>Fails if ``key`` is not found from ``dictionary``.</doc>
<status status="PASS" start="2024-04-09T01:54:11.386050" elapsed="0.000457"/>
</kw>
<kw name="Dictionary Should Contain Key" owner="Collections">
<msg time="2024-04-09T01:54:11.387181" level="INFO">False</msg>
<arg>${json_data['results'][0]['login']}</arg>
<arg>${keyTwo}</arg>
<doc>Fails if ``key`` is not found from ``dictionary``.</doc>
<status status="PASS" start="2024-04-09T01:54:11.386804" elapsed="0.000413"/>
</kw>
<kw name="Log" owner="BuiltIn">
<msg time="2024-04-09T01:54:11.387638" level="INFO">username</msg>
<arg>${keyTwo}</arg>
<doc>Logs the given message with the given level.</doc>
<status status="PASS" start="2024-04-09T01:54:11.387510" elapsed="0.000165"/>
</kw>
<var name="${keyTwo}">username</var>
<status status="PASS" start="2024-04-09T01:54:11.385935" elapsed="0.001957"/>
</iter>
<iter>
<kw name="Dictionary Should Contain Key" owner="Collections">
<msg time="2024-04-09T01:54:11.388546" level="INFO">False</msg>
<arg>${json_data['results'][0]['login']}</arg>
<arg>${keyTwo}</arg>
<doc>Fails if ``key`` is not found from ``dictionary``.</doc>
<status status="PASS" start="2024-04-09T01:54:11.388175" elapsed="0.000407"/>
</kw>
<kw name="Dictionary Should Contain Key" owner="Collections">
<msg time="2024-04-09T01:54:11.389245" level="INFO">False</msg>
<arg>${json_data['results'][0]['login']}</arg>
<arg>${keyTwo}</arg>
<doc>Fails if ``key`` is not found from ``dictionary``.</doc>
<status status="PASS" start="2024-04-09T01:54:11.388873" elapsed="0.000408"/>
</kw>
<kw name="Log" owner="BuiltIn">
<msg time="2024-04-09T01:54:11.389705" level="INFO">password</msg>
<arg>${keyTwo}</arg>
<doc>Logs the given message with the given level.</doc>
<status status="PASS" start="2024-04-09T01:54:11.389578" elapsed="0.000165"/>
</kw>
<var name="${keyTwo}">password</var>
<status status="PASS" start="2024-04-09T01:54:11.388063" elapsed="0.001893"/>
</iter>
<var>${keyTwo}</var>
<value>@{expected_keysTwo}</value>
<status status="PASS" start="2024-04-09T01:54:11.385670" elapsed="0.004406"/>
</for>
<status status="PASS" start="2024-04-09T01:54:11.325634" elapsed="0.064610"/>
</kw>
<doc>Testa a estrutura da resposta da API.</doc>
<tag>testeEstruturaResposta</tag>
<status status="PASS" start="2024-04-09T01:54:11.324879" elapsed="0.065534"/>
</test>
<test id="s1-s1-t4" name="Validar tipos de dados" line="28">
<kw name="Teste de Tipos de Dados" owner="random-user-service">
<kw name="GET On Session" owner="RequestsLibrary">
<msg time="2024-04-09T01:54:11.456458" level="INFO">GET Request : url=https://randomuser.me/api 
 path_url=/api 
 headers={'User-Agent': 'python-requests/2.31.0', 'Accept-Encoding': 'gzip, deflate', 'Accept': '*/*', 'Connection': 'keep-alive'} 
 body=None 
 </msg>
<msg time="2024-04-09T01:54:11.456573" level="INFO">GET Response : url=https://randomuser.me/api 
 status=200, reason=OK 
 headers={'Date': 'Tue, 09 Apr 2024 01:54:11 GMT', 'Content-Type': 'application/json; charset=utf-8', 'Transfer-Encoding': 'chunked', 'Connection': 'keep-alive', 'X-Powered-By': 'Express', 'Access-Control-Allow-Origin': '*', 'Cache-Control': 'no-cache', 'ETag': 'W/"496-5RkaDexUXpkL/hHKTn9LcDOPogQ"', 'Vary': 'Accept-Encoding', 'Content-Encoding': 'gzip', 'CF-Cache-Status': 'DYNAMIC', 'Report-To': '{"endpoints":[{"url":"https:\\/\\/a.nel.cloudflare.com\\/report\\/v4?s=JWN21TGzwnGs1CHkbjJ1kXg9vNxTHL%2FxMs%2FM8IcmQbRHAt8nVzwLRwhHIg%2BFtOgTfQjiLSMoRgvKKWCvl8y%2FnA%2BB0CBmIb2ilD2Dha9rq2BKHdY5fRgt%2FndX7x16GvPd"}],"group":"cf-nel","max_age":604800}', 'NEL': '{"success_fraction":0,"report_to":"cf-nel","max_age":604800}', 'Server': 'cloudflare', 'CF-RAY': '8716de253dd28f26-IAD', 'alt-svc': 'h3=":443"; ma=86400'} 
 body={"results":[{"gender":"female","name":{"title":"Miss","first":"Katarina","last":"Babić"},"location":{"street":{"number":250,"name":"Slatinska"},"city":"Bela Palanka","state":"Kosovo","country":"Serbia","postcode":13590,"coordinates":{"latitude":"59.1979","longitude":"47.0181"},"timezone":{"offset":"+8:00","description":"Beijing, Perth, Singapore, Hong Kong"}},"email":"katarina.babic@example.com","login":{"uuid":"601d0c13-01a9-4dcc-a10d-fbb4f6c0ebb0","username":"ticklishzebra764","password":"456789","salt":"hMJ2XXif","md5":"c7e9b744f506d6e9af3ac54b30806b51","sha1":"1d6a9dec34683d96d9b883a309d43090ea970446","sha256":"fb7ebc9d16db5373589368ff6037dc4fab5559ea77b04e067899f75163f2bcc0"},"dob":{"date":"1986-09-22T00:14:59.619Z","age":37},"registered":{"date":"2007-11-08T19:04:58.359Z","age":16},"phone":"028-0877-052","cell":"066-5530-633","id":{"name":"SID","value":"714889122"},"picture":{"large":"https://randomuser.me/api/portraits/women/93.jpg","medium":"https://randomuser.me/api/portraits/med/women/93.jpg","thumbnail":"https://randomuser.me/api/portraits/thumb/women/93.jpg"},"nat":"RS"}],"info":{"seed":"95b5668bd6ddc9b7","results":1,"page":1,"version":"1.4"}} 
 </msg>
<msg time="2024-04-09T01:54:11.456660" level="INFO">/opt/hostedtoolcache/Python/3.12.2/x64/lib/python3.12/site-packages/urllib3/connectionpool.py:1103: InsecureRequestWarning: Unverified HTTPS request is being made to host 'randomuser.me'. Adding certificate verification is strongly advised. See: https://urllib3.readthedocs.io/en/latest/advanced-usage.html#tls-warnings
  warnings.warn(</msg>
<msg time="2024-04-09T01:54:11.456794" level="INFO">${response} = &lt;Response [200]&gt;</msg>
<var>${response}</var>
<arg>consultarAPI</arg>
<arg>/api</arg>
<doc>Sends a GET request on a previously created HTTP Session.</doc>
<status status="PASS" start="2024-04-09T01:54:11.392928" elapsed="0.063899"/>
</kw>
<kw name="Set Variable" owner="BuiltIn">
<msg time="2024-04-09T01:54:11.457952" level="INFO">${json_data} = {'results': [{'gender': 'female', 'name': {'title': 'Miss', 'first': 'Katarina', 'last': 'Babić'}, 'location': {'street': {'number': 250, 'name': 'Slatinska'}, 'city': 'Bela Palanka', 'state': 'Kosovo...</msg>
<var>${json_data}</var>
<arg>${response.json()}</arg>
<doc>Returns the given values which can then be assigned to a variables.</doc>
<status status="PASS" start="2024-04-09T01:54:11.457415" elapsed="0.000580"/>
</kw>
<kw name="Log" owner="BuiltIn">
<msg time="2024-04-09T01:54:11.458526" level="INFO">{'results': [{'gender': 'female', 'name': {'title': 'Miss', 'first': 'Katarina', 'last': 'Babić'}, 'location': {'street': {'number': 250, 'name': 'Slatinska'}, 'city': 'Bela Palanka', 'state': 'Kosovo', 'country': 'Serbia', 'postcode': 13590, 'coordinates': {'latitude': '59.1979', 'longitude': '47.0181'}, 'timezone': {'offset': '+8:00', 'description': 'Beijing, Perth, Singapore, Hong Kong'}}, 'email': 'katarina.babic@example.com', 'login': {'uuid': '601d0c13-01a9-4dcc-a10d-fbb4f6c0ebb0', 'username': 'ticklishzebra764', 'password': '456789', 'salt': 'hMJ2XXif', 'md5': 'c7e9b744f506d6e9af3ac54b30806b51', 'sha1': '1d6a9dec34683d96d9b883a309d43090ea970446', 'sha256': 'fb7ebc9d16db5373589368ff6037dc4fab5559ea77b04e067899f75163f2bcc0'}, 'dob': {'date': '1986-09-22T00:14:59.619Z', 'age': 37}, 'registered': {'date': '2007-11-08T19:04:58.359Z', 'age': 16}, 'phone': '028-0877-052', 'cell': '066-5530-633', 'id': {'name': 'SID', 'value': '714889122'}, 'picture': {'large': 'https://randomuser.me/api/portraits/women/93.jpg', 'medium': 'https://randomuser.me/api/portraits/med/women/93.jpg', 'thumbnail': 'https://randomuser.me/api/portraits/thumb/women/93.jpg'}, 'nat': 'RS'}], 'info': {'seed': '95b5668bd6ddc9b7', 'results': 1, 'page': 1, 'version': '1.4'}}</msg>
<arg>${json_data}</arg>
<doc>Logs the given message with the given level.</doc>
<status status="PASS" start="2024-04-09T01:54:11.458362" elapsed="0.000257"/>
</kw>
<kw name="Should Be String" owner="String">
<arg>${json_data['results'][0]['gender']}</arg>
<doc>Fails if the given ``item`` is not a string.</doc>
<status status="PASS" start="2024-04-09T01:54:11.458922" elapsed="0.000386"/>
</kw>
<kw name="Should Match Regexp" owner="BuiltIn">
<arg>${json_data['results'][0]['email']}</arg>
<arg>^[a-zA-Z0-9._%+-]+@[a-zA-Z0-9.-]+\.[a-zA-Z]{2,}$</arg>
<doc>Fails if ``string`` does not match ``pattern`` as a regular expression.</doc>
<status status="PASS" start="2024-04-09T01:54:11.459500" elapsed="0.000513"/>
</kw>
<kw name="Should Match Regexp" owner="BuiltIn">
<arg>${json_data['results'][0]['dob']['date']}</arg>
<arg>\\d{4}-\\d{2}-\\d{2}T\\d{2}:\\d{2}:\\d{2}\\.\\d{3}Z</arg>
<doc>Fails if ``string`` does not match ``pattern`` as a regular expression.</doc>
<status status="PASS" start="2024-04-09T01:54:11.460208" elapsed="0.000491"/>
</kw>
<kw name="Should Match Regexp" owner="BuiltIn">
<arg>${json_data['results'][0]['registered']['date']}</arg>
<arg>\\d{4}-\\d{2}-\\d{2}T\\d{2}:\\d{2}:\\d{2}\\.\\d{3}Z</arg>
<doc>Fails if ``string`` does not match ``pattern`` as a regular expression.</doc>
<status status="PASS" start="2024-04-09T01:54:11.460900" elapsed="0.000364"/>
</kw>
<kw name="Should Match Regexp" owner="BuiltIn">
<arg>${json_data['results'][0]['picture']['large']}</arg>
<arg>^https?://.*\.(?:png|jpe?g|gif|bmp)$</arg>
<doc>Fails if ``string`` does not match ``pattern`` as a regular expression.</doc>
<status status="PASS" start="2024-04-09T01:54:11.461451" elapsed="0.000464"/>
</kw>
<kw name="Should Match Regexp" owner="BuiltIn">
<arg>${json_data['results'][0]['picture']['medium']}</arg>
<arg>^https?://.*\.(?:png|jpe?g|gif|bmp)$</arg>
<doc>Fails if ``string`` does not match ``pattern`` as a regular expression.</doc>
<status status="PASS" start="2024-04-09T01:54:11.462105" elapsed="0.000385"/>
</kw>
<kw name="Should Match Regexp" owner="BuiltIn">
<arg>${json_data['results'][0]['picture']['thumbnail']}</arg>
<arg>^https?://.*\.(?:png|jpe?g|gif|bmp)$</arg>
<doc>Fails if ``string`` does not match ``pattern`` as a regular expression.</doc>
<status status="PASS" start="2024-04-09T01:54:11.462675" elapsed="0.000352"/>
</kw>
<kw name="Log" owner="BuiltIn">
<msg time="2024-04-09T01:54:11.463532" level="INFO">{'large': 'https://randomuser.me/api/portraits/women/93.jpg', 'medium': 'https://randomuser.me/api/portraits/med/women/93.jpg', 'thumbnail': 'https://randomuser.me/api/portraits/thumb/women/93.jpg'}</msg>
<arg>${json_data['results'][0]['picture']}</arg>
<doc>Logs the given message with the given level.</doc>
<status status="PASS" start="2024-04-09T01:54:11.463206" elapsed="0.000366"/>
</kw>
<status status="PASS" start="2024-04-09T01:54:11.392693" elapsed="0.071138"/>
</kw>
<kw name="Teste de Tipos de Dados - Postcode" owner="random-user-service">
<kw name="GET On Session" owner="RequestsLibrary">
<msg time="2024-04-09T01:54:11.999509" level="INFO">GET Request : url=https://randomuser.me/api 
 path_url=/api 
 headers={'User-Agent': 'python-requests/2.31.0', 'Accept-Encoding': 'gzip, deflate', 'Accept': '*/*', 'Connection': 'keep-alive'} 
 body=None 
 </msg>
<msg time="2024-04-09T01:54:11.999606" level="INFO">GET Response : url=https://randomuser.me/api 
 status=200, reason=OK 
 headers={'Date': 'Tue, 09 Apr 2024 01:54:11 GMT', 'Content-Type': 'application/json; charset=utf-8', 'Transfer-Encoding': 'chunked', 'Connection': 'keep-alive', 'X-Powered-By': 'Express', 'Access-Control-Allow-Origin': '*', 'Cache-Control': 'no-cache', 'ETag': 'W/"470-/CBPFgk7M7qvStpf+rcqPlOPas0"', 'Vary': 'Accept-Encoding', 'Content-Encoding': 'gzip', 'CF-Cache-Status': 'DYNAMIC', 'Report-To': '{"endpoints":[{"url":"https:\\/\\/a.nel.cloudflare.com\\/report\\/v4?s=TZ90kGA%2BNXQeNXnUjLXw4GLbe1Ksb0bhV1VMBZ%2F2MzgDqCfR0o8Nj22yIJuPHZMeGgEjb8opVqpRHkQu5J8c%2F6TcqrwSBp2pMncP88abRB4HtTCeB80NkSFs7V0LbR%2FM"}],"group":"cf-nel","max_age":604800}', 'NEL': '{"success_fraction":0,"report_to":"cf-nel","max_age":604800}', 'Server': 'cloudflare', 'CF-RAY': '8716de25ae4d8f26-IAD', 'alt-svc': 'h3=":443"; ma=86400'} 
 body={"results":[{"gender":"male","name":{"title":"Mr","first":"Matthew","last":"Brewer"},"location":{"street":{"number":771,"name":"North Street"},"city":"Sligo","state":"Wexford","country":"Ireland","postcode":31304,"coordinates":{"latitude":"-3.9002","longitude":"-99.4785"},"timezone":{"offset":"-3:30","description":"Newfoundland"}},"email":"matthew.brewer@example.com","login":{"uuid":"b1418df3-57aa-4ccd-9fd4-5f86439128b2","username":"ticklishfish405","password":"zaphod","salt":"vDQPWYZJ","md5":"bcd48d268afe8dfa13e96667e957c7c3","sha1":"6ca1ac74de946b06cbda019529b3330ac2eea3f1","sha256":"bb27c445361372d5a9f2989911fa0d6d5e1d25f0cdb6befa9c27fe0de2c3ae5f"},"dob":{"date":"2000-03-24T02:27:26.931Z","age":24},"registered":{"date":"2012-08-01T01:48:04.065Z","age":11},"phone":"031-250-1571","cell":"081-725-8567","id":{"name":"PPS","value":"4226912T"},"picture":{"large":"https://randomuser.me/api/portraits/men/38.jpg","medium":"https://randomuser.me/api/portraits/med/men/38.jpg","thumbnail":"https://randomuser.me/api/portraits/thumb/men/38.jpg"},"nat":"IE"}],"info":{"seed":"edaf026a222bd751","results":1,"page":1,"version":"1.4"}} 
 </msg>
<msg time="2024-04-09T01:54:11.999694" level="INFO">/opt/hostedtoolcache/Python/3.12.2/x64/lib/python3.12/site-packages/urllib3/connectionpool.py:1103: InsecureRequestWarning: Unverified HTTPS request is being made to host 'randomuser.me'. Adding certificate verification is strongly advised. See: https://urllib3.readthedocs.io/en/latest/advanced-usage.html#tls-warnings
  warnings.warn(</msg>
<msg time="2024-04-09T01:54:11.999819" level="INFO">${response} = &lt;Response [200]&gt;</msg>
<var>${response}</var>
<arg>consultarAPI</arg>
<arg>/api</arg>
<doc>Sends a GET request on a previously created HTTP Session.</doc>
<status status="PASS" start="2024-04-09T01:54:11.464316" elapsed="0.535541"/>
</kw>
<kw name="Set Variable" owner="BuiltIn">
<msg time="2024-04-09T01:54:12.001041" level="INFO">${json_data} = {'results': [{'gender': 'male', 'name': {'title': 'Mr', 'first': 'Matthew', 'last': 'Brewer'}, 'location': {'street': {'number': 771, 'name': 'North Street'}, 'city': 'Sligo', 'state': 'Wexford', 'cou...</msg>
<var>${json_data}</var>
<arg>${response.json()}</arg>
<doc>Returns the given values which can then be assigned to a variables.</doc>
<status status="PASS" start="2024-04-09T01:54:12.000486" elapsed="0.000583"/>
</kw>
<kw name="Log" owner="BuiltIn">
<msg time="2024-04-09T01:54:12.001546" level="INFO">{'results': [{'gender': 'male', 'name': {'title': 'Mr', 'first': 'Matthew', 'last': 'Brewer'}, 'location': {'street': {'number': 771, 'name': 'North Street'}, 'city': 'Sligo', 'state': 'Wexford', 'country': 'Ireland', 'postcode': 31304, 'coordinates': {'latitude': '-3.9002', 'longitude': '-99.4785'}, 'timezone': {'offset': '-3:30', 'description': 'Newfoundland'}}, 'email': 'matthew.brewer@example.com', 'login': {'uuid': 'b1418df3-57aa-4ccd-9fd4-5f86439128b2', 'username': 'ticklishfish405', 'password': 'zaphod', 'salt': 'vDQPWYZJ', 'md5': 'bcd48d268afe8dfa13e96667e957c7c3', 'sha1': '6ca1ac74de946b06cbda019529b3330ac2eea3f1', 'sha256': 'bb27c445361372d5a9f2989911fa0d6d5e1d25f0cdb6befa9c27fe0de2c3ae5f'}, 'dob': {'date': '2000-03-24T02:27:26.931Z', 'age': 24}, 'registered': {'date': '2012-08-01T01:48:04.065Z', 'age': 11}, 'phone': '031-250-1571', 'cell': '081-725-8567', 'id': {'name': 'PPS', 'value': '4226912T'}, 'picture': {'large': 'https://randomuser.me/api/portraits/men/38.jpg', 'medium': 'https://randomuser.me/api/portraits/med/men/38.jpg', 'thumbnail': 'https://randomuser.me/api/portraits/thumb/men/38.jpg'}, 'nat': 'IE'}], 'info': {'seed': 'edaf026a222bd751', 'results': 1, 'page': 1, 'version': '1.4'}}</msg>
<arg>${json_data}</arg>
<doc>Logs the given message with the given level.</doc>
<status status="PASS" start="2024-04-09T01:54:12.001379" elapsed="0.000246"/>
</kw>
<kw name="Should Be Equal As Numbers" owner="BuiltIn">
<arg>${json_data['results'][0]['location']['postcode']}</arg>
<arg>${json_data['results'][0]['location']['postcode']}</arg>
<doc>Fails if objects are unequal after converting them to real numbers.</doc>
<status status="PASS" start="2024-04-09T01:54:12.001951" elapsed="0.000664"/>
</kw>
<kw name="Log" owner="BuiltIn">
<msg time="2024-04-09T01:54:12.003143" level="INFO">31304</msg>
<arg>${json_data['results'][0]['location']['postcode']}</arg>
<doc>Logs the given message with the given level.</doc>
<status status="PASS" start="2024-04-09T01:54:12.002809" elapsed="0.000375"/>
</kw>
<status status="PASS" start="2024-04-09T01:54:11.464069" elapsed="0.539373"/>
</kw>
<doc>Testa se os tipos de dados na resposta da API estão corretos.</doc>
<tag>testeTiposDados</tag>
<status status="PASS" start="2024-04-09T01:54:11.392191" elapsed="0.611423"/>
</test>
<test id="s1-s1-t5" name="Validar conteudo" line="35">
<kw name="Teste de Tipos de Conteudo" owner="random-user-service">
<kw name="GET On Session" owner="RequestsLibrary">
<msg time="2024-04-09T01:54:12.046048" level="INFO">GET Request : url=https://randomuser.me/api 
 path_url=/api 
 headers={'User-Agent': 'python-requests/2.31.0', 'Accept-Encoding': 'gzip, deflate', 'Accept': '*/*', 'Connection': 'keep-alive'} 
 body=None 
 </msg>
<msg time="2024-04-09T01:54:12.046134" level="INFO">GET Response : url=https://randomuser.me/api 
 status=200, reason=OK 
 headers={'Date': 'Tue, 09 Apr 2024 01:54:12 GMT', 'Content-Type': 'application/json; charset=utf-8', 'Transfer-Encoding': 'chunked', 'Connection': 'keep-alive', 'X-Powered-By': 'Express', 'Access-Control-Allow-Origin': '*', 'Cache-Control': 'no-cache', 'ETag': 'W/"478-Wdez5bJ8Bpwm4VspUK+/mmYRu1Q"', 'Vary': 'Accept-Encoding', 'Content-Encoding': 'gzip', 'CF-Cache-Status': 'DYNAMIC', 'Report-To': '{"endpoints":[{"url":"https:\\/\\/a.nel.cloudflare.com\\/report\\/v4?s=Ny0FA4WaMBVbi4XZ5gKdBpbeaqb%2F9QXgUW2vgH5xucCQzqVuYPVen8qRbCrPGUz4i6VZ4FPtbPmMATIzx4QVRExBwL6U%2F1cwVdIX2MDqI5K7866obkcUFS6wsgC%2ByLO8"}],"group":"cf-nel","max_age":604800}', 'NEL': '{"success_fraction":0,"report_to":"cf-nel","max_age":604800}', 'Server': 'cloudflare', 'CF-RAY': '8716de29198d8f26-IAD', 'alt-svc': 'h3=":443"; ma=86400'} 
 body={"results":[{"gender":"male","name":{"title":"Mr","first":"Chaitanya","last":"Nair"},"location":{"street":{"number":4209,"name":"Naiduthota"},"city":"Ramgarh","state":"Delhi","country":"India","postcode":31199,"coordinates":{"latitude":"11.5329","longitude":"-33.1941"},"timezone":{"offset":"+6:00","description":"Almaty, Dhaka, Colombo"}},"email":"chaitanya.nair@example.com","login":{"uuid":"39c69c43-7638-4b4f-b8d7-41b615ed1b29","username":"smallladybug340","password":"lookin","salt":"BAoGSq08","md5":"24ba4d21445f66a9d5773bbdb06746fe","sha1":"aed060d981f65e24dbb87933fc0cb44dcc575d00","sha256":"8235457a5018f4ff8ad5fba7b61768609e3783b59acc1f8e250cbaa412e05e31"},"dob":{"date":"1950-09-22T15:30:16.061Z","age":73},"registered":{"date":"2017-01-25T11:24:09.861Z","age":7},"phone":"7398061615","cell":"7732902047","id":{"name":"UIDAI","value":"100510663855"},"picture":{"large":"https://randomuser.me/api/portraits/men/42.jpg","medium":"https://randomuser.me/api/portraits/med/men/42.jpg","thumbnail":"https://randomuser.me/api/portraits/thumb/men/42.jpg"},"nat":"IN"}],"info":{"seed":"318715e98a09d419","results":1,"page":1,"version":"1.4"}} 
 </msg>
<msg time="2024-04-09T01:54:12.046220" level="INFO">/opt/hostedtoolcache/Python/3.12.2/x64/lib/python3.12/site-packages/urllib3/connectionpool.py:1103: InsecureRequestWarning: Unverified HTTPS request is being made to host 'randomuser.me'. Adding certificate verification is strongly advised. See: https://urllib3.readthedocs.io/en/latest/advanced-usage.html#tls-warnings
  warnings.warn(</msg>
<msg time="2024-04-09T01:54:12.046330" level="INFO">${response} = &lt;Response [200]&gt;</msg>
<var>${response}</var>
<arg>consultarAPI</arg>
<arg>/api</arg>
<doc>Sends a GET request on a previously created HTTP Session.</doc>
<status status="PASS" start="2024-04-09T01:54:12.006468" elapsed="0.039897"/>
</kw>
<kw name="Set Variable" owner="BuiltIn">
<msg time="2024-04-09T01:54:12.047327" level="INFO">${json_data} = {'results': [{'gender': 'male', 'name': {'title': 'Mr', 'first': 'Chaitanya', 'last': 'Nair'}, 'location': {'street': {'number': 4209, 'name': 'Naiduthota'}, 'city': 'Ramgarh', 'state': 'Delhi', 'coun...</msg>
<var>${json_data}</var>
<arg>${response.json()}</arg>
<doc>Returns the given values which can then be assigned to a variables.</doc>
<status status="PASS" start="2024-04-09T01:54:12.046844" elapsed="0.000512"/>
</kw>
<kw name="Set Variable" owner="BuiltIn">
<msg time="2024-04-09T01:54:12.048046" level="INFO">${name_title} = Mr</msg>
<var>${name_title}</var>
<arg>${json_data["results"][0]["name"]["title"]}</arg>
<doc>Returns the given values which can then be assigned to a variables.</doc>
<status status="PASS" start="2024-04-09T01:54:12.047666" elapsed="0.000404"/>
</kw>
<kw name="Create List" owner="BuiltIn">
<msg time="2024-04-09T01:54:12.048515" level="INFO">${allowed_titles} = ['Mr', 'Ms', 'Miss', 'Mrs', 'Madame', 'Monsieur']</msg>
<var>${allowed_titles}</var>
<arg>Mr</arg>
<arg>Ms</arg>
<arg>Miss</arg>
<arg>Mrs</arg>
<arg>Madame</arg>
<arg>Monsieur</arg>
<doc>Returns a list containing given items.</doc>
<status status="PASS" start="2024-04-09T01:54:12.048368" elapsed="0.000171"/>
</kw>
<kw name="List Should Contain Value" owner="Collections">
<msg time="2024-04-09T01:54:12.049021" level="INFO">False</msg>
<arg>${allowed_titles}</arg>
<arg>${name_title}</arg>
<doc>Fails if the ``value`` is not found from ``list``.</doc>
<status status="PASS" start="2024-04-09T01:54:12.048849" elapsed="0.000208"/>
</kw>
<kw name="Set Variable" owner="BuiltIn">
<msg time="2024-04-09T01:54:12.049731" level="INFO">${name_country} = IN</msg>
<var>${name_country}</var>
<arg>${json_data["results"][0]["nat"]}</arg>
<doc>Returns the given values which can then be assigned to a variables.</doc>
<status status="PASS" start="2024-04-09T01:54:12.049348" elapsed="0.000408"/>
</kw>
<kw name="Create List" owner="BuiltIn">
<msg time="2024-04-09T01:54:12.050691" level="INFO">${list_country} = ['AD', 'AE', 'AF', 'AG', 'AI', 'AL', 'AM', 'AO', 'AQ', 'AR', 'AS', 'AT', 'AU', 'AW', 'AX', 'AZ', 'BA', 'BB', 'BD', 'BE', 'BF', 'BG', 'BH', 'BI', 'BJ', 'BL', 'BM', 'BN', 'BO', 'BQ', 'BR', 'BS', 'BT', '...</msg>
<var>${list_country}</var>
<arg>AD</arg>
<arg>AE</arg>
<arg>AF</arg>
<arg>AG</arg>
<arg>AI</arg>
<arg>AL</arg>
<arg>AM</arg>
<arg>AO</arg>
<arg>AQ</arg>
<arg>AR</arg>
<arg>AS</arg>
<arg>AT</arg>
<arg>AU</arg>
<arg>AW</arg>
<arg>AX</arg>
<arg>AZ</arg>
<arg>BA</arg>
<arg>BB</arg>
<arg>BD</arg>
<arg>BE</arg>
<arg>BF</arg>
<arg>BG</arg>
<arg>BH</arg>
<arg>BI</arg>
<arg>BJ</arg>
<arg>BL</arg>
<arg>BM</arg>
<arg>BN</arg>
<arg>BO</arg>
<arg>BQ</arg>
<arg>BR</arg>
<arg>BS</arg>
<arg>BT</arg>
<arg>BV</arg>
<arg>BW</arg>
<arg>BY</arg>
<arg>BZ</arg>
<arg>CA</arg>
<arg>CC</arg>
<arg>CD</arg>
<arg>CF</arg>
<arg>CG</arg>
<arg>CH</arg>
<arg>CI</arg>
<arg>CK</arg>
<arg>CL</arg>
<arg>CM</arg>
<arg>CN</arg>
<arg>CO</arg>
<arg>CR</arg>
<arg>CU</arg>
<arg>CV</arg>
<arg>CW</arg>
<arg>CX</arg>
<arg>CY</arg>
<arg>CZ</arg>
<arg>DE</arg>
<arg>DJ</arg>
<arg>DK</arg>
<arg>DM</arg>
<arg>DO</arg>
<arg>DZ</arg>
<arg>EC</arg>
<arg>EE</arg>
<arg>EG</arg>
<arg>EH</arg>
<arg>ER</arg>
<arg>ES</arg>
<arg>ET</arg>
<arg>FI</arg>
<arg>FJ</arg>
<arg>FK</arg>
<arg>FM</arg>
<arg>FO</arg>
<arg>FR</arg>
<arg>GA</arg>
<arg>GB</arg>
<arg>GD</arg>
<arg>GE</arg>
<arg>GF</arg>
<arg>GG</arg>
<arg>GH</arg>
<arg>GI</arg>
<arg>GL</arg>
<arg>GM</arg>
<arg>GN</arg>
<arg>GP</arg>
<arg>GQ</arg>
<arg>GR</arg>
<arg>GS</arg>
<arg>GT</arg>
<arg>GU</arg>
<arg>GW</arg>
<arg>GY</arg>
<arg>HK</arg>
<arg>HM</arg>
<arg>HN</arg>
<arg>HR</arg>
<arg>HT</arg>
<arg>HU</arg>
<arg>ID</arg>
<arg>IE</arg>
<arg>IL</arg>
<arg>IM</arg>
<arg>IN</arg>
<arg>IO</arg>
<arg>IQ</arg>
<arg>IR</arg>
<arg>IS</arg>
<arg>IT</arg>
<arg>JE</arg>
<arg>JM</arg>
<arg>JO</arg>
<arg>JP</arg>
<arg>KE</arg>
<arg>KG</arg>
<arg>KH</arg>
<arg>KI</arg>
<arg>KM</arg>
<arg>KN</arg>
<arg>KP</arg>
<arg>KR</arg>
<arg>KW</arg>
<arg>KY</arg>
<arg>KZ</arg>
<arg>LA</arg>
<arg>LB</arg>
<arg>LC</arg>
<arg>LI</arg>
<arg>LK</arg>
<arg>LR</arg>
<arg>LS</arg>
<arg>LT</arg>
<arg>LU</arg>
<arg>LV</arg>
<arg>LY</arg>
<arg>MA</arg>
<arg>MC</arg>
<arg>MD</arg>
<arg>ME</arg>
<arg>MF</arg>
<arg>MG</arg>
<arg>MH</arg>
<arg>MK</arg>
<arg>ML</arg>
<arg>MM</arg>
<arg>MN</arg>
<arg>MO</arg>
<arg>MP</arg>
<arg>MQ</arg>
<arg>MR</arg>
<arg>MS</arg>
<arg>MT</arg>
<arg>MU</arg>
<arg>MV</arg>
<arg>MW</arg>
<arg>MX</arg>
<arg>MY</arg>
<arg>MZ</arg>
<arg>NA</arg>
<arg>NC</arg>
<arg>NE</arg>
<arg>NF</arg>
<arg>NG</arg>
<arg>NI</arg>
<arg>NL</arg>
<arg>NO</arg>
<arg>NP</arg>
<arg>NR</arg>
<arg>NU</arg>
<arg>NZ</arg>
<arg>OM</arg>
<arg>PA</arg>
<arg>PE</arg>
<arg>PF</arg>
<arg>PG</arg>
<arg>PH</arg>
<arg>PK</arg>
<arg>PL</arg>
<arg>PM</arg>
<arg>PN</arg>
<arg>PR</arg>
<arg>PS</arg>
<arg>PT</arg>
<arg>PW</arg>
<arg>PY</arg>
<arg>QA</arg>
<arg>RE</arg>
<arg>RO</arg>
<arg>RS</arg>
<arg>RU</arg>
<arg>RW</arg>
<arg>SA</arg>
<arg>SB</arg>
<arg>SC</arg>
<arg>SD</arg>
<arg>SE</arg>
<arg>SG</arg>
<arg>SH</arg>
<arg>SI</arg>
<arg>SJ</arg>
<arg>SK</arg>
<arg>SL</arg>
<arg>SM</arg>
<arg>SN</arg>
<arg>SO</arg>
<arg>SR</arg>
<arg>SS</arg>
<arg>ST</arg>
<arg>SV</arg>
<arg>SX</arg>
<arg>SY</arg>
<arg>SZ</arg>
<arg>TC</arg>
<arg>TD</arg>
<arg>TF</arg>
<arg>TG</arg>
<arg>TH</arg>
<arg>TJ</arg>
<arg>TK</arg>
<arg>TL</arg>
<arg>TM</arg>
<arg>TN</arg>
<arg>TO</arg>
<arg>TR</arg>
<arg>TT</arg>
<arg>TV</arg>
<arg>TW</arg>
<arg>TZ</arg>
<arg>UA</arg>
<arg>UG</arg>
<arg>UM</arg>
<arg>US</arg>
<arg>UY</arg>
<arg>UZ</arg>
<arg>VA</arg>
<arg>VC</arg>
<arg>VE</arg>
<arg>VG</arg>
<arg>VI</arg>
<arg>VN</arg>
<arg>VU</arg>
<arg>WF</arg>
<arg>WS</arg>
<arg>XK</arg>
<arg>YE</arg>
<arg>YT</arg>
<arg>ZA</arg>
<arg>ZM</arg>
<arg>ZW</arg>
<doc>Returns a list containing given items.</doc>
<status status="PASS" start="2024-04-09T01:54:12.050058" elapsed="0.000659"/>
</kw>
<kw name="List Should Contain Value" owner="Collections">
<msg time="2024-04-09T01:54:12.051714" level="INFO">False</msg>
<arg>${list_country}</arg>
<arg>${name_country}</arg>
<doc>Fails if the ``value`` is not found from ``list``.</doc>
<status status="PASS" start="2024-04-09T01:54:12.051511" elapsed="0.000240"/>
</kw>
<kw name="Run Keyword If" owner="BuiltIn">
<kw name="Should Be True" owner="BuiltIn">
<arg>${True}</arg>
<doc>Fails if the given condition is not true.</doc>
<status status="PASS" start="2024-04-09T01:54:12.052937" elapsed="0.000145"/>
</kw>
<arg>${json_data["results"][0]["location"]["coordinates"]["latitude"]} &gt;= -90 and ${json_data["results"][0]["location"]["coordinates"]["latitude"]} &lt;= 90</arg>
<arg>Should Be True</arg>
<arg>${True}</arg>
<doc>Runs the given keyword with the given arguments, if ``condition`` is true.</doc>
<status status="PASS" start="2024-04-09T01:54:12.052060" elapsed="0.001151"/>
</kw>
<kw name="Run Keyword If" owner="BuiltIn">
<kw name="Should Be True" owner="BuiltIn">
<arg>${True}</arg>
<doc>Fails if the given condition is not true.</doc>
<status status="PASS" start="2024-04-09T01:54:12.054109" elapsed="0.000161"/>
</kw>
<arg>${json_data["results"][0]["location"]["coordinates"]["longitude"]} &gt;= -180 and ${json_data["results"][0]["location"]["coordinates"]["longitude"]} &lt;= 180</arg>
<arg>Should Be True</arg>
<arg>${True}</arg>
<doc>Runs the given keyword with the given arguments, if ``condition`` is true.</doc>
<status status="PASS" start="2024-04-09T01:54:12.053397" elapsed="0.001009"/>
</kw>
<status status="PASS" start="2024-04-09T01:54:12.006057" elapsed="0.048480"/>
</kw>
<doc>Testa o conteúdo específico dos campos retornados pela API.</doc>
<tag>testeConteudo</tag>
<status status="PASS" start="2024-04-09T01:54:12.005387" elapsed="0.049307"/>
</test>
<status status="PASS" start="2024-04-09T01:54:10.324495" elapsed="1.732102"/>
</suite>
<status status="PASS" start="2024-04-09T01:54:10.310721" elapsed="1.751148"/>
</suite>
<statistics>
<total>
<stat pass="5" fail="0" skip="0">All Tests</stat>
</total>
<tag>
<stat pass="1" fail="0" skip="0">testeConteudo</stat>
<stat pass="1" fail="0" skip="0">testeEstruturaResposta</stat>
<stat pass="1" fail="0" skip="0">testeRequisicaoBasica</stat>
<stat pass="1" fail="0" skip="0">testeTiposDados</stat>
</tag>
<suite>
<stat pass="5" fail="0" skip="0" id="s1" name="Tests">Tests</stat>
<stat pass="5" fail="0" skip="0" id="s1-s1" name="Random-User-Test">Tests.Random-User-Test</stat>
</suite>
</statistics>
<errors>
</errors>
</robot>
