<?xml version="1.0" encoding="UTF-8"?>
<robot generator="Robot 7.0 (Python 3.12.3 on linux)" generated="2024-06-07T10:15:52.906200" rpa="false" schemaversion="5">
<suite id="s1" name="Tests" source="/home/runner/work/ApiRandomUser/ApiRandomUser/RamdonUser/tests">
<suite id="s1-s1" name="Random-User-Test" source="/home/runner/work/ApiRandomUser/ApiRandomUser/RamdonUser/tests/random-user-test.robot">
<test id="s1-s1-t1" name="Conectar" line="13">
<kw name="Conectar API" owner="random-user-service">
<kw name="Create Session" owner="RequestsLibrary">
<msg time="2024-06-07T10:15:53.319748" level="INFO">Creating Session using : alias=consultarAPI, url=https://randomuser.me/, headers={},                     cookies={}, auth=None, timeout=None, proxies=None, verify=False,                     debug=0 </msg>
<arg>consultarAPI</arg>
<arg>${URL}</arg>
<doc>Create Session: create a HTTP session to a server</doc>
<status status="PASS" start="2024-06-07T10:15:53.319538" elapsed="0.000420"/>
</kw>
<status status="PASS" start="2024-06-07T10:15:53.318460" elapsed="0.001871"/>
</kw>
<status status="PASS" start="2024-06-07T10:15:53.317917" elapsed="0.002611"/>
</test>
<test id="s1-s1-t2" name="Validar retorno 200 e JSON Válido" line="16">
<kw name="Teste de Requisicao Basica" owner="random-user-service">
<kw name="GET On Session" owner="RequestsLibrary">
<msg time="2024-06-07T10:15:53.379502" level="INFO">GET Request : url=https://randomuser.me/api 
 path_url=/api 
 headers={'User-Agent': 'python-requests/2.32.3', 'Accept-Encoding': 'gzip, deflate', 'Accept': '*/*', 'Connection': 'keep-alive'} 
 body=None 
 </msg>
<msg time="2024-06-07T10:15:53.379679" level="INFO">GET Response : url=https://randomuser.me/api 
 status=200, reason=OK 
 headers={'Date': 'Fri, 07 Jun 2024 10:15:53 GMT', 'Content-Type': 'application/json; charset=utf-8', 'Transfer-Encoding': 'chunked', 'Connection': 'keep-alive', 'X-Powered-By': 'Express', 'Access-Control-Allow-Origin': '*', 'Cache-Control': 'no-cache', 'ETag': 'W/"493-LIwz3JmdMSKUDQ4WE7b/Cj7AV/Y"', 'Vary': 'Accept-Encoding', 'Content-Encoding': 'gzip', 'CF-Cache-Status': 'DYNAMIC', 'Report-To': '{"endpoints":[{"url":"https:\\/\\/a.nel.cloudflare.com\\/report\\/v4?s=o0UQLOv6MLVhp3P3MYbkHLg8bG2sK9EJhBkh2x1nebVe7Xk9HQijSyA7EJlgEwDDX50uIqWigjzl9%2BSkP2UEf%2F4FWiRD6j%2FLzFBPo6jIHaipMIiot%2Fz8LIghRuktJFgz"}],"group":"cf-nel","max_age":604800}', 'NEL': '{"success_fraction":0,"report_to":"cf-nel","max_age":604800}', 'Server': 'cloudflare', 'CF-RAY': '88ffe22e5942081e-IAD', 'alt-svc': 'h3=":443"; ma=86400'} 
 body={"results":[{"gender":"female","name":{"title":"Ms","first":"Elvira","last":"Salgado"},"location":{"street":{"number":7505,"name":"Privada Nevárez"},"city":"Xalatlaco","state":"Estado de Mexico","country":"Mexico","postcode":23127,"coordinates":{"latitude":"22.9171","longitude":"127.5058"},"timezone":{"offset":"-2:00","description":"Mid-Atlantic"}},"email":"elvira.salgado@example.com","login":{"uuid":"5de5cdf5-2857-43bb-9636-65d17840fe8b","username":"happygoose406","password":"cassidy","salt":"IwEoTRuB","md5":"17e418e8e4babdafdf7dcf88402b15be","sha1":"14dd86a59617cb2270d062670e96a1c8a7130bd9","sha256":"fde4f9eb63a329f253646db5694461cacc16b4bd1aba3af019e2a38f24d780cc"},"dob":{"date":"1991-02-03T22:27:23.346Z","age":33},"registered":{"date":"2004-05-17T01:12:34.374Z","age":20},"phone":"(652) 099 5630","cell":"(687) 665 6712","id":{"name":"NSS","value":"86 22 24 9989 1"},"picture":{"large":"https://randomuser.me/api/portraits/women/43.jpg","medium":"https://randomuser.me/api/portraits/med/women/43.jpg","thumbnail":"https://randomuser.me/api/portraits/thumb/women/43.jpg"},"nat":"MX"}],"info":{"seed":"950ff2d3ff04d7d2","results":1,"page":1,"version":"1.4"}} 
 </msg>
<msg time="2024-06-07T10:15:53.379775" level="INFO">/opt/hostedtoolcache/Python/3.12.3/x64/lib/python3.12/site-packages/urllib3/connectionpool.py:1103: InsecureRequestWarning: Unverified HTTPS request is being made to host 'randomuser.me'. Adding certificate verification is strongly advised. See: https://urllib3.readthedocs.io/en/latest/advanced-usage.html#tls-warnings
  warnings.warn(</msg>
<msg time="2024-06-07T10:15:53.379962" level="INFO">${response} = &lt;Response [200]&gt;</msg>
<var>${response}</var>
<arg>consultarAPI</arg>
<arg>/api</arg>
<doc>Sends a GET request on a previously created HTTP Session.</doc>
<status status="PASS" start="2024-06-07T10:15:53.323068" elapsed="0.056938"/>
</kw>
<kw name="Should Be Equal As Numbers" owner="BuiltIn">
<msg time="2024-06-07T10:15:53.380984" level="INFO">Argument types are:
&lt;class 'int'&gt;
&lt;class 'str'&gt;</msg>
<arg>${response.status_code}</arg>
<arg>200</arg>
<doc>Fails if objects are unequal after converting them to real numbers.</doc>
<status status="PASS" start="2024-06-07T10:15:53.380538" elapsed="0.000514"/>
</kw>
<kw name="Log" owner="BuiltIn">
<msg time="2024-06-07T10:15:53.381755" level="INFO">200</msg>
<arg>${response.status_code}</arg>
<doc>Logs the given message with the given level.</doc>
<status status="PASS" start="2024-06-07T10:15:53.381409" elapsed="0.000394"/>
</kw>
<kw name="Set Variable" owner="BuiltIn">
<msg time="2024-06-07T10:15:53.382560" level="INFO">${json_data} = {'results': [{'gender': 'female', 'name': {'title': 'Ms', 'first': 'Elvira', 'last': 'Salgado'}, 'location': {'street': {'number': 7505, 'name': 'Privada Nevárez'}, 'city': 'Xalatlaco', 'state': 'Esta...</msg>
<var>${json_data}</var>
<arg>${response.json()}</arg>
<doc>Returns the given values which can then be assigned to a variables.</doc>
<status status="PASS" start="2024-06-07T10:15:53.382112" elapsed="0.000480"/>
</kw>
<kw name="Dictionary Should Contain Key" owner="Collections">
<msg time="2024-06-07T10:15:53.383067" level="INFO">False</msg>
<arg>${json_data}</arg>
<arg>results</arg>
<doc>Fails if ``key`` is not found from ``dictionary``.</doc>
<status status="PASS" start="2024-06-07T10:15:53.382900" elapsed="0.000365"/>
</kw>
<status status="PASS" start="2024-06-07T10:15:53.322825" elapsed="0.060708"/>
</kw>
<doc>Testa se a API responde corretamente e retorna um objeto JSON válido.</doc>
<tag>testeRequisicaoBasica</tag>
<status status="PASS" start="2024-06-07T10:15:53.322381" elapsed="0.061337"/>
</test>
<test id="s1-s1-t3" name="Validar estrutura de resposta" line="22">
<kw name="Teste de Estrutura de Resposta" owner="random-user-service">
<kw name="GET On Session" owner="RequestsLibrary">
<msg time="2024-06-07T10:15:53.476722" level="INFO">GET Request : url=https://randomuser.me/api 
 path_url=/api 
 headers={'User-Agent': 'python-requests/2.32.3', 'Accept-Encoding': 'gzip, deflate', 'Accept': '*/*', 'Connection': 'keep-alive'} 
 body=None 
 </msg>
<msg time="2024-06-07T10:15:53.476836" level="INFO">GET Response : url=https://randomuser.me/api 
 status=200, reason=OK 
 headers={'Date': 'Fri, 07 Jun 2024 10:15:53 GMT', 'Content-Type': 'application/json; charset=utf-8', 'Transfer-Encoding': 'chunked', 'Connection': 'keep-alive', 'X-Powered-By': 'Express', 'Access-Control-Allow-Origin': '*', 'Cache-Control': 'no-cache', 'ETag': 'W/"4ad-tuJr8vH0hYLQ11sgpD7TW63hzms"', 'Vary': 'Accept-Encoding', 'Content-Encoding': 'gzip', 'CF-Cache-Status': 'DYNAMIC', 'Report-To': '{"endpoints":[{"url":"https:\\/\\/a.nel.cloudflare.com\\/report\\/v4?s=odx4OnHAsr35h2ZQSYVQx2jBKAbGMY97DHUEVkVeROGXMafSmvFWx%2Fo52rm%2BOfk8krRhSzwQEEwcVSmR3Yh6UdsO3HA5SY2EhRkqNbCZD%2BmQuAAXR4U7E3B%2By5DRKZIU"}],"group":"cf-nel","max_age":604800}', 'NEL': '{"success_fraction":0,"report_to":"cf-nel","max_age":604800}', 'Server': 'cloudflare', 'CF-RAY': '88ffe22ea9a6081e-IAD', 'alt-svc': 'h3=":443"; ma=86400'} 
 body={"results":[{"gender":"male","name":{"title":"Mr","first":"Kasper","last":"Peltonen"},"location":{"street":{"number":3248,"name":"Satakennankatu"},"city":"Vähäkyrö","state":"Central Ostrobothnia","country":"Finland","postcode":34706,"coordinates":{"latitude":"-24.1117","longitude":"-41.7970"},"timezone":{"offset":"-5:00","description":"Eastern Time (US &amp; Canada), Bogota, Lima"}},"email":"kasper.peltonen@example.com","login":{"uuid":"6b35cf14-729f-43c3-9bee-2bb3d525d5ad","username":"whitetiger249","password":"pooppoop","salt":"BjJ7pWmJ","md5":"4bd23a532c313ae5f08325256bc72716","sha1":"83baeda8a020ad0a65f4a1ccb1eb3e1c942f2fed","sha256":"32eb00ba7bd56db59a6d59abf98fbeb5714c4167d4098a8fea219706a0ccf804"},"dob":{"date":"1985-09-17T21:18:59.819Z","age":38},"registered":{"date":"2017-02-04T02:23:24.765Z","age":7},"phone":"08-313-836","cell":"048-813-33-19","id":{"name":"HETU","value":"NaNNA457undefined"},"picture":{"large":"https://randomuser.me/api/portraits/men/20.jpg","medium":"https://randomuser.me/api/portraits/med/men/20.jpg","thumbnail":"https://randomuser.me/api/portraits/thumb/men/20.jpg"},"nat":"FI"}],"info":{"seed":"f2c05913dec49c3e","results":1,"page":1,"version":"1.4"}} 
 </msg>
<msg time="2024-06-07T10:15:53.476992" level="INFO">/opt/hostedtoolcache/Python/3.12.3/x64/lib/python3.12/site-packages/urllib3/connectionpool.py:1103: InsecureRequestWarning: Unverified HTTPS request is being made to host 'randomuser.me'. Adding certificate verification is strongly advised. See: https://urllib3.readthedocs.io/en/latest/advanced-usage.html#tls-warnings
  warnings.warn(</msg>
<msg time="2024-06-07T10:15:53.477122" level="INFO">${response} = &lt;Response [200]&gt;</msg>
<var>${response}</var>
<arg>consultarAPI</arg>
<arg>/api</arg>
<doc>Sends a GET request on a previously created HTTP Session.</doc>
<status status="PASS" start="2024-06-07T10:15:53.386442" elapsed="0.090710"/>
</kw>
<kw name="Set Variable" owner="BuiltIn">
<msg time="2024-06-07T10:15:53.478275" level="INFO">${json_data} = {'results': [{'gender': 'male', 'name': {'title': 'Mr', 'first': 'Kasper', 'last': 'Peltonen'}, 'location': {'street': {'number': 3248, 'name': 'Satakennankatu'}, 'city': 'Vähäkyrö', 'state': 'Central...</msg>
<var>${json_data}</var>
<arg>${response.json()}</arg>
<doc>Returns the given values which can then be assigned to a variables.</doc>
<status status="PASS" start="2024-06-07T10:15:53.477745" elapsed="0.000562"/>
</kw>
<kw name="Log" owner="BuiltIn">
<msg time="2024-06-07T10:15:53.478784" level="INFO">{'results': [{'gender': 'male', 'name': {'title': 'Mr', 'first': 'Kasper', 'last': 'Peltonen'}, 'location': {'street': {'number': 3248, 'name': 'Satakennankatu'}, 'city': 'Vähäkyrö', 'state': 'Central Ostrobothnia', 'country': 'Finland', 'postcode': 34706, 'coordinates': {'latitude': '-24.1117', 'longitude': '-41.7970'}, 'timezone': {'offset': '-5:00', 'description': 'Eastern Time (US &amp; Canada), Bogota, Lima'}}, 'email': 'kasper.peltonen@example.com', 'login': {'uuid': '6b35cf14-729f-43c3-9bee-2bb3d525d5ad', 'username': 'whitetiger249', 'password': 'pooppoop', 'salt': 'BjJ7pWmJ', 'md5': '4bd23a532c313ae5f08325256bc72716', 'sha1': '83baeda8a020ad0a65f4a1ccb1eb3e1c942f2fed', 'sha256': '32eb00ba7bd56db59a6d59abf98fbeb5714c4167d4098a8fea219706a0ccf804'}, 'dob': {'date': '1985-09-17T21:18:59.819Z', 'age': 38}, 'registered': {'date': '2017-02-04T02:23:24.765Z', 'age': 7}, 'phone': '08-313-836', 'cell': '048-813-33-19', 'id': {'name': 'HETU', 'value': 'NaNNA457undefined'}, 'picture': {'large': 'https://randomuser.me/api/portraits/men/20.jpg', 'medium': 'https://randomuser.me/api/portraits/med/men/20.jpg', 'thumbnail': 'https://randomuser.me/api/portraits/thumb/men/20.jpg'}, 'nat': 'FI'}], 'info': {'seed': 'f2c05913dec49c3e', 'results': 1, 'page': 1, 'version': '1.4'}}</msg>
<arg>${json_data}</arg>
<doc>Logs the given message with the given level.</doc>
<status status="PASS" start="2024-06-07T10:15:53.478622" elapsed="0.000211"/>
</kw>
<kw name="Dictionary Should Contain Key" owner="Collections">
<msg time="2024-06-07T10:15:53.479293" level="INFO">False</msg>
<arg>${json_data}</arg>
<arg>results</arg>
<doc>Fails if ``key`` is not found from ``dictionary``.</doc>
<status status="PASS" start="2024-06-07T10:15:53.479130" elapsed="0.000200"/>
</kw>
<kw name="Should Not Be Empty" owner="BuiltIn">
<msg time="2024-06-07T10:15:53.479756" level="INFO">Length is 2.</msg>
<arg>${json_data}</arg>
<doc>Verifies that the given item is not empty.</doc>
<status status="PASS" start="2024-06-07T10:15:53.479626" elapsed="0.000208"/>
</kw>
<kw name="Create List" owner="BuiltIn">
<msg time="2024-06-07T10:15:53.480312" level="INFO">${expected_keys} = ['gender', 'name', 'location', 'email', 'login']</msg>
<var>${expected_keys}</var>
<arg>gender</arg>
<arg>name</arg>
<arg>location</arg>
<arg>email</arg>
<arg>login</arg>
<doc>Returns a list containing given items.</doc>
<status status="PASS" start="2024-06-07T10:15:53.480162" elapsed="0.000174"/>
</kw>
<for flavor="IN">
<iter>
<kw name="Dictionary Should Contain Key" owner="Collections">
<msg time="2024-06-07T10:15:53.481322" level="INFO">False</msg>
<arg>${json_data['results'][0]}</arg>
<arg>${key}</arg>
<doc>Fails if ``key`` is not found from ``dictionary``.</doc>
<status status="PASS" start="2024-06-07T10:15:53.480920" elapsed="0.000446"/>
</kw>
<kw name="Log" owner="BuiltIn">
<msg time="2024-06-07T10:15:53.482035" level="INFO">{'gender': 'male', 'name': {'title': 'Mr', 'first': 'Kasper', 'last': 'Peltonen'}, 'location': {'street': {'number': 3248, 'name': 'Satakennankatu'}, 'city': 'Vähäkyrö', 'state': 'Central Ostrobothnia', 'country': 'Finland', 'postcode': 34706, 'coordinates': {'latitude': '-24.1117', 'longitude': '-41.7970'}, 'timezone': {'offset': '-5:00', 'description': 'Eastern Time (US &amp; Canada), Bogota, Lima'}}, 'email': 'kasper.peltonen@example.com', 'login': {'uuid': '6b35cf14-729f-43c3-9bee-2bb3d525d5ad', 'username': 'whitetiger249', 'password': 'pooppoop', 'salt': 'BjJ7pWmJ', 'md5': '4bd23a532c313ae5f08325256bc72716', 'sha1': '83baeda8a020ad0a65f4a1ccb1eb3e1c942f2fed', 'sha256': '32eb00ba7bd56db59a6d59abf98fbeb5714c4167d4098a8fea219706a0ccf804'}, 'dob': {'date': '1985-09-17T21:18:59.819Z', 'age': 38}, 'registered': {'date': '2017-02-04T02:23:24.765Z', 'age': 7}, 'phone': '08-313-836', 'cell': '048-813-33-19', 'id': {'name': 'HETU', 'value': 'NaNNA457undefined'}, 'picture': {'large': 'https://randomuser.me/api/portraits/men/20.jpg', 'medium': 'https://randomuser.me/api/portraits/med/men/20.jpg', 'thumbnail': 'https://randomuser.me/api/portraits/thumb/men/20.jpg'}, 'nat': 'FI'}</msg>
<arg>${json_data['results'][0]}</arg>
<doc>Logs the given message with the given level.</doc>
<status status="PASS" start="2024-06-07T10:15:53.481669" elapsed="0.000429"/>
</kw>
<kw name="Log" owner="BuiltIn">
<msg time="2024-06-07T10:15:53.482534" level="INFO">gender</msg>
<arg>${key}</arg>
<doc>Logs the given message with the given level.</doc>
<status status="PASS" start="2024-06-07T10:15:53.482403" elapsed="0.000169"/>
</kw>
<var name="${key}">gender</var>
<status status="PASS" start="2024-06-07T10:15:53.480793" elapsed="0.001999"/>
</iter>
<iter>
<kw name="Dictionary Should Contain Key" owner="Collections">
<msg time="2024-06-07T10:15:53.483490" level="INFO">False</msg>
<arg>${json_data['results'][0]}</arg>
<arg>${key}</arg>
<doc>Fails if ``key`` is not found from ``dictionary``.</doc>
<status status="PASS" start="2024-06-07T10:15:53.483095" elapsed="0.000465"/>
</kw>
<kw name="Log" owner="BuiltIn">
<msg time="2024-06-07T10:15:53.484264" level="INFO">{'gender': 'male', 'name': {'title': 'Mr', 'first': 'Kasper', 'last': 'Peltonen'}, 'location': {'street': {'number': 3248, 'name': 'Satakennankatu'}, 'city': 'Vähäkyrö', 'state': 'Central Ostrobothnia', 'country': 'Finland', 'postcode': 34706, 'coordinates': {'latitude': '-24.1117', 'longitude': '-41.7970'}, 'timezone': {'offset': '-5:00', 'description': 'Eastern Time (US &amp; Canada), Bogota, Lima'}}, 'email': 'kasper.peltonen@example.com', 'login': {'uuid': '6b35cf14-729f-43c3-9bee-2bb3d525d5ad', 'username': 'whitetiger249', 'password': 'pooppoop', 'salt': 'BjJ7pWmJ', 'md5': '4bd23a532c313ae5f08325256bc72716', 'sha1': '83baeda8a020ad0a65f4a1ccb1eb3e1c942f2fed', 'sha256': '32eb00ba7bd56db59a6d59abf98fbeb5714c4167d4098a8fea219706a0ccf804'}, 'dob': {'date': '1985-09-17T21:18:59.819Z', 'age': 38}, 'registered': {'date': '2017-02-04T02:23:24.765Z', 'age': 7}, 'phone': '08-313-836', 'cell': '048-813-33-19', 'id': {'name': 'HETU', 'value': 'NaNNA457undefined'}, 'picture': {'large': 'https://randomuser.me/api/portraits/men/20.jpg', 'medium': 'https://randomuser.me/api/portraits/med/men/20.jpg', 'thumbnail': 'https://randomuser.me/api/portraits/thumb/men/20.jpg'}, 'nat': 'FI'}</msg>
<arg>${json_data['results'][0]}</arg>
<doc>Logs the given message with the given level.</doc>
<status status="PASS" start="2024-06-07T10:15:53.483897" elapsed="0.000419"/>
</kw>
<kw name="Log" owner="BuiltIn">
<msg time="2024-06-07T10:15:53.484745" level="INFO">name</msg>
<arg>${key}</arg>
<doc>Logs the given message with the given level.</doc>
<status status="PASS" start="2024-06-07T10:15:53.484618" elapsed="0.000164"/>
</kw>
<var name="${key}">name</var>
<status status="PASS" start="2024-06-07T10:15:53.482981" elapsed="0.002025"/>
</iter>
<iter>
<kw name="Dictionary Should Contain Key" owner="Collections">
<msg time="2024-06-07T10:15:53.485674" level="INFO">False</msg>
<arg>${json_data['results'][0]}</arg>
<arg>${key}</arg>
<doc>Fails if ``key`` is not found from ``dictionary``.</doc>
<status status="PASS" start="2024-06-07T10:15:53.485300" elapsed="0.000412"/>
</kw>
<kw name="Log" owner="BuiltIn">
<msg time="2024-06-07T10:15:53.486381" level="INFO">{'gender': 'male', 'name': {'title': 'Mr', 'first': 'Kasper', 'last': 'Peltonen'}, 'location': {'street': {'number': 3248, 'name': 'Satakennankatu'}, 'city': 'Vähäkyrö', 'state': 'Central Ostrobothnia', 'country': 'Finland', 'postcode': 34706, 'coordinates': {'latitude': '-24.1117', 'longitude': '-41.7970'}, 'timezone': {'offset': '-5:00', 'description': 'Eastern Time (US &amp; Canada), Bogota, Lima'}}, 'email': 'kasper.peltonen@example.com', 'login': {'uuid': '6b35cf14-729f-43c3-9bee-2bb3d525d5ad', 'username': 'whitetiger249', 'password': 'pooppoop', 'salt': 'BjJ7pWmJ', 'md5': '4bd23a532c313ae5f08325256bc72716', 'sha1': '83baeda8a020ad0a65f4a1ccb1eb3e1c942f2fed', 'sha256': '32eb00ba7bd56db59a6d59abf98fbeb5714c4167d4098a8fea219706a0ccf804'}, 'dob': {'date': '1985-09-17T21:18:59.819Z', 'age': 38}, 'registered': {'date': '2017-02-04T02:23:24.765Z', 'age': 7}, 'phone': '08-313-836', 'cell': '048-813-33-19', 'id': {'name': 'HETU', 'value': 'NaNNA457undefined'}, 'picture': {'large': 'https://randomuser.me/api/portraits/men/20.jpg', 'medium': 'https://randomuser.me/api/portraits/med/men/20.jpg', 'thumbnail': 'https://randomuser.me/api/portraits/thumb/men/20.jpg'}, 'nat': 'FI'}</msg>
<arg>${json_data['results'][0]}</arg>
<doc>Logs the given message with the given level.</doc>
<status status="PASS" start="2024-06-07T10:15:53.486016" elapsed="0.000418"/>
</kw>
<kw name="Log" owner="BuiltIn">
<msg time="2024-06-07T10:15:53.486869" level="INFO">location</msg>
<arg>${key}</arg>
<doc>Logs the given message with the given level.</doc>
<status status="PASS" start="2024-06-07T10:15:53.486742" elapsed="0.000166"/>
</kw>
<var name="${key}">location</var>
<status status="PASS" start="2024-06-07T10:15:53.485186" elapsed="0.001940"/>
</iter>
<iter>
<kw name="Dictionary Should Contain Key" owner="Collections">
<msg time="2024-06-07T10:15:53.487964" level="INFO">False</msg>
<arg>${json_data['results'][0]}</arg>
<arg>${key}</arg>
<doc>Fails if ``key`` is not found from ``dictionary``.</doc>
<status status="PASS" start="2024-06-07T10:15:53.487409" elapsed="0.000595"/>
</kw>
<kw name="Log" owner="BuiltIn">
<msg time="2024-06-07T10:15:53.488690" level="INFO">{'gender': 'male', 'name': {'title': 'Mr', 'first': 'Kasper', 'last': 'Peltonen'}, 'location': {'street': {'number': 3248, 'name': 'Satakennankatu'}, 'city': 'Vähäkyrö', 'state': 'Central Ostrobothnia', 'country': 'Finland', 'postcode': 34706, 'coordinates': {'latitude': '-24.1117', 'longitude': '-41.7970'}, 'timezone': {'offset': '-5:00', 'description': 'Eastern Time (US &amp; Canada), Bogota, Lima'}}, 'email': 'kasper.peltonen@example.com', 'login': {'uuid': '6b35cf14-729f-43c3-9bee-2bb3d525d5ad', 'username': 'whitetiger249', 'password': 'pooppoop', 'salt': 'BjJ7pWmJ', 'md5': '4bd23a532c313ae5f08325256bc72716', 'sha1': '83baeda8a020ad0a65f4a1ccb1eb3e1c942f2fed', 'sha256': '32eb00ba7bd56db59a6d59abf98fbeb5714c4167d4098a8fea219706a0ccf804'}, 'dob': {'date': '1985-09-17T21:18:59.819Z', 'age': 38}, 'registered': {'date': '2017-02-04T02:23:24.765Z', 'age': 7}, 'phone': '08-313-836', 'cell': '048-813-33-19', 'id': {'name': 'HETU', 'value': 'NaNNA457undefined'}, 'picture': {'large': 'https://randomuser.me/api/portraits/men/20.jpg', 'medium': 'https://randomuser.me/api/portraits/med/men/20.jpg', 'thumbnail': 'https://randomuser.me/api/portraits/thumb/men/20.jpg'}, 'nat': 'FI'}</msg>
<arg>${json_data['results'][0]}</arg>
<doc>Logs the given message with the given level.</doc>
<status status="PASS" start="2024-06-07T10:15:53.488314" elapsed="0.000452"/>
</kw>
<kw name="Log" owner="BuiltIn">
<msg time="2024-06-07T10:15:53.489212" level="INFO">email</msg>
<arg>${key}</arg>
<doc>Logs the given message with the given level.</doc>
<status status="PASS" start="2024-06-07T10:15:53.489076" elapsed="0.000174"/>
</kw>
<var name="${key}">email</var>
<status status="PASS" start="2024-06-07T10:15:53.487298" elapsed="0.002168"/>
</iter>
<iter>
<kw name="Dictionary Should Contain Key" owner="Collections">
<msg time="2024-06-07T10:15:53.490148" level="INFO">False</msg>
<arg>${json_data['results'][0]}</arg>
<arg>${key}</arg>
<doc>Fails if ``key`` is not found from ``dictionary``.</doc>
<status status="PASS" start="2024-06-07T10:15:53.489760" elapsed="0.000426"/>
</kw>
<kw name="Log" owner="BuiltIn">
<msg time="2024-06-07T10:15:53.490844" level="INFO">{'gender': 'male', 'name': {'title': 'Mr', 'first': 'Kasper', 'last': 'Peltonen'}, 'location': {'street': {'number': 3248, 'name': 'Satakennankatu'}, 'city': 'Vähäkyrö', 'state': 'Central Ostrobothnia', 'country': 'Finland', 'postcode': 34706, 'coordinates': {'latitude': '-24.1117', 'longitude': '-41.7970'}, 'timezone': {'offset': '-5:00', 'description': 'Eastern Time (US &amp; Canada), Bogota, Lima'}}, 'email': 'kasper.peltonen@example.com', 'login': {'uuid': '6b35cf14-729f-43c3-9bee-2bb3d525d5ad', 'username': 'whitetiger249', 'password': 'pooppoop', 'salt': 'BjJ7pWmJ', 'md5': '4bd23a532c313ae5f08325256bc72716', 'sha1': '83baeda8a020ad0a65f4a1ccb1eb3e1c942f2fed', 'sha256': '32eb00ba7bd56db59a6d59abf98fbeb5714c4167d4098a8fea219706a0ccf804'}, 'dob': {'date': '1985-09-17T21:18:59.819Z', 'age': 38}, 'registered': {'date': '2017-02-04T02:23:24.765Z', 'age': 7}, 'phone': '08-313-836', 'cell': '048-813-33-19', 'id': {'name': 'HETU', 'value': 'NaNNA457undefined'}, 'picture': {'large': 'https://randomuser.me/api/portraits/men/20.jpg', 'medium': 'https://randomuser.me/api/portraits/med/men/20.jpg', 'thumbnail': 'https://randomuser.me/api/portraits/thumb/men/20.jpg'}, 'nat': 'FI'}</msg>
<arg>${json_data['results'][0]}</arg>
<doc>Logs the given message with the given level.</doc>
<status status="PASS" start="2024-06-07T10:15:53.490483" elapsed="0.000412"/>
</kw>
<kw name="Log" owner="BuiltIn">
<msg time="2024-06-07T10:15:53.491345" level="INFO">login</msg>
<arg>${key}</arg>
<doc>Logs the given message with the given level.</doc>
<status status="PASS" start="2024-06-07T10:15:53.491215" elapsed="0.000167"/>
</kw>
<var name="${key}">login</var>
<status status="PASS" start="2024-06-07T10:15:53.489641" elapsed="0.001958"/>
</iter>
<var>${key}</var>
<value>@{expected_keys}</value>
<status status="PASS" start="2024-06-07T10:15:53.480598" elapsed="0.011123"/>
</for>
<kw name="Create List" owner="BuiltIn">
<msg time="2024-06-07T10:15:53.492110" level="INFO">${expected_keysTwo} = ['username', 'password']</msg>
<var>${expected_keysTwo}</var>
<arg>username</arg>
<arg>password</arg>
<doc>Returns a list containing given items.</doc>
<status status="PASS" start="2024-06-07T10:15:53.491970" elapsed="0.000163"/>
</kw>
<for flavor="IN">
<iter>
<kw name="Dictionary Should Contain Key" owner="Collections">
<msg time="2024-06-07T10:15:53.493007" level="INFO">False</msg>
<arg>${json_data['results'][0]['login']}</arg>
<arg>${keyTwo}</arg>
<doc>Fails if ``key`` is not found from ``dictionary``.</doc>
<status status="PASS" start="2024-06-07T10:15:53.492634" elapsed="0.000410"/>
</kw>
<kw name="Dictionary Should Contain Key" owner="Collections">
<msg time="2024-06-07T10:15:53.493708" level="INFO">False</msg>
<arg>${json_data['results'][0]['login']}</arg>
<arg>${keyTwo}</arg>
<doc>Fails if ``key`` is not found from ``dictionary``.</doc>
<status status="PASS" start="2024-06-07T10:15:53.493340" elapsed="0.000405"/>
</kw>
<kw name="Log" owner="BuiltIn">
<msg time="2024-06-07T10:15:53.494160" level="INFO">username</msg>
<arg>${keyTwo}</arg>
<doc>Logs the given message with the given level.</doc>
<status status="PASS" start="2024-06-07T10:15:53.494036" elapsed="0.000160"/>
</kw>
<var name="${keyTwo}">username</var>
<status status="PASS" start="2024-06-07T10:15:53.492525" elapsed="0.001883"/>
</iter>
<iter>
<kw name="Dictionary Should Contain Key" owner="Collections">
<msg time="2024-06-07T10:15:53.495072" level="INFO">False</msg>
<arg>${json_data['results'][0]['login']}</arg>
<arg>${keyTwo}</arg>
<doc>Fails if ``key`` is not found from ``dictionary``.</doc>
<status status="PASS" start="2024-06-07T10:15:53.494689" elapsed="0.000420"/>
</kw>
<kw name="Dictionary Should Contain Key" owner="Collections">
<msg time="2024-06-07T10:15:53.495776" level="INFO">False</msg>
<arg>${json_data['results'][0]['login']}</arg>
<arg>${keyTwo}</arg>
<doc>Fails if ``key`` is not found from ``dictionary``.</doc>
<status status="PASS" start="2024-06-07T10:15:53.495401" elapsed="0.000446"/>
</kw>
<kw name="Log" owner="BuiltIn">
<msg time="2024-06-07T10:15:53.496280" level="INFO">password</msg>
<arg>${keyTwo}</arg>
<doc>Logs the given message with the given level.</doc>
<status status="PASS" start="2024-06-07T10:15:53.496151" elapsed="0.000166"/>
</kw>
<var name="${keyTwo}">password</var>
<status status="PASS" start="2024-06-07T10:15:53.494579" elapsed="0.001954"/>
</iter>
<var>${keyTwo}</var>
<value>@{expected_keysTwo}</value>
<status status="PASS" start="2024-06-07T10:15:53.492371" elapsed="0.004281"/>
</for>
<status status="PASS" start="2024-06-07T10:15:53.386199" elapsed="0.110594"/>
</kw>
<doc>Testa a estrutura da resposta da API.</doc>
<tag>testeEstruturaResposta</tag>
<status status="PASS" start="2024-06-07T10:15:53.385605" elapsed="0.111344"/>
</test>
<test id="s1-s1-t4" name="Validar tipos de dados" line="28">
<kw name="Teste de Tipos de Dados" owner="random-user-service">
<kw name="GET On Session" owner="RequestsLibrary">
<msg time="2024-06-07T10:15:53.581353" level="INFO">GET Request : url=https://randomuser.me/api 
 path_url=/api 
 headers={'User-Agent': 'python-requests/2.32.3', 'Accept-Encoding': 'gzip, deflate', 'Accept': '*/*', 'Connection': 'keep-alive'} 
 body=None 
 </msg>
<msg time="2024-06-07T10:15:53.581448" level="INFO">GET Response : url=https://randomuser.me/api 
 status=200, reason=OK 
 headers={'Date': 'Fri, 07 Jun 2024 10:15:53 GMT', 'Content-Type': 'application/json; charset=utf-8', 'Transfer-Encoding': 'chunked', 'Connection': 'keep-alive', 'X-Powered-By': 'Express', 'Access-Control-Allow-Origin': '*', 'Cache-Control': 'no-cache', 'ETag': 'W/"491-pEZa9o/WyFRYmxBIKDXEmRmG69o"', 'Vary': 'Accept-Encoding', 'Content-Encoding': 'gzip', 'CF-Cache-Status': 'DYNAMIC', 'Report-To': '{"endpoints":[{"url":"https:\\/\\/a.nel.cloudflare.com\\/report\\/v4?s=N8jqdlRgG7rEPWbd1PwN3Vntt%2BZfmE2wZ6sZVMrPjI4n5S3GetV2ZkE0A3KTbZMSxTagvWfRgM1cDp%2BVO%2FtPbsFPMXSv5b%2BJC324FFL7MoOYu1YOyIT1KzUL2XNun1qS"}],"group":"cf-nel","max_age":604800}', 'NEL': '{"success_fraction":0,"report_to":"cf-nel","max_age":604800}', 'Server': 'cloudflare', 'CF-RAY': '88ffe22f6a95081e-IAD', 'alt-svc': 'h3=":443"; ma=86400'} 
 body={"results":[{"gender":"female","name":{"title":"Miss","first":"Ella","last":"Olsen"},"location":{"street":{"number":6698,"name":"Engdraget"},"city":"Kongens  Lyngby","state":"Midtjylland","country":"Denmark","postcode":96036,"coordinates":{"latitude":"-46.2111","longitude":"89.0733"},"timezone":{"offset":"+9:00","description":"Tokyo, Seoul, Osaka, Sapporo, Yakutsk"}},"email":"ella.olsen@example.com","login":{"uuid":"3a0ea266-f26b-4f22-8dfe-600b569d6b19","username":"tinygorilla115","password":"workout","salt":"hAU9jkpY","md5":"3b8db4ee33c7ffa582ecfc503b6509b6","sha1":"3a0ccb85d476a528cd10b81d1b17938d1e660d67","sha256":"8bb720f89644f1b9f85851fc8467d42bcd1841ed10e35555726377a3562045cf"},"dob":{"date":"1947-12-05T17:48:23.029Z","age":76},"registered":{"date":"2016-10-16T10:58:48.728Z","age":7},"phone":"35847153","cell":"72867097","id":{"name":"CPR","value":"051247-1449"},"picture":{"large":"https://randomuser.me/api/portraits/women/33.jpg","medium":"https://randomuser.me/api/portraits/med/women/33.jpg","thumbnail":"https://randomuser.me/api/portraits/thumb/women/33.jpg"},"nat":"DK"}],"info":{"seed":"d287b269a3973119","results":1,"page":1,"version":"1.4"}} 
 </msg>
<msg time="2024-06-07T10:15:53.581519" level="INFO">/opt/hostedtoolcache/Python/3.12.3/x64/lib/python3.12/site-packages/urllib3/connectionpool.py:1103: InsecureRequestWarning: Unverified HTTPS request is being made to host 'randomuser.me'. Adding certificate verification is strongly advised. See: https://urllib3.readthedocs.io/en/latest/advanced-usage.html#tls-warnings
  warnings.warn(</msg>
<msg time="2024-06-07T10:15:53.581637" level="INFO">${response} = &lt;Response [200]&gt;</msg>
<var>${response}</var>
<arg>consultarAPI</arg>
<arg>/api</arg>
<doc>Sends a GET request on a previously created HTTP Session.</doc>
<status status="PASS" start="2024-06-07T10:15:53.499539" elapsed="0.082138"/>
</kw>
<kw name="Set Variable" owner="BuiltIn">
<msg time="2024-06-07T10:15:53.582876" level="INFO">${json_data} = {'results': [{'gender': 'female', 'name': {'title': 'Miss', 'first': 'Ella', 'last': 'Olsen'}, 'location': {'street': {'number': 6698, 'name': 'Engdraget'}, 'city': 'Kongens  Lyngby', 'state': 'Midtjy...</msg>
<var>${json_data}</var>
<arg>${response.json()}</arg>
<doc>Returns the given values which can then be assigned to a variables.</doc>
<status status="PASS" start="2024-06-07T10:15:53.582305" elapsed="0.000599"/>
</kw>
<kw name="Log" owner="BuiltIn">
<msg time="2024-06-07T10:15:53.583379" level="INFO">{'results': [{'gender': 'female', 'name': {'title': 'Miss', 'first': 'Ella', 'last': 'Olsen'}, 'location': {'street': {'number': 6698, 'name': 'Engdraget'}, 'city': 'Kongens  Lyngby', 'state': 'Midtjylland', 'country': 'Denmark', 'postcode': 96036, 'coordinates': {'latitude': '-46.2111', 'longitude': '89.0733'}, 'timezone': {'offset': '+9:00', 'description': 'Tokyo, Seoul, Osaka, Sapporo, Yakutsk'}}, 'email': 'ella.olsen@example.com', 'login': {'uuid': '3a0ea266-f26b-4f22-8dfe-600b569d6b19', 'username': 'tinygorilla115', 'password': 'workout', 'salt': 'hAU9jkpY', 'md5': '3b8db4ee33c7ffa582ecfc503b6509b6', 'sha1': '3a0ccb85d476a528cd10b81d1b17938d1e660d67', 'sha256': '8bb720f89644f1b9f85851fc8467d42bcd1841ed10e35555726377a3562045cf'}, 'dob': {'date': '1947-12-05T17:48:23.029Z', 'age': 76}, 'registered': {'date': '2016-10-16T10:58:48.728Z', 'age': 7}, 'phone': '35847153', 'cell': '72867097', 'id': {'name': 'CPR', 'value': '051247-1449'}, 'picture': {'large': 'https://randomuser.me/api/portraits/women/33.jpg', 'medium': 'https://randomuser.me/api/portraits/med/women/33.jpg', 'thumbnail': 'https://randomuser.me/api/portraits/thumb/women/33.jpg'}, 'nat': 'DK'}], 'info': {'seed': 'd287b269a3973119', 'results': 1, 'page': 1, 'version': '1.4'}}</msg>
<arg>${json_data}</arg>
<doc>Logs the given message with the given level.</doc>
<status status="PASS" start="2024-06-07T10:15:53.583219" elapsed="0.000247"/>
</kw>
<kw name="Should Be String" owner="String">
<arg>${json_data['results'][0]['gender']}</arg>
<doc>Fails if the given ``item`` is not a string.</doc>
<status status="PASS" start="2024-06-07T10:15:53.583777" elapsed="0.000416"/>
</kw>
<kw name="Should Match Regexp" owner="BuiltIn">
<arg>${json_data['results'][0]['email']}</arg>
<arg>^[a-zA-Z0-9._%+-]+@[a-zA-Z0-9.-]+\.[a-zA-Z]{2,}$</arg>
<doc>Fails if ``string`` does not match ``pattern`` as a regular expression.</doc>
<status status="PASS" start="2024-06-07T10:15:53.584389" elapsed="0.000687"/>
</kw>
<kw name="Should Match Regexp" owner="BuiltIn">
<arg>${json_data['results'][0]['dob']['date']}</arg>
<arg>\\d{4}-\\d{2}-\\d{2}T\\d{2}:\\d{2}:\\d{2}\\.\\d{3}Z</arg>
<doc>Fails if ``string`` does not match ``pattern`` as a regular expression.</doc>
<status status="PASS" start="2024-06-07T10:15:53.585274" elapsed="0.000490"/>
</kw>
<kw name="Should Match Regexp" owner="BuiltIn">
<arg>${json_data['results'][0]['registered']['date']}</arg>
<arg>\\d{4}-\\d{2}-\\d{2}T\\d{2}:\\d{2}:\\d{2}\\.\\d{3}Z</arg>
<doc>Fails if ``string`` does not match ``pattern`` as a regular expression.</doc>
<status status="PASS" start="2024-06-07T10:15:53.585959" elapsed="0.000363"/>
</kw>
<kw name="Should Match Regexp" owner="BuiltIn">
<arg>${json_data['results'][0]['picture']['large']}</arg>
<arg>^https?://.*\.(?:png|jpe?g|gif|bmp)$</arg>
<doc>Fails if ``string`` does not match ``pattern`` as a regular expression.</doc>
<status status="PASS" start="2024-06-07T10:15:53.586509" elapsed="0.000457"/>
</kw>
<kw name="Should Match Regexp" owner="BuiltIn">
<arg>${json_data['results'][0]['picture']['medium']}</arg>
<arg>^https?://.*\.(?:png|jpe?g|gif|bmp)$</arg>
<doc>Fails if ``string`` does not match ``pattern`` as a regular expression.</doc>
<status status="PASS" start="2024-06-07T10:15:53.587157" elapsed="0.000348"/>
</kw>
<kw name="Should Match Regexp" owner="BuiltIn">
<arg>${json_data['results'][0]['picture']['thumbnail']}</arg>
<arg>^https?://.*\.(?:png|jpe?g|gif|bmp)$</arg>
<doc>Fails if ``string`` does not match ``pattern`` as a regular expression.</doc>
<status status="PASS" start="2024-06-07T10:15:53.587693" elapsed="0.000389"/>
</kw>
<kw name="Log" owner="BuiltIn">
<msg time="2024-06-07T10:15:53.588590" level="INFO">{'large': 'https://randomuser.me/api/portraits/women/33.jpg', 'medium': 'https://randomuser.me/api/portraits/med/women/33.jpg', 'thumbnail': 'https://randomuser.me/api/portraits/thumb/women/33.jpg'}</msg>
<arg>${json_data['results'][0]['picture']}</arg>
<doc>Logs the given message with the given level.</doc>
<status status="PASS" start="2024-06-07T10:15:53.588268" elapsed="0.000364"/>
</kw>
<status status="PASS" start="2024-06-07T10:15:53.499308" elapsed="0.089581"/>
</kw>
<kw name="Teste de Tipos de Dados - Postcode" owner="random-user-service">
<kw name="GET On Session" owner="RequestsLibrary">
<msg time="2024-06-07T10:15:53.684076" level="INFO">GET Request : url=https://randomuser.me/api 
 path_url=/api 
 headers={'User-Agent': 'python-requests/2.32.3', 'Accept-Encoding': 'gzip, deflate', 'Accept': '*/*', 'Connection': 'keep-alive'} 
 body=None 
 </msg>
<msg time="2024-06-07T10:15:53.684180" level="INFO">GET Response : url=https://randomuser.me/api 
 status=200, reason=OK 
 headers={'Date': 'Fri, 07 Jun 2024 10:15:53 GMT', 'Content-Type': 'application/json; charset=utf-8', 'Transfer-Encoding': 'chunked', 'Connection': 'keep-alive', 'X-Powered-By': 'Express', 'Access-Control-Allow-Origin': '*', 'Cache-Control': 'no-cache', 'ETag': 'W/"491-lcWpKuqae9r7t5PMKEfn8pg+BzI"', 'Vary': 'Accept-Encoding', 'Content-Encoding': 'gzip', 'CF-Cache-Status': 'DYNAMIC', 'Report-To': '{"endpoints":[{"url":"https:\\/\\/a.nel.cloudflare.com\\/report\\/v4?s=TaTfpMrVX2LK1iFDBrrHolpG8HB6n24nbfUW61abv1t8uxaIrFbREMY4IgqH4ELHl7neHAeRreTUs%2FWFAcAs%2B%2F38G0oNUwCZlCZbEhGtWIOX6%2F1PDBQ3v1qhi382jVrB"}],"group":"cf-nel","max_age":604800}', 'NEL': '{"success_fraction":0,"report_to":"cf-nel","max_age":604800}', 'Server': 'cloudflare', 'CF-RAY': '88ffe22ffb52081e-IAD', 'alt-svc': 'h3=":443"; ma=86400'} 
 body={"results":[{"gender":"female","name":{"title":"Mrs","first":"Asta","last":"Johansen"},"location":{"street":{"number":1441,"name":"Rørmosevej"},"city":"Hurup Thy","state":"Sjælland","country":"Denmark","postcode":98506,"coordinates":{"latitude":"-39.4238","longitude":"11.6285"},"timezone":{"offset":"+5:00","description":"Ekaterinburg, Islamabad, Karachi, Tashkent"}},"email":"asta.johansen@example.com","login":{"uuid":"145b2b5c-fc89-4476-9d4b-deabc57084a8","username":"sadsnake931","password":"cuervo","salt":"UGJpDz22","md5":"871c1d7795fdff9bd1d9824e3732543a","sha1":"1b20f54598be071406ca037a31d82096a3873ccc","sha256":"2cb312b5e7f4e0acad07e8829631b9f28e5acf7b603bff37b55e4738cc3455ee"},"dob":{"date":"1980-09-06T20:45:52.395Z","age":43},"registered":{"date":"2017-01-29T16:55:02.667Z","age":7},"phone":"34053654","cell":"50482164","id":{"name":"CPR","value":"060980-9373"},"picture":{"large":"https://randomuser.me/api/portraits/women/77.jpg","medium":"https://randomuser.me/api/portraits/med/women/77.jpg","thumbnail":"https://randomuser.me/api/portraits/thumb/women/77.jpg"},"nat":"DK"}],"info":{"seed":"4d91e4b0a99a9c9f","results":1,"page":1,"version":"1.4"}} 
 </msg>
<msg time="2024-06-07T10:15:53.684262" level="INFO">/opt/hostedtoolcache/Python/3.12.3/x64/lib/python3.12/site-packages/urllib3/connectionpool.py:1103: InsecureRequestWarning: Unverified HTTPS request is being made to host 'randomuser.me'. Adding certificate verification is strongly advised. See: https://urllib3.readthedocs.io/en/latest/advanced-usage.html#tls-warnings
  warnings.warn(</msg>
<msg time="2024-06-07T10:15:53.684404" level="INFO">${response} = &lt;Response [200]&gt;</msg>
<var>${response}</var>
<arg>consultarAPI</arg>
<arg>/api</arg>
<doc>Sends a GET request on a previously created HTTP Session.</doc>
<status status="PASS" start="2024-06-07T10:15:53.589342" elapsed="0.095101"/>
</kw>
<kw name="Set Variable" owner="BuiltIn">
<msg time="2024-06-07T10:15:53.685593" level="INFO">${json_data} = {'results': [{'gender': 'female', 'name': {'title': 'Mrs', 'first': 'Asta', 'last': 'Johansen'}, 'location': {'street': {'number': 1441, 'name': 'Rørmosevej'}, 'city': 'Hurup Thy', 'state': 'Sjælland'...</msg>
<var>${json_data}</var>
<arg>${response.json()}</arg>
<doc>Returns the given values which can then be assigned to a variables.</doc>
<status status="PASS" start="2024-06-07T10:15:53.685052" elapsed="0.000570"/>
</kw>
<kw name="Log" owner="BuiltIn">
<msg time="2024-06-07T10:15:53.686097" level="INFO">{'results': [{'gender': 'female', 'name': {'title': 'Mrs', 'first': 'Asta', 'last': 'Johansen'}, 'location': {'street': {'number': 1441, 'name': 'Rørmosevej'}, 'city': 'Hurup Thy', 'state': 'Sjælland', 'country': 'Denmark', 'postcode': 98506, 'coordinates': {'latitude': '-39.4238', 'longitude': '11.6285'}, 'timezone': {'offset': '+5:00', 'description': 'Ekaterinburg, Islamabad, Karachi, Tashkent'}}, 'email': 'asta.johansen@example.com', 'login': {'uuid': '145b2b5c-fc89-4476-9d4b-deabc57084a8', 'username': 'sadsnake931', 'password': 'cuervo', 'salt': 'UGJpDz22', 'md5': '871c1d7795fdff9bd1d9824e3732543a', 'sha1': '1b20f54598be071406ca037a31d82096a3873ccc', 'sha256': '2cb312b5e7f4e0acad07e8829631b9f28e5acf7b603bff37b55e4738cc3455ee'}, 'dob': {'date': '1980-09-06T20:45:52.395Z', 'age': 43}, 'registered': {'date': '2017-01-29T16:55:02.667Z', 'age': 7}, 'phone': '34053654', 'cell': '50482164', 'id': {'name': 'CPR', 'value': '060980-9373'}, 'picture': {'large': 'https://randomuser.me/api/portraits/women/77.jpg', 'medium': 'https://randomuser.me/api/portraits/med/women/77.jpg', 'thumbnail': 'https://randomuser.me/api/portraits/thumb/women/77.jpg'}, 'nat': 'DK'}], 'info': {'seed': '4d91e4b0a99a9c9f', 'results': 1, 'page': 1, 'version': '1.4'}}</msg>
<arg>${json_data}</arg>
<doc>Logs the given message with the given level.</doc>
<status status="PASS" start="2024-06-07T10:15:53.685937" elapsed="0.000243"/>
</kw>
<kw name="Should Be Equal As Numbers" owner="BuiltIn">
<arg>${json_data['results'][0]['location']['postcode']}</arg>
<arg>${json_data['results'][0]['location']['postcode']}</arg>
<doc>Fails if objects are unequal after converting them to real numbers.</doc>
<status status="PASS" start="2024-06-07T10:15:53.686502" elapsed="0.000625"/>
</kw>
<kw name="Log" owner="BuiltIn">
<msg time="2024-06-07T10:15:53.687666" level="INFO">98506</msg>
<arg>${json_data['results'][0]['location']['postcode']}</arg>
<doc>Logs the given message with the given level.</doc>
<status status="PASS" start="2024-06-07T10:15:53.687330" elapsed="0.000376"/>
</kw>
<status status="PASS" start="2024-06-07T10:15:53.589115" elapsed="0.098885"/>
</kw>
<doc>Testa se os tipos de dados na resposta da API estão corretos.</doc>
<tag>testeTiposDados</tag>
<status status="PASS" start="2024-06-07T10:15:53.498730" elapsed="0.189443"/>
</test>
<test id="s1-s1-t5" name="Validar conteudo" line="35">
<kw name="Teste de Tipos de Conteudo" owner="random-user-service">
<kw name="GET On Session" owner="RequestsLibrary">
<msg time="2024-06-07T10:15:53.777203" level="INFO">GET Request : url=https://randomuser.me/api 
 path_url=/api 
 headers={'User-Agent': 'python-requests/2.32.3', 'Accept-Encoding': 'gzip, deflate', 'Accept': '*/*', 'Connection': 'keep-alive'} 
 body=None 
 </msg>
<msg time="2024-06-07T10:15:53.777303" level="INFO">GET Response : url=https://randomuser.me/api 
 status=200, reason=OK 
 headers={'Date': 'Fri, 07 Jun 2024 10:15:53 GMT', 'Content-Type': 'application/json; charset=utf-8', 'Transfer-Encoding': 'chunked', 'Connection': 'keep-alive', 'X-Powered-By': 'Express', 'Access-Control-Allow-Origin': '*', 'Cache-Control': 'no-cache', 'ETag': 'W/"499-wll3ImJpPxCVafL57YTNMQwaKo4"', 'Vary': 'Accept-Encoding', 'Content-Encoding': 'gzip', 'CF-Cache-Status': 'DYNAMIC', 'Report-To': '{"endpoints":[{"url":"https:\\/\\/a.nel.cloudflare.com\\/report\\/v4?s=gOQnK%2Fde%2F7dlXKashLNBXbB1RXF7w8izGFxPVs6POyrsfYWb6Mf8sL0PFL95Mbl1AmLRaMk0V17O1DDV2ZMHhiZz5dhrr8z5vGy4esAl50a%2BbClYhYVpg%2Fz50EHeNd76"}],"group":"cf-nel","max_age":604800}', 'NEL': '{"success_fraction":0,"report_to":"cf-nel","max_age":604800}', 'Server': 'cloudflare', 'CF-RAY': '88ffe2309c0f081e-IAD', 'alt-svc': 'h3=":443"; ma=86400'} 
 body={"results":[{"gender":"female","name":{"title":"Mrs","first":"Inés","last":"López"},"location":{"street":{"number":7633,"name":"Ronda de Toledo"},"city":"Pamplona","state":"Canarias","country":"Spain","postcode":73812,"coordinates":{"latitude":"-32.4089","longitude":"32.0948"},"timezone":{"offset":"0:00","description":"Western Europe Time, London, Lisbon, Casablanca"}},"email":"ines.lopez@example.com","login":{"uuid":"6767cfa2-b074-41c4-b661-90f120007090","username":"bigmeercat119","password":"gracie","salt":"dEshXq7y","md5":"473a9e5c653b3425200fddb90c67114d","sha1":"bb424a3b8f91d598c22fdfb0129960ab03fefe0e","sha256":"dbfa97e935bd9ced5fe4baf3d703f0f2db5873a5ee7ff7537d1bce4e45efca0c"},"dob":{"date":"1998-05-28T18:19:33.071Z","age":26},"registered":{"date":"2004-05-03T13:39:53.412Z","age":20},"phone":"900-040-606","cell":"633-493-405","id":{"name":"DNI","value":"95020223-N"},"picture":{"large":"https://randomuser.me/api/portraits/women/14.jpg","medium":"https://randomuser.me/api/portraits/med/women/14.jpg","thumbnail":"https://randomuser.me/api/portraits/thumb/women/14.jpg"},"nat":"ES"}],"info":{"seed":"e1347ae76811dc61","results":1,"page":1,"version":"1.4"}} 
 </msg>
<msg time="2024-06-07T10:15:53.777384" level="INFO">/opt/hostedtoolcache/Python/3.12.3/x64/lib/python3.12/site-packages/urllib3/connectionpool.py:1103: InsecureRequestWarning: Unverified HTTPS request is being made to host 'randomuser.me'. Adding certificate verification is strongly advised. See: https://urllib3.readthedocs.io/en/latest/advanced-usage.html#tls-warnings
  warnings.warn(</msg>
<msg time="2024-06-07T10:15:53.777522" level="INFO">${response} = &lt;Response [200]&gt;</msg>
<var>${response}</var>
<arg>consultarAPI</arg>
<arg>/api</arg>
<doc>Sends a GET request on a previously created HTTP Session.</doc>
<status status="PASS" start="2024-06-07T10:15:53.690720" elapsed="0.086853"/>
</kw>
<kw name="Set Variable" owner="BuiltIn">
<msg time="2024-06-07T10:15:53.778688" level="INFO">${json_data} = {'results': [{'gender': 'female', 'name': {'title': 'Mrs', 'first': 'Inés', 'last': 'López'}, 'location': {'street': {'number': 7633, 'name': 'Ronda de Toledo'}, 'city': 'Pamplona', 'state': 'Canarias...</msg>
<var>${json_data}</var>
<arg>${response.json()}</arg>
<doc>Returns the given values which can then be assigned to a variables.</doc>
<status status="PASS" start="2024-06-07T10:15:53.778144" elapsed="0.000573"/>
</kw>
<kw name="Set Variable" owner="BuiltIn">
<msg time="2024-06-07T10:15:53.779402" level="INFO">${name_title} = Mrs</msg>
<var>${name_title}</var>
<arg>${json_data["results"][0]["name"]["title"]}</arg>
<doc>Returns the given values which can then be assigned to a variables.</doc>
<status status="PASS" start="2024-06-07T10:15:53.779023" elapsed="0.000405"/>
</kw>
<kw name="Create List" owner="BuiltIn">
<msg time="2024-06-07T10:15:53.779928" level="INFO">${allowed_titles} = ['Mr', 'Ms', 'Miss', 'Mrs', 'Madame', 'Monsieur']</msg>
<var>${allowed_titles}</var>
<arg>Mr</arg>
<arg>Ms</arg>
<arg>Miss</arg>
<arg>Mrs</arg>
<arg>Madame</arg>
<arg>Monsieur</arg>
<doc>Returns a list containing given items.</doc>
<status status="PASS" start="2024-06-07T10:15:53.779733" elapsed="0.000220"/>
</kw>
<kw name="List Should Contain Value" owner="Collections">
<msg time="2024-06-07T10:15:53.780438" level="INFO">False</msg>
<arg>${allowed_titles}</arg>
<arg>${name_title}</arg>
<doc>Fails if the ``value`` is not found from ``list``.</doc>
<status status="PASS" start="2024-06-07T10:15:53.780263" elapsed="0.000211"/>
</kw>
<kw name="Set Variable" owner="BuiltIn">
<msg time="2024-06-07T10:15:53.781310" level="INFO">${name_country} = ES</msg>
<var>${name_country}</var>
<arg>${json_data["results"][0]["nat"]}</arg>
<doc>Returns the given values which can then be assigned to a variables.</doc>
<status status="PASS" start="2024-06-07T10:15:53.780764" elapsed="0.000571"/>
</kw>
<kw name="Create List" owner="BuiltIn">
<msg time="2024-06-07T10:15:53.782242" level="INFO">${list_country} = ['AD', 'AE', 'AF', 'AG', 'AI', 'AL', 'AM', 'AO', 'AQ', 'AR', 'AS', 'AT', 'AU', 'AW', 'AX', 'AZ', 'BA', 'BB', 'BD', 'BE', 'BF', 'BG', 'BH', 'BI', 'BJ', 'BL', 'BM', 'BN', 'BO', 'BQ', 'BR', 'BS', 'BT', '...</msg>
<var>${list_country}</var>
<arg>AD</arg>
<arg>AE</arg>
<arg>AF</arg>
<arg>AG</arg>
<arg>AI</arg>
<arg>AL</arg>
<arg>AM</arg>
<arg>AO</arg>
<arg>AQ</arg>
<arg>AR</arg>
<arg>AS</arg>
<arg>AT</arg>
<arg>AU</arg>
<arg>AW</arg>
<arg>AX</arg>
<arg>AZ</arg>
<arg>BA</arg>
<arg>BB</arg>
<arg>BD</arg>
<arg>BE</arg>
<arg>BF</arg>
<arg>BG</arg>
<arg>BH</arg>
<arg>BI</arg>
<arg>BJ</arg>
<arg>BL</arg>
<arg>BM</arg>
<arg>BN</arg>
<arg>BO</arg>
<arg>BQ</arg>
<arg>BR</arg>
<arg>BS</arg>
<arg>BT</arg>
<arg>BV</arg>
<arg>BW</arg>
<arg>BY</arg>
<arg>BZ</arg>
<arg>CA</arg>
<arg>CC</arg>
<arg>CD</arg>
<arg>CF</arg>
<arg>CG</arg>
<arg>CH</arg>
<arg>CI</arg>
<arg>CK</arg>
<arg>CL</arg>
<arg>CM</arg>
<arg>CN</arg>
<arg>CO</arg>
<arg>CR</arg>
<arg>CU</arg>
<arg>CV</arg>
<arg>CW</arg>
<arg>CX</arg>
<arg>CY</arg>
<arg>CZ</arg>
<arg>DE</arg>
<arg>DJ</arg>
<arg>DK</arg>
<arg>DM</arg>
<arg>DO</arg>
<arg>DZ</arg>
<arg>EC</arg>
<arg>EE</arg>
<arg>EG</arg>
<arg>EH</arg>
<arg>ER</arg>
<arg>ES</arg>
<arg>ET</arg>
<arg>FI</arg>
<arg>FJ</arg>
<arg>FK</arg>
<arg>FM</arg>
<arg>FO</arg>
<arg>FR</arg>
<arg>GA</arg>
<arg>GB</arg>
<arg>GD</arg>
<arg>GE</arg>
<arg>GF</arg>
<arg>GG</arg>
<arg>GH</arg>
<arg>GI</arg>
<arg>GL</arg>
<arg>GM</arg>
<arg>GN</arg>
<arg>GP</arg>
<arg>GQ</arg>
<arg>GR</arg>
<arg>GS</arg>
<arg>GT</arg>
<arg>GU</arg>
<arg>GW</arg>
<arg>GY</arg>
<arg>HK</arg>
<arg>HM</arg>
<arg>HN</arg>
<arg>HR</arg>
<arg>HT</arg>
<arg>HU</arg>
<arg>ID</arg>
<arg>IE</arg>
<arg>IL</arg>
<arg>IM</arg>
<arg>IN</arg>
<arg>IO</arg>
<arg>IQ</arg>
<arg>IR</arg>
<arg>IS</arg>
<arg>IT</arg>
<arg>JE</arg>
<arg>JM</arg>
<arg>JO</arg>
<arg>JP</arg>
<arg>KE</arg>
<arg>KG</arg>
<arg>KH</arg>
<arg>KI</arg>
<arg>KM</arg>
<arg>KN</arg>
<arg>KP</arg>
<arg>KR</arg>
<arg>KW</arg>
<arg>KY</arg>
<arg>KZ</arg>
<arg>LA</arg>
<arg>LB</arg>
<arg>LC</arg>
<arg>LI</arg>
<arg>LK</arg>
<arg>LR</arg>
<arg>LS</arg>
<arg>LT</arg>
<arg>LU</arg>
<arg>LV</arg>
<arg>LY</arg>
<arg>MA</arg>
<arg>MC</arg>
<arg>MD</arg>
<arg>ME</arg>
<arg>MF</arg>
<arg>MG</arg>
<arg>MH</arg>
<arg>MK</arg>
<arg>ML</arg>
<arg>MM</arg>
<arg>MN</arg>
<arg>MO</arg>
<arg>MP</arg>
<arg>MQ</arg>
<arg>MR</arg>
<arg>MS</arg>
<arg>MT</arg>
<arg>MU</arg>
<arg>MV</arg>
<arg>MW</arg>
<arg>MX</arg>
<arg>MY</arg>
<arg>MZ</arg>
<arg>NA</arg>
<arg>NC</arg>
<arg>NE</arg>
<arg>NF</arg>
<arg>NG</arg>
<arg>NI</arg>
<arg>NL</arg>
<arg>NO</arg>
<arg>NP</arg>
<arg>NR</arg>
<arg>NU</arg>
<arg>NZ</arg>
<arg>OM</arg>
<arg>PA</arg>
<arg>PE</arg>
<arg>PF</arg>
<arg>PG</arg>
<arg>PH</arg>
<arg>PK</arg>
<arg>PL</arg>
<arg>PM</arg>
<arg>PN</arg>
<arg>PR</arg>
<arg>PS</arg>
<arg>PT</arg>
<arg>PW</arg>
<arg>PY</arg>
<arg>QA</arg>
<arg>RE</arg>
<arg>RO</arg>
<arg>RS</arg>
<arg>RU</arg>
<arg>RW</arg>
<arg>SA</arg>
<arg>SB</arg>
<arg>SC</arg>
<arg>SD</arg>
<arg>SE</arg>
<arg>SG</arg>
<arg>SH</arg>
<arg>SI</arg>
<arg>SJ</arg>
<arg>SK</arg>
<arg>SL</arg>
<arg>SM</arg>
<arg>SN</arg>
<arg>SO</arg>
<arg>SR</arg>
<arg>SS</arg>
<arg>ST</arg>
<arg>SV</arg>
<arg>SX</arg>
<arg>SY</arg>
<arg>SZ</arg>
<arg>TC</arg>
<arg>TD</arg>
<arg>TF</arg>
<arg>TG</arg>
<arg>TH</arg>
<arg>TJ</arg>
<arg>TK</arg>
<arg>TL</arg>
<arg>TM</arg>
<arg>TN</arg>
<arg>TO</arg>
<arg>TR</arg>
<arg>TT</arg>
<arg>TV</arg>
<arg>TW</arg>
<arg>TZ</arg>
<arg>UA</arg>
<arg>UG</arg>
<arg>UM</arg>
<arg>US</arg>
<arg>UY</arg>
<arg>UZ</arg>
<arg>VA</arg>
<arg>VC</arg>
<arg>VE</arg>
<arg>VG</arg>
<arg>VI</arg>
<arg>VN</arg>
<arg>VU</arg>
<arg>WF</arg>
<arg>WS</arg>
<arg>XK</arg>
<arg>YE</arg>
<arg>YT</arg>
<arg>ZA</arg>
<arg>ZM</arg>
<arg>ZW</arg>
<doc>Returns a list containing given items.</doc>
<status status="PASS" start="2024-06-07T10:15:53.781644" elapsed="0.000623"/>
</kw>
<kw name="List Should Contain Value" owner="Collections">
<msg time="2024-06-07T10:15:53.783253" level="INFO">False</msg>
<arg>${list_country}</arg>
<arg>${name_country}</arg>
<doc>Fails if the ``value`` is not found from ``list``.</doc>
<status status="PASS" start="2024-06-07T10:15:53.783053" elapsed="0.000235"/>
</kw>
<kw name="Run Keyword If" owner="BuiltIn">
<kw name="Should Be True" owner="BuiltIn">
<arg>${True}</arg>
<doc>Fails if the given condition is not true.</doc>
<status status="PASS" start="2024-06-07T10:15:53.784396" elapsed="0.000147"/>
</kw>
<arg>${json_data["results"][0]["location"]["coordinates"]["latitude"]} &gt;= -90 and ${json_data["results"][0]["location"]["coordinates"]["latitude"]} &lt;= 90</arg>
<arg>Should Be True</arg>
<arg>${True}</arg>
<doc>Runs the given keyword with the given arguments, if ``condition`` is true.</doc>
<status status="PASS" start="2024-06-07T10:15:53.783606" elapsed="0.001065"/>
</kw>
<kw name="Run Keyword If" owner="BuiltIn">
<kw name="Should Be True" owner="BuiltIn">
<arg>${True}</arg>
<doc>Fails if the given condition is not true.</doc>
<status status="PASS" start="2024-06-07T10:15:53.785550" elapsed="0.000137"/>
</kw>
<arg>${json_data["results"][0]["location"]["coordinates"]["longitude"]} &gt;= -180 and ${json_data["results"][0]["location"]["coordinates"]["longitude"]} &lt;= 180</arg>
<arg>Should Be True</arg>
<arg>${True}</arg>
<doc>Runs the given keyword with the given arguments, if ``condition`` is true.</doc>
<status status="PASS" start="2024-06-07T10:15:53.784863" elapsed="0.000946"/>
</kw>
<status status="PASS" start="2024-06-07T10:15:53.690485" elapsed="0.095453"/>
</kw>
<doc>Testa o conteúdo específico dos campos retornados pela API.</doc>
<tag>testeConteudo</tag>
<status status="PASS" start="2024-06-07T10:15:53.689923" elapsed="0.096164"/>
</test>
<status status="PASS" start="2024-06-07T10:15:52.963643" elapsed="0.824435"/>
</suite>
<status status="PASS" start="2024-06-07T10:15:52.950141" elapsed="0.843116"/>
</suite>
<statistics>
<total>
<stat pass="5" fail="0" skip="0">All Tests</stat>
</total>
<tag>
<stat pass="1" fail="0" skip="0">testeConteudo</stat>
<stat pass="1" fail="0" skip="0">testeEstruturaResposta</stat>
<stat pass="1" fail="0" skip="0">testeRequisicaoBasica</stat>
<stat pass="1" fail="0" skip="0">testeTiposDados</stat>
</tag>
<suite>
<stat pass="5" fail="0" skip="0" id="s1" name="Tests">Tests</stat>
<stat pass="5" fail="0" skip="0" id="s1-s1" name="Random-User-Test">Tests.Random-User-Test</stat>
</suite>
</statistics>
<errors>
</errors>
</robot>
